{"target": -13.401796244085027, "params": {"colsample_bytree": 0.7434319478378992, "eta": 0.0876915665323481, "gamma": 565.2331036674458, "max_depth": 5.0, "min_child_weight": 4440.728031117569, "num_boost_round": 25.0, "subsample": 0.12747267195526066}, "datetime": {"datetime": "2024-01-20 18:20:55", "elapsed": 14190.629878, "delta": 0.005716}}
{"target": -13.401948038868593, "params": {"colsample_bytree": 0.7434319478378992, "eta": 0.0876915665323481, "gamma": 565.2331036674458, "max_depth": 5.0, "min_child_weight": 4440.728031117569, "num_boost_round": 26.0, "subsample": 0.12747267195526066}, "datetime": {"datetime": "2024-01-20 18:20:55", "elapsed": 14190.635733, "delta": 0.005855}}
{"target": -13.402185185721866, "params": {"colsample_bytree": 0.7434319478378992, "eta": 0.0876915665323481, "gamma": 565.2331036674458, "max_depth": 5.0, "min_child_weight": 4440.728031117569, "num_boost_round": 27.0, "subsample": 0.12747267195526066}, "datetime": {"datetime": "2024-01-20 18:20:55", "elapsed": 14190.642323, "delta": 0.00659}}
{"target": -13.402497597838428, "params": {"colsample_bytree": 0.7434319478378992, "eta": 0.0876915665323481, "gamma": 565.2331036674458, "max_depth": 5.0, "min_child_weight": 4440.728031117569, "num_boost_round": 28.0, "subsample": 0.12747267195526066}, "datetime": {"datetime": "2024-01-20 18:20:55", "elapsed": 14190.648317, "delta": 0.005994}}
{"target": -13.403110349602406, "params": {"colsample_bytree": 0.7434319478378992, "eta": 0.0876915665323481, "gamma": 565.2331036674458, "max_depth": 5.0, "min_child_weight": 4440.728031117569, "num_boost_round": 29.0, "subsample": 0.12747267195526066}, "datetime": {"datetime": "2024-01-20 18:20:56", "elapsed": 14190.654288, "delta": 0.005971}}
{"target": -13.402835645393573, "params": {"colsample_bytree": 0.7434319478378992, "eta": 0.0876915665323481, "gamma": 565.2331036674458, "max_depth": 5.0, "min_child_weight": 4440.728031117569, "num_boost_round": 30.0, "subsample": 0.12747267195526066}, "datetime": {"datetime": "2024-01-20 18:20:56", "elapsed": 14190.660108, "delta": 0.00582}}
{"target": -13.403171183571633, "params": {"colsample_bytree": 0.7434319478378992, "eta": 0.0876915665323481, "gamma": 565.2331036674458, "max_depth": 5.0, "min_child_weight": 4440.728031117569, "num_boost_round": 31.0, "subsample": 0.12747267195526066}, "datetime": {"datetime": "2024-01-20 18:20:56", "elapsed": 14190.665943, "delta": 0.005835}}
{"target": -13.397847936520343, "params": {"colsample_bytree": 0.7309724078309752, "eta": 0.09213873221597592, "gamma": 266.1454416550952, "max_depth": 7.0, "min_child_weight": 4090.7972874079137, "num_boost_round": 1.0, "subsample": 0.9006720978096866}, "datetime": {"datetime": "2024-01-20 18:22:21", "elapsed": 14275.905851, "delta": 85.239908}}
{"target": -13.397560201396574, "params": {"colsample_bytree": 0.7309724078309752, "eta": 0.09213873221597592, "gamma": 266.1454416550952, "max_depth": 7.0, "min_child_weight": 4090.7972874079137, "num_boost_round": 2.0, "subsample": 0.9006720978096866}, "datetime": {"datetime": "2024-01-20 18:22:21", "elapsed": 14275.913264, "delta": 0.007413}}
{"target": -13.397758571832384, "params": {"colsample_bytree": 0.6947108049344974, "eta": 0.05460520762532306, "gamma": 182.4371092816217, "max_depth": 9.0, "min_child_weight": 4075.2436023120035, "num_boost_round": 1.0, "subsample": 0.5450002531838432}, "datetime": {"datetime": "2024-01-20 18:23:40", "elapsed": 14355.452266, "delta": 79.539002}}
{"target": -13.397696629726205, "params": {"colsample_bytree": 0.6947108049344974, "eta": 0.05460520762532306, "gamma": 182.4371092816217, "max_depth": 9.0, "min_child_weight": 4075.2436023120035, "num_boost_round": 2.0, "subsample": 0.5450002531838432}, "datetime": {"datetime": "2024-01-20 18:23:40", "elapsed": 14355.462762, "delta": 0.010496}}
{"target": -13.397761467083946, "params": {"colsample_bytree": 0.6947108049344974, "eta": 0.05460520762532306, "gamma": 182.4371092816217, "max_depth": 9.0, "min_child_weight": 4075.2436023120035, "num_boost_round": 3.0, "subsample": 0.5450002531838432}, "datetime": {"datetime": "2024-01-20 18:23:40", "elapsed": 14355.469458, "delta": 0.006696}}
{"target": -13.397782537848125, "params": {"colsample_bytree": 0.6947108049344974, "eta": 0.05460520762532306, "gamma": 182.4371092816217, "max_depth": 9.0, "min_child_weight": 4075.2436023120035, "num_boost_round": 4.0, "subsample": 0.5450002531838432}, "datetime": {"datetime": "2024-01-20 18:23:40", "elapsed": 14355.47508, "delta": 0.005622}}
{"target": -13.397410248726253, "params": {"colsample_bytree": 0.8926565821375746, "eta": 0.032614266635021545, "gamma": 280.1530815019676, "max_depth": 9.0, "min_child_weight": 4505.218544218239, "num_boost_round": 1.0, "subsample": 0.13852317980090445}, "datetime": {"datetime": "2024-01-20 18:26:09", "elapsed": 14504.200816, "delta": 148.725736}}
{"target": -13.39713379490249, "params": {"colsample_bytree": 0.8926565821375746, "eta": 0.032614266635021545, "gamma": 280.1530815019676, "max_depth": 9.0, "min_child_weight": 4505.218544218239, "num_boost_round": 2.0, "subsample": 0.13852317980090445}, "datetime": {"datetime": "2024-01-20 18:26:09", "elapsed": 14504.20767, "delta": 0.006854}}
{"target": -13.397234313167786, "params": {"colsample_bytree": 0.5913091234962076, "eta": 0.09990401196191176, "gamma": 304.5055369982301, "max_depth": 7.0, "min_child_weight": 4437.328301061038, "num_boost_round": 1.0, "subsample": 0.3293879960054078}, "datetime": {"datetime": "2024-01-20 18:27:08", "elapsed": 14563.385207, "delta": 59.177537}}
{"target": -13.396913641945481, "params": {"colsample_bytree": 0.5913091234962076, "eta": 0.09990401196191176, "gamma": 304.5055369982301, "max_depth": 7.0, "min_child_weight": 4437.328301061038, "num_boost_round": 2.0, "subsample": 0.3293879960054078}, "datetime": {"datetime": "2024-01-20 18:27:08", "elapsed": 14563.391909, "delta": 0.006702}}
{"target": -13.397021666413, "params": {"colsample_bytree": 0.5913091234962076, "eta": 0.09990401196191176, "gamma": 304.5055369982301, "max_depth": 7.0, "min_child_weight": 4437.328301061038, "num_boost_round": 3.0, "subsample": 0.3293879960054078}, "datetime": {"datetime": "2024-01-20 18:27:08", "elapsed": 14563.398108, "delta": 0.006199}}
{"target": -13.397902849050457, "params": {"colsample_bytree": 0.7083092241661977, "eta": 0.056636031187076843, "gamma": 316.406632304165, "max_depth": 2.0, "min_child_weight": 4508.920307292078, "num_boost_round": 1.0, "subsample": 0.6415578406171407}, "datetime": {"datetime": "2024-01-20 18:29:13", "elapsed": 14688.515836, "delta": 125.117728}}
{"target": -13.398218409223432, "params": {"colsample_bytree": 0.7083092241661977, "eta": 0.056636031187076843, "gamma": 316.406632304165, "max_depth": 2.0, "min_child_weight": 4508.920307292078, "num_boost_round": 2.0, "subsample": 0.6415578406171407}, "datetime": {"datetime": "2024-01-20 18:29:13", "elapsed": 14688.522518, "delta": 0.006682}}
{"target": -13.398420306224928, "params": {"colsample_bytree": 0.7083092241661977, "eta": 0.056636031187076843, "gamma": 316.406632304165, "max_depth": 2.0, "min_child_weight": 4508.920307292078, "num_boost_round": 3.0, "subsample": 0.6415578406171407}, "datetime": {"datetime": "2024-01-20 18:29:13", "elapsed": 14688.548922, "delta": 0.026404}}
{"target": -13.398685657875347, "params": {"colsample_bytree": 0.7083092241661977, "eta": 0.056636031187076843, "gamma": 316.406632304165, "max_depth": 2.0, "min_child_weight": 4508.920307292078, "num_boost_round": 4.0, "subsample": 0.6415578406171407}, "datetime": {"datetime": "2024-01-20 18:29:13", "elapsed": 14688.555133, "delta": 0.006211}}
{"target": -13.399062846802021, "params": {"colsample_bytree": 0.7083092241661977, "eta": 0.056636031187076843, "gamma": 316.406632304165, "max_depth": 2.0, "min_child_weight": 4508.920307292078, "num_boost_round": 5.0, "subsample": 0.6415578406171407}, "datetime": {"datetime": "2024-01-20 18:29:13", "elapsed": 14688.561023, "delta": 0.00589}}
{"target": -13.39950203342573, "params": {"colsample_bytree": 0.7083092241661977, "eta": 0.056636031187076843, "gamma": 316.406632304165, "max_depth": 2.0, "min_child_weight": 4508.920307292078, "num_boost_round": 6.0, "subsample": 0.6415578406171407}, "datetime": {"datetime": "2024-01-20 18:29:13", "elapsed": 14688.567164, "delta": 0.006141}}
{"target": -13.400077446796224, "params": {"colsample_bytree": 0.7083092241661977, "eta": 0.056636031187076843, "gamma": 316.406632304165, "max_depth": 2.0, "min_child_weight": 4508.920307292078, "num_boost_round": 7.0, "subsample": 0.6415578406171407}, "datetime": {"datetime": "2024-01-20 18:29:14", "elapsed": 14688.906706, "delta": 0.339542}}
{"target": -13.400588409347776, "params": {"colsample_bytree": 0.7083092241661977, "eta": 0.056636031187076843, "gamma": 316.406632304165, "max_depth": 2.0, "min_child_weight": 4508.920307292078, "num_boost_round": 8.0, "subsample": 0.6415578406171407}, "datetime": {"datetime": "2024-01-20 18:29:14", "elapsed": 14688.918166, "delta": 0.01146}}
{"target": -13.40076542847062, "params": {"colsample_bytree": 0.7083092241661977, "eta": 0.056636031187076843, "gamma": 316.406632304165, "max_depth": 2.0, "min_child_weight": 4508.920307292078, "num_boost_round": 9.0, "subsample": 0.6415578406171407}, "datetime": {"datetime": "2024-01-20 18:29:14", "elapsed": 14688.927805, "delta": 0.009639}}
{"target": -13.401040438021449, "params": {"colsample_bytree": 0.7083092241661977, "eta": 0.056636031187076843, "gamma": 316.406632304165, "max_depth": 2.0, "min_child_weight": 4508.920307292078, "num_boost_round": 10.0, "subsample": 0.6415578406171407}, "datetime": {"datetime": "2024-01-20 18:29:14", "elapsed": 14688.934646, "delta": 0.006841}}
{"target": -13.401504790469971, "params": {"colsample_bytree": 0.7083092241661977, "eta": 0.056636031187076843, "gamma": 316.406632304165, "max_depth": 2.0, "min_child_weight": 4508.920307292078, "num_boost_round": 11.0, "subsample": 0.6415578406171407}, "datetime": {"datetime": "2024-01-20 18:29:14", "elapsed": 14688.940652, "delta": 0.006006}}
{"target": -13.401996275860304, "params": {"colsample_bytree": 0.7083092241661977, "eta": 0.056636031187076843, "gamma": 316.406632304165, "max_depth": 2.0, "min_child_weight": 4508.920307292078, "num_boost_round": 12.0, "subsample": 0.6415578406171407}, "datetime": {"datetime": "2024-01-20 18:29:14", "elapsed": 14688.946714, "delta": 0.006062}}
{"target": -13.402235207059684, "params": {"colsample_bytree": 0.7083092241661977, "eta": 0.056636031187076843, "gamma": 316.406632304165, "max_depth": 2.0, "min_child_weight": 4508.920307292078, "num_boost_round": 13.0, "subsample": 0.6415578406171407}, "datetime": {"datetime": "2024-01-20 18:29:14", "elapsed": 14688.952757, "delta": 0.006043}}
{"target": -13.402428024161349, "params": {"colsample_bytree": 0.7083092241661977, "eta": 0.056636031187076843, "gamma": 316.406632304165, "max_depth": 2.0, "min_child_weight": 4508.920307292078, "num_boost_round": 14.0, "subsample": 0.6415578406171407}, "datetime": {"datetime": "2024-01-20 18:29:14", "elapsed": 14688.958747, "delta": 0.00599}}
{"target": -13.403072347159787, "params": {"colsample_bytree": 0.7083092241661977, "eta": 0.056636031187076843, "gamma": 316.406632304165, "max_depth": 2.0, "min_child_weight": 4508.920307292078, "num_boost_round": 15.0, "subsample": 0.6415578406171407}, "datetime": {"datetime": "2024-01-20 18:29:14", "elapsed": 14688.965214, "delta": 0.006467}}
{"target": -13.40368681842555, "params": {"colsample_bytree": 0.7083092241661977, "eta": 0.056636031187076843, "gamma": 316.406632304165, "max_depth": 2.0, "min_child_weight": 4508.920307292078, "num_boost_round": 16.0, "subsample": 0.6415578406171407}, "datetime": {"datetime": "2024-01-20 18:29:14", "elapsed": 14688.971225, "delta": 0.006011}}
{"target": -13.4042714911443, "params": {"colsample_bytree": 0.7083092241661977, "eta": 0.056636031187076843, "gamma": 316.406632304165, "max_depth": 2.0, "min_child_weight": 4508.920307292078, "num_boost_round": 17.0, "subsample": 0.6415578406171407}, "datetime": {"datetime": "2024-01-20 18:29:14", "elapsed": 14688.97731, "delta": 0.006085}}
{"target": -13.404669954367158, "params": {"colsample_bytree": 0.7083092241661977, "eta": 0.056636031187076843, "gamma": 316.406632304165, "max_depth": 2.0, "min_child_weight": 4508.920307292078, "num_boost_round": 18.0, "subsample": 0.6415578406171407}, "datetime": {"datetime": "2024-01-20 18:29:14", "elapsed": 14688.983827, "delta": 0.006517}}
{"target": -13.404903786799474, "params": {"colsample_bytree": 0.7083092241661977, "eta": 0.056636031187076843, "gamma": 316.406632304165, "max_depth": 2.0, "min_child_weight": 4508.920307292078, "num_boost_round": 19.0, "subsample": 0.6415578406171407}, "datetime": {"datetime": "2024-01-20 18:29:14", "elapsed": 14688.989811, "delta": 0.005984}}
{"target": -13.40502351687225, "params": {"colsample_bytree": 0.7083092241661977, "eta": 0.056636031187076843, "gamma": 316.406632304165, "max_depth": 2.0, "min_child_weight": 4508.920307292078, "num_boost_round": 20.0, "subsample": 0.6415578406171407}, "datetime": {"datetime": "2024-01-20 18:29:14", "elapsed": 14688.996586, "delta": 0.006775}}
{"target": -13.405315822048252, "params": {"colsample_bytree": 0.7083092241661977, "eta": 0.056636031187076843, "gamma": 316.406632304165, "max_depth": 2.0, "min_child_weight": 4508.920307292078, "num_boost_round": 21.0, "subsample": 0.6415578406171407}, "datetime": {"datetime": "2024-01-20 18:29:14", "elapsed": 14689.002724, "delta": 0.006138}}
{"target": -13.405381035116662, "params": {"colsample_bytree": 0.7083092241661977, "eta": 0.056636031187076843, "gamma": 316.406632304165, "max_depth": 2.0, "min_child_weight": 4508.920307292078, "num_boost_round": 22.0, "subsample": 0.6415578406171407}, "datetime": {"datetime": "2024-01-20 18:29:14", "elapsed": 14689.008786, "delta": 0.006062}}
{"target": -13.405819723095743, "params": {"colsample_bytree": 0.7083092241661977, "eta": 0.056636031187076843, "gamma": 316.406632304165, "max_depth": 2.0, "min_child_weight": 4508.920307292078, "num_boost_round": 23.0, "subsample": 0.6415578406171407}, "datetime": {"datetime": "2024-01-20 18:29:14", "elapsed": 14689.014954, "delta": 0.006168}}
{"target": -13.405987689067423, "params": {"colsample_bytree": 0.7083092241661977, "eta": 0.056636031187076843, "gamma": 316.406632304165, "max_depth": 2.0, "min_child_weight": 4508.920307292078, "num_boost_round": 24.0, "subsample": 0.6415578406171407}, "datetime": {"datetime": "2024-01-20 18:29:14", "elapsed": 14689.021, "delta": 0.006046}}
{"target": -13.40636526377259, "params": {"colsample_bytree": 0.7083092241661977, "eta": 0.056636031187076843, "gamma": 316.406632304165, "max_depth": 2.0, "min_child_weight": 4508.920307292078, "num_boost_round": 25.0, "subsample": 0.6415578406171407}, "datetime": {"datetime": "2024-01-20 18:29:14", "elapsed": 14689.027171, "delta": 0.006171}}
{"target": -13.406629687050376, "params": {"colsample_bytree": 0.7083092241661977, "eta": 0.056636031187076843, "gamma": 316.406632304165, "max_depth": 2.0, "min_child_weight": 4508.920307292078, "num_boost_round": 26.0, "subsample": 0.6415578406171407}, "datetime": {"datetime": "2024-01-20 18:29:14", "elapsed": 14689.033409, "delta": 0.006238}}
{"target": -13.406912049208909, "params": {"colsample_bytree": 0.7083092241661977, "eta": 0.056636031187076843, "gamma": 316.406632304165, "max_depth": 2.0, "min_child_weight": 4508.920307292078, "num_boost_round": 27.0, "subsample": 0.6415578406171407}, "datetime": {"datetime": "2024-01-20 18:29:14", "elapsed": 14689.039895, "delta": 0.006486}}
{"target": -13.407335247615542, "params": {"colsample_bytree": 0.7083092241661977, "eta": 0.056636031187076843, "gamma": 316.406632304165, "max_depth": 2.0, "min_child_weight": 4508.920307292078, "num_boost_round": 28.0, "subsample": 0.6415578406171407}, "datetime": {"datetime": "2024-01-20 18:29:14", "elapsed": 14689.046096, "delta": 0.006201}}
{"target": -13.4073437179185, "params": {"colsample_bytree": 0.7083092241661977, "eta": 0.056636031187076843, "gamma": 316.406632304165, "max_depth": 2.0, "min_child_weight": 4508.920307292078, "num_boost_round": 29.0, "subsample": 0.6415578406171407}, "datetime": {"datetime": "2024-01-20 18:29:14", "elapsed": 14689.052177, "delta": 0.006081}}
{"target": -13.407215964747156, "params": {"colsample_bytree": 0.7083092241661977, "eta": 0.056636031187076843, "gamma": 316.406632304165, "max_depth": 2.0, "min_child_weight": 4508.920307292078, "num_boost_round": 30.0, "subsample": 0.6415578406171407}, "datetime": {"datetime": "2024-01-20 18:29:14", "elapsed": 14689.058307, "delta": 0.00613}}
{"target": -13.406965114557838, "params": {"colsample_bytree": 0.7083092241661977, "eta": 0.056636031187076843, "gamma": 316.406632304165, "max_depth": 2.0, "min_child_weight": 4508.920307292078, "num_boost_round": 31.0, "subsample": 0.6415578406171407}, "datetime": {"datetime": "2024-01-20 18:29:14", "elapsed": 14689.0646, "delta": 0.006293}}
{"target": -13.407415329470764, "params": {"colsample_bytree": 0.7083092241661977, "eta": 0.056636031187076843, "gamma": 316.406632304165, "max_depth": 2.0, "min_child_weight": 4508.920307292078, "num_boost_round": 32.0, "subsample": 0.6415578406171407}, "datetime": {"datetime": "2024-01-20 18:29:14", "elapsed": 14689.070894, "delta": 0.006294}}
{"target": -13.407699323299765, "params": {"colsample_bytree": 0.7083092241661977, "eta": 0.056636031187076843, "gamma": 316.406632304165, "max_depth": 2.0, "min_child_weight": 4508.920307292078, "num_boost_round": 33.0, "subsample": 0.6415578406171407}, "datetime": {"datetime": "2024-01-20 18:29:14", "elapsed": 14689.077016, "delta": 0.006122}}
{"target": -13.408249457891056, "params": {"colsample_bytree": 0.7083092241661977, "eta": 0.056636031187076843, "gamma": 316.406632304165, "max_depth": 2.0, "min_child_weight": 4508.920307292078, "num_boost_round": 34.0, "subsample": 0.6415578406171407}, "datetime": {"datetime": "2024-01-20 18:29:14", "elapsed": 14689.083903, "delta": 0.006887}}
{"target": -13.408793570853192, "params": {"colsample_bytree": 0.7083092241661977, "eta": 0.056636031187076843, "gamma": 316.406632304165, "max_depth": 2.0, "min_child_weight": 4508.920307292078, "num_boost_round": 35.0, "subsample": 0.6415578406171407}, "datetime": {"datetime": "2024-01-20 18:29:14", "elapsed": 14689.09013, "delta": 0.006227}}
{"target": -13.40913152105703, "params": {"colsample_bytree": 0.7083092241661977, "eta": 0.056636031187076843, "gamma": 316.406632304165, "max_depth": 2.0, "min_child_weight": 4508.920307292078, "num_boost_round": 36.0, "subsample": 0.6415578406171407}, "datetime": {"datetime": "2024-01-20 18:29:14", "elapsed": 14689.096518, "delta": 0.006388}}
{"target": -13.409274302533905, "params": {"colsample_bytree": 0.7083092241661977, "eta": 0.056636031187076843, "gamma": 316.406632304165, "max_depth": 2.0, "min_child_weight": 4508.920307292078, "num_boost_round": 37.0, "subsample": 0.6415578406171407}, "datetime": {"datetime": "2024-01-20 18:29:14", "elapsed": 14689.102591, "delta": 0.006073}}
{"target": -13.409342868439412, "params": {"colsample_bytree": 0.7083092241661977, "eta": 0.056636031187076843, "gamma": 316.406632304165, "max_depth": 2.0, "min_child_weight": 4508.920307292078, "num_boost_round": 38.0, "subsample": 0.6415578406171407}, "datetime": {"datetime": "2024-01-20 18:29:14", "elapsed": 14689.108752, "delta": 0.006161}}
{"target": -13.409850620224017, "params": {"colsample_bytree": 0.7083092241661977, "eta": 0.056636031187076843, "gamma": 316.406632304165, "max_depth": 2.0, "min_child_weight": 4508.920307292078, "num_boost_round": 39.0, "subsample": 0.6415578406171407}, "datetime": {"datetime": "2024-01-20 18:29:14", "elapsed": 14689.115365, "delta": 0.006613}}
{"target": -13.410146041988284, "params": {"colsample_bytree": 0.7083092241661977, "eta": 0.056636031187076843, "gamma": 316.406632304165, "max_depth": 2.0, "min_child_weight": 4508.920307292078, "num_boost_round": 40.0, "subsample": 0.6415578406171407}, "datetime": {"datetime": "2024-01-20 18:29:14", "elapsed": 14689.122263, "delta": 0.006898}}
{"target": -13.410333182595114, "params": {"colsample_bytree": 0.7083092241661977, "eta": 0.056636031187076843, "gamma": 316.406632304165, "max_depth": 2.0, "min_child_weight": 4508.920307292078, "num_boost_round": 41.0, "subsample": 0.6415578406171407}, "datetime": {"datetime": "2024-01-20 18:29:14", "elapsed": 14689.132, "delta": 0.009737}}
{"target": -13.410629758654718, "params": {"colsample_bytree": 0.7083092241661977, "eta": 0.056636031187076843, "gamma": 316.406632304165, "max_depth": 2.0, "min_child_weight": 4508.920307292078, "num_boost_round": 42.0, "subsample": 0.6415578406171407}, "datetime": {"datetime": "2024-01-20 18:29:14", "elapsed": 14689.139991, "delta": 0.007991}}
{"target": -13.410798238414745, "params": {"colsample_bytree": 0.7083092241661977, "eta": 0.056636031187076843, "gamma": 316.406632304165, "max_depth": 2.0, "min_child_weight": 4508.920307292078, "num_boost_round": 43.0, "subsample": 0.6415578406171407}, "datetime": {"datetime": "2024-01-20 18:29:14", "elapsed": 14689.147364, "delta": 0.007373}}
{"target": -13.410924262861414, "params": {"colsample_bytree": 0.7083092241661977, "eta": 0.056636031187076843, "gamma": 316.406632304165, "max_depth": 2.0, "min_child_weight": 4508.920307292078, "num_boost_round": 44.0, "subsample": 0.6415578406171407}, "datetime": {"datetime": "2024-01-20 18:29:14", "elapsed": 14689.153693, "delta": 0.006329}}
{"target": -13.410966612793539, "params": {"colsample_bytree": 0.7083092241661977, "eta": 0.056636031187076843, "gamma": 316.406632304165, "max_depth": 2.0, "min_child_weight": 4508.920307292078, "num_boost_round": 45.0, "subsample": 0.6415578406171407}, "datetime": {"datetime": "2024-01-20 18:29:14", "elapsed": 14689.473342, "delta": 0.319649}}
