{"target": -12.341274918031743, "params": {"colsample_bytree": 0.8568478977843653, "eta": 0.04091653346312154, "gamma": 654.8571454572647, "max_depth": 5.0, "min_child_weight": 4231.569230560367, "num_boost_round": 32.0, "subsample": 0.6382529987167749}, "datetime": {"datetime": "2024-01-20 14:50:31", "elapsed": 1597.713135, "delta": 0.002615}}
{"target": -12.341658787864576, "params": {"colsample_bytree": 0.8568478977843653, "eta": 0.04091653346312154, "gamma": 654.8571454572647, "max_depth": 5.0, "min_child_weight": 4231.569230560367, "num_boost_round": 33.0, "subsample": 0.6382529987167749}, "datetime": {"datetime": "2024-01-20 14:50:31", "elapsed": 1597.715775, "delta": 0.00264}}
{"target": -12.34174775205915, "params": {"colsample_bytree": 0.8568478977843653, "eta": 0.04091653346312154, "gamma": 654.8571454572647, "max_depth": 5.0, "min_child_weight": 4231.569230560367, "num_boost_round": 34.0, "subsample": 0.6382529987167749}, "datetime": {"datetime": "2024-01-20 14:50:31", "elapsed": 1597.718545, "delta": 0.00277}}
{"target": -12.34196744923524, "params": {"colsample_bytree": 0.8568478977843653, "eta": 0.04091653346312154, "gamma": 654.8571454572647, "max_depth": 5.0, "min_child_weight": 4231.569230560367, "num_boost_round": 35.0, "subsample": 0.6382529987167749}, "datetime": {"datetime": "2024-01-20 14:50:31", "elapsed": 1597.721437, "delta": 0.002892}}
{"target": -12.356475387481035, "params": {"colsample_bytree": 0.6828894397726093, "eta": 0.08198106471701358, "gamma": 553.2700436407737, "max_depth": 7.0, "min_child_weight": 4236.988377098406, "num_boost_round": 1.0, "subsample": 0.8708646017233067}, "datetime": {"datetime": "2024-01-20 14:51:35", "elapsed": 1661.744547, "delta": 64.02311}}
{"target": -12.352414756866994, "params": {"colsample_bytree": 0.6828894397726093, "eta": 0.08198106471701358, "gamma": 553.2700436407737, "max_depth": 7.0, "min_child_weight": 4236.988377098406, "num_boost_round": 2.0, "subsample": 0.8708646017233067}, "datetime": {"datetime": "2024-01-20 14:51:35", "elapsed": 1661.748509, "delta": 0.003962}}
{"target": -12.349866127789925, "params": {"colsample_bytree": 0.6828894397726093, "eta": 0.08198106471701358, "gamma": 553.2700436407737, "max_depth": 7.0, "min_child_weight": 4236.988377098406, "num_boost_round": 3.0, "subsample": 0.8708646017233067}, "datetime": {"datetime": "2024-01-20 14:51:35", "elapsed": 1661.751353, "delta": 0.002844}}
{"target": -12.349868778172574, "params": {"colsample_bytree": 0.6828894397726093, "eta": 0.08198106471701358, "gamma": 553.2700436407737, "max_depth": 7.0, "min_child_weight": 4236.988377098406, "num_boost_round": 4.0, "subsample": 0.8708646017233067}, "datetime": {"datetime": "2024-01-20 14:51:35", "elapsed": 1661.754022, "delta": 0.002669}}
{"target": -12.34743240385834, "params": {"colsample_bytree": 0.6828894397726093, "eta": 0.08198106471701358, "gamma": 553.2700436407737, "max_depth": 7.0, "min_child_weight": 4236.988377098406, "num_boost_round": 5.0, "subsample": 0.8708646017233067}, "datetime": {"datetime": "2024-01-20 14:51:35", "elapsed": 1661.756664, "delta": 0.002642}}
{"target": -12.345337759348325, "params": {"colsample_bytree": 0.6828894397726093, "eta": 0.08198106471701358, "gamma": 553.2700436407737, "max_depth": 7.0, "min_child_weight": 4236.988377098406, "num_boost_round": 6.0, "subsample": 0.8708646017233067}, "datetime": {"datetime": "2024-01-20 14:51:35", "elapsed": 1661.759396, "delta": 0.002732}}
{"target": -12.344780389630092, "params": {"colsample_bytree": 0.6828894397726093, "eta": 0.08198106471701358, "gamma": 553.2700436407737, "max_depth": 7.0, "min_child_weight": 4236.988377098406, "num_boost_round": 7.0, "subsample": 0.8708646017233067}, "datetime": {"datetime": "2024-01-20 14:51:35", "elapsed": 1661.762106, "delta": 0.00271}}
{"target": -12.344310236345743, "params": {"colsample_bytree": 0.6828894397726093, "eta": 0.08198106471701358, "gamma": 553.2700436407737, "max_depth": 7.0, "min_child_weight": 4236.988377098406, "num_boost_round": 8.0, "subsample": 0.8708646017233067}, "datetime": {"datetime": "2024-01-20 14:51:35", "elapsed": 1661.764847, "delta": 0.002741}}
{"target": -12.343551294004897, "params": {"colsample_bytree": 0.6828894397726093, "eta": 0.08198106471701358, "gamma": 553.2700436407737, "max_depth": 7.0, "min_child_weight": 4236.988377098406, "num_boost_round": 9.0, "subsample": 0.8708646017233067}, "datetime": {"datetime": "2024-01-20 14:51:35", "elapsed": 1661.767549, "delta": 0.002702}}
{"target": -12.343893103827913, "params": {"colsample_bytree": 0.6828894397726093, "eta": 0.08198106471701358, "gamma": 553.2700436407737, "max_depth": 7.0, "min_child_weight": 4236.988377098406, "num_boost_round": 10.0, "subsample": 0.8708646017233067}, "datetime": {"datetime": "2024-01-20 14:51:35", "elapsed": 1661.770275, "delta": 0.002726}}
{"target": -12.343356401066334, "params": {"colsample_bytree": 0.6828894397726093, "eta": 0.08198106471701358, "gamma": 553.2700436407737, "max_depth": 7.0, "min_child_weight": 4236.988377098406, "num_boost_round": 11.0, "subsample": 0.8708646017233067}, "datetime": {"datetime": "2024-01-20 14:51:35", "elapsed": 1661.772899, "delta": 0.002624}}
{"target": -12.343318900997367, "params": {"colsample_bytree": 0.6828894397726093, "eta": 0.08198106471701358, "gamma": 553.2700436407737, "max_depth": 7.0, "min_child_weight": 4236.988377098406, "num_boost_round": 12.0, "subsample": 0.8708646017233067}, "datetime": {"datetime": "2024-01-20 14:51:35", "elapsed": 1661.775577, "delta": 0.002678}}
{"target": -12.34375472864715, "params": {"colsample_bytree": 0.6828894397726093, "eta": 0.08198106471701358, "gamma": 553.2700436407737, "max_depth": 7.0, "min_child_weight": 4236.988377098406, "num_boost_round": 13.0, "subsample": 0.8708646017233067}, "datetime": {"datetime": "2024-01-20 14:51:35", "elapsed": 1661.778286, "delta": 0.002709}}
{"target": -12.344560690314658, "params": {"colsample_bytree": 0.6828894397726093, "eta": 0.08198106471701358, "gamma": 553.2700436407737, "max_depth": 7.0, "min_child_weight": 4236.988377098406, "num_boost_round": 14.0, "subsample": 0.8708646017233067}, "datetime": {"datetime": "2024-01-20 14:51:35", "elapsed": 1661.780957, "delta": 0.002671}}
{"target": -12.345369131607145, "params": {"colsample_bytree": 0.6828894397726093, "eta": 0.08198106471701358, "gamma": 553.2700436407737, "max_depth": 7.0, "min_child_weight": 4236.988377098406, "num_boost_round": 15.0, "subsample": 0.8708646017233067}, "datetime": {"datetime": "2024-01-20 14:51:35", "elapsed": 1661.783635, "delta": 0.002678}}
{"target": -12.345822330225005, "params": {"colsample_bytree": 0.6828894397726093, "eta": 0.08198106471701358, "gamma": 553.2700436407737, "max_depth": 7.0, "min_child_weight": 4236.988377098406, "num_boost_round": 16.0, "subsample": 0.8708646017233067}, "datetime": {"datetime": "2024-01-20 14:51:35", "elapsed": 1661.786339, "delta": 0.002704}}
{"target": -12.346042180589931, "params": {"colsample_bytree": 0.6828894397726093, "eta": 0.08198106471701358, "gamma": 553.2700436407737, "max_depth": 7.0, "min_child_weight": 4236.988377098406, "num_boost_round": 17.0, "subsample": 0.8708646017233067}, "datetime": {"datetime": "2024-01-20 14:51:35", "elapsed": 1661.789014, "delta": 0.002675}}
{"target": -12.346026536971355, "params": {"colsample_bytree": 0.6828894397726093, "eta": 0.08198106471701358, "gamma": 553.2700436407737, "max_depth": 7.0, "min_child_weight": 4236.988377098406, "num_boost_round": 18.0, "subsample": 0.8708646017233067}, "datetime": {"datetime": "2024-01-20 14:51:35", "elapsed": 1661.791648, "delta": 0.002634}}
{"target": -12.346082796526177, "params": {"colsample_bytree": 0.6828894397726093, "eta": 0.08198106471701358, "gamma": 553.2700436407737, "max_depth": 7.0, "min_child_weight": 4236.988377098406, "num_boost_round": 19.0, "subsample": 0.8708646017233067}, "datetime": {"datetime": "2024-01-20 14:51:35", "elapsed": 1661.794504, "delta": 0.002856}}
{"target": -12.346619730842889, "params": {"colsample_bytree": 0.6828894397726093, "eta": 0.08198106471701358, "gamma": 553.2700436407737, "max_depth": 7.0, "min_child_weight": 4236.988377098406, "num_boost_round": 20.0, "subsample": 0.8708646017233067}, "datetime": {"datetime": "2024-01-20 14:51:35", "elapsed": 1661.797142, "delta": 0.002638}}
{"target": -12.347237386330704, "params": {"colsample_bytree": 0.6828894397726093, "eta": 0.08198106471701358, "gamma": 553.2700436407737, "max_depth": 7.0, "min_child_weight": 4236.988377098406, "num_boost_round": 21.0, "subsample": 0.8708646017233067}, "datetime": {"datetime": "2024-01-20 14:51:35", "elapsed": 1661.799793, "delta": 0.002651}}
{"target": -12.347928567727879, "params": {"colsample_bytree": 0.6828894397726093, "eta": 0.08198106471701358, "gamma": 553.2700436407737, "max_depth": 7.0, "min_child_weight": 4236.988377098406, "num_boost_round": 22.0, "subsample": 0.8708646017233067}, "datetime": {"datetime": "2024-01-20 14:51:35", "elapsed": 1661.802453, "delta": 0.00266}}
{"target": -12.348377568411633, "params": {"colsample_bytree": 0.6828894397726093, "eta": 0.08198106471701358, "gamma": 553.2700436407737, "max_depth": 7.0, "min_child_weight": 4236.988377098406, "num_boost_round": 23.0, "subsample": 0.8708646017233067}, "datetime": {"datetime": "2024-01-20 14:51:35", "elapsed": 1661.805104, "delta": 0.002651}}
{"target": -12.34879751150545, "params": {"colsample_bytree": 0.6828894397726093, "eta": 0.08198106471701358, "gamma": 553.2700436407737, "max_depth": 7.0, "min_child_weight": 4236.988377098406, "num_boost_round": 24.0, "subsample": 0.8708646017233067}, "datetime": {"datetime": "2024-01-20 14:51:35", "elapsed": 1661.807797, "delta": 0.002693}}
{"target": -12.349333190699916, "params": {"colsample_bytree": 0.6828894397726093, "eta": 0.08198106471701358, "gamma": 553.2700436407737, "max_depth": 7.0, "min_child_weight": 4236.988377098406, "num_boost_round": 25.0, "subsample": 0.8708646017233067}, "datetime": {"datetime": "2024-01-20 14:51:35", "elapsed": 1662.107064, "delta": 0.299267}}
{"target": -12.349235395201068, "params": {"colsample_bytree": 0.6828894397726093, "eta": 0.08198106471701358, "gamma": 553.2700436407737, "max_depth": 7.0, "min_child_weight": 4236.988377098406, "num_boost_round": 26.0, "subsample": 0.8708646017233067}, "datetime": {"datetime": "2024-01-20 14:51:35", "elapsed": 1662.11041, "delta": 0.003346}}
{"target": -12.349505366041797, "params": {"colsample_bytree": 0.6828894397726093, "eta": 0.08198106471701358, "gamma": 553.2700436407737, "max_depth": 7.0, "min_child_weight": 4236.988377098406, "num_boost_round": 27.0, "subsample": 0.8708646017233067}, "datetime": {"datetime": "2024-01-20 14:51:35", "elapsed": 1662.113483, "delta": 0.003073}}
{"target": -12.34920137133924, "params": {"colsample_bytree": 0.6828894397726093, "eta": 0.08198106471701358, "gamma": 553.2700436407737, "max_depth": 7.0, "min_child_weight": 4236.988377098406, "num_boost_round": 28.0, "subsample": 0.8708646017233067}, "datetime": {"datetime": "2024-01-20 14:51:35", "elapsed": 1662.116403, "delta": 0.00292}}
{"target": -12.349605480650375, "params": {"colsample_bytree": 0.6828894397726093, "eta": 0.08198106471701358, "gamma": 553.2700436407737, "max_depth": 7.0, "min_child_weight": 4236.988377098406, "num_boost_round": 29.0, "subsample": 0.8708646017233067}, "datetime": {"datetime": "2024-01-20 14:51:35", "elapsed": 1662.119896, "delta": 0.003493}}
{"target": -12.350133238528349, "params": {"colsample_bytree": 0.6828894397726093, "eta": 0.08198106471701358, "gamma": 553.2700436407737, "max_depth": 7.0, "min_child_weight": 4236.988377098406, "num_boost_round": 30.0, "subsample": 0.8708646017233067}, "datetime": {"datetime": "2024-01-20 14:51:35", "elapsed": 1662.123061, "delta": 0.003165}}
{"target": -12.351147356701237, "params": {"colsample_bytree": 0.6828894397726093, "eta": 0.08198106471701358, "gamma": 553.2700436407737, "max_depth": 7.0, "min_child_weight": 4236.988377098406, "num_boost_round": 31.0, "subsample": 0.8708646017233067}, "datetime": {"datetime": "2024-01-20 14:51:35", "elapsed": 1662.128197, "delta": 0.005136}}
{"target": -12.351815579452783, "params": {"colsample_bytree": 0.6828894397726093, "eta": 0.08198106471701358, "gamma": 553.2700436407737, "max_depth": 7.0, "min_child_weight": 4236.988377098406, "num_boost_round": 32.0, "subsample": 0.8708646017233067}, "datetime": {"datetime": "2024-01-20 14:51:35", "elapsed": 1662.133039, "delta": 0.004842}}
{"target": -12.352002271527404, "params": {"colsample_bytree": 0.6828894397726093, "eta": 0.08198106471701358, "gamma": 553.2700436407737, "max_depth": 7.0, "min_child_weight": 4236.988377098406, "num_boost_round": 33.0, "subsample": 0.8708646017233067}, "datetime": {"datetime": "2024-01-20 14:51:35", "elapsed": 1662.136901, "delta": 0.003862}}
{"target": -12.352120355043361, "params": {"colsample_bytree": 0.6828894397726093, "eta": 0.08198106471701358, "gamma": 553.2700436407737, "max_depth": 7.0, "min_child_weight": 4236.988377098406, "num_boost_round": 34.0, "subsample": 0.8708646017233067}, "datetime": {"datetime": "2024-01-20 14:51:35", "elapsed": 1662.14127, "delta": 0.004369}}
{"target": -12.35245629565499, "params": {"colsample_bytree": 0.6828894397726093, "eta": 0.08198106471701358, "gamma": 553.2700436407737, "max_depth": 7.0, "min_child_weight": 4236.988377098406, "num_boost_round": 35.0, "subsample": 0.8708646017233067}, "datetime": {"datetime": "2024-01-20 14:51:35", "elapsed": 1662.145675, "delta": 0.004405}}
{"target": -12.3528603037491, "params": {"colsample_bytree": 0.6828894397726093, "eta": 0.08198106471701358, "gamma": 553.2700436407737, "max_depth": 7.0, "min_child_weight": 4236.988377098406, "num_boost_round": 36.0, "subsample": 0.8708646017233067}, "datetime": {"datetime": "2024-01-20 14:51:35", "elapsed": 1662.149067, "delta": 0.003392}}
{"target": -12.35315221559675, "params": {"colsample_bytree": 0.6828894397726093, "eta": 0.08198106471701358, "gamma": 553.2700436407737, "max_depth": 7.0, "min_child_weight": 4236.988377098406, "num_boost_round": 37.0, "subsample": 0.8708646017233067}, "datetime": {"datetime": "2024-01-20 14:51:35", "elapsed": 1662.152026, "delta": 0.002959}}
{"target": -12.35363522157439, "params": {"colsample_bytree": 0.6828894397726093, "eta": 0.08198106471701358, "gamma": 553.2700436407737, "max_depth": 7.0, "min_child_weight": 4236.988377098406, "num_boost_round": 38.0, "subsample": 0.8708646017233067}, "datetime": {"datetime": "2024-01-20 14:51:35", "elapsed": 1662.154909, "delta": 0.002883}}
{"target": -12.353919035044779, "params": {"colsample_bytree": 0.6828894397726093, "eta": 0.08198106471701358, "gamma": 553.2700436407737, "max_depth": 7.0, "min_child_weight": 4236.988377098406, "num_boost_round": 39.0, "subsample": 0.8708646017233067}, "datetime": {"datetime": "2024-01-20 14:51:35", "elapsed": 1662.157795, "delta": 0.002886}}
{"target": -12.354039760690252, "params": {"colsample_bytree": 0.6828894397726093, "eta": 0.08198106471701358, "gamma": 553.2700436407737, "max_depth": 7.0, "min_child_weight": 4236.988377098406, "num_boost_round": 40.0, "subsample": 0.8708646017233067}, "datetime": {"datetime": "2024-01-20 14:51:35", "elapsed": 1662.160706, "delta": 0.002911}}
{"target": -12.354390245543478, "params": {"colsample_bytree": 0.6828894397726093, "eta": 0.08198106471701358, "gamma": 553.2700436407737, "max_depth": 7.0, "min_child_weight": 4236.988377098406, "num_boost_round": 41.0, "subsample": 0.8708646017233067}, "datetime": {"datetime": "2024-01-20 14:51:35", "elapsed": 1662.163587, "delta": 0.002881}}
{"target": -12.354989901198254, "params": {"colsample_bytree": 0.6828894397726093, "eta": 0.08198106471701358, "gamma": 553.2700436407737, "max_depth": 7.0, "min_child_weight": 4236.988377098406, "num_boost_round": 42.0, "subsample": 0.8708646017233067}, "datetime": {"datetime": "2024-01-20 14:51:35", "elapsed": 1662.16646, "delta": 0.002873}}
{"target": -12.355234765239203, "params": {"colsample_bytree": 0.6828894397726093, "eta": 0.08198106471701358, "gamma": 553.2700436407737, "max_depth": 7.0, "min_child_weight": 4236.988377098406, "num_boost_round": 43.0, "subsample": 0.8708646017233067}, "datetime": {"datetime": "2024-01-20 14:51:35", "elapsed": 1662.169334, "delta": 0.002874}}
{"target": -12.356258670862276, "params": {"colsample_bytree": 0.6828894397726093, "eta": 0.08198106471701358, "gamma": 553.2700436407737, "max_depth": 7.0, "min_child_weight": 4236.988377098406, "num_boost_round": 44.0, "subsample": 0.8708646017233067}, "datetime": {"datetime": "2024-01-20 14:51:35", "elapsed": 1662.17218, "delta": 0.002846}}
{"target": -12.356853315981146, "params": {"colsample_bytree": 0.6828894397726093, "eta": 0.08198106471701358, "gamma": 553.2700436407737, "max_depth": 7.0, "min_child_weight": 4236.988377098406, "num_boost_round": 45.0, "subsample": 0.8708646017233067}, "datetime": {"datetime": "2024-01-20 14:51:35", "elapsed": 1662.175118, "delta": 0.002938}}
{"target": -12.357387293320283, "params": {"colsample_bytree": 0.6828894397726093, "eta": 0.08198106471701358, "gamma": 553.2700436407737, "max_depth": 7.0, "min_child_weight": 4236.988377098406, "num_boost_round": 46.0, "subsample": 0.8708646017233067}, "datetime": {"datetime": "2024-01-20 14:51:35", "elapsed": 1662.178018, "delta": 0.0029}}
{"target": -12.358540073094685, "params": {"colsample_bytree": 0.6828894397726093, "eta": 0.08198106471701358, "gamma": 553.2700436407737, "max_depth": 7.0, "min_child_weight": 4236.988377098406, "num_boost_round": 47.0, "subsample": 0.8708646017233067}, "datetime": {"datetime": "2024-01-20 14:51:35", "elapsed": 1662.180884, "delta": 0.002866}}
{"target": -12.358459085676465, "params": {"colsample_bytree": 0.6828894397726093, "eta": 0.08198106471701358, "gamma": 553.2700436407737, "max_depth": 7.0, "min_child_weight": 4236.988377098406, "num_boost_round": 48.0, "subsample": 0.8708646017233067}, "datetime": {"datetime": "2024-01-20 14:51:35", "elapsed": 1662.183763, "delta": 0.002879}}
{"target": -12.359406648926276, "params": {"colsample_bytree": 0.6828894397726093, "eta": 0.08198106471701358, "gamma": 553.2700436407737, "max_depth": 7.0, "min_child_weight": 4236.988377098406, "num_boost_round": 49.0, "subsample": 0.8708646017233067}, "datetime": {"datetime": "2024-01-20 14:51:35", "elapsed": 1662.186628, "delta": 0.002865}}
{"target": -12.360336744072859, "params": {"colsample_bytree": 0.6828894397726093, "eta": 0.08198106471701358, "gamma": 553.2700436407737, "max_depth": 7.0, "min_child_weight": 4236.988377098406, "num_boost_round": 50.0, "subsample": 0.8708646017233067}, "datetime": {"datetime": "2024-01-20 14:51:35", "elapsed": 1662.189501, "delta": 0.002873}}
{"target": -12.3610318834533, "params": {"colsample_bytree": 0.6828894397726093, "eta": 0.08198106471701358, "gamma": 553.2700436407737, "max_depth": 7.0, "min_child_weight": 4236.988377098406, "num_boost_round": 51.0, "subsample": 0.8708646017233067}, "datetime": {"datetime": "2024-01-20 14:51:35", "elapsed": 1662.192394, "delta": 0.002893}}
{"target": -12.361168682326728, "params": {"colsample_bytree": 0.6828894397726093, "eta": 0.08198106471701358, "gamma": 553.2700436407737, "max_depth": 7.0, "min_child_weight": 4236.988377098406, "num_boost_round": 52.0, "subsample": 0.8708646017233067}, "datetime": {"datetime": "2024-01-20 14:51:35", "elapsed": 1662.19532, "delta": 0.002926}}
{"target": -12.361578142605696, "params": {"colsample_bytree": 0.6828894397726093, "eta": 0.08198106471701358, "gamma": 553.2700436407737, "max_depth": 7.0, "min_child_weight": 4236.988377098406, "num_boost_round": 53.0, "subsample": 0.8708646017233067}, "datetime": {"datetime": "2024-01-20 14:51:35", "elapsed": 1662.198193, "delta": 0.002873}}
{"target": -12.361367088398936, "params": {"colsample_bytree": 0.6828894397726093, "eta": 0.08198106471701358, "gamma": 553.2700436407737, "max_depth": 7.0, "min_child_weight": 4236.988377098406, "num_boost_round": 54.0, "subsample": 0.8708646017233067}, "datetime": {"datetime": "2024-01-20 14:51:35", "elapsed": 1662.201156, "delta": 0.002963}}
{"target": -12.361592318126354, "params": {"colsample_bytree": 0.6828894397726093, "eta": 0.08198106471701358, "gamma": 553.2700436407737, "max_depth": 7.0, "min_child_weight": 4236.988377098406, "num_boost_round": 55.0, "subsample": 0.8708646017233067}, "datetime": {"datetime": "2024-01-20 14:51:35", "elapsed": 1662.204008, "delta": 0.002852}}
{"target": -12.362041574808956, "params": {"colsample_bytree": 0.6828894397726093, "eta": 0.08198106471701358, "gamma": 553.2700436407737, "max_depth": 7.0, "min_child_weight": 4236.988377098406, "num_boost_round": 56.0, "subsample": 0.8708646017233067}, "datetime": {"datetime": "2024-01-20 14:51:35", "elapsed": 1662.20701, "delta": 0.003002}}
{"target": -12.362414719038092, "params": {"colsample_bytree": 0.6828894397726093, "eta": 0.08198106471701358, "gamma": 553.2700436407737, "max_depth": 7.0, "min_child_weight": 4236.988377098406, "num_boost_round": 57.0, "subsample": 0.8708646017233067}, "datetime": {"datetime": "2024-01-20 14:51:35", "elapsed": 1662.210528, "delta": 0.003518}}
{"target": -12.363520488446056, "params": {"colsample_bytree": 0.6828894397726093, "eta": 0.08198106471701358, "gamma": 553.2700436407737, "max_depth": 7.0, "min_child_weight": 4236.988377098406, "num_boost_round": 58.0, "subsample": 0.8708646017233067}, "datetime": {"datetime": "2024-01-20 14:51:35", "elapsed": 1662.213675, "delta": 0.003147}}
{"target": -12.363614011405133, "params": {"colsample_bytree": 0.6828894397726093, "eta": 0.08198106471701358, "gamma": 553.2700436407737, "max_depth": 7.0, "min_child_weight": 4236.988377098406, "num_boost_round": 59.0, "subsample": 0.8708646017233067}, "datetime": {"datetime": "2024-01-20 14:51:35", "elapsed": 1662.216611, "delta": 0.002936}}
