{"target": -15.164753003963929, "params": {"colsample_bytree": 0.3970897220323242, "eta": 0.02286094704368044, "gamma": 552.0274199924654, "max_depth": 7.0, "min_child_weight": 4136.866384952591, "num_boost_round": 20.0, "subsample": 0.1353617514227064}, "datetime": {"datetime": "2024-01-20 14:45:30", "elapsed": 1287.545131, "delta": 0.00219}}
{"target": -15.164346639132974, "params": {"colsample_bytree": 0.3970897220323242, "eta": 0.02286094704368044, "gamma": 552.0274199924654, "max_depth": 7.0, "min_child_weight": 4136.866384952591, "num_boost_round": 21.0, "subsample": 0.1353617514227064}, "datetime": {"datetime": "2024-01-20 14:45:30", "elapsed": 1287.547232, "delta": 0.002101}}
{"target": -15.164230721045584, "params": {"colsample_bytree": 0.3970897220323242, "eta": 0.02286094704368044, "gamma": 552.0274199924654, "max_depth": 7.0, "min_child_weight": 4136.866384952591, "num_boost_round": 22.0, "subsample": 0.1353617514227064}, "datetime": {"datetime": "2024-01-20 14:45:30", "elapsed": 1287.549353, "delta": 0.002121}}
{"target": -15.163787531947186, "params": {"colsample_bytree": 0.3970897220323242, "eta": 0.02286094704368044, "gamma": 552.0274199924654, "max_depth": 7.0, "min_child_weight": 4136.866384952591, "num_boost_round": 23.0, "subsample": 0.1353617514227064}, "datetime": {"datetime": "2024-01-20 14:45:30", "elapsed": 1287.551566, "delta": 0.002213}}
{"target": -15.163138828795068, "params": {"colsample_bytree": 0.3970897220323242, "eta": 0.02286094704368044, "gamma": 552.0274199924654, "max_depth": 7.0, "min_child_weight": 4136.866384952591, "num_boost_round": 24.0, "subsample": 0.1353617514227064}, "datetime": {"datetime": "2024-01-20 14:45:30", "elapsed": 1287.553656, "delta": 0.00209}}
{"target": -15.162805992673327, "params": {"colsample_bytree": 0.3970897220323242, "eta": 0.02286094704368044, "gamma": 552.0274199924654, "max_depth": 7.0, "min_child_weight": 4136.866384952591, "num_boost_round": 25.0, "subsample": 0.1353617514227064}, "datetime": {"datetime": "2024-01-20 14:45:30", "elapsed": 1287.555777, "delta": 0.002121}}
{"target": -15.162691588788071, "params": {"colsample_bytree": 0.3970897220323242, "eta": 0.02286094704368044, "gamma": 552.0274199924654, "max_depth": 7.0, "min_child_weight": 4136.866384952591, "num_boost_round": 26.0, "subsample": 0.1353617514227064}, "datetime": {"datetime": "2024-01-20 14:45:30", "elapsed": 1287.557905, "delta": 0.002128}}
{"target": -15.162489571833348, "params": {"colsample_bytree": 0.3970897220323242, "eta": 0.02286094704368044, "gamma": 552.0274199924654, "max_depth": 7.0, "min_child_weight": 4136.866384952591, "num_boost_round": 27.0, "subsample": 0.1353617514227064}, "datetime": {"datetime": "2024-01-20 14:45:30", "elapsed": 1287.560083, "delta": 0.002178}}
{"target": -15.162352233490433, "params": {"colsample_bytree": 0.3970897220323242, "eta": 0.02286094704368044, "gamma": 552.0274199924654, "max_depth": 7.0, "min_child_weight": 4136.866384952591, "num_boost_round": 28.0, "subsample": 0.1353617514227064}, "datetime": {"datetime": "2024-01-20 14:45:30", "elapsed": 1287.562237, "delta": 0.002154}}
{"target": -15.161867983288065, "params": {"colsample_bytree": 0.3970897220323242, "eta": 0.02286094704368044, "gamma": 552.0274199924654, "max_depth": 7.0, "min_child_weight": 4136.866384952591, "num_boost_round": 29.0, "subsample": 0.1353617514227064}, "datetime": {"datetime": "2024-01-20 14:45:30", "elapsed": 1287.564362, "delta": 0.002125}}
{"target": -15.161320066402933, "params": {"colsample_bytree": 0.3970897220323242, "eta": 0.02286094704368044, "gamma": 552.0274199924654, "max_depth": 7.0, "min_child_weight": 4136.866384952591, "num_boost_round": 30.0, "subsample": 0.1353617514227064}, "datetime": {"datetime": "2024-01-20 14:45:30", "elapsed": 1287.566467, "delta": 0.002105}}
{"target": -15.161051277798943, "params": {"colsample_bytree": 0.3970897220323242, "eta": 0.02286094704368044, "gamma": 552.0274199924654, "max_depth": 7.0, "min_child_weight": 4136.866384952591, "num_boost_round": 31.0, "subsample": 0.1353617514227064}, "datetime": {"datetime": "2024-01-20 14:45:30", "elapsed": 1287.568592, "delta": 0.002125}}
{"target": -15.16090360446005, "params": {"colsample_bytree": 0.3970897220323242, "eta": 0.02286094704368044, "gamma": 552.0274199924654, "max_depth": 7.0, "min_child_weight": 4136.866384952591, "num_boost_round": 32.0, "subsample": 0.1353617514227064}, "datetime": {"datetime": "2024-01-20 14:45:30", "elapsed": 1287.570716, "delta": 0.002124}}
{"target": -15.171962865059482, "params": {"colsample_bytree": 0.4242515144465494, "eta": 0.036536565987255375, "gamma": 540.6592616724714, "max_depth": 3.0, "min_child_weight": 4255.814309129581, "num_boost_round": 1.0, "subsample": 0.8077977736718098}, "datetime": {"datetime": "2024-01-20 14:46:07", "elapsed": 1325.211641, "delta": 37.640925}}
{"target": -15.171001683806697, "params": {"colsample_bytree": 0.4242515144465494, "eta": 0.036536565987255375, "gamma": 540.6592616724714, "max_depth": 3.0, "min_child_weight": 4255.814309129581, "num_boost_round": 2.0, "subsample": 0.8077977736718098}, "datetime": {"datetime": "2024-01-20 14:46:07", "elapsed": 1325.214751, "delta": 0.00311}}
{"target": -15.169943382566117, "params": {"colsample_bytree": 0.4242515144465494, "eta": 0.036536565987255375, "gamma": 540.6592616724714, "max_depth": 3.0, "min_child_weight": 4255.814309129581, "num_boost_round": 3.0, "subsample": 0.8077977736718098}, "datetime": {"datetime": "2024-01-20 14:46:07", "elapsed": 1325.216812, "delta": 0.002061}}
{"target": -15.169842803062927, "params": {"colsample_bytree": 0.4242515144465494, "eta": 0.036536565987255375, "gamma": 540.6592616724714, "max_depth": 3.0, "min_child_weight": 4255.814309129581, "num_boost_round": 4.0, "subsample": 0.8077977736718098}, "datetime": {"datetime": "2024-01-20 14:46:07", "elapsed": 1325.218926, "delta": 0.002114}}
{"target": -15.168054250010783, "params": {"colsample_bytree": 0.4242515144465494, "eta": 0.036536565987255375, "gamma": 540.6592616724714, "max_depth": 3.0, "min_child_weight": 4255.814309129581, "num_boost_round": 5.0, "subsample": 0.8077977736718098}, "datetime": {"datetime": "2024-01-20 14:46:07", "elapsed": 1325.221121, "delta": 0.002195}}
{"target": -15.167122462679988, "params": {"colsample_bytree": 0.4242515144465494, "eta": 0.036536565987255375, "gamma": 540.6592616724714, "max_depth": 3.0, "min_child_weight": 4255.814309129581, "num_boost_round": 6.0, "subsample": 0.8077977736718098}, "datetime": {"datetime": "2024-01-20 14:46:07", "elapsed": 1325.223157, "delta": 0.002036}}
{"target": -15.166365750926683, "params": {"colsample_bytree": 0.4242515144465494, "eta": 0.036536565987255375, "gamma": 540.6592616724714, "max_depth": 3.0, "min_child_weight": 4255.814309129581, "num_boost_round": 7.0, "subsample": 0.8077977736718098}, "datetime": {"datetime": "2024-01-20 14:46:07", "elapsed": 1325.225201, "delta": 0.002044}}
{"target": -15.16492045839745, "params": {"colsample_bytree": 0.4242515144465494, "eta": 0.036536565987255375, "gamma": 540.6592616724714, "max_depth": 3.0, "min_child_weight": 4255.814309129581, "num_boost_round": 8.0, "subsample": 0.8077977736718098}, "datetime": {"datetime": "2024-01-20 14:46:07", "elapsed": 1325.227235, "delta": 0.002034}}
{"target": -15.164225281108454, "params": {"colsample_bytree": 0.4242515144465494, "eta": 0.036536565987255375, "gamma": 540.6592616724714, "max_depth": 3.0, "min_child_weight": 4255.814309129581, "num_boost_round": 9.0, "subsample": 0.8077977736718098}, "datetime": {"datetime": "2024-01-20 14:46:07", "elapsed": 1325.229266, "delta": 0.002031}}
{"target": -15.163590239270501, "params": {"colsample_bytree": 0.4242515144465494, "eta": 0.036536565987255375, "gamma": 540.6592616724714, "max_depth": 3.0, "min_child_weight": 4255.814309129581, "num_boost_round": 10.0, "subsample": 0.8077977736718098}, "datetime": {"datetime": "2024-01-20 14:46:07", "elapsed": 1325.231426, "delta": 0.00216}}
{"target": -15.16360044339309, "params": {"colsample_bytree": 0.4242515144465494, "eta": 0.036536565987255375, "gamma": 540.6592616724714, "max_depth": 3.0, "min_child_weight": 4255.814309129581, "num_boost_round": 11.0, "subsample": 0.8077977736718098}, "datetime": {"datetime": "2024-01-20 14:46:07", "elapsed": 1325.233451, "delta": 0.002025}}
{"target": -15.163647918546218, "params": {"colsample_bytree": 0.4242515144465494, "eta": 0.036536565987255375, "gamma": 540.6592616724714, "max_depth": 3.0, "min_child_weight": 4255.814309129581, "num_boost_round": 12.0, "subsample": 0.8077977736718098}, "datetime": {"datetime": "2024-01-20 14:46:07", "elapsed": 1325.235474, "delta": 0.002023}}
{"target": -15.163357315969654, "params": {"colsample_bytree": 0.4242515144465494, "eta": 0.036536565987255375, "gamma": 540.6592616724714, "max_depth": 3.0, "min_child_weight": 4255.814309129581, "num_boost_round": 13.0, "subsample": 0.8077977736718098}, "datetime": {"datetime": "2024-01-20 14:46:07", "elapsed": 1325.237495, "delta": 0.002021}}
{"target": -15.162328609627432, "params": {"colsample_bytree": 0.4242515144465494, "eta": 0.036536565987255375, "gamma": 540.6592616724714, "max_depth": 3.0, "min_child_weight": 4255.814309129581, "num_boost_round": 14.0, "subsample": 0.8077977736718098}, "datetime": {"datetime": "2024-01-20 14:46:07", "elapsed": 1325.239568, "delta": 0.002073}}
{"target": -15.161753241752876, "params": {"colsample_bytree": 0.4242515144465494, "eta": 0.036536565987255375, "gamma": 540.6592616724714, "max_depth": 3.0, "min_child_weight": 4255.814309129581, "num_boost_round": 15.0, "subsample": 0.8077977736718098}, "datetime": {"datetime": "2024-01-20 14:46:07", "elapsed": 1325.241706, "delta": 0.002138}}
{"target": -15.16202385790049, "params": {"colsample_bytree": 0.4242515144465494, "eta": 0.036536565987255375, "gamma": 540.6592616724714, "max_depth": 3.0, "min_child_weight": 4255.814309129581, "num_boost_round": 16.0, "subsample": 0.8077977736718098}, "datetime": {"datetime": "2024-01-20 14:46:07", "elapsed": 1325.243825, "delta": 0.002119}}
{"target": -15.161199413045875, "params": {"colsample_bytree": 0.4242515144465494, "eta": 0.036536565987255375, "gamma": 540.6592616724714, "max_depth": 3.0, "min_child_weight": 4255.814309129581, "num_boost_round": 17.0, "subsample": 0.8077977736718098}, "datetime": {"datetime": "2024-01-20 14:46:07", "elapsed": 1325.245855, "delta": 0.00203}}
{"target": -15.161312483304872, "params": {"colsample_bytree": 0.4242515144465494, "eta": 0.036536565987255375, "gamma": 540.6592616724714, "max_depth": 3.0, "min_child_weight": 4255.814309129581, "num_boost_round": 18.0, "subsample": 0.8077977736718098}, "datetime": {"datetime": "2024-01-20 14:46:07", "elapsed": 1325.247876, "delta": 0.002021}}
{"target": -15.16077227231387, "params": {"colsample_bytree": 0.4242515144465494, "eta": 0.036536565987255375, "gamma": 540.6592616724714, "max_depth": 3.0, "min_child_weight": 4255.814309129581, "num_boost_round": 19.0, "subsample": 0.8077977736718098}, "datetime": {"datetime": "2024-01-20 14:46:07", "elapsed": 1325.249949, "delta": 0.002073}}
{"target": -15.160452021469084, "params": {"colsample_bytree": 0.4242515144465494, "eta": 0.036536565987255375, "gamma": 540.6592616724714, "max_depth": 3.0, "min_child_weight": 4255.814309129581, "num_boost_round": 20.0, "subsample": 0.8077977736718098}, "datetime": {"datetime": "2024-01-20 14:46:07", "elapsed": 1325.252105, "delta": 0.002156}}
{"target": -15.16046513713999, "params": {"colsample_bytree": 0.4242515144465494, "eta": 0.036536565987255375, "gamma": 540.6592616724714, "max_depth": 3.0, "min_child_weight": 4255.814309129581, "num_boost_round": 21.0, "subsample": 0.8077977736718098}, "datetime": {"datetime": "2024-01-20 14:46:07", "elapsed": 1325.254123, "delta": 0.002018}}
{"target": -15.16046655302597, "params": {"colsample_bytree": 0.4242515144465494, "eta": 0.036536565987255375, "gamma": 540.6592616724714, "max_depth": 3.0, "min_child_weight": 4255.814309129581, "num_boost_round": 22.0, "subsample": 0.8077977736718098}, "datetime": {"datetime": "2024-01-20 14:46:07", "elapsed": 1325.256166, "delta": 0.002043}}
{"target": -15.160433436626093, "params": {"colsample_bytree": 0.4242515144465494, "eta": 0.036536565987255375, "gamma": 540.6592616724714, "max_depth": 3.0, "min_child_weight": 4255.814309129581, "num_boost_round": 23.0, "subsample": 0.8077977736718098}, "datetime": {"datetime": "2024-01-20 14:46:07", "elapsed": 1325.258204, "delta": 0.002038}}
{"target": -15.159509232931828, "params": {"colsample_bytree": 0.4242515144465494, "eta": 0.036536565987255375, "gamma": 540.6592616724714, "max_depth": 3.0, "min_child_weight": 4255.814309129581, "num_boost_round": 24.0, "subsample": 0.8077977736718098}, "datetime": {"datetime": "2024-01-20 14:46:07", "elapsed": 1325.2603, "delta": 0.002096}}
{"target": -15.15965024439344, "params": {"colsample_bytree": 0.4242515144465494, "eta": 0.036536565987255375, "gamma": 540.6592616724714, "max_depth": 3.0, "min_child_weight": 4255.814309129581, "num_boost_round": 25.0, "subsample": 0.8077977736718098}, "datetime": {"datetime": "2024-01-20 14:46:07", "elapsed": 1325.262394, "delta": 0.002094}}
{"target": -15.159558810196636, "params": {"colsample_bytree": 0.4242515144465494, "eta": 0.036536565987255375, "gamma": 540.6592616724714, "max_depth": 3.0, "min_child_weight": 4255.814309129581, "num_boost_round": 26.0, "subsample": 0.8077977736718098}, "datetime": {"datetime": "2024-01-20 14:46:07", "elapsed": 1325.264502, "delta": 0.002108}}
{"target": -15.159320379646477, "params": {"colsample_bytree": 0.4242515144465494, "eta": 0.036536565987255375, "gamma": 540.6592616724714, "max_depth": 3.0, "min_child_weight": 4255.814309129581, "num_boost_round": 27.0, "subsample": 0.8077977736718098}, "datetime": {"datetime": "2024-01-20 14:46:07", "elapsed": 1325.266541, "delta": 0.002039}}
{"target": -15.159089982027101, "params": {"colsample_bytree": 0.4242515144465494, "eta": 0.036536565987255375, "gamma": 540.6592616724714, "max_depth": 3.0, "min_child_weight": 4255.814309129581, "num_boost_round": 28.0, "subsample": 0.8077977736718098}, "datetime": {"datetime": "2024-01-20 14:46:07", "elapsed": 1325.268583, "delta": 0.002042}}
{"target": -15.158504439448823, "params": {"colsample_bytree": 0.4242515144465494, "eta": 0.036536565987255375, "gamma": 540.6592616724714, "max_depth": 3.0, "min_child_weight": 4255.814309129581, "num_boost_round": 29.0, "subsample": 0.8077977736718098}, "datetime": {"datetime": "2024-01-20 14:46:07", "elapsed": 1325.270722, "delta": 0.002139}}
{"target": -15.158494829120528, "params": {"colsample_bytree": 0.4242515144465494, "eta": 0.036536565987255375, "gamma": 540.6592616724714, "max_depth": 3.0, "min_child_weight": 4255.814309129581, "num_boost_round": 30.0, "subsample": 0.8077977736718098}, "datetime": {"datetime": "2024-01-20 14:46:07", "elapsed": 1325.272769, "delta": 0.002047}}
{"target": -15.1582703084221, "params": {"colsample_bytree": 0.4242515144465494, "eta": 0.036536565987255375, "gamma": 540.6592616724714, "max_depth": 3.0, "min_child_weight": 4255.814309129581, "num_boost_round": 31.0, "subsample": 0.8077977736718098}, "datetime": {"datetime": "2024-01-20 14:46:07", "elapsed": 1325.274839, "delta": 0.00207}}
{"target": -15.158192590362475, "params": {"colsample_bytree": 0.4242515144465494, "eta": 0.036536565987255375, "gamma": 540.6592616724714, "max_depth": 3.0, "min_child_weight": 4255.814309129581, "num_boost_round": 32.0, "subsample": 0.8077977736718098}, "datetime": {"datetime": "2024-01-20 14:46:07", "elapsed": 1325.276877, "delta": 0.002038}}
{"target": -15.158198862220551, "params": {"colsample_bytree": 0.4242515144465494, "eta": 0.036536565987255375, "gamma": 540.6592616724714, "max_depth": 3.0, "min_child_weight": 4255.814309129581, "num_boost_round": 33.0, "subsample": 0.8077977736718098}, "datetime": {"datetime": "2024-01-20 14:46:07", "elapsed": 1325.278936, "delta": 0.002059}}
{"target": -15.158247820028187, "params": {"colsample_bytree": 0.4242515144465494, "eta": 0.036536565987255375, "gamma": 540.6592616724714, "max_depth": 3.0, "min_child_weight": 4255.814309129581, "num_boost_round": 34.0, "subsample": 0.8077977736718098}, "datetime": {"datetime": "2024-01-20 14:46:07", "elapsed": 1325.281019, "delta": 0.002083}}
{"target": -15.158058467466024, "params": {"colsample_bytree": 0.4242515144465494, "eta": 0.036536565987255375, "gamma": 540.6592616724714, "max_depth": 3.0, "min_child_weight": 4255.814309129581, "num_boost_round": 35.0, "subsample": 0.8077977736718098}, "datetime": {"datetime": "2024-01-20 14:46:07", "elapsed": 1325.283103, "delta": 0.002084}}
{"target": -15.158318356793416, "params": {"colsample_bytree": 0.4242515144465494, "eta": 0.036536565987255375, "gamma": 540.6592616724714, "max_depth": 3.0, "min_child_weight": 4255.814309129581, "num_boost_round": 36.0, "subsample": 0.8077977736718098}, "datetime": {"datetime": "2024-01-20 14:46:07", "elapsed": 1325.28517, "delta": 0.002067}}
{"target": -15.157968988881217, "params": {"colsample_bytree": 0.4242515144465494, "eta": 0.036536565987255375, "gamma": 540.6592616724714, "max_depth": 3.0, "min_child_weight": 4255.814309129581, "num_boost_round": 37.0, "subsample": 0.8077977736718098}, "datetime": {"datetime": "2024-01-20 14:46:07", "elapsed": 1325.287228, "delta": 0.002058}}
{"target": -15.157974269972499, "params": {"colsample_bytree": 0.4242515144465494, "eta": 0.036536565987255375, "gamma": 540.6592616724714, "max_depth": 3.0, "min_child_weight": 4255.814309129581, "num_boost_round": 38.0, "subsample": 0.8077977736718098}, "datetime": {"datetime": "2024-01-20 14:46:07", "elapsed": 1325.289266, "delta": 0.002038}}
{"target": -15.15807659764642, "params": {"colsample_bytree": 0.4242515144465494, "eta": 0.036536565987255375, "gamma": 540.6592616724714, "max_depth": 3.0, "min_child_weight": 4255.814309129581, "num_boost_round": 39.0, "subsample": 0.8077977736718098}, "datetime": {"datetime": "2024-01-20 14:46:07", "elapsed": 1325.29147, "delta": 0.002204}}
{"target": -15.158116409999959, "params": {"colsample_bytree": 0.4242515144465494, "eta": 0.036536565987255375, "gamma": 540.6592616724714, "max_depth": 3.0, "min_child_weight": 4255.814309129581, "num_boost_round": 40.0, "subsample": 0.8077977736718098}, "datetime": {"datetime": "2024-01-20 14:46:07", "elapsed": 1325.293664, "delta": 0.002194}}
{"target": -15.157978662080586, "params": {"colsample_bytree": 0.4242515144465494, "eta": 0.036536565987255375, "gamma": 540.6592616724714, "max_depth": 3.0, "min_child_weight": 4255.814309129581, "num_boost_round": 41.0, "subsample": 0.8077977736718098}, "datetime": {"datetime": "2024-01-20 14:46:07", "elapsed": 1325.29583, "delta": 0.002166}}
{"target": -15.157669510779066, "params": {"colsample_bytree": 0.4242515144465494, "eta": 0.036536565987255375, "gamma": 540.6592616724714, "max_depth": 3.0, "min_child_weight": 4255.814309129581, "num_boost_round": 42.0, "subsample": 0.8077977736718098}, "datetime": {"datetime": "2024-01-20 14:46:07", "elapsed": 1325.297931, "delta": 0.002101}}
{"target": -15.157660239597474, "params": {"colsample_bytree": 0.4242515144465494, "eta": 0.036536565987255375, "gamma": 540.6592616724714, "max_depth": 3.0, "min_child_weight": 4255.814309129581, "num_boost_round": 43.0, "subsample": 0.8077977736718098}, "datetime": {"datetime": "2024-01-20 14:46:07", "elapsed": 1325.300041, "delta": 0.00211}}
{"target": -15.157360440474005, "params": {"colsample_bytree": 0.4242515144465494, "eta": 0.036536565987255375, "gamma": 540.6592616724714, "max_depth": 3.0, "min_child_weight": 4255.814309129581, "num_boost_round": 44.0, "subsample": 0.8077977736718098}, "datetime": {"datetime": "2024-01-20 14:46:07", "elapsed": 1325.30215, "delta": 0.002109}}
{"target": -15.168317918830613, "params": {"colsample_bytree": 0.9741893664814825, "eta": 0.06782541987299315, "gamma": 439.970668031059, "max_depth": 6.0, "min_child_weight": 4364.485833343255, "num_boost_round": 1.0, "subsample": 0.35026741463508215}, "datetime": {"datetime": "2024-01-20 14:46:50", "elapsed": 1367.638135, "delta": 42.335985}}
{"target": -15.164552137126542, "params": {"colsample_bytree": 0.9741893664814825, "eta": 0.06782541987299315, "gamma": 439.970668031059, "max_depth": 6.0, "min_child_weight": 4364.485833343255, "num_boost_round": 2.0, "subsample": 0.35026741463508215}, "datetime": {"datetime": "2024-01-20 14:46:50", "elapsed": 1367.64177, "delta": 0.003635}}
{"target": -15.161619490259731, "params": {"colsample_bytree": 0.9741893664814825, "eta": 0.06782541987299315, "gamma": 439.970668031059, "max_depth": 6.0, "min_child_weight": 4364.485833343255, "num_boost_round": 3.0, "subsample": 0.35026741463508215}, "datetime": {"datetime": "2024-01-20 14:46:50", "elapsed": 1367.644225, "delta": 0.002455}}
{"target": -15.159100109370987, "params": {"colsample_bytree": 0.9741893664814825, "eta": 0.06782541987299315, "gamma": 439.970668031059, "max_depth": 6.0, "min_child_weight": 4364.485833343255, "num_boost_round": 4.0, "subsample": 0.35026741463508215}, "datetime": {"datetime": "2024-01-20 14:46:50", "elapsed": 1367.646451, "delta": 0.002226}}
{"target": -15.156854453185892, "params": {"colsample_bytree": 0.9741893664814825, "eta": 0.06782541987299315, "gamma": 439.970668031059, "max_depth": 6.0, "min_child_weight": 4364.485833343255, "num_boost_round": 5.0, "subsample": 0.35026741463508215}, "datetime": {"datetime": "2024-01-20 14:46:50", "elapsed": 1367.648644, "delta": 0.002193}}
{"target": -15.15541978004699, "params": {"colsample_bytree": 0.9741893664814825, "eta": 0.06782541987299315, "gamma": 439.970668031059, "max_depth": 6.0, "min_child_weight": 4364.485833343255, "num_boost_round": 6.0, "subsample": 0.35026741463508215}, "datetime": {"datetime": "2024-01-20 14:46:50", "elapsed": 1367.650732, "delta": 0.002088}}
