{"target": -13.410597723201448, "params": {"colsample_bytree": 0.8631633173718937, "eta": 0.08210907016514447, "gamma": 142.4187719806599, "max_depth": 6.0, "min_child_weight": 3108.555486232922, "num_boost_round": 31.0, "subsample": 0.3159740563020259}, "datetime": {"datetime": "2024-01-20 15:58:18", "elapsed": 5633.378508, "delta": 0.004293}}
{"target": -13.411160800480193, "params": {"colsample_bytree": 0.8631633173718937, "eta": 0.08210907016514447, "gamma": 142.4187719806599, "max_depth": 6.0, "min_child_weight": 3108.555486232922, "num_boost_round": 32.0, "subsample": 0.3159740563020259}, "datetime": {"datetime": "2024-01-20 15:58:18", "elapsed": 5633.382415, "delta": 0.003907}}
{"target": -13.411478855707378, "params": {"colsample_bytree": 0.8631633173718937, "eta": 0.08210907016514447, "gamma": 142.4187719806599, "max_depth": 6.0, "min_child_weight": 3108.555486232922, "num_boost_round": 33.0, "subsample": 0.3159740563020259}, "datetime": {"datetime": "2024-01-20 15:58:18", "elapsed": 5633.386322, "delta": 0.003907}}
{"target": -13.412187519471246, "params": {"colsample_bytree": 0.8631633173718937, "eta": 0.08210907016514447, "gamma": 142.4187719806599, "max_depth": 6.0, "min_child_weight": 3108.555486232922, "num_boost_round": 34.0, "subsample": 0.3159740563020259}, "datetime": {"datetime": "2024-01-20 15:58:18", "elapsed": 5633.390461, "delta": 0.004139}}
{"target": -13.412640702151823, "params": {"colsample_bytree": 0.8631633173718937, "eta": 0.08210907016514447, "gamma": 142.4187719806599, "max_depth": 6.0, "min_child_weight": 3108.555486232922, "num_boost_round": 35.0, "subsample": 0.3159740563020259}, "datetime": {"datetime": "2024-01-20 15:58:18", "elapsed": 5633.394439, "delta": 0.003978}}
{"target": -13.413367012789275, "params": {"colsample_bytree": 0.8631633173718937, "eta": 0.08210907016514447, "gamma": 142.4187719806599, "max_depth": 6.0, "min_child_weight": 3108.555486232922, "num_boost_round": 36.0, "subsample": 0.3159740563020259}, "datetime": {"datetime": "2024-01-20 15:58:18", "elapsed": 5633.400382, "delta": 0.005943}}
{"target": -13.413928070855356, "params": {"colsample_bytree": 0.8631633173718937, "eta": 0.08210907016514447, "gamma": 142.4187719806599, "max_depth": 6.0, "min_child_weight": 3108.555486232922, "num_boost_round": 37.0, "subsample": 0.3159740563020259}, "datetime": {"datetime": "2024-01-20 15:58:18", "elapsed": 5633.407189, "delta": 0.006807}}
{"target": -13.414125374820768, "params": {"colsample_bytree": 0.8631633173718937, "eta": 0.08210907016514447, "gamma": 142.4187719806599, "max_depth": 6.0, "min_child_weight": 3108.555486232922, "num_boost_round": 38.0, "subsample": 0.3159740563020259}, "datetime": {"datetime": "2024-01-20 15:58:18", "elapsed": 5633.414056, "delta": 0.006867}}
{"target": -13.41501098008123, "params": {"colsample_bytree": 0.8631633173718937, "eta": 0.08210907016514447, "gamma": 142.4187719806599, "max_depth": 6.0, "min_child_weight": 3108.555486232922, "num_boost_round": 39.0, "subsample": 0.3159740563020259}, "datetime": {"datetime": "2024-01-20 15:58:18", "elapsed": 5633.418941, "delta": 0.004885}}
{"target": -13.415448175514992, "params": {"colsample_bytree": 0.8631633173718937, "eta": 0.08210907016514447, "gamma": 142.4187719806599, "max_depth": 6.0, "min_child_weight": 3108.555486232922, "num_boost_round": 40.0, "subsample": 0.3159740563020259}, "datetime": {"datetime": "2024-01-20 15:58:18", "elapsed": 5633.423138, "delta": 0.004197}}
{"target": -13.415900456891922, "params": {"colsample_bytree": 0.8631633173718937, "eta": 0.08210907016514447, "gamma": 142.4187719806599, "max_depth": 6.0, "min_child_weight": 3108.555486232922, "num_boost_round": 41.0, "subsample": 0.3159740563020259}, "datetime": {"datetime": "2024-01-20 15:58:18", "elapsed": 5633.427099, "delta": 0.003961}}
{"target": -13.416736048855256, "params": {"colsample_bytree": 0.8631633173718937, "eta": 0.08210907016514447, "gamma": 142.4187719806599, "max_depth": 6.0, "min_child_weight": 3108.555486232922, "num_boost_round": 42.0, "subsample": 0.3159740563020259}, "datetime": {"datetime": "2024-01-20 15:58:18", "elapsed": 5633.43112, "delta": 0.004021}}
{"target": -13.416716476819612, "params": {"colsample_bytree": 0.8631633173718937, "eta": 0.08210907016514447, "gamma": 142.4187719806599, "max_depth": 6.0, "min_child_weight": 3108.555486232922, "num_boost_round": 43.0, "subsample": 0.3159740563020259}, "datetime": {"datetime": "2024-01-20 15:58:18", "elapsed": 5633.435074, "delta": 0.003954}}
{"target": -13.41713582640363, "params": {"colsample_bytree": 0.8631633173718937, "eta": 0.08210907016514447, "gamma": 142.4187719806599, "max_depth": 6.0, "min_child_weight": 3108.555486232922, "num_boost_round": 44.0, "subsample": 0.3159740563020259}, "datetime": {"datetime": "2024-01-20 15:58:18", "elapsed": 5633.43911, "delta": 0.004036}}
{"target": -13.417513284928155, "params": {"colsample_bytree": 0.8631633173718937, "eta": 0.08210907016514447, "gamma": 142.4187719806599, "max_depth": 6.0, "min_child_weight": 3108.555486232922, "num_boost_round": 45.0, "subsample": 0.3159740563020259}, "datetime": {"datetime": "2024-01-20 15:58:18", "elapsed": 5633.44303, "delta": 0.00392}}
{"target": -13.417760552703296, "params": {"colsample_bytree": 0.8631633173718937, "eta": 0.08210907016514447, "gamma": 142.4187719806599, "max_depth": 6.0, "min_child_weight": 3108.555486232922, "num_boost_round": 46.0, "subsample": 0.3159740563020259}, "datetime": {"datetime": "2024-01-20 15:58:18", "elapsed": 5633.447001, "delta": 0.003971}}
{"target": -13.418366486846072, "params": {"colsample_bytree": 0.8631633173718937, "eta": 0.08210907016514447, "gamma": 142.4187719806599, "max_depth": 6.0, "min_child_weight": 3108.555486232922, "num_boost_round": 47.0, "subsample": 0.3159740563020259}, "datetime": {"datetime": "2024-01-20 15:58:18", "elapsed": 5633.450836, "delta": 0.003835}}
{"target": -13.418939244309811, "params": {"colsample_bytree": 0.8631633173718937, "eta": 0.08210907016514447, "gamma": 142.4187719806599, "max_depth": 6.0, "min_child_weight": 3108.555486232922, "num_boost_round": 48.0, "subsample": 0.3159740563020259}, "datetime": {"datetime": "2024-01-20 15:58:18", "elapsed": 5633.455335, "delta": 0.004499}}
{"target": -13.41943459801996, "params": {"colsample_bytree": 0.8631633173718937, "eta": 0.08210907016514447, "gamma": 142.4187719806599, "max_depth": 6.0, "min_child_weight": 3108.555486232922, "num_boost_round": 49.0, "subsample": 0.3159740563020259}, "datetime": {"datetime": "2024-01-20 15:58:18", "elapsed": 5633.459532, "delta": 0.004197}}
{"target": -13.419656728591391, "params": {"colsample_bytree": 0.8631633173718937, "eta": 0.08210907016514447, "gamma": 142.4187719806599, "max_depth": 6.0, "min_child_weight": 3108.555486232922, "num_boost_round": 50.0, "subsample": 0.3159740563020259}, "datetime": {"datetime": "2024-01-20 15:58:18", "elapsed": 5633.463457, "delta": 0.003925}}
{"target": -13.419587486249036, "params": {"colsample_bytree": 0.8631633173718937, "eta": 0.08210907016514447, "gamma": 142.4187719806599, "max_depth": 6.0, "min_child_weight": 3108.555486232922, "num_boost_round": 51.0, "subsample": 0.3159740563020259}, "datetime": {"datetime": "2024-01-20 15:58:18", "elapsed": 5633.467491, "delta": 0.004034}}
{"target": -13.42003569977188, "params": {"colsample_bytree": 0.8631633173718937, "eta": 0.08210907016514447, "gamma": 142.4187719806599, "max_depth": 6.0, "min_child_weight": 3108.555486232922, "num_boost_round": 52.0, "subsample": 0.3159740563020259}, "datetime": {"datetime": "2024-01-20 15:58:18", "elapsed": 5633.471681, "delta": 0.00419}}
{"target": -13.42021635087064, "params": {"colsample_bytree": 0.8631633173718937, "eta": 0.08210907016514447, "gamma": 142.4187719806599, "max_depth": 6.0, "min_child_weight": 3108.555486232922, "num_boost_round": 53.0, "subsample": 0.3159740563020259}, "datetime": {"datetime": "2024-01-20 15:58:18", "elapsed": 5633.475676, "delta": 0.003995}}
{"target": -13.420352520411022, "params": {"colsample_bytree": 0.8631633173718937, "eta": 0.08210907016514447, "gamma": 142.4187719806599, "max_depth": 6.0, "min_child_weight": 3108.555486232922, "num_boost_round": 54.0, "subsample": 0.3159740563020259}, "datetime": {"datetime": "2024-01-20 15:58:18", "elapsed": 5633.47967, "delta": 0.003994}}
{"target": -13.420569434584603, "params": {"colsample_bytree": 0.8631633173718937, "eta": 0.08210907016514447, "gamma": 142.4187719806599, "max_depth": 6.0, "min_child_weight": 3108.555486232922, "num_boost_round": 55.0, "subsample": 0.3159740563020259}, "datetime": {"datetime": "2024-01-20 15:58:18", "elapsed": 5633.483852, "delta": 0.004182}}
{"target": -13.421269093382575, "params": {"colsample_bytree": 0.8631633173718937, "eta": 0.08210907016514447, "gamma": 142.4187719806599, "max_depth": 6.0, "min_child_weight": 3108.555486232922, "num_boost_round": 56.0, "subsample": 0.3159740563020259}, "datetime": {"datetime": "2024-01-20 15:58:18", "elapsed": 5633.488136, "delta": 0.004284}}
{"target": -13.421810003096962, "params": {"colsample_bytree": 0.8631633173718937, "eta": 0.08210907016514447, "gamma": 142.4187719806599, "max_depth": 6.0, "min_child_weight": 3108.555486232922, "num_boost_round": 57.0, "subsample": 0.3159740563020259}, "datetime": {"datetime": "2024-01-20 15:58:18", "elapsed": 5633.492138, "delta": 0.004002}}
{"target": -13.422111525445644, "params": {"colsample_bytree": 0.8631633173718937, "eta": 0.08210907016514447, "gamma": 142.4187719806599, "max_depth": 6.0, "min_child_weight": 3108.555486232922, "num_boost_round": 58.0, "subsample": 0.3159740563020259}, "datetime": {"datetime": "2024-01-20 15:58:18", "elapsed": 5633.496176, "delta": 0.004038}}
{"target": -13.422490268142507, "params": {"colsample_bytree": 0.8631633173718937, "eta": 0.08210907016514447, "gamma": 142.4187719806599, "max_depth": 6.0, "min_child_weight": 3108.555486232922, "num_boost_round": 59.0, "subsample": 0.3159740563020259}, "datetime": {"datetime": "2024-01-20 15:58:18", "elapsed": 5633.500232, "delta": 0.004056}}
{"target": -13.422779189452912, "params": {"colsample_bytree": 0.8631633173718937, "eta": 0.08210907016514447, "gamma": 142.4187719806599, "max_depth": 6.0, "min_child_weight": 3108.555486232922, "num_boost_round": 60.0, "subsample": 0.3159740563020259}, "datetime": {"datetime": "2024-01-20 15:58:18", "elapsed": 5633.504128, "delta": 0.003896}}
{"target": -13.423022568265605, "params": {"colsample_bytree": 0.8631633173718937, "eta": 0.08210907016514447, "gamma": 142.4187719806599, "max_depth": 6.0, "min_child_weight": 3108.555486232922, "num_boost_round": 61.0, "subsample": 0.3159740563020259}, "datetime": {"datetime": "2024-01-20 15:58:18", "elapsed": 5633.508164, "delta": 0.004036}}
{"target": -13.423372099417124, "params": {"colsample_bytree": 0.8631633173718937, "eta": 0.08210907016514447, "gamma": 142.4187719806599, "max_depth": 6.0, "min_child_weight": 3108.555486232922, "num_boost_round": 62.0, "subsample": 0.3159740563020259}, "datetime": {"datetime": "2024-01-20 15:58:18", "elapsed": 5633.512143, "delta": 0.003979}}
{"target": -13.423896598717928, "params": {"colsample_bytree": 0.8631633173718937, "eta": 0.08210907016514447, "gamma": 142.4187719806599, "max_depth": 6.0, "min_child_weight": 3108.555486232922, "num_boost_round": 63.0, "subsample": 0.3159740563020259}, "datetime": {"datetime": "2024-01-20 15:58:18", "elapsed": 5633.516065, "delta": 0.003922}}
{"target": -13.424310825075546, "params": {"colsample_bytree": 0.8631633173718937, "eta": 0.08210907016514447, "gamma": 142.4187719806599, "max_depth": 6.0, "min_child_weight": 3108.555486232922, "num_boost_round": 64.0, "subsample": 0.3159740563020259}, "datetime": {"datetime": "2024-01-20 15:58:18", "elapsed": 5633.520107, "delta": 0.004042}}
{"target": -13.424809458353929, "params": {"colsample_bytree": 0.8631633173718937, "eta": 0.08210907016514447, "gamma": 142.4187719806599, "max_depth": 6.0, "min_child_weight": 3108.555486232922, "num_boost_round": 65.0, "subsample": 0.3159740563020259}, "datetime": {"datetime": "2024-01-20 15:58:18", "elapsed": 5633.524093, "delta": 0.003986}}
{"target": -13.425377589145016, "params": {"colsample_bytree": 0.8631633173718937, "eta": 0.08210907016514447, "gamma": 142.4187719806599, "max_depth": 6.0, "min_child_weight": 3108.555486232922, "num_boost_round": 66.0, "subsample": 0.3159740563020259}, "datetime": {"datetime": "2024-01-20 15:58:18", "elapsed": 5633.528121, "delta": 0.004028}}
{"target": -13.425594537166766, "params": {"colsample_bytree": 0.8631633173718937, "eta": 0.08210907016514447, "gamma": 142.4187719806599, "max_depth": 6.0, "min_child_weight": 3108.555486232922, "num_boost_round": 67.0, "subsample": 0.3159740563020259}, "datetime": {"datetime": "2024-01-20 15:58:18", "elapsed": 5633.53228, "delta": 0.004159}}
{"target": -13.42582824170177, "params": {"colsample_bytree": 0.8631633173718937, "eta": 0.08210907016514447, "gamma": 142.4187719806599, "max_depth": 6.0, "min_child_weight": 3108.555486232922, "num_boost_round": 68.0, "subsample": 0.3159740563020259}, "datetime": {"datetime": "2024-01-20 15:58:18", "elapsed": 5633.536284, "delta": 0.004004}}
{"target": -13.426161009538298, "params": {"colsample_bytree": 0.8631633173718937, "eta": 0.08210907016514447, "gamma": 142.4187719806599, "max_depth": 6.0, "min_child_weight": 3108.555486232922, "num_boost_round": 69.0, "subsample": 0.3159740563020259}, "datetime": {"datetime": "2024-01-20 15:58:18", "elapsed": 5633.540188, "delta": 0.003904}}
{"target": -13.42694521654747, "params": {"colsample_bytree": 0.8631633173718937, "eta": 0.08210907016514447, "gamma": 142.4187719806599, "max_depth": 6.0, "min_child_weight": 3108.555486232922, "num_boost_round": 70.0, "subsample": 0.3159740563020259}, "datetime": {"datetime": "2024-01-20 15:58:18", "elapsed": 5633.544291, "delta": 0.004103}}
{"target": -13.427838532870261, "params": {"colsample_bytree": 0.8631633173718937, "eta": 0.08210907016514447, "gamma": 142.4187719806599, "max_depth": 6.0, "min_child_weight": 3108.555486232922, "num_boost_round": 71.0, "subsample": 0.3159740563020259}, "datetime": {"datetime": "2024-01-20 15:58:18", "elapsed": 5633.548365, "delta": 0.004074}}
{"target": -13.427879864357516, "params": {"colsample_bytree": 0.8631633173718937, "eta": 0.08210907016514447, "gamma": 142.4187719806599, "max_depth": 6.0, "min_child_weight": 3108.555486232922, "num_boost_round": 72.0, "subsample": 0.3159740563020259}, "datetime": {"datetime": "2024-01-20 15:58:18", "elapsed": 5633.552359, "delta": 0.003994}}
{"target": -13.427958879608223, "params": {"colsample_bytree": 0.8631633173718937, "eta": 0.08210907016514447, "gamma": 142.4187719806599, "max_depth": 6.0, "min_child_weight": 3108.555486232922, "num_boost_round": 73.0, "subsample": 0.3159740563020259}, "datetime": {"datetime": "2024-01-20 15:58:18", "elapsed": 5633.556546, "delta": 0.004187}}
{"target": -13.428185480555225, "params": {"colsample_bytree": 0.8631633173718937, "eta": 0.08210907016514447, "gamma": 142.4187719806599, "max_depth": 6.0, "min_child_weight": 3108.555486232922, "num_boost_round": 74.0, "subsample": 0.3159740563020259}, "datetime": {"datetime": "2024-01-20 15:58:18", "elapsed": 5633.560729, "delta": 0.004183}}
{"target": -13.428299723747049, "params": {"colsample_bytree": 0.8631633173718937, "eta": 0.08210907016514447, "gamma": 142.4187719806599, "max_depth": 6.0, "min_child_weight": 3108.555486232922, "num_boost_round": 75.0, "subsample": 0.3159740563020259}, "datetime": {"datetime": "2024-01-20 15:58:18", "elapsed": 5633.565295, "delta": 0.004566}}
{"target": -13.428712265008542, "params": {"colsample_bytree": 0.8631633173718937, "eta": 0.08210907016514447, "gamma": 142.4187719806599, "max_depth": 6.0, "min_child_weight": 3108.555486232922, "num_boost_round": 76.0, "subsample": 0.3159740563020259}, "datetime": {"datetime": "2024-01-20 15:58:18", "elapsed": 5633.569398, "delta": 0.004103}}
{"target": -13.429188699450142, "params": {"colsample_bytree": 0.8631633173718937, "eta": 0.08210907016514447, "gamma": 142.4187719806599, "max_depth": 6.0, "min_child_weight": 3108.555486232922, "num_boost_round": 77.0, "subsample": 0.3159740563020259}, "datetime": {"datetime": "2024-01-20 15:58:18", "elapsed": 5633.573902, "delta": 0.004504}}
{"target": -13.429556320597591, "params": {"colsample_bytree": 0.8631633173718937, "eta": 0.08210907016514447, "gamma": 142.4187719806599, "max_depth": 6.0, "min_child_weight": 3108.555486232922, "num_boost_round": 78.0, "subsample": 0.3159740563020259}, "datetime": {"datetime": "2024-01-20 15:58:18", "elapsed": 5633.578007, "delta": 0.004105}}
{"target": -13.429969282603818, "params": {"colsample_bytree": 0.8631633173718937, "eta": 0.08210907016514447, "gamma": 142.4187719806599, "max_depth": 6.0, "min_child_weight": 3108.555486232922, "num_boost_round": 79.0, "subsample": 0.3159740563020259}, "datetime": {"datetime": "2024-01-20 15:58:18", "elapsed": 5633.582336, "delta": 0.004329}}
{"target": -13.430285041567153, "params": {"colsample_bytree": 0.8631633173718937, "eta": 0.08210907016514447, "gamma": 142.4187719806599, "max_depth": 6.0, "min_child_weight": 3108.555486232922, "num_boost_round": 80.0, "subsample": 0.3159740563020259}, "datetime": {"datetime": "2024-01-20 15:58:18", "elapsed": 5633.586848, "delta": 0.004512}}
{"target": -13.430545380091548, "params": {"colsample_bytree": 0.8631633173718937, "eta": 0.08210907016514447, "gamma": 142.4187719806599, "max_depth": 6.0, "min_child_weight": 3108.555486232922, "num_boost_round": 81.0, "subsample": 0.3159740563020259}, "datetime": {"datetime": "2024-01-20 15:58:18", "elapsed": 5633.590925, "delta": 0.004077}}
{"target": -13.430759580136602, "params": {"colsample_bytree": 0.8631633173718937, "eta": 0.08210907016514447, "gamma": 142.4187719806599, "max_depth": 6.0, "min_child_weight": 3108.555486232922, "num_boost_round": 82.0, "subsample": 0.3159740563020259}, "datetime": {"datetime": "2024-01-20 15:58:18", "elapsed": 5633.595338, "delta": 0.004413}}
{"target": -13.430825170296306, "params": {"colsample_bytree": 0.8631633173718937, "eta": 0.08210907016514447, "gamma": 142.4187719806599, "max_depth": 6.0, "min_child_weight": 3108.555486232922, "num_boost_round": 83.0, "subsample": 0.3159740563020259}, "datetime": {"datetime": "2024-01-20 15:58:18", "elapsed": 5633.599601, "delta": 0.004263}}
{"target": -13.430982683160085, "params": {"colsample_bytree": 0.8631633173718937, "eta": 0.08210907016514447, "gamma": 142.4187719806599, "max_depth": 6.0, "min_child_weight": 3108.555486232922, "num_boost_round": 84.0, "subsample": 0.3159740563020259}, "datetime": {"datetime": "2024-01-20 15:58:18", "elapsed": 5633.603721, "delta": 0.00412}}
{"target": -13.397752135609192, "params": {"colsample_bytree": 0.9106534068527613, "eta": 0.009139690048933882, "gamma": 604.6646420177293, "max_depth": 3.0, "min_child_weight": 3706.1168883309506, "num_boost_round": 1.0, "subsample": 0.7386110617972802}, "datetime": {"datetime": "2024-01-20 15:59:23", "elapsed": 5698.164414, "delta": 64.560693}}
{"target": -13.397777491128538, "params": {"colsample_bytree": 0.9106534068527613, "eta": 0.009139690048933882, "gamma": 604.6646420177293, "max_depth": 3.0, "min_child_weight": 3706.1168883309506, "num_boost_round": 2.0, "subsample": 0.7386110617972802}, "datetime": {"datetime": "2024-01-20 15:59:23", "elapsed": 5698.170409, "delta": 0.005995}}
{"target": -13.397819146447887, "params": {"colsample_bytree": 0.9106534068527613, "eta": 0.009139690048933882, "gamma": 604.6646420177293, "max_depth": 3.0, "min_child_weight": 3706.1168883309506, "num_boost_round": 3.0, "subsample": 0.7386110617972802}, "datetime": {"datetime": "2024-01-20 15:59:23", "elapsed": 5698.17444, "delta": 0.004031}}
{"target": -13.397776944056888, "params": {"colsample_bytree": 0.9106534068527613, "eta": 0.009139690048933882, "gamma": 604.6646420177293, "max_depth": 3.0, "min_child_weight": 3706.1168883309506, "num_boost_round": 4.0, "subsample": 0.7386110617972802}, "datetime": {"datetime": "2024-01-20 15:59:23", "elapsed": 5698.178494, "delta": 0.004054}}
{"target": -13.397762162475399, "params": {"colsample_bytree": 0.9106534068527613, "eta": 0.009139690048933882, "gamma": 604.6646420177293, "max_depth": 3.0, "min_child_weight": 3706.1168883309506, "num_boost_round": 5.0, "subsample": 0.7386110617972802}, "datetime": {"datetime": "2024-01-20 15:59:23", "elapsed": 5698.182698, "delta": 0.004204}}
{"target": -13.397737932627741, "params": {"colsample_bytree": 0.9106534068527613, "eta": 0.009139690048933882, "gamma": 604.6646420177293, "max_depth": 3.0, "min_child_weight": 3706.1168883309506, "num_boost_round": 6.0, "subsample": 0.7386110617972802}, "datetime": {"datetime": "2024-01-20 15:59:23", "elapsed": 5698.186902, "delta": 0.004204}}
{"target": -13.397772758408362, "params": {"colsample_bytree": 0.9106534068527613, "eta": 0.009139690048933882, "gamma": 604.6646420177293, "max_depth": 3.0, "min_child_weight": 3706.1168883309506, "num_boost_round": 7.0, "subsample": 0.7386110617972802}, "datetime": {"datetime": "2024-01-20 15:59:23", "elapsed": 5698.191036, "delta": 0.004134}}
{"target": -13.397815229766136, "params": {"colsample_bytree": 0.9106534068527613, "eta": 0.009139690048933882, "gamma": 604.6646420177293, "max_depth": 3.0, "min_child_weight": 3706.1168883309506, "num_boost_round": 8.0, "subsample": 0.7386110617972802}, "datetime": {"datetime": "2024-01-20 15:59:23", "elapsed": 5698.195394, "delta": 0.004358}}
{"target": -13.397879063136932, "params": {"colsample_bytree": 0.9106534068527613, "eta": 0.009139690048933882, "gamma": 604.6646420177293, "max_depth": 3.0, "min_child_weight": 3706.1168883309506, "num_boost_round": 9.0, "subsample": 0.7386110617972802}, "datetime": {"datetime": "2024-01-20 15:59:23", "elapsed": 5698.199341, "delta": 0.003947}}
