{"target": -12.343429737568222, "params": {"colsample_bytree": 0.3720877475048948, "eta": 0.07201464617336929, "gamma": 529.0239565353245, "max_depth": 4.0, "min_child_weight": 4221.586888952276, "num_boost_round": 35.0, "subsample": 0.29176398460973707}, "datetime": {"datetime": "2024-01-20 15:30:22", "elapsed": 3989.058268, "delta": 0.004796}}
{"target": -12.343520844592689, "params": {"colsample_bytree": 0.3720877475048948, "eta": 0.07201464617336929, "gamma": 529.0239565353245, "max_depth": 4.0, "min_child_weight": 4221.586888952276, "num_boost_round": 36.0, "subsample": 0.29176398460973707}, "datetime": {"datetime": "2024-01-20 15:30:22", "elapsed": 3989.06302, "delta": 0.004752}}
{"target": -12.343954819428735, "params": {"colsample_bytree": 0.3720877475048948, "eta": 0.07201464617336929, "gamma": 529.0239565353245, "max_depth": 4.0, "min_child_weight": 4221.586888952276, "num_boost_round": 37.0, "subsample": 0.29176398460973707}, "datetime": {"datetime": "2024-01-20 15:30:22", "elapsed": 3989.067595, "delta": 0.004575}}
{"target": -12.34378095332613, "params": {"colsample_bytree": 0.3720877475048948, "eta": 0.07201464617336929, "gamma": 529.0239565353245, "max_depth": 4.0, "min_child_weight": 4221.586888952276, "num_boost_round": 38.0, "subsample": 0.29176398460973707}, "datetime": {"datetime": "2024-01-20 15:30:22", "elapsed": 3989.072176, "delta": 0.004581}}
{"target": -12.343537235229208, "params": {"colsample_bytree": 0.3720877475048948, "eta": 0.07201464617336929, "gamma": 529.0239565353245, "max_depth": 4.0, "min_child_weight": 4221.586888952276, "num_boost_round": 39.0, "subsample": 0.29176398460973707}, "datetime": {"datetime": "2024-01-20 15:30:22", "elapsed": 3989.07707, "delta": 0.004894}}
{"target": -12.343268641905318, "params": {"colsample_bytree": 0.3720877475048948, "eta": 0.07201464617336929, "gamma": 529.0239565353245, "max_depth": 4.0, "min_child_weight": 4221.586888952276, "num_boost_round": 40.0, "subsample": 0.29176398460973707}, "datetime": {"datetime": "2024-01-20 15:30:22", "elapsed": 3989.081741, "delta": 0.004671}}
{"target": -12.342707322251385, "params": {"colsample_bytree": 0.3720877475048948, "eta": 0.07201464617336929, "gamma": 529.0239565353245, "max_depth": 4.0, "min_child_weight": 4221.586888952276, "num_boost_round": 41.0, "subsample": 0.29176398460973707}, "datetime": {"datetime": "2024-01-20 15:30:22", "elapsed": 3989.086335, "delta": 0.004594}}
{"target": -12.342263505181688, "params": {"colsample_bytree": 0.3720877475048948, "eta": 0.07201464617336929, "gamma": 529.0239565353245, "max_depth": 4.0, "min_child_weight": 4221.586888952276, "num_boost_round": 42.0, "subsample": 0.29176398460973707}, "datetime": {"datetime": "2024-01-20 15:30:22", "elapsed": 3989.090915, "delta": 0.00458}}
{"target": -12.342245683885825, "params": {"colsample_bytree": 0.3720877475048948, "eta": 0.07201464617336929, "gamma": 529.0239565353245, "max_depth": 4.0, "min_child_weight": 4221.586888952276, "num_boost_round": 43.0, "subsample": 0.29176398460973707}, "datetime": {"datetime": "2024-01-20 15:30:22", "elapsed": 3989.095456, "delta": 0.004541}}
{"target": -12.342382988663807, "params": {"colsample_bytree": 0.3720877475048948, "eta": 0.07201464617336929, "gamma": 529.0239565353245, "max_depth": 4.0, "min_child_weight": 4221.586888952276, "num_boost_round": 44.0, "subsample": 0.29176398460973707}, "datetime": {"datetime": "2024-01-20 15:30:22", "elapsed": 3989.100269, "delta": 0.004813}}
{"target": -12.34245430275747, "params": {"colsample_bytree": 0.3720877475048948, "eta": 0.07201464617336929, "gamma": 529.0239565353245, "max_depth": 4.0, "min_child_weight": 4221.586888952276, "num_boost_round": 45.0, "subsample": 0.29176398460973707}, "datetime": {"datetime": "2024-01-20 15:30:22", "elapsed": 3989.105241, "delta": 0.004972}}
{"target": -12.342578136278265, "params": {"colsample_bytree": 0.3720877475048948, "eta": 0.07201464617336929, "gamma": 529.0239565353245, "max_depth": 4.0, "min_child_weight": 4221.586888952276, "num_boost_round": 46.0, "subsample": 0.29176398460973707}, "datetime": {"datetime": "2024-01-20 15:30:22", "elapsed": 3989.109836, "delta": 0.004595}}
{"target": -12.34251086798378, "params": {"colsample_bytree": 0.3720877475048948, "eta": 0.07201464617336929, "gamma": 529.0239565353245, "max_depth": 4.0, "min_child_weight": 4221.586888952276, "num_boost_round": 47.0, "subsample": 0.29176398460973707}, "datetime": {"datetime": "2024-01-20 15:30:22", "elapsed": 3989.114434, "delta": 0.004598}}
{"target": -12.342804611119961, "params": {"colsample_bytree": 0.3720877475048948, "eta": 0.07201464617336929, "gamma": 529.0239565353245, "max_depth": 4.0, "min_child_weight": 4221.586888952276, "num_boost_round": 48.0, "subsample": 0.29176398460973707}, "datetime": {"datetime": "2024-01-20 15:30:22", "elapsed": 3989.119266, "delta": 0.004832}}
{"target": -12.343062314993801, "params": {"colsample_bytree": 0.3720877475048948, "eta": 0.07201464617336929, "gamma": 529.0239565353245, "max_depth": 4.0, "min_child_weight": 4221.586888952276, "num_boost_round": 49.0, "subsample": 0.29176398460973707}, "datetime": {"datetime": "2024-01-20 15:30:22", "elapsed": 3989.124157, "delta": 0.004891}}
{"target": -12.343003938883829, "params": {"colsample_bytree": 0.3720877475048948, "eta": 0.07201464617336929, "gamma": 529.0239565353245, "max_depth": 4.0, "min_child_weight": 4221.586888952276, "num_boost_round": 50.0, "subsample": 0.29176398460973707}, "datetime": {"datetime": "2024-01-20 15:30:22", "elapsed": 3989.129016, "delta": 0.004859}}
{"target": -12.342966198891837, "params": {"colsample_bytree": 0.3720877475048948, "eta": 0.07201464617336929, "gamma": 529.0239565353245, "max_depth": 4.0, "min_child_weight": 4221.586888952276, "num_boost_round": 51.0, "subsample": 0.29176398460973707}, "datetime": {"datetime": "2024-01-20 15:30:22", "elapsed": 3989.133907, "delta": 0.004891}}
{"target": -12.343005524872542, "params": {"colsample_bytree": 0.3720877475048948, "eta": 0.07201464617336929, "gamma": 529.0239565353245, "max_depth": 4.0, "min_child_weight": 4221.586888952276, "num_boost_round": 52.0, "subsample": 0.29176398460973707}, "datetime": {"datetime": "2024-01-20 15:30:22", "elapsed": 3989.13842, "delta": 0.004513}}
{"target": -12.34273911798187, "params": {"colsample_bytree": 0.3720877475048948, "eta": 0.07201464617336929, "gamma": 529.0239565353245, "max_depth": 4.0, "min_child_weight": 4221.586888952276, "num_boost_round": 53.0, "subsample": 0.29176398460973707}, "datetime": {"datetime": "2024-01-20 15:30:22", "elapsed": 3989.143111, "delta": 0.004691}}
{"target": -12.342207124914385, "params": {"colsample_bytree": 0.3720877475048948, "eta": 0.07201464617336929, "gamma": 529.0239565353245, "max_depth": 4.0, "min_child_weight": 4221.586888952276, "num_boost_round": 54.0, "subsample": 0.29176398460973707}, "datetime": {"datetime": "2024-01-20 15:30:22", "elapsed": 3989.147668, "delta": 0.004557}}
{"target": -12.342205875398633, "params": {"colsample_bytree": 0.3720877475048948, "eta": 0.07201464617336929, "gamma": 529.0239565353245, "max_depth": 4.0, "min_child_weight": 4221.586888952276, "num_boost_round": 55.0, "subsample": 0.29176398460973707}, "datetime": {"datetime": "2024-01-20 15:30:22", "elapsed": 3989.152305, "delta": 0.004637}}
{"target": -12.342270051960082, "params": {"colsample_bytree": 0.3720877475048948, "eta": 0.07201464617336929, "gamma": 529.0239565353245, "max_depth": 4.0, "min_child_weight": 4221.586888952276, "num_boost_round": 56.0, "subsample": 0.29176398460973707}, "datetime": {"datetime": "2024-01-20 15:30:22", "elapsed": 3989.157059, "delta": 0.004754}}
{"target": -12.342523592240259, "params": {"colsample_bytree": 0.3720877475048948, "eta": 0.07201464617336929, "gamma": 529.0239565353245, "max_depth": 4.0, "min_child_weight": 4221.586888952276, "num_boost_round": 57.0, "subsample": 0.29176398460973707}, "datetime": {"datetime": "2024-01-20 15:30:22", "elapsed": 3989.162169, "delta": 0.00511}}
{"target": -12.34271220934897, "params": {"colsample_bytree": 0.3720877475048948, "eta": 0.07201464617336929, "gamma": 529.0239565353245, "max_depth": 4.0, "min_child_weight": 4221.586888952276, "num_boost_round": 58.0, "subsample": 0.29176398460973707}, "datetime": {"datetime": "2024-01-20 15:30:22", "elapsed": 3989.166819, "delta": 0.00465}}
{"target": -12.342541994596594, "params": {"colsample_bytree": 0.3720877475048948, "eta": 0.07201464617336929, "gamma": 529.0239565353245, "max_depth": 4.0, "min_child_weight": 4221.586888952276, "num_boost_round": 59.0, "subsample": 0.29176398460973707}, "datetime": {"datetime": "2024-01-20 15:30:22", "elapsed": 3989.171418, "delta": 0.004599}}
{"target": -12.342733243707738, "params": {"colsample_bytree": 0.3720877475048948, "eta": 0.07201464617336929, "gamma": 529.0239565353245, "max_depth": 4.0, "min_child_weight": 4221.586888952276, "num_boost_round": 60.0, "subsample": 0.29176398460973707}, "datetime": {"datetime": "2024-01-20 15:30:22", "elapsed": 3989.175998, "delta": 0.00458}}
{"target": -12.342748832296994, "params": {"colsample_bytree": 0.3720877475048948, "eta": 0.07201464617336929, "gamma": 529.0239565353245, "max_depth": 4.0, "min_child_weight": 4221.586888952276, "num_boost_round": 61.0, "subsample": 0.29176398460973707}, "datetime": {"datetime": "2024-01-20 15:30:22", "elapsed": 3989.180706, "delta": 0.004708}}
{"target": -12.342763243483937, "params": {"colsample_bytree": 0.3720877475048948, "eta": 0.07201464617336929, "gamma": 529.0239565353245, "max_depth": 4.0, "min_child_weight": 4221.586888952276, "num_boost_round": 62.0, "subsample": 0.29176398460973707}, "datetime": {"datetime": "2024-01-20 15:30:22", "elapsed": 3989.185458, "delta": 0.004752}}
{"target": -12.342756146036468, "params": {"colsample_bytree": 0.3720877475048948, "eta": 0.07201464617336929, "gamma": 529.0239565353245, "max_depth": 4.0, "min_child_weight": 4221.586888952276, "num_boost_round": 63.0, "subsample": 0.29176398460973707}, "datetime": {"datetime": "2024-01-20 15:30:22", "elapsed": 3989.190432, "delta": 0.004974}}
{"target": -12.343137377174019, "params": {"colsample_bytree": 0.3720877475048948, "eta": 0.07201464617336929, "gamma": 529.0239565353245, "max_depth": 4.0, "min_child_weight": 4221.586888952276, "num_boost_round": 64.0, "subsample": 0.29176398460973707}, "datetime": {"datetime": "2024-01-20 15:30:22", "elapsed": 3989.195029, "delta": 0.004597}}
{"target": -12.343245622754967, "params": {"colsample_bytree": 0.3720877475048948, "eta": 0.07201464617336929, "gamma": 529.0239565353245, "max_depth": 4.0, "min_child_weight": 4221.586888952276, "num_boost_round": 65.0, "subsample": 0.29176398460973707}, "datetime": {"datetime": "2024-01-20 15:30:22", "elapsed": 3989.199778, "delta": 0.004749}}
{"target": -12.343330897234393, "params": {"colsample_bytree": 0.3720877475048948, "eta": 0.07201464617336929, "gamma": 529.0239565353245, "max_depth": 4.0, "min_child_weight": 4221.586888952276, "num_boost_round": 66.0, "subsample": 0.29176398460973707}, "datetime": {"datetime": "2024-01-20 15:30:22", "elapsed": 3989.204446, "delta": 0.004668}}
{"target": -12.343186231604566, "params": {"colsample_bytree": 0.3720877475048948, "eta": 0.07201464617336929, "gamma": 529.0239565353245, "max_depth": 4.0, "min_child_weight": 4221.586888952276, "num_boost_round": 67.0, "subsample": 0.29176398460973707}, "datetime": {"datetime": "2024-01-20 15:30:22", "elapsed": 3989.209057, "delta": 0.004611}}
{"target": -12.343502907859833, "params": {"colsample_bytree": 0.3720877475048948, "eta": 0.07201464617336929, "gamma": 529.0239565353245, "max_depth": 4.0, "min_child_weight": 4221.586888952276, "num_boost_round": 68.0, "subsample": 0.29176398460973707}, "datetime": {"datetime": "2024-01-20 15:30:22", "elapsed": 3989.213812, "delta": 0.004755}}
{"target": -12.343775977622812, "params": {"colsample_bytree": 0.3720877475048948, "eta": 0.07201464617336929, "gamma": 529.0239565353245, "max_depth": 4.0, "min_child_weight": 4221.586888952276, "num_boost_round": 69.0, "subsample": 0.29176398460973707}, "datetime": {"datetime": "2024-01-20 15:30:22", "elapsed": 3989.218932, "delta": 0.00512}}
{"target": -12.343949064319764, "params": {"colsample_bytree": 0.3720877475048948, "eta": 0.07201464617336929, "gamma": 529.0239565353245, "max_depth": 4.0, "min_child_weight": 4221.586888952276, "num_boost_round": 70.0, "subsample": 0.29176398460973707}, "datetime": {"datetime": "2024-01-20 15:30:22", "elapsed": 3989.223703, "delta": 0.004771}}
{"target": -12.343674106035502, "params": {"colsample_bytree": 0.3720877475048948, "eta": 0.07201464617336929, "gamma": 529.0239565353245, "max_depth": 4.0, "min_child_weight": 4221.586888952276, "num_boost_round": 71.0, "subsample": 0.29176398460973707}, "datetime": {"datetime": "2024-01-20 15:30:22", "elapsed": 3989.228511, "delta": 0.004808}}
{"target": -12.343612016529697, "params": {"colsample_bytree": 0.3720877475048948, "eta": 0.07201464617336929, "gamma": 529.0239565353245, "max_depth": 4.0, "min_child_weight": 4221.586888952276, "num_boost_round": 72.0, "subsample": 0.29176398460973707}, "datetime": {"datetime": "2024-01-20 15:30:22", "elapsed": 3989.233097, "delta": 0.004586}}
{"target": -12.343621821477036, "params": {"colsample_bytree": 0.3720877475048948, "eta": 0.07201464617336929, "gamma": 529.0239565353245, "max_depth": 4.0, "min_child_weight": 4221.586888952276, "num_boost_round": 73.0, "subsample": 0.29176398460973707}, "datetime": {"datetime": "2024-01-20 15:30:22", "elapsed": 3989.237687, "delta": 0.00459}}
{"target": -12.34354756075478, "params": {"colsample_bytree": 0.3720877475048948, "eta": 0.07201464617336929, "gamma": 529.0239565353245, "max_depth": 4.0, "min_child_weight": 4221.586888952276, "num_boost_round": 74.0, "subsample": 0.29176398460973707}, "datetime": {"datetime": "2024-01-20 15:30:22", "elapsed": 3989.24254, "delta": 0.004853}}
{"target": -12.34334567779868, "params": {"colsample_bytree": 0.3720877475048948, "eta": 0.07201464617336929, "gamma": 529.0239565353245, "max_depth": 4.0, "min_child_weight": 4221.586888952276, "num_boost_round": 75.0, "subsample": 0.29176398460973707}, "datetime": {"datetime": "2024-01-20 15:30:22", "elapsed": 3989.247456, "delta": 0.004916}}
{"target": -12.343508402767693, "params": {"colsample_bytree": 0.3720877475048948, "eta": 0.07201464617336929, "gamma": 529.0239565353245, "max_depth": 4.0, "min_child_weight": 4221.586888952276, "num_boost_round": 76.0, "subsample": 0.29176398460973707}, "datetime": {"datetime": "2024-01-20 15:30:22", "elapsed": 3989.251994, "delta": 0.004538}}
{"target": -12.34366571980054, "params": {"colsample_bytree": 0.3720877475048948, "eta": 0.07201464617336929, "gamma": 529.0239565353245, "max_depth": 4.0, "min_child_weight": 4221.586888952276, "num_boost_round": 77.0, "subsample": 0.29176398460973707}, "datetime": {"datetime": "2024-01-20 15:30:22", "elapsed": 3989.256612, "delta": 0.004618}}
{"target": -12.343756255049477, "params": {"colsample_bytree": 0.3720877475048948, "eta": 0.07201464617336929, "gamma": 529.0239565353245, "max_depth": 4.0, "min_child_weight": 4221.586888952276, "num_boost_round": 78.0, "subsample": 0.29176398460973707}, "datetime": {"datetime": "2024-01-20 15:30:22", "elapsed": 3989.26142, "delta": 0.004808}}
{"target": -12.343879384708204, "params": {"colsample_bytree": 0.3720877475048948, "eta": 0.07201464617336929, "gamma": 529.0239565353245, "max_depth": 4.0, "min_child_weight": 4221.586888952276, "num_boost_round": 79.0, "subsample": 0.29176398460973707}, "datetime": {"datetime": "2024-01-20 15:30:22", "elapsed": 3989.266213, "delta": 0.004793}}
{"target": -12.343717916112537, "params": {"colsample_bytree": 0.3720877475048948, "eta": 0.07201464617336929, "gamma": 529.0239565353245, "max_depth": 4.0, "min_child_weight": 4221.586888952276, "num_boost_round": 80.0, "subsample": 0.29176398460973707}, "datetime": {"datetime": "2024-01-20 15:30:22", "elapsed": 3989.271239, "delta": 0.005026}}
{"target": -12.343758024759603, "params": {"colsample_bytree": 0.3720877475048948, "eta": 0.07201464617336929, "gamma": 529.0239565353245, "max_depth": 4.0, "min_child_weight": 4221.586888952276, "num_boost_round": 81.0, "subsample": 0.29176398460973707}, "datetime": {"datetime": "2024-01-20 15:30:23", "elapsed": 3989.278885, "delta": 0.007646}}
{"target": -12.343840276538396, "params": {"colsample_bytree": 0.3720877475048948, "eta": 0.07201464617336929, "gamma": 529.0239565353245, "max_depth": 4.0, "min_child_weight": 4221.586888952276, "num_boost_round": 82.0, "subsample": 0.29176398460973707}, "datetime": {"datetime": "2024-01-20 15:30:23", "elapsed": 3989.285233, "delta": 0.006348}}
{"target": -12.343745026605001, "params": {"colsample_bytree": 0.3720877475048948, "eta": 0.07201464617336929, "gamma": 529.0239565353245, "max_depth": 4.0, "min_child_weight": 4221.586888952276, "num_boost_round": 83.0, "subsample": 0.29176398460973707}, "datetime": {"datetime": "2024-01-20 15:30:23", "elapsed": 3989.292558, "delta": 0.007325}}
{"target": -12.34377445010614, "params": {"colsample_bytree": 0.3720877475048948, "eta": 0.07201464617336929, "gamma": 529.0239565353245, "max_depth": 4.0, "min_child_weight": 4221.586888952276, "num_boost_round": 84.0, "subsample": 0.29176398460973707}, "datetime": {"datetime": "2024-01-20 15:30:23", "elapsed": 3989.298334, "delta": 0.005776}}
{"target": -12.343750270514139, "params": {"colsample_bytree": 0.3720877475048948, "eta": 0.07201464617336929, "gamma": 529.0239565353245, "max_depth": 4.0, "min_child_weight": 4221.586888952276, "num_boost_round": 85.0, "subsample": 0.29176398460973707}, "datetime": {"datetime": "2024-01-20 15:30:23", "elapsed": 3989.303246, "delta": 0.004912}}
{"target": -12.343810130097324, "params": {"colsample_bytree": 0.3720877475048948, "eta": 0.07201464617336929, "gamma": 529.0239565353245, "max_depth": 4.0, "min_child_weight": 4221.586888952276, "num_boost_round": 86.0, "subsample": 0.29176398460973707}, "datetime": {"datetime": "2024-01-20 15:30:23", "elapsed": 3989.308083, "delta": 0.004837}}
{"target": -12.343811701725645, "params": {"colsample_bytree": 0.3720877475048948, "eta": 0.07201464617336929, "gamma": 529.0239565353245, "max_depth": 4.0, "min_child_weight": 4221.586888952276, "num_boost_round": 87.0, "subsample": 0.29176398460973707}, "datetime": {"datetime": "2024-01-20 15:30:23", "elapsed": 3989.313081, "delta": 0.004998}}
{"target": -12.34391538054592, "params": {"colsample_bytree": 0.3720877475048948, "eta": 0.07201464617336929, "gamma": 529.0239565353245, "max_depth": 4.0, "min_child_weight": 4221.586888952276, "num_boost_round": 88.0, "subsample": 0.29176398460973707}, "datetime": {"datetime": "2024-01-20 15:30:23", "elapsed": 3989.677569, "delta": 0.364488}}
{"target": -12.344340364632114, "params": {"colsample_bytree": 0.3720877475048948, "eta": 0.07201464617336929, "gamma": 529.0239565353245, "max_depth": 4.0, "min_child_weight": 4221.586888952276, "num_boost_round": 89.0, "subsample": 0.29176398460973707}, "datetime": {"datetime": "2024-01-20 15:30:23", "elapsed": 3989.68317, "delta": 0.005601}}
{"target": -12.344550496239023, "params": {"colsample_bytree": 0.3720877475048948, "eta": 0.07201464617336929, "gamma": 529.0239565353245, "max_depth": 4.0, "min_child_weight": 4221.586888952276, "num_boost_round": 90.0, "subsample": 0.29176398460973707}, "datetime": {"datetime": "2024-01-20 15:30:23", "elapsed": 3989.688114, "delta": 0.004944}}
{"target": -12.344427276526826, "params": {"colsample_bytree": 0.3720877475048948, "eta": 0.07201464617336929, "gamma": 529.0239565353245, "max_depth": 4.0, "min_child_weight": 4221.586888952276, "num_boost_round": 91.0, "subsample": 0.29176398460973707}, "datetime": {"datetime": "2024-01-20 15:30:23", "elapsed": 3989.693575, "delta": 0.005461}}
{"target": -12.344408757300558, "params": {"colsample_bytree": 0.3720877475048948, "eta": 0.07201464617336929, "gamma": 529.0239565353245, "max_depth": 4.0, "min_child_weight": 4221.586888952276, "num_boost_round": 92.0, "subsample": 0.29176398460973707}, "datetime": {"datetime": "2024-01-20 15:30:23", "elapsed": 3989.698775, "delta": 0.0052}}
{"target": -12.34458929008796, "params": {"colsample_bytree": 0.3720877475048948, "eta": 0.07201464617336929, "gamma": 529.0239565353245, "max_depth": 4.0, "min_child_weight": 4221.586888952276, "num_boost_round": 93.0, "subsample": 0.29176398460973707}, "datetime": {"datetime": "2024-01-20 15:30:23", "elapsed": 3989.703734, "delta": 0.004959}}
{"target": -12.344585372180594, "params": {"colsample_bytree": 0.3720877475048948, "eta": 0.07201464617336929, "gamma": 529.0239565353245, "max_depth": 4.0, "min_child_weight": 4221.586888952276, "num_boost_round": 94.0, "subsample": 0.29176398460973707}, "datetime": {"datetime": "2024-01-20 15:30:23", "elapsed": 3989.709954, "delta": 0.00622}}
{"target": -12.344844134084017, "params": {"colsample_bytree": 0.3720877475048948, "eta": 0.07201464617336929, "gamma": 529.0239565353245, "max_depth": 4.0, "min_child_weight": 4221.586888952276, "num_boost_round": 95.0, "subsample": 0.29176398460973707}, "datetime": {"datetime": "2024-01-20 15:30:23", "elapsed": 3989.714938, "delta": 0.004984}}
{"target": -12.344976533881034, "params": {"colsample_bytree": 0.3720877475048948, "eta": 0.07201464617336929, "gamma": 529.0239565353245, "max_depth": 4.0, "min_child_weight": 4221.586888952276, "num_boost_round": 96.0, "subsample": 0.29176398460973707}, "datetime": {"datetime": "2024-01-20 15:30:23", "elapsed": 3989.71982, "delta": 0.004882}}
{"target": -12.344854228541305, "params": {"colsample_bytree": 0.3720877475048948, "eta": 0.07201464617336929, "gamma": 529.0239565353245, "max_depth": 4.0, "min_child_weight": 4221.586888952276, "num_boost_round": 97.0, "subsample": 0.29176398460973707}, "datetime": {"datetime": "2024-01-20 15:30:23", "elapsed": 3989.72482, "delta": 0.005}}
