{"target": -10.298646453043064, "params": {"colsample_bytree": 0.41301478454453233, "eta": 0.0524103162147363, "gamma": 529.7822495902168, "max_depth": 5.0, "min_child_weight": 4791.141514484711, "num_boost_round": 10.0, "subsample": 0.2598775461574576}, "datetime": {"datetime": "2024-01-20 16:33:12", "elapsed": 11489.851201, "delta": 0.007685}}
{"target": -10.298484030444643, "params": {"colsample_bytree": 0.41301478454453233, "eta": 0.0524103162147363, "gamma": 529.7822495902168, "max_depth": 5.0, "min_child_weight": 4791.141514484711, "num_boost_round": 11.0, "subsample": 0.2598775461574576}, "datetime": {"datetime": "2024-01-20 16:33:12", "elapsed": 11489.859086, "delta": 0.007885}}
{"target": -10.29873679495645, "params": {"colsample_bytree": 0.41301478454453233, "eta": 0.0524103162147363, "gamma": 529.7822495902168, "max_depth": 5.0, "min_child_weight": 4791.141514484711, "num_boost_round": 12.0, "subsample": 0.2598775461574576}, "datetime": {"datetime": "2024-01-20 16:33:12", "elapsed": 11489.866831, "delta": 0.007745}}
{"target": -10.298512490280844, "params": {"colsample_bytree": 0.41301478454453233, "eta": 0.0524103162147363, "gamma": 529.7822495902168, "max_depth": 5.0, "min_child_weight": 4791.141514484711, "num_boost_round": 13.0, "subsample": 0.2598775461574576}, "datetime": {"datetime": "2024-01-20 16:33:12", "elapsed": 11489.87393, "delta": 0.007099}}
{"target": -10.298699319338816, "params": {"colsample_bytree": 0.41301478454453233, "eta": 0.0524103162147363, "gamma": 529.7822495902168, "max_depth": 5.0, "min_child_weight": 4791.141514484711, "num_boost_round": 14.0, "subsample": 0.2598775461574576}, "datetime": {"datetime": "2024-01-20 16:33:12", "elapsed": 11489.881536, "delta": 0.007606}}
{"target": -10.29895810690953, "params": {"colsample_bytree": 0.41301478454453233, "eta": 0.0524103162147363, "gamma": 529.7822495902168, "max_depth": 5.0, "min_child_weight": 4791.141514484711, "num_boost_round": 15.0, "subsample": 0.2598775461574576}, "datetime": {"datetime": "2024-01-20 16:33:12", "elapsed": 11489.889185, "delta": 0.007649}}
{"target": -10.298746839410946, "params": {"colsample_bytree": 0.41301478454453233, "eta": 0.0524103162147363, "gamma": 529.7822495902168, "max_depth": 5.0, "min_child_weight": 4791.141514484711, "num_boost_round": 16.0, "subsample": 0.2598775461574576}, "datetime": {"datetime": "2024-01-20 16:33:12", "elapsed": 11489.899258, "delta": 0.010073}}
{"target": -10.298972290166667, "params": {"colsample_bytree": 0.41301478454453233, "eta": 0.0524103162147363, "gamma": 529.7822495902168, "max_depth": 5.0, "min_child_weight": 4791.141514484711, "num_boost_round": 17.0, "subsample": 0.2598775461574576}, "datetime": {"datetime": "2024-01-20 16:33:12", "elapsed": 11489.906893, "delta": 0.007635}}
{"target": -10.299092744873398, "params": {"colsample_bytree": 0.41301478454453233, "eta": 0.0524103162147363, "gamma": 529.7822495902168, "max_depth": 5.0, "min_child_weight": 4791.141514484711, "num_boost_round": 18.0, "subsample": 0.2598775461574576}, "datetime": {"datetime": "2024-01-20 16:33:12", "elapsed": 11489.914569, "delta": 0.007676}}
{"target": -10.299386196150177, "params": {"colsample_bytree": 0.41301478454453233, "eta": 0.0524103162147363, "gamma": 529.7822495902168, "max_depth": 5.0, "min_child_weight": 4791.141514484711, "num_boost_round": 19.0, "subsample": 0.2598775461574576}, "datetime": {"datetime": "2024-01-20 16:33:12", "elapsed": 11489.921848, "delta": 0.007279}}
{"target": -10.299288279555892, "params": {"colsample_bytree": 0.41301478454453233, "eta": 0.0524103162147363, "gamma": 529.7822495902168, "max_depth": 5.0, "min_child_weight": 4791.141514484711, "num_boost_round": 20.0, "subsample": 0.2598775461574576}, "datetime": {"datetime": "2024-01-20 16:33:12", "elapsed": 11489.929559, "delta": 0.007711}}
{"target": -10.299437477957635, "params": {"colsample_bytree": 0.41301478454453233, "eta": 0.0524103162147363, "gamma": 529.7822495902168, "max_depth": 5.0, "min_child_weight": 4791.141514484711, "num_boost_round": 21.0, "subsample": 0.2598775461574576}, "datetime": {"datetime": "2024-01-20 16:33:12", "elapsed": 11489.937008, "delta": 0.007449}}
{"target": -10.299579099614391, "params": {"colsample_bytree": 0.41301478454453233, "eta": 0.0524103162147363, "gamma": 529.7822495902168, "max_depth": 5.0, "min_child_weight": 4791.141514484711, "num_boost_round": 22.0, "subsample": 0.2598775461574576}, "datetime": {"datetime": "2024-01-20 16:33:12", "elapsed": 11489.945021, "delta": 0.008013}}
{"target": -10.299867735191786, "params": {"colsample_bytree": 0.41301478454453233, "eta": 0.0524103162147363, "gamma": 529.7822495902168, "max_depth": 5.0, "min_child_weight": 4791.141514484711, "num_boost_round": 23.0, "subsample": 0.2598775461574576}, "datetime": {"datetime": "2024-01-20 16:33:12", "elapsed": 11489.952845, "delta": 0.007824}}
{"target": -10.299892945275499, "params": {"colsample_bytree": 0.41301478454453233, "eta": 0.0524103162147363, "gamma": 529.7822495902168, "max_depth": 5.0, "min_child_weight": 4791.141514484711, "num_boost_round": 24.0, "subsample": 0.2598775461574576}, "datetime": {"datetime": "2024-01-20 16:33:12", "elapsed": 11489.960885, "delta": 0.00804}}
{"target": -10.299996012323763, "params": {"colsample_bytree": 0.41301478454453233, "eta": 0.0524103162147363, "gamma": 529.7822495902168, "max_depth": 5.0, "min_child_weight": 4791.141514484711, "num_boost_round": 25.0, "subsample": 0.2598775461574576}, "datetime": {"datetime": "2024-01-20 16:33:12", "elapsed": 11489.967904, "delta": 0.007019}}
{"target": -10.300339086927002, "params": {"colsample_bytree": 0.41301478454453233, "eta": 0.0524103162147363, "gamma": 529.7822495902168, "max_depth": 5.0, "min_child_weight": 4791.141514484711, "num_boost_round": 26.0, "subsample": 0.2598775461574576}, "datetime": {"datetime": "2024-01-20 16:33:12", "elapsed": 11489.975597, "delta": 0.007693}}
{"target": -10.300269308048161, "params": {"colsample_bytree": 0.41301478454453233, "eta": 0.0524103162147363, "gamma": 529.7822495902168, "max_depth": 5.0, "min_child_weight": 4791.141514484711, "num_boost_round": 27.0, "subsample": 0.2598775461574576}, "datetime": {"datetime": "2024-01-20 16:33:12", "elapsed": 11489.983233, "delta": 0.007636}}
{"target": -10.300291181675114, "params": {"colsample_bytree": 0.41301478454453233, "eta": 0.0524103162147363, "gamma": 529.7822495902168, "max_depth": 5.0, "min_child_weight": 4791.141514484711, "num_boost_round": 28.0, "subsample": 0.2598775461574576}, "datetime": {"datetime": "2024-01-20 16:33:12", "elapsed": 11489.991354, "delta": 0.008121}}
{"target": -10.300779650621825, "params": {"colsample_bytree": 0.41301478454453233, "eta": 0.0524103162147363, "gamma": 529.7822495902168, "max_depth": 5.0, "min_child_weight": 4791.141514484711, "num_boost_round": 29.0, "subsample": 0.2598775461574576}, "datetime": {"datetime": "2024-01-20 16:33:12", "elapsed": 11490.001167, "delta": 0.009813}}
{"target": -10.300912358606713, "params": {"colsample_bytree": 0.41301478454453233, "eta": 0.0524103162147363, "gamma": 529.7822495902168, "max_depth": 5.0, "min_child_weight": 4791.141514484711, "num_boost_round": 30.0, "subsample": 0.2598775461574576}, "datetime": {"datetime": "2024-01-20 16:33:12", "elapsed": 11490.009473, "delta": 0.008306}}
{"target": -10.30108695943408, "params": {"colsample_bytree": 0.41301478454453233, "eta": 0.0524103162147363, "gamma": 529.7822495902168, "max_depth": 5.0, "min_child_weight": 4791.141514484711, "num_boost_round": 31.0, "subsample": 0.2598775461574576}, "datetime": {"datetime": "2024-01-20 16:33:12", "elapsed": 11490.017493, "delta": 0.00802}}
{"target": -10.301204587223406, "params": {"colsample_bytree": 0.41301478454453233, "eta": 0.0524103162147363, "gamma": 529.7822495902168, "max_depth": 5.0, "min_child_weight": 4791.141514484711, "num_boost_round": 32.0, "subsample": 0.2598775461574576}, "datetime": {"datetime": "2024-01-20 16:33:12", "elapsed": 11490.025359, "delta": 0.007866}}
{"target": -10.30143815058198, "params": {"colsample_bytree": 0.41301478454453233, "eta": 0.0524103162147363, "gamma": 529.7822495902168, "max_depth": 5.0, "min_child_weight": 4791.141514484711, "num_boost_round": 33.0, "subsample": 0.2598775461574576}, "datetime": {"datetime": "2024-01-20 16:33:12", "elapsed": 11490.032607, "delta": 0.007248}}
{"target": -10.301484801040676, "params": {"colsample_bytree": 0.41301478454453233, "eta": 0.0524103162147363, "gamma": 529.7822495902168, "max_depth": 5.0, "min_child_weight": 4791.141514484711, "num_boost_round": 34.0, "subsample": 0.2598775461574576}, "datetime": {"datetime": "2024-01-20 16:33:12", "elapsed": 11490.040163, "delta": 0.007556}}
{"target": -10.301435741998787, "params": {"colsample_bytree": 0.41301478454453233, "eta": 0.0524103162147363, "gamma": 529.7822495902168, "max_depth": 5.0, "min_child_weight": 4791.141514484711, "num_boost_round": 35.0, "subsample": 0.2598775461574576}, "datetime": {"datetime": "2024-01-20 16:33:12", "elapsed": 11490.048123, "delta": 0.00796}}
{"target": -10.301638281745664, "params": {"colsample_bytree": 0.41301478454453233, "eta": 0.0524103162147363, "gamma": 529.7822495902168, "max_depth": 5.0, "min_child_weight": 4791.141514484711, "num_boost_round": 36.0, "subsample": 0.2598775461574576}, "datetime": {"datetime": "2024-01-20 16:33:12", "elapsed": 11490.056189, "delta": 0.008066}}
{"target": -10.301818026739394, "params": {"colsample_bytree": 0.41301478454453233, "eta": 0.0524103162147363, "gamma": 529.7822495902168, "max_depth": 5.0, "min_child_weight": 4791.141514484711, "num_boost_round": 37.0, "subsample": 0.2598775461574576}, "datetime": {"datetime": "2024-01-20 16:33:12", "elapsed": 11490.063805, "delta": 0.007616}}
{"target": -10.301873984783434, "params": {"colsample_bytree": 0.41301478454453233, "eta": 0.0524103162147363, "gamma": 529.7822495902168, "max_depth": 5.0, "min_child_weight": 4791.141514484711, "num_boost_round": 38.0, "subsample": 0.2598775461574576}, "datetime": {"datetime": "2024-01-20 16:33:12", "elapsed": 11490.071579, "delta": 0.007774}}
{"target": -10.301864296247718, "params": {"colsample_bytree": 0.41301478454453233, "eta": 0.0524103162147363, "gamma": 529.7822495902168, "max_depth": 5.0, "min_child_weight": 4791.141514484711, "num_boost_round": 39.0, "subsample": 0.2598775461574576}, "datetime": {"datetime": "2024-01-20 16:33:12", "elapsed": 11490.079757, "delta": 0.008178}}
{"target": -10.301988296943783, "params": {"colsample_bytree": 0.41301478454453233, "eta": 0.0524103162147363, "gamma": 529.7822495902168, "max_depth": 5.0, "min_child_weight": 4791.141514484711, "num_boost_round": 40.0, "subsample": 0.2598775461574576}, "datetime": {"datetime": "2024-01-20 16:33:12", "elapsed": 11490.087579, "delta": 0.007822}}
{"target": -10.301891298759053, "params": {"colsample_bytree": 0.41301478454453233, "eta": 0.0524103162147363, "gamma": 529.7822495902168, "max_depth": 5.0, "min_child_weight": 4791.141514484711, "num_boost_round": 41.0, "subsample": 0.2598775461574576}, "datetime": {"datetime": "2024-01-20 16:33:12", "elapsed": 11490.095408, "delta": 0.007829}}
{"target": -10.301896602862726, "params": {"colsample_bytree": 0.41301478454453233, "eta": 0.0524103162147363, "gamma": 529.7822495902168, "max_depth": 5.0, "min_child_weight": 4791.141514484711, "num_boost_round": 42.0, "subsample": 0.2598775461574576}, "datetime": {"datetime": "2024-01-20 16:33:12", "elapsed": 11490.103277, "delta": 0.007869}}
{"target": -10.302075222102562, "params": {"colsample_bytree": 0.41301478454453233, "eta": 0.0524103162147363, "gamma": 529.7822495902168, "max_depth": 5.0, "min_child_weight": 4791.141514484711, "num_boost_round": 43.0, "subsample": 0.2598775461574576}, "datetime": {"datetime": "2024-01-20 16:33:12", "elapsed": 11490.113504, "delta": 0.010227}}
{"target": -10.302109441869145, "params": {"colsample_bytree": 0.41301478454453233, "eta": 0.0524103162147363, "gamma": 529.7822495902168, "max_depth": 5.0, "min_child_weight": 4791.141514484711, "num_boost_round": 44.0, "subsample": 0.2598775461574576}, "datetime": {"datetime": "2024-01-20 16:33:12", "elapsed": 11490.121858, "delta": 0.008354}}
{"target": -10.30197944971272, "params": {"colsample_bytree": 0.41301478454453233, "eta": 0.0524103162147363, "gamma": 529.7822495902168, "max_depth": 5.0, "min_child_weight": 4791.141514484711, "num_boost_round": 45.0, "subsample": 0.2598775461574576}, "datetime": {"datetime": "2024-01-20 16:33:12", "elapsed": 11490.128871, "delta": 0.007013}}
{"target": -10.301970505959215, "params": {"colsample_bytree": 0.41301478454453233, "eta": 0.0524103162147363, "gamma": 529.7822495902168, "max_depth": 5.0, "min_child_weight": 4791.141514484711, "num_boost_round": 46.0, "subsample": 0.2598775461574576}, "datetime": {"datetime": "2024-01-20 16:33:12", "elapsed": 11490.136389, "delta": 0.007518}}
{"target": -10.30221181103655, "params": {"colsample_bytree": 0.41301478454453233, "eta": 0.0524103162147363, "gamma": 529.7822495902168, "max_depth": 5.0, "min_child_weight": 4791.141514484711, "num_boost_round": 47.0, "subsample": 0.2598775461574576}, "datetime": {"datetime": "2024-01-20 16:33:12", "elapsed": 11490.14432, "delta": 0.007931}}
{"target": -10.302184365441601, "params": {"colsample_bytree": 0.41301478454453233, "eta": 0.0524103162147363, "gamma": 529.7822495902168, "max_depth": 5.0, "min_child_weight": 4791.141514484711, "num_boost_round": 48.0, "subsample": 0.2598775461574576}, "datetime": {"datetime": "2024-01-20 16:33:12", "elapsed": 11490.152005, "delta": 0.007685}}
{"target": -10.302214728428465, "params": {"colsample_bytree": 0.41301478454453233, "eta": 0.0524103162147363, "gamma": 529.7822495902168, "max_depth": 5.0, "min_child_weight": 4791.141514484711, "num_boost_round": 49.0, "subsample": 0.2598775461574576}, "datetime": {"datetime": "2024-01-20 16:33:12", "elapsed": 11490.160224, "delta": 0.008219}}
{"target": -10.302399497638532, "params": {"colsample_bytree": 0.41301478454453233, "eta": 0.0524103162147363, "gamma": 529.7822495902168, "max_depth": 5.0, "min_child_weight": 4791.141514484711, "num_boost_round": 50.0, "subsample": 0.2598775461574576}, "datetime": {"datetime": "2024-01-20 16:33:12", "elapsed": 11490.168496, "delta": 0.008272}}
{"target": -10.302610822028033, "params": {"colsample_bytree": 0.41301478454453233, "eta": 0.0524103162147363, "gamma": 529.7822495902168, "max_depth": 5.0, "min_child_weight": 4791.141514484711, "num_boost_round": 51.0, "subsample": 0.2598775461574576}, "datetime": {"datetime": "2024-01-20 16:33:12", "elapsed": 11490.176852, "delta": 0.008356}}
{"target": -10.302728615394763, "params": {"colsample_bytree": 0.41301478454453233, "eta": 0.0524103162147363, "gamma": 529.7822495902168, "max_depth": 5.0, "min_child_weight": 4791.141514484711, "num_boost_round": 52.0, "subsample": 0.2598775461574576}, "datetime": {"datetime": "2024-01-20 16:33:12", "elapsed": 11490.184811, "delta": 0.007959}}
{"target": -10.302674875161177, "params": {"colsample_bytree": 0.41301478454453233, "eta": 0.0524103162147363, "gamma": 529.7822495902168, "max_depth": 5.0, "min_child_weight": 4791.141514484711, "num_boost_round": 53.0, "subsample": 0.2598775461574576}, "datetime": {"datetime": "2024-01-20 16:33:12", "elapsed": 11490.192419, "delta": 0.007608}}
{"target": -10.302638739219901, "params": {"colsample_bytree": 0.41301478454453233, "eta": 0.0524103162147363, "gamma": 529.7822495902168, "max_depth": 5.0, "min_child_weight": 4791.141514484711, "num_boost_round": 54.0, "subsample": 0.2598775461574576}, "datetime": {"datetime": "2024-01-20 16:33:12", "elapsed": 11490.200171, "delta": 0.007752}}
{"target": -10.30283831543463, "params": {"colsample_bytree": 0.41301478454453233, "eta": 0.0524103162147363, "gamma": 529.7822495902168, "max_depth": 5.0, "min_child_weight": 4791.141514484711, "num_boost_round": 55.0, "subsample": 0.2598775461574576}, "datetime": {"datetime": "2024-01-20 16:33:12", "elapsed": 11490.20801, "delta": 0.007839}}
{"target": -10.302872502131722, "params": {"colsample_bytree": 0.41301478454453233, "eta": 0.0524103162147363, "gamma": 529.7822495902168, "max_depth": 5.0, "min_child_weight": 4791.141514484711, "num_boost_round": 56.0, "subsample": 0.2598775461574576}, "datetime": {"datetime": "2024-01-20 16:33:12", "elapsed": 11490.217576, "delta": 0.009566}}
{"target": -10.303060612298367, "params": {"colsample_bytree": 0.41301478454453233, "eta": 0.0524103162147363, "gamma": 529.7822495902168, "max_depth": 5.0, "min_child_weight": 4791.141514484711, "num_boost_round": 57.0, "subsample": 0.2598775461574576}, "datetime": {"datetime": "2024-01-20 16:33:12", "elapsed": 11490.225377, "delta": 0.007801}}
{"target": -10.30308231027645, "params": {"colsample_bytree": 0.41301478454453233, "eta": 0.0524103162147363, "gamma": 529.7822495902168, "max_depth": 5.0, "min_child_weight": 4791.141514484711, "num_boost_round": 58.0, "subsample": 0.2598775461574576}, "datetime": {"datetime": "2024-01-20 16:33:12", "elapsed": 11490.233724, "delta": 0.008347}}
{"target": -10.303316846749457, "params": {"colsample_bytree": 0.41301478454453233, "eta": 0.0524103162147363, "gamma": 529.7822495902168, "max_depth": 5.0, "min_child_weight": 4791.141514484711, "num_boost_round": 59.0, "subsample": 0.2598775461574576}, "datetime": {"datetime": "2024-01-20 16:33:12", "elapsed": 11490.241425, "delta": 0.007701}}
{"target": -10.303338686817394, "params": {"colsample_bytree": 0.41301478454453233, "eta": 0.0524103162147363, "gamma": 529.7822495902168, "max_depth": 5.0, "min_child_weight": 4791.141514484711, "num_boost_round": 60.0, "subsample": 0.2598775461574576}, "datetime": {"datetime": "2024-01-20 16:33:12", "elapsed": 11490.249216, "delta": 0.007791}}
{"target": -10.303424220997929, "params": {"colsample_bytree": 0.41301478454453233, "eta": 0.0524103162147363, "gamma": 529.7822495902168, "max_depth": 5.0, "min_child_weight": 4791.141514484711, "num_boost_round": 61.0, "subsample": 0.2598775461574576}, "datetime": {"datetime": "2024-01-20 16:33:12", "elapsed": 11490.256482, "delta": 0.007266}}
{"target": -10.303461561719779, "params": {"colsample_bytree": 0.41301478454453233, "eta": 0.0524103162147363, "gamma": 529.7822495902168, "max_depth": 5.0, "min_child_weight": 4791.141514484711, "num_boost_round": 62.0, "subsample": 0.2598775461574576}, "datetime": {"datetime": "2024-01-20 16:33:12", "elapsed": 11490.26402, "delta": 0.007538}}
{"target": -10.303518096556031, "params": {"colsample_bytree": 0.41301478454453233, "eta": 0.0524103162147363, "gamma": 529.7822495902168, "max_depth": 5.0, "min_child_weight": 4791.141514484711, "num_boost_round": 63.0, "subsample": 0.2598775461574576}, "datetime": {"datetime": "2024-01-20 16:33:12", "elapsed": 11490.271491, "delta": 0.007471}}
{"target": -10.303528534409649, "params": {"colsample_bytree": 0.41301478454453233, "eta": 0.0524103162147363, "gamma": 529.7822495902168, "max_depth": 5.0, "min_child_weight": 4791.141514484711, "num_boost_round": 64.0, "subsample": 0.2598775461574576}, "datetime": {"datetime": "2024-01-20 16:33:12", "elapsed": 11490.279334, "delta": 0.007843}}
{"target": -10.30352432900802, "params": {"colsample_bytree": 0.41301478454453233, "eta": 0.0524103162147363, "gamma": 529.7822495902168, "max_depth": 5.0, "min_child_weight": 4791.141514484711, "num_boost_round": 65.0, "subsample": 0.2598775461574576}, "datetime": {"datetime": "2024-01-20 16:33:12", "elapsed": 11490.286609, "delta": 0.007275}}
{"target": -10.303621210455598, "params": {"colsample_bytree": 0.41301478454453233, "eta": 0.0524103162147363, "gamma": 529.7822495902168, "max_depth": 5.0, "min_child_weight": 4791.141514484711, "num_boost_round": 66.0, "subsample": 0.2598775461574576}, "datetime": {"datetime": "2024-01-20 16:33:12", "elapsed": 11490.294569, "delta": 0.00796}}
{"target": -10.303789860909962, "params": {"colsample_bytree": 0.41301478454453233, "eta": 0.0524103162147363, "gamma": 529.7822495902168, "max_depth": 5.0, "min_child_weight": 4791.141514484711, "num_boost_round": 67.0, "subsample": 0.2598775461574576}, "datetime": {"datetime": "2024-01-20 16:33:12", "elapsed": 11490.30235, "delta": 0.007781}}
{"target": -10.303954243244174, "params": {"colsample_bytree": 0.41301478454453233, "eta": 0.0524103162147363, "gamma": 529.7822495902168, "max_depth": 5.0, "min_child_weight": 4791.141514484711, "num_boost_round": 68.0, "subsample": 0.2598775461574576}, "datetime": {"datetime": "2024-01-20 16:33:12", "elapsed": 11490.310543, "delta": 0.008193}}
{"target": -10.30402703369069, "params": {"colsample_bytree": 0.41301478454453233, "eta": 0.0524103162147363, "gamma": 529.7822495902168, "max_depth": 5.0, "min_child_weight": 4791.141514484711, "num_boost_round": 69.0, "subsample": 0.2598775461574576}, "datetime": {"datetime": "2024-01-20 16:33:12", "elapsed": 11490.320964, "delta": 0.010421}}
{"target": -10.304000714219372, "params": {"colsample_bytree": 0.41301478454453233, "eta": 0.0524103162147363, "gamma": 529.7822495902168, "max_depth": 5.0, "min_child_weight": 4791.141514484711, "num_boost_round": 70.0, "subsample": 0.2598775461574576}, "datetime": {"datetime": "2024-01-20 16:33:12", "elapsed": 11490.330232, "delta": 0.009268}}
{"target": -10.304120965408167, "params": {"colsample_bytree": 0.41301478454453233, "eta": 0.0524103162147363, "gamma": 529.7822495902168, "max_depth": 5.0, "min_child_weight": 4791.141514484711, "num_boost_round": 71.0, "subsample": 0.2598775461574576}, "datetime": {"datetime": "2024-01-20 16:33:12", "elapsed": 11490.339757, "delta": 0.009525}}
{"target": -10.304212556933283, "params": {"colsample_bytree": 0.41301478454453233, "eta": 0.0524103162147363, "gamma": 529.7822495902168, "max_depth": 5.0, "min_child_weight": 4791.141514484711, "num_boost_round": 72.0, "subsample": 0.2598775461574576}, "datetime": {"datetime": "2024-01-20 16:33:12", "elapsed": 11490.34902, "delta": 0.009263}}
