{"target": -15.156508684109902, "params": {"colsample_bytree": 0.5318080881158983, "eta": 0.06838073600234544, "gamma": 601.348906163163, "max_depth": 9.0, "min_child_weight": 4134.170658188276, "num_boost_round": 24.0, "subsample": 0.12463164120607753}, "datetime": {"datetime": "2024-01-20 14:40:57", "elapsed": 1014.925034, "delta": 0.001775}}
{"target": -15.15680872994455, "params": {"colsample_bytree": 0.5318080881158983, "eta": 0.06838073600234544, "gamma": 601.348906163163, "max_depth": 9.0, "min_child_weight": 4134.170658188276, "num_boost_round": 25.0, "subsample": 0.12463164120607753}, "datetime": {"datetime": "2024-01-20 14:40:57", "elapsed": 1014.926717, "delta": 0.001683}}
{"target": -15.157330998258248, "params": {"colsample_bytree": 0.5318080881158983, "eta": 0.06838073600234544, "gamma": 601.348906163163, "max_depth": 9.0, "min_child_weight": 4134.170658188276, "num_boost_round": 26.0, "subsample": 0.12463164120607753}, "datetime": {"datetime": "2024-01-20 14:40:57", "elapsed": 1014.928398, "delta": 0.001681}}
{"target": -15.157310710645865, "params": {"colsample_bytree": 0.5318080881158983, "eta": 0.06838073600234544, "gamma": 601.348906163163, "max_depth": 9.0, "min_child_weight": 4134.170658188276, "num_boost_round": 27.0, "subsample": 0.12463164120607753}, "datetime": {"datetime": "2024-01-20 14:40:57", "elapsed": 1014.93009, "delta": 0.001692}}
{"target": -15.157339551869475, "params": {"colsample_bytree": 0.5318080881158983, "eta": 0.06838073600234544, "gamma": 601.348906163163, "max_depth": 9.0, "min_child_weight": 4134.170658188276, "num_boost_round": 28.0, "subsample": 0.12463164120607753}, "datetime": {"datetime": "2024-01-20 14:40:57", "elapsed": 1014.931852, "delta": 0.001762}}
{"target": -15.157406442129048, "params": {"colsample_bytree": 0.5318080881158983, "eta": 0.06838073600234544, "gamma": 601.348906163163, "max_depth": 9.0, "min_child_weight": 4134.170658188276, "num_boost_round": 29.0, "subsample": 0.12463164120607753}, "datetime": {"datetime": "2024-01-20 14:40:57", "elapsed": 1014.933584, "delta": 0.001732}}
{"target": -15.157587502357499, "params": {"colsample_bytree": 0.5318080881158983, "eta": 0.06838073600234544, "gamma": 601.348906163163, "max_depth": 9.0, "min_child_weight": 4134.170658188276, "num_boost_round": 30.0, "subsample": 0.12463164120607753}, "datetime": {"datetime": "2024-01-20 14:40:57", "elapsed": 1014.935309, "delta": 0.001725}}
{"target": -15.158004296979335, "params": {"colsample_bytree": 0.5318080881158983, "eta": 0.06838073600234544, "gamma": 601.348906163163, "max_depth": 9.0, "min_child_weight": 4134.170658188276, "num_boost_round": 31.0, "subsample": 0.12463164120607753}, "datetime": {"datetime": "2024-01-20 14:40:57", "elapsed": 1014.937048, "delta": 0.001739}}
{"target": -15.158240286370491, "params": {"colsample_bytree": 0.5318080881158983, "eta": 0.06838073600234544, "gamma": 601.348906163163, "max_depth": 9.0, "min_child_weight": 4134.170658188276, "num_boost_round": 32.0, "subsample": 0.12463164120607753}, "datetime": {"datetime": "2024-01-20 14:40:57", "elapsed": 1014.93876, "delta": 0.001712}}
{"target": -15.157864490943432, "params": {"colsample_bytree": 0.5318080881158983, "eta": 0.06838073600234544, "gamma": 601.348906163163, "max_depth": 9.0, "min_child_weight": 4134.170658188276, "num_boost_round": 33.0, "subsample": 0.12463164120607753}, "datetime": {"datetime": "2024-01-20 14:40:57", "elapsed": 1014.940491, "delta": 0.001731}}
{"target": -15.157975622022295, "params": {"colsample_bytree": 0.5318080881158983, "eta": 0.06838073600234544, "gamma": 601.348906163163, "max_depth": 9.0, "min_child_weight": 4134.170658188276, "num_boost_round": 34.0, "subsample": 0.12463164120607753}, "datetime": {"datetime": "2024-01-20 14:40:57", "elapsed": 1014.942232, "delta": 0.001741}}
{"target": -15.158062556292695, "params": {"colsample_bytree": 0.5318080881158983, "eta": 0.06838073600234544, "gamma": 601.348906163163, "max_depth": 9.0, "min_child_weight": 4134.170658188276, "num_boost_round": 35.0, "subsample": 0.12463164120607753}, "datetime": {"datetime": "2024-01-20 14:40:57", "elapsed": 1014.943997, "delta": 0.001765}}
{"target": -15.158516413139473, "params": {"colsample_bytree": 0.5318080881158983, "eta": 0.06838073600234544, "gamma": 601.348906163163, "max_depth": 9.0, "min_child_weight": 4134.170658188276, "num_boost_round": 36.0, "subsample": 0.12463164120607753}, "datetime": {"datetime": "2024-01-20 14:40:57", "elapsed": 1014.945708, "delta": 0.001711}}
{"target": -15.1588024242341, "params": {"colsample_bytree": 0.5318080881158983, "eta": 0.06838073600234544, "gamma": 601.348906163163, "max_depth": 9.0, "min_child_weight": 4134.170658188276, "num_boost_round": 37.0, "subsample": 0.12463164120607753}, "datetime": {"datetime": "2024-01-20 14:40:57", "elapsed": 1014.947431, "delta": 0.001723}}
{"target": -15.158731370622053, "params": {"colsample_bytree": 0.5318080881158983, "eta": 0.06838073600234544, "gamma": 601.348906163163, "max_depth": 9.0, "min_child_weight": 4134.170658188276, "num_boost_round": 38.0, "subsample": 0.12463164120607753}, "datetime": {"datetime": "2024-01-20 14:40:57", "elapsed": 1014.949157, "delta": 0.001726}}
{"target": -15.158744948653776, "params": {"colsample_bytree": 0.5318080881158983, "eta": 0.06838073600234544, "gamma": 601.348906163163, "max_depth": 9.0, "min_child_weight": 4134.170658188276, "num_boost_round": 39.0, "subsample": 0.12463164120607753}, "datetime": {"datetime": "2024-01-20 14:40:57", "elapsed": 1014.950879, "delta": 0.001722}}
{"target": -15.158713042225243, "params": {"colsample_bytree": 0.5318080881158983, "eta": 0.06838073600234544, "gamma": 601.348906163163, "max_depth": 9.0, "min_child_weight": 4134.170658188276, "num_boost_round": 40.0, "subsample": 0.12463164120607753}, "datetime": {"datetime": "2024-01-20 14:40:57", "elapsed": 1014.952602, "delta": 0.001723}}
{"target": -15.159089784492345, "params": {"colsample_bytree": 0.5318080881158983, "eta": 0.06838073600234544, "gamma": 601.348906163163, "max_depth": 9.0, "min_child_weight": 4134.170658188276, "num_boost_round": 41.0, "subsample": 0.12463164120607753}, "datetime": {"datetime": "2024-01-20 14:40:57", "elapsed": 1014.954311, "delta": 0.001709}}
{"target": -15.159723709897012, "params": {"colsample_bytree": 0.5318080881158983, "eta": 0.06838073600234544, "gamma": 601.348906163163, "max_depth": 9.0, "min_child_weight": 4134.170658188276, "num_boost_round": 42.0, "subsample": 0.12463164120607753}, "datetime": {"datetime": "2024-01-20 14:40:57", "elapsed": 1014.956041, "delta": 0.00173}}
{"target": -15.15941536229585, "params": {"colsample_bytree": 0.5318080881158983, "eta": 0.06838073600234544, "gamma": 601.348906163163, "max_depth": 9.0, "min_child_weight": 4134.170658188276, "num_boost_round": 43.0, "subsample": 0.12463164120607753}, "datetime": {"datetime": "2024-01-20 14:40:57", "elapsed": 1014.957766, "delta": 0.001725}}
{"target": -15.159625810524638, "params": {"colsample_bytree": 0.5318080881158983, "eta": 0.06838073600234544, "gamma": 601.348906163163, "max_depth": 9.0, "min_child_weight": 4134.170658188276, "num_boost_round": 44.0, "subsample": 0.12463164120607753}, "datetime": {"datetime": "2024-01-20 14:40:57", "elapsed": 1014.959493, "delta": 0.001727}}
{"target": -15.15958101554618, "params": {"colsample_bytree": 0.5318080881158983, "eta": 0.06838073600234544, "gamma": 601.348906163163, "max_depth": 9.0, "min_child_weight": 4134.170658188276, "num_boost_round": 45.0, "subsample": 0.12463164120607753}, "datetime": {"datetime": "2024-01-20 14:40:57", "elapsed": 1014.961214, "delta": 0.001721}}
{"target": -15.159926480927226, "params": {"colsample_bytree": 0.5318080881158983, "eta": 0.06838073600234544, "gamma": 601.348906163163, "max_depth": 9.0, "min_child_weight": 4134.170658188276, "num_boost_round": 46.0, "subsample": 0.12463164120607753}, "datetime": {"datetime": "2024-01-20 14:40:57", "elapsed": 1014.962957, "delta": 0.001743}}
{"target": -15.160110979802361, "params": {"colsample_bytree": 0.5318080881158983, "eta": 0.06838073600234544, "gamma": 601.348906163163, "max_depth": 9.0, "min_child_weight": 4134.170658188276, "num_boost_round": 47.0, "subsample": 0.12463164120607753}, "datetime": {"datetime": "2024-01-20 14:40:57", "elapsed": 1014.964662, "delta": 0.001705}}
{"target": -15.160204171413927, "params": {"colsample_bytree": 0.5318080881158983, "eta": 0.06838073600234544, "gamma": 601.348906163163, "max_depth": 9.0, "min_child_weight": 4134.170658188276, "num_boost_round": 48.0, "subsample": 0.12463164120607753}, "datetime": {"datetime": "2024-01-20 14:40:57", "elapsed": 1014.966375, "delta": 0.001713}}
{"target": -15.160303315066134, "params": {"colsample_bytree": 0.5318080881158983, "eta": 0.06838073600234544, "gamma": 601.348906163163, "max_depth": 9.0, "min_child_weight": 4134.170658188276, "num_boost_round": 49.0, "subsample": 0.12463164120607753}, "datetime": {"datetime": "2024-01-20 14:40:57", "elapsed": 1014.9681, "delta": 0.001725}}
{"target": -15.160499094920002, "params": {"colsample_bytree": 0.5318080881158983, "eta": 0.06838073600234544, "gamma": 601.348906163163, "max_depth": 9.0, "min_child_weight": 4134.170658188276, "num_boost_round": 50.0, "subsample": 0.12463164120607753}, "datetime": {"datetime": "2024-01-20 14:40:57", "elapsed": 1014.969821, "delta": 0.001721}}
{"target": -15.171877527547426, "params": {"colsample_bytree": 0.14288132777033952, "eta": 0.03748629598870053, "gamma": 583.1760041026911, "max_depth": 5.0, "min_child_weight": 4171.834369413093, "num_boost_round": 1.0, "subsample": 0.8245895870419963}, "datetime": {"datetime": "2024-01-20 14:41:38", "elapsed": 1055.881347, "delta": 40.911526}}
{"target": -15.17122431897457, "params": {"colsample_bytree": 0.14288132777033952, "eta": 0.03748629598870053, "gamma": 583.1760041026911, "max_depth": 5.0, "min_child_weight": 4171.834369413093, "num_boost_round": 2.0, "subsample": 0.8245895870419963}, "datetime": {"datetime": "2024-01-20 14:41:38", "elapsed": 1055.884361, "delta": 0.003014}}
{"target": -15.170216139700234, "params": {"colsample_bytree": 0.14288132777033952, "eta": 0.03748629598870053, "gamma": 583.1760041026911, "max_depth": 5.0, "min_child_weight": 4171.834369413093, "num_boost_round": 3.0, "subsample": 0.8245895870419963}, "datetime": {"datetime": "2024-01-20 14:41:38", "elapsed": 1055.886169, "delta": 0.001808}}
{"target": -15.170357859679086, "params": {"colsample_bytree": 0.14288132777033952, "eta": 0.03748629598870053, "gamma": 583.1760041026911, "max_depth": 5.0, "min_child_weight": 4171.834369413093, "num_boost_round": 4.0, "subsample": 0.8245895870419963}, "datetime": {"datetime": "2024-01-20 14:41:38", "elapsed": 1055.888302, "delta": 0.002133}}
{"target": -15.169020267612007, "params": {"colsample_bytree": 0.14288132777033952, "eta": 0.03748629598870053, "gamma": 583.1760041026911, "max_depth": 5.0, "min_child_weight": 4171.834369413093, "num_boost_round": 5.0, "subsample": 0.8245895870419963}, "datetime": {"datetime": "2024-01-20 14:41:38", "elapsed": 1055.89008, "delta": 0.001778}}
{"target": -15.168008524131714, "params": {"colsample_bytree": 0.14288132777033952, "eta": 0.03748629598870053, "gamma": 583.1760041026911, "max_depth": 5.0, "min_child_weight": 4171.834369413093, "num_boost_round": 6.0, "subsample": 0.8245895870419963}, "datetime": {"datetime": "2024-01-20 14:41:38", "elapsed": 1055.892028, "delta": 0.001948}}
{"target": -15.167216213872475, "params": {"colsample_bytree": 0.14288132777033952, "eta": 0.03748629598870053, "gamma": 583.1760041026911, "max_depth": 5.0, "min_child_weight": 4171.834369413093, "num_boost_round": 7.0, "subsample": 0.8245895870419963}, "datetime": {"datetime": "2024-01-20 14:41:38", "elapsed": 1055.893935, "delta": 0.001907}}
{"target": -15.166255591462228, "params": {"colsample_bytree": 0.14288132777033952, "eta": 0.03748629598870053, "gamma": 583.1760041026911, "max_depth": 5.0, "min_child_weight": 4171.834369413093, "num_boost_round": 8.0, "subsample": 0.8245895870419963}, "datetime": {"datetime": "2024-01-20 14:41:38", "elapsed": 1055.895817, "delta": 0.001882}}
{"target": -15.166221582750335, "params": {"colsample_bytree": 0.14288132777033952, "eta": 0.03748629598870053, "gamma": 583.1760041026911, "max_depth": 5.0, "min_child_weight": 4171.834369413093, "num_boost_round": 9.0, "subsample": 0.8245895870419963}, "datetime": {"datetime": "2024-01-20 14:41:38", "elapsed": 1055.897625, "delta": 0.001808}}
{"target": -15.165406600481221, "params": {"colsample_bytree": 0.14288132777033952, "eta": 0.03748629598870053, "gamma": 583.1760041026911, "max_depth": 5.0, "min_child_weight": 4171.834369413093, "num_boost_round": 10.0, "subsample": 0.8245895870419963}, "datetime": {"datetime": "2024-01-20 14:41:38", "elapsed": 1055.899413, "delta": 0.001788}}
{"target": -15.165387718718822, "params": {"colsample_bytree": 0.14288132777033952, "eta": 0.03748629598870053, "gamma": 583.1760041026911, "max_depth": 5.0, "min_child_weight": 4171.834369413093, "num_boost_round": 11.0, "subsample": 0.8245895870419963}, "datetime": {"datetime": "2024-01-20 14:41:38", "elapsed": 1055.901288, "delta": 0.001875}}
{"target": -15.165224041280485, "params": {"colsample_bytree": 0.14288132777033952, "eta": 0.03748629598870053, "gamma": 583.1760041026911, "max_depth": 5.0, "min_child_weight": 4171.834369413093, "num_boost_round": 12.0, "subsample": 0.8245895870419963}, "datetime": {"datetime": "2024-01-20 14:41:38", "elapsed": 1055.90308, "delta": 0.001792}}
{"target": -15.165339597801472, "params": {"colsample_bytree": 0.14288132777033952, "eta": 0.03748629598870053, "gamma": 583.1760041026911, "max_depth": 5.0, "min_child_weight": 4171.834369413093, "num_boost_round": 13.0, "subsample": 0.8245895870419963}, "datetime": {"datetime": "2024-01-20 14:41:38", "elapsed": 1055.904869, "delta": 0.001789}}
{"target": -15.16526213748114, "params": {"colsample_bytree": 0.14288132777033952, "eta": 0.03748629598870053, "gamma": 583.1760041026911, "max_depth": 5.0, "min_child_weight": 4171.834369413093, "num_boost_round": 14.0, "subsample": 0.8245895870419963}, "datetime": {"datetime": "2024-01-20 14:41:38", "elapsed": 1055.906666, "delta": 0.001797}}
{"target": -15.165238788926588, "params": {"colsample_bytree": 0.14288132777033952, "eta": 0.03748629598870053, "gamma": 583.1760041026911, "max_depth": 5.0, "min_child_weight": 4171.834369413093, "num_boost_round": 15.0, "subsample": 0.8245895870419963}, "datetime": {"datetime": "2024-01-20 14:41:38", "elapsed": 1055.908467, "delta": 0.001801}}
{"target": -15.164392344092594, "params": {"colsample_bytree": 0.14288132777033952, "eta": 0.03748629598870053, "gamma": 583.1760041026911, "max_depth": 5.0, "min_child_weight": 4171.834369413093, "num_boost_round": 16.0, "subsample": 0.8245895870419963}, "datetime": {"datetime": "2024-01-20 14:41:38", "elapsed": 1055.910247, "delta": 0.00178}}
{"target": -15.163416839518963, "params": {"colsample_bytree": 0.14288132777033952, "eta": 0.03748629598870053, "gamma": 583.1760041026911, "max_depth": 5.0, "min_child_weight": 4171.834369413093, "num_boost_round": 17.0, "subsample": 0.8245895870419963}, "datetime": {"datetime": "2024-01-20 14:41:38", "elapsed": 1055.912141, "delta": 0.001894}}
{"target": -15.16332308497, "params": {"colsample_bytree": 0.14288132777033952, "eta": 0.03748629598870053, "gamma": 583.1760041026911, "max_depth": 5.0, "min_child_weight": 4171.834369413093, "num_boost_round": 18.0, "subsample": 0.8245895870419963}, "datetime": {"datetime": "2024-01-20 14:41:38", "elapsed": 1055.913949, "delta": 0.001808}}
{"target": -15.16257844171394, "params": {"colsample_bytree": 0.14288132777033952, "eta": 0.03748629598870053, "gamma": 583.1760041026911, "max_depth": 5.0, "min_child_weight": 4171.834369413093, "num_boost_round": 19.0, "subsample": 0.8245895870419963}, "datetime": {"datetime": "2024-01-20 14:41:38", "elapsed": 1055.915749, "delta": 0.0018}}
{"target": -15.162595411411298, "params": {"colsample_bytree": 0.14288132777033952, "eta": 0.03748629598870053, "gamma": 583.1760041026911, "max_depth": 5.0, "min_child_weight": 4171.834369413093, "num_boost_round": 20.0, "subsample": 0.8245895870419963}, "datetime": {"datetime": "2024-01-20 14:41:38", "elapsed": 1055.917576, "delta": 0.001827}}
{"target": -15.162033377508196, "params": {"colsample_bytree": 0.14288132777033952, "eta": 0.03748629598870053, "gamma": 583.1760041026911, "max_depth": 5.0, "min_child_weight": 4171.834369413093, "num_boost_round": 21.0, "subsample": 0.8245895870419963}, "datetime": {"datetime": "2024-01-20 14:41:38", "elapsed": 1055.919508, "delta": 0.001932}}
{"target": -15.16207113088479, "params": {"colsample_bytree": 0.14288132777033952, "eta": 0.03748629598870053, "gamma": 583.1760041026911, "max_depth": 5.0, "min_child_weight": 4171.834369413093, "num_boost_round": 22.0, "subsample": 0.8245895870419963}, "datetime": {"datetime": "2024-01-20 14:41:38", "elapsed": 1055.921459, "delta": 0.001951}}
{"target": -15.162143436384817, "params": {"colsample_bytree": 0.14288132777033952, "eta": 0.03748629598870053, "gamma": 583.1760041026911, "max_depth": 5.0, "min_child_weight": 4171.834369413093, "num_boost_round": 23.0, "subsample": 0.8245895870419963}, "datetime": {"datetime": "2024-01-20 14:41:38", "elapsed": 1055.923488, "delta": 0.002029}}
{"target": -15.16212332100634, "params": {"colsample_bytree": 0.14288132777033952, "eta": 0.03748629598870053, "gamma": 583.1760041026911, "max_depth": 5.0, "min_child_weight": 4171.834369413093, "num_boost_round": 24.0, "subsample": 0.8245895870419963}, "datetime": {"datetime": "2024-01-20 14:41:38", "elapsed": 1055.925317, "delta": 0.001829}}
{"target": -15.16218453132203, "params": {"colsample_bytree": 0.14288132777033952, "eta": 0.03748629598870053, "gamma": 583.1760041026911, "max_depth": 5.0, "min_child_weight": 4171.834369413093, "num_boost_round": 25.0, "subsample": 0.8245895870419963}, "datetime": {"datetime": "2024-01-20 14:41:38", "elapsed": 1055.927111, "delta": 0.001794}}
{"target": -15.162187365800676, "params": {"colsample_bytree": 0.14288132777033952, "eta": 0.03748629598870053, "gamma": 583.1760041026911, "max_depth": 5.0, "min_child_weight": 4171.834369413093, "num_boost_round": 26.0, "subsample": 0.8245895870419963}, "datetime": {"datetime": "2024-01-20 14:41:38", "elapsed": 1055.928905, "delta": 0.001794}}
{"target": -15.161488828002657, "params": {"colsample_bytree": 0.14288132777033952, "eta": 0.03748629598870053, "gamma": 583.1760041026911, "max_depth": 5.0, "min_child_weight": 4171.834369413093, "num_boost_round": 27.0, "subsample": 0.8245895870419963}, "datetime": {"datetime": "2024-01-20 14:41:38", "elapsed": 1055.930705, "delta": 0.0018}}
{"target": -15.161568295678041, "params": {"colsample_bytree": 0.14288132777033952, "eta": 0.03748629598870053, "gamma": 583.1760041026911, "max_depth": 5.0, "min_child_weight": 4171.834369413093, "num_boost_round": 28.0, "subsample": 0.8245895870419963}, "datetime": {"datetime": "2024-01-20 14:41:38", "elapsed": 1055.932604, "delta": 0.001899}}
{"target": -15.16156293063641, "params": {"colsample_bytree": 0.14288132777033952, "eta": 0.03748629598870053, "gamma": 583.1760041026911, "max_depth": 5.0, "min_child_weight": 4171.834369413093, "num_boost_round": 29.0, "subsample": 0.8245895870419963}, "datetime": {"datetime": "2024-01-20 14:41:38", "elapsed": 1055.934456, "delta": 0.001852}}
{"target": -15.161575593335513, "params": {"colsample_bytree": 0.14288132777033952, "eta": 0.03748629598870053, "gamma": 583.1760041026911, "max_depth": 5.0, "min_child_weight": 4171.834369413093, "num_boost_round": 30.0, "subsample": 0.8245895870419963}, "datetime": {"datetime": "2024-01-20 14:41:38", "elapsed": 1055.936319, "delta": 0.001863}}
{"target": -15.161957484048763, "params": {"colsample_bytree": 0.14288132777033952, "eta": 0.03748629598870053, "gamma": 583.1760041026911, "max_depth": 5.0, "min_child_weight": 4171.834369413093, "num_boost_round": 31.0, "subsample": 0.8245895870419963}, "datetime": {"datetime": "2024-01-20 14:41:38", "elapsed": 1055.938171, "delta": 0.001852}}
{"target": -15.162084195637492, "params": {"colsample_bytree": 0.14288132777033952, "eta": 0.03748629598870053, "gamma": 583.1760041026911, "max_depth": 5.0, "min_child_weight": 4171.834369413093, "num_boost_round": 32.0, "subsample": 0.8245895870419963}, "datetime": {"datetime": "2024-01-20 14:41:38", "elapsed": 1055.940016, "delta": 0.001845}}
{"target": -15.162084366028136, "params": {"colsample_bytree": 0.14288132777033952, "eta": 0.03748629598870053, "gamma": 583.1760041026911, "max_depth": 5.0, "min_child_weight": 4171.834369413093, "num_boost_round": 33.0, "subsample": 0.8245895870419963}, "datetime": {"datetime": "2024-01-20 14:41:38", "elapsed": 1055.941852, "delta": 0.001836}}
{"target": -15.162075266097286, "params": {"colsample_bytree": 0.14288132777033952, "eta": 0.03748629598870053, "gamma": 583.1760041026911, "max_depth": 5.0, "min_child_weight": 4171.834369413093, "num_boost_round": 34.0, "subsample": 0.8245895870419963}, "datetime": {"datetime": "2024-01-20 14:41:38", "elapsed": 1055.943692, "delta": 0.00184}}
{"target": -15.161324755329318, "params": {"colsample_bytree": 0.14288132777033952, "eta": 0.03748629598870053, "gamma": 583.1760041026911, "max_depth": 5.0, "min_child_weight": 4171.834369413093, "num_boost_round": 35.0, "subsample": 0.8245895870419963}, "datetime": {"datetime": "2024-01-20 14:41:38", "elapsed": 1055.945542, "delta": 0.00185}}
{"target": -15.161241566844687, "params": {"colsample_bytree": 0.14288132777033952, "eta": 0.03748629598870053, "gamma": 583.1760041026911, "max_depth": 5.0, "min_child_weight": 4171.834369413093, "num_boost_round": 36.0, "subsample": 0.8245895870419963}, "datetime": {"datetime": "2024-01-20 14:41:38", "elapsed": 1055.947382, "delta": 0.00184}}
