{"target": -13.395628550516848, "params": {"colsample_bytree": 0.9491083200329771, "eta": 0.09042530264552791, "gamma": 395.40109366448286, "max_depth": 7.0, "min_child_weight": 3699.331429740117, "num_boost_round": 9.0, "subsample": 0.16697675700224762}, "datetime": {"datetime": "2024-01-20 14:30:40", "elapsed": 375.4292, "delta": 0.000982}}
{"target": -13.396049514477866, "params": {"colsample_bytree": 0.9491083200329771, "eta": 0.09042530264552791, "gamma": 395.40109366448286, "max_depth": 7.0, "min_child_weight": 3699.331429740117, "num_boost_round": 10.0, "subsample": 0.16697675700224762}, "datetime": {"datetime": "2024-01-20 14:30:40", "elapsed": 375.429993, "delta": 0.000793}}
{"target": -13.397892158073581, "params": {"colsample_bytree": 0.8143184404801984, "eta": 0.09404219054099522, "gamma": 416.6489401186966, "max_depth": 7.0, "min_child_weight": 3564.6119176823076, "num_boost_round": 1.0, "subsample": 0.7146866761707475}, "datetime": {"datetime": "2024-01-20 14:31:18", "elapsed": 413.638926, "delta": 38.208933}}
{"target": -13.398819585894888, "params": {"colsample_bytree": 0.8143184404801984, "eta": 0.09404219054099522, "gamma": 416.6489401186966, "max_depth": 7.0, "min_child_weight": 3564.6119176823076, "num_boost_round": 2.0, "subsample": 0.7146866761707475}, "datetime": {"datetime": "2024-01-20 14:31:18", "elapsed": 413.641218, "delta": 0.002292}}
{"target": -13.400172426768776, "params": {"colsample_bytree": 0.8143184404801984, "eta": 0.09404219054099522, "gamma": 416.6489401186966, "max_depth": 7.0, "min_child_weight": 3564.6119176823076, "num_boost_round": 3.0, "subsample": 0.7146866761707475}, "datetime": {"datetime": "2024-01-20 14:31:18", "elapsed": 413.642089, "delta": 0.000871}}
{"target": -13.401413030059242, "params": {"colsample_bytree": 0.8143184404801984, "eta": 0.09404219054099522, "gamma": 416.6489401186966, "max_depth": 7.0, "min_child_weight": 3564.6119176823076, "num_boost_round": 4.0, "subsample": 0.7146866761707475}, "datetime": {"datetime": "2024-01-20 14:31:18", "elapsed": 413.642805, "delta": 0.000716}}
{"target": -13.402551992455106, "params": {"colsample_bytree": 0.8143184404801984, "eta": 0.09404219054099522, "gamma": 416.6489401186966, "max_depth": 7.0, "min_child_weight": 3564.6119176823076, "num_boost_round": 5.0, "subsample": 0.7146866761707475}, "datetime": {"datetime": "2024-01-20 14:31:18", "elapsed": 413.643519, "delta": 0.000714}}
{"target": -13.40482399985199, "params": {"colsample_bytree": 0.8143184404801984, "eta": 0.09404219054099522, "gamma": 416.6489401186966, "max_depth": 7.0, "min_child_weight": 3564.6119176823076, "num_boost_round": 6.0, "subsample": 0.7146866761707475}, "datetime": {"datetime": "2024-01-20 14:31:18", "elapsed": 413.64418, "delta": 0.000661}}
{"target": -13.40668922441867, "params": {"colsample_bytree": 0.8143184404801984, "eta": 0.09404219054099522, "gamma": 416.6489401186966, "max_depth": 7.0, "min_child_weight": 3564.6119176823076, "num_boost_round": 7.0, "subsample": 0.7146866761707475}, "datetime": {"datetime": "2024-01-20 14:31:18", "elapsed": 413.644872, "delta": 0.000692}}
{"target": -13.408581648407896, "params": {"colsample_bytree": 0.8143184404801984, "eta": 0.09404219054099522, "gamma": 416.6489401186966, "max_depth": 7.0, "min_child_weight": 3564.6119176823076, "num_boost_round": 8.0, "subsample": 0.7146866761707475}, "datetime": {"datetime": "2024-01-20 14:31:18", "elapsed": 413.645522, "delta": 0.00065}}
{"target": -13.41081919793041, "params": {"colsample_bytree": 0.8143184404801984, "eta": 0.09404219054099522, "gamma": 416.6489401186966, "max_depth": 7.0, "min_child_weight": 3564.6119176823076, "num_boost_round": 9.0, "subsample": 0.7146866761707475}, "datetime": {"datetime": "2024-01-20 14:31:18", "elapsed": 413.646252, "delta": 0.00073}}
{"target": -13.41283565824346, "params": {"colsample_bytree": 0.8143184404801984, "eta": 0.09404219054099522, "gamma": 416.6489401186966, "max_depth": 7.0, "min_child_weight": 3564.6119176823076, "num_boost_round": 10.0, "subsample": 0.7146866761707475}, "datetime": {"datetime": "2024-01-20 14:31:18", "elapsed": 413.646967, "delta": 0.000715}}
{"target": -13.413605789720481, "params": {"colsample_bytree": 0.8143184404801984, "eta": 0.09404219054099522, "gamma": 416.6489401186966, "max_depth": 7.0, "min_child_weight": 3564.6119176823076, "num_boost_round": 11.0, "subsample": 0.7146866761707475}, "datetime": {"datetime": "2024-01-20 14:31:18", "elapsed": 413.647638, "delta": 0.000671}}
{"target": -13.414911352281178, "params": {"colsample_bytree": 0.8143184404801984, "eta": 0.09404219054099522, "gamma": 416.6489401186966, "max_depth": 7.0, "min_child_weight": 3564.6119176823076, "num_boost_round": 12.0, "subsample": 0.7146866761707475}, "datetime": {"datetime": "2024-01-20 14:31:18", "elapsed": 413.648627, "delta": 0.000989}}
{"target": -13.416452068271562, "params": {"colsample_bytree": 0.8143184404801984, "eta": 0.09404219054099522, "gamma": 416.6489401186966, "max_depth": 7.0, "min_child_weight": 3564.6119176823076, "num_boost_round": 13.0, "subsample": 0.7146866761707475}, "datetime": {"datetime": "2024-01-20 14:31:18", "elapsed": 413.649348, "delta": 0.000721}}
{"target": -13.417393068211524, "params": {"colsample_bytree": 0.8143184404801984, "eta": 0.09404219054099522, "gamma": 416.6489401186966, "max_depth": 7.0, "min_child_weight": 3564.6119176823076, "num_boost_round": 14.0, "subsample": 0.7146866761707475}, "datetime": {"datetime": "2024-01-20 14:31:18", "elapsed": 413.650006, "delta": 0.000658}}
{"target": -13.418692910993801, "params": {"colsample_bytree": 0.8143184404801984, "eta": 0.09404219054099522, "gamma": 416.6489401186966, "max_depth": 7.0, "min_child_weight": 3564.6119176823076, "num_boost_round": 15.0, "subsample": 0.7146866761707475}, "datetime": {"datetime": "2024-01-20 14:31:18", "elapsed": 413.65071, "delta": 0.000704}}
{"target": -13.420332924803196, "params": {"colsample_bytree": 0.8143184404801984, "eta": 0.09404219054099522, "gamma": 416.6489401186966, "max_depth": 7.0, "min_child_weight": 3564.6119176823076, "num_boost_round": 16.0, "subsample": 0.7146866761707475}, "datetime": {"datetime": "2024-01-20 14:31:19", "elapsed": 413.651462, "delta": 0.000752}}
{"target": -13.421306904097694, "params": {"colsample_bytree": 0.8143184404801984, "eta": 0.09404219054099522, "gamma": 416.6489401186966, "max_depth": 7.0, "min_child_weight": 3564.6119176823076, "num_boost_round": 17.0, "subsample": 0.7146866761707475}, "datetime": {"datetime": "2024-01-20 14:31:19", "elapsed": 413.652213, "delta": 0.000751}}
{"target": -13.42248220675723, "params": {"colsample_bytree": 0.8143184404801984, "eta": 0.09404219054099522, "gamma": 416.6489401186966, "max_depth": 7.0, "min_child_weight": 3564.6119176823076, "num_boost_round": 18.0, "subsample": 0.7146866761707475}, "datetime": {"datetime": "2024-01-20 14:31:19", "elapsed": 413.652903, "delta": 0.00069}}
{"target": -13.423336460964176, "params": {"colsample_bytree": 0.8143184404801984, "eta": 0.09404219054099522, "gamma": 416.6489401186966, "max_depth": 7.0, "min_child_weight": 3564.6119176823076, "num_boost_round": 19.0, "subsample": 0.7146866761707475}, "datetime": {"datetime": "2024-01-20 14:31:19", "elapsed": 413.653558, "delta": 0.000655}}
{"target": -13.424296181844795, "params": {"colsample_bytree": 0.8143184404801984, "eta": 0.09404219054099522, "gamma": 416.6489401186966, "max_depth": 7.0, "min_child_weight": 3564.6119176823076, "num_boost_round": 20.0, "subsample": 0.7146866761707475}, "datetime": {"datetime": "2024-01-20 14:31:19", "elapsed": 413.654281, "delta": 0.000723}}
{"target": -13.425183746486546, "params": {"colsample_bytree": 0.8143184404801984, "eta": 0.09404219054099522, "gamma": 416.6489401186966, "max_depth": 7.0, "min_child_weight": 3564.6119176823076, "num_boost_round": 21.0, "subsample": 0.7146866761707475}, "datetime": {"datetime": "2024-01-20 14:31:19", "elapsed": 413.654998, "delta": 0.000717}}
{"target": -13.427076705631247, "params": {"colsample_bytree": 0.8143184404801984, "eta": 0.09404219054099522, "gamma": 416.6489401186966, "max_depth": 7.0, "min_child_weight": 3564.6119176823076, "num_boost_round": 22.0, "subsample": 0.7146866761707475}, "datetime": {"datetime": "2024-01-20 14:31:19", "elapsed": 413.655674, "delta": 0.000676}}
{"target": -13.428307404523425, "params": {"colsample_bytree": 0.8143184404801984, "eta": 0.09404219054099522, "gamma": 416.6489401186966, "max_depth": 7.0, "min_child_weight": 3564.6119176823076, "num_boost_round": 23.0, "subsample": 0.7146866761707475}, "datetime": {"datetime": "2024-01-20 14:31:19", "elapsed": 413.656337, "delta": 0.000663}}
{"target": -13.4292887866933, "params": {"colsample_bytree": 0.8143184404801984, "eta": 0.09404219054099522, "gamma": 416.6489401186966, "max_depth": 7.0, "min_child_weight": 3564.6119176823076, "num_boost_round": 24.0, "subsample": 0.7146866761707475}, "datetime": {"datetime": "2024-01-20 14:31:19", "elapsed": 413.657027, "delta": 0.00069}}
{"target": -13.430111502867017, "params": {"colsample_bytree": 0.8143184404801984, "eta": 0.09404219054099522, "gamma": 416.6489401186966, "max_depth": 7.0, "min_child_weight": 3564.6119176823076, "num_boost_round": 25.0, "subsample": 0.7146866761707475}, "datetime": {"datetime": "2024-01-20 14:31:19", "elapsed": 413.657687, "delta": 0.00066}}
{"target": -13.431240829727756, "params": {"colsample_bytree": 0.8143184404801984, "eta": 0.09404219054099522, "gamma": 416.6489401186966, "max_depth": 7.0, "min_child_weight": 3564.6119176823076, "num_boost_round": 26.0, "subsample": 0.7146866761707475}, "datetime": {"datetime": "2024-01-20 14:31:19", "elapsed": 413.658407, "delta": 0.00072}}
{"target": -13.432236300058623, "params": {"colsample_bytree": 0.8143184404801984, "eta": 0.09404219054099522, "gamma": 416.6489401186966, "max_depth": 7.0, "min_child_weight": 3564.6119176823076, "num_boost_round": 27.0, "subsample": 0.7146866761707475}, "datetime": {"datetime": "2024-01-20 14:31:19", "elapsed": 413.659134, "delta": 0.000727}}
{"target": -13.43341001260933, "params": {"colsample_bytree": 0.8143184404801984, "eta": 0.09404219054099522, "gamma": 416.6489401186966, "max_depth": 7.0, "min_child_weight": 3564.6119176823076, "num_boost_round": 28.0, "subsample": 0.7146866761707475}, "datetime": {"datetime": "2024-01-20 14:31:19", "elapsed": 413.659806, "delta": 0.000672}}
{"target": -13.434548476340499, "params": {"colsample_bytree": 0.8143184404801984, "eta": 0.09404219054099522, "gamma": 416.6489401186966, "max_depth": 7.0, "min_child_weight": 3564.6119176823076, "num_boost_round": 29.0, "subsample": 0.7146866761707475}, "datetime": {"datetime": "2024-01-20 14:31:19", "elapsed": 413.660479, "delta": 0.000673}}
{"target": -13.435688961202661, "params": {"colsample_bytree": 0.8143184404801984, "eta": 0.09404219054099522, "gamma": 416.6489401186966, "max_depth": 7.0, "min_child_weight": 3564.6119176823076, "num_boost_round": 30.0, "subsample": 0.7146866761707475}, "datetime": {"datetime": "2024-01-20 14:31:19", "elapsed": 413.661144, "delta": 0.000665}}
{"target": -13.436544732358842, "params": {"colsample_bytree": 0.8143184404801984, "eta": 0.09404219054099522, "gamma": 416.6489401186966, "max_depth": 7.0, "min_child_weight": 3564.6119176823076, "num_boost_round": 31.0, "subsample": 0.7146866761707475}, "datetime": {"datetime": "2024-01-20 14:31:19", "elapsed": 413.66181, "delta": 0.000666}}
{"target": -13.43791526755506, "params": {"colsample_bytree": 0.8143184404801984, "eta": 0.09404219054099522, "gamma": 416.6489401186966, "max_depth": 7.0, "min_child_weight": 3564.6119176823076, "num_boost_round": 32.0, "subsample": 0.7146866761707475}, "datetime": {"datetime": "2024-01-20 14:31:19", "elapsed": 413.662474, "delta": 0.000664}}
{"target": -13.438061225550893, "params": {"colsample_bytree": 0.8143184404801984, "eta": 0.09404219054099522, "gamma": 416.6489401186966, "max_depth": 7.0, "min_child_weight": 3564.6119176823076, "num_boost_round": 33.0, "subsample": 0.7146866761707475}, "datetime": {"datetime": "2024-01-20 14:31:19", "elapsed": 413.663153, "delta": 0.000679}}
{"target": -13.439303579284637, "params": {"colsample_bytree": 0.8143184404801984, "eta": 0.09404219054099522, "gamma": 416.6489401186966, "max_depth": 7.0, "min_child_weight": 3564.6119176823076, "num_boost_round": 34.0, "subsample": 0.7146866761707475}, "datetime": {"datetime": "2024-01-20 14:31:19", "elapsed": 413.663826, "delta": 0.000673}}
{"target": -13.44013174821159, "params": {"colsample_bytree": 0.8143184404801984, "eta": 0.09404219054099522, "gamma": 416.6489401186966, "max_depth": 7.0, "min_child_weight": 3564.6119176823076, "num_boost_round": 35.0, "subsample": 0.7146866761707475}, "datetime": {"datetime": "2024-01-20 14:31:19", "elapsed": 413.664527, "delta": 0.000701}}
{"target": -13.440980525921294, "params": {"colsample_bytree": 0.8143184404801984, "eta": 0.09404219054099522, "gamma": 416.6489401186966, "max_depth": 7.0, "min_child_weight": 3564.6119176823076, "num_boost_round": 36.0, "subsample": 0.7146866761707475}, "datetime": {"datetime": "2024-01-20 14:31:19", "elapsed": 413.665213, "delta": 0.000686}}
{"target": -13.442143055512918, "params": {"colsample_bytree": 0.8143184404801984, "eta": 0.09404219054099522, "gamma": 416.6489401186966, "max_depth": 7.0, "min_child_weight": 3564.6119176823076, "num_boost_round": 37.0, "subsample": 0.7146866761707475}, "datetime": {"datetime": "2024-01-20 14:31:19", "elapsed": 413.665913, "delta": 0.0007}}
{"target": -13.442745252546972, "params": {"colsample_bytree": 0.8143184404801984, "eta": 0.09404219054099522, "gamma": 416.6489401186966, "max_depth": 7.0, "min_child_weight": 3564.6119176823076, "num_boost_round": 38.0, "subsample": 0.7146866761707475}, "datetime": {"datetime": "2024-01-20 14:31:19", "elapsed": 413.666595, "delta": 0.000682}}
{"target": -13.443508118009163, "params": {"colsample_bytree": 0.8143184404801984, "eta": 0.09404219054099522, "gamma": 416.6489401186966, "max_depth": 7.0, "min_child_weight": 3564.6119176823076, "num_boost_round": 39.0, "subsample": 0.7146866761707475}, "datetime": {"datetime": "2024-01-20 14:31:19", "elapsed": 413.667265, "delta": 0.00067}}
{"target": -13.44406660243785, "params": {"colsample_bytree": 0.8143184404801984, "eta": 0.09404219054099522, "gamma": 416.6489401186966, "max_depth": 7.0, "min_child_weight": 3564.6119176823076, "num_boost_round": 40.0, "subsample": 0.7146866761707475}, "datetime": {"datetime": "2024-01-20 14:31:19", "elapsed": 413.668026, "delta": 0.000761}}
{"target": -13.44508579621825, "params": {"colsample_bytree": 0.8143184404801984, "eta": 0.09404219054099522, "gamma": 416.6489401186966, "max_depth": 7.0, "min_child_weight": 3564.6119176823076, "num_boost_round": 41.0, "subsample": 0.7146866761707475}, "datetime": {"datetime": "2024-01-20 14:31:19", "elapsed": 413.668744, "delta": 0.000718}}
{"target": -13.445475485099198, "params": {"colsample_bytree": 0.8143184404801984, "eta": 0.09404219054099522, "gamma": 416.6489401186966, "max_depth": 7.0, "min_child_weight": 3564.6119176823076, "num_boost_round": 42.0, "subsample": 0.7146866761707475}, "datetime": {"datetime": "2024-01-20 14:31:19", "elapsed": 413.669618, "delta": 0.000874}}
{"target": -13.446471127238542, "params": {"colsample_bytree": 0.8143184404801984, "eta": 0.09404219054099522, "gamma": 416.6489401186966, "max_depth": 7.0, "min_child_weight": 3564.6119176823076, "num_boost_round": 43.0, "subsample": 0.7146866761707475}, "datetime": {"datetime": "2024-01-20 14:31:19", "elapsed": 413.670381, "delta": 0.000763}}
{"target": -13.398401781911865, "params": {"colsample_bytree": 0.8177346534159257, "eta": 0.0838295649622288, "gamma": 436.6825484803658, "max_depth": 4.0, "min_child_weight": 3772.129597267373, "num_boost_round": 1.0, "subsample": 0.5442984063399379}, "datetime": {"datetime": "2024-01-20 14:31:44", "elapsed": 439.573394, "delta": 25.903013}}
{"target": -13.398943890161775, "params": {"colsample_bytree": 0.8177346534159257, "eta": 0.0838295649622288, "gamma": 436.6825484803658, "max_depth": 4.0, "min_child_weight": 3772.129597267373, "num_boost_round": 2.0, "subsample": 0.5442984063399379}, "datetime": {"datetime": "2024-01-20 14:31:44", "elapsed": 439.576927, "delta": 0.003533}}
{"target": -13.399969788429612, "params": {"colsample_bytree": 0.8177346534159257, "eta": 0.0838295649622288, "gamma": 436.6825484803658, "max_depth": 4.0, "min_child_weight": 3772.129597267373, "num_boost_round": 3.0, "subsample": 0.5442984063399379}, "datetime": {"datetime": "2024-01-20 14:31:44", "elapsed": 439.57775, "delta": 0.000823}}
{"target": -13.400325823214718, "params": {"colsample_bytree": 0.8177346534159257, "eta": 0.0838295649622288, "gamma": 436.6825484803658, "max_depth": 4.0, "min_child_weight": 3772.129597267373, "num_boost_round": 4.0, "subsample": 0.5442984063399379}, "datetime": {"datetime": "2024-01-20 14:31:44", "elapsed": 439.578722, "delta": 0.000972}}
{"target": -13.400494747330189, "params": {"colsample_bytree": 0.8177346534159257, "eta": 0.0838295649622288, "gamma": 436.6825484803658, "max_depth": 4.0, "min_child_weight": 3772.129597267373, "num_boost_round": 5.0, "subsample": 0.5442984063399379}, "datetime": {"datetime": "2024-01-20 14:31:44", "elapsed": 439.579478, "delta": 0.000756}}
{"target": -13.401356385154887, "params": {"colsample_bytree": 0.8177346534159257, "eta": 0.0838295649622288, "gamma": 436.6825484803658, "max_depth": 4.0, "min_child_weight": 3772.129597267373, "num_boost_round": 6.0, "subsample": 0.5442984063399379}, "datetime": {"datetime": "2024-01-20 14:31:44", "elapsed": 439.580263, "delta": 0.000785}}
{"target": -13.402472131366551, "params": {"colsample_bytree": 0.8177346534159257, "eta": 0.0838295649622288, "gamma": 436.6825484803658, "max_depth": 4.0, "min_child_weight": 3772.129597267373, "num_boost_round": 7.0, "subsample": 0.5442984063399379}, "datetime": {"datetime": "2024-01-20 14:31:44", "elapsed": 439.581037, "delta": 0.000774}}
{"target": -13.403607667459381, "params": {"colsample_bytree": 0.8177346534159257, "eta": 0.0838295649622288, "gamma": 436.6825484803658, "max_depth": 4.0, "min_child_weight": 3772.129597267373, "num_boost_round": 8.0, "subsample": 0.5442984063399379}, "datetime": {"datetime": "2024-01-20 14:31:44", "elapsed": 439.581807, "delta": 0.00077}}
{"target": -13.40419053232161, "params": {"colsample_bytree": 0.8177346534159257, "eta": 0.0838295649622288, "gamma": 436.6825484803658, "max_depth": 4.0, "min_child_weight": 3772.129597267373, "num_boost_round": 9.0, "subsample": 0.5442984063399379}, "datetime": {"datetime": "2024-01-20 14:31:44", "elapsed": 439.582826, "delta": 0.001019}}
{"target": -13.404882337696849, "params": {"colsample_bytree": 0.8177346534159257, "eta": 0.0838295649622288, "gamma": 436.6825484803658, "max_depth": 4.0, "min_child_weight": 3772.129597267373, "num_boost_round": 10.0, "subsample": 0.5442984063399379}, "datetime": {"datetime": "2024-01-20 14:31:44", "elapsed": 439.583659, "delta": 0.000833}}
{"target": -13.404695485926817, "params": {"colsample_bytree": 0.8177346534159257, "eta": 0.0838295649622288, "gamma": 436.6825484803658, "max_depth": 4.0, "min_child_weight": 3772.129597267373, "num_boost_round": 11.0, "subsample": 0.5442984063399379}, "datetime": {"datetime": "2024-01-20 14:31:44", "elapsed": 439.584428, "delta": 0.000769}}
{"target": -13.405306754796541, "params": {"colsample_bytree": 0.8177346534159257, "eta": 0.0838295649622288, "gamma": 436.6825484803658, "max_depth": 4.0, "min_child_weight": 3772.129597267373, "num_boost_round": 12.0, "subsample": 0.5442984063399379}, "datetime": {"datetime": "2024-01-20 14:31:44", "elapsed": 439.585211, "delta": 0.000783}}
{"target": -13.406211933534383, "params": {"colsample_bytree": 0.8177346534159257, "eta": 0.0838295649622288, "gamma": 436.6825484803658, "max_depth": 4.0, "min_child_weight": 3772.129597267373, "num_boost_round": 13.0, "subsample": 0.5442984063399379}, "datetime": {"datetime": "2024-01-20 14:31:44", "elapsed": 439.586021, "delta": 0.00081}}
{"target": -13.406874354619948, "params": {"colsample_bytree": 0.8177346534159257, "eta": 0.0838295649622288, "gamma": 436.6825484803658, "max_depth": 4.0, "min_child_weight": 3772.129597267373, "num_boost_round": 14.0, "subsample": 0.5442984063399379}, "datetime": {"datetime": "2024-01-20 14:31:44", "elapsed": 439.586792, "delta": 0.000771}}
{"target": -13.407924661121536, "params": {"colsample_bytree": 0.8177346534159257, "eta": 0.0838295649622288, "gamma": 436.6825484803658, "max_depth": 4.0, "min_child_weight": 3772.129597267373, "num_boost_round": 15.0, "subsample": 0.5442984063399379}, "datetime": {"datetime": "2024-01-20 14:31:44", "elapsed": 439.5876, "delta": 0.000808}}
{"target": -13.40848855556403, "params": {"colsample_bytree": 0.8177346534159257, "eta": 0.0838295649622288, "gamma": 436.6825484803658, "max_depth": 4.0, "min_child_weight": 3772.129597267373, "num_boost_round": 16.0, "subsample": 0.5442984063399379}, "datetime": {"datetime": "2024-01-20 14:31:44", "elapsed": 439.588405, "delta": 0.000805}}
{"target": -13.409300132002615, "params": {"colsample_bytree": 0.8177346534159257, "eta": 0.0838295649622288, "gamma": 436.6825484803658, "max_depth": 4.0, "min_child_weight": 3772.129597267373, "num_boost_round": 17.0, "subsample": 0.5442984063399379}, "datetime": {"datetime": "2024-01-20 14:31:44", "elapsed": 439.589351, "delta": 0.000946}}
{"target": -13.409589407050102, "params": {"colsample_bytree": 0.8177346534159257, "eta": 0.0838295649622288, "gamma": 436.6825484803658, "max_depth": 4.0, "min_child_weight": 3772.129597267373, "num_boost_round": 18.0, "subsample": 0.5442984063399379}, "datetime": {"datetime": "2024-01-20 14:31:44", "elapsed": 439.59027, "delta": 0.000919}}
