{"target": -19.14795748950076, "params": {"colsample_bytree": 0.25881665134359455, "eta": 0.0457478038181527, "gamma": 891.4385220229213, "max_depth": 6.0, "min_child_weight": 4289.43279445722, "num_boost_round": 31.0, "subsample": 0.8711228192339553}, "datetime": {"datetime": "2024-01-20 16:44:16", "elapsed": 8424.222147, "delta": 0.005713}}
{"target": -19.148081540273402, "params": {"colsample_bytree": 0.25881665134359455, "eta": 0.0457478038181527, "gamma": 891.4385220229213, "max_depth": 6.0, "min_child_weight": 4289.43279445722, "num_boost_round": 32.0, "subsample": 0.8711228192339553}, "datetime": {"datetime": "2024-01-20 16:44:16", "elapsed": 8424.267976, "delta": 0.045829}}
{"target": -19.147887266964553, "params": {"colsample_bytree": 0.25881665134359455, "eta": 0.0457478038181527, "gamma": 891.4385220229213, "max_depth": 6.0, "min_child_weight": 4289.43279445722, "num_boost_round": 33.0, "subsample": 0.8711228192339553}, "datetime": {"datetime": "2024-01-20 16:44:16", "elapsed": 8424.273233, "delta": 0.005257}}
{"target": -19.147959764977344, "params": {"colsample_bytree": 0.25881665134359455, "eta": 0.0457478038181527, "gamma": 891.4385220229213, "max_depth": 6.0, "min_child_weight": 4289.43279445722, "num_boost_round": 34.0, "subsample": 0.8711228192339553}, "datetime": {"datetime": "2024-01-20 16:44:16", "elapsed": 8424.278593, "delta": 0.00536}}
{"target": -19.14865599469586, "params": {"colsample_bytree": 0.25881665134359455, "eta": 0.0457478038181527, "gamma": 891.4385220229213, "max_depth": 6.0, "min_child_weight": 4289.43279445722, "num_boost_round": 35.0, "subsample": 0.8711228192339553}, "datetime": {"datetime": "2024-01-20 16:44:16", "elapsed": 8424.284004, "delta": 0.005411}}
{"target": -19.148424364238643, "params": {"colsample_bytree": 0.25881665134359455, "eta": 0.0457478038181527, "gamma": 891.4385220229213, "max_depth": 6.0, "min_child_weight": 4289.43279445722, "num_boost_round": 36.0, "subsample": 0.8711228192339553}, "datetime": {"datetime": "2024-01-20 16:44:16", "elapsed": 8424.289368, "delta": 0.005364}}
{"target": -19.148450736663335, "params": {"colsample_bytree": 0.25881665134359455, "eta": 0.0457478038181527, "gamma": 891.4385220229213, "max_depth": 6.0, "min_child_weight": 4289.43279445722, "num_boost_round": 37.0, "subsample": 0.8711228192339553}, "datetime": {"datetime": "2024-01-20 16:44:16", "elapsed": 8424.295185, "delta": 0.005817}}
{"target": -19.148898524870734, "params": {"colsample_bytree": 0.25881665134359455, "eta": 0.0457478038181527, "gamma": 891.4385220229213, "max_depth": 6.0, "min_child_weight": 4289.43279445722, "num_boost_round": 38.0, "subsample": 0.8711228192339553}, "datetime": {"datetime": "2024-01-20 16:44:16", "elapsed": 8424.300536, "delta": 0.005351}}
{"target": -19.14900213179005, "params": {"colsample_bytree": 0.25881665134359455, "eta": 0.0457478038181527, "gamma": 891.4385220229213, "max_depth": 6.0, "min_child_weight": 4289.43279445722, "num_boost_round": 39.0, "subsample": 0.8711228192339553}, "datetime": {"datetime": "2024-01-20 16:44:16", "elapsed": 8424.305896, "delta": 0.00536}}
{"target": -19.144258215564793, "params": {"colsample_bytree": 0.6243236566819453, "eta": 0.08746021219631062, "gamma": 826.1068860122004, "max_depth": 6.0, "min_child_weight": 4373.055544230193, "num_boost_round": 1.0, "subsample": 0.7933012906685718}, "datetime": {"datetime": "2024-01-20 16:46:23", "elapsed": 8551.353771, "delta": 127.047875}}
{"target": -19.14482087008303, "params": {"colsample_bytree": 0.6243236566819453, "eta": 0.08746021219631062, "gamma": 826.1068860122004, "max_depth": 6.0, "min_child_weight": 4373.055544230193, "num_boost_round": 2.0, "subsample": 0.7933012906685718}, "datetime": {"datetime": "2024-01-20 16:46:23", "elapsed": 8551.360552, "delta": 0.006781}}
{"target": -19.145614935827652, "params": {"colsample_bytree": 0.6243236566819453, "eta": 0.08746021219631062, "gamma": 826.1068860122004, "max_depth": 6.0, "min_child_weight": 4373.055544230193, "num_boost_round": 3.0, "subsample": 0.7933012906685718}, "datetime": {"datetime": "2024-01-20 16:46:23", "elapsed": 8551.365977, "delta": 0.005425}}
{"target": -19.146790398529077, "params": {"colsample_bytree": 0.6243236566819453, "eta": 0.08746021219631062, "gamma": 826.1068860122004, "max_depth": 6.0, "min_child_weight": 4373.055544230193, "num_boost_round": 4.0, "subsample": 0.7933012906685718}, "datetime": {"datetime": "2024-01-20 16:46:23", "elapsed": 8551.371447, "delta": 0.00547}}
{"target": -19.147828067806298, "params": {"colsample_bytree": 0.6243236566819453, "eta": 0.08746021219631062, "gamma": 826.1068860122004, "max_depth": 6.0, "min_child_weight": 4373.055544230193, "num_boost_round": 5.0, "subsample": 0.7933012906685718}, "datetime": {"datetime": "2024-01-20 16:46:23", "elapsed": 8551.376716, "delta": 0.005269}}
{"target": -19.147390147807933, "params": {"colsample_bytree": 0.6243236566819453, "eta": 0.08746021219631062, "gamma": 826.1068860122004, "max_depth": 6.0, "min_child_weight": 4373.055544230193, "num_boost_round": 6.0, "subsample": 0.7933012906685718}, "datetime": {"datetime": "2024-01-20 16:46:23", "elapsed": 8551.381831, "delta": 0.005115}}
{"target": -19.147877704682266, "params": {"colsample_bytree": 0.6243236566819453, "eta": 0.08746021219631062, "gamma": 826.1068860122004, "max_depth": 6.0, "min_child_weight": 4373.055544230193, "num_boost_round": 7.0, "subsample": 0.7933012906685718}, "datetime": {"datetime": "2024-01-20 16:46:23", "elapsed": 8551.387063, "delta": 0.005232}}
{"target": -19.148683649624438, "params": {"colsample_bytree": 0.6243236566819453, "eta": 0.08746021219631062, "gamma": 826.1068860122004, "max_depth": 6.0, "min_child_weight": 4373.055544230193, "num_boost_round": 8.0, "subsample": 0.7933012906685718}, "datetime": {"datetime": "2024-01-20 16:46:23", "elapsed": 8551.392188, "delta": 0.005125}}
{"target": -19.14894202093879, "params": {"colsample_bytree": 0.6243236566819453, "eta": 0.08746021219631062, "gamma": 826.1068860122004, "max_depth": 6.0, "min_child_weight": 4373.055544230193, "num_boost_round": 9.0, "subsample": 0.7933012906685718}, "datetime": {"datetime": "2024-01-20 16:46:23", "elapsed": 8551.397355, "delta": 0.005167}}
{"target": -19.150360598704733, "params": {"colsample_bytree": 0.6243236566819453, "eta": 0.08746021219631062, "gamma": 826.1068860122004, "max_depth": 6.0, "min_child_weight": 4373.055544230193, "num_boost_round": 10.0, "subsample": 0.7933012906685718}, "datetime": {"datetime": "2024-01-20 16:46:23", "elapsed": 8551.402589, "delta": 0.005234}}
{"target": -19.150932271270076, "params": {"colsample_bytree": 0.6243236566819453, "eta": 0.08746021219631062, "gamma": 826.1068860122004, "max_depth": 6.0, "min_child_weight": 4373.055544230193, "num_boost_round": 11.0, "subsample": 0.7933012906685718}, "datetime": {"datetime": "2024-01-20 16:46:23", "elapsed": 8551.407925, "delta": 0.005336}}
{"target": -19.151254766081408, "params": {"colsample_bytree": 0.6243236566819453, "eta": 0.08746021219631062, "gamma": 826.1068860122004, "max_depth": 6.0, "min_child_weight": 4373.055544230193, "num_boost_round": 12.0, "subsample": 0.7933012906685718}, "datetime": {"datetime": "2024-01-20 16:46:23", "elapsed": 8551.413307, "delta": 0.005382}}
{"target": -19.153059385962997, "params": {"colsample_bytree": 0.6243236566819453, "eta": 0.08746021219631062, "gamma": 826.1068860122004, "max_depth": 6.0, "min_child_weight": 4373.055544230193, "num_boost_round": 13.0, "subsample": 0.7933012906685718}, "datetime": {"datetime": "2024-01-20 16:46:23", "elapsed": 8551.41878, "delta": 0.005473}}
{"target": -19.15497931200867, "params": {"colsample_bytree": 0.6243236566819453, "eta": 0.08746021219631062, "gamma": 826.1068860122004, "max_depth": 6.0, "min_child_weight": 4373.055544230193, "num_boost_round": 14.0, "subsample": 0.7933012906685718}, "datetime": {"datetime": "2024-01-20 16:46:23", "elapsed": 8551.424326, "delta": 0.005546}}
{"target": -19.15630519862174, "params": {"colsample_bytree": 0.6243236566819453, "eta": 0.08746021219631062, "gamma": 826.1068860122004, "max_depth": 6.0, "min_child_weight": 4373.055544230193, "num_boost_round": 15.0, "subsample": 0.7933012906685718}, "datetime": {"datetime": "2024-01-20 16:46:23", "elapsed": 8551.429548, "delta": 0.005222}}
{"target": -19.156719327073155, "params": {"colsample_bytree": 0.6243236566819453, "eta": 0.08746021219631062, "gamma": 826.1068860122004, "max_depth": 6.0, "min_child_weight": 4373.055544230193, "num_boost_round": 16.0, "subsample": 0.7933012906685718}, "datetime": {"datetime": "2024-01-20 16:46:23", "elapsed": 8551.434716, "delta": 0.005168}}
{"target": -19.157524228314585, "params": {"colsample_bytree": 0.6243236566819453, "eta": 0.08746021219631062, "gamma": 826.1068860122004, "max_depth": 6.0, "min_child_weight": 4373.055544230193, "num_boost_round": 17.0, "subsample": 0.7933012906685718}, "datetime": {"datetime": "2024-01-20 16:46:23", "elapsed": 8551.439902, "delta": 0.005186}}
{"target": -19.157999538475366, "params": {"colsample_bytree": 0.6243236566819453, "eta": 0.08746021219631062, "gamma": 826.1068860122004, "max_depth": 6.0, "min_child_weight": 4373.055544230193, "num_boost_round": 18.0, "subsample": 0.7933012906685718}, "datetime": {"datetime": "2024-01-20 16:46:23", "elapsed": 8551.445122, "delta": 0.00522}}
{"target": -19.158902679667683, "params": {"colsample_bytree": 0.6243236566819453, "eta": 0.08746021219631062, "gamma": 826.1068860122004, "max_depth": 6.0, "min_child_weight": 4373.055544230193, "num_boost_round": 19.0, "subsample": 0.7933012906685718}, "datetime": {"datetime": "2024-01-20 16:46:23", "elapsed": 8551.450346, "delta": 0.005224}}
{"target": -19.159725860030186, "params": {"colsample_bytree": 0.6243236566819453, "eta": 0.08746021219631062, "gamma": 826.1068860122004, "max_depth": 6.0, "min_child_weight": 4373.055544230193, "num_boost_round": 20.0, "subsample": 0.7933012906685718}, "datetime": {"datetime": "2024-01-20 16:46:23", "elapsed": 8551.455564, "delta": 0.005218}}
{"target": -19.161178970950584, "params": {"colsample_bytree": 0.6243236566819453, "eta": 0.08746021219631062, "gamma": 826.1068860122004, "max_depth": 6.0, "min_child_weight": 4373.055544230193, "num_boost_round": 21.0, "subsample": 0.7933012906685718}, "datetime": {"datetime": "2024-01-20 16:46:23", "elapsed": 8551.4608, "delta": 0.005236}}
{"target": -19.16237169552421, "params": {"colsample_bytree": 0.6243236566819453, "eta": 0.08746021219631062, "gamma": 826.1068860122004, "max_depth": 6.0, "min_child_weight": 4373.055544230193, "num_boost_round": 22.0, "subsample": 0.7933012906685718}, "datetime": {"datetime": "2024-01-20 16:46:23", "elapsed": 8551.466035, "delta": 0.005235}}
{"target": -19.162647825776794, "params": {"colsample_bytree": 0.6243236566819453, "eta": 0.08746021219631062, "gamma": 826.1068860122004, "max_depth": 6.0, "min_child_weight": 4373.055544230193, "num_boost_round": 23.0, "subsample": 0.7933012906685718}, "datetime": {"datetime": "2024-01-20 16:46:23", "elapsed": 8551.47134, "delta": 0.005305}}
{"target": -19.16318456872417, "params": {"colsample_bytree": 0.6243236566819453, "eta": 0.08746021219631062, "gamma": 826.1068860122004, "max_depth": 6.0, "min_child_weight": 4373.055544230193, "num_boost_round": 24.0, "subsample": 0.7933012906685718}, "datetime": {"datetime": "2024-01-20 16:46:23", "elapsed": 8551.47678, "delta": 0.00544}}
{"target": -19.16345325583365, "params": {"colsample_bytree": 0.6243236566819453, "eta": 0.08746021219631062, "gamma": 826.1068860122004, "max_depth": 6.0, "min_child_weight": 4373.055544230193, "num_boost_round": 25.0, "subsample": 0.7933012906685718}, "datetime": {"datetime": "2024-01-20 16:46:23", "elapsed": 8551.482268, "delta": 0.005488}}
{"target": -19.163987293020657, "params": {"colsample_bytree": 0.6243236566819453, "eta": 0.08746021219631062, "gamma": 826.1068860122004, "max_depth": 6.0, "min_child_weight": 4373.055544230193, "num_boost_round": 26.0, "subsample": 0.7933012906685718}, "datetime": {"datetime": "2024-01-20 16:46:23", "elapsed": 8551.488013, "delta": 0.005745}}
{"target": -19.164946421992106, "params": {"colsample_bytree": 0.6243236566819453, "eta": 0.08746021219631062, "gamma": 826.1068860122004, "max_depth": 6.0, "min_child_weight": 4373.055544230193, "num_boost_round": 27.0, "subsample": 0.7933012906685718}, "datetime": {"datetime": "2024-01-20 16:46:23", "elapsed": 8551.493322, "delta": 0.005309}}
{"target": -19.165675235876833, "params": {"colsample_bytree": 0.6243236566819453, "eta": 0.08746021219631062, "gamma": 826.1068860122004, "max_depth": 6.0, "min_child_weight": 4373.055544230193, "num_boost_round": 28.0, "subsample": 0.7933012906685718}, "datetime": {"datetime": "2024-01-20 16:46:23", "elapsed": 8551.498548, "delta": 0.005226}}
{"target": -19.16582887158032, "params": {"colsample_bytree": 0.6243236566819453, "eta": 0.08746021219631062, "gamma": 826.1068860122004, "max_depth": 6.0, "min_child_weight": 4373.055544230193, "num_boost_round": 29.0, "subsample": 0.7933012906685718}, "datetime": {"datetime": "2024-01-20 16:46:23", "elapsed": 8551.503734, "delta": 0.005186}}
{"target": -19.16622774333154, "params": {"colsample_bytree": 0.6243236566819453, "eta": 0.08746021219631062, "gamma": 826.1068860122004, "max_depth": 6.0, "min_child_weight": 4373.055544230193, "num_boost_round": 30.0, "subsample": 0.7933012906685718}, "datetime": {"datetime": "2024-01-20 16:46:23", "elapsed": 8551.510094, "delta": 0.00636}}
{"target": -19.166813298611558, "params": {"colsample_bytree": 0.6243236566819453, "eta": 0.08746021219631062, "gamma": 826.1068860122004, "max_depth": 6.0, "min_child_weight": 4373.055544230193, "num_boost_round": 31.0, "subsample": 0.7933012906685718}, "datetime": {"datetime": "2024-01-20 16:46:23", "elapsed": 8551.515562, "delta": 0.005468}}
{"target": -19.167154351678324, "params": {"colsample_bytree": 0.6243236566819453, "eta": 0.08746021219631062, "gamma": 826.1068860122004, "max_depth": 6.0, "min_child_weight": 4373.055544230193, "num_boost_round": 32.0, "subsample": 0.7933012906685718}, "datetime": {"datetime": "2024-01-20 16:46:23", "elapsed": 8551.520892, "delta": 0.00533}}
{"target": -19.167407551639208, "params": {"colsample_bytree": 0.6243236566819453, "eta": 0.08746021219631062, "gamma": 826.1068860122004, "max_depth": 6.0, "min_child_weight": 4373.055544230193, "num_boost_round": 33.0, "subsample": 0.7933012906685718}, "datetime": {"datetime": "2024-01-20 16:46:23", "elapsed": 8551.526098, "delta": 0.005206}}
{"target": -19.16802078280766, "params": {"colsample_bytree": 0.6243236566819453, "eta": 0.08746021219631062, "gamma": 826.1068860122004, "max_depth": 6.0, "min_child_weight": 4373.055544230193, "num_boost_round": 34.0, "subsample": 0.7933012906685718}, "datetime": {"datetime": "2024-01-20 16:46:23", "elapsed": 8551.531334, "delta": 0.005236}}
{"target": -19.16860224346008, "params": {"colsample_bytree": 0.6243236566819453, "eta": 0.08746021219631062, "gamma": 826.1068860122004, "max_depth": 6.0, "min_child_weight": 4373.055544230193, "num_boost_round": 35.0, "subsample": 0.7933012906685718}, "datetime": {"datetime": "2024-01-20 16:46:23", "elapsed": 8551.536653, "delta": 0.005319}}
{"target": -19.169149994766386, "params": {"colsample_bytree": 0.6243236566819453, "eta": 0.08746021219631062, "gamma": 826.1068860122004, "max_depth": 6.0, "min_child_weight": 4373.055544230193, "num_boost_round": 36.0, "subsample": 0.7933012906685718}, "datetime": {"datetime": "2024-01-20 16:46:23", "elapsed": 8551.542045, "delta": 0.005392}}
{"target": -19.169546998534884, "params": {"colsample_bytree": 0.6243236566819453, "eta": 0.08746021219631062, "gamma": 826.1068860122004, "max_depth": 6.0, "min_child_weight": 4373.055544230193, "num_boost_round": 37.0, "subsample": 0.7933012906685718}, "datetime": {"datetime": "2024-01-20 16:46:23", "elapsed": 8551.547539, "delta": 0.005494}}
{"target": -19.1702205478988, "params": {"colsample_bytree": 0.6243236566819453, "eta": 0.08746021219631062, "gamma": 826.1068860122004, "max_depth": 6.0, "min_child_weight": 4373.055544230193, "num_boost_round": 38.0, "subsample": 0.7933012906685718}, "datetime": {"datetime": "2024-01-20 16:46:23", "elapsed": 8551.55316, "delta": 0.005621}}
{"target": -19.171183314349065, "params": {"colsample_bytree": 0.6243236566819453, "eta": 0.08746021219631062, "gamma": 826.1068860122004, "max_depth": 6.0, "min_child_weight": 4373.055544230193, "num_boost_round": 39.0, "subsample": 0.7933012906685718}, "datetime": {"datetime": "2024-01-20 16:46:23", "elapsed": 8551.558386, "delta": 0.005226}}
{"target": -19.17186385142545, "params": {"colsample_bytree": 0.6243236566819453, "eta": 0.08746021219631062, "gamma": 826.1068860122004, "max_depth": 6.0, "min_child_weight": 4373.055544230193, "num_boost_round": 40.0, "subsample": 0.7933012906685718}, "datetime": {"datetime": "2024-01-20 16:46:23", "elapsed": 8551.563598, "delta": 0.005212}}
{"target": -19.172215269323438, "params": {"colsample_bytree": 0.6243236566819453, "eta": 0.08746021219631062, "gamma": 826.1068860122004, "max_depth": 6.0, "min_child_weight": 4373.055544230193, "num_boost_round": 41.0, "subsample": 0.7933012906685718}, "datetime": {"datetime": "2024-01-20 16:46:23", "elapsed": 8551.568847, "delta": 0.005249}}
{"target": -19.172689382707524, "params": {"colsample_bytree": 0.6243236566819453, "eta": 0.08746021219631062, "gamma": 826.1068860122004, "max_depth": 6.0, "min_child_weight": 4373.055544230193, "num_boost_round": 42.0, "subsample": 0.7933012906685718}, "datetime": {"datetime": "2024-01-20 16:46:23", "elapsed": 8551.574113, "delta": 0.005266}}
{"target": -19.17338445539177, "params": {"colsample_bytree": 0.6243236566819453, "eta": 0.08746021219631062, "gamma": 826.1068860122004, "max_depth": 6.0, "min_child_weight": 4373.055544230193, "num_boost_round": 43.0, "subsample": 0.7933012906685718}, "datetime": {"datetime": "2024-01-20 16:46:23", "elapsed": 8551.579399, "delta": 0.005286}}
{"target": -19.174082128865347, "params": {"colsample_bytree": 0.6243236566819453, "eta": 0.08746021219631062, "gamma": 826.1068860122004, "max_depth": 6.0, "min_child_weight": 4373.055544230193, "num_boost_round": 44.0, "subsample": 0.7933012906685718}, "datetime": {"datetime": "2024-01-20 16:46:23", "elapsed": 8551.58466, "delta": 0.005261}}
{"target": -19.173970958402037, "params": {"colsample_bytree": 0.6243236566819453, "eta": 0.08746021219631062, "gamma": 826.1068860122004, "max_depth": 6.0, "min_child_weight": 4373.055544230193, "num_boost_round": 45.0, "subsample": 0.7933012906685718}, "datetime": {"datetime": "2024-01-20 16:46:23", "elapsed": 8551.589849, "delta": 0.005189}}
{"target": -19.174206116020567, "params": {"colsample_bytree": 0.6243236566819453, "eta": 0.08746021219631062, "gamma": 826.1068860122004, "max_depth": 6.0, "min_child_weight": 4373.055544230193, "num_boost_round": 46.0, "subsample": 0.7933012906685718}, "datetime": {"datetime": "2024-01-20 16:46:23", "elapsed": 8551.595117, "delta": 0.005268}}
{"target": -19.174542491320505, "params": {"colsample_bytree": 0.6243236566819453, "eta": 0.08746021219631062, "gamma": 826.1068860122004, "max_depth": 6.0, "min_child_weight": 4373.055544230193, "num_boost_round": 47.0, "subsample": 0.7933012906685718}, "datetime": {"datetime": "2024-01-20 16:46:23", "elapsed": 8551.600407, "delta": 0.00529}}
{"target": -19.175087484574938, "params": {"colsample_bytree": 0.6243236566819453, "eta": 0.08746021219631062, "gamma": 826.1068860122004, "max_depth": 6.0, "min_child_weight": 4373.055544230193, "num_boost_round": 48.0, "subsample": 0.7933012906685718}, "datetime": {"datetime": "2024-01-20 16:46:23", "elapsed": 8551.605804, "delta": 0.005397}}
{"target": -19.175719460468905, "params": {"colsample_bytree": 0.6243236566819453, "eta": 0.08746021219631062, "gamma": 826.1068860122004, "max_depth": 6.0, "min_child_weight": 4373.055544230193, "num_boost_round": 49.0, "subsample": 0.7933012906685718}, "datetime": {"datetime": "2024-01-20 16:46:23", "elapsed": 8551.61128, "delta": 0.005476}}
{"target": -19.17597085437, "params": {"colsample_bytree": 0.6243236566819453, "eta": 0.08746021219631062, "gamma": 826.1068860122004, "max_depth": 6.0, "min_child_weight": 4373.055544230193, "num_boost_round": 50.0, "subsample": 0.7933012906685718}, "datetime": {"datetime": "2024-01-20 16:46:23", "elapsed": 8551.616879, "delta": 0.005599}}
{"target": -19.17625829392177, "params": {"colsample_bytree": 0.6243236566819453, "eta": 0.08746021219631062, "gamma": 826.1068860122004, "max_depth": 6.0, "min_child_weight": 4373.055544230193, "num_boost_round": 51.0, "subsample": 0.7933012906685718}, "datetime": {"datetime": "2024-01-20 16:46:23", "elapsed": 8551.622096, "delta": 0.005217}}
{"target": -19.176148022466396, "params": {"colsample_bytree": 0.6243236566819453, "eta": 0.08746021219631062, "gamma": 826.1068860122004, "max_depth": 6.0, "min_child_weight": 4373.055544230193, "num_boost_round": 52.0, "subsample": 0.7933012906685718}, "datetime": {"datetime": "2024-01-20 16:46:23", "elapsed": 8551.627357, "delta": 0.005261}}
{"target": -19.17646795596265, "params": {"colsample_bytree": 0.6243236566819453, "eta": 0.08746021219631062, "gamma": 826.1068860122004, "max_depth": 6.0, "min_child_weight": 4373.055544230193, "num_boost_round": 53.0, "subsample": 0.7933012906685718}, "datetime": {"datetime": "2024-01-20 16:46:23", "elapsed": 8551.632593, "delta": 0.005236}}
{"target": -19.17681389420291, "params": {"colsample_bytree": 0.6243236566819453, "eta": 0.08746021219631062, "gamma": 826.1068860122004, "max_depth": 6.0, "min_child_weight": 4373.055544230193, "num_boost_round": 54.0, "subsample": 0.7933012906685718}, "datetime": {"datetime": "2024-01-20 16:46:23", "elapsed": 8551.637796, "delta": 0.005203}}
