{"target": -12.343125818067147, "params": {"colsample_bytree": 0.5299197646733784, "eta": 0.05026513240499038, "gamma": 578.6540557161493, "max_depth": 7.0, "min_child_weight": 4244.724180323109, "num_boost_round": 17.0, "subsample": 0.2578829034006089}, "datetime": {"datetime": "2024-01-20 14:24:44", "elapsed": 50.313531, "delta": 0.000386}}
{"target": -12.342567792708529, "params": {"colsample_bytree": 0.5299197646733784, "eta": 0.05026513240499038, "gamma": 578.6540557161493, "max_depth": 7.0, "min_child_weight": 4244.724180323109, "num_boost_round": 18.0, "subsample": 0.2578829034006089}, "datetime": {"datetime": "2024-01-20 14:24:44", "elapsed": 50.313919, "delta": 0.000388}}
{"target": -12.342404211471228, "params": {"colsample_bytree": 0.5299197646733784, "eta": 0.05026513240499038, "gamma": 578.6540557161493, "max_depth": 7.0, "min_child_weight": 4244.724180323109, "num_boost_round": 19.0, "subsample": 0.2578829034006089}, "datetime": {"datetime": "2024-01-20 14:24:44", "elapsed": 50.314312, "delta": 0.000393}}
{"target": -12.342475842037146, "params": {"colsample_bytree": 0.5299197646733784, "eta": 0.05026513240499038, "gamma": 578.6540557161493, "max_depth": 7.0, "min_child_weight": 4244.724180323109, "num_boost_round": 20.0, "subsample": 0.2578829034006089}, "datetime": {"datetime": "2024-01-20 14:24:44", "elapsed": 50.314703, "delta": 0.000391}}
{"target": -12.342471796465922, "params": {"colsample_bytree": 0.5299197646733784, "eta": 0.05026513240499038, "gamma": 578.6540557161493, "max_depth": 7.0, "min_child_weight": 4244.724180323109, "num_boost_round": 21.0, "subsample": 0.2578829034006089}, "datetime": {"datetime": "2024-01-20 14:24:44", "elapsed": 50.3151, "delta": 0.000397}}
{"target": -12.34278988689054, "params": {"colsample_bytree": 0.5299197646733784, "eta": 0.05026513240499038, "gamma": 578.6540557161493, "max_depth": 7.0, "min_child_weight": 4244.724180323109, "num_boost_round": 22.0, "subsample": 0.2578829034006089}, "datetime": {"datetime": "2024-01-20 14:24:44", "elapsed": 50.315537, "delta": 0.000437}}
{"target": -12.342678217859927, "params": {"colsample_bytree": 0.5299197646733784, "eta": 0.05026513240499038, "gamma": 578.6540557161493, "max_depth": 7.0, "min_child_weight": 4244.724180323109, "num_boost_round": 23.0, "subsample": 0.2578829034006089}, "datetime": {"datetime": "2024-01-20 14:24:44", "elapsed": 50.315929, "delta": 0.000392}}
{"target": -12.355497473099458, "params": {"colsample_bytree": 0.841418490854697, "eta": 0.06657071735675223, "gamma": 586.957609509642, "max_depth": 6.0, "min_child_weight": 4226.314895072249, "num_boost_round": 1.0, "subsample": 0.1694588797429611}, "datetime": {"datetime": "2024-01-20 14:25:03", "elapsed": 70.144773, "delta": 19.828844}}
{"target": -12.353164471958365, "params": {"colsample_bytree": 0.841418490854697, "eta": 0.06657071735675223, "gamma": 586.957609509642, "max_depth": 6.0, "min_child_weight": 4226.314895072249, "num_boost_round": 2.0, "subsample": 0.1694588797429611}, "datetime": {"datetime": "2024-01-20 14:25:03", "elapsed": 70.14622, "delta": 0.001447}}
{"target": -12.351164447335176, "params": {"colsample_bytree": 0.841418490854697, "eta": 0.06657071735675223, "gamma": 586.957609509642, "max_depth": 6.0, "min_child_weight": 4226.314895072249, "num_boost_round": 3.0, "subsample": 0.1694588797429611}, "datetime": {"datetime": "2024-01-20 14:25:03", "elapsed": 70.146667, "delta": 0.000447}}
{"target": -12.350060360200782, "params": {"colsample_bytree": 0.841418490854697, "eta": 0.06657071735675223, "gamma": 586.957609509642, "max_depth": 6.0, "min_child_weight": 4226.314895072249, "num_boost_round": 4.0, "subsample": 0.1694588797429611}, "datetime": {"datetime": "2024-01-20 14:25:03", "elapsed": 70.147546, "delta": 0.000879}}
{"target": -12.348451341933432, "params": {"colsample_bytree": 0.841418490854697, "eta": 0.06657071735675223, "gamma": 586.957609509642, "max_depth": 6.0, "min_child_weight": 4226.314895072249, "num_boost_round": 5.0, "subsample": 0.1694588797429611}, "datetime": {"datetime": "2024-01-20 14:25:03", "elapsed": 70.147957, "delta": 0.000411}}
{"target": -12.347739285268325, "params": {"colsample_bytree": 0.841418490854697, "eta": 0.06657071735675223, "gamma": 586.957609509642, "max_depth": 6.0, "min_child_weight": 4226.314895072249, "num_boost_round": 6.0, "subsample": 0.1694588797429611}, "datetime": {"datetime": "2024-01-20 14:25:03", "elapsed": 70.148369, "delta": 0.000412}}
{"target": -12.347233159249845, "params": {"colsample_bytree": 0.841418490854697, "eta": 0.06657071735675223, "gamma": 586.957609509642, "max_depth": 6.0, "min_child_weight": 4226.314895072249, "num_boost_round": 7.0, "subsample": 0.1694588797429611}, "datetime": {"datetime": "2024-01-20 14:25:03", "elapsed": 70.148773, "delta": 0.000404}}
{"target": -12.346033442458065, "params": {"colsample_bytree": 0.841418490854697, "eta": 0.06657071735675223, "gamma": 586.957609509642, "max_depth": 6.0, "min_child_weight": 4226.314895072249, "num_boost_round": 8.0, "subsample": 0.1694588797429611}, "datetime": {"datetime": "2024-01-20 14:25:03", "elapsed": 70.149179, "delta": 0.000406}}
{"target": -12.345662180224394, "params": {"colsample_bytree": 0.841418490854697, "eta": 0.06657071735675223, "gamma": 586.957609509642, "max_depth": 6.0, "min_child_weight": 4226.314895072249, "num_boost_round": 9.0, "subsample": 0.1694588797429611}, "datetime": {"datetime": "2024-01-20 14:25:03", "elapsed": 70.149703, "delta": 0.000524}}
{"target": -12.344681727230679, "params": {"colsample_bytree": 0.841418490854697, "eta": 0.06657071735675223, "gamma": 586.957609509642, "max_depth": 6.0, "min_child_weight": 4226.314895072249, "num_boost_round": 10.0, "subsample": 0.1694588797429611}, "datetime": {"datetime": "2024-01-20 14:25:03", "elapsed": 70.150116, "delta": 0.000413}}
{"target": -12.344032637792811, "params": {"colsample_bytree": 0.841418490854697, "eta": 0.06657071735675223, "gamma": 586.957609509642, "max_depth": 6.0, "min_child_weight": 4226.314895072249, "num_boost_round": 11.0, "subsample": 0.1694588797429611}, "datetime": {"datetime": "2024-01-20 14:25:03", "elapsed": 70.150526, "delta": 0.00041}}
{"target": -12.344088782619767, "params": {"colsample_bytree": 0.841418490854697, "eta": 0.06657071735675223, "gamma": 586.957609509642, "max_depth": 6.0, "min_child_weight": 4226.314895072249, "num_boost_round": 12.0, "subsample": 0.1694588797429611}, "datetime": {"datetime": "2024-01-20 14:25:03", "elapsed": 70.150931, "delta": 0.000405}}
{"target": -12.344211341653793, "params": {"colsample_bytree": 0.841418490854697, "eta": 0.06657071735675223, "gamma": 586.957609509642, "max_depth": 6.0, "min_child_weight": 4226.314895072249, "num_boost_round": 13.0, "subsample": 0.1694588797429611}, "datetime": {"datetime": "2024-01-20 14:25:03", "elapsed": 70.151351, "delta": 0.00042}}
{"target": -12.344208780874444, "params": {"colsample_bytree": 0.841418490854697, "eta": 0.06657071735675223, "gamma": 586.957609509642, "max_depth": 6.0, "min_child_weight": 4226.314895072249, "num_boost_round": 14.0, "subsample": 0.1694588797429611}, "datetime": {"datetime": "2024-01-20 14:25:03", "elapsed": 70.151762, "delta": 0.000411}}
{"target": -12.343782032626473, "params": {"colsample_bytree": 0.841418490854697, "eta": 0.06657071735675223, "gamma": 586.957609509642, "max_depth": 6.0, "min_child_weight": 4226.314895072249, "num_boost_round": 15.0, "subsample": 0.1694588797429611}, "datetime": {"datetime": "2024-01-20 14:25:03", "elapsed": 70.152186, "delta": 0.000424}}
{"target": -12.344178599876505, "params": {"colsample_bytree": 0.841418490854697, "eta": 0.06657071735675223, "gamma": 586.957609509642, "max_depth": 6.0, "min_child_weight": 4226.314895072249, "num_boost_round": 16.0, "subsample": 0.1694588797429611}, "datetime": {"datetime": "2024-01-20 14:25:03", "elapsed": 70.152598, "delta": 0.000412}}
{"target": -12.356522875255795, "params": {"colsample_bytree": 0.5950621132610413, "eta": 0.07257417622014693, "gamma": 550.0605532433628, "max_depth": 4.0, "min_child_weight": 4223.323360238586, "num_boost_round": 1.0, "subsample": 0.8477033388397448}, "datetime": {"datetime": "2024-01-20 14:25:36", "elapsed": 102.649251, "delta": 32.496653}}
{"target": -12.354875343489665, "params": {"colsample_bytree": 0.5950621132610413, "eta": 0.07257417622014693, "gamma": 550.0605532433628, "max_depth": 4.0, "min_child_weight": 4223.323360238586, "num_boost_round": 2.0, "subsample": 0.8477033388397448}, "datetime": {"datetime": "2024-01-20 14:25:36", "elapsed": 102.650143, "delta": 0.000892}}
{"target": -12.351453392788976, "params": {"colsample_bytree": 0.5950621132610413, "eta": 0.07257417622014693, "gamma": 550.0605532433628, "max_depth": 4.0, "min_child_weight": 4223.323360238586, "num_boost_round": 3.0, "subsample": 0.8477033388397448}, "datetime": {"datetime": "2024-01-20 14:25:36", "elapsed": 102.65072, "delta": 0.000577}}
{"target": -12.352124489486894, "params": {"colsample_bytree": 0.5950621132610413, "eta": 0.07257417622014693, "gamma": 550.0605532433628, "max_depth": 4.0, "min_child_weight": 4223.323360238586, "num_boost_round": 4.0, "subsample": 0.8477033388397448}, "datetime": {"datetime": "2024-01-20 14:25:36", "elapsed": 102.651182, "delta": 0.000462}}
{"target": -12.349160278393294, "params": {"colsample_bytree": 0.5950621132610413, "eta": 0.07257417622014693, "gamma": 550.0605532433628, "max_depth": 4.0, "min_child_weight": 4223.323360238586, "num_boost_round": 5.0, "subsample": 0.8477033388397448}, "datetime": {"datetime": "2024-01-20 14:25:36", "elapsed": 102.651625, "delta": 0.000443}}
{"target": -12.347201913841443, "params": {"colsample_bytree": 0.5950621132610413, "eta": 0.07257417622014693, "gamma": 550.0605532433628, "max_depth": 4.0, "min_child_weight": 4223.323360238586, "num_boost_round": 6.0, "subsample": 0.8477033388397448}, "datetime": {"datetime": "2024-01-20 14:25:36", "elapsed": 102.652072, "delta": 0.000447}}
{"target": -12.345413593860073, "params": {"colsample_bytree": 0.5950621132610413, "eta": 0.07257417622014693, "gamma": 550.0605532433628, "max_depth": 4.0, "min_child_weight": 4223.323360238586, "num_boost_round": 7.0, "subsample": 0.8477033388397448}, "datetime": {"datetime": "2024-01-20 14:25:36", "elapsed": 102.652541, "delta": 0.000469}}
{"target": -12.344683929346653, "params": {"colsample_bytree": 0.5950621132610413, "eta": 0.07257417622014693, "gamma": 550.0605532433628, "max_depth": 4.0, "min_child_weight": 4223.323360238586, "num_boost_round": 8.0, "subsample": 0.8477033388397448}, "datetime": {"datetime": "2024-01-20 14:25:36", "elapsed": 102.653119, "delta": 0.000578}}
{"target": -12.343625784905349, "params": {"colsample_bytree": 0.5950621132610413, "eta": 0.07257417622014693, "gamma": 550.0605532433628, "max_depth": 4.0, "min_child_weight": 4223.323360238586, "num_boost_round": 9.0, "subsample": 0.8477033388397448}, "datetime": {"datetime": "2024-01-20 14:25:36", "elapsed": 102.653558, "delta": 0.000439}}
{"target": -12.343310372134773, "params": {"colsample_bytree": 0.5950621132610413, "eta": 0.07257417622014693, "gamma": 550.0605532433628, "max_depth": 4.0, "min_child_weight": 4223.323360238586, "num_boost_round": 10.0, "subsample": 0.8477033388397448}, "datetime": {"datetime": "2024-01-20 14:25:36", "elapsed": 102.654003, "delta": 0.000445}}
{"target": -12.342842358283612, "params": {"colsample_bytree": 0.5950621132610413, "eta": 0.07257417622014693, "gamma": 550.0605532433628, "max_depth": 4.0, "min_child_weight": 4223.323360238586, "num_boost_round": 11.0, "subsample": 0.8477033388397448}, "datetime": {"datetime": "2024-01-20 14:25:36", "elapsed": 102.654443, "delta": 0.00044}}
{"target": -12.342234070847855, "params": {"colsample_bytree": 0.5950621132610413, "eta": 0.07257417622014693, "gamma": 550.0605532433628, "max_depth": 4.0, "min_child_weight": 4223.323360238586, "num_boost_round": 12.0, "subsample": 0.8477033388397448}, "datetime": {"datetime": "2024-01-20 14:25:36", "elapsed": 102.654878, "delta": 0.000435}}
{"target": -12.342348764088776, "params": {"colsample_bytree": 0.5950621132610413, "eta": 0.07257417622014693, "gamma": 550.0605532433628, "max_depth": 4.0, "min_child_weight": 4223.323360238586, "num_boost_round": 13.0, "subsample": 0.8477033388397448}, "datetime": {"datetime": "2024-01-20 14:25:36", "elapsed": 102.655317, "delta": 0.000439}}
{"target": -12.34240652356598, "params": {"colsample_bytree": 0.5950621132610413, "eta": 0.07257417622014693, "gamma": 550.0605532433628, "max_depth": 4.0, "min_child_weight": 4223.323360238586, "num_boost_round": 14.0, "subsample": 0.8477033388397448}, "datetime": {"datetime": "2024-01-20 14:25:36", "elapsed": 102.655752, "delta": 0.000435}}
{"target": -12.3420010876789, "params": {"colsample_bytree": 0.5950621132610413, "eta": 0.07257417622014693, "gamma": 550.0605532433628, "max_depth": 4.0, "min_child_weight": 4223.323360238586, "num_boost_round": 15.0, "subsample": 0.8477033388397448}, "datetime": {"datetime": "2024-01-20 14:25:36", "elapsed": 102.656197, "delta": 0.000445}}
{"target": -12.34210708874279, "params": {"colsample_bytree": 0.5950621132610413, "eta": 0.07257417622014693, "gamma": 550.0605532433628, "max_depth": 4.0, "min_child_weight": 4223.323360238586, "num_boost_round": 16.0, "subsample": 0.8477033388397448}, "datetime": {"datetime": "2024-01-20 14:25:36", "elapsed": 102.656636, "delta": 0.000439}}
{"target": -12.341817227407518, "params": {"colsample_bytree": 0.5950621132610413, "eta": 0.07257417622014693, "gamma": 550.0605532433628, "max_depth": 4.0, "min_child_weight": 4223.323360238586, "num_boost_round": 17.0, "subsample": 0.8477033388397448}, "datetime": {"datetime": "2024-01-20 14:25:36", "elapsed": 102.65708, "delta": 0.000444}}
{"target": -12.341392222768569, "params": {"colsample_bytree": 0.5950621132610413, "eta": 0.07257417622014693, "gamma": 550.0605532433628, "max_depth": 4.0, "min_child_weight": 4223.323360238586, "num_boost_round": 18.0, "subsample": 0.8477033388397448}, "datetime": {"datetime": "2024-01-20 14:25:36", "elapsed": 102.657702, "delta": 0.000622}}
{"target": -12.341402129446834, "params": {"colsample_bytree": 0.5950621132610413, "eta": 0.07257417622014693, "gamma": 550.0605532433628, "max_depth": 4.0, "min_child_weight": 4223.323360238586, "num_boost_round": 19.0, "subsample": 0.8477033388397448}, "datetime": {"datetime": "2024-01-20 14:25:36", "elapsed": 102.658165, "delta": 0.000463}}
{"target": -12.341643300984753, "params": {"colsample_bytree": 0.5950621132610413, "eta": 0.07257417622014693, "gamma": 550.0605532433628, "max_depth": 4.0, "min_child_weight": 4223.323360238586, "num_boost_round": 20.0, "subsample": 0.8477033388397448}, "datetime": {"datetime": "2024-01-20 14:25:36", "elapsed": 102.658616, "delta": 0.000451}}
{"target": -12.341902603268707, "params": {"colsample_bytree": 0.5950621132610413, "eta": 0.07257417622014693, "gamma": 550.0605532433628, "max_depth": 4.0, "min_child_weight": 4223.323360238586, "num_boost_round": 21.0, "subsample": 0.8477033388397448}, "datetime": {"datetime": "2024-01-20 14:25:36", "elapsed": 102.659063, "delta": 0.000447}}
{"target": -12.342412767582335, "params": {"colsample_bytree": 0.5950621132610413, "eta": 0.07257417622014693, "gamma": 550.0605532433628, "max_depth": 4.0, "min_child_weight": 4223.323360238586, "num_boost_round": 22.0, "subsample": 0.8477033388397448}, "datetime": {"datetime": "2024-01-20 14:25:36", "elapsed": 102.659518, "delta": 0.000455}}
{"target": -12.3429772785175, "params": {"colsample_bytree": 0.5950621132610413, "eta": 0.07257417622014693, "gamma": 550.0605532433628, "max_depth": 4.0, "min_child_weight": 4223.323360238586, "num_boost_round": 23.0, "subsample": 0.8477033388397448}, "datetime": {"datetime": "2024-01-20 14:25:36", "elapsed": 102.659965, "delta": 0.000447}}
{"target": -12.343194170244614, "params": {"colsample_bytree": 0.5950621132610413, "eta": 0.07257417622014693, "gamma": 550.0605532433628, "max_depth": 4.0, "min_child_weight": 4223.323360238586, "num_boost_round": 24.0, "subsample": 0.8477033388397448}, "datetime": {"datetime": "2024-01-20 14:25:36", "elapsed": 102.66042, "delta": 0.000455}}
{"target": -12.343098364785343, "params": {"colsample_bytree": 0.5950621132610413, "eta": 0.07257417622014693, "gamma": 550.0605532433628, "max_depth": 4.0, "min_child_weight": 4223.323360238586, "num_boost_round": 25.0, "subsample": 0.8477033388397448}, "datetime": {"datetime": "2024-01-20 14:25:36", "elapsed": 102.660967, "delta": 0.000547}}
{"target": -12.343424625061939, "params": {"colsample_bytree": 0.5950621132610413, "eta": 0.07257417622014693, "gamma": 550.0605532433628, "max_depth": 4.0, "min_child_weight": 4223.323360238586, "num_boost_round": 26.0, "subsample": 0.8477033388397448}, "datetime": {"datetime": "2024-01-20 14:25:36", "elapsed": 102.661432, "delta": 0.000465}}
{"target": -12.343810230345518, "params": {"colsample_bytree": 0.5950621132610413, "eta": 0.07257417622014693, "gamma": 550.0605532433628, "max_depth": 4.0, "min_child_weight": 4223.323360238586, "num_boost_round": 27.0, "subsample": 0.8477033388397448}, "datetime": {"datetime": "2024-01-20 14:25:36", "elapsed": 102.661893, "delta": 0.000461}}
{"target": -12.343587564183327, "params": {"colsample_bytree": 0.5950621132610413, "eta": 0.07257417622014693, "gamma": 550.0605532433628, "max_depth": 4.0, "min_child_weight": 4223.323360238586, "num_boost_round": 28.0, "subsample": 0.8477033388397448}, "datetime": {"datetime": "2024-01-20 14:25:36", "elapsed": 102.662358, "delta": 0.000465}}
{"target": -12.343704824343988, "params": {"colsample_bytree": 0.5950621132610413, "eta": 0.07257417622014693, "gamma": 550.0605532433628, "max_depth": 4.0, "min_child_weight": 4223.323360238586, "num_boost_round": 29.0, "subsample": 0.8477033388397448}, "datetime": {"datetime": "2024-01-20 14:25:36", "elapsed": 102.662813, "delta": 0.000455}}
{"target": -12.343868389265893, "params": {"colsample_bytree": 0.5950621132610413, "eta": 0.07257417622014693, "gamma": 550.0605532433628, "max_depth": 4.0, "min_child_weight": 4223.323360238586, "num_boost_round": 30.0, "subsample": 0.8477033388397448}, "datetime": {"datetime": "2024-01-20 14:25:36", "elapsed": 102.663278, "delta": 0.000465}}
{"target": -12.344076112350322, "params": {"colsample_bytree": 0.5950621132610413, "eta": 0.07257417622014693, "gamma": 550.0605532433628, "max_depth": 4.0, "min_child_weight": 4223.323360238586, "num_boost_round": 31.0, "subsample": 0.8477033388397448}, "datetime": {"datetime": "2024-01-20 14:25:36", "elapsed": 102.663739, "delta": 0.000461}}
{"target": -12.34407470015764, "params": {"colsample_bytree": 0.5950621132610413, "eta": 0.07257417622014693, "gamma": 550.0605532433628, "max_depth": 4.0, "min_child_weight": 4223.323360238586, "num_boost_round": 32.0, "subsample": 0.8477033388397448}, "datetime": {"datetime": "2024-01-20 14:25:36", "elapsed": 102.664205, "delta": 0.000466}}
{"target": -12.344263737066267, "params": {"colsample_bytree": 0.5950621132610413, "eta": 0.07257417622014693, "gamma": 550.0605532433628, "max_depth": 4.0, "min_child_weight": 4223.323360238586, "num_boost_round": 33.0, "subsample": 0.8477033388397448}, "datetime": {"datetime": "2024-01-20 14:25:36", "elapsed": 102.664667, "delta": 0.000462}}
{"target": -12.344381554547054, "params": {"colsample_bytree": 0.5950621132610413, "eta": 0.07257417622014693, "gamma": 550.0605532433628, "max_depth": 4.0, "min_child_weight": 4223.323360238586, "num_boost_round": 34.0, "subsample": 0.8477033388397448}, "datetime": {"datetime": "2024-01-20 14:25:36", "elapsed": 102.665134, "delta": 0.000467}}
{"target": -12.344563930582325, "params": {"colsample_bytree": 0.5950621132610413, "eta": 0.07257417622014693, "gamma": 550.0605532433628, "max_depth": 4.0, "min_child_weight": 4223.323360238586, "num_boost_round": 35.0, "subsample": 0.8477033388397448}, "datetime": {"datetime": "2024-01-20 14:25:36", "elapsed": 102.665601, "delta": 0.000467}}
{"target": -12.344537056159593, "params": {"colsample_bytree": 0.5950621132610413, "eta": 0.07257417622014693, "gamma": 550.0605532433628, "max_depth": 4.0, "min_child_weight": 4223.323360238586, "num_boost_round": 36.0, "subsample": 0.8477033388397448}, "datetime": {"datetime": "2024-01-20 14:25:36", "elapsed": 102.666067, "delta": 0.000466}}
{"target": -12.344620434968366, "params": {"colsample_bytree": 0.5950621132610413, "eta": 0.07257417622014693, "gamma": 550.0605532433628, "max_depth": 4.0, "min_child_weight": 4223.323360238586, "num_boost_round": 37.0, "subsample": 0.8477033388397448}, "datetime": {"datetime": "2024-01-20 14:25:36", "elapsed": 102.666541, "delta": 0.000474}}
{"target": -12.344924372460344, "params": {"colsample_bytree": 0.5950621132610413, "eta": 0.07257417622014693, "gamma": 550.0605532433628, "max_depth": 4.0, "min_child_weight": 4223.323360238586, "num_boost_round": 38.0, "subsample": 0.8477033388397448}, "datetime": {"datetime": "2024-01-20 14:25:36", "elapsed": 102.667009, "delta": 0.000468}}
{"target": -12.344980550999926, "params": {"colsample_bytree": 0.5950621132610413, "eta": 0.07257417622014693, "gamma": 550.0605532433628, "max_depth": 4.0, "min_child_weight": 4223.323360238586, "num_boost_round": 39.0, "subsample": 0.8477033388397448}, "datetime": {"datetime": "2024-01-20 14:25:36", "elapsed": 102.66749, "delta": 0.000481}}
{"target": -12.345010611457798, "params": {"colsample_bytree": 0.5950621132610413, "eta": 0.07257417622014693, "gamma": 550.0605532433628, "max_depth": 4.0, "min_child_weight": 4223.323360238586, "num_boost_round": 40.0, "subsample": 0.8477033388397448}, "datetime": {"datetime": "2024-01-20 14:25:36", "elapsed": 102.667959, "delta": 0.000469}}
