{"target": -19.147175026811524, "params": {"colsample_bytree": 0.9926727757334293, "eta": 0.02512205106834145, "gamma": 57.74274587376193, "max_depth": 8.0, "min_child_weight": 4207.203100107009, "num_boost_round": 25.0, "subsample": 0.44100832656000244}, "datetime": {"datetime": "2024-01-20 14:56:36", "elapsed": 1964.904952, "delta": 0.002573}}
{"target": -19.147399086484796, "params": {"colsample_bytree": 0.9926727757334293, "eta": 0.02512205106834145, "gamma": 57.74274587376193, "max_depth": 8.0, "min_child_weight": 4207.203100107009, "num_boost_round": 26.0, "subsample": 0.44100832656000244}, "datetime": {"datetime": "2024-01-20 14:56:36", "elapsed": 1964.907456, "delta": 0.002504}}
{"target": -19.14758950854955, "params": {"colsample_bytree": 0.9926727757334293, "eta": 0.02512205106834145, "gamma": 57.74274587376193, "max_depth": 8.0, "min_child_weight": 4207.203100107009, "num_boost_round": 27.0, "subsample": 0.44100832656000244}, "datetime": {"datetime": "2024-01-20 14:56:36", "elapsed": 1964.909959, "delta": 0.002503}}
{"target": -19.14781736566179, "params": {"colsample_bytree": 0.9926727757334293, "eta": 0.02512205106834145, "gamma": 57.74274587376193, "max_depth": 8.0, "min_child_weight": 4207.203100107009, "num_boost_round": 28.0, "subsample": 0.44100832656000244}, "datetime": {"datetime": "2024-01-20 14:56:36", "elapsed": 1964.936396, "delta": 0.026437}}
{"target": -19.148058273910536, "params": {"colsample_bytree": 0.9926727757334293, "eta": 0.02512205106834145, "gamma": 57.74274587376193, "max_depth": 8.0, "min_child_weight": 4207.203100107009, "num_boost_round": 29.0, "subsample": 0.44100832656000244}, "datetime": {"datetime": "2024-01-20 14:56:36", "elapsed": 1964.93889, "delta": 0.002494}}
{"target": -19.148192872680042, "params": {"colsample_bytree": 0.9926727757334293, "eta": 0.02512205106834145, "gamma": 57.74274587376193, "max_depth": 8.0, "min_child_weight": 4207.203100107009, "num_boost_round": 30.0, "subsample": 0.44100832656000244}, "datetime": {"datetime": "2024-01-20 14:56:36", "elapsed": 1964.941354, "delta": 0.002464}}
{"target": -19.148481327678507, "params": {"colsample_bytree": 0.9926727757334293, "eta": 0.02512205106834145, "gamma": 57.74274587376193, "max_depth": 8.0, "min_child_weight": 4207.203100107009, "num_boost_round": 31.0, "subsample": 0.44100832656000244}, "datetime": {"datetime": "2024-01-20 14:56:36", "elapsed": 1964.943854, "delta": 0.0025}}
{"target": -19.148905611642384, "params": {"colsample_bytree": 0.9926727757334293, "eta": 0.02512205106834145, "gamma": 57.74274587376193, "max_depth": 8.0, "min_child_weight": 4207.203100107009, "num_boost_round": 32.0, "subsample": 0.44100832656000244}, "datetime": {"datetime": "2024-01-20 14:56:36", "elapsed": 1964.94639, "delta": 0.002536}}
{"target": -19.149232688492184, "params": {"colsample_bytree": 0.9926727757334293, "eta": 0.02512205106834145, "gamma": 57.74274587376193, "max_depth": 8.0, "min_child_weight": 4207.203100107009, "num_boost_round": 33.0, "subsample": 0.44100832656000244}, "datetime": {"datetime": "2024-01-20 14:56:36", "elapsed": 1964.948854, "delta": 0.002464}}
{"target": -19.14970933701781, "params": {"colsample_bytree": 0.9926727757334293, "eta": 0.02512205106834145, "gamma": 57.74274587376193, "max_depth": 8.0, "min_child_weight": 4207.203100107009, "num_boost_round": 34.0, "subsample": 0.44100832656000244}, "datetime": {"datetime": "2024-01-20 14:56:37", "elapsed": 1964.951295, "delta": 0.002441}}
{"target": -19.149831531257824, "params": {"colsample_bytree": 0.9926727757334293, "eta": 0.02512205106834145, "gamma": 57.74274587376193, "max_depth": 8.0, "min_child_weight": 4207.203100107009, "num_boost_round": 35.0, "subsample": 0.44100832656000244}, "datetime": {"datetime": "2024-01-20 14:56:37", "elapsed": 1964.953744, "delta": 0.002449}}
{"target": -19.15007721878213, "params": {"colsample_bytree": 0.9926727757334293, "eta": 0.02512205106834145, "gamma": 57.74274587376193, "max_depth": 8.0, "min_child_weight": 4207.203100107009, "num_boost_round": 36.0, "subsample": 0.44100832656000244}, "datetime": {"datetime": "2024-01-20 14:56:37", "elapsed": 1964.956195, "delta": 0.002451}}
{"target": -19.150459323515022, "params": {"colsample_bytree": 0.9926727757334293, "eta": 0.02512205106834145, "gamma": 57.74274587376193, "max_depth": 8.0, "min_child_weight": 4207.203100107009, "num_boost_round": 37.0, "subsample": 0.44100832656000244}, "datetime": {"datetime": "2024-01-20 14:56:37", "elapsed": 1964.958776, "delta": 0.002581}}
{"target": -19.150600373036646, "params": {"colsample_bytree": 0.9926727757334293, "eta": 0.02512205106834145, "gamma": 57.74274587376193, "max_depth": 8.0, "min_child_weight": 4207.203100107009, "num_boost_round": 38.0, "subsample": 0.44100832656000244}, "datetime": {"datetime": "2024-01-20 14:56:37", "elapsed": 1964.961231, "delta": 0.002455}}
{"target": -19.15088371006054, "params": {"colsample_bytree": 0.9926727757334293, "eta": 0.02512205106834145, "gamma": 57.74274587376193, "max_depth": 8.0, "min_child_weight": 4207.203100107009, "num_boost_round": 39.0, "subsample": 0.44100832656000244}, "datetime": {"datetime": "2024-01-20 14:56:37", "elapsed": 1964.963781, "delta": 0.00255}}
{"target": -19.15123455799033, "params": {"colsample_bytree": 0.9926727757334293, "eta": 0.02512205106834145, "gamma": 57.74274587376193, "max_depth": 8.0, "min_child_weight": 4207.203100107009, "num_boost_round": 40.0, "subsample": 0.44100832656000244}, "datetime": {"datetime": "2024-01-20 14:56:37", "elapsed": 1964.966256, "delta": 0.002475}}
{"target": -19.15152589686403, "params": {"colsample_bytree": 0.9926727757334293, "eta": 0.02512205106834145, "gamma": 57.74274587376193, "max_depth": 8.0, "min_child_weight": 4207.203100107009, "num_boost_round": 41.0, "subsample": 0.44100832656000244}, "datetime": {"datetime": "2024-01-20 14:56:37", "elapsed": 1964.968886, "delta": 0.00263}}
{"target": -19.151789979486676, "params": {"colsample_bytree": 0.9926727757334293, "eta": 0.02512205106834145, "gamma": 57.74274587376193, "max_depth": 8.0, "min_child_weight": 4207.203100107009, "num_boost_round": 42.0, "subsample": 0.44100832656000244}, "datetime": {"datetime": "2024-01-20 14:56:37", "elapsed": 1964.97154, "delta": 0.002654}}
{"target": -19.15208801895328, "params": {"colsample_bytree": 0.9926727757334293, "eta": 0.02512205106834145, "gamma": 57.74274587376193, "max_depth": 8.0, "min_child_weight": 4207.203100107009, "num_boost_round": 43.0, "subsample": 0.44100832656000244}, "datetime": {"datetime": "2024-01-20 14:56:37", "elapsed": 1964.97405, "delta": 0.00251}}
{"target": -19.15241862944533, "params": {"colsample_bytree": 0.9926727757334293, "eta": 0.02512205106834145, "gamma": 57.74274587376193, "max_depth": 8.0, "min_child_weight": 4207.203100107009, "num_boost_round": 44.0, "subsample": 0.44100832656000244}, "datetime": {"datetime": "2024-01-20 14:56:37", "elapsed": 1964.976561, "delta": 0.002511}}
{"target": -19.152827535439577, "params": {"colsample_bytree": 0.9926727757334293, "eta": 0.02512205106834145, "gamma": 57.74274587376193, "max_depth": 8.0, "min_child_weight": 4207.203100107009, "num_boost_round": 45.0, "subsample": 0.44100832656000244}, "datetime": {"datetime": "2024-01-20 14:56:37", "elapsed": 1964.979039, "delta": 0.002478}}
{"target": -19.142864739046164, "params": {"colsample_bytree": 0.19621633704503172, "eta": 0.05632279443714408, "gamma": 440.6352209420521, "max_depth": 2.0, "min_child_weight": 4351.986203736284, "num_boost_round": 1.0, "subsample": 0.4751655051061975}, "datetime": {"datetime": "2024-01-20 14:57:06", "elapsed": 1994.1531, "delta": 29.174061}}
{"target": -19.142736910025967, "params": {"colsample_bytree": 0.19621633704503172, "eta": 0.05632279443714408, "gamma": 440.6352209420521, "max_depth": 2.0, "min_child_weight": 4351.986203736284, "num_boost_round": 2.0, "subsample": 0.4751655051061975}, "datetime": {"datetime": "2024-01-20 14:57:06", "elapsed": 1994.156515, "delta": 0.003415}}
{"target": -19.143121233368646, "params": {"colsample_bytree": 0.8914588490694975, "eta": 0.09930252165097808, "gamma": 18.026465244018517, "max_depth": 5.0, "min_child_weight": 4351.873146025033, "num_boost_round": 1.0, "subsample": 0.42687018755903594}, "datetime": {"datetime": "2024-01-20 14:57:48", "elapsed": 2036.087277, "delta": 41.930762}}
{"target": -19.143086378304353, "params": {"colsample_bytree": 0.8914588490694975, "eta": 0.09930252165097808, "gamma": 18.026465244018517, "max_depth": 5.0, "min_child_weight": 4351.873146025033, "num_boost_round": 2.0, "subsample": 0.42687018755903594}, "datetime": {"datetime": "2024-01-20 14:57:48", "elapsed": 2036.090999, "delta": 0.003722}}
{"target": -19.143666983325005, "params": {"colsample_bytree": 0.8914588490694975, "eta": 0.09930252165097808, "gamma": 18.026465244018517, "max_depth": 5.0, "min_child_weight": 4351.873146025033, "num_boost_round": 3.0, "subsample": 0.42687018755903594}, "datetime": {"datetime": "2024-01-20 14:57:48", "elapsed": 2036.093673, "delta": 0.002674}}
{"target": -19.14473271613424, "params": {"colsample_bytree": 0.8914588490694975, "eta": 0.09930252165097808, "gamma": 18.026465244018517, "max_depth": 5.0, "min_child_weight": 4351.873146025033, "num_boost_round": 4.0, "subsample": 0.42687018755903594}, "datetime": {"datetime": "2024-01-20 14:57:48", "elapsed": 2036.096261, "delta": 0.002588}}
{"target": -19.14522928525133, "params": {"colsample_bytree": 0.8914588490694975, "eta": 0.09930252165097808, "gamma": 18.026465244018517, "max_depth": 5.0, "min_child_weight": 4351.873146025033, "num_boost_round": 5.0, "subsample": 0.42687018755903594}, "datetime": {"datetime": "2024-01-20 14:57:48", "elapsed": 2036.098798, "delta": 0.002537}}
{"target": -19.14623475161426, "params": {"colsample_bytree": 0.8914588490694975, "eta": 0.09930252165097808, "gamma": 18.026465244018517, "max_depth": 5.0, "min_child_weight": 4351.873146025033, "num_boost_round": 6.0, "subsample": 0.42687018755903594}, "datetime": {"datetime": "2024-01-20 14:57:48", "elapsed": 2036.101327, "delta": 0.002529}}
{"target": -19.14695106596272, "params": {"colsample_bytree": 0.8914588490694975, "eta": 0.09930252165097808, "gamma": 18.026465244018517, "max_depth": 5.0, "min_child_weight": 4351.873146025033, "num_boost_round": 7.0, "subsample": 0.42687018755903594}, "datetime": {"datetime": "2024-01-20 14:57:48", "elapsed": 2036.10385, "delta": 0.002523}}
{"target": -19.148337811743716, "params": {"colsample_bytree": 0.8914588490694975, "eta": 0.09930252165097808, "gamma": 18.026465244018517, "max_depth": 5.0, "min_child_weight": 4351.873146025033, "num_boost_round": 8.0, "subsample": 0.42687018755903594}, "datetime": {"datetime": "2024-01-20 14:57:48", "elapsed": 2036.10639, "delta": 0.00254}}
{"target": -19.149206521693095, "params": {"colsample_bytree": 0.8914588490694975, "eta": 0.09930252165097808, "gamma": 18.026465244018517, "max_depth": 5.0, "min_child_weight": 4351.873146025033, "num_boost_round": 9.0, "subsample": 0.42687018755903594}, "datetime": {"datetime": "2024-01-20 14:57:48", "elapsed": 2036.108859, "delta": 0.002469}}
{"target": -19.149903347424015, "params": {"colsample_bytree": 0.8914588490694975, "eta": 0.09930252165097808, "gamma": 18.026465244018517, "max_depth": 5.0, "min_child_weight": 4351.873146025033, "num_boost_round": 10.0, "subsample": 0.42687018755903594}, "datetime": {"datetime": "2024-01-20 14:57:48", "elapsed": 2036.111331, "delta": 0.002472}}
{"target": -19.150857401717982, "params": {"colsample_bytree": 0.8914588490694975, "eta": 0.09930252165097808, "gamma": 18.026465244018517, "max_depth": 5.0, "min_child_weight": 4351.873146025033, "num_boost_round": 11.0, "subsample": 0.42687018755903594}, "datetime": {"datetime": "2024-01-20 14:57:48", "elapsed": 2036.113804, "delta": 0.002473}}
{"target": -19.151647868506238, "params": {"colsample_bytree": 0.8914588490694975, "eta": 0.09930252165097808, "gamma": 18.026465244018517, "max_depth": 5.0, "min_child_weight": 4351.873146025033, "num_boost_round": 12.0, "subsample": 0.42687018755903594}, "datetime": {"datetime": "2024-01-20 14:57:48", "elapsed": 2036.116511, "delta": 0.002707}}
{"target": -19.152848358156476, "params": {"colsample_bytree": 0.8914588490694975, "eta": 0.09930252165097808, "gamma": 18.026465244018517, "max_depth": 5.0, "min_child_weight": 4351.873146025033, "num_boost_round": 13.0, "subsample": 0.42687018755903594}, "datetime": {"datetime": "2024-01-20 14:57:48", "elapsed": 2036.119064, "delta": 0.002553}}
{"target": -19.15378218666714, "params": {"colsample_bytree": 0.8914588490694975, "eta": 0.09930252165097808, "gamma": 18.026465244018517, "max_depth": 5.0, "min_child_weight": 4351.873146025033, "num_boost_round": 14.0, "subsample": 0.42687018755903594}, "datetime": {"datetime": "2024-01-20 14:57:48", "elapsed": 2036.12159, "delta": 0.002526}}
{"target": -19.15464919328947, "params": {"colsample_bytree": 0.8914588490694975, "eta": 0.09930252165097808, "gamma": 18.026465244018517, "max_depth": 5.0, "min_child_weight": 4351.873146025033, "num_boost_round": 15.0, "subsample": 0.42687018755903594}, "datetime": {"datetime": "2024-01-20 14:57:48", "elapsed": 2036.124172, "delta": 0.002582}}
{"target": -19.154729345136943, "params": {"colsample_bytree": 0.8914588490694975, "eta": 0.09930252165097808, "gamma": 18.026465244018517, "max_depth": 5.0, "min_child_weight": 4351.873146025033, "num_boost_round": 16.0, "subsample": 0.42687018755903594}, "datetime": {"datetime": "2024-01-20 14:57:48", "elapsed": 2036.126769, "delta": 0.002597}}
{"target": -19.155475030391948, "params": {"colsample_bytree": 0.8914588490694975, "eta": 0.09930252165097808, "gamma": 18.026465244018517, "max_depth": 5.0, "min_child_weight": 4351.873146025033, "num_boost_round": 17.0, "subsample": 0.42687018755903594}, "datetime": {"datetime": "2024-01-20 14:57:48", "elapsed": 2036.129271, "delta": 0.002502}}
{"target": -19.155735661062188, "params": {"colsample_bytree": 0.8914588490694975, "eta": 0.09930252165097808, "gamma": 18.026465244018517, "max_depth": 5.0, "min_child_weight": 4351.873146025033, "num_boost_round": 18.0, "subsample": 0.42687018755903594}, "datetime": {"datetime": "2024-01-20 14:57:48", "elapsed": 2036.131758, "delta": 0.002487}}
{"target": -19.15612263799077, "params": {"colsample_bytree": 0.8914588490694975, "eta": 0.09930252165097808, "gamma": 18.026465244018517, "max_depth": 5.0, "min_child_weight": 4351.873146025033, "num_boost_round": 19.0, "subsample": 0.42687018755903594}, "datetime": {"datetime": "2024-01-20 14:57:48", "elapsed": 2036.134259, "delta": 0.002501}}
{"target": -19.156669935045215, "params": {"colsample_bytree": 0.8914588490694975, "eta": 0.09930252165097808, "gamma": 18.026465244018517, "max_depth": 5.0, "min_child_weight": 4351.873146025033, "num_boost_round": 20.0, "subsample": 0.42687018755903594}, "datetime": {"datetime": "2024-01-20 14:57:48", "elapsed": 2036.136776, "delta": 0.002517}}
{"target": -19.15769781105739, "params": {"colsample_bytree": 0.8914588490694975, "eta": 0.09930252165097808, "gamma": 18.026465244018517, "max_depth": 5.0, "min_child_weight": 4351.873146025033, "num_boost_round": 21.0, "subsample": 0.42687018755903594}, "datetime": {"datetime": "2024-01-20 14:57:48", "elapsed": 2036.139265, "delta": 0.002489}}
{"target": -19.158154906317744, "params": {"colsample_bytree": 0.8914588490694975, "eta": 0.09930252165097808, "gamma": 18.026465244018517, "max_depth": 5.0, "min_child_weight": 4351.873146025033, "num_boost_round": 22.0, "subsample": 0.42687018755903594}, "datetime": {"datetime": "2024-01-20 14:57:48", "elapsed": 2036.141754, "delta": 0.002489}}
{"target": -19.158346206269123, "params": {"colsample_bytree": 0.8914588490694975, "eta": 0.09930252165097808, "gamma": 18.026465244018517, "max_depth": 5.0, "min_child_weight": 4351.873146025033, "num_boost_round": 23.0, "subsample": 0.42687018755903594}, "datetime": {"datetime": "2024-01-20 14:57:48", "elapsed": 2036.144293, "delta": 0.002539}}
{"target": -19.158993696012377, "params": {"colsample_bytree": 0.8914588490694975, "eta": 0.09930252165097808, "gamma": 18.026465244018517, "max_depth": 5.0, "min_child_weight": 4351.873146025033, "num_boost_round": 24.0, "subsample": 0.42687018755903594}, "datetime": {"datetime": "2024-01-20 14:57:48", "elapsed": 2036.146943, "delta": 0.00265}}
{"target": -19.16019773706827, "params": {"colsample_bytree": 0.8914588490694975, "eta": 0.09930252165097808, "gamma": 18.026465244018517, "max_depth": 5.0, "min_child_weight": 4351.873146025033, "num_boost_round": 25.0, "subsample": 0.42687018755903594}, "datetime": {"datetime": "2024-01-20 14:57:48", "elapsed": 2036.149442, "delta": 0.002499}}
{"target": -19.16044377084663, "params": {"colsample_bytree": 0.8914588490694975, "eta": 0.09930252165097808, "gamma": 18.026465244018517, "max_depth": 5.0, "min_child_weight": 4351.873146025033, "num_boost_round": 26.0, "subsample": 0.42687018755903594}, "datetime": {"datetime": "2024-01-20 14:57:48", "elapsed": 2036.151944, "delta": 0.002502}}
{"target": -19.161386057669347, "params": {"colsample_bytree": 0.8914588490694975, "eta": 0.09930252165097808, "gamma": 18.026465244018517, "max_depth": 5.0, "min_child_weight": 4351.873146025033, "num_boost_round": 27.0, "subsample": 0.42687018755903594}, "datetime": {"datetime": "2024-01-20 14:57:48", "elapsed": 2036.154437, "delta": 0.002493}}
{"target": -19.161936928999925, "params": {"colsample_bytree": 0.8914588490694975, "eta": 0.09930252165097808, "gamma": 18.026465244018517, "max_depth": 5.0, "min_child_weight": 4351.873146025033, "num_boost_round": 28.0, "subsample": 0.42687018755903594}, "datetime": {"datetime": "2024-01-20 14:57:48", "elapsed": 2036.156974, "delta": 0.002537}}
{"target": -19.16261539631813, "params": {"colsample_bytree": 0.8914588490694975, "eta": 0.09930252165097808, "gamma": 18.026465244018517, "max_depth": 5.0, "min_child_weight": 4351.873146025033, "num_boost_round": 29.0, "subsample": 0.42687018755903594}, "datetime": {"datetime": "2024-01-20 14:57:48", "elapsed": 2036.159496, "delta": 0.002522}}
{"target": -19.163114682651077, "params": {"colsample_bytree": 0.8914588490694975, "eta": 0.09930252165097808, "gamma": 18.026465244018517, "max_depth": 5.0, "min_child_weight": 4351.873146025033, "num_boost_round": 30.0, "subsample": 0.42687018755903594}, "datetime": {"datetime": "2024-01-20 14:57:48", "elapsed": 2036.162076, "delta": 0.00258}}
{"target": -19.16382572169112, "params": {"colsample_bytree": 0.8914588490694975, "eta": 0.09930252165097808, "gamma": 18.026465244018517, "max_depth": 5.0, "min_child_weight": 4351.873146025033, "num_boost_round": 31.0, "subsample": 0.42687018755903594}, "datetime": {"datetime": "2024-01-20 14:57:48", "elapsed": 2036.164568, "delta": 0.002492}}
{"target": -19.164365376345984, "params": {"colsample_bytree": 0.8914588490694975, "eta": 0.09930252165097808, "gamma": 18.026465244018517, "max_depth": 5.0, "min_child_weight": 4351.873146025033, "num_boost_round": 32.0, "subsample": 0.42687018755903594}, "datetime": {"datetime": "2024-01-20 14:57:48", "elapsed": 2036.16721, "delta": 0.002642}}
{"target": -19.164452676609898, "params": {"colsample_bytree": 0.8914588490694975, "eta": 0.09930252165097808, "gamma": 18.026465244018517, "max_depth": 5.0, "min_child_weight": 4351.873146025033, "num_boost_round": 33.0, "subsample": 0.42687018755903594}, "datetime": {"datetime": "2024-01-20 14:57:48", "elapsed": 2036.169863, "delta": 0.002653}}
{"target": -19.16534569636965, "params": {"colsample_bytree": 0.8914588490694975, "eta": 0.09930252165097808, "gamma": 18.026465244018517, "max_depth": 5.0, "min_child_weight": 4351.873146025033, "num_boost_round": 34.0, "subsample": 0.42687018755903594}, "datetime": {"datetime": "2024-01-20 14:57:48", "elapsed": 2036.172529, "delta": 0.002666}}
{"target": -19.166072388104748, "params": {"colsample_bytree": 0.8914588490694975, "eta": 0.09930252165097808, "gamma": 18.026465244018517, "max_depth": 5.0, "min_child_weight": 4351.873146025033, "num_boost_round": 35.0, "subsample": 0.42687018755903594}, "datetime": {"datetime": "2024-01-20 14:57:48", "elapsed": 2036.175059, "delta": 0.00253}}
{"target": -19.166542881065453, "params": {"colsample_bytree": 0.8914588490694975, "eta": 0.09930252165097808, "gamma": 18.026465244018517, "max_depth": 5.0, "min_child_weight": 4351.873146025033, "num_boost_round": 36.0, "subsample": 0.42687018755903594}, "datetime": {"datetime": "2024-01-20 14:57:48", "elapsed": 2036.177685, "delta": 0.002626}}
{"target": -19.16676289153245, "params": {"colsample_bytree": 0.8914588490694975, "eta": 0.09930252165097808, "gamma": 18.026465244018517, "max_depth": 5.0, "min_child_weight": 4351.873146025033, "num_boost_round": 37.0, "subsample": 0.42687018755903594}, "datetime": {"datetime": "2024-01-20 14:57:48", "elapsed": 2036.180238, "delta": 0.002553}}
{"target": -19.167075239775997, "params": {"colsample_bytree": 0.8914588490694975, "eta": 0.09930252165097808, "gamma": 18.026465244018517, "max_depth": 5.0, "min_child_weight": 4351.873146025033, "num_boost_round": 38.0, "subsample": 0.42687018755903594}, "datetime": {"datetime": "2024-01-20 14:57:48", "elapsed": 2036.18283, "delta": 0.002592}}
{"target": -19.142865424343, "params": {"colsample_bytree": 0.948860892473715, "eta": 0.09629725637625242, "gamma": 565.5434475296287, "max_depth": 5.0, "min_child_weight": 4391.068104919544, "num_boost_round": 1.0, "subsample": 0.5038678432306766}, "datetime": {"datetime": "2024-01-20 14:58:09", "elapsed": 2057.944605, "delta": 21.761775}}
{"target": -19.143384562696397, "params": {"colsample_bytree": 0.948860892473715, "eta": 0.09629725637625242, "gamma": 565.5434475296287, "max_depth": 5.0, "min_child_weight": 4391.068104919544, "num_boost_round": 2.0, "subsample": 0.5038678432306766}, "datetime": {"datetime": "2024-01-20 14:58:09", "elapsed": 2057.947933, "delta": 0.003328}}
