{"target": -12.355799169588902, "params": {"colsample_bytree": 0.6890219500687873, "eta": 0.03670521043509079, "gamma": 521.5780314828204, "max_depth": 6.0, "min_child_weight": 4219.012598119841, "num_boost_round": 2.0, "subsample": 0.8275832060718115}, "datetime": {"datetime": "2024-01-20 14:34:13", "elapsed": 620.090933, "delta": 0.002538}}
{"target": -12.354037024553545, "params": {"colsample_bytree": 0.6890219500687873, "eta": 0.03670521043509079, "gamma": 521.5780314828204, "max_depth": 6.0, "min_child_weight": 4219.012598119841, "num_boost_round": 3.0, "subsample": 0.8275832060718115}, "datetime": {"datetime": "2024-01-20 14:34:13", "elapsed": 620.092362, "delta": 0.001429}}
{"target": -12.35358491345319, "params": {"colsample_bytree": 0.6890219500687873, "eta": 0.03670521043509079, "gamma": 521.5780314828204, "max_depth": 6.0, "min_child_weight": 4219.012598119841, "num_boost_round": 4.0, "subsample": 0.8275832060718115}, "datetime": {"datetime": "2024-01-20 14:34:13", "elapsed": 620.093645, "delta": 0.001283}}
{"target": -12.3518614474856, "params": {"colsample_bytree": 0.6890219500687873, "eta": 0.03670521043509079, "gamma": 521.5780314828204, "max_depth": 6.0, "min_child_weight": 4219.012598119841, "num_boost_round": 5.0, "subsample": 0.8275832060718115}, "datetime": {"datetime": "2024-01-20 14:34:13", "elapsed": 620.09491, "delta": 0.001265}}
{"target": -12.350623800670363, "params": {"colsample_bytree": 0.6890219500687873, "eta": 0.03670521043509079, "gamma": 521.5780314828204, "max_depth": 6.0, "min_child_weight": 4219.012598119841, "num_boost_round": 6.0, "subsample": 0.8275832060718115}, "datetime": {"datetime": "2024-01-20 14:34:13", "elapsed": 620.096207, "delta": 0.001297}}
{"target": -12.34937467642036, "params": {"colsample_bytree": 0.6890219500687873, "eta": 0.03670521043509079, "gamma": 521.5780314828204, "max_depth": 6.0, "min_child_weight": 4219.012598119841, "num_boost_round": 7.0, "subsample": 0.8275832060718115}, "datetime": {"datetime": "2024-01-20 14:34:13", "elapsed": 620.097616, "delta": 0.001409}}
{"target": -12.348953666333996, "params": {"colsample_bytree": 0.6890219500687873, "eta": 0.03670521043509079, "gamma": 521.5780314828204, "max_depth": 6.0, "min_child_weight": 4219.012598119841, "num_boost_round": 8.0, "subsample": 0.8275832060718115}, "datetime": {"datetime": "2024-01-20 14:34:13", "elapsed": 620.098908, "delta": 0.001292}}
{"target": -12.348162784287574, "params": {"colsample_bytree": 0.6890219500687873, "eta": 0.03670521043509079, "gamma": 521.5780314828204, "max_depth": 6.0, "min_child_weight": 4219.012598119841, "num_boost_round": 9.0, "subsample": 0.8275832060718115}, "datetime": {"datetime": "2024-01-20 14:34:13", "elapsed": 620.100186, "delta": 0.001278}}
{"target": -12.347357517412227, "params": {"colsample_bytree": 0.6890219500687873, "eta": 0.03670521043509079, "gamma": 521.5780314828204, "max_depth": 6.0, "min_child_weight": 4219.012598119841, "num_boost_round": 10.0, "subsample": 0.8275832060718115}, "datetime": {"datetime": "2024-01-20 14:34:13", "elapsed": 620.101448, "delta": 0.001262}}
{"target": -12.346770200931733, "params": {"colsample_bytree": 0.6890219500687873, "eta": 0.03670521043509079, "gamma": 521.5780314828204, "max_depth": 6.0, "min_child_weight": 4219.012598119841, "num_boost_round": 11.0, "subsample": 0.8275832060718115}, "datetime": {"datetime": "2024-01-20 14:34:13", "elapsed": 620.10276, "delta": 0.001312}}
{"target": -12.34610490880797, "params": {"colsample_bytree": 0.6890219500687873, "eta": 0.03670521043509079, "gamma": 521.5780314828204, "max_depth": 6.0, "min_child_weight": 4219.012598119841, "num_boost_round": 12.0, "subsample": 0.8275832060718115}, "datetime": {"datetime": "2024-01-20 14:34:13", "elapsed": 620.104032, "delta": 0.001272}}
{"target": -12.3461157836178, "params": {"colsample_bytree": 0.6890219500687873, "eta": 0.03670521043509079, "gamma": 521.5780314828204, "max_depth": 6.0, "min_child_weight": 4219.012598119841, "num_boost_round": 13.0, "subsample": 0.8275832060718115}, "datetime": {"datetime": "2024-01-20 14:34:13", "elapsed": 620.105313, "delta": 0.001281}}
{"target": -12.345313246498225, "params": {"colsample_bytree": 0.6890219500687873, "eta": 0.03670521043509079, "gamma": 521.5780314828204, "max_depth": 6.0, "min_child_weight": 4219.012598119841, "num_boost_round": 14.0, "subsample": 0.8275832060718115}, "datetime": {"datetime": "2024-01-20 14:34:13", "elapsed": 620.106601, "delta": 0.001288}}
{"target": -12.344874228299293, "params": {"colsample_bytree": 0.6890219500687873, "eta": 0.03670521043509079, "gamma": 521.5780314828204, "max_depth": 6.0, "min_child_weight": 4219.012598119841, "num_boost_round": 15.0, "subsample": 0.8275832060718115}, "datetime": {"datetime": "2024-01-20 14:34:13", "elapsed": 620.10787, "delta": 0.001269}}
{"target": -12.344266022815013, "params": {"colsample_bytree": 0.6890219500687873, "eta": 0.03670521043509079, "gamma": 521.5780314828204, "max_depth": 6.0, "min_child_weight": 4219.012598119841, "num_boost_round": 16.0, "subsample": 0.8275832060718115}, "datetime": {"datetime": "2024-01-20 14:34:13", "elapsed": 620.109172, "delta": 0.001302}}
{"target": -12.344143794678015, "params": {"colsample_bytree": 0.6890219500687873, "eta": 0.03670521043509079, "gamma": 521.5780314828204, "max_depth": 6.0, "min_child_weight": 4219.012598119841, "num_boost_round": 17.0, "subsample": 0.8275832060718115}, "datetime": {"datetime": "2024-01-20 14:34:13", "elapsed": 620.110451, "delta": 0.001279}}
{"target": -12.343708652994238, "params": {"colsample_bytree": 0.6890219500687873, "eta": 0.03670521043509079, "gamma": 521.5780314828204, "max_depth": 6.0, "min_child_weight": 4219.012598119841, "num_boost_round": 18.0, "subsample": 0.8275832060718115}, "datetime": {"datetime": "2024-01-20 14:34:13", "elapsed": 620.111748, "delta": 0.001297}}
{"target": -12.343589995297243, "params": {"colsample_bytree": 0.6890219500687873, "eta": 0.03670521043509079, "gamma": 521.5780314828204, "max_depth": 6.0, "min_child_weight": 4219.012598119841, "num_boost_round": 19.0, "subsample": 0.8275832060718115}, "datetime": {"datetime": "2024-01-20 14:34:13", "elapsed": 620.113043, "delta": 0.001295}}
{"target": -12.343634800538814, "params": {"colsample_bytree": 0.6890219500687873, "eta": 0.03670521043509079, "gamma": 521.5780314828204, "max_depth": 6.0, "min_child_weight": 4219.012598119841, "num_boost_round": 20.0, "subsample": 0.8275832060718115}, "datetime": {"datetime": "2024-01-20 14:34:13", "elapsed": 620.114321, "delta": 0.001278}}
{"target": -12.343580111090736, "params": {"colsample_bytree": 0.6890219500687873, "eta": 0.03670521043509079, "gamma": 521.5780314828204, "max_depth": 6.0, "min_child_weight": 4219.012598119841, "num_boost_round": 21.0, "subsample": 0.8275832060718115}, "datetime": {"datetime": "2024-01-20 14:34:13", "elapsed": 620.115609, "delta": 0.001288}}
{"target": -12.34372474932944, "params": {"colsample_bytree": 0.6890219500687873, "eta": 0.03670521043509079, "gamma": 521.5780314828204, "max_depth": 6.0, "min_child_weight": 4219.012598119841, "num_boost_round": 22.0, "subsample": 0.8275832060718115}, "datetime": {"datetime": "2024-01-20 14:34:13", "elapsed": 620.116999, "delta": 0.00139}}
{"target": -12.343935280938018, "params": {"colsample_bytree": 0.6890219500687873, "eta": 0.03670521043509079, "gamma": 521.5780314828204, "max_depth": 6.0, "min_child_weight": 4219.012598119841, "num_boost_round": 23.0, "subsample": 0.8275832060718115}, "datetime": {"datetime": "2024-01-20 14:34:13", "elapsed": 620.118476, "delta": 0.001477}}
{"target": -12.34399607825561, "params": {"colsample_bytree": 0.6890219500687873, "eta": 0.03670521043509079, "gamma": 521.5780314828204, "max_depth": 6.0, "min_child_weight": 4219.012598119841, "num_boost_round": 24.0, "subsample": 0.8275832060718115}, "datetime": {"datetime": "2024-01-20 14:34:13", "elapsed": 620.119961, "delta": 0.001485}}
{"target": -12.343645754044772, "params": {"colsample_bytree": 0.6890219500687873, "eta": 0.03670521043509079, "gamma": 521.5780314828204, "max_depth": 6.0, "min_child_weight": 4219.012598119841, "num_boost_round": 25.0, "subsample": 0.8275832060718115}, "datetime": {"datetime": "2024-01-20 14:34:13", "elapsed": 620.121379, "delta": 0.001418}}
{"target": -12.343704004804732, "params": {"colsample_bytree": 0.6890219500687873, "eta": 0.03670521043509079, "gamma": 521.5780314828204, "max_depth": 6.0, "min_child_weight": 4219.012598119841, "num_boost_round": 26.0, "subsample": 0.8275832060718115}, "datetime": {"datetime": "2024-01-20 14:34:13", "elapsed": 620.122686, "delta": 0.001307}}
{"target": -12.343598592221898, "params": {"colsample_bytree": 0.6890219500687873, "eta": 0.03670521043509079, "gamma": 521.5780314828204, "max_depth": 6.0, "min_child_weight": 4219.012598119841, "num_boost_round": 27.0, "subsample": 0.8275832060718115}, "datetime": {"datetime": "2024-01-20 14:34:13", "elapsed": 620.123981, "delta": 0.001295}}
{"target": -12.342878582967003, "params": {"colsample_bytree": 0.6890219500687873, "eta": 0.03670521043509079, "gamma": 521.5780314828204, "max_depth": 6.0, "min_child_weight": 4219.012598119841, "num_boost_round": 28.0, "subsample": 0.8275832060718115}, "datetime": {"datetime": "2024-01-20 14:34:13", "elapsed": 620.12528, "delta": 0.001299}}
{"target": -12.342633509313652, "params": {"colsample_bytree": 0.6890219500687873, "eta": 0.03670521043509079, "gamma": 521.5780314828204, "max_depth": 6.0, "min_child_weight": 4219.012598119841, "num_boost_round": 29.0, "subsample": 0.8275832060718115}, "datetime": {"datetime": "2024-01-20 14:34:13", "elapsed": 620.126578, "delta": 0.001298}}
{"target": -12.342517911278915, "params": {"colsample_bytree": 0.6890219500687873, "eta": 0.03670521043509079, "gamma": 521.5780314828204, "max_depth": 6.0, "min_child_weight": 4219.012598119841, "num_boost_round": 30.0, "subsample": 0.8275832060718115}, "datetime": {"datetime": "2024-01-20 14:34:13", "elapsed": 620.12787, "delta": 0.001292}}
{"target": -12.342236795982062, "params": {"colsample_bytree": 0.6890219500687873, "eta": 0.03670521043509079, "gamma": 521.5780314828204, "max_depth": 6.0, "min_child_weight": 4219.012598119841, "num_boost_round": 31.0, "subsample": 0.8275832060718115}, "datetime": {"datetime": "2024-01-20 14:34:13", "elapsed": 620.129181, "delta": 0.001311}}
{"target": -12.357705074350772, "params": {"colsample_bytree": 0.4596863963196226, "eta": 0.0317775181514326, "gamma": 550.5459766577569, "max_depth": 4.0, "min_child_weight": 4184.347298615604, "num_boost_round": 1.0, "subsample": 0.9150405515180505}, "datetime": {"datetime": "2024-01-20 14:34:43", "elapsed": 649.438692, "delta": 29.309511}}
{"target": -12.356962324688928, "params": {"colsample_bytree": 0.4596863963196226, "eta": 0.0317775181514326, "gamma": 550.5459766577569, "max_depth": 4.0, "min_child_weight": 4184.347298615604, "num_boost_round": 2.0, "subsample": 0.9150405515180505}, "datetime": {"datetime": "2024-01-20 14:34:43", "elapsed": 649.440555, "delta": 0.001863}}
{"target": -12.355278818034183, "params": {"colsample_bytree": 0.4596863963196226, "eta": 0.0317775181514326, "gamma": 550.5459766577569, "max_depth": 4.0, "min_child_weight": 4184.347298615604, "num_boost_round": 3.0, "subsample": 0.9150405515180505}, "datetime": {"datetime": "2024-01-20 14:34:43", "elapsed": 649.442092, "delta": 0.001537}}
{"target": -12.355530710821384, "params": {"colsample_bytree": 0.4596863963196226, "eta": 0.0317775181514326, "gamma": 550.5459766577569, "max_depth": 4.0, "min_child_weight": 4184.347298615604, "num_boost_round": 4.0, "subsample": 0.9150405515180505}, "datetime": {"datetime": "2024-01-20 14:34:43", "elapsed": 649.443404, "delta": 0.001312}}
{"target": -12.353914142718986, "params": {"colsample_bytree": 0.4596863963196226, "eta": 0.0317775181514326, "gamma": 550.5459766577569, "max_depth": 4.0, "min_child_weight": 4184.347298615604, "num_boost_round": 5.0, "subsample": 0.9150405515180505}, "datetime": {"datetime": "2024-01-20 14:34:43", "elapsed": 649.444703, "delta": 0.001299}}
{"target": -12.352527565624259, "params": {"colsample_bytree": 0.4596863963196226, "eta": 0.0317775181514326, "gamma": 550.5459766577569, "max_depth": 4.0, "min_child_weight": 4184.347298615604, "num_boost_round": 6.0, "subsample": 0.9150405515180505}, "datetime": {"datetime": "2024-01-20 14:34:43", "elapsed": 649.446263, "delta": 0.00156}}
{"target": -12.352711769292728, "params": {"colsample_bytree": 0.4596863963196226, "eta": 0.0317775181514326, "gamma": 550.5459766577569, "max_depth": 4.0, "min_child_weight": 4184.347298615604, "num_boost_round": 7.0, "subsample": 0.9150405515180505}, "datetime": {"datetime": "2024-01-20 14:34:43", "elapsed": 649.4476, "delta": 0.001337}}
{"target": -12.351947777110961, "params": {"colsample_bytree": 0.4596863963196226, "eta": 0.0317775181514326, "gamma": 550.5459766577569, "max_depth": 4.0, "min_child_weight": 4184.347298615604, "num_boost_round": 8.0, "subsample": 0.9150405515180505}, "datetime": {"datetime": "2024-01-20 14:34:43", "elapsed": 649.44891, "delta": 0.00131}}
{"target": -12.351957092544659, "params": {"colsample_bytree": 0.4596863963196226, "eta": 0.0317775181514326, "gamma": 550.5459766577569, "max_depth": 4.0, "min_child_weight": 4184.347298615604, "num_boost_round": 9.0, "subsample": 0.9150405515180505}, "datetime": {"datetime": "2024-01-20 14:34:43", "elapsed": 649.450225, "delta": 0.001315}}
{"target": -12.350740639237605, "params": {"colsample_bytree": 0.4596863963196226, "eta": 0.0317775181514326, "gamma": 550.5459766577569, "max_depth": 4.0, "min_child_weight": 4184.347298615604, "num_boost_round": 10.0, "subsample": 0.9150405515180505}, "datetime": {"datetime": "2024-01-20 14:34:43", "elapsed": 649.451534, "delta": 0.001309}}
{"target": -12.350117643947698, "params": {"colsample_bytree": 0.4596863963196226, "eta": 0.0317775181514326, "gamma": 550.5459766577569, "max_depth": 4.0, "min_child_weight": 4184.347298615604, "num_boost_round": 11.0, "subsample": 0.9150405515180505}, "datetime": {"datetime": "2024-01-20 14:34:43", "elapsed": 649.452829, "delta": 0.001295}}
{"target": -12.349763982129222, "params": {"colsample_bytree": 0.4596863963196226, "eta": 0.0317775181514326, "gamma": 550.5459766577569, "max_depth": 4.0, "min_child_weight": 4184.347298615604, "num_boost_round": 12.0, "subsample": 0.9150405515180505}, "datetime": {"datetime": "2024-01-20 14:34:43", "elapsed": 649.454137, "delta": 0.001308}}
{"target": -12.349942891684444, "params": {"colsample_bytree": 0.4596863963196226, "eta": 0.0317775181514326, "gamma": 550.5459766577569, "max_depth": 4.0, "min_child_weight": 4184.347298615604, "num_boost_round": 13.0, "subsample": 0.9150405515180505}, "datetime": {"datetime": "2024-01-20 14:34:43", "elapsed": 649.455435, "delta": 0.001298}}
{"target": -12.34942771222389, "params": {"colsample_bytree": 0.4596863963196226, "eta": 0.0317775181514326, "gamma": 550.5459766577569, "max_depth": 4.0, "min_child_weight": 4184.347298615604, "num_boost_round": 14.0, "subsample": 0.9150405515180505}, "datetime": {"datetime": "2024-01-20 14:34:43", "elapsed": 649.456739, "delta": 0.001304}}
{"target": -12.348830624368365, "params": {"colsample_bytree": 0.4596863963196226, "eta": 0.0317775181514326, "gamma": 550.5459766577569, "max_depth": 4.0, "min_child_weight": 4184.347298615604, "num_boost_round": 15.0, "subsample": 0.9150405515180505}, "datetime": {"datetime": "2024-01-20 14:34:43", "elapsed": 649.458191, "delta": 0.001452}}
{"target": -12.348391207839423, "params": {"colsample_bytree": 0.4596863963196226, "eta": 0.0317775181514326, "gamma": 550.5459766577569, "max_depth": 4.0, "min_child_weight": 4184.347298615604, "num_boost_round": 16.0, "subsample": 0.9150405515180505}, "datetime": {"datetime": "2024-01-20 14:34:43", "elapsed": 649.459511, "delta": 0.00132}}
{"target": -12.34857717219204, "params": {"colsample_bytree": 0.4596863963196226, "eta": 0.0317775181514326, "gamma": 550.5459766577569, "max_depth": 4.0, "min_child_weight": 4184.347298615604, "num_boost_round": 17.0, "subsample": 0.9150405515180505}, "datetime": {"datetime": "2024-01-20 14:34:43", "elapsed": 649.460815, "delta": 0.001304}}
{"target": -12.348593959760187, "params": {"colsample_bytree": 0.4596863963196226, "eta": 0.0317775181514326, "gamma": 550.5459766577569, "max_depth": 4.0, "min_child_weight": 4184.347298615604, "num_boost_round": 18.0, "subsample": 0.9150405515180505}, "datetime": {"datetime": "2024-01-20 14:34:43", "elapsed": 649.462215, "delta": 0.0014}}
{"target": -12.348593851969701, "params": {"colsample_bytree": 0.4596863963196226, "eta": 0.0317775181514326, "gamma": 550.5459766577569, "max_depth": 4.0, "min_child_weight": 4184.347298615604, "num_boost_round": 19.0, "subsample": 0.9150405515180505}, "datetime": {"datetime": "2024-01-20 14:34:43", "elapsed": 649.463533, "delta": 0.001318}}
{"target": -12.348469197334463, "params": {"colsample_bytree": 0.4596863963196226, "eta": 0.0317775181514326, "gamma": 550.5459766577569, "max_depth": 4.0, "min_child_weight": 4184.347298615604, "num_boost_round": 20.0, "subsample": 0.9150405515180505}, "datetime": {"datetime": "2024-01-20 14:34:43", "elapsed": 649.464845, "delta": 0.001312}}
{"target": -12.348697467363909, "params": {"colsample_bytree": 0.4596863963196226, "eta": 0.0317775181514326, "gamma": 550.5459766577569, "max_depth": 4.0, "min_child_weight": 4184.347298615604, "num_boost_round": 21.0, "subsample": 0.9150405515180505}, "datetime": {"datetime": "2024-01-20 14:34:43", "elapsed": 649.466157, "delta": 0.001312}}
{"target": -12.348907334963464, "params": {"colsample_bytree": 0.4596863963196226, "eta": 0.0317775181514326, "gamma": 550.5459766577569, "max_depth": 4.0, "min_child_weight": 4184.347298615604, "num_boost_round": 22.0, "subsample": 0.9150405515180505}, "datetime": {"datetime": "2024-01-20 14:34:43", "elapsed": 649.46746, "delta": 0.001303}}
{"target": -12.34847211355824, "params": {"colsample_bytree": 0.4596863963196226, "eta": 0.0317775181514326, "gamma": 550.5459766577569, "max_depth": 4.0, "min_child_weight": 4184.347298615604, "num_boost_round": 23.0, "subsample": 0.9150405515180505}, "datetime": {"datetime": "2024-01-20 14:34:43", "elapsed": 649.468806, "delta": 0.001346}}
{"target": -12.348721458032223, "params": {"colsample_bytree": 0.4596863963196226, "eta": 0.0317775181514326, "gamma": 550.5459766577569, "max_depth": 4.0, "min_child_weight": 4184.347298615604, "num_boost_round": 24.0, "subsample": 0.9150405515180505}, "datetime": {"datetime": "2024-01-20 14:34:43", "elapsed": 649.470131, "delta": 0.001325}}
{"target": -12.348092677607506, "params": {"colsample_bytree": 0.4596863963196226, "eta": 0.0317775181514326, "gamma": 550.5459766577569, "max_depth": 4.0, "min_child_weight": 4184.347298615604, "num_boost_round": 25.0, "subsample": 0.9150405515180505}, "datetime": {"datetime": "2024-01-20 14:34:43", "elapsed": 649.471441, "delta": 0.00131}}
{"target": -12.347877323900528, "params": {"colsample_bytree": 0.4596863963196226, "eta": 0.0317775181514326, "gamma": 550.5459766577569, "max_depth": 4.0, "min_child_weight": 4184.347298615604, "num_boost_round": 26.0, "subsample": 0.9150405515180505}, "datetime": {"datetime": "2024-01-20 14:34:43", "elapsed": 649.472753, "delta": 0.001312}}
{"target": -12.347851073274022, "params": {"colsample_bytree": 0.4596863963196226, "eta": 0.0317775181514326, "gamma": 550.5459766577569, "max_depth": 4.0, "min_child_weight": 4184.347298615604, "num_boost_round": 27.0, "subsample": 0.9150405515180505}, "datetime": {"datetime": "2024-01-20 14:34:43", "elapsed": 649.47407, "delta": 0.001317}}
{"target": -12.347546592788328, "params": {"colsample_bytree": 0.4596863963196226, "eta": 0.0317775181514326, "gamma": 550.5459766577569, "max_depth": 4.0, "min_child_weight": 4184.347298615604, "num_boost_round": 28.0, "subsample": 0.9150405515180505}, "datetime": {"datetime": "2024-01-20 14:34:43", "elapsed": 649.4754, "delta": 0.00133}}
{"target": -12.347073056386025, "params": {"colsample_bytree": 0.4596863963196226, "eta": 0.0317775181514326, "gamma": 550.5459766577569, "max_depth": 4.0, "min_child_weight": 4184.347298615604, "num_boost_round": 29.0, "subsample": 0.9150405515180505}, "datetime": {"datetime": "2024-01-20 14:34:43", "elapsed": 649.476724, "delta": 0.001324}}
{"target": -12.346641930587861, "params": {"colsample_bytree": 0.4596863963196226, "eta": 0.0317775181514326, "gamma": 550.5459766577569, "max_depth": 4.0, "min_child_weight": 4184.347298615604, "num_boost_round": 30.0, "subsample": 0.9150405515180505}, "datetime": {"datetime": "2024-01-20 14:34:43", "elapsed": 649.478196, "delta": 0.001472}}
{"target": -12.345786159285085, "params": {"colsample_bytree": 0.4596863963196226, "eta": 0.0317775181514326, "gamma": 550.5459766577569, "max_depth": 4.0, "min_child_weight": 4184.347298615604, "num_boost_round": 31.0, "subsample": 0.9150405515180505}, "datetime": {"datetime": "2024-01-20 14:34:43", "elapsed": 649.479509, "delta": 0.001313}}
{"target": -12.345932881158994, "params": {"colsample_bytree": 0.4596863963196226, "eta": 0.0317775181514326, "gamma": 550.5459766577569, "max_depth": 4.0, "min_child_weight": 4184.347298615604, "num_boost_round": 32.0, "subsample": 0.9150405515180505}, "datetime": {"datetime": "2024-01-20 14:34:43", "elapsed": 649.480845, "delta": 0.001336}}
{"target": -12.345995236373788, "params": {"colsample_bytree": 0.4596863963196226, "eta": 0.0317775181514326, "gamma": 550.5459766577569, "max_depth": 4.0, "min_child_weight": 4184.347298615604, "num_boost_round": 33.0, "subsample": 0.9150405515180505}, "datetime": {"datetime": "2024-01-20 14:34:43", "elapsed": 649.482225, "delta": 0.00138}}
