{"target": -13.396030267954004, "params": {"colsample_bytree": 0.6398712651870478, "eta": 0.005232128195610188, "gamma": 499.84453475727673, "max_depth": 9.0, "min_child_weight": 3863.670933256811, "num_boost_round": 46.0, "subsample": 0.39202506052296093}, "datetime": {"datetime": "2024-01-20 14:28:42", "elapsed": 257.241618, "delta": 0.000398}}
{"target": -13.396014818489515, "params": {"colsample_bytree": 0.6398712651870478, "eta": 0.005232128195610188, "gamma": 499.84453475727673, "max_depth": 9.0, "min_child_weight": 3863.670933256811, "num_boost_round": 47.0, "subsample": 0.39202506052296093}, "datetime": {"datetime": "2024-01-20 14:28:42", "elapsed": 257.242015, "delta": 0.000397}}
{"target": -13.396011739733837, "params": {"colsample_bytree": 0.6398712651870478, "eta": 0.005232128195610188, "gamma": 499.84453475727673, "max_depth": 9.0, "min_child_weight": 3863.670933256811, "num_boost_round": 48.0, "subsample": 0.39202506052296093}, "datetime": {"datetime": "2024-01-20 14:28:42", "elapsed": 257.24241, "delta": 0.000395}}
{"target": -13.395979293318053, "params": {"colsample_bytree": 0.6398712651870478, "eta": 0.005232128195610188, "gamma": 499.84453475727673, "max_depth": 9.0, "min_child_weight": 3863.670933256811, "num_boost_round": 49.0, "subsample": 0.39202506052296093}, "datetime": {"datetime": "2024-01-20 14:28:42", "elapsed": 257.242854, "delta": 0.000444}}
{"target": -13.395959544177515, "params": {"colsample_bytree": 0.6398712651870478, "eta": 0.005232128195610188, "gamma": 499.84453475727673, "max_depth": 9.0, "min_child_weight": 3863.670933256811, "num_boost_round": 50.0, "subsample": 0.39202506052296093}, "datetime": {"datetime": "2024-01-20 14:28:42", "elapsed": 257.243292, "delta": 0.000438}}
{"target": -13.395967949792565, "params": {"colsample_bytree": 0.6398712651870478, "eta": 0.005232128195610188, "gamma": 499.84453475727673, "max_depth": 9.0, "min_child_weight": 3863.670933256811, "num_boost_round": 51.0, "subsample": 0.39202506052296093}, "datetime": {"datetime": "2024-01-20 14:28:42", "elapsed": 257.243745, "delta": 0.000453}}
{"target": -13.395950039759391, "params": {"colsample_bytree": 0.6398712651870478, "eta": 0.005232128195610188, "gamma": 499.84453475727673, "max_depth": 9.0, "min_child_weight": 3863.670933256811, "num_boost_round": 52.0, "subsample": 0.39202506052296093}, "datetime": {"datetime": "2024-01-20 14:28:42", "elapsed": 257.244189, "delta": 0.000444}}
{"target": -13.395959368389413, "params": {"colsample_bytree": 0.6398712651870478, "eta": 0.005232128195610188, "gamma": 499.84453475727673, "max_depth": 9.0, "min_child_weight": 3863.670933256811, "num_boost_round": 53.0, "subsample": 0.39202506052296093}, "datetime": {"datetime": "2024-01-20 14:28:42", "elapsed": 257.244638, "delta": 0.000449}}
{"target": -13.395931451519317, "params": {"colsample_bytree": 0.6398712651870478, "eta": 0.005232128195610188, "gamma": 499.84453475727673, "max_depth": 9.0, "min_child_weight": 3863.670933256811, "num_boost_round": 54.0, "subsample": 0.39202506052296093}, "datetime": {"datetime": "2024-01-20 14:28:42", "elapsed": 257.245346, "delta": 0.000708}}
{"target": -13.39591318266883, "params": {"colsample_bytree": 0.6398712651870478, "eta": 0.005232128195610188, "gamma": 499.84453475727673, "max_depth": 9.0, "min_child_weight": 3863.670933256811, "num_boost_round": 55.0, "subsample": 0.39202506052296093}, "datetime": {"datetime": "2024-01-20 14:28:42", "elapsed": 257.245828, "delta": 0.000482}}
{"target": -13.39588770857005, "params": {"colsample_bytree": 0.6398712651870478, "eta": 0.005232128195610188, "gamma": 499.84453475727673, "max_depth": 9.0, "min_child_weight": 3863.670933256811, "num_boost_round": 56.0, "subsample": 0.39202506052296093}, "datetime": {"datetime": "2024-01-20 14:28:42", "elapsed": 257.246253, "delta": 0.000425}}
{"target": -13.395886208364352, "params": {"colsample_bytree": 0.6398712651870478, "eta": 0.005232128195610188, "gamma": 499.84453475727673, "max_depth": 9.0, "min_child_weight": 3863.670933256811, "num_boost_round": 57.0, "subsample": 0.39202506052296093}, "datetime": {"datetime": "2024-01-20 14:28:42", "elapsed": 257.246681, "delta": 0.000428}}
{"target": -13.395877934436093, "params": {"colsample_bytree": 0.6398712651870478, "eta": 0.005232128195610188, "gamma": 499.84453475727673, "max_depth": 9.0, "min_child_weight": 3863.670933256811, "num_boost_round": 58.0, "subsample": 0.39202506052296093}, "datetime": {"datetime": "2024-01-20 14:28:42", "elapsed": 257.247099, "delta": 0.000418}}
{"target": -13.39586146885688, "params": {"colsample_bytree": 0.6398712651870478, "eta": 0.005232128195610188, "gamma": 499.84453475727673, "max_depth": 9.0, "min_child_weight": 3863.670933256811, "num_boost_round": 59.0, "subsample": 0.39202506052296093}, "datetime": {"datetime": "2024-01-20 14:28:42", "elapsed": 257.247546, "delta": 0.000447}}
{"target": -13.395845179279814, "params": {"colsample_bytree": 0.6398712651870478, "eta": 0.005232128195610188, "gamma": 499.84453475727673, "max_depth": 9.0, "min_child_weight": 3863.670933256811, "num_boost_round": 60.0, "subsample": 0.39202506052296093}, "datetime": {"datetime": "2024-01-20 14:28:42", "elapsed": 257.248135, "delta": 0.000589}}
{"target": -13.395864463185795, "params": {"colsample_bytree": 0.6398712651870478, "eta": 0.005232128195610188, "gamma": 499.84453475727673, "max_depth": 9.0, "min_child_weight": 3863.670933256811, "num_boost_round": 61.0, "subsample": 0.39202506052296093}, "datetime": {"datetime": "2024-01-20 14:28:42", "elapsed": 257.248558, "delta": 0.000423}}
{"target": -13.395871925297673, "params": {"colsample_bytree": 0.6398712651870478, "eta": 0.005232128195610188, "gamma": 499.84453475727673, "max_depth": 9.0, "min_child_weight": 3863.670933256811, "num_boost_round": 62.0, "subsample": 0.39202506052296093}, "datetime": {"datetime": "2024-01-20 14:28:42", "elapsed": 257.248983, "delta": 0.000425}}
{"target": -13.395926717392678, "params": {"colsample_bytree": 0.6398712651870478, "eta": 0.005232128195610188, "gamma": 499.84453475727673, "max_depth": 9.0, "min_child_weight": 3863.670933256811, "num_boost_round": 63.0, "subsample": 0.39202506052296093}, "datetime": {"datetime": "2024-01-20 14:28:42", "elapsed": 257.249404, "delta": 0.000421}}
{"target": -13.395911776918949, "params": {"colsample_bytree": 0.6398712651870478, "eta": 0.005232128195610188, "gamma": 499.84453475727673, "max_depth": 9.0, "min_child_weight": 3863.670933256811, "num_boost_round": 64.0, "subsample": 0.39202506052296093}, "datetime": {"datetime": "2024-01-20 14:28:42", "elapsed": 257.249826, "delta": 0.000422}}
{"target": -13.395924483717323, "params": {"colsample_bytree": 0.6398712651870478, "eta": 0.005232128195610188, "gamma": 499.84453475727673, "max_depth": 9.0, "min_child_weight": 3863.670933256811, "num_boost_round": 65.0, "subsample": 0.39202506052296093}, "datetime": {"datetime": "2024-01-20 14:28:42", "elapsed": 257.250246, "delta": 0.00042}}
{"target": -13.395925198105537, "params": {"colsample_bytree": 0.6398712651870478, "eta": 0.005232128195610188, "gamma": 499.84453475727673, "max_depth": 9.0, "min_child_weight": 3863.670933256811, "num_boost_round": 66.0, "subsample": 0.39202506052296093}, "datetime": {"datetime": "2024-01-20 14:28:42", "elapsed": 257.250679, "delta": 0.000433}}
{"target": -13.395934922012382, "params": {"colsample_bytree": 0.6398712651870478, "eta": 0.005232128195610188, "gamma": 499.84453475727673, "max_depth": 9.0, "min_child_weight": 3863.670933256811, "num_boost_round": 67.0, "subsample": 0.39202506052296093}, "datetime": {"datetime": "2024-01-20 14:28:42", "elapsed": 257.251097, "delta": 0.000418}}
{"target": -13.395954270149458, "params": {"colsample_bytree": 0.6398712651870478, "eta": 0.005232128195610188, "gamma": 499.84453475727673, "max_depth": 9.0, "min_child_weight": 3863.670933256811, "num_boost_round": 68.0, "subsample": 0.39202506052296093}, "datetime": {"datetime": "2024-01-20 14:28:42", "elapsed": 257.251524, "delta": 0.000427}}
{"target": -13.395957438629559, "params": {"colsample_bytree": 0.6398712651870478, "eta": 0.005232128195610188, "gamma": 499.84453475727673, "max_depth": 9.0, "min_child_weight": 3863.670933256811, "num_boost_round": 69.0, "subsample": 0.39202506052296093}, "datetime": {"datetime": "2024-01-20 14:28:42", "elapsed": 257.251947, "delta": 0.000423}}
{"target": -13.3959827560889, "params": {"colsample_bytree": 0.6398712651870478, "eta": 0.005232128195610188, "gamma": 499.84453475727673, "max_depth": 9.0, "min_child_weight": 3863.670933256811, "num_boost_round": 70.0, "subsample": 0.39202506052296093}, "datetime": {"datetime": "2024-01-20 14:28:42", "elapsed": 257.252364, "delta": 0.000417}}
{"target": -13.395991942501533, "params": {"colsample_bytree": 0.6398712651870478, "eta": 0.005232128195610188, "gamma": 499.84453475727673, "max_depth": 9.0, "min_child_weight": 3863.670933256811, "num_boost_round": 71.0, "subsample": 0.39202506052296093}, "datetime": {"datetime": "2024-01-20 14:28:42", "elapsed": 257.252794, "delta": 0.00043}}
{"target": -13.395978258100495, "params": {"colsample_bytree": 0.6398712651870478, "eta": 0.005232128195610188, "gamma": 499.84453475727673, "max_depth": 9.0, "min_child_weight": 3863.670933256811, "num_boost_round": 72.0, "subsample": 0.39202506052296093}, "datetime": {"datetime": "2024-01-20 14:28:42", "elapsed": 257.253219, "delta": 0.000425}}
{"target": -13.395990330208832, "params": {"colsample_bytree": 0.6398712651870478, "eta": 0.005232128195610188, "gamma": 499.84453475727673, "max_depth": 9.0, "min_child_weight": 3863.670933256811, "num_boost_round": 73.0, "subsample": 0.39202506052296093}, "datetime": {"datetime": "2024-01-20 14:28:42", "elapsed": 257.253682, "delta": 0.000463}}
{"target": -13.395970508796097, "params": {"colsample_bytree": 0.6398712651870478, "eta": 0.005232128195610188, "gamma": 499.84453475727673, "max_depth": 9.0, "min_child_weight": 3863.670933256811, "num_boost_round": 74.0, "subsample": 0.39202506052296093}, "datetime": {"datetime": "2024-01-20 14:28:42", "elapsed": 257.254158, "delta": 0.000476}}
{"target": -13.395999001273882, "params": {"colsample_bytree": 0.6398712651870478, "eta": 0.005232128195610188, "gamma": 499.84453475727673, "max_depth": 9.0, "min_child_weight": 3863.670933256811, "num_boost_round": 75.0, "subsample": 0.39202506052296093}, "datetime": {"datetime": "2024-01-20 14:28:42", "elapsed": 257.254653, "delta": 0.000495}}
{"target": -13.396006975621152, "params": {"colsample_bytree": 0.6398712651870478, "eta": 0.005232128195610188, "gamma": 499.84453475727673, "max_depth": 9.0, "min_child_weight": 3863.670933256811, "num_boost_round": 76.0, "subsample": 0.39202506052296093}, "datetime": {"datetime": "2024-01-20 14:28:42", "elapsed": 257.255118, "delta": 0.000465}}
{"target": -13.3960375573017, "params": {"colsample_bytree": 0.6398712651870478, "eta": 0.005232128195610188, "gamma": 499.84453475727673, "max_depth": 9.0, "min_child_weight": 3863.670933256811, "num_boost_round": 77.0, "subsample": 0.39202506052296093}, "datetime": {"datetime": "2024-01-20 14:28:42", "elapsed": 257.25559, "delta": 0.000472}}
{"target": -13.396043792487049, "params": {"colsample_bytree": 0.6398712651870478, "eta": 0.005232128195610188, "gamma": 499.84453475727673, "max_depth": 9.0, "min_child_weight": 3863.670933256811, "num_boost_round": 78.0, "subsample": 0.39202506052296093}, "datetime": {"datetime": "2024-01-20 14:28:42", "elapsed": 257.256048, "delta": 0.000458}}
{"target": -13.396044456390312, "params": {"colsample_bytree": 0.6398712651870478, "eta": 0.005232128195610188, "gamma": 499.84453475727673, "max_depth": 9.0, "min_child_weight": 3863.670933256811, "num_boost_round": 79.0, "subsample": 0.39202506052296093}, "datetime": {"datetime": "2024-01-20 14:28:42", "elapsed": 257.25648, "delta": 0.000432}}
{"target": -13.39605942417781, "params": {"colsample_bytree": 0.6398712651870478, "eta": 0.005232128195610188, "gamma": 499.84453475727673, "max_depth": 9.0, "min_child_weight": 3863.670933256811, "num_boost_round": 80.0, "subsample": 0.39202506052296093}, "datetime": {"datetime": "2024-01-20 14:28:42", "elapsed": 257.256915, "delta": 0.000435}}
{"target": -13.396065250000838, "params": {"colsample_bytree": 0.6398712651870478, "eta": 0.005232128195610188, "gamma": 499.84453475727673, "max_depth": 9.0, "min_child_weight": 3863.670933256811, "num_boost_round": 81.0, "subsample": 0.39202506052296093}, "datetime": {"datetime": "2024-01-20 14:28:42", "elapsed": 257.257352, "delta": 0.000437}}
{"target": -13.396084255916552, "params": {"colsample_bytree": 0.6398712651870478, "eta": 0.005232128195610188, "gamma": 499.84453475727673, "max_depth": 9.0, "min_child_weight": 3863.670933256811, "num_boost_round": 82.0, "subsample": 0.39202506052296093}, "datetime": {"datetime": "2024-01-20 14:28:42", "elapsed": 257.257793, "delta": 0.000441}}
{"target": -13.39608322838448, "params": {"colsample_bytree": 0.6398712651870478, "eta": 0.005232128195610188, "gamma": 499.84453475727673, "max_depth": 9.0, "min_child_weight": 3863.670933256811, "num_boost_round": 83.0, "subsample": 0.39202506052296093}, "datetime": {"datetime": "2024-01-20 14:28:42", "elapsed": 257.258334, "delta": 0.000541}}
{"target": -13.396107157950087, "params": {"colsample_bytree": 0.6398712651870478, "eta": 0.005232128195610188, "gamma": 499.84453475727673, "max_depth": 9.0, "min_child_weight": 3863.670933256811, "num_boost_round": 84.0, "subsample": 0.39202506052296093}, "datetime": {"datetime": "2024-01-20 14:28:42", "elapsed": 257.258779, "delta": 0.000445}}
{"target": -13.396146416414059, "params": {"colsample_bytree": 0.6398712651870478, "eta": 0.005232128195610188, "gamma": 499.84453475727673, "max_depth": 9.0, "min_child_weight": 3863.670933256811, "num_boost_round": 85.0, "subsample": 0.39202506052296093}, "datetime": {"datetime": "2024-01-20 14:28:42", "elapsed": 257.259216, "delta": 0.000437}}
{"target": -13.396163146353157, "params": {"colsample_bytree": 0.6398712651870478, "eta": 0.005232128195610188, "gamma": 499.84453475727673, "max_depth": 9.0, "min_child_weight": 3863.670933256811, "num_boost_round": 86.0, "subsample": 0.39202506052296093}, "datetime": {"datetime": "2024-01-20 14:28:42", "elapsed": 257.259659, "delta": 0.000443}}
{"target": -13.396191891638894, "params": {"colsample_bytree": 0.6398712651870478, "eta": 0.005232128195610188, "gamma": 499.84453475727673, "max_depth": 9.0, "min_child_weight": 3863.670933256811, "num_boost_round": 87.0, "subsample": 0.39202506052296093}, "datetime": {"datetime": "2024-01-20 14:28:42", "elapsed": 257.260098, "delta": 0.000439}}
{"target": -13.396211862510786, "params": {"colsample_bytree": 0.6398712651870478, "eta": 0.005232128195610188, "gamma": 499.84453475727673, "max_depth": 9.0, "min_child_weight": 3863.670933256811, "num_boost_round": 88.0, "subsample": 0.39202506052296093}, "datetime": {"datetime": "2024-01-20 14:28:42", "elapsed": 257.260549, "delta": 0.000451}}
{"target": -13.39626394203672, "params": {"colsample_bytree": 0.6398712651870478, "eta": 0.005232128195610188, "gamma": 499.84453475727673, "max_depth": 9.0, "min_child_weight": 3863.670933256811, "num_boost_round": 89.0, "subsample": 0.39202506052296093}, "datetime": {"datetime": "2024-01-20 14:28:42", "elapsed": 257.261015, "delta": 0.000466}}
{"target": -13.396248210162929, "params": {"colsample_bytree": 0.6398712651870478, "eta": 0.005232128195610188, "gamma": 499.84453475727673, "max_depth": 9.0, "min_child_weight": 3863.670933256811, "num_boost_round": 90.0, "subsample": 0.39202506052296093}, "datetime": {"datetime": "2024-01-20 14:28:42", "elapsed": 257.261456, "delta": 0.000441}}
{"target": -13.396231725712205, "params": {"colsample_bytree": 0.6398712651870478, "eta": 0.005232128195610188, "gamma": 499.84453475727673, "max_depth": 9.0, "min_child_weight": 3863.670933256811, "num_boost_round": 91.0, "subsample": 0.39202506052296093}, "datetime": {"datetime": "2024-01-20 14:28:42", "elapsed": 257.26192, "delta": 0.000464}}
{"target": -13.396293382522888, "params": {"colsample_bytree": 0.6398712651870478, "eta": 0.005232128195610188, "gamma": 499.84453475727673, "max_depth": 9.0, "min_child_weight": 3863.670933256811, "num_boost_round": 92.0, "subsample": 0.39202506052296093}, "datetime": {"datetime": "2024-01-20 14:28:42", "elapsed": 257.262371, "delta": 0.000451}}
{"target": -13.396292383761416, "params": {"colsample_bytree": 0.6398712651870478, "eta": 0.005232128195610188, "gamma": 499.84453475727673, "max_depth": 9.0, "min_child_weight": 3863.670933256811, "num_boost_round": 93.0, "subsample": 0.39202506052296093}, "datetime": {"datetime": "2024-01-20 14:28:42", "elapsed": 257.262829, "delta": 0.000458}}
{"target": -13.396316488487928, "params": {"colsample_bytree": 0.6398712651870478, "eta": 0.005232128195610188, "gamma": 499.84453475727673, "max_depth": 9.0, "min_child_weight": 3863.670933256811, "num_boost_round": 94.0, "subsample": 0.39202506052296093}, "datetime": {"datetime": "2024-01-20 14:28:42", "elapsed": 257.263282, "delta": 0.000453}}
{"target": -13.39634499816594, "params": {"colsample_bytree": 0.6398712651870478, "eta": 0.005232128195610188, "gamma": 499.84453475727673, "max_depth": 9.0, "min_child_weight": 3863.670933256811, "num_boost_round": 95.0, "subsample": 0.39202506052296093}, "datetime": {"datetime": "2024-01-20 14:28:42", "elapsed": 257.263731, "delta": 0.000449}}
{"target": -13.396330428132254, "params": {"colsample_bytree": 0.6398712651870478, "eta": 0.005232128195610188, "gamma": 499.84453475727673, "max_depth": 9.0, "min_child_weight": 3863.670933256811, "num_boost_round": 96.0, "subsample": 0.39202506052296093}, "datetime": {"datetime": "2024-01-20 14:28:42", "elapsed": 257.264184, "delta": 0.000453}}
{"target": -13.397793482930318, "params": {"colsample_bytree": 0.8124749757581974, "eta": 0.01268095443116926, "gamma": 377.5130832014487, "max_depth": 6.0, "min_child_weight": 3885.880040944179, "num_boost_round": 1.0, "subsample": 0.46824444766827267}, "datetime": {"datetime": "2024-01-20 14:29:32", "elapsed": 306.767189, "delta": 49.503005}}
{"target": -13.397752543332423, "params": {"colsample_bytree": 0.8124749757581974, "eta": 0.01268095443116926, "gamma": 377.5130832014487, "max_depth": 6.0, "min_child_weight": 3885.880040944179, "num_boost_round": 2.0, "subsample": 0.46824444766827267}, "datetime": {"datetime": "2024-01-20 14:29:32", "elapsed": 306.768129, "delta": 0.00094}}
{"target": -13.397727440301558, "params": {"colsample_bytree": 0.8124749757581974, "eta": 0.01268095443116926, "gamma": 377.5130832014487, "max_depth": 6.0, "min_child_weight": 3885.880040944179, "num_boost_round": 3.0, "subsample": 0.46824444766827267}, "datetime": {"datetime": "2024-01-20 14:29:32", "elapsed": 306.768699, "delta": 0.00057}}
{"target": -13.397676292959172, "params": {"colsample_bytree": 0.8124749757581974, "eta": 0.01268095443116926, "gamma": 377.5130832014487, "max_depth": 6.0, "min_child_weight": 3885.880040944179, "num_boost_round": 4.0, "subsample": 0.46824444766827267}, "datetime": {"datetime": "2024-01-20 14:29:32", "elapsed": 306.769411, "delta": 0.000712}}
{"target": -13.39768575322627, "params": {"colsample_bytree": 0.8124749757581974, "eta": 0.01268095443116926, "gamma": 377.5130832014487, "max_depth": 6.0, "min_child_weight": 3885.880040944179, "num_boost_round": 5.0, "subsample": 0.46824444766827267}, "datetime": {"datetime": "2024-01-20 14:29:32", "elapsed": 306.769934, "delta": 0.000523}}
{"target": -13.397634038386055, "params": {"colsample_bytree": 0.8124749757581974, "eta": 0.01268095443116926, "gamma": 377.5130832014487, "max_depth": 6.0, "min_child_weight": 3885.880040944179, "num_boost_round": 6.0, "subsample": 0.46824444766827267}, "datetime": {"datetime": "2024-01-20 14:29:32", "elapsed": 306.770444, "delta": 0.00051}}
{"target": -13.397576270981766, "params": {"colsample_bytree": 0.8124749757581974, "eta": 0.01268095443116926, "gamma": 377.5130832014487, "max_depth": 6.0, "min_child_weight": 3885.880040944179, "num_boost_round": 7.0, "subsample": 0.46824444766827267}, "datetime": {"datetime": "2024-01-20 14:29:32", "elapsed": 306.770967, "delta": 0.000523}}
{"target": -13.39759243969431, "params": {"colsample_bytree": 0.8124749757581974, "eta": 0.01268095443116926, "gamma": 377.5130832014487, "max_depth": 6.0, "min_child_weight": 3885.880040944179, "num_boost_round": 8.0, "subsample": 0.46824444766827267}, "datetime": {"datetime": "2024-01-20 14:29:32", "elapsed": 306.771475, "delta": 0.000508}}
{"target": -13.39755598537197, "params": {"colsample_bytree": 0.8124749757581974, "eta": 0.01268095443116926, "gamma": 377.5130832014487, "max_depth": 6.0, "min_child_weight": 3885.880040944179, "num_boost_round": 9.0, "subsample": 0.46824444766827267}, "datetime": {"datetime": "2024-01-20 14:29:32", "elapsed": 306.772006, "delta": 0.000531}}
{"target": -13.397493845534719, "params": {"colsample_bytree": 0.8124749757581974, "eta": 0.01268095443116926, "gamma": 377.5130832014487, "max_depth": 6.0, "min_child_weight": 3885.880040944179, "num_boost_round": 10.0, "subsample": 0.46824444766827267}, "datetime": {"datetime": "2024-01-20 14:29:32", "elapsed": 306.772519, "delta": 0.000513}}
{"target": -13.397441791695236, "params": {"colsample_bytree": 0.8124749757581974, "eta": 0.01268095443116926, "gamma": 377.5130832014487, "max_depth": 6.0, "min_child_weight": 3885.880040944179, "num_boost_round": 11.0, "subsample": 0.46824444766827267}, "datetime": {"datetime": "2024-01-20 14:29:32", "elapsed": 306.773026, "delta": 0.000507}}
{"target": -13.397443966099715, "params": {"colsample_bytree": 0.8124749757581974, "eta": 0.01268095443116926, "gamma": 377.5130832014487, "max_depth": 6.0, "min_child_weight": 3885.880040944179, "num_boost_round": 12.0, "subsample": 0.46824444766827267}, "datetime": {"datetime": "2024-01-20 14:29:32", "elapsed": 306.773561, "delta": 0.000535}}
