{"target": -13.73657362442604, "params": {"colsample_bytree": 0.8339570766317147, "eta": 0.07797285285921574, "gamma": 456.005827493881, "max_depth": 6.0, "min_child_weight": 3185.844408137229, "num_boost_round": 3.0, "subsample": 0.4758241718867492}, "datetime": {"datetime": "2024-01-20 17:52:46", "elapsed": 12527.269122, "delta": 0.009847}}
{"target": -13.739019608654306, "params": {"colsample_bytree": 0.8339570766317147, "eta": 0.07797285285921574, "gamma": 456.005827493881, "max_depth": 6.0, "min_child_weight": 3185.844408137229, "num_boost_round": 4.0, "subsample": 0.4758241718867492}, "datetime": {"datetime": "2024-01-20 17:52:46", "elapsed": 12527.273625, "delta": 0.004503}}
{"target": -13.741502131274007, "params": {"colsample_bytree": 0.8339570766317147, "eta": 0.07797285285921574, "gamma": 456.005827493881, "max_depth": 6.0, "min_child_weight": 3185.844408137229, "num_boost_round": 5.0, "subsample": 0.4758241718867492}, "datetime": {"datetime": "2024-01-20 17:52:46", "elapsed": 12527.278273, "delta": 0.004648}}
{"target": -13.744109623668285, "params": {"colsample_bytree": 0.8339570766317147, "eta": 0.07797285285921574, "gamma": 456.005827493881, "max_depth": 6.0, "min_child_weight": 3185.844408137229, "num_boost_round": 6.0, "subsample": 0.4758241718867492}, "datetime": {"datetime": "2024-01-20 17:52:46", "elapsed": 12527.28304, "delta": 0.004767}}
{"target": -13.746131449723215, "params": {"colsample_bytree": 0.8339570766317147, "eta": 0.07797285285921574, "gamma": 456.005827493881, "max_depth": 6.0, "min_child_weight": 3185.844408137229, "num_boost_round": 7.0, "subsample": 0.4758241718867492}, "datetime": {"datetime": "2024-01-20 17:52:46", "elapsed": 12527.287289, "delta": 0.004249}}
{"target": -13.748293858591342, "params": {"colsample_bytree": 0.8339570766317147, "eta": 0.07797285285921574, "gamma": 456.005827493881, "max_depth": 6.0, "min_child_weight": 3185.844408137229, "num_boost_round": 8.0, "subsample": 0.4758241718867492}, "datetime": {"datetime": "2024-01-20 17:52:46", "elapsed": 12527.291454, "delta": 0.004165}}
{"target": -13.749787441530266, "params": {"colsample_bytree": 0.8339570766317147, "eta": 0.07797285285921574, "gamma": 456.005827493881, "max_depth": 6.0, "min_child_weight": 3185.844408137229, "num_boost_round": 9.0, "subsample": 0.4758241718867492}, "datetime": {"datetime": "2024-01-20 17:52:46", "elapsed": 12527.295525, "delta": 0.004071}}
{"target": -13.752178434167954, "params": {"colsample_bytree": 0.8339570766317147, "eta": 0.07797285285921574, "gamma": 456.005827493881, "max_depth": 6.0, "min_child_weight": 3185.844408137229, "num_boost_round": 10.0, "subsample": 0.4758241718867492}, "datetime": {"datetime": "2024-01-20 17:52:46", "elapsed": 12527.299973, "delta": 0.004448}}
{"target": -13.754056579799444, "params": {"colsample_bytree": 0.8339570766317147, "eta": 0.07797285285921574, "gamma": 456.005827493881, "max_depth": 6.0, "min_child_weight": 3185.844408137229, "num_boost_round": 11.0, "subsample": 0.4758241718867492}, "datetime": {"datetime": "2024-01-20 17:52:46", "elapsed": 12527.304386, "delta": 0.004413}}
{"target": -13.731136972758648, "params": {"colsample_bytree": 0.27245484713677953, "eta": 0.016515191318224706, "gamma": 58.96835747296536, "max_depth": 3.0, "min_child_weight": 4464.075683528824, "num_boost_round": 1.0, "subsample": 0.1666241606790511}, "datetime": {"datetime": "2024-01-20 17:53:17", "elapsed": 12558.879619, "delta": 31.575233}}
{"target": -13.731206291108963, "params": {"colsample_bytree": 0.27245484713677953, "eta": 0.016515191318224706, "gamma": 58.96835747296536, "max_depth": 3.0, "min_child_weight": 4464.075683528824, "num_boost_round": 2.0, "subsample": 0.1666241606790511}, "datetime": {"datetime": "2024-01-20 17:53:17", "elapsed": 12558.885017, "delta": 0.005398}}
{"target": -13.732032751782373, "params": {"colsample_bytree": 0.946579652067081, "eta": 0.04760552937559802, "gamma": 733.9282638931292, "max_depth": 8.0, "min_child_weight": 3653.420339181461, "num_boost_round": 1.0, "subsample": 0.6132554187052087}, "datetime": {"datetime": "2024-01-20 17:53:53", "elapsed": 12594.662679, "delta": 35.777662}}
{"target": -13.733173865463527, "params": {"colsample_bytree": 0.946579652067081, "eta": 0.04760552937559802, "gamma": 733.9282638931292, "max_depth": 8.0, "min_child_weight": 3653.420339181461, "num_boost_round": 2.0, "subsample": 0.6132554187052087}, "datetime": {"datetime": "2024-01-20 17:53:53", "elapsed": 12594.667697, "delta": 0.005018}}
{"target": -13.733596386895808, "params": {"colsample_bytree": 0.8173709085169797, "eta": 0.08746715775362573, "gamma": 183.71859789029776, "max_depth": 9.0, "min_child_weight": 3280.0211229023844, "num_boost_round": 1.0, "subsample": 0.6429438044841935}, "datetime": {"datetime": "2024-01-20 17:54:31", "elapsed": 12632.450935, "delta": 37.783238}}
{"target": -13.737231892102661, "params": {"colsample_bytree": 0.8173709085169797, "eta": 0.08746715775362573, "gamma": 183.71859789029776, "max_depth": 9.0, "min_child_weight": 3280.0211229023844, "num_boost_round": 2.0, "subsample": 0.6429438044841935}, "datetime": {"datetime": "2024-01-20 17:54:31", "elapsed": 12632.455733, "delta": 0.004798}}
{"target": -13.739981047256808, "params": {"colsample_bytree": 0.8173709085169797, "eta": 0.08746715775362573, "gamma": 183.71859789029776, "max_depth": 9.0, "min_child_weight": 3280.0211229023844, "num_boost_round": 3.0, "subsample": 0.6429438044841935}, "datetime": {"datetime": "2024-01-20 17:54:31", "elapsed": 12632.459693, "delta": 0.00396}}
{"target": -13.743787022475633, "params": {"colsample_bytree": 0.8173709085169797, "eta": 0.08746715775362573, "gamma": 183.71859789029776, "max_depth": 9.0, "min_child_weight": 3280.0211229023844, "num_boost_round": 4.0, "subsample": 0.6429438044841935}, "datetime": {"datetime": "2024-01-20 17:54:31", "elapsed": 12632.463271, "delta": 0.003578}}
{"target": -13.74800372196787, "params": {"colsample_bytree": 0.8173709085169797, "eta": 0.08746715775362573, "gamma": 183.71859789029776, "max_depth": 9.0, "min_child_weight": 3280.0211229023844, "num_boost_round": 5.0, "subsample": 0.6429438044841935}, "datetime": {"datetime": "2024-01-20 17:54:31", "elapsed": 12632.467121, "delta": 0.00385}}
{"target": -13.75190205156905, "params": {"colsample_bytree": 0.8173709085169797, "eta": 0.08746715775362573, "gamma": 183.71859789029776, "max_depth": 9.0, "min_child_weight": 3280.0211229023844, "num_boost_round": 6.0, "subsample": 0.6429438044841935}, "datetime": {"datetime": "2024-01-20 17:54:31", "elapsed": 12632.4707, "delta": 0.003579}}
{"target": -13.75410442906813, "params": {"colsample_bytree": 0.8173709085169797, "eta": 0.08746715775362573, "gamma": 183.71859789029776, "max_depth": 9.0, "min_child_weight": 3280.0211229023844, "num_boost_round": 7.0, "subsample": 0.6429438044841935}, "datetime": {"datetime": "2024-01-20 17:54:31", "elapsed": 12632.474491, "delta": 0.003791}}
{"target": -13.757076127046528, "params": {"colsample_bytree": 0.8173709085169797, "eta": 0.08746715775362573, "gamma": 183.71859789029776, "max_depth": 9.0, "min_child_weight": 3280.0211229023844, "num_boost_round": 8.0, "subsample": 0.6429438044841935}, "datetime": {"datetime": "2024-01-20 17:54:31", "elapsed": 12632.478174, "delta": 0.003683}}
{"target": -13.759495351935785, "params": {"colsample_bytree": 0.8173709085169797, "eta": 0.08746715775362573, "gamma": 183.71859789029776, "max_depth": 9.0, "min_child_weight": 3280.0211229023844, "num_boost_round": 9.0, "subsample": 0.6429438044841935}, "datetime": {"datetime": "2024-01-20 17:54:31", "elapsed": 12632.481881, "delta": 0.003707}}
{"target": -13.762281974572588, "params": {"colsample_bytree": 0.8173709085169797, "eta": 0.08746715775362573, "gamma": 183.71859789029776, "max_depth": 9.0, "min_child_weight": 3280.0211229023844, "num_boost_round": 10.0, "subsample": 0.6429438044841935}, "datetime": {"datetime": "2024-01-20 17:54:31", "elapsed": 12632.485419, "delta": 0.003538}}
{"target": -13.764397200966876, "params": {"colsample_bytree": 0.8173709085169797, "eta": 0.08746715775362573, "gamma": 183.71859789029776, "max_depth": 9.0, "min_child_weight": 3280.0211229023844, "num_boost_round": 11.0, "subsample": 0.6429438044841935}, "datetime": {"datetime": "2024-01-20 17:54:31", "elapsed": 12632.489049, "delta": 0.00363}}
{"target": -13.73143964644596, "params": {"colsample_bytree": 0.14128728196962656, "eta": 0.0768221023612076, "gamma": 563.9268233612398, "max_depth": 8.0, "min_child_weight": 3608.568817945451, "num_boost_round": 1.0, "subsample": 0.8424249368961144}, "datetime": {"datetime": "2024-01-20 17:55:01", "elapsed": 12662.285955, "delta": 29.796906}}
{"target": -13.73205811860268, "params": {"colsample_bytree": 0.14128728196962656, "eta": 0.0768221023612076, "gamma": 563.9268233612398, "max_depth": 8.0, "min_child_weight": 3608.568817945451, "num_boost_round": 2.0, "subsample": 0.8424249368961144}, "datetime": {"datetime": "2024-01-20 17:55:01", "elapsed": 12662.291686, "delta": 0.005731}}
{"target": -13.73232933277301, "params": {"colsample_bytree": 0.14128728196962656, "eta": 0.0768221023612076, "gamma": 563.9268233612398, "max_depth": 8.0, "min_child_weight": 3608.568817945451, "num_boost_round": 3.0, "subsample": 0.8424249368961144}, "datetime": {"datetime": "2024-01-20 17:55:01", "elapsed": 12662.296142, "delta": 0.004456}}
{"target": -13.732887735391994, "params": {"colsample_bytree": 0.14128728196962656, "eta": 0.0768221023612076, "gamma": 563.9268233612398, "max_depth": 8.0, "min_child_weight": 3608.568817945451, "num_boost_round": 4.0, "subsample": 0.8424249368961144}, "datetime": {"datetime": "2024-01-20 17:55:01", "elapsed": 12662.300292, "delta": 0.00415}}
{"target": -13.731176861131543, "params": {"colsample_bytree": 0.8174393105385452, "eta": 0.008163988053964547, "gamma": 287.69975170719886, "max_depth": 7.0, "min_child_weight": 4956.623333466851, "num_boost_round": 1.0, "subsample": 0.9291604951988357}, "datetime": {"datetime": "2024-01-20 17:55:29", "elapsed": 12689.910455, "delta": 27.610163}}
{"target": -13.733068598556546, "params": {"colsample_bytree": 0.9496240365179804, "eta": 0.08782654360723406, "gamma": 29.023670173354944, "max_depth": 6.0, "min_child_weight": 4578.309847757681, "num_boost_round": 1.0, "subsample": 0.9555167318806759}, "datetime": {"datetime": "2024-01-20 17:56:07", "elapsed": 12728.687557, "delta": 38.777102}}
{"target": -13.735125589624097, "params": {"colsample_bytree": 0.9496240365179804, "eta": 0.08782654360723406, "gamma": 29.023670173354944, "max_depth": 6.0, "min_child_weight": 4578.309847757681, "num_boost_round": 2.0, "subsample": 0.9555167318806759}, "datetime": {"datetime": "2024-01-20 17:56:07", "elapsed": 12728.692103, "delta": 0.004546}}
{"target": -13.738792441325803, "params": {"colsample_bytree": 0.9496240365179804, "eta": 0.08782654360723406, "gamma": 29.023670173354944, "max_depth": 6.0, "min_child_weight": 4578.309847757681, "num_boost_round": 3.0, "subsample": 0.9555167318806759}, "datetime": {"datetime": "2024-01-20 17:56:07", "elapsed": 12728.695941, "delta": 0.003838}}
{"target": -13.742955365742347, "params": {"colsample_bytree": 0.9496240365179804, "eta": 0.08782654360723406, "gamma": 29.023670173354944, "max_depth": 6.0, "min_child_weight": 4578.309847757681, "num_boost_round": 4.0, "subsample": 0.9555167318806759}, "datetime": {"datetime": "2024-01-20 17:56:07", "elapsed": 12728.699623, "delta": 0.003682}}
{"target": -13.745557142862552, "params": {"colsample_bytree": 0.9496240365179804, "eta": 0.08782654360723406, "gamma": 29.023670173354944, "max_depth": 6.0, "min_child_weight": 4578.309847757681, "num_boost_round": 5.0, "subsample": 0.9555167318806759}, "datetime": {"datetime": "2024-01-20 17:56:07", "elapsed": 12728.703224, "delta": 0.003601}}
{"target": -13.748950253195028, "params": {"colsample_bytree": 0.9496240365179804, "eta": 0.08782654360723406, "gamma": 29.023670173354944, "max_depth": 6.0, "min_child_weight": 4578.309847757681, "num_boost_round": 6.0, "subsample": 0.9555167318806759}, "datetime": {"datetime": "2024-01-20 17:56:07", "elapsed": 12728.706872, "delta": 0.003648}}
{"target": -13.731964578775091, "params": {"colsample_bytree": 0.3450385390564107, "eta": 0.06728909191996676, "gamma": 663.7153281698942, "max_depth": 3.0, "min_child_weight": 4402.867369559231, "num_boost_round": 1.0, "subsample": 0.4363045736738672}, "datetime": {"datetime": "2024-01-20 17:56:37", "elapsed": 12758.381572, "delta": 29.6747}}
{"target": -13.732874713397534, "params": {"colsample_bytree": 0.3450385390564107, "eta": 0.06728909191996676, "gamma": 663.7153281698942, "max_depth": 3.0, "min_child_weight": 4402.867369559231, "num_boost_round": 2.0, "subsample": 0.4363045736738672}, "datetime": {"datetime": "2024-01-20 17:56:37", "elapsed": 12758.387951, "delta": 0.006379}}
{"target": -13.731633023055085, "params": {"colsample_bytree": 0.695549519726969, "eta": 0.024106189575113197, "gamma": 4.5089427062589005, "max_depth": 8.0, "min_child_weight": 4479.259900386828, "num_boost_round": 1.0, "subsample": 0.6117162943087782}, "datetime": {"datetime": "2024-01-20 17:57:22", "elapsed": 12803.72827, "delta": 45.340319}}
{"target": -13.73211752778256, "params": {"colsample_bytree": 0.695549519726969, "eta": 0.024106189575113197, "gamma": 4.5089427062589005, "max_depth": 8.0, "min_child_weight": 4479.259900386828, "num_boost_round": 2.0, "subsample": 0.6117162943087782}, "datetime": {"datetime": "2024-01-20 17:57:22", "elapsed": 12803.732934, "delta": 0.004664}}
{"target": -13.732554573947453, "params": {"colsample_bytree": 0.695549519726969, "eta": 0.024106189575113197, "gamma": 4.5089427062589005, "max_depth": 8.0, "min_child_weight": 4479.259900386828, "num_boost_round": 3.0, "subsample": 0.6117162943087782}, "datetime": {"datetime": "2024-01-20 17:57:22", "elapsed": 12803.737688, "delta": 0.004754}}
{"target": -13.732923461210609, "params": {"colsample_bytree": 0.695549519726969, "eta": 0.024106189575113197, "gamma": 4.5089427062589005, "max_depth": 8.0, "min_child_weight": 4479.259900386828, "num_boost_round": 4.0, "subsample": 0.6117162943087782}, "datetime": {"datetime": "2024-01-20 17:57:22", "elapsed": 12803.741256, "delta": 0.003568}}
{"target": -13.733485999394926, "params": {"colsample_bytree": 0.695549519726969, "eta": 0.024106189575113197, "gamma": 4.5089427062589005, "max_depth": 8.0, "min_child_weight": 4479.259900386828, "num_boost_round": 5.0, "subsample": 0.6117162943087782}, "datetime": {"datetime": "2024-01-20 17:57:22", "elapsed": 12803.745001, "delta": 0.003745}}
{"target": -13.734313142017516, "params": {"colsample_bytree": 0.695549519726969, "eta": 0.024106189575113197, "gamma": 4.5089427062589005, "max_depth": 8.0, "min_child_weight": 4479.259900386828, "num_boost_round": 6.0, "subsample": 0.6117162943087782}, "datetime": {"datetime": "2024-01-20 17:57:22", "elapsed": 12803.748623, "delta": 0.003622}}
{"target": -13.73247782215753, "params": {"colsample_bytree": 0.6935828512194657, "eta": 0.09698934226392718, "gamma": 725.5290102404383, "max_depth": 2.0, "min_child_weight": 4442.879158139827, "num_boost_round": 1.0, "subsample": 0.19675107742252224}, "datetime": {"datetime": "2024-01-20 17:57:53", "elapsed": 12834.654342, "delta": 30.905719}}
{"target": -13.731011170103729, "params": {"colsample_bytree": 0.1695331176002893, "eta": 0.07986988232184226, "gamma": 76.40314017710482, "max_depth": 9.0, "min_child_weight": 4554.287418446026, "num_boost_round": 1.0, "subsample": 0.44375093055853165}, "datetime": {"datetime": "2024-01-20 17:58:36", "elapsed": 12877.301485, "delta": 42.647143}}
{"target": -13.73163313325713, "params": {"colsample_bytree": 0.1695331176002893, "eta": 0.07986988232184226, "gamma": 76.40314017710482, "max_depth": 9.0, "min_child_weight": 4554.287418446026, "num_boost_round": 2.0, "subsample": 0.44375093055853165}, "datetime": {"datetime": "2024-01-20 17:58:36", "elapsed": 12877.306414, "delta": 0.004929}}
{"target": -13.732308229184458, "params": {"colsample_bytree": 0.1695331176002893, "eta": 0.07986988232184226, "gamma": 76.40314017710482, "max_depth": 9.0, "min_child_weight": 4554.287418446026, "num_boost_round": 3.0, "subsample": 0.44375093055853165}, "datetime": {"datetime": "2024-01-20 17:58:36", "elapsed": 12877.310341, "delta": 0.003927}}
{"target": -13.7329830121068, "params": {"colsample_bytree": 0.1695331176002893, "eta": 0.07986988232184226, "gamma": 76.40314017710482, "max_depth": 9.0, "min_child_weight": 4554.287418446026, "num_boost_round": 4.0, "subsample": 0.44375093055853165}, "datetime": {"datetime": "2024-01-20 17:58:36", "elapsed": 12877.314249, "delta": 0.003908}}
{"target": -13.733657352084098, "params": {"colsample_bytree": 0.1695331176002893, "eta": 0.07986988232184226, "gamma": 76.40314017710482, "max_depth": 9.0, "min_child_weight": 4554.287418446026, "num_boost_round": 5.0, "subsample": 0.44375093055853165}, "datetime": {"datetime": "2024-01-20 17:58:36", "elapsed": 12877.318084, "delta": 0.003835}}
{"target": -13.735020138327116, "params": {"colsample_bytree": 0.1695331176002893, "eta": 0.07986988232184226, "gamma": 76.40314017710482, "max_depth": 9.0, "min_child_weight": 4554.287418446026, "num_boost_round": 6.0, "subsample": 0.44375093055853165}, "datetime": {"datetime": "2024-01-20 17:58:36", "elapsed": 12877.321769, "delta": 0.003685}}
{"target": -13.735931544888901, "params": {"colsample_bytree": 0.1695331176002893, "eta": 0.07986988232184226, "gamma": 76.40314017710482, "max_depth": 9.0, "min_child_weight": 4554.287418446026, "num_boost_round": 7.0, "subsample": 0.44375093055853165}, "datetime": {"datetime": "2024-01-20 17:58:36", "elapsed": 12877.325422, "delta": 0.003653}}
{"target": -13.73630549978598, "params": {"colsample_bytree": 0.1695331176002893, "eta": 0.07986988232184226, "gamma": 76.40314017710482, "max_depth": 9.0, "min_child_weight": 4554.287418446026, "num_boost_round": 8.0, "subsample": 0.44375093055853165}, "datetime": {"datetime": "2024-01-20 17:58:36", "elapsed": 12877.329245, "delta": 0.003823}}
{"target": -13.737134709487602, "params": {"colsample_bytree": 0.1695331176002893, "eta": 0.07986988232184226, "gamma": 76.40314017710482, "max_depth": 9.0, "min_child_weight": 4554.287418446026, "num_boost_round": 9.0, "subsample": 0.44375093055853165}, "datetime": {"datetime": "2024-01-20 17:58:36", "elapsed": 12877.333075, "delta": 0.00383}}
{"target": -13.738051998637772, "params": {"colsample_bytree": 0.1695331176002893, "eta": 0.07986988232184226, "gamma": 76.40314017710482, "max_depth": 9.0, "min_child_weight": 4554.287418446026, "num_boost_round": 10.0, "subsample": 0.44375093055853165}, "datetime": {"datetime": "2024-01-20 17:58:36", "elapsed": 12877.336918, "delta": 0.003843}}
{"target": -13.739536770969991, "params": {"colsample_bytree": 0.1695331176002893, "eta": 0.07986988232184226, "gamma": 76.40314017710482, "max_depth": 9.0, "min_child_weight": 4554.287418446026, "num_boost_round": 11.0, "subsample": 0.44375093055853165}, "datetime": {"datetime": "2024-01-20 17:58:36", "elapsed": 12877.340782, "delta": 0.003864}}
{"target": -13.73958827077928, "params": {"colsample_bytree": 0.1695331176002893, "eta": 0.07986988232184226, "gamma": 76.40314017710482, "max_depth": 9.0, "min_child_weight": 4554.287418446026, "num_boost_round": 12.0, "subsample": 0.44375093055853165}, "datetime": {"datetime": "2024-01-20 17:58:36", "elapsed": 12877.344436, "delta": 0.003654}}
{"target": -13.74000913056847, "params": {"colsample_bytree": 0.1695331176002893, "eta": 0.07986988232184226, "gamma": 76.40314017710482, "max_depth": 9.0, "min_child_weight": 4554.287418446026, "num_boost_round": 13.0, "subsample": 0.44375093055853165}, "datetime": {"datetime": "2024-01-20 17:58:36", "elapsed": 12877.348201, "delta": 0.003765}}
{"target": -13.741180410867386, "params": {"colsample_bytree": 0.1695331176002893, "eta": 0.07986988232184226, "gamma": 76.40314017710482, "max_depth": 9.0, "min_child_weight": 4554.287418446026, "num_boost_round": 14.0, "subsample": 0.44375093055853165}, "datetime": {"datetime": "2024-01-20 17:58:36", "elapsed": 12877.351873, "delta": 0.003672}}
{"target": -13.741127199020129, "params": {"colsample_bytree": 0.1695331176002893, "eta": 0.07986988232184226, "gamma": 76.40314017710482, "max_depth": 9.0, "min_child_weight": 4554.287418446026, "num_boost_round": 15.0, "subsample": 0.44375093055853165}, "datetime": {"datetime": "2024-01-20 17:58:36", "elapsed": 12877.35556, "delta": 0.003687}}
{"target": -13.741919685643252, "params": {"colsample_bytree": 0.1695331176002893, "eta": 0.07986988232184226, "gamma": 76.40314017710482, "max_depth": 9.0, "min_child_weight": 4554.287418446026, "num_boost_round": 16.0, "subsample": 0.44375093055853165}, "datetime": {"datetime": "2024-01-20 17:58:36", "elapsed": 12877.359693, "delta": 0.004133}}
{"target": -13.743138675016764, "params": {"colsample_bytree": 0.1695331176002893, "eta": 0.07986988232184226, "gamma": 76.40314017710482, "max_depth": 9.0, "min_child_weight": 4554.287418446026, "num_boost_round": 17.0, "subsample": 0.44375093055853165}, "datetime": {"datetime": "2024-01-20 17:58:36", "elapsed": 12877.363401, "delta": 0.003708}}
{"target": -13.744030113972183, "params": {"colsample_bytree": 0.1695331176002893, "eta": 0.07986988232184226, "gamma": 76.40314017710482, "max_depth": 9.0, "min_child_weight": 4554.287418446026, "num_boost_round": 18.0, "subsample": 0.44375093055853165}, "datetime": {"datetime": "2024-01-20 17:58:36", "elapsed": 12877.367289, "delta": 0.003888}}
{"target": -13.73180165943046, "params": {"colsample_bytree": 0.8605711975620538, "eta": 0.028446572842781383, "gamma": 82.41626286956428, "max_depth": 9.0, "min_child_weight": 3403.3032550654916, "num_boost_round": 1.0, "subsample": 0.29783274583837394}, "datetime": {"datetime": "2024-01-20 17:59:16", "elapsed": 12917.060687, "delta": 39.693398}}
