{"target": -10.47558909267497, "params": {"colsample_bytree": 0.9793574986021998, "eta": 0.007332599922258291, "gamma": 312.8050836612174, "max_depth": 7.0, "min_child_weight": 4833.444880032889, "num_boost_round": 4.0, "subsample": 0.9566021448231518}, "datetime": {"datetime": "2024-01-20 15:59:40", "elapsed": 9272.485215, "delta": 0.006075}}
{"target": -10.4754953760342, "params": {"colsample_bytree": 0.9793574986021998, "eta": 0.007332599922258291, "gamma": 312.8050836612174, "max_depth": 7.0, "min_child_weight": 4833.444880032889, "num_boost_round": 5.0, "subsample": 0.9566021448231518}, "datetime": {"datetime": "2024-01-20 15:59:40", "elapsed": 9272.491279, "delta": 0.006064}}
{"target": -10.475413774829047, "params": {"colsample_bytree": 0.9793574986021998, "eta": 0.007332599922258291, "gamma": 312.8050836612174, "max_depth": 7.0, "min_child_weight": 4833.444880032889, "num_boost_round": 6.0, "subsample": 0.9566021448231518}, "datetime": {"datetime": "2024-01-20 15:59:40", "elapsed": 9272.497231, "delta": 0.005952}}
{"target": -10.47532531902679, "params": {"colsample_bytree": 0.9793574986021998, "eta": 0.007332599922258291, "gamma": 312.8050836612174, "max_depth": 7.0, "min_child_weight": 4833.444880032889, "num_boost_round": 7.0, "subsample": 0.9566021448231518}, "datetime": {"datetime": "2024-01-20 15:59:40", "elapsed": 9272.503184, "delta": 0.005953}}
{"target": -10.475241668968886, "params": {"colsample_bytree": 0.9793574986021998, "eta": 0.007332599922258291, "gamma": 312.8050836612174, "max_depth": 7.0, "min_child_weight": 4833.444880032889, "num_boost_round": 8.0, "subsample": 0.9566021448231518}, "datetime": {"datetime": "2024-01-20 15:59:40", "elapsed": 9272.509152, "delta": 0.005968}}
{"target": -10.475167596827959, "params": {"colsample_bytree": 0.9793574986021998, "eta": 0.007332599922258291, "gamma": 312.8050836612174, "max_depth": 7.0, "min_child_weight": 4833.444880032889, "num_boost_round": 9.0, "subsample": 0.9566021448231518}, "datetime": {"datetime": "2024-01-20 15:59:40", "elapsed": 9272.515139, "delta": 0.005987}}
{"target": -10.475103600870998, "params": {"colsample_bytree": 0.9793574986021998, "eta": 0.007332599922258291, "gamma": 312.8050836612174, "max_depth": 7.0, "min_child_weight": 4833.444880032889, "num_boost_round": 10.0, "subsample": 0.9566021448231518}, "datetime": {"datetime": "2024-01-20 15:59:40", "elapsed": 9272.521193, "delta": 0.006054}}
{"target": -10.475030476184838, "params": {"colsample_bytree": 0.9793574986021998, "eta": 0.007332599922258291, "gamma": 312.8050836612174, "max_depth": 7.0, "min_child_weight": 4833.444880032889, "num_boost_round": 11.0, "subsample": 0.9566021448231518}, "datetime": {"datetime": "2024-01-20 15:59:40", "elapsed": 9272.52717, "delta": 0.005977}}
{"target": -10.474989418412804, "params": {"colsample_bytree": 0.9793574986021998, "eta": 0.007332599922258291, "gamma": 312.8050836612174, "max_depth": 7.0, "min_child_weight": 4833.444880032889, "num_boost_round": 12.0, "subsample": 0.9566021448231518}, "datetime": {"datetime": "2024-01-20 15:59:40", "elapsed": 9272.533277, "delta": 0.006107}}
{"target": -10.474869937573466, "params": {"colsample_bytree": 0.9793574986021998, "eta": 0.007332599922258291, "gamma": 312.8050836612174, "max_depth": 7.0, "min_child_weight": 4833.444880032889, "num_boost_round": 13.0, "subsample": 0.9566021448231518}, "datetime": {"datetime": "2024-01-20 15:59:40", "elapsed": 9272.539381, "delta": 0.006104}}
{"target": -10.474803940608332, "params": {"colsample_bytree": 0.9793574986021998, "eta": 0.007332599922258291, "gamma": 312.8050836612174, "max_depth": 7.0, "min_child_weight": 4833.444880032889, "num_boost_round": 14.0, "subsample": 0.9566021448231518}, "datetime": {"datetime": "2024-01-20 15:59:40", "elapsed": 9272.545329, "delta": 0.005948}}
{"target": -10.474777892963287, "params": {"colsample_bytree": 0.9793574986021998, "eta": 0.007332599922258291, "gamma": 312.8050836612174, "max_depth": 7.0, "min_child_weight": 4833.444880032889, "num_boost_round": 15.0, "subsample": 0.9566021448231518}, "datetime": {"datetime": "2024-01-20 15:59:40", "elapsed": 9272.551328, "delta": 0.005999}}
{"target": -10.474702190790609, "params": {"colsample_bytree": 0.9793574986021998, "eta": 0.007332599922258291, "gamma": 312.8050836612174, "max_depth": 7.0, "min_child_weight": 4833.444880032889, "num_boost_round": 16.0, "subsample": 0.9566021448231518}, "datetime": {"datetime": "2024-01-20 15:59:40", "elapsed": 9272.557286, "delta": 0.005958}}
{"target": -10.474654762697593, "params": {"colsample_bytree": 0.9793574986021998, "eta": 0.007332599922258291, "gamma": 312.8050836612174, "max_depth": 7.0, "min_child_weight": 4833.444880032889, "num_boost_round": 17.0, "subsample": 0.9566021448231518}, "datetime": {"datetime": "2024-01-20 15:59:40", "elapsed": 9272.563325, "delta": 0.006039}}
{"target": -10.474571658889822, "params": {"colsample_bytree": 0.9793574986021998, "eta": 0.007332599922258291, "gamma": 312.8050836612174, "max_depth": 7.0, "min_child_weight": 4833.444880032889, "num_boost_round": 18.0, "subsample": 0.9566021448231518}, "datetime": {"datetime": "2024-01-20 15:59:40", "elapsed": 9272.569281, "delta": 0.005956}}
{"target": -10.474488235001198, "params": {"colsample_bytree": 0.9793574986021998, "eta": 0.007332599922258291, "gamma": 312.8050836612174, "max_depth": 7.0, "min_child_weight": 4833.444880032889, "num_boost_round": 19.0, "subsample": 0.9566021448231518}, "datetime": {"datetime": "2024-01-20 15:59:40", "elapsed": 9272.575264, "delta": 0.005983}}
{"target": -10.474446398324883, "params": {"colsample_bytree": 0.9793574986021998, "eta": 0.007332599922258291, "gamma": 312.8050836612174, "max_depth": 7.0, "min_child_weight": 4833.444880032889, "num_boost_round": 20.0, "subsample": 0.9566021448231518}, "datetime": {"datetime": "2024-01-20 15:59:40", "elapsed": 9272.581248, "delta": 0.005984}}
{"target": -10.474389799018532, "params": {"colsample_bytree": 0.9793574986021998, "eta": 0.007332599922258291, "gamma": 312.8050836612174, "max_depth": 7.0, "min_child_weight": 4833.444880032889, "num_boost_round": 21.0, "subsample": 0.9566021448231518}, "datetime": {"datetime": "2024-01-20 15:59:40", "elapsed": 9272.587261, "delta": 0.006013}}
{"target": -10.474306461472555, "params": {"colsample_bytree": 0.9793574986021998, "eta": 0.007332599922258291, "gamma": 312.8050836612174, "max_depth": 7.0, "min_child_weight": 4833.444880032889, "num_boost_round": 22.0, "subsample": 0.9566021448231518}, "datetime": {"datetime": "2024-01-20 15:59:40", "elapsed": 9272.593251, "delta": 0.00599}}
{"target": -10.474264985020492, "params": {"colsample_bytree": 0.9793574986021998, "eta": 0.007332599922258291, "gamma": 312.8050836612174, "max_depth": 7.0, "min_child_weight": 4833.444880032889, "num_boost_round": 23.0, "subsample": 0.9566021448231518}, "datetime": {"datetime": "2024-01-20 15:59:40", "elapsed": 9272.599275, "delta": 0.006024}}
{"target": -10.474211670094178, "params": {"colsample_bytree": 0.9793574986021998, "eta": 0.007332599922258291, "gamma": 312.8050836612174, "max_depth": 7.0, "min_child_weight": 4833.444880032889, "num_boost_round": 24.0, "subsample": 0.9566021448231518}, "datetime": {"datetime": "2024-01-20 15:59:40", "elapsed": 9272.605233, "delta": 0.005958}}
{"target": -10.47417587882429, "params": {"colsample_bytree": 0.9793574986021998, "eta": 0.007332599922258291, "gamma": 312.8050836612174, "max_depth": 7.0, "min_child_weight": 4833.444880032889, "num_boost_round": 25.0, "subsample": 0.9566021448231518}, "datetime": {"datetime": "2024-01-20 15:59:40", "elapsed": 9272.611257, "delta": 0.006024}}
{"target": -10.474129472968635, "params": {"colsample_bytree": 0.9793574986021998, "eta": 0.007332599922258291, "gamma": 312.8050836612174, "max_depth": 7.0, "min_child_weight": 4833.444880032889, "num_boost_round": 26.0, "subsample": 0.9566021448231518}, "datetime": {"datetime": "2024-01-20 15:59:40", "elapsed": 9272.617239, "delta": 0.005982}}
{"target": -10.474092498896777, "params": {"colsample_bytree": 0.9793574986021998, "eta": 0.007332599922258291, "gamma": 312.8050836612174, "max_depth": 7.0, "min_child_weight": 4833.444880032889, "num_boost_round": 27.0, "subsample": 0.9566021448231518}, "datetime": {"datetime": "2024-01-20 15:59:40", "elapsed": 9272.623251, "delta": 0.006012}}
{"target": -10.474066948245714, "params": {"colsample_bytree": 0.9793574986021998, "eta": 0.007332599922258291, "gamma": 312.8050836612174, "max_depth": 7.0, "min_child_weight": 4833.444880032889, "num_boost_round": 28.0, "subsample": 0.9566021448231518}, "datetime": {"datetime": "2024-01-20 15:59:40", "elapsed": 9272.629259, "delta": 0.006008}}
{"target": -10.474034609711115, "params": {"colsample_bytree": 0.9793574986021998, "eta": 0.007332599922258291, "gamma": 312.8050836612174, "max_depth": 7.0, "min_child_weight": 4833.444880032889, "num_boost_round": 29.0, "subsample": 0.9566021448231518}, "datetime": {"datetime": "2024-01-20 15:59:40", "elapsed": 9272.635265, "delta": 0.006006}}
{"target": -10.474023205767594, "params": {"colsample_bytree": 0.9793574986021998, "eta": 0.007332599922258291, "gamma": 312.8050836612174, "max_depth": 7.0, "min_child_weight": 4833.444880032889, "num_boost_round": 30.0, "subsample": 0.9566021448231518}, "datetime": {"datetime": "2024-01-20 15:59:40", "elapsed": 9272.641242, "delta": 0.005977}}
{"target": -10.47400554203113, "params": {"colsample_bytree": 0.9793574986021998, "eta": 0.007332599922258291, "gamma": 312.8050836612174, "max_depth": 7.0, "min_child_weight": 4833.444880032889, "num_boost_round": 31.0, "subsample": 0.9566021448231518}, "datetime": {"datetime": "2024-01-20 15:59:40", "elapsed": 9272.647244, "delta": 0.006002}}
{"target": -10.473973562222149, "params": {"colsample_bytree": 0.9793574986021998, "eta": 0.007332599922258291, "gamma": 312.8050836612174, "max_depth": 7.0, "min_child_weight": 4833.444880032889, "num_boost_round": 32.0, "subsample": 0.9566021448231518}, "datetime": {"datetime": "2024-01-20 15:59:40", "elapsed": 9272.653264, "delta": 0.00602}}
{"target": -10.47396741875134, "params": {"colsample_bytree": 0.9793574986021998, "eta": 0.007332599922258291, "gamma": 312.8050836612174, "max_depth": 7.0, "min_child_weight": 4833.444880032889, "num_boost_round": 33.0, "subsample": 0.9566021448231518}, "datetime": {"datetime": "2024-01-20 15:59:40", "elapsed": 9272.659263, "delta": 0.005999}}
{"target": -10.473932390621865, "params": {"colsample_bytree": 0.9793574986021998, "eta": 0.007332599922258291, "gamma": 312.8050836612174, "max_depth": 7.0, "min_child_weight": 4833.444880032889, "num_boost_round": 34.0, "subsample": 0.9566021448231518}, "datetime": {"datetime": "2024-01-20 15:59:40", "elapsed": 9272.665276, "delta": 0.006013}}
{"target": -10.473924093666945, "params": {"colsample_bytree": 0.9793574986021998, "eta": 0.007332599922258291, "gamma": 312.8050836612174, "max_depth": 7.0, "min_child_weight": 4833.444880032889, "num_boost_round": 35.0, "subsample": 0.9566021448231518}, "datetime": {"datetime": "2024-01-20 15:59:40", "elapsed": 9272.671274, "delta": 0.005998}}
{"target": -10.473915125142561, "params": {"colsample_bytree": 0.9793574986021998, "eta": 0.007332599922258291, "gamma": 312.8050836612174, "max_depth": 7.0, "min_child_weight": 4833.444880032889, "num_boost_round": 36.0, "subsample": 0.9566021448231518}, "datetime": {"datetime": "2024-01-20 15:59:40", "elapsed": 9272.678351, "delta": 0.007077}}
{"target": -10.473862230497753, "params": {"colsample_bytree": 0.9793574986021998, "eta": 0.007332599922258291, "gamma": 312.8050836612174, "max_depth": 7.0, "min_child_weight": 4833.444880032889, "num_boost_round": 37.0, "subsample": 0.9566021448231518}, "datetime": {"datetime": "2024-01-20 15:59:40", "elapsed": 9272.684537, "delta": 0.006186}}
{"target": -10.473855665023933, "params": {"colsample_bytree": 0.9793574986021998, "eta": 0.007332599922258291, "gamma": 312.8050836612174, "max_depth": 7.0, "min_child_weight": 4833.444880032889, "num_boost_round": 38.0, "subsample": 0.9566021448231518}, "datetime": {"datetime": "2024-01-20 15:59:40", "elapsed": 9272.690656, "delta": 0.006119}}
{"target": -10.473864912042192, "params": {"colsample_bytree": 0.9793574986021998, "eta": 0.007332599922258291, "gamma": 312.8050836612174, "max_depth": 7.0, "min_child_weight": 4833.444880032889, "num_boost_round": 39.0, "subsample": 0.9566021448231518}, "datetime": {"datetime": "2024-01-20 15:59:40", "elapsed": 9272.696599, "delta": 0.005943}}
{"target": -10.473846112477968, "params": {"colsample_bytree": 0.9793574986021998, "eta": 0.007332599922258291, "gamma": 312.8050836612174, "max_depth": 7.0, "min_child_weight": 4833.444880032889, "num_boost_round": 40.0, "subsample": 0.9566021448231518}, "datetime": {"datetime": "2024-01-20 15:59:40", "elapsed": 9272.702575, "delta": 0.005976}}
{"target": -10.473831737642438, "params": {"colsample_bytree": 0.9793574986021998, "eta": 0.007332599922258291, "gamma": 312.8050836612174, "max_depth": 7.0, "min_child_weight": 4833.444880032889, "num_boost_round": 41.0, "subsample": 0.9566021448231518}, "datetime": {"datetime": "2024-01-20 15:59:40", "elapsed": 9272.708568, "delta": 0.005993}}
{"target": -10.473806075114574, "params": {"colsample_bytree": 0.9793574986021998, "eta": 0.007332599922258291, "gamma": 312.8050836612174, "max_depth": 7.0, "min_child_weight": 4833.444880032889, "num_boost_round": 42.0, "subsample": 0.9566021448231518}, "datetime": {"datetime": "2024-01-20 15:59:40", "elapsed": 9272.714524, "delta": 0.005956}}
{"target": -10.473803722188185, "params": {"colsample_bytree": 0.9793574986021998, "eta": 0.007332599922258291, "gamma": 312.8050836612174, "max_depth": 7.0, "min_child_weight": 4833.444880032889, "num_boost_round": 43.0, "subsample": 0.9566021448231518}, "datetime": {"datetime": "2024-01-20 15:59:40", "elapsed": 9272.720544, "delta": 0.00602}}
{"target": -10.473789490414044, "params": {"colsample_bytree": 0.9793574986021998, "eta": 0.007332599922258291, "gamma": 312.8050836612174, "max_depth": 7.0, "min_child_weight": 4833.444880032889, "num_boost_round": 44.0, "subsample": 0.9566021448231518}, "datetime": {"datetime": "2024-01-20 15:59:40", "elapsed": 9272.726562, "delta": 0.006018}}
{"target": -10.473762331478254, "params": {"colsample_bytree": 0.9793574986021998, "eta": 0.007332599922258291, "gamma": 312.8050836612174, "max_depth": 7.0, "min_child_weight": 4833.444880032889, "num_boost_round": 45.0, "subsample": 0.9566021448231518}, "datetime": {"datetime": "2024-01-20 15:59:40", "elapsed": 9272.732597, "delta": 0.006035}}
{"target": -10.473801419654656, "params": {"colsample_bytree": 0.9793574986021998, "eta": 0.007332599922258291, "gamma": 312.8050836612174, "max_depth": 7.0, "min_child_weight": 4833.444880032889, "num_boost_round": 46.0, "subsample": 0.9566021448231518}, "datetime": {"datetime": "2024-01-20 15:59:40", "elapsed": 9272.738623, "delta": 0.006026}}
{"target": -10.47379167957273, "params": {"colsample_bytree": 0.9793574986021998, "eta": 0.007332599922258291, "gamma": 312.8050836612174, "max_depth": 7.0, "min_child_weight": 4833.444880032889, "num_boost_round": 47.0, "subsample": 0.9566021448231518}, "datetime": {"datetime": "2024-01-20 15:59:40", "elapsed": 9272.744597, "delta": 0.005974}}
{"target": -10.4737948910477, "params": {"colsample_bytree": 0.9793574986021998, "eta": 0.007332599922258291, "gamma": 312.8050836612174, "max_depth": 7.0, "min_child_weight": 4833.444880032889, "num_boost_round": 48.0, "subsample": 0.9566021448231518}, "datetime": {"datetime": "2024-01-20 15:59:40", "elapsed": 9272.750618, "delta": 0.006021}}
{"target": -10.47380639204294, "params": {"colsample_bytree": 0.9793574986021998, "eta": 0.007332599922258291, "gamma": 312.8050836612174, "max_depth": 7.0, "min_child_weight": 4833.444880032889, "num_boost_round": 49.0, "subsample": 0.9566021448231518}, "datetime": {"datetime": "2024-01-20 15:59:40", "elapsed": 9272.756664, "delta": 0.006046}}
{"target": -10.473804183575439, "params": {"colsample_bytree": 0.9793574986021998, "eta": 0.007332599922258291, "gamma": 312.8050836612174, "max_depth": 7.0, "min_child_weight": 4833.444880032889, "num_boost_round": 50.0, "subsample": 0.9566021448231518}, "datetime": {"datetime": "2024-01-20 15:59:40", "elapsed": 9272.762676, "delta": 0.006012}}
{"target": -10.473781378027857, "params": {"colsample_bytree": 0.9793574986021998, "eta": 0.007332599922258291, "gamma": 312.8050836612174, "max_depth": 7.0, "min_child_weight": 4833.444880032889, "num_boost_round": 51.0, "subsample": 0.9566021448231518}, "datetime": {"datetime": "2024-01-20 15:59:40", "elapsed": 9272.768699, "delta": 0.006023}}
{"target": -10.473797892682036, "params": {"colsample_bytree": 0.9793574986021998, "eta": 0.007332599922258291, "gamma": 312.8050836612174, "max_depth": 7.0, "min_child_weight": 4833.444880032889, "num_boost_round": 52.0, "subsample": 0.9566021448231518}, "datetime": {"datetime": "2024-01-20 15:59:40", "elapsed": 9272.774917, "delta": 0.006218}}
{"target": -10.473783241529857, "params": {"colsample_bytree": 0.9793574986021998, "eta": 0.007332599922258291, "gamma": 312.8050836612174, "max_depth": 7.0, "min_child_weight": 4833.444880032889, "num_boost_round": 53.0, "subsample": 0.9566021448231518}, "datetime": {"datetime": "2024-01-20 15:59:40", "elapsed": 9272.780943, "delta": 0.006026}}
{"target": -10.473792000342197, "params": {"colsample_bytree": 0.9793574986021998, "eta": 0.007332599922258291, "gamma": 312.8050836612174, "max_depth": 7.0, "min_child_weight": 4833.444880032889, "num_boost_round": 54.0, "subsample": 0.9566021448231518}, "datetime": {"datetime": "2024-01-20 15:59:40", "elapsed": 9272.786991, "delta": 0.006048}}
{"target": -10.47378092026406, "params": {"colsample_bytree": 0.9793574986021998, "eta": 0.007332599922258291, "gamma": 312.8050836612174, "max_depth": 7.0, "min_child_weight": 4833.444880032889, "num_boost_round": 55.0, "subsample": 0.9566021448231518}, "datetime": {"datetime": "2024-01-20 15:59:40", "elapsed": 9272.793044, "delta": 0.006053}}
{"target": -10.475638910013078, "params": {"colsample_bytree": 0.5141084876084067, "eta": 0.08700999175804447, "gamma": 215.27916871951226, "max_depth": 4.0, "min_child_weight": 4891.754119748656, "num_boost_round": 1.0, "subsample": 0.4396465159414561}, "datetime": {"datetime": "2024-01-20 16:01:48", "elapsed": 9400.717028, "delta": 127.923984}}
{"target": -10.474749510340047, "params": {"colsample_bytree": 0.5141084876084067, "eta": 0.08700999175804447, "gamma": 215.27916871951226, "max_depth": 4.0, "min_child_weight": 4891.754119748656, "num_boost_round": 2.0, "subsample": 0.4396465159414561}, "datetime": {"datetime": "2024-01-20 16:01:48", "elapsed": 9400.725388, "delta": 0.00836}}
{"target": -10.47476706578109, "params": {"colsample_bytree": 0.5141084876084067, "eta": 0.08700999175804447, "gamma": 215.27916871951226, "max_depth": 4.0, "min_child_weight": 4891.754119748656, "num_boost_round": 3.0, "subsample": 0.4396465159414561}, "datetime": {"datetime": "2024-01-20 16:01:48", "elapsed": 9400.732538, "delta": 0.00715}}
{"target": -10.474444641517373, "params": {"colsample_bytree": 0.5141084876084067, "eta": 0.08700999175804447, "gamma": 215.27916871951226, "max_depth": 4.0, "min_child_weight": 4891.754119748656, "num_boost_round": 4.0, "subsample": 0.4396465159414561}, "datetime": {"datetime": "2024-01-20 16:01:48", "elapsed": 9400.739079, "delta": 0.006541}}
{"target": -10.474413742490496, "params": {"colsample_bytree": 0.5141084876084067, "eta": 0.08700999175804447, "gamma": 215.27916871951226, "max_depth": 4.0, "min_child_weight": 4891.754119748656, "num_boost_round": 5.0, "subsample": 0.4396465159414561}, "datetime": {"datetime": "2024-01-20 16:01:48", "elapsed": 9400.74539, "delta": 0.006311}}
{"target": -10.474165429143358, "params": {"colsample_bytree": 0.5141084876084067, "eta": 0.08700999175804447, "gamma": 215.27916871951226, "max_depth": 4.0, "min_child_weight": 4891.754119748656, "num_boost_round": 6.0, "subsample": 0.4396465159414561}, "datetime": {"datetime": "2024-01-20 16:01:48", "elapsed": 9400.75226, "delta": 0.00687}}
{"target": -10.47416494078601, "params": {"colsample_bytree": 0.5141084876084067, "eta": 0.08700999175804447, "gamma": 215.27916871951226, "max_depth": 4.0, "min_child_weight": 4891.754119748656, "num_boost_round": 7.0, "subsample": 0.4396465159414561}, "datetime": {"datetime": "2024-01-20 16:01:48", "elapsed": 9400.758896, "delta": 0.006636}}
{"target": -10.474094510515279, "params": {"colsample_bytree": 0.5141084876084067, "eta": 0.08700999175804447, "gamma": 215.27916871951226, "max_depth": 4.0, "min_child_weight": 4891.754119748656, "num_boost_round": 8.0, "subsample": 0.4396465159414561}, "datetime": {"datetime": "2024-01-20 16:01:48", "elapsed": 9400.76524, "delta": 0.006344}}
{"target": -10.474297589182449, "params": {"colsample_bytree": 0.5141084876084067, "eta": 0.08700999175804447, "gamma": 215.27916871951226, "max_depth": 4.0, "min_child_weight": 4891.754119748656, "num_boost_round": 9.0, "subsample": 0.4396465159414561}, "datetime": {"datetime": "2024-01-20 16:01:48", "elapsed": 9400.771499, "delta": 0.006259}}
{"target": -10.474293882786764, "params": {"colsample_bytree": 0.5141084876084067, "eta": 0.08700999175804447, "gamma": 215.27916871951226, "max_depth": 4.0, "min_child_weight": 4891.754119748656, "num_boost_round": 10.0, "subsample": 0.4396465159414561}, "datetime": {"datetime": "2024-01-20 16:01:48", "elapsed": 9400.7843, "delta": 0.012801}}
{"target": -10.47468160673947, "params": {"colsample_bytree": 0.5141084876084067, "eta": 0.08700999175804447, "gamma": 215.27916871951226, "max_depth": 4.0, "min_child_weight": 4891.754119748656, "num_boost_round": 11.0, "subsample": 0.4396465159414561}, "datetime": {"datetime": "2024-01-20 16:01:48", "elapsed": 9400.791058, "delta": 0.006758}}
