{"target": -12.345239340838123, "params": {"colsample_bytree": 0.4418498479822146, "eta": 0.09725454685878912, "gamma": 500.128252568566, "max_depth": 3.0, "min_child_weight": 4253.805465907338, "num_boost_round": 31.0, "subsample": 0.9736337213589688}, "datetime": {"datetime": "2024-01-20 16:44:01", "elapsed": 8407.736071, "delta": 0.009011}}
{"target": -12.345401345498745, "params": {"colsample_bytree": 0.4418498479822146, "eta": 0.09725454685878912, "gamma": 500.128252568566, "max_depth": 3.0, "min_child_weight": 4253.805465907338, "num_boost_round": 32.0, "subsample": 0.9736337213589688}, "datetime": {"datetime": "2024-01-20 16:44:01", "elapsed": 8407.74473, "delta": 0.008659}}
{"target": -12.345569580905787, "params": {"colsample_bytree": 0.4418498479822146, "eta": 0.09725454685878912, "gamma": 500.128252568566, "max_depth": 3.0, "min_child_weight": 4253.805465907338, "num_boost_round": 33.0, "subsample": 0.9736337213589688}, "datetime": {"datetime": "2024-01-20 16:44:01", "elapsed": 8407.753438, "delta": 0.008708}}
{"target": -12.356713837509608, "params": {"colsample_bytree": 0.27802300036058897, "eta": 0.07311583830167234, "gamma": 637.1852378127599, "max_depth": 5.0, "min_child_weight": 4262.64913579929, "num_boost_round": 1.0, "subsample": 0.7400571857828705}, "datetime": {"datetime": "2024-01-20 16:47:19", "elapsed": 8605.514824, "delta": 197.761386}}
{"target": -12.355197025693212, "params": {"colsample_bytree": 0.27802300036058897, "eta": 0.07311583830167234, "gamma": 637.1852378127599, "max_depth": 5.0, "min_child_weight": 4262.64913579929, "num_boost_round": 2.0, "subsample": 0.7400571857828705}, "datetime": {"datetime": "2024-01-20 16:47:19", "elapsed": 8605.523727, "delta": 0.008903}}
{"target": -12.3514772754435, "params": {"colsample_bytree": 0.27802300036058897, "eta": 0.07311583830167234, "gamma": 637.1852378127599, "max_depth": 5.0, "min_child_weight": 4262.64913579929, "num_boost_round": 3.0, "subsample": 0.7400571857828705}, "datetime": {"datetime": "2024-01-20 16:47:19", "elapsed": 8605.530664, "delta": 0.006937}}
{"target": -12.35183703748892, "params": {"colsample_bytree": 0.27802300036058897, "eta": 0.07311583830167234, "gamma": 637.1852378127599, "max_depth": 5.0, "min_child_weight": 4262.64913579929, "num_boost_round": 4.0, "subsample": 0.7400571857828705}, "datetime": {"datetime": "2024-01-20 16:47:19", "elapsed": 8605.537616, "delta": 0.006952}}
{"target": -12.350523091222714, "params": {"colsample_bytree": 0.27802300036058897, "eta": 0.07311583830167234, "gamma": 637.1852378127599, "max_depth": 5.0, "min_child_weight": 4262.64913579929, "num_boost_round": 5.0, "subsample": 0.7400571857828705}, "datetime": {"datetime": "2024-01-20 16:47:19", "elapsed": 8605.54493, "delta": 0.007314}}
{"target": -12.349296085494823, "params": {"colsample_bytree": 0.27802300036058897, "eta": 0.07311583830167234, "gamma": 637.1852378127599, "max_depth": 5.0, "min_child_weight": 4262.64913579929, "num_boost_round": 6.0, "subsample": 0.7400571857828705}, "datetime": {"datetime": "2024-01-20 16:47:19", "elapsed": 8605.551972, "delta": 0.007042}}
{"target": -12.34954528681439, "params": {"colsample_bytree": 0.27802300036058897, "eta": 0.07311583830167234, "gamma": 637.1852378127599, "max_depth": 5.0, "min_child_weight": 4262.64913579929, "num_boost_round": 7.0, "subsample": 0.7400571857828705}, "datetime": {"datetime": "2024-01-20 16:47:19", "elapsed": 8605.558919, "delta": 0.006947}}
{"target": -12.34826586940521, "params": {"colsample_bytree": 0.27802300036058897, "eta": 0.07311583830167234, "gamma": 637.1852378127599, "max_depth": 5.0, "min_child_weight": 4262.64913579929, "num_boost_round": 8.0, "subsample": 0.7400571857828705}, "datetime": {"datetime": "2024-01-20 16:47:19", "elapsed": 8605.565888, "delta": 0.006969}}
{"target": -12.348329441830877, "params": {"colsample_bytree": 0.27802300036058897, "eta": 0.07311583830167234, "gamma": 637.1852378127599, "max_depth": 5.0, "min_child_weight": 4262.64913579929, "num_boost_round": 9.0, "subsample": 0.7400571857828705}, "datetime": {"datetime": "2024-01-20 16:47:19", "elapsed": 8605.573166, "delta": 0.007278}}
{"target": -12.348182854900259, "params": {"colsample_bytree": 0.27802300036058897, "eta": 0.07311583830167234, "gamma": 637.1852378127599, "max_depth": 5.0, "min_child_weight": 4262.64913579929, "num_boost_round": 10.0, "subsample": 0.7400571857828705}, "datetime": {"datetime": "2024-01-20 16:47:19", "elapsed": 8605.580276, "delta": 0.00711}}
{"target": -12.347524493147667, "params": {"colsample_bytree": 0.27802300036058897, "eta": 0.07311583830167234, "gamma": 637.1852378127599, "max_depth": 5.0, "min_child_weight": 4262.64913579929, "num_boost_round": 11.0, "subsample": 0.7400571857828705}, "datetime": {"datetime": "2024-01-20 16:47:19", "elapsed": 8605.587186, "delta": 0.00691}}
{"target": -12.34729810953937, "params": {"colsample_bytree": 0.27802300036058897, "eta": 0.07311583830167234, "gamma": 637.1852378127599, "max_depth": 5.0, "min_child_weight": 4262.64913579929, "num_boost_round": 12.0, "subsample": 0.7400571857828705}, "datetime": {"datetime": "2024-01-20 16:47:19", "elapsed": 8605.593993, "delta": 0.006807}}
{"target": -12.347994903932745, "params": {"colsample_bytree": 0.27802300036058897, "eta": 0.07311583830167234, "gamma": 637.1852378127599, "max_depth": 5.0, "min_child_weight": 4262.64913579929, "num_boost_round": 13.0, "subsample": 0.7400571857828705}, "datetime": {"datetime": "2024-01-20 16:47:19", "elapsed": 8605.601344, "delta": 0.007351}}
{"target": -12.347343445596515, "params": {"colsample_bytree": 0.27802300036058897, "eta": 0.07311583830167234, "gamma": 637.1852378127599, "max_depth": 5.0, "min_child_weight": 4262.64913579929, "num_boost_round": 14.0, "subsample": 0.7400571857828705}, "datetime": {"datetime": "2024-01-20 16:47:19", "elapsed": 8605.608395, "delta": 0.007051}}
{"target": -12.346339625541553, "params": {"colsample_bytree": 0.27802300036058897, "eta": 0.07311583830167234, "gamma": 637.1852378127599, "max_depth": 5.0, "min_child_weight": 4262.64913579929, "num_boost_round": 15.0, "subsample": 0.7400571857828705}, "datetime": {"datetime": "2024-01-20 16:47:19", "elapsed": 8605.615264, "delta": 0.006869}}
{"target": -12.345933692197207, "params": {"colsample_bytree": 0.27802300036058897, "eta": 0.07311583830167234, "gamma": 637.1852378127599, "max_depth": 5.0, "min_child_weight": 4262.64913579929, "num_boost_round": 16.0, "subsample": 0.7400571857828705}, "datetime": {"datetime": "2024-01-20 16:47:19", "elapsed": 8605.622407, "delta": 0.007143}}
{"target": -12.346433495251308, "params": {"colsample_bytree": 0.27802300036058897, "eta": 0.07311583830167234, "gamma": 637.1852378127599, "max_depth": 5.0, "min_child_weight": 4262.64913579929, "num_boost_round": 17.0, "subsample": 0.7400571857828705}, "datetime": {"datetime": "2024-01-20 16:47:19", "elapsed": 8605.629801, "delta": 0.007394}}
{"target": -12.346299528890544, "params": {"colsample_bytree": 0.27802300036058897, "eta": 0.07311583830167234, "gamma": 637.1852378127599, "max_depth": 5.0, "min_child_weight": 4262.64913579929, "num_boost_round": 18.0, "subsample": 0.7400571857828705}, "datetime": {"datetime": "2024-01-20 16:47:19", "elapsed": 8605.63706, "delta": 0.007259}}
{"target": -12.346092498633668, "params": {"colsample_bytree": 0.27802300036058897, "eta": 0.07311583830167234, "gamma": 637.1852378127599, "max_depth": 5.0, "min_child_weight": 4262.64913579929, "num_boost_round": 19.0, "subsample": 0.7400571857828705}, "datetime": {"datetime": "2024-01-20 16:47:19", "elapsed": 8605.643981, "delta": 0.006921}}
{"target": -12.345843274698314, "params": {"colsample_bytree": 0.27802300036058897, "eta": 0.07311583830167234, "gamma": 637.1852378127599, "max_depth": 5.0, "min_child_weight": 4262.64913579929, "num_boost_round": 20.0, "subsample": 0.7400571857828705}, "datetime": {"datetime": "2024-01-20 16:47:19", "elapsed": 8605.650905, "delta": 0.006924}}
{"target": -12.345867449012117, "params": {"colsample_bytree": 0.27802300036058897, "eta": 0.07311583830167234, "gamma": 637.1852378127599, "max_depth": 5.0, "min_child_weight": 4262.64913579929, "num_boost_round": 21.0, "subsample": 0.7400571857828705}, "datetime": {"datetime": "2024-01-20 16:47:19", "elapsed": 8605.662559, "delta": 0.011654}}
{"target": -12.345921007375601, "params": {"colsample_bytree": 0.27802300036058897, "eta": 0.07311583830167234, "gamma": 637.1852378127599, "max_depth": 5.0, "min_child_weight": 4262.64913579929, "num_boost_round": 22.0, "subsample": 0.7400571857828705}, "datetime": {"datetime": "2024-01-20 16:47:19", "elapsed": 8605.674867, "delta": 0.012308}}
{"target": -12.344989727547016, "params": {"colsample_bytree": 0.27802300036058897, "eta": 0.07311583830167234, "gamma": 637.1852378127599, "max_depth": 5.0, "min_child_weight": 4262.64913579929, "num_boost_round": 23.0, "subsample": 0.7400571857828705}, "datetime": {"datetime": "2024-01-20 16:47:19", "elapsed": 8605.684924, "delta": 0.010057}}
{"target": -12.345359363049784, "params": {"colsample_bytree": 0.27802300036058897, "eta": 0.07311583830167234, "gamma": 637.1852378127599, "max_depth": 5.0, "min_child_weight": 4262.64913579929, "num_boost_round": 24.0, "subsample": 0.7400571857828705}, "datetime": {"datetime": "2024-01-20 16:47:19", "elapsed": 8605.693311, "delta": 0.008387}}
{"target": -12.344374828723867, "params": {"colsample_bytree": 0.27802300036058897, "eta": 0.07311583830167234, "gamma": 637.1852378127599, "max_depth": 5.0, "min_child_weight": 4262.64913579929, "num_boost_round": 25.0, "subsample": 0.7400571857828705}, "datetime": {"datetime": "2024-01-20 16:47:19", "elapsed": 8605.701431, "delta": 0.00812}}
{"target": -12.357079528486125, "params": {"colsample_bytree": 0.26221668876362814, "eta": 0.05672379825111849, "gamma": 646.2292888394659, "max_depth": 2.0, "min_child_weight": 4242.1435162640955, "num_boost_round": 1.0, "subsample": 0.7629776724961812}, "datetime": {"datetime": "2024-01-20 16:50:18", "elapsed": 8784.63516, "delta": 178.933729}}
{"target": -12.355790433443074, "params": {"colsample_bytree": 0.26221668876362814, "eta": 0.05672379825111849, "gamma": 646.2292888394659, "max_depth": 2.0, "min_child_weight": 4242.1435162640955, "num_boost_round": 2.0, "subsample": 0.7629776724961812}, "datetime": {"datetime": "2024-01-20 16:50:18", "elapsed": 8784.645733, "delta": 0.010573}}
{"target": -12.353071443384955, "params": {"colsample_bytree": 0.26221668876362814, "eta": 0.05672379825111849, "gamma": 646.2292888394659, "max_depth": 2.0, "min_child_weight": 4242.1435162640955, "num_boost_round": 3.0, "subsample": 0.7629776724961812}, "datetime": {"datetime": "2024-01-20 16:50:18", "elapsed": 8784.653786, "delta": 0.008053}}
{"target": -12.353479592346279, "params": {"colsample_bytree": 0.26221668876362814, "eta": 0.05672379825111849, "gamma": 646.2292888394659, "max_depth": 2.0, "min_child_weight": 4242.1435162640955, "num_boost_round": 4.0, "subsample": 0.7629776724961812}, "datetime": {"datetime": "2024-01-20 16:50:18", "elapsed": 8784.661278, "delta": 0.007492}}
{"target": -12.35365473234945, "params": {"colsample_bytree": 0.26221668876362814, "eta": 0.05672379825111849, "gamma": 646.2292888394659, "max_depth": 2.0, "min_child_weight": 4242.1435162640955, "num_boost_round": 5.0, "subsample": 0.7629776724961812}, "datetime": {"datetime": "2024-01-20 16:50:18", "elapsed": 8784.668906, "delta": 0.007628}}
{"target": -12.352401809946402, "params": {"colsample_bytree": 0.26221668876362814, "eta": 0.05672379825111849, "gamma": 646.2292888394659, "max_depth": 2.0, "min_child_weight": 4242.1435162640955, "num_boost_round": 6.0, "subsample": 0.7629776724961812}, "datetime": {"datetime": "2024-01-20 16:50:18", "elapsed": 8784.676729, "delta": 0.007823}}
{"target": -12.352713216878973, "params": {"colsample_bytree": 0.26221668876362814, "eta": 0.05672379825111849, "gamma": 646.2292888394659, "max_depth": 2.0, "min_child_weight": 4242.1435162640955, "num_boost_round": 7.0, "subsample": 0.7629776724961812}, "datetime": {"datetime": "2024-01-20 16:50:18", "elapsed": 8784.684082, "delta": 0.007353}}
{"target": -12.351547741244719, "params": {"colsample_bytree": 0.26221668876362814, "eta": 0.05672379825111849, "gamma": 646.2292888394659, "max_depth": 2.0, "min_child_weight": 4242.1435162640955, "num_boost_round": 8.0, "subsample": 0.7629776724961812}, "datetime": {"datetime": "2024-01-20 16:50:18", "elapsed": 8784.691136, "delta": 0.007054}}
{"target": -12.351644499688977, "params": {"colsample_bytree": 0.26221668876362814, "eta": 0.05672379825111849, "gamma": 646.2292888394659, "max_depth": 2.0, "min_child_weight": 4242.1435162640955, "num_boost_round": 9.0, "subsample": 0.7629776724961812}, "datetime": {"datetime": "2024-01-20 16:50:18", "elapsed": 8784.698809, "delta": 0.007673}}
{"target": -12.350892294724158, "params": {"colsample_bytree": 0.26221668876362814, "eta": 0.05672379825111849, "gamma": 646.2292888394659, "max_depth": 2.0, "min_child_weight": 4242.1435162640955, "num_boost_round": 10.0, "subsample": 0.7629776724961812}, "datetime": {"datetime": "2024-01-20 16:50:18", "elapsed": 8784.706699, "delta": 0.00789}}
{"target": -12.349970437955845, "params": {"colsample_bytree": 0.26221668876362814, "eta": 0.05672379825111849, "gamma": 646.2292888394659, "max_depth": 2.0, "min_child_weight": 4242.1435162640955, "num_boost_round": 11.0, "subsample": 0.7629776724961812}, "datetime": {"datetime": "2024-01-20 16:50:18", "elapsed": 8784.713894, "delta": 0.007195}}
{"target": -12.34938386579237, "params": {"colsample_bytree": 0.26221668876362814, "eta": 0.05672379825111849, "gamma": 646.2292888394659, "max_depth": 2.0, "min_child_weight": 4242.1435162640955, "num_boost_round": 12.0, "subsample": 0.7629776724961812}, "datetime": {"datetime": "2024-01-20 16:50:18", "elapsed": 8784.721313, "delta": 0.007419}}
{"target": -12.349607389391352, "params": {"colsample_bytree": 0.26221668876362814, "eta": 0.05672379825111849, "gamma": 646.2292888394659, "max_depth": 2.0, "min_child_weight": 4242.1435162640955, "num_boost_round": 13.0, "subsample": 0.7629776724961812}, "datetime": {"datetime": "2024-01-20 16:50:18", "elapsed": 8784.729593, "delta": 0.00828}}
{"target": -12.349690889565695, "params": {"colsample_bytree": 0.26221668876362814, "eta": 0.05672379825111849, "gamma": 646.2292888394659, "max_depth": 2.0, "min_child_weight": 4242.1435162640955, "num_boost_round": 14.0, "subsample": 0.7629776724961812}, "datetime": {"datetime": "2024-01-20 16:50:18", "elapsed": 8784.737454, "delta": 0.007861}}
{"target": -12.34861316216325, "params": {"colsample_bytree": 0.26221668876362814, "eta": 0.05672379825111849, "gamma": 646.2292888394659, "max_depth": 2.0, "min_child_weight": 4242.1435162640955, "num_boost_round": 15.0, "subsample": 0.7629776724961812}, "datetime": {"datetime": "2024-01-20 16:50:18", "elapsed": 8784.744721, "delta": 0.007267}}
{"target": -12.34778901427432, "params": {"colsample_bytree": 0.26221668876362814, "eta": 0.05672379825111849, "gamma": 646.2292888394659, "max_depth": 2.0, "min_child_weight": 4242.1435162640955, "num_boost_round": 16.0, "subsample": 0.7629776724961812}, "datetime": {"datetime": "2024-01-20 16:50:18", "elapsed": 8784.752123, "delta": 0.007402}}
{"target": -12.348101751833866, "params": {"colsample_bytree": 0.26221668876362814, "eta": 0.05672379825111849, "gamma": 646.2292888394659, "max_depth": 2.0, "min_child_weight": 4242.1435162640955, "num_boost_round": 17.0, "subsample": 0.7629776724961812}, "datetime": {"datetime": "2024-01-20 16:50:18", "elapsed": 8784.760025, "delta": 0.007902}}
{"target": -12.348189099830812, "params": {"colsample_bytree": 0.26221668876362814, "eta": 0.05672379825111849, "gamma": 646.2292888394659, "max_depth": 2.0, "min_child_weight": 4242.1435162640955, "num_boost_round": 18.0, "subsample": 0.7629776724961812}, "datetime": {"datetime": "2024-01-20 16:50:18", "elapsed": 8784.767876, "delta": 0.007851}}
{"target": -12.348243475656094, "params": {"colsample_bytree": 0.26221668876362814, "eta": 0.05672379825111849, "gamma": 646.2292888394659, "max_depth": 2.0, "min_child_weight": 4242.1435162640955, "num_boost_round": 19.0, "subsample": 0.7629776724961812}, "datetime": {"datetime": "2024-01-20 16:50:18", "elapsed": 8784.775491, "delta": 0.007615}}
{"target": -12.348243187826794, "params": {"colsample_bytree": 0.26221668876362814, "eta": 0.05672379825111849, "gamma": 646.2292888394659, "max_depth": 2.0, "min_child_weight": 4242.1435162640955, "num_boost_round": 20.0, "subsample": 0.7629776724961812}, "datetime": {"datetime": "2024-01-20 16:50:18", "elapsed": 8784.783455, "delta": 0.007964}}
{"target": -12.348412444493828, "params": {"colsample_bytree": 0.26221668876362814, "eta": 0.05672379825111849, "gamma": 646.2292888394659, "max_depth": 2.0, "min_child_weight": 4242.1435162640955, "num_boost_round": 21.0, "subsample": 0.7629776724961812}, "datetime": {"datetime": "2024-01-20 16:50:18", "elapsed": 8784.791174, "delta": 0.007719}}
{"target": -12.348483945952635, "params": {"colsample_bytree": 0.26221668876362814, "eta": 0.05672379825111849, "gamma": 646.2292888394659, "max_depth": 2.0, "min_child_weight": 4242.1435162640955, "num_boost_round": 22.0, "subsample": 0.7629776724961812}, "datetime": {"datetime": "2024-01-20 16:50:18", "elapsed": 8784.79879, "delta": 0.007616}}
{"target": -12.348512123312466, "params": {"colsample_bytree": 0.26221668876362814, "eta": 0.05672379825111849, "gamma": 646.2292888394659, "max_depth": 2.0, "min_child_weight": 4242.1435162640955, "num_boost_round": 23.0, "subsample": 0.7629776724961812}, "datetime": {"datetime": "2024-01-20 16:50:18", "elapsed": 8784.806101, "delta": 0.007311}}
{"target": -12.3488195324833, "params": {"colsample_bytree": 0.26221668876362814, "eta": 0.05672379825111849, "gamma": 646.2292888394659, "max_depth": 2.0, "min_child_weight": 4242.1435162640955, "num_boost_round": 24.0, "subsample": 0.7629776724961812}, "datetime": {"datetime": "2024-01-20 16:50:18", "elapsed": 8784.813973, "delta": 0.007872}}
{"target": -12.347287603936572, "params": {"colsample_bytree": 0.26221668876362814, "eta": 0.05672379825111849, "gamma": 646.2292888394659, "max_depth": 2.0, "min_child_weight": 4242.1435162640955, "num_boost_round": 25.0, "subsample": 0.7629776724961812}, "datetime": {"datetime": "2024-01-20 16:50:18", "elapsed": 8784.821353, "delta": 0.00738}}
{"target": -12.34733851762671, "params": {"colsample_bytree": 0.26221668876362814, "eta": 0.05672379825111849, "gamma": 646.2292888394659, "max_depth": 2.0, "min_child_weight": 4242.1435162640955, "num_boost_round": 26.0, "subsample": 0.7629776724961812}, "datetime": {"datetime": "2024-01-20 16:50:18", "elapsed": 8784.828771, "delta": 0.007418}}
{"target": -12.347480184844375, "params": {"colsample_bytree": 0.26221668876362814, "eta": 0.05672379825111849, "gamma": 646.2292888394659, "max_depth": 2.0, "min_child_weight": 4242.1435162640955, "num_boost_round": 27.0, "subsample": 0.7629776724961812}, "datetime": {"datetime": "2024-01-20 16:50:18", "elapsed": 8784.836139, "delta": 0.007368}}
{"target": -12.34751539790383, "params": {"colsample_bytree": 0.26221668876362814, "eta": 0.05672379825111849, "gamma": 646.2292888394659, "max_depth": 2.0, "min_child_weight": 4242.1435162640955, "num_boost_round": 28.0, "subsample": 0.7629776724961812}, "datetime": {"datetime": "2024-01-20 16:50:18", "elapsed": 8784.845304, "delta": 0.009165}}
{"target": -12.347498001989674, "params": {"colsample_bytree": 0.26221668876362814, "eta": 0.05672379825111849, "gamma": 646.2292888394659, "max_depth": 2.0, "min_child_weight": 4242.1435162640955, "num_boost_round": 29.0, "subsample": 0.7629776724961812}, "datetime": {"datetime": "2024-01-20 16:50:18", "elapsed": 8784.858562, "delta": 0.013258}}
{"target": -12.346968322209797, "params": {"colsample_bytree": 0.26221668876362814, "eta": 0.05672379825111849, "gamma": 646.2292888394659, "max_depth": 2.0, "min_child_weight": 4242.1435162640955, "num_boost_round": 30.0, "subsample": 0.7629776724961812}, "datetime": {"datetime": "2024-01-20 16:50:18", "elapsed": 8784.870429, "delta": 0.011867}}
{"target": -12.345626067439495, "params": {"colsample_bytree": 0.26221668876362814, "eta": 0.05672379825111849, "gamma": 646.2292888394659, "max_depth": 2.0, "min_child_weight": 4242.1435162640955, "num_boost_round": 31.0, "subsample": 0.7629776724961812}, "datetime": {"datetime": "2024-01-20 16:50:18", "elapsed": 8784.87924, "delta": 0.008811}}
{"target": -12.345574232843664, "params": {"colsample_bytree": 0.26221668876362814, "eta": 0.05672379825111849, "gamma": 646.2292888394659, "max_depth": 2.0, "min_child_weight": 4242.1435162640955, "num_boost_round": 32.0, "subsample": 0.7629776724961812}, "datetime": {"datetime": "2024-01-20 16:50:18", "elapsed": 8784.887025, "delta": 0.007785}}
{"target": -12.345849241400948, "params": {"colsample_bytree": 0.26221668876362814, "eta": 0.05672379825111849, "gamma": 646.2292888394659, "max_depth": 2.0, "min_child_weight": 4242.1435162640955, "num_boost_round": 33.0, "subsample": 0.7629776724961812}, "datetime": {"datetime": "2024-01-20 16:50:18", "elapsed": 8784.894183, "delta": 0.007158}}
{"target": -12.345922617978282, "params": {"colsample_bytree": 0.26221668876362814, "eta": 0.05672379825111849, "gamma": 646.2292888394659, "max_depth": 2.0, "min_child_weight": 4242.1435162640955, "num_boost_round": 34.0, "subsample": 0.7629776724961812}, "datetime": {"datetime": "2024-01-20 16:50:18", "elapsed": 8784.901751, "delta": 0.007568}}
{"target": -12.346282559749174, "params": {"colsample_bytree": 0.26221668876362814, "eta": 0.05672379825111849, "gamma": 646.2292888394659, "max_depth": 2.0, "min_child_weight": 4242.1435162640955, "num_boost_round": 35.0, "subsample": 0.7629776724961812}, "datetime": {"datetime": "2024-01-20 16:50:18", "elapsed": 8784.909613, "delta": 0.007862}}
