{"target": -12.357912929537125, "params": {"colsample_bytree": 0.10634185339635877, "eta": 0.007193376247727477, "gamma": 564.7327881660354, "max_depth": 8.0, "min_child_weight": 4219.646340652563, "num_boost_round": 16.0, "subsample": 0.5509336033431237}, "datetime": {"datetime": "2024-01-20 15:05:16", "elapsed": 2482.989439, "delta": 0.00351}}
{"target": -12.35792842002973, "params": {"colsample_bytree": 0.10634185339635877, "eta": 0.007193376247727477, "gamma": 564.7327881660354, "max_depth": 8.0, "min_child_weight": 4219.646340652563, "num_boost_round": 17.0, "subsample": 0.5509336033431237}, "datetime": {"datetime": "2024-01-20 15:05:16", "elapsed": 2482.992916, "delta": 0.003477}}
{"target": -12.357932575744979, "params": {"colsample_bytree": 0.10634185339635877, "eta": 0.007193376247727477, "gamma": 564.7327881660354, "max_depth": 8.0, "min_child_weight": 4219.646340652563, "num_boost_round": 18.0, "subsample": 0.5509336033431237}, "datetime": {"datetime": "2024-01-20 15:05:16", "elapsed": 2482.996462, "delta": 0.003546}}
{"target": -12.357910234937217, "params": {"colsample_bytree": 0.10634185339635877, "eta": 0.007193376247727477, "gamma": 564.7327881660354, "max_depth": 8.0, "min_child_weight": 4219.646340652563, "num_boost_round": 19.0, "subsample": 0.5509336033431237}, "datetime": {"datetime": "2024-01-20 15:05:16", "elapsed": 2483.000016, "delta": 0.003554}}
{"target": -12.357914929122336, "params": {"colsample_bytree": 0.10634185339635877, "eta": 0.007193376247727477, "gamma": 564.7327881660354, "max_depth": 8.0, "min_child_weight": 4219.646340652563, "num_boost_round": 20.0, "subsample": 0.5509336033431237}, "datetime": {"datetime": "2024-01-20 15:05:16", "elapsed": 2483.003636, "delta": 0.00362}}
{"target": -12.357888982926195, "params": {"colsample_bytree": 0.10634185339635877, "eta": 0.007193376247727477, "gamma": 564.7327881660354, "max_depth": 8.0, "min_child_weight": 4219.646340652563, "num_boost_round": 21.0, "subsample": 0.5509336033431237}, "datetime": {"datetime": "2024-01-20 15:05:16", "elapsed": 2483.007113, "delta": 0.003477}}
{"target": -12.358014585204906, "params": {"colsample_bytree": 0.31858310205693674, "eta": 0.024754967769054656, "gamma": 505.77103906876863, "max_depth": 6.0, "min_child_weight": 4226.968818116399, "num_boost_round": 1.0, "subsample": 0.9313478607765385}, "datetime": {"datetime": "2024-01-20 15:05:55", "elapsed": 2522.011918, "delta": 39.004805}}
{"target": -12.357396772549826, "params": {"colsample_bytree": 0.31858310205693674, "eta": 0.024754967769054656, "gamma": 505.77103906876863, "max_depth": 6.0, "min_child_weight": 4226.968818116399, "num_boost_round": 2.0, "subsample": 0.9313478607765385}, "datetime": {"datetime": "2024-01-20 15:05:55", "elapsed": 2522.016566, "delta": 0.004648}}
{"target": -12.35577018771323, "params": {"colsample_bytree": 0.31858310205693674, "eta": 0.024754967769054656, "gamma": 505.77103906876863, "max_depth": 6.0, "min_child_weight": 4226.968818116399, "num_boost_round": 3.0, "subsample": 0.9313478607765385}, "datetime": {"datetime": "2024-01-20 15:05:55", "elapsed": 2522.020337, "delta": 0.003771}}
{"target": -12.355841320222472, "params": {"colsample_bytree": 0.31858310205693674, "eta": 0.024754967769054656, "gamma": 505.77103906876863, "max_depth": 6.0, "min_child_weight": 4226.968818116399, "num_boost_round": 4.0, "subsample": 0.9313478607765385}, "datetime": {"datetime": "2024-01-20 15:05:55", "elapsed": 2522.024374, "delta": 0.004037}}
{"target": -12.355089768668257, "params": {"colsample_bytree": 0.31858310205693674, "eta": 0.024754967769054656, "gamma": 505.77103906876863, "max_depth": 6.0, "min_child_weight": 4226.968818116399, "num_boost_round": 5.0, "subsample": 0.9313478607765385}, "datetime": {"datetime": "2024-01-20 15:05:55", "elapsed": 2522.027994, "delta": 0.00362}}
{"target": -12.354410817031136, "params": {"colsample_bytree": 0.31858310205693674, "eta": 0.024754967769054656, "gamma": 505.77103906876863, "max_depth": 6.0, "min_child_weight": 4226.968818116399, "num_boost_round": 6.0, "subsample": 0.9313478607765385}, "datetime": {"datetime": "2024-01-20 15:05:55", "elapsed": 2522.03166, "delta": 0.003666}}
{"target": -12.354404714194821, "params": {"colsample_bytree": 0.31858310205693674, "eta": 0.024754967769054656, "gamma": 505.77103906876863, "max_depth": 6.0, "min_child_weight": 4226.968818116399, "num_boost_round": 7.0, "subsample": 0.9313478607765385}, "datetime": {"datetime": "2024-01-20 15:05:55", "elapsed": 2522.035256, "delta": 0.003596}}
{"target": -12.353769697288953, "params": {"colsample_bytree": 0.31858310205693674, "eta": 0.024754967769054656, "gamma": 505.77103906876863, "max_depth": 6.0, "min_child_weight": 4226.968818116399, "num_boost_round": 8.0, "subsample": 0.9313478607765385}, "datetime": {"datetime": "2024-01-20 15:05:55", "elapsed": 2522.039049, "delta": 0.003793}}
{"target": -12.353786991040748, "params": {"colsample_bytree": 0.31858310205693674, "eta": 0.024754967769054656, "gamma": 505.77103906876863, "max_depth": 6.0, "min_child_weight": 4226.968818116399, "num_boost_round": 9.0, "subsample": 0.9313478607765385}, "datetime": {"datetime": "2024-01-20 15:05:55", "elapsed": 2522.042627, "delta": 0.003578}}
{"target": -12.353411807246776, "params": {"colsample_bytree": 0.31858310205693674, "eta": 0.024754967769054656, "gamma": 505.77103906876863, "max_depth": 6.0, "min_child_weight": 4226.968818116399, "num_boost_round": 10.0, "subsample": 0.9313478607765385}, "datetime": {"datetime": "2024-01-20 15:05:55", "elapsed": 2522.046123, "delta": 0.003496}}
{"target": -12.352870922607917, "params": {"colsample_bytree": 0.31858310205693674, "eta": 0.024754967769054656, "gamma": 505.77103906876863, "max_depth": 6.0, "min_child_weight": 4226.968818116399, "num_boost_round": 11.0, "subsample": 0.9313478607765385}, "datetime": {"datetime": "2024-01-20 15:05:55", "elapsed": 2522.049613, "delta": 0.00349}}
{"target": -12.352520454525038, "params": {"colsample_bytree": 0.31858310205693674, "eta": 0.024754967769054656, "gamma": 505.77103906876863, "max_depth": 6.0, "min_child_weight": 4226.968818116399, "num_boost_round": 12.0, "subsample": 0.9313478607765385}, "datetime": {"datetime": "2024-01-20 15:05:55", "elapsed": 2522.053133, "delta": 0.00352}}
{"target": -12.352667230386045, "params": {"colsample_bytree": 0.31858310205693674, "eta": 0.024754967769054656, "gamma": 505.77103906876863, "max_depth": 6.0, "min_child_weight": 4226.968818116399, "num_boost_round": 13.0, "subsample": 0.9313478607765385}, "datetime": {"datetime": "2024-01-20 15:05:55", "elapsed": 2522.056689, "delta": 0.003556}}
{"target": -12.352100872867695, "params": {"colsample_bytree": 0.31858310205693674, "eta": 0.024754967769054656, "gamma": 505.77103906876863, "max_depth": 6.0, "min_child_weight": 4226.968818116399, "num_boost_round": 14.0, "subsample": 0.9313478607765385}, "datetime": {"datetime": "2024-01-20 15:05:55", "elapsed": 2522.060286, "delta": 0.003597}}
{"target": -12.35154806023277, "params": {"colsample_bytree": 0.31858310205693674, "eta": 0.024754967769054656, "gamma": 505.77103906876863, "max_depth": 6.0, "min_child_weight": 4226.968818116399, "num_boost_round": 15.0, "subsample": 0.9313478607765385}, "datetime": {"datetime": "2024-01-20 15:05:55", "elapsed": 2522.063928, "delta": 0.003642}}
{"target": -12.351111819293767, "params": {"colsample_bytree": 0.31858310205693674, "eta": 0.024754967769054656, "gamma": 505.77103906876863, "max_depth": 6.0, "min_child_weight": 4226.968818116399, "num_boost_round": 16.0, "subsample": 0.9313478607765385}, "datetime": {"datetime": "2024-01-20 15:05:55", "elapsed": 2522.067557, "delta": 0.003629}}
{"target": -12.351286724020799, "params": {"colsample_bytree": 0.31858310205693674, "eta": 0.024754967769054656, "gamma": 505.77103906876863, "max_depth": 6.0, "min_child_weight": 4226.968818116399, "num_boost_round": 17.0, "subsample": 0.9313478607765385}, "datetime": {"datetime": "2024-01-20 15:05:55", "elapsed": 2522.071094, "delta": 0.003537}}
{"target": -12.351221771713583, "params": {"colsample_bytree": 0.31858310205693674, "eta": 0.024754967769054656, "gamma": 505.77103906876863, "max_depth": 6.0, "min_child_weight": 4226.968818116399, "num_boost_round": 18.0, "subsample": 0.9313478607765385}, "datetime": {"datetime": "2024-01-20 15:05:55", "elapsed": 2522.074649, "delta": 0.003555}}
{"target": -12.35115192466644, "params": {"colsample_bytree": 0.31858310205693674, "eta": 0.024754967769054656, "gamma": 505.77103906876863, "max_depth": 6.0, "min_child_weight": 4226.968818116399, "num_boost_round": 19.0, "subsample": 0.9313478607765385}, "datetime": {"datetime": "2024-01-20 15:05:55", "elapsed": 2522.078252, "delta": 0.003603}}
{"target": -12.358020798954335, "params": {"colsample_bytree": 0.28325171590785797, "eta": 0.029107913994088352, "gamma": 597.3485388625137, "max_depth": 8.0, "min_child_weight": 4197.6091077931915, "num_boost_round": 1.0, "subsample": 0.9845654859798946}, "datetime": {"datetime": "2024-01-20 15:06:49", "elapsed": 2576.048864, "delta": 53.970612}}
{"target": -12.35707771770517, "params": {"colsample_bytree": 0.28325171590785797, "eta": 0.029107913994088352, "gamma": 597.3485388625137, "max_depth": 8.0, "min_child_weight": 4197.6091077931915, "num_boost_round": 2.0, "subsample": 0.9845654859798946}, "datetime": {"datetime": "2024-01-20 15:06:49", "elapsed": 2576.053715, "delta": 0.004851}}
{"target": -12.355235865778722, "params": {"colsample_bytree": 0.28325171590785797, "eta": 0.029107913994088352, "gamma": 597.3485388625137, "max_depth": 8.0, "min_child_weight": 4197.6091077931915, "num_boost_round": 3.0, "subsample": 0.9845654859798946}, "datetime": {"datetime": "2024-01-20 15:06:49", "elapsed": 2576.057676, "delta": 0.003961}}
{"target": -12.35531589540841, "params": {"colsample_bytree": 0.28325171590785797, "eta": 0.029107913994088352, "gamma": 597.3485388625137, "max_depth": 8.0, "min_child_weight": 4197.6091077931915, "num_boost_round": 4.0, "subsample": 0.9845654859798946}, "datetime": {"datetime": "2024-01-20 15:06:49", "elapsed": 2576.061456, "delta": 0.00378}}
{"target": -12.35447879680773, "params": {"colsample_bytree": 0.28325171590785797, "eta": 0.029107913994088352, "gamma": 597.3485388625137, "max_depth": 8.0, "min_child_weight": 4197.6091077931915, "num_boost_round": 5.0, "subsample": 0.9845654859798946}, "datetime": {"datetime": "2024-01-20 15:06:49", "elapsed": 2576.065219, "delta": 0.003763}}
{"target": -12.353720639746602, "params": {"colsample_bytree": 0.28325171590785797, "eta": 0.029107913994088352, "gamma": 597.3485388625137, "max_depth": 8.0, "min_child_weight": 4197.6091077931915, "num_boost_round": 6.0, "subsample": 0.9845654859798946}, "datetime": {"datetime": "2024-01-20 15:06:49", "elapsed": 2576.06888, "delta": 0.003661}}
{"target": -12.353603519418193, "params": {"colsample_bytree": 0.28325171590785797, "eta": 0.029107913994088352, "gamma": 597.3485388625137, "max_depth": 8.0, "min_child_weight": 4197.6091077931915, "num_boost_round": 7.0, "subsample": 0.9845654859798946}, "datetime": {"datetime": "2024-01-20 15:06:49", "elapsed": 2576.072402, "delta": 0.003522}}
{"target": -12.352803599108796, "params": {"colsample_bytree": 0.28325171590785797, "eta": 0.029107913994088352, "gamma": 597.3485388625137, "max_depth": 8.0, "min_child_weight": 4197.6091077931915, "num_boost_round": 8.0, "subsample": 0.9845654859798946}, "datetime": {"datetime": "2024-01-20 15:06:49", "elapsed": 2576.075929, "delta": 0.003527}}
{"target": -12.352828811338354, "params": {"colsample_bytree": 0.28325171590785797, "eta": 0.029107913994088352, "gamma": 597.3485388625137, "max_depth": 8.0, "min_child_weight": 4197.6091077931915, "num_boost_round": 9.0, "subsample": 0.9845654859798946}, "datetime": {"datetime": "2024-01-20 15:06:49", "elapsed": 2576.079565, "delta": 0.003636}}
{"target": -12.352498302846662, "params": {"colsample_bytree": 0.28325171590785797, "eta": 0.029107913994088352, "gamma": 597.3485388625137, "max_depth": 8.0, "min_child_weight": 4197.6091077931915, "num_boost_round": 10.0, "subsample": 0.9845654859798946}, "datetime": {"datetime": "2024-01-20 15:06:49", "elapsed": 2576.083156, "delta": 0.003591}}
{"target": -12.351974059548102, "params": {"colsample_bytree": 0.28325171590785797, "eta": 0.029107913994088352, "gamma": 597.3485388625137, "max_depth": 8.0, "min_child_weight": 4197.6091077931915, "num_boost_round": 11.0, "subsample": 0.9845654859798946}, "datetime": {"datetime": "2024-01-20 15:06:49", "elapsed": 2576.086711, "delta": 0.003555}}
{"target": -12.351439903289794, "params": {"colsample_bytree": 0.28325171590785797, "eta": 0.029107913994088352, "gamma": 597.3485388625137, "max_depth": 8.0, "min_child_weight": 4197.6091077931915, "num_boost_round": 12.0, "subsample": 0.9845654859798946}, "datetime": {"datetime": "2024-01-20 15:06:49", "elapsed": 2576.090259, "delta": 0.003548}}
{"target": -12.351673865512561, "params": {"colsample_bytree": 0.28325171590785797, "eta": 0.029107913994088352, "gamma": 597.3485388625137, "max_depth": 8.0, "min_child_weight": 4197.6091077931915, "num_boost_round": 13.0, "subsample": 0.9845654859798946}, "datetime": {"datetime": "2024-01-20 15:06:49", "elapsed": 2576.093862, "delta": 0.003603}}
{"target": -12.351087014369352, "params": {"colsample_bytree": 0.28325171590785797, "eta": 0.029107913994088352, "gamma": 597.3485388625137, "max_depth": 8.0, "min_child_weight": 4197.6091077931915, "num_boost_round": 14.0, "subsample": 0.9845654859798946}, "datetime": {"datetime": "2024-01-20 15:06:49", "elapsed": 2576.097418, "delta": 0.003556}}
{"target": -12.350595096782975, "params": {"colsample_bytree": 0.28325171590785797, "eta": 0.029107913994088352, "gamma": 597.3485388625137, "max_depth": 8.0, "min_child_weight": 4197.6091077931915, "num_boost_round": 15.0, "subsample": 0.9845654859798946}, "datetime": {"datetime": "2024-01-20 15:06:49", "elapsed": 2576.101054, "delta": 0.003636}}
{"target": -12.350152100494835, "params": {"colsample_bytree": 0.28325171590785797, "eta": 0.029107913994088352, "gamma": 597.3485388625137, "max_depth": 8.0, "min_child_weight": 4197.6091077931915, "num_boost_round": 16.0, "subsample": 0.9845654859798946}, "datetime": {"datetime": "2024-01-20 15:06:49", "elapsed": 2576.104627, "delta": 0.003573}}
{"target": -12.350197482976418, "params": {"colsample_bytree": 0.28325171590785797, "eta": 0.029107913994088352, "gamma": 597.3485388625137, "max_depth": 8.0, "min_child_weight": 4197.6091077931915, "num_boost_round": 17.0, "subsample": 0.9845654859798946}, "datetime": {"datetime": "2024-01-20 15:06:49", "elapsed": 2576.108177, "delta": 0.00355}}
{"target": -12.35012703962823, "params": {"colsample_bytree": 0.28325171590785797, "eta": 0.029107913994088352, "gamma": 597.3485388625137, "max_depth": 8.0, "min_child_weight": 4197.6091077931915, "num_boost_round": 18.0, "subsample": 0.9845654859798946}, "datetime": {"datetime": "2024-01-20 15:06:49", "elapsed": 2576.111817, "delta": 0.00364}}
{"target": -12.35006329419106, "params": {"colsample_bytree": 0.28325171590785797, "eta": 0.029107913994088352, "gamma": 597.3485388625137, "max_depth": 8.0, "min_child_weight": 4197.6091077931915, "num_boost_round": 19.0, "subsample": 0.9845654859798946}, "datetime": {"datetime": "2024-01-20 15:06:49", "elapsed": 2576.115381, "delta": 0.003564}}
{"target": -12.349669920161556, "params": {"colsample_bytree": 0.28325171590785797, "eta": 0.029107913994088352, "gamma": 597.3485388625137, "max_depth": 8.0, "min_child_weight": 4197.6091077931915, "num_boost_round": 20.0, "subsample": 0.9845654859798946}, "datetime": {"datetime": "2024-01-20 15:06:49", "elapsed": 2576.119148, "delta": 0.003767}}
{"target": -12.34968007882184, "params": {"colsample_bytree": 0.28325171590785797, "eta": 0.029107913994088352, "gamma": 597.3485388625137, "max_depth": 8.0, "min_child_weight": 4197.6091077931915, "num_boost_round": 21.0, "subsample": 0.9845654859798946}, "datetime": {"datetime": "2024-01-20 15:06:49", "elapsed": 2576.122864, "delta": 0.003716}}
{"target": -12.349699638885056, "params": {"colsample_bytree": 0.28325171590785797, "eta": 0.029107913994088352, "gamma": 597.3485388625137, "max_depth": 8.0, "min_child_weight": 4197.6091077931915, "num_boost_round": 22.0, "subsample": 0.9845654859798946}, "datetime": {"datetime": "2024-01-20 15:06:49", "elapsed": 2576.126635, "delta": 0.003771}}
{"target": -12.349043787547092, "params": {"colsample_bytree": 0.28325171590785797, "eta": 0.029107913994088352, "gamma": 597.3485388625137, "max_depth": 8.0, "min_child_weight": 4197.6091077931915, "num_boost_round": 23.0, "subsample": 0.9845654859798946}, "datetime": {"datetime": "2024-01-20 15:06:49", "elapsed": 2576.130335, "delta": 0.0037}}
{"target": -12.349175930855711, "params": {"colsample_bytree": 0.28325171590785797, "eta": 0.029107913994088352, "gamma": 597.3485388625137, "max_depth": 8.0, "min_child_weight": 4197.6091077931915, "num_boost_round": 24.0, "subsample": 0.9845654859798946}, "datetime": {"datetime": "2024-01-20 15:06:49", "elapsed": 2576.133924, "delta": 0.003589}}
{"target": -12.348210101844584, "params": {"colsample_bytree": 0.28325171590785797, "eta": 0.029107913994088352, "gamma": 597.3485388625137, "max_depth": 8.0, "min_child_weight": 4197.6091077931915, "num_boost_round": 25.0, "subsample": 0.9845654859798946}, "datetime": {"datetime": "2024-01-20 15:06:49", "elapsed": 2576.137519, "delta": 0.003595}}
{"target": -12.348236017187237, "params": {"colsample_bytree": 0.28325171590785797, "eta": 0.029107913994088352, "gamma": 597.3485388625137, "max_depth": 8.0, "min_child_weight": 4197.6091077931915, "num_boost_round": 26.0, "subsample": 0.9845654859798946}, "datetime": {"datetime": "2024-01-20 15:06:49", "elapsed": 2576.14121, "delta": 0.003691}}
{"target": -12.34831588199185, "params": {"colsample_bytree": 0.28325171590785797, "eta": 0.029107913994088352, "gamma": 597.3485388625137, "max_depth": 8.0, "min_child_weight": 4197.6091077931915, "num_boost_round": 27.0, "subsample": 0.9845654859798946}, "datetime": {"datetime": "2024-01-20 15:06:49", "elapsed": 2576.144813, "delta": 0.003603}}
{"target": -12.348317362556386, "params": {"colsample_bytree": 0.28325171590785797, "eta": 0.029107913994088352, "gamma": 597.3485388625137, "max_depth": 8.0, "min_child_weight": 4197.6091077931915, "num_boost_round": 28.0, "subsample": 0.9845654859798946}, "datetime": {"datetime": "2024-01-20 15:06:49", "elapsed": 2576.148444, "delta": 0.003631}}
{"target": -12.348260445321177, "params": {"colsample_bytree": 0.28325171590785797, "eta": 0.029107913994088352, "gamma": 597.3485388625137, "max_depth": 8.0, "min_child_weight": 4197.6091077931915, "num_boost_round": 29.0, "subsample": 0.9845654859798946}, "datetime": {"datetime": "2024-01-20 15:06:49", "elapsed": 2576.152009, "delta": 0.003565}}
{"target": -12.357247532386172, "params": {"colsample_bytree": 0.34396550042021645, "eta": 0.05947742095989068, "gamma": 580.893479581657, "max_depth": 8.0, "min_child_weight": 4148.029754428806, "num_boost_round": 1.0, "subsample": 0.9098778892123027}, "datetime": {"datetime": "2024-01-20 15:08:17", "elapsed": 2664.143199, "delta": 87.99119}}
{"target": -12.35555270989868, "params": {"colsample_bytree": 0.34396550042021645, "eta": 0.05947742095989068, "gamma": 580.893479581657, "max_depth": 8.0, "min_child_weight": 4148.029754428806, "num_boost_round": 2.0, "subsample": 0.9098778892123027}, "datetime": {"datetime": "2024-01-20 15:08:17", "elapsed": 2664.147661, "delta": 0.004462}}
{"target": -12.351983606549858, "params": {"colsample_bytree": 0.34396550042021645, "eta": 0.05947742095989068, "gamma": 580.893479581657, "max_depth": 8.0, "min_child_weight": 4148.029754428806, "num_boost_round": 3.0, "subsample": 0.9098778892123027}, "datetime": {"datetime": "2024-01-20 15:08:17", "elapsed": 2664.151665, "delta": 0.004004}}
{"target": -12.352186282996948, "params": {"colsample_bytree": 0.34396550042021645, "eta": 0.05947742095989068, "gamma": 580.893479581657, "max_depth": 8.0, "min_child_weight": 4148.029754428806, "num_boost_round": 4.0, "subsample": 0.9098778892123027}, "datetime": {"datetime": "2024-01-20 15:08:17", "elapsed": 2664.155487, "delta": 0.003822}}
{"target": -12.350584794935672, "params": {"colsample_bytree": 0.34396550042021645, "eta": 0.05947742095989068, "gamma": 580.893479581657, "max_depth": 8.0, "min_child_weight": 4148.029754428806, "num_boost_round": 5.0, "subsample": 0.9098778892123027}, "datetime": {"datetime": "2024-01-20 15:08:17", "elapsed": 2664.159399, "delta": 0.003912}}
{"target": -12.349345400586966, "params": {"colsample_bytree": 0.34396550042021645, "eta": 0.05947742095989068, "gamma": 580.893479581657, "max_depth": 8.0, "min_child_weight": 4148.029754428806, "num_boost_round": 6.0, "subsample": 0.9098778892123027}, "datetime": {"datetime": "2024-01-20 15:08:17", "elapsed": 2664.163317, "delta": 0.003918}}
{"target": -12.349176219681977, "params": {"colsample_bytree": 0.34396550042021645, "eta": 0.05947742095989068, "gamma": 580.893479581657, "max_depth": 8.0, "min_child_weight": 4148.029754428806, "num_boost_round": 7.0, "subsample": 0.9098778892123027}, "datetime": {"datetime": "2024-01-20 15:08:17", "elapsed": 2664.167056, "delta": 0.003739}}
{"target": -12.347805181821284, "params": {"colsample_bytree": 0.34396550042021645, "eta": 0.05947742095989068, "gamma": 580.893479581657, "max_depth": 8.0, "min_child_weight": 4148.029754428806, "num_boost_round": 8.0, "subsample": 0.9098778892123027}, "datetime": {"datetime": "2024-01-20 15:08:17", "elapsed": 2664.170727, "delta": 0.003671}}
{"target": -12.347916091190175, "params": {"colsample_bytree": 0.34396550042021645, "eta": 0.05947742095989068, "gamma": 580.893479581657, "max_depth": 8.0, "min_child_weight": 4148.029754428806, "num_boost_round": 9.0, "subsample": 0.9098778892123027}, "datetime": {"datetime": "2024-01-20 15:08:17", "elapsed": 2664.174667, "delta": 0.00394}}
