{"target": -19.18248480947394, "params": {"colsample_bytree": 0.5939321535345923, "eta": 0.07152178474357823, "gamma": 602.7633760716438, "max_depth": 6.0, "min_child_weight": 4237.124338589708, "num_boost_round": 127.0, "subsample": 0.49382849013642327}, "datetime": {"datetime": "2024-01-20 14:23:52", "elapsed": 0.037743, "delta": 0.000288}}
{"target": -19.182772253639058, "params": {"colsample_bytree": 0.5939321535345923, "eta": 0.07152178474357823, "gamma": 602.7633760716438, "max_depth": 6.0, "min_child_weight": 4237.124338589708, "num_boost_round": 128.0, "subsample": 0.49382849013642327}, "datetime": {"datetime": "2024-01-20 14:23:52", "elapsed": 0.038034, "delta": 0.000291}}
{"target": -19.182853610500928, "params": {"colsample_bytree": 0.5939321535345923, "eta": 0.07152178474357823, "gamma": 602.7633760716438, "max_depth": 6.0, "min_child_weight": 4237.124338589708, "num_boost_round": 129.0, "subsample": 0.49382849013642327}, "datetime": {"datetime": "2024-01-20 14:23:52", "elapsed": 0.038328, "delta": 0.000294}}
{"target": -19.14312584772159, "params": {"colsample_bytree": 0.846283470748462, "eta": 0.0594922003087002, "gamma": 544.096840454264, "max_depth": 2.0, "min_child_weight": 4223.579207445085, "num_boost_round": 1.0, "subsample": 0.5101316235845991}, "datetime": {"datetime": "2024-01-20 14:24:05", "elapsed": 13.48215, "delta": 13.443822}}
{"target": -19.14286624405075, "params": {"colsample_bytree": 0.846283470748462, "eta": 0.0594922003087002, "gamma": 544.096840454264, "max_depth": 2.0, "min_child_weight": 4223.579207445085, "num_boost_round": 2.0, "subsample": 0.5101316235845991}, "datetime": {"datetime": "2024-01-20 14:24:05", "elapsed": 13.487879, "delta": 0.005729}}
{"target": -19.142981515913696, "params": {"colsample_bytree": 0.846283470748462, "eta": 0.0594922003087002, "gamma": 544.096840454264, "max_depth": 2.0, "min_child_weight": 4223.579207445085, "num_boost_round": 3.0, "subsample": 0.5101316235845991}, "datetime": {"datetime": "2024-01-20 14:24:05", "elapsed": 13.488248, "delta": 0.000369}}
{"target": -19.143013681799232, "params": {"colsample_bytree": 0.846283470748462, "eta": 0.0594922003087002, "gamma": 544.096840454264, "max_depth": 2.0, "min_child_weight": 4223.579207445085, "num_boost_round": 4.0, "subsample": 0.5101316235845991}, "datetime": {"datetime": "2024-01-20 14:24:05", "elapsed": 13.488581, "delta": 0.000333}}
{"target": -19.14312703485127, "params": {"colsample_bytree": 0.12060397875406838, "eta": 0.008555535543170283, "gamma": 587.9141145969669, "max_depth": 7.0, "min_child_weight": 4184.48349432121, "num_boost_round": 1.0, "subsample": 0.8584896260193808}, "datetime": {"datetime": "2024-01-20 14:24:20", "elapsed": 28.164616, "delta": 14.676035}}
{"target": -19.14306257134753, "params": {"colsample_bytree": 0.12060397875406838, "eta": 0.008555535543170283, "gamma": 587.9141145969669, "max_depth": 7.0, "min_child_weight": 4184.48349432121, "num_boost_round": 2.0, "subsample": 0.8584896260193808}, "datetime": {"datetime": "2024-01-20 14:24:20", "elapsed": 28.165937, "delta": 0.001321}}
{"target": -19.14301203019901, "params": {"colsample_bytree": 0.12060397875406838, "eta": 0.008555535543170283, "gamma": 587.9141145969669, "max_depth": 7.0, "min_child_weight": 4184.48349432121, "num_boost_round": 3.0, "subsample": 0.8584896260193808}, "datetime": {"datetime": "2024-01-20 14:24:20", "elapsed": 28.166288, "delta": 0.000351}}
{"target": -19.14294010013677, "params": {"colsample_bytree": 0.12060397875406838, "eta": 0.008555535543170283, "gamma": 587.9141145969669, "max_depth": 7.0, "min_child_weight": 4184.48349432121, "num_boost_round": 4.0, "subsample": 0.8584896260193808}, "datetime": {"datetime": "2024-01-20 14:24:20", "elapsed": 28.166607, "delta": 0.000319}}
{"target": -19.142908981227237, "params": {"colsample_bytree": 0.12060397875406838, "eta": 0.008555535543170283, "gamma": 587.9141145969669, "max_depth": 7.0, "min_child_weight": 4184.48349432121, "num_boost_round": 5.0, "subsample": 0.8584896260193808}, "datetime": {"datetime": "2024-01-20 14:24:20", "elapsed": 28.166925, "delta": 0.000318}}
{"target": -19.143598492355324, "params": {"colsample_bytree": 0.7908369380760759, "eta": 0.04934901053905056, "gamma": 513.4187022530317, "max_depth": 5.0, "min_child_weight": 4178.518113679008, "num_boost_round": 1.0, "subsample": 0.959106607821373}, "datetime": {"datetime": "2024-01-20 14:24:38", "elapsed": 46.584704, "delta": 18.417779}}
{"target": -19.14383383581076, "params": {"colsample_bytree": 0.7908369380760759, "eta": 0.04934901053905056, "gamma": 513.4187022530317, "max_depth": 5.0, "min_child_weight": 4178.518113679008, "num_boost_round": 2.0, "subsample": 0.959106607821373}, "datetime": {"datetime": "2024-01-20 14:24:38", "elapsed": 46.585175, "delta": 0.000471}}
{"target": -19.144037564408343, "params": {"colsample_bytree": 0.7908369380760759, "eta": 0.04934901053905056, "gamma": 513.4187022530317, "max_depth": 5.0, "min_child_weight": 4178.518113679008, "num_boost_round": 3.0, "subsample": 0.959106607821373}, "datetime": {"datetime": "2024-01-20 14:24:38", "elapsed": 46.585517, "delta": 0.000342}}
{"target": -19.144454873508217, "params": {"colsample_bytree": 0.7908369380760759, "eta": 0.04934901053905056, "gamma": 513.4187022530317, "max_depth": 5.0, "min_child_weight": 4178.518113679008, "num_boost_round": 4.0, "subsample": 0.959106607821373}, "datetime": {"datetime": "2024-01-20 14:24:38", "elapsed": 46.585842, "delta": 0.000325}}
{"target": -19.144830570541007, "params": {"colsample_bytree": 0.7908369380760759, "eta": 0.04934901053905056, "gamma": 513.4187022530317, "max_depth": 5.0, "min_child_weight": 4178.518113679008, "num_boost_round": 5.0, "subsample": 0.959106607821373}, "datetime": {"datetime": "2024-01-20 14:24:38", "elapsed": 46.586159, "delta": 0.000317}}
{"target": -19.14512492319508, "params": {"colsample_bytree": 0.7908369380760759, "eta": 0.04934901053905056, "gamma": 513.4187022530317, "max_depth": 5.0, "min_child_weight": 4178.518113679008, "num_boost_round": 6.0, "subsample": 0.959106607821373}, "datetime": {"datetime": "2024-01-20 14:24:38", "elapsed": 46.586477, "delta": 0.000318}}
{"target": -19.145364712768647, "params": {"colsample_bytree": 0.7908369380760759, "eta": 0.04934901053905056, "gamma": 513.4187022530317, "max_depth": 5.0, "min_child_weight": 4178.518113679008, "num_boost_round": 7.0, "subsample": 0.959106607821373}, "datetime": {"datetime": "2024-01-20 14:24:38", "elapsed": 46.586797, "delta": 0.00032}}
{"target": -19.146030217085357, "params": {"colsample_bytree": 0.7908369380760759, "eta": 0.04934901053905056, "gamma": 513.4187022530317, "max_depth": 5.0, "min_child_weight": 4178.518113679008, "num_boost_round": 8.0, "subsample": 0.959106607821373}, "datetime": {"datetime": "2024-01-20 14:24:38", "elapsed": 46.587118, "delta": 0.000321}}
{"target": -19.146393913525856, "params": {"colsample_bytree": 0.7908369380760759, "eta": 0.04934901053905056, "gamma": 513.4187022530317, "max_depth": 5.0, "min_child_weight": 4178.518113679008, "num_boost_round": 9.0, "subsample": 0.959106607821373}, "datetime": {"datetime": "2024-01-20 14:24:38", "elapsed": 46.58743, "delta": 0.000312}}
{"target": -19.146861261849345, "params": {"colsample_bytree": 0.7908369380760759, "eta": 0.04934901053905056, "gamma": 513.4187022530317, "max_depth": 5.0, "min_child_weight": 4178.518113679008, "num_boost_round": 10.0, "subsample": 0.959106607821373}, "datetime": {"datetime": "2024-01-20 14:24:38", "elapsed": 46.587749, "delta": 0.000319}}
{"target": -19.147215552954, "params": {"colsample_bytree": 0.7908369380760759, "eta": 0.04934901053905056, "gamma": 513.4187022530317, "max_depth": 5.0, "min_child_weight": 4178.518113679008, "num_boost_round": 11.0, "subsample": 0.959106607821373}, "datetime": {"datetime": "2024-01-20 14:24:38", "elapsed": 46.588064, "delta": 0.000315}}
{"target": -19.147781529828084, "params": {"colsample_bytree": 0.7908369380760759, "eta": 0.04934901053905056, "gamma": 513.4187022530317, "max_depth": 5.0, "min_child_weight": 4178.518113679008, "num_boost_round": 12.0, "subsample": 0.959106607821373}, "datetime": {"datetime": "2024-01-20 14:24:38", "elapsed": 46.588379, "delta": 0.000315}}
{"target": -19.148554207310163, "params": {"colsample_bytree": 0.7908369380760759, "eta": 0.04934901053905056, "gamma": 513.4187022530317, "max_depth": 5.0, "min_child_weight": 4178.518113679008, "num_boost_round": 13.0, "subsample": 0.959106607821373}, "datetime": {"datetime": "2024-01-20 14:24:38", "elapsed": 46.588693, "delta": 0.000314}}
{"target": -19.143185361777554, "params": {"colsample_bytree": 0.6374215049252724, "eta": 0.03052884598741843, "gamma": 535.5532155145972, "max_depth": 9.0, "min_child_weight": 4144.037938734344, "num_boost_round": 1.0, "subsample": 0.22473427500915805}, "datetime": {"datetime": "2024-01-20 14:24:52", "elapsed": 60.253695, "delta": 13.665002}}
{"target": -19.1429323796999, "params": {"colsample_bytree": 0.6374215049252724, "eta": 0.03052884598741843, "gamma": 535.5532155145972, "max_depth": 9.0, "min_child_weight": 4144.037938734344, "num_boost_round": 2.0, "subsample": 0.22473427500915805}, "datetime": {"datetime": "2024-01-20 14:24:52", "elapsed": 60.255954, "delta": 0.002259}}
{"target": -19.142800961956752, "params": {"colsample_bytree": 0.6374215049252724, "eta": 0.03052884598741843, "gamma": 535.5532155145972, "max_depth": 9.0, "min_child_weight": 4144.037938734344, "num_boost_round": 3.0, "subsample": 0.22473427500915805}, "datetime": {"datetime": "2024-01-20 14:24:52", "elapsed": 60.256308, "delta": 0.000354}}
{"target": -19.143323487148987, "params": {"colsample_bytree": 0.43901673888460735, "eta": 0.02249786942529485, "gamma": 602.7194903258727, "max_depth": 9.0, "min_child_weight": 4082.319340448095, "num_boost_round": 1.0, "subsample": 0.5936423576871409}, "datetime": {"datetime": "2024-01-20 14:25:12", "elapsed": 80.605268, "delta": 20.34896}}
{"target": -19.143299902489325, "params": {"colsample_bytree": 0.43901673888460735, "eta": 0.02249786942529485, "gamma": 602.7194903258727, "max_depth": 9.0, "min_child_weight": 4082.319340448095, "num_boost_round": 2.0, "subsample": 0.5936423576871409}, "datetime": {"datetime": "2024-01-20 14:25:12", "elapsed": 80.605792, "delta": 0.000524}}
{"target": -19.143327177997605, "params": {"colsample_bytree": 0.43901673888460735, "eta": 0.02249786942529485, "gamma": 602.7194903258727, "max_depth": 9.0, "min_child_weight": 4082.319340448095, "num_boost_round": 3.0, "subsample": 0.5936423576871409}, "datetime": {"datetime": "2024-01-20 14:25:12", "elapsed": 80.606559, "delta": 0.000767}}
{"target": -19.143137227785218, "params": {"colsample_bytree": 0.43901673888460735, "eta": 0.02249786942529485, "gamma": 602.7194903258727, "max_depth": 9.0, "min_child_weight": 4082.319340448095, "num_boost_round": 4.0, "subsample": 0.5936423576871409}, "datetime": {"datetime": "2024-01-20 14:25:12", "elapsed": 80.606911, "delta": 0.000352}}
{"target": -19.143498109217084, "params": {"colsample_bytree": 0.43901673888460735, "eta": 0.02249786942529485, "gamma": 602.7194903258727, "max_depth": 9.0, "min_child_weight": 4082.319340448095, "num_boost_round": 5.0, "subsample": 0.5936423576871409}, "datetime": {"datetime": "2024-01-20 14:25:12", "elapsed": 80.607463, "delta": 0.000552}}
{"target": -19.143207618293935, "params": {"colsample_bytree": 0.43901673888460735, "eta": 0.02249786942529485, "gamma": 602.7194903258727, "max_depth": 9.0, "min_child_weight": 4082.319340448095, "num_boost_round": 6.0, "subsample": 0.5936423576871409}, "datetime": {"datetime": "2024-01-20 14:25:12", "elapsed": 80.607837, "delta": 0.000374}}
{"target": -19.14329947766483, "params": {"colsample_bytree": 0.43901673888460735, "eta": 0.02249786942529485, "gamma": 602.7194903258727, "max_depth": 9.0, "min_child_weight": 4082.319340448095, "num_boost_round": 7.0, "subsample": 0.5936423576871409}, "datetime": {"datetime": "2024-01-20 14:25:12", "elapsed": 80.608181, "delta": 0.000344}}
{"target": -19.143424335106612, "params": {"colsample_bytree": 0.43901673888460735, "eta": 0.02249786942529485, "gamma": 602.7194903258727, "max_depth": 9.0, "min_child_weight": 4082.319340448095, "num_boost_round": 8.0, "subsample": 0.5936423576871409}, "datetime": {"datetime": "2024-01-20 14:25:12", "elapsed": 80.608521, "delta": 0.00034}}
{"target": -19.143351013827637, "params": {"colsample_bytree": 0.43901673888460735, "eta": 0.02249786942529485, "gamma": 602.7194903258727, "max_depth": 9.0, "min_child_weight": 4082.319340448095, "num_boost_round": 9.0, "subsample": 0.5936423576871409}, "datetime": {"datetime": "2024-01-20 14:25:12", "elapsed": 80.608864, "delta": 0.000343}}
{"target": -19.14328200889053, "params": {"colsample_bytree": 0.43901673888460735, "eta": 0.02249786942529485, "gamma": 602.7194903258727, "max_depth": 9.0, "min_child_weight": 4082.319340448095, "num_boost_round": 10.0, "subsample": 0.5936423576871409}, "datetime": {"datetime": "2024-01-20 14:25:12", "elapsed": 80.609198, "delta": 0.000334}}
{"target": -19.14323536042353, "params": {"colsample_bytree": 0.43901673888460735, "eta": 0.02249786942529485, "gamma": 602.7194903258727, "max_depth": 9.0, "min_child_weight": 4082.319340448095, "num_boost_round": 11.0, "subsample": 0.5936423576871409}, "datetime": {"datetime": "2024-01-20 14:25:12", "elapsed": 80.609647, "delta": 0.000449}}
{"target": -19.143327713491523, "params": {"colsample_bytree": 0.43901673888460735, "eta": 0.02249786942529485, "gamma": 602.7194903258727, "max_depth": 9.0, "min_child_weight": 4082.319340448095, "num_boost_round": 12.0, "subsample": 0.5936423576871409}, "datetime": {"datetime": "2024-01-20 14:25:12", "elapsed": 80.609997, "delta": 0.00035}}
{"target": -19.14343910884473, "params": {"colsample_bytree": 0.43901673888460735, "eta": 0.02249786942529485, "gamma": 602.7194903258727, "max_depth": 9.0, "min_child_weight": 4082.319340448095, "num_boost_round": 13.0, "subsample": 0.5936423576871409}, "datetime": {"datetime": "2024-01-20 14:25:12", "elapsed": 80.610337, "delta": 0.00034}}
{"target": -19.143716067956394, "params": {"colsample_bytree": 0.43901673888460735, "eta": 0.02249786942529485, "gamma": 602.7194903258727, "max_depth": 9.0, "min_child_weight": 4082.319340448095, "num_boost_round": 14.0, "subsample": 0.5936423576871409}, "datetime": {"datetime": "2024-01-20 14:25:12", "elapsed": 80.61068, "delta": 0.000343}}
{"target": -19.143589049245996, "params": {"colsample_bytree": 0.6105693052979725, "eta": 0.09459471459802081, "gamma": 628.0114891136722, "max_depth": 2.0, "min_child_weight": 4126.424996595942, "num_boost_round": 1.0, "subsample": 0.45011791387029576}, "datetime": {"datetime": "2024-01-20 14:25:35", "elapsed": 102.989401, "delta": 22.378721}}
{"target": -19.143356239410167, "params": {"colsample_bytree": 0.6105693052979725, "eta": 0.09459471459802081, "gamma": 628.0114891136722, "max_depth": 2.0, "min_child_weight": 4126.424996595942, "num_boost_round": 2.0, "subsample": 0.45011791387029576}, "datetime": {"datetime": "2024-01-20 14:25:35", "elapsed": 102.989931, "delta": 0.00053}}
{"target": -19.14318632514107, "params": {"colsample_bytree": 0.6105693052979725, "eta": 0.09459471459802081, "gamma": 628.0114891136722, "max_depth": 2.0, "min_child_weight": 4126.424996595942, "num_boost_round": 3.0, "subsample": 0.45011791387029576}, "datetime": {"datetime": "2024-01-20 14:25:35", "elapsed": 102.990318, "delta": 0.000387}}
{"target": -19.142956919762078, "params": {"colsample_bytree": 0.6105693052979725, "eta": 0.09459471459802081, "gamma": 628.0114891136722, "max_depth": 2.0, "min_child_weight": 4126.424996595942, "num_boost_round": 4.0, "subsample": 0.45011791387029576}, "datetime": {"datetime": "2024-01-20 14:25:35", "elapsed": 102.990677, "delta": 0.000359}}
{"target": -19.143429889600995, "params": {"colsample_bytree": 0.6105693052979725, "eta": 0.09459471459802081, "gamma": 628.0114891136722, "max_depth": 2.0, "min_child_weight": 4126.424996595942, "num_boost_round": 5.0, "subsample": 0.45011791387029576}, "datetime": {"datetime": "2024-01-20 14:25:35", "elapsed": 102.991051, "delta": 0.000374}}
{"target": -19.14331449644302, "params": {"colsample_bytree": 0.6105693052979725, "eta": 0.09459471459802081, "gamma": 628.0114891136722, "max_depth": 2.0, "min_child_weight": 4126.424996595942, "num_boost_round": 6.0, "subsample": 0.45011791387029576}, "datetime": {"datetime": "2024-01-20 14:25:35", "elapsed": 102.991825, "delta": 0.000774}}
{"target": -19.142865348717507, "params": {"colsample_bytree": 0.6105693052979725, "eta": 0.09459471459802081, "gamma": 628.0114891136722, "max_depth": 2.0, "min_child_weight": 4126.424996595942, "num_boost_round": 7.0, "subsample": 0.45011791387029576}, "datetime": {"datetime": "2024-01-20 14:25:35", "elapsed": 102.992309, "delta": 0.000484}}
{"target": -19.142947114127224, "params": {"colsample_bytree": 0.6105693052979725, "eta": 0.09459471459802081, "gamma": 628.0114891136722, "max_depth": 2.0, "min_child_weight": 4126.424996595942, "num_boost_round": 8.0, "subsample": 0.45011791387029576}, "datetime": {"datetime": "2024-01-20 14:25:35", "elapsed": 102.99267, "delta": 0.000361}}
{"target": -19.1428630084573, "params": {"colsample_bytree": 0.6105693052979725, "eta": 0.09459471459802081, "gamma": 628.0114891136722, "max_depth": 2.0, "min_child_weight": 4126.424996595942, "num_boost_round": 9.0, "subsample": 0.45011791387029576}, "datetime": {"datetime": "2024-01-20 14:25:35", "elapsed": 102.993034, "delta": 0.000364}}
{"target": -19.142930406027965, "params": {"colsample_bytree": 0.6105693052979725, "eta": 0.09459471459802081, "gamma": 628.0114891136722, "max_depth": 2.0, "min_child_weight": 4126.424996595942, "num_boost_round": 10.0, "subsample": 0.45011791387029576}, "datetime": {"datetime": "2024-01-20 14:25:35", "elapsed": 102.993399, "delta": 0.000365}}
{"target": -19.142793008672445, "params": {"colsample_bytree": 0.6105693052979725, "eta": 0.09459471459802081, "gamma": 628.0114891136722, "max_depth": 2.0, "min_child_weight": 4126.424996595942, "num_boost_round": 11.0, "subsample": 0.45011791387029576}, "datetime": {"datetime": "2024-01-20 14:25:35", "elapsed": 102.993768, "delta": 0.000369}}
{"target": -19.143214809589082, "params": {"colsample_bytree": 0.6105693052979725, "eta": 0.09459471459802081, "gamma": 628.0114891136722, "max_depth": 2.0, "min_child_weight": 4126.424996595942, "num_boost_round": 12.0, "subsample": 0.45011791387029576}, "datetime": {"datetime": "2024-01-20 14:25:35", "elapsed": 102.994131, "delta": 0.000363}}
{"target": -19.143597079823273, "params": {"colsample_bytree": 0.6105693052979725, "eta": 0.09459471459802081, "gamma": 628.0114891136722, "max_depth": 2.0, "min_child_weight": 4126.424996595942, "num_boost_round": 13.0, "subsample": 0.45011791387029576}, "datetime": {"datetime": "2024-01-20 14:25:35", "elapsed": 102.994649, "delta": 0.000518}}
{"target": -19.144023858903935, "params": {"colsample_bytree": 0.6105693052979725, "eta": 0.09459471459802081, "gamma": 628.0114891136722, "max_depth": 2.0, "min_child_weight": 4126.424996595942, "num_boost_round": 14.0, "subsample": 0.45011791387029576}, "datetime": {"datetime": "2024-01-20 14:25:35", "elapsed": 102.995027, "delta": 0.000378}}
{"target": -19.144373439976913, "params": {"colsample_bytree": 0.6105693052979725, "eta": 0.09459471459802081, "gamma": 628.0114891136722, "max_depth": 2.0, "min_child_weight": 4126.424996595942, "num_boost_round": 15.0, "subsample": 0.45011791387029576}, "datetime": {"datetime": "2024-01-20 14:25:35", "elapsed": 102.995394, "delta": 0.000367}}
{"target": -19.14405407089258, "params": {"colsample_bytree": 0.6105693052979725, "eta": 0.09459471459802081, "gamma": 628.0114891136722, "max_depth": 2.0, "min_child_weight": 4126.424996595942, "num_boost_round": 16.0, "subsample": 0.45011791387029576}, "datetime": {"datetime": "2024-01-20 14:25:35", "elapsed": 102.995763, "delta": 0.000369}}
{"target": -19.143956983500864, "params": {"colsample_bytree": 0.6105693052979725, "eta": 0.09459471459802081, "gamma": 628.0114891136722, "max_depth": 2.0, "min_child_weight": 4126.424996595942, "num_boost_round": 17.0, "subsample": 0.45011791387029576}, "datetime": {"datetime": "2024-01-20 14:25:35", "elapsed": 102.996131, "delta": 0.000368}}
{"target": -19.14417211345509, "params": {"colsample_bytree": 0.6105693052979725, "eta": 0.09459471459802081, "gamma": 628.0114891136722, "max_depth": 2.0, "min_child_weight": 4126.424996595942, "num_boost_round": 18.0, "subsample": 0.45011791387029576}, "datetime": {"datetime": "2024-01-20 14:25:35", "elapsed": 102.996496, "delta": 0.000365}}
{"target": -19.14428812701638, "params": {"colsample_bytree": 0.6105693052979725, "eta": 0.09459471459802081, "gamma": 628.0114891136722, "max_depth": 2.0, "min_child_weight": 4126.424996595942, "num_boost_round": 19.0, "subsample": 0.45011791387029576}, "datetime": {"datetime": "2024-01-20 14:25:35", "elapsed": 102.99687, "delta": 0.000374}}
{"target": -19.14399819352356, "params": {"colsample_bytree": 0.6105693052979725, "eta": 0.09459471459802081, "gamma": 628.0114891136722, "max_depth": 2.0, "min_child_weight": 4126.424996595942, "num_boost_round": 20.0, "subsample": 0.45011791387029576}, "datetime": {"datetime": "2024-01-20 14:25:35", "elapsed": 102.997242, "delta": 0.000372}}
{"target": -19.144582051505964, "params": {"colsample_bytree": 0.6105693052979725, "eta": 0.09459471459802081, "gamma": 628.0114891136722, "max_depth": 2.0, "min_child_weight": 4126.424996595942, "num_boost_round": 21.0, "subsample": 0.45011791387029576}, "datetime": {"datetime": "2024-01-20 14:25:35", "elapsed": 102.997612, "delta": 0.00037}}
