{"target": -13.497493084976046, "params": {"colsample_bytree": 0.1281449685540533, "eta": 0.025239163755208675, "gamma": 764.3041438688797, "max_depth": 7.0, "min_child_weight": 4527.104959846512, "num_boost_round": 7.0, "subsample": 0.2850359676938699}, "datetime": {"datetime": "2024-01-20 15:12:01", "elapsed": 2875.146607, "delta": 0.003998}}
{"target": -13.497354781203416, "params": {"colsample_bytree": 0.1281449685540533, "eta": 0.025239163755208675, "gamma": 764.3041438688797, "max_depth": 7.0, "min_child_weight": 4527.104959846512, "num_boost_round": 8.0, "subsample": 0.2850359676938699}, "datetime": {"datetime": "2024-01-20 15:12:01", "elapsed": 2875.150523, "delta": 0.003916}}
{"target": -13.497343397574316, "params": {"colsample_bytree": 0.1281449685540533, "eta": 0.025239163755208675, "gamma": 764.3041438688797, "max_depth": 7.0, "min_child_weight": 4527.104959846512, "num_boost_round": 9.0, "subsample": 0.2850359676938699}, "datetime": {"datetime": "2024-01-20 15:12:01", "elapsed": 2875.154676, "delta": 0.004153}}
{"target": -13.497273526115945, "params": {"colsample_bytree": 0.1281449685540533, "eta": 0.025239163755208675, "gamma": 764.3041438688797, "max_depth": 7.0, "min_child_weight": 4527.104959846512, "num_boost_round": 10.0, "subsample": 0.2850359676938699}, "datetime": {"datetime": "2024-01-20 15:12:01", "elapsed": 2875.158658, "delta": 0.003982}}
{"target": -13.49723900998135, "params": {"colsample_bytree": 0.1281449685540533, "eta": 0.025239163755208675, "gamma": 764.3041438688797, "max_depth": 7.0, "min_child_weight": 4527.104959846512, "num_boost_round": 11.0, "subsample": 0.2850359676938699}, "datetime": {"datetime": "2024-01-20 15:12:01", "elapsed": 2875.162976, "delta": 0.004318}}
{"target": -13.497207181968232, "params": {"colsample_bytree": 0.1281449685540533, "eta": 0.025239163755208675, "gamma": 764.3041438688797, "max_depth": 7.0, "min_child_weight": 4527.104959846512, "num_boost_round": 12.0, "subsample": 0.2850359676938699}, "datetime": {"datetime": "2024-01-20 15:12:01", "elapsed": 2875.1669, "delta": 0.003924}}
{"target": -13.497205115101767, "params": {"colsample_bytree": 0.1281449685540533, "eta": 0.025239163755208675, "gamma": 764.3041438688797, "max_depth": 7.0, "min_child_weight": 4527.104959846512, "num_boost_round": 13.0, "subsample": 0.2850359676938699}, "datetime": {"datetime": "2024-01-20 15:12:01", "elapsed": 2875.171005, "delta": 0.004105}}
{"target": -13.497145001550647, "params": {"colsample_bytree": 0.1281449685540533, "eta": 0.025239163755208675, "gamma": 764.3041438688797, "max_depth": 7.0, "min_child_weight": 4527.104959846512, "num_boost_round": 14.0, "subsample": 0.2850359676938699}, "datetime": {"datetime": "2024-01-20 15:12:01", "elapsed": 2875.17514, "delta": 0.004135}}
{"target": -13.497074596179516, "params": {"colsample_bytree": 0.1281449685540533, "eta": 0.025239163755208675, "gamma": 764.3041438688797, "max_depth": 7.0, "min_child_weight": 4527.104959846512, "num_boost_round": 15.0, "subsample": 0.2850359676938699}, "datetime": {"datetime": "2024-01-20 15:12:01", "elapsed": 2875.179089, "delta": 0.003949}}
{"target": -13.497022077326662, "params": {"colsample_bytree": 0.1281449685540533, "eta": 0.025239163755208675, "gamma": 764.3041438688797, "max_depth": 7.0, "min_child_weight": 4527.104959846512, "num_boost_round": 16.0, "subsample": 0.2850359676938699}, "datetime": {"datetime": "2024-01-20 15:12:01", "elapsed": 2875.183028, "delta": 0.003939}}
{"target": -13.49697704834731, "params": {"colsample_bytree": 0.1281449685540533, "eta": 0.025239163755208675, "gamma": 764.3041438688797, "max_depth": 7.0, "min_child_weight": 4527.104959846512, "num_boost_round": 17.0, "subsample": 0.2850359676938699}, "datetime": {"datetime": "2024-01-20 15:12:01", "elapsed": 2875.187069, "delta": 0.004041}}
{"target": -13.496854919238082, "params": {"colsample_bytree": 0.1281449685540533, "eta": 0.025239163755208675, "gamma": 764.3041438688797, "max_depth": 7.0, "min_child_weight": 4527.104959846512, "num_boost_round": 18.0, "subsample": 0.2850359676938699}, "datetime": {"datetime": "2024-01-20 15:12:01", "elapsed": 2875.19101, "delta": 0.003941}}
{"target": -13.496736226955672, "params": {"colsample_bytree": 0.1281449685540533, "eta": 0.025239163755208675, "gamma": 764.3041438688797, "max_depth": 7.0, "min_child_weight": 4527.104959846512, "num_boost_round": 19.0, "subsample": 0.2850359676938699}, "datetime": {"datetime": "2024-01-20 15:12:01", "elapsed": 2875.19513, "delta": 0.00412}}
{"target": -13.496635589007619, "params": {"colsample_bytree": 0.1281449685540533, "eta": 0.025239163755208675, "gamma": 764.3041438688797, "max_depth": 7.0, "min_child_weight": 4527.104959846512, "num_boost_round": 20.0, "subsample": 0.2850359676938699}, "datetime": {"datetime": "2024-01-20 15:12:01", "elapsed": 2875.199093, "delta": 0.003963}}
{"target": -13.496529772567005, "params": {"colsample_bytree": 0.1281449685540533, "eta": 0.025239163755208675, "gamma": 764.3041438688797, "max_depth": 7.0, "min_child_weight": 4527.104959846512, "num_boost_round": 21.0, "subsample": 0.2850359676938699}, "datetime": {"datetime": "2024-01-20 15:12:01", "elapsed": 2875.203141, "delta": 0.004048}}
{"target": -13.49649695747908, "params": {"colsample_bytree": 0.1281449685540533, "eta": 0.025239163755208675, "gamma": 764.3041438688797, "max_depth": 7.0, "min_child_weight": 4527.104959846512, "num_boost_round": 22.0, "subsample": 0.2850359676938699}, "datetime": {"datetime": "2024-01-20 15:12:01", "elapsed": 2875.207103, "delta": 0.003962}}
{"target": -13.496445361070148, "params": {"colsample_bytree": 0.1281449685540533, "eta": 0.025239163755208675, "gamma": 764.3041438688797, "max_depth": 7.0, "min_child_weight": 4527.104959846512, "num_boost_round": 23.0, "subsample": 0.2850359676938699}, "datetime": {"datetime": "2024-01-20 15:12:01", "elapsed": 2875.211039, "delta": 0.003936}}
{"target": -13.496369021630322, "params": {"colsample_bytree": 0.1281449685540533, "eta": 0.025239163755208675, "gamma": 764.3041438688797, "max_depth": 7.0, "min_child_weight": 4527.104959846512, "num_boost_round": 24.0, "subsample": 0.2850359676938699}, "datetime": {"datetime": "2024-01-20 15:12:01", "elapsed": 2875.215142, "delta": 0.004103}}
{"target": -13.496302566193522, "params": {"colsample_bytree": 0.1281449685540533, "eta": 0.025239163755208675, "gamma": 764.3041438688797, "max_depth": 7.0, "min_child_weight": 4527.104959846512, "num_boost_round": 25.0, "subsample": 0.2850359676938699}, "datetime": {"datetime": "2024-01-20 15:12:01", "elapsed": 2875.219192, "delta": 0.00405}}
{"target": -13.49608580155544, "params": {"colsample_bytree": 0.1281449685540533, "eta": 0.025239163755208675, "gamma": 764.3041438688797, "max_depth": 7.0, "min_child_weight": 4527.104959846512, "num_boost_round": 26.0, "subsample": 0.2850359676938699}, "datetime": {"datetime": "2024-01-20 15:12:01", "elapsed": 2875.223112, "delta": 0.00392}}
{"target": -13.496019717380525, "params": {"colsample_bytree": 0.1281449685540533, "eta": 0.025239163755208675, "gamma": 764.3041438688797, "max_depth": 7.0, "min_child_weight": 4527.104959846512, "num_boost_round": 27.0, "subsample": 0.2850359676938699}, "datetime": {"datetime": "2024-01-20 15:12:01", "elapsed": 2875.227062, "delta": 0.00395}}
{"target": -13.495925266340265, "params": {"colsample_bytree": 0.1281449685540533, "eta": 0.025239163755208675, "gamma": 764.3041438688797, "max_depth": 7.0, "min_child_weight": 4527.104959846512, "num_boost_round": 28.0, "subsample": 0.2850359676938699}, "datetime": {"datetime": "2024-01-20 15:12:01", "elapsed": 2875.230984, "delta": 0.003922}}
{"target": -13.49583406483945, "params": {"colsample_bytree": 0.1281449685540533, "eta": 0.025239163755208675, "gamma": 764.3041438688797, "max_depth": 7.0, "min_child_weight": 4527.104959846512, "num_boost_round": 29.0, "subsample": 0.2850359676938699}, "datetime": {"datetime": "2024-01-20 15:12:01", "elapsed": 2875.235259, "delta": 0.004275}}
{"target": -13.495814111298937, "params": {"colsample_bytree": 0.1281449685540533, "eta": 0.025239163755208675, "gamma": 764.3041438688797, "max_depth": 7.0, "min_child_weight": 4527.104959846512, "num_boost_round": 30.0, "subsample": 0.2850359676938699}, "datetime": {"datetime": "2024-01-20 15:12:01", "elapsed": 2875.239347, "delta": 0.004088}}
{"target": -13.495807654652015, "params": {"colsample_bytree": 0.1281449685540533, "eta": 0.025239163755208675, "gamma": 764.3041438688797, "max_depth": 7.0, "min_child_weight": 4527.104959846512, "num_boost_round": 31.0, "subsample": 0.2850359676938699}, "datetime": {"datetime": "2024-01-20 15:12:01", "elapsed": 2875.243424, "delta": 0.004077}}
{"target": -13.495785055881733, "params": {"colsample_bytree": 0.1281449685540533, "eta": 0.025239163755208675, "gamma": 764.3041438688797, "max_depth": 7.0, "min_child_weight": 4527.104959846512, "num_boost_round": 32.0, "subsample": 0.2850359676938699}, "datetime": {"datetime": "2024-01-20 15:12:01", "elapsed": 2875.247392, "delta": 0.003968}}
{"target": -13.495768697597878, "params": {"colsample_bytree": 0.1281449685540533, "eta": 0.025239163755208675, "gamma": 764.3041438688797, "max_depth": 7.0, "min_child_weight": 4527.104959846512, "num_boost_round": 33.0, "subsample": 0.2850359676938699}, "datetime": {"datetime": "2024-01-20 15:12:01", "elapsed": 2875.252011, "delta": 0.004619}}
{"target": -13.495704016501014, "params": {"colsample_bytree": 0.1281449685540533, "eta": 0.025239163755208675, "gamma": 764.3041438688797, "max_depth": 7.0, "min_child_weight": 4527.104959846512, "num_boost_round": 34.0, "subsample": 0.2850359676938699}, "datetime": {"datetime": "2024-01-20 15:12:01", "elapsed": 2875.256042, "delta": 0.004031}}
{"target": -13.495674526884315, "params": {"colsample_bytree": 0.1281449685540533, "eta": 0.025239163755208675, "gamma": 764.3041438688797, "max_depth": 7.0, "min_child_weight": 4527.104959846512, "num_boost_round": 35.0, "subsample": 0.2850359676938699}, "datetime": {"datetime": "2024-01-20 15:12:01", "elapsed": 2875.259984, "delta": 0.003942}}
{"target": -13.495620115945616, "params": {"colsample_bytree": 0.1281449685540533, "eta": 0.025239163755208675, "gamma": 764.3041438688797, "max_depth": 7.0, "min_child_weight": 4527.104959846512, "num_boost_round": 36.0, "subsample": 0.2850359676938699}, "datetime": {"datetime": "2024-01-20 15:12:01", "elapsed": 2875.263909, "delta": 0.003925}}
{"target": -13.495566186197546, "params": {"colsample_bytree": 0.1281449685540533, "eta": 0.025239163755208675, "gamma": 764.3041438688797, "max_depth": 7.0, "min_child_weight": 4527.104959846512, "num_boost_round": 37.0, "subsample": 0.2850359676938699}, "datetime": {"datetime": "2024-01-20 15:12:01", "elapsed": 2875.267939, "delta": 0.00403}}
{"target": -13.495509886397823, "params": {"colsample_bytree": 0.1281449685540533, "eta": 0.025239163755208675, "gamma": 764.3041438688797, "max_depth": 7.0, "min_child_weight": 4527.104959846512, "num_boost_round": 38.0, "subsample": 0.2850359676938699}, "datetime": {"datetime": "2024-01-20 15:12:01", "elapsed": 2875.272145, "delta": 0.004206}}
{"target": -13.495451962076952, "params": {"colsample_bytree": 0.1281449685540533, "eta": 0.025239163755208675, "gamma": 764.3041438688797, "max_depth": 7.0, "min_child_weight": 4527.104959846512, "num_boost_round": 39.0, "subsample": 0.2850359676938699}, "datetime": {"datetime": "2024-01-20 15:12:01", "elapsed": 2875.27764, "delta": 0.005495}}
{"target": -13.495446353731381, "params": {"colsample_bytree": 0.1281449685540533, "eta": 0.025239163755208675, "gamma": 764.3041438688797, "max_depth": 7.0, "min_child_weight": 4527.104959846512, "num_boost_round": 40.0, "subsample": 0.2850359676938699}, "datetime": {"datetime": "2024-01-20 15:12:01", "elapsed": 2875.282526, "delta": 0.004886}}
{"target": -13.495448199791625, "params": {"colsample_bytree": 0.1281449685540533, "eta": 0.025239163755208675, "gamma": 764.3041438688797, "max_depth": 7.0, "min_child_weight": 4527.104959846512, "num_boost_round": 41.0, "subsample": 0.2850359676938699}, "datetime": {"datetime": "2024-01-20 15:12:01", "elapsed": 2875.287908, "delta": 0.005382}}
{"target": -13.495444019315682, "params": {"colsample_bytree": 0.1281449685540533, "eta": 0.025239163755208675, "gamma": 764.3041438688797, "max_depth": 7.0, "min_child_weight": 4527.104959846512, "num_boost_round": 42.0, "subsample": 0.2850359676938699}, "datetime": {"datetime": "2024-01-20 15:12:01", "elapsed": 2875.292636, "delta": 0.004728}}
{"target": -13.49542484137088, "params": {"colsample_bytree": 0.1281449685540533, "eta": 0.025239163755208675, "gamma": 764.3041438688797, "max_depth": 7.0, "min_child_weight": 4527.104959846512, "num_boost_round": 43.0, "subsample": 0.2850359676938699}, "datetime": {"datetime": "2024-01-20 15:12:01", "elapsed": 2875.297101, "delta": 0.004465}}
{"target": -13.495407325432854, "params": {"colsample_bytree": 0.1281449685540533, "eta": 0.025239163755208675, "gamma": 764.3041438688797, "max_depth": 7.0, "min_child_weight": 4527.104959846512, "num_boost_round": 44.0, "subsample": 0.2850359676938699}, "datetime": {"datetime": "2024-01-20 15:12:01", "elapsed": 2875.301167, "delta": 0.004066}}
{"target": -13.495322704149448, "params": {"colsample_bytree": 0.1281449685540533, "eta": 0.025239163755208675, "gamma": 764.3041438688797, "max_depth": 7.0, "min_child_weight": 4527.104959846512, "num_boost_round": 45.0, "subsample": 0.2850359676938699}, "datetime": {"datetime": "2024-01-20 15:12:01", "elapsed": 2875.305435, "delta": 0.004268}}
{"target": -13.495259219028075, "params": {"colsample_bytree": 0.1281449685540533, "eta": 0.025239163755208675, "gamma": 764.3041438688797, "max_depth": 7.0, "min_child_weight": 4527.104959846512, "num_boost_round": 46.0, "subsample": 0.2850359676938699}, "datetime": {"datetime": "2024-01-20 15:12:01", "elapsed": 2875.309387, "delta": 0.003952}}
{"target": -13.495204461592806, "params": {"colsample_bytree": 0.1281449685540533, "eta": 0.025239163755208675, "gamma": 764.3041438688797, "max_depth": 7.0, "min_child_weight": 4527.104959846512, "num_boost_round": 47.0, "subsample": 0.2850359676938699}, "datetime": {"datetime": "2024-01-20 15:12:01", "elapsed": 2875.313547, "delta": 0.00416}}
{"target": -13.495215028356014, "params": {"colsample_bytree": 0.1281449685540533, "eta": 0.025239163755208675, "gamma": 764.3041438688797, "max_depth": 7.0, "min_child_weight": 4527.104959846512, "num_boost_round": 48.0, "subsample": 0.2850359676938699}, "datetime": {"datetime": "2024-01-20 15:12:01", "elapsed": 2875.31761, "delta": 0.004063}}
{"target": -13.495224883637524, "params": {"colsample_bytree": 0.1281449685540533, "eta": 0.025239163755208675, "gamma": 764.3041438688797, "max_depth": 7.0, "min_child_weight": 4527.104959846512, "num_boost_round": 49.0, "subsample": 0.2850359676938699}, "datetime": {"datetime": "2024-01-20 15:12:01", "elapsed": 2875.321726, "delta": 0.004116}}
{"target": -13.495185100387772, "params": {"colsample_bytree": 0.1281449685540533, "eta": 0.025239163755208675, "gamma": 764.3041438688797, "max_depth": 7.0, "min_child_weight": 4527.104959846512, "num_boost_round": 50.0, "subsample": 0.2850359676938699}, "datetime": {"datetime": "2024-01-20 15:12:01", "elapsed": 2875.32572, "delta": 0.003994}}
{"target": -13.495153025438643, "params": {"colsample_bytree": 0.1281449685540533, "eta": 0.025239163755208675, "gamma": 764.3041438688797, "max_depth": 7.0, "min_child_weight": 4527.104959846512, "num_boost_round": 51.0, "subsample": 0.2850359676938699}, "datetime": {"datetime": "2024-01-20 15:12:01", "elapsed": 2875.329696, "delta": 0.003976}}
{"target": -13.495140838297823, "params": {"colsample_bytree": 0.1281449685540533, "eta": 0.025239163755208675, "gamma": 764.3041438688797, "max_depth": 7.0, "min_child_weight": 4527.104959846512, "num_boost_round": 52.0, "subsample": 0.2850359676938699}, "datetime": {"datetime": "2024-01-20 15:12:01", "elapsed": 2875.333874, "delta": 0.004178}}
{"target": -13.495133766904692, "params": {"colsample_bytree": 0.1281449685540533, "eta": 0.025239163755208675, "gamma": 764.3041438688797, "max_depth": 7.0, "min_child_weight": 4527.104959846512, "num_boost_round": 53.0, "subsample": 0.2850359676938699}, "datetime": {"datetime": "2024-01-20 15:12:01", "elapsed": 2875.338094, "delta": 0.00422}}
{"target": -13.495073377625605, "params": {"colsample_bytree": 0.1281449685540533, "eta": 0.025239163755208675, "gamma": 764.3041438688797, "max_depth": 7.0, "min_child_weight": 4527.104959846512, "num_boost_round": 54.0, "subsample": 0.2850359676938699}, "datetime": {"datetime": "2024-01-20 15:12:01", "elapsed": 2875.342112, "delta": 0.004018}}
{"target": -13.495005626475866, "params": {"colsample_bytree": 0.1281449685540533, "eta": 0.025239163755208675, "gamma": 764.3041438688797, "max_depth": 7.0, "min_child_weight": 4527.104959846512, "num_boost_round": 55.0, "subsample": 0.2850359676938699}, "datetime": {"datetime": "2024-01-20 15:12:01", "elapsed": 2875.346191, "delta": 0.004079}}
{"target": -13.495022812841093, "params": {"colsample_bytree": 0.1281449685540533, "eta": 0.025239163755208675, "gamma": 764.3041438688797, "max_depth": 7.0, "min_child_weight": 4527.104959846512, "num_boost_round": 56.0, "subsample": 0.2850359676938699}, "datetime": {"datetime": "2024-01-20 15:12:01", "elapsed": 2875.350128, "delta": 0.003937}}
{"target": -13.495006032626424, "params": {"colsample_bytree": 0.1281449685540533, "eta": 0.025239163755208675, "gamma": 764.3041438688797, "max_depth": 7.0, "min_child_weight": 4527.104959846512, "num_boost_round": 57.0, "subsample": 0.2850359676938699}, "datetime": {"datetime": "2024-01-20 15:12:01", "elapsed": 2875.354283, "delta": 0.004155}}
{"target": -13.494978894990348, "params": {"colsample_bytree": 0.1281449685540533, "eta": 0.025239163755208675, "gamma": 764.3041438688797, "max_depth": 7.0, "min_child_weight": 4527.104959846512, "num_boost_round": 58.0, "subsample": 0.2850359676938699}, "datetime": {"datetime": "2024-01-20 15:12:01", "elapsed": 2875.358259, "delta": 0.003976}}
{"target": -13.494947482478505, "params": {"colsample_bytree": 0.1281449685540533, "eta": 0.025239163755208675, "gamma": 764.3041438688797, "max_depth": 7.0, "min_child_weight": 4527.104959846512, "num_boost_round": 59.0, "subsample": 0.2850359676938699}, "datetime": {"datetime": "2024-01-20 15:12:01", "elapsed": 2875.362224, "delta": 0.003965}}
{"target": -13.494930641882032, "params": {"colsample_bytree": 0.1281449685540533, "eta": 0.025239163755208675, "gamma": 764.3041438688797, "max_depth": 7.0, "min_child_weight": 4527.104959846512, "num_boost_round": 60.0, "subsample": 0.2850359676938699}, "datetime": {"datetime": "2024-01-20 15:12:01", "elapsed": 2875.366192, "delta": 0.003968}}
{"target": -13.494895658653087, "params": {"colsample_bytree": 0.1281449685540533, "eta": 0.025239163755208675, "gamma": 764.3041438688797, "max_depth": 7.0, "min_child_weight": 4527.104959846512, "num_boost_round": 61.0, "subsample": 0.2850359676938699}, "datetime": {"datetime": "2024-01-20 15:12:01", "elapsed": 2875.370256, "delta": 0.004064}}
{"target": -13.494882338025041, "params": {"colsample_bytree": 0.1281449685540533, "eta": 0.025239163755208675, "gamma": 764.3041438688797, "max_depth": 7.0, "min_child_weight": 4527.104959846512, "num_boost_round": 62.0, "subsample": 0.2850359676938699}, "datetime": {"datetime": "2024-01-20 15:12:01", "elapsed": 2875.374419, "delta": 0.004163}}
{"target": -13.494893507646967, "params": {"colsample_bytree": 0.1281449685540533, "eta": 0.025239163755208675, "gamma": 764.3041438688797, "max_depth": 7.0, "min_child_weight": 4527.104959846512, "num_boost_round": 63.0, "subsample": 0.2850359676938699}, "datetime": {"datetime": "2024-01-20 15:12:01", "elapsed": 2875.378466, "delta": 0.004047}}
{"target": -13.494847526101527, "params": {"colsample_bytree": 0.1281449685540533, "eta": 0.025239163755208675, "gamma": 764.3041438688797, "max_depth": 7.0, "min_child_weight": 4527.104959846512, "num_boost_round": 64.0, "subsample": 0.2850359676938699}, "datetime": {"datetime": "2024-01-20 15:12:01", "elapsed": 2875.382453, "delta": 0.003987}}
{"target": -13.497830517367095, "params": {"colsample_bytree": 0.3005240987321335, "eta": 0.02418755832955081, "gamma": 829.3694636700362, "max_depth": 5.0, "min_child_weight": 4540.799102340764, "num_boost_round": 1.0, "subsample": 0.19481320464492585}, "datetime": {"datetime": "2024-01-20 15:13:51", "elapsed": 2984.632645, "delta": 109.250192}}
{"target": -13.497538814153724, "params": {"colsample_bytree": 0.3005240987321335, "eta": 0.02418755832955081, "gamma": 829.3694636700362, "max_depth": 5.0, "min_child_weight": 4540.799102340764, "num_boost_round": 2.0, "subsample": 0.19481320464492585}, "datetime": {"datetime": "2024-01-20 15:13:51", "elapsed": 2984.637715, "delta": 0.00507}}
{"target": -13.497531356992308, "params": {"colsample_bytree": 0.3005240987321335, "eta": 0.02418755832955081, "gamma": 829.3694636700362, "max_depth": 5.0, "min_child_weight": 4540.799102340764, "num_boost_round": 3.0, "subsample": 0.19481320464492585}, "datetime": {"datetime": "2024-01-20 15:13:51", "elapsed": 2984.641913, "delta": 0.004198}}
{"target": -13.497486134655372, "params": {"colsample_bytree": 0.3005240987321335, "eta": 0.02418755832955081, "gamma": 829.3694636700362, "max_depth": 5.0, "min_child_weight": 4540.799102340764, "num_boost_round": 4.0, "subsample": 0.19481320464492585}, "datetime": {"datetime": "2024-01-20 15:13:51", "elapsed": 2984.645925, "delta": 0.004012}}
{"target": -13.49718221770153, "params": {"colsample_bytree": 0.3005240987321335, "eta": 0.02418755832955081, "gamma": 829.3694636700362, "max_depth": 5.0, "min_child_weight": 4540.799102340764, "num_boost_round": 5.0, "subsample": 0.19481320464492585}, "datetime": {"datetime": "2024-01-20 15:13:51", "elapsed": 2984.649953, "delta": 0.004028}}
