{"target": -15.155429034874272, "params": {"colsample_bytree": 0.5299197646733784, "eta": 0.05026513240499038, "gamma": 578.6540557161493, "max_depth": 7.0, "min_child_weight": 4244.724180323109, "num_boost_round": 17.0, "subsample": 0.2578829034006089}, "datetime": {"datetime": "2024-01-20 14:24:56", "elapsed": 54.199702, "delta": 0.000378}}
{"target": -15.155888538437267, "params": {"colsample_bytree": 0.5299197646733784, "eta": 0.05026513240499038, "gamma": 578.6540557161493, "max_depth": 7.0, "min_child_weight": 4244.724180323109, "num_boost_round": 18.0, "subsample": 0.2578829034006089}, "datetime": {"datetime": "2024-01-20 14:24:56", "elapsed": 54.200078, "delta": 0.000376}}
{"target": -15.154795890206127, "params": {"colsample_bytree": 0.5299197646733784, "eta": 0.05026513240499038, "gamma": 578.6540557161493, "max_depth": 7.0, "min_child_weight": 4244.724180323109, "num_boost_round": 19.0, "subsample": 0.2578829034006089}, "datetime": {"datetime": "2024-01-20 14:24:56", "elapsed": 54.200461, "delta": 0.000383}}
{"target": -15.154832719972648, "params": {"colsample_bytree": 0.5299197646733784, "eta": 0.05026513240499038, "gamma": 578.6540557161493, "max_depth": 7.0, "min_child_weight": 4244.724180323109, "num_boost_round": 20.0, "subsample": 0.2578829034006089}, "datetime": {"datetime": "2024-01-20 14:24:56", "elapsed": 54.200841, "delta": 0.00038}}
{"target": -15.154004048547172, "params": {"colsample_bytree": 0.5299197646733784, "eta": 0.05026513240499038, "gamma": 578.6540557161493, "max_depth": 7.0, "min_child_weight": 4244.724180323109, "num_boost_round": 21.0, "subsample": 0.2578829034006089}, "datetime": {"datetime": "2024-01-20 14:24:56", "elapsed": 54.201304, "delta": 0.000463}}
{"target": -15.154207748916324, "params": {"colsample_bytree": 0.5299197646733784, "eta": 0.05026513240499038, "gamma": 578.6540557161493, "max_depth": 7.0, "min_child_weight": 4244.724180323109, "num_boost_round": 22.0, "subsample": 0.2578829034006089}, "datetime": {"datetime": "2024-01-20 14:24:56", "elapsed": 54.201699, "delta": 0.000395}}
{"target": -15.1531278346209, "params": {"colsample_bytree": 0.5299197646733784, "eta": 0.05026513240499038, "gamma": 578.6540557161493, "max_depth": 7.0, "min_child_weight": 4244.724180323109, "num_boost_round": 23.0, "subsample": 0.2578829034006089}, "datetime": {"datetime": "2024-01-20 14:24:56", "elapsed": 54.202087, "delta": 0.000388}}
{"target": -15.170726214376073, "params": {"colsample_bytree": 0.841418490854697, "eta": 0.06657071735675223, "gamma": 586.957609509642, "max_depth": 6.0, "min_child_weight": 4226.314895072249, "num_boost_round": 1.0, "subsample": 0.1694588797429611}, "datetime": {"datetime": "2024-01-20 14:25:17", "elapsed": 75.438014, "delta": 21.235927}}
{"target": -15.169164780142227, "params": {"colsample_bytree": 0.841418490854697, "eta": 0.06657071735675223, "gamma": 586.957609509642, "max_depth": 6.0, "min_child_weight": 4226.314895072249, "num_boost_round": 2.0, "subsample": 0.1694588797429611}, "datetime": {"datetime": "2024-01-20 14:25:17", "elapsed": 75.438676, "delta": 0.000662}}
{"target": -15.167173663784586, "params": {"colsample_bytree": 0.841418490854697, "eta": 0.06657071735675223, "gamma": 586.957609509642, "max_depth": 6.0, "min_child_weight": 4226.314895072249, "num_boost_round": 3.0, "subsample": 0.1694588797429611}, "datetime": {"datetime": "2024-01-20 14:25:17", "elapsed": 75.439194, "delta": 0.000518}}
{"target": -15.165829673224794, "params": {"colsample_bytree": 0.841418490854697, "eta": 0.06657071735675223, "gamma": 586.957609509642, "max_depth": 6.0, "min_child_weight": 4226.314895072249, "num_boost_round": 4.0, "subsample": 0.1694588797429611}, "datetime": {"datetime": "2024-01-20 14:25:17", "elapsed": 75.440291, "delta": 0.001097}}
{"target": -15.163299581749557, "params": {"colsample_bytree": 0.841418490854697, "eta": 0.06657071735675223, "gamma": 586.957609509642, "max_depth": 6.0, "min_child_weight": 4226.314895072249, "num_boost_round": 5.0, "subsample": 0.1694588797429611}, "datetime": {"datetime": "2024-01-20 14:25:17", "elapsed": 75.440913, "delta": 0.000622}}
{"target": -15.160885559833861, "params": {"colsample_bytree": 0.841418490854697, "eta": 0.06657071735675223, "gamma": 586.957609509642, "max_depth": 6.0, "min_child_weight": 4226.314895072249, "num_boost_round": 6.0, "subsample": 0.1694588797429611}, "datetime": {"datetime": "2024-01-20 14:25:18", "elapsed": 75.441461, "delta": 0.000548}}
{"target": -15.158789095294045, "params": {"colsample_bytree": 0.841418490854697, "eta": 0.06657071735675223, "gamma": 586.957609509642, "max_depth": 6.0, "min_child_weight": 4226.314895072249, "num_boost_round": 7.0, "subsample": 0.1694588797429611}, "datetime": {"datetime": "2024-01-20 14:25:18", "elapsed": 75.441881, "delta": 0.00042}}
{"target": -15.157785413568, "params": {"colsample_bytree": 0.841418490854697, "eta": 0.06657071735675223, "gamma": 586.957609509642, "max_depth": 6.0, "min_child_weight": 4226.314895072249, "num_boost_round": 8.0, "subsample": 0.1694588797429611}, "datetime": {"datetime": "2024-01-20 14:25:18", "elapsed": 75.442299, "delta": 0.000418}}
{"target": -15.15704423245116, "params": {"colsample_bytree": 0.841418490854697, "eta": 0.06657071735675223, "gamma": 586.957609509642, "max_depth": 6.0, "min_child_weight": 4226.314895072249, "num_boost_round": 9.0, "subsample": 0.1694588797429611}, "datetime": {"datetime": "2024-01-20 14:25:18", "elapsed": 75.442728, "delta": 0.000429}}
{"target": -15.155789668991147, "params": {"colsample_bytree": 0.841418490854697, "eta": 0.06657071735675223, "gamma": 586.957609509642, "max_depth": 6.0, "min_child_weight": 4226.314895072249, "num_boost_round": 10.0, "subsample": 0.1694588797429611}, "datetime": {"datetime": "2024-01-20 14:25:18", "elapsed": 75.443144, "delta": 0.000416}}
{"target": -15.154971441769721, "params": {"colsample_bytree": 0.841418490854697, "eta": 0.06657071735675223, "gamma": 586.957609509642, "max_depth": 6.0, "min_child_weight": 4226.314895072249, "num_boost_round": 11.0, "subsample": 0.1694588797429611}, "datetime": {"datetime": "2024-01-20 14:25:18", "elapsed": 75.443708, "delta": 0.000564}}
{"target": -15.154690332901719, "params": {"colsample_bytree": 0.841418490854697, "eta": 0.06657071735675223, "gamma": 586.957609509642, "max_depth": 6.0, "min_child_weight": 4226.314895072249, "num_boost_round": 12.0, "subsample": 0.1694588797429611}, "datetime": {"datetime": "2024-01-20 14:25:18", "elapsed": 75.444129, "delta": 0.000421}}
{"target": -15.153883306783126, "params": {"colsample_bytree": 0.841418490854697, "eta": 0.06657071735675223, "gamma": 586.957609509642, "max_depth": 6.0, "min_child_weight": 4226.314895072249, "num_boost_round": 13.0, "subsample": 0.1694588797429611}, "datetime": {"datetime": "2024-01-20 14:25:18", "elapsed": 75.444547, "delta": 0.000418}}
{"target": -15.152655745751469, "params": {"colsample_bytree": 0.841418490854697, "eta": 0.06657071735675223, "gamma": 586.957609509642, "max_depth": 6.0, "min_child_weight": 4226.314895072249, "num_boost_round": 14.0, "subsample": 0.1694588797429611}, "datetime": {"datetime": "2024-01-20 14:25:18", "elapsed": 75.44496, "delta": 0.000413}}
{"target": -15.152597982391466, "params": {"colsample_bytree": 0.841418490854697, "eta": 0.06657071735675223, "gamma": 586.957609509642, "max_depth": 6.0, "min_child_weight": 4226.314895072249, "num_boost_round": 15.0, "subsample": 0.1694588797429611}, "datetime": {"datetime": "2024-01-20 14:25:18", "elapsed": 75.445384, "delta": 0.000424}}
{"target": -15.152294908444105, "params": {"colsample_bytree": 0.841418490854697, "eta": 0.06657071735675223, "gamma": 586.957609509642, "max_depth": 6.0, "min_child_weight": 4226.314895072249, "num_boost_round": 16.0, "subsample": 0.1694588797429611}, "datetime": {"datetime": "2024-01-20 14:25:18", "elapsed": 75.445815, "delta": 0.000431}}
{"target": -15.171125791908146, "params": {"colsample_bytree": 0.5950621132610413, "eta": 0.07257417622014693, "gamma": 550.0605532433628, "max_depth": 4.0, "min_child_weight": 4223.323360238586, "num_boost_round": 1.0, "subsample": 0.8477033388397448}, "datetime": {"datetime": "2024-01-20 14:25:51", "elapsed": 109.124777, "delta": 33.678962}}
{"target": -15.169737384204877, "params": {"colsample_bytree": 0.5950621132610413, "eta": 0.07257417622014693, "gamma": 550.0605532433628, "max_depth": 4.0, "min_child_weight": 4223.323360238586, "num_boost_round": 2.0, "subsample": 0.8477033388397448}, "datetime": {"datetime": "2024-01-20 14:25:51", "elapsed": 109.126704, "delta": 0.001927}}
{"target": -15.167468962404284, "params": {"colsample_bytree": 0.5950621132610413, "eta": 0.07257417622014693, "gamma": 550.0605532433628, "max_depth": 4.0, "min_child_weight": 4223.323360238586, "num_boost_round": 3.0, "subsample": 0.8477033388397448}, "datetime": {"datetime": "2024-01-20 14:25:51", "elapsed": 109.127146, "delta": 0.000442}}
{"target": -15.166771347829378, "params": {"colsample_bytree": 0.5950621132610413, "eta": 0.07257417622014693, "gamma": 550.0605532433628, "max_depth": 4.0, "min_child_weight": 4223.323360238586, "num_boost_round": 4.0, "subsample": 0.8477033388397448}, "datetime": {"datetime": "2024-01-20 14:25:51", "elapsed": 109.127565, "delta": 0.000419}}
{"target": -15.164001162926773, "params": {"colsample_bytree": 0.5950621132610413, "eta": 0.07257417622014693, "gamma": 550.0605532433628, "max_depth": 4.0, "min_child_weight": 4223.323360238586, "num_boost_round": 5.0, "subsample": 0.8477033388397448}, "datetime": {"datetime": "2024-01-20 14:25:51", "elapsed": 109.127977, "delta": 0.000412}}
{"target": -15.163205808025063, "params": {"colsample_bytree": 0.5950621132610413, "eta": 0.07257417622014693, "gamma": 550.0605532433628, "max_depth": 4.0, "min_child_weight": 4223.323360238586, "num_boost_round": 6.0, "subsample": 0.8477033388397448}, "datetime": {"datetime": "2024-01-20 14:25:51", "elapsed": 109.128391, "delta": 0.000414}}
{"target": -15.162496801441744, "params": {"colsample_bytree": 0.5950621132610413, "eta": 0.07257417622014693, "gamma": 550.0605532433628, "max_depth": 4.0, "min_child_weight": 4223.323360238586, "num_boost_round": 7.0, "subsample": 0.8477033388397448}, "datetime": {"datetime": "2024-01-20 14:25:51", "elapsed": 109.128925, "delta": 0.000534}}
{"target": -15.160924411154298, "params": {"colsample_bytree": 0.5950621132610413, "eta": 0.07257417622014693, "gamma": 550.0605532433628, "max_depth": 4.0, "min_child_weight": 4223.323360238586, "num_boost_round": 8.0, "subsample": 0.8477033388397448}, "datetime": {"datetime": "2024-01-20 14:25:51", "elapsed": 109.129344, "delta": 0.000419}}
{"target": -15.159865946500277, "params": {"colsample_bytree": 0.5950621132610413, "eta": 0.07257417622014693, "gamma": 550.0605532433628, "max_depth": 4.0, "min_child_weight": 4223.323360238586, "num_boost_round": 9.0, "subsample": 0.8477033388397448}, "datetime": {"datetime": "2024-01-20 14:25:51", "elapsed": 109.129755, "delta": 0.000411}}
{"target": -15.159089383412086, "params": {"colsample_bytree": 0.5950621132610413, "eta": 0.07257417622014693, "gamma": 550.0605532433628, "max_depth": 4.0, "min_child_weight": 4223.323360238586, "num_boost_round": 10.0, "subsample": 0.8477033388397448}, "datetime": {"datetime": "2024-01-20 14:25:51", "elapsed": 109.130283, "delta": 0.000528}}
{"target": -15.159243674072396, "params": {"colsample_bytree": 0.5950621132610413, "eta": 0.07257417622014693, "gamma": 550.0605532433628, "max_depth": 4.0, "min_child_weight": 4223.323360238586, "num_boost_round": 11.0, "subsample": 0.8477033388397448}, "datetime": {"datetime": "2024-01-20 14:25:51", "elapsed": 109.130707, "delta": 0.000424}}
{"target": -15.158423273177519, "params": {"colsample_bytree": 0.5950621132610413, "eta": 0.07257417622014693, "gamma": 550.0605532433628, "max_depth": 4.0, "min_child_weight": 4223.323360238586, "num_boost_round": 12.0, "subsample": 0.8477033388397448}, "datetime": {"datetime": "2024-01-20 14:25:51", "elapsed": 109.131119, "delta": 0.000412}}
{"target": -15.159371880995092, "params": {"colsample_bytree": 0.5950621132610413, "eta": 0.07257417622014693, "gamma": 550.0605532433628, "max_depth": 4.0, "min_child_weight": 4223.323360238586, "num_boost_round": 13.0, "subsample": 0.8477033388397448}, "datetime": {"datetime": "2024-01-20 14:25:51", "elapsed": 109.131539, "delta": 0.00042}}
{"target": -15.158182061769178, "params": {"colsample_bytree": 0.5950621132610413, "eta": 0.07257417622014693, "gamma": 550.0605532433628, "max_depth": 4.0, "min_child_weight": 4223.323360238586, "num_boost_round": 14.0, "subsample": 0.8477033388397448}, "datetime": {"datetime": "2024-01-20 14:25:51", "elapsed": 109.131952, "delta": 0.000413}}
{"target": -15.157641382121232, "params": {"colsample_bytree": 0.5950621132610413, "eta": 0.07257417622014693, "gamma": 550.0605532433628, "max_depth": 4.0, "min_child_weight": 4223.323360238586, "num_boost_round": 15.0, "subsample": 0.8477033388397448}, "datetime": {"datetime": "2024-01-20 14:25:51", "elapsed": 109.13242, "delta": 0.000468}}
{"target": -15.158783505946259, "params": {"colsample_bytree": 0.5950621132610413, "eta": 0.07257417622014693, "gamma": 550.0605532433628, "max_depth": 4.0, "min_child_weight": 4223.323360238586, "num_boost_round": 16.0, "subsample": 0.8477033388397448}, "datetime": {"datetime": "2024-01-20 14:25:51", "elapsed": 109.132841, "delta": 0.000421}}
{"target": -15.15921745975866, "params": {"colsample_bytree": 0.5950621132610413, "eta": 0.07257417622014693, "gamma": 550.0605532433628, "max_depth": 4.0, "min_child_weight": 4223.323360238586, "num_boost_round": 17.0, "subsample": 0.8477033388397448}, "datetime": {"datetime": "2024-01-20 14:25:51", "elapsed": 109.13326, "delta": 0.000419}}
{"target": -15.159303721413956, "params": {"colsample_bytree": 0.5950621132610413, "eta": 0.07257417622014693, "gamma": 550.0605532433628, "max_depth": 4.0, "min_child_weight": 4223.323360238586, "num_boost_round": 18.0, "subsample": 0.8477033388397448}, "datetime": {"datetime": "2024-01-20 14:25:51", "elapsed": 109.133688, "delta": 0.000428}}
{"target": -15.159143523606845, "params": {"colsample_bytree": 0.5950621132610413, "eta": 0.07257417622014693, "gamma": 550.0605532433628, "max_depth": 4.0, "min_child_weight": 4223.323360238586, "num_boost_round": 19.0, "subsample": 0.8477033388397448}, "datetime": {"datetime": "2024-01-20 14:25:51", "elapsed": 109.134107, "delta": 0.000419}}
{"target": -15.159203715047862, "params": {"colsample_bytree": 0.5950621132610413, "eta": 0.07257417622014693, "gamma": 550.0605532433628, "max_depth": 4.0, "min_child_weight": 4223.323360238586, "num_boost_round": 20.0, "subsample": 0.8477033388397448}, "datetime": {"datetime": "2024-01-20 14:25:51", "elapsed": 109.134539, "delta": 0.000432}}
{"target": -15.159389378723496, "params": {"colsample_bytree": 0.5950621132610413, "eta": 0.07257417622014693, "gamma": 550.0605532433628, "max_depth": 4.0, "min_child_weight": 4223.323360238586, "num_boost_round": 21.0, "subsample": 0.8477033388397448}, "datetime": {"datetime": "2024-01-20 14:25:51", "elapsed": 109.134962, "delta": 0.000423}}
{"target": -15.15973086727666, "params": {"colsample_bytree": 0.5950621132610413, "eta": 0.07257417622014693, "gamma": 550.0605532433628, "max_depth": 4.0, "min_child_weight": 4223.323360238586, "num_boost_round": 22.0, "subsample": 0.8477033388397448}, "datetime": {"datetime": "2024-01-20 14:25:51", "elapsed": 109.135388, "delta": 0.000426}}
{"target": -15.159112625966046, "params": {"colsample_bytree": 0.5950621132610413, "eta": 0.07257417622014693, "gamma": 550.0605532433628, "max_depth": 4.0, "min_child_weight": 4223.323360238586, "num_boost_round": 23.0, "subsample": 0.8477033388397448}, "datetime": {"datetime": "2024-01-20 14:25:51", "elapsed": 109.135812, "delta": 0.000424}}
{"target": -15.158917823417323, "params": {"colsample_bytree": 0.5950621132610413, "eta": 0.07257417622014693, "gamma": 550.0605532433628, "max_depth": 4.0, "min_child_weight": 4223.323360238586, "num_boost_round": 24.0, "subsample": 0.8477033388397448}, "datetime": {"datetime": "2024-01-20 14:25:51", "elapsed": 109.136233, "delta": 0.000421}}
{"target": -15.159106800865805, "params": {"colsample_bytree": 0.5950621132610413, "eta": 0.07257417622014693, "gamma": 550.0605532433628, "max_depth": 4.0, "min_child_weight": 4223.323360238586, "num_boost_round": 25.0, "subsample": 0.8477033388397448}, "datetime": {"datetime": "2024-01-20 14:25:51", "elapsed": 109.136662, "delta": 0.000429}}
{"target": -15.16003917379971, "params": {"colsample_bytree": 0.5950621132610413, "eta": 0.07257417622014693, "gamma": 550.0605532433628, "max_depth": 4.0, "min_child_weight": 4223.323360238586, "num_boost_round": 26.0, "subsample": 0.8477033388397448}, "datetime": {"datetime": "2024-01-20 14:25:51", "elapsed": 109.137093, "delta": 0.000431}}
{"target": -15.160079583996362, "params": {"colsample_bytree": 0.5950621132610413, "eta": 0.07257417622014693, "gamma": 550.0605532433628, "max_depth": 4.0, "min_child_weight": 4223.323360238586, "num_boost_round": 27.0, "subsample": 0.8477033388397448}, "datetime": {"datetime": "2024-01-20 14:25:51", "elapsed": 109.137532, "delta": 0.000439}}
{"target": -15.159886498936284, "params": {"colsample_bytree": 0.5950621132610413, "eta": 0.07257417622014693, "gamma": 550.0605532433628, "max_depth": 4.0, "min_child_weight": 4223.323360238586, "num_boost_round": 28.0, "subsample": 0.8477033388397448}, "datetime": {"datetime": "2024-01-20 14:25:51", "elapsed": 109.137964, "delta": 0.000432}}
{"target": -15.159584928268202, "params": {"colsample_bytree": 0.5950621132610413, "eta": 0.07257417622014693, "gamma": 550.0605532433628, "max_depth": 4.0, "min_child_weight": 4223.323360238586, "num_boost_round": 29.0, "subsample": 0.8477033388397448}, "datetime": {"datetime": "2024-01-20 14:25:51", "elapsed": 109.138399, "delta": 0.000435}}
{"target": -15.159665715987515, "params": {"colsample_bytree": 0.5950621132610413, "eta": 0.07257417622014693, "gamma": 550.0605532433628, "max_depth": 4.0, "min_child_weight": 4223.323360238586, "num_boost_round": 30.0, "subsample": 0.8477033388397448}, "datetime": {"datetime": "2024-01-20 14:25:51", "elapsed": 109.138839, "delta": 0.00044}}
{"target": -15.1597336766681, "params": {"colsample_bytree": 0.5950621132610413, "eta": 0.07257417622014693, "gamma": 550.0605532433628, "max_depth": 4.0, "min_child_weight": 4223.323360238586, "num_boost_round": 31.0, "subsample": 0.8477033388397448}, "datetime": {"datetime": "2024-01-20 14:25:51", "elapsed": 109.139272, "delta": 0.000433}}
{"target": -15.159865386363313, "params": {"colsample_bytree": 0.5950621132610413, "eta": 0.07257417622014693, "gamma": 550.0605532433628, "max_depth": 4.0, "min_child_weight": 4223.323360238586, "num_boost_round": 32.0, "subsample": 0.8477033388397448}, "datetime": {"datetime": "2024-01-20 14:25:51", "elapsed": 109.139764, "delta": 0.000492}}
{"target": -15.15971275974217, "params": {"colsample_bytree": 0.5950621132610413, "eta": 0.07257417622014693, "gamma": 550.0605532433628, "max_depth": 4.0, "min_child_weight": 4223.323360238586, "num_boost_round": 33.0, "subsample": 0.8477033388397448}, "datetime": {"datetime": "2024-01-20 14:25:51", "elapsed": 109.1402, "delta": 0.000436}}
{"target": -15.159799105415985, "params": {"colsample_bytree": 0.5950621132610413, "eta": 0.07257417622014693, "gamma": 550.0605532433628, "max_depth": 4.0, "min_child_weight": 4223.323360238586, "num_boost_round": 34.0, "subsample": 0.8477033388397448}, "datetime": {"datetime": "2024-01-20 14:25:51", "elapsed": 109.140643, "delta": 0.000443}}
{"target": -15.160033677959952, "params": {"colsample_bytree": 0.5950621132610413, "eta": 0.07257417622014693, "gamma": 550.0605532433628, "max_depth": 4.0, "min_child_weight": 4223.323360238586, "num_boost_round": 35.0, "subsample": 0.8477033388397448}, "datetime": {"datetime": "2024-01-20 14:25:51", "elapsed": 109.141185, "delta": 0.000542}}
{"target": -15.159925279625218, "params": {"colsample_bytree": 0.5950621132610413, "eta": 0.07257417622014693, "gamma": 550.0605532433628, "max_depth": 4.0, "min_child_weight": 4223.323360238586, "num_boost_round": 36.0, "subsample": 0.8477033388397448}, "datetime": {"datetime": "2024-01-20 14:25:51", "elapsed": 109.14178, "delta": 0.000595}}
{"target": -15.160276082598985, "params": {"colsample_bytree": 0.5950621132610413, "eta": 0.07257417622014693, "gamma": 550.0605532433628, "max_depth": 4.0, "min_child_weight": 4223.323360238586, "num_boost_round": 37.0, "subsample": 0.8477033388397448}, "datetime": {"datetime": "2024-01-20 14:25:51", "elapsed": 109.142276, "delta": 0.000496}}
{"target": -15.160175885649352, "params": {"colsample_bytree": 0.5950621132610413, "eta": 0.07257417622014693, "gamma": 550.0605532433628, "max_depth": 4.0, "min_child_weight": 4223.323360238586, "num_boost_round": 38.0, "subsample": 0.8477033388397448}, "datetime": {"datetime": "2024-01-20 14:25:51", "elapsed": 109.142837, "delta": 0.000561}}
{"target": -15.160262243215339, "params": {"colsample_bytree": 0.5950621132610413, "eta": 0.07257417622014693, "gamma": 550.0605532433628, "max_depth": 4.0, "min_child_weight": 4223.323360238586, "num_boost_round": 39.0, "subsample": 0.8477033388397448}, "datetime": {"datetime": "2024-01-20 14:25:51", "elapsed": 109.143289, "delta": 0.000452}}
{"target": -15.160271351904342, "params": {"colsample_bytree": 0.5950621132610413, "eta": 0.07257417622014693, "gamma": 550.0605532433628, "max_depth": 4.0, "min_child_weight": 4223.323360238586, "num_boost_round": 40.0, "subsample": 0.8477033388397448}, "datetime": {"datetime": "2024-01-20 14:25:51", "elapsed": 109.143746, "delta": 0.000457}}
