{"target": -13.397716573721544, "params": {"colsample_bytree": 0.5712948131531178, "eta": 0.010801919711398591, "gamma": 981.8755425359284, "max_depth": 5.0, "min_child_weight": 4511.553826606877, "num_boost_round": 25.0, "subsample": 0.5525567821433262}, "datetime": {"datetime": "2024-01-20 16:32:02", "elapsed": 7656.742859, "delta": 0.004242}}
{"target": -13.397829538208386, "params": {"colsample_bytree": 0.5712948131531178, "eta": 0.010801919711398591, "gamma": 981.8755425359284, "max_depth": 5.0, "min_child_weight": 4511.553826606877, "num_boost_round": 26.0, "subsample": 0.5525567821433262}, "datetime": {"datetime": "2024-01-20 16:32:02", "elapsed": 7656.747313, "delta": 0.004454}}
{"target": -13.3979041141009, "params": {"colsample_bytree": 0.5712948131531178, "eta": 0.010801919711398591, "gamma": 981.8755425359284, "max_depth": 5.0, "min_child_weight": 4511.553826606877, "num_boost_round": 27.0, "subsample": 0.5525567821433262}, "datetime": {"datetime": "2024-01-20 16:32:02", "elapsed": 7656.751622, "delta": 0.004309}}
{"target": -13.397985281654709, "params": {"colsample_bytree": 0.5712948131531178, "eta": 0.010801919711398591, "gamma": 981.8755425359284, "max_depth": 5.0, "min_child_weight": 4511.553826606877, "num_boost_round": 28.0, "subsample": 0.5525567821433262}, "datetime": {"datetime": "2024-01-20 16:32:02", "elapsed": 7656.756035, "delta": 0.004413}}
{"target": -13.397987094931656, "params": {"colsample_bytree": 0.5712948131531178, "eta": 0.010801919711398591, "gamma": 981.8755425359284, "max_depth": 5.0, "min_child_weight": 4511.553826606877, "num_boost_round": 29.0, "subsample": 0.5525567821433262}, "datetime": {"datetime": "2024-01-20 16:32:02", "elapsed": 7656.760349, "delta": 0.004314}}
{"target": -13.397812945056277, "params": {"colsample_bytree": 0.16923056258517966, "eta": 0.07498436365766634, "gamma": 928.3103152881836, "max_depth": 4.0, "min_child_weight": 4509.412026634855, "num_boost_round": 1.0, "subsample": 0.5577589907146344}, "datetime": {"datetime": "2024-01-20 16:32:59", "elapsed": 7714.609704, "delta": 57.849355}}
{"target": -13.398010114948068, "params": {"colsample_bytree": 0.16923056258517966, "eta": 0.07498436365766634, "gamma": 928.3103152881836, "max_depth": 4.0, "min_child_weight": 4509.412026634855, "num_boost_round": 2.0, "subsample": 0.5577589907146344}, "datetime": {"datetime": "2024-01-20 16:32:59", "elapsed": 7714.616432, "delta": 0.006728}}
{"target": -13.39760568382917, "params": {"colsample_bytree": 0.5634112884144468, "eta": 0.03982656944379961, "gamma": 958.4573599570937, "max_depth": 2.0, "min_child_weight": 4563.106895842794, "num_boost_round": 1.0, "subsample": 0.2539044844411781}, "datetime": {"datetime": "2024-01-20 16:33:56", "elapsed": 7770.848639, "delta": 56.232207}}
{"target": -13.397549066646079, "params": {"colsample_bytree": 0.5634112884144468, "eta": 0.03982656944379961, "gamma": 958.4573599570937, "max_depth": 2.0, "min_child_weight": 4563.106895842794, "num_boost_round": 2.0, "subsample": 0.2539044844411781}, "datetime": {"datetime": "2024-01-20 16:33:56", "elapsed": 7770.854977, "delta": 0.006338}}
{"target": -13.397498733753737, "params": {"colsample_bytree": 0.5634112884144468, "eta": 0.03982656944379961, "gamma": 958.4573599570937, "max_depth": 2.0, "min_child_weight": 4563.106895842794, "num_boost_round": 3.0, "subsample": 0.2539044844411781}, "datetime": {"datetime": "2024-01-20 16:33:56", "elapsed": 7770.8596, "delta": 0.004623}}
{"target": -13.39727966303752, "params": {"colsample_bytree": 0.5634112884144468, "eta": 0.03982656944379961, "gamma": 958.4573599570937, "max_depth": 2.0, "min_child_weight": 4563.106895842794, "num_boost_round": 4.0, "subsample": 0.2539044844411781}, "datetime": {"datetime": "2024-01-20 16:33:56", "elapsed": 7770.864217, "delta": 0.004617}}
{"target": -13.397254955963843, "params": {"colsample_bytree": 0.5634112884144468, "eta": 0.03982656944379961, "gamma": 958.4573599570937, "max_depth": 2.0, "min_child_weight": 4563.106895842794, "num_boost_round": 5.0, "subsample": 0.2539044844411781}, "datetime": {"datetime": "2024-01-20 16:33:56", "elapsed": 7770.868724, "delta": 0.004507}}
{"target": -13.39715504154826, "params": {"colsample_bytree": 0.5634112884144468, "eta": 0.03982656944379961, "gamma": 958.4573599570937, "max_depth": 2.0, "min_child_weight": 4563.106895842794, "num_boost_round": 6.0, "subsample": 0.2539044844411781}, "datetime": {"datetime": "2024-01-20 16:33:56", "elapsed": 7770.873151, "delta": 0.004427}}
{"target": -13.39734824935701, "params": {"colsample_bytree": 0.5634112884144468, "eta": 0.03982656944379961, "gamma": 958.4573599570937, "max_depth": 2.0, "min_child_weight": 4563.106895842794, "num_boost_round": 7.0, "subsample": 0.2539044844411781}, "datetime": {"datetime": "2024-01-20 16:33:56", "elapsed": 7770.877638, "delta": 0.004487}}
{"target": -13.397650279424912, "params": {"colsample_bytree": 0.5634112884144468, "eta": 0.03982656944379961, "gamma": 958.4573599570937, "max_depth": 2.0, "min_child_weight": 4563.106895842794, "num_boost_round": 8.0, "subsample": 0.2539044844411781}, "datetime": {"datetime": "2024-01-20 16:33:56", "elapsed": 7770.882157, "delta": 0.004519}}
{"target": -13.397699486659063, "params": {"colsample_bytree": 0.5634112884144468, "eta": 0.03982656944379961, "gamma": 958.4573599570937, "max_depth": 2.0, "min_child_weight": 4563.106895842794, "num_boost_round": 9.0, "subsample": 0.2539044844411781}, "datetime": {"datetime": "2024-01-20 16:33:56", "elapsed": 7770.886651, "delta": 0.004494}}
{"target": -13.39777334893096, "params": {"colsample_bytree": 0.5634112884144468, "eta": 0.03982656944379961, "gamma": 958.4573599570937, "max_depth": 2.0, "min_child_weight": 4563.106895842794, "num_boost_round": 10.0, "subsample": 0.2539044844411781}, "datetime": {"datetime": "2024-01-20 16:33:56", "elapsed": 7770.891192, "delta": 0.004541}}
{"target": -13.397778484563636, "params": {"colsample_bytree": 0.5634112884144468, "eta": 0.03982656944379961, "gamma": 958.4573599570937, "max_depth": 2.0, "min_child_weight": 4563.106895842794, "num_boost_round": 11.0, "subsample": 0.2539044844411781}, "datetime": {"datetime": "2024-01-20 16:33:56", "elapsed": 7770.895654, "delta": 0.004462}}
{"target": -13.3979581040455, "params": {"colsample_bytree": 0.5634112884144468, "eta": 0.03982656944379961, "gamma": 958.4573599570937, "max_depth": 2.0, "min_child_weight": 4563.106895842794, "num_boost_round": 12.0, "subsample": 0.2539044844411781}, "datetime": {"datetime": "2024-01-20 16:33:56", "elapsed": 7770.900312, "delta": 0.004658}}
{"target": -13.3979871075862, "params": {"colsample_bytree": 0.5634112884144468, "eta": 0.03982656944379961, "gamma": 958.4573599570937, "max_depth": 2.0, "min_child_weight": 4563.106895842794, "num_boost_round": 13.0, "subsample": 0.2539044844411781}, "datetime": {"datetime": "2024-01-20 16:33:56", "elapsed": 7770.904782, "delta": 0.00447}}
{"target": -13.398078832472926, "params": {"colsample_bytree": 0.5634112884144468, "eta": 0.03982656944379961, "gamma": 958.4573599570937, "max_depth": 2.0, "min_child_weight": 4563.106895842794, "num_boost_round": 14.0, "subsample": 0.2539044844411781}, "datetime": {"datetime": "2024-01-20 16:33:56", "elapsed": 7770.909203, "delta": 0.004421}}
{"target": -13.398239256680124, "params": {"colsample_bytree": 0.5634112884144468, "eta": 0.03982656944379961, "gamma": 958.4573599570937, "max_depth": 2.0, "min_child_weight": 4563.106895842794, "num_boost_round": 15.0, "subsample": 0.2539044844411781}, "datetime": {"datetime": "2024-01-20 16:33:56", "elapsed": 7770.913612, "delta": 0.004409}}
{"target": -13.398359270089628, "params": {"colsample_bytree": 0.5634112884144468, "eta": 0.03982656944379961, "gamma": 958.4573599570937, "max_depth": 2.0, "min_child_weight": 4563.106895842794, "num_boost_round": 16.0, "subsample": 0.2539044844411781}, "datetime": {"datetime": "2024-01-20 16:33:56", "elapsed": 7770.918393, "delta": 0.004781}}
{"target": -13.398486221009131, "params": {"colsample_bytree": 0.5634112884144468, "eta": 0.03982656944379961, "gamma": 958.4573599570937, "max_depth": 2.0, "min_child_weight": 4563.106895842794, "num_boost_round": 17.0, "subsample": 0.2539044844411781}, "datetime": {"datetime": "2024-01-20 16:33:56", "elapsed": 7770.922837, "delta": 0.004444}}
{"target": -13.398544827567239, "params": {"colsample_bytree": 0.5634112884144468, "eta": 0.03982656944379961, "gamma": 958.4573599570937, "max_depth": 2.0, "min_child_weight": 4563.106895842794, "num_boost_round": 18.0, "subsample": 0.2539044844411781}, "datetime": {"datetime": "2024-01-20 16:33:56", "elapsed": 7770.92732, "delta": 0.004483}}
{"target": -13.398669209768235, "params": {"colsample_bytree": 0.5634112884144468, "eta": 0.03982656944379961, "gamma": 958.4573599570937, "max_depth": 2.0, "min_child_weight": 4563.106895842794, "num_boost_round": 19.0, "subsample": 0.2539044844411781}, "datetime": {"datetime": "2024-01-20 16:33:56", "elapsed": 7770.931655, "delta": 0.004335}}
{"target": -13.398809320942782, "params": {"colsample_bytree": 0.5634112884144468, "eta": 0.03982656944379961, "gamma": 958.4573599570937, "max_depth": 2.0, "min_child_weight": 4563.106895842794, "num_boost_round": 20.0, "subsample": 0.2539044844411781}, "datetime": {"datetime": "2024-01-20 16:33:56", "elapsed": 7770.936245, "delta": 0.00459}}
{"target": -13.39883426010271, "params": {"colsample_bytree": 0.5634112884144468, "eta": 0.03982656944379961, "gamma": 958.4573599570937, "max_depth": 2.0, "min_child_weight": 4563.106895842794, "num_boost_round": 21.0, "subsample": 0.2539044844411781}, "datetime": {"datetime": "2024-01-20 16:33:56", "elapsed": 7770.940541, "delta": 0.004296}}
{"target": -13.39893018773375, "params": {"colsample_bytree": 0.5634112884144468, "eta": 0.03982656944379961, "gamma": 958.4573599570937, "max_depth": 2.0, "min_child_weight": 4563.106895842794, "num_boost_round": 22.0, "subsample": 0.2539044844411781}, "datetime": {"datetime": "2024-01-20 16:33:56", "elapsed": 7770.945007, "delta": 0.004466}}
{"target": -13.399102675355733, "params": {"colsample_bytree": 0.5634112884144468, "eta": 0.03982656944379961, "gamma": 958.4573599570937, "max_depth": 2.0, "min_child_weight": 4563.106895842794, "num_boost_round": 23.0, "subsample": 0.2539044844411781}, "datetime": {"datetime": "2024-01-20 16:33:56", "elapsed": 7770.94966, "delta": 0.004653}}
{"target": -13.39915516540528, "params": {"colsample_bytree": 0.5634112884144468, "eta": 0.03982656944379961, "gamma": 958.4573599570937, "max_depth": 2.0, "min_child_weight": 4563.106895842794, "num_boost_round": 24.0, "subsample": 0.2539044844411781}, "datetime": {"datetime": "2024-01-20 16:33:56", "elapsed": 7770.954209, "delta": 0.004549}}
{"target": -13.399327395959531, "params": {"colsample_bytree": 0.5634112884144468, "eta": 0.03982656944379961, "gamma": 958.4573599570937, "max_depth": 2.0, "min_child_weight": 4563.106895842794, "num_boost_round": 25.0, "subsample": 0.2539044844411781}, "datetime": {"datetime": "2024-01-20 16:33:56", "elapsed": 7770.958649, "delta": 0.00444}}
{"target": -13.397543701792195, "params": {"colsample_bytree": 0.5860321100465845, "eta": 0.01903118958079105, "gamma": 896.2211275776824, "max_depth": 8.0, "min_child_weight": 4596.854293795298, "num_boost_round": 1.0, "subsample": 0.21395900048392186}, "datetime": {"datetime": "2024-01-20 16:34:52", "elapsed": 7827.403686, "delta": 56.445037}}
{"target": -13.397406531788338, "params": {"colsample_bytree": 0.5860321100465845, "eta": 0.01903118958079105, "gamma": 896.2211275776824, "max_depth": 8.0, "min_child_weight": 4596.854293795298, "num_boost_round": 2.0, "subsample": 0.21395900048392186}, "datetime": {"datetime": "2024-01-20 16:34:52", "elapsed": 7827.409333, "delta": 0.005647}}
{"target": -13.39723364690878, "params": {"colsample_bytree": 0.5860321100465845, "eta": 0.01903118958079105, "gamma": 896.2211275776824, "max_depth": 8.0, "min_child_weight": 4596.854293795298, "num_boost_round": 3.0, "subsample": 0.21395900048392186}, "datetime": {"datetime": "2024-01-20 16:34:52", "elapsed": 7827.414115, "delta": 0.004782}}
{"target": -13.396987686051489, "params": {"colsample_bytree": 0.5860321100465845, "eta": 0.01903118958079105, "gamma": 896.2211275776824, "max_depth": 8.0, "min_child_weight": 4596.854293795298, "num_boost_round": 4.0, "subsample": 0.21395900048392186}, "datetime": {"datetime": "2024-01-20 16:34:52", "elapsed": 7827.418537, "delta": 0.004422}}
{"target": -13.39672262555463, "params": {"colsample_bytree": 0.5860321100465845, "eta": 0.01903118958079105, "gamma": 896.2211275776824, "max_depth": 8.0, "min_child_weight": 4596.854293795298, "num_boost_round": 5.0, "subsample": 0.21395900048392186}, "datetime": {"datetime": "2024-01-20 16:34:52", "elapsed": 7827.422883, "delta": 0.004346}}
{"target": -13.396466718991977, "params": {"colsample_bytree": 0.5860321100465845, "eta": 0.01903118958079105, "gamma": 896.2211275776824, "max_depth": 8.0, "min_child_weight": 4596.854293795298, "num_boost_round": 6.0, "subsample": 0.21395900048392186}, "datetime": {"datetime": "2024-01-20 16:34:52", "elapsed": 7827.427472, "delta": 0.004589}}
{"target": -13.397524247524702, "params": {"colsample_bytree": 0.3455736589548345, "eta": 0.059779216170862876, "gamma": 858.2008730651016, "max_depth": 8.0, "min_child_weight": 4598.8989180980225, "num_boost_round": 1.0, "subsample": 0.8025755082707429}, "datetime": {"datetime": "2024-01-20 16:36:20", "elapsed": 7915.638175, "delta": 88.210703}}
{"target": -13.39734715245894, "params": {"colsample_bytree": 0.3455736589548345, "eta": 0.059779216170862876, "gamma": 858.2008730651016, "max_depth": 8.0, "min_child_weight": 4598.8989180980225, "num_boost_round": 2.0, "subsample": 0.8025755082707429}, "datetime": {"datetime": "2024-01-20 16:36:20", "elapsed": 7915.644802, "delta": 0.006627}}
{"target": -13.397183935219067, "params": {"colsample_bytree": 0.3455736589548345, "eta": 0.059779216170862876, "gamma": 858.2008730651016, "max_depth": 8.0, "min_child_weight": 4598.8989180980225, "num_boost_round": 3.0, "subsample": 0.8025755082707429}, "datetime": {"datetime": "2024-01-20 16:36:20", "elapsed": 7915.649344, "delta": 0.004542}}
{"target": -13.39791435968975, "params": {"colsample_bytree": 0.3455736589548345, "eta": 0.059779216170862876, "gamma": 858.2008730651016, "max_depth": 8.0, "min_child_weight": 4598.8989180980225, "num_boost_round": 4.0, "subsample": 0.8025755082707429}, "datetime": {"datetime": "2024-01-20 16:36:21", "elapsed": 7915.653774, "delta": 0.00443}}
{"target": -13.39866305136668, "params": {"colsample_bytree": 0.3455736589548345, "eta": 0.059779216170862876, "gamma": 858.2008730651016, "max_depth": 8.0, "min_child_weight": 4598.8989180980225, "num_boost_round": 5.0, "subsample": 0.8025755082707429}, "datetime": {"datetime": "2024-01-20 16:36:21", "elapsed": 7915.658283, "delta": 0.004509}}
{"target": -13.398865988324188, "params": {"colsample_bytree": 0.3455736589548345, "eta": 0.059779216170862876, "gamma": 858.2008730651016, "max_depth": 8.0, "min_child_weight": 4598.8989180980225, "num_boost_round": 6.0, "subsample": 0.8025755082707429}, "datetime": {"datetime": "2024-01-20 16:36:21", "elapsed": 7915.662991, "delta": 0.004708}}
{"target": -13.399477556267726, "params": {"colsample_bytree": 0.3455736589548345, "eta": 0.059779216170862876, "gamma": 858.2008730651016, "max_depth": 8.0, "min_child_weight": 4598.8989180980225, "num_boost_round": 7.0, "subsample": 0.8025755082707429}, "datetime": {"datetime": "2024-01-20 16:36:21", "elapsed": 7915.667314, "delta": 0.004323}}
{"target": -13.399754177216302, "params": {"colsample_bytree": 0.3455736589548345, "eta": 0.059779216170862876, "gamma": 858.2008730651016, "max_depth": 8.0, "min_child_weight": 4598.8989180980225, "num_boost_round": 8.0, "subsample": 0.8025755082707429}, "datetime": {"datetime": "2024-01-20 16:36:21", "elapsed": 7915.671747, "delta": 0.004433}}
{"target": -13.400672849884078, "params": {"colsample_bytree": 0.3455736589548345, "eta": 0.059779216170862876, "gamma": 858.2008730651016, "max_depth": 8.0, "min_child_weight": 4598.8989180980225, "num_boost_round": 9.0, "subsample": 0.8025755082707429}, "datetime": {"datetime": "2024-01-20 16:36:21", "elapsed": 7915.67637, "delta": 0.004623}}
{"target": -13.401253273888969, "params": {"colsample_bytree": 0.3455736589548345, "eta": 0.059779216170862876, "gamma": 858.2008730651016, "max_depth": 8.0, "min_child_weight": 4598.8989180980225, "num_boost_round": 10.0, "subsample": 0.8025755082707429}, "datetime": {"datetime": "2024-01-20 16:36:21", "elapsed": 7915.680991, "delta": 0.004621}}
{"target": -13.401572732831504, "params": {"colsample_bytree": 0.3455736589548345, "eta": 0.059779216170862876, "gamma": 858.2008730651016, "max_depth": 8.0, "min_child_weight": 4598.8989180980225, "num_boost_round": 11.0, "subsample": 0.8025755082707429}, "datetime": {"datetime": "2024-01-20 16:36:21", "elapsed": 7915.685369, "delta": 0.004378}}
{"target": -13.402061650212222, "params": {"colsample_bytree": 0.3455736589548345, "eta": 0.059779216170862876, "gamma": 858.2008730651016, "max_depth": 8.0, "min_child_weight": 4598.8989180980225, "num_boost_round": 12.0, "subsample": 0.8025755082707429}, "datetime": {"datetime": "2024-01-20 16:36:21", "elapsed": 7915.689836, "delta": 0.004467}}
{"target": -13.402389674222555, "params": {"colsample_bytree": 0.3455736589548345, "eta": 0.059779216170862876, "gamma": 858.2008730651016, "max_depth": 8.0, "min_child_weight": 4598.8989180980225, "num_boost_round": 13.0, "subsample": 0.8025755082707429}, "datetime": {"datetime": "2024-01-20 16:36:21", "elapsed": 7915.694435, "delta": 0.004599}}
{"target": -13.402521327929662, "params": {"colsample_bytree": 0.3455736589548345, "eta": 0.059779216170862876, "gamma": 858.2008730651016, "max_depth": 8.0, "min_child_weight": 4598.8989180980225, "num_boost_round": 14.0, "subsample": 0.8025755082707429}, "datetime": {"datetime": "2024-01-20 16:36:21", "elapsed": 7915.699186, "delta": 0.004751}}
{"target": -13.402758250492052, "params": {"colsample_bytree": 0.3455736589548345, "eta": 0.059779216170862876, "gamma": 858.2008730651016, "max_depth": 8.0, "min_child_weight": 4598.8989180980225, "num_boost_round": 15.0, "subsample": 0.8025755082707429}, "datetime": {"datetime": "2024-01-20 16:36:21", "elapsed": 7915.703785, "delta": 0.004599}}
{"target": -13.403136869146477, "params": {"colsample_bytree": 0.3455736589548345, "eta": 0.059779216170862876, "gamma": 858.2008730651016, "max_depth": 8.0, "min_child_weight": 4598.8989180980225, "num_boost_round": 16.0, "subsample": 0.8025755082707429}, "datetime": {"datetime": "2024-01-20 16:36:21", "elapsed": 7915.708252, "delta": 0.004467}}
{"target": -13.403669767358789, "params": {"colsample_bytree": 0.3455736589548345, "eta": 0.059779216170862876, "gamma": 858.2008730651016, "max_depth": 8.0, "min_child_weight": 4598.8989180980225, "num_boost_round": 17.0, "subsample": 0.8025755082707429}, "datetime": {"datetime": "2024-01-20 16:36:21", "elapsed": 7915.712654, "delta": 0.004402}}
{"target": -13.404328751196733, "params": {"colsample_bytree": 0.3455736589548345, "eta": 0.059779216170862876, "gamma": 858.2008730651016, "max_depth": 8.0, "min_child_weight": 4598.8989180980225, "num_boost_round": 18.0, "subsample": 0.8025755082707429}, "datetime": {"datetime": "2024-01-20 16:36:21", "elapsed": 7915.717489, "delta": 0.004835}}
{"target": -13.405206732970687, "params": {"colsample_bytree": 0.3455736589548345, "eta": 0.059779216170862876, "gamma": 858.2008730651016, "max_depth": 8.0, "min_child_weight": 4598.8989180980225, "num_boost_round": 19.0, "subsample": 0.8025755082707429}, "datetime": {"datetime": "2024-01-20 16:36:21", "elapsed": 7915.721802, "delta": 0.004313}}
{"target": -13.405673307988966, "params": {"colsample_bytree": 0.3455736589548345, "eta": 0.059779216170862876, "gamma": 858.2008730651016, "max_depth": 8.0, "min_child_weight": 4598.8989180980225, "num_boost_round": 20.0, "subsample": 0.8025755082707429}, "datetime": {"datetime": "2024-01-20 16:36:21", "elapsed": 7915.726214, "delta": 0.004412}}
{"target": -13.405805751918102, "params": {"colsample_bytree": 0.3455736589548345, "eta": 0.059779216170862876, "gamma": 858.2008730651016, "max_depth": 8.0, "min_child_weight": 4598.8989180980225, "num_boost_round": 21.0, "subsample": 0.8025755082707429}, "datetime": {"datetime": "2024-01-20 16:36:21", "elapsed": 7915.730735, "delta": 0.004521}}
{"target": -13.40594092083434, "params": {"colsample_bytree": 0.3455736589548345, "eta": 0.059779216170862876, "gamma": 858.2008730651016, "max_depth": 8.0, "min_child_weight": 4598.8989180980225, "num_boost_round": 22.0, "subsample": 0.8025755082707429}, "datetime": {"datetime": "2024-01-20 16:36:21", "elapsed": 7915.73532, "delta": 0.004585}}
{"target": -13.406455453879438, "params": {"colsample_bytree": 0.3455736589548345, "eta": 0.059779216170862876, "gamma": 858.2008730651016, "max_depth": 8.0, "min_child_weight": 4598.8989180980225, "num_boost_round": 23.0, "subsample": 0.8025755082707429}, "datetime": {"datetime": "2024-01-20 16:36:21", "elapsed": 7915.739845, "delta": 0.004525}}
{"target": -13.407128668533993, "params": {"colsample_bytree": 0.3455736589548345, "eta": 0.059779216170862876, "gamma": 858.2008730651016, "max_depth": 8.0, "min_child_weight": 4598.8989180980225, "num_boost_round": 24.0, "subsample": 0.8025755082707429}, "datetime": {"datetime": "2024-01-20 16:36:21", "elapsed": 7915.744131, "delta": 0.004286}}
{"target": -13.407464079681136, "params": {"colsample_bytree": 0.3455736589548345, "eta": 0.059779216170862876, "gamma": 858.2008730651016, "max_depth": 8.0, "min_child_weight": 4598.8989180980225, "num_boost_round": 25.0, "subsample": 0.8025755082707429}, "datetime": {"datetime": "2024-01-20 16:36:21", "elapsed": 7915.748773, "delta": 0.004642}}
