{"target": -10.474303599816114, "params": {"colsample_bytree": 0.672767136704939, "eta": 0.018312425718814324, "gamma": 831.4419740668633, "max_depth": 4.0, "min_child_weight": 4680.435826664496, "num_boost_round": 34.0, "subsample": 0.9236604716965982}, "datetime": {"datetime": "2024-01-20 13:56:48", "elapsed": 1900.775283, "delta": 0.002284}}
{"target": -10.474386674632084, "params": {"colsample_bytree": 0.672767136704939, "eta": 0.018312425718814324, "gamma": 831.4419740668633, "max_depth": 4.0, "min_child_weight": 4680.435826664496, "num_boost_round": 35.0, "subsample": 0.9236604716965982}, "datetime": {"datetime": "2024-01-20 13:56:48", "elapsed": 1900.77774, "delta": 0.002457}}
{"target": -10.474363480341946, "params": {"colsample_bytree": 0.672767136704939, "eta": 0.018312425718814324, "gamma": 831.4419740668633, "max_depth": 4.0, "min_child_weight": 4680.435826664496, "num_boost_round": 36.0, "subsample": 0.9236604716965982}, "datetime": {"datetime": "2024-01-20 13:56:48", "elapsed": 1900.780032, "delta": 0.002292}}
{"target": -10.474468047584981, "params": {"colsample_bytree": 0.672767136704939, "eta": 0.018312425718814324, "gamma": 831.4419740668633, "max_depth": 4.0, "min_child_weight": 4680.435826664496, "num_boost_round": 37.0, "subsample": 0.9236604716965982}, "datetime": {"datetime": "2024-01-20 13:56:48", "elapsed": 1900.782318, "delta": 0.002286}}
{"target": -10.474513548264577, "params": {"colsample_bytree": 0.672767136704939, "eta": 0.018312425718814324, "gamma": 831.4419740668633, "max_depth": 4.0, "min_child_weight": 4680.435826664496, "num_boost_round": 38.0, "subsample": 0.9236604716965982}, "datetime": {"datetime": "2024-01-20 13:56:48", "elapsed": 1900.78462, "delta": 0.002302}}
{"target": -10.474662442712347, "params": {"colsample_bytree": 0.672767136704939, "eta": 0.018312425718814324, "gamma": 831.4419740668633, "max_depth": 4.0, "min_child_weight": 4680.435826664496, "num_boost_round": 39.0, "subsample": 0.9236604716965982}, "datetime": {"datetime": "2024-01-20 13:56:48", "elapsed": 1900.786909, "delta": 0.002289}}
{"target": -10.474804420664135, "params": {"colsample_bytree": 0.672767136704939, "eta": 0.018312425718814324, "gamma": 831.4419740668633, "max_depth": 4.0, "min_child_weight": 4680.435826664496, "num_boost_round": 40.0, "subsample": 0.9236604716965982}, "datetime": {"datetime": "2024-01-20 13:56:48", "elapsed": 1900.789218, "delta": 0.002309}}
{"target": -10.474965194763385, "params": {"colsample_bytree": 0.672767136704939, "eta": 0.018312425718814324, "gamma": 831.4419740668633, "max_depth": 4.0, "min_child_weight": 4680.435826664496, "num_boost_round": 41.0, "subsample": 0.9236604716965982}, "datetime": {"datetime": "2024-01-20 13:56:48", "elapsed": 1900.791549, "delta": 0.002331}}
{"target": -10.475041549535796, "params": {"colsample_bytree": 0.672767136704939, "eta": 0.018312425718814324, "gamma": 831.4419740668633, "max_depth": 4.0, "min_child_weight": 4680.435826664496, "num_boost_round": 42.0, "subsample": 0.9236604716965982}, "datetime": {"datetime": "2024-01-20 13:56:48", "elapsed": 1900.793831, "delta": 0.002282}}
{"target": -10.47517200208835, "params": {"colsample_bytree": 0.672767136704939, "eta": 0.018312425718814324, "gamma": 831.4419740668633, "max_depth": 4.0, "min_child_weight": 4680.435826664496, "num_boost_round": 43.0, "subsample": 0.9236604716965982}, "datetime": {"datetime": "2024-01-20 13:56:48", "elapsed": 1900.796102, "delta": 0.002271}}
{"target": -10.475243563883197, "params": {"colsample_bytree": 0.672767136704939, "eta": 0.018312425718814324, "gamma": 831.4419740668633, "max_depth": 4.0, "min_child_weight": 4680.435826664496, "num_boost_round": 44.0, "subsample": 0.9236604716965982}, "datetime": {"datetime": "2024-01-20 13:56:48", "elapsed": 1900.798525, "delta": 0.002423}}
{"target": -10.475354738498318, "params": {"colsample_bytree": 0.672767136704939, "eta": 0.018312425718814324, "gamma": 831.4419740668633, "max_depth": 4.0, "min_child_weight": 4680.435826664496, "num_boost_round": 45.0, "subsample": 0.9236604716965982}, "datetime": {"datetime": "2024-01-20 13:56:48", "elapsed": 1900.800825, "delta": 0.0023}}
{"target": -10.475457757962056, "params": {"colsample_bytree": 0.672767136704939, "eta": 0.018312425718814324, "gamma": 831.4419740668633, "max_depth": 4.0, "min_child_weight": 4680.435826664496, "num_boost_round": 46.0, "subsample": 0.9236604716965982}, "datetime": {"datetime": "2024-01-20 13:56:48", "elapsed": 1900.803102, "delta": 0.002277}}
{"target": -10.475502427261363, "params": {"colsample_bytree": 0.672767136704939, "eta": 0.018312425718814324, "gamma": 831.4419740668633, "max_depth": 4.0, "min_child_weight": 4680.435826664496, "num_boost_round": 47.0, "subsample": 0.9236604716965982}, "datetime": {"datetime": "2024-01-20 13:56:48", "elapsed": 1900.805426, "delta": 0.002324}}
{"target": -10.475571345900338, "params": {"colsample_bytree": 0.672767136704939, "eta": 0.018312425718814324, "gamma": 831.4419740668633, "max_depth": 4.0, "min_child_weight": 4680.435826664496, "num_boost_round": 48.0, "subsample": 0.9236604716965982}, "datetime": {"datetime": "2024-01-20 13:56:49", "elapsed": 1901.124299, "delta": 0.318873}}
{"target": -10.475637422408933, "params": {"colsample_bytree": 0.672767136704939, "eta": 0.018312425718814324, "gamma": 831.4419740668633, "max_depth": 4.0, "min_child_weight": 4680.435826664496, "num_boost_round": 49.0, "subsample": 0.9236604716965982}, "datetime": {"datetime": "2024-01-20 13:56:49", "elapsed": 1901.127848, "delta": 0.003549}}
{"target": -10.475708975540504, "params": {"colsample_bytree": 0.672767136704939, "eta": 0.018312425718814324, "gamma": 831.4419740668633, "max_depth": 4.0, "min_child_weight": 4680.435826664496, "num_boost_round": 50.0, "subsample": 0.9236604716965982}, "datetime": {"datetime": "2024-01-20 13:56:49", "elapsed": 1901.13124, "delta": 0.003392}}
{"target": -10.475792547302479, "params": {"colsample_bytree": 0.672767136704939, "eta": 0.018312425718814324, "gamma": 831.4419740668633, "max_depth": 4.0, "min_child_weight": 4680.435826664496, "num_boost_round": 51.0, "subsample": 0.9236604716965982}, "datetime": {"datetime": "2024-01-20 13:56:49", "elapsed": 1901.134167, "delta": 0.002927}}
{"target": -10.47569280306714, "params": {"colsample_bytree": 0.672767136704939, "eta": 0.018312425718814324, "gamma": 831.4419740668633, "max_depth": 4.0, "min_child_weight": 4680.435826664496, "num_boost_round": 52.0, "subsample": 0.9236604716965982}, "datetime": {"datetime": "2024-01-20 13:56:49", "elapsed": 1901.136753, "delta": 0.002586}}
{"target": -10.475819718351122, "params": {"colsample_bytree": 0.672767136704939, "eta": 0.018312425718814324, "gamma": 831.4419740668633, "max_depth": 4.0, "min_child_weight": 4680.435826664496, "num_boost_round": 53.0, "subsample": 0.9236604716965982}, "datetime": {"datetime": "2024-01-20 13:56:49", "elapsed": 1901.139494, "delta": 0.002741}}
{"target": -10.47589920104743, "params": {"colsample_bytree": 0.672767136704939, "eta": 0.018312425718814324, "gamma": 831.4419740668633, "max_depth": 4.0, "min_child_weight": 4680.435826664496, "num_boost_round": 54.0, "subsample": 0.9236604716965982}, "datetime": {"datetime": "2024-01-20 13:56:49", "elapsed": 1901.142077, "delta": 0.002583}}
{"target": -10.476127356175432, "params": {"colsample_bytree": 0.3025884124636306, "eta": 0.02621881736208016, "gamma": 957.4492464139263, "max_depth": 2.0, "min_child_weight": 4582.2840525424535, "num_boost_round": 1.0, "subsample": 0.37397979370313594}, "datetime": {"datetime": "2024-01-20 13:57:31", "elapsed": 1943.964331, "delta": 42.822254}}
{"target": -10.476061597815706, "params": {"colsample_bytree": 0.3025884124636306, "eta": 0.02621881736208016, "gamma": 957.4492464139263, "max_depth": 2.0, "min_child_weight": 4582.2840525424535, "num_boost_round": 2.0, "subsample": 0.37397979370313594}, "datetime": {"datetime": "2024-01-20 13:57:31", "elapsed": 1943.967313, "delta": 0.002982}}
{"target": -10.476049775175767, "params": {"colsample_bytree": 0.3025884124636306, "eta": 0.02621881736208016, "gamma": 957.4492464139263, "max_depth": 2.0, "min_child_weight": 4582.2840525424535, "num_boost_round": 3.0, "subsample": 0.37397979370313594}, "datetime": {"datetime": "2024-01-20 13:57:31", "elapsed": 1943.969903, "delta": 0.00259}}
{"target": -10.475995780885311, "params": {"colsample_bytree": 0.3025884124636306, "eta": 0.02621881736208016, "gamma": 957.4492464139263, "max_depth": 2.0, "min_child_weight": 4582.2840525424535, "num_boost_round": 4.0, "subsample": 0.37397979370313594}, "datetime": {"datetime": "2024-01-20 13:57:31", "elapsed": 1943.972275, "delta": 0.002372}}
{"target": -10.475917037529602, "params": {"colsample_bytree": 0.3025884124636306, "eta": 0.02621881736208016, "gamma": 957.4492464139263, "max_depth": 2.0, "min_child_weight": 4582.2840525424535, "num_boost_round": 5.0, "subsample": 0.37397979370313594}, "datetime": {"datetime": "2024-01-20 13:57:31", "elapsed": 1943.974584, "delta": 0.002309}}
{"target": -10.475908201721772, "params": {"colsample_bytree": 0.3025884124636306, "eta": 0.02621881736208016, "gamma": 957.4492464139263, "max_depth": 2.0, "min_child_weight": 4582.2840525424535, "num_boost_round": 6.0, "subsample": 0.37397979370313594}, "datetime": {"datetime": "2024-01-20 13:57:31", "elapsed": 1943.976927, "delta": 0.002343}}
{"target": -10.475864933324543, "params": {"colsample_bytree": 0.3025884124636306, "eta": 0.02621881736208016, "gamma": 957.4492464139263, "max_depth": 2.0, "min_child_weight": 4582.2840525424535, "num_boost_round": 7.0, "subsample": 0.37397979370313594}, "datetime": {"datetime": "2024-01-20 13:57:31", "elapsed": 1943.979258, "delta": 0.002331}}
{"target": -10.47591046578806, "params": {"colsample_bytree": 0.3025884124636306, "eta": 0.02621881736208016, "gamma": 957.4492464139263, "max_depth": 2.0, "min_child_weight": 4582.2840525424535, "num_boost_round": 8.0, "subsample": 0.37397979370313594}, "datetime": {"datetime": "2024-01-20 13:57:31", "elapsed": 1943.981712, "delta": 0.002454}}
{"target": -10.475916608204614, "params": {"colsample_bytree": 0.3025884124636306, "eta": 0.02621881736208016, "gamma": 957.4492464139263, "max_depth": 2.0, "min_child_weight": 4582.2840525424535, "num_boost_round": 9.0, "subsample": 0.37397979370313594}, "datetime": {"datetime": "2024-01-20 13:57:31", "elapsed": 1943.984129, "delta": 0.002417}}
{"target": -10.475946334661126, "params": {"colsample_bytree": 0.3025884124636306, "eta": 0.02621881736208016, "gamma": 957.4492464139263, "max_depth": 2.0, "min_child_weight": 4582.2840525424535, "num_boost_round": 10.0, "subsample": 0.37397979370313594}, "datetime": {"datetime": "2024-01-20 13:57:31", "elapsed": 1943.986511, "delta": 0.002382}}
{"target": -10.475962781127546, "params": {"colsample_bytree": 0.3025884124636306, "eta": 0.02621881736208016, "gamma": 957.4492464139263, "max_depth": 2.0, "min_child_weight": 4582.2840525424535, "num_boost_round": 11.0, "subsample": 0.37397979370313594}, "datetime": {"datetime": "2024-01-20 13:57:31", "elapsed": 1943.988926, "delta": 0.002415}}
{"target": -10.476038637337137, "params": {"colsample_bytree": 0.3025884124636306, "eta": 0.02621881736208016, "gamma": 957.4492464139263, "max_depth": 2.0, "min_child_weight": 4582.2840525424535, "num_boost_round": 12.0, "subsample": 0.37397979370313594}, "datetime": {"datetime": "2024-01-20 13:57:31", "elapsed": 1943.991343, "delta": 0.002417}}
{"target": -10.47602309704568, "params": {"colsample_bytree": 0.3025884124636306, "eta": 0.02621881736208016, "gamma": 957.4492464139263, "max_depth": 2.0, "min_child_weight": 4582.2840525424535, "num_boost_round": 13.0, "subsample": 0.37397979370313594}, "datetime": {"datetime": "2024-01-20 13:57:31", "elapsed": 1943.993712, "delta": 0.002369}}
{"target": -10.476179527515425, "params": {"colsample_bytree": 0.3025884124636306, "eta": 0.02621881736208016, "gamma": 957.4492464139263, "max_depth": 2.0, "min_child_weight": 4582.2840525424535, "num_boost_round": 14.0, "subsample": 0.37397979370313594}, "datetime": {"datetime": "2024-01-20 13:57:31", "elapsed": 1943.996126, "delta": 0.002414}}
{"target": -10.476246771974608, "params": {"colsample_bytree": 0.3025884124636306, "eta": 0.02621881736208016, "gamma": 957.4492464139263, "max_depth": 2.0, "min_child_weight": 4582.2840525424535, "num_boost_round": 15.0, "subsample": 0.37397979370313594}, "datetime": {"datetime": "2024-01-20 13:57:31", "elapsed": 1943.998536, "delta": 0.00241}}
{"target": -10.476324249113029, "params": {"colsample_bytree": 0.3025884124636306, "eta": 0.02621881736208016, "gamma": 957.4492464139263, "max_depth": 2.0, "min_child_weight": 4582.2840525424535, "num_boost_round": 16.0, "subsample": 0.37397979370313594}, "datetime": {"datetime": "2024-01-20 13:57:31", "elapsed": 1944.000968, "delta": 0.002432}}
{"target": -10.47637880230845, "params": {"colsample_bytree": 0.3025884124636306, "eta": 0.02621881736208016, "gamma": 957.4492464139263, "max_depth": 2.0, "min_child_weight": 4582.2840525424535, "num_boost_round": 17.0, "subsample": 0.37397979370313594}, "datetime": {"datetime": "2024-01-20 13:57:31", "elapsed": 1944.003383, "delta": 0.002415}}
{"target": -10.476347757070304, "params": {"colsample_bytree": 0.3025884124636306, "eta": 0.02621881736208016, "gamma": 957.4492464139263, "max_depth": 2.0, "min_child_weight": 4582.2840525424535, "num_boost_round": 18.0, "subsample": 0.37397979370313594}, "datetime": {"datetime": "2024-01-20 13:57:31", "elapsed": 1944.005923, "delta": 0.00254}}
{"target": -10.476425719218582, "params": {"colsample_bytree": 0.3025884124636306, "eta": 0.02621881736208016, "gamma": 957.4492464139263, "max_depth": 2.0, "min_child_weight": 4582.2840525424535, "num_boost_round": 19.0, "subsample": 0.37397979370313594}, "datetime": {"datetime": "2024-01-20 13:57:31", "elapsed": 1944.008364, "delta": 0.002441}}
{"target": -10.476442738575908, "params": {"colsample_bytree": 0.3025884124636306, "eta": 0.02621881736208016, "gamma": 957.4492464139263, "max_depth": 2.0, "min_child_weight": 4582.2840525424535, "num_boost_round": 20.0, "subsample": 0.37397979370313594}, "datetime": {"datetime": "2024-01-20 13:57:31", "elapsed": 1944.010791, "delta": 0.002427}}
{"target": -10.476496473861197, "params": {"colsample_bytree": 0.3025884124636306, "eta": 0.02621881736208016, "gamma": 957.4492464139263, "max_depth": 2.0, "min_child_weight": 4582.2840525424535, "num_boost_round": 21.0, "subsample": 0.37397979370313594}, "datetime": {"datetime": "2024-01-20 13:57:31", "elapsed": 1944.013188, "delta": 0.002397}}
{"target": -10.476448202650541, "params": {"colsample_bytree": 0.3025884124636306, "eta": 0.02621881736208016, "gamma": 957.4492464139263, "max_depth": 2.0, "min_child_weight": 4582.2840525424535, "num_boost_round": 22.0, "subsample": 0.37397979370313594}, "datetime": {"datetime": "2024-01-20 13:57:31", "elapsed": 1944.015597, "delta": 0.002409}}
{"target": -10.47656521701132, "params": {"colsample_bytree": 0.3025884124636306, "eta": 0.02621881736208016, "gamma": 957.4492464139263, "max_depth": 2.0, "min_child_weight": 4582.2840525424535, "num_boost_round": 23.0, "subsample": 0.37397979370313594}, "datetime": {"datetime": "2024-01-20 13:57:31", "elapsed": 1944.018012, "delta": 0.002415}}
{"target": -10.476607361481246, "params": {"colsample_bytree": 0.3025884124636306, "eta": 0.02621881736208016, "gamma": 957.4492464139263, "max_depth": 2.0, "min_child_weight": 4582.2840525424535, "num_boost_round": 24.0, "subsample": 0.37397979370313594}, "datetime": {"datetime": "2024-01-20 13:57:31", "elapsed": 1944.020405, "delta": 0.002393}}
{"target": -10.475281726938558, "params": {"colsample_bytree": 0.5449170442539839, "eta": 0.08332730668087972, "gamma": 757.9130588240479, "max_depth": 8.0, "min_child_weight": 4650.956456341753, "num_boost_round": 1.0, "subsample": 0.6470947217050398}, "datetime": {"datetime": "2024-01-20 13:58:35", "elapsed": 2007.529667, "delta": 63.509262}}
{"target": -10.47402986765466, "params": {"colsample_bytree": 0.5449170442539839, "eta": 0.08332730668087972, "gamma": 757.9130588240479, "max_depth": 8.0, "min_child_weight": 4650.956456341753, "num_boost_round": 2.0, "subsample": 0.6470947217050398}, "datetime": {"datetime": "2024-01-20 13:58:35", "elapsed": 2007.533931, "delta": 0.004264}}
{"target": -10.474091401427632, "params": {"colsample_bytree": 0.5449170442539839, "eta": 0.08332730668087972, "gamma": 757.9130588240479, "max_depth": 8.0, "min_child_weight": 4650.956456341753, "num_boost_round": 3.0, "subsample": 0.6470947217050398}, "datetime": {"datetime": "2024-01-20 13:58:35", "elapsed": 2007.536306, "delta": 0.002375}}
{"target": -10.473468607433894, "params": {"colsample_bytree": 0.5449170442539839, "eta": 0.08332730668087972, "gamma": 757.9130588240479, "max_depth": 8.0, "min_child_weight": 4650.956456341753, "num_boost_round": 4.0, "subsample": 0.6470947217050398}, "datetime": {"datetime": "2024-01-20 13:58:35", "elapsed": 2007.538937, "delta": 0.002631}}
{"target": -10.473090429192688, "params": {"colsample_bytree": 0.5449170442539839, "eta": 0.08332730668087972, "gamma": 757.9130588240479, "max_depth": 8.0, "min_child_weight": 4650.956456341753, "num_boost_round": 5.0, "subsample": 0.6470947217050398}, "datetime": {"datetime": "2024-01-20 13:58:35", "elapsed": 2007.54129, "delta": 0.002353}}
{"target": -10.473395120160905, "params": {"colsample_bytree": 0.5449170442539839, "eta": 0.08332730668087972, "gamma": 757.9130588240479, "max_depth": 8.0, "min_child_weight": 4650.956456341753, "num_boost_round": 6.0, "subsample": 0.6470947217050398}, "datetime": {"datetime": "2024-01-20 13:58:35", "elapsed": 2007.543594, "delta": 0.002304}}
{"target": -10.47288257596746, "params": {"colsample_bytree": 0.5449170442539839, "eta": 0.08332730668087972, "gamma": 757.9130588240479, "max_depth": 8.0, "min_child_weight": 4650.956456341753, "num_boost_round": 7.0, "subsample": 0.6470947217050398}, "datetime": {"datetime": "2024-01-20 13:58:35", "elapsed": 2007.545951, "delta": 0.002357}}
{"target": -10.472489038625422, "params": {"colsample_bytree": 0.5449170442539839, "eta": 0.08332730668087972, "gamma": 757.9130588240479, "max_depth": 8.0, "min_child_weight": 4650.956456341753, "num_boost_round": 8.0, "subsample": 0.6470947217050398}, "datetime": {"datetime": "2024-01-20 13:58:35", "elapsed": 2007.548299, "delta": 0.002348}}
{"target": -10.472931263156541, "params": {"colsample_bytree": 0.5449170442539839, "eta": 0.08332730668087972, "gamma": 757.9130588240479, "max_depth": 8.0, "min_child_weight": 4650.956456341753, "num_boost_round": 9.0, "subsample": 0.6470947217050398}, "datetime": {"datetime": "2024-01-20 13:58:35", "elapsed": 2007.550887, "delta": 0.002588}}
{"target": -10.473183572855266, "params": {"colsample_bytree": 0.5449170442539839, "eta": 0.08332730668087972, "gamma": 757.9130588240479, "max_depth": 8.0, "min_child_weight": 4650.956456341753, "num_boost_round": 10.0, "subsample": 0.6470947217050398}, "datetime": {"datetime": "2024-01-20 13:58:35", "elapsed": 2007.553312, "delta": 0.002425}}
{"target": -10.47338718237038, "params": {"colsample_bytree": 0.5449170442539839, "eta": 0.08332730668087972, "gamma": 757.9130588240479, "max_depth": 8.0, "min_child_weight": 4650.956456341753, "num_boost_round": 11.0, "subsample": 0.6470947217050398}, "datetime": {"datetime": "2024-01-20 13:58:35", "elapsed": 2007.55567, "delta": 0.002358}}
{"target": -10.47375053849872, "params": {"colsample_bytree": 0.5449170442539839, "eta": 0.08332730668087972, "gamma": 757.9130588240479, "max_depth": 8.0, "min_child_weight": 4650.956456341753, "num_boost_round": 12.0, "subsample": 0.6470947217050398}, "datetime": {"datetime": "2024-01-20 13:58:35", "elapsed": 2007.558419, "delta": 0.002749}}
{"target": -10.474303311928974, "params": {"colsample_bytree": 0.5449170442539839, "eta": 0.08332730668087972, "gamma": 757.9130588240479, "max_depth": 8.0, "min_child_weight": 4650.956456341753, "num_boost_round": 13.0, "subsample": 0.6470947217050398}, "datetime": {"datetime": "2024-01-20 13:58:35", "elapsed": 2007.561134, "delta": 0.002715}}
{"target": -10.474792725034138, "params": {"colsample_bytree": 0.5449170442539839, "eta": 0.08332730668087972, "gamma": 757.9130588240479, "max_depth": 8.0, "min_child_weight": 4650.956456341753, "num_boost_round": 14.0, "subsample": 0.6470947217050398}, "datetime": {"datetime": "2024-01-20 13:58:35", "elapsed": 2007.563656, "delta": 0.002522}}
{"target": -10.475207592570037, "params": {"colsample_bytree": 0.5449170442539839, "eta": 0.08332730668087972, "gamma": 757.9130588240479, "max_depth": 8.0, "min_child_weight": 4650.956456341753, "num_boost_round": 15.0, "subsample": 0.6470947217050398}, "datetime": {"datetime": "2024-01-20 13:58:35", "elapsed": 2007.566232, "delta": 0.002576}}
{"target": -10.47623974818427, "params": {"colsample_bytree": 0.5449170442539839, "eta": 0.08332730668087972, "gamma": 757.9130588240479, "max_depth": 8.0, "min_child_weight": 4650.956456341753, "num_boost_round": 16.0, "subsample": 0.6470947217050398}, "datetime": {"datetime": "2024-01-20 13:58:35", "elapsed": 2007.56859, "delta": 0.002358}}
{"target": -10.477005921310356, "params": {"colsample_bytree": 0.5449170442539839, "eta": 0.08332730668087972, "gamma": 757.9130588240479, "max_depth": 8.0, "min_child_weight": 4650.956456341753, "num_boost_round": 17.0, "subsample": 0.6470947217050398}, "datetime": {"datetime": "2024-01-20 13:58:35", "elapsed": 2007.571098, "delta": 0.002508}}
{"target": -10.477623589339274, "params": {"colsample_bytree": 0.5449170442539839, "eta": 0.08332730668087972, "gamma": 757.9130588240479, "max_depth": 8.0, "min_child_weight": 4650.956456341753, "num_boost_round": 18.0, "subsample": 0.6470947217050398}, "datetime": {"datetime": "2024-01-20 13:58:35", "elapsed": 2007.573455, "delta": 0.002357}}
