{"target": -13.400878596035515, "params": {"colsample_bytree": 0.884663265853554, "eta": 0.09469621293471066, "gamma": 186.70604117393242, "max_depth": 3.0, "min_child_weight": 3454.0675200222486, "num_boost_round": 3.0, "subsample": 0.8247640554177278}, "datetime": {"datetime": "2024-01-20 15:11:19", "elapsed": 2813.670707, "delta": 0.002921}}
{"target": -13.402746045010948, "params": {"colsample_bytree": 0.884663265853554, "eta": 0.09469621293471066, "gamma": 186.70604117393242, "max_depth": 3.0, "min_child_weight": 3454.0675200222486, "num_boost_round": 4.0, "subsample": 0.8247640554177278}, "datetime": {"datetime": "2024-01-20 15:11:19", "elapsed": 2813.673521, "delta": 0.002814}}
{"target": -13.403708637306133, "params": {"colsample_bytree": 0.884663265853554, "eta": 0.09469621293471066, "gamma": 186.70604117393242, "max_depth": 3.0, "min_child_weight": 3454.0675200222486, "num_boost_round": 5.0, "subsample": 0.8247640554177278}, "datetime": {"datetime": "2024-01-20 15:11:19", "elapsed": 2813.676298, "delta": 0.002777}}
{"target": -13.405369852225533, "params": {"colsample_bytree": 0.884663265853554, "eta": 0.09469621293471066, "gamma": 186.70604117393242, "max_depth": 3.0, "min_child_weight": 3454.0675200222486, "num_boost_round": 6.0, "subsample": 0.8247640554177278}, "datetime": {"datetime": "2024-01-20 15:11:19", "elapsed": 2813.679078, "delta": 0.00278}}
{"target": -13.4062167038053, "params": {"colsample_bytree": 0.884663265853554, "eta": 0.09469621293471066, "gamma": 186.70604117393242, "max_depth": 3.0, "min_child_weight": 3454.0675200222486, "num_boost_round": 7.0, "subsample": 0.8247640554177278}, "datetime": {"datetime": "2024-01-20 15:11:19", "elapsed": 2813.681756, "delta": 0.002678}}
{"target": -13.407484708653293, "params": {"colsample_bytree": 0.884663265853554, "eta": 0.09469621293471066, "gamma": 186.70604117393242, "max_depth": 3.0, "min_child_weight": 3454.0675200222486, "num_boost_round": 8.0, "subsample": 0.8247640554177278}, "datetime": {"datetime": "2024-01-20 15:11:19", "elapsed": 2813.684525, "delta": 0.002769}}
{"target": -13.408402903883278, "params": {"colsample_bytree": 0.884663265853554, "eta": 0.09469621293471066, "gamma": 186.70604117393242, "max_depth": 3.0, "min_child_weight": 3454.0675200222486, "num_boost_round": 9.0, "subsample": 0.8247640554177278}, "datetime": {"datetime": "2024-01-20 15:11:19", "elapsed": 2813.687238, "delta": 0.002713}}
{"target": -13.409578769771986, "params": {"colsample_bytree": 0.884663265853554, "eta": 0.09469621293471066, "gamma": 186.70604117393242, "max_depth": 3.0, "min_child_weight": 3454.0675200222486, "num_boost_round": 10.0, "subsample": 0.8247640554177278}, "datetime": {"datetime": "2024-01-20 15:11:19", "elapsed": 2813.690098, "delta": 0.00286}}
{"target": -13.40994123813871, "params": {"colsample_bytree": 0.884663265853554, "eta": 0.09469621293471066, "gamma": 186.70604117393242, "max_depth": 3.0, "min_child_weight": 3454.0675200222486, "num_boost_round": 11.0, "subsample": 0.8247640554177278}, "datetime": {"datetime": "2024-01-20 15:11:19", "elapsed": 2813.692934, "delta": 0.002836}}
{"target": -13.409945270208926, "params": {"colsample_bytree": 0.884663265853554, "eta": 0.09469621293471066, "gamma": 186.70604117393242, "max_depth": 3.0, "min_child_weight": 3454.0675200222486, "num_boost_round": 12.0, "subsample": 0.8247640554177278}, "datetime": {"datetime": "2024-01-20 15:11:19", "elapsed": 2813.69582, "delta": 0.002886}}
{"target": -13.411721998256551, "params": {"colsample_bytree": 0.884663265853554, "eta": 0.09469621293471066, "gamma": 186.70604117393242, "max_depth": 3.0, "min_child_weight": 3454.0675200222486, "num_boost_round": 13.0, "subsample": 0.8247640554177278}, "datetime": {"datetime": "2024-01-20 15:11:19", "elapsed": 2813.698464, "delta": 0.002644}}
{"target": -13.41199850679084, "params": {"colsample_bytree": 0.884663265853554, "eta": 0.09469621293471066, "gamma": 186.70604117393242, "max_depth": 3.0, "min_child_weight": 3454.0675200222486, "num_boost_round": 14.0, "subsample": 0.8247640554177278}, "datetime": {"datetime": "2024-01-20 15:11:19", "elapsed": 2813.701198, "delta": 0.002734}}
{"target": -13.41319024955981, "params": {"colsample_bytree": 0.884663265853554, "eta": 0.09469621293471066, "gamma": 186.70604117393242, "max_depth": 3.0, "min_child_weight": 3454.0675200222486, "num_boost_round": 15.0, "subsample": 0.8247640554177278}, "datetime": {"datetime": "2024-01-20 15:11:19", "elapsed": 2813.703897, "delta": 0.002699}}
{"target": -13.41423155684122, "params": {"colsample_bytree": 0.884663265853554, "eta": 0.09469621293471066, "gamma": 186.70604117393242, "max_depth": 3.0, "min_child_weight": 3454.0675200222486, "num_boost_round": 16.0, "subsample": 0.8247640554177278}, "datetime": {"datetime": "2024-01-20 15:11:19", "elapsed": 2813.706497, "delta": 0.0026}}
{"target": -13.414545196103639, "params": {"colsample_bytree": 0.884663265853554, "eta": 0.09469621293471066, "gamma": 186.70604117393242, "max_depth": 3.0, "min_child_weight": 3454.0675200222486, "num_boost_round": 17.0, "subsample": 0.8247640554177278}, "datetime": {"datetime": "2024-01-20 15:11:19", "elapsed": 2813.70923, "delta": 0.002733}}
{"target": -13.414701349835648, "params": {"colsample_bytree": 0.884663265853554, "eta": 0.09469621293471066, "gamma": 186.70604117393242, "max_depth": 3.0, "min_child_weight": 3454.0675200222486, "num_boost_round": 18.0, "subsample": 0.8247640554177278}, "datetime": {"datetime": "2024-01-20 15:11:19", "elapsed": 2813.71185, "delta": 0.00262}}
{"target": -13.415421577996412, "params": {"colsample_bytree": 0.884663265853554, "eta": 0.09469621293471066, "gamma": 186.70604117393242, "max_depth": 3.0, "min_child_weight": 3454.0675200222486, "num_boost_round": 19.0, "subsample": 0.8247640554177278}, "datetime": {"datetime": "2024-01-20 15:11:19", "elapsed": 2813.71456, "delta": 0.00271}}
{"target": -13.416199028298841, "params": {"colsample_bytree": 0.884663265853554, "eta": 0.09469621293471066, "gamma": 186.70604117393242, "max_depth": 3.0, "min_child_weight": 3454.0675200222486, "num_boost_round": 20.0, "subsample": 0.8247640554177278}, "datetime": {"datetime": "2024-01-20 15:11:19", "elapsed": 2813.717196, "delta": 0.002636}}
{"target": -13.416443054797526, "params": {"colsample_bytree": 0.884663265853554, "eta": 0.09469621293471066, "gamma": 186.70604117393242, "max_depth": 3.0, "min_child_weight": 3454.0675200222486, "num_boost_round": 21.0, "subsample": 0.8247640554177278}, "datetime": {"datetime": "2024-01-20 15:11:19", "elapsed": 2813.719983, "delta": 0.002787}}
{"target": -13.417281918763475, "params": {"colsample_bytree": 0.884663265853554, "eta": 0.09469621293471066, "gamma": 186.70604117393242, "max_depth": 3.0, "min_child_weight": 3454.0675200222486, "num_boost_round": 22.0, "subsample": 0.8247640554177278}, "datetime": {"datetime": "2024-01-20 15:11:19", "elapsed": 2813.722712, "delta": 0.002729}}
{"target": -13.418427623594347, "params": {"colsample_bytree": 0.884663265853554, "eta": 0.09469621293471066, "gamma": 186.70604117393242, "max_depth": 3.0, "min_child_weight": 3454.0675200222486, "num_boost_round": 23.0, "subsample": 0.8247640554177278}, "datetime": {"datetime": "2024-01-20 15:11:19", "elapsed": 2813.725402, "delta": 0.00269}}
{"target": -13.419173159536946, "params": {"colsample_bytree": 0.884663265853554, "eta": 0.09469621293471066, "gamma": 186.70604117393242, "max_depth": 3.0, "min_child_weight": 3454.0675200222486, "num_boost_round": 24.0, "subsample": 0.8247640554177278}, "datetime": {"datetime": "2024-01-20 15:11:19", "elapsed": 2813.728236, "delta": 0.002834}}
{"target": -13.41949670667874, "params": {"colsample_bytree": 0.884663265853554, "eta": 0.09469621293471066, "gamma": 186.70604117393242, "max_depth": 3.0, "min_child_weight": 3454.0675200222486, "num_boost_round": 25.0, "subsample": 0.8247640554177278}, "datetime": {"datetime": "2024-01-20 15:11:19", "elapsed": 2813.730876, "delta": 0.00264}}
{"target": -13.42013647399661, "params": {"colsample_bytree": 0.884663265853554, "eta": 0.09469621293471066, "gamma": 186.70604117393242, "max_depth": 3.0, "min_child_weight": 3454.0675200222486, "num_boost_round": 26.0, "subsample": 0.8247640554177278}, "datetime": {"datetime": "2024-01-20 15:11:19", "elapsed": 2813.733638, "delta": 0.002762}}
{"target": -13.42093780599558, "params": {"colsample_bytree": 0.884663265853554, "eta": 0.09469621293471066, "gamma": 186.70604117393242, "max_depth": 3.0, "min_child_weight": 3454.0675200222486, "num_boost_round": 27.0, "subsample": 0.8247640554177278}, "datetime": {"datetime": "2024-01-20 15:11:19", "elapsed": 2813.736316, "delta": 0.002678}}
{"target": -13.421657503840045, "params": {"colsample_bytree": 0.884663265853554, "eta": 0.09469621293471066, "gamma": 186.70604117393242, "max_depth": 3.0, "min_child_weight": 3454.0675200222486, "num_boost_round": 28.0, "subsample": 0.8247640554177278}, "datetime": {"datetime": "2024-01-20 15:11:19", "elapsed": 2813.739048, "delta": 0.002732}}
{"target": -13.421659786946147, "params": {"colsample_bytree": 0.884663265853554, "eta": 0.09469621293471066, "gamma": 186.70604117393242, "max_depth": 3.0, "min_child_weight": 3454.0675200222486, "num_boost_round": 29.0, "subsample": 0.8247640554177278}, "datetime": {"datetime": "2024-01-20 15:11:19", "elapsed": 2813.741784, "delta": 0.002736}}
{"target": -13.422798481154661, "params": {"colsample_bytree": 0.884663265853554, "eta": 0.09469621293471066, "gamma": 186.70604117393242, "max_depth": 3.0, "min_child_weight": 3454.0675200222486, "num_boost_round": 30.0, "subsample": 0.8247640554177278}, "datetime": {"datetime": "2024-01-20 15:11:19", "elapsed": 2813.744465, "delta": 0.002681}}
{"target": -13.423388528870184, "params": {"colsample_bytree": 0.884663265853554, "eta": 0.09469621293471066, "gamma": 186.70604117393242, "max_depth": 3.0, "min_child_weight": 3454.0675200222486, "num_boost_round": 31.0, "subsample": 0.8247640554177278}, "datetime": {"datetime": "2024-01-20 15:11:19", "elapsed": 2813.747086, "delta": 0.002621}}
{"target": -13.423884971041074, "params": {"colsample_bytree": 0.884663265853554, "eta": 0.09469621293471066, "gamma": 186.70604117393242, "max_depth": 3.0, "min_child_weight": 3454.0675200222486, "num_boost_round": 32.0, "subsample": 0.8247640554177278}, "datetime": {"datetime": "2024-01-20 15:11:19", "elapsed": 2813.749837, "delta": 0.002751}}
{"target": -13.424373411446075, "params": {"colsample_bytree": 0.884663265853554, "eta": 0.09469621293471066, "gamma": 186.70604117393242, "max_depth": 3.0, "min_child_weight": 3454.0675200222486, "num_boost_round": 33.0, "subsample": 0.8247640554177278}, "datetime": {"datetime": "2024-01-20 15:11:19", "elapsed": 2813.752514, "delta": 0.002677}}
{"target": -13.4250705693994, "params": {"colsample_bytree": 0.884663265853554, "eta": 0.09469621293471066, "gamma": 186.70604117393242, "max_depth": 3.0, "min_child_weight": 3454.0675200222486, "num_boost_round": 34.0, "subsample": 0.8247640554177278}, "datetime": {"datetime": "2024-01-20 15:11:19", "elapsed": 2813.75525, "delta": 0.002736}}
{"target": -13.426247763572707, "params": {"colsample_bytree": 0.884663265853554, "eta": 0.09469621293471066, "gamma": 186.70604117393242, "max_depth": 3.0, "min_child_weight": 3454.0675200222486, "num_boost_round": 35.0, "subsample": 0.8247640554177278}, "datetime": {"datetime": "2024-01-20 15:11:19", "elapsed": 2813.75797, "delta": 0.00272}}
{"target": -13.4270835160366, "params": {"colsample_bytree": 0.884663265853554, "eta": 0.09469621293471066, "gamma": 186.70604117393242, "max_depth": 3.0, "min_child_weight": 3454.0675200222486, "num_boost_round": 36.0, "subsample": 0.8247640554177278}, "datetime": {"datetime": "2024-01-20 15:11:19", "elapsed": 2813.760685, "delta": 0.002715}}
{"target": -13.427556318207102, "params": {"colsample_bytree": 0.884663265853554, "eta": 0.09469621293471066, "gamma": 186.70604117393242, "max_depth": 3.0, "min_child_weight": 3454.0675200222486, "num_boost_round": 37.0, "subsample": 0.8247640554177278}, "datetime": {"datetime": "2024-01-20 15:11:19", "elapsed": 2813.763303, "delta": 0.002618}}
{"target": -13.427999763396055, "params": {"colsample_bytree": 0.884663265853554, "eta": 0.09469621293471066, "gamma": 186.70604117393242, "max_depth": 3.0, "min_child_weight": 3454.0675200222486, "num_boost_round": 38.0, "subsample": 0.8247640554177278}, "datetime": {"datetime": "2024-01-20 15:11:19", "elapsed": 2813.765959, "delta": 0.002656}}
{"target": -13.42874610892758, "params": {"colsample_bytree": 0.884663265853554, "eta": 0.09469621293471066, "gamma": 186.70604117393242, "max_depth": 3.0, "min_child_weight": 3454.0675200222486, "num_boost_round": 39.0, "subsample": 0.8247640554177278}, "datetime": {"datetime": "2024-01-20 15:11:19", "elapsed": 2813.768787, "delta": 0.002828}}
{"target": -13.429006481487027, "params": {"colsample_bytree": 0.884663265853554, "eta": 0.09469621293471066, "gamma": 186.70604117393242, "max_depth": 3.0, "min_child_weight": 3454.0675200222486, "num_boost_round": 40.0, "subsample": 0.8247640554177278}, "datetime": {"datetime": "2024-01-20 15:11:19", "elapsed": 2813.771396, "delta": 0.002609}}
{"target": -13.429261015002037, "params": {"colsample_bytree": 0.884663265853554, "eta": 0.09469621293471066, "gamma": 186.70604117393242, "max_depth": 3.0, "min_child_weight": 3454.0675200222486, "num_boost_round": 41.0, "subsample": 0.8247640554177278}, "datetime": {"datetime": "2024-01-20 15:11:19", "elapsed": 2813.775322, "delta": 0.003926}}
{"target": -13.430262481195026, "params": {"colsample_bytree": 0.884663265853554, "eta": 0.09469621293471066, "gamma": 186.70604117393242, "max_depth": 3.0, "min_child_weight": 3454.0675200222486, "num_boost_round": 42.0, "subsample": 0.8247640554177278}, "datetime": {"datetime": "2024-01-20 15:11:19", "elapsed": 2813.779194, "delta": 0.003872}}
{"target": -13.43055263411858, "params": {"colsample_bytree": 0.884663265853554, "eta": 0.09469621293471066, "gamma": 186.70604117393242, "max_depth": 3.0, "min_child_weight": 3454.0675200222486, "num_boost_round": 43.0, "subsample": 0.8247640554177278}, "datetime": {"datetime": "2024-01-20 15:11:19", "elapsed": 2813.783373, "delta": 0.004179}}
{"target": -13.43095365833323, "params": {"colsample_bytree": 0.884663265853554, "eta": 0.09469621293471066, "gamma": 186.70604117393242, "max_depth": 3.0, "min_child_weight": 3454.0675200222486, "num_boost_round": 44.0, "subsample": 0.8247640554177278}, "datetime": {"datetime": "2024-01-20 15:11:19", "elapsed": 2813.787888, "delta": 0.004515}}
{"target": -13.431612868835305, "params": {"colsample_bytree": 0.884663265853554, "eta": 0.09469621293471066, "gamma": 186.70604117393242, "max_depth": 3.0, "min_child_weight": 3454.0675200222486, "num_boost_round": 45.0, "subsample": 0.8247640554177278}, "datetime": {"datetime": "2024-01-20 15:11:19", "elapsed": 2813.792086, "delta": 0.004198}}
{"target": -13.432459944934614, "params": {"colsample_bytree": 0.884663265853554, "eta": 0.09469621293471066, "gamma": 186.70604117393242, "max_depth": 3.0, "min_child_weight": 3454.0675200222486, "num_boost_round": 46.0, "subsample": 0.8247640554177278}, "datetime": {"datetime": "2024-01-20 15:11:19", "elapsed": 2813.795241, "delta": 0.003155}}
{"target": -13.43284525033492, "params": {"colsample_bytree": 0.884663265853554, "eta": 0.09469621293471066, "gamma": 186.70604117393242, "max_depth": 3.0, "min_child_weight": 3454.0675200222486, "num_boost_round": 47.0, "subsample": 0.8247640554177278}, "datetime": {"datetime": "2024-01-20 15:11:19", "elapsed": 2813.798042, "delta": 0.002801}}
{"target": -13.434096268783133, "params": {"colsample_bytree": 0.884663265853554, "eta": 0.09469621293471066, "gamma": 186.70604117393242, "max_depth": 3.0, "min_child_weight": 3454.0675200222486, "num_boost_round": 48.0, "subsample": 0.8247640554177278}, "datetime": {"datetime": "2024-01-20 15:11:19", "elapsed": 2813.800829, "delta": 0.002787}}
{"target": -13.434892320187991, "params": {"colsample_bytree": 0.884663265853554, "eta": 0.09469621293471066, "gamma": 186.70604117393242, "max_depth": 3.0, "min_child_weight": 3454.0675200222486, "num_boost_round": 49.0, "subsample": 0.8247640554177278}, "datetime": {"datetime": "2024-01-20 15:11:19", "elapsed": 2813.803629, "delta": 0.0028}}
{"target": -13.43590753300968, "params": {"colsample_bytree": 0.884663265853554, "eta": 0.09469621293471066, "gamma": 186.70604117393242, "max_depth": 3.0, "min_child_weight": 3454.0675200222486, "num_boost_round": 50.0, "subsample": 0.8247640554177278}, "datetime": {"datetime": "2024-01-20 15:11:19", "elapsed": 2813.806345, "delta": 0.002716}}
{"target": -13.436465636377392, "params": {"colsample_bytree": 0.884663265853554, "eta": 0.09469621293471066, "gamma": 186.70604117393242, "max_depth": 3.0, "min_child_weight": 3454.0675200222486, "num_boost_round": 51.0, "subsample": 0.8247640554177278}, "datetime": {"datetime": "2024-01-20 15:11:19", "elapsed": 2813.809116, "delta": 0.002771}}
{"target": -13.436757430746944, "params": {"colsample_bytree": 0.884663265853554, "eta": 0.09469621293471066, "gamma": 186.70604117393242, "max_depth": 3.0, "min_child_weight": 3454.0675200222486, "num_boost_round": 52.0, "subsample": 0.8247640554177278}, "datetime": {"datetime": "2024-01-20 15:11:19", "elapsed": 2813.811936, "delta": 0.00282}}
{"target": -13.437315641724094, "params": {"colsample_bytree": 0.884663265853554, "eta": 0.09469621293471066, "gamma": 186.70604117393242, "max_depth": 3.0, "min_child_weight": 3454.0675200222486, "num_boost_round": 53.0, "subsample": 0.8247640554177278}, "datetime": {"datetime": "2024-01-20 15:11:19", "elapsed": 2813.81471, "delta": 0.002774}}
{"target": -13.438103695193762, "params": {"colsample_bytree": 0.884663265853554, "eta": 0.09469621293471066, "gamma": 186.70604117393242, "max_depth": 3.0, "min_child_weight": 3454.0675200222486, "num_boost_round": 54.0, "subsample": 0.8247640554177278}, "datetime": {"datetime": "2024-01-20 15:11:19", "elapsed": 2813.817487, "delta": 0.002777}}
{"target": -13.438228217495626, "params": {"colsample_bytree": 0.884663265853554, "eta": 0.09469621293471066, "gamma": 186.70604117393242, "max_depth": 3.0, "min_child_weight": 3454.0675200222486, "num_boost_round": 55.0, "subsample": 0.8247640554177278}, "datetime": {"datetime": "2024-01-20 15:11:19", "elapsed": 2813.820193, "delta": 0.002706}}
{"target": -13.439208412715177, "params": {"colsample_bytree": 0.884663265853554, "eta": 0.09469621293471066, "gamma": 186.70604117393242, "max_depth": 3.0, "min_child_weight": 3454.0675200222486, "num_boost_round": 56.0, "subsample": 0.8247640554177278}, "datetime": {"datetime": "2024-01-20 15:11:19", "elapsed": 2813.823018, "delta": 0.002825}}
{"target": -13.43977470988795, "params": {"colsample_bytree": 0.884663265853554, "eta": 0.09469621293471066, "gamma": 186.70604117393242, "max_depth": 3.0, "min_child_weight": 3454.0675200222486, "num_boost_round": 57.0, "subsample": 0.8247640554177278}, "datetime": {"datetime": "2024-01-20 15:11:19", "elapsed": 2813.825819, "delta": 0.002801}}
{"target": -13.439870652261781, "params": {"colsample_bytree": 0.884663265853554, "eta": 0.09469621293471066, "gamma": 186.70604117393242, "max_depth": 3.0, "min_child_weight": 3454.0675200222486, "num_boost_round": 58.0, "subsample": 0.8247640554177278}, "datetime": {"datetime": "2024-01-20 15:11:19", "elapsed": 2813.828652, "delta": 0.002833}}
{"target": -13.440725472107918, "params": {"colsample_bytree": 0.884663265853554, "eta": 0.09469621293471066, "gamma": 186.70604117393242, "max_depth": 3.0, "min_child_weight": 3454.0675200222486, "num_boost_round": 59.0, "subsample": 0.8247640554177278}, "datetime": {"datetime": "2024-01-20 15:11:19", "elapsed": 2813.831409, "delta": 0.002757}}
{"target": -13.441882921858745, "params": {"colsample_bytree": 0.884663265853554, "eta": 0.09469621293471066, "gamma": 186.70604117393242, "max_depth": 3.0, "min_child_weight": 3454.0675200222486, "num_boost_round": 60.0, "subsample": 0.8247640554177278}, "datetime": {"datetime": "2024-01-20 15:11:19", "elapsed": 2813.834205, "delta": 0.002796}}
{"target": -13.442187201314969, "params": {"colsample_bytree": 0.884663265853554, "eta": 0.09469621293471066, "gamma": 186.70604117393242, "max_depth": 3.0, "min_child_weight": 3454.0675200222486, "num_boost_round": 61.0, "subsample": 0.8247640554177278}, "datetime": {"datetime": "2024-01-20 15:11:19", "elapsed": 2813.836998, "delta": 0.002793}}
{"target": -13.44310052339398, "params": {"colsample_bytree": 0.884663265853554, "eta": 0.09469621293471066, "gamma": 186.70604117393242, "max_depth": 3.0, "min_child_weight": 3454.0675200222486, "num_boost_round": 62.0, "subsample": 0.8247640554177278}, "datetime": {"datetime": "2024-01-20 15:11:19", "elapsed": 2813.839744, "delta": 0.002746}}
{"target": -13.444127418903388, "params": {"colsample_bytree": 0.884663265853554, "eta": 0.09469621293471066, "gamma": 186.70604117393242, "max_depth": 3.0, "min_child_weight": 3454.0675200222486, "num_boost_round": 63.0, "subsample": 0.8247640554177278}, "datetime": {"datetime": "2024-01-20 15:11:19", "elapsed": 2813.842472, "delta": 0.002728}}
{"target": -13.444553362138322, "params": {"colsample_bytree": 0.884663265853554, "eta": 0.09469621293471066, "gamma": 186.70604117393242, "max_depth": 3.0, "min_child_weight": 3454.0675200222486, "num_boost_round": 64.0, "subsample": 0.8247640554177278}, "datetime": {"datetime": "2024-01-20 15:11:19", "elapsed": 2813.845266, "delta": 0.002794}}
{"target": -13.444493840412543, "params": {"colsample_bytree": 0.884663265853554, "eta": 0.09469621293471066, "gamma": 186.70604117393242, "max_depth": 3.0, "min_child_weight": 3454.0675200222486, "num_boost_round": 65.0, "subsample": 0.8247640554177278}, "datetime": {"datetime": "2024-01-20 15:11:19", "elapsed": 2813.847997, "delta": 0.002731}}
