{"target": -13.497346375808545, "params": {"colsample_bytree": 0.1950092622396598, "eta": 0.053429964599527105, "gamma": 182.43401699756112, "max_depth": 8.0, "min_child_weight": 3795.687402515338, "num_boost_round": 3.0, "subsample": 0.6729442720642252}, "datetime": {"datetime": "2024-01-20 17:00:43", "elapsed": 9397.354381, "delta": 0.007184}}
{"target": -13.49740600581875, "params": {"colsample_bytree": 0.1950092622396598, "eta": 0.053429964599527105, "gamma": 182.43401699756112, "max_depth": 8.0, "min_child_weight": 3795.687402515338, "num_boost_round": 4.0, "subsample": 0.6729442720642252}, "datetime": {"datetime": "2024-01-20 17:00:43", "elapsed": 9397.361364, "delta": 0.006983}}
{"target": -13.497292270151583, "params": {"colsample_bytree": 0.1950092622396598, "eta": 0.053429964599527105, "gamma": 182.43401699756112, "max_depth": 8.0, "min_child_weight": 3795.687402515338, "num_boost_round": 5.0, "subsample": 0.6729442720642252}, "datetime": {"datetime": "2024-01-20 17:00:43", "elapsed": 9397.368854, "delta": 0.00749}}
{"target": -13.49731754355352, "params": {"colsample_bytree": 0.1950092622396598, "eta": 0.053429964599527105, "gamma": 182.43401699756112, "max_depth": 8.0, "min_child_weight": 3795.687402515338, "num_boost_round": 6.0, "subsample": 0.6729442720642252}, "datetime": {"datetime": "2024-01-20 17:00:43", "elapsed": 9397.376145, "delta": 0.007291}}
{"target": -13.497337181649494, "params": {"colsample_bytree": 0.1950092622396598, "eta": 0.053429964599527105, "gamma": 182.43401699756112, "max_depth": 8.0, "min_child_weight": 3795.687402515338, "num_boost_round": 7.0, "subsample": 0.6729442720642252}, "datetime": {"datetime": "2024-01-20 17:00:43", "elapsed": 9397.383152, "delta": 0.007007}}
{"target": -13.497173875032601, "params": {"colsample_bytree": 0.1950092622396598, "eta": 0.053429964599527105, "gamma": 182.43401699756112, "max_depth": 8.0, "min_child_weight": 3795.687402515338, "num_boost_round": 8.0, "subsample": 0.6729442720642252}, "datetime": {"datetime": "2024-01-20 17:00:43", "elapsed": 9397.390212, "delta": 0.00706}}
{"target": -13.497189949957692, "params": {"colsample_bytree": 0.1950092622396598, "eta": 0.053429964599527105, "gamma": 182.43401699756112, "max_depth": 8.0, "min_child_weight": 3795.687402515338, "num_boost_round": 9.0, "subsample": 0.6729442720642252}, "datetime": {"datetime": "2024-01-20 17:00:43", "elapsed": 9397.397651, "delta": 0.007439}}
{"target": -13.496944042227732, "params": {"colsample_bytree": 0.1950092622396598, "eta": 0.053429964599527105, "gamma": 182.43401699756112, "max_depth": 8.0, "min_child_weight": 3795.687402515338, "num_boost_round": 10.0, "subsample": 0.6729442720642252}, "datetime": {"datetime": "2024-01-20 17:00:43", "elapsed": 9397.404793, "delta": 0.007142}}
{"target": -13.496934354020425, "params": {"colsample_bytree": 0.1950092622396598, "eta": 0.053429964599527105, "gamma": 182.43401699756112, "max_depth": 8.0, "min_child_weight": 3795.687402515338, "num_boost_round": 11.0, "subsample": 0.6729442720642252}, "datetime": {"datetime": "2024-01-20 17:00:43", "elapsed": 9397.416447, "delta": 0.011654}}
{"target": -13.497116388171442, "params": {"colsample_bytree": 0.1950092622396598, "eta": 0.053429964599527105, "gamma": 182.43401699756112, "max_depth": 8.0, "min_child_weight": 3795.687402515338, "num_boost_round": 12.0, "subsample": 0.6729442720642252}, "datetime": {"datetime": "2024-01-20 17:00:43", "elapsed": 9397.427671, "delta": 0.011224}}
{"target": -13.49718739061337, "params": {"colsample_bytree": 0.1950092622396598, "eta": 0.053429964599527105, "gamma": 182.43401699756112, "max_depth": 8.0, "min_child_weight": 3795.687402515338, "num_boost_round": 13.0, "subsample": 0.6729442720642252}, "datetime": {"datetime": "2024-01-20 17:00:43", "elapsed": 9397.436518, "delta": 0.008847}}
{"target": -13.497025372465796, "params": {"colsample_bytree": 0.1950092622396598, "eta": 0.053429964599527105, "gamma": 182.43401699756112, "max_depth": 8.0, "min_child_weight": 3795.687402515338, "num_boost_round": 14.0, "subsample": 0.6729442720642252}, "datetime": {"datetime": "2024-01-20 17:00:44", "elapsed": 9397.443969, "delta": 0.007451}}
{"target": -13.496884803438562, "params": {"colsample_bytree": 0.1950092622396598, "eta": 0.053429964599527105, "gamma": 182.43401699756112, "max_depth": 8.0, "min_child_weight": 3795.687402515338, "num_boost_round": 15.0, "subsample": 0.6729442720642252}, "datetime": {"datetime": "2024-01-20 17:00:44", "elapsed": 9397.451054, "delta": 0.007085}}
{"target": -13.497057988547468, "params": {"colsample_bytree": 0.1950092622396598, "eta": 0.053429964599527105, "gamma": 182.43401699756112, "max_depth": 8.0, "min_child_weight": 3795.687402515338, "num_boost_round": 16.0, "subsample": 0.6729442720642252}, "datetime": {"datetime": "2024-01-20 17:00:44", "elapsed": 9397.45808, "delta": 0.007026}}
{"target": -13.497143012518487, "params": {"colsample_bytree": 0.1950092622396598, "eta": 0.053429964599527105, "gamma": 182.43401699756112, "max_depth": 8.0, "min_child_weight": 3795.687402515338, "num_boost_round": 17.0, "subsample": 0.6729442720642252}, "datetime": {"datetime": "2024-01-20 17:00:44", "elapsed": 9397.465617, "delta": 0.007537}}
{"target": -13.497343147056087, "params": {"colsample_bytree": 0.1950092622396598, "eta": 0.053429964599527105, "gamma": 182.43401699756112, "max_depth": 8.0, "min_child_weight": 3795.687402515338, "num_boost_round": 18.0, "subsample": 0.6729442720642252}, "datetime": {"datetime": "2024-01-20 17:00:44", "elapsed": 9397.47294, "delta": 0.007323}}
{"target": -13.497667117172817, "params": {"colsample_bytree": 0.1950092622396598, "eta": 0.053429964599527105, "gamma": 182.43401699756112, "max_depth": 8.0, "min_child_weight": 3795.687402515338, "num_boost_round": 19.0, "subsample": 0.6729442720642252}, "datetime": {"datetime": "2024-01-20 17:00:44", "elapsed": 9397.479958, "delta": 0.007018}}
{"target": -13.497693878931408, "params": {"colsample_bytree": 0.1950092622396598, "eta": 0.053429964599527105, "gamma": 182.43401699756112, "max_depth": 8.0, "min_child_weight": 3795.687402515338, "num_boost_round": 20.0, "subsample": 0.6729442720642252}, "datetime": {"datetime": "2024-01-20 17:00:44", "elapsed": 9397.486994, "delta": 0.007036}}
{"target": -13.497371575375304, "params": {"colsample_bytree": 0.1950092622396598, "eta": 0.053429964599527105, "gamma": 182.43401699756112, "max_depth": 8.0, "min_child_weight": 3795.687402515338, "num_boost_round": 21.0, "subsample": 0.6729442720642252}, "datetime": {"datetime": "2024-01-20 17:00:44", "elapsed": 9397.494518, "delta": 0.007524}}
{"target": -13.4972038690678, "params": {"colsample_bytree": 0.1950092622396598, "eta": 0.053429964599527105, "gamma": 182.43401699756112, "max_depth": 8.0, "min_child_weight": 3795.687402515338, "num_boost_round": 22.0, "subsample": 0.6729442720642252}, "datetime": {"datetime": "2024-01-20 17:00:44", "elapsed": 9397.797085, "delta": 0.302567}}
{"target": -13.497369216969474, "params": {"colsample_bytree": 0.1950092622396598, "eta": 0.053429964599527105, "gamma": 182.43401699756112, "max_depth": 8.0, "min_child_weight": 3795.687402515338, "num_boost_round": 23.0, "subsample": 0.6729442720642252}, "datetime": {"datetime": "2024-01-20 17:00:44", "elapsed": 9397.805303, "delta": 0.008218}}
{"target": -13.497488815018599, "params": {"colsample_bytree": 0.1950092622396598, "eta": 0.053429964599527105, "gamma": 182.43401699756112, "max_depth": 8.0, "min_child_weight": 3795.687402515338, "num_boost_round": 24.0, "subsample": 0.6729442720642252}, "datetime": {"datetime": "2024-01-20 17:00:44", "elapsed": 9397.813306, "delta": 0.008003}}
{"target": -13.497624058232773, "params": {"colsample_bytree": 0.1950092622396598, "eta": 0.053429964599527105, "gamma": 182.43401699756112, "max_depth": 8.0, "min_child_weight": 3795.687402515338, "num_boost_round": 25.0, "subsample": 0.6729442720642252}, "datetime": {"datetime": "2024-01-20 17:00:44", "elapsed": 9397.821414, "delta": 0.008108}}
{"target": -13.497654021273803, "params": {"colsample_bytree": 0.1950092622396598, "eta": 0.053429964599527105, "gamma": 182.43401699756112, "max_depth": 8.0, "min_child_weight": 3795.687402515338, "num_boost_round": 26.0, "subsample": 0.6729442720642252}, "datetime": {"datetime": "2024-01-20 17:00:44", "elapsed": 9397.829661, "delta": 0.008247}}
{"target": -13.497679158630095, "params": {"colsample_bytree": 0.1950092622396598, "eta": 0.053429964599527105, "gamma": 182.43401699756112, "max_depth": 8.0, "min_child_weight": 3795.687402515338, "num_boost_round": 27.0, "subsample": 0.6729442720642252}, "datetime": {"datetime": "2024-01-20 17:00:44", "elapsed": 9397.837474, "delta": 0.007813}}
{"target": -13.497626433231238, "params": {"colsample_bytree": 0.1950092622396598, "eta": 0.053429964599527105, "gamma": 182.43401699756112, "max_depth": 8.0, "min_child_weight": 3795.687402515338, "num_boost_round": 28.0, "subsample": 0.6729442720642252}, "datetime": {"datetime": "2024-01-20 17:00:44", "elapsed": 9397.844728, "delta": 0.007254}}
{"target": -13.4977762069128, "params": {"colsample_bytree": 0.1950092622396598, "eta": 0.053429964599527105, "gamma": 182.43401699756112, "max_depth": 8.0, "min_child_weight": 3795.687402515338, "num_boost_round": 29.0, "subsample": 0.6729442720642252}, "datetime": {"datetime": "2024-01-20 17:00:44", "elapsed": 9397.852099, "delta": 0.007371}}
{"target": -13.497847048035325, "params": {"colsample_bytree": 0.1950092622396598, "eta": 0.053429964599527105, "gamma": 182.43401699756112, "max_depth": 8.0, "min_child_weight": 3795.687402515338, "num_boost_round": 30.0, "subsample": 0.6729442720642252}, "datetime": {"datetime": "2024-01-20 17:00:44", "elapsed": 9397.859567, "delta": 0.007468}}
{"target": -13.497899377118742, "params": {"colsample_bytree": 0.1950092622396598, "eta": 0.053429964599527105, "gamma": 182.43401699756112, "max_depth": 8.0, "min_child_weight": 3795.687402515338, "num_boost_round": 31.0, "subsample": 0.6729442720642252}, "datetime": {"datetime": "2024-01-20 17:00:44", "elapsed": 9397.86682, "delta": 0.007253}}
{"target": -13.497694671119376, "params": {"colsample_bytree": 0.3741472311498639, "eta": 0.05103338575939399, "gamma": 811.243925877221, "max_depth": 9.0, "min_child_weight": 4720.2311141430355, "num_boost_round": 1.0, "subsample": 0.7235114192900529}, "datetime": {"datetime": "2024-01-20 17:02:45", "elapsed": 9519.301328, "delta": 121.434508}}
{"target": -13.497611316724601, "params": {"colsample_bytree": 0.3741472311498639, "eta": 0.05103338575939399, "gamma": 811.243925877221, "max_depth": 9.0, "min_child_weight": 4720.2311141430355, "num_boost_round": 2.0, "subsample": 0.7235114192900529}, "datetime": {"datetime": "2024-01-20 17:02:45", "elapsed": 9519.309136, "delta": 0.007808}}
{"target": -13.497793169163877, "params": {"colsample_bytree": 0.3741472311498639, "eta": 0.05103338575939399, "gamma": 811.243925877221, "max_depth": 9.0, "min_child_weight": 4720.2311141430355, "num_boost_round": 3.0, "subsample": 0.7235114192900529}, "datetime": {"datetime": "2024-01-20 17:02:45", "elapsed": 9519.316237, "delta": 0.007101}}
{"target": -13.498029778359014, "params": {"colsample_bytree": 0.3741472311498639, "eta": 0.05103338575939399, "gamma": 811.243925877221, "max_depth": 9.0, "min_child_weight": 4720.2311141430355, "num_boost_round": 4.0, "subsample": 0.7235114192900529}, "datetime": {"datetime": "2024-01-20 17:02:45", "elapsed": 9519.323558, "delta": 0.007321}}
{"target": -13.49773661550096, "params": {"colsample_bytree": 0.3741472311498639, "eta": 0.05103338575939399, "gamma": 811.243925877221, "max_depth": 9.0, "min_child_weight": 4720.2311141430355, "num_boost_round": 5.0, "subsample": 0.7235114192900529}, "datetime": {"datetime": "2024-01-20 17:02:45", "elapsed": 9519.330883, "delta": 0.007325}}
{"target": -13.497514417137527, "params": {"colsample_bytree": 0.3741472311498639, "eta": 0.05103338575939399, "gamma": 811.243925877221, "max_depth": 9.0, "min_child_weight": 4720.2311141430355, "num_boost_round": 6.0, "subsample": 0.7235114192900529}, "datetime": {"datetime": "2024-01-20 17:02:45", "elapsed": 9519.338042, "delta": 0.007159}}
{"target": -13.497613008270605, "params": {"colsample_bytree": 0.3741472311498639, "eta": 0.05103338575939399, "gamma": 811.243925877221, "max_depth": 9.0, "min_child_weight": 4720.2311141430355, "num_boost_round": 7.0, "subsample": 0.7235114192900529}, "datetime": {"datetime": "2024-01-20 17:02:45", "elapsed": 9519.344883, "delta": 0.006841}}
{"target": -13.4974829300598, "params": {"colsample_bytree": 0.3741472311498639, "eta": 0.05103338575939399, "gamma": 811.243925877221, "max_depth": 9.0, "min_child_weight": 4720.2311141430355, "num_boost_round": 8.0, "subsample": 0.7235114192900529}, "datetime": {"datetime": "2024-01-20 17:02:45", "elapsed": 9519.352435, "delta": 0.007552}}
{"target": -13.49738061139099, "params": {"colsample_bytree": 0.3741472311498639, "eta": 0.05103338575939399, "gamma": 811.243925877221, "max_depth": 9.0, "min_child_weight": 4720.2311141430355, "num_boost_round": 9.0, "subsample": 0.7235114192900529}, "datetime": {"datetime": "2024-01-20 17:02:45", "elapsed": 9519.359499, "delta": 0.007064}}
{"target": -13.497150760190003, "params": {"colsample_bytree": 0.3741472311498639, "eta": 0.05103338575939399, "gamma": 811.243925877221, "max_depth": 9.0, "min_child_weight": 4720.2311141430355, "num_boost_round": 10.0, "subsample": 0.7235114192900529}, "datetime": {"datetime": "2024-01-20 17:02:45", "elapsed": 9519.366323, "delta": 0.006824}}
{"target": -13.497054479624707, "params": {"colsample_bytree": 0.3741472311498639, "eta": 0.05103338575939399, "gamma": 811.243925877221, "max_depth": 9.0, "min_child_weight": 4720.2311141430355, "num_boost_round": 11.0, "subsample": 0.7235114192900529}, "datetime": {"datetime": "2024-01-20 17:02:45", "elapsed": 9519.373381, "delta": 0.007058}}
{"target": -13.497381449588017, "params": {"colsample_bytree": 0.3741472311498639, "eta": 0.05103338575939399, "gamma": 811.243925877221, "max_depth": 9.0, "min_child_weight": 4720.2311141430355, "num_boost_round": 12.0, "subsample": 0.7235114192900529}, "datetime": {"datetime": "2024-01-20 17:02:45", "elapsed": 9519.380681, "delta": 0.0073}}
{"target": -13.497316053763736, "params": {"colsample_bytree": 0.3741472311498639, "eta": 0.05103338575939399, "gamma": 811.243925877221, "max_depth": 9.0, "min_child_weight": 4720.2311141430355, "num_boost_round": 13.0, "subsample": 0.7235114192900529}, "datetime": {"datetime": "2024-01-20 17:02:45", "elapsed": 9519.387814, "delta": 0.007133}}
{"target": -13.497428827966678, "params": {"colsample_bytree": 0.3741472311498639, "eta": 0.05103338575939399, "gamma": 811.243925877221, "max_depth": 9.0, "min_child_weight": 4720.2311141430355, "num_boost_round": 14.0, "subsample": 0.7235114192900529}, "datetime": {"datetime": "2024-01-20 17:02:45", "elapsed": 9519.394881, "delta": 0.007067}}
{"target": -13.497204649078416, "params": {"colsample_bytree": 0.3741472311498639, "eta": 0.05103338575939399, "gamma": 811.243925877221, "max_depth": 9.0, "min_child_weight": 4720.2311141430355, "num_boost_round": 15.0, "subsample": 0.7235114192900529}, "datetime": {"datetime": "2024-01-20 17:02:45", "elapsed": 9519.401791, "delta": 0.00691}}
{"target": -13.497636365785256, "params": {"colsample_bytree": 0.3741472311498639, "eta": 0.05103338575939399, "gamma": 811.243925877221, "max_depth": 9.0, "min_child_weight": 4720.2311141430355, "num_boost_round": 16.0, "subsample": 0.7235114192900529}, "datetime": {"datetime": "2024-01-20 17:02:45", "elapsed": 9519.409136, "delta": 0.007345}}
{"target": -13.4977053581573, "params": {"colsample_bytree": 0.3741472311498639, "eta": 0.05103338575939399, "gamma": 811.243925877221, "max_depth": 9.0, "min_child_weight": 4720.2311141430355, "num_boost_round": 17.0, "subsample": 0.7235114192900529}, "datetime": {"datetime": "2024-01-20 17:02:45", "elapsed": 9519.416386, "delta": 0.00725}}
{"target": -13.49787326867676, "params": {"colsample_bytree": 0.3741472311498639, "eta": 0.05103338575939399, "gamma": 811.243925877221, "max_depth": 9.0, "min_child_weight": 4720.2311141430355, "num_boost_round": 18.0, "subsample": 0.7235114192900529}, "datetime": {"datetime": "2024-01-20 17:02:45", "elapsed": 9519.423426, "delta": 0.00704}}
{"target": -13.498272788234114, "params": {"colsample_bytree": 0.3741472311498639, "eta": 0.05103338575939399, "gamma": 811.243925877221, "max_depth": 9.0, "min_child_weight": 4720.2311141430355, "num_boost_round": 19.0, "subsample": 0.7235114192900529}, "datetime": {"datetime": "2024-01-20 17:02:45", "elapsed": 9519.430552, "delta": 0.007126}}
{"target": -13.498180554850455, "params": {"colsample_bytree": 0.3741472311498639, "eta": 0.05103338575939399, "gamma": 811.243925877221, "max_depth": 9.0, "min_child_weight": 4720.2311141430355, "num_boost_round": 20.0, "subsample": 0.7235114192900529}, "datetime": {"datetime": "2024-01-20 17:02:45", "elapsed": 9519.437938, "delta": 0.007386}}
{"target": -13.498679818157072, "params": {"colsample_bytree": 0.3741472311498639, "eta": 0.05103338575939399, "gamma": 811.243925877221, "max_depth": 9.0, "min_child_weight": 4720.2311141430355, "num_boost_round": 21.0, "subsample": 0.7235114192900529}, "datetime": {"datetime": "2024-01-20 17:02:46", "elapsed": 9519.445185, "delta": 0.007247}}
{"target": -13.49865088834764, "params": {"colsample_bytree": 0.3741472311498639, "eta": 0.05103338575939399, "gamma": 811.243925877221, "max_depth": 9.0, "min_child_weight": 4720.2311141430355, "num_boost_round": 22.0, "subsample": 0.7235114192900529}, "datetime": {"datetime": "2024-01-20 17:02:46", "elapsed": 9519.452118, "delta": 0.006933}}
{"target": -13.498499124929584, "params": {"colsample_bytree": 0.3741472311498639, "eta": 0.05103338575939399, "gamma": 811.243925877221, "max_depth": 9.0, "min_child_weight": 4720.2311141430355, "num_boost_round": 23.0, "subsample": 0.7235114192900529}, "datetime": {"datetime": "2024-01-20 17:02:46", "elapsed": 9519.459076, "delta": 0.006958}}
{"target": -13.498798899314771, "params": {"colsample_bytree": 0.3741472311498639, "eta": 0.05103338575939399, "gamma": 811.243925877221, "max_depth": 9.0, "min_child_weight": 4720.2311141430355, "num_boost_round": 24.0, "subsample": 0.7235114192900529}, "datetime": {"datetime": "2024-01-20 17:02:46", "elapsed": 9519.466469, "delta": 0.007393}}
{"target": -13.49871595769508, "params": {"colsample_bytree": 0.3741472311498639, "eta": 0.05103338575939399, "gamma": 811.243925877221, "max_depth": 9.0, "min_child_weight": 4720.2311141430355, "num_boost_round": 25.0, "subsample": 0.7235114192900529}, "datetime": {"datetime": "2024-01-20 17:02:46", "elapsed": 9519.473636, "delta": 0.007167}}
{"target": -13.49894026017753, "params": {"colsample_bytree": 0.3741472311498639, "eta": 0.05103338575939399, "gamma": 811.243925877221, "max_depth": 9.0, "min_child_weight": 4720.2311141430355, "num_boost_round": 26.0, "subsample": 0.7235114192900529}, "datetime": {"datetime": "2024-01-20 17:02:46", "elapsed": 9519.480671, "delta": 0.007035}}
{"target": -13.499414802789637, "params": {"colsample_bytree": 0.3741472311498639, "eta": 0.05103338575939399, "gamma": 811.243925877221, "max_depth": 9.0, "min_child_weight": 4720.2311141430355, "num_boost_round": 27.0, "subsample": 0.7235114192900529}, "datetime": {"datetime": "2024-01-20 17:02:46", "elapsed": 9519.487629, "delta": 0.006958}}
{"target": -13.499497919928828, "params": {"colsample_bytree": 0.3741472311498639, "eta": 0.05103338575939399, "gamma": 811.243925877221, "max_depth": 9.0, "min_child_weight": 4720.2311141430355, "num_boost_round": 28.0, "subsample": 0.7235114192900529}, "datetime": {"datetime": "2024-01-20 17:02:46", "elapsed": 9519.494999, "delta": 0.00737}}
{"target": -13.499820641386401, "params": {"colsample_bytree": 0.3741472311498639, "eta": 0.05103338575939399, "gamma": 811.243925877221, "max_depth": 9.0, "min_child_weight": 4720.2311141430355, "num_boost_round": 29.0, "subsample": 0.7235114192900529}, "datetime": {"datetime": "2024-01-20 17:02:46", "elapsed": 9519.505905, "delta": 0.010906}}
{"target": -13.50003760167559, "params": {"colsample_bytree": 0.3741472311498639, "eta": 0.05103338575939399, "gamma": 811.243925877221, "max_depth": 9.0, "min_child_weight": 4720.2311141430355, "num_boost_round": 30.0, "subsample": 0.7235114192900529}, "datetime": {"datetime": "2024-01-20 17:02:46", "elapsed": 9519.516406, "delta": 0.010501}}
{"target": -13.500272501085302, "params": {"colsample_bytree": 0.3741472311498639, "eta": 0.05103338575939399, "gamma": 811.243925877221, "max_depth": 9.0, "min_child_weight": 4720.2311141430355, "num_boost_round": 31.0, "subsample": 0.7235114192900529}, "datetime": {"datetime": "2024-01-20 17:02:46", "elapsed": 9519.524612, "delta": 0.008206}}
{"target": -13.500363931552776, "params": {"colsample_bytree": 0.3741472311498639, "eta": 0.05103338575939399, "gamma": 811.243925877221, "max_depth": 9.0, "min_child_weight": 4720.2311141430355, "num_boost_round": 32.0, "subsample": 0.7235114192900529}, "datetime": {"datetime": "2024-01-20 17:02:46", "elapsed": 9519.532944, "delta": 0.008332}}
{"target": -13.500740588597456, "params": {"colsample_bytree": 0.3741472311498639, "eta": 0.05103338575939399, "gamma": 811.243925877221, "max_depth": 9.0, "min_child_weight": 4720.2311141430355, "num_boost_round": 33.0, "subsample": 0.7235114192900529}, "datetime": {"datetime": "2024-01-20 17:02:46", "elapsed": 9519.541083, "delta": 0.008139}}
{"target": -13.50077199839254, "params": {"colsample_bytree": 0.3741472311498639, "eta": 0.05103338575939399, "gamma": 811.243925877221, "max_depth": 9.0, "min_child_weight": 4720.2311141430355, "num_boost_round": 34.0, "subsample": 0.7235114192900529}, "datetime": {"datetime": "2024-01-20 17:02:46", "elapsed": 9519.54858, "delta": 0.007497}}
