{"target": -10.298496504999072, "params": {"colsample_bytree": 0.5939321535345923, "eta": 0.07152178474357823, "gamma": 602.7633760716438, "max_depth": 6.0, "min_child_weight": 4237.124338589708, "num_boost_round": 1.0, "subsample": 0.49382849013642327}, "datetime": {"datetime": "2024-01-20 13:21:42", "elapsed": 0.0, "delta": 0.0}}
{"target": -10.2987202319043, "params": {"colsample_bytree": 0.5939321535345923, "eta": 0.07152178474357823, "gamma": 602.7633760716438, "max_depth": 6.0, "min_child_weight": 4237.124338589708, "num_boost_round": 2.0, "subsample": 0.49382849013642327}, "datetime": {"datetime": "2024-01-20 13:21:42", "elapsed": 0.003159, "delta": 0.003159}}
{"target": -10.29885276529702, "params": {"colsample_bytree": 0.5939321535345923, "eta": 0.07152178474357823, "gamma": 602.7633760716438, "max_depth": 6.0, "min_child_weight": 4237.124338589708, "num_boost_round": 3.0, "subsample": 0.49382849013642327}, "datetime": {"datetime": "2024-01-20 13:21:42", "elapsed": 0.003395, "delta": 0.000236}}
{"target": -10.299333490163901, "params": {"colsample_bytree": 0.5939321535345923, "eta": 0.07152178474357823, "gamma": 602.7633760716438, "max_depth": 6.0, "min_child_weight": 4237.124338589708, "num_boost_round": 4.0, "subsample": 0.49382849013642327}, "datetime": {"datetime": "2024-01-20 13:21:42", "elapsed": 0.003567, "delta": 0.000172}}
{"target": -10.299860641162066, "params": {"colsample_bytree": 0.5939321535345923, "eta": 0.07152178474357823, "gamma": 602.7633760716438, "max_depth": 6.0, "min_child_weight": 4237.124338589708, "num_boost_round": 5.0, "subsample": 0.49382849013642327}, "datetime": {"datetime": "2024-01-20 13:21:42", "elapsed": 0.003734, "delta": 0.000167}}
{"target": -10.300437569719818, "params": {"colsample_bytree": 0.5939321535345923, "eta": 0.07152178474357823, "gamma": 602.7633760716438, "max_depth": 6.0, "min_child_weight": 4237.124338589708, "num_boost_round": 6.0, "subsample": 0.49382849013642327}, "datetime": {"datetime": "2024-01-20 13:21:42", "elapsed": 0.004091, "delta": 0.000357}}
{"target": -10.30065875682359, "params": {"colsample_bytree": 0.5939321535345923, "eta": 0.07152178474357823, "gamma": 602.7633760716438, "max_depth": 6.0, "min_child_weight": 4237.124338589708, "num_boost_round": 7.0, "subsample": 0.49382849013642327}, "datetime": {"datetime": "2024-01-20 13:21:42", "elapsed": 0.004242, "delta": 0.000151}}
{"target": -10.300967379598962, "params": {"colsample_bytree": 0.5939321535345923, "eta": 0.07152178474357823, "gamma": 602.7633760716438, "max_depth": 6.0, "min_child_weight": 4237.124338589708, "num_boost_round": 8.0, "subsample": 0.49382849013642327}, "datetime": {"datetime": "2024-01-20 13:21:42", "elapsed": 0.004415, "delta": 0.000173}}
{"target": -10.301599401183246, "params": {"colsample_bytree": 0.5939321535345923, "eta": 0.07152178474357823, "gamma": 602.7633760716438, "max_depth": 6.0, "min_child_weight": 4237.124338589708, "num_boost_round": 9.0, "subsample": 0.49382849013642327}, "datetime": {"datetime": "2024-01-20 13:21:42", "elapsed": 0.004583, "delta": 0.000168}}
{"target": -10.302147762859281, "params": {"colsample_bytree": 0.5939321535345923, "eta": 0.07152178474357823, "gamma": 602.7633760716438, "max_depth": 6.0, "min_child_weight": 4237.124338589708, "num_boost_round": 10.0, "subsample": 0.49382849013642327}, "datetime": {"datetime": "2024-01-20 13:21:42", "elapsed": 0.004747, "delta": 0.000164}}
{"target": -10.302766958377333, "params": {"colsample_bytree": 0.5939321535345923, "eta": 0.07152178474357823, "gamma": 602.7633760716438, "max_depth": 6.0, "min_child_weight": 4237.124338589708, "num_boost_round": 11.0, "subsample": 0.49382849013642327}, "datetime": {"datetime": "2024-01-20 13:21:42", "elapsed": 0.004898, "delta": 0.000151}}
{"target": -10.3032052177921, "params": {"colsample_bytree": 0.5939321535345923, "eta": 0.07152178474357823, "gamma": 602.7633760716438, "max_depth": 6.0, "min_child_weight": 4237.124338589708, "num_boost_round": 12.0, "subsample": 0.49382849013642327}, "datetime": {"datetime": "2024-01-20 13:21:42", "elapsed": 0.005052, "delta": 0.000154}}
{"target": -10.303489786210964, "params": {"colsample_bytree": 0.5939321535345923, "eta": 0.07152178474357823, "gamma": 602.7633760716438, "max_depth": 6.0, "min_child_weight": 4237.124338589708, "num_boost_round": 13.0, "subsample": 0.49382849013642327}, "datetime": {"datetime": "2024-01-20 13:21:42", "elapsed": 0.012459, "delta": 0.007407}}
{"target": -10.303792968110718, "params": {"colsample_bytree": 0.5939321535345923, "eta": 0.07152178474357823, "gamma": 602.7633760716438, "max_depth": 6.0, "min_child_weight": 4237.124338589708, "num_boost_round": 14.0, "subsample": 0.49382849013642327}, "datetime": {"datetime": "2024-01-20 13:21:42", "elapsed": 0.012666, "delta": 0.000207}}
{"target": -10.304327136198882, "params": {"colsample_bytree": 0.5939321535345923, "eta": 0.07152178474357823, "gamma": 602.7633760716438, "max_depth": 6.0, "min_child_weight": 4237.124338589708, "num_boost_round": 15.0, "subsample": 0.49382849013642327}, "datetime": {"datetime": "2024-01-20 13:21:42", "elapsed": 0.01282, "delta": 0.000154}}
{"target": -10.304670678749241, "params": {"colsample_bytree": 0.5939321535345923, "eta": 0.07152178474357823, "gamma": 602.7633760716438, "max_depth": 6.0, "min_child_weight": 4237.124338589708, "num_boost_round": 16.0, "subsample": 0.49382849013642327}, "datetime": {"datetime": "2024-01-20 13:21:42", "elapsed": 0.012969, "delta": 0.000149}}
{"target": -10.304999599393465, "params": {"colsample_bytree": 0.5939321535345923, "eta": 0.07152178474357823, "gamma": 602.7633760716438, "max_depth": 6.0, "min_child_weight": 4237.124338589708, "num_boost_round": 17.0, "subsample": 0.49382849013642327}, "datetime": {"datetime": "2024-01-20 13:21:42", "elapsed": 0.013118, "delta": 0.000149}}
{"target": -10.305411259950926, "params": {"colsample_bytree": 0.5939321535345923, "eta": 0.07152178474357823, "gamma": 602.7633760716438, "max_depth": 6.0, "min_child_weight": 4237.124338589708, "num_boost_round": 18.0, "subsample": 0.49382849013642327}, "datetime": {"datetime": "2024-01-20 13:21:42", "elapsed": 0.013266, "delta": 0.000148}}
{"target": -10.305749141944744, "params": {"colsample_bytree": 0.5939321535345923, "eta": 0.07152178474357823, "gamma": 602.7633760716438, "max_depth": 6.0, "min_child_weight": 4237.124338589708, "num_boost_round": 19.0, "subsample": 0.49382849013642327}, "datetime": {"datetime": "2024-01-20 13:21:42", "elapsed": 0.013426, "delta": 0.00016}}
{"target": -10.306155992534162, "params": {"colsample_bytree": 0.5939321535345923, "eta": 0.07152178474357823, "gamma": 602.7633760716438, "max_depth": 6.0, "min_child_weight": 4237.124338589708, "num_boost_round": 20.0, "subsample": 0.49382849013642327}, "datetime": {"datetime": "2024-01-20 13:21:42", "elapsed": 0.013597, "delta": 0.000171}}
{"target": -10.306323251806278, "params": {"colsample_bytree": 0.5939321535345923, "eta": 0.07152178474357823, "gamma": 602.7633760716438, "max_depth": 6.0, "min_child_weight": 4237.124338589708, "num_boost_round": 21.0, "subsample": 0.49382849013642327}, "datetime": {"datetime": "2024-01-20 13:21:42", "elapsed": 0.013753, "delta": 0.000156}}
{"target": -10.306453210953933, "params": {"colsample_bytree": 0.5939321535345923, "eta": 0.07152178474357823, "gamma": 602.7633760716438, "max_depth": 6.0, "min_child_weight": 4237.124338589708, "num_boost_round": 22.0, "subsample": 0.49382849013642327}, "datetime": {"datetime": "2024-01-20 13:21:42", "elapsed": 0.013912, "delta": 0.000159}}
{"target": -10.306765483799545, "params": {"colsample_bytree": 0.5939321535345923, "eta": 0.07152178474357823, "gamma": 602.7633760716438, "max_depth": 6.0, "min_child_weight": 4237.124338589708, "num_boost_round": 23.0, "subsample": 0.49382849013642327}, "datetime": {"datetime": "2024-01-20 13:21:42", "elapsed": 0.014068, "delta": 0.000156}}
{"target": -10.307072712973609, "params": {"colsample_bytree": 0.5939321535345923, "eta": 0.07152178474357823, "gamma": 602.7633760716438, "max_depth": 6.0, "min_child_weight": 4237.124338589708, "num_boost_round": 24.0, "subsample": 0.49382849013642327}, "datetime": {"datetime": "2024-01-20 13:21:42", "elapsed": 0.014225, "delta": 0.000157}}
{"target": -10.30741009843669, "params": {"colsample_bytree": 0.5939321535345923, "eta": 0.07152178474357823, "gamma": 602.7633760716438, "max_depth": 6.0, "min_child_weight": 4237.124338589708, "num_boost_round": 25.0, "subsample": 0.49382849013642327}, "datetime": {"datetime": "2024-01-20 13:21:42", "elapsed": 0.014382, "delta": 0.000157}}
{"target": -10.307968140103009, "params": {"colsample_bytree": 0.5939321535345923, "eta": 0.07152178474357823, "gamma": 602.7633760716438, "max_depth": 6.0, "min_child_weight": 4237.124338589708, "num_boost_round": 26.0, "subsample": 0.49382849013642327}, "datetime": {"datetime": "2024-01-20 13:21:42", "elapsed": 0.014554, "delta": 0.000172}}
{"target": -10.308240724526266, "params": {"colsample_bytree": 0.5939321535345923, "eta": 0.07152178474357823, "gamma": 602.7633760716438, "max_depth": 6.0, "min_child_weight": 4237.124338589708, "num_boost_round": 27.0, "subsample": 0.49382849013642327}, "datetime": {"datetime": "2024-01-20 13:21:42", "elapsed": 0.014718, "delta": 0.000164}}
{"target": -10.308579648362635, "params": {"colsample_bytree": 0.5939321535345923, "eta": 0.07152178474357823, "gamma": 602.7633760716438, "max_depth": 6.0, "min_child_weight": 4237.124338589708, "num_boost_round": 28.0, "subsample": 0.49382849013642327}, "datetime": {"datetime": "2024-01-20 13:21:42", "elapsed": 0.014878, "delta": 0.00016}}
{"target": -10.309233442841897, "params": {"colsample_bytree": 0.5939321535345923, "eta": 0.07152178474357823, "gamma": 602.7633760716438, "max_depth": 6.0, "min_child_weight": 4237.124338589708, "num_boost_round": 29.0, "subsample": 0.49382849013642327}, "datetime": {"datetime": "2024-01-20 13:21:42", "elapsed": 0.015042, "delta": 0.000164}}
{"target": -10.309922063305635, "params": {"colsample_bytree": 0.5939321535345923, "eta": 0.07152178474357823, "gamma": 602.7633760716438, "max_depth": 6.0, "min_child_weight": 4237.124338589708, "num_boost_round": 30.0, "subsample": 0.49382849013642327}, "datetime": {"datetime": "2024-01-20 13:21:42", "elapsed": 0.015208, "delta": 0.000166}}
{"target": -10.310252135534194, "params": {"colsample_bytree": 0.5939321535345923, "eta": 0.07152178474357823, "gamma": 602.7633760716438, "max_depth": 6.0, "min_child_weight": 4237.124338589708, "num_boost_round": 31.0, "subsample": 0.49382849013642327}, "datetime": {"datetime": "2024-01-20 13:21:42", "elapsed": 0.015371, "delta": 0.000163}}
{"target": -10.310610251450509, "params": {"colsample_bytree": 0.5939321535345923, "eta": 0.07152178474357823, "gamma": 602.7633760716438, "max_depth": 6.0, "min_child_weight": 4237.124338589708, "num_boost_round": 32.0, "subsample": 0.49382849013642327}, "datetime": {"datetime": "2024-01-20 13:21:42", "elapsed": 0.015553, "delta": 0.000182}}
{"target": -10.311111260745552, "params": {"colsample_bytree": 0.5939321535345923, "eta": 0.07152178474357823, "gamma": 602.7633760716438, "max_depth": 6.0, "min_child_weight": 4237.124338589708, "num_boost_round": 33.0, "subsample": 0.49382849013642327}, "datetime": {"datetime": "2024-01-20 13:21:42", "elapsed": 0.015721, "delta": 0.000168}}
{"target": -10.31132763185828, "params": {"colsample_bytree": 0.5939321535345923, "eta": 0.07152178474357823, "gamma": 602.7633760716438, "max_depth": 6.0, "min_child_weight": 4237.124338589708, "num_boost_round": 34.0, "subsample": 0.49382849013642327}, "datetime": {"datetime": "2024-01-20 13:21:42", "elapsed": 0.015887, "delta": 0.000166}}
{"target": -10.311549474807133, "params": {"colsample_bytree": 0.5939321535345923, "eta": 0.07152178474357823, "gamma": 602.7633760716438, "max_depth": 6.0, "min_child_weight": 4237.124338589708, "num_boost_round": 35.0, "subsample": 0.49382849013642327}, "datetime": {"datetime": "2024-01-20 13:21:42", "elapsed": 0.016055, "delta": 0.000168}}
{"target": -10.312105058463334, "params": {"colsample_bytree": 0.5939321535345923, "eta": 0.07152178474357823, "gamma": 602.7633760716438, "max_depth": 6.0, "min_child_weight": 4237.124338589708, "num_boost_round": 36.0, "subsample": 0.49382849013642327}, "datetime": {"datetime": "2024-01-20 13:21:42", "elapsed": 0.016229, "delta": 0.000174}}
{"target": -10.312293874435507, "params": {"colsample_bytree": 0.5939321535345923, "eta": 0.07152178474357823, "gamma": 602.7633760716438, "max_depth": 6.0, "min_child_weight": 4237.124338589708, "num_boost_round": 37.0, "subsample": 0.49382849013642327}, "datetime": {"datetime": "2024-01-20 13:21:42", "elapsed": 0.01641, "delta": 0.000181}}
{"target": -10.312694393707698, "params": {"colsample_bytree": 0.5939321535345923, "eta": 0.07152178474357823, "gamma": 602.7633760716438, "max_depth": 6.0, "min_child_weight": 4237.124338589708, "num_boost_round": 38.0, "subsample": 0.49382849013642327}, "datetime": {"datetime": "2024-01-20 13:21:42", "elapsed": 0.016588, "delta": 0.000178}}
{"target": -10.313259289778735, "params": {"colsample_bytree": 0.5939321535345923, "eta": 0.07152178474357823, "gamma": 602.7633760716438, "max_depth": 6.0, "min_child_weight": 4237.124338589708, "num_boost_round": 39.0, "subsample": 0.49382849013642327}, "datetime": {"datetime": "2024-01-20 13:21:42", "elapsed": 0.016763, "delta": 0.000175}}
{"target": -10.313654900847741, "params": {"colsample_bytree": 0.5939321535345923, "eta": 0.07152178474357823, "gamma": 602.7633760716438, "max_depth": 6.0, "min_child_weight": 4237.124338589708, "num_boost_round": 40.0, "subsample": 0.49382849013642327}, "datetime": {"datetime": "2024-01-20 13:21:42", "elapsed": 0.016943, "delta": 0.00018}}
{"target": -10.31365082840994, "params": {"colsample_bytree": 0.5939321535345923, "eta": 0.07152178474357823, "gamma": 602.7633760716438, "max_depth": 6.0, "min_child_weight": 4237.124338589708, "num_boost_round": 41.0, "subsample": 0.49382849013642327}, "datetime": {"datetime": "2024-01-20 13:21:42", "elapsed": 0.017122, "delta": 0.000179}}
{"target": -10.313888153517167, "params": {"colsample_bytree": 0.5939321535345923, "eta": 0.07152178474357823, "gamma": 602.7633760716438, "max_depth": 6.0, "min_child_weight": 4237.124338589708, "num_boost_round": 42.0, "subsample": 0.49382849013642327}, "datetime": {"datetime": "2024-01-20 13:21:42", "elapsed": 0.017303, "delta": 0.000181}}
{"target": -10.314165241011082, "params": {"colsample_bytree": 0.5939321535345923, "eta": 0.07152178474357823, "gamma": 602.7633760716438, "max_depth": 6.0, "min_child_weight": 4237.124338589708, "num_boost_round": 43.0, "subsample": 0.49382849013642327}, "datetime": {"datetime": "2024-01-20 13:21:42", "elapsed": 0.0175, "delta": 0.000197}}
{"target": -10.314792443666445, "params": {"colsample_bytree": 0.5939321535345923, "eta": 0.07152178474357823, "gamma": 602.7633760716438, "max_depth": 6.0, "min_child_weight": 4237.124338589708, "num_boost_round": 44.0, "subsample": 0.49382849013642327}, "datetime": {"datetime": "2024-01-20 13:21:42", "elapsed": 0.017786, "delta": 0.000286}}
{"target": -10.315044797848483, "params": {"colsample_bytree": 0.5939321535345923, "eta": 0.07152178474357823, "gamma": 602.7633760716438, "max_depth": 6.0, "min_child_weight": 4237.124338589708, "num_boost_round": 45.0, "subsample": 0.49382849013642327}, "datetime": {"datetime": "2024-01-20 13:21:42", "elapsed": 0.01798, "delta": 0.000194}}
{"target": -10.315160954974644, "params": {"colsample_bytree": 0.5939321535345923, "eta": 0.07152178474357823, "gamma": 602.7633760716438, "max_depth": 6.0, "min_child_weight": 4237.124338589708, "num_boost_round": 46.0, "subsample": 0.49382849013642327}, "datetime": {"datetime": "2024-01-20 13:21:42", "elapsed": 0.018167, "delta": 0.000187}}
{"target": -10.315155909771178, "params": {"colsample_bytree": 0.5939321535345923, "eta": 0.07152178474357823, "gamma": 602.7633760716438, "max_depth": 6.0, "min_child_weight": 4237.124338589708, "num_boost_round": 47.0, "subsample": 0.49382849013642327}, "datetime": {"datetime": "2024-01-20 13:21:42", "elapsed": 0.018353, "delta": 0.000186}}
{"target": -10.315061804900333, "params": {"colsample_bytree": 0.5939321535345923, "eta": 0.07152178474357823, "gamma": 602.7633760716438, "max_depth": 6.0, "min_child_weight": 4237.124338589708, "num_boost_round": 48.0, "subsample": 0.49382849013642327}, "datetime": {"datetime": "2024-01-20 13:21:42", "elapsed": 0.018562, "delta": 0.000209}}
{"target": -10.315285406436699, "params": {"colsample_bytree": 0.5939321535345923, "eta": 0.07152178474357823, "gamma": 602.7633760716438, "max_depth": 6.0, "min_child_weight": 4237.124338589708, "num_boost_round": 49.0, "subsample": 0.49382849013642327}, "datetime": {"datetime": "2024-01-20 13:21:42", "elapsed": 0.018753, "delta": 0.000191}}
{"target": -10.31534560091849, "params": {"colsample_bytree": 0.5939321535345923, "eta": 0.07152178474357823, "gamma": 602.7633760716438, "max_depth": 6.0, "min_child_weight": 4237.124338589708, "num_boost_round": 50.0, "subsample": 0.49382849013642327}, "datetime": {"datetime": "2024-01-20 13:21:42", "elapsed": 0.018944, "delta": 0.000191}}
{"target": -10.315509280196295, "params": {"colsample_bytree": 0.5939321535345923, "eta": 0.07152178474357823, "gamma": 602.7633760716438, "max_depth": 6.0, "min_child_weight": 4237.124338589708, "num_boost_round": 51.0, "subsample": 0.49382849013642327}, "datetime": {"datetime": "2024-01-20 13:21:42", "elapsed": 0.01914, "delta": 0.000196}}
{"target": -10.316038857202178, "params": {"colsample_bytree": 0.5939321535345923, "eta": 0.07152178474357823, "gamma": 602.7633760716438, "max_depth": 6.0, "min_child_weight": 4237.124338589708, "num_boost_round": 52.0, "subsample": 0.49382849013642327}, "datetime": {"datetime": "2024-01-20 13:21:42", "elapsed": 0.019338, "delta": 0.000198}}
{"target": -10.316512903864878, "params": {"colsample_bytree": 0.5939321535345923, "eta": 0.07152178474357823, "gamma": 602.7633760716438, "max_depth": 6.0, "min_child_weight": 4237.124338589708, "num_boost_round": 53.0, "subsample": 0.49382849013642327}, "datetime": {"datetime": "2024-01-20 13:21:42", "elapsed": 0.019556, "delta": 0.000218}}
{"target": -10.316862647493704, "params": {"colsample_bytree": 0.5939321535345923, "eta": 0.07152178474357823, "gamma": 602.7633760716438, "max_depth": 6.0, "min_child_weight": 4237.124338589708, "num_boost_round": 54.0, "subsample": 0.49382849013642327}, "datetime": {"datetime": "2024-01-20 13:21:42", "elapsed": 0.019762, "delta": 0.000206}}
{"target": -10.31711855003348, "params": {"colsample_bytree": 0.5939321535345923, "eta": 0.07152178474357823, "gamma": 602.7633760716438, "max_depth": 6.0, "min_child_weight": 4237.124338589708, "num_boost_round": 55.0, "subsample": 0.49382849013642327}, "datetime": {"datetime": "2024-01-20 13:21:42", "elapsed": 0.01997, "delta": 0.000208}}
{"target": -10.317131911974906, "params": {"colsample_bytree": 0.5939321535345923, "eta": 0.07152178474357823, "gamma": 602.7633760716438, "max_depth": 6.0, "min_child_weight": 4237.124338589708, "num_boost_round": 56.0, "subsample": 0.49382849013642327}, "datetime": {"datetime": "2024-01-20 13:21:42", "elapsed": 0.020174, "delta": 0.000204}}
{"target": -10.317358704220805, "params": {"colsample_bytree": 0.5939321535345923, "eta": 0.07152178474357823, "gamma": 602.7633760716438, "max_depth": 6.0, "min_child_weight": 4237.124338589708, "num_boost_round": 57.0, "subsample": 0.49382849013642327}, "datetime": {"datetime": "2024-01-20 13:21:42", "elapsed": 0.020375, "delta": 0.000201}}
{"target": -10.317621655637732, "params": {"colsample_bytree": 0.5939321535345923, "eta": 0.07152178474357823, "gamma": 602.7633760716438, "max_depth": 6.0, "min_child_weight": 4237.124338589708, "num_boost_round": 58.0, "subsample": 0.49382849013642327}, "datetime": {"datetime": "2024-01-20 13:21:42", "elapsed": 0.020596, "delta": 0.000221}}
{"target": -10.3179583421259, "params": {"colsample_bytree": 0.5939321535345923, "eta": 0.07152178474357823, "gamma": 602.7633760716438, "max_depth": 6.0, "min_child_weight": 4237.124338589708, "num_boost_round": 59.0, "subsample": 0.49382849013642327}, "datetime": {"datetime": "2024-01-20 13:21:42", "elapsed": 0.020809, "delta": 0.000213}}
{"target": -10.317942564524465, "params": {"colsample_bytree": 0.5939321535345923, "eta": 0.07152178474357823, "gamma": 602.7633760716438, "max_depth": 6.0, "min_child_weight": 4237.124338589708, "num_boost_round": 60.0, "subsample": 0.49382849013642327}, "datetime": {"datetime": "2024-01-20 13:21:42", "elapsed": 0.021024, "delta": 0.000215}}
{"target": -10.31836557945596, "params": {"colsample_bytree": 0.5939321535345923, "eta": 0.07152178474357823, "gamma": 602.7633760716438, "max_depth": 6.0, "min_child_weight": 4237.124338589708, "num_boost_round": 61.0, "subsample": 0.49382849013642327}, "datetime": {"datetime": "2024-01-20 13:21:42", "elapsed": 0.021234, "delta": 0.00021}}
{"target": -10.318509573080506, "params": {"colsample_bytree": 0.5939321535345923, "eta": 0.07152178474357823, "gamma": 602.7633760716438, "max_depth": 6.0, "min_child_weight": 4237.124338589708, "num_boost_round": 62.0, "subsample": 0.49382849013642327}, "datetime": {"datetime": "2024-01-20 13:21:42", "elapsed": 0.02145, "delta": 0.000216}}
{"target": -10.318272606748778, "params": {"colsample_bytree": 0.5939321535345923, "eta": 0.07152178474357823, "gamma": 602.7633760716438, "max_depth": 6.0, "min_child_weight": 4237.124338589708, "num_boost_round": 63.0, "subsample": 0.49382849013642327}, "datetime": {"datetime": "2024-01-20 13:21:42", "elapsed": 0.021662, "delta": 0.000212}}
