{"target": -10.476122529870697, "params": {"colsample_bytree": 0.7657060915036685, "eta": 0.00031144146258643105, "gamma": 420.1720296279783, "max_depth": 2.0, "min_child_weight": 4630.18306473058, "num_boost_round": 19.0, "subsample": 0.6506835714563847}, "datetime": {"datetime": "2024-01-20 15:01:41", "elapsed": 5793.397082, "delta": 0.004589}}
{"target": -10.476122515226798, "params": {"colsample_bytree": 0.7657060915036685, "eta": 0.00031144146258643105, "gamma": 420.1720296279783, "max_depth": 2.0, "min_child_weight": 4630.18306473058, "num_boost_round": 20.0, "subsample": 0.6506835714563847}, "datetime": {"datetime": "2024-01-20 15:01:41", "elapsed": 5793.401495, "delta": 0.004413}}
{"target": -10.476123959055542, "params": {"colsample_bytree": 0.7657060915036685, "eta": 0.00031144146258643105, "gamma": 420.1720296279783, "max_depth": 2.0, "min_child_weight": 4630.18306473058, "num_boost_round": 21.0, "subsample": 0.6506835714563847}, "datetime": {"datetime": "2024-01-20 15:01:41", "elapsed": 5793.405855, "delta": 0.00436}}
{"target": -10.476123440126377, "params": {"colsample_bytree": 0.7657060915036685, "eta": 0.00031144146258643105, "gamma": 420.1720296279783, "max_depth": 2.0, "min_child_weight": 4630.18306473058, "num_boost_round": 22.0, "subsample": 0.6506835714563847}, "datetime": {"datetime": "2024-01-20 15:01:41", "elapsed": 5793.410791, "delta": 0.004936}}
{"target": -10.476123898173146, "params": {"colsample_bytree": 0.7657060915036685, "eta": 0.00031144146258643105, "gamma": 420.1720296279783, "max_depth": 2.0, "min_child_weight": 4630.18306473058, "num_boost_round": 23.0, "subsample": 0.6506835714563847}, "datetime": {"datetime": "2024-01-20 15:01:41", "elapsed": 5793.415187, "delta": 0.004396}}
{"target": -10.476125088394118, "params": {"colsample_bytree": 0.7657060915036685, "eta": 0.00031144146258643105, "gamma": 420.1720296279783, "max_depth": 2.0, "min_child_weight": 4630.18306473058, "num_boost_round": 24.0, "subsample": 0.6506835714563847}, "datetime": {"datetime": "2024-01-20 15:01:41", "elapsed": 5793.419796, "delta": 0.004609}}
{"target": -10.476125231643817, "params": {"colsample_bytree": 0.7657060915036685, "eta": 0.00031144146258643105, "gamma": 420.1720296279783, "max_depth": 2.0, "min_child_weight": 4630.18306473058, "num_boost_round": 25.0, "subsample": 0.6506835714563847}, "datetime": {"datetime": "2024-01-20 15:01:41", "elapsed": 5793.424191, "delta": 0.004395}}
{"target": -10.47612643030621, "params": {"colsample_bytree": 0.7657060915036685, "eta": 0.00031144146258643105, "gamma": 420.1720296279783, "max_depth": 2.0, "min_child_weight": 4630.18306473058, "num_boost_round": 26.0, "subsample": 0.6506835714563847}, "datetime": {"datetime": "2024-01-20 15:01:41", "elapsed": 5793.428929, "delta": 0.004738}}
{"target": -10.47612782787428, "params": {"colsample_bytree": 0.7657060915036685, "eta": 0.00031144146258643105, "gamma": 420.1720296279783, "max_depth": 2.0, "min_child_weight": 4630.18306473058, "num_boost_round": 27.0, "subsample": 0.6506835714563847}, "datetime": {"datetime": "2024-01-20 15:01:41", "elapsed": 5793.433317, "delta": 0.004388}}
{"target": -10.476128026274463, "params": {"colsample_bytree": 0.7657060915036685, "eta": 0.00031144146258643105, "gamma": 420.1720296279783, "max_depth": 2.0, "min_child_weight": 4630.18306473058, "num_boost_round": 28.0, "subsample": 0.6506835714563847}, "datetime": {"datetime": "2024-01-20 15:01:41", "elapsed": 5793.437958, "delta": 0.004641}}
{"target": -10.476127959026858, "params": {"colsample_bytree": 0.7657060915036685, "eta": 0.00031144146258643105, "gamma": 420.1720296279783, "max_depth": 2.0, "min_child_weight": 4630.18306473058, "num_boost_round": 29.0, "subsample": 0.6506835714563847}, "datetime": {"datetime": "2024-01-20 15:01:41", "elapsed": 5793.442328, "delta": 0.00437}}
{"target": -10.476128299670322, "params": {"colsample_bytree": 0.7657060915036685, "eta": 0.00031144146258643105, "gamma": 420.1720296279783, "max_depth": 2.0, "min_child_weight": 4630.18306473058, "num_boost_round": 30.0, "subsample": 0.6506835714563847}, "datetime": {"datetime": "2024-01-20 15:01:41", "elapsed": 5793.446915, "delta": 0.004587}}
{"target": -10.476127718873984, "params": {"colsample_bytree": 0.7657060915036685, "eta": 0.00031144146258643105, "gamma": 420.1720296279783, "max_depth": 2.0, "min_child_weight": 4630.18306473058, "num_boost_round": 31.0, "subsample": 0.6506835714563847}, "datetime": {"datetime": "2024-01-20 15:01:41", "elapsed": 5793.451386, "delta": 0.004471}}
{"target": -10.476128777686961, "params": {"colsample_bytree": 0.7657060915036685, "eta": 0.00031144146258643105, "gamma": 420.1720296279783, "max_depth": 2.0, "min_child_weight": 4630.18306473058, "num_boost_round": 32.0, "subsample": 0.6506835714563847}, "datetime": {"datetime": "2024-01-20 15:01:41", "elapsed": 5793.455875, "delta": 0.004489}}
{"target": -10.476128523658849, "params": {"colsample_bytree": 0.7657060915036685, "eta": 0.00031144146258643105, "gamma": 420.1720296279783, "max_depth": 2.0, "min_child_weight": 4630.18306473058, "num_boost_round": 33.0, "subsample": 0.6506835714563847}, "datetime": {"datetime": "2024-01-20 15:01:41", "elapsed": 5793.460721, "delta": 0.004846}}
{"target": -10.47612993290527, "params": {"colsample_bytree": 0.7657060915036685, "eta": 0.00031144146258643105, "gamma": 420.1720296279783, "max_depth": 2.0, "min_child_weight": 4630.18306473058, "num_boost_round": 34.0, "subsample": 0.6506835714563847}, "datetime": {"datetime": "2024-01-20 15:01:41", "elapsed": 5793.465392, "delta": 0.004671}}
{"target": -10.476129867038658, "params": {"colsample_bytree": 0.7657060915036685, "eta": 0.00031144146258643105, "gamma": 420.1720296279783, "max_depth": 2.0, "min_child_weight": 4630.18306473058, "num_boost_round": 35.0, "subsample": 0.6506835714563847}, "datetime": {"datetime": "2024-01-20 15:01:41", "elapsed": 5793.470193, "delta": 0.004801}}
{"target": -10.47612942640996, "params": {"colsample_bytree": 0.7657060915036685, "eta": 0.00031144146258643105, "gamma": 420.1720296279783, "max_depth": 2.0, "min_child_weight": 4630.18306473058, "num_boost_round": 36.0, "subsample": 0.6506835714563847}, "datetime": {"datetime": "2024-01-20 15:01:41", "elapsed": 5793.475941, "delta": 0.005748}}
{"target": -10.476129829341712, "params": {"colsample_bytree": 0.7657060915036685, "eta": 0.00031144146258643105, "gamma": 420.1720296279783, "max_depth": 2.0, "min_child_weight": 4630.18306473058, "num_boost_round": 37.0, "subsample": 0.6506835714563847}, "datetime": {"datetime": "2024-01-20 15:01:41", "elapsed": 5793.48207, "delta": 0.006129}}
{"target": -10.476130001973647, "params": {"colsample_bytree": 0.7657060915036685, "eta": 0.00031144146258643105, "gamma": 420.1720296279783, "max_depth": 2.0, "min_child_weight": 4630.18306473058, "num_boost_round": 38.0, "subsample": 0.6506835714563847}, "datetime": {"datetime": "2024-01-20 15:01:41", "elapsed": 5793.487075, "delta": 0.005005}}
{"target": -10.476130854463307, "params": {"colsample_bytree": 0.7657060915036685, "eta": 0.00031144146258643105, "gamma": 420.1720296279783, "max_depth": 2.0, "min_child_weight": 4630.18306473058, "num_boost_round": 39.0, "subsample": 0.6506835714563847}, "datetime": {"datetime": "2024-01-20 15:01:41", "elapsed": 5793.491993, "delta": 0.004918}}
{"target": -10.476131823331425, "params": {"colsample_bytree": 0.7657060915036685, "eta": 0.00031144146258643105, "gamma": 420.1720296279783, "max_depth": 2.0, "min_child_weight": 4630.18306473058, "num_boost_round": 40.0, "subsample": 0.6506835714563847}, "datetime": {"datetime": "2024-01-20 15:01:41", "elapsed": 5793.496526, "delta": 0.004533}}
{"target": -10.476132015897058, "params": {"colsample_bytree": 0.7657060915036685, "eta": 0.00031144146258643105, "gamma": 420.1720296279783, "max_depth": 2.0, "min_child_weight": 4630.18306473058, "num_boost_round": 41.0, "subsample": 0.6506835714563847}, "datetime": {"datetime": "2024-01-20 15:01:41", "elapsed": 5793.500981, "delta": 0.004455}}
{"target": -10.476131815344722, "params": {"colsample_bytree": 0.7657060915036685, "eta": 0.00031144146258643105, "gamma": 420.1720296279783, "max_depth": 2.0, "min_child_weight": 4630.18306473058, "num_boost_round": 42.0, "subsample": 0.6506835714563847}, "datetime": {"datetime": "2024-01-20 15:01:41", "elapsed": 5793.50564, "delta": 0.004659}}
{"target": -10.476132525575107, "params": {"colsample_bytree": 0.7657060915036685, "eta": 0.00031144146258643105, "gamma": 420.1720296279783, "max_depth": 2.0, "min_child_weight": 4630.18306473058, "num_boost_round": 43.0, "subsample": 0.6506835714563847}, "datetime": {"datetime": "2024-01-20 15:01:41", "elapsed": 5793.510166, "delta": 0.004526}}
{"target": -10.476133020312972, "params": {"colsample_bytree": 0.7657060915036685, "eta": 0.00031144146258643105, "gamma": 420.1720296279783, "max_depth": 2.0, "min_child_weight": 4630.18306473058, "num_boost_round": 44.0, "subsample": 0.6506835714563847}, "datetime": {"datetime": "2024-01-20 15:01:41", "elapsed": 5793.514619, "delta": 0.004453}}
{"target": -10.476134694538262, "params": {"colsample_bytree": 0.7657060915036685, "eta": 0.00031144146258643105, "gamma": 420.1720296279783, "max_depth": 2.0, "min_child_weight": 4630.18306473058, "num_boost_round": 45.0, "subsample": 0.6506835714563847}, "datetime": {"datetime": "2024-01-20 15:01:41", "elapsed": 5793.519111, "delta": 0.004492}}
{"target": -10.47613392810808, "params": {"colsample_bytree": 0.7657060915036685, "eta": 0.00031144146258643105, "gamma": 420.1720296279783, "max_depth": 2.0, "min_child_weight": 4630.18306473058, "num_boost_round": 46.0, "subsample": 0.6506835714563847}, "datetime": {"datetime": "2024-01-20 15:01:41", "elapsed": 5793.523907, "delta": 0.004796}}
{"target": -10.476134119156404, "params": {"colsample_bytree": 0.7657060915036685, "eta": 0.00031144146258643105, "gamma": 420.1720296279783, "max_depth": 2.0, "min_child_weight": 4630.18306473058, "num_boost_round": 47.0, "subsample": 0.6506835714563847}, "datetime": {"datetime": "2024-01-20 15:01:41", "elapsed": 5793.528498, "delta": 0.004591}}
{"target": -10.476133903883689, "params": {"colsample_bytree": 0.7657060915036685, "eta": 0.00031144146258643105, "gamma": 420.1720296279783, "max_depth": 2.0, "min_child_weight": 4630.18306473058, "num_boost_round": 48.0, "subsample": 0.6506835714563847}, "datetime": {"datetime": "2024-01-20 15:01:41", "elapsed": 5793.533102, "delta": 0.004604}}
{"target": -10.476133363348174, "params": {"colsample_bytree": 0.7657060915036685, "eta": 0.00031144146258643105, "gamma": 420.1720296279783, "max_depth": 2.0, "min_child_weight": 4630.18306473058, "num_boost_round": 49.0, "subsample": 0.6506835714563847}, "datetime": {"datetime": "2024-01-20 15:01:41", "elapsed": 5793.53767, "delta": 0.004568}}
{"target": -10.476132421852588, "params": {"colsample_bytree": 0.7657060915036685, "eta": 0.00031144146258643105, "gamma": 420.1720296279783, "max_depth": 2.0, "min_child_weight": 4630.18306473058, "num_boost_round": 50.0, "subsample": 0.6506835714563847}, "datetime": {"datetime": "2024-01-20 15:01:41", "elapsed": 5793.542392, "delta": 0.004722}}
{"target": -10.476132332721912, "params": {"colsample_bytree": 0.7657060915036685, "eta": 0.00031144146258643105, "gamma": 420.1720296279783, "max_depth": 2.0, "min_child_weight": 4630.18306473058, "num_boost_round": 51.0, "subsample": 0.6506835714563847}, "datetime": {"datetime": "2024-01-20 15:01:41", "elapsed": 5793.546947, "delta": 0.004555}}
{"target": -10.476132103381712, "params": {"colsample_bytree": 0.7657060915036685, "eta": 0.00031144146258643105, "gamma": 420.1720296279783, "max_depth": 2.0, "min_child_weight": 4630.18306473058, "num_boost_round": 52.0, "subsample": 0.6506835714563847}, "datetime": {"datetime": "2024-01-20 15:01:41", "elapsed": 5793.551526, "delta": 0.004579}}
{"target": -10.476090761152763, "params": {"colsample_bytree": 0.27743437531993964, "eta": 0.055836193481708415, "gamma": 451.1444591953412, "max_depth": 3.0, "min_child_weight": 4577.575907185086, "num_boost_round": 1.0, "subsample": 0.1685317651073352}, "datetime": {"datetime": "2024-01-20 15:02:58", "elapsed": 5870.809714, "delta": 77.258188}}
{"target": -10.475989039157326, "params": {"colsample_bytree": 0.27743437531993964, "eta": 0.055836193481708415, "gamma": 451.1444591953412, "max_depth": 3.0, "min_child_weight": 4577.575907185086, "num_boost_round": 2.0, "subsample": 0.1685317651073352}, "datetime": {"datetime": "2024-01-20 15:02:58", "elapsed": 5870.816229, "delta": 0.006515}}
{"target": -10.475825573811633, "params": {"colsample_bytree": 0.27743437531993964, "eta": 0.055836193481708415, "gamma": 451.1444591953412, "max_depth": 3.0, "min_child_weight": 4577.575907185086, "num_boost_round": 3.0, "subsample": 0.1685317651073352}, "datetime": {"datetime": "2024-01-20 15:02:58", "elapsed": 5870.821373, "delta": 0.005144}}
{"target": -10.475695124691859, "params": {"colsample_bytree": 0.27743437531993964, "eta": 0.055836193481708415, "gamma": 451.1444591953412, "max_depth": 3.0, "min_child_weight": 4577.575907185086, "num_boost_round": 4.0, "subsample": 0.1685317651073352}, "datetime": {"datetime": "2024-01-20 15:02:58", "elapsed": 5870.826215, "delta": 0.004842}}
{"target": -10.475824097504047, "params": {"colsample_bytree": 0.27743437531993964, "eta": 0.055836193481708415, "gamma": 451.1444591953412, "max_depth": 3.0, "min_child_weight": 4577.575907185086, "num_boost_round": 5.0, "subsample": 0.1685317651073352}, "datetime": {"datetime": "2024-01-20 15:02:58", "elapsed": 5870.830958, "delta": 0.004743}}
{"target": -10.475850469209984, "params": {"colsample_bytree": 0.27743437531993964, "eta": 0.055836193481708415, "gamma": 451.1444591953412, "max_depth": 3.0, "min_child_weight": 4577.575907185086, "num_boost_round": 6.0, "subsample": 0.1685317651073352}, "datetime": {"datetime": "2024-01-20 15:02:58", "elapsed": 5870.835737, "delta": 0.004779}}
{"target": -10.475727311031708, "params": {"colsample_bytree": 0.27743437531993964, "eta": 0.055836193481708415, "gamma": 451.1444591953412, "max_depth": 3.0, "min_child_weight": 4577.575907185086, "num_boost_round": 7.0, "subsample": 0.1685317651073352}, "datetime": {"datetime": "2024-01-20 15:02:58", "elapsed": 5870.840404, "delta": 0.004667}}
{"target": -10.475683736883003, "params": {"colsample_bytree": 0.27743437531993964, "eta": 0.055836193481708415, "gamma": 451.1444591953412, "max_depth": 3.0, "min_child_weight": 4577.575907185086, "num_boost_round": 8.0, "subsample": 0.1685317651073352}, "datetime": {"datetime": "2024-01-20 15:02:58", "elapsed": 5870.844973, "delta": 0.004569}}
{"target": -10.475773310192109, "params": {"colsample_bytree": 0.27743437531993964, "eta": 0.055836193481708415, "gamma": 451.1444591953412, "max_depth": 3.0, "min_child_weight": 4577.575907185086, "num_boost_round": 9.0, "subsample": 0.1685317651073352}, "datetime": {"datetime": "2024-01-20 15:02:58", "elapsed": 5870.849608, "delta": 0.004635}}
{"target": -10.475902239936039, "params": {"colsample_bytree": 0.27743437531993964, "eta": 0.055836193481708415, "gamma": 451.1444591953412, "max_depth": 3.0, "min_child_weight": 4577.575907185086, "num_boost_round": 10.0, "subsample": 0.1685317651073352}, "datetime": {"datetime": "2024-01-20 15:02:58", "elapsed": 5870.854281, "delta": 0.004673}}
{"target": -10.475972209104194, "params": {"colsample_bytree": 0.27743437531993964, "eta": 0.055836193481708415, "gamma": 451.1444591953412, "max_depth": 3.0, "min_child_weight": 4577.575907185086, "num_boost_round": 11.0, "subsample": 0.1685317651073352}, "datetime": {"datetime": "2024-01-20 15:02:58", "elapsed": 5870.859005, "delta": 0.004724}}
{"target": -10.476044133276009, "params": {"colsample_bytree": 0.27743437531993964, "eta": 0.055836193481708415, "gamma": 451.1444591953412, "max_depth": 3.0, "min_child_weight": 4577.575907185086, "num_boost_round": 12.0, "subsample": 0.1685317651073352}, "datetime": {"datetime": "2024-01-20 15:02:58", "elapsed": 5870.863694, "delta": 0.004689}}
{"target": -10.476025949267635, "params": {"colsample_bytree": 0.27743437531993964, "eta": 0.055836193481708415, "gamma": 451.1444591953412, "max_depth": 3.0, "min_child_weight": 4577.575907185086, "num_boost_round": 13.0, "subsample": 0.1685317651073352}, "datetime": {"datetime": "2024-01-20 15:02:58", "elapsed": 5870.868334, "delta": 0.00464}}
{"target": -10.476196783119676, "params": {"colsample_bytree": 0.27743437531993964, "eta": 0.055836193481708415, "gamma": 451.1444591953412, "max_depth": 3.0, "min_child_weight": 4577.575907185086, "num_boost_round": 14.0, "subsample": 0.1685317651073352}, "datetime": {"datetime": "2024-01-20 15:02:58", "elapsed": 5870.873241, "delta": 0.004907}}
{"target": -10.476366108072062, "params": {"colsample_bytree": 0.27743437531993964, "eta": 0.055836193481708415, "gamma": 451.1444591953412, "max_depth": 3.0, "min_child_weight": 4577.575907185086, "num_boost_round": 15.0, "subsample": 0.1685317651073352}, "datetime": {"datetime": "2024-01-20 15:02:58", "elapsed": 5870.877941, "delta": 0.0047}}
{"target": -10.47650768606805, "params": {"colsample_bytree": 0.27743437531993964, "eta": 0.055836193481708415, "gamma": 451.1444591953412, "max_depth": 3.0, "min_child_weight": 4577.575907185086, "num_boost_round": 16.0, "subsample": 0.1685317651073352}, "datetime": {"datetime": "2024-01-20 15:02:58", "elapsed": 5870.882548, "delta": 0.004607}}
{"target": -10.476630132379569, "params": {"colsample_bytree": 0.27743437531993964, "eta": 0.055836193481708415, "gamma": 451.1444591953412, "max_depth": 3.0, "min_child_weight": 4577.575907185086, "num_boost_round": 17.0, "subsample": 0.1685317651073352}, "datetime": {"datetime": "2024-01-20 15:02:58", "elapsed": 5870.887135, "delta": 0.004587}}
{"target": -10.476709207375182, "params": {"colsample_bytree": 0.27743437531993964, "eta": 0.055836193481708415, "gamma": 451.1444591953412, "max_depth": 3.0, "min_child_weight": 4577.575907185086, "num_boost_round": 18.0, "subsample": 0.1685317651073352}, "datetime": {"datetime": "2024-01-20 15:02:58", "elapsed": 5870.891813, "delta": 0.004678}}
{"target": -10.476815041394751, "params": {"colsample_bytree": 0.27743437531993964, "eta": 0.055836193481708415, "gamma": 451.1444591953412, "max_depth": 3.0, "min_child_weight": 4577.575907185086, "num_boost_round": 19.0, "subsample": 0.1685317651073352}, "datetime": {"datetime": "2024-01-20 15:02:58", "elapsed": 5870.896421, "delta": 0.004608}}
{"target": -10.476959138097758, "params": {"colsample_bytree": 0.27743437531993964, "eta": 0.055836193481708415, "gamma": 451.1444591953412, "max_depth": 3.0, "min_child_weight": 4577.575907185086, "num_boost_round": 20.0, "subsample": 0.1685317651073352}, "datetime": {"datetime": "2024-01-20 15:02:58", "elapsed": 5870.900931, "delta": 0.00451}}
{"target": -10.477224132789457, "params": {"colsample_bytree": 0.27743437531993964, "eta": 0.055836193481708415, "gamma": 451.1444591953412, "max_depth": 3.0, "min_child_weight": 4577.575907185086, "num_boost_round": 21.0, "subsample": 0.1685317651073352}, "datetime": {"datetime": "2024-01-20 15:02:58", "elapsed": 5870.905903, "delta": 0.004972}}
{"target": -10.477205601634779, "params": {"colsample_bytree": 0.27743437531993964, "eta": 0.055836193481708415, "gamma": 451.1444591953412, "max_depth": 3.0, "min_child_weight": 4577.575907185086, "num_boost_round": 22.0, "subsample": 0.1685317651073352}, "datetime": {"datetime": "2024-01-20 15:02:58", "elapsed": 5870.911075, "delta": 0.005172}}
{"target": -10.477492137162807, "params": {"colsample_bytree": 0.27743437531993964, "eta": 0.055836193481708415, "gamma": 451.1444591953412, "max_depth": 3.0, "min_child_weight": 4577.575907185086, "num_boost_round": 23.0, "subsample": 0.1685317651073352}, "datetime": {"datetime": "2024-01-20 15:02:58", "elapsed": 5870.915833, "delta": 0.004758}}
{"target": -10.477668760157915, "params": {"colsample_bytree": 0.27743437531993964, "eta": 0.055836193481708415, "gamma": 451.1444591953412, "max_depth": 3.0, "min_child_weight": 4577.575907185086, "num_boost_round": 24.0, "subsample": 0.1685317651073352}, "datetime": {"datetime": "2024-01-20 15:02:58", "elapsed": 5870.920518, "delta": 0.004685}}
{"target": -10.477661460083095, "params": {"colsample_bytree": 0.27743437531993964, "eta": 0.055836193481708415, "gamma": 451.1444591953412, "max_depth": 3.0, "min_child_weight": 4577.575907185086, "num_boost_round": 25.0, "subsample": 0.1685317651073352}, "datetime": {"datetime": "2024-01-20 15:02:58", "elapsed": 5870.925046, "delta": 0.004528}}
{"target": -10.477690536582863, "params": {"colsample_bytree": 0.27743437531993964, "eta": 0.055836193481708415, "gamma": 451.1444591953412, "max_depth": 3.0, "min_child_weight": 4577.575907185086, "num_boost_round": 26.0, "subsample": 0.1685317651073352}, "datetime": {"datetime": "2024-01-20 15:02:58", "elapsed": 5870.929809, "delta": 0.004763}}
{"target": -10.477710602494628, "params": {"colsample_bytree": 0.27743437531993964, "eta": 0.055836193481708415, "gamma": 451.1444591953412, "max_depth": 3.0, "min_child_weight": 4577.575907185086, "num_boost_round": 27.0, "subsample": 0.1685317651073352}, "datetime": {"datetime": "2024-01-20 15:02:58", "elapsed": 5870.934355, "delta": 0.004546}}
{"target": -10.477725476241787, "params": {"colsample_bytree": 0.27743437531993964, "eta": 0.055836193481708415, "gamma": 451.1444591953412, "max_depth": 3.0, "min_child_weight": 4577.575907185086, "num_boost_round": 28.0, "subsample": 0.1685317651073352}, "datetime": {"datetime": "2024-01-20 15:02:58", "elapsed": 5870.939094, "delta": 0.004739}}
{"target": -10.47781173078262, "params": {"colsample_bytree": 0.27743437531993964, "eta": 0.055836193481708415, "gamma": 451.1444591953412, "max_depth": 3.0, "min_child_weight": 4577.575907185086, "num_boost_round": 29.0, "subsample": 0.1685317651073352}, "datetime": {"datetime": "2024-01-20 15:02:58", "elapsed": 5870.943697, "delta": 0.004603}}
