{"target": -15.160776887114155, "params": {"colsample_bytree": 0.5010928209786338, "eta": 0.0905379426578925, "gamma": 503.3082047097528, "max_depth": 9.0, "min_child_weight": 4403.977055293888, "num_boost_round": 29.0, "subsample": 0.150266437036711}, "datetime": {"datetime": "2024-01-20 16:00:51", "elapsed": 5808.837583, "delta": 0.00543}}
{"target": -15.16129257101924, "params": {"colsample_bytree": 0.5010928209786338, "eta": 0.0905379426578925, "gamma": 503.3082047097528, "max_depth": 9.0, "min_child_weight": 4403.977055293888, "num_boost_round": 30.0, "subsample": 0.150266437036711}, "datetime": {"datetime": "2024-01-20 16:00:51", "elapsed": 5808.843301, "delta": 0.005718}}
{"target": -15.161432181297132, "params": {"colsample_bytree": 0.5010928209786338, "eta": 0.0905379426578925, "gamma": 503.3082047097528, "max_depth": 9.0, "min_child_weight": 4403.977055293888, "num_boost_round": 31.0, "subsample": 0.150266437036711}, "datetime": {"datetime": "2024-01-20 16:00:51", "elapsed": 5808.849263, "delta": 0.005962}}
{"target": -15.161796515883587, "params": {"colsample_bytree": 0.5010928209786338, "eta": 0.0905379426578925, "gamma": 503.3082047097528, "max_depth": 9.0, "min_child_weight": 4403.977055293888, "num_boost_round": 32.0, "subsample": 0.150266437036711}, "datetime": {"datetime": "2024-01-20 16:00:51", "elapsed": 5808.855592, "delta": 0.006329}}
{"target": -15.161485436102048, "params": {"colsample_bytree": 0.5010928209786338, "eta": 0.0905379426578925, "gamma": 503.3082047097528, "max_depth": 9.0, "min_child_weight": 4403.977055293888, "num_boost_round": 33.0, "subsample": 0.150266437036711}, "datetime": {"datetime": "2024-01-20 16:00:51", "elapsed": 5808.86145, "delta": 0.005858}}
{"target": -15.161286138232033, "params": {"colsample_bytree": 0.5010928209786338, "eta": 0.0905379426578925, "gamma": 503.3082047097528, "max_depth": 9.0, "min_child_weight": 4403.977055293888, "num_boost_round": 34.0, "subsample": 0.150266437036711}, "datetime": {"datetime": "2024-01-20 16:00:51", "elapsed": 5808.867199, "delta": 0.005749}}
{"target": -15.161787171129044, "params": {"colsample_bytree": 0.5010928209786338, "eta": 0.0905379426578925, "gamma": 503.3082047097528, "max_depth": 9.0, "min_child_weight": 4403.977055293888, "num_boost_round": 35.0, "subsample": 0.150266437036711}, "datetime": {"datetime": "2024-01-20 16:00:51", "elapsed": 5808.872943, "delta": 0.005744}}
{"target": -15.162393296116328, "params": {"colsample_bytree": 0.5010928209786338, "eta": 0.0905379426578925, "gamma": 503.3082047097528, "max_depth": 9.0, "min_child_weight": 4403.977055293888, "num_boost_round": 36.0, "subsample": 0.150266437036711}, "datetime": {"datetime": "2024-01-20 16:00:51", "elapsed": 5808.878479, "delta": 0.005536}}
{"target": -15.163005452681837, "params": {"colsample_bytree": 0.5010928209786338, "eta": 0.0905379426578925, "gamma": 503.3082047097528, "max_depth": 9.0, "min_child_weight": 4403.977055293888, "num_boost_round": 37.0, "subsample": 0.150266437036711}, "datetime": {"datetime": "2024-01-20 16:00:51", "elapsed": 5808.883962, "delta": 0.005483}}
{"target": -15.16367720453767, "params": {"colsample_bytree": 0.5010928209786338, "eta": 0.0905379426578925, "gamma": 503.3082047097528, "max_depth": 9.0, "min_child_weight": 4403.977055293888, "num_boost_round": 38.0, "subsample": 0.150266437036711}, "datetime": {"datetime": "2024-01-20 16:00:51", "elapsed": 5808.889336, "delta": 0.005374}}
{"target": -15.163921187598273, "params": {"colsample_bytree": 0.5010928209786338, "eta": 0.0905379426578925, "gamma": 503.3082047097528, "max_depth": 9.0, "min_child_weight": 4403.977055293888, "num_boost_round": 39.0, "subsample": 0.150266437036711}, "datetime": {"datetime": "2024-01-20 16:00:51", "elapsed": 5808.894884, "delta": 0.005548}}
{"target": -15.163760016346435, "params": {"colsample_bytree": 0.5010928209786338, "eta": 0.0905379426578925, "gamma": 503.3082047097528, "max_depth": 9.0, "min_child_weight": 4403.977055293888, "num_boost_round": 40.0, "subsample": 0.150266437036711}, "datetime": {"datetime": "2024-01-20 16:00:51", "elapsed": 5808.900404, "delta": 0.00552}}
{"target": -15.16422895421029, "params": {"colsample_bytree": 0.5010928209786338, "eta": 0.0905379426578925, "gamma": 503.3082047097528, "max_depth": 9.0, "min_child_weight": 4403.977055293888, "num_boost_round": 41.0, "subsample": 0.150266437036711}, "datetime": {"datetime": "2024-01-20 16:00:51", "elapsed": 5808.905871, "delta": 0.005467}}
{"target": -15.164748039227222, "params": {"colsample_bytree": 0.5010928209786338, "eta": 0.0905379426578925, "gamma": 503.3082047097528, "max_depth": 9.0, "min_child_weight": 4403.977055293888, "num_boost_round": 42.0, "subsample": 0.150266437036711}, "datetime": {"datetime": "2024-01-20 16:00:51", "elapsed": 5808.911294, "delta": 0.005423}}
{"target": -15.164827123148658, "params": {"colsample_bytree": 0.5010928209786338, "eta": 0.0905379426578925, "gamma": 503.3082047097528, "max_depth": 9.0, "min_child_weight": 4403.977055293888, "num_boost_round": 43.0, "subsample": 0.150266437036711}, "datetime": {"datetime": "2024-01-20 16:00:51", "elapsed": 5808.916623, "delta": 0.005329}}
{"target": -15.164953067247072, "params": {"colsample_bytree": 0.5010928209786338, "eta": 0.0905379426578925, "gamma": 503.3082047097528, "max_depth": 9.0, "min_child_weight": 4403.977055293888, "num_boost_round": 44.0, "subsample": 0.150266437036711}, "datetime": {"datetime": "2024-01-20 16:00:51", "elapsed": 5808.922055, "delta": 0.005432}}
{"target": -15.1650245685924, "params": {"colsample_bytree": 0.5010928209786338, "eta": 0.0905379426578925, "gamma": 503.3082047097528, "max_depth": 9.0, "min_child_weight": 4403.977055293888, "num_boost_round": 45.0, "subsample": 0.150266437036711}, "datetime": {"datetime": "2024-01-20 16:00:51", "elapsed": 5808.927929, "delta": 0.005874}}
{"target": -15.164813734307515, "params": {"colsample_bytree": 0.5010928209786338, "eta": 0.0905379426578925, "gamma": 503.3082047097528, "max_depth": 9.0, "min_child_weight": 4403.977055293888, "num_boost_round": 46.0, "subsample": 0.150266437036711}, "datetime": {"datetime": "2024-01-20 16:00:51", "elapsed": 5808.933592, "delta": 0.005663}}
{"target": -15.16479225510476, "params": {"colsample_bytree": 0.5010928209786338, "eta": 0.0905379426578925, "gamma": 503.3082047097528, "max_depth": 9.0, "min_child_weight": 4403.977055293888, "num_boost_round": 47.0, "subsample": 0.150266437036711}, "datetime": {"datetime": "2024-01-20 16:00:51", "elapsed": 5808.938931, "delta": 0.005339}}
{"target": -15.164603421095954, "params": {"colsample_bytree": 0.5010928209786338, "eta": 0.0905379426578925, "gamma": 503.3082047097528, "max_depth": 9.0, "min_child_weight": 4403.977055293888, "num_boost_round": 48.0, "subsample": 0.150266437036711}, "datetime": {"datetime": "2024-01-20 16:00:51", "elapsed": 5808.944231, "delta": 0.0053}}
{"target": -15.164982907078727, "params": {"colsample_bytree": 0.5010928209786338, "eta": 0.0905379426578925, "gamma": 503.3082047097528, "max_depth": 9.0, "min_child_weight": 4403.977055293888, "num_boost_round": 49.0, "subsample": 0.150266437036711}, "datetime": {"datetime": "2024-01-20 16:00:51", "elapsed": 5808.949653, "delta": 0.005422}}
{"target": -15.165157151756787, "params": {"colsample_bytree": 0.5010928209786338, "eta": 0.0905379426578925, "gamma": 503.3082047097528, "max_depth": 9.0, "min_child_weight": 4403.977055293888, "num_boost_round": 50.0, "subsample": 0.150266437036711}, "datetime": {"datetime": "2024-01-20 16:00:51", "elapsed": 5808.955322, "delta": 0.005669}}
{"target": -15.165711939549034, "params": {"colsample_bytree": 0.5010928209786338, "eta": 0.0905379426578925, "gamma": 503.3082047097528, "max_depth": 9.0, "min_child_weight": 4403.977055293888, "num_boost_round": 51.0, "subsample": 0.150266437036711}, "datetime": {"datetime": "2024-01-20 16:00:51", "elapsed": 5808.960826, "delta": 0.005504}}
{"target": -15.166146236093127, "params": {"colsample_bytree": 0.5010928209786338, "eta": 0.0905379426578925, "gamma": 503.3082047097528, "max_depth": 9.0, "min_child_weight": 4403.977055293888, "num_boost_round": 52.0, "subsample": 0.150266437036711}, "datetime": {"datetime": "2024-01-20 16:00:51", "elapsed": 5808.966246, "delta": 0.00542}}
{"target": -15.166266202533997, "params": {"colsample_bytree": 0.5010928209786338, "eta": 0.0905379426578925, "gamma": 503.3082047097528, "max_depth": 9.0, "min_child_weight": 4403.977055293888, "num_boost_round": 53.0, "subsample": 0.150266437036711}, "datetime": {"datetime": "2024-01-20 16:00:51", "elapsed": 5808.972388, "delta": 0.006142}}
{"target": -15.166443968467277, "params": {"colsample_bytree": 0.5010928209786338, "eta": 0.0905379426578925, "gamma": 503.3082047097528, "max_depth": 9.0, "min_child_weight": 4403.977055293888, "num_boost_round": 54.0, "subsample": 0.150266437036711}, "datetime": {"datetime": "2024-01-20 16:00:51", "elapsed": 5808.978768, "delta": 0.00638}}
{"target": -15.16656072025943, "params": {"colsample_bytree": 0.5010928209786338, "eta": 0.0905379426578925, "gamma": 503.3082047097528, "max_depth": 9.0, "min_child_weight": 4403.977055293888, "num_boost_round": 55.0, "subsample": 0.150266437036711}, "datetime": {"datetime": "2024-01-20 16:00:51", "elapsed": 5808.985006, "delta": 0.006238}}
{"target": -15.166648830135482, "params": {"colsample_bytree": 0.5010928209786338, "eta": 0.0905379426578925, "gamma": 503.3082047097528, "max_depth": 9.0, "min_child_weight": 4403.977055293888, "num_boost_round": 56.0, "subsample": 0.150266437036711}, "datetime": {"datetime": "2024-01-20 16:00:51", "elapsed": 5808.991077, "delta": 0.006071}}
{"target": -15.1671872494013, "params": {"colsample_bytree": 0.5010928209786338, "eta": 0.0905379426578925, "gamma": 503.3082047097528, "max_depth": 9.0, "min_child_weight": 4403.977055293888, "num_boost_round": 57.0, "subsample": 0.150266437036711}, "datetime": {"datetime": "2024-01-20 16:00:51", "elapsed": 5808.997549, "delta": 0.006472}}
{"target": -15.166986529643555, "params": {"colsample_bytree": 0.5010928209786338, "eta": 0.0905379426578925, "gamma": 503.3082047097528, "max_depth": 9.0, "min_child_weight": 4403.977055293888, "num_boost_round": 58.0, "subsample": 0.150266437036711}, "datetime": {"datetime": "2024-01-20 16:00:51", "elapsed": 5809.003857, "delta": 0.006308}}
{"target": -15.166994189151207, "params": {"colsample_bytree": 0.5010928209786338, "eta": 0.0905379426578925, "gamma": 503.3082047097528, "max_depth": 9.0, "min_child_weight": 4403.977055293888, "num_boost_round": 59.0, "subsample": 0.150266437036711}, "datetime": {"datetime": "2024-01-20 16:00:51", "elapsed": 5809.009858, "delta": 0.006001}}
{"target": -15.172691740483241, "params": {"colsample_bytree": 0.4668836645426251, "eta": 0.01001210848835455, "gamma": 574.6305970107188, "max_depth": 7.0, "min_child_weight": 4193.727513689852, "num_boost_round": 1.0, "subsample": 0.22367815237799452}, "datetime": {"datetime": "2024-01-20 16:02:07", "elapsed": 5884.705675, "delta": 75.695817}}
{"target": -15.172341460120428, "params": {"colsample_bytree": 0.4668836645426251, "eta": 0.01001210848835455, "gamma": 574.6305970107188, "max_depth": 7.0, "min_child_weight": 4193.727513689852, "num_boost_round": 2.0, "subsample": 0.22367815237799452}, "datetime": {"datetime": "2024-01-20 16:02:07", "elapsed": 5884.71265, "delta": 0.006975}}
{"target": -15.171980586536826, "params": {"colsample_bytree": 0.4668836645426251, "eta": 0.01001210848835455, "gamma": 574.6305970107188, "max_depth": 7.0, "min_child_weight": 4193.727513689852, "num_boost_round": 3.0, "subsample": 0.22367815237799452}, "datetime": {"datetime": "2024-01-20 16:02:07", "elapsed": 5884.718032, "delta": 0.005382}}
{"target": -15.171918296643923, "params": {"colsample_bytree": 0.4668836645426251, "eta": 0.01001210848835455, "gamma": 574.6305970107188, "max_depth": 7.0, "min_child_weight": 4193.727513689852, "num_boost_round": 4.0, "subsample": 0.22367815237799452}, "datetime": {"datetime": "2024-01-20 16:02:07", "elapsed": 5884.723509, "delta": 0.005477}}
{"target": -15.171262277071556, "params": {"colsample_bytree": 0.4668836645426251, "eta": 0.01001210848835455, "gamma": 574.6305970107188, "max_depth": 7.0, "min_child_weight": 4193.727513689852, "num_boost_round": 5.0, "subsample": 0.22367815237799452}, "datetime": {"datetime": "2024-01-20 16:02:07", "elapsed": 5884.728882, "delta": 0.005373}}
{"target": -15.17090277182412, "params": {"colsample_bytree": 0.4668836645426251, "eta": 0.01001210848835455, "gamma": 574.6305970107188, "max_depth": 7.0, "min_child_weight": 4193.727513689852, "num_boost_round": 6.0, "subsample": 0.22367815237799452}, "datetime": {"datetime": "2024-01-20 16:02:07", "elapsed": 5884.734269, "delta": 0.005387}}
{"target": -15.170575368857932, "params": {"colsample_bytree": 0.4668836645426251, "eta": 0.01001210848835455, "gamma": 574.6305970107188, "max_depth": 7.0, "min_child_weight": 4193.727513689852, "num_boost_round": 7.0, "subsample": 0.22367815237799452}, "datetime": {"datetime": "2024-01-20 16:02:07", "elapsed": 5884.739651, "delta": 0.005382}}
{"target": -15.170026065074264, "params": {"colsample_bytree": 0.4668836645426251, "eta": 0.01001210848835455, "gamma": 574.6305970107188, "max_depth": 7.0, "min_child_weight": 4193.727513689852, "num_boost_round": 8.0, "subsample": 0.22367815237799452}, "datetime": {"datetime": "2024-01-20 16:02:07", "elapsed": 5884.745198, "delta": 0.005547}}
{"target": -15.169717785321208, "params": {"colsample_bytree": 0.4668836645426251, "eta": 0.01001210848835455, "gamma": 574.6305970107188, "max_depth": 7.0, "min_child_weight": 4193.727513689852, "num_boost_round": 9.0, "subsample": 0.22367815237799452}, "datetime": {"datetime": "2024-01-20 16:02:07", "elapsed": 5884.750758, "delta": 0.00556}}
{"target": -15.169362006141785, "params": {"colsample_bytree": 0.4668836645426251, "eta": 0.01001210848835455, "gamma": 574.6305970107188, "max_depth": 7.0, "min_child_weight": 4193.727513689852, "num_boost_round": 10.0, "subsample": 0.22367815237799452}, "datetime": {"datetime": "2024-01-20 16:02:07", "elapsed": 5884.75617, "delta": 0.005412}}
{"target": -15.16929034263553, "params": {"colsample_bytree": 0.4668836645426251, "eta": 0.01001210848835455, "gamma": 574.6305970107188, "max_depth": 7.0, "min_child_weight": 4193.727513689852, "num_boost_round": 11.0, "subsample": 0.22367815237799452}, "datetime": {"datetime": "2024-01-20 16:02:07", "elapsed": 5884.761642, "delta": 0.005472}}
{"target": -15.16925469579216, "params": {"colsample_bytree": 0.4668836645426251, "eta": 0.01001210848835455, "gamma": 574.6305970107188, "max_depth": 7.0, "min_child_weight": 4193.727513689852, "num_boost_round": 12.0, "subsample": 0.22367815237799452}, "datetime": {"datetime": "2024-01-20 16:02:07", "elapsed": 5884.767025, "delta": 0.005383}}
{"target": -15.169004563929782, "params": {"colsample_bytree": 0.4668836645426251, "eta": 0.01001210848835455, "gamma": 574.6305970107188, "max_depth": 7.0, "min_child_weight": 4193.727513689852, "num_boost_round": 13.0, "subsample": 0.22367815237799452}, "datetime": {"datetime": "2024-01-20 16:02:07", "elapsed": 5884.772491, "delta": 0.005466}}
{"target": -15.168696732769652, "params": {"colsample_bytree": 0.4668836645426251, "eta": 0.01001210848835455, "gamma": 574.6305970107188, "max_depth": 7.0, "min_child_weight": 4193.727513689852, "num_boost_round": 14.0, "subsample": 0.22367815237799452}, "datetime": {"datetime": "2024-01-20 16:02:07", "elapsed": 5884.777866, "delta": 0.005375}}
{"target": -15.16841565389517, "params": {"colsample_bytree": 0.4668836645426251, "eta": 0.01001210848835455, "gamma": 574.6305970107188, "max_depth": 7.0, "min_child_weight": 4193.727513689852, "num_boost_round": 15.0, "subsample": 0.22367815237799452}, "datetime": {"datetime": "2024-01-20 16:02:07", "elapsed": 5884.783322, "delta": 0.005456}}
{"target": -15.168283592340455, "params": {"colsample_bytree": 0.4668836645426251, "eta": 0.01001210848835455, "gamma": 574.6305970107188, "max_depth": 7.0, "min_child_weight": 4193.727513689852, "num_boost_round": 16.0, "subsample": 0.22367815237799452}, "datetime": {"datetime": "2024-01-20 16:02:07", "elapsed": 5884.788959, "delta": 0.005637}}
{"target": -15.167757709390488, "params": {"colsample_bytree": 0.4668836645426251, "eta": 0.01001210848835455, "gamma": 574.6305970107188, "max_depth": 7.0, "min_child_weight": 4193.727513689852, "num_boost_round": 17.0, "subsample": 0.22367815237799452}, "datetime": {"datetime": "2024-01-20 16:02:07", "elapsed": 5884.794969, "delta": 0.00601}}
{"target": -15.16750316277487, "params": {"colsample_bytree": 0.4668836645426251, "eta": 0.01001210848835455, "gamma": 574.6305970107188, "max_depth": 7.0, "min_child_weight": 4193.727513689852, "num_boost_round": 18.0, "subsample": 0.22367815237799452}, "datetime": {"datetime": "2024-01-20 16:02:07", "elapsed": 5884.800762, "delta": 0.005793}}
{"target": -15.167210350096777, "params": {"colsample_bytree": 0.4668836645426251, "eta": 0.01001210848835455, "gamma": 574.6305970107188, "max_depth": 7.0, "min_child_weight": 4193.727513689852, "num_boost_round": 19.0, "subsample": 0.22367815237799452}, "datetime": {"datetime": "2024-01-20 16:02:07", "elapsed": 5884.806331, "delta": 0.005569}}
{"target": -15.166974796751525, "params": {"colsample_bytree": 0.4668836645426251, "eta": 0.01001210848835455, "gamma": 574.6305970107188, "max_depth": 7.0, "min_child_weight": 4193.727513689852, "num_boost_round": 20.0, "subsample": 0.22367815237799452}, "datetime": {"datetime": "2024-01-20 16:02:07", "elapsed": 5884.811851, "delta": 0.00552}}
{"target": -15.16672952771009, "params": {"colsample_bytree": 0.4668836645426251, "eta": 0.01001210848835455, "gamma": 574.6305970107188, "max_depth": 7.0, "min_child_weight": 4193.727513689852, "num_boost_round": 21.0, "subsample": 0.22367815237799452}, "datetime": {"datetime": "2024-01-20 16:02:07", "elapsed": 5884.817343, "delta": 0.005492}}
{"target": -15.166679516431996, "params": {"colsample_bytree": 0.4668836645426251, "eta": 0.01001210848835455, "gamma": 574.6305970107188, "max_depth": 7.0, "min_child_weight": 4193.727513689852, "num_boost_round": 22.0, "subsample": 0.22367815237799452}, "datetime": {"datetime": "2024-01-20 16:02:07", "elapsed": 5884.822956, "delta": 0.005613}}
{"target": -15.166043936355283, "params": {"colsample_bytree": 0.4668836645426251, "eta": 0.01001210848835455, "gamma": 574.6305970107188, "max_depth": 7.0, "min_child_weight": 4193.727513689852, "num_boost_round": 23.0, "subsample": 0.22367815237799452}, "datetime": {"datetime": "2024-01-20 16:02:07", "elapsed": 5884.828402, "delta": 0.005446}}
{"target": -15.165589703360215, "params": {"colsample_bytree": 0.4668836645426251, "eta": 0.01001210848835455, "gamma": 574.6305970107188, "max_depth": 7.0, "min_child_weight": 4193.727513689852, "num_boost_round": 24.0, "subsample": 0.22367815237799452}, "datetime": {"datetime": "2024-01-20 16:02:07", "elapsed": 5884.833989, "delta": 0.005587}}
{"target": -15.165359038301506, "params": {"colsample_bytree": 0.4668836645426251, "eta": 0.01001210848835455, "gamma": 574.6305970107188, "max_depth": 7.0, "min_child_weight": 4193.727513689852, "num_boost_round": 25.0, "subsample": 0.22367815237799452}, "datetime": {"datetime": "2024-01-20 16:02:07", "elapsed": 5884.839451, "delta": 0.005462}}
{"target": -15.165187741554899, "params": {"colsample_bytree": 0.4668836645426251, "eta": 0.01001210848835455, "gamma": 574.6305970107188, "max_depth": 7.0, "min_child_weight": 4193.727513689852, "num_boost_round": 26.0, "subsample": 0.22367815237799452}, "datetime": {"datetime": "2024-01-20 16:02:07", "elapsed": 5884.845099, "delta": 0.005648}}
{"target": -15.164863353635635, "params": {"colsample_bytree": 0.4668836645426251, "eta": 0.01001210848835455, "gamma": 574.6305970107188, "max_depth": 7.0, "min_child_weight": 4193.727513689852, "num_boost_round": 27.0, "subsample": 0.22367815237799452}, "datetime": {"datetime": "2024-01-20 16:02:07", "elapsed": 5884.850663, "delta": 0.005564}}
{"target": -15.171609428370612, "params": {"colsample_bytree": 0.40865946419985766, "eta": 0.03555612795849388, "gamma": 605.7826411163967, "max_depth": 9.0, "min_child_weight": 4112.002198282126, "num_boost_round": 1.0, "subsample": 0.2702295868052208}, "datetime": {"datetime": "2024-01-20 16:03:48", "elapsed": 5986.21583, "delta": 101.365167}}
{"target": -15.170376604924105, "params": {"colsample_bytree": 0.40865946419985766, "eta": 0.03555612795849388, "gamma": 605.7826411163967, "max_depth": 9.0, "min_child_weight": 4112.002198282126, "num_boost_round": 2.0, "subsample": 0.2702295868052208}, "datetime": {"datetime": "2024-01-20 16:03:48", "elapsed": 5986.222895, "delta": 0.007065}}
{"target": -15.169182038615823, "params": {"colsample_bytree": 0.40865946419985766, "eta": 0.03555612795849388, "gamma": 605.7826411163967, "max_depth": 9.0, "min_child_weight": 4112.002198282126, "num_boost_round": 3.0, "subsample": 0.2702295868052208}, "datetime": {"datetime": "2024-01-20 16:03:48", "elapsed": 5986.228425, "delta": 0.00553}}
{"target": -15.168998554424604, "params": {"colsample_bytree": 0.40865946419985766, "eta": 0.03555612795849388, "gamma": 605.7826411163967, "max_depth": 9.0, "min_child_weight": 4112.002198282126, "num_boost_round": 4.0, "subsample": 0.2702295868052208}, "datetime": {"datetime": "2024-01-20 16:03:48", "elapsed": 5986.234076, "delta": 0.005651}}
{"target": -15.16683607981903, "params": {"colsample_bytree": 0.40865946419985766, "eta": 0.03555612795849388, "gamma": 605.7826411163967, "max_depth": 9.0, "min_child_weight": 4112.002198282126, "num_boost_round": 5.0, "subsample": 0.2702295868052208}, "datetime": {"datetime": "2024-01-20 16:03:48", "elapsed": 5986.239554, "delta": 0.005478}}
