{"target": -19.171619785102422, "params": {"colsample_bytree": 0.4769740282454191, "eta": 0.039199839232823455, "gamma": 441.52532157851067, "max_depth": 8.0, "min_child_weight": 4092.33168574522, "num_boost_round": 86.0, "subsample": 0.9031393512892153}, "datetime": {"datetime": "2024-01-20 14:36:17", "elapsed": 745.440595, "delta": 0.001399}}
{"target": -19.171750427724287, "params": {"colsample_bytree": 0.4769740282454191, "eta": 0.039199839232823455, "gamma": 441.52532157851067, "max_depth": 8.0, "min_child_weight": 4092.33168574522, "num_boost_round": 87.0, "subsample": 0.9031393512892153}, "datetime": {"datetime": "2024-01-20 14:36:17", "elapsed": 745.442009, "delta": 0.001414}}
{"target": -19.172007904944046, "params": {"colsample_bytree": 0.4769740282454191, "eta": 0.039199839232823455, "gamma": 441.52532157851067, "max_depth": 8.0, "min_child_weight": 4092.33168574522, "num_boost_round": 88.0, "subsample": 0.9031393512892153}, "datetime": {"datetime": "2024-01-20 14:36:17", "elapsed": 745.443429, "delta": 0.00142}}
{"target": -19.172005380128613, "params": {"colsample_bytree": 0.4769740282454191, "eta": 0.039199839232823455, "gamma": 441.52532157851067, "max_depth": 8.0, "min_child_weight": 4092.33168574522, "num_boost_round": 89.0, "subsample": 0.9031393512892153}, "datetime": {"datetime": "2024-01-20 14:36:17", "elapsed": 745.444849, "delta": 0.00142}}
{"target": -19.172277063431885, "params": {"colsample_bytree": 0.4769740282454191, "eta": 0.039199839232823455, "gamma": 441.52532157851067, "max_depth": 8.0, "min_child_weight": 4092.33168574522, "num_boost_round": 90.0, "subsample": 0.9031393512892153}, "datetime": {"datetime": "2024-01-20 14:36:17", "elapsed": 745.446237, "delta": 0.001388}}
{"target": -19.172488318384204, "params": {"colsample_bytree": 0.4769740282454191, "eta": 0.039199839232823455, "gamma": 441.52532157851067, "max_depth": 8.0, "min_child_weight": 4092.33168574522, "num_boost_round": 91.0, "subsample": 0.9031393512892153}, "datetime": {"datetime": "2024-01-20 14:36:17", "elapsed": 745.447645, "delta": 0.001408}}
{"target": -19.17251133807288, "params": {"colsample_bytree": 0.4769740282454191, "eta": 0.039199839232823455, "gamma": 441.52532157851067, "max_depth": 8.0, "min_child_weight": 4092.33168574522, "num_boost_round": 92.0, "subsample": 0.9031393512892153}, "datetime": {"datetime": "2024-01-20 14:36:17", "elapsed": 745.449055, "delta": 0.00141}}
{"target": -19.172677534055808, "params": {"colsample_bytree": 0.4769740282454191, "eta": 0.039199839232823455, "gamma": 441.52532157851067, "max_depth": 8.0, "min_child_weight": 4092.33168574522, "num_boost_round": 93.0, "subsample": 0.9031393512892153}, "datetime": {"datetime": "2024-01-20 14:36:17", "elapsed": 745.450452, "delta": 0.001397}}
{"target": -19.173107621854577, "params": {"colsample_bytree": 0.4769740282454191, "eta": 0.039199839232823455, "gamma": 441.52532157851067, "max_depth": 8.0, "min_child_weight": 4092.33168574522, "num_boost_round": 94.0, "subsample": 0.9031393512892153}, "datetime": {"datetime": "2024-01-20 14:36:17", "elapsed": 745.451828, "delta": 0.001376}}
{"target": -19.173551686224215, "params": {"colsample_bytree": 0.4769740282454191, "eta": 0.039199839232823455, "gamma": 441.52532157851067, "max_depth": 8.0, "min_child_weight": 4092.33168574522, "num_boost_round": 95.0, "subsample": 0.9031393512892153}, "datetime": {"datetime": "2024-01-20 14:36:17", "elapsed": 745.453216, "delta": 0.001388}}
{"target": -19.173746113016023, "params": {"colsample_bytree": 0.4769740282454191, "eta": 0.039199839232823455, "gamma": 441.52532157851067, "max_depth": 8.0, "min_child_weight": 4092.33168574522, "num_boost_round": 96.0, "subsample": 0.9031393512892153}, "datetime": {"datetime": "2024-01-20 14:36:17", "elapsed": 745.454622, "delta": 0.001406}}
{"target": -19.174085584897988, "params": {"colsample_bytree": 0.4769740282454191, "eta": 0.039199839232823455, "gamma": 441.52532157851067, "max_depth": 8.0, "min_child_weight": 4092.33168574522, "num_boost_round": 97.0, "subsample": 0.9031393512892153}, "datetime": {"datetime": "2024-01-20 14:36:17", "elapsed": 745.456032, "delta": 0.00141}}
{"target": -19.174595592617095, "params": {"colsample_bytree": 0.4769740282454191, "eta": 0.039199839232823455, "gamma": 441.52532157851067, "max_depth": 8.0, "min_child_weight": 4092.33168574522, "num_boost_round": 98.0, "subsample": 0.9031393512892153}, "datetime": {"datetime": "2024-01-20 14:36:17", "elapsed": 745.457428, "delta": 0.001396}}
{"target": -19.174722612236767, "params": {"colsample_bytree": 0.4769740282454191, "eta": 0.039199839232823455, "gamma": 441.52532157851067, "max_depth": 8.0, "min_child_weight": 4092.33168574522, "num_boost_round": 99.0, "subsample": 0.9031393512892153}, "datetime": {"datetime": "2024-01-20 14:36:17", "elapsed": 745.458842, "delta": 0.001414}}
{"target": -19.17499585109152, "params": {"colsample_bytree": 0.4769740282454191, "eta": 0.039199839232823455, "gamma": 441.52532157851067, "max_depth": 8.0, "min_child_weight": 4092.33168574522, "num_boost_round": 100.0, "subsample": 0.9031393512892153}, "datetime": {"datetime": "2024-01-20 14:36:17", "elapsed": 745.460242, "delta": 0.0014}}
{"target": -19.17540902157994, "params": {"colsample_bytree": 0.4769740282454191, "eta": 0.039199839232823455, "gamma": 441.52532157851067, "max_depth": 8.0, "min_child_weight": 4092.33168574522, "num_boost_round": 101.0, "subsample": 0.9031393512892153}, "datetime": {"datetime": "2024-01-20 14:36:17", "elapsed": 745.461648, "delta": 0.001406}}
{"target": -19.17556530447042, "params": {"colsample_bytree": 0.4769740282454191, "eta": 0.039199839232823455, "gamma": 441.52532157851067, "max_depth": 8.0, "min_child_weight": 4092.33168574522, "num_boost_round": 102.0, "subsample": 0.9031393512892153}, "datetime": {"datetime": "2024-01-20 14:36:17", "elapsed": 745.463053, "delta": 0.001405}}
{"target": -19.17566780301678, "params": {"colsample_bytree": 0.4769740282454191, "eta": 0.039199839232823455, "gamma": 441.52532157851067, "max_depth": 8.0, "min_child_weight": 4092.33168574522, "num_boost_round": 103.0, "subsample": 0.9031393512892153}, "datetime": {"datetime": "2024-01-20 14:36:17", "elapsed": 745.464438, "delta": 0.001385}}
{"target": -19.175989507375967, "params": {"colsample_bytree": 0.4769740282454191, "eta": 0.039199839232823455, "gamma": 441.52532157851067, "max_depth": 8.0, "min_child_weight": 4092.33168574522, "num_boost_round": 104.0, "subsample": 0.9031393512892153}, "datetime": {"datetime": "2024-01-20 14:36:17", "elapsed": 745.466446, "delta": 0.002008}}
{"target": -19.17602137072643, "params": {"colsample_bytree": 0.4769740282454191, "eta": 0.039199839232823455, "gamma": 441.52532157851067, "max_depth": 8.0, "min_child_weight": 4092.33168574522, "num_boost_round": 105.0, "subsample": 0.9031393512892153}, "datetime": {"datetime": "2024-01-20 14:36:17", "elapsed": 745.467956, "delta": 0.00151}}
{"target": -19.176167949259632, "params": {"colsample_bytree": 0.4769740282454191, "eta": 0.039199839232823455, "gamma": 441.52532157851067, "max_depth": 8.0, "min_child_weight": 4092.33168574522, "num_boost_round": 106.0, "subsample": 0.9031393512892153}, "datetime": {"datetime": "2024-01-20 14:36:17", "elapsed": 745.469449, "delta": 0.001493}}
{"target": -19.17655537213144, "params": {"colsample_bytree": 0.4769740282454191, "eta": 0.039199839232823455, "gamma": 441.52532157851067, "max_depth": 8.0, "min_child_weight": 4092.33168574522, "num_boost_round": 107.0, "subsample": 0.9031393512892153}, "datetime": {"datetime": "2024-01-20 14:36:17", "elapsed": 745.470967, "delta": 0.001518}}
{"target": -19.176706599992894, "params": {"colsample_bytree": 0.4769740282454191, "eta": 0.039199839232823455, "gamma": 441.52532157851067, "max_depth": 8.0, "min_child_weight": 4092.33168574522, "num_boost_round": 108.0, "subsample": 0.9031393512892153}, "datetime": {"datetime": "2024-01-20 14:36:17", "elapsed": 745.472353, "delta": 0.001386}}
{"target": -19.17699500391624, "params": {"colsample_bytree": 0.4769740282454191, "eta": 0.039199839232823455, "gamma": 441.52532157851067, "max_depth": 8.0, "min_child_weight": 4092.33168574522, "num_boost_round": 109.0, "subsample": 0.9031393512892153}, "datetime": {"datetime": "2024-01-20 14:36:17", "elapsed": 745.473739, "delta": 0.001386}}
{"target": -19.177184725761123, "params": {"colsample_bytree": 0.4769740282454191, "eta": 0.039199839232823455, "gamma": 441.52532157851067, "max_depth": 8.0, "min_child_weight": 4092.33168574522, "num_boost_round": 110.0, "subsample": 0.9031393512892153}, "datetime": {"datetime": "2024-01-20 14:36:17", "elapsed": 745.475124, "delta": 0.001385}}
{"target": -19.177573970904657, "params": {"colsample_bytree": 0.4769740282454191, "eta": 0.039199839232823455, "gamma": 441.52532157851067, "max_depth": 8.0, "min_child_weight": 4092.33168574522, "num_boost_round": 111.0, "subsample": 0.9031393512892153}, "datetime": {"datetime": "2024-01-20 14:36:17", "elapsed": 745.476547, "delta": 0.001423}}
{"target": -19.177733877237785, "params": {"colsample_bytree": 0.4769740282454191, "eta": 0.039199839232823455, "gamma": 441.52532157851067, "max_depth": 8.0, "min_child_weight": 4092.33168574522, "num_boost_round": 112.0, "subsample": 0.9031393512892153}, "datetime": {"datetime": "2024-01-20 14:36:17", "elapsed": 745.477984, "delta": 0.001437}}
{"target": -19.178267065934556, "params": {"colsample_bytree": 0.4769740282454191, "eta": 0.039199839232823455, "gamma": 441.52532157851067, "max_depth": 8.0, "min_child_weight": 4092.33168574522, "num_boost_round": 113.0, "subsample": 0.9031393512892153}, "datetime": {"datetime": "2024-01-20 14:36:17", "elapsed": 745.479414, "delta": 0.00143}}
{"target": -19.17834049199453, "params": {"colsample_bytree": 0.4769740282454191, "eta": 0.039199839232823455, "gamma": 441.52532157851067, "max_depth": 8.0, "min_child_weight": 4092.33168574522, "num_boost_round": 114.0, "subsample": 0.9031393512892153}, "datetime": {"datetime": "2024-01-20 14:36:17", "elapsed": 745.480859, "delta": 0.001445}}
{"target": -19.178517563280078, "params": {"colsample_bytree": 0.4769740282454191, "eta": 0.039199839232823455, "gamma": 441.52532157851067, "max_depth": 8.0, "min_child_weight": 4092.33168574522, "num_boost_round": 115.0, "subsample": 0.9031393512892153}, "datetime": {"datetime": "2024-01-20 14:36:17", "elapsed": 745.48229, "delta": 0.001431}}
{"target": -19.143026641729424, "params": {"colsample_bytree": 0.12365910931112058, "eta": 0.02324962742051344, "gamma": 449.3382694731567, "max_depth": 5.0, "min_child_weight": 3987.880741165608, "num_boost_round": 1.0, "subsample": 0.361061311663462}, "datetime": {"datetime": "2024-01-20 14:36:41", "elapsed": 769.571602, "delta": 24.089312}}
{"target": -19.142886886197203, "params": {"colsample_bytree": 0.12365910931112058, "eta": 0.02324962742051344, "gamma": 449.3382694731567, "max_depth": 5.0, "min_child_weight": 3987.880741165608, "num_boost_round": 2.0, "subsample": 0.361061311663462}, "datetime": {"datetime": "2024-01-20 14:36:41", "elapsed": 769.574505, "delta": 0.002903}}
{"target": -19.142777959490743, "params": {"colsample_bytree": 0.12365910931112058, "eta": 0.02324962742051344, "gamma": 449.3382694731567, "max_depth": 5.0, "min_child_weight": 3987.880741165608, "num_boost_round": 3.0, "subsample": 0.361061311663462}, "datetime": {"datetime": "2024-01-20 14:36:41", "elapsed": 769.576124, "delta": 0.001619}}
{"target": -19.14260830653697, "params": {"colsample_bytree": 0.12365910931112058, "eta": 0.02324962742051344, "gamma": 449.3382694731567, "max_depth": 5.0, "min_child_weight": 3987.880741165608, "num_boost_round": 4.0, "subsample": 0.361061311663462}, "datetime": {"datetime": "2024-01-20 14:36:41", "elapsed": 769.577552, "delta": 0.001428}}
{"target": -19.142569329035204, "params": {"colsample_bytree": 0.12365910931112058, "eta": 0.02324962742051344, "gamma": 449.3382694731567, "max_depth": 5.0, "min_child_weight": 3987.880741165608, "num_boost_round": 5.0, "subsample": 0.361061311663462}, "datetime": {"datetime": "2024-01-20 14:36:41", "elapsed": 769.579302, "delta": 0.00175}}
{"target": -19.142506105484713, "params": {"colsample_bytree": 0.12365910931112058, "eta": 0.02324962742051344, "gamma": 449.3382694731567, "max_depth": 5.0, "min_child_weight": 3987.880741165608, "num_boost_round": 6.0, "subsample": 0.361061311663462}, "datetime": {"datetime": "2024-01-20 14:36:41", "elapsed": 769.580773, "delta": 0.001471}}
{"target": -19.14240954867681, "params": {"colsample_bytree": 0.12365910931112058, "eta": 0.02324962742051344, "gamma": 449.3382694731567, "max_depth": 5.0, "min_child_weight": 3987.880741165608, "num_boost_round": 7.0, "subsample": 0.361061311663462}, "datetime": {"datetime": "2024-01-20 14:36:41", "elapsed": 769.582208, "delta": 0.001435}}
{"target": -19.14222660489274, "params": {"colsample_bytree": 0.12365910931112058, "eta": 0.02324962742051344, "gamma": 449.3382694731567, "max_depth": 5.0, "min_child_weight": 3987.880741165608, "num_boost_round": 8.0, "subsample": 0.361061311663462}, "datetime": {"datetime": "2024-01-20 14:36:41", "elapsed": 769.583671, "delta": 0.001463}}
{"target": -19.142220367285628, "params": {"colsample_bytree": 0.12365910931112058, "eta": 0.02324962742051344, "gamma": 449.3382694731567, "max_depth": 5.0, "min_child_weight": 3987.880741165608, "num_boost_round": 9.0, "subsample": 0.361061311663462}, "datetime": {"datetime": "2024-01-20 14:36:41", "elapsed": 769.585098, "delta": 0.001427}}
{"target": -19.142314327198612, "params": {"colsample_bytree": 0.12365910931112058, "eta": 0.02324962742051344, "gamma": 449.3382694731567, "max_depth": 5.0, "min_child_weight": 3987.880741165608, "num_boost_round": 10.0, "subsample": 0.361061311663462}, "datetime": {"datetime": "2024-01-20 14:36:41", "elapsed": 769.586523, "delta": 0.001425}}
{"target": -19.14223078775229, "params": {"colsample_bytree": 0.12365910931112058, "eta": 0.02324962742051344, "gamma": 449.3382694731567, "max_depth": 5.0, "min_child_weight": 3987.880741165608, "num_boost_round": 11.0, "subsample": 0.361061311663462}, "datetime": {"datetime": "2024-01-20 14:36:41", "elapsed": 769.588024, "delta": 0.001501}}
{"target": -19.142300565367456, "params": {"colsample_bytree": 0.12365910931112058, "eta": 0.02324962742051344, "gamma": 449.3382694731567, "max_depth": 5.0, "min_child_weight": 3987.880741165608, "num_boost_round": 12.0, "subsample": 0.361061311663462}, "datetime": {"datetime": "2024-01-20 14:36:41", "elapsed": 769.589447, "delta": 0.001423}}
{"target": -19.142301548666474, "params": {"colsample_bytree": 0.12365910931112058, "eta": 0.02324962742051344, "gamma": 449.3382694731567, "max_depth": 5.0, "min_child_weight": 3987.880741165608, "num_boost_round": 13.0, "subsample": 0.361061311663462}, "datetime": {"datetime": "2024-01-20 14:36:41", "elapsed": 769.590872, "delta": 0.001425}}
{"target": -19.142260730793616, "params": {"colsample_bytree": 0.12365910931112058, "eta": 0.02324962742051344, "gamma": 449.3382694731567, "max_depth": 5.0, "min_child_weight": 3987.880741165608, "num_boost_round": 14.0, "subsample": 0.361061311663462}, "datetime": {"datetime": "2024-01-20 14:36:41", "elapsed": 769.592288, "delta": 0.001416}}
{"target": -19.142435230268966, "params": {"colsample_bytree": 0.12365910931112058, "eta": 0.02324962742051344, "gamma": 449.3382694731567, "max_depth": 5.0, "min_child_weight": 3987.880741165608, "num_boost_round": 15.0, "subsample": 0.361061311663462}, "datetime": {"datetime": "2024-01-20 14:36:41", "elapsed": 769.593708, "delta": 0.00142}}
{"target": -19.142437864461193, "params": {"colsample_bytree": 0.12365910931112058, "eta": 0.02324962742051344, "gamma": 449.3382694731567, "max_depth": 5.0, "min_child_weight": 3987.880741165608, "num_boost_round": 16.0, "subsample": 0.361061311663462}, "datetime": {"datetime": "2024-01-20 14:36:41", "elapsed": 769.595164, "delta": 0.001456}}
{"target": -19.142319326586957, "params": {"colsample_bytree": 0.12365910931112058, "eta": 0.02324962742051344, "gamma": 449.3382694731567, "max_depth": 5.0, "min_child_weight": 3987.880741165608, "num_boost_round": 17.0, "subsample": 0.361061311663462}, "datetime": {"datetime": "2024-01-20 14:36:41", "elapsed": 769.59659, "delta": 0.001426}}
{"target": -19.14331396162423, "params": {"colsample_bytree": 0.7659707606254067, "eta": 0.020486895759328782, "gamma": 703.8900460981595, "max_depth": 8.0, "min_child_weight": 4108.969602075233, "num_boost_round": 1.0, "subsample": 0.5190482805280262}, "datetime": {"datetime": "2024-01-20 14:37:21", "elapsed": 809.092695, "delta": 39.496105}}
{"target": -19.143279405077585, "params": {"colsample_bytree": 0.7659707606254067, "eta": 0.020486895759328782, "gamma": 703.8900460981595, "max_depth": 8.0, "min_child_weight": 4108.969602075233, "num_boost_round": 2.0, "subsample": 0.5190482805280262}, "datetime": {"datetime": "2024-01-20 14:37:21", "elapsed": 809.095721, "delta": 0.003026}}
{"target": -19.14331553787228, "params": {"colsample_bytree": 0.7659707606254067, "eta": 0.020486895759328782, "gamma": 703.8900460981595, "max_depth": 8.0, "min_child_weight": 4108.969602075233, "num_boost_round": 3.0, "subsample": 0.5190482805280262}, "datetime": {"datetime": "2024-01-20 14:37:21", "elapsed": 809.097159, "delta": 0.001438}}
{"target": -19.143348367154776, "params": {"colsample_bytree": 0.7659707606254067, "eta": 0.020486895759328782, "gamma": 703.8900460981595, "max_depth": 8.0, "min_child_weight": 4108.969602075233, "num_boost_round": 4.0, "subsample": 0.5190482805280262}, "datetime": {"datetime": "2024-01-20 14:37:21", "elapsed": 809.098572, "delta": 0.001413}}
{"target": -19.143354972532176, "params": {"colsample_bytree": 0.7659707606254067, "eta": 0.020486895759328782, "gamma": 703.8900460981595, "max_depth": 8.0, "min_child_weight": 4108.969602075233, "num_boost_round": 5.0, "subsample": 0.5190482805280262}, "datetime": {"datetime": "2024-01-20 14:37:21", "elapsed": 809.099986, "delta": 0.001414}}
{"target": -19.14347376353724, "params": {"colsample_bytree": 0.7659707606254067, "eta": 0.020486895759328782, "gamma": 703.8900460981595, "max_depth": 8.0, "min_child_weight": 4108.969602075233, "num_boost_round": 6.0, "subsample": 0.5190482805280262}, "datetime": {"datetime": "2024-01-20 14:37:21", "elapsed": 809.101444, "delta": 0.001458}}
{"target": -19.14347863277599, "params": {"colsample_bytree": 0.7659707606254067, "eta": 0.020486895759328782, "gamma": 703.8900460981595, "max_depth": 8.0, "min_child_weight": 4108.969602075233, "num_boost_round": 7.0, "subsample": 0.5190482805280262}, "datetime": {"datetime": "2024-01-20 14:37:21", "elapsed": 809.102943, "delta": 0.001499}}
{"target": -19.143468305711068, "params": {"colsample_bytree": 0.7659707606254067, "eta": 0.020486895759328782, "gamma": 703.8900460981595, "max_depth": 8.0, "min_child_weight": 4108.969602075233, "num_boost_round": 8.0, "subsample": 0.5190482805280262}, "datetime": {"datetime": "2024-01-20 14:37:21", "elapsed": 809.104373, "delta": 0.00143}}
{"target": -19.143449533999593, "params": {"colsample_bytree": 0.7659707606254067, "eta": 0.020486895759328782, "gamma": 703.8900460981595, "max_depth": 8.0, "min_child_weight": 4108.969602075233, "num_boost_round": 9.0, "subsample": 0.5190482805280262}, "datetime": {"datetime": "2024-01-20 14:37:21", "elapsed": 809.105809, "delta": 0.001436}}
{"target": -19.14353293503607, "params": {"colsample_bytree": 0.7659707606254067, "eta": 0.020486895759328782, "gamma": 703.8900460981595, "max_depth": 8.0, "min_child_weight": 4108.969602075233, "num_boost_round": 10.0, "subsample": 0.5190482805280262}, "datetime": {"datetime": "2024-01-20 14:37:21", "elapsed": 809.107319, "delta": 0.00151}}
{"target": -19.143521109387944, "params": {"colsample_bytree": 0.7659707606254067, "eta": 0.020486895759328782, "gamma": 703.8900460981595, "max_depth": 8.0, "min_child_weight": 4108.969602075233, "num_boost_round": 11.0, "subsample": 0.5190482805280262}, "datetime": {"datetime": "2024-01-20 14:37:21", "elapsed": 809.108762, "delta": 0.001443}}
{"target": -19.1435812489628, "params": {"colsample_bytree": 0.7659707606254067, "eta": 0.020486895759328782, "gamma": 703.8900460981595, "max_depth": 8.0, "min_child_weight": 4108.969602075233, "num_boost_round": 12.0, "subsample": 0.5190482805280262}, "datetime": {"datetime": "2024-01-20 14:37:21", "elapsed": 809.110188, "delta": 0.001426}}
{"target": -19.143795411586453, "params": {"colsample_bytree": 0.7659707606254067, "eta": 0.020486895759328782, "gamma": 703.8900460981595, "max_depth": 8.0, "min_child_weight": 4108.969602075233, "num_boost_round": 13.0, "subsample": 0.5190482805280262}, "datetime": {"datetime": "2024-01-20 14:37:21", "elapsed": 809.111622, "delta": 0.001434}}
{"target": -19.144148886185054, "params": {"colsample_bytree": 0.7659707606254067, "eta": 0.020486895759328782, "gamma": 703.8900460981595, "max_depth": 8.0, "min_child_weight": 4108.969602075233, "num_boost_round": 14.0, "subsample": 0.5190482805280262}, "datetime": {"datetime": "2024-01-20 14:37:21", "elapsed": 809.113051, "delta": 0.001429}}
{"target": -19.144420704795785, "params": {"colsample_bytree": 0.7659707606254067, "eta": 0.020486895759328782, "gamma": 703.8900460981595, "max_depth": 8.0, "min_child_weight": 4108.969602075233, "num_boost_round": 15.0, "subsample": 0.5190482805280262}, "datetime": {"datetime": "2024-01-20 14:37:21", "elapsed": 809.114529, "delta": 0.001478}}
{"target": -19.144458356727874, "params": {"colsample_bytree": 0.7659707606254067, "eta": 0.020486895759328782, "gamma": 703.8900460981595, "max_depth": 8.0, "min_child_weight": 4108.969602075233, "num_boost_round": 16.0, "subsample": 0.5190482805280262}, "datetime": {"datetime": "2024-01-20 14:37:21", "elapsed": 809.116063, "delta": 0.001534}}
