{"target": -13.496116259395894, "params": {"colsample_bytree": 0.5236382524792405, "eta": 0.02027385744509107, "gamma": 554.5954671771061, "max_depth": 4.0, "min_child_weight": 3887.7021154490453, "num_boost_round": 19.0, "subsample": 0.3383924809480706}, "datetime": {"datetime": "2024-01-20 14:38:23", "elapsed": 856.737639, "delta": 0.001516}}
{"target": -13.496043806368785, "params": {"colsample_bytree": 0.5236382524792405, "eta": 0.02027385744509107, "gamma": 554.5954671771061, "max_depth": 4.0, "min_child_weight": 3887.7021154490453, "num_boost_round": 20.0, "subsample": 0.3383924809480706}, "datetime": {"datetime": "2024-01-20 14:38:23", "elapsed": 856.739, "delta": 0.001361}}
{"target": -13.496007829756833, "params": {"colsample_bytree": 0.5236382524792405, "eta": 0.02027385744509107, "gamma": 554.5954671771061, "max_depth": 4.0, "min_child_weight": 3887.7021154490453, "num_boost_round": 21.0, "subsample": 0.3383924809480706}, "datetime": {"datetime": "2024-01-20 14:38:23", "elapsed": 856.740348, "delta": 0.001348}}
{"target": -13.496014265628883, "params": {"colsample_bytree": 0.5236382524792405, "eta": 0.02027385744509107, "gamma": 554.5954671771061, "max_depth": 4.0, "min_child_weight": 3887.7021154490453, "num_boost_round": 22.0, "subsample": 0.3383924809480706}, "datetime": {"datetime": "2024-01-20 14:38:23", "elapsed": 856.741693, "delta": 0.001345}}
{"target": -13.495939355594443, "params": {"colsample_bytree": 0.5236382524792405, "eta": 0.02027385744509107, "gamma": 554.5954671771061, "max_depth": 4.0, "min_child_weight": 3887.7021154490453, "num_boost_round": 23.0, "subsample": 0.3383924809480706}, "datetime": {"datetime": "2024-01-20 14:38:23", "elapsed": 856.743022, "delta": 0.001329}}
{"target": -13.495851690903315, "params": {"colsample_bytree": 0.5236382524792405, "eta": 0.02027385744509107, "gamma": 554.5954671771061, "max_depth": 4.0, "min_child_weight": 3887.7021154490453, "num_boost_round": 24.0, "subsample": 0.3383924809480706}, "datetime": {"datetime": "2024-01-20 14:38:23", "elapsed": 856.744353, "delta": 0.001331}}
{"target": -13.495769230302542, "params": {"colsample_bytree": 0.5236382524792405, "eta": 0.02027385744509107, "gamma": 554.5954671771061, "max_depth": 4.0, "min_child_weight": 3887.7021154490453, "num_boost_round": 25.0, "subsample": 0.3383924809480706}, "datetime": {"datetime": "2024-01-20 14:38:23", "elapsed": 856.745691, "delta": 0.001338}}
{"target": -13.495731075832833, "params": {"colsample_bytree": 0.5236382524792405, "eta": 0.02027385744509107, "gamma": 554.5954671771061, "max_depth": 4.0, "min_child_weight": 3887.7021154490453, "num_boost_round": 26.0, "subsample": 0.3383924809480706}, "datetime": {"datetime": "2024-01-20 14:38:23", "elapsed": 856.747049, "delta": 0.001358}}
{"target": -13.495756671243388, "params": {"colsample_bytree": 0.5236382524792405, "eta": 0.02027385744509107, "gamma": 554.5954671771061, "max_depth": 4.0, "min_child_weight": 3887.7021154490453, "num_boost_round": 27.0, "subsample": 0.3383924809480706}, "datetime": {"datetime": "2024-01-20 14:38:23", "elapsed": 856.74839, "delta": 0.001341}}
{"target": -13.495705233620836, "params": {"colsample_bytree": 0.5236382524792405, "eta": 0.02027385744509107, "gamma": 554.5954671771061, "max_depth": 4.0, "min_child_weight": 3887.7021154490453, "num_boost_round": 28.0, "subsample": 0.3383924809480706}, "datetime": {"datetime": "2024-01-20 14:38:23", "elapsed": 856.749732, "delta": 0.001342}}
{"target": -13.495764069172553, "params": {"colsample_bytree": 0.5236382524792405, "eta": 0.02027385744509107, "gamma": 554.5954671771061, "max_depth": 4.0, "min_child_weight": 3887.7021154490453, "num_boost_round": 29.0, "subsample": 0.3383924809480706}, "datetime": {"datetime": "2024-01-20 14:38:23", "elapsed": 856.751082, "delta": 0.00135}}
{"target": -13.495752849381311, "params": {"colsample_bytree": 0.5236382524792405, "eta": 0.02027385744509107, "gamma": 554.5954671771061, "max_depth": 4.0, "min_child_weight": 3887.7021154490453, "num_boost_round": 30.0, "subsample": 0.3383924809480706}, "datetime": {"datetime": "2024-01-20 14:38:23", "elapsed": 856.752554, "delta": 0.001472}}
{"target": -13.495722644721226, "params": {"colsample_bytree": 0.5236382524792405, "eta": 0.02027385744509107, "gamma": 554.5954671771061, "max_depth": 4.0, "min_child_weight": 3887.7021154490453, "num_boost_round": 31.0, "subsample": 0.3383924809480706}, "datetime": {"datetime": "2024-01-20 14:38:23", "elapsed": 856.753942, "delta": 0.001388}}
{"target": -13.497852845535997, "params": {"colsample_bytree": 0.660288388992385, "eta": 0.010404722419103691, "gamma": 535.6211283082883, "max_depth": 2.0, "min_child_weight": 3923.7545515652437, "num_boost_round": 1.0, "subsample": 0.8044606475373004}, "datetime": {"datetime": "2024-01-20 14:39:00", "elapsed": 893.891799, "delta": 37.137857}}
{"target": -13.497864066211218, "params": {"colsample_bytree": 0.660288388992385, "eta": 0.010404722419103691, "gamma": 535.6211283082883, "max_depth": 2.0, "min_child_weight": 3923.7545515652437, "num_boost_round": 2.0, "subsample": 0.8044606475373004}, "datetime": {"datetime": "2024-01-20 14:39:00", "elapsed": 893.893332, "delta": 0.001533}}
{"target": -13.497917348258825, "params": {"colsample_bytree": 0.660288388992385, "eta": 0.010404722419103691, "gamma": 535.6211283082883, "max_depth": 2.0, "min_child_weight": 3923.7545515652437, "num_boost_round": 3.0, "subsample": 0.8044606475373004}, "datetime": {"datetime": "2024-01-20 14:39:00", "elapsed": 893.894737, "delta": 0.001405}}
{"target": -13.497922600155395, "params": {"colsample_bytree": 0.660288388992385, "eta": 0.010404722419103691, "gamma": 535.6211283082883, "max_depth": 2.0, "min_child_weight": 3923.7545515652437, "num_boost_round": 4.0, "subsample": 0.8044606475373004}, "datetime": {"datetime": "2024-01-20 14:39:00", "elapsed": 893.896108, "delta": 0.001371}}
{"target": -13.497979956684109, "params": {"colsample_bytree": 0.660288388992385, "eta": 0.010404722419103691, "gamma": 535.6211283082883, "max_depth": 2.0, "min_child_weight": 3923.7545515652437, "num_boost_round": 5.0, "subsample": 0.8044606475373004}, "datetime": {"datetime": "2024-01-20 14:39:00", "elapsed": 893.897468, "delta": 0.00136}}
{"target": -13.498023231408506, "params": {"colsample_bytree": 0.660288388992385, "eta": 0.010404722419103691, "gamma": 535.6211283082883, "max_depth": 2.0, "min_child_weight": 3923.7545515652437, "num_boost_round": 6.0, "subsample": 0.8044606475373004}, "datetime": {"datetime": "2024-01-20 14:39:00", "elapsed": 893.899026, "delta": 0.001558}}
{"target": -13.498089897013532, "params": {"colsample_bytree": 0.660288388992385, "eta": 0.010404722419103691, "gamma": 535.6211283082883, "max_depth": 2.0, "min_child_weight": 3923.7545515652437, "num_boost_round": 7.0, "subsample": 0.8044606475373004}, "datetime": {"datetime": "2024-01-20 14:39:00", "elapsed": 893.900396, "delta": 0.00137}}
{"target": -13.498115587356043, "params": {"colsample_bytree": 0.660288388992385, "eta": 0.010404722419103691, "gamma": 535.6211283082883, "max_depth": 2.0, "min_child_weight": 3923.7545515652437, "num_boost_round": 8.0, "subsample": 0.8044606475373004}, "datetime": {"datetime": "2024-01-20 14:39:00", "elapsed": 893.901763, "delta": 0.001367}}
{"target": -13.498133062736978, "params": {"colsample_bytree": 0.660288388992385, "eta": 0.010404722419103691, "gamma": 535.6211283082883, "max_depth": 2.0, "min_child_weight": 3923.7545515652437, "num_boost_round": 9.0, "subsample": 0.8044606475373004}, "datetime": {"datetime": "2024-01-20 14:39:00", "elapsed": 893.903136, "delta": 0.001373}}
{"target": -13.498148370480326, "params": {"colsample_bytree": 0.660288388992385, "eta": 0.010404722419103691, "gamma": 535.6211283082883, "max_depth": 2.0, "min_child_weight": 3923.7545515652437, "num_boost_round": 10.0, "subsample": 0.8044606475373004}, "datetime": {"datetime": "2024-01-20 14:39:00", "elapsed": 893.9045, "delta": 0.001364}}
{"target": -13.49814933172529, "params": {"colsample_bytree": 0.660288388992385, "eta": 0.010404722419103691, "gamma": 535.6211283082883, "max_depth": 2.0, "min_child_weight": 3923.7545515652437, "num_boost_round": 11.0, "subsample": 0.8044606475373004}, "datetime": {"datetime": "2024-01-20 14:39:00", "elapsed": 893.905889, "delta": 0.001389}}
{"target": -13.498150910641392, "params": {"colsample_bytree": 0.660288388992385, "eta": 0.010404722419103691, "gamma": 535.6211283082883, "max_depth": 2.0, "min_child_weight": 3923.7545515652437, "num_boost_round": 12.0, "subsample": 0.8044606475373004}, "datetime": {"datetime": "2024-01-20 14:39:00", "elapsed": 893.907261, "delta": 0.001372}}
{"target": -13.498119002584026, "params": {"colsample_bytree": 0.660288388992385, "eta": 0.010404722419103691, "gamma": 535.6211283082883, "max_depth": 2.0, "min_child_weight": 3923.7545515652437, "num_boost_round": 13.0, "subsample": 0.8044606475373004}, "datetime": {"datetime": "2024-01-20 14:39:00", "elapsed": 893.908632, "delta": 0.001371}}
{"target": -13.498106669295673, "params": {"colsample_bytree": 0.660288388992385, "eta": 0.010404722419103691, "gamma": 535.6211283082883, "max_depth": 2.0, "min_child_weight": 3923.7545515652437, "num_boost_round": 14.0, "subsample": 0.8044606475373004}, "datetime": {"datetime": "2024-01-20 14:39:00", "elapsed": 893.910014, "delta": 0.001382}}
{"target": -13.49808946703316, "params": {"colsample_bytree": 0.660288388992385, "eta": 0.010404722419103691, "gamma": 535.6211283082883, "max_depth": 2.0, "min_child_weight": 3923.7545515652437, "num_boost_round": 15.0, "subsample": 0.8044606475373004}, "datetime": {"datetime": "2024-01-20 14:39:00", "elapsed": 893.911429, "delta": 0.001415}}
{"target": -13.49815127070469, "params": {"colsample_bytree": 0.660288388992385, "eta": 0.010404722419103691, "gamma": 535.6211283082883, "max_depth": 2.0, "min_child_weight": 3923.7545515652437, "num_boost_round": 16.0, "subsample": 0.8044606475373004}, "datetime": {"datetime": "2024-01-20 14:39:00", "elapsed": 893.913843, "delta": 0.002414}}
{"target": -13.498199194059518, "params": {"colsample_bytree": 0.660288388992385, "eta": 0.010404722419103691, "gamma": 535.6211283082883, "max_depth": 2.0, "min_child_weight": 3923.7545515652437, "num_boost_round": 17.0, "subsample": 0.8044606475373004}, "datetime": {"datetime": "2024-01-20 14:39:00", "elapsed": 893.915548, "delta": 0.001705}}
{"target": -13.498226451063264, "params": {"colsample_bytree": 0.660288388992385, "eta": 0.010404722419103691, "gamma": 535.6211283082883, "max_depth": 2.0, "min_child_weight": 3923.7545515652437, "num_boost_round": 18.0, "subsample": 0.8044606475373004}, "datetime": {"datetime": "2024-01-20 14:39:00", "elapsed": 893.917058, "delta": 0.00151}}
{"target": -13.498327055709995, "params": {"colsample_bytree": 0.660288388992385, "eta": 0.010404722419103691, "gamma": 535.6211283082883, "max_depth": 2.0, "min_child_weight": 3923.7545515652437, "num_boost_round": 19.0, "subsample": 0.8044606475373004}, "datetime": {"datetime": "2024-01-20 14:39:00", "elapsed": 893.918415, "delta": 0.001357}}
{"target": -13.498373512573712, "params": {"colsample_bytree": 0.660288388992385, "eta": 0.010404722419103691, "gamma": 535.6211283082883, "max_depth": 2.0, "min_child_weight": 3923.7545515652437, "num_boost_round": 20.0, "subsample": 0.8044606475373004}, "datetime": {"datetime": "2024-01-20 14:39:00", "elapsed": 893.919793, "delta": 0.001378}}
{"target": -13.498436012463543, "params": {"colsample_bytree": 0.660288388992385, "eta": 0.010404722419103691, "gamma": 535.6211283082883, "max_depth": 2.0, "min_child_weight": 3923.7545515652437, "num_boost_round": 21.0, "subsample": 0.8044606475373004}, "datetime": {"datetime": "2024-01-20 14:39:00", "elapsed": 893.921177, "delta": 0.001384}}
{"target": -13.49850941789435, "params": {"colsample_bytree": 0.660288388992385, "eta": 0.010404722419103691, "gamma": 535.6211283082883, "max_depth": 2.0, "min_child_weight": 3923.7545515652437, "num_boost_round": 22.0, "subsample": 0.8044606475373004}, "datetime": {"datetime": "2024-01-20 14:39:00", "elapsed": 893.922611, "delta": 0.001434}}
{"target": -13.498537528306848, "params": {"colsample_bytree": 0.660288388992385, "eta": 0.010404722419103691, "gamma": 535.6211283082883, "max_depth": 2.0, "min_child_weight": 3923.7545515652437, "num_boost_round": 23.0, "subsample": 0.8044606475373004}, "datetime": {"datetime": "2024-01-20 14:39:00", "elapsed": 893.924062, "delta": 0.001451}}
{"target": -13.49857760728802, "params": {"colsample_bytree": 0.660288388992385, "eta": 0.010404722419103691, "gamma": 535.6211283082883, "max_depth": 2.0, "min_child_weight": 3923.7545515652437, "num_boost_round": 24.0, "subsample": 0.8044606475373004}, "datetime": {"datetime": "2024-01-20 14:39:00", "elapsed": 893.925497, "delta": 0.001435}}
{"target": -13.498559615310956, "params": {"colsample_bytree": 0.660288388992385, "eta": 0.010404722419103691, "gamma": 535.6211283082883, "max_depth": 2.0, "min_child_weight": 3923.7545515652437, "num_boost_round": 25.0, "subsample": 0.8044606475373004}, "datetime": {"datetime": "2024-01-20 14:39:00", "elapsed": 893.926916, "delta": 0.001419}}
{"target": -13.498621453773518, "params": {"colsample_bytree": 0.660288388992385, "eta": 0.010404722419103691, "gamma": 535.6211283082883, "max_depth": 2.0, "min_child_weight": 3923.7545515652437, "num_boost_round": 26.0, "subsample": 0.8044606475373004}, "datetime": {"datetime": "2024-01-20 14:39:00", "elapsed": 893.928325, "delta": 0.001409}}
{"target": -13.498669234476719, "params": {"colsample_bytree": 0.660288388992385, "eta": 0.010404722419103691, "gamma": 535.6211283082883, "max_depth": 2.0, "min_child_weight": 3923.7545515652437, "num_boost_round": 27.0, "subsample": 0.8044606475373004}, "datetime": {"datetime": "2024-01-20 14:39:00", "elapsed": 893.929748, "delta": 0.001423}}
{"target": -13.498685639842531, "params": {"colsample_bytree": 0.660288388992385, "eta": 0.010404722419103691, "gamma": 535.6211283082883, "max_depth": 2.0, "min_child_weight": 3923.7545515652437, "num_boost_round": 28.0, "subsample": 0.8044606475373004}, "datetime": {"datetime": "2024-01-20 14:39:00", "elapsed": 893.931194, "delta": 0.001446}}
{"target": -13.498715793821257, "params": {"colsample_bytree": 0.660288388992385, "eta": 0.010404722419103691, "gamma": 535.6211283082883, "max_depth": 2.0, "min_child_weight": 3923.7545515652437, "num_boost_round": 29.0, "subsample": 0.8044606475373004}, "datetime": {"datetime": "2024-01-20 14:39:00", "elapsed": 893.932623, "delta": 0.001429}}
{"target": -13.498779523070937, "params": {"colsample_bytree": 0.660288388992385, "eta": 0.010404722419103691, "gamma": 535.6211283082883, "max_depth": 2.0, "min_child_weight": 3923.7545515652437, "num_boost_round": 30.0, "subsample": 0.8044606475373004}, "datetime": {"datetime": "2024-01-20 14:39:00", "elapsed": 893.934051, "delta": 0.001428}}
{"target": -13.498781778530777, "params": {"colsample_bytree": 0.660288388992385, "eta": 0.010404722419103691, "gamma": 535.6211283082883, "max_depth": 2.0, "min_child_weight": 3923.7545515652437, "num_boost_round": 31.0, "subsample": 0.8044606475373004}, "datetime": {"datetime": "2024-01-20 14:39:00", "elapsed": 893.935469, "delta": 0.001418}}
{"target": -13.498780831455083, "params": {"colsample_bytree": 0.660288388992385, "eta": 0.010404722419103691, "gamma": 535.6211283082883, "max_depth": 2.0, "min_child_weight": 3923.7545515652437, "num_boost_round": 32.0, "subsample": 0.8044606475373004}, "datetime": {"datetime": "2024-01-20 14:39:00", "elapsed": 893.936889, "delta": 0.00142}}
{"target": -13.49882479304647, "params": {"colsample_bytree": 0.660288388992385, "eta": 0.010404722419103691, "gamma": 535.6211283082883, "max_depth": 2.0, "min_child_weight": 3923.7545515652437, "num_boost_round": 33.0, "subsample": 0.8044606475373004}, "datetime": {"datetime": "2024-01-20 14:39:00", "elapsed": 893.938304, "delta": 0.001415}}
{"target": -13.498883627021495, "params": {"colsample_bytree": 0.660288388992385, "eta": 0.010404722419103691, "gamma": 535.6211283082883, "max_depth": 2.0, "min_child_weight": 3923.7545515652437, "num_boost_round": 34.0, "subsample": 0.8044606475373004}, "datetime": {"datetime": "2024-01-20 14:39:00", "elapsed": 893.939711, "delta": 0.001407}}
{"target": -13.498872848103183, "params": {"colsample_bytree": 0.660288388992385, "eta": 0.010404722419103691, "gamma": 535.6211283082883, "max_depth": 2.0, "min_child_weight": 3923.7545515652437, "num_boost_round": 35.0, "subsample": 0.8044606475373004}, "datetime": {"datetime": "2024-01-20 14:39:00", "elapsed": 893.941147, "delta": 0.001436}}
{"target": -13.49889280889651, "params": {"colsample_bytree": 0.660288388992385, "eta": 0.010404722419103691, "gamma": 535.6211283082883, "max_depth": 2.0, "min_child_weight": 3923.7545515652437, "num_boost_round": 36.0, "subsample": 0.8044606475373004}, "datetime": {"datetime": "2024-01-20 14:39:00", "elapsed": 893.94258, "delta": 0.001433}}
{"target": -13.498952765010081, "params": {"colsample_bytree": 0.660288388992385, "eta": 0.010404722419103691, "gamma": 535.6211283082883, "max_depth": 2.0, "min_child_weight": 3923.7545515652437, "num_boost_round": 37.0, "subsample": 0.8044606475373004}, "datetime": {"datetime": "2024-01-20 14:39:00", "elapsed": 893.944011, "delta": 0.001431}}
{"target": -13.498983391424137, "params": {"colsample_bytree": 0.660288388992385, "eta": 0.010404722419103691, "gamma": 535.6211283082883, "max_depth": 2.0, "min_child_weight": 3923.7545515652437, "num_boost_round": 38.0, "subsample": 0.8044606475373004}, "datetime": {"datetime": "2024-01-20 14:39:00", "elapsed": 893.94542, "delta": 0.001409}}
{"target": -13.499043795975364, "params": {"colsample_bytree": 0.660288388992385, "eta": 0.010404722419103691, "gamma": 535.6211283082883, "max_depth": 2.0, "min_child_weight": 3923.7545515652437, "num_boost_round": 39.0, "subsample": 0.8044606475373004}, "datetime": {"datetime": "2024-01-20 14:39:00", "elapsed": 893.946839, "delta": 0.001419}}
{"target": -13.499130375331582, "params": {"colsample_bytree": 0.660288388992385, "eta": 0.010404722419103691, "gamma": 535.6211283082883, "max_depth": 2.0, "min_child_weight": 3923.7545515652437, "num_boost_round": 40.0, "subsample": 0.8044606475373004}, "datetime": {"datetime": "2024-01-20 14:39:00", "elapsed": 893.948246, "delta": 0.001407}}
{"target": -13.499137633447072, "params": {"colsample_bytree": 0.660288388992385, "eta": 0.010404722419103691, "gamma": 535.6211283082883, "max_depth": 2.0, "min_child_weight": 3923.7545515652437, "num_boost_round": 41.0, "subsample": 0.8044606475373004}, "datetime": {"datetime": "2024-01-20 14:39:00", "elapsed": 893.949681, "delta": 0.001435}}
{"target": -13.499149296280555, "params": {"colsample_bytree": 0.660288388992385, "eta": 0.010404722419103691, "gamma": 535.6211283082883, "max_depth": 2.0, "min_child_weight": 3923.7545515652437, "num_boost_round": 42.0, "subsample": 0.8044606475373004}, "datetime": {"datetime": "2024-01-20 14:39:00", "elapsed": 893.951088, "delta": 0.001407}}
{"target": -13.499219752147338, "params": {"colsample_bytree": 0.660288388992385, "eta": 0.010404722419103691, "gamma": 535.6211283082883, "max_depth": 2.0, "min_child_weight": 3923.7545515652437, "num_boost_round": 43.0, "subsample": 0.8044606475373004}, "datetime": {"datetime": "2024-01-20 14:39:00", "elapsed": 893.952983, "delta": 0.001895}}
{"target": -13.499273382981343, "params": {"colsample_bytree": 0.660288388992385, "eta": 0.010404722419103691, "gamma": 535.6211283082883, "max_depth": 2.0, "min_child_weight": 3923.7545515652437, "num_boost_round": 44.0, "subsample": 0.8044606475373004}, "datetime": {"datetime": "2024-01-20 14:39:00", "elapsed": 893.955092, "delta": 0.002109}}
{"target": -13.499302910793894, "params": {"colsample_bytree": 0.660288388992385, "eta": 0.010404722419103691, "gamma": 535.6211283082883, "max_depth": 2.0, "min_child_weight": 3923.7545515652437, "num_boost_round": 45.0, "subsample": 0.8044606475373004}, "datetime": {"datetime": "2024-01-20 14:39:00", "elapsed": 893.957007, "delta": 0.001915}}
{"target": -13.49939101847083, "params": {"colsample_bytree": 0.660288388992385, "eta": 0.010404722419103691, "gamma": 535.6211283082883, "max_depth": 2.0, "min_child_weight": 3923.7545515652437, "num_boost_round": 46.0, "subsample": 0.8044606475373004}, "datetime": {"datetime": "2024-01-20 14:39:00", "elapsed": 893.958653, "delta": 0.001646}}
{"target": -13.499409211830542, "params": {"colsample_bytree": 0.660288388992385, "eta": 0.010404722419103691, "gamma": 535.6211283082883, "max_depth": 2.0, "min_child_weight": 3923.7545515652437, "num_boost_round": 47.0, "subsample": 0.8044606475373004}, "datetime": {"datetime": "2024-01-20 14:39:00", "elapsed": 893.960245, "delta": 0.001592}}
{"target": -13.499433136906529, "params": {"colsample_bytree": 0.660288388992385, "eta": 0.010404722419103691, "gamma": 535.6211283082883, "max_depth": 2.0, "min_child_weight": 3923.7545515652437, "num_boost_round": 48.0, "subsample": 0.8044606475373004}, "datetime": {"datetime": "2024-01-20 14:39:00", "elapsed": 893.961834, "delta": 0.001589}}
{"target": -13.49948136786062, "params": {"colsample_bytree": 0.660288388992385, "eta": 0.010404722419103691, "gamma": 535.6211283082883, "max_depth": 2.0, "min_child_weight": 3923.7545515652437, "num_boost_round": 49.0, "subsample": 0.8044606475373004}, "datetime": {"datetime": "2024-01-20 14:39:00", "elapsed": 893.963318, "delta": 0.001484}}
{"target": -13.49948435117783, "params": {"colsample_bytree": 0.660288388992385, "eta": 0.010404722419103691, "gamma": 535.6211283082883, "max_depth": 2.0, "min_child_weight": 3923.7545515652437, "num_boost_round": 50.0, "subsample": 0.8044606475373004}, "datetime": {"datetime": "2024-01-20 14:39:00", "elapsed": 893.964796, "delta": 0.001478}}
