{"target": -12.346359609687294, "params": {"colsample_bytree": 0.9381298756686134, "eta": 0.054808683698150576, "gamma": 535.4824145871636, "max_depth": 9.0, "min_child_weight": 4247.777932334336, "num_boost_round": 48.0, "subsample": 0.20323235897762237}, "datetime": {"datetime": "2024-01-20 14:39:56", "elapsed": 962.972747, "delta": 0.001791}}
{"target": -12.34621016709426, "params": {"colsample_bytree": 0.9381298756686134, "eta": 0.054808683698150576, "gamma": 535.4824145871636, "max_depth": 9.0, "min_child_weight": 4247.777932334336, "num_boost_round": 49.0, "subsample": 0.20323235897762237}, "datetime": {"datetime": "2024-01-20 14:39:56", "elapsed": 962.974537, "delta": 0.00179}}
{"target": -12.346125489441427, "params": {"colsample_bytree": 0.9381298756686134, "eta": 0.054808683698150576, "gamma": 535.4824145871636, "max_depth": 9.0, "min_child_weight": 4247.777932334336, "num_boost_round": 50.0, "subsample": 0.20323235897762237}, "datetime": {"datetime": "2024-01-20 14:39:56", "elapsed": 962.976318, "delta": 0.001781}}
{"target": -12.34654578970406, "params": {"colsample_bytree": 0.9381298756686134, "eta": 0.054808683698150576, "gamma": 535.4824145871636, "max_depth": 9.0, "min_child_weight": 4247.777932334336, "num_boost_round": 51.0, "subsample": 0.20323235897762237}, "datetime": {"datetime": "2024-01-20 14:39:56", "elapsed": 962.978215, "delta": 0.001897}}
{"target": -12.346454504135526, "params": {"colsample_bytree": 0.9381298756686134, "eta": 0.054808683698150576, "gamma": 535.4824145871636, "max_depth": 9.0, "min_child_weight": 4247.777932334336, "num_boost_round": 52.0, "subsample": 0.20323235897762237}, "datetime": {"datetime": "2024-01-20 14:39:56", "elapsed": 962.980025, "delta": 0.00181}}
{"target": -12.346748841845443, "params": {"colsample_bytree": 0.9381298756686134, "eta": 0.054808683698150576, "gamma": 535.4824145871636, "max_depth": 9.0, "min_child_weight": 4247.777932334336, "num_boost_round": 53.0, "subsample": 0.20323235897762237}, "datetime": {"datetime": "2024-01-20 14:39:56", "elapsed": 962.981862, "delta": 0.001837}}
{"target": -12.3468978759039, "params": {"colsample_bytree": 0.9381298756686134, "eta": 0.054808683698150576, "gamma": 535.4824145871636, "max_depth": 9.0, "min_child_weight": 4247.777932334336, "num_boost_round": 54.0, "subsample": 0.20323235897762237}, "datetime": {"datetime": "2024-01-20 14:39:56", "elapsed": 962.983659, "delta": 0.001797}}
{"target": -12.347239074201797, "params": {"colsample_bytree": 0.9381298756686134, "eta": 0.054808683698150576, "gamma": 535.4824145871636, "max_depth": 9.0, "min_child_weight": 4247.777932334336, "num_boost_round": 55.0, "subsample": 0.20323235897762237}, "datetime": {"datetime": "2024-01-20 14:39:56", "elapsed": 962.985469, "delta": 0.00181}}
{"target": -12.34741281230406, "params": {"colsample_bytree": 0.9381298756686134, "eta": 0.054808683698150576, "gamma": 535.4824145871636, "max_depth": 9.0, "min_child_weight": 4247.777932334336, "num_boost_round": 56.0, "subsample": 0.20323235897762237}, "datetime": {"datetime": "2024-01-20 14:39:56", "elapsed": 962.987298, "delta": 0.001829}}
{"target": -12.347428693800797, "params": {"colsample_bytree": 0.9381298756686134, "eta": 0.054808683698150576, "gamma": 535.4824145871636, "max_depth": 9.0, "min_child_weight": 4247.777932334336, "num_boost_round": 57.0, "subsample": 0.20323235897762237}, "datetime": {"datetime": "2024-01-20 14:39:56", "elapsed": 962.989123, "delta": 0.001825}}
{"target": -12.357825630146024, "params": {"colsample_bytree": 0.4906103069630515, "eta": 0.0247006921926223, "gamma": 534.2011285824325, "max_depth": 9.0, "min_child_weight": 4261.95025771937, "num_boost_round": 1.0, "subsample": 0.31525859534229783}, "datetime": {"datetime": "2024-01-20 14:40:28", "elapsed": 995.161021, "delta": 32.171898}}
{"target": -12.357154928806501, "params": {"colsample_bytree": 0.4906103069630515, "eta": 0.0247006921926223, "gamma": 534.2011285824325, "max_depth": 9.0, "min_child_weight": 4261.95025771937, "num_boost_round": 2.0, "subsample": 0.31525859534229783}, "datetime": {"datetime": "2024-01-20 14:40:28", "elapsed": 995.164998, "delta": 0.003977}}
{"target": -12.355606662584151, "params": {"colsample_bytree": 0.4906103069630515, "eta": 0.0247006921926223, "gamma": 534.2011285824325, "max_depth": 9.0, "min_child_weight": 4261.95025771937, "num_boost_round": 3.0, "subsample": 0.31525859534229783}, "datetime": {"datetime": "2024-01-20 14:40:28", "elapsed": 995.166969, "delta": 0.001971}}
{"target": -12.355643010408087, "params": {"colsample_bytree": 0.4906103069630515, "eta": 0.0247006921926223, "gamma": 534.2011285824325, "max_depth": 9.0, "min_child_weight": 4261.95025771937, "num_boost_round": 4.0, "subsample": 0.31525859534229783}, "datetime": {"datetime": "2024-01-20 14:40:28", "elapsed": 995.168825, "delta": 0.001856}}
{"target": -12.354490939759144, "params": {"colsample_bytree": 0.4906103069630515, "eta": 0.0247006921926223, "gamma": 534.2011285824325, "max_depth": 9.0, "min_child_weight": 4261.95025771937, "num_boost_round": 5.0, "subsample": 0.31525859534229783}, "datetime": {"datetime": "2024-01-20 14:40:28", "elapsed": 995.170717, "delta": 0.001892}}
{"target": -12.353347003284675, "params": {"colsample_bytree": 0.4906103069630515, "eta": 0.0247006921926223, "gamma": 534.2011285824325, "max_depth": 9.0, "min_child_weight": 4261.95025771937, "num_boost_round": 6.0, "subsample": 0.31525859534229783}, "datetime": {"datetime": "2024-01-20 14:40:28", "elapsed": 995.172541, "delta": 0.001824}}
{"target": -12.35271338018233, "params": {"colsample_bytree": 0.4906103069630515, "eta": 0.0247006921926223, "gamma": 534.2011285824325, "max_depth": 9.0, "min_child_weight": 4261.95025771937, "num_boost_round": 7.0, "subsample": 0.31525859534229783}, "datetime": {"datetime": "2024-01-20 14:40:28", "elapsed": 995.174337, "delta": 0.001796}}
{"target": -12.35214578475478, "params": {"colsample_bytree": 0.4906103069630515, "eta": 0.0247006921926223, "gamma": 534.2011285824325, "max_depth": 9.0, "min_child_weight": 4261.95025771937, "num_boost_round": 8.0, "subsample": 0.31525859534229783}, "datetime": {"datetime": "2024-01-20 14:40:28", "elapsed": 995.176143, "delta": 0.001806}}
{"target": -12.352191833820921, "params": {"colsample_bytree": 0.4906103069630515, "eta": 0.0247006921926223, "gamma": 534.2011285824325, "max_depth": 9.0, "min_child_weight": 4261.95025771937, "num_boost_round": 9.0, "subsample": 0.31525859534229783}, "datetime": {"datetime": "2024-01-20 14:40:28", "elapsed": 995.178076, "delta": 0.001933}}
{"target": -12.351253856938737, "params": {"colsample_bytree": 0.4906103069630515, "eta": 0.0247006921926223, "gamma": 534.2011285824325, "max_depth": 9.0, "min_child_weight": 4261.95025771937, "num_boost_round": 10.0, "subsample": 0.31525859534229783}, "datetime": {"datetime": "2024-01-20 14:40:28", "elapsed": 995.179905, "delta": 0.001829}}
{"target": -12.350685180052999, "params": {"colsample_bytree": 0.4906103069630515, "eta": 0.0247006921926223, "gamma": 534.2011285824325, "max_depth": 9.0, "min_child_weight": 4261.95025771937, "num_boost_round": 11.0, "subsample": 0.31525859534229783}, "datetime": {"datetime": "2024-01-20 14:40:28", "elapsed": 995.181798, "delta": 0.001893}}
{"target": -12.350130552879982, "params": {"colsample_bytree": 0.4906103069630515, "eta": 0.0247006921926223, "gamma": 534.2011285824325, "max_depth": 9.0, "min_child_weight": 4261.95025771937, "num_boost_round": 12.0, "subsample": 0.31525859534229783}, "datetime": {"datetime": "2024-01-20 14:40:28", "elapsed": 995.183629, "delta": 0.001831}}
{"target": -12.350203924760969, "params": {"colsample_bytree": 0.4906103069630515, "eta": 0.0247006921926223, "gamma": 534.2011285824325, "max_depth": 9.0, "min_child_weight": 4261.95025771937, "num_boost_round": 13.0, "subsample": 0.31525859534229783}, "datetime": {"datetime": "2024-01-20 14:40:28", "elapsed": 995.185423, "delta": 0.001794}}
{"target": -12.349795313137939, "params": {"colsample_bytree": 0.4906103069630515, "eta": 0.0247006921926223, "gamma": 534.2011285824325, "max_depth": 9.0, "min_child_weight": 4261.95025771937, "num_boost_round": 14.0, "subsample": 0.31525859534229783}, "datetime": {"datetime": "2024-01-20 14:40:28", "elapsed": 995.187317, "delta": 0.001894}}
{"target": -12.349265418484254, "params": {"colsample_bytree": 0.4906103069630515, "eta": 0.0247006921926223, "gamma": 534.2011285824325, "max_depth": 9.0, "min_child_weight": 4261.95025771937, "num_boost_round": 15.0, "subsample": 0.31525859534229783}, "datetime": {"datetime": "2024-01-20 14:40:28", "elapsed": 995.189365, "delta": 0.002048}}
{"target": -12.348944261726908, "params": {"colsample_bytree": 0.4906103069630515, "eta": 0.0247006921926223, "gamma": 534.2011285824325, "max_depth": 9.0, "min_child_weight": 4261.95025771937, "num_boost_round": 16.0, "subsample": 0.31525859534229783}, "datetime": {"datetime": "2024-01-20 14:40:28", "elapsed": 995.191393, "delta": 0.002028}}
{"target": -12.348447368370334, "params": {"colsample_bytree": 0.4906103069630515, "eta": 0.0247006921926223, "gamma": 534.2011285824325, "max_depth": 9.0, "min_child_weight": 4261.95025771937, "num_boost_round": 17.0, "subsample": 0.31525859534229783}, "datetime": {"datetime": "2024-01-20 14:40:28", "elapsed": 995.193815, "delta": 0.002422}}
{"target": -12.34834694806589, "params": {"colsample_bytree": 0.4906103069630515, "eta": 0.0247006921926223, "gamma": 534.2011285824325, "max_depth": 9.0, "min_child_weight": 4261.95025771937, "num_boost_round": 18.0, "subsample": 0.31525859534229783}, "datetime": {"datetime": "2024-01-20 14:40:28", "elapsed": 995.19591, "delta": 0.002095}}
{"target": -12.348268448235569, "params": {"colsample_bytree": 0.4906103069630515, "eta": 0.0247006921926223, "gamma": 534.2011285824325, "max_depth": 9.0, "min_child_weight": 4261.95025771937, "num_boost_round": 19.0, "subsample": 0.31525859534229783}, "datetime": {"datetime": "2024-01-20 14:40:28", "elapsed": 995.198284, "delta": 0.002374}}
{"target": -12.348231750915929, "params": {"colsample_bytree": 0.4906103069630515, "eta": 0.0247006921926223, "gamma": 534.2011285824325, "max_depth": 9.0, "min_child_weight": 4261.95025771937, "num_boost_round": 20.0, "subsample": 0.31525859534229783}, "datetime": {"datetime": "2024-01-20 14:40:28", "elapsed": 995.200734, "delta": 0.00245}}
{"target": -12.348298843150143, "params": {"colsample_bytree": 0.4906103069630515, "eta": 0.0247006921926223, "gamma": 534.2011285824325, "max_depth": 9.0, "min_child_weight": 4261.95025771937, "num_boost_round": 21.0, "subsample": 0.31525859534229783}, "datetime": {"datetime": "2024-01-20 14:40:28", "elapsed": 995.202726, "delta": 0.001992}}
{"target": -12.34844433355547, "params": {"colsample_bytree": 0.4906103069630515, "eta": 0.0247006921926223, "gamma": 534.2011285824325, "max_depth": 9.0, "min_child_weight": 4261.95025771937, "num_boost_round": 22.0, "subsample": 0.31525859534229783}, "datetime": {"datetime": "2024-01-20 14:40:28", "elapsed": 995.204606, "delta": 0.00188}}
{"target": -12.347939772523839, "params": {"colsample_bytree": 0.4906103069630515, "eta": 0.0247006921926223, "gamma": 534.2011285824325, "max_depth": 9.0, "min_child_weight": 4261.95025771937, "num_boost_round": 23.0, "subsample": 0.31525859534229783}, "datetime": {"datetime": "2024-01-20 14:40:28", "elapsed": 995.206432, "delta": 0.001826}}
{"target": -12.348049672090127, "params": {"colsample_bytree": 0.4906103069630515, "eta": 0.0247006921926223, "gamma": 534.2011285824325, "max_depth": 9.0, "min_child_weight": 4261.95025771937, "num_boost_round": 24.0, "subsample": 0.31525859534229783}, "datetime": {"datetime": "2024-01-20 14:40:28", "elapsed": 995.208232, "delta": 0.0018}}
{"target": -12.347157565980968, "params": {"colsample_bytree": 0.4906103069630515, "eta": 0.0247006921926223, "gamma": 534.2011285824325, "max_depth": 9.0, "min_child_weight": 4261.95025771937, "num_boost_round": 25.0, "subsample": 0.31525859534229783}, "datetime": {"datetime": "2024-01-20 14:40:28", "elapsed": 995.210038, "delta": 0.001806}}
{"target": -12.3587750987721, "params": {"colsample_bytree": 0.2011177968934567, "eta": 0.025993535396407447, "gamma": 630.2693654978652, "max_depth": 4.0, "min_child_weight": 4195.907719294922, "num_boost_round": 1.0, "subsample": 0.1388432426329688}, "datetime": {"datetime": "2024-01-20 14:41:09", "elapsed": 1035.666505, "delta": 40.456467}}
{"target": -12.358394806084139, "params": {"colsample_bytree": 0.2011177968934567, "eta": 0.025993535396407447, "gamma": 630.2693654978652, "max_depth": 4.0, "min_child_weight": 4195.907719294922, "num_boost_round": 2.0, "subsample": 0.1388432426329688}, "datetime": {"datetime": "2024-01-20 14:41:09", "elapsed": 1035.668812, "delta": 0.002307}}
{"target": -12.357904864036678, "params": {"colsample_bytree": 0.2011177968934567, "eta": 0.025993535396407447, "gamma": 630.2693654978652, "max_depth": 4.0, "min_child_weight": 4195.907719294922, "num_boost_round": 3.0, "subsample": 0.1388432426329688}, "datetime": {"datetime": "2024-01-20 14:41:09", "elapsed": 1035.670704, "delta": 0.001892}}
{"target": -12.35799949786346, "params": {"colsample_bytree": 0.2011177968934567, "eta": 0.025993535396407447, "gamma": 630.2693654978652, "max_depth": 4.0, "min_child_weight": 4195.907719294922, "num_boost_round": 4.0, "subsample": 0.1388432426329688}, "datetime": {"datetime": "2024-01-20 14:41:09", "elapsed": 1035.672625, "delta": 0.001921}}
{"target": -12.357969849833903, "params": {"colsample_bytree": 0.2011177968934567, "eta": 0.025993535396407447, "gamma": 630.2693654978652, "max_depth": 4.0, "min_child_weight": 4195.907719294922, "num_boost_round": 5.0, "subsample": 0.1388432426329688}, "datetime": {"datetime": "2024-01-20 14:41:09", "elapsed": 1035.67452, "delta": 0.001895}}
{"target": -12.357972861761992, "params": {"colsample_bytree": 0.2011177968934567, "eta": 0.025993535396407447, "gamma": 630.2693654978652, "max_depth": 4.0, "min_child_weight": 4195.907719294922, "num_boost_round": 6.0, "subsample": 0.1388432426329688}, "datetime": {"datetime": "2024-01-20 14:41:09", "elapsed": 1035.676365, "delta": 0.001845}}
{"target": -12.357901186612029, "params": {"colsample_bytree": 0.2011177968934567, "eta": 0.025993535396407447, "gamma": 630.2693654978652, "max_depth": 4.0, "min_child_weight": 4195.907719294922, "num_boost_round": 7.0, "subsample": 0.1388432426329688}, "datetime": {"datetime": "2024-01-20 14:41:09", "elapsed": 1035.678384, "delta": 0.002019}}
{"target": -12.35741411434914, "params": {"colsample_bytree": 0.2011177968934567, "eta": 0.025993535396407447, "gamma": 630.2693654978652, "max_depth": 4.0, "min_child_weight": 4195.907719294922, "num_boost_round": 8.0, "subsample": 0.1388432426329688}, "datetime": {"datetime": "2024-01-20 14:41:09", "elapsed": 1035.68024, "delta": 0.001856}}
{"target": -12.357434021170464, "params": {"colsample_bytree": 0.2011177968934567, "eta": 0.025993535396407447, "gamma": 630.2693654978652, "max_depth": 4.0, "min_child_weight": 4195.907719294922, "num_boost_round": 9.0, "subsample": 0.1388432426329688}, "datetime": {"datetime": "2024-01-20 14:41:09", "elapsed": 1035.682133, "delta": 0.001893}}
{"target": -12.357083891113728, "params": {"colsample_bytree": 0.2011177968934567, "eta": 0.025993535396407447, "gamma": 630.2693654978652, "max_depth": 4.0, "min_child_weight": 4195.907719294922, "num_boost_round": 10.0, "subsample": 0.1388432426329688}, "datetime": {"datetime": "2024-01-20 14:41:09", "elapsed": 1035.683976, "delta": 0.001843}}
{"target": -12.35668884606881, "params": {"colsample_bytree": 0.2011177968934567, "eta": 0.025993535396407447, "gamma": 630.2693654978652, "max_depth": 4.0, "min_child_weight": 4195.907719294922, "num_boost_round": 11.0, "subsample": 0.1388432426329688}, "datetime": {"datetime": "2024-01-20 14:41:09", "elapsed": 1035.68581, "delta": 0.001834}}
{"target": -12.356624495356414, "params": {"colsample_bytree": 0.2011177968934567, "eta": 0.025993535396407447, "gamma": 630.2693654978652, "max_depth": 4.0, "min_child_weight": 4195.907719294922, "num_boost_round": 12.0, "subsample": 0.1388432426329688}, "datetime": {"datetime": "2024-01-20 14:41:09", "elapsed": 1035.687641, "delta": 0.001831}}
{"target": -12.35673616635501, "params": {"colsample_bytree": 0.2011177968934567, "eta": 0.025993535396407447, "gamma": 630.2693654978652, "max_depth": 4.0, "min_child_weight": 4195.907719294922, "num_boost_round": 13.0, "subsample": 0.1388432426329688}, "datetime": {"datetime": "2024-01-20 14:41:09", "elapsed": 1035.689495, "delta": 0.001854}}
{"target": -12.356714521882061, "params": {"colsample_bytree": 0.2011177968934567, "eta": 0.025993535396407447, "gamma": 630.2693654978652, "max_depth": 4.0, "min_child_weight": 4195.907719294922, "num_boost_round": 14.0, "subsample": 0.1388432426329688}, "datetime": {"datetime": "2024-01-20 14:41:09", "elapsed": 1035.691338, "delta": 0.001843}}
{"target": -12.356287242861073, "params": {"colsample_bytree": 0.2011177968934567, "eta": 0.025993535396407447, "gamma": 630.2693654978652, "max_depth": 4.0, "min_child_weight": 4195.907719294922, "num_boost_round": 15.0, "subsample": 0.1388432426329688}, "datetime": {"datetime": "2024-01-20 14:41:09", "elapsed": 1035.693178, "delta": 0.00184}}
{"target": -12.35624944625853, "params": {"colsample_bytree": 0.2011177968934567, "eta": 0.025993535396407447, "gamma": 630.2693654978652, "max_depth": 4.0, "min_child_weight": 4195.907719294922, "num_boost_round": 16.0, "subsample": 0.1388432426329688}, "datetime": {"datetime": "2024-01-20 14:41:09", "elapsed": 1035.695021, "delta": 0.001843}}
{"target": -12.3563383347999, "params": {"colsample_bytree": 0.2011177968934567, "eta": 0.025993535396407447, "gamma": 630.2693654978652, "max_depth": 4.0, "min_child_weight": 4195.907719294922, "num_boost_round": 17.0, "subsample": 0.1388432426329688}, "datetime": {"datetime": "2024-01-20 14:41:09", "elapsed": 1035.696867, "delta": 0.001846}}
{"target": -12.356340736890772, "params": {"colsample_bytree": 0.2011177968934567, "eta": 0.025993535396407447, "gamma": 630.2693654978652, "max_depth": 4.0, "min_child_weight": 4195.907719294922, "num_boost_round": 18.0, "subsample": 0.1388432426329688}, "datetime": {"datetime": "2024-01-20 14:41:09", "elapsed": 1035.698842, "delta": 0.001975}}
{"target": -12.356244531946228, "params": {"colsample_bytree": 0.2011177968934567, "eta": 0.025993535396407447, "gamma": 630.2693654978652, "max_depth": 4.0, "min_child_weight": 4195.907719294922, "num_boost_round": 19.0, "subsample": 0.1388432426329688}, "datetime": {"datetime": "2024-01-20 14:41:09", "elapsed": 1035.7007, "delta": 0.001858}}
{"target": -12.356214921652903, "params": {"colsample_bytree": 0.2011177968934567, "eta": 0.025993535396407447, "gamma": 630.2693654978652, "max_depth": 4.0, "min_child_weight": 4195.907719294922, "num_boost_round": 20.0, "subsample": 0.1388432426329688}, "datetime": {"datetime": "2024-01-20 14:41:09", "elapsed": 1035.702613, "delta": 0.001913}}
{"target": -12.35618685498358, "params": {"colsample_bytree": 0.2011177968934567, "eta": 0.025993535396407447, "gamma": 630.2693654978652, "max_depth": 4.0, "min_child_weight": 4195.907719294922, "num_boost_round": 21.0, "subsample": 0.1388432426329688}, "datetime": {"datetime": "2024-01-20 14:41:09", "elapsed": 1035.704467, "delta": 0.001854}}
{"target": -12.35616933425763, "params": {"colsample_bytree": 0.2011177968934567, "eta": 0.025993535396407447, "gamma": 630.2693654978652, "max_depth": 4.0, "min_child_weight": 4195.907719294922, "num_boost_round": 22.0, "subsample": 0.1388432426329688}, "datetime": {"datetime": "2024-01-20 14:41:09", "elapsed": 1035.706323, "delta": 0.001856}}
{"target": -12.35610373065672, "params": {"colsample_bytree": 0.2011177968934567, "eta": 0.025993535396407447, "gamma": 630.2693654978652, "max_depth": 4.0, "min_child_weight": 4195.907719294922, "num_boost_round": 23.0, "subsample": 0.1388432426329688}, "datetime": {"datetime": "2024-01-20 14:41:09", "elapsed": 1035.708193, "delta": 0.00187}}
{"target": -12.356144759066288, "params": {"colsample_bytree": 0.2011177968934567, "eta": 0.025993535396407447, "gamma": 630.2693654978652, "max_depth": 4.0, "min_child_weight": 4195.907719294922, "num_boost_round": 24.0, "subsample": 0.1388432426329688}, "datetime": {"datetime": "2024-01-20 14:41:09", "elapsed": 1035.710064, "delta": 0.001871}}
{"target": -12.355693103487322, "params": {"colsample_bytree": 0.2011177968934567, "eta": 0.025993535396407447, "gamma": 630.2693654978652, "max_depth": 4.0, "min_child_weight": 4195.907719294922, "num_boost_round": 25.0, "subsample": 0.1388432426329688}, "datetime": {"datetime": "2024-01-20 14:41:09", "elapsed": 1035.711925, "delta": 0.001861}}
{"target": -12.355658791392653, "params": {"colsample_bytree": 0.2011177968934567, "eta": 0.025993535396407447, "gamma": 630.2693654978652, "max_depth": 4.0, "min_child_weight": 4195.907719294922, "num_boost_round": 26.0, "subsample": 0.1388432426329688}, "datetime": {"datetime": "2024-01-20 14:41:09", "elapsed": 1035.713809, "delta": 0.001884}}
{"target": -12.355750545865558, "params": {"colsample_bytree": 0.2011177968934567, "eta": 0.025993535396407447, "gamma": 630.2693654978652, "max_depth": 4.0, "min_child_weight": 4195.907719294922, "num_boost_round": 27.0, "subsample": 0.1388432426329688}, "datetime": {"datetime": "2024-01-20 14:41:09", "elapsed": 1035.715735, "delta": 0.001926}}
{"target": -12.355740571081661, "params": {"colsample_bytree": 0.2011177968934567, "eta": 0.025993535396407447, "gamma": 630.2693654978652, "max_depth": 4.0, "min_child_weight": 4195.907719294922, "num_boost_round": 28.0, "subsample": 0.1388432426329688}, "datetime": {"datetime": "2024-01-20 14:41:09", "elapsed": 1035.71801, "delta": 0.002275}}
