{"target": -13.402779198977406, "params": {"colsample_bytree": 0.526404509724501, "eta": 0.01097676052736713, "gamma": 642.6960358210077, "max_depth": 3.0, "min_child_weight": 3616.914939421759, "num_boost_round": 54.0, "subsample": 0.9689169540143893}, "datetime": {"datetime": "2024-01-20 14:36:25", "elapsed": 720.265266, "delta": 0.001024}}
{"target": -13.402871119567914, "params": {"colsample_bytree": 0.526404509724501, "eta": 0.01097676052736713, "gamma": 642.6960358210077, "max_depth": 3.0, "min_child_weight": 3616.914939421759, "num_boost_round": 55.0, "subsample": 0.9689169540143893}, "datetime": {"datetime": "2024-01-20 14:36:25", "elapsed": 720.266277, "delta": 0.001011}}
{"target": -13.403044760842253, "params": {"colsample_bytree": 0.526404509724501, "eta": 0.01097676052736713, "gamma": 642.6960358210077, "max_depth": 3.0, "min_child_weight": 3616.914939421759, "num_boost_round": 56.0, "subsample": 0.9689169540143893}, "datetime": {"datetime": "2024-01-20 14:36:25", "elapsed": 720.272153, "delta": 0.005876}}
{"target": -13.403244404012145, "params": {"colsample_bytree": 0.526404509724501, "eta": 0.01097676052736713, "gamma": 642.6960358210077, "max_depth": 3.0, "min_child_weight": 3616.914939421759, "num_boost_round": 57.0, "subsample": 0.9689169540143893}, "datetime": {"datetime": "2024-01-20 14:36:25", "elapsed": 720.273213, "delta": 0.00106}}
{"target": -13.403362683404945, "params": {"colsample_bytree": 0.526404509724501, "eta": 0.01097676052736713, "gamma": 642.6960358210077, "max_depth": 3.0, "min_child_weight": 3616.914939421759, "num_boost_round": 58.0, "subsample": 0.9689169540143893}, "datetime": {"datetime": "2024-01-20 14:36:25", "elapsed": 720.274301, "delta": 0.001088}}
{"target": -13.40342762178724, "params": {"colsample_bytree": 0.526404509724501, "eta": 0.01097676052736713, "gamma": 642.6960358210077, "max_depth": 3.0, "min_child_weight": 3616.914939421759, "num_boost_round": 59.0, "subsample": 0.9689169540143893}, "datetime": {"datetime": "2024-01-20 14:36:25", "elapsed": 720.275328, "delta": 0.001027}}
{"target": -13.403588248585601, "params": {"colsample_bytree": 0.526404509724501, "eta": 0.01097676052736713, "gamma": 642.6960358210077, "max_depth": 3.0, "min_child_weight": 3616.914939421759, "num_boost_round": 60.0, "subsample": 0.9689169540143893}, "datetime": {"datetime": "2024-01-20 14:36:25", "elapsed": 720.276343, "delta": 0.001015}}
{"target": -13.403716728683849, "params": {"colsample_bytree": 0.526404509724501, "eta": 0.01097676052736713, "gamma": 642.6960358210077, "max_depth": 3.0, "min_child_weight": 3616.914939421759, "num_boost_round": 61.0, "subsample": 0.9689169540143893}, "datetime": {"datetime": "2024-01-20 14:36:25", "elapsed": 720.277347, "delta": 0.001004}}
{"target": -13.403843621256774, "params": {"colsample_bytree": 0.526404509724501, "eta": 0.01097676052736713, "gamma": 642.6960358210077, "max_depth": 3.0, "min_child_weight": 3616.914939421759, "num_boost_round": 62.0, "subsample": 0.9689169540143893}, "datetime": {"datetime": "2024-01-20 14:36:25", "elapsed": 720.278362, "delta": 0.001015}}
{"target": -13.403997552578634, "params": {"colsample_bytree": 0.526404509724501, "eta": 0.01097676052736713, "gamma": 642.6960358210077, "max_depth": 3.0, "min_child_weight": 3616.914939421759, "num_boost_round": 63.0, "subsample": 0.9689169540143893}, "datetime": {"datetime": "2024-01-20 14:36:25", "elapsed": 720.279457, "delta": 0.001095}}
{"target": -13.404100858800394, "params": {"colsample_bytree": 0.526404509724501, "eta": 0.01097676052736713, "gamma": 642.6960358210077, "max_depth": 3.0, "min_child_weight": 3616.914939421759, "num_boost_round": 64.0, "subsample": 0.9689169540143893}, "datetime": {"datetime": "2024-01-20 14:36:25", "elapsed": 720.280721, "delta": 0.001264}}
{"target": -13.404324587190503, "params": {"colsample_bytree": 0.526404509724501, "eta": 0.01097676052736713, "gamma": 642.6960358210077, "max_depth": 3.0, "min_child_weight": 3616.914939421759, "num_boost_round": 65.0, "subsample": 0.9689169540143893}, "datetime": {"datetime": "2024-01-20 14:36:25", "elapsed": 720.281927, "delta": 0.001206}}
{"target": -13.404476715131999, "params": {"colsample_bytree": 0.526404509724501, "eta": 0.01097676052736713, "gamma": 642.6960358210077, "max_depth": 3.0, "min_child_weight": 3616.914939421759, "num_boost_round": 66.0, "subsample": 0.9689169540143893}, "datetime": {"datetime": "2024-01-20 14:36:25", "elapsed": 720.282952, "delta": 0.001025}}
{"target": -13.404694402622589, "params": {"colsample_bytree": 0.526404509724501, "eta": 0.01097676052736713, "gamma": 642.6960358210077, "max_depth": 3.0, "min_child_weight": 3616.914939421759, "num_boost_round": 67.0, "subsample": 0.9689169540143893}, "datetime": {"datetime": "2024-01-20 14:36:25", "elapsed": 720.284075, "delta": 0.001123}}
{"target": -13.40474125341191, "params": {"colsample_bytree": 0.526404509724501, "eta": 0.01097676052736713, "gamma": 642.6960358210077, "max_depth": 3.0, "min_child_weight": 3616.914939421759, "num_boost_round": 68.0, "subsample": 0.9689169540143893}, "datetime": {"datetime": "2024-01-20 14:36:25", "elapsed": 720.285183, "delta": 0.001108}}
{"target": -13.404893923019477, "params": {"colsample_bytree": 0.526404509724501, "eta": 0.01097676052736713, "gamma": 642.6960358210077, "max_depth": 3.0, "min_child_weight": 3616.914939421759, "num_boost_round": 69.0, "subsample": 0.9689169540143893}, "datetime": {"datetime": "2024-01-20 14:36:25", "elapsed": 720.286311, "delta": 0.001128}}
{"target": -13.405076025464611, "params": {"colsample_bytree": 0.526404509724501, "eta": 0.01097676052736713, "gamma": 642.6960358210077, "max_depth": 3.0, "min_child_weight": 3616.914939421759, "num_boost_round": 70.0, "subsample": 0.9689169540143893}, "datetime": {"datetime": "2024-01-20 14:36:25", "elapsed": 720.287443, "delta": 0.001132}}
{"target": -13.405303820120949, "params": {"colsample_bytree": 0.526404509724501, "eta": 0.01097676052736713, "gamma": 642.6960358210077, "max_depth": 3.0, "min_child_weight": 3616.914939421759, "num_boost_round": 71.0, "subsample": 0.9689169540143893}, "datetime": {"datetime": "2024-01-20 14:36:25", "elapsed": 720.288582, "delta": 0.001139}}
{"target": -13.405473666564006, "params": {"colsample_bytree": 0.526404509724501, "eta": 0.01097676052736713, "gamma": 642.6960358210077, "max_depth": 3.0, "min_child_weight": 3616.914939421759, "num_boost_round": 72.0, "subsample": 0.9689169540143893}, "datetime": {"datetime": "2024-01-20 14:36:25", "elapsed": 720.289756, "delta": 0.001174}}
{"target": -13.405603935736512, "params": {"colsample_bytree": 0.526404509724501, "eta": 0.01097676052736713, "gamma": 642.6960358210077, "max_depth": 3.0, "min_child_weight": 3616.914939421759, "num_boost_round": 73.0, "subsample": 0.9689169540143893}, "datetime": {"datetime": "2024-01-20 14:36:25", "elapsed": 720.290875, "delta": 0.001119}}
{"target": -13.40563970452509, "params": {"colsample_bytree": 0.526404509724501, "eta": 0.01097676052736713, "gamma": 642.6960358210077, "max_depth": 3.0, "min_child_weight": 3616.914939421759, "num_boost_round": 74.0, "subsample": 0.9689169540143893}, "datetime": {"datetime": "2024-01-20 14:36:25", "elapsed": 720.29202, "delta": 0.001145}}
{"target": -13.405759734580464, "params": {"colsample_bytree": 0.526404509724501, "eta": 0.01097676052736713, "gamma": 642.6960358210077, "max_depth": 3.0, "min_child_weight": 3616.914939421759, "num_boost_round": 75.0, "subsample": 0.9689169540143893}, "datetime": {"datetime": "2024-01-20 14:36:25", "elapsed": 720.293153, "delta": 0.001133}}
{"target": -13.405884015576909, "params": {"colsample_bytree": 0.526404509724501, "eta": 0.01097676052736713, "gamma": 642.6960358210077, "max_depth": 3.0, "min_child_weight": 3616.914939421759, "num_boost_round": 76.0, "subsample": 0.9689169540143893}, "datetime": {"datetime": "2024-01-20 14:36:25", "elapsed": 720.294299, "delta": 0.001146}}
{"target": -13.405949425178283, "params": {"colsample_bytree": 0.526404509724501, "eta": 0.01097676052736713, "gamma": 642.6960358210077, "max_depth": 3.0, "min_child_weight": 3616.914939421759, "num_boost_round": 77.0, "subsample": 0.9689169540143893}, "datetime": {"datetime": "2024-01-20 14:36:25", "elapsed": 720.295439, "delta": 0.00114}}
{"target": -13.406058413851934, "params": {"colsample_bytree": 0.526404509724501, "eta": 0.01097676052736713, "gamma": 642.6960358210077, "max_depth": 3.0, "min_child_weight": 3616.914939421759, "num_boost_round": 78.0, "subsample": 0.9689169540143893}, "datetime": {"datetime": "2024-01-20 14:36:25", "elapsed": 720.296573, "delta": 0.001134}}
{"target": -13.406162646951655, "params": {"colsample_bytree": 0.526404509724501, "eta": 0.01097676052736713, "gamma": 642.6960358210077, "max_depth": 3.0, "min_child_weight": 3616.914939421759, "num_boost_round": 79.0, "subsample": 0.9689169540143893}, "datetime": {"datetime": "2024-01-20 14:36:25", "elapsed": 720.297705, "delta": 0.001132}}
{"target": -13.406318536960004, "params": {"colsample_bytree": 0.526404509724501, "eta": 0.01097676052736713, "gamma": 642.6960358210077, "max_depth": 3.0, "min_child_weight": 3616.914939421759, "num_boost_round": 80.0, "subsample": 0.9689169540143893}, "datetime": {"datetime": "2024-01-20 14:36:25", "elapsed": 720.298844, "delta": 0.001139}}
{"target": -13.406423673180676, "params": {"colsample_bytree": 0.526404509724501, "eta": 0.01097676052736713, "gamma": 642.6960358210077, "max_depth": 3.0, "min_child_weight": 3616.914939421759, "num_boost_round": 81.0, "subsample": 0.9689169540143893}, "datetime": {"datetime": "2024-01-20 14:36:25", "elapsed": 720.3, "delta": 0.001156}}
{"target": -13.40657116933918, "params": {"colsample_bytree": 0.526404509724501, "eta": 0.01097676052736713, "gamma": 642.6960358210077, "max_depth": 3.0, "min_child_weight": 3616.914939421759, "num_boost_round": 82.0, "subsample": 0.9689169540143893}, "datetime": {"datetime": "2024-01-20 14:36:25", "elapsed": 720.301207, "delta": 0.001207}}
{"target": -13.40664082532615, "params": {"colsample_bytree": 0.526404509724501, "eta": 0.01097676052736713, "gamma": 642.6960358210077, "max_depth": 3.0, "min_child_weight": 3616.914939421759, "num_boost_round": 83.0, "subsample": 0.9689169540143893}, "datetime": {"datetime": "2024-01-20 14:36:25", "elapsed": 720.302355, "delta": 0.001148}}
{"target": -13.406843281107042, "params": {"colsample_bytree": 0.526404509724501, "eta": 0.01097676052736713, "gamma": 642.6960358210077, "max_depth": 3.0, "min_child_weight": 3616.914939421759, "num_boost_round": 84.0, "subsample": 0.9689169540143893}, "datetime": {"datetime": "2024-01-20 14:36:25", "elapsed": 720.303519, "delta": 0.001164}}
{"target": -13.406964047812883, "params": {"colsample_bytree": 0.526404509724501, "eta": 0.01097676052736713, "gamma": 642.6960358210077, "max_depth": 3.0, "min_child_weight": 3616.914939421759, "num_boost_round": 85.0, "subsample": 0.9689169540143893}, "datetime": {"datetime": "2024-01-20 14:36:25", "elapsed": 720.304656, "delta": 0.001137}}
{"target": -13.407178065842889, "params": {"colsample_bytree": 0.526404509724501, "eta": 0.01097676052736713, "gamma": 642.6960358210077, "max_depth": 3.0, "min_child_weight": 3616.914939421759, "num_boost_round": 86.0, "subsample": 0.9689169540143893}, "datetime": {"datetime": "2024-01-20 14:36:25", "elapsed": 720.305734, "delta": 0.001078}}
{"target": -13.397753722257939, "params": {"colsample_bytree": 0.9999813859156367, "eta": 0.040092453240534204, "gamma": 579.0919707577398, "max_depth": 4.0, "min_child_weight": 3499.7927146745433, "num_boost_round": 1.0, "subsample": 0.9032268257540181}, "datetime": {"datetime": "2024-01-20 14:36:44", "elapsed": 738.998358, "delta": 18.692624}}
{"target": -13.39781531619041, "params": {"colsample_bytree": 0.9999813859156367, "eta": 0.040092453240534204, "gamma": 579.0919707577398, "max_depth": 4.0, "min_child_weight": 3499.7927146745433, "num_boost_round": 2.0, "subsample": 0.9032268257540181}, "datetime": {"datetime": "2024-01-20 14:36:44", "elapsed": 739.001154, "delta": 0.002796}}
{"target": -13.398143617050911, "params": {"colsample_bytree": 0.9999813859156367, "eta": 0.040092453240534204, "gamma": 579.0919707577398, "max_depth": 4.0, "min_child_weight": 3499.7927146745433, "num_boost_round": 3.0, "subsample": 0.9032268257540181}, "datetime": {"datetime": "2024-01-20 14:36:44", "elapsed": 739.002923, "delta": 0.001769}}
{"target": -13.398546890769348, "params": {"colsample_bytree": 0.9999813859156367, "eta": 0.040092453240534204, "gamma": 579.0919707577398, "max_depth": 4.0, "min_child_weight": 3499.7927146745433, "num_boost_round": 4.0, "subsample": 0.9032268257540181}, "datetime": {"datetime": "2024-01-20 14:36:44", "elapsed": 739.004079, "delta": 0.001156}}
{"target": -13.399157457374166, "params": {"colsample_bytree": 0.9999813859156367, "eta": 0.040092453240534204, "gamma": 579.0919707577398, "max_depth": 4.0, "min_child_weight": 3499.7927146745433, "num_boost_round": 5.0, "subsample": 0.9032268257540181}, "datetime": {"datetime": "2024-01-20 14:36:44", "elapsed": 739.005232, "delta": 0.001153}}
{"target": -13.399802092873184, "params": {"colsample_bytree": 0.9999813859156367, "eta": 0.040092453240534204, "gamma": 579.0919707577398, "max_depth": 4.0, "min_child_weight": 3499.7927146745433, "num_boost_round": 6.0, "subsample": 0.9032268257540181}, "datetime": {"datetime": "2024-01-20 14:36:44", "elapsed": 739.00652, "delta": 0.001288}}
{"target": -13.400494026370602, "params": {"colsample_bytree": 0.9999813859156367, "eta": 0.040092453240534204, "gamma": 579.0919707577398, "max_depth": 4.0, "min_child_weight": 3499.7927146745433, "num_boost_round": 7.0, "subsample": 0.9032268257540181}, "datetime": {"datetime": "2024-01-20 14:36:44", "elapsed": 739.007684, "delta": 0.001164}}
{"target": -13.397165429430059, "params": {"colsample_bytree": 0.3657809204430962, "eta": 0.08024995358811401, "gamma": 672.8330389978786, "max_depth": 4.0, "min_child_weight": 3488.042518669461, "num_boost_round": 1.0, "subsample": 0.23834712165239064}, "datetime": {"datetime": "2024-01-20 14:37:00", "elapsed": 755.498856, "delta": 16.491172}}
{"target": -13.397271681714916, "params": {"colsample_bytree": 0.3657809204430962, "eta": 0.08024995358811401, "gamma": 672.8330389978786, "max_depth": 4.0, "min_child_weight": 3488.042518669461, "num_boost_round": 2.0, "subsample": 0.23834712165239064}, "datetime": {"datetime": "2024-01-20 14:37:00", "elapsed": 755.501713, "delta": 0.002857}}
{"target": -13.397902275674348, "params": {"colsample_bytree": 0.24235466211626017, "eta": 0.01186128915512273, "gamma": 657.0485448743492, "max_depth": 3.0, "min_child_weight": 3384.935649468122, "num_boost_round": 1.0, "subsample": 0.7780446044093852}, "datetime": {"datetime": "2024-01-20 14:37:17", "elapsed": 772.084554, "delta": 16.582841}}
{"target": -13.397910777803887, "params": {"colsample_bytree": 0.24235466211626017, "eta": 0.01186128915512273, "gamma": 657.0485448743492, "max_depth": 3.0, "min_child_weight": 3384.935649468122, "num_boost_round": 2.0, "subsample": 0.7780446044093852}, "datetime": {"datetime": "2024-01-20 14:37:17", "elapsed": 772.087441, "delta": 0.002887}}
{"target": -13.397920682100231, "params": {"colsample_bytree": 0.24235466211626017, "eta": 0.01186128915512273, "gamma": 657.0485448743492, "max_depth": 3.0, "min_child_weight": 3384.935649468122, "num_boost_round": 3.0, "subsample": 0.7780446044093852}, "datetime": {"datetime": "2024-01-20 14:37:17", "elapsed": 772.089202, "delta": 0.001761}}
{"target": -13.398005633210758, "params": {"colsample_bytree": 0.24235466211626017, "eta": 0.01186128915512273, "gamma": 657.0485448743492, "max_depth": 3.0, "min_child_weight": 3384.935649468122, "num_boost_round": 4.0, "subsample": 0.7780446044093852}, "datetime": {"datetime": "2024-01-20 14:37:17", "elapsed": 772.090567, "delta": 0.001365}}
{"target": -13.398210748493348, "params": {"colsample_bytree": 0.4592466645494462, "eta": 0.08654908972760042, "gamma": 731.7873505641611, "max_depth": 4.0, "min_child_weight": 3581.6160529510753, "num_boost_round": 1.0, "subsample": 0.4612863008814724}, "datetime": {"datetime": "2024-01-20 14:37:36", "elapsed": 790.802719, "delta": 18.712152}}
{"target": -13.398377865728774, "params": {"colsample_bytree": 0.4592466645494462, "eta": 0.08654908972760042, "gamma": 731.7873505641611, "max_depth": 4.0, "min_child_weight": 3581.6160529510753, "num_boost_round": 2.0, "subsample": 0.4612863008814724}, "datetime": {"datetime": "2024-01-20 14:37:36", "elapsed": 790.80568, "delta": 0.002961}}
{"target": -13.398886943031647, "params": {"colsample_bytree": 0.4592466645494462, "eta": 0.08654908972760042, "gamma": 731.7873505641611, "max_depth": 4.0, "min_child_weight": 3581.6160529510753, "num_boost_round": 3.0, "subsample": 0.4612863008814724}, "datetime": {"datetime": "2024-01-20 14:37:36", "elapsed": 790.806959, "delta": 0.001279}}
{"target": -13.398963565075132, "params": {"colsample_bytree": 0.4592466645494462, "eta": 0.08654908972760042, "gamma": 731.7873505641611, "max_depth": 4.0, "min_child_weight": 3581.6160529510753, "num_boost_round": 4.0, "subsample": 0.4612863008814724}, "datetime": {"datetime": "2024-01-20 14:37:36", "elapsed": 790.808247, "delta": 0.001288}}
{"target": -13.4000548613555, "params": {"colsample_bytree": 0.4592466645494462, "eta": 0.08654908972760042, "gamma": 731.7873505641611, "max_depth": 4.0, "min_child_weight": 3581.6160529510753, "num_boost_round": 5.0, "subsample": 0.4612863008814724}, "datetime": {"datetime": "2024-01-20 14:37:36", "elapsed": 790.809404, "delta": 0.001157}}
{"target": -13.400429719659835, "params": {"colsample_bytree": 0.4592466645494462, "eta": 0.08654908972760042, "gamma": 731.7873505641611, "max_depth": 4.0, "min_child_weight": 3581.6160529510753, "num_boost_round": 6.0, "subsample": 0.4612863008814724}, "datetime": {"datetime": "2024-01-20 14:37:36", "elapsed": 790.810583, "delta": 0.001179}}
{"target": -13.401691703199536, "params": {"colsample_bytree": 0.4592466645494462, "eta": 0.08654908972760042, "gamma": 731.7873505641611, "max_depth": 4.0, "min_child_weight": 3581.6160529510753, "num_boost_round": 7.0, "subsample": 0.4612863008814724}, "datetime": {"datetime": "2024-01-20 14:37:36", "elapsed": 790.811748, "delta": 0.001165}}
{"target": -13.402584155827935, "params": {"colsample_bytree": 0.4592466645494462, "eta": 0.08654908972760042, "gamma": 731.7873505641611, "max_depth": 4.0, "min_child_weight": 3581.6160529510753, "num_boost_round": 8.0, "subsample": 0.4612863008814724}, "datetime": {"datetime": "2024-01-20 14:37:36", "elapsed": 790.812877, "delta": 0.001129}}
{"target": -13.397922888480162, "params": {"colsample_bytree": 0.881809341585216, "eta": 0.04210372479269475, "gamma": 741.8009403544667, "max_depth": 5.0, "min_child_weight": 3447.698339528087, "num_boost_round": 1.0, "subsample": 0.509807999018988}, "datetime": {"datetime": "2024-01-20 14:37:53", "elapsed": 807.89665, "delta": 17.083773}}
{"target": -13.397865491605288, "params": {"colsample_bytree": 0.881809341585216, "eta": 0.04210372479269475, "gamma": 741.8009403544667, "max_depth": 5.0, "min_child_weight": 3447.698339528087, "num_boost_round": 2.0, "subsample": 0.509807999018988}, "datetime": {"datetime": "2024-01-20 14:37:53", "elapsed": 807.898648, "delta": 0.001998}}
{"target": -13.398192542276393, "params": {"colsample_bytree": 0.881809341585216, "eta": 0.04210372479269475, "gamma": 741.8009403544667, "max_depth": 5.0, "min_child_weight": 3447.698339528087, "num_boost_round": 3.0, "subsample": 0.509807999018988}, "datetime": {"datetime": "2024-01-20 14:37:53", "elapsed": 807.899849, "delta": 0.001201}}
{"target": -13.397997752224953, "params": {"colsample_bytree": 0.881809341585216, "eta": 0.04210372479269475, "gamma": 741.8009403544667, "max_depth": 5.0, "min_child_weight": 3447.698339528087, "num_boost_round": 4.0, "subsample": 0.509807999018988}, "datetime": {"datetime": "2024-01-20 14:37:53", "elapsed": 807.90104, "delta": 0.001191}}
{"target": -13.39818970145015, "params": {"colsample_bytree": 0.881809341585216, "eta": 0.04210372479269475, "gamma": 741.8009403544667, "max_depth": 5.0, "min_child_weight": 3447.698339528087, "num_boost_round": 5.0, "subsample": 0.509807999018988}, "datetime": {"datetime": "2024-01-20 14:37:53", "elapsed": 807.902175, "delta": 0.001135}}
{"target": -13.39774620678049, "params": {"colsample_bytree": 0.46113783615712345, "eta": 0.017720509202061568, "gamma": 773.9809354931906, "max_depth": 5.0, "min_child_weight": 3371.3510582310873, "num_boost_round": 1.0, "subsample": 0.7575658073371132}, "datetime": {"datetime": "2024-01-20 14:38:25", "elapsed": 840.505299, "delta": 32.603124}}
{"target": -13.397687714796216, "params": {"colsample_bytree": 0.46113783615712345, "eta": 0.017720509202061568, "gamma": 773.9809354931906, "max_depth": 5.0, "min_child_weight": 3371.3510582310873, "num_boost_round": 2.0, "subsample": 0.7575658073371132}, "datetime": {"datetime": "2024-01-20 14:38:25", "elapsed": 840.50699, "delta": 0.001691}}
{"target": -13.397537826711817, "params": {"colsample_bytree": 0.46113783615712345, "eta": 0.017720509202061568, "gamma": 773.9809354931906, "max_depth": 5.0, "min_child_weight": 3371.3510582310873, "num_boost_round": 3.0, "subsample": 0.7575658073371132}, "datetime": {"datetime": "2024-01-20 14:38:25", "elapsed": 840.508401, "delta": 0.001411}}
{"target": -13.397486549730395, "params": {"colsample_bytree": 0.46113783615712345, "eta": 0.017720509202061568, "gamma": 773.9809354931906, "max_depth": 5.0, "min_child_weight": 3371.3510582310873, "num_boost_round": 4.0, "subsample": 0.7575658073371132}, "datetime": {"datetime": "2024-01-20 14:38:25", "elapsed": 840.509554, "delta": 0.001153}}
