{"target": -12.345612101492671, "params": {"colsample_bytree": 0.3531675067289165, "eta": 0.07380415298128999, "gamma": 549.470175010317, "max_depth": 3.0, "min_child_weight": 4226.023337206931, "num_boost_round": 76.0, "subsample": 0.6932645958658061}, "datetime": {"datetime": "2024-01-20 14:44:30", "elapsed": 1236.455518, "delta": 0.002277}}
{"target": -12.345881091259226, "params": {"colsample_bytree": 0.3531675067289165, "eta": 0.07380415298128999, "gamma": 549.470175010317, "max_depth": 3.0, "min_child_weight": 4226.023337206931, "num_boost_round": 77.0, "subsample": 0.6932645958658061}, "datetime": {"datetime": "2024-01-20 14:44:30", "elapsed": 1236.457775, "delta": 0.002257}}
{"target": -12.345902063849174, "params": {"colsample_bytree": 0.3531675067289165, "eta": 0.07380415298128999, "gamma": 549.470175010317, "max_depth": 3.0, "min_child_weight": 4226.023337206931, "num_boost_round": 78.0, "subsample": 0.6932645958658061}, "datetime": {"datetime": "2024-01-20 14:44:30", "elapsed": 1236.460562, "delta": 0.002787}}
{"target": -12.345917766499884, "params": {"colsample_bytree": 0.3531675067289165, "eta": 0.07380415298128999, "gamma": 549.470175010317, "max_depth": 3.0, "min_child_weight": 4226.023337206931, "num_boost_round": 79.0, "subsample": 0.6932645958658061}, "datetime": {"datetime": "2024-01-20 14:44:30", "elapsed": 1236.462944, "delta": 0.002382}}
{"target": -12.34634177928569, "params": {"colsample_bytree": 0.3531675067289165, "eta": 0.07380415298128999, "gamma": 549.470175010317, "max_depth": 3.0, "min_child_weight": 4226.023337206931, "num_boost_round": 80.0, "subsample": 0.6932645958658061}, "datetime": {"datetime": "2024-01-20 14:44:30", "elapsed": 1236.465297, "delta": 0.002353}}
{"target": -12.346383827524415, "params": {"colsample_bytree": 0.3531675067289165, "eta": 0.07380415298128999, "gamma": 549.470175010317, "max_depth": 3.0, "min_child_weight": 4226.023337206931, "num_boost_round": 81.0, "subsample": 0.6932645958658061}, "datetime": {"datetime": "2024-01-20 14:44:30", "elapsed": 1236.46749, "delta": 0.002193}}
{"target": -12.346203671723007, "params": {"colsample_bytree": 0.3531675067289165, "eta": 0.07380415298128999, "gamma": 549.470175010317, "max_depth": 3.0, "min_child_weight": 4226.023337206931, "num_boost_round": 82.0, "subsample": 0.6932645958658061}, "datetime": {"datetime": "2024-01-20 14:44:30", "elapsed": 1236.469708, "delta": 0.002218}}
{"target": -12.346049100855174, "params": {"colsample_bytree": 0.3531675067289165, "eta": 0.07380415298128999, "gamma": 549.470175010317, "max_depth": 3.0, "min_child_weight": 4226.023337206931, "num_boost_round": 83.0, "subsample": 0.6932645958658061}, "datetime": {"datetime": "2024-01-20 14:44:30", "elapsed": 1236.471912, "delta": 0.002204}}
{"target": -12.346045957401383, "params": {"colsample_bytree": 0.3531675067289165, "eta": 0.07380415298128999, "gamma": 549.470175010317, "max_depth": 3.0, "min_child_weight": 4226.023337206931, "num_boost_round": 84.0, "subsample": 0.6932645958658061}, "datetime": {"datetime": "2024-01-20 14:44:30", "elapsed": 1236.474206, "delta": 0.002294}}
{"target": -12.345919965350456, "params": {"colsample_bytree": 0.3531675067289165, "eta": 0.07380415298128999, "gamma": 549.470175010317, "max_depth": 3.0, "min_child_weight": 4226.023337206931, "num_boost_round": 85.0, "subsample": 0.6932645958658061}, "datetime": {"datetime": "2024-01-20 14:44:30", "elapsed": 1236.476564, "delta": 0.002358}}
{"target": -12.345968590610198, "params": {"colsample_bytree": 0.3531675067289165, "eta": 0.07380415298128999, "gamma": 549.470175010317, "max_depth": 3.0, "min_child_weight": 4226.023337206931, "num_boost_round": 86.0, "subsample": 0.6932645958658061}, "datetime": {"datetime": "2024-01-20 14:44:30", "elapsed": 1236.478868, "delta": 0.002304}}
{"target": -12.346052368968056, "params": {"colsample_bytree": 0.3531675067289165, "eta": 0.07380415298128999, "gamma": 549.470175010317, "max_depth": 3.0, "min_child_weight": 4226.023337206931, "num_boost_round": 87.0, "subsample": 0.6932645958658061}, "datetime": {"datetime": "2024-01-20 14:44:30", "elapsed": 1236.481173, "delta": 0.002305}}
{"target": -12.346071252729814, "params": {"colsample_bytree": 0.3531675067289165, "eta": 0.07380415298128999, "gamma": 549.470175010317, "max_depth": 3.0, "min_child_weight": 4226.023337206931, "num_boost_round": 88.0, "subsample": 0.6932645958658061}, "datetime": {"datetime": "2024-01-20 14:44:30", "elapsed": 1236.483439, "delta": 0.002266}}
{"target": -12.346361411567445, "params": {"colsample_bytree": 0.3531675067289165, "eta": 0.07380415298128999, "gamma": 549.470175010317, "max_depth": 3.0, "min_child_weight": 4226.023337206931, "num_boost_round": 89.0, "subsample": 0.6932645958658061}, "datetime": {"datetime": "2024-01-20 14:44:30", "elapsed": 1236.485736, "delta": 0.002297}}
{"target": -12.34637854846471, "params": {"colsample_bytree": 0.3531675067289165, "eta": 0.07380415298128999, "gamma": 549.470175010317, "max_depth": 3.0, "min_child_weight": 4226.023337206931, "num_boost_round": 90.0, "subsample": 0.6932645958658061}, "datetime": {"datetime": "2024-01-20 14:44:30", "elapsed": 1236.488033, "delta": 0.002297}}
{"target": -12.346548981753376, "params": {"colsample_bytree": 0.3531675067289165, "eta": 0.07380415298128999, "gamma": 549.470175010317, "max_depth": 3.0, "min_child_weight": 4226.023337206931, "num_boost_round": 91.0, "subsample": 0.6932645958658061}, "datetime": {"datetime": "2024-01-20 14:44:30", "elapsed": 1236.490335, "delta": 0.002302}}
{"target": -12.346543972272851, "params": {"colsample_bytree": 0.3531675067289165, "eta": 0.07380415298128999, "gamma": 549.470175010317, "max_depth": 3.0, "min_child_weight": 4226.023337206931, "num_boost_round": 92.0, "subsample": 0.6932645958658061}, "datetime": {"datetime": "2024-01-20 14:44:30", "elapsed": 1236.492606, "delta": 0.002271}}
{"target": -12.346549589731591, "params": {"colsample_bytree": 0.3531675067289165, "eta": 0.07380415298128999, "gamma": 549.470175010317, "max_depth": 3.0, "min_child_weight": 4226.023337206931, "num_boost_round": 93.0, "subsample": 0.6932645958658061}, "datetime": {"datetime": "2024-01-20 14:44:30", "elapsed": 1236.494918, "delta": 0.002312}}
{"target": -12.346453942525967, "params": {"colsample_bytree": 0.3531675067289165, "eta": 0.07380415298128999, "gamma": 549.470175010317, "max_depth": 3.0, "min_child_weight": 4226.023337206931, "num_boost_round": 94.0, "subsample": 0.6932645958658061}, "datetime": {"datetime": "2024-01-20 14:44:30", "elapsed": 1236.497204, "delta": 0.002286}}
{"target": -12.357714559933358, "params": {"colsample_bytree": 0.797120204469696, "eta": 0.01575097292093607, "gamma": 637.6697998654746, "max_depth": 5.0, "min_child_weight": 4235.254178708481, "num_boost_round": 1.0, "subsample": 0.27979590011804}, "datetime": {"datetime": "2024-01-20 14:45:01", "elapsed": 1267.332468, "delta": 30.835264}}
{"target": -12.356869882372935, "params": {"colsample_bytree": 0.797120204469696, "eta": 0.01575097292093607, "gamma": 637.6697998654746, "max_depth": 5.0, "min_child_weight": 4235.254178708481, "num_boost_round": 2.0, "subsample": 0.27979590011804}, "datetime": {"datetime": "2024-01-20 14:45:01", "elapsed": 1267.336636, "delta": 0.004168}}
{"target": -12.356031704828414, "params": {"colsample_bytree": 0.797120204469696, "eta": 0.01575097292093607, "gamma": 637.6697998654746, "max_depth": 5.0, "min_child_weight": 4235.254178708481, "num_boost_round": 3.0, "subsample": 0.27979590011804}, "datetime": {"datetime": "2024-01-20 14:45:01", "elapsed": 1267.339196, "delta": 0.00256}}
{"target": -12.35531990715856, "params": {"colsample_bytree": 0.797120204469696, "eta": 0.01575097292093607, "gamma": 637.6697998654746, "max_depth": 5.0, "min_child_weight": 4235.254178708481, "num_boost_round": 4.0, "subsample": 0.27979590011804}, "datetime": {"datetime": "2024-01-20 14:45:01", "elapsed": 1267.341678, "delta": 0.002482}}
{"target": -12.354592079481414, "params": {"colsample_bytree": 0.797120204469696, "eta": 0.01575097292093607, "gamma": 637.6697998654746, "max_depth": 5.0, "min_child_weight": 4235.254178708481, "num_boost_round": 5.0, "subsample": 0.27979590011804}, "datetime": {"datetime": "2024-01-20 14:45:01", "elapsed": 1267.343967, "delta": 0.002289}}
{"target": -12.353831626690145, "params": {"colsample_bytree": 0.797120204469696, "eta": 0.01575097292093607, "gamma": 637.6697998654746, "max_depth": 5.0, "min_child_weight": 4235.254178708481, "num_boost_round": 6.0, "subsample": 0.27979590011804}, "datetime": {"datetime": "2024-01-20 14:45:01", "elapsed": 1267.346204, "delta": 0.002237}}
{"target": -12.353273915087971, "params": {"colsample_bytree": 0.797120204469696, "eta": 0.01575097292093607, "gamma": 637.6697998654746, "max_depth": 5.0, "min_child_weight": 4235.254178708481, "num_boost_round": 7.0, "subsample": 0.27979590011804}, "datetime": {"datetime": "2024-01-20 14:45:01", "elapsed": 1267.348428, "delta": 0.002224}}
{"target": -12.352885616802737, "params": {"colsample_bytree": 0.797120204469696, "eta": 0.01575097292093607, "gamma": 637.6697998654746, "max_depth": 5.0, "min_child_weight": 4235.254178708481, "num_boost_round": 8.0, "subsample": 0.27979590011804}, "datetime": {"datetime": "2024-01-20 14:45:01", "elapsed": 1267.350809, "delta": 0.002381}}
{"target": -12.352225445565962, "params": {"colsample_bytree": 0.797120204469696, "eta": 0.01575097292093607, "gamma": 637.6697998654746, "max_depth": 5.0, "min_child_weight": 4235.254178708481, "num_boost_round": 9.0, "subsample": 0.27979590011804}, "datetime": {"datetime": "2024-01-20 14:45:01", "elapsed": 1267.353048, "delta": 0.002239}}
{"target": -12.35166982696223, "params": {"colsample_bytree": 0.797120204469696, "eta": 0.01575097292093607, "gamma": 637.6697998654746, "max_depth": 5.0, "min_child_weight": 4235.254178708481, "num_boost_round": 10.0, "subsample": 0.27979590011804}, "datetime": {"datetime": "2024-01-20 14:45:01", "elapsed": 1267.355285, "delta": 0.002237}}
{"target": -12.351319640989747, "params": {"colsample_bytree": 0.797120204469696, "eta": 0.01575097292093607, "gamma": 637.6697998654746, "max_depth": 5.0, "min_child_weight": 4235.254178708481, "num_boost_round": 11.0, "subsample": 0.27979590011804}, "datetime": {"datetime": "2024-01-20 14:45:01", "elapsed": 1267.357611, "delta": 0.002326}}
{"target": -12.350703061000836, "params": {"colsample_bytree": 0.797120204469696, "eta": 0.01575097292093607, "gamma": 637.6697998654746, "max_depth": 5.0, "min_child_weight": 4235.254178708481, "num_boost_round": 12.0, "subsample": 0.27979590011804}, "datetime": {"datetime": "2024-01-20 14:45:01", "elapsed": 1267.359821, "delta": 0.00221}}
{"target": -12.350163819434165, "params": {"colsample_bytree": 0.797120204469696, "eta": 0.01575097292093607, "gamma": 637.6697998654746, "max_depth": 5.0, "min_child_weight": 4235.254178708481, "num_boost_round": 13.0, "subsample": 0.27979590011804}, "datetime": {"datetime": "2024-01-20 14:45:01", "elapsed": 1267.362155, "delta": 0.002334}}
{"target": -12.349684081249258, "params": {"colsample_bytree": 0.797120204469696, "eta": 0.01575097292093607, "gamma": 637.6697998654746, "max_depth": 5.0, "min_child_weight": 4235.254178708481, "num_boost_round": 14.0, "subsample": 0.27979590011804}, "datetime": {"datetime": "2024-01-20 14:45:01", "elapsed": 1267.364362, "delta": 0.002207}}
{"target": -12.349191184048056, "params": {"colsample_bytree": 0.797120204469696, "eta": 0.01575097292093607, "gamma": 637.6697998654746, "max_depth": 5.0, "min_child_weight": 4235.254178708481, "num_boost_round": 15.0, "subsample": 0.27979590011804}, "datetime": {"datetime": "2024-01-20 14:45:01", "elapsed": 1267.366598, "delta": 0.002236}}
{"target": -12.348707198976474, "params": {"colsample_bytree": 0.797120204469696, "eta": 0.01575097292093607, "gamma": 637.6697998654746, "max_depth": 5.0, "min_child_weight": 4235.254178708481, "num_boost_round": 16.0, "subsample": 0.27979590011804}, "datetime": {"datetime": "2024-01-20 14:45:01", "elapsed": 1267.368817, "delta": 0.002219}}
{"target": -12.34845501907758, "params": {"colsample_bytree": 0.797120204469696, "eta": 0.01575097292093607, "gamma": 637.6697998654746, "max_depth": 5.0, "min_child_weight": 4235.254178708481, "num_boost_round": 17.0, "subsample": 0.27979590011804}, "datetime": {"datetime": "2024-01-20 14:45:01", "elapsed": 1267.371059, "delta": 0.002242}}
{"target": -12.34812739233951, "params": {"colsample_bytree": 0.797120204469696, "eta": 0.01575097292093607, "gamma": 637.6697998654746, "max_depth": 5.0, "min_child_weight": 4235.254178708481, "num_boost_round": 18.0, "subsample": 0.27979590011804}, "datetime": {"datetime": "2024-01-20 14:45:01", "elapsed": 1267.373275, "delta": 0.002216}}
{"target": -12.348052852652089, "params": {"colsample_bytree": 0.797120204469696, "eta": 0.01575097292093607, "gamma": 637.6697998654746, "max_depth": 5.0, "min_child_weight": 4235.254178708481, "num_boost_round": 19.0, "subsample": 0.27979590011804}, "datetime": {"datetime": "2024-01-20 14:45:01", "elapsed": 1267.375488, "delta": 0.002213}}
{"target": -12.347856423675251, "params": {"colsample_bytree": 0.797120204469696, "eta": 0.01575097292093607, "gamma": 637.6697998654746, "max_depth": 5.0, "min_child_weight": 4235.254178708481, "num_boost_round": 20.0, "subsample": 0.27979590011804}, "datetime": {"datetime": "2024-01-20 14:45:01", "elapsed": 1267.377827, "delta": 0.002339}}
{"target": -12.347455405671834, "params": {"colsample_bytree": 0.797120204469696, "eta": 0.01575097292093607, "gamma": 637.6697998654746, "max_depth": 5.0, "min_child_weight": 4235.254178708481, "num_boost_round": 21.0, "subsample": 0.27979590011804}, "datetime": {"datetime": "2024-01-20 14:45:01", "elapsed": 1267.380026, "delta": 0.002199}}
{"target": -12.347314121778878, "params": {"colsample_bytree": 0.797120204469696, "eta": 0.01575097292093607, "gamma": 637.6697998654746, "max_depth": 5.0, "min_child_weight": 4235.254178708481, "num_boost_round": 22.0, "subsample": 0.27979590011804}, "datetime": {"datetime": "2024-01-20 14:45:01", "elapsed": 1267.382285, "delta": 0.002259}}
{"target": -12.347056323187068, "params": {"colsample_bytree": 0.797120204469696, "eta": 0.01575097292093607, "gamma": 637.6697998654746, "max_depth": 5.0, "min_child_weight": 4235.254178708481, "num_boost_round": 23.0, "subsample": 0.27979590011804}, "datetime": {"datetime": "2024-01-20 14:45:01", "elapsed": 1267.384507, "delta": 0.002222}}
{"target": -12.347104055460363, "params": {"colsample_bytree": 0.797120204469696, "eta": 0.01575097292093607, "gamma": 637.6697998654746, "max_depth": 5.0, "min_child_weight": 4235.254178708481, "num_boost_round": 24.0, "subsample": 0.27979590011804}, "datetime": {"datetime": "2024-01-20 14:45:01", "elapsed": 1267.386721, "delta": 0.002214}}
{"target": -12.34672984995281, "params": {"colsample_bytree": 0.797120204469696, "eta": 0.01575097292093607, "gamma": 637.6697998654746, "max_depth": 5.0, "min_child_weight": 4235.254178708481, "num_boost_round": 25.0, "subsample": 0.27979590011804}, "datetime": {"datetime": "2024-01-20 14:45:01", "elapsed": 1267.38892, "delta": 0.002199}}
{"target": -12.346513906509346, "params": {"colsample_bytree": 0.797120204469696, "eta": 0.01575097292093607, "gamma": 637.6697998654746, "max_depth": 5.0, "min_child_weight": 4235.254178708481, "num_boost_round": 26.0, "subsample": 0.27979590011804}, "datetime": {"datetime": "2024-01-20 14:45:01", "elapsed": 1267.391146, "delta": 0.002226}}
{"target": -12.357567403578471, "params": {"colsample_bytree": 0.9613059489547809, "eta": 0.018351021824905396, "gamma": 558.2808235381945, "max_depth": 8.0, "min_child_weight": 4226.356652172929, "num_boost_round": 1.0, "subsample": 0.4653213828525753}, "datetime": {"datetime": "2024-01-20 14:46:00", "elapsed": 1326.956739, "delta": 59.565593}}
{"target": -12.356469307353295, "params": {"colsample_bytree": 0.9613059489547809, "eta": 0.018351021824905396, "gamma": 558.2808235381945, "max_depth": 8.0, "min_child_weight": 4226.356652172929, "num_boost_round": 2.0, "subsample": 0.4653213828525753}, "datetime": {"datetime": "2024-01-20 14:46:00", "elapsed": 1326.960003, "delta": 0.003264}}
{"target": -12.35533275565006, "params": {"colsample_bytree": 0.9613059489547809, "eta": 0.018351021824905396, "gamma": 558.2808235381945, "max_depth": 8.0, "min_child_weight": 4226.356652172929, "num_boost_round": 3.0, "subsample": 0.4653213828525753}, "datetime": {"datetime": "2024-01-20 14:46:00", "elapsed": 1326.962835, "delta": 0.002832}}
{"target": -12.354308264833222, "params": {"colsample_bytree": 0.9613059489547809, "eta": 0.018351021824905396, "gamma": 558.2808235381945, "max_depth": 8.0, "min_child_weight": 4226.356652172929, "num_boost_round": 4.0, "subsample": 0.4653213828525753}, "datetime": {"datetime": "2024-01-20 14:46:00", "elapsed": 1326.965277, "delta": 0.002442}}
{"target": -12.353436337683931, "params": {"colsample_bytree": 0.9613059489547809, "eta": 0.018351021824905396, "gamma": 558.2808235381945, "max_depth": 8.0, "min_child_weight": 4226.356652172929, "num_boost_round": 5.0, "subsample": 0.4653213828525753}, "datetime": {"datetime": "2024-01-20 14:46:00", "elapsed": 1326.967556, "delta": 0.002279}}
{"target": -12.35262609877396, "params": {"colsample_bytree": 0.9613059489547809, "eta": 0.018351021824905396, "gamma": 558.2808235381945, "max_depth": 8.0, "min_child_weight": 4226.356652172929, "num_boost_round": 6.0, "subsample": 0.4653213828525753}, "datetime": {"datetime": "2024-01-20 14:46:00", "elapsed": 1326.969811, "delta": 0.002255}}
{"target": -12.351815295385428, "params": {"colsample_bytree": 0.9613059489547809, "eta": 0.018351021824905396, "gamma": 558.2808235381945, "max_depth": 8.0, "min_child_weight": 4226.356652172929, "num_boost_round": 7.0, "subsample": 0.4653213828525753}, "datetime": {"datetime": "2024-01-20 14:46:00", "elapsed": 1326.972085, "delta": 0.002274}}
{"target": -12.351083703342486, "params": {"colsample_bytree": 0.9613059489547809, "eta": 0.018351021824905396, "gamma": 558.2808235381945, "max_depth": 8.0, "min_child_weight": 4226.356652172929, "num_boost_round": 8.0, "subsample": 0.4653213828525753}, "datetime": {"datetime": "2024-01-20 14:46:00", "elapsed": 1326.974337, "delta": 0.002252}}
{"target": -12.35031066437629, "params": {"colsample_bytree": 0.9613059489547809, "eta": 0.018351021824905396, "gamma": 558.2808235381945, "max_depth": 8.0, "min_child_weight": 4226.356652172929, "num_boost_round": 9.0, "subsample": 0.4653213828525753}, "datetime": {"datetime": "2024-01-20 14:46:00", "elapsed": 1326.976579, "delta": 0.002242}}
{"target": -12.349728520931523, "params": {"colsample_bytree": 0.9613059489547809, "eta": 0.018351021824905396, "gamma": 558.2808235381945, "max_depth": 8.0, "min_child_weight": 4226.356652172929, "num_boost_round": 10.0, "subsample": 0.4653213828525753}, "datetime": {"datetime": "2024-01-20 14:46:00", "elapsed": 1326.978952, "delta": 0.002373}}
{"target": -12.349157170896593, "params": {"colsample_bytree": 0.9613059489547809, "eta": 0.018351021824905396, "gamma": 558.2808235381945, "max_depth": 8.0, "min_child_weight": 4226.356652172929, "num_boost_round": 11.0, "subsample": 0.4653213828525753}, "datetime": {"datetime": "2024-01-20 14:46:00", "elapsed": 1326.981193, "delta": 0.002241}}
{"target": -12.348539399324796, "params": {"colsample_bytree": 0.9613059489547809, "eta": 0.018351021824905396, "gamma": 558.2808235381945, "max_depth": 8.0, "min_child_weight": 4226.356652172929, "num_boost_round": 12.0, "subsample": 0.4653213828525753}, "datetime": {"datetime": "2024-01-20 14:46:00", "elapsed": 1326.983476, "delta": 0.002283}}
{"target": -12.347889267924293, "params": {"colsample_bytree": 0.9613059489547809, "eta": 0.018351021824905396, "gamma": 558.2808235381945, "max_depth": 8.0, "min_child_weight": 4226.356652172929, "num_boost_round": 13.0, "subsample": 0.4653213828525753}, "datetime": {"datetime": "2024-01-20 14:46:00", "elapsed": 1326.985718, "delta": 0.002242}}
{"target": -12.34732306782594, "params": {"colsample_bytree": 0.9613059489547809, "eta": 0.018351021824905396, "gamma": 558.2808235381945, "max_depth": 8.0, "min_child_weight": 4226.356652172929, "num_boost_round": 14.0, "subsample": 0.4653213828525753}, "datetime": {"datetime": "2024-01-20 14:46:00", "elapsed": 1326.987979, "delta": 0.002261}}
{"target": -12.346872022269633, "params": {"colsample_bytree": 0.9613059489547809, "eta": 0.018351021824905396, "gamma": 558.2808235381945, "max_depth": 8.0, "min_child_weight": 4226.356652172929, "num_boost_round": 15.0, "subsample": 0.4653213828525753}, "datetime": {"datetime": "2024-01-20 14:46:00", "elapsed": 1326.990254, "delta": 0.002275}}
{"target": -12.346569899037426, "params": {"colsample_bytree": 0.9613059489547809, "eta": 0.018351021824905396, "gamma": 558.2808235381945, "max_depth": 8.0, "min_child_weight": 4226.356652172929, "num_boost_round": 16.0, "subsample": 0.4653213828525753}, "datetime": {"datetime": "2024-01-20 14:46:00", "elapsed": 1326.992644, "delta": 0.00239}}
{"target": -12.346161900062754, "params": {"colsample_bytree": 0.9613059489547809, "eta": 0.018351021824905396, "gamma": 558.2808235381945, "max_depth": 8.0, "min_child_weight": 4226.356652172929, "num_boost_round": 17.0, "subsample": 0.4653213828525753}, "datetime": {"datetime": "2024-01-20 14:46:00", "elapsed": 1326.99521, "delta": 0.002566}}
{"target": -12.346020683945383, "params": {"colsample_bytree": 0.9613059489547809, "eta": 0.018351021824905396, "gamma": 558.2808235381945, "max_depth": 8.0, "min_child_weight": 4226.356652172929, "num_boost_round": 18.0, "subsample": 0.4653213828525753}, "datetime": {"datetime": "2024-01-20 14:46:00", "elapsed": 1326.998202, "delta": 0.002992}}
