{"target": -13.399262448010482, "params": {"colsample_bytree": 0.5302870196862899, "eta": 0.03681557189092227, "gamma": 890.32888795887, "max_depth": 2.0, "min_child_weight": 3195.9915290817776, "num_boost_round": 8.0, "subsample": 0.9626028134720754}, "datetime": {"datetime": "2024-01-20 14:51:22", "elapsed": 1616.875757, "delta": 0.001708}}
{"target": -13.399700934283457, "params": {"colsample_bytree": 0.5302870196862899, "eta": 0.03681557189092227, "gamma": 890.32888795887, "max_depth": 2.0, "min_child_weight": 3195.9915290817776, "num_boost_round": 9.0, "subsample": 0.9626028134720754}, "datetime": {"datetime": "2024-01-20 14:51:22", "elapsed": 1616.877408, "delta": 0.001651}}
{"target": -13.399992842035381, "params": {"colsample_bytree": 0.5302870196862899, "eta": 0.03681557189092227, "gamma": 890.32888795887, "max_depth": 2.0, "min_child_weight": 3195.9915290817776, "num_boost_round": 10.0, "subsample": 0.9626028134720754}, "datetime": {"datetime": "2024-01-20 14:51:22", "elapsed": 1616.879189, "delta": 0.001781}}
{"target": -13.400314735354293, "params": {"colsample_bytree": 0.5302870196862899, "eta": 0.03681557189092227, "gamma": 890.32888795887, "max_depth": 2.0, "min_child_weight": 3195.9915290817776, "num_boost_round": 11.0, "subsample": 0.9626028134720754}, "datetime": {"datetime": "2024-01-20 14:51:22", "elapsed": 1616.88085, "delta": 0.001661}}
{"target": -13.400709367385431, "params": {"colsample_bytree": 0.5302870196862899, "eta": 0.03681557189092227, "gamma": 890.32888795887, "max_depth": 2.0, "min_child_weight": 3195.9915290817776, "num_boost_round": 12.0, "subsample": 0.9626028134720754}, "datetime": {"datetime": "2024-01-20 14:51:22", "elapsed": 1616.882577, "delta": 0.001727}}
{"target": -13.401046036742642, "params": {"colsample_bytree": 0.5302870196862899, "eta": 0.03681557189092227, "gamma": 890.32888795887, "max_depth": 2.0, "min_child_weight": 3195.9915290817776, "num_boost_round": 13.0, "subsample": 0.9626028134720754}, "datetime": {"datetime": "2024-01-20 14:51:22", "elapsed": 1616.884314, "delta": 0.001737}}
{"target": -13.401254315741848, "params": {"colsample_bytree": 0.5302870196862899, "eta": 0.03681557189092227, "gamma": 890.32888795887, "max_depth": 2.0, "min_child_weight": 3195.9915290817776, "num_boost_round": 14.0, "subsample": 0.9626028134720754}, "datetime": {"datetime": "2024-01-20 14:51:22", "elapsed": 1616.886051, "delta": 0.001737}}
{"target": -13.401598042411834, "params": {"colsample_bytree": 0.5302870196862899, "eta": 0.03681557189092227, "gamma": 890.32888795887, "max_depth": 2.0, "min_child_weight": 3195.9915290817776, "num_boost_round": 15.0, "subsample": 0.9626028134720754}, "datetime": {"datetime": "2024-01-20 14:51:22", "elapsed": 1616.88776, "delta": 0.001709}}
{"target": -13.401850813752706, "params": {"colsample_bytree": 0.5302870196862899, "eta": 0.03681557189092227, "gamma": 890.32888795887, "max_depth": 2.0, "min_child_weight": 3195.9915290817776, "num_boost_round": 16.0, "subsample": 0.9626028134720754}, "datetime": {"datetime": "2024-01-20 14:51:22", "elapsed": 1616.889698, "delta": 0.001938}}
{"target": -13.402223486206012, "params": {"colsample_bytree": 0.5302870196862899, "eta": 0.03681557189092227, "gamma": 890.32888795887, "max_depth": 2.0, "min_child_weight": 3195.9915290817776, "num_boost_round": 17.0, "subsample": 0.9626028134720754}, "datetime": {"datetime": "2024-01-20 14:51:22", "elapsed": 1616.891556, "delta": 0.001858}}
{"target": -13.402753888337594, "params": {"colsample_bytree": 0.5302870196862899, "eta": 0.03681557189092227, "gamma": 890.32888795887, "max_depth": 2.0, "min_child_weight": 3195.9915290817776, "num_boost_round": 18.0, "subsample": 0.9626028134720754}, "datetime": {"datetime": "2024-01-20 14:51:22", "elapsed": 1616.893437, "delta": 0.001881}}
{"target": -13.403153290430378, "params": {"colsample_bytree": 0.5302870196862899, "eta": 0.03681557189092227, "gamma": 890.32888795887, "max_depth": 2.0, "min_child_weight": 3195.9915290817776, "num_boost_round": 19.0, "subsample": 0.9626028134720754}, "datetime": {"datetime": "2024-01-20 14:51:22", "elapsed": 1616.89524, "delta": 0.001803}}
{"target": -13.403725188032094, "params": {"colsample_bytree": 0.5302870196862899, "eta": 0.03681557189092227, "gamma": 890.32888795887, "max_depth": 2.0, "min_child_weight": 3195.9915290817776, "num_boost_round": 20.0, "subsample": 0.9626028134720754}, "datetime": {"datetime": "2024-01-20 14:51:22", "elapsed": 1616.896955, "delta": 0.001715}}
{"target": -13.403838850211502, "params": {"colsample_bytree": 0.5302870196862899, "eta": 0.03681557189092227, "gamma": 890.32888795887, "max_depth": 2.0, "min_child_weight": 3195.9915290817776, "num_boost_round": 21.0, "subsample": 0.9626028134720754}, "datetime": {"datetime": "2024-01-20 14:51:22", "elapsed": 1616.898654, "delta": 0.001699}}
{"target": -13.404286497733015, "params": {"colsample_bytree": 0.5302870196862899, "eta": 0.03681557189092227, "gamma": 890.32888795887, "max_depth": 2.0, "min_child_weight": 3195.9915290817776, "num_boost_round": 22.0, "subsample": 0.9626028134720754}, "datetime": {"datetime": "2024-01-20 14:51:22", "elapsed": 1616.900307, "delta": 0.001653}}
{"target": -13.404566154379603, "params": {"colsample_bytree": 0.5302870196862899, "eta": 0.03681557189092227, "gamma": 890.32888795887, "max_depth": 2.0, "min_child_weight": 3195.9915290817776, "num_boost_round": 23.0, "subsample": 0.9626028134720754}, "datetime": {"datetime": "2024-01-20 14:51:22", "elapsed": 1616.902068, "delta": 0.001761}}
{"target": -13.404905932024233, "params": {"colsample_bytree": 0.5302870196862899, "eta": 0.03681557189092227, "gamma": 890.32888795887, "max_depth": 2.0, "min_child_weight": 3195.9915290817776, "num_boost_round": 24.0, "subsample": 0.9626028134720754}, "datetime": {"datetime": "2024-01-20 14:51:22", "elapsed": 1616.90374, "delta": 0.001672}}
{"target": -13.405229746757254, "params": {"colsample_bytree": 0.5302870196862899, "eta": 0.03681557189092227, "gamma": 890.32888795887, "max_depth": 2.0, "min_child_weight": 3195.9915290817776, "num_boost_round": 25.0, "subsample": 0.9626028134720754}, "datetime": {"datetime": "2024-01-20 14:51:22", "elapsed": 1616.905398, "delta": 0.001658}}
{"target": -13.405558696252648, "params": {"colsample_bytree": 0.5302870196862899, "eta": 0.03681557189092227, "gamma": 890.32888795887, "max_depth": 2.0, "min_child_weight": 3195.9915290817776, "num_boost_round": 26.0, "subsample": 0.9626028134720754}, "datetime": {"datetime": "2024-01-20 14:51:22", "elapsed": 1616.907056, "delta": 0.001658}}
{"target": -13.405806565041726, "params": {"colsample_bytree": 0.5302870196862899, "eta": 0.03681557189092227, "gamma": 890.32888795887, "max_depth": 2.0, "min_child_weight": 3195.9915290817776, "num_boost_round": 27.0, "subsample": 0.9626028134720754}, "datetime": {"datetime": "2024-01-20 14:51:22", "elapsed": 1616.908843, "delta": 0.001787}}
{"target": -13.406308187911737, "params": {"colsample_bytree": 0.5302870196862899, "eta": 0.03681557189092227, "gamma": 890.32888795887, "max_depth": 2.0, "min_child_weight": 3195.9915290817776, "num_boost_round": 28.0, "subsample": 0.9626028134720754}, "datetime": {"datetime": "2024-01-20 14:51:22", "elapsed": 1616.910558, "delta": 0.001715}}
{"target": -13.406557573589907, "params": {"colsample_bytree": 0.5302870196862899, "eta": 0.03681557189092227, "gamma": 890.32888795887, "max_depth": 2.0, "min_child_weight": 3195.9915290817776, "num_boost_round": 29.0, "subsample": 0.9626028134720754}, "datetime": {"datetime": "2024-01-20 14:51:22", "elapsed": 1616.912257, "delta": 0.001699}}
{"target": -13.406808310182893, "params": {"colsample_bytree": 0.5302870196862899, "eta": 0.03681557189092227, "gamma": 890.32888795887, "max_depth": 2.0, "min_child_weight": 3195.9915290817776, "num_boost_round": 30.0, "subsample": 0.9626028134720754}, "datetime": {"datetime": "2024-01-20 14:51:22", "elapsed": 1616.913964, "delta": 0.001707}}
{"target": -13.407213941704335, "params": {"colsample_bytree": 0.5302870196862899, "eta": 0.03681557189092227, "gamma": 890.32888795887, "max_depth": 2.0, "min_child_weight": 3195.9915290817776, "num_boost_round": 31.0, "subsample": 0.9626028134720754}, "datetime": {"datetime": "2024-01-20 14:51:22", "elapsed": 1616.915671, "delta": 0.001707}}
{"target": -13.40752437802017, "params": {"colsample_bytree": 0.5302870196862899, "eta": 0.03681557189092227, "gamma": 890.32888795887, "max_depth": 2.0, "min_child_weight": 3195.9915290817776, "num_boost_round": 32.0, "subsample": 0.9626028134720754}, "datetime": {"datetime": "2024-01-20 14:51:22", "elapsed": 1616.917337, "delta": 0.001666}}
{"target": -13.407763777563346, "params": {"colsample_bytree": 0.5302870196862899, "eta": 0.03681557189092227, "gamma": 890.32888795887, "max_depth": 2.0, "min_child_weight": 3195.9915290817776, "num_boost_round": 33.0, "subsample": 0.9626028134720754}, "datetime": {"datetime": "2024-01-20 14:51:22", "elapsed": 1616.919132, "delta": 0.001795}}
{"target": -13.408087828301175, "params": {"colsample_bytree": 0.5302870196862899, "eta": 0.03681557189092227, "gamma": 890.32888795887, "max_depth": 2.0, "min_child_weight": 3195.9915290817776, "num_boost_round": 34.0, "subsample": 0.9626028134720754}, "datetime": {"datetime": "2024-01-20 14:51:22", "elapsed": 1616.920797, "delta": 0.001665}}
{"target": -13.408296727291752, "params": {"colsample_bytree": 0.5302870196862899, "eta": 0.03681557189092227, "gamma": 890.32888795887, "max_depth": 2.0, "min_child_weight": 3195.9915290817776, "num_boost_round": 35.0, "subsample": 0.9626028134720754}, "datetime": {"datetime": "2024-01-20 14:51:22", "elapsed": 1616.922487, "delta": 0.00169}}
{"target": -13.408583417685572, "params": {"colsample_bytree": 0.5302870196862899, "eta": 0.03681557189092227, "gamma": 890.32888795887, "max_depth": 2.0, "min_child_weight": 3195.9915290817776, "num_boost_round": 36.0, "subsample": 0.9626028134720754}, "datetime": {"datetime": "2024-01-20 14:51:22", "elapsed": 1616.924182, "delta": 0.001695}}
{"target": -13.408698066932532, "params": {"colsample_bytree": 0.5302870196862899, "eta": 0.03681557189092227, "gamma": 890.32888795887, "max_depth": 2.0, "min_child_weight": 3195.9915290817776, "num_boost_round": 37.0, "subsample": 0.9626028134720754}, "datetime": {"datetime": "2024-01-20 14:51:22", "elapsed": 1616.925877, "delta": 0.001695}}
{"target": -13.408884037315708, "params": {"colsample_bytree": 0.5302870196862899, "eta": 0.03681557189092227, "gamma": 890.32888795887, "max_depth": 2.0, "min_child_weight": 3195.9915290817776, "num_boost_round": 38.0, "subsample": 0.9626028134720754}, "datetime": {"datetime": "2024-01-20 14:51:22", "elapsed": 1616.927548, "delta": 0.001671}}
{"target": -13.409198277869962, "params": {"colsample_bytree": 0.5302870196862899, "eta": 0.03681557189092227, "gamma": 890.32888795887, "max_depth": 2.0, "min_child_weight": 3195.9915290817776, "num_boost_round": 39.0, "subsample": 0.9626028134720754}, "datetime": {"datetime": "2024-01-20 14:51:22", "elapsed": 1616.929423, "delta": 0.001875}}
{"target": -13.40946761395216, "params": {"colsample_bytree": 0.5302870196862899, "eta": 0.03681557189092227, "gamma": 890.32888795887, "max_depth": 2.0, "min_child_weight": 3195.9915290817776, "num_boost_round": 40.0, "subsample": 0.9626028134720754}, "datetime": {"datetime": "2024-01-20 14:51:22", "elapsed": 1616.931123, "delta": 0.0017}}
{"target": -13.409617211223665, "params": {"colsample_bytree": 0.5302870196862899, "eta": 0.03681557189092227, "gamma": 890.32888795887, "max_depth": 2.0, "min_child_weight": 3195.9915290817776, "num_boost_round": 41.0, "subsample": 0.9626028134720754}, "datetime": {"datetime": "2024-01-20 14:51:22", "elapsed": 1616.932866, "delta": 0.001743}}
{"target": -13.409907880837682, "params": {"colsample_bytree": 0.5302870196862899, "eta": 0.03681557189092227, "gamma": 890.32888795887, "max_depth": 2.0, "min_child_weight": 3195.9915290817776, "num_boost_round": 42.0, "subsample": 0.9626028134720754}, "datetime": {"datetime": "2024-01-20 14:51:22", "elapsed": 1616.934568, "delta": 0.001702}}
{"target": -13.410026782924854, "params": {"colsample_bytree": 0.5302870196862899, "eta": 0.03681557189092227, "gamma": 890.32888795887, "max_depth": 2.0, "min_child_weight": 3195.9915290817776, "num_boost_round": 43.0, "subsample": 0.9626028134720754}, "datetime": {"datetime": "2024-01-20 14:51:22", "elapsed": 1616.936282, "delta": 0.001714}}
{"target": -13.410396063318883, "params": {"colsample_bytree": 0.5302870196862899, "eta": 0.03681557189092227, "gamma": 890.32888795887, "max_depth": 2.0, "min_child_weight": 3195.9915290817776, "num_boost_round": 44.0, "subsample": 0.9626028134720754}, "datetime": {"datetime": "2024-01-20 14:51:22", "elapsed": 1616.938014, "delta": 0.001732}}
{"target": -13.410547603825046, "params": {"colsample_bytree": 0.5302870196862899, "eta": 0.03681557189092227, "gamma": 890.32888795887, "max_depth": 2.0, "min_child_weight": 3195.9915290817776, "num_boost_round": 45.0, "subsample": 0.9626028134720754}, "datetime": {"datetime": "2024-01-20 14:51:22", "elapsed": 1616.939838, "delta": 0.001824}}
{"target": -13.410665797268514, "params": {"colsample_bytree": 0.5302870196862899, "eta": 0.03681557189092227, "gamma": 890.32888795887, "max_depth": 2.0, "min_child_weight": 3195.9915290817776, "num_boost_round": 46.0, "subsample": 0.9626028134720754}, "datetime": {"datetime": "2024-01-20 14:51:22", "elapsed": 1616.94154, "delta": 0.001702}}
{"target": -13.410621203639252, "params": {"colsample_bytree": 0.5302870196862899, "eta": 0.03681557189092227, "gamma": 890.32888795887, "max_depth": 2.0, "min_child_weight": 3195.9915290817776, "num_boost_round": 47.0, "subsample": 0.9626028134720754}, "datetime": {"datetime": "2024-01-20 14:51:22", "elapsed": 1616.943288, "delta": 0.001748}}
{"target": -13.41089614921144, "params": {"colsample_bytree": 0.5302870196862899, "eta": 0.03681557189092227, "gamma": 890.32888795887, "max_depth": 2.0, "min_child_weight": 3195.9915290817776, "num_boost_round": 48.0, "subsample": 0.9626028134720754}, "datetime": {"datetime": "2024-01-20 14:51:22", "elapsed": 1616.944995, "delta": 0.001707}}
{"target": -13.41110548838226, "params": {"colsample_bytree": 0.5302870196862899, "eta": 0.03681557189092227, "gamma": 890.32888795887, "max_depth": 2.0, "min_child_weight": 3195.9915290817776, "num_boost_round": 49.0, "subsample": 0.9626028134720754}, "datetime": {"datetime": "2024-01-20 14:51:22", "elapsed": 1616.946697, "delta": 0.001702}}
{"target": -13.411356963617536, "params": {"colsample_bytree": 0.5302870196862899, "eta": 0.03681557189092227, "gamma": 890.32888795887, "max_depth": 2.0, "min_child_weight": 3195.9915290817776, "num_boost_round": 50.0, "subsample": 0.9626028134720754}, "datetime": {"datetime": "2024-01-20 14:51:22", "elapsed": 1616.948582, "delta": 0.001885}}
{"target": -13.411630696987395, "params": {"colsample_bytree": 0.5302870196862899, "eta": 0.03681557189092227, "gamma": 890.32888795887, "max_depth": 2.0, "min_child_weight": 3195.9915290817776, "num_boost_round": 51.0, "subsample": 0.9626028134720754}, "datetime": {"datetime": "2024-01-20 14:51:22", "elapsed": 1616.950336, "delta": 0.001754}}
{"target": -13.411917471323601, "params": {"colsample_bytree": 0.5302870196862899, "eta": 0.03681557189092227, "gamma": 890.32888795887, "max_depth": 2.0, "min_child_weight": 3195.9915290817776, "num_boost_round": 52.0, "subsample": 0.9626028134720754}, "datetime": {"datetime": "2024-01-20 14:51:22", "elapsed": 1616.952047, "delta": 0.001711}}
{"target": -13.412171485028697, "params": {"colsample_bytree": 0.5302870196862899, "eta": 0.03681557189092227, "gamma": 890.32888795887, "max_depth": 2.0, "min_child_weight": 3195.9915290817776, "num_boost_round": 53.0, "subsample": 0.9626028134720754}, "datetime": {"datetime": "2024-01-20 14:51:22", "elapsed": 1616.953811, "delta": 0.001764}}
{"target": -13.41228399515403, "params": {"colsample_bytree": 0.5302870196862899, "eta": 0.03681557189092227, "gamma": 890.32888795887, "max_depth": 2.0, "min_child_weight": 3195.9915290817776, "num_boost_round": 54.0, "subsample": 0.9626028134720754}, "datetime": {"datetime": "2024-01-20 14:51:22", "elapsed": 1616.95552, "delta": 0.001709}}
{"target": -13.412458749162088, "params": {"colsample_bytree": 0.5302870196862899, "eta": 0.03681557189092227, "gamma": 890.32888795887, "max_depth": 2.0, "min_child_weight": 3195.9915290817776, "num_boost_round": 55.0, "subsample": 0.9626028134720754}, "datetime": {"datetime": "2024-01-20 14:51:22", "elapsed": 1616.957248, "delta": 0.001728}}
{"target": -13.412737396726218, "params": {"colsample_bytree": 0.5302870196862899, "eta": 0.03681557189092227, "gamma": 890.32888795887, "max_depth": 2.0, "min_child_weight": 3195.9915290817776, "num_boost_round": 56.0, "subsample": 0.9626028134720754}, "datetime": {"datetime": "2024-01-20 14:51:22", "elapsed": 1616.959029, "delta": 0.001781}}
{"target": -13.412947595247001, "params": {"colsample_bytree": 0.5302870196862899, "eta": 0.03681557189092227, "gamma": 890.32888795887, "max_depth": 2.0, "min_child_weight": 3195.9915290817776, "num_boost_round": 57.0, "subsample": 0.9626028134720754}, "datetime": {"datetime": "2024-01-20 14:51:22", "elapsed": 1616.960774, "delta": 0.001745}}
{"target": -13.413203127515239, "params": {"colsample_bytree": 0.5302870196862899, "eta": 0.03681557189092227, "gamma": 890.32888795887, "max_depth": 2.0, "min_child_weight": 3195.9915290817776, "num_boost_round": 58.0, "subsample": 0.9626028134720754}, "datetime": {"datetime": "2024-01-20 14:51:22", "elapsed": 1616.962492, "delta": 0.001718}}
{"target": -13.413299658184581, "params": {"colsample_bytree": 0.5302870196862899, "eta": 0.03681557189092227, "gamma": 890.32888795887, "max_depth": 2.0, "min_child_weight": 3195.9915290817776, "num_boost_round": 59.0, "subsample": 0.9626028134720754}, "datetime": {"datetime": "2024-01-20 14:51:22", "elapsed": 1616.964233, "delta": 0.001741}}
{"target": -13.413520758517437, "params": {"colsample_bytree": 0.5302870196862899, "eta": 0.03681557189092227, "gamma": 890.32888795887, "max_depth": 2.0, "min_child_weight": 3195.9915290817776, "num_boost_round": 60.0, "subsample": 0.9626028134720754}, "datetime": {"datetime": "2024-01-20 14:51:22", "elapsed": 1616.96611, "delta": 0.001877}}
{"target": -13.413637774994335, "params": {"colsample_bytree": 0.5302870196862899, "eta": 0.03681557189092227, "gamma": 890.32888795887, "max_depth": 2.0, "min_child_weight": 3195.9915290817776, "num_boost_round": 61.0, "subsample": 0.9626028134720754}, "datetime": {"datetime": "2024-01-20 14:51:22", "elapsed": 1616.968132, "delta": 0.002022}}
{"target": -13.413743768576206, "params": {"colsample_bytree": 0.5302870196862899, "eta": 0.03681557189092227, "gamma": 890.32888795887, "max_depth": 2.0, "min_child_weight": 3195.9915290817776, "num_boost_round": 62.0, "subsample": 0.9626028134720754}, "datetime": {"datetime": "2024-01-20 14:51:22", "elapsed": 1616.970698, "delta": 0.002566}}
{"target": -13.413917934478746, "params": {"colsample_bytree": 0.5302870196862899, "eta": 0.03681557189092227, "gamma": 890.32888795887, "max_depth": 2.0, "min_child_weight": 3195.9915290817776, "num_boost_round": 63.0, "subsample": 0.9626028134720754}, "datetime": {"datetime": "2024-01-20 14:51:22", "elapsed": 1616.97297, "delta": 0.002272}}
{"target": -13.41417514741976, "params": {"colsample_bytree": 0.5302870196862899, "eta": 0.03681557189092227, "gamma": 890.32888795887, "max_depth": 2.0, "min_child_weight": 3195.9915290817776, "num_boost_round": 64.0, "subsample": 0.9626028134720754}, "datetime": {"datetime": "2024-01-20 14:51:22", "elapsed": 1616.975238, "delta": 0.002268}}
{"target": -13.414265313370391, "params": {"colsample_bytree": 0.5302870196862899, "eta": 0.03681557189092227, "gamma": 890.32888795887, "max_depth": 2.0, "min_child_weight": 3195.9915290817776, "num_boost_round": 65.0, "subsample": 0.9626028134720754}, "datetime": {"datetime": "2024-01-20 14:51:22", "elapsed": 1616.97707, "delta": 0.001832}}
{"target": -13.414477868075766, "params": {"colsample_bytree": 0.5302870196862899, "eta": 0.03681557189092227, "gamma": 890.32888795887, "max_depth": 2.0, "min_child_weight": 3195.9915290817776, "num_boost_round": 66.0, "subsample": 0.9626028134720754}, "datetime": {"datetime": "2024-01-20 14:51:22", "elapsed": 1616.979032, "delta": 0.001962}}
{"target": -13.414612617875733, "params": {"colsample_bytree": 0.5302870196862899, "eta": 0.03681557189092227, "gamma": 890.32888795887, "max_depth": 2.0, "min_child_weight": 3195.9915290817776, "num_boost_round": 67.0, "subsample": 0.9626028134720754}, "datetime": {"datetime": "2024-01-20 14:51:22", "elapsed": 1616.980799, "delta": 0.001767}}
{"target": -13.414635382275765, "params": {"colsample_bytree": 0.5302870196862899, "eta": 0.03681557189092227, "gamma": 890.32888795887, "max_depth": 2.0, "min_child_weight": 3195.9915290817776, "num_boost_round": 68.0, "subsample": 0.9626028134720754}, "datetime": {"datetime": "2024-01-20 14:51:22", "elapsed": 1616.982575, "delta": 0.001776}}
{"target": -13.41474360714075, "params": {"colsample_bytree": 0.5302870196862899, "eta": 0.03681557189092227, "gamma": 890.32888795887, "max_depth": 2.0, "min_child_weight": 3195.9915290817776, "num_boost_round": 69.0, "subsample": 0.9626028134720754}, "datetime": {"datetime": "2024-01-20 14:51:22", "elapsed": 1616.984335, "delta": 0.00176}}
{"target": -13.414845870724967, "params": {"colsample_bytree": 0.5302870196862899, "eta": 0.03681557189092227, "gamma": 890.32888795887, "max_depth": 2.0, "min_child_weight": 3195.9915290817776, "num_boost_round": 70.0, "subsample": 0.9626028134720754}, "datetime": {"datetime": "2024-01-20 14:51:22", "elapsed": 1616.986171, "delta": 0.001836}}
