{"target": -19.14866875942778, "params": {"colsample_bytree": 0.6486033967234259, "eta": 0.049899912795536315, "gamma": 109.02150622964845, "max_depth": 9.0, "min_child_weight": 4529.436423411134, "num_boost_round": 15.0, "subsample": 0.6003840653200302}, "datetime": {"datetime": "2024-01-20 16:16:19", "elapsed": 6747.013569, "delta": 0.004773}}
{"target": -19.148741544163812, "params": {"colsample_bytree": 0.6486033967234259, "eta": 0.049899912795536315, "gamma": 109.02150622964845, "max_depth": 9.0, "min_child_weight": 4529.436423411134, "num_boost_round": 16.0, "subsample": 0.6003840653200302}, "datetime": {"datetime": "2024-01-20 16:16:19", "elapsed": 6747.08652, "delta": 0.072951}}
{"target": -19.149037239524233, "params": {"colsample_bytree": 0.6486033967234259, "eta": 0.049899912795536315, "gamma": 109.02150622964845, "max_depth": 9.0, "min_child_weight": 4529.436423411134, "num_boost_round": 17.0, "subsample": 0.6003840653200302}, "datetime": {"datetime": "2024-01-20 16:16:19", "elapsed": 6747.09145, "delta": 0.00493}}
{"target": -19.14981045276455, "params": {"colsample_bytree": 0.6486033967234259, "eta": 0.049899912795536315, "gamma": 109.02150622964845, "max_depth": 9.0, "min_child_weight": 4529.436423411134, "num_boost_round": 18.0, "subsample": 0.6003840653200302}, "datetime": {"datetime": "2024-01-20 16:16:19", "elapsed": 6747.096445, "delta": 0.004995}}
{"target": -19.150496084905516, "params": {"colsample_bytree": 0.6486033967234259, "eta": 0.049899912795536315, "gamma": 109.02150622964845, "max_depth": 9.0, "min_child_weight": 4529.436423411134, "num_boost_round": 19.0, "subsample": 0.6003840653200302}, "datetime": {"datetime": "2024-01-20 16:16:19", "elapsed": 6747.101238, "delta": 0.004793}}
{"target": -19.143547321788958, "params": {"colsample_bytree": 0.44860748218411706, "eta": 0.08760833145243567, "gamma": 118.43622225396288, "max_depth": 4.0, "min_child_weight": 3586.7558177252954, "num_boost_round": 1.0, "subsample": 0.6169610795575552}, "datetime": {"datetime": "2024-01-20 16:18:51", "elapsed": 6899.17551, "delta": 152.074272}}
{"target": -19.14382976606854, "params": {"colsample_bytree": 0.44860748218411706, "eta": 0.08760833145243567, "gamma": 118.43622225396288, "max_depth": 4.0, "min_child_weight": 3586.7558177252954, "num_boost_round": 2.0, "subsample": 0.6169610795575552}, "datetime": {"datetime": "2024-01-20 16:18:51", "elapsed": 6899.197225, "delta": 0.021715}}
{"target": -19.144039953855845, "params": {"colsample_bytree": 0.44860748218411706, "eta": 0.08760833145243567, "gamma": 118.43622225396288, "max_depth": 4.0, "min_child_weight": 3586.7558177252954, "num_boost_round": 3.0, "subsample": 0.6169610795575552}, "datetime": {"datetime": "2024-01-20 16:18:51", "elapsed": 6899.203995, "delta": 0.00677}}
{"target": -19.143508473027662, "params": {"colsample_bytree": 0.44860748218411706, "eta": 0.08760833145243567, "gamma": 118.43622225396288, "max_depth": 4.0, "min_child_weight": 3586.7558177252954, "num_boost_round": 4.0, "subsample": 0.6169610795575552}, "datetime": {"datetime": "2024-01-20 16:18:51", "elapsed": 6899.210281, "delta": 0.006286}}
{"target": -19.144008930307727, "params": {"colsample_bytree": 0.6766201168715974, "eta": 0.09718579272941061, "gamma": 65.06510634301999, "max_depth": 7.0, "min_child_weight": 3610.0072352012958, "num_boost_round": 1.0, "subsample": 0.5524105700453236}, "datetime": {"datetime": "2024-01-20 16:21:15", "elapsed": 7043.367618, "delta": 144.157337}}
{"target": -19.14419884664688, "params": {"colsample_bytree": 0.6766201168715974, "eta": 0.09718579272941061, "gamma": 65.06510634301999, "max_depth": 7.0, "min_child_weight": 3610.0072352012958, "num_boost_round": 2.0, "subsample": 0.5524105700453236}, "datetime": {"datetime": "2024-01-20 16:21:15", "elapsed": 7043.373912, "delta": 0.006294}}
{"target": -19.143066442938242, "params": {"colsample_bytree": 0.2471577608753049, "eta": 0.08307968280360838, "gamma": 147.55864028432597, "max_depth": 9.0, "min_child_weight": 3517.788640830202, "num_boost_round": 1.0, "subsample": 0.12371065595582631}, "datetime": {"datetime": "2024-01-20 16:22:21", "elapsed": 7109.127698, "delta": 65.753786}}
{"target": -19.14265552312227, "params": {"colsample_bytree": 0.2471577608753049, "eta": 0.08307968280360838, "gamma": 147.55864028432597, "max_depth": 9.0, "min_child_weight": 3517.788640830202, "num_boost_round": 2.0, "subsample": 0.12371065595582631}, "datetime": {"datetime": "2024-01-20 16:22:21", "elapsed": 7109.133967, "delta": 0.006269}}
{"target": -19.142886181810397, "params": {"colsample_bytree": 0.2471577608753049, "eta": 0.08307968280360838, "gamma": 147.55864028432597, "max_depth": 9.0, "min_child_weight": 3517.788640830202, "num_boost_round": 3.0, "subsample": 0.12371065595582631}, "datetime": {"datetime": "2024-01-20 16:22:21", "elapsed": 7109.151973, "delta": 0.018006}}
{"target": -19.14212689517606, "params": {"colsample_bytree": 0.2471577608753049, "eta": 0.08307968280360838, "gamma": 147.55864028432597, "max_depth": 9.0, "min_child_weight": 3517.788640830202, "num_boost_round": 4.0, "subsample": 0.12371065595582631}, "datetime": {"datetime": "2024-01-20 16:22:21", "elapsed": 7109.156775, "delta": 0.004802}}
{"target": -19.1420474753562, "params": {"colsample_bytree": 0.2471577608753049, "eta": 0.08307968280360838, "gamma": 147.55864028432597, "max_depth": 9.0, "min_child_weight": 3517.788640830202, "num_boost_round": 5.0, "subsample": 0.12371065595582631}, "datetime": {"datetime": "2024-01-20 16:22:21", "elapsed": 7109.161617, "delta": 0.004842}}
{"target": -19.14197161798113, "params": {"colsample_bytree": 0.2471577608753049, "eta": 0.08307968280360838, "gamma": 147.55864028432597, "max_depth": 9.0, "min_child_weight": 3517.788640830202, "num_boost_round": 6.0, "subsample": 0.12371065595582631}, "datetime": {"datetime": "2024-01-20 16:22:21", "elapsed": 7109.166611, "delta": 0.004994}}
{"target": -19.14215062029345, "params": {"colsample_bytree": 0.2471577608753049, "eta": 0.08307968280360838, "gamma": 147.55864028432597, "max_depth": 9.0, "min_child_weight": 3517.788640830202, "num_boost_round": 7.0, "subsample": 0.12371065595582631}, "datetime": {"datetime": "2024-01-20 16:22:21", "elapsed": 7109.171626, "delta": 0.005015}}
{"target": -19.143184995972838, "params": {"colsample_bytree": 0.2956570770960071, "eta": 0.05375612463451243, "gamma": 105.20972425054798, "max_depth": 4.0, "min_child_weight": 3538.7014913617136, "num_boost_round": 1.0, "subsample": 0.38482123454115214}, "datetime": {"datetime": "2024-01-20 16:24:23", "elapsed": 7231.672097, "delta": 122.500471}}
{"target": -19.1433857631432, "params": {"colsample_bytree": 0.2956570770960071, "eta": 0.05375612463451243, "gamma": 105.20972425054798, "max_depth": 4.0, "min_child_weight": 3538.7014913617136, "num_boost_round": 2.0, "subsample": 0.38482123454115214}, "datetime": {"datetime": "2024-01-20 16:24:23", "elapsed": 7231.680902, "delta": 0.008805}}
{"target": -19.1435173295213, "params": {"colsample_bytree": 0.2956570770960071, "eta": 0.05375612463451243, "gamma": 105.20972425054798, "max_depth": 4.0, "min_child_weight": 3538.7014913617136, "num_boost_round": 3.0, "subsample": 0.38482123454115214}, "datetime": {"datetime": "2024-01-20 16:24:23", "elapsed": 7231.69005, "delta": 0.009148}}
{"target": -19.143204016904612, "params": {"colsample_bytree": 0.2956570770960071, "eta": 0.05375612463451243, "gamma": 105.20972425054798, "max_depth": 4.0, "min_child_weight": 3538.7014913617136, "num_boost_round": 4.0, "subsample": 0.38482123454115214}, "datetime": {"datetime": "2024-01-20 16:24:23", "elapsed": 7231.697385, "delta": 0.007335}}
{"target": -19.14332519854454, "params": {"colsample_bytree": 0.2956570770960071, "eta": 0.05375612463451243, "gamma": 105.20972425054798, "max_depth": 4.0, "min_child_weight": 3538.7014913617136, "num_boost_round": 5.0, "subsample": 0.38482123454115214}, "datetime": {"datetime": "2024-01-20 16:24:23", "elapsed": 7231.704797, "delta": 0.007412}}
{"target": -19.143165301426386, "params": {"colsample_bytree": 0.2956570770960071, "eta": 0.05375612463451243, "gamma": 105.20972425054798, "max_depth": 4.0, "min_child_weight": 3538.7014913617136, "num_boost_round": 6.0, "subsample": 0.38482123454115214}, "datetime": {"datetime": "2024-01-20 16:24:23", "elapsed": 7231.712647, "delta": 0.00785}}
{"target": -19.143324602234806, "params": {"colsample_bytree": 0.2956570770960071, "eta": 0.05375612463451243, "gamma": 105.20972425054798, "max_depth": 4.0, "min_child_weight": 3538.7014913617136, "num_boost_round": 7.0, "subsample": 0.38482123454115214}, "datetime": {"datetime": "2024-01-20 16:24:23", "elapsed": 7231.719754, "delta": 0.007107}}
{"target": -19.143563111384225, "params": {"colsample_bytree": 0.2956570770960071, "eta": 0.05375612463451243, "gamma": 105.20972425054798, "max_depth": 4.0, "min_child_weight": 3538.7014913617136, "num_boost_round": 8.0, "subsample": 0.38482123454115214}, "datetime": {"datetime": "2024-01-20 16:24:23", "elapsed": 7231.727586, "delta": 0.007832}}
{"target": -19.143907714210656, "params": {"colsample_bytree": 0.2956570770960071, "eta": 0.05375612463451243, "gamma": 105.20972425054798, "max_depth": 4.0, "min_child_weight": 3538.7014913617136, "num_boost_round": 9.0, "subsample": 0.38482123454115214}, "datetime": {"datetime": "2024-01-20 16:24:23", "elapsed": 7231.734666, "delta": 0.00708}}
{"target": -19.14404665377911, "params": {"colsample_bytree": 0.2956570770960071, "eta": 0.05375612463451243, "gamma": 105.20972425054798, "max_depth": 4.0, "min_child_weight": 3538.7014913617136, "num_boost_round": 10.0, "subsample": 0.38482123454115214}, "datetime": {"datetime": "2024-01-20 16:24:23", "elapsed": 7231.742393, "delta": 0.007727}}
{"target": -19.143871864741364, "params": {"colsample_bytree": 0.2956570770960071, "eta": 0.05375612463451243, "gamma": 105.20972425054798, "max_depth": 4.0, "min_child_weight": 3538.7014913617136, "num_boost_round": 11.0, "subsample": 0.38482123454115214}, "datetime": {"datetime": "2024-01-20 16:24:23", "elapsed": 7231.749844, "delta": 0.007451}}
{"target": -19.144210351024665, "params": {"colsample_bytree": 0.2956570770960071, "eta": 0.05375612463451243, "gamma": 105.20972425054798, "max_depth": 4.0, "min_child_weight": 3538.7014913617136, "num_boost_round": 12.0, "subsample": 0.38482123454115214}, "datetime": {"datetime": "2024-01-20 16:24:23", "elapsed": 7231.757078, "delta": 0.007234}}
{"target": -19.144568118336373, "params": {"colsample_bytree": 0.2956570770960071, "eta": 0.05375612463451243, "gamma": 105.20972425054798, "max_depth": 4.0, "min_child_weight": 3538.7014913617136, "num_boost_round": 13.0, "subsample": 0.38482123454115214}, "datetime": {"datetime": "2024-01-20 16:24:23", "elapsed": 7231.764199, "delta": 0.007121}}
{"target": -19.144947382216625, "params": {"colsample_bytree": 0.2956570770960071, "eta": 0.05375612463451243, "gamma": 105.20972425054798, "max_depth": 4.0, "min_child_weight": 3538.7014913617136, "num_boost_round": 14.0, "subsample": 0.38482123454115214}, "datetime": {"datetime": "2024-01-20 16:24:23", "elapsed": 7231.771928, "delta": 0.007729}}
{"target": -19.145285405022868, "params": {"colsample_bytree": 0.2956570770960071, "eta": 0.05375612463451243, "gamma": 105.20972425054798, "max_depth": 4.0, "min_child_weight": 3538.7014913617136, "num_boost_round": 15.0, "subsample": 0.38482123454115214}, "datetime": {"datetime": "2024-01-20 16:24:23", "elapsed": 7231.778753, "delta": 0.006825}}
{"target": -19.145148950805925, "params": {"colsample_bytree": 0.2956570770960071, "eta": 0.05375612463451243, "gamma": 105.20972425054798, "max_depth": 4.0, "min_child_weight": 3538.7014913617136, "num_boost_round": 16.0, "subsample": 0.38482123454115214}, "datetime": {"datetime": "2024-01-20 16:24:23", "elapsed": 7231.78663, "delta": 0.007877}}
{"target": -19.145602914287096, "params": {"colsample_bytree": 0.2956570770960071, "eta": 0.05375612463451243, "gamma": 105.20972425054798, "max_depth": 4.0, "min_child_weight": 3538.7014913617136, "num_boost_round": 17.0, "subsample": 0.38482123454115214}, "datetime": {"datetime": "2024-01-20 16:24:23", "elapsed": 7231.794236, "delta": 0.007606}}
{"target": -19.145552843468522, "params": {"colsample_bytree": 0.2956570770960071, "eta": 0.05375612463451243, "gamma": 105.20972425054798, "max_depth": 4.0, "min_child_weight": 3538.7014913617136, "num_boost_round": 18.0, "subsample": 0.38482123454115214}, "datetime": {"datetime": "2024-01-20 16:24:23", "elapsed": 7231.802159, "delta": 0.007923}}
{"target": -19.145765370851993, "params": {"colsample_bytree": 0.2956570770960071, "eta": 0.05375612463451243, "gamma": 105.20972425054798, "max_depth": 4.0, "min_child_weight": 3538.7014913617136, "num_boost_round": 19.0, "subsample": 0.38482123454115214}, "datetime": {"datetime": "2024-01-20 16:24:23", "elapsed": 7231.809599, "delta": 0.00744}}
{"target": -19.14583830144148, "params": {"colsample_bytree": 0.2956570770960071, "eta": 0.05375612463451243, "gamma": 105.20972425054798, "max_depth": 4.0, "min_child_weight": 3538.7014913617136, "num_boost_round": 20.0, "subsample": 0.38482123454115214}, "datetime": {"datetime": "2024-01-20 16:24:23", "elapsed": 7231.817017, "delta": 0.007418}}
{"target": -19.146229073371337, "params": {"colsample_bytree": 0.2956570770960071, "eta": 0.05375612463451243, "gamma": 105.20972425054798, "max_depth": 4.0, "min_child_weight": 3538.7014913617136, "num_boost_round": 21.0, "subsample": 0.38482123454115214}, "datetime": {"datetime": "2024-01-20 16:24:23", "elapsed": 7231.824371, "delta": 0.007354}}
{"target": -19.146587572508977, "params": {"colsample_bytree": 0.2956570770960071, "eta": 0.05375612463451243, "gamma": 105.20972425054798, "max_depth": 4.0, "min_child_weight": 3538.7014913617136, "num_boost_round": 22.0, "subsample": 0.38482123454115214}, "datetime": {"datetime": "2024-01-20 16:24:23", "elapsed": 7231.831732, "delta": 0.007361}}
{"target": -19.14619514851348, "params": {"colsample_bytree": 0.2956570770960071, "eta": 0.05375612463451243, "gamma": 105.20972425054798, "max_depth": 4.0, "min_child_weight": 3538.7014913617136, "num_boost_round": 23.0, "subsample": 0.38482123454115214}, "datetime": {"datetime": "2024-01-20 16:24:23", "elapsed": 7231.838996, "delta": 0.007264}}
{"target": -19.146244262788425, "params": {"colsample_bytree": 0.2956570770960071, "eta": 0.05375612463451243, "gamma": 105.20972425054798, "max_depth": 4.0, "min_child_weight": 3538.7014913617136, "num_boost_round": 24.0, "subsample": 0.38482123454115214}, "datetime": {"datetime": "2024-01-20 16:24:23", "elapsed": 7231.846335, "delta": 0.007339}}
{"target": -19.14640091688532, "params": {"colsample_bytree": 0.2956570770960071, "eta": 0.05375612463451243, "gamma": 105.20972425054798, "max_depth": 4.0, "min_child_weight": 3538.7014913617136, "num_boost_round": 25.0, "subsample": 0.38482123454115214}, "datetime": {"datetime": "2024-01-20 16:24:23", "elapsed": 7231.85373, "delta": 0.007395}}
{"target": -19.14673835260309, "params": {"colsample_bytree": 0.2956570770960071, "eta": 0.05375612463451243, "gamma": 105.20972425054798, "max_depth": 4.0, "min_child_weight": 3538.7014913617136, "num_boost_round": 26.0, "subsample": 0.38482123454115214}, "datetime": {"datetime": "2024-01-20 16:24:23", "elapsed": 7231.860769, "delta": 0.007039}}
{"target": -19.14686490887723, "params": {"colsample_bytree": 0.2956570770960071, "eta": 0.05375612463451243, "gamma": 105.20972425054798, "max_depth": 4.0, "min_child_weight": 3538.7014913617136, "num_boost_round": 27.0, "subsample": 0.38482123454115214}, "datetime": {"datetime": "2024-01-20 16:24:23", "elapsed": 7231.867654, "delta": 0.006885}}
{"target": -19.147215474973425, "params": {"colsample_bytree": 0.2956570770960071, "eta": 0.05375612463451243, "gamma": 105.20972425054798, "max_depth": 4.0, "min_child_weight": 3538.7014913617136, "num_boost_round": 28.0, "subsample": 0.38482123454115214}, "datetime": {"datetime": "2024-01-20 16:24:23", "elapsed": 7231.885883, "delta": 0.018229}}
{"target": -19.147367465538597, "params": {"colsample_bytree": 0.2956570770960071, "eta": 0.05375612463451243, "gamma": 105.20972425054798, "max_depth": 4.0, "min_child_weight": 3538.7014913617136, "num_boost_round": 29.0, "subsample": 0.38482123454115214}, "datetime": {"datetime": "2024-01-20 16:24:23", "elapsed": 7231.89373, "delta": 0.007847}}
{"target": -19.147472330337962, "params": {"colsample_bytree": 0.2956570770960071, "eta": 0.05375612463451243, "gamma": 105.20972425054798, "max_depth": 4.0, "min_child_weight": 3538.7014913617136, "num_boost_round": 30.0, "subsample": 0.38482123454115214}, "datetime": {"datetime": "2024-01-20 16:24:23", "elapsed": 7231.90115, "delta": 0.00742}}
{"target": -19.1477679106237, "params": {"colsample_bytree": 0.2956570770960071, "eta": 0.05375612463451243, "gamma": 105.20972425054798, "max_depth": 4.0, "min_child_weight": 3538.7014913617136, "num_boost_round": 31.0, "subsample": 0.38482123454115214}, "datetime": {"datetime": "2024-01-20 16:24:23", "elapsed": 7231.908786, "delta": 0.007636}}
{"target": -19.148168568330785, "params": {"colsample_bytree": 0.2956570770960071, "eta": 0.05375612463451243, "gamma": 105.20972425054798, "max_depth": 4.0, "min_child_weight": 3538.7014913617136, "num_boost_round": 32.0, "subsample": 0.38482123454115214}, "datetime": {"datetime": "2024-01-20 16:24:23", "elapsed": 7231.916161, "delta": 0.007375}}
{"target": -19.14809998192544, "params": {"colsample_bytree": 0.2956570770960071, "eta": 0.05375612463451243, "gamma": 105.20972425054798, "max_depth": 4.0, "min_child_weight": 3538.7014913617136, "num_boost_round": 33.0, "subsample": 0.38482123454115214}, "datetime": {"datetime": "2024-01-20 16:24:23", "elapsed": 7231.933742, "delta": 0.017581}}
{"target": -19.148330661738214, "params": {"colsample_bytree": 0.2956570770960071, "eta": 0.05375612463451243, "gamma": 105.20972425054798, "max_depth": 4.0, "min_child_weight": 3538.7014913617136, "num_boost_round": 34.0, "subsample": 0.38482123454115214}, "datetime": {"datetime": "2024-01-20 16:24:23", "elapsed": 7231.94126, "delta": 0.007518}}
{"target": -19.14874001887499, "params": {"colsample_bytree": 0.2956570770960071, "eta": 0.05375612463451243, "gamma": 105.20972425054798, "max_depth": 4.0, "min_child_weight": 3538.7014913617136, "num_boost_round": 35.0, "subsample": 0.38482123454115214}, "datetime": {"datetime": "2024-01-20 16:24:23", "elapsed": 7231.948873, "delta": 0.007613}}
{"target": -19.14874391322351, "params": {"colsample_bytree": 0.2956570770960071, "eta": 0.05375612463451243, "gamma": 105.20972425054798, "max_depth": 4.0, "min_child_weight": 3538.7014913617136, "num_boost_round": 36.0, "subsample": 0.38482123454115214}, "datetime": {"datetime": "2024-01-20 16:24:24", "elapsed": 7231.956209, "delta": 0.007336}}
{"target": -19.148718911096324, "params": {"colsample_bytree": 0.2956570770960071, "eta": 0.05375612463451243, "gamma": 105.20972425054798, "max_depth": 4.0, "min_child_weight": 3538.7014913617136, "num_boost_round": 37.0, "subsample": 0.38482123454115214}, "datetime": {"datetime": "2024-01-20 16:24:24", "elapsed": 7231.963431, "delta": 0.007222}}
{"target": -19.149348356226717, "params": {"colsample_bytree": 0.2956570770960071, "eta": 0.05375612463451243, "gamma": 105.20972425054798, "max_depth": 4.0, "min_child_weight": 3538.7014913617136, "num_boost_round": 38.0, "subsample": 0.38482123454115214}, "datetime": {"datetime": "2024-01-20 16:24:24", "elapsed": 7231.970818, "delta": 0.007387}}
{"target": -19.149471424660028, "params": {"colsample_bytree": 0.2956570770960071, "eta": 0.05375612463451243, "gamma": 105.20972425054798, "max_depth": 4.0, "min_child_weight": 3538.7014913617136, "num_boost_round": 39.0, "subsample": 0.38482123454115214}, "datetime": {"datetime": "2024-01-20 16:24:24", "elapsed": 7231.980033, "delta": 0.009215}}
{"target": -19.149514555139987, "params": {"colsample_bytree": 0.2956570770960071, "eta": 0.05375612463451243, "gamma": 105.20972425054798, "max_depth": 4.0, "min_child_weight": 3538.7014913617136, "num_boost_round": 40.0, "subsample": 0.38482123454115214}, "datetime": {"datetime": "2024-01-20 16:24:24", "elapsed": 7231.987292, "delta": 0.007259}}
{"target": -19.14957447926747, "params": {"colsample_bytree": 0.2956570770960071, "eta": 0.05375612463451243, "gamma": 105.20972425054798, "max_depth": 4.0, "min_child_weight": 3538.7014913617136, "num_boost_round": 41.0, "subsample": 0.38482123454115214}, "datetime": {"datetime": "2024-01-20 16:24:24", "elapsed": 7231.994636, "delta": 0.007344}}
{"target": -19.149695158103974, "params": {"colsample_bytree": 0.2956570770960071, "eta": 0.05375612463451243, "gamma": 105.20972425054798, "max_depth": 4.0, "min_child_weight": 3538.7014913617136, "num_boost_round": 42.0, "subsample": 0.38482123454115214}, "datetime": {"datetime": "2024-01-20 16:24:24", "elapsed": 7232.002013, "delta": 0.007377}}
{"target": -19.149703784621362, "params": {"colsample_bytree": 0.2956570770960071, "eta": 0.05375612463451243, "gamma": 105.20972425054798, "max_depth": 4.0, "min_child_weight": 3538.7014913617136, "num_boost_round": 43.0, "subsample": 0.38482123454115214}, "datetime": {"datetime": "2024-01-20 16:24:24", "elapsed": 7232.009486, "delta": 0.007473}}
{"target": -19.150172209409657, "params": {"colsample_bytree": 0.2956570770960071, "eta": 0.05375612463451243, "gamma": 105.20972425054798, "max_depth": 4.0, "min_child_weight": 3538.7014913617136, "num_boost_round": 44.0, "subsample": 0.38482123454115214}, "datetime": {"datetime": "2024-01-20 16:24:24", "elapsed": 7232.017221, "delta": 0.007735}}
{"target": -19.143188528964103, "params": {"colsample_bytree": 0.40507217070635404, "eta": 0.004269856837110063, "gamma": 191.12412626601028, "max_depth": 2.0, "min_child_weight": 3574.0576277823147, "num_boost_round": 1.0, "subsample": 0.6048937205943288}, "datetime": {"datetime": "2024-01-20 16:26:28", "elapsed": 7356.915524, "delta": 124.898303}}
