{"target": -15.15787458922371, "params": {"colsample_bytree": 0.5672176598204061, "eta": 0.015052590552864708, "gamma": 433.5010766215326, "max_depth": 7.0, "min_child_weight": 4405.248516533127, "num_boost_round": 34.0, "subsample": 0.3760667589482042}, "datetime": {"datetime": "2024-01-20 16:23:35", "elapsed": 7172.779036, "delta": 0.007096}}
{"target": -15.157667726249953, "params": {"colsample_bytree": 0.5672176598204061, "eta": 0.015052590552864708, "gamma": 433.5010766215326, "max_depth": 7.0, "min_child_weight": 4405.248516533127, "num_boost_round": 35.0, "subsample": 0.3760667589482042}, "datetime": {"datetime": "2024-01-20 16:23:35", "elapsed": 7172.786558, "delta": 0.007522}}
{"target": -15.15733789861208, "params": {"colsample_bytree": 0.5672176598204061, "eta": 0.015052590552864708, "gamma": 433.5010766215326, "max_depth": 7.0, "min_child_weight": 4405.248516533127, "num_boost_round": 36.0, "subsample": 0.3760667589482042}, "datetime": {"datetime": "2024-01-20 16:23:35", "elapsed": 7172.793299, "delta": 0.006741}}
{"target": -15.156852366398438, "params": {"colsample_bytree": 0.5672176598204061, "eta": 0.015052590552864708, "gamma": 433.5010766215326, "max_depth": 7.0, "min_child_weight": 4405.248516533127, "num_boost_round": 37.0, "subsample": 0.3760667589482042}, "datetime": {"datetime": "2024-01-20 16:23:35", "elapsed": 7172.800498, "delta": 0.007199}}
{"target": -15.156648182075848, "params": {"colsample_bytree": 0.5672176598204061, "eta": 0.015052590552864708, "gamma": 433.5010766215326, "max_depth": 7.0, "min_child_weight": 4405.248516533127, "num_boost_round": 38.0, "subsample": 0.3760667589482042}, "datetime": {"datetime": "2024-01-20 16:23:35", "elapsed": 7172.806879, "delta": 0.006381}}
{"target": -15.156326239264974, "params": {"colsample_bytree": 0.5672176598204061, "eta": 0.015052590552864708, "gamma": 433.5010766215326, "max_depth": 7.0, "min_child_weight": 4405.248516533127, "num_boost_round": 39.0, "subsample": 0.3760667589482042}, "datetime": {"datetime": "2024-01-20 16:23:35", "elapsed": 7172.813119, "delta": 0.00624}}
{"target": -15.156066058453767, "params": {"colsample_bytree": 0.5672176598204061, "eta": 0.015052590552864708, "gamma": 433.5010766215326, "max_depth": 7.0, "min_child_weight": 4405.248516533127, "num_boost_round": 40.0, "subsample": 0.3760667589482042}, "datetime": {"datetime": "2024-01-20 16:23:35", "elapsed": 7172.819203, "delta": 0.006084}}
{"target": -15.155838476165524, "params": {"colsample_bytree": 0.5672176598204061, "eta": 0.015052590552864708, "gamma": 433.5010766215326, "max_depth": 7.0, "min_child_weight": 4405.248516533127, "num_boost_round": 41.0, "subsample": 0.3760667589482042}, "datetime": {"datetime": "2024-01-20 16:23:35", "elapsed": 7172.826531, "delta": 0.007328}}
{"target": -15.155532344625966, "params": {"colsample_bytree": 0.5672176598204061, "eta": 0.015052590552864708, "gamma": 433.5010766215326, "max_depth": 7.0, "min_child_weight": 4405.248516533127, "num_boost_round": 42.0, "subsample": 0.3760667589482042}, "datetime": {"datetime": "2024-01-20 16:23:35", "elapsed": 7172.8345, "delta": 0.007969}}
{"target": -15.155327469501447, "params": {"colsample_bytree": 0.5672176598204061, "eta": 0.015052590552864708, "gamma": 433.5010766215326, "max_depth": 7.0, "min_child_weight": 4405.248516533127, "num_boost_round": 43.0, "subsample": 0.3760667589482042}, "datetime": {"datetime": "2024-01-20 16:23:35", "elapsed": 7172.842201, "delta": 0.007701}}
{"target": -15.15509372135386, "params": {"colsample_bytree": 0.5672176598204061, "eta": 0.015052590552864708, "gamma": 433.5010766215326, "max_depth": 7.0, "min_child_weight": 4405.248516533127, "num_boost_round": 44.0, "subsample": 0.3760667589482042}, "datetime": {"datetime": "2024-01-20 16:23:35", "elapsed": 7172.849424, "delta": 0.007223}}
{"target": -15.15506282955204, "params": {"colsample_bytree": 0.5672176598204061, "eta": 0.015052590552864708, "gamma": 433.5010766215326, "max_depth": 7.0, "min_child_weight": 4405.248516533127, "num_boost_round": 45.0, "subsample": 0.3760667589482042}, "datetime": {"datetime": "2024-01-20 16:23:35", "elapsed": 7172.857405, "delta": 0.007981}}
{"target": -15.154748491705703, "params": {"colsample_bytree": 0.5672176598204061, "eta": 0.015052590552864708, "gamma": 433.5010766215326, "max_depth": 7.0, "min_child_weight": 4405.248516533127, "num_boost_round": 46.0, "subsample": 0.3760667589482042}, "datetime": {"datetime": "2024-01-20 16:23:35", "elapsed": 7172.865947, "delta": 0.008542}}
{"target": -15.154711619372549, "params": {"colsample_bytree": 0.5672176598204061, "eta": 0.015052590552864708, "gamma": 433.5010766215326, "max_depth": 7.0, "min_child_weight": 4405.248516533127, "num_boost_round": 47.0, "subsample": 0.3760667589482042}, "datetime": {"datetime": "2024-01-20 16:23:35", "elapsed": 7172.873892, "delta": 0.007945}}
{"target": -15.154719089356213, "params": {"colsample_bytree": 0.5672176598204061, "eta": 0.015052590552864708, "gamma": 433.5010766215326, "max_depth": 7.0, "min_child_weight": 4405.248516533127, "num_boost_round": 48.0, "subsample": 0.3760667589482042}, "datetime": {"datetime": "2024-01-20 16:23:35", "elapsed": 7172.88086, "delta": 0.006968}}
{"target": -15.154743584159256, "params": {"colsample_bytree": 0.5672176598204061, "eta": 0.015052590552864708, "gamma": 433.5010766215326, "max_depth": 7.0, "min_child_weight": 4405.248516533127, "num_boost_round": 49.0, "subsample": 0.3760667589482042}, "datetime": {"datetime": "2024-01-20 16:23:35", "elapsed": 7172.88734, "delta": 0.00648}}
{"target": -15.154477905172657, "params": {"colsample_bytree": 0.5672176598204061, "eta": 0.015052590552864708, "gamma": 433.5010766215326, "max_depth": 7.0, "min_child_weight": 4405.248516533127, "num_boost_round": 50.0, "subsample": 0.3760667589482042}, "datetime": {"datetime": "2024-01-20 16:23:35", "elapsed": 7172.893571, "delta": 0.006231}}
{"target": -15.171066190903304, "params": {"colsample_bytree": 0.17191345714075884, "eta": 0.06419507857215263, "gamma": 664.9286704943124, "max_depth": 7.0, "min_child_weight": 4157.515425111594, "num_boost_round": 1.0, "subsample": 0.7875993393145536}, "datetime": {"datetime": "2024-01-20 16:25:24", "elapsed": 7281.887785, "delta": 108.994214}}
{"target": -15.169619834958546, "params": {"colsample_bytree": 0.17191345714075884, "eta": 0.06419507857215263, "gamma": 664.9286704943124, "max_depth": 7.0, "min_child_weight": 4157.515425111594, "num_boost_round": 2.0, "subsample": 0.7875993393145536}, "datetime": {"datetime": "2024-01-20 16:25:24", "elapsed": 7281.89752, "delta": 0.009735}}
{"target": -15.167796183372033, "params": {"colsample_bytree": 0.17191345714075884, "eta": 0.06419507857215263, "gamma": 664.9286704943124, "max_depth": 7.0, "min_child_weight": 4157.515425111594, "num_boost_round": 3.0, "subsample": 0.7875993393145536}, "datetime": {"datetime": "2024-01-20 16:25:24", "elapsed": 7281.905253, "delta": 0.007733}}
{"target": -15.168274788615713, "params": {"colsample_bytree": 0.17191345714075884, "eta": 0.06419507857215263, "gamma": 664.9286704943124, "max_depth": 7.0, "min_child_weight": 4157.515425111594, "num_boost_round": 4.0, "subsample": 0.7875993393145536}, "datetime": {"datetime": "2024-01-20 16:25:24", "elapsed": 7281.912662, "delta": 0.007409}}
{"target": -15.166004152159992, "params": {"colsample_bytree": 0.17191345714075884, "eta": 0.06419507857215263, "gamma": 664.9286704943124, "max_depth": 7.0, "min_child_weight": 4157.515425111594, "num_boost_round": 5.0, "subsample": 0.7875993393145536}, "datetime": {"datetime": "2024-01-20 16:25:24", "elapsed": 7281.92014, "delta": 0.007478}}
{"target": -15.164533520912073, "params": {"colsample_bytree": 0.17191345714075884, "eta": 0.06419507857215263, "gamma": 664.9286704943124, "max_depth": 7.0, "min_child_weight": 4157.515425111594, "num_boost_round": 6.0, "subsample": 0.7875993393145536}, "datetime": {"datetime": "2024-01-20 16:25:24", "elapsed": 7281.927363, "delta": 0.007223}}
{"target": -15.163169312479319, "params": {"colsample_bytree": 0.17191345714075884, "eta": 0.06419507857215263, "gamma": 664.9286704943124, "max_depth": 7.0, "min_child_weight": 4157.515425111594, "num_boost_round": 7.0, "subsample": 0.7875993393145536}, "datetime": {"datetime": "2024-01-20 16:25:24", "elapsed": 7281.934776, "delta": 0.007413}}
{"target": -15.161693884518959, "params": {"colsample_bytree": 0.17191345714075884, "eta": 0.06419507857215263, "gamma": 664.9286704943124, "max_depth": 7.0, "min_child_weight": 4157.515425111594, "num_boost_round": 8.0, "subsample": 0.7875993393145536}, "datetime": {"datetime": "2024-01-20 16:25:24", "elapsed": 7281.941795, "delta": 0.007019}}
{"target": -15.161710172779046, "params": {"colsample_bytree": 0.17191345714075884, "eta": 0.06419507857215263, "gamma": 664.9286704943124, "max_depth": 7.0, "min_child_weight": 4157.515425111594, "num_boost_round": 9.0, "subsample": 0.7875993393145536}, "datetime": {"datetime": "2024-01-20 16:25:24", "elapsed": 7281.948227, "delta": 0.006432}}
{"target": -15.160931727447455, "params": {"colsample_bytree": 0.17191345714075884, "eta": 0.06419507857215263, "gamma": 664.9286704943124, "max_depth": 7.0, "min_child_weight": 4157.515425111594, "num_boost_round": 10.0, "subsample": 0.7875993393145536}, "datetime": {"datetime": "2024-01-20 16:25:24", "elapsed": 7281.954555, "delta": 0.006328}}
{"target": -15.161002995150088, "params": {"colsample_bytree": 0.17191345714075884, "eta": 0.06419507857215263, "gamma": 664.9286704943124, "max_depth": 7.0, "min_child_weight": 4157.515425111594, "num_boost_round": 11.0, "subsample": 0.7875993393145536}, "datetime": {"datetime": "2024-01-20 16:25:24", "elapsed": 7281.961459, "delta": 0.006904}}
{"target": -15.160793956817006, "params": {"colsample_bytree": 0.17191345714075884, "eta": 0.06419507857215263, "gamma": 664.9286704943124, "max_depth": 7.0, "min_child_weight": 4157.515425111594, "num_boost_round": 12.0, "subsample": 0.7875993393145536}, "datetime": {"datetime": "2024-01-20 16:25:24", "elapsed": 7281.968558, "delta": 0.007099}}
{"target": -15.161122631257184, "params": {"colsample_bytree": 0.17191345714075884, "eta": 0.06419507857215263, "gamma": 664.9286704943124, "max_depth": 7.0, "min_child_weight": 4157.515425111594, "num_boost_round": 13.0, "subsample": 0.7875993393145536}, "datetime": {"datetime": "2024-01-20 16:25:24", "elapsed": 7281.974932, "delta": 0.006374}}
{"target": -15.161467749349324, "params": {"colsample_bytree": 0.17191345714075884, "eta": 0.06419507857215263, "gamma": 664.9286704943124, "max_depth": 7.0, "min_child_weight": 4157.515425111594, "num_boost_round": 14.0, "subsample": 0.7875993393145536}, "datetime": {"datetime": "2024-01-20 16:25:24", "elapsed": 7281.981019, "delta": 0.006087}}
{"target": -15.161546807730037, "params": {"colsample_bytree": 0.17191345714075884, "eta": 0.06419507857215263, "gamma": 664.9286704943124, "max_depth": 7.0, "min_child_weight": 4157.515425111594, "num_boost_round": 15.0, "subsample": 0.7875993393145536}, "datetime": {"datetime": "2024-01-20 16:25:24", "elapsed": 7281.987097, "delta": 0.006078}}
{"target": -15.170710074828573, "params": {"colsample_bytree": 0.2205848207238292, "eta": 0.08490084770655743, "gamma": 418.87240229917967, "max_depth": 4.0, "min_child_weight": 4408.861078368057, "num_boost_round": 1.0, "subsample": 0.8079761415074062}, "datetime": {"datetime": "2024-01-20 16:27:21", "elapsed": 7398.56003, "delta": 116.572933}}
{"target": -15.168690271976288, "params": {"colsample_bytree": 0.2205848207238292, "eta": 0.08490084770655743, "gamma": 418.87240229917967, "max_depth": 4.0, "min_child_weight": 4408.861078368057, "num_boost_round": 2.0, "subsample": 0.8079761415074062}, "datetime": {"datetime": "2024-01-20 16:27:21", "elapsed": 7398.568382, "delta": 0.008352}}
{"target": -15.166393435928597, "params": {"colsample_bytree": 0.2205848207238292, "eta": 0.08490084770655743, "gamma": 418.87240229917967, "max_depth": 4.0, "min_child_weight": 4408.861078368057, "num_boost_round": 3.0, "subsample": 0.8079761415074062}, "datetime": {"datetime": "2024-01-20 16:27:21", "elapsed": 7398.575175, "delta": 0.006793}}
{"target": -15.166620213635074, "params": {"colsample_bytree": 0.2205848207238292, "eta": 0.08490084770655743, "gamma": 418.87240229917967, "max_depth": 4.0, "min_child_weight": 4408.861078368057, "num_boost_round": 4.0, "subsample": 0.8079761415074062}, "datetime": {"datetime": "2024-01-20 16:27:21", "elapsed": 7398.581769, "delta": 0.006594}}
{"target": -15.164282942979987, "params": {"colsample_bytree": 0.2205848207238292, "eta": 0.08490084770655743, "gamma": 418.87240229917967, "max_depth": 4.0, "min_child_weight": 4408.861078368057, "num_boost_round": 5.0, "subsample": 0.8079761415074062}, "datetime": {"datetime": "2024-01-20 16:27:21", "elapsed": 7398.588134, "delta": 0.006365}}
{"target": -15.162596711685602, "params": {"colsample_bytree": 0.2205848207238292, "eta": 0.08490084770655743, "gamma": 418.87240229917967, "max_depth": 4.0, "min_child_weight": 4408.861078368057, "num_boost_round": 6.0, "subsample": 0.8079761415074062}, "datetime": {"datetime": "2024-01-20 16:27:21", "elapsed": 7398.596243, "delta": 0.008109}}
{"target": -15.161378472744358, "params": {"colsample_bytree": 0.2205848207238292, "eta": 0.08490084770655743, "gamma": 418.87240229917967, "max_depth": 4.0, "min_child_weight": 4408.861078368057, "num_boost_round": 7.0, "subsample": 0.8079761415074062}, "datetime": {"datetime": "2024-01-20 16:27:21", "elapsed": 7398.604545, "delta": 0.008302}}
{"target": -15.15863140127512, "params": {"colsample_bytree": 0.2205848207238292, "eta": 0.08490084770655743, "gamma": 418.87240229917967, "max_depth": 4.0, "min_child_weight": 4408.861078368057, "num_boost_round": 8.0, "subsample": 0.8079761415074062}, "datetime": {"datetime": "2024-01-20 16:27:21", "elapsed": 7398.613811, "delta": 0.009266}}
{"target": -15.158812567318076, "params": {"colsample_bytree": 0.2205848207238292, "eta": 0.08490084770655743, "gamma": 418.87240229917967, "max_depth": 4.0, "min_child_weight": 4408.861078368057, "num_boost_round": 9.0, "subsample": 0.8079761415074062}, "datetime": {"datetime": "2024-01-20 16:27:21", "elapsed": 7398.621473, "delta": 0.007662}}
{"target": -15.158133012476366, "params": {"colsample_bytree": 0.2205848207238292, "eta": 0.08490084770655743, "gamma": 418.87240229917967, "max_depth": 4.0, "min_child_weight": 4408.861078368057, "num_boost_round": 10.0, "subsample": 0.8079761415074062}, "datetime": {"datetime": "2024-01-20 16:27:21", "elapsed": 7398.629329, "delta": 0.007856}}
{"target": -15.15818168836798, "params": {"colsample_bytree": 0.2205848207238292, "eta": 0.08490084770655743, "gamma": 418.87240229917967, "max_depth": 4.0, "min_child_weight": 4408.861078368057, "num_boost_round": 11.0, "subsample": 0.8079761415074062}, "datetime": {"datetime": "2024-01-20 16:27:21", "elapsed": 7398.637352, "delta": 0.008023}}
{"target": -15.158463609157852, "params": {"colsample_bytree": 0.2205848207238292, "eta": 0.08490084770655743, "gamma": 418.87240229917967, "max_depth": 4.0, "min_child_weight": 4408.861078368057, "num_boost_round": 12.0, "subsample": 0.8079761415074062}, "datetime": {"datetime": "2024-01-20 16:27:21", "elapsed": 7398.645094, "delta": 0.007742}}
{"target": -15.158797518938385, "params": {"colsample_bytree": 0.2205848207238292, "eta": 0.08490084770655743, "gamma": 418.87240229917967, "max_depth": 4.0, "min_child_weight": 4408.861078368057, "num_boost_round": 13.0, "subsample": 0.8079761415074062}, "datetime": {"datetime": "2024-01-20 16:27:21", "elapsed": 7398.652383, "delta": 0.007289}}
{"target": -15.159177941511736, "params": {"colsample_bytree": 0.2205848207238292, "eta": 0.08490084770655743, "gamma": 418.87240229917967, "max_depth": 4.0, "min_child_weight": 4408.861078368057, "num_boost_round": 14.0, "subsample": 0.8079761415074062}, "datetime": {"datetime": "2024-01-20 16:27:21", "elapsed": 7398.659318, "delta": 0.006935}}
{"target": -15.159061641407298, "params": {"colsample_bytree": 0.2205848207238292, "eta": 0.08490084770655743, "gamma": 418.87240229917967, "max_depth": 4.0, "min_child_weight": 4408.861078368057, "num_boost_round": 15.0, "subsample": 0.8079761415074062}, "datetime": {"datetime": "2024-01-20 16:27:21", "elapsed": 7398.665851, "delta": 0.006533}}
{"target": -15.158891027614143, "params": {"colsample_bytree": 0.2205848207238292, "eta": 0.08490084770655743, "gamma": 418.87240229917967, "max_depth": 4.0, "min_child_weight": 4408.861078368057, "num_boost_round": 16.0, "subsample": 0.8079761415074062}, "datetime": {"datetime": "2024-01-20 16:27:21", "elapsed": 7398.672344, "delta": 0.006493}}
{"target": -15.15772185400111, "params": {"colsample_bytree": 0.2205848207238292, "eta": 0.08490084770655743, "gamma": 418.87240229917967, "max_depth": 4.0, "min_child_weight": 4408.861078368057, "num_boost_round": 17.0, "subsample": 0.8079761415074062}, "datetime": {"datetime": "2024-01-20 16:27:21", "elapsed": 7398.678717, "delta": 0.006373}}
{"target": -15.157820523580986, "params": {"colsample_bytree": 0.2205848207238292, "eta": 0.08490084770655743, "gamma": 418.87240229917967, "max_depth": 4.0, "min_child_weight": 4408.861078368057, "num_boost_round": 18.0, "subsample": 0.8079761415074062}, "datetime": {"datetime": "2024-01-20 16:27:21", "elapsed": 7398.685005, "delta": 0.006288}}
{"target": -15.156707675946855, "params": {"colsample_bytree": 0.2205848207238292, "eta": 0.08490084770655743, "gamma": 418.87240229917967, "max_depth": 4.0, "min_child_weight": 4408.861078368057, "num_boost_round": 19.0, "subsample": 0.8079761415074062}, "datetime": {"datetime": "2024-01-20 16:27:21", "elapsed": 7398.691204, "delta": 0.006199}}
{"target": -15.156804986820974, "params": {"colsample_bytree": 0.2205848207238292, "eta": 0.08490084770655743, "gamma": 418.87240229917967, "max_depth": 4.0, "min_child_weight": 4408.861078368057, "num_boost_round": 20.0, "subsample": 0.8079761415074062}, "datetime": {"datetime": "2024-01-20 16:27:21", "elapsed": 7398.697371, "delta": 0.006167}}
{"target": -15.156517180562318, "params": {"colsample_bytree": 0.2205848207238292, "eta": 0.08490084770655743, "gamma": 418.87240229917967, "max_depth": 4.0, "min_child_weight": 4408.861078368057, "num_boost_round": 21.0, "subsample": 0.8079761415074062}, "datetime": {"datetime": "2024-01-20 16:27:21", "elapsed": 7398.703513, "delta": 0.006142}}
{"target": -15.156673786027987, "params": {"colsample_bytree": 0.2205848207238292, "eta": 0.08490084770655743, "gamma": 418.87240229917967, "max_depth": 4.0, "min_child_weight": 4408.861078368057, "num_boost_round": 22.0, "subsample": 0.8079761415074062}, "datetime": {"datetime": "2024-01-20 16:27:21", "elapsed": 7398.709554, "delta": 0.006041}}
{"target": -15.156844837416989, "params": {"colsample_bytree": 0.2205848207238292, "eta": 0.08490084770655743, "gamma": 418.87240229917967, "max_depth": 4.0, "min_child_weight": 4408.861078368057, "num_boost_round": 23.0, "subsample": 0.8079761415074062}, "datetime": {"datetime": "2024-01-20 16:27:21", "elapsed": 7398.715748, "delta": 0.006194}}
{"target": -15.157465952892736, "params": {"colsample_bytree": 0.2205848207238292, "eta": 0.08490084770655743, "gamma": 418.87240229917967, "max_depth": 4.0, "min_child_weight": 4408.861078368057, "num_boost_round": 24.0, "subsample": 0.8079761415074062}, "datetime": {"datetime": "2024-01-20 16:27:21", "elapsed": 7398.723383, "delta": 0.007635}}
{"target": -15.15752501672912, "params": {"colsample_bytree": 0.2205848207238292, "eta": 0.08490084770655743, "gamma": 418.87240229917967, "max_depth": 4.0, "min_child_weight": 4408.861078368057, "num_boost_round": 25.0, "subsample": 0.8079761415074062}, "datetime": {"datetime": "2024-01-20 16:27:21", "elapsed": 7398.73085, "delta": 0.007467}}
{"target": -15.157560090339818, "params": {"colsample_bytree": 0.2205848207238292, "eta": 0.08490084770655743, "gamma": 418.87240229917967, "max_depth": 4.0, "min_child_weight": 4408.861078368057, "num_boost_round": 26.0, "subsample": 0.8079761415074062}, "datetime": {"datetime": "2024-01-20 16:27:21", "elapsed": 7398.738123, "delta": 0.007273}}
{"target": -15.157268117873794, "params": {"colsample_bytree": 0.2205848207238292, "eta": 0.08490084770655743, "gamma": 418.87240229917967, "max_depth": 4.0, "min_child_weight": 4408.861078368057, "num_boost_round": 27.0, "subsample": 0.8079761415074062}, "datetime": {"datetime": "2024-01-20 16:27:21", "elapsed": 7398.744781, "delta": 0.006658}}
{"target": -15.15695647463373, "params": {"colsample_bytree": 0.2205848207238292, "eta": 0.08490084770655743, "gamma": 418.87240229917967, "max_depth": 4.0, "min_child_weight": 4408.861078368057, "num_boost_round": 28.0, "subsample": 0.8079761415074062}, "datetime": {"datetime": "2024-01-20 16:27:21", "elapsed": 7398.751223, "delta": 0.006442}}
{"target": -15.156996078139896, "params": {"colsample_bytree": 0.2205848207238292, "eta": 0.08490084770655743, "gamma": 418.87240229917967, "max_depth": 4.0, "min_child_weight": 4408.861078368057, "num_boost_round": 29.0, "subsample": 0.8079761415074062}, "datetime": {"datetime": "2024-01-20 16:27:21", "elapsed": 7398.757666, "delta": 0.006443}}
{"target": -15.156308383619862, "params": {"colsample_bytree": 0.2205848207238292, "eta": 0.08490084770655743, "gamma": 418.87240229917967, "max_depth": 4.0, "min_child_weight": 4408.861078368057, "num_boost_round": 30.0, "subsample": 0.8079761415074062}, "datetime": {"datetime": "2024-01-20 16:27:21", "elapsed": 7398.764093, "delta": 0.006427}}
{"target": -15.15730777018409, "params": {"colsample_bytree": 0.2205848207238292, "eta": 0.08490084770655743, "gamma": 418.87240229917967, "max_depth": 4.0, "min_child_weight": 4408.861078368057, "num_boost_round": 31.0, "subsample": 0.8079761415074062}, "datetime": {"datetime": "2024-01-20 16:27:21", "elapsed": 7398.77034, "delta": 0.006247}}
