{"target": -19.14336123944909, "params": {"colsample_bytree": 0.9517864470150325, "eta": 0.011921115279888619, "gamma": 88.78977111640818, "max_depth": 8.0, "min_child_weight": 3855.4189608655383, "num_boost_round": 22.0, "subsample": 0.2602075878270961}, "datetime": {"datetime": "2024-01-20 16:02:48", "elapsed": 5936.079797, "delta": 0.004318}}
{"target": -19.143365443346298, "params": {"colsample_bytree": 0.9517864470150325, "eta": 0.011921115279888619, "gamma": 88.78977111640818, "max_depth": 8.0, "min_child_weight": 3855.4189608655383, "num_boost_round": 23.0, "subsample": 0.2602075878270961}, "datetime": {"datetime": "2024-01-20 16:02:48", "elapsed": 5936.08418, "delta": 0.004383}}
{"target": -19.143335800092927, "params": {"colsample_bytree": 0.9517864470150325, "eta": 0.011921115279888619, "gamma": 88.78977111640818, "max_depth": 8.0, "min_child_weight": 3855.4189608655383, "num_boost_round": 24.0, "subsample": 0.2602075878270961}, "datetime": {"datetime": "2024-01-20 16:02:48", "elapsed": 5936.088875, "delta": 0.004695}}
{"target": -19.143483214177486, "params": {"colsample_bytree": 0.9517864470150325, "eta": 0.011921115279888619, "gamma": 88.78977111640818, "max_depth": 8.0, "min_child_weight": 3855.4189608655383, "num_boost_round": 25.0, "subsample": 0.2602075878270961}, "datetime": {"datetime": "2024-01-20 16:02:48", "elapsed": 5936.09326, "delta": 0.004385}}
{"target": -19.14318184992177, "params": {"colsample_bytree": 0.8847898249741954, "eta": 0.007912077037714228, "gamma": 41.41029217303882, "max_depth": 5.0, "min_child_weight": 3795.675952560598, "num_boost_round": 1.0, "subsample": 0.6149785223695879}, "datetime": {"datetime": "2024-01-20 16:03:46", "elapsed": 5994.597038, "delta": 58.503778}}
{"target": -19.143174153203024, "params": {"colsample_bytree": 0.8847898249741954, "eta": 0.007912077037714228, "gamma": 41.41029217303882, "max_depth": 5.0, "min_child_weight": 3795.675952560598, "num_boost_round": 2.0, "subsample": 0.6149785223695879}, "datetime": {"datetime": "2024-01-20 16:03:46", "elapsed": 5994.602566, "delta": 0.005528}}
{"target": -19.14317315809406, "params": {"colsample_bytree": 0.8847898249741954, "eta": 0.007912077037714228, "gamma": 41.41029217303882, "max_depth": 5.0, "min_child_weight": 3795.675952560598, "num_boost_round": 3.0, "subsample": 0.6149785223695879}, "datetime": {"datetime": "2024-01-20 16:03:46", "elapsed": 5994.607136, "delta": 0.00457}}
{"target": -19.14317069021903, "params": {"colsample_bytree": 0.8847898249741954, "eta": 0.007912077037714228, "gamma": 41.41029217303882, "max_depth": 5.0, "min_child_weight": 3795.675952560598, "num_boost_round": 4.0, "subsample": 0.6149785223695879}, "datetime": {"datetime": "2024-01-20 16:03:46", "elapsed": 5994.611541, "delta": 0.004405}}
{"target": -19.143175633437796, "params": {"colsample_bytree": 0.8847898249741954, "eta": 0.007912077037714228, "gamma": 41.41029217303882, "max_depth": 5.0, "min_child_weight": 3795.675952560598, "num_boost_round": 5.0, "subsample": 0.6149785223695879}, "datetime": {"datetime": "2024-01-20 16:03:46", "elapsed": 5994.616059, "delta": 0.004518}}
{"target": -19.14316051186339, "params": {"colsample_bytree": 0.8847898249741954, "eta": 0.007912077037714228, "gamma": 41.41029217303882, "max_depth": 5.0, "min_child_weight": 3795.675952560598, "num_boost_round": 6.0, "subsample": 0.6149785223695879}, "datetime": {"datetime": "2024-01-20 16:03:46", "elapsed": 5994.620597, "delta": 0.004538}}
{"target": -19.143144351558384, "params": {"colsample_bytree": 0.8847898249741954, "eta": 0.007912077037714228, "gamma": 41.41029217303882, "max_depth": 5.0, "min_child_weight": 3795.675952560598, "num_boost_round": 7.0, "subsample": 0.6149785223695879}, "datetime": {"datetime": "2024-01-20 16:03:46", "elapsed": 5994.625165, "delta": 0.004568}}
{"target": -19.143181492030408, "params": {"colsample_bytree": 0.8847898249741954, "eta": 0.007912077037714228, "gamma": 41.41029217303882, "max_depth": 5.0, "min_child_weight": 3795.675952560598, "num_boost_round": 8.0, "subsample": 0.6149785223695879}, "datetime": {"datetime": "2024-01-20 16:03:46", "elapsed": 5994.629758, "delta": 0.004593}}
{"target": -19.14319044021646, "params": {"colsample_bytree": 0.8847898249741954, "eta": 0.007912077037714228, "gamma": 41.41029217303882, "max_depth": 5.0, "min_child_weight": 3795.675952560598, "num_boost_round": 9.0, "subsample": 0.6149785223695879}, "datetime": {"datetime": "2024-01-20 16:03:46", "elapsed": 5994.634168, "delta": 0.00441}}
{"target": -19.143195225908244, "params": {"colsample_bytree": 0.8847898249741954, "eta": 0.007912077037714228, "gamma": 41.41029217303882, "max_depth": 5.0, "min_child_weight": 3795.675952560598, "num_boost_round": 10.0, "subsample": 0.6149785223695879}, "datetime": {"datetime": "2024-01-20 16:03:46", "elapsed": 5994.651156, "delta": 0.016988}}
{"target": -19.14348456437937, "params": {"colsample_bytree": 0.7355168802679803, "eta": 0.02929927383540647, "gamma": 154.27188068392604, "max_depth": 8.0, "min_child_weight": 3748.435542240185, "num_boost_round": 1.0, "subsample": 0.7623786105881232}, "datetime": {"datetime": "2024-01-20 16:04:54", "elapsed": 6062.100649, "delta": 67.449493}}
{"target": -19.14362976506099, "params": {"colsample_bytree": 0.7355168802679803, "eta": 0.02929927383540647, "gamma": 154.27188068392604, "max_depth": 8.0, "min_child_weight": 3748.435542240185, "num_boost_round": 2.0, "subsample": 0.7623786105881232}, "datetime": {"datetime": "2024-01-20 16:04:54", "elapsed": 6062.106281, "delta": 0.005632}}
{"target": -19.143947486165757, "params": {"colsample_bytree": 0.7355168802679803, "eta": 0.02929927383540647, "gamma": 154.27188068392604, "max_depth": 8.0, "min_child_weight": 3748.435542240185, "num_boost_round": 3.0, "subsample": 0.7623786105881232}, "datetime": {"datetime": "2024-01-20 16:04:54", "elapsed": 6062.110745, "delta": 0.004464}}
{"target": -19.144152647951632, "params": {"colsample_bytree": 0.7355168802679803, "eta": 0.02929927383540647, "gamma": 154.27188068392604, "max_depth": 8.0, "min_child_weight": 3748.435542240185, "num_boost_round": 4.0, "subsample": 0.7623786105881232}, "datetime": {"datetime": "2024-01-20 16:04:54", "elapsed": 6062.115417, "delta": 0.004672}}
{"target": -19.143117082270823, "params": {"colsample_bytree": 0.3001016778233945, "eta": 0.03492950377474701, "gamma": 95.18786423777969, "max_depth": 2.0, "min_child_weight": 3798.334253594358, "num_boost_round": 1.0, "subsample": 0.4927795351650225}, "datetime": {"datetime": "2024-01-20 16:06:03", "elapsed": 6131.818619, "delta": 69.703202}}
{"target": -19.143218608706093, "params": {"colsample_bytree": 0.3001016778233945, "eta": 0.03492950377474701, "gamma": 95.18786423777969, "max_depth": 2.0, "min_child_weight": 3798.334253594358, "num_boost_round": 2.0, "subsample": 0.4927795351650225}, "datetime": {"datetime": "2024-01-20 16:06:03", "elapsed": 6131.823891, "delta": 0.005272}}
{"target": -19.14314907835825, "params": {"colsample_bytree": 0.3001016778233945, "eta": 0.03492950377474701, "gamma": 95.18786423777969, "max_depth": 2.0, "min_child_weight": 3798.334253594358, "num_boost_round": 3.0, "subsample": 0.4927795351650225}, "datetime": {"datetime": "2024-01-20 16:06:03", "elapsed": 6131.828342, "delta": 0.004451}}
{"target": -19.1430891004989, "params": {"colsample_bytree": 0.3001016778233945, "eta": 0.03492950377474701, "gamma": 95.18786423777969, "max_depth": 2.0, "min_child_weight": 3798.334253594358, "num_boost_round": 4.0, "subsample": 0.4927795351650225}, "datetime": {"datetime": "2024-01-20 16:06:03", "elapsed": 6131.832753, "delta": 0.004411}}
{"target": -19.14295418417344, "params": {"colsample_bytree": 0.3001016778233945, "eta": 0.03492950377474701, "gamma": 95.18786423777969, "max_depth": 2.0, "min_child_weight": 3798.334253594358, "num_boost_round": 5.0, "subsample": 0.4927795351650225}, "datetime": {"datetime": "2024-01-20 16:06:03", "elapsed": 6131.837201, "delta": 0.004448}}
{"target": -19.142724750204415, "params": {"colsample_bytree": 0.3001016778233945, "eta": 0.03492950377474701, "gamma": 95.18786423777969, "max_depth": 2.0, "min_child_weight": 3798.334253594358, "num_boost_round": 6.0, "subsample": 0.4927795351650225}, "datetime": {"datetime": "2024-01-20 16:06:03", "elapsed": 6131.841622, "delta": 0.004421}}
{"target": -19.142700367065707, "params": {"colsample_bytree": 0.3001016778233945, "eta": 0.03492950377474701, "gamma": 95.18786423777969, "max_depth": 2.0, "min_child_weight": 3798.334253594358, "num_boost_round": 7.0, "subsample": 0.4927795351650225}, "datetime": {"datetime": "2024-01-20 16:06:03", "elapsed": 6131.846155, "delta": 0.004533}}
{"target": -19.14268293057378, "params": {"colsample_bytree": 0.3001016778233945, "eta": 0.03492950377474701, "gamma": 95.18786423777969, "max_depth": 2.0, "min_child_weight": 3798.334253594358, "num_boost_round": 8.0, "subsample": 0.4927795351650225}, "datetime": {"datetime": "2024-01-20 16:06:03", "elapsed": 6131.86047, "delta": 0.014315}}
{"target": -19.142881224950195, "params": {"colsample_bytree": 0.3001016778233945, "eta": 0.03492950377474701, "gamma": 95.18786423777969, "max_depth": 2.0, "min_child_weight": 3798.334253594358, "num_boost_round": 9.0, "subsample": 0.4927795351650225}, "datetime": {"datetime": "2024-01-20 16:06:03", "elapsed": 6131.865095, "delta": 0.004625}}
{"target": -19.142733281337637, "params": {"colsample_bytree": 0.3001016778233945, "eta": 0.03492950377474701, "gamma": 95.18786423777969, "max_depth": 2.0, "min_child_weight": 3798.334253594358, "num_boost_round": 10.0, "subsample": 0.4927795351650225}, "datetime": {"datetime": "2024-01-20 16:06:03", "elapsed": 6131.8697, "delta": 0.004605}}
{"target": -19.142502827573747, "params": {"colsample_bytree": 0.3001016778233945, "eta": 0.03492950377474701, "gamma": 95.18786423777969, "max_depth": 2.0, "min_child_weight": 3798.334253594358, "num_boost_round": 11.0, "subsample": 0.4927795351650225}, "datetime": {"datetime": "2024-01-20 16:06:03", "elapsed": 6131.87439, "delta": 0.00469}}
{"target": -19.142532619750284, "params": {"colsample_bytree": 0.3001016778233945, "eta": 0.03492950377474701, "gamma": 95.18786423777969, "max_depth": 2.0, "min_child_weight": 3798.334253594358, "num_boost_round": 12.0, "subsample": 0.4927795351650225}, "datetime": {"datetime": "2024-01-20 16:06:03", "elapsed": 6131.87888, "delta": 0.00449}}
{"target": -19.142642314830603, "params": {"colsample_bytree": 0.3001016778233945, "eta": 0.03492950377474701, "gamma": 95.18786423777969, "max_depth": 2.0, "min_child_weight": 3798.334253594358, "num_boost_round": 13.0, "subsample": 0.4927795351650225}, "datetime": {"datetime": "2024-01-20 16:06:03", "elapsed": 6131.883314, "delta": 0.004434}}
{"target": -19.142757153778607, "params": {"colsample_bytree": 0.3001016778233945, "eta": 0.03492950377474701, "gamma": 95.18786423777969, "max_depth": 2.0, "min_child_weight": 3798.334253594358, "num_boost_round": 14.0, "subsample": 0.4927795351650225}, "datetime": {"datetime": "2024-01-20 16:06:04", "elapsed": 6132.197532, "delta": 0.314218}}
{"target": -19.142903535913536, "params": {"colsample_bytree": 0.3001016778233945, "eta": 0.03492950377474701, "gamma": 95.18786423777969, "max_depth": 2.0, "min_child_weight": 3798.334253594358, "num_boost_round": 15.0, "subsample": 0.4927795351650225}, "datetime": {"datetime": "2024-01-20 16:06:04", "elapsed": 6132.202887, "delta": 0.005355}}
{"target": -19.14323170968666, "params": {"colsample_bytree": 0.2584427761524093, "eta": 0.03936865057590356, "gamma": 205.36242531720694, "max_depth": 5.0, "min_child_weight": 3712.2766264303427, "num_boost_round": 1.0, "subsample": 0.9582813840285396}, "datetime": {"datetime": "2024-01-20 16:07:10", "elapsed": 6198.077584, "delta": 65.874697}}
{"target": -19.143788577084145, "params": {"colsample_bytree": 0.7344264710080846, "eta": 0.0546229702838551, "gamma": 154.8458315638236, "max_depth": 7.0, "min_child_weight": 3672.039314069986, "num_boost_round": 1.0, "subsample": 0.6691874965093437}, "datetime": {"datetime": "2024-01-20 16:08:14", "elapsed": 6262.898202, "delta": 64.820618}}
{"target": -19.144103545793197, "params": {"colsample_bytree": 0.7344264710080846, "eta": 0.0546229702838551, "gamma": 154.8458315638236, "max_depth": 7.0, "min_child_weight": 3672.039314069986, "num_boost_round": 2.0, "subsample": 0.6691874965093437}, "datetime": {"datetime": "2024-01-20 16:08:14", "elapsed": 6262.904589, "delta": 0.006387}}
{"target": -19.144583917812156, "params": {"colsample_bytree": 0.7344264710080846, "eta": 0.0546229702838551, "gamma": 154.8458315638236, "max_depth": 7.0, "min_child_weight": 3672.039314069986, "num_boost_round": 3.0, "subsample": 0.6691874965093437}, "datetime": {"datetime": "2024-01-20 16:08:14", "elapsed": 6262.909629, "delta": 0.00504}}
{"target": -19.143558872734136, "params": {"colsample_bytree": 0.632393911198304, "eta": 0.08093930635701678, "gamma": 51.68725318420697, "max_depth": 3.0, "min_child_weight": 3727.9965505266155, "num_boost_round": 1.0, "subsample": 0.20464598122447378}, "datetime": {"datetime": "2024-01-20 16:10:24", "elapsed": 6392.548007, "delta": 129.638378}}
{"target": -19.143535643122693, "params": {"colsample_bytree": 0.632393911198304, "eta": 0.08093930635701678, "gamma": 51.68725318420697, "max_depth": 3.0, "min_child_weight": 3727.9965505266155, "num_boost_round": 2.0, "subsample": 0.20464598122447378}, "datetime": {"datetime": "2024-01-20 16:10:24", "elapsed": 6392.578134, "delta": 0.030127}}
{"target": -19.143292305207012, "params": {"colsample_bytree": 0.632393911198304, "eta": 0.08093930635701678, "gamma": 51.68725318420697, "max_depth": 3.0, "min_child_weight": 3727.9965505266155, "num_boost_round": 3.0, "subsample": 0.20464598122447378}, "datetime": {"datetime": "2024-01-20 16:10:24", "elapsed": 6392.584692, "delta": 0.006558}}
{"target": -19.14285637227259, "params": {"colsample_bytree": 0.632393911198304, "eta": 0.08093930635701678, "gamma": 51.68725318420697, "max_depth": 3.0, "min_child_weight": 3727.9965505266155, "num_boost_round": 4.0, "subsample": 0.20464598122447378}, "datetime": {"datetime": "2024-01-20 16:10:24", "elapsed": 6392.590933, "delta": 0.006241}}
{"target": -19.142720303222127, "params": {"colsample_bytree": 0.632393911198304, "eta": 0.08093930635701678, "gamma": 51.68725318420697, "max_depth": 3.0, "min_child_weight": 3727.9965505266155, "num_boost_round": 5.0, "subsample": 0.20464598122447378}, "datetime": {"datetime": "2024-01-20 16:10:24", "elapsed": 6392.597426, "delta": 0.006493}}
{"target": -19.14252300101704, "params": {"colsample_bytree": 0.632393911198304, "eta": 0.08093930635701678, "gamma": 51.68725318420697, "max_depth": 3.0, "min_child_weight": 3727.9965505266155, "num_boost_round": 6.0, "subsample": 0.20464598122447378}, "datetime": {"datetime": "2024-01-20 16:10:24", "elapsed": 6392.603887, "delta": 0.006461}}
{"target": -19.142335454201657, "params": {"colsample_bytree": 0.632393911198304, "eta": 0.08093930635701678, "gamma": 51.68725318420697, "max_depth": 3.0, "min_child_weight": 3727.9965505266155, "num_boost_round": 7.0, "subsample": 0.20464598122447378}, "datetime": {"datetime": "2024-01-20 16:10:24", "elapsed": 6392.610313, "delta": 0.006426}}
{"target": -19.142330898083564, "params": {"colsample_bytree": 0.632393911198304, "eta": 0.08093930635701678, "gamma": 51.68725318420697, "max_depth": 3.0, "min_child_weight": 3727.9965505266155, "num_boost_round": 8.0, "subsample": 0.20464598122447378}, "datetime": {"datetime": "2024-01-20 16:10:24", "elapsed": 6392.616564, "delta": 0.006251}}
{"target": -19.142452946983223, "params": {"colsample_bytree": 0.632393911198304, "eta": 0.08093930635701678, "gamma": 51.68725318420697, "max_depth": 3.0, "min_child_weight": 3727.9965505266155, "num_boost_round": 9.0, "subsample": 0.20464598122447378}, "datetime": {"datetime": "2024-01-20 16:10:24", "elapsed": 6392.623424, "delta": 0.00686}}
{"target": -19.142684369586778, "params": {"colsample_bytree": 0.632393911198304, "eta": 0.08093930635701678, "gamma": 51.68725318420697, "max_depth": 3.0, "min_child_weight": 3727.9965505266155, "num_boost_round": 10.0, "subsample": 0.20464598122447378}, "datetime": {"datetime": "2024-01-20 16:10:24", "elapsed": 6392.629826, "delta": 0.006402}}
{"target": -19.14270820105422, "params": {"colsample_bytree": 0.632393911198304, "eta": 0.08093930635701678, "gamma": 51.68725318420697, "max_depth": 3.0, "min_child_weight": 3727.9965505266155, "num_boost_round": 11.0, "subsample": 0.20464598122447378}, "datetime": {"datetime": "2024-01-20 16:10:24", "elapsed": 6392.636369, "delta": 0.006543}}
{"target": -19.142841777998807, "params": {"colsample_bytree": 0.632393911198304, "eta": 0.08093930635701678, "gamma": 51.68725318420697, "max_depth": 3.0, "min_child_weight": 3727.9965505266155, "num_boost_round": 12.0, "subsample": 0.20464598122447378}, "datetime": {"datetime": "2024-01-20 16:10:24", "elapsed": 6392.64271, "delta": 0.006341}}
{"target": -19.14315452488153, "params": {"colsample_bytree": 0.632393911198304, "eta": 0.08093930635701678, "gamma": 51.68725318420697, "max_depth": 3.0, "min_child_weight": 3727.9965505266155, "num_boost_round": 13.0, "subsample": 0.20464598122447378}, "datetime": {"datetime": "2024-01-20 16:10:24", "elapsed": 6392.649192, "delta": 0.006482}}
{"target": -19.143902068608405, "params": {"colsample_bytree": 0.632393911198304, "eta": 0.08093930635701678, "gamma": 51.68725318420697, "max_depth": 3.0, "min_child_weight": 3727.9965505266155, "num_boost_round": 14.0, "subsample": 0.20464598122447378}, "datetime": {"datetime": "2024-01-20 16:10:24", "elapsed": 6392.655915, "delta": 0.006723}}
{"target": -19.1442985605265, "params": {"colsample_bytree": 0.632393911198304, "eta": 0.08093930635701678, "gamma": 51.68725318420697, "max_depth": 3.0, "min_child_weight": 3727.9965505266155, "num_boost_round": 15.0, "subsample": 0.20464598122447378}, "datetime": {"datetime": "2024-01-20 16:10:24", "elapsed": 6392.66244, "delta": 0.006525}}
{"target": -19.144145718995155, "params": {"colsample_bytree": 0.632393911198304, "eta": 0.08093930635701678, "gamma": 51.68725318420697, "max_depth": 3.0, "min_child_weight": 3727.9965505266155, "num_boost_round": 16.0, "subsample": 0.20464598122447378}, "datetime": {"datetime": "2024-01-20 16:10:24", "elapsed": 6392.674777, "delta": 0.012337}}
{"target": -19.144081097172787, "params": {"colsample_bytree": 0.632393911198304, "eta": 0.08093930635701678, "gamma": 51.68725318420697, "max_depth": 3.0, "min_child_weight": 3727.9965505266155, "num_boost_round": 17.0, "subsample": 0.20464598122447378}, "datetime": {"datetime": "2024-01-20 16:10:24", "elapsed": 6392.682074, "delta": 0.007297}}
{"target": -19.144234460124565, "params": {"colsample_bytree": 0.632393911198304, "eta": 0.08093930635701678, "gamma": 51.68725318420697, "max_depth": 3.0, "min_child_weight": 3727.9965505266155, "num_boost_round": 18.0, "subsample": 0.20464598122447378}, "datetime": {"datetime": "2024-01-20 16:10:24", "elapsed": 6392.688589, "delta": 0.006515}}
{"target": -19.144545109570338, "params": {"colsample_bytree": 0.632393911198304, "eta": 0.08093930635701678, "gamma": 51.68725318420697, "max_depth": 3.0, "min_child_weight": 3727.9965505266155, "num_boost_round": 19.0, "subsample": 0.20464598122447378}, "datetime": {"datetime": "2024-01-20 16:10:24", "elapsed": 6392.698322, "delta": 0.009733}}
{"target": -19.14448120295728, "params": {"colsample_bytree": 0.632393911198304, "eta": 0.08093930635701678, "gamma": 51.68725318420697, "max_depth": 3.0, "min_child_weight": 3727.9965505266155, "num_boost_round": 20.0, "subsample": 0.20464598122447378}, "datetime": {"datetime": "2024-01-20 16:10:24", "elapsed": 6392.704941, "delta": 0.006619}}
{"target": -19.14537767957902, "params": {"colsample_bytree": 0.632393911198304, "eta": 0.08093930635701678, "gamma": 51.68725318420697, "max_depth": 3.0, "min_child_weight": 3727.9965505266155, "num_boost_round": 21.0, "subsample": 0.20464598122447378}, "datetime": {"datetime": "2024-01-20 16:10:24", "elapsed": 6392.711653, "delta": 0.006712}}
{"target": -19.143485335685305, "params": {"colsample_bytree": 0.9773328867123909, "eta": 0.047545407812044485, "gamma": 265.6910822571349, "max_depth": 6.0, "min_child_weight": 3735.1151938291828, "num_boost_round": 1.0, "subsample": 0.9261581066310298}, "datetime": {"datetime": "2024-01-20 16:13:35", "elapsed": 6583.216775, "delta": 190.505122}}
{"target": -19.144136569115098, "params": {"colsample_bytree": 0.9773328867123909, "eta": 0.047545407812044485, "gamma": 265.6910822571349, "max_depth": 6.0, "min_child_weight": 3735.1151938291828, "num_boost_round": 2.0, "subsample": 0.9261581066310298}, "datetime": {"datetime": "2024-01-20 16:13:35", "elapsed": 6583.234528, "delta": 0.017753}}
{"target": -19.144597926642316, "params": {"colsample_bytree": 0.9773328867123909, "eta": 0.047545407812044485, "gamma": 265.6910822571349, "max_depth": 6.0, "min_child_weight": 3735.1151938291828, "num_boost_round": 3.0, "subsample": 0.9261581066310298}, "datetime": {"datetime": "2024-01-20 16:13:35", "elapsed": 6583.239388, "delta": 0.00486}}
{"target": -19.145071428538458, "params": {"colsample_bytree": 0.9773328867123909, "eta": 0.047545407812044485, "gamma": 265.6910822571349, "max_depth": 6.0, "min_child_weight": 3735.1151938291828, "num_boost_round": 4.0, "subsample": 0.9261581066310298}, "datetime": {"datetime": "2024-01-20 16:13:35", "elapsed": 6583.244374, "delta": 0.004986}}
{"target": -19.14549997850888, "params": {"colsample_bytree": 0.9773328867123909, "eta": 0.047545407812044485, "gamma": 265.6910822571349, "max_depth": 6.0, "min_child_weight": 3735.1151938291828, "num_boost_round": 5.0, "subsample": 0.9261581066310298}, "datetime": {"datetime": "2024-01-20 16:13:35", "elapsed": 6583.249345, "delta": 0.004971}}
