{"target": -13.73112171003251, "params": {"colsample_bytree": 0.9008474986226908, "eta": 0.009951290291759588, "gamma": 784.870821114286, "max_depth": 5.0, "min_child_weight": 3777.741159871727, "num_boost_round": 1.0, "subsample": 0.19176205335068203}, "datetime": {"datetime": "2024-01-20 15:04:13", "elapsed": 2414.758424, "delta": 15.751879}}
{"target": -13.731238284090377, "params": {"colsample_bytree": 0.9008474986226908, "eta": 0.009951290291759588, "gamma": 784.870821114286, "max_depth": 5.0, "min_child_weight": 3777.741159871727, "num_boost_round": 2.0, "subsample": 0.19176205335068203}, "datetime": {"datetime": "2024-01-20 15:04:13", "elapsed": 2414.760795, "delta": 0.002371}}
{"target": -13.732317062208704, "params": {"colsample_bytree": 0.9679419865462094, "eta": 0.08169233070672648, "gamma": 670.2758937400916, "max_depth": 5.0, "min_child_weight": 4731.49613950509, "num_boost_round": 1.0, "subsample": 0.6221806343451087}, "datetime": {"datetime": "2024-01-20 15:04:29", "elapsed": 2430.65235, "delta": 15.891555}}
{"target": -13.733320197561554, "params": {"colsample_bytree": 0.9679419865462094, "eta": 0.08169233070672648, "gamma": 670.2758937400916, "max_depth": 5.0, "min_child_weight": 4731.49613950509, "num_boost_round": 2.0, "subsample": 0.6221806343451087}, "datetime": {"datetime": "2024-01-20 15:04:29", "elapsed": 2430.655152, "delta": 0.002802}}
{"target": -13.731623803072251, "params": {"colsample_bytree": 0.22423663018612722, "eta": 0.0623895617758098, "gamma": 857.5206646691128, "max_depth": 5.0, "min_child_weight": 3867.5641005841876, "num_boost_round": 1.0, "subsample": 0.7849551560512361}, "datetime": {"datetime": "2024-01-20 15:04:45", "elapsed": 2446.826387, "delta": 16.171235}}
{"target": -13.732097835686844, "params": {"colsample_bytree": 0.22423663018612722, "eta": 0.0623895617758098, "gamma": 857.5206646691128, "max_depth": 5.0, "min_child_weight": 3867.5641005841876, "num_boost_round": 2.0, "subsample": 0.7849551560512361}, "datetime": {"datetime": "2024-01-20 15:04:45", "elapsed": 2446.828867, "delta": 0.00248}}
{"target": -13.732666549382296, "params": {"colsample_bytree": 0.22423663018612722, "eta": 0.0623895617758098, "gamma": 857.5206646691128, "max_depth": 5.0, "min_child_weight": 3867.5641005841876, "num_boost_round": 3.0, "subsample": 0.7849551560512361}, "datetime": {"datetime": "2024-01-20 15:04:45", "elapsed": 2446.83113, "delta": 0.002263}}
{"target": -13.731745722896893, "params": {"colsample_bytree": 0.16251420699583624, "eta": 0.0831860279650509, "gamma": 756.7837377147303, "max_depth": 2.0, "min_child_weight": 4640.319250320866, "num_boost_round": 1.0, "subsample": 0.9591556288598372}, "datetime": {"datetime": "2024-01-20 15:05:03", "elapsed": 2464.548643, "delta": 17.717513}}
{"target": -13.73223104113912, "params": {"colsample_bytree": 0.16251420699583624, "eta": 0.0831860279650509, "gamma": 756.7837377147303, "max_depth": 2.0, "min_child_weight": 4640.319250320866, "num_boost_round": 2.0, "subsample": 0.9591556288598372}, "datetime": {"datetime": "2024-01-20 15:05:03", "elapsed": 2464.550804, "delta": 0.002161}}
{"target": -13.732342676165741, "params": {"colsample_bytree": 0.16251420699583624, "eta": 0.0831860279650509, "gamma": 756.7837377147303, "max_depth": 2.0, "min_child_weight": 4640.319250320866, "num_boost_round": 3.0, "subsample": 0.9591556288598372}, "datetime": {"datetime": "2024-01-20 15:05:03", "elapsed": 2464.552635, "delta": 0.001831}}
{"target": -13.732807800437207, "params": {"colsample_bytree": 0.16251420699583624, "eta": 0.0831860279650509, "gamma": 756.7837377147303, "max_depth": 2.0, "min_child_weight": 4640.319250320866, "num_boost_round": 4.0, "subsample": 0.9591556288598372}, "datetime": {"datetime": "2024-01-20 15:05:03", "elapsed": 2464.554876, "delta": 0.002241}}
{"target": -13.73336079087907, "params": {"colsample_bytree": 0.16251420699583624, "eta": 0.0831860279650509, "gamma": 756.7837377147303, "max_depth": 2.0, "min_child_weight": 4640.319250320866, "num_boost_round": 5.0, "subsample": 0.9591556288598372}, "datetime": {"datetime": "2024-01-20 15:05:03", "elapsed": 2464.556496, "delta": 0.00162}}
{"target": -13.732690700153842, "params": {"colsample_bytree": 0.5839775815727762, "eta": 0.06833695237067078, "gamma": 3.4189157617643406, "max_depth": 7.0, "min_child_weight": 3882.5846428581517, "num_boost_round": 1.0, "subsample": 0.7095176939693444}, "datetime": {"datetime": "2024-01-20 15:05:21", "elapsed": 2482.878034, "delta": 18.321538}}
{"target": -13.733690485478132, "params": {"colsample_bytree": 0.5839775815727762, "eta": 0.06833695237067078, "gamma": 3.4189157617643406, "max_depth": 7.0, "min_child_weight": 3882.5846428581517, "num_boost_round": 2.0, "subsample": 0.7095176939693444}, "datetime": {"datetime": "2024-01-20 15:05:21", "elapsed": 2482.880278, "delta": 0.002244}}
{"target": -13.735523316801629, "params": {"colsample_bytree": 0.5839775815727762, "eta": 0.06833695237067078, "gamma": 3.4189157617643406, "max_depth": 7.0, "min_child_weight": 3882.5846428581517, "num_boost_round": 3.0, "subsample": 0.7095176939693444}, "datetime": {"datetime": "2024-01-20 15:05:21", "elapsed": 2482.882167, "delta": 0.001889}}
{"target": -13.737387494861762, "params": {"colsample_bytree": 0.5839775815727762, "eta": 0.06833695237067078, "gamma": 3.4189157617643406, "max_depth": 7.0, "min_child_weight": 3882.5846428581517, "num_boost_round": 4.0, "subsample": 0.7095176939693444}, "datetime": {"datetime": "2024-01-20 15:05:21", "elapsed": 2482.883901, "delta": 0.001734}}
{"target": -13.739650871048909, "params": {"colsample_bytree": 0.5839775815727762, "eta": 0.06833695237067078, "gamma": 3.4189157617643406, "max_depth": 7.0, "min_child_weight": 3882.5846428581517, "num_boost_round": 5.0, "subsample": 0.7095176939693444}, "datetime": {"datetime": "2024-01-20 15:05:21", "elapsed": 2482.88564, "delta": 0.001739}}
{"target": -13.742117724325066, "params": {"colsample_bytree": 0.5839775815727762, "eta": 0.06833695237067078, "gamma": 3.4189157617643406, "max_depth": 7.0, "min_child_weight": 3882.5846428581517, "num_boost_round": 6.0, "subsample": 0.7095176939693444}, "datetime": {"datetime": "2024-01-20 15:05:22", "elapsed": 2482.887396, "delta": 0.001756}}
{"target": -13.7435753584024, "params": {"colsample_bytree": 0.5839775815727762, "eta": 0.06833695237067078, "gamma": 3.4189157617643406, "max_depth": 7.0, "min_child_weight": 3882.5846428581517, "num_boost_round": 7.0, "subsample": 0.7095176939693444}, "datetime": {"datetime": "2024-01-20 15:05:22", "elapsed": 2482.888982, "delta": 0.001586}}
{"target": -13.73133388136962, "params": {"colsample_bytree": 0.6535040755262558, "eta": 0.032373633197410066, "gamma": 176.69124063077234, "max_depth": 4.0, "min_child_weight": 3964.940334586557, "num_boost_round": 1.0, "subsample": 0.507946535555354}, "datetime": {"datetime": "2024-01-20 15:05:40", "elapsed": 2500.889951, "delta": 18.000969}}
{"target": -13.731545936924007, "params": {"colsample_bytree": 0.6535040755262558, "eta": 0.032373633197410066, "gamma": 176.69124063077234, "max_depth": 4.0, "min_child_weight": 3964.940334586557, "num_boost_round": 2.0, "subsample": 0.507946535555354}, "datetime": {"datetime": "2024-01-20 15:05:40", "elapsed": 2500.892213, "delta": 0.002262}}
{"target": -13.731900278447636, "params": {"colsample_bytree": 0.6535040755262558, "eta": 0.032373633197410066, "gamma": 176.69124063077234, "max_depth": 4.0, "min_child_weight": 3964.940334586557, "num_boost_round": 3.0, "subsample": 0.507946535555354}, "datetime": {"datetime": "2024-01-20 15:05:40", "elapsed": 2500.894925, "delta": 0.002712}}
{"target": -13.732364782408911, "params": {"colsample_bytree": 0.6535040755262558, "eta": 0.032373633197410066, "gamma": 176.69124063077234, "max_depth": 4.0, "min_child_weight": 3964.940334586557, "num_boost_round": 4.0, "subsample": 0.507946535555354}, "datetime": {"datetime": "2024-01-20 15:05:40", "elapsed": 2500.896676, "delta": 0.001751}}
{"target": -13.732892777903128, "params": {"colsample_bytree": 0.6535040755262558, "eta": 0.032373633197410066, "gamma": 176.69124063077234, "max_depth": 4.0, "min_child_weight": 3964.940334586557, "num_boost_round": 5.0, "subsample": 0.507946535555354}, "datetime": {"datetime": "2024-01-20 15:05:40", "elapsed": 2500.898285, "delta": 0.001609}}
{"target": -13.733326742653574, "params": {"colsample_bytree": 0.6535040755262558, "eta": 0.032373633197410066, "gamma": 176.69124063077234, "max_depth": 4.0, "min_child_weight": 3964.940334586557, "num_boost_round": 6.0, "subsample": 0.507946535555354}, "datetime": {"datetime": "2024-01-20 15:05:40", "elapsed": 2500.899926, "delta": 0.001641}}
{"target": -13.732592725737277, "params": {"colsample_bytree": 0.7964262033748207, "eta": 0.07688371630498773, "gamma": 738.5178399182901, "max_depth": 9.0, "min_child_weight": 3749.714576781765, "num_boost_round": 1.0, "subsample": 0.4542699399421879}, "datetime": {"datetime": "2024-01-20 15:06:00", "elapsed": 2521.712717, "delta": 20.812791}}
{"target": -13.734941103836338, "params": {"colsample_bytree": 0.7964262033748207, "eta": 0.07688371630498773, "gamma": 738.5178399182901, "max_depth": 9.0, "min_child_weight": 3749.714576781765, "num_boost_round": 2.0, "subsample": 0.4542699399421879}, "datetime": {"datetime": "2024-01-20 15:06:00", "elapsed": 2521.715554, "delta": 0.002837}}
{"target": -13.737063370463554, "params": {"colsample_bytree": 0.7964262033748207, "eta": 0.07688371630498773, "gamma": 738.5178399182901, "max_depth": 9.0, "min_child_weight": 3749.714576781765, "num_boost_round": 3.0, "subsample": 0.4542699399421879}, "datetime": {"datetime": "2024-01-20 15:06:00", "elapsed": 2521.717225, "delta": 0.001671}}
{"target": -13.739274925674506, "params": {"colsample_bytree": 0.7964262033748207, "eta": 0.07688371630498773, "gamma": 738.5178399182901, "max_depth": 9.0, "min_child_weight": 3749.714576781765, "num_boost_round": 4.0, "subsample": 0.4542699399421879}, "datetime": {"datetime": "2024-01-20 15:06:00", "elapsed": 2521.718835, "delta": 0.00161}}
{"target": -13.742490067702526, "params": {"colsample_bytree": 0.7964262033748207, "eta": 0.07688371630498773, "gamma": 738.5178399182901, "max_depth": 9.0, "min_child_weight": 3749.714576781765, "num_boost_round": 5.0, "subsample": 0.4542699399421879}, "datetime": {"datetime": "2024-01-20 15:06:00", "elapsed": 2521.720572, "delta": 0.001737}}
{"target": -13.745149616433824, "params": {"colsample_bytree": 0.7964262033748207, "eta": 0.07688371630498773, "gamma": 738.5178399182901, "max_depth": 9.0, "min_child_weight": 3749.714576781765, "num_boost_round": 6.0, "subsample": 0.4542699399421879}, "datetime": {"datetime": "2024-01-20 15:06:00", "elapsed": 2521.72217, "delta": 0.001598}}
{"target": -13.747862358130181, "params": {"colsample_bytree": 0.7964262033748207, "eta": 0.07688371630498773, "gamma": 738.5178399182901, "max_depth": 9.0, "min_child_weight": 3749.714576781765, "num_boost_round": 7.0, "subsample": 0.4542699399421879}, "datetime": {"datetime": "2024-01-20 15:06:00", "elapsed": 2521.723832, "delta": 0.001662}}
{"target": -13.749916195223264, "params": {"colsample_bytree": 0.7964262033748207, "eta": 0.07688371630498773, "gamma": 738.5178399182901, "max_depth": 9.0, "min_child_weight": 3749.714576781765, "num_boost_round": 8.0, "subsample": 0.4542699399421879}, "datetime": {"datetime": "2024-01-20 15:06:00", "elapsed": 2521.725518, "delta": 0.001686}}
{"target": -13.751957665713388, "params": {"colsample_bytree": 0.7964262033748207, "eta": 0.07688371630498773, "gamma": 738.5178399182901, "max_depth": 9.0, "min_child_weight": 3749.714576781765, "num_boost_round": 9.0, "subsample": 0.4542699399421879}, "datetime": {"datetime": "2024-01-20 15:06:00", "elapsed": 2521.727163, "delta": 0.001645}}
{"target": -13.732003549499636, "params": {"colsample_bytree": 0.6203012724770993, "eta": 0.06180546449123315, "gamma": 890.5402859217612, "max_depth": 3.0, "min_child_weight": 4507.549374604616, "num_boost_round": 1.0, "subsample": 0.9724046591023259}, "datetime": {"datetime": "2024-01-20 15:06:17", "elapsed": 2538.182275, "delta": 16.455112}}
{"target": -13.732103945504694, "params": {"colsample_bytree": 0.40804406044477104, "eta": 0.08487949431047094, "gamma": 283.7908551740914, "max_depth": 6.0, "min_child_weight": 4330.1790743591955, "num_boost_round": 1.0, "subsample": 0.8900601400969694}, "datetime": {"datetime": "2024-01-20 15:06:35", "elapsed": 2556.269978, "delta": 18.087703}}
{"target": -13.732676325844405, "params": {"colsample_bytree": 0.40804406044477104, "eta": 0.08487949431047094, "gamma": 283.7908551740914, "max_depth": 6.0, "min_child_weight": 4330.1790743591955, "num_boost_round": 2.0, "subsample": 0.8900601400969694}, "datetime": {"datetime": "2024-01-20 15:06:35", "elapsed": 2556.272581, "delta": 0.002603}}
{"target": -13.733782438519876, "params": {"colsample_bytree": 0.40804406044477104, "eta": 0.08487949431047094, "gamma": 283.7908551740914, "max_depth": 6.0, "min_child_weight": 4330.1790743591955, "num_boost_round": 3.0, "subsample": 0.8900601400969694}, "datetime": {"datetime": "2024-01-20 15:06:35", "elapsed": 2556.274329, "delta": 0.001748}}
{"target": -13.735211574564225, "params": {"colsample_bytree": 0.40804406044477104, "eta": 0.08487949431047094, "gamma": 283.7908551740914, "max_depth": 6.0, "min_child_weight": 4330.1790743591955, "num_boost_round": 4.0, "subsample": 0.8900601400969694}, "datetime": {"datetime": "2024-01-20 15:06:35", "elapsed": 2556.275981, "delta": 0.001652}}
{"target": -13.733682731126956, "params": {"colsample_bytree": 0.817580872775715, "eta": 0.092099240464848, "gamma": 343.17387632064157, "max_depth": 9.0, "min_child_weight": 4390.947988372305, "num_boost_round": 1.0, "subsample": 0.9965401719126796}, "datetime": {"datetime": "2024-01-20 15:06:51", "elapsed": 2572.341169, "delta": 16.065188}}
{"target": -13.73734125136109, "params": {"colsample_bytree": 0.817580872775715, "eta": 0.092099240464848, "gamma": 343.17387632064157, "max_depth": 9.0, "min_child_weight": 4390.947988372305, "num_boost_round": 2.0, "subsample": 0.9965401719126796}, "datetime": {"datetime": "2024-01-20 15:06:51", "elapsed": 2572.343906, "delta": 0.002737}}
{"target": -13.740379757103284, "params": {"colsample_bytree": 0.817580872775715, "eta": 0.092099240464848, "gamma": 343.17387632064157, "max_depth": 9.0, "min_child_weight": 4390.947988372305, "num_boost_round": 3.0, "subsample": 0.9965401719126796}, "datetime": {"datetime": "2024-01-20 15:06:51", "elapsed": 2572.345667, "delta": 0.001761}}
{"target": -13.731023430116956, "params": {"colsample_bytree": 0.15226819853866003, "eta": 0.0030890221768050553, "gamma": 276.40073031869116, "max_depth": 9.0, "min_child_weight": 3776.401241850957, "num_boost_round": 1.0, "subsample": 0.7529849553541407}, "datetime": {"datetime": "2024-01-20 15:07:10", "elapsed": 2591.571773, "delta": 19.226106}}
{"target": -13.73104916131927, "params": {"colsample_bytree": 0.15226819853866003, "eta": 0.0030890221768050553, "gamma": 276.40073031869116, "max_depth": 9.0, "min_child_weight": 3776.401241850957, "num_boost_round": 2.0, "subsample": 0.7529849553541407}, "datetime": {"datetime": "2024-01-20 15:07:10", "elapsed": 2591.574612, "delta": 0.002839}}
{"target": -13.731063246889157, "params": {"colsample_bytree": 0.15226819853866003, "eta": 0.0030890221768050553, "gamma": 276.40073031869116, "max_depth": 9.0, "min_child_weight": 3776.401241850957, "num_boost_round": 3.0, "subsample": 0.7529849553541407}, "datetime": {"datetime": "2024-01-20 15:07:10", "elapsed": 2591.577166, "delta": 0.002554}}
{"target": -13.731089633930022, "params": {"colsample_bytree": 0.15226819853866003, "eta": 0.0030890221768050553, "gamma": 276.40073031869116, "max_depth": 9.0, "min_child_weight": 3776.401241850957, "num_boost_round": 4.0, "subsample": 0.7529849553541407}, "datetime": {"datetime": "2024-01-20 15:07:10", "elapsed": 2591.57883, "delta": 0.001664}}
{"target": -13.731106670446323, "params": {"colsample_bytree": 0.15226819853866003, "eta": 0.0030890221768050553, "gamma": 276.40073031869116, "max_depth": 9.0, "min_child_weight": 3776.401241850957, "num_boost_round": 5.0, "subsample": 0.7529849553541407}, "datetime": {"datetime": "2024-01-20 15:07:10", "elapsed": 2591.580532, "delta": 0.001702}}
{"target": -13.73111740016897, "params": {"colsample_bytree": 0.15226819853866003, "eta": 0.0030890221768050553, "gamma": 276.40073031869116, "max_depth": 9.0, "min_child_weight": 3776.401241850957, "num_boost_round": 6.0, "subsample": 0.7529849553541407}, "datetime": {"datetime": "2024-01-20 15:07:10", "elapsed": 2591.582172, "delta": 0.00164}}
{"target": -13.731152824023207, "params": {"colsample_bytree": 0.15226819853866003, "eta": 0.0030890221768050553, "gamma": 276.40073031869116, "max_depth": 9.0, "min_child_weight": 3776.401241850957, "num_boost_round": 7.0, "subsample": 0.7529849553541407}, "datetime": {"datetime": "2024-01-20 15:07:10", "elapsed": 2591.583918, "delta": 0.001746}}
{"target": -13.73101863432218, "params": {"colsample_bytree": 0.20239907857740824, "eta": 0.00017243305126329322, "gamma": 511.2103089031246, "max_depth": 3.0, "min_child_weight": 4709.551197033106, "num_boost_round": 1.0, "subsample": 0.8675972909401173}, "datetime": {"datetime": "2024-01-20 15:07:27", "elapsed": 2608.466307, "delta": 16.882389}}
{"target": -13.73101974419289, "params": {"colsample_bytree": 0.20239907857740824, "eta": 0.00017243305126329322, "gamma": 511.2103089031246, "max_depth": 3.0, "min_child_weight": 4709.551197033106, "num_boost_round": 2.0, "subsample": 0.8675972909401173}, "datetime": {"datetime": "2024-01-20 15:07:27", "elapsed": 2608.468844, "delta": 0.002537}}
{"target": -13.731020851077531, "params": {"colsample_bytree": 0.20239907857740824, "eta": 0.00017243305126329322, "gamma": 511.2103089031246, "max_depth": 3.0, "min_child_weight": 4709.551197033106, "num_boost_round": 3.0, "subsample": 0.8675972909401173}, "datetime": {"datetime": "2024-01-20 15:07:27", "elapsed": 2608.470547, "delta": 0.001703}}
{"target": -13.731441893838678, "params": {"colsample_bytree": 0.41196654865092874, "eta": 0.03843289571411461, "gamma": 521.364227288187, "max_depth": 4.0, "min_child_weight": 4659.070435844631, "num_boost_round": 1.0, "subsample": 0.6246194445158799}, "datetime": {"datetime": "2024-01-20 15:07:47", "elapsed": 2628.811054, "delta": 20.340507}}
{"target": -13.731663812456148, "params": {"colsample_bytree": 0.41196654865092874, "eta": 0.03843289571411461, "gamma": 521.364227288187, "max_depth": 4.0, "min_child_weight": 4659.070435844631, "num_boost_round": 2.0, "subsample": 0.6246194445158799}, "datetime": {"datetime": "2024-01-20 15:07:47", "elapsed": 2628.813418, "delta": 0.002364}}
{"target": -13.732090072620068, "params": {"colsample_bytree": 0.41196654865092874, "eta": 0.03843289571411461, "gamma": 521.364227288187, "max_depth": 4.0, "min_child_weight": 4659.070435844631, "num_boost_round": 3.0, "subsample": 0.6246194445158799}, "datetime": {"datetime": "2024-01-20 15:07:47", "elapsed": 2628.816079, "delta": 0.002661}}
{"target": -13.73248216369738, "params": {"colsample_bytree": 0.41196654865092874, "eta": 0.03843289571411461, "gamma": 521.364227288187, "max_depth": 4.0, "min_child_weight": 4659.070435844631, "num_boost_round": 4.0, "subsample": 0.6246194445158799}, "datetime": {"datetime": "2024-01-20 15:07:47", "elapsed": 2628.817757, "delta": 0.001678}}
{"target": -13.733289950077863, "params": {"colsample_bytree": 0.41196654865092874, "eta": 0.03843289571411461, "gamma": 521.364227288187, "max_depth": 4.0, "min_child_weight": 4659.070435844631, "num_boost_round": 5.0, "subsample": 0.6246194445158799}, "datetime": {"datetime": "2024-01-20 15:07:47", "elapsed": 2628.819485, "delta": 0.001728}}
{"target": -13.733769688236626, "params": {"colsample_bytree": 0.41196654865092874, "eta": 0.03843289571411461, "gamma": 521.364227288187, "max_depth": 4.0, "min_child_weight": 4659.070435844631, "num_boost_round": 6.0, "subsample": 0.6246194445158799}, "datetime": {"datetime": "2024-01-20 15:07:47", "elapsed": 2628.821149, "delta": 0.001664}}
{"target": -13.73426017845991, "params": {"colsample_bytree": 0.41196654865092874, "eta": 0.03843289571411461, "gamma": 521.364227288187, "max_depth": 4.0, "min_child_weight": 4659.070435844631, "num_boost_round": 7.0, "subsample": 0.6246194445158799}, "datetime": {"datetime": "2024-01-20 15:07:47", "elapsed": 2628.822829, "delta": 0.00168}}
{"target": -13.734874964310134, "params": {"colsample_bytree": 0.41196654865092874, "eta": 0.03843289571411461, "gamma": 521.364227288187, "max_depth": 4.0, "min_child_weight": 4659.070435844631, "num_boost_round": 8.0, "subsample": 0.6246194445158799}, "datetime": {"datetime": "2024-01-20 15:07:47", "elapsed": 2628.82462, "delta": 0.001791}}
{"target": -13.73543915732041, "params": {"colsample_bytree": 0.41196654865092874, "eta": 0.03843289571411461, "gamma": 521.364227288187, "max_depth": 4.0, "min_child_weight": 4659.070435844631, "num_boost_round": 9.0, "subsample": 0.6246194445158799}, "datetime": {"datetime": "2024-01-20 15:07:47", "elapsed": 2628.82628, "delta": 0.00166}}
{"target": -13.73593540114961, "params": {"colsample_bytree": 0.41196654865092874, "eta": 0.03843289571411461, "gamma": 521.364227288187, "max_depth": 4.0, "min_child_weight": 4659.070435844631, "num_boost_round": 10.0, "subsample": 0.6246194445158799}, "datetime": {"datetime": "2024-01-20 15:07:47", "elapsed": 2628.827934, "delta": 0.001654}}
{"target": -13.736382940922459, "params": {"colsample_bytree": 0.41196654865092874, "eta": 0.03843289571411461, "gamma": 521.364227288187, "max_depth": 4.0, "min_child_weight": 4659.070435844631, "num_boost_round": 11.0, "subsample": 0.6246194445158799}, "datetime": {"datetime": "2024-01-20 15:07:47", "elapsed": 2628.829588, "delta": 0.001654}}
