{"target": -12.35175473047348, "params": {"colsample_bytree": 0.4927872173966955, "eta": 0.01715043979276766, "gamma": 562.8215489258666, "max_depth": 5.0, "min_child_weight": 4242.267772998672, "num_boost_round": 16.0, "subsample": 0.9320559253012867}, "datetime": {"datetime": "2024-01-20 14:37:47", "elapsed": 833.548893, "delta": 0.001559}}
{"target": -12.351483186368867, "params": {"colsample_bytree": 0.4927872173966955, "eta": 0.01715043979276766, "gamma": 562.8215489258666, "max_depth": 5.0, "min_child_weight": 4242.267772998672, "num_boost_round": 17.0, "subsample": 0.9320559253012867}, "datetime": {"datetime": "2024-01-20 14:37:47", "elapsed": 833.550439, "delta": 0.001546}}
{"target": -12.351488286214824, "params": {"colsample_bytree": 0.4927872173966955, "eta": 0.01715043979276766, "gamma": 562.8215489258666, "max_depth": 5.0, "min_child_weight": 4242.267772998672, "num_boost_round": 18.0, "subsample": 0.9320559253012867}, "datetime": {"datetime": "2024-01-20 14:37:47", "elapsed": 833.551989, "delta": 0.00155}}
{"target": -12.351455781646283, "params": {"colsample_bytree": 0.4927872173966955, "eta": 0.01715043979276766, "gamma": 562.8215489258666, "max_depth": 5.0, "min_child_weight": 4242.267772998672, "num_boost_round": 19.0, "subsample": 0.9320559253012867}, "datetime": {"datetime": "2024-01-20 14:37:47", "elapsed": 833.553541, "delta": 0.001552}}
{"target": -12.351306284439033, "params": {"colsample_bytree": 0.4927872173966955, "eta": 0.01715043979276766, "gamma": 562.8215489258666, "max_depth": 5.0, "min_child_weight": 4242.267772998672, "num_boost_round": 20.0, "subsample": 0.9320559253012867}, "datetime": {"datetime": "2024-01-20 14:37:47", "elapsed": 833.559908, "delta": 0.006367}}
{"target": -12.351427846123192, "params": {"colsample_bytree": 0.4927872173966955, "eta": 0.01715043979276766, "gamma": 562.8215489258666, "max_depth": 5.0, "min_child_weight": 4242.267772998672, "num_boost_round": 21.0, "subsample": 0.9320559253012867}, "datetime": {"datetime": "2024-01-20 14:37:47", "elapsed": 833.561555, "delta": 0.001647}}
{"target": -12.351513210026727, "params": {"colsample_bytree": 0.4927872173966955, "eta": 0.01715043979276766, "gamma": 562.8215489258666, "max_depth": 5.0, "min_child_weight": 4242.267772998672, "num_boost_round": 22.0, "subsample": 0.9320559253012867}, "datetime": {"datetime": "2024-01-20 14:37:47", "elapsed": 833.563125, "delta": 0.00157}}
{"target": -12.351162528633324, "params": {"colsample_bytree": 0.4927872173966955, "eta": 0.01715043979276766, "gamma": 562.8215489258666, "max_depth": 5.0, "min_child_weight": 4242.267772998672, "num_boost_round": 23.0, "subsample": 0.9320559253012867}, "datetime": {"datetime": "2024-01-20 14:37:47", "elapsed": 833.564682, "delta": 0.001557}}
{"target": -12.351272689886557, "params": {"colsample_bytree": 0.4927872173966955, "eta": 0.01715043979276766, "gamma": 562.8215489258666, "max_depth": 5.0, "min_child_weight": 4242.267772998672, "num_boost_round": 24.0, "subsample": 0.9320559253012867}, "datetime": {"datetime": "2024-01-20 14:37:47", "elapsed": 833.566282, "delta": 0.0016}}
{"target": -12.350680445167985, "params": {"colsample_bytree": 0.4927872173966955, "eta": 0.01715043979276766, "gamma": 562.8215489258666, "max_depth": 5.0, "min_child_weight": 4242.267772998672, "num_boost_round": 25.0, "subsample": 0.9320559253012867}, "datetime": {"datetime": "2024-01-20 14:37:47", "elapsed": 833.567859, "delta": 0.001577}}
{"target": -12.350423315336924, "params": {"colsample_bytree": 0.4927872173966955, "eta": 0.01715043979276766, "gamma": 562.8215489258666, "max_depth": 5.0, "min_child_weight": 4242.267772998672, "num_boost_round": 26.0, "subsample": 0.9320559253012867}, "datetime": {"datetime": "2024-01-20 14:37:47", "elapsed": 833.569421, "delta": 0.001562}}
{"target": -12.35045377428852, "params": {"colsample_bytree": 0.4927872173966955, "eta": 0.01715043979276766, "gamma": 562.8215489258666, "max_depth": 5.0, "min_child_weight": 4242.267772998672, "num_boost_round": 27.0, "subsample": 0.9320559253012867}, "datetime": {"datetime": "2024-01-20 14:37:47", "elapsed": 833.570988, "delta": 0.001567}}
{"target": -12.349762459627009, "params": {"colsample_bytree": 0.4927872173966955, "eta": 0.01715043979276766, "gamma": 562.8215489258666, "max_depth": 5.0, "min_child_weight": 4242.267772998672, "num_boost_round": 28.0, "subsample": 0.9320559253012867}, "datetime": {"datetime": "2024-01-20 14:37:47", "elapsed": 833.572576, "delta": 0.001588}}
{"target": -12.34939731595769, "params": {"colsample_bytree": 0.4927872173966955, "eta": 0.01715043979276766, "gamma": 562.8215489258666, "max_depth": 5.0, "min_child_weight": 4242.267772998672, "num_boost_round": 29.0, "subsample": 0.9320559253012867}, "datetime": {"datetime": "2024-01-20 14:37:47", "elapsed": 833.574144, "delta": 0.001568}}
{"target": -12.34905170860485, "params": {"colsample_bytree": 0.4927872173966955, "eta": 0.01715043979276766, "gamma": 562.8215489258666, "max_depth": 5.0, "min_child_weight": 4242.267772998672, "num_boost_round": 30.0, "subsample": 0.9320559253012867}, "datetime": {"datetime": "2024-01-20 14:37:47", "elapsed": 833.575701, "delta": 0.001557}}
{"target": -12.348461920456646, "params": {"colsample_bytree": 0.4927872173966955, "eta": 0.01715043979276766, "gamma": 562.8215489258666, "max_depth": 5.0, "min_child_weight": 4242.267772998672, "num_boost_round": 31.0, "subsample": 0.9320559253012867}, "datetime": {"datetime": "2024-01-20 14:37:47", "elapsed": 833.577258, "delta": 0.001557}}
{"target": -12.348540663649814, "params": {"colsample_bytree": 0.4927872173966955, "eta": 0.01715043979276766, "gamma": 562.8215489258666, "max_depth": 5.0, "min_child_weight": 4242.267772998672, "num_boost_round": 32.0, "subsample": 0.9320559253012867}, "datetime": {"datetime": "2024-01-20 14:37:47", "elapsed": 833.578948, "delta": 0.00169}}
{"target": -12.348599012477532, "params": {"colsample_bytree": 0.4927872173966955, "eta": 0.01715043979276766, "gamma": 562.8215489258666, "max_depth": 5.0, "min_child_weight": 4242.267772998672, "num_boost_round": 33.0, "subsample": 0.9320559253012867}, "datetime": {"datetime": "2024-01-20 14:37:47", "elapsed": 833.580513, "delta": 0.001565}}
{"target": -12.348474423654975, "params": {"colsample_bytree": 0.4927872173966955, "eta": 0.01715043979276766, "gamma": 562.8215489258666, "max_depth": 5.0, "min_child_weight": 4242.267772998672, "num_boost_round": 34.0, "subsample": 0.9320559253012867}, "datetime": {"datetime": "2024-01-20 14:37:47", "elapsed": 833.582114, "delta": 0.001601}}
{"target": -12.348220155606729, "params": {"colsample_bytree": 0.4927872173966955, "eta": 0.01715043979276766, "gamma": 562.8215489258666, "max_depth": 5.0, "min_child_weight": 4242.267772998672, "num_boost_round": 35.0, "subsample": 0.9320559253012867}, "datetime": {"datetime": "2024-01-20 14:37:47", "elapsed": 833.583686, "delta": 0.001572}}
{"target": -12.348203900337793, "params": {"colsample_bytree": 0.4927872173966955, "eta": 0.01715043979276766, "gamma": 562.8215489258666, "max_depth": 5.0, "min_child_weight": 4242.267772998672, "num_boost_round": 36.0, "subsample": 0.9320559253012867}, "datetime": {"datetime": "2024-01-20 14:37:47", "elapsed": 833.585296, "delta": 0.00161}}
{"target": -12.347897871501885, "params": {"colsample_bytree": 0.4927872173966955, "eta": 0.01715043979276766, "gamma": 562.8215489258666, "max_depth": 5.0, "min_child_weight": 4242.267772998672, "num_boost_round": 37.0, "subsample": 0.9320559253012867}, "datetime": {"datetime": "2024-01-20 14:37:47", "elapsed": 833.586882, "delta": 0.001586}}
{"target": -12.347766665801423, "params": {"colsample_bytree": 0.4927872173966955, "eta": 0.01715043979276766, "gamma": 562.8215489258666, "max_depth": 5.0, "min_child_weight": 4242.267772998672, "num_boost_round": 38.0, "subsample": 0.9320559253012867}, "datetime": {"datetime": "2024-01-20 14:37:47", "elapsed": 833.588465, "delta": 0.001583}}
{"target": -12.347771332624093, "params": {"colsample_bytree": 0.4927872173966955, "eta": 0.01715043979276766, "gamma": 562.8215489258666, "max_depth": 5.0, "min_child_weight": 4242.267772998672, "num_boost_round": 39.0, "subsample": 0.9320559253012867}, "datetime": {"datetime": "2024-01-20 14:37:47", "elapsed": 833.590036, "delta": 0.001571}}
{"target": -12.3475358482443, "params": {"colsample_bytree": 0.4927872173966955, "eta": 0.01715043979276766, "gamma": 562.8215489258666, "max_depth": 5.0, "min_child_weight": 4242.267772998672, "num_boost_round": 40.0, "subsample": 0.9320559253012867}, "datetime": {"datetime": "2024-01-20 14:37:47", "elapsed": 833.591633, "delta": 0.001597}}
{"target": -12.3470841321808, "params": {"colsample_bytree": 0.4927872173966955, "eta": 0.01715043979276766, "gamma": 562.8215489258666, "max_depth": 5.0, "min_child_weight": 4242.267772998672, "num_boost_round": 41.0, "subsample": 0.9320559253012867}, "datetime": {"datetime": "2024-01-20 14:37:47", "elapsed": 833.593235, "delta": 0.001602}}
{"target": -12.34673604389576, "params": {"colsample_bytree": 0.4927872173966955, "eta": 0.01715043979276766, "gamma": 562.8215489258666, "max_depth": 5.0, "min_child_weight": 4242.267772998672, "num_boost_round": 42.0, "subsample": 0.9320559253012867}, "datetime": {"datetime": "2024-01-20 14:37:47", "elapsed": 833.594808, "delta": 0.001573}}
{"target": -12.358859832738968, "params": {"colsample_bytree": 0.2033500112621976, "eta": 0.02358565408241168, "gamma": 506.11119778870307, "max_depth": 9.0, "min_child_weight": 4205.392692205293, "num_boost_round": 1.0, "subsample": 0.8995780183514964}, "datetime": {"datetime": "2024-01-20 14:38:35", "elapsed": 881.899862, "delta": 48.305054}}
{"target": -12.358360384304097, "params": {"colsample_bytree": 0.2033500112621976, "eta": 0.02358565408241168, "gamma": 506.11119778870307, "max_depth": 9.0, "min_child_weight": 4205.392692205293, "num_boost_round": 2.0, "subsample": 0.8995780183514964}, "datetime": {"datetime": "2024-01-20 14:38:35", "elapsed": 881.902499, "delta": 0.002637}}
{"target": -12.357694589558486, "params": {"colsample_bytree": 0.2033500112621976, "eta": 0.02358565408241168, "gamma": 506.11119778870307, "max_depth": 9.0, "min_child_weight": 4205.392692205293, "num_boost_round": 3.0, "subsample": 0.8995780183514964}, "datetime": {"datetime": "2024-01-20 14:38:35", "elapsed": 881.904293, "delta": 0.001794}}
{"target": -12.357807430443255, "params": {"colsample_bytree": 0.2033500112621976, "eta": 0.02358565408241168, "gamma": 506.11119778870307, "max_depth": 9.0, "min_child_weight": 4205.392692205293, "num_boost_round": 4.0, "subsample": 0.8995780183514964}, "datetime": {"datetime": "2024-01-20 14:38:35", "elapsed": 881.905993, "delta": 0.0017}}
{"target": -12.357803351076056, "params": {"colsample_bytree": 0.2033500112621976, "eta": 0.02358565408241168, "gamma": 506.11119778870307, "max_depth": 9.0, "min_child_weight": 4205.392692205293, "num_boost_round": 5.0, "subsample": 0.8995780183514964}, "datetime": {"datetime": "2024-01-20 14:38:35", "elapsed": 881.907744, "delta": 0.001751}}
{"target": -12.357767928569938, "params": {"colsample_bytree": 0.2033500112621976, "eta": 0.02358565408241168, "gamma": 506.11119778870307, "max_depth": 9.0, "min_child_weight": 4205.392692205293, "num_boost_round": 6.0, "subsample": 0.8995780183514964}, "datetime": {"datetime": "2024-01-20 14:38:35", "elapsed": 881.909408, "delta": 0.001664}}
{"target": -12.35772129723519, "params": {"colsample_bytree": 0.2033500112621976, "eta": 0.02358565408241168, "gamma": 506.11119778870307, "max_depth": 9.0, "min_child_weight": 4205.392692205293, "num_boost_round": 7.0, "subsample": 0.8995780183514964}, "datetime": {"datetime": "2024-01-20 14:38:35", "elapsed": 881.911052, "delta": 0.001644}}
{"target": -12.356944725638797, "params": {"colsample_bytree": 0.2033500112621976, "eta": 0.02358565408241168, "gamma": 506.11119778870307, "max_depth": 9.0, "min_child_weight": 4205.392692205293, "num_boost_round": 8.0, "subsample": 0.8995780183514964}, "datetime": {"datetime": "2024-01-20 14:38:35", "elapsed": 881.912689, "delta": 0.001637}}
{"target": -12.356933688519444, "params": {"colsample_bytree": 0.2033500112621976, "eta": 0.02358565408241168, "gamma": 506.11119778870307, "max_depth": 9.0, "min_child_weight": 4205.392692205293, "num_boost_round": 9.0, "subsample": 0.8995780183514964}, "datetime": {"datetime": "2024-01-20 14:38:35", "elapsed": 881.91436, "delta": 0.001671}}
{"target": -12.35649977841472, "params": {"colsample_bytree": 0.2033500112621976, "eta": 0.02358565408241168, "gamma": 506.11119778870307, "max_depth": 9.0, "min_child_weight": 4205.392692205293, "num_boost_round": 10.0, "subsample": 0.8995780183514964}, "datetime": {"datetime": "2024-01-20 14:38:35", "elapsed": 881.915996, "delta": 0.001636}}
{"target": -12.355963191822902, "params": {"colsample_bytree": 0.2033500112621976, "eta": 0.02358565408241168, "gamma": 506.11119778870307, "max_depth": 9.0, "min_child_weight": 4205.392692205293, "num_boost_round": 11.0, "subsample": 0.8995780183514964}, "datetime": {"datetime": "2024-01-20 14:38:35", "elapsed": 881.917802, "delta": 0.001806}}
{"target": -12.35589150028908, "params": {"colsample_bytree": 0.2033500112621976, "eta": 0.02358565408241168, "gamma": 506.11119778870307, "max_depth": 9.0, "min_child_weight": 4205.392692205293, "num_boost_round": 12.0, "subsample": 0.8995780183514964}, "datetime": {"datetime": "2024-01-20 14:38:35", "elapsed": 881.919588, "delta": 0.001786}}
{"target": -12.356079383849721, "params": {"colsample_bytree": 0.2033500112621976, "eta": 0.02358565408241168, "gamma": 506.11119778870307, "max_depth": 9.0, "min_child_weight": 4205.392692205293, "num_boost_round": 13.0, "subsample": 0.8995780183514964}, "datetime": {"datetime": "2024-01-20 14:38:35", "elapsed": 881.921458, "delta": 0.00187}}
{"target": -12.356063493668366, "params": {"colsample_bytree": 0.2033500112621976, "eta": 0.02358565408241168, "gamma": 506.11119778870307, "max_depth": 9.0, "min_child_weight": 4205.392692205293, "num_boost_round": 14.0, "subsample": 0.8995780183514964}, "datetime": {"datetime": "2024-01-20 14:38:35", "elapsed": 881.923241, "delta": 0.001783}}
{"target": -12.355550503005347, "params": {"colsample_bytree": 0.2033500112621976, "eta": 0.02358565408241168, "gamma": 506.11119778870307, "max_depth": 9.0, "min_child_weight": 4205.392692205293, "num_boost_round": 15.0, "subsample": 0.8995780183514964}, "datetime": {"datetime": "2024-01-20 14:38:35", "elapsed": 881.924888, "delta": 0.001647}}
{"target": -12.355483149373047, "params": {"colsample_bytree": 0.2033500112621976, "eta": 0.02358565408241168, "gamma": 506.11119778870307, "max_depth": 9.0, "min_child_weight": 4205.392692205293, "num_boost_round": 16.0, "subsample": 0.8995780183514964}, "datetime": {"datetime": "2024-01-20 14:38:35", "elapsed": 881.926554, "delta": 0.001666}}
{"target": -12.355555376304654, "params": {"colsample_bytree": 0.2033500112621976, "eta": 0.02358565408241168, "gamma": 506.11119778870307, "max_depth": 9.0, "min_child_weight": 4205.392692205293, "num_boost_round": 17.0, "subsample": 0.8995780183514964}, "datetime": {"datetime": "2024-01-20 14:38:35", "elapsed": 881.928221, "delta": 0.001667}}
{"target": -12.35555324228577, "params": {"colsample_bytree": 0.2033500112621976, "eta": 0.02358565408241168, "gamma": 506.11119778870307, "max_depth": 9.0, "min_child_weight": 4205.392692205293, "num_boost_round": 18.0, "subsample": 0.8995780183514964}, "datetime": {"datetime": "2024-01-20 14:38:35", "elapsed": 881.92986, "delta": 0.001639}}
{"target": -12.355438485021429, "params": {"colsample_bytree": 0.2033500112621976, "eta": 0.02358565408241168, "gamma": 506.11119778870307, "max_depth": 9.0, "min_child_weight": 4205.392692205293, "num_boost_round": 19.0, "subsample": 0.8995780183514964}, "datetime": {"datetime": "2024-01-20 14:38:35", "elapsed": 881.931515, "delta": 0.001655}}
{"target": -12.355444236873979, "params": {"colsample_bytree": 0.2033500112621976, "eta": 0.02358565408241168, "gamma": 506.11119778870307, "max_depth": 9.0, "min_child_weight": 4205.392692205293, "num_boost_round": 20.0, "subsample": 0.8995780183514964}, "datetime": {"datetime": "2024-01-20 14:38:35", "elapsed": 881.933182, "delta": 0.001667}}
{"target": -12.35536548084892, "params": {"colsample_bytree": 0.2033500112621976, "eta": 0.02358565408241168, "gamma": 506.11119778870307, "max_depth": 9.0, "min_child_weight": 4205.392692205293, "num_boost_round": 21.0, "subsample": 0.8995780183514964}, "datetime": {"datetime": "2024-01-20 14:38:35", "elapsed": 881.934868, "delta": 0.001686}}
{"target": -12.355357831201752, "params": {"colsample_bytree": 0.2033500112621976, "eta": 0.02358565408241168, "gamma": 506.11119778870307, "max_depth": 9.0, "min_child_weight": 4205.392692205293, "num_boost_round": 22.0, "subsample": 0.8995780183514964}, "datetime": {"datetime": "2024-01-20 14:38:35", "elapsed": 881.936519, "delta": 0.001651}}
{"target": -12.355322513683307, "params": {"colsample_bytree": 0.2033500112621976, "eta": 0.02358565408241168, "gamma": 506.11119778870307, "max_depth": 9.0, "min_child_weight": 4205.392692205293, "num_boost_round": 23.0, "subsample": 0.8995780183514964}, "datetime": {"datetime": "2024-01-20 14:38:35", "elapsed": 881.938344, "delta": 0.001825}}
{"target": -12.355438182070863, "params": {"colsample_bytree": 0.2033500112621976, "eta": 0.02358565408241168, "gamma": 506.11119778870307, "max_depth": 9.0, "min_child_weight": 4205.392692205293, "num_boost_round": 24.0, "subsample": 0.8995780183514964}, "datetime": {"datetime": "2024-01-20 14:38:35", "elapsed": 881.940009, "delta": 0.001665}}
{"target": -12.354939889544255, "params": {"colsample_bytree": 0.2033500112621976, "eta": 0.02358565408241168, "gamma": 506.11119778870307, "max_depth": 9.0, "min_child_weight": 4205.392692205293, "num_boost_round": 25.0, "subsample": 0.8995780183514964}, "datetime": {"datetime": "2024-01-20 14:38:35", "elapsed": 881.941739, "delta": 0.00173}}
{"target": -12.354922834364707, "params": {"colsample_bytree": 0.2033500112621976, "eta": 0.02358565408241168, "gamma": 506.11119778870307, "max_depth": 9.0, "min_child_weight": 4205.392692205293, "num_boost_round": 26.0, "subsample": 0.8995780183514964}, "datetime": {"datetime": "2024-01-20 14:38:35", "elapsed": 881.943403, "delta": 0.001664}}
{"target": -12.355009998708368, "params": {"colsample_bytree": 0.2033500112621976, "eta": 0.02358565408241168, "gamma": 506.11119778870307, "max_depth": 9.0, "min_child_weight": 4205.392692205293, "num_boost_round": 27.0, "subsample": 0.8995780183514964}, "datetime": {"datetime": "2024-01-20 14:38:35", "elapsed": 881.945073, "delta": 0.00167}}
{"target": -12.355035352656156, "params": {"colsample_bytree": 0.2033500112621976, "eta": 0.02358565408241168, "gamma": 506.11119778870307, "max_depth": 9.0, "min_child_weight": 4205.392692205293, "num_boost_round": 28.0, "subsample": 0.8995780183514964}, "datetime": {"datetime": "2024-01-20 14:38:35", "elapsed": 881.946751, "delta": 0.001678}}
{"target": -12.354926116762229, "params": {"colsample_bytree": 0.2033500112621976, "eta": 0.02358565408241168, "gamma": 506.11119778870307, "max_depth": 9.0, "min_child_weight": 4205.392692205293, "num_boost_round": 29.0, "subsample": 0.8995780183514964}, "datetime": {"datetime": "2024-01-20 14:38:35", "elapsed": 881.948451, "delta": 0.0017}}
{"target": -12.354310701186282, "params": {"colsample_bytree": 0.2033500112621976, "eta": 0.02358565408241168, "gamma": 506.11119778870307, "max_depth": 9.0, "min_child_weight": 4205.392692205293, "num_boost_round": 30.0, "subsample": 0.8995780183514964}, "datetime": {"datetime": "2024-01-20 14:38:35", "elapsed": 881.950112, "delta": 0.001661}}
{"target": -12.353165752037068, "params": {"colsample_bytree": 0.2033500112621976, "eta": 0.02358565408241168, "gamma": 506.11119778870307, "max_depth": 9.0, "min_child_weight": 4205.392692205293, "num_boost_round": 31.0, "subsample": 0.8995780183514964}, "datetime": {"datetime": "2024-01-20 14:38:35", "elapsed": 881.951771, "delta": 0.001659}}
{"target": -12.353252618852895, "params": {"colsample_bytree": 0.2033500112621976, "eta": 0.02358565408241168, "gamma": 506.11119778870307, "max_depth": 9.0, "min_child_weight": 4205.392692205293, "num_boost_round": 32.0, "subsample": 0.8995780183514964}, "datetime": {"datetime": "2024-01-20 14:38:35", "elapsed": 881.953443, "delta": 0.001672}}
{"target": -12.35322463268757, "params": {"colsample_bytree": 0.2033500112621976, "eta": 0.02358565408241168, "gamma": 506.11119778870307, "max_depth": 9.0, "min_child_weight": 4205.392692205293, "num_boost_round": 33.0, "subsample": 0.8995780183514964}, "datetime": {"datetime": "2024-01-20 14:38:35", "elapsed": 881.955151, "delta": 0.001708}}
{"target": -12.353236110623696, "params": {"colsample_bytree": 0.2033500112621976, "eta": 0.02358565408241168, "gamma": 506.11119778870307, "max_depth": 9.0, "min_child_weight": 4205.392692205293, "num_boost_round": 34.0, "subsample": 0.8995780183514964}, "datetime": {"datetime": "2024-01-20 14:38:35", "elapsed": 881.95681, "delta": 0.001659}}
{"target": -12.353474971224566, "params": {"colsample_bytree": 0.2033500112621976, "eta": 0.02358565408241168, "gamma": 506.11119778870307, "max_depth": 9.0, "min_child_weight": 4205.392692205293, "num_boost_round": 35.0, "subsample": 0.8995780183514964}, "datetime": {"datetime": "2024-01-20 14:38:35", "elapsed": 881.958596, "delta": 0.001786}}
{"target": -12.353522903537852, "params": {"colsample_bytree": 0.2033500112621976, "eta": 0.02358565408241168, "gamma": 506.11119778870307, "max_depth": 9.0, "min_child_weight": 4205.392692205293, "num_boost_round": 36.0, "subsample": 0.8995780183514964}, "datetime": {"datetime": "2024-01-20 14:38:35", "elapsed": 881.96027, "delta": 0.001674}}
