{"target": -13.497682709322218, "params": {"colsample_bytree": 0.5094981012218849, "eta": 0.02313211594026912, "gamma": 645.0862971698283, "max_depth": 8.0, "min_child_weight": 3915.4059872479934, "num_boost_round": 4.0, "subsample": 0.7827330044276117}, "datetime": {"datetime": "2024-01-20 14:33:32", "elapsed": 566.32125, "delta": 0.001354}}
{"target": -13.49742085086375, "params": {"colsample_bytree": 0.5094981012218849, "eta": 0.02313211594026912, "gamma": 645.0862971698283, "max_depth": 8.0, "min_child_weight": 3915.4059872479934, "num_boost_round": 5.0, "subsample": 0.7827330044276117}, "datetime": {"datetime": "2024-01-20 14:33:32", "elapsed": 566.322423, "delta": 0.001173}}
{"target": -13.497399014981406, "params": {"colsample_bytree": 0.5094981012218849, "eta": 0.02313211594026912, "gamma": 645.0862971698283, "max_depth": 8.0, "min_child_weight": 3915.4059872479934, "num_boost_round": 6.0, "subsample": 0.7827330044276117}, "datetime": {"datetime": "2024-01-20 14:33:32", "elapsed": 566.323559, "delta": 0.001136}}
{"target": -13.497413010852036, "params": {"colsample_bytree": 0.5094981012218849, "eta": 0.02313211594026912, "gamma": 645.0862971698283, "max_depth": 8.0, "min_child_weight": 3915.4059872479934, "num_boost_round": 7.0, "subsample": 0.7827330044276117}, "datetime": {"datetime": "2024-01-20 14:33:32", "elapsed": 566.324913, "delta": 0.001354}}
{"target": -13.497304738104742, "params": {"colsample_bytree": 0.5094981012218849, "eta": 0.02313211594026912, "gamma": 645.0862971698283, "max_depth": 8.0, "min_child_weight": 3915.4059872479934, "num_boost_round": 8.0, "subsample": 0.7827330044276117}, "datetime": {"datetime": "2024-01-20 14:33:32", "elapsed": 566.326415, "delta": 0.001502}}
{"target": -13.497225249350222, "params": {"colsample_bytree": 0.5094981012218849, "eta": 0.02313211594026912, "gamma": 645.0862971698283, "max_depth": 8.0, "min_child_weight": 3915.4059872479934, "num_boost_round": 9.0, "subsample": 0.7827330044276117}, "datetime": {"datetime": "2024-01-20 14:33:32", "elapsed": 566.327663, "delta": 0.001248}}
{"target": -13.49707739628786, "params": {"colsample_bytree": 0.5094981012218849, "eta": 0.02313211594026912, "gamma": 645.0862971698283, "max_depth": 8.0, "min_child_weight": 3915.4059872479934, "num_boost_round": 10.0, "subsample": 0.7827330044276117}, "datetime": {"datetime": "2024-01-20 14:33:32", "elapsed": 566.329098, "delta": 0.001435}}
{"target": -13.49705723088389, "params": {"colsample_bytree": 0.5094981012218849, "eta": 0.02313211594026912, "gamma": 645.0862971698283, "max_depth": 8.0, "min_child_weight": 3915.4059872479934, "num_boost_round": 11.0, "subsample": 0.7827330044276117}, "datetime": {"datetime": "2024-01-20 14:33:32", "elapsed": 566.330189, "delta": 0.001091}}
{"target": -13.497109558959423, "params": {"colsample_bytree": 0.5094981012218849, "eta": 0.02313211594026912, "gamma": 645.0862971698283, "max_depth": 8.0, "min_child_weight": 3915.4059872479934, "num_boost_round": 12.0, "subsample": 0.7827330044276117}, "datetime": {"datetime": "2024-01-20 14:33:32", "elapsed": 566.331252, "delta": 0.001063}}
{"target": -13.496992786779298, "params": {"colsample_bytree": 0.5094981012218849, "eta": 0.02313211594026912, "gamma": 645.0862971698283, "max_depth": 8.0, "min_child_weight": 3915.4059872479934, "num_boost_round": 13.0, "subsample": 0.7827330044276117}, "datetime": {"datetime": "2024-01-20 14:33:32", "elapsed": 566.33278, "delta": 0.001528}}
{"target": -13.496934327724597, "params": {"colsample_bytree": 0.5094981012218849, "eta": 0.02313211594026912, "gamma": 645.0862971698283, "max_depth": 8.0, "min_child_weight": 3915.4059872479934, "num_boost_round": 14.0, "subsample": 0.7827330044276117}, "datetime": {"datetime": "2024-01-20 14:33:32", "elapsed": 566.333978, "delta": 0.001198}}
{"target": -13.496886610032503, "params": {"colsample_bytree": 0.5094981012218849, "eta": 0.02313211594026912, "gamma": 645.0862971698283, "max_depth": 8.0, "min_child_weight": 3915.4059872479934, "num_boost_round": 15.0, "subsample": 0.7827330044276117}, "datetime": {"datetime": "2024-01-20 14:33:32", "elapsed": 566.335125, "delta": 0.001147}}
{"target": -13.496932782071799, "params": {"colsample_bytree": 0.5094981012218849, "eta": 0.02313211594026912, "gamma": 645.0862971698283, "max_depth": 8.0, "min_child_weight": 3915.4059872479934, "num_boost_round": 16.0, "subsample": 0.7827330044276117}, "datetime": {"datetime": "2024-01-20 14:33:32", "elapsed": 566.336302, "delta": 0.001177}}
{"target": -13.497866477173163, "params": {"colsample_bytree": 0.1897659536815065, "eta": 0.03408824402736397, "gamma": 551.2321119924817, "max_depth": 3.0, "min_child_weight": 4277.050934677655, "num_boost_round": 1.0, "subsample": 0.6491401833150294}, "datetime": {"datetime": "2024-01-20 14:33:50", "elapsed": 583.481914, "delta": 17.145612}}
{"target": -13.497810264642784, "params": {"colsample_bytree": 0.1897659536815065, "eta": 0.03408824402736397, "gamma": 551.2321119924817, "max_depth": 3.0, "min_child_weight": 4277.050934677655, "num_boost_round": 2.0, "subsample": 0.6491401833150294}, "datetime": {"datetime": "2024-01-20 14:33:50", "elapsed": 583.483146, "delta": 0.001232}}
{"target": -13.497753941985032, "params": {"colsample_bytree": 0.1897659536815065, "eta": 0.03408824402736397, "gamma": 551.2321119924817, "max_depth": 3.0, "min_child_weight": 4277.050934677655, "num_boost_round": 3.0, "subsample": 0.6491401833150294}, "datetime": {"datetime": "2024-01-20 14:33:50", "elapsed": 583.48455, "delta": 0.001404}}
{"target": -13.497604104270994, "params": {"colsample_bytree": 0.45659361488826455, "eta": 0.09829332354602521, "gamma": 598.0503354868706, "max_depth": 7.0, "min_child_weight": 4289.225737203215, "num_boost_round": 1.0, "subsample": 0.8800549341736171}, "datetime": {"datetime": "2024-01-20 14:34:09", "elapsed": 603.010326, "delta": 19.525776}}
{"target": -13.497537130681241, "params": {"colsample_bytree": 0.45659361488826455, "eta": 0.09829332354602521, "gamma": 598.0503354868706, "max_depth": 7.0, "min_child_weight": 4289.225737203215, "num_boost_round": 2.0, "subsample": 0.8800549341736171}, "datetime": {"datetime": "2024-01-20 14:34:09", "elapsed": 603.011871, "delta": 0.001545}}
{"target": -13.49789995617897, "params": {"colsample_bytree": 0.45659361488826455, "eta": 0.09829332354602521, "gamma": 598.0503354868706, "max_depth": 7.0, "min_child_weight": 4289.225737203215, "num_boost_round": 3.0, "subsample": 0.8800549341736171}, "datetime": {"datetime": "2024-01-20 14:34:09", "elapsed": 603.013187, "delta": 0.001316}}
{"target": -13.498853870591013, "params": {"colsample_bytree": 0.45659361488826455, "eta": 0.09829332354602521, "gamma": 598.0503354868706, "max_depth": 7.0, "min_child_weight": 4289.225737203215, "num_boost_round": 4.0, "subsample": 0.8800549341736171}, "datetime": {"datetime": "2024-01-20 14:34:09", "elapsed": 603.014348, "delta": 0.001161}}
{"target": -13.498549297928829, "params": {"colsample_bytree": 0.45659361488826455, "eta": 0.09829332354602521, "gamma": 598.0503354868706, "max_depth": 7.0, "min_child_weight": 4289.225737203215, "num_boost_round": 5.0, "subsample": 0.8800549341736171}, "datetime": {"datetime": "2024-01-20 14:34:09", "elapsed": 603.01541, "delta": 0.001062}}
{"target": -13.499078307455594, "params": {"colsample_bytree": 0.45659361488826455, "eta": 0.09829332354602521, "gamma": 598.0503354868706, "max_depth": 7.0, "min_child_weight": 4289.225737203215, "num_boost_round": 6.0, "subsample": 0.8800549341736171}, "datetime": {"datetime": "2024-01-20 14:34:09", "elapsed": 603.016469, "delta": 0.001059}}
{"target": -13.499701039791297, "params": {"colsample_bytree": 0.45659361488826455, "eta": 0.09829332354602521, "gamma": 598.0503354868706, "max_depth": 7.0, "min_child_weight": 4289.225737203215, "num_boost_round": 7.0, "subsample": 0.8800549341736171}, "datetime": {"datetime": "2024-01-20 14:34:09", "elapsed": 603.017558, "delta": 0.001089}}
{"target": -13.49743120487986, "params": {"colsample_bytree": 0.6732268587275853, "eta": 0.03370938669508766, "gamma": 694.2000294697316, "max_depth": 9.0, "min_child_weight": 3956.996300135585, "num_boost_round": 1.0, "subsample": 0.27573051021457906}, "datetime": {"datetime": "2024-01-20 14:35:37", "elapsed": 691.144612, "delta": 88.127054}}
{"target": -13.497043398157077, "params": {"colsample_bytree": 0.6732268587275853, "eta": 0.03370938669508766, "gamma": 694.2000294697316, "max_depth": 9.0, "min_child_weight": 3956.996300135585, "num_boost_round": 2.0, "subsample": 0.27573051021457906}, "datetime": {"datetime": "2024-01-20 14:35:37", "elapsed": 691.146142, "delta": 0.00153}}
{"target": -13.49686604310353, "params": {"colsample_bytree": 0.6732268587275853, "eta": 0.03370938669508766, "gamma": 694.2000294697316, "max_depth": 9.0, "min_child_weight": 3956.996300135585, "num_boost_round": 3.0, "subsample": 0.27573051021457906}, "datetime": {"datetime": "2024-01-20 14:35:37", "elapsed": 691.147366, "delta": 0.001224}}
{"target": -13.496399788352974, "params": {"colsample_bytree": 0.6732268587275853, "eta": 0.03370938669508766, "gamma": 694.2000294697316, "max_depth": 9.0, "min_child_weight": 3956.996300135585, "num_boost_round": 4.0, "subsample": 0.27573051021457906}, "datetime": {"datetime": "2024-01-20 14:35:37", "elapsed": 691.148437, "delta": 0.001071}}
{"target": -13.496046458643136, "params": {"colsample_bytree": 0.6732268587275853, "eta": 0.03370938669508766, "gamma": 694.2000294697316, "max_depth": 9.0, "min_child_weight": 3956.996300135585, "num_boost_round": 5.0, "subsample": 0.27573051021457906}, "datetime": {"datetime": "2024-01-20 14:35:37", "elapsed": 691.149516, "delta": 0.001079}}
{"target": -13.495803370346302, "params": {"colsample_bytree": 0.6732268587275853, "eta": 0.03370938669508766, "gamma": 694.2000294697316, "max_depth": 9.0, "min_child_weight": 3956.996300135585, "num_boost_round": 6.0, "subsample": 0.27573051021457906}, "datetime": {"datetime": "2024-01-20 14:35:37", "elapsed": 691.150575, "delta": 0.001059}}
{"target": -13.495569495789574, "params": {"colsample_bytree": 0.6732268587275853, "eta": 0.03370938669508766, "gamma": 694.2000294697316, "max_depth": 9.0, "min_child_weight": 3956.996300135585, "num_boost_round": 7.0, "subsample": 0.27573051021457906}, "datetime": {"datetime": "2024-01-20 14:35:37", "elapsed": 691.151794, "delta": 0.001219}}
{"target": -13.495195264947291, "params": {"colsample_bytree": 0.6732268587275853, "eta": 0.03370938669508766, "gamma": 694.2000294697316, "max_depth": 9.0, "min_child_weight": 3956.996300135585, "num_boost_round": 8.0, "subsample": 0.27573051021457906}, "datetime": {"datetime": "2024-01-20 14:35:37", "elapsed": 691.152875, "delta": 0.001081}}
{"target": -13.495099929396797, "params": {"colsample_bytree": 0.6732268587275853, "eta": 0.03370938669508766, "gamma": 694.2000294697316, "max_depth": 9.0, "min_child_weight": 3956.996300135585, "num_boost_round": 9.0, "subsample": 0.27573051021457906}, "datetime": {"datetime": "2024-01-20 14:35:37", "elapsed": 691.15424, "delta": 0.001365}}
{"target": -13.494890869197564, "params": {"colsample_bytree": 0.6732268587275853, "eta": 0.03370938669508766, "gamma": 694.2000294697316, "max_depth": 9.0, "min_child_weight": 3956.996300135585, "num_boost_round": 10.0, "subsample": 0.27573051021457906}, "datetime": {"datetime": "2024-01-20 14:35:37", "elapsed": 691.155427, "delta": 0.001187}}
{"target": -13.494686022307395, "params": {"colsample_bytree": 0.6732268587275853, "eta": 0.03370938669508766, "gamma": 694.2000294697316, "max_depth": 9.0, "min_child_weight": 3956.996300135585, "num_boost_round": 11.0, "subsample": 0.27573051021457906}, "datetime": {"datetime": "2024-01-20 14:35:37", "elapsed": 691.156505, "delta": 0.001078}}
{"target": -13.494431969327536, "params": {"colsample_bytree": 0.6732268587275853, "eta": 0.03370938669508766, "gamma": 694.2000294697316, "max_depth": 9.0, "min_child_weight": 3956.996300135585, "num_boost_round": 12.0, "subsample": 0.27573051021457906}, "datetime": {"datetime": "2024-01-20 14:35:37", "elapsed": 691.157578, "delta": 0.001073}}
{"target": -13.494314356546969, "params": {"colsample_bytree": 0.6732268587275853, "eta": 0.03370938669508766, "gamma": 694.2000294697316, "max_depth": 9.0, "min_child_weight": 3956.996300135585, "num_boost_round": 13.0, "subsample": 0.27573051021457906}, "datetime": {"datetime": "2024-01-20 14:35:37", "elapsed": 691.158665, "delta": 0.001087}}
{"target": -13.494166541619586, "params": {"colsample_bytree": 0.6732268587275853, "eta": 0.03370938669508766, "gamma": 694.2000294697316, "max_depth": 9.0, "min_child_weight": 3956.996300135585, "num_boost_round": 14.0, "subsample": 0.27573051021457906}, "datetime": {"datetime": "2024-01-20 14:35:37", "elapsed": 691.159738, "delta": 0.001073}}
{"target": -13.4940717382128, "params": {"colsample_bytree": 0.6732268587275853, "eta": 0.03370938669508766, "gamma": 694.2000294697316, "max_depth": 9.0, "min_child_weight": 3956.996300135585, "num_boost_round": 15.0, "subsample": 0.27573051021457906}, "datetime": {"datetime": "2024-01-20 14:35:37", "elapsed": 691.160813, "delta": 0.001075}}
{"target": -13.494178525718596, "params": {"colsample_bytree": 0.6732268587275853, "eta": 0.03370938669508766, "gamma": 694.2000294697316, "max_depth": 9.0, "min_child_weight": 3956.996300135585, "num_boost_round": 16.0, "subsample": 0.27573051021457906}, "datetime": {"datetime": "2024-01-20 14:35:37", "elapsed": 691.161896, "delta": 0.001083}}
{"target": -13.494050334787895, "params": {"colsample_bytree": 0.6732268587275853, "eta": 0.03370938669508766, "gamma": 694.2000294697316, "max_depth": 9.0, "min_child_weight": 3956.996300135585, "num_boost_round": 17.0, "subsample": 0.27573051021457906}, "datetime": {"datetime": "2024-01-20 14:35:37", "elapsed": 691.162975, "delta": 0.001079}}
{"target": -13.493877472387796, "params": {"colsample_bytree": 0.6732268587275853, "eta": 0.03370938669508766, "gamma": 694.2000294697316, "max_depth": 9.0, "min_child_weight": 3956.996300135585, "num_boost_round": 18.0, "subsample": 0.27573051021457906}, "datetime": {"datetime": "2024-01-20 14:35:37", "elapsed": 691.164047, "delta": 0.001072}}
{"target": -13.493866353766695, "params": {"colsample_bytree": 0.6732268587275853, "eta": 0.03370938669508766, "gamma": 694.2000294697316, "max_depth": 9.0, "min_child_weight": 3956.996300135585, "num_boost_round": 19.0, "subsample": 0.27573051021457906}, "datetime": {"datetime": "2024-01-20 14:35:37", "elapsed": 691.165142, "delta": 0.001095}}
{"target": -13.49381702052305, "params": {"colsample_bytree": 0.6732268587275853, "eta": 0.03370938669508766, "gamma": 694.2000294697316, "max_depth": 9.0, "min_child_weight": 3956.996300135585, "num_boost_round": 20.0, "subsample": 0.27573051021457906}, "datetime": {"datetime": "2024-01-20 14:35:37", "elapsed": 691.166334, "delta": 0.001192}}
{"target": -13.493913611401446, "params": {"colsample_bytree": 0.6732268587275853, "eta": 0.03370938669508766, "gamma": 694.2000294697316, "max_depth": 9.0, "min_child_weight": 3956.996300135585, "num_boost_round": 21.0, "subsample": 0.27573051021457906}, "datetime": {"datetime": "2024-01-20 14:35:37", "elapsed": 691.167446, "delta": 0.001112}}
{"target": -13.4939618500288, "params": {"colsample_bytree": 0.6732268587275853, "eta": 0.03370938669508766, "gamma": 694.2000294697316, "max_depth": 9.0, "min_child_weight": 3956.996300135585, "num_boost_round": 22.0, "subsample": 0.27573051021457906}, "datetime": {"datetime": "2024-01-20 14:35:37", "elapsed": 691.168551, "delta": 0.001105}}
{"target": -13.493902166638918, "params": {"colsample_bytree": 0.6732268587275853, "eta": 0.03370938669508766, "gamma": 694.2000294697316, "max_depth": 9.0, "min_child_weight": 3956.996300135585, "num_boost_round": 23.0, "subsample": 0.27573051021457906}, "datetime": {"datetime": "2024-01-20 14:35:37", "elapsed": 691.169656, "delta": 0.001105}}
{"target": -13.493882905021497, "params": {"colsample_bytree": 0.6732268587275853, "eta": 0.03370938669508766, "gamma": 694.2000294697316, "max_depth": 9.0, "min_child_weight": 3956.996300135585, "num_boost_round": 24.0, "subsample": 0.27573051021457906}, "datetime": {"datetime": "2024-01-20 14:35:37", "elapsed": 691.170759, "delta": 0.001103}}
{"target": -13.493805408605853, "params": {"colsample_bytree": 0.6732268587275853, "eta": 0.03370938669508766, "gamma": 694.2000294697316, "max_depth": 9.0, "min_child_weight": 3956.996300135585, "num_boost_round": 25.0, "subsample": 0.27573051021457906}, "datetime": {"datetime": "2024-01-20 14:35:37", "elapsed": 691.171991, "delta": 0.001232}}
{"target": -13.49367119979223, "params": {"colsample_bytree": 0.6732268587275853, "eta": 0.03370938669508766, "gamma": 694.2000294697316, "max_depth": 9.0, "min_child_weight": 3956.996300135585, "num_boost_round": 26.0, "subsample": 0.27573051021457906}, "datetime": {"datetime": "2024-01-20 14:35:37", "elapsed": 691.173112, "delta": 0.001121}}
{"target": -13.493626952369894, "params": {"colsample_bytree": 0.6732268587275853, "eta": 0.03370938669508766, "gamma": 694.2000294697316, "max_depth": 9.0, "min_child_weight": 3956.996300135585, "num_boost_round": 27.0, "subsample": 0.27573051021457906}, "datetime": {"datetime": "2024-01-20 14:35:37", "elapsed": 691.174231, "delta": 0.001119}}
{"target": -13.493691732445285, "params": {"colsample_bytree": 0.6732268587275853, "eta": 0.03370938669508766, "gamma": 694.2000294697316, "max_depth": 9.0, "min_child_weight": 3956.996300135585, "num_boost_round": 28.0, "subsample": 0.27573051021457906}, "datetime": {"datetime": "2024-01-20 14:35:37", "elapsed": 691.17539, "delta": 0.001159}}
{"target": -13.493746207636548, "params": {"colsample_bytree": 0.6732268587275853, "eta": 0.03370938669508766, "gamma": 694.2000294697316, "max_depth": 9.0, "min_child_weight": 3956.996300135585, "num_boost_round": 29.0, "subsample": 0.27573051021457906}, "datetime": {"datetime": "2024-01-20 14:35:37", "elapsed": 691.17652, "delta": 0.00113}}
{"target": -13.49384221550903, "params": {"colsample_bytree": 0.6732268587275853, "eta": 0.03370938669508766, "gamma": 694.2000294697316, "max_depth": 9.0, "min_child_weight": 3956.996300135585, "num_boost_round": 30.0, "subsample": 0.27573051021457906}, "datetime": {"datetime": "2024-01-20 14:35:37", "elapsed": 691.177634, "delta": 0.001114}}
{"target": -13.493764443567017, "params": {"colsample_bytree": 0.6732268587275853, "eta": 0.03370938669508766, "gamma": 694.2000294697316, "max_depth": 9.0, "min_child_weight": 3956.996300135585, "num_boost_round": 31.0, "subsample": 0.27573051021457906}, "datetime": {"datetime": "2024-01-20 14:35:37", "elapsed": 691.178747, "delta": 0.001113}}
{"target": -13.493854955320796, "params": {"colsample_bytree": 0.6732268587275853, "eta": 0.03370938669508766, "gamma": 694.2000294697316, "max_depth": 9.0, "min_child_weight": 3956.996300135585, "num_boost_round": 32.0, "subsample": 0.27573051021457906}, "datetime": {"datetime": "2024-01-20 14:35:37", "elapsed": 691.179872, "delta": 0.001125}}
{"target": -13.493910797308413, "params": {"colsample_bytree": 0.6732268587275853, "eta": 0.03370938669508766, "gamma": 694.2000294697316, "max_depth": 9.0, "min_child_weight": 3956.996300135585, "num_boost_round": 33.0, "subsample": 0.27573051021457906}, "datetime": {"datetime": "2024-01-20 14:35:37", "elapsed": 691.180987, "delta": 0.001115}}
{"target": -13.493917346318002, "params": {"colsample_bytree": 0.6732268587275853, "eta": 0.03370938669508766, "gamma": 694.2000294697316, "max_depth": 9.0, "min_child_weight": 3956.996300135585, "num_boost_round": 34.0, "subsample": 0.27573051021457906}, "datetime": {"datetime": "2024-01-20 14:35:37", "elapsed": 691.182101, "delta": 0.001114}}
{"target": -13.494080836323247, "params": {"colsample_bytree": 0.6732268587275853, "eta": 0.03370938669508766, "gamma": 694.2000294697316, "max_depth": 9.0, "min_child_weight": 3956.996300135585, "num_boost_round": 35.0, "subsample": 0.27573051021457906}, "datetime": {"datetime": "2024-01-20 14:35:37", "elapsed": 691.183211, "delta": 0.00111}}
{"target": -13.494198964528534, "params": {"colsample_bytree": 0.6732268587275853, "eta": 0.03370938669508766, "gamma": 694.2000294697316, "max_depth": 9.0, "min_child_weight": 3956.996300135585, "num_boost_round": 36.0, "subsample": 0.27573051021457906}, "datetime": {"datetime": "2024-01-20 14:35:37", "elapsed": 691.184332, "delta": 0.001121}}
{"target": -13.494279196594494, "params": {"colsample_bytree": 0.6732268587275853, "eta": 0.03370938669508766, "gamma": 694.2000294697316, "max_depth": 9.0, "min_child_weight": 3956.996300135585, "num_boost_round": 37.0, "subsample": 0.27573051021457906}, "datetime": {"datetime": "2024-01-20 14:35:37", "elapsed": 691.185457, "delta": 0.001125}}
{"target": -13.494186076608877, "params": {"colsample_bytree": 0.6732268587275853, "eta": 0.03370938669508766, "gamma": 694.2000294697316, "max_depth": 9.0, "min_child_weight": 3956.996300135585, "num_boost_round": 38.0, "subsample": 0.27573051021457906}, "datetime": {"datetime": "2024-01-20 14:35:37", "elapsed": 691.186604, "delta": 0.001147}}
{"target": -13.494176032972188, "params": {"colsample_bytree": 0.6732268587275853, "eta": 0.03370938669508766, "gamma": 694.2000294697316, "max_depth": 9.0, "min_child_weight": 3956.996300135585, "num_boost_round": 39.0, "subsample": 0.27573051021457906}, "datetime": {"datetime": "2024-01-20 14:35:37", "elapsed": 691.187738, "delta": 0.001134}}
{"target": -13.494302706754105, "params": {"colsample_bytree": 0.6732268587275853, "eta": 0.03370938669508766, "gamma": 694.2000294697316, "max_depth": 9.0, "min_child_weight": 3956.996300135585, "num_boost_round": 40.0, "subsample": 0.27573051021457906}, "datetime": {"datetime": "2024-01-20 14:35:37", "elapsed": 691.188965, "delta": 0.001227}}
