{"target": -10.300766899167094, "params": {"colsample_bytree": 0.5561377496110735, "eta": 0.07048111342676613, "gamma": 401.610144270658, "max_depth": 8.0, "min_child_weight": 4674.652307774643, "num_boost_round": 6.0, "subsample": 0.887306979259628}, "datetime": {"datetime": "2024-01-20 15:41:23", "elapsed": 8381.255173, "delta": 0.005288}}
{"target": -10.300926039934538, "params": {"colsample_bytree": 0.5561377496110735, "eta": 0.07048111342676613, "gamma": 401.610144270658, "max_depth": 8.0, "min_child_weight": 4674.652307774643, "num_boost_round": 7.0, "subsample": 0.887306979259628}, "datetime": {"datetime": "2024-01-20 15:41:23", "elapsed": 8381.260341, "delta": 0.005168}}
{"target": -10.301363755593862, "params": {"colsample_bytree": 0.5561377496110735, "eta": 0.07048111342676613, "gamma": 401.610144270658, "max_depth": 8.0, "min_child_weight": 4674.652307774643, "num_boost_round": 8.0, "subsample": 0.887306979259628}, "datetime": {"datetime": "2024-01-20 15:41:23", "elapsed": 8381.26594, "delta": 0.005599}}
{"target": -10.302209430951347, "params": {"colsample_bytree": 0.5561377496110735, "eta": 0.07048111342676613, "gamma": 401.610144270658, "max_depth": 8.0, "min_child_weight": 4674.652307774643, "num_boost_round": 9.0, "subsample": 0.887306979259628}, "datetime": {"datetime": "2024-01-20 15:41:23", "elapsed": 8381.271523, "delta": 0.005583}}
{"target": -10.30306586819083, "params": {"colsample_bytree": 0.5561377496110735, "eta": 0.07048111342676613, "gamma": 401.610144270658, "max_depth": 8.0, "min_child_weight": 4674.652307774643, "num_boost_round": 10.0, "subsample": 0.887306979259628}, "datetime": {"datetime": "2024-01-20 15:41:23", "elapsed": 8381.276771, "delta": 0.005248}}
{"target": -10.303698171803033, "params": {"colsample_bytree": 0.5561377496110735, "eta": 0.07048111342676613, "gamma": 401.610144270658, "max_depth": 8.0, "min_child_weight": 4674.652307774643, "num_boost_round": 11.0, "subsample": 0.887306979259628}, "datetime": {"datetime": "2024-01-20 15:41:23", "elapsed": 8381.282181, "delta": 0.00541}}
{"target": -10.304180044617848, "params": {"colsample_bytree": 0.5561377496110735, "eta": 0.07048111342676613, "gamma": 401.610144270658, "max_depth": 8.0, "min_child_weight": 4674.652307774643, "num_boost_round": 12.0, "subsample": 0.887306979259628}, "datetime": {"datetime": "2024-01-20 15:41:23", "elapsed": 8381.28786, "delta": 0.005679}}
{"target": -10.304378928172046, "params": {"colsample_bytree": 0.5561377496110735, "eta": 0.07048111342676613, "gamma": 401.610144270658, "max_depth": 8.0, "min_child_weight": 4674.652307774643, "num_boost_round": 13.0, "subsample": 0.887306979259628}, "datetime": {"datetime": "2024-01-20 15:41:23", "elapsed": 8381.293104, "delta": 0.005244}}
{"target": -10.304971392019153, "params": {"colsample_bytree": 0.5561377496110735, "eta": 0.07048111342676613, "gamma": 401.610144270658, "max_depth": 8.0, "min_child_weight": 4674.652307774643, "num_boost_round": 14.0, "subsample": 0.887306979259628}, "datetime": {"datetime": "2024-01-20 15:41:23", "elapsed": 8381.298548, "delta": 0.005444}}
{"target": -10.305596354730405, "params": {"colsample_bytree": 0.5561377496110735, "eta": 0.07048111342676613, "gamma": 401.610144270658, "max_depth": 8.0, "min_child_weight": 4674.652307774643, "num_boost_round": 15.0, "subsample": 0.887306979259628}, "datetime": {"datetime": "2024-01-20 15:41:23", "elapsed": 8381.303881, "delta": 0.005333}}
{"target": -10.305568925262936, "params": {"colsample_bytree": 0.5561377496110735, "eta": 0.07048111342676613, "gamma": 401.610144270658, "max_depth": 8.0, "min_child_weight": 4674.652307774643, "num_boost_round": 16.0, "subsample": 0.887306979259628}, "datetime": {"datetime": "2024-01-20 15:41:23", "elapsed": 8381.309131, "delta": 0.00525}}
{"target": -10.306236055998458, "params": {"colsample_bytree": 0.5561377496110735, "eta": 0.07048111342676613, "gamma": 401.610144270658, "max_depth": 8.0, "min_child_weight": 4674.652307774643, "num_boost_round": 17.0, "subsample": 0.887306979259628}, "datetime": {"datetime": "2024-01-20 15:41:23", "elapsed": 8381.314271, "delta": 0.00514}}
{"target": -10.306378907139809, "params": {"colsample_bytree": 0.5561377496110735, "eta": 0.07048111342676613, "gamma": 401.610144270658, "max_depth": 8.0, "min_child_weight": 4674.652307774643, "num_boost_round": 18.0, "subsample": 0.887306979259628}, "datetime": {"datetime": "2024-01-20 15:41:23", "elapsed": 8381.319544, "delta": 0.005273}}
{"target": -10.306839882763814, "params": {"colsample_bytree": 0.5561377496110735, "eta": 0.07048111342676613, "gamma": 401.610144270658, "max_depth": 8.0, "min_child_weight": 4674.652307774643, "num_boost_round": 19.0, "subsample": 0.887306979259628}, "datetime": {"datetime": "2024-01-20 15:41:23", "elapsed": 8381.324187, "delta": 0.004643}}
{"target": -10.307439157775505, "params": {"colsample_bytree": 0.5561377496110735, "eta": 0.07048111342676613, "gamma": 401.610144270658, "max_depth": 8.0, "min_child_weight": 4674.652307774643, "num_boost_round": 20.0, "subsample": 0.887306979259628}, "datetime": {"datetime": "2024-01-20 15:41:23", "elapsed": 8381.328678, "delta": 0.004491}}
{"target": -10.307760492041002, "params": {"colsample_bytree": 0.5561377496110735, "eta": 0.07048111342676613, "gamma": 401.610144270658, "max_depth": 8.0, "min_child_weight": 4674.652307774643, "num_boost_round": 21.0, "subsample": 0.887306979259628}, "datetime": {"datetime": "2024-01-20 15:41:23", "elapsed": 8381.333812, "delta": 0.005134}}
{"target": -10.308374419280383, "params": {"colsample_bytree": 0.5561377496110735, "eta": 0.07048111342676613, "gamma": 401.610144270658, "max_depth": 8.0, "min_child_weight": 4674.652307774643, "num_boost_round": 22.0, "subsample": 0.887306979259628}, "datetime": {"datetime": "2024-01-20 15:41:23", "elapsed": 8381.338539, "delta": 0.004727}}
{"target": -10.308945946661199, "params": {"colsample_bytree": 0.5561377496110735, "eta": 0.07048111342676613, "gamma": 401.610144270658, "max_depth": 8.0, "min_child_weight": 4674.652307774643, "num_boost_round": 23.0, "subsample": 0.887306979259628}, "datetime": {"datetime": "2024-01-20 15:41:23", "elapsed": 8381.343729, "delta": 0.00519}}
{"target": -10.309358496617655, "params": {"colsample_bytree": 0.5561377496110735, "eta": 0.07048111342676613, "gamma": 401.610144270658, "max_depth": 8.0, "min_child_weight": 4674.652307774643, "num_boost_round": 24.0, "subsample": 0.887306979259628}, "datetime": {"datetime": "2024-01-20 15:41:23", "elapsed": 8381.348507, "delta": 0.004778}}
{"target": -10.30992494581627, "params": {"colsample_bytree": 0.5561377496110735, "eta": 0.07048111342676613, "gamma": 401.610144270658, "max_depth": 8.0, "min_child_weight": 4674.652307774643, "num_boost_round": 25.0, "subsample": 0.887306979259628}, "datetime": {"datetime": "2024-01-20 15:41:23", "elapsed": 8381.353283, "delta": 0.004776}}
{"target": -10.310458302588263, "params": {"colsample_bytree": 0.5561377496110735, "eta": 0.07048111342676613, "gamma": 401.610144270658, "max_depth": 8.0, "min_child_weight": 4674.652307774643, "num_boost_round": 26.0, "subsample": 0.887306979259628}, "datetime": {"datetime": "2024-01-20 15:41:23", "elapsed": 8381.357756, "delta": 0.004473}}
{"target": -10.310670230755505, "params": {"colsample_bytree": 0.5561377496110735, "eta": 0.07048111342676613, "gamma": 401.610144270658, "max_depth": 8.0, "min_child_weight": 4674.652307774643, "num_boost_round": 27.0, "subsample": 0.887306979259628}, "datetime": {"datetime": "2024-01-20 15:41:23", "elapsed": 8381.362454, "delta": 0.004698}}
{"target": -10.31097593453328, "params": {"colsample_bytree": 0.5561377496110735, "eta": 0.07048111342676613, "gamma": 401.610144270658, "max_depth": 8.0, "min_child_weight": 4674.652307774643, "num_boost_round": 28.0, "subsample": 0.887306979259628}, "datetime": {"datetime": "2024-01-20 15:41:23", "elapsed": 8381.366853, "delta": 0.004399}}
{"target": -10.31197489268759, "params": {"colsample_bytree": 0.5561377496110735, "eta": 0.07048111342676613, "gamma": 401.610144270658, "max_depth": 8.0, "min_child_weight": 4674.652307774643, "num_boost_round": 29.0, "subsample": 0.887306979259628}, "datetime": {"datetime": "2024-01-20 15:41:23", "elapsed": 8381.371551, "delta": 0.004698}}
{"target": -10.312183909401075, "params": {"colsample_bytree": 0.5561377496110735, "eta": 0.07048111342676613, "gamma": 401.610144270658, "max_depth": 8.0, "min_child_weight": 4674.652307774643, "num_boost_round": 30.0, "subsample": 0.887306979259628}, "datetime": {"datetime": "2024-01-20 15:41:23", "elapsed": 8381.376211, "delta": 0.00466}}
{"target": -10.312488132358745, "params": {"colsample_bytree": 0.5561377496110735, "eta": 0.07048111342676613, "gamma": 401.610144270658, "max_depth": 8.0, "min_child_weight": 4674.652307774643, "num_boost_round": 31.0, "subsample": 0.887306979259628}, "datetime": {"datetime": "2024-01-20 15:41:23", "elapsed": 8381.380822, "delta": 0.004611}}
{"target": -10.313111896184312, "params": {"colsample_bytree": 0.5561377496110735, "eta": 0.07048111342676613, "gamma": 401.610144270658, "max_depth": 8.0, "min_child_weight": 4674.652307774643, "num_boost_round": 32.0, "subsample": 0.887306979259628}, "datetime": {"datetime": "2024-01-20 15:41:23", "elapsed": 8381.385532, "delta": 0.00471}}
{"target": -10.31378458202455, "params": {"colsample_bytree": 0.5561377496110735, "eta": 0.07048111342676613, "gamma": 401.610144270658, "max_depth": 8.0, "min_child_weight": 4674.652307774643, "num_boost_round": 33.0, "subsample": 0.887306979259628}, "datetime": {"datetime": "2024-01-20 15:41:23", "elapsed": 8381.390265, "delta": 0.004733}}
{"target": -10.314039502440652, "params": {"colsample_bytree": 0.5561377496110735, "eta": 0.07048111342676613, "gamma": 401.610144270658, "max_depth": 8.0, "min_child_weight": 4674.652307774643, "num_boost_round": 34.0, "subsample": 0.887306979259628}, "datetime": {"datetime": "2024-01-20 15:41:23", "elapsed": 8381.394741, "delta": 0.004476}}
{"target": -10.31433437754931, "params": {"colsample_bytree": 0.5561377496110735, "eta": 0.07048111342676613, "gamma": 401.610144270658, "max_depth": 8.0, "min_child_weight": 4674.652307774643, "num_boost_round": 35.0, "subsample": 0.887306979259628}, "datetime": {"datetime": "2024-01-20 15:41:23", "elapsed": 8381.399223, "delta": 0.004482}}
{"target": -10.314908594305546, "params": {"colsample_bytree": 0.5561377496110735, "eta": 0.07048111342676613, "gamma": 401.610144270658, "max_depth": 8.0, "min_child_weight": 4674.652307774643, "num_boost_round": 36.0, "subsample": 0.887306979259628}, "datetime": {"datetime": "2024-01-20 15:41:23", "elapsed": 8381.403903, "delta": 0.00468}}
{"target": -10.315108119018122, "params": {"colsample_bytree": 0.5561377496110735, "eta": 0.07048111342676613, "gamma": 401.610144270658, "max_depth": 8.0, "min_child_weight": 4674.652307774643, "num_boost_round": 37.0, "subsample": 0.887306979259628}, "datetime": {"datetime": "2024-01-20 15:41:23", "elapsed": 8381.408878, "delta": 0.004975}}
{"target": -10.315489747884268, "params": {"colsample_bytree": 0.5561377496110735, "eta": 0.07048111342676613, "gamma": 401.610144270658, "max_depth": 8.0, "min_child_weight": 4674.652307774643, "num_boost_round": 38.0, "subsample": 0.887306979259628}, "datetime": {"datetime": "2024-01-20 15:41:23", "elapsed": 8381.413988, "delta": 0.00511}}
{"target": -10.316513682932388, "params": {"colsample_bytree": 0.5561377496110735, "eta": 0.07048111342676613, "gamma": 401.610144270658, "max_depth": 8.0, "min_child_weight": 4674.652307774643, "num_boost_round": 39.0, "subsample": 0.887306979259628}, "datetime": {"datetime": "2024-01-20 15:41:23", "elapsed": 8381.420184, "delta": 0.006196}}
{"target": -10.31708159212549, "params": {"colsample_bytree": 0.5561377496110735, "eta": 0.07048111342676613, "gamma": 401.610144270658, "max_depth": 8.0, "min_child_weight": 4674.652307774643, "num_boost_round": 40.0, "subsample": 0.887306979259628}, "datetime": {"datetime": "2024-01-20 15:41:23", "elapsed": 8381.425347, "delta": 0.005163}}
{"target": -10.31731355948478, "params": {"colsample_bytree": 0.5561377496110735, "eta": 0.07048111342676613, "gamma": 401.610144270658, "max_depth": 8.0, "min_child_weight": 4674.652307774643, "num_boost_round": 41.0, "subsample": 0.887306979259628}, "datetime": {"datetime": "2024-01-20 15:41:23", "elapsed": 8381.431323, "delta": 0.005976}}
{"target": -10.317791501245713, "params": {"colsample_bytree": 0.5561377496110735, "eta": 0.07048111342676613, "gamma": 401.610144270658, "max_depth": 8.0, "min_child_weight": 4674.652307774643, "num_boost_round": 42.0, "subsample": 0.887306979259628}, "datetime": {"datetime": "2024-01-20 15:41:23", "elapsed": 8381.436724, "delta": 0.005401}}
{"target": -10.318104008357537, "params": {"colsample_bytree": 0.5561377496110735, "eta": 0.07048111342676613, "gamma": 401.610144270658, "max_depth": 8.0, "min_child_weight": 4674.652307774643, "num_boost_round": 43.0, "subsample": 0.887306979259628}, "datetime": {"datetime": "2024-01-20 15:41:23", "elapsed": 8381.442195, "delta": 0.005471}}
{"target": -10.318579642452354, "params": {"colsample_bytree": 0.5561377496110735, "eta": 0.07048111342676613, "gamma": 401.610144270658, "max_depth": 8.0, "min_child_weight": 4674.652307774643, "num_boost_round": 44.0, "subsample": 0.887306979259628}, "datetime": {"datetime": "2024-01-20 15:41:23", "elapsed": 8381.447328, "delta": 0.005133}}
{"target": -10.318944720324486, "params": {"colsample_bytree": 0.5561377496110735, "eta": 0.07048111342676613, "gamma": 401.610144270658, "max_depth": 8.0, "min_child_weight": 4674.652307774643, "num_boost_round": 45.0, "subsample": 0.887306979259628}, "datetime": {"datetime": "2024-01-20 15:41:23", "elapsed": 8381.452485, "delta": 0.005157}}
{"target": -10.31912484113991, "params": {"colsample_bytree": 0.5561377496110735, "eta": 0.07048111342676613, "gamma": 401.610144270658, "max_depth": 8.0, "min_child_weight": 4674.652307774643, "num_boost_round": 46.0, "subsample": 0.887306979259628}, "datetime": {"datetime": "2024-01-20 15:41:23", "elapsed": 8381.457357, "delta": 0.004872}}
{"target": -10.319849277127663, "params": {"colsample_bytree": 0.5561377496110735, "eta": 0.07048111342676613, "gamma": 401.610144270658, "max_depth": 8.0, "min_child_weight": 4674.652307774643, "num_boost_round": 47.0, "subsample": 0.887306979259628}, "datetime": {"datetime": "2024-01-20 15:41:23", "elapsed": 8381.4627, "delta": 0.005343}}
{"target": -10.320040827272457, "params": {"colsample_bytree": 0.5561377496110735, "eta": 0.07048111342676613, "gamma": 401.610144270658, "max_depth": 8.0, "min_child_weight": 4674.652307774643, "num_boost_round": 48.0, "subsample": 0.887306979259628}, "datetime": {"datetime": "2024-01-20 15:41:23", "elapsed": 8381.468032, "delta": 0.005332}}
{"target": -10.29845162411926, "params": {"colsample_bytree": 0.5773991432953007, "eta": 0.020103175788256877, "gamma": 582.2589099712096, "max_depth": 7.0, "min_child_weight": 3805.600113090885, "num_boost_round": 1.0, "subsample": 0.3854119486421098}, "datetime": {"datetime": "2024-01-20 15:42:41", "elapsed": 8459.417836, "delta": 77.949804}}
{"target": -10.298444412795428, "params": {"colsample_bytree": 0.5773991432953007, "eta": 0.020103175788256877, "gamma": 582.2589099712096, "max_depth": 7.0, "min_child_weight": 3805.600113090885, "num_boost_round": 2.0, "subsample": 0.3854119486421098}, "datetime": {"datetime": "2024-01-20 15:42:41", "elapsed": 8459.4259, "delta": 0.008064}}
{"target": -10.298411795177838, "params": {"colsample_bytree": 0.5773991432953007, "eta": 0.020103175788256877, "gamma": 582.2589099712096, "max_depth": 7.0, "min_child_weight": 3805.600113090885, "num_boost_round": 3.0, "subsample": 0.3854119486421098}, "datetime": {"datetime": "2024-01-20 15:42:41", "elapsed": 8459.431319, "delta": 0.005419}}
{"target": -10.2984353227666, "params": {"colsample_bytree": 0.5773991432953007, "eta": 0.020103175788256877, "gamma": 582.2589099712096, "max_depth": 7.0, "min_child_weight": 3805.600113090885, "num_boost_round": 4.0, "subsample": 0.3854119486421098}, "datetime": {"datetime": "2024-01-20 15:42:41", "elapsed": 8459.43693, "delta": 0.005611}}
{"target": -10.298393626933592, "params": {"colsample_bytree": 0.7863344493193859, "eta": 0.08361723656854525, "gamma": 514.3602364528322, "max_depth": 4.0, "min_child_weight": 3780.677881161437, "num_boost_round": 1.0, "subsample": 0.8114512966448517}, "datetime": {"datetime": "2024-01-20 15:44:26", "elapsed": 8564.402458, "delta": 104.965528}}
{"target": -10.298935391240391, "params": {"colsample_bytree": 0.7863344493193859, "eta": 0.08361723656854525, "gamma": 514.3602364528322, "max_depth": 4.0, "min_child_weight": 3780.677881161437, "num_boost_round": 2.0, "subsample": 0.8114512966448517}, "datetime": {"datetime": "2024-01-20 15:44:27", "elapsed": 8565.086376, "delta": 0.683918}}
{"target": -10.299599772658912, "params": {"colsample_bytree": 0.7863344493193859, "eta": 0.08361723656854525, "gamma": 514.3602364528322, "max_depth": 4.0, "min_child_weight": 3780.677881161437, "num_boost_round": 3.0, "subsample": 0.8114512966448517}, "datetime": {"datetime": "2024-01-20 15:44:27", "elapsed": 8565.094367, "delta": 0.007991}}
{"target": -10.299867168282667, "params": {"colsample_bytree": 0.7863344493193859, "eta": 0.08361723656854525, "gamma": 514.3602364528322, "max_depth": 4.0, "min_child_weight": 3780.677881161437, "num_boost_round": 4.0, "subsample": 0.8114512966448517}, "datetime": {"datetime": "2024-01-20 15:44:27", "elapsed": 8565.10198, "delta": 0.007613}}
{"target": -10.298673214764317, "params": {"colsample_bytree": 0.6230893912828944, "eta": 0.06960197663673609, "gamma": 904.7102369921099, "max_depth": 6.0, "min_child_weight": 3954.8754897137806, "num_boost_round": 1.0, "subsample": 0.9099426261121887}, "datetime": {"datetime": "2024-01-20 15:45:59", "elapsed": 8657.014529, "delta": 91.912549}}
{"target": -10.299021039235097, "params": {"colsample_bytree": 0.6230893912828944, "eta": 0.06960197663673609, "gamma": 904.7102369921099, "max_depth": 6.0, "min_child_weight": 3954.8754897137806, "num_boost_round": 2.0, "subsample": 0.9099426261121887}, "datetime": {"datetime": "2024-01-20 15:45:59", "elapsed": 8657.023308, "delta": 0.008779}}
{"target": -10.299267070359914, "params": {"colsample_bytree": 0.6230893912828944, "eta": 0.06960197663673609, "gamma": 904.7102369921099, "max_depth": 6.0, "min_child_weight": 3954.8754897137806, "num_boost_round": 3.0, "subsample": 0.9099426261121887}, "datetime": {"datetime": "2024-01-20 15:45:59", "elapsed": 8657.029851, "delta": 0.006543}}
{"target": -10.299731565100139, "params": {"colsample_bytree": 0.6230893912828944, "eta": 0.06960197663673609, "gamma": 904.7102369921099, "max_depth": 6.0, "min_child_weight": 3954.8754897137806, "num_boost_round": 4.0, "subsample": 0.9099426261121887}, "datetime": {"datetime": "2024-01-20 15:45:59", "elapsed": 8657.036433, "delta": 0.006582}}
{"target": -10.300258488590714, "params": {"colsample_bytree": 0.6230893912828944, "eta": 0.06960197663673609, "gamma": 904.7102369921099, "max_depth": 6.0, "min_child_weight": 3954.8754897137806, "num_boost_round": 5.0, "subsample": 0.9099426261121887}, "datetime": {"datetime": "2024-01-20 15:45:59", "elapsed": 8657.042864, "delta": 0.006431}}
{"target": -10.300542389505525, "params": {"colsample_bytree": 0.6230893912828944, "eta": 0.06960197663673609, "gamma": 904.7102369921099, "max_depth": 6.0, "min_child_weight": 3954.8754897137806, "num_boost_round": 6.0, "subsample": 0.9099426261121887}, "datetime": {"datetime": "2024-01-20 15:45:59", "elapsed": 8657.049221, "delta": 0.006357}}
{"target": -10.300845016530442, "params": {"colsample_bytree": 0.6230893912828944, "eta": 0.06960197663673609, "gamma": 904.7102369921099, "max_depth": 6.0, "min_child_weight": 3954.8754897137806, "num_boost_round": 7.0, "subsample": 0.9099426261121887}, "datetime": {"datetime": "2024-01-20 15:45:59", "elapsed": 8657.055328, "delta": 0.006107}}
{"target": -10.301346678710985, "params": {"colsample_bytree": 0.6230893912828944, "eta": 0.06960197663673609, "gamma": 904.7102369921099, "max_depth": 6.0, "min_child_weight": 3954.8754897137806, "num_boost_round": 8.0, "subsample": 0.9099426261121887}, "datetime": {"datetime": "2024-01-20 15:45:59", "elapsed": 8657.061407, "delta": 0.006079}}
{"target": -10.302015188112737, "params": {"colsample_bytree": 0.6230893912828944, "eta": 0.06960197663673609, "gamma": 904.7102369921099, "max_depth": 6.0, "min_child_weight": 3954.8754897137806, "num_boost_round": 9.0, "subsample": 0.9099426261121887}, "datetime": {"datetime": "2024-01-20 15:45:59", "elapsed": 8657.067067, "delta": 0.00566}}
{"target": -10.302657155680683, "params": {"colsample_bytree": 0.6230893912828944, "eta": 0.06960197663673609, "gamma": 904.7102369921099, "max_depth": 6.0, "min_child_weight": 3954.8754897137806, "num_boost_round": 10.0, "subsample": 0.9099426261121887}, "datetime": {"datetime": "2024-01-20 15:45:59", "elapsed": 8657.07304, "delta": 0.005973}}
{"target": -10.303313919638235, "params": {"colsample_bytree": 0.6230893912828944, "eta": 0.06960197663673609, "gamma": 904.7102369921099, "max_depth": 6.0, "min_child_weight": 3954.8754897137806, "num_boost_round": 11.0, "subsample": 0.9099426261121887}, "datetime": {"datetime": "2024-01-20 15:45:59", "elapsed": 8657.080434, "delta": 0.007394}}
{"target": -10.303911116281359, "params": {"colsample_bytree": 0.6230893912828944, "eta": 0.06960197663673609, "gamma": 904.7102369921099, "max_depth": 6.0, "min_child_weight": 3954.8754897137806, "num_boost_round": 12.0, "subsample": 0.9099426261121887}, "datetime": {"datetime": "2024-01-20 15:45:59", "elapsed": 8657.08678, "delta": 0.006346}}
