{"target": -13.397639631866639, "params": {"colsample_bytree": 0.46113783615712345, "eta": 0.017720509202061568, "gamma": 773.9809354931906, "max_depth": 5.0, "min_child_weight": 3371.3510582310873, "num_boost_round": 5.0, "subsample": 0.7575658073371132}, "datetime": {"datetime": "2024-01-20 14:38:25", "elapsed": 840.5107, "delta": 0.001146}}
{"target": -13.397738669520752, "params": {"colsample_bytree": 0.46113783615712345, "eta": 0.017720509202061568, "gamma": 773.9809354931906, "max_depth": 5.0, "min_child_weight": 3371.3510582310873, "num_boost_round": 6.0, "subsample": 0.7575658073371132}, "datetime": {"datetime": "2024-01-20 14:38:25", "elapsed": 840.511848, "delta": 0.001148}}
{"target": -13.397857889281376, "params": {"colsample_bytree": 0.46113783615712345, "eta": 0.017720509202061568, "gamma": 773.9809354931906, "max_depth": 5.0, "min_child_weight": 3371.3510582310873, "num_boost_round": 7.0, "subsample": 0.7575658073371132}, "datetime": {"datetime": "2024-01-20 14:38:25", "elapsed": 840.513042, "delta": 0.001194}}
{"target": -13.39793915108686, "params": {"colsample_bytree": 0.46113783615712345, "eta": 0.017720509202061568, "gamma": 773.9809354931906, "max_depth": 5.0, "min_child_weight": 3371.3510582310873, "num_boost_round": 8.0, "subsample": 0.7575658073371132}, "datetime": {"datetime": "2024-01-20 14:38:25", "elapsed": 840.514685, "delta": 0.001643}}
{"target": -13.398213970977832, "params": {"colsample_bytree": 0.46113783615712345, "eta": 0.017720509202061568, "gamma": 773.9809354931906, "max_depth": 5.0, "min_child_weight": 3371.3510582310873, "num_boost_round": 9.0, "subsample": 0.7575658073371132}, "datetime": {"datetime": "2024-01-20 14:38:25", "elapsed": 840.515848, "delta": 0.001163}}
{"target": -13.398252030956533, "params": {"colsample_bytree": 0.46113783615712345, "eta": 0.017720509202061568, "gamma": 773.9809354931906, "max_depth": 5.0, "min_child_weight": 3371.3510582310873, "num_boost_round": 10.0, "subsample": 0.7575658073371132}, "datetime": {"datetime": "2024-01-20 14:38:25", "elapsed": 840.517006, "delta": 0.001158}}
{"target": -13.398234598994616, "params": {"colsample_bytree": 0.46113783615712345, "eta": 0.017720509202061568, "gamma": 773.9809354931906, "max_depth": 5.0, "min_child_weight": 3371.3510582310873, "num_boost_round": 11.0, "subsample": 0.7575658073371132}, "datetime": {"datetime": "2024-01-20 14:38:25", "elapsed": 840.518202, "delta": 0.001196}}
{"target": -13.398275547363486, "params": {"colsample_bytree": 0.46113783615712345, "eta": 0.017720509202061568, "gamma": 773.9809354931906, "max_depth": 5.0, "min_child_weight": 3371.3510582310873, "num_boost_round": 12.0, "subsample": 0.7575658073371132}, "datetime": {"datetime": "2024-01-20 14:38:25", "elapsed": 840.519413, "delta": 0.001211}}
{"target": -13.398315599258664, "params": {"colsample_bytree": 0.46113783615712345, "eta": 0.017720509202061568, "gamma": 773.9809354931906, "max_depth": 5.0, "min_child_weight": 3371.3510582310873, "num_boost_round": 13.0, "subsample": 0.7575658073371132}, "datetime": {"datetime": "2024-01-20 14:38:25", "elapsed": 840.520599, "delta": 0.001186}}
{"target": -13.398385642567685, "params": {"colsample_bytree": 0.46113783615712345, "eta": 0.017720509202061568, "gamma": 773.9809354931906, "max_depth": 5.0, "min_child_weight": 3371.3510582310873, "num_boost_round": 14.0, "subsample": 0.7575658073371132}, "datetime": {"datetime": "2024-01-20 14:38:25", "elapsed": 840.521763, "delta": 0.001164}}
{"target": -13.398515215037737, "params": {"colsample_bytree": 0.46113783615712345, "eta": 0.017720509202061568, "gamma": 773.9809354931906, "max_depth": 5.0, "min_child_weight": 3371.3510582310873, "num_boost_round": 15.0, "subsample": 0.7575658073371132}, "datetime": {"datetime": "2024-01-20 14:38:25", "elapsed": 840.522921, "delta": 0.001158}}
{"target": -13.398672084265968, "params": {"colsample_bytree": 0.46113783615712345, "eta": 0.017720509202061568, "gamma": 773.9809354931906, "max_depth": 5.0, "min_child_weight": 3371.3510582310873, "num_boost_round": 16.0, "subsample": 0.7575658073371132}, "datetime": {"datetime": "2024-01-20 14:38:25", "elapsed": 840.524136, "delta": 0.001215}}
{"target": -13.398842440089165, "params": {"colsample_bytree": 0.46113783615712345, "eta": 0.017720509202061568, "gamma": 773.9809354931906, "max_depth": 5.0, "min_child_weight": 3371.3510582310873, "num_boost_round": 17.0, "subsample": 0.7575658073371132}, "datetime": {"datetime": "2024-01-20 14:38:25", "elapsed": 840.52531, "delta": 0.001174}}
{"target": -13.39902123454942, "params": {"colsample_bytree": 0.46113783615712345, "eta": 0.017720509202061568, "gamma": 773.9809354931906, "max_depth": 5.0, "min_child_weight": 3371.3510582310873, "num_boost_round": 18.0, "subsample": 0.7575658073371132}, "datetime": {"datetime": "2024-01-20 14:38:25", "elapsed": 840.526447, "delta": 0.001137}}
{"target": -13.399141558536595, "params": {"colsample_bytree": 0.46113783615712345, "eta": 0.017720509202061568, "gamma": 773.9809354931906, "max_depth": 5.0, "min_child_weight": 3371.3510582310873, "num_boost_round": 19.0, "subsample": 0.7575658073371132}, "datetime": {"datetime": "2024-01-20 14:38:25", "elapsed": 840.527629, "delta": 0.001182}}
{"target": -13.399116371831976, "params": {"colsample_bytree": 0.46113783615712345, "eta": 0.017720509202061568, "gamma": 773.9809354931906, "max_depth": 5.0, "min_child_weight": 3371.3510582310873, "num_boost_round": 20.0, "subsample": 0.7575658073371132}, "datetime": {"datetime": "2024-01-20 14:38:25", "elapsed": 840.52878, "delta": 0.001151}}
{"target": -13.399188330715317, "params": {"colsample_bytree": 0.46113783615712345, "eta": 0.017720509202061568, "gamma": 773.9809354931906, "max_depth": 5.0, "min_child_weight": 3371.3510582310873, "num_boost_round": 21.0, "subsample": 0.7575658073371132}, "datetime": {"datetime": "2024-01-20 14:38:25", "elapsed": 840.530082, "delta": 0.001302}}
{"target": -13.39922527089389, "params": {"colsample_bytree": 0.46113783615712345, "eta": 0.017720509202061568, "gamma": 773.9809354931906, "max_depth": 5.0, "min_child_weight": 3371.3510582310873, "num_boost_round": 22.0, "subsample": 0.7575658073371132}, "datetime": {"datetime": "2024-01-20 14:38:25", "elapsed": 840.531192, "delta": 0.00111}}
{"target": -13.399404103729601, "params": {"colsample_bytree": 0.46113783615712345, "eta": 0.017720509202061568, "gamma": 773.9809354931906, "max_depth": 5.0, "min_child_weight": 3371.3510582310873, "num_boost_round": 23.0, "subsample": 0.7575658073371132}, "datetime": {"datetime": "2024-01-20 14:38:25", "elapsed": 840.532351, "delta": 0.001159}}
{"target": -13.399534006888507, "params": {"colsample_bytree": 0.46113783615712345, "eta": 0.017720509202061568, "gamma": 773.9809354931906, "max_depth": 5.0, "min_child_weight": 3371.3510582310873, "num_boost_round": 24.0, "subsample": 0.7575658073371132}, "datetime": {"datetime": "2024-01-20 14:38:25", "elapsed": 840.533513, "delta": 0.001162}}
{"target": -13.399652812598955, "params": {"colsample_bytree": 0.46113783615712345, "eta": 0.017720509202061568, "gamma": 773.9809354931906, "max_depth": 5.0, "min_child_weight": 3371.3510582310873, "num_boost_round": 25.0, "subsample": 0.7575658073371132}, "datetime": {"datetime": "2024-01-20 14:38:25", "elapsed": 840.534694, "delta": 0.001181}}
{"target": -13.39986752145045, "params": {"colsample_bytree": 0.46113783615712345, "eta": 0.017720509202061568, "gamma": 773.9809354931906, "max_depth": 5.0, "min_child_weight": 3371.3510582310873, "num_boost_round": 26.0, "subsample": 0.7575658073371132}, "datetime": {"datetime": "2024-01-20 14:38:25", "elapsed": 840.535897, "delta": 0.001203}}
{"target": -13.400118304075438, "params": {"colsample_bytree": 0.46113783615712345, "eta": 0.017720509202061568, "gamma": 773.9809354931906, "max_depth": 5.0, "min_child_weight": 3371.3510582310873, "num_boost_round": 27.0, "subsample": 0.7575658073371132}, "datetime": {"datetime": "2024-01-20 14:38:25", "elapsed": 840.537013, "delta": 0.001116}}
{"target": -13.400295260895186, "params": {"colsample_bytree": 0.46113783615712345, "eta": 0.017720509202061568, "gamma": 773.9809354931906, "max_depth": 5.0, "min_child_weight": 3371.3510582310873, "num_boost_round": 28.0, "subsample": 0.7575658073371132}, "datetime": {"datetime": "2024-01-20 14:38:25", "elapsed": 840.538257, "delta": 0.001244}}
{"target": -13.400412135036193, "params": {"colsample_bytree": 0.46113783615712345, "eta": 0.017720509202061568, "gamma": 773.9809354931906, "max_depth": 5.0, "min_child_weight": 3371.3510582310873, "num_boost_round": 29.0, "subsample": 0.7575658073371132}, "datetime": {"datetime": "2024-01-20 14:38:25", "elapsed": 840.539397, "delta": 0.00114}}
{"target": -13.400577083132506, "params": {"colsample_bytree": 0.46113783615712345, "eta": 0.017720509202061568, "gamma": 773.9809354931906, "max_depth": 5.0, "min_child_weight": 3371.3510582310873, "num_boost_round": 30.0, "subsample": 0.7575658073371132}, "datetime": {"datetime": "2024-01-20 14:38:25", "elapsed": 840.540521, "delta": 0.001124}}
{"target": -13.400800552058033, "params": {"colsample_bytree": 0.46113783615712345, "eta": 0.017720509202061568, "gamma": 773.9809354931906, "max_depth": 5.0, "min_child_weight": 3371.3510582310873, "num_boost_round": 31.0, "subsample": 0.7575658073371132}, "datetime": {"datetime": "2024-01-20 14:38:25", "elapsed": 840.541697, "delta": 0.001176}}
{"target": -13.401063574109159, "params": {"colsample_bytree": 0.46113783615712345, "eta": 0.017720509202061568, "gamma": 773.9809354931906, "max_depth": 5.0, "min_child_weight": 3371.3510582310873, "num_boost_round": 32.0, "subsample": 0.7575658073371132}, "datetime": {"datetime": "2024-01-20 14:38:25", "elapsed": 840.542889, "delta": 0.001192}}
{"target": -13.401228019669457, "params": {"colsample_bytree": 0.46113783615712345, "eta": 0.017720509202061568, "gamma": 773.9809354931906, "max_depth": 5.0, "min_child_weight": 3371.3510582310873, "num_boost_round": 33.0, "subsample": 0.7575658073371132}, "datetime": {"datetime": "2024-01-20 14:38:25", "elapsed": 840.544011, "delta": 0.001122}}
{"target": -13.39670741449796, "params": {"colsample_bytree": 0.9862552559950348, "eta": 0.06545767810866668, "gamma": 679.3068956119305, "max_depth": 9.0, "min_child_weight": 3297.5307193378044, "num_boost_round": 1.0, "subsample": 0.2584173155398666}, "datetime": {"datetime": "2024-01-20 14:38:58", "elapsed": 873.440768, "delta": 32.896757}}
{"target": -13.396027643487443, "params": {"colsample_bytree": 0.9862552559950348, "eta": 0.06545767810866668, "gamma": 679.3068956119305, "max_depth": 9.0, "min_child_weight": 3297.5307193378044, "num_boost_round": 2.0, "subsample": 0.2584173155398666}, "datetime": {"datetime": "2024-01-20 14:38:58", "elapsed": 873.44242, "delta": 0.001652}}
{"target": -13.395495156231675, "params": {"colsample_bytree": 0.9862552559950348, "eta": 0.06545767810866668, "gamma": 679.3068956119305, "max_depth": 9.0, "min_child_weight": 3297.5307193378044, "num_boost_round": 3.0, "subsample": 0.2584173155398666}, "datetime": {"datetime": "2024-01-20 14:38:58", "elapsed": 873.444242, "delta": 0.001822}}
{"target": -13.395228829727442, "params": {"colsample_bytree": 0.9862552559950348, "eta": 0.06545767810866668, "gamma": 679.3068956119305, "max_depth": 9.0, "min_child_weight": 3297.5307193378044, "num_boost_round": 4.0, "subsample": 0.2584173155398666}, "datetime": {"datetime": "2024-01-20 14:38:58", "elapsed": 873.445587, "delta": 0.001345}}
{"target": -13.3953820080235, "params": {"colsample_bytree": 0.9862552559950348, "eta": 0.06545767810866668, "gamma": 679.3068956119305, "max_depth": 9.0, "min_child_weight": 3297.5307193378044, "num_boost_round": 5.0, "subsample": 0.2584173155398666}, "datetime": {"datetime": "2024-01-20 14:38:58", "elapsed": 873.446938, "delta": 0.001351}}
{"target": -13.395353285465205, "params": {"colsample_bytree": 0.9862552559950348, "eta": 0.06545767810866668, "gamma": 679.3068956119305, "max_depth": 9.0, "min_child_weight": 3297.5307193378044, "num_boost_round": 6.0, "subsample": 0.2584173155398666}, "datetime": {"datetime": "2024-01-20 14:38:58", "elapsed": 873.44827, "delta": 0.001332}}
{"target": -13.395706790565425, "params": {"colsample_bytree": 0.9862552559950348, "eta": 0.06545767810866668, "gamma": 679.3068956119305, "max_depth": 9.0, "min_child_weight": 3297.5307193378044, "num_boost_round": 7.0, "subsample": 0.2584173155398666}, "datetime": {"datetime": "2024-01-20 14:38:58", "elapsed": 873.44953, "delta": 0.00126}}
{"target": -13.3961773966837, "params": {"colsample_bytree": 0.9862552559950348, "eta": 0.06545767810866668, "gamma": 679.3068956119305, "max_depth": 9.0, "min_child_weight": 3297.5307193378044, "num_boost_round": 8.0, "subsample": 0.2584173155398666}, "datetime": {"datetime": "2024-01-20 14:38:58", "elapsed": 873.450738, "delta": 0.001208}}
{"target": -13.39664851263171, "params": {"colsample_bytree": 0.9862552559950348, "eta": 0.06545767810866668, "gamma": 679.3068956119305, "max_depth": 9.0, "min_child_weight": 3297.5307193378044, "num_boost_round": 9.0, "subsample": 0.2584173155398666}, "datetime": {"datetime": "2024-01-20 14:38:58", "elapsed": 873.451986, "delta": 0.001248}}
{"target": -13.397232058820101, "params": {"colsample_bytree": 0.9862552559950348, "eta": 0.06545767810866668, "gamma": 679.3068956119305, "max_depth": 9.0, "min_child_weight": 3297.5307193378044, "num_boost_round": 10.0, "subsample": 0.2584173155398666}, "datetime": {"datetime": "2024-01-20 14:38:58", "elapsed": 873.453217, "delta": 0.001231}}
{"target": -13.397465895783657, "params": {"colsample_bytree": 0.9862552559950348, "eta": 0.06545767810866668, "gamma": 679.3068956119305, "max_depth": 9.0, "min_child_weight": 3297.5307193378044, "num_boost_round": 11.0, "subsample": 0.2584173155398666}, "datetime": {"datetime": "2024-01-20 14:38:58", "elapsed": 873.454431, "delta": 0.001214}}
{"target": -13.39824990491807, "params": {"colsample_bytree": 0.9862552559950348, "eta": 0.06545767810866668, "gamma": 679.3068956119305, "max_depth": 9.0, "min_child_weight": 3297.5307193378044, "num_boost_round": 12.0, "subsample": 0.2584173155398666}, "datetime": {"datetime": "2024-01-20 14:38:58", "elapsed": 873.45567, "delta": 0.001239}}
{"target": -13.398925173715627, "params": {"colsample_bytree": 0.9862552559950348, "eta": 0.06545767810866668, "gamma": 679.3068956119305, "max_depth": 9.0, "min_child_weight": 3297.5307193378044, "num_boost_round": 13.0, "subsample": 0.2584173155398666}, "datetime": {"datetime": "2024-01-20 14:38:58", "elapsed": 873.456871, "delta": 0.001201}}
{"target": -13.399720224192686, "params": {"colsample_bytree": 0.9862552559950348, "eta": 0.06545767810866668, "gamma": 679.3068956119305, "max_depth": 9.0, "min_child_weight": 3297.5307193378044, "num_boost_round": 14.0, "subsample": 0.2584173155398666}, "datetime": {"datetime": "2024-01-20 14:38:58", "elapsed": 873.458079, "delta": 0.001208}}
{"target": -13.400576642972704, "params": {"colsample_bytree": 0.9862552559950348, "eta": 0.06545767810866668, "gamma": 679.3068956119305, "max_depth": 9.0, "min_child_weight": 3297.5307193378044, "num_boost_round": 15.0, "subsample": 0.2584173155398666}, "datetime": {"datetime": "2024-01-20 14:38:58", "elapsed": 873.45929, "delta": 0.001211}}
{"target": -13.401162164757089, "params": {"colsample_bytree": 0.9862552559950348, "eta": 0.06545767810866668, "gamma": 679.3068956119305, "max_depth": 9.0, "min_child_weight": 3297.5307193378044, "num_boost_round": 16.0, "subsample": 0.2584173155398666}, "datetime": {"datetime": "2024-01-20 14:38:58", "elapsed": 873.460561, "delta": 0.001271}}
{"target": -13.401624747933816, "params": {"colsample_bytree": 0.9862552559950348, "eta": 0.06545767810866668, "gamma": 679.3068956119305, "max_depth": 9.0, "min_child_weight": 3297.5307193378044, "num_boost_round": 17.0, "subsample": 0.2584173155398666}, "datetime": {"datetime": "2024-01-20 14:38:58", "elapsed": 873.461729, "delta": 0.001168}}
{"target": -13.401954665102854, "params": {"colsample_bytree": 0.9862552559950348, "eta": 0.06545767810866668, "gamma": 679.3068956119305, "max_depth": 9.0, "min_child_weight": 3297.5307193378044, "num_boost_round": 18.0, "subsample": 0.2584173155398666}, "datetime": {"datetime": "2024-01-20 14:38:58", "elapsed": 873.462876, "delta": 0.001147}}
{"target": -13.402496299717507, "params": {"colsample_bytree": 0.9862552559950348, "eta": 0.06545767810866668, "gamma": 679.3068956119305, "max_depth": 9.0, "min_child_weight": 3297.5307193378044, "num_boost_round": 19.0, "subsample": 0.2584173155398666}, "datetime": {"datetime": "2024-01-20 14:38:58", "elapsed": 873.464023, "delta": 0.001147}}
{"target": -13.403312978817477, "params": {"colsample_bytree": 0.9862552559950348, "eta": 0.06545767810866668, "gamma": 679.3068956119305, "max_depth": 9.0, "min_child_weight": 3297.5307193378044, "num_boost_round": 20.0, "subsample": 0.2584173155398666}, "datetime": {"datetime": "2024-01-20 14:38:58", "elapsed": 873.465219, "delta": 0.001196}}
{"target": -13.403936684886737, "params": {"colsample_bytree": 0.9862552559950348, "eta": 0.06545767810866668, "gamma": 679.3068956119305, "max_depth": 9.0, "min_child_weight": 3297.5307193378044, "num_boost_round": 21.0, "subsample": 0.2584173155398666}, "datetime": {"datetime": "2024-01-20 14:38:58", "elapsed": 873.466409, "delta": 0.00119}}
{"target": -13.404557293375746, "params": {"colsample_bytree": 0.9862552559950348, "eta": 0.06545767810866668, "gamma": 679.3068956119305, "max_depth": 9.0, "min_child_weight": 3297.5307193378044, "num_boost_round": 22.0, "subsample": 0.2584173155398666}, "datetime": {"datetime": "2024-01-20 14:38:58", "elapsed": 873.467599, "delta": 0.00119}}
{"target": -13.405246237755623, "params": {"colsample_bytree": 0.9862552559950348, "eta": 0.06545767810866668, "gamma": 679.3068956119305, "max_depth": 9.0, "min_child_weight": 3297.5307193378044, "num_boost_round": 23.0, "subsample": 0.2584173155398666}, "datetime": {"datetime": "2024-01-20 14:38:58", "elapsed": 873.468928, "delta": 0.001329}}
{"target": -13.405848095061756, "params": {"colsample_bytree": 0.9862552559950348, "eta": 0.06545767810866668, "gamma": 679.3068956119305, "max_depth": 9.0, "min_child_weight": 3297.5307193378044, "num_boost_round": 24.0, "subsample": 0.2584173155398666}, "datetime": {"datetime": "2024-01-20 14:38:58", "elapsed": 873.470128, "delta": 0.0012}}
{"target": -13.406328681182764, "params": {"colsample_bytree": 0.9862552559950348, "eta": 0.06545767810866668, "gamma": 679.3068956119305, "max_depth": 9.0, "min_child_weight": 3297.5307193378044, "num_boost_round": 25.0, "subsample": 0.2584173155398666}, "datetime": {"datetime": "2024-01-20 14:38:58", "elapsed": 873.471307, "delta": 0.001179}}
{"target": -13.406869733153362, "params": {"colsample_bytree": 0.9862552559950348, "eta": 0.06545767810866668, "gamma": 679.3068956119305, "max_depth": 9.0, "min_child_weight": 3297.5307193378044, "num_boost_round": 26.0, "subsample": 0.2584173155398666}, "datetime": {"datetime": "2024-01-20 14:38:58", "elapsed": 873.472524, "delta": 0.001217}}
{"target": -13.407656508481615, "params": {"colsample_bytree": 0.9862552559950348, "eta": 0.06545767810866668, "gamma": 679.3068956119305, "max_depth": 9.0, "min_child_weight": 3297.5307193378044, "num_boost_round": 27.0, "subsample": 0.2584173155398666}, "datetime": {"datetime": "2024-01-20 14:38:58", "elapsed": 873.473693, "delta": 0.001169}}
{"target": -13.408064738696426, "params": {"colsample_bytree": 0.9862552559950348, "eta": 0.06545767810866668, "gamma": 679.3068956119305, "max_depth": 9.0, "min_child_weight": 3297.5307193378044, "num_boost_round": 28.0, "subsample": 0.2584173155398666}, "datetime": {"datetime": "2024-01-20 14:38:58", "elapsed": 873.474873, "delta": 0.00118}}
{"target": -13.408329141993018, "params": {"colsample_bytree": 0.9862552559950348, "eta": 0.06545767810866668, "gamma": 679.3068956119305, "max_depth": 9.0, "min_child_weight": 3297.5307193378044, "num_boost_round": 29.0, "subsample": 0.2584173155398666}, "datetime": {"datetime": "2024-01-20 14:38:58", "elapsed": 873.476058, "delta": 0.001185}}
{"target": -13.39768813466988, "params": {"colsample_bytree": 0.3533739139875691, "eta": 0.011755156475987275, "gamma": 760.1549162451074, "max_depth": 6.0, "min_child_weight": 3996.8274518859353, "num_boost_round": 1.0, "subsample": 0.47025518300185853}, "datetime": {"datetime": "2024-01-20 14:39:19", "elapsed": 894.588171, "delta": 21.112113}}
{"target": -13.39765408796691, "params": {"colsample_bytree": 0.3533739139875691, "eta": 0.011755156475987275, "gamma": 760.1549162451074, "max_depth": 6.0, "min_child_weight": 3996.8274518859353, "num_boost_round": 2.0, "subsample": 0.47025518300185853}, "datetime": {"datetime": "2024-01-20 14:39:19", "elapsed": 894.590171, "delta": 0.002}}
{"target": -13.397677356480592, "params": {"colsample_bytree": 0.3533739139875691, "eta": 0.011755156475987275, "gamma": 760.1549162451074, "max_depth": 6.0, "min_child_weight": 3996.8274518859353, "num_boost_round": 3.0, "subsample": 0.47025518300185853}, "datetime": {"datetime": "2024-01-20 14:39:19", "elapsed": 894.592221, "delta": 0.00205}}
{"target": -13.397791188388119, "params": {"colsample_bytree": 0.3533739139875691, "eta": 0.011755156475987275, "gamma": 760.1549162451074, "max_depth": 6.0, "min_child_weight": 3996.8274518859353, "num_boost_round": 4.0, "subsample": 0.47025518300185853}, "datetime": {"datetime": "2024-01-20 14:39:19", "elapsed": 894.593595, "delta": 0.001374}}
{"target": -13.397876720910823, "params": {"colsample_bytree": 0.3533739139875691, "eta": 0.011755156475987275, "gamma": 760.1549162451074, "max_depth": 6.0, "min_child_weight": 3996.8274518859353, "num_boost_round": 5.0, "subsample": 0.47025518300185853}, "datetime": {"datetime": "2024-01-20 14:39:19", "elapsed": 894.595105, "delta": 0.00151}}
