{"target": -10.298381411460559, "params": {"colsample_bytree": 0.9281210365806762, "eta": 0.03605697716979394, "gamma": 752.8440100466015, "max_depth": 9.0, "min_child_weight": 4132.468328812376, "num_boost_round": 3.0, "subsample": 0.5443305809947633}, "datetime": {"datetime": "2024-01-20 13:32:04", "elapsed": 622.656574, "delta": 0.000888}}
{"target": -10.298469166921716, "params": {"colsample_bytree": 0.9281210365806762, "eta": 0.03605697716979394, "gamma": 752.8440100466015, "max_depth": 9.0, "min_child_weight": 4132.468328812376, "num_boost_round": 4.0, "subsample": 0.5443305809947633}, "datetime": {"datetime": "2024-01-20 13:32:04", "elapsed": 622.657317, "delta": 0.000743}}
{"target": -10.298529697980218, "params": {"colsample_bytree": 0.9281210365806762, "eta": 0.03605697716979394, "gamma": 752.8440100466015, "max_depth": 9.0, "min_child_weight": 4132.468328812376, "num_boost_round": 5.0, "subsample": 0.5443305809947633}, "datetime": {"datetime": "2024-01-20 13:32:04", "elapsed": 622.665597, "delta": 0.00828}}
{"target": -10.29869939743023, "params": {"colsample_bytree": 0.9281210365806762, "eta": 0.03605697716979394, "gamma": 752.8440100466015, "max_depth": 9.0, "min_child_weight": 4132.468328812376, "num_boost_round": 6.0, "subsample": 0.5443305809947633}, "datetime": {"datetime": "2024-01-20 13:32:04", "elapsed": 622.666395, "delta": 0.000798}}
{"target": -10.298870254544418, "params": {"colsample_bytree": 0.9281210365806762, "eta": 0.03605697716979394, "gamma": 752.8440100466015, "max_depth": 9.0, "min_child_weight": 4132.468328812376, "num_boost_round": 7.0, "subsample": 0.5443305809947633}, "datetime": {"datetime": "2024-01-20 13:32:04", "elapsed": 622.667117, "delta": 0.000722}}
{"target": -10.298972672695587, "params": {"colsample_bytree": 0.9281210365806762, "eta": 0.03605697716979394, "gamma": 752.8440100466015, "max_depth": 9.0, "min_child_weight": 4132.468328812376, "num_boost_round": 8.0, "subsample": 0.5443305809947633}, "datetime": {"datetime": "2024-01-20 13:32:04", "elapsed": 622.667834, "delta": 0.000717}}
{"target": -10.299302542550524, "params": {"colsample_bytree": 0.9281210365806762, "eta": 0.03605697716979394, "gamma": 752.8440100466015, "max_depth": 9.0, "min_child_weight": 4132.468328812376, "num_boost_round": 9.0, "subsample": 0.5443305809947633}, "datetime": {"datetime": "2024-01-20 13:32:04", "elapsed": 622.668511, "delta": 0.000677}}
{"target": -10.299637861519813, "params": {"colsample_bytree": 0.9281210365806762, "eta": 0.03605697716979394, "gamma": 752.8440100466015, "max_depth": 9.0, "min_child_weight": 4132.468328812376, "num_boost_round": 10.0, "subsample": 0.5443305809947633}, "datetime": {"datetime": "2024-01-20 13:32:04", "elapsed": 622.669148, "delta": 0.000637}}
{"target": -10.300087418650822, "params": {"colsample_bytree": 0.9281210365806762, "eta": 0.03605697716979394, "gamma": 752.8440100466015, "max_depth": 9.0, "min_child_weight": 4132.468328812376, "num_boost_round": 11.0, "subsample": 0.5443305809947633}, "datetime": {"datetime": "2024-01-20 13:32:04", "elapsed": 622.669943, "delta": 0.000795}}
{"target": -10.300423699216584, "params": {"colsample_bytree": 0.9281210365806762, "eta": 0.03605697716979394, "gamma": 752.8440100466015, "max_depth": 9.0, "min_child_weight": 4132.468328812376, "num_boost_round": 12.0, "subsample": 0.5443305809947633}, "datetime": {"datetime": "2024-01-20 13:32:04", "elapsed": 622.67067, "delta": 0.000727}}
{"target": -10.300470451645989, "params": {"colsample_bytree": 0.9281210365806762, "eta": 0.03605697716979394, "gamma": 752.8440100466015, "max_depth": 9.0, "min_child_weight": 4132.468328812376, "num_boost_round": 13.0, "subsample": 0.5443305809947633}, "datetime": {"datetime": "2024-01-20 13:32:04", "elapsed": 622.671519, "delta": 0.000849}}
{"target": -10.300723849232782, "params": {"colsample_bytree": 0.9281210365806762, "eta": 0.03605697716979394, "gamma": 752.8440100466015, "max_depth": 9.0, "min_child_weight": 4132.468328812376, "num_boost_round": 14.0, "subsample": 0.5443305809947633}, "datetime": {"datetime": "2024-01-20 13:32:04", "elapsed": 622.672327, "delta": 0.000808}}
{"target": -10.30119012529145, "params": {"colsample_bytree": 0.9281210365806762, "eta": 0.03605697716979394, "gamma": 752.8440100466015, "max_depth": 9.0, "min_child_weight": 4132.468328812376, "num_boost_round": 15.0, "subsample": 0.5443305809947633}, "datetime": {"datetime": "2024-01-20 13:32:04", "elapsed": 622.673055, "delta": 0.000728}}
{"target": -10.301426846420693, "params": {"colsample_bytree": 0.9281210365806762, "eta": 0.03605697716979394, "gamma": 752.8440100466015, "max_depth": 9.0, "min_child_weight": 4132.468328812376, "num_boost_round": 16.0, "subsample": 0.5443305809947633}, "datetime": {"datetime": "2024-01-20 13:32:04", "elapsed": 622.67378, "delta": 0.000725}}
{"target": -10.301671359849932, "params": {"colsample_bytree": 0.9281210365806762, "eta": 0.03605697716979394, "gamma": 752.8440100466015, "max_depth": 9.0, "min_child_weight": 4132.468328812376, "num_boost_round": 17.0, "subsample": 0.5443305809947633}, "datetime": {"datetime": "2024-01-20 13:32:04", "elapsed": 622.6745, "delta": 0.00072}}
{"target": -10.301953996862947, "params": {"colsample_bytree": 0.9281210365806762, "eta": 0.03605697716979394, "gamma": 752.8440100466015, "max_depth": 9.0, "min_child_weight": 4132.468328812376, "num_boost_round": 18.0, "subsample": 0.5443305809947633}, "datetime": {"datetime": "2024-01-20 13:32:04", "elapsed": 622.675547, "delta": 0.001047}}
{"target": -10.30216405825823, "params": {"colsample_bytree": 0.9281210365806762, "eta": 0.03605697716979394, "gamma": 752.8440100466015, "max_depth": 9.0, "min_child_weight": 4132.468328812376, "num_boost_round": 19.0, "subsample": 0.5443305809947633}, "datetime": {"datetime": "2024-01-20 13:32:04", "elapsed": 622.676299, "delta": 0.000752}}
{"target": -10.30253398962178, "params": {"colsample_bytree": 0.9281210365806762, "eta": 0.03605697716979394, "gamma": 752.8440100466015, "max_depth": 9.0, "min_child_weight": 4132.468328812376, "num_boost_round": 20.0, "subsample": 0.5443305809947633}, "datetime": {"datetime": "2024-01-20 13:32:04", "elapsed": 622.677035, "delta": 0.000736}}
{"target": -10.302901568989027, "params": {"colsample_bytree": 0.9281210365806762, "eta": 0.03605697716979394, "gamma": 752.8440100466015, "max_depth": 9.0, "min_child_weight": 4132.468328812376, "num_boost_round": 21.0, "subsample": 0.5443305809947633}, "datetime": {"datetime": "2024-01-20 13:32:04", "elapsed": 622.677766, "delta": 0.000731}}
{"target": -10.303109962923383, "params": {"colsample_bytree": 0.9281210365806762, "eta": 0.03605697716979394, "gamma": 752.8440100466015, "max_depth": 9.0, "min_child_weight": 4132.468328812376, "num_boost_round": 22.0, "subsample": 0.5443305809947633}, "datetime": {"datetime": "2024-01-20 13:32:04", "elapsed": 622.678597, "delta": 0.000831}}
{"target": -10.303464428844288, "params": {"colsample_bytree": 0.9281210365806762, "eta": 0.03605697716979394, "gamma": 752.8440100466015, "max_depth": 9.0, "min_child_weight": 4132.468328812376, "num_boost_round": 23.0, "subsample": 0.5443305809947633}, "datetime": {"datetime": "2024-01-20 13:32:04", "elapsed": 622.679337, "delta": 0.00074}}
{"target": -10.303673482431645, "params": {"colsample_bytree": 0.9281210365806762, "eta": 0.03605697716979394, "gamma": 752.8440100466015, "max_depth": 9.0, "min_child_weight": 4132.468328812376, "num_boost_round": 24.0, "subsample": 0.5443305809947633}, "datetime": {"datetime": "2024-01-20 13:32:04", "elapsed": 622.680076, "delta": 0.000739}}
{"target": -10.304002660520347, "params": {"colsample_bytree": 0.9281210365806762, "eta": 0.03605697716979394, "gamma": 752.8440100466015, "max_depth": 9.0, "min_child_weight": 4132.468328812376, "num_boost_round": 25.0, "subsample": 0.5443305809947633}, "datetime": {"datetime": "2024-01-20 13:32:04", "elapsed": 622.680816, "delta": 0.00074}}
{"target": -10.304326406469826, "params": {"colsample_bytree": 0.9281210365806762, "eta": 0.03605697716979394, "gamma": 752.8440100466015, "max_depth": 9.0, "min_child_weight": 4132.468328812376, "num_boost_round": 26.0, "subsample": 0.5443305809947633}, "datetime": {"datetime": "2024-01-20 13:32:04", "elapsed": 622.681546, "delta": 0.00073}}
{"target": -10.304682786126971, "params": {"colsample_bytree": 0.9281210365806762, "eta": 0.03605697716979394, "gamma": 752.8440100466015, "max_depth": 9.0, "min_child_weight": 4132.468328812376, "num_boost_round": 27.0, "subsample": 0.5443305809947633}, "datetime": {"datetime": "2024-01-20 13:32:04", "elapsed": 622.68227, "delta": 0.000724}}
{"target": -10.304860923957754, "params": {"colsample_bytree": 0.9281210365806762, "eta": 0.03605697716979394, "gamma": 752.8440100466015, "max_depth": 9.0, "min_child_weight": 4132.468328812376, "num_boost_round": 28.0, "subsample": 0.5443305809947633}, "datetime": {"datetime": "2024-01-20 13:32:04", "elapsed": 622.683057, "delta": 0.000787}}
{"target": -10.305211204371078, "params": {"colsample_bytree": 0.9281210365806762, "eta": 0.03605697716979394, "gamma": 752.8440100466015, "max_depth": 9.0, "min_child_weight": 4132.468328812376, "num_boost_round": 29.0, "subsample": 0.5443305809947633}, "datetime": {"datetime": "2024-01-20 13:32:04", "elapsed": 622.683791, "delta": 0.000734}}
{"target": -10.305384362193255, "params": {"colsample_bytree": 0.9281210365806762, "eta": 0.03605697716979394, "gamma": 752.8440100466015, "max_depth": 9.0, "min_child_weight": 4132.468328812376, "num_boost_round": 30.0, "subsample": 0.5443305809947633}, "datetime": {"datetime": "2024-01-20 13:32:04", "elapsed": 622.684601, "delta": 0.00081}}
{"target": -10.305735377434518, "params": {"colsample_bytree": 0.9281210365806762, "eta": 0.03605697716979394, "gamma": 752.8440100466015, "max_depth": 9.0, "min_child_weight": 4132.468328812376, "num_boost_round": 31.0, "subsample": 0.5443305809947633}, "datetime": {"datetime": "2024-01-20 13:32:04", "elapsed": 622.685341, "delta": 0.00074}}
{"target": -10.306075126305188, "params": {"colsample_bytree": 0.9281210365806762, "eta": 0.03605697716979394, "gamma": 752.8440100466015, "max_depth": 9.0, "min_child_weight": 4132.468328812376, "num_boost_round": 32.0, "subsample": 0.5443305809947633}, "datetime": {"datetime": "2024-01-20 13:32:04", "elapsed": 622.686085, "delta": 0.000744}}
{"target": -10.306466850764075, "params": {"colsample_bytree": 0.9281210365806762, "eta": 0.03605697716979394, "gamma": 752.8440100466015, "max_depth": 9.0, "min_child_weight": 4132.468328812376, "num_boost_round": 33.0, "subsample": 0.5443305809947633}, "datetime": {"datetime": "2024-01-20 13:32:04", "elapsed": 622.686838, "delta": 0.000753}}
{"target": -10.306831096658822, "params": {"colsample_bytree": 0.9281210365806762, "eta": 0.03605697716979394, "gamma": 752.8440100466015, "max_depth": 9.0, "min_child_weight": 4132.468328812376, "num_boost_round": 34.0, "subsample": 0.5443305809947633}, "datetime": {"datetime": "2024-01-20 13:32:04", "elapsed": 622.687591, "delta": 0.000753}}
{"target": -10.30708626475644, "params": {"colsample_bytree": 0.9281210365806762, "eta": 0.03605697716979394, "gamma": 752.8440100466015, "max_depth": 9.0, "min_child_weight": 4132.468328812376, "num_boost_round": 35.0, "subsample": 0.5443305809947633}, "datetime": {"datetime": "2024-01-20 13:32:04", "elapsed": 622.688326, "delta": 0.000735}}
{"target": -10.307511677838589, "params": {"colsample_bytree": 0.9281210365806762, "eta": 0.03605697716979394, "gamma": 752.8440100466015, "max_depth": 9.0, "min_child_weight": 4132.468328812376, "num_boost_round": 36.0, "subsample": 0.5443305809947633}, "datetime": {"datetime": "2024-01-20 13:32:04", "elapsed": 622.689068, "delta": 0.000742}}
{"target": -10.307901960586424, "params": {"colsample_bytree": 0.9281210365806762, "eta": 0.03605697716979394, "gamma": 752.8440100466015, "max_depth": 9.0, "min_child_weight": 4132.468328812376, "num_boost_round": 37.0, "subsample": 0.5443305809947633}, "datetime": {"datetime": "2024-01-20 13:32:04", "elapsed": 622.689954, "delta": 0.000886}}
{"target": -10.308112381562477, "params": {"colsample_bytree": 0.9281210365806762, "eta": 0.03605697716979394, "gamma": 752.8440100466015, "max_depth": 9.0, "min_child_weight": 4132.468328812376, "num_boost_round": 38.0, "subsample": 0.5443305809947633}, "datetime": {"datetime": "2024-01-20 13:32:04", "elapsed": 622.690866, "delta": 0.000912}}
{"target": -10.308423790027994, "params": {"colsample_bytree": 0.9281210365806762, "eta": 0.03605697716979394, "gamma": 752.8440100466015, "max_depth": 9.0, "min_child_weight": 4132.468328812376, "num_boost_round": 39.0, "subsample": 0.5443305809947633}, "datetime": {"datetime": "2024-01-20 13:32:04", "elapsed": 622.691639, "delta": 0.000773}}
{"target": -10.308771779632298, "params": {"colsample_bytree": 0.9281210365806762, "eta": 0.03605697716979394, "gamma": 752.8440100466015, "max_depth": 9.0, "min_child_weight": 4132.468328812376, "num_boost_round": 40.0, "subsample": 0.5443305809947633}, "datetime": {"datetime": "2024-01-20 13:32:04", "elapsed": 622.692393, "delta": 0.000754}}
{"target": -10.309112822706684, "params": {"colsample_bytree": 0.9281210365806762, "eta": 0.03605697716979394, "gamma": 752.8440100466015, "max_depth": 9.0, "min_child_weight": 4132.468328812376, "num_boost_round": 41.0, "subsample": 0.5443305809947633}, "datetime": {"datetime": "2024-01-20 13:32:04", "elapsed": 622.693151, "delta": 0.000758}}
{"target": -10.30939360239675, "params": {"colsample_bytree": 0.9281210365806762, "eta": 0.03605697716979394, "gamma": 752.8440100466015, "max_depth": 9.0, "min_child_weight": 4132.468328812376, "num_boost_round": 42.0, "subsample": 0.5443305809947633}, "datetime": {"datetime": "2024-01-20 13:32:04", "elapsed": 622.693899, "delta": 0.000748}}
{"target": -10.309889127063947, "params": {"colsample_bytree": 0.9281210365806762, "eta": 0.03605697716979394, "gamma": 752.8440100466015, "max_depth": 9.0, "min_child_weight": 4132.468328812376, "num_boost_round": 43.0, "subsample": 0.5443305809947633}, "datetime": {"datetime": "2024-01-20 13:32:04", "elapsed": 622.69466, "delta": 0.000761}}
{"target": -10.310340028950733, "params": {"colsample_bytree": 0.9281210365806762, "eta": 0.03605697716979394, "gamma": 752.8440100466015, "max_depth": 9.0, "min_child_weight": 4132.468328812376, "num_boost_round": 44.0, "subsample": 0.5443305809947633}, "datetime": {"datetime": "2024-01-20 13:32:04", "elapsed": 622.695417, "delta": 0.000757}}
{"target": -10.31039448595666, "params": {"colsample_bytree": 0.9281210365806762, "eta": 0.03605697716979394, "gamma": 752.8440100466015, "max_depth": 9.0, "min_child_weight": 4132.468328812376, "num_boost_round": 45.0, "subsample": 0.5443305809947633}, "datetime": {"datetime": "2024-01-20 13:32:04", "elapsed": 622.696169, "delta": 0.000752}}
{"target": -10.310950703996456, "params": {"colsample_bytree": 0.9281210365806762, "eta": 0.03605697716979394, "gamma": 752.8440100466015, "max_depth": 9.0, "min_child_weight": 4132.468328812376, "num_boost_round": 46.0, "subsample": 0.5443305809947633}, "datetime": {"datetime": "2024-01-20 13:32:04", "elapsed": 622.696939, "delta": 0.00077}}
{"target": -10.311177478447918, "params": {"colsample_bytree": 0.9281210365806762, "eta": 0.03605697716979394, "gamma": 752.8440100466015, "max_depth": 9.0, "min_child_weight": 4132.468328812376, "num_boost_round": 47.0, "subsample": 0.5443305809947633}, "datetime": {"datetime": "2024-01-20 13:32:04", "elapsed": 622.697705, "delta": 0.000766}}
{"target": -10.311411032409168, "params": {"colsample_bytree": 0.9281210365806762, "eta": 0.03605697716979394, "gamma": 752.8440100466015, "max_depth": 9.0, "min_child_weight": 4132.468328812376, "num_boost_round": 48.0, "subsample": 0.5443305809947633}, "datetime": {"datetime": "2024-01-20 13:32:04", "elapsed": 622.698555, "delta": 0.00085}}
{"target": -10.311788386608367, "params": {"colsample_bytree": 0.9281210365806762, "eta": 0.03605697716979394, "gamma": 752.8440100466015, "max_depth": 9.0, "min_child_weight": 4132.468328812376, "num_boost_round": 49.0, "subsample": 0.5443305809947633}, "datetime": {"datetime": "2024-01-20 13:32:04", "elapsed": 622.699318, "delta": 0.000763}}
{"target": -10.31192242086671, "params": {"colsample_bytree": 0.9281210365806762, "eta": 0.03605697716979394, "gamma": 752.8440100466015, "max_depth": 9.0, "min_child_weight": 4132.468328812376, "num_boost_round": 50.0, "subsample": 0.5443305809947633}, "datetime": {"datetime": "2024-01-20 13:32:04", "elapsed": 622.700081, "delta": 0.000763}}
{"target": -10.312181630911686, "params": {"colsample_bytree": 0.9281210365806762, "eta": 0.03605697716979394, "gamma": 752.8440100466015, "max_depth": 9.0, "min_child_weight": 4132.468328812376, "num_boost_round": 51.0, "subsample": 0.5443305809947633}, "datetime": {"datetime": "2024-01-20 13:32:04", "elapsed": 622.70087, "delta": 0.000789}}
{"target": -10.3126260872595, "params": {"colsample_bytree": 0.9281210365806762, "eta": 0.03605697716979394, "gamma": 752.8440100466015, "max_depth": 9.0, "min_child_weight": 4132.468328812376, "num_boost_round": 52.0, "subsample": 0.5443305809947633}, "datetime": {"datetime": "2024-01-20 13:32:04", "elapsed": 622.701625, "delta": 0.000755}}
{"target": -10.297872607431326, "params": {"colsample_bytree": 0.3654995861797786, "eta": 0.06947666183761055, "gamma": 699.1130088499558, "max_depth": 2.0, "min_child_weight": 4031.8207851420984, "num_boost_round": 1.0, "subsample": 0.33432702702554656}, "datetime": {"datetime": "2024-01-20 13:32:26", "elapsed": 644.299793, "delta": 21.598168}}
{"target": -10.2979222618226, "params": {"colsample_bytree": 0.3654995861797786, "eta": 0.06947666183761055, "gamma": 699.1130088499558, "max_depth": 2.0, "min_child_weight": 4031.8207851420984, "num_boost_round": 2.0, "subsample": 0.33432702702554656}, "datetime": {"datetime": "2024-01-20 13:32:26", "elapsed": 644.300815, "delta": 0.001022}}
{"target": -10.298300197162385, "params": {"colsample_bytree": 0.3654995861797786, "eta": 0.06947666183761055, "gamma": 699.1130088499558, "max_depth": 2.0, "min_child_weight": 4031.8207851420984, "num_boost_round": 3.0, "subsample": 0.33432702702554656}, "datetime": {"datetime": "2024-01-20 13:32:26", "elapsed": 644.301926, "delta": 0.001111}}
{"target": -10.29854556697893, "params": {"colsample_bytree": 0.3654995861797786, "eta": 0.06947666183761055, "gamma": 699.1130088499558, "max_depth": 2.0, "min_child_weight": 4031.8207851420984, "num_boost_round": 4.0, "subsample": 0.33432702702554656}, "datetime": {"datetime": "2024-01-20 13:32:26", "elapsed": 644.302711, "delta": 0.000785}}
{"target": -10.298380100915484, "params": {"colsample_bytree": 0.48181423460359607, "eta": 0.049541365519942, "gamma": 504.96016205368755, "max_depth": 2.0, "min_child_weight": 4000.4486745826143, "num_boost_round": 1.0, "subsample": 0.750085658573473}, "datetime": {"datetime": "2024-01-20 13:33:04", "elapsed": 682.619927, "delta": 38.317216}}
{"target": -10.29839231710687, "params": {"colsample_bytree": 0.48181423460359607, "eta": 0.049541365519942, "gamma": 504.96016205368755, "max_depth": 2.0, "min_child_weight": 4000.4486745826143, "num_boost_round": 2.0, "subsample": 0.750085658573473}, "datetime": {"datetime": "2024-01-20 13:33:04", "elapsed": 682.621481, "delta": 0.001554}}
{"target": -10.298565294715821, "params": {"colsample_bytree": 0.48181423460359607, "eta": 0.049541365519942, "gamma": 504.96016205368755, "max_depth": 2.0, "min_child_weight": 4000.4486745826143, "num_boost_round": 3.0, "subsample": 0.750085658573473}, "datetime": {"datetime": "2024-01-20 13:33:04", "elapsed": 682.62241, "delta": 0.000929}}
{"target": -10.298714972102868, "params": {"colsample_bytree": 0.48181423460359607, "eta": 0.049541365519942, "gamma": 504.96016205368755, "max_depth": 2.0, "min_child_weight": 4000.4486745826143, "num_boost_round": 4.0, "subsample": 0.750085658573473}, "datetime": {"datetime": "2024-01-20 13:33:04", "elapsed": 682.623177, "delta": 0.000767}}
{"target": -10.29901026588258, "params": {"colsample_bytree": 0.48181423460359607, "eta": 0.049541365519942, "gamma": 504.96016205368755, "max_depth": 2.0, "min_child_weight": 4000.4486745826143, "num_boost_round": 5.0, "subsample": 0.750085658573473}, "datetime": {"datetime": "2024-01-20 13:33:04", "elapsed": 682.624135, "delta": 0.000958}}
{"target": -10.299255534857812, "params": {"colsample_bytree": 0.48181423460359607, "eta": 0.049541365519942, "gamma": 504.96016205368755, "max_depth": 2.0, "min_child_weight": 4000.4486745826143, "num_boost_round": 6.0, "subsample": 0.750085658573473}, "datetime": {"datetime": "2024-01-20 13:33:04", "elapsed": 682.624921, "delta": 0.000786}}
{"target": -10.299637165242906, "params": {"colsample_bytree": 0.48181423460359607, "eta": 0.049541365519942, "gamma": 504.96016205368755, "max_depth": 2.0, "min_child_weight": 4000.4486745826143, "num_boost_round": 7.0, "subsample": 0.750085658573473}, "datetime": {"datetime": "2024-01-20 13:33:04", "elapsed": 682.626725, "delta": 0.001804}}
{"target": -10.299933541441533, "params": {"colsample_bytree": 0.48181423460359607, "eta": 0.049541365519942, "gamma": 504.96016205368755, "max_depth": 2.0, "min_child_weight": 4000.4486745826143, "num_boost_round": 8.0, "subsample": 0.750085658573473}, "datetime": {"datetime": "2024-01-20 13:33:04", "elapsed": 682.627509, "delta": 0.000784}}
{"target": -10.300389570873417, "params": {"colsample_bytree": 0.48181423460359607, "eta": 0.049541365519942, "gamma": 504.96016205368755, "max_depth": 2.0, "min_child_weight": 4000.4486745826143, "num_boost_round": 9.0, "subsample": 0.750085658573473}, "datetime": {"datetime": "2024-01-20 13:33:04", "elapsed": 682.628331, "delta": 0.000822}}
