{"target": -13.50096985581367, "params": {"colsample_bytree": 0.5518952556525885, "eta": 0.08622129199066798, "gamma": 248.43107556057598, "max_depth": 5.0, "min_child_weight": 3932.913873563399, "num_boost_round": 44.0, "subsample": 0.6378067365533931}, "datetime": {"datetime": "2024-01-20 16:24:26", "elapsed": 7220.233244, "delta": 0.006047}}
{"target": -13.501111938204772, "params": {"colsample_bytree": 0.5518952556525885, "eta": 0.08622129199066798, "gamma": 248.43107556057598, "max_depth": 5.0, "min_child_weight": 3932.913873563399, "num_boost_round": 45.0, "subsample": 0.6378067365533931}, "datetime": {"datetime": "2024-01-20 16:24:26", "elapsed": 7220.239361, "delta": 0.006117}}
{"target": -13.501216670350399, "params": {"colsample_bytree": 0.5518952556525885, "eta": 0.08622129199066798, "gamma": 248.43107556057598, "max_depth": 5.0, "min_child_weight": 3932.913873563399, "num_boost_round": 46.0, "subsample": 0.6378067365533931}, "datetime": {"datetime": "2024-01-20 16:24:26", "elapsed": 7220.249122, "delta": 0.009761}}
{"target": -13.50114447729028, "params": {"colsample_bytree": 0.5518952556525885, "eta": 0.08622129199066798, "gamma": 248.43107556057598, "max_depth": 5.0, "min_child_weight": 3932.913873563399, "num_boost_round": 47.0, "subsample": 0.6378067365533931}, "datetime": {"datetime": "2024-01-20 16:24:26", "elapsed": 7220.260096, "delta": 0.010974}}
{"target": -13.501202494022225, "params": {"colsample_bytree": 0.5518952556525885, "eta": 0.08622129199066798, "gamma": 248.43107556057598, "max_depth": 5.0, "min_child_weight": 3932.913873563399, "num_boost_round": 48.0, "subsample": 0.6378067365533931}, "datetime": {"datetime": "2024-01-20 16:24:26", "elapsed": 7220.267496, "delta": 0.0074}}
{"target": -13.501416916651545, "params": {"colsample_bytree": 0.5518952556525885, "eta": 0.08622129199066798, "gamma": 248.43107556057598, "max_depth": 5.0, "min_child_weight": 3932.913873563399, "num_boost_round": 49.0, "subsample": 0.6378067365533931}, "datetime": {"datetime": "2024-01-20 16:24:26", "elapsed": 7220.274055, "delta": 0.006559}}
{"target": -13.501759875366595, "params": {"colsample_bytree": 0.5518952556525885, "eta": 0.08622129199066798, "gamma": 248.43107556057598, "max_depth": 5.0, "min_child_weight": 3932.913873563399, "num_boost_round": 50.0, "subsample": 0.6378067365533931}, "datetime": {"datetime": "2024-01-20 16:24:26", "elapsed": 7220.280392, "delta": 0.006337}}
{"target": -13.502088974300676, "params": {"colsample_bytree": 0.5518952556525885, "eta": 0.08622129199066798, "gamma": 248.43107556057598, "max_depth": 5.0, "min_child_weight": 3932.913873563399, "num_boost_round": 51.0, "subsample": 0.6378067365533931}, "datetime": {"datetime": "2024-01-20 16:24:26", "elapsed": 7220.286618, "delta": 0.006226}}
{"target": -13.502147332253584, "params": {"colsample_bytree": 0.5518952556525885, "eta": 0.08622129199066798, "gamma": 248.43107556057598, "max_depth": 5.0, "min_child_weight": 3932.913873563399, "num_boost_round": 52.0, "subsample": 0.6378067365533931}, "datetime": {"datetime": "2024-01-20 16:24:26", "elapsed": 7220.292774, "delta": 0.006156}}
{"target": -13.502194759601771, "params": {"colsample_bytree": 0.5518952556525885, "eta": 0.08622129199066798, "gamma": 248.43107556057598, "max_depth": 5.0, "min_child_weight": 3932.913873563399, "num_boost_round": 53.0, "subsample": 0.6378067365533931}, "datetime": {"datetime": "2024-01-20 16:24:26", "elapsed": 7220.298889, "delta": 0.006115}}
{"target": -13.502251639526914, "params": {"colsample_bytree": 0.5518952556525885, "eta": 0.08622129199066798, "gamma": 248.43107556057598, "max_depth": 5.0, "min_child_weight": 3932.913873563399, "num_boost_round": 54.0, "subsample": 0.6378067365533931}, "datetime": {"datetime": "2024-01-20 16:24:26", "elapsed": 7220.304997, "delta": 0.006108}}
{"target": -13.502524707345009, "params": {"colsample_bytree": 0.5518952556525885, "eta": 0.08622129199066798, "gamma": 248.43107556057598, "max_depth": 5.0, "min_child_weight": 3932.913873563399, "num_boost_round": 55.0, "subsample": 0.6378067365533931}, "datetime": {"datetime": "2024-01-20 16:24:26", "elapsed": 7220.311108, "delta": 0.006111}}
{"target": -13.502737576772518, "params": {"colsample_bytree": 0.5518952556525885, "eta": 0.08622129199066798, "gamma": 248.43107556057598, "max_depth": 5.0, "min_child_weight": 3932.913873563399, "num_boost_round": 56.0, "subsample": 0.6378067365533931}, "datetime": {"datetime": "2024-01-20 16:24:26", "elapsed": 7220.317243, "delta": 0.006135}}
{"target": -13.502920458476606, "params": {"colsample_bytree": 0.5518952556525885, "eta": 0.08622129199066798, "gamma": 248.43107556057598, "max_depth": 5.0, "min_child_weight": 3932.913873563399, "num_boost_round": 57.0, "subsample": 0.6378067365533931}, "datetime": {"datetime": "2024-01-20 16:24:26", "elapsed": 7220.324117, "delta": 0.006874}}
{"target": -13.503020452063698, "params": {"colsample_bytree": 0.5518952556525885, "eta": 0.08622129199066798, "gamma": 248.43107556057598, "max_depth": 5.0, "min_child_weight": 3932.913873563399, "num_boost_round": 58.0, "subsample": 0.6378067365533931}, "datetime": {"datetime": "2024-01-20 16:24:26", "elapsed": 7220.330385, "delta": 0.006268}}
{"target": -13.502863054476606, "params": {"colsample_bytree": 0.5518952556525885, "eta": 0.08622129199066798, "gamma": 248.43107556057598, "max_depth": 5.0, "min_child_weight": 3932.913873563399, "num_boost_round": 59.0, "subsample": 0.6378067365533931}, "datetime": {"datetime": "2024-01-20 16:24:26", "elapsed": 7220.337005, "delta": 0.00662}}
{"target": -13.502967466483897, "params": {"colsample_bytree": 0.5518952556525885, "eta": 0.08622129199066798, "gamma": 248.43107556057598, "max_depth": 5.0, "min_child_weight": 3932.913873563399, "num_boost_round": 60.0, "subsample": 0.6378067365533931}, "datetime": {"datetime": "2024-01-20 16:24:26", "elapsed": 7220.343464, "delta": 0.006459}}
{"target": -13.503049394900053, "params": {"colsample_bytree": 0.5518952556525885, "eta": 0.08622129199066798, "gamma": 248.43107556057598, "max_depth": 5.0, "min_child_weight": 3932.913873563399, "num_boost_round": 61.0, "subsample": 0.6378067365533931}, "datetime": {"datetime": "2024-01-20 16:24:26", "elapsed": 7220.34981, "delta": 0.006346}}
{"target": -13.5030960588409, "params": {"colsample_bytree": 0.5518952556525885, "eta": 0.08622129199066798, "gamma": 248.43107556057598, "max_depth": 5.0, "min_child_weight": 3932.913873563399, "num_boost_round": 62.0, "subsample": 0.6378067365533931}, "datetime": {"datetime": "2024-01-20 16:24:26", "elapsed": 7220.356113, "delta": 0.006303}}
{"target": -13.503240439345825, "params": {"colsample_bytree": 0.5518952556525885, "eta": 0.08622129199066798, "gamma": 248.43107556057598, "max_depth": 5.0, "min_child_weight": 3932.913873563399, "num_boost_round": 63.0, "subsample": 0.6378067365533931}, "datetime": {"datetime": "2024-01-20 16:24:26", "elapsed": 7220.363799, "delta": 0.007686}}
{"target": -13.503286088227638, "params": {"colsample_bytree": 0.5518952556525885, "eta": 0.08622129199066798, "gamma": 248.43107556057598, "max_depth": 5.0, "min_child_weight": 3932.913873563399, "num_boost_round": 64.0, "subsample": 0.6378067365533931}, "datetime": {"datetime": "2024-01-20 16:24:26", "elapsed": 7220.374008, "delta": 0.010209}}
{"target": -13.503638078508459, "params": {"colsample_bytree": 0.5518952556525885, "eta": 0.08622129199066798, "gamma": 248.43107556057598, "max_depth": 5.0, "min_child_weight": 3932.913873563399, "num_boost_round": 65.0, "subsample": 0.6378067365533931}, "datetime": {"datetime": "2024-01-20 16:24:26", "elapsed": 7220.381461, "delta": 0.007453}}
{"target": -13.503741522213108, "params": {"colsample_bytree": 0.5518952556525885, "eta": 0.08622129199066798, "gamma": 248.43107556057598, "max_depth": 5.0, "min_child_weight": 3932.913873563399, "num_boost_round": 66.0, "subsample": 0.6378067365533931}, "datetime": {"datetime": "2024-01-20 16:24:26", "elapsed": 7220.387865, "delta": 0.006404}}
{"target": -13.503946894150545, "params": {"colsample_bytree": 0.5518952556525885, "eta": 0.08622129199066798, "gamma": 248.43107556057598, "max_depth": 5.0, "min_child_weight": 3932.913873563399, "num_boost_round": 67.0, "subsample": 0.6378067365533931}, "datetime": {"datetime": "2024-01-20 16:24:26", "elapsed": 7220.394062, "delta": 0.006197}}
{"target": -13.503823633019248, "params": {"colsample_bytree": 0.5518952556525885, "eta": 0.08622129199066798, "gamma": 248.43107556057598, "max_depth": 5.0, "min_child_weight": 3932.913873563399, "num_boost_round": 68.0, "subsample": 0.6378067365533931}, "datetime": {"datetime": "2024-01-20 16:24:26", "elapsed": 7220.400211, "delta": 0.006149}}
{"target": -13.497873321174145, "params": {"colsample_bytree": 0.9564667884139401, "eta": 0.0031699832721314362, "gamma": 315.6829724495249, "max_depth": 9.0, "min_child_weight": 3849.851148882236, "num_boost_round": 1.0, "subsample": 0.8230055408875299}, "datetime": {"datetime": "2024-01-20 16:27:20", "elapsed": 7393.870498, "delta": 173.470287}}
{"target": -13.497851863824593, "params": {"colsample_bytree": 0.9564667884139401, "eta": 0.0031699832721314362, "gamma": 315.6829724495249, "max_depth": 9.0, "min_child_weight": 3849.851148882236, "num_boost_round": 2.0, "subsample": 0.8230055408875299}, "datetime": {"datetime": "2024-01-20 16:27:20", "elapsed": 7393.904653, "delta": 0.034155}}
{"target": -13.497855096753884, "params": {"colsample_bytree": 0.9564667884139401, "eta": 0.0031699832721314362, "gamma": 315.6829724495249, "max_depth": 9.0, "min_child_weight": 3849.851148882236, "num_boost_round": 3.0, "subsample": 0.8230055408875299}, "datetime": {"datetime": "2024-01-20 16:27:20", "elapsed": 7393.912963, "delta": 0.00831}}
{"target": -13.497828112734386, "params": {"colsample_bytree": 0.9564667884139401, "eta": 0.0031699832721314362, "gamma": 315.6829724495249, "max_depth": 9.0, "min_child_weight": 3849.851148882236, "num_boost_round": 4.0, "subsample": 0.8230055408875299}, "datetime": {"datetime": "2024-01-20 16:27:20", "elapsed": 7393.923876, "delta": 0.010913}}
{"target": -13.497801368148869, "params": {"colsample_bytree": 0.9564667884139401, "eta": 0.0031699832721314362, "gamma": 315.6829724495249, "max_depth": 9.0, "min_child_weight": 3849.851148882236, "num_boost_round": 5.0, "subsample": 0.8230055408875299}, "datetime": {"datetime": "2024-01-20 16:27:20", "elapsed": 7393.931945, "delta": 0.008069}}
{"target": -13.49777771784168, "params": {"colsample_bytree": 0.9564667884139401, "eta": 0.0031699832721314362, "gamma": 315.6829724495249, "max_depth": 9.0, "min_child_weight": 3849.851148882236, "num_boost_round": 6.0, "subsample": 0.8230055408875299}, "datetime": {"datetime": "2024-01-20 16:27:20", "elapsed": 7393.938695, "delta": 0.00675}}
{"target": -13.497776021095014, "params": {"colsample_bytree": 0.9564667884139401, "eta": 0.0031699832721314362, "gamma": 315.6829724495249, "max_depth": 9.0, "min_child_weight": 3849.851148882236, "num_boost_round": 7.0, "subsample": 0.8230055408875299}, "datetime": {"datetime": "2024-01-20 16:27:20", "elapsed": 7393.94539, "delta": 0.006695}}
{"target": -13.497744512792181, "params": {"colsample_bytree": 0.9564667884139401, "eta": 0.0031699832721314362, "gamma": 315.6829724495249, "max_depth": 9.0, "min_child_weight": 3849.851148882236, "num_boost_round": 8.0, "subsample": 0.8230055408875299}, "datetime": {"datetime": "2024-01-20 16:27:20", "elapsed": 7393.951677, "delta": 0.006287}}
{"target": -13.497714768868125, "params": {"colsample_bytree": 0.9564667884139401, "eta": 0.0031699832721314362, "gamma": 315.6829724495249, "max_depth": 9.0, "min_child_weight": 3849.851148882236, "num_boost_round": 9.0, "subsample": 0.8230055408875299}, "datetime": {"datetime": "2024-01-20 16:27:20", "elapsed": 7393.957932, "delta": 0.006255}}
{"target": -13.4977012726244, "params": {"colsample_bytree": 0.9564667884139401, "eta": 0.0031699832721314362, "gamma": 315.6829724495249, "max_depth": 9.0, "min_child_weight": 3849.851148882236, "num_boost_round": 10.0, "subsample": 0.8230055408875299}, "datetime": {"datetime": "2024-01-20 16:27:20", "elapsed": 7393.964177, "delta": 0.006245}}
{"target": -13.497691565908188, "params": {"colsample_bytree": 0.9564667884139401, "eta": 0.0031699832721314362, "gamma": 315.6829724495249, "max_depth": 9.0, "min_child_weight": 3849.851148882236, "num_boost_round": 11.0, "subsample": 0.8230055408875299}, "datetime": {"datetime": "2024-01-20 16:27:20", "elapsed": 7393.970408, "delta": 0.006231}}
{"target": -13.49766633349681, "params": {"colsample_bytree": 0.9564667884139401, "eta": 0.0031699832721314362, "gamma": 315.6829724495249, "max_depth": 9.0, "min_child_weight": 3849.851148882236, "num_boost_round": 12.0, "subsample": 0.8230055408875299}, "datetime": {"datetime": "2024-01-20 16:27:20", "elapsed": 7393.97666, "delta": 0.006252}}
{"target": -13.497653274078065, "params": {"colsample_bytree": 0.9564667884139401, "eta": 0.0031699832721314362, "gamma": 315.6829724495249, "max_depth": 9.0, "min_child_weight": 3849.851148882236, "num_boost_round": 13.0, "subsample": 0.8230055408875299}, "datetime": {"datetime": "2024-01-20 16:27:20", "elapsed": 7393.982904, "delta": 0.006244}}
{"target": -13.497633404277082, "params": {"colsample_bytree": 0.9564667884139401, "eta": 0.0031699832721314362, "gamma": 315.6829724495249, "max_depth": 9.0, "min_child_weight": 3849.851148882236, "num_boost_round": 14.0, "subsample": 0.8230055408875299}, "datetime": {"datetime": "2024-01-20 16:27:20", "elapsed": 7393.989138, "delta": 0.006234}}
{"target": -13.497621057981071, "params": {"colsample_bytree": 0.9564667884139401, "eta": 0.0031699832721314362, "gamma": 315.6829724495249, "max_depth": 9.0, "min_child_weight": 3849.851148882236, "num_boost_round": 15.0, "subsample": 0.8230055408875299}, "datetime": {"datetime": "2024-01-20 16:27:20", "elapsed": 7393.9958, "delta": 0.006662}}
{"target": -13.497613177211253, "params": {"colsample_bytree": 0.9564667884139401, "eta": 0.0031699832721314362, "gamma": 315.6829724495249, "max_depth": 9.0, "min_child_weight": 3849.851148882236, "num_boost_round": 16.0, "subsample": 0.8230055408875299}, "datetime": {"datetime": "2024-01-20 16:27:20", "elapsed": 7394.002432, "delta": 0.006632}}
{"target": -13.497612662891138, "params": {"colsample_bytree": 0.9564667884139401, "eta": 0.0031699832721314362, "gamma": 315.6829724495249, "max_depth": 9.0, "min_child_weight": 3849.851148882236, "num_boost_round": 17.0, "subsample": 0.8230055408875299}, "datetime": {"datetime": "2024-01-20 16:27:20", "elapsed": 7394.009594, "delta": 0.007162}}
{"target": -13.497592489731172, "params": {"colsample_bytree": 0.9564667884139401, "eta": 0.0031699832721314362, "gamma": 315.6829724495249, "max_depth": 9.0, "min_child_weight": 3849.851148882236, "num_boost_round": 18.0, "subsample": 0.8230055408875299}, "datetime": {"datetime": "2024-01-20 16:27:20", "elapsed": 7394.016978, "delta": 0.007384}}
{"target": -13.497584327354392, "params": {"colsample_bytree": 0.9564667884139401, "eta": 0.0031699832721314362, "gamma": 315.6829724495249, "max_depth": 9.0, "min_child_weight": 3849.851148882236, "num_boost_round": 19.0, "subsample": 0.8230055408875299}, "datetime": {"datetime": "2024-01-20 16:27:20", "elapsed": 7394.024075, "delta": 0.007097}}
{"target": -13.497574572872814, "params": {"colsample_bytree": 0.9564667884139401, "eta": 0.0031699832721314362, "gamma": 315.6829724495249, "max_depth": 9.0, "min_child_weight": 3849.851148882236, "num_boost_round": 20.0, "subsample": 0.8230055408875299}, "datetime": {"datetime": "2024-01-20 16:27:20", "elapsed": 7394.030525, "delta": 0.00645}}
{"target": -13.497569699139724, "params": {"colsample_bytree": 0.9564667884139401, "eta": 0.0031699832721314362, "gamma": 315.6829724495249, "max_depth": 9.0, "min_child_weight": 3849.851148882236, "num_boost_round": 21.0, "subsample": 0.8230055408875299}, "datetime": {"datetime": "2024-01-20 16:27:20", "elapsed": 7394.03694, "delta": 0.006415}}
{"target": -13.497554383637915, "params": {"colsample_bytree": 0.9564667884139401, "eta": 0.0031699832721314362, "gamma": 315.6829724495249, "max_depth": 9.0, "min_child_weight": 3849.851148882236, "num_boost_round": 22.0, "subsample": 0.8230055408875299}, "datetime": {"datetime": "2024-01-20 16:27:20", "elapsed": 7394.043243, "delta": 0.006303}}
{"target": -13.497546084633525, "params": {"colsample_bytree": 0.9564667884139401, "eta": 0.0031699832721314362, "gamma": 315.6829724495249, "max_depth": 9.0, "min_child_weight": 3849.851148882236, "num_boost_round": 23.0, "subsample": 0.8230055408875299}, "datetime": {"datetime": "2024-01-20 16:27:20", "elapsed": 7394.049403, "delta": 0.00616}}
{"target": -13.497537009695378, "params": {"colsample_bytree": 0.9564667884139401, "eta": 0.0031699832721314362, "gamma": 315.6829724495249, "max_depth": 9.0, "min_child_weight": 3849.851148882236, "num_boost_round": 24.0, "subsample": 0.8230055408875299}, "datetime": {"datetime": "2024-01-20 16:27:20", "elapsed": 7394.055558, "delta": 0.006155}}
{"target": -13.497533146639087, "params": {"colsample_bytree": 0.9564667884139401, "eta": 0.0031699832721314362, "gamma": 315.6829724495249, "max_depth": 9.0, "min_child_weight": 3849.851148882236, "num_boost_round": 25.0, "subsample": 0.8230055408875299}, "datetime": {"datetime": "2024-01-20 16:27:20", "elapsed": 7394.061812, "delta": 0.006254}}
{"target": -13.497510556075923, "params": {"colsample_bytree": 0.9564667884139401, "eta": 0.0031699832721314362, "gamma": 315.6829724495249, "max_depth": 9.0, "min_child_weight": 3849.851148882236, "num_boost_round": 26.0, "subsample": 0.8230055408875299}, "datetime": {"datetime": "2024-01-20 16:27:20", "elapsed": 7394.06804, "delta": 0.006228}}
{"target": -13.497494845291627, "params": {"colsample_bytree": 0.9564667884139401, "eta": 0.0031699832721314362, "gamma": 315.6829724495249, "max_depth": 9.0, "min_child_weight": 3849.851148882236, "num_boost_round": 27.0, "subsample": 0.8230055408875299}, "datetime": {"datetime": "2024-01-20 16:27:20", "elapsed": 7394.074776, "delta": 0.006736}}
{"target": -13.497491823416858, "params": {"colsample_bytree": 0.9564667884139401, "eta": 0.0031699832721314362, "gamma": 315.6829724495249, "max_depth": 9.0, "min_child_weight": 3849.851148882236, "num_boost_round": 28.0, "subsample": 0.8230055408875299}, "datetime": {"datetime": "2024-01-20 16:27:20", "elapsed": 7394.081375, "delta": 0.006599}}
{"target": -13.497472252883338, "params": {"colsample_bytree": 0.9564667884139401, "eta": 0.0031699832721314362, "gamma": 315.6829724495249, "max_depth": 9.0, "min_child_weight": 3849.851148882236, "num_boost_round": 29.0, "subsample": 0.8230055408875299}, "datetime": {"datetime": "2024-01-20 16:27:20", "elapsed": 7394.087825, "delta": 0.00645}}
{"target": -13.497472567692814, "params": {"colsample_bytree": 0.9564667884139401, "eta": 0.0031699832721314362, "gamma": 315.6829724495249, "max_depth": 9.0, "min_child_weight": 3849.851148882236, "num_boost_round": 30.0, "subsample": 0.8230055408875299}, "datetime": {"datetime": "2024-01-20 16:27:20", "elapsed": 7394.414835, "delta": 0.32701}}
{"target": -13.497484229014526, "params": {"colsample_bytree": 0.9564667884139401, "eta": 0.0031699832721314362, "gamma": 315.6829724495249, "max_depth": 9.0, "min_child_weight": 3849.851148882236, "num_boost_round": 31.0, "subsample": 0.8230055408875299}, "datetime": {"datetime": "2024-01-20 16:27:20", "elapsed": 7394.422623, "delta": 0.007788}}
{"target": -13.49748607026923, "params": {"colsample_bytree": 0.9564667884139401, "eta": 0.0031699832721314362, "gamma": 315.6829724495249, "max_depth": 9.0, "min_child_weight": 3849.851148882236, "num_boost_round": 32.0, "subsample": 0.8230055408875299}, "datetime": {"datetime": "2024-01-20 16:27:20", "elapsed": 7394.429176, "delta": 0.006553}}
{"target": -13.497469908165554, "params": {"colsample_bytree": 0.9564667884139401, "eta": 0.0031699832721314362, "gamma": 315.6829724495249, "max_depth": 9.0, "min_child_weight": 3849.851148882236, "num_boost_round": 33.0, "subsample": 0.8230055408875299}, "datetime": {"datetime": "2024-01-20 16:27:20", "elapsed": 7394.436232, "delta": 0.007056}}
{"target": -13.497462383333406, "params": {"colsample_bytree": 0.9564667884139401, "eta": 0.0031699832721314362, "gamma": 315.6829724495249, "max_depth": 9.0, "min_child_weight": 3849.851148882236, "num_boost_round": 34.0, "subsample": 0.8230055408875299}, "datetime": {"datetime": "2024-01-20 16:27:21", "elapsed": 7394.442736, "delta": 0.006504}}
{"target": -13.497458465670004, "params": {"colsample_bytree": 0.9564667884139401, "eta": 0.0031699832721314362, "gamma": 315.6829724495249, "max_depth": 9.0, "min_child_weight": 3849.851148882236, "num_boost_round": 35.0, "subsample": 0.8230055408875299}, "datetime": {"datetime": "2024-01-20 16:27:21", "elapsed": 7394.449111, "delta": 0.006375}}
{"target": -13.49745798165797, "params": {"colsample_bytree": 0.9564667884139401, "eta": 0.0031699832721314362, "gamma": 315.6829724495249, "max_depth": 9.0, "min_child_weight": 3849.851148882236, "num_boost_round": 36.0, "subsample": 0.8230055408875299}, "datetime": {"datetime": "2024-01-20 16:27:21", "elapsed": 7394.455363, "delta": 0.006252}}
{"target": -13.49746893423962, "params": {"colsample_bytree": 0.9564667884139401, "eta": 0.0031699832721314362, "gamma": 315.6829724495249, "max_depth": 9.0, "min_child_weight": 3849.851148882236, "num_boost_round": 37.0, "subsample": 0.8230055408875299}, "datetime": {"datetime": "2024-01-20 16:27:21", "elapsed": 7394.461675, "delta": 0.006312}}
{"target": -13.497465407260446, "params": {"colsample_bytree": 0.9564667884139401, "eta": 0.0031699832721314362, "gamma": 315.6829724495249, "max_depth": 9.0, "min_child_weight": 3849.851148882236, "num_boost_round": 38.0, "subsample": 0.8230055408875299}, "datetime": {"datetime": "2024-01-20 16:27:21", "elapsed": 7394.467988, "delta": 0.006313}}
