{"target": -10.477881950107248, "params": {"colsample_bytree": 0.13436327098634918, "eta": 0.05849210590323465, "gamma": 964.8441879392766, "max_depth": 9.0, "min_child_weight": 4612.816435803957, "num_boost_round": 23.0, "subsample": 0.3855581742406452}, "datetime": {"datetime": "2024-01-20 14:02:45", "elapsed": 2257.510807, "delta": 0.002532}}
{"target": -10.477556768984394, "params": {"colsample_bytree": 0.13436327098634918, "eta": 0.05849210590323465, "gamma": 964.8441879392766, "max_depth": 9.0, "min_child_weight": 4612.816435803957, "num_boost_round": 24.0, "subsample": 0.3855581742406452}, "datetime": {"datetime": "2024-01-20 14:02:45", "elapsed": 2257.513396, "delta": 0.002589}}
{"target": -10.477539397880763, "params": {"colsample_bytree": 0.13436327098634918, "eta": 0.05849210590323465, "gamma": 964.8441879392766, "max_depth": 9.0, "min_child_weight": 4612.816435803957, "num_boost_round": 25.0, "subsample": 0.3855581742406452}, "datetime": {"datetime": "2024-01-20 14:02:45", "elapsed": 2257.524142, "delta": 0.010746}}
{"target": -10.47750294050353, "params": {"colsample_bytree": 0.13436327098634918, "eta": 0.05849210590323465, "gamma": 964.8441879392766, "max_depth": 9.0, "min_child_weight": 4612.816435803957, "num_boost_round": 26.0, "subsample": 0.3855581742406452}, "datetime": {"datetime": "2024-01-20 14:02:45", "elapsed": 2257.526704, "delta": 0.002562}}
{"target": -10.477740357746995, "params": {"colsample_bytree": 0.13436327098634918, "eta": 0.05849210590323465, "gamma": 964.8441879392766, "max_depth": 9.0, "min_child_weight": 4612.816435803957, "num_boost_round": 27.0, "subsample": 0.3855581742406452}, "datetime": {"datetime": "2024-01-20 14:02:45", "elapsed": 2257.529222, "delta": 0.002518}}
{"target": -10.47780787757626, "params": {"colsample_bytree": 0.13436327098634918, "eta": 0.05849210590323465, "gamma": 964.8441879392766, "max_depth": 9.0, "min_child_weight": 4612.816435803957, "num_boost_round": 28.0, "subsample": 0.3855581742406452}, "datetime": {"datetime": "2024-01-20 14:02:45", "elapsed": 2257.531708, "delta": 0.002486}}
{"target": -10.477819548539756, "params": {"colsample_bytree": 0.13436327098634918, "eta": 0.05849210590323465, "gamma": 964.8441879392766, "max_depth": 9.0, "min_child_weight": 4612.816435803957, "num_boost_round": 29.0, "subsample": 0.3855581742406452}, "datetime": {"datetime": "2024-01-20 14:02:45", "elapsed": 2257.534231, "delta": 0.002523}}
{"target": -10.477825448885214, "params": {"colsample_bytree": 0.13436327098634918, "eta": 0.05849210590323465, "gamma": 964.8441879392766, "max_depth": 9.0, "min_child_weight": 4612.816435803957, "num_boost_round": 30.0, "subsample": 0.3855581742406452}, "datetime": {"datetime": "2024-01-20 14:02:45", "elapsed": 2257.536744, "delta": 0.002513}}
{"target": -10.477822394988223, "params": {"colsample_bytree": 0.13436327098634918, "eta": 0.05849210590323465, "gamma": 964.8441879392766, "max_depth": 9.0, "min_child_weight": 4612.816435803957, "num_boost_round": 31.0, "subsample": 0.3855581742406452}, "datetime": {"datetime": "2024-01-20 14:02:45", "elapsed": 2257.539525, "delta": 0.002781}}
{"target": -10.478139199024676, "params": {"colsample_bytree": 0.13436327098634918, "eta": 0.05849210590323465, "gamma": 964.8441879392766, "max_depth": 9.0, "min_child_weight": 4612.816435803957, "num_boost_round": 32.0, "subsample": 0.3855581742406452}, "datetime": {"datetime": "2024-01-20 14:02:45", "elapsed": 2257.543054, "delta": 0.003529}}
{"target": -10.47835692794257, "params": {"colsample_bytree": 0.13436327098634918, "eta": 0.05849210590323465, "gamma": 964.8441879392766, "max_depth": 9.0, "min_child_weight": 4612.816435803957, "num_boost_round": 33.0, "subsample": 0.3855581742406452}, "datetime": {"datetime": "2024-01-20 14:02:45", "elapsed": 2257.545876, "delta": 0.002822}}
{"target": -10.478600406548779, "params": {"colsample_bytree": 0.13436327098634918, "eta": 0.05849210590323465, "gamma": 964.8441879392766, "max_depth": 9.0, "min_child_weight": 4612.816435803957, "num_boost_round": 34.0, "subsample": 0.3855581742406452}, "datetime": {"datetime": "2024-01-20 14:02:45", "elapsed": 2257.548498, "delta": 0.002622}}
{"target": -10.478951216835862, "params": {"colsample_bytree": 0.13436327098634918, "eta": 0.05849210590323465, "gamma": 964.8441879392766, "max_depth": 9.0, "min_child_weight": 4612.816435803957, "num_boost_round": 35.0, "subsample": 0.3855581742406452}, "datetime": {"datetime": "2024-01-20 14:02:45", "elapsed": 2257.551018, "delta": 0.00252}}
{"target": -10.479027159549723, "params": {"colsample_bytree": 0.13436327098634918, "eta": 0.05849210590323465, "gamma": 964.8441879392766, "max_depth": 9.0, "min_child_weight": 4612.816435803957, "num_boost_round": 36.0, "subsample": 0.3855581742406452}, "datetime": {"datetime": "2024-01-20 14:02:45", "elapsed": 2257.553567, "delta": 0.002549}}
{"target": -10.47909983062078, "params": {"colsample_bytree": 0.13436327098634918, "eta": 0.05849210590323465, "gamma": 964.8441879392766, "max_depth": 9.0, "min_child_weight": 4612.816435803957, "num_boost_round": 37.0, "subsample": 0.3855581742406452}, "datetime": {"datetime": "2024-01-20 14:02:45", "elapsed": 2257.556099, "delta": 0.002532}}
{"target": -10.4792047853104, "params": {"colsample_bytree": 0.13436327098634918, "eta": 0.05849210590323465, "gamma": 964.8441879392766, "max_depth": 9.0, "min_child_weight": 4612.816435803957, "num_boost_round": 38.0, "subsample": 0.3855581742406452}, "datetime": {"datetime": "2024-01-20 14:02:45", "elapsed": 2257.558598, "delta": 0.002499}}
{"target": -10.479379142005483, "params": {"colsample_bytree": 0.13436327098634918, "eta": 0.05849210590323465, "gamma": 964.8441879392766, "max_depth": 9.0, "min_child_weight": 4612.816435803957, "num_boost_round": 39.0, "subsample": 0.3855581742406452}, "datetime": {"datetime": "2024-01-20 14:02:45", "elapsed": 2257.561187, "delta": 0.002589}}
{"target": -10.479562833048444, "params": {"colsample_bytree": 0.13436327098634918, "eta": 0.05849210590323465, "gamma": 964.8441879392766, "max_depth": 9.0, "min_child_weight": 4612.816435803957, "num_boost_round": 40.0, "subsample": 0.3855581742406452}, "datetime": {"datetime": "2024-01-20 14:02:45", "elapsed": 2257.563764, "delta": 0.002577}}
{"target": -10.479713864417281, "params": {"colsample_bytree": 0.13436327098634918, "eta": 0.05849210590323465, "gamma": 964.8441879392766, "max_depth": 9.0, "min_child_weight": 4612.816435803957, "num_boost_round": 41.0, "subsample": 0.3855581742406452}, "datetime": {"datetime": "2024-01-20 14:02:45", "elapsed": 2257.566333, "delta": 0.002569}}
{"target": -10.47978519026901, "params": {"colsample_bytree": 0.13436327098634918, "eta": 0.05849210590323465, "gamma": 964.8441879392766, "max_depth": 9.0, "min_child_weight": 4612.816435803957, "num_boost_round": 42.0, "subsample": 0.3855581742406452}, "datetime": {"datetime": "2024-01-20 14:02:45", "elapsed": 2257.56886, "delta": 0.002527}}
{"target": -10.479848883883337, "params": {"colsample_bytree": 0.13436327098634918, "eta": 0.05849210590323465, "gamma": 964.8441879392766, "max_depth": 9.0, "min_child_weight": 4612.816435803957, "num_boost_round": 43.0, "subsample": 0.3855581742406452}, "datetime": {"datetime": "2024-01-20 14:02:45", "elapsed": 2257.571511, "delta": 0.002651}}
{"target": -10.47987522587649, "params": {"colsample_bytree": 0.13436327098634918, "eta": 0.05849210590323465, "gamma": 964.8441879392766, "max_depth": 9.0, "min_child_weight": 4612.816435803957, "num_boost_round": 44.0, "subsample": 0.3855581742406452}, "datetime": {"datetime": "2024-01-20 14:02:45", "elapsed": 2257.574079, "delta": 0.002568}}
{"target": -10.480117554975008, "params": {"colsample_bytree": 0.13436327098634918, "eta": 0.05849210590323465, "gamma": 964.8441879392766, "max_depth": 9.0, "min_child_weight": 4612.816435803957, "num_boost_round": 45.0, "subsample": 0.3855581742406452}, "datetime": {"datetime": "2024-01-20 14:02:45", "elapsed": 2257.57663, "delta": 0.002551}}
{"target": -10.480247534988258, "params": {"colsample_bytree": 0.13436327098634918, "eta": 0.05849210590323465, "gamma": 964.8441879392766, "max_depth": 9.0, "min_child_weight": 4612.816435803957, "num_boost_round": 46.0, "subsample": 0.3855581742406452}, "datetime": {"datetime": "2024-01-20 14:02:45", "elapsed": 2257.579203, "delta": 0.002573}}
{"target": -10.480191392456451, "params": {"colsample_bytree": 0.13436327098634918, "eta": 0.05849210590323465, "gamma": 964.8441879392766, "max_depth": 9.0, "min_child_weight": 4612.816435803957, "num_boost_round": 47.0, "subsample": 0.3855581742406452}, "datetime": {"datetime": "2024-01-20 14:02:45", "elapsed": 2257.581755, "delta": 0.002552}}
{"target": -10.480204427771431, "params": {"colsample_bytree": 0.13436327098634918, "eta": 0.05849210590323465, "gamma": 964.8441879392766, "max_depth": 9.0, "min_child_weight": 4612.816435803957, "num_boost_round": 48.0, "subsample": 0.3855581742406452}, "datetime": {"datetime": "2024-01-20 14:02:45", "elapsed": 2257.584338, "delta": 0.002583}}
{"target": -10.48033404973533, "params": {"colsample_bytree": 0.13436327098634918, "eta": 0.05849210590323465, "gamma": 964.8441879392766, "max_depth": 9.0, "min_child_weight": 4612.816435803957, "num_boost_round": 49.0, "subsample": 0.3855581742406452}, "datetime": {"datetime": "2024-01-20 14:02:45", "elapsed": 2257.586841, "delta": 0.002503}}
{"target": -10.480342960339156, "params": {"colsample_bytree": 0.13436327098634918, "eta": 0.05849210590323465, "gamma": 964.8441879392766, "max_depth": 9.0, "min_child_weight": 4612.816435803957, "num_boost_round": 50.0, "subsample": 0.3855581742406452}, "datetime": {"datetime": "2024-01-20 14:02:45", "elapsed": 2257.589436, "delta": 0.002595}}
{"target": -10.480667811699984, "params": {"colsample_bytree": 0.13436327098634918, "eta": 0.05849210590323465, "gamma": 964.8441879392766, "max_depth": 9.0, "min_child_weight": 4612.816435803957, "num_boost_round": 51.0, "subsample": 0.3855581742406452}, "datetime": {"datetime": "2024-01-20 14:02:45", "elapsed": 2257.592026, "delta": 0.00259}}
{"target": -10.4809598766229, "params": {"colsample_bytree": 0.13436327098634918, "eta": 0.05849210590323465, "gamma": 964.8441879392766, "max_depth": 9.0, "min_child_weight": 4612.816435803957, "num_boost_round": 52.0, "subsample": 0.3855581742406452}, "datetime": {"datetime": "2024-01-20 14:02:45", "elapsed": 2257.594625, "delta": 0.002599}}
{"target": -10.48105737092903, "params": {"colsample_bytree": 0.13436327098634918, "eta": 0.05849210590323465, "gamma": 964.8441879392766, "max_depth": 9.0, "min_child_weight": 4612.816435803957, "num_boost_round": 53.0, "subsample": 0.3855581742406452}, "datetime": {"datetime": "2024-01-20 14:02:45", "elapsed": 2257.930279, "delta": 0.335654}}
{"target": -10.481024501500507, "params": {"colsample_bytree": 0.13436327098634918, "eta": 0.05849210590323465, "gamma": 964.8441879392766, "max_depth": 9.0, "min_child_weight": 4612.816435803957, "num_boost_round": 54.0, "subsample": 0.3855581742406452}, "datetime": {"datetime": "2024-01-20 14:02:45", "elapsed": 2257.93366, "delta": 0.003381}}
{"target": -10.481047124767397, "params": {"colsample_bytree": 0.13436327098634918, "eta": 0.05849210590323465, "gamma": 964.8441879392766, "max_depth": 9.0, "min_child_weight": 4612.816435803957, "num_boost_round": 55.0, "subsample": 0.3855581742406452}, "datetime": {"datetime": "2024-01-20 14:02:45", "elapsed": 2257.936462, "delta": 0.002802}}
{"target": -10.481184797208666, "params": {"colsample_bytree": 0.13436327098634918, "eta": 0.05849210590323465, "gamma": 964.8441879392766, "max_depth": 9.0, "min_child_weight": 4612.816435803957, "num_boost_round": 56.0, "subsample": 0.3855581742406452}, "datetime": {"datetime": "2024-01-20 14:02:45", "elapsed": 2257.939287, "delta": 0.002825}}
{"target": -10.481203384094895, "params": {"colsample_bytree": 0.13436327098634918, "eta": 0.05849210590323465, "gamma": 964.8441879392766, "max_depth": 9.0, "min_child_weight": 4612.816435803957, "num_boost_round": 57.0, "subsample": 0.3855581742406452}, "datetime": {"datetime": "2024-01-20 14:02:45", "elapsed": 2257.942029, "delta": 0.002742}}
{"target": -10.481470270280678, "params": {"colsample_bytree": 0.13436327098634918, "eta": 0.05849210590323465, "gamma": 964.8441879392766, "max_depth": 9.0, "min_child_weight": 4612.816435803957, "num_boost_round": 58.0, "subsample": 0.3855581742406452}, "datetime": {"datetime": "2024-01-20 14:02:45", "elapsed": 2257.944763, "delta": 0.002734}}
{"target": -10.481688816427411, "params": {"colsample_bytree": 0.13436327098634918, "eta": 0.05849210590323465, "gamma": 964.8441879392766, "max_depth": 9.0, "min_child_weight": 4612.816435803957, "num_boost_round": 59.0, "subsample": 0.3855581742406452}, "datetime": {"datetime": "2024-01-20 14:02:45", "elapsed": 2257.947528, "delta": 0.002765}}
{"target": -10.481710013765504, "params": {"colsample_bytree": 0.13436327098634918, "eta": 0.05849210590323465, "gamma": 964.8441879392766, "max_depth": 9.0, "min_child_weight": 4612.816435803957, "num_boost_round": 60.0, "subsample": 0.3855581742406452}, "datetime": {"datetime": "2024-01-20 14:02:45", "elapsed": 2257.950377, "delta": 0.002849}}
{"target": -10.481955564189999, "params": {"colsample_bytree": 0.13436327098634918, "eta": 0.05849210590323465, "gamma": 964.8441879392766, "max_depth": 9.0, "min_child_weight": 4612.816435803957, "num_boost_round": 61.0, "subsample": 0.3855581742406452}, "datetime": {"datetime": "2024-01-20 14:02:45", "elapsed": 2257.953144, "delta": 0.002767}}
{"target": -10.481892582920878, "params": {"colsample_bytree": 0.13436327098634918, "eta": 0.05849210590323465, "gamma": 964.8441879392766, "max_depth": 9.0, "min_child_weight": 4612.816435803957, "num_boost_round": 62.0, "subsample": 0.3855581742406452}, "datetime": {"datetime": "2024-01-20 14:02:45", "elapsed": 2257.955931, "delta": 0.002787}}
{"target": -10.481971573727433, "params": {"colsample_bytree": 0.13436327098634918, "eta": 0.05849210590323465, "gamma": 964.8441879392766, "max_depth": 9.0, "min_child_weight": 4612.816435803957, "num_boost_round": 63.0, "subsample": 0.3855581742406452}, "datetime": {"datetime": "2024-01-20 14:02:45", "elapsed": 2257.958682, "delta": 0.002751}}
{"target": -10.482166496560058, "params": {"colsample_bytree": 0.13436327098634918, "eta": 0.05849210590323465, "gamma": 964.8441879392766, "max_depth": 9.0, "min_child_weight": 4612.816435803957, "num_boost_round": 64.0, "subsample": 0.3855581742406452}, "datetime": {"datetime": "2024-01-20 14:02:45", "elapsed": 2257.96146, "delta": 0.002778}}
{"target": -10.482404610077158, "params": {"colsample_bytree": 0.13436327098634918, "eta": 0.05849210590323465, "gamma": 964.8441879392766, "max_depth": 9.0, "min_child_weight": 4612.816435803957, "num_boost_round": 65.0, "subsample": 0.3855581742406452}, "datetime": {"datetime": "2024-01-20 14:02:45", "elapsed": 2257.964268, "delta": 0.002808}}
{"target": -10.482662415741025, "params": {"colsample_bytree": 0.13436327098634918, "eta": 0.05849210590323465, "gamma": 964.8441879392766, "max_depth": 9.0, "min_child_weight": 4612.816435803957, "num_boost_round": 66.0, "subsample": 0.3855581742406452}, "datetime": {"datetime": "2024-01-20 14:02:45", "elapsed": 2257.967286, "delta": 0.003018}}
{"target": -10.482770469092323, "params": {"colsample_bytree": 0.13436327098634918, "eta": 0.05849210590323465, "gamma": 964.8441879392766, "max_depth": 9.0, "min_child_weight": 4612.816435803957, "num_boost_round": 67.0, "subsample": 0.3855581742406452}, "datetime": {"datetime": "2024-01-20 14:02:45", "elapsed": 2257.970116, "delta": 0.00283}}
{"target": -10.482924243612105, "params": {"colsample_bytree": 0.13436327098634918, "eta": 0.05849210590323465, "gamma": 964.8441879392766, "max_depth": 9.0, "min_child_weight": 4612.816435803957, "num_boost_round": 68.0, "subsample": 0.3855581742406452}, "datetime": {"datetime": "2024-01-20 14:02:45", "elapsed": 2257.972893, "delta": 0.002777}}
{"target": -10.482960934063962, "params": {"colsample_bytree": 0.13436327098634918, "eta": 0.05849210590323465, "gamma": 964.8441879392766, "max_depth": 9.0, "min_child_weight": 4612.816435803957, "num_boost_round": 69.0, "subsample": 0.3855581742406452}, "datetime": {"datetime": "2024-01-20 14:02:45", "elapsed": 2257.975659, "delta": 0.002766}}
{"target": -10.483021923530885, "params": {"colsample_bytree": 0.13436327098634918, "eta": 0.05849210590323465, "gamma": 964.8441879392766, "max_depth": 9.0, "min_child_weight": 4612.816435803957, "num_boost_round": 70.0, "subsample": 0.3855581742406452}, "datetime": {"datetime": "2024-01-20 14:02:45", "elapsed": 2257.978388, "delta": 0.002729}}
{"target": -10.483309072759091, "params": {"colsample_bytree": 0.13436327098634918, "eta": 0.05849210590323465, "gamma": 964.8441879392766, "max_depth": 9.0, "min_child_weight": 4612.816435803957, "num_boost_round": 71.0, "subsample": 0.3855581742406452}, "datetime": {"datetime": "2024-01-20 14:02:45", "elapsed": 2257.981151, "delta": 0.002763}}
{"target": -10.483341069721128, "params": {"colsample_bytree": 0.13436327098634918, "eta": 0.05849210590323465, "gamma": 964.8441879392766, "max_depth": 9.0, "min_child_weight": 4612.816435803957, "num_boost_round": 72.0, "subsample": 0.3855581742406452}, "datetime": {"datetime": "2024-01-20 14:02:45", "elapsed": 2257.984951, "delta": 0.0038}}
{"target": -10.483346815334183, "params": {"colsample_bytree": 0.13436327098634918, "eta": 0.05849210590323465, "gamma": 964.8441879392766, "max_depth": 9.0, "min_child_weight": 4612.816435803957, "num_boost_round": 73.0, "subsample": 0.3855581742406452}, "datetime": {"datetime": "2024-01-20 14:02:45", "elapsed": 2257.987933, "delta": 0.002982}}
{"target": -10.483338851949664, "params": {"colsample_bytree": 0.13436327098634918, "eta": 0.05849210590323465, "gamma": 964.8441879392766, "max_depth": 9.0, "min_child_weight": 4612.816435803957, "num_boost_round": 74.0, "subsample": 0.3855581742406452}, "datetime": {"datetime": "2024-01-20 14:02:45", "elapsed": 2257.991414, "delta": 0.003481}}
{"target": -10.483343294923731, "params": {"colsample_bytree": 0.13436327098634918, "eta": 0.05849210590323465, "gamma": 964.8441879392766, "max_depth": 9.0, "min_child_weight": 4612.816435803957, "num_boost_round": 75.0, "subsample": 0.3855581742406452}, "datetime": {"datetime": "2024-01-20 14:02:45", "elapsed": 2257.994676, "delta": 0.003262}}
{"target": -10.483332439691438, "params": {"colsample_bytree": 0.13436327098634918, "eta": 0.05849210590323465, "gamma": 964.8441879392766, "max_depth": 9.0, "min_child_weight": 4612.816435803957, "num_boost_round": 76.0, "subsample": 0.3855581742406452}, "datetime": {"datetime": "2024-01-20 14:02:45", "elapsed": 2257.997796, "delta": 0.00312}}
{"target": -10.483442004472403, "params": {"colsample_bytree": 0.13436327098634918, "eta": 0.05849210590323465, "gamma": 964.8441879392766, "max_depth": 9.0, "min_child_weight": 4612.816435803957, "num_boost_round": 77.0, "subsample": 0.3855581742406452}, "datetime": {"datetime": "2024-01-20 14:02:45", "elapsed": 2258.000745, "delta": 0.002949}}
{"target": -10.483502408300728, "params": {"colsample_bytree": 0.13436327098634918, "eta": 0.05849210590323465, "gamma": 964.8441879392766, "max_depth": 9.0, "min_child_weight": 4612.816435803957, "num_boost_round": 78.0, "subsample": 0.3855581742406452}, "datetime": {"datetime": "2024-01-20 14:02:45", "elapsed": 2258.003526, "delta": 0.002781}}
{"target": -10.4834582934592, "params": {"colsample_bytree": 0.13436327098634918, "eta": 0.05849210590323465, "gamma": 964.8441879392766, "max_depth": 9.0, "min_child_weight": 4612.816435803957, "num_boost_round": 79.0, "subsample": 0.3855581742406452}, "datetime": {"datetime": "2024-01-20 14:02:45", "elapsed": 2258.006348, "delta": 0.002822}}
{"target": -10.483557460151744, "params": {"colsample_bytree": 0.13436327098634918, "eta": 0.05849210590323465, "gamma": 964.8441879392766, "max_depth": 9.0, "min_child_weight": 4612.816435803957, "num_boost_round": 80.0, "subsample": 0.3855581742406452}, "datetime": {"datetime": "2024-01-20 14:02:45", "elapsed": 2258.009193, "delta": 0.002845}}
{"target": -10.483694430239977, "params": {"colsample_bytree": 0.13436327098634918, "eta": 0.05849210590323465, "gamma": 964.8441879392766, "max_depth": 9.0, "min_child_weight": 4612.816435803957, "num_boost_round": 81.0, "subsample": 0.3855581742406452}, "datetime": {"datetime": "2024-01-20 14:02:45", "elapsed": 2258.011936, "delta": 0.002743}}
{"target": -10.483683492627993, "params": {"colsample_bytree": 0.13436327098634918, "eta": 0.05849210590323465, "gamma": 964.8441879392766, "max_depth": 9.0, "min_child_weight": 4612.816435803957, "num_boost_round": 82.0, "subsample": 0.3855581742406452}, "datetime": {"datetime": "2024-01-20 14:02:45", "elapsed": 2258.014607, "delta": 0.002671}}
{"target": -10.48369122263853, "params": {"colsample_bytree": 0.13436327098634918, "eta": 0.05849210590323465, "gamma": 964.8441879392766, "max_depth": 9.0, "min_child_weight": 4612.816435803957, "num_boost_round": 83.0, "subsample": 0.3855581742406452}, "datetime": {"datetime": "2024-01-20 14:02:45", "elapsed": 2258.017323, "delta": 0.002716}}
{"target": -10.483810747325592, "params": {"colsample_bytree": 0.13436327098634918, "eta": 0.05849210590323465, "gamma": 964.8441879392766, "max_depth": 9.0, "min_child_weight": 4612.816435803957, "num_boost_round": 84.0, "subsample": 0.3855581742406452}, "datetime": {"datetime": "2024-01-20 14:02:45", "elapsed": 2258.020139, "delta": 0.002816}}
{"target": -10.483891397114178, "params": {"colsample_bytree": 0.13436327098634918, "eta": 0.05849210590323465, "gamma": 964.8441879392766, "max_depth": 9.0, "min_child_weight": 4612.816435803957, "num_boost_round": 85.0, "subsample": 0.3855581742406452}, "datetime": {"datetime": "2024-01-20 14:02:45", "elapsed": 2258.022852, "delta": 0.002713}}
