{"target": -12.355715197179867, "params": {"colsample_bytree": 0.2011177968934567, "eta": 0.025993535396407447, "gamma": 630.2693654978652, "max_depth": 4.0, "min_child_weight": 4195.907719294922, "num_boost_round": 29.0, "subsample": 0.1388432426329688}, "datetime": {"datetime": "2024-01-20 14:41:09", "elapsed": 1035.720495, "delta": 0.002485}}
{"target": -12.355267547516084, "params": {"colsample_bytree": 0.2011177968934567, "eta": 0.025993535396407447, "gamma": 630.2693654978652, "max_depth": 4.0, "min_child_weight": 4195.907719294922, "num_boost_round": 30.0, "subsample": 0.1388432426329688}, "datetime": {"datetime": "2024-01-20 14:41:09", "elapsed": 1035.723498, "delta": 0.003003}}
{"target": -12.35451152058827, "params": {"colsample_bytree": 0.2011177968934567, "eta": 0.025993535396407447, "gamma": 630.2693654978652, "max_depth": 4.0, "min_child_weight": 4195.907719294922, "num_boost_round": 31.0, "subsample": 0.1388432426329688}, "datetime": {"datetime": "2024-01-20 14:41:09", "elapsed": 1035.725633, "delta": 0.002135}}
{"target": -12.35465870174929, "params": {"colsample_bytree": 0.2011177968934567, "eta": 0.025993535396407447, "gamma": 630.2693654978652, "max_depth": 4.0, "min_child_weight": 4195.907719294922, "num_boost_round": 32.0, "subsample": 0.1388432426329688}, "datetime": {"datetime": "2024-01-20 14:41:09", "elapsed": 1035.728479, "delta": 0.002846}}
{"target": -12.354636595110108, "params": {"colsample_bytree": 0.2011177968934567, "eta": 0.025993535396407447, "gamma": 630.2693654978652, "max_depth": 4.0, "min_child_weight": 4195.907719294922, "num_boost_round": 33.0, "subsample": 0.1388432426329688}, "datetime": {"datetime": "2024-01-20 14:41:09", "elapsed": 1035.730739, "delta": 0.00226}}
{"target": -12.354668760837502, "params": {"colsample_bytree": 0.2011177968934567, "eta": 0.025993535396407447, "gamma": 630.2693654978652, "max_depth": 4.0, "min_child_weight": 4195.907719294922, "num_boost_round": 34.0, "subsample": 0.1388432426329688}, "datetime": {"datetime": "2024-01-20 14:41:09", "elapsed": 1035.73274, "delta": 0.002001}}
{"target": -12.354862071656415, "params": {"colsample_bytree": 0.2011177968934567, "eta": 0.025993535396407447, "gamma": 630.2693654978652, "max_depth": 4.0, "min_child_weight": 4195.907719294922, "num_boost_round": 35.0, "subsample": 0.1388432426329688}, "datetime": {"datetime": "2024-01-20 14:41:09", "elapsed": 1035.734662, "delta": 0.001922}}
{"target": -12.35486081382182, "params": {"colsample_bytree": 0.2011177968934567, "eta": 0.025993535396407447, "gamma": 630.2693654978652, "max_depth": 4.0, "min_child_weight": 4195.907719294922, "num_boost_round": 36.0, "subsample": 0.1388432426329688}, "datetime": {"datetime": "2024-01-20 14:41:09", "elapsed": 1035.736562, "delta": 0.0019}}
{"target": -12.354994111764904, "params": {"colsample_bytree": 0.2011177968934567, "eta": 0.025993535396407447, "gamma": 630.2693654978652, "max_depth": 4.0, "min_child_weight": 4195.907719294922, "num_boost_round": 37.0, "subsample": 0.1388432426329688}, "datetime": {"datetime": "2024-01-20 14:41:09", "elapsed": 1035.738599, "delta": 0.002037}}
{"target": -12.355069947838926, "params": {"colsample_bytree": 0.2011177968934567, "eta": 0.025993535396407447, "gamma": 630.2693654978652, "max_depth": 4.0, "min_child_weight": 4195.907719294922, "num_boost_round": 38.0, "subsample": 0.1388432426329688}, "datetime": {"datetime": "2024-01-20 14:41:09", "elapsed": 1035.740509, "delta": 0.00191}}
{"target": -12.354875250331261, "params": {"colsample_bytree": 0.2011177968934567, "eta": 0.025993535396407447, "gamma": 630.2693654978652, "max_depth": 4.0, "min_child_weight": 4195.907719294922, "num_boost_round": 39.0, "subsample": 0.1388432426329688}, "datetime": {"datetime": "2024-01-20 14:41:09", "elapsed": 1035.742423, "delta": 0.001914}}
{"target": -12.354818823941072, "params": {"colsample_bytree": 0.2011177968934567, "eta": 0.025993535396407447, "gamma": 630.2693654978652, "max_depth": 4.0, "min_child_weight": 4195.907719294922, "num_boost_round": 40.0, "subsample": 0.1388432426329688}, "datetime": {"datetime": "2024-01-20 14:41:09", "elapsed": 1035.744312, "delta": 0.001889}}
{"target": -12.35441233434111, "params": {"colsample_bytree": 0.2011177968934567, "eta": 0.025993535396407447, "gamma": 630.2693654978652, "max_depth": 4.0, "min_child_weight": 4195.907719294922, "num_boost_round": 41.0, "subsample": 0.1388432426329688}, "datetime": {"datetime": "2024-01-20 14:41:09", "elapsed": 1035.746203, "delta": 0.001891}}
{"target": -12.353858416527755, "params": {"colsample_bytree": 0.2011177968934567, "eta": 0.025993535396407447, "gamma": 630.2693654978652, "max_depth": 4.0, "min_child_weight": 4195.907719294922, "num_boost_round": 42.0, "subsample": 0.1388432426329688}, "datetime": {"datetime": "2024-01-20 14:41:09", "elapsed": 1035.748098, "delta": 0.001895}}
{"target": -12.35383723116183, "params": {"colsample_bytree": 0.2011177968934567, "eta": 0.025993535396407447, "gamma": 630.2693654978652, "max_depth": 4.0, "min_child_weight": 4195.907719294922, "num_boost_round": 43.0, "subsample": 0.1388432426329688}, "datetime": {"datetime": "2024-01-20 14:41:09", "elapsed": 1035.749977, "delta": 0.001879}}
{"target": -12.353966724763314, "params": {"colsample_bytree": 0.2011177968934567, "eta": 0.025993535396407447, "gamma": 630.2693654978652, "max_depth": 4.0, "min_child_weight": 4195.907719294922, "num_boost_round": 44.0, "subsample": 0.1388432426329688}, "datetime": {"datetime": "2024-01-20 14:41:09", "elapsed": 1035.751858, "delta": 0.001881}}
{"target": -12.35396397262522, "params": {"colsample_bytree": 0.2011177968934567, "eta": 0.025993535396407447, "gamma": 630.2693654978652, "max_depth": 4.0, "min_child_weight": 4195.907719294922, "num_boost_round": 45.0, "subsample": 0.1388432426329688}, "datetime": {"datetime": "2024-01-20 14:41:09", "elapsed": 1035.753737, "delta": 0.001879}}
{"target": -12.354083938221894, "params": {"colsample_bytree": 0.2011177968934567, "eta": 0.025993535396407447, "gamma": 630.2693654978652, "max_depth": 4.0, "min_child_weight": 4195.907719294922, "num_boost_round": 46.0, "subsample": 0.1388432426329688}, "datetime": {"datetime": "2024-01-20 14:41:09", "elapsed": 1035.755644, "delta": 0.001907}}
{"target": -12.354075688613403, "params": {"colsample_bytree": 0.2011177968934567, "eta": 0.025993535396407447, "gamma": 630.2693654978652, "max_depth": 4.0, "min_child_weight": 4195.907719294922, "num_boost_round": 47.0, "subsample": 0.1388432426329688}, "datetime": {"datetime": "2024-01-20 14:41:09", "elapsed": 1035.757648, "delta": 0.002004}}
{"target": -12.354246917068394, "params": {"colsample_bytree": 0.2011177968934567, "eta": 0.025993535396407447, "gamma": 630.2693654978652, "max_depth": 4.0, "min_child_weight": 4195.907719294922, "num_boost_round": 48.0, "subsample": 0.1388432426329688}, "datetime": {"datetime": "2024-01-20 14:41:09", "elapsed": 1035.759537, "delta": 0.001889}}
{"target": -12.35423220331655, "params": {"colsample_bytree": 0.2011177968934567, "eta": 0.025993535396407447, "gamma": 630.2693654978652, "max_depth": 4.0, "min_child_weight": 4195.907719294922, "num_boost_round": 49.0, "subsample": 0.1388432426329688}, "datetime": {"datetime": "2024-01-20 14:41:09", "elapsed": 1035.76144, "delta": 0.001903}}
{"target": -12.354249720698455, "params": {"colsample_bytree": 0.2011177968934567, "eta": 0.025993535396407447, "gamma": 630.2693654978652, "max_depth": 4.0, "min_child_weight": 4195.907719294922, "num_boost_round": 50.0, "subsample": 0.1388432426329688}, "datetime": {"datetime": "2024-01-20 14:41:09", "elapsed": 1035.763562, "delta": 0.002122}}
{"target": -12.35422322864038, "params": {"colsample_bytree": 0.2011177968934567, "eta": 0.025993535396407447, "gamma": 630.2693654978652, "max_depth": 4.0, "min_child_weight": 4195.907719294922, "num_boost_round": 51.0, "subsample": 0.1388432426329688}, "datetime": {"datetime": "2024-01-20 14:41:09", "elapsed": 1035.765534, "delta": 0.001972}}
{"target": -12.354240619551517, "params": {"colsample_bytree": 0.2011177968934567, "eta": 0.025993535396407447, "gamma": 630.2693654978652, "max_depth": 4.0, "min_child_weight": 4195.907719294922, "num_boost_round": 52.0, "subsample": 0.1388432426329688}, "datetime": {"datetime": "2024-01-20 14:41:09", "elapsed": 1035.767564, "delta": 0.00203}}
{"target": -12.353905491020459, "params": {"colsample_bytree": 0.2011177968934567, "eta": 0.025993535396407447, "gamma": 630.2693654978652, "max_depth": 4.0, "min_child_weight": 4195.907719294922, "num_boost_round": 53.0, "subsample": 0.1388432426329688}, "datetime": {"datetime": "2024-01-20 14:41:09", "elapsed": 1035.76947, "delta": 0.001906}}
{"target": -12.353179766389255, "params": {"colsample_bytree": 0.2011177968934567, "eta": 0.025993535396407447, "gamma": 630.2693654978652, "max_depth": 4.0, "min_child_weight": 4195.907719294922, "num_boost_round": 54.0, "subsample": 0.1388432426329688}, "datetime": {"datetime": "2024-01-20 14:41:09", "elapsed": 1035.771379, "delta": 0.001909}}
{"target": -12.353188587724336, "params": {"colsample_bytree": 0.2011177968934567, "eta": 0.025993535396407447, "gamma": 630.2693654978652, "max_depth": 4.0, "min_child_weight": 4195.907719294922, "num_boost_round": 55.0, "subsample": 0.1388432426329688}, "datetime": {"datetime": "2024-01-20 14:41:09", "elapsed": 1035.773363, "delta": 0.001984}}
{"target": -12.352879241567905, "params": {"colsample_bytree": 0.2011177968934567, "eta": 0.025993535396407447, "gamma": 630.2693654978652, "max_depth": 4.0, "min_child_weight": 4195.907719294922, "num_boost_round": 56.0, "subsample": 0.1388432426329688}, "datetime": {"datetime": "2024-01-20 14:41:09", "elapsed": 1035.775328, "delta": 0.001965}}
{"target": -12.352913465300704, "params": {"colsample_bytree": 0.2011177968934567, "eta": 0.025993535396407447, "gamma": 630.2693654978652, "max_depth": 4.0, "min_child_weight": 4195.907719294922, "num_boost_round": 57.0, "subsample": 0.1388432426329688}, "datetime": {"datetime": "2024-01-20 14:41:09", "elapsed": 1035.777256, "delta": 0.001928}}
{"target": -12.352889322687444, "params": {"colsample_bytree": 0.2011177968934567, "eta": 0.025993535396407447, "gamma": 630.2693654978652, "max_depth": 4.0, "min_child_weight": 4195.907719294922, "num_boost_round": 58.0, "subsample": 0.1388432426329688}, "datetime": {"datetime": "2024-01-20 14:41:09", "elapsed": 1035.779179, "delta": 0.001923}}
{"target": -12.352537456202889, "params": {"colsample_bytree": 0.2011177968934567, "eta": 0.025993535396407447, "gamma": 630.2693654978652, "max_depth": 4.0, "min_child_weight": 4195.907719294922, "num_boost_round": 59.0, "subsample": 0.1388432426329688}, "datetime": {"datetime": "2024-01-20 14:41:09", "elapsed": 1035.781099, "delta": 0.00192}}
{"target": -12.352539577599885, "params": {"colsample_bytree": 0.2011177968934567, "eta": 0.025993535396407447, "gamma": 630.2693654978652, "max_depth": 4.0, "min_child_weight": 4195.907719294922, "num_boost_round": 60.0, "subsample": 0.1388432426329688}, "datetime": {"datetime": "2024-01-20 14:41:09", "elapsed": 1035.78303, "delta": 0.001931}}
{"target": -12.352502862934074, "params": {"colsample_bytree": 0.2011177968934567, "eta": 0.025993535396407447, "gamma": 630.2693654978652, "max_depth": 4.0, "min_child_weight": 4195.907719294922, "num_boost_round": 61.0, "subsample": 0.1388432426329688}, "datetime": {"datetime": "2024-01-20 14:41:09", "elapsed": 1035.784989, "delta": 0.001959}}
{"target": -12.352479821772059, "params": {"colsample_bytree": 0.2011177968934567, "eta": 0.025993535396407447, "gamma": 630.2693654978652, "max_depth": 4.0, "min_child_weight": 4195.907719294922, "num_boost_round": 62.0, "subsample": 0.1388432426329688}, "datetime": {"datetime": "2024-01-20 14:41:09", "elapsed": 1035.78694, "delta": 0.001951}}
{"target": -12.352468515459629, "params": {"colsample_bytree": 0.2011177968934567, "eta": 0.025993535396407447, "gamma": 630.2693654978652, "max_depth": 4.0, "min_child_weight": 4195.907719294922, "num_boost_round": 63.0, "subsample": 0.1388432426329688}, "datetime": {"datetime": "2024-01-20 14:41:09", "elapsed": 1035.788868, "delta": 0.001928}}
{"target": -12.359530879927423, "params": {"colsample_bytree": 0.17748203446722477, "eta": 0.08504816984700428, "gamma": 523.5895676447483, "max_depth": 9.0, "min_child_weight": 4218.051700204107, "num_boost_round": 1.0, "subsample": 0.2946940604601244}, "datetime": {"datetime": "2024-01-20 14:42:05", "elapsed": 1091.664888, "delta": 55.87602}}
{"target": -12.358282047082183, "params": {"colsample_bytree": 0.17748203446722477, "eta": 0.08504816984700428, "gamma": 523.5895676447483, "max_depth": 9.0, "min_child_weight": 4218.051700204107, "num_boost_round": 2.0, "subsample": 0.2946940604601244}, "datetime": {"datetime": "2024-01-20 14:42:05", "elapsed": 1091.668004, "delta": 0.003116}}
{"target": -12.356490044947952, "params": {"colsample_bytree": 0.17748203446722477, "eta": 0.08504816984700428, "gamma": 523.5895676447483, "max_depth": 9.0, "min_child_weight": 4218.051700204107, "num_boost_round": 3.0, "subsample": 0.2946940604601244}, "datetime": {"datetime": "2024-01-20 14:42:05", "elapsed": 1091.67001, "delta": 0.002006}}
{"target": -12.35706677251591, "params": {"colsample_bytree": 0.17748203446722477, "eta": 0.08504816984700428, "gamma": 523.5895676447483, "max_depth": 9.0, "min_child_weight": 4218.051700204107, "num_boost_round": 4.0, "subsample": 0.2946940604601244}, "datetime": {"datetime": "2024-01-20 14:42:05", "elapsed": 1091.671982, "delta": 0.001972}}
{"target": -12.356995739773476, "params": {"colsample_bytree": 0.17748203446722477, "eta": 0.08504816984700428, "gamma": 523.5895676447483, "max_depth": 9.0, "min_child_weight": 4218.051700204107, "num_boost_round": 5.0, "subsample": 0.2946940604601244}, "datetime": {"datetime": "2024-01-20 14:42:05", "elapsed": 1091.673955, "delta": 0.001973}}
{"target": -12.356866139589403, "params": {"colsample_bytree": 0.17748203446722477, "eta": 0.08504816984700428, "gamma": 523.5895676447483, "max_depth": 9.0, "min_child_weight": 4218.051700204107, "num_boost_round": 6.0, "subsample": 0.2946940604601244}, "datetime": {"datetime": "2024-01-20 14:42:05", "elapsed": 1091.675849, "delta": 0.001894}}
{"target": -12.356789574803397, "params": {"colsample_bytree": 0.17748203446722477, "eta": 0.08504816984700428, "gamma": 523.5895676447483, "max_depth": 9.0, "min_child_weight": 4218.051700204107, "num_boost_round": 7.0, "subsample": 0.2946940604601244}, "datetime": {"datetime": "2024-01-20 14:42:05", "elapsed": 1091.677887, "delta": 0.002038}}
{"target": -12.354631941882488, "params": {"colsample_bytree": 0.17748203446722477, "eta": 0.08504816984700428, "gamma": 523.5895676447483, "max_depth": 9.0, "min_child_weight": 4218.051700204107, "num_boost_round": 8.0, "subsample": 0.2946940604601244}, "datetime": {"datetime": "2024-01-20 14:42:05", "elapsed": 1091.679816, "delta": 0.001929}}
{"target": -12.354678378120381, "params": {"colsample_bytree": 0.17748203446722477, "eta": 0.08504816984700428, "gamma": 523.5895676447483, "max_depth": 9.0, "min_child_weight": 4218.051700204107, "num_boost_round": 9.0, "subsample": 0.2946940604601244}, "datetime": {"datetime": "2024-01-20 14:42:05", "elapsed": 1091.681712, "delta": 0.001896}}
{"target": -12.353755428040294, "params": {"colsample_bytree": 0.17748203446722477, "eta": 0.08504816984700428, "gamma": 523.5895676447483, "max_depth": 9.0, "min_child_weight": 4218.051700204107, "num_boost_round": 10.0, "subsample": 0.2946940604601244}, "datetime": {"datetime": "2024-01-20 14:42:05", "elapsed": 1091.683654, "delta": 0.001942}}
{"target": -12.352768979120633, "params": {"colsample_bytree": 0.17748203446722477, "eta": 0.08504816984700428, "gamma": 523.5895676447483, "max_depth": 9.0, "min_child_weight": 4218.051700204107, "num_boost_round": 11.0, "subsample": 0.2946940604601244}, "datetime": {"datetime": "2024-01-20 14:42:05", "elapsed": 1091.685544, "delta": 0.00189}}
{"target": -12.352621886315985, "params": {"colsample_bytree": 0.17748203446722477, "eta": 0.08504816984700428, "gamma": 523.5895676447483, "max_depth": 9.0, "min_child_weight": 4218.051700204107, "num_boost_round": 12.0, "subsample": 0.2946940604601244}, "datetime": {"datetime": "2024-01-20 14:42:05", "elapsed": 1091.687442, "delta": 0.001898}}
{"target": -12.353173032830721, "params": {"colsample_bytree": 0.17748203446722477, "eta": 0.08504816984700428, "gamma": 523.5895676447483, "max_depth": 9.0, "min_child_weight": 4218.051700204107, "num_boost_round": 13.0, "subsample": 0.2946940604601244}, "datetime": {"datetime": "2024-01-20 14:42:05", "elapsed": 1091.689345, "delta": 0.001903}}
{"target": -12.35325936803157, "params": {"colsample_bytree": 0.17748203446722477, "eta": 0.08504816984700428, "gamma": 523.5895676447483, "max_depth": 9.0, "min_child_weight": 4218.051700204107, "num_boost_round": 14.0, "subsample": 0.2946940604601244}, "datetime": {"datetime": "2024-01-20 14:42:05", "elapsed": 1091.691269, "delta": 0.001924}}
{"target": -12.351630795003416, "params": {"colsample_bytree": 0.17748203446722477, "eta": 0.08504816984700428, "gamma": 523.5895676447483, "max_depth": 9.0, "min_child_weight": 4218.051700204107, "num_boost_round": 15.0, "subsample": 0.2946940604601244}, "datetime": {"datetime": "2024-01-20 14:42:05", "elapsed": 1091.693185, "delta": 0.001916}}
{"target": -12.351621794184469, "params": {"colsample_bytree": 0.17748203446722477, "eta": 0.08504816984700428, "gamma": 523.5895676447483, "max_depth": 9.0, "min_child_weight": 4218.051700204107, "num_boost_round": 16.0, "subsample": 0.2946940604601244}, "datetime": {"datetime": "2024-01-20 14:42:05", "elapsed": 1091.695101, "delta": 0.001916}}
{"target": -12.351831184247438, "params": {"colsample_bytree": 0.17748203446722477, "eta": 0.08504816984700428, "gamma": 523.5895676447483, "max_depth": 9.0, "min_child_weight": 4218.051700204107, "num_boost_round": 17.0, "subsample": 0.2946940604601244}, "datetime": {"datetime": "2024-01-20 14:42:05", "elapsed": 1091.697009, "delta": 0.001908}}
{"target": -12.351971729680955, "params": {"colsample_bytree": 0.17748203446722477, "eta": 0.08504816984700428, "gamma": 523.5895676447483, "max_depth": 9.0, "min_child_weight": 4218.051700204107, "num_boost_round": 18.0, "subsample": 0.2946940604601244}, "datetime": {"datetime": "2024-01-20 14:42:05", "elapsed": 1091.699064, "delta": 0.002055}}
{"target": -12.351574238764865, "params": {"colsample_bytree": 0.17748203446722477, "eta": 0.08504816984700428, "gamma": 523.5895676447483, "max_depth": 9.0, "min_child_weight": 4218.051700204107, "num_boost_round": 19.0, "subsample": 0.2946940604601244}, "datetime": {"datetime": "2024-01-20 14:42:05", "elapsed": 1091.701036, "delta": 0.001972}}
{"target": -12.35153708292425, "params": {"colsample_bytree": 0.17748203446722477, "eta": 0.08504816984700428, "gamma": 523.5895676447483, "max_depth": 9.0, "min_child_weight": 4218.051700204107, "num_boost_round": 20.0, "subsample": 0.2946940604601244}, "datetime": {"datetime": "2024-01-20 14:42:05", "elapsed": 1091.70296, "delta": 0.001924}}
{"target": -12.351385123664748, "params": {"colsample_bytree": 0.17748203446722477, "eta": 0.08504816984700428, "gamma": 523.5895676447483, "max_depth": 9.0, "min_child_weight": 4218.051700204107, "num_boost_round": 21.0, "subsample": 0.2946940604601244}, "datetime": {"datetime": "2024-01-20 14:42:05", "elapsed": 1091.704879, "delta": 0.001919}}
{"target": -12.351423423701185, "params": {"colsample_bytree": 0.17748203446722477, "eta": 0.08504816984700428, "gamma": 523.5895676447483, "max_depth": 9.0, "min_child_weight": 4218.051700204107, "num_boost_round": 22.0, "subsample": 0.2946940604601244}, "datetime": {"datetime": "2024-01-20 14:42:05", "elapsed": 1091.706784, "delta": 0.001905}}
{"target": -12.351400353167053, "params": {"colsample_bytree": 0.17748203446722477, "eta": 0.08504816984700428, "gamma": 523.5895676447483, "max_depth": 9.0, "min_child_weight": 4218.051700204107, "num_boost_round": 23.0, "subsample": 0.2946940604601244}, "datetime": {"datetime": "2024-01-20 14:42:05", "elapsed": 1091.708681, "delta": 0.001897}}
{"target": -12.35189078721178, "params": {"colsample_bytree": 0.17748203446722477, "eta": 0.08504816984700428, "gamma": 523.5895676447483, "max_depth": 9.0, "min_child_weight": 4218.051700204107, "num_boost_round": 24.0, "subsample": 0.2946940604601244}, "datetime": {"datetime": "2024-01-20 14:42:05", "elapsed": 1091.710601, "delta": 0.00192}}
{"target": -12.35055739732437, "params": {"colsample_bytree": 0.17748203446722477, "eta": 0.08504816984700428, "gamma": 523.5895676447483, "max_depth": 9.0, "min_child_weight": 4218.051700204107, "num_boost_round": 25.0, "subsample": 0.2946940604601244}, "datetime": {"datetime": "2024-01-20 14:42:05", "elapsed": 1091.712517, "delta": 0.001916}}
{"target": -12.350635177166978, "params": {"colsample_bytree": 0.17748203446722477, "eta": 0.08504816984700428, "gamma": 523.5895676447483, "max_depth": 9.0, "min_child_weight": 4218.051700204107, "num_boost_round": 26.0, "subsample": 0.2946940604601244}, "datetime": {"datetime": "2024-01-20 14:42:05", "elapsed": 1091.71445, "delta": 0.001933}}
{"target": -12.351032474192078, "params": {"colsample_bytree": 0.17748203446722477, "eta": 0.08504816984700428, "gamma": 523.5895676447483, "max_depth": 9.0, "min_child_weight": 4218.051700204107, "num_boost_round": 27.0, "subsample": 0.2946940604601244}, "datetime": {"datetime": "2024-01-20 14:42:05", "elapsed": 1091.716371, "delta": 0.001921}}
{"target": -12.351027174547964, "params": {"colsample_bytree": 0.17748203446722477, "eta": 0.08504816984700428, "gamma": 523.5895676447483, "max_depth": 9.0, "min_child_weight": 4218.051700204107, "num_boost_round": 28.0, "subsample": 0.2946940604601244}, "datetime": {"datetime": "2024-01-20 14:42:05", "elapsed": 1091.718517, "delta": 0.002146}}
