{"target": -10.474028524474898, "params": {"colsample_bytree": 0.5204200116436067, "eta": 0.03707016854327001, "gamma": 420.7324330824053, "max_depth": 5.0, "min_child_weight": 4939.628005263006, "num_boost_round": 8.0, "subsample": 0.966985900299178}, "datetime": {"datetime": "2024-01-20 16:40:20", "elapsed": 11712.238541, "delta": 0.008258}}
{"target": -10.474075199385185, "params": {"colsample_bytree": 0.5204200116436067, "eta": 0.03707016854327001, "gamma": 420.7324330824053, "max_depth": 5.0, "min_child_weight": 4939.628005263006, "num_boost_round": 9.0, "subsample": 0.966985900299178}, "datetime": {"datetime": "2024-01-20 16:40:20", "elapsed": 11712.246546, "delta": 0.008005}}
{"target": -10.473880721853881, "params": {"colsample_bytree": 0.5204200116436067, "eta": 0.03707016854327001, "gamma": 420.7324330824053, "max_depth": 5.0, "min_child_weight": 4939.628005263006, "num_boost_round": 10.0, "subsample": 0.966985900299178}, "datetime": {"datetime": "2024-01-20 16:40:20", "elapsed": 11712.25458, "delta": 0.008034}}
{"target": -10.473817148145478, "params": {"colsample_bytree": 0.5204200116436067, "eta": 0.03707016854327001, "gamma": 420.7324330824053, "max_depth": 5.0, "min_child_weight": 4939.628005263006, "num_boost_round": 11.0, "subsample": 0.966985900299178}, "datetime": {"datetime": "2024-01-20 16:40:20", "elapsed": 11712.262692, "delta": 0.008112}}
{"target": -10.473830693380021, "params": {"colsample_bytree": 0.5204200116436067, "eta": 0.03707016854327001, "gamma": 420.7324330824053, "max_depth": 5.0, "min_child_weight": 4939.628005263006, "num_boost_round": 12.0, "subsample": 0.966985900299178}, "datetime": {"datetime": "2024-01-20 16:40:20", "elapsed": 11712.270437, "delta": 0.007745}}
{"target": -10.473930213018281, "params": {"colsample_bytree": 0.5204200116436067, "eta": 0.03707016854327001, "gamma": 420.7324330824053, "max_depth": 5.0, "min_child_weight": 4939.628005263006, "num_boost_round": 13.0, "subsample": 0.966985900299178}, "datetime": {"datetime": "2024-01-20 16:40:20", "elapsed": 11712.278792, "delta": 0.008355}}
{"target": -10.473882307742373, "params": {"colsample_bytree": 0.5204200116436067, "eta": 0.03707016854327001, "gamma": 420.7324330824053, "max_depth": 5.0, "min_child_weight": 4939.628005263006, "num_boost_round": 14.0, "subsample": 0.966985900299178}, "datetime": {"datetime": "2024-01-20 16:40:20", "elapsed": 11712.286858, "delta": 0.008066}}
{"target": -10.4740187240584, "params": {"colsample_bytree": 0.5204200116436067, "eta": 0.03707016854327001, "gamma": 420.7324330824053, "max_depth": 5.0, "min_child_weight": 4939.628005263006, "num_boost_round": 15.0, "subsample": 0.966985900299178}, "datetime": {"datetime": "2024-01-20 16:40:20", "elapsed": 11712.294806, "delta": 0.007948}}
{"target": -10.473952286977685, "params": {"colsample_bytree": 0.5204200116436067, "eta": 0.03707016854327001, "gamma": 420.7324330824053, "max_depth": 5.0, "min_child_weight": 4939.628005263006, "num_boost_round": 16.0, "subsample": 0.966985900299178}, "datetime": {"datetime": "2024-01-20 16:40:20", "elapsed": 11712.302765, "delta": 0.007959}}
{"target": -10.474120417110985, "params": {"colsample_bytree": 0.5204200116436067, "eta": 0.03707016854327001, "gamma": 420.7324330824053, "max_depth": 5.0, "min_child_weight": 4939.628005263006, "num_boost_round": 17.0, "subsample": 0.966985900299178}, "datetime": {"datetime": "2024-01-20 16:40:20", "elapsed": 11712.310562, "delta": 0.007797}}
{"target": -10.47412114932371, "params": {"colsample_bytree": 0.5204200116436067, "eta": 0.03707016854327001, "gamma": 420.7324330824053, "max_depth": 5.0, "min_child_weight": 4939.628005263006, "num_boost_round": 18.0, "subsample": 0.966985900299178}, "datetime": {"datetime": "2024-01-20 16:40:20", "elapsed": 11712.318491, "delta": 0.007929}}
{"target": -10.474046147582396, "params": {"colsample_bytree": 0.5204200116436067, "eta": 0.03707016854327001, "gamma": 420.7324330824053, "max_depth": 5.0, "min_child_weight": 4939.628005263006, "num_boost_round": 19.0, "subsample": 0.966985900299178}, "datetime": {"datetime": "2024-01-20 16:40:20", "elapsed": 11712.326943, "delta": 0.008452}}
{"target": -10.474182646987039, "params": {"colsample_bytree": 0.5204200116436067, "eta": 0.03707016854327001, "gamma": 420.7324330824053, "max_depth": 5.0, "min_child_weight": 4939.628005263006, "num_boost_round": 20.0, "subsample": 0.966985900299178}, "datetime": {"datetime": "2024-01-20 16:40:20", "elapsed": 11712.335102, "delta": 0.008159}}
{"target": -10.474228165394678, "params": {"colsample_bytree": 0.5204200116436067, "eta": 0.03707016854327001, "gamma": 420.7324330824053, "max_depth": 5.0, "min_child_weight": 4939.628005263006, "num_boost_round": 21.0, "subsample": 0.966985900299178}, "datetime": {"datetime": "2024-01-20 16:40:20", "elapsed": 11712.342816, "delta": 0.007714}}
{"target": -10.474275232025295, "params": {"colsample_bytree": 0.5204200116436067, "eta": 0.03707016854327001, "gamma": 420.7324330824053, "max_depth": 5.0, "min_child_weight": 4939.628005263006, "num_boost_round": 22.0, "subsample": 0.966985900299178}, "datetime": {"datetime": "2024-01-20 16:40:20", "elapsed": 11712.350472, "delta": 0.007656}}
{"target": -10.474413211380698, "params": {"colsample_bytree": 0.5204200116436067, "eta": 0.03707016854327001, "gamma": 420.7324330824053, "max_depth": 5.0, "min_child_weight": 4939.628005263006, "num_boost_round": 23.0, "subsample": 0.966985900299178}, "datetime": {"datetime": "2024-01-20 16:40:20", "elapsed": 11712.358445, "delta": 0.007973}}
{"target": -10.474485427760566, "params": {"colsample_bytree": 0.5204200116436067, "eta": 0.03707016854327001, "gamma": 420.7324330824053, "max_depth": 5.0, "min_child_weight": 4939.628005263006, "num_boost_round": 24.0, "subsample": 0.966985900299178}, "datetime": {"datetime": "2024-01-20 16:40:20", "elapsed": 11712.366351, "delta": 0.007906}}
{"target": -10.474527533140023, "params": {"colsample_bytree": 0.5204200116436067, "eta": 0.03707016854327001, "gamma": 420.7324330824053, "max_depth": 5.0, "min_child_weight": 4939.628005263006, "num_boost_round": 25.0, "subsample": 0.966985900299178}, "datetime": {"datetime": "2024-01-20 16:40:20", "elapsed": 11712.37489, "delta": 0.008539}}
{"target": -10.474777609799778, "params": {"colsample_bytree": 0.5204200116436067, "eta": 0.03707016854327001, "gamma": 420.7324330824053, "max_depth": 5.0, "min_child_weight": 4939.628005263006, "num_boost_round": 26.0, "subsample": 0.966985900299178}, "datetime": {"datetime": "2024-01-20 16:40:20", "elapsed": 11712.38285, "delta": 0.00796}}
{"target": -10.475003929315658, "params": {"colsample_bytree": 0.5204200116436067, "eta": 0.03707016854327001, "gamma": 420.7324330824053, "max_depth": 5.0, "min_child_weight": 4939.628005263006, "num_boost_round": 27.0, "subsample": 0.966985900299178}, "datetime": {"datetime": "2024-01-20 16:40:20", "elapsed": 11712.39058, "delta": 0.00773}}
{"target": -10.475228828085552, "params": {"colsample_bytree": 0.5204200116436067, "eta": 0.03707016854327001, "gamma": 420.7324330824053, "max_depth": 5.0, "min_child_weight": 4939.628005263006, "num_boost_round": 28.0, "subsample": 0.966985900299178}, "datetime": {"datetime": "2024-01-20 16:40:20", "elapsed": 11712.398652, "delta": 0.008072}}
{"target": -10.475674884600854, "params": {"colsample_bytree": 0.5204200116436067, "eta": 0.03707016854327001, "gamma": 420.7324330824053, "max_depth": 5.0, "min_child_weight": 4939.628005263006, "num_boost_round": 29.0, "subsample": 0.966985900299178}, "datetime": {"datetime": "2024-01-20 16:40:20", "elapsed": 11712.406341, "delta": 0.007689}}
{"target": -10.475748967439241, "params": {"colsample_bytree": 0.5204200116436067, "eta": 0.03707016854327001, "gamma": 420.7324330824053, "max_depth": 5.0, "min_child_weight": 4939.628005263006, "num_boost_round": 30.0, "subsample": 0.966985900299178}, "datetime": {"datetime": "2024-01-20 16:40:20", "elapsed": 11712.414111, "delta": 0.00777}}
{"target": -10.475787226476845, "params": {"colsample_bytree": 0.5204200116436067, "eta": 0.03707016854327001, "gamma": 420.7324330824053, "max_depth": 5.0, "min_child_weight": 4939.628005263006, "num_boost_round": 31.0, "subsample": 0.966985900299178}, "datetime": {"datetime": "2024-01-20 16:40:20", "elapsed": 11712.422312, "delta": 0.008201}}
{"target": -10.47588729131164, "params": {"colsample_bytree": 0.5204200116436067, "eta": 0.03707016854327001, "gamma": 420.7324330824053, "max_depth": 5.0, "min_child_weight": 4939.628005263006, "num_boost_round": 32.0, "subsample": 0.966985900299178}, "datetime": {"datetime": "2024-01-20 16:40:20", "elapsed": 11712.881849, "delta": 0.459537}}
{"target": -10.476049048030374, "params": {"colsample_bytree": 0.5204200116436067, "eta": 0.03707016854327001, "gamma": 420.7324330824053, "max_depth": 5.0, "min_child_weight": 4939.628005263006, "num_boost_round": 33.0, "subsample": 0.966985900299178}, "datetime": {"datetime": "2024-01-20 16:40:20", "elapsed": 11712.893684, "delta": 0.011835}}
{"target": -10.476105615079359, "params": {"colsample_bytree": 0.5204200116436067, "eta": 0.03707016854327001, "gamma": 420.7324330824053, "max_depth": 5.0, "min_child_weight": 4939.628005263006, "num_boost_round": 34.0, "subsample": 0.966985900299178}, "datetime": {"datetime": "2024-01-20 16:40:20", "elapsed": 11712.903809, "delta": 0.010125}}
{"target": -10.476215627413957, "params": {"colsample_bytree": 0.5204200116436067, "eta": 0.03707016854327001, "gamma": 420.7324330824053, "max_depth": 5.0, "min_child_weight": 4939.628005263006, "num_boost_round": 35.0, "subsample": 0.966985900299178}, "datetime": {"datetime": "2024-01-20 16:40:20", "elapsed": 11712.913839, "delta": 0.01003}}
{"target": -10.476252308128782, "params": {"colsample_bytree": 0.5204200116436067, "eta": 0.03707016854327001, "gamma": 420.7324330824053, "max_depth": 5.0, "min_child_weight": 4939.628005263006, "num_boost_round": 36.0, "subsample": 0.966985900299178}, "datetime": {"datetime": "2024-01-20 16:40:20", "elapsed": 11712.924216, "delta": 0.010377}}
{"target": -10.476397080357383, "params": {"colsample_bytree": 0.5204200116436067, "eta": 0.03707016854327001, "gamma": 420.7324330824053, "max_depth": 5.0, "min_child_weight": 4939.628005263006, "num_boost_round": 37.0, "subsample": 0.966985900299178}, "datetime": {"datetime": "2024-01-20 16:40:20", "elapsed": 11712.934616, "delta": 0.0104}}
{"target": -10.476677024409096, "params": {"colsample_bytree": 0.5204200116436067, "eta": 0.03707016854327001, "gamma": 420.7324330824053, "max_depth": 5.0, "min_child_weight": 4939.628005263006, "num_boost_round": 38.0, "subsample": 0.966985900299178}, "datetime": {"datetime": "2024-01-20 16:40:20", "elapsed": 11712.944336, "delta": 0.00972}}
{"target": -10.476766657014121, "params": {"colsample_bytree": 0.5204200116436067, "eta": 0.03707016854327001, "gamma": 420.7324330824053, "max_depth": 5.0, "min_child_weight": 4939.628005263006, "num_boost_round": 39.0, "subsample": 0.966985900299178}, "datetime": {"datetime": "2024-01-20 16:40:20", "elapsed": 11712.953625, "delta": 0.009289}}
{"target": -10.476966681677101, "params": {"colsample_bytree": 0.5204200116436067, "eta": 0.03707016854327001, "gamma": 420.7324330824053, "max_depth": 5.0, "min_child_weight": 4939.628005263006, "num_boost_round": 40.0, "subsample": 0.966985900299178}, "datetime": {"datetime": "2024-01-20 16:40:20", "elapsed": 11712.963889, "delta": 0.010264}}
{"target": -10.47718039438935, "params": {"colsample_bytree": 0.5204200116436067, "eta": 0.03707016854327001, "gamma": 420.7324330824053, "max_depth": 5.0, "min_child_weight": 4939.628005263006, "num_boost_round": 41.0, "subsample": 0.966985900299178}, "datetime": {"datetime": "2024-01-20 16:40:20", "elapsed": 11712.973997, "delta": 0.010108}}
{"target": -10.477401749140146, "params": {"colsample_bytree": 0.5204200116436067, "eta": 0.03707016854327001, "gamma": 420.7324330824053, "max_depth": 5.0, "min_child_weight": 4939.628005263006, "num_boost_round": 42.0, "subsample": 0.966985900299178}, "datetime": {"datetime": "2024-01-20 16:40:20", "elapsed": 11712.983691, "delta": 0.009694}}
{"target": -10.477865530802443, "params": {"colsample_bytree": 0.5204200116436067, "eta": 0.03707016854327001, "gamma": 420.7324330824053, "max_depth": 5.0, "min_child_weight": 4939.628005263006, "num_boost_round": 43.0, "subsample": 0.966985900299178}, "datetime": {"datetime": "2024-01-20 16:40:20", "elapsed": 11712.993801, "delta": 0.01011}}
{"target": -10.478016895504183, "params": {"colsample_bytree": 0.5204200116436067, "eta": 0.03707016854327001, "gamma": 420.7324330824053, "max_depth": 5.0, "min_child_weight": 4939.628005263006, "num_boost_round": 44.0, "subsample": 0.966985900299178}, "datetime": {"datetime": "2024-01-20 16:40:20", "elapsed": 11713.002942, "delta": 0.009141}}
{"target": -10.478299286129953, "params": {"colsample_bytree": 0.5204200116436067, "eta": 0.03707016854327001, "gamma": 420.7324330824053, "max_depth": 5.0, "min_child_weight": 4939.628005263006, "num_boost_round": 45.0, "subsample": 0.966985900299178}, "datetime": {"datetime": "2024-01-20 16:40:20", "elapsed": 11713.011794, "delta": 0.008852}}
{"target": -10.478593809832322, "params": {"colsample_bytree": 0.5204200116436067, "eta": 0.03707016854327001, "gamma": 420.7324330824053, "max_depth": 5.0, "min_child_weight": 4939.628005263006, "num_boost_round": 46.0, "subsample": 0.966985900299178}, "datetime": {"datetime": "2024-01-20 16:40:20", "elapsed": 11713.020188, "delta": 0.008394}}
{"target": -10.47877492035932, "params": {"colsample_bytree": 0.5204200116436067, "eta": 0.03707016854327001, "gamma": 420.7324330824053, "max_depth": 5.0, "min_child_weight": 4939.628005263006, "num_boost_round": 47.0, "subsample": 0.966985900299178}, "datetime": {"datetime": "2024-01-20 16:40:20", "elapsed": 11713.028639, "delta": 0.008451}}
{"target": -10.478956262735979, "params": {"colsample_bytree": 0.5204200116436067, "eta": 0.03707016854327001, "gamma": 420.7324330824053, "max_depth": 5.0, "min_child_weight": 4939.628005263006, "num_boost_round": 48.0, "subsample": 0.966985900299178}, "datetime": {"datetime": "2024-01-20 16:40:20", "elapsed": 11713.038746, "delta": 0.010107}}
{"target": -10.479011869406106, "params": {"colsample_bytree": 0.5204200116436067, "eta": 0.03707016854327001, "gamma": 420.7324330824053, "max_depth": 5.0, "min_child_weight": 4939.628005263006, "num_boost_round": 49.0, "subsample": 0.966985900299178}, "datetime": {"datetime": "2024-01-20 16:40:21", "elapsed": 11713.048165, "delta": 0.009419}}
{"target": -10.479203612865506, "params": {"colsample_bytree": 0.5204200116436067, "eta": 0.03707016854327001, "gamma": 420.7324330824053, "max_depth": 5.0, "min_child_weight": 4939.628005263006, "num_boost_round": 50.0, "subsample": 0.966985900299178}, "datetime": {"datetime": "2024-01-20 16:40:21", "elapsed": 11713.056892, "delta": 0.008727}}
{"target": -10.476095141331584, "params": {"colsample_bytree": 0.5326379143308245, "eta": 0.018915984193336247, "gamma": 420.8833271919548, "max_depth": 2.0, "min_child_weight": 5016.133306963915, "num_boost_round": 1.0, "subsample": 0.6094008446999022}, "datetime": {"datetime": "2024-01-20 16:43:50", "elapsed": 11922.373252, "delta": 209.31636}}
{"target": -10.47604300393036, "params": {"colsample_bytree": 0.5326379143308245, "eta": 0.018915984193336247, "gamma": 420.8833271919548, "max_depth": 2.0, "min_child_weight": 5016.133306963915, "num_boost_round": 2.0, "subsample": 0.6094008446999022}, "datetime": {"datetime": "2024-01-20 16:43:50", "elapsed": 11922.419166, "delta": 0.045914}}
{"target": -10.475999326097028, "params": {"colsample_bytree": 0.5326379143308245, "eta": 0.018915984193336247, "gamma": 420.8833271919548, "max_depth": 2.0, "min_child_weight": 5016.133306963915, "num_boost_round": 3.0, "subsample": 0.6094008446999022}, "datetime": {"datetime": "2024-01-20 16:43:50", "elapsed": 11922.426382, "delta": 0.007216}}
{"target": -10.475935796729532, "params": {"colsample_bytree": 0.5326379143308245, "eta": 0.018915984193336247, "gamma": 420.8833271919548, "max_depth": 2.0, "min_child_weight": 5016.133306963915, "num_boost_round": 4.0, "subsample": 0.6094008446999022}, "datetime": {"datetime": "2024-01-20 16:43:50", "elapsed": 11922.433502, "delta": 0.00712}}
{"target": -10.475815331870828, "params": {"colsample_bytree": 0.5326379143308245, "eta": 0.018915984193336247, "gamma": 420.8833271919548, "max_depth": 2.0, "min_child_weight": 5016.133306963915, "num_boost_round": 5.0, "subsample": 0.6094008446999022}, "datetime": {"datetime": "2024-01-20 16:43:50", "elapsed": 11922.440253, "delta": 0.006751}}
{"target": -10.47588519553787, "params": {"colsample_bytree": 0.5326379143308245, "eta": 0.018915984193336247, "gamma": 420.8833271919548, "max_depth": 2.0, "min_child_weight": 5016.133306963915, "num_boost_round": 6.0, "subsample": 0.6094008446999022}, "datetime": {"datetime": "2024-01-20 16:43:50", "elapsed": 11922.44705, "delta": 0.006797}}
{"target": -10.475919118548013, "params": {"colsample_bytree": 0.5326379143308245, "eta": 0.018915984193336247, "gamma": 420.8833271919548, "max_depth": 2.0, "min_child_weight": 5016.133306963915, "num_boost_round": 7.0, "subsample": 0.6094008446999022}, "datetime": {"datetime": "2024-01-20 16:43:50", "elapsed": 11922.454023, "delta": 0.006973}}
{"target": -10.475875158365888, "params": {"colsample_bytree": 0.5326379143308245, "eta": 0.018915984193336247, "gamma": 420.8833271919548, "max_depth": 2.0, "min_child_weight": 5016.133306963915, "num_boost_round": 8.0, "subsample": 0.6094008446999022}, "datetime": {"datetime": "2024-01-20 16:43:50", "elapsed": 11922.461581, "delta": 0.007558}}
{"target": -10.475878718195487, "params": {"colsample_bytree": 0.5326379143308245, "eta": 0.018915984193336247, "gamma": 420.8833271919548, "max_depth": 2.0, "min_child_weight": 5016.133306963915, "num_boost_round": 9.0, "subsample": 0.6094008446999022}, "datetime": {"datetime": "2024-01-20 16:43:50", "elapsed": 11922.468874, "delta": 0.007293}}
{"target": -10.475894870808233, "params": {"colsample_bytree": 0.5326379143308245, "eta": 0.018915984193336247, "gamma": 420.8833271919548, "max_depth": 2.0, "min_child_weight": 5016.133306963915, "num_boost_round": 10.0, "subsample": 0.6094008446999022}, "datetime": {"datetime": "2024-01-20 16:43:50", "elapsed": 11922.47664, "delta": 0.007766}}
{"target": -10.475887274883506, "params": {"colsample_bytree": 0.5326379143308245, "eta": 0.018915984193336247, "gamma": 420.8833271919548, "max_depth": 2.0, "min_child_weight": 5016.133306963915, "num_boost_round": 11.0, "subsample": 0.6094008446999022}, "datetime": {"datetime": "2024-01-20 16:43:50", "elapsed": 11922.484, "delta": 0.00736}}
{"target": -10.475944422977154, "params": {"colsample_bytree": 0.5326379143308245, "eta": 0.018915984193336247, "gamma": 420.8833271919548, "max_depth": 2.0, "min_child_weight": 5016.133306963915, "num_boost_round": 12.0, "subsample": 0.6094008446999022}, "datetime": {"datetime": "2024-01-20 16:43:50", "elapsed": 11922.490833, "delta": 0.006833}}
{"target": -10.476004586629934, "params": {"colsample_bytree": 0.5326379143308245, "eta": 0.018915984193336247, "gamma": 420.8833271919548, "max_depth": 2.0, "min_child_weight": 5016.133306963915, "num_boost_round": 13.0, "subsample": 0.6094008446999022}, "datetime": {"datetime": "2024-01-20 16:43:50", "elapsed": 11922.498051, "delta": 0.007218}}
{"target": -10.476014876578828, "params": {"colsample_bytree": 0.5326379143308245, "eta": 0.018915984193336247, "gamma": 420.8833271919548, "max_depth": 2.0, "min_child_weight": 5016.133306963915, "num_boost_round": 14.0, "subsample": 0.6094008446999022}, "datetime": {"datetime": "2024-01-20 16:43:50", "elapsed": 11922.505487, "delta": 0.007436}}
{"target": -10.476059482801867, "params": {"colsample_bytree": 0.5326379143308245, "eta": 0.018915984193336247, "gamma": 420.8833271919548, "max_depth": 2.0, "min_child_weight": 5016.133306963915, "num_boost_round": 15.0, "subsample": 0.6094008446999022}, "datetime": {"datetime": "2024-01-20 16:43:50", "elapsed": 11922.512792, "delta": 0.007305}}
{"target": -10.476062592627382, "params": {"colsample_bytree": 0.5326379143308245, "eta": 0.018915984193336247, "gamma": 420.8833271919548, "max_depth": 2.0, "min_child_weight": 5016.133306963915, "num_boost_round": 16.0, "subsample": 0.6094008446999022}, "datetime": {"datetime": "2024-01-20 16:43:50", "elapsed": 11922.519762, "delta": 0.00697}}
{"target": -10.476075894346376, "params": {"colsample_bytree": 0.5326379143308245, "eta": 0.018915984193336247, "gamma": 420.8833271919548, "max_depth": 2.0, "min_child_weight": 5016.133306963915, "num_boost_round": 17.0, "subsample": 0.6094008446999022}, "datetime": {"datetime": "2024-01-20 16:43:50", "elapsed": 11922.526544, "delta": 0.006782}}
{"target": -10.476133254939011, "params": {"colsample_bytree": 0.5326379143308245, "eta": 0.018915984193336247, "gamma": 420.8833271919548, "max_depth": 2.0, "min_child_weight": 5016.133306963915, "num_boost_round": 18.0, "subsample": 0.6094008446999022}, "datetime": {"datetime": "2024-01-20 16:43:50", "elapsed": 11922.533354, "delta": 0.00681}}
{"target": -10.476104953865413, "params": {"colsample_bytree": 0.5326379143308245, "eta": 0.018915984193336247, "gamma": 420.8833271919548, "max_depth": 2.0, "min_child_weight": 5016.133306963915, "num_boost_round": 19.0, "subsample": 0.6094008446999022}, "datetime": {"datetime": "2024-01-20 16:43:50", "elapsed": 11922.540208, "delta": 0.006854}}
{"target": -10.476143151940938, "params": {"colsample_bytree": 0.5326379143308245, "eta": 0.018915984193336247, "gamma": 420.8833271919548, "max_depth": 2.0, "min_child_weight": 5016.133306963915, "num_boost_round": 20.0, "subsample": 0.6094008446999022}, "datetime": {"datetime": "2024-01-20 16:43:50", "elapsed": 11922.547489, "delta": 0.007281}}
