{"target": -15.156426842025809, "params": {"colsample_bytree": 0.4049600513879774, "eta": 0.06488362016193666, "gamma": 526.1569083265886, "max_depth": 9.0, "min_child_weight": 4158.4104594245255, "num_boost_round": 22.0, "subsample": 0.4031300263539237}, "datetime": {"datetime": "2024-01-20 15:47:09", "elapsed": 4987.230836, "delta": 0.005255}}
{"target": -15.15610198510584, "params": {"colsample_bytree": 0.4049600513879774, "eta": 0.06488362016193666, "gamma": 526.1569083265886, "max_depth": 9.0, "min_child_weight": 4158.4104594245255, "num_boost_round": 23.0, "subsample": 0.4031300263539237}, "datetime": {"datetime": "2024-01-20 15:47:09", "elapsed": 4987.236256, "delta": 0.00542}}
{"target": -15.155578212561062, "params": {"colsample_bytree": 0.4049600513879774, "eta": 0.06488362016193666, "gamma": 526.1569083265886, "max_depth": 9.0, "min_child_weight": 4158.4104594245255, "num_boost_round": 24.0, "subsample": 0.4031300263539237}, "datetime": {"datetime": "2024-01-20 15:47:09", "elapsed": 4987.241249, "delta": 0.004993}}
{"target": -15.155804811506297, "params": {"colsample_bytree": 0.4049600513879774, "eta": 0.06488362016193666, "gamma": 526.1569083265886, "max_depth": 9.0, "min_child_weight": 4158.4104594245255, "num_boost_round": 25.0, "subsample": 0.4031300263539237}, "datetime": {"datetime": "2024-01-20 15:47:09", "elapsed": 4987.246255, "delta": 0.005006}}
{"target": -15.15555373079578, "params": {"colsample_bytree": 0.4049600513879774, "eta": 0.06488362016193666, "gamma": 526.1569083265886, "max_depth": 9.0, "min_child_weight": 4158.4104594245255, "num_boost_round": 26.0, "subsample": 0.4031300263539237}, "datetime": {"datetime": "2024-01-20 15:47:09", "elapsed": 4987.251306, "delta": 0.005051}}
{"target": -15.155523508103624, "params": {"colsample_bytree": 0.4049600513879774, "eta": 0.06488362016193666, "gamma": 526.1569083265886, "max_depth": 9.0, "min_child_weight": 4158.4104594245255, "num_boost_round": 27.0, "subsample": 0.4031300263539237}, "datetime": {"datetime": "2024-01-20 15:47:09", "elapsed": 4987.256326, "delta": 0.00502}}
{"target": -15.155539977585528, "params": {"colsample_bytree": 0.4049600513879774, "eta": 0.06488362016193666, "gamma": 526.1569083265886, "max_depth": 9.0, "min_child_weight": 4158.4104594245255, "num_boost_round": 28.0, "subsample": 0.4031300263539237}, "datetime": {"datetime": "2024-01-20 15:47:09", "elapsed": 4987.26136, "delta": 0.005034}}
{"target": -15.15448047798574, "params": {"colsample_bytree": 0.4049600513879774, "eta": 0.06488362016193666, "gamma": 526.1569083265886, "max_depth": 9.0, "min_child_weight": 4158.4104594245255, "num_boost_round": 29.0, "subsample": 0.4031300263539237}, "datetime": {"datetime": "2024-01-20 15:47:09", "elapsed": 4987.267074, "delta": 0.005714}}
{"target": -15.154822898944161, "params": {"colsample_bytree": 0.4049600513879774, "eta": 0.06488362016193666, "gamma": 526.1569083265886, "max_depth": 9.0, "min_child_weight": 4158.4104594245255, "num_boost_round": 30.0, "subsample": 0.4031300263539237}, "datetime": {"datetime": "2024-01-20 15:47:09", "elapsed": 4987.272486, "delta": 0.005412}}
{"target": -15.154670754123034, "params": {"colsample_bytree": 0.4049600513879774, "eta": 0.06488362016193666, "gamma": 526.1569083265886, "max_depth": 9.0, "min_child_weight": 4158.4104594245255, "num_boost_round": 31.0, "subsample": 0.4031300263539237}, "datetime": {"datetime": "2024-01-20 15:47:09", "elapsed": 4987.277612, "delta": 0.005126}}
{"target": -15.154846304583804, "params": {"colsample_bytree": 0.4049600513879774, "eta": 0.06488362016193666, "gamma": 526.1569083265886, "max_depth": 9.0, "min_child_weight": 4158.4104594245255, "num_boost_round": 32.0, "subsample": 0.4031300263539237}, "datetime": {"datetime": "2024-01-20 15:47:09", "elapsed": 4987.282901, "delta": 0.005289}}
{"target": -15.15475031829234, "params": {"colsample_bytree": 0.4049600513879774, "eta": 0.06488362016193666, "gamma": 526.1569083265886, "max_depth": 9.0, "min_child_weight": 4158.4104594245255, "num_boost_round": 33.0, "subsample": 0.4031300263539237}, "datetime": {"datetime": "2024-01-20 15:47:09", "elapsed": 4987.288046, "delta": 0.005145}}
{"target": -15.154877381942214, "params": {"colsample_bytree": 0.4049600513879774, "eta": 0.06488362016193666, "gamma": 526.1569083265886, "max_depth": 9.0, "min_child_weight": 4158.4104594245255, "num_boost_round": 34.0, "subsample": 0.4031300263539237}, "datetime": {"datetime": "2024-01-20 15:47:09", "elapsed": 4987.293486, "delta": 0.00544}}
{"target": -15.155376570574557, "params": {"colsample_bytree": 0.4049600513879774, "eta": 0.06488362016193666, "gamma": 526.1569083265886, "max_depth": 9.0, "min_child_weight": 4158.4104594245255, "num_boost_round": 35.0, "subsample": 0.4031300263539237}, "datetime": {"datetime": "2024-01-20 15:47:09", "elapsed": 4987.299048, "delta": 0.005562}}
{"target": -15.155910984215078, "params": {"colsample_bytree": 0.4049600513879774, "eta": 0.06488362016193666, "gamma": 526.1569083265886, "max_depth": 9.0, "min_child_weight": 4158.4104594245255, "num_boost_round": 36.0, "subsample": 0.4031300263539237}, "datetime": {"datetime": "2024-01-20 15:47:09", "elapsed": 4987.304046, "delta": 0.004998}}
{"target": -15.155898806220254, "params": {"colsample_bytree": 0.4049600513879774, "eta": 0.06488362016193666, "gamma": 526.1569083265886, "max_depth": 9.0, "min_child_weight": 4158.4104594245255, "num_boost_round": 37.0, "subsample": 0.4031300263539237}, "datetime": {"datetime": "2024-01-20 15:47:09", "elapsed": 4987.30903, "delta": 0.004984}}
{"target": -15.156416736512313, "params": {"colsample_bytree": 0.4049600513879774, "eta": 0.06488362016193666, "gamma": 526.1569083265886, "max_depth": 9.0, "min_child_weight": 4158.4104594245255, "num_boost_round": 38.0, "subsample": 0.4031300263539237}, "datetime": {"datetime": "2024-01-20 15:47:09", "elapsed": 4987.314117, "delta": 0.005087}}
{"target": -15.156771290824393, "params": {"colsample_bytree": 0.4049600513879774, "eta": 0.06488362016193666, "gamma": 526.1569083265886, "max_depth": 9.0, "min_child_weight": 4158.4104594245255, "num_boost_round": 39.0, "subsample": 0.4031300263539237}, "datetime": {"datetime": "2024-01-20 15:47:09", "elapsed": 4987.319153, "delta": 0.005036}}
{"target": -15.156950219767557, "params": {"colsample_bytree": 0.4049600513879774, "eta": 0.06488362016193666, "gamma": 526.1569083265886, "max_depth": 9.0, "min_child_weight": 4158.4104594245255, "num_boost_round": 40.0, "subsample": 0.4031300263539237}, "datetime": {"datetime": "2024-01-20 15:47:09", "elapsed": 4987.324151, "delta": 0.004998}}
{"target": -15.157722010197016, "params": {"colsample_bytree": 0.4049600513879774, "eta": 0.06488362016193666, "gamma": 526.1569083265886, "max_depth": 9.0, "min_child_weight": 4158.4104594245255, "num_boost_round": 41.0, "subsample": 0.4031300263539237}, "datetime": {"datetime": "2024-01-20 15:47:09", "elapsed": 4987.329215, "delta": 0.005064}}
{"target": -15.157769125331509, "params": {"colsample_bytree": 0.4049600513879774, "eta": 0.06488362016193666, "gamma": 526.1569083265886, "max_depth": 9.0, "min_child_weight": 4158.4104594245255, "num_boost_round": 42.0, "subsample": 0.4031300263539237}, "datetime": {"datetime": "2024-01-20 15:47:09", "elapsed": 4987.334262, "delta": 0.005047}}
{"target": -15.157741559107892, "params": {"colsample_bytree": 0.4049600513879774, "eta": 0.06488362016193666, "gamma": 526.1569083265886, "max_depth": 9.0, "min_child_weight": 4158.4104594245255, "num_boost_round": 43.0, "subsample": 0.4031300263539237}, "datetime": {"datetime": "2024-01-20 15:47:09", "elapsed": 4987.339276, "delta": 0.005014}}
{"target": -15.15749667769365, "params": {"colsample_bytree": 0.4049600513879774, "eta": 0.06488362016193666, "gamma": 526.1569083265886, "max_depth": 9.0, "min_child_weight": 4158.4104594245255, "num_boost_round": 44.0, "subsample": 0.4031300263539237}, "datetime": {"datetime": "2024-01-20 15:47:09", "elapsed": 4987.344459, "delta": 0.005183}}
{"target": -15.157618341905241, "params": {"colsample_bytree": 0.4049600513879774, "eta": 0.06488362016193666, "gamma": 526.1569083265886, "max_depth": 9.0, "min_child_weight": 4158.4104594245255, "num_boost_round": 45.0, "subsample": 0.4031300263539237}, "datetime": {"datetime": "2024-01-20 15:47:09", "elapsed": 4987.349648, "delta": 0.005189}}
{"target": -15.157776885274597, "params": {"colsample_bytree": 0.4049600513879774, "eta": 0.06488362016193666, "gamma": 526.1569083265886, "max_depth": 9.0, "min_child_weight": 4158.4104594245255, "num_boost_round": 46.0, "subsample": 0.4031300263539237}, "datetime": {"datetime": "2024-01-20 15:47:09", "elapsed": 4987.354958, "delta": 0.00531}}
{"target": -15.158325383044218, "params": {"colsample_bytree": 0.4049600513879774, "eta": 0.06488362016193666, "gamma": 526.1569083265886, "max_depth": 9.0, "min_child_weight": 4158.4104594245255, "num_boost_round": 47.0, "subsample": 0.4031300263539237}, "datetime": {"datetime": "2024-01-20 15:47:09", "elapsed": 4987.36045, "delta": 0.005492}}
{"target": -15.158488954393043, "params": {"colsample_bytree": 0.4049600513879774, "eta": 0.06488362016193666, "gamma": 526.1569083265886, "max_depth": 9.0, "min_child_weight": 4158.4104594245255, "num_boost_round": 48.0, "subsample": 0.4031300263539237}, "datetime": {"datetime": "2024-01-20 15:47:09", "elapsed": 4987.365616, "delta": 0.005166}}
{"target": -15.158688991806592, "params": {"colsample_bytree": 0.4049600513879774, "eta": 0.06488362016193666, "gamma": 526.1569083265886, "max_depth": 9.0, "min_child_weight": 4158.4104594245255, "num_boost_round": 49.0, "subsample": 0.4031300263539237}, "datetime": {"datetime": "2024-01-20 15:47:09", "elapsed": 4987.370996, "delta": 0.00538}}
{"target": -15.158922430720636, "params": {"colsample_bytree": 0.4049600513879774, "eta": 0.06488362016193666, "gamma": 526.1569083265886, "max_depth": 9.0, "min_child_weight": 4158.4104594245255, "num_boost_round": 50.0, "subsample": 0.4031300263539237}, "datetime": {"datetime": "2024-01-20 15:47:09", "elapsed": 4987.376154, "delta": 0.005158}}
{"target": -15.159038895670841, "params": {"colsample_bytree": 0.4049600513879774, "eta": 0.06488362016193666, "gamma": 526.1569083265886, "max_depth": 9.0, "min_child_weight": 4158.4104594245255, "num_boost_round": 51.0, "subsample": 0.4031300263539237}, "datetime": {"datetime": "2024-01-20 15:47:09", "elapsed": 4987.381232, "delta": 0.005078}}
{"target": -15.159405157910873, "params": {"colsample_bytree": 0.4049600513879774, "eta": 0.06488362016193666, "gamma": 526.1569083265886, "max_depth": 9.0, "min_child_weight": 4158.4104594245255, "num_boost_round": 52.0, "subsample": 0.4031300263539237}, "datetime": {"datetime": "2024-01-20 15:47:09", "elapsed": 4987.386225, "delta": 0.004993}}
{"target": -15.159755935986148, "params": {"colsample_bytree": 0.4049600513879774, "eta": 0.06488362016193666, "gamma": 526.1569083265886, "max_depth": 9.0, "min_child_weight": 4158.4104594245255, "num_boost_round": 53.0, "subsample": 0.4031300263539237}, "datetime": {"datetime": "2024-01-20 15:47:09", "elapsed": 4987.391346, "delta": 0.005121}}
{"target": -15.16005330839316, "params": {"colsample_bytree": 0.4049600513879774, "eta": 0.06488362016193666, "gamma": 526.1569083265886, "max_depth": 9.0, "min_child_weight": 4158.4104594245255, "num_boost_round": 54.0, "subsample": 0.4031300263539237}, "datetime": {"datetime": "2024-01-20 15:47:09", "elapsed": 4987.396464, "delta": 0.005118}}
{"target": -15.160377125903562, "params": {"colsample_bytree": 0.4049600513879774, "eta": 0.06488362016193666, "gamma": 526.1569083265886, "max_depth": 9.0, "min_child_weight": 4158.4104594245255, "num_boost_round": 55.0, "subsample": 0.4031300263539237}, "datetime": {"datetime": "2024-01-20 15:47:09", "elapsed": 4987.401748, "delta": 0.005284}}
{"target": -15.16081638385694, "params": {"colsample_bytree": 0.4049600513879774, "eta": 0.06488362016193666, "gamma": 526.1569083265886, "max_depth": 9.0, "min_child_weight": 4158.4104594245255, "num_boost_round": 56.0, "subsample": 0.4031300263539237}, "datetime": {"datetime": "2024-01-20 15:47:09", "elapsed": 4987.406795, "delta": 0.005047}}
{"target": -15.161184252871209, "params": {"colsample_bytree": 0.4049600513879774, "eta": 0.06488362016193666, "gamma": 526.1569083265886, "max_depth": 9.0, "min_child_weight": 4158.4104594245255, "num_boost_round": 57.0, "subsample": 0.4031300263539237}, "datetime": {"datetime": "2024-01-20 15:47:09", "elapsed": 4987.412039, "delta": 0.005244}}
{"target": -15.161371962472849, "params": {"colsample_bytree": 0.4049600513879774, "eta": 0.06488362016193666, "gamma": 526.1569083265886, "max_depth": 9.0, "min_child_weight": 4158.4104594245255, "num_boost_round": 58.0, "subsample": 0.4031300263539237}, "datetime": {"datetime": "2024-01-20 15:47:09", "elapsed": 4987.417367, "delta": 0.005328}}
{"target": -15.170885242807461, "params": {"colsample_bytree": 0.9945965990964548, "eta": 0.0335977771844093, "gamma": 618.4800941873364, "max_depth": 5.0, "min_child_weight": 4183.649414681122, "num_boost_round": 1.0, "subsample": 0.7502865174848717}, "datetime": {"datetime": "2024-01-20 15:48:50", "elapsed": 5088.246616, "delta": 100.829249}}
{"target": -15.16899273780828, "params": {"colsample_bytree": 0.9945965990964548, "eta": 0.0335977771844093, "gamma": 618.4800941873364, "max_depth": 5.0, "min_child_weight": 4183.649414681122, "num_boost_round": 2.0, "subsample": 0.7502865174848717}, "datetime": {"datetime": "2024-01-20 15:48:50", "elapsed": 5088.253373, "delta": 0.006757}}
{"target": -15.167096205155145, "params": {"colsample_bytree": 0.9945965990964548, "eta": 0.0335977771844093, "gamma": 618.4800941873364, "max_depth": 5.0, "min_child_weight": 4183.649414681122, "num_boost_round": 3.0, "subsample": 0.7502865174848717}, "datetime": {"datetime": "2024-01-20 15:48:50", "elapsed": 5088.258377, "delta": 0.005004}}
{"target": -15.165406654525125, "params": {"colsample_bytree": 0.9945965990964548, "eta": 0.0335977771844093, "gamma": 618.4800941873364, "max_depth": 5.0, "min_child_weight": 4183.649414681122, "num_boost_round": 4.0, "subsample": 0.7502865174848717}, "datetime": {"datetime": "2024-01-20 15:48:50", "elapsed": 5088.263492, "delta": 0.005115}}
{"target": -15.163871463141657, "params": {"colsample_bytree": 0.9945965990964548, "eta": 0.0335977771844093, "gamma": 618.4800941873364, "max_depth": 5.0, "min_child_weight": 4183.649414681122, "num_boost_round": 5.0, "subsample": 0.7502865174848717}, "datetime": {"datetime": "2024-01-20 15:48:50", "elapsed": 5088.268533, "delta": 0.005041}}
{"target": -15.162451083920963, "params": {"colsample_bytree": 0.9945965990964548, "eta": 0.0335977771844093, "gamma": 618.4800941873364, "max_depth": 5.0, "min_child_weight": 4183.649414681122, "num_boost_round": 6.0, "subsample": 0.7502865174848717}, "datetime": {"datetime": "2024-01-20 15:48:50", "elapsed": 5088.273786, "delta": 0.005253}}
{"target": -15.16144554457198, "params": {"colsample_bytree": 0.9945965990964548, "eta": 0.0335977771844093, "gamma": 618.4800941873364, "max_depth": 5.0, "min_child_weight": 4183.649414681122, "num_boost_round": 7.0, "subsample": 0.7502865174848717}, "datetime": {"datetime": "2024-01-20 15:48:50", "elapsed": 5088.279069, "delta": 0.005283}}
{"target": -15.160509407289425, "params": {"colsample_bytree": 0.9945965990964548, "eta": 0.0335977771844093, "gamma": 618.4800941873364, "max_depth": 5.0, "min_child_weight": 4183.649414681122, "num_boost_round": 8.0, "subsample": 0.7502865174848717}, "datetime": {"datetime": "2024-01-20 15:48:50", "elapsed": 5088.285368, "delta": 0.006299}}
{"target": -15.159805825385703, "params": {"colsample_bytree": 0.9945965990964548, "eta": 0.0335977771844093, "gamma": 618.4800941873364, "max_depth": 5.0, "min_child_weight": 4183.649414681122, "num_boost_round": 9.0, "subsample": 0.7502865174848717}, "datetime": {"datetime": "2024-01-20 15:48:50", "elapsed": 5088.291, "delta": 0.005632}}
{"target": -15.159575381226905, "params": {"colsample_bytree": 0.9945965990964548, "eta": 0.0335977771844093, "gamma": 618.4800941873364, "max_depth": 5.0, "min_child_weight": 4183.649414681122, "num_boost_round": 10.0, "subsample": 0.7502865174848717}, "datetime": {"datetime": "2024-01-20 15:48:50", "elapsed": 5088.296174, "delta": 0.005174}}
{"target": -15.158813560440883, "params": {"colsample_bytree": 0.9945965990964548, "eta": 0.0335977771844093, "gamma": 618.4800941873364, "max_depth": 5.0, "min_child_weight": 4183.649414681122, "num_boost_round": 11.0, "subsample": 0.7502865174848717}, "datetime": {"datetime": "2024-01-20 15:48:50", "elapsed": 5088.301364, "delta": 0.00519}}
{"target": -15.158689867969048, "params": {"colsample_bytree": 0.9945965990964548, "eta": 0.0335977771844093, "gamma": 618.4800941873364, "max_depth": 5.0, "min_child_weight": 4183.649414681122, "num_boost_round": 12.0, "subsample": 0.7502865174848717}, "datetime": {"datetime": "2024-01-20 15:48:50", "elapsed": 5088.306551, "delta": 0.005187}}
{"target": -15.158168304460947, "params": {"colsample_bytree": 0.9945965990964548, "eta": 0.0335977771844093, "gamma": 618.4800941873364, "max_depth": 5.0, "min_child_weight": 4183.649414681122, "num_boost_round": 13.0, "subsample": 0.7502865174848717}, "datetime": {"datetime": "2024-01-20 15:48:50", "elapsed": 5088.31195, "delta": 0.005399}}
{"target": -15.157808699696794, "params": {"colsample_bytree": 0.9945965990964548, "eta": 0.0335977771844093, "gamma": 618.4800941873364, "max_depth": 5.0, "min_child_weight": 4183.649414681122, "num_boost_round": 14.0, "subsample": 0.7502865174848717}, "datetime": {"datetime": "2024-01-20 15:48:50", "elapsed": 5088.317693, "delta": 0.005743}}
{"target": -15.15796536094952, "params": {"colsample_bytree": 0.9945965990964548, "eta": 0.0335977771844093, "gamma": 618.4800941873364, "max_depth": 5.0, "min_child_weight": 4183.649414681122, "num_boost_round": 15.0, "subsample": 0.7502865174848717}, "datetime": {"datetime": "2024-01-20 15:48:50", "elapsed": 5088.324202, "delta": 0.006509}}
{"target": -15.157623267668697, "params": {"colsample_bytree": 0.9945965990964548, "eta": 0.0335977771844093, "gamma": 618.4800941873364, "max_depth": 5.0, "min_child_weight": 4183.649414681122, "num_boost_round": 16.0, "subsample": 0.7502865174848717}, "datetime": {"datetime": "2024-01-20 15:48:50", "elapsed": 5088.329593, "delta": 0.005391}}
{"target": -15.157566616362976, "params": {"colsample_bytree": 0.9945965990964548, "eta": 0.0335977771844093, "gamma": 618.4800941873364, "max_depth": 5.0, "min_child_weight": 4183.649414681122, "num_boost_round": 17.0, "subsample": 0.7502865174848717}, "datetime": {"datetime": "2024-01-20 15:48:50", "elapsed": 5088.334751, "delta": 0.005158}}
{"target": -15.157357605118255, "params": {"colsample_bytree": 0.9945965990964548, "eta": 0.0335977771844093, "gamma": 618.4800941873364, "max_depth": 5.0, "min_child_weight": 4183.649414681122, "num_boost_round": 18.0, "subsample": 0.7502865174848717}, "datetime": {"datetime": "2024-01-20 15:48:50", "elapsed": 5088.339842, "delta": 0.005091}}
{"target": -15.157420272439893, "params": {"colsample_bytree": 0.9945965990964548, "eta": 0.0335977771844093, "gamma": 618.4800941873364, "max_depth": 5.0, "min_child_weight": 4183.649414681122, "num_boost_round": 19.0, "subsample": 0.7502865174848717}, "datetime": {"datetime": "2024-01-20 15:48:50", "elapsed": 5088.345015, "delta": 0.005173}}
{"target": -15.1571348908986, "params": {"colsample_bytree": 0.9945965990964548, "eta": 0.0335977771844093, "gamma": 618.4800941873364, "max_depth": 5.0, "min_child_weight": 4183.649414681122, "num_boost_round": 20.0, "subsample": 0.7502865174848717}, "datetime": {"datetime": "2024-01-20 15:48:50", "elapsed": 5088.350025, "delta": 0.00501}}
{"target": -15.15670613141662, "params": {"colsample_bytree": 0.9945965990964548, "eta": 0.0335977771844093, "gamma": 618.4800941873364, "max_depth": 5.0, "min_child_weight": 4183.649414681122, "num_boost_round": 21.0, "subsample": 0.7502865174848717}, "datetime": {"datetime": "2024-01-20 15:48:50", "elapsed": 5088.355278, "delta": 0.005253}}
{"target": -15.15660121738901, "params": {"colsample_bytree": 0.9945965990964548, "eta": 0.0335977771844093, "gamma": 618.4800941873364, "max_depth": 5.0, "min_child_weight": 4183.649414681122, "num_boost_round": 22.0, "subsample": 0.7502865174848717}, "datetime": {"datetime": "2024-01-20 15:48:50", "elapsed": 5088.360954, "delta": 0.005676}}
{"target": -15.157048752159211, "params": {"colsample_bytree": 0.9945965990964548, "eta": 0.0335977771844093, "gamma": 618.4800941873364, "max_depth": 5.0, "min_child_weight": 4183.649414681122, "num_boost_round": 23.0, "subsample": 0.7502865174848717}, "datetime": {"datetime": "2024-01-20 15:48:50", "elapsed": 5088.367312, "delta": 0.006358}}
{"target": -15.157168713457708, "params": {"colsample_bytree": 0.9945965990964548, "eta": 0.0335977771844093, "gamma": 618.4800941873364, "max_depth": 5.0, "min_child_weight": 4183.649414681122, "num_boost_round": 24.0, "subsample": 0.7502865174848717}, "datetime": {"datetime": "2024-01-20 15:48:51", "elapsed": 5088.671001, "delta": 0.303689}}
{"target": -15.156940768425104, "params": {"colsample_bytree": 0.9945965990964548, "eta": 0.0335977771844093, "gamma": 618.4800941873364, "max_depth": 5.0, "min_child_weight": 4183.649414681122, "num_boost_round": 25.0, "subsample": 0.7502865174848717}, "datetime": {"datetime": "2024-01-20 15:48:51", "elapsed": 5088.677829, "delta": 0.006828}}
{"target": -15.156970021763522, "params": {"colsample_bytree": 0.9945965990964548, "eta": 0.0335977771844093, "gamma": 618.4800941873364, "max_depth": 5.0, "min_child_weight": 4183.649414681122, "num_boost_round": 26.0, "subsample": 0.7502865174848717}, "datetime": {"datetime": "2024-01-20 15:48:51", "elapsed": 5088.683599, "delta": 0.00577}}
