{"target": -10.47422180907941, "params": {"colsample_bytree": 0.7649971634762158, "eta": 0.03828144661414581, "gamma": 279.91397626500816, "max_depth": 7.0, "min_child_weight": 4854.571285554685, "num_boost_round": 28.0, "subsample": 0.28712103417794455}, "datetime": {"datetime": "2024-01-20 15:49:38", "elapsed": 8670.818021, "delta": 0.006051}}
{"target": -10.474337690772249, "params": {"colsample_bytree": 0.7649971634762158, "eta": 0.03828144661414581, "gamma": 279.91397626500816, "max_depth": 7.0, "min_child_weight": 4854.571285554685, "num_boost_round": 29.0, "subsample": 0.28712103417794455}, "datetime": {"datetime": "2024-01-20 15:49:38", "elapsed": 8670.824005, "delta": 0.005984}}
{"target": -10.474289885435365, "params": {"colsample_bytree": 0.7649971634762158, "eta": 0.03828144661414581, "gamma": 279.91397626500816, "max_depth": 7.0, "min_child_weight": 4854.571285554685, "num_boost_round": 30.0, "subsample": 0.28712103417794455}, "datetime": {"datetime": "2024-01-20 15:49:39", "elapsed": 8671.195445, "delta": 0.37144}}
{"target": -10.474291746870428, "params": {"colsample_bytree": 0.7649971634762158, "eta": 0.03828144661414581, "gamma": 279.91397626500816, "max_depth": 7.0, "min_child_weight": 4854.571285554685, "num_boost_round": 31.0, "subsample": 0.28712103417794455}, "datetime": {"datetime": "2024-01-20 15:49:39", "elapsed": 8671.204215, "delta": 0.00877}}
{"target": -10.474456342061968, "params": {"colsample_bytree": 0.7649971634762158, "eta": 0.03828144661414581, "gamma": 279.91397626500816, "max_depth": 7.0, "min_child_weight": 4854.571285554685, "num_boost_round": 32.0, "subsample": 0.28712103417794455}, "datetime": {"datetime": "2024-01-20 15:49:39", "elapsed": 8671.210722, "delta": 0.006507}}
{"target": -10.474476936081455, "params": {"colsample_bytree": 0.7649971634762158, "eta": 0.03828144661414581, "gamma": 279.91397626500816, "max_depth": 7.0, "min_child_weight": 4854.571285554685, "num_boost_round": 33.0, "subsample": 0.28712103417794455}, "datetime": {"datetime": "2024-01-20 15:49:39", "elapsed": 8671.217016, "delta": 0.006294}}
{"target": -10.474499742669561, "params": {"colsample_bytree": 0.7649971634762158, "eta": 0.03828144661414581, "gamma": 279.91397626500816, "max_depth": 7.0, "min_child_weight": 4854.571285554685, "num_boost_round": 34.0, "subsample": 0.28712103417794455}, "datetime": {"datetime": "2024-01-20 15:49:39", "elapsed": 8671.223095, "delta": 0.006079}}
{"target": -10.474728668718889, "params": {"colsample_bytree": 0.7649971634762158, "eta": 0.03828144661414581, "gamma": 279.91397626500816, "max_depth": 7.0, "min_child_weight": 4854.571285554685, "num_boost_round": 35.0, "subsample": 0.28712103417794455}, "datetime": {"datetime": "2024-01-20 15:49:39", "elapsed": 8671.229004, "delta": 0.005909}}
{"target": -10.474672885735664, "params": {"colsample_bytree": 0.7649971634762158, "eta": 0.03828144661414581, "gamma": 279.91397626500816, "max_depth": 7.0, "min_child_weight": 4854.571285554685, "num_boost_round": 36.0, "subsample": 0.28712103417794455}, "datetime": {"datetime": "2024-01-20 15:49:39", "elapsed": 8671.234965, "delta": 0.005961}}
{"target": -10.474775978064368, "params": {"colsample_bytree": 0.7649971634762158, "eta": 0.03828144661414581, "gamma": 279.91397626500816, "max_depth": 7.0, "min_child_weight": 4854.571285554685, "num_boost_round": 37.0, "subsample": 0.28712103417794455}, "datetime": {"datetime": "2024-01-20 15:49:39", "elapsed": 8671.240889, "delta": 0.005924}}
{"target": -10.476070978985405, "params": {"colsample_bytree": 0.26196212826348253, "eta": 0.026439572256012428, "gamma": 200.6312289034764, "max_depth": 4.0, "min_child_weight": 4840.398333102698, "num_boost_round": 1.0, "subsample": 0.20973847331798562}, "datetime": {"datetime": "2024-01-20 15:51:32", "elapsed": 8784.784572, "delta": 113.543683}}
{"target": -10.476025870930204, "params": {"colsample_bytree": 0.26196212826348253, "eta": 0.026439572256012428, "gamma": 200.6312289034764, "max_depth": 4.0, "min_child_weight": 4840.398333102698, "num_boost_round": 2.0, "subsample": 0.20973847331798562}, "datetime": {"datetime": "2024-01-20 15:51:32", "elapsed": 8784.791548, "delta": 0.006976}}
{"target": -10.475934612721842, "params": {"colsample_bytree": 0.26196212826348253, "eta": 0.026439572256012428, "gamma": 200.6312289034764, "max_depth": 4.0, "min_child_weight": 4840.398333102698, "num_boost_round": 3.0, "subsample": 0.20973847331798562}, "datetime": {"datetime": "2024-01-20 15:51:32", "elapsed": 8784.797347, "delta": 0.005799}}
{"target": -10.4758392110551, "params": {"colsample_bytree": 0.26196212826348253, "eta": 0.026439572256012428, "gamma": 200.6312289034764, "max_depth": 4.0, "min_child_weight": 4840.398333102698, "num_boost_round": 4.0, "subsample": 0.20973847331798562}, "datetime": {"datetime": "2024-01-20 15:51:32", "elapsed": 8784.803032, "delta": 0.005685}}
{"target": -10.475869339601315, "params": {"colsample_bytree": 0.26196212826348253, "eta": 0.026439572256012428, "gamma": 200.6312289034764, "max_depth": 4.0, "min_child_weight": 4840.398333102698, "num_boost_round": 5.0, "subsample": 0.20973847331798562}, "datetime": {"datetime": "2024-01-20 15:51:32", "elapsed": 8784.808856, "delta": 0.005824}}
{"target": -10.475846555995934, "params": {"colsample_bytree": 0.26196212826348253, "eta": 0.026439572256012428, "gamma": 200.6312289034764, "max_depth": 4.0, "min_child_weight": 4840.398333102698, "num_boost_round": 6.0, "subsample": 0.20973847331798562}, "datetime": {"datetime": "2024-01-20 15:51:32", "elapsed": 8784.814711, "delta": 0.005855}}
{"target": -10.475736836700609, "params": {"colsample_bytree": 0.26196212826348253, "eta": 0.026439572256012428, "gamma": 200.6312289034764, "max_depth": 4.0, "min_child_weight": 4840.398333102698, "num_boost_round": 7.0, "subsample": 0.20973847331798562}, "datetime": {"datetime": "2024-01-20 15:51:32", "elapsed": 8784.820496, "delta": 0.005785}}
{"target": -10.475709531056339, "params": {"colsample_bytree": 0.26196212826348253, "eta": 0.026439572256012428, "gamma": 200.6312289034764, "max_depth": 4.0, "min_child_weight": 4840.398333102698, "num_boost_round": 8.0, "subsample": 0.20973847331798562}, "datetime": {"datetime": "2024-01-20 15:51:32", "elapsed": 8784.826359, "delta": 0.005863}}
{"target": -10.475669026398231, "params": {"colsample_bytree": 0.26196212826348253, "eta": 0.026439572256012428, "gamma": 200.6312289034764, "max_depth": 4.0, "min_child_weight": 4840.398333102698, "num_boost_round": 9.0, "subsample": 0.20973847331798562}, "datetime": {"datetime": "2024-01-20 15:51:32", "elapsed": 8784.832061, "delta": 0.005702}}
{"target": -10.475768118729107, "params": {"colsample_bytree": 0.26196212826348253, "eta": 0.026439572256012428, "gamma": 200.6312289034764, "max_depth": 4.0, "min_child_weight": 4840.398333102698, "num_boost_round": 10.0, "subsample": 0.20973847331798562}, "datetime": {"datetime": "2024-01-20 15:51:32", "elapsed": 8784.837856, "delta": 0.005795}}
{"target": -10.475714045908893, "params": {"colsample_bytree": 0.26196212826348253, "eta": 0.026439572256012428, "gamma": 200.6312289034764, "max_depth": 4.0, "min_child_weight": 4840.398333102698, "num_boost_round": 11.0, "subsample": 0.20973847331798562}, "datetime": {"datetime": "2024-01-20 15:51:32", "elapsed": 8784.843619, "delta": 0.005763}}
{"target": -10.475733371404367, "params": {"colsample_bytree": 0.26196212826348253, "eta": 0.026439572256012428, "gamma": 200.6312289034764, "max_depth": 4.0, "min_child_weight": 4840.398333102698, "num_boost_round": 12.0, "subsample": 0.20973847331798562}, "datetime": {"datetime": "2024-01-20 15:51:32", "elapsed": 8784.849382, "delta": 0.005763}}
{"target": -10.475695195545772, "params": {"colsample_bytree": 0.26196212826348253, "eta": 0.026439572256012428, "gamma": 200.6312289034764, "max_depth": 4.0, "min_child_weight": 4840.398333102698, "num_boost_round": 13.0, "subsample": 0.20973847331798562}, "datetime": {"datetime": "2024-01-20 15:51:32", "elapsed": 8784.855341, "delta": 0.005959}}
{"target": -10.475713114765455, "params": {"colsample_bytree": 0.26196212826348253, "eta": 0.026439572256012428, "gamma": 200.6312289034764, "max_depth": 4.0, "min_child_weight": 4840.398333102698, "num_boost_round": 14.0, "subsample": 0.20973847331798562}, "datetime": {"datetime": "2024-01-20 15:51:32", "elapsed": 8784.861358, "delta": 0.006017}}
{"target": -10.475844317973573, "params": {"colsample_bytree": 0.26196212826348253, "eta": 0.026439572256012428, "gamma": 200.6312289034764, "max_depth": 4.0, "min_child_weight": 4840.398333102698, "num_boost_round": 15.0, "subsample": 0.20973847331798562}, "datetime": {"datetime": "2024-01-20 15:51:32", "elapsed": 8784.867148, "delta": 0.00579}}
{"target": -10.475867790085447, "params": {"colsample_bytree": 0.26196212826348253, "eta": 0.026439572256012428, "gamma": 200.6312289034764, "max_depth": 4.0, "min_child_weight": 4840.398333102698, "num_boost_round": 16.0, "subsample": 0.20973847331798562}, "datetime": {"datetime": "2024-01-20 15:51:32", "elapsed": 8784.872952, "delta": 0.005804}}
{"target": -10.475951123205574, "params": {"colsample_bytree": 0.26196212826348253, "eta": 0.026439572256012428, "gamma": 200.6312289034764, "max_depth": 4.0, "min_child_weight": 4840.398333102698, "num_boost_round": 17.0, "subsample": 0.20973847331798562}, "datetime": {"datetime": "2024-01-20 15:51:32", "elapsed": 8784.878861, "delta": 0.005909}}
{"target": -10.475924693381856, "params": {"colsample_bytree": 0.26196212826348253, "eta": 0.026439572256012428, "gamma": 200.6312289034764, "max_depth": 4.0, "min_child_weight": 4840.398333102698, "num_boost_round": 18.0, "subsample": 0.20973847331798562}, "datetime": {"datetime": "2024-01-20 15:51:32", "elapsed": 8784.884585, "delta": 0.005724}}
{"target": -10.475910422122165, "params": {"colsample_bytree": 0.26196212826348253, "eta": 0.026439572256012428, "gamma": 200.6312289034764, "max_depth": 4.0, "min_child_weight": 4840.398333102698, "num_boost_round": 19.0, "subsample": 0.20973847331798562}, "datetime": {"datetime": "2024-01-20 15:51:32", "elapsed": 8784.890342, "delta": 0.005757}}
{"target": -10.475899441794976, "params": {"colsample_bytree": 0.26196212826348253, "eta": 0.026439572256012428, "gamma": 200.6312289034764, "max_depth": 4.0, "min_child_weight": 4840.398333102698, "num_boost_round": 20.0, "subsample": 0.20973847331798562}, "datetime": {"datetime": "2024-01-20 15:51:32", "elapsed": 8784.896239, "delta": 0.005897}}
{"target": -10.47593991763015, "params": {"colsample_bytree": 0.26196212826348253, "eta": 0.026439572256012428, "gamma": 200.6312289034764, "max_depth": 4.0, "min_child_weight": 4840.398333102698, "num_boost_round": 21.0, "subsample": 0.20973847331798562}, "datetime": {"datetime": "2024-01-20 15:51:32", "elapsed": 8784.902015, "delta": 0.005776}}
{"target": -10.475877643287339, "params": {"colsample_bytree": 0.26196212826348253, "eta": 0.026439572256012428, "gamma": 200.6312289034764, "max_depth": 4.0, "min_child_weight": 4840.398333102698, "num_boost_round": 22.0, "subsample": 0.20973847331798562}, "datetime": {"datetime": "2024-01-20 15:51:32", "elapsed": 8784.9079, "delta": 0.005885}}
{"target": -10.475975225353189, "params": {"colsample_bytree": 0.26196212826348253, "eta": 0.026439572256012428, "gamma": 200.6312289034764, "max_depth": 4.0, "min_child_weight": 4840.398333102698, "num_boost_round": 23.0, "subsample": 0.20973847331798562}, "datetime": {"datetime": "2024-01-20 15:51:32", "elapsed": 8784.91377, "delta": 0.00587}}
{"target": -10.47600480580262, "params": {"colsample_bytree": 0.26196212826348253, "eta": 0.026439572256012428, "gamma": 200.6312289034764, "max_depth": 4.0, "min_child_weight": 4840.398333102698, "num_boost_round": 24.0, "subsample": 0.20973847331798562}, "datetime": {"datetime": "2024-01-20 15:51:32", "elapsed": 8784.919578, "delta": 0.005808}}
{"target": -10.47597056529748, "params": {"colsample_bytree": 0.26196212826348253, "eta": 0.026439572256012428, "gamma": 200.6312289034764, "max_depth": 4.0, "min_child_weight": 4840.398333102698, "num_boost_round": 25.0, "subsample": 0.20973847331798562}, "datetime": {"datetime": "2024-01-20 15:51:32", "elapsed": 8784.92537, "delta": 0.005792}}
{"target": -10.476013567434311, "params": {"colsample_bytree": 0.26196212826348253, "eta": 0.026439572256012428, "gamma": 200.6312289034764, "max_depth": 4.0, "min_child_weight": 4840.398333102698, "num_boost_round": 26.0, "subsample": 0.20973847331798562}, "datetime": {"datetime": "2024-01-20 15:51:32", "elapsed": 8784.931133, "delta": 0.005763}}
{"target": -10.476042131872997, "params": {"colsample_bytree": 0.26196212826348253, "eta": 0.026439572256012428, "gamma": 200.6312289034764, "max_depth": 4.0, "min_child_weight": 4840.398333102698, "num_boost_round": 27.0, "subsample": 0.20973847331798562}, "datetime": {"datetime": "2024-01-20 15:51:32", "elapsed": 8784.936961, "delta": 0.005828}}
{"target": -10.476065389167857, "params": {"colsample_bytree": 0.26196212826348253, "eta": 0.026439572256012428, "gamma": 200.6312289034764, "max_depth": 4.0, "min_child_weight": 4840.398333102698, "num_boost_round": 28.0, "subsample": 0.20973847331798562}, "datetime": {"datetime": "2024-01-20 15:51:32", "elapsed": 8784.942883, "delta": 0.005922}}
{"target": -10.475516290743368, "params": {"colsample_bytree": 0.6528491292068136, "eta": 0.08863081404669429, "gamma": 272.26511512267183, "max_depth": 2.0, "min_child_weight": 4799.080860901565, "num_boost_round": 1.0, "subsample": 0.16253007659324542}, "datetime": {"datetime": "2024-01-20 15:53:08", "elapsed": 8880.915858, "delta": 95.972975}}
{"target": -10.475029297422605, "params": {"colsample_bytree": 0.6528491292068136, "eta": 0.08863081404669429, "gamma": 272.26511512267183, "max_depth": 2.0, "min_child_weight": 4799.080860901565, "num_boost_round": 2.0, "subsample": 0.16253007659324542}, "datetime": {"datetime": "2024-01-20 15:53:08", "elapsed": 8880.922925, "delta": 0.007067}}
{"target": -10.474918421835843, "params": {"colsample_bytree": 0.6528491292068136, "eta": 0.08863081404669429, "gamma": 272.26511512267183, "max_depth": 2.0, "min_child_weight": 4799.080860901565, "num_boost_round": 3.0, "subsample": 0.16253007659324542}, "datetime": {"datetime": "2024-01-20 15:53:08", "elapsed": 8880.929189, "delta": 0.006264}}
{"target": -10.474938432354028, "params": {"colsample_bytree": 0.6528491292068136, "eta": 0.08863081404669429, "gamma": 272.26511512267183, "max_depth": 2.0, "min_child_weight": 4799.080860901565, "num_boost_round": 4.0, "subsample": 0.16253007659324542}, "datetime": {"datetime": "2024-01-20 15:53:08", "elapsed": 8880.935192, "delta": 0.006003}}
{"target": -10.475120267227902, "params": {"colsample_bytree": 0.6528491292068136, "eta": 0.08863081404669429, "gamma": 272.26511512267183, "max_depth": 2.0, "min_child_weight": 4799.080860901565, "num_boost_round": 5.0, "subsample": 0.16253007659324542}, "datetime": {"datetime": "2024-01-20 15:53:08", "elapsed": 8880.941188, "delta": 0.005996}}
{"target": -10.475294980081465, "params": {"colsample_bytree": 0.6528491292068136, "eta": 0.08863081404669429, "gamma": 272.26511512267183, "max_depth": 2.0, "min_child_weight": 4799.080860901565, "num_boost_round": 6.0, "subsample": 0.16253007659324542}, "datetime": {"datetime": "2024-01-20 15:53:08", "elapsed": 8880.947182, "delta": 0.005994}}
{"target": -10.475232929369785, "params": {"colsample_bytree": 0.6528491292068136, "eta": 0.08863081404669429, "gamma": 272.26511512267183, "max_depth": 2.0, "min_child_weight": 4799.080860901565, "num_boost_round": 7.0, "subsample": 0.16253007659324542}, "datetime": {"datetime": "2024-01-20 15:53:08", "elapsed": 8880.953153, "delta": 0.005971}}
{"target": -10.475552064556432, "params": {"colsample_bytree": 0.6528491292068136, "eta": 0.08863081404669429, "gamma": 272.26511512267183, "max_depth": 2.0, "min_child_weight": 4799.080860901565, "num_boost_round": 8.0, "subsample": 0.16253007659324542}, "datetime": {"datetime": "2024-01-20 15:53:08", "elapsed": 8880.959482, "delta": 0.006329}}
{"target": -10.475660183473359, "params": {"colsample_bytree": 0.6528491292068136, "eta": 0.08863081404669429, "gamma": 272.26511512267183, "max_depth": 2.0, "min_child_weight": 4799.080860901565, "num_boost_round": 9.0, "subsample": 0.16253007659324542}, "datetime": {"datetime": "2024-01-20 15:53:08", "elapsed": 8880.966336, "delta": 0.006854}}
{"target": -10.475596182737181, "params": {"colsample_bytree": 0.6528491292068136, "eta": 0.08863081404669429, "gamma": 272.26511512267183, "max_depth": 2.0, "min_child_weight": 4799.080860901565, "num_boost_round": 10.0, "subsample": 0.16253007659324542}, "datetime": {"datetime": "2024-01-20 15:53:08", "elapsed": 8880.973108, "delta": 0.006772}}
{"target": -10.47573754271078, "params": {"colsample_bytree": 0.6528491292068136, "eta": 0.08863081404669429, "gamma": 272.26511512267183, "max_depth": 2.0, "min_child_weight": 4799.080860901565, "num_boost_round": 11.0, "subsample": 0.16253007659324542}, "datetime": {"datetime": "2024-01-20 15:53:08", "elapsed": 8880.979168, "delta": 0.00606}}
{"target": -10.475883948400899, "params": {"colsample_bytree": 0.6528491292068136, "eta": 0.08863081404669429, "gamma": 272.26511512267183, "max_depth": 2.0, "min_child_weight": 4799.080860901565, "num_boost_round": 12.0, "subsample": 0.16253007659324542}, "datetime": {"datetime": "2024-01-20 15:53:08", "elapsed": 8880.985295, "delta": 0.006127}}
{"target": -10.476003789720572, "params": {"colsample_bytree": 0.6528491292068136, "eta": 0.08863081404669429, "gamma": 272.26511512267183, "max_depth": 2.0, "min_child_weight": 4799.080860901565, "num_boost_round": 13.0, "subsample": 0.16253007659324542}, "datetime": {"datetime": "2024-01-20 15:53:08", "elapsed": 8880.991383, "delta": 0.006088}}
{"target": -10.47584865150245, "params": {"colsample_bytree": 0.6528491292068136, "eta": 0.08863081404669429, "gamma": 272.26511512267183, "max_depth": 2.0, "min_child_weight": 4799.080860901565, "num_boost_round": 14.0, "subsample": 0.16253007659324542}, "datetime": {"datetime": "2024-01-20 15:53:08", "elapsed": 8880.997345, "delta": 0.005962}}
{"target": -10.475721596970164, "params": {"colsample_bytree": 0.6528491292068136, "eta": 0.08863081404669429, "gamma": 272.26511512267183, "max_depth": 2.0, "min_child_weight": 4799.080860901565, "num_boost_round": 15.0, "subsample": 0.16253007659324542}, "datetime": {"datetime": "2024-01-20 15:53:08", "elapsed": 8881.003241, "delta": 0.005896}}
{"target": -10.475764404644078, "params": {"colsample_bytree": 0.6528491292068136, "eta": 0.08863081404669429, "gamma": 272.26511512267183, "max_depth": 2.0, "min_child_weight": 4799.080860901565, "num_boost_round": 16.0, "subsample": 0.16253007659324542}, "datetime": {"datetime": "2024-01-20 15:53:08", "elapsed": 8881.009192, "delta": 0.005951}}
{"target": -10.475667577368853, "params": {"colsample_bytree": 0.6528491292068136, "eta": 0.08863081404669429, "gamma": 272.26511512267183, "max_depth": 2.0, "min_child_weight": 4799.080860901565, "num_boost_round": 17.0, "subsample": 0.16253007659324542}, "datetime": {"datetime": "2024-01-20 15:53:08", "elapsed": 8881.015154, "delta": 0.005962}}
{"target": -10.475966250157562, "params": {"colsample_bytree": 0.6528491292068136, "eta": 0.08863081404669429, "gamma": 272.26511512267183, "max_depth": 2.0, "min_child_weight": 4799.080860901565, "num_boost_round": 18.0, "subsample": 0.16253007659324542}, "datetime": {"datetime": "2024-01-20 15:53:08", "elapsed": 8881.021134, "delta": 0.00598}}
{"target": -10.476107359413621, "params": {"colsample_bytree": 0.6528491292068136, "eta": 0.08863081404669429, "gamma": 272.26511512267183, "max_depth": 2.0, "min_child_weight": 4799.080860901565, "num_boost_round": 19.0, "subsample": 0.16253007659324542}, "datetime": {"datetime": "2024-01-20 15:53:08", "elapsed": 8881.027017, "delta": 0.005883}}
{"target": -10.476301947971317, "params": {"colsample_bytree": 0.6528491292068136, "eta": 0.08863081404669429, "gamma": 272.26511512267183, "max_depth": 2.0, "min_child_weight": 4799.080860901565, "num_boost_round": 20.0, "subsample": 0.16253007659324542}, "datetime": {"datetime": "2024-01-20 15:53:08", "elapsed": 8881.033004, "delta": 0.005987}}
{"target": -10.476595654332431, "params": {"colsample_bytree": 0.6528491292068136, "eta": 0.08863081404669429, "gamma": 272.26511512267183, "max_depth": 2.0, "min_child_weight": 4799.080860901565, "num_boost_round": 21.0, "subsample": 0.16253007659324542}, "datetime": {"datetime": "2024-01-20 15:53:08", "elapsed": 8881.038945, "delta": 0.005941}}
{"target": -10.476816745622383, "params": {"colsample_bytree": 0.6528491292068136, "eta": 0.08863081404669429, "gamma": 272.26511512267183, "max_depth": 2.0, "min_child_weight": 4799.080860901565, "num_boost_round": 22.0, "subsample": 0.16253007659324542}, "datetime": {"datetime": "2024-01-20 15:53:09", "elapsed": 8881.044918, "delta": 0.005973}}
{"target": -10.476913192877706, "params": {"colsample_bytree": 0.6528491292068136, "eta": 0.08863081404669429, "gamma": 272.26511512267183, "max_depth": 2.0, "min_child_weight": 4799.080860901565, "num_boost_round": 23.0, "subsample": 0.16253007659324542}, "datetime": {"datetime": "2024-01-20 15:53:09", "elapsed": 8881.050836, "delta": 0.005918}}
{"target": -10.47680337503016, "params": {"colsample_bytree": 0.6528491292068136, "eta": 0.08863081404669429, "gamma": 272.26511512267183, "max_depth": 2.0, "min_child_weight": 4799.080860901565, "num_boost_round": 24.0, "subsample": 0.16253007659324542}, "datetime": {"datetime": "2024-01-20 15:53:09", "elapsed": 8881.056738, "delta": 0.005902}}
{"target": -10.476919657613283, "params": {"colsample_bytree": 0.6528491292068136, "eta": 0.08863081404669429, "gamma": 272.26511512267183, "max_depth": 2.0, "min_child_weight": 4799.080860901565, "num_boost_round": 25.0, "subsample": 0.16253007659324542}, "datetime": {"datetime": "2024-01-20 15:53:09", "elapsed": 8881.062657, "delta": 0.005919}}
