{"target": -13.73185307767751, "params": {"colsample_bytree": 0.9674908306659314, "eta": 0.030143763486281776, "gamma": 405.26007832241294, "max_depth": 5.0, "min_child_weight": 4543.930994420663, "num_boost_round": 2.0, "subsample": 0.6892200541055685}, "datetime": {"datetime": "2024-01-20 14:30:48", "elapsed": 409.117634, "delta": 0.001148}}
{"target": -13.731392659316565, "params": {"colsample_bytree": 0.16136293322931125, "eta": 0.045934780507032556, "gamma": 802.2777838474914, "max_depth": 5.0, "min_child_weight": 4163.609468934326, "num_boost_round": 1.0, "subsample": 0.5186466640299398}, "datetime": {"datetime": "2024-01-20 14:31:01", "elapsed": 422.872954, "delta": 13.75532}}
{"target": -13.731723537005315, "params": {"colsample_bytree": 0.16136293322931125, "eta": 0.045934780507032556, "gamma": 802.2777838474914, "max_depth": 5.0, "min_child_weight": 4163.609468934326, "num_boost_round": 2.0, "subsample": 0.5186466640299398}, "datetime": {"datetime": "2024-01-20 14:31:01", "elapsed": 422.874329, "delta": 0.001375}}
{"target": -13.732042087112983, "params": {"colsample_bytree": 0.16136293322931125, "eta": 0.045934780507032556, "gamma": 802.2777838474914, "max_depth": 5.0, "min_child_weight": 4163.609468934326, "num_boost_round": 3.0, "subsample": 0.5186466640299398}, "datetime": {"datetime": "2024-01-20 14:31:01", "elapsed": 422.874924, "delta": 0.000595}}
{"target": -13.731361630814991, "params": {"colsample_bytree": 0.7691529868581903, "eta": 0.05088816226547246, "gamma": 437.3271784804853, "max_depth": 4.0, "min_child_weight": 4272.6937575808715, "num_boost_round": 1.0, "subsample": 0.8768690020828505}, "datetime": {"datetime": "2024-01-20 14:31:14", "elapsed": 435.883229, "delta": 13.008305}}
{"target": -13.7321798222479, "params": {"colsample_bytree": 0.7691529868581903, "eta": 0.05088816226547246, "gamma": 437.3271784804853, "max_depth": 4.0, "min_child_weight": 4272.6937575808715, "num_boost_round": 2.0, "subsample": 0.8768690020828505}, "datetime": {"datetime": "2024-01-20 14:31:14", "elapsed": 435.884346, "delta": 0.001117}}
{"target": -13.731285754230434, "params": {"colsample_bytree": 0.369537187659699, "eta": 0.02515998230517886, "gamma": 423.68097947664097, "max_depth": 9.0, "min_child_weight": 4491.496273150523, "num_boost_round": 1.0, "subsample": 0.4518854710747442}, "datetime": {"datetime": "2024-01-20 14:31:31", "elapsed": 452.361117, "delta": 16.476771}}
{"target": -13.7315677205305, "params": {"colsample_bytree": 0.369537187659699, "eta": 0.02515998230517886, "gamma": 423.68097947664097, "max_depth": 9.0, "min_child_weight": 4491.496273150523, "num_boost_round": 2.0, "subsample": 0.4518854710747442}, "datetime": {"datetime": "2024-01-20 14:31:31", "elapsed": 452.363047, "delta": 0.00193}}
{"target": -13.731851366694787, "params": {"colsample_bytree": 0.369537187659699, "eta": 0.02515998230517886, "gamma": 423.68097947664097, "max_depth": 9.0, "min_child_weight": 4491.496273150523, "num_boost_round": 3.0, "subsample": 0.4518854710747442}, "datetime": {"datetime": "2024-01-20 14:31:31", "elapsed": 452.363658, "delta": 0.000611}}
{"target": -13.732318685271595, "params": {"colsample_bytree": 0.369537187659699, "eta": 0.02515998230517886, "gamma": 423.68097947664097, "max_depth": 9.0, "min_child_weight": 4491.496273150523, "num_boost_round": 4.0, "subsample": 0.4518854710747442}, "datetime": {"datetime": "2024-01-20 14:31:31", "elapsed": 452.364423, "delta": 0.000765}}
{"target": -13.732851972511863, "params": {"colsample_bytree": 0.369537187659699, "eta": 0.02515998230517886, "gamma": 423.68097947664097, "max_depth": 9.0, "min_child_weight": 4491.496273150523, "num_boost_round": 5.0, "subsample": 0.4518854710747442}, "datetime": {"datetime": "2024-01-20 14:31:31", "elapsed": 452.364991, "delta": 0.000568}}
{"target": -13.73355270784793, "params": {"colsample_bytree": 0.369537187659699, "eta": 0.02515998230517886, "gamma": 423.68097947664097, "max_depth": 9.0, "min_child_weight": 4491.496273150523, "num_boost_round": 6.0, "subsample": 0.4518854710747442}, "datetime": {"datetime": "2024-01-20 14:31:31", "elapsed": 452.365769, "delta": 0.000778}}
{"target": -13.73396213370941, "params": {"colsample_bytree": 0.369537187659699, "eta": 0.02515998230517886, "gamma": 423.68097947664097, "max_depth": 9.0, "min_child_weight": 4491.496273150523, "num_boost_round": 7.0, "subsample": 0.4518854710747442}, "datetime": {"datetime": "2024-01-20 14:31:31", "elapsed": 452.366332, "delta": 0.000563}}
{"target": -13.731518967977284, "params": {"colsample_bytree": 0.49227481103997106, "eta": 0.03960994892908098, "gamma": 601.7047452559332, "max_depth": 2.0, "min_child_weight": 4402.017989848779, "num_boost_round": 1.0, "subsample": 0.4558448636215}, "datetime": {"datetime": "2024-01-20 14:31:44", "elapsed": 465.202929, "delta": 12.836597}}
{"target": -13.731143437078, "params": {"colsample_bytree": 0.8204618121505338, "eta": 0.01363516844674931, "gamma": 775.5380563412524, "max_depth": 2.0, "min_child_weight": 4293.026877481954, "num_boost_round": 1.0, "subsample": 0.8888062808971068}, "datetime": {"datetime": "2024-01-20 14:31:59", "elapsed": 480.012143, "delta": 14.809214}}
{"target": -13.731328658251378, "params": {"colsample_bytree": 0.8204618121505338, "eta": 0.01363516844674931, "gamma": 775.5380563412524, "max_depth": 2.0, "min_child_weight": 4293.026877481954, "num_boost_round": 2.0, "subsample": 0.8888062808971068}, "datetime": {"datetime": "2024-01-20 14:31:59", "elapsed": 480.01283, "delta": 0.000687}}
{"target": -13.731427094505854, "params": {"colsample_bytree": 0.8204618121505338, "eta": 0.01363516844674931, "gamma": 775.5380563412524, "max_depth": 2.0, "min_child_weight": 4293.026877481954, "num_boost_round": 3.0, "subsample": 0.8888062808971068}, "datetime": {"datetime": "2024-01-20 14:31:59", "elapsed": 480.013409, "delta": 0.000579}}
{"target": -13.73162112511017, "params": {"colsample_bytree": 0.8204618121505338, "eta": 0.01363516844674931, "gamma": 775.5380563412524, "max_depth": 2.0, "min_child_weight": 4293.026877481954, "num_boost_round": 4.0, "subsample": 0.8888062808971068}, "datetime": {"datetime": "2024-01-20 14:31:59", "elapsed": 480.013984, "delta": 0.000575}}
{"target": -13.731771540728918, "params": {"colsample_bytree": 0.8204618121505338, "eta": 0.01363516844674931, "gamma": 775.5380563412524, "max_depth": 2.0, "min_child_weight": 4293.026877481954, "num_boost_round": 5.0, "subsample": 0.8888062808971068}, "datetime": {"datetime": "2024-01-20 14:31:59", "elapsed": 480.01505, "delta": 0.001066}}
{"target": -13.731886060209082, "params": {"colsample_bytree": 0.8204618121505338, "eta": 0.01363516844674931, "gamma": 775.5380563412524, "max_depth": 2.0, "min_child_weight": 4293.026877481954, "num_boost_round": 6.0, "subsample": 0.8888062808971068}, "datetime": {"datetime": "2024-01-20 14:31:59", "elapsed": 480.015762, "delta": 0.000712}}
{"target": -13.732210495404892, "params": {"colsample_bytree": 0.8204618121505338, "eta": 0.01363516844674931, "gamma": 775.5380563412524, "max_depth": 2.0, "min_child_weight": 4293.026877481954, "num_boost_round": 7.0, "subsample": 0.8888062808971068}, "datetime": {"datetime": "2024-01-20 14:31:59", "elapsed": 480.016347, "delta": 0.000585}}
{"target": -13.731339192283432, "params": {"colsample_bytree": 0.8232216006374146, "eta": 0.02717851162987872, "gamma": 740.0371071449441, "max_depth": 6.0, "min_child_weight": 4354.082031935444, "num_boost_round": 1.0, "subsample": 0.17435265898162236}, "datetime": {"datetime": "2024-01-20 14:32:15", "elapsed": 496.449976, "delta": 16.433629}}
{"target": -13.731778728685034, "params": {"colsample_bytree": 0.8232216006374146, "eta": 0.02717851162987872, "gamma": 740.0371071449441, "max_depth": 6.0, "min_child_weight": 4354.082031935444, "num_boost_round": 2.0, "subsample": 0.17435265898162236}, "datetime": {"datetime": "2024-01-20 14:32:15", "elapsed": 496.450788, "delta": 0.000812}}
{"target": -13.732349392947318, "params": {"colsample_bytree": 0.8232216006374146, "eta": 0.02717851162987872, "gamma": 740.0371071449441, "max_depth": 6.0, "min_child_weight": 4354.082031935444, "num_boost_round": 3.0, "subsample": 0.17435265898162236}, "datetime": {"datetime": "2024-01-20 14:32:15", "elapsed": 496.451349, "delta": 0.000561}}
{"target": -13.732903156315263, "params": {"colsample_bytree": 0.8232216006374146, "eta": 0.02717851162987872, "gamma": 740.0371071449441, "max_depth": 6.0, "min_child_weight": 4354.082031935444, "num_boost_round": 4.0, "subsample": 0.17435265898162236}, "datetime": {"datetime": "2024-01-20 14:32:15", "elapsed": 496.452046, "delta": 0.000697}}
{"target": -13.733494974271839, "params": {"colsample_bytree": 0.8232216006374146, "eta": 0.02717851162987872, "gamma": 740.0371071449441, "max_depth": 6.0, "min_child_weight": 4354.082031935444, "num_boost_round": 5.0, "subsample": 0.17435265898162236}, "datetime": {"datetime": "2024-01-20 14:32:15", "elapsed": 496.452633, "delta": 0.000587}}
{"target": -13.73400790892094, "params": {"colsample_bytree": 0.8232216006374146, "eta": 0.02717851162987872, "gamma": 740.0371071449441, "max_depth": 6.0, "min_child_weight": 4354.082031935444, "num_boost_round": 6.0, "subsample": 0.17435265898162236}, "datetime": {"datetime": "2024-01-20 14:32:15", "elapsed": 496.453219, "delta": 0.000586}}
{"target": -13.73458651902752, "params": {"colsample_bytree": 0.8232216006374146, "eta": 0.02717851162987872, "gamma": 740.0371071449441, "max_depth": 6.0, "min_child_weight": 4354.082031935444, "num_boost_round": 7.0, "subsample": 0.17435265898162236}, "datetime": {"datetime": "2024-01-20 14:32:15", "elapsed": 496.453819, "delta": 0.0006}}
{"target": -13.73510112986357, "params": {"colsample_bytree": 0.8232216006374146, "eta": 0.02717851162987872, "gamma": 740.0371071449441, "max_depth": 6.0, "min_child_weight": 4354.082031935444, "num_boost_round": 8.0, "subsample": 0.17435265898162236}, "datetime": {"datetime": "2024-01-20 14:32:15", "elapsed": 496.454607, "delta": 0.000788}}
{"target": -13.73189657267679, "params": {"colsample_bytree": 0.33466506922644157, "eta": 0.06506112284012343, "gamma": 833.8164980829362, "max_depth": 7.0, "min_child_weight": 4319.547539628557, "num_boost_round": 1.0, "subsample": 0.5508993074004386}, "datetime": {"datetime": "2024-01-20 14:32:33", "elapsed": 514.850889, "delta": 18.396282}}
{"target": -13.73251089373263, "params": {"colsample_bytree": 0.33466506922644157, "eta": 0.06506112284012343, "gamma": 833.8164980829362, "max_depth": 7.0, "min_child_weight": 4319.547539628557, "num_boost_round": 2.0, "subsample": 0.5508993074004386}, "datetime": {"datetime": "2024-01-20 14:32:33", "elapsed": 514.8517, "delta": 0.000811}}
{"target": -13.73311552161682, "params": {"colsample_bytree": 0.33466506922644157, "eta": 0.06506112284012343, "gamma": 833.8164980829362, "max_depth": 7.0, "min_child_weight": 4319.547539628557, "num_boost_round": 3.0, "subsample": 0.5508993074004386}, "datetime": {"datetime": "2024-01-20 14:32:33", "elapsed": 514.852457, "delta": 0.000757}}
{"target": -13.733995740182053, "params": {"colsample_bytree": 0.33466506922644157, "eta": 0.06506112284012343, "gamma": 833.8164980829362, "max_depth": 7.0, "min_child_weight": 4319.547539628557, "num_boost_round": 4.0, "subsample": 0.5508993074004386}, "datetime": {"datetime": "2024-01-20 14:32:33", "elapsed": 514.853686, "delta": 0.001229}}
{"target": -13.735818633581166, "params": {"colsample_bytree": 0.33466506922644157, "eta": 0.06506112284012343, "gamma": 833.8164980829362, "max_depth": 7.0, "min_child_weight": 4319.547539628557, "num_boost_round": 5.0, "subsample": 0.5508993074004386}, "datetime": {"datetime": "2024-01-20 14:32:33", "elapsed": 514.854295, "delta": 0.000609}}
{"target": -13.73674384049601, "params": {"colsample_bytree": 0.33466506922644157, "eta": 0.06506112284012343, "gamma": 833.8164980829362, "max_depth": 7.0, "min_child_weight": 4319.547539628557, "num_boost_round": 6.0, "subsample": 0.5508993074004386}, "datetime": {"datetime": "2024-01-20 14:32:33", "elapsed": 514.854964, "delta": 0.000669}}
{"target": -13.737809134036047, "params": {"colsample_bytree": 0.33466506922644157, "eta": 0.06506112284012343, "gamma": 833.8164980829362, "max_depth": 7.0, "min_child_weight": 4319.547539628557, "num_boost_round": 7.0, "subsample": 0.5508993074004386}, "datetime": {"datetime": "2024-01-20 14:32:33", "elapsed": 514.855582, "delta": 0.000618}}
{"target": -13.73899552003952, "params": {"colsample_bytree": 0.33466506922644157, "eta": 0.06506112284012343, "gamma": 833.8164980829362, "max_depth": 7.0, "min_child_weight": 4319.547539628557, "num_boost_round": 8.0, "subsample": 0.5508993074004386}, "datetime": {"datetime": "2024-01-20 14:32:33", "elapsed": 514.856308, "delta": 0.000726}}
{"target": -13.740388060732394, "params": {"colsample_bytree": 0.33466506922644157, "eta": 0.06506112284012343, "gamma": 833.8164980829362, "max_depth": 7.0, "min_child_weight": 4319.547539628557, "num_boost_round": 9.0, "subsample": 0.5508993074004386}, "datetime": {"datetime": "2024-01-20 14:32:33", "elapsed": 514.856924, "delta": 0.000616}}
{"target": -13.741476415072876, "params": {"colsample_bytree": 0.33466506922644157, "eta": 0.06506112284012343, "gamma": 833.8164980829362, "max_depth": 7.0, "min_child_weight": 4319.547539628557, "num_boost_round": 10.0, "subsample": 0.5508993074004386}, "datetime": {"datetime": "2024-01-20 14:32:33", "elapsed": 514.857541, "delta": 0.000617}}
{"target": -13.742961679096018, "params": {"colsample_bytree": 0.33466506922644157, "eta": 0.06506112284012343, "gamma": 833.8164980829362, "max_depth": 7.0, "min_child_weight": 4319.547539628557, "num_boost_round": 11.0, "subsample": 0.5508993074004386}, "datetime": {"datetime": "2024-01-20 14:32:33", "elapsed": 514.858146, "delta": 0.000605}}
{"target": -13.732229247188908, "params": {"colsample_bytree": 0.6078666170657857, "eta": 0.0545022123086013, "gamma": 807.4799913256848, "max_depth": 9.0, "min_child_weight": 4247.495260365516, "num_boost_round": 1.0, "subsample": 0.6997797512223499}, "datetime": {"datetime": "2024-01-20 14:32:46", "elapsed": 527.724679, "delta": 12.866533}}
{"target": -13.73295836576453, "params": {"colsample_bytree": 0.7434527925505088, "eta": 0.0747646531870405, "gamma": 683.2097552879518, "max_depth": 8.0, "min_child_weight": 4449.378291982923, "num_boost_round": 1.0, "subsample": 0.6469080056174633}, "datetime": {"datetime": "2024-01-20 14:33:01", "elapsed": 542.076326, "delta": 14.351647}}
{"target": -13.73494302119702, "params": {"colsample_bytree": 0.7434527925505088, "eta": 0.0747646531870405, "gamma": 683.2097552879518, "max_depth": 8.0, "min_child_weight": 4449.378291982923, "num_boost_round": 2.0, "subsample": 0.6469080056174633}, "datetime": {"datetime": "2024-01-20 14:33:01", "elapsed": 542.077382, "delta": 0.001056}}
{"target": -13.73650705218919, "params": {"colsample_bytree": 0.7434527925505088, "eta": 0.0747646531870405, "gamma": 683.2097552879518, "max_depth": 8.0, "min_child_weight": 4449.378291982923, "num_boost_round": 3.0, "subsample": 0.6469080056174633}, "datetime": {"datetime": "2024-01-20 14:33:01", "elapsed": 542.078034, "delta": 0.000652}}
{"target": -13.739228506867356, "params": {"colsample_bytree": 0.7434527925505088, "eta": 0.0747646531870405, "gamma": 683.2097552879518, "max_depth": 8.0, "min_child_weight": 4449.378291982923, "num_boost_round": 4.0, "subsample": 0.6469080056174633}, "datetime": {"datetime": "2024-01-20 14:33:01", "elapsed": 542.078651, "delta": 0.000617}}
{"target": -13.732012892807912, "params": {"colsample_bytree": 0.7666407466302787, "eta": 0.05280788020827659, "gamma": 450.80210978028987, "max_depth": 6.0, "min_child_weight": 4619.790467341994, "num_boost_round": 1.0, "subsample": 0.471495470118944}, "datetime": {"datetime": "2024-01-20 14:33:17", "elapsed": 558.301088, "delta": 16.222437}}
{"target": -13.733186935911355, "params": {"colsample_bytree": 0.7666407466302787, "eta": 0.05280788020827659, "gamma": 450.80210978028987, "max_depth": 6.0, "min_child_weight": 4619.790467341994, "num_boost_round": 2.0, "subsample": 0.471495470118944}, "datetime": {"datetime": "2024-01-20 14:33:17", "elapsed": 558.301862, "delta": 0.000774}}
{"target": -13.734363094297928, "params": {"colsample_bytree": 0.7666407466302787, "eta": 0.05280788020827659, "gamma": 450.80210978028987, "max_depth": 6.0, "min_child_weight": 4619.790467341994, "num_boost_round": 3.0, "subsample": 0.471495470118944}, "datetime": {"datetime": "2024-01-20 14:33:17", "elapsed": 558.302532, "delta": 0.00067}}
{"target": -13.735858918994762, "params": {"colsample_bytree": 0.7666407466302787, "eta": 0.05280788020827659, "gamma": 450.80210978028987, "max_depth": 6.0, "min_child_weight": 4619.790467341994, "num_boost_round": 4.0, "subsample": 0.471495470118944}, "datetime": {"datetime": "2024-01-20 14:33:17", "elapsed": 558.303158, "delta": 0.000626}}
{"target": -13.737656006994, "params": {"colsample_bytree": 0.7666407466302787, "eta": 0.05280788020827659, "gamma": 450.80210978028987, "max_depth": 6.0, "min_child_weight": 4619.790467341994, "num_boost_round": 5.0, "subsample": 0.471495470118944}, "datetime": {"datetime": "2024-01-20 14:33:17", "elapsed": 558.30378, "delta": 0.000622}}
{"target": -13.73885574893762, "params": {"colsample_bytree": 0.7666407466302787, "eta": 0.05280788020827659, "gamma": 450.80210978028987, "max_depth": 6.0, "min_child_weight": 4619.790467341994, "num_boost_round": 6.0, "subsample": 0.471495470118944}, "datetime": {"datetime": "2024-01-20 14:33:17", "elapsed": 558.3044, "delta": 0.00062}}
{"target": -13.740619994458847, "params": {"colsample_bytree": 0.7666407466302787, "eta": 0.05280788020827659, "gamma": 450.80210978028987, "max_depth": 6.0, "min_child_weight": 4619.790467341994, "num_boost_round": 7.0, "subsample": 0.471495470118944}, "datetime": {"datetime": "2024-01-20 14:33:17", "elapsed": 558.305024, "delta": 0.000624}}
{"target": -13.731807556218408, "params": {"colsample_bytree": 0.14327747783049172, "eta": 0.08726450984196693, "gamma": 749.3247729791797, "max_depth": 9.0, "min_child_weight": 4409.452582121301, "num_boost_round": 1.0, "subsample": 0.15378240725614944}, "datetime": {"datetime": "2024-01-20 14:33:30", "elapsed": 571.458282, "delta": 13.153258}}
{"target": -13.731882028237672, "params": {"colsample_bytree": 0.3778609578326968, "eta": 0.059816139509849854, "gamma": 414.61037626924536, "max_depth": 9.0, "min_child_weight": 4194.475255064255, "num_boost_round": 1.0, "subsample": 0.9758162205356117}, "datetime": {"datetime": "2024-01-20 14:33:44", "elapsed": 585.22652, "delta": 13.768238}}
{"target": -13.73274062950565, "params": {"colsample_bytree": 0.3778609578326968, "eta": 0.059816139509849854, "gamma": 414.61037626924536, "max_depth": 9.0, "min_child_weight": 4194.475255064255, "num_boost_round": 2.0, "subsample": 0.9758162205356117}, "datetime": {"datetime": "2024-01-20 14:33:44", "elapsed": 585.22762, "delta": 0.0011}}
{"target": -13.731644298098356, "params": {"colsample_bytree": 0.47889712481555735, "eta": 0.042919960856943974, "gamma": 770.3793465023026, "max_depth": 2.0, "min_child_weight": 4023.583234195497, "num_boost_round": 1.0, "subsample": 0.11576005765704378}, "datetime": {"datetime": "2024-01-20 14:33:58", "elapsed": 599.262507, "delta": 14.034887}}
{"target": -13.731904156772703, "params": {"colsample_bytree": 0.47889712481555735, "eta": 0.042919960856943974, "gamma": 770.3793465023026, "max_depth": 2.0, "min_child_weight": 4023.583234195497, "num_boost_round": 2.0, "subsample": 0.11576005765704378}, "datetime": {"datetime": "2024-01-20 14:33:58", "elapsed": 599.263589, "delta": 0.001082}}
{"target": -13.732397017707095, "params": {"colsample_bytree": 0.47889712481555735, "eta": 0.042919960856943974, "gamma": 770.3793465023026, "max_depth": 2.0, "min_child_weight": 4023.583234195497, "num_boost_round": 3.0, "subsample": 0.11576005765704378}, "datetime": {"datetime": "2024-01-20 14:33:58", "elapsed": 599.264255, "delta": 0.000666}}
{"target": -13.73277030521654, "params": {"colsample_bytree": 0.47889712481555735, "eta": 0.042919960856943974, "gamma": 770.3793465023026, "max_depth": 2.0, "min_child_weight": 4023.583234195497, "num_boost_round": 4.0, "subsample": 0.11576005765704378}, "datetime": {"datetime": "2024-01-20 14:33:58", "elapsed": 599.265016, "delta": 0.000761}}
{"target": -13.731112356336148, "params": {"colsample_bytree": 0.14043079862469288, "eta": 0.01184002304482581, "gamma": 638.0338739442774, "max_depth": 6.0, "min_child_weight": 4024.89864717339, "num_boost_round": 1.0, "subsample": 0.1389085596717999}, "datetime": {"datetime": "2024-01-20 14:34:12", "elapsed": 613.001905, "delta": 13.736889}}
{"target": -13.731183334594661, "params": {"colsample_bytree": 0.14043079862469288, "eta": 0.01184002304482581, "gamma": 638.0338739442774, "max_depth": 6.0, "min_child_weight": 4024.89864717339, "num_boost_round": 2.0, "subsample": 0.1389085596717999}, "datetime": {"datetime": "2024-01-20 14:34:12", "elapsed": 613.003045, "delta": 0.00114}}
{"target": -13.731259034064973, "params": {"colsample_bytree": 0.14043079862469288, "eta": 0.01184002304482581, "gamma": 638.0338739442774, "max_depth": 6.0, "min_child_weight": 4024.89864717339, "num_boost_round": 3.0, "subsample": 0.1389085596717999}, "datetime": {"datetime": "2024-01-20 14:34:12", "elapsed": 613.003711, "delta": 0.000666}}
{"target": -13.732075974197178, "params": {"colsample_bytree": 0.4984532749766013, "eta": 0.05743978153955666, "gamma": 688.6622708290367, "max_depth": 9.0, "min_child_weight": 3996.1572689871746, "num_boost_round": 1.0, "subsample": 0.642892640523614}, "datetime": {"datetime": "2024-01-20 14:34:39", "elapsed": 640.785715, "delta": 27.782004}}
