{"target": -13.409382265340955, "params": {"colsample_bytree": 0.5887596626350042, "eta": 0.08765523415313539, "gamma": 250.44462947853074, "max_depth": 6.0, "min_child_weight": 4019.3547919718794, "num_boost_round": 12.0, "subsample": 0.637193348917218}, "datetime": {"datetime": "2024-01-20 15:35:39", "elapsed": 4274.585551, "delta": 0.005562}}
{"target": -13.409845288659039, "params": {"colsample_bytree": 0.5887596626350042, "eta": 0.08765523415313539, "gamma": 250.44462947853074, "max_depth": 6.0, "min_child_weight": 4019.3547919718794, "num_boost_round": 13.0, "subsample": 0.637193348917218}, "datetime": {"datetime": "2024-01-20 15:35:39", "elapsed": 4274.590242, "delta": 0.004691}}
{"target": -13.410774091842327, "params": {"colsample_bytree": 0.5887596626350042, "eta": 0.08765523415313539, "gamma": 250.44462947853074, "max_depth": 6.0, "min_child_weight": 4019.3547919718794, "num_boost_round": 14.0, "subsample": 0.637193348917218}, "datetime": {"datetime": "2024-01-20 15:35:39", "elapsed": 4274.594216, "delta": 0.003974}}
{"target": -13.397765036839456, "params": {"colsample_bytree": 0.8813819347313708, "eta": 0.02976596728746414, "gamma": 283.58584849045855, "max_depth": 4.0, "min_child_weight": 3477.304326717408, "num_boost_round": 1.0, "subsample": 0.28865548992974177}, "datetime": {"datetime": "2024-01-20 15:36:30", "elapsed": 4325.389208, "delta": 50.794992}}
{"target": -13.397776515668394, "params": {"colsample_bytree": 0.8813819347313708, "eta": 0.02976596728746414, "gamma": 283.58584849045855, "max_depth": 4.0, "min_child_weight": 3477.304326717408, "num_boost_round": 2.0, "subsample": 0.28865548992974177}, "datetime": {"datetime": "2024-01-20 15:36:30", "elapsed": 4325.393567, "delta": 0.004359}}
{"target": -13.39777529356762, "params": {"colsample_bytree": 0.8813819347313708, "eta": 0.02976596728746414, "gamma": 283.58584849045855, "max_depth": 4.0, "min_child_weight": 3477.304326717408, "num_boost_round": 3.0, "subsample": 0.28865548992974177}, "datetime": {"datetime": "2024-01-20 15:36:30", "elapsed": 4325.397673, "delta": 0.004106}}
{"target": -13.397569456484828, "params": {"colsample_bytree": 0.8813819347313708, "eta": 0.02976596728746414, "gamma": 283.58584849045855, "max_depth": 4.0, "min_child_weight": 3477.304326717408, "num_boost_round": 4.0, "subsample": 0.28865548992974177}, "datetime": {"datetime": "2024-01-20 15:36:30", "elapsed": 4325.401076, "delta": 0.003403}}
{"target": -13.39750318982942, "params": {"colsample_bytree": 0.8813819347313708, "eta": 0.02976596728746414, "gamma": 283.58584849045855, "max_depth": 4.0, "min_child_weight": 3477.304326717408, "num_boost_round": 5.0, "subsample": 0.28865548992974177}, "datetime": {"datetime": "2024-01-20 15:36:30", "elapsed": 4325.404431, "delta": 0.003355}}
{"target": -13.397343017134077, "params": {"colsample_bytree": 0.8813819347313708, "eta": 0.02976596728746414, "gamma": 283.58584849045855, "max_depth": 4.0, "min_child_weight": 3477.304326717408, "num_boost_round": 6.0, "subsample": 0.28865548992974177}, "datetime": {"datetime": "2024-01-20 15:36:30", "elapsed": 4325.407822, "delta": 0.003391}}
{"target": -13.397228329542283, "params": {"colsample_bytree": 0.8813819347313708, "eta": 0.02976596728746414, "gamma": 283.58584849045855, "max_depth": 4.0, "min_child_weight": 3477.304326717408, "num_boost_round": 7.0, "subsample": 0.28865548992974177}, "datetime": {"datetime": "2024-01-20 15:36:30", "elapsed": 4325.411244, "delta": 0.003422}}
{"target": -13.397378576302405, "params": {"colsample_bytree": 0.8813819347313708, "eta": 0.02976596728746414, "gamma": 283.58584849045855, "max_depth": 4.0, "min_child_weight": 3477.304326717408, "num_boost_round": 8.0, "subsample": 0.28865548992974177}, "datetime": {"datetime": "2024-01-20 15:36:30", "elapsed": 4325.414592, "delta": 0.003348}}
{"target": -13.397601969360302, "params": {"colsample_bytree": 0.8813819347313708, "eta": 0.02976596728746414, "gamma": 283.58584849045855, "max_depth": 4.0, "min_child_weight": 3477.304326717408, "num_boost_round": 9.0, "subsample": 0.28865548992974177}, "datetime": {"datetime": "2024-01-20 15:36:30", "elapsed": 4325.417954, "delta": 0.003362}}
{"target": -13.397485340290489, "params": {"colsample_bytree": 0.8813819347313708, "eta": 0.02976596728746414, "gamma": 283.58584849045855, "max_depth": 4.0, "min_child_weight": 3477.304326717408, "num_boost_round": 10.0, "subsample": 0.28865548992974177}, "datetime": {"datetime": "2024-01-20 15:36:30", "elapsed": 4325.421279, "delta": 0.003325}}
{"target": -13.397402080350822, "params": {"colsample_bytree": 0.8813819347313708, "eta": 0.02976596728746414, "gamma": 283.58584849045855, "max_depth": 4.0, "min_child_weight": 3477.304326717408, "num_boost_round": 11.0, "subsample": 0.28865548992974177}, "datetime": {"datetime": "2024-01-20 15:36:30", "elapsed": 4325.424654, "delta": 0.003375}}
{"target": -13.3977672044343, "params": {"colsample_bytree": 0.525271509290128, "eta": 0.0666229973538665, "gamma": 740.7982631404485, "max_depth": 8.0, "min_child_weight": 3162.884983741118, "num_boost_round": 1.0, "subsample": 0.7173829476704969}, "datetime": {"datetime": "2024-01-20 15:37:16", "elapsed": 4371.341859, "delta": 45.917205}}
{"target": -13.397530004391658, "params": {"colsample_bytree": 0.525271509290128, "eta": 0.0666229973538665, "gamma": 740.7982631404485, "max_depth": 8.0, "min_child_weight": 3162.884983741118, "num_boost_round": 2.0, "subsample": 0.7173829476704969}, "datetime": {"datetime": "2024-01-20 15:37:16", "elapsed": 4371.346517, "delta": 0.004658}}
{"target": -13.397364785588572, "params": {"colsample_bytree": 0.525271509290128, "eta": 0.0666229973538665, "gamma": 740.7982631404485, "max_depth": 8.0, "min_child_weight": 3162.884983741118, "num_boost_round": 3.0, "subsample": 0.7173829476704969}, "datetime": {"datetime": "2024-01-20 15:37:16", "elapsed": 4371.35014, "delta": 0.003623}}
{"target": -13.397900113086672, "params": {"colsample_bytree": 0.525271509290128, "eta": 0.0666229973538665, "gamma": 740.7982631404485, "max_depth": 8.0, "min_child_weight": 3162.884983741118, "num_boost_round": 4.0, "subsample": 0.7173829476704969}, "datetime": {"datetime": "2024-01-20 15:37:16", "elapsed": 4371.353953, "delta": 0.003813}}
{"target": -13.398041420526003, "params": {"colsample_bytree": 0.525271509290128, "eta": 0.0666229973538665, "gamma": 740.7982631404485, "max_depth": 8.0, "min_child_weight": 3162.884983741118, "num_boost_round": 5.0, "subsample": 0.7173829476704969}, "datetime": {"datetime": "2024-01-20 15:37:16", "elapsed": 4371.357265, "delta": 0.003312}}
{"target": -13.398824747408302, "params": {"colsample_bytree": 0.525271509290128, "eta": 0.0666229973538665, "gamma": 740.7982631404485, "max_depth": 8.0, "min_child_weight": 3162.884983741118, "num_boost_round": 6.0, "subsample": 0.7173829476704969}, "datetime": {"datetime": "2024-01-20 15:37:16", "elapsed": 4371.360532, "delta": 0.003267}}
{"target": -13.40009040223996, "params": {"colsample_bytree": 0.525271509290128, "eta": 0.0666229973538665, "gamma": 740.7982631404485, "max_depth": 8.0, "min_child_weight": 3162.884983741118, "num_boost_round": 7.0, "subsample": 0.7173829476704969}, "datetime": {"datetime": "2024-01-20 15:37:16", "elapsed": 4371.363774, "delta": 0.003242}}
{"target": -13.401012362386107, "params": {"colsample_bytree": 0.525271509290128, "eta": 0.0666229973538665, "gamma": 740.7982631404485, "max_depth": 8.0, "min_child_weight": 3162.884983741118, "num_boost_round": 8.0, "subsample": 0.7173829476704969}, "datetime": {"datetime": "2024-01-20 15:37:16", "elapsed": 4371.367091, "delta": 0.003317}}
{"target": -13.402200785706043, "params": {"colsample_bytree": 0.525271509290128, "eta": 0.0666229973538665, "gamma": 740.7982631404485, "max_depth": 8.0, "min_child_weight": 3162.884983741118, "num_boost_round": 9.0, "subsample": 0.7173829476704969}, "datetime": {"datetime": "2024-01-20 15:37:16", "elapsed": 4371.37055, "delta": 0.003459}}
{"target": -13.403131914379053, "params": {"colsample_bytree": 0.525271509290128, "eta": 0.0666229973538665, "gamma": 740.7982631404485, "max_depth": 8.0, "min_child_weight": 3162.884983741118, "num_boost_round": 10.0, "subsample": 0.7173829476704969}, "datetime": {"datetime": "2024-01-20 15:37:16", "elapsed": 4371.373755, "delta": 0.003205}}
{"target": -13.404078151677016, "params": {"colsample_bytree": 0.525271509290128, "eta": 0.0666229973538665, "gamma": 740.7982631404485, "max_depth": 8.0, "min_child_weight": 3162.884983741118, "num_boost_round": 11.0, "subsample": 0.7173829476704969}, "datetime": {"datetime": "2024-01-20 15:37:16", "elapsed": 4371.377044, "delta": 0.003289}}
{"target": -13.405047791560829, "params": {"colsample_bytree": 0.525271509290128, "eta": 0.0666229973538665, "gamma": 740.7982631404485, "max_depth": 8.0, "min_child_weight": 3162.884983741118, "num_boost_round": 12.0, "subsample": 0.7173829476704969}, "datetime": {"datetime": "2024-01-20 15:37:16", "elapsed": 4371.38041, "delta": 0.003366}}
{"target": -13.40572409947297, "params": {"colsample_bytree": 0.525271509290128, "eta": 0.0666229973538665, "gamma": 740.7982631404485, "max_depth": 8.0, "min_child_weight": 3162.884983741118, "num_boost_round": 13.0, "subsample": 0.7173829476704969}, "datetime": {"datetime": "2024-01-20 15:37:16", "elapsed": 4371.383621, "delta": 0.003211}}
{"target": -13.406411389454334, "params": {"colsample_bytree": 0.525271509290128, "eta": 0.0666229973538665, "gamma": 740.7982631404485, "max_depth": 8.0, "min_child_weight": 3162.884983741118, "num_boost_round": 14.0, "subsample": 0.7173829476704969}, "datetime": {"datetime": "2024-01-20 15:37:16", "elapsed": 4371.386949, "delta": 0.003328}}
{"target": -13.407297032588376, "params": {"colsample_bytree": 0.525271509290128, "eta": 0.0666229973538665, "gamma": 740.7982631404485, "max_depth": 8.0, "min_child_weight": 3162.884983741118, "num_boost_round": 15.0, "subsample": 0.7173829476704969}, "datetime": {"datetime": "2024-01-20 15:37:16", "elapsed": 4371.390452, "delta": 0.003503}}
{"target": -13.407882531463898, "params": {"colsample_bytree": 0.525271509290128, "eta": 0.0666229973538665, "gamma": 740.7982631404485, "max_depth": 8.0, "min_child_weight": 3162.884983741118, "num_boost_round": 16.0, "subsample": 0.7173829476704969}, "datetime": {"datetime": "2024-01-20 15:37:16", "elapsed": 4371.393983, "delta": 0.003531}}
{"target": -13.408645675471062, "params": {"colsample_bytree": 0.525271509290128, "eta": 0.0666229973538665, "gamma": 740.7982631404485, "max_depth": 8.0, "min_child_weight": 3162.884983741118, "num_boost_round": 17.0, "subsample": 0.7173829476704969}, "datetime": {"datetime": "2024-01-20 15:37:16", "elapsed": 4371.397408, "delta": 0.003425}}
{"target": -13.409789014835646, "params": {"colsample_bytree": 0.525271509290128, "eta": 0.0666229973538665, "gamma": 740.7982631404485, "max_depth": 8.0, "min_child_weight": 3162.884983741118, "num_boost_round": 18.0, "subsample": 0.7173829476704969}, "datetime": {"datetime": "2024-01-20 15:37:16", "elapsed": 4371.400907, "delta": 0.003499}}
{"target": -13.410954850500074, "params": {"colsample_bytree": 0.525271509290128, "eta": 0.0666229973538665, "gamma": 740.7982631404485, "max_depth": 8.0, "min_child_weight": 3162.884983741118, "num_boost_round": 19.0, "subsample": 0.7173829476704969}, "datetime": {"datetime": "2024-01-20 15:37:16", "elapsed": 4371.404126, "delta": 0.003219}}
{"target": -13.412089928492282, "params": {"colsample_bytree": 0.525271509290128, "eta": 0.0666229973538665, "gamma": 740.7982631404485, "max_depth": 8.0, "min_child_weight": 3162.884983741118, "num_boost_round": 20.0, "subsample": 0.7173829476704969}, "datetime": {"datetime": "2024-01-20 15:37:16", "elapsed": 4371.407415, "delta": 0.003289}}
{"target": -13.412665110086959, "params": {"colsample_bytree": 0.525271509290128, "eta": 0.0666229973538665, "gamma": 740.7982631404485, "max_depth": 8.0, "min_child_weight": 3162.884983741118, "num_boost_round": 21.0, "subsample": 0.7173829476704969}, "datetime": {"datetime": "2024-01-20 15:37:16", "elapsed": 4371.410719, "delta": 0.003304}}
{"target": -13.413640613764821, "params": {"colsample_bytree": 0.525271509290128, "eta": 0.0666229973538665, "gamma": 740.7982631404485, "max_depth": 8.0, "min_child_weight": 3162.884983741118, "num_boost_round": 22.0, "subsample": 0.7173829476704969}, "datetime": {"datetime": "2024-01-20 15:37:16", "elapsed": 4371.414047, "delta": 0.003328}}
{"target": -13.41541757991531, "params": {"colsample_bytree": 0.525271509290128, "eta": 0.0666229973538665, "gamma": 740.7982631404485, "max_depth": 8.0, "min_child_weight": 3162.884983741118, "num_boost_round": 23.0, "subsample": 0.7173829476704969}, "datetime": {"datetime": "2024-01-20 15:37:16", "elapsed": 4371.41729, "delta": 0.003243}}
{"target": -13.416279605297017, "params": {"colsample_bytree": 0.525271509290128, "eta": 0.0666229973538665, "gamma": 740.7982631404485, "max_depth": 8.0, "min_child_weight": 3162.884983741118, "num_boost_round": 24.0, "subsample": 0.7173829476704969}, "datetime": {"datetime": "2024-01-20 15:37:16", "elapsed": 4371.420554, "delta": 0.003264}}
{"target": -13.417028195017014, "params": {"colsample_bytree": 0.525271509290128, "eta": 0.0666229973538665, "gamma": 740.7982631404485, "max_depth": 8.0, "min_child_weight": 3162.884983741118, "num_boost_round": 25.0, "subsample": 0.7173829476704969}, "datetime": {"datetime": "2024-01-20 15:37:16", "elapsed": 4371.423842, "delta": 0.003288}}
{"target": -13.398244642151987, "params": {"colsample_bytree": 0.6185805671629448, "eta": 0.05911763107324094, "gamma": 636.1880626973008, "max_depth": 3.0, "min_child_weight": 3772.2612919451544, "num_boost_round": 1.0, "subsample": 0.7730481618348932}, "datetime": {"datetime": "2024-01-20 15:37:48", "elapsed": 4402.741641, "delta": 31.317799}}
{"target": -13.398713344575956, "params": {"colsample_bytree": 0.6185805671629448, "eta": 0.05911763107324094, "gamma": 636.1880626973008, "max_depth": 3.0, "min_child_weight": 3772.2612919451544, "num_boost_round": 2.0, "subsample": 0.7730481618348932}, "datetime": {"datetime": "2024-01-20 15:37:48", "elapsed": 4402.746258, "delta": 0.004617}}
{"target": -13.397155587175241, "params": {"colsample_bytree": 0.3264246138531088, "eta": 0.08304775015373266, "gamma": 496.7700144250031, "max_depth": 6.0, "min_child_weight": 3505.9655761315225, "num_boost_round": 1.0, "subsample": 0.34049931691486235}, "datetime": {"datetime": "2024-01-20 15:38:15", "elapsed": 4429.808058, "delta": 27.0618}}
{"target": -13.397168653642936, "params": {"colsample_bytree": 0.3264246138531088, "eta": 0.08304775015373266, "gamma": 496.7700144250031, "max_depth": 6.0, "min_child_weight": 3505.9655761315225, "num_boost_round": 2.0, "subsample": 0.34049931691486235}, "datetime": {"datetime": "2024-01-20 15:38:15", "elapsed": 4429.812208, "delta": 0.00415}}
{"target": -13.397515784786993, "params": {"colsample_bytree": 0.549402642904217, "eta": 0.06327697977558287, "gamma": 368.17946956198955, "max_depth": 5.0, "min_child_weight": 3396.2968211013344, "num_boost_round": 1.0, "subsample": 0.14648196829713483}, "datetime": {"datetime": "2024-01-20 15:39:39", "elapsed": 4514.376676, "delta": 84.564468}}
{"target": -13.397347499369527, "params": {"colsample_bytree": 0.549402642904217, "eta": 0.06327697977558287, "gamma": 368.17946956198955, "max_depth": 5.0, "min_child_weight": 3396.2968211013344, "num_boost_round": 2.0, "subsample": 0.14648196829713483}, "datetime": {"datetime": "2024-01-20 15:39:39", "elapsed": 4514.381312, "delta": 0.004636}}
{"target": -13.396993559495728, "params": {"colsample_bytree": 0.549402642904217, "eta": 0.06327697977558287, "gamma": 368.17946956198955, "max_depth": 5.0, "min_child_weight": 3396.2968211013344, "num_boost_round": 3.0, "subsample": 0.14648196829713483}, "datetime": {"datetime": "2024-01-20 15:39:39", "elapsed": 4514.384744, "delta": 0.003432}}
{"target": -13.396872816500757, "params": {"colsample_bytree": 0.549402642904217, "eta": 0.06327697977558287, "gamma": 368.17946956198955, "max_depth": 5.0, "min_child_weight": 3396.2968211013344, "num_boost_round": 4.0, "subsample": 0.14648196829713483}, "datetime": {"datetime": "2024-01-20 15:39:39", "elapsed": 4514.388267, "delta": 0.003523}}
{"target": -13.396535830779557, "params": {"colsample_bytree": 0.549402642904217, "eta": 0.06327697977558287, "gamma": 368.17946956198955, "max_depth": 5.0, "min_child_weight": 3396.2968211013344, "num_boost_round": 5.0, "subsample": 0.14648196829713483}, "datetime": {"datetime": "2024-01-20 15:39:39", "elapsed": 4514.39179, "delta": 0.003523}}
{"target": -13.396221101919021, "params": {"colsample_bytree": 0.549402642904217, "eta": 0.06327697977558287, "gamma": 368.17946956198955, "max_depth": 5.0, "min_child_weight": 3396.2968211013344, "num_boost_round": 6.0, "subsample": 0.14648196829713483}, "datetime": {"datetime": "2024-01-20 15:39:39", "elapsed": 4514.395393, "delta": 0.003603}}
{"target": -13.396308734726677, "params": {"colsample_bytree": 0.549402642904217, "eta": 0.06327697977558287, "gamma": 368.17946956198955, "max_depth": 5.0, "min_child_weight": 3396.2968211013344, "num_boost_round": 7.0, "subsample": 0.14648196829713483}, "datetime": {"datetime": "2024-01-20 15:39:39", "elapsed": 4514.398916, "delta": 0.003523}}
{"target": -13.39629519019051, "params": {"colsample_bytree": 0.549402642904217, "eta": 0.06327697977558287, "gamma": 368.17946956198955, "max_depth": 5.0, "min_child_weight": 3396.2968211013344, "num_boost_round": 8.0, "subsample": 0.14648196829713483}, "datetime": {"datetime": "2024-01-20 15:39:39", "elapsed": 4514.402331, "delta": 0.003415}}
{"target": -13.396692438572884, "params": {"colsample_bytree": 0.549402642904217, "eta": 0.06327697977558287, "gamma": 368.17946956198955, "max_depth": 5.0, "min_child_weight": 3396.2968211013344, "num_boost_round": 9.0, "subsample": 0.14648196829713483}, "datetime": {"datetime": "2024-01-20 15:39:39", "elapsed": 4514.40565, "delta": 0.003319}}
{"target": -13.39656234541795, "params": {"colsample_bytree": 0.549402642904217, "eta": 0.06327697977558287, "gamma": 368.17946956198955, "max_depth": 5.0, "min_child_weight": 3396.2968211013344, "num_boost_round": 10.0, "subsample": 0.14648196829713483}, "datetime": {"datetime": "2024-01-20 15:39:39", "elapsed": 4514.409049, "delta": 0.003399}}
{"target": -13.39662802875138, "params": {"colsample_bytree": 0.549402642904217, "eta": 0.06327697977558287, "gamma": 368.17946956198955, "max_depth": 5.0, "min_child_weight": 3396.2968211013344, "num_boost_round": 11.0, "subsample": 0.14648196829713483}, "datetime": {"datetime": "2024-01-20 15:39:39", "elapsed": 4514.412375, "delta": 0.003326}}
{"target": -13.396970197759316, "params": {"colsample_bytree": 0.549402642904217, "eta": 0.06327697977558287, "gamma": 368.17946956198955, "max_depth": 5.0, "min_child_weight": 3396.2968211013344, "num_boost_round": 12.0, "subsample": 0.14648196829713483}, "datetime": {"datetime": "2024-01-20 15:39:39", "elapsed": 4514.415672, "delta": 0.003297}}
{"target": -13.396753543708904, "params": {"colsample_bytree": 0.549402642904217, "eta": 0.06327697977558287, "gamma": 368.17946956198955, "max_depth": 5.0, "min_child_weight": 3396.2968211013344, "num_boost_round": 13.0, "subsample": 0.14648196829713483}, "datetime": {"datetime": "2024-01-20 15:39:39", "elapsed": 4514.419065, "delta": 0.003393}}
{"target": -13.396732198704067, "params": {"colsample_bytree": 0.549402642904217, "eta": 0.06327697977558287, "gamma": 368.17946956198955, "max_depth": 5.0, "min_child_weight": 3396.2968211013344, "num_boost_round": 14.0, "subsample": 0.14648196829713483}, "datetime": {"datetime": "2024-01-20 15:39:39", "elapsed": 4514.422545, "delta": 0.00348}}
{"target": -13.396961330089143, "params": {"colsample_bytree": 0.549402642904217, "eta": 0.06327697977558287, "gamma": 368.17946956198955, "max_depth": 5.0, "min_child_weight": 3396.2968211013344, "num_boost_round": 15.0, "subsample": 0.14648196829713483}, "datetime": {"datetime": "2024-01-20 15:39:39", "elapsed": 4514.42594, "delta": 0.003395}}
{"target": -13.397370908604383, "params": {"colsample_bytree": 0.549402642904217, "eta": 0.06327697977558287, "gamma": 368.17946956198955, "max_depth": 5.0, "min_child_weight": 3396.2968211013344, "num_boost_round": 16.0, "subsample": 0.14648196829713483}, "datetime": {"datetime": "2024-01-20 15:39:39", "elapsed": 4514.42945, "delta": 0.00351}}
{"target": -13.397329807707914, "params": {"colsample_bytree": 0.549402642904217, "eta": 0.06327697977558287, "gamma": 368.17946956198955, "max_depth": 5.0, "min_child_weight": 3396.2968211013344, "num_boost_round": 17.0, "subsample": 0.14648196829713483}, "datetime": {"datetime": "2024-01-20 15:39:39", "elapsed": 4514.432937, "delta": 0.003487}}
{"target": -13.39761256663088, "params": {"colsample_bytree": 0.549402642904217, "eta": 0.06327697977558287, "gamma": 368.17946956198955, "max_depth": 5.0, "min_child_weight": 3396.2968211013344, "num_boost_round": 18.0, "subsample": 0.14648196829713483}, "datetime": {"datetime": "2024-01-20 15:39:39", "elapsed": 4514.436214, "delta": 0.003277}}
{"target": -13.397716641516862, "params": {"colsample_bytree": 0.549402642904217, "eta": 0.06327697977558287, "gamma": 368.17946956198955, "max_depth": 5.0, "min_child_weight": 3396.2968211013344, "num_boost_round": 19.0, "subsample": 0.14648196829713483}, "datetime": {"datetime": "2024-01-20 15:39:39", "elapsed": 4514.43978, "delta": 0.003566}}
{"target": -13.397918333569724, "params": {"colsample_bytree": 0.549402642904217, "eta": 0.06327697977558287, "gamma": 368.17946956198955, "max_depth": 5.0, "min_child_weight": 3396.2968211013344, "num_boost_round": 20.0, "subsample": 0.14648196829713483}, "datetime": {"datetime": "2024-01-20 15:39:39", "elapsed": 4514.443093, "delta": 0.003313}}
