{"target": -13.397694775651358, "params": {"colsample_bytree": 0.7058829810766782, "eta": 0.039842346935558264, "gamma": 557.1041993071267, "max_depth": 9.0, "min_child_weight": 3147.845532249085, "num_boost_round": 3.0, "subsample": 0.6225933206368192}, "datetime": {"datetime": "2024-01-20 16:58:36", "elapsed": 9251.366947, "delta": 0.004986}}
{"target": -13.397812197490769, "params": {"colsample_bytree": 0.7058829810766782, "eta": 0.039842346935558264, "gamma": 557.1041993071267, "max_depth": 9.0, "min_child_weight": 3147.845532249085, "num_boost_round": 4.0, "subsample": 0.6225933206368192}, "datetime": {"datetime": "2024-01-20 16:58:36", "elapsed": 9251.371797, "delta": 0.00485}}
{"target": -13.397807585574554, "params": {"colsample_bytree": 0.7058829810766782, "eta": 0.039842346935558264, "gamma": 557.1041993071267, "max_depth": 9.0, "min_child_weight": 3147.845532249085, "num_boost_round": 5.0, "subsample": 0.6225933206368192}, "datetime": {"datetime": "2024-01-20 16:58:36", "elapsed": 9251.376978, "delta": 0.005181}}
{"target": -13.398021671963797, "params": {"colsample_bytree": 0.7058829810766782, "eta": 0.039842346935558264, "gamma": 557.1041993071267, "max_depth": 9.0, "min_child_weight": 3147.845532249085, "num_boost_round": 6.0, "subsample": 0.6225933206368192}, "datetime": {"datetime": "2024-01-20 16:58:36", "elapsed": 9251.381881, "delta": 0.004903}}
{"target": -13.398729634206404, "params": {"colsample_bytree": 0.7058829810766782, "eta": 0.039842346935558264, "gamma": 557.1041993071267, "max_depth": 9.0, "min_child_weight": 3147.845532249085, "num_boost_round": 7.0, "subsample": 0.6225933206368192}, "datetime": {"datetime": "2024-01-20 16:58:36", "elapsed": 9251.386705, "delta": 0.004824}}
{"target": -13.39890593545966, "params": {"colsample_bytree": 0.7058829810766782, "eta": 0.039842346935558264, "gamma": 557.1041993071267, "max_depth": 9.0, "min_child_weight": 3147.845532249085, "num_boost_round": 8.0, "subsample": 0.6225933206368192}, "datetime": {"datetime": "2024-01-20 16:58:36", "elapsed": 9251.391607, "delta": 0.004902}}
{"target": -13.399273787520585, "params": {"colsample_bytree": 0.7058829810766782, "eta": 0.039842346935558264, "gamma": 557.1041993071267, "max_depth": 9.0, "min_child_weight": 3147.845532249085, "num_boost_round": 9.0, "subsample": 0.6225933206368192}, "datetime": {"datetime": "2024-01-20 16:58:36", "elapsed": 9251.396458, "delta": 0.004851}}
{"target": -13.3997314510114, "params": {"colsample_bytree": 0.7058829810766782, "eta": 0.039842346935558264, "gamma": 557.1041993071267, "max_depth": 9.0, "min_child_weight": 3147.845532249085, "num_boost_round": 10.0, "subsample": 0.6225933206368192}, "datetime": {"datetime": "2024-01-20 16:58:36", "elapsed": 9251.401289, "delta": 0.004831}}
{"target": -13.400041539244478, "params": {"colsample_bytree": 0.7058829810766782, "eta": 0.039842346935558264, "gamma": 557.1041993071267, "max_depth": 9.0, "min_child_weight": 3147.845532249085, "num_boost_round": 11.0, "subsample": 0.6225933206368192}, "datetime": {"datetime": "2024-01-20 16:58:36", "elapsed": 9251.406367, "delta": 0.005078}}
{"target": -13.397719724671415, "params": {"colsample_bytree": 0.8502169143718951, "eta": 0.03410242223955706, "gamma": 380.8846403038241, "max_depth": 4.0, "min_child_weight": 3229.038449537023, "num_boost_round": 1.0, "subsample": 0.2427125010175948}, "datetime": {"datetime": "2024-01-20 16:59:20", "elapsed": 9295.526899, "delta": 44.120532}}
{"target": -13.397523537357777, "params": {"colsample_bytree": 0.8502169143718951, "eta": 0.03410242223955706, "gamma": 380.8846403038241, "max_depth": 4.0, "min_child_weight": 3229.038449537023, "num_boost_round": 2.0, "subsample": 0.2427125010175948}, "datetime": {"datetime": "2024-01-20 16:59:20", "elapsed": 9295.534169, "delta": 0.00727}}
{"target": -13.397388142928408, "params": {"colsample_bytree": 0.8502169143718951, "eta": 0.03410242223955706, "gamma": 380.8846403038241, "max_depth": 4.0, "min_child_weight": 3229.038449537023, "num_boost_round": 3.0, "subsample": 0.2427125010175948}, "datetime": {"datetime": "2024-01-20 16:59:20", "elapsed": 9295.539366, "delta": 0.005197}}
{"target": -13.397215938156737, "params": {"colsample_bytree": 0.8502169143718951, "eta": 0.03410242223955706, "gamma": 380.8846403038241, "max_depth": 4.0, "min_child_weight": 3229.038449537023, "num_boost_round": 4.0, "subsample": 0.2427125010175948}, "datetime": {"datetime": "2024-01-20 16:59:20", "elapsed": 9295.54726, "delta": 0.007894}}
{"target": -13.397342982303726, "params": {"colsample_bytree": 0.8202531721567826, "eta": 0.08103473526409606, "gamma": 786.9882340465246, "max_depth": 4.0, "min_child_weight": 2989.6007002182264, "num_boost_round": 1.0, "subsample": 0.14567913833213156}, "datetime": {"datetime": "2024-01-20 17:00:27", "elapsed": 9361.714597, "delta": 66.167337}}
{"target": -13.396619400497201, "params": {"colsample_bytree": 0.8202531721567826, "eta": 0.08103473526409606, "gamma": 786.9882340465246, "max_depth": 4.0, "min_child_weight": 2989.6007002182264, "num_boost_round": 2.0, "subsample": 0.14567913833213156}, "datetime": {"datetime": "2024-01-20 17:00:27", "elapsed": 9361.723292, "delta": 0.008695}}
{"target": -13.396499833742826, "params": {"colsample_bytree": 0.8202531721567826, "eta": 0.08103473526409606, "gamma": 786.9882340465246, "max_depth": 4.0, "min_child_weight": 2989.6007002182264, "num_boost_round": 3.0, "subsample": 0.14567913833213156}, "datetime": {"datetime": "2024-01-20 17:00:27", "elapsed": 9361.73075, "delta": 0.007458}}
{"target": -13.396175428724826, "params": {"colsample_bytree": 0.8202531721567826, "eta": 0.08103473526409606, "gamma": 786.9882340465246, "max_depth": 4.0, "min_child_weight": 2989.6007002182264, "num_boost_round": 4.0, "subsample": 0.14567913833213156}, "datetime": {"datetime": "2024-01-20 17:00:27", "elapsed": 9361.736969, "delta": 0.006219}}
{"target": -13.395857954002542, "params": {"colsample_bytree": 0.8202531721567826, "eta": 0.08103473526409606, "gamma": 786.9882340465246, "max_depth": 4.0, "min_child_weight": 2989.6007002182264, "num_boost_round": 5.0, "subsample": 0.14567913833213156}, "datetime": {"datetime": "2024-01-20 17:00:27", "elapsed": 9361.741885, "delta": 0.004916}}
{"target": -13.395471842403257, "params": {"colsample_bytree": 0.8202531721567826, "eta": 0.08103473526409606, "gamma": 786.9882340465246, "max_depth": 4.0, "min_child_weight": 2989.6007002182264, "num_boost_round": 6.0, "subsample": 0.14567913833213156}, "datetime": {"datetime": "2024-01-20 17:00:27", "elapsed": 9361.746864, "delta": 0.004979}}
{"target": -13.39565954327347, "params": {"colsample_bytree": 0.8202531721567826, "eta": 0.08103473526409606, "gamma": 786.9882340465246, "max_depth": 4.0, "min_child_weight": 2989.6007002182264, "num_boost_round": 7.0, "subsample": 0.14567913833213156}, "datetime": {"datetime": "2024-01-20 17:00:27", "elapsed": 9361.751485, "delta": 0.004621}}
{"target": -13.396451106771325, "params": {"colsample_bytree": 0.8202531721567826, "eta": 0.08103473526409606, "gamma": 786.9882340465246, "max_depth": 4.0, "min_child_weight": 2989.6007002182264, "num_boost_round": 8.0, "subsample": 0.14567913833213156}, "datetime": {"datetime": "2024-01-20 17:00:27", "elapsed": 9361.756195, "delta": 0.00471}}
{"target": -13.396578229537411, "params": {"colsample_bytree": 0.8202531721567826, "eta": 0.08103473526409606, "gamma": 786.9882340465246, "max_depth": 4.0, "min_child_weight": 2989.6007002182264, "num_boost_round": 9.0, "subsample": 0.14567913833213156}, "datetime": {"datetime": "2024-01-20 17:00:27", "elapsed": 9361.760865, "delta": 0.00467}}
{"target": -13.396878758239488, "params": {"colsample_bytree": 0.8202531721567826, "eta": 0.08103473526409606, "gamma": 786.9882340465246, "max_depth": 4.0, "min_child_weight": 2989.6007002182264, "num_boost_round": 10.0, "subsample": 0.14567913833213156}, "datetime": {"datetime": "2024-01-20 17:00:27", "elapsed": 9361.765864, "delta": 0.004999}}
{"target": -13.396859592234595, "params": {"colsample_bytree": 0.8202531721567826, "eta": 0.08103473526409606, "gamma": 786.9882340465246, "max_depth": 4.0, "min_child_weight": 2989.6007002182264, "num_boost_round": 11.0, "subsample": 0.14567913833213156}, "datetime": {"datetime": "2024-01-20 17:00:27", "elapsed": 9361.770433, "delta": 0.004569}}
{"target": -13.397390119324108, "params": {"colsample_bytree": 0.8202531721567826, "eta": 0.08103473526409606, "gamma": 786.9882340465246, "max_depth": 4.0, "min_child_weight": 2989.6007002182264, "num_boost_round": 12.0, "subsample": 0.14567913833213156}, "datetime": {"datetime": "2024-01-20 17:00:27", "elapsed": 9361.775015, "delta": 0.004582}}
{"target": -13.397075030580167, "params": {"colsample_bytree": 0.8202531721567826, "eta": 0.08103473526409606, "gamma": 786.9882340465246, "max_depth": 4.0, "min_child_weight": 2989.6007002182264, "num_boost_round": 13.0, "subsample": 0.14567913833213156}, "datetime": {"datetime": "2024-01-20 17:00:27", "elapsed": 9361.779922, "delta": 0.004907}}
{"target": -13.397235615493585, "params": {"colsample_bytree": 0.8202531721567826, "eta": 0.08103473526409606, "gamma": 786.9882340465246, "max_depth": 4.0, "min_child_weight": 2989.6007002182264, "num_boost_round": 14.0, "subsample": 0.14567913833213156}, "datetime": {"datetime": "2024-01-20 17:00:27", "elapsed": 9361.785064, "delta": 0.005142}}
{"target": -13.397804408492725, "params": {"colsample_bytree": 0.8202531721567826, "eta": 0.08103473526409606, "gamma": 786.9882340465246, "max_depth": 4.0, "min_child_weight": 2989.6007002182264, "num_boost_round": 15.0, "subsample": 0.14567913833213156}, "datetime": {"datetime": "2024-01-20 17:00:27", "elapsed": 9361.789993, "delta": 0.004929}}
{"target": -13.397968892767425, "params": {"colsample_bytree": 0.8202531721567826, "eta": 0.08103473526409606, "gamma": 786.9882340465246, "max_depth": 4.0, "min_child_weight": 2989.6007002182264, "num_boost_round": 16.0, "subsample": 0.14567913833213156}, "datetime": {"datetime": "2024-01-20 17:00:27", "elapsed": 9361.794932, "delta": 0.004939}}
{"target": -13.398323498435484, "params": {"colsample_bytree": 0.8202531721567826, "eta": 0.08103473526409606, "gamma": 786.9882340465246, "max_depth": 4.0, "min_child_weight": 2989.6007002182264, "num_boost_round": 17.0, "subsample": 0.14567913833213156}, "datetime": {"datetime": "2024-01-20 17:00:27", "elapsed": 9361.799655, "delta": 0.004723}}
{"target": -13.397791362087712, "params": {"colsample_bytree": 0.27219629320867383, "eta": 0.09978169151203528, "gamma": 756.6217302128681, "max_depth": 9.0, "min_child_weight": 2921.8927880767133, "num_boost_round": 1.0, "subsample": 0.9693953534945723}, "datetime": {"datetime": "2024-01-20 17:01:29", "elapsed": 9423.979655, "delta": 62.18}}
{"target": -13.39815662904456, "params": {"colsample_bytree": 0.27219629320867383, "eta": 0.09978169151203528, "gamma": 756.6217302128681, "max_depth": 9.0, "min_child_weight": 2921.8927880767133, "num_boost_round": 2.0, "subsample": 0.9693953534945723}, "datetime": {"datetime": "2024-01-20 17:01:29", "elapsed": 9423.986147, "delta": 0.006492}}
{"target": -13.398819703337878, "params": {"colsample_bytree": 0.27219629320867383, "eta": 0.09978169151203528, "gamma": 756.6217302128681, "max_depth": 9.0, "min_child_weight": 2921.8927880767133, "num_boost_round": 3.0, "subsample": 0.9693953534945723}, "datetime": {"datetime": "2024-01-20 17:01:29", "elapsed": 9423.991401, "delta": 0.005254}}
{"target": -13.400609959255291, "params": {"colsample_bytree": 0.27219629320867383, "eta": 0.09978169151203528, "gamma": 756.6217302128681, "max_depth": 9.0, "min_child_weight": 2921.8927880767133, "num_boost_round": 4.0, "subsample": 0.9693953534945723}, "datetime": {"datetime": "2024-01-20 17:01:29", "elapsed": 9423.996177, "delta": 0.004776}}
{"target": -13.402305136307763, "params": {"colsample_bytree": 0.27219629320867383, "eta": 0.09978169151203528, "gamma": 756.6217302128681, "max_depth": 9.0, "min_child_weight": 2921.8927880767133, "num_boost_round": 5.0, "subsample": 0.9693953534945723}, "datetime": {"datetime": "2024-01-20 17:01:29", "elapsed": 9424.000814, "delta": 0.004637}}
{"target": -13.403218318600866, "params": {"colsample_bytree": 0.27219629320867383, "eta": 0.09978169151203528, "gamma": 756.6217302128681, "max_depth": 9.0, "min_child_weight": 2921.8927880767133, "num_boost_round": 6.0, "subsample": 0.9693953534945723}, "datetime": {"datetime": "2024-01-20 17:01:29", "elapsed": 9424.005938, "delta": 0.005124}}
{"target": -13.405076486273469, "params": {"colsample_bytree": 0.27219629320867383, "eta": 0.09978169151203528, "gamma": 756.6217302128681, "max_depth": 9.0, "min_child_weight": 2921.8927880767133, "num_boost_round": 7.0, "subsample": 0.9693953534945723}, "datetime": {"datetime": "2024-01-20 17:01:29", "elapsed": 9424.01057, "delta": 0.004632}}
{"target": -13.407467975876505, "params": {"colsample_bytree": 0.27219629320867383, "eta": 0.09978169151203528, "gamma": 756.6217302128681, "max_depth": 9.0, "min_child_weight": 2921.8927880767133, "num_boost_round": 8.0, "subsample": 0.9693953534945723}, "datetime": {"datetime": "2024-01-20 17:01:29", "elapsed": 9424.01524, "delta": 0.00467}}
{"target": -13.409046797631511, "params": {"colsample_bytree": 0.27219629320867383, "eta": 0.09978169151203528, "gamma": 756.6217302128681, "max_depth": 9.0, "min_child_weight": 2921.8927880767133, "num_boost_round": 9.0, "subsample": 0.9693953534945723}, "datetime": {"datetime": "2024-01-20 17:01:29", "elapsed": 9424.019973, "delta": 0.004733}}
{"target": -13.41049429837047, "params": {"colsample_bytree": 0.27219629320867383, "eta": 0.09978169151203528, "gamma": 756.6217302128681, "max_depth": 9.0, "min_child_weight": 2921.8927880767133, "num_boost_round": 10.0, "subsample": 0.9693953534945723}, "datetime": {"datetime": "2024-01-20 17:01:29", "elapsed": 9424.024867, "delta": 0.004894}}
{"target": -13.41176862971357, "params": {"colsample_bytree": 0.27219629320867383, "eta": 0.09978169151203528, "gamma": 756.6217302128681, "max_depth": 9.0, "min_child_weight": 2921.8927880767133, "num_boost_round": 11.0, "subsample": 0.9693953534945723}, "datetime": {"datetime": "2024-01-20 17:01:29", "elapsed": 9424.029583, "delta": 0.004716}}
{"target": -13.413143646423835, "params": {"colsample_bytree": 0.27219629320867383, "eta": 0.09978169151203528, "gamma": 756.6217302128681, "max_depth": 9.0, "min_child_weight": 2921.8927880767133, "num_boost_round": 12.0, "subsample": 0.9693953534945723}, "datetime": {"datetime": "2024-01-20 17:01:29", "elapsed": 9424.034608, "delta": 0.005025}}
{"target": -13.413924037275194, "params": {"colsample_bytree": 0.27219629320867383, "eta": 0.09978169151203528, "gamma": 756.6217302128681, "max_depth": 9.0, "min_child_weight": 2921.8927880767133, "num_boost_round": 13.0, "subsample": 0.9693953534945723}, "datetime": {"datetime": "2024-01-20 17:01:29", "elapsed": 9424.03916, "delta": 0.004552}}
{"target": -13.414270543184985, "params": {"colsample_bytree": 0.27219629320867383, "eta": 0.09978169151203528, "gamma": 756.6217302128681, "max_depth": 9.0, "min_child_weight": 2921.8927880767133, "num_boost_round": 14.0, "subsample": 0.9693953534945723}, "datetime": {"datetime": "2024-01-20 17:01:29", "elapsed": 9424.04375, "delta": 0.00459}}
{"target": -13.414591858121792, "params": {"colsample_bytree": 0.27219629320867383, "eta": 0.09978169151203528, "gamma": 756.6217302128681, "max_depth": 9.0, "min_child_weight": 2921.8927880767133, "num_boost_round": 15.0, "subsample": 0.9693953534945723}, "datetime": {"datetime": "2024-01-20 17:01:29", "elapsed": 9424.04902, "delta": 0.00527}}
{"target": -13.414998215646566, "params": {"colsample_bytree": 0.27219629320867383, "eta": 0.09978169151203528, "gamma": 756.6217302128681, "max_depth": 9.0, "min_child_weight": 2921.8927880767133, "num_boost_round": 16.0, "subsample": 0.9693953534945723}, "datetime": {"datetime": "2024-01-20 17:01:29", "elapsed": 9424.053735, "delta": 0.004715}}
{"target": -13.416171005813135, "params": {"colsample_bytree": 0.27219629320867383, "eta": 0.09978169151203528, "gamma": 756.6217302128681, "max_depth": 9.0, "min_child_weight": 2921.8927880767133, "num_boost_round": 17.0, "subsample": 0.9693953534945723}, "datetime": {"datetime": "2024-01-20 17:01:29", "elapsed": 9424.058867, "delta": 0.005132}}
{"target": -13.41728559357652, "params": {"colsample_bytree": 0.27219629320867383, "eta": 0.09978169151203528, "gamma": 756.6217302128681, "max_depth": 9.0, "min_child_weight": 2921.8927880767133, "num_boost_round": 18.0, "subsample": 0.9693953534945723}, "datetime": {"datetime": "2024-01-20 17:01:29", "elapsed": 9424.063905, "delta": 0.005038}}
{"target": -13.419364100095672, "params": {"colsample_bytree": 0.27219629320867383, "eta": 0.09978169151203528, "gamma": 756.6217302128681, "max_depth": 9.0, "min_child_weight": 2921.8927880767133, "num_boost_round": 19.0, "subsample": 0.9693953534945723}, "datetime": {"datetime": "2024-01-20 17:01:29", "elapsed": 9424.068904, "delta": 0.004999}}
{"target": -13.397816621882432, "params": {"colsample_bytree": 0.401208194537957, "eta": 0.05092881560286707, "gamma": 836.3266785492384, "max_depth": 7.0, "min_child_weight": 3306.71665369249, "num_boost_round": 1.0, "subsample": 0.9389107807687007}, "datetime": {"datetime": "2024-01-20 17:03:34", "elapsed": 9548.694134, "delta": 124.62523}}
{"target": -13.39772045895966, "params": {"colsample_bytree": 0.401208194537957, "eta": 0.05092881560286707, "gamma": 836.3266785492384, "max_depth": 7.0, "min_child_weight": 3306.71665369249, "num_boost_round": 2.0, "subsample": 0.9389107807687007}, "datetime": {"datetime": "2024-01-20 17:03:34", "elapsed": 9548.699484, "delta": 0.00535}}
{"target": -13.397639032035956, "params": {"colsample_bytree": 0.401208194537957, "eta": 0.05092881560286707, "gamma": 836.3266785492384, "max_depth": 7.0, "min_child_weight": 3306.71665369249, "num_boost_round": 3.0, "subsample": 0.9389107807687007}, "datetime": {"datetime": "2024-01-20 17:03:34", "elapsed": 9548.704342, "delta": 0.004858}}
{"target": -13.398377406784117, "params": {"colsample_bytree": 0.401208194537957, "eta": 0.05092881560286707, "gamma": 836.3266785492384, "max_depth": 7.0, "min_child_weight": 3306.71665369249, "num_boost_round": 4.0, "subsample": 0.9389107807687007}, "datetime": {"datetime": "2024-01-20 17:03:34", "elapsed": 9548.709437, "delta": 0.005095}}
{"target": -13.399396374887012, "params": {"colsample_bytree": 0.401208194537957, "eta": 0.05092881560286707, "gamma": 836.3266785492384, "max_depth": 7.0, "min_child_weight": 3306.71665369249, "num_boost_round": 5.0, "subsample": 0.9389107807687007}, "datetime": {"datetime": "2024-01-20 17:03:34", "elapsed": 9548.714165, "delta": 0.004728}}
{"target": -13.4000249547729, "params": {"colsample_bytree": 0.401208194537957, "eta": 0.05092881560286707, "gamma": 836.3266785492384, "max_depth": 7.0, "min_child_weight": 3306.71665369249, "num_boost_round": 6.0, "subsample": 0.9389107807687007}, "datetime": {"datetime": "2024-01-20 17:03:34", "elapsed": 9548.719003, "delta": 0.004838}}
{"target": -13.400820123332243, "params": {"colsample_bytree": 0.401208194537957, "eta": 0.05092881560286707, "gamma": 836.3266785492384, "max_depth": 7.0, "min_child_weight": 3306.71665369249, "num_boost_round": 7.0, "subsample": 0.9389107807687007}, "datetime": {"datetime": "2024-01-20 17:03:34", "elapsed": 9548.723638, "delta": 0.004635}}
{"target": -13.401282183241154, "params": {"colsample_bytree": 0.401208194537957, "eta": 0.05092881560286707, "gamma": 836.3266785492384, "max_depth": 7.0, "min_child_weight": 3306.71665369249, "num_boost_round": 8.0, "subsample": 0.9389107807687007}, "datetime": {"datetime": "2024-01-20 17:03:34", "elapsed": 9548.728408, "delta": 0.00477}}
{"target": -13.40202171600848, "params": {"colsample_bytree": 0.401208194537957, "eta": 0.05092881560286707, "gamma": 836.3266785492384, "max_depth": 7.0, "min_child_weight": 3306.71665369249, "num_boost_round": 9.0, "subsample": 0.9389107807687007}, "datetime": {"datetime": "2024-01-20 17:03:34", "elapsed": 9548.73325, "delta": 0.004842}}
{"target": -13.402376495160341, "params": {"colsample_bytree": 0.401208194537957, "eta": 0.05092881560286707, "gamma": 836.3266785492384, "max_depth": 7.0, "min_child_weight": 3306.71665369249, "num_boost_round": 10.0, "subsample": 0.9389107807687007}, "datetime": {"datetime": "2024-01-20 17:03:34", "elapsed": 9548.738127, "delta": 0.004877}}
{"target": -13.402641625214573, "params": {"colsample_bytree": 0.401208194537957, "eta": 0.05092881560286707, "gamma": 836.3266785492384, "max_depth": 7.0, "min_child_weight": 3306.71665369249, "num_boost_round": 11.0, "subsample": 0.9389107807687007}, "datetime": {"datetime": "2024-01-20 17:03:34", "elapsed": 9548.743023, "delta": 0.004896}}
{"target": -13.40299578460702, "params": {"colsample_bytree": 0.401208194537957, "eta": 0.05092881560286707, "gamma": 836.3266785492384, "max_depth": 7.0, "min_child_weight": 3306.71665369249, "num_boost_round": 12.0, "subsample": 0.9389107807687007}, "datetime": {"datetime": "2024-01-20 17:03:34", "elapsed": 9548.748023, "delta": 0.005}}
{"target": -13.403305499912154, "params": {"colsample_bytree": 0.401208194537957, "eta": 0.05092881560286707, "gamma": 836.3266785492384, "max_depth": 7.0, "min_child_weight": 3306.71665369249, "num_boost_round": 13.0, "subsample": 0.9389107807687007}, "datetime": {"datetime": "2024-01-20 17:03:34", "elapsed": 9548.752724, "delta": 0.004701}}
{"target": -13.40361278107698, "params": {"colsample_bytree": 0.401208194537957, "eta": 0.05092881560286707, "gamma": 836.3266785492384, "max_depth": 7.0, "min_child_weight": 3306.71665369249, "num_boost_round": 14.0, "subsample": 0.9389107807687007}, "datetime": {"datetime": "2024-01-20 17:03:34", "elapsed": 9548.757607, "delta": 0.004883}}
