{"target": -10.475397029627082, "params": {"colsample_bytree": 0.9988137020677588, "eta": 0.006220568684565648, "gamma": 320.54545679699464, "max_depth": 9.0, "min_child_weight": 4213.468395795935, "num_boost_round": 7.0, "subsample": 0.30591832108805106}, "datetime": {"datetime": "2024-01-20 13:39:25", "elapsed": 858.018592, "delta": 0.001288}}
{"target": -10.47527900218353, "params": {"colsample_bytree": 0.9988137020677588, "eta": 0.006220568684565648, "gamma": 320.54545679699464, "max_depth": 9.0, "min_child_weight": 4213.468395795935, "num_boost_round": 8.0, "subsample": 0.30591832108805106}, "datetime": {"datetime": "2024-01-20 13:39:25", "elapsed": 858.019878, "delta": 0.001286}}
{"target": -10.475194631198839, "params": {"colsample_bytree": 0.9988137020677588, "eta": 0.006220568684565648, "gamma": 320.54545679699464, "max_depth": 9.0, "min_child_weight": 4213.468395795935, "num_boost_round": 9.0, "subsample": 0.30591832108805106}, "datetime": {"datetime": "2024-01-20 13:39:25", "elapsed": 858.021244, "delta": 0.001366}}
{"target": -10.475098731317214, "params": {"colsample_bytree": 0.9988137020677588, "eta": 0.006220568684565648, "gamma": 320.54545679699464, "max_depth": 9.0, "min_child_weight": 4213.468395795935, "num_boost_round": 10.0, "subsample": 0.30591832108805106}, "datetime": {"datetime": "2024-01-20 13:39:25", "elapsed": 858.022584, "delta": 0.00134}}
{"target": -10.475002875938646, "params": {"colsample_bytree": 0.9988137020677588, "eta": 0.006220568684565648, "gamma": 320.54545679699464, "max_depth": 9.0, "min_child_weight": 4213.468395795935, "num_boost_round": 11.0, "subsample": 0.30591832108805106}, "datetime": {"datetime": "2024-01-20 13:39:25", "elapsed": 858.023918, "delta": 0.001334}}
{"target": -10.474917629095543, "params": {"colsample_bytree": 0.9988137020677588, "eta": 0.006220568684565648, "gamma": 320.54545679699464, "max_depth": 9.0, "min_child_weight": 4213.468395795935, "num_boost_round": 12.0, "subsample": 0.30591832108805106}, "datetime": {"datetime": "2024-01-20 13:39:25", "elapsed": 858.02523, "delta": 0.001312}}
{"target": -10.474837131237589, "params": {"colsample_bytree": 0.9988137020677588, "eta": 0.006220568684565648, "gamma": 320.54545679699464, "max_depth": 9.0, "min_child_weight": 4213.468395795935, "num_boost_round": 13.0, "subsample": 0.30591832108805106}, "datetime": {"datetime": "2024-01-20 13:39:25", "elapsed": 858.026556, "delta": 0.001326}}
{"target": -10.4747693225661, "params": {"colsample_bytree": 0.9988137020677588, "eta": 0.006220568684565648, "gamma": 320.54545679699464, "max_depth": 9.0, "min_child_weight": 4213.468395795935, "num_boost_round": 14.0, "subsample": 0.30591832108805106}, "datetime": {"datetime": "2024-01-20 13:39:25", "elapsed": 858.027899, "delta": 0.001343}}
{"target": -10.474664547826634, "params": {"colsample_bytree": 0.9988137020677588, "eta": 0.006220568684565648, "gamma": 320.54545679699464, "max_depth": 9.0, "min_child_weight": 4213.468395795935, "num_boost_round": 15.0, "subsample": 0.30591832108805106}, "datetime": {"datetime": "2024-01-20 13:39:25", "elapsed": 858.029221, "delta": 0.001322}}
{"target": -10.474620084820838, "params": {"colsample_bytree": 0.9988137020677588, "eta": 0.006220568684565648, "gamma": 320.54545679699464, "max_depth": 9.0, "min_child_weight": 4213.468395795935, "num_boost_round": 16.0, "subsample": 0.30591832108805106}, "datetime": {"datetime": "2024-01-20 13:39:25", "elapsed": 858.03055, "delta": 0.001329}}
{"target": -10.474527840923177, "params": {"colsample_bytree": 0.9988137020677588, "eta": 0.006220568684565648, "gamma": 320.54545679699464, "max_depth": 9.0, "min_child_weight": 4213.468395795935, "num_boost_round": 17.0, "subsample": 0.30591832108805106}, "datetime": {"datetime": "2024-01-20 13:39:25", "elapsed": 858.031877, "delta": 0.001327}}
{"target": -10.474457053506274, "params": {"colsample_bytree": 0.9988137020677588, "eta": 0.006220568684565648, "gamma": 320.54545679699464, "max_depth": 9.0, "min_child_weight": 4213.468395795935, "num_boost_round": 18.0, "subsample": 0.30591832108805106}, "datetime": {"datetime": "2024-01-20 13:39:25", "elapsed": 858.033212, "delta": 0.001335}}
{"target": -10.474364406266535, "params": {"colsample_bytree": 0.9988137020677588, "eta": 0.006220568684565648, "gamma": 320.54545679699464, "max_depth": 9.0, "min_child_weight": 4213.468395795935, "num_boost_round": 19.0, "subsample": 0.30591832108805106}, "datetime": {"datetime": "2024-01-20 13:39:25", "elapsed": 858.034557, "delta": 0.001345}}
{"target": -10.474288951468369, "params": {"colsample_bytree": 0.9988137020677588, "eta": 0.006220568684565648, "gamma": 320.54545679699464, "max_depth": 9.0, "min_child_weight": 4213.468395795935, "num_boost_round": 20.0, "subsample": 0.30591832108805106}, "datetime": {"datetime": "2024-01-20 13:39:25", "elapsed": 858.03588, "delta": 0.001323}}
{"target": -10.47422935962738, "params": {"colsample_bytree": 0.9988137020677588, "eta": 0.006220568684565648, "gamma": 320.54545679699464, "max_depth": 9.0, "min_child_weight": 4213.468395795935, "num_boost_round": 21.0, "subsample": 0.30591832108805106}, "datetime": {"datetime": "2024-01-20 13:39:25", "elapsed": 858.037218, "delta": 0.001338}}
{"target": -10.474152467758245, "params": {"colsample_bytree": 0.9988137020677588, "eta": 0.006220568684565648, "gamma": 320.54545679699464, "max_depth": 9.0, "min_child_weight": 4213.468395795935, "num_boost_round": 22.0, "subsample": 0.30591832108805106}, "datetime": {"datetime": "2024-01-20 13:39:25", "elapsed": 858.038563, "delta": 0.001345}}
{"target": -10.474084294772945, "params": {"colsample_bytree": 0.9988137020677588, "eta": 0.006220568684565648, "gamma": 320.54545679699464, "max_depth": 9.0, "min_child_weight": 4213.468395795935, "num_boost_round": 23.0, "subsample": 0.30591832108805106}, "datetime": {"datetime": "2024-01-20 13:39:25", "elapsed": 858.039873, "delta": 0.00131}}
{"target": -10.474018683762715, "params": {"colsample_bytree": 0.9988137020677588, "eta": 0.006220568684565648, "gamma": 320.54545679699464, "max_depth": 9.0, "min_child_weight": 4213.468395795935, "num_boost_round": 24.0, "subsample": 0.30591832108805106}, "datetime": {"datetime": "2024-01-20 13:39:25", "elapsed": 858.041207, "delta": 0.001334}}
{"target": -10.473977145973585, "params": {"colsample_bytree": 0.9988137020677588, "eta": 0.006220568684565648, "gamma": 320.54545679699464, "max_depth": 9.0, "min_child_weight": 4213.468395795935, "num_boost_round": 25.0, "subsample": 0.30591832108805106}, "datetime": {"datetime": "2024-01-20 13:39:26", "elapsed": 858.042568, "delta": 0.001361}}
{"target": -10.473918016652295, "params": {"colsample_bytree": 0.9988137020677588, "eta": 0.006220568684565648, "gamma": 320.54545679699464, "max_depth": 9.0, "min_child_weight": 4213.468395795935, "num_boost_round": 26.0, "subsample": 0.30591832108805106}, "datetime": {"datetime": "2024-01-20 13:39:26", "elapsed": 858.043894, "delta": 0.001326}}
{"target": -10.47385082815708, "params": {"colsample_bytree": 0.9988137020677588, "eta": 0.006220568684565648, "gamma": 320.54545679699464, "max_depth": 9.0, "min_child_weight": 4213.468395795935, "num_boost_round": 27.0, "subsample": 0.30591832108805106}, "datetime": {"datetime": "2024-01-20 13:39:26", "elapsed": 858.04522, "delta": 0.001326}}
{"target": -10.473812929907787, "params": {"colsample_bytree": 0.9988137020677588, "eta": 0.006220568684565648, "gamma": 320.54545679699464, "max_depth": 9.0, "min_child_weight": 4213.468395795935, "num_boost_round": 28.0, "subsample": 0.30591832108805106}, "datetime": {"datetime": "2024-01-20 13:39:26", "elapsed": 858.046539, "delta": 0.001319}}
{"target": -10.473762355516655, "params": {"colsample_bytree": 0.9988137020677588, "eta": 0.006220568684565648, "gamma": 320.54545679699464, "max_depth": 9.0, "min_child_weight": 4213.468395795935, "num_boost_round": 29.0, "subsample": 0.30591832108805106}, "datetime": {"datetime": "2024-01-20 13:39:26", "elapsed": 858.047856, "delta": 0.001317}}
{"target": -10.47371520855772, "params": {"colsample_bytree": 0.9988137020677588, "eta": 0.006220568684565648, "gamma": 320.54545679699464, "max_depth": 9.0, "min_child_weight": 4213.468395795935, "num_boost_round": 30.0, "subsample": 0.30591832108805106}, "datetime": {"datetime": "2024-01-20 13:39:26", "elapsed": 858.049187, "delta": 0.001331}}
{"target": -10.473648504179891, "params": {"colsample_bytree": 0.9988137020677588, "eta": 0.006220568684565648, "gamma": 320.54545679699464, "max_depth": 9.0, "min_child_weight": 4213.468395795935, "num_boost_round": 31.0, "subsample": 0.30591832108805106}, "datetime": {"datetime": "2024-01-20 13:39:26", "elapsed": 858.050511, "delta": 0.001324}}
{"target": -10.473599440324726, "params": {"colsample_bytree": 0.9988137020677588, "eta": 0.006220568684565648, "gamma": 320.54545679699464, "max_depth": 9.0, "min_child_weight": 4213.468395795935, "num_boost_round": 32.0, "subsample": 0.30591832108805106}, "datetime": {"datetime": "2024-01-20 13:39:26", "elapsed": 858.051831, "delta": 0.00132}}
{"target": -10.473529151856315, "params": {"colsample_bytree": 0.9988137020677588, "eta": 0.006220568684565648, "gamma": 320.54545679699464, "max_depth": 9.0, "min_child_weight": 4213.468395795935, "num_boost_round": 33.0, "subsample": 0.30591832108805106}, "datetime": {"datetime": "2024-01-20 13:39:26", "elapsed": 858.053168, "delta": 0.001337}}
{"target": -10.473450285284848, "params": {"colsample_bytree": 0.9988137020677588, "eta": 0.006220568684565648, "gamma": 320.54545679699464, "max_depth": 9.0, "min_child_weight": 4213.468395795935, "num_boost_round": 34.0, "subsample": 0.30591832108805106}, "datetime": {"datetime": "2024-01-20 13:39:26", "elapsed": 858.054494, "delta": 0.001326}}
{"target": -10.47342166205924, "params": {"colsample_bytree": 0.9988137020677588, "eta": 0.006220568684565648, "gamma": 320.54545679699464, "max_depth": 9.0, "min_child_weight": 4213.468395795935, "num_boost_round": 35.0, "subsample": 0.30591832108805106}, "datetime": {"datetime": "2024-01-20 13:39:26", "elapsed": 858.05581, "delta": 0.001316}}
{"target": -10.473347117385506, "params": {"colsample_bytree": 0.9988137020677588, "eta": 0.006220568684565648, "gamma": 320.54545679699464, "max_depth": 9.0, "min_child_weight": 4213.468395795935, "num_boost_round": 36.0, "subsample": 0.30591832108805106}, "datetime": {"datetime": "2024-01-20 13:39:26", "elapsed": 858.057152, "delta": 0.001342}}
{"target": -10.473297483127729, "params": {"colsample_bytree": 0.9988137020677588, "eta": 0.006220568684565648, "gamma": 320.54545679699464, "max_depth": 9.0, "min_child_weight": 4213.468395795935, "num_boost_round": 37.0, "subsample": 0.30591832108805106}, "datetime": {"datetime": "2024-01-20 13:39:26", "elapsed": 858.058512, "delta": 0.00136}}
{"target": -10.473241733001418, "params": {"colsample_bytree": 0.9988137020677588, "eta": 0.006220568684565648, "gamma": 320.54545679699464, "max_depth": 9.0, "min_child_weight": 4213.468395795935, "num_boost_round": 38.0, "subsample": 0.30591832108805106}, "datetime": {"datetime": "2024-01-20 13:39:26", "elapsed": 858.05986, "delta": 0.001348}}
{"target": -10.473194194270334, "params": {"colsample_bytree": 0.9988137020677588, "eta": 0.006220568684565648, "gamma": 320.54545679699464, "max_depth": 9.0, "min_child_weight": 4213.468395795935, "num_boost_round": 39.0, "subsample": 0.30591832108805106}, "datetime": {"datetime": "2024-01-20 13:39:26", "elapsed": 858.061207, "delta": 0.001347}}
{"target": -10.475497617272943, "params": {"colsample_bytree": 0.5142786024559084, "eta": 0.09157619875696414, "gamma": 278.94876345425746, "max_depth": 6.0, "min_child_weight": 4170.777096673906, "num_boost_round": 1.0, "subsample": 0.7513594094388405}, "datetime": {"datetime": "2024-01-20 13:40:32", "elapsed": 924.394044, "delta": 66.332837}}
{"target": -10.47399458589373, "params": {"colsample_bytree": 0.5142786024559084, "eta": 0.09157619875696414, "gamma": 278.94876345425746, "max_depth": 6.0, "min_child_weight": 4170.777096673906, "num_boost_round": 2.0, "subsample": 0.7513594094388405}, "datetime": {"datetime": "2024-01-20 13:40:32", "elapsed": 924.395924, "delta": 0.00188}}
{"target": -10.473981898444274, "params": {"colsample_bytree": 0.5142786024559084, "eta": 0.09157619875696414, "gamma": 278.94876345425746, "max_depth": 6.0, "min_child_weight": 4170.777096673906, "num_boost_round": 3.0, "subsample": 0.7513594094388405}, "datetime": {"datetime": "2024-01-20 13:40:32", "elapsed": 924.3978, "delta": 0.001876}}
{"target": -10.473645316427085, "params": {"colsample_bytree": 0.5142786024559084, "eta": 0.09157619875696414, "gamma": 278.94876345425746, "max_depth": 6.0, "min_child_weight": 4170.777096673906, "num_boost_round": 4.0, "subsample": 0.7513594094388405}, "datetime": {"datetime": "2024-01-20 13:40:32", "elapsed": 924.399827, "delta": 0.002027}}
{"target": -10.47327174117958, "params": {"colsample_bytree": 0.5142786024559084, "eta": 0.09157619875696414, "gamma": 278.94876345425746, "max_depth": 6.0, "min_child_weight": 4170.777096673906, "num_boost_round": 5.0, "subsample": 0.7513594094388405}, "datetime": {"datetime": "2024-01-20 13:40:32", "elapsed": 924.401201, "delta": 0.001374}}
{"target": -10.473766389173829, "params": {"colsample_bytree": 0.5142786024559084, "eta": 0.09157619875696414, "gamma": 278.94876345425746, "max_depth": 6.0, "min_child_weight": 4170.777096673906, "num_boost_round": 6.0, "subsample": 0.7513594094388405}, "datetime": {"datetime": "2024-01-20 13:40:32", "elapsed": 924.402594, "delta": 0.001393}}
{"target": -10.473971866840904, "params": {"colsample_bytree": 0.5142786024559084, "eta": 0.09157619875696414, "gamma": 278.94876345425746, "max_depth": 6.0, "min_child_weight": 4170.777096673906, "num_boost_round": 7.0, "subsample": 0.7513594094388405}, "datetime": {"datetime": "2024-01-20 13:40:32", "elapsed": 924.403942, "delta": 0.001348}}
{"target": -10.473541056002075, "params": {"colsample_bytree": 0.5142786024559084, "eta": 0.09157619875696414, "gamma": 278.94876345425746, "max_depth": 6.0, "min_child_weight": 4170.777096673906, "num_boost_round": 8.0, "subsample": 0.7513594094388405}, "datetime": {"datetime": "2024-01-20 13:40:32", "elapsed": 924.405293, "delta": 0.001351}}
{"target": -10.474159404492337, "params": {"colsample_bytree": 0.5142786024559084, "eta": 0.09157619875696414, "gamma": 278.94876345425746, "max_depth": 6.0, "min_child_weight": 4170.777096673906, "num_boost_round": 9.0, "subsample": 0.7513594094388405}, "datetime": {"datetime": "2024-01-20 13:40:32", "elapsed": 924.406638, "delta": 0.001345}}
{"target": -10.474254220502349, "params": {"colsample_bytree": 0.5142786024559084, "eta": 0.09157619875696414, "gamma": 278.94876345425746, "max_depth": 6.0, "min_child_weight": 4170.777096673906, "num_boost_round": 10.0, "subsample": 0.7513594094388405}, "datetime": {"datetime": "2024-01-20 13:40:32", "elapsed": 924.407997, "delta": 0.001359}}
{"target": -10.474962288573968, "params": {"colsample_bytree": 0.5142786024559084, "eta": 0.09157619875696414, "gamma": 278.94876345425746, "max_depth": 6.0, "min_child_weight": 4170.777096673906, "num_boost_round": 11.0, "subsample": 0.7513594094388405}, "datetime": {"datetime": "2024-01-20 13:40:32", "elapsed": 924.409455, "delta": 0.001458}}
{"target": -10.475460030804154, "params": {"colsample_bytree": 0.5142786024559084, "eta": 0.09157619875696414, "gamma": 278.94876345425746, "max_depth": 6.0, "min_child_weight": 4170.777096673906, "num_boost_round": 12.0, "subsample": 0.7513594094388405}, "datetime": {"datetime": "2024-01-20 13:40:32", "elapsed": 924.410886, "delta": 0.001431}}
{"target": -10.47598052793239, "params": {"colsample_bytree": 0.5142786024559084, "eta": 0.09157619875696414, "gamma": 278.94876345425746, "max_depth": 6.0, "min_child_weight": 4170.777096673906, "num_boost_round": 13.0, "subsample": 0.7513594094388405}, "datetime": {"datetime": "2024-01-20 13:40:32", "elapsed": 924.412251, "delta": 0.001365}}
{"target": -10.475898115040675, "params": {"colsample_bytree": 0.5142786024559084, "eta": 0.09157619875696414, "gamma": 278.94876345425746, "max_depth": 6.0, "min_child_weight": 4170.777096673906, "num_boost_round": 14.0, "subsample": 0.7513594094388405}, "datetime": {"datetime": "2024-01-20 13:40:32", "elapsed": 924.413592, "delta": 0.001341}}
{"target": -10.47660983873143, "params": {"colsample_bytree": 0.5142786024559084, "eta": 0.09157619875696414, "gamma": 278.94876345425746, "max_depth": 6.0, "min_child_weight": 4170.777096673906, "num_boost_round": 15.0, "subsample": 0.7513594094388405}, "datetime": {"datetime": "2024-01-20 13:40:32", "elapsed": 924.414938, "delta": 0.001346}}
{"target": -10.47718022113894, "params": {"colsample_bytree": 0.5142786024559084, "eta": 0.09157619875696414, "gamma": 278.94876345425746, "max_depth": 6.0, "min_child_weight": 4170.777096673906, "num_boost_round": 16.0, "subsample": 0.7513594094388405}, "datetime": {"datetime": "2024-01-20 13:40:32", "elapsed": 924.4163, "delta": 0.001362}}
{"target": -10.478059104045567, "params": {"colsample_bytree": 0.5142786024559084, "eta": 0.09157619875696414, "gamma": 278.94876345425746, "max_depth": 6.0, "min_child_weight": 4170.777096673906, "num_boost_round": 17.0, "subsample": 0.7513594094388405}, "datetime": {"datetime": "2024-01-20 13:40:32", "elapsed": 924.417799, "delta": 0.001499}}
{"target": -10.478289925394161, "params": {"colsample_bytree": 0.5142786024559084, "eta": 0.09157619875696414, "gamma": 278.94876345425746, "max_depth": 6.0, "min_child_weight": 4170.777096673906, "num_boost_round": 18.0, "subsample": 0.7513594094388405}, "datetime": {"datetime": "2024-01-20 13:40:32", "elapsed": 924.419181, "delta": 0.001382}}
{"target": -10.478523489324099, "params": {"colsample_bytree": 0.5142786024559084, "eta": 0.09157619875696414, "gamma": 278.94876345425746, "max_depth": 6.0, "min_child_weight": 4170.777096673906, "num_boost_round": 19.0, "subsample": 0.7513594094388405}, "datetime": {"datetime": "2024-01-20 13:40:32", "elapsed": 924.420551, "delta": 0.00137}}
{"target": -10.479240197148279, "params": {"colsample_bytree": 0.5142786024559084, "eta": 0.09157619875696414, "gamma": 278.94876345425746, "max_depth": 6.0, "min_child_weight": 4170.777096673906, "num_boost_round": 20.0, "subsample": 0.7513594094388405}, "datetime": {"datetime": "2024-01-20 13:40:32", "elapsed": 924.42189, "delta": 0.001339}}
{"target": -10.479962891964735, "params": {"colsample_bytree": 0.5142786024559084, "eta": 0.09157619875696414, "gamma": 278.94876345425746, "max_depth": 6.0, "min_child_weight": 4170.777096673906, "num_boost_round": 21.0, "subsample": 0.7513594094388405}, "datetime": {"datetime": "2024-01-20 13:40:32", "elapsed": 924.423274, "delta": 0.001384}}
{"target": -10.480096455450068, "params": {"colsample_bytree": 0.5142786024559084, "eta": 0.09157619875696414, "gamma": 278.94876345425746, "max_depth": 6.0, "min_child_weight": 4170.777096673906, "num_boost_round": 22.0, "subsample": 0.7513594094388405}, "datetime": {"datetime": "2024-01-20 13:40:32", "elapsed": 924.42465, "delta": 0.001376}}
{"target": -10.480625157548111, "params": {"colsample_bytree": 0.5142786024559084, "eta": 0.09157619875696414, "gamma": 278.94876345425746, "max_depth": 6.0, "min_child_weight": 4170.777096673906, "num_boost_round": 23.0, "subsample": 0.7513594094388405}, "datetime": {"datetime": "2024-01-20 13:40:32", "elapsed": 924.426004, "delta": 0.001354}}
{"target": -10.481198413171763, "params": {"colsample_bytree": 0.5142786024559084, "eta": 0.09157619875696414, "gamma": 278.94876345425746, "max_depth": 6.0, "min_child_weight": 4170.777096673906, "num_boost_round": 24.0, "subsample": 0.7513594094388405}, "datetime": {"datetime": "2024-01-20 13:40:32", "elapsed": 924.427369, "delta": 0.001365}}
{"target": -10.48188338931589, "params": {"colsample_bytree": 0.5142786024559084, "eta": 0.09157619875696414, "gamma": 278.94876345425746, "max_depth": 6.0, "min_child_weight": 4170.777096673906, "num_boost_round": 25.0, "subsample": 0.7513594094388405}, "datetime": {"datetime": "2024-01-20 13:40:32", "elapsed": 924.428742, "delta": 0.001373}}
{"target": -10.482865458451187, "params": {"colsample_bytree": 0.5142786024559084, "eta": 0.09157619875696414, "gamma": 278.94876345425746, "max_depth": 6.0, "min_child_weight": 4170.777096673906, "num_boost_round": 26.0, "subsample": 0.7513594094388405}, "datetime": {"datetime": "2024-01-20 13:40:32", "elapsed": 924.430157, "delta": 0.001415}}
{"target": -10.483404956224058, "params": {"colsample_bytree": 0.5142786024559084, "eta": 0.09157619875696414, "gamma": 278.94876345425746, "max_depth": 6.0, "min_child_weight": 4170.777096673906, "num_boost_round": 27.0, "subsample": 0.7513594094388405}, "datetime": {"datetime": "2024-01-20 13:40:32", "elapsed": 924.431521, "delta": 0.001364}}
{"target": -10.484081698074691, "params": {"colsample_bytree": 0.5142786024559084, "eta": 0.09157619875696414, "gamma": 278.94876345425746, "max_depth": 6.0, "min_child_weight": 4170.777096673906, "num_boost_round": 28.0, "subsample": 0.7513594094388405}, "datetime": {"datetime": "2024-01-20 13:40:32", "elapsed": 924.43289, "delta": 0.001369}}
{"target": -10.484588178764664, "params": {"colsample_bytree": 0.5142786024559084, "eta": 0.09157619875696414, "gamma": 278.94876345425746, "max_depth": 6.0, "min_child_weight": 4170.777096673906, "num_boost_round": 29.0, "subsample": 0.7513594094388405}, "datetime": {"datetime": "2024-01-20 13:40:32", "elapsed": 924.43427, "delta": 0.00138}}
{"target": -10.4850128033988, "params": {"colsample_bytree": 0.5142786024559084, "eta": 0.09157619875696414, "gamma": 278.94876345425746, "max_depth": 6.0, "min_child_weight": 4170.777096673906, "num_boost_round": 30.0, "subsample": 0.7513594094388405}, "datetime": {"datetime": "2024-01-20 13:40:32", "elapsed": 924.435634, "delta": 0.001364}}
