{"target": -12.342726047672079, "params": {"colsample_bytree": 0.5626329001580033, "eta": 0.04898146261388749, "gamma": 696.5727706514543, "max_depth": 9.0, "min_child_weight": 4285.439030293792, "num_boost_round": 25.0, "subsample": 0.5592983152777107}, "datetime": {"datetime": "2024-01-20 16:28:30", "elapsed": 7476.43379, "delta": 0.008009}}
{"target": -12.342633791858653, "params": {"colsample_bytree": 0.5626329001580033, "eta": 0.04898146261388749, "gamma": 696.5727706514543, "max_depth": 9.0, "min_child_weight": 4285.439030293792, "num_boost_round": 26.0, "subsample": 0.5592983152777107}, "datetime": {"datetime": "2024-01-20 16:28:30", "elapsed": 7476.441502, "delta": 0.007712}}
{"target": -12.342841845482653, "params": {"colsample_bytree": 0.5626329001580033, "eta": 0.04898146261388749, "gamma": 696.5727706514543, "max_depth": 9.0, "min_child_weight": 4285.439030293792, "num_boost_round": 27.0, "subsample": 0.5592983152777107}, "datetime": {"datetime": "2024-01-20 16:28:30", "elapsed": 7476.448806, "delta": 0.007304}}
{"target": -12.342002064495958, "params": {"colsample_bytree": 0.5626329001580033, "eta": 0.04898146261388749, "gamma": 696.5727706514543, "max_depth": 9.0, "min_child_weight": 4285.439030293792, "num_boost_round": 28.0, "subsample": 0.5592983152777107}, "datetime": {"datetime": "2024-01-20 16:28:30", "elapsed": 7476.463806, "delta": 0.015}}
{"target": -12.341762018891112, "params": {"colsample_bytree": 0.5626329001580033, "eta": 0.04898146261388749, "gamma": 696.5727706514543, "max_depth": 9.0, "min_child_weight": 4285.439030293792, "num_boost_round": 29.0, "subsample": 0.5592983152777107}, "datetime": {"datetime": "2024-01-20 16:28:30", "elapsed": 7476.471753, "delta": 0.007947}}
{"target": -12.341557804767357, "params": {"colsample_bytree": 0.5626329001580033, "eta": 0.04898146261388749, "gamma": 696.5727706514543, "max_depth": 9.0, "min_child_weight": 4285.439030293792, "num_boost_round": 30.0, "subsample": 0.5592983152777107}, "datetime": {"datetime": "2024-01-20 16:28:30", "elapsed": 7476.479592, "delta": 0.007839}}
{"target": -12.341139256916644, "params": {"colsample_bytree": 0.5626329001580033, "eta": 0.04898146261388749, "gamma": 696.5727706514543, "max_depth": 9.0, "min_child_weight": 4285.439030293792, "num_boost_round": 31.0, "subsample": 0.5592983152777107}, "datetime": {"datetime": "2024-01-20 16:28:30", "elapsed": 7476.486979, "delta": 0.007387}}
{"target": -12.341227225519976, "params": {"colsample_bytree": 0.5626329001580033, "eta": 0.04898146261388749, "gamma": 696.5727706514543, "max_depth": 9.0, "min_child_weight": 4285.439030293792, "num_boost_round": 32.0, "subsample": 0.5592983152777107}, "datetime": {"datetime": "2024-01-20 16:28:30", "elapsed": 7476.494287, "delta": 0.007308}}
{"target": -12.341490445276545, "params": {"colsample_bytree": 0.5626329001580033, "eta": 0.04898146261388749, "gamma": 696.5727706514543, "max_depth": 9.0, "min_child_weight": 4285.439030293792, "num_boost_round": 33.0, "subsample": 0.5592983152777107}, "datetime": {"datetime": "2024-01-20 16:28:30", "elapsed": 7476.501676, "delta": 0.007389}}
{"target": -12.341987868738777, "params": {"colsample_bytree": 0.5626329001580033, "eta": 0.04898146261388749, "gamma": 696.5727706514543, "max_depth": 9.0, "min_child_weight": 4285.439030293792, "num_boost_round": 34.0, "subsample": 0.5592983152777107}, "datetime": {"datetime": "2024-01-20 16:28:30", "elapsed": 7476.508837, "delta": 0.007161}}
{"target": -12.342051629415542, "params": {"colsample_bytree": 0.5626329001580033, "eta": 0.04898146261388749, "gamma": 696.5727706514543, "max_depth": 9.0, "min_child_weight": 4285.439030293792, "num_boost_round": 35.0, "subsample": 0.5592983152777107}, "datetime": {"datetime": "2024-01-20 16:28:30", "elapsed": 7476.516667, "delta": 0.00783}}
{"target": -12.341805079724178, "params": {"colsample_bytree": 0.5626329001580033, "eta": 0.04898146261388749, "gamma": 696.5727706514543, "max_depth": 9.0, "min_child_weight": 4285.439030293792, "num_boost_round": 36.0, "subsample": 0.5592983152777107}, "datetime": {"datetime": "2024-01-20 16:28:30", "elapsed": 7476.5246, "delta": 0.007933}}
{"target": -12.341834790692374, "params": {"colsample_bytree": 0.5626329001580033, "eta": 0.04898146261388749, "gamma": 696.5727706514543, "max_depth": 9.0, "min_child_weight": 4285.439030293792, "num_boost_round": 37.0, "subsample": 0.5592983152777107}, "datetime": {"datetime": "2024-01-20 16:28:30", "elapsed": 7476.532236, "delta": 0.007636}}
{"target": -12.35785300513841, "params": {"colsample_bytree": 0.36504513042114384, "eta": 0.026785585542247643, "gamma": 655.946848549506, "max_depth": 8.0, "min_child_weight": 4242.658913264874, "num_boost_round": 1.0, "subsample": 0.41413060832428106}, "datetime": {"datetime": "2024-01-20 16:30:06", "elapsed": 7572.84502, "delta": 96.312784}}
{"target": -12.357199720565912, "params": {"colsample_bytree": 0.36504513042114384, "eta": 0.026785585542247643, "gamma": 655.946848549506, "max_depth": 8.0, "min_child_weight": 4242.658913264874, "num_boost_round": 2.0, "subsample": 0.41413060832428106}, "datetime": {"datetime": "2024-01-20 16:30:06", "elapsed": 7572.854316, "delta": 0.009296}}
{"target": -12.35536005445529, "params": {"colsample_bytree": 0.36504513042114384, "eta": 0.026785585542247643, "gamma": 655.946848549506, "max_depth": 8.0, "min_child_weight": 4242.658913264874, "num_boost_round": 3.0, "subsample": 0.41413060832428106}, "datetime": {"datetime": "2024-01-20 16:30:06", "elapsed": 7572.861923, "delta": 0.007607}}
{"target": -12.355473478726587, "params": {"colsample_bytree": 0.36504513042114384, "eta": 0.026785585542247643, "gamma": 655.946848549506, "max_depth": 8.0, "min_child_weight": 4242.658913264874, "num_boost_round": 4.0, "subsample": 0.41413060832428106}, "datetime": {"datetime": "2024-01-20 16:30:06", "elapsed": 7572.86875, "delta": 0.006827}}
{"target": -12.354736198568794, "params": {"colsample_bytree": 0.36504513042114384, "eta": 0.026785585542247643, "gamma": 655.946848549506, "max_depth": 8.0, "min_child_weight": 4242.658913264874, "num_boost_round": 5.0, "subsample": 0.41413060832428106}, "datetime": {"datetime": "2024-01-20 16:30:06", "elapsed": 7572.875424, "delta": 0.006674}}
{"target": -12.354181927428522, "params": {"colsample_bytree": 0.36504513042114384, "eta": 0.026785585542247643, "gamma": 655.946848549506, "max_depth": 8.0, "min_child_weight": 4242.658913264874, "num_boost_round": 6.0, "subsample": 0.41413060832428106}, "datetime": {"datetime": "2024-01-20 16:30:06", "elapsed": 7572.882135, "delta": 0.006711}}
{"target": -12.354071843287992, "params": {"colsample_bytree": 0.36504513042114384, "eta": 0.026785585542247643, "gamma": 655.946848549506, "max_depth": 8.0, "min_child_weight": 4242.658913264874, "num_boost_round": 7.0, "subsample": 0.41413060832428106}, "datetime": {"datetime": "2024-01-20 16:30:06", "elapsed": 7572.888665, "delta": 0.00653}}
{"target": -12.353359217595488, "params": {"colsample_bytree": 0.36504513042114384, "eta": 0.026785585542247643, "gamma": 655.946848549506, "max_depth": 8.0, "min_child_weight": 4242.658913264874, "num_boost_round": 8.0, "subsample": 0.41413060832428106}, "datetime": {"datetime": "2024-01-20 16:30:06", "elapsed": 7572.895087, "delta": 0.006422}}
{"target": -12.35330377446509, "params": {"colsample_bytree": 0.36504513042114384, "eta": 0.026785585542247643, "gamma": 655.946848549506, "max_depth": 8.0, "min_child_weight": 4242.658913264874, "num_boost_round": 9.0, "subsample": 0.41413060832428106}, "datetime": {"datetime": "2024-01-20 16:30:06", "elapsed": 7572.90166, "delta": 0.006573}}
{"target": -12.35302411243369, "params": {"colsample_bytree": 0.36504513042114384, "eta": 0.026785585542247643, "gamma": 655.946848549506, "max_depth": 8.0, "min_child_weight": 4242.658913264874, "num_boost_round": 10.0, "subsample": 0.41413060832428106}, "datetime": {"datetime": "2024-01-20 16:30:06", "elapsed": 7572.90856, "delta": 0.0069}}
{"target": -12.352496314407814, "params": {"colsample_bytree": 0.36504513042114384, "eta": 0.026785585542247643, "gamma": 655.946848549506, "max_depth": 8.0, "min_child_weight": 4242.658913264874, "num_boost_round": 11.0, "subsample": 0.41413060832428106}, "datetime": {"datetime": "2024-01-20 16:30:06", "elapsed": 7572.915305, "delta": 0.006745}}
{"target": -12.35222917686251, "params": {"colsample_bytree": 0.36504513042114384, "eta": 0.026785585542247643, "gamma": 655.946848549506, "max_depth": 8.0, "min_child_weight": 4242.658913264874, "num_boost_round": 12.0, "subsample": 0.41413060832428106}, "datetime": {"datetime": "2024-01-20 16:30:06", "elapsed": 7572.922084, "delta": 0.006779}}
{"target": -12.352476935850373, "params": {"colsample_bytree": 0.36504513042114384, "eta": 0.026785585542247643, "gamma": 655.946848549506, "max_depth": 8.0, "min_child_weight": 4242.658913264874, "num_boost_round": 13.0, "subsample": 0.41413060832428106}, "datetime": {"datetime": "2024-01-20 16:30:06", "elapsed": 7572.928669, "delta": 0.006585}}
{"target": -12.351899302073374, "params": {"colsample_bytree": 0.36504513042114384, "eta": 0.026785585542247643, "gamma": 655.946848549506, "max_depth": 8.0, "min_child_weight": 4242.658913264874, "num_boost_round": 14.0, "subsample": 0.41413060832428106}, "datetime": {"datetime": "2024-01-20 16:30:06", "elapsed": 7572.935313, "delta": 0.006644}}
{"target": -12.351292274318059, "params": {"colsample_bytree": 0.36504513042114384, "eta": 0.026785585542247643, "gamma": 655.946848549506, "max_depth": 8.0, "min_child_weight": 4242.658913264874, "num_boost_round": 15.0, "subsample": 0.41413060832428106}, "datetime": {"datetime": "2024-01-20 16:30:06", "elapsed": 7572.941821, "delta": 0.006508}}
{"target": -12.350805618345783, "params": {"colsample_bytree": 0.36504513042114384, "eta": 0.026785585542247643, "gamma": 655.946848549506, "max_depth": 8.0, "min_child_weight": 4242.658913264874, "num_boost_round": 16.0, "subsample": 0.41413060832428106}, "datetime": {"datetime": "2024-01-20 16:30:06", "elapsed": 7572.948775, "delta": 0.006954}}
{"target": -12.35092434224072, "params": {"colsample_bytree": 0.36504513042114384, "eta": 0.026785585542247643, "gamma": 655.946848549506, "max_depth": 8.0, "min_child_weight": 4242.658913264874, "num_boost_round": 17.0, "subsample": 0.41413060832428106}, "datetime": {"datetime": "2024-01-20 16:30:06", "elapsed": 7572.955549, "delta": 0.006774}}
{"target": -12.350878537910063, "params": {"colsample_bytree": 0.36504513042114384, "eta": 0.026785585542247643, "gamma": 655.946848549506, "max_depth": 8.0, "min_child_weight": 4242.658913264874, "num_boost_round": 18.0, "subsample": 0.41413060832428106}, "datetime": {"datetime": "2024-01-20 16:30:06", "elapsed": 7572.962277, "delta": 0.006728}}
{"target": -12.35076711449938, "params": {"colsample_bytree": 0.36504513042114384, "eta": 0.026785585542247643, "gamma": 655.946848549506, "max_depth": 8.0, "min_child_weight": 4242.658913264874, "num_boost_round": 19.0, "subsample": 0.41413060832428106}, "datetime": {"datetime": "2024-01-20 16:30:06", "elapsed": 7572.96861, "delta": 0.006333}}
{"target": -12.350403127216111, "params": {"colsample_bytree": 0.36504513042114384, "eta": 0.026785585542247643, "gamma": 655.946848549506, "max_depth": 8.0, "min_child_weight": 4242.658913264874, "num_boost_round": 20.0, "subsample": 0.41413060832428106}, "datetime": {"datetime": "2024-01-20 16:30:06", "elapsed": 7572.974933, "delta": 0.006323}}
{"target": -12.350368592715888, "params": {"colsample_bytree": 0.36504513042114384, "eta": 0.026785585542247643, "gamma": 655.946848549506, "max_depth": 8.0, "min_child_weight": 4242.658913264874, "num_boost_round": 21.0, "subsample": 0.41413060832428106}, "datetime": {"datetime": "2024-01-20 16:30:06", "elapsed": 7572.981511, "delta": 0.006578}}
{"target": -12.350370255181858, "params": {"colsample_bytree": 0.36504513042114384, "eta": 0.026785585542247643, "gamma": 655.946848549506, "max_depth": 8.0, "min_child_weight": 4242.658913264874, "num_boost_round": 22.0, "subsample": 0.41413060832428106}, "datetime": {"datetime": "2024-01-20 16:30:06", "elapsed": 7572.988494, "delta": 0.006983}}
{"target": -12.34971058980296, "params": {"colsample_bytree": 0.36504513042114384, "eta": 0.026785585542247643, "gamma": 655.946848549506, "max_depth": 8.0, "min_child_weight": 4242.658913264874, "num_boost_round": 23.0, "subsample": 0.41413060832428106}, "datetime": {"datetime": "2024-01-20 16:30:06", "elapsed": 7572.995397, "delta": 0.006903}}
{"target": -12.349940465182513, "params": {"colsample_bytree": 0.36504513042114384, "eta": 0.026785585542247643, "gamma": 655.946848549506, "max_depth": 8.0, "min_child_weight": 4242.658913264874, "num_boost_round": 24.0, "subsample": 0.41413060832428106}, "datetime": {"datetime": "2024-01-20 16:30:06", "elapsed": 7573.002035, "delta": 0.006638}}
{"target": -12.349196964820116, "params": {"colsample_bytree": 0.36504513042114384, "eta": 0.026785585542247643, "gamma": 655.946848549506, "max_depth": 8.0, "min_child_weight": 4242.658913264874, "num_boost_round": 25.0, "subsample": 0.41413060832428106}, "datetime": {"datetime": "2024-01-20 16:30:06", "elapsed": 7573.008403, "delta": 0.006368}}
{"target": -12.34931857776466, "params": {"colsample_bytree": 0.36504513042114384, "eta": 0.026785585542247643, "gamma": 655.946848549506, "max_depth": 8.0, "min_child_weight": 4242.658913264874, "num_boost_round": 26.0, "subsample": 0.41413060832428106}, "datetime": {"datetime": "2024-01-20 16:30:06", "elapsed": 7573.014789, "delta": 0.006386}}
{"target": -12.349422506550805, "params": {"colsample_bytree": 0.36504513042114384, "eta": 0.026785585542247643, "gamma": 655.946848549506, "max_depth": 8.0, "min_child_weight": 4242.658913264874, "num_boost_round": 27.0, "subsample": 0.41413060832428106}, "datetime": {"datetime": "2024-01-20 16:30:06", "elapsed": 7573.021413, "delta": 0.006624}}
{"target": -12.349424019855144, "params": {"colsample_bytree": 0.36504513042114384, "eta": 0.026785585542247643, "gamma": 655.946848549506, "max_depth": 8.0, "min_child_weight": 4242.658913264874, "num_boost_round": 28.0, "subsample": 0.41413060832428106}, "datetime": {"datetime": "2024-01-20 16:30:06", "elapsed": 7573.028628, "delta": 0.007215}}
{"target": -12.348990994041898, "params": {"colsample_bytree": 0.36504513042114384, "eta": 0.026785585542247643, "gamma": 655.946848549506, "max_depth": 8.0, "min_child_weight": 4242.658913264874, "num_boost_round": 29.0, "subsample": 0.41413060832428106}, "datetime": {"datetime": "2024-01-20 16:30:06", "elapsed": 7573.035738, "delta": 0.00711}}
{"target": -12.348579706168735, "params": {"colsample_bytree": 0.36504513042114384, "eta": 0.026785585542247643, "gamma": 655.946848549506, "max_depth": 8.0, "min_child_weight": 4242.658913264874, "num_boost_round": 30.0, "subsample": 0.41413060832428106}, "datetime": {"datetime": "2024-01-20 16:30:06", "elapsed": 7573.044959, "delta": 0.009221}}
{"target": -12.356985152469267, "params": {"colsample_bytree": 0.7394606092525711, "eta": 0.055089226284983674, "gamma": 688.940151916724, "max_depth": 3.0, "min_child_weight": 4266.131843365774, "num_boost_round": 1.0, "subsample": 0.6116513277555534}, "datetime": {"datetime": "2024-01-20 16:32:34", "elapsed": 7720.5208, "delta": 147.475841}}
{"target": -12.354232247950579, "params": {"colsample_bytree": 0.7394606092525711, "eta": 0.055089226284983674, "gamma": 688.940151916724, "max_depth": 3.0, "min_child_weight": 4266.131843365774, "num_boost_round": 2.0, "subsample": 0.6116513277555534}, "datetime": {"datetime": "2024-01-20 16:32:34", "elapsed": 7720.529756, "delta": 0.008956}}
{"target": -12.351611572390699, "params": {"colsample_bytree": 0.7394606092525711, "eta": 0.055089226284983674, "gamma": 688.940151916724, "max_depth": 3.0, "min_child_weight": 4266.131843365774, "num_boost_round": 3.0, "subsample": 0.6116513277555534}, "datetime": {"datetime": "2024-01-20 16:32:34", "elapsed": 7720.540617, "delta": 0.010861}}
{"target": -12.350981461494257, "params": {"colsample_bytree": 0.7394606092525711, "eta": 0.055089226284983674, "gamma": 688.940151916724, "max_depth": 3.0, "min_child_weight": 4266.131843365774, "num_boost_round": 4.0, "subsample": 0.6116513277555534}, "datetime": {"datetime": "2024-01-20 16:32:34", "elapsed": 7720.551828, "delta": 0.011211}}
{"target": -12.34880489500381, "params": {"colsample_bytree": 0.7394606092525711, "eta": 0.055089226284983674, "gamma": 688.940151916724, "max_depth": 3.0, "min_child_weight": 4266.131843365774, "num_boost_round": 5.0, "subsample": 0.6116513277555534}, "datetime": {"datetime": "2024-01-20 16:32:34", "elapsed": 7720.562193, "delta": 0.010365}}
{"target": -12.347188423075174, "params": {"colsample_bytree": 0.7394606092525711, "eta": 0.055089226284983674, "gamma": 688.940151916724, "max_depth": 3.0, "min_child_weight": 4266.131843365774, "num_boost_round": 6.0, "subsample": 0.6116513277555534}, "datetime": {"datetime": "2024-01-20 16:32:34", "elapsed": 7720.570584, "delta": 0.008391}}
{"target": -12.345863415806644, "params": {"colsample_bytree": 0.7394606092525711, "eta": 0.055089226284983674, "gamma": 688.940151916724, "max_depth": 3.0, "min_child_weight": 4266.131843365774, "num_boost_round": 7.0, "subsample": 0.6116513277555534}, "datetime": {"datetime": "2024-01-20 16:32:34", "elapsed": 7720.578304, "delta": 0.00772}}
{"target": -12.345211775336136, "params": {"colsample_bytree": 0.7394606092525711, "eta": 0.055089226284983674, "gamma": 688.940151916724, "max_depth": 3.0, "min_child_weight": 4266.131843365774, "num_boost_round": 8.0, "subsample": 0.6116513277555534}, "datetime": {"datetime": "2024-01-20 16:32:34", "elapsed": 7720.585537, "delta": 0.007233}}
{"target": -12.343954396674466, "params": {"colsample_bytree": 0.7394606092525711, "eta": 0.055089226284983674, "gamma": 688.940151916724, "max_depth": 3.0, "min_child_weight": 4266.131843365774, "num_boost_round": 9.0, "subsample": 0.6116513277555534}, "datetime": {"datetime": "2024-01-20 16:32:34", "elapsed": 7720.592753, "delta": 0.007216}}
{"target": -12.343209459878096, "params": {"colsample_bytree": 0.7394606092525711, "eta": 0.055089226284983674, "gamma": 688.940151916724, "max_depth": 3.0, "min_child_weight": 4266.131843365774, "num_boost_round": 10.0, "subsample": 0.6116513277555534}, "datetime": {"datetime": "2024-01-20 16:32:34", "elapsed": 7720.599996, "delta": 0.007243}}
{"target": -12.342638296406417, "params": {"colsample_bytree": 0.7394606092525711, "eta": 0.055089226284983674, "gamma": 688.940151916724, "max_depth": 3.0, "min_child_weight": 4266.131843365774, "num_boost_round": 11.0, "subsample": 0.6116513277555534}, "datetime": {"datetime": "2024-01-20 16:32:34", "elapsed": 7720.607519, "delta": 0.007523}}
{"target": -12.34179715639102, "params": {"colsample_bytree": 0.7394606092525711, "eta": 0.055089226284983674, "gamma": 688.940151916724, "max_depth": 3.0, "min_child_weight": 4266.131843365774, "num_boost_round": 12.0, "subsample": 0.6116513277555534}, "datetime": {"datetime": "2024-01-20 16:32:34", "elapsed": 7720.952338, "delta": 0.344819}}
{"target": -12.341366655931266, "params": {"colsample_bytree": 0.7394606092525711, "eta": 0.055089226284983674, "gamma": 688.940151916724, "max_depth": 3.0, "min_child_weight": 4266.131843365774, "num_boost_round": 13.0, "subsample": 0.6116513277555534}, "datetime": {"datetime": "2024-01-20 16:32:34", "elapsed": 7720.961795, "delta": 0.009457}}
{"target": -12.340884944400138, "params": {"colsample_bytree": 0.7394606092525711, "eta": 0.055089226284983674, "gamma": 688.940151916724, "max_depth": 3.0, "min_child_weight": 4266.131843365774, "num_boost_round": 14.0, "subsample": 0.6116513277555534}, "datetime": {"datetime": "2024-01-20 16:32:34", "elapsed": 7720.9703, "delta": 0.008505}}
{"target": -12.340551392381933, "params": {"colsample_bytree": 0.7394606092525711, "eta": 0.055089226284983674, "gamma": 688.940151916724, "max_depth": 3.0, "min_child_weight": 4266.131843365774, "num_boost_round": 15.0, "subsample": 0.6116513277555534}, "datetime": {"datetime": "2024-01-20 16:32:34", "elapsed": 7720.978191, "delta": 0.007891}}
{"target": -12.339992984319835, "params": {"colsample_bytree": 0.7394606092525711, "eta": 0.055089226284983674, "gamma": 688.940151916724, "max_depth": 3.0, "min_child_weight": 4266.131843365774, "num_boost_round": 16.0, "subsample": 0.6116513277555534}, "datetime": {"datetime": "2024-01-20 16:32:34", "elapsed": 7720.985892, "delta": 0.007701}}
{"target": -12.339970175907862, "params": {"colsample_bytree": 0.7394606092525711, "eta": 0.055089226284983674, "gamma": 688.940151916724, "max_depth": 3.0, "min_child_weight": 4266.131843365774, "num_boost_round": 17.0, "subsample": 0.6116513277555534}, "datetime": {"datetime": "2024-01-20 16:32:34", "elapsed": 7720.993547, "delta": 0.007655}}
{"target": -12.33967210330183, "params": {"colsample_bytree": 0.7394606092525711, "eta": 0.055089226284983674, "gamma": 688.940151916724, "max_depth": 3.0, "min_child_weight": 4266.131843365774, "num_boost_round": 18.0, "subsample": 0.6116513277555534}, "datetime": {"datetime": "2024-01-20 16:32:34", "elapsed": 7721.001475, "delta": 0.007928}}
{"target": -12.339960731088325, "params": {"colsample_bytree": 0.7394606092525711, "eta": 0.055089226284983674, "gamma": 688.940151916724, "max_depth": 3.0, "min_child_weight": 4266.131843365774, "num_boost_round": 19.0, "subsample": 0.6116513277555534}, "datetime": {"datetime": "2024-01-20 16:32:34", "elapsed": 7721.009169, "delta": 0.007694}}
{"target": -12.340047026657775, "params": {"colsample_bytree": 0.7394606092525711, "eta": 0.055089226284983674, "gamma": 688.940151916724, "max_depth": 3.0, "min_child_weight": 4266.131843365774, "num_boost_round": 20.0, "subsample": 0.6116513277555534}, "datetime": {"datetime": "2024-01-20 16:32:34", "elapsed": 7721.016577, "delta": 0.007408}}
