{"target": -13.49381903373177, "params": {"colsample_bytree": 0.971741066155591, "eta": 0.06113778950670951, "gamma": 655.8412608624491, "max_depth": 5.0, "min_child_weight": 4409.351998353546, "num_boost_round": 34.0, "subsample": 0.26648485555645285}, "datetime": {"datetime": "2024-01-20 14:50:53", "elapsed": 1607.426347, "delta": 0.002472}}
{"target": -13.493819600790328, "params": {"colsample_bytree": 0.971741066155591, "eta": 0.06113778950670951, "gamma": 655.8412608624491, "max_depth": 5.0, "min_child_weight": 4409.351998353546, "num_boost_round": 35.0, "subsample": 0.26648485555645285}, "datetime": {"datetime": "2024-01-20 14:50:53", "elapsed": 1607.428853, "delta": 0.002506}}
{"target": -13.493639023567663, "params": {"colsample_bytree": 0.971741066155591, "eta": 0.06113778950670951, "gamma": 655.8412608624491, "max_depth": 5.0, "min_child_weight": 4409.351998353546, "num_boost_round": 36.0, "subsample": 0.26648485555645285}, "datetime": {"datetime": "2024-01-20 14:50:53", "elapsed": 1607.431377, "delta": 0.002524}}
{"target": -13.493885835930548, "params": {"colsample_bytree": 0.971741066155591, "eta": 0.06113778950670951, "gamma": 655.8412608624491, "max_depth": 5.0, "min_child_weight": 4409.351998353546, "num_boost_round": 37.0, "subsample": 0.26648485555645285}, "datetime": {"datetime": "2024-01-20 14:50:53", "elapsed": 1607.43395, "delta": 0.002573}}
{"target": -13.493864072453775, "params": {"colsample_bytree": 0.971741066155591, "eta": 0.06113778950670951, "gamma": 655.8412608624491, "max_depth": 5.0, "min_child_weight": 4409.351998353546, "num_boost_round": 38.0, "subsample": 0.26648485555645285}, "datetime": {"datetime": "2024-01-20 14:50:53", "elapsed": 1607.436507, "delta": 0.002557}}
{"target": -13.493920736445059, "params": {"colsample_bytree": 0.971741066155591, "eta": 0.06113778950670951, "gamma": 655.8412608624491, "max_depth": 5.0, "min_child_weight": 4409.351998353546, "num_boost_round": 39.0, "subsample": 0.26648485555645285}, "datetime": {"datetime": "2024-01-20 14:50:53", "elapsed": 1607.439037, "delta": 0.00253}}
{"target": -13.493828179715152, "params": {"colsample_bytree": 0.971741066155591, "eta": 0.06113778950670951, "gamma": 655.8412608624491, "max_depth": 5.0, "min_child_weight": 4409.351998353546, "num_boost_round": 40.0, "subsample": 0.26648485555645285}, "datetime": {"datetime": "2024-01-20 14:50:53", "elapsed": 1607.441584, "delta": 0.002547}}
{"target": -13.49394278417574, "params": {"colsample_bytree": 0.971741066155591, "eta": 0.06113778950670951, "gamma": 655.8412608624491, "max_depth": 5.0, "min_child_weight": 4409.351998353546, "num_boost_round": 41.0, "subsample": 0.26648485555645285}, "datetime": {"datetime": "2024-01-20 14:50:54", "elapsed": 1607.444403, "delta": 0.002819}}
{"target": -13.494121377901234, "params": {"colsample_bytree": 0.971741066155591, "eta": 0.06113778950670951, "gamma": 655.8412608624491, "max_depth": 5.0, "min_child_weight": 4409.351998353546, "num_boost_round": 42.0, "subsample": 0.26648485555645285}, "datetime": {"datetime": "2024-01-20 14:50:54", "elapsed": 1607.447436, "delta": 0.003033}}
{"target": -13.494191736206128, "params": {"colsample_bytree": 0.971741066155591, "eta": 0.06113778950670951, "gamma": 655.8412608624491, "max_depth": 5.0, "min_child_weight": 4409.351998353546, "num_boost_round": 43.0, "subsample": 0.26648485555645285}, "datetime": {"datetime": "2024-01-20 14:50:54", "elapsed": 1607.450833, "delta": 0.003397}}
{"target": -13.494201924897517, "params": {"colsample_bytree": 0.971741066155591, "eta": 0.06113778950670951, "gamma": 655.8412608624491, "max_depth": 5.0, "min_child_weight": 4409.351998353546, "num_boost_round": 44.0, "subsample": 0.26648485555645285}, "datetime": {"datetime": "2024-01-20 14:50:54", "elapsed": 1607.454485, "delta": 0.003652}}
{"target": -13.494141483099217, "params": {"colsample_bytree": 0.971741066155591, "eta": 0.06113778950670951, "gamma": 655.8412608624491, "max_depth": 5.0, "min_child_weight": 4409.351998353546, "num_boost_round": 45.0, "subsample": 0.26648485555645285}, "datetime": {"datetime": "2024-01-20 14:50:54", "elapsed": 1607.457286, "delta": 0.002801}}
{"target": -13.494118413749822, "params": {"colsample_bytree": 0.971741066155591, "eta": 0.06113778950670951, "gamma": 655.8412608624491, "max_depth": 5.0, "min_child_weight": 4409.351998353546, "num_boost_round": 46.0, "subsample": 0.26648485555645285}, "datetime": {"datetime": "2024-01-20 14:50:54", "elapsed": 1607.459955, "delta": 0.002669}}
{"target": -13.494051452764943, "params": {"colsample_bytree": 0.971741066155591, "eta": 0.06113778950670951, "gamma": 655.8412608624491, "max_depth": 5.0, "min_child_weight": 4409.351998353546, "num_boost_round": 47.0, "subsample": 0.26648485555645285}, "datetime": {"datetime": "2024-01-20 14:50:54", "elapsed": 1607.462497, "delta": 0.002542}}
{"target": -13.493934243739941, "params": {"colsample_bytree": 0.971741066155591, "eta": 0.06113778950670951, "gamma": 655.8412608624491, "max_depth": 5.0, "min_child_weight": 4409.351998353546, "num_boost_round": 48.0, "subsample": 0.26648485555645285}, "datetime": {"datetime": "2024-01-20 14:50:54", "elapsed": 1607.465051, "delta": 0.002554}}
{"target": -13.493963903135569, "params": {"colsample_bytree": 0.971741066155591, "eta": 0.06113778950670951, "gamma": 655.8412608624491, "max_depth": 5.0, "min_child_weight": 4409.351998353546, "num_boost_round": 49.0, "subsample": 0.26648485555645285}, "datetime": {"datetime": "2024-01-20 14:50:54", "elapsed": 1607.467616, "delta": 0.002565}}
{"target": -13.493922574513102, "params": {"colsample_bytree": 0.971741066155591, "eta": 0.06113778950670951, "gamma": 655.8412608624491, "max_depth": 5.0, "min_child_weight": 4409.351998353546, "num_boost_round": 50.0, "subsample": 0.26648485555645285}, "datetime": {"datetime": "2024-01-20 14:50:54", "elapsed": 1607.470149, "delta": 0.002533}}
{"target": -13.49397842900876, "params": {"colsample_bytree": 0.971741066155591, "eta": 0.06113778950670951, "gamma": 655.8412608624491, "max_depth": 5.0, "min_child_weight": 4409.351998353546, "num_boost_round": 51.0, "subsample": 0.26648485555645285}, "datetime": {"datetime": "2024-01-20 14:50:54", "elapsed": 1607.472671, "delta": 0.002522}}
{"target": -13.493851815097276, "params": {"colsample_bytree": 0.971741066155591, "eta": 0.06113778950670951, "gamma": 655.8412608624491, "max_depth": 5.0, "min_child_weight": 4409.351998353546, "num_boost_round": 52.0, "subsample": 0.26648485555645285}, "datetime": {"datetime": "2024-01-20 14:50:54", "elapsed": 1607.475219, "delta": 0.002548}}
{"target": -13.49381836612488, "params": {"colsample_bytree": 0.971741066155591, "eta": 0.06113778950670951, "gamma": 655.8412608624491, "max_depth": 5.0, "min_child_weight": 4409.351998353546, "num_boost_round": 53.0, "subsample": 0.26648485555645285}, "datetime": {"datetime": "2024-01-20 14:50:54", "elapsed": 1607.47774, "delta": 0.002521}}
{"target": -13.49388205658667, "params": {"colsample_bytree": 0.971741066155591, "eta": 0.06113778950670951, "gamma": 655.8412608624491, "max_depth": 5.0, "min_child_weight": 4409.351998353546, "num_boost_round": 54.0, "subsample": 0.26648485555645285}, "datetime": {"datetime": "2024-01-20 14:50:54", "elapsed": 1607.480889, "delta": 0.003149}}
{"target": -13.494045940053947, "params": {"colsample_bytree": 0.971741066155591, "eta": 0.06113778950670951, "gamma": 655.8412608624491, "max_depth": 5.0, "min_child_weight": 4409.351998353546, "num_boost_round": 55.0, "subsample": 0.26648485555645285}, "datetime": {"datetime": "2024-01-20 14:50:54", "elapsed": 1607.483702, "delta": 0.002813}}
{"target": -13.493936434074538, "params": {"colsample_bytree": 0.971741066155591, "eta": 0.06113778950670951, "gamma": 655.8412608624491, "max_depth": 5.0, "min_child_weight": 4409.351998353546, "num_boost_round": 56.0, "subsample": 0.26648485555645285}, "datetime": {"datetime": "2024-01-20 14:50:54", "elapsed": 1607.487386, "delta": 0.003684}}
{"target": -13.49401817927514, "params": {"colsample_bytree": 0.971741066155591, "eta": 0.06113778950670951, "gamma": 655.8412608624491, "max_depth": 5.0, "min_child_weight": 4409.351998353546, "num_boost_round": 57.0, "subsample": 0.26648485555645285}, "datetime": {"datetime": "2024-01-20 14:50:54", "elapsed": 1607.490487, "delta": 0.003101}}
{"target": -13.494081138533364, "params": {"colsample_bytree": 0.971741066155591, "eta": 0.06113778950670951, "gamma": 655.8412608624491, "max_depth": 5.0, "min_child_weight": 4409.351998353546, "num_boost_round": 58.0, "subsample": 0.26648485555645285}, "datetime": {"datetime": "2024-01-20 14:50:54", "elapsed": 1607.493123, "delta": 0.002636}}
{"target": -13.494044319989674, "params": {"colsample_bytree": 0.971741066155591, "eta": 0.06113778950670951, "gamma": 655.8412608624491, "max_depth": 5.0, "min_child_weight": 4409.351998353546, "num_boost_round": 59.0, "subsample": 0.26648485555645285}, "datetime": {"datetime": "2024-01-20 14:50:54", "elapsed": 1607.495781, "delta": 0.002658}}
{"target": -13.494101633530066, "params": {"colsample_bytree": 0.971741066155591, "eta": 0.06113778950670951, "gamma": 655.8412608624491, "max_depth": 5.0, "min_child_weight": 4409.351998353546, "num_boost_round": 60.0, "subsample": 0.26648485555645285}, "datetime": {"datetime": "2024-01-20 14:50:54", "elapsed": 1607.498429, "delta": 0.002648}}
{"target": -13.49413609774296, "params": {"colsample_bytree": 0.971741066155591, "eta": 0.06113778950670951, "gamma": 655.8412608624491, "max_depth": 5.0, "min_child_weight": 4409.351998353546, "num_boost_round": 61.0, "subsample": 0.26648485555645285}, "datetime": {"datetime": "2024-01-20 14:50:54", "elapsed": 1607.501071, "delta": 0.002642}}
{"target": -13.494129681522887, "params": {"colsample_bytree": 0.971741066155591, "eta": 0.06113778950670951, "gamma": 655.8412608624491, "max_depth": 5.0, "min_child_weight": 4409.351998353546, "num_boost_round": 62.0, "subsample": 0.26648485555645285}, "datetime": {"datetime": "2024-01-20 14:50:54", "elapsed": 1607.503683, "delta": 0.002612}}
{"target": -13.494197338547757, "params": {"colsample_bytree": 0.971741066155591, "eta": 0.06113778950670951, "gamma": 655.8412608624491, "max_depth": 5.0, "min_child_weight": 4409.351998353546, "num_boost_round": 63.0, "subsample": 0.26648485555645285}, "datetime": {"datetime": "2024-01-20 14:50:54", "elapsed": 1607.506206, "delta": 0.002523}}
{"target": -13.494256749508764, "params": {"colsample_bytree": 0.971741066155591, "eta": 0.06113778950670951, "gamma": 655.8412608624491, "max_depth": 5.0, "min_child_weight": 4409.351998353546, "num_boost_round": 64.0, "subsample": 0.26648485555645285}, "datetime": {"datetime": "2024-01-20 14:50:54", "elapsed": 1607.508727, "delta": 0.002521}}
{"target": -13.494293139990546, "params": {"colsample_bytree": 0.971741066155591, "eta": 0.06113778950670951, "gamma": 655.8412608624491, "max_depth": 5.0, "min_child_weight": 4409.351998353546, "num_boost_round": 65.0, "subsample": 0.26648485555645285}, "datetime": {"datetime": "2024-01-20 14:50:54", "elapsed": 1607.511247, "delta": 0.00252}}
{"target": -13.494175768159039, "params": {"colsample_bytree": 0.971741066155591, "eta": 0.06113778950670951, "gamma": 655.8412608624491, "max_depth": 5.0, "min_child_weight": 4409.351998353546, "num_boost_round": 66.0, "subsample": 0.26648485555645285}, "datetime": {"datetime": "2024-01-20 14:50:54", "elapsed": 1607.513836, "delta": 0.002589}}
{"target": -13.494130231494475, "params": {"colsample_bytree": 0.971741066155591, "eta": 0.06113778950670951, "gamma": 655.8412608624491, "max_depth": 5.0, "min_child_weight": 4409.351998353546, "num_boost_round": 67.0, "subsample": 0.26648485555645285}, "datetime": {"datetime": "2024-01-20 14:50:54", "elapsed": 1607.516425, "delta": 0.002589}}
{"target": -13.494298560137985, "params": {"colsample_bytree": 0.971741066155591, "eta": 0.06113778950670951, "gamma": 655.8412608624491, "max_depth": 5.0, "min_child_weight": 4409.351998353546, "num_boost_round": 68.0, "subsample": 0.26648485555645285}, "datetime": {"datetime": "2024-01-20 14:50:54", "elapsed": 1607.519051, "delta": 0.002626}}
{"target": -13.49447295184777, "params": {"colsample_bytree": 0.971741066155591, "eta": 0.06113778950670951, "gamma": 655.8412608624491, "max_depth": 5.0, "min_child_weight": 4409.351998353546, "num_boost_round": 69.0, "subsample": 0.26648485555645285}, "datetime": {"datetime": "2024-01-20 14:50:54", "elapsed": 1607.521617, "delta": 0.002566}}
{"target": -13.494534739068705, "params": {"colsample_bytree": 0.971741066155591, "eta": 0.06113778950670951, "gamma": 655.8412608624491, "max_depth": 5.0, "min_child_weight": 4409.351998353546, "num_boost_round": 70.0, "subsample": 0.26648485555645285}, "datetime": {"datetime": "2024-01-20 14:50:54", "elapsed": 1607.524206, "delta": 0.002589}}
{"target": -13.494553770353898, "params": {"colsample_bytree": 0.971741066155591, "eta": 0.06113778950670951, "gamma": 655.8412608624491, "max_depth": 5.0, "min_child_weight": 4409.351998353546, "num_boost_round": 71.0, "subsample": 0.26648485555645285}, "datetime": {"datetime": "2024-01-20 14:50:54", "elapsed": 1607.526776, "delta": 0.00257}}
{"target": -13.494553818037915, "params": {"colsample_bytree": 0.971741066155591, "eta": 0.06113778950670951, "gamma": 655.8412608624491, "max_depth": 5.0, "min_child_weight": 4409.351998353546, "num_boost_round": 72.0, "subsample": 0.26648485555645285}, "datetime": {"datetime": "2024-01-20 14:50:54", "elapsed": 1607.529348, "delta": 0.002572}}
{"target": -13.494491138226824, "params": {"colsample_bytree": 0.971741066155591, "eta": 0.06113778950670951, "gamma": 655.8412608624491, "max_depth": 5.0, "min_child_weight": 4409.351998353546, "num_boost_round": 73.0, "subsample": 0.26648485555645285}, "datetime": {"datetime": "2024-01-20 14:50:54", "elapsed": 1607.531933, "delta": 0.002585}}
{"target": -13.49441357677132, "params": {"colsample_bytree": 0.971741066155591, "eta": 0.06113778950670951, "gamma": 655.8412608624491, "max_depth": 5.0, "min_child_weight": 4409.351998353546, "num_boost_round": 74.0, "subsample": 0.26648485555645285}, "datetime": {"datetime": "2024-01-20 14:50:54", "elapsed": 1607.534522, "delta": 0.002589}}
{"target": -13.494589680034817, "params": {"colsample_bytree": 0.971741066155591, "eta": 0.06113778950670951, "gamma": 655.8412608624491, "max_depth": 5.0, "min_child_weight": 4409.351998353546, "num_boost_round": 75.0, "subsample": 0.26648485555645285}, "datetime": {"datetime": "2024-01-20 14:50:54", "elapsed": 1607.537084, "delta": 0.002562}}
{"target": -13.494626423115998, "params": {"colsample_bytree": 0.971741066155591, "eta": 0.06113778950670951, "gamma": 655.8412608624491, "max_depth": 5.0, "min_child_weight": 4409.351998353546, "num_boost_round": 76.0, "subsample": 0.26648485555645285}, "datetime": {"datetime": "2024-01-20 14:50:54", "elapsed": 1607.539675, "delta": 0.002591}}
{"target": -13.494583900808497, "params": {"colsample_bytree": 0.971741066155591, "eta": 0.06113778950670951, "gamma": 655.8412608624491, "max_depth": 5.0, "min_child_weight": 4409.351998353546, "num_boost_round": 77.0, "subsample": 0.26648485555645285}, "datetime": {"datetime": "2024-01-20 14:50:54", "elapsed": 1607.542246, "delta": 0.002571}}
{"target": -13.49460022689668, "params": {"colsample_bytree": 0.971741066155591, "eta": 0.06113778950670951, "gamma": 655.8412608624491, "max_depth": 5.0, "min_child_weight": 4409.351998353546, "num_boost_round": 78.0, "subsample": 0.26648485555645285}, "datetime": {"datetime": "2024-01-20 14:50:54", "elapsed": 1607.544805, "delta": 0.002559}}
{"target": -13.494730351998161, "params": {"colsample_bytree": 0.971741066155591, "eta": 0.06113778950670951, "gamma": 655.8412608624491, "max_depth": 5.0, "min_child_weight": 4409.351998353546, "num_boost_round": 79.0, "subsample": 0.26648485555645285}, "datetime": {"datetime": "2024-01-20 14:50:54", "elapsed": 1607.547384, "delta": 0.002579}}
{"target": -13.497383010164393, "params": {"colsample_bytree": 0.9958967214894011, "eta": 0.0674119691816974, "gamma": 700.7928080949722, "max_depth": 4.0, "min_child_weight": 4439.909539139052, "num_boost_round": 1.0, "subsample": 0.581062122546228}, "datetime": {"datetime": "2024-01-20 14:51:40", "elapsed": 1653.839614, "delta": 46.29223}}
{"target": -13.49711602731372, "params": {"colsample_bytree": 0.9958967214894011, "eta": 0.0674119691816974, "gamma": 700.7928080949722, "max_depth": 4.0, "min_child_weight": 4439.909539139052, "num_boost_round": 2.0, "subsample": 0.581062122546228}, "datetime": {"datetime": "2024-01-20 14:51:40", "elapsed": 1653.842949, "delta": 0.003335}}
{"target": -13.497204242752774, "params": {"colsample_bytree": 0.9958967214894011, "eta": 0.0674119691816974, "gamma": 700.7928080949722, "max_depth": 4.0, "min_child_weight": 4439.909539139052, "num_boost_round": 3.0, "subsample": 0.581062122546228}, "datetime": {"datetime": "2024-01-20 14:51:40", "elapsed": 1653.845592, "delta": 0.002643}}
{"target": -13.497356889491767, "params": {"colsample_bytree": 0.9958967214894011, "eta": 0.0674119691816974, "gamma": 700.7928080949722, "max_depth": 4.0, "min_child_weight": 4439.909539139052, "num_boost_round": 4.0, "subsample": 0.581062122546228}, "datetime": {"datetime": "2024-01-20 14:51:40", "elapsed": 1653.848138, "delta": 0.002546}}
{"target": -13.497374105235032, "params": {"colsample_bytree": 0.9958967214894011, "eta": 0.0674119691816974, "gamma": 700.7928080949722, "max_depth": 4.0, "min_child_weight": 4439.909539139052, "num_boost_round": 5.0, "subsample": 0.581062122546228}, "datetime": {"datetime": "2024-01-20 14:51:40", "elapsed": 1653.850664, "delta": 0.002526}}
{"target": -13.49781471584054, "params": {"colsample_bytree": 0.9958967214894011, "eta": 0.0674119691816974, "gamma": 700.7928080949722, "max_depth": 4.0, "min_child_weight": 4439.909539139052, "num_boost_round": 6.0, "subsample": 0.581062122546228}, "datetime": {"datetime": "2024-01-20 14:51:40", "elapsed": 1653.853315, "delta": 0.002651}}
{"target": -13.498053358838431, "params": {"colsample_bytree": 0.9958967214894011, "eta": 0.0674119691816974, "gamma": 700.7928080949722, "max_depth": 4.0, "min_child_weight": 4439.909539139052, "num_boost_round": 7.0, "subsample": 0.581062122546228}, "datetime": {"datetime": "2024-01-20 14:51:40", "elapsed": 1653.855966, "delta": 0.002651}}
{"target": -13.498328595583805, "params": {"colsample_bytree": 0.9958967214894011, "eta": 0.0674119691816974, "gamma": 700.7928080949722, "max_depth": 4.0, "min_child_weight": 4439.909539139052, "num_boost_round": 8.0, "subsample": 0.581062122546228}, "datetime": {"datetime": "2024-01-20 14:51:40", "elapsed": 1653.858517, "delta": 0.002551}}
{"target": -13.498419571497507, "params": {"colsample_bytree": 0.9958967214894011, "eta": 0.0674119691816974, "gamma": 700.7928080949722, "max_depth": 4.0, "min_child_weight": 4439.909539139052, "num_boost_round": 9.0, "subsample": 0.581062122546228}, "datetime": {"datetime": "2024-01-20 14:51:40", "elapsed": 1653.861094, "delta": 0.002577}}
{"target": -13.498876695302947, "params": {"colsample_bytree": 0.9958967214894011, "eta": 0.0674119691816974, "gamma": 700.7928080949722, "max_depth": 4.0, "min_child_weight": 4439.909539139052, "num_boost_round": 10.0, "subsample": 0.581062122546228}, "datetime": {"datetime": "2024-01-20 14:51:40", "elapsed": 1653.863645, "delta": 0.002551}}
{"target": -13.499250813406016, "params": {"colsample_bytree": 0.9958967214894011, "eta": 0.0674119691816974, "gamma": 700.7928080949722, "max_depth": 4.0, "min_child_weight": 4439.909539139052, "num_boost_round": 11.0, "subsample": 0.581062122546228}, "datetime": {"datetime": "2024-01-20 14:51:40", "elapsed": 1653.866188, "delta": 0.002543}}
{"target": -13.499383221198988, "params": {"colsample_bytree": 0.9958967214894011, "eta": 0.0674119691816974, "gamma": 700.7928080949722, "max_depth": 4.0, "min_child_weight": 4439.909539139052, "num_boost_round": 12.0, "subsample": 0.581062122546228}, "datetime": {"datetime": "2024-01-20 14:51:40", "elapsed": 1653.868787, "delta": 0.002599}}
{"target": -13.499655646972133, "params": {"colsample_bytree": 0.9958967214894011, "eta": 0.0674119691816974, "gamma": 700.7928080949722, "max_depth": 4.0, "min_child_weight": 4439.909539139052, "num_boost_round": 13.0, "subsample": 0.581062122546228}, "datetime": {"datetime": "2024-01-20 14:51:40", "elapsed": 1653.87134, "delta": 0.002553}}
{"target": -13.499923054059671, "params": {"colsample_bytree": 0.9958967214894011, "eta": 0.0674119691816974, "gamma": 700.7928080949722, "max_depth": 4.0, "min_child_weight": 4439.909539139052, "num_boost_round": 14.0, "subsample": 0.581062122546228}, "datetime": {"datetime": "2024-01-20 14:51:40", "elapsed": 1653.873964, "delta": 0.002624}}
{"target": -13.500160142217023, "params": {"colsample_bytree": 0.9958967214894011, "eta": 0.0674119691816974, "gamma": 700.7928080949722, "max_depth": 4.0, "min_child_weight": 4439.909539139052, "num_boost_round": 15.0, "subsample": 0.581062122546228}, "datetime": {"datetime": "2024-01-20 14:51:40", "elapsed": 1653.876585, "delta": 0.002621}}
{"target": -13.500376564504172, "params": {"colsample_bytree": 0.9958967214894011, "eta": 0.0674119691816974, "gamma": 700.7928080949722, "max_depth": 4.0, "min_child_weight": 4439.909539139052, "num_boost_round": 16.0, "subsample": 0.581062122546228}, "datetime": {"datetime": "2024-01-20 14:51:40", "elapsed": 1653.879147, "delta": 0.002562}}
{"target": -13.500366011304365, "params": {"colsample_bytree": 0.9958967214894011, "eta": 0.0674119691816974, "gamma": 700.7928080949722, "max_depth": 4.0, "min_child_weight": 4439.909539139052, "num_boost_round": 17.0, "subsample": 0.581062122546228}, "datetime": {"datetime": "2024-01-20 14:51:40", "elapsed": 1653.881683, "delta": 0.002536}}
