{"target": -13.732017753189247, "params": {"colsample_bytree": 0.11607534126992453, "eta": 0.05368630605972484, "gamma": 914.455922093219, "max_depth": 6.0, "min_child_weight": 4162.863123832015, "num_boost_round": 2.0, "subsample": 0.23887253113964907}, "datetime": {"datetime": "2024-01-20 16:19:17", "elapsed": 6918.524798, "delta": 0.003611}}
{"target": -13.731038371539052, "params": {"colsample_bytree": 0.692274567272623, "eta": 0.0022084144944563263, "gamma": 118.34813271729716, "max_depth": 3.0, "min_child_weight": 4210.009527280118, "num_boost_round": 1.0, "subsample": 0.9245768867061381}, "datetime": {"datetime": "2024-01-20 16:19:45", "elapsed": 6946.234353, "delta": 27.709555}}
{"target": -13.731075351993407, "params": {"colsample_bytree": 0.692274567272623, "eta": 0.0022084144944563263, "gamma": 118.34813271729716, "max_depth": 3.0, "min_child_weight": 4210.009527280118, "num_boost_round": 2.0, "subsample": 0.9245768867061381}, "datetime": {"datetime": "2024-01-20 16:19:45", "elapsed": 6946.238987, "delta": 0.004634}}
{"target": -13.731080469006566, "params": {"colsample_bytree": 0.692274567272623, "eta": 0.0022084144944563263, "gamma": 118.34813271729716, "max_depth": 3.0, "min_child_weight": 4210.009527280118, "num_boost_round": 3.0, "subsample": 0.9245768867061381}, "datetime": {"datetime": "2024-01-20 16:19:45", "elapsed": 6946.242117, "delta": 0.00313}}
{"target": -13.731110369295713, "params": {"colsample_bytree": 0.692274567272623, "eta": 0.0022084144944563263, "gamma": 118.34813271729716, "max_depth": 3.0, "min_child_weight": 4210.009527280118, "num_boost_round": 4.0, "subsample": 0.9245768867061381}, "datetime": {"datetime": "2024-01-20 16:19:45", "elapsed": 6946.244892, "delta": 0.002775}}
{"target": -13.731135306535322, "params": {"colsample_bytree": 0.692274567272623, "eta": 0.0022084144944563263, "gamma": 118.34813271729716, "max_depth": 3.0, "min_child_weight": 4210.009527280118, "num_boost_round": 5.0, "subsample": 0.9245768867061381}, "datetime": {"datetime": "2024-01-20 16:19:45", "elapsed": 6946.247637, "delta": 0.002745}}
{"target": -13.73116617777393, "params": {"colsample_bytree": 0.692274567272623, "eta": 0.0022084144944563263, "gamma": 118.34813271729716, "max_depth": 3.0, "min_child_weight": 4210.009527280118, "num_boost_round": 6.0, "subsample": 0.9245768867061381}, "datetime": {"datetime": "2024-01-20 16:19:45", "elapsed": 6946.250518, "delta": 0.002881}}
{"target": -13.73119828490897, "params": {"colsample_bytree": 0.692274567272623, "eta": 0.0022084144944563263, "gamma": 118.34813271729716, "max_depth": 3.0, "min_child_weight": 4210.009527280118, "num_boost_round": 7.0, "subsample": 0.9245768867061381}, "datetime": {"datetime": "2024-01-20 16:19:45", "elapsed": 6946.253252, "delta": 0.002734}}
{"target": -13.731231009743516, "params": {"colsample_bytree": 0.692274567272623, "eta": 0.0022084144944563263, "gamma": 118.34813271729716, "max_depth": 3.0, "min_child_weight": 4210.009527280118, "num_boost_round": 8.0, "subsample": 0.9245768867061381}, "datetime": {"datetime": "2024-01-20 16:19:45", "elapsed": 6946.255991, "delta": 0.002739}}
{"target": -13.731254500730733, "params": {"colsample_bytree": 0.692274567272623, "eta": 0.0022084144944563263, "gamma": 118.34813271729716, "max_depth": 3.0, "min_child_weight": 4210.009527280118, "num_boost_round": 9.0, "subsample": 0.9245768867061381}, "datetime": {"datetime": "2024-01-20 16:19:45", "elapsed": 6946.258731, "delta": 0.00274}}
{"target": -13.731282207386045, "params": {"colsample_bytree": 0.692274567272623, "eta": 0.0022084144944563263, "gamma": 118.34813271729716, "max_depth": 3.0, "min_child_weight": 4210.009527280118, "num_boost_round": 10.0, "subsample": 0.9245768867061381}, "datetime": {"datetime": "2024-01-20 16:19:45", "elapsed": 6946.261632, "delta": 0.002901}}
{"target": -13.731311747200294, "params": {"colsample_bytree": 0.692274567272623, "eta": 0.0022084144944563263, "gamma": 118.34813271729716, "max_depth": 3.0, "min_child_weight": 4210.009527280118, "num_boost_round": 11.0, "subsample": 0.9245768867061381}, "datetime": {"datetime": "2024-01-20 16:19:45", "elapsed": 6946.26441, "delta": 0.002778}}
{"target": -13.7333416098896, "params": {"colsample_bytree": 0.6634659212216164, "eta": 0.08935200062842023, "gamma": 119.35043922501032, "max_depth": 6.0, "min_child_weight": 4163.1887455154, "num_boost_round": 1.0, "subsample": 0.9642068899877212}, "datetime": {"datetime": "2024-01-20 16:20:11", "elapsed": 6972.550668, "delta": 26.286258}}
{"target": -13.736528576042499, "params": {"colsample_bytree": 0.6634659212216164, "eta": 0.08935200062842023, "gamma": 119.35043922501032, "max_depth": 6.0, "min_child_weight": 4163.1887455154, "num_boost_round": 2.0, "subsample": 0.9642068899877212}, "datetime": {"datetime": "2024-01-20 16:20:11", "elapsed": 6972.554572, "delta": 0.003904}}
{"target": -13.738079762901904, "params": {"colsample_bytree": 0.6634659212216164, "eta": 0.08935200062842023, "gamma": 119.35043922501032, "max_depth": 6.0, "min_child_weight": 4163.1887455154, "num_boost_round": 3.0, "subsample": 0.9642068899877212}, "datetime": {"datetime": "2024-01-20 16:20:11", "elapsed": 6972.55772, "delta": 0.003148}}
{"target": -13.740991339017743, "params": {"colsample_bytree": 0.6634659212216164, "eta": 0.08935200062842023, "gamma": 119.35043922501032, "max_depth": 6.0, "min_child_weight": 4163.1887455154, "num_boost_round": 4.0, "subsample": 0.9642068899877212}, "datetime": {"datetime": "2024-01-20 16:20:11", "elapsed": 6972.560586, "delta": 0.002866}}
{"target": -13.744075686586676, "params": {"colsample_bytree": 0.6634659212216164, "eta": 0.08935200062842023, "gamma": 119.35043922501032, "max_depth": 6.0, "min_child_weight": 4163.1887455154, "num_boost_round": 5.0, "subsample": 0.9642068899877212}, "datetime": {"datetime": "2024-01-20 16:20:11", "elapsed": 6972.563415, "delta": 0.002829}}
{"target": -13.746198135318279, "params": {"colsample_bytree": 0.6634659212216164, "eta": 0.08935200062842023, "gamma": 119.35043922501032, "max_depth": 6.0, "min_child_weight": 4163.1887455154, "num_boost_round": 6.0, "subsample": 0.9642068899877212}, "datetime": {"datetime": "2024-01-20 16:20:11", "elapsed": 6972.566179, "delta": 0.002764}}
{"target": -13.748492198900772, "params": {"colsample_bytree": 0.6634659212216164, "eta": 0.08935200062842023, "gamma": 119.35043922501032, "max_depth": 6.0, "min_child_weight": 4163.1887455154, "num_boost_round": 7.0, "subsample": 0.9642068899877212}, "datetime": {"datetime": "2024-01-20 16:20:11", "elapsed": 6972.568936, "delta": 0.002757}}
{"target": -13.751253733954668, "params": {"colsample_bytree": 0.6634659212216164, "eta": 0.08935200062842023, "gamma": 119.35043922501032, "max_depth": 6.0, "min_child_weight": 4163.1887455154, "num_boost_round": 8.0, "subsample": 0.9642068899877212}, "datetime": {"datetime": "2024-01-20 16:20:11", "elapsed": 6972.571723, "delta": 0.002787}}
{"target": -13.731209892070826, "params": {"colsample_bytree": 0.2855050708611684, "eta": 0.030867883810861616, "gamma": 493.86010575849014, "max_depth": 7.0, "min_child_weight": 4292.504779210106, "num_boost_round": 1.0, "subsample": 0.3514290149591909}, "datetime": {"datetime": "2024-01-20 16:20:39", "elapsed": 7000.828976, "delta": 28.257253}}
{"target": -13.731477090510705, "params": {"colsample_bytree": 0.2855050708611684, "eta": 0.030867883810861616, "gamma": 493.86010575849014, "max_depth": 7.0, "min_child_weight": 4292.504779210106, "num_boost_round": 2.0, "subsample": 0.3514290149591909}, "datetime": {"datetime": "2024-01-20 16:20:39", "elapsed": 7000.833802, "delta": 0.004826}}
{"target": -13.731748423215105, "params": {"colsample_bytree": 0.2855050708611684, "eta": 0.030867883810861616, "gamma": 493.86010575849014, "max_depth": 7.0, "min_child_weight": 4292.504779210106, "num_boost_round": 3.0, "subsample": 0.3514290149591909}, "datetime": {"datetime": "2024-01-20 16:20:39", "elapsed": 7000.83665, "delta": 0.002848}}
{"target": -13.731995290754776, "params": {"colsample_bytree": 0.2855050708611684, "eta": 0.030867883810861616, "gamma": 493.86010575849014, "max_depth": 7.0, "min_child_weight": 4292.504779210106, "num_boost_round": 4.0, "subsample": 0.3514290149591909}, "datetime": {"datetime": "2024-01-20 16:20:39", "elapsed": 7000.839516, "delta": 0.002866}}
{"target": -13.7316085622878, "params": {"colsample_bytree": 0.7179531057851727, "eta": 0.0489084920596474, "gamma": 118.14449102761537, "max_depth": 3.0, "min_child_weight": 3373.1840343896756, "num_boost_round": 1.0, "subsample": 0.918203234755084}, "datetime": {"datetime": "2024-01-20 16:21:04", "elapsed": 7025.08031, "delta": 24.240794}}
{"target": -13.73211258642399, "params": {"colsample_bytree": 0.7179531057851727, "eta": 0.0489084920596474, "gamma": 118.14449102761537, "max_depth": 3.0, "min_child_weight": 3373.1840343896756, "num_boost_round": 2.0, "subsample": 0.918203234755084}, "datetime": {"datetime": "2024-01-20 16:21:04", "elapsed": 7025.084877, "delta": 0.004567}}
{"target": -13.731458416754572, "params": {"colsample_bytree": 0.7330786734145206, "eta": 0.02799906081147965, "gamma": 132.919319787547, "max_depth": 9.0, "min_child_weight": 4666.6213958045755, "num_boost_round": 1.0, "subsample": 0.23924558914510577}, "datetime": {"datetime": "2024-01-20 16:21:35", "elapsed": 7056.455817, "delta": 31.37094}}
{"target": -13.73187293187948, "params": {"colsample_bytree": 0.7330786734145206, "eta": 0.02799906081147965, "gamma": 132.919319787547, "max_depth": 9.0, "min_child_weight": 4666.6213958045755, "num_boost_round": 2.0, "subsample": 0.23924558914510577}, "datetime": {"datetime": "2024-01-20 16:21:35", "elapsed": 7056.459035, "delta": 0.003218}}
{"target": -13.732432630442418, "params": {"colsample_bytree": 0.7330786734145206, "eta": 0.02799906081147965, "gamma": 132.919319787547, "max_depth": 9.0, "min_child_weight": 4666.6213958045755, "num_boost_round": 3.0, "subsample": 0.23924558914510577}, "datetime": {"datetime": "2024-01-20 16:21:35", "elapsed": 7056.462184, "delta": 0.003149}}
{"target": -13.733112439634755, "params": {"colsample_bytree": 0.7330786734145206, "eta": 0.02799906081147965, "gamma": 132.919319787547, "max_depth": 9.0, "min_child_weight": 4666.6213958045755, "num_boost_round": 4.0, "subsample": 0.23924558914510577}, "datetime": {"datetime": "2024-01-20 16:21:35", "elapsed": 7056.465063, "delta": 0.002879}}
{"target": -13.73169148999807, "params": {"colsample_bytree": 0.618173280980752, "eta": 0.03438277045161709, "gamma": 4.876906802125158, "max_depth": 9.0, "min_child_weight": 3588.22551263404, "num_boost_round": 1.0, "subsample": 0.17745180707851693}, "datetime": {"datetime": "2024-01-20 16:22:01", "elapsed": 7082.183473, "delta": 25.71841}}
{"target": -13.731121395946655, "params": {"colsample_bytree": 0.940175668432474, "eta": 0.006874484770064032, "gamma": 778.0608743464649, "max_depth": 8.0, "min_child_weight": 4060.459343709588, "num_boost_round": 1.0, "subsample": 0.8343033768476921}, "datetime": {"datetime": "2024-01-20 16:22:24", "elapsed": 7105.470746, "delta": 23.287273}}
{"target": -13.731088009449826, "params": {"colsample_bytree": 0.6699408056040241, "eta": 0.0036428328779873646, "gamma": 148.2724959880566, "max_depth": 3.0, "min_child_weight": 4782.725203105618, "num_boost_round": 1.0, "subsample": 0.4666215487184945}, "datetime": {"datetime": "2024-01-20 16:22:44", "elapsed": 7125.501542, "delta": 20.030796}}
{"target": -13.73245580393233, "params": {"colsample_bytree": 0.3672149658071667, "eta": 0.07216266351464345, "gamma": 375.8788723364891, "max_depth": 7.0, "min_child_weight": 3916.232788487081, "num_boost_round": 1.0, "subsample": 0.8484817291875653}, "datetime": {"datetime": "2024-01-20 16:23:06", "elapsed": 7147.716563, "delta": 22.215021}}
{"target": -13.733590319349041, "params": {"colsample_bytree": 0.3672149658071667, "eta": 0.07216266351464345, "gamma": 375.8788723364891, "max_depth": 7.0, "min_child_weight": 3916.232788487081, "num_boost_round": 2.0, "subsample": 0.8484817291875653}, "datetime": {"datetime": "2024-01-20 16:23:06", "elapsed": 7147.720664, "delta": 0.004101}}
{"target": -13.734296039543771, "params": {"colsample_bytree": 0.3672149658071667, "eta": 0.07216266351464345, "gamma": 375.8788723364891, "max_depth": 7.0, "min_child_weight": 3916.232788487081, "num_boost_round": 3.0, "subsample": 0.8484817291875653}, "datetime": {"datetime": "2024-01-20 16:23:06", "elapsed": 7147.72417, "delta": 0.003506}}
{"target": -13.731202262652904, "params": {"colsample_bytree": 0.20523048844468444, "eta": 0.03034239359873446, "gamma": 269.7324245524571, "max_depth": 4.0, "min_child_weight": 4778.850286191172, "num_boost_round": 1.0, "subsample": 0.7077183581409682}, "datetime": {"datetime": "2024-01-20 16:23:29", "elapsed": 7170.212083, "delta": 22.487913}}
{"target": -13.7310842330991, "params": {"colsample_bytree": 0.1936532053776693, "eta": 0.007696885911767977, "gamma": 225.72684571555857, "max_depth": 2.0, "min_child_weight": 3833.6728609519632, "num_boost_round": 1.0, "subsample": 0.12464289706167071}, "datetime": {"datetime": "2024-01-20 16:23:58", "elapsed": 7199.523536, "delta": 29.311453}}
{"target": -13.731110299534809, "params": {"colsample_bytree": 0.1936532053776693, "eta": 0.007696885911767977, "gamma": 225.72684571555857, "max_depth": 2.0, "min_child_weight": 3833.6728609519632, "num_boost_round": 2.0, "subsample": 0.12464289706167071}, "datetime": {"datetime": "2024-01-20 16:23:58", "elapsed": 7199.528976, "delta": 0.00544}}
{"target": -13.733453140017158, "params": {"colsample_bytree": 0.6221726510403355, "eta": 0.09150872495976452, "gamma": 3.6468437311339974, "max_depth": 8.0, "min_child_weight": 3713.115109963988, "num_boost_round": 1.0, "subsample": 0.27176559498278285}, "datetime": {"datetime": "2024-01-20 16:24:23", "elapsed": 7224.4975, "delta": 24.968524}}
{"target": -13.73477459806599, "params": {"colsample_bytree": 0.6221726510403355, "eta": 0.09150872495976452, "gamma": 3.6468437311339974, "max_depth": 8.0, "min_child_weight": 3713.115109963988, "num_boost_round": 2.0, "subsample": 0.27176559498278285}, "datetime": {"datetime": "2024-01-20 16:24:23", "elapsed": 7224.502815, "delta": 0.005315}}
{"target": -13.732871068993727, "params": {"colsample_bytree": 0.6239997740773373, "eta": 0.09832276812400108, "gamma": 67.59505849267711, "max_depth": 4.0, "min_child_weight": 4239.740846731348, "num_boost_round": 1.0, "subsample": 0.407920651062473}, "datetime": {"datetime": "2024-01-20 16:24:54", "elapsed": 7255.516036, "delta": 31.013221}}
{"target": -13.734334443628693, "params": {"colsample_bytree": 0.6239997740773373, "eta": 0.09832276812400108, "gamma": 67.59505849267711, "max_depth": 4.0, "min_child_weight": 4239.740846731348, "num_boost_round": 2.0, "subsample": 0.407920651062473}, "datetime": {"datetime": "2024-01-20 16:24:54", "elapsed": 7255.519033, "delta": 0.002997}}
{"target": -13.73558093826096, "params": {"colsample_bytree": 0.6239997740773373, "eta": 0.09832276812400108, "gamma": 67.59505849267711, "max_depth": 4.0, "min_child_weight": 4239.740846731348, "num_boost_round": 3.0, "subsample": 0.407920651062473}, "datetime": {"datetime": "2024-01-20 16:24:54", "elapsed": 7255.522548, "delta": 0.003515}}
{"target": -13.737960249929667, "params": {"colsample_bytree": 0.6239997740773373, "eta": 0.09832276812400108, "gamma": 67.59505849267711, "max_depth": 4.0, "min_child_weight": 4239.740846731348, "num_boost_round": 4.0, "subsample": 0.407920651062473}, "datetime": {"datetime": "2024-01-20 16:24:54", "elapsed": 7255.525376, "delta": 0.002828}}
{"target": -13.740080520644424, "params": {"colsample_bytree": 0.6239997740773373, "eta": 0.09832276812400108, "gamma": 67.59505849267711, "max_depth": 4.0, "min_child_weight": 4239.740846731348, "num_boost_round": 5.0, "subsample": 0.407920651062473}, "datetime": {"datetime": "2024-01-20 16:24:54", "elapsed": 7255.528263, "delta": 0.002887}}
{"target": -13.742146138960699, "params": {"colsample_bytree": 0.6239997740773373, "eta": 0.09832276812400108, "gamma": 67.59505849267711, "max_depth": 4.0, "min_child_weight": 4239.740846731348, "num_boost_round": 6.0, "subsample": 0.407920651062473}, "datetime": {"datetime": "2024-01-20 16:24:54", "elapsed": 7255.531069, "delta": 0.002806}}
{"target": -13.744285767952189, "params": {"colsample_bytree": 0.6239997740773373, "eta": 0.09832276812400108, "gamma": 67.59505849267711, "max_depth": 4.0, "min_child_weight": 4239.740846731348, "num_boost_round": 7.0, "subsample": 0.407920651062473}, "datetime": {"datetime": "2024-01-20 16:24:54", "elapsed": 7255.533868, "delta": 0.002799}}
{"target": -13.747224905554976, "params": {"colsample_bytree": 0.6239997740773373, "eta": 0.09832276812400108, "gamma": 67.59505849267711, "max_depth": 4.0, "min_child_weight": 4239.740846731348, "num_boost_round": 8.0, "subsample": 0.407920651062473}, "datetime": {"datetime": "2024-01-20 16:24:54", "elapsed": 7255.536687, "delta": 0.002819}}
{"target": -13.748845375487662, "params": {"colsample_bytree": 0.6239997740773373, "eta": 0.09832276812400108, "gamma": 67.59505849267711, "max_depth": 4.0, "min_child_weight": 4239.740846731348, "num_boost_round": 9.0, "subsample": 0.407920651062473}, "datetime": {"datetime": "2024-01-20 16:24:54", "elapsed": 7255.540604, "delta": 0.003917}}
{"target": -13.750362843852933, "params": {"colsample_bytree": 0.6239997740773373, "eta": 0.09832276812400108, "gamma": 67.59505849267711, "max_depth": 4.0, "min_child_weight": 4239.740846731348, "num_boost_round": 10.0, "subsample": 0.407920651062473}, "datetime": {"datetime": "2024-01-20 16:24:54", "elapsed": 7255.543977, "delta": 0.003373}}
{"target": -13.752124740002275, "params": {"colsample_bytree": 0.6239997740773373, "eta": 0.09832276812400108, "gamma": 67.59505849267711, "max_depth": 4.0, "min_child_weight": 4239.740846731348, "num_boost_round": 11.0, "subsample": 0.407920651062473}, "datetime": {"datetime": "2024-01-20 16:24:54", "elapsed": 7255.546908, "delta": 0.002931}}
{"target": -13.73131049361449, "params": {"colsample_bytree": 0.4999486889241521, "eta": 0.017338154543702067, "gamma": 617.127820090577, "max_depth": 5.0, "min_child_weight": 4786.329272289836, "num_boost_round": 1.0, "subsample": 0.3430951766847385}, "datetime": {"datetime": "2024-01-20 16:25:22", "elapsed": 7282.943077, "delta": 27.396169}}
{"target": -13.731524309819282, "params": {"colsample_bytree": 0.30462163720198754, "eta": 0.056280106271266145, "gamma": 94.51420100587993, "max_depth": 3.0, "min_child_weight": 4793.056840713726, "num_boost_round": 1.0, "subsample": 0.3367880093973141}, "datetime": {"datetime": "2024-01-20 16:26:04", "elapsed": 7325.079049, "delta": 42.135972}}
{"target": -13.732182483078402, "params": {"colsample_bytree": 0.30462163720198754, "eta": 0.056280106271266145, "gamma": 94.51420100587993, "max_depth": 3.0, "min_child_weight": 4793.056840713726, "num_boost_round": 2.0, "subsample": 0.3367880093973141}, "datetime": {"datetime": "2024-01-20 16:26:04", "elapsed": 7325.082942, "delta": 0.003893}}
{"target": -13.73255692878455, "params": {"colsample_bytree": 0.30462163720198754, "eta": 0.056280106271266145, "gamma": 94.51420100587993, "max_depth": 3.0, "min_child_weight": 4793.056840713726, "num_boost_round": 3.0, "subsample": 0.3367880093973141}, "datetime": {"datetime": "2024-01-20 16:26:04", "elapsed": 7325.086586, "delta": 0.003644}}
{"target": -13.733463933900442, "params": {"colsample_bytree": 0.30462163720198754, "eta": 0.056280106271266145, "gamma": 94.51420100587993, "max_depth": 3.0, "min_child_weight": 4793.056840713726, "num_boost_round": 4.0, "subsample": 0.3367880093973141}, "datetime": {"datetime": "2024-01-20 16:26:04", "elapsed": 7325.090552, "delta": 0.003966}}
{"target": -13.734590691287046, "params": {"colsample_bytree": 0.30462163720198754, "eta": 0.056280106271266145, "gamma": 94.51420100587993, "max_depth": 3.0, "min_child_weight": 4793.056840713726, "num_boost_round": 5.0, "subsample": 0.3367880093973141}, "datetime": {"datetime": "2024-01-20 16:26:04", "elapsed": 7325.093822, "delta": 0.00327}}
{"target": -13.735518665545255, "params": {"colsample_bytree": 0.30462163720198754, "eta": 0.056280106271266145, "gamma": 94.51420100587993, "max_depth": 3.0, "min_child_weight": 4793.056840713726, "num_boost_round": 6.0, "subsample": 0.3367880093973141}, "datetime": {"datetime": "2024-01-20 16:26:04", "elapsed": 7325.096893, "delta": 0.003071}}
{"target": -13.735971122502804, "params": {"colsample_bytree": 0.30462163720198754, "eta": 0.056280106271266145, "gamma": 94.51420100587993, "max_depth": 3.0, "min_child_weight": 4793.056840713726, "num_boost_round": 7.0, "subsample": 0.3367880093973141}, "datetime": {"datetime": "2024-01-20 16:26:04", "elapsed": 7325.099825, "delta": 0.002932}}
{"target": -13.736173303473517, "params": {"colsample_bytree": 0.30462163720198754, "eta": 0.056280106271266145, "gamma": 94.51420100587993, "max_depth": 3.0, "min_child_weight": 4793.056840713726, "num_boost_round": 8.0, "subsample": 0.3367880093973141}, "datetime": {"datetime": "2024-01-20 16:26:04", "elapsed": 7325.10275, "delta": 0.002925}}
{"target": -13.736993009746708, "params": {"colsample_bytree": 0.30462163720198754, "eta": 0.056280106271266145, "gamma": 94.51420100587993, "max_depth": 3.0, "min_child_weight": 4793.056840713726, "num_boost_round": 9.0, "subsample": 0.3367880093973141}, "datetime": {"datetime": "2024-01-20 16:26:04", "elapsed": 7325.105657, "delta": 0.002907}}
{"target": -13.737642760313863, "params": {"colsample_bytree": 0.30462163720198754, "eta": 0.056280106271266145, "gamma": 94.51420100587993, "max_depth": 3.0, "min_child_weight": 4793.056840713726, "num_boost_round": 10.0, "subsample": 0.3367880093973141}, "datetime": {"datetime": "2024-01-20 16:26:04", "elapsed": 7325.108625, "delta": 0.002968}}
