{"target": -10.484165385767632, "params": {"colsample_bytree": 0.3066512308916117, "eta": 0.06996336931915027, "gamma": 331.72617551634596, "max_depth": 8.0, "min_child_weight": 4479.846795097998, "num_boost_round": 42.0, "subsample": 0.7607083481542334}, "datetime": {"datetime": "2024-01-20 14:48:33", "elapsed": 5006.015968, "delta": 0.004128}}
{"target": -10.484516497635294, "params": {"colsample_bytree": 0.3066512308916117, "eta": 0.06996336931915027, "gamma": 331.72617551634596, "max_depth": 8.0, "min_child_weight": 4479.846795097998, "num_boost_round": 43.0, "subsample": 0.7607083481542334}, "datetime": {"datetime": "2024-01-20 14:48:33", "elapsed": 5006.020066, "delta": 0.004098}}
{"target": -10.484898196029313, "params": {"colsample_bytree": 0.3066512308916117, "eta": 0.06996336931915027, "gamma": 331.72617551634596, "max_depth": 8.0, "min_child_weight": 4479.846795097998, "num_boost_round": 44.0, "subsample": 0.7607083481542334}, "datetime": {"datetime": "2024-01-20 14:48:33", "elapsed": 5006.024155, "delta": 0.004089}}
{"target": -10.476520110052533, "params": {"colsample_bytree": 0.5723976875082629, "eta": 0.09182154159851252, "gamma": 789.2872432000876, "max_depth": 3.0, "min_child_weight": 1891.2821770494918, "num_boost_round": 1.0, "subsample": 0.6990829092798285}, "datetime": {"datetime": "2024-01-20 14:49:17", "elapsed": 5049.812289, "delta": 43.788134}}
{"target": -10.476099879448881, "params": {"colsample_bytree": 0.5723976875082629, "eta": 0.09182154159851252, "gamma": 789.2872432000876, "max_depth": 3.0, "min_child_weight": 1891.2821770494918, "num_boost_round": 2.0, "subsample": 0.6990829092798285}, "datetime": {"datetime": "2024-01-20 14:49:17", "elapsed": 5049.817796, "delta": 0.005507}}
{"target": -10.475995886586412, "params": {"colsample_bytree": 0.5723976875082629, "eta": 0.09182154159851252, "gamma": 789.2872432000876, "max_depth": 3.0, "min_child_weight": 1891.2821770494918, "num_boost_round": 3.0, "subsample": 0.6990829092798285}, "datetime": {"datetime": "2024-01-20 14:49:17", "elapsed": 5049.822064, "delta": 0.004268}}
{"target": -10.47596848957554, "params": {"colsample_bytree": 0.5723976875082629, "eta": 0.09182154159851252, "gamma": 789.2872432000876, "max_depth": 3.0, "min_child_weight": 1891.2821770494918, "num_boost_round": 4.0, "subsample": 0.6990829092798285}, "datetime": {"datetime": "2024-01-20 14:49:17", "elapsed": 5049.826279, "delta": 0.004215}}
{"target": -10.476248829840664, "params": {"colsample_bytree": 0.5723976875082629, "eta": 0.09182154159851252, "gamma": 789.2872432000876, "max_depth": 3.0, "min_child_weight": 1891.2821770494918, "num_boost_round": 5.0, "subsample": 0.6990829092798285}, "datetime": {"datetime": "2024-01-20 14:49:17", "elapsed": 5049.830838, "delta": 0.004559}}
{"target": -10.476518019630788, "params": {"colsample_bytree": 0.5723976875082629, "eta": 0.09182154159851252, "gamma": 789.2872432000876, "max_depth": 3.0, "min_child_weight": 1891.2821770494918, "num_boost_round": 6.0, "subsample": 0.6990829092798285}, "datetime": {"datetime": "2024-01-20 14:49:17", "elapsed": 5049.834992, "delta": 0.004154}}
{"target": -10.47744099669891, "params": {"colsample_bytree": 0.5723976875082629, "eta": 0.09182154159851252, "gamma": 789.2872432000876, "max_depth": 3.0, "min_child_weight": 1891.2821770494918, "num_boost_round": 7.0, "subsample": 0.6990829092798285}, "datetime": {"datetime": "2024-01-20 14:49:17", "elapsed": 5049.83927, "delta": 0.004278}}
{"target": -10.477050188383856, "params": {"colsample_bytree": 0.5723976875082629, "eta": 0.09182154159851252, "gamma": 789.2872432000876, "max_depth": 3.0, "min_child_weight": 1891.2821770494918, "num_boost_round": 8.0, "subsample": 0.6990829092798285}, "datetime": {"datetime": "2024-01-20 14:49:17", "elapsed": 5049.843627, "delta": 0.004357}}
{"target": -10.47766676503542, "params": {"colsample_bytree": 0.5723976875082629, "eta": 0.09182154159851252, "gamma": 789.2872432000876, "max_depth": 3.0, "min_child_weight": 1891.2821770494918, "num_boost_round": 9.0, "subsample": 0.6990829092798285}, "datetime": {"datetime": "2024-01-20 14:49:17", "elapsed": 5049.847784, "delta": 0.004157}}
{"target": -10.475594624617127, "params": {"colsample_bytree": 0.6532057952529723, "eta": 0.06643775447081747, "gamma": 306.5573151871928, "max_depth": 6.0, "min_child_weight": 4606.85794820362, "num_boost_round": 1.0, "subsample": 0.6058469966637675}, "datetime": {"datetime": "2024-01-20 14:50:09", "elapsed": 5101.620931, "delta": 51.773147}}
{"target": -10.474735154550753, "params": {"colsample_bytree": 0.6532057952529723, "eta": 0.06643775447081747, "gamma": 306.5573151871928, "max_depth": 6.0, "min_child_weight": 4606.85794820362, "num_boost_round": 2.0, "subsample": 0.6058469966637675}, "datetime": {"datetime": "2024-01-20 14:50:09", "elapsed": 5101.626476, "delta": 0.005545}}
{"target": -10.47475779748381, "params": {"colsample_bytree": 0.6532057952529723, "eta": 0.06643775447081747, "gamma": 306.5573151871928, "max_depth": 6.0, "min_child_weight": 4606.85794820362, "num_boost_round": 3.0, "subsample": 0.6058469966637675}, "datetime": {"datetime": "2024-01-20 14:50:09", "elapsed": 5101.630967, "delta": 0.004491}}
{"target": -10.474061442436081, "params": {"colsample_bytree": 0.6532057952529723, "eta": 0.06643775447081747, "gamma": 306.5573151871928, "max_depth": 6.0, "min_child_weight": 4606.85794820362, "num_boost_round": 4.0, "subsample": 0.6058469966637675}, "datetime": {"datetime": "2024-01-20 14:50:09", "elapsed": 5101.635394, "delta": 0.004427}}
{"target": -10.47342452072669, "params": {"colsample_bytree": 0.6532057952529723, "eta": 0.06643775447081747, "gamma": 306.5573151871928, "max_depth": 6.0, "min_child_weight": 4606.85794820362, "num_boost_round": 5.0, "subsample": 0.6058469966637675}, "datetime": {"datetime": "2024-01-20 14:50:09", "elapsed": 5101.639682, "delta": 0.004288}}
{"target": -10.473610825180454, "params": {"colsample_bytree": 0.6532057952529723, "eta": 0.06643775447081747, "gamma": 306.5573151871928, "max_depth": 6.0, "min_child_weight": 4606.85794820362, "num_boost_round": 6.0, "subsample": 0.6058469966637675}, "datetime": {"datetime": "2024-01-20 14:50:09", "elapsed": 5101.643978, "delta": 0.004296}}
{"target": -10.473516217778428, "params": {"colsample_bytree": 0.6532057952529723, "eta": 0.06643775447081747, "gamma": 306.5573151871928, "max_depth": 6.0, "min_child_weight": 4606.85794820362, "num_boost_round": 7.0, "subsample": 0.6058469966637675}, "datetime": {"datetime": "2024-01-20 14:50:09", "elapsed": 5101.648269, "delta": 0.004291}}
{"target": -10.473063222020883, "params": {"colsample_bytree": 0.6532057952529723, "eta": 0.06643775447081747, "gamma": 306.5573151871928, "max_depth": 6.0, "min_child_weight": 4606.85794820362, "num_boost_round": 8.0, "subsample": 0.6058469966637675}, "datetime": {"datetime": "2024-01-20 14:50:09", "elapsed": 5101.652556, "delta": 0.004287}}
{"target": -10.47322824574319, "params": {"colsample_bytree": 0.6532057952529723, "eta": 0.06643775447081747, "gamma": 306.5573151871928, "max_depth": 6.0, "min_child_weight": 4606.85794820362, "num_boost_round": 9.0, "subsample": 0.6058469966637675}, "datetime": {"datetime": "2024-01-20 14:50:09", "elapsed": 5101.656904, "delta": 0.004348}}
{"target": -10.473042263275303, "params": {"colsample_bytree": 0.6532057952529723, "eta": 0.06643775447081747, "gamma": 306.5573151871928, "max_depth": 6.0, "min_child_weight": 4606.85794820362, "num_boost_round": 10.0, "subsample": 0.6058469966637675}, "datetime": {"datetime": "2024-01-20 14:50:09", "elapsed": 5101.66119, "delta": 0.004286}}
{"target": -10.473411438853773, "params": {"colsample_bytree": 0.6532057952529723, "eta": 0.06643775447081747, "gamma": 306.5573151871928, "max_depth": 6.0, "min_child_weight": 4606.85794820362, "num_boost_round": 11.0, "subsample": 0.6058469966637675}, "datetime": {"datetime": "2024-01-20 14:50:09", "elapsed": 5101.665444, "delta": 0.004254}}
{"target": -10.473881692722184, "params": {"colsample_bytree": 0.6532057952529723, "eta": 0.06643775447081747, "gamma": 306.5573151871928, "max_depth": 6.0, "min_child_weight": 4606.85794820362, "num_boost_round": 12.0, "subsample": 0.6058469966637675}, "datetime": {"datetime": "2024-01-20 14:50:09", "elapsed": 5101.669719, "delta": 0.004275}}
{"target": -10.474193618374189, "params": {"colsample_bytree": 0.6532057952529723, "eta": 0.06643775447081747, "gamma": 306.5573151871928, "max_depth": 6.0, "min_child_weight": 4606.85794820362, "num_boost_round": 13.0, "subsample": 0.6058469966637675}, "datetime": {"datetime": "2024-01-20 14:50:09", "elapsed": 5101.674105, "delta": 0.004386}}
{"target": -10.474256803343998, "params": {"colsample_bytree": 0.6532057952529723, "eta": 0.06643775447081747, "gamma": 306.5573151871928, "max_depth": 6.0, "min_child_weight": 4606.85794820362, "num_boost_round": 14.0, "subsample": 0.6058469966637675}, "datetime": {"datetime": "2024-01-20 14:50:09", "elapsed": 5101.678374, "delta": 0.004269}}
{"target": -10.474528669034507, "params": {"colsample_bytree": 0.6532057952529723, "eta": 0.06643775447081747, "gamma": 306.5573151871928, "max_depth": 6.0, "min_child_weight": 4606.85794820362, "num_boost_round": 15.0, "subsample": 0.6058469966637675}, "datetime": {"datetime": "2024-01-20 14:50:09", "elapsed": 5101.682723, "delta": 0.004349}}
{"target": -10.475158513559336, "params": {"colsample_bytree": 0.6532057952529723, "eta": 0.06643775447081747, "gamma": 306.5573151871928, "max_depth": 6.0, "min_child_weight": 4606.85794820362, "num_boost_round": 16.0, "subsample": 0.6058469966637675}, "datetime": {"datetime": "2024-01-20 14:50:09", "elapsed": 5101.687052, "delta": 0.004329}}
{"target": -10.475387212899108, "params": {"colsample_bytree": 0.6532057952529723, "eta": 0.06643775447081747, "gamma": 306.5573151871928, "max_depth": 6.0, "min_child_weight": 4606.85794820362, "num_boost_round": 17.0, "subsample": 0.6058469966637675}, "datetime": {"datetime": "2024-01-20 14:50:09", "elapsed": 5101.691368, "delta": 0.004316}}
{"target": -10.475555277275749, "params": {"colsample_bytree": 0.6532057952529723, "eta": 0.06643775447081747, "gamma": 306.5573151871928, "max_depth": 6.0, "min_child_weight": 4606.85794820362, "num_boost_round": 18.0, "subsample": 0.6058469966637675}, "datetime": {"datetime": "2024-01-20 14:50:09", "elapsed": 5101.695623, "delta": 0.004255}}
{"target": -10.476003715755233, "params": {"colsample_bytree": 0.4098332636292462, "eta": 0.01666536771002992, "gamma": 426.490811635889, "max_depth": 6.0, "min_child_weight": 4512.939114904636, "num_boost_round": 1.0, "subsample": 0.719819329769894}, "datetime": {"datetime": "2024-01-20 14:51:17", "elapsed": 5169.311745, "delta": 67.616122}}
{"target": -10.47586531266495, "params": {"colsample_bytree": 0.4098332636292462, "eta": 0.01666536771002992, "gamma": 426.490811635889, "max_depth": 6.0, "min_child_weight": 4512.939114904636, "num_boost_round": 2.0, "subsample": 0.719819329769894}, "datetime": {"datetime": "2024-01-20 14:51:17", "elapsed": 5169.317856, "delta": 0.006111}}
{"target": -10.475835240503283, "params": {"colsample_bytree": 0.4098332636292462, "eta": 0.01666536771002992, "gamma": 426.490811635889, "max_depth": 6.0, "min_child_weight": 4512.939114904636, "num_boost_round": 3.0, "subsample": 0.719819329769894}, "datetime": {"datetime": "2024-01-20 14:51:17", "elapsed": 5169.322164, "delta": 0.004308}}
{"target": -10.475730397288398, "params": {"colsample_bytree": 0.4098332636292462, "eta": 0.01666536771002992, "gamma": 426.490811635889, "max_depth": 6.0, "min_child_weight": 4512.939114904636, "num_boost_round": 4.0, "subsample": 0.719819329769894}, "datetime": {"datetime": "2024-01-20 14:51:17", "elapsed": 5169.326289, "delta": 0.004125}}
{"target": -10.475525426227572, "params": {"colsample_bytree": 0.4098332636292462, "eta": 0.01666536771002992, "gamma": 426.490811635889, "max_depth": 6.0, "min_child_weight": 4512.939114904636, "num_boost_round": 5.0, "subsample": 0.719819329769894}, "datetime": {"datetime": "2024-01-20 14:51:17", "elapsed": 5169.330495, "delta": 0.004206}}
{"target": -10.475517067150445, "params": {"colsample_bytree": 0.4098332636292462, "eta": 0.01666536771002992, "gamma": 426.490811635889, "max_depth": 6.0, "min_child_weight": 4512.939114904636, "num_boost_round": 6.0, "subsample": 0.719819329769894}, "datetime": {"datetime": "2024-01-20 14:51:17", "elapsed": 5169.334707, "delta": 0.004212}}
{"target": -10.475384046752978, "params": {"colsample_bytree": 0.4098332636292462, "eta": 0.01666536771002992, "gamma": 426.490811635889, "max_depth": 6.0, "min_child_weight": 4512.939114904636, "num_boost_round": 7.0, "subsample": 0.719819329769894}, "datetime": {"datetime": "2024-01-20 14:51:17", "elapsed": 5169.338921, "delta": 0.004214}}
{"target": -10.475288083662246, "params": {"colsample_bytree": 0.4098332636292462, "eta": 0.01666536771002992, "gamma": 426.490811635889, "max_depth": 6.0, "min_child_weight": 4512.939114904636, "num_boost_round": 8.0, "subsample": 0.719819329769894}, "datetime": {"datetime": "2024-01-20 14:51:17", "elapsed": 5169.343063, "delta": 0.004142}}
{"target": -10.475228529316851, "params": {"colsample_bytree": 0.4098332636292462, "eta": 0.01666536771002992, "gamma": 426.490811635889, "max_depth": 6.0, "min_child_weight": 4512.939114904636, "num_boost_round": 9.0, "subsample": 0.719819329769894}, "datetime": {"datetime": "2024-01-20 14:51:17", "elapsed": 5169.347348, "delta": 0.004285}}
{"target": -10.47520922665685, "params": {"colsample_bytree": 0.4098332636292462, "eta": 0.01666536771002992, "gamma": 426.490811635889, "max_depth": 6.0, "min_child_weight": 4512.939114904636, "num_boost_round": 10.0, "subsample": 0.719819329769894}, "datetime": {"datetime": "2024-01-20 14:51:17", "elapsed": 5169.351537, "delta": 0.004189}}
{"target": -10.475201882927111, "params": {"colsample_bytree": 0.4098332636292462, "eta": 0.01666536771002992, "gamma": 426.490811635889, "max_depth": 6.0, "min_child_weight": 4512.939114904636, "num_boost_round": 11.0, "subsample": 0.719819329769894}, "datetime": {"datetime": "2024-01-20 14:51:17", "elapsed": 5169.35572, "delta": 0.004183}}
{"target": -10.47510534288814, "params": {"colsample_bytree": 0.4098332636292462, "eta": 0.01666536771002992, "gamma": 426.490811635889, "max_depth": 6.0, "min_child_weight": 4512.939114904636, "num_boost_round": 12.0, "subsample": 0.719819329769894}, "datetime": {"datetime": "2024-01-20 14:51:17", "elapsed": 5169.36023, "delta": 0.00451}}
{"target": -10.475049077171878, "params": {"colsample_bytree": 0.4098332636292462, "eta": 0.01666536771002992, "gamma": 426.490811635889, "max_depth": 6.0, "min_child_weight": 4512.939114904636, "num_boost_round": 13.0, "subsample": 0.719819329769894}, "datetime": {"datetime": "2024-01-20 14:51:17", "elapsed": 5169.364417, "delta": 0.004187}}
{"target": -10.475909392479503, "params": {"colsample_bytree": 0.8038330384075868, "eta": 0.0373101061191119, "gamma": 434.13720008672993, "max_depth": 3.0, "min_child_weight": 4181.623618821143, "num_boost_round": 1.0, "subsample": 0.8365892099647118}, "datetime": {"datetime": "2024-01-20 14:52:29", "elapsed": 5241.380846, "delta": 72.016429}}
{"target": -10.475661568691418, "params": {"colsample_bytree": 0.8038330384075868, "eta": 0.0373101061191119, "gamma": 434.13720008672993, "max_depth": 3.0, "min_child_weight": 4181.623618821143, "num_boost_round": 2.0, "subsample": 0.8365892099647118}, "datetime": {"datetime": "2024-01-20 14:52:29", "elapsed": 5241.386768, "delta": 0.005922}}
{"target": -10.475556875270811, "params": {"colsample_bytree": 0.8038330384075868, "eta": 0.0373101061191119, "gamma": 434.13720008672993, "max_depth": 3.0, "min_child_weight": 4181.623618821143, "num_boost_round": 3.0, "subsample": 0.8365892099647118}, "datetime": {"datetime": "2024-01-20 14:52:29", "elapsed": 5241.391312, "delta": 0.004544}}
{"target": -10.475364501649526, "params": {"colsample_bytree": 0.8038330384075868, "eta": 0.0373101061191119, "gamma": 434.13720008672993, "max_depth": 3.0, "min_child_weight": 4181.623618821143, "num_boost_round": 4.0, "subsample": 0.8365892099647118}, "datetime": {"datetime": "2024-01-20 14:52:29", "elapsed": 5241.395647, "delta": 0.004335}}
{"target": -10.4753022528769, "params": {"colsample_bytree": 0.8038330384075868, "eta": 0.0373101061191119, "gamma": 434.13720008672993, "max_depth": 3.0, "min_child_weight": 4181.623618821143, "num_boost_round": 5.0, "subsample": 0.8365892099647118}, "datetime": {"datetime": "2024-01-20 14:52:29", "elapsed": 5241.400104, "delta": 0.004457}}
{"target": -10.475282975739454, "params": {"colsample_bytree": 0.8038330384075868, "eta": 0.0373101061191119, "gamma": 434.13720008672993, "max_depth": 3.0, "min_child_weight": 4181.623618821143, "num_boost_round": 6.0, "subsample": 0.8365892099647118}, "datetime": {"datetime": "2024-01-20 14:52:29", "elapsed": 5241.404344, "delta": 0.00424}}
{"target": -10.475515407100296, "params": {"colsample_bytree": 0.8038330384075868, "eta": 0.0373101061191119, "gamma": 434.13720008672993, "max_depth": 3.0, "min_child_weight": 4181.623618821143, "num_boost_round": 7.0, "subsample": 0.8365892099647118}, "datetime": {"datetime": "2024-01-20 14:52:29", "elapsed": 5241.408674, "delta": 0.00433}}
{"target": -10.475379730219219, "params": {"colsample_bytree": 0.8038330384075868, "eta": 0.0373101061191119, "gamma": 434.13720008672993, "max_depth": 3.0, "min_child_weight": 4181.623618821143, "num_boost_round": 8.0, "subsample": 0.8365892099647118}, "datetime": {"datetime": "2024-01-20 14:52:29", "elapsed": 5241.413265, "delta": 0.004591}}
{"target": -10.475322152920914, "params": {"colsample_bytree": 0.8038330384075868, "eta": 0.0373101061191119, "gamma": 434.13720008672993, "max_depth": 3.0, "min_child_weight": 4181.623618821143, "num_boost_round": 9.0, "subsample": 0.8365892099647118}, "datetime": {"datetime": "2024-01-20 14:52:29", "elapsed": 5241.417665, "delta": 0.0044}}
{"target": -10.475239077360383, "params": {"colsample_bytree": 0.8038330384075868, "eta": 0.0373101061191119, "gamma": 434.13720008672993, "max_depth": 3.0, "min_child_weight": 4181.623618821143, "num_boost_round": 10.0, "subsample": 0.8365892099647118}, "datetime": {"datetime": "2024-01-20 14:52:29", "elapsed": 5241.421949, "delta": 0.004284}}
{"target": -10.47524496146289, "params": {"colsample_bytree": 0.8038330384075868, "eta": 0.0373101061191119, "gamma": 434.13720008672993, "max_depth": 3.0, "min_child_weight": 4181.623618821143, "num_boost_round": 11.0, "subsample": 0.8365892099647118}, "datetime": {"datetime": "2024-01-20 14:52:29", "elapsed": 5241.426282, "delta": 0.004333}}
{"target": -10.475472147216824, "params": {"colsample_bytree": 0.8038330384075868, "eta": 0.0373101061191119, "gamma": 434.13720008672993, "max_depth": 3.0, "min_child_weight": 4181.623618821143, "num_boost_round": 12.0, "subsample": 0.8365892099647118}, "datetime": {"datetime": "2024-01-20 14:52:29", "elapsed": 5241.430585, "delta": 0.004303}}
{"target": -10.475761617387636, "params": {"colsample_bytree": 0.8038330384075868, "eta": 0.0373101061191119, "gamma": 434.13720008672993, "max_depth": 3.0, "min_child_weight": 4181.623618821143, "num_boost_round": 13.0, "subsample": 0.8365892099647118}, "datetime": {"datetime": "2024-01-20 14:52:29", "elapsed": 5241.434856, "delta": 0.004271}}
{"target": -10.475854096476587, "params": {"colsample_bytree": 0.8038330384075868, "eta": 0.0373101061191119, "gamma": 434.13720008672993, "max_depth": 3.0, "min_child_weight": 4181.623618821143, "num_boost_round": 14.0, "subsample": 0.8365892099647118}, "datetime": {"datetime": "2024-01-20 14:52:29", "elapsed": 5241.439216, "delta": 0.00436}}
{"target": -10.47568444456356, "params": {"colsample_bytree": 0.8038330384075868, "eta": 0.0373101061191119, "gamma": 434.13720008672993, "max_depth": 3.0, "min_child_weight": 4181.623618821143, "num_boost_round": 15.0, "subsample": 0.8365892099647118}, "datetime": {"datetime": "2024-01-20 14:52:29", "elapsed": 5241.443426, "delta": 0.00421}}
{"target": -10.475730429851149, "params": {"colsample_bytree": 0.8038330384075868, "eta": 0.0373101061191119, "gamma": 434.13720008672993, "max_depth": 3.0, "min_child_weight": 4181.623618821143, "num_boost_round": 16.0, "subsample": 0.8365892099647118}, "datetime": {"datetime": "2024-01-20 14:52:29", "elapsed": 5241.447659, "delta": 0.004233}}
{"target": -10.47575898288951, "params": {"colsample_bytree": 0.14524392766088257, "eta": 0.07972282808002662, "gamma": 487.39595237241076, "max_depth": 5.0, "min_child_weight": 4517.105522488446, "num_boost_round": 1.0, "subsample": 0.29573941561680234}, "datetime": {"datetime": "2024-01-20 14:54:06", "elapsed": 5338.197248, "delta": 96.749589}}
{"target": -10.475595818771314, "params": {"colsample_bytree": 0.14524392766088257, "eta": 0.07972282808002662, "gamma": 487.39595237241076, "max_depth": 5.0, "min_child_weight": 4517.105522488446, "num_boost_round": 2.0, "subsample": 0.29573941561680234}, "datetime": {"datetime": "2024-01-20 14:54:06", "elapsed": 5338.203104, "delta": 0.005856}}
{"target": -10.475809554663503, "params": {"colsample_bytree": 0.14524392766088257, "eta": 0.07972282808002662, "gamma": 487.39595237241076, "max_depth": 5.0, "min_child_weight": 4517.105522488446, "num_boost_round": 3.0, "subsample": 0.29573941561680234}, "datetime": {"datetime": "2024-01-20 14:54:06", "elapsed": 5338.207324, "delta": 0.00422}}
{"target": -10.476074915319048, "params": {"colsample_bytree": 0.14524392766088257, "eta": 0.07972282808002662, "gamma": 487.39595237241076, "max_depth": 5.0, "min_child_weight": 4517.105522488446, "num_boost_round": 4.0, "subsample": 0.29573941561680234}, "datetime": {"datetime": "2024-01-20 14:54:06", "elapsed": 5338.211596, "delta": 0.004272}}
