{"target": -19.143044199666644, "params": {"colsample_bytree": 0.282112871310084, "eta": 0.009008222690984611, "gamma": 503.9319399810025, "max_depth": 5.0, "min_child_weight": 4089.304170082818, "num_boost_round": 15.0, "subsample": 0.292475473290863}, "datetime": {"datetime": "2024-01-20 14:27:39", "elapsed": 227.763562, "delta": 0.000541}}
{"target": -19.143019698853525, "params": {"colsample_bytree": 0.282112871310084, "eta": 0.009008222690984611, "gamma": 503.9319399810025, "max_depth": 5.0, "min_child_weight": 4089.304170082818, "num_boost_round": 16.0, "subsample": 0.292475473290863}, "datetime": {"datetime": "2024-01-20 14:27:39", "elapsed": 227.764118, "delta": 0.000556}}
{"target": -19.143059796719886, "params": {"colsample_bytree": 0.282112871310084, "eta": 0.009008222690984611, "gamma": 503.9319399810025, "max_depth": 5.0, "min_child_weight": 4089.304170082818, "num_boost_round": 17.0, "subsample": 0.292475473290863}, "datetime": {"datetime": "2024-01-20 14:27:39", "elapsed": 227.764654, "delta": 0.000536}}
{"target": -19.143027912187293, "params": {"colsample_bytree": 0.282112871310084, "eta": 0.009008222690984611, "gamma": 503.9319399810025, "max_depth": 5.0, "min_child_weight": 4089.304170082818, "num_boost_round": 18.0, "subsample": 0.292475473290863}, "datetime": {"datetime": "2024-01-20 14:27:39", "elapsed": 227.765197, "delta": 0.000543}}
{"target": -19.143057261070787, "params": {"colsample_bytree": 0.282112871310084, "eta": 0.009008222690984611, "gamma": 503.9319399810025, "max_depth": 5.0, "min_child_weight": 4089.304170082818, "num_boost_round": 19.0, "subsample": 0.292475473290863}, "datetime": {"datetime": "2024-01-20 14:27:39", "elapsed": 227.765741, "delta": 0.000544}}
{"target": -19.143049026614754, "params": {"colsample_bytree": 0.282112871310084, "eta": 0.009008222690984611, "gamma": 503.9319399810025, "max_depth": 5.0, "min_child_weight": 4089.304170082818, "num_boost_round": 20.0, "subsample": 0.292475473290863}, "datetime": {"datetime": "2024-01-20 14:27:39", "elapsed": 227.766408, "delta": 0.000667}}
{"target": -19.143086446700085, "params": {"colsample_bytree": 0.282112871310084, "eta": 0.009008222690984611, "gamma": 503.9319399810025, "max_depth": 5.0, "min_child_weight": 4089.304170082818, "num_boost_round": 21.0, "subsample": 0.292475473290863}, "datetime": {"datetime": "2024-01-20 14:27:39", "elapsed": 227.767052, "delta": 0.000644}}
{"target": -19.143140791712582, "params": {"colsample_bytree": 0.282112871310084, "eta": 0.009008222690984611, "gamma": 503.9319399810025, "max_depth": 5.0, "min_child_weight": 4089.304170082818, "num_boost_round": 22.0, "subsample": 0.292475473290863}, "datetime": {"datetime": "2024-01-20 14:27:39", "elapsed": 227.767693, "delta": 0.000641}}
{"target": -19.14303654246695, "params": {"colsample_bytree": 0.282112871310084, "eta": 0.009008222690984611, "gamma": 503.9319399810025, "max_depth": 5.0, "min_child_weight": 4089.304170082818, "num_boost_round": 23.0, "subsample": 0.292475473290863}, "datetime": {"datetime": "2024-01-20 14:27:39", "elapsed": 227.768292, "delta": 0.000599}}
{"target": -19.143033342296263, "params": {"colsample_bytree": 0.282112871310084, "eta": 0.009008222690984611, "gamma": 503.9319399810025, "max_depth": 5.0, "min_child_weight": 4089.304170082818, "num_boost_round": 24.0, "subsample": 0.292475473290863}, "datetime": {"datetime": "2024-01-20 14:27:39", "elapsed": 227.768846, "delta": 0.000554}}
{"target": -19.143050178444923, "params": {"colsample_bytree": 0.282112871310084, "eta": 0.009008222690984611, "gamma": 503.9319399810025, "max_depth": 5.0, "min_child_weight": 4089.304170082818, "num_boost_round": 25.0, "subsample": 0.292475473290863}, "datetime": {"datetime": "2024-01-20 14:27:39", "elapsed": 227.769396, "delta": 0.00055}}
{"target": -19.143111579612764, "params": {"colsample_bytree": 0.282112871310084, "eta": 0.009008222690984611, "gamma": 503.9319399810025, "max_depth": 5.0, "min_child_weight": 4089.304170082818, "num_boost_round": 26.0, "subsample": 0.292475473290863}, "datetime": {"datetime": "2024-01-20 14:27:39", "elapsed": 227.769958, "delta": 0.000562}}
{"target": -19.14293519331294, "params": {"colsample_bytree": 0.127787432531519, "eta": 0.03759261663697494, "gamma": 599.2155200596275, "max_depth": 8.0, "min_child_weight": 4033.9662498623584, "num_boost_round": 1.0, "subsample": 0.503731918394487}, "datetime": {"datetime": "2024-01-20 14:27:58", "elapsed": 246.506483, "delta": 18.736525}}
{"target": -19.14266234053147, "params": {"colsample_bytree": 0.127787432531519, "eta": 0.03759261663697494, "gamma": 599.2155200596275, "max_depth": 8.0, "min_child_weight": 4033.9662498623584, "num_boost_round": 2.0, "subsample": 0.503731918394487}, "datetime": {"datetime": "2024-01-20 14:27:58", "elapsed": 246.507874, "delta": 0.001391}}
{"target": -19.142465811269272, "params": {"colsample_bytree": 0.127787432531519, "eta": 0.03759261663697494, "gamma": 599.2155200596275, "max_depth": 8.0, "min_child_weight": 4033.9662498623584, "num_boost_round": 3.0, "subsample": 0.503731918394487}, "datetime": {"datetime": "2024-01-20 14:27:58", "elapsed": 246.508708, "delta": 0.000834}}
{"target": -19.14216991608697, "params": {"colsample_bytree": 0.127787432531519, "eta": 0.03759261663697494, "gamma": 599.2155200596275, "max_depth": 8.0, "min_child_weight": 4033.9662498623584, "num_boost_round": 4.0, "subsample": 0.503731918394487}, "datetime": {"datetime": "2024-01-20 14:27:58", "elapsed": 246.509442, "delta": 0.000734}}
{"target": -19.142020994285687, "params": {"colsample_bytree": 0.127787432531519, "eta": 0.03759261663697494, "gamma": 599.2155200596275, "max_depth": 8.0, "min_child_weight": 4033.9662498623584, "num_boost_round": 5.0, "subsample": 0.503731918394487}, "datetime": {"datetime": "2024-01-20 14:27:58", "elapsed": 246.510021, "delta": 0.000579}}
{"target": -19.141910651275793, "params": {"colsample_bytree": 0.127787432531519, "eta": 0.03759261663697494, "gamma": 599.2155200596275, "max_depth": 8.0, "min_child_weight": 4033.9662498623584, "num_boost_round": 6.0, "subsample": 0.503731918394487}, "datetime": {"datetime": "2024-01-20 14:27:58", "elapsed": 246.510597, "delta": 0.000576}}
{"target": -19.141774507271396, "params": {"colsample_bytree": 0.127787432531519, "eta": 0.03759261663697494, "gamma": 599.2155200596275, "max_depth": 8.0, "min_child_weight": 4033.9662498623584, "num_boost_round": 7.0, "subsample": 0.503731918394487}, "datetime": {"datetime": "2024-01-20 14:27:58", "elapsed": 246.511169, "delta": 0.000572}}
{"target": -19.141512448202896, "params": {"colsample_bytree": 0.127787432531519, "eta": 0.03759261663697494, "gamma": 599.2155200596275, "max_depth": 8.0, "min_child_weight": 4033.9662498623584, "num_boost_round": 8.0, "subsample": 0.503731918394487}, "datetime": {"datetime": "2024-01-20 14:27:58", "elapsed": 246.511798, "delta": 0.000629}}
{"target": -19.14151037545147, "params": {"colsample_bytree": 0.127787432531519, "eta": 0.03759261663697494, "gamma": 599.2155200596275, "max_depth": 8.0, "min_child_weight": 4033.9662498623584, "num_boost_round": 9.0, "subsample": 0.503731918394487}, "datetime": {"datetime": "2024-01-20 14:27:58", "elapsed": 246.512367, "delta": 0.000569}}
{"target": -19.141624480966343, "params": {"colsample_bytree": 0.127787432531519, "eta": 0.03759261663697494, "gamma": 599.2155200596275, "max_depth": 8.0, "min_child_weight": 4033.9662498623584, "num_boost_round": 10.0, "subsample": 0.503731918394487}, "datetime": {"datetime": "2024-01-20 14:27:58", "elapsed": 246.512944, "delta": 0.000577}}
{"target": -19.14149843559787, "params": {"colsample_bytree": 0.127787432531519, "eta": 0.03759261663697494, "gamma": 599.2155200596275, "max_depth": 8.0, "min_child_weight": 4033.9662498623584, "num_boost_round": 11.0, "subsample": 0.503731918394487}, "datetime": {"datetime": "2024-01-20 14:27:58", "elapsed": 246.513516, "delta": 0.000572}}
{"target": -19.143206290611438, "params": {"colsample_bytree": 0.531677170204011, "eta": 0.0029557980005515084, "gamma": 544.1188485979892, "max_depth": 7.0, "min_child_weight": 4050.8470692688093, "num_boost_round": 1.0, "subsample": 0.8610120945129536}, "datetime": {"datetime": "2024-01-20 14:28:14", "elapsed": 262.006236, "delta": 15.49272}}
{"target": -19.143210412600368, "params": {"colsample_bytree": 0.531677170204011, "eta": 0.0029557980005515084, "gamma": 544.1188485979892, "max_depth": 7.0, "min_child_weight": 4050.8470692688093, "num_boost_round": 2.0, "subsample": 0.8610120945129536}, "datetime": {"datetime": "2024-01-20 14:28:14", "elapsed": 262.007332, "delta": 0.001096}}
{"target": -19.143220438595232, "params": {"colsample_bytree": 0.531677170204011, "eta": 0.0029557980005515084, "gamma": 544.1188485979892, "max_depth": 7.0, "min_child_weight": 4050.8470692688093, "num_boost_round": 3.0, "subsample": 0.8610120945129536}, "datetime": {"datetime": "2024-01-20 14:28:14", "elapsed": 262.00796, "delta": 0.000628}}
{"target": -19.143179451263535, "params": {"colsample_bytree": 0.531677170204011, "eta": 0.0029557980005515084, "gamma": 544.1188485979892, "max_depth": 7.0, "min_child_weight": 4050.8470692688093, "num_boost_round": 4.0, "subsample": 0.8610120945129536}, "datetime": {"datetime": "2024-01-20 14:28:14", "elapsed": 262.008564, "delta": 0.000604}}
{"target": -19.143190427869367, "params": {"colsample_bytree": 0.531677170204011, "eta": 0.0029557980005515084, "gamma": 544.1188485979892, "max_depth": 7.0, "min_child_weight": 4050.8470692688093, "num_boost_round": 5.0, "subsample": 0.8610120945129536}, "datetime": {"datetime": "2024-01-20 14:28:14", "elapsed": 262.009164, "delta": 0.0006}}
{"target": -19.143149959668197, "params": {"colsample_bytree": 0.531677170204011, "eta": 0.0029557980005515084, "gamma": 544.1188485979892, "max_depth": 7.0, "min_child_weight": 4050.8470692688093, "num_boost_round": 6.0, "subsample": 0.8610120945129536}, "datetime": {"datetime": "2024-01-20 14:28:14", "elapsed": 262.009745, "delta": 0.000581}}
{"target": -19.143256340321074, "params": {"colsample_bytree": 0.42873451863838385, "eta": 0.06735641621993357, "gamma": 452.36069509413846, "max_depth": 2.0, "min_child_weight": 4041.018224861089, "num_boost_round": 1.0, "subsample": 0.19792275043325158}, "datetime": {"datetime": "2024-01-20 14:28:36", "elapsed": 284.41624, "delta": 22.406495}}
{"target": -19.14315180792196, "params": {"colsample_bytree": 0.42873451863838385, "eta": 0.06735641621993357, "gamma": 452.36069509413846, "max_depth": 2.0, "min_child_weight": 4041.018224861089, "num_boost_round": 2.0, "subsample": 0.19792275043325158}, "datetime": {"datetime": "2024-01-20 14:28:36", "elapsed": 284.41766, "delta": 0.00142}}
{"target": -19.142772675876827, "params": {"colsample_bytree": 0.42873451863838385, "eta": 0.06735641621993357, "gamma": 452.36069509413846, "max_depth": 2.0, "min_child_weight": 4041.018224861089, "num_boost_round": 3.0, "subsample": 0.19792275043325158}, "datetime": {"datetime": "2024-01-20 14:28:36", "elapsed": 284.418274, "delta": 0.000614}}
{"target": -19.14249734713287, "params": {"colsample_bytree": 0.42873451863838385, "eta": 0.06735641621993357, "gamma": 452.36069509413846, "max_depth": 2.0, "min_child_weight": 4041.018224861089, "num_boost_round": 4.0, "subsample": 0.19792275043325158}, "datetime": {"datetime": "2024-01-20 14:28:36", "elapsed": 284.419081, "delta": 0.000807}}
{"target": -19.142309895448463, "params": {"colsample_bytree": 0.42873451863838385, "eta": 0.06735641621993357, "gamma": 452.36069509413846, "max_depth": 2.0, "min_child_weight": 4041.018224861089, "num_boost_round": 5.0, "subsample": 0.19792275043325158}, "datetime": {"datetime": "2024-01-20 14:28:36", "elapsed": 284.419673, "delta": 0.000592}}
{"target": -19.14190109094568, "params": {"colsample_bytree": 0.42873451863838385, "eta": 0.06735641621993357, "gamma": 452.36069509413846, "max_depth": 2.0, "min_child_weight": 4041.018224861089, "num_boost_round": 6.0, "subsample": 0.19792275043325158}, "datetime": {"datetime": "2024-01-20 14:28:36", "elapsed": 284.42026, "delta": 0.000587}}
{"target": -19.142035681703167, "params": {"colsample_bytree": 0.42873451863838385, "eta": 0.06735641621993357, "gamma": 452.36069509413846, "max_depth": 2.0, "min_child_weight": 4041.018224861089, "num_boost_round": 7.0, "subsample": 0.19792275043325158}, "datetime": {"datetime": "2024-01-20 14:28:36", "elapsed": 284.420844, "delta": 0.000584}}
{"target": -19.14185491297068, "params": {"colsample_bytree": 0.42873451863838385, "eta": 0.06735641621993357, "gamma": 452.36069509413846, "max_depth": 2.0, "min_child_weight": 4041.018224861089, "num_boost_round": 8.0, "subsample": 0.19792275043325158}, "datetime": {"datetime": "2024-01-20 14:28:36", "elapsed": 284.421461, "delta": 0.000617}}
{"target": -19.14188327058971, "params": {"colsample_bytree": 0.42873451863838385, "eta": 0.06735641621993357, "gamma": 452.36069509413846, "max_depth": 2.0, "min_child_weight": 4041.018224861089, "num_boost_round": 9.0, "subsample": 0.19792275043325158}, "datetime": {"datetime": "2024-01-20 14:28:36", "elapsed": 284.422042, "delta": 0.000581}}
{"target": -19.14167389030748, "params": {"colsample_bytree": 0.42873451863838385, "eta": 0.06735641621993357, "gamma": 452.36069509413846, "max_depth": 2.0, "min_child_weight": 4041.018224861089, "num_boost_round": 10.0, "subsample": 0.19792275043325158}, "datetime": {"datetime": "2024-01-20 14:28:36", "elapsed": 284.422679, "delta": 0.000637}}
{"target": -19.141619920313698, "params": {"colsample_bytree": 0.42873451863838385, "eta": 0.06735641621993357, "gamma": 452.36069509413846, "max_depth": 2.0, "min_child_weight": 4041.018224861089, "num_boost_round": 11.0, "subsample": 0.19792275043325158}, "datetime": {"datetime": "2024-01-20 14:28:36", "elapsed": 284.423267, "delta": 0.000588}}
{"target": -19.14173982089693, "params": {"colsample_bytree": 0.42873451863838385, "eta": 0.06735641621993357, "gamma": 452.36069509413846, "max_depth": 2.0, "min_child_weight": 4041.018224861089, "num_boost_round": 12.0, "subsample": 0.19792275043325158}, "datetime": {"datetime": "2024-01-20 14:28:36", "elapsed": 284.423856, "delta": 0.000589}}
{"target": -19.141757936001376, "params": {"colsample_bytree": 0.42873451863838385, "eta": 0.06735641621993357, "gamma": 452.36069509413846, "max_depth": 2.0, "min_child_weight": 4041.018224861089, "num_boost_round": 13.0, "subsample": 0.19792275043325158}, "datetime": {"datetime": "2024-01-20 14:28:36", "elapsed": 284.424447, "delta": 0.000591}}
{"target": -19.142082816783343, "params": {"colsample_bytree": 0.42873451863838385, "eta": 0.06735641621993357, "gamma": 452.36069509413846, "max_depth": 2.0, "min_child_weight": 4041.018224861089, "num_boost_round": 14.0, "subsample": 0.19792275043325158}, "datetime": {"datetime": "2024-01-20 14:28:36", "elapsed": 284.425043, "delta": 0.000596}}
{"target": -19.1422627031725, "params": {"colsample_bytree": 0.42873451863838385, "eta": 0.06735641621993357, "gamma": 452.36069509413846, "max_depth": 2.0, "min_child_weight": 4041.018224861089, "num_boost_round": 15.0, "subsample": 0.19792275043325158}, "datetime": {"datetime": "2024-01-20 14:28:36", "elapsed": 284.425861, "delta": 0.000818}}
{"target": -19.14230457337552, "params": {"colsample_bytree": 0.42873451863838385, "eta": 0.06735641621993357, "gamma": 452.36069509413846, "max_depth": 2.0, "min_child_weight": 4041.018224861089, "num_boost_round": 16.0, "subsample": 0.19792275043325158}, "datetime": {"datetime": "2024-01-20 14:28:36", "elapsed": 284.426882, "delta": 0.001021}}
{"target": -19.142308731752813, "params": {"colsample_bytree": 0.42873451863838385, "eta": 0.06735641621993357, "gamma": 452.36069509413846, "max_depth": 2.0, "min_child_weight": 4041.018224861089, "num_boost_round": 17.0, "subsample": 0.19792275043325158}, "datetime": {"datetime": "2024-01-20 14:28:36", "elapsed": 284.42762, "delta": 0.000738}}
{"target": -19.142310838515108, "params": {"colsample_bytree": 0.42873451863838385, "eta": 0.06735641621993357, "gamma": 452.36069509413846, "max_depth": 2.0, "min_child_weight": 4041.018224861089, "num_boost_round": 18.0, "subsample": 0.19792275043325158}, "datetime": {"datetime": "2024-01-20 14:28:36", "elapsed": 284.42823, "delta": 0.00061}}
{"target": -19.142380499869496, "params": {"colsample_bytree": 0.42873451863838385, "eta": 0.06735641621993357, "gamma": 452.36069509413846, "max_depth": 2.0, "min_child_weight": 4041.018224861089, "num_boost_round": 19.0, "subsample": 0.19792275043325158}, "datetime": {"datetime": "2024-01-20 14:28:36", "elapsed": 284.42883, "delta": 0.0006}}
{"target": -19.142581617291064, "params": {"colsample_bytree": 0.42873451863838385, "eta": 0.06735641621993357, "gamma": 452.36069509413846, "max_depth": 2.0, "min_child_weight": 4041.018224861089, "num_boost_round": 20.0, "subsample": 0.19792275043325158}, "datetime": {"datetime": "2024-01-20 14:28:36", "elapsed": 284.429422, "delta": 0.000592}}
{"target": -19.14261537092458, "params": {"colsample_bytree": 0.42873451863838385, "eta": 0.06735641621993357, "gamma": 452.36069509413846, "max_depth": 2.0, "min_child_weight": 4041.018224861089, "num_boost_round": 21.0, "subsample": 0.19792275043325158}, "datetime": {"datetime": "2024-01-20 14:28:36", "elapsed": 284.430024, "delta": 0.000602}}
{"target": -19.143003163337163, "params": {"colsample_bytree": 0.42873451863838385, "eta": 0.06735641621993357, "gamma": 452.36069509413846, "max_depth": 2.0, "min_child_weight": 4041.018224861089, "num_boost_round": 22.0, "subsample": 0.19792275043325158}, "datetime": {"datetime": "2024-01-20 14:28:36", "elapsed": 284.430621, "delta": 0.000597}}
{"target": -19.1427302227125, "params": {"colsample_bytree": 0.42873451863838385, "eta": 0.06735641621993357, "gamma": 452.36069509413846, "max_depth": 2.0, "min_child_weight": 4041.018224861089, "num_boost_round": 23.0, "subsample": 0.19792275043325158}, "datetime": {"datetime": "2024-01-20 14:28:36", "elapsed": 284.431224, "delta": 0.000603}}
{"target": -19.142886393843938, "params": {"colsample_bytree": 0.42873451863838385, "eta": 0.06735641621993357, "gamma": 452.36069509413846, "max_depth": 2.0, "min_child_weight": 4041.018224861089, "num_boost_round": 24.0, "subsample": 0.19792275043325158}, "datetime": {"datetime": "2024-01-20 14:28:36", "elapsed": 284.43183, "delta": 0.000606}}
{"target": -19.143215675706287, "params": {"colsample_bytree": 0.42873451863838385, "eta": 0.06735641621993357, "gamma": 452.36069509413846, "max_depth": 2.0, "min_child_weight": 4041.018224861089, "num_boost_round": 25.0, "subsample": 0.19792275043325158}, "datetime": {"datetime": "2024-01-20 14:28:36", "elapsed": 284.432432, "delta": 0.000602}}
{"target": -19.143194575064243, "params": {"colsample_bytree": 0.42873451863838385, "eta": 0.06735641621993357, "gamma": 452.36069509413846, "max_depth": 2.0, "min_child_weight": 4041.018224861089, "num_boost_round": 26.0, "subsample": 0.19792275043325158}, "datetime": {"datetime": "2024-01-20 14:28:36", "elapsed": 284.433038, "delta": 0.000606}}
{"target": -19.14331149429931, "params": {"colsample_bytree": 0.42873451863838385, "eta": 0.06735641621993357, "gamma": 452.36069509413846, "max_depth": 2.0, "min_child_weight": 4041.018224861089, "num_boost_round": 27.0, "subsample": 0.19792275043325158}, "datetime": {"datetime": "2024-01-20 14:28:36", "elapsed": 284.43364, "delta": 0.000602}}
{"target": -19.14325919773922, "params": {"colsample_bytree": 0.42873451863838385, "eta": 0.06735641621993357, "gamma": 452.36069509413846, "max_depth": 2.0, "min_child_weight": 4041.018224861089, "num_boost_round": 28.0, "subsample": 0.19792275043325158}, "datetime": {"datetime": "2024-01-20 14:28:36", "elapsed": 284.434247, "delta": 0.000607}}
{"target": -19.14294237165531, "params": {"colsample_bytree": 0.42873451863838385, "eta": 0.06735641621993357, "gamma": 452.36069509413846, "max_depth": 2.0, "min_child_weight": 4041.018224861089, "num_boost_round": 29.0, "subsample": 0.19792275043325158}, "datetime": {"datetime": "2024-01-20 14:28:36", "elapsed": 284.434909, "delta": 0.000662}}
{"target": -19.142932141477687, "params": {"colsample_bytree": 0.42873451863838385, "eta": 0.06735641621993357, "gamma": 452.36069509413846, "max_depth": 2.0, "min_child_weight": 4041.018224861089, "num_boost_round": 30.0, "subsample": 0.19792275043325158}, "datetime": {"datetime": "2024-01-20 14:28:36", "elapsed": 284.43556, "delta": 0.000651}}
{"target": -19.142978191724517, "params": {"colsample_bytree": 0.42873451863838385, "eta": 0.06735641621993357, "gamma": 452.36069509413846, "max_depth": 2.0, "min_child_weight": 4041.018224861089, "num_boost_round": 31.0, "subsample": 0.19792275043325158}, "datetime": {"datetime": "2024-01-20 14:28:36", "elapsed": 284.436177, "delta": 0.000617}}
{"target": -19.143356584118955, "params": {"colsample_bytree": 0.7503881940316761, "eta": 0.03784615693798019, "gamma": 400.16131124148046, "max_depth": 4.0, "min_child_weight": 3997.621493384442, "num_boost_round": 1.0, "subsample": 0.6385772324835338}, "datetime": {"datetime": "2024-01-20 14:29:22", "elapsed": 330.732504, "delta": 46.296327}}
{"target": -19.143337859414572, "params": {"colsample_bytree": 0.7503881940316761, "eta": 0.03784615693798019, "gamma": 400.16131124148046, "max_depth": 4.0, "min_child_weight": 3997.621493384442, "num_boost_round": 2.0, "subsample": 0.6385772324835338}, "datetime": {"datetime": "2024-01-20 14:29:22", "elapsed": 330.733304, "delta": 0.0008}}
{"target": -19.143404753375115, "params": {"colsample_bytree": 0.7503881940316761, "eta": 0.03784615693798019, "gamma": 400.16131124148046, "max_depth": 4.0, "min_child_weight": 3997.621493384442, "num_boost_round": 3.0, "subsample": 0.6385772324835338}, "datetime": {"datetime": "2024-01-20 14:29:22", "elapsed": 330.734333, "delta": 0.001029}}
