{"target": -15.172793208103613, "params": {"colsample_bytree": 0.11367316581837618, "eta": 0.008137445826872378, "gamma": 504.57598906159564, "max_depth": 2.0, "min_child_weight": 4171.710320929423, "num_boost_round": 1.0, "subsample": 0.6908411238260675}, "datetime": {"datetime": "2024-01-20 16:28:46", "elapsed": 7484.413816, "delta": 85.643476}}
{"target": -15.17257661242234, "params": {"colsample_bytree": 0.11367316581837618, "eta": 0.008137445826872378, "gamma": 504.57598906159564, "max_depth": 2.0, "min_child_weight": 4171.710320929423, "num_boost_round": 2.0, "subsample": 0.6908411238260675}, "datetime": {"datetime": "2024-01-20 16:28:46", "elapsed": 7484.425863, "delta": 0.012047}}
{"target": -15.172585989738455, "params": {"colsample_bytree": 0.11367316581837618, "eta": 0.008137445826872378, "gamma": 504.57598906159564, "max_depth": 2.0, "min_child_weight": 4171.710320929423, "num_boost_round": 3.0, "subsample": 0.6908411238260675}, "datetime": {"datetime": "2024-01-20 16:28:46", "elapsed": 7484.432639, "delta": 0.006776}}
{"target": -15.17263454206302, "params": {"colsample_bytree": 0.11367316581837618, "eta": 0.008137445826872378, "gamma": 504.57598906159564, "max_depth": 2.0, "min_child_weight": 4171.710320929423, "num_boost_round": 4.0, "subsample": 0.6908411238260675}, "datetime": {"datetime": "2024-01-20 16:28:46", "elapsed": 7484.439081, "delta": 0.006442}}
{"target": -15.17236564264577, "params": {"colsample_bytree": 0.11367316581837618, "eta": 0.008137445826872378, "gamma": 504.57598906159564, "max_depth": 2.0, "min_child_weight": 4171.710320929423, "num_boost_round": 5.0, "subsample": 0.6908411238260675}, "datetime": {"datetime": "2024-01-20 16:28:47", "elapsed": 7484.445312, "delta": 0.006231}}
{"target": -15.172094416651442, "params": {"colsample_bytree": 0.11367316581837618, "eta": 0.008137445826872378, "gamma": 504.57598906159564, "max_depth": 2.0, "min_child_weight": 4171.710320929423, "num_boost_round": 6.0, "subsample": 0.6908411238260675}, "datetime": {"datetime": "2024-01-20 16:28:47", "elapsed": 7484.451443, "delta": 0.006131}}
{"target": -15.171854836498747, "params": {"colsample_bytree": 0.11367316581837618, "eta": 0.008137445826872378, "gamma": 504.57598906159564, "max_depth": 2.0, "min_child_weight": 4171.710320929423, "num_boost_round": 7.0, "subsample": 0.6908411238260675}, "datetime": {"datetime": "2024-01-20 16:28:47", "elapsed": 7484.457593, "delta": 0.00615}}
{"target": -15.171594413568634, "params": {"colsample_bytree": 0.11367316581837618, "eta": 0.008137445826872378, "gamma": 504.57598906159564, "max_depth": 2.0, "min_child_weight": 4171.710320929423, "num_boost_round": 8.0, "subsample": 0.6908411238260675}, "datetime": {"datetime": "2024-01-20 16:28:47", "elapsed": 7484.463699, "delta": 0.006106}}
{"target": -15.171597679515365, "params": {"colsample_bytree": 0.11367316581837618, "eta": 0.008137445826872378, "gamma": 504.57598906159564, "max_depth": 2.0, "min_child_weight": 4171.710320929423, "num_boost_round": 9.0, "subsample": 0.6908411238260675}, "datetime": {"datetime": "2024-01-20 16:28:47", "elapsed": 7484.46985, "delta": 0.006151}}
{"target": -15.171362920894062, "params": {"colsample_bytree": 0.11367316581837618, "eta": 0.008137445826872378, "gamma": 504.57598906159564, "max_depth": 2.0, "min_child_weight": 4171.710320929423, "num_boost_round": 10.0, "subsample": 0.6908411238260675}, "datetime": {"datetime": "2024-01-20 16:28:47", "elapsed": 7484.476065, "delta": 0.006215}}
{"target": -15.171360941516053, "params": {"colsample_bytree": 0.11367316581837618, "eta": 0.008137445826872378, "gamma": 504.57598906159564, "max_depth": 2.0, "min_child_weight": 4171.710320929423, "num_boost_round": 11.0, "subsample": 0.6908411238260675}, "datetime": {"datetime": "2024-01-20 16:28:47", "elapsed": 7484.482249, "delta": 0.006184}}
{"target": -15.171344835325026, "params": {"colsample_bytree": 0.11367316581837618, "eta": 0.008137445826872378, "gamma": 504.57598906159564, "max_depth": 2.0, "min_child_weight": 4171.710320929423, "num_boost_round": 12.0, "subsample": 0.6908411238260675}, "datetime": {"datetime": "2024-01-20 16:28:47", "elapsed": 7484.488349, "delta": 0.0061}}
{"target": -15.171357342893877, "params": {"colsample_bytree": 0.11367316581837618, "eta": 0.008137445826872378, "gamma": 504.57598906159564, "max_depth": 2.0, "min_child_weight": 4171.710320929423, "num_boost_round": 13.0, "subsample": 0.6908411238260675}, "datetime": {"datetime": "2024-01-20 16:28:47", "elapsed": 7484.494451, "delta": 0.006102}}
{"target": -15.17132177099602, "params": {"colsample_bytree": 0.11367316581837618, "eta": 0.008137445826872378, "gamma": 504.57598906159564, "max_depth": 2.0, "min_child_weight": 4171.710320929423, "num_boost_round": 14.0, "subsample": 0.6908411238260675}, "datetime": {"datetime": "2024-01-20 16:28:47", "elapsed": 7484.501944, "delta": 0.007493}}
{"target": -15.17131271588844, "params": {"colsample_bytree": 0.11367316581837618, "eta": 0.008137445826872378, "gamma": 504.57598906159564, "max_depth": 2.0, "min_child_weight": 4171.710320929423, "num_boost_round": 15.0, "subsample": 0.6908411238260675}, "datetime": {"datetime": "2024-01-20 16:28:47", "elapsed": 7484.509112, "delta": 0.007168}}
{"target": -15.171078043656955, "params": {"colsample_bytree": 0.11367316581837618, "eta": 0.008137445826872378, "gamma": 504.57598906159564, "max_depth": 2.0, "min_child_weight": 4171.710320929423, "num_boost_round": 16.0, "subsample": 0.6908411238260675}, "datetime": {"datetime": "2024-01-20 16:28:47", "elapsed": 7484.515937, "delta": 0.006825}}
{"target": -15.171071870226475, "params": {"colsample_bytree": 0.11367316581837618, "eta": 0.008137445826872378, "gamma": 504.57598906159564, "max_depth": 2.0, "min_child_weight": 4171.710320929423, "num_boost_round": 17.0, "subsample": 0.6908411238260675}, "datetime": {"datetime": "2024-01-20 16:28:47", "elapsed": 7484.522301, "delta": 0.006364}}
{"target": -15.171088098394252, "params": {"colsample_bytree": 0.11367316581837618, "eta": 0.008137445826872378, "gamma": 504.57598906159564, "max_depth": 2.0, "min_child_weight": 4171.710320929423, "num_boost_round": 18.0, "subsample": 0.6908411238260675}, "datetime": {"datetime": "2024-01-20 16:28:47", "elapsed": 7484.528494, "delta": 0.006193}}
{"target": -15.171101836359648, "params": {"colsample_bytree": 0.11367316581837618, "eta": 0.008137445826872378, "gamma": 504.57598906159564, "max_depth": 2.0, "min_child_weight": 4171.710320929423, "num_boost_round": 19.0, "subsample": 0.6908411238260675}, "datetime": {"datetime": "2024-01-20 16:28:47", "elapsed": 7484.534601, "delta": 0.006107}}
{"target": -15.171113317658317, "params": {"colsample_bytree": 0.11367316581837618, "eta": 0.008137445826872378, "gamma": 504.57598906159564, "max_depth": 2.0, "min_child_weight": 4171.710320929423, "num_boost_round": 20.0, "subsample": 0.6908411238260675}, "datetime": {"datetime": "2024-01-20 16:28:47", "elapsed": 7484.540652, "delta": 0.006051}}
{"target": -15.170884072863956, "params": {"colsample_bytree": 0.11367316581837618, "eta": 0.008137445826872378, "gamma": 504.57598906159564, "max_depth": 2.0, "min_child_weight": 4171.710320929423, "num_boost_round": 21.0, "subsample": 0.6908411238260675}, "datetime": {"datetime": "2024-01-20 16:28:47", "elapsed": 7484.546724, "delta": 0.006072}}
{"target": -15.170871951242752, "params": {"colsample_bytree": 0.11367316581837618, "eta": 0.008137445826872378, "gamma": 504.57598906159564, "max_depth": 2.0, "min_child_weight": 4171.710320929423, "num_boost_round": 22.0, "subsample": 0.6908411238260675}, "datetime": {"datetime": "2024-01-20 16:28:47", "elapsed": 7484.552811, "delta": 0.006087}}
{"target": -15.170877741973115, "params": {"colsample_bytree": 0.11367316581837618, "eta": 0.008137445826872378, "gamma": 504.57598906159564, "max_depth": 2.0, "min_child_weight": 4171.710320929423, "num_boost_round": 23.0, "subsample": 0.6908411238260675}, "datetime": {"datetime": "2024-01-20 16:28:47", "elapsed": 7484.560444, "delta": 0.007633}}
{"target": -15.170892623652403, "params": {"colsample_bytree": 0.11367316581837618, "eta": 0.008137445826872378, "gamma": 504.57598906159564, "max_depth": 2.0, "min_child_weight": 4171.710320929423, "num_boost_round": 24.0, "subsample": 0.6908411238260675}, "datetime": {"datetime": "2024-01-20 16:28:47", "elapsed": 7484.56723, "delta": 0.006786}}
{"target": -15.170884658618846, "params": {"colsample_bytree": 0.11367316581837618, "eta": 0.008137445826872378, "gamma": 504.57598906159564, "max_depth": 2.0, "min_child_weight": 4171.710320929423, "num_boost_round": 25.0, "subsample": 0.6908411238260675}, "datetime": {"datetime": "2024-01-20 16:28:47", "elapsed": 7484.573714, "delta": 0.006484}}
{"target": -15.17086699504937, "params": {"colsample_bytree": 0.11367316581837618, "eta": 0.008137445826872378, "gamma": 504.57598906159564, "max_depth": 2.0, "min_child_weight": 4171.710320929423, "num_boost_round": 26.0, "subsample": 0.6908411238260675}, "datetime": {"datetime": "2024-01-20 16:28:47", "elapsed": 7484.580515, "delta": 0.006801}}
{"target": -15.170649159361444, "params": {"colsample_bytree": 0.11367316581837618, "eta": 0.008137445826872378, "gamma": 504.57598906159564, "max_depth": 2.0, "min_child_weight": 4171.710320929423, "num_boost_round": 27.0, "subsample": 0.6908411238260675}, "datetime": {"datetime": "2024-01-20 16:28:47", "elapsed": 7484.586602, "delta": 0.006087}}
{"target": -15.170674544070469, "params": {"colsample_bytree": 0.11367316581837618, "eta": 0.008137445826872378, "gamma": 504.57598906159564, "max_depth": 2.0, "min_child_weight": 4171.710320929423, "num_boost_round": 28.0, "subsample": 0.6908411238260675}, "datetime": {"datetime": "2024-01-20 16:28:47", "elapsed": 7484.592984, "delta": 0.006382}}
{"target": -15.170652229182961, "params": {"colsample_bytree": 0.11367316581837618, "eta": 0.008137445826872378, "gamma": 504.57598906159564, "max_depth": 2.0, "min_child_weight": 4171.710320929423, "num_boost_round": 29.0, "subsample": 0.6908411238260675}, "datetime": {"datetime": "2024-01-20 16:28:47", "elapsed": 7484.599917, "delta": 0.006933}}
{"target": -15.170635259768018, "params": {"colsample_bytree": 0.11367316581837618, "eta": 0.008137445826872378, "gamma": 504.57598906159564, "max_depth": 2.0, "min_child_weight": 4171.710320929423, "num_boost_round": 30.0, "subsample": 0.6908411238260675}, "datetime": {"datetime": "2024-01-20 16:28:47", "elapsed": 7484.607258, "delta": 0.007341}}
{"target": -15.17065641244573, "params": {"colsample_bytree": 0.11367316581837618, "eta": 0.008137445826872378, "gamma": 504.57598906159564, "max_depth": 2.0, "min_child_weight": 4171.710320929423, "num_boost_round": 31.0, "subsample": 0.6908411238260675}, "datetime": {"datetime": "2024-01-20 16:28:47", "elapsed": 7484.614129, "delta": 0.006871}}
{"target": -15.170670441532438, "params": {"colsample_bytree": 0.11367316581837618, "eta": 0.008137445826872378, "gamma": 504.57598906159564, "max_depth": 2.0, "min_child_weight": 4171.710320929423, "num_boost_round": 32.0, "subsample": 0.6908411238260675}, "datetime": {"datetime": "2024-01-20 16:28:47", "elapsed": 7484.620504, "delta": 0.006375}}
{"target": -15.1706775852744, "params": {"colsample_bytree": 0.11367316581837618, "eta": 0.008137445826872378, "gamma": 504.57598906159564, "max_depth": 2.0, "min_child_weight": 4171.710320929423, "num_boost_round": 33.0, "subsample": 0.6908411238260675}, "datetime": {"datetime": "2024-01-20 16:28:47", "elapsed": 7484.626703, "delta": 0.006199}}
{"target": -15.170681459138862, "params": {"colsample_bytree": 0.11367316581837618, "eta": 0.008137445826872378, "gamma": 504.57598906159564, "max_depth": 2.0, "min_child_weight": 4171.710320929423, "num_boost_round": 34.0, "subsample": 0.6908411238260675}, "datetime": {"datetime": "2024-01-20 16:28:47", "elapsed": 7484.632906, "delta": 0.006203}}
{"target": -15.170677751852555, "params": {"colsample_bytree": 0.11367316581837618, "eta": 0.008137445826872378, "gamma": 504.57598906159564, "max_depth": 2.0, "min_child_weight": 4171.710320929423, "num_boost_round": 35.0, "subsample": 0.6908411238260675}, "datetime": {"datetime": "2024-01-20 16:28:47", "elapsed": 7484.639702, "delta": 0.006796}}
{"target": -15.170632197790106, "params": {"colsample_bytree": 0.11367316581837618, "eta": 0.008137445826872378, "gamma": 504.57598906159564, "max_depth": 2.0, "min_child_weight": 4171.710320929423, "num_boost_round": 36.0, "subsample": 0.6908411238260675}, "datetime": {"datetime": "2024-01-20 16:28:47", "elapsed": 7484.646219, "delta": 0.006517}}
{"target": -15.17040258588663, "params": {"colsample_bytree": 0.11367316581837618, "eta": 0.008137445826872378, "gamma": 504.57598906159564, "max_depth": 2.0, "min_child_weight": 4171.710320929423, "num_boost_round": 37.0, "subsample": 0.6908411238260675}, "datetime": {"datetime": "2024-01-20 16:28:47", "elapsed": 7484.652552, "delta": 0.006333}}
{"target": -15.17040239993565, "params": {"colsample_bytree": 0.11367316581837618, "eta": 0.008137445826872378, "gamma": 504.57598906159564, "max_depth": 2.0, "min_child_weight": 4171.710320929423, "num_boost_round": 38.0, "subsample": 0.6908411238260675}, "datetime": {"datetime": "2024-01-20 16:28:47", "elapsed": 7484.658755, "delta": 0.006203}}
{"target": -15.17038327939414, "params": {"colsample_bytree": 0.11367316581837618, "eta": 0.008137445826872378, "gamma": 504.57598906159564, "max_depth": 2.0, "min_child_weight": 4171.710320929423, "num_boost_round": 39.0, "subsample": 0.6908411238260675}, "datetime": {"datetime": "2024-01-20 16:28:47", "elapsed": 7484.664932, "delta": 0.006177}}
{"target": -15.170323939468005, "params": {"colsample_bytree": 0.11367316581837618, "eta": 0.008137445826872378, "gamma": 504.57598906159564, "max_depth": 2.0, "min_child_weight": 4171.710320929423, "num_boost_round": 40.0, "subsample": 0.6908411238260675}, "datetime": {"datetime": "2024-01-20 16:28:47", "elapsed": 7484.67109, "delta": 0.006158}}
{"target": -15.17030231823795, "params": {"colsample_bytree": 0.11367316581837618, "eta": 0.008137445826872378, "gamma": 504.57598906159564, "max_depth": 2.0, "min_child_weight": 4171.710320929423, "num_boost_round": 41.0, "subsample": 0.6908411238260675}, "datetime": {"datetime": "2024-01-20 16:28:47", "elapsed": 7484.677855, "delta": 0.006765}}
{"target": -15.171385756032528, "params": {"colsample_bytree": 0.8019864285966258, "eta": 0.050599749868813236, "gamma": 529.5919311552054, "max_depth": 7.0, "min_child_weight": 4266.615365571897, "num_boost_round": 1.0, "subsample": 0.4341026365272732}, "datetime": {"datetime": "2024-01-20 16:31:37", "elapsed": 7655.379659, "delta": 170.701804}}
{"target": -15.169468349575759, "params": {"colsample_bytree": 0.8019864285966258, "eta": 0.050599749868813236, "gamma": 529.5919311552054, "max_depth": 7.0, "min_child_weight": 4266.615365571897, "num_boost_round": 2.0, "subsample": 0.4341026365272732}, "datetime": {"datetime": "2024-01-20 16:31:37", "elapsed": 7655.389476, "delta": 0.009817}}
{"target": -15.167418758653383, "params": {"colsample_bytree": 0.8019864285966258, "eta": 0.050599749868813236, "gamma": 529.5919311552054, "max_depth": 7.0, "min_child_weight": 4266.615365571897, "num_boost_round": 3.0, "subsample": 0.4341026365272732}, "datetime": {"datetime": "2024-01-20 16:31:37", "elapsed": 7655.39652, "delta": 0.007044}}
{"target": -15.165626923852866, "params": {"colsample_bytree": 0.8019864285966258, "eta": 0.050599749868813236, "gamma": 529.5919311552054, "max_depth": 7.0, "min_child_weight": 4266.615365571897, "num_boost_round": 4.0, "subsample": 0.4341026365272732}, "datetime": {"datetime": "2024-01-20 16:31:37", "elapsed": 7655.403071, "delta": 0.006551}}
{"target": -15.163115973438153, "params": {"colsample_bytree": 0.8019864285966258, "eta": 0.050599749868813236, "gamma": 529.5919311552054, "max_depth": 7.0, "min_child_weight": 4266.615365571897, "num_boost_round": 5.0, "subsample": 0.4341026365272732}, "datetime": {"datetime": "2024-01-20 16:31:37", "elapsed": 7655.409517, "delta": 0.006446}}
{"target": -15.161138649293695, "params": {"colsample_bytree": 0.8019864285966258, "eta": 0.050599749868813236, "gamma": 529.5919311552054, "max_depth": 7.0, "min_child_weight": 4266.615365571897, "num_boost_round": 6.0, "subsample": 0.4341026365272732}, "datetime": {"datetime": "2024-01-20 16:31:37", "elapsed": 7655.416291, "delta": 0.006774}}
{"target": -15.158939176869394, "params": {"colsample_bytree": 0.8019864285966258, "eta": 0.050599749868813236, "gamma": 529.5919311552054, "max_depth": 7.0, "min_child_weight": 4266.615365571897, "num_boost_round": 7.0, "subsample": 0.4341026365272732}, "datetime": {"datetime": "2024-01-20 16:31:37", "elapsed": 7655.422983, "delta": 0.006692}}
{"target": -15.15744293682236, "params": {"colsample_bytree": 0.8019864285966258, "eta": 0.050599749868813236, "gamma": 529.5919311552054, "max_depth": 7.0, "min_child_weight": 4266.615365571897, "num_boost_round": 8.0, "subsample": 0.4341026365272732}, "datetime": {"datetime": "2024-01-20 16:31:37", "elapsed": 7655.429521, "delta": 0.006538}}
{"target": -15.157276338273704, "params": {"colsample_bytree": 0.8019864285966258, "eta": 0.050599749868813236, "gamma": 529.5919311552054, "max_depth": 7.0, "min_child_weight": 4266.615365571897, "num_boost_round": 9.0, "subsample": 0.4341026365272732}, "datetime": {"datetime": "2024-01-20 16:31:37", "elapsed": 7655.436767, "delta": 0.007246}}
{"target": -15.15644224037474, "params": {"colsample_bytree": 0.8019864285966258, "eta": 0.050599749868813236, "gamma": 529.5919311552054, "max_depth": 7.0, "min_child_weight": 4266.615365571897, "num_boost_round": 10.0, "subsample": 0.4341026365272732}, "datetime": {"datetime": "2024-01-20 16:31:38", "elapsed": 7655.444415, "delta": 0.007648}}
{"target": -15.155446915298741, "params": {"colsample_bytree": 0.8019864285966258, "eta": 0.050599749868813236, "gamma": 529.5919311552054, "max_depth": 7.0, "min_child_weight": 4266.615365571897, "num_boost_round": 11.0, "subsample": 0.4341026365272732}, "datetime": {"datetime": "2024-01-20 16:31:38", "elapsed": 7655.452182, "delta": 0.007767}}
{"target": -15.154618541733754, "params": {"colsample_bytree": 0.8019864285966258, "eta": 0.050599749868813236, "gamma": 529.5919311552054, "max_depth": 7.0, "min_child_weight": 4266.615365571897, "num_boost_round": 12.0, "subsample": 0.4341026365272732}, "datetime": {"datetime": "2024-01-20 16:31:38", "elapsed": 7655.460426, "delta": 0.008244}}
{"target": -15.154409020364277, "params": {"colsample_bytree": 0.8019864285966258, "eta": 0.050599749868813236, "gamma": 529.5919311552054, "max_depth": 7.0, "min_child_weight": 4266.615365571897, "num_boost_round": 13.0, "subsample": 0.4341026365272732}, "datetime": {"datetime": "2024-01-20 16:31:38", "elapsed": 7655.467645, "delta": 0.007219}}
{"target": -15.153722817575687, "params": {"colsample_bytree": 0.8019864285966258, "eta": 0.050599749868813236, "gamma": 529.5919311552054, "max_depth": 7.0, "min_child_weight": 4266.615365571897, "num_boost_round": 14.0, "subsample": 0.4341026365272732}, "datetime": {"datetime": "2024-01-20 16:31:38", "elapsed": 7655.474321, "delta": 0.006676}}
{"target": -15.153170019569204, "params": {"colsample_bytree": 0.8019864285966258, "eta": 0.050599749868813236, "gamma": 529.5919311552054, "max_depth": 7.0, "min_child_weight": 4266.615365571897, "num_boost_round": 15.0, "subsample": 0.4341026365272732}, "datetime": {"datetime": "2024-01-20 16:31:38", "elapsed": 7655.481638, "delta": 0.007317}}
{"target": -15.153068363097098, "params": {"colsample_bytree": 0.8019864285966258, "eta": 0.050599749868813236, "gamma": 529.5919311552054, "max_depth": 7.0, "min_child_weight": 4266.615365571897, "num_boost_round": 16.0, "subsample": 0.4341026365272732}, "datetime": {"datetime": "2024-01-20 16:31:38", "elapsed": 7655.488185, "delta": 0.006547}}
{"target": -15.152836374467812, "params": {"colsample_bytree": 0.8019864285966258, "eta": 0.050599749868813236, "gamma": 529.5919311552054, "max_depth": 7.0, "min_child_weight": 4266.615365571897, "num_boost_round": 17.0, "subsample": 0.4341026365272732}, "datetime": {"datetime": "2024-01-20 16:31:38", "elapsed": 7655.494456, "delta": 0.006271}}
{"target": -15.153000530222862, "params": {"colsample_bytree": 0.8019864285966258, "eta": 0.050599749868813236, "gamma": 529.5919311552054, "max_depth": 7.0, "min_child_weight": 4266.615365571897, "num_boost_round": 18.0, "subsample": 0.4341026365272732}, "datetime": {"datetime": "2024-01-20 16:31:38", "elapsed": 7655.501254, "delta": 0.006798}}
{"target": -15.152998154911323, "params": {"colsample_bytree": 0.8019864285966258, "eta": 0.050599749868813236, "gamma": 529.5919311552054, "max_depth": 7.0, "min_child_weight": 4266.615365571897, "num_boost_round": 19.0, "subsample": 0.4341026365272732}, "datetime": {"datetime": "2024-01-20 16:31:38", "elapsed": 7655.509008, "delta": 0.007754}}
{"target": -15.15328594818169, "params": {"colsample_bytree": 0.8019864285966258, "eta": 0.050599749868813236, "gamma": 529.5919311552054, "max_depth": 7.0, "min_child_weight": 4266.615365571897, "num_boost_round": 20.0, "subsample": 0.4341026365272732}, "datetime": {"datetime": "2024-01-20 16:31:38", "elapsed": 7655.516403, "delta": 0.007395}}
{"target": -15.153523877149857, "params": {"colsample_bytree": 0.8019864285966258, "eta": 0.050599749868813236, "gamma": 529.5919311552054, "max_depth": 7.0, "min_child_weight": 4266.615365571897, "num_boost_round": 21.0, "subsample": 0.4341026365272732}, "datetime": {"datetime": "2024-01-20 16:31:38", "elapsed": 7655.524012, "delta": 0.007609}}
{"target": -15.152743993547737, "params": {"colsample_bytree": 0.8019864285966258, "eta": 0.050599749868813236, "gamma": 529.5919311552054, "max_depth": 7.0, "min_child_weight": 4266.615365571897, "num_boost_round": 22.0, "subsample": 0.4341026365272732}, "datetime": {"datetime": "2024-01-20 16:31:38", "elapsed": 7655.53146, "delta": 0.007448}}
