{"target": -13.499630092034703, "params": {"colsample_bytree": 0.8903930346488221, "eta": 0.07302823218014327, "gamma": 661.8273357742474, "max_depth": 7.0, "min_child_weight": 4669.923168167306, "num_boost_round": 10.0, "subsample": 0.9416337301329624}, "datetime": {"datetime": "2024-01-20 15:57:27", "elapsed": 5600.627012, "delta": 0.005543}}
{"target": -13.499869577441348, "params": {"colsample_bytree": 0.8903930346488221, "eta": 0.07302823218014327, "gamma": 661.8273357742474, "max_depth": 7.0, "min_child_weight": 4669.923168167306, "num_boost_round": 11.0, "subsample": 0.9416337301329624}, "datetime": {"datetime": "2024-01-20 15:57:27", "elapsed": 5600.632679, "delta": 0.005667}}
{"target": -13.500489973082587, "params": {"colsample_bytree": 0.8903930346488221, "eta": 0.07302823218014327, "gamma": 661.8273357742474, "max_depth": 7.0, "min_child_weight": 4669.923168167306, "num_boost_round": 12.0, "subsample": 0.9416337301329624}, "datetime": {"datetime": "2024-01-20 15:57:27", "elapsed": 5600.638478, "delta": 0.005799}}
{"target": -13.500930063261016, "params": {"colsample_bytree": 0.8903930346488221, "eta": 0.07302823218014327, "gamma": 661.8273357742474, "max_depth": 7.0, "min_child_weight": 4669.923168167306, "num_boost_round": 13.0, "subsample": 0.9416337301329624}, "datetime": {"datetime": "2024-01-20 15:57:27", "elapsed": 5600.644333, "delta": 0.005855}}
{"target": -13.501131337521116, "params": {"colsample_bytree": 0.8903930346488221, "eta": 0.07302823218014327, "gamma": 661.8273357742474, "max_depth": 7.0, "min_child_weight": 4669.923168167306, "num_boost_round": 14.0, "subsample": 0.9416337301329624}, "datetime": {"datetime": "2024-01-20 15:57:27", "elapsed": 5600.649852, "delta": 0.005519}}
{"target": -13.50125310902455, "params": {"colsample_bytree": 0.8903930346488221, "eta": 0.07302823218014327, "gamma": 661.8273357742474, "max_depth": 7.0, "min_child_weight": 4669.923168167306, "num_boost_round": 15.0, "subsample": 0.9416337301329624}, "datetime": {"datetime": "2024-01-20 15:57:27", "elapsed": 5600.655483, "delta": 0.005631}}
{"target": -13.501424797101766, "params": {"colsample_bytree": 0.8903930346488221, "eta": 0.07302823218014327, "gamma": 661.8273357742474, "max_depth": 7.0, "min_child_weight": 4669.923168167306, "num_boost_round": 16.0, "subsample": 0.9416337301329624}, "datetime": {"datetime": "2024-01-20 15:57:27", "elapsed": 5600.661132, "delta": 0.005649}}
{"target": -13.501889039464563, "params": {"colsample_bytree": 0.8903930346488221, "eta": 0.07302823218014327, "gamma": 661.8273357742474, "max_depth": 7.0, "min_child_weight": 4669.923168167306, "num_boost_round": 17.0, "subsample": 0.9416337301329624}, "datetime": {"datetime": "2024-01-20 15:57:27", "elapsed": 5600.666628, "delta": 0.005496}}
{"target": -13.502408299627103, "params": {"colsample_bytree": 0.8903930346488221, "eta": 0.07302823218014327, "gamma": 661.8273357742474, "max_depth": 7.0, "min_child_weight": 4669.923168167306, "num_boost_round": 18.0, "subsample": 0.9416337301329624}, "datetime": {"datetime": "2024-01-20 15:57:27", "elapsed": 5600.672308, "delta": 0.00568}}
{"target": -13.502417473781357, "params": {"colsample_bytree": 0.8903930346488221, "eta": 0.07302823218014327, "gamma": 661.8273357742474, "max_depth": 7.0, "min_child_weight": 4669.923168167306, "num_boost_round": 19.0, "subsample": 0.9416337301329624}, "datetime": {"datetime": "2024-01-20 15:57:27", "elapsed": 5600.677878, "delta": 0.00557}}
{"target": -13.502992713364364, "params": {"colsample_bytree": 0.8903930346488221, "eta": 0.07302823218014327, "gamma": 661.8273357742474, "max_depth": 7.0, "min_child_weight": 4669.923168167306, "num_boost_round": 20.0, "subsample": 0.9416337301329624}, "datetime": {"datetime": "2024-01-20 15:57:27", "elapsed": 5600.683395, "delta": 0.005517}}
{"target": -13.503066933885755, "params": {"colsample_bytree": 0.8903930346488221, "eta": 0.07302823218014327, "gamma": 661.8273357742474, "max_depth": 7.0, "min_child_weight": 4669.923168167306, "num_boost_round": 21.0, "subsample": 0.9416337301329624}, "datetime": {"datetime": "2024-01-20 15:57:27", "elapsed": 5600.689043, "delta": 0.005648}}
{"target": -13.503373436717315, "params": {"colsample_bytree": 0.8903930346488221, "eta": 0.07302823218014327, "gamma": 661.8273357742474, "max_depth": 7.0, "min_child_weight": 4669.923168167306, "num_boost_round": 22.0, "subsample": 0.9416337301329624}, "datetime": {"datetime": "2024-01-20 15:57:27", "elapsed": 5600.694911, "delta": 0.005868}}
{"target": -13.50338459740605, "params": {"colsample_bytree": 0.8903930346488221, "eta": 0.07302823218014327, "gamma": 661.8273357742474, "max_depth": 7.0, "min_child_weight": 4669.923168167306, "num_boost_round": 23.0, "subsample": 0.9416337301329624}, "datetime": {"datetime": "2024-01-20 15:57:27", "elapsed": 5600.702703, "delta": 0.007792}}
{"target": -13.503730336081404, "params": {"colsample_bytree": 0.8903930346488221, "eta": 0.07302823218014327, "gamma": 661.8273357742474, "max_depth": 7.0, "min_child_weight": 4669.923168167306, "num_boost_round": 24.0, "subsample": 0.9416337301329624}, "datetime": {"datetime": "2024-01-20 15:57:27", "elapsed": 5600.710884, "delta": 0.008181}}
{"target": -13.503806987647662, "params": {"colsample_bytree": 0.8903930346488221, "eta": 0.07302823218014327, "gamma": 661.8273357742474, "max_depth": 7.0, "min_child_weight": 4669.923168167306, "num_boost_round": 25.0, "subsample": 0.9416337301329624}, "datetime": {"datetime": "2024-01-20 15:57:27", "elapsed": 5600.717964, "delta": 0.00708}}
{"target": -13.504146938262867, "params": {"colsample_bytree": 0.8903930346488221, "eta": 0.07302823218014327, "gamma": 661.8273357742474, "max_depth": 7.0, "min_child_weight": 4669.923168167306, "num_boost_round": 26.0, "subsample": 0.9416337301329624}, "datetime": {"datetime": "2024-01-20 15:57:27", "elapsed": 5600.723762, "delta": 0.005798}}
{"target": -13.504627272201272, "params": {"colsample_bytree": 0.8903930346488221, "eta": 0.07302823218014327, "gamma": 661.8273357742474, "max_depth": 7.0, "min_child_weight": 4669.923168167306, "num_boost_round": 27.0, "subsample": 0.9416337301329624}, "datetime": {"datetime": "2024-01-20 15:57:27", "elapsed": 5600.729478, "delta": 0.005716}}
{"target": -13.50470728057163, "params": {"colsample_bytree": 0.8903930346488221, "eta": 0.07302823218014327, "gamma": 661.8273357742474, "max_depth": 7.0, "min_child_weight": 4669.923168167306, "num_boost_round": 28.0, "subsample": 0.9416337301329624}, "datetime": {"datetime": "2024-01-20 15:57:27", "elapsed": 5600.735183, "delta": 0.005705}}
{"target": -13.504781275465987, "params": {"colsample_bytree": 0.8903930346488221, "eta": 0.07302823218014327, "gamma": 661.8273357742474, "max_depth": 7.0, "min_child_weight": 4669.923168167306, "num_boost_round": 29.0, "subsample": 0.9416337301329624}, "datetime": {"datetime": "2024-01-20 15:57:27", "elapsed": 5600.740988, "delta": 0.005805}}
{"target": -13.505117741505565, "params": {"colsample_bytree": 0.8903930346488221, "eta": 0.07302823218014327, "gamma": 661.8273357742474, "max_depth": 7.0, "min_child_weight": 4669.923168167306, "num_boost_round": 30.0, "subsample": 0.9416337301329624}, "datetime": {"datetime": "2024-01-20 15:57:27", "elapsed": 5600.749404, "delta": 0.008416}}
{"target": -13.505218440907727, "params": {"colsample_bytree": 0.8903930346488221, "eta": 0.07302823218014327, "gamma": 661.8273357742474, "max_depth": 7.0, "min_child_weight": 4669.923168167306, "num_boost_round": 31.0, "subsample": 0.9416337301329624}, "datetime": {"datetime": "2024-01-20 15:57:27", "elapsed": 5600.755133, "delta": 0.005729}}
{"target": -13.50545268012533, "params": {"colsample_bytree": 0.8903930346488221, "eta": 0.07302823218014327, "gamma": 661.8273357742474, "max_depth": 7.0, "min_child_weight": 4669.923168167306, "num_boost_round": 32.0, "subsample": 0.9416337301329624}, "datetime": {"datetime": "2024-01-20 15:57:27", "elapsed": 5600.760624, "delta": 0.005491}}
{"target": -13.505744822945424, "params": {"colsample_bytree": 0.8903930346488221, "eta": 0.07302823218014327, "gamma": 661.8273357742474, "max_depth": 7.0, "min_child_weight": 4669.923168167306, "num_boost_round": 33.0, "subsample": 0.9416337301329624}, "datetime": {"datetime": "2024-01-20 15:57:27", "elapsed": 5600.766119, "delta": 0.005495}}
{"target": -13.506216099668077, "params": {"colsample_bytree": 0.8903930346488221, "eta": 0.07302823218014327, "gamma": 661.8273357742474, "max_depth": 7.0, "min_child_weight": 4669.923168167306, "num_boost_round": 34.0, "subsample": 0.9416337301329624}, "datetime": {"datetime": "2024-01-20 15:57:27", "elapsed": 5600.771601, "delta": 0.005482}}
{"target": -13.506438608331496, "params": {"colsample_bytree": 0.8903930346488221, "eta": 0.07302823218014327, "gamma": 661.8273357742474, "max_depth": 7.0, "min_child_weight": 4669.923168167306, "num_boost_round": 35.0, "subsample": 0.9416337301329624}, "datetime": {"datetime": "2024-01-20 15:57:27", "elapsed": 5600.77725, "delta": 0.005649}}
{"target": -13.506766399190717, "params": {"colsample_bytree": 0.8903930346488221, "eta": 0.07302823218014327, "gamma": 661.8273357742474, "max_depth": 7.0, "min_child_weight": 4669.923168167306, "num_boost_round": 36.0, "subsample": 0.9416337301329624}, "datetime": {"datetime": "2024-01-20 15:57:27", "elapsed": 5600.782794, "delta": 0.005544}}
{"target": -13.506853577972016, "params": {"colsample_bytree": 0.8903930346488221, "eta": 0.07302823218014327, "gamma": 661.8273357742474, "max_depth": 7.0, "min_child_weight": 4669.923168167306, "num_boost_round": 37.0, "subsample": 0.9416337301329624}, "datetime": {"datetime": "2024-01-20 15:57:27", "elapsed": 5600.788336, "delta": 0.005542}}
{"target": -13.506751126436972, "params": {"colsample_bytree": 0.8903930346488221, "eta": 0.07302823218014327, "gamma": 661.8273357742474, "max_depth": 7.0, "min_child_weight": 4669.923168167306, "num_boost_round": 38.0, "subsample": 0.9416337301329624}, "datetime": {"datetime": "2024-01-20 15:57:27", "elapsed": 5600.79392, "delta": 0.005584}}
{"target": -13.506846320541431, "params": {"colsample_bytree": 0.8903930346488221, "eta": 0.07302823218014327, "gamma": 661.8273357742474, "max_depth": 7.0, "min_child_weight": 4669.923168167306, "num_boost_round": 39.0, "subsample": 0.9416337301329624}, "datetime": {"datetime": "2024-01-20 15:57:27", "elapsed": 5600.799481, "delta": 0.005561}}
{"target": -13.506730746639668, "params": {"colsample_bytree": 0.8903930346488221, "eta": 0.07302823218014327, "gamma": 661.8273357742474, "max_depth": 7.0, "min_child_weight": 4669.923168167306, "num_boost_round": 40.0, "subsample": 0.9416337301329624}, "datetime": {"datetime": "2024-01-20 15:57:27", "elapsed": 5600.805044, "delta": 0.005563}}
{"target": -13.50690361715173, "params": {"colsample_bytree": 0.8903930346488221, "eta": 0.07302823218014327, "gamma": 661.8273357742474, "max_depth": 7.0, "min_child_weight": 4669.923168167306, "num_boost_round": 41.0, "subsample": 0.9416337301329624}, "datetime": {"datetime": "2024-01-20 15:57:27", "elapsed": 5600.810547, "delta": 0.005503}}
{"target": -13.507216332937524, "params": {"colsample_bytree": 0.8903930346488221, "eta": 0.07302823218014327, "gamma": 661.8273357742474, "max_depth": 7.0, "min_child_weight": 4669.923168167306, "num_boost_round": 42.0, "subsample": 0.9416337301329624}, "datetime": {"datetime": "2024-01-20 15:57:27", "elapsed": 5600.816285, "delta": 0.005738}}
{"target": -13.507408537966604, "params": {"colsample_bytree": 0.8903930346488221, "eta": 0.07302823218014327, "gamma": 661.8273357742474, "max_depth": 7.0, "min_child_weight": 4669.923168167306, "num_boost_round": 43.0, "subsample": 0.9416337301329624}, "datetime": {"datetime": "2024-01-20 15:57:27", "elapsed": 5600.821806, "delta": 0.005521}}
{"target": -13.507694658758172, "params": {"colsample_bytree": 0.8903930346488221, "eta": 0.07302823218014327, "gamma": 661.8273357742474, "max_depth": 7.0, "min_child_weight": 4669.923168167306, "num_boost_round": 44.0, "subsample": 0.9416337301329624}, "datetime": {"datetime": "2024-01-20 15:57:27", "elapsed": 5600.827346, "delta": 0.00554}}
{"target": -13.50781967048652, "params": {"colsample_bytree": 0.8903930346488221, "eta": 0.07302823218014327, "gamma": 661.8273357742474, "max_depth": 7.0, "min_child_weight": 4669.923168167306, "num_boost_round": 45.0, "subsample": 0.9416337301329624}, "datetime": {"datetime": "2024-01-20 15:57:27", "elapsed": 5600.833205, "delta": 0.005859}}
{"target": -13.497501128945549, "params": {"colsample_bytree": 0.6081115194580268, "eta": 0.04654121430108136, "gamma": 787.4577116278498, "max_depth": 5.0, "min_child_weight": 4378.597712292884, "num_boost_round": 1.0, "subsample": 0.9115337849985135}, "datetime": {"datetime": "2024-01-20 15:58:37", "elapsed": 5671.054408, "delta": 70.221203}}
{"target": -13.497493592342332, "params": {"colsample_bytree": 0.6081115194580268, "eta": 0.04654121430108136, "gamma": 787.4577116278498, "max_depth": 5.0, "min_child_weight": 4378.597712292884, "num_boost_round": 2.0, "subsample": 0.9115337849985135}, "datetime": {"datetime": "2024-01-20 15:58:37", "elapsed": 5671.061882, "delta": 0.007474}}
{"target": -13.49738071645524, "params": {"colsample_bytree": 0.6081115194580268, "eta": 0.04654121430108136, "gamma": 787.4577116278498, "max_depth": 5.0, "min_child_weight": 4378.597712292884, "num_boost_round": 3.0, "subsample": 0.9115337849985135}, "datetime": {"datetime": "2024-01-20 15:58:37", "elapsed": 5671.067921, "delta": 0.006039}}
{"target": -13.49784182383511, "params": {"colsample_bytree": 0.6081115194580268, "eta": 0.04654121430108136, "gamma": 787.4577116278498, "max_depth": 5.0, "min_child_weight": 4378.597712292884, "num_boost_round": 4.0, "subsample": 0.9115337849985135}, "datetime": {"datetime": "2024-01-20 15:58:37", "elapsed": 5671.073984, "delta": 0.006063}}
{"target": -13.497821665205624, "params": {"colsample_bytree": 0.6081115194580268, "eta": 0.04654121430108136, "gamma": 787.4577116278498, "max_depth": 5.0, "min_child_weight": 4378.597712292884, "num_boost_round": 5.0, "subsample": 0.9115337849985135}, "datetime": {"datetime": "2024-01-20 15:58:37", "elapsed": 5671.079942, "delta": 0.005958}}
{"target": -13.498085813135717, "params": {"colsample_bytree": 0.6081115194580268, "eta": 0.04654121430108136, "gamma": 787.4577116278498, "max_depth": 5.0, "min_child_weight": 4378.597712292884, "num_boost_round": 6.0, "subsample": 0.9115337849985135}, "datetime": {"datetime": "2024-01-20 15:58:37", "elapsed": 5671.085883, "delta": 0.005941}}
{"target": -13.498257751824234, "params": {"colsample_bytree": 0.6081115194580268, "eta": 0.04654121430108136, "gamma": 787.4577116278498, "max_depth": 5.0, "min_child_weight": 4378.597712292884, "num_boost_round": 7.0, "subsample": 0.9115337849985135}, "datetime": {"datetime": "2024-01-20 15:58:37", "elapsed": 5671.091798, "delta": 0.005915}}
{"target": -13.498199939216324, "params": {"colsample_bytree": 0.6081115194580268, "eta": 0.04654121430108136, "gamma": 787.4577116278498, "max_depth": 5.0, "min_child_weight": 4378.597712292884, "num_boost_round": 8.0, "subsample": 0.9115337849985135}, "datetime": {"datetime": "2024-01-20 15:58:37", "elapsed": 5671.391909, "delta": 0.300111}}
{"target": -13.498414742970859, "params": {"colsample_bytree": 0.6081115194580268, "eta": 0.04654121430108136, "gamma": 787.4577116278498, "max_depth": 5.0, "min_child_weight": 4378.597712292884, "num_boost_round": 9.0, "subsample": 0.9115337849985135}, "datetime": {"datetime": "2024-01-20 15:58:37", "elapsed": 5671.398423, "delta": 0.006514}}
{"target": -13.498656569823549, "params": {"colsample_bytree": 0.6081115194580268, "eta": 0.04654121430108136, "gamma": 787.4577116278498, "max_depth": 5.0, "min_child_weight": 4378.597712292884, "num_boost_round": 10.0, "subsample": 0.9115337849985135}, "datetime": {"datetime": "2024-01-20 15:58:37", "elapsed": 5671.404362, "delta": 0.005939}}
{"target": -13.498802467349181, "params": {"colsample_bytree": 0.6081115194580268, "eta": 0.04654121430108136, "gamma": 787.4577116278498, "max_depth": 5.0, "min_child_weight": 4378.597712292884, "num_boost_round": 11.0, "subsample": 0.9115337849985135}, "datetime": {"datetime": "2024-01-20 15:58:37", "elapsed": 5671.410001, "delta": 0.005639}}
{"target": -13.499183721782272, "params": {"colsample_bytree": 0.6081115194580268, "eta": 0.04654121430108136, "gamma": 787.4577116278498, "max_depth": 5.0, "min_child_weight": 4378.597712292884, "num_boost_round": 12.0, "subsample": 0.9115337849985135}, "datetime": {"datetime": "2024-01-20 15:58:37", "elapsed": 5671.415786, "delta": 0.005785}}
{"target": -13.49913989146382, "params": {"colsample_bytree": 0.6081115194580268, "eta": 0.04654121430108136, "gamma": 787.4577116278498, "max_depth": 5.0, "min_child_weight": 4378.597712292884, "num_boost_round": 13.0, "subsample": 0.9115337849985135}, "datetime": {"datetime": "2024-01-20 15:58:37", "elapsed": 5671.421492, "delta": 0.005706}}
{"target": -13.499286071163892, "params": {"colsample_bytree": 0.6081115194580268, "eta": 0.04654121430108136, "gamma": 787.4577116278498, "max_depth": 5.0, "min_child_weight": 4378.597712292884, "num_boost_round": 14.0, "subsample": 0.9115337849985135}, "datetime": {"datetime": "2024-01-20 15:58:37", "elapsed": 5671.427218, "delta": 0.005726}}
{"target": -13.499344250667322, "params": {"colsample_bytree": 0.6081115194580268, "eta": 0.04654121430108136, "gamma": 787.4577116278498, "max_depth": 5.0, "min_child_weight": 4378.597712292884, "num_boost_round": 15.0, "subsample": 0.9115337849985135}, "datetime": {"datetime": "2024-01-20 15:58:37", "elapsed": 5671.432899, "delta": 0.005681}}
{"target": -13.499909911114155, "params": {"colsample_bytree": 0.6081115194580268, "eta": 0.04654121430108136, "gamma": 787.4577116278498, "max_depth": 5.0, "min_child_weight": 4378.597712292884, "num_boost_round": 16.0, "subsample": 0.9115337849985135}, "datetime": {"datetime": "2024-01-20 15:58:37", "elapsed": 5671.438738, "delta": 0.005839}}
{"target": -13.500171385629418, "params": {"colsample_bytree": 0.6081115194580268, "eta": 0.04654121430108136, "gamma": 787.4577116278498, "max_depth": 5.0, "min_child_weight": 4378.597712292884, "num_boost_round": 17.0, "subsample": 0.9115337849985135}, "datetime": {"datetime": "2024-01-20 15:58:38", "elapsed": 5671.447441, "delta": 0.008703}}
{"target": -13.500320103389985, "params": {"colsample_bytree": 0.6081115194580268, "eta": 0.04654121430108136, "gamma": 787.4577116278498, "max_depth": 5.0, "min_child_weight": 4378.597712292884, "num_boost_round": 18.0, "subsample": 0.9115337849985135}, "datetime": {"datetime": "2024-01-20 15:58:38", "elapsed": 5671.457338, "delta": 0.009897}}
{"target": -13.497134058849383, "params": {"colsample_bytree": 0.7806853560835492, "eta": 0.044793550651160426, "gamma": 486.16319449633716, "max_depth": 8.0, "min_child_weight": 4502.02244036068, "num_boost_round": 1.0, "subsample": 0.39586359300458407}, "datetime": {"datetime": "2024-01-20 16:01:05", "elapsed": 5818.793112, "delta": 147.335774}}
{"target": -13.49669833243157, "params": {"colsample_bytree": 0.7806853560835492, "eta": 0.044793550651160426, "gamma": 486.16319449633716, "max_depth": 8.0, "min_child_weight": 4502.02244036068, "num_boost_round": 2.0, "subsample": 0.39586359300458407}, "datetime": {"datetime": "2024-01-20 16:01:05", "elapsed": 5818.799598, "delta": 0.006486}}
{"target": -13.49757471183906, "params": {"colsample_bytree": 0.6179517114897873, "eta": 0.034532892108020574, "gamma": 465.4147754124727, "max_depth": 7.0, "min_child_weight": 4536.438389415124, "num_boost_round": 1.0, "subsample": 0.48473384949471143}, "datetime": {"datetime": "2024-01-20 16:02:51", "elapsed": 5925.299088, "delta": 106.49949}}
{"target": -13.497276644258626, "params": {"colsample_bytree": 0.6179517114897873, "eta": 0.034532892108020574, "gamma": 465.4147754124727, "max_depth": 7.0, "min_child_weight": 4536.438389415124, "num_boost_round": 2.0, "subsample": 0.48473384949471143}, "datetime": {"datetime": "2024-01-20 16:02:51", "elapsed": 5925.305788, "delta": 0.0067}}
{"target": -13.497258510309123, "params": {"colsample_bytree": 0.6179517114897873, "eta": 0.034532892108020574, "gamma": 465.4147754124727, "max_depth": 7.0, "min_child_weight": 4536.438389415124, "num_boost_round": 3.0, "subsample": 0.48473384949471143}, "datetime": {"datetime": "2024-01-20 16:02:51", "elapsed": 5925.311746, "delta": 0.005958}}
{"target": -13.497111499728554, "params": {"colsample_bytree": 0.6179517114897873, "eta": 0.034532892108020574, "gamma": 465.4147754124727, "max_depth": 7.0, "min_child_weight": 4536.438389415124, "num_boost_round": 4.0, "subsample": 0.48473384949471143}, "datetime": {"datetime": "2024-01-20 16:02:51", "elapsed": 5925.317712, "delta": 0.005966}}
{"target": -13.496874726902396, "params": {"colsample_bytree": 0.6179517114897873, "eta": 0.034532892108020574, "gamma": 465.4147754124727, "max_depth": 7.0, "min_child_weight": 4536.438389415124, "num_boost_round": 5.0, "subsample": 0.48473384949471143}, "datetime": {"datetime": "2024-01-20 16:02:51", "elapsed": 5925.32349, "delta": 0.005778}}
{"target": -13.4966644207299, "params": {"colsample_bytree": 0.6179517114897873, "eta": 0.034532892108020574, "gamma": 465.4147754124727, "max_depth": 7.0, "min_child_weight": 4536.438389415124, "num_boost_round": 6.0, "subsample": 0.48473384949471143}, "datetime": {"datetime": "2024-01-20 16:02:51", "elapsed": 5925.329319, "delta": 0.005829}}
{"target": -13.49652418720715, "params": {"colsample_bytree": 0.6179517114897873, "eta": 0.034532892108020574, "gamma": 465.4147754124727, "max_depth": 7.0, "min_child_weight": 4536.438389415124, "num_boost_round": 7.0, "subsample": 0.48473384949471143}, "datetime": {"datetime": "2024-01-20 16:02:51", "elapsed": 5925.335321, "delta": 0.006002}}
