{"target": -13.732696718584354, "params": {"colsample_bytree": 0.2394622993790892, "eta": 0.06320238976593866, "gamma": 97.60814297325848, "max_depth": 8.0, "min_child_weight": 3932.7846392870933, "num_boost_round": 3.0, "subsample": 0.8540399691725991}, "datetime": {"datetime": "2024-01-20 15:57:10", "elapsed": 5591.673585, "delta": 0.002922}}
{"target": -13.73322855547536, "params": {"colsample_bytree": 0.2394622993790892, "eta": 0.06320238976593866, "gamma": 97.60814297325848, "max_depth": 8.0, "min_child_weight": 3932.7846392870933, "num_boost_round": 4.0, "subsample": 0.8540399691725991}, "datetime": {"datetime": "2024-01-20 15:57:10", "elapsed": 5591.676083, "delta": 0.002498}}
{"target": -13.731901212254243, "params": {"colsample_bytree": 0.6730942805336482, "eta": 0.07724533865294539, "gamma": 272.9926229682702, "max_depth": 6.0, "min_child_weight": 3533.7230194877325, "num_boost_round": 1.0, "subsample": 0.4182112974331613}, "datetime": {"datetime": "2024-01-20 15:57:31", "elapsed": 5612.755751, "delta": 21.079668}}
{"target": -13.733595088429137, "params": {"colsample_bytree": 0.6730942805336482, "eta": 0.07724533865294539, "gamma": 272.9926229682702, "max_depth": 6.0, "min_child_weight": 3533.7230194877325, "num_boost_round": 2.0, "subsample": 0.4182112974331613}, "datetime": {"datetime": "2024-01-20 15:57:31", "elapsed": 5612.760239, "delta": 0.004488}}
{"target": -13.734876155404356, "params": {"colsample_bytree": 0.6730942805336482, "eta": 0.07724533865294539, "gamma": 272.9926229682702, "max_depth": 6.0, "min_child_weight": 3533.7230194877325, "num_boost_round": 3.0, "subsample": 0.4182112974331613}, "datetime": {"datetime": "2024-01-20 15:57:31", "elapsed": 5612.763502, "delta": 0.003263}}
{"target": -13.73165342739891, "params": {"colsample_bytree": 0.7454075312243995, "eta": 0.04856497591441932, "gamma": 689.5876572699693, "max_depth": 2.0, "min_child_weight": 3642.994228488214, "num_boost_round": 1.0, "subsample": 0.13253471200877587}, "datetime": {"datetime": "2024-01-20 15:57:59", "elapsed": 5640.166562, "delta": 27.40306}}
{"target": -13.732159647545684, "params": {"colsample_bytree": 0.7454075312243995, "eta": 0.04856497591441932, "gamma": 689.5876572699693, "max_depth": 2.0, "min_child_weight": 3642.994228488214, "num_boost_round": 2.0, "subsample": 0.13253471200877587}, "datetime": {"datetime": "2024-01-20 15:57:59", "elapsed": 5640.169482, "delta": 0.00292}}
{"target": -13.732845119950678, "params": {"colsample_bytree": 0.7454075312243995, "eta": 0.04856497591441932, "gamma": 689.5876572699693, "max_depth": 2.0, "min_child_weight": 3642.994228488214, "num_boost_round": 3.0, "subsample": 0.13253471200877587}, "datetime": {"datetime": "2024-01-20 15:57:59", "elapsed": 5640.17252, "delta": 0.003038}}
{"target": -13.733503955209823, "params": {"colsample_bytree": 0.7454075312243995, "eta": 0.04856497591441932, "gamma": 689.5876572699693, "max_depth": 2.0, "min_child_weight": 3642.994228488214, "num_boost_round": 4.0, "subsample": 0.13253471200877587}, "datetime": {"datetime": "2024-01-20 15:57:59", "elapsed": 5640.175779, "delta": 0.003259}}
{"target": -13.734153670528896, "params": {"colsample_bytree": 0.7454075312243995, "eta": 0.04856497591441932, "gamma": 689.5876572699693, "max_depth": 2.0, "min_child_weight": 3642.994228488214, "num_boost_round": 5.0, "subsample": 0.13253471200877587}, "datetime": {"datetime": "2024-01-20 15:57:59", "elapsed": 5640.178299, "delta": 0.00252}}
{"target": -13.734789157577252, "params": {"colsample_bytree": 0.7454075312243995, "eta": 0.04856497591441932, "gamma": 689.5876572699693, "max_depth": 2.0, "min_child_weight": 3642.994228488214, "num_boost_round": 6.0, "subsample": 0.13253471200877587}, "datetime": {"datetime": "2024-01-20 15:57:59", "elapsed": 5640.1808, "delta": 0.002501}}
{"target": -13.73542410332683, "params": {"colsample_bytree": 0.7454075312243995, "eta": 0.04856497591441932, "gamma": 689.5876572699693, "max_depth": 2.0, "min_child_weight": 3642.994228488214, "num_boost_round": 7.0, "subsample": 0.13253471200877587}, "datetime": {"datetime": "2024-01-20 15:57:59", "elapsed": 5640.183564, "delta": 0.002764}}
{"target": -13.735930299805538, "params": {"colsample_bytree": 0.7454075312243995, "eta": 0.04856497591441932, "gamma": 689.5876572699693, "max_depth": 2.0, "min_child_weight": 3642.994228488214, "num_boost_round": 8.0, "subsample": 0.13253471200877587}, "datetime": {"datetime": "2024-01-20 15:57:59", "elapsed": 5640.18621, "delta": 0.002646}}
{"target": -13.736366811287887, "params": {"colsample_bytree": 0.7454075312243995, "eta": 0.04856497591441932, "gamma": 689.5876572699693, "max_depth": 2.0, "min_child_weight": 3642.994228488214, "num_boost_round": 9.0, "subsample": 0.13253471200877587}, "datetime": {"datetime": "2024-01-20 15:57:59", "elapsed": 5640.1887, "delta": 0.00249}}
{"target": -13.736766135622863, "params": {"colsample_bytree": 0.7454075312243995, "eta": 0.04856497591441932, "gamma": 689.5876572699693, "max_depth": 2.0, "min_child_weight": 3642.994228488214, "num_boost_round": 10.0, "subsample": 0.13253471200877587}, "datetime": {"datetime": "2024-01-20 15:57:59", "elapsed": 5640.19122, "delta": 0.00252}}
{"target": -13.737150087279204, "params": {"colsample_bytree": 0.7454075312243995, "eta": 0.04856497591441932, "gamma": 689.5876572699693, "max_depth": 2.0, "min_child_weight": 3642.994228488214, "num_boost_round": 11.0, "subsample": 0.13253471200877587}, "datetime": {"datetime": "2024-01-20 15:57:59", "elapsed": 5640.193823, "delta": 0.002603}}
{"target": -13.73753339840103, "params": {"colsample_bytree": 0.7454075312243995, "eta": 0.04856497591441932, "gamma": 689.5876572699693, "max_depth": 2.0, "min_child_weight": 3642.994228488214, "num_boost_round": 12.0, "subsample": 0.13253471200877587}, "datetime": {"datetime": "2024-01-20 15:57:59", "elapsed": 5640.196307, "delta": 0.002484}}
{"target": -13.738011521719848, "params": {"colsample_bytree": 0.7454075312243995, "eta": 0.04856497591441932, "gamma": 689.5876572699693, "max_depth": 2.0, "min_child_weight": 3642.994228488214, "num_boost_round": 13.0, "subsample": 0.13253471200877587}, "datetime": {"datetime": "2024-01-20 15:57:59", "elapsed": 5640.198788, "delta": 0.002481}}
{"target": -13.738589761959767, "params": {"colsample_bytree": 0.7454075312243995, "eta": 0.04856497591441932, "gamma": 689.5876572699693, "max_depth": 2.0, "min_child_weight": 3642.994228488214, "num_boost_round": 14.0, "subsample": 0.13253471200877587}, "datetime": {"datetime": "2024-01-20 15:57:59", "elapsed": 5640.201271, "delta": 0.002483}}
{"target": -13.7392282770821, "params": {"colsample_bytree": 0.7454075312243995, "eta": 0.04856497591441932, "gamma": 689.5876572699693, "max_depth": 2.0, "min_child_weight": 3642.994228488214, "num_boost_round": 15.0, "subsample": 0.13253471200877587}, "datetime": {"datetime": "2024-01-20 15:57:59", "elapsed": 5640.203871, "delta": 0.0026}}
{"target": -13.739643566586231, "params": {"colsample_bytree": 0.7454075312243995, "eta": 0.04856497591441932, "gamma": 689.5876572699693, "max_depth": 2.0, "min_child_weight": 3642.994228488214, "num_boost_round": 16.0, "subsample": 0.13253471200877587}, "datetime": {"datetime": "2024-01-20 15:57:59", "elapsed": 5640.206359, "delta": 0.002488}}
{"target": -13.74001094015403, "params": {"colsample_bytree": 0.7454075312243995, "eta": 0.04856497591441932, "gamma": 689.5876572699693, "max_depth": 2.0, "min_child_weight": 3642.994228488214, "num_boost_round": 17.0, "subsample": 0.13253471200877587}, "datetime": {"datetime": "2024-01-20 15:57:59", "elapsed": 5640.208853, "delta": 0.002494}}
{"target": -13.740426924352885, "params": {"colsample_bytree": 0.7454075312243995, "eta": 0.04856497591441932, "gamma": 689.5876572699693, "max_depth": 2.0, "min_child_weight": 3642.994228488214, "num_boost_round": 18.0, "subsample": 0.13253471200877587}, "datetime": {"datetime": "2024-01-20 15:57:59", "elapsed": 5640.211422, "delta": 0.002569}}
{"target": -13.740794209640512, "params": {"colsample_bytree": 0.7454075312243995, "eta": 0.04856497591441932, "gamma": 689.5876572699693, "max_depth": 2.0, "min_child_weight": 3642.994228488214, "num_boost_round": 19.0, "subsample": 0.13253471200877587}, "datetime": {"datetime": "2024-01-20 15:57:59", "elapsed": 5640.21393, "delta": 0.002508}}
{"target": -13.741074177699943, "params": {"colsample_bytree": 0.7454075312243995, "eta": 0.04856497591441932, "gamma": 689.5876572699693, "max_depth": 2.0, "min_child_weight": 3642.994228488214, "num_boost_round": 20.0, "subsample": 0.13253471200877587}, "datetime": {"datetime": "2024-01-20 15:57:59", "elapsed": 5640.216423, "delta": 0.002493}}
{"target": -13.741525276997553, "params": {"colsample_bytree": 0.7454075312243995, "eta": 0.04856497591441932, "gamma": 689.5876572699693, "max_depth": 2.0, "min_child_weight": 3642.994228488214, "num_boost_round": 21.0, "subsample": 0.13253471200877587}, "datetime": {"datetime": "2024-01-20 15:57:59", "elapsed": 5640.218917, "delta": 0.002494}}
{"target": -13.74169029156812, "params": {"colsample_bytree": 0.7454075312243995, "eta": 0.04856497591441932, "gamma": 689.5876572699693, "max_depth": 2.0, "min_child_weight": 3642.994228488214, "num_boost_round": 22.0, "subsample": 0.13253471200877587}, "datetime": {"datetime": "2024-01-20 15:57:59", "elapsed": 5640.221529, "delta": 0.002612}}
{"target": -13.742113841483285, "params": {"colsample_bytree": 0.7454075312243995, "eta": 0.04856497591441932, "gamma": 689.5876572699693, "max_depth": 2.0, "min_child_weight": 3642.994228488214, "num_boost_round": 23.0, "subsample": 0.13253471200877587}, "datetime": {"datetime": "2024-01-20 15:57:59", "elapsed": 5640.22424, "delta": 0.002711}}
{"target": -13.742354924688492, "params": {"colsample_bytree": 0.7454075312243995, "eta": 0.04856497591441932, "gamma": 689.5876572699693, "max_depth": 2.0, "min_child_weight": 3642.994228488214, "num_boost_round": 24.0, "subsample": 0.13253471200877587}, "datetime": {"datetime": "2024-01-20 15:57:59", "elapsed": 5640.226754, "delta": 0.002514}}
{"target": -13.74276441821683, "params": {"colsample_bytree": 0.7454075312243995, "eta": 0.04856497591441932, "gamma": 689.5876572699693, "max_depth": 2.0, "min_child_weight": 3642.994228488214, "num_boost_round": 25.0, "subsample": 0.13253471200877587}, "datetime": {"datetime": "2024-01-20 15:57:59", "elapsed": 5640.229256, "delta": 0.002502}}
{"target": -13.731458720135597, "params": {"colsample_bytree": 0.713227601202537, "eta": 0.04489965258670492, "gamma": 552.2964547082922, "max_depth": 2.0, "min_child_weight": 3759.6893772337435, "num_boost_round": 1.0, "subsample": 0.8481323307271819}, "datetime": {"datetime": "2024-01-20 15:58:20", "elapsed": 5661.849402, "delta": 21.620146}}
{"target": -13.732009362740099, "params": {"colsample_bytree": 0.713227601202537, "eta": 0.04489965258670492, "gamma": 552.2964547082922, "max_depth": 2.0, "min_child_weight": 3759.6893772337435, "num_boost_round": 2.0, "subsample": 0.8481323307271819}, "datetime": {"datetime": "2024-01-20 15:58:20", "elapsed": 5661.853449, "delta": 0.004047}}
{"target": -13.732548946665862, "params": {"colsample_bytree": 0.47422170527323704, "eta": 0.07839898247306532, "gamma": 528.6440455192228, "max_depth": 3.0, "min_child_weight": 3455.350911577337, "num_boost_round": 1.0, "subsample": 0.20411206346374217}, "datetime": {"datetime": "2024-01-20 15:58:43", "elapsed": 5684.561, "delta": 22.707551}}
{"target": -13.733247306742697, "params": {"colsample_bytree": 0.47422170527323704, "eta": 0.07839898247306532, "gamma": 528.6440455192228, "max_depth": 3.0, "min_child_weight": 3455.350911577337, "num_boost_round": 2.0, "subsample": 0.20411206346374217}, "datetime": {"datetime": "2024-01-20 15:58:43", "elapsed": 5684.565688, "delta": 0.004688}}
{"target": -13.734273309883843, "params": {"colsample_bytree": 0.47422170527323704, "eta": 0.07839898247306532, "gamma": 528.6440455192228, "max_depth": 3.0, "min_child_weight": 3455.350911577337, "num_boost_round": 3.0, "subsample": 0.20411206346374217}, "datetime": {"datetime": "2024-01-20 15:58:43", "elapsed": 5684.568432, "delta": 0.002744}}
{"target": -13.735272418533924, "params": {"colsample_bytree": 0.47422170527323704, "eta": 0.07839898247306532, "gamma": 528.6440455192228, "max_depth": 3.0, "min_child_weight": 3455.350911577337, "num_boost_round": 4.0, "subsample": 0.20411206346374217}, "datetime": {"datetime": "2024-01-20 15:58:43", "elapsed": 5684.571061, "delta": 0.002629}}
{"target": -13.736849512924557, "params": {"colsample_bytree": 0.47422170527323704, "eta": 0.07839898247306532, "gamma": 528.6440455192228, "max_depth": 3.0, "min_child_weight": 3455.350911577337, "num_boost_round": 5.0, "subsample": 0.20411206346374217}, "datetime": {"datetime": "2024-01-20 15:58:43", "elapsed": 5684.573726, "delta": 0.002665}}
{"target": -13.738059037875706, "params": {"colsample_bytree": 0.47422170527323704, "eta": 0.07839898247306532, "gamma": 528.6440455192228, "max_depth": 3.0, "min_child_weight": 3455.350911577337, "num_boost_round": 6.0, "subsample": 0.20411206346374217}, "datetime": {"datetime": "2024-01-20 15:58:43", "elapsed": 5684.576655, "delta": 0.002929}}
{"target": -13.738903398033466, "params": {"colsample_bytree": 0.47422170527323704, "eta": 0.07839898247306532, "gamma": 528.6440455192228, "max_depth": 3.0, "min_child_weight": 3455.350911577337, "num_boost_round": 7.0, "subsample": 0.20411206346374217}, "datetime": {"datetime": "2024-01-20 15:58:43", "elapsed": 5684.579574, "delta": 0.002919}}
{"target": -13.740207890250225, "params": {"colsample_bytree": 0.47422170527323704, "eta": 0.07839898247306532, "gamma": 528.6440455192228, "max_depth": 3.0, "min_child_weight": 3455.350911577337, "num_boost_round": 8.0, "subsample": 0.20411206346374217}, "datetime": {"datetime": "2024-01-20 15:58:43", "elapsed": 5684.582507, "delta": 0.002933}}
{"target": -13.740907730016207, "params": {"colsample_bytree": 0.47422170527323704, "eta": 0.07839898247306532, "gamma": 528.6440455192228, "max_depth": 3.0, "min_child_weight": 3455.350911577337, "num_boost_round": 9.0, "subsample": 0.20411206346374217}, "datetime": {"datetime": "2024-01-20 15:58:43", "elapsed": 5684.585449, "delta": 0.002942}}
{"target": -13.741950760607136, "params": {"colsample_bytree": 0.47422170527323704, "eta": 0.07839898247306532, "gamma": 528.6440455192228, "max_depth": 3.0, "min_child_weight": 3455.350911577337, "num_boost_round": 10.0, "subsample": 0.20411206346374217}, "datetime": {"datetime": "2024-01-20 15:58:43", "elapsed": 5684.588491, "delta": 0.003042}}
{"target": -13.743147154881074, "params": {"colsample_bytree": 0.47422170527323704, "eta": 0.07839898247306532, "gamma": 528.6440455192228, "max_depth": 3.0, "min_child_weight": 3455.350911577337, "num_boost_round": 11.0, "subsample": 0.20411206346374217}, "datetime": {"datetime": "2024-01-20 15:58:43", "elapsed": 5684.591284, "delta": 0.002793}}
{"target": -13.732223631045365, "params": {"colsample_bytree": 0.5337468495922233, "eta": 0.07980514995856079, "gamma": 577.3716001124916, "max_depth": 5.0, "min_child_weight": 3532.2339585191335, "num_boost_round": 1.0, "subsample": 0.5522521733185402}, "datetime": {"datetime": "2024-01-20 15:59:12", "elapsed": 5712.959567, "delta": 28.368283}}
{"target": -13.733513929854645, "params": {"colsample_bytree": 0.5337468495922233, "eta": 0.07980514995856079, "gamma": 577.3716001124916, "max_depth": 5.0, "min_child_weight": 3532.2339585191335, "num_boost_round": 2.0, "subsample": 0.5522521733185402}, "datetime": {"datetime": "2024-01-20 15:59:12", "elapsed": 5712.963298, "delta": 0.003731}}
{"target": -13.734788100855342, "params": {"colsample_bytree": 0.5337468495922233, "eta": 0.07980514995856079, "gamma": 577.3716001124916, "max_depth": 5.0, "min_child_weight": 3532.2339585191335, "num_boost_round": 3.0, "subsample": 0.5522521733185402}, "datetime": {"datetime": "2024-01-20 15:59:12", "elapsed": 5712.966403, "delta": 0.003105}}
{"target": -13.736176199828968, "params": {"colsample_bytree": 0.5337468495922233, "eta": 0.07980514995856079, "gamma": 577.3716001124916, "max_depth": 5.0, "min_child_weight": 3532.2339585191335, "num_boost_round": 4.0, "subsample": 0.5522521733185402}, "datetime": {"datetime": "2024-01-20 15:59:12", "elapsed": 5712.969041, "delta": 0.002638}}
{"target": -13.737947020541352, "params": {"colsample_bytree": 0.5337468495922233, "eta": 0.07980514995856079, "gamma": 577.3716001124916, "max_depth": 5.0, "min_child_weight": 3532.2339585191335, "num_boost_round": 5.0, "subsample": 0.5522521733185402}, "datetime": {"datetime": "2024-01-20 15:59:12", "elapsed": 5712.971709, "delta": 0.002668}}
{"target": -13.740217629387967, "params": {"colsample_bytree": 0.5337468495922233, "eta": 0.07980514995856079, "gamma": 577.3716001124916, "max_depth": 5.0, "min_child_weight": 3532.2339585191335, "num_boost_round": 6.0, "subsample": 0.5522521733185402}, "datetime": {"datetime": "2024-01-20 15:59:12", "elapsed": 5712.974278, "delta": 0.002569}}
{"target": -13.731947978010155, "params": {"colsample_bytree": 0.8859961348570272, "eta": 0.058452548132082616, "gamma": 32.3127452413513, "max_depth": 4.0, "min_child_weight": 3675.883572504308, "num_boost_round": 1.0, "subsample": 0.10946310693603638}, "datetime": {"datetime": "2024-01-20 15:59:30", "elapsed": 5731.649296, "delta": 18.675018}}
{"target": -13.733422056912346, "params": {"colsample_bytree": 0.9147421990592022, "eta": 0.08853309571923133, "gamma": 407.77764921818994, "max_depth": 8.0, "min_child_weight": 3320.606813188446, "num_boost_round": 1.0, "subsample": 0.5610542758472647}, "datetime": {"datetime": "2024-01-20 15:59:57", "elapsed": 5758.004873, "delta": 26.355577}}
{"target": -13.736471374162008, "params": {"colsample_bytree": 0.9147421990592022, "eta": 0.08853309571923133, "gamma": 407.77764921818994, "max_depth": 8.0, "min_child_weight": 3320.606813188446, "num_boost_round": 2.0, "subsample": 0.5610542758472647}, "datetime": {"datetime": "2024-01-20 15:59:57", "elapsed": 5758.009455, "delta": 0.004582}}
{"target": -13.73948411501945, "params": {"colsample_bytree": 0.9147421990592022, "eta": 0.08853309571923133, "gamma": 407.77764921818994, "max_depth": 8.0, "min_child_weight": 3320.606813188446, "num_boost_round": 3.0, "subsample": 0.5610542758472647}, "datetime": {"datetime": "2024-01-20 15:59:57", "elapsed": 5758.012319, "delta": 0.002864}}
{"target": -13.742837806328687, "params": {"colsample_bytree": 0.9147421990592022, "eta": 0.08853309571923133, "gamma": 407.77764921818994, "max_depth": 8.0, "min_child_weight": 3320.606813188446, "num_boost_round": 4.0, "subsample": 0.5610542758472647}, "datetime": {"datetime": "2024-01-20 15:59:57", "elapsed": 5758.015087, "delta": 0.002768}}
{"target": -13.745666182452737, "params": {"colsample_bytree": 0.9147421990592022, "eta": 0.08853309571923133, "gamma": 407.77764921818994, "max_depth": 8.0, "min_child_weight": 3320.606813188446, "num_boost_round": 5.0, "subsample": 0.5610542758472647}, "datetime": {"datetime": "2024-01-20 15:59:57", "elapsed": 5758.017666, "delta": 0.002579}}
{"target": -13.74995042071571, "params": {"colsample_bytree": 0.9147421990592022, "eta": 0.08853309571923133, "gamma": 407.77764921818994, "max_depth": 8.0, "min_child_weight": 3320.606813188446, "num_boost_round": 6.0, "subsample": 0.5610542758472647}, "datetime": {"datetime": "2024-01-20 15:59:57", "elapsed": 5758.020228, "delta": 0.002562}}
{"target": -13.75416127115645, "params": {"colsample_bytree": 0.9147421990592022, "eta": 0.08853309571923133, "gamma": 407.77764921818994, "max_depth": 8.0, "min_child_weight": 3320.606813188446, "num_boost_round": 7.0, "subsample": 0.5610542758472647}, "datetime": {"datetime": "2024-01-20 15:59:57", "elapsed": 5758.022903, "delta": 0.002675}}
{"target": -13.757153535934997, "params": {"colsample_bytree": 0.9147421990592022, "eta": 0.08853309571923133, "gamma": 407.77764921818994, "max_depth": 8.0, "min_child_weight": 3320.606813188446, "num_boost_round": 8.0, "subsample": 0.5610542758472647}, "datetime": {"datetime": "2024-01-20 15:59:57", "elapsed": 5758.025442, "delta": 0.002539}}
{"target": -13.759975575230987, "params": {"colsample_bytree": 0.9147421990592022, "eta": 0.08853309571923133, "gamma": 407.77764921818994, "max_depth": 8.0, "min_child_weight": 3320.606813188446, "num_boost_round": 9.0, "subsample": 0.5610542758472647}, "datetime": {"datetime": "2024-01-20 15:59:57", "elapsed": 5758.028032, "delta": 0.00259}}
{"target": -13.762765490481183, "params": {"colsample_bytree": 0.9147421990592022, "eta": 0.08853309571923133, "gamma": 407.77764921818994, "max_depth": 8.0, "min_child_weight": 3320.606813188446, "num_boost_round": 10.0, "subsample": 0.5610542758472647}, "datetime": {"datetime": "2024-01-20 15:59:57", "elapsed": 5758.030567, "delta": 0.002535}}
{"target": -13.764895444542699, "params": {"colsample_bytree": 0.9147421990592022, "eta": 0.08853309571923133, "gamma": 407.77764921818994, "max_depth": 8.0, "min_child_weight": 3320.606813188446, "num_boost_round": 11.0, "subsample": 0.5610542758472647}, "datetime": {"datetime": "2024-01-20 15:59:57", "elapsed": 5758.033243, "delta": 0.002676}}
{"target": -13.767251782864943, "params": {"colsample_bytree": 0.9147421990592022, "eta": 0.08853309571923133, "gamma": 407.77764921818994, "max_depth": 8.0, "min_child_weight": 3320.606813188446, "num_boost_round": 12.0, "subsample": 0.5610542758472647}, "datetime": {"datetime": "2024-01-20 15:59:57", "elapsed": 5758.036027, "delta": 0.002784}}
{"target": -13.731947587649582, "params": {"colsample_bytree": 0.8202795520395803, "eta": 0.06742703074991899, "gamma": 273.63458688513253, "max_depth": 5.0, "min_child_weight": 3729.0231025528155, "num_boost_round": 1.0, "subsample": 0.4445441579360966}, "datetime": {"datetime": "2024-01-20 16:00:24", "elapsed": 5785.828994, "delta": 27.792967}}
