{"target": -13.497443011027931, "params": {"colsample_bytree": 0.8463044852105919, "eta": 0.001589645401489977, "gamma": 532.5426805569733, "max_depth": 3.0, "min_child_weight": 4331.124904576266, "num_boost_round": 29.0, "subsample": 0.27006730316474964}, "datetime": {"datetime": "2024-01-20 14:44:17", "elapsed": 1211.273942, "delta": 0.001766}}
{"target": -13.497429856848566, "params": {"colsample_bytree": 0.8463044852105919, "eta": 0.001589645401489977, "gamma": 532.5426805569733, "max_depth": 3.0, "min_child_weight": 4331.124904576266, "num_boost_round": 30.0, "subsample": 0.27006730316474964}, "datetime": {"datetime": "2024-01-20 14:44:17", "elapsed": 1211.27573, "delta": 0.001788}}
{"target": -13.497414828641203, "params": {"colsample_bytree": 0.8463044852105919, "eta": 0.001589645401489977, "gamma": 532.5426805569733, "max_depth": 3.0, "min_child_weight": 4331.124904576266, "num_boost_round": 31.0, "subsample": 0.27006730316474964}, "datetime": {"datetime": "2024-01-20 14:44:17", "elapsed": 1211.277492, "delta": 0.001762}}
{"target": -13.497400716039392, "params": {"colsample_bytree": 0.8463044852105919, "eta": 0.001589645401489977, "gamma": 532.5426805569733, "max_depth": 3.0, "min_child_weight": 4331.124904576266, "num_boost_round": 32.0, "subsample": 0.27006730316474964}, "datetime": {"datetime": "2024-01-20 14:44:17", "elapsed": 1211.279254, "delta": 0.001762}}
{"target": -13.497384977220195, "params": {"colsample_bytree": 0.8463044852105919, "eta": 0.001589645401489977, "gamma": 532.5426805569733, "max_depth": 3.0, "min_child_weight": 4331.124904576266, "num_boost_round": 33.0, "subsample": 0.27006730316474964}, "datetime": {"datetime": "2024-01-20 14:44:17", "elapsed": 1211.281031, "delta": 0.001777}}
{"target": -13.497372562889304, "params": {"colsample_bytree": 0.8463044852105919, "eta": 0.001589645401489977, "gamma": 532.5426805569733, "max_depth": 3.0, "min_child_weight": 4331.124904576266, "num_boost_round": 34.0, "subsample": 0.27006730316474964}, "datetime": {"datetime": "2024-01-20 14:44:17", "elapsed": 1211.282788, "delta": 0.001757}}
{"target": -13.497353328242502, "params": {"colsample_bytree": 0.8463044852105919, "eta": 0.001589645401489977, "gamma": 532.5426805569733, "max_depth": 3.0, "min_child_weight": 4331.124904576266, "num_boost_round": 35.0, "subsample": 0.27006730316474964}, "datetime": {"datetime": "2024-01-20 14:44:17", "elapsed": 1211.284562, "delta": 0.001774}}
{"target": -13.497335687094152, "params": {"colsample_bytree": 0.8463044852105919, "eta": 0.001589645401489977, "gamma": 532.5426805569733, "max_depth": 3.0, "min_child_weight": 4331.124904576266, "num_boost_round": 36.0, "subsample": 0.27006730316474964}, "datetime": {"datetime": "2024-01-20 14:44:17", "elapsed": 1211.286331, "delta": 0.001769}}
{"target": -13.497324648964197, "params": {"colsample_bytree": 0.8463044852105919, "eta": 0.001589645401489977, "gamma": 532.5426805569733, "max_depth": 3.0, "min_child_weight": 4331.124904576266, "num_boost_round": 37.0, "subsample": 0.27006730316474964}, "datetime": {"datetime": "2024-01-20 14:44:17", "elapsed": 1211.288087, "delta": 0.001756}}
{"target": -13.497309115733621, "params": {"colsample_bytree": 0.8463044852105919, "eta": 0.001589645401489977, "gamma": 532.5426805569733, "max_depth": 3.0, "min_child_weight": 4331.124904576266, "num_boost_round": 38.0, "subsample": 0.27006730316474964}, "datetime": {"datetime": "2024-01-20 14:44:17", "elapsed": 1211.289858, "delta": 0.001771}}
{"target": -13.497299360366611, "params": {"colsample_bytree": 0.8463044852105919, "eta": 0.001589645401489977, "gamma": 532.5426805569733, "max_depth": 3.0, "min_child_weight": 4331.124904576266, "num_boost_round": 39.0, "subsample": 0.27006730316474964}, "datetime": {"datetime": "2024-01-20 14:44:17", "elapsed": 1211.291628, "delta": 0.00177}}
{"target": -13.497280967092077, "params": {"colsample_bytree": 0.8463044852105919, "eta": 0.001589645401489977, "gamma": 532.5426805569733, "max_depth": 3.0, "min_child_weight": 4331.124904576266, "num_boost_round": 40.0, "subsample": 0.27006730316474964}, "datetime": {"datetime": "2024-01-20 14:44:17", "elapsed": 1211.29354, "delta": 0.001912}}
{"target": -13.497268025851703, "params": {"colsample_bytree": 0.8463044852105919, "eta": 0.001589645401489977, "gamma": 532.5426805569733, "max_depth": 3.0, "min_child_weight": 4331.124904576266, "num_boost_round": 41.0, "subsample": 0.27006730316474964}, "datetime": {"datetime": "2024-01-20 14:44:17", "elapsed": 1211.295417, "delta": 0.001877}}
{"target": -13.497253234111426, "params": {"colsample_bytree": 0.8463044852105919, "eta": 0.001589645401489977, "gamma": 532.5426805569733, "max_depth": 3.0, "min_child_weight": 4331.124904576266, "num_boost_round": 42.0, "subsample": 0.27006730316474964}, "datetime": {"datetime": "2024-01-20 14:44:17", "elapsed": 1211.297214, "delta": 0.001797}}
{"target": -13.497241068446268, "params": {"colsample_bytree": 0.8463044852105919, "eta": 0.001589645401489977, "gamma": 532.5426805569733, "max_depth": 3.0, "min_child_weight": 4331.124904576266, "num_boost_round": 43.0, "subsample": 0.27006730316474964}, "datetime": {"datetime": "2024-01-20 14:44:17", "elapsed": 1211.299042, "delta": 0.001828}}
{"target": -13.497224022765254, "params": {"colsample_bytree": 0.8463044852105919, "eta": 0.001589645401489977, "gamma": 532.5426805569733, "max_depth": 3.0, "min_child_weight": 4331.124904576266, "num_boost_round": 44.0, "subsample": 0.27006730316474964}, "datetime": {"datetime": "2024-01-20 14:44:17", "elapsed": 1211.300855, "delta": 0.001813}}
{"target": -13.497211328726404, "params": {"colsample_bytree": 0.8463044852105919, "eta": 0.001589645401489977, "gamma": 532.5426805569733, "max_depth": 3.0, "min_child_weight": 4331.124904576266, "num_boost_round": 45.0, "subsample": 0.27006730316474964}, "datetime": {"datetime": "2024-01-20 14:44:17", "elapsed": 1211.302645, "delta": 0.00179}}
{"target": -13.49720159387751, "params": {"colsample_bytree": 0.8463044852105919, "eta": 0.001589645401489977, "gamma": 532.5426805569733, "max_depth": 3.0, "min_child_weight": 4331.124904576266, "num_boost_round": 46.0, "subsample": 0.27006730316474964}, "datetime": {"datetime": "2024-01-20 14:44:17", "elapsed": 1211.304487, "delta": 0.001842}}
{"target": -13.497183476423306, "params": {"colsample_bytree": 0.8463044852105919, "eta": 0.001589645401489977, "gamma": 532.5426805569733, "max_depth": 3.0, "min_child_weight": 4331.124904576266, "num_boost_round": 47.0, "subsample": 0.27006730316474964}, "datetime": {"datetime": "2024-01-20 14:44:17", "elapsed": 1211.306291, "delta": 0.001804}}
{"target": -13.49717174994729, "params": {"colsample_bytree": 0.8463044852105919, "eta": 0.001589645401489977, "gamma": 532.5426805569733, "max_depth": 3.0, "min_child_weight": 4331.124904576266, "num_boost_round": 48.0, "subsample": 0.27006730316474964}, "datetime": {"datetime": "2024-01-20 14:44:17", "elapsed": 1211.30814, "delta": 0.001849}}
{"target": -13.497154753606143, "params": {"colsample_bytree": 0.8463044852105919, "eta": 0.001589645401489977, "gamma": 532.5426805569733, "max_depth": 3.0, "min_child_weight": 4331.124904576266, "num_boost_round": 49.0, "subsample": 0.27006730316474964}, "datetime": {"datetime": "2024-01-20 14:44:17", "elapsed": 1211.309968, "delta": 0.001828}}
{"target": -13.49713798810932, "params": {"colsample_bytree": 0.8463044852105919, "eta": 0.001589645401489977, "gamma": 532.5426805569733, "max_depth": 3.0, "min_child_weight": 4331.124904576266, "num_boost_round": 50.0, "subsample": 0.27006730316474964}, "datetime": {"datetime": "2024-01-20 14:44:17", "elapsed": 1211.311867, "delta": 0.001899}}
{"target": -13.497123891257711, "params": {"colsample_bytree": 0.8463044852105919, "eta": 0.001589645401489977, "gamma": 532.5426805569733, "max_depth": 3.0, "min_child_weight": 4331.124904576266, "num_boost_round": 51.0, "subsample": 0.27006730316474964}, "datetime": {"datetime": "2024-01-20 14:44:17", "elapsed": 1211.313654, "delta": 0.001787}}
{"target": -13.497108117907093, "params": {"colsample_bytree": 0.8463044852105919, "eta": 0.001589645401489977, "gamma": 532.5426805569733, "max_depth": 3.0, "min_child_weight": 4331.124904576266, "num_boost_round": 52.0, "subsample": 0.27006730316474964}, "datetime": {"datetime": "2024-01-20 14:44:17", "elapsed": 1211.315545, "delta": 0.001891}}
{"target": -13.497092135528158, "params": {"colsample_bytree": 0.8463044852105919, "eta": 0.001589645401489977, "gamma": 532.5426805569733, "max_depth": 3.0, "min_child_weight": 4331.124904576266, "num_boost_round": 53.0, "subsample": 0.27006730316474964}, "datetime": {"datetime": "2024-01-20 14:44:17", "elapsed": 1211.317344, "delta": 0.001799}}
{"target": -13.497082343949454, "params": {"colsample_bytree": 0.8463044852105919, "eta": 0.001589645401489977, "gamma": 532.5426805569733, "max_depth": 3.0, "min_child_weight": 4331.124904576266, "num_boost_round": 54.0, "subsample": 0.27006730316474964}, "datetime": {"datetime": "2024-01-20 14:44:17", "elapsed": 1211.319145, "delta": 0.001801}}
{"target": -13.497071150692124, "params": {"colsample_bytree": 0.8463044852105919, "eta": 0.001589645401489977, "gamma": 532.5426805569733, "max_depth": 3.0, "min_child_weight": 4331.124904576266, "num_boost_round": 55.0, "subsample": 0.27006730316474964}, "datetime": {"datetime": "2024-01-20 14:44:17", "elapsed": 1211.32109, "delta": 0.001945}}
{"target": -13.49705942832274, "params": {"colsample_bytree": 0.8463044852105919, "eta": 0.001589645401489977, "gamma": 532.5426805569733, "max_depth": 3.0, "min_child_weight": 4331.124904576266, "num_boost_round": 56.0, "subsample": 0.27006730316474964}, "datetime": {"datetime": "2024-01-20 14:44:17", "elapsed": 1211.322871, "delta": 0.001781}}
{"target": -13.497044067145914, "params": {"colsample_bytree": 0.8463044852105919, "eta": 0.001589645401489977, "gamma": 532.5426805569733, "max_depth": 3.0, "min_child_weight": 4331.124904576266, "num_boost_round": 57.0, "subsample": 0.27006730316474964}, "datetime": {"datetime": "2024-01-20 14:44:17", "elapsed": 1211.324648, "delta": 0.001777}}
{"target": -13.497024224831076, "params": {"colsample_bytree": 0.8463044852105919, "eta": 0.001589645401489977, "gamma": 532.5426805569733, "max_depth": 3.0, "min_child_weight": 4331.124904576266, "num_boost_round": 58.0, "subsample": 0.27006730316474964}, "datetime": {"datetime": "2024-01-20 14:44:17", "elapsed": 1211.326438, "delta": 0.00179}}
{"target": -13.497009941325432, "params": {"colsample_bytree": 0.8463044852105919, "eta": 0.001589645401489977, "gamma": 532.5426805569733, "max_depth": 3.0, "min_child_weight": 4331.124904576266, "num_boost_round": 59.0, "subsample": 0.27006730316474964}, "datetime": {"datetime": "2024-01-20 14:44:17", "elapsed": 1211.328249, "delta": 0.001811}}
{"target": -13.496998479698993, "params": {"colsample_bytree": 0.8463044852105919, "eta": 0.001589645401489977, "gamma": 532.5426805569733, "max_depth": 3.0, "min_child_weight": 4331.124904576266, "num_boost_round": 60.0, "subsample": 0.27006730316474964}, "datetime": {"datetime": "2024-01-20 14:44:17", "elapsed": 1211.330045, "delta": 0.001796}}
{"target": -13.496986383566117, "params": {"colsample_bytree": 0.8463044852105919, "eta": 0.001589645401489977, "gamma": 532.5426805569733, "max_depth": 3.0, "min_child_weight": 4331.124904576266, "num_boost_round": 61.0, "subsample": 0.27006730316474964}, "datetime": {"datetime": "2024-01-20 14:44:17", "elapsed": 1211.332075, "delta": 0.00203}}
{"target": -13.496975535881138, "params": {"colsample_bytree": 0.8463044852105919, "eta": 0.001589645401489977, "gamma": 532.5426805569733, "max_depth": 3.0, "min_child_weight": 4331.124904576266, "num_boost_round": 62.0, "subsample": 0.27006730316474964}, "datetime": {"datetime": "2024-01-20 14:44:17", "elapsed": 1211.334031, "delta": 0.001956}}
{"target": -13.496968597197048, "params": {"colsample_bytree": 0.8463044852105919, "eta": 0.001589645401489977, "gamma": 532.5426805569733, "max_depth": 3.0, "min_child_weight": 4331.124904576266, "num_boost_round": 63.0, "subsample": 0.27006730316474964}, "datetime": {"datetime": "2024-01-20 14:44:17", "elapsed": 1211.336011, "delta": 0.00198}}
{"target": -13.496954744541995, "params": {"colsample_bytree": 0.8463044852105919, "eta": 0.001589645401489977, "gamma": 532.5426805569733, "max_depth": 3.0, "min_child_weight": 4331.124904576266, "num_boost_round": 64.0, "subsample": 0.27006730316474964}, "datetime": {"datetime": "2024-01-20 14:44:17", "elapsed": 1211.337824, "delta": 0.001813}}
{"target": -13.496940016499341, "params": {"colsample_bytree": 0.8463044852105919, "eta": 0.001589645401489977, "gamma": 532.5426805569733, "max_depth": 3.0, "min_child_weight": 4331.124904576266, "num_boost_round": 65.0, "subsample": 0.27006730316474964}, "datetime": {"datetime": "2024-01-20 14:44:17", "elapsed": 1211.339632, "delta": 0.001808}}
{"target": -13.496927822292866, "params": {"colsample_bytree": 0.8463044852105919, "eta": 0.001589645401489977, "gamma": 532.5426805569733, "max_depth": 3.0, "min_child_weight": 4331.124904576266, "num_boost_round": 66.0, "subsample": 0.27006730316474964}, "datetime": {"datetime": "2024-01-20 14:44:17", "elapsed": 1211.341437, "delta": 0.001805}}
{"target": -13.496916465771342, "params": {"colsample_bytree": 0.8463044852105919, "eta": 0.001589645401489977, "gamma": 532.5426805569733, "max_depth": 3.0, "min_child_weight": 4331.124904576266, "num_boost_round": 67.0, "subsample": 0.27006730316474964}, "datetime": {"datetime": "2024-01-20 14:44:17", "elapsed": 1211.343254, "delta": 0.001817}}
{"target": -13.496904543837825, "params": {"colsample_bytree": 0.8463044852105919, "eta": 0.001589645401489977, "gamma": 532.5426805569733, "max_depth": 3.0, "min_child_weight": 4331.124904576266, "num_boost_round": 68.0, "subsample": 0.27006730316474964}, "datetime": {"datetime": "2024-01-20 14:44:17", "elapsed": 1211.345064, "delta": 0.00181}}
{"target": -13.496893229265904, "params": {"colsample_bytree": 0.8463044852105919, "eta": 0.001589645401489977, "gamma": 532.5426805569733, "max_depth": 3.0, "min_child_weight": 4331.124904576266, "num_boost_round": 69.0, "subsample": 0.27006730316474964}, "datetime": {"datetime": "2024-01-20 14:44:17", "elapsed": 1211.346869, "delta": 0.001805}}
{"target": -13.496874775529022, "params": {"colsample_bytree": 0.8463044852105919, "eta": 0.001589645401489977, "gamma": 532.5426805569733, "max_depth": 3.0, "min_child_weight": 4331.124904576266, "num_boost_round": 70.0, "subsample": 0.27006730316474964}, "datetime": {"datetime": "2024-01-20 14:44:17", "elapsed": 1211.348681, "delta": 0.001812}}
{"target": -13.496865893096093, "params": {"colsample_bytree": 0.8463044852105919, "eta": 0.001589645401489977, "gamma": 532.5426805569733, "max_depth": 3.0, "min_child_weight": 4331.124904576266, "num_boost_round": 71.0, "subsample": 0.27006730316474964}, "datetime": {"datetime": "2024-01-20 14:44:17", "elapsed": 1211.350513, "delta": 0.001832}}
{"target": -13.496856390238609, "params": {"colsample_bytree": 0.8463044852105919, "eta": 0.001589645401489977, "gamma": 532.5426805569733, "max_depth": 3.0, "min_child_weight": 4331.124904576266, "num_boost_round": 72.0, "subsample": 0.27006730316474964}, "datetime": {"datetime": "2024-01-20 14:44:17", "elapsed": 1211.352413, "delta": 0.0019}}
{"target": -13.49684177639006, "params": {"colsample_bytree": 0.8463044852105919, "eta": 0.001589645401489977, "gamma": 532.5426805569733, "max_depth": 3.0, "min_child_weight": 4331.124904576266, "num_boost_round": 73.0, "subsample": 0.27006730316474964}, "datetime": {"datetime": "2024-01-20 14:44:17", "elapsed": 1211.35428, "delta": 0.001867}}
{"target": -13.497881251577487, "params": {"colsample_bytree": 0.4088200042098471, "eta": 0.012672280613839158, "gamma": 569.6442353193399, "max_depth": 3.0, "min_child_weight": 4378.510369196959, "num_boost_round": 1.0, "subsample": 0.22692851657737018}, "datetime": {"datetime": "2024-01-20 14:45:38", "elapsed": 1291.982551, "delta": 80.628271}}
{"target": -13.497718922717809, "params": {"colsample_bytree": 0.4088200042098471, "eta": 0.012672280613839158, "gamma": 569.6442353193399, "max_depth": 3.0, "min_child_weight": 4378.510369196959, "num_boost_round": 2.0, "subsample": 0.22692851657737018}, "datetime": {"datetime": "2024-01-20 14:45:38", "elapsed": 1291.985005, "delta": 0.002454}}
{"target": -13.49766114778931, "params": {"colsample_bytree": 0.4088200042098471, "eta": 0.012672280613839158, "gamma": 569.6442353193399, "max_depth": 3.0, "min_child_weight": 4378.510369196959, "num_boost_round": 3.0, "subsample": 0.22692851657737018}, "datetime": {"datetime": "2024-01-20 14:45:38", "elapsed": 1291.986877, "delta": 0.001872}}
{"target": -13.497617757038554, "params": {"colsample_bytree": 0.4088200042098471, "eta": 0.012672280613839158, "gamma": 569.6442353193399, "max_depth": 3.0, "min_child_weight": 4378.510369196959, "num_boost_round": 4.0, "subsample": 0.22692851657737018}, "datetime": {"datetime": "2024-01-20 14:45:38", "elapsed": 1291.988751, "delta": 0.001874}}
{"target": -13.497441612630658, "params": {"colsample_bytree": 0.4088200042098471, "eta": 0.012672280613839158, "gamma": 569.6442353193399, "max_depth": 3.0, "min_child_weight": 4378.510369196959, "num_boost_round": 5.0, "subsample": 0.22692851657737018}, "datetime": {"datetime": "2024-01-20 14:45:38", "elapsed": 1291.99063, "delta": 0.001879}}
{"target": -13.497349417765712, "params": {"colsample_bytree": 0.4088200042098471, "eta": 0.012672280613839158, "gamma": 569.6442353193399, "max_depth": 3.0, "min_child_weight": 4378.510369196959, "num_boost_round": 6.0, "subsample": 0.22692851657737018}, "datetime": {"datetime": "2024-01-20 14:45:38", "elapsed": 1291.992599, "delta": 0.001969}}
{"target": -13.497256779200196, "params": {"colsample_bytree": 0.4088200042098471, "eta": 0.012672280613839158, "gamma": 569.6442353193399, "max_depth": 3.0, "min_child_weight": 4378.510369196959, "num_boost_round": 7.0, "subsample": 0.22692851657737018}, "datetime": {"datetime": "2024-01-20 14:45:38", "elapsed": 1291.994428, "delta": 0.001829}}
{"target": -13.497199379620284, "params": {"colsample_bytree": 0.4088200042098471, "eta": 0.012672280613839158, "gamma": 569.6442353193399, "max_depth": 3.0, "min_child_weight": 4378.510369196959, "num_boost_round": 8.0, "subsample": 0.22692851657737018}, "datetime": {"datetime": "2024-01-20 14:45:38", "elapsed": 1291.996305, "delta": 0.001877}}
{"target": -13.497185486608704, "params": {"colsample_bytree": 0.4088200042098471, "eta": 0.012672280613839158, "gamma": 569.6442353193399, "max_depth": 3.0, "min_child_weight": 4378.510369196959, "num_boost_round": 9.0, "subsample": 0.22692851657737018}, "datetime": {"datetime": "2024-01-20 14:45:38", "elapsed": 1291.998158, "delta": 0.001853}}
{"target": -13.497162835501985, "params": {"colsample_bytree": 0.4088200042098471, "eta": 0.012672280613839158, "gamma": 569.6442353193399, "max_depth": 3.0, "min_child_weight": 4378.510369196959, "num_boost_round": 10.0, "subsample": 0.22692851657737018}, "datetime": {"datetime": "2024-01-20 14:45:38", "elapsed": 1291.999987, "delta": 0.001829}}
{"target": -13.497134146556688, "params": {"colsample_bytree": 0.4088200042098471, "eta": 0.012672280613839158, "gamma": 569.6442353193399, "max_depth": 3.0, "min_child_weight": 4378.510369196959, "num_boost_round": 11.0, "subsample": 0.22692851657737018}, "datetime": {"datetime": "2024-01-20 14:45:38", "elapsed": 1292.001812, "delta": 0.001825}}
{"target": -13.49703173630588, "params": {"colsample_bytree": 0.4088200042098471, "eta": 0.012672280613839158, "gamma": 569.6442353193399, "max_depth": 3.0, "min_child_weight": 4378.510369196959, "num_boost_round": 12.0, "subsample": 0.22692851657737018}, "datetime": {"datetime": "2024-01-20 14:45:38", "elapsed": 1292.003642, "delta": 0.00183}}
{"target": -13.496973091783854, "params": {"colsample_bytree": 0.4088200042098471, "eta": 0.012672280613839158, "gamma": 569.6442353193399, "max_depth": 3.0, "min_child_weight": 4378.510369196959, "num_boost_round": 13.0, "subsample": 0.22692851657737018}, "datetime": {"datetime": "2024-01-20 14:45:38", "elapsed": 1292.005502, "delta": 0.00186}}
{"target": -13.496928555818377, "params": {"colsample_bytree": 0.4088200042098471, "eta": 0.012672280613839158, "gamma": 569.6442353193399, "max_depth": 3.0, "min_child_weight": 4378.510369196959, "num_boost_round": 14.0, "subsample": 0.22692851657737018}, "datetime": {"datetime": "2024-01-20 14:45:38", "elapsed": 1292.007346, "delta": 0.001844}}
{"target": -13.496847657702414, "params": {"colsample_bytree": 0.4088200042098471, "eta": 0.012672280613839158, "gamma": 569.6442353193399, "max_depth": 3.0, "min_child_weight": 4378.510369196959, "num_boost_round": 15.0, "subsample": 0.22692851657737018}, "datetime": {"datetime": "2024-01-20 14:45:38", "elapsed": 1292.009176, "delta": 0.00183}}
{"target": -13.496749280772686, "params": {"colsample_bytree": 0.4088200042098471, "eta": 0.012672280613839158, "gamma": 569.6442353193399, "max_depth": 3.0, "min_child_weight": 4378.510369196959, "num_boost_round": 16.0, "subsample": 0.22692851657737018}, "datetime": {"datetime": "2024-01-20 14:45:38", "elapsed": 1292.011012, "delta": 0.001836}}
{"target": -13.496634314034583, "params": {"colsample_bytree": 0.4088200042098471, "eta": 0.012672280613839158, "gamma": 569.6442353193399, "max_depth": 3.0, "min_child_weight": 4378.510369196959, "num_boost_round": 17.0, "subsample": 0.22692851657737018}, "datetime": {"datetime": "2024-01-20 14:45:38", "elapsed": 1292.013029, "delta": 0.002017}}
{"target": -13.496561380315832, "params": {"colsample_bytree": 0.4088200042098471, "eta": 0.012672280613839158, "gamma": 569.6442353193399, "max_depth": 3.0, "min_child_weight": 4378.510369196959, "num_boost_round": 18.0, "subsample": 0.22692851657737018}, "datetime": {"datetime": "2024-01-20 14:45:38", "elapsed": 1292.014894, "delta": 0.001865}}
