{"target": -12.345834749989603, "params": {"colsample_bytree": 0.42519447621189443, "eta": 0.07038782349092206, "gamma": 497.15904009262255, "max_depth": 6.0, "min_child_weight": 4226.050579890883, "num_boost_round": 63.0, "subsample": 0.5265038248656098}, "datetime": {"datetime": "2024-01-20 16:55:29", "elapsed": 9095.677465, "delta": 0.010841}}
{"target": -12.346102638928427, "params": {"colsample_bytree": 0.42519447621189443, "eta": 0.07038782349092206, "gamma": 497.15904009262255, "max_depth": 6.0, "min_child_weight": 4226.050579890883, "num_boost_round": 64.0, "subsample": 0.5265038248656098}, "datetime": {"datetime": "2024-01-20 16:55:29", "elapsed": 9095.687256, "delta": 0.009791}}
{"target": -12.34623211119807, "params": {"colsample_bytree": 0.42519447621189443, "eta": 0.07038782349092206, "gamma": 497.15904009262255, "max_depth": 6.0, "min_child_weight": 4226.050579890883, "num_boost_round": 65.0, "subsample": 0.5265038248656098}, "datetime": {"datetime": "2024-01-20 16:55:29", "elapsed": 9095.697038, "delta": 0.009782}}
{"target": -12.34632833224528, "params": {"colsample_bytree": 0.42519447621189443, "eta": 0.07038782349092206, "gamma": 497.15904009262255, "max_depth": 6.0, "min_child_weight": 4226.050579890883, "num_boost_round": 66.0, "subsample": 0.5265038248656098}, "datetime": {"datetime": "2024-01-20 16:55:29", "elapsed": 9095.70513, "delta": 0.008092}}
{"target": -12.346418141690464, "params": {"colsample_bytree": 0.42519447621189443, "eta": 0.07038782349092206, "gamma": 497.15904009262255, "max_depth": 6.0, "min_child_weight": 4226.050579890883, "num_boost_round": 67.0, "subsample": 0.5265038248656098}, "datetime": {"datetime": "2024-01-20 16:55:29", "elapsed": 9095.71245, "delta": 0.00732}}
{"target": -12.34670639470966, "params": {"colsample_bytree": 0.42519447621189443, "eta": 0.07038782349092206, "gamma": 497.15904009262255, "max_depth": 6.0, "min_child_weight": 4226.050579890883, "num_boost_round": 68.0, "subsample": 0.5265038248656098}, "datetime": {"datetime": "2024-01-20 16:55:29", "elapsed": 9095.720803, "delta": 0.008353}}
{"target": -12.346864463968503, "params": {"colsample_bytree": 0.42519447621189443, "eta": 0.07038782349092206, "gamma": 497.15904009262255, "max_depth": 6.0, "min_child_weight": 4226.050579890883, "num_boost_round": 69.0, "subsample": 0.5265038248656098}, "datetime": {"datetime": "2024-01-20 16:55:29", "elapsed": 9095.729162, "delta": 0.008359}}
{"target": -12.347110703225642, "params": {"colsample_bytree": 0.42519447621189443, "eta": 0.07038782349092206, "gamma": 497.15904009262255, "max_depth": 6.0, "min_child_weight": 4226.050579890883, "num_boost_round": 70.0, "subsample": 0.5265038248656098}, "datetime": {"datetime": "2024-01-20 16:55:29", "elapsed": 9095.736751, "delta": 0.007589}}
{"target": -12.347170917760629, "params": {"colsample_bytree": 0.42519447621189443, "eta": 0.07038782349092206, "gamma": 497.15904009262255, "max_depth": 6.0, "min_child_weight": 4226.050579890883, "num_boost_round": 71.0, "subsample": 0.5265038248656098}, "datetime": {"datetime": "2024-01-20 16:55:29", "elapsed": 9095.744378, "delta": 0.007627}}
{"target": -12.34732813794593, "params": {"colsample_bytree": 0.42519447621189443, "eta": 0.07038782349092206, "gamma": 497.15904009262255, "max_depth": 6.0, "min_child_weight": 4226.050579890883, "num_boost_round": 72.0, "subsample": 0.5265038248656098}, "datetime": {"datetime": "2024-01-20 16:55:29", "elapsed": 9095.751496, "delta": 0.007118}}
{"target": -12.34711422398361, "params": {"colsample_bytree": 0.42519447621189443, "eta": 0.07038782349092206, "gamma": 497.15904009262255, "max_depth": 6.0, "min_child_weight": 4226.050579890883, "num_boost_round": 73.0, "subsample": 0.5265038248656098}, "datetime": {"datetime": "2024-01-20 16:55:29", "elapsed": 9095.759741, "delta": 0.008245}}
{"target": -12.34744501548844, "params": {"colsample_bytree": 0.42519447621189443, "eta": 0.07038782349092206, "gamma": 497.15904009262255, "max_depth": 6.0, "min_child_weight": 4226.050579890883, "num_boost_round": 74.0, "subsample": 0.5265038248656098}, "datetime": {"datetime": "2024-01-20 16:55:29", "elapsed": 9095.768467, "delta": 0.008726}}
{"target": -12.34772687805607, "params": {"colsample_bytree": 0.42519447621189443, "eta": 0.07038782349092206, "gamma": 497.15904009262255, "max_depth": 6.0, "min_child_weight": 4226.050579890883, "num_boost_round": 75.0, "subsample": 0.5265038248656098}, "datetime": {"datetime": "2024-01-20 16:55:29", "elapsed": 9095.777427, "delta": 0.00896}}
{"target": -12.347787720930969, "params": {"colsample_bytree": 0.42519447621189443, "eta": 0.07038782349092206, "gamma": 497.15904009262255, "max_depth": 6.0, "min_child_weight": 4226.050579890883, "num_boost_round": 76.0, "subsample": 0.5265038248656098}, "datetime": {"datetime": "2024-01-20 16:55:29", "elapsed": 9095.786222, "delta": 0.008795}}
{"target": -12.348200061418462, "params": {"colsample_bytree": 0.42519447621189443, "eta": 0.07038782349092206, "gamma": 497.15904009262255, "max_depth": 6.0, "min_child_weight": 4226.050579890883, "num_boost_round": 77.0, "subsample": 0.5265038248656098}, "datetime": {"datetime": "2024-01-20 16:55:29", "elapsed": 9095.795648, "delta": 0.009426}}
{"target": -12.348415070033, "params": {"colsample_bytree": 0.42519447621189443, "eta": 0.07038782349092206, "gamma": 497.15904009262255, "max_depth": 6.0, "min_child_weight": 4226.050579890883, "num_boost_round": 78.0, "subsample": 0.5265038248656098}, "datetime": {"datetime": "2024-01-20 16:55:29", "elapsed": 9095.804214, "delta": 0.008566}}
{"target": -12.348653627313356, "params": {"colsample_bytree": 0.42519447621189443, "eta": 0.07038782349092206, "gamma": 497.15904009262255, "max_depth": 6.0, "min_child_weight": 4226.050579890883, "num_boost_round": 79.0, "subsample": 0.5265038248656098}, "datetime": {"datetime": "2024-01-20 16:55:29", "elapsed": 9095.812161, "delta": 0.007947}}
{"target": -12.348839694805278, "params": {"colsample_bytree": 0.42519447621189443, "eta": 0.07038782349092206, "gamma": 497.15904009262255, "max_depth": 6.0, "min_child_weight": 4226.050579890883, "num_boost_round": 80.0, "subsample": 0.5265038248656098}, "datetime": {"datetime": "2024-01-20 16:55:29", "elapsed": 9095.81987, "delta": 0.007709}}
{"target": -12.348915094054359, "params": {"colsample_bytree": 0.42519447621189443, "eta": 0.07038782349092206, "gamma": 497.15904009262255, "max_depth": 6.0, "min_child_weight": 4226.050579890883, "num_boost_round": 81.0, "subsample": 0.5265038248656098}, "datetime": {"datetime": "2024-01-20 16:55:29", "elapsed": 9095.827997, "delta": 0.008127}}
{"target": -12.349126122701406, "params": {"colsample_bytree": 0.42519447621189443, "eta": 0.07038782349092206, "gamma": 497.15904009262255, "max_depth": 6.0, "min_child_weight": 4226.050579890883, "num_boost_round": 82.0, "subsample": 0.5265038248656098}, "datetime": {"datetime": "2024-01-20 16:55:29", "elapsed": 9095.835937, "delta": 0.00794}}
{"target": -12.34921590876748, "params": {"colsample_bytree": 0.42519447621189443, "eta": 0.07038782349092206, "gamma": 497.15904009262255, "max_depth": 6.0, "min_child_weight": 4226.050579890883, "num_boost_round": 83.0, "subsample": 0.5265038248656098}, "datetime": {"datetime": "2024-01-20 16:55:29", "elapsed": 9095.843563, "delta": 0.007626}}
{"target": -12.349192950598713, "params": {"colsample_bytree": 0.42519447621189443, "eta": 0.07038782349092206, "gamma": 497.15904009262255, "max_depth": 6.0, "min_child_weight": 4226.050579890883, "num_boost_round": 84.0, "subsample": 0.5265038248656098}, "datetime": {"datetime": "2024-01-20 16:55:29", "elapsed": 9095.852072, "delta": 0.008509}}
{"target": -12.349674943723121, "params": {"colsample_bytree": 0.42519447621189443, "eta": 0.07038782349092206, "gamma": 497.15904009262255, "max_depth": 6.0, "min_child_weight": 4226.050579890883, "num_boost_round": 85.0, "subsample": 0.5265038248656098}, "datetime": {"datetime": "2024-01-20 16:55:29", "elapsed": 9095.866466, "delta": 0.014394}}
{"target": -12.34990599873477, "params": {"colsample_bytree": 0.42519447621189443, "eta": 0.07038782349092206, "gamma": 497.15904009262255, "max_depth": 6.0, "min_child_weight": 4226.050579890883, "num_boost_round": 86.0, "subsample": 0.5265038248656098}, "datetime": {"datetime": "2024-01-20 16:55:29", "elapsed": 9096.205538, "delta": 0.339072}}
{"target": -12.35032460446789, "params": {"colsample_bytree": 0.42519447621189443, "eta": 0.07038782349092206, "gamma": 497.15904009262255, "max_depth": 6.0, "min_child_weight": 4226.050579890883, "num_boost_round": 87.0, "subsample": 0.5265038248656098}, "datetime": {"datetime": "2024-01-20 16:55:29", "elapsed": 9096.214479, "delta": 0.008941}}
{"target": -12.350486624857107, "params": {"colsample_bytree": 0.42519447621189443, "eta": 0.07038782349092206, "gamma": 497.15904009262255, "max_depth": 6.0, "min_child_weight": 4226.050579890883, "num_boost_round": 88.0, "subsample": 0.5265038248656098}, "datetime": {"datetime": "2024-01-20 16:55:29", "elapsed": 9096.222044, "delta": 0.007565}}
{"target": -12.350998373788642, "params": {"colsample_bytree": 0.42519447621189443, "eta": 0.07038782349092206, "gamma": 497.15904009262255, "max_depth": 6.0, "min_child_weight": 4226.050579890883, "num_boost_round": 89.0, "subsample": 0.5265038248656098}, "datetime": {"datetime": "2024-01-20 16:55:29", "elapsed": 9096.22943, "delta": 0.007386}}
{"target": -12.351250887965373, "params": {"colsample_bytree": 0.42519447621189443, "eta": 0.07038782349092206, "gamma": 497.15904009262255, "max_depth": 6.0, "min_child_weight": 4226.050579890883, "num_boost_round": 90.0, "subsample": 0.5265038248656098}, "datetime": {"datetime": "2024-01-20 16:55:29", "elapsed": 9096.237149, "delta": 0.007719}}
{"target": -12.35165418069673, "params": {"colsample_bytree": 0.42519447621189443, "eta": 0.07038782349092206, "gamma": 497.15904009262255, "max_depth": 6.0, "min_child_weight": 4226.050579890883, "num_boost_round": 91.0, "subsample": 0.5265038248656098}, "datetime": {"datetime": "2024-01-20 16:55:29", "elapsed": 9096.244781, "delta": 0.007632}}
{"target": -12.351706010169362, "params": {"colsample_bytree": 0.42519447621189443, "eta": 0.07038782349092206, "gamma": 497.15904009262255, "max_depth": 6.0, "min_child_weight": 4226.050579890883, "num_boost_round": 92.0, "subsample": 0.5265038248656098}, "datetime": {"datetime": "2024-01-20 16:55:29", "elapsed": 9096.252291, "delta": 0.00751}}
{"target": -12.351780130262814, "params": {"colsample_bytree": 0.42519447621189443, "eta": 0.07038782349092206, "gamma": 497.15904009262255, "max_depth": 6.0, "min_child_weight": 4226.050579890883, "num_boost_round": 93.0, "subsample": 0.5265038248656098}, "datetime": {"datetime": "2024-01-20 16:55:29", "elapsed": 9096.260418, "delta": 0.008127}}
{"target": -12.351935973631297, "params": {"colsample_bytree": 0.42519447621189443, "eta": 0.07038782349092206, "gamma": 497.15904009262255, "max_depth": 6.0, "min_child_weight": 4226.050579890883, "num_boost_round": 94.0, "subsample": 0.5265038248656098}, "datetime": {"datetime": "2024-01-20 16:55:29", "elapsed": 9096.269297, "delta": 0.008879}}
{"target": -12.35214491634648, "params": {"colsample_bytree": 0.42519447621189443, "eta": 0.07038782349092206, "gamma": 497.15904009262255, "max_depth": 6.0, "min_child_weight": 4226.050579890883, "num_boost_round": 95.0, "subsample": 0.5265038248656098}, "datetime": {"datetime": "2024-01-20 16:55:30", "elapsed": 9096.278071, "delta": 0.008774}}
{"target": -12.352232780311269, "params": {"colsample_bytree": 0.42519447621189443, "eta": 0.07038782349092206, "gamma": 497.15904009262255, "max_depth": 6.0, "min_child_weight": 4226.050579890883, "num_boost_round": 96.0, "subsample": 0.5265038248656098}, "datetime": {"datetime": "2024-01-20 16:55:30", "elapsed": 9096.286997, "delta": 0.008926}}
{"target": -12.352284412158056, "params": {"colsample_bytree": 0.42519447621189443, "eta": 0.07038782349092206, "gamma": 497.15904009262255, "max_depth": 6.0, "min_child_weight": 4226.050579890883, "num_boost_round": 97.0, "subsample": 0.5265038248656098}, "datetime": {"datetime": "2024-01-20 16:55:30", "elapsed": 9096.296469, "delta": 0.009472}}
{"target": -12.352320888903812, "params": {"colsample_bytree": 0.42519447621189443, "eta": 0.07038782349092206, "gamma": 497.15904009262255, "max_depth": 6.0, "min_child_weight": 4226.050579890883, "num_boost_round": 98.0, "subsample": 0.5265038248656098}, "datetime": {"datetime": "2024-01-20 16:55:30", "elapsed": 9096.3051, "delta": 0.008631}}
{"target": -12.352468943138732, "params": {"colsample_bytree": 0.42519447621189443, "eta": 0.07038782349092206, "gamma": 497.15904009262255, "max_depth": 6.0, "min_child_weight": 4226.050579890883, "num_boost_round": 99.0, "subsample": 0.5265038248656098}, "datetime": {"datetime": "2024-01-20 16:55:30", "elapsed": 9096.313111, "delta": 0.008011}}
{"target": -12.352648447578215, "params": {"colsample_bytree": 0.42519447621189443, "eta": 0.07038782349092206, "gamma": 497.15904009262255, "max_depth": 6.0, "min_child_weight": 4226.050579890883, "num_boost_round": 100.0, "subsample": 0.5265038248656098}, "datetime": {"datetime": "2024-01-20 16:55:30", "elapsed": 9096.320791, "delta": 0.00768}}
{"target": -12.352908941773734, "params": {"colsample_bytree": 0.42519447621189443, "eta": 0.07038782349092206, "gamma": 497.15904009262255, "max_depth": 6.0, "min_child_weight": 4226.050579890883, "num_boost_round": 101.0, "subsample": 0.5265038248656098}, "datetime": {"datetime": "2024-01-20 16:55:30", "elapsed": 9096.32841, "delta": 0.007619}}
{"target": -12.352793983779023, "params": {"colsample_bytree": 0.42519447621189443, "eta": 0.07038782349092206, "gamma": 497.15904009262255, "max_depth": 6.0, "min_child_weight": 4226.050579890883, "num_boost_round": 102.0, "subsample": 0.5265038248656098}, "datetime": {"datetime": "2024-01-20 16:55:30", "elapsed": 9096.336315, "delta": 0.007905}}
{"target": -12.3526493880752, "params": {"colsample_bytree": 0.42519447621189443, "eta": 0.07038782349092206, "gamma": 497.15904009262255, "max_depth": 6.0, "min_child_weight": 4226.050579890883, "num_boost_round": 103.0, "subsample": 0.5265038248656098}, "datetime": {"datetime": "2024-01-20 16:55:30", "elapsed": 9096.348548, "delta": 0.012233}}
{"target": -12.352701896134212, "params": {"colsample_bytree": 0.42519447621189443, "eta": 0.07038782349092206, "gamma": 497.15904009262255, "max_depth": 6.0, "min_child_weight": 4226.050579890883, "num_boost_round": 104.0, "subsample": 0.5265038248656098}, "datetime": {"datetime": "2024-01-20 16:55:30", "elapsed": 9096.360307, "delta": 0.011759}}
{"target": -12.352897060014874, "params": {"colsample_bytree": 0.42519447621189443, "eta": 0.07038782349092206, "gamma": 497.15904009262255, "max_depth": 6.0, "min_child_weight": 4226.050579890883, "num_boost_round": 105.0, "subsample": 0.5265038248656098}, "datetime": {"datetime": "2024-01-20 16:55:30", "elapsed": 9096.371019, "delta": 0.010712}}
{"target": -12.352975627607982, "params": {"colsample_bytree": 0.42519447621189443, "eta": 0.07038782349092206, "gamma": 497.15904009262255, "max_depth": 6.0, "min_child_weight": 4226.050579890883, "num_boost_round": 106.0, "subsample": 0.5265038248656098}, "datetime": {"datetime": "2024-01-20 16:55:30", "elapsed": 9096.381322, "delta": 0.010303}}
{"target": -12.353096742646525, "params": {"colsample_bytree": 0.42519447621189443, "eta": 0.07038782349092206, "gamma": 497.15904009262255, "max_depth": 6.0, "min_child_weight": 4226.050579890883, "num_boost_round": 107.0, "subsample": 0.5265038248656098}, "datetime": {"datetime": "2024-01-20 16:55:30", "elapsed": 9096.390576, "delta": 0.009254}}
{"target": -12.35336294863966, "params": {"colsample_bytree": 0.42519447621189443, "eta": 0.07038782349092206, "gamma": 497.15904009262255, "max_depth": 6.0, "min_child_weight": 4226.050579890883, "num_boost_round": 108.0, "subsample": 0.5265038248656098}, "datetime": {"datetime": "2024-01-20 16:55:30", "elapsed": 9096.399035, "delta": 0.008459}}
{"target": -12.353543041564354, "params": {"colsample_bytree": 0.42519447621189443, "eta": 0.07038782349092206, "gamma": 497.15904009262255, "max_depth": 6.0, "min_child_weight": 4226.050579890883, "num_boost_round": 109.0, "subsample": 0.5265038248656098}, "datetime": {"datetime": "2024-01-20 16:55:30", "elapsed": 9096.406722, "delta": 0.007687}}
{"target": -12.35356559122376, "params": {"colsample_bytree": 0.42519447621189443, "eta": 0.07038782349092206, "gamma": 497.15904009262255, "max_depth": 6.0, "min_child_weight": 4226.050579890883, "num_boost_round": 110.0, "subsample": 0.5265038248656098}, "datetime": {"datetime": "2024-01-20 16:55:30", "elapsed": 9096.414487, "delta": 0.007765}}
{"target": -12.353803438584197, "params": {"colsample_bytree": 0.42519447621189443, "eta": 0.07038782349092206, "gamma": 497.15904009262255, "max_depth": 6.0, "min_child_weight": 4226.050579890883, "num_boost_round": 111.0, "subsample": 0.5265038248656098}, "datetime": {"datetime": "2024-01-20 16:55:30", "elapsed": 9096.421902, "delta": 0.007415}}
{"target": -12.353960264341012, "params": {"colsample_bytree": 0.42519447621189443, "eta": 0.07038782349092206, "gamma": 497.15904009262255, "max_depth": 6.0, "min_child_weight": 4226.050579890883, "num_boost_round": 112.0, "subsample": 0.5265038248656098}, "datetime": {"datetime": "2024-01-20 16:55:30", "elapsed": 9096.429292, "delta": 0.00739}}
{"target": -12.353939430687984, "params": {"colsample_bytree": 0.42519447621189443, "eta": 0.07038782349092206, "gamma": 497.15904009262255, "max_depth": 6.0, "min_child_weight": 4226.050579890883, "num_boost_round": 113.0, "subsample": 0.5265038248656098}, "datetime": {"datetime": "2024-01-20 16:55:30", "elapsed": 9096.436713, "delta": 0.007421}}
{"target": -12.353977107069458, "params": {"colsample_bytree": 0.42519447621189443, "eta": 0.07038782349092206, "gamma": 497.15904009262255, "max_depth": 6.0, "min_child_weight": 4226.050579890883, "num_boost_round": 114.0, "subsample": 0.5265038248656098}, "datetime": {"datetime": "2024-01-20 16:55:30", "elapsed": 9096.444377, "delta": 0.007664}}
{"target": -12.35432251734997, "params": {"colsample_bytree": 0.42519447621189443, "eta": 0.07038782349092206, "gamma": 497.15904009262255, "max_depth": 6.0, "min_child_weight": 4226.050579890883, "num_boost_round": 115.0, "subsample": 0.5265038248656098}, "datetime": {"datetime": "2024-01-20 16:55:30", "elapsed": 9096.451828, "delta": 0.007451}}
{"target": -12.354249869667658, "params": {"colsample_bytree": 0.42519447621189443, "eta": 0.07038782349092206, "gamma": 497.15904009262255, "max_depth": 6.0, "min_child_weight": 4226.050579890883, "num_boost_round": 116.0, "subsample": 0.5265038248656098}, "datetime": {"datetime": "2024-01-20 16:55:30", "elapsed": 9096.460162, "delta": 0.008334}}
{"target": -12.354405349491472, "params": {"colsample_bytree": 0.42519447621189443, "eta": 0.07038782349092206, "gamma": 497.15904009262255, "max_depth": 6.0, "min_child_weight": 4226.050579890883, "num_boost_round": 117.0, "subsample": 0.5265038248656098}, "datetime": {"datetime": "2024-01-20 16:55:30", "elapsed": 9096.468872, "delta": 0.00871}}
{"target": -12.354631468140106, "params": {"colsample_bytree": 0.42519447621189443, "eta": 0.07038782349092206, "gamma": 497.15904009262255, "max_depth": 6.0, "min_child_weight": 4226.050579890883, "num_boost_round": 118.0, "subsample": 0.5265038248656098}, "datetime": {"datetime": "2024-01-20 16:55:30", "elapsed": 9096.477882, "delta": 0.00901}}
{"target": -12.354894604544569, "params": {"colsample_bytree": 0.42519447621189443, "eta": 0.07038782349092206, "gamma": 497.15904009262255, "max_depth": 6.0, "min_child_weight": 4226.050579890883, "num_boost_round": 119.0, "subsample": 0.5265038248656098}, "datetime": {"datetime": "2024-01-20 16:55:30", "elapsed": 9096.486638, "delta": 0.008756}}
{"target": -12.354879310643746, "params": {"colsample_bytree": 0.42519447621189443, "eta": 0.07038782349092206, "gamma": 497.15904009262255, "max_depth": 6.0, "min_child_weight": 4226.050579890883, "num_boost_round": 120.0, "subsample": 0.5265038248656098}, "datetime": {"datetime": "2024-01-20 16:55:30", "elapsed": 9096.495326, "delta": 0.008688}}
{"target": -12.355011743361159, "params": {"colsample_bytree": 0.42519447621189443, "eta": 0.07038782349092206, "gamma": 497.15904009262255, "max_depth": 6.0, "min_child_weight": 4226.050579890883, "num_boost_round": 121.0, "subsample": 0.5265038248656098}, "datetime": {"datetime": "2024-01-20 16:55:30", "elapsed": 9096.503218, "delta": 0.007892}}
{"target": -12.355139758746056, "params": {"colsample_bytree": 0.42519447621189443, "eta": 0.07038782349092206, "gamma": 497.15904009262255, "max_depth": 6.0, "min_child_weight": 4226.050579890883, "num_boost_round": 122.0, "subsample": 0.5265038248656098}, "datetime": {"datetime": "2024-01-20 16:55:30", "elapsed": 9096.511221, "delta": 0.008003}}
{"target": -12.35544509442383, "params": {"colsample_bytree": 0.42519447621189443, "eta": 0.07038782349092206, "gamma": 497.15904009262255, "max_depth": 6.0, "min_child_weight": 4226.050579890883, "num_boost_round": 123.0, "subsample": 0.5265038248656098}, "datetime": {"datetime": "2024-01-20 16:55:30", "elapsed": 9096.518891, "delta": 0.00767}}
{"target": -12.355765791467665, "params": {"colsample_bytree": 0.42519447621189443, "eta": 0.07038782349092206, "gamma": 497.15904009262255, "max_depth": 6.0, "min_child_weight": 4226.050579890883, "num_boost_round": 124.0, "subsample": 0.5265038248656098}, "datetime": {"datetime": "2024-01-20 16:55:30", "elapsed": 9096.526429, "delta": 0.007538}}
{"target": -12.35592847333486, "params": {"colsample_bytree": 0.42519447621189443, "eta": 0.07038782349092206, "gamma": 497.15904009262255, "max_depth": 6.0, "min_child_weight": 4226.050579890883, "num_boost_round": 125.0, "subsample": 0.5265038248656098}, "datetime": {"datetime": "2024-01-20 16:55:30", "elapsed": 9096.533734, "delta": 0.007305}}
