{"target": -15.167331143090728, "params": {"colsample_bytree": 0.34345366068980687, "eta": 0.006224614878191276, "gamma": 601.0128615956805, "max_depth": 7.0, "min_child_weight": 4190.050299795821, "num_boost_round": 48.0, "subsample": 0.15442571552873952}, "datetime": {"datetime": "2024-01-20 15:28:27", "elapsed": 3864.848149, "delta": 0.00464}}
{"target": -15.16732681526003, "params": {"colsample_bytree": 0.34345366068980687, "eta": 0.006224614878191276, "gamma": 601.0128615956805, "max_depth": 7.0, "min_child_weight": 4190.050299795821, "num_boost_round": 49.0, "subsample": 0.15442571552873952}, "datetime": {"datetime": "2024-01-20 15:28:27", "elapsed": 3864.852847, "delta": 0.004698}}
{"target": -15.167196076918529, "params": {"colsample_bytree": 0.34345366068980687, "eta": 0.006224614878191276, "gamma": 601.0128615956805, "max_depth": 7.0, "min_child_weight": 4190.050299795821, "num_boost_round": 50.0, "subsample": 0.15442571552873952}, "datetime": {"datetime": "2024-01-20 15:28:27", "elapsed": 3864.857764, "delta": 0.004917}}
{"target": -15.167030480718317, "params": {"colsample_bytree": 0.34345366068980687, "eta": 0.006224614878191276, "gamma": 601.0128615956805, "max_depth": 7.0, "min_child_weight": 4190.050299795821, "num_boost_round": 51.0, "subsample": 0.15442571552873952}, "datetime": {"datetime": "2024-01-20 15:28:27", "elapsed": 3864.862418, "delta": 0.004654}}
{"target": -15.167043682921058, "params": {"colsample_bytree": 0.34345366068980687, "eta": 0.006224614878191276, "gamma": 601.0128615956805, "max_depth": 7.0, "min_child_weight": 4190.050299795821, "num_boost_round": 52.0, "subsample": 0.15442571552873952}, "datetime": {"datetime": "2024-01-20 15:28:27", "elapsed": 3864.866999, "delta": 0.004581}}
{"target": -15.16691465111306, "params": {"colsample_bytree": 0.34345366068980687, "eta": 0.006224614878191276, "gamma": 601.0128615956805, "max_depth": 7.0, "min_child_weight": 4190.050299795821, "num_boost_round": 53.0, "subsample": 0.15442571552873952}, "datetime": {"datetime": "2024-01-20 15:28:27", "elapsed": 3864.871475, "delta": 0.004476}}
{"target": -15.166798010612263, "params": {"colsample_bytree": 0.34345366068980687, "eta": 0.006224614878191276, "gamma": 601.0128615956805, "max_depth": 7.0, "min_child_weight": 4190.050299795821, "num_boost_round": 54.0, "subsample": 0.15442571552873952}, "datetime": {"datetime": "2024-01-20 15:28:27", "elapsed": 3864.876312, "delta": 0.004837}}
{"target": -15.16678479345385, "params": {"colsample_bytree": 0.34345366068980687, "eta": 0.006224614878191276, "gamma": 601.0128615956805, "max_depth": 7.0, "min_child_weight": 4190.050299795821, "num_boost_round": 55.0, "subsample": 0.15442571552873952}, "datetime": {"datetime": "2024-01-20 15:28:27", "elapsed": 3864.880839, "delta": 0.004527}}
{"target": -15.166673733596408, "params": {"colsample_bytree": 0.34345366068980687, "eta": 0.006224614878191276, "gamma": 601.0128615956805, "max_depth": 7.0, "min_child_weight": 4190.050299795821, "num_boost_round": 56.0, "subsample": 0.15442571552873952}, "datetime": {"datetime": "2024-01-20 15:28:27", "elapsed": 3864.885389, "delta": 0.00455}}
{"target": -15.1665156610366, "params": {"colsample_bytree": 0.34345366068980687, "eta": 0.006224614878191276, "gamma": 601.0128615956805, "max_depth": 7.0, "min_child_weight": 4190.050299795821, "num_boost_round": 57.0, "subsample": 0.15442571552873952}, "datetime": {"datetime": "2024-01-20 15:28:27", "elapsed": 3864.889871, "delta": 0.004482}}
{"target": -15.16649168079947, "params": {"colsample_bytree": 0.34345366068980687, "eta": 0.006224614878191276, "gamma": 601.0128615956805, "max_depth": 7.0, "min_child_weight": 4190.050299795821, "num_boost_round": 58.0, "subsample": 0.15442571552873952}, "datetime": {"datetime": "2024-01-20 15:28:27", "elapsed": 3864.894775, "delta": 0.004904}}
{"target": -15.166335820080715, "params": {"colsample_bytree": 0.34345366068980687, "eta": 0.006224614878191276, "gamma": 601.0128615956805, "max_depth": 7.0, "min_child_weight": 4190.050299795821, "num_boost_round": 59.0, "subsample": 0.15442571552873952}, "datetime": {"datetime": "2024-01-20 15:28:27", "elapsed": 3864.899431, "delta": 0.004656}}
{"target": -15.166315716778723, "params": {"colsample_bytree": 0.34345366068980687, "eta": 0.006224614878191276, "gamma": 601.0128615956805, "max_depth": 7.0, "min_child_weight": 4190.050299795821, "num_boost_round": 60.0, "subsample": 0.15442571552873952}, "datetime": {"datetime": "2024-01-20 15:28:27", "elapsed": 3864.904133, "delta": 0.004702}}
{"target": -15.16630692137408, "params": {"colsample_bytree": 0.34345366068980687, "eta": 0.006224614878191276, "gamma": 601.0128615956805, "max_depth": 7.0, "min_child_weight": 4190.050299795821, "num_boost_round": 61.0, "subsample": 0.15442571552873952}, "datetime": {"datetime": "2024-01-20 15:28:27", "elapsed": 3864.908703, "delta": 0.00457}}
{"target": -15.166182988061497, "params": {"colsample_bytree": 0.34345366068980687, "eta": 0.006224614878191276, "gamma": 601.0128615956805, "max_depth": 7.0, "min_child_weight": 4190.050299795821, "num_boost_round": 62.0, "subsample": 0.15442571552873952}, "datetime": {"datetime": "2024-01-20 15:28:27", "elapsed": 3864.913508, "delta": 0.004805}}
{"target": -15.16614251656317, "params": {"colsample_bytree": 0.34345366068980687, "eta": 0.006224614878191276, "gamma": 601.0128615956805, "max_depth": 7.0, "min_child_weight": 4190.050299795821, "num_boost_round": 63.0, "subsample": 0.15442571552873952}, "datetime": {"datetime": "2024-01-20 15:28:27", "elapsed": 3864.917997, "delta": 0.004489}}
{"target": -15.166148575137056, "params": {"colsample_bytree": 0.34345366068980687, "eta": 0.006224614878191276, "gamma": 601.0128615956805, "max_depth": 7.0, "min_child_weight": 4190.050299795821, "num_boost_round": 64.0, "subsample": 0.15442571552873952}, "datetime": {"datetime": "2024-01-20 15:28:27", "elapsed": 3864.922657, "delta": 0.00466}}
{"target": -15.166034959795848, "params": {"colsample_bytree": 0.34345366068980687, "eta": 0.006224614878191276, "gamma": 601.0128615956805, "max_depth": 7.0, "min_child_weight": 4190.050299795821, "num_boost_round": 65.0, "subsample": 0.15442571552873952}, "datetime": {"datetime": "2024-01-20 15:28:27", "elapsed": 3864.927429, "delta": 0.004772}}
{"target": -15.165970023899089, "params": {"colsample_bytree": 0.34345366068980687, "eta": 0.006224614878191276, "gamma": 601.0128615956805, "max_depth": 7.0, "min_child_weight": 4190.050299795821, "num_boost_round": 66.0, "subsample": 0.15442571552873952}, "datetime": {"datetime": "2024-01-20 15:28:27", "elapsed": 3864.932324, "delta": 0.004895}}
{"target": -15.165931498280194, "params": {"colsample_bytree": 0.34345366068980687, "eta": 0.006224614878191276, "gamma": 601.0128615956805, "max_depth": 7.0, "min_child_weight": 4190.050299795821, "num_boost_round": 67.0, "subsample": 0.15442571552873952}, "datetime": {"datetime": "2024-01-20 15:28:27", "elapsed": 3864.936877, "delta": 0.004553}}
{"target": -15.16567375374271, "params": {"colsample_bytree": 0.34345366068980687, "eta": 0.006224614878191276, "gamma": 601.0128615956805, "max_depth": 7.0, "min_child_weight": 4190.050299795821, "num_boost_round": 68.0, "subsample": 0.15442571552873952}, "datetime": {"datetime": "2024-01-20 15:28:27", "elapsed": 3864.9414, "delta": 0.004523}}
{"target": -15.165629024454397, "params": {"colsample_bytree": 0.34345366068980687, "eta": 0.006224614878191276, "gamma": 601.0128615956805, "max_depth": 7.0, "min_child_weight": 4190.050299795821, "num_boost_round": 69.0, "subsample": 0.15442571552873952}, "datetime": {"datetime": "2024-01-20 15:28:27", "elapsed": 3864.946011, "delta": 0.004611}}
{"target": -15.165579502200949, "params": {"colsample_bytree": 0.34345366068980687, "eta": 0.006224614878191276, "gamma": 601.0128615956805, "max_depth": 7.0, "min_child_weight": 4190.050299795821, "num_boost_round": 70.0, "subsample": 0.15442571552873952}, "datetime": {"datetime": "2024-01-20 15:28:27", "elapsed": 3864.950845, "delta": 0.004834}}
{"target": -15.165587348198674, "params": {"colsample_bytree": 0.34345366068980687, "eta": 0.006224614878191276, "gamma": 601.0128615956805, "max_depth": 7.0, "min_child_weight": 4190.050299795821, "num_boost_round": 71.0, "subsample": 0.15442571552873952}, "datetime": {"datetime": "2024-01-20 15:28:27", "elapsed": 3864.955489, "delta": 0.004644}}
{"target": -15.165418831930225, "params": {"colsample_bytree": 0.34345366068980687, "eta": 0.006224614878191276, "gamma": 601.0128615956805, "max_depth": 7.0, "min_child_weight": 4190.050299795821, "num_boost_round": 72.0, "subsample": 0.15442571552873952}, "datetime": {"datetime": "2024-01-20 15:28:27", "elapsed": 3864.960168, "delta": 0.004679}}
{"target": -15.165398230660198, "params": {"colsample_bytree": 0.34345366068980687, "eta": 0.006224614878191276, "gamma": 601.0128615956805, "max_depth": 7.0, "min_child_weight": 4190.050299795821, "num_boost_round": 73.0, "subsample": 0.15442571552873952}, "datetime": {"datetime": "2024-01-20 15:28:27", "elapsed": 3864.964908, "delta": 0.00474}}
{"target": -15.165373182214616, "params": {"colsample_bytree": 0.34345366068980687, "eta": 0.006224614878191276, "gamma": 601.0128615956805, "max_depth": 7.0, "min_child_weight": 4190.050299795821, "num_boost_round": 74.0, "subsample": 0.15442571552873952}, "datetime": {"datetime": "2024-01-20 15:28:27", "elapsed": 3864.969734, "delta": 0.004826}}
{"target": -15.165272595834242, "params": {"colsample_bytree": 0.34345366068980687, "eta": 0.006224614878191276, "gamma": 601.0128615956805, "max_depth": 7.0, "min_child_weight": 4190.050299795821, "num_boost_round": 75.0, "subsample": 0.15442571552873952}, "datetime": {"datetime": "2024-01-20 15:28:27", "elapsed": 3864.974375, "delta": 0.004641}}
{"target": -15.16529374699168, "params": {"colsample_bytree": 0.34345366068980687, "eta": 0.006224614878191276, "gamma": 601.0128615956805, "max_depth": 7.0, "min_child_weight": 4190.050299795821, "num_boost_round": 76.0, "subsample": 0.15442571552873952}, "datetime": {"datetime": "2024-01-20 15:28:27", "elapsed": 3864.979022, "delta": 0.004647}}
{"target": -15.165280700695131, "params": {"colsample_bytree": 0.34345366068980687, "eta": 0.006224614878191276, "gamma": 601.0128615956805, "max_depth": 7.0, "min_child_weight": 4190.050299795821, "num_boost_round": 77.0, "subsample": 0.15442571552873952}, "datetime": {"datetime": "2024-01-20 15:28:27", "elapsed": 3864.983759, "delta": 0.004737}}
{"target": -15.165182812762104, "params": {"colsample_bytree": 0.34345366068980687, "eta": 0.006224614878191276, "gamma": 601.0128615956805, "max_depth": 7.0, "min_child_weight": 4190.050299795821, "num_boost_round": 78.0, "subsample": 0.15442571552873952}, "datetime": {"datetime": "2024-01-20 15:28:27", "elapsed": 3864.988602, "delta": 0.004843}}
{"target": -15.16504425363954, "params": {"colsample_bytree": 0.34345366068980687, "eta": 0.006224614878191276, "gamma": 601.0128615956805, "max_depth": 7.0, "min_child_weight": 4190.050299795821, "num_boost_round": 79.0, "subsample": 0.15442571552873952}, "datetime": {"datetime": "2024-01-20 15:28:27", "elapsed": 3864.993254, "delta": 0.004652}}
{"target": -15.165037188422161, "params": {"colsample_bytree": 0.34345366068980687, "eta": 0.006224614878191276, "gamma": 601.0128615956805, "max_depth": 7.0, "min_child_weight": 4190.050299795821, "num_boost_round": 80.0, "subsample": 0.15442571552873952}, "datetime": {"datetime": "2024-01-20 15:28:27", "elapsed": 3864.997954, "delta": 0.0047}}
{"target": -15.165010837545058, "params": {"colsample_bytree": 0.34345366068980687, "eta": 0.006224614878191276, "gamma": 601.0128615956805, "max_depth": 7.0, "min_child_weight": 4190.050299795821, "num_boost_round": 81.0, "subsample": 0.15442571552873952}, "datetime": {"datetime": "2024-01-20 15:28:27", "elapsed": 3865.002626, "delta": 0.004672}}
{"target": -15.172173739646784, "params": {"colsample_bytree": 0.6135290589362892, "eta": 0.034270482219675796, "gamma": 490.93186758026485, "max_depth": 9.0, "min_child_weight": 4315.517438657128, "num_boost_round": 1.0, "subsample": 0.7318609734228596}, "datetime": {"datetime": "2024-01-20 15:30:14", "elapsed": 3971.847084, "delta": 106.844458}}
{"target": -15.170731288357668, "params": {"colsample_bytree": 0.6135290589362892, "eta": 0.034270482219675796, "gamma": 490.93186758026485, "max_depth": 9.0, "min_child_weight": 4315.517438657128, "num_boost_round": 2.0, "subsample": 0.7318609734228596}, "datetime": {"datetime": "2024-01-20 15:30:14", "elapsed": 3971.853289, "delta": 0.006205}}
{"target": -15.169339519236395, "params": {"colsample_bytree": 0.6135290589362892, "eta": 0.034270482219675796, "gamma": 490.93186758026485, "max_depth": 9.0, "min_child_weight": 4315.517438657128, "num_boost_round": 3.0, "subsample": 0.7318609734228596}, "datetime": {"datetime": "2024-01-20 15:30:14", "elapsed": 3971.858113, "delta": 0.004824}}
{"target": -15.168672898831122, "params": {"colsample_bytree": 0.6135290589362892, "eta": 0.034270482219675796, "gamma": 490.93186758026485, "max_depth": 9.0, "min_child_weight": 4315.517438657128, "num_boost_round": 4.0, "subsample": 0.7318609734228596}, "datetime": {"datetime": "2024-01-20 15:30:14", "elapsed": 3971.86281, "delta": 0.004697}}
{"target": -15.167778938874957, "params": {"colsample_bytree": 0.6135290589362892, "eta": 0.034270482219675796, "gamma": 490.93186758026485, "max_depth": 9.0, "min_child_weight": 4315.517438657128, "num_boost_round": 5.0, "subsample": 0.7318609734228596}, "datetime": {"datetime": "2024-01-20 15:30:14", "elapsed": 3971.867428, "delta": 0.004618}}
{"target": -15.166650176242477, "params": {"colsample_bytree": 0.6135290589362892, "eta": 0.034270482219675796, "gamma": 490.93186758026485, "max_depth": 9.0, "min_child_weight": 4315.517438657128, "num_boost_round": 6.0, "subsample": 0.7318609734228596}, "datetime": {"datetime": "2024-01-20 15:30:14", "elapsed": 3971.872019, "delta": 0.004591}}
{"target": -15.165521399098271, "params": {"colsample_bytree": 0.6135290589362892, "eta": 0.034270482219675796, "gamma": 490.93186758026485, "max_depth": 9.0, "min_child_weight": 4315.517438657128, "num_boost_round": 7.0, "subsample": 0.7318609734228596}, "datetime": {"datetime": "2024-01-20 15:30:14", "elapsed": 3971.876642, "delta": 0.004623}}
{"target": -15.164314340502013, "params": {"colsample_bytree": 0.6135290589362892, "eta": 0.034270482219675796, "gamma": 490.93186758026485, "max_depth": 9.0, "min_child_weight": 4315.517438657128, "num_boost_round": 8.0, "subsample": 0.7318609734228596}, "datetime": {"datetime": "2024-01-20 15:30:14", "elapsed": 3971.881267, "delta": 0.004625}}
{"target": -15.163606197708543, "params": {"colsample_bytree": 0.6135290589362892, "eta": 0.034270482219675796, "gamma": 490.93186758026485, "max_depth": 9.0, "min_child_weight": 4315.517438657128, "num_boost_round": 9.0, "subsample": 0.7318609734228596}, "datetime": {"datetime": "2024-01-20 15:30:14", "elapsed": 3971.886404, "delta": 0.005137}}
{"target": -15.162423224899499, "params": {"colsample_bytree": 0.6135290589362892, "eta": 0.034270482219675796, "gamma": 490.93186758026485, "max_depth": 9.0, "min_child_weight": 4315.517438657128, "num_boost_round": 10.0, "subsample": 0.7318609734228596}, "datetime": {"datetime": "2024-01-20 15:30:14", "elapsed": 3971.892642, "delta": 0.006238}}
{"target": -15.162347964509841, "params": {"colsample_bytree": 0.6135290589362892, "eta": 0.034270482219675796, "gamma": 490.93186758026485, "max_depth": 9.0, "min_child_weight": 4315.517438657128, "num_boost_round": 11.0, "subsample": 0.7318609734228596}, "datetime": {"datetime": "2024-01-20 15:30:14", "elapsed": 3971.89792, "delta": 0.005278}}
{"target": -15.161148374055674, "params": {"colsample_bytree": 0.6135290589362892, "eta": 0.034270482219675796, "gamma": 490.93186758026485, "max_depth": 9.0, "min_child_weight": 4315.517438657128, "num_boost_round": 12.0, "subsample": 0.7318609734228596}, "datetime": {"datetime": "2024-01-20 15:30:14", "elapsed": 3971.90281, "delta": 0.00489}}
{"target": -15.161077053284961, "params": {"colsample_bytree": 0.6135290589362892, "eta": 0.034270482219675796, "gamma": 490.93186758026485, "max_depth": 9.0, "min_child_weight": 4315.517438657128, "num_boost_round": 13.0, "subsample": 0.7318609734228596}, "datetime": {"datetime": "2024-01-20 15:30:14", "elapsed": 3971.907374, "delta": 0.004564}}
{"target": -15.159840914428226, "params": {"colsample_bytree": 0.6135290589362892, "eta": 0.034270482219675796, "gamma": 490.93186758026485, "max_depth": 9.0, "min_child_weight": 4315.517438657128, "num_boost_round": 14.0, "subsample": 0.7318609734228596}, "datetime": {"datetime": "2024-01-20 15:30:14", "elapsed": 3971.912247, "delta": 0.004873}}
{"target": -15.159183030635562, "params": {"colsample_bytree": 0.6135290589362892, "eta": 0.034270482219675796, "gamma": 490.93186758026485, "max_depth": 9.0, "min_child_weight": 4315.517438657128, "num_boost_round": 15.0, "subsample": 0.7318609734228596}, "datetime": {"datetime": "2024-01-20 15:30:14", "elapsed": 3971.91671, "delta": 0.004463}}
{"target": -15.159328537500912, "params": {"colsample_bytree": 0.6135290589362892, "eta": 0.034270482219675796, "gamma": 490.93186758026485, "max_depth": 9.0, "min_child_weight": 4315.517438657128, "num_boost_round": 16.0, "subsample": 0.7318609734228596}, "datetime": {"datetime": "2024-01-20 15:30:14", "elapsed": 3971.921327, "delta": 0.004617}}
{"target": -15.158916431306224, "params": {"colsample_bytree": 0.6135290589362892, "eta": 0.034270482219675796, "gamma": 490.93186758026485, "max_depth": 9.0, "min_child_weight": 4315.517438657128, "num_boost_round": 17.0, "subsample": 0.7318609734228596}, "datetime": {"datetime": "2024-01-20 15:30:14", "elapsed": 3971.926086, "delta": 0.004759}}
{"target": -15.170556133728002, "params": {"colsample_bytree": 0.6272526846240346, "eta": 0.09472421729549481, "gamma": 568.0480045657813, "max_depth": 2.0, "min_child_weight": 4163.654956586802, "num_boost_round": 1.0, "subsample": 0.600990634926094}, "datetime": {"datetime": "2024-01-20 15:31:27", "elapsed": 4044.813728, "delta": 72.887642}}
{"target": -15.169220616110817, "params": {"colsample_bytree": 0.6272526846240346, "eta": 0.09472421729549481, "gamma": 568.0480045657813, "max_depth": 2.0, "min_child_weight": 4163.654956586802, "num_boost_round": 2.0, "subsample": 0.600990634926094}, "datetime": {"datetime": "2024-01-20 15:31:27", "elapsed": 4044.820946, "delta": 0.007218}}
{"target": -15.166533068794145, "params": {"colsample_bytree": 0.6272526846240346, "eta": 0.09472421729549481, "gamma": 568.0480045657813, "max_depth": 2.0, "min_child_weight": 4163.654956586802, "num_boost_round": 3.0, "subsample": 0.600990634926094}, "datetime": {"datetime": "2024-01-20 15:31:27", "elapsed": 4044.825886, "delta": 0.00494}}
{"target": -15.164826815225693, "params": {"colsample_bytree": 0.6272526846240346, "eta": 0.09472421729549481, "gamma": 568.0480045657813, "max_depth": 2.0, "min_child_weight": 4163.654956586802, "num_boost_round": 4.0, "subsample": 0.600990634926094}, "datetime": {"datetime": "2024-01-20 15:31:27", "elapsed": 4044.830727, "delta": 0.004841}}
{"target": -15.161880684644352, "params": {"colsample_bytree": 0.6272526846240346, "eta": 0.09472421729549481, "gamma": 568.0480045657813, "max_depth": 2.0, "min_child_weight": 4163.654956586802, "num_boost_round": 5.0, "subsample": 0.600990634926094}, "datetime": {"datetime": "2024-01-20 15:31:27", "elapsed": 4044.835542, "delta": 0.004815}}
{"target": -15.161253986738393, "params": {"colsample_bytree": 0.6272526846240346, "eta": 0.09472421729549481, "gamma": 568.0480045657813, "max_depth": 2.0, "min_child_weight": 4163.654956586802, "num_boost_round": 6.0, "subsample": 0.600990634926094}, "datetime": {"datetime": "2024-01-20 15:31:27", "elapsed": 4044.840475, "delta": 0.004933}}
{"target": -15.160831241705278, "params": {"colsample_bytree": 0.6272526846240346, "eta": 0.09472421729549481, "gamma": 568.0480045657813, "max_depth": 2.0, "min_child_weight": 4163.654956586802, "num_boost_round": 7.0, "subsample": 0.600990634926094}, "datetime": {"datetime": "2024-01-20 15:31:27", "elapsed": 4044.845336, "delta": 0.004861}}
{"target": -15.158649246641543, "params": {"colsample_bytree": 0.6272526846240346, "eta": 0.09472421729549481, "gamma": 568.0480045657813, "max_depth": 2.0, "min_child_weight": 4163.654956586802, "num_boost_round": 8.0, "subsample": 0.600990634926094}, "datetime": {"datetime": "2024-01-20 15:31:27", "elapsed": 4044.850102, "delta": 0.004766}}
{"target": -15.158960050766389, "params": {"colsample_bytree": 0.6272526846240346, "eta": 0.09472421729549481, "gamma": 568.0480045657813, "max_depth": 2.0, "min_child_weight": 4163.654956586802, "num_boost_round": 9.0, "subsample": 0.600990634926094}, "datetime": {"datetime": "2024-01-20 15:31:27", "elapsed": 4044.854874, "delta": 0.004772}}
{"target": -15.158887853459973, "params": {"colsample_bytree": 0.6272526846240346, "eta": 0.09472421729549481, "gamma": 568.0480045657813, "max_depth": 2.0, "min_child_weight": 4163.654956586802, "num_boost_round": 10.0, "subsample": 0.600990634926094}, "datetime": {"datetime": "2024-01-20 15:31:27", "elapsed": 4044.859724, "delta": 0.00485}}
{"target": -15.159642488088991, "params": {"colsample_bytree": 0.6272526846240346, "eta": 0.09472421729549481, "gamma": 568.0480045657813, "max_depth": 2.0, "min_child_weight": 4163.654956586802, "num_boost_round": 11.0, "subsample": 0.600990634926094}, "datetime": {"datetime": "2024-01-20 15:31:27", "elapsed": 4044.864625, "delta": 0.004901}}
{"target": -15.158863757668218, "params": {"colsample_bytree": 0.6272526846240346, "eta": 0.09472421729549481, "gamma": 568.0480045657813, "max_depth": 2.0, "min_child_weight": 4163.654956586802, "num_boost_round": 12.0, "subsample": 0.600990634926094}, "datetime": {"datetime": "2024-01-20 15:31:27", "elapsed": 4044.869356, "delta": 0.004731}}
