{"target": -10.477501007934066, "params": {"colsample_bytree": 0.2522885478506519, "eta": 0.07741105332423595, "gamma": 263.3256137639712, "max_depth": 6.0, "min_child_weight": 4736.687012002991, "num_boost_round": 27.0, "subsample": 0.2308884334978505}, "datetime": {"datetime": "2024-01-20 15:38:06", "elapsed": 7978.462728, "delta": 0.006647}}
{"target": -10.477389393926359, "params": {"colsample_bytree": 0.2522885478506519, "eta": 0.07741105332423595, "gamma": 263.3256137639712, "max_depth": 6.0, "min_child_weight": 4736.687012002991, "num_boost_round": 28.0, "subsample": 0.2308884334978505}, "datetime": {"datetime": "2024-01-20 15:38:06", "elapsed": 7978.468632, "delta": 0.005904}}
{"target": -10.477365133497425, "params": {"colsample_bytree": 0.2522885478506519, "eta": 0.07741105332423595, "gamma": 263.3256137639712, "max_depth": 6.0, "min_child_weight": 4736.687012002991, "num_boost_round": 29.0, "subsample": 0.2308884334978505}, "datetime": {"datetime": "2024-01-20 15:38:06", "elapsed": 7978.474111, "delta": 0.005479}}
{"target": -10.477723723901349, "params": {"colsample_bytree": 0.2522885478506519, "eta": 0.07741105332423595, "gamma": 263.3256137639712, "max_depth": 6.0, "min_child_weight": 4736.687012002991, "num_boost_round": 30.0, "subsample": 0.2308884334978505}, "datetime": {"datetime": "2024-01-20 15:38:06", "elapsed": 7978.47956, "delta": 0.005449}}
{"target": -10.477791824364678, "params": {"colsample_bytree": 0.2522885478506519, "eta": 0.07741105332423595, "gamma": 263.3256137639712, "max_depth": 6.0, "min_child_weight": 4736.687012002991, "num_boost_round": 31.0, "subsample": 0.2308884334978505}, "datetime": {"datetime": "2024-01-20 15:38:06", "elapsed": 7978.485019, "delta": 0.005459}}
{"target": -10.477933863735924, "params": {"colsample_bytree": 0.2522885478506519, "eta": 0.07741105332423595, "gamma": 263.3256137639712, "max_depth": 6.0, "min_child_weight": 4736.687012002991, "num_boost_round": 32.0, "subsample": 0.2308884334978505}, "datetime": {"datetime": "2024-01-20 15:38:06", "elapsed": 7978.490468, "delta": 0.005449}}
{"target": -10.47808760804468, "params": {"colsample_bytree": 0.2522885478506519, "eta": 0.07741105332423595, "gamma": 263.3256137639712, "max_depth": 6.0, "min_child_weight": 4736.687012002991, "num_boost_round": 33.0, "subsample": 0.2308884334978505}, "datetime": {"datetime": "2024-01-20 15:38:06", "elapsed": 7978.495983, "delta": 0.005515}}
{"target": -10.47775077762642, "params": {"colsample_bytree": 0.2522885478506519, "eta": 0.07741105332423595, "gamma": 263.3256137639712, "max_depth": 6.0, "min_child_weight": 4736.687012002991, "num_boost_round": 34.0, "subsample": 0.2308884334978505}, "datetime": {"datetime": "2024-01-20 15:38:06", "elapsed": 7978.501667, "delta": 0.005684}}
{"target": -10.477805270525629, "params": {"colsample_bytree": 0.2522885478506519, "eta": 0.07741105332423595, "gamma": 263.3256137639712, "max_depth": 6.0, "min_child_weight": 4736.687012002991, "num_boost_round": 35.0, "subsample": 0.2308884334978505}, "datetime": {"datetime": "2024-01-20 15:38:06", "elapsed": 7978.508297, "delta": 0.00663}}
{"target": -10.477793663467462, "params": {"colsample_bytree": 0.2522885478506519, "eta": 0.07741105332423595, "gamma": 263.3256137639712, "max_depth": 6.0, "min_child_weight": 4736.687012002991, "num_boost_round": 36.0, "subsample": 0.2308884334978505}, "datetime": {"datetime": "2024-01-20 15:38:06", "elapsed": 7978.514679, "delta": 0.006382}}
{"target": -10.477743653221907, "params": {"colsample_bytree": 0.2522885478506519, "eta": 0.07741105332423595, "gamma": 263.3256137639712, "max_depth": 6.0, "min_child_weight": 4736.687012002991, "num_boost_round": 37.0, "subsample": 0.2308884334978505}, "datetime": {"datetime": "2024-01-20 15:38:06", "elapsed": 7978.520547, "delta": 0.005868}}
{"target": -10.47806812876576, "params": {"colsample_bytree": 0.2522885478506519, "eta": 0.07741105332423595, "gamma": 263.3256137639712, "max_depth": 6.0, "min_child_weight": 4736.687012002991, "num_boost_round": 38.0, "subsample": 0.2308884334978505}, "datetime": {"datetime": "2024-01-20 15:38:06", "elapsed": 7978.526519, "delta": 0.005972}}
{"target": -10.475792271735205, "params": {"colsample_bytree": 0.7857781209998926, "eta": 0.02197943117673071, "gamma": 423.3990175012455, "max_depth": 7.0, "min_child_weight": 4766.532192683097, "num_boost_round": 1.0, "subsample": 0.19559530409524706}, "datetime": {"datetime": "2024-01-20 15:40:20", "elapsed": 8112.821143, "delta": 134.294624}}
{"target": -10.475490952519388, "params": {"colsample_bytree": 0.7857781209998926, "eta": 0.02197943117673071, "gamma": 423.3990175012455, "max_depth": 7.0, "min_child_weight": 4766.532192683097, "num_boost_round": 2.0, "subsample": 0.19559530409524706}, "datetime": {"datetime": "2024-01-20 15:40:20", "elapsed": 8112.82922, "delta": 0.008077}}
{"target": -10.475304589617473, "params": {"colsample_bytree": 0.7857781209998926, "eta": 0.02197943117673071, "gamma": 423.3990175012455, "max_depth": 7.0, "min_child_weight": 4766.532192683097, "num_boost_round": 3.0, "subsample": 0.19559530409524706}, "datetime": {"datetime": "2024-01-20 15:40:20", "elapsed": 8112.835835, "delta": 0.006615}}
{"target": -10.475130938279275, "params": {"colsample_bytree": 0.7857781209998926, "eta": 0.02197943117673071, "gamma": 423.3990175012455, "max_depth": 7.0, "min_child_weight": 4766.532192683097, "num_boost_round": 4.0, "subsample": 0.19559530409524706}, "datetime": {"datetime": "2024-01-20 15:40:20", "elapsed": 8112.84191, "delta": 0.006075}}
{"target": -10.474838628584337, "params": {"colsample_bytree": 0.7857781209998926, "eta": 0.02197943117673071, "gamma": 423.3990175012455, "max_depth": 7.0, "min_child_weight": 4766.532192683097, "num_boost_round": 5.0, "subsample": 0.19559530409524706}, "datetime": {"datetime": "2024-01-20 15:40:20", "elapsed": 8112.847867, "delta": 0.005957}}
{"target": -10.474560911784524, "params": {"colsample_bytree": 0.7857781209998926, "eta": 0.02197943117673071, "gamma": 423.3990175012455, "max_depth": 7.0, "min_child_weight": 4766.532192683097, "num_boost_round": 6.0, "subsample": 0.19559530409524706}, "datetime": {"datetime": "2024-01-20 15:40:20", "elapsed": 8112.85386, "delta": 0.005993}}
{"target": -10.474426832949984, "params": {"colsample_bytree": 0.7857781209998926, "eta": 0.02197943117673071, "gamma": 423.3990175012455, "max_depth": 7.0, "min_child_weight": 4766.532192683097, "num_boost_round": 7.0, "subsample": 0.19559530409524706}, "datetime": {"datetime": "2024-01-20 15:40:20", "elapsed": 8112.859727, "delta": 0.005867}}
{"target": -10.474266500324378, "params": {"colsample_bytree": 0.7857781209998926, "eta": 0.02197943117673071, "gamma": 423.3990175012455, "max_depth": 7.0, "min_child_weight": 4766.532192683097, "num_boost_round": 8.0, "subsample": 0.19559530409524706}, "datetime": {"datetime": "2024-01-20 15:40:20", "elapsed": 8112.865966, "delta": 0.006239}}
{"target": -10.47409751066085, "params": {"colsample_bytree": 0.7857781209998926, "eta": 0.02197943117673071, "gamma": 423.3990175012455, "max_depth": 7.0, "min_child_weight": 4766.532192683097, "num_boost_round": 9.0, "subsample": 0.19559530409524706}, "datetime": {"datetime": "2024-01-20 15:40:20", "elapsed": 8112.871789, "delta": 0.005823}}
{"target": -10.47389835881115, "params": {"colsample_bytree": 0.7857781209998926, "eta": 0.02197943117673071, "gamma": 423.3990175012455, "max_depth": 7.0, "min_child_weight": 4766.532192683097, "num_boost_round": 10.0, "subsample": 0.19559530409524706}, "datetime": {"datetime": "2024-01-20 15:40:20", "elapsed": 8112.877525, "delta": 0.005736}}
{"target": -10.4737179183656, "params": {"colsample_bytree": 0.7857781209998926, "eta": 0.02197943117673071, "gamma": 423.3990175012455, "max_depth": 7.0, "min_child_weight": 4766.532192683097, "num_boost_round": 11.0, "subsample": 0.19559530409524706}, "datetime": {"datetime": "2024-01-20 15:40:20", "elapsed": 8112.883124, "delta": 0.005599}}
{"target": -10.473610855578178, "params": {"colsample_bytree": 0.7857781209998926, "eta": 0.02197943117673071, "gamma": 423.3990175012455, "max_depth": 7.0, "min_child_weight": 4766.532192683097, "num_boost_round": 12.0, "subsample": 0.19559530409524706}, "datetime": {"datetime": "2024-01-20 15:40:20", "elapsed": 8112.888687, "delta": 0.005563}}
{"target": -10.47358247849401, "params": {"colsample_bytree": 0.7857781209998926, "eta": 0.02197943117673071, "gamma": 423.3990175012455, "max_depth": 7.0, "min_child_weight": 4766.532192683097, "num_boost_round": 13.0, "subsample": 0.19559530409524706}, "datetime": {"datetime": "2024-01-20 15:40:20", "elapsed": 8112.894251, "delta": 0.005564}}
{"target": -10.47342718548801, "params": {"colsample_bytree": 0.7857781209998926, "eta": 0.02197943117673071, "gamma": 423.3990175012455, "max_depth": 7.0, "min_child_weight": 4766.532192683097, "num_boost_round": 14.0, "subsample": 0.19559530409524706}, "datetime": {"datetime": "2024-01-20 15:40:20", "elapsed": 8112.899946, "delta": 0.005695}}
{"target": -10.47335261511548, "params": {"colsample_bytree": 0.7857781209998926, "eta": 0.02197943117673071, "gamma": 423.3990175012455, "max_depth": 7.0, "min_child_weight": 4766.532192683097, "num_boost_round": 15.0, "subsample": 0.19559530409524706}, "datetime": {"datetime": "2024-01-20 15:40:20", "elapsed": 8112.905543, "delta": 0.005597}}
{"target": -10.473265416887003, "params": {"colsample_bytree": 0.7857781209998926, "eta": 0.02197943117673071, "gamma": 423.3990175012455, "max_depth": 7.0, "min_child_weight": 4766.532192683097, "num_boost_round": 16.0, "subsample": 0.19559530409524706}, "datetime": {"datetime": "2024-01-20 15:40:20", "elapsed": 8112.911376, "delta": 0.005833}}
{"target": -10.473177419368216, "params": {"colsample_bytree": 0.7857781209998926, "eta": 0.02197943117673071, "gamma": 423.3990175012455, "max_depth": 7.0, "min_child_weight": 4766.532192683097, "num_boost_round": 17.0, "subsample": 0.19559530409524706}, "datetime": {"datetime": "2024-01-20 15:40:20", "elapsed": 8112.917197, "delta": 0.005821}}
{"target": -10.47311619544678, "params": {"colsample_bytree": 0.7857781209998926, "eta": 0.02197943117673071, "gamma": 423.3990175012455, "max_depth": 7.0, "min_child_weight": 4766.532192683097, "num_boost_round": 18.0, "subsample": 0.19559530409524706}, "datetime": {"datetime": "2024-01-20 15:40:20", "elapsed": 8112.923343, "delta": 0.006146}}
{"target": -10.473028747907899, "params": {"colsample_bytree": 0.7857781209998926, "eta": 0.02197943117673071, "gamma": 423.3990175012455, "max_depth": 7.0, "min_child_weight": 4766.532192683097, "num_boost_round": 19.0, "subsample": 0.19559530409524706}, "datetime": {"datetime": "2024-01-20 15:40:20", "elapsed": 8112.928891, "delta": 0.005548}}
{"target": -10.473126914302066, "params": {"colsample_bytree": 0.7857781209998926, "eta": 0.02197943117673071, "gamma": 423.3990175012455, "max_depth": 7.0, "min_child_weight": 4766.532192683097, "num_boost_round": 20.0, "subsample": 0.19559530409524706}, "datetime": {"datetime": "2024-01-20 15:40:20", "elapsed": 8112.934363, "delta": 0.005472}}
{"target": -10.47318927152386, "params": {"colsample_bytree": 0.7857781209998926, "eta": 0.02197943117673071, "gamma": 423.3990175012455, "max_depth": 7.0, "min_child_weight": 4766.532192683097, "num_boost_round": 21.0, "subsample": 0.19559530409524706}, "datetime": {"datetime": "2024-01-20 15:40:20", "elapsed": 8112.939968, "delta": 0.005605}}
{"target": -10.473236471526022, "params": {"colsample_bytree": 0.7857781209998926, "eta": 0.02197943117673071, "gamma": 423.3990175012455, "max_depth": 7.0, "min_child_weight": 4766.532192683097, "num_boost_round": 22.0, "subsample": 0.19559530409524706}, "datetime": {"datetime": "2024-01-20 15:40:20", "elapsed": 8112.945513, "delta": 0.005545}}
{"target": -10.473179391415844, "params": {"colsample_bytree": 0.7857781209998926, "eta": 0.02197943117673071, "gamma": 423.3990175012455, "max_depth": 7.0, "min_child_weight": 4766.532192683097, "num_boost_round": 23.0, "subsample": 0.19559530409524706}, "datetime": {"datetime": "2024-01-20 15:40:20", "elapsed": 8112.951134, "delta": 0.005621}}
{"target": -10.47312602634133, "params": {"colsample_bytree": 0.7857781209998926, "eta": 0.02197943117673071, "gamma": 423.3990175012455, "max_depth": 7.0, "min_child_weight": 4766.532192683097, "num_boost_round": 24.0, "subsample": 0.19559530409524706}, "datetime": {"datetime": "2024-01-20 15:40:20", "elapsed": 8112.956857, "delta": 0.005723}}
{"target": -10.473189975254625, "params": {"colsample_bytree": 0.7857781209998926, "eta": 0.02197943117673071, "gamma": 423.3990175012455, "max_depth": 7.0, "min_child_weight": 4766.532192683097, "num_boost_round": 25.0, "subsample": 0.19559530409524706}, "datetime": {"datetime": "2024-01-20 15:40:20", "elapsed": 8112.962656, "delta": 0.005799}}
{"target": -10.473282734999065, "params": {"colsample_bytree": 0.7857781209998926, "eta": 0.02197943117673071, "gamma": 423.3990175012455, "max_depth": 7.0, "min_child_weight": 4766.532192683097, "num_boost_round": 26.0, "subsample": 0.19559530409524706}, "datetime": {"datetime": "2024-01-20 15:40:20", "elapsed": 8112.968727, "delta": 0.006071}}
{"target": -10.473322220119986, "params": {"colsample_bytree": 0.7857781209998926, "eta": 0.02197943117673071, "gamma": 423.3990175012455, "max_depth": 7.0, "min_child_weight": 4766.532192683097, "num_boost_round": 27.0, "subsample": 0.19559530409524706}, "datetime": {"datetime": "2024-01-20 15:40:20", "elapsed": 8112.974666, "delta": 0.005939}}
{"target": -10.473348471242897, "params": {"colsample_bytree": 0.7857781209998926, "eta": 0.02197943117673071, "gamma": 423.3990175012455, "max_depth": 7.0, "min_child_weight": 4766.532192683097, "num_boost_round": 28.0, "subsample": 0.19559530409524706}, "datetime": {"datetime": "2024-01-20 15:40:20", "elapsed": 8112.980581, "delta": 0.005915}}
{"target": -10.473334291689753, "params": {"colsample_bytree": 0.7857781209998926, "eta": 0.02197943117673071, "gamma": 423.3990175012455, "max_depth": 7.0, "min_child_weight": 4766.532192683097, "num_boost_round": 29.0, "subsample": 0.19559530409524706}, "datetime": {"datetime": "2024-01-20 15:40:20", "elapsed": 8112.986643, "delta": 0.006062}}
{"target": -10.473364586626431, "params": {"colsample_bytree": 0.7857781209998926, "eta": 0.02197943117673071, "gamma": 423.3990175012455, "max_depth": 7.0, "min_child_weight": 4766.532192683097, "num_boost_round": 30.0, "subsample": 0.19559530409524706}, "datetime": {"datetime": "2024-01-20 15:40:20", "elapsed": 8112.992692, "delta": 0.006049}}
{"target": -10.473313027432258, "params": {"colsample_bytree": 0.7857781209998926, "eta": 0.02197943117673071, "gamma": 423.3990175012455, "max_depth": 7.0, "min_child_weight": 4766.532192683097, "num_boost_round": 31.0, "subsample": 0.19559530409524706}, "datetime": {"datetime": "2024-01-20 15:40:20", "elapsed": 8112.998227, "delta": 0.005535}}
{"target": -10.47327530781306, "params": {"colsample_bytree": 0.7857781209998926, "eta": 0.02197943117673071, "gamma": 423.3990175012455, "max_depth": 7.0, "min_child_weight": 4766.532192683097, "num_boost_round": 32.0, "subsample": 0.19559530409524706}, "datetime": {"datetime": "2024-01-20 15:40:20", "elapsed": 8113.004911, "delta": 0.006684}}
{"target": -10.47327720770739, "params": {"colsample_bytree": 0.7857781209998926, "eta": 0.02197943117673071, "gamma": 423.3990175012455, "max_depth": 7.0, "min_child_weight": 4766.532192683097, "num_boost_round": 33.0, "subsample": 0.19559530409524706}, "datetime": {"datetime": "2024-01-20 15:40:20", "elapsed": 8113.01088, "delta": 0.005969}}
{"target": -10.473217294509361, "params": {"colsample_bytree": 0.7857781209998926, "eta": 0.02197943117673071, "gamma": 423.3990175012455, "max_depth": 7.0, "min_child_weight": 4766.532192683097, "num_boost_round": 34.0, "subsample": 0.19559530409524706}, "datetime": {"datetime": "2024-01-20 15:40:20", "elapsed": 8113.01663, "delta": 0.00575}}
{"target": -10.473273992301513, "params": {"colsample_bytree": 0.7857781209998926, "eta": 0.02197943117673071, "gamma": 423.3990175012455, "max_depth": 7.0, "min_child_weight": 4766.532192683097, "num_boost_round": 35.0, "subsample": 0.19559530409524706}, "datetime": {"datetime": "2024-01-20 15:40:20", "elapsed": 8113.022211, "delta": 0.005581}}
{"target": -10.473240541835555, "params": {"colsample_bytree": 0.7857781209998926, "eta": 0.02197943117673071, "gamma": 423.3990175012455, "max_depth": 7.0, "min_child_weight": 4766.532192683097, "num_boost_round": 36.0, "subsample": 0.19559530409524706}, "datetime": {"datetime": "2024-01-20 15:40:20", "elapsed": 8113.027816, "delta": 0.005605}}
{"target": -10.473265073733897, "params": {"colsample_bytree": 0.7857781209998926, "eta": 0.02197943117673071, "gamma": 423.3990175012455, "max_depth": 7.0, "min_child_weight": 4766.532192683097, "num_boost_round": 37.0, "subsample": 0.19559530409524706}, "datetime": {"datetime": "2024-01-20 15:40:20", "elapsed": 8113.033362, "delta": 0.005546}}
{"target": -10.47330664051865, "params": {"colsample_bytree": 0.7857781209998926, "eta": 0.02197943117673071, "gamma": 423.3990175012455, "max_depth": 7.0, "min_child_weight": 4766.532192683097, "num_boost_round": 38.0, "subsample": 0.19559530409524706}, "datetime": {"datetime": "2024-01-20 15:40:20", "elapsed": 8113.038919, "delta": 0.005557}}
{"target": -10.473365315625998, "params": {"colsample_bytree": 0.7857781209998926, "eta": 0.02197943117673071, "gamma": 423.3990175012455, "max_depth": 7.0, "min_child_weight": 4766.532192683097, "num_boost_round": 39.0, "subsample": 0.19559530409524706}, "datetime": {"datetime": "2024-01-20 15:40:21", "elapsed": 8113.044561, "delta": 0.005642}}
{"target": -10.47334095120275, "params": {"colsample_bytree": 0.7857781209998926, "eta": 0.02197943117673071, "gamma": 423.3990175012455, "max_depth": 7.0, "min_child_weight": 4766.532192683097, "num_boost_round": 40.0, "subsample": 0.19559530409524706}, "datetime": {"datetime": "2024-01-20 15:40:21", "elapsed": 8113.050342, "delta": 0.005781}}
{"target": -10.473346425083042, "params": {"colsample_bytree": 0.7857781209998926, "eta": 0.02197943117673071, "gamma": 423.3990175012455, "max_depth": 7.0, "min_child_weight": 4766.532192683097, "num_boost_round": 41.0, "subsample": 0.19559530409524706}, "datetime": {"datetime": "2024-01-20 15:40:21", "elapsed": 8113.056168, "delta": 0.005826}}
{"target": -10.473387787779874, "params": {"colsample_bytree": 0.7857781209998926, "eta": 0.02197943117673071, "gamma": 423.3990175012455, "max_depth": 7.0, "min_child_weight": 4766.532192683097, "num_boost_round": 42.0, "subsample": 0.19559530409524706}, "datetime": {"datetime": "2024-01-20 15:40:21", "elapsed": 8113.062126, "delta": 0.005958}}
{"target": -10.47340497200506, "params": {"colsample_bytree": 0.7857781209998926, "eta": 0.02197943117673071, "gamma": 423.3990175012455, "max_depth": 7.0, "min_child_weight": 4766.532192683097, "num_boost_round": 43.0, "subsample": 0.19559530409524706}, "datetime": {"datetime": "2024-01-20 15:40:21", "elapsed": 8113.067683, "delta": 0.005557}}
{"target": -10.473453125557185, "params": {"colsample_bytree": 0.7857781209998926, "eta": 0.02197943117673071, "gamma": 423.3990175012455, "max_depth": 7.0, "min_child_weight": 4766.532192683097, "num_boost_round": 44.0, "subsample": 0.19559530409524706}, "datetime": {"datetime": "2024-01-20 15:40:21", "elapsed": 8113.073209, "delta": 0.005526}}
{"target": -10.473479330494587, "params": {"colsample_bytree": 0.7857781209998926, "eta": 0.02197943117673071, "gamma": 423.3990175012455, "max_depth": 7.0, "min_child_weight": 4766.532192683097, "num_boost_round": 45.0, "subsample": 0.19559530409524706}, "datetime": {"datetime": "2024-01-20 15:40:21", "elapsed": 8113.078767, "delta": 0.005558}}
{"target": -10.473529915220043, "params": {"colsample_bytree": 0.7857781209998926, "eta": 0.02197943117673071, "gamma": 423.3990175012455, "max_depth": 7.0, "min_child_weight": 4766.532192683097, "num_boost_round": 46.0, "subsample": 0.19559530409524706}, "datetime": {"datetime": "2024-01-20 15:40:21", "elapsed": 8113.084374, "delta": 0.005607}}
{"target": -10.473556383368958, "params": {"colsample_bytree": 0.7857781209998926, "eta": 0.02197943117673071, "gamma": 423.3990175012455, "max_depth": 7.0, "min_child_weight": 4766.532192683097, "num_boost_round": 47.0, "subsample": 0.19559530409524706}, "datetime": {"datetime": "2024-01-20 15:40:21", "elapsed": 8113.089966, "delta": 0.005592}}
{"target": -10.473635489682088, "params": {"colsample_bytree": 0.7857781209998926, "eta": 0.02197943117673071, "gamma": 423.3990175012455, "max_depth": 7.0, "min_child_weight": 4766.532192683097, "num_boost_round": 48.0, "subsample": 0.19559530409524706}, "datetime": {"datetime": "2024-01-20 15:40:21", "elapsed": 8113.095473, "delta": 0.005507}}
{"target": -10.476076303911796, "params": {"colsample_bytree": 0.9217845120591411, "eta": 0.0038317606342045474, "gamma": 391.52757126780614, "max_depth": 4.0, "min_child_weight": 4778.966618980739, "num_boost_round": 1.0, "subsample": 0.6537933208371578}, "datetime": {"datetime": "2024-01-20 15:41:37", "elapsed": 8189.618579, "delta": 76.523106}}
{"target": -10.476016451382616, "params": {"colsample_bytree": 0.9217845120591411, "eta": 0.0038317606342045474, "gamma": 391.52757126780614, "max_depth": 4.0, "min_child_weight": 4778.966618980739, "num_boost_round": 2.0, "subsample": 0.6537933208371578}, "datetime": {"datetime": "2024-01-20 15:41:37", "elapsed": 8189.624499, "delta": 0.00592}}
{"target": -10.475980890185653, "params": {"colsample_bytree": 0.9217845120591411, "eta": 0.0038317606342045474, "gamma": 391.52757126780614, "max_depth": 4.0, "min_child_weight": 4778.966618980739, "num_boost_round": 3.0, "subsample": 0.6537933208371578}, "datetime": {"datetime": "2024-01-20 15:41:37", "elapsed": 8189.63003, "delta": 0.005531}}
