{"target": -15.170975336217037, "params": {"colsample_bytree": 0.4378971955554487, "eta": 0.003877853729728319, "gamma": 549.3846525154925, "max_depth": 7.0, "min_child_weight": 4285.008176390732, "num_boost_round": 16.0, "subsample": 0.6055256386911021}, "datetime": {"datetime": "2024-01-20 15:25:26", "elapsed": 3683.564079, "delta": 0.004477}}
{"target": -15.170741784657327, "params": {"colsample_bytree": 0.4378971955554487, "eta": 0.003877853729728319, "gamma": 549.3846525154925, "max_depth": 7.0, "min_child_weight": 4285.008176390732, "num_boost_round": 17.0, "subsample": 0.6055256386911021}, "datetime": {"datetime": "2024-01-20 15:25:26", "elapsed": 3683.56839, "delta": 0.004311}}
{"target": -15.170714689458514, "params": {"colsample_bytree": 0.4378971955554487, "eta": 0.003877853729728319, "gamma": 549.3846525154925, "max_depth": 7.0, "min_child_weight": 4285.008176390732, "num_boost_round": 18.0, "subsample": 0.6055256386911021}, "datetime": {"datetime": "2024-01-20 15:25:26", "elapsed": 3683.572773, "delta": 0.004383}}
{"target": -15.170616427358334, "params": {"colsample_bytree": 0.4378971955554487, "eta": 0.003877853729728319, "gamma": 549.3846525154925, "max_depth": 7.0, "min_child_weight": 4285.008176390732, "num_boost_round": 19.0, "subsample": 0.6055256386911021}, "datetime": {"datetime": "2024-01-20 15:25:26", "elapsed": 3683.577103, "delta": 0.00433}}
{"target": -15.170495754415487, "params": {"colsample_bytree": 0.4378971955554487, "eta": 0.003877853729728319, "gamma": 549.3846525154925, "max_depth": 7.0, "min_child_weight": 4285.008176390732, "num_boost_round": 20.0, "subsample": 0.6055256386911021}, "datetime": {"datetime": "2024-01-20 15:25:26", "elapsed": 3683.581596, "delta": 0.004493}}
{"target": -15.170364957836412, "params": {"colsample_bytree": 0.4378971955554487, "eta": 0.003877853729728319, "gamma": 549.3846525154925, "max_depth": 7.0, "min_child_weight": 4285.008176390732, "num_boost_round": 21.0, "subsample": 0.6055256386911021}, "datetime": {"datetime": "2024-01-20 15:25:26", "elapsed": 3683.585896, "delta": 0.0043}}
{"target": -15.17034541405442, "params": {"colsample_bytree": 0.4378971955554487, "eta": 0.003877853729728319, "gamma": 549.3846525154925, "max_depth": 7.0, "min_child_weight": 4285.008176390732, "num_boost_round": 22.0, "subsample": 0.6055256386911021}, "datetime": {"datetime": "2024-01-20 15:25:26", "elapsed": 3683.590234, "delta": 0.004338}}
{"target": -15.170201328923916, "params": {"colsample_bytree": 0.4378971955554487, "eta": 0.003877853729728319, "gamma": 549.3846525154925, "max_depth": 7.0, "min_child_weight": 4285.008176390732, "num_boost_round": 23.0, "subsample": 0.6055256386911021}, "datetime": {"datetime": "2024-01-20 15:25:26", "elapsed": 3683.594917, "delta": 0.004683}}
{"target": -15.17236877956698, "params": {"colsample_bytree": 0.8944699636053128, "eta": 0.021954593544399194, "gamma": 599.4692641972963, "max_depth": 2.0, "min_child_weight": 4206.3937385947775, "num_boost_round": 1.0, "subsample": 0.7954025403187429}, "datetime": {"datetime": "2024-01-20 15:26:42", "elapsed": 3759.69892, "delta": 76.104003}}
{"target": -15.171723764893851, "params": {"colsample_bytree": 0.8944699636053128, "eta": 0.021954593544399194, "gamma": 599.4692641972963, "max_depth": 2.0, "min_child_weight": 4206.3937385947775, "num_boost_round": 2.0, "subsample": 0.7954025403187429}, "datetime": {"datetime": "2024-01-20 15:26:42", "elapsed": 3759.704963, "delta": 0.006043}}
{"target": -15.170423797264112, "params": {"colsample_bytree": 0.8944699636053128, "eta": 0.021954593544399194, "gamma": 599.4692641972963, "max_depth": 2.0, "min_child_weight": 4206.3937385947775, "num_boost_round": 3.0, "subsample": 0.7954025403187429}, "datetime": {"datetime": "2024-01-20 15:26:42", "elapsed": 3759.709222, "delta": 0.004259}}
{"target": -15.169948368565539, "params": {"colsample_bytree": 0.8944699636053128, "eta": 0.021954593544399194, "gamma": 599.4692641972963, "max_depth": 2.0, "min_child_weight": 4206.3937385947775, "num_boost_round": 4.0, "subsample": 0.7954025403187429}, "datetime": {"datetime": "2024-01-20 15:26:42", "elapsed": 3759.713516, "delta": 0.004294}}
{"target": -15.168797741572432, "params": {"colsample_bytree": 0.8944699636053128, "eta": 0.021954593544399194, "gamma": 599.4692641972963, "max_depth": 2.0, "min_child_weight": 4206.3937385947775, "num_boost_round": 5.0, "subsample": 0.7954025403187429}, "datetime": {"datetime": "2024-01-20 15:26:42", "elapsed": 3759.717737, "delta": 0.004221}}
{"target": -15.167797382639677, "params": {"colsample_bytree": 0.8944699636053128, "eta": 0.021954593544399194, "gamma": 599.4692641972963, "max_depth": 2.0, "min_child_weight": 4206.3937385947775, "num_boost_round": 6.0, "subsample": 0.7954025403187429}, "datetime": {"datetime": "2024-01-20 15:26:42", "elapsed": 3759.722384, "delta": 0.004647}}
{"target": -15.16684915158388, "params": {"colsample_bytree": 0.8944699636053128, "eta": 0.021954593544399194, "gamma": 599.4692641972963, "max_depth": 2.0, "min_child_weight": 4206.3937385947775, "num_boost_round": 7.0, "subsample": 0.7954025403187429}, "datetime": {"datetime": "2024-01-20 15:26:42", "elapsed": 3759.726606, "delta": 0.004222}}
{"target": -15.165960060149455, "params": {"colsample_bytree": 0.8944699636053128, "eta": 0.021954593544399194, "gamma": 599.4692641972963, "max_depth": 2.0, "min_child_weight": 4206.3937385947775, "num_boost_round": 8.0, "subsample": 0.7954025403187429}, "datetime": {"datetime": "2024-01-20 15:26:42", "elapsed": 3759.730824, "delta": 0.004218}}
{"target": -15.165735690283508, "params": {"colsample_bytree": 0.8944699636053128, "eta": 0.021954593544399194, "gamma": 599.4692641972963, "max_depth": 2.0, "min_child_weight": 4206.3937385947775, "num_boost_round": 9.0, "subsample": 0.7954025403187429}, "datetime": {"datetime": "2024-01-20 15:26:42", "elapsed": 3759.735213, "delta": 0.004389}}
{"target": -15.16482863403163, "params": {"colsample_bytree": 0.8944699636053128, "eta": 0.021954593544399194, "gamma": 599.4692641972963, "max_depth": 2.0, "min_child_weight": 4206.3937385947775, "num_boost_round": 10.0, "subsample": 0.7954025403187429}, "datetime": {"datetime": "2024-01-20 15:26:42", "elapsed": 3759.739729, "delta": 0.004516}}
{"target": -15.164040109408605, "params": {"colsample_bytree": 0.8944699636053128, "eta": 0.021954593544399194, "gamma": 599.4692641972963, "max_depth": 2.0, "min_child_weight": 4206.3937385947775, "num_boost_round": 11.0, "subsample": 0.7954025403187429}, "datetime": {"datetime": "2024-01-20 15:26:42", "elapsed": 3759.744108, "delta": 0.004379}}
{"target": -15.163595453535336, "params": {"colsample_bytree": 0.8944699636053128, "eta": 0.021954593544399194, "gamma": 599.4692641972963, "max_depth": 2.0, "min_child_weight": 4206.3937385947775, "num_boost_round": 12.0, "subsample": 0.7954025403187429}, "datetime": {"datetime": "2024-01-20 15:26:42", "elapsed": 3759.748424, "delta": 0.004316}}
{"target": -15.162929492674081, "params": {"colsample_bytree": 0.8944699636053128, "eta": 0.021954593544399194, "gamma": 599.4692641972963, "max_depth": 2.0, "min_child_weight": 4206.3937385947775, "num_boost_round": 13.0, "subsample": 0.7954025403187429}, "datetime": {"datetime": "2024-01-20 15:26:42", "elapsed": 3759.752801, "delta": 0.004377}}
{"target": -15.16221125722674, "params": {"colsample_bytree": 0.8944699636053128, "eta": 0.021954593544399194, "gamma": 599.4692641972963, "max_depth": 2.0, "min_child_weight": 4206.3937385947775, "num_boost_round": 14.0, "subsample": 0.7954025403187429}, "datetime": {"datetime": "2024-01-20 15:26:42", "elapsed": 3759.757327, "delta": 0.004526}}
{"target": -15.161951430583587, "params": {"colsample_bytree": 0.8944699636053128, "eta": 0.021954593544399194, "gamma": 599.4692641972963, "max_depth": 2.0, "min_child_weight": 4206.3937385947775, "num_boost_round": 15.0, "subsample": 0.7954025403187429}, "datetime": {"datetime": "2024-01-20 15:26:42", "elapsed": 3759.761692, "delta": 0.004365}}
{"target": -15.16138774152624, "params": {"colsample_bytree": 0.8944699636053128, "eta": 0.021954593544399194, "gamma": 599.4692641972963, "max_depth": 2.0, "min_child_weight": 4206.3937385947775, "num_boost_round": 16.0, "subsample": 0.7954025403187429}, "datetime": {"datetime": "2024-01-20 15:26:42", "elapsed": 3759.765987, "delta": 0.004295}}
{"target": -15.160760530820454, "params": {"colsample_bytree": 0.8944699636053128, "eta": 0.021954593544399194, "gamma": 599.4692641972963, "max_depth": 2.0, "min_child_weight": 4206.3937385947775, "num_boost_round": 17.0, "subsample": 0.7954025403187429}, "datetime": {"datetime": "2024-01-20 15:26:42", "elapsed": 3759.770256, "delta": 0.004269}}
{"target": -15.160269955584031, "params": {"colsample_bytree": 0.8944699636053128, "eta": 0.021954593544399194, "gamma": 599.4692641972963, "max_depth": 2.0, "min_child_weight": 4206.3937385947775, "num_boost_round": 18.0, "subsample": 0.7954025403187429}, "datetime": {"datetime": "2024-01-20 15:26:42", "elapsed": 3759.774858, "delta": 0.004602}}
{"target": -15.159706316922048, "params": {"colsample_bytree": 0.8944699636053128, "eta": 0.021954593544399194, "gamma": 599.4692641972963, "max_depth": 2.0, "min_child_weight": 4206.3937385947775, "num_boost_round": 19.0, "subsample": 0.7954025403187429}, "datetime": {"datetime": "2024-01-20 15:26:42", "elapsed": 3759.7791, "delta": 0.004242}}
{"target": -15.159573340070963, "params": {"colsample_bytree": 0.8944699636053128, "eta": 0.021954593544399194, "gamma": 599.4692641972963, "max_depth": 2.0, "min_child_weight": 4206.3937385947775, "num_boost_round": 20.0, "subsample": 0.7954025403187429}, "datetime": {"datetime": "2024-01-20 15:26:42", "elapsed": 3759.783448, "delta": 0.004348}}
{"target": -15.158990055856943, "params": {"colsample_bytree": 0.8944699636053128, "eta": 0.021954593544399194, "gamma": 599.4692641972963, "max_depth": 2.0, "min_child_weight": 4206.3937385947775, "num_boost_round": 21.0, "subsample": 0.7954025403187429}, "datetime": {"datetime": "2024-01-20 15:26:42", "elapsed": 3759.787761, "delta": 0.004313}}
{"target": -15.158504537914027, "params": {"colsample_bytree": 0.8944699636053128, "eta": 0.021954593544399194, "gamma": 599.4692641972963, "max_depth": 2.0, "min_child_weight": 4206.3937385947775, "num_boost_round": 22.0, "subsample": 0.7954025403187429}, "datetime": {"datetime": "2024-01-20 15:26:42", "elapsed": 3759.79247, "delta": 0.004709}}
{"target": -15.158202684980258, "params": {"colsample_bytree": 0.8944699636053128, "eta": 0.021954593544399194, "gamma": 599.4692641972963, "max_depth": 2.0, "min_child_weight": 4206.3937385947775, "num_boost_round": 23.0, "subsample": 0.7954025403187429}, "datetime": {"datetime": "2024-01-20 15:26:42", "elapsed": 3760.123977, "delta": 0.331507}}
{"target": -15.157733557242441, "params": {"colsample_bytree": 0.8944699636053128, "eta": 0.021954593544399194, "gamma": 599.4692641972963, "max_depth": 2.0, "min_child_weight": 4206.3937385947775, "num_boost_round": 24.0, "subsample": 0.7954025403187429}, "datetime": {"datetime": "2024-01-20 15:26:42", "elapsed": 3760.129288, "delta": 0.005311}}
{"target": -15.157617460757962, "params": {"colsample_bytree": 0.8944699636053128, "eta": 0.021954593544399194, "gamma": 599.4692641972963, "max_depth": 2.0, "min_child_weight": 4206.3937385947775, "num_boost_round": 25.0, "subsample": 0.7954025403187429}, "datetime": {"datetime": "2024-01-20 15:26:42", "elapsed": 3760.13395, "delta": 0.004662}}
{"target": -15.15716231129026, "params": {"colsample_bytree": 0.8944699636053128, "eta": 0.021954593544399194, "gamma": 599.4692641972963, "max_depth": 2.0, "min_child_weight": 4206.3937385947775, "num_boost_round": 26.0, "subsample": 0.7954025403187429}, "datetime": {"datetime": "2024-01-20 15:26:42", "elapsed": 3760.138778, "delta": 0.004828}}
{"target": -15.15693530576278, "params": {"colsample_bytree": 0.8944699636053128, "eta": 0.021954593544399194, "gamma": 599.4692641972963, "max_depth": 2.0, "min_child_weight": 4206.3937385947775, "num_boost_round": 27.0, "subsample": 0.7954025403187429}, "datetime": {"datetime": "2024-01-20 15:26:42", "elapsed": 3760.143128, "delta": 0.00435}}
{"target": -15.15664856035003, "params": {"colsample_bytree": 0.8944699636053128, "eta": 0.021954593544399194, "gamma": 599.4692641972963, "max_depth": 2.0, "min_child_weight": 4206.3937385947775, "num_boost_round": 28.0, "subsample": 0.7954025403187429}, "datetime": {"datetime": "2024-01-20 15:26:42", "elapsed": 3760.147459, "delta": 0.004331}}
{"target": -15.156603747177643, "params": {"colsample_bytree": 0.8944699636053128, "eta": 0.021954593544399194, "gamma": 599.4692641972963, "max_depth": 2.0, "min_child_weight": 4206.3937385947775, "num_boost_round": 29.0, "subsample": 0.7954025403187429}, "datetime": {"datetime": "2024-01-20 15:26:42", "elapsed": 3760.15185, "delta": 0.004391}}
{"target": -15.15627994169331, "params": {"colsample_bytree": 0.8944699636053128, "eta": 0.021954593544399194, "gamma": 599.4692641972963, "max_depth": 2.0, "min_child_weight": 4206.3937385947775, "num_boost_round": 30.0, "subsample": 0.7954025403187429}, "datetime": {"datetime": "2024-01-20 15:26:42", "elapsed": 3760.156511, "delta": 0.004661}}
{"target": -15.156016752511967, "params": {"colsample_bytree": 0.8944699636053128, "eta": 0.021954593544399194, "gamma": 599.4692641972963, "max_depth": 2.0, "min_child_weight": 4206.3937385947775, "num_boost_round": 31.0, "subsample": 0.7954025403187429}, "datetime": {"datetime": "2024-01-20 15:26:42", "elapsed": 3760.16092, "delta": 0.004409}}
{"target": -15.155969368327424, "params": {"colsample_bytree": 0.8944699636053128, "eta": 0.021954593544399194, "gamma": 599.4692641972963, "max_depth": 2.0, "min_child_weight": 4206.3937385947775, "num_boost_round": 32.0, "subsample": 0.7954025403187429}, "datetime": {"datetime": "2024-01-20 15:26:42", "elapsed": 3760.165351, "delta": 0.004431}}
{"target": -15.15590800890254, "params": {"colsample_bytree": 0.8944699636053128, "eta": 0.021954593544399194, "gamma": 599.4692641972963, "max_depth": 2.0, "min_child_weight": 4206.3937385947775, "num_boost_round": 33.0, "subsample": 0.7954025403187429}, "datetime": {"datetime": "2024-01-20 15:26:42", "elapsed": 3760.169804, "delta": 0.004453}}
{"target": -15.155606881647596, "params": {"colsample_bytree": 0.8944699636053128, "eta": 0.021954593544399194, "gamma": 599.4692641972963, "max_depth": 2.0, "min_child_weight": 4206.3937385947775, "num_boost_round": 34.0, "subsample": 0.7954025403187429}, "datetime": {"datetime": "2024-01-20 15:26:42", "elapsed": 3760.174499, "delta": 0.004695}}
{"target": -15.155297480641238, "params": {"colsample_bytree": 0.8944699636053128, "eta": 0.021954593544399194, "gamma": 599.4692641972963, "max_depth": 2.0, "min_child_weight": 4206.3937385947775, "num_boost_round": 35.0, "subsample": 0.7954025403187429}, "datetime": {"datetime": "2024-01-20 15:26:42", "elapsed": 3760.178892, "delta": 0.004393}}
{"target": -15.15501150718085, "params": {"colsample_bytree": 0.8944699636053128, "eta": 0.021954593544399194, "gamma": 599.4692641972963, "max_depth": 2.0, "min_child_weight": 4206.3937385947775, "num_boost_round": 36.0, "subsample": 0.7954025403187429}, "datetime": {"datetime": "2024-01-20 15:26:42", "elapsed": 3760.183249, "delta": 0.004357}}
{"target": -15.154717699276551, "params": {"colsample_bytree": 0.8944699636053128, "eta": 0.021954593544399194, "gamma": 599.4692641972963, "max_depth": 2.0, "min_child_weight": 4206.3937385947775, "num_boost_round": 37.0, "subsample": 0.7954025403187429}, "datetime": {"datetime": "2024-01-20 15:26:42", "elapsed": 3760.187709, "delta": 0.00446}}
{"target": -15.154500509743137, "params": {"colsample_bytree": 0.8944699636053128, "eta": 0.021954593544399194, "gamma": 599.4692641972963, "max_depth": 2.0, "min_child_weight": 4206.3937385947775, "num_boost_round": 38.0, "subsample": 0.7954025403187429}, "datetime": {"datetime": "2024-01-20 15:26:42", "elapsed": 3760.192391, "delta": 0.004682}}
{"target": -15.154308694973114, "params": {"colsample_bytree": 0.8944699636053128, "eta": 0.021954593544399194, "gamma": 599.4692641972963, "max_depth": 2.0, "min_child_weight": 4206.3937385947775, "num_boost_round": 39.0, "subsample": 0.7954025403187429}, "datetime": {"datetime": "2024-01-20 15:26:42", "elapsed": 3760.19675, "delta": 0.004359}}
{"target": -15.154108958777584, "params": {"colsample_bytree": 0.8944699636053128, "eta": 0.021954593544399194, "gamma": 599.4692641972963, "max_depth": 2.0, "min_child_weight": 4206.3937385947775, "num_boost_round": 40.0, "subsample": 0.7954025403187429}, "datetime": {"datetime": "2024-01-20 15:26:42", "elapsed": 3760.201122, "delta": 0.004372}}
{"target": -15.154081850461097, "params": {"colsample_bytree": 0.8944699636053128, "eta": 0.021954593544399194, "gamma": 599.4692641972963, "max_depth": 2.0, "min_child_weight": 4206.3937385947775, "num_boost_round": 41.0, "subsample": 0.7954025403187429}, "datetime": {"datetime": "2024-01-20 15:26:42", "elapsed": 3760.205565, "delta": 0.004443}}
{"target": -15.153935660574028, "params": {"colsample_bytree": 0.8944699636053128, "eta": 0.021954593544399194, "gamma": 599.4692641972963, "max_depth": 2.0, "min_child_weight": 4206.3937385947775, "num_boost_round": 42.0, "subsample": 0.7954025403187429}, "datetime": {"datetime": "2024-01-20 15:26:42", "elapsed": 3760.21025, "delta": 0.004685}}
{"target": -15.153638239133315, "params": {"colsample_bytree": 0.8944699636053128, "eta": 0.021954593544399194, "gamma": 599.4692641972963, "max_depth": 2.0, "min_child_weight": 4206.3937385947775, "num_boost_round": 43.0, "subsample": 0.7954025403187429}, "datetime": {"datetime": "2024-01-20 15:26:42", "elapsed": 3760.214637, "delta": 0.004387}}
{"target": -15.153639495155215, "params": {"colsample_bytree": 0.8944699636053128, "eta": 0.021954593544399194, "gamma": 599.4692641972963, "max_depth": 2.0, "min_child_weight": 4206.3937385947775, "num_boost_round": 44.0, "subsample": 0.7954025403187429}, "datetime": {"datetime": "2024-01-20 15:26:42", "elapsed": 3760.219219, "delta": 0.004582}}
{"target": -15.153661557498506, "params": {"colsample_bytree": 0.8944699636053128, "eta": 0.021954593544399194, "gamma": 599.4692641972963, "max_depth": 2.0, "min_child_weight": 4206.3937385947775, "num_boost_round": 45.0, "subsample": 0.7954025403187429}, "datetime": {"datetime": "2024-01-20 15:26:42", "elapsed": 3760.223706, "delta": 0.004487}}
{"target": -15.153638342675942, "params": {"colsample_bytree": 0.8944699636053128, "eta": 0.021954593544399194, "gamma": 599.4692641972963, "max_depth": 2.0, "min_child_weight": 4206.3937385947775, "num_boost_round": 46.0, "subsample": 0.7954025403187429}, "datetime": {"datetime": "2024-01-20 15:26:42", "elapsed": 3760.228392, "delta": 0.004686}}
{"target": -15.153649512644552, "params": {"colsample_bytree": 0.8944699636053128, "eta": 0.021954593544399194, "gamma": 599.4692641972963, "max_depth": 2.0, "min_child_weight": 4206.3937385947775, "num_boost_round": 47.0, "subsample": 0.7954025403187429}, "datetime": {"datetime": "2024-01-20 15:26:42", "elapsed": 3760.232773, "delta": 0.004381}}
{"target": -15.153574102518354, "params": {"colsample_bytree": 0.8944699636053128, "eta": 0.021954593544399194, "gamma": 599.4692641972963, "max_depth": 2.0, "min_child_weight": 4206.3937385947775, "num_boost_round": 48.0, "subsample": 0.7954025403187429}, "datetime": {"datetime": "2024-01-20 15:26:42", "elapsed": 3760.237159, "delta": 0.004386}}
{"target": -15.153464018316045, "params": {"colsample_bytree": 0.8944699636053128, "eta": 0.021954593544399194, "gamma": 599.4692641972963, "max_depth": 2.0, "min_child_weight": 4206.3937385947775, "num_boost_round": 49.0, "subsample": 0.7954025403187429}, "datetime": {"datetime": "2024-01-20 15:26:42", "elapsed": 3760.241574, "delta": 0.004415}}
{"target": -15.15349940169526, "params": {"colsample_bytree": 0.8944699636053128, "eta": 0.021954593544399194, "gamma": 599.4692641972963, "max_depth": 2.0, "min_child_weight": 4206.3937385947775, "num_boost_round": 50.0, "subsample": 0.7954025403187429}, "datetime": {"datetime": "2024-01-20 15:26:42", "elapsed": 3760.246256, "delta": 0.004682}}
{"target": -15.15340522136395, "params": {"colsample_bytree": 0.8944699636053128, "eta": 0.021954593544399194, "gamma": 599.4692641972963, "max_depth": 2.0, "min_child_weight": 4206.3937385947775, "num_boost_round": 51.0, "subsample": 0.7954025403187429}, "datetime": {"datetime": "2024-01-20 15:26:42", "elapsed": 3760.250624, "delta": 0.004368}}
{"target": -15.153319185230497, "params": {"colsample_bytree": 0.8944699636053128, "eta": 0.021954593544399194, "gamma": 599.4692641972963, "max_depth": 2.0, "min_child_weight": 4206.3937385947775, "num_boost_round": 52.0, "subsample": 0.7954025403187429}, "datetime": {"datetime": "2024-01-20 15:26:42", "elapsed": 3760.255013, "delta": 0.004389}}
{"target": -15.153425606254377, "params": {"colsample_bytree": 0.8944699636053128, "eta": 0.021954593544399194, "gamma": 599.4692641972963, "max_depth": 2.0, "min_child_weight": 4206.3937385947775, "num_boost_round": 53.0, "subsample": 0.7954025403187429}, "datetime": {"datetime": "2024-01-20 15:26:42", "elapsed": 3760.259437, "delta": 0.004424}}
{"target": -15.153407099350746, "params": {"colsample_bytree": 0.8944699636053128, "eta": 0.021954593544399194, "gamma": 599.4692641972963, "max_depth": 2.0, "min_child_weight": 4206.3937385947775, "num_boost_round": 54.0, "subsample": 0.7954025403187429}, "datetime": {"datetime": "2024-01-20 15:26:42", "elapsed": 3760.264151, "delta": 0.004714}}
{"target": -15.153478819401299, "params": {"colsample_bytree": 0.8944699636053128, "eta": 0.021954593544399194, "gamma": 599.4692641972963, "max_depth": 2.0, "min_child_weight": 4206.3937385947775, "num_boost_round": 55.0, "subsample": 0.7954025403187429}, "datetime": {"datetime": "2024-01-20 15:26:42", "elapsed": 3760.269298, "delta": 0.005147}}
