{"target": -10.47937199971031, "params": {"colsample_bytree": 0.20371678123458184, "eta": 0.08630952287049107, "gamma": 892.2779172017126, "max_depth": 4.0, "min_child_weight": 4235.045855331433, "num_boost_round": 15.0, "subsample": 0.5660694997322259}, "datetime": {"datetime": "2024-01-20 14:35:44", "elapsed": 4236.610305, "delta": 0.003778}}
{"target": -10.47991791317637, "params": {"colsample_bytree": 0.20371678123458184, "eta": 0.08630952287049107, "gamma": 892.2779172017126, "max_depth": 4.0, "min_child_weight": 4235.045855331433, "num_boost_round": 16.0, "subsample": 0.5660694997322259}, "datetime": {"datetime": "2024-01-20 14:35:44", "elapsed": 4236.614002, "delta": 0.003697}}
{"target": -10.48064235209738, "params": {"colsample_bytree": 0.20371678123458184, "eta": 0.08630952287049107, "gamma": 892.2779172017126, "max_depth": 4.0, "min_child_weight": 4235.045855331433, "num_boost_round": 17.0, "subsample": 0.5660694997322259}, "datetime": {"datetime": "2024-01-20 14:35:44", "elapsed": 4236.617742, "delta": 0.00374}}
{"target": -10.480914644888285, "params": {"colsample_bytree": 0.20371678123458184, "eta": 0.08630952287049107, "gamma": 892.2779172017126, "max_depth": 4.0, "min_child_weight": 4235.045855331433, "num_boost_round": 18.0, "subsample": 0.5660694997322259}, "datetime": {"datetime": "2024-01-20 14:35:44", "elapsed": 4236.621508, "delta": 0.003766}}
{"target": -10.48125708701928, "params": {"colsample_bytree": 0.20371678123458184, "eta": 0.08630952287049107, "gamma": 892.2779172017126, "max_depth": 4.0, "min_child_weight": 4235.045855331433, "num_boost_round": 19.0, "subsample": 0.5660694997322259}, "datetime": {"datetime": "2024-01-20 14:35:44", "elapsed": 4236.625267, "delta": 0.003759}}
{"target": -10.481366483721676, "params": {"colsample_bytree": 0.20371678123458184, "eta": 0.08630952287049107, "gamma": 892.2779172017126, "max_depth": 4.0, "min_child_weight": 4235.045855331433, "num_boost_round": 20.0, "subsample": 0.5660694997322259}, "datetime": {"datetime": "2024-01-20 14:35:44", "elapsed": 4236.629184, "delta": 0.003917}}
{"target": -10.481723516345872, "params": {"colsample_bytree": 0.20371678123458184, "eta": 0.08630952287049107, "gamma": 892.2779172017126, "max_depth": 4.0, "min_child_weight": 4235.045855331433, "num_boost_round": 21.0, "subsample": 0.5660694997322259}, "datetime": {"datetime": "2024-01-20 14:35:44", "elapsed": 4236.632948, "delta": 0.003764}}
{"target": -10.481620872681422, "params": {"colsample_bytree": 0.20371678123458184, "eta": 0.08630952287049107, "gamma": 892.2779172017126, "max_depth": 4.0, "min_child_weight": 4235.045855331433, "num_boost_round": 22.0, "subsample": 0.5660694997322259}, "datetime": {"datetime": "2024-01-20 14:35:44", "elapsed": 4236.636689, "delta": 0.003741}}
{"target": -10.481795902976172, "params": {"colsample_bytree": 0.20371678123458184, "eta": 0.08630952287049107, "gamma": 892.2779172017126, "max_depth": 4.0, "min_child_weight": 4235.045855331433, "num_boost_round": 23.0, "subsample": 0.5660694997322259}, "datetime": {"datetime": "2024-01-20 14:35:44", "elapsed": 4236.640405, "delta": 0.003716}}
{"target": -10.481772383102086, "params": {"colsample_bytree": 0.20371678123458184, "eta": 0.08630952287049107, "gamma": 892.2779172017126, "max_depth": 4.0, "min_child_weight": 4235.045855331433, "num_boost_round": 24.0, "subsample": 0.5660694997322259}, "datetime": {"datetime": "2024-01-20 14:35:44", "elapsed": 4236.644168, "delta": 0.003763}}
{"target": -10.481832570030065, "params": {"colsample_bytree": 0.20371678123458184, "eta": 0.08630952287049107, "gamma": 892.2779172017126, "max_depth": 4.0, "min_child_weight": 4235.045855331433, "num_boost_round": 25.0, "subsample": 0.5660694997322259}, "datetime": {"datetime": "2024-01-20 14:35:44", "elapsed": 4236.647901, "delta": 0.003733}}
{"target": -10.482245331082778, "params": {"colsample_bytree": 0.20371678123458184, "eta": 0.08630952287049107, "gamma": 892.2779172017126, "max_depth": 4.0, "min_child_weight": 4235.045855331433, "num_boost_round": 26.0, "subsample": 0.5660694997322259}, "datetime": {"datetime": "2024-01-20 14:35:44", "elapsed": 4236.651641, "delta": 0.00374}}
{"target": -10.482741270603233, "params": {"colsample_bytree": 0.20371678123458184, "eta": 0.08630952287049107, "gamma": 892.2779172017126, "max_depth": 4.0, "min_child_weight": 4235.045855331433, "num_boost_round": 27.0, "subsample": 0.5660694997322259}, "datetime": {"datetime": "2024-01-20 14:35:44", "elapsed": 4236.655464, "delta": 0.003823}}
{"target": -10.482592231825688, "params": {"colsample_bytree": 0.20371678123458184, "eta": 0.08630952287049107, "gamma": 892.2779172017126, "max_depth": 4.0, "min_child_weight": 4235.045855331433, "num_boost_round": 28.0, "subsample": 0.5660694997322259}, "datetime": {"datetime": "2024-01-20 14:35:44", "elapsed": 4236.659174, "delta": 0.00371}}
{"target": -10.482752664588881, "params": {"colsample_bytree": 0.20371678123458184, "eta": 0.08630952287049107, "gamma": 892.2779172017126, "max_depth": 4.0, "min_child_weight": 4235.045855331433, "num_boost_round": 29.0, "subsample": 0.5660694997322259}, "datetime": {"datetime": "2024-01-20 14:35:44", "elapsed": 4236.662899, "delta": 0.003725}}
{"target": -10.48293754685091, "params": {"colsample_bytree": 0.20371678123458184, "eta": 0.08630952287049107, "gamma": 892.2779172017126, "max_depth": 4.0, "min_child_weight": 4235.045855331433, "num_boost_round": 30.0, "subsample": 0.5660694997322259}, "datetime": {"datetime": "2024-01-20 14:35:44", "elapsed": 4236.666654, "delta": 0.003755}}
{"target": -10.483069335608793, "params": {"colsample_bytree": 0.20371678123458184, "eta": 0.08630952287049107, "gamma": 892.2779172017126, "max_depth": 4.0, "min_child_weight": 4235.045855331433, "num_boost_round": 31.0, "subsample": 0.5660694997322259}, "datetime": {"datetime": "2024-01-20 14:35:44", "elapsed": 4236.670374, "delta": 0.00372}}
{"target": -10.474894522450615, "params": {"colsample_bytree": 0.7747032095125032, "eta": 0.09245191291284316, "gamma": 872.6383227331544, "max_depth": 7.0, "min_child_weight": 4324.882284833213, "num_boost_round": 1.0, "subsample": 0.2444136281743421}, "datetime": {"datetime": "2024-01-20 14:37:09", "elapsed": 4321.815751, "delta": 85.145377}}
{"target": -10.474227440539678, "params": {"colsample_bytree": 0.7747032095125032, "eta": 0.09245191291284316, "gamma": 872.6383227331544, "max_depth": 7.0, "min_child_weight": 4324.882284833213, "num_boost_round": 2.0, "subsample": 0.2444136281743421}, "datetime": {"datetime": "2024-01-20 14:37:09", "elapsed": 4321.822773, "delta": 0.007022}}
{"target": -10.474208082009518, "params": {"colsample_bytree": 0.7747032095125032, "eta": 0.09245191291284316, "gamma": 872.6383227331544, "max_depth": 7.0, "min_child_weight": 4324.882284833213, "num_boost_round": 3.0, "subsample": 0.2444136281743421}, "datetime": {"datetime": "2024-01-20 14:37:09", "elapsed": 4321.826984, "delta": 0.004211}}
{"target": -10.47401513080441, "params": {"colsample_bytree": 0.7747032095125032, "eta": 0.09245191291284316, "gamma": 872.6383227331544, "max_depth": 7.0, "min_child_weight": 4324.882284833213, "num_boost_round": 4.0, "subsample": 0.2444136281743421}, "datetime": {"datetime": "2024-01-20 14:37:09", "elapsed": 4321.830947, "delta": 0.003963}}
{"target": -10.47395225529274, "params": {"colsample_bytree": 0.7747032095125032, "eta": 0.09245191291284316, "gamma": 872.6383227331544, "max_depth": 7.0, "min_child_weight": 4324.882284833213, "num_boost_round": 5.0, "subsample": 0.2444136281743421}, "datetime": {"datetime": "2024-01-20 14:37:09", "elapsed": 4321.834769, "delta": 0.003822}}
{"target": -10.473778482246995, "params": {"colsample_bytree": 0.7747032095125032, "eta": 0.09245191291284316, "gamma": 872.6383227331544, "max_depth": 7.0, "min_child_weight": 4324.882284833213, "num_boost_round": 6.0, "subsample": 0.2444136281743421}, "datetime": {"datetime": "2024-01-20 14:37:09", "elapsed": 4321.838686, "delta": 0.003917}}
{"target": -10.473878247550992, "params": {"colsample_bytree": 0.7747032095125032, "eta": 0.09245191291284316, "gamma": 872.6383227331544, "max_depth": 7.0, "min_child_weight": 4324.882284833213, "num_boost_round": 7.0, "subsample": 0.2444136281743421}, "datetime": {"datetime": "2024-01-20 14:37:09", "elapsed": 4321.842465, "delta": 0.003779}}
{"target": -10.474060440832694, "params": {"colsample_bytree": 0.7747032095125032, "eta": 0.09245191291284316, "gamma": 872.6383227331544, "max_depth": 7.0, "min_child_weight": 4324.882284833213, "num_boost_round": 8.0, "subsample": 0.2444136281743421}, "datetime": {"datetime": "2024-01-20 14:37:09", "elapsed": 4321.846246, "delta": 0.003781}}
{"target": -10.474331997319915, "params": {"colsample_bytree": 0.7747032095125032, "eta": 0.09245191291284316, "gamma": 872.6383227331544, "max_depth": 7.0, "min_child_weight": 4324.882284833213, "num_boost_round": 9.0, "subsample": 0.2444136281743421}, "datetime": {"datetime": "2024-01-20 14:37:09", "elapsed": 4321.85008, "delta": 0.003834}}
{"target": -10.474358860533062, "params": {"colsample_bytree": 0.7747032095125032, "eta": 0.09245191291284316, "gamma": 872.6383227331544, "max_depth": 7.0, "min_child_weight": 4324.882284833213, "num_boost_round": 10.0, "subsample": 0.2444136281743421}, "datetime": {"datetime": "2024-01-20 14:37:09", "elapsed": 4321.853988, "delta": 0.003908}}
{"target": -10.47466691383742, "params": {"colsample_bytree": 0.7747032095125032, "eta": 0.09245191291284316, "gamma": 872.6383227331544, "max_depth": 7.0, "min_child_weight": 4324.882284833213, "num_boost_round": 11.0, "subsample": 0.2444136281743421}, "datetime": {"datetime": "2024-01-20 14:37:09", "elapsed": 4321.857996, "delta": 0.004008}}
{"target": -10.475150059771273, "params": {"colsample_bytree": 0.7747032095125032, "eta": 0.09245191291284316, "gamma": 872.6383227331544, "max_depth": 7.0, "min_child_weight": 4324.882284833213, "num_boost_round": 12.0, "subsample": 0.2444136281743421}, "datetime": {"datetime": "2024-01-20 14:37:09", "elapsed": 4321.861984, "delta": 0.003988}}
{"target": -10.475545057175825, "params": {"colsample_bytree": 0.7747032095125032, "eta": 0.09245191291284316, "gamma": 872.6383227331544, "max_depth": 7.0, "min_child_weight": 4324.882284833213, "num_boost_round": 13.0, "subsample": 0.2444136281743421}, "datetime": {"datetime": "2024-01-20 14:37:09", "elapsed": 4321.865874, "delta": 0.00389}}
{"target": -10.475753568874984, "params": {"colsample_bytree": 0.7747032095125032, "eta": 0.09245191291284316, "gamma": 872.6383227331544, "max_depth": 7.0, "min_child_weight": 4324.882284833213, "num_boost_round": 14.0, "subsample": 0.2444136281743421}, "datetime": {"datetime": "2024-01-20 14:37:09", "elapsed": 4321.869847, "delta": 0.003973}}
{"target": -10.475896179925101, "params": {"colsample_bytree": 0.7747032095125032, "eta": 0.09245191291284316, "gamma": 872.6383227331544, "max_depth": 7.0, "min_child_weight": 4324.882284833213, "num_boost_round": 15.0, "subsample": 0.2444136281743421}, "datetime": {"datetime": "2024-01-20 14:37:09", "elapsed": 4321.873703, "delta": 0.003856}}
{"target": -10.475949983636298, "params": {"colsample_bytree": 0.7747032095125032, "eta": 0.09245191291284316, "gamma": 872.6383227331544, "max_depth": 7.0, "min_child_weight": 4324.882284833213, "num_boost_round": 16.0, "subsample": 0.2444136281743421}, "datetime": {"datetime": "2024-01-20 14:37:09", "elapsed": 4321.877694, "delta": 0.003991}}
{"target": -10.476401347238589, "params": {"colsample_bytree": 0.7747032095125032, "eta": 0.09245191291284316, "gamma": 872.6383227331544, "max_depth": 7.0, "min_child_weight": 4324.882284833213, "num_boost_round": 17.0, "subsample": 0.2444136281743421}, "datetime": {"datetime": "2024-01-20 14:37:09", "elapsed": 4321.881527, "delta": 0.003833}}
{"target": -10.4768874408975, "params": {"colsample_bytree": 0.7747032095125032, "eta": 0.09245191291284316, "gamma": 872.6383227331544, "max_depth": 7.0, "min_child_weight": 4324.882284833213, "num_boost_round": 18.0, "subsample": 0.2444136281743421}, "datetime": {"datetime": "2024-01-20 14:37:09", "elapsed": 4321.885334, "delta": 0.003807}}
{"target": -10.477219594964719, "params": {"colsample_bytree": 0.7747032095125032, "eta": 0.09245191291284316, "gamma": 872.6383227331544, "max_depth": 7.0, "min_child_weight": 4324.882284833213, "num_boost_round": 19.0, "subsample": 0.2444136281743421}, "datetime": {"datetime": "2024-01-20 14:37:09", "elapsed": 4321.889224, "delta": 0.00389}}
{"target": -10.477646876676882, "params": {"colsample_bytree": 0.7747032095125032, "eta": 0.09245191291284316, "gamma": 872.6383227331544, "max_depth": 7.0, "min_child_weight": 4324.882284833213, "num_boost_round": 20.0, "subsample": 0.2444136281743421}, "datetime": {"datetime": "2024-01-20 14:37:09", "elapsed": 4321.893233, "delta": 0.004009}}
{"target": -10.477945150291685, "params": {"colsample_bytree": 0.7747032095125032, "eta": 0.09245191291284316, "gamma": 872.6383227331544, "max_depth": 7.0, "min_child_weight": 4324.882284833213, "num_boost_round": 21.0, "subsample": 0.2444136281743421}, "datetime": {"datetime": "2024-01-20 14:37:09", "elapsed": 4321.897183, "delta": 0.00395}}
{"target": -10.478347271670621, "params": {"colsample_bytree": 0.7747032095125032, "eta": 0.09245191291284316, "gamma": 872.6383227331544, "max_depth": 7.0, "min_child_weight": 4324.882284833213, "num_boost_round": 22.0, "subsample": 0.2444136281743421}, "datetime": {"datetime": "2024-01-20 14:37:09", "elapsed": 4321.901039, "delta": 0.003856}}
{"target": -10.478360212149937, "params": {"colsample_bytree": 0.7747032095125032, "eta": 0.09245191291284316, "gamma": 872.6383227331544, "max_depth": 7.0, "min_child_weight": 4324.882284833213, "num_boost_round": 23.0, "subsample": 0.2444136281743421}, "datetime": {"datetime": "2024-01-20 14:37:09", "elapsed": 4321.904852, "delta": 0.003813}}
{"target": -10.478383730606843, "params": {"colsample_bytree": 0.7747032095125032, "eta": 0.09245191291284316, "gamma": 872.6383227331544, "max_depth": 7.0, "min_child_weight": 4324.882284833213, "num_boost_round": 24.0, "subsample": 0.2444136281743421}, "datetime": {"datetime": "2024-01-20 14:37:09", "elapsed": 4321.908794, "delta": 0.003942}}
{"target": -10.478706820156088, "params": {"colsample_bytree": 0.7747032095125032, "eta": 0.09245191291284316, "gamma": 872.6383227331544, "max_depth": 7.0, "min_child_weight": 4324.882284833213, "num_boost_round": 25.0, "subsample": 0.2444136281743421}, "datetime": {"datetime": "2024-01-20 14:37:09", "elapsed": 4321.912685, "delta": 0.003891}}
{"target": -10.479241725261886, "params": {"colsample_bytree": 0.7747032095125032, "eta": 0.09245191291284316, "gamma": 872.6383227331544, "max_depth": 7.0, "min_child_weight": 4324.882284833213, "num_boost_round": 26.0, "subsample": 0.2444136281743421}, "datetime": {"datetime": "2024-01-20 14:37:09", "elapsed": 4321.916546, "delta": 0.003861}}
{"target": -10.479437326139639, "params": {"colsample_bytree": 0.7747032095125032, "eta": 0.09245191291284316, "gamma": 872.6383227331544, "max_depth": 7.0, "min_child_weight": 4324.882284833213, "num_boost_round": 27.0, "subsample": 0.2444136281743421}, "datetime": {"datetime": "2024-01-20 14:37:09", "elapsed": 4321.920558, "delta": 0.004012}}
{"target": -10.479515165518457, "params": {"colsample_bytree": 0.7747032095125032, "eta": 0.09245191291284316, "gamma": 872.6383227331544, "max_depth": 7.0, "min_child_weight": 4324.882284833213, "num_boost_round": 28.0, "subsample": 0.2444136281743421}, "datetime": {"datetime": "2024-01-20 14:37:09", "elapsed": 4321.92439, "delta": 0.003832}}
{"target": -10.480025460766258, "params": {"colsample_bytree": 0.7747032095125032, "eta": 0.09245191291284316, "gamma": 872.6383227331544, "max_depth": 7.0, "min_child_weight": 4324.882284833213, "num_boost_round": 29.0, "subsample": 0.2444136281743421}, "datetime": {"datetime": "2024-01-20 14:37:09", "elapsed": 4321.928222, "delta": 0.003832}}
{"target": -10.480102193862844, "params": {"colsample_bytree": 0.7747032095125032, "eta": 0.09245191291284316, "gamma": 872.6383227331544, "max_depth": 7.0, "min_child_weight": 4324.882284833213, "num_boost_round": 30.0, "subsample": 0.2444136281743421}, "datetime": {"datetime": "2024-01-20 14:37:09", "elapsed": 4321.932112, "delta": 0.00389}}
{"target": -10.48052966893485, "params": {"colsample_bytree": 0.7747032095125032, "eta": 0.09245191291284316, "gamma": 872.6383227331544, "max_depth": 7.0, "min_child_weight": 4324.882284833213, "num_boost_round": 31.0, "subsample": 0.2444136281743421}, "datetime": {"datetime": "2024-01-20 14:37:09", "elapsed": 4321.935962, "delta": 0.00385}}
{"target": -10.480792679706493, "params": {"colsample_bytree": 0.7747032095125032, "eta": 0.09245191291284316, "gamma": 872.6383227331544, "max_depth": 7.0, "min_child_weight": 4324.882284833213, "num_boost_round": 32.0, "subsample": 0.2444136281743421}, "datetime": {"datetime": "2024-01-20 14:37:09", "elapsed": 4321.940104, "delta": 0.004142}}
{"target": -10.480870413641808, "params": {"colsample_bytree": 0.7747032095125032, "eta": 0.09245191291284316, "gamma": 872.6383227331544, "max_depth": 7.0, "min_child_weight": 4324.882284833213, "num_boost_round": 33.0, "subsample": 0.2444136281743421}, "datetime": {"datetime": "2024-01-20 14:37:09", "elapsed": 4321.943956, "delta": 0.003852}}
{"target": -10.481331602234011, "params": {"colsample_bytree": 0.7747032095125032, "eta": 0.09245191291284316, "gamma": 872.6383227331544, "max_depth": 7.0, "min_child_weight": 4324.882284833213, "num_boost_round": 34.0, "subsample": 0.2444136281743421}, "datetime": {"datetime": "2024-01-20 14:37:09", "elapsed": 4321.9478, "delta": 0.003844}}
{"target": -10.481553841301942, "params": {"colsample_bytree": 0.7747032095125032, "eta": 0.09245191291284316, "gamma": 872.6383227331544, "max_depth": 7.0, "min_child_weight": 4324.882284833213, "num_boost_round": 35.0, "subsample": 0.2444136281743421}, "datetime": {"datetime": "2024-01-20 14:37:09", "elapsed": 4321.952082, "delta": 0.004282}}
{"target": -10.481678187679188, "params": {"colsample_bytree": 0.7747032095125032, "eta": 0.09245191291284316, "gamma": 872.6383227331544, "max_depth": 7.0, "min_child_weight": 4324.882284833213, "num_boost_round": 36.0, "subsample": 0.2444136281743421}, "datetime": {"datetime": "2024-01-20 14:37:09", "elapsed": 4321.955961, "delta": 0.003879}}
{"target": -10.481769202191582, "params": {"colsample_bytree": 0.7747032095125032, "eta": 0.09245191291284316, "gamma": 872.6383227331544, "max_depth": 7.0, "min_child_weight": 4324.882284833213, "num_boost_round": 37.0, "subsample": 0.2444136281743421}, "datetime": {"datetime": "2024-01-20 14:37:09", "elapsed": 4321.960378, "delta": 0.004417}}
{"target": -10.48239392062944, "params": {"colsample_bytree": 0.7747032095125032, "eta": 0.09245191291284316, "gamma": 872.6383227331544, "max_depth": 7.0, "min_child_weight": 4324.882284833213, "num_boost_round": 38.0, "subsample": 0.2444136281743421}, "datetime": {"datetime": "2024-01-20 14:37:09", "elapsed": 4321.964348, "delta": 0.00397}}
{"target": -10.482916610477155, "params": {"colsample_bytree": 0.7747032095125032, "eta": 0.09245191291284316, "gamma": 872.6383227331544, "max_depth": 7.0, "min_child_weight": 4324.882284833213, "num_boost_round": 39.0, "subsample": 0.2444136281743421}, "datetime": {"datetime": "2024-01-20 14:37:09", "elapsed": 4321.96849, "delta": 0.004142}}
{"target": -10.482826107670064, "params": {"colsample_bytree": 0.7747032095125032, "eta": 0.09245191291284316, "gamma": 872.6383227331544, "max_depth": 7.0, "min_child_weight": 4324.882284833213, "num_boost_round": 40.0, "subsample": 0.2444136281743421}, "datetime": {"datetime": "2024-01-20 14:37:09", "elapsed": 4321.973013, "delta": 0.004523}}
{"target": -10.482848799002694, "params": {"colsample_bytree": 0.7747032095125032, "eta": 0.09245191291284316, "gamma": 872.6383227331544, "max_depth": 7.0, "min_child_weight": 4324.882284833213, "num_boost_round": 41.0, "subsample": 0.2444136281743421}, "datetime": {"datetime": "2024-01-20 14:37:09", "elapsed": 4321.977567, "delta": 0.004554}}
{"target": -10.483432023459617, "params": {"colsample_bytree": 0.7747032095125032, "eta": 0.09245191291284316, "gamma": 872.6383227331544, "max_depth": 7.0, "min_child_weight": 4324.882284833213, "num_boost_round": 42.0, "subsample": 0.2444136281743421}, "datetime": {"datetime": "2024-01-20 14:37:10", "elapsed": 4322.373454, "delta": 0.395887}}
{"target": -10.483508725570488, "params": {"colsample_bytree": 0.7747032095125032, "eta": 0.09245191291284316, "gamma": 872.6383227331544, "max_depth": 7.0, "min_child_weight": 4324.882284833213, "num_boost_round": 43.0, "subsample": 0.2444136281743421}, "datetime": {"datetime": "2024-01-20 14:37:10", "elapsed": 4322.378723, "delta": 0.005269}}
{"target": -10.483499905039011, "params": {"colsample_bytree": 0.7747032095125032, "eta": 0.09245191291284316, "gamma": 872.6383227331544, "max_depth": 7.0, "min_child_weight": 4324.882284833213, "num_boost_round": 44.0, "subsample": 0.2444136281743421}, "datetime": {"datetime": "2024-01-20 14:37:10", "elapsed": 4322.383076, "delta": 0.004353}}
{"target": -10.483664094086535, "params": {"colsample_bytree": 0.7747032095125032, "eta": 0.09245191291284316, "gamma": 872.6383227331544, "max_depth": 7.0, "min_child_weight": 4324.882284833213, "num_boost_round": 45.0, "subsample": 0.2444136281743421}, "datetime": {"datetime": "2024-01-20 14:37:10", "elapsed": 4322.387057, "delta": 0.003981}}
{"target": -10.48415872042272, "params": {"colsample_bytree": 0.7747032095125032, "eta": 0.09245191291284316, "gamma": 872.6383227331544, "max_depth": 7.0, "min_child_weight": 4324.882284833213, "num_boost_round": 46.0, "subsample": 0.2444136281743421}, "datetime": {"datetime": "2024-01-20 14:37:10", "elapsed": 4322.391011, "delta": 0.003954}}
