{"target": -13.496794967506913, "params": {"colsample_bytree": 0.502896317926326, "eta": 0.04977467545777071, "gamma": 646.9511731590387, "max_depth": 8.0, "min_child_weight": 4379.876336134047, "num_boost_round": 4.0, "subsample": 0.40673257629500226}, "datetime": {"datetime": "2024-01-20 14:53:48", "elapsed": 1782.369926, "delta": 0.002699}}
{"target": -13.496227120730854, "params": {"colsample_bytree": 0.502896317926326, "eta": 0.04977467545777071, "gamma": 646.9511731590387, "max_depth": 8.0, "min_child_weight": 4379.876336134047, "num_boost_round": 5.0, "subsample": 0.40673257629500226}, "datetime": {"datetime": "2024-01-20 14:53:48", "elapsed": 1782.372679, "delta": 0.002753}}
{"target": -13.496006066910152, "params": {"colsample_bytree": 0.502896317926326, "eta": 0.04977467545777071, "gamma": 646.9511731590387, "max_depth": 8.0, "min_child_weight": 4379.876336134047, "num_boost_round": 6.0, "subsample": 0.40673257629500226}, "datetime": {"datetime": "2024-01-20 14:53:48", "elapsed": 1782.375372, "delta": 0.002693}}
{"target": -13.495948818687506, "params": {"colsample_bytree": 0.502896317926326, "eta": 0.04977467545777071, "gamma": 646.9511731590387, "max_depth": 8.0, "min_child_weight": 4379.876336134047, "num_boost_round": 7.0, "subsample": 0.40673257629500226}, "datetime": {"datetime": "2024-01-20 14:53:48", "elapsed": 1782.378008, "delta": 0.002636}}
{"target": -13.495767973942868, "params": {"colsample_bytree": 0.502896317926326, "eta": 0.04977467545777071, "gamma": 646.9511731590387, "max_depth": 8.0, "min_child_weight": 4379.876336134047, "num_boost_round": 8.0, "subsample": 0.40673257629500226}, "datetime": {"datetime": "2024-01-20 14:53:48", "elapsed": 1782.380677, "delta": 0.002669}}
{"target": -13.495659577533143, "params": {"colsample_bytree": 0.502896317926326, "eta": 0.04977467545777071, "gamma": 646.9511731590387, "max_depth": 8.0, "min_child_weight": 4379.876336134047, "num_boost_round": 9.0, "subsample": 0.40673257629500226}, "datetime": {"datetime": "2024-01-20 14:53:48", "elapsed": 1782.383314, "delta": 0.002637}}
{"target": -13.495470433586604, "params": {"colsample_bytree": 0.502896317926326, "eta": 0.04977467545777071, "gamma": 646.9511731590387, "max_depth": 8.0, "min_child_weight": 4379.876336134047, "num_boost_round": 10.0, "subsample": 0.40673257629500226}, "datetime": {"datetime": "2024-01-20 14:53:48", "elapsed": 1782.385956, "delta": 0.002642}}
{"target": -13.495427392316724, "params": {"colsample_bytree": 0.502896317926326, "eta": 0.04977467545777071, "gamma": 646.9511731590387, "max_depth": 8.0, "min_child_weight": 4379.876336134047, "num_boost_round": 11.0, "subsample": 0.40673257629500226}, "datetime": {"datetime": "2024-01-20 14:53:48", "elapsed": 1782.388613, "delta": 0.002657}}
{"target": -13.495597208291471, "params": {"colsample_bytree": 0.502896317926326, "eta": 0.04977467545777071, "gamma": 646.9511731590387, "max_depth": 8.0, "min_child_weight": 4379.876336134047, "num_boost_round": 12.0, "subsample": 0.40673257629500226}, "datetime": {"datetime": "2024-01-20 14:53:48", "elapsed": 1782.39127, "delta": 0.002657}}
{"target": -13.49538308867275, "params": {"colsample_bytree": 0.502896317926326, "eta": 0.04977467545777071, "gamma": 646.9511731590387, "max_depth": 8.0, "min_child_weight": 4379.876336134047, "num_boost_round": 13.0, "subsample": 0.40673257629500226}, "datetime": {"datetime": "2024-01-20 14:53:48", "elapsed": 1782.394029, "delta": 0.002759}}
{"target": -13.495365509836056, "params": {"colsample_bytree": 0.502896317926326, "eta": 0.04977467545777071, "gamma": 646.9511731590387, "max_depth": 8.0, "min_child_weight": 4379.876336134047, "num_boost_round": 14.0, "subsample": 0.40673257629500226}, "datetime": {"datetime": "2024-01-20 14:53:48", "elapsed": 1782.396724, "delta": 0.002695}}
{"target": -13.495370084872544, "params": {"colsample_bytree": 0.502896317926326, "eta": 0.04977467545777071, "gamma": 646.9511731590387, "max_depth": 8.0, "min_child_weight": 4379.876336134047, "num_boost_round": 15.0, "subsample": 0.40673257629500226}, "datetime": {"datetime": "2024-01-20 14:53:48", "elapsed": 1782.399361, "delta": 0.002637}}
{"target": -13.495491102111089, "params": {"colsample_bytree": 0.502896317926326, "eta": 0.04977467545777071, "gamma": 646.9511731590387, "max_depth": 8.0, "min_child_weight": 4379.876336134047, "num_boost_round": 16.0, "subsample": 0.40673257629500226}, "datetime": {"datetime": "2024-01-20 14:53:48", "elapsed": 1782.402036, "delta": 0.002675}}
{"target": -13.495654493660945, "params": {"colsample_bytree": 0.502896317926326, "eta": 0.04977467545777071, "gamma": 646.9511731590387, "max_depth": 8.0, "min_child_weight": 4379.876336134047, "num_boost_round": 17.0, "subsample": 0.40673257629500226}, "datetime": {"datetime": "2024-01-20 14:53:48", "elapsed": 1782.404674, "delta": 0.002638}}
{"target": -13.495602999747282, "params": {"colsample_bytree": 0.502896317926326, "eta": 0.04977467545777071, "gamma": 646.9511731590387, "max_depth": 8.0, "min_child_weight": 4379.876336134047, "num_boost_round": 18.0, "subsample": 0.40673257629500226}, "datetime": {"datetime": "2024-01-20 14:53:48", "elapsed": 1782.407311, "delta": 0.002637}}
{"target": -13.495733602503913, "params": {"colsample_bytree": 0.502896317926326, "eta": 0.04977467545777071, "gamma": 646.9511731590387, "max_depth": 8.0, "min_child_weight": 4379.876336134047, "num_boost_round": 19.0, "subsample": 0.40673257629500226}, "datetime": {"datetime": "2024-01-20 14:53:48", "elapsed": 1782.409946, "delta": 0.002635}}
{"target": -13.495713452974012, "params": {"colsample_bytree": 0.502896317926326, "eta": 0.04977467545777071, "gamma": 646.9511731590387, "max_depth": 8.0, "min_child_weight": 4379.876336134047, "num_boost_round": 20.0, "subsample": 0.40673257629500226}, "datetime": {"datetime": "2024-01-20 14:53:48", "elapsed": 1782.412773, "delta": 0.002827}}
{"target": -13.49591186249046, "params": {"colsample_bytree": 0.502896317926326, "eta": 0.04977467545777071, "gamma": 646.9511731590387, "max_depth": 8.0, "min_child_weight": 4379.876336134047, "num_boost_round": 21.0, "subsample": 0.40673257629500226}, "datetime": {"datetime": "2024-01-20 14:53:48", "elapsed": 1782.415489, "delta": 0.002716}}
{"target": -13.496006513000584, "params": {"colsample_bytree": 0.502896317926326, "eta": 0.04977467545777071, "gamma": 646.9511731590387, "max_depth": 8.0, "min_child_weight": 4379.876336134047, "num_boost_round": 22.0, "subsample": 0.40673257629500226}, "datetime": {"datetime": "2024-01-20 14:53:48", "elapsed": 1782.418274, "delta": 0.002785}}
{"target": -13.496185907168735, "params": {"colsample_bytree": 0.502896317926326, "eta": 0.04977467545777071, "gamma": 646.9511731590387, "max_depth": 8.0, "min_child_weight": 4379.876336134047, "num_boost_round": 23.0, "subsample": 0.40673257629500226}, "datetime": {"datetime": "2024-01-20 14:53:48", "elapsed": 1782.42149, "delta": 0.003216}}
{"target": -13.496314110035074, "params": {"colsample_bytree": 0.502896317926326, "eta": 0.04977467545777071, "gamma": 646.9511731590387, "max_depth": 8.0, "min_child_weight": 4379.876336134047, "num_boost_round": 24.0, "subsample": 0.40673257629500226}, "datetime": {"datetime": "2024-01-20 14:53:48", "elapsed": 1782.424149, "delta": 0.002659}}
{"target": -13.496205785701438, "params": {"colsample_bytree": 0.502896317926326, "eta": 0.04977467545777071, "gamma": 646.9511731590387, "max_depth": 8.0, "min_child_weight": 4379.876336134047, "num_boost_round": 25.0, "subsample": 0.40673257629500226}, "datetime": {"datetime": "2024-01-20 14:53:48", "elapsed": 1782.426819, "delta": 0.00267}}
{"target": -13.49620758705382, "params": {"colsample_bytree": 0.502896317926326, "eta": 0.04977467545777071, "gamma": 646.9511731590387, "max_depth": 8.0, "min_child_weight": 4379.876336134047, "num_boost_round": 26.0, "subsample": 0.40673257629500226}, "datetime": {"datetime": "2024-01-20 14:53:48", "elapsed": 1782.429466, "delta": 0.002647}}
{"target": -13.496486969631029, "params": {"colsample_bytree": 0.502896317926326, "eta": 0.04977467545777071, "gamma": 646.9511731590387, "max_depth": 8.0, "min_child_weight": 4379.876336134047, "num_boost_round": 27.0, "subsample": 0.40673257629500226}, "datetime": {"datetime": "2024-01-20 14:53:48", "elapsed": 1782.432129, "delta": 0.002663}}
{"target": -13.496339600426154, "params": {"colsample_bytree": 0.502896317926326, "eta": 0.04977467545777071, "gamma": 646.9511731590387, "max_depth": 8.0, "min_child_weight": 4379.876336134047, "num_boost_round": 28.0, "subsample": 0.40673257629500226}, "datetime": {"datetime": "2024-01-20 14:53:48", "elapsed": 1782.434861, "delta": 0.002732}}
{"target": -13.496630476082016, "params": {"colsample_bytree": 0.502896317926326, "eta": 0.04977467545777071, "gamma": 646.9511731590387, "max_depth": 8.0, "min_child_weight": 4379.876336134047, "num_boost_round": 29.0, "subsample": 0.40673257629500226}, "datetime": {"datetime": "2024-01-20 14:53:48", "elapsed": 1782.437565, "delta": 0.002704}}
{"target": -13.496489920335279, "params": {"colsample_bytree": 0.502896317926326, "eta": 0.04977467545777071, "gamma": 646.9511731590387, "max_depth": 8.0, "min_child_weight": 4379.876336134047, "num_boost_round": 30.0, "subsample": 0.40673257629500226}, "datetime": {"datetime": "2024-01-20 14:53:48", "elapsed": 1782.440255, "delta": 0.00269}}
{"target": -13.496626884087625, "params": {"colsample_bytree": 0.502896317926326, "eta": 0.04977467545777071, "gamma": 646.9511731590387, "max_depth": 8.0, "min_child_weight": 4379.876336134047, "num_boost_round": 31.0, "subsample": 0.40673257629500226}, "datetime": {"datetime": "2024-01-20 14:53:49", "elapsed": 1782.442917, "delta": 0.002662}}
{"target": -13.496668778826216, "params": {"colsample_bytree": 0.502896317926326, "eta": 0.04977467545777071, "gamma": 646.9511731590387, "max_depth": 8.0, "min_child_weight": 4379.876336134047, "num_boost_round": 32.0, "subsample": 0.40673257629500226}, "datetime": {"datetime": "2024-01-20 14:53:49", "elapsed": 1782.445665, "delta": 0.002748}}
{"target": -13.496785560892715, "params": {"colsample_bytree": 0.502896317926326, "eta": 0.04977467545777071, "gamma": 646.9511731590387, "max_depth": 8.0, "min_child_weight": 4379.876336134047, "num_boost_round": 33.0, "subsample": 0.40673257629500226}, "datetime": {"datetime": "2024-01-20 14:53:49", "elapsed": 1782.44836, "delta": 0.002695}}
{"target": -13.49677986689355, "params": {"colsample_bytree": 0.502896317926326, "eta": 0.04977467545777071, "gamma": 646.9511731590387, "max_depth": 8.0, "min_child_weight": 4379.876336134047, "num_boost_round": 34.0, "subsample": 0.40673257629500226}, "datetime": {"datetime": "2024-01-20 14:53:49", "elapsed": 1782.451049, "delta": 0.002689}}
{"target": -13.496930153554569, "params": {"colsample_bytree": 0.502896317926326, "eta": 0.04977467545777071, "gamma": 646.9511731590387, "max_depth": 8.0, "min_child_weight": 4379.876336134047, "num_boost_round": 35.0, "subsample": 0.40673257629500226}, "datetime": {"datetime": "2024-01-20 14:53:49", "elapsed": 1782.453751, "delta": 0.002702}}
{"target": -13.497079507738993, "params": {"colsample_bytree": 0.502896317926326, "eta": 0.04977467545777071, "gamma": 646.9511731590387, "max_depth": 8.0, "min_child_weight": 4379.876336134047, "num_boost_round": 36.0, "subsample": 0.40673257629500226}, "datetime": {"datetime": "2024-01-20 14:53:49", "elapsed": 1782.456453, "delta": 0.002702}}
{"target": -13.497153691019054, "params": {"colsample_bytree": 0.502896317926326, "eta": 0.04977467545777071, "gamma": 646.9511731590387, "max_depth": 8.0, "min_child_weight": 4379.876336134047, "num_boost_round": 37.0, "subsample": 0.40673257629500226}, "datetime": {"datetime": "2024-01-20 14:53:49", "elapsed": 1782.459159, "delta": 0.002706}}
{"target": -13.497215985874664, "params": {"colsample_bytree": 0.502896317926326, "eta": 0.04977467545777071, "gamma": 646.9511731590387, "max_depth": 8.0, "min_child_weight": 4379.876336134047, "num_boost_round": 38.0, "subsample": 0.40673257629500226}, "datetime": {"datetime": "2024-01-20 14:53:49", "elapsed": 1782.461853, "delta": 0.002694}}
{"target": -13.497333772428181, "params": {"colsample_bytree": 0.502896317926326, "eta": 0.04977467545777071, "gamma": 646.9511731590387, "max_depth": 8.0, "min_child_weight": 4379.876336134047, "num_boost_round": 39.0, "subsample": 0.40673257629500226}, "datetime": {"datetime": "2024-01-20 14:53:49", "elapsed": 1782.464576, "delta": 0.002723}}
{"target": -13.497297305404402, "params": {"colsample_bytree": 0.502896317926326, "eta": 0.04977467545777071, "gamma": 646.9511731590387, "max_depth": 8.0, "min_child_weight": 4379.876336134047, "num_boost_round": 40.0, "subsample": 0.40673257629500226}, "datetime": {"datetime": "2024-01-20 14:53:49", "elapsed": 1782.467276, "delta": 0.0027}}
{"target": -13.497142480316217, "params": {"colsample_bytree": 0.502896317926326, "eta": 0.04977467545777071, "gamma": 646.9511731590387, "max_depth": 8.0, "min_child_weight": 4379.876336134047, "num_boost_round": 41.0, "subsample": 0.40673257629500226}, "datetime": {"datetime": "2024-01-20 14:53:49", "elapsed": 1782.469985, "delta": 0.002709}}
{"target": -13.49727678307626, "params": {"colsample_bytree": 0.502896317926326, "eta": 0.04977467545777071, "gamma": 646.9511731590387, "max_depth": 8.0, "min_child_weight": 4379.876336134047, "num_boost_round": 42.0, "subsample": 0.40673257629500226}, "datetime": {"datetime": "2024-01-20 14:53:49", "elapsed": 1782.472685, "delta": 0.0027}}
{"target": -13.49740594190059, "params": {"colsample_bytree": 0.502896317926326, "eta": 0.04977467545777071, "gamma": 646.9511731590387, "max_depth": 8.0, "min_child_weight": 4379.876336134047, "num_boost_round": 43.0, "subsample": 0.40673257629500226}, "datetime": {"datetime": "2024-01-20 14:53:49", "elapsed": 1782.475388, "delta": 0.002703}}
{"target": -13.497426959944537, "params": {"colsample_bytree": 0.502896317926326, "eta": 0.04977467545777071, "gamma": 646.9511731590387, "max_depth": 8.0, "min_child_weight": 4379.876336134047, "num_boost_round": 44.0, "subsample": 0.40673257629500226}, "datetime": {"datetime": "2024-01-20 14:53:49", "elapsed": 1782.478116, "delta": 0.002728}}
{"target": -13.497549061154055, "params": {"colsample_bytree": 0.502896317926326, "eta": 0.04977467545777071, "gamma": 646.9511731590387, "max_depth": 8.0, "min_child_weight": 4379.876336134047, "num_boost_round": 45.0, "subsample": 0.40673257629500226}, "datetime": {"datetime": "2024-01-20 14:53:49", "elapsed": 1782.480791, "delta": 0.002675}}
{"target": -13.49760893264418, "params": {"colsample_bytree": 0.502896317926326, "eta": 0.04977467545777071, "gamma": 646.9511731590387, "max_depth": 8.0, "min_child_weight": 4379.876336134047, "num_boost_round": 46.0, "subsample": 0.40673257629500226}, "datetime": {"datetime": "2024-01-20 14:53:49", "elapsed": 1782.483481, "delta": 0.00269}}
{"target": -13.497682925128064, "params": {"colsample_bytree": 0.502896317926326, "eta": 0.04977467545777071, "gamma": 646.9511731590387, "max_depth": 8.0, "min_child_weight": 4379.876336134047, "num_boost_round": 47.0, "subsample": 0.40673257629500226}, "datetime": {"datetime": "2024-01-20 14:53:49", "elapsed": 1782.486664, "delta": 0.003183}}
{"target": -13.497850119983571, "params": {"colsample_bytree": 0.502896317926326, "eta": 0.04977467545777071, "gamma": 646.9511731590387, "max_depth": 8.0, "min_child_weight": 4379.876336134047, "num_boost_round": 48.0, "subsample": 0.40673257629500226}, "datetime": {"datetime": "2024-01-20 14:53:49", "elapsed": 1782.490657, "delta": 0.003993}}
{"target": -13.498068189725, "params": {"colsample_bytree": 0.502896317926326, "eta": 0.04977467545777071, "gamma": 646.9511731590387, "max_depth": 8.0, "min_child_weight": 4379.876336134047, "num_boost_round": 49.0, "subsample": 0.40673257629500226}, "datetime": {"datetime": "2024-01-20 14:53:49", "elapsed": 1782.493568, "delta": 0.002911}}
{"target": -13.498238735936237, "params": {"colsample_bytree": 0.502896317926326, "eta": 0.04977467545777071, "gamma": 646.9511731590387, "max_depth": 8.0, "min_child_weight": 4379.876336134047, "num_boost_round": 50.0, "subsample": 0.40673257629500226}, "datetime": {"datetime": "2024-01-20 14:53:49", "elapsed": 1782.496473, "delta": 0.002905}}
{"target": -13.49833080253402, "params": {"colsample_bytree": 0.502896317926326, "eta": 0.04977467545777071, "gamma": 646.9511731590387, "max_depth": 8.0, "min_child_weight": 4379.876336134047, "num_boost_round": 51.0, "subsample": 0.40673257629500226}, "datetime": {"datetime": "2024-01-20 14:53:49", "elapsed": 1782.499332, "delta": 0.002859}}
{"target": -13.498350700883606, "params": {"colsample_bytree": 0.502896317926326, "eta": 0.04977467545777071, "gamma": 646.9511731590387, "max_depth": 8.0, "min_child_weight": 4379.876336134047, "num_boost_round": 52.0, "subsample": 0.40673257629500226}, "datetime": {"datetime": "2024-01-20 14:53:49", "elapsed": 1782.502063, "delta": 0.002731}}
{"target": -13.49835569616188, "params": {"colsample_bytree": 0.502896317926326, "eta": 0.04977467545777071, "gamma": 646.9511731590387, "max_depth": 8.0, "min_child_weight": 4379.876336134047, "num_boost_round": 53.0, "subsample": 0.40673257629500226}, "datetime": {"datetime": "2024-01-20 14:53:49", "elapsed": 1782.504763, "delta": 0.0027}}
{"target": -13.498512834328393, "params": {"colsample_bytree": 0.502896317926326, "eta": 0.04977467545777071, "gamma": 646.9511731590387, "max_depth": 8.0, "min_child_weight": 4379.876336134047, "num_boost_round": 54.0, "subsample": 0.40673257629500226}, "datetime": {"datetime": "2024-01-20 14:53:49", "elapsed": 1782.507412, "delta": 0.002649}}
{"target": -13.49856244368581, "params": {"colsample_bytree": 0.502896317926326, "eta": 0.04977467545777071, "gamma": 646.9511731590387, "max_depth": 8.0, "min_child_weight": 4379.876336134047, "num_boost_round": 55.0, "subsample": 0.40673257629500226}, "datetime": {"datetime": "2024-01-20 14:53:49", "elapsed": 1782.510067, "delta": 0.002655}}
{"target": -13.498663160310855, "params": {"colsample_bytree": 0.502896317926326, "eta": 0.04977467545777071, "gamma": 646.9511731590387, "max_depth": 8.0, "min_child_weight": 4379.876336134047, "num_boost_round": 56.0, "subsample": 0.40673257629500226}, "datetime": {"datetime": "2024-01-20 14:53:49", "elapsed": 1782.513058, "delta": 0.002991}}
{"target": -13.498734196674567, "params": {"colsample_bytree": 0.502896317926326, "eta": 0.04977467545777071, "gamma": 646.9511731590387, "max_depth": 8.0, "min_child_weight": 4379.876336134047, "num_boost_round": 57.0, "subsample": 0.40673257629500226}, "datetime": {"datetime": "2024-01-20 14:53:49", "elapsed": 1782.516914, "delta": 0.003856}}
{"target": -13.498918406973484, "params": {"colsample_bytree": 0.502896317926326, "eta": 0.04977467545777071, "gamma": 646.9511731590387, "max_depth": 8.0, "min_child_weight": 4379.876336134047, "num_boost_round": 58.0, "subsample": 0.40673257629500226}, "datetime": {"datetime": "2024-01-20 14:53:49", "elapsed": 1782.520367, "delta": 0.003453}}
{"target": -13.499029858100325, "params": {"colsample_bytree": 0.502896317926326, "eta": 0.04977467545777071, "gamma": 646.9511731590387, "max_depth": 8.0, "min_child_weight": 4379.876336134047, "num_boost_round": 59.0, "subsample": 0.40673257629500226}, "datetime": {"datetime": "2024-01-20 14:53:49", "elapsed": 1782.523644, "delta": 0.003277}}
{"target": -13.499240717590062, "params": {"colsample_bytree": 0.502896317926326, "eta": 0.04977467545777071, "gamma": 646.9511731590387, "max_depth": 8.0, "min_child_weight": 4379.876336134047, "num_boost_round": 60.0, "subsample": 0.40673257629500226}, "datetime": {"datetime": "2024-01-20 14:53:49", "elapsed": 1782.527258, "delta": 0.003614}}
{"target": -13.499217424371277, "params": {"colsample_bytree": 0.502896317926326, "eta": 0.04977467545777071, "gamma": 646.9511731590387, "max_depth": 8.0, "min_child_weight": 4379.876336134047, "num_boost_round": 61.0, "subsample": 0.40673257629500226}, "datetime": {"datetime": "2024-01-20 14:53:49", "elapsed": 1782.530834, "delta": 0.003576}}
{"target": -13.499303626992344, "params": {"colsample_bytree": 0.502896317926326, "eta": 0.04977467545777071, "gamma": 646.9511731590387, "max_depth": 8.0, "min_child_weight": 4379.876336134047, "num_boost_round": 62.0, "subsample": 0.40673257629500226}, "datetime": {"datetime": "2024-01-20 14:53:49", "elapsed": 1782.533879, "delta": 0.003045}}
{"target": -13.499367542831452, "params": {"colsample_bytree": 0.502896317926326, "eta": 0.04977467545777071, "gamma": 646.9511731590387, "max_depth": 8.0, "min_child_weight": 4379.876336134047, "num_boost_round": 63.0, "subsample": 0.40673257629500226}, "datetime": {"datetime": "2024-01-20 14:53:49", "elapsed": 1782.536607, "delta": 0.002728}}
{"target": -13.499561858272433, "params": {"colsample_bytree": 0.502896317926326, "eta": 0.04977467545777071, "gamma": 646.9511731590387, "max_depth": 8.0, "min_child_weight": 4379.876336134047, "num_boost_round": 64.0, "subsample": 0.40673257629500226}, "datetime": {"datetime": "2024-01-20 14:53:49", "elapsed": 1782.539412, "delta": 0.002805}}
{"target": -13.499618650122974, "params": {"colsample_bytree": 0.502896317926326, "eta": 0.04977467545777071, "gamma": 646.9511731590387, "max_depth": 8.0, "min_child_weight": 4379.876336134047, "num_boost_round": 65.0, "subsample": 0.40673257629500226}, "datetime": {"datetime": "2024-01-20 14:53:49", "elapsed": 1782.542117, "delta": 0.002705}}
{"target": -13.499478522597418, "params": {"colsample_bytree": 0.502896317926326, "eta": 0.04977467545777071, "gamma": 646.9511731590387, "max_depth": 8.0, "min_child_weight": 4379.876336134047, "num_boost_round": 66.0, "subsample": 0.40673257629500226}, "datetime": {"datetime": "2024-01-20 14:53:49", "elapsed": 1782.544878, "delta": 0.002761}}
