{"target": -10.305557881820771, "params": {"colsample_bytree": 0.29484845425864303, "eta": 0.07497069099737798, "gamma": 477.4668223086993, "max_depth": 9.0, "min_child_weight": 4165.256496001434, "num_boost_round": 24.0, "subsample": 0.6995841449285765}, "datetime": {"datetime": "2024-01-20 13:25:39", "elapsed": 237.715903, "delta": 0.000383}}
{"target": -10.305897945618966, "params": {"colsample_bytree": 0.29484845425864303, "eta": 0.07497069099737798, "gamma": 477.4668223086993, "max_depth": 9.0, "min_child_weight": 4165.256496001434, "num_boost_round": 25.0, "subsample": 0.6995841449285765}, "datetime": {"datetime": "2024-01-20 13:25:39", "elapsed": 237.716288, "delta": 0.000385}}
{"target": -10.306267472686486, "params": {"colsample_bytree": 0.29484845425864303, "eta": 0.07497069099737798, "gamma": 477.4668223086993, "max_depth": 9.0, "min_child_weight": 4165.256496001434, "num_boost_round": 26.0, "subsample": 0.6995841449285765}, "datetime": {"datetime": "2024-01-20 13:25:39", "elapsed": 237.716676, "delta": 0.000388}}
{"target": -10.306474240366583, "params": {"colsample_bytree": 0.29484845425864303, "eta": 0.07497069099737798, "gamma": 477.4668223086993, "max_depth": 9.0, "min_child_weight": 4165.256496001434, "num_boost_round": 27.0, "subsample": 0.6995841449285765}, "datetime": {"datetime": "2024-01-20 13:25:39", "elapsed": 237.717067, "delta": 0.000391}}
{"target": -10.306703085646305, "params": {"colsample_bytree": 0.29484845425864303, "eta": 0.07497069099737798, "gamma": 477.4668223086993, "max_depth": 9.0, "min_child_weight": 4165.256496001434, "num_boost_round": 28.0, "subsample": 0.6995841449285765}, "datetime": {"datetime": "2024-01-20 13:25:39", "elapsed": 237.71746, "delta": 0.000393}}
{"target": -10.307119644228008, "params": {"colsample_bytree": 0.29484845425864303, "eta": 0.07497069099737798, "gamma": 477.4668223086993, "max_depth": 9.0, "min_child_weight": 4165.256496001434, "num_boost_round": 29.0, "subsample": 0.6995841449285765}, "datetime": {"datetime": "2024-01-20 13:25:39", "elapsed": 237.717839, "delta": 0.000379}}
{"target": -10.307276264207797, "params": {"colsample_bytree": 0.29484845425864303, "eta": 0.07497069099737798, "gamma": 477.4668223086993, "max_depth": 9.0, "min_child_weight": 4165.256496001434, "num_boost_round": 30.0, "subsample": 0.6995841449285765}, "datetime": {"datetime": "2024-01-20 13:25:39", "elapsed": 237.718229, "delta": 0.00039}}
{"target": -10.307361236360247, "params": {"colsample_bytree": 0.29484845425864303, "eta": 0.07497069099737798, "gamma": 477.4668223086993, "max_depth": 9.0, "min_child_weight": 4165.256496001434, "num_boost_round": 31.0, "subsample": 0.6995841449285765}, "datetime": {"datetime": "2024-01-20 13:25:39", "elapsed": 237.718795, "delta": 0.000566}}
{"target": -10.307617960482256, "params": {"colsample_bytree": 0.29484845425864303, "eta": 0.07497069099737798, "gamma": 477.4668223086993, "max_depth": 9.0, "min_child_weight": 4165.256496001434, "num_boost_round": 32.0, "subsample": 0.6995841449285765}, "datetime": {"datetime": "2024-01-20 13:25:39", "elapsed": 237.719189, "delta": 0.000394}}
{"target": -10.307991339458372, "params": {"colsample_bytree": 0.29484845425864303, "eta": 0.07497069099737798, "gamma": 477.4668223086993, "max_depth": 9.0, "min_child_weight": 4165.256496001434, "num_boost_round": 33.0, "subsample": 0.6995841449285765}, "datetime": {"datetime": "2024-01-20 13:25:39", "elapsed": 237.719585, "delta": 0.000396}}
{"target": -10.308084614210255, "params": {"colsample_bytree": 0.29484845425864303, "eta": 0.07497069099737798, "gamma": 477.4668223086993, "max_depth": 9.0, "min_child_weight": 4165.256496001434, "num_boost_round": 34.0, "subsample": 0.6995841449285765}, "datetime": {"datetime": "2024-01-20 13:25:39", "elapsed": 237.719982, "delta": 0.000397}}
{"target": -10.308139596090651, "params": {"colsample_bytree": 0.29484845425864303, "eta": 0.07497069099737798, "gamma": 477.4668223086993, "max_depth": 9.0, "min_child_weight": 4165.256496001434, "num_boost_round": 35.0, "subsample": 0.6995841449285765}, "datetime": {"datetime": "2024-01-20 13:25:39", "elapsed": 237.720382, "delta": 0.0004}}
{"target": -10.308773259465394, "params": {"colsample_bytree": 0.29484845425864303, "eta": 0.07497069099737798, "gamma": 477.4668223086993, "max_depth": 9.0, "min_child_weight": 4165.256496001434, "num_boost_round": 36.0, "subsample": 0.6995841449285765}, "datetime": {"datetime": "2024-01-20 13:25:39", "elapsed": 237.720779, "delta": 0.000397}}
{"target": -10.309423373545634, "params": {"colsample_bytree": 0.29484845425864303, "eta": 0.07497069099737798, "gamma": 477.4668223086993, "max_depth": 9.0, "min_child_weight": 4165.256496001434, "num_boost_round": 37.0, "subsample": 0.6995841449285765}, "datetime": {"datetime": "2024-01-20 13:25:39", "elapsed": 237.721173, "delta": 0.000394}}
{"target": -10.309567839084725, "params": {"colsample_bytree": 0.29484845425864303, "eta": 0.07497069099737798, "gamma": 477.4668223086993, "max_depth": 9.0, "min_child_weight": 4165.256496001434, "num_boost_round": 38.0, "subsample": 0.6995841449285765}, "datetime": {"datetime": "2024-01-20 13:25:39", "elapsed": 237.721569, "delta": 0.000396}}
{"target": -10.309761754571781, "params": {"colsample_bytree": 0.29484845425864303, "eta": 0.07497069099737798, "gamma": 477.4668223086993, "max_depth": 9.0, "min_child_weight": 4165.256496001434, "num_boost_round": 39.0, "subsample": 0.6995841449285765}, "datetime": {"datetime": "2024-01-20 13:25:39", "elapsed": 237.722102, "delta": 0.000533}}
{"target": -10.30988644594991, "params": {"colsample_bytree": 0.29484845425864303, "eta": 0.07497069099737798, "gamma": 477.4668223086993, "max_depth": 9.0, "min_child_weight": 4165.256496001434, "num_boost_round": 40.0, "subsample": 0.6995841449285765}, "datetime": {"datetime": "2024-01-20 13:25:39", "elapsed": 237.722515, "delta": 0.000413}}
{"target": -10.309942224258418, "params": {"colsample_bytree": 0.29484845425864303, "eta": 0.07497069099737798, "gamma": 477.4668223086993, "max_depth": 9.0, "min_child_weight": 4165.256496001434, "num_boost_round": 41.0, "subsample": 0.6995841449285765}, "datetime": {"datetime": "2024-01-20 13:25:39", "elapsed": 237.722915, "delta": 0.0004}}
{"target": -10.310331691135634, "params": {"colsample_bytree": 0.29484845425864303, "eta": 0.07497069099737798, "gamma": 477.4668223086993, "max_depth": 9.0, "min_child_weight": 4165.256496001434, "num_boost_round": 42.0, "subsample": 0.6995841449285765}, "datetime": {"datetime": "2024-01-20 13:25:39", "elapsed": 237.723318, "delta": 0.000403}}
{"target": -10.31051299009457, "params": {"colsample_bytree": 0.29484845425864303, "eta": 0.07497069099737798, "gamma": 477.4668223086993, "max_depth": 9.0, "min_child_weight": 4165.256496001434, "num_boost_round": 43.0, "subsample": 0.6995841449285765}, "datetime": {"datetime": "2024-01-20 13:25:39", "elapsed": 237.723723, "delta": 0.000405}}
{"target": -10.310629370634755, "params": {"colsample_bytree": 0.29484845425864303, "eta": 0.07497069099737798, "gamma": 477.4668223086993, "max_depth": 9.0, "min_child_weight": 4165.256496001434, "num_boost_round": 44.0, "subsample": 0.6995841449285765}, "datetime": {"datetime": "2024-01-20 13:25:39", "elapsed": 237.724225, "delta": 0.000502}}
{"target": -10.310982644516347, "params": {"colsample_bytree": 0.29484845425864303, "eta": 0.07497069099737798, "gamma": 477.4668223086993, "max_depth": 9.0, "min_child_weight": 4165.256496001434, "num_boost_round": 45.0, "subsample": 0.6995841449285765}, "datetime": {"datetime": "2024-01-20 13:25:39", "elapsed": 237.724639, "delta": 0.000414}}
{"target": -10.311132232823741, "params": {"colsample_bytree": 0.29484845425864303, "eta": 0.07497069099737798, "gamma": 477.4668223086993, "max_depth": 9.0, "min_child_weight": 4165.256496001434, "num_boost_round": 46.0, "subsample": 0.6995841449285765}, "datetime": {"datetime": "2024-01-20 13:25:39", "elapsed": 237.725046, "delta": 0.000407}}
{"target": -10.311654715768148, "params": {"colsample_bytree": 0.29484845425864303, "eta": 0.07497069099737798, "gamma": 477.4668223086993, "max_depth": 9.0, "min_child_weight": 4165.256496001434, "num_boost_round": 47.0, "subsample": 0.6995841449285765}, "datetime": {"datetime": "2024-01-20 13:25:39", "elapsed": 237.725456, "delta": 0.00041}}
{"target": -10.311809333932889, "params": {"colsample_bytree": 0.29484845425864303, "eta": 0.07497069099737798, "gamma": 477.4668223086993, "max_depth": 9.0, "min_child_weight": 4165.256496001434, "num_boost_round": 48.0, "subsample": 0.6995841449285765}, "datetime": {"datetime": "2024-01-20 13:25:39", "elapsed": 237.725868, "delta": 0.000412}}
{"target": -10.311962367139515, "params": {"colsample_bytree": 0.29484845425864303, "eta": 0.07497069099737798, "gamma": 477.4668223086993, "max_depth": 9.0, "min_child_weight": 4165.256496001434, "num_boost_round": 49.0, "subsample": 0.6995841449285765}, "datetime": {"datetime": "2024-01-20 13:25:39", "elapsed": 237.726282, "delta": 0.000414}}
{"target": -10.312384439920148, "params": {"colsample_bytree": 0.29484845425864303, "eta": 0.07497069099737798, "gamma": 477.4668223086993, "max_depth": 9.0, "min_child_weight": 4165.256496001434, "num_boost_round": 50.0, "subsample": 0.6995841449285765}, "datetime": {"datetime": "2024-01-20 13:25:39", "elapsed": 237.726689, "delta": 0.000407}}
{"target": -10.312975190815173, "params": {"colsample_bytree": 0.29484845425864303, "eta": 0.07497069099737798, "gamma": 477.4668223086993, "max_depth": 9.0, "min_child_weight": 4165.256496001434, "num_boost_round": 51.0, "subsample": 0.6995841449285765}, "datetime": {"datetime": "2024-01-20 13:25:39", "elapsed": 237.727093, "delta": 0.000404}}
{"target": -10.313533792326325, "params": {"colsample_bytree": 0.29484845425864303, "eta": 0.07497069099737798, "gamma": 477.4668223086993, "max_depth": 9.0, "min_child_weight": 4165.256496001434, "num_boost_round": 52.0, "subsample": 0.6995841449285765}, "datetime": {"datetime": "2024-01-20 13:25:39", "elapsed": 237.727505, "delta": 0.000412}}
{"target": -10.313701926223514, "params": {"colsample_bytree": 0.29484845425864303, "eta": 0.07497069099737798, "gamma": 477.4668223086993, "max_depth": 9.0, "min_child_weight": 4165.256496001434, "num_boost_round": 53.0, "subsample": 0.6995841449285765}, "datetime": {"datetime": "2024-01-20 13:25:39", "elapsed": 237.727911, "delta": 0.000406}}
{"target": -10.313858034121662, "params": {"colsample_bytree": 0.29484845425864303, "eta": 0.07497069099737798, "gamma": 477.4668223086993, "max_depth": 9.0, "min_child_weight": 4165.256496001434, "num_boost_round": 54.0, "subsample": 0.6995841449285765}, "datetime": {"datetime": "2024-01-20 13:25:39", "elapsed": 237.728322, "delta": 0.000411}}
{"target": -10.314486390999884, "params": {"colsample_bytree": 0.29484845425864303, "eta": 0.07497069099737798, "gamma": 477.4668223086993, "max_depth": 9.0, "min_child_weight": 4165.256496001434, "num_boost_round": 55.0, "subsample": 0.6995841449285765}, "datetime": {"datetime": "2024-01-20 13:25:39", "elapsed": 237.72874, "delta": 0.000418}}
{"target": -10.314606670680122, "params": {"colsample_bytree": 0.29484845425864303, "eta": 0.07497069099737798, "gamma": 477.4668223086993, "max_depth": 9.0, "min_child_weight": 4165.256496001434, "num_boost_round": 56.0, "subsample": 0.6995841449285765}, "datetime": {"datetime": "2024-01-20 13:25:39", "elapsed": 237.729155, "delta": 0.000415}}
{"target": -10.314979487505344, "params": {"colsample_bytree": 0.29484845425864303, "eta": 0.07497069099737798, "gamma": 477.4668223086993, "max_depth": 9.0, "min_child_weight": 4165.256496001434, "num_boost_round": 57.0, "subsample": 0.6995841449285765}, "datetime": {"datetime": "2024-01-20 13:25:39", "elapsed": 237.729738, "delta": 0.000583}}
{"target": -10.315163485144316, "params": {"colsample_bytree": 0.29484845425864303, "eta": 0.07497069099737798, "gamma": 477.4668223086993, "max_depth": 9.0, "min_child_weight": 4165.256496001434, "num_boost_round": 58.0, "subsample": 0.6995841449285765}, "datetime": {"datetime": "2024-01-20 13:25:39", "elapsed": 237.730158, "delta": 0.00042}}
{"target": -10.315375691933804, "params": {"colsample_bytree": 0.29484845425864303, "eta": 0.07497069099737798, "gamma": 477.4668223086993, "max_depth": 9.0, "min_child_weight": 4165.256496001434, "num_boost_round": 59.0, "subsample": 0.6995841449285765}, "datetime": {"datetime": "2024-01-20 13:25:39", "elapsed": 237.730579, "delta": 0.000421}}
{"target": -10.315460513337253, "params": {"colsample_bytree": 0.29484845425864303, "eta": 0.07497069099737798, "gamma": 477.4668223086993, "max_depth": 9.0, "min_child_weight": 4165.256496001434, "num_boost_round": 60.0, "subsample": 0.6995841449285765}, "datetime": {"datetime": "2024-01-20 13:25:39", "elapsed": 237.731097, "delta": 0.000518}}
{"target": -10.315795314492604, "params": {"colsample_bytree": 0.29484845425864303, "eta": 0.07497069099737798, "gamma": 477.4668223086993, "max_depth": 9.0, "min_child_weight": 4165.256496001434, "num_boost_round": 61.0, "subsample": 0.6995841449285765}, "datetime": {"datetime": "2024-01-20 13:25:39", "elapsed": 237.731523, "delta": 0.000426}}
{"target": -10.315862782360096, "params": {"colsample_bytree": 0.29484845425864303, "eta": 0.07497069099737798, "gamma": 477.4668223086993, "max_depth": 9.0, "min_child_weight": 4165.256496001434, "num_boost_round": 62.0, "subsample": 0.6995841449285765}, "datetime": {"datetime": "2024-01-20 13:25:39", "elapsed": 237.731967, "delta": 0.000444}}
{"target": -10.315943095308484, "params": {"colsample_bytree": 0.29484845425864303, "eta": 0.07497069099737798, "gamma": 477.4668223086993, "max_depth": 9.0, "min_child_weight": 4165.256496001434, "num_boost_round": 63.0, "subsample": 0.6995841449285765}, "datetime": {"datetime": "2024-01-20 13:25:39", "elapsed": 237.732398, "delta": 0.000431}}
{"target": -10.316753090255471, "params": {"colsample_bytree": 0.29484845425864303, "eta": 0.07497069099737798, "gamma": 477.4668223086993, "max_depth": 9.0, "min_child_weight": 4165.256496001434, "num_boost_round": 64.0, "subsample": 0.6995841449285765}, "datetime": {"datetime": "2024-01-20 13:25:39", "elapsed": 237.732832, "delta": 0.000434}}
{"target": -10.317176423560493, "params": {"colsample_bytree": 0.29484845425864303, "eta": 0.07497069099737798, "gamma": 477.4668223086993, "max_depth": 9.0, "min_child_weight": 4165.256496001434, "num_boost_round": 65.0, "subsample": 0.6995841449285765}, "datetime": {"datetime": "2024-01-20 13:25:39", "elapsed": 237.733266, "delta": 0.000434}}
{"target": -10.317429801299458, "params": {"colsample_bytree": 0.29484845425864303, "eta": 0.07497069099737798, "gamma": 477.4668223086993, "max_depth": 9.0, "min_child_weight": 4165.256496001434, "num_boost_round": 66.0, "subsample": 0.6995841449285765}, "datetime": {"datetime": "2024-01-20 13:25:39", "elapsed": 237.733702, "delta": 0.000436}}
{"target": -10.318405631386575, "params": {"colsample_bytree": 0.29484845425864303, "eta": 0.07497069099737798, "gamma": 477.4668223086993, "max_depth": 9.0, "min_child_weight": 4165.256496001434, "num_boost_round": 67.0, "subsample": 0.6995841449285765}, "datetime": {"datetime": "2024-01-20 13:25:39", "elapsed": 237.734142, "delta": 0.00044}}
{"target": -10.3184914985057, "params": {"colsample_bytree": 0.29484845425864303, "eta": 0.07497069099737798, "gamma": 477.4668223086993, "max_depth": 9.0, "min_child_weight": 4165.256496001434, "num_boost_round": 68.0, "subsample": 0.6995841449285765}, "datetime": {"datetime": "2024-01-20 13:25:39", "elapsed": 237.734605, "delta": 0.000463}}
{"target": -10.319239363371668, "params": {"colsample_bytree": 0.29484845425864303, "eta": 0.07497069099737798, "gamma": 477.4668223086993, "max_depth": 9.0, "min_child_weight": 4165.256496001434, "num_boost_round": 69.0, "subsample": 0.6995841449285765}, "datetime": {"datetime": "2024-01-20 13:25:39", "elapsed": 237.73506, "delta": 0.000455}}
{"target": -10.319277983173938, "params": {"colsample_bytree": 0.29484845425864303, "eta": 0.07497069099737798, "gamma": 477.4668223086993, "max_depth": 9.0, "min_child_weight": 4165.256496001434, "num_boost_round": 70.0, "subsample": 0.6995841449285765}, "datetime": {"datetime": "2024-01-20 13:25:39", "elapsed": 237.735503, "delta": 0.000443}}
{"target": -10.319377077856753, "params": {"colsample_bytree": 0.29484845425864303, "eta": 0.07497069099737798, "gamma": 477.4668223086993, "max_depth": 9.0, "min_child_weight": 4165.256496001434, "num_boost_round": 71.0, "subsample": 0.6995841449285765}, "datetime": {"datetime": "2024-01-20 13:25:39", "elapsed": 237.736912, "delta": 0.001409}}
{"target": -10.319709384926039, "params": {"colsample_bytree": 0.29484845425864303, "eta": 0.07497069099737798, "gamma": 477.4668223086993, "max_depth": 9.0, "min_child_weight": 4165.256496001434, "num_boost_round": 72.0, "subsample": 0.6995841449285765}, "datetime": {"datetime": "2024-01-20 13:25:39", "elapsed": 237.73742, "delta": 0.000508}}
{"target": -10.319790773121788, "params": {"colsample_bytree": 0.29484845425864303, "eta": 0.07497069099737798, "gamma": 477.4668223086993, "max_depth": 9.0, "min_child_weight": 4165.256496001434, "num_boost_round": 73.0, "subsample": 0.6995841449285765}, "datetime": {"datetime": "2024-01-20 13:25:39", "elapsed": 237.73788, "delta": 0.00046}}
{"target": -10.320388394838092, "params": {"colsample_bytree": 0.29484845425864303, "eta": 0.07497069099737798, "gamma": 477.4668223086993, "max_depth": 9.0, "min_child_weight": 4165.256496001434, "num_boost_round": 74.0, "subsample": 0.6995841449285765}, "datetime": {"datetime": "2024-01-20 13:25:39", "elapsed": 237.738574, "delta": 0.000694}}
{"target": -10.320463109384134, "params": {"colsample_bytree": 0.29484845425864303, "eta": 0.07497069099737798, "gamma": 477.4668223086993, "max_depth": 9.0, "min_child_weight": 4165.256496001434, "num_boost_round": 75.0, "subsample": 0.6995841449285765}, "datetime": {"datetime": "2024-01-20 13:25:39", "elapsed": 237.739418, "delta": 0.000844}}
{"target": -10.320748166123774, "params": {"colsample_bytree": 0.29484845425864303, "eta": 0.07497069099737798, "gamma": 477.4668223086993, "max_depth": 9.0, "min_child_weight": 4165.256496001434, "num_boost_round": 76.0, "subsample": 0.6995841449285765}, "datetime": {"datetime": "2024-01-20 13:25:39", "elapsed": 237.739924, "delta": 0.000506}}
{"target": -10.32076965005787, "params": {"colsample_bytree": 0.29484845425864303, "eta": 0.07497069099737798, "gamma": 477.4668223086993, "max_depth": 9.0, "min_child_weight": 4165.256496001434, "num_boost_round": 77.0, "subsample": 0.6995841449285765}, "datetime": {"datetime": "2024-01-20 13:25:39", "elapsed": 237.740407, "delta": 0.000483}}
{"target": -10.298365744335822, "params": {"colsample_bytree": 0.7005458471811512, "eta": 0.041990823684284494, "gamma": 487.74045268351017, "max_depth": 8.0, "min_child_weight": 4243.415447965445, "num_boost_round": 1.0, "subsample": 0.7576566351816046}, "datetime": {"datetime": "2024-01-20 13:25:59", "elapsed": 257.077886, "delta": 19.337479}}
{"target": -10.298449588038885, "params": {"colsample_bytree": 0.7197115365229716, "eta": 0.06525908461769402, "gamma": 449.1169916566233, "max_depth": 3.0, "min_child_weight": 4252.830006601369, "num_boost_round": 1.0, "subsample": 0.44930165634138386}, "datetime": {"datetime": "2024-01-20 13:27:06", "elapsed": 324.305763, "delta": 67.227877}}
{"target": -10.298582727437726, "params": {"colsample_bytree": 0.7197115365229716, "eta": 0.06525908461769402, "gamma": 449.1169916566233, "max_depth": 3.0, "min_child_weight": 4252.830006601369, "num_boost_round": 2.0, "subsample": 0.44930165634138386}, "datetime": {"datetime": "2024-01-20 13:27:06", "elapsed": 324.307942, "delta": 0.002179}}
{"target": -10.29887717805026, "params": {"colsample_bytree": 0.7197115365229716, "eta": 0.06525908461769402, "gamma": 449.1169916566233, "max_depth": 3.0, "min_child_weight": 4252.830006601369, "num_boost_round": 3.0, "subsample": 0.44930165634138386}, "datetime": {"datetime": "2024-01-20 13:27:06", "elapsed": 324.308474, "delta": 0.000532}}
{"target": -10.299094868495391, "params": {"colsample_bytree": 0.7197115365229716, "eta": 0.06525908461769402, "gamma": 449.1169916566233, "max_depth": 3.0, "min_child_weight": 4252.830006601369, "num_boost_round": 4.0, "subsample": 0.44930165634138386}, "datetime": {"datetime": "2024-01-20 13:27:06", "elapsed": 324.308948, "delta": 0.000474}}
{"target": -10.29950022012923, "params": {"colsample_bytree": 0.7197115365229716, "eta": 0.06525908461769402, "gamma": 449.1169916566233, "max_depth": 3.0, "min_child_weight": 4252.830006601369, "num_boost_round": 5.0, "subsample": 0.44930165634138386}, "datetime": {"datetime": "2024-01-20 13:27:06", "elapsed": 324.309603, "delta": 0.000655}}
{"target": -10.299925772638185, "params": {"colsample_bytree": 0.7197115365229716, "eta": 0.06525908461769402, "gamma": 449.1169916566233, "max_depth": 3.0, "min_child_weight": 4252.830006601369, "num_boost_round": 6.0, "subsample": 0.44930165634138386}, "datetime": {"datetime": "2024-01-20 13:27:06", "elapsed": 324.310062, "delta": 0.000459}}
{"target": -10.30029333831979, "params": {"colsample_bytree": 0.7197115365229716, "eta": 0.06525908461769402, "gamma": 449.1169916566233, "max_depth": 3.0, "min_child_weight": 4252.830006601369, "num_boost_round": 7.0, "subsample": 0.44930165634138386}, "datetime": {"datetime": "2024-01-20 13:27:06", "elapsed": 324.310531, "delta": 0.000469}}
{"target": -10.300641270982878, "params": {"colsample_bytree": 0.7197115365229716, "eta": 0.06525908461769402, "gamma": 449.1169916566233, "max_depth": 3.0, "min_child_weight": 4252.830006601369, "num_boost_round": 8.0, "subsample": 0.44930165634138386}, "datetime": {"datetime": "2024-01-20 13:27:06", "elapsed": 324.311047, "delta": 0.000516}}
