{"target": -13.49921809280502, "params": {"colsample_bytree": 0.9744354074833463, "eta": 0.06584560574942709, "gamma": 684.9023818128837, "max_depth": 2.0, "min_child_weight": 4458.823932313012, "num_boost_round": 60.0, "subsample": 0.4637345893492859}, "datetime": {"datetime": "2024-01-20 14:58:17", "elapsed": 2051.076673, "delta": 0.003318}}
{"target": -13.499208614904772, "params": {"colsample_bytree": 0.9744354074833463, "eta": 0.06584560574942709, "gamma": 684.9023818128837, "max_depth": 2.0, "min_child_weight": 4458.823932313012, "num_boost_round": 61.0, "subsample": 0.4637345893492859}, "datetime": {"datetime": "2024-01-20 14:58:17", "elapsed": 2051.079883, "delta": 0.00321}}
{"target": -13.499194322238491, "params": {"colsample_bytree": 0.9744354074833463, "eta": 0.06584560574942709, "gamma": 684.9023818128837, "max_depth": 2.0, "min_child_weight": 4458.823932313012, "num_boost_round": 62.0, "subsample": 0.4637345893492859}, "datetime": {"datetime": "2024-01-20 14:58:17", "elapsed": 2051.083239, "delta": 0.003356}}
{"target": -13.499161154380277, "params": {"colsample_bytree": 0.9744354074833463, "eta": 0.06584560574942709, "gamma": 684.9023818128837, "max_depth": 2.0, "min_child_weight": 4458.823932313012, "num_boost_round": 63.0, "subsample": 0.4637345893492859}, "datetime": {"datetime": "2024-01-20 14:58:17", "elapsed": 2051.086456, "delta": 0.003217}}
{"target": -13.499290515244844, "params": {"colsample_bytree": 0.9744354074833463, "eta": 0.06584560574942709, "gamma": 684.9023818128837, "max_depth": 2.0, "min_child_weight": 4458.823932313012, "num_boost_round": 64.0, "subsample": 0.4637345893492859}, "datetime": {"datetime": "2024-01-20 14:58:17", "elapsed": 2051.089752, "delta": 0.003296}}
{"target": -13.499163762171719, "params": {"colsample_bytree": 0.9744354074833463, "eta": 0.06584560574942709, "gamma": 684.9023818128837, "max_depth": 2.0, "min_child_weight": 4458.823932313012, "num_boost_round": 65.0, "subsample": 0.4637345893492859}, "datetime": {"datetime": "2024-01-20 14:58:17", "elapsed": 2051.092987, "delta": 0.003235}}
{"target": -13.499220576249934, "params": {"colsample_bytree": 0.9744354074833463, "eta": 0.06584560574942709, "gamma": 684.9023818128837, "max_depth": 2.0, "min_child_weight": 4458.823932313012, "num_boost_round": 66.0, "subsample": 0.4637345893492859}, "datetime": {"datetime": "2024-01-20 14:58:17", "elapsed": 2051.096344, "delta": 0.003357}}
{"target": -13.499251926806231, "params": {"colsample_bytree": 0.9744354074833463, "eta": 0.06584560574942709, "gamma": 684.9023818128837, "max_depth": 2.0, "min_child_weight": 4458.823932313012, "num_boost_round": 67.0, "subsample": 0.4637345893492859}, "datetime": {"datetime": "2024-01-20 14:58:17", "elapsed": 2051.099572, "delta": 0.003228}}
{"target": -13.499305148319547, "params": {"colsample_bytree": 0.9744354074833463, "eta": 0.06584560574942709, "gamma": 684.9023818128837, "max_depth": 2.0, "min_child_weight": 4458.823932313012, "num_boost_round": 68.0, "subsample": 0.4637345893492859}, "datetime": {"datetime": "2024-01-20 14:58:17", "elapsed": 2051.102915, "delta": 0.003343}}
{"target": -13.499346228947953, "params": {"colsample_bytree": 0.9744354074833463, "eta": 0.06584560574942709, "gamma": 684.9023818128837, "max_depth": 2.0, "min_child_weight": 4458.823932313012, "num_boost_round": 69.0, "subsample": 0.4637345893492859}, "datetime": {"datetime": "2024-01-20 14:58:17", "elapsed": 2051.106124, "delta": 0.003209}}
{"target": -13.49928318291211, "params": {"colsample_bytree": 0.9744354074833463, "eta": 0.06584560574942709, "gamma": 684.9023818128837, "max_depth": 2.0, "min_child_weight": 4458.823932313012, "num_boost_round": 70.0, "subsample": 0.4637345893492859}, "datetime": {"datetime": "2024-01-20 14:58:17", "elapsed": 2051.109463, "delta": 0.003339}}
{"target": -13.499290270783359, "params": {"colsample_bytree": 0.9744354074833463, "eta": 0.06584560574942709, "gamma": 684.9023818128837, "max_depth": 2.0, "min_child_weight": 4458.823932313012, "num_boost_round": 71.0, "subsample": 0.4637345893492859}, "datetime": {"datetime": "2024-01-20 14:58:17", "elapsed": 2051.113265, "delta": 0.003802}}
{"target": -13.499336552982697, "params": {"colsample_bytree": 0.9744354074833463, "eta": 0.06584560574942709, "gamma": 684.9023818128837, "max_depth": 2.0, "min_child_weight": 4458.823932313012, "num_boost_round": 72.0, "subsample": 0.4637345893492859}, "datetime": {"datetime": "2024-01-20 14:58:17", "elapsed": 2051.116741, "delta": 0.003476}}
{"target": -13.49940574332308, "params": {"colsample_bytree": 0.9744354074833463, "eta": 0.06584560574942709, "gamma": 684.9023818128837, "max_depth": 2.0, "min_child_weight": 4458.823932313012, "num_boost_round": 73.0, "subsample": 0.4637345893492859}, "datetime": {"datetime": "2024-01-20 14:58:17", "elapsed": 2051.120068, "delta": 0.003327}}
{"target": -13.499397831766164, "params": {"colsample_bytree": 0.9744354074833463, "eta": 0.06584560574942709, "gamma": 684.9023818128837, "max_depth": 2.0, "min_child_weight": 4458.823932313012, "num_boost_round": 74.0, "subsample": 0.4637345893492859}, "datetime": {"datetime": "2024-01-20 14:58:17", "elapsed": 2051.123301, "delta": 0.003233}}
{"target": -13.499540346427068, "params": {"colsample_bytree": 0.9744354074833463, "eta": 0.06584560574942709, "gamma": 684.9023818128837, "max_depth": 2.0, "min_child_weight": 4458.823932313012, "num_boost_round": 75.0, "subsample": 0.4637345893492859}, "datetime": {"datetime": "2024-01-20 14:58:17", "elapsed": 2051.126507, "delta": 0.003206}}
{"target": -13.499659804873485, "params": {"colsample_bytree": 0.9744354074833463, "eta": 0.06584560574942709, "gamma": 684.9023818128837, "max_depth": 2.0, "min_child_weight": 4458.823932313012, "num_boost_round": 76.0, "subsample": 0.4637345893492859}, "datetime": {"datetime": "2024-01-20 14:58:17", "elapsed": 2051.129751, "delta": 0.003244}}
{"target": -13.499572706027472, "params": {"colsample_bytree": 0.9744354074833463, "eta": 0.06584560574942709, "gamma": 684.9023818128837, "max_depth": 2.0, "min_child_weight": 4458.823932313012, "num_boost_round": 77.0, "subsample": 0.4637345893492859}, "datetime": {"datetime": "2024-01-20 14:58:17", "elapsed": 2051.133025, "delta": 0.003274}}
{"target": -13.499616920589009, "params": {"colsample_bytree": 0.9744354074833463, "eta": 0.06584560574942709, "gamma": 684.9023818128837, "max_depth": 2.0, "min_child_weight": 4458.823932313012, "num_boost_round": 78.0, "subsample": 0.4637345893492859}, "datetime": {"datetime": "2024-01-20 14:58:17", "elapsed": 2051.136356, "delta": 0.003331}}
{"target": -13.499531624239815, "params": {"colsample_bytree": 0.9744354074833463, "eta": 0.06584560574942709, "gamma": 684.9023818128837, "max_depth": 2.0, "min_child_weight": 4458.823932313012, "num_boost_round": 79.0, "subsample": 0.4637345893492859}, "datetime": {"datetime": "2024-01-20 14:58:17", "elapsed": 2051.13961, "delta": 0.003254}}
{"target": -13.499528391127374, "params": {"colsample_bytree": 0.9744354074833463, "eta": 0.06584560574942709, "gamma": 684.9023818128837, "max_depth": 2.0, "min_child_weight": 4458.823932313012, "num_boost_round": 80.0, "subsample": 0.4637345893492859}, "datetime": {"datetime": "2024-01-20 14:58:17", "elapsed": 2051.142891, "delta": 0.003281}}
{"target": -13.499532534338224, "params": {"colsample_bytree": 0.9744354074833463, "eta": 0.06584560574942709, "gamma": 684.9023818128837, "max_depth": 2.0, "min_child_weight": 4458.823932313012, "num_boost_round": 81.0, "subsample": 0.4637345893492859}, "datetime": {"datetime": "2024-01-20 14:58:17", "elapsed": 2051.14612, "delta": 0.003229}}
{"target": -13.499650973494187, "params": {"colsample_bytree": 0.9744354074833463, "eta": 0.06584560574942709, "gamma": 684.9023818128837, "max_depth": 2.0, "min_child_weight": 4458.823932313012, "num_boost_round": 82.0, "subsample": 0.4637345893492859}, "datetime": {"datetime": "2024-01-20 14:58:17", "elapsed": 2051.149381, "delta": 0.003261}}
{"target": -13.49964004488949, "params": {"colsample_bytree": 0.9744354074833463, "eta": 0.06584560574942709, "gamma": 684.9023818128837, "max_depth": 2.0, "min_child_weight": 4458.823932313012, "num_boost_round": 83.0, "subsample": 0.4637345893492859}, "datetime": {"datetime": "2024-01-20 14:58:17", "elapsed": 2051.152597, "delta": 0.003216}}
{"target": -13.49967614353832, "params": {"colsample_bytree": 0.9744354074833463, "eta": 0.06584560574942709, "gamma": 684.9023818128837, "max_depth": 2.0, "min_child_weight": 4458.823932313012, "num_boost_round": 84.0, "subsample": 0.4637345893492859}, "datetime": {"datetime": "2024-01-20 14:58:17", "elapsed": 2051.155871, "delta": 0.003274}}
{"target": -13.499779860734943, "params": {"colsample_bytree": 0.9744354074833463, "eta": 0.06584560574942709, "gamma": 684.9023818128837, "max_depth": 2.0, "min_child_weight": 4458.823932313012, "num_boost_round": 85.0, "subsample": 0.4637345893492859}, "datetime": {"datetime": "2024-01-20 14:58:17", "elapsed": 2051.159134, "delta": 0.003263}}
{"target": -13.499828617125443, "params": {"colsample_bytree": 0.9744354074833463, "eta": 0.06584560574942709, "gamma": 684.9023818128837, "max_depth": 2.0, "min_child_weight": 4458.823932313012, "num_boost_round": 86.0, "subsample": 0.4637345893492859}, "datetime": {"datetime": "2024-01-20 14:58:17", "elapsed": 2051.162406, "delta": 0.003272}}
{"target": -13.49994055669926, "params": {"colsample_bytree": 0.9744354074833463, "eta": 0.06584560574942709, "gamma": 684.9023818128837, "max_depth": 2.0, "min_child_weight": 4458.823932313012, "num_boost_round": 87.0, "subsample": 0.4637345893492859}, "datetime": {"datetime": "2024-01-20 14:58:17", "elapsed": 2051.165615, "delta": 0.003209}}
{"target": -13.499920283359385, "params": {"colsample_bytree": 0.9744354074833463, "eta": 0.06584560574942709, "gamma": 684.9023818128837, "max_depth": 2.0, "min_child_weight": 4458.823932313012, "num_boost_round": 88.0, "subsample": 0.4637345893492859}, "datetime": {"datetime": "2024-01-20 14:58:17", "elapsed": 2051.168891, "delta": 0.003276}}
{"target": -13.499942402332085, "params": {"colsample_bytree": 0.9744354074833463, "eta": 0.06584560574942709, "gamma": 684.9023818128837, "max_depth": 2.0, "min_child_weight": 4458.823932313012, "num_boost_round": 89.0, "subsample": 0.4637345893492859}, "datetime": {"datetime": "2024-01-20 14:58:17", "elapsed": 2051.17209, "delta": 0.003199}}
{"target": -13.499922078863808, "params": {"colsample_bytree": 0.9744354074833463, "eta": 0.06584560574942709, "gamma": 684.9023818128837, "max_depth": 2.0, "min_child_weight": 4458.823932313012, "num_boost_round": 90.0, "subsample": 0.4637345893492859}, "datetime": {"datetime": "2024-01-20 14:58:17", "elapsed": 2051.175383, "delta": 0.003293}}
{"target": -13.499934920728732, "params": {"colsample_bytree": 0.9744354074833463, "eta": 0.06584560574942709, "gamma": 684.9023818128837, "max_depth": 2.0, "min_child_weight": 4458.823932313012, "num_boost_round": 91.0, "subsample": 0.4637345893492859}, "datetime": {"datetime": "2024-01-20 14:58:17", "elapsed": 2051.178604, "delta": 0.003221}}
{"target": -13.50002484420677, "params": {"colsample_bytree": 0.9744354074833463, "eta": 0.06584560574942709, "gamma": 684.9023818128837, "max_depth": 2.0, "min_child_weight": 4458.823932313012, "num_boost_round": 92.0, "subsample": 0.4637345893492859}, "datetime": {"datetime": "2024-01-20 14:58:17", "elapsed": 2051.181871, "delta": 0.003267}}
{"target": -13.500014371466113, "params": {"colsample_bytree": 0.9744354074833463, "eta": 0.06584560574942709, "gamma": 684.9023818128837, "max_depth": 2.0, "min_child_weight": 4458.823932313012, "num_boost_round": 93.0, "subsample": 0.4637345893492859}, "datetime": {"datetime": "2024-01-20 14:58:17", "elapsed": 2051.185087, "delta": 0.003216}}
{"target": -13.499987398466288, "params": {"colsample_bytree": 0.9744354074833463, "eta": 0.06584560574942709, "gamma": 684.9023818128837, "max_depth": 2.0, "min_child_weight": 4458.823932313012, "num_boost_round": 94.0, "subsample": 0.4637345893492859}, "datetime": {"datetime": "2024-01-20 14:58:17", "elapsed": 2051.188361, "delta": 0.003274}}
{"target": -13.500107886537997, "params": {"colsample_bytree": 0.9744354074833463, "eta": 0.06584560574942709, "gamma": 684.9023818128837, "max_depth": 2.0, "min_child_weight": 4458.823932313012, "num_boost_round": 95.0, "subsample": 0.4637345893492859}, "datetime": {"datetime": "2024-01-20 14:58:17", "elapsed": 2051.191592, "delta": 0.003231}}
{"target": -13.500171293364014, "params": {"colsample_bytree": 0.9744354074833463, "eta": 0.06584560574942709, "gamma": 684.9023818128837, "max_depth": 2.0, "min_child_weight": 4458.823932313012, "num_boost_round": 96.0, "subsample": 0.4637345893492859}, "datetime": {"datetime": "2024-01-20 14:58:17", "elapsed": 2051.19488, "delta": 0.003288}}
{"target": -13.500232598847198, "params": {"colsample_bytree": 0.9744354074833463, "eta": 0.06584560574942709, "gamma": 684.9023818128837, "max_depth": 2.0, "min_child_weight": 4458.823932313012, "num_boost_round": 97.0, "subsample": 0.4637345893492859}, "datetime": {"datetime": "2024-01-20 14:58:17", "elapsed": 2051.198652, "delta": 0.003772}}
{"target": -13.500302710093035, "params": {"colsample_bytree": 0.9744354074833463, "eta": 0.06584560574942709, "gamma": 684.9023818128837, "max_depth": 2.0, "min_child_weight": 4458.823932313012, "num_boost_round": 98.0, "subsample": 0.4637345893492859}, "datetime": {"datetime": "2024-01-20 14:58:17", "elapsed": 2051.20208, "delta": 0.003428}}
{"target": -13.500355441350488, "params": {"colsample_bytree": 0.9744354074833463, "eta": 0.06584560574942709, "gamma": 684.9023818128837, "max_depth": 2.0, "min_child_weight": 4458.823932313012, "num_boost_round": 99.0, "subsample": 0.4637345893492859}, "datetime": {"datetime": "2024-01-20 14:58:17", "elapsed": 2051.205369, "delta": 0.003289}}
{"target": -13.500187094480932, "params": {"colsample_bytree": 0.9744354074833463, "eta": 0.06584560574942709, "gamma": 684.9023818128837, "max_depth": 2.0, "min_child_weight": 4458.823932313012, "num_boost_round": 100.0, "subsample": 0.4637345893492859}, "datetime": {"datetime": "2024-01-20 14:58:17", "elapsed": 2051.208635, "delta": 0.003266}}
{"target": -13.500166693735627, "params": {"colsample_bytree": 0.9744354074833463, "eta": 0.06584560574942709, "gamma": 684.9023818128837, "max_depth": 2.0, "min_child_weight": 4458.823932313012, "num_boost_round": 101.0, "subsample": 0.4637345893492859}, "datetime": {"datetime": "2024-01-20 14:58:17", "elapsed": 2051.211859, "delta": 0.003224}}
{"target": -13.500228311233911, "params": {"colsample_bytree": 0.9744354074833463, "eta": 0.06584560574942709, "gamma": 684.9023818128837, "max_depth": 2.0, "min_child_weight": 4458.823932313012, "num_boost_round": 102.0, "subsample": 0.4637345893492859}, "datetime": {"datetime": "2024-01-20 14:58:17", "elapsed": 2051.215118, "delta": 0.003259}}
{"target": -13.50010296097849, "params": {"colsample_bytree": 0.9744354074833463, "eta": 0.06584560574942709, "gamma": 684.9023818128837, "max_depth": 2.0, "min_child_weight": 4458.823932313012, "num_boost_round": 103.0, "subsample": 0.4637345893492859}, "datetime": {"datetime": "2024-01-20 14:58:17", "elapsed": 2051.21842, "delta": 0.003302}}
{"target": -13.50003187751237, "params": {"colsample_bytree": 0.9744354074833463, "eta": 0.06584560574942709, "gamma": 684.9023818128837, "max_depth": 2.0, "min_child_weight": 4458.823932313012, "num_boost_round": 104.0, "subsample": 0.4637345893492859}, "datetime": {"datetime": "2024-01-20 14:58:17", "elapsed": 2051.221773, "delta": 0.003353}}
{"target": -13.500033438384163, "params": {"colsample_bytree": 0.9744354074833463, "eta": 0.06584560574942709, "gamma": 684.9023818128837, "max_depth": 2.0, "min_child_weight": 4458.823932313012, "num_boost_round": 105.0, "subsample": 0.4637345893492859}, "datetime": {"datetime": "2024-01-20 14:58:17", "elapsed": 2051.225087, "delta": 0.003314}}
{"target": -13.499991887007889, "params": {"colsample_bytree": 0.9744354074833463, "eta": 0.06584560574942709, "gamma": 684.9023818128837, "max_depth": 2.0, "min_child_weight": 4458.823932313012, "num_boost_round": 106.0, "subsample": 0.4637345893492859}, "datetime": {"datetime": "2024-01-20 14:58:17", "elapsed": 2051.228565, "delta": 0.003478}}
{"target": -13.50002632242835, "params": {"colsample_bytree": 0.9744354074833463, "eta": 0.06584560574942709, "gamma": 684.9023818128837, "max_depth": 2.0, "min_child_weight": 4458.823932313012, "num_boost_round": 107.0, "subsample": 0.4637345893492859}, "datetime": {"datetime": "2024-01-20 14:58:17", "elapsed": 2051.233825, "delta": 0.00526}}
{"target": -13.499946241407901, "params": {"colsample_bytree": 0.9744354074833463, "eta": 0.06584560574942709, "gamma": 684.9023818128837, "max_depth": 2.0, "min_child_weight": 4458.823932313012, "num_boost_round": 108.0, "subsample": 0.4637345893492859}, "datetime": {"datetime": "2024-01-20 14:58:17", "elapsed": 2051.238466, "delta": 0.004641}}
{"target": -13.500035744500217, "params": {"colsample_bytree": 0.9744354074833463, "eta": 0.06584560574942709, "gamma": 684.9023818128837, "max_depth": 2.0, "min_child_weight": 4458.823932313012, "num_boost_round": 109.0, "subsample": 0.4637345893492859}, "datetime": {"datetime": "2024-01-20 14:58:17", "elapsed": 2051.243532, "delta": 0.005066}}
{"target": -13.500070342798102, "params": {"colsample_bytree": 0.9744354074833463, "eta": 0.06584560574942709, "gamma": 684.9023818128837, "max_depth": 2.0, "min_child_weight": 4458.823932313012, "num_boost_round": 110.0, "subsample": 0.4637345893492859}, "datetime": {"datetime": "2024-01-20 14:58:17", "elapsed": 2051.248134, "delta": 0.004602}}
{"target": -13.500017333080894, "params": {"colsample_bytree": 0.9744354074833463, "eta": 0.06584560574942709, "gamma": 684.9023818128837, "max_depth": 2.0, "min_child_weight": 4458.823932313012, "num_boost_round": 111.0, "subsample": 0.4637345893492859}, "datetime": {"datetime": "2024-01-20 14:58:17", "elapsed": 2051.251699, "delta": 0.003565}}
{"target": -13.500016595402363, "params": {"colsample_bytree": 0.9744354074833463, "eta": 0.06584560574942709, "gamma": 684.9023818128837, "max_depth": 2.0, "min_child_weight": 4458.823932313012, "num_boost_round": 112.0, "subsample": 0.4637345893492859}, "datetime": {"datetime": "2024-01-20 14:58:17", "elapsed": 2051.255071, "delta": 0.003372}}
{"target": -13.499989522037001, "params": {"colsample_bytree": 0.9744354074833463, "eta": 0.06584560574942709, "gamma": 684.9023818128837, "max_depth": 2.0, "min_child_weight": 4458.823932313012, "num_boost_round": 113.0, "subsample": 0.4637345893492859}, "datetime": {"datetime": "2024-01-20 14:58:17", "elapsed": 2051.258363, "delta": 0.003292}}
{"target": -13.499980656304514, "params": {"colsample_bytree": 0.9744354074833463, "eta": 0.06584560574942709, "gamma": 684.9023818128837, "max_depth": 2.0, "min_child_weight": 4458.823932313012, "num_boost_round": 114.0, "subsample": 0.4637345893492859}, "datetime": {"datetime": "2024-01-20 14:58:17", "elapsed": 2051.261653, "delta": 0.00329}}
{"target": -13.499974787061616, "params": {"colsample_bytree": 0.9744354074833463, "eta": 0.06584560574942709, "gamma": 684.9023818128837, "max_depth": 2.0, "min_child_weight": 4458.823932313012, "num_boost_round": 115.0, "subsample": 0.4637345893492859}, "datetime": {"datetime": "2024-01-20 14:58:17", "elapsed": 2051.264947, "delta": 0.003294}}
{"target": -13.499975914384368, "params": {"colsample_bytree": 0.9744354074833463, "eta": 0.06584560574942709, "gamma": 684.9023818128837, "max_depth": 2.0, "min_child_weight": 4458.823932313012, "num_boost_round": 116.0, "subsample": 0.4637345893492859}, "datetime": {"datetime": "2024-01-20 14:58:17", "elapsed": 2051.268272, "delta": 0.003325}}
{"target": -13.499971225362309, "params": {"colsample_bytree": 0.9744354074833463, "eta": 0.06584560574942709, "gamma": 684.9023818128837, "max_depth": 2.0, "min_child_weight": 4458.823932313012, "num_boost_round": 117.0, "subsample": 0.4637345893492859}, "datetime": {"datetime": "2024-01-20 14:58:17", "elapsed": 2051.271537, "delta": 0.003265}}
{"target": -13.499947319491877, "params": {"colsample_bytree": 0.9744354074833463, "eta": 0.06584560574942709, "gamma": 684.9023818128837, "max_depth": 2.0, "min_child_weight": 4458.823932313012, "num_boost_round": 118.0, "subsample": 0.4637345893492859}, "datetime": {"datetime": "2024-01-20 14:58:17", "elapsed": 2051.275507, "delta": 0.00397}}
{"target": -13.499883349529348, "params": {"colsample_bytree": 0.9744354074833463, "eta": 0.06584560574942709, "gamma": 684.9023818128837, "max_depth": 2.0, "min_child_weight": 4458.823932313012, "num_boost_round": 119.0, "subsample": 0.4637345893492859}, "datetime": {"datetime": "2024-01-20 14:58:17", "elapsed": 2051.278988, "delta": 0.003481}}
{"target": -13.499830257735864, "params": {"colsample_bytree": 0.9744354074833463, "eta": 0.06584560574942709, "gamma": 684.9023818128837, "max_depth": 2.0, "min_child_weight": 4458.823932313012, "num_boost_round": 120.0, "subsample": 0.4637345893492859}, "datetime": {"datetime": "2024-01-20 14:58:17", "elapsed": 2051.282382, "delta": 0.003394}}
{"target": -13.499847253880144, "params": {"colsample_bytree": 0.9744354074833463, "eta": 0.06584560574942709, "gamma": 684.9023818128837, "max_depth": 2.0, "min_child_weight": 4458.823932313012, "num_boost_round": 121.0, "subsample": 0.4637345893492859}, "datetime": {"datetime": "2024-01-20 14:58:17", "elapsed": 2051.285626, "delta": 0.003244}}
{"target": -13.499936274767428, "params": {"colsample_bytree": 0.9744354074833463, "eta": 0.06584560574942709, "gamma": 684.9023818128837, "max_depth": 2.0, "min_child_weight": 4458.823932313012, "num_boost_round": 122.0, "subsample": 0.4637345893492859}, "datetime": {"datetime": "2024-01-20 14:58:17", "elapsed": 2051.288901, "delta": 0.003275}}
