{"target": -13.496950195665185, "params": {"colsample_bytree": 0.8318953237624338, "eta": 0.02412448290526059, "gamma": 959.2810368163875, "max_depth": 2.0, "min_child_weight": 4579.7435997354105, "num_boost_round": 13.0, "subsample": 0.37003676181404477}, "datetime": {"datetime": "2024-01-20 15:31:08", "elapsed": 4021.524557, "delta": 0.004919}}
{"target": -13.4969022188425, "params": {"colsample_bytree": 0.8318953237624338, "eta": 0.02412448290526059, "gamma": 959.2810368163875, "max_depth": 2.0, "min_child_weight": 4579.7435997354105, "num_boost_round": 14.0, "subsample": 0.37003676181404477}, "datetime": {"datetime": "2024-01-20 15:31:08", "elapsed": 4021.529495, "delta": 0.004938}}
{"target": -13.496836010357285, "params": {"colsample_bytree": 0.8318953237624338, "eta": 0.02412448290526059, "gamma": 959.2810368163875, "max_depth": 2.0, "min_child_weight": 4579.7435997354105, "num_boost_round": 15.0, "subsample": 0.37003676181404477}, "datetime": {"datetime": "2024-01-20 15:31:08", "elapsed": 4021.534609, "delta": 0.005114}}
{"target": -13.496813260663185, "params": {"colsample_bytree": 0.8318953237624338, "eta": 0.02412448290526059, "gamma": 959.2810368163875, "max_depth": 2.0, "min_child_weight": 4579.7435997354105, "num_boost_round": 16.0, "subsample": 0.37003676181404477}, "datetime": {"datetime": "2024-01-20 15:31:08", "elapsed": 4021.539671, "delta": 0.005062}}
{"target": -13.49687120598769, "params": {"colsample_bytree": 0.8318953237624338, "eta": 0.02412448290526059, "gamma": 959.2810368163875, "max_depth": 2.0, "min_child_weight": 4579.7435997354105, "num_boost_round": 17.0, "subsample": 0.37003676181404477}, "datetime": {"datetime": "2024-01-20 15:31:08", "elapsed": 4021.54481, "delta": 0.005139}}
{"target": -13.496831091301361, "params": {"colsample_bytree": 0.8318953237624338, "eta": 0.02412448290526059, "gamma": 959.2810368163875, "max_depth": 2.0, "min_child_weight": 4579.7435997354105, "num_boost_round": 18.0, "subsample": 0.37003676181404477}, "datetime": {"datetime": "2024-01-20 15:31:08", "elapsed": 4021.549875, "delta": 0.005065}}
{"target": -13.49755820005283, "params": {"colsample_bytree": 0.2488867649463865, "eta": 0.075808196108507, "gamma": 969.4338237433584, "max_depth": 8.0, "min_child_weight": 4630.058283316476, "num_boost_round": 1.0, "subsample": 0.9964145638482031}, "datetime": {"datetime": "2024-01-20 15:32:26", "elapsed": 4099.823702, "delta": 78.273827}}
{"target": -13.497697938017541, "params": {"colsample_bytree": 0.2488867649463865, "eta": 0.075808196108507, "gamma": 969.4338237433584, "max_depth": 8.0, "min_child_weight": 4630.058283316476, "num_boost_round": 2.0, "subsample": 0.9964145638482031}, "datetime": {"datetime": "2024-01-20 15:32:26", "elapsed": 4099.829618, "delta": 0.005916}}
{"target": -13.497451948483805, "params": {"colsample_bytree": 0.2488867649463865, "eta": 0.075808196108507, "gamma": 969.4338237433584, "max_depth": 8.0, "min_child_weight": 4630.058283316476, "num_boost_round": 3.0, "subsample": 0.9964145638482031}, "datetime": {"datetime": "2024-01-20 15:32:26", "elapsed": 4099.835168, "delta": 0.00555}}
{"target": -13.497847358017534, "params": {"colsample_bytree": 0.2488867649463865, "eta": 0.075808196108507, "gamma": 969.4338237433584, "max_depth": 8.0, "min_child_weight": 4630.058283316476, "num_boost_round": 4.0, "subsample": 0.9964145638482031}, "datetime": {"datetime": "2024-01-20 15:32:26", "elapsed": 4099.840236, "delta": 0.005068}}
{"target": -13.497772559909066, "params": {"colsample_bytree": 0.2488867649463865, "eta": 0.075808196108507, "gamma": 969.4338237433584, "max_depth": 8.0, "min_child_weight": 4630.058283316476, "num_boost_round": 5.0, "subsample": 0.9964145638482031}, "datetime": {"datetime": "2024-01-20 15:32:26", "elapsed": 4099.847255, "delta": 0.007019}}
{"target": -13.498025582253904, "params": {"colsample_bytree": 0.2488867649463865, "eta": 0.075808196108507, "gamma": 969.4338237433584, "max_depth": 8.0, "min_child_weight": 4630.058283316476, "num_boost_round": 6.0, "subsample": 0.9964145638482031}, "datetime": {"datetime": "2024-01-20 15:32:26", "elapsed": 4099.854675, "delta": 0.00742}}
{"target": -13.499081960341947, "params": {"colsample_bytree": 0.2488867649463865, "eta": 0.075808196108507, "gamma": 969.4338237433584, "max_depth": 8.0, "min_child_weight": 4630.058283316476, "num_boost_round": 7.0, "subsample": 0.9964145638482031}, "datetime": {"datetime": "2024-01-20 15:32:26", "elapsed": 4099.862117, "delta": 0.007442}}
{"target": -13.499291383648497, "params": {"colsample_bytree": 0.2488867649463865, "eta": 0.075808196108507, "gamma": 969.4338237433584, "max_depth": 8.0, "min_child_weight": 4630.058283316476, "num_boost_round": 8.0, "subsample": 0.9964145638482031}, "datetime": {"datetime": "2024-01-20 15:32:26", "elapsed": 4099.867738, "delta": 0.005621}}
{"target": -13.499418639932765, "params": {"colsample_bytree": 0.2488867649463865, "eta": 0.075808196108507, "gamma": 969.4338237433584, "max_depth": 8.0, "min_child_weight": 4630.058283316476, "num_boost_round": 9.0, "subsample": 0.9964145638482031}, "datetime": {"datetime": "2024-01-20 15:32:26", "elapsed": 4099.872694, "delta": 0.004956}}
{"target": -13.499081456729739, "params": {"colsample_bytree": 0.2488867649463865, "eta": 0.075808196108507, "gamma": 969.4338237433584, "max_depth": 8.0, "min_child_weight": 4630.058283316476, "num_boost_round": 10.0, "subsample": 0.9964145638482031}, "datetime": {"datetime": "2024-01-20 15:32:26", "elapsed": 4099.877775, "delta": 0.005081}}
{"target": -13.499162268044149, "params": {"colsample_bytree": 0.2488867649463865, "eta": 0.075808196108507, "gamma": 969.4338237433584, "max_depth": 8.0, "min_child_weight": 4630.058283316476, "num_boost_round": 11.0, "subsample": 0.9964145638482031}, "datetime": {"datetime": "2024-01-20 15:32:26", "elapsed": 4099.882756, "delta": 0.004981}}
{"target": -13.50018115459506, "params": {"colsample_bytree": 0.2488867649463865, "eta": 0.075808196108507, "gamma": 969.4338237433584, "max_depth": 8.0, "min_child_weight": 4630.058283316476, "num_boost_round": 12.0, "subsample": 0.9964145638482031}, "datetime": {"datetime": "2024-01-20 15:32:26", "elapsed": 4099.887802, "delta": 0.005046}}
{"target": -13.500560647519254, "params": {"colsample_bytree": 0.2488867649463865, "eta": 0.075808196108507, "gamma": 969.4338237433584, "max_depth": 8.0, "min_child_weight": 4630.058283316476, "num_boost_round": 13.0, "subsample": 0.9964145638482031}, "datetime": {"datetime": "2024-01-20 15:32:26", "elapsed": 4099.892983, "delta": 0.005181}}
{"target": -13.500270830593633, "params": {"colsample_bytree": 0.2488867649463865, "eta": 0.075808196108507, "gamma": 969.4338237433584, "max_depth": 8.0, "min_child_weight": 4630.058283316476, "num_boost_round": 14.0, "subsample": 0.9964145638482031}, "datetime": {"datetime": "2024-01-20 15:32:26", "elapsed": 4099.898182, "delta": 0.005199}}
{"target": -13.50056860954545, "params": {"colsample_bytree": 0.2488867649463865, "eta": 0.075808196108507, "gamma": 969.4338237433584, "max_depth": 8.0, "min_child_weight": 4630.058283316476, "num_boost_round": 15.0, "subsample": 0.9964145638482031}, "datetime": {"datetime": "2024-01-20 15:32:26", "elapsed": 4099.903475, "delta": 0.005293}}
{"target": -13.501576347663454, "params": {"colsample_bytree": 0.2488867649463865, "eta": 0.075808196108507, "gamma": 969.4338237433584, "max_depth": 8.0, "min_child_weight": 4630.058283316476, "num_boost_round": 16.0, "subsample": 0.9964145638482031}, "datetime": {"datetime": "2024-01-20 15:32:26", "elapsed": 4099.908393, "delta": 0.004918}}
{"target": -13.50202224958945, "params": {"colsample_bytree": 0.2488867649463865, "eta": 0.075808196108507, "gamma": 969.4338237433584, "max_depth": 8.0, "min_child_weight": 4630.058283316476, "num_boost_round": 17.0, "subsample": 0.9964145638482031}, "datetime": {"datetime": "2024-01-20 15:32:26", "elapsed": 4099.91337, "delta": 0.004977}}
{"target": -13.502786515937721, "params": {"colsample_bytree": 0.2488867649463865, "eta": 0.075808196108507, "gamma": 969.4338237433584, "max_depth": 8.0, "min_child_weight": 4630.058283316476, "num_boost_round": 18.0, "subsample": 0.9964145638482031}, "datetime": {"datetime": "2024-01-20 15:32:26", "elapsed": 4099.918593, "delta": 0.005223}}
{"target": -13.503652125928197, "params": {"colsample_bytree": 0.2488867649463865, "eta": 0.075808196108507, "gamma": 969.4338237433584, "max_depth": 8.0, "min_child_weight": 4630.058283316476, "num_boost_round": 19.0, "subsample": 0.9964145638482031}, "datetime": {"datetime": "2024-01-20 15:32:26", "elapsed": 4099.923733, "delta": 0.00514}}
{"target": -13.503641652477334, "params": {"colsample_bytree": 0.2488867649463865, "eta": 0.075808196108507, "gamma": 969.4338237433584, "max_depth": 8.0, "min_child_weight": 4630.058283316476, "num_boost_round": 20.0, "subsample": 0.9964145638482031}, "datetime": {"datetime": "2024-01-20 15:32:26", "elapsed": 4099.928789, "delta": 0.005056}}
{"target": -13.504071191974164, "params": {"colsample_bytree": 0.2488867649463865, "eta": 0.075808196108507, "gamma": 969.4338237433584, "max_depth": 8.0, "min_child_weight": 4630.058283316476, "num_boost_round": 21.0, "subsample": 0.9964145638482031}, "datetime": {"datetime": "2024-01-20 15:32:26", "elapsed": 4099.933716, "delta": 0.004927}}
{"target": -13.503995597074812, "params": {"colsample_bytree": 0.2488867649463865, "eta": 0.075808196108507, "gamma": 969.4338237433584, "max_depth": 8.0, "min_child_weight": 4630.058283316476, "num_boost_round": 22.0, "subsample": 0.9964145638482031}, "datetime": {"datetime": "2024-01-20 15:32:26", "elapsed": 4099.938637, "delta": 0.004921}}
{"target": -13.503965808401283, "params": {"colsample_bytree": 0.2488867649463865, "eta": 0.075808196108507, "gamma": 969.4338237433584, "max_depth": 8.0, "min_child_weight": 4630.058283316476, "num_boost_round": 23.0, "subsample": 0.9964145638482031}, "datetime": {"datetime": "2024-01-20 15:32:26", "elapsed": 4099.943599, "delta": 0.004962}}
{"target": -13.504222137197546, "params": {"colsample_bytree": 0.2488867649463865, "eta": 0.075808196108507, "gamma": 969.4338237433584, "max_depth": 8.0, "min_child_weight": 4630.058283316476, "num_boost_round": 24.0, "subsample": 0.9964145638482031}, "datetime": {"datetime": "2024-01-20 15:32:26", "elapsed": 4099.948675, "delta": 0.005076}}
{"target": -13.497571309080838, "params": {"colsample_bytree": 0.7316352262897425, "eta": 0.09341653288861058, "gamma": 975.7356326668776, "max_depth": 2.0, "min_child_weight": 4485.729539786866, "num_boost_round": 1.0, "subsample": 0.6130330981372166}, "datetime": {"datetime": "2024-01-20 15:33:33", "elapsed": 4167.152383, "delta": 67.203708}}
{"target": -13.497593116769094, "params": {"colsample_bytree": 0.7316352262897425, "eta": 0.09341653288861058, "gamma": 975.7356326668776, "max_depth": 2.0, "min_child_weight": 4485.729539786866, "num_boost_round": 2.0, "subsample": 0.6130330981372166}, "datetime": {"datetime": "2024-01-20 15:33:33", "elapsed": 4167.159132, "delta": 0.006749}}
{"target": -13.49781817173465, "params": {"colsample_bytree": 0.7316352262897425, "eta": 0.09341653288861058, "gamma": 975.7356326668776, "max_depth": 2.0, "min_child_weight": 4485.729539786866, "num_boost_round": 3.0, "subsample": 0.6130330981372166}, "datetime": {"datetime": "2024-01-20 15:33:33", "elapsed": 4167.166042, "delta": 0.00691}}
{"target": -13.498043984573584, "params": {"colsample_bytree": 0.7316352262897425, "eta": 0.09341653288861058, "gamma": 975.7356326668776, "max_depth": 2.0, "min_child_weight": 4485.729539786866, "num_boost_round": 4.0, "subsample": 0.6130330981372166}, "datetime": {"datetime": "2024-01-20 15:33:33", "elapsed": 4167.173228, "delta": 0.007186}}
{"target": -13.498211388885656, "params": {"colsample_bytree": 0.7316352262897425, "eta": 0.09341653288861058, "gamma": 975.7356326668776, "max_depth": 2.0, "min_child_weight": 4485.729539786866, "num_boost_round": 5.0, "subsample": 0.6130330981372166}, "datetime": {"datetime": "2024-01-20 15:33:33", "elapsed": 4167.179226, "delta": 0.005998}}
{"target": -13.498292994051063, "params": {"colsample_bytree": 0.7316352262897425, "eta": 0.09341653288861058, "gamma": 975.7356326668776, "max_depth": 2.0, "min_child_weight": 4485.729539786866, "num_boost_round": 6.0, "subsample": 0.6130330981372166}, "datetime": {"datetime": "2024-01-20 15:33:33", "elapsed": 4167.18448, "delta": 0.005254}}
{"target": -13.499028169033878, "params": {"colsample_bytree": 0.7316352262897425, "eta": 0.09341653288861058, "gamma": 975.7356326668776, "max_depth": 2.0, "min_child_weight": 4485.729539786866, "num_boost_round": 7.0, "subsample": 0.6130330981372166}, "datetime": {"datetime": "2024-01-20 15:33:33", "elapsed": 4167.189759, "delta": 0.005279}}
{"target": -13.497284377146643, "params": {"colsample_bytree": 0.9676667669298371, "eta": 0.06380796831522005, "gamma": 528.69909641127, "max_depth": 6.0, "min_child_weight": 4012.236123205966, "num_boost_round": 1.0, "subsample": 0.47525367212059566}, "datetime": {"datetime": "2024-01-20 15:35:28", "elapsed": 4281.755266, "delta": 114.565507}}
{"target": -13.496743666763411, "params": {"colsample_bytree": 0.9676667669298371, "eta": 0.06380796831522005, "gamma": 528.69909641127, "max_depth": 6.0, "min_child_weight": 4012.236123205966, "num_boost_round": 2.0, "subsample": 0.47525367212059566}, "datetime": {"datetime": "2024-01-20 15:35:28", "elapsed": 4281.761876, "delta": 0.00661}}
{"target": -13.496651012293466, "params": {"colsample_bytree": 0.9676667669298371, "eta": 0.06380796831522005, "gamma": 528.69909641127, "max_depth": 6.0, "min_child_weight": 4012.236123205966, "num_boost_round": 3.0, "subsample": 0.47525367212059566}, "datetime": {"datetime": "2024-01-20 15:35:28", "elapsed": 4281.766931, "delta": 0.005055}}
{"target": -13.496634414738267, "params": {"colsample_bytree": 0.9676667669298371, "eta": 0.06380796831522005, "gamma": 528.69909641127, "max_depth": 6.0, "min_child_weight": 4012.236123205966, "num_boost_round": 4.0, "subsample": 0.47525367212059566}, "datetime": {"datetime": "2024-01-20 15:35:28", "elapsed": 4281.772016, "delta": 0.005085}}
{"target": -13.496413811887953, "params": {"colsample_bytree": 0.9676667669298371, "eta": 0.06380796831522005, "gamma": 528.69909641127, "max_depth": 6.0, "min_child_weight": 4012.236123205966, "num_boost_round": 5.0, "subsample": 0.47525367212059566}, "datetime": {"datetime": "2024-01-20 15:35:28", "elapsed": 4281.777142, "delta": 0.005126}}
{"target": -13.496349383687981, "params": {"colsample_bytree": 0.9676667669298371, "eta": 0.06380796831522005, "gamma": 528.69909641127, "max_depth": 6.0, "min_child_weight": 4012.236123205966, "num_boost_round": 6.0, "subsample": 0.47525367212059566}, "datetime": {"datetime": "2024-01-20 15:35:28", "elapsed": 4281.782198, "delta": 0.005056}}
{"target": -13.496631689336553, "params": {"colsample_bytree": 0.9676667669298371, "eta": 0.06380796831522005, "gamma": 528.69909641127, "max_depth": 6.0, "min_child_weight": 4012.236123205966, "num_boost_round": 7.0, "subsample": 0.47525367212059566}, "datetime": {"datetime": "2024-01-20 15:35:28", "elapsed": 4281.78724, "delta": 0.005042}}
{"target": -13.496599562273454, "params": {"colsample_bytree": 0.9676667669298371, "eta": 0.06380796831522005, "gamma": 528.69909641127, "max_depth": 6.0, "min_child_weight": 4012.236123205966, "num_boost_round": 8.0, "subsample": 0.47525367212059566}, "datetime": {"datetime": "2024-01-20 15:35:28", "elapsed": 4281.792352, "delta": 0.005112}}
{"target": -13.497234482100097, "params": {"colsample_bytree": 0.6199385896424969, "eta": 0.06987966073865284, "gamma": 985.1399124139559, "max_depth": 9.0, "min_child_weight": 4601.570132700201, "num_boost_round": 1.0, "subsample": 0.36005902899521336}, "datetime": {"datetime": "2024-01-20 15:37:52", "elapsed": 4425.582211, "delta": 143.789859}}
{"target": -13.4967129561788, "params": {"colsample_bytree": 0.6199385896424969, "eta": 0.06987966073865284, "gamma": 985.1399124139559, "max_depth": 9.0, "min_child_weight": 4601.570132700201, "num_boost_round": 2.0, "subsample": 0.36005902899521336}, "datetime": {"datetime": "2024-01-20 15:37:52", "elapsed": 4425.588932, "delta": 0.006721}}
{"target": -13.496556477792348, "params": {"colsample_bytree": 0.6199385896424969, "eta": 0.06987966073865284, "gamma": 985.1399124139559, "max_depth": 9.0, "min_child_weight": 4601.570132700201, "num_boost_round": 3.0, "subsample": 0.36005902899521336}, "datetime": {"datetime": "2024-01-20 15:37:52", "elapsed": 4425.59418, "delta": 0.005248}}
{"target": -13.496150576494461, "params": {"colsample_bytree": 0.6199385896424969, "eta": 0.06987966073865284, "gamma": 985.1399124139559, "max_depth": 9.0, "min_child_weight": 4601.570132700201, "num_boost_round": 4.0, "subsample": 0.36005902899521336}, "datetime": {"datetime": "2024-01-20 15:37:52", "elapsed": 4425.599345, "delta": 0.005165}}
{"target": -13.495787145818825, "params": {"colsample_bytree": 0.6199385896424969, "eta": 0.06987966073865284, "gamma": 985.1399124139559, "max_depth": 9.0, "min_child_weight": 4601.570132700201, "num_boost_round": 5.0, "subsample": 0.36005902899521336}, "datetime": {"datetime": "2024-01-20 15:37:52", "elapsed": 4425.60457, "delta": 0.005225}}
{"target": -13.495684133195482, "params": {"colsample_bytree": 0.6199385896424969, "eta": 0.06987966073865284, "gamma": 985.1399124139559, "max_depth": 9.0, "min_child_weight": 4601.570132700201, "num_boost_round": 6.0, "subsample": 0.36005902899521336}, "datetime": {"datetime": "2024-01-20 15:37:52", "elapsed": 4425.609896, "delta": 0.005326}}
{"target": -13.495540915315324, "params": {"colsample_bytree": 0.6199385896424969, "eta": 0.06987966073865284, "gamma": 985.1399124139559, "max_depth": 9.0, "min_child_weight": 4601.570132700201, "num_boost_round": 7.0, "subsample": 0.36005902899521336}, "datetime": {"datetime": "2024-01-20 15:37:52", "elapsed": 4425.615466, "delta": 0.00557}}
{"target": -13.49545794006778, "params": {"colsample_bytree": 0.6199385896424969, "eta": 0.06987966073865284, "gamma": 985.1399124139559, "max_depth": 9.0, "min_child_weight": 4601.570132700201, "num_boost_round": 8.0, "subsample": 0.36005902899521336}, "datetime": {"datetime": "2024-01-20 15:37:52", "elapsed": 4425.620463, "delta": 0.004997}}
{"target": -13.495534325517701, "params": {"colsample_bytree": 0.6199385896424969, "eta": 0.06987966073865284, "gamma": 985.1399124139559, "max_depth": 9.0, "min_child_weight": 4601.570132700201, "num_boost_round": 9.0, "subsample": 0.36005902899521336}, "datetime": {"datetime": "2024-01-20 15:37:52", "elapsed": 4425.625461, "delta": 0.004998}}
{"target": -13.495616284592781, "params": {"colsample_bytree": 0.6199385896424969, "eta": 0.06987966073865284, "gamma": 985.1399124139559, "max_depth": 9.0, "min_child_weight": 4601.570132700201, "num_boost_round": 10.0, "subsample": 0.36005902899521336}, "datetime": {"datetime": "2024-01-20 15:37:52", "elapsed": 4425.630435, "delta": 0.004974}}
{"target": -13.495656911881666, "params": {"colsample_bytree": 0.6199385896424969, "eta": 0.06987966073865284, "gamma": 985.1399124139559, "max_depth": 9.0, "min_child_weight": 4601.570132700201, "num_boost_round": 11.0, "subsample": 0.36005902899521336}, "datetime": {"datetime": "2024-01-20 15:37:52", "elapsed": 4425.637225, "delta": 0.00679}}
{"target": -13.495911415589234, "params": {"colsample_bytree": 0.6199385896424969, "eta": 0.06987966073865284, "gamma": 985.1399124139559, "max_depth": 9.0, "min_child_weight": 4601.570132700201, "num_boost_round": 12.0, "subsample": 0.36005902899521336}, "datetime": {"datetime": "2024-01-20 15:37:52", "elapsed": 4425.646035, "delta": 0.00881}}
{"target": -13.495977400197061, "params": {"colsample_bytree": 0.6199385896424969, "eta": 0.06987966073865284, "gamma": 985.1399124139559, "max_depth": 9.0, "min_child_weight": 4601.570132700201, "num_boost_round": 13.0, "subsample": 0.36005902899521336}, "datetime": {"datetime": "2024-01-20 15:37:52", "elapsed": 4425.652596, "delta": 0.006561}}
{"target": -13.496245804618491, "params": {"colsample_bytree": 0.6199385896424969, "eta": 0.06987966073865284, "gamma": 985.1399124139559, "max_depth": 9.0, "min_child_weight": 4601.570132700201, "num_boost_round": 14.0, "subsample": 0.36005902899521336}, "datetime": {"datetime": "2024-01-20 15:37:52", "elapsed": 4425.657903, "delta": 0.005307}}
{"target": -13.496393593386037, "params": {"colsample_bytree": 0.6199385896424969, "eta": 0.06987966073865284, "gamma": 985.1399124139559, "max_depth": 9.0, "min_child_weight": 4601.570132700201, "num_boost_round": 15.0, "subsample": 0.36005902899521336}, "datetime": {"datetime": "2024-01-20 15:37:52", "elapsed": 4425.663023, "delta": 0.00512}}
{"target": -13.496712524739534, "params": {"colsample_bytree": 0.6199385896424969, "eta": 0.06987966073865284, "gamma": 985.1399124139559, "max_depth": 9.0, "min_child_weight": 4601.570132700201, "num_boost_round": 16.0, "subsample": 0.36005902899521336}, "datetime": {"datetime": "2024-01-20 15:37:52", "elapsed": 4425.668182, "delta": 0.005159}}
{"target": -13.496833940900018, "params": {"colsample_bytree": 0.6199385896424969, "eta": 0.06987966073865284, "gamma": 985.1399124139559, "max_depth": 9.0, "min_child_weight": 4601.570132700201, "num_boost_round": 17.0, "subsample": 0.36005902899521336}, "datetime": {"datetime": "2024-01-20 15:37:52", "elapsed": 4425.673533, "delta": 0.005351}}
{"target": -13.496939166116583, "params": {"colsample_bytree": 0.6199385896424969, "eta": 0.06987966073865284, "gamma": 985.1399124139559, "max_depth": 9.0, "min_child_weight": 4601.570132700201, "num_boost_round": 18.0, "subsample": 0.36005902899521336}, "datetime": {"datetime": "2024-01-20 15:37:52", "elapsed": 4425.678952, "delta": 0.005419}}
