{"target": -13.732099670127006, "params": {"colsample_bytree": 0.8248650224565003, "eta": 0.04317322551075536, "gamma": 456.0651663193882, "max_depth": 7.0, "min_child_weight": 3375.974835550026, "num_boost_round": 2.0, "subsample": 0.1136102154592311}, "datetime": {"datetime": "2024-01-20 15:54:08", "elapsed": 5409.636702, "delta": 0.003095}}
{"target": -13.733202592384472, "params": {"colsample_bytree": 0.8248650224565003, "eta": 0.04317322551075536, "gamma": 456.0651663193882, "max_depth": 7.0, "min_child_weight": 3375.974835550026, "num_boost_round": 3.0, "subsample": 0.1136102154592311}, "datetime": {"datetime": "2024-01-20 15:54:08", "elapsed": 5409.639541, "delta": 0.002839}}
{"target": -13.731645520279907, "params": {"colsample_bytree": 0.20876051811469581, "eta": 0.06649496573067823, "gamma": 794.4615194236375, "max_depth": 6.0, "min_child_weight": 4422.6920479538885, "num_boost_round": 1.0, "subsample": 0.17097584969746765}, "datetime": {"datetime": "2024-01-20 15:54:50", "elapsed": 5451.785974, "delta": 42.146433}}
{"target": -13.732053365124075, "params": {"colsample_bytree": 0.20876051811469581, "eta": 0.06649496573067823, "gamma": 794.4615194236375, "max_depth": 6.0, "min_child_weight": 4422.6920479538885, "num_boost_round": 2.0, "subsample": 0.17097584969746765}, "datetime": {"datetime": "2024-01-20 15:54:50", "elapsed": 5451.789147, "delta": 0.003173}}
{"target": -13.732788061101125, "params": {"colsample_bytree": 0.20876051811469581, "eta": 0.06649496573067823, "gamma": 794.4615194236375, "max_depth": 6.0, "min_child_weight": 4422.6920479538885, "num_boost_round": 3.0, "subsample": 0.17097584969746765}, "datetime": {"datetime": "2024-01-20 15:54:50", "elapsed": 5451.791906, "delta": 0.002759}}
{"target": -13.733162252052484, "params": {"colsample_bytree": 0.20876051811469581, "eta": 0.06649496573067823, "gamma": 794.4615194236375, "max_depth": 6.0, "min_child_weight": 4422.6920479538885, "num_boost_round": 4.0, "subsample": 0.17097584969746765}, "datetime": {"datetime": "2024-01-20 15:54:50", "elapsed": 5451.79438, "delta": 0.002474}}
{"target": -13.734070167864136, "params": {"colsample_bytree": 0.20876051811469581, "eta": 0.06649496573067823, "gamma": 794.4615194236375, "max_depth": 6.0, "min_child_weight": 4422.6920479538885, "num_boost_round": 5.0, "subsample": 0.17097584969746765}, "datetime": {"datetime": "2024-01-20 15:54:50", "elapsed": 5451.796799, "delta": 0.002419}}
{"target": -13.73514475378993, "params": {"colsample_bytree": 0.20876051811469581, "eta": 0.06649496573067823, "gamma": 794.4615194236375, "max_depth": 6.0, "min_child_weight": 4422.6920479538885, "num_boost_round": 6.0, "subsample": 0.17097584969746765}, "datetime": {"datetime": "2024-01-20 15:54:50", "elapsed": 5451.799217, "delta": 0.002418}}
{"target": -13.7356943967599, "params": {"colsample_bytree": 0.20876051811469581, "eta": 0.06649496573067823, "gamma": 794.4615194236375, "max_depth": 6.0, "min_child_weight": 4422.6920479538885, "num_boost_round": 7.0, "subsample": 0.17097584969746765}, "datetime": {"datetime": "2024-01-20 15:54:50", "elapsed": 5451.801628, "delta": 0.002411}}
{"target": -13.735880969252502, "params": {"colsample_bytree": 0.20876051811469581, "eta": 0.06649496573067823, "gamma": 794.4615194236375, "max_depth": 6.0, "min_child_weight": 4422.6920479538885, "num_boost_round": 8.0, "subsample": 0.17097584969746765}, "datetime": {"datetime": "2024-01-20 15:54:50", "elapsed": 5451.804124, "delta": 0.002496}}
{"target": -13.736486749062854, "params": {"colsample_bytree": 0.20876051811469581, "eta": 0.06649496573067823, "gamma": 794.4615194236375, "max_depth": 6.0, "min_child_weight": 4422.6920479538885, "num_boost_round": 9.0, "subsample": 0.17097584969746765}, "datetime": {"datetime": "2024-01-20 15:54:50", "elapsed": 5451.806543, "delta": 0.002419}}
{"target": -13.736969747323393, "params": {"colsample_bytree": 0.20876051811469581, "eta": 0.06649496573067823, "gamma": 794.4615194236375, "max_depth": 6.0, "min_child_weight": 4422.6920479538885, "num_boost_round": 10.0, "subsample": 0.17097584969746765}, "datetime": {"datetime": "2024-01-20 15:54:50", "elapsed": 5451.808952, "delta": 0.002409}}
{"target": -13.73819323041381, "params": {"colsample_bytree": 0.20876051811469581, "eta": 0.06649496573067823, "gamma": 794.4615194236375, "max_depth": 6.0, "min_child_weight": 4422.6920479538885, "num_boost_round": 11.0, "subsample": 0.17097584969746765}, "datetime": {"datetime": "2024-01-20 15:54:50", "elapsed": 5451.811425, "delta": 0.002473}}
{"target": -13.73821520653635, "params": {"colsample_bytree": 0.20876051811469581, "eta": 0.06649496573067823, "gamma": 794.4615194236375, "max_depth": 6.0, "min_child_weight": 4422.6920479538885, "num_boost_round": 12.0, "subsample": 0.17097584969746765}, "datetime": {"datetime": "2024-01-20 15:54:50", "elapsed": 5451.813839, "delta": 0.002414}}
{"target": -13.738420943104295, "params": {"colsample_bytree": 0.20876051811469581, "eta": 0.06649496573067823, "gamma": 794.4615194236375, "max_depth": 6.0, "min_child_weight": 4422.6920479538885, "num_boost_round": 13.0, "subsample": 0.17097584969746765}, "datetime": {"datetime": "2024-01-20 15:54:50", "elapsed": 5451.816249, "delta": 0.00241}}
{"target": -13.739017610717559, "params": {"colsample_bytree": 0.20876051811469581, "eta": 0.06649496573067823, "gamma": 794.4615194236375, "max_depth": 6.0, "min_child_weight": 4422.6920479538885, "num_boost_round": 14.0, "subsample": 0.17097584969746765}, "datetime": {"datetime": "2024-01-20 15:54:50", "elapsed": 5451.818668, "delta": 0.002419}}
{"target": -13.73892914252879, "params": {"colsample_bytree": 0.20876051811469581, "eta": 0.06649496573067823, "gamma": 794.4615194236375, "max_depth": 6.0, "min_child_weight": 4422.6920479538885, "num_boost_round": 15.0, "subsample": 0.17097584969746765}, "datetime": {"datetime": "2024-01-20 15:54:50", "elapsed": 5451.821077, "delta": 0.002409}}
{"target": -13.73983497694621, "params": {"colsample_bytree": 0.20876051811469581, "eta": 0.06649496573067823, "gamma": 794.4615194236375, "max_depth": 6.0, "min_child_weight": 4422.6920479538885, "num_boost_round": 16.0, "subsample": 0.17097584969746765}, "datetime": {"datetime": "2024-01-20 15:54:50", "elapsed": 5451.823628, "delta": 0.002551}}
{"target": -13.740313339635197, "params": {"colsample_bytree": 0.20876051811469581, "eta": 0.06649496573067823, "gamma": 794.4615194236375, "max_depth": 6.0, "min_child_weight": 4422.6920479538885, "num_boost_round": 17.0, "subsample": 0.17097584969746765}, "datetime": {"datetime": "2024-01-20 15:54:50", "elapsed": 5451.826049, "delta": 0.002421}}
{"target": -13.740799096179234, "params": {"colsample_bytree": 0.20876051811469581, "eta": 0.06649496573067823, "gamma": 794.4615194236375, "max_depth": 6.0, "min_child_weight": 4422.6920479538885, "num_boost_round": 18.0, "subsample": 0.17097584969746765}, "datetime": {"datetime": "2024-01-20 15:54:50", "elapsed": 5451.828458, "delta": 0.002409}}
{"target": -13.741432249640102, "params": {"colsample_bytree": 0.20876051811469581, "eta": 0.06649496573067823, "gamma": 794.4615194236375, "max_depth": 6.0, "min_child_weight": 4422.6920479538885, "num_boost_round": 19.0, "subsample": 0.17097584969746765}, "datetime": {"datetime": "2024-01-20 15:54:50", "elapsed": 5451.830886, "delta": 0.002428}}
{"target": -13.741717608212143, "params": {"colsample_bytree": 0.20876051811469581, "eta": 0.06649496573067823, "gamma": 794.4615194236375, "max_depth": 6.0, "min_child_weight": 4422.6920479538885, "num_boost_round": 20.0, "subsample": 0.17097584969746765}, "datetime": {"datetime": "2024-01-20 15:54:50", "elapsed": 5451.833577, "delta": 0.002691}}
{"target": -13.742285445093799, "params": {"colsample_bytree": 0.20876051811469581, "eta": 0.06649496573067823, "gamma": 794.4615194236375, "max_depth": 6.0, "min_child_weight": 4422.6920479538885, "num_boost_round": 21.0, "subsample": 0.17097584969746765}, "datetime": {"datetime": "2024-01-20 15:54:50", "elapsed": 5451.836081, "delta": 0.002504}}
{"target": -13.74259670134496, "params": {"colsample_bytree": 0.20876051811469581, "eta": 0.06649496573067823, "gamma": 794.4615194236375, "max_depth": 6.0, "min_child_weight": 4422.6920479538885, "num_boost_round": 22.0, "subsample": 0.17097584969746765}, "datetime": {"datetime": "2024-01-20 15:54:50", "elapsed": 5451.838495, "delta": 0.002414}}
{"target": -13.742964740654003, "params": {"colsample_bytree": 0.20876051811469581, "eta": 0.06649496573067823, "gamma": 794.4615194236375, "max_depth": 6.0, "min_child_weight": 4422.6920479538885, "num_boost_round": 23.0, "subsample": 0.17097584969746765}, "datetime": {"datetime": "2024-01-20 15:54:50", "elapsed": 5451.840929, "delta": 0.002434}}
{"target": -13.743748940436834, "params": {"colsample_bytree": 0.20876051811469581, "eta": 0.06649496573067823, "gamma": 794.4615194236375, "max_depth": 6.0, "min_child_weight": 4422.6920479538885, "num_boost_round": 24.0, "subsample": 0.17097584969746765}, "datetime": {"datetime": "2024-01-20 15:54:50", "elapsed": 5451.843459, "delta": 0.00253}}
{"target": -13.744013676442181, "params": {"colsample_bytree": 0.20876051811469581, "eta": 0.06649496573067823, "gamma": 794.4615194236375, "max_depth": 6.0, "min_child_weight": 4422.6920479538885, "num_boost_round": 25.0, "subsample": 0.17097584969746765}, "datetime": {"datetime": "2024-01-20 15:54:50", "elapsed": 5451.845887, "delta": 0.002428}}
{"target": -13.744429183998855, "params": {"colsample_bytree": 0.20876051811469581, "eta": 0.06649496573067823, "gamma": 794.4615194236375, "max_depth": 6.0, "min_child_weight": 4422.6920479538885, "num_boost_round": 26.0, "subsample": 0.17097584969746765}, "datetime": {"datetime": "2024-01-20 15:54:50", "elapsed": 5451.848316, "delta": 0.002429}}
{"target": -13.745208680084087, "params": {"colsample_bytree": 0.20876051811469581, "eta": 0.06649496573067823, "gamma": 794.4615194236375, "max_depth": 6.0, "min_child_weight": 4422.6920479538885, "num_boost_round": 27.0, "subsample": 0.17097584969746765}, "datetime": {"datetime": "2024-01-20 15:54:50", "elapsed": 5451.850745, "delta": 0.002429}}
{"target": -13.745922130715158, "params": {"colsample_bytree": 0.20876051811469581, "eta": 0.06649496573067823, "gamma": 794.4615194236375, "max_depth": 6.0, "min_child_weight": 4422.6920479538885, "num_boost_round": 28.0, "subsample": 0.17097584969746765}, "datetime": {"datetime": "2024-01-20 15:54:50", "elapsed": 5451.853242, "delta": 0.002497}}
{"target": -13.746365717398708, "params": {"colsample_bytree": 0.20876051811469581, "eta": 0.06649496573067823, "gamma": 794.4615194236375, "max_depth": 6.0, "min_child_weight": 4422.6920479538885, "num_boost_round": 29.0, "subsample": 0.17097584969746765}, "datetime": {"datetime": "2024-01-20 15:54:50", "elapsed": 5451.855672, "delta": 0.00243}}
{"target": -13.74690498269436, "params": {"colsample_bytree": 0.20876051811469581, "eta": 0.06649496573067823, "gamma": 794.4615194236375, "max_depth": 6.0, "min_child_weight": 4422.6920479538885, "num_boost_round": 30.0, "subsample": 0.17097584969746765}, "datetime": {"datetime": "2024-01-20 15:54:50", "elapsed": 5451.858116, "delta": 0.002444}}
{"target": -13.747079530181857, "params": {"colsample_bytree": 0.20876051811469581, "eta": 0.06649496573067823, "gamma": 794.4615194236375, "max_depth": 6.0, "min_child_weight": 4422.6920479538885, "num_boost_round": 31.0, "subsample": 0.17097584969746765}, "datetime": {"datetime": "2024-01-20 15:54:50", "elapsed": 5451.860547, "delta": 0.002431}}
{"target": -13.747317195852503, "params": {"colsample_bytree": 0.20876051811469581, "eta": 0.06649496573067823, "gamma": 794.4615194236375, "max_depth": 6.0, "min_child_weight": 4422.6920479538885, "num_boost_round": 32.0, "subsample": 0.17097584969746765}, "datetime": {"datetime": "2024-01-20 15:54:50", "elapsed": 5451.863129, "delta": 0.002582}}
{"target": -13.74766942403353, "params": {"colsample_bytree": 0.20876051811469581, "eta": 0.06649496573067823, "gamma": 794.4615194236375, "max_depth": 6.0, "min_child_weight": 4422.6920479538885, "num_boost_round": 33.0, "subsample": 0.17097584969746765}, "datetime": {"datetime": "2024-01-20 15:54:50", "elapsed": 5451.865569, "delta": 0.00244}}
{"target": -13.74805155041306, "params": {"colsample_bytree": 0.20876051811469581, "eta": 0.06649496573067823, "gamma": 794.4615194236375, "max_depth": 6.0, "min_child_weight": 4422.6920479538885, "num_boost_round": 34.0, "subsample": 0.17097584969746765}, "datetime": {"datetime": "2024-01-20 15:54:50", "elapsed": 5451.868136, "delta": 0.002567}}
{"target": -13.748796171975751, "params": {"colsample_bytree": 0.20876051811469581, "eta": 0.06649496573067823, "gamma": 794.4615194236375, "max_depth": 6.0, "min_child_weight": 4422.6920479538885, "num_boost_round": 35.0, "subsample": 0.17097584969746765}, "datetime": {"datetime": "2024-01-20 15:54:50", "elapsed": 5451.870688, "delta": 0.002552}}
{"target": -13.749004343811372, "params": {"colsample_bytree": 0.20876051811469581, "eta": 0.06649496573067823, "gamma": 794.4615194236375, "max_depth": 6.0, "min_child_weight": 4422.6920479538885, "num_boost_round": 36.0, "subsample": 0.17097584969746765}, "datetime": {"datetime": "2024-01-20 15:54:50", "elapsed": 5451.873225, "delta": 0.002537}}
{"target": -13.749275456818449, "params": {"colsample_bytree": 0.20876051811469581, "eta": 0.06649496573067823, "gamma": 794.4615194236375, "max_depth": 6.0, "min_child_weight": 4422.6920479538885, "num_boost_round": 37.0, "subsample": 0.17097584969746765}, "datetime": {"datetime": "2024-01-20 15:54:50", "elapsed": 5451.875691, "delta": 0.002466}}
{"target": -13.749642353751366, "params": {"colsample_bytree": 0.20876051811469581, "eta": 0.06649496573067823, "gamma": 794.4615194236375, "max_depth": 6.0, "min_child_weight": 4422.6920479538885, "num_boost_round": 38.0, "subsample": 0.17097584969746765}, "datetime": {"datetime": "2024-01-20 15:54:50", "elapsed": 5451.878136, "delta": 0.002445}}
{"target": -13.749882701889998, "params": {"colsample_bytree": 0.20876051811469581, "eta": 0.06649496573067823, "gamma": 794.4615194236375, "max_depth": 6.0, "min_child_weight": 4422.6920479538885, "num_boost_round": 39.0, "subsample": 0.17097584969746765}, "datetime": {"datetime": "2024-01-20 15:54:50", "elapsed": 5451.880621, "delta": 0.002485}}
{"target": -13.750422256094897, "params": {"colsample_bytree": 0.20876051811469581, "eta": 0.06649496573067823, "gamma": 794.4615194236375, "max_depth": 6.0, "min_child_weight": 4422.6920479538885, "num_boost_round": 40.0, "subsample": 0.17097584969746765}, "datetime": {"datetime": "2024-01-20 15:54:50", "elapsed": 5451.883158, "delta": 0.002537}}
{"target": -13.750700443299575, "params": {"colsample_bytree": 0.20876051811469581, "eta": 0.06649496573067823, "gamma": 794.4615194236375, "max_depth": 6.0, "min_child_weight": 4422.6920479538885, "num_boost_round": 41.0, "subsample": 0.17097584969746765}, "datetime": {"datetime": "2024-01-20 15:54:50", "elapsed": 5451.885651, "delta": 0.002493}}
{"target": -13.75100773518303, "params": {"colsample_bytree": 0.20876051811469581, "eta": 0.06649496573067823, "gamma": 794.4615194236375, "max_depth": 6.0, "min_child_weight": 4422.6920479538885, "num_boost_round": 42.0, "subsample": 0.17097584969746765}, "datetime": {"datetime": "2024-01-20 15:54:51", "elapsed": 5451.888146, "delta": 0.002495}}
{"target": -13.751341815912674, "params": {"colsample_bytree": 0.20876051811469581, "eta": 0.06649496573067823, "gamma": 794.4615194236375, "max_depth": 6.0, "min_child_weight": 4422.6920479538885, "num_boost_round": 43.0, "subsample": 0.17097584969746765}, "datetime": {"datetime": "2024-01-20 15:54:51", "elapsed": 5451.890643, "delta": 0.002497}}
{"target": -13.751594953202488, "params": {"colsample_bytree": 0.20876051811469581, "eta": 0.06649496573067823, "gamma": 794.4615194236375, "max_depth": 6.0, "min_child_weight": 4422.6920479538885, "num_boost_round": 44.0, "subsample": 0.17097584969746765}, "datetime": {"datetime": "2024-01-20 15:54:51", "elapsed": 5451.893138, "delta": 0.002495}}
{"target": -13.75198770994892, "params": {"colsample_bytree": 0.20876051811469581, "eta": 0.06649496573067823, "gamma": 794.4615194236375, "max_depth": 6.0, "min_child_weight": 4422.6920479538885, "num_boost_round": 45.0, "subsample": 0.17097584969746765}, "datetime": {"datetime": "2024-01-20 15:54:51", "elapsed": 5451.895642, "delta": 0.002504}}
{"target": -13.752668331683664, "params": {"colsample_bytree": 0.20876051811469581, "eta": 0.06649496573067823, "gamma": 794.4615194236375, "max_depth": 6.0, "min_child_weight": 4422.6920479538885, "num_boost_round": 46.0, "subsample": 0.17097584969746765}, "datetime": {"datetime": "2024-01-20 15:54:51", "elapsed": 5451.898155, "delta": 0.002513}}
{"target": -13.752835997808674, "params": {"colsample_bytree": 0.20876051811469581, "eta": 0.06649496573067823, "gamma": 794.4615194236375, "max_depth": 6.0, "min_child_weight": 4422.6920479538885, "num_boost_round": 47.0, "subsample": 0.17097584969746765}, "datetime": {"datetime": "2024-01-20 15:54:51", "elapsed": 5451.900647, "delta": 0.002492}}
{"target": -13.753198785148676, "params": {"colsample_bytree": 0.20876051811469581, "eta": 0.06649496573067823, "gamma": 794.4615194236375, "max_depth": 6.0, "min_child_weight": 4422.6920479538885, "num_boost_round": 48.0, "subsample": 0.17097584969746765}, "datetime": {"datetime": "2024-01-20 15:54:51", "elapsed": 5451.903138, "delta": 0.002491}}
{"target": -13.731514306561166, "params": {"colsample_bytree": 0.5234083512748332, "eta": 0.044668279570107, "gamma": 217.00715135852232, "max_depth": 3.0, "min_child_weight": 4759.700655168221, "num_boost_round": 1.0, "subsample": 0.7012098989826103}, "datetime": {"datetime": "2024-01-20 15:55:09", "elapsed": 5470.670461, "delta": 18.767323}}
{"target": -13.732023004021501, "params": {"colsample_bytree": 0.5234083512748332, "eta": 0.044668279570107, "gamma": 217.00715135852232, "max_depth": 3.0, "min_child_weight": 4759.700655168221, "num_boost_round": 2.0, "subsample": 0.7012098989826103}, "datetime": {"datetime": "2024-01-20 15:55:09", "elapsed": 5470.673992, "delta": 0.003531}}
{"target": -13.732556619710941, "params": {"colsample_bytree": 0.5234083512748332, "eta": 0.044668279570107, "gamma": 217.00715135852232, "max_depth": 3.0, "min_child_weight": 4759.700655168221, "num_boost_round": 3.0, "subsample": 0.7012098989826103}, "datetime": {"datetime": "2024-01-20 15:55:09", "elapsed": 5470.677267, "delta": 0.003275}}
{"target": -13.733503062681589, "params": {"colsample_bytree": 0.5234083512748332, "eta": 0.044668279570107, "gamma": 217.00715135852232, "max_depth": 3.0, "min_child_weight": 4759.700655168221, "num_boost_round": 4.0, "subsample": 0.7012098989826103}, "datetime": {"datetime": "2024-01-20 15:55:09", "elapsed": 5470.679866, "delta": 0.002599}}
{"target": -13.73227753302842, "params": {"colsample_bytree": 0.3117840268565617, "eta": 0.09589109179578562, "gamma": 792.0437232938432, "max_depth": 8.0, "min_child_weight": 3991.2341455752, "num_boost_round": 1.0, "subsample": 0.9265062694555106}, "datetime": {"datetime": "2024-01-20 15:55:30", "elapsed": 5491.30185, "delta": 20.621984}}
{"target": -13.733739289170948, "params": {"colsample_bytree": 0.3117840268565617, "eta": 0.09589109179578562, "gamma": 792.0437232938432, "max_depth": 8.0, "min_child_weight": 3991.2341455752, "num_boost_round": 2.0, "subsample": 0.9265062694555106}, "datetime": {"datetime": "2024-01-20 15:55:30", "elapsed": 5491.306034, "delta": 0.004184}}
{"target": -13.73466490446644, "params": {"colsample_bytree": 0.3117840268565617, "eta": 0.09589109179578562, "gamma": 792.0437232938432, "max_depth": 8.0, "min_child_weight": 3991.2341455752, "num_boost_round": 3.0, "subsample": 0.9265062694555106}, "datetime": {"datetime": "2024-01-20 15:55:30", "elapsed": 5491.308553, "delta": 0.002519}}
{"target": -13.731467565709552, "params": {"colsample_bytree": 0.8518274526404905, "eta": 0.0246806991651406, "gamma": 189.4997575331293, "max_depth": 4.0, "min_child_weight": 4720.21556020524, "num_boost_round": 1.0, "subsample": 0.4003565158216488}, "datetime": {"datetime": "2024-01-20 15:55:55", "elapsed": 5516.031988, "delta": 24.723435}}
{"target": -13.73192953501163, "params": {"colsample_bytree": 0.8518274526404905, "eta": 0.0246806991651406, "gamma": 189.4997575331293, "max_depth": 4.0, "min_child_weight": 4720.21556020524, "num_boost_round": 2.0, "subsample": 0.4003565158216488}, "datetime": {"datetime": "2024-01-20 15:55:55", "elapsed": 5516.036036, "delta": 0.004048}}
{"target": -13.731361791320465, "params": {"colsample_bytree": 0.42280397636066946, "eta": 0.02595070562861293, "gamma": 530.0843671594872, "max_depth": 6.0, "min_child_weight": 4281.370553479482, "num_boost_round": 1.0, "subsample": 0.40644545488108585}, "datetime": {"datetime": "2024-01-20 15:56:17", "elapsed": 5538.450109, "delta": 22.414073}}
{"target": -13.731085945161741, "params": {"colsample_bytree": 0.40969803427340934, "eta": 0.005101146723421193, "gamma": 38.15675813311115, "max_depth": 8.0, "min_child_weight": 3833.5769311150625, "num_boost_round": 1.0, "subsample": 0.44764677654117324}, "datetime": {"datetime": "2024-01-20 15:56:46", "elapsed": 5566.968604, "delta": 28.518495}}
{"target": -13.731723651280245, "params": {"colsample_bytree": 0.2394622993790892, "eta": 0.06320238976593866, "gamma": 97.60814297325848, "max_depth": 8.0, "min_child_weight": 3932.7846392870933, "num_boost_round": 1.0, "subsample": 0.8540399691725991}, "datetime": {"datetime": "2024-01-20 15:57:10", "elapsed": 5591.666268, "delta": 24.697664}}
{"target": -13.732276338013536, "params": {"colsample_bytree": 0.2394622993790892, "eta": 0.06320238976593866, "gamma": 97.60814297325848, "max_depth": 8.0, "min_child_weight": 3932.7846392870933, "num_boost_round": 2.0, "subsample": 0.8540399691725991}, "datetime": {"datetime": "2024-01-20 15:57:10", "elapsed": 5591.670663, "delta": 0.004395}}
