{"target": -13.516079911653375, "params": {"colsample_bytree": 0.39279794544512536, "eta": 0.09950605923216445, "gamma": 446.3478572120712, "max_depth": 8.0, "min_child_weight": 4381.87679362326, "num_boost_round": 49.0, "subsample": 0.9263284633861895}, "datetime": {"datetime": "2024-01-20 14:42:15", "elapsed": 1088.962481, "delta": 0.002672}}
{"target": -13.516734666484513, "params": {"colsample_bytree": 0.39279794544512536, "eta": 0.09950605923216445, "gamma": 446.3478572120712, "max_depth": 8.0, "min_child_weight": 4381.87679362326, "num_boost_round": 50.0, "subsample": 0.9263284633861895}, "datetime": {"datetime": "2024-01-20 14:42:15", "elapsed": 1088.964436, "delta": 0.001955}}
{"target": -13.5171216358291, "params": {"colsample_bytree": 0.39279794544512536, "eta": 0.09950605923216445, "gamma": 446.3478572120712, "max_depth": 8.0, "min_child_weight": 4381.87679362326, "num_boost_round": 51.0, "subsample": 0.9263284633861895}, "datetime": {"datetime": "2024-01-20 14:42:15", "elapsed": 1088.966294, "delta": 0.001858}}
{"target": -13.517558264356587, "params": {"colsample_bytree": 0.39279794544512536, "eta": 0.09950605923216445, "gamma": 446.3478572120712, "max_depth": 8.0, "min_child_weight": 4381.87679362326, "num_boost_round": 52.0, "subsample": 0.9263284633861895}, "datetime": {"datetime": "2024-01-20 14:42:15", "elapsed": 1088.968075, "delta": 0.001781}}
{"target": -13.517804735899006, "params": {"colsample_bytree": 0.39279794544512536, "eta": 0.09950605923216445, "gamma": 446.3478572120712, "max_depth": 8.0, "min_child_weight": 4381.87679362326, "num_boost_round": 53.0, "subsample": 0.9263284633861895}, "datetime": {"datetime": "2024-01-20 14:42:15", "elapsed": 1088.969789, "delta": 0.001714}}
{"target": -13.518151286284404, "params": {"colsample_bytree": 0.39279794544512536, "eta": 0.09950605923216445, "gamma": 446.3478572120712, "max_depth": 8.0, "min_child_weight": 4381.87679362326, "num_boost_round": 54.0, "subsample": 0.9263284633861895}, "datetime": {"datetime": "2024-01-20 14:42:15", "elapsed": 1088.971521, "delta": 0.001732}}
{"target": -13.518496550464405, "params": {"colsample_bytree": 0.39279794544512536, "eta": 0.09950605923216445, "gamma": 446.3478572120712, "max_depth": 8.0, "min_child_weight": 4381.87679362326, "num_boost_round": 55.0, "subsample": 0.9263284633861895}, "datetime": {"datetime": "2024-01-20 14:42:15", "elapsed": 1088.973188, "delta": 0.001667}}
{"target": -13.518726327858255, "params": {"colsample_bytree": 0.39279794544512536, "eta": 0.09950605923216445, "gamma": 446.3478572120712, "max_depth": 8.0, "min_child_weight": 4381.87679362326, "num_boost_round": 56.0, "subsample": 0.9263284633861895}, "datetime": {"datetime": "2024-01-20 14:42:15", "elapsed": 1088.974818, "delta": 0.00163}}
{"target": -13.519260719971506, "params": {"colsample_bytree": 0.39279794544512536, "eta": 0.09950605923216445, "gamma": 446.3478572120712, "max_depth": 8.0, "min_child_weight": 4381.87679362326, "num_boost_round": 57.0, "subsample": 0.9263284633861895}, "datetime": {"datetime": "2024-01-20 14:42:15", "elapsed": 1088.976459, "delta": 0.001641}}
{"target": -13.519488902196898, "params": {"colsample_bytree": 0.39279794544512536, "eta": 0.09950605923216445, "gamma": 446.3478572120712, "max_depth": 8.0, "min_child_weight": 4381.87679362326, "num_boost_round": 58.0, "subsample": 0.9263284633861895}, "datetime": {"datetime": "2024-01-20 14:42:15", "elapsed": 1088.978149, "delta": 0.00169}}
{"target": -13.519534873441057, "params": {"colsample_bytree": 0.39279794544512536, "eta": 0.09950605923216445, "gamma": 446.3478572120712, "max_depth": 8.0, "min_child_weight": 4381.87679362326, "num_boost_round": 59.0, "subsample": 0.9263284633861895}, "datetime": {"datetime": "2024-01-20 14:42:15", "elapsed": 1088.979827, "delta": 0.001678}}
{"target": -13.519513850423365, "params": {"colsample_bytree": 0.39279794544512536, "eta": 0.09950605923216445, "gamma": 446.3478572120712, "max_depth": 8.0, "min_child_weight": 4381.87679362326, "num_boost_round": 60.0, "subsample": 0.9263284633861895}, "datetime": {"datetime": "2024-01-20 14:42:15", "elapsed": 1088.981502, "delta": 0.001675}}
{"target": -13.519753400563705, "params": {"colsample_bytree": 0.39279794544512536, "eta": 0.09950605923216445, "gamma": 446.3478572120712, "max_depth": 8.0, "min_child_weight": 4381.87679362326, "num_boost_round": 61.0, "subsample": 0.9263284633861895}, "datetime": {"datetime": "2024-01-20 14:42:15", "elapsed": 1088.983181, "delta": 0.001679}}
{"target": -13.520103781699408, "params": {"colsample_bytree": 0.39279794544512536, "eta": 0.09950605923216445, "gamma": 446.3478572120712, "max_depth": 8.0, "min_child_weight": 4381.87679362326, "num_boost_round": 62.0, "subsample": 0.9263284633861895}, "datetime": {"datetime": "2024-01-20 14:42:15", "elapsed": 1088.984833, "delta": 0.001652}}
{"target": -13.520298371356471, "params": {"colsample_bytree": 0.39279794544512536, "eta": 0.09950605923216445, "gamma": 446.3478572120712, "max_depth": 8.0, "min_child_weight": 4381.87679362326, "num_boost_round": 63.0, "subsample": 0.9263284633861895}, "datetime": {"datetime": "2024-01-20 14:42:15", "elapsed": 1088.986497, "delta": 0.001664}}
{"target": -13.52063217204065, "params": {"colsample_bytree": 0.39279794544512536, "eta": 0.09950605923216445, "gamma": 446.3478572120712, "max_depth": 8.0, "min_child_weight": 4381.87679362326, "num_boost_round": 64.0, "subsample": 0.9263284633861895}, "datetime": {"datetime": "2024-01-20 14:42:15", "elapsed": 1088.98817, "delta": 0.001673}}
{"target": -13.520933139077975, "params": {"colsample_bytree": 0.39279794544512536, "eta": 0.09950605923216445, "gamma": 446.3478572120712, "max_depth": 8.0, "min_child_weight": 4381.87679362326, "num_boost_round": 65.0, "subsample": 0.9263284633861895}, "datetime": {"datetime": "2024-01-20 14:42:15", "elapsed": 1088.989823, "delta": 0.001653}}
{"target": -13.5208244914985, "params": {"colsample_bytree": 0.39279794544512536, "eta": 0.09950605923216445, "gamma": 446.3478572120712, "max_depth": 8.0, "min_child_weight": 4381.87679362326, "num_boost_round": 66.0, "subsample": 0.9263284633861895}, "datetime": {"datetime": "2024-01-20 14:42:15", "elapsed": 1088.991504, "delta": 0.001681}}
{"target": -13.521460414551703, "params": {"colsample_bytree": 0.39279794544512536, "eta": 0.09950605923216445, "gamma": 446.3478572120712, "max_depth": 8.0, "min_child_weight": 4381.87679362326, "num_boost_round": 67.0, "subsample": 0.9263284633861895}, "datetime": {"datetime": "2024-01-20 14:42:15", "elapsed": 1088.993192, "delta": 0.001688}}
{"target": -13.497835936355298, "params": {"colsample_bytree": 0.29426274088434323, "eta": 0.012213883182755896, "gamma": 552.2759628901109, "max_depth": 9.0, "min_child_weight": 4371.700437267131, "num_boost_round": 1.0, "subsample": 0.39819628962467946}, "datetime": {"datetime": "2024-01-20 14:43:23", "elapsed": 1156.883475, "delta": 67.890283}}
{"target": -13.497727127355255, "params": {"colsample_bytree": 0.29426274088434323, "eta": 0.012213883182755896, "gamma": 552.2759628901109, "max_depth": 9.0, "min_child_weight": 4371.700437267131, "num_boost_round": 2.0, "subsample": 0.39819628962467946}, "datetime": {"datetime": "2024-01-20 14:43:23", "elapsed": 1156.885935, "delta": 0.00246}}
{"target": -13.497703662764968, "params": {"colsample_bytree": 0.29426274088434323, "eta": 0.012213883182755896, "gamma": 552.2759628901109, "max_depth": 9.0, "min_child_weight": 4371.700437267131, "num_boost_round": 3.0, "subsample": 0.39819628962467946}, "datetime": {"datetime": "2024-01-20 14:43:23", "elapsed": 1156.887629, "delta": 0.001694}}
{"target": -13.4976779244146, "params": {"colsample_bytree": 0.29426274088434323, "eta": 0.012213883182755896, "gamma": 552.2759628901109, "max_depth": 9.0, "min_child_weight": 4371.700437267131, "num_boost_round": 4.0, "subsample": 0.39819628962467946}, "datetime": {"datetime": "2024-01-20 14:43:23", "elapsed": 1156.889594, "delta": 0.001965}}
{"target": -13.49750706364092, "params": {"colsample_bytree": 0.29426274088434323, "eta": 0.012213883182755896, "gamma": 552.2759628901109, "max_depth": 9.0, "min_child_weight": 4371.700437267131, "num_boost_round": 5.0, "subsample": 0.39819628962467946}, "datetime": {"datetime": "2024-01-20 14:43:23", "elapsed": 1156.891445, "delta": 0.001851}}
{"target": -13.497440778341836, "params": {"colsample_bytree": 0.29426274088434323, "eta": 0.012213883182755896, "gamma": 552.2759628901109, "max_depth": 9.0, "min_child_weight": 4371.700437267131, "num_boost_round": 6.0, "subsample": 0.39819628962467946}, "datetime": {"datetime": "2024-01-20 14:43:23", "elapsed": 1156.893199, "delta": 0.001754}}
{"target": -13.497379768766656, "params": {"colsample_bytree": 0.29426274088434323, "eta": 0.012213883182755896, "gamma": 552.2759628901109, "max_depth": 9.0, "min_child_weight": 4371.700437267131, "num_boost_round": 7.0, "subsample": 0.39819628962467946}, "datetime": {"datetime": "2024-01-20 14:43:23", "elapsed": 1156.894914, "delta": 0.001715}}
{"target": -13.497317957911342, "params": {"colsample_bytree": 0.29426274088434323, "eta": 0.012213883182755896, "gamma": 552.2759628901109, "max_depth": 9.0, "min_child_weight": 4371.700437267131, "num_boost_round": 8.0, "subsample": 0.39819628962467946}, "datetime": {"datetime": "2024-01-20 14:43:23", "elapsed": 1156.897031, "delta": 0.002117}}
{"target": -13.497312918032378, "params": {"colsample_bytree": 0.29426274088434323, "eta": 0.012213883182755896, "gamma": 552.2759628901109, "max_depth": 9.0, "min_child_weight": 4371.700437267131, "num_boost_round": 9.0, "subsample": 0.39819628962467946}, "datetime": {"datetime": "2024-01-20 14:43:23", "elapsed": 1156.898704, "delta": 0.001673}}
{"target": -13.497235768208974, "params": {"colsample_bytree": 0.29426274088434323, "eta": 0.012213883182755896, "gamma": 552.2759628901109, "max_depth": 9.0, "min_child_weight": 4371.700437267131, "num_boost_round": 10.0, "subsample": 0.39819628962467946}, "datetime": {"datetime": "2024-01-20 14:43:23", "elapsed": 1156.900379, "delta": 0.001675}}
{"target": -13.49719897993311, "params": {"colsample_bytree": 0.29426274088434323, "eta": 0.012213883182755896, "gamma": 552.2759628901109, "max_depth": 9.0, "min_child_weight": 4371.700437267131, "num_boost_round": 11.0, "subsample": 0.39819628962467946}, "datetime": {"datetime": "2024-01-20 14:43:23", "elapsed": 1156.902054, "delta": 0.001675}}
{"target": -13.497166126731774, "params": {"colsample_bytree": 0.29426274088434323, "eta": 0.012213883182755896, "gamma": 552.2759628901109, "max_depth": 9.0, "min_child_weight": 4371.700437267131, "num_boost_round": 12.0, "subsample": 0.39819628962467946}, "datetime": {"datetime": "2024-01-20 14:43:23", "elapsed": 1156.903733, "delta": 0.001679}}
{"target": -13.49711001291379, "params": {"colsample_bytree": 0.29426274088434323, "eta": 0.012213883182755896, "gamma": 552.2759628901109, "max_depth": 9.0, "min_child_weight": 4371.700437267131, "num_boost_round": 13.0, "subsample": 0.39819628962467946}, "datetime": {"datetime": "2024-01-20 14:43:23", "elapsed": 1156.905456, "delta": 0.001723}}
{"target": -13.497034809113442, "params": {"colsample_bytree": 0.29426274088434323, "eta": 0.012213883182755896, "gamma": 552.2759628901109, "max_depth": 9.0, "min_child_weight": 4371.700437267131, "num_boost_round": 14.0, "subsample": 0.39819628962467946}, "datetime": {"datetime": "2024-01-20 14:43:23", "elapsed": 1156.907163, "delta": 0.001707}}
{"target": -13.4969341507636, "params": {"colsample_bytree": 0.29426274088434323, "eta": 0.012213883182755896, "gamma": 552.2759628901109, "max_depth": 9.0, "min_child_weight": 4371.700437267131, "num_boost_round": 15.0, "subsample": 0.39819628962467946}, "datetime": {"datetime": "2024-01-20 14:43:23", "elapsed": 1156.908851, "delta": 0.001688}}
{"target": -13.496908771050478, "params": {"colsample_bytree": 0.29426274088434323, "eta": 0.012213883182755896, "gamma": 552.2759628901109, "max_depth": 9.0, "min_child_weight": 4371.700437267131, "num_boost_round": 16.0, "subsample": 0.39819628962467946}, "datetime": {"datetime": "2024-01-20 14:43:23", "elapsed": 1156.910566, "delta": 0.001715}}
{"target": -13.49680833629083, "params": {"colsample_bytree": 0.29426274088434323, "eta": 0.012213883182755896, "gamma": 552.2759628901109, "max_depth": 9.0, "min_child_weight": 4371.700437267131, "num_boost_round": 17.0, "subsample": 0.39819628962467946}, "datetime": {"datetime": "2024-01-20 14:43:23", "elapsed": 1156.912371, "delta": 0.001805}}
{"target": -13.496742139189477, "params": {"colsample_bytree": 0.29426274088434323, "eta": 0.012213883182755896, "gamma": 552.2759628901109, "max_depth": 9.0, "min_child_weight": 4371.700437267131, "num_boost_round": 18.0, "subsample": 0.39819628962467946}, "datetime": {"datetime": "2024-01-20 14:43:23", "elapsed": 1156.914063, "delta": 0.001692}}
{"target": -13.496705077243352, "params": {"colsample_bytree": 0.29426274088434323, "eta": 0.012213883182755896, "gamma": 552.2759628901109, "max_depth": 9.0, "min_child_weight": 4371.700437267131, "num_boost_round": 19.0, "subsample": 0.39819628962467946}, "datetime": {"datetime": "2024-01-20 14:43:23", "elapsed": 1156.915962, "delta": 0.001899}}
{"target": -13.496605765453467, "params": {"colsample_bytree": 0.29426274088434323, "eta": 0.012213883182755896, "gamma": 552.2759628901109, "max_depth": 9.0, "min_child_weight": 4371.700437267131, "num_boost_round": 20.0, "subsample": 0.39819628962467946}, "datetime": {"datetime": "2024-01-20 14:43:23", "elapsed": 1156.917738, "delta": 0.001776}}
{"target": -13.496511107874356, "params": {"colsample_bytree": 0.29426274088434323, "eta": 0.012213883182755896, "gamma": 552.2759628901109, "max_depth": 9.0, "min_child_weight": 4371.700437267131, "num_boost_round": 21.0, "subsample": 0.39819628962467946}, "datetime": {"datetime": "2024-01-20 14:43:23", "elapsed": 1156.91951, "delta": 0.001772}}
{"target": -13.496420468150127, "params": {"colsample_bytree": 0.29426274088434323, "eta": 0.012213883182755896, "gamma": 552.2759628901109, "max_depth": 9.0, "min_child_weight": 4371.700437267131, "num_boost_round": 22.0, "subsample": 0.39819628962467946}, "datetime": {"datetime": "2024-01-20 14:43:23", "elapsed": 1156.921202, "delta": 0.001692}}
{"target": -13.496366251710509, "params": {"colsample_bytree": 0.29426274088434323, "eta": 0.012213883182755896, "gamma": 552.2759628901109, "max_depth": 9.0, "min_child_weight": 4371.700437267131, "num_boost_round": 23.0, "subsample": 0.39819628962467946}, "datetime": {"datetime": "2024-01-20 14:43:23", "elapsed": 1156.922899, "delta": 0.001697}}
{"target": -13.496334742448099, "params": {"colsample_bytree": 0.29426274088434323, "eta": 0.012213883182755896, "gamma": 552.2759628901109, "max_depth": 9.0, "min_child_weight": 4371.700437267131, "num_boost_round": 24.0, "subsample": 0.39819628962467946}, "datetime": {"datetime": "2024-01-20 14:43:23", "elapsed": 1156.924609, "delta": 0.00171}}
{"target": -13.496252431558425, "params": {"colsample_bytree": 0.29426274088434323, "eta": 0.012213883182755896, "gamma": 552.2759628901109, "max_depth": 9.0, "min_child_weight": 4371.700437267131, "num_boost_round": 25.0, "subsample": 0.39819628962467946}, "datetime": {"datetime": "2024-01-20 14:43:23", "elapsed": 1156.926387, "delta": 0.001778}}
{"target": -13.496154441236783, "params": {"colsample_bytree": 0.29426274088434323, "eta": 0.012213883182755896, "gamma": 552.2759628901109, "max_depth": 9.0, "min_child_weight": 4371.700437267131, "num_boost_round": 26.0, "subsample": 0.39819628962467946}, "datetime": {"datetime": "2024-01-20 14:43:23", "elapsed": 1156.928131, "delta": 0.001744}}
{"target": -13.496137382358246, "params": {"colsample_bytree": 0.29426274088434323, "eta": 0.012213883182755896, "gamma": 552.2759628901109, "max_depth": 9.0, "min_child_weight": 4371.700437267131, "num_boost_round": 27.0, "subsample": 0.39819628962467946}, "datetime": {"datetime": "2024-01-20 14:43:23", "elapsed": 1156.929895, "delta": 0.001764}}
{"target": -13.496025164474702, "params": {"colsample_bytree": 0.29426274088434323, "eta": 0.012213883182755896, "gamma": 552.2759628901109, "max_depth": 9.0, "min_child_weight": 4371.700437267131, "num_boost_round": 28.0, "subsample": 0.39819628962467946}, "datetime": {"datetime": "2024-01-20 14:43:23", "elapsed": 1156.931622, "delta": 0.001727}}
{"target": -13.496014811368397, "params": {"colsample_bytree": 0.29426274088434323, "eta": 0.012213883182755896, "gamma": 552.2759628901109, "max_depth": 9.0, "min_child_weight": 4371.700437267131, "num_boost_round": 29.0, "subsample": 0.39819628962467946}, "datetime": {"datetime": "2024-01-20 14:43:23", "elapsed": 1156.933352, "delta": 0.00173}}
{"target": -13.495987398798977, "params": {"colsample_bytree": 0.29426274088434323, "eta": 0.012213883182755896, "gamma": 552.2759628901109, "max_depth": 9.0, "min_child_weight": 4371.700437267131, "num_boost_round": 30.0, "subsample": 0.39819628962467946}, "datetime": {"datetime": "2024-01-20 14:43:23", "elapsed": 1156.935097, "delta": 0.001745}}
{"target": -13.495899340252638, "params": {"colsample_bytree": 0.29426274088434323, "eta": 0.012213883182755896, "gamma": 552.2759628901109, "max_depth": 9.0, "min_child_weight": 4371.700437267131, "num_boost_round": 31.0, "subsample": 0.39819628962467946}, "datetime": {"datetime": "2024-01-20 14:43:23", "elapsed": 1156.936849, "delta": 0.001752}}
{"target": -13.495865073991045, "params": {"colsample_bytree": 0.29426274088434323, "eta": 0.012213883182755896, "gamma": 552.2759628901109, "max_depth": 9.0, "min_child_weight": 4371.700437267131, "num_boost_round": 32.0, "subsample": 0.39819628962467946}, "datetime": {"datetime": "2024-01-20 14:43:23", "elapsed": 1156.93859, "delta": 0.001741}}
{"target": -13.495853082771722, "params": {"colsample_bytree": 0.29426274088434323, "eta": 0.012213883182755896, "gamma": 552.2759628901109, "max_depth": 9.0, "min_child_weight": 4371.700437267131, "num_boost_round": 33.0, "subsample": 0.39819628962467946}, "datetime": {"datetime": "2024-01-20 14:43:23", "elapsed": 1156.940328, "delta": 0.001738}}
{"target": -13.495821621775715, "params": {"colsample_bytree": 0.29426274088434323, "eta": 0.012213883182755896, "gamma": 552.2759628901109, "max_depth": 9.0, "min_child_weight": 4371.700437267131, "num_boost_round": 34.0, "subsample": 0.39819628962467946}, "datetime": {"datetime": "2024-01-20 14:43:23", "elapsed": 1156.942054, "delta": 0.001726}}
{"target": -13.495818526381143, "params": {"colsample_bytree": 0.29426274088434323, "eta": 0.012213883182755896, "gamma": 552.2759628901109, "max_depth": 9.0, "min_child_weight": 4371.700437267131, "num_boost_round": 35.0, "subsample": 0.39819628962467946}, "datetime": {"datetime": "2024-01-20 14:43:23", "elapsed": 1156.943809, "delta": 0.001755}}
{"target": -13.495773589941516, "params": {"colsample_bytree": 0.29426274088434323, "eta": 0.012213883182755896, "gamma": 552.2759628901109, "max_depth": 9.0, "min_child_weight": 4371.700437267131, "num_boost_round": 36.0, "subsample": 0.39819628962467946}, "datetime": {"datetime": "2024-01-20 14:43:23", "elapsed": 1156.945557, "delta": 0.001748}}
{"target": -13.495705400633097, "params": {"colsample_bytree": 0.29426274088434323, "eta": 0.012213883182755896, "gamma": 552.2759628901109, "max_depth": 9.0, "min_child_weight": 4371.700437267131, "num_boost_round": 37.0, "subsample": 0.39819628962467946}, "datetime": {"datetime": "2024-01-20 14:43:23", "elapsed": 1156.947305, "delta": 0.001748}}
{"target": -13.495638907699671, "params": {"colsample_bytree": 0.29426274088434323, "eta": 0.012213883182755896, "gamma": 552.2759628901109, "max_depth": 9.0, "min_child_weight": 4371.700437267131, "num_boost_round": 38.0, "subsample": 0.39819628962467946}, "datetime": {"datetime": "2024-01-20 14:43:23", "elapsed": 1156.949036, "delta": 0.001731}}
{"target": -13.495653835760837, "params": {"colsample_bytree": 0.29426274088434323, "eta": 0.012213883182755896, "gamma": 552.2759628901109, "max_depth": 9.0, "min_child_weight": 4371.700437267131, "num_boost_round": 39.0, "subsample": 0.39819628962467946}, "datetime": {"datetime": "2024-01-20 14:43:23", "elapsed": 1156.950771, "delta": 0.001735}}
{"target": -13.495599223624385, "params": {"colsample_bytree": 0.29426274088434323, "eta": 0.012213883182755896, "gamma": 552.2759628901109, "max_depth": 9.0, "min_child_weight": 4371.700437267131, "num_boost_round": 40.0, "subsample": 0.39819628962467946}, "datetime": {"datetime": "2024-01-20 14:43:23", "elapsed": 1156.952512, "delta": 0.001741}}
{"target": -13.495553979509198, "params": {"colsample_bytree": 0.29426274088434323, "eta": 0.012213883182755896, "gamma": 552.2759628901109, "max_depth": 9.0, "min_child_weight": 4371.700437267131, "num_boost_round": 41.0, "subsample": 0.39819628962467946}, "datetime": {"datetime": "2024-01-20 14:43:23", "elapsed": 1156.954243, "delta": 0.001731}}
{"target": -13.495546291855938, "params": {"colsample_bytree": 0.29426274088434323, "eta": 0.012213883182755896, "gamma": 552.2759628901109, "max_depth": 9.0, "min_child_weight": 4371.700437267131, "num_boost_round": 42.0, "subsample": 0.39819628962467946}, "datetime": {"datetime": "2024-01-20 14:43:23", "elapsed": 1156.956027, "delta": 0.001784}}
{"target": -13.495582389840846, "params": {"colsample_bytree": 0.29426274088434323, "eta": 0.012213883182755896, "gamma": 552.2759628901109, "max_depth": 9.0, "min_child_weight": 4371.700437267131, "num_boost_round": 43.0, "subsample": 0.39819628962467946}, "datetime": {"datetime": "2024-01-20 14:43:23", "elapsed": 1156.95777, "delta": 0.001743}}
{"target": -13.49554254686823, "params": {"colsample_bytree": 0.29426274088434323, "eta": 0.012213883182755896, "gamma": 552.2759628901109, "max_depth": 9.0, "min_child_weight": 4371.700437267131, "num_boost_round": 44.0, "subsample": 0.39819628962467946}, "datetime": {"datetime": "2024-01-20 14:43:23", "elapsed": 1156.95952, "delta": 0.00175}}
