{"target": -10.477989766107882, "params": {"colsample_bytree": 0.5978895533523056, "eta": 0.07207992344792054, "gamma": 983.4102442685233, "max_depth": 7.0, "min_child_weight": 4476.748247050903, "num_boost_round": 32.0, "subsample": 0.14756200773719963}, "datetime": {"datetime": "2024-01-20 13:50:03", "elapsed": 1495.171007, "delta": 0.001893}}
{"target": -10.478173079180609, "params": {"colsample_bytree": 0.5978895533523056, "eta": 0.07207992344792054, "gamma": 983.4102442685233, "max_depth": 7.0, "min_child_weight": 4476.748247050903, "num_boost_round": 33.0, "subsample": 0.14756200773719963}, "datetime": {"datetime": "2024-01-20 13:50:03", "elapsed": 1495.172912, "delta": 0.001905}}
{"target": -10.478171380275278, "params": {"colsample_bytree": 0.5978895533523056, "eta": 0.07207992344792054, "gamma": 983.4102442685233, "max_depth": 7.0, "min_child_weight": 4476.748247050903, "num_boost_round": 34.0, "subsample": 0.14756200773719963}, "datetime": {"datetime": "2024-01-20 13:50:03", "elapsed": 1495.174827, "delta": 0.001915}}
{"target": -10.478466227737204, "params": {"colsample_bytree": 0.5978895533523056, "eta": 0.07207992344792054, "gamma": 983.4102442685233, "max_depth": 7.0, "min_child_weight": 4476.748247050903, "num_boost_round": 35.0, "subsample": 0.14756200773719963}, "datetime": {"datetime": "2024-01-20 13:50:03", "elapsed": 1495.17672, "delta": 0.001893}}
{"target": -10.478752679898573, "params": {"colsample_bytree": 0.5978895533523056, "eta": 0.07207992344792054, "gamma": 983.4102442685233, "max_depth": 7.0, "min_child_weight": 4476.748247050903, "num_boost_round": 36.0, "subsample": 0.14756200773719963}, "datetime": {"datetime": "2024-01-20 13:50:03", "elapsed": 1495.178837, "delta": 0.002117}}
{"target": -10.47899297364033, "params": {"colsample_bytree": 0.5978895533523056, "eta": 0.07207992344792054, "gamma": 983.4102442685233, "max_depth": 7.0, "min_child_weight": 4476.748247050903, "num_boost_round": 37.0, "subsample": 0.14756200773719963}, "datetime": {"datetime": "2024-01-20 13:50:03", "elapsed": 1495.180762, "delta": 0.001925}}
{"target": -10.47927632403518, "params": {"colsample_bytree": 0.5978895533523056, "eta": 0.07207992344792054, "gamma": 983.4102442685233, "max_depth": 7.0, "min_child_weight": 4476.748247050903, "num_boost_round": 38.0, "subsample": 0.14756200773719963}, "datetime": {"datetime": "2024-01-20 13:50:03", "elapsed": 1495.182688, "delta": 0.001926}}
{"target": -10.47955018699998, "params": {"colsample_bytree": 0.5978895533523056, "eta": 0.07207992344792054, "gamma": 983.4102442685233, "max_depth": 7.0, "min_child_weight": 4476.748247050903, "num_boost_round": 39.0, "subsample": 0.14756200773719963}, "datetime": {"datetime": "2024-01-20 13:50:03", "elapsed": 1495.184602, "delta": 0.001914}}
{"target": -10.479766065093227, "params": {"colsample_bytree": 0.5978895533523056, "eta": 0.07207992344792054, "gamma": 983.4102442685233, "max_depth": 7.0, "min_child_weight": 4476.748247050903, "num_boost_round": 40.0, "subsample": 0.14756200773719963}, "datetime": {"datetime": "2024-01-20 13:50:03", "elapsed": 1495.186507, "delta": 0.001905}}
{"target": -10.479669525194648, "params": {"colsample_bytree": 0.5978895533523056, "eta": 0.07207992344792054, "gamma": 983.4102442685233, "max_depth": 7.0, "min_child_weight": 4476.748247050903, "num_boost_round": 41.0, "subsample": 0.14756200773719963}, "datetime": {"datetime": "2024-01-20 13:50:03", "elapsed": 1495.188418, "delta": 0.001911}}
{"target": -10.479836902835881, "params": {"colsample_bytree": 0.5978895533523056, "eta": 0.07207992344792054, "gamma": 983.4102442685233, "max_depth": 7.0, "min_child_weight": 4476.748247050903, "num_boost_round": 42.0, "subsample": 0.14756200773719963}, "datetime": {"datetime": "2024-01-20 13:50:03", "elapsed": 1495.190469, "delta": 0.002051}}
{"target": -10.479970679457008, "params": {"colsample_bytree": 0.5978895533523056, "eta": 0.07207992344792054, "gamma": 983.4102442685233, "max_depth": 7.0, "min_child_weight": 4476.748247050903, "num_boost_round": 43.0, "subsample": 0.14756200773719963}, "datetime": {"datetime": "2024-01-20 13:50:03", "elapsed": 1495.192573, "delta": 0.002104}}
{"target": -10.479959271439647, "params": {"colsample_bytree": 0.5978895533523056, "eta": 0.07207992344792054, "gamma": 983.4102442685233, "max_depth": 7.0, "min_child_weight": 4476.748247050903, "num_boost_round": 44.0, "subsample": 0.14756200773719963}, "datetime": {"datetime": "2024-01-20 13:50:03", "elapsed": 1495.194501, "delta": 0.001928}}
{"target": -10.475260157117004, "params": {"colsample_bytree": 0.5892301077311103, "eta": 0.0813413274811481, "gamma": 919.8202041920413, "max_depth": 7.0, "min_child_weight": 4417.432451769125, "num_boost_round": 1.0, "subsample": 0.9835234181919105}, "datetime": {"datetime": "2024-01-20 13:51:02", "elapsed": 1554.394309, "delta": 59.199808}}
{"target": -10.474023552293104, "params": {"colsample_bytree": 0.5892301077311103, "eta": 0.0813413274811481, "gamma": 919.8202041920413, "max_depth": 7.0, "min_child_weight": 4417.432451769125, "num_boost_round": 2.0, "subsample": 0.9835234181919105}, "datetime": {"datetime": "2024-01-20 13:51:02", "elapsed": 1554.397378, "delta": 0.003069}}
{"target": -10.474047295491838, "params": {"colsample_bytree": 0.5892301077311103, "eta": 0.0813413274811481, "gamma": 919.8202041920413, "max_depth": 7.0, "min_child_weight": 4417.432451769125, "num_boost_round": 3.0, "subsample": 0.9835234181919105}, "datetime": {"datetime": "2024-01-20 13:51:02", "elapsed": 1554.401826, "delta": 0.004448}}
{"target": -10.473617118767754, "params": {"colsample_bytree": 0.5892301077311103, "eta": 0.0813413274811481, "gamma": 919.8202041920413, "max_depth": 7.0, "min_child_weight": 4417.432451769125, "num_boost_round": 4.0, "subsample": 0.9835234181919105}, "datetime": {"datetime": "2024-01-20 13:51:02", "elapsed": 1554.403922, "delta": 0.002096}}
{"target": -10.473120200559828, "params": {"colsample_bytree": 0.5892301077311103, "eta": 0.0813413274811481, "gamma": 919.8202041920413, "max_depth": 7.0, "min_child_weight": 4417.432451769125, "num_boost_round": 5.0, "subsample": 0.9835234181919105}, "datetime": {"datetime": "2024-01-20 13:51:02", "elapsed": 1554.405908, "delta": 0.001986}}
{"target": -10.473614868570705, "params": {"colsample_bytree": 0.5892301077311103, "eta": 0.0813413274811481, "gamma": 919.8202041920413, "max_depth": 7.0, "min_child_weight": 4417.432451769125, "num_boost_round": 6.0, "subsample": 0.9835234181919105}, "datetime": {"datetime": "2024-01-20 13:51:02", "elapsed": 1554.407881, "delta": 0.001973}}
{"target": -10.473840984024317, "params": {"colsample_bytree": 0.5892301077311103, "eta": 0.0813413274811481, "gamma": 919.8202041920413, "max_depth": 7.0, "min_child_weight": 4417.432451769125, "num_boost_round": 7.0, "subsample": 0.9835234181919105}, "datetime": {"datetime": "2024-01-20 13:51:02", "elapsed": 1554.410192, "delta": 0.002311}}
{"target": -10.473942215488213, "params": {"colsample_bytree": 0.5892301077311103, "eta": 0.0813413274811481, "gamma": 919.8202041920413, "max_depth": 7.0, "min_child_weight": 4417.432451769125, "num_boost_round": 8.0, "subsample": 0.9835234181919105}, "datetime": {"datetime": "2024-01-20 13:51:02", "elapsed": 1554.412283, "delta": 0.002091}}
{"target": -10.474305092254138, "params": {"colsample_bytree": 0.5892301077311103, "eta": 0.0813413274811481, "gamma": 919.8202041920413, "max_depth": 7.0, "min_child_weight": 4417.432451769125, "num_boost_round": 9.0, "subsample": 0.9835234181919105}, "datetime": {"datetime": "2024-01-20 13:51:02", "elapsed": 1554.414255, "delta": 0.001972}}
{"target": -10.474436432087986, "params": {"colsample_bytree": 0.5892301077311103, "eta": 0.0813413274811481, "gamma": 919.8202041920413, "max_depth": 7.0, "min_child_weight": 4417.432451769125, "num_boost_round": 10.0, "subsample": 0.9835234181919105}, "datetime": {"datetime": "2024-01-20 13:51:02", "elapsed": 1554.416282, "delta": 0.002027}}
{"target": -10.474661180123508, "params": {"colsample_bytree": 0.5892301077311103, "eta": 0.0813413274811481, "gamma": 919.8202041920413, "max_depth": 7.0, "min_child_weight": 4417.432451769125, "num_boost_round": 11.0, "subsample": 0.9835234181919105}, "datetime": {"datetime": "2024-01-20 13:51:02", "elapsed": 1554.418419, "delta": 0.002137}}
{"target": -10.475172853830646, "params": {"colsample_bytree": 0.5892301077311103, "eta": 0.0813413274811481, "gamma": 919.8202041920413, "max_depth": 7.0, "min_child_weight": 4417.432451769125, "num_boost_round": 12.0, "subsample": 0.9835234181919105}, "datetime": {"datetime": "2024-01-20 13:51:02", "elapsed": 1554.420394, "delta": 0.001975}}
{"target": -10.475593636468126, "params": {"colsample_bytree": 0.5892301077311103, "eta": 0.0813413274811481, "gamma": 919.8202041920413, "max_depth": 7.0, "min_child_weight": 4417.432451769125, "num_boost_round": 13.0, "subsample": 0.9835234181919105}, "datetime": {"datetime": "2024-01-20 13:51:02", "elapsed": 1554.422346, "delta": 0.001952}}
{"target": -10.475919912786456, "params": {"colsample_bytree": 0.5892301077311103, "eta": 0.0813413274811481, "gamma": 919.8202041920413, "max_depth": 7.0, "min_child_weight": 4417.432451769125, "num_boost_round": 14.0, "subsample": 0.9835234181919105}, "datetime": {"datetime": "2024-01-20 13:51:02", "elapsed": 1554.424279, "delta": 0.001933}}
{"target": -10.47678161546132, "params": {"colsample_bytree": 0.5892301077311103, "eta": 0.0813413274811481, "gamma": 919.8202041920413, "max_depth": 7.0, "min_child_weight": 4417.432451769125, "num_boost_round": 15.0, "subsample": 0.9835234181919105}, "datetime": {"datetime": "2024-01-20 13:51:02", "elapsed": 1554.426226, "delta": 0.001947}}
{"target": -10.47712352248455, "params": {"colsample_bytree": 0.5892301077311103, "eta": 0.0813413274811481, "gamma": 919.8202041920413, "max_depth": 7.0, "min_child_weight": 4417.432451769125, "num_boost_round": 16.0, "subsample": 0.9835234181919105}, "datetime": {"datetime": "2024-01-20 13:51:02", "elapsed": 1554.428179, "delta": 0.001953}}
{"target": -10.478370658714304, "params": {"colsample_bytree": 0.5892301077311103, "eta": 0.0813413274811481, "gamma": 919.8202041920413, "max_depth": 7.0, "min_child_weight": 4417.432451769125, "num_boost_round": 17.0, "subsample": 0.9835234181919105}, "datetime": {"datetime": "2024-01-20 13:51:02", "elapsed": 1554.430257, "delta": 0.002078}}
{"target": -10.479287261087372, "params": {"colsample_bytree": 0.5892301077311103, "eta": 0.0813413274811481, "gamma": 919.8202041920413, "max_depth": 7.0, "min_child_weight": 4417.432451769125, "num_boost_round": 18.0, "subsample": 0.9835234181919105}, "datetime": {"datetime": "2024-01-20 13:51:02", "elapsed": 1554.432223, "delta": 0.001966}}
{"target": -10.479925796906066, "params": {"colsample_bytree": 0.5892301077311103, "eta": 0.0813413274811481, "gamma": 919.8202041920413, "max_depth": 7.0, "min_child_weight": 4417.432451769125, "num_boost_round": 19.0, "subsample": 0.9835234181919105}, "datetime": {"datetime": "2024-01-20 13:51:02", "elapsed": 1554.434188, "delta": 0.001965}}
{"target": -10.480157807424646, "params": {"colsample_bytree": 0.5892301077311103, "eta": 0.0813413274811481, "gamma": 919.8202041920413, "max_depth": 7.0, "min_child_weight": 4417.432451769125, "num_boost_round": 20.0, "subsample": 0.9835234181919105}, "datetime": {"datetime": "2024-01-20 13:51:02", "elapsed": 1554.436116, "delta": 0.001928}}
{"target": -10.481224652003588, "params": {"colsample_bytree": 0.5892301077311103, "eta": 0.0813413274811481, "gamma": 919.8202041920413, "max_depth": 7.0, "min_child_weight": 4417.432451769125, "num_boost_round": 21.0, "subsample": 0.9835234181919105}, "datetime": {"datetime": "2024-01-20 13:51:02", "elapsed": 1554.438253, "delta": 0.002137}}
{"target": -10.481489116433472, "params": {"colsample_bytree": 0.5892301077311103, "eta": 0.0813413274811481, "gamma": 919.8202041920413, "max_depth": 7.0, "min_child_weight": 4417.432451769125, "num_boost_round": 22.0, "subsample": 0.9835234181919105}, "datetime": {"datetime": "2024-01-20 13:51:02", "elapsed": 1554.440265, "delta": 0.002012}}
{"target": -10.48174441831023, "params": {"colsample_bytree": 0.5892301077311103, "eta": 0.0813413274811481, "gamma": 919.8202041920413, "max_depth": 7.0, "min_child_weight": 4417.432451769125, "num_boost_round": 23.0, "subsample": 0.9835234181919105}, "datetime": {"datetime": "2024-01-20 13:51:02", "elapsed": 1554.442232, "delta": 0.001967}}
{"target": -10.482883700802372, "params": {"colsample_bytree": 0.5892301077311103, "eta": 0.0813413274811481, "gamma": 919.8202041920413, "max_depth": 7.0, "min_child_weight": 4417.432451769125, "num_boost_round": 24.0, "subsample": 0.9835234181919105}, "datetime": {"datetime": "2024-01-20 13:51:02", "elapsed": 1554.444196, "delta": 0.001964}}
{"target": -10.48346780981634, "params": {"colsample_bytree": 0.5892301077311103, "eta": 0.0813413274811481, "gamma": 919.8202041920413, "max_depth": 7.0, "min_child_weight": 4417.432451769125, "num_boost_round": 25.0, "subsample": 0.9835234181919105}, "datetime": {"datetime": "2024-01-20 13:51:02", "elapsed": 1554.446145, "delta": 0.001949}}
{"target": -10.484280149878643, "params": {"colsample_bytree": 0.5892301077311103, "eta": 0.0813413274811481, "gamma": 919.8202041920413, "max_depth": 7.0, "min_child_weight": 4417.432451769125, "num_boost_round": 26.0, "subsample": 0.9835234181919105}, "datetime": {"datetime": "2024-01-20 13:51:02", "elapsed": 1554.448094, "delta": 0.001949}}
{"target": -10.48482119122929, "params": {"colsample_bytree": 0.5892301077311103, "eta": 0.0813413274811481, "gamma": 919.8202041920413, "max_depth": 7.0, "min_child_weight": 4417.432451769125, "num_boost_round": 27.0, "subsample": 0.9835234181919105}, "datetime": {"datetime": "2024-01-20 13:51:02", "elapsed": 1554.450218, "delta": 0.002124}}
{"target": -10.485627726253249, "params": {"colsample_bytree": 0.5892301077311103, "eta": 0.0813413274811481, "gamma": 919.8202041920413, "max_depth": 7.0, "min_child_weight": 4417.432451769125, "num_boost_round": 28.0, "subsample": 0.9835234181919105}, "datetime": {"datetime": "2024-01-20 13:51:02", "elapsed": 1554.452205, "delta": 0.001987}}
{"target": -10.486156897789634, "params": {"colsample_bytree": 0.5892301077311103, "eta": 0.0813413274811481, "gamma": 919.8202041920413, "max_depth": 7.0, "min_child_weight": 4417.432451769125, "num_boost_round": 29.0, "subsample": 0.9835234181919105}, "datetime": {"datetime": "2024-01-20 13:51:02", "elapsed": 1554.454164, "delta": 0.001959}}
{"target": -10.486612430576608, "params": {"colsample_bytree": 0.5892301077311103, "eta": 0.0813413274811481, "gamma": 919.8202041920413, "max_depth": 7.0, "min_child_weight": 4417.432451769125, "num_boost_round": 30.0, "subsample": 0.9835234181919105}, "datetime": {"datetime": "2024-01-20 13:51:02", "elapsed": 1554.456107, "delta": 0.001943}}
{"target": -10.487347723125575, "params": {"colsample_bytree": 0.5892301077311103, "eta": 0.0813413274811481, "gamma": 919.8202041920413, "max_depth": 7.0, "min_child_weight": 4417.432451769125, "num_boost_round": 31.0, "subsample": 0.9835234181919105}, "datetime": {"datetime": "2024-01-20 13:51:02", "elapsed": 1554.459053, "delta": 0.002946}}
{"target": -10.488053456699195, "params": {"colsample_bytree": 0.5892301077311103, "eta": 0.0813413274811481, "gamma": 919.8202041920413, "max_depth": 7.0, "min_child_weight": 4417.432451769125, "num_boost_round": 32.0, "subsample": 0.9835234181919105}, "datetime": {"datetime": "2024-01-20 13:51:02", "elapsed": 1554.461391, "delta": 0.002338}}
{"target": -10.488204604020613, "params": {"colsample_bytree": 0.5892301077311103, "eta": 0.0813413274811481, "gamma": 919.8202041920413, "max_depth": 7.0, "min_child_weight": 4417.432451769125, "num_boost_round": 33.0, "subsample": 0.9835234181919105}, "datetime": {"datetime": "2024-01-20 13:51:02", "elapsed": 1554.463694, "delta": 0.002303}}
{"target": -10.488722825009473, "params": {"colsample_bytree": 0.5892301077311103, "eta": 0.0813413274811481, "gamma": 919.8202041920413, "max_depth": 7.0, "min_child_weight": 4417.432451769125, "num_boost_round": 34.0, "subsample": 0.9835234181919105}, "datetime": {"datetime": "2024-01-20 13:51:02", "elapsed": 1554.466891, "delta": 0.003197}}
{"target": -10.489303595419727, "params": {"colsample_bytree": 0.5892301077311103, "eta": 0.0813413274811481, "gamma": 919.8202041920413, "max_depth": 7.0, "min_child_weight": 4417.432451769125, "num_boost_round": 35.0, "subsample": 0.9835234181919105}, "datetime": {"datetime": "2024-01-20 13:51:02", "elapsed": 1554.469455, "delta": 0.002564}}
{"target": -10.489641722297666, "params": {"colsample_bytree": 0.5892301077311103, "eta": 0.0813413274811481, "gamma": 919.8202041920413, "max_depth": 7.0, "min_child_weight": 4417.432451769125, "num_boost_round": 36.0, "subsample": 0.9835234181919105}, "datetime": {"datetime": "2024-01-20 13:51:02", "elapsed": 1554.471678, "delta": 0.002223}}
{"target": -10.490144809448985, "params": {"colsample_bytree": 0.5892301077311103, "eta": 0.0813413274811481, "gamma": 919.8202041920413, "max_depth": 7.0, "min_child_weight": 4417.432451769125, "num_boost_round": 37.0, "subsample": 0.9835234181919105}, "datetime": {"datetime": "2024-01-20 13:51:02", "elapsed": 1554.473938, "delta": 0.00226}}
{"target": -10.490807749474424, "params": {"colsample_bytree": 0.5892301077311103, "eta": 0.0813413274811481, "gamma": 919.8202041920413, "max_depth": 7.0, "min_child_weight": 4417.432451769125, "num_boost_round": 38.0, "subsample": 0.9835234181919105}, "datetime": {"datetime": "2024-01-20 13:51:02", "elapsed": 1554.475976, "delta": 0.002038}}
{"target": -10.491471043614828, "params": {"colsample_bytree": 0.5892301077311103, "eta": 0.0813413274811481, "gamma": 919.8202041920413, "max_depth": 7.0, "min_child_weight": 4417.432451769125, "num_boost_round": 39.0, "subsample": 0.9835234181919105}, "datetime": {"datetime": "2024-01-20 13:51:02", "elapsed": 1554.478016, "delta": 0.00204}}
{"target": -10.492249067016665, "params": {"colsample_bytree": 0.5892301077311103, "eta": 0.0813413274811481, "gamma": 919.8202041920413, "max_depth": 7.0, "min_child_weight": 4417.432451769125, "num_boost_round": 40.0, "subsample": 0.9835234181919105}, "datetime": {"datetime": "2024-01-20 13:51:02", "elapsed": 1554.480066, "delta": 0.00205}}
{"target": -10.492846270396235, "params": {"colsample_bytree": 0.5892301077311103, "eta": 0.0813413274811481, "gamma": 919.8202041920413, "max_depth": 7.0, "min_child_weight": 4417.432451769125, "num_boost_round": 41.0, "subsample": 0.9835234181919105}, "datetime": {"datetime": "2024-01-20 13:51:02", "elapsed": 1554.482079, "delta": 0.002013}}
{"target": -10.493321180268609, "params": {"colsample_bytree": 0.5892301077311103, "eta": 0.0813413274811481, "gamma": 919.8202041920413, "max_depth": 7.0, "min_child_weight": 4417.432451769125, "num_boost_round": 42.0, "subsample": 0.9835234181919105}, "datetime": {"datetime": "2024-01-20 13:51:02", "elapsed": 1554.484226, "delta": 0.002147}}
{"target": -10.493951701744077, "params": {"colsample_bytree": 0.5892301077311103, "eta": 0.0813413274811481, "gamma": 919.8202041920413, "max_depth": 7.0, "min_child_weight": 4417.432451769125, "num_boost_round": 43.0, "subsample": 0.9835234181919105}, "datetime": {"datetime": "2024-01-20 13:51:02", "elapsed": 1554.486401, "delta": 0.002175}}
{"target": -10.494586563731058, "params": {"colsample_bytree": 0.5892301077311103, "eta": 0.0813413274811481, "gamma": 919.8202041920413, "max_depth": 7.0, "min_child_weight": 4417.432451769125, "num_boost_round": 44.0, "subsample": 0.9835234181919105}, "datetime": {"datetime": "2024-01-20 13:51:02", "elapsed": 1554.488567, "delta": 0.002166}}
{"target": -10.495543812403197, "params": {"colsample_bytree": 0.5892301077311103, "eta": 0.0813413274811481, "gamma": 919.8202041920413, "max_depth": 7.0, "min_child_weight": 4417.432451769125, "num_boost_round": 45.0, "subsample": 0.9835234181919105}, "datetime": {"datetime": "2024-01-20 13:51:02", "elapsed": 1554.490746, "delta": 0.002179}}
{"target": -10.495963826888953, "params": {"colsample_bytree": 0.5892301077311103, "eta": 0.0813413274811481, "gamma": 919.8202041920413, "max_depth": 7.0, "min_child_weight": 4417.432451769125, "num_boost_round": 46.0, "subsample": 0.9835234181919105}, "datetime": {"datetime": "2024-01-20 13:51:02", "elapsed": 1554.492857, "delta": 0.002111}}
{"target": -10.496181202321637, "params": {"colsample_bytree": 0.5892301077311103, "eta": 0.0813413274811481, "gamma": 919.8202041920413, "max_depth": 7.0, "min_child_weight": 4417.432451769125, "num_boost_round": 47.0, "subsample": 0.9835234181919105}, "datetime": {"datetime": "2024-01-20 13:51:02", "elapsed": 1554.495008, "delta": 0.002151}}
{"target": -10.496498745756483, "params": {"colsample_bytree": 0.5892301077311103, "eta": 0.0813413274811481, "gamma": 919.8202041920413, "max_depth": 7.0, "min_child_weight": 4417.432451769125, "num_boost_round": 48.0, "subsample": 0.9835234181919105}, "datetime": {"datetime": "2024-01-20 13:51:02", "elapsed": 1554.497154, "delta": 0.002146}}
{"target": -10.496700178710972, "params": {"colsample_bytree": 0.5892301077311103, "eta": 0.0813413274811481, "gamma": 919.8202041920413, "max_depth": 7.0, "min_child_weight": 4417.432451769125, "num_boost_round": 49.0, "subsample": 0.9835234181919105}, "datetime": {"datetime": "2024-01-20 13:51:02", "elapsed": 1554.499292, "delta": 0.002138}}
{"target": -10.497012164412194, "params": {"colsample_bytree": 0.5892301077311103, "eta": 0.0813413274811481, "gamma": 919.8202041920413, "max_depth": 7.0, "min_child_weight": 4417.432451769125, "num_boost_round": 50.0, "subsample": 0.9835234181919105}, "datetime": {"datetime": "2024-01-20 13:51:02", "elapsed": 1554.501435, "delta": 0.002143}}
