{"target": -13.494275545460484, "params": {"colsample_bytree": 0.9658084821060675, "eta": 0.02866388140419307, "gamma": 699.710251422589, "max_depth": 3.0, "min_child_weight": 4399.909226829131, "num_boost_round": 61.0, "subsample": 0.27833686443696704}, "datetime": {"datetime": "2024-01-20 14:55:04", "elapsed": 1857.512516, "delta": 0.002827}}
{"target": -13.494326185639276, "params": {"colsample_bytree": 0.9658084821060675, "eta": 0.02866388140419307, "gamma": 699.710251422589, "max_depth": 3.0, "min_child_weight": 4399.909226829131, "num_boost_round": 62.0, "subsample": 0.27833686443696704}, "datetime": {"datetime": "2024-01-20 14:55:04", "elapsed": 1857.515291, "delta": 0.002775}}
{"target": -13.494266865519537, "params": {"colsample_bytree": 0.9658084821060675, "eta": 0.02866388140419307, "gamma": 699.710251422589, "max_depth": 3.0, "min_child_weight": 4399.909226829131, "num_boost_round": 63.0, "subsample": 0.27833686443696704}, "datetime": {"datetime": "2024-01-20 14:55:04", "elapsed": 1857.518054, "delta": 0.002763}}
{"target": -13.494257582430285, "params": {"colsample_bytree": 0.9658084821060675, "eta": 0.02866388140419307, "gamma": 699.710251422589, "max_depth": 3.0, "min_child_weight": 4399.909226829131, "num_boost_round": 64.0, "subsample": 0.27833686443696704}, "datetime": {"datetime": "2024-01-20 14:55:04", "elapsed": 1857.520854, "delta": 0.0028}}
{"target": -13.494215072589537, "params": {"colsample_bytree": 0.9658084821060675, "eta": 0.02866388140419307, "gamma": 699.710251422589, "max_depth": 3.0, "min_child_weight": 4399.909226829131, "num_boost_round": 65.0, "subsample": 0.27833686443696704}, "datetime": {"datetime": "2024-01-20 14:55:04", "elapsed": 1857.523639, "delta": 0.002785}}
{"target": -13.49419530645499, "params": {"colsample_bytree": 0.9658084821060675, "eta": 0.02866388140419307, "gamma": 699.710251422589, "max_depth": 3.0, "min_child_weight": 4399.909226829131, "num_boost_round": 66.0, "subsample": 0.27833686443696704}, "datetime": {"datetime": "2024-01-20 14:55:04", "elapsed": 1857.526432, "delta": 0.002793}}
{"target": -13.49412483432825, "params": {"colsample_bytree": 0.9658084821060675, "eta": 0.02866388140419307, "gamma": 699.710251422589, "max_depth": 3.0, "min_child_weight": 4399.909226829131, "num_boost_round": 67.0, "subsample": 0.27833686443696704}, "datetime": {"datetime": "2024-01-20 14:55:04", "elapsed": 1857.529206, "delta": 0.002774}}
{"target": -13.494117128362811, "params": {"colsample_bytree": 0.9658084821060675, "eta": 0.02866388140419307, "gamma": 699.710251422589, "max_depth": 3.0, "min_child_weight": 4399.909226829131, "num_boost_round": 68.0, "subsample": 0.27833686443696704}, "datetime": {"datetime": "2024-01-20 14:55:04", "elapsed": 1857.531994, "delta": 0.002788}}
{"target": -13.494061639152395, "params": {"colsample_bytree": 0.9658084821060675, "eta": 0.02866388140419307, "gamma": 699.710251422589, "max_depth": 3.0, "min_child_weight": 4399.909226829131, "num_boost_round": 69.0, "subsample": 0.27833686443696704}, "datetime": {"datetime": "2024-01-20 14:55:04", "elapsed": 1857.534789, "delta": 0.002795}}
{"target": -13.493998639377052, "params": {"colsample_bytree": 0.9658084821060675, "eta": 0.02866388140419307, "gamma": 699.710251422589, "max_depth": 3.0, "min_child_weight": 4399.909226829131, "num_boost_round": 70.0, "subsample": 0.27833686443696704}, "datetime": {"datetime": "2024-01-20 14:55:04", "elapsed": 1857.537582, "delta": 0.002793}}
{"target": -13.493966992939116, "params": {"colsample_bytree": 0.9658084821060675, "eta": 0.02866388140419307, "gamma": 699.710251422589, "max_depth": 3.0, "min_child_weight": 4399.909226829131, "num_boost_round": 71.0, "subsample": 0.27833686443696704}, "datetime": {"datetime": "2024-01-20 14:55:04", "elapsed": 1857.540369, "delta": 0.002787}}
{"target": -13.493962398233228, "params": {"colsample_bytree": 0.9658084821060675, "eta": 0.02866388140419307, "gamma": 699.710251422589, "max_depth": 3.0, "min_child_weight": 4399.909226829131, "num_boost_round": 72.0, "subsample": 0.27833686443696704}, "datetime": {"datetime": "2024-01-20 14:55:04", "elapsed": 1857.543157, "delta": 0.002788}}
{"target": -13.49385590333642, "params": {"colsample_bytree": 0.9658084821060675, "eta": 0.02866388140419307, "gamma": 699.710251422589, "max_depth": 3.0, "min_child_weight": 4399.909226829131, "num_boost_round": 73.0, "subsample": 0.27833686443696704}, "datetime": {"datetime": "2024-01-20 14:55:04", "elapsed": 1857.545929, "delta": 0.002772}}
{"target": -13.493852927363651, "params": {"colsample_bytree": 0.9658084821060675, "eta": 0.02866388140419307, "gamma": 699.710251422589, "max_depth": 3.0, "min_child_weight": 4399.909226829131, "num_boost_round": 74.0, "subsample": 0.27833686443696704}, "datetime": {"datetime": "2024-01-20 14:55:04", "elapsed": 1857.548703, "delta": 0.002774}}
{"target": -13.493817472322785, "params": {"colsample_bytree": 0.9658084821060675, "eta": 0.02866388140419307, "gamma": 699.710251422589, "max_depth": 3.0, "min_child_weight": 4399.909226829131, "num_boost_round": 75.0, "subsample": 0.27833686443696704}, "datetime": {"datetime": "2024-01-20 14:55:04", "elapsed": 1857.551468, "delta": 0.002765}}
{"target": -13.493734100928268, "params": {"colsample_bytree": 0.9658084821060675, "eta": 0.02866388140419307, "gamma": 699.710251422589, "max_depth": 3.0, "min_child_weight": 4399.909226829131, "num_boost_round": 76.0, "subsample": 0.27833686443696704}, "datetime": {"datetime": "2024-01-20 14:55:04", "elapsed": 1857.554263, "delta": 0.002795}}
{"target": -13.493674963275424, "params": {"colsample_bytree": 0.9658084821060675, "eta": 0.02866388140419307, "gamma": 699.710251422589, "max_depth": 3.0, "min_child_weight": 4399.909226829131, "num_boost_round": 77.0, "subsample": 0.27833686443696704}, "datetime": {"datetime": "2024-01-20 14:55:04", "elapsed": 1857.557051, "delta": 0.002788}}
{"target": -13.493575894611867, "params": {"colsample_bytree": 0.9658084821060675, "eta": 0.02866388140419307, "gamma": 699.710251422589, "max_depth": 3.0, "min_child_weight": 4399.909226829131, "num_boost_round": 78.0, "subsample": 0.27833686443696704}, "datetime": {"datetime": "2024-01-20 14:55:04", "elapsed": 1857.559838, "delta": 0.002787}}
{"target": -13.493556965532113, "params": {"colsample_bytree": 0.9658084821060675, "eta": 0.02866388140419307, "gamma": 699.710251422589, "max_depth": 3.0, "min_child_weight": 4399.909226829131, "num_boost_round": 79.0, "subsample": 0.27833686443696704}, "datetime": {"datetime": "2024-01-20 14:55:04", "elapsed": 1857.562622, "delta": 0.002784}}
{"target": -13.49358295122683, "params": {"colsample_bytree": 0.9658084821060675, "eta": 0.02866388140419307, "gamma": 699.710251422589, "max_depth": 3.0, "min_child_weight": 4399.909226829131, "num_boost_round": 80.0, "subsample": 0.27833686443696704}, "datetime": {"datetime": "2024-01-20 14:55:04", "elapsed": 1857.565411, "delta": 0.002789}}
{"target": -13.493631410416532, "params": {"colsample_bytree": 0.9658084821060675, "eta": 0.02866388140419307, "gamma": 699.710251422589, "max_depth": 3.0, "min_child_weight": 4399.909226829131, "num_boost_round": 81.0, "subsample": 0.27833686443696704}, "datetime": {"datetime": "2024-01-20 14:55:04", "elapsed": 1857.568218, "delta": 0.002807}}
{"target": -13.493651591990655, "params": {"colsample_bytree": 0.9658084821060675, "eta": 0.02866388140419307, "gamma": 699.710251422589, "max_depth": 3.0, "min_child_weight": 4399.909226829131, "num_boost_round": 82.0, "subsample": 0.27833686443696704}, "datetime": {"datetime": "2024-01-20 14:55:04", "elapsed": 1857.571024, "delta": 0.002806}}
{"target": -13.493600482289004, "params": {"colsample_bytree": 0.9658084821060675, "eta": 0.02866388140419307, "gamma": 699.710251422589, "max_depth": 3.0, "min_child_weight": 4399.909226829131, "num_boost_round": 83.0, "subsample": 0.27833686443696704}, "datetime": {"datetime": "2024-01-20 14:55:04", "elapsed": 1857.574725, "delta": 0.003701}}
{"target": -13.493581103836192, "params": {"colsample_bytree": 0.9658084821060675, "eta": 0.02866388140419307, "gamma": 699.710251422589, "max_depth": 3.0, "min_child_weight": 4399.909226829131, "num_boost_round": 84.0, "subsample": 0.27833686443696704}, "datetime": {"datetime": "2024-01-20 14:55:04", "elapsed": 1857.57847, "delta": 0.003745}}
{"target": -13.493567697045776, "params": {"colsample_bytree": 0.9658084821060675, "eta": 0.02866388140419307, "gamma": 699.710251422589, "max_depth": 3.0, "min_child_weight": 4399.909226829131, "num_boost_round": 85.0, "subsample": 0.27833686443696704}, "datetime": {"datetime": "2024-01-20 14:55:04", "elapsed": 1857.582413, "delta": 0.003943}}
{"target": -13.493559702915572, "params": {"colsample_bytree": 0.9658084821060675, "eta": 0.02866388140419307, "gamma": 699.710251422589, "max_depth": 3.0, "min_child_weight": 4399.909226829131, "num_boost_round": 86.0, "subsample": 0.27833686443696704}, "datetime": {"datetime": "2024-01-20 14:55:04", "elapsed": 1857.586032, "delta": 0.003619}}
{"target": -13.4935689125255, "params": {"colsample_bytree": 0.9658084821060675, "eta": 0.02866388140419307, "gamma": 699.710251422589, "max_depth": 3.0, "min_child_weight": 4399.909226829131, "num_boost_round": 87.0, "subsample": 0.27833686443696704}, "datetime": {"datetime": "2024-01-20 14:55:04", "elapsed": 1857.588984, "delta": 0.002952}}
{"target": -13.493571910212799, "params": {"colsample_bytree": 0.9658084821060675, "eta": 0.02866388140419307, "gamma": 699.710251422589, "max_depth": 3.0, "min_child_weight": 4399.909226829131, "num_boost_round": 88.0, "subsample": 0.27833686443696704}, "datetime": {"datetime": "2024-01-20 14:55:04", "elapsed": 1857.591881, "delta": 0.002897}}
{"target": -13.493513514241293, "params": {"colsample_bytree": 0.9658084821060675, "eta": 0.02866388140419307, "gamma": 699.710251422589, "max_depth": 3.0, "min_child_weight": 4399.909226829131, "num_boost_round": 89.0, "subsample": 0.27833686443696704}, "datetime": {"datetime": "2024-01-20 14:55:04", "elapsed": 1857.59468, "delta": 0.002799}}
{"target": -13.493406025707456, "params": {"colsample_bytree": 0.9658084821060675, "eta": 0.02866388140419307, "gamma": 699.710251422589, "max_depth": 3.0, "min_child_weight": 4399.909226829131, "num_boost_round": 90.0, "subsample": 0.27833686443696704}, "datetime": {"datetime": "2024-01-20 14:55:04", "elapsed": 1857.597555, "delta": 0.002875}}
{"target": -13.493426495110537, "params": {"colsample_bytree": 0.9658084821060675, "eta": 0.02866388140419307, "gamma": 699.710251422589, "max_depth": 3.0, "min_child_weight": 4399.909226829131, "num_boost_round": 91.0, "subsample": 0.27833686443696704}, "datetime": {"datetime": "2024-01-20 14:55:04", "elapsed": 1857.600395, "delta": 0.00284}}
{"target": -13.493469854721567, "params": {"colsample_bytree": 0.9658084821060675, "eta": 0.02866388140419307, "gamma": 699.710251422589, "max_depth": 3.0, "min_child_weight": 4399.909226829131, "num_boost_round": 92.0, "subsample": 0.27833686443696704}, "datetime": {"datetime": "2024-01-20 14:55:04", "elapsed": 1857.603215, "delta": 0.00282}}
{"target": -13.493525105190116, "params": {"colsample_bytree": 0.9658084821060675, "eta": 0.02866388140419307, "gamma": 699.710251422589, "max_depth": 3.0, "min_child_weight": 4399.909226829131, "num_boost_round": 93.0, "subsample": 0.27833686443696704}, "datetime": {"datetime": "2024-01-20 14:55:04", "elapsed": 1857.606014, "delta": 0.002799}}
{"target": -13.493470359157044, "params": {"colsample_bytree": 0.9658084821060675, "eta": 0.02866388140419307, "gamma": 699.710251422589, "max_depth": 3.0, "min_child_weight": 4399.909226829131, "num_boost_round": 94.0, "subsample": 0.27833686443696704}, "datetime": {"datetime": "2024-01-20 14:55:04", "elapsed": 1857.60882, "delta": 0.002806}}
{"target": -13.493478177427454, "params": {"colsample_bytree": 0.9658084821060675, "eta": 0.02866388140419307, "gamma": 699.710251422589, "max_depth": 3.0, "min_child_weight": 4399.909226829131, "num_boost_round": 95.0, "subsample": 0.27833686443696704}, "datetime": {"datetime": "2024-01-20 14:55:04", "elapsed": 1857.611645, "delta": 0.002825}}
{"target": -13.493515939576046, "params": {"colsample_bytree": 0.9658084821060675, "eta": 0.02866388140419307, "gamma": 699.710251422589, "max_depth": 3.0, "min_child_weight": 4399.909226829131, "num_boost_round": 96.0, "subsample": 0.27833686443696704}, "datetime": {"datetime": "2024-01-20 14:55:04", "elapsed": 1857.614473, "delta": 0.002828}}
{"target": -13.49354177435385, "params": {"colsample_bytree": 0.9658084821060675, "eta": 0.02866388140419307, "gamma": 699.710251422589, "max_depth": 3.0, "min_child_weight": 4399.909226829131, "num_boost_round": 97.0, "subsample": 0.27833686443696704}, "datetime": {"datetime": "2024-01-20 14:55:04", "elapsed": 1857.61729, "delta": 0.002817}}
{"target": -13.493543347544353, "params": {"colsample_bytree": 0.9658084821060675, "eta": 0.02866388140419307, "gamma": 699.710251422589, "max_depth": 3.0, "min_child_weight": 4399.909226829131, "num_boost_round": 98.0, "subsample": 0.27833686443696704}, "datetime": {"datetime": "2024-01-20 14:55:04", "elapsed": 1857.620105, "delta": 0.002815}}
{"target": -13.497115337212609, "params": {"colsample_bytree": 0.7181295998762133, "eta": 0.07910962000764749, "gamma": 712.1289494754972, "max_depth": 6.0, "min_child_weight": 4355.146069243018, "num_boost_round": 1.0, "subsample": 0.8669298763148963}, "datetime": {"datetime": "2024-01-20 14:56:34", "elapsed": 1947.599693, "delta": 89.979588}}
{"target": -13.497089557481605, "params": {"colsample_bytree": 0.7181295998762133, "eta": 0.07910962000764749, "gamma": 712.1289494754972, "max_depth": 6.0, "min_child_weight": 4355.146069243018, "num_boost_round": 2.0, "subsample": 0.8669298763148963}, "datetime": {"datetime": "2024-01-20 14:56:34", "elapsed": 1947.603338, "delta": 0.003645}}
{"target": -13.497363321740966, "params": {"colsample_bytree": 0.7181295998762133, "eta": 0.07910962000764749, "gamma": 712.1289494754972, "max_depth": 6.0, "min_child_weight": 4355.146069243018, "num_boost_round": 3.0, "subsample": 0.8669298763148963}, "datetime": {"datetime": "2024-01-20 14:56:34", "elapsed": 1947.606291, "delta": 0.002953}}
{"target": -13.497884216944218, "params": {"colsample_bytree": 0.7181295998762133, "eta": 0.07910962000764749, "gamma": 712.1289494754972, "max_depth": 6.0, "min_child_weight": 4355.146069243018, "num_boost_round": 4.0, "subsample": 0.8669298763148963}, "datetime": {"datetime": "2024-01-20 14:56:34", "elapsed": 1947.609194, "delta": 0.002903}}
{"target": -13.497702252158682, "params": {"colsample_bytree": 0.7181295998762133, "eta": 0.07910962000764749, "gamma": 712.1289494754972, "max_depth": 6.0, "min_child_weight": 4355.146069243018, "num_boost_round": 5.0, "subsample": 0.8669298763148963}, "datetime": {"datetime": "2024-01-20 14:56:34", "elapsed": 1947.612099, "delta": 0.002905}}
{"target": -13.497600693705706, "params": {"colsample_bytree": 0.7181295998762133, "eta": 0.07910962000764749, "gamma": 712.1289494754972, "max_depth": 6.0, "min_child_weight": 4355.146069243018, "num_boost_round": 6.0, "subsample": 0.8669298763148963}, "datetime": {"datetime": "2024-01-20 14:56:34", "elapsed": 1947.615178, "delta": 0.003079}}
{"target": -13.498128253790128, "params": {"colsample_bytree": 0.7181295998762133, "eta": 0.07910962000764749, "gamma": 712.1289494754972, "max_depth": 6.0, "min_child_weight": 4355.146069243018, "num_boost_round": 7.0, "subsample": 0.8669298763148963}, "datetime": {"datetime": "2024-01-20 14:56:34", "elapsed": 1947.618066, "delta": 0.002888}}
{"target": -13.497919115252763, "params": {"colsample_bytree": 0.7181295998762133, "eta": 0.07910962000764749, "gamma": 712.1289494754972, "max_depth": 6.0, "min_child_weight": 4355.146069243018, "num_boost_round": 8.0, "subsample": 0.8669298763148963}, "datetime": {"datetime": "2024-01-20 14:56:34", "elapsed": 1947.620944, "delta": 0.002878}}
{"target": -13.498534425117613, "params": {"colsample_bytree": 0.7181295998762133, "eta": 0.07910962000764749, "gamma": 712.1289494754972, "max_depth": 6.0, "min_child_weight": 4355.146069243018, "num_boost_round": 9.0, "subsample": 0.8669298763148963}, "datetime": {"datetime": "2024-01-20 14:56:34", "elapsed": 1947.623829, "delta": 0.002885}}
{"target": -13.498647221456746, "params": {"colsample_bytree": 0.7181295998762133, "eta": 0.07910962000764749, "gamma": 712.1289494754972, "max_depth": 6.0, "min_child_weight": 4355.146069243018, "num_boost_round": 10.0, "subsample": 0.8669298763148963}, "datetime": {"datetime": "2024-01-20 14:56:34", "elapsed": 1947.626726, "delta": 0.002897}}
{"target": -13.499113959699134, "params": {"colsample_bytree": 0.7181295998762133, "eta": 0.07910962000764749, "gamma": 712.1289494754972, "max_depth": 6.0, "min_child_weight": 4355.146069243018, "num_boost_round": 11.0, "subsample": 0.8669298763148963}, "datetime": {"datetime": "2024-01-20 14:56:34", "elapsed": 1947.629616, "delta": 0.00289}}
{"target": -13.499590502379629, "params": {"colsample_bytree": 0.7181295998762133, "eta": 0.07910962000764749, "gamma": 712.1289494754972, "max_depth": 6.0, "min_child_weight": 4355.146069243018, "num_boost_round": 12.0, "subsample": 0.8669298763148963}, "datetime": {"datetime": "2024-01-20 14:56:34", "elapsed": 1947.632646, "delta": 0.00303}}
{"target": -13.499687534681152, "params": {"colsample_bytree": 0.7181295998762133, "eta": 0.07910962000764749, "gamma": 712.1289494754972, "max_depth": 6.0, "min_child_weight": 4355.146069243018, "num_boost_round": 13.0, "subsample": 0.8669298763148963}, "datetime": {"datetime": "2024-01-20 14:56:34", "elapsed": 1947.635685, "delta": 0.003039}}
{"target": -13.499895012744592, "params": {"colsample_bytree": 0.7181295998762133, "eta": 0.07910962000764749, "gamma": 712.1289494754972, "max_depth": 6.0, "min_child_weight": 4355.146069243018, "num_boost_round": 14.0, "subsample": 0.8669298763148963}, "datetime": {"datetime": "2024-01-20 14:56:34", "elapsed": 1947.63871, "delta": 0.003025}}
{"target": -13.49982692624738, "params": {"colsample_bytree": 0.7181295998762133, "eta": 0.07910962000764749, "gamma": 712.1289494754972, "max_depth": 6.0, "min_child_weight": 4355.146069243018, "num_boost_round": 15.0, "subsample": 0.8669298763148963}, "datetime": {"datetime": "2024-01-20 14:56:34", "elapsed": 1947.641699, "delta": 0.002989}}
{"target": -13.500356101946918, "params": {"colsample_bytree": 0.7181295998762133, "eta": 0.07910962000764749, "gamma": 712.1289494754972, "max_depth": 6.0, "min_child_weight": 4355.146069243018, "num_boost_round": 16.0, "subsample": 0.8669298763148963}, "datetime": {"datetime": "2024-01-20 14:56:34", "elapsed": 1947.644556, "delta": 0.002857}}
{"target": -13.500644513143374, "params": {"colsample_bytree": 0.7181295998762133, "eta": 0.07910962000764749, "gamma": 712.1289494754972, "max_depth": 6.0, "min_child_weight": 4355.146069243018, "num_boost_round": 17.0, "subsample": 0.8669298763148963}, "datetime": {"datetime": "2024-01-20 14:56:34", "elapsed": 1947.647432, "delta": 0.002876}}
{"target": -13.500554849033392, "params": {"colsample_bytree": 0.7181295998762133, "eta": 0.07910962000764749, "gamma": 712.1289494754972, "max_depth": 6.0, "min_child_weight": 4355.146069243018, "num_boost_round": 18.0, "subsample": 0.8669298763148963}, "datetime": {"datetime": "2024-01-20 14:56:34", "elapsed": 1947.650295, "delta": 0.002863}}
{"target": -13.500609925367298, "params": {"colsample_bytree": 0.7181295998762133, "eta": 0.07910962000764749, "gamma": 712.1289494754972, "max_depth": 6.0, "min_child_weight": 4355.146069243018, "num_boost_round": 19.0, "subsample": 0.8669298763148963}, "datetime": {"datetime": "2024-01-20 14:56:34", "elapsed": 1947.653275, "delta": 0.00298}}
{"target": -13.500635142677897, "params": {"colsample_bytree": 0.7181295998762133, "eta": 0.07910962000764749, "gamma": 712.1289494754972, "max_depth": 6.0, "min_child_weight": 4355.146069243018, "num_boost_round": 20.0, "subsample": 0.8669298763148963}, "datetime": {"datetime": "2024-01-20 14:56:34", "elapsed": 1947.656212, "delta": 0.002937}}
{"target": -13.500761729364587, "params": {"colsample_bytree": 0.7181295998762133, "eta": 0.07910962000764749, "gamma": 712.1289494754972, "max_depth": 6.0, "min_child_weight": 4355.146069243018, "num_boost_round": 21.0, "subsample": 0.8669298763148963}, "datetime": {"datetime": "2024-01-20 14:56:34", "elapsed": 1947.659067, "delta": 0.002855}}
{"target": -13.500820094664913, "params": {"colsample_bytree": 0.7181295998762133, "eta": 0.07910962000764749, "gamma": 712.1289494754972, "max_depth": 6.0, "min_child_weight": 4355.146069243018, "num_boost_round": 22.0, "subsample": 0.8669298763148963}, "datetime": {"datetime": "2024-01-20 14:56:34", "elapsed": 1947.661951, "delta": 0.002884}}
{"target": -13.500764455255407, "params": {"colsample_bytree": 0.7181295998762133, "eta": 0.07910962000764749, "gamma": 712.1289494754972, "max_depth": 6.0, "min_child_weight": 4355.146069243018, "num_boost_round": 23.0, "subsample": 0.8669298763148963}, "datetime": {"datetime": "2024-01-20 14:56:34", "elapsed": 1947.664804, "delta": 0.002853}}
{"target": -13.500692190065823, "params": {"colsample_bytree": 0.7181295998762133, "eta": 0.07910962000764749, "gamma": 712.1289494754972, "max_depth": 6.0, "min_child_weight": 4355.146069243018, "num_boost_round": 24.0, "subsample": 0.8669298763148963}, "datetime": {"datetime": "2024-01-20 14:56:34", "elapsed": 1947.667736, "delta": 0.002932}}
{"target": -13.500939730811902, "params": {"colsample_bytree": 0.7181295998762133, "eta": 0.07910962000764749, "gamma": 712.1289494754972, "max_depth": 6.0, "min_child_weight": 4355.146069243018, "num_boost_round": 25.0, "subsample": 0.8669298763148963}, "datetime": {"datetime": "2024-01-20 14:56:34", "elapsed": 1947.670618, "delta": 0.002882}}
