{"target": -19.155340816332533, "params": {"colsample_bytree": 0.7503881940316761, "eta": 0.03784615693798019, "gamma": 400.16131124148046, "max_depth": 4.0, "min_child_weight": 3997.621493384442, "num_boost_round": 67.0, "subsample": 0.6385772324835338}, "datetime": {"datetime": "2024-01-20 14:29:22", "elapsed": 330.784608, "delta": 0.000736}}
{"target": -19.155709845440036, "params": {"colsample_bytree": 0.7503881940316761, "eta": 0.03784615693798019, "gamma": 400.16131124148046, "max_depth": 4.0, "min_child_weight": 3997.621493384442, "num_boost_round": 68.0, "subsample": 0.6385772324835338}, "datetime": {"datetime": "2024-01-20 14:29:22", "elapsed": 330.785355, "delta": 0.000747}}
{"target": -19.155806633167245, "params": {"colsample_bytree": 0.7503881940316761, "eta": 0.03784615693798019, "gamma": 400.16131124148046, "max_depth": 4.0, "min_child_weight": 3997.621493384442, "num_boost_round": 69.0, "subsample": 0.6385772324835338}, "datetime": {"datetime": "2024-01-20 14:29:22", "elapsed": 330.786101, "delta": 0.000746}}
{"target": -19.155892335894265, "params": {"colsample_bytree": 0.7503881940316761, "eta": 0.03784615693798019, "gamma": 400.16131124148046, "max_depth": 4.0, "min_child_weight": 3997.621493384442, "num_boost_round": 70.0, "subsample": 0.6385772324835338}, "datetime": {"datetime": "2024-01-20 14:29:22", "elapsed": 330.786937, "delta": 0.000836}}
{"target": -19.155936744976113, "params": {"colsample_bytree": 0.7503881940316761, "eta": 0.03784615693798019, "gamma": 400.16131124148046, "max_depth": 4.0, "min_child_weight": 3997.621493384442, "num_boost_round": 71.0, "subsample": 0.6385772324835338}, "datetime": {"datetime": "2024-01-20 14:29:22", "elapsed": 330.787683, "delta": 0.000746}}
{"target": -19.15615544545154, "params": {"colsample_bytree": 0.7503881940316761, "eta": 0.03784615693798019, "gamma": 400.16131124148046, "max_depth": 4.0, "min_child_weight": 3997.621493384442, "num_boost_round": 72.0, "subsample": 0.6385772324835338}, "datetime": {"datetime": "2024-01-20 14:29:22", "elapsed": 330.788434, "delta": 0.000751}}
{"target": -19.156377999830383, "params": {"colsample_bytree": 0.7503881940316761, "eta": 0.03784615693798019, "gamma": 400.16131124148046, "max_depth": 4.0, "min_child_weight": 3997.621493384442, "num_boost_round": 73.0, "subsample": 0.6385772324835338}, "datetime": {"datetime": "2024-01-20 14:29:22", "elapsed": 330.789183, "delta": 0.000749}}
{"target": -19.15670592109113, "params": {"colsample_bytree": 0.7503881940316761, "eta": 0.03784615693798019, "gamma": 400.16131124148046, "max_depth": 4.0, "min_child_weight": 3997.621493384442, "num_boost_round": 74.0, "subsample": 0.6385772324835338}, "datetime": {"datetime": "2024-01-20 14:29:22", "elapsed": 330.790313, "delta": 0.00113}}
{"target": -19.157018114493127, "params": {"colsample_bytree": 0.7503881940316761, "eta": 0.03784615693798019, "gamma": 400.16131124148046, "max_depth": 4.0, "min_child_weight": 3997.621493384442, "num_boost_round": 75.0, "subsample": 0.6385772324835338}, "datetime": {"datetime": "2024-01-20 14:29:22", "elapsed": 330.791115, "delta": 0.000802}}
{"target": -19.156962707055364, "params": {"colsample_bytree": 0.7503881940316761, "eta": 0.03784615693798019, "gamma": 400.16131124148046, "max_depth": 4.0, "min_child_weight": 3997.621493384442, "num_boost_round": 76.0, "subsample": 0.6385772324835338}, "datetime": {"datetime": "2024-01-20 14:29:22", "elapsed": 330.791868, "delta": 0.000753}}
{"target": -19.15712922485984, "params": {"colsample_bytree": 0.7503881940316761, "eta": 0.03784615693798019, "gamma": 400.16131124148046, "max_depth": 4.0, "min_child_weight": 3997.621493384442, "num_boost_round": 77.0, "subsample": 0.6385772324835338}, "datetime": {"datetime": "2024-01-20 14:29:22", "elapsed": 330.792624, "delta": 0.000756}}
{"target": -19.142920647591573, "params": {"colsample_bytree": 0.2491504315561758, "eta": 0.08723806617092182, "gamma": 459.296483443285, "max_depth": 3.0, "min_child_weight": 3922.141655449127, "num_boost_round": 1.0, "subsample": 0.11118067814964974}, "datetime": {"datetime": "2024-01-20 14:29:36", "elapsed": 344.432329, "delta": 13.639705}}
{"target": -19.14274994144922, "params": {"colsample_bytree": 0.2491504315561758, "eta": 0.08723806617092182, "gamma": 459.296483443285, "max_depth": 3.0, "min_child_weight": 3922.141655449127, "num_boost_round": 2.0, "subsample": 0.11118067814964974}, "datetime": {"datetime": "2024-01-20 14:29:36", "elapsed": 344.43409, "delta": 0.001761}}
{"target": -19.142650448295363, "params": {"colsample_bytree": 0.2491504315561758, "eta": 0.08723806617092182, "gamma": 459.296483443285, "max_depth": 3.0, "min_child_weight": 3922.141655449127, "num_boost_round": 3.0, "subsample": 0.11118067814964974}, "datetime": {"datetime": "2024-01-20 14:29:36", "elapsed": 344.434882, "delta": 0.000792}}
{"target": -19.142014544999554, "params": {"colsample_bytree": 0.2491504315561758, "eta": 0.08723806617092182, "gamma": 459.296483443285, "max_depth": 3.0, "min_child_weight": 3922.141655449127, "num_boost_round": 4.0, "subsample": 0.11118067814964974}, "datetime": {"datetime": "2024-01-20 14:29:36", "elapsed": 344.435814, "delta": 0.000932}}
{"target": -19.143211568185748, "params": {"colsample_bytree": 0.5845229066823244, "eta": 0.009328336084834122, "gamma": 498.95779388851633, "max_depth": 7.0, "min_child_weight": 3905.1678223146796, "num_boost_round": 1.0, "subsample": 0.4074381984821923}, "datetime": {"datetime": "2024-01-20 14:30:24", "elapsed": 392.579999, "delta": 48.144185}}
{"target": -19.143221161534996, "params": {"colsample_bytree": 0.5845229066823244, "eta": 0.009328336084834122, "gamma": 498.95779388851633, "max_depth": 7.0, "min_child_weight": 3905.1678223146796, "num_boost_round": 2.0, "subsample": 0.4074381984821923}, "datetime": {"datetime": "2024-01-20 14:30:24", "elapsed": 392.581771, "delta": 0.001772}}
{"target": -19.143209794101455, "params": {"colsample_bytree": 0.5845229066823244, "eta": 0.009328336084834122, "gamma": 498.95779388851633, "max_depth": 7.0, "min_child_weight": 3905.1678223146796, "num_boost_round": 3.0, "subsample": 0.4074381984821923}, "datetime": {"datetime": "2024-01-20 14:30:24", "elapsed": 392.766334, "delta": 0.184563}}
{"target": -19.143222170177197, "params": {"colsample_bytree": 0.5845229066823244, "eta": 0.009328336084834122, "gamma": 498.95779388851633, "max_depth": 7.0, "min_child_weight": 3905.1678223146796, "num_boost_round": 4.0, "subsample": 0.4074381984821923}, "datetime": {"datetime": "2024-01-20 14:30:24", "elapsed": 392.767523, "delta": 0.001189}}
{"target": -19.14320801488327, "params": {"colsample_bytree": 0.5845229066823244, "eta": 0.009328336084834122, "gamma": 498.95779388851633, "max_depth": 7.0, "min_child_weight": 3905.1678223146796, "num_boost_round": 5.0, "subsample": 0.4074381984821923}, "datetime": {"datetime": "2024-01-20 14:30:24", "elapsed": 392.76844, "delta": 0.000917}}
{"target": -19.143070739721818, "params": {"colsample_bytree": 0.5845229066823244, "eta": 0.009328336084834122, "gamma": 498.95779388851633, "max_depth": 7.0, "min_child_weight": 3905.1678223146796, "num_boost_round": 6.0, "subsample": 0.4074381984821923}, "datetime": {"datetime": "2024-01-20 14:30:24", "elapsed": 392.76962, "delta": 0.00118}}
{"target": -19.14298300408938, "params": {"colsample_bytree": 0.5845229066823244, "eta": 0.009328336084834122, "gamma": 498.95779388851633, "max_depth": 7.0, "min_child_weight": 3905.1678223146796, "num_boost_round": 7.0, "subsample": 0.4074381984821923}, "datetime": {"datetime": "2024-01-20 14:30:24", "elapsed": 392.770716, "delta": 0.001096}}
{"target": -19.143051238545613, "params": {"colsample_bytree": 0.5845229066823244, "eta": 0.009328336084834122, "gamma": 498.95779388851633, "max_depth": 7.0, "min_child_weight": 3905.1678223146796, "num_boost_round": 8.0, "subsample": 0.4074381984821923}, "datetime": {"datetime": "2024-01-20 14:30:24", "elapsed": 392.771529, "delta": 0.000813}}
{"target": -19.142995609556813, "params": {"colsample_bytree": 0.5845229066823244, "eta": 0.009328336084834122, "gamma": 498.95779388851633, "max_depth": 7.0, "min_child_weight": 3905.1678223146796, "num_boost_round": 9.0, "subsample": 0.4074381984821923}, "datetime": {"datetime": "2024-01-20 14:30:24", "elapsed": 392.772346, "delta": 0.000817}}
{"target": -19.14298854165765, "params": {"colsample_bytree": 0.5845229066823244, "eta": 0.009328336084834122, "gamma": 498.95779388851633, "max_depth": 7.0, "min_child_weight": 3905.1678223146796, "num_boost_round": 10.0, "subsample": 0.4074381984821923}, "datetime": {"datetime": "2024-01-20 14:30:24", "elapsed": 392.773174, "delta": 0.000828}}
{"target": -19.142992996557474, "params": {"colsample_bytree": 0.5845229066823244, "eta": 0.009328336084834122, "gamma": 498.95779388851633, "max_depth": 7.0, "min_child_weight": 3905.1678223146796, "num_boost_round": 11.0, "subsample": 0.4074381984821923}, "datetime": {"datetime": "2024-01-20 14:30:24", "elapsed": 392.773988, "delta": 0.000814}}
{"target": -19.142999701291323, "params": {"colsample_bytree": 0.5845229066823244, "eta": 0.009328336084834122, "gamma": 498.95779388851633, "max_depth": 7.0, "min_child_weight": 3905.1678223146796, "num_boost_round": 12.0, "subsample": 0.4074381984821923}, "datetime": {"datetime": "2024-01-20 14:30:24", "elapsed": 392.774873, "delta": 0.000885}}
{"target": -19.143105949870463, "params": {"colsample_bytree": 0.5845229066823244, "eta": 0.009328336084834122, "gamma": 498.95779388851633, "max_depth": 7.0, "min_child_weight": 3905.1678223146796, "num_boost_round": 13.0, "subsample": 0.4074381984821923}, "datetime": {"datetime": "2024-01-20 14:30:24", "elapsed": 392.775684, "delta": 0.000811}}
{"target": -19.1432035295093, "params": {"colsample_bytree": 0.5845229066823244, "eta": 0.009328336084834122, "gamma": 498.95779388851633, "max_depth": 7.0, "min_child_weight": 3905.1678223146796, "num_boost_round": 14.0, "subsample": 0.4074381984821923}, "datetime": {"datetime": "2024-01-20 14:30:24", "elapsed": 392.776503, "delta": 0.000819}}
{"target": -19.14330787525772, "params": {"colsample_bytree": 0.5845229066823244, "eta": 0.009328336084834122, "gamma": 498.95779388851633, "max_depth": 7.0, "min_child_weight": 3905.1678223146796, "num_boost_round": 15.0, "subsample": 0.4074381984821923}, "datetime": {"datetime": "2024-01-20 14:30:24", "elapsed": 392.777361, "delta": 0.000858}}
{"target": -19.14327891994824, "params": {"colsample_bytree": 0.5845229066823244, "eta": 0.009328336084834122, "gamma": 498.95779388851633, "max_depth": 7.0, "min_child_weight": 3905.1678223146796, "num_boost_round": 16.0, "subsample": 0.4074381984821923}, "datetime": {"datetime": "2024-01-20 14:30:24", "elapsed": 392.778186, "delta": 0.000825}}
{"target": -19.143283466014083, "params": {"colsample_bytree": 0.5845229066823244, "eta": 0.009328336084834122, "gamma": 498.95779388851633, "max_depth": 7.0, "min_child_weight": 3905.1678223146796, "num_boost_round": 17.0, "subsample": 0.4074381984821923}, "datetime": {"datetime": "2024-01-20 14:30:24", "elapsed": 392.779003, "delta": 0.000817}}
{"target": -19.14336408475723, "params": {"colsample_bytree": 0.5845229066823244, "eta": 0.009328336084834122, "gamma": 498.95779388851633, "max_depth": 7.0, "min_child_weight": 3905.1678223146796, "num_boost_round": 18.0, "subsample": 0.4074381984821923}, "datetime": {"datetime": "2024-01-20 14:30:24", "elapsed": 392.779826, "delta": 0.000823}}
{"target": -19.1433719520398, "params": {"colsample_bytree": 0.5845229066823244, "eta": 0.009328336084834122, "gamma": 498.95779388851633, "max_depth": 7.0, "min_child_weight": 3905.1678223146796, "num_boost_round": 19.0, "subsample": 0.4074381984821923}, "datetime": {"datetime": "2024-01-20 14:30:24", "elapsed": 392.780634, "delta": 0.000808}}
{"target": -19.143339629874568, "params": {"colsample_bytree": 0.5845229066823244, "eta": 0.009328336084834122, "gamma": 498.95779388851633, "max_depth": 7.0, "min_child_weight": 3905.1678223146796, "num_boost_round": 20.0, "subsample": 0.4074381984821923}, "datetime": {"datetime": "2024-01-20 14:30:24", "elapsed": 392.781466, "delta": 0.000832}}
{"target": -19.1434531035076, "params": {"colsample_bytree": 0.5845229066823244, "eta": 0.009328336084834122, "gamma": 498.95779388851633, "max_depth": 7.0, "min_child_weight": 3905.1678223146796, "num_boost_round": 21.0, "subsample": 0.4074381984821923}, "datetime": {"datetime": "2024-01-20 14:30:24", "elapsed": 392.78233, "delta": 0.000864}}
{"target": -19.143525824903822, "params": {"colsample_bytree": 0.5845229066823244, "eta": 0.009328336084834122, "gamma": 498.95779388851633, "max_depth": 7.0, "min_child_weight": 3905.1678223146796, "num_boost_round": 22.0, "subsample": 0.4074381984821923}, "datetime": {"datetime": "2024-01-20 14:30:24", "elapsed": 392.783155, "delta": 0.000825}}
{"target": -19.143479079197586, "params": {"colsample_bytree": 0.5845229066823244, "eta": 0.009328336084834122, "gamma": 498.95779388851633, "max_depth": 7.0, "min_child_weight": 3905.1678223146796, "num_boost_round": 23.0, "subsample": 0.4074381984821923}, "datetime": {"datetime": "2024-01-20 14:30:24", "elapsed": 392.783979, "delta": 0.000824}}
{"target": -19.143488890094922, "params": {"colsample_bytree": 0.5845229066823244, "eta": 0.009328336084834122, "gamma": 498.95779388851633, "max_depth": 7.0, "min_child_weight": 3905.1678223146796, "num_boost_round": 24.0, "subsample": 0.4074381984821923}, "datetime": {"datetime": "2024-01-20 14:30:24", "elapsed": 392.784804, "delta": 0.000825}}
{"target": -19.143616339629908, "params": {"colsample_bytree": 0.5845229066823244, "eta": 0.009328336084834122, "gamma": 498.95779388851633, "max_depth": 7.0, "min_child_weight": 3905.1678223146796, "num_boost_round": 25.0, "subsample": 0.4074381984821923}, "datetime": {"datetime": "2024-01-20 14:30:24", "elapsed": 392.785619, "delta": 0.000815}}
{"target": -19.143610260980797, "params": {"colsample_bytree": 0.5845229066823244, "eta": 0.009328336084834122, "gamma": 498.95779388851633, "max_depth": 7.0, "min_child_weight": 3905.1678223146796, "num_boost_round": 26.0, "subsample": 0.4074381984821923}, "datetime": {"datetime": "2024-01-20 14:30:24", "elapsed": 392.786528, "delta": 0.000909}}
{"target": -19.143722201259113, "params": {"colsample_bytree": 0.5845229066823244, "eta": 0.009328336084834122, "gamma": 498.95779388851633, "max_depth": 7.0, "min_child_weight": 3905.1678223146796, "num_boost_round": 27.0, "subsample": 0.4074381984821923}, "datetime": {"datetime": "2024-01-20 14:30:24", "elapsed": 392.787357, "delta": 0.000829}}
{"target": -19.143719173628483, "params": {"colsample_bytree": 0.5845229066823244, "eta": 0.009328336084834122, "gamma": 498.95779388851633, "max_depth": 7.0, "min_child_weight": 3905.1678223146796, "num_boost_round": 28.0, "subsample": 0.4074381984821923}, "datetime": {"datetime": "2024-01-20 14:30:24", "elapsed": 392.788188, "delta": 0.000831}}
{"target": -19.14365000607151, "params": {"colsample_bytree": 0.5845229066823244, "eta": 0.009328336084834122, "gamma": 498.95779388851633, "max_depth": 7.0, "min_child_weight": 3905.1678223146796, "num_boost_round": 29.0, "subsample": 0.4074381984821923}, "datetime": {"datetime": "2024-01-20 14:30:24", "elapsed": 392.789017, "delta": 0.000829}}
{"target": -19.14360062760105, "params": {"colsample_bytree": 0.5845229066823244, "eta": 0.009328336084834122, "gamma": 498.95779388851633, "max_depth": 7.0, "min_child_weight": 3905.1678223146796, "num_boost_round": 30.0, "subsample": 0.4074381984821923}, "datetime": {"datetime": "2024-01-20 14:30:24", "elapsed": 392.790168, "delta": 0.001151}}
{"target": -19.143588779468793, "params": {"colsample_bytree": 0.5845229066823244, "eta": 0.009328336084834122, "gamma": 498.95779388851633, "max_depth": 7.0, "min_child_weight": 3905.1678223146796, "num_boost_round": 31.0, "subsample": 0.4074381984821923}, "datetime": {"datetime": "2024-01-20 14:30:24", "elapsed": 392.791006, "delta": 0.000838}}
{"target": -19.14353740107954, "params": {"colsample_bytree": 0.5845229066823244, "eta": 0.009328336084834122, "gamma": 498.95779388851633, "max_depth": 7.0, "min_child_weight": 3905.1678223146796, "num_boost_round": 32.0, "subsample": 0.4074381984821923}, "datetime": {"datetime": "2024-01-20 14:30:24", "elapsed": 392.791837, "delta": 0.000831}}
{"target": -19.14354374847709, "params": {"colsample_bytree": 0.5845229066823244, "eta": 0.009328336084834122, "gamma": 498.95779388851633, "max_depth": 7.0, "min_child_weight": 3905.1678223146796, "num_boost_round": 33.0, "subsample": 0.4074381984821923}, "datetime": {"datetime": "2024-01-20 14:30:24", "elapsed": 392.792664, "delta": 0.000827}}
{"target": -19.143571717130463, "params": {"colsample_bytree": 0.5845229066823244, "eta": 0.009328336084834122, "gamma": 498.95779388851633, "max_depth": 7.0, "min_child_weight": 3905.1678223146796, "num_boost_round": 34.0, "subsample": 0.4074381984821923}, "datetime": {"datetime": "2024-01-20 14:30:24", "elapsed": 392.793501, "delta": 0.000837}}
{"target": -19.14373342096523, "params": {"colsample_bytree": 0.5845229066823244, "eta": 0.009328336084834122, "gamma": 498.95779388851633, "max_depth": 7.0, "min_child_weight": 3905.1678223146796, "num_boost_round": 35.0, "subsample": 0.4074381984821923}, "datetime": {"datetime": "2024-01-20 14:30:24", "elapsed": 392.794339, "delta": 0.000838}}
{"target": -19.14370806676257, "params": {"colsample_bytree": 0.5845229066823244, "eta": 0.009328336084834122, "gamma": 498.95779388851633, "max_depth": 7.0, "min_child_weight": 3905.1678223146796, "num_boost_round": 36.0, "subsample": 0.4074381984821923}, "datetime": {"datetime": "2024-01-20 14:30:24", "elapsed": 392.795242, "delta": 0.000903}}
{"target": -19.143741935241987, "params": {"colsample_bytree": 0.5845229066823244, "eta": 0.009328336084834122, "gamma": 498.95779388851633, "max_depth": 7.0, "min_child_weight": 3905.1678223146796, "num_boost_round": 37.0, "subsample": 0.4074381984821923}, "datetime": {"datetime": "2024-01-20 14:30:24", "elapsed": 392.796079, "delta": 0.000837}}
{"target": -19.143813556835845, "params": {"colsample_bytree": 0.5845229066823244, "eta": 0.009328336084834122, "gamma": 498.95779388851633, "max_depth": 7.0, "min_child_weight": 3905.1678223146796, "num_boost_round": 38.0, "subsample": 0.4074381984821923}, "datetime": {"datetime": "2024-01-20 14:30:24", "elapsed": 392.796928, "delta": 0.000849}}
{"target": -19.14390938062781, "params": {"colsample_bytree": 0.5845229066823244, "eta": 0.009328336084834122, "gamma": 498.95779388851633, "max_depth": 7.0, "min_child_weight": 3905.1678223146796, "num_boost_round": 39.0, "subsample": 0.4074381984821923}, "datetime": {"datetime": "2024-01-20 14:30:24", "elapsed": 392.797779, "delta": 0.000851}}
{"target": -19.143924379192992, "params": {"colsample_bytree": 0.5845229066823244, "eta": 0.009328336084834122, "gamma": 498.95779388851633, "max_depth": 7.0, "min_child_weight": 3905.1678223146796, "num_boost_round": 40.0, "subsample": 0.4074381984821923}, "datetime": {"datetime": "2024-01-20 14:30:24", "elapsed": 392.798621, "delta": 0.000842}}
{"target": -19.144035225341767, "params": {"colsample_bytree": 0.5845229066823244, "eta": 0.009328336084834122, "gamma": 498.95779388851633, "max_depth": 7.0, "min_child_weight": 3905.1678223146796, "num_boost_round": 41.0, "subsample": 0.4074381984821923}, "datetime": {"datetime": "2024-01-20 14:30:24", "elapsed": 392.799459, "delta": 0.000838}}
{"target": -19.144035039967736, "params": {"colsample_bytree": 0.5845229066823244, "eta": 0.009328336084834122, "gamma": 498.95779388851633, "max_depth": 7.0, "min_child_weight": 3905.1678223146796, "num_boost_round": 42.0, "subsample": 0.4074381984821923}, "datetime": {"datetime": "2024-01-20 14:30:24", "elapsed": 392.800297, "delta": 0.000838}}
{"target": -19.144131245708657, "params": {"colsample_bytree": 0.5845229066823244, "eta": 0.009328336084834122, "gamma": 498.95779388851633, "max_depth": 7.0, "min_child_weight": 3905.1678223146796, "num_boost_round": 43.0, "subsample": 0.4074381984821923}, "datetime": {"datetime": "2024-01-20 14:30:24", "elapsed": 392.801144, "delta": 0.000847}}
{"target": -19.144151741822206, "params": {"colsample_bytree": 0.5845229066823244, "eta": 0.009328336084834122, "gamma": 498.95779388851633, "max_depth": 7.0, "min_child_weight": 3905.1678223146796, "num_boost_round": 44.0, "subsample": 0.4074381984821923}, "datetime": {"datetime": "2024-01-20 14:30:24", "elapsed": 392.801984, "delta": 0.00084}}
{"target": -19.144172216726883, "params": {"colsample_bytree": 0.5845229066823244, "eta": 0.009328336084834122, "gamma": 498.95779388851633, "max_depth": 7.0, "min_child_weight": 3905.1678223146796, "num_boost_round": 45.0, "subsample": 0.4074381984821923}, "datetime": {"datetime": "2024-01-20 14:30:24", "elapsed": 392.803021, "delta": 0.001037}}
{"target": -19.144113256887874, "params": {"colsample_bytree": 0.5845229066823244, "eta": 0.009328336084834122, "gamma": 498.95779388851633, "max_depth": 7.0, "min_child_weight": 3905.1678223146796, "num_boost_round": 46.0, "subsample": 0.4074381984821923}, "datetime": {"datetime": "2024-01-20 14:30:24", "elapsed": 392.80389, "delta": 0.000869}}
{"target": -19.1440849201484, "params": {"colsample_bytree": 0.5845229066823244, "eta": 0.009328336084834122, "gamma": 498.95779388851633, "max_depth": 7.0, "min_child_weight": 3905.1678223146796, "num_boost_round": 47.0, "subsample": 0.4074381984821923}, "datetime": {"datetime": "2024-01-20 14:30:24", "elapsed": 392.804744, "delta": 0.000854}}
{"target": -19.144095495473536, "params": {"colsample_bytree": 0.5845229066823244, "eta": 0.009328336084834122, "gamma": 498.95779388851633, "max_depth": 7.0, "min_child_weight": 3905.1678223146796, "num_boost_round": 48.0, "subsample": 0.4074381984821923}, "datetime": {"datetime": "2024-01-20 14:30:24", "elapsed": 392.805586, "delta": 0.000842}}
