{"target": -19.174161511296763, "params": {"colsample_bytree": 0.7131797395952382, "eta": 0.09342283178667184, "gamma": 194.92978336273103, "max_depth": 9.0, "min_child_weight": 3520.1030721006573, "num_boost_round": 39.0, "subsample": 0.3478052519601252}, "datetime": {"datetime": "2024-01-20 16:29:44", "elapsed": 7552.209742, "delta": 0.005297}}
{"target": -19.1751648957988, "params": {"colsample_bytree": 0.7131797395952382, "eta": 0.09342283178667184, "gamma": 194.92978336273103, "max_depth": 9.0, "min_child_weight": 3520.1030721006573, "num_boost_round": 40.0, "subsample": 0.3478052519601252}, "datetime": {"datetime": "2024-01-20 16:29:44", "elapsed": 7552.215044, "delta": 0.005302}}
{"target": -19.143053297610997, "params": {"colsample_bytree": 0.9139237258066751, "eta": 0.082141959847021, "gamma": 816.8820982094345, "max_depth": 2.0, "min_child_weight": 4367.75370283463, "num_boost_round": 1.0, "subsample": 0.23818784699751305}, "datetime": {"datetime": "2024-01-20 16:31:10", "elapsed": 7638.224574, "delta": 86.00953}}
{"target": -19.142797388339353, "params": {"colsample_bytree": 0.9139237258066751, "eta": 0.082141959847021, "gamma": 816.8820982094345, "max_depth": 2.0, "min_child_weight": 4367.75370283463, "num_boost_round": 2.0, "subsample": 0.23818784699751305}, "datetime": {"datetime": "2024-01-20 16:31:10", "elapsed": 7638.230218, "delta": 0.005644}}
{"target": -19.142819089129162, "params": {"colsample_bytree": 0.9139237258066751, "eta": 0.082141959847021, "gamma": 816.8820982094345, "max_depth": 2.0, "min_child_weight": 4367.75370283463, "num_boost_round": 3.0, "subsample": 0.23818784699751305}, "datetime": {"datetime": "2024-01-20 16:31:10", "elapsed": 7638.24688, "delta": 0.016662}}
{"target": -19.142550359445092, "params": {"colsample_bytree": 0.9139237258066751, "eta": 0.082141959847021, "gamma": 816.8820982094345, "max_depth": 2.0, "min_child_weight": 4367.75370283463, "num_boost_round": 4.0, "subsample": 0.23818784699751305}, "datetime": {"datetime": "2024-01-20 16:31:10", "elapsed": 7638.252256, "delta": 0.005376}}
{"target": -19.142324068369852, "params": {"colsample_bytree": 0.9139237258066751, "eta": 0.082141959847021, "gamma": 816.8820982094345, "max_depth": 2.0, "min_child_weight": 4367.75370283463, "num_boost_round": 5.0, "subsample": 0.23818784699751305}, "datetime": {"datetime": "2024-01-20 16:31:10", "elapsed": 7638.556268, "delta": 0.304012}}
{"target": -19.142430597294663, "params": {"colsample_bytree": 0.9139237258066751, "eta": 0.082141959847021, "gamma": 816.8820982094345, "max_depth": 2.0, "min_child_weight": 4367.75370283463, "num_boost_round": 6.0, "subsample": 0.23818784699751305}, "datetime": {"datetime": "2024-01-20 16:31:10", "elapsed": 7638.562745, "delta": 0.006477}}
{"target": -19.142150491446685, "params": {"colsample_bytree": 0.9139237258066751, "eta": 0.082141959847021, "gamma": 816.8820982094345, "max_depth": 2.0, "min_child_weight": 4367.75370283463, "num_boost_round": 7.0, "subsample": 0.23818784699751305}, "datetime": {"datetime": "2024-01-20 16:31:10", "elapsed": 7638.568337, "delta": 0.005592}}
{"target": -19.1417361609712, "params": {"colsample_bytree": 0.9139237258066751, "eta": 0.082141959847021, "gamma": 816.8820982094345, "max_depth": 2.0, "min_child_weight": 4367.75370283463, "num_boost_round": 8.0, "subsample": 0.23818784699751305}, "datetime": {"datetime": "2024-01-20 16:31:10", "elapsed": 7638.573451, "delta": 0.005114}}
{"target": -19.1419469558689, "params": {"colsample_bytree": 0.9139237258066751, "eta": 0.082141959847021, "gamma": 816.8820982094345, "max_depth": 2.0, "min_child_weight": 4367.75370283463, "num_boost_round": 9.0, "subsample": 0.23818784699751305}, "datetime": {"datetime": "2024-01-20 16:31:10", "elapsed": 7638.578463, "delta": 0.005012}}
{"target": -19.141769929863827, "params": {"colsample_bytree": 0.9139237258066751, "eta": 0.082141959847021, "gamma": 816.8820982094345, "max_depth": 2.0, "min_child_weight": 4367.75370283463, "num_boost_round": 10.0, "subsample": 0.23818784699751305}, "datetime": {"datetime": "2024-01-20 16:31:10", "elapsed": 7638.583478, "delta": 0.005015}}
{"target": -19.142061771360332, "params": {"colsample_bytree": 0.9139237258066751, "eta": 0.082141959847021, "gamma": 816.8820982094345, "max_depth": 2.0, "min_child_weight": 4367.75370283463, "num_boost_round": 11.0, "subsample": 0.23818784699751305}, "datetime": {"datetime": "2024-01-20 16:31:10", "elapsed": 7638.588525, "delta": 0.005047}}
{"target": -19.14176762618233, "params": {"colsample_bytree": 0.9139237258066751, "eta": 0.082141959847021, "gamma": 816.8820982094345, "max_depth": 2.0, "min_child_weight": 4367.75370283463, "num_boost_round": 12.0, "subsample": 0.23818784699751305}, "datetime": {"datetime": "2024-01-20 16:31:10", "elapsed": 7638.593645, "delta": 0.00512}}
{"target": -19.143220981098374, "params": {"colsample_bytree": 0.7128512934499386, "eta": 0.01654795579006708, "gamma": 188.48651558958375, "max_depth": 5.0, "min_child_weight": 3628.94196611826, "num_boost_round": 1.0, "subsample": 0.6366253213889492}, "datetime": {"datetime": "2024-01-20 16:32:40", "elapsed": 7727.968543, "delta": 89.374898}}
{"target": -19.143151556005442, "params": {"colsample_bytree": 0.7128512934499386, "eta": 0.01654795579006708, "gamma": 188.48651558958375, "max_depth": 5.0, "min_child_weight": 3628.94196611826, "num_boost_round": 2.0, "subsample": 0.6366253213889492}, "datetime": {"datetime": "2024-01-20 16:32:40", "elapsed": 7727.975334, "delta": 0.006791}}
{"target": -19.143186643808953, "params": {"colsample_bytree": 0.7128512934499386, "eta": 0.01654795579006708, "gamma": 188.48651558958375, "max_depth": 5.0, "min_child_weight": 3628.94196611826, "num_boost_round": 3.0, "subsample": 0.6366253213889492}, "datetime": {"datetime": "2024-01-20 16:32:40", "elapsed": 7728.01408, "delta": 0.038746}}
{"target": -19.14320819115158, "params": {"colsample_bytree": 0.7128512934499386, "eta": 0.01654795579006708, "gamma": 188.48651558958375, "max_depth": 5.0, "min_child_weight": 3628.94196611826, "num_boost_round": 4.0, "subsample": 0.6366253213889492}, "datetime": {"datetime": "2024-01-20 16:32:40", "elapsed": 7728.019106, "delta": 0.005026}}
{"target": -19.143235442762133, "params": {"colsample_bytree": 0.7128512934499386, "eta": 0.01654795579006708, "gamma": 188.48651558958375, "max_depth": 5.0, "min_child_weight": 3628.94196611826, "num_boost_round": 5.0, "subsample": 0.6366253213889492}, "datetime": {"datetime": "2024-01-20 16:32:40", "elapsed": 7728.024058, "delta": 0.004952}}
{"target": -19.14316802591422, "params": {"colsample_bytree": 0.7128512934499386, "eta": 0.01654795579006708, "gamma": 188.48651558958375, "max_depth": 5.0, "min_child_weight": 3628.94196611826, "num_boost_round": 6.0, "subsample": 0.6366253213889492}, "datetime": {"datetime": "2024-01-20 16:32:40", "elapsed": 7728.029039, "delta": 0.004981}}
{"target": -19.14320488125868, "params": {"colsample_bytree": 0.7128512934499386, "eta": 0.01654795579006708, "gamma": 188.48651558958375, "max_depth": 5.0, "min_child_weight": 3628.94196611826, "num_boost_round": 7.0, "subsample": 0.6366253213889492}, "datetime": {"datetime": "2024-01-20 16:32:40", "elapsed": 7728.034036, "delta": 0.004997}}
{"target": -19.143219799937487, "params": {"colsample_bytree": 0.7128512934499386, "eta": 0.01654795579006708, "gamma": 188.48651558958375, "max_depth": 5.0, "min_child_weight": 3628.94196611826, "num_boost_round": 8.0, "subsample": 0.6366253213889492}, "datetime": {"datetime": "2024-01-20 16:32:40", "elapsed": 7728.039078, "delta": 0.005042}}
{"target": -19.143125735935627, "params": {"colsample_bytree": 0.7128512934499386, "eta": 0.01654795579006708, "gamma": 188.48651558958375, "max_depth": 5.0, "min_child_weight": 3628.94196611826, "num_boost_round": 9.0, "subsample": 0.6366253213889492}, "datetime": {"datetime": "2024-01-20 16:32:40", "elapsed": 7728.04428, "delta": 0.005202}}
{"target": -19.143144091216698, "params": {"colsample_bytree": 0.7128512934499386, "eta": 0.01654795579006708, "gamma": 188.48651558958375, "max_depth": 5.0, "min_child_weight": 3628.94196611826, "num_boost_round": 10.0, "subsample": 0.6366253213889492}, "datetime": {"datetime": "2024-01-20 16:32:40", "elapsed": 7728.049573, "delta": 0.005293}}
{"target": -19.14314537261057, "params": {"colsample_bytree": 0.7128512934499386, "eta": 0.01654795579006708, "gamma": 188.48651558958375, "max_depth": 5.0, "min_child_weight": 3628.94196611826, "num_boost_round": 11.0, "subsample": 0.6366253213889492}, "datetime": {"datetime": "2024-01-20 16:32:40", "elapsed": 7728.054457, "delta": 0.004884}}
{"target": -19.143108433095403, "params": {"colsample_bytree": 0.7128512934499386, "eta": 0.01654795579006708, "gamma": 188.48651558958375, "max_depth": 5.0, "min_child_weight": 3628.94196611826, "num_boost_round": 12.0, "subsample": 0.6366253213889492}, "datetime": {"datetime": "2024-01-20 16:32:40", "elapsed": 7728.059314, "delta": 0.004857}}
{"target": -19.14330127047248, "params": {"colsample_bytree": 0.7128512934499386, "eta": 0.01654795579006708, "gamma": 188.48651558958375, "max_depth": 5.0, "min_child_weight": 3628.94196611826, "num_boost_round": 13.0, "subsample": 0.6366253213889492}, "datetime": {"datetime": "2024-01-20 16:32:40", "elapsed": 7728.064418, "delta": 0.005104}}
{"target": -19.143491973237268, "params": {"colsample_bytree": 0.7128512934499386, "eta": 0.01654795579006708, "gamma": 188.48651558958375, "max_depth": 5.0, "min_child_weight": 3628.94196611826, "num_boost_round": 14.0, "subsample": 0.6366253213889492}, "datetime": {"datetime": "2024-01-20 16:32:40", "elapsed": 7728.069519, "delta": 0.005101}}
{"target": -19.143736007490737, "params": {"colsample_bytree": 0.7128512934499386, "eta": 0.01654795579006708, "gamma": 188.48651558958375, "max_depth": 5.0, "min_child_weight": 3628.94196611826, "num_boost_round": 15.0, "subsample": 0.6366253213889492}, "datetime": {"datetime": "2024-01-20 16:32:40", "elapsed": 7728.074624, "delta": 0.005105}}
{"target": -19.14381710296211, "params": {"colsample_bytree": 0.7128512934499386, "eta": 0.01654795579006708, "gamma": 188.48651558958375, "max_depth": 5.0, "min_child_weight": 3628.94196611826, "num_boost_round": 16.0, "subsample": 0.6366253213889492}, "datetime": {"datetime": "2024-01-20 16:32:40", "elapsed": 7728.079493, "delta": 0.004869}}
{"target": -19.143902026903504, "params": {"colsample_bytree": 0.7128512934499386, "eta": 0.01654795579006708, "gamma": 188.48651558958375, "max_depth": 5.0, "min_child_weight": 3628.94196611826, "num_boost_round": 17.0, "subsample": 0.6366253213889492}, "datetime": {"datetime": "2024-01-20 16:32:40", "elapsed": 7728.084475, "delta": 0.004982}}
{"target": -19.14403887957047, "params": {"colsample_bytree": 0.7128512934499386, "eta": 0.01654795579006708, "gamma": 188.48651558958375, "max_depth": 5.0, "min_child_weight": 3628.94196611826, "num_boost_round": 18.0, "subsample": 0.6366253213889492}, "datetime": {"datetime": "2024-01-20 16:32:40", "elapsed": 7728.089405, "delta": 0.00493}}
{"target": -19.144131514098625, "params": {"colsample_bytree": 0.7128512934499386, "eta": 0.01654795579006708, "gamma": 188.48651558958375, "max_depth": 5.0, "min_child_weight": 3628.94196611826, "num_boost_round": 19.0, "subsample": 0.6366253213889492}, "datetime": {"datetime": "2024-01-20 16:32:40", "elapsed": 7728.094397, "delta": 0.004992}}
{"target": -19.1442503286533, "params": {"colsample_bytree": 0.7128512934499386, "eta": 0.01654795579006708, "gamma": 188.48651558958375, "max_depth": 5.0, "min_child_weight": 3628.94196611826, "num_boost_round": 20.0, "subsample": 0.6366253213889492}, "datetime": {"datetime": "2024-01-20 16:32:40", "elapsed": 7728.099521, "delta": 0.005124}}
{"target": -19.14434785837012, "params": {"colsample_bytree": 0.7128512934499386, "eta": 0.01654795579006708, "gamma": 188.48651558958375, "max_depth": 5.0, "min_child_weight": 3628.94196611826, "num_boost_round": 21.0, "subsample": 0.6366253213889492}, "datetime": {"datetime": "2024-01-20 16:32:40", "elapsed": 7728.104771, "delta": 0.00525}}
{"target": -19.14458008194228, "params": {"colsample_bytree": 0.7128512934499386, "eta": 0.01654795579006708, "gamma": 188.48651558958375, "max_depth": 5.0, "min_child_weight": 3628.94196611826, "num_boost_round": 22.0, "subsample": 0.6366253213889492}, "datetime": {"datetime": "2024-01-20 16:32:40", "elapsed": 7728.110026, "delta": 0.005255}}
{"target": -19.144642510303186, "params": {"colsample_bytree": 0.7128512934499386, "eta": 0.01654795579006708, "gamma": 188.48651558958375, "max_depth": 5.0, "min_child_weight": 3628.94196611826, "num_boost_round": 23.0, "subsample": 0.6366253213889492}, "datetime": {"datetime": "2024-01-20 16:32:40", "elapsed": 7728.115022, "delta": 0.004996}}
{"target": -19.14471982842121, "params": {"colsample_bytree": 0.7128512934499386, "eta": 0.01654795579006708, "gamma": 188.48651558958375, "max_depth": 5.0, "min_child_weight": 3628.94196611826, "num_boost_round": 24.0, "subsample": 0.6366253213889492}, "datetime": {"datetime": "2024-01-20 16:32:40", "elapsed": 7728.119955, "delta": 0.004933}}
{"target": -19.144874559067652, "params": {"colsample_bytree": 0.7128512934499386, "eta": 0.01654795579006708, "gamma": 188.48651558958375, "max_depth": 5.0, "min_child_weight": 3628.94196611826, "num_boost_round": 25.0, "subsample": 0.6366253213889492}, "datetime": {"datetime": "2024-01-20 16:32:40", "elapsed": 7728.124902, "delta": 0.004947}}
{"target": -19.144858904586382, "params": {"colsample_bytree": 0.7128512934499386, "eta": 0.01654795579006708, "gamma": 188.48651558958375, "max_depth": 5.0, "min_child_weight": 3628.94196611826, "num_boost_round": 26.0, "subsample": 0.6366253213889492}, "datetime": {"datetime": "2024-01-20 16:32:40", "elapsed": 7728.129777, "delta": 0.004875}}
{"target": -19.145050493149178, "params": {"colsample_bytree": 0.7128512934499386, "eta": 0.01654795579006708, "gamma": 188.48651558958375, "max_depth": 5.0, "min_child_weight": 3628.94196611826, "num_boost_round": 27.0, "subsample": 0.6366253213889492}, "datetime": {"datetime": "2024-01-20 16:32:40", "elapsed": 7728.13486, "delta": 0.005083}}
{"target": -19.14520404256443, "params": {"colsample_bytree": 0.7128512934499386, "eta": 0.01654795579006708, "gamma": 188.48651558958375, "max_depth": 5.0, "min_child_weight": 3628.94196611826, "num_boost_round": 28.0, "subsample": 0.6366253213889492}, "datetime": {"datetime": "2024-01-20 16:32:40", "elapsed": 7728.13976, "delta": 0.0049}}
{"target": -19.14520006916716, "params": {"colsample_bytree": 0.7128512934499386, "eta": 0.01654795579006708, "gamma": 188.48651558958375, "max_depth": 5.0, "min_child_weight": 3628.94196611826, "num_boost_round": 29.0, "subsample": 0.6366253213889492}, "datetime": {"datetime": "2024-01-20 16:32:40", "elapsed": 7728.144735, "delta": 0.004975}}
{"target": -19.143425108149962, "params": {"colsample_bytree": 0.9435628432729445, "eta": 0.05891062764584839, "gamma": 898.788990938343, "max_depth": 8.0, "min_child_weight": 4365.441103633927, "num_boost_round": 1.0, "subsample": 0.6462106906739616}, "datetime": {"datetime": "2024-01-20 16:34:03", "elapsed": 7810.992801, "delta": 82.848066}}
{"target": -19.143289079767708, "params": {"colsample_bytree": 0.3742612204283684, "eta": 0.036736096086812, "gamma": 881.000395297814, "max_depth": 4.0, "min_child_weight": 4341.680100155492, "num_boost_round": 1.0, "subsample": 0.14157026722653696}, "datetime": {"datetime": "2024-01-20 16:35:38", "elapsed": 7906.941957, "delta": 95.949156}}
{"target": -19.14306349409506, "params": {"colsample_bytree": 0.3742612204283684, "eta": 0.036736096086812, "gamma": 881.000395297814, "max_depth": 4.0, "min_child_weight": 4341.680100155492, "num_boost_round": 2.0, "subsample": 0.14157026722653696}, "datetime": {"datetime": "2024-01-20 16:35:38", "elapsed": 7906.94763, "delta": 0.005673}}
{"target": -19.14281369537901, "params": {"colsample_bytree": 0.3742612204283684, "eta": 0.036736096086812, "gamma": 881.000395297814, "max_depth": 4.0, "min_child_weight": 4341.680100155492, "num_boost_round": 3.0, "subsample": 0.14157026722653696}, "datetime": {"datetime": "2024-01-20 16:35:39", "elapsed": 7906.952682, "delta": 0.005052}}
{"target": -19.142557112354126, "params": {"colsample_bytree": 0.3742612204283684, "eta": 0.036736096086812, "gamma": 881.000395297814, "max_depth": 4.0, "min_child_weight": 4341.680100155492, "num_boost_round": 4.0, "subsample": 0.14157026722653696}, "datetime": {"datetime": "2024-01-20 16:35:39", "elapsed": 7906.957632, "delta": 0.00495}}
{"target": -19.14248596483531, "params": {"colsample_bytree": 0.3742612204283684, "eta": 0.036736096086812, "gamma": 881.000395297814, "max_depth": 4.0, "min_child_weight": 4341.680100155492, "num_boost_round": 5.0, "subsample": 0.14157026722653696}, "datetime": {"datetime": "2024-01-20 16:35:39", "elapsed": 7906.962673, "delta": 0.005041}}
{"target": -19.141950954827117, "params": {"colsample_bytree": 0.3742612204283684, "eta": 0.036736096086812, "gamma": 881.000395297814, "max_depth": 4.0, "min_child_weight": 4341.680100155492, "num_boost_round": 6.0, "subsample": 0.14157026722653696}, "datetime": {"datetime": "2024-01-20 16:35:39", "elapsed": 7906.967675, "delta": 0.005002}}
{"target": -19.141942449093566, "params": {"colsample_bytree": 0.3742612204283684, "eta": 0.036736096086812, "gamma": 881.000395297814, "max_depth": 4.0, "min_child_weight": 4341.680100155492, "num_boost_round": 7.0, "subsample": 0.14157026722653696}, "datetime": {"datetime": "2024-01-20 16:35:39", "elapsed": 7906.972745, "delta": 0.00507}}
{"target": -19.1416474312253, "params": {"colsample_bytree": 0.3742612204283684, "eta": 0.036736096086812, "gamma": 881.000395297814, "max_depth": 4.0, "min_child_weight": 4341.680100155492, "num_boost_round": 8.0, "subsample": 0.14157026722653696}, "datetime": {"datetime": "2024-01-20 16:35:39", "elapsed": 7906.977731, "delta": 0.004986}}
{"target": -19.141675373307876, "params": {"colsample_bytree": 0.3742612204283684, "eta": 0.036736096086812, "gamma": 881.000395297814, "max_depth": 4.0, "min_child_weight": 4341.680100155492, "num_boost_round": 9.0, "subsample": 0.14157026722653696}, "datetime": {"datetime": "2024-01-20 16:35:39", "elapsed": 7907.00622, "delta": 0.028489}}
{"target": -19.141454878888858, "params": {"colsample_bytree": 0.3742612204283684, "eta": 0.036736096086812, "gamma": 881.000395297814, "max_depth": 4.0, "min_child_weight": 4341.680100155492, "num_boost_round": 10.0, "subsample": 0.14157026722653696}, "datetime": {"datetime": "2024-01-20 16:35:39", "elapsed": 7907.011308, "delta": 0.005088}}
{"target": -19.141408111916917, "params": {"colsample_bytree": 0.3742612204283684, "eta": 0.036736096086812, "gamma": 881.000395297814, "max_depth": 4.0, "min_child_weight": 4341.680100155492, "num_boost_round": 11.0, "subsample": 0.14157026722653696}, "datetime": {"datetime": "2024-01-20 16:35:39", "elapsed": 7907.016562, "delta": 0.005254}}
{"target": -19.141438718951786, "params": {"colsample_bytree": 0.3742612204283684, "eta": 0.036736096086812, "gamma": 881.000395297814, "max_depth": 4.0, "min_child_weight": 4341.680100155492, "num_boost_round": 12.0, "subsample": 0.14157026722653696}, "datetime": {"datetime": "2024-01-20 16:35:39", "elapsed": 7907.021825, "delta": 0.005263}}
{"target": -19.141564307465845, "params": {"colsample_bytree": 0.3742612204283684, "eta": 0.036736096086812, "gamma": 881.000395297814, "max_depth": 4.0, "min_child_weight": 4341.680100155492, "num_boost_round": 13.0, "subsample": 0.14157026722653696}, "datetime": {"datetime": "2024-01-20 16:35:39", "elapsed": 7907.027184, "delta": 0.005359}}
{"target": -19.141593827976966, "params": {"colsample_bytree": 0.3742612204283684, "eta": 0.036736096086812, "gamma": 881.000395297814, "max_depth": 4.0, "min_child_weight": 4341.680100155492, "num_boost_round": 14.0, "subsample": 0.14157026722653696}, "datetime": {"datetime": "2024-01-20 16:35:39", "elapsed": 7907.032063, "delta": 0.004879}}
{"target": -19.141640135086263, "params": {"colsample_bytree": 0.3742612204283684, "eta": 0.036736096086812, "gamma": 881.000395297814, "max_depth": 4.0, "min_child_weight": 4341.680100155492, "num_boost_round": 15.0, "subsample": 0.14157026722653696}, "datetime": {"datetime": "2024-01-20 16:35:39", "elapsed": 7907.037002, "delta": 0.004939}}
{"target": -19.141650026527376, "params": {"colsample_bytree": 0.3742612204283684, "eta": 0.036736096086812, "gamma": 881.000395297814, "max_depth": 4.0, "min_child_weight": 4341.680100155492, "num_boost_round": 16.0, "subsample": 0.14157026722653696}, "datetime": {"datetime": "2024-01-20 16:35:39", "elapsed": 7907.04193, "delta": 0.004928}}
{"target": -19.14159293214343, "params": {"colsample_bytree": 0.3742612204283684, "eta": 0.036736096086812, "gamma": 881.000395297814, "max_depth": 4.0, "min_child_weight": 4341.680100155492, "num_boost_round": 17.0, "subsample": 0.14157026722653696}, "datetime": {"datetime": "2024-01-20 16:35:39", "elapsed": 7907.046908, "delta": 0.004978}}
{"target": -19.141476768334886, "params": {"colsample_bytree": 0.3742612204283684, "eta": 0.036736096086812, "gamma": 881.000395297814, "max_depth": 4.0, "min_child_weight": 4341.680100155492, "num_boost_round": 18.0, "subsample": 0.14157026722653696}, "datetime": {"datetime": "2024-01-20 16:35:39", "elapsed": 7907.051822, "delta": 0.004914}}
{"target": -19.141586872284734, "params": {"colsample_bytree": 0.3742612204283684, "eta": 0.036736096086812, "gamma": 881.000395297814, "max_depth": 4.0, "min_child_weight": 4341.680100155492, "num_boost_round": 19.0, "subsample": 0.14157026722653696}, "datetime": {"datetime": "2024-01-20 16:35:39", "elapsed": 7907.056802, "delta": 0.00498}}
