{"target": -13.501012590584443, "params": {"colsample_bytree": 0.3741472311498639, "eta": 0.05103338575939399, "gamma": 811.243925877221, "max_depth": 9.0, "min_child_weight": 4720.2311141430355, "num_boost_round": 35.0, "subsample": 0.7235114192900529}, "datetime": {"datetime": "2024-01-20 17:02:46", "elapsed": 9519.555661, "delta": 0.007081}}
{"target": -13.50108529940995, "params": {"colsample_bytree": 0.3741472311498639, "eta": 0.05103338575939399, "gamma": 811.243925877221, "max_depth": 9.0, "min_child_weight": 4720.2311141430355, "num_boost_round": 36.0, "subsample": 0.7235114192900529}, "datetime": {"datetime": "2024-01-20 17:02:46", "elapsed": 9519.563199, "delta": 0.007538}}
{"target": -13.501269479376166, "params": {"colsample_bytree": 0.3741472311498639, "eta": 0.05103338575939399, "gamma": 811.243925877221, "max_depth": 9.0, "min_child_weight": 4720.2311141430355, "num_boost_round": 37.0, "subsample": 0.7235114192900529}, "datetime": {"datetime": "2024-01-20 17:02:46", "elapsed": 9519.570666, "delta": 0.007467}}
{"target": -13.501435295957975, "params": {"colsample_bytree": 0.3741472311498639, "eta": 0.05103338575939399, "gamma": 811.243925877221, "max_depth": 9.0, "min_child_weight": 4720.2311141430355, "num_boost_round": 38.0, "subsample": 0.7235114192900529}, "datetime": {"datetime": "2024-01-20 17:02:46", "elapsed": 9519.577877, "delta": 0.007211}}
{"target": -13.501849230724748, "params": {"colsample_bytree": 0.3741472311498639, "eta": 0.05103338575939399, "gamma": 811.243925877221, "max_depth": 9.0, "min_child_weight": 4720.2311141430355, "num_boost_round": 39.0, "subsample": 0.7235114192900529}, "datetime": {"datetime": "2024-01-20 17:02:46", "elapsed": 9519.584945, "delta": 0.007068}}
{"target": -13.501786635643693, "params": {"colsample_bytree": 0.3741472311498639, "eta": 0.05103338575939399, "gamma": 811.243925877221, "max_depth": 9.0, "min_child_weight": 4720.2311141430355, "num_boost_round": 40.0, "subsample": 0.7235114192900529}, "datetime": {"datetime": "2024-01-20 17:02:46", "elapsed": 9519.592423, "delta": 0.007478}}
{"target": -13.497537883050137, "params": {"colsample_bytree": 0.6783364860906905, "eta": 0.037642530333765696, "gamma": 243.12106314113268, "max_depth": 4.0, "min_child_weight": 3805.8864591238544, "num_boost_round": 1.0, "subsample": 0.47032870472314514}, "datetime": {"datetime": "2024-01-20 17:06:20", "elapsed": 9734.358369, "delta": 214.765946}}
{"target": -13.497345821681133, "params": {"colsample_bytree": 0.6783364860906905, "eta": 0.037642530333765696, "gamma": 243.12106314113268, "max_depth": 4.0, "min_child_weight": 3805.8864591238544, "num_boost_round": 2.0, "subsample": 0.47032870472314514}, "datetime": {"datetime": "2024-01-20 17:06:20", "elapsed": 9734.367696, "delta": 0.009327}}
{"target": -13.497240042903623, "params": {"colsample_bytree": 0.6783364860906905, "eta": 0.037642530333765696, "gamma": 243.12106314113268, "max_depth": 4.0, "min_child_weight": 3805.8864591238544, "num_boost_round": 3.0, "subsample": 0.47032870472314514}, "datetime": {"datetime": "2024-01-20 17:06:20", "elapsed": 9734.375259, "delta": 0.007563}}
{"target": -13.497112386399827, "params": {"colsample_bytree": 0.6783364860906905, "eta": 0.037642530333765696, "gamma": 243.12106314113268, "max_depth": 4.0, "min_child_weight": 3805.8864591238544, "num_boost_round": 4.0, "subsample": 0.47032870472314514}, "datetime": {"datetime": "2024-01-20 17:06:20", "elapsed": 9734.382442, "delta": 0.007183}}
{"target": -13.496981270367614, "params": {"colsample_bytree": 0.6783364860906905, "eta": 0.037642530333765696, "gamma": 243.12106314113268, "max_depth": 4.0, "min_child_weight": 3805.8864591238544, "num_boost_round": 5.0, "subsample": 0.47032870472314514}, "datetime": {"datetime": "2024-01-20 17:06:20", "elapsed": 9734.389546, "delta": 0.007104}}
{"target": -13.496922121939665, "params": {"colsample_bytree": 0.6783364860906905, "eta": 0.037642530333765696, "gamma": 243.12106314113268, "max_depth": 4.0, "min_child_weight": 3805.8864591238544, "num_boost_round": 6.0, "subsample": 0.47032870472314514}, "datetime": {"datetime": "2024-01-20 17:06:20", "elapsed": 9734.396435, "delta": 0.006889}}
{"target": -13.496949216886936, "params": {"colsample_bytree": 0.6783364860906905, "eta": 0.037642530333765696, "gamma": 243.12106314113268, "max_depth": 4.0, "min_child_weight": 3805.8864591238544, "num_boost_round": 7.0, "subsample": 0.47032870472314514}, "datetime": {"datetime": "2024-01-20 17:06:20", "elapsed": 9734.403799, "delta": 0.007364}}
{"target": -13.496773682792544, "params": {"colsample_bytree": 0.6783364860906905, "eta": 0.037642530333765696, "gamma": 243.12106314113268, "max_depth": 4.0, "min_child_weight": 3805.8864591238544, "num_boost_round": 8.0, "subsample": 0.47032870472314514}, "datetime": {"datetime": "2024-01-20 17:06:20", "elapsed": 9734.411032, "delta": 0.007233}}
{"target": -13.496801054787786, "params": {"colsample_bytree": 0.6783364860906905, "eta": 0.037642530333765696, "gamma": 243.12106314113268, "max_depth": 4.0, "min_child_weight": 3805.8864591238544, "num_boost_round": 9.0, "subsample": 0.47032870472314514}, "datetime": {"datetime": "2024-01-20 17:06:20", "elapsed": 9734.418024, "delta": 0.006992}}
{"target": -13.496831812168256, "params": {"colsample_bytree": 0.6783364860906905, "eta": 0.037642530333765696, "gamma": 243.12106314113268, "max_depth": 4.0, "min_child_weight": 3805.8864591238544, "num_boost_round": 10.0, "subsample": 0.47032870472314514}, "datetime": {"datetime": "2024-01-20 17:06:20", "elapsed": 9734.425173, "delta": 0.007149}}
{"target": -13.49699715486626, "params": {"colsample_bytree": 0.6783364860906905, "eta": 0.037642530333765696, "gamma": 243.12106314113268, "max_depth": 4.0, "min_child_weight": 3805.8864591238544, "num_boost_round": 11.0, "subsample": 0.47032870472314514}, "datetime": {"datetime": "2024-01-20 17:06:20", "elapsed": 9734.43374, "delta": 0.008567}}
{"target": -13.497066648116492, "params": {"colsample_bytree": 0.6783364860906905, "eta": 0.037642530333765696, "gamma": 243.12106314113268, "max_depth": 4.0, "min_child_weight": 3805.8864591238544, "num_boost_round": 12.0, "subsample": 0.47032870472314514}, "datetime": {"datetime": "2024-01-20 17:06:21", "elapsed": 9734.734575, "delta": 0.300835}}
{"target": -13.49711738153389, "params": {"colsample_bytree": 0.6783364860906905, "eta": 0.037642530333765696, "gamma": 243.12106314113268, "max_depth": 4.0, "min_child_weight": 3805.8864591238544, "num_boost_round": 13.0, "subsample": 0.47032870472314514}, "datetime": {"datetime": "2024-01-20 17:06:21", "elapsed": 9734.742902, "delta": 0.008327}}
{"target": -13.497172406709826, "params": {"colsample_bytree": 0.6783364860906905, "eta": 0.037642530333765696, "gamma": 243.12106314113268, "max_depth": 4.0, "min_child_weight": 3805.8864591238544, "num_boost_round": 14.0, "subsample": 0.47032870472314514}, "datetime": {"datetime": "2024-01-20 17:06:21", "elapsed": 9734.750127, "delta": 0.007225}}
{"target": -13.49721080897126, "params": {"colsample_bytree": 0.6783364860906905, "eta": 0.037642530333765696, "gamma": 243.12106314113268, "max_depth": 4.0, "min_child_weight": 3805.8864591238544, "num_boost_round": 15.0, "subsample": 0.47032870472314514}, "datetime": {"datetime": "2024-01-20 17:06:21", "elapsed": 9734.7572, "delta": 0.007073}}
{"target": -13.49740990892822, "params": {"colsample_bytree": 0.6783364860906905, "eta": 0.037642530333765696, "gamma": 243.12106314113268, "max_depth": 4.0, "min_child_weight": 3805.8864591238544, "num_boost_round": 16.0, "subsample": 0.47032870472314514}, "datetime": {"datetime": "2024-01-20 17:06:21", "elapsed": 9734.764611, "delta": 0.007411}}
{"target": -13.497560809631722, "params": {"colsample_bytree": 0.6783364860906905, "eta": 0.037642530333765696, "gamma": 243.12106314113268, "max_depth": 4.0, "min_child_weight": 3805.8864591238544, "num_boost_round": 17.0, "subsample": 0.47032870472314514}, "datetime": {"datetime": "2024-01-20 17:06:21", "elapsed": 9734.771829, "delta": 0.007218}}
{"target": -13.497729326396932, "params": {"colsample_bytree": 0.6783364860906905, "eta": 0.037642530333765696, "gamma": 243.12106314113268, "max_depth": 4.0, "min_child_weight": 3805.8864591238544, "num_boost_round": 18.0, "subsample": 0.47032870472314514}, "datetime": {"datetime": "2024-01-20 17:06:21", "elapsed": 9734.778936, "delta": 0.007107}}
{"target": -13.497717684568405, "params": {"colsample_bytree": 0.6783364860906905, "eta": 0.037642530333765696, "gamma": 243.12106314113268, "max_depth": 4.0, "min_child_weight": 3805.8864591238544, "num_boost_round": 19.0, "subsample": 0.47032870472314514}, "datetime": {"datetime": "2024-01-20 17:06:21", "elapsed": 9734.786039, "delta": 0.007103}}
{"target": -13.497896669267831, "params": {"colsample_bytree": 0.6783364860906905, "eta": 0.037642530333765696, "gamma": 243.12106314113268, "max_depth": 4.0, "min_child_weight": 3805.8864591238544, "num_boost_round": 20.0, "subsample": 0.47032870472314514}, "datetime": {"datetime": "2024-01-20 17:06:21", "elapsed": 9734.793455, "delta": 0.007416}}
{"target": -13.498080875954926, "params": {"colsample_bytree": 0.6783364860906905, "eta": 0.037642530333765696, "gamma": 243.12106314113268, "max_depth": 4.0, "min_child_weight": 3805.8864591238544, "num_boost_round": 21.0, "subsample": 0.47032870472314514}, "datetime": {"datetime": "2024-01-20 17:06:21", "elapsed": 9734.800686, "delta": 0.007231}}
{"target": -13.498069673277787, "params": {"colsample_bytree": 0.6783364860906905, "eta": 0.037642530333765696, "gamma": 243.12106314113268, "max_depth": 4.0, "min_child_weight": 3805.8864591238544, "num_boost_round": 22.0, "subsample": 0.47032870472314514}, "datetime": {"datetime": "2024-01-20 17:06:21", "elapsed": 9734.807798, "delta": 0.007112}}
{"target": -13.498111456397897, "params": {"colsample_bytree": 0.6783364860906905, "eta": 0.037642530333765696, "gamma": 243.12106314113268, "max_depth": 4.0, "min_child_weight": 3805.8864591238544, "num_boost_round": 23.0, "subsample": 0.47032870472314514}, "datetime": {"datetime": "2024-01-20 17:06:21", "elapsed": 9734.81493, "delta": 0.007132}}
{"target": -13.498192672561547, "params": {"colsample_bytree": 0.6783364860906905, "eta": 0.037642530333765696, "gamma": 243.12106314113268, "max_depth": 4.0, "min_child_weight": 3805.8864591238544, "num_boost_round": 24.0, "subsample": 0.47032870472314514}, "datetime": {"datetime": "2024-01-20 17:06:21", "elapsed": 9734.822368, "delta": 0.007438}}
{"target": -13.498119648837655, "params": {"colsample_bytree": 0.6783364860906905, "eta": 0.037642530333765696, "gamma": 243.12106314113268, "max_depth": 4.0, "min_child_weight": 3805.8864591238544, "num_boost_round": 25.0, "subsample": 0.47032870472314514}, "datetime": {"datetime": "2024-01-20 17:06:21", "elapsed": 9734.829595, "delta": 0.007227}}
{"target": -13.498303862837666, "params": {"colsample_bytree": 0.6783364860906905, "eta": 0.037642530333765696, "gamma": 243.12106314113268, "max_depth": 4.0, "min_child_weight": 3805.8864591238544, "num_boost_round": 26.0, "subsample": 0.47032870472314514}, "datetime": {"datetime": "2024-01-20 17:06:21", "elapsed": 9734.837981, "delta": 0.008386}}
{"target": -13.498443239756638, "params": {"colsample_bytree": 0.6783364860906905, "eta": 0.037642530333765696, "gamma": 243.12106314113268, "max_depth": 4.0, "min_child_weight": 3805.8864591238544, "num_boost_round": 27.0, "subsample": 0.47032870472314514}, "datetime": {"datetime": "2024-01-20 17:06:21", "elapsed": 9734.852648, "delta": 0.014667}}
{"target": -13.498536098022814, "params": {"colsample_bytree": 0.6783364860906905, "eta": 0.037642530333765696, "gamma": 243.12106314113268, "max_depth": 4.0, "min_child_weight": 3805.8864591238544, "num_boost_round": 28.0, "subsample": 0.47032870472314514}, "datetime": {"datetime": "2024-01-20 17:06:21", "elapsed": 9734.864489, "delta": 0.011841}}
{"target": -13.49880277293827, "params": {"colsample_bytree": 0.6783364860906905, "eta": 0.037642530333765696, "gamma": 243.12106314113268, "max_depth": 4.0, "min_child_weight": 3805.8864591238544, "num_boost_round": 29.0, "subsample": 0.47032870472314514}, "datetime": {"datetime": "2024-01-20 17:06:21", "elapsed": 9734.872122, "delta": 0.007633}}
{"target": -13.498914907121, "params": {"colsample_bytree": 0.6783364860906905, "eta": 0.037642530333765696, "gamma": 243.12106314113268, "max_depth": 4.0, "min_child_weight": 3805.8864591238544, "num_boost_round": 30.0, "subsample": 0.47032870472314514}, "datetime": {"datetime": "2024-01-20 17:06:21", "elapsed": 9734.879391, "delta": 0.007269}}
{"target": -13.498938266385188, "params": {"colsample_bytree": 0.6783364860906905, "eta": 0.037642530333765696, "gamma": 243.12106314113268, "max_depth": 4.0, "min_child_weight": 3805.8864591238544, "num_boost_round": 31.0, "subsample": 0.47032870472314514}, "datetime": {"datetime": "2024-01-20 17:06:21", "elapsed": 9734.887037, "delta": 0.007646}}
{"target": -13.499084389867946, "params": {"colsample_bytree": 0.6783364860906905, "eta": 0.037642530333765696, "gamma": 243.12106314113268, "max_depth": 4.0, "min_child_weight": 3805.8864591238544, "num_boost_round": 32.0, "subsample": 0.47032870472314514}, "datetime": {"datetime": "2024-01-20 17:06:21", "elapsed": 9734.894336, "delta": 0.007299}}
{"target": -13.499263228658215, "params": {"colsample_bytree": 0.6783364860906905, "eta": 0.037642530333765696, "gamma": 243.12106314113268, "max_depth": 4.0, "min_child_weight": 3805.8864591238544, "num_boost_round": 33.0, "subsample": 0.47032870472314514}, "datetime": {"datetime": "2024-01-20 17:06:21", "elapsed": 9734.901523, "delta": 0.007187}}
{"target": -13.499380867501127, "params": {"colsample_bytree": 0.6783364860906905, "eta": 0.037642530333765696, "gamma": 243.12106314113268, "max_depth": 4.0, "min_child_weight": 3805.8864591238544, "num_boost_round": 34.0, "subsample": 0.47032870472314514}, "datetime": {"datetime": "2024-01-20 17:06:21", "elapsed": 9734.908561, "delta": 0.007038}}
{"target": -13.499240894867484, "params": {"colsample_bytree": 0.6783364860906905, "eta": 0.037642530333765696, "gamma": 243.12106314113268, "max_depth": 4.0, "min_child_weight": 3805.8864591238544, "num_boost_round": 35.0, "subsample": 0.47032870472314514}, "datetime": {"datetime": "2024-01-20 17:06:21", "elapsed": 9734.916138, "delta": 0.007577}}
{"target": -13.499332803780934, "params": {"colsample_bytree": 0.6783364860906905, "eta": 0.037642530333765696, "gamma": 243.12106314113268, "max_depth": 4.0, "min_child_weight": 3805.8864591238544, "num_boost_round": 36.0, "subsample": 0.47032870472314514}, "datetime": {"datetime": "2024-01-20 17:06:21", "elapsed": 9734.923436, "delta": 0.007298}}
{"target": -13.499393928192708, "params": {"colsample_bytree": 0.6783364860906905, "eta": 0.037642530333765696, "gamma": 243.12106314113268, "max_depth": 4.0, "min_child_weight": 3805.8864591238544, "num_boost_round": 37.0, "subsample": 0.47032870472314514}, "datetime": {"datetime": "2024-01-20 17:06:21", "elapsed": 9734.930563, "delta": 0.007127}}
{"target": -13.499451838501471, "params": {"colsample_bytree": 0.6783364860906905, "eta": 0.037642530333765696, "gamma": 243.12106314113268, "max_depth": 4.0, "min_child_weight": 3805.8864591238544, "num_boost_round": 38.0, "subsample": 0.47032870472314514}, "datetime": {"datetime": "2024-01-20 17:06:21", "elapsed": 9734.937628, "delta": 0.007065}}
{"target": -13.499391530000583, "params": {"colsample_bytree": 0.6783364860906905, "eta": 0.037642530333765696, "gamma": 243.12106314113268, "max_depth": 4.0, "min_child_weight": 3805.8864591238544, "num_boost_round": 39.0, "subsample": 0.47032870472314514}, "datetime": {"datetime": "2024-01-20 17:06:21", "elapsed": 9734.945236, "delta": 0.007608}}
{"target": -13.49931819774976, "params": {"colsample_bytree": 0.6783364860906905, "eta": 0.037642530333765696, "gamma": 243.12106314113268, "max_depth": 4.0, "min_child_weight": 3805.8864591238544, "num_boost_round": 40.0, "subsample": 0.47032870472314514}, "datetime": {"datetime": "2024-01-20 17:06:21", "elapsed": 9734.952583, "delta": 0.007347}}
{"target": -13.49929242547325, "params": {"colsample_bytree": 0.6783364860906905, "eta": 0.037642530333765696, "gamma": 243.12106314113268, "max_depth": 4.0, "min_child_weight": 3805.8864591238544, "num_boost_round": 41.0, "subsample": 0.47032870472314514}, "datetime": {"datetime": "2024-01-20 17:06:21", "elapsed": 9734.959725, "delta": 0.007142}}
{"target": -13.499335092307593, "params": {"colsample_bytree": 0.6783364860906905, "eta": 0.037642530333765696, "gamma": 243.12106314113268, "max_depth": 4.0, "min_child_weight": 3805.8864591238544, "num_boost_round": 42.0, "subsample": 0.47032870472314514}, "datetime": {"datetime": "2024-01-20 17:06:21", "elapsed": 9734.966791, "delta": 0.007066}}
{"target": -13.499329854081672, "params": {"colsample_bytree": 0.6783364860906905, "eta": 0.037642530333765696, "gamma": 243.12106314113268, "max_depth": 4.0, "min_child_weight": 3805.8864591238544, "num_boost_round": 43.0, "subsample": 0.47032870472314514}, "datetime": {"datetime": "2024-01-20 17:06:21", "elapsed": 9734.974407, "delta": 0.007616}}
{"target": -13.499424117905146, "params": {"colsample_bytree": 0.6783364860906905, "eta": 0.037642530333765696, "gamma": 243.12106314113268, "max_depth": 4.0, "min_child_weight": 3805.8864591238544, "num_boost_round": 44.0, "subsample": 0.47032870472314514}, "datetime": {"datetime": "2024-01-20 17:06:21", "elapsed": 9734.9817, "delta": 0.007293}}
{"target": -13.499454360427475, "params": {"colsample_bytree": 0.6783364860906905, "eta": 0.037642530333765696, "gamma": 243.12106314113268, "max_depth": 4.0, "min_child_weight": 3805.8864591238544, "num_boost_round": 45.0, "subsample": 0.47032870472314514}, "datetime": {"datetime": "2024-01-20 17:06:21", "elapsed": 9734.988783, "delta": 0.007083}}
{"target": -13.499491633053434, "params": {"colsample_bytree": 0.6783364860906905, "eta": 0.037642530333765696, "gamma": 243.12106314113268, "max_depth": 4.0, "min_child_weight": 3805.8864591238544, "num_boost_round": 46.0, "subsample": 0.47032870472314514}, "datetime": {"datetime": "2024-01-20 17:06:21", "elapsed": 9734.996451, "delta": 0.007668}}
{"target": -13.499572839747916, "params": {"colsample_bytree": 0.6783364860906905, "eta": 0.037642530333765696, "gamma": 243.12106314113268, "max_depth": 4.0, "min_child_weight": 3805.8864591238544, "num_boost_round": 47.0, "subsample": 0.47032870472314514}, "datetime": {"datetime": "2024-01-20 17:06:21", "elapsed": 9735.004327, "delta": 0.007876}}
{"target": -13.499585296310858, "params": {"colsample_bytree": 0.6783364860906905, "eta": 0.037642530333765696, "gamma": 243.12106314113268, "max_depth": 4.0, "min_child_weight": 3805.8864591238544, "num_boost_round": 48.0, "subsample": 0.47032870472314514}, "datetime": {"datetime": "2024-01-20 17:06:21", "elapsed": 9735.011619, "delta": 0.007292}}
{"target": -13.499670809124057, "params": {"colsample_bytree": 0.6783364860906905, "eta": 0.037642530333765696, "gamma": 243.12106314113268, "max_depth": 4.0, "min_child_weight": 3805.8864591238544, "num_boost_round": 49.0, "subsample": 0.47032870472314514}, "datetime": {"datetime": "2024-01-20 17:06:21", "elapsed": 9735.018654, "delta": 0.007035}}
{"target": -13.499708654694391, "params": {"colsample_bytree": 0.6783364860906905, "eta": 0.037642530333765696, "gamma": 243.12106314113268, "max_depth": 4.0, "min_child_weight": 3805.8864591238544, "num_boost_round": 50.0, "subsample": 0.47032870472314514}, "datetime": {"datetime": "2024-01-20 17:06:21", "elapsed": 9735.025682, "delta": 0.007028}}
{"target": -13.499690660593714, "params": {"colsample_bytree": 0.6783364860906905, "eta": 0.037642530333765696, "gamma": 243.12106314113268, "max_depth": 4.0, "min_child_weight": 3805.8864591238544, "num_boost_round": 51.0, "subsample": 0.47032870472314514}, "datetime": {"datetime": "2024-01-20 17:06:21", "elapsed": 9735.03328, "delta": 0.007598}}
{"target": -13.499658166619792, "params": {"colsample_bytree": 0.6783364860906905, "eta": 0.037642530333765696, "gamma": 243.12106314113268, "max_depth": 4.0, "min_child_weight": 3805.8864591238544, "num_boost_round": 52.0, "subsample": 0.47032870472314514}, "datetime": {"datetime": "2024-01-20 17:06:21", "elapsed": 9735.040657, "delta": 0.007377}}
{"target": -13.499673182819063, "params": {"colsample_bytree": 0.6783364860906905, "eta": 0.037642530333765696, "gamma": 243.12106314113268, "max_depth": 4.0, "min_child_weight": 3805.8864591238544, "num_boost_round": 53.0, "subsample": 0.47032870472314514}, "datetime": {"datetime": "2024-01-20 17:06:21", "elapsed": 9735.048974, "delta": 0.008317}}
{"target": -13.499538594465363, "params": {"colsample_bytree": 0.6783364860906905, "eta": 0.037642530333765696, "gamma": 243.12106314113268, "max_depth": 4.0, "min_child_weight": 3805.8864591238544, "num_boost_round": 54.0, "subsample": 0.47032870472314514}, "datetime": {"datetime": "2024-01-20 17:06:21", "elapsed": 9735.060901, "delta": 0.011927}}
{"target": -13.499483191275623, "params": {"colsample_bytree": 0.6783364860906905, "eta": 0.037642530333765696, "gamma": 243.12106314113268, "max_depth": 4.0, "min_child_weight": 3805.8864591238544, "num_boost_round": 55.0, "subsample": 0.47032870472314514}, "datetime": {"datetime": "2024-01-20 17:06:21", "elapsed": 9735.070866, "delta": 0.009965}}
{"target": -13.496721240433004, "params": {"colsample_bytree": 0.8180883838400129, "eta": 0.06402033326993589, "gamma": 192.27858889112792, "max_depth": 7.0, "min_child_weight": 3741.9701844195865, "num_boost_round": 1.0, "subsample": 0.38093408261211104}, "datetime": {"datetime": "2024-01-20 17:08:33", "elapsed": 9867.305369, "delta": 132.234503}}
