{"target": -10.478585507104231, "params": {"colsample_bytree": 0.5326379143308245, "eta": 0.018915984193336247, "gamma": 420.8833271919548, "max_depth": 2.0, "min_child_weight": 5016.133306963915, "num_boost_round": 84.0, "subsample": 0.6094008446999022}, "datetime": {"datetime": "2024-01-20 16:43:51", "elapsed": 11923.362914, "delta": 0.007195}}
{"target": -10.478576233763771, "params": {"colsample_bytree": 0.5326379143308245, "eta": 0.018915984193336247, "gamma": 420.8833271919548, "max_depth": 2.0, "min_child_weight": 5016.133306963915, "num_boost_round": 85.0, "subsample": 0.6094008446999022}, "datetime": {"datetime": "2024-01-20 16:43:51", "elapsed": 11923.369942, "delta": 0.007028}}
{"target": -10.478583412271108, "params": {"colsample_bytree": 0.5326379143308245, "eta": 0.018915984193336247, "gamma": 420.8833271919548, "max_depth": 2.0, "min_child_weight": 5016.133306963915, "num_boost_round": 86.0, "subsample": 0.6094008446999022}, "datetime": {"datetime": "2024-01-20 16:43:51", "elapsed": 11923.377157, "delta": 0.007215}}
{"target": -10.478543012841687, "params": {"colsample_bytree": 0.5326379143308245, "eta": 0.018915984193336247, "gamma": 420.8833271919548, "max_depth": 2.0, "min_child_weight": 5016.133306963915, "num_boost_round": 87.0, "subsample": 0.6094008446999022}, "datetime": {"datetime": "2024-01-20 16:43:51", "elapsed": 11923.384192, "delta": 0.007035}}
{"target": -10.478525720288092, "params": {"colsample_bytree": 0.5326379143308245, "eta": 0.018915984193336247, "gamma": 420.8833271919548, "max_depth": 2.0, "min_child_weight": 5016.133306963915, "num_boost_round": 88.0, "subsample": 0.6094008446999022}, "datetime": {"datetime": "2024-01-20 16:43:51", "elapsed": 11923.391209, "delta": 0.007017}}
{"target": -10.478500695198207, "params": {"colsample_bytree": 0.5326379143308245, "eta": 0.018915984193336247, "gamma": 420.8833271919548, "max_depth": 2.0, "min_child_weight": 5016.133306963915, "num_boost_round": 89.0, "subsample": 0.6094008446999022}, "datetime": {"datetime": "2024-01-20 16:43:51", "elapsed": 11923.398128, "delta": 0.006919}}
{"target": -10.478523679848283, "params": {"colsample_bytree": 0.5326379143308245, "eta": 0.018915984193336247, "gamma": 420.8833271919548, "max_depth": 2.0, "min_child_weight": 5016.133306963915, "num_boost_round": 90.0, "subsample": 0.6094008446999022}, "datetime": {"datetime": "2024-01-20 16:43:51", "elapsed": 11923.405042, "delta": 0.006914}}
{"target": -10.478530493480706, "params": {"colsample_bytree": 0.5326379143308245, "eta": 0.018915984193336247, "gamma": 420.8833271919548, "max_depth": 2.0, "min_child_weight": 5016.133306963915, "num_boost_round": 91.0, "subsample": 0.6094008446999022}, "datetime": {"datetime": "2024-01-20 16:43:51", "elapsed": 11923.412089, "delta": 0.007047}}
{"target": -10.47848667730415, "params": {"colsample_bytree": 0.5326379143308245, "eta": 0.018915984193336247, "gamma": 420.8833271919548, "max_depth": 2.0, "min_child_weight": 5016.133306963915, "num_boost_round": 92.0, "subsample": 0.6094008446999022}, "datetime": {"datetime": "2024-01-20 16:43:51", "elapsed": 11923.419292, "delta": 0.007203}}
{"target": -10.478500411864974, "params": {"colsample_bytree": 0.5326379143308245, "eta": 0.018915984193336247, "gamma": 420.8833271919548, "max_depth": 2.0, "min_child_weight": 5016.133306963915, "num_boost_round": 93.0, "subsample": 0.6094008446999022}, "datetime": {"datetime": "2024-01-20 16:43:51", "elapsed": 11923.426375, "delta": 0.007083}}
{"target": -10.478474436593437, "params": {"colsample_bytree": 0.5326379143308245, "eta": 0.018915984193336247, "gamma": 420.8833271919548, "max_depth": 2.0, "min_child_weight": 5016.133306963915, "num_boost_round": 94.0, "subsample": 0.6094008446999022}, "datetime": {"datetime": "2024-01-20 16:43:51", "elapsed": 11923.433419, "delta": 0.007044}}
{"target": -10.47846140526267, "params": {"colsample_bytree": 0.5326379143308245, "eta": 0.018915984193336247, "gamma": 420.8833271919548, "max_depth": 2.0, "min_child_weight": 5016.133306963915, "num_boost_round": 95.0, "subsample": 0.6094008446999022}, "datetime": {"datetime": "2024-01-20 16:43:51", "elapsed": 11923.440409, "delta": 0.00699}}
{"target": -10.4785147801325, "params": {"colsample_bytree": 0.5326379143308245, "eta": 0.018915984193336247, "gamma": 420.8833271919548, "max_depth": 2.0, "min_child_weight": 5016.133306963915, "num_boost_round": 96.0, "subsample": 0.6094008446999022}, "datetime": {"datetime": "2024-01-20 16:43:51", "elapsed": 11923.448645, "delta": 0.008236}}
{"target": -10.47855899002579, "params": {"colsample_bytree": 0.5326379143308245, "eta": 0.018915984193336247, "gamma": 420.8833271919548, "max_depth": 2.0, "min_child_weight": 5016.133306963915, "num_boost_round": 97.0, "subsample": 0.6094008446999022}, "datetime": {"datetime": "2024-01-20 16:43:51", "elapsed": 11923.455731, "delta": 0.007086}}
{"target": -10.478576639395504, "params": {"colsample_bytree": 0.5326379143308245, "eta": 0.018915984193336247, "gamma": 420.8833271919548, "max_depth": 2.0, "min_child_weight": 5016.133306963915, "num_boost_round": 98.0, "subsample": 0.6094008446999022}, "datetime": {"datetime": "2024-01-20 16:43:51", "elapsed": 11923.467717, "delta": 0.011986}}
{"target": -10.478629574212128, "params": {"colsample_bytree": 0.5326379143308245, "eta": 0.018915984193336247, "gamma": 420.8833271919548, "max_depth": 2.0, "min_child_weight": 5016.133306963915, "num_boost_round": 99.0, "subsample": 0.6094008446999022}, "datetime": {"datetime": "2024-01-20 16:43:51", "elapsed": 11923.475207, "delta": 0.00749}}
{"target": -10.478697057930443, "params": {"colsample_bytree": 0.5326379143308245, "eta": 0.018915984193336247, "gamma": 420.8833271919548, "max_depth": 2.0, "min_child_weight": 5016.133306963915, "num_boost_round": 100.0, "subsample": 0.6094008446999022}, "datetime": {"datetime": "2024-01-20 16:43:51", "elapsed": 11923.482288, "delta": 0.007081}}
{"target": -10.478717525656695, "params": {"colsample_bytree": 0.5326379143308245, "eta": 0.018915984193336247, "gamma": 420.8833271919548, "max_depth": 2.0, "min_child_weight": 5016.133306963915, "num_boost_round": 101.0, "subsample": 0.6094008446999022}, "datetime": {"datetime": "2024-01-20 16:43:51", "elapsed": 11923.48928, "delta": 0.006992}}
{"target": -10.478765173972569, "params": {"colsample_bytree": 0.5326379143308245, "eta": 0.018915984193336247, "gamma": 420.8833271919548, "max_depth": 2.0, "min_child_weight": 5016.133306963915, "num_boost_round": 102.0, "subsample": 0.6094008446999022}, "datetime": {"datetime": "2024-01-20 16:43:51", "elapsed": 11923.496217, "delta": 0.006937}}
{"target": -10.478772112958156, "params": {"colsample_bytree": 0.5326379143308245, "eta": 0.018915984193336247, "gamma": 420.8833271919548, "max_depth": 2.0, "min_child_weight": 5016.133306963915, "num_boost_round": 103.0, "subsample": 0.6094008446999022}, "datetime": {"datetime": "2024-01-20 16:43:51", "elapsed": 11923.503054, "delta": 0.006837}}
{"target": -10.478855422391252, "params": {"colsample_bytree": 0.5326379143308245, "eta": 0.018915984193336247, "gamma": 420.8833271919548, "max_depth": 2.0, "min_child_weight": 5016.133306963915, "num_boost_round": 104.0, "subsample": 0.6094008446999022}, "datetime": {"datetime": "2024-01-20 16:43:51", "elapsed": 11923.510369, "delta": 0.007315}}
{"target": -10.478996444658364, "params": {"colsample_bytree": 0.5326379143308245, "eta": 0.018915984193336247, "gamma": 420.8833271919548, "max_depth": 2.0, "min_child_weight": 5016.133306963915, "num_boost_round": 105.0, "subsample": 0.6094008446999022}, "datetime": {"datetime": "2024-01-20 16:43:51", "elapsed": 11923.517562, "delta": 0.007193}}
{"target": -10.479031465864145, "params": {"colsample_bytree": 0.5326379143308245, "eta": 0.018915984193336247, "gamma": 420.8833271919548, "max_depth": 2.0, "min_child_weight": 5016.133306963915, "num_boost_round": 106.0, "subsample": 0.6094008446999022}, "datetime": {"datetime": "2024-01-20 16:43:51", "elapsed": 11923.524481, "delta": 0.006919}}
{"target": -10.479060562524744, "params": {"colsample_bytree": 0.5326379143308245, "eta": 0.018915984193336247, "gamma": 420.8833271919548, "max_depth": 2.0, "min_child_weight": 5016.133306963915, "num_boost_round": 107.0, "subsample": 0.6094008446999022}, "datetime": {"datetime": "2024-01-20 16:43:51", "elapsed": 11923.531815, "delta": 0.007334}}
{"target": -10.479132526338947, "params": {"colsample_bytree": 0.5326379143308245, "eta": 0.018915984193336247, "gamma": 420.8833271919548, "max_depth": 2.0, "min_child_weight": 5016.133306963915, "num_boost_round": 108.0, "subsample": 0.6094008446999022}, "datetime": {"datetime": "2024-01-20 16:43:51", "elapsed": 11923.538658, "delta": 0.006843}}
{"target": -10.479022954422632, "params": {"colsample_bytree": 0.5326379143308245, "eta": 0.018915984193336247, "gamma": 420.8833271919548, "max_depth": 2.0, "min_child_weight": 5016.133306963915, "num_boost_round": 109.0, "subsample": 0.6094008446999022}, "datetime": {"datetime": "2024-01-20 16:43:51", "elapsed": 11923.545574, "delta": 0.006916}}
{"target": -10.478973822124306, "params": {"colsample_bytree": 0.5326379143308245, "eta": 0.018915984193336247, "gamma": 420.8833271919548, "max_depth": 2.0, "min_child_weight": 5016.133306963915, "num_boost_round": 110.0, "subsample": 0.6094008446999022}, "datetime": {"datetime": "2024-01-20 16:43:51", "elapsed": 11923.552869, "delta": 0.007295}}
{"target": -10.475731186792625, "params": {"colsample_bytree": 0.42313311154213573, "eta": 0.09996462858037579, "gamma": 139.93378910381426, "max_depth": 4.0, "min_child_weight": 4813.76863724319, "num_boost_round": 1.0, "subsample": 0.7341638981889749}, "datetime": {"datetime": "2024-01-20 16:47:37", "elapsed": 12149.084175, "delta": 225.531306}}
{"target": -10.47506847871412, "params": {"colsample_bytree": 0.42313311154213573, "eta": 0.09996462858037579, "gamma": 139.93378910381426, "max_depth": 4.0, "min_child_weight": 4813.76863724319, "num_boost_round": 2.0, "subsample": 0.7341638981889749}, "datetime": {"datetime": "2024-01-20 16:47:37", "elapsed": 12149.092215, "delta": 0.00804}}
{"target": -10.475515631749946, "params": {"colsample_bytree": 0.42313311154213573, "eta": 0.09996462858037579, "gamma": 139.93378910381426, "max_depth": 4.0, "min_child_weight": 4813.76863724319, "num_boost_round": 3.0, "subsample": 0.7341638981889749}, "datetime": {"datetime": "2024-01-20 16:47:37", "elapsed": 12149.099376, "delta": 0.007161}}
{"target": -10.475269648821964, "params": {"colsample_bytree": 0.42313311154213573, "eta": 0.09996462858037579, "gamma": 139.93378910381426, "max_depth": 4.0, "min_child_weight": 4813.76863724319, "num_boost_round": 4.0, "subsample": 0.7341638981889749}, "datetime": {"datetime": "2024-01-20 16:47:37", "elapsed": 12149.106786, "delta": 0.00741}}
{"target": -10.475001175457336, "params": {"colsample_bytree": 0.42313311154213573, "eta": 0.09996462858037579, "gamma": 139.93378910381426, "max_depth": 4.0, "min_child_weight": 4813.76863724319, "num_boost_round": 5.0, "subsample": 0.7341638981889749}, "datetime": {"datetime": "2024-01-20 16:47:37", "elapsed": 12149.114101, "delta": 0.007315}}
{"target": -10.475375924578005, "params": {"colsample_bytree": 0.42313311154213573, "eta": 0.09996462858037579, "gamma": 139.93378910381426, "max_depth": 4.0, "min_child_weight": 4813.76863724319, "num_boost_round": 6.0, "subsample": 0.7341638981889749}, "datetime": {"datetime": "2024-01-20 16:47:37", "elapsed": 12149.121159, "delta": 0.007058}}
{"target": -10.475748127902808, "params": {"colsample_bytree": 0.42313311154213573, "eta": 0.09996462858037579, "gamma": 139.93378910381426, "max_depth": 4.0, "min_child_weight": 4813.76863724319, "num_boost_round": 7.0, "subsample": 0.7341638981889749}, "datetime": {"datetime": "2024-01-20 16:47:37", "elapsed": 12149.128218, "delta": 0.007059}}
{"target": -10.475893361151378, "params": {"colsample_bytree": 0.42313311154213573, "eta": 0.09996462858037579, "gamma": 139.93378910381426, "max_depth": 4.0, "min_child_weight": 4813.76863724319, "num_boost_round": 8.0, "subsample": 0.7341638981889749}, "datetime": {"datetime": "2024-01-20 16:47:37", "elapsed": 12149.13533, "delta": 0.007112}}
{"target": -10.476216603317784, "params": {"colsample_bytree": 0.42313311154213573, "eta": 0.09996462858037579, "gamma": 139.93378910381426, "max_depth": 4.0, "min_child_weight": 4813.76863724319, "num_boost_round": 9.0, "subsample": 0.7341638981889749}, "datetime": {"datetime": "2024-01-20 16:47:37", "elapsed": 12149.154595, "delta": 0.019265}}
{"target": -10.475917502995607, "params": {"colsample_bytree": 0.42313311154213573, "eta": 0.09996462858037579, "gamma": 139.93378910381426, "max_depth": 4.0, "min_child_weight": 4813.76863724319, "num_boost_round": 10.0, "subsample": 0.7341638981889749}, "datetime": {"datetime": "2024-01-20 16:47:37", "elapsed": 12149.16216, "delta": 0.007565}}
{"target": -10.476208675814636, "params": {"colsample_bytree": 0.42313311154213573, "eta": 0.09996462858037579, "gamma": 139.93378910381426, "max_depth": 4.0, "min_child_weight": 4813.76863724319, "num_boost_round": 11.0, "subsample": 0.7341638981889749}, "datetime": {"datetime": "2024-01-20 16:47:37", "elapsed": 12149.169349, "delta": 0.007189}}
{"target": -10.476511944477132, "params": {"colsample_bytree": 0.42313311154213573, "eta": 0.09996462858037579, "gamma": 139.93378910381426, "max_depth": 4.0, "min_child_weight": 4813.76863724319, "num_boost_round": 12.0, "subsample": 0.7341638981889749}, "datetime": {"datetime": "2024-01-20 16:47:37", "elapsed": 12149.17651, "delta": 0.007161}}
{"target": -10.47709314685427, "params": {"colsample_bytree": 0.42313311154213573, "eta": 0.09996462858037579, "gamma": 139.93378910381426, "max_depth": 4.0, "min_child_weight": 4813.76863724319, "num_boost_round": 13.0, "subsample": 0.7341638981889749}, "datetime": {"datetime": "2024-01-20 16:47:37", "elapsed": 12149.183454, "delta": 0.006944}}
{"target": -10.477355406849389, "params": {"colsample_bytree": 0.42313311154213573, "eta": 0.09996462858037579, "gamma": 139.93378910381426, "max_depth": 4.0, "min_child_weight": 4813.76863724319, "num_boost_round": 14.0, "subsample": 0.7341638981889749}, "datetime": {"datetime": "2024-01-20 16:47:37", "elapsed": 12149.19059, "delta": 0.007136}}
{"target": -10.477672372428769, "params": {"colsample_bytree": 0.42313311154213573, "eta": 0.09996462858037579, "gamma": 139.93378910381426, "max_depth": 4.0, "min_child_weight": 4813.76863724319, "num_boost_round": 15.0, "subsample": 0.7341638981889749}, "datetime": {"datetime": "2024-01-20 16:47:37", "elapsed": 12149.198128, "delta": 0.007538}}
{"target": -10.478614246874848, "params": {"colsample_bytree": 0.42313311154213573, "eta": 0.09996462858037579, "gamma": 139.93378910381426, "max_depth": 4.0, "min_child_weight": 4813.76863724319, "num_boost_round": 16.0, "subsample": 0.7341638981889749}, "datetime": {"datetime": "2024-01-20 16:47:37", "elapsed": 12149.205868, "delta": 0.00774}}
{"target": -10.479468102384597, "params": {"colsample_bytree": 0.42313311154213573, "eta": 0.09996462858037579, "gamma": 139.93378910381426, "max_depth": 4.0, "min_child_weight": 4813.76863724319, "num_boost_round": 17.0, "subsample": 0.7341638981889749}, "datetime": {"datetime": "2024-01-20 16:47:37", "elapsed": 12149.213244, "delta": 0.007376}}
{"target": -10.479609507355448, "params": {"colsample_bytree": 0.42313311154213573, "eta": 0.09996462858037579, "gamma": 139.93378910381426, "max_depth": 4.0, "min_child_weight": 4813.76863724319, "num_boost_round": 18.0, "subsample": 0.7341638981889749}, "datetime": {"datetime": "2024-01-20 16:47:37", "elapsed": 12149.220315, "delta": 0.007071}}
{"target": -10.479890697315646, "params": {"colsample_bytree": 0.42313311154213573, "eta": 0.09996462858037579, "gamma": 139.93378910381426, "max_depth": 4.0, "min_child_weight": 4813.76863724319, "num_boost_round": 19.0, "subsample": 0.7341638981889749}, "datetime": {"datetime": "2024-01-20 16:47:37", "elapsed": 12149.227364, "delta": 0.007049}}
{"target": -10.480278131281121, "params": {"colsample_bytree": 0.42313311154213573, "eta": 0.09996462858037579, "gamma": 139.93378910381426, "max_depth": 4.0, "min_child_weight": 4813.76863724319, "num_boost_round": 20.0, "subsample": 0.7341638981889749}, "datetime": {"datetime": "2024-01-20 16:47:37", "elapsed": 12149.234497, "delta": 0.007133}}
{"target": -10.480315466658618, "params": {"colsample_bytree": 0.42313311154213573, "eta": 0.09996462858037579, "gamma": 139.93378910381426, "max_depth": 4.0, "min_child_weight": 4813.76863724319, "num_boost_round": 21.0, "subsample": 0.7341638981889749}, "datetime": {"datetime": "2024-01-20 16:47:37", "elapsed": 12149.271165, "delta": 0.036668}}
{"target": -10.480417025380286, "params": {"colsample_bytree": 0.42313311154213573, "eta": 0.09996462858037579, "gamma": 139.93378910381426, "max_depth": 4.0, "min_child_weight": 4813.76863724319, "num_boost_round": 22.0, "subsample": 0.7341638981889749}, "datetime": {"datetime": "2024-01-20 16:47:37", "elapsed": 12149.27858, "delta": 0.007415}}
{"target": -10.480676604355288, "params": {"colsample_bytree": 0.42313311154213573, "eta": 0.09996462858037579, "gamma": 139.93378910381426, "max_depth": 4.0, "min_child_weight": 4813.76863724319, "num_boost_round": 23.0, "subsample": 0.7341638981889749}, "datetime": {"datetime": "2024-01-20 16:47:37", "elapsed": 12149.285737, "delta": 0.007157}}
{"target": -10.48081463075966, "params": {"colsample_bytree": 0.42313311154213573, "eta": 0.09996462858037579, "gamma": 139.93378910381426, "max_depth": 4.0, "min_child_weight": 4813.76863724319, "num_boost_round": 24.0, "subsample": 0.7341638981889749}, "datetime": {"datetime": "2024-01-20 16:47:37", "elapsed": 12149.292874, "delta": 0.007137}}
{"target": -10.480747373313724, "params": {"colsample_bytree": 0.42313311154213573, "eta": 0.09996462858037579, "gamma": 139.93378910381426, "max_depth": 4.0, "min_child_weight": 4813.76863724319, "num_boost_round": 25.0, "subsample": 0.7341638981889749}, "datetime": {"datetime": "2024-01-20 16:47:37", "elapsed": 12149.299912, "delta": 0.007038}}
{"target": -10.481137907647366, "params": {"colsample_bytree": 0.42313311154213573, "eta": 0.09996462858037579, "gamma": 139.93378910381426, "max_depth": 4.0, "min_child_weight": 4813.76863724319, "num_boost_round": 26.0, "subsample": 0.7341638981889749}, "datetime": {"datetime": "2024-01-20 16:47:37", "elapsed": 12149.307075, "delta": 0.007163}}
{"target": -10.481912310711426, "params": {"colsample_bytree": 0.42313311154213573, "eta": 0.09996462858037579, "gamma": 139.93378910381426, "max_depth": 4.0, "min_child_weight": 4813.76863724319, "num_boost_round": 27.0, "subsample": 0.7341638981889749}, "datetime": {"datetime": "2024-01-20 16:47:37", "elapsed": 12149.314817, "delta": 0.007742}}
{"target": -10.481890576692109, "params": {"colsample_bytree": 0.42313311154213573, "eta": 0.09996462858037579, "gamma": 139.93378910381426, "max_depth": 4.0, "min_child_weight": 4813.76863724319, "num_boost_round": 28.0, "subsample": 0.7341638981889749}, "datetime": {"datetime": "2024-01-20 16:47:37", "elapsed": 12149.322159, "delta": 0.007342}}
{"target": -10.482377784426566, "params": {"colsample_bytree": 0.42313311154213573, "eta": 0.09996462858037579, "gamma": 139.93378910381426, "max_depth": 4.0, "min_child_weight": 4813.76863724319, "num_boost_round": 29.0, "subsample": 0.7341638981889749}, "datetime": {"datetime": "2024-01-20 16:47:37", "elapsed": 12149.329458, "delta": 0.007299}}
{"target": -10.482456130390206, "params": {"colsample_bytree": 0.42313311154213573, "eta": 0.09996462858037579, "gamma": 139.93378910381426, "max_depth": 4.0, "min_child_weight": 4813.76863724319, "num_boost_round": 30.0, "subsample": 0.7341638981889749}, "datetime": {"datetime": "2024-01-20 16:47:37", "elapsed": 12149.336466, "delta": 0.007008}}
{"target": -10.482860063214034, "params": {"colsample_bytree": 0.42313311154213573, "eta": 0.09996462858037579, "gamma": 139.93378910381426, "max_depth": 4.0, "min_child_weight": 4813.76863724319, "num_boost_round": 31.0, "subsample": 0.7341638981889749}, "datetime": {"datetime": "2024-01-20 16:47:37", "elapsed": 12149.343381, "delta": 0.006915}}
{"target": -10.483277367177688, "params": {"colsample_bytree": 0.42313311154213573, "eta": 0.09996462858037579, "gamma": 139.93378910381426, "max_depth": 4.0, "min_child_weight": 4813.76863724319, "num_boost_round": 32.0, "subsample": 0.7341638981889749}, "datetime": {"datetime": "2024-01-20 16:47:37", "elapsed": 12149.351044, "delta": 0.007663}}
{"target": -10.483646806011027, "params": {"colsample_bytree": 0.42313311154213573, "eta": 0.09996462858037579, "gamma": 139.93378910381426, "max_depth": 4.0, "min_child_weight": 4813.76863724319, "num_boost_round": 33.0, "subsample": 0.7341638981889749}, "datetime": {"datetime": "2024-01-20 16:47:37", "elapsed": 12149.726014, "delta": 0.37497}}
{"target": -10.483857211409768, "params": {"colsample_bytree": 0.42313311154213573, "eta": 0.09996462858037579, "gamma": 139.93378910381426, "max_depth": 4.0, "min_child_weight": 4813.76863724319, "num_boost_round": 34.0, "subsample": 0.7341638981889749}, "datetime": {"datetime": "2024-01-20 16:47:37", "elapsed": 12149.734884, "delta": 0.00887}}
{"target": -10.484141541283337, "params": {"colsample_bytree": 0.42313311154213573, "eta": 0.09996462858037579, "gamma": 139.93378910381426, "max_depth": 4.0, "min_child_weight": 4813.76863724319, "num_boost_round": 35.0, "subsample": 0.7341638981889749}, "datetime": {"datetime": "2024-01-20 16:47:37", "elapsed": 12149.742168, "delta": 0.007284}}
{"target": -10.48408910825519, "params": {"colsample_bytree": 0.42313311154213573, "eta": 0.09996462858037579, "gamma": 139.93378910381426, "max_depth": 4.0, "min_child_weight": 4813.76863724319, "num_boost_round": 36.0, "subsample": 0.7341638981889749}, "datetime": {"datetime": "2024-01-20 16:47:37", "elapsed": 12149.749318, "delta": 0.00715}}
