{"target": -13.411829390634157, "params": {"colsample_bytree": 0.19095154819235893, "eta": 0.09460873296859564, "gamma": 488.66424853958137, "max_depth": 3.0, "min_child_weight": 3819.6231692116253, "num_boost_round": 31.0, "subsample": 0.8797760793738251}, "datetime": {"datetime": "2024-01-20 15:00:06", "elapsed": 2141.035338, "delta": 0.002105}}
{"target": -13.412305705746824, "params": {"colsample_bytree": 0.19095154819235893, "eta": 0.09460873296859564, "gamma": 488.66424853958137, "max_depth": 3.0, "min_child_weight": 3819.6231692116253, "num_boost_round": 32.0, "subsample": 0.8797760793738251}, "datetime": {"datetime": "2024-01-20 15:00:06", "elapsed": 2141.037394, "delta": 0.002056}}
{"target": -13.412910366120201, "params": {"colsample_bytree": 0.19095154819235893, "eta": 0.09460873296859564, "gamma": 488.66424853958137, "max_depth": 3.0, "min_child_weight": 3819.6231692116253, "num_boost_round": 33.0, "subsample": 0.8797760793738251}, "datetime": {"datetime": "2024-01-20 15:00:06", "elapsed": 2141.039686, "delta": 0.002292}}
{"target": -13.412967126056255, "params": {"colsample_bytree": 0.19095154819235893, "eta": 0.09460873296859564, "gamma": 488.66424853958137, "max_depth": 3.0, "min_child_weight": 3819.6231692116253, "num_boost_round": 34.0, "subsample": 0.8797760793738251}, "datetime": {"datetime": "2024-01-20 15:00:06", "elapsed": 2141.041761, "delta": 0.002075}}
{"target": -13.413046612113952, "params": {"colsample_bytree": 0.19095154819235893, "eta": 0.09460873296859564, "gamma": 488.66424853958137, "max_depth": 3.0, "min_child_weight": 3819.6231692116253, "num_boost_round": 35.0, "subsample": 0.8797760793738251}, "datetime": {"datetime": "2024-01-20 15:00:06", "elapsed": 2141.043919, "delta": 0.002158}}
{"target": -13.413490551673213, "params": {"colsample_bytree": 0.19095154819235893, "eta": 0.09460873296859564, "gamma": 488.66424853958137, "max_depth": 3.0, "min_child_weight": 3819.6231692116253, "num_boost_round": 36.0, "subsample": 0.8797760793738251}, "datetime": {"datetime": "2024-01-20 15:00:06", "elapsed": 2141.045986, "delta": 0.002067}}
{"target": -13.413735168211973, "params": {"colsample_bytree": 0.19095154819235893, "eta": 0.09460873296859564, "gamma": 488.66424853958137, "max_depth": 3.0, "min_child_weight": 3819.6231692116253, "num_boost_round": 37.0, "subsample": 0.8797760793738251}, "datetime": {"datetime": "2024-01-20 15:00:06", "elapsed": 2141.048255, "delta": 0.002269}}
{"target": -13.41422671503696, "params": {"colsample_bytree": 0.19095154819235893, "eta": 0.09460873296859564, "gamma": 488.66424853958137, "max_depth": 3.0, "min_child_weight": 3819.6231692116253, "num_boost_round": 38.0, "subsample": 0.8797760793738251}, "datetime": {"datetime": "2024-01-20 15:00:06", "elapsed": 2141.050396, "delta": 0.002141}}
{"target": -13.414682992262868, "params": {"colsample_bytree": 0.19095154819235893, "eta": 0.09460873296859564, "gamma": 488.66424853958137, "max_depth": 3.0, "min_child_weight": 3819.6231692116253, "num_boost_round": 39.0, "subsample": 0.8797760793738251}, "datetime": {"datetime": "2024-01-20 15:00:06", "elapsed": 2141.052611, "delta": 0.002215}}
{"target": -13.415102285421735, "params": {"colsample_bytree": 0.19095154819235893, "eta": 0.09460873296859564, "gamma": 488.66424853958137, "max_depth": 3.0, "min_child_weight": 3819.6231692116253, "num_boost_round": 40.0, "subsample": 0.8797760793738251}, "datetime": {"datetime": "2024-01-20 15:00:06", "elapsed": 2141.054693, "delta": 0.002082}}
{"target": -13.415317853587142, "params": {"colsample_bytree": 0.19095154819235893, "eta": 0.09460873296859564, "gamma": 488.66424853958137, "max_depth": 3.0, "min_child_weight": 3819.6231692116253, "num_boost_round": 41.0, "subsample": 0.8797760793738251}, "datetime": {"datetime": "2024-01-20 15:00:06", "elapsed": 2141.056819, "delta": 0.002126}}
{"target": -13.415783213164133, "params": {"colsample_bytree": 0.19095154819235893, "eta": 0.09460873296859564, "gamma": 488.66424853958137, "max_depth": 3.0, "min_child_weight": 3819.6231692116253, "num_boost_round": 42.0, "subsample": 0.8797760793738251}, "datetime": {"datetime": "2024-01-20 15:00:06", "elapsed": 2141.058989, "delta": 0.00217}}
{"target": -13.416529082084237, "params": {"colsample_bytree": 0.19095154819235893, "eta": 0.09460873296859564, "gamma": 488.66424853958137, "max_depth": 3.0, "min_child_weight": 3819.6231692116253, "num_boost_round": 43.0, "subsample": 0.8797760793738251}, "datetime": {"datetime": "2024-01-20 15:00:06", "elapsed": 2141.061132, "delta": 0.002143}}
{"target": -13.417633195958498, "params": {"colsample_bytree": 0.19095154819235893, "eta": 0.09460873296859564, "gamma": 488.66424853958137, "max_depth": 3.0, "min_child_weight": 3819.6231692116253, "num_boost_round": 44.0, "subsample": 0.8797760793738251}, "datetime": {"datetime": "2024-01-20 15:00:06", "elapsed": 2141.06324, "delta": 0.002108}}
{"target": -13.417940603154387, "params": {"colsample_bytree": 0.19095154819235893, "eta": 0.09460873296859564, "gamma": 488.66424853958137, "max_depth": 3.0, "min_child_weight": 3819.6231692116253, "num_boost_round": 45.0, "subsample": 0.8797760793738251}, "datetime": {"datetime": "2024-01-20 15:00:06", "elapsed": 2141.065329, "delta": 0.002089}}
{"target": -13.41868637386915, "params": {"colsample_bytree": 0.19095154819235893, "eta": 0.09460873296859564, "gamma": 488.66424853958137, "max_depth": 3.0, "min_child_weight": 3819.6231692116253, "num_boost_round": 46.0, "subsample": 0.8797760793738251}, "datetime": {"datetime": "2024-01-20 15:00:06", "elapsed": 2141.067422, "delta": 0.002093}}
{"target": -13.418759507162452, "params": {"colsample_bytree": 0.19095154819235893, "eta": 0.09460873296859564, "gamma": 488.66424853958137, "max_depth": 3.0, "min_child_weight": 3819.6231692116253, "num_boost_round": 47.0, "subsample": 0.8797760793738251}, "datetime": {"datetime": "2024-01-20 15:00:06", "elapsed": 2141.06972, "delta": 0.002298}}
{"target": -13.419767207067403, "params": {"colsample_bytree": 0.19095154819235893, "eta": 0.09460873296859564, "gamma": 488.66424853958137, "max_depth": 3.0, "min_child_weight": 3819.6231692116253, "num_boost_round": 48.0, "subsample": 0.8797760793738251}, "datetime": {"datetime": "2024-01-20 15:00:06", "elapsed": 2141.071873, "delta": 0.002153}}
{"target": -13.420361166510284, "params": {"colsample_bytree": 0.19095154819235893, "eta": 0.09460873296859564, "gamma": 488.66424853958137, "max_depth": 3.0, "min_child_weight": 3819.6231692116253, "num_boost_round": 49.0, "subsample": 0.8797760793738251}, "datetime": {"datetime": "2024-01-20 15:00:06", "elapsed": 2141.07399, "delta": 0.002117}}
{"target": -13.420884971979977, "params": {"colsample_bytree": 0.19095154819235893, "eta": 0.09460873296859564, "gamma": 488.66424853958137, "max_depth": 3.0, "min_child_weight": 3819.6231692116253, "num_boost_round": 50.0, "subsample": 0.8797760793738251}, "datetime": {"datetime": "2024-01-20 15:00:06", "elapsed": 2141.076102, "delta": 0.002112}}
{"target": -13.421759703317278, "params": {"colsample_bytree": 0.19095154819235893, "eta": 0.09460873296859564, "gamma": 488.66424853958137, "max_depth": 3.0, "min_child_weight": 3819.6231692116253, "num_boost_round": 51.0, "subsample": 0.8797760793738251}, "datetime": {"datetime": "2024-01-20 15:00:06", "elapsed": 2141.078367, "delta": 0.002265}}
{"target": -13.422016030895099, "params": {"colsample_bytree": 0.19095154819235893, "eta": 0.09460873296859564, "gamma": 488.66424853958137, "max_depth": 3.0, "min_child_weight": 3819.6231692116253, "num_boost_round": 52.0, "subsample": 0.8797760793738251}, "datetime": {"datetime": "2024-01-20 15:00:06", "elapsed": 2141.080474, "delta": 0.002107}}
{"target": -13.422533680001646, "params": {"colsample_bytree": 0.19095154819235893, "eta": 0.09460873296859564, "gamma": 488.66424853958137, "max_depth": 3.0, "min_child_weight": 3819.6231692116253, "num_boost_round": 53.0, "subsample": 0.8797760793738251}, "datetime": {"datetime": "2024-01-20 15:00:06", "elapsed": 2141.082645, "delta": 0.002171}}
{"target": -13.42336108364638, "params": {"colsample_bytree": 0.19095154819235893, "eta": 0.09460873296859564, "gamma": 488.66424853958137, "max_depth": 3.0, "min_child_weight": 3819.6231692116253, "num_boost_round": 54.0, "subsample": 0.8797760793738251}, "datetime": {"datetime": "2024-01-20 15:00:06", "elapsed": 2141.084853, "delta": 0.002208}}
{"target": -13.423833069491923, "params": {"colsample_bytree": 0.19095154819235893, "eta": 0.09460873296859564, "gamma": 488.66424853958137, "max_depth": 3.0, "min_child_weight": 3819.6231692116253, "num_boost_round": 55.0, "subsample": 0.8797760793738251}, "datetime": {"datetime": "2024-01-20 15:00:06", "elapsed": 2141.087012, "delta": 0.002159}}
{"target": -13.42428985984132, "params": {"colsample_bytree": 0.19095154819235893, "eta": 0.09460873296859564, "gamma": 488.66424853958137, "max_depth": 3.0, "min_child_weight": 3819.6231692116253, "num_boost_round": 56.0, "subsample": 0.8797760793738251}, "datetime": {"datetime": "2024-01-20 15:00:06", "elapsed": 2141.08942, "delta": 0.002408}}
{"target": -13.424921866152907, "params": {"colsample_bytree": 0.19095154819235893, "eta": 0.09460873296859564, "gamma": 488.66424853958137, "max_depth": 3.0, "min_child_weight": 3819.6231692116253, "num_boost_round": 57.0, "subsample": 0.8797760793738251}, "datetime": {"datetime": "2024-01-20 15:00:06", "elapsed": 2141.091777, "delta": 0.002357}}
{"target": -13.424785498042265, "params": {"colsample_bytree": 0.19095154819235893, "eta": 0.09460873296859564, "gamma": 488.66424853958137, "max_depth": 3.0, "min_child_weight": 3819.6231692116253, "num_boost_round": 58.0, "subsample": 0.8797760793738251}, "datetime": {"datetime": "2024-01-20 15:00:06", "elapsed": 2141.09432, "delta": 0.002543}}
{"target": -13.425085361140608, "params": {"colsample_bytree": 0.19095154819235893, "eta": 0.09460873296859564, "gamma": 488.66424853958137, "max_depth": 3.0, "min_child_weight": 3819.6231692116253, "num_boost_round": 59.0, "subsample": 0.8797760793738251}, "datetime": {"datetime": "2024-01-20 15:00:06", "elapsed": 2141.097576, "delta": 0.003256}}
{"target": -13.425650159413191, "params": {"colsample_bytree": 0.19095154819235893, "eta": 0.09460873296859564, "gamma": 488.66424853958137, "max_depth": 3.0, "min_child_weight": 3819.6231692116253, "num_boost_round": 60.0, "subsample": 0.8797760793738251}, "datetime": {"datetime": "2024-01-20 15:00:06", "elapsed": 2141.100783, "delta": 0.003207}}
{"target": -13.42576752320767, "params": {"colsample_bytree": 0.19095154819235893, "eta": 0.09460873296859564, "gamma": 488.66424853958137, "max_depth": 3.0, "min_child_weight": 3819.6231692116253, "num_boost_round": 61.0, "subsample": 0.8797760793738251}, "datetime": {"datetime": "2024-01-20 15:00:06", "elapsed": 2141.104088, "delta": 0.003305}}
{"target": -13.427038282785094, "params": {"colsample_bytree": 0.19095154819235893, "eta": 0.09460873296859564, "gamma": 488.66424853958137, "max_depth": 3.0, "min_child_weight": 3819.6231692116253, "num_boost_round": 62.0, "subsample": 0.8797760793738251}, "datetime": {"datetime": "2024-01-20 15:00:06", "elapsed": 2141.106472, "delta": 0.002384}}
{"target": -13.427472823905344, "params": {"colsample_bytree": 0.19095154819235893, "eta": 0.09460873296859564, "gamma": 488.66424853958137, "max_depth": 3.0, "min_child_weight": 3819.6231692116253, "num_boost_round": 63.0, "subsample": 0.8797760793738251}, "datetime": {"datetime": "2024-01-20 15:00:06", "elapsed": 2141.108799, "delta": 0.002327}}
{"target": -13.427893160297522, "params": {"colsample_bytree": 0.19095154819235893, "eta": 0.09460873296859564, "gamma": 488.66424853958137, "max_depth": 3.0, "min_child_weight": 3819.6231692116253, "num_boost_round": 64.0, "subsample": 0.8797760793738251}, "datetime": {"datetime": "2024-01-20 15:00:06", "elapsed": 2141.110944, "delta": 0.002145}}
{"target": -13.42786909247744, "params": {"colsample_bytree": 0.19095154819235893, "eta": 0.09460873296859564, "gamma": 488.66424853958137, "max_depth": 3.0, "min_child_weight": 3819.6231692116253, "num_boost_round": 65.0, "subsample": 0.8797760793738251}, "datetime": {"datetime": "2024-01-20 15:00:06", "elapsed": 2141.113084, "delta": 0.00214}}
{"target": -13.428178949683618, "params": {"colsample_bytree": 0.19095154819235893, "eta": 0.09460873296859564, "gamma": 488.66424853958137, "max_depth": 3.0, "min_child_weight": 3819.6231692116253, "num_boost_round": 66.0, "subsample": 0.8797760793738251}, "datetime": {"datetime": "2024-01-20 15:00:06", "elapsed": 2141.115227, "delta": 0.002143}}
{"target": -13.428934688553941, "params": {"colsample_bytree": 0.19095154819235893, "eta": 0.09460873296859564, "gamma": 488.66424853958137, "max_depth": 3.0, "min_child_weight": 3819.6231692116253, "num_boost_round": 67.0, "subsample": 0.8797760793738251}, "datetime": {"datetime": "2024-01-20 15:00:06", "elapsed": 2141.117359, "delta": 0.002132}}
{"target": -13.429087699194886, "params": {"colsample_bytree": 0.19095154819235893, "eta": 0.09460873296859564, "gamma": 488.66424853958137, "max_depth": 3.0, "min_child_weight": 3819.6231692116253, "num_boost_round": 68.0, "subsample": 0.8797760793738251}, "datetime": {"datetime": "2024-01-20 15:00:06", "elapsed": 2141.119648, "delta": 0.002289}}
{"target": -13.4296708060655, "params": {"colsample_bytree": 0.19095154819235893, "eta": 0.09460873296859564, "gamma": 488.66424853958137, "max_depth": 3.0, "min_child_weight": 3819.6231692116253, "num_boost_round": 69.0, "subsample": 0.8797760793738251}, "datetime": {"datetime": "2024-01-20 15:00:06", "elapsed": 2141.1218, "delta": 0.002152}}
{"target": -13.429987388280686, "params": {"colsample_bytree": 0.19095154819235893, "eta": 0.09460873296859564, "gamma": 488.66424853958137, "max_depth": 3.0, "min_child_weight": 3819.6231692116253, "num_boost_round": 70.0, "subsample": 0.8797760793738251}, "datetime": {"datetime": "2024-01-20 15:00:06", "elapsed": 2141.123945, "delta": 0.002145}}
{"target": -13.430422105257351, "params": {"colsample_bytree": 0.19095154819235893, "eta": 0.09460873296859564, "gamma": 488.66424853958137, "max_depth": 3.0, "min_child_weight": 3819.6231692116253, "num_boost_round": 71.0, "subsample": 0.8797760793738251}, "datetime": {"datetime": "2024-01-20 15:00:06", "elapsed": 2141.12609, "delta": 0.002145}}
{"target": -13.430436703875099, "params": {"colsample_bytree": 0.19095154819235893, "eta": 0.09460873296859564, "gamma": 488.66424853958137, "max_depth": 3.0, "min_child_weight": 3819.6231692116253, "num_boost_round": 72.0, "subsample": 0.8797760793738251}, "datetime": {"datetime": "2024-01-20 15:00:06", "elapsed": 2141.128389, "delta": 0.002299}}
{"target": -13.430642002682369, "params": {"colsample_bytree": 0.19095154819235893, "eta": 0.09460873296859564, "gamma": 488.66424853958137, "max_depth": 3.0, "min_child_weight": 3819.6231692116253, "num_boost_round": 73.0, "subsample": 0.8797760793738251}, "datetime": {"datetime": "2024-01-20 15:00:06", "elapsed": 2141.130522, "delta": 0.002133}}
{"target": -13.431054580519959, "params": {"colsample_bytree": 0.19095154819235893, "eta": 0.09460873296859564, "gamma": 488.66424853958137, "max_depth": 3.0, "min_child_weight": 3819.6231692116253, "num_boost_round": 74.0, "subsample": 0.8797760793738251}, "datetime": {"datetime": "2024-01-20 15:00:06", "elapsed": 2141.132721, "delta": 0.002199}}
{"target": -13.43161845640673, "params": {"colsample_bytree": 0.19095154819235893, "eta": 0.09460873296859564, "gamma": 488.66424853958137, "max_depth": 3.0, "min_child_weight": 3819.6231692116253, "num_boost_round": 75.0, "subsample": 0.8797760793738251}, "datetime": {"datetime": "2024-01-20 15:00:06", "elapsed": 2141.134883, "delta": 0.002162}}
{"target": -13.431911677932725, "params": {"colsample_bytree": 0.19095154819235893, "eta": 0.09460873296859564, "gamma": 488.66424853958137, "max_depth": 3.0, "min_child_weight": 3819.6231692116253, "num_boost_round": 76.0, "subsample": 0.8797760793738251}, "datetime": {"datetime": "2024-01-20 15:00:06", "elapsed": 2141.137032, "delta": 0.002149}}
{"target": -13.432080748921571, "params": {"colsample_bytree": 0.19095154819235893, "eta": 0.09460873296859564, "gamma": 488.66424853958137, "max_depth": 3.0, "min_child_weight": 3819.6231692116253, "num_boost_round": 77.0, "subsample": 0.8797760793738251}, "datetime": {"datetime": "2024-01-20 15:00:06", "elapsed": 2141.139255, "delta": 0.002223}}
{"target": -13.432379243002341, "params": {"colsample_bytree": 0.19095154819235893, "eta": 0.09460873296859564, "gamma": 488.66424853958137, "max_depth": 3.0, "min_child_weight": 3819.6231692116253, "num_boost_round": 78.0, "subsample": 0.8797760793738251}, "datetime": {"datetime": "2024-01-20 15:00:06", "elapsed": 2141.141486, "delta": 0.002231}}
{"target": -13.432481736352557, "params": {"colsample_bytree": 0.19095154819235893, "eta": 0.09460873296859564, "gamma": 488.66424853958137, "max_depth": 3.0, "min_child_weight": 3819.6231692116253, "num_boost_round": 79.0, "subsample": 0.8797760793738251}, "datetime": {"datetime": "2024-01-20 15:00:06", "elapsed": 2141.143668, "delta": 0.002182}}
{"target": -13.432822672741956, "params": {"colsample_bytree": 0.19095154819235893, "eta": 0.09460873296859564, "gamma": 488.66424853958137, "max_depth": 3.0, "min_child_weight": 3819.6231692116253, "num_boost_round": 80.0, "subsample": 0.8797760793738251}, "datetime": {"datetime": "2024-01-20 15:00:06", "elapsed": 2141.145905, "delta": 0.002237}}
{"target": -13.433007205379218, "params": {"colsample_bytree": 0.19095154819235893, "eta": 0.09460873296859564, "gamma": 488.66424853958137, "max_depth": 3.0, "min_child_weight": 3819.6231692116253, "num_boost_round": 81.0, "subsample": 0.8797760793738251}, "datetime": {"datetime": "2024-01-20 15:00:06", "elapsed": 2141.148051, "delta": 0.002146}}
{"target": -13.433111643113604, "params": {"colsample_bytree": 0.19095154819235893, "eta": 0.09460873296859564, "gamma": 488.66424853958137, "max_depth": 3.0, "min_child_weight": 3819.6231692116253, "num_boost_round": 82.0, "subsample": 0.8797760793738251}, "datetime": {"datetime": "2024-01-20 15:00:06", "elapsed": 2141.150311, "delta": 0.00226}}
{"target": -13.433957594387763, "params": {"colsample_bytree": 0.19095154819235893, "eta": 0.09460873296859564, "gamma": 488.66424853958137, "max_depth": 3.0, "min_child_weight": 3819.6231692116253, "num_boost_round": 83.0, "subsample": 0.8797760793738251}, "datetime": {"datetime": "2024-01-20 15:00:06", "elapsed": 2141.152522, "delta": 0.002211}}
{"target": -13.43398161310473, "params": {"colsample_bytree": 0.19095154819235893, "eta": 0.09460873296859564, "gamma": 488.66424853958137, "max_depth": 3.0, "min_child_weight": 3819.6231692116253, "num_boost_round": 84.0, "subsample": 0.8797760793738251}, "datetime": {"datetime": "2024-01-20 15:00:06", "elapsed": 2141.154739, "delta": 0.002217}}
{"target": -13.434257685622374, "params": {"colsample_bytree": 0.19095154819235893, "eta": 0.09460873296859564, "gamma": 488.66424853958137, "max_depth": 3.0, "min_child_weight": 3819.6231692116253, "num_boost_round": 85.0, "subsample": 0.8797760793738251}, "datetime": {"datetime": "2024-01-20 15:00:06", "elapsed": 2141.156939, "delta": 0.0022}}
{"target": -13.434877900910912, "params": {"colsample_bytree": 0.19095154819235893, "eta": 0.09460873296859564, "gamma": 488.66424853958137, "max_depth": 3.0, "min_child_weight": 3819.6231692116253, "num_boost_round": 86.0, "subsample": 0.8797760793738251}, "datetime": {"datetime": "2024-01-20 15:00:06", "elapsed": 2141.159196, "delta": 0.002257}}
{"target": -13.435203374876561, "params": {"colsample_bytree": 0.19095154819235893, "eta": 0.09460873296859564, "gamma": 488.66424853958137, "max_depth": 3.0, "min_child_weight": 3819.6231692116253, "num_boost_round": 87.0, "subsample": 0.8797760793738251}, "datetime": {"datetime": "2024-01-20 15:00:06", "elapsed": 2141.161399, "delta": 0.002203}}
{"target": -13.435359032848176, "params": {"colsample_bytree": 0.19095154819235893, "eta": 0.09460873296859564, "gamma": 488.66424853958137, "max_depth": 3.0, "min_child_weight": 3819.6231692116253, "num_boost_round": 88.0, "subsample": 0.8797760793738251}, "datetime": {"datetime": "2024-01-20 15:00:06", "elapsed": 2141.16366, "delta": 0.002261}}
{"target": -13.435763062200587, "params": {"colsample_bytree": 0.19095154819235893, "eta": 0.09460873296859564, "gamma": 488.66424853958137, "max_depth": 3.0, "min_child_weight": 3819.6231692116253, "num_boost_round": 89.0, "subsample": 0.8797760793738251}, "datetime": {"datetime": "2024-01-20 15:00:06", "elapsed": 2141.165788, "delta": 0.002128}}
{"target": -13.436166468262979, "params": {"colsample_bytree": 0.19095154819235893, "eta": 0.09460873296859564, "gamma": 488.66424853958137, "max_depth": 3.0, "min_child_weight": 3819.6231692116253, "num_boost_round": 90.0, "subsample": 0.8797760793738251}, "datetime": {"datetime": "2024-01-20 15:00:06", "elapsed": 2141.167951, "delta": 0.002163}}
{"target": -13.436293283925371, "params": {"colsample_bytree": 0.19095154819235893, "eta": 0.09460873296859564, "gamma": 488.66424853958137, "max_depth": 3.0, "min_child_weight": 3819.6231692116253, "num_boost_round": 91.0, "subsample": 0.8797760793738251}, "datetime": {"datetime": "2024-01-20 15:00:06", "elapsed": 2141.170254, "delta": 0.002303}}
{"target": -13.436222949872153, "params": {"colsample_bytree": 0.19095154819235893, "eta": 0.09460873296859564, "gamma": 488.66424853958137, "max_depth": 3.0, "min_child_weight": 3819.6231692116253, "num_boost_round": 92.0, "subsample": 0.8797760793738251}, "datetime": {"datetime": "2024-01-20 15:00:06", "elapsed": 2141.172517, "delta": 0.002263}}
