{"target": -13.732382789069169, "params": {"colsample_bytree": 0.8605711975620538, "eta": 0.028446572842781383, "gamma": 82.41626286956428, "max_depth": 9.0, "min_child_weight": 3403.3032550654916, "num_boost_round": 2.0, "subsample": 0.29783274583837394}, "datetime": {"datetime": "2024-01-20 17:59:16", "elapsed": 12917.066062, "delta": 0.005375}}
{"target": -13.732954731266474, "params": {"colsample_bytree": 0.8605711975620538, "eta": 0.028446572842781383, "gamma": 82.41626286956428, "max_depth": 9.0, "min_child_weight": 3403.3032550654916, "num_boost_round": 3.0, "subsample": 0.29783274583837394}, "datetime": {"datetime": "2024-01-20 17:59:16", "elapsed": 12917.071012, "delta": 0.00495}}
{"target": -13.733693262648732, "params": {"colsample_bytree": 0.8605711975620538, "eta": 0.028446572842781383, "gamma": 82.41626286956428, "max_depth": 9.0, "min_child_weight": 3403.3032550654916, "num_boost_round": 4.0, "subsample": 0.29783274583837394}, "datetime": {"datetime": "2024-01-20 17:59:16", "elapsed": 12917.075985, "delta": 0.004973}}
{"target": -13.73444825099963, "params": {"colsample_bytree": 0.8605711975620538, "eta": 0.028446572842781383, "gamma": 82.41626286956428, "max_depth": 9.0, "min_child_weight": 3403.3032550654916, "num_boost_round": 5.0, "subsample": 0.29783274583837394}, "datetime": {"datetime": "2024-01-20 17:59:16", "elapsed": 12917.081037, "delta": 0.005052}}
{"target": -13.735173114771786, "params": {"colsample_bytree": 0.8605711975620538, "eta": 0.028446572842781383, "gamma": 82.41626286956428, "max_depth": 9.0, "min_child_weight": 3403.3032550654916, "num_boost_round": 6.0, "subsample": 0.29783274583837394}, "datetime": {"datetime": "2024-01-20 17:59:16", "elapsed": 12917.08599, "delta": 0.004953}}
{"target": -13.735995474191562, "params": {"colsample_bytree": 0.8605711975620538, "eta": 0.028446572842781383, "gamma": 82.41626286956428, "max_depth": 9.0, "min_child_weight": 3403.3032550654916, "num_boost_round": 7.0, "subsample": 0.29783274583837394}, "datetime": {"datetime": "2024-01-20 17:59:16", "elapsed": 12917.091128, "delta": 0.005138}}
{"target": -13.736860916459108, "params": {"colsample_bytree": 0.8605711975620538, "eta": 0.028446572842781383, "gamma": 82.41626286956428, "max_depth": 9.0, "min_child_weight": 3403.3032550654916, "num_boost_round": 8.0, "subsample": 0.29783274583837394}, "datetime": {"datetime": "2024-01-20 17:59:16", "elapsed": 12917.096278, "delta": 0.00515}}
{"target": -13.73771832134543, "params": {"colsample_bytree": 0.8605711975620538, "eta": 0.028446572842781383, "gamma": 82.41626286956428, "max_depth": 9.0, "min_child_weight": 3403.3032550654916, "num_boost_round": 9.0, "subsample": 0.29783274583837394}, "datetime": {"datetime": "2024-01-20 17:59:16", "elapsed": 12917.101224, "delta": 0.004946}}
{"target": -13.738177132355247, "params": {"colsample_bytree": 0.8605711975620538, "eta": 0.028446572842781383, "gamma": 82.41626286956428, "max_depth": 9.0, "min_child_weight": 3403.3032550654916, "num_boost_round": 10.0, "subsample": 0.29783274583837394}, "datetime": {"datetime": "2024-01-20 17:59:16", "elapsed": 12917.106054, "delta": 0.00483}}
{"target": -13.732134334261854, "params": {"colsample_bytree": 0.493682263762234, "eta": 0.08887615617495583, "gamma": 115.51645462344773, "max_depth": 8.0, "min_child_weight": 4626.13820264192, "num_boost_round": 1.0, "subsample": 0.3486666257653692}, "datetime": {"datetime": "2024-01-20 17:59:43", "elapsed": 12943.976916, "delta": 26.870862}}
{"target": -13.731921680018354, "params": {"colsample_bytree": 0.5249120464480933, "eta": 0.06182330013981836, "gamma": 144.66539167885418, "max_depth": 2.0, "min_child_weight": 4529.100208778743, "num_boost_round": 1.0, "subsample": 0.47223634841411855}, "datetime": {"datetime": "2024-01-20 18:00:35", "elapsed": 12996.431236, "delta": 52.45432}}
{"target": -13.732482322025266, "params": {"colsample_bytree": 0.5249120464480933, "eta": 0.06182330013981836, "gamma": 144.66539167885418, "max_depth": 2.0, "min_child_weight": 4529.100208778743, "num_boost_round": 2.0, "subsample": 0.47223634841411855}, "datetime": {"datetime": "2024-01-20 18:00:35", "elapsed": 12996.435383, "delta": 0.004147}}
{"target": -13.73134744770074, "params": {"colsample_bytree": 0.25815051088335234, "eta": 0.04787406916891207, "gamma": 586.091596742168, "max_depth": 6.0, "min_child_weight": 3693.011625405273, "num_boost_round": 1.0, "subsample": 0.43010756969943975}, "datetime": {"datetime": "2024-01-20 18:01:04", "elapsed": 13025.516796, "delta": 29.081413}}
{"target": -13.731716764944222, "params": {"colsample_bytree": 0.25815051088335234, "eta": 0.04787406916891207, "gamma": 586.091596742168, "max_depth": 6.0, "min_child_weight": 3693.011625405273, "num_boost_round": 2.0, "subsample": 0.43010756969943975}, "datetime": {"datetime": "2024-01-20 18:01:04", "elapsed": 13025.522313, "delta": 0.005517}}
{"target": -13.732004461116071, "params": {"colsample_bytree": 0.25815051088335234, "eta": 0.04787406916891207, "gamma": 586.091596742168, "max_depth": 6.0, "min_child_weight": 3693.011625405273, "num_boost_round": 3.0, "subsample": 0.43010756969943975}, "datetime": {"datetime": "2024-01-20 18:01:04", "elapsed": 13025.527513, "delta": 0.0052}}
{"target": -13.732375871959237, "params": {"colsample_bytree": 0.25815051088335234, "eta": 0.04787406916891207, "gamma": 586.091596742168, "max_depth": 6.0, "min_child_weight": 3693.011625405273, "num_boost_round": 4.0, "subsample": 0.43010756969943975}, "datetime": {"datetime": "2024-01-20 18:01:04", "elapsed": 13025.53255, "delta": 0.005037}}
{"target": -13.733354981650898, "params": {"colsample_bytree": 0.25815051088335234, "eta": 0.04787406916891207, "gamma": 586.091596742168, "max_depth": 6.0, "min_child_weight": 3693.011625405273, "num_boost_round": 5.0, "subsample": 0.43010756969943975}, "datetime": {"datetime": "2024-01-20 18:01:04", "elapsed": 13025.537965, "delta": 0.005415}}
{"target": -13.73385480450165, "params": {"colsample_bytree": 0.25815051088335234, "eta": 0.04787406916891207, "gamma": 586.091596742168, "max_depth": 6.0, "min_child_weight": 3693.011625405273, "num_boost_round": 6.0, "subsample": 0.43010756969943975}, "datetime": {"datetime": "2024-01-20 18:01:04", "elapsed": 13025.543675, "delta": 0.00571}}
{"target": -13.734495381229145, "params": {"colsample_bytree": 0.25815051088335234, "eta": 0.04787406916891207, "gamma": 586.091596742168, "max_depth": 6.0, "min_child_weight": 3693.011625405273, "num_boost_round": 7.0, "subsample": 0.43010756969943975}, "datetime": {"datetime": "2024-01-20 18:01:04", "elapsed": 13025.549208, "delta": 0.005533}}
{"target": -13.731019877062348, "params": {"colsample_bytree": 0.6511467245177176, "eta": 0.00015057020402413777, "gamma": 635.4277281484925, "max_depth": 3.0, "min_child_weight": 3914.4661888652035, "num_boost_round": 1.0, "subsample": 0.33778891974386316}, "datetime": {"datetime": "2024-01-20 18:01:43", "elapsed": 13064.149412, "delta": 38.600204}}
{"target": -13.731022151707027, "params": {"colsample_bytree": 0.6511467245177176, "eta": 0.00015057020402413777, "gamma": 635.4277281484925, "max_depth": 3.0, "min_child_weight": 3914.4661888652035, "num_boost_round": 2.0, "subsample": 0.33778891974386316}, "datetime": {"datetime": "2024-01-20 18:01:43", "elapsed": 13064.154688, "delta": 0.005276}}
{"target": -13.731024146736438, "params": {"colsample_bytree": 0.6511467245177176, "eta": 0.00015057020402413777, "gamma": 635.4277281484925, "max_depth": 3.0, "min_child_weight": 3914.4661888652035, "num_boost_round": 3.0, "subsample": 0.33778891974386316}, "datetime": {"datetime": "2024-01-20 18:01:43", "elapsed": 13064.159528, "delta": 0.00484}}
{"target": -13.731026485141445, "params": {"colsample_bytree": 0.6511467245177176, "eta": 0.00015057020402413777, "gamma": 635.4277281484925, "max_depth": 3.0, "min_child_weight": 3914.4661888652035, "num_boost_round": 4.0, "subsample": 0.33778891974386316}, "datetime": {"datetime": "2024-01-20 18:01:43", "elapsed": 13064.163469, "delta": 0.003941}}
{"target": -13.73102915290011, "params": {"colsample_bytree": 0.6511467245177176, "eta": 0.00015057020402413777, "gamma": 635.4277281484925, "max_depth": 3.0, "min_child_weight": 3914.4661888652035, "num_boost_round": 5.0, "subsample": 0.33778891974386316}, "datetime": {"datetime": "2024-01-20 18:01:43", "elapsed": 13064.167324, "delta": 0.003855}}
{"target": -13.731031857320222, "params": {"colsample_bytree": 0.6511467245177176, "eta": 0.00015057020402413777, "gamma": 635.4277281484925, "max_depth": 3.0, "min_child_weight": 3914.4661888652035, "num_boost_round": 6.0, "subsample": 0.33778891974386316}, "datetime": {"datetime": "2024-01-20 18:01:43", "elapsed": 13064.171076, "delta": 0.003752}}
{"target": -13.73103512864016, "params": {"colsample_bytree": 0.6511467245177176, "eta": 0.00015057020402413777, "gamma": 635.4277281484925, "max_depth": 3.0, "min_child_weight": 3914.4661888652035, "num_boost_round": 7.0, "subsample": 0.33778891974386316}, "datetime": {"datetime": "2024-01-20 18:01:43", "elapsed": 13064.174736, "delta": 0.00366}}
{"target": -13.731037494466555, "params": {"colsample_bytree": 0.6511467245177176, "eta": 0.00015057020402413777, "gamma": 635.4277281484925, "max_depth": 3.0, "min_child_weight": 3914.4661888652035, "num_boost_round": 8.0, "subsample": 0.33778891974386316}, "datetime": {"datetime": "2024-01-20 18:01:43", "elapsed": 13064.17863, "delta": 0.003894}}
{"target": -13.731040282352044, "params": {"colsample_bytree": 0.6511467245177176, "eta": 0.00015057020402413777, "gamma": 635.4277281484925, "max_depth": 3.0, "min_child_weight": 3914.4661888652035, "num_boost_round": 9.0, "subsample": 0.33778891974386316}, "datetime": {"datetime": "2024-01-20 18:01:43", "elapsed": 13064.182545, "delta": 0.003915}}
{"target": -13.731042998780595, "params": {"colsample_bytree": 0.6511467245177176, "eta": 0.00015057020402413777, "gamma": 635.4277281484925, "max_depth": 3.0, "min_child_weight": 3914.4661888652035, "num_boost_round": 10.0, "subsample": 0.33778891974386316}, "datetime": {"datetime": "2024-01-20 18:01:43", "elapsed": 13064.186267, "delta": 0.003722}}
{"target": -13.731045779329119, "params": {"colsample_bytree": 0.6511467245177176, "eta": 0.00015057020402413777, "gamma": 635.4277281484925, "max_depth": 3.0, "min_child_weight": 3914.4661888652035, "num_boost_round": 11.0, "subsample": 0.33778891974386316}, "datetime": {"datetime": "2024-01-20 18:01:43", "elapsed": 13064.18994, "delta": 0.003673}}
{"target": -13.731049021369154, "params": {"colsample_bytree": 0.6511467245177176, "eta": 0.00015057020402413777, "gamma": 635.4277281484925, "max_depth": 3.0, "min_child_weight": 3914.4661888652035, "num_boost_round": 12.0, "subsample": 0.33778891974386316}, "datetime": {"datetime": "2024-01-20 18:01:43", "elapsed": 13064.193593, "delta": 0.003653}}
{"target": -13.731051216643968, "params": {"colsample_bytree": 0.6511467245177176, "eta": 0.00015057020402413777, "gamma": 635.4277281484925, "max_depth": 3.0, "min_child_weight": 3914.4661888652035, "num_boost_round": 13.0, "subsample": 0.33778891974386316}, "datetime": {"datetime": "2024-01-20 18:01:43", "elapsed": 13064.197349, "delta": 0.003756}}
{"target": -13.731054114732888, "params": {"colsample_bytree": 0.6511467245177176, "eta": 0.00015057020402413777, "gamma": 635.4277281484925, "max_depth": 3.0, "min_child_weight": 3914.4661888652035, "num_boost_round": 14.0, "subsample": 0.33778891974386316}, "datetime": {"datetime": "2024-01-20 18:01:43", "elapsed": 13064.201202, "delta": 0.003853}}
{"target": -13.731056372752278, "params": {"colsample_bytree": 0.6511467245177176, "eta": 0.00015057020402413777, "gamma": 635.4277281484925, "max_depth": 3.0, "min_child_weight": 3914.4661888652035, "num_boost_round": 15.0, "subsample": 0.33778891974386316}, "datetime": {"datetime": "2024-01-20 18:01:43", "elapsed": 13064.204856, "delta": 0.003654}}
{"target": -13.731058614990804, "params": {"colsample_bytree": 0.6511467245177176, "eta": 0.00015057020402413777, "gamma": 635.4277281484925, "max_depth": 3.0, "min_child_weight": 3914.4661888652035, "num_boost_round": 16.0, "subsample": 0.33778891974386316}, "datetime": {"datetime": "2024-01-20 18:01:43", "elapsed": 13064.208604, "delta": 0.003748}}
{"target": -13.731549361497361, "params": {"colsample_bytree": 0.4554645792076397, "eta": 0.03181115539180152, "gamma": 225.9173184971147, "max_depth": 8.0, "min_child_weight": 4519.1616675729065, "num_boost_round": 1.0, "subsample": 0.37735276989186817}, "datetime": {"datetime": "2024-01-20 18:02:19", "elapsed": 13100.247108, "delta": 36.038504}}
{"target": -13.732025216789047, "params": {"colsample_bytree": 0.4554645792076397, "eta": 0.03181115539180152, "gamma": 225.9173184971147, "max_depth": 8.0, "min_child_weight": 4519.1616675729065, "num_boost_round": 2.0, "subsample": 0.37735276989186817}, "datetime": {"datetime": "2024-01-20 18:02:19", "elapsed": 13100.252713, "delta": 0.005605}}
{"target": -13.732235762286908, "params": {"colsample_bytree": 0.11823312080225515, "eta": 0.09418532800437808, "gamma": 137.30386376706704, "max_depth": 5.0, "min_child_weight": 3538.041566283074, "num_boost_round": 1.0, "subsample": 0.14153015233270005}, "datetime": {"datetime": "2024-01-20 18:02:46", "elapsed": 13127.794142, "delta": 27.541429}}
{"target": -13.731150031668786, "params": {"colsample_bytree": 0.14367615809823936, "eta": 0.030696137439659602, "gamma": 121.71936666714211, "max_depth": 7.0, "min_child_weight": 3801.608487058042, "num_boost_round": 1.0, "subsample": 0.332043867119431}, "datetime": {"datetime": "2024-01-20 18:03:24", "elapsed": 13165.245263, "delta": 37.451121}}
{"target": -13.731387214403679, "params": {"colsample_bytree": 0.14367615809823936, "eta": 0.030696137439659602, "gamma": 121.71936666714211, "max_depth": 7.0, "min_child_weight": 3801.608487058042, "num_boost_round": 2.0, "subsample": 0.332043867119431}, "datetime": {"datetime": "2024-01-20 18:03:24", "elapsed": 13165.250739, "delta": 0.005476}}
{"target": -13.731505471138341, "params": {"colsample_bytree": 0.14367615809823936, "eta": 0.030696137439659602, "gamma": 121.71936666714211, "max_depth": 7.0, "min_child_weight": 3801.608487058042, "num_boost_round": 3.0, "subsample": 0.332043867119431}, "datetime": {"datetime": "2024-01-20 18:03:24", "elapsed": 13165.255198, "delta": 0.004459}}
{"target": -13.731669314403305, "params": {"colsample_bytree": 0.13976383644725818, "eta": 0.08835681415074101, "gamma": 921.6743204299933, "max_depth": 8.0, "min_child_weight": 4398.458686486286, "num_boost_round": 1.0, "subsample": 0.5199968127717614}, "datetime": {"datetime": "2024-01-20 18:03:56", "elapsed": 13197.448795, "delta": 32.193597}}
{"target": -13.731900584165256, "params": {"colsample_bytree": 0.6262257122825403, "eta": 0.07161547174142754, "gamma": 268.6346524598725, "max_depth": 4.0, "min_child_weight": 4477.647182386072, "num_boost_round": 1.0, "subsample": 0.7944213966432276}, "datetime": {"datetime": "2024-01-20 18:04:41", "elapsed": 13242.344238, "delta": 44.895443}}
{"target": -13.73307877060515, "params": {"colsample_bytree": 0.6262257122825403, "eta": 0.07161547174142754, "gamma": 268.6346524598725, "max_depth": 4.0, "min_child_weight": 4477.647182386072, "num_boost_round": 2.0, "subsample": 0.7944213966432276}, "datetime": {"datetime": "2024-01-20 18:04:41", "elapsed": 13242.348714, "delta": 0.004476}}
{"target": -13.73134511107815, "params": {"colsample_bytree": 0.8819066579382022, "eta": 0.023053067129183424, "gamma": 331.4405498566422, "max_depth": 3.0, "min_child_weight": 4044.7107495941077, "num_boost_round": 1.0, "subsample": 0.5333872301391265}, "datetime": {"datetime": "2024-01-20 18:05:30", "elapsed": 13290.930027, "delta": 48.581313}}
{"target": -13.731643305138078, "params": {"colsample_bytree": 0.8819066579382022, "eta": 0.023053067129183424, "gamma": 331.4405498566422, "max_depth": 3.0, "min_child_weight": 4044.7107495941077, "num_boost_round": 2.0, "subsample": 0.5333872301391265}, "datetime": {"datetime": "2024-01-20 18:05:30", "elapsed": 13290.936093, "delta": 0.006066}}
{"target": -13.731891703208017, "params": {"colsample_bytree": 0.8819066579382022, "eta": 0.023053067129183424, "gamma": 331.4405498566422, "max_depth": 3.0, "min_child_weight": 4044.7107495941077, "num_boost_round": 3.0, "subsample": 0.5333872301391265}, "datetime": {"datetime": "2024-01-20 18:05:30", "elapsed": 13290.940829, "delta": 0.004736}}
{"target": -13.732217195476654, "params": {"colsample_bytree": 0.8819066579382022, "eta": 0.023053067129183424, "gamma": 331.4405498566422, "max_depth": 3.0, "min_child_weight": 4044.7107495941077, "num_boost_round": 4.0, "subsample": 0.5333872301391265}, "datetime": {"datetime": "2024-01-20 18:05:30", "elapsed": 13290.945354, "delta": 0.004525}}
{"target": -13.732598356624905, "params": {"colsample_bytree": 0.8819066579382022, "eta": 0.023053067129183424, "gamma": 331.4405498566422, "max_depth": 3.0, "min_child_weight": 4044.7107495941077, "num_boost_round": 5.0, "subsample": 0.5333872301391265}, "datetime": {"datetime": "2024-01-20 18:05:30", "elapsed": 13290.949865, "delta": 0.004511}}
{"target": -13.7315404199142, "params": {"colsample_bytree": 0.865493531144886, "eta": 0.06867622312069639, "gamma": 185.31877136003183, "max_depth": 4.0, "min_child_weight": 4755.371406868436, "num_boost_round": 1.0, "subsample": 0.882398928467086}, "datetime": {"datetime": "2024-01-20 18:06:05", "elapsed": 13326.791579, "delta": 35.841714}}
{"target": -13.732778117076988, "params": {"colsample_bytree": 0.865493531144886, "eta": 0.06867622312069639, "gamma": 185.31877136003183, "max_depth": 4.0, "min_child_weight": 4755.371406868436, "num_boost_round": 2.0, "subsample": 0.882398928467086}, "datetime": {"datetime": "2024-01-20 18:06:05", "elapsed": 13326.796141, "delta": 0.004562}}
{"target": -13.733998663292471, "params": {"colsample_bytree": 0.865493531144886, "eta": 0.06867622312069639, "gamma": 185.31877136003183, "max_depth": 4.0, "min_child_weight": 4755.371406868436, "num_boost_round": 3.0, "subsample": 0.882398928467086}, "datetime": {"datetime": "2024-01-20 18:06:05", "elapsed": 13326.799975, "delta": 0.003834}}
{"target": -13.735757934067045, "params": {"colsample_bytree": 0.865493531144886, "eta": 0.06867622312069639, "gamma": 185.31877136003183, "max_depth": 4.0, "min_child_weight": 4755.371406868436, "num_boost_round": 4.0, "subsample": 0.882398928467086}, "datetime": {"datetime": "2024-01-20 18:06:05", "elapsed": 13326.803801, "delta": 0.003826}}
{"target": -13.73141203807287, "params": {"colsample_bytree": 0.7632942124573294, "eta": 0.019000985260184802, "gamma": 171.7400553847581, "max_depth": 8.0, "min_child_weight": 4046.62983968973, "num_boost_round": 1.0, "subsample": 0.8251873650428564}, "datetime": {"datetime": "2024-01-20 18:06:37", "elapsed": 13358.398877, "delta": 31.595076}}
{"target": -13.73183568139038, "params": {"colsample_bytree": 0.7632942124573294, "eta": 0.019000985260184802, "gamma": 171.7400553847581, "max_depth": 8.0, "min_child_weight": 4046.62983968973, "num_boost_round": 2.0, "subsample": 0.8251873650428564}, "datetime": {"datetime": "2024-01-20 18:06:37", "elapsed": 13358.402787, "delta": 0.00391}}
{"target": -13.732175617754642, "params": {"colsample_bytree": 0.7632942124573294, "eta": 0.019000985260184802, "gamma": 171.7400553847581, "max_depth": 8.0, "min_child_weight": 4046.62983968973, "num_boost_round": 3.0, "subsample": 0.8251873650428564}, "datetime": {"datetime": "2024-01-20 18:06:37", "elapsed": 13358.406463, "delta": 0.003676}}
{"target": -13.732453585338519, "params": {"colsample_bytree": 0.7632942124573294, "eta": 0.019000985260184802, "gamma": 171.7400553847581, "max_depth": 8.0, "min_child_weight": 4046.62983968973, "num_boost_round": 4.0, "subsample": 0.8251873650428564}, "datetime": {"datetime": "2024-01-20 18:06:37", "elapsed": 13358.410275, "delta": 0.003812}}
{"target": -13.732864284396882, "params": {"colsample_bytree": 0.7632942124573294, "eta": 0.019000985260184802, "gamma": 171.7400553847581, "max_depth": 8.0, "min_child_weight": 4046.62983968973, "num_boost_round": 5.0, "subsample": 0.8251873650428564}, "datetime": {"datetime": "2024-01-20 18:06:37", "elapsed": 13358.413922, "delta": 0.003647}}
{"target": -13.733529166260098, "params": {"colsample_bytree": 0.7632942124573294, "eta": 0.019000985260184802, "gamma": 171.7400553847581, "max_depth": 8.0, "min_child_weight": 4046.62983968973, "num_boost_round": 6.0, "subsample": 0.8251873650428564}, "datetime": {"datetime": "2024-01-20 18:06:37", "elapsed": 13358.417599, "delta": 0.003677}}
{"target": -13.7340114521546, "params": {"colsample_bytree": 0.7632942124573294, "eta": 0.019000985260184802, "gamma": 171.7400553847581, "max_depth": 8.0, "min_child_weight": 4046.62983968973, "num_boost_round": 7.0, "subsample": 0.8251873650428564}, "datetime": {"datetime": "2024-01-20 18:06:37", "elapsed": 13358.42195, "delta": 0.004351}}
{"target": -13.734637422065852, "params": {"colsample_bytree": 0.7632942124573294, "eta": 0.019000985260184802, "gamma": 171.7400553847581, "max_depth": 8.0, "min_child_weight": 4046.62983968973, "num_boost_round": 8.0, "subsample": 0.8251873650428564}, "datetime": {"datetime": "2024-01-20 18:06:37", "elapsed": 13358.425874, "delta": 0.003924}}
{"target": -13.731653044244815, "params": {"colsample_bytree": 0.9670181116056566, "eta": 0.0472754459833186, "gamma": 4.573042956992013, "max_depth": 2.0, "min_child_weight": 4521.744128353983, "num_boost_round": 1.0, "subsample": 0.5019490277198133}, "datetime": {"datetime": "2024-01-20 18:07:20", "elapsed": 13401.61452, "delta": 43.188646}}
{"target": -13.732526839183265, "params": {"colsample_bytree": 0.9670181116056566, "eta": 0.0472754459833186, "gamma": 4.573042956992013, "max_depth": 2.0, "min_child_weight": 4521.744128353983, "num_boost_round": 2.0, "subsample": 0.5019490277198133}, "datetime": {"datetime": "2024-01-20 18:07:20", "elapsed": 13401.619904, "delta": 0.005384}}
