{"target": -10.298463781425564, "params": {"colsample_bytree": 0.4089583355210694, "eta": 0.0898083610430009, "gamma": 409.70708033666483, "max_depth": 4.0, "min_child_weight": 4930.554698216425, "num_boost_round": 11.0, "subsample": 0.21892402579265494}, "datetime": {"datetime": "2024-01-20 17:22:29", "elapsed": 14447.14972, "delta": 0.010761}}
{"target": -10.298850964855841, "params": {"colsample_bytree": 0.4089583355210694, "eta": 0.0898083610430009, "gamma": 409.70708033666483, "max_depth": 4.0, "min_child_weight": 4930.554698216425, "num_boost_round": 12.0, "subsample": 0.21892402579265494}, "datetime": {"datetime": "2024-01-20 17:22:29", "elapsed": 14447.160673, "delta": 0.010953}}
{"target": -10.298632726886757, "params": {"colsample_bytree": 0.4089583355210694, "eta": 0.0898083610430009, "gamma": 409.70708033666483, "max_depth": 4.0, "min_child_weight": 4930.554698216425, "num_boost_round": 13.0, "subsample": 0.21892402579265494}, "datetime": {"datetime": "2024-01-20 17:22:29", "elapsed": 14447.171409, "delta": 0.010736}}
{"target": -10.29880134685844, "params": {"colsample_bytree": 0.4089583355210694, "eta": 0.0898083610430009, "gamma": 409.70708033666483, "max_depth": 4.0, "min_child_weight": 4930.554698216425, "num_boost_round": 14.0, "subsample": 0.21892402579265494}, "datetime": {"datetime": "2024-01-20 17:22:29", "elapsed": 14447.18143, "delta": 0.010021}}
{"target": -10.29912911347229, "params": {"colsample_bytree": 0.4089583355210694, "eta": 0.0898083610430009, "gamma": 409.70708033666483, "max_depth": 4.0, "min_child_weight": 4930.554698216425, "num_boost_round": 15.0, "subsample": 0.21892402579265494}, "datetime": {"datetime": "2024-01-20 17:22:29", "elapsed": 14447.192199, "delta": 0.010769}}
{"target": -10.298935866884216, "params": {"colsample_bytree": 0.4089583355210694, "eta": 0.0898083610430009, "gamma": 409.70708033666483, "max_depth": 4.0, "min_child_weight": 4930.554698216425, "num_boost_round": 16.0, "subsample": 0.21892402579265494}, "datetime": {"datetime": "2024-01-20 17:22:29", "elapsed": 14447.202861, "delta": 0.010662}}
{"target": -10.29938229221904, "params": {"colsample_bytree": 0.4089583355210694, "eta": 0.0898083610430009, "gamma": 409.70708033666483, "max_depth": 4.0, "min_child_weight": 4930.554698216425, "num_boost_round": 17.0, "subsample": 0.21892402579265494}, "datetime": {"datetime": "2024-01-20 17:22:29", "elapsed": 14447.213409, "delta": 0.010548}}
{"target": -10.299527741083725, "params": {"colsample_bytree": 0.4089583355210694, "eta": 0.0898083610430009, "gamma": 409.70708033666483, "max_depth": 4.0, "min_child_weight": 4930.554698216425, "num_boost_round": 18.0, "subsample": 0.21892402579265494}, "datetime": {"datetime": "2024-01-20 17:22:29", "elapsed": 14447.224043, "delta": 0.010634}}
{"target": -10.29985327820759, "params": {"colsample_bytree": 0.4089583355210694, "eta": 0.0898083610430009, "gamma": 409.70708033666483, "max_depth": 4.0, "min_child_weight": 4930.554698216425, "num_boost_round": 19.0, "subsample": 0.21892402579265494}, "datetime": {"datetime": "2024-01-20 17:22:29", "elapsed": 14447.23495, "delta": 0.010907}}
{"target": -10.299801701991008, "params": {"colsample_bytree": 0.4089583355210694, "eta": 0.0898083610430009, "gamma": 409.70708033666483, "max_depth": 4.0, "min_child_weight": 4930.554698216425, "num_boost_round": 20.0, "subsample": 0.21892402579265494}, "datetime": {"datetime": "2024-01-20 17:22:29", "elapsed": 14447.245583, "delta": 0.010633}}
{"target": -10.299906870854189, "params": {"colsample_bytree": 0.4089583355210694, "eta": 0.0898083610430009, "gamma": 409.70708033666483, "max_depth": 4.0, "min_child_weight": 4930.554698216425, "num_boost_round": 21.0, "subsample": 0.21892402579265494}, "datetime": {"datetime": "2024-01-20 17:22:29", "elapsed": 14447.256008, "delta": 0.010425}}
{"target": -10.30003902399164, "params": {"colsample_bytree": 0.4089583355210694, "eta": 0.0898083610430009, "gamma": 409.70708033666483, "max_depth": 4.0, "min_child_weight": 4930.554698216425, "num_boost_round": 22.0, "subsample": 0.21892402579265494}, "datetime": {"datetime": "2024-01-20 17:22:29", "elapsed": 14447.266928, "delta": 0.01092}}
{"target": -10.300288418643905, "params": {"colsample_bytree": 0.4089583355210694, "eta": 0.0898083610430009, "gamma": 409.70708033666483, "max_depth": 4.0, "min_child_weight": 4930.554698216425, "num_boost_round": 23.0, "subsample": 0.21892402579265494}, "datetime": {"datetime": "2024-01-20 17:22:29", "elapsed": 14447.277844, "delta": 0.010916}}
{"target": -10.300425408738928, "params": {"colsample_bytree": 0.4089583355210694, "eta": 0.0898083610430009, "gamma": 409.70708033666483, "max_depth": 4.0, "min_child_weight": 4930.554698216425, "num_boost_round": 24.0, "subsample": 0.21892402579265494}, "datetime": {"datetime": "2024-01-20 17:22:29", "elapsed": 14447.288634, "delta": 0.01079}}
{"target": -10.300479001310357, "params": {"colsample_bytree": 0.4089583355210694, "eta": 0.0898083610430009, "gamma": 409.70708033666483, "max_depth": 4.0, "min_child_weight": 4930.554698216425, "num_boost_round": 25.0, "subsample": 0.21892402579265494}, "datetime": {"datetime": "2024-01-20 17:22:29", "elapsed": 14447.299478, "delta": 0.010844}}
{"target": -10.300825713443118, "params": {"colsample_bytree": 0.4089583355210694, "eta": 0.0898083610430009, "gamma": 409.70708033666483, "max_depth": 4.0, "min_child_weight": 4930.554698216425, "num_boost_round": 26.0, "subsample": 0.21892402579265494}, "datetime": {"datetime": "2024-01-20 17:22:29", "elapsed": 14447.308835, "delta": 0.009357}}
{"target": -10.300637589834277, "params": {"colsample_bytree": 0.4089583355210694, "eta": 0.0898083610430009, "gamma": 409.70708033666483, "max_depth": 4.0, "min_child_weight": 4930.554698216425, "num_boost_round": 27.0, "subsample": 0.21892402579265494}, "datetime": {"datetime": "2024-01-20 17:22:29", "elapsed": 14447.319175, "delta": 0.01034}}
{"target": -10.300559904822691, "params": {"colsample_bytree": 0.4089583355210694, "eta": 0.0898083610430009, "gamma": 409.70708033666483, "max_depth": 4.0, "min_child_weight": 4930.554698216425, "num_boost_round": 28.0, "subsample": 0.21892402579265494}, "datetime": {"datetime": "2024-01-20 17:22:29", "elapsed": 14447.329672, "delta": 0.010497}}
{"target": -10.300986927480524, "params": {"colsample_bytree": 0.4089583355210694, "eta": 0.0898083610430009, "gamma": 409.70708033666483, "max_depth": 4.0, "min_child_weight": 4930.554698216425, "num_boost_round": 29.0, "subsample": 0.21892402579265494}, "datetime": {"datetime": "2024-01-20 17:22:29", "elapsed": 14447.341351, "delta": 0.011679}}
{"target": -10.301157618222529, "params": {"colsample_bytree": 0.4089583355210694, "eta": 0.0898083610430009, "gamma": 409.70708033666483, "max_depth": 4.0, "min_child_weight": 4930.554698216425, "num_boost_round": 30.0, "subsample": 0.21892402579265494}, "datetime": {"datetime": "2024-01-20 17:22:29", "elapsed": 14447.3536, "delta": 0.012249}}
{"target": -10.30137932915073, "params": {"colsample_bytree": 0.4089583355210694, "eta": 0.0898083610430009, "gamma": 409.70708033666483, "max_depth": 4.0, "min_child_weight": 4930.554698216425, "num_boost_round": 31.0, "subsample": 0.21892402579265494}, "datetime": {"datetime": "2024-01-20 17:22:29", "elapsed": 14447.364257, "delta": 0.010657}}
{"target": -10.301574568167618, "params": {"colsample_bytree": 0.4089583355210694, "eta": 0.0898083610430009, "gamma": 409.70708033666483, "max_depth": 4.0, "min_child_weight": 4930.554698216425, "num_boost_round": 32.0, "subsample": 0.21892402579265494}, "datetime": {"datetime": "2024-01-20 17:22:29", "elapsed": 14447.374155, "delta": 0.009898}}
{"target": -10.301499615315482, "params": {"colsample_bytree": 0.4089583355210694, "eta": 0.0898083610430009, "gamma": 409.70708033666483, "max_depth": 4.0, "min_child_weight": 4930.554698216425, "num_boost_round": 33.0, "subsample": 0.21892402579265494}, "datetime": {"datetime": "2024-01-20 17:22:29", "elapsed": 14447.384933, "delta": 0.010778}}
{"target": -10.301448794285829, "params": {"colsample_bytree": 0.4089583355210694, "eta": 0.0898083610430009, "gamma": 409.70708033666483, "max_depth": 4.0, "min_child_weight": 4930.554698216425, "num_boost_round": 34.0, "subsample": 0.21892402579265494}, "datetime": {"datetime": "2024-01-20 17:22:29", "elapsed": 14447.39571, "delta": 0.010777}}
{"target": -10.301333869180358, "params": {"colsample_bytree": 0.4089583355210694, "eta": 0.0898083610430009, "gamma": 409.70708033666483, "max_depth": 4.0, "min_child_weight": 4930.554698216425, "num_boost_round": 35.0, "subsample": 0.21892402579265494}, "datetime": {"datetime": "2024-01-20 17:22:29", "elapsed": 14447.406294, "delta": 0.010584}}
{"target": -10.301411597196783, "params": {"colsample_bytree": 0.4089583355210694, "eta": 0.0898083610430009, "gamma": 409.70708033666483, "max_depth": 4.0, "min_child_weight": 4930.554698216425, "num_boost_round": 36.0, "subsample": 0.21892402579265494}, "datetime": {"datetime": "2024-01-20 17:22:29", "elapsed": 14447.417038, "delta": 0.010744}}
{"target": -10.3014733678766, "params": {"colsample_bytree": 0.4089583355210694, "eta": 0.0898083610430009, "gamma": 409.70708033666483, "max_depth": 4.0, "min_child_weight": 4930.554698216425, "num_boost_round": 37.0, "subsample": 0.21892402579265494}, "datetime": {"datetime": "2024-01-20 17:22:29", "elapsed": 14447.427583, "delta": 0.010545}}
{"target": -10.301361913448392, "params": {"colsample_bytree": 0.4089583355210694, "eta": 0.0898083610430009, "gamma": 409.70708033666483, "max_depth": 4.0, "min_child_weight": 4930.554698216425, "num_boost_round": 38.0, "subsample": 0.21892402579265494}, "datetime": {"datetime": "2024-01-20 17:22:29", "elapsed": 14447.437178, "delta": 0.009595}}
{"target": -10.301423214360694, "params": {"colsample_bytree": 0.4089583355210694, "eta": 0.0898083610430009, "gamma": 409.70708033666483, "max_depth": 4.0, "min_child_weight": 4930.554698216425, "num_boost_round": 39.0, "subsample": 0.21892402579265494}, "datetime": {"datetime": "2024-01-20 17:22:29", "elapsed": 14447.447269, "delta": 0.010091}}
{"target": -10.301524247252425, "params": {"colsample_bytree": 0.4089583355210694, "eta": 0.0898083610430009, "gamma": 409.70708033666483, "max_depth": 4.0, "min_child_weight": 4930.554698216425, "num_boost_round": 40.0, "subsample": 0.21892402579265494}, "datetime": {"datetime": "2024-01-20 17:22:29", "elapsed": 14447.457597, "delta": 0.010328}}
{"target": -10.30143482407603, "params": {"colsample_bytree": 0.4089583355210694, "eta": 0.0898083610430009, "gamma": 409.70708033666483, "max_depth": 4.0, "min_child_weight": 4930.554698216425, "num_boost_round": 41.0, "subsample": 0.21892402579265494}, "datetime": {"datetime": "2024-01-20 17:22:29", "elapsed": 14447.47101, "delta": 0.013413}}
{"target": -10.301468442184822, "params": {"colsample_bytree": 0.4089583355210694, "eta": 0.0898083610430009, "gamma": 409.70708033666483, "max_depth": 4.0, "min_child_weight": 4930.554698216425, "num_boost_round": 42.0, "subsample": 0.21892402579265494}, "datetime": {"datetime": "2024-01-20 17:22:29", "elapsed": 14447.483677, "delta": 0.012667}}
{"target": -10.298054078842615, "params": {"colsample_bytree": 0.2919945051903988, "eta": 0.05772221411868066, "gamma": 580.5686721162709, "max_depth": 4.0, "min_child_weight": 4817.826032323077, "num_boost_round": 1.0, "subsample": 0.7613223681188603}, "datetime": {"datetime": "2024-01-20 17:24:33", "elapsed": 14571.582646, "delta": 124.098969}}
{"target": -10.298134135463172, "params": {"colsample_bytree": 0.2919945051903988, "eta": 0.05772221411868066, "gamma": 580.5686721162709, "max_depth": 4.0, "min_child_weight": 4817.826032323077, "num_boost_round": 2.0, "subsample": 0.7613223681188603}, "datetime": {"datetime": "2024-01-20 17:24:33", "elapsed": 14571.59442, "delta": 0.011774}}
{"target": -10.298431949932034, "params": {"colsample_bytree": 0.2919945051903988, "eta": 0.05772221411868066, "gamma": 580.5686721162709, "max_depth": 4.0, "min_child_weight": 4817.826032323077, "num_boost_round": 3.0, "subsample": 0.7613223681188603}, "datetime": {"datetime": "2024-01-20 17:24:33", "elapsed": 14571.604013, "delta": 0.009593}}
{"target": -10.298532631227442, "params": {"colsample_bytree": 0.2919945051903988, "eta": 0.05772221411868066, "gamma": 580.5686721162709, "max_depth": 4.0, "min_child_weight": 4817.826032323077, "num_boost_round": 4.0, "subsample": 0.7613223681188603}, "datetime": {"datetime": "2024-01-20 17:24:33", "elapsed": 14571.613051, "delta": 0.009038}}
{"target": -10.299009377500482, "params": {"colsample_bytree": 0.2919945051903988, "eta": 0.05772221411868066, "gamma": 580.5686721162709, "max_depth": 4.0, "min_child_weight": 4817.826032323077, "num_boost_round": 5.0, "subsample": 0.7613223681188603}, "datetime": {"datetime": "2024-01-20 17:24:33", "elapsed": 14571.622018, "delta": 0.008967}}
{"target": -10.299261345276232, "params": {"colsample_bytree": 0.2919945051903988, "eta": 0.05772221411868066, "gamma": 580.5686721162709, "max_depth": 4.0, "min_child_weight": 4817.826032323077, "num_boost_round": 6.0, "subsample": 0.7613223681188603}, "datetime": {"datetime": "2024-01-20 17:24:33", "elapsed": 14571.630446, "delta": 0.008428}}
{"target": -10.299541611570021, "params": {"colsample_bytree": 0.2919945051903988, "eta": 0.05772221411868066, "gamma": 580.5686721162709, "max_depth": 4.0, "min_child_weight": 4817.826032323077, "num_boost_round": 7.0, "subsample": 0.7613223681188603}, "datetime": {"datetime": "2024-01-20 17:24:33", "elapsed": 14571.63823, "delta": 0.007784}}
{"target": -10.29973324212082, "params": {"colsample_bytree": 0.2919945051903988, "eta": 0.05772221411868066, "gamma": 580.5686721162709, "max_depth": 4.0, "min_child_weight": 4817.826032323077, "num_boost_round": 8.0, "subsample": 0.7613223681188603}, "datetime": {"datetime": "2024-01-20 17:24:33", "elapsed": 14571.646002, "delta": 0.007772}}
{"target": -10.299870380228011, "params": {"colsample_bytree": 0.2919945051903988, "eta": 0.05772221411868066, "gamma": 580.5686721162709, "max_depth": 4.0, "min_child_weight": 4817.826032323077, "num_boost_round": 9.0, "subsample": 0.7613223681188603}, "datetime": {"datetime": "2024-01-20 17:24:33", "elapsed": 14571.653411, "delta": 0.007409}}
{"target": -10.300263152148613, "params": {"colsample_bytree": 0.2919945051903988, "eta": 0.05772221411868066, "gamma": 580.5686721162709, "max_depth": 4.0, "min_child_weight": 4817.826032323077, "num_boost_round": 10.0, "subsample": 0.7613223681188603}, "datetime": {"datetime": "2024-01-20 17:24:33", "elapsed": 14571.661302, "delta": 0.007891}}
{"target": -10.30012917162961, "params": {"colsample_bytree": 0.2919945051903988, "eta": 0.05772221411868066, "gamma": 580.5686721162709, "max_depth": 4.0, "min_child_weight": 4817.826032323077, "num_boost_round": 11.0, "subsample": 0.7613223681188603}, "datetime": {"datetime": "2024-01-20 17:24:33", "elapsed": 14571.669154, "delta": 0.007852}}
{"target": -10.300223184922627, "params": {"colsample_bytree": 0.2919945051903988, "eta": 0.05772221411868066, "gamma": 580.5686721162709, "max_depth": 4.0, "min_child_weight": 4817.826032323077, "num_boost_round": 12.0, "subsample": 0.7613223681188603}, "datetime": {"datetime": "2024-01-20 17:24:33", "elapsed": 14571.676528, "delta": 0.007374}}
{"target": -10.30028447651605, "params": {"colsample_bytree": 0.2919945051903988, "eta": 0.05772221411868066, "gamma": 580.5686721162709, "max_depth": 4.0, "min_child_weight": 4817.826032323077, "num_boost_round": 13.0, "subsample": 0.7613223681188603}, "datetime": {"datetime": "2024-01-20 17:24:33", "elapsed": 14571.683487, "delta": 0.006959}}
{"target": -10.300577718662815, "params": {"colsample_bytree": 0.2919945051903988, "eta": 0.05772221411868066, "gamma": 580.5686721162709, "max_depth": 4.0, "min_child_weight": 4817.826032323077, "num_boost_round": 14.0, "subsample": 0.7613223681188603}, "datetime": {"datetime": "2024-01-20 17:24:33", "elapsed": 14571.691436, "delta": 0.007949}}
{"target": -10.300982520144382, "params": {"colsample_bytree": 0.2919945051903988, "eta": 0.05772221411868066, "gamma": 580.5686721162709, "max_depth": 4.0, "min_child_weight": 4817.826032323077, "num_boost_round": 15.0, "subsample": 0.7613223681188603}, "datetime": {"datetime": "2024-01-20 17:24:33", "elapsed": 14571.700702, "delta": 0.009266}}
{"target": -10.300995627361884, "params": {"colsample_bytree": 0.2919945051903988, "eta": 0.05772221411868066, "gamma": 580.5686721162709, "max_depth": 4.0, "min_child_weight": 4817.826032323077, "num_boost_round": 16.0, "subsample": 0.7613223681188603}, "datetime": {"datetime": "2024-01-20 17:24:33", "elapsed": 14571.709728, "delta": 0.009026}}
{"target": -10.301493095491658, "params": {"colsample_bytree": 0.2919945051903988, "eta": 0.05772221411868066, "gamma": 580.5686721162709, "max_depth": 4.0, "min_child_weight": 4817.826032323077, "num_boost_round": 17.0, "subsample": 0.7613223681188603}, "datetime": {"datetime": "2024-01-20 17:24:33", "elapsed": 14571.719113, "delta": 0.009385}}
{"target": -10.30159373673394, "params": {"colsample_bytree": 0.2919945051903988, "eta": 0.05772221411868066, "gamma": 580.5686721162709, "max_depth": 4.0, "min_child_weight": 4817.826032323077, "num_boost_round": 18.0, "subsample": 0.7613223681188603}, "datetime": {"datetime": "2024-01-20 17:24:33", "elapsed": 14571.731323, "delta": 0.01221}}
{"target": -10.302025809263418, "params": {"colsample_bytree": 0.2919945051903988, "eta": 0.05772221411868066, "gamma": 580.5686721162709, "max_depth": 4.0, "min_child_weight": 4817.826032323077, "num_boost_round": 19.0, "subsample": 0.7613223681188603}, "datetime": {"datetime": "2024-01-20 17:24:33", "elapsed": 14571.740712, "delta": 0.009389}}
{"target": -10.30211723872897, "params": {"colsample_bytree": 0.2919945051903988, "eta": 0.05772221411868066, "gamma": 580.5686721162709, "max_depth": 4.0, "min_child_weight": 4817.826032323077, "num_boost_round": 20.0, "subsample": 0.7613223681188603}, "datetime": {"datetime": "2024-01-20 17:24:33", "elapsed": 14571.749304, "delta": 0.008592}}
{"target": -10.302378081052172, "params": {"colsample_bytree": 0.2919945051903988, "eta": 0.05772221411868066, "gamma": 580.5686721162709, "max_depth": 4.0, "min_child_weight": 4817.826032323077, "num_boost_round": 21.0, "subsample": 0.7613223681188603}, "datetime": {"datetime": "2024-01-20 17:24:33", "elapsed": 14571.757333, "delta": 0.008029}}
{"target": -10.302432361148638, "params": {"colsample_bytree": 0.2919945051903988, "eta": 0.05772221411868066, "gamma": 580.5686721162709, "max_depth": 4.0, "min_child_weight": 4817.826032323077, "num_boost_round": 22.0, "subsample": 0.7613223681188603}, "datetime": {"datetime": "2024-01-20 17:24:33", "elapsed": 14571.7659, "delta": 0.008567}}
{"target": -10.302648101174999, "params": {"colsample_bytree": 0.2919945051903988, "eta": 0.05772221411868066, "gamma": 580.5686721162709, "max_depth": 4.0, "min_child_weight": 4817.826032323077, "num_boost_round": 23.0, "subsample": 0.7613223681188603}, "datetime": {"datetime": "2024-01-20 17:24:33", "elapsed": 14571.774929, "delta": 0.009029}}
{"target": -10.302797814544395, "params": {"colsample_bytree": 0.2919945051903988, "eta": 0.05772221411868066, "gamma": 580.5686721162709, "max_depth": 4.0, "min_child_weight": 4817.826032323077, "num_boost_round": 24.0, "subsample": 0.7613223681188603}, "datetime": {"datetime": "2024-01-20 17:24:34", "elapsed": 14571.784048, "delta": 0.009119}}
{"target": -10.302985856545897, "params": {"colsample_bytree": 0.2919945051903988, "eta": 0.05772221411868066, "gamma": 580.5686721162709, "max_depth": 4.0, "min_child_weight": 4817.826032323077, "num_boost_round": 25.0, "subsample": 0.7613223681188603}, "datetime": {"datetime": "2024-01-20 17:24:34", "elapsed": 14571.794323, "delta": 0.010275}}
{"target": -10.303325414935339, "params": {"colsample_bytree": 0.2919945051903988, "eta": 0.05772221411868066, "gamma": 580.5686721162709, "max_depth": 4.0, "min_child_weight": 4817.826032323077, "num_boost_round": 26.0, "subsample": 0.7613223681188603}, "datetime": {"datetime": "2024-01-20 17:24:34", "elapsed": 14571.803148, "delta": 0.008825}}
{"target": -10.30345438135252, "params": {"colsample_bytree": 0.2919945051903988, "eta": 0.05772221411868066, "gamma": 580.5686721162709, "max_depth": 4.0, "min_child_weight": 4817.826032323077, "num_boost_round": 27.0, "subsample": 0.7613223681188603}, "datetime": {"datetime": "2024-01-20 17:24:34", "elapsed": 14571.811769, "delta": 0.008621}}
{"target": -10.30358271479447, "params": {"colsample_bytree": 0.2919945051903988, "eta": 0.05772221411868066, "gamma": 580.5686721162709, "max_depth": 4.0, "min_child_weight": 4817.826032323077, "num_boost_round": 28.0, "subsample": 0.7613223681188603}, "datetime": {"datetime": "2024-01-20 17:24:34", "elapsed": 14571.82018, "delta": 0.008411}}
{"target": -10.303773960846947, "params": {"colsample_bytree": 0.2919945051903988, "eta": 0.05772221411868066, "gamma": 580.5686721162709, "max_depth": 4.0, "min_child_weight": 4817.826032323077, "num_boost_round": 29.0, "subsample": 0.7613223681188603}, "datetime": {"datetime": "2024-01-20 17:24:34", "elapsed": 14571.829134, "delta": 0.008954}}
{"target": -10.303950106086731, "params": {"colsample_bytree": 0.2919945051903988, "eta": 0.05772221411868066, "gamma": 580.5686721162709, "max_depth": 4.0, "min_child_weight": 4817.826032323077, "num_boost_round": 30.0, "subsample": 0.7613223681188603}, "datetime": {"datetime": "2024-01-20 17:24:34", "elapsed": 14571.83842, "delta": 0.009286}}
{"target": -10.304043982354022, "params": {"colsample_bytree": 0.2919945051903988, "eta": 0.05772221411868066, "gamma": 580.5686721162709, "max_depth": 4.0, "min_child_weight": 4817.826032323077, "num_boost_round": 31.0, "subsample": 0.7613223681188603}, "datetime": {"datetime": "2024-01-20 17:24:34", "elapsed": 14571.847813, "delta": 0.009393}}
