{"target": -10.476344678302521, "params": {"colsample_bytree": 0.3025061804737392, "eta": 0.015975386099544422, "gamma": 884.8065557173718, "max_depth": 3.0, "min_child_weight": 4641.749424021621, "num_boost_round": 57.0, "subsample": 0.2644922611063658}, "datetime": {"datetime": "2024-01-20 14:03:50", "elapsed": 2322.077563, "delta": 0.002638}}
{"target": -10.476412614331462, "params": {"colsample_bytree": 0.3025061804737392, "eta": 0.015975386099544422, "gamma": 884.8065557173718, "max_depth": 3.0, "min_child_weight": 4641.749424021621, "num_boost_round": 58.0, "subsample": 0.2644922611063658}, "datetime": {"datetime": "2024-01-20 14:03:50", "elapsed": 2322.080192, "delta": 0.002629}}
{"target": -10.476381250351373, "params": {"colsample_bytree": 0.3025061804737392, "eta": 0.015975386099544422, "gamma": 884.8065557173718, "max_depth": 3.0, "min_child_weight": 4641.749424021621, "num_boost_round": 59.0, "subsample": 0.2644922611063658}, "datetime": {"datetime": "2024-01-20 14:03:50", "elapsed": 2322.082852, "delta": 0.00266}}
{"target": -10.47634486379226, "params": {"colsample_bytree": 0.3025061804737392, "eta": 0.015975386099544422, "gamma": 884.8065557173718, "max_depth": 3.0, "min_child_weight": 4641.749424021621, "num_boost_round": 60.0, "subsample": 0.2644922611063658}, "datetime": {"datetime": "2024-01-20 14:03:50", "elapsed": 2322.08551, "delta": 0.002658}}
{"target": -10.476364213923794, "params": {"colsample_bytree": 0.3025061804737392, "eta": 0.015975386099544422, "gamma": 884.8065557173718, "max_depth": 3.0, "min_child_weight": 4641.749424021621, "num_boost_round": 61.0, "subsample": 0.2644922611063658}, "datetime": {"datetime": "2024-01-20 14:03:50", "elapsed": 2322.088174, "delta": 0.002664}}
{"target": -10.476318625245867, "params": {"colsample_bytree": 0.3025061804737392, "eta": 0.015975386099544422, "gamma": 884.8065557173718, "max_depth": 3.0, "min_child_weight": 4641.749424021621, "num_boost_round": 62.0, "subsample": 0.2644922611063658}, "datetime": {"datetime": "2024-01-20 14:03:50", "elapsed": 2322.090831, "delta": 0.002657}}
{"target": -10.476388007532716, "params": {"colsample_bytree": 0.3025061804737392, "eta": 0.015975386099544422, "gamma": 884.8065557173718, "max_depth": 3.0, "min_child_weight": 4641.749424021621, "num_boost_round": 63.0, "subsample": 0.2644922611063658}, "datetime": {"datetime": "2024-01-20 14:03:50", "elapsed": 2322.093565, "delta": 0.002734}}
{"target": -10.476455054979027, "params": {"colsample_bytree": 0.3025061804737392, "eta": 0.015975386099544422, "gamma": 884.8065557173718, "max_depth": 3.0, "min_child_weight": 4641.749424021621, "num_boost_round": 64.0, "subsample": 0.2644922611063658}, "datetime": {"datetime": "2024-01-20 14:03:50", "elapsed": 2322.097209, "delta": 0.003644}}
{"target": -10.476470937237117, "params": {"colsample_bytree": 0.3025061804737392, "eta": 0.015975386099544422, "gamma": 884.8065557173718, "max_depth": 3.0, "min_child_weight": 4641.749424021621, "num_boost_round": 65.0, "subsample": 0.2644922611063658}, "datetime": {"datetime": "2024-01-20 14:03:50", "elapsed": 2322.10038, "delta": 0.003171}}
{"target": -10.476453683948527, "params": {"colsample_bytree": 0.3025061804737392, "eta": 0.015975386099544422, "gamma": 884.8065557173718, "max_depth": 3.0, "min_child_weight": 4641.749424021621, "num_boost_round": 66.0, "subsample": 0.2644922611063658}, "datetime": {"datetime": "2024-01-20 14:03:50", "elapsed": 2322.103234, "delta": 0.002854}}
{"target": -10.476520131670803, "params": {"colsample_bytree": 0.3025061804737392, "eta": 0.015975386099544422, "gamma": 884.8065557173718, "max_depth": 3.0, "min_child_weight": 4641.749424021621, "num_boost_round": 67.0, "subsample": 0.2644922611063658}, "datetime": {"datetime": "2024-01-20 14:03:50", "elapsed": 2322.105937, "delta": 0.002703}}
{"target": -10.475824683753068, "params": {"colsample_bytree": 0.515754445430976, "eta": 0.07334506123771017, "gamma": 338.4831886224261, "max_depth": 3.0, "min_child_weight": 4364.509645510219, "num_boost_round": 1.0, "subsample": 0.9611806880856517}, "datetime": {"datetime": "2024-01-20 14:04:25", "elapsed": 2357.342736, "delta": 35.236799}}
{"target": -10.475535778241454, "params": {"colsample_bytree": 0.515754445430976, "eta": 0.07334506123771017, "gamma": 338.4831886224261, "max_depth": 3.0, "min_child_weight": 4364.509645510219, "num_boost_round": 2.0, "subsample": 0.9611806880856517}, "datetime": {"datetime": "2024-01-20 14:04:25", "elapsed": 2357.346197, "delta": 0.003461}}
{"target": -10.475784592771788, "params": {"colsample_bytree": 0.515754445430976, "eta": 0.07334506123771017, "gamma": 338.4831886224261, "max_depth": 3.0, "min_child_weight": 4364.509645510219, "num_boost_round": 3.0, "subsample": 0.9611806880856517}, "datetime": {"datetime": "2024-01-20 14:04:25", "elapsed": 2357.348959, "delta": 0.002762}}
{"target": -10.475591332996817, "params": {"colsample_bytree": 0.515754445430976, "eta": 0.07334506123771017, "gamma": 338.4831886224261, "max_depth": 3.0, "min_child_weight": 4364.509645510219, "num_boost_round": 4.0, "subsample": 0.9611806880856517}, "datetime": {"datetime": "2024-01-20 14:04:25", "elapsed": 2357.351776, "delta": 0.002817}}
{"target": -10.47538145597538, "params": {"colsample_bytree": 0.515754445430976, "eta": 0.07334506123771017, "gamma": 338.4831886224261, "max_depth": 3.0, "min_child_weight": 4364.509645510219, "num_boost_round": 5.0, "subsample": 0.9611806880856517}, "datetime": {"datetime": "2024-01-20 14:04:25", "elapsed": 2357.354484, "delta": 0.002708}}
{"target": -10.475798565401345, "params": {"colsample_bytree": 0.14252175764857547, "eta": 0.05656943340436048, "gamma": 862.766863577263, "max_depth": 6.0, "min_child_weight": 2081.3147171374476, "num_boost_round": 1.0, "subsample": 0.49444366349653546}, "datetime": {"datetime": "2024-01-20 14:06:59", "elapsed": 2511.876818, "delta": 154.522334}}
{"target": -10.475629452880352, "params": {"colsample_bytree": 0.14252175764857547, "eta": 0.05656943340436048, "gamma": 862.766863577263, "max_depth": 6.0, "min_child_weight": 2081.3147171374476, "num_boost_round": 2.0, "subsample": 0.49444366349653546}, "datetime": {"datetime": "2024-01-20 14:06:59", "elapsed": 2511.882859, "delta": 0.006041}}
{"target": -10.47588357785317, "params": {"colsample_bytree": 0.14252175764857547, "eta": 0.05656943340436048, "gamma": 862.766863577263, "max_depth": 6.0, "min_child_weight": 2081.3147171374476, "num_boost_round": 3.0, "subsample": 0.49444366349653546}, "datetime": {"datetime": "2024-01-20 14:06:59", "elapsed": 2511.885914, "delta": 0.003055}}
{"target": -10.476301270031579, "params": {"colsample_bytree": 0.14252175764857547, "eta": 0.05656943340436048, "gamma": 862.766863577263, "max_depth": 6.0, "min_child_weight": 2081.3147171374476, "num_boost_round": 4.0, "subsample": 0.49444366349653546}, "datetime": {"datetime": "2024-01-20 14:06:59", "elapsed": 2511.888794, "delta": 0.00288}}
{"target": -10.476446731732747, "params": {"colsample_bytree": 0.14252175764857547, "eta": 0.05656943340436048, "gamma": 862.766863577263, "max_depth": 6.0, "min_child_weight": 2081.3147171374476, "num_boost_round": 5.0, "subsample": 0.49444366349653546}, "datetime": {"datetime": "2024-01-20 14:06:59", "elapsed": 2511.891766, "delta": 0.002972}}
{"target": -10.476756267398784, "params": {"colsample_bytree": 0.14252175764857547, "eta": 0.05656943340436048, "gamma": 862.766863577263, "max_depth": 6.0, "min_child_weight": 2081.3147171374476, "num_boost_round": 6.0, "subsample": 0.49444366349653546}, "datetime": {"datetime": "2024-01-20 14:06:59", "elapsed": 2511.894685, "delta": 0.002919}}
{"target": -10.477531276070495, "params": {"colsample_bytree": 0.14252175764857547, "eta": 0.05656943340436048, "gamma": 862.766863577263, "max_depth": 6.0, "min_child_weight": 2081.3147171374476, "num_boost_round": 7.0, "subsample": 0.49444366349653546}, "datetime": {"datetime": "2024-01-20 14:06:59", "elapsed": 2511.897653, "delta": 0.002968}}
{"target": -10.477492539155197, "params": {"colsample_bytree": 0.14252175764857547, "eta": 0.05656943340436048, "gamma": 862.766863577263, "max_depth": 6.0, "min_child_weight": 2081.3147171374476, "num_boost_round": 8.0, "subsample": 0.49444366349653546}, "datetime": {"datetime": "2024-01-20 14:06:59", "elapsed": 2511.900496, "delta": 0.002843}}
{"target": -10.477231551289657, "params": {"colsample_bytree": 0.14252175764857547, "eta": 0.05656943340436048, "gamma": 862.766863577263, "max_depth": 6.0, "min_child_weight": 2081.3147171374476, "num_boost_round": 9.0, "subsample": 0.49444366349653546}, "datetime": {"datetime": "2024-01-20 14:06:59", "elapsed": 2511.90335, "delta": 0.002854}}
{"target": -10.477928919978378, "params": {"colsample_bytree": 0.14252175764857547, "eta": 0.05656943340436048, "gamma": 862.766863577263, "max_depth": 6.0, "min_child_weight": 2081.3147171374476, "num_boost_round": 10.0, "subsample": 0.49444366349653546}, "datetime": {"datetime": "2024-01-20 14:06:59", "elapsed": 2511.906187, "delta": 0.002837}}
{"target": -10.478496262621697, "params": {"colsample_bytree": 0.14252175764857547, "eta": 0.05656943340436048, "gamma": 862.766863577263, "max_depth": 6.0, "min_child_weight": 2081.3147171374476, "num_boost_round": 11.0, "subsample": 0.49444366349653546}, "datetime": {"datetime": "2024-01-20 14:06:59", "elapsed": 2511.909115, "delta": 0.002928}}
{"target": -10.478597926567591, "params": {"colsample_bytree": 0.14252175764857547, "eta": 0.05656943340436048, "gamma": 862.766863577263, "max_depth": 6.0, "min_child_weight": 2081.3147171374476, "num_boost_round": 12.0, "subsample": 0.49444366349653546}, "datetime": {"datetime": "2024-01-20 14:06:59", "elapsed": 2511.912052, "delta": 0.002937}}
{"target": -10.478831554729485, "params": {"colsample_bytree": 0.14252175764857547, "eta": 0.05656943340436048, "gamma": 862.766863577263, "max_depth": 6.0, "min_child_weight": 2081.3147171374476, "num_boost_round": 13.0, "subsample": 0.49444366349653546}, "datetime": {"datetime": "2024-01-20 14:06:59", "elapsed": 2511.914897, "delta": 0.002845}}
{"target": -10.478778165712683, "params": {"colsample_bytree": 0.14252175764857547, "eta": 0.05656943340436048, "gamma": 862.766863577263, "max_depth": 6.0, "min_child_weight": 2081.3147171374476, "num_boost_round": 14.0, "subsample": 0.49444366349653546}, "datetime": {"datetime": "2024-01-20 14:06:59", "elapsed": 2511.917846, "delta": 0.002949}}
{"target": -10.47917616524609, "params": {"colsample_bytree": 0.14252175764857547, "eta": 0.05656943340436048, "gamma": 862.766863577263, "max_depth": 6.0, "min_child_weight": 2081.3147171374476, "num_boost_round": 15.0, "subsample": 0.49444366349653546}, "datetime": {"datetime": "2024-01-20 14:06:59", "elapsed": 2511.920685, "delta": 0.002839}}
{"target": -10.479705536342763, "params": {"colsample_bytree": 0.14252175764857547, "eta": 0.05656943340436048, "gamma": 862.766863577263, "max_depth": 6.0, "min_child_weight": 2081.3147171374476, "num_boost_round": 16.0, "subsample": 0.49444366349653546}, "datetime": {"datetime": "2024-01-20 14:06:59", "elapsed": 2511.923476, "delta": 0.002791}}
{"target": -10.480296708062667, "params": {"colsample_bytree": 0.14252175764857547, "eta": 0.05656943340436048, "gamma": 862.766863577263, "max_depth": 6.0, "min_child_weight": 2081.3147171374476, "num_boost_round": 17.0, "subsample": 0.49444366349653546}, "datetime": {"datetime": "2024-01-20 14:06:59", "elapsed": 2511.926314, "delta": 0.002838}}
{"target": -10.480502406995532, "params": {"colsample_bytree": 0.14252175764857547, "eta": 0.05656943340436048, "gamma": 862.766863577263, "max_depth": 6.0, "min_child_weight": 2081.3147171374476, "num_boost_round": 18.0, "subsample": 0.49444366349653546}, "datetime": {"datetime": "2024-01-20 14:06:59", "elapsed": 2511.92927, "delta": 0.002956}}
{"target": -10.480692606404862, "params": {"colsample_bytree": 0.14252175764857547, "eta": 0.05656943340436048, "gamma": 862.766863577263, "max_depth": 6.0, "min_child_weight": 2081.3147171374476, "num_boost_round": 19.0, "subsample": 0.49444366349653546}, "datetime": {"datetime": "2024-01-20 14:06:59", "elapsed": 2511.932145, "delta": 0.002875}}
{"target": -10.480578470917166, "params": {"colsample_bytree": 0.14252175764857547, "eta": 0.05656943340436048, "gamma": 862.766863577263, "max_depth": 6.0, "min_child_weight": 2081.3147171374476, "num_boost_round": 20.0, "subsample": 0.49444366349653546}, "datetime": {"datetime": "2024-01-20 14:06:59", "elapsed": 2511.934992, "delta": 0.002847}}
{"target": -10.481020207906377, "params": {"colsample_bytree": 0.14252175764857547, "eta": 0.05656943340436048, "gamma": 862.766863577263, "max_depth": 6.0, "min_child_weight": 2081.3147171374476, "num_boost_round": 21.0, "subsample": 0.49444366349653546}, "datetime": {"datetime": "2024-01-20 14:06:59", "elapsed": 2511.937957, "delta": 0.002965}}
{"target": -10.481128883855598, "params": {"colsample_bytree": 0.14252175764857547, "eta": 0.05656943340436048, "gamma": 862.766863577263, "max_depth": 6.0, "min_child_weight": 2081.3147171374476, "num_boost_round": 22.0, "subsample": 0.49444366349653546}, "datetime": {"datetime": "2024-01-20 14:06:59", "elapsed": 2511.940824, "delta": 0.002867}}
{"target": -10.481351496545344, "params": {"colsample_bytree": 0.14252175764857547, "eta": 0.05656943340436048, "gamma": 862.766863577263, "max_depth": 6.0, "min_child_weight": 2081.3147171374476, "num_boost_round": 23.0, "subsample": 0.49444366349653546}, "datetime": {"datetime": "2024-01-20 14:06:59", "elapsed": 2511.943674, "delta": 0.00285}}
{"target": -10.481255040700958, "params": {"colsample_bytree": 0.14252175764857547, "eta": 0.05656943340436048, "gamma": 862.766863577263, "max_depth": 6.0, "min_child_weight": 2081.3147171374476, "num_boost_round": 24.0, "subsample": 0.49444366349653546}, "datetime": {"datetime": "2024-01-20 14:06:59", "elapsed": 2511.94654, "delta": 0.002866}}
{"target": -10.481491393691567, "params": {"colsample_bytree": 0.14252175764857547, "eta": 0.05656943340436048, "gamma": 862.766863577263, "max_depth": 6.0, "min_child_weight": 2081.3147171374476, "num_boost_round": 25.0, "subsample": 0.49444366349653546}, "datetime": {"datetime": "2024-01-20 14:06:59", "elapsed": 2511.949879, "delta": 0.003339}}
{"target": -10.481837395274827, "params": {"colsample_bytree": 0.14252175764857547, "eta": 0.05656943340436048, "gamma": 862.766863577263, "max_depth": 6.0, "min_child_weight": 2081.3147171374476, "num_boost_round": 26.0, "subsample": 0.49444366349653546}, "datetime": {"datetime": "2024-01-20 14:06:59", "elapsed": 2511.952744, "delta": 0.002865}}
{"target": -10.482414103692147, "params": {"colsample_bytree": 0.14252175764857547, "eta": 0.05656943340436048, "gamma": 862.766863577263, "max_depth": 6.0, "min_child_weight": 2081.3147171374476, "num_boost_round": 27.0, "subsample": 0.49444366349653546}, "datetime": {"datetime": "2024-01-20 14:06:59", "elapsed": 2511.955599, "delta": 0.002855}}
{"target": -10.482551455515232, "params": {"colsample_bytree": 0.14252175764857547, "eta": 0.05656943340436048, "gamma": 862.766863577263, "max_depth": 6.0, "min_child_weight": 2081.3147171374476, "num_boost_round": 28.0, "subsample": 0.49444366349653546}, "datetime": {"datetime": "2024-01-20 14:06:59", "elapsed": 2511.958787, "delta": 0.003188}}
{"target": -10.482665965855036, "params": {"colsample_bytree": 0.14252175764857547, "eta": 0.05656943340436048, "gamma": 862.766863577263, "max_depth": 6.0, "min_child_weight": 2081.3147171374476, "num_boost_round": 29.0, "subsample": 0.49444366349653546}, "datetime": {"datetime": "2024-01-20 14:06:59", "elapsed": 2511.961736, "delta": 0.002949}}
{"target": -10.482914988127554, "params": {"colsample_bytree": 0.14252175764857547, "eta": 0.05656943340436048, "gamma": 862.766863577263, "max_depth": 6.0, "min_child_weight": 2081.3147171374476, "num_boost_round": 30.0, "subsample": 0.49444366349653546}, "datetime": {"datetime": "2024-01-20 14:06:59", "elapsed": 2511.964758, "delta": 0.003022}}
{"target": -10.482834523701621, "params": {"colsample_bytree": 0.14252175764857547, "eta": 0.05656943340436048, "gamma": 862.766863577263, "max_depth": 6.0, "min_child_weight": 2081.3147171374476, "num_boost_round": 31.0, "subsample": 0.49444366349653546}, "datetime": {"datetime": "2024-01-20 14:06:59", "elapsed": 2511.968109, "delta": 0.003351}}
{"target": -10.483401854866209, "params": {"colsample_bytree": 0.14252175764857547, "eta": 0.05656943340436048, "gamma": 862.766863577263, "max_depth": 6.0, "min_child_weight": 2081.3147171374476, "num_boost_round": 32.0, "subsample": 0.49444366349653546}, "datetime": {"datetime": "2024-01-20 14:06:59", "elapsed": 2511.971103, "delta": 0.002994}}
{"target": -10.483338183305525, "params": {"colsample_bytree": 0.14252175764857547, "eta": 0.05656943340436048, "gamma": 862.766863577263, "max_depth": 6.0, "min_child_weight": 2081.3147171374476, "num_boost_round": 33.0, "subsample": 0.49444366349653546}, "datetime": {"datetime": "2024-01-20 14:06:59", "elapsed": 2511.974806, "delta": 0.003703}}
{"target": -10.483475707112062, "params": {"colsample_bytree": 0.14252175764857547, "eta": 0.05656943340436048, "gamma": 862.766863577263, "max_depth": 6.0, "min_child_weight": 2081.3147171374476, "num_boost_round": 34.0, "subsample": 0.49444366349653546}, "datetime": {"datetime": "2024-01-20 14:06:59", "elapsed": 2511.977977, "delta": 0.003171}}
{"target": -10.484007111451845, "params": {"colsample_bytree": 0.14252175764857547, "eta": 0.05656943340436048, "gamma": 862.766863577263, "max_depth": 6.0, "min_child_weight": 2081.3147171374476, "num_boost_round": 35.0, "subsample": 0.49444366349653546}, "datetime": {"datetime": "2024-01-20 14:06:59", "elapsed": 2511.980979, "delta": 0.003002}}
{"target": -10.484085800287767, "params": {"colsample_bytree": 0.14252175764857547, "eta": 0.05656943340436048, "gamma": 862.766863577263, "max_depth": 6.0, "min_child_weight": 2081.3147171374476, "num_boost_round": 36.0, "subsample": 0.49444366349653546}, "datetime": {"datetime": "2024-01-20 14:06:59", "elapsed": 2511.98398, "delta": 0.003001}}
{"target": -10.484254985671976, "params": {"colsample_bytree": 0.14252175764857547, "eta": 0.05656943340436048, "gamma": 862.766863577263, "max_depth": 6.0, "min_child_weight": 2081.3147171374476, "num_boost_round": 37.0, "subsample": 0.49444366349653546}, "datetime": {"datetime": "2024-01-20 14:06:59", "elapsed": 2511.986859, "delta": 0.002879}}
{"target": -10.484143267997661, "params": {"colsample_bytree": 0.14252175764857547, "eta": 0.05656943340436048, "gamma": 862.766863577263, "max_depth": 6.0, "min_child_weight": 2081.3147171374476, "num_boost_round": 38.0, "subsample": 0.49444366349653546}, "datetime": {"datetime": "2024-01-20 14:06:59", "elapsed": 2511.98979, "delta": 0.002931}}
{"target": -10.484596451952747, "params": {"colsample_bytree": 0.14252175764857547, "eta": 0.05656943340436048, "gamma": 862.766863577263, "max_depth": 6.0, "min_child_weight": 2081.3147171374476, "num_boost_round": 39.0, "subsample": 0.49444366349653546}, "datetime": {"datetime": "2024-01-20 14:06:59", "elapsed": 2511.992732, "delta": 0.002942}}
{"target": -10.484829901988274, "params": {"colsample_bytree": 0.14252175764857547, "eta": 0.05656943340436048, "gamma": 862.766863577263, "max_depth": 6.0, "min_child_weight": 2081.3147171374476, "num_boost_round": 40.0, "subsample": 0.49444366349653546}, "datetime": {"datetime": "2024-01-20 14:06:59", "elapsed": 2511.995635, "delta": 0.002903}}
{"target": -10.484941309002714, "params": {"colsample_bytree": 0.14252175764857547, "eta": 0.05656943340436048, "gamma": 862.766863577263, "max_depth": 6.0, "min_child_weight": 2081.3147171374476, "num_boost_round": 41.0, "subsample": 0.49444366349653546}, "datetime": {"datetime": "2024-01-20 14:06:59", "elapsed": 2511.998639, "delta": 0.003004}}
{"target": -10.48492574448128, "params": {"colsample_bytree": 0.14252175764857547, "eta": 0.05656943340436048, "gamma": 862.766863577263, "max_depth": 6.0, "min_child_weight": 2081.3147171374476, "num_boost_round": 42.0, "subsample": 0.49444366349653546}, "datetime": {"datetime": "2024-01-20 14:06:59", "elapsed": 2512.00162, "delta": 0.002981}}
{"target": -10.48555216713303, "params": {"colsample_bytree": 0.14252175764857547, "eta": 0.05656943340436048, "gamma": 862.766863577263, "max_depth": 6.0, "min_child_weight": 2081.3147171374476, "num_boost_round": 43.0, "subsample": 0.49444366349653546}, "datetime": {"datetime": "2024-01-20 14:06:59", "elapsed": 2512.0045, "delta": 0.00288}}
{"target": -10.485728323963938, "params": {"colsample_bytree": 0.14252175764857547, "eta": 0.05656943340436048, "gamma": 862.766863577263, "max_depth": 6.0, "min_child_weight": 2081.3147171374476, "num_boost_round": 44.0, "subsample": 0.49444366349653546}, "datetime": {"datetime": "2024-01-20 14:06:59", "elapsed": 2512.007425, "delta": 0.002925}}
{"target": -10.48611184488516, "params": {"colsample_bytree": 0.14252175764857547, "eta": 0.05656943340436048, "gamma": 862.766863577263, "max_depth": 6.0, "min_child_weight": 2081.3147171374476, "num_boost_round": 45.0, "subsample": 0.49444366349653546}, "datetime": {"datetime": "2024-01-20 14:06:59", "elapsed": 2512.01032, "delta": 0.002895}}
{"target": -10.486439965971229, "params": {"colsample_bytree": 0.14252175764857547, "eta": 0.05656943340436048, "gamma": 862.766863577263, "max_depth": 6.0, "min_child_weight": 2081.3147171374476, "num_boost_round": 46.0, "subsample": 0.49444366349653546}, "datetime": {"datetime": "2024-01-20 14:06:59", "elapsed": 2512.01324, "delta": 0.00292}}
{"target": -10.486573135282999, "params": {"colsample_bytree": 0.14252175764857547, "eta": 0.05656943340436048, "gamma": 862.766863577263, "max_depth": 6.0, "min_child_weight": 2081.3147171374476, "num_boost_round": 47.0, "subsample": 0.49444366349653546}, "datetime": {"datetime": "2024-01-20 14:06:59", "elapsed": 2512.016183, "delta": 0.002943}}
