{"target": -10.486588903438886, "params": {"colsample_bytree": 0.14252175764857547, "eta": 0.05656943340436048, "gamma": 862.766863577263, "max_depth": 6.0, "min_child_weight": 2081.3147171374476, "num_boost_round": 48.0, "subsample": 0.49444366349653546}, "datetime": {"datetime": "2024-01-20 14:06:59", "elapsed": 2512.019118, "delta": 0.002935}}
{"target": -10.486709337082267, "params": {"colsample_bytree": 0.14252175764857547, "eta": 0.05656943340436048, "gamma": 862.766863577263, "max_depth": 6.0, "min_child_weight": 2081.3147171374476, "num_boost_round": 49.0, "subsample": 0.49444366349653546}, "datetime": {"datetime": "2024-01-20 14:06:59", "elapsed": 2512.022025, "delta": 0.002907}}
{"target": -10.48683833913546, "params": {"colsample_bytree": 0.14252175764857547, "eta": 0.05656943340436048, "gamma": 862.766863577263, "max_depth": 6.0, "min_child_weight": 2081.3147171374476, "num_boost_round": 50.0, "subsample": 0.49444366349653546}, "datetime": {"datetime": "2024-01-20 14:06:59", "elapsed": 2512.024927, "delta": 0.002902}}
{"target": -10.487135322981931, "params": {"colsample_bytree": 0.14252175764857547, "eta": 0.05656943340436048, "gamma": 862.766863577263, "max_depth": 6.0, "min_child_weight": 2081.3147171374476, "num_boost_round": 51.0, "subsample": 0.49444366349653546}, "datetime": {"datetime": "2024-01-20 14:06:59", "elapsed": 2512.027816, "delta": 0.002889}}
{"target": -10.487509152907634, "params": {"colsample_bytree": 0.14252175764857547, "eta": 0.05656943340436048, "gamma": 862.766863577263, "max_depth": 6.0, "min_child_weight": 2081.3147171374476, "num_boost_round": 52.0, "subsample": 0.49444366349653546}, "datetime": {"datetime": "2024-01-20 14:06:59", "elapsed": 2512.03072, "delta": 0.002904}}
{"target": -10.487833846221713, "params": {"colsample_bytree": 0.14252175764857547, "eta": 0.05656943340436048, "gamma": 862.766863577263, "max_depth": 6.0, "min_child_weight": 2081.3147171374476, "num_boost_round": 53.0, "subsample": 0.49444366349653546}, "datetime": {"datetime": "2024-01-20 14:06:59", "elapsed": 2512.033636, "delta": 0.002916}}
{"target": -10.487918270792326, "params": {"colsample_bytree": 0.14252175764857547, "eta": 0.05656943340436048, "gamma": 862.766863577263, "max_depth": 6.0, "min_child_weight": 2081.3147171374476, "num_boost_round": 54.0, "subsample": 0.49444366349653546}, "datetime": {"datetime": "2024-01-20 14:06:59", "elapsed": 2512.036605, "delta": 0.002969}}
{"target": -10.488342580503332, "params": {"colsample_bytree": 0.14252175764857547, "eta": 0.05656943340436048, "gamma": 862.766863577263, "max_depth": 6.0, "min_child_weight": 2081.3147171374476, "num_boost_round": 55.0, "subsample": 0.49444366349653546}, "datetime": {"datetime": "2024-01-20 14:06:59", "elapsed": 2512.039528, "delta": 0.002923}}
{"target": -10.48845045261154, "params": {"colsample_bytree": 0.14252175764857547, "eta": 0.05656943340436048, "gamma": 862.766863577263, "max_depth": 6.0, "min_child_weight": 2081.3147171374476, "num_boost_round": 56.0, "subsample": 0.49444366349653546}, "datetime": {"datetime": "2024-01-20 14:07:00", "elapsed": 2512.042465, "delta": 0.002937}}
{"target": -10.488456944176672, "params": {"colsample_bytree": 0.14252175764857547, "eta": 0.05656943340436048, "gamma": 862.766863577263, "max_depth": 6.0, "min_child_weight": 2081.3147171374476, "num_boost_round": 57.0, "subsample": 0.49444366349653546}, "datetime": {"datetime": "2024-01-20 14:07:00", "elapsed": 2512.045375, "delta": 0.00291}}
{"target": -10.48880457685473, "params": {"colsample_bytree": 0.14252175764857547, "eta": 0.05656943340436048, "gamma": 862.766863577263, "max_depth": 6.0, "min_child_weight": 2081.3147171374476, "num_boost_round": 58.0, "subsample": 0.49444366349653546}, "datetime": {"datetime": "2024-01-20 14:07:00", "elapsed": 2512.048241, "delta": 0.002866}}
{"target": -10.489023550046404, "params": {"colsample_bytree": 0.14252175764857547, "eta": 0.05656943340436048, "gamma": 862.766863577263, "max_depth": 6.0, "min_child_weight": 2081.3147171374476, "num_boost_round": 59.0, "subsample": 0.49444366349653546}, "datetime": {"datetime": "2024-01-20 14:07:00", "elapsed": 2512.051146, "delta": 0.002905}}
{"target": -10.48920302556956, "params": {"colsample_bytree": 0.14252175764857547, "eta": 0.05656943340436048, "gamma": 862.766863577263, "max_depth": 6.0, "min_child_weight": 2081.3147171374476, "num_boost_round": 60.0, "subsample": 0.49444366349653546}, "datetime": {"datetime": "2024-01-20 14:07:00", "elapsed": 2512.054045, "delta": 0.002899}}
{"target": -10.489358944027265, "params": {"colsample_bytree": 0.14252175764857547, "eta": 0.05656943340436048, "gamma": 862.766863577263, "max_depth": 6.0, "min_child_weight": 2081.3147171374476, "num_boost_round": 61.0, "subsample": 0.49444366349653546}, "datetime": {"datetime": "2024-01-20 14:07:00", "elapsed": 2512.056995, "delta": 0.00295}}
{"target": -10.489565299170618, "params": {"colsample_bytree": 0.14252175764857547, "eta": 0.05656943340436048, "gamma": 862.766863577263, "max_depth": 6.0, "min_child_weight": 2081.3147171374476, "num_boost_round": 62.0, "subsample": 0.49444366349653546}, "datetime": {"datetime": "2024-01-20 14:07:00", "elapsed": 2512.059917, "delta": 0.002922}}
{"target": -10.489939986963577, "params": {"colsample_bytree": 0.14252175764857547, "eta": 0.05656943340436048, "gamma": 862.766863577263, "max_depth": 6.0, "min_child_weight": 2081.3147171374476, "num_boost_round": 63.0, "subsample": 0.49444366349653546}, "datetime": {"datetime": "2024-01-20 14:07:00", "elapsed": 2512.062838, "delta": 0.002921}}
{"target": -10.490512147339699, "params": {"colsample_bytree": 0.14252175764857547, "eta": 0.05656943340436048, "gamma": 862.766863577263, "max_depth": 6.0, "min_child_weight": 2081.3147171374476, "num_boost_round": 64.0, "subsample": 0.49444366349653546}, "datetime": {"datetime": "2024-01-20 14:07:00", "elapsed": 2512.065726, "delta": 0.002888}}
{"target": -10.490697062317759, "params": {"colsample_bytree": 0.14252175764857547, "eta": 0.05656943340436048, "gamma": 862.766863577263, "max_depth": 6.0, "min_child_weight": 2081.3147171374476, "num_boost_round": 65.0, "subsample": 0.49444366349653546}, "datetime": {"datetime": "2024-01-20 14:07:00", "elapsed": 2512.068628, "delta": 0.002902}}
{"target": -10.490986138204374, "params": {"colsample_bytree": 0.14252175764857547, "eta": 0.05656943340436048, "gamma": 862.766863577263, "max_depth": 6.0, "min_child_weight": 2081.3147171374476, "num_boost_round": 66.0, "subsample": 0.49444366349653546}, "datetime": {"datetime": "2024-01-20 14:07:00", "elapsed": 2512.071606, "delta": 0.002978}}
{"target": -10.491139152486674, "params": {"colsample_bytree": 0.14252175764857547, "eta": 0.05656943340436048, "gamma": 862.766863577263, "max_depth": 6.0, "min_child_weight": 2081.3147171374476, "num_boost_round": 67.0, "subsample": 0.49444366349653546}, "datetime": {"datetime": "2024-01-20 14:07:00", "elapsed": 2512.074513, "delta": 0.002907}}
{"target": -10.491260613672424, "params": {"colsample_bytree": 0.14252175764857547, "eta": 0.05656943340436048, "gamma": 862.766863577263, "max_depth": 6.0, "min_child_weight": 2081.3147171374476, "num_boost_round": 68.0, "subsample": 0.49444366349653546}, "datetime": {"datetime": "2024-01-20 14:07:00", "elapsed": 2512.077418, "delta": 0.002905}}
{"target": -10.491373802439302, "params": {"colsample_bytree": 0.14252175764857547, "eta": 0.05656943340436048, "gamma": 862.766863577263, "max_depth": 6.0, "min_child_weight": 2081.3147171374476, "num_boost_round": 69.0, "subsample": 0.49444366349653546}, "datetime": {"datetime": "2024-01-20 14:07:00", "elapsed": 2512.080291, "delta": 0.002873}}
{"target": -10.491546459567815, "params": {"colsample_bytree": 0.14252175764857547, "eta": 0.05656943340436048, "gamma": 862.766863577263, "max_depth": 6.0, "min_child_weight": 2081.3147171374476, "num_boost_round": 70.0, "subsample": 0.49444366349653546}, "datetime": {"datetime": "2024-01-20 14:07:00", "elapsed": 2512.083192, "delta": 0.002901}}
{"target": -10.491987506363662, "params": {"colsample_bytree": 0.14252175764857547, "eta": 0.05656943340436048, "gamma": 862.766863577263, "max_depth": 6.0, "min_child_weight": 2081.3147171374476, "num_boost_round": 71.0, "subsample": 0.49444366349653546}, "datetime": {"datetime": "2024-01-20 14:07:00", "elapsed": 2512.086092, "delta": 0.0029}}
{"target": -10.492204473985808, "params": {"colsample_bytree": 0.14252175764857547, "eta": 0.05656943340436048, "gamma": 862.766863577263, "max_depth": 6.0, "min_child_weight": 2081.3147171374476, "num_boost_round": 72.0, "subsample": 0.49444366349653546}, "datetime": {"datetime": "2024-01-20 14:07:00", "elapsed": 2512.088997, "delta": 0.002905}}
{"target": -10.492382618425921, "params": {"colsample_bytree": 0.14252175764857547, "eta": 0.05656943340436048, "gamma": 862.766863577263, "max_depth": 6.0, "min_child_weight": 2081.3147171374476, "num_boost_round": 73.0, "subsample": 0.49444366349653546}, "datetime": {"datetime": "2024-01-20 14:07:00", "elapsed": 2512.091923, "delta": 0.002926}}
{"target": -10.492298932064156, "params": {"colsample_bytree": 0.14252175764857547, "eta": 0.05656943340436048, "gamma": 862.766863577263, "max_depth": 6.0, "min_child_weight": 2081.3147171374476, "num_boost_round": 74.0, "subsample": 0.49444366349653546}, "datetime": {"datetime": "2024-01-20 14:07:00", "elapsed": 2512.094805, "delta": 0.002882}}
{"target": -10.492672764498046, "params": {"colsample_bytree": 0.14252175764857547, "eta": 0.05656943340436048, "gamma": 862.766863577263, "max_depth": 6.0, "min_child_weight": 2081.3147171374476, "num_boost_round": 75.0, "subsample": 0.49444366349653546}, "datetime": {"datetime": "2024-01-20 14:07:00", "elapsed": 2512.097706, "delta": 0.002901}}
{"target": -10.492775249158608, "params": {"colsample_bytree": 0.14252175764857547, "eta": 0.05656943340436048, "gamma": 862.766863577263, "max_depth": 6.0, "min_child_weight": 2081.3147171374476, "num_boost_round": 76.0, "subsample": 0.49444366349653546}, "datetime": {"datetime": "2024-01-20 14:07:00", "elapsed": 2512.100627, "delta": 0.002921}}
{"target": -10.492926780398811, "params": {"colsample_bytree": 0.14252175764857547, "eta": 0.05656943340436048, "gamma": 862.766863577263, "max_depth": 6.0, "min_child_weight": 2081.3147171374476, "num_boost_round": 77.0, "subsample": 0.49444366349653546}, "datetime": {"datetime": "2024-01-20 14:07:00", "elapsed": 2512.10353, "delta": 0.002903}}
{"target": -10.493083226437939, "params": {"colsample_bytree": 0.14252175764857547, "eta": 0.05656943340436048, "gamma": 862.766863577263, "max_depth": 6.0, "min_child_weight": 2081.3147171374476, "num_boost_round": 78.0, "subsample": 0.49444366349653546}, "datetime": {"datetime": "2024-01-20 14:07:00", "elapsed": 2512.106474, "delta": 0.002944}}
{"target": -10.49321350028805, "params": {"colsample_bytree": 0.14252175764857547, "eta": 0.05656943340436048, "gamma": 862.766863577263, "max_depth": 6.0, "min_child_weight": 2081.3147171374476, "num_boost_round": 79.0, "subsample": 0.49444366349653546}, "datetime": {"datetime": "2024-01-20 14:07:00", "elapsed": 2512.109385, "delta": 0.002911}}
{"target": -10.493418284504486, "params": {"colsample_bytree": 0.14252175764857547, "eta": 0.05656943340436048, "gamma": 862.766863577263, "max_depth": 6.0, "min_child_weight": 2081.3147171374476, "num_boost_round": 80.0, "subsample": 0.49444366349653546}, "datetime": {"datetime": "2024-01-20 14:07:00", "elapsed": 2512.112308, "delta": 0.002923}}
{"target": -10.493609459251488, "params": {"colsample_bytree": 0.14252175764857547, "eta": 0.05656943340436048, "gamma": 862.766863577263, "max_depth": 6.0, "min_child_weight": 2081.3147171374476, "num_boost_round": 81.0, "subsample": 0.49444366349653546}, "datetime": {"datetime": "2024-01-20 14:07:00", "elapsed": 2512.1161, "delta": 0.003792}}
{"target": -10.493715874932185, "params": {"colsample_bytree": 0.14252175764857547, "eta": 0.05656943340436048, "gamma": 862.766863577263, "max_depth": 6.0, "min_child_weight": 2081.3147171374476, "num_boost_round": 82.0, "subsample": 0.49444366349653546}, "datetime": {"datetime": "2024-01-20 14:07:00", "elapsed": 2512.119032, "delta": 0.002932}}
{"target": -10.493906483564482, "params": {"colsample_bytree": 0.14252175764857547, "eta": 0.05656943340436048, "gamma": 862.766863577263, "max_depth": 6.0, "min_child_weight": 2081.3147171374476, "num_boost_round": 83.0, "subsample": 0.49444366349653546}, "datetime": {"datetime": "2024-01-20 14:07:00", "elapsed": 2512.122133, "delta": 0.003101}}
{"target": -10.494074662434162, "params": {"colsample_bytree": 0.14252175764857547, "eta": 0.05656943340436048, "gamma": 862.766863577263, "max_depth": 6.0, "min_child_weight": 2081.3147171374476, "num_boost_round": 84.0, "subsample": 0.49444366349653546}, "datetime": {"datetime": "2024-01-20 14:07:00", "elapsed": 2512.125079, "delta": 0.002946}}
{"target": -10.494191134537665, "params": {"colsample_bytree": 0.14252175764857547, "eta": 0.05656943340436048, "gamma": 862.766863577263, "max_depth": 6.0, "min_child_weight": 2081.3147171374476, "num_boost_round": 85.0, "subsample": 0.49444366349653546}, "datetime": {"datetime": "2024-01-20 14:07:00", "elapsed": 2512.1281, "delta": 0.003021}}
{"target": -10.494557948522745, "params": {"colsample_bytree": 0.14252175764857547, "eta": 0.05656943340436048, "gamma": 862.766863577263, "max_depth": 6.0, "min_child_weight": 2081.3147171374476, "num_boost_round": 86.0, "subsample": 0.49444366349653546}, "datetime": {"datetime": "2024-01-20 14:07:00", "elapsed": 2512.131006, "delta": 0.002906}}
{"target": -10.494787619349317, "params": {"colsample_bytree": 0.14252175764857547, "eta": 0.05656943340436048, "gamma": 862.766863577263, "max_depth": 6.0, "min_child_weight": 2081.3147171374476, "num_boost_round": 87.0, "subsample": 0.49444366349653546}, "datetime": {"datetime": "2024-01-20 14:07:00", "elapsed": 2512.13391, "delta": 0.002904}}
{"target": -10.494902641796715, "params": {"colsample_bytree": 0.14252175764857547, "eta": 0.05656943340436048, "gamma": 862.766863577263, "max_depth": 6.0, "min_child_weight": 2081.3147171374476, "num_boost_round": 88.0, "subsample": 0.49444366349653546}, "datetime": {"datetime": "2024-01-20 14:07:00", "elapsed": 2512.136833, "delta": 0.002923}}
{"target": -10.495085729511695, "params": {"colsample_bytree": 0.14252175764857547, "eta": 0.05656943340436048, "gamma": 862.766863577263, "max_depth": 6.0, "min_child_weight": 2081.3147171374476, "num_boost_round": 89.0, "subsample": 0.49444366349653546}, "datetime": {"datetime": "2024-01-20 14:07:00", "elapsed": 2512.139764, "delta": 0.002931}}
{"target": -10.495212124956154, "params": {"colsample_bytree": 0.14252175764857547, "eta": 0.05656943340436048, "gamma": 862.766863577263, "max_depth": 6.0, "min_child_weight": 2081.3147171374476, "num_boost_round": 90.0, "subsample": 0.49444366349653546}, "datetime": {"datetime": "2024-01-20 14:07:00", "elapsed": 2512.142782, "delta": 0.003018}}
{"target": -10.495518104672291, "params": {"colsample_bytree": 0.14252175764857547, "eta": 0.05656943340436048, "gamma": 862.766863577263, "max_depth": 6.0, "min_child_weight": 2081.3147171374476, "num_boost_round": 91.0, "subsample": 0.49444366349653546}, "datetime": {"datetime": "2024-01-20 14:07:00", "elapsed": 2512.145737, "delta": 0.002955}}
{"target": -10.49562182219734, "params": {"colsample_bytree": 0.14252175764857547, "eta": 0.05656943340436048, "gamma": 862.766863577263, "max_depth": 6.0, "min_child_weight": 2081.3147171374476, "num_boost_round": 92.0, "subsample": 0.49444366349653546}, "datetime": {"datetime": "2024-01-20 14:07:00", "elapsed": 2512.148695, "delta": 0.002958}}
{"target": -10.495703242795873, "params": {"colsample_bytree": 0.14252175764857547, "eta": 0.05656943340436048, "gamma": 862.766863577263, "max_depth": 6.0, "min_child_weight": 2081.3147171374476, "num_boost_round": 93.0, "subsample": 0.49444366349653546}, "datetime": {"datetime": "2024-01-20 14:07:00", "elapsed": 2512.151668, "delta": 0.002973}}
{"target": -10.495831732718923, "params": {"colsample_bytree": 0.14252175764857547, "eta": 0.05656943340436048, "gamma": 862.766863577263, "max_depth": 6.0, "min_child_weight": 2081.3147171374476, "num_boost_round": 94.0, "subsample": 0.49444366349653546}, "datetime": {"datetime": "2024-01-20 14:07:00", "elapsed": 2512.154623, "delta": 0.002955}}
{"target": -10.495903543059072, "params": {"colsample_bytree": 0.14252175764857547, "eta": 0.05656943340436048, "gamma": 862.766863577263, "max_depth": 6.0, "min_child_weight": 2081.3147171374476, "num_boost_round": 95.0, "subsample": 0.49444366349653546}, "datetime": {"datetime": "2024-01-20 14:07:00", "elapsed": 2512.157586, "delta": 0.002963}}
{"target": -10.49607926368142, "params": {"colsample_bytree": 0.14252175764857547, "eta": 0.05656943340436048, "gamma": 862.766863577263, "max_depth": 6.0, "min_child_weight": 2081.3147171374476, "num_boost_round": 96.0, "subsample": 0.49444366349653546}, "datetime": {"datetime": "2024-01-20 14:07:00", "elapsed": 2512.160537, "delta": 0.002951}}
{"target": -10.49619892849062, "params": {"colsample_bytree": 0.14252175764857547, "eta": 0.05656943340436048, "gamma": 862.766863577263, "max_depth": 6.0, "min_child_weight": 2081.3147171374476, "num_boost_round": 97.0, "subsample": 0.49444366349653546}, "datetime": {"datetime": "2024-01-20 14:07:00", "elapsed": 2512.163491, "delta": 0.002954}}
{"target": -10.496146172465947, "params": {"colsample_bytree": 0.14252175764857547, "eta": 0.05656943340436048, "gamma": 862.766863577263, "max_depth": 6.0, "min_child_weight": 2081.3147171374476, "num_boost_round": 98.0, "subsample": 0.49444366349653546}, "datetime": {"datetime": "2024-01-20 14:07:00", "elapsed": 2512.166439, "delta": 0.002948}}
{"target": -10.496328334663353, "params": {"colsample_bytree": 0.14252175764857547, "eta": 0.05656943340436048, "gamma": 862.766863577263, "max_depth": 6.0, "min_child_weight": 2081.3147171374476, "num_boost_round": 99.0, "subsample": 0.49444366349653546}, "datetime": {"datetime": "2024-01-20 14:07:00", "elapsed": 2512.169382, "delta": 0.002943}}
{"target": -10.49662982211463, "params": {"colsample_bytree": 0.14252175764857547, "eta": 0.05656943340436048, "gamma": 862.766863577263, "max_depth": 6.0, "min_child_weight": 2081.3147171374476, "num_boost_round": 100.0, "subsample": 0.49444366349653546}, "datetime": {"datetime": "2024-01-20 14:07:00", "elapsed": 2512.172313, "delta": 0.002931}}
{"target": -10.496820554222342, "params": {"colsample_bytree": 0.14252175764857547, "eta": 0.05656943340436048, "gamma": 862.766863577263, "max_depth": 6.0, "min_child_weight": 2081.3147171374476, "num_boost_round": 101.0, "subsample": 0.49444366349653546}, "datetime": {"datetime": "2024-01-20 14:07:00", "elapsed": 2512.175266, "delta": 0.002953}}
{"target": -10.497243832521342, "params": {"colsample_bytree": 0.14252175764857547, "eta": 0.05656943340436048, "gamma": 862.766863577263, "max_depth": 6.0, "min_child_weight": 2081.3147171374476, "num_boost_round": 102.0, "subsample": 0.49444366349653546}, "datetime": {"datetime": "2024-01-20 14:07:00", "elapsed": 2512.17828, "delta": 0.003014}}
{"target": -10.497538158898895, "params": {"colsample_bytree": 0.14252175764857547, "eta": 0.05656943340436048, "gamma": 862.766863577263, "max_depth": 6.0, "min_child_weight": 2081.3147171374476, "num_boost_round": 103.0, "subsample": 0.49444366349653546}, "datetime": {"datetime": "2024-01-20 14:07:00", "elapsed": 2512.181282, "delta": 0.003002}}
{"target": -10.497849154073988, "params": {"colsample_bytree": 0.14252175764857547, "eta": 0.05656943340436048, "gamma": 862.766863577263, "max_depth": 6.0, "min_child_weight": 2081.3147171374476, "num_boost_round": 104.0, "subsample": 0.49444366349653546}, "datetime": {"datetime": "2024-01-20 14:07:00", "elapsed": 2512.184363, "delta": 0.003081}}
{"target": -10.498135361138358, "params": {"colsample_bytree": 0.14252175764857547, "eta": 0.05656943340436048, "gamma": 862.766863577263, "max_depth": 6.0, "min_child_weight": 2081.3147171374476, "num_boost_round": 105.0, "subsample": 0.49444366349653546}, "datetime": {"datetime": "2024-01-20 14:07:00", "elapsed": 2512.187308, "delta": 0.002945}}
{"target": -10.498467306427568, "params": {"colsample_bytree": 0.14252175764857547, "eta": 0.05656943340436048, "gamma": 862.766863577263, "max_depth": 6.0, "min_child_weight": 2081.3147171374476, "num_boost_round": 106.0, "subsample": 0.49444366349653546}, "datetime": {"datetime": "2024-01-20 14:07:00", "elapsed": 2512.190397, "delta": 0.003089}}
{"target": -10.498547861375451, "params": {"colsample_bytree": 0.14252175764857547, "eta": 0.05656943340436048, "gamma": 862.766863577263, "max_depth": 6.0, "min_child_weight": 2081.3147171374476, "num_boost_round": 107.0, "subsample": 0.49444366349653546}, "datetime": {"datetime": "2024-01-20 14:07:00", "elapsed": 2512.193351, "delta": 0.002954}}
{"target": -10.498703568176225, "params": {"colsample_bytree": 0.14252175764857547, "eta": 0.05656943340436048, "gamma": 862.766863577263, "max_depth": 6.0, "min_child_weight": 2081.3147171374476, "num_boost_round": 108.0, "subsample": 0.49444366349653546}, "datetime": {"datetime": "2024-01-20 14:07:00", "elapsed": 2512.196396, "delta": 0.003045}}
{"target": -10.498827420514127, "params": {"colsample_bytree": 0.14252175764857547, "eta": 0.05656943340436048, "gamma": 862.766863577263, "max_depth": 6.0, "min_child_weight": 2081.3147171374476, "num_boost_round": 109.0, "subsample": 0.49444366349653546}, "datetime": {"datetime": "2024-01-20 14:07:00", "elapsed": 2512.199359, "delta": 0.002963}}
{"target": -10.498753051622831, "params": {"colsample_bytree": 0.14252175764857547, "eta": 0.05656943340436048, "gamma": 862.766863577263, "max_depth": 6.0, "min_child_weight": 2081.3147171374476, "num_boost_round": 110.0, "subsample": 0.49444366349653546}, "datetime": {"datetime": "2024-01-20 14:07:00", "elapsed": 2512.20243, "delta": 0.003071}}
