{"target": -12.357800642868575, "params": {"colsample_bytree": 0.1178820438578434, "eta": 0.004578967355191332, "gamma": 587.5520628444964, "max_depth": 9.0, "min_child_weight": 4204.4566062457425, "num_boost_round": 35.0, "subsample": 0.6956662873747435}, "datetime": {"datetime": "2024-01-20 15:16:12", "elapsed": 3139.116496, "delta": 0.003905}}
{"target": -12.357804804282308, "params": {"colsample_bytree": 0.1178820438578434, "eta": 0.004578967355191332, "gamma": 587.5520628444964, "max_depth": 9.0, "min_child_weight": 4204.4566062457425, "num_boost_round": 36.0, "subsample": 0.6956662873747435}, "datetime": {"datetime": "2024-01-20 15:16:12", "elapsed": 3139.12061, "delta": 0.004114}}
{"target": -12.357801033347164, "params": {"colsample_bytree": 0.1178820438578434, "eta": 0.004578967355191332, "gamma": 587.5520628444964, "max_depth": 9.0, "min_child_weight": 4204.4566062457425, "num_boost_round": 37.0, "subsample": 0.6956662873747435}, "datetime": {"datetime": "2024-01-20 15:16:12", "elapsed": 3139.124915, "delta": 0.004305}}
{"target": -12.35783046562171, "params": {"colsample_bytree": 0.1178820438578434, "eta": 0.004578967355191332, "gamma": 587.5520628444964, "max_depth": 9.0, "min_child_weight": 4204.4566062457425, "num_boost_round": 38.0, "subsample": 0.6956662873747435}, "datetime": {"datetime": "2024-01-20 15:16:12", "elapsed": 3139.128937, "delta": 0.004022}}
{"target": -12.357831159235666, "params": {"colsample_bytree": 0.1178820438578434, "eta": 0.004578967355191332, "gamma": 587.5520628444964, "max_depth": 9.0, "min_child_weight": 4204.4566062457425, "num_boost_round": 39.0, "subsample": 0.6956662873747435}, "datetime": {"datetime": "2024-01-20 15:16:12", "elapsed": 3139.132993, "delta": 0.004056}}
{"target": -12.357814551725149, "params": {"colsample_bytree": 0.1178820438578434, "eta": 0.004578967355191332, "gamma": 587.5520628444964, "max_depth": 9.0, "min_child_weight": 4204.4566062457425, "num_boost_round": 40.0, "subsample": 0.6956662873747435}, "datetime": {"datetime": "2024-01-20 15:16:12", "elapsed": 3139.137127, "delta": 0.004134}}
{"target": -12.35768428871608, "params": {"colsample_bytree": 0.1178820438578434, "eta": 0.004578967355191332, "gamma": 587.5520628444964, "max_depth": 9.0, "min_child_weight": 4204.4566062457425, "num_boost_round": 41.0, "subsample": 0.6956662873747435}, "datetime": {"datetime": "2024-01-20 15:16:12", "elapsed": 3139.141221, "delta": 0.004094}}
{"target": -12.357573792183366, "params": {"colsample_bytree": 0.1178820438578434, "eta": 0.004578967355191332, "gamma": 587.5520628444964, "max_depth": 9.0, "min_child_weight": 4204.4566062457425, "num_boost_round": 42.0, "subsample": 0.6956662873747435}, "datetime": {"datetime": "2024-01-20 15:16:12", "elapsed": 3139.145192, "delta": 0.003971}}
{"target": -12.357576403381668, "params": {"colsample_bytree": 0.1178820438578434, "eta": 0.004578967355191332, "gamma": 587.5520628444964, "max_depth": 9.0, "min_child_weight": 4204.4566062457425, "num_boost_round": 43.0, "subsample": 0.6956662873747435}, "datetime": {"datetime": "2024-01-20 15:16:12", "elapsed": 3139.14936, "delta": 0.004168}}
{"target": -12.357613132652288, "params": {"colsample_bytree": 0.1178820438578434, "eta": 0.004578967355191332, "gamma": 587.5520628444964, "max_depth": 9.0, "min_child_weight": 4204.4566062457425, "num_boost_round": 44.0, "subsample": 0.6956662873747435}, "datetime": {"datetime": "2024-01-20 15:16:12", "elapsed": 3139.153306, "delta": 0.003946}}
{"target": -12.357617704248334, "params": {"colsample_bytree": 0.1178820438578434, "eta": 0.004578967355191332, "gamma": 587.5520628444964, "max_depth": 9.0, "min_child_weight": 4204.4566062457425, "num_boost_round": 45.0, "subsample": 0.6956662873747435}, "datetime": {"datetime": "2024-01-20 15:16:12", "elapsed": 3139.157311, "delta": 0.004005}}
{"target": -12.357630171969808, "params": {"colsample_bytree": 0.1178820438578434, "eta": 0.004578967355191332, "gamma": 587.5520628444964, "max_depth": 9.0, "min_child_weight": 4204.4566062457425, "num_boost_round": 46.0, "subsample": 0.6956662873747435}, "datetime": {"datetime": "2024-01-20 15:16:12", "elapsed": 3139.161653, "delta": 0.004342}}
{"target": -12.357631974610609, "params": {"colsample_bytree": 0.1178820438578434, "eta": 0.004578967355191332, "gamma": 587.5520628444964, "max_depth": 9.0, "min_child_weight": 4204.4566062457425, "num_boost_round": 47.0, "subsample": 0.6956662873747435}, "datetime": {"datetime": "2024-01-20 15:16:12", "elapsed": 3139.165611, "delta": 0.003958}}
{"target": -12.357679489533158, "params": {"colsample_bytree": 0.1178820438578434, "eta": 0.004578967355191332, "gamma": 587.5520628444964, "max_depth": 9.0, "min_child_weight": 4204.4566062457425, "num_boost_round": 48.0, "subsample": 0.6956662873747435}, "datetime": {"datetime": "2024-01-20 15:16:12", "elapsed": 3139.169562, "delta": 0.003951}}
{"target": -12.35690548222873, "params": {"colsample_bytree": 0.66673552134994, "eta": 0.061814382319634265, "gamma": 576.8913299202935, "max_depth": 4.0, "min_child_weight": 4241.062632751085, "num_boost_round": 1.0, "subsample": 0.42407896003853307}, "datetime": {"datetime": "2024-01-20 15:17:18", "elapsed": 3205.10722, "delta": 65.937658}}
{"target": -12.353565733367063, "params": {"colsample_bytree": 0.66673552134994, "eta": 0.061814382319634265, "gamma": 576.8913299202935, "max_depth": 4.0, "min_child_weight": 4241.062632751085, "num_boost_round": 2.0, "subsample": 0.42407896003853307}, "datetime": {"datetime": "2024-01-20 15:17:18", "elapsed": 3205.111848, "delta": 0.004628}}
{"target": -12.351045867728393, "params": {"colsample_bytree": 0.66673552134994, "eta": 0.061814382319634265, "gamma": 576.8913299202935, "max_depth": 4.0, "min_child_weight": 4241.062632751085, "num_boost_round": 3.0, "subsample": 0.42407896003853307}, "datetime": {"datetime": "2024-01-20 15:17:18", "elapsed": 3205.116405, "delta": 0.004557}}
{"target": -12.350630741969386, "params": {"colsample_bytree": 0.66673552134994, "eta": 0.061814382319634265, "gamma": 576.8913299202935, "max_depth": 4.0, "min_child_weight": 4241.062632751085, "num_boost_round": 4.0, "subsample": 0.42407896003853307}, "datetime": {"datetime": "2024-01-20 15:17:18", "elapsed": 3205.120692, "delta": 0.004287}}
{"target": -12.348640967375998, "params": {"colsample_bytree": 0.66673552134994, "eta": 0.061814382319634265, "gamma": 576.8913299202935, "max_depth": 4.0, "min_child_weight": 4241.062632751085, "num_boost_round": 5.0, "subsample": 0.42407896003853307}, "datetime": {"datetime": "2024-01-20 15:17:18", "elapsed": 3205.124893, "delta": 0.004201}}
{"target": -12.346732390054916, "params": {"colsample_bytree": 0.66673552134994, "eta": 0.061814382319634265, "gamma": 576.8913299202935, "max_depth": 4.0, "min_child_weight": 4241.062632751085, "num_boost_round": 6.0, "subsample": 0.42407896003853307}, "datetime": {"datetime": "2024-01-20 15:17:18", "elapsed": 3205.129202, "delta": 0.004309}}
{"target": -12.345258591598718, "params": {"colsample_bytree": 0.66673552134994, "eta": 0.061814382319634265, "gamma": 576.8913299202935, "max_depth": 4.0, "min_child_weight": 4241.062632751085, "num_boost_round": 7.0, "subsample": 0.42407896003853307}, "datetime": {"datetime": "2024-01-20 15:17:18", "elapsed": 3205.133237, "delta": 0.004035}}
{"target": -12.34489348172537, "params": {"colsample_bytree": 0.66673552134994, "eta": 0.061814382319634265, "gamma": 576.8913299202935, "max_depth": 4.0, "min_child_weight": 4241.062632751085, "num_boost_round": 8.0, "subsample": 0.42407896003853307}, "datetime": {"datetime": "2024-01-20 15:17:18", "elapsed": 3205.137291, "delta": 0.004054}}
{"target": -12.344178244585466, "params": {"colsample_bytree": 0.66673552134994, "eta": 0.061814382319634265, "gamma": 576.8913299202935, "max_depth": 4.0, "min_child_weight": 4241.062632751085, "num_boost_round": 9.0, "subsample": 0.42407896003853307}, "datetime": {"datetime": "2024-01-20 15:17:18", "elapsed": 3205.141417, "delta": 0.004126}}
{"target": -12.343337207561692, "params": {"colsample_bytree": 0.66673552134994, "eta": 0.061814382319634265, "gamma": 576.8913299202935, "max_depth": 4.0, "min_child_weight": 4241.062632751085, "num_boost_round": 10.0, "subsample": 0.42407896003853307}, "datetime": {"datetime": "2024-01-20 15:17:18", "elapsed": 3205.145531, "delta": 0.004114}}
{"target": -12.342735262440906, "params": {"colsample_bytree": 0.66673552134994, "eta": 0.061814382319634265, "gamma": 576.8913299202935, "max_depth": 4.0, "min_child_weight": 4241.062632751085, "num_boost_round": 11.0, "subsample": 0.42407896003853307}, "datetime": {"datetime": "2024-01-20 15:17:18", "elapsed": 3205.149549, "delta": 0.004018}}
{"target": -12.341826988108872, "params": {"colsample_bytree": 0.66673552134994, "eta": 0.061814382319634265, "gamma": 576.8913299202935, "max_depth": 4.0, "min_child_weight": 4241.062632751085, "num_boost_round": 12.0, "subsample": 0.42407896003853307}, "datetime": {"datetime": "2024-01-20 15:17:18", "elapsed": 3205.153749, "delta": 0.0042}}
{"target": -12.341748977271502, "params": {"colsample_bytree": 0.66673552134994, "eta": 0.061814382319634265, "gamma": 576.8913299202935, "max_depth": 4.0, "min_child_weight": 4241.062632751085, "num_boost_round": 13.0, "subsample": 0.42407896003853307}, "datetime": {"datetime": "2024-01-20 15:17:18", "elapsed": 3205.157899, "delta": 0.00415}}
{"target": -12.341273547110161, "params": {"colsample_bytree": 0.66673552134994, "eta": 0.061814382319634265, "gamma": 576.8913299202935, "max_depth": 4.0, "min_child_weight": 4241.062632751085, "num_boost_round": 14.0, "subsample": 0.42407896003853307}, "datetime": {"datetime": "2024-01-20 15:17:18", "elapsed": 3205.161968, "delta": 0.004069}}
{"target": -12.34055501292901, "params": {"colsample_bytree": 0.66673552134994, "eta": 0.061814382319634265, "gamma": 576.8913299202935, "max_depth": 4.0, "min_child_weight": 4241.062632751085, "num_boost_round": 15.0, "subsample": 0.42407896003853307}, "datetime": {"datetime": "2024-01-20 15:17:18", "elapsed": 3205.165975, "delta": 0.004007}}
{"target": -12.340165066795613, "params": {"colsample_bytree": 0.66673552134994, "eta": 0.061814382319634265, "gamma": 576.8913299202935, "max_depth": 4.0, "min_child_weight": 4241.062632751085, "num_boost_round": 16.0, "subsample": 0.42407896003853307}, "datetime": {"datetime": "2024-01-20 15:17:18", "elapsed": 3205.170014, "delta": 0.004039}}
{"target": -12.340316538200662, "params": {"colsample_bytree": 0.66673552134994, "eta": 0.061814382319634265, "gamma": 576.8913299202935, "max_depth": 4.0, "min_child_weight": 4241.062632751085, "num_boost_round": 17.0, "subsample": 0.42407896003853307}, "datetime": {"datetime": "2024-01-20 15:17:18", "elapsed": 3205.173998, "delta": 0.003984}}
{"target": -12.340019726843224, "params": {"colsample_bytree": 0.66673552134994, "eta": 0.061814382319634265, "gamma": 576.8913299202935, "max_depth": 4.0, "min_child_weight": 4241.062632751085, "num_boost_round": 18.0, "subsample": 0.42407896003853307}, "datetime": {"datetime": "2024-01-20 15:17:18", "elapsed": 3205.178192, "delta": 0.004194}}
{"target": -12.339967072298798, "params": {"colsample_bytree": 0.66673552134994, "eta": 0.061814382319634265, "gamma": 576.8913299202935, "max_depth": 4.0, "min_child_weight": 4241.062632751085, "num_boost_round": 19.0, "subsample": 0.42407896003853307}, "datetime": {"datetime": "2024-01-20 15:17:18", "elapsed": 3205.182311, "delta": 0.004119}}
{"target": -12.34022256266304, "params": {"colsample_bytree": 0.66673552134994, "eta": 0.061814382319634265, "gamma": 576.8913299202935, "max_depth": 4.0, "min_child_weight": 4241.062632751085, "num_boost_round": 20.0, "subsample": 0.42407896003853307}, "datetime": {"datetime": "2024-01-20 15:17:18", "elapsed": 3205.18632, "delta": 0.004009}}
{"target": -12.340414386062236, "params": {"colsample_bytree": 0.66673552134994, "eta": 0.061814382319634265, "gamma": 576.8913299202935, "max_depth": 4.0, "min_child_weight": 4241.062632751085, "num_boost_round": 21.0, "subsample": 0.42407896003853307}, "datetime": {"datetime": "2024-01-20 15:17:18", "elapsed": 3205.190361, "delta": 0.004041}}
{"target": -12.340847727152324, "params": {"colsample_bytree": 0.66673552134994, "eta": 0.061814382319634265, "gamma": 576.8913299202935, "max_depth": 4.0, "min_child_weight": 4241.062632751085, "num_boost_round": 22.0, "subsample": 0.42407896003853307}, "datetime": {"datetime": "2024-01-20 15:17:18", "elapsed": 3205.194407, "delta": 0.004046}}
{"target": -12.340800374274062, "params": {"colsample_bytree": 0.66673552134994, "eta": 0.061814382319634265, "gamma": 576.8913299202935, "max_depth": 4.0, "min_child_weight": 4241.062632751085, "num_boost_round": 23.0, "subsample": 0.42407896003853307}, "datetime": {"datetime": "2024-01-20 15:17:18", "elapsed": 3205.198478, "delta": 0.004071}}
{"target": -12.340830463202906, "params": {"colsample_bytree": 0.66673552134994, "eta": 0.061814382319634265, "gamma": 576.8913299202935, "max_depth": 4.0, "min_child_weight": 4241.062632751085, "num_boost_round": 24.0, "subsample": 0.42407896003853307}, "datetime": {"datetime": "2024-01-20 15:17:18", "elapsed": 3205.202534, "delta": 0.004056}}
{"target": -12.340603022520128, "params": {"colsample_bytree": 0.66673552134994, "eta": 0.061814382319634265, "gamma": 576.8913299202935, "max_depth": 4.0, "min_child_weight": 4241.062632751085, "num_boost_round": 25.0, "subsample": 0.42407896003853307}, "datetime": {"datetime": "2024-01-20 15:17:18", "elapsed": 3205.206581, "delta": 0.004047}}
{"target": -12.3406599142371, "params": {"colsample_bytree": 0.66673552134994, "eta": 0.061814382319634265, "gamma": 576.8913299202935, "max_depth": 4.0, "min_child_weight": 4241.062632751085, "num_boost_round": 26.0, "subsample": 0.42407896003853307}, "datetime": {"datetime": "2024-01-20 15:17:18", "elapsed": 3205.210604, "delta": 0.004023}}
{"target": -12.340625638290797, "params": {"colsample_bytree": 0.66673552134994, "eta": 0.061814382319634265, "gamma": 576.8913299202935, "max_depth": 4.0, "min_child_weight": 4241.062632751085, "num_boost_round": 27.0, "subsample": 0.42407896003853307}, "datetime": {"datetime": "2024-01-20 15:17:18", "elapsed": 3205.214645, "delta": 0.004041}}
{"target": -12.3400188225912, "params": {"colsample_bytree": 0.66673552134994, "eta": 0.061814382319634265, "gamma": 576.8913299202935, "max_depth": 4.0, "min_child_weight": 4241.062632751085, "num_boost_round": 28.0, "subsample": 0.42407896003853307}, "datetime": {"datetime": "2024-01-20 15:17:18", "elapsed": 3205.218876, "delta": 0.004231}}
{"target": -12.340219231643449, "params": {"colsample_bytree": 0.66673552134994, "eta": 0.061814382319634265, "gamma": 576.8913299202935, "max_depth": 4.0, "min_child_weight": 4241.062632751085, "num_boost_round": 29.0, "subsample": 0.42407896003853307}, "datetime": {"datetime": "2024-01-20 15:17:18", "elapsed": 3205.223097, "delta": 0.004221}}
{"target": -12.340125278005335, "params": {"colsample_bytree": 0.66673552134994, "eta": 0.061814382319634265, "gamma": 576.8913299202935, "max_depth": 4.0, "min_child_weight": 4241.062632751085, "num_boost_round": 30.0, "subsample": 0.42407896003853307}, "datetime": {"datetime": "2024-01-20 15:17:18", "elapsed": 3205.227371, "delta": 0.004274}}
{"target": -12.340164116514433, "params": {"colsample_bytree": 0.66673552134994, "eta": 0.061814382319634265, "gamma": 576.8913299202935, "max_depth": 4.0, "min_child_weight": 4241.062632751085, "num_boost_round": 31.0, "subsample": 0.42407896003853307}, "datetime": {"datetime": "2024-01-20 15:17:18", "elapsed": 3205.231442, "delta": 0.004071}}
{"target": -12.340516125859974, "params": {"colsample_bytree": 0.66673552134994, "eta": 0.061814382319634265, "gamma": 576.8913299202935, "max_depth": 4.0, "min_child_weight": 4241.062632751085, "num_boost_round": 32.0, "subsample": 0.42407896003853307}, "datetime": {"datetime": "2024-01-20 15:17:18", "elapsed": 3205.235507, "delta": 0.004065}}
{"target": -12.340880255857785, "params": {"colsample_bytree": 0.66673552134994, "eta": 0.061814382319634265, "gamma": 576.8913299202935, "max_depth": 4.0, "min_child_weight": 4241.062632751085, "num_boost_round": 33.0, "subsample": 0.42407896003853307}, "datetime": {"datetime": "2024-01-20 15:17:18", "elapsed": 3205.239692, "delta": 0.004185}}
{"target": -12.340938103101326, "params": {"colsample_bytree": 0.66673552134994, "eta": 0.061814382319634265, "gamma": 576.8913299202935, "max_depth": 4.0, "min_child_weight": 4241.062632751085, "num_boost_round": 34.0, "subsample": 0.42407896003853307}, "datetime": {"datetime": "2024-01-20 15:17:18", "elapsed": 3205.243804, "delta": 0.004112}}
{"target": -12.3411293224454, "params": {"colsample_bytree": 0.66673552134994, "eta": 0.061814382319634265, "gamma": 576.8913299202935, "max_depth": 4.0, "min_child_weight": 4241.062632751085, "num_boost_round": 35.0, "subsample": 0.42407896003853307}, "datetime": {"datetime": "2024-01-20 15:17:18", "elapsed": 3205.247846, "delta": 0.004042}}
{"target": -12.34151837486155, "params": {"colsample_bytree": 0.66673552134994, "eta": 0.061814382319634265, "gamma": 576.8913299202935, "max_depth": 4.0, "min_child_weight": 4241.062632751085, "num_boost_round": 36.0, "subsample": 0.42407896003853307}, "datetime": {"datetime": "2024-01-20 15:17:18", "elapsed": 3205.251901, "delta": 0.004055}}
{"target": -12.341728034245909, "params": {"colsample_bytree": 0.66673552134994, "eta": 0.061814382319634265, "gamma": 576.8913299202935, "max_depth": 4.0, "min_child_weight": 4241.062632751085, "num_boost_round": 37.0, "subsample": 0.42407896003853307}, "datetime": {"datetime": "2024-01-20 15:17:18", "elapsed": 3205.255978, "delta": 0.004077}}
{"target": -12.342036804520502, "params": {"colsample_bytree": 0.66673552134994, "eta": 0.061814382319634265, "gamma": 576.8913299202935, "max_depth": 4.0, "min_child_weight": 4241.062632751085, "num_boost_round": 38.0, "subsample": 0.42407896003853307}, "datetime": {"datetime": "2024-01-20 15:17:18", "elapsed": 3205.260108, "delta": 0.00413}}
{"target": -12.34210491202478, "params": {"colsample_bytree": 0.66673552134994, "eta": 0.061814382319634265, "gamma": 576.8913299202935, "max_depth": 4.0, "min_child_weight": 4241.062632751085, "num_boost_round": 39.0, "subsample": 0.42407896003853307}, "datetime": {"datetime": "2024-01-20 15:17:18", "elapsed": 3205.264229, "delta": 0.004121}}
{"target": -12.34216779039535, "params": {"colsample_bytree": 0.66673552134994, "eta": 0.061814382319634265, "gamma": 576.8913299202935, "max_depth": 4.0, "min_child_weight": 4241.062632751085, "num_boost_round": 40.0, "subsample": 0.42407896003853307}, "datetime": {"datetime": "2024-01-20 15:17:18", "elapsed": 3205.268498, "delta": 0.004269}}
{"target": -12.342214447023704, "params": {"colsample_bytree": 0.66673552134994, "eta": 0.061814382319634265, "gamma": 576.8913299202935, "max_depth": 4.0, "min_child_weight": 4241.062632751085, "num_boost_round": 41.0, "subsample": 0.42407896003853307}, "datetime": {"datetime": "2024-01-20 15:17:18", "elapsed": 3205.27264, "delta": 0.004142}}
{"target": -12.34261225819284, "params": {"colsample_bytree": 0.66673552134994, "eta": 0.061814382319634265, "gamma": 576.8913299202935, "max_depth": 4.0, "min_child_weight": 4241.062632751085, "num_boost_round": 42.0, "subsample": 0.42407896003853307}, "datetime": {"datetime": "2024-01-20 15:17:19", "elapsed": 3205.276812, "delta": 0.004172}}
{"target": -12.342961767943667, "params": {"colsample_bytree": 0.66673552134994, "eta": 0.061814382319634265, "gamma": 576.8913299202935, "max_depth": 4.0, "min_child_weight": 4241.062632751085, "num_boost_round": 43.0, "subsample": 0.42407896003853307}, "datetime": {"datetime": "2024-01-20 15:17:19", "elapsed": 3205.280936, "delta": 0.004124}}
{"target": -12.34321654339168, "params": {"colsample_bytree": 0.66673552134994, "eta": 0.061814382319634265, "gamma": 576.8913299202935, "max_depth": 4.0, "min_child_weight": 4241.062632751085, "num_boost_round": 44.0, "subsample": 0.42407896003853307}, "datetime": {"datetime": "2024-01-20 15:17:19", "elapsed": 3205.285003, "delta": 0.004067}}
{"target": -12.343212383593512, "params": {"colsample_bytree": 0.66673552134994, "eta": 0.061814382319634265, "gamma": 576.8913299202935, "max_depth": 4.0, "min_child_weight": 4241.062632751085, "num_boost_round": 45.0, "subsample": 0.42407896003853307}, "datetime": {"datetime": "2024-01-20 15:17:19", "elapsed": 3205.289149, "delta": 0.004146}}
{"target": -12.343206291648777, "params": {"colsample_bytree": 0.66673552134994, "eta": 0.061814382319634265, "gamma": 576.8913299202935, "max_depth": 4.0, "min_child_weight": 4241.062632751085, "num_boost_round": 46.0, "subsample": 0.42407896003853307}, "datetime": {"datetime": "2024-01-20 15:17:19", "elapsed": 3205.293368, "delta": 0.004219}}
{"target": -12.343165473426069, "params": {"colsample_bytree": 0.66673552134994, "eta": 0.061814382319634265, "gamma": 576.8913299202935, "max_depth": 4.0, "min_child_weight": 4241.062632751085, "num_boost_round": 47.0, "subsample": 0.42407896003853307}, "datetime": {"datetime": "2024-01-20 15:17:19", "elapsed": 3205.297576, "delta": 0.004208}}
{"target": -12.343350001604867, "params": {"colsample_bytree": 0.66673552134994, "eta": 0.061814382319634265, "gamma": 576.8913299202935, "max_depth": 4.0, "min_child_weight": 4241.062632751085, "num_boost_round": 48.0, "subsample": 0.42407896003853307}, "datetime": {"datetime": "2024-01-20 15:17:19", "elapsed": 3205.303962, "delta": 0.006386}}
{"target": -12.343339170995014, "params": {"colsample_bytree": 0.66673552134994, "eta": 0.061814382319634265, "gamma": 576.8913299202935, "max_depth": 4.0, "min_child_weight": 4241.062632751085, "num_boost_round": 49.0, "subsample": 0.42407896003853307}, "datetime": {"datetime": "2024-01-20 15:17:19", "elapsed": 3205.309661, "delta": 0.005699}}
