{"target": -13.41023160958222, "params": {"colsample_bytree": 0.8177346534159257, "eta": 0.0838295649622288, "gamma": 436.6825484803658, "max_depth": 4.0, "min_child_weight": 3772.129597267373, "num_boost_round": 19.0, "subsample": 0.5442984063399379}, "datetime": {"datetime": "2024-01-20 14:31:44", "elapsed": 439.591153, "delta": 0.000883}}
{"target": -13.41094749820174, "params": {"colsample_bytree": 0.8177346534159257, "eta": 0.0838295649622288, "gamma": 436.6825484803658, "max_depth": 4.0, "min_child_weight": 3772.129597267373, "num_boost_round": 20.0, "subsample": 0.5442984063399379}, "datetime": {"datetime": "2024-01-20 14:31:44", "elapsed": 439.592074, "delta": 0.000921}}
{"target": -13.41183303993627, "params": {"colsample_bytree": 0.8177346534159257, "eta": 0.0838295649622288, "gamma": 436.6825484803658, "max_depth": 4.0, "min_child_weight": 3772.129597267373, "num_boost_round": 21.0, "subsample": 0.5442984063399379}, "datetime": {"datetime": "2024-01-20 14:31:44", "elapsed": 439.592873, "delta": 0.000799}}
{"target": -13.41251514619511, "params": {"colsample_bytree": 0.8177346534159257, "eta": 0.0838295649622288, "gamma": 436.6825484803658, "max_depth": 4.0, "min_child_weight": 3772.129597267373, "num_boost_round": 22.0, "subsample": 0.5442984063399379}, "datetime": {"datetime": "2024-01-20 14:31:44", "elapsed": 439.593664, "delta": 0.000791}}
{"target": -13.412801688819595, "params": {"colsample_bytree": 0.8177346534159257, "eta": 0.0838295649622288, "gamma": 436.6825484803658, "max_depth": 4.0, "min_child_weight": 3772.129597267373, "num_boost_round": 23.0, "subsample": 0.5442984063399379}, "datetime": {"datetime": "2024-01-20 14:31:44", "elapsed": 439.594448, "delta": 0.000784}}
{"target": -13.413472331445872, "params": {"colsample_bytree": 0.8177346534159257, "eta": 0.0838295649622288, "gamma": 436.6825484803658, "max_depth": 4.0, "min_child_weight": 3772.129597267373, "num_boost_round": 24.0, "subsample": 0.5442984063399379}, "datetime": {"datetime": "2024-01-20 14:31:44", "elapsed": 439.595286, "delta": 0.000838}}
{"target": -13.39772395115411, "params": {"colsample_bytree": 0.5839946835553489, "eta": 0.09458407428820508, "gamma": 546.1661424816363, "max_depth": 9.0, "min_child_weight": 3922.642756501453, "num_boost_round": 1.0, "subsample": 0.10522316153083816}, "datetime": {"datetime": "2024-01-20 14:33:03", "elapsed": 518.306621, "delta": 78.711335}}
{"target": -13.397638462415767, "params": {"colsample_bytree": 0.5839946835553489, "eta": 0.09458407428820508, "gamma": 546.1661424816363, "max_depth": 9.0, "min_child_weight": 3922.642756501453, "num_boost_round": 2.0, "subsample": 0.10522316153083816}, "datetime": {"datetime": "2024-01-20 14:33:03", "elapsed": 518.307968, "delta": 0.001347}}
{"target": -13.397464830264873, "params": {"colsample_bytree": 0.5839946835553489, "eta": 0.09458407428820508, "gamma": 546.1661424816363, "max_depth": 9.0, "min_child_weight": 3922.642756501453, "num_boost_round": 3.0, "subsample": 0.10522316153083816}, "datetime": {"datetime": "2024-01-20 14:33:03", "elapsed": 518.309352, "delta": 0.001384}}
{"target": -13.397805562030578, "params": {"colsample_bytree": 0.5839946835553489, "eta": 0.09458407428820508, "gamma": 546.1661424816363, "max_depth": 9.0, "min_child_weight": 3922.642756501453, "num_boost_round": 4.0, "subsample": 0.10522316153083816}, "datetime": {"datetime": "2024-01-20 14:33:03", "elapsed": 518.31023, "delta": 0.000878}}
{"target": -13.397670291878061, "params": {"colsample_bytree": 0.5839946835553489, "eta": 0.09458407428820508, "gamma": 546.1661424816363, "max_depth": 9.0, "min_child_weight": 3922.642756501453, "num_boost_round": 5.0, "subsample": 0.10522316153083816}, "datetime": {"datetime": "2024-01-20 14:33:03", "elapsed": 518.31103, "delta": 0.0008}}
{"target": -13.397485612310284, "params": {"colsample_bytree": 0.5839946835553489, "eta": 0.09458407428820508, "gamma": 546.1661424816363, "max_depth": 9.0, "min_child_weight": 3922.642756501453, "num_boost_round": 6.0, "subsample": 0.10522316153083816}, "datetime": {"datetime": "2024-01-20 14:33:03", "elapsed": 518.311946, "delta": 0.000916}}
{"target": -13.397718172153006, "params": {"colsample_bytree": 0.5839946835553489, "eta": 0.09458407428820508, "gamma": 546.1661424816363, "max_depth": 9.0, "min_child_weight": 3922.642756501453, "num_boost_round": 7.0, "subsample": 0.10522316153083816}, "datetime": {"datetime": "2024-01-20 14:33:03", "elapsed": 518.312731, "delta": 0.000785}}
{"target": -13.397885068870135, "params": {"colsample_bytree": 0.5839946835553489, "eta": 0.09458407428820508, "gamma": 546.1661424816363, "max_depth": 9.0, "min_child_weight": 3922.642756501453, "num_boost_round": 8.0, "subsample": 0.10522316153083816}, "datetime": {"datetime": "2024-01-20 14:33:03", "elapsed": 518.313529, "delta": 0.000798}}
{"target": -13.398327326372039, "params": {"colsample_bytree": 0.5839946835553489, "eta": 0.09458407428820508, "gamma": 546.1661424816363, "max_depth": 9.0, "min_child_weight": 3922.642756501453, "num_boost_round": 9.0, "subsample": 0.10522316153083816}, "datetime": {"datetime": "2024-01-20 14:33:03", "elapsed": 518.314317, "delta": 0.000788}}
{"target": -13.398644179612955, "params": {"colsample_bytree": 0.5839946835553489, "eta": 0.09458407428820508, "gamma": 546.1661424816363, "max_depth": 9.0, "min_child_weight": 3922.642756501453, "num_boost_round": 10.0, "subsample": 0.10522316153083816}, "datetime": {"datetime": "2024-01-20 14:33:03", "elapsed": 518.315162, "delta": 0.000845}}
{"target": -13.399054492306306, "params": {"colsample_bytree": 0.5839946835553489, "eta": 0.09458407428820508, "gamma": 546.1661424816363, "max_depth": 9.0, "min_child_weight": 3922.642756501453, "num_boost_round": 11.0, "subsample": 0.10522316153083816}, "datetime": {"datetime": "2024-01-20 14:33:03", "elapsed": 518.315983, "delta": 0.000821}}
{"target": -13.39895671208942, "params": {"colsample_bytree": 0.5839946835553489, "eta": 0.09458407428820508, "gamma": 546.1661424816363, "max_depth": 9.0, "min_child_weight": 3922.642756501453, "num_boost_round": 12.0, "subsample": 0.10522316153083816}, "datetime": {"datetime": "2024-01-20 14:33:03", "elapsed": 518.31678, "delta": 0.000797}}
{"target": -13.398834243011866, "params": {"colsample_bytree": 0.5839946835553489, "eta": 0.09458407428820508, "gamma": 546.1661424816363, "max_depth": 9.0, "min_child_weight": 3922.642756501453, "num_boost_round": 13.0, "subsample": 0.10522316153083816}, "datetime": {"datetime": "2024-01-20 14:33:03", "elapsed": 518.317575, "delta": 0.000795}}
{"target": -13.39892549533938, "params": {"colsample_bytree": 0.5839946835553489, "eta": 0.09458407428820508, "gamma": 546.1661424816363, "max_depth": 9.0, "min_child_weight": 3922.642756501453, "num_boost_round": 14.0, "subsample": 0.10522316153083816}, "datetime": {"datetime": "2024-01-20 14:33:03", "elapsed": 518.318425, "delta": 0.00085}}
{"target": -13.399113901190116, "params": {"colsample_bytree": 0.5839946835553489, "eta": 0.09458407428820508, "gamma": 546.1661424816363, "max_depth": 9.0, "min_child_weight": 3922.642756501453, "num_boost_round": 15.0, "subsample": 0.10522316153083816}, "datetime": {"datetime": "2024-01-20 14:33:03", "elapsed": 518.319263, "delta": 0.000838}}
{"target": -13.400061644323307, "params": {"colsample_bytree": 0.5839946835553489, "eta": 0.09458407428820508, "gamma": 546.1661424816363, "max_depth": 9.0, "min_child_weight": 3922.642756501453, "num_boost_round": 16.0, "subsample": 0.10522316153083816}, "datetime": {"datetime": "2024-01-20 14:33:03", "elapsed": 518.320099, "delta": 0.000836}}
{"target": -13.400064311053152, "params": {"colsample_bytree": 0.5839946835553489, "eta": 0.09458407428820508, "gamma": 546.1661424816363, "max_depth": 9.0, "min_child_weight": 3922.642756501453, "num_boost_round": 17.0, "subsample": 0.10522316153083816}, "datetime": {"datetime": "2024-01-20 14:33:03", "elapsed": 518.320905, "delta": 0.000806}}
{"target": -13.400261136478955, "params": {"colsample_bytree": 0.5839946835553489, "eta": 0.09458407428820508, "gamma": 546.1661424816363, "max_depth": 9.0, "min_child_weight": 3922.642756501453, "num_boost_round": 18.0, "subsample": 0.10522316153083816}, "datetime": {"datetime": "2024-01-20 14:33:03", "elapsed": 518.32171, "delta": 0.000805}}
{"target": -13.400702672285089, "params": {"colsample_bytree": 0.5839946835553489, "eta": 0.09458407428820508, "gamma": 546.1661424816363, "max_depth": 9.0, "min_child_weight": 3922.642756501453, "num_boost_round": 19.0, "subsample": 0.10522316153083816}, "datetime": {"datetime": "2024-01-20 14:33:03", "elapsed": 518.322528, "delta": 0.000818}}
{"target": -13.401295094173754, "params": {"colsample_bytree": 0.5839946835553489, "eta": 0.09458407428820508, "gamma": 546.1661424816363, "max_depth": 9.0, "min_child_weight": 3922.642756501453, "num_boost_round": 20.0, "subsample": 0.10522316153083816}, "datetime": {"datetime": "2024-01-20 14:33:03", "elapsed": 518.323343, "delta": 0.000815}}
{"target": -13.401579051681113, "params": {"colsample_bytree": 0.5839946835553489, "eta": 0.09458407428820508, "gamma": 546.1661424816363, "max_depth": 9.0, "min_child_weight": 3922.642756501453, "num_boost_round": 21.0, "subsample": 0.10522316153083816}, "datetime": {"datetime": "2024-01-20 14:33:03", "elapsed": 518.324149, "delta": 0.000806}}
{"target": -13.401748160730918, "params": {"colsample_bytree": 0.5839946835553489, "eta": 0.09458407428820508, "gamma": 546.1661424816363, "max_depth": 9.0, "min_child_weight": 3922.642756501453, "num_boost_round": 22.0, "subsample": 0.10522316153083816}, "datetime": {"datetime": "2024-01-20 14:33:03", "elapsed": 518.324994, "delta": 0.000845}}
{"target": -13.402762329856841, "params": {"colsample_bytree": 0.5839946835553489, "eta": 0.09458407428820508, "gamma": 546.1661424816363, "max_depth": 9.0, "min_child_weight": 3922.642756501453, "num_boost_round": 23.0, "subsample": 0.10522316153083816}, "datetime": {"datetime": "2024-01-20 14:33:03", "elapsed": 518.325823, "delta": 0.000829}}
{"target": -13.403168798952276, "params": {"colsample_bytree": 0.5839946835553489, "eta": 0.09458407428820508, "gamma": 546.1661424816363, "max_depth": 9.0, "min_child_weight": 3922.642756501453, "num_boost_round": 24.0, "subsample": 0.10522316153083816}, "datetime": {"datetime": "2024-01-20 14:33:03", "elapsed": 518.326594, "delta": 0.000771}}
{"target": -13.403578074727303, "params": {"colsample_bytree": 0.5839946835553489, "eta": 0.09458407428820508, "gamma": 546.1661424816363, "max_depth": 9.0, "min_child_weight": 3922.642756501453, "num_boost_round": 25.0, "subsample": 0.10522316153083816}, "datetime": {"datetime": "2024-01-20 14:33:03", "elapsed": 518.327347, "delta": 0.000753}}
{"target": -13.404216839777668, "params": {"colsample_bytree": 0.5839946835553489, "eta": 0.09458407428820508, "gamma": 546.1661424816363, "max_depth": 9.0, "min_child_weight": 3922.642756501453, "num_boost_round": 26.0, "subsample": 0.10522316153083816}, "datetime": {"datetime": "2024-01-20 14:33:03", "elapsed": 518.32814, "delta": 0.000793}}
{"target": -13.404785606389908, "params": {"colsample_bytree": 0.5839946835553489, "eta": 0.09458407428820508, "gamma": 546.1661424816363, "max_depth": 9.0, "min_child_weight": 3922.642756501453, "num_boost_round": 27.0, "subsample": 0.10522316153083816}, "datetime": {"datetime": "2024-01-20 14:33:03", "elapsed": 518.328991, "delta": 0.000851}}
{"target": -13.405146200492284, "params": {"colsample_bytree": 0.5839946835553489, "eta": 0.09458407428820508, "gamma": 546.1661424816363, "max_depth": 9.0, "min_child_weight": 3922.642756501453, "num_boost_round": 28.0, "subsample": 0.10522316153083816}, "datetime": {"datetime": "2024-01-20 14:33:03", "elapsed": 518.329755, "delta": 0.000764}}
{"target": -13.405677380676645, "params": {"colsample_bytree": 0.5839946835553489, "eta": 0.09458407428820508, "gamma": 546.1661424816363, "max_depth": 9.0, "min_child_weight": 3922.642756501453, "num_boost_round": 29.0, "subsample": 0.10522316153083816}, "datetime": {"datetime": "2024-01-20 14:33:03", "elapsed": 518.330519, "delta": 0.000764}}
{"target": -13.405668506070786, "params": {"colsample_bytree": 0.5839946835553489, "eta": 0.09458407428820508, "gamma": 546.1661424816363, "max_depth": 9.0, "min_child_weight": 3922.642756501453, "num_boost_round": 30.0, "subsample": 0.10522316153083816}, "datetime": {"datetime": "2024-01-20 14:33:03", "elapsed": 518.331285, "delta": 0.000766}}
{"target": -13.406142211355565, "params": {"colsample_bytree": 0.5839946835553489, "eta": 0.09458407428820508, "gamma": 546.1661424816363, "max_depth": 9.0, "min_child_weight": 3922.642756501453, "num_boost_round": 31.0, "subsample": 0.10522316153083816}, "datetime": {"datetime": "2024-01-20 14:33:03", "elapsed": 518.332052, "delta": 0.000767}}
{"target": -13.406665692443793, "params": {"colsample_bytree": 0.5839946835553489, "eta": 0.09458407428820508, "gamma": 546.1661424816363, "max_depth": 9.0, "min_child_weight": 3922.642756501453, "num_boost_round": 32.0, "subsample": 0.10522316153083816}, "datetime": {"datetime": "2024-01-20 14:33:03", "elapsed": 518.332812, "delta": 0.00076}}
{"target": -13.406491632957705, "params": {"colsample_bytree": 0.5839946835553489, "eta": 0.09458407428820508, "gamma": 546.1661424816363, "max_depth": 9.0, "min_child_weight": 3922.642756501453, "num_boost_round": 33.0, "subsample": 0.10522316153083816}, "datetime": {"datetime": "2024-01-20 14:33:03", "elapsed": 518.33357, "delta": 0.000758}}
{"target": -13.406746341711917, "params": {"colsample_bytree": 0.5839946835553489, "eta": 0.09458407428820508, "gamma": 546.1661424816363, "max_depth": 9.0, "min_child_weight": 3922.642756501453, "num_boost_round": 34.0, "subsample": 0.10522316153083816}, "datetime": {"datetime": "2024-01-20 14:33:03", "elapsed": 518.334331, "delta": 0.000761}}
{"target": -13.406716068809196, "params": {"colsample_bytree": 0.5839946835553489, "eta": 0.09458407428820508, "gamma": 546.1661424816363, "max_depth": 9.0, "min_child_weight": 3922.642756501453, "num_boost_round": 35.0, "subsample": 0.10522316153083816}, "datetime": {"datetime": "2024-01-20 14:33:03", "elapsed": 518.33509, "delta": 0.000759}}
{"target": -13.406813857214063, "params": {"colsample_bytree": 0.5839946835553489, "eta": 0.09458407428820508, "gamma": 546.1661424816363, "max_depth": 9.0, "min_child_weight": 3922.642756501453, "num_boost_round": 36.0, "subsample": 0.10522316153083816}, "datetime": {"datetime": "2024-01-20 14:33:03", "elapsed": 518.335852, "delta": 0.000762}}
{"target": -13.407096147468657, "params": {"colsample_bytree": 0.5839946835553489, "eta": 0.09458407428820508, "gamma": 546.1661424816363, "max_depth": 9.0, "min_child_weight": 3922.642756501453, "num_boost_round": 37.0, "subsample": 0.10522316153083816}, "datetime": {"datetime": "2024-01-20 14:33:03", "elapsed": 518.336667, "delta": 0.000815}}
{"target": -13.40743773552281, "params": {"colsample_bytree": 0.5839946835553489, "eta": 0.09458407428820508, "gamma": 546.1661424816363, "max_depth": 9.0, "min_child_weight": 3922.642756501453, "num_boost_round": 38.0, "subsample": 0.10522316153083816}, "datetime": {"datetime": "2024-01-20 14:33:03", "elapsed": 518.337418, "delta": 0.000751}}
{"target": -13.407222615310879, "params": {"colsample_bytree": 0.5839946835553489, "eta": 0.09458407428820508, "gamma": 546.1661424816363, "max_depth": 9.0, "min_child_weight": 3922.642756501453, "num_boost_round": 39.0, "subsample": 0.10522316153083816}, "datetime": {"datetime": "2024-01-20 14:33:03", "elapsed": 518.338202, "delta": 0.000784}}
{"target": -13.407694135756664, "params": {"colsample_bytree": 0.5839946835553489, "eta": 0.09458407428820508, "gamma": 546.1661424816363, "max_depth": 9.0, "min_child_weight": 3922.642756501453, "num_boost_round": 40.0, "subsample": 0.10522316153083816}, "datetime": {"datetime": "2024-01-20 14:33:03", "elapsed": 518.338968, "delta": 0.000766}}
{"target": -13.408255216931689, "params": {"colsample_bytree": 0.5839946835553489, "eta": 0.09458407428820508, "gamma": 546.1661424816363, "max_depth": 9.0, "min_child_weight": 3922.642756501453, "num_boost_round": 41.0, "subsample": 0.10522316153083816}, "datetime": {"datetime": "2024-01-20 14:33:03", "elapsed": 518.339822, "delta": 0.000854}}
{"target": -13.408968296929661, "params": {"colsample_bytree": 0.5839946835553489, "eta": 0.09458407428820508, "gamma": 546.1661424816363, "max_depth": 9.0, "min_child_weight": 3922.642756501453, "num_boost_round": 42.0, "subsample": 0.10522316153083816}, "datetime": {"datetime": "2024-01-20 14:33:03", "elapsed": 518.340632, "delta": 0.00081}}
{"target": -13.409126980386421, "params": {"colsample_bytree": 0.5839946835553489, "eta": 0.09458407428820508, "gamma": 546.1661424816363, "max_depth": 9.0, "min_child_weight": 3922.642756501453, "num_boost_round": 43.0, "subsample": 0.10522316153083816}, "datetime": {"datetime": "2024-01-20 14:33:03", "elapsed": 518.3414, "delta": 0.000768}}
{"target": -13.409554576194285, "params": {"colsample_bytree": 0.5839946835553489, "eta": 0.09458407428820508, "gamma": 546.1661424816363, "max_depth": 9.0, "min_child_weight": 3922.642756501453, "num_boost_round": 44.0, "subsample": 0.10522316153083816}, "datetime": {"datetime": "2024-01-20 14:33:03", "elapsed": 518.342199, "delta": 0.000799}}
{"target": -13.409590536277465, "params": {"colsample_bytree": 0.5839946835553489, "eta": 0.09458407428820508, "gamma": 546.1661424816363, "max_depth": 9.0, "min_child_weight": 3922.642756501453, "num_boost_round": 45.0, "subsample": 0.10522316153083816}, "datetime": {"datetime": "2024-01-20 14:33:03", "elapsed": 518.342998, "delta": 0.000799}}
{"target": -13.40973326847785, "params": {"colsample_bytree": 0.5839946835553489, "eta": 0.09458407428820508, "gamma": 546.1661424816363, "max_depth": 9.0, "min_child_weight": 3922.642756501453, "num_boost_round": 46.0, "subsample": 0.10522316153083816}, "datetime": {"datetime": "2024-01-20 14:33:03", "elapsed": 518.343761, "delta": 0.000763}}
{"target": -13.409532712761374, "params": {"colsample_bytree": 0.5839946835553489, "eta": 0.09458407428820508, "gamma": 546.1661424816363, "max_depth": 9.0, "min_child_weight": 3922.642756501453, "num_boost_round": 47.0, "subsample": 0.10522316153083816}, "datetime": {"datetime": "2024-01-20 14:33:03", "elapsed": 518.344543, "delta": 0.000782}}
{"target": -13.410053920007716, "params": {"colsample_bytree": 0.5839946835553489, "eta": 0.09458407428820508, "gamma": 546.1661424816363, "max_depth": 9.0, "min_child_weight": 3922.642756501453, "num_boost_round": 48.0, "subsample": 0.10522316153083816}, "datetime": {"datetime": "2024-01-20 14:33:03", "elapsed": 518.345312, "delta": 0.000769}}
{"target": -13.410410717337806, "params": {"colsample_bytree": 0.5839946835553489, "eta": 0.09458407428820508, "gamma": 546.1661424816363, "max_depth": 9.0, "min_child_weight": 3922.642756501453, "num_boost_round": 49.0, "subsample": 0.10522316153083816}, "datetime": {"datetime": "2024-01-20 14:33:03", "elapsed": 518.346107, "delta": 0.000795}}
{"target": -13.410438674128358, "params": {"colsample_bytree": 0.5839946835553489, "eta": 0.09458407428820508, "gamma": 546.1661424816363, "max_depth": 9.0, "min_child_weight": 3922.642756501453, "num_boost_round": 50.0, "subsample": 0.10522316153083816}, "datetime": {"datetime": "2024-01-20 14:33:03", "elapsed": 518.346945, "delta": 0.000838}}
{"target": -13.410188146173216, "params": {"colsample_bytree": 0.5839946835553489, "eta": 0.09458407428820508, "gamma": 546.1661424816363, "max_depth": 9.0, "min_child_weight": 3922.642756501453, "num_boost_round": 51.0, "subsample": 0.10522316153083816}, "datetime": {"datetime": "2024-01-20 14:33:03", "elapsed": 518.347795, "delta": 0.00085}}
{"target": -13.410277152823253, "params": {"colsample_bytree": 0.5839946835553489, "eta": 0.09458407428820508, "gamma": 546.1661424816363, "max_depth": 9.0, "min_child_weight": 3922.642756501453, "num_boost_round": 52.0, "subsample": 0.10522316153083816}, "datetime": {"datetime": "2024-01-20 14:33:03", "elapsed": 518.348737, "delta": 0.000942}}
{"target": -13.410678430285085, "params": {"colsample_bytree": 0.5839946835553489, "eta": 0.09458407428820508, "gamma": 546.1661424816363, "max_depth": 9.0, "min_child_weight": 3922.642756501453, "num_boost_round": 53.0, "subsample": 0.10522316153083816}, "datetime": {"datetime": "2024-01-20 14:33:03", "elapsed": 518.349544, "delta": 0.000807}}
{"target": -13.410654960162065, "params": {"colsample_bytree": 0.5839946835553489, "eta": 0.09458407428820508, "gamma": 546.1661424816363, "max_depth": 9.0, "min_child_weight": 3922.642756501453, "num_boost_round": 54.0, "subsample": 0.10522316153083816}, "datetime": {"datetime": "2024-01-20 14:33:03", "elapsed": 518.350308, "delta": 0.000764}}
{"target": -13.411170160603948, "params": {"colsample_bytree": 0.5839946835553489, "eta": 0.09458407428820508, "gamma": 546.1661424816363, "max_depth": 9.0, "min_child_weight": 3922.642756501453, "num_boost_round": 55.0, "subsample": 0.10522316153083816}, "datetime": {"datetime": "2024-01-20 14:33:03", "elapsed": 518.351085, "delta": 0.000777}}
{"target": -13.411243199585357, "params": {"colsample_bytree": 0.5839946835553489, "eta": 0.09458407428820508, "gamma": 546.1661424816363, "max_depth": 9.0, "min_child_weight": 3922.642756501453, "num_boost_round": 56.0, "subsample": 0.10522316153083816}, "datetime": {"datetime": "2024-01-20 14:33:03", "elapsed": 518.351851, "delta": 0.000766}}
{"target": -13.411489594491208, "params": {"colsample_bytree": 0.5839946835553489, "eta": 0.09458407428820508, "gamma": 546.1661424816363, "max_depth": 9.0, "min_child_weight": 3922.642756501453, "num_boost_round": 57.0, "subsample": 0.10522316153083816}, "datetime": {"datetime": "2024-01-20 14:33:03", "elapsed": 518.352644, "delta": 0.000793}}
