{"target": -13.73313594212839, "params": {"colsample_bytree": 0.4984532749766013, "eta": 0.05743978153955666, "gamma": 688.6622708290367, "max_depth": 9.0, "min_child_weight": 3996.1572689871746, "num_boost_round": 2.0, "subsample": 0.642892640523614}, "datetime": {"datetime": "2024-01-20 14:34:39", "elapsed": 640.786821, "delta": 0.001106}}
{"target": -13.73416428880565, "params": {"colsample_bytree": 0.4984532749766013, "eta": 0.05743978153955666, "gamma": 688.6622708290367, "max_depth": 9.0, "min_child_weight": 3996.1572689871746, "num_boost_round": 3.0, "subsample": 0.642892640523614}, "datetime": {"datetime": "2024-01-20 14:34:39", "elapsed": 640.788133, "delta": 0.001312}}
{"target": -13.734998173069876, "params": {"colsample_bytree": 0.4984532749766013, "eta": 0.05743978153955666, "gamma": 688.6622708290367, "max_depth": 9.0, "min_child_weight": 3996.1572689871746, "num_boost_round": 4.0, "subsample": 0.642892640523614}, "datetime": {"datetime": "2024-01-20 14:34:39", "elapsed": 640.792395, "delta": 0.004262}}
{"target": -13.736857134544032, "params": {"colsample_bytree": 0.4984532749766013, "eta": 0.05743978153955666, "gamma": 688.6622708290367, "max_depth": 9.0, "min_child_weight": 3996.1572689871746, "num_boost_round": 5.0, "subsample": 0.642892640523614}, "datetime": {"datetime": "2024-01-20 14:34:39", "elapsed": 640.793096, "delta": 0.000701}}
{"target": -13.739002344566355, "params": {"colsample_bytree": 0.4984532749766013, "eta": 0.05743978153955666, "gamma": 688.6622708290367, "max_depth": 9.0, "min_child_weight": 3996.1572689871746, "num_boost_round": 6.0, "subsample": 0.642892640523614}, "datetime": {"datetime": "2024-01-20 14:34:39", "elapsed": 640.793866, "delta": 0.00077}}
{"target": -13.740151602666927, "params": {"colsample_bytree": 0.4984532749766013, "eta": 0.05743978153955666, "gamma": 688.6622708290367, "max_depth": 9.0, "min_child_weight": 3996.1572689871746, "num_boost_round": 7.0, "subsample": 0.642892640523614}, "datetime": {"datetime": "2024-01-20 14:34:39", "elapsed": 640.79454, "delta": 0.000674}}
{"target": -13.741800438133733, "params": {"colsample_bytree": 0.4984532749766013, "eta": 0.05743978153955666, "gamma": 688.6622708290367, "max_depth": 9.0, "min_child_weight": 3996.1572689871746, "num_boost_round": 8.0, "subsample": 0.642892640523614}, "datetime": {"datetime": "2024-01-20 14:34:39", "elapsed": 640.795189, "delta": 0.000649}}
{"target": -13.743481825196369, "params": {"colsample_bytree": 0.4984532749766013, "eta": 0.05743978153955666, "gamma": 688.6622708290367, "max_depth": 9.0, "min_child_weight": 3996.1572689871746, "num_boost_round": 9.0, "subsample": 0.642892640523614}, "datetime": {"datetime": "2024-01-20 14:34:39", "elapsed": 640.795862, "delta": 0.000673}}
{"target": -13.744744069836687, "params": {"colsample_bytree": 0.4984532749766013, "eta": 0.05743978153955666, "gamma": 688.6622708290367, "max_depth": 9.0, "min_child_weight": 3996.1572689871746, "num_boost_round": 10.0, "subsample": 0.642892640523614}, "datetime": {"datetime": "2024-01-20 14:34:39", "elapsed": 640.796466, "delta": 0.000604}}
{"target": -13.746223087010394, "params": {"colsample_bytree": 0.4984532749766013, "eta": 0.05743978153955666, "gamma": 688.6622708290367, "max_depth": 9.0, "min_child_weight": 3996.1572689871746, "num_boost_round": 11.0, "subsample": 0.642892640523614}, "datetime": {"datetime": "2024-01-20 14:34:39", "elapsed": 640.797871, "delta": 0.001405}}
{"target": -13.74793203715858, "params": {"colsample_bytree": 0.4984532749766013, "eta": 0.05743978153955666, "gamma": 688.6622708290367, "max_depth": 9.0, "min_child_weight": 3996.1572689871746, "num_boost_round": 12.0, "subsample": 0.642892640523614}, "datetime": {"datetime": "2024-01-20 14:34:39", "elapsed": 640.798589, "delta": 0.000718}}
{"target": -13.74952764906756, "params": {"colsample_bytree": 0.4984532749766013, "eta": 0.05743978153955666, "gamma": 688.6622708290367, "max_depth": 9.0, "min_child_weight": 3996.1572689871746, "num_boost_round": 13.0, "subsample": 0.642892640523614}, "datetime": {"datetime": "2024-01-20 14:34:39", "elapsed": 640.7993, "delta": 0.000711}}
{"target": -13.750584593730153, "params": {"colsample_bytree": 0.4984532749766013, "eta": 0.05743978153955666, "gamma": 688.6622708290367, "max_depth": 9.0, "min_child_weight": 3996.1572689871746, "num_boost_round": 14.0, "subsample": 0.642892640523614}, "datetime": {"datetime": "2024-01-20 14:34:39", "elapsed": 640.800015, "delta": 0.000715}}
{"target": -13.751674042404716, "params": {"colsample_bytree": 0.4984532749766013, "eta": 0.05743978153955666, "gamma": 688.6622708290367, "max_depth": 9.0, "min_child_weight": 3996.1572689871746, "num_boost_round": 15.0, "subsample": 0.642892640523614}, "datetime": {"datetime": "2024-01-20 14:34:39", "elapsed": 640.800726, "delta": 0.000711}}
{"target": -13.753000030946314, "params": {"colsample_bytree": 0.4984532749766013, "eta": 0.05743978153955666, "gamma": 688.6622708290367, "max_depth": 9.0, "min_child_weight": 3996.1572689871746, "num_boost_round": 16.0, "subsample": 0.642892640523614}, "datetime": {"datetime": "2024-01-20 14:34:39", "elapsed": 640.801419, "delta": 0.000693}}
{"target": -13.754428801401222, "params": {"colsample_bytree": 0.4984532749766013, "eta": 0.05743978153955666, "gamma": 688.6622708290367, "max_depth": 9.0, "min_child_weight": 3996.1572689871746, "num_boost_round": 17.0, "subsample": 0.642892640523614}, "datetime": {"datetime": "2024-01-20 14:34:39", "elapsed": 640.802042, "delta": 0.000623}}
{"target": -13.755525152476498, "params": {"colsample_bytree": 0.4984532749766013, "eta": 0.05743978153955666, "gamma": 688.6622708290367, "max_depth": 9.0, "min_child_weight": 3996.1572689871746, "num_boost_round": 18.0, "subsample": 0.642892640523614}, "datetime": {"datetime": "2024-01-20 14:34:39", "elapsed": 640.802735, "delta": 0.000693}}
{"target": -13.756642492439525, "params": {"colsample_bytree": 0.4984532749766013, "eta": 0.05743978153955666, "gamma": 688.6622708290367, "max_depth": 9.0, "min_child_weight": 3996.1572689871746, "num_boost_round": 19.0, "subsample": 0.642892640523614}, "datetime": {"datetime": "2024-01-20 14:34:39", "elapsed": 640.803427, "delta": 0.000692}}
{"target": -13.757661793912872, "params": {"colsample_bytree": 0.4984532749766013, "eta": 0.05743978153955666, "gamma": 688.6622708290367, "max_depth": 9.0, "min_child_weight": 3996.1572689871746, "num_boost_round": 20.0, "subsample": 0.642892640523614}, "datetime": {"datetime": "2024-01-20 14:34:39", "elapsed": 640.804195, "delta": 0.000768}}
{"target": -13.758988787207226, "params": {"colsample_bytree": 0.4984532749766013, "eta": 0.05743978153955666, "gamma": 688.6622708290367, "max_depth": 9.0, "min_child_weight": 3996.1572689871746, "num_boost_round": 21.0, "subsample": 0.642892640523614}, "datetime": {"datetime": "2024-01-20 14:34:39", "elapsed": 640.8049, "delta": 0.000705}}
{"target": -13.760716977617705, "params": {"colsample_bytree": 0.4984532749766013, "eta": 0.05743978153955666, "gamma": 688.6622708290367, "max_depth": 9.0, "min_child_weight": 3996.1572689871746, "num_boost_round": 22.0, "subsample": 0.642892640523614}, "datetime": {"datetime": "2024-01-20 14:34:39", "elapsed": 640.805683, "delta": 0.000783}}
{"target": -13.761791711135519, "params": {"colsample_bytree": 0.4984532749766013, "eta": 0.05743978153955666, "gamma": 688.6622708290367, "max_depth": 9.0, "min_child_weight": 3996.1572689871746, "num_boost_round": 23.0, "subsample": 0.642892640523614}, "datetime": {"datetime": "2024-01-20 14:34:39", "elapsed": 640.806405, "delta": 0.000722}}
{"target": -13.763158742221096, "params": {"colsample_bytree": 0.4984532749766013, "eta": 0.05743978153955666, "gamma": 688.6622708290367, "max_depth": 9.0, "min_child_weight": 3996.1572689871746, "num_boost_round": 24.0, "subsample": 0.642892640523614}, "datetime": {"datetime": "2024-01-20 14:34:39", "elapsed": 640.807119, "delta": 0.000714}}
{"target": -13.764242171020928, "params": {"colsample_bytree": 0.4984532749766013, "eta": 0.05743978153955666, "gamma": 688.6622708290367, "max_depth": 9.0, "min_child_weight": 3996.1572689871746, "num_boost_round": 25.0, "subsample": 0.642892640523614}, "datetime": {"datetime": "2024-01-20 14:34:39", "elapsed": 640.807837, "delta": 0.000718}}
{"target": -13.76527915187056, "params": {"colsample_bytree": 0.4984532749766013, "eta": 0.05743978153955666, "gamma": 688.6622708290367, "max_depth": 9.0, "min_child_weight": 3996.1572689871746, "num_boost_round": 26.0, "subsample": 0.642892640523614}, "datetime": {"datetime": "2024-01-20 14:34:39", "elapsed": 640.80855, "delta": 0.000713}}
{"target": -13.766365895740911, "params": {"colsample_bytree": 0.4984532749766013, "eta": 0.05743978153955666, "gamma": 688.6622708290367, "max_depth": 9.0, "min_child_weight": 3996.1572689871746, "num_boost_round": 27.0, "subsample": 0.642892640523614}, "datetime": {"datetime": "2024-01-20 14:34:39", "elapsed": 640.809259, "delta": 0.000709}}
{"target": -13.732600381867766, "params": {"colsample_bytree": 0.8386222553551325, "eta": 0.0788433873336956, "gamma": 891.7521014213024, "max_depth": 7.0, "min_child_weight": 4259.003517200469, "num_boost_round": 1.0, "subsample": 0.27707539707743145}, "datetime": {"datetime": "2024-01-20 14:34:53", "elapsed": 654.506218, "delta": 13.696959}}
{"target": -13.734320851194962, "params": {"colsample_bytree": 0.8386222553551325, "eta": 0.0788433873336956, "gamma": 891.7521014213024, "max_depth": 7.0, "min_child_weight": 4259.003517200469, "num_boost_round": 2.0, "subsample": 0.27707539707743145}, "datetime": {"datetime": "2024-01-20 14:34:53", "elapsed": 654.507521, "delta": 0.001303}}
{"target": -13.732941698158687, "params": {"colsample_bytree": 0.8989439565310412, "eta": 0.08378054652883797, "gamma": 640.3596180585733, "max_depth": 4.0, "min_child_weight": 4376.571720716327, "num_boost_round": 1.0, "subsample": 0.3282291287625887}, "datetime": {"datetime": "2024-01-20 14:35:06", "elapsed": 667.855667, "delta": 13.348146}}
{"target": -13.7314942013145, "params": {"colsample_bytree": 0.552713933408777, "eta": 0.031373417919636264, "gamma": 475.13400653258833, "max_depth": 3.0, "min_child_weight": 4073.739091169189, "num_boost_round": 1.0, "subsample": 0.7268233573975228}, "datetime": {"datetime": "2024-01-20 14:35:20", "elapsed": 681.032869, "delta": 13.177202}}
{"target": -13.731791029984679, "params": {"colsample_bytree": 0.552713933408777, "eta": 0.031373417919636264, "gamma": 475.13400653258833, "max_depth": 3.0, "min_child_weight": 4073.739091169189, "num_boost_round": 2.0, "subsample": 0.7268233573975228}, "datetime": {"datetime": "2024-01-20 14:35:20", "elapsed": 681.034889, "delta": 0.00202}}
{"target": -13.73153767888694, "params": {"colsample_bytree": 0.46554286180915905, "eta": 0.064596748160454, "gamma": 534.4474433301142, "max_depth": 7.0, "min_child_weight": 4073.0165140323184, "num_boost_round": 1.0, "subsample": 0.8891533479223601}, "datetime": {"datetime": "2024-01-20 14:35:35", "elapsed": 696.819044, "delta": 15.784155}}
{"target": -13.732136962461766, "params": {"colsample_bytree": 0.46554286180915905, "eta": 0.064596748160454, "gamma": 534.4474433301142, "max_depth": 7.0, "min_child_weight": 4073.0165140323184, "num_boost_round": 2.0, "subsample": 0.8891533479223601}, "datetime": {"datetime": "2024-01-20 14:35:35", "elapsed": 696.820124, "delta": 0.00108}}
{"target": -13.73333697294035, "params": {"colsample_bytree": 0.46554286180915905, "eta": 0.064596748160454, "gamma": 534.4474433301142, "max_depth": 7.0, "min_child_weight": 4073.0165140323184, "num_boost_round": 3.0, "subsample": 0.8891533479223601}, "datetime": {"datetime": "2024-01-20 14:35:35", "elapsed": 696.820873, "delta": 0.000749}}
{"target": -13.734411415201457, "params": {"colsample_bytree": 0.46554286180915905, "eta": 0.064596748160454, "gamma": 534.4474433301142, "max_depth": 7.0, "min_child_weight": 4073.0165140323184, "num_boost_round": 4.0, "subsample": 0.8891533479223601}, "datetime": {"datetime": "2024-01-20 14:35:35", "elapsed": 696.822444, "delta": 0.001571}}
{"target": -13.736594514504548, "params": {"colsample_bytree": 0.46554286180915905, "eta": 0.064596748160454, "gamma": 534.4474433301142, "max_depth": 7.0, "min_child_weight": 4073.0165140323184, "num_boost_round": 5.0, "subsample": 0.8891533479223601}, "datetime": {"datetime": "2024-01-20 14:35:35", "elapsed": 696.823292, "delta": 0.000848}}
{"target": -13.738021758488486, "params": {"colsample_bytree": 0.46554286180915905, "eta": 0.064596748160454, "gamma": 534.4474433301142, "max_depth": 7.0, "min_child_weight": 4073.0165140323184, "num_boost_round": 6.0, "subsample": 0.8891533479223601}, "datetime": {"datetime": "2024-01-20 14:35:35", "elapsed": 696.82402, "delta": 0.000728}}
{"target": -13.732047496147182, "params": {"colsample_bytree": 0.10183388853409812, "eta": 0.08801041411876959, "gamma": 384.2305656634778, "max_depth": 9.0, "min_child_weight": 4126.1682384125925, "num_boost_round": 1.0, "subsample": 0.2277929661623585}, "datetime": {"datetime": "2024-01-20 14:35:50", "elapsed": 711.301432, "delta": 14.477412}}
{"target": -13.732749466159316, "params": {"colsample_bytree": 0.10183388853409812, "eta": 0.08801041411876959, "gamma": 384.2305656634778, "max_depth": 9.0, "min_child_weight": 4126.1682384125925, "num_boost_round": 2.0, "subsample": 0.2277929661623585}, "datetime": {"datetime": "2024-01-20 14:35:50", "elapsed": 711.303342, "delta": 0.00191}}
{"target": -13.73355741329384, "params": {"colsample_bytree": 0.10183388853409812, "eta": 0.08801041411876959, "gamma": 384.2305656634778, "max_depth": 9.0, "min_child_weight": 4126.1682384125925, "num_boost_round": 3.0, "subsample": 0.2277929661623585}, "datetime": {"datetime": "2024-01-20 14:35:50", "elapsed": 711.304247, "delta": 0.000905}}
{"target": -13.731852197472675, "params": {"colsample_bytree": 0.8819619723531056, "eta": 0.04757661209845809, "gamma": 580.3639031858226, "max_depth": 6.0, "min_child_weight": 4509.6405983020195, "num_boost_round": 1.0, "subsample": 0.9134935577636848}, "datetime": {"datetime": "2024-01-20 14:36:04", "elapsed": 725.790346, "delta": 14.486099}}
{"target": -13.732860083781372, "params": {"colsample_bytree": 0.8819619723531056, "eta": 0.04757661209845809, "gamma": 580.3639031858226, "max_depth": 6.0, "min_child_weight": 4509.6405983020195, "num_boost_round": 2.0, "subsample": 0.9134935577636848}, "datetime": {"datetime": "2024-01-20 14:36:04", "elapsed": 725.791336, "delta": 0.00099}}
{"target": -13.733880896619173, "params": {"colsample_bytree": 0.8819619723531056, "eta": 0.04757661209845809, "gamma": 580.3639031858226, "max_depth": 6.0, "min_child_weight": 4509.6405983020195, "num_boost_round": 3.0, "subsample": 0.9134935577636848}, "datetime": {"datetime": "2024-01-20 14:36:04", "elapsed": 725.792403, "delta": 0.001067}}
{"target": -13.735213409566976, "params": {"colsample_bytree": 0.8819619723531056, "eta": 0.04757661209845809, "gamma": 580.3639031858226, "max_depth": 6.0, "min_child_weight": 4509.6405983020195, "num_boost_round": 4.0, "subsample": 0.9134935577636848}, "datetime": {"datetime": "2024-01-20 14:36:04", "elapsed": 725.79314, "delta": 0.000737}}
{"target": -13.731115727786863, "params": {"colsample_bytree": 0.6458168557490799, "eta": 0.006984403751090499, "gamma": 362.2142303610878, "max_depth": 2.0, "min_child_weight": 4254.230684348003, "num_boost_round": 1.0, "subsample": 0.12897635594643142}, "datetime": {"datetime": "2024-01-20 14:36:18", "elapsed": 739.843683, "delta": 14.050543}}
{"target": -13.731172598755975, "params": {"colsample_bytree": 0.6458168557490799, "eta": 0.006984403751090499, "gamma": 362.2142303610878, "max_depth": 2.0, "min_child_weight": 4254.230684348003, "num_boost_round": 2.0, "subsample": 0.12897635594643142}, "datetime": {"datetime": "2024-01-20 14:36:18", "elapsed": 739.845683, "delta": 0.002}}
{"target": -13.731283393445363, "params": {"colsample_bytree": 0.6458168557490799, "eta": 0.006984403751090499, "gamma": 362.2142303610878, "max_depth": 2.0, "min_child_weight": 4254.230684348003, "num_boost_round": 3.0, "subsample": 0.12897635594643142}, "datetime": {"datetime": "2024-01-20 14:36:18", "elapsed": 739.846544, "delta": 0.000861}}
{"target": -13.731373389196502, "params": {"colsample_bytree": 0.6458168557490799, "eta": 0.006984403751090499, "gamma": 362.2142303610878, "max_depth": 2.0, "min_child_weight": 4254.230684348003, "num_boost_round": 4.0, "subsample": 0.12897635594643142}, "datetime": {"datetime": "2024-01-20 14:36:18", "elapsed": 739.847306, "delta": 0.000762}}
{"target": -13.731423820266862, "params": {"colsample_bytree": 0.7478669624193552, "eta": 0.02060106726309085, "gamma": 850.1245606468824, "max_depth": 7.0, "min_child_weight": 4060.4815932004085, "num_boost_round": 1.0, "subsample": 0.407491015993245}, "datetime": {"datetime": "2024-01-20 14:36:34", "elapsed": 755.68123, "delta": 15.833924}}
{"target": -13.731960768648914, "params": {"colsample_bytree": 0.7478669624193552, "eta": 0.02060106726309085, "gamma": 850.1245606468824, "max_depth": 7.0, "min_child_weight": 4060.4815932004085, "num_boost_round": 2.0, "subsample": 0.407491015993245}, "datetime": {"datetime": "2024-01-20 14:36:34", "elapsed": 755.683439, "delta": 0.002209}}
{"target": -13.732393126256046, "params": {"colsample_bytree": 0.7478669624193552, "eta": 0.02060106726309085, "gamma": 850.1245606468824, "max_depth": 7.0, "min_child_weight": 4060.4815932004085, "num_boost_round": 3.0, "subsample": 0.407491015993245}, "datetime": {"datetime": "2024-01-20 14:36:34", "elapsed": 755.68508, "delta": 0.001641}}
{"target": -13.732909071342384, "params": {"colsample_bytree": 0.7478669624193552, "eta": 0.02060106726309085, "gamma": 850.1245606468824, "max_depth": 7.0, "min_child_weight": 4060.4815932004085, "num_boost_round": 4.0, "subsample": 0.407491015993245}, "datetime": {"datetime": "2024-01-20 14:36:34", "elapsed": 755.686019, "delta": 0.000939}}
{"target": -13.733586760024956, "params": {"colsample_bytree": 0.7478669624193552, "eta": 0.02060106726309085, "gamma": 850.1245606468824, "max_depth": 7.0, "min_child_weight": 4060.4815932004085, "num_boost_round": 5.0, "subsample": 0.407491015993245}, "datetime": {"datetime": "2024-01-20 14:36:34", "elapsed": 755.686917, "delta": 0.000898}}
{"target": -13.734050385684135, "params": {"colsample_bytree": 0.7478669624193552, "eta": 0.02060106726309085, "gamma": 850.1245606468824, "max_depth": 7.0, "min_child_weight": 4060.4815932004085, "num_boost_round": 6.0, "subsample": 0.407491015993245}, "datetime": {"datetime": "2024-01-20 14:36:34", "elapsed": 755.6878, "delta": 0.000883}}
{"target": -13.732563120719409, "params": {"colsample_bytree": 0.9580563658347626, "eta": 0.07540247276865517, "gamma": 307.764805930695, "max_depth": 4.0, "min_child_weight": 4217.678017447444, "num_boost_round": 1.0, "subsample": 0.35030288529948406}, "datetime": {"datetime": "2024-01-20 14:36:54", "elapsed": 775.086545, "delta": 19.398745}}
{"target": -13.733378046883878, "params": {"colsample_bytree": 0.9580563658347626, "eta": 0.07540247276865517, "gamma": 307.764805930695, "max_depth": 4.0, "min_child_weight": 4217.678017447444, "num_boost_round": 2.0, "subsample": 0.35030288529948406}, "datetime": {"datetime": "2024-01-20 14:36:54", "elapsed": 775.088504, "delta": 0.001959}}
{"target": -13.734898303909354, "params": {"colsample_bytree": 0.9580563658347626, "eta": 0.07540247276865517, "gamma": 307.764805930695, "max_depth": 4.0, "min_child_weight": 4217.678017447444, "num_boost_round": 3.0, "subsample": 0.35030288529948406}, "datetime": {"datetime": "2024-01-20 14:36:54", "elapsed": 775.089354, "delta": 0.00085}}
{"target": -13.736164585867451, "params": {"colsample_bytree": 0.9580563658347626, "eta": 0.07540247276865517, "gamma": 307.764805930695, "max_depth": 4.0, "min_child_weight": 4217.678017447444, "num_boost_round": 4.0, "subsample": 0.35030288529948406}, "datetime": {"datetime": "2024-01-20 14:36:54", "elapsed": 775.090177, "delta": 0.000823}}
{"target": -13.73796480793015, "params": {"colsample_bytree": 0.9580563658347626, "eta": 0.07540247276865517, "gamma": 307.764805930695, "max_depth": 4.0, "min_child_weight": 4217.678017447444, "num_boost_round": 5.0, "subsample": 0.35030288529948406}, "datetime": {"datetime": "2024-01-20 14:36:54", "elapsed": 775.090982, "delta": 0.000805}}
{"target": -13.739412160497416, "params": {"colsample_bytree": 0.9580563658347626, "eta": 0.07540247276865517, "gamma": 307.764805930695, "max_depth": 4.0, "min_child_weight": 4217.678017447444, "num_boost_round": 6.0, "subsample": 0.35030288529948406}, "datetime": {"datetime": "2024-01-20 14:36:54", "elapsed": 775.091776, "delta": 0.000794}}
{"target": -13.741083139664632, "params": {"colsample_bytree": 0.9580563658347626, "eta": 0.07540247276865517, "gamma": 307.764805930695, "max_depth": 4.0, "min_child_weight": 4217.678017447444, "num_boost_round": 7.0, "subsample": 0.35030288529948406}, "datetime": {"datetime": "2024-01-20 14:36:54", "elapsed": 775.092567, "delta": 0.000791}}
{"target": -13.742687004158547, "params": {"colsample_bytree": 0.9580563658347626, "eta": 0.07540247276865517, "gamma": 307.764805930695, "max_depth": 4.0, "min_child_weight": 4217.678017447444, "num_boost_round": 8.0, "subsample": 0.35030288529948406}, "datetime": {"datetime": "2024-01-20 14:36:54", "elapsed": 775.093364, "delta": 0.000797}}
{"target": -13.74465981985509, "params": {"colsample_bytree": 0.9580563658347626, "eta": 0.07540247276865517, "gamma": 307.764805930695, "max_depth": 4.0, "min_child_weight": 4217.678017447444, "num_boost_round": 9.0, "subsample": 0.35030288529948406}, "datetime": {"datetime": "2024-01-20 14:36:54", "elapsed": 775.09414, "delta": 0.000776}}
