{"target": -13.409818047364727, "params": {"colsample_bytree": 0.6183172783624811, "eta": 0.08873971799514445, "gamma": 193.85582564467495, "max_depth": 5.0, "min_child_weight": 3644.062806257696, "num_boost_round": 60.0, "subsample": 0.18209865252198043}, "datetime": {"datetime": "2024-01-20 15:04:07", "elapsed": 2381.968328, "delta": 0.002567}}
{"target": -13.410184101139805, "params": {"colsample_bytree": 0.6183172783624811, "eta": 0.08873971799514445, "gamma": 193.85582564467495, "max_depth": 5.0, "min_child_weight": 3644.062806257696, "num_boost_round": 61.0, "subsample": 0.18209865252198043}, "datetime": {"datetime": "2024-01-20 15:04:07", "elapsed": 2381.970856, "delta": 0.002528}}
{"target": -13.410103491598326, "params": {"colsample_bytree": 0.6183172783624811, "eta": 0.08873971799514445, "gamma": 193.85582564467495, "max_depth": 5.0, "min_child_weight": 3644.062806257696, "num_boost_round": 62.0, "subsample": 0.18209865252198043}, "datetime": {"datetime": "2024-01-20 15:04:07", "elapsed": 2381.973221, "delta": 0.002365}}
{"target": -13.410815423082656, "params": {"colsample_bytree": 0.6183172783624811, "eta": 0.08873971799514445, "gamma": 193.85582564467495, "max_depth": 5.0, "min_child_weight": 3644.062806257696, "num_boost_round": 63.0, "subsample": 0.18209865252198043}, "datetime": {"datetime": "2024-01-20 15:04:07", "elapsed": 2381.980463, "delta": 0.007242}}
{"target": -13.411046665321937, "params": {"colsample_bytree": 0.6183172783624811, "eta": 0.08873971799514445, "gamma": 193.85582564467495, "max_depth": 5.0, "min_child_weight": 3644.062806257696, "num_boost_round": 64.0, "subsample": 0.18209865252198043}, "datetime": {"datetime": "2024-01-20 15:04:07", "elapsed": 2381.982873, "delta": 0.00241}}
{"target": -13.411340396751006, "params": {"colsample_bytree": 0.6183172783624811, "eta": 0.08873971799514445, "gamma": 193.85582564467495, "max_depth": 5.0, "min_child_weight": 3644.062806257696, "num_boost_round": 65.0, "subsample": 0.18209865252198043}, "datetime": {"datetime": "2024-01-20 15:04:07", "elapsed": 2381.985296, "delta": 0.002423}}
{"target": -13.411524193344913, "params": {"colsample_bytree": 0.6183172783624811, "eta": 0.08873971799514445, "gamma": 193.85582564467495, "max_depth": 5.0, "min_child_weight": 3644.062806257696, "num_boost_round": 66.0, "subsample": 0.18209865252198043}, "datetime": {"datetime": "2024-01-20 15:04:07", "elapsed": 2381.987763, "delta": 0.002467}}
{"target": -13.411545476061555, "params": {"colsample_bytree": 0.6183172783624811, "eta": 0.08873971799514445, "gamma": 193.85582564467495, "max_depth": 5.0, "min_child_weight": 3644.062806257696, "num_boost_round": 67.0, "subsample": 0.18209865252198043}, "datetime": {"datetime": "2024-01-20 15:04:07", "elapsed": 2381.990559, "delta": 0.002796}}
{"target": -13.41175821685039, "params": {"colsample_bytree": 0.6183172783624811, "eta": 0.08873971799514445, "gamma": 193.85582564467495, "max_depth": 5.0, "min_child_weight": 3644.062806257696, "num_boost_round": 68.0, "subsample": 0.18209865252198043}, "datetime": {"datetime": "2024-01-20 15:04:07", "elapsed": 2381.993167, "delta": 0.002608}}
{"target": -13.411658722061034, "params": {"colsample_bytree": 0.6183172783624811, "eta": 0.08873971799514445, "gamma": 193.85582564467495, "max_depth": 5.0, "min_child_weight": 3644.062806257696, "num_boost_round": 69.0, "subsample": 0.18209865252198043}, "datetime": {"datetime": "2024-01-20 15:04:07", "elapsed": 2381.995804, "delta": 0.002637}}
{"target": -13.411676116874744, "params": {"colsample_bytree": 0.6183172783624811, "eta": 0.08873971799514445, "gamma": 193.85582564467495, "max_depth": 5.0, "min_child_weight": 3644.062806257696, "num_boost_round": 70.0, "subsample": 0.18209865252198043}, "datetime": {"datetime": "2024-01-20 15:04:07", "elapsed": 2381.998326, "delta": 0.002522}}
{"target": -13.412243076739173, "params": {"colsample_bytree": 0.6183172783624811, "eta": 0.08873971799514445, "gamma": 193.85582564467495, "max_depth": 5.0, "min_child_weight": 3644.062806257696, "num_boost_round": 71.0, "subsample": 0.18209865252198043}, "datetime": {"datetime": "2024-01-20 15:04:07", "elapsed": 2382.000812, "delta": 0.002486}}
{"target": -13.411926985688215, "params": {"colsample_bytree": 0.6183172783624811, "eta": 0.08873971799514445, "gamma": 193.85582564467495, "max_depth": 5.0, "min_child_weight": 3644.062806257696, "num_boost_round": 72.0, "subsample": 0.18209865252198043}, "datetime": {"datetime": "2024-01-20 15:04:07", "elapsed": 2382.003248, "delta": 0.002436}}
{"target": -13.411959930986136, "params": {"colsample_bytree": 0.6183172783624811, "eta": 0.08873971799514445, "gamma": 193.85582564467495, "max_depth": 5.0, "min_child_weight": 3644.062806257696, "num_boost_round": 73.0, "subsample": 0.18209865252198043}, "datetime": {"datetime": "2024-01-20 15:04:07", "elapsed": 2382.005786, "delta": 0.002538}}
{"target": -13.412067115630238, "params": {"colsample_bytree": 0.6183172783624811, "eta": 0.08873971799514445, "gamma": 193.85582564467495, "max_depth": 5.0, "min_child_weight": 3644.062806257696, "num_boost_round": 74.0, "subsample": 0.18209865252198043}, "datetime": {"datetime": "2024-01-20 15:04:07", "elapsed": 2382.008272, "delta": 0.002486}}
{"target": -13.412143641851753, "params": {"colsample_bytree": 0.6183172783624811, "eta": 0.08873971799514445, "gamma": 193.85582564467495, "max_depth": 5.0, "min_child_weight": 3644.062806257696, "num_boost_round": 75.0, "subsample": 0.18209865252198043}, "datetime": {"datetime": "2024-01-20 15:04:07", "elapsed": 2382.01082, "delta": 0.002548}}
{"target": -13.412279037305535, "params": {"colsample_bytree": 0.6183172783624811, "eta": 0.08873971799514445, "gamma": 193.85582564467495, "max_depth": 5.0, "min_child_weight": 3644.062806257696, "num_boost_round": 76.0, "subsample": 0.18209865252198043}, "datetime": {"datetime": "2024-01-20 15:04:07", "elapsed": 2382.013254, "delta": 0.002434}}
{"target": -13.412754210391466, "params": {"colsample_bytree": 0.6183172783624811, "eta": 0.08873971799514445, "gamma": 193.85582564467495, "max_depth": 5.0, "min_child_weight": 3644.062806257696, "num_boost_round": 77.0, "subsample": 0.18209865252198043}, "datetime": {"datetime": "2024-01-20 15:04:07", "elapsed": 2382.015734, "delta": 0.00248}}
{"target": -13.412874627773558, "params": {"colsample_bytree": 0.6183172783624811, "eta": 0.08873971799514445, "gamma": 193.85582564467495, "max_depth": 5.0, "min_child_weight": 3644.062806257696, "num_boost_round": 78.0, "subsample": 0.18209865252198043}, "datetime": {"datetime": "2024-01-20 15:04:07", "elapsed": 2382.018335, "delta": 0.002601}}
{"target": -13.413399655586801, "params": {"colsample_bytree": 0.6183172783624811, "eta": 0.08873971799514445, "gamma": 193.85582564467495, "max_depth": 5.0, "min_child_weight": 3644.062806257696, "num_boost_round": 79.0, "subsample": 0.18209865252198043}, "datetime": {"datetime": "2024-01-20 15:04:07", "elapsed": 2382.020786, "delta": 0.002451}}
{"target": -13.413854191352286, "params": {"colsample_bytree": 0.6183172783624811, "eta": 0.08873971799514445, "gamma": 193.85582564467495, "max_depth": 5.0, "min_child_weight": 3644.062806257696, "num_boost_round": 80.0, "subsample": 0.18209865252198043}, "datetime": {"datetime": "2024-01-20 15:04:07", "elapsed": 2382.023247, "delta": 0.002461}}
{"target": -13.397757421896719, "params": {"colsample_bytree": 0.7042244559168769, "eta": 0.0011989717414691437, "gamma": 400.9746787112782, "max_depth": 5.0, "min_child_weight": 3390.2677253161146, "num_boost_round": 1.0, "subsample": 0.6190275901722819}, "datetime": {"datetime": "2024-01-20 15:04:36", "elapsed": 2411.055998, "delta": 29.032751}}
{"target": -13.397754312924002, "params": {"colsample_bytree": 0.7042244559168769, "eta": 0.0011989717414691437, "gamma": 400.9746787112782, "max_depth": 5.0, "min_child_weight": 3390.2677253161146, "num_boost_round": 2.0, "subsample": 0.6190275901722819}, "datetime": {"datetime": "2024-01-20 15:04:36", "elapsed": 2411.059232, "delta": 0.003234}}
{"target": -13.397750720028949, "params": {"colsample_bytree": 0.7042244559168769, "eta": 0.0011989717414691437, "gamma": 400.9746787112782, "max_depth": 5.0, "min_child_weight": 3390.2677253161146, "num_boost_round": 3.0, "subsample": 0.6190275901722819}, "datetime": {"datetime": "2024-01-20 15:04:36", "elapsed": 2411.062345, "delta": 0.003113}}
{"target": -13.397754887268711, "params": {"colsample_bytree": 0.7042244559168769, "eta": 0.0011989717414691437, "gamma": 400.9746787112782, "max_depth": 5.0, "min_child_weight": 3390.2677253161146, "num_boost_round": 4.0, "subsample": 0.6190275901722819}, "datetime": {"datetime": "2024-01-20 15:04:36", "elapsed": 2411.064932, "delta": 0.002587}}
{"target": -13.397750907603216, "params": {"colsample_bytree": 0.7042244559168769, "eta": 0.0011989717414691437, "gamma": 400.9746787112782, "max_depth": 5.0, "min_child_weight": 3390.2677253161146, "num_boost_round": 5.0, "subsample": 0.6190275901722819}, "datetime": {"datetime": "2024-01-20 15:04:36", "elapsed": 2411.067456, "delta": 0.002524}}
{"target": -13.39775208375573, "params": {"colsample_bytree": 0.7042244559168769, "eta": 0.0011989717414691437, "gamma": 400.9746787112782, "max_depth": 5.0, "min_child_weight": 3390.2677253161146, "num_boost_round": 6.0, "subsample": 0.6190275901722819}, "datetime": {"datetime": "2024-01-20 15:04:36", "elapsed": 2411.070093, "delta": 0.002637}}
{"target": -13.397761849986905, "params": {"colsample_bytree": 0.7042244559168769, "eta": 0.0011989717414691437, "gamma": 400.9746787112782, "max_depth": 5.0, "min_child_weight": 3390.2677253161146, "num_boost_round": 7.0, "subsample": 0.6190275901722819}, "datetime": {"datetime": "2024-01-20 15:04:36", "elapsed": 2411.072592, "delta": 0.002499}}
{"target": -13.397762947194446, "params": {"colsample_bytree": 0.7042244559168769, "eta": 0.0011989717414691437, "gamma": 400.9746787112782, "max_depth": 5.0, "min_child_weight": 3390.2677253161146, "num_boost_round": 8.0, "subsample": 0.6190275901722819}, "datetime": {"datetime": "2024-01-20 15:04:36", "elapsed": 2411.075064, "delta": 0.002472}}
{"target": -13.397760003173335, "params": {"colsample_bytree": 0.7042244559168769, "eta": 0.0011989717414691437, "gamma": 400.9746787112782, "max_depth": 5.0, "min_child_weight": 3390.2677253161146, "num_boost_round": 9.0, "subsample": 0.6190275901722819}, "datetime": {"datetime": "2024-01-20 15:04:36", "elapsed": 2411.077475, "delta": 0.002411}}
{"target": -13.397759607289977, "params": {"colsample_bytree": 0.7042244559168769, "eta": 0.0011989717414691437, "gamma": 400.9746787112782, "max_depth": 5.0, "min_child_weight": 3390.2677253161146, "num_boost_round": 10.0, "subsample": 0.6190275901722819}, "datetime": {"datetime": "2024-01-20 15:04:36", "elapsed": 2411.079983, "delta": 0.002508}}
{"target": -13.397811457922849, "params": {"colsample_bytree": 0.7433783195717214, "eta": 0.01967756003826875, "gamma": 406.98236682817503, "max_depth": 4.0, "min_child_weight": 3284.7328568133044, "num_boost_round": 1.0, "subsample": 0.7551194623288606}, "datetime": {"datetime": "2024-01-20 15:05:32", "elapsed": 2467.461987, "delta": 56.382004}}
{"target": -13.397816780843337, "params": {"colsample_bytree": 0.7433783195717214, "eta": 0.01967756003826875, "gamma": 406.98236682817503, "max_depth": 4.0, "min_child_weight": 3284.7328568133044, "num_boost_round": 2.0, "subsample": 0.7551194623288606}, "datetime": {"datetime": "2024-01-20 15:05:32", "elapsed": 2467.46558, "delta": 0.003593}}
{"target": -13.39794728251721, "params": {"colsample_bytree": 0.7433783195717214, "eta": 0.01967756003826875, "gamma": 406.98236682817503, "max_depth": 4.0, "min_child_weight": 3284.7328568133044, "num_boost_round": 3.0, "subsample": 0.7551194623288606}, "datetime": {"datetime": "2024-01-20 15:05:32", "elapsed": 2467.468447, "delta": 0.002867}}
{"target": -13.397966098393308, "params": {"colsample_bytree": 0.7433783195717214, "eta": 0.01967756003826875, "gamma": 406.98236682817503, "max_depth": 4.0, "min_child_weight": 3284.7328568133044, "num_boost_round": 4.0, "subsample": 0.7551194623288606}, "datetime": {"datetime": "2024-01-20 15:05:32", "elapsed": 2467.471061, "delta": 0.002614}}
{"target": -13.398098546462577, "params": {"colsample_bytree": 0.7433783195717214, "eta": 0.01967756003826875, "gamma": 406.98236682817503, "max_depth": 4.0, "min_child_weight": 3284.7328568133044, "num_boost_round": 5.0, "subsample": 0.7551194623288606}, "datetime": {"datetime": "2024-01-20 15:05:32", "elapsed": 2467.473652, "delta": 0.002591}}
{"target": -13.398323550941033, "params": {"colsample_bytree": 0.7433783195717214, "eta": 0.01967756003826875, "gamma": 406.98236682817503, "max_depth": 4.0, "min_child_weight": 3284.7328568133044, "num_boost_round": 6.0, "subsample": 0.7551194623288606}, "datetime": {"datetime": "2024-01-20 15:05:32", "elapsed": 2467.476209, "delta": 0.002557}}
{"target": -13.398449004243272, "params": {"colsample_bytree": 0.7433783195717214, "eta": 0.01967756003826875, "gamma": 406.98236682817503, "max_depth": 4.0, "min_child_weight": 3284.7328568133044, "num_boost_round": 7.0, "subsample": 0.7551194623288606}, "datetime": {"datetime": "2024-01-20 15:05:32", "elapsed": 2467.478757, "delta": 0.002548}}
{"target": -13.39858373284364, "params": {"colsample_bytree": 0.7433783195717214, "eta": 0.01967756003826875, "gamma": 406.98236682817503, "max_depth": 4.0, "min_child_weight": 3284.7328568133044, "num_boost_round": 8.0, "subsample": 0.7551194623288606}, "datetime": {"datetime": "2024-01-20 15:05:32", "elapsed": 2467.481267, "delta": 0.00251}}
{"target": -13.398850640473352, "params": {"colsample_bytree": 0.7433783195717214, "eta": 0.01967756003826875, "gamma": 406.98236682817503, "max_depth": 4.0, "min_child_weight": 3284.7328568133044, "num_boost_round": 9.0, "subsample": 0.7551194623288606}, "datetime": {"datetime": "2024-01-20 15:05:32", "elapsed": 2467.483767, "delta": 0.0025}}
{"target": -13.398986553596833, "params": {"colsample_bytree": 0.7433783195717214, "eta": 0.01967756003826875, "gamma": 406.98236682817503, "max_depth": 4.0, "min_child_weight": 3284.7328568133044, "num_boost_round": 10.0, "subsample": 0.7551194623288606}, "datetime": {"datetime": "2024-01-20 15:05:32", "elapsed": 2467.486343, "delta": 0.002576}}
{"target": -13.399207955628974, "params": {"colsample_bytree": 0.7433783195717214, "eta": 0.01967756003826875, "gamma": 406.98236682817503, "max_depth": 4.0, "min_child_weight": 3284.7328568133044, "num_boost_round": 11.0, "subsample": 0.7551194623288606}, "datetime": {"datetime": "2024-01-20 15:05:32", "elapsed": 2467.489095, "delta": 0.002752}}
{"target": -13.399480479991475, "params": {"colsample_bytree": 0.7433783195717214, "eta": 0.01967756003826875, "gamma": 406.98236682817503, "max_depth": 4.0, "min_child_weight": 3284.7328568133044, "num_boost_round": 12.0, "subsample": 0.7551194623288606}, "datetime": {"datetime": "2024-01-20 15:05:32", "elapsed": 2467.491777, "delta": 0.002682}}
{"target": -13.399799425317527, "params": {"colsample_bytree": 0.7433783195717214, "eta": 0.01967756003826875, "gamma": 406.98236682817503, "max_depth": 4.0, "min_child_weight": 3284.7328568133044, "num_boost_round": 13.0, "subsample": 0.7551194623288606}, "datetime": {"datetime": "2024-01-20 15:05:32", "elapsed": 2467.494464, "delta": 0.002687}}
{"target": -13.399886837989774, "params": {"colsample_bytree": 0.7433783195717214, "eta": 0.01967756003826875, "gamma": 406.98236682817503, "max_depth": 4.0, "min_child_weight": 3284.7328568133044, "num_boost_round": 14.0, "subsample": 0.7551194623288606}, "datetime": {"datetime": "2024-01-20 15:05:32", "elapsed": 2467.497151, "delta": 0.002687}}
{"target": -13.400097064444639, "params": {"colsample_bytree": 0.7433783195717214, "eta": 0.01967756003826875, "gamma": 406.98236682817503, "max_depth": 4.0, "min_child_weight": 3284.7328568133044, "num_boost_round": 15.0, "subsample": 0.7551194623288606}, "datetime": {"datetime": "2024-01-20 15:05:32", "elapsed": 2467.499707, "delta": 0.002556}}
{"target": -13.40030111030385, "params": {"colsample_bytree": 0.7433783195717214, "eta": 0.01967756003826875, "gamma": 406.98236682817503, "max_depth": 4.0, "min_child_weight": 3284.7328568133044, "num_boost_round": 16.0, "subsample": 0.7551194623288606}, "datetime": {"datetime": "2024-01-20 15:05:32", "elapsed": 2467.502143, "delta": 0.002436}}
{"target": -13.400508856270637, "params": {"colsample_bytree": 0.7433783195717214, "eta": 0.01967756003826875, "gamma": 406.98236682817503, "max_depth": 4.0, "min_child_weight": 3284.7328568133044, "num_boost_round": 17.0, "subsample": 0.7551194623288606}, "datetime": {"datetime": "2024-01-20 15:05:32", "elapsed": 2467.504596, "delta": 0.002453}}
{"target": -13.400715946560403, "params": {"colsample_bytree": 0.7433783195717214, "eta": 0.01967756003826875, "gamma": 406.98236682817503, "max_depth": 4.0, "min_child_weight": 3284.7328568133044, "num_boost_round": 18.0, "subsample": 0.7551194623288606}, "datetime": {"datetime": "2024-01-20 15:05:32", "elapsed": 2467.507038, "delta": 0.002442}}
{"target": -13.400973227698433, "params": {"colsample_bytree": 0.7433783195717214, "eta": 0.01967756003826875, "gamma": 406.98236682817503, "max_depth": 4.0, "min_child_weight": 3284.7328568133044, "num_boost_round": 19.0, "subsample": 0.7551194623288606}, "datetime": {"datetime": "2024-01-20 15:05:32", "elapsed": 2467.509609, "delta": 0.002571}}
{"target": -13.401200034129763, "params": {"colsample_bytree": 0.7433783195717214, "eta": 0.01967756003826875, "gamma": 406.98236682817503, "max_depth": 4.0, "min_child_weight": 3284.7328568133044, "num_boost_round": 20.0, "subsample": 0.7551194623288606}, "datetime": {"datetime": "2024-01-20 15:05:32", "elapsed": 2467.51204, "delta": 0.002431}}
{"target": -13.401475594363639, "params": {"colsample_bytree": 0.7433783195717214, "eta": 0.01967756003826875, "gamma": 406.98236682817503, "max_depth": 4.0, "min_child_weight": 3284.7328568133044, "num_boost_round": 21.0, "subsample": 0.7551194623288606}, "datetime": {"datetime": "2024-01-20 15:05:32", "elapsed": 2467.514492, "delta": 0.002452}}
{"target": -13.401840171697419, "params": {"colsample_bytree": 0.7433783195717214, "eta": 0.01967756003826875, "gamma": 406.98236682817503, "max_depth": 4.0, "min_child_weight": 3284.7328568133044, "num_boost_round": 22.0, "subsample": 0.7551194623288606}, "datetime": {"datetime": "2024-01-20 15:05:32", "elapsed": 2467.516917, "delta": 0.002425}}
{"target": -13.40210546864961, "params": {"colsample_bytree": 0.7433783195717214, "eta": 0.01967756003826875, "gamma": 406.98236682817503, "max_depth": 4.0, "min_child_weight": 3284.7328568133044, "num_boost_round": 23.0, "subsample": 0.7551194623288606}, "datetime": {"datetime": "2024-01-20 15:05:32", "elapsed": 2467.519358, "delta": 0.002441}}
{"target": -13.402452972880644, "params": {"colsample_bytree": 0.7433783195717214, "eta": 0.01967756003826875, "gamma": 406.98236682817503, "max_depth": 4.0, "min_child_weight": 3284.7328568133044, "num_boost_round": 24.0, "subsample": 0.7551194623288606}, "datetime": {"datetime": "2024-01-20 15:05:32", "elapsed": 2467.521904, "delta": 0.002546}}
{"target": -13.402594769325212, "params": {"colsample_bytree": 0.7433783195717214, "eta": 0.01967756003826875, "gamma": 406.98236682817503, "max_depth": 4.0, "min_child_weight": 3284.7328568133044, "num_boost_round": 25.0, "subsample": 0.7551194623288606}, "datetime": {"datetime": "2024-01-20 15:05:32", "elapsed": 2467.524386, "delta": 0.002482}}
{"target": -13.402782532358927, "params": {"colsample_bytree": 0.7433783195717214, "eta": 0.01967756003826875, "gamma": 406.98236682817503, "max_depth": 4.0, "min_child_weight": 3284.7328568133044, "num_boost_round": 26.0, "subsample": 0.7551194623288606}, "datetime": {"datetime": "2024-01-20 15:05:32", "elapsed": 2467.526985, "delta": 0.002599}}
{"target": -13.403060989761471, "params": {"colsample_bytree": 0.7433783195717214, "eta": 0.01967756003826875, "gamma": 406.98236682817503, "max_depth": 4.0, "min_child_weight": 3284.7328568133044, "num_boost_round": 27.0, "subsample": 0.7551194623288606}, "datetime": {"datetime": "2024-01-20 15:05:32", "elapsed": 2467.529667, "delta": 0.002682}}
{"target": -13.403371327926315, "params": {"colsample_bytree": 0.7433783195717214, "eta": 0.01967756003826875, "gamma": 406.98236682817503, "max_depth": 4.0, "min_child_weight": 3284.7328568133044, "num_boost_round": 28.0, "subsample": 0.7551194623288606}, "datetime": {"datetime": "2024-01-20 15:05:32", "elapsed": 2467.532331, "delta": 0.002664}}
{"target": -13.403548929612718, "params": {"colsample_bytree": 0.7433783195717214, "eta": 0.01967756003826875, "gamma": 406.98236682817503, "max_depth": 4.0, "min_child_weight": 3284.7328568133044, "num_boost_round": 29.0, "subsample": 0.7551194623288606}, "datetime": {"datetime": "2024-01-20 15:05:32", "elapsed": 2467.534778, "delta": 0.002447}}
{"target": -13.403682588071574, "params": {"colsample_bytree": 0.7433783195717214, "eta": 0.01967756003826875, "gamma": 406.98236682817503, "max_depth": 4.0, "min_child_weight": 3284.7328568133044, "num_boost_round": 30.0, "subsample": 0.7551194623288606}, "datetime": {"datetime": "2024-01-20 15:05:32", "elapsed": 2467.537315, "delta": 0.002537}}
{"target": -13.403892538298509, "params": {"colsample_bytree": 0.7433783195717214, "eta": 0.01967756003826875, "gamma": 406.98236682817503, "max_depth": 4.0, "min_child_weight": 3284.7328568133044, "num_boost_round": 31.0, "subsample": 0.7551194623288606}, "datetime": {"datetime": "2024-01-20 15:05:32", "elapsed": 2467.54, "delta": 0.002685}}
{"target": -13.404209373194856, "params": {"colsample_bytree": 0.7433783195717214, "eta": 0.01967756003826875, "gamma": 406.98236682817503, "max_depth": 4.0, "min_child_weight": 3284.7328568133044, "num_boost_round": 32.0, "subsample": 0.7551194623288606}, "datetime": {"datetime": "2024-01-20 15:05:32", "elapsed": 2467.542494, "delta": 0.002494}}
