{"target": -19.154579680906927, "params": {"colsample_bytree": 0.9207969021038481, "eta": 0.06870817007771544, "gamma": 564.1740859316889, "max_depth": 4.0, "min_child_weight": 4103.089464351526, "num_boost_round": 30.0, "subsample": 0.6721972764956876}, "datetime": {"datetime": "2024-01-20 14:40:19", "elapsed": 987.776946, "delta": 0.001691}}
{"target": -19.1545994554777, "params": {"colsample_bytree": 0.9207969021038481, "eta": 0.06870817007771544, "gamma": 564.1740859316889, "max_depth": 4.0, "min_child_weight": 4103.089464351526, "num_boost_round": 31.0, "subsample": 0.6721972764956876}, "datetime": {"datetime": "2024-01-20 14:40:19", "elapsed": 987.778619, "delta": 0.001673}}
{"target": -19.15491808140993, "params": {"colsample_bytree": 0.9207969021038481, "eta": 0.06870817007771544, "gamma": 564.1740859316889, "max_depth": 4.0, "min_child_weight": 4103.089464351526, "num_boost_round": 32.0, "subsample": 0.6721972764956876}, "datetime": {"datetime": "2024-01-20 14:40:19", "elapsed": 987.780303, "delta": 0.001684}}
{"target": -19.15543635307887, "params": {"colsample_bytree": 0.9207969021038481, "eta": 0.06870817007771544, "gamma": 564.1740859316889, "max_depth": 4.0, "min_child_weight": 4103.089464351526, "num_boost_round": 33.0, "subsample": 0.6721972764956876}, "datetime": {"datetime": "2024-01-20 14:40:19", "elapsed": 987.781979, "delta": 0.001676}}
{"target": -19.155484989097296, "params": {"colsample_bytree": 0.9207969021038481, "eta": 0.06870817007771544, "gamma": 564.1740859316889, "max_depth": 4.0, "min_child_weight": 4103.089464351526, "num_boost_round": 34.0, "subsample": 0.6721972764956876}, "datetime": {"datetime": "2024-01-20 14:40:19", "elapsed": 987.78369, "delta": 0.001711}}
{"target": -19.155753941627612, "params": {"colsample_bytree": 0.9207969021038481, "eta": 0.06870817007771544, "gamma": 564.1740859316889, "max_depth": 4.0, "min_child_weight": 4103.089464351526, "num_boost_round": 35.0, "subsample": 0.6721972764956876}, "datetime": {"datetime": "2024-01-20 14:40:19", "elapsed": 987.785362, "delta": 0.001672}}
{"target": -19.15638363870137, "params": {"colsample_bytree": 0.9207969021038481, "eta": 0.06870817007771544, "gamma": 564.1740859316889, "max_depth": 4.0, "min_child_weight": 4103.089464351526, "num_boost_round": 36.0, "subsample": 0.6721972764956876}, "datetime": {"datetime": "2024-01-20 14:40:19", "elapsed": 987.787124, "delta": 0.001762}}
{"target": -19.156923400553314, "params": {"colsample_bytree": 0.9207969021038481, "eta": 0.06870817007771544, "gamma": 564.1740859316889, "max_depth": 4.0, "min_child_weight": 4103.089464351526, "num_boost_round": 37.0, "subsample": 0.6721972764956876}, "datetime": {"datetime": "2024-01-20 14:40:19", "elapsed": 987.788795, "delta": 0.001671}}
{"target": -19.157006444649305, "params": {"colsample_bytree": 0.9207969021038481, "eta": 0.06870817007771544, "gamma": 564.1740859316889, "max_depth": 4.0, "min_child_weight": 4103.089464351526, "num_boost_round": 38.0, "subsample": 0.6721972764956876}, "datetime": {"datetime": "2024-01-20 14:40:19", "elapsed": 987.790887, "delta": 0.002092}}
{"target": -19.157171994991103, "params": {"colsample_bytree": 0.9207969021038481, "eta": 0.06870817007771544, "gamma": 564.1740859316889, "max_depth": 4.0, "min_child_weight": 4103.089464351526, "num_boost_round": 39.0, "subsample": 0.6721972764956876}, "datetime": {"datetime": "2024-01-20 14:40:19", "elapsed": 987.792567, "delta": 0.00168}}
{"target": -19.157418607398427, "params": {"colsample_bytree": 0.9207969021038481, "eta": 0.06870817007771544, "gamma": 564.1740859316889, "max_depth": 4.0, "min_child_weight": 4103.089464351526, "num_boost_round": 40.0, "subsample": 0.6721972764956876}, "datetime": {"datetime": "2024-01-20 14:40:19", "elapsed": 987.794243, "delta": 0.001676}}
{"target": -19.157895496440503, "params": {"colsample_bytree": 0.9207969021038481, "eta": 0.06870817007771544, "gamma": 564.1740859316889, "max_depth": 4.0, "min_child_weight": 4103.089464351526, "num_boost_round": 41.0, "subsample": 0.6721972764956876}, "datetime": {"datetime": "2024-01-20 14:40:19", "elapsed": 987.795977, "delta": 0.001734}}
{"target": -19.15861686626649, "params": {"colsample_bytree": 0.9207969021038481, "eta": 0.06870817007771544, "gamma": 564.1740859316889, "max_depth": 4.0, "min_child_weight": 4103.089464351526, "num_boost_round": 42.0, "subsample": 0.6721972764956876}, "datetime": {"datetime": "2024-01-20 14:40:19", "elapsed": 987.797648, "delta": 0.001671}}
{"target": -19.15869485449119, "params": {"colsample_bytree": 0.9207969021038481, "eta": 0.06870817007771544, "gamma": 564.1740859316889, "max_depth": 4.0, "min_child_weight": 4103.089464351526, "num_boost_round": 43.0, "subsample": 0.6721972764956876}, "datetime": {"datetime": "2024-01-20 14:40:19", "elapsed": 987.79934, "delta": 0.001692}}
{"target": -19.159050624187238, "params": {"colsample_bytree": 0.9207969021038481, "eta": 0.06870817007771544, "gamma": 564.1740859316889, "max_depth": 4.0, "min_child_weight": 4103.089464351526, "num_boost_round": 44.0, "subsample": 0.6721972764956876}, "datetime": {"datetime": "2024-01-20 14:40:19", "elapsed": 987.801016, "delta": 0.001676}}
{"target": -19.159098051063733, "params": {"colsample_bytree": 0.9207969021038481, "eta": 0.06870817007771544, "gamma": 564.1740859316889, "max_depth": 4.0, "min_child_weight": 4103.089464351526, "num_boost_round": 45.0, "subsample": 0.6721972764956876}, "datetime": {"datetime": "2024-01-20 14:40:19", "elapsed": 987.802687, "delta": 0.001671}}
{"target": -19.15931500764953, "params": {"colsample_bytree": 0.9207969021038481, "eta": 0.06870817007771544, "gamma": 564.1740859316889, "max_depth": 4.0, "min_child_weight": 4103.089464351526, "num_boost_round": 46.0, "subsample": 0.6721972764956876}, "datetime": {"datetime": "2024-01-20 14:40:19", "elapsed": 987.804406, "delta": 0.001719}}
{"target": -19.159510405470428, "params": {"colsample_bytree": 0.9207969021038481, "eta": 0.06870817007771544, "gamma": 564.1740859316889, "max_depth": 4.0, "min_child_weight": 4103.089464351526, "num_boost_round": 47.0, "subsample": 0.6721972764956876}, "datetime": {"datetime": "2024-01-20 14:40:19", "elapsed": 987.806086, "delta": 0.00168}}
{"target": -19.159700997352903, "params": {"colsample_bytree": 0.9207969021038481, "eta": 0.06870817007771544, "gamma": 564.1740859316889, "max_depth": 4.0, "min_child_weight": 4103.089464351526, "num_boost_round": 48.0, "subsample": 0.6721972764956876}, "datetime": {"datetime": "2024-01-20 14:40:19", "elapsed": 987.807861, "delta": 0.001775}}
{"target": -19.159942530361842, "params": {"colsample_bytree": 0.9207969021038481, "eta": 0.06870817007771544, "gamma": 564.1740859316889, "max_depth": 4.0, "min_child_weight": 4103.089464351526, "num_boost_round": 49.0, "subsample": 0.6721972764956876}, "datetime": {"datetime": "2024-01-20 14:40:19", "elapsed": 987.809554, "delta": 0.001693}}
{"target": -19.160074158599485, "params": {"colsample_bytree": 0.9207969021038481, "eta": 0.06870817007771544, "gamma": 564.1740859316889, "max_depth": 4.0, "min_child_weight": 4103.089464351526, "num_boost_round": 50.0, "subsample": 0.6721972764956876}, "datetime": {"datetime": "2024-01-20 14:40:19", "elapsed": 987.811262, "delta": 0.001708}}
{"target": -19.160285294778205, "params": {"colsample_bytree": 0.9207969021038481, "eta": 0.06870817007771544, "gamma": 564.1740859316889, "max_depth": 4.0, "min_child_weight": 4103.089464351526, "num_boost_round": 51.0, "subsample": 0.6721972764956876}, "datetime": {"datetime": "2024-01-20 14:40:19", "elapsed": 987.81295, "delta": 0.001688}}
{"target": -19.160458144998334, "params": {"colsample_bytree": 0.9207969021038481, "eta": 0.06870817007771544, "gamma": 564.1740859316889, "max_depth": 4.0, "min_child_weight": 4103.089464351526, "num_boost_round": 52.0, "subsample": 0.6721972764956876}, "datetime": {"datetime": "2024-01-20 14:40:19", "elapsed": 987.814638, "delta": 0.001688}}
{"target": -19.160762442899895, "params": {"colsample_bytree": 0.9207969021038481, "eta": 0.06870817007771544, "gamma": 564.1740859316889, "max_depth": 4.0, "min_child_weight": 4103.089464351526, "num_boost_round": 53.0, "subsample": 0.6721972764956876}, "datetime": {"datetime": "2024-01-20 14:40:19", "elapsed": 987.81646, "delta": 0.001822}}
{"target": -19.160765675205788, "params": {"colsample_bytree": 0.9207969021038481, "eta": 0.06870817007771544, "gamma": 564.1740859316889, "max_depth": 4.0, "min_child_weight": 4103.089464351526, "num_boost_round": 54.0, "subsample": 0.6721972764956876}, "datetime": {"datetime": "2024-01-20 14:40:19", "elapsed": 987.818222, "delta": 0.001762}}
{"target": -19.161192515777728, "params": {"colsample_bytree": 0.9207969021038481, "eta": 0.06870817007771544, "gamma": 564.1740859316889, "max_depth": 4.0, "min_child_weight": 4103.089464351526, "num_boost_round": 55.0, "subsample": 0.6721972764956876}, "datetime": {"datetime": "2024-01-20 14:40:19", "elapsed": 987.820144, "delta": 0.001922}}
{"target": -19.161132737890842, "params": {"colsample_bytree": 0.9207969021038481, "eta": 0.06870817007771544, "gamma": 564.1740859316889, "max_depth": 4.0, "min_child_weight": 4103.089464351526, "num_boost_round": 56.0, "subsample": 0.6721972764956876}, "datetime": {"datetime": "2024-01-20 14:40:19", "elapsed": 987.821987, "delta": 0.001843}}
{"target": -19.161384665057795, "params": {"colsample_bytree": 0.9207969021038481, "eta": 0.06870817007771544, "gamma": 564.1740859316889, "max_depth": 4.0, "min_child_weight": 4103.089464351526, "num_boost_round": 57.0, "subsample": 0.6721972764956876}, "datetime": {"datetime": "2024-01-20 14:40:19", "elapsed": 987.823681, "delta": 0.001694}}
{"target": -19.161616772300555, "params": {"colsample_bytree": 0.9207969021038481, "eta": 0.06870817007771544, "gamma": 564.1740859316889, "max_depth": 4.0, "min_child_weight": 4103.089464351526, "num_boost_round": 58.0, "subsample": 0.6721972764956876}, "datetime": {"datetime": "2024-01-20 14:40:19", "elapsed": 987.825396, "delta": 0.001715}}
{"target": -19.161951028179953, "params": {"colsample_bytree": 0.9207969021038481, "eta": 0.06870817007771544, "gamma": 564.1740859316889, "max_depth": 4.0, "min_child_weight": 4103.089464351526, "num_boost_round": 59.0, "subsample": 0.6721972764956876}, "datetime": {"datetime": "2024-01-20 14:40:19", "elapsed": 987.827105, "delta": 0.001709}}
{"target": -19.162386039560516, "params": {"colsample_bytree": 0.9207969021038481, "eta": 0.06870817007771544, "gamma": 564.1740859316889, "max_depth": 4.0, "min_child_weight": 4103.089464351526, "num_boost_round": 60.0, "subsample": 0.6721972764956876}, "datetime": {"datetime": "2024-01-20 14:40:19", "elapsed": 987.828829, "delta": 0.001724}}
{"target": -19.1625705927898, "params": {"colsample_bytree": 0.9207969021038481, "eta": 0.06870817007771544, "gamma": 564.1740859316889, "max_depth": 4.0, "min_child_weight": 4103.089464351526, "num_boost_round": 61.0, "subsample": 0.6721972764956876}, "datetime": {"datetime": "2024-01-20 14:40:19", "elapsed": 987.830555, "delta": 0.001726}}
{"target": -19.162579224142558, "params": {"colsample_bytree": 0.9207969021038481, "eta": 0.06870817007771544, "gamma": 564.1740859316889, "max_depth": 4.0, "min_child_weight": 4103.089464351526, "num_boost_round": 62.0, "subsample": 0.6721972764956876}, "datetime": {"datetime": "2024-01-20 14:40:19", "elapsed": 987.832282, "delta": 0.001727}}
{"target": -19.162696062794787, "params": {"colsample_bytree": 0.9207969021038481, "eta": 0.06870817007771544, "gamma": 564.1740859316889, "max_depth": 4.0, "min_child_weight": 4103.089464351526, "num_boost_round": 63.0, "subsample": 0.6721972764956876}, "datetime": {"datetime": "2024-01-20 14:40:19", "elapsed": 987.834056, "delta": 0.001774}}
{"target": -19.163029134504917, "params": {"colsample_bytree": 0.9207969021038481, "eta": 0.06870817007771544, "gamma": 564.1740859316889, "max_depth": 4.0, "min_child_weight": 4103.089464351526, "num_boost_round": 64.0, "subsample": 0.6721972764956876}, "datetime": {"datetime": "2024-01-20 14:40:19", "elapsed": 987.835833, "delta": 0.001777}}
{"target": -19.16327022096229, "params": {"colsample_bytree": 0.9207969021038481, "eta": 0.06870817007771544, "gamma": 564.1740859316889, "max_depth": 4.0, "min_child_weight": 4103.089464351526, "num_boost_round": 65.0, "subsample": 0.6721972764956876}, "datetime": {"datetime": "2024-01-20 14:40:19", "elapsed": 987.837606, "delta": 0.001773}}
{"target": -19.16359248943488, "params": {"colsample_bytree": 0.9207969021038481, "eta": 0.06870817007771544, "gamma": 564.1740859316889, "max_depth": 4.0, "min_child_weight": 4103.089464351526, "num_boost_round": 66.0, "subsample": 0.6721972764956876}, "datetime": {"datetime": "2024-01-20 14:40:19", "elapsed": 987.839364, "delta": 0.001758}}
{"target": -19.16384475452095, "params": {"colsample_bytree": 0.9207969021038481, "eta": 0.06870817007771544, "gamma": 564.1740859316889, "max_depth": 4.0, "min_child_weight": 4103.089464351526, "num_boost_round": 67.0, "subsample": 0.6721972764956876}, "datetime": {"datetime": "2024-01-20 14:40:19", "elapsed": 987.841113, "delta": 0.001749}}
{"target": -19.164051474976304, "params": {"colsample_bytree": 0.9207969021038481, "eta": 0.06870817007771544, "gamma": 564.1740859316889, "max_depth": 4.0, "min_child_weight": 4103.089464351526, "num_boost_round": 68.0, "subsample": 0.6721972764956876}, "datetime": {"datetime": "2024-01-20 14:40:19", "elapsed": 987.842874, "delta": 0.001761}}
{"target": -19.164043695667488, "params": {"colsample_bytree": 0.9207969021038481, "eta": 0.06870817007771544, "gamma": 564.1740859316889, "max_depth": 4.0, "min_child_weight": 4103.089464351526, "num_boost_round": 69.0, "subsample": 0.6721972764956876}, "datetime": {"datetime": "2024-01-20 14:40:19", "elapsed": 987.844618, "delta": 0.001744}}
{"target": -19.143264411125635, "params": {"colsample_bytree": 0.8621607789997666, "eta": 0.034454896085701604, "gamma": 851.6776472323465, "max_depth": 4.0, "min_child_weight": 4087.428852645926, "num_boost_round": 1.0, "subsample": 0.8516938041210634}, "datetime": {"datetime": "2024-01-20 14:40:47", "elapsed": 1015.006081, "delta": 27.161463}}
{"target": -19.14320643963827, "params": {"colsample_bytree": 0.8621607789997666, "eta": 0.034454896085701604, "gamma": 851.6776472323465, "max_depth": 4.0, "min_child_weight": 4087.428852645926, "num_boost_round": 2.0, "subsample": 0.8516938041210634}, "datetime": {"datetime": "2024-01-20 14:40:47", "elapsed": 1015.009298, "delta": 0.003217}}
{"target": -19.143282891962563, "params": {"colsample_bytree": 0.8621607789997666, "eta": 0.034454896085701604, "gamma": 851.6776472323465, "max_depth": 4.0, "min_child_weight": 4087.428852645926, "num_boost_round": 3.0, "subsample": 0.8516938041210634}, "datetime": {"datetime": "2024-01-20 14:40:47", "elapsed": 1015.011221, "delta": 0.001923}}
{"target": -19.14331188724446, "params": {"colsample_bytree": 0.8621607789997666, "eta": 0.034454896085701604, "gamma": 851.6776472323465, "max_depth": 4.0, "min_child_weight": 4087.428852645926, "num_boost_round": 4.0, "subsample": 0.8516938041210634}, "datetime": {"datetime": "2024-01-20 14:40:47", "elapsed": 1015.012969, "delta": 0.001748}}
{"target": -19.143586519927382, "params": {"colsample_bytree": 0.8621607789997666, "eta": 0.034454896085701604, "gamma": 851.6776472323465, "max_depth": 4.0, "min_child_weight": 4087.428852645926, "num_boost_round": 5.0, "subsample": 0.8516938041210634}, "datetime": {"datetime": "2024-01-20 14:40:47", "elapsed": 1015.014722, "delta": 0.001753}}
{"target": -19.14375723916631, "params": {"colsample_bytree": 0.8621607789997666, "eta": 0.034454896085701604, "gamma": 851.6776472323465, "max_depth": 4.0, "min_child_weight": 4087.428852645926, "num_boost_round": 6.0, "subsample": 0.8516938041210634}, "datetime": {"datetime": "2024-01-20 14:40:47", "elapsed": 1015.016613, "delta": 0.001891}}
{"target": -19.14388172932395, "params": {"colsample_bytree": 0.8621607789997666, "eta": 0.034454896085701604, "gamma": 851.6776472323465, "max_depth": 4.0, "min_child_weight": 4087.428852645926, "num_boost_round": 7.0, "subsample": 0.8516938041210634}, "datetime": {"datetime": "2024-01-20 14:40:47", "elapsed": 1015.018379, "delta": 0.001766}}
{"target": -19.14408331541879, "params": {"colsample_bytree": 0.8621607789997666, "eta": 0.034454896085701604, "gamma": 851.6776472323465, "max_depth": 4.0, "min_child_weight": 4087.428852645926, "num_boost_round": 8.0, "subsample": 0.8516938041210634}, "datetime": {"datetime": "2024-01-20 14:40:47", "elapsed": 1015.020132, "delta": 0.001753}}
{"target": -19.14450821747144, "params": {"colsample_bytree": 0.8621607789997666, "eta": 0.034454896085701604, "gamma": 851.6776472323465, "max_depth": 4.0, "min_child_weight": 4087.428852645926, "num_boost_round": 9.0, "subsample": 0.8516938041210634}, "datetime": {"datetime": "2024-01-20 14:40:47", "elapsed": 1015.021847, "delta": 0.001715}}
{"target": -19.14456575798603, "params": {"colsample_bytree": 0.8621607789997666, "eta": 0.034454896085701604, "gamma": 851.6776472323465, "max_depth": 4.0, "min_child_weight": 4087.428852645926, "num_boost_round": 10.0, "subsample": 0.8516938041210634}, "datetime": {"datetime": "2024-01-20 14:40:47", "elapsed": 1015.023611, "delta": 0.001764}}
{"target": -19.144767168070867, "params": {"colsample_bytree": 0.8621607789997666, "eta": 0.034454896085701604, "gamma": 851.6776472323465, "max_depth": 4.0, "min_child_weight": 4087.428852645926, "num_boost_round": 11.0, "subsample": 0.8516938041210634}, "datetime": {"datetime": "2024-01-20 14:40:47", "elapsed": 1015.025319, "delta": 0.001708}}
{"target": -19.144925173300344, "params": {"colsample_bytree": 0.8621607789997666, "eta": 0.034454896085701604, "gamma": 851.6776472323465, "max_depth": 4.0, "min_child_weight": 4087.428852645926, "num_boost_round": 12.0, "subsample": 0.8516938041210634}, "datetime": {"datetime": "2024-01-20 14:40:47", "elapsed": 1015.027139, "delta": 0.00182}}
{"target": -19.1455935408837, "params": {"colsample_bytree": 0.8621607789997666, "eta": 0.034454896085701604, "gamma": 851.6776472323465, "max_depth": 4.0, "min_child_weight": 4087.428852645926, "num_boost_round": 13.0, "subsample": 0.8516938041210634}, "datetime": {"datetime": "2024-01-20 14:40:47", "elapsed": 1015.028868, "delta": 0.001729}}
{"target": -19.14614292059163, "params": {"colsample_bytree": 0.8621607789997666, "eta": 0.034454896085701604, "gamma": 851.6776472323465, "max_depth": 4.0, "min_child_weight": 4087.428852645926, "num_boost_round": 14.0, "subsample": 0.8516938041210634}, "datetime": {"datetime": "2024-01-20 14:40:47", "elapsed": 1015.030594, "delta": 0.001726}}
{"target": -19.146515776689025, "params": {"colsample_bytree": 0.8621607789997666, "eta": 0.034454896085701604, "gamma": 851.6776472323465, "max_depth": 4.0, "min_child_weight": 4087.428852645926, "num_boost_round": 15.0, "subsample": 0.8516938041210634}, "datetime": {"datetime": "2024-01-20 14:40:47", "elapsed": 1015.032315, "delta": 0.001721}}
{"target": -19.146707468685555, "params": {"colsample_bytree": 0.8621607789997666, "eta": 0.034454896085701604, "gamma": 851.6776472323465, "max_depth": 4.0, "min_child_weight": 4087.428852645926, "num_boost_round": 16.0, "subsample": 0.8516938041210634}, "datetime": {"datetime": "2024-01-20 14:40:47", "elapsed": 1015.03403, "delta": 0.001715}}
{"target": -19.1468146121765, "params": {"colsample_bytree": 0.8621607789997666, "eta": 0.034454896085701604, "gamma": 851.6776472323465, "max_depth": 4.0, "min_child_weight": 4087.428852645926, "num_boost_round": 17.0, "subsample": 0.8516938041210634}, "datetime": {"datetime": "2024-01-20 14:40:47", "elapsed": 1015.035799, "delta": 0.001769}}
{"target": -19.14712710303843, "params": {"colsample_bytree": 0.8621607789997666, "eta": 0.034454896085701604, "gamma": 851.6776472323465, "max_depth": 4.0, "min_child_weight": 4087.428852645926, "num_boost_round": 18.0, "subsample": 0.8516938041210634}, "datetime": {"datetime": "2024-01-20 14:40:47", "elapsed": 1015.037524, "delta": 0.001725}}
{"target": -19.147483627005023, "params": {"colsample_bytree": 0.8621607789997666, "eta": 0.034454896085701604, "gamma": 851.6776472323465, "max_depth": 4.0, "min_child_weight": 4087.428852645926, "num_boost_round": 19.0, "subsample": 0.8516938041210634}, "datetime": {"datetime": "2024-01-20 14:40:47", "elapsed": 1015.039237, "delta": 0.001713}}
{"target": -19.14768367031167, "params": {"colsample_bytree": 0.8621607789997666, "eta": 0.034454896085701604, "gamma": 851.6776472323465, "max_depth": 4.0, "min_child_weight": 4087.428852645926, "num_boost_round": 20.0, "subsample": 0.8516938041210634}, "datetime": {"datetime": "2024-01-20 14:40:47", "elapsed": 1015.041023, "delta": 0.001786}}
{"target": -19.1432120086753, "params": {"colsample_bytree": 0.40432642441020017, "eta": 0.021287013742792727, "gamma": 656.415039380633, "max_depth": 8.0, "min_child_weight": 4080.3525310246255, "num_boost_round": 1.0, "subsample": 0.22515463766491475}, "datetime": {"datetime": "2024-01-20 14:41:05", "elapsed": 1033.048641, "delta": 18.007618}}
{"target": -19.143163416483297, "params": {"colsample_bytree": 0.40432642441020017, "eta": 0.021287013742792727, "gamma": 656.415039380633, "max_depth": 8.0, "min_child_weight": 4080.3525310246255, "num_boost_round": 2.0, "subsample": 0.22515463766491475}, "datetime": {"datetime": "2024-01-20 14:41:05", "elapsed": 1033.051574, "delta": 0.002933}}
{"target": -19.143024442161845, "params": {"colsample_bytree": 0.40432642441020017, "eta": 0.021287013742792727, "gamma": 656.415039380633, "max_depth": 8.0, "min_child_weight": 4080.3525310246255, "num_boost_round": 3.0, "subsample": 0.22515463766491475}, "datetime": {"datetime": "2024-01-20 14:41:05", "elapsed": 1033.053485, "delta": 0.001911}}
