{"target": -15.161933011529207, "params": {"colsample_bytree": 0.20194503306626813, "eta": 0.05018634594061719, "gamma": 600.9205423419472, "max_depth": 6.0, "min_child_weight": 4181.358777964816, "num_boost_round": 15.0, "subsample": 0.46267981741579955}, "datetime": {"datetime": "2024-01-20 14:34:28", "elapsed": 625.957854, "delta": 0.001173}}
{"target": -15.161488505756466, "params": {"colsample_bytree": 0.20194503306626813, "eta": 0.05018634594061719, "gamma": 600.9205423419472, "max_depth": 6.0, "min_child_weight": 4181.358777964816, "num_boost_round": 16.0, "subsample": 0.46267981741579955}, "datetime": {"datetime": "2024-01-20 14:34:28", "elapsed": 625.959035, "delta": 0.001181}}
{"target": -15.159655980219032, "params": {"colsample_bytree": 0.20194503306626813, "eta": 0.05018634594061719, "gamma": 600.9205423419472, "max_depth": 6.0, "min_child_weight": 4181.358777964816, "num_boost_round": 17.0, "subsample": 0.46267981741579955}, "datetime": {"datetime": "2024-01-20 14:34:28", "elapsed": 625.960273, "delta": 0.001238}}
{"target": -15.159632121947043, "params": {"colsample_bytree": 0.20194503306626813, "eta": 0.05018634594061719, "gamma": 600.9205423419472, "max_depth": 6.0, "min_child_weight": 4181.358777964816, "num_boost_round": 18.0, "subsample": 0.46267981741579955}, "datetime": {"datetime": "2024-01-20 14:34:28", "elapsed": 625.961492, "delta": 0.001219}}
{"target": -15.158737567169085, "params": {"colsample_bytree": 0.20194503306626813, "eta": 0.05018634594061719, "gamma": 600.9205423419472, "max_depth": 6.0, "min_child_weight": 4181.358777964816, "num_boost_round": 19.0, "subsample": 0.46267981741579955}, "datetime": {"datetime": "2024-01-20 14:34:28", "elapsed": 625.962668, "delta": 0.001176}}
{"target": -15.158732833575604, "params": {"colsample_bytree": 0.20194503306626813, "eta": 0.05018634594061719, "gamma": 600.9205423419472, "max_depth": 6.0, "min_child_weight": 4181.358777964816, "num_boost_round": 20.0, "subsample": 0.46267981741579955}, "datetime": {"datetime": "2024-01-20 14:34:28", "elapsed": 625.963843, "delta": 0.001175}}
{"target": -15.158208542780883, "params": {"colsample_bytree": 0.20194503306626813, "eta": 0.05018634594061719, "gamma": 600.9205423419472, "max_depth": 6.0, "min_child_weight": 4181.358777964816, "num_boost_round": 21.0, "subsample": 0.46267981741579955}, "datetime": {"datetime": "2024-01-20 14:34:28", "elapsed": 625.965023, "delta": 0.00118}}
{"target": -15.158197456107281, "params": {"colsample_bytree": 0.20194503306626813, "eta": 0.05018634594061719, "gamma": 600.9205423419472, "max_depth": 6.0, "min_child_weight": 4181.358777964816, "num_boost_round": 22.0, "subsample": 0.46267981741579955}, "datetime": {"datetime": "2024-01-20 14:34:28", "elapsed": 625.966199, "delta": 0.001176}}
{"target": -15.158080345392747, "params": {"colsample_bytree": 0.20194503306626813, "eta": 0.05018634594061719, "gamma": 600.9205423419472, "max_depth": 6.0, "min_child_weight": 4181.358777964816, "num_boost_round": 23.0, "subsample": 0.46267981741579955}, "datetime": {"datetime": "2024-01-20 14:34:28", "elapsed": 625.967394, "delta": 0.001195}}
{"target": -15.158185968742046, "params": {"colsample_bytree": 0.20194503306626813, "eta": 0.05018634594061719, "gamma": 600.9205423419472, "max_depth": 6.0, "min_child_weight": 4181.358777964816, "num_boost_round": 24.0, "subsample": 0.46267981741579955}, "datetime": {"datetime": "2024-01-20 14:34:28", "elapsed": 625.968586, "delta": 0.001192}}
{"target": -15.15814779322901, "params": {"colsample_bytree": 0.20194503306626813, "eta": 0.05018634594061719, "gamma": 600.9205423419472, "max_depth": 6.0, "min_child_weight": 4181.358777964816, "num_boost_round": 25.0, "subsample": 0.46267981741579955}, "datetime": {"datetime": "2024-01-20 14:34:28", "elapsed": 625.969788, "delta": 0.001202}}
{"target": -15.158052829767609, "params": {"colsample_bytree": 0.20194503306626813, "eta": 0.05018634594061719, "gamma": 600.9205423419472, "max_depth": 6.0, "min_child_weight": 4181.358777964816, "num_boost_round": 26.0, "subsample": 0.46267981741579955}, "datetime": {"datetime": "2024-01-20 14:34:28", "elapsed": 625.970971, "delta": 0.001183}}
{"target": -15.15735219649559, "params": {"colsample_bytree": 0.20194503306626813, "eta": 0.05018634594061719, "gamma": 600.9205423419472, "max_depth": 6.0, "min_child_weight": 4181.358777964816, "num_boost_round": 27.0, "subsample": 0.46267981741579955}, "datetime": {"datetime": "2024-01-20 14:34:28", "elapsed": 625.972243, "delta": 0.001272}}
{"target": -15.156794882751539, "params": {"colsample_bytree": 0.20194503306626813, "eta": 0.05018634594061719, "gamma": 600.9205423419472, "max_depth": 6.0, "min_child_weight": 4181.358777964816, "num_boost_round": 28.0, "subsample": 0.46267981741579955}, "datetime": {"datetime": "2024-01-20 14:34:28", "elapsed": 625.973435, "delta": 0.001192}}
{"target": -15.156747856467561, "params": {"colsample_bytree": 0.20194503306626813, "eta": 0.05018634594061719, "gamma": 600.9205423419472, "max_depth": 6.0, "min_child_weight": 4181.358777964816, "num_boost_round": 29.0, "subsample": 0.46267981741579955}, "datetime": {"datetime": "2024-01-20 14:34:28", "elapsed": 625.974627, "delta": 0.001192}}
{"target": -15.155816141044479, "params": {"colsample_bytree": 0.20194503306626813, "eta": 0.05018634594061719, "gamma": 600.9205423419472, "max_depth": 6.0, "min_child_weight": 4181.358777964816, "num_boost_round": 30.0, "subsample": 0.46267981741579955}, "datetime": {"datetime": "2024-01-20 14:34:28", "elapsed": 625.975813, "delta": 0.001186}}
{"target": -15.156364480354023, "params": {"colsample_bytree": 0.20194503306626813, "eta": 0.05018634594061719, "gamma": 600.9205423419472, "max_depth": 6.0, "min_child_weight": 4181.358777964816, "num_boost_round": 31.0, "subsample": 0.46267981741579955}, "datetime": {"datetime": "2024-01-20 14:34:28", "elapsed": 625.976995, "delta": 0.001182}}
{"target": -15.156048066141487, "params": {"colsample_bytree": 0.20194503306626813, "eta": 0.05018634594061719, "gamma": 600.9205423419472, "max_depth": 6.0, "min_child_weight": 4181.358777964816, "num_boost_round": 32.0, "subsample": 0.46267981741579955}, "datetime": {"datetime": "2024-01-20 14:34:28", "elapsed": 625.978184, "delta": 0.001189}}
{"target": -15.155896231963183, "params": {"colsample_bytree": 0.20194503306626813, "eta": 0.05018634594061719, "gamma": 600.9205423419472, "max_depth": 6.0, "min_child_weight": 4181.358777964816, "num_boost_round": 33.0, "subsample": 0.46267981741579955}, "datetime": {"datetime": "2024-01-20 14:34:28", "elapsed": 625.97942, "delta": 0.001236}}
{"target": -15.156049528127255, "params": {"colsample_bytree": 0.20194503306626813, "eta": 0.05018634594061719, "gamma": 600.9205423419472, "max_depth": 6.0, "min_child_weight": 4181.358777964816, "num_boost_round": 34.0, "subsample": 0.46267981741579955}, "datetime": {"datetime": "2024-01-20 14:34:28", "elapsed": 625.980612, "delta": 0.001192}}
{"target": -15.155794187047217, "params": {"colsample_bytree": 0.20194503306626813, "eta": 0.05018634594061719, "gamma": 600.9205423419472, "max_depth": 6.0, "min_child_weight": 4181.358777964816, "num_boost_round": 35.0, "subsample": 0.46267981741579955}, "datetime": {"datetime": "2024-01-20 14:34:28", "elapsed": 625.981867, "delta": 0.001255}}
{"target": -15.155736047639234, "params": {"colsample_bytree": 0.20194503306626813, "eta": 0.05018634594061719, "gamma": 600.9205423419472, "max_depth": 6.0, "min_child_weight": 4181.358777964816, "num_boost_round": 36.0, "subsample": 0.46267981741579955}, "datetime": {"datetime": "2024-01-20 14:34:28", "elapsed": 625.983051, "delta": 0.001184}}
{"target": -15.154803169692151, "params": {"colsample_bytree": 0.20194503306626813, "eta": 0.05018634594061719, "gamma": 600.9205423419472, "max_depth": 6.0, "min_child_weight": 4181.358777964816, "num_boost_round": 37.0, "subsample": 0.46267981741579955}, "datetime": {"datetime": "2024-01-20 14:34:28", "elapsed": 625.984247, "delta": 0.001196}}
{"target": -15.154861184331736, "params": {"colsample_bytree": 0.20194503306626813, "eta": 0.05018634594061719, "gamma": 600.9205423419472, "max_depth": 6.0, "min_child_weight": 4181.358777964816, "num_boost_round": 38.0, "subsample": 0.46267981741579955}, "datetime": {"datetime": "2024-01-20 14:34:28", "elapsed": 625.985452, "delta": 0.001205}}
{"target": -15.154919057176729, "params": {"colsample_bytree": 0.20194503306626813, "eta": 0.05018634594061719, "gamma": 600.9205423419472, "max_depth": 6.0, "min_child_weight": 4181.358777964816, "num_boost_round": 39.0, "subsample": 0.46267981741579955}, "datetime": {"datetime": "2024-01-20 14:34:28", "elapsed": 625.98666, "delta": 0.001208}}
{"target": -15.155028179987458, "params": {"colsample_bytree": 0.20194503306626813, "eta": 0.05018634594061719, "gamma": 600.9205423419472, "max_depth": 6.0, "min_child_weight": 4181.358777964816, "num_boost_round": 40.0, "subsample": 0.46267981741579955}, "datetime": {"datetime": "2024-01-20 14:34:28", "elapsed": 625.987854, "delta": 0.001194}}
{"target": -15.155393002191623, "params": {"colsample_bytree": 0.20194503306626813, "eta": 0.05018634594061719, "gamma": 600.9205423419472, "max_depth": 6.0, "min_child_weight": 4181.358777964816, "num_boost_round": 41.0, "subsample": 0.46267981741579955}, "datetime": {"datetime": "2024-01-20 14:34:28", "elapsed": 625.98906, "delta": 0.001206}}
{"target": -15.155841538095643, "params": {"colsample_bytree": 0.20194503306626813, "eta": 0.05018634594061719, "gamma": 600.9205423419472, "max_depth": 6.0, "min_child_weight": 4181.358777964816, "num_boost_round": 42.0, "subsample": 0.46267981741579955}, "datetime": {"datetime": "2024-01-20 14:34:28", "elapsed": 625.990258, "delta": 0.001198}}
{"target": -15.155363804782398, "params": {"colsample_bytree": 0.20194503306626813, "eta": 0.05018634594061719, "gamma": 600.9205423419472, "max_depth": 6.0, "min_child_weight": 4181.358777964816, "num_boost_round": 43.0, "subsample": 0.46267981741579955}, "datetime": {"datetime": "2024-01-20 14:34:28", "elapsed": 625.991479, "delta": 0.001221}}
{"target": -15.15551758242178, "params": {"colsample_bytree": 0.20194503306626813, "eta": 0.05018634594061719, "gamma": 600.9205423419472, "max_depth": 6.0, "min_child_weight": 4181.358777964816, "num_boost_round": 44.0, "subsample": 0.46267981741579955}, "datetime": {"datetime": "2024-01-20 14:34:28", "elapsed": 625.992866, "delta": 0.001387}}
{"target": -15.15595803812133, "params": {"colsample_bytree": 0.20194503306626813, "eta": 0.05018634594061719, "gamma": 600.9205423419472, "max_depth": 6.0, "min_child_weight": 4181.358777964816, "num_boost_round": 45.0, "subsample": 0.46267981741579955}, "datetime": {"datetime": "2024-01-20 14:34:28", "elapsed": 625.994243, "delta": 0.001377}}
{"target": -15.155006979262751, "params": {"colsample_bytree": 0.20194503306626813, "eta": 0.05018634594061719, "gamma": 600.9205423419472, "max_depth": 6.0, "min_child_weight": 4181.358777964816, "num_boost_round": 46.0, "subsample": 0.46267981741579955}, "datetime": {"datetime": "2024-01-20 14:34:28", "elapsed": 625.995552, "delta": 0.001309}}
{"target": -15.154763820071544, "params": {"colsample_bytree": 0.20194503306626813, "eta": 0.05018634594061719, "gamma": 600.9205423419472, "max_depth": 6.0, "min_child_weight": 4181.358777964816, "num_boost_round": 47.0, "subsample": 0.46267981741579955}, "datetime": {"datetime": "2024-01-20 14:34:28", "elapsed": 625.996767, "delta": 0.001215}}
{"target": -15.154865730562705, "params": {"colsample_bytree": 0.20194503306626813, "eta": 0.05018634594061719, "gamma": 600.9205423419472, "max_depth": 6.0, "min_child_weight": 4181.358777964816, "num_boost_round": 48.0, "subsample": 0.46267981741579955}, "datetime": {"datetime": "2024-01-20 14:34:28", "elapsed": 625.997972, "delta": 0.001205}}
{"target": -15.17160277307912, "params": {"colsample_bytree": 0.5636090387937464, "eta": 0.05591786357514112, "gamma": 584.3174363135877, "max_depth": 5.0, "min_child_weight": 4252.675954047522, "num_boost_round": 1.0, "subsample": 0.15779328864808545}, "datetime": {"datetime": "2024-01-20 14:34:52", "elapsed": 649.884322, "delta": 23.88635}}
{"target": -15.170719135651646, "params": {"colsample_bytree": 0.5636090387937464, "eta": 0.05591786357514112, "gamma": 584.3174363135877, "max_depth": 5.0, "min_child_weight": 4252.675954047522, "num_boost_round": 2.0, "subsample": 0.15779328864808545}, "datetime": {"datetime": "2024-01-20 14:34:52", "elapsed": 649.887986, "delta": 0.003664}}
{"target": -15.169416171165173, "params": {"colsample_bytree": 0.5636090387937464, "eta": 0.05591786357514112, "gamma": 584.3174363135877, "max_depth": 5.0, "min_child_weight": 4252.675954047522, "num_boost_round": 3.0, "subsample": 0.15779328864808545}, "datetime": {"datetime": "2024-01-20 14:34:52", "elapsed": 649.88933, "delta": 0.001344}}
{"target": -15.168546931536074, "params": {"colsample_bytree": 0.5636090387937464, "eta": 0.05591786357514112, "gamma": 584.3174363135877, "max_depth": 5.0, "min_child_weight": 4252.675954047522, "num_boost_round": 4.0, "subsample": 0.15779328864808545}, "datetime": {"datetime": "2024-01-20 14:34:52", "elapsed": 649.890818, "delta": 0.001488}}
{"target": -15.166517784951086, "params": {"colsample_bytree": 0.5636090387937464, "eta": 0.05591786357514112, "gamma": 584.3174363135877, "max_depth": 5.0, "min_child_weight": 4252.675954047522, "num_boost_round": 5.0, "subsample": 0.15779328864808545}, "datetime": {"datetime": "2024-01-20 14:34:52", "elapsed": 649.892222, "delta": 0.001404}}
{"target": -15.165515399225388, "params": {"colsample_bytree": 0.5636090387937464, "eta": 0.05591786357514112, "gamma": 584.3174363135877, "max_depth": 5.0, "min_child_weight": 4252.675954047522, "num_boost_round": 6.0, "subsample": 0.15779328864808545}, "datetime": {"datetime": "2024-01-20 14:34:52", "elapsed": 649.893591, "delta": 0.001369}}
{"target": -15.164639536555647, "params": {"colsample_bytree": 0.5636090387937464, "eta": 0.05591786357514112, "gamma": 584.3174363135877, "max_depth": 5.0, "min_child_weight": 4252.675954047522, "num_boost_round": 7.0, "subsample": 0.15779328864808545}, "datetime": {"datetime": "2024-01-20 14:34:52", "elapsed": 649.894819, "delta": 0.001228}}
{"target": -15.163023727092543, "params": {"colsample_bytree": 0.5636090387937464, "eta": 0.05591786357514112, "gamma": 584.3174363135877, "max_depth": 5.0, "min_child_weight": 4252.675954047522, "num_boost_round": 8.0, "subsample": 0.15779328864808545}, "datetime": {"datetime": "2024-01-20 14:34:52", "elapsed": 649.896074, "delta": 0.001255}}
{"target": -15.16283399899866, "params": {"colsample_bytree": 0.5636090387937464, "eta": 0.05591786357514112, "gamma": 584.3174363135877, "max_depth": 5.0, "min_child_weight": 4252.675954047522, "num_boost_round": 9.0, "subsample": 0.15779328864808545}, "datetime": {"datetime": "2024-01-20 14:34:52", "elapsed": 649.89731, "delta": 0.001236}}
{"target": -15.16235939424368, "params": {"colsample_bytree": 0.5636090387937464, "eta": 0.05591786357514112, "gamma": 584.3174363135877, "max_depth": 5.0, "min_child_weight": 4252.675954047522, "num_boost_round": 10.0, "subsample": 0.15779328864808545}, "datetime": {"datetime": "2024-01-20 14:34:52", "elapsed": 649.898539, "delta": 0.001229}}
{"target": -15.16238298327099, "params": {"colsample_bytree": 0.5636090387937464, "eta": 0.05591786357514112, "gamma": 584.3174363135877, "max_depth": 5.0, "min_child_weight": 4252.675954047522, "num_boost_round": 11.0, "subsample": 0.15779328864808545}, "datetime": {"datetime": "2024-01-20 14:34:52", "elapsed": 649.899844, "delta": 0.001305}}
{"target": -15.161838379845936, "params": {"colsample_bytree": 0.5636090387937464, "eta": 0.05591786357514112, "gamma": 584.3174363135877, "max_depth": 5.0, "min_child_weight": 4252.675954047522, "num_boost_round": 12.0, "subsample": 0.15779328864808545}, "datetime": {"datetime": "2024-01-20 14:34:52", "elapsed": 649.901075, "delta": 0.001231}}
{"target": -15.161758402159144, "params": {"colsample_bytree": 0.5636090387937464, "eta": 0.05591786357514112, "gamma": 584.3174363135877, "max_depth": 5.0, "min_child_weight": 4252.675954047522, "num_boost_round": 13.0, "subsample": 0.15779328864808545}, "datetime": {"datetime": "2024-01-20 14:34:52", "elapsed": 649.902354, "delta": 0.001279}}
{"target": -15.16072684212811, "params": {"colsample_bytree": 0.5636090387937464, "eta": 0.05591786357514112, "gamma": 584.3174363135877, "max_depth": 5.0, "min_child_weight": 4252.675954047522, "num_boost_round": 14.0, "subsample": 0.15779328864808545}, "datetime": {"datetime": "2024-01-20 14:34:52", "elapsed": 649.903608, "delta": 0.001254}}
{"target": -15.160375378423684, "params": {"colsample_bytree": 0.5636090387937464, "eta": 0.05591786357514112, "gamma": 584.3174363135877, "max_depth": 5.0, "min_child_weight": 4252.675954047522, "num_boost_round": 15.0, "subsample": 0.15779328864808545}, "datetime": {"datetime": "2024-01-20 14:34:52", "elapsed": 649.904841, "delta": 0.001233}}
{"target": -15.16047205103264, "params": {"colsample_bytree": 0.5636090387937464, "eta": 0.05591786357514112, "gamma": 584.3174363135877, "max_depth": 5.0, "min_child_weight": 4252.675954047522, "num_boost_round": 16.0, "subsample": 0.15779328864808545}, "datetime": {"datetime": "2024-01-20 14:34:52", "elapsed": 649.906085, "delta": 0.001244}}
{"target": -15.159955076847378, "params": {"colsample_bytree": 0.5636090387937464, "eta": 0.05591786357514112, "gamma": 584.3174363135877, "max_depth": 5.0, "min_child_weight": 4252.675954047522, "num_boost_round": 17.0, "subsample": 0.15779328864808545}, "datetime": {"datetime": "2024-01-20 14:34:52", "elapsed": 649.907326, "delta": 0.001241}}
{"target": -15.160118856782105, "params": {"colsample_bytree": 0.5636090387937464, "eta": 0.05591786357514112, "gamma": 584.3174363135877, "max_depth": 5.0, "min_child_weight": 4252.675954047522, "num_boost_round": 18.0, "subsample": 0.15779328864808545}, "datetime": {"datetime": "2024-01-20 14:34:52", "elapsed": 649.908581, "delta": 0.001255}}
{"target": -15.172206815105639, "params": {"colsample_bytree": 0.5825655104087981, "eta": 0.029690733848652746, "gamma": 591.8700989671771, "max_depth": 2.0, "min_child_weight": 4190.552088299776, "num_boost_round": 1.0, "subsample": 0.46848361122139337}, "datetime": {"datetime": "2024-01-20 14:35:18", "elapsed": 675.831853, "delta": 25.923272}}
{"target": -15.171506374483677, "params": {"colsample_bytree": 0.5825655104087981, "eta": 0.029690733848652746, "gamma": 591.8700989671771, "max_depth": 2.0, "min_child_weight": 4190.552088299776, "num_boost_round": 2.0, "subsample": 0.46848361122139337}, "datetime": {"datetime": "2024-01-20 14:35:18", "elapsed": 675.833325, "delta": 0.001472}}
{"target": -15.170621760585796, "params": {"colsample_bytree": 0.5825655104087981, "eta": 0.029690733848652746, "gamma": 591.8700989671771, "max_depth": 2.0, "min_child_weight": 4190.552088299776, "num_boost_round": 3.0, "subsample": 0.46848361122139337}, "datetime": {"datetime": "2024-01-20 14:35:18", "elapsed": 675.834989, "delta": 0.001664}}
{"target": -15.169953106854303, "params": {"colsample_bytree": 0.5825655104087981, "eta": 0.029690733848652746, "gamma": 591.8700989671771, "max_depth": 2.0, "min_child_weight": 4190.552088299776, "num_boost_round": 4.0, "subsample": 0.46848361122139337}, "datetime": {"datetime": "2024-01-20 14:35:18", "elapsed": 675.836512, "delta": 0.001523}}
{"target": -15.168569996403567, "params": {"colsample_bytree": 0.5825655104087981, "eta": 0.029690733848652746, "gamma": 591.8700989671771, "max_depth": 2.0, "min_child_weight": 4190.552088299776, "num_boost_round": 5.0, "subsample": 0.46848361122139337}, "datetime": {"datetime": "2024-01-20 14:35:18", "elapsed": 675.838076, "delta": 0.001564}}
{"target": -15.168104028216193, "params": {"colsample_bytree": 0.5825655104087981, "eta": 0.029690733848652746, "gamma": 591.8700989671771, "max_depth": 2.0, "min_child_weight": 4190.552088299776, "num_boost_round": 6.0, "subsample": 0.46848361122139337}, "datetime": {"datetime": "2024-01-20 14:35:18", "elapsed": 675.839365, "delta": 0.001289}}
{"target": -15.167601516271095, "params": {"colsample_bytree": 0.5825655104087981, "eta": 0.029690733848652746, "gamma": 591.8700989671771, "max_depth": 2.0, "min_child_weight": 4190.552088299776, "num_boost_round": 7.0, "subsample": 0.46848361122139337}, "datetime": {"datetime": "2024-01-20 14:35:18", "elapsed": 675.840749, "delta": 0.001384}}
{"target": -15.166302241683285, "params": {"colsample_bytree": 0.5825655104087981, "eta": 0.029690733848652746, "gamma": 591.8700989671771, "max_depth": 2.0, "min_child_weight": 4190.552088299776, "num_boost_round": 8.0, "subsample": 0.46848361122139337}, "datetime": {"datetime": "2024-01-20 14:35:18", "elapsed": 675.842152, "delta": 0.001403}}
{"target": -15.165877286351165, "params": {"colsample_bytree": 0.5825655104087981, "eta": 0.029690733848652746, "gamma": 591.8700989671771, "max_depth": 2.0, "min_child_weight": 4190.552088299776, "num_boost_round": 9.0, "subsample": 0.46848361122139337}, "datetime": {"datetime": "2024-01-20 14:35:18", "elapsed": 675.843501, "delta": 0.001349}}
{"target": -15.16544738816146, "params": {"colsample_bytree": 0.5825655104087981, "eta": 0.029690733848652746, "gamma": 591.8700989671771, "max_depth": 2.0, "min_child_weight": 4190.552088299776, "num_boost_round": 10.0, "subsample": 0.46848361122139337}, "datetime": {"datetime": "2024-01-20 14:35:18", "elapsed": 675.844762, "delta": 0.001261}}
{"target": -15.165656528287371, "params": {"colsample_bytree": 0.5825655104087981, "eta": 0.029690733848652746, "gamma": 591.8700989671771, "max_depth": 2.0, "min_child_weight": 4190.552088299776, "num_boost_round": 11.0, "subsample": 0.46848361122139337}, "datetime": {"datetime": "2024-01-20 14:35:18", "elapsed": 675.846036, "delta": 0.001274}}
