{"target": -13.503899086073183, "params": {"colsample_bytree": 0.5408457515277975, "eta": 0.06608925094544564, "gamma": 586.8048917885932, "max_depth": 5.0, "min_child_weight": 4330.262312205533, "num_boost_round": 87.0, "subsample": 0.5958561393057527}, "datetime": {"datetime": "2024-01-20 14:48:15", "elapsed": 1448.590338, "delta": 0.002259}}
{"target": -13.503858786077906, "params": {"colsample_bytree": 0.5408457515277975, "eta": 0.06608925094544564, "gamma": 586.8048917885932, "max_depth": 5.0, "min_child_weight": 4330.262312205533, "num_boost_round": 88.0, "subsample": 0.5958561393057527}, "datetime": {"datetime": "2024-01-20 14:48:15", "elapsed": 1448.592699, "delta": 0.002361}}
{"target": -13.503878754621542, "params": {"colsample_bytree": 0.5408457515277975, "eta": 0.06608925094544564, "gamma": 586.8048917885932, "max_depth": 5.0, "min_child_weight": 4330.262312205533, "num_boost_round": 89.0, "subsample": 0.5958561393057527}, "datetime": {"datetime": "2024-01-20 14:48:15", "elapsed": 1448.594973, "delta": 0.002274}}
{"target": -13.503952254494935, "params": {"colsample_bytree": 0.5408457515277975, "eta": 0.06608925094544564, "gamma": 586.8048917885932, "max_depth": 5.0, "min_child_weight": 4330.262312205533, "num_boost_round": 90.0, "subsample": 0.5958561393057527}, "datetime": {"datetime": "2024-01-20 14:48:15", "elapsed": 1448.597234, "delta": 0.002261}}
{"target": -13.50407496330002, "params": {"colsample_bytree": 0.5408457515277975, "eta": 0.06608925094544564, "gamma": 586.8048917885932, "max_depth": 5.0, "min_child_weight": 4330.262312205533, "num_boost_round": 91.0, "subsample": 0.5958561393057527}, "datetime": {"datetime": "2024-01-20 14:48:15", "elapsed": 1448.599477, "delta": 0.002243}}
{"target": -13.504222452524523, "params": {"colsample_bytree": 0.5408457515277975, "eta": 0.06608925094544564, "gamma": 586.8048917885932, "max_depth": 5.0, "min_child_weight": 4330.262312205533, "num_boost_round": 92.0, "subsample": 0.5958561393057527}, "datetime": {"datetime": "2024-01-20 14:48:15", "elapsed": 1448.601732, "delta": 0.002255}}
{"target": -13.50439442959365, "params": {"colsample_bytree": 0.5408457515277975, "eta": 0.06608925094544564, "gamma": 586.8048917885932, "max_depth": 5.0, "min_child_weight": 4330.262312205533, "num_boost_round": 93.0, "subsample": 0.5958561393057527}, "datetime": {"datetime": "2024-01-20 14:48:15", "elapsed": 1448.604444, "delta": 0.002712}}
{"target": -13.50465490529795, "params": {"colsample_bytree": 0.5408457515277975, "eta": 0.06608925094544564, "gamma": 586.8048917885932, "max_depth": 5.0, "min_child_weight": 4330.262312205533, "num_boost_round": 94.0, "subsample": 0.5958561393057527}, "datetime": {"datetime": "2024-01-20 14:48:15", "elapsed": 1448.606786, "delta": 0.002342}}
{"target": -13.504637628495463, "params": {"colsample_bytree": 0.5408457515277975, "eta": 0.06608925094544564, "gamma": 586.8048917885932, "max_depth": 5.0, "min_child_weight": 4330.262312205533, "num_boost_round": 95.0, "subsample": 0.5958561393057527}, "datetime": {"datetime": "2024-01-20 14:48:15", "elapsed": 1448.609063, "delta": 0.002277}}
{"target": -13.504717722873195, "params": {"colsample_bytree": 0.5408457515277975, "eta": 0.06608925094544564, "gamma": 586.8048917885932, "max_depth": 5.0, "min_child_weight": 4330.262312205533, "num_boost_round": 96.0, "subsample": 0.5958561393057527}, "datetime": {"datetime": "2024-01-20 14:48:15", "elapsed": 1448.611369, "delta": 0.002306}}
{"target": -13.504993554636316, "params": {"colsample_bytree": 0.5408457515277975, "eta": 0.06608925094544564, "gamma": 586.8048917885932, "max_depth": 5.0, "min_child_weight": 4330.262312205533, "num_boost_round": 97.0, "subsample": 0.5958561393057527}, "datetime": {"datetime": "2024-01-20 14:48:15", "elapsed": 1448.613611, "delta": 0.002242}}
{"target": -13.505186923441789, "params": {"colsample_bytree": 0.5408457515277975, "eta": 0.06608925094544564, "gamma": 586.8048917885932, "max_depth": 5.0, "min_child_weight": 4330.262312205533, "num_boost_round": 98.0, "subsample": 0.5958561393057527}, "datetime": {"datetime": "2024-01-20 14:48:15", "elapsed": 1448.615899, "delta": 0.002288}}
{"target": -13.505396992375928, "params": {"colsample_bytree": 0.5408457515277975, "eta": 0.06608925094544564, "gamma": 586.8048917885932, "max_depth": 5.0, "min_child_weight": 4330.262312205533, "num_boost_round": 99.0, "subsample": 0.5958561393057527}, "datetime": {"datetime": "2024-01-20 14:48:15", "elapsed": 1448.618178, "delta": 0.002279}}
{"target": -13.505497647564196, "params": {"colsample_bytree": 0.5408457515277975, "eta": 0.06608925094544564, "gamma": 586.8048917885932, "max_depth": 5.0, "min_child_weight": 4330.262312205533, "num_boost_round": 100.0, "subsample": 0.5958561393057527}, "datetime": {"datetime": "2024-01-20 14:48:15", "elapsed": 1448.62044, "delta": 0.002262}}
{"target": -13.505731966848792, "params": {"colsample_bytree": 0.5408457515277975, "eta": 0.06608925094544564, "gamma": 586.8048917885932, "max_depth": 5.0, "min_child_weight": 4330.262312205533, "num_boost_round": 101.0, "subsample": 0.5958561393057527}, "datetime": {"datetime": "2024-01-20 14:48:15", "elapsed": 1448.622699, "delta": 0.002259}}
{"target": -13.505910409197334, "params": {"colsample_bytree": 0.5408457515277975, "eta": 0.06608925094544564, "gamma": 586.8048917885932, "max_depth": 5.0, "min_child_weight": 4330.262312205533, "num_boost_round": 102.0, "subsample": 0.5958561393057527}, "datetime": {"datetime": "2024-01-20 14:48:15", "elapsed": 1448.62498, "delta": 0.002281}}
{"target": -13.50617001664518, "params": {"colsample_bytree": 0.5408457515277975, "eta": 0.06608925094544564, "gamma": 586.8048917885932, "max_depth": 5.0, "min_child_weight": 4330.262312205533, "num_boost_round": 103.0, "subsample": 0.5958561393057527}, "datetime": {"datetime": "2024-01-20 14:48:15", "elapsed": 1448.627273, "delta": 0.002293}}
{"target": -13.506282874660517, "params": {"colsample_bytree": 0.5408457515277975, "eta": 0.06608925094544564, "gamma": 586.8048917885932, "max_depth": 5.0, "min_child_weight": 4330.262312205533, "num_boost_round": 104.0, "subsample": 0.5958561393057527}, "datetime": {"datetime": "2024-01-20 14:48:15", "elapsed": 1448.629551, "delta": 0.002278}}
{"target": -13.506472387886646, "params": {"colsample_bytree": 0.5408457515277975, "eta": 0.06608925094544564, "gamma": 586.8048917885932, "max_depth": 5.0, "min_child_weight": 4330.262312205533, "num_boost_round": 105.0, "subsample": 0.5958561393057527}, "datetime": {"datetime": "2024-01-20 14:48:15", "elapsed": 1448.631823, "delta": 0.002272}}
{"target": -13.506491626618349, "params": {"colsample_bytree": 0.5408457515277975, "eta": 0.06608925094544564, "gamma": 586.8048917885932, "max_depth": 5.0, "min_child_weight": 4330.262312205533, "num_boost_round": 106.0, "subsample": 0.5958561393057527}, "datetime": {"datetime": "2024-01-20 14:48:15", "elapsed": 1448.634099, "delta": 0.002276}}
{"target": -13.50667205987591, "params": {"colsample_bytree": 0.5408457515277975, "eta": 0.06608925094544564, "gamma": 586.8048917885932, "max_depth": 5.0, "min_child_weight": 4330.262312205533, "num_boost_round": 107.0, "subsample": 0.5958561393057527}, "datetime": {"datetime": "2024-01-20 14:48:15", "elapsed": 1448.636367, "delta": 0.002268}}
{"target": -13.506714434939333, "params": {"colsample_bytree": 0.5408457515277975, "eta": 0.06608925094544564, "gamma": 586.8048917885932, "max_depth": 5.0, "min_child_weight": 4330.262312205533, "num_boost_round": 108.0, "subsample": 0.5958561393057527}, "datetime": {"datetime": "2024-01-20 14:48:15", "elapsed": 1448.638649, "delta": 0.002282}}
{"target": -13.506941325529818, "params": {"colsample_bytree": 0.5408457515277975, "eta": 0.06608925094544564, "gamma": 586.8048917885932, "max_depth": 5.0, "min_child_weight": 4330.262312205533, "num_boost_round": 109.0, "subsample": 0.5958561393057527}, "datetime": {"datetime": "2024-01-20 14:48:15", "elapsed": 1448.640916, "delta": 0.002267}}
{"target": -13.507063246772253, "params": {"colsample_bytree": 0.5408457515277975, "eta": 0.06608925094544564, "gamma": 586.8048917885932, "max_depth": 5.0, "min_child_weight": 4330.262312205533, "num_boost_round": 110.0, "subsample": 0.5958561393057527}, "datetime": {"datetime": "2024-01-20 14:48:15", "elapsed": 1448.643204, "delta": 0.002288}}
{"target": -13.507234261278038, "params": {"colsample_bytree": 0.5408457515277975, "eta": 0.06608925094544564, "gamma": 586.8048917885932, "max_depth": 5.0, "min_child_weight": 4330.262312205533, "num_boost_round": 111.0, "subsample": 0.5958561393057527}, "datetime": {"datetime": "2024-01-20 14:48:15", "elapsed": 1448.645478, "delta": 0.002274}}
{"target": -13.507222561893858, "params": {"colsample_bytree": 0.5408457515277975, "eta": 0.06608925094544564, "gamma": 586.8048917885932, "max_depth": 5.0, "min_child_weight": 4330.262312205533, "num_boost_round": 112.0, "subsample": 0.5958561393057527}, "datetime": {"datetime": "2024-01-20 14:48:15", "elapsed": 1448.647737, "delta": 0.002259}}
{"target": -13.507425075417174, "params": {"colsample_bytree": 0.5408457515277975, "eta": 0.06608925094544564, "gamma": 586.8048917885932, "max_depth": 5.0, "min_child_weight": 4330.262312205533, "num_boost_round": 113.0, "subsample": 0.5958561393057527}, "datetime": {"datetime": "2024-01-20 14:48:15", "elapsed": 1448.650024, "delta": 0.002287}}
{"target": -13.507484538121995, "params": {"colsample_bytree": 0.5408457515277975, "eta": 0.06608925094544564, "gamma": 586.8048917885932, "max_depth": 5.0, "min_child_weight": 4330.262312205533, "num_boost_round": 114.0, "subsample": 0.5958561393057527}, "datetime": {"datetime": "2024-01-20 14:48:15", "elapsed": 1448.65233, "delta": 0.002306}}
{"target": -13.497823434212226, "params": {"colsample_bytree": 0.8520921833435969, "eta": 0.08995491558406918, "gamma": 567.4968298131654, "max_depth": 2.0, "min_child_weight": 4394.3896205299725, "num_boost_round": 1.0, "subsample": 0.8393671806221255}, "datetime": {"datetime": "2024-01-20 14:49:47", "elapsed": 1540.532336, "delta": 91.880006}}
{"target": -13.497866471122851, "params": {"colsample_bytree": 0.8520921833435969, "eta": 0.08995491558406918, "gamma": 567.4968298131654, "max_depth": 2.0, "min_child_weight": 4394.3896205299725, "num_boost_round": 2.0, "subsample": 0.8393671806221255}, "datetime": {"datetime": "2024-01-20 14:49:47", "elapsed": 1540.535628, "delta": 0.003292}}
{"target": -13.498180546341722, "params": {"colsample_bytree": 0.8520921833435969, "eta": 0.08995491558406918, "gamma": 567.4968298131654, "max_depth": 2.0, "min_child_weight": 4394.3896205299725, "num_boost_round": 3.0, "subsample": 0.8393671806221255}, "datetime": {"datetime": "2024-01-20 14:49:47", "elapsed": 1540.538014, "delta": 0.002386}}
{"target": -13.498212170936881, "params": {"colsample_bytree": 0.8520921833435969, "eta": 0.08995491558406918, "gamma": 567.4968298131654, "max_depth": 2.0, "min_child_weight": 4394.3896205299725, "num_boost_round": 4.0, "subsample": 0.8393671806221255}, "datetime": {"datetime": "2024-01-20 14:49:47", "elapsed": 1540.540462, "delta": 0.002448}}
{"target": -13.498305210160055, "params": {"colsample_bytree": 0.8520921833435969, "eta": 0.08995491558406918, "gamma": 567.4968298131654, "max_depth": 2.0, "min_child_weight": 4394.3896205299725, "num_boost_round": 5.0, "subsample": 0.8393671806221255}, "datetime": {"datetime": "2024-01-20 14:49:47", "elapsed": 1540.542732, "delta": 0.00227}}
{"target": -13.498539074620929, "params": {"colsample_bytree": 0.8520921833435969, "eta": 0.08995491558406918, "gamma": 567.4968298131654, "max_depth": 2.0, "min_child_weight": 4394.3896205299725, "num_boost_round": 6.0, "subsample": 0.8393671806221255}, "datetime": {"datetime": "2024-01-20 14:49:47", "elapsed": 1540.544987, "delta": 0.002255}}
{"target": -13.498999264432918, "params": {"colsample_bytree": 0.8520921833435969, "eta": 0.08995491558406918, "gamma": 567.4968298131654, "max_depth": 2.0, "min_child_weight": 4394.3896205299725, "num_boost_round": 7.0, "subsample": 0.8393671806221255}, "datetime": {"datetime": "2024-01-20 14:49:47", "elapsed": 1540.547234, "delta": 0.002247}}
{"target": -13.499162506448414, "params": {"colsample_bytree": 0.8520921833435969, "eta": 0.08995491558406918, "gamma": 567.4968298131654, "max_depth": 2.0, "min_child_weight": 4394.3896205299725, "num_boost_round": 8.0, "subsample": 0.8393671806221255}, "datetime": {"datetime": "2024-01-20 14:49:47", "elapsed": 1540.549483, "delta": 0.002249}}
{"target": -13.499347824572874, "params": {"colsample_bytree": 0.8520921833435969, "eta": 0.08995491558406918, "gamma": 567.4968298131654, "max_depth": 2.0, "min_child_weight": 4394.3896205299725, "num_boost_round": 9.0, "subsample": 0.8393671806221255}, "datetime": {"datetime": "2024-01-20 14:49:47", "elapsed": 1540.551835, "delta": 0.002352}}
{"target": -13.499914239320695, "params": {"colsample_bytree": 0.8520921833435969, "eta": 0.08995491558406918, "gamma": 567.4968298131654, "max_depth": 2.0, "min_child_weight": 4394.3896205299725, "num_boost_round": 10.0, "subsample": 0.8393671806221255}, "datetime": {"datetime": "2024-01-20 14:49:47", "elapsed": 1540.554393, "delta": 0.002558}}
{"target": -13.50018253116602, "params": {"colsample_bytree": 0.8520921833435969, "eta": 0.08995491558406918, "gamma": 567.4968298131654, "max_depth": 2.0, "min_child_weight": 4394.3896205299725, "num_boost_round": 11.0, "subsample": 0.8393671806221255}, "datetime": {"datetime": "2024-01-20 14:49:47", "elapsed": 1540.558056, "delta": 0.003663}}
{"target": -13.50008186014851, "params": {"colsample_bytree": 0.8520921833435969, "eta": 0.08995491558406918, "gamma": 567.4968298131654, "max_depth": 2.0, "min_child_weight": 4394.3896205299725, "num_boost_round": 12.0, "subsample": 0.8393671806221255}, "datetime": {"datetime": "2024-01-20 14:49:47", "elapsed": 1540.561099, "delta": 0.003043}}
{"target": -13.50041978879425, "params": {"colsample_bytree": 0.8520921833435969, "eta": 0.08995491558406918, "gamma": 567.4968298131654, "max_depth": 2.0, "min_child_weight": 4394.3896205299725, "num_boost_round": 13.0, "subsample": 0.8393671806221255}, "datetime": {"datetime": "2024-01-20 14:49:47", "elapsed": 1540.563956, "delta": 0.002857}}
{"target": -13.500367448117363, "params": {"colsample_bytree": 0.8520921833435969, "eta": 0.08995491558406918, "gamma": 567.4968298131654, "max_depth": 2.0, "min_child_weight": 4394.3896205299725, "num_boost_round": 14.0, "subsample": 0.8393671806221255}, "datetime": {"datetime": "2024-01-20 14:49:47", "elapsed": 1540.566628, "delta": 0.002672}}
{"target": -13.500434115126867, "params": {"colsample_bytree": 0.8520921833435969, "eta": 0.08995491558406918, "gamma": 567.4968298131654, "max_depth": 2.0, "min_child_weight": 4394.3896205299725, "num_boost_round": 15.0, "subsample": 0.8393671806221255}, "datetime": {"datetime": "2024-01-20 14:49:47", "elapsed": 1540.569908, "delta": 0.00328}}
{"target": -13.500716521655203, "params": {"colsample_bytree": 0.8520921833435969, "eta": 0.08995491558406918, "gamma": 567.4968298131654, "max_depth": 2.0, "min_child_weight": 4394.3896205299725, "num_boost_round": 16.0, "subsample": 0.8393671806221255}, "datetime": {"datetime": "2024-01-20 14:49:47", "elapsed": 1540.572613, "delta": 0.002705}}
{"target": -13.50059990262701, "params": {"colsample_bytree": 0.8520921833435969, "eta": 0.08995491558406918, "gamma": 567.4968298131654, "max_depth": 2.0, "min_child_weight": 4394.3896205299725, "num_boost_round": 17.0, "subsample": 0.8393671806221255}, "datetime": {"datetime": "2024-01-20 14:49:47", "elapsed": 1540.574956, "delta": 0.002343}}
{"target": -13.500536267722733, "params": {"colsample_bytree": 0.8520921833435969, "eta": 0.08995491558406918, "gamma": 567.4968298131654, "max_depth": 2.0, "min_child_weight": 4394.3896205299725, "num_boost_round": 18.0, "subsample": 0.8393671806221255}, "datetime": {"datetime": "2024-01-20 14:49:47", "elapsed": 1540.577325, "delta": 0.002369}}
{"target": -13.500387171962146, "params": {"colsample_bytree": 0.8520921833435969, "eta": 0.08995491558406918, "gamma": 567.4968298131654, "max_depth": 2.0, "min_child_weight": 4394.3896205299725, "num_boost_round": 19.0, "subsample": 0.8393671806221255}, "datetime": {"datetime": "2024-01-20 14:49:47", "elapsed": 1540.579582, "delta": 0.002257}}
{"target": -13.500383281303817, "params": {"colsample_bytree": 0.8520921833435969, "eta": 0.08995491558406918, "gamma": 567.4968298131654, "max_depth": 2.0, "min_child_weight": 4394.3896205299725, "num_boost_round": 20.0, "subsample": 0.8393671806221255}, "datetime": {"datetime": "2024-01-20 14:49:47", "elapsed": 1540.581857, "delta": 0.002275}}
{"target": -13.500243991399403, "params": {"colsample_bytree": 0.8520921833435969, "eta": 0.08995491558406918, "gamma": 567.4968298131654, "max_depth": 2.0, "min_child_weight": 4394.3896205299725, "num_boost_round": 21.0, "subsample": 0.8393671806221255}, "datetime": {"datetime": "2024-01-20 14:49:47", "elapsed": 1540.584133, "delta": 0.002276}}
{"target": -13.500127502037119, "params": {"colsample_bytree": 0.8520921833435969, "eta": 0.08995491558406918, "gamma": 567.4968298131654, "max_depth": 2.0, "min_child_weight": 4394.3896205299725, "num_boost_round": 22.0, "subsample": 0.8393671806221255}, "datetime": {"datetime": "2024-01-20 14:49:47", "elapsed": 1540.586398, "delta": 0.002265}}
{"target": -13.500016139659444, "params": {"colsample_bytree": 0.8520921833435969, "eta": 0.08995491558406918, "gamma": 567.4968298131654, "max_depth": 2.0, "min_child_weight": 4394.3896205299725, "num_boost_round": 23.0, "subsample": 0.8393671806221255}, "datetime": {"datetime": "2024-01-20 14:49:47", "elapsed": 1540.588662, "delta": 0.002264}}
{"target": -13.500216607010888, "params": {"colsample_bytree": 0.8520921833435969, "eta": 0.08995491558406918, "gamma": 567.4968298131654, "max_depth": 2.0, "min_child_weight": 4394.3896205299725, "num_boost_round": 24.0, "subsample": 0.8393671806221255}, "datetime": {"datetime": "2024-01-20 14:49:47", "elapsed": 1540.590952, "delta": 0.00229}}
{"target": -13.499925239129299, "params": {"colsample_bytree": 0.8520921833435969, "eta": 0.08995491558406918, "gamma": 567.4968298131654, "max_depth": 2.0, "min_child_weight": 4394.3896205299725, "num_boost_round": 25.0, "subsample": 0.8393671806221255}, "datetime": {"datetime": "2024-01-20 14:49:47", "elapsed": 1540.593367, "delta": 0.002415}}
{"target": -13.499818174456802, "params": {"colsample_bytree": 0.8520921833435969, "eta": 0.08995491558406918, "gamma": 567.4968298131654, "max_depth": 2.0, "min_child_weight": 4394.3896205299725, "num_boost_round": 26.0, "subsample": 0.8393671806221255}, "datetime": {"datetime": "2024-01-20 14:49:47", "elapsed": 1540.595688, "delta": 0.002321}}
{"target": -13.500118223143929, "params": {"colsample_bytree": 0.8520921833435969, "eta": 0.08995491558406918, "gamma": 567.4968298131654, "max_depth": 2.0, "min_child_weight": 4394.3896205299725, "num_boost_round": 27.0, "subsample": 0.8393671806221255}, "datetime": {"datetime": "2024-01-20 14:49:47", "elapsed": 1540.597947, "delta": 0.002259}}
{"target": -13.499971797112043, "params": {"colsample_bytree": 0.8520921833435969, "eta": 0.08995491558406918, "gamma": 567.4968298131654, "max_depth": 2.0, "min_child_weight": 4394.3896205299725, "num_boost_round": 28.0, "subsample": 0.8393671806221255}, "datetime": {"datetime": "2024-01-20 14:49:47", "elapsed": 1540.600207, "delta": 0.00226}}
{"target": -13.499966184641075, "params": {"colsample_bytree": 0.8520921833435969, "eta": 0.08995491558406918, "gamma": 567.4968298131654, "max_depth": 2.0, "min_child_weight": 4394.3896205299725, "num_boost_round": 29.0, "subsample": 0.8393671806221255}, "datetime": {"datetime": "2024-01-20 14:49:47", "elapsed": 1540.602544, "delta": 0.002337}}
{"target": -13.50001373712287, "params": {"colsample_bytree": 0.8520921833435969, "eta": 0.08995491558406918, "gamma": 567.4968298131654, "max_depth": 2.0, "min_child_weight": 4394.3896205299725, "num_boost_round": 30.0, "subsample": 0.8393671806221255}, "datetime": {"datetime": "2024-01-20 14:49:47", "elapsed": 1540.60482, "delta": 0.002276}}
{"target": -13.500050989315028, "params": {"colsample_bytree": 0.8520921833435969, "eta": 0.08995491558406918, "gamma": 567.4968298131654, "max_depth": 2.0, "min_child_weight": 4394.3896205299725, "num_boost_round": 31.0, "subsample": 0.8393671806221255}, "datetime": {"datetime": "2024-01-20 14:49:47", "elapsed": 1540.607092, "delta": 0.002272}}
{"target": -13.499985091551583, "params": {"colsample_bytree": 0.8520921833435969, "eta": 0.08995491558406918, "gamma": 567.4968298131654, "max_depth": 2.0, "min_child_weight": 4394.3896205299725, "num_boost_round": 32.0, "subsample": 0.8393671806221255}, "datetime": {"datetime": "2024-01-20 14:49:47", "elapsed": 1540.609356, "delta": 0.002264}}
{"target": -13.499990808877875, "params": {"colsample_bytree": 0.8520921833435969, "eta": 0.08995491558406918, "gamma": 567.4968298131654, "max_depth": 2.0, "min_child_weight": 4394.3896205299725, "num_boost_round": 33.0, "subsample": 0.8393671806221255}, "datetime": {"datetime": "2024-01-20 14:49:47", "elapsed": 1540.611744, "delta": 0.002388}}
{"target": -13.49986906396358, "params": {"colsample_bytree": 0.8520921833435969, "eta": 0.08995491558406918, "gamma": 567.4968298131654, "max_depth": 2.0, "min_child_weight": 4394.3896205299725, "num_boost_round": 34.0, "subsample": 0.8393671806221255}, "datetime": {"datetime": "2024-01-20 14:49:47", "elapsed": 1540.614039, "delta": 0.002295}}
{"target": -13.499641044922438, "params": {"colsample_bytree": 0.8520921833435969, "eta": 0.08995491558406918, "gamma": 567.4968298131654, "max_depth": 2.0, "min_child_weight": 4394.3896205299725, "num_boost_round": 35.0, "subsample": 0.8393671806221255}, "datetime": {"datetime": "2024-01-20 14:49:47", "elapsed": 1540.616433, "delta": 0.002394}}
