{"target": -13.397978447515248, "params": {"colsample_bytree": 0.7367056989728403, "eta": 0.03939358148451537, "gamma": 452.57271005127296, "max_depth": 4.0, "min_child_weight": 3911.677504529308, "num_boost_round": 13.0, "subsample": 0.3615066783131178}, "datetime": {"datetime": "2024-01-20 14:33:48", "elapsed": 563.486621, "delta": 0.000885}}
{"target": -13.397983129374735, "params": {"colsample_bytree": 0.7367056989728403, "eta": 0.03939358148451537, "gamma": 452.57271005127296, "max_depth": 4.0, "min_child_weight": 3911.677504529308, "num_boost_round": 14.0, "subsample": 0.3615066783131178}, "datetime": {"datetime": "2024-01-20 14:33:48", "elapsed": 563.487519, "delta": 0.000898}}
{"target": -13.398196713931082, "params": {"colsample_bytree": 0.7367056989728403, "eta": 0.03939358148451537, "gamma": 452.57271005127296, "max_depth": 4.0, "min_child_weight": 3911.677504529308, "num_boost_round": 15.0, "subsample": 0.3615066783131178}, "datetime": {"datetime": "2024-01-20 14:33:48", "elapsed": 563.488588, "delta": 0.001069}}
{"target": -13.398471321882917, "params": {"colsample_bytree": 0.7367056989728403, "eta": 0.03939358148451537, "gamma": 452.57271005127296, "max_depth": 4.0, "min_child_weight": 3911.677504529308, "num_boost_round": 16.0, "subsample": 0.3615066783131178}, "datetime": {"datetime": "2024-01-20 14:33:48", "elapsed": 563.489602, "delta": 0.001014}}
{"target": -13.39874088152819, "params": {"colsample_bytree": 0.7367056989728403, "eta": 0.03939358148451537, "gamma": 452.57271005127296, "max_depth": 4.0, "min_child_weight": 3911.677504529308, "num_boost_round": 17.0, "subsample": 0.3615066783131178}, "datetime": {"datetime": "2024-01-20 14:33:48", "elapsed": 563.490585, "delta": 0.000983}}
{"target": -13.39871005846939, "params": {"colsample_bytree": 0.7367056989728403, "eta": 0.03939358148451537, "gamma": 452.57271005127296, "max_depth": 4.0, "min_child_weight": 3911.677504529308, "num_boost_round": 18.0, "subsample": 0.3615066783131178}, "datetime": {"datetime": "2024-01-20 14:33:48", "elapsed": 563.491594, "delta": 0.001009}}
{"target": -13.398925284160828, "params": {"colsample_bytree": 0.7367056989728403, "eta": 0.03939358148451537, "gamma": 452.57271005127296, "max_depth": 4.0, "min_child_weight": 3911.677504529308, "num_boost_round": 19.0, "subsample": 0.3615066783131178}, "datetime": {"datetime": "2024-01-20 14:33:48", "elapsed": 563.492494, "delta": 0.0009}}
{"target": -13.399170791410864, "params": {"colsample_bytree": 0.7367056989728403, "eta": 0.03939358148451537, "gamma": 452.57271005127296, "max_depth": 4.0, "min_child_weight": 3911.677504529308, "num_boost_round": 20.0, "subsample": 0.3615066783131178}, "datetime": {"datetime": "2024-01-20 14:33:48", "elapsed": 563.493441, "delta": 0.000947}}
{"target": -13.399253643359529, "params": {"colsample_bytree": 0.7367056989728403, "eta": 0.03939358148451537, "gamma": 452.57271005127296, "max_depth": 4.0, "min_child_weight": 3911.677504529308, "num_boost_round": 21.0, "subsample": 0.3615066783131178}, "datetime": {"datetime": "2024-01-20 14:33:48", "elapsed": 563.494369, "delta": 0.000928}}
{"target": -13.399314120107949, "params": {"colsample_bytree": 0.7367056989728403, "eta": 0.03939358148451537, "gamma": 452.57271005127296, "max_depth": 4.0, "min_child_weight": 3911.677504529308, "num_boost_round": 22.0, "subsample": 0.3615066783131178}, "datetime": {"datetime": "2024-01-20 14:33:48", "elapsed": 563.495286, "delta": 0.000917}}
{"target": -13.399688757327954, "params": {"colsample_bytree": 0.7367056989728403, "eta": 0.03939358148451537, "gamma": 452.57271005127296, "max_depth": 4.0, "min_child_weight": 3911.677504529308, "num_boost_round": 23.0, "subsample": 0.3615066783131178}, "datetime": {"datetime": "2024-01-20 14:33:48", "elapsed": 563.496172, "delta": 0.000886}}
{"target": -13.399963937977677, "params": {"colsample_bytree": 0.7367056989728403, "eta": 0.03939358148451537, "gamma": 452.57271005127296, "max_depth": 4.0, "min_child_weight": 3911.677504529308, "num_boost_round": 24.0, "subsample": 0.3615066783131178}, "datetime": {"datetime": "2024-01-20 14:33:48", "elapsed": 563.497066, "delta": 0.000894}}
{"target": -13.400300463426603, "params": {"colsample_bytree": 0.7367056989728403, "eta": 0.03939358148451537, "gamma": 452.57271005127296, "max_depth": 4.0, "min_child_weight": 3911.677504529308, "num_boost_round": 25.0, "subsample": 0.3615066783131178}, "datetime": {"datetime": "2024-01-20 14:33:48", "elapsed": 563.497984, "delta": 0.000918}}
{"target": -13.400594863140988, "params": {"colsample_bytree": 0.7367056989728403, "eta": 0.03939358148451537, "gamma": 452.57271005127296, "max_depth": 4.0, "min_child_weight": 3911.677504529308, "num_boost_round": 26.0, "subsample": 0.3615066783131178}, "datetime": {"datetime": "2024-01-20 14:33:48", "elapsed": 563.498891, "delta": 0.000907}}
{"target": -13.401176163928287, "params": {"colsample_bytree": 0.7367056989728403, "eta": 0.03939358148451537, "gamma": 452.57271005127296, "max_depth": 4.0, "min_child_weight": 3911.677504529308, "num_boost_round": 27.0, "subsample": 0.3615066783131178}, "datetime": {"datetime": "2024-01-20 14:33:48", "elapsed": 563.499775, "delta": 0.000884}}
{"target": -13.40164150089051, "params": {"colsample_bytree": 0.7367056989728403, "eta": 0.03939358148451537, "gamma": 452.57271005127296, "max_depth": 4.0, "min_child_weight": 3911.677504529308, "num_boost_round": 28.0, "subsample": 0.3615066783131178}, "datetime": {"datetime": "2024-01-20 14:33:48", "elapsed": 563.500631, "delta": 0.000856}}
{"target": -13.402055716711887, "params": {"colsample_bytree": 0.7367056989728403, "eta": 0.03939358148451537, "gamma": 452.57271005127296, "max_depth": 4.0, "min_child_weight": 3911.677504529308, "num_boost_round": 29.0, "subsample": 0.3615066783131178}, "datetime": {"datetime": "2024-01-20 14:33:48", "elapsed": 563.501477, "delta": 0.000846}}
{"target": -13.40215045691141, "params": {"colsample_bytree": 0.7367056989728403, "eta": 0.03939358148451537, "gamma": 452.57271005127296, "max_depth": 4.0, "min_child_weight": 3911.677504529308, "num_boost_round": 30.0, "subsample": 0.3615066783131178}, "datetime": {"datetime": "2024-01-20 14:33:48", "elapsed": 563.502418, "delta": 0.000941}}
{"target": -13.402312226567751, "params": {"colsample_bytree": 0.7367056989728403, "eta": 0.03939358148451537, "gamma": 452.57271005127296, "max_depth": 4.0, "min_child_weight": 3911.677504529308, "num_boost_round": 31.0, "subsample": 0.3615066783131178}, "datetime": {"datetime": "2024-01-20 14:33:48", "elapsed": 563.503353, "delta": 0.000935}}
{"target": -13.402580787437675, "params": {"colsample_bytree": 0.7367056989728403, "eta": 0.03939358148451537, "gamma": 452.57271005127296, "max_depth": 4.0, "min_child_weight": 3911.677504529308, "num_boost_round": 32.0, "subsample": 0.3615066783131178}, "datetime": {"datetime": "2024-01-20 14:33:48", "elapsed": 563.50429, "delta": 0.000937}}
{"target": -13.397789395380498, "params": {"colsample_bytree": 0.6638202100147749, "eta": 0.030392654740338896, "gamma": 586.9696827511606, "max_depth": 6.0, "min_child_weight": 3816.063654207196, "num_boost_round": 1.0, "subsample": 0.7203450494279227}, "datetime": {"datetime": "2024-01-20 14:34:22", "elapsed": 597.223119, "delta": 33.718829}}
{"target": -13.39776969922374, "params": {"colsample_bytree": 0.6638202100147749, "eta": 0.030392654740338896, "gamma": 586.9696827511606, "max_depth": 6.0, "min_child_weight": 3816.063654207196, "num_boost_round": 2.0, "subsample": 0.7203450494279227}, "datetime": {"datetime": "2024-01-20 14:34:22", "elapsed": 597.224306, "delta": 0.001187}}
{"target": -13.397715186628613, "params": {"colsample_bytree": 0.6638202100147749, "eta": 0.030392654740338896, "gamma": 586.9696827511606, "max_depth": 6.0, "min_child_weight": 3816.063654207196, "num_boost_round": 3.0, "subsample": 0.7203450494279227}, "datetime": {"datetime": "2024-01-20 14:34:22", "elapsed": 597.226327, "delta": 0.002021}}
{"target": -13.397815359963857, "params": {"colsample_bytree": 0.6638202100147749, "eta": 0.030392654740338896, "gamma": 586.9696827511606, "max_depth": 6.0, "min_child_weight": 3816.063654207196, "num_boost_round": 4.0, "subsample": 0.7203450494279227}, "datetime": {"datetime": "2024-01-20 14:34:22", "elapsed": 597.425659, "delta": 0.199332}}
{"target": -13.397775876648286, "params": {"colsample_bytree": 0.6638202100147749, "eta": 0.030392654740338896, "gamma": 586.9696827511606, "max_depth": 6.0, "min_child_weight": 3816.063654207196, "num_boost_round": 5.0, "subsample": 0.7203450494279227}, "datetime": {"datetime": "2024-01-20 14:34:22", "elapsed": 597.427006, "delta": 0.001347}}
{"target": -13.398170697005387, "params": {"colsample_bytree": 0.6638202100147749, "eta": 0.030392654740338896, "gamma": 586.9696827511606, "max_depth": 6.0, "min_child_weight": 3816.063654207196, "num_boost_round": 6.0, "subsample": 0.7203450494279227}, "datetime": {"datetime": "2024-01-20 14:34:22", "elapsed": 597.428083, "delta": 0.001077}}
{"target": -13.39856727737889, "params": {"colsample_bytree": 0.6638202100147749, "eta": 0.030392654740338896, "gamma": 586.9696827511606, "max_depth": 6.0, "min_child_weight": 3816.063654207196, "num_boost_round": 7.0, "subsample": 0.7203450494279227}, "datetime": {"datetime": "2024-01-20 14:34:22", "elapsed": 597.429022, "delta": 0.000939}}
{"target": -13.39882573406619, "params": {"colsample_bytree": 0.6638202100147749, "eta": 0.030392654740338896, "gamma": 586.9696827511606, "max_depth": 6.0, "min_child_weight": 3816.063654207196, "num_boost_round": 8.0, "subsample": 0.7203450494279227}, "datetime": {"datetime": "2024-01-20 14:34:22", "elapsed": 597.429959, "delta": 0.000937}}
{"target": -13.399049092775593, "params": {"colsample_bytree": 0.6638202100147749, "eta": 0.030392654740338896, "gamma": 586.9696827511606, "max_depth": 6.0, "min_child_weight": 3816.063654207196, "num_boost_round": 9.0, "subsample": 0.7203450494279227}, "datetime": {"datetime": "2024-01-20 14:34:22", "elapsed": 597.430949, "delta": 0.00099}}
{"target": -13.39934139490272, "params": {"colsample_bytree": 0.6638202100147749, "eta": 0.030392654740338896, "gamma": 586.9696827511606, "max_depth": 6.0, "min_child_weight": 3816.063654207196, "num_boost_round": 10.0, "subsample": 0.7203450494279227}, "datetime": {"datetime": "2024-01-20 14:34:22", "elapsed": 597.431997, "delta": 0.001048}}
{"target": -13.399649636758353, "params": {"colsample_bytree": 0.6638202100147749, "eta": 0.030392654740338896, "gamma": 586.9696827511606, "max_depth": 6.0, "min_child_weight": 3816.063654207196, "num_boost_round": 11.0, "subsample": 0.7203450494279227}, "datetime": {"datetime": "2024-01-20 14:34:22", "elapsed": 597.433073, "delta": 0.001076}}
{"target": -13.399891639649645, "params": {"colsample_bytree": 0.6638202100147749, "eta": 0.030392654740338896, "gamma": 586.9696827511606, "max_depth": 6.0, "min_child_weight": 3816.063654207196, "num_boost_round": 12.0, "subsample": 0.7203450494279227}, "datetime": {"datetime": "2024-01-20 14:34:22", "elapsed": 597.434107, "delta": 0.001034}}
{"target": -13.400196364637667, "params": {"colsample_bytree": 0.6638202100147749, "eta": 0.030392654740338896, "gamma": 586.9696827511606, "max_depth": 6.0, "min_child_weight": 3816.063654207196, "num_boost_round": 13.0, "subsample": 0.7203450494279227}, "datetime": {"datetime": "2024-01-20 14:34:22", "elapsed": 597.435081, "delta": 0.000974}}
{"target": -13.400485984428753, "params": {"colsample_bytree": 0.6638202100147749, "eta": 0.030392654740338896, "gamma": 586.9696827511606, "max_depth": 6.0, "min_child_weight": 3816.063654207196, "num_boost_round": 14.0, "subsample": 0.7203450494279227}, "datetime": {"datetime": "2024-01-20 14:34:22", "elapsed": 597.436099, "delta": 0.001018}}
{"target": -13.400711454157648, "params": {"colsample_bytree": 0.6638202100147749, "eta": 0.030392654740338896, "gamma": 586.9696827511606, "max_depth": 6.0, "min_child_weight": 3816.063654207196, "num_boost_round": 15.0, "subsample": 0.7203450494279227}, "datetime": {"datetime": "2024-01-20 14:34:22", "elapsed": 597.437222, "delta": 0.001123}}
{"target": -13.40089970027015, "params": {"colsample_bytree": 0.6638202100147749, "eta": 0.030392654740338896, "gamma": 586.9696827511606, "max_depth": 6.0, "min_child_weight": 3816.063654207196, "num_boost_round": 16.0, "subsample": 0.7203450494279227}, "datetime": {"datetime": "2024-01-20 14:34:22", "elapsed": 597.438205, "delta": 0.000983}}
{"target": -13.40123013076318, "params": {"colsample_bytree": 0.6638202100147749, "eta": 0.030392654740338896, "gamma": 586.9696827511606, "max_depth": 6.0, "min_child_weight": 3816.063654207196, "num_boost_round": 17.0, "subsample": 0.7203450494279227}, "datetime": {"datetime": "2024-01-20 14:34:22", "elapsed": 597.439185, "delta": 0.00098}}
{"target": -13.401913211088988, "params": {"colsample_bytree": 0.6638202100147749, "eta": 0.030392654740338896, "gamma": 586.9696827511606, "max_depth": 6.0, "min_child_weight": 3816.063654207196, "num_boost_round": 18.0, "subsample": 0.7203450494279227}, "datetime": {"datetime": "2024-01-20 14:34:22", "elapsed": 597.440168, "delta": 0.000983}}
{"target": -13.402191251479204, "params": {"colsample_bytree": 0.6638202100147749, "eta": 0.030392654740338896, "gamma": 586.9696827511606, "max_depth": 6.0, "min_child_weight": 3816.063654207196, "num_boost_round": 19.0, "subsample": 0.7203450494279227}, "datetime": {"datetime": "2024-01-20 14:34:22", "elapsed": 597.441172, "delta": 0.001004}}
{"target": -13.402537652153255, "params": {"colsample_bytree": 0.6638202100147749, "eta": 0.030392654740338896, "gamma": 586.9696827511606, "max_depth": 6.0, "min_child_weight": 3816.063654207196, "num_boost_round": 20.0, "subsample": 0.7203450494279227}, "datetime": {"datetime": "2024-01-20 14:34:22", "elapsed": 597.442206, "delta": 0.001034}}
{"target": -13.402854678865332, "params": {"colsample_bytree": 0.6638202100147749, "eta": 0.030392654740338896, "gamma": 586.9696827511606, "max_depth": 6.0, "min_child_weight": 3816.063654207196, "num_boost_round": 21.0, "subsample": 0.7203450494279227}, "datetime": {"datetime": "2024-01-20 14:34:22", "elapsed": 597.443258, "delta": 0.001052}}
{"target": -13.40316654938169, "params": {"colsample_bytree": 0.6638202100147749, "eta": 0.030392654740338896, "gamma": 586.9696827511606, "max_depth": 6.0, "min_child_weight": 3816.063654207196, "num_boost_round": 22.0, "subsample": 0.7203450494279227}, "datetime": {"datetime": "2024-01-20 14:34:22", "elapsed": 597.444286, "delta": 0.001028}}
{"target": -13.403863239442149, "params": {"colsample_bytree": 0.6638202100147749, "eta": 0.030392654740338896, "gamma": 586.9696827511606, "max_depth": 6.0, "min_child_weight": 3816.063654207196, "num_boost_round": 23.0, "subsample": 0.7203450494279227}, "datetime": {"datetime": "2024-01-20 14:34:22", "elapsed": 597.445278, "delta": 0.000992}}
{"target": -13.404249325137698, "params": {"colsample_bytree": 0.6638202100147749, "eta": 0.030392654740338896, "gamma": 586.9696827511606, "max_depth": 6.0, "min_child_weight": 3816.063654207196, "num_boost_round": 24.0, "subsample": 0.7203450494279227}, "datetime": {"datetime": "2024-01-20 14:34:22", "elapsed": 597.446274, "delta": 0.000996}}
{"target": -13.404535086683984, "params": {"colsample_bytree": 0.6638202100147749, "eta": 0.030392654740338896, "gamma": 586.9696827511606, "max_depth": 6.0, "min_child_weight": 3816.063654207196, "num_boost_round": 25.0, "subsample": 0.7203450494279227}, "datetime": {"datetime": "2024-01-20 14:34:22", "elapsed": 597.447336, "delta": 0.001062}}
{"target": -13.405109497731008, "params": {"colsample_bytree": 0.6638202100147749, "eta": 0.030392654740338896, "gamma": 586.9696827511606, "max_depth": 6.0, "min_child_weight": 3816.063654207196, "num_boost_round": 26.0, "subsample": 0.7203450494279227}, "datetime": {"datetime": "2024-01-20 14:34:22", "elapsed": 597.448368, "delta": 0.001032}}
{"target": -13.405687357229532, "params": {"colsample_bytree": 0.6638202100147749, "eta": 0.030392654740338896, "gamma": 586.9696827511606, "max_depth": 6.0, "min_child_weight": 3816.063654207196, "num_boost_round": 27.0, "subsample": 0.7203450494279227}, "datetime": {"datetime": "2024-01-20 14:34:22", "elapsed": 597.449372, "delta": 0.001004}}
{"target": -13.406041785993267, "params": {"colsample_bytree": 0.6638202100147749, "eta": 0.030392654740338896, "gamma": 586.9696827511606, "max_depth": 6.0, "min_child_weight": 3816.063654207196, "num_boost_round": 28.0, "subsample": 0.7203450494279227}, "datetime": {"datetime": "2024-01-20 14:34:22", "elapsed": 597.450395, "delta": 0.001023}}
{"target": -13.406473379701378, "params": {"colsample_bytree": 0.6638202100147749, "eta": 0.030392654740338896, "gamma": 586.9696827511606, "max_depth": 6.0, "min_child_weight": 3816.063654207196, "num_boost_round": 29.0, "subsample": 0.7203450494279227}, "datetime": {"datetime": "2024-01-20 14:34:22", "elapsed": 597.451383, "delta": 0.000988}}
{"target": -13.406673461774638, "params": {"colsample_bytree": 0.6638202100147749, "eta": 0.030392654740338896, "gamma": 586.9696827511606, "max_depth": 6.0, "min_child_weight": 3816.063654207196, "num_boost_round": 30.0, "subsample": 0.7203450494279227}, "datetime": {"datetime": "2024-01-20 14:34:22", "elapsed": 597.452471, "delta": 0.001088}}
{"target": -13.40703913445861, "params": {"colsample_bytree": 0.6638202100147749, "eta": 0.030392654740338896, "gamma": 586.9696827511606, "max_depth": 6.0, "min_child_weight": 3816.063654207196, "num_boost_round": 31.0, "subsample": 0.7203450494279227}, "datetime": {"datetime": "2024-01-20 14:34:22", "elapsed": 597.453527, "delta": 0.001056}}
{"target": -13.407744792400837, "params": {"colsample_bytree": 0.6638202100147749, "eta": 0.030392654740338896, "gamma": 586.9696827511606, "max_depth": 6.0, "min_child_weight": 3816.063654207196, "num_boost_round": 32.0, "subsample": 0.7203450494279227}, "datetime": {"datetime": "2024-01-20 14:34:22", "elapsed": 597.455045, "delta": 0.001518}}
{"target": -13.407959975171696, "params": {"colsample_bytree": 0.6638202100147749, "eta": 0.030392654740338896, "gamma": 586.9696827511606, "max_depth": 6.0, "min_child_weight": 3816.063654207196, "num_boost_round": 33.0, "subsample": 0.7203450494279227}, "datetime": {"datetime": "2024-01-20 14:34:22", "elapsed": 597.456142, "delta": 0.001097}}
{"target": -13.408111853249679, "params": {"colsample_bytree": 0.6638202100147749, "eta": 0.030392654740338896, "gamma": 586.9696827511606, "max_depth": 6.0, "min_child_weight": 3816.063654207196, "num_boost_round": 34.0, "subsample": 0.7203450494279227}, "datetime": {"datetime": "2024-01-20 14:34:22", "elapsed": 597.45728, "delta": 0.001138}}
{"target": -13.408434118420475, "params": {"colsample_bytree": 0.6638202100147749, "eta": 0.030392654740338896, "gamma": 586.9696827511606, "max_depth": 6.0, "min_child_weight": 3816.063654207196, "num_boost_round": 35.0, "subsample": 0.7203450494279227}, "datetime": {"datetime": "2024-01-20 14:34:22", "elapsed": 597.458361, "delta": 0.001081}}
{"target": -13.397814498715503, "params": {"colsample_bytree": 0.15616558103736017, "eta": 0.04089413951952303, "gamma": 547.5411112793423, "max_depth": 7.0, "min_child_weight": 3593.1652383447986, "num_boost_round": 1.0, "subsample": 0.5552133057279128}, "datetime": {"datetime": "2024-01-20 14:34:38", "elapsed": 612.95002, "delta": 15.491659}}
{"target": -13.397836996528007, "params": {"colsample_bytree": 0.15616558103736017, "eta": 0.04089413951952303, "gamma": 547.5411112793423, "max_depth": 7.0, "min_child_weight": 3593.1652383447986, "num_boost_round": 2.0, "subsample": 0.5552133057279128}, "datetime": {"datetime": "2024-01-20 14:34:38", "elapsed": 612.951159, "delta": 0.001139}}
{"target": -13.397720529437535, "params": {"colsample_bytree": 0.511573553774496, "eta": 0.041657270316225244, "gamma": 607.7630013342904, "max_depth": 7.0, "min_child_weight": 3656.942726405879, "num_boost_round": 1.0, "subsample": 0.9018914605369591}, "datetime": {"datetime": "2024-01-20 14:34:53", "elapsed": 628.543508, "delta": 15.592349}}
{"target": -13.397638392940035, "params": {"colsample_bytree": 0.511573553774496, "eta": 0.041657270316225244, "gamma": 607.7630013342904, "max_depth": 7.0, "min_child_weight": 3656.942726405879, "num_boost_round": 2.0, "subsample": 0.9018914605369591}, "datetime": {"datetime": "2024-01-20 14:34:53", "elapsed": 628.546168, "delta": 0.00266}}
{"target": -13.397548444288287, "params": {"colsample_bytree": 0.8490254472882736, "eta": 0.0478959734346746, "gamma": 287.92077891970547, "max_depth": 7.0, "min_child_weight": 3842.168309494231, "num_boost_round": 1.0, "subsample": 0.9964878078425445}, "datetime": {"datetime": "2024-01-20 14:35:15", "elapsed": 649.993677, "delta": 21.447509}}
{"target": -13.397238308037219, "params": {"colsample_bytree": 0.8490254472882736, "eta": 0.0478959734346746, "gamma": 287.92077891970547, "max_depth": 7.0, "min_child_weight": 3842.168309494231, "num_boost_round": 2.0, "subsample": 0.9964878078425445}, "datetime": {"datetime": "2024-01-20 14:35:15", "elapsed": 649.995119, "delta": 0.001442}}
{"target": -13.397278615257644, "params": {"colsample_bytree": 0.8490254472882736, "eta": 0.0478959734346746, "gamma": 287.92077891970547, "max_depth": 7.0, "min_child_weight": 3842.168309494231, "num_boost_round": 3.0, "subsample": 0.9964878078425445}, "datetime": {"datetime": "2024-01-20 14:35:15", "elapsed": 649.996777, "delta": 0.001658}}
{"target": -13.397712988610735, "params": {"colsample_bytree": 0.8490254472882736, "eta": 0.0478959734346746, "gamma": 287.92077891970547, "max_depth": 7.0, "min_child_weight": 3842.168309494231, "num_boost_round": 4.0, "subsample": 0.9964878078425445}, "datetime": {"datetime": "2024-01-20 14:35:15", "elapsed": 649.997881, "delta": 0.001104}}
