{"target": -13.397243864640053, "params": {"colsample_bytree": 0.9101514759888102, "eta": 0.051514112714508016, "gamma": 337.9333624328775, "max_depth": 2.0, "min_child_weight": 4319.059607498866, "num_boost_round": 1.0, "subsample": 0.2171847344062956}, "datetime": {"datetime": "2024-01-20 17:19:47", "elapsed": 10521.670895, "delta": 88.249421}}
{"target": -13.396959256671781, "params": {"colsample_bytree": 0.9101514759888102, "eta": 0.051514112714508016, "gamma": 337.9333624328775, "max_depth": 2.0, "min_child_weight": 4319.059607498866, "num_boost_round": 2.0, "subsample": 0.2171847344062956}, "datetime": {"datetime": "2024-01-20 17:19:47", "elapsed": 10521.676537, "delta": 0.005642}}
{"target": -13.396854531866758, "params": {"colsample_bytree": 0.9101514759888102, "eta": 0.051514112714508016, "gamma": 337.9333624328775, "max_depth": 2.0, "min_child_weight": 4319.059607498866, "num_boost_round": 3.0, "subsample": 0.2171847344062956}, "datetime": {"datetime": "2024-01-20 17:19:47", "elapsed": 10521.681416, "delta": 0.004879}}
{"target": -13.396647499144091, "params": {"colsample_bytree": 0.9101514759888102, "eta": 0.051514112714508016, "gamma": 337.9333624328775, "max_depth": 2.0, "min_child_weight": 4319.059607498866, "num_boost_round": 4.0, "subsample": 0.2171847344062956}, "datetime": {"datetime": "2024-01-20 17:19:47", "elapsed": 10521.686381, "delta": 0.004965}}
{"target": -13.396618650043584, "params": {"colsample_bytree": 0.9101514759888102, "eta": 0.051514112714508016, "gamma": 337.9333624328775, "max_depth": 2.0, "min_child_weight": 4319.059607498866, "num_boost_round": 5.0, "subsample": 0.2171847344062956}, "datetime": {"datetime": "2024-01-20 17:19:47", "elapsed": 10521.691289, "delta": 0.004908}}
{"target": -13.396507678807296, "params": {"colsample_bytree": 0.9101514759888102, "eta": 0.051514112714508016, "gamma": 337.9333624328775, "max_depth": 2.0, "min_child_weight": 4319.059607498866, "num_boost_round": 6.0, "subsample": 0.2171847344062956}, "datetime": {"datetime": "2024-01-20 17:19:47", "elapsed": 10521.69648, "delta": 0.005191}}
{"target": -13.396621651948339, "params": {"colsample_bytree": 0.9101514759888102, "eta": 0.051514112714508016, "gamma": 337.9333624328775, "max_depth": 2.0, "min_child_weight": 4319.059607498866, "num_boost_round": 7.0, "subsample": 0.2171847344062956}, "datetime": {"datetime": "2024-01-20 17:19:47", "elapsed": 10521.701256, "delta": 0.004776}}
{"target": -13.396788612868859, "params": {"colsample_bytree": 0.9101514759888102, "eta": 0.051514112714508016, "gamma": 337.9333624328775, "max_depth": 2.0, "min_child_weight": 4319.059607498866, "num_boost_round": 8.0, "subsample": 0.2171847344062956}, "datetime": {"datetime": "2024-01-20 17:19:47", "elapsed": 10521.706446, "delta": 0.00519}}
{"target": -13.396894502214643, "params": {"colsample_bytree": 0.9101514759888102, "eta": 0.051514112714508016, "gamma": 337.9333624328775, "max_depth": 2.0, "min_child_weight": 4319.059607498866, "num_boost_round": 9.0, "subsample": 0.2171847344062956}, "datetime": {"datetime": "2024-01-20 17:19:47", "elapsed": 10521.711163, "delta": 0.004717}}
{"target": -13.39704937870006, "params": {"colsample_bytree": 0.9101514759888102, "eta": 0.051514112714508016, "gamma": 337.9333624328775, "max_depth": 2.0, "min_child_weight": 4319.059607498866, "num_boost_round": 10.0, "subsample": 0.2171847344062956}, "datetime": {"datetime": "2024-01-20 17:19:47", "elapsed": 10521.716104, "delta": 0.004941}}
{"target": -13.397288632638933, "params": {"colsample_bytree": 0.9101514759888102, "eta": 0.051514112714508016, "gamma": 337.9333624328775, "max_depth": 2.0, "min_child_weight": 4319.059607498866, "num_boost_round": 11.0, "subsample": 0.2171847344062956}, "datetime": {"datetime": "2024-01-20 17:19:47", "elapsed": 10521.720865, "delta": 0.004761}}
{"target": -13.397544792662101, "params": {"colsample_bytree": 0.9101514759888102, "eta": 0.051514112714508016, "gamma": 337.9333624328775, "max_depth": 2.0, "min_child_weight": 4319.059607498866, "num_boost_round": 12.0, "subsample": 0.2171847344062956}, "datetime": {"datetime": "2024-01-20 17:19:47", "elapsed": 10521.725833, "delta": 0.004968}}
{"target": -13.397492128615303, "params": {"colsample_bytree": 0.9101514759888102, "eta": 0.051514112714508016, "gamma": 337.9333624328775, "max_depth": 2.0, "min_child_weight": 4319.059607498866, "num_boost_round": 13.0, "subsample": 0.2171847344062956}, "datetime": {"datetime": "2024-01-20 17:19:47", "elapsed": 10521.730598, "delta": 0.004765}}
{"target": -13.397798864463095, "params": {"colsample_bytree": 0.9101514759888102, "eta": 0.051514112714508016, "gamma": 337.9333624328775, "max_depth": 2.0, "min_child_weight": 4319.059607498866, "num_boost_round": 14.0, "subsample": 0.2171847344062956}, "datetime": {"datetime": "2024-01-20 17:19:47", "elapsed": 10521.735685, "delta": 0.005087}}
{"target": -13.398064770723629, "params": {"colsample_bytree": 0.9101514759888102, "eta": 0.051514112714508016, "gamma": 337.9333624328775, "max_depth": 2.0, "min_child_weight": 4319.059607498866, "num_boost_round": 15.0, "subsample": 0.2171847344062956}, "datetime": {"datetime": "2024-01-20 17:19:47", "elapsed": 10521.740448, "delta": 0.004763}}
{"target": -13.398212023123188, "params": {"colsample_bytree": 0.9101514759888102, "eta": 0.051514112714508016, "gamma": 337.9333624328775, "max_depth": 2.0, "min_child_weight": 4319.059607498866, "num_boost_round": 16.0, "subsample": 0.2171847344062956}, "datetime": {"datetime": "2024-01-20 17:19:47", "elapsed": 10521.745474, "delta": 0.005026}}
{"target": -13.39843159878017, "params": {"colsample_bytree": 0.9101514759888102, "eta": 0.051514112714508016, "gamma": 337.9333624328775, "max_depth": 2.0, "min_child_weight": 4319.059607498866, "num_boost_round": 17.0, "subsample": 0.2171847344062956}, "datetime": {"datetime": "2024-01-20 17:19:47", "elapsed": 10521.750216, "delta": 0.004742}}
{"target": -13.3984625634853, "params": {"colsample_bytree": 0.9101514759888102, "eta": 0.051514112714508016, "gamma": 337.9333624328775, "max_depth": 2.0, "min_child_weight": 4319.059607498866, "num_boost_round": 18.0, "subsample": 0.2171847344062956}, "datetime": {"datetime": "2024-01-20 17:19:47", "elapsed": 10521.754982, "delta": 0.004766}}
{"target": -13.398467712665557, "params": {"colsample_bytree": 0.9101514759888102, "eta": 0.051514112714508016, "gamma": 337.9333624328775, "max_depth": 2.0, "min_child_weight": 4319.059607498866, "num_boost_round": 19.0, "subsample": 0.2171847344062956}, "datetime": {"datetime": "2024-01-20 17:19:47", "elapsed": 10521.760014, "delta": 0.005032}}
{"target": -13.398575239763561, "params": {"colsample_bytree": 0.9101514759888102, "eta": 0.051514112714508016, "gamma": 337.9333624328775, "max_depth": 2.0, "min_child_weight": 4319.059607498866, "num_boost_round": 20.0, "subsample": 0.2171847344062956}, "datetime": {"datetime": "2024-01-20 17:19:47", "elapsed": 10521.765162, "delta": 0.005148}}
{"target": -13.398845132668278, "params": {"colsample_bytree": 0.9101514759888102, "eta": 0.051514112714508016, "gamma": 337.9333624328775, "max_depth": 2.0, "min_child_weight": 4319.059607498866, "num_boost_round": 21.0, "subsample": 0.2171847344062956}, "datetime": {"datetime": "2024-01-20 17:19:47", "elapsed": 10521.77007, "delta": 0.004908}}
{"target": -13.398799703179149, "params": {"colsample_bytree": 0.9101514759888102, "eta": 0.051514112714508016, "gamma": 337.9333624328775, "max_depth": 2.0, "min_child_weight": 4319.059607498866, "num_boost_round": 22.0, "subsample": 0.2171847344062956}, "datetime": {"datetime": "2024-01-20 17:19:47", "elapsed": 10521.774759, "delta": 0.004689}}
{"target": -13.39912885687578, "params": {"colsample_bytree": 0.9101514759888102, "eta": 0.051514112714508016, "gamma": 337.9333624328775, "max_depth": 2.0, "min_child_weight": 4319.059607498866, "num_boost_round": 23.0, "subsample": 0.2171847344062956}, "datetime": {"datetime": "2024-01-20 17:19:47", "elapsed": 10521.779739, "delta": 0.00498}}
{"target": -13.39903431154315, "params": {"colsample_bytree": 0.9101514759888102, "eta": 0.051514112714508016, "gamma": 337.9333624328775, "max_depth": 2.0, "min_child_weight": 4319.059607498866, "num_boost_round": 24.0, "subsample": 0.2171847344062956}, "datetime": {"datetime": "2024-01-20 17:19:47", "elapsed": 10521.784831, "delta": 0.005092}}
{"target": -13.399285040535734, "params": {"colsample_bytree": 0.9101514759888102, "eta": 0.051514112714508016, "gamma": 337.9333624328775, "max_depth": 2.0, "min_child_weight": 4319.059607498866, "num_boost_round": 25.0, "subsample": 0.2171847344062956}, "datetime": {"datetime": "2024-01-20 17:19:47", "elapsed": 10521.789738, "delta": 0.004907}}
{"target": -13.39931299000854, "params": {"colsample_bytree": 0.9101514759888102, "eta": 0.051514112714508016, "gamma": 337.9333624328775, "max_depth": 2.0, "min_child_weight": 4319.059607498866, "num_boost_round": 26.0, "subsample": 0.2171847344062956}, "datetime": {"datetime": "2024-01-20 17:19:47", "elapsed": 10521.794937, "delta": 0.005199}}
{"target": -13.399520261705394, "params": {"colsample_bytree": 0.9101514759888102, "eta": 0.051514112714508016, "gamma": 337.9333624328775, "max_depth": 2.0, "min_child_weight": 4319.059607498866, "num_boost_round": 27.0, "subsample": 0.2171847344062956}, "datetime": {"datetime": "2024-01-20 17:19:47", "elapsed": 10521.800104, "delta": 0.005167}}
{"target": -13.399739208056547, "params": {"colsample_bytree": 0.9101514759888102, "eta": 0.051514112714508016, "gamma": 337.9333624328775, "max_depth": 2.0, "min_child_weight": 4319.059607498866, "num_boost_round": 28.0, "subsample": 0.2171847344062956}, "datetime": {"datetime": "2024-01-20 17:19:47", "elapsed": 10521.8049, "delta": 0.004796}}
{"target": -13.399915442392299, "params": {"colsample_bytree": 0.9101514759888102, "eta": 0.051514112714508016, "gamma": 337.9333624328775, "max_depth": 2.0, "min_child_weight": 4319.059607498866, "num_boost_round": 29.0, "subsample": 0.2171847344062956}, "datetime": {"datetime": "2024-01-20 17:19:47", "elapsed": 10521.809936, "delta": 0.005036}}
{"target": -13.399718847997253, "params": {"colsample_bytree": 0.9101514759888102, "eta": 0.051514112714508016, "gamma": 337.9333624328775, "max_depth": 2.0, "min_child_weight": 4319.059607498866, "num_boost_round": 30.0, "subsample": 0.2171847344062956}, "datetime": {"datetime": "2024-01-20 17:19:47", "elapsed": 10521.815006, "delta": 0.00507}}
{"target": -13.399837952094877, "params": {"colsample_bytree": 0.9101514759888102, "eta": 0.051514112714508016, "gamma": 337.9333624328775, "max_depth": 2.0, "min_child_weight": 4319.059607498866, "num_boost_round": 31.0, "subsample": 0.2171847344062956}, "datetime": {"datetime": "2024-01-20 17:19:47", "elapsed": 10521.820055, "delta": 0.005049}}
{"target": -13.399893428073629, "params": {"colsample_bytree": 0.9101514759888102, "eta": 0.051514112714508016, "gamma": 337.9333624328775, "max_depth": 2.0, "min_child_weight": 4319.059607498866, "num_boost_round": 32.0, "subsample": 0.2171847344062956}, "datetime": {"datetime": "2024-01-20 17:19:47", "elapsed": 10521.825053, "delta": 0.004998}}
{"target": -13.399875326933447, "params": {"colsample_bytree": 0.9101514759888102, "eta": 0.051514112714508016, "gamma": 337.9333624328775, "max_depth": 2.0, "min_child_weight": 4319.059607498866, "num_boost_round": 33.0, "subsample": 0.2171847344062956}, "datetime": {"datetime": "2024-01-20 17:19:47", "elapsed": 10521.830293, "delta": 0.00524}}
{"target": -13.399958769703154, "params": {"colsample_bytree": 0.9101514759888102, "eta": 0.051514112714508016, "gamma": 337.9333624328775, "max_depth": 2.0, "min_child_weight": 4319.059607498866, "num_boost_round": 34.0, "subsample": 0.2171847344062956}, "datetime": {"datetime": "2024-01-20 17:19:47", "elapsed": 10521.835201, "delta": 0.004908}}
{"target": -13.40005968031987, "params": {"colsample_bytree": 0.9101514759888102, "eta": 0.051514112714508016, "gamma": 337.9333624328775, "max_depth": 2.0, "min_child_weight": 4319.059607498866, "num_boost_round": 35.0, "subsample": 0.2171847344062956}, "datetime": {"datetime": "2024-01-20 17:19:47", "elapsed": 10521.840054, "delta": 0.004853}}
{"target": -13.400258903630117, "params": {"colsample_bytree": 0.9101514759888102, "eta": 0.051514112714508016, "gamma": 337.9333624328775, "max_depth": 2.0, "min_child_weight": 4319.059607498866, "num_boost_round": 36.0, "subsample": 0.2171847344062956}, "datetime": {"datetime": "2024-01-20 17:19:47", "elapsed": 10521.844905, "delta": 0.004851}}
{"target": -13.400464166568076, "params": {"colsample_bytree": 0.9101514759888102, "eta": 0.051514112714508016, "gamma": 337.9333624328775, "max_depth": 2.0, "min_child_weight": 4319.059607498866, "num_boost_round": 37.0, "subsample": 0.2171847344062956}, "datetime": {"datetime": "2024-01-20 17:19:47", "elapsed": 10521.849869, "delta": 0.004964}}
{"target": -13.40035557454006, "params": {"colsample_bytree": 0.9101514759888102, "eta": 0.051514112714508016, "gamma": 337.9333624328775, "max_depth": 2.0, "min_child_weight": 4319.059607498866, "num_boost_round": 38.0, "subsample": 0.2171847344062956}, "datetime": {"datetime": "2024-01-20 17:19:47", "elapsed": 10521.855051, "delta": 0.005182}}
{"target": -13.400435056409174, "params": {"colsample_bytree": 0.9101514759888102, "eta": 0.051514112714508016, "gamma": 337.9333624328775, "max_depth": 2.0, "min_child_weight": 4319.059607498866, "num_boost_round": 39.0, "subsample": 0.2171847344062956}, "datetime": {"datetime": "2024-01-20 17:19:47", "elapsed": 10521.860369, "delta": 0.005318}}
{"target": -13.40050270886509, "params": {"colsample_bytree": 0.9101514759888102, "eta": 0.051514112714508016, "gamma": 337.9333624328775, "max_depth": 2.0, "min_child_weight": 4319.059607498866, "num_boost_round": 40.0, "subsample": 0.2171847344062956}, "datetime": {"datetime": "2024-01-20 17:19:47", "elapsed": 10522.212592, "delta": 0.352223}}
{"target": -13.400777429231841, "params": {"colsample_bytree": 0.9101514759888102, "eta": 0.051514112714508016, "gamma": 337.9333624328775, "max_depth": 2.0, "min_child_weight": 4319.059607498866, "num_boost_round": 41.0, "subsample": 0.2171847344062956}, "datetime": {"datetime": "2024-01-20 17:19:47", "elapsed": 10522.219274, "delta": 0.006682}}
{"target": -13.400979828119755, "params": {"colsample_bytree": 0.9101514759888102, "eta": 0.051514112714508016, "gamma": 337.9333624328775, "max_depth": 2.0, "min_child_weight": 4319.059607498866, "num_boost_round": 42.0, "subsample": 0.2171847344062956}, "datetime": {"datetime": "2024-01-20 17:19:47", "elapsed": 10522.224529, "delta": 0.005255}}
{"target": -13.400869403658355, "params": {"colsample_bytree": 0.9101514759888102, "eta": 0.051514112714508016, "gamma": 337.9333624328775, "max_depth": 2.0, "min_child_weight": 4319.059607498866, "num_boost_round": 43.0, "subsample": 0.2171847344062956}, "datetime": {"datetime": "2024-01-20 17:19:47", "elapsed": 10522.230012, "delta": 0.005483}}
{"target": -13.40105814076733, "params": {"colsample_bytree": 0.9101514759888102, "eta": 0.051514112714508016, "gamma": 337.9333624328775, "max_depth": 2.0, "min_child_weight": 4319.059607498866, "num_boost_round": 44.0, "subsample": 0.2171847344062956}, "datetime": {"datetime": "2024-01-20 17:19:47", "elapsed": 10522.235703, "delta": 0.005691}}
{"target": -13.400882581145535, "params": {"colsample_bytree": 0.9101514759888102, "eta": 0.051514112714508016, "gamma": 337.9333624328775, "max_depth": 2.0, "min_child_weight": 4319.059607498866, "num_boost_round": 45.0, "subsample": 0.2171847344062956}, "datetime": {"datetime": "2024-01-20 17:19:47", "elapsed": 10522.241161, "delta": 0.005458}}
{"target": -13.400896866941206, "params": {"colsample_bytree": 0.9101514759888102, "eta": 0.051514112714508016, "gamma": 337.9333624328775, "max_depth": 2.0, "min_child_weight": 4319.059607498866, "num_boost_round": 46.0, "subsample": 0.2171847344062956}, "datetime": {"datetime": "2024-01-20 17:19:47", "elapsed": 10522.246413, "delta": 0.005252}}
{"target": -13.401109380828375, "params": {"colsample_bytree": 0.9101514759888102, "eta": 0.051514112714508016, "gamma": 337.9333624328775, "max_depth": 2.0, "min_child_weight": 4319.059607498866, "num_boost_round": 47.0, "subsample": 0.2171847344062956}, "datetime": {"datetime": "2024-01-20 17:19:47", "elapsed": 10522.251663, "delta": 0.00525}}
{"target": -13.397902739395857, "params": {"colsample_bytree": 0.5627684636655484, "eta": 0.058001869416501345, "gamma": 415.05711598473715, "max_depth": 2.0, "min_child_weight": 4326.312303737243, "num_boost_round": 1.0, "subsample": 0.9756312148593497}, "datetime": {"datetime": "2024-01-20 17:21:27", "elapsed": 10621.859675, "delta": 99.608012}}
{"target": -13.398267225724496, "params": {"colsample_bytree": 0.5627684636655484, "eta": 0.058001869416501345, "gamma": 415.05711598473715, "max_depth": 2.0, "min_child_weight": 4326.312303737243, "num_boost_round": 2.0, "subsample": 0.9756312148593497}, "datetime": {"datetime": "2024-01-20 17:21:27", "elapsed": 10621.865133, "delta": 0.005458}}
{"target": -13.398377894050796, "params": {"colsample_bytree": 0.5627684636655484, "eta": 0.058001869416501345, "gamma": 415.05711598473715, "max_depth": 2.0, "min_child_weight": 4326.312303737243, "num_boost_round": 3.0, "subsample": 0.9756312148593497}, "datetime": {"datetime": "2024-01-20 17:21:27", "elapsed": 10621.870073, "delta": 0.00494}}
{"target": -13.39869542428195, "params": {"colsample_bytree": 0.5627684636655484, "eta": 0.058001869416501345, "gamma": 415.05711598473715, "max_depth": 2.0, "min_child_weight": 4326.312303737243, "num_boost_round": 4.0, "subsample": 0.9756312148593497}, "datetime": {"datetime": "2024-01-20 17:21:27", "elapsed": 10621.875293, "delta": 0.00522}}
{"target": -13.399284128487668, "params": {"colsample_bytree": 0.5627684636655484, "eta": 0.058001869416501345, "gamma": 415.05711598473715, "max_depth": 2.0, "min_child_weight": 4326.312303737243, "num_boost_round": 5.0, "subsample": 0.9756312148593497}, "datetime": {"datetime": "2024-01-20 17:21:27", "elapsed": 10621.880217, "delta": 0.004924}}
{"target": -13.399874510538863, "params": {"colsample_bytree": 0.5627684636655484, "eta": 0.058001869416501345, "gamma": 415.05711598473715, "max_depth": 2.0, "min_child_weight": 4326.312303737243, "num_boost_round": 6.0, "subsample": 0.9756312148593497}, "datetime": {"datetime": "2024-01-20 17:21:27", "elapsed": 10621.885498, "delta": 0.005281}}
{"target": -13.400614621536988, "params": {"colsample_bytree": 0.5627684636655484, "eta": 0.058001869416501345, "gamma": 415.05711598473715, "max_depth": 2.0, "min_child_weight": 4326.312303737243, "num_boost_round": 7.0, "subsample": 0.9756312148593497}, "datetime": {"datetime": "2024-01-20 17:21:27", "elapsed": 10621.890675, "delta": 0.005177}}
{"target": -13.401377850137255, "params": {"colsample_bytree": 0.5627684636655484, "eta": 0.058001869416501345, "gamma": 415.05711598473715, "max_depth": 2.0, "min_child_weight": 4326.312303737243, "num_boost_round": 8.0, "subsample": 0.9756312148593497}, "datetime": {"datetime": "2024-01-20 17:21:27", "elapsed": 10621.896027, "delta": 0.005352}}
{"target": -13.402080497317243, "params": {"colsample_bytree": 0.5627684636655484, "eta": 0.058001869416501345, "gamma": 415.05711598473715, "max_depth": 2.0, "min_child_weight": 4326.312303737243, "num_boost_round": 9.0, "subsample": 0.9756312148593497}, "datetime": {"datetime": "2024-01-20 17:21:27", "elapsed": 10621.901434, "delta": 0.005407}}
{"target": -13.402489681144226, "params": {"colsample_bytree": 0.5627684636655484, "eta": 0.058001869416501345, "gamma": 415.05711598473715, "max_depth": 2.0, "min_child_weight": 4326.312303737243, "num_boost_round": 10.0, "subsample": 0.9756312148593497}, "datetime": {"datetime": "2024-01-20 17:21:27", "elapsed": 10621.906844, "delta": 0.00541}}
{"target": -13.40314654484766, "params": {"colsample_bytree": 0.5627684636655484, "eta": 0.058001869416501345, "gamma": 415.05711598473715, "max_depth": 2.0, "min_child_weight": 4326.312303737243, "num_boost_round": 11.0, "subsample": 0.9756312148593497}, "datetime": {"datetime": "2024-01-20 17:21:27", "elapsed": 10621.912247, "delta": 0.005403}}
{"target": -13.403287704031992, "params": {"colsample_bytree": 0.5627684636655484, "eta": 0.058001869416501345, "gamma": 415.05711598473715, "max_depth": 2.0, "min_child_weight": 4326.312303737243, "num_boost_round": 12.0, "subsample": 0.9756312148593497}, "datetime": {"datetime": "2024-01-20 17:21:27", "elapsed": 10621.917144, "delta": 0.004897}}
{"target": -13.403726290296785, "params": {"colsample_bytree": 0.5627684636655484, "eta": 0.058001869416501345, "gamma": 415.05711598473715, "max_depth": 2.0, "min_child_weight": 4326.312303737243, "num_boost_round": 13.0, "subsample": 0.9756312148593497}, "datetime": {"datetime": "2024-01-20 17:21:27", "elapsed": 10621.922058, "delta": 0.004914}}
{"target": -13.404094463077856, "params": {"colsample_bytree": 0.5627684636655484, "eta": 0.058001869416501345, "gamma": 415.05711598473715, "max_depth": 2.0, "min_child_weight": 4326.312303737243, "num_boost_round": 14.0, "subsample": 0.9756312148593497}, "datetime": {"datetime": "2024-01-20 17:21:27", "elapsed": 10621.927303, "delta": 0.005245}}
{"target": -13.404484349862983, "params": {"colsample_bytree": 0.5627684636655484, "eta": 0.058001869416501345, "gamma": 415.05711598473715, "max_depth": 2.0, "min_child_weight": 4326.312303737243, "num_boost_round": 15.0, "subsample": 0.9756312148593497}, "datetime": {"datetime": "2024-01-20 17:21:27", "elapsed": 10621.93235, "delta": 0.005047}}
{"target": -13.404584358417324, "params": {"colsample_bytree": 0.5627684636655484, "eta": 0.058001869416501345, "gamma": 415.05711598473715, "max_depth": 2.0, "min_child_weight": 4326.312303737243, "num_boost_round": 16.0, "subsample": 0.9756312148593497}, "datetime": {"datetime": "2024-01-20 17:21:27", "elapsed": 10621.937499, "delta": 0.005149}}
