{"target": -13.39793820325165, "params": {"colsample_bytree": 0.9106534068527613, "eta": 0.009139690048933882, "gamma": 604.6646420177293, "max_depth": 3.0, "min_child_weight": 3706.1168883309506, "num_boost_round": 10.0, "subsample": 0.7386110617972802}, "datetime": {"datetime": "2024-01-20 15:59:23", "elapsed": 5698.203272, "delta": 0.003931}}
{"target": -13.39799359843834, "params": {"colsample_bytree": 0.9106534068527613, "eta": 0.009139690048933882, "gamma": 604.6646420177293, "max_depth": 3.0, "min_child_weight": 3706.1168883309506, "num_boost_round": 11.0, "subsample": 0.7386110617972802}, "datetime": {"datetime": "2024-01-20 15:59:23", "elapsed": 5698.20745, "delta": 0.004178}}
{"target": -13.397978734011529, "params": {"colsample_bytree": 0.9106534068527613, "eta": 0.009139690048933882, "gamma": 604.6646420177293, "max_depth": 3.0, "min_child_weight": 3706.1168883309506, "num_boost_round": 12.0, "subsample": 0.7386110617972802}, "datetime": {"datetime": "2024-01-20 15:59:23", "elapsed": 5698.211339, "delta": 0.003889}}
{"target": -13.398058856353462, "params": {"colsample_bytree": 0.9106534068527613, "eta": 0.009139690048933882, "gamma": 604.6646420177293, "max_depth": 3.0, "min_child_weight": 3706.1168883309506, "num_boost_round": 13.0, "subsample": 0.7386110617972802}, "datetime": {"datetime": "2024-01-20 15:59:23", "elapsed": 5698.215184, "delta": 0.003845}}
{"target": -13.398073646528838, "params": {"colsample_bytree": 0.9106534068527613, "eta": 0.009139690048933882, "gamma": 604.6646420177293, "max_depth": 3.0, "min_child_weight": 3706.1168883309506, "num_boost_round": 14.0, "subsample": 0.7386110617972802}, "datetime": {"datetime": "2024-01-20 15:59:23", "elapsed": 5698.219412, "delta": 0.004228}}
{"target": -13.39815004079593, "params": {"colsample_bytree": 0.9106534068527613, "eta": 0.009139690048933882, "gamma": 604.6646420177293, "max_depth": 3.0, "min_child_weight": 3706.1168883309506, "num_boost_round": 15.0, "subsample": 0.7386110617972802}, "datetime": {"datetime": "2024-01-20 15:59:23", "elapsed": 5698.223339, "delta": 0.003927}}
{"target": -13.398236819070668, "params": {"colsample_bytree": 0.9106534068527613, "eta": 0.009139690048933882, "gamma": 604.6646420177293, "max_depth": 3.0, "min_child_weight": 3706.1168883309506, "num_boost_round": 16.0, "subsample": 0.7386110617972802}, "datetime": {"datetime": "2024-01-20 15:59:23", "elapsed": 5698.227416, "delta": 0.004077}}
{"target": -13.398332952272439, "params": {"colsample_bytree": 0.9106534068527613, "eta": 0.009139690048933882, "gamma": 604.6646420177293, "max_depth": 3.0, "min_child_weight": 3706.1168883309506, "num_boost_round": 17.0, "subsample": 0.7386110617972802}, "datetime": {"datetime": "2024-01-20 15:59:23", "elapsed": 5698.231487, "delta": 0.004071}}
{"target": -13.398422094862617, "params": {"colsample_bytree": 0.9106534068527613, "eta": 0.009139690048933882, "gamma": 604.6646420177293, "max_depth": 3.0, "min_child_weight": 3706.1168883309506, "num_boost_round": 18.0, "subsample": 0.7386110617972802}, "datetime": {"datetime": "2024-01-20 15:59:23", "elapsed": 5698.235382, "delta": 0.003895}}
{"target": -13.398421098914163, "params": {"colsample_bytree": 0.9106534068527613, "eta": 0.009139690048933882, "gamma": 604.6646420177293, "max_depth": 3.0, "min_child_weight": 3706.1168883309506, "num_boost_round": 19.0, "subsample": 0.7386110617972802}, "datetime": {"datetime": "2024-01-20 15:59:23", "elapsed": 5698.239369, "delta": 0.003987}}
{"target": -13.398466027813384, "params": {"colsample_bytree": 0.9106534068527613, "eta": 0.009139690048933882, "gamma": 604.6646420177293, "max_depth": 3.0, "min_child_weight": 3706.1168883309506, "num_boost_round": 20.0, "subsample": 0.7386110617972802}, "datetime": {"datetime": "2024-01-20 15:59:23", "elapsed": 5698.243653, "delta": 0.004284}}
{"target": -13.398531132521812, "params": {"colsample_bytree": 0.9106534068527613, "eta": 0.009139690048933882, "gamma": 604.6646420177293, "max_depth": 3.0, "min_child_weight": 3706.1168883309506, "num_boost_round": 21.0, "subsample": 0.7386110617972802}, "datetime": {"datetime": "2024-01-20 15:59:23", "elapsed": 5698.247718, "delta": 0.004065}}
{"target": -13.398593524354846, "params": {"colsample_bytree": 0.9106534068527613, "eta": 0.009139690048933882, "gamma": 604.6646420177293, "max_depth": 3.0, "min_child_weight": 3706.1168883309506, "num_boost_round": 22.0, "subsample": 0.7386110617972802}, "datetime": {"datetime": "2024-01-20 15:59:23", "elapsed": 5698.25159, "delta": 0.003872}}
{"target": -13.398674089476756, "params": {"colsample_bytree": 0.9106534068527613, "eta": 0.009139690048933882, "gamma": 604.6646420177293, "max_depth": 3.0, "min_child_weight": 3706.1168883309506, "num_boost_round": 23.0, "subsample": 0.7386110617972802}, "datetime": {"datetime": "2024-01-20 15:59:23", "elapsed": 5698.255703, "delta": 0.004113}}
{"target": -13.398799086932598, "params": {"colsample_bytree": 0.9106534068527613, "eta": 0.009139690048933882, "gamma": 604.6646420177293, "max_depth": 3.0, "min_child_weight": 3706.1168883309506, "num_boost_round": 24.0, "subsample": 0.7386110617972802}, "datetime": {"datetime": "2024-01-20 15:59:23", "elapsed": 5698.259778, "delta": 0.004075}}
{"target": -13.398921260119703, "params": {"colsample_bytree": 0.9106534068527613, "eta": 0.009139690048933882, "gamma": 604.6646420177293, "max_depth": 3.0, "min_child_weight": 3706.1168883309506, "num_boost_round": 25.0, "subsample": 0.7386110617972802}, "datetime": {"datetime": "2024-01-20 15:59:23", "elapsed": 5698.26367, "delta": 0.003892}}
{"target": -13.399037073272034, "params": {"colsample_bytree": 0.9106534068527613, "eta": 0.009139690048933882, "gamma": 604.6646420177293, "max_depth": 3.0, "min_child_weight": 3706.1168883309506, "num_boost_round": 26.0, "subsample": 0.7386110617972802}, "datetime": {"datetime": "2024-01-20 15:59:23", "elapsed": 5698.268033, "delta": 0.004363}}
{"target": -13.399123185584443, "params": {"colsample_bytree": 0.9106534068527613, "eta": 0.009139690048933882, "gamma": 604.6646420177293, "max_depth": 3.0, "min_child_weight": 3706.1168883309506, "num_boost_round": 27.0, "subsample": 0.7386110617972802}, "datetime": {"datetime": "2024-01-20 15:59:23", "elapsed": 5698.271932, "delta": 0.003899}}
{"target": -13.399163800094904, "params": {"colsample_bytree": 0.9106534068527613, "eta": 0.009139690048933882, "gamma": 604.6646420177293, "max_depth": 3.0, "min_child_weight": 3706.1168883309506, "num_boost_round": 28.0, "subsample": 0.7386110617972802}, "datetime": {"datetime": "2024-01-20 15:59:23", "elapsed": 5698.275857, "delta": 0.003925}}
{"target": -13.399199150437141, "params": {"colsample_bytree": 0.9106534068527613, "eta": 0.009139690048933882, "gamma": 604.6646420177293, "max_depth": 3.0, "min_child_weight": 3706.1168883309506, "num_boost_round": 29.0, "subsample": 0.7386110617972802}, "datetime": {"datetime": "2024-01-20 15:59:23", "elapsed": 5698.280121, "delta": 0.004264}}
{"target": -13.397562269284956, "params": {"colsample_bytree": 0.5785565130833903, "eta": 0.08932856114885168, "gamma": 148.98460678913227, "max_depth": 8.0, "min_child_weight": 3905.8115421182165, "num_boost_round": 1.0, "subsample": 0.4995132612729186}, "datetime": {"datetime": "2024-01-20 16:00:04", "elapsed": 5739.039276, "delta": 40.759155}}
{"target": -13.39772128509657, "params": {"colsample_bytree": 0.6837818867403971, "eta": 0.02629755488391376, "gamma": 235.6321997446621, "max_depth": 5.0, "min_child_weight": 3962.697773211298, "num_boost_round": 1.0, "subsample": 0.6323890389094515}, "datetime": {"datetime": "2024-01-20 16:01:05", "elapsed": 5799.727643, "delta": 60.688367}}
{"target": -13.397878927999944, "params": {"colsample_bytree": 0.2333397789499476, "eta": 0.05929240487791529, "gamma": 561.3755555830948, "max_depth": 5.0, "min_child_weight": 3634.5942426514302, "num_boost_round": 1.0, "subsample": 0.13875728963396464}, "datetime": {"datetime": "2024-01-20 16:02:30", "elapsed": 5884.693179, "delta": 84.965536}}
{"target": -13.39763696019691, "params": {"colsample_bytree": 0.2333397789499476, "eta": 0.05929240487791529, "gamma": 561.3755555830948, "max_depth": 5.0, "min_child_weight": 3634.5942426514302, "num_boost_round": 2.0, "subsample": 0.13875728963396464}, "datetime": {"datetime": "2024-01-20 16:02:30", "elapsed": 5884.699659, "delta": 0.00648}}
{"target": -13.39763005260903, "params": {"colsample_bytree": 0.2333397789499476, "eta": 0.05929240487791529, "gamma": 561.3755555830948, "max_depth": 5.0, "min_child_weight": 3634.5942426514302, "num_boost_round": 3.0, "subsample": 0.13875728963396464}, "datetime": {"datetime": "2024-01-20 16:02:30", "elapsed": 5884.703715, "delta": 0.004056}}
{"target": -13.397780704353739, "params": {"colsample_bytree": 0.2333397789499476, "eta": 0.05929240487791529, "gamma": 561.3755555830948, "max_depth": 5.0, "min_child_weight": 3634.5942426514302, "num_boost_round": 4.0, "subsample": 0.13875728963396464}, "datetime": {"datetime": "2024-01-20 16:02:30", "elapsed": 5884.707869, "delta": 0.004154}}
{"target": -13.39798764558137, "params": {"colsample_bytree": 0.2333397789499476, "eta": 0.05929240487791529, "gamma": 561.3755555830948, "max_depth": 5.0, "min_child_weight": 3634.5942426514302, "num_boost_round": 5.0, "subsample": 0.13875728963396464}, "datetime": {"datetime": "2024-01-20 16:02:30", "elapsed": 5884.711789, "delta": 0.00392}}
{"target": -13.397986663607462, "params": {"colsample_bytree": 0.2333397789499476, "eta": 0.05929240487791529, "gamma": 561.3755555830948, "max_depth": 5.0, "min_child_weight": 3634.5942426514302, "num_boost_round": 6.0, "subsample": 0.13875728963396464}, "datetime": {"datetime": "2024-01-20 16:02:30", "elapsed": 5884.715696, "delta": 0.003907}}
{"target": -13.398203249321707, "params": {"colsample_bytree": 0.2333397789499476, "eta": 0.05929240487791529, "gamma": 561.3755555830948, "max_depth": 5.0, "min_child_weight": 3634.5942426514302, "num_boost_round": 7.0, "subsample": 0.13875728963396464}, "datetime": {"datetime": "2024-01-20 16:02:30", "elapsed": 5884.719866, "delta": 0.00417}}
{"target": -13.398374646785367, "params": {"colsample_bytree": 0.2333397789499476, "eta": 0.05929240487791529, "gamma": 561.3755555830948, "max_depth": 5.0, "min_child_weight": 3634.5942426514302, "num_boost_round": 8.0, "subsample": 0.13875728963396464}, "datetime": {"datetime": "2024-01-20 16:02:30", "elapsed": 5884.723716, "delta": 0.00385}}
{"target": -13.39862019451682, "params": {"colsample_bytree": 0.2333397789499476, "eta": 0.05929240487791529, "gamma": 561.3755555830948, "max_depth": 5.0, "min_child_weight": 3634.5942426514302, "num_boost_round": 9.0, "subsample": 0.13875728963396464}, "datetime": {"datetime": "2024-01-20 16:02:30", "elapsed": 5884.727711, "delta": 0.003995}}
{"target": -13.398725940156874, "params": {"colsample_bytree": 0.2333397789499476, "eta": 0.05929240487791529, "gamma": 561.3755555830948, "max_depth": 5.0, "min_child_weight": 3634.5942426514302, "num_boost_round": 10.0, "subsample": 0.13875728963396464}, "datetime": {"datetime": "2024-01-20 16:02:30", "elapsed": 5884.731844, "delta": 0.004133}}
{"target": -13.398750534171999, "params": {"colsample_bytree": 0.2333397789499476, "eta": 0.05929240487791529, "gamma": 561.3755555830948, "max_depth": 5.0, "min_child_weight": 3634.5942426514302, "num_boost_round": 11.0, "subsample": 0.13875728963396464}, "datetime": {"datetime": "2024-01-20 16:02:30", "elapsed": 5884.735748, "delta": 0.003904}}
{"target": -13.398836377392772, "params": {"colsample_bytree": 0.2333397789499476, "eta": 0.05929240487791529, "gamma": 561.3755555830948, "max_depth": 5.0, "min_child_weight": 3634.5942426514302, "num_boost_round": 12.0, "subsample": 0.13875728963396464}, "datetime": {"datetime": "2024-01-20 16:02:30", "elapsed": 5884.7398, "delta": 0.004052}}
{"target": -13.398638804980392, "params": {"colsample_bytree": 0.2333397789499476, "eta": 0.05929240487791529, "gamma": 561.3755555830948, "max_depth": 5.0, "min_child_weight": 3634.5942426514302, "num_boost_round": 13.0, "subsample": 0.13875728963396464}, "datetime": {"datetime": "2024-01-20 16:02:30", "elapsed": 5884.743676, "delta": 0.003876}}
{"target": -13.398535537024152, "params": {"colsample_bytree": 0.2333397789499476, "eta": 0.05929240487791529, "gamma": 561.3755555830948, "max_depth": 5.0, "min_child_weight": 3634.5942426514302, "num_boost_round": 14.0, "subsample": 0.13875728963396464}, "datetime": {"datetime": "2024-01-20 16:02:30", "elapsed": 5884.747687, "delta": 0.004011}}
{"target": -13.398386007577944, "params": {"colsample_bytree": 0.2333397789499476, "eta": 0.05929240487791529, "gamma": 561.3755555830948, "max_depth": 5.0, "min_child_weight": 3634.5942426514302, "num_boost_round": 15.0, "subsample": 0.13875728963396464}, "datetime": {"datetime": "2024-01-20 16:02:30", "elapsed": 5884.75162, "delta": 0.003933}}
{"target": -13.398468440748754, "params": {"colsample_bytree": 0.2333397789499476, "eta": 0.05929240487791529, "gamma": 561.3755555830948, "max_depth": 5.0, "min_child_weight": 3634.5942426514302, "num_boost_round": 16.0, "subsample": 0.13875728963396464}, "datetime": {"datetime": "2024-01-20 16:02:30", "elapsed": 5884.755465, "delta": 0.003845}}
{"target": -13.398744630255068, "params": {"colsample_bytree": 0.2333397789499476, "eta": 0.05929240487791529, "gamma": 561.3755555830948, "max_depth": 5.0, "min_child_weight": 3634.5942426514302, "num_boost_round": 17.0, "subsample": 0.13875728963396464}, "datetime": {"datetime": "2024-01-20 16:02:30", "elapsed": 5884.759547, "delta": 0.004082}}
{"target": -13.3989315128233, "params": {"colsample_bytree": 0.2333397789499476, "eta": 0.05929240487791529, "gamma": 561.3755555830948, "max_depth": 5.0, "min_child_weight": 3634.5942426514302, "num_boost_round": 18.0, "subsample": 0.13875728963396464}, "datetime": {"datetime": "2024-01-20 16:02:30", "elapsed": 5884.763424, "delta": 0.003877}}
{"target": -13.39910469521499, "params": {"colsample_bytree": 0.2333397789499476, "eta": 0.05929240487791529, "gamma": 561.3755555830948, "max_depth": 5.0, "min_child_weight": 3634.5942426514302, "num_boost_round": 19.0, "subsample": 0.13875728963396464}, "datetime": {"datetime": "2024-01-20 16:02:30", "elapsed": 5884.767465, "delta": 0.004041}}
{"target": -13.399061102456034, "params": {"colsample_bytree": 0.2333397789499476, "eta": 0.05929240487791529, "gamma": 561.3755555830948, "max_depth": 5.0, "min_child_weight": 3634.5942426514302, "num_boost_round": 20.0, "subsample": 0.13875728963396464}, "datetime": {"datetime": "2024-01-20 16:02:30", "elapsed": 5884.771509, "delta": 0.004044}}
{"target": -13.399045657753847, "params": {"colsample_bytree": 0.2333397789499476, "eta": 0.05929240487791529, "gamma": 561.3755555830948, "max_depth": 5.0, "min_child_weight": 3634.5942426514302, "num_boost_round": 21.0, "subsample": 0.13875728963396464}, "datetime": {"datetime": "2024-01-20 16:02:30", "elapsed": 5884.775406, "delta": 0.003897}}
{"target": -13.399273219657015, "params": {"colsample_bytree": 0.2333397789499476, "eta": 0.05929240487791529, "gamma": 561.3755555830948, "max_depth": 5.0, "min_child_weight": 3634.5942426514302, "num_boost_round": 22.0, "subsample": 0.13875728963396464}, "datetime": {"datetime": "2024-01-20 16:02:30", "elapsed": 5884.779448, "delta": 0.004042}}
{"target": -13.39932468456012, "params": {"colsample_bytree": 0.2333397789499476, "eta": 0.05929240487791529, "gamma": 561.3755555830948, "max_depth": 5.0, "min_child_weight": 3634.5942426514302, "num_boost_round": 23.0, "subsample": 0.13875728963396464}, "datetime": {"datetime": "2024-01-20 16:02:30", "elapsed": 5884.785394, "delta": 0.005946}}
{"target": -13.39971587463246, "params": {"colsample_bytree": 0.2333397789499476, "eta": 0.05929240487791529, "gamma": 561.3755555830948, "max_depth": 5.0, "min_child_weight": 3634.5942426514302, "num_boost_round": 24.0, "subsample": 0.13875728963396464}, "datetime": {"datetime": "2024-01-20 16:02:30", "elapsed": 5884.792138, "delta": 0.006744}}
{"target": -13.40007146314481, "params": {"colsample_bytree": 0.2333397789499476, "eta": 0.05929240487791529, "gamma": 561.3755555830948, "max_depth": 5.0, "min_child_weight": 3634.5942426514302, "num_boost_round": 25.0, "subsample": 0.13875728963396464}, "datetime": {"datetime": "2024-01-20 16:02:30", "elapsed": 5884.799248, "delta": 0.00711}}
{"target": -13.40026651983017, "params": {"colsample_bytree": 0.2333397789499476, "eta": 0.05929240487791529, "gamma": 561.3755555830948, "max_depth": 5.0, "min_child_weight": 3634.5942426514302, "num_boost_round": 26.0, "subsample": 0.13875728963396464}, "datetime": {"datetime": "2024-01-20 16:02:30", "elapsed": 5884.804557, "delta": 0.005309}}
{"target": -13.400606844474677, "params": {"colsample_bytree": 0.2333397789499476, "eta": 0.05929240487791529, "gamma": 561.3755555830948, "max_depth": 5.0, "min_child_weight": 3634.5942426514302, "num_boost_round": 27.0, "subsample": 0.13875728963396464}, "datetime": {"datetime": "2024-01-20 16:02:30", "elapsed": 5885.151884, "delta": 0.347327}}
{"target": -13.400739187203136, "params": {"colsample_bytree": 0.2333397789499476, "eta": 0.05929240487791529, "gamma": 561.3755555830948, "max_depth": 5.0, "min_child_weight": 3634.5942426514302, "num_boost_round": 28.0, "subsample": 0.13875728963396464}, "datetime": {"datetime": "2024-01-20 16:02:30", "elapsed": 5885.156749, "delta": 0.004865}}
{"target": -13.40079861141459, "params": {"colsample_bytree": 0.2333397789499476, "eta": 0.05929240487791529, "gamma": 561.3755555830948, "max_depth": 5.0, "min_child_weight": 3634.5942426514302, "num_boost_round": 29.0, "subsample": 0.13875728963396464}, "datetime": {"datetime": "2024-01-20 16:02:30", "elapsed": 5885.161034, "delta": 0.004285}}
{"target": -13.401052125014, "params": {"colsample_bytree": 0.2333397789499476, "eta": 0.05929240487791529, "gamma": 561.3755555830948, "max_depth": 5.0, "min_child_weight": 3634.5942426514302, "num_boost_round": 30.0, "subsample": 0.13875728963396464}, "datetime": {"datetime": "2024-01-20 16:02:30", "elapsed": 5885.16528, "delta": 0.004246}}
{"target": -13.401407128905742, "params": {"colsample_bytree": 0.2333397789499476, "eta": 0.05929240487791529, "gamma": 561.3755555830948, "max_depth": 5.0, "min_child_weight": 3634.5942426514302, "num_boost_round": 31.0, "subsample": 0.13875728963396464}, "datetime": {"datetime": "2024-01-20 16:02:30", "elapsed": 5885.169333, "delta": 0.004053}}
{"target": -13.40168734590063, "params": {"colsample_bytree": 0.2333397789499476, "eta": 0.05929240487791529, "gamma": 561.3755555830948, "max_depth": 5.0, "min_child_weight": 3634.5942426514302, "num_boost_round": 32.0, "subsample": 0.13875728963396464}, "datetime": {"datetime": "2024-01-20 16:02:30", "elapsed": 5885.173549, "delta": 0.004216}}
{"target": -13.401777265221185, "params": {"colsample_bytree": 0.2333397789499476, "eta": 0.05929240487791529, "gamma": 561.3755555830948, "max_depth": 5.0, "min_child_weight": 3634.5942426514302, "num_boost_round": 33.0, "subsample": 0.13875728963396464}, "datetime": {"datetime": "2024-01-20 16:02:30", "elapsed": 5885.177655, "delta": 0.004106}}
{"target": -13.401782484125729, "params": {"colsample_bytree": 0.2333397789499476, "eta": 0.05929240487791529, "gamma": 561.3755555830948, "max_depth": 5.0, "min_child_weight": 3634.5942426514302, "num_boost_round": 34.0, "subsample": 0.13875728963396464}, "datetime": {"datetime": "2024-01-20 16:02:30", "elapsed": 5885.18179, "delta": 0.004135}}
{"target": -13.402003089332922, "params": {"colsample_bytree": 0.2333397789499476, "eta": 0.05929240487791529, "gamma": 561.3755555830948, "max_depth": 5.0, "min_child_weight": 3634.5942426514302, "num_boost_round": 35.0, "subsample": 0.13875728963396464}, "datetime": {"datetime": "2024-01-20 16:02:30", "elapsed": 5885.185934, "delta": 0.004144}}
{"target": -13.402110204681762, "params": {"colsample_bytree": 0.2333397789499476, "eta": 0.05929240487791529, "gamma": 561.3755555830948, "max_depth": 5.0, "min_child_weight": 3634.5942426514302, "num_boost_round": 36.0, "subsample": 0.13875728963396464}, "datetime": {"datetime": "2024-01-20 16:02:30", "elapsed": 5885.190129, "delta": 0.004195}}
{"target": -13.402279172518035, "params": {"colsample_bytree": 0.2333397789499476, "eta": 0.05929240487791529, "gamma": 561.3755555830948, "max_depth": 5.0, "min_child_weight": 3634.5942426514302, "num_boost_round": 37.0, "subsample": 0.13875728963396464}, "datetime": {"datetime": "2024-01-20 16:02:30", "elapsed": 5885.194185, "delta": 0.004056}}
{"target": -13.402431210049848, "params": {"colsample_bytree": 0.2333397789499476, "eta": 0.05929240487791529, "gamma": 561.3755555830948, "max_depth": 5.0, "min_child_weight": 3634.5942426514302, "num_boost_round": 38.0, "subsample": 0.13875728963396464}, "datetime": {"datetime": "2024-01-20 16:02:30", "elapsed": 5885.198386, "delta": 0.004201}}
{"target": -13.402808515397496, "params": {"colsample_bytree": 0.2333397789499476, "eta": 0.05929240487791529, "gamma": 561.3755555830948, "max_depth": 5.0, "min_child_weight": 3634.5942426514302, "num_boost_round": 39.0, "subsample": 0.13875728963396464}, "datetime": {"datetime": "2024-01-20 16:02:30", "elapsed": 5885.202646, "delta": 0.00426}}
{"target": -13.402865290484163, "params": {"colsample_bytree": 0.2333397789499476, "eta": 0.05929240487791529, "gamma": 561.3755555830948, "max_depth": 5.0, "min_child_weight": 3634.5942426514302, "num_boost_round": 40.0, "subsample": 0.13875728963396464}, "datetime": {"datetime": "2024-01-20 16:02:30", "elapsed": 5885.2074, "delta": 0.004754}}
{"target": -13.402949719710989, "params": {"colsample_bytree": 0.2333397789499476, "eta": 0.05929240487791529, "gamma": 561.3755555830948, "max_depth": 5.0, "min_child_weight": 3634.5942426514302, "num_boost_round": 41.0, "subsample": 0.13875728963396464}, "datetime": {"datetime": "2024-01-20 16:02:30", "elapsed": 5885.211736, "delta": 0.004336}}
