{"target": -10.301736497685138, "params": {"colsample_bytree": 0.5123732719642428, "eta": 0.04608239116781262, "gamma": 13.710634351093876, "max_depth": 8.0, "min_child_weight": 3712.0021711372488, "num_boost_round": 15.0, "subsample": 0.5854120542193386}, "datetime": {"datetime": "2024-01-20 15:19:40", "elapsed": 7078.437578, "delta": 0.003825}}
{"target": -10.30186205225037, "params": {"colsample_bytree": 0.5123732719642428, "eta": 0.04608239116781262, "gamma": 13.710634351093876, "max_depth": 8.0, "min_child_weight": 3712.0021711372488, "num_boost_round": 16.0, "subsample": 0.5854120542193386}, "datetime": {"datetime": "2024-01-20 15:19:40", "elapsed": 7078.441269, "delta": 0.003691}}
{"target": -10.302207593375908, "params": {"colsample_bytree": 0.5123732719642428, "eta": 0.04608239116781262, "gamma": 13.710634351093876, "max_depth": 8.0, "min_child_weight": 3712.0021711372488, "num_boost_round": 17.0, "subsample": 0.5854120542193386}, "datetime": {"datetime": "2024-01-20 15:19:40", "elapsed": 7078.444903, "delta": 0.003634}}
{"target": -10.302541096163225, "params": {"colsample_bytree": 0.5123732719642428, "eta": 0.04608239116781262, "gamma": 13.710634351093876, "max_depth": 8.0, "min_child_weight": 3712.0021711372488, "num_boost_round": 18.0, "subsample": 0.5854120542193386}, "datetime": {"datetime": "2024-01-20 15:19:40", "elapsed": 7078.448639, "delta": 0.003736}}
{"target": -10.302776699632545, "params": {"colsample_bytree": 0.5123732719642428, "eta": 0.04608239116781262, "gamma": 13.710634351093876, "max_depth": 8.0, "min_child_weight": 3712.0021711372488, "num_boost_round": 19.0, "subsample": 0.5854120542193386}, "datetime": {"datetime": "2024-01-20 15:19:40", "elapsed": 7078.452343, "delta": 0.003704}}
{"target": -10.302887679325437, "params": {"colsample_bytree": 0.5123732719642428, "eta": 0.04608239116781262, "gamma": 13.710634351093876, "max_depth": 8.0, "min_child_weight": 3712.0021711372488, "num_boost_round": 20.0, "subsample": 0.5854120542193386}, "datetime": {"datetime": "2024-01-20 15:19:40", "elapsed": 7078.45641, "delta": 0.004067}}
{"target": -10.30301802465926, "params": {"colsample_bytree": 0.5123732719642428, "eta": 0.04608239116781262, "gamma": 13.710634351093876, "max_depth": 8.0, "min_child_weight": 3712.0021711372488, "num_boost_round": 21.0, "subsample": 0.5854120542193386}, "datetime": {"datetime": "2024-01-20 15:19:40", "elapsed": 7078.460473, "delta": 0.004063}}
{"target": -10.303390278710873, "params": {"colsample_bytree": 0.5123732719642428, "eta": 0.04608239116781262, "gamma": 13.710634351093876, "max_depth": 8.0, "min_child_weight": 3712.0021711372488, "num_boost_round": 22.0, "subsample": 0.5854120542193386}, "datetime": {"datetime": "2024-01-20 15:19:40", "elapsed": 7078.46453, "delta": 0.004057}}
{"target": -10.303734601224129, "params": {"colsample_bytree": 0.5123732719642428, "eta": 0.04608239116781262, "gamma": 13.710634351093876, "max_depth": 8.0, "min_child_weight": 3712.0021711372488, "num_boost_round": 23.0, "subsample": 0.5854120542193386}, "datetime": {"datetime": "2024-01-20 15:19:40", "elapsed": 7078.468602, "delta": 0.004072}}
{"target": -10.304078276179029, "params": {"colsample_bytree": 0.5123732719642428, "eta": 0.04608239116781262, "gamma": 13.710634351093876, "max_depth": 8.0, "min_child_weight": 3712.0021711372488, "num_boost_round": 24.0, "subsample": 0.5854120542193386}, "datetime": {"datetime": "2024-01-20 15:19:40", "elapsed": 7078.4726, "delta": 0.003998}}
{"target": -10.304299636323831, "params": {"colsample_bytree": 0.5123732719642428, "eta": 0.04608239116781262, "gamma": 13.710634351093876, "max_depth": 8.0, "min_child_weight": 3712.0021711372488, "num_boost_round": 25.0, "subsample": 0.5854120542193386}, "datetime": {"datetime": "2024-01-20 15:19:40", "elapsed": 7078.476564, "delta": 0.003964}}
{"target": -10.304589621718858, "params": {"colsample_bytree": 0.5123732719642428, "eta": 0.04608239116781262, "gamma": 13.710634351093876, "max_depth": 8.0, "min_child_weight": 3712.0021711372488, "num_boost_round": 26.0, "subsample": 0.5854120542193386}, "datetime": {"datetime": "2024-01-20 15:19:40", "elapsed": 7078.480469, "delta": 0.003905}}
{"target": -10.304708692644844, "params": {"colsample_bytree": 0.5123732719642428, "eta": 0.04608239116781262, "gamma": 13.710634351093876, "max_depth": 8.0, "min_child_weight": 3712.0021711372488, "num_boost_round": 27.0, "subsample": 0.5854120542193386}, "datetime": {"datetime": "2024-01-20 15:19:40", "elapsed": 7078.484319, "delta": 0.00385}}
{"target": -10.304884935810136, "params": {"colsample_bytree": 0.5123732719642428, "eta": 0.04608239116781262, "gamma": 13.710634351093876, "max_depth": 8.0, "min_child_weight": 3712.0021711372488, "num_boost_round": 28.0, "subsample": 0.5854120542193386}, "datetime": {"datetime": "2024-01-20 15:19:40", "elapsed": 7078.488224, "delta": 0.003905}}
{"target": -10.305467272817761, "params": {"colsample_bytree": 0.5123732719642428, "eta": 0.04608239116781262, "gamma": 13.710634351093876, "max_depth": 8.0, "min_child_weight": 3712.0021711372488, "num_boost_round": 29.0, "subsample": 0.5854120542193386}, "datetime": {"datetime": "2024-01-20 15:19:40", "elapsed": 7078.492008, "delta": 0.003784}}
{"target": -10.305722122701424, "params": {"colsample_bytree": 0.5123732719642428, "eta": 0.04608239116781262, "gamma": 13.710634351093876, "max_depth": 8.0, "min_child_weight": 3712.0021711372488, "num_boost_round": 30.0, "subsample": 0.5854120542193386}, "datetime": {"datetime": "2024-01-20 15:19:40", "elapsed": 7078.495805, "delta": 0.003797}}
{"target": -10.305881781851099, "params": {"colsample_bytree": 0.5123732719642428, "eta": 0.04608239116781262, "gamma": 13.710634351093876, "max_depth": 8.0, "min_child_weight": 3712.0021711372488, "num_boost_round": 31.0, "subsample": 0.5854120542193386}, "datetime": {"datetime": "2024-01-20 15:19:40", "elapsed": 7078.499716, "delta": 0.003911}}
{"target": -10.306339812481042, "params": {"colsample_bytree": 0.5123732719642428, "eta": 0.04608239116781262, "gamma": 13.710634351093876, "max_depth": 8.0, "min_child_weight": 3712.0021711372488, "num_boost_round": 32.0, "subsample": 0.5854120542193386}, "datetime": {"datetime": "2024-01-20 15:19:40", "elapsed": 7078.503912, "delta": 0.004196}}
{"target": -10.306913994486006, "params": {"colsample_bytree": 0.5123732719642428, "eta": 0.04608239116781262, "gamma": 13.710634351093876, "max_depth": 8.0, "min_child_weight": 3712.0021711372488, "num_boost_round": 33.0, "subsample": 0.5854120542193386}, "datetime": {"datetime": "2024-01-20 15:19:40", "elapsed": 7078.507701, "delta": 0.003789}}
{"target": -10.307010334411435, "params": {"colsample_bytree": 0.5123732719642428, "eta": 0.04608239116781262, "gamma": 13.710634351093876, "max_depth": 8.0, "min_child_weight": 3712.0021711372488, "num_boost_round": 34.0, "subsample": 0.5854120542193386}, "datetime": {"datetime": "2024-01-20 15:19:41", "elapsed": 7079.242494, "delta": 0.734793}}
{"target": -10.307448419029262, "params": {"colsample_bytree": 0.5123732719642428, "eta": 0.04608239116781262, "gamma": 13.710634351093876, "max_depth": 8.0, "min_child_weight": 3712.0021711372488, "num_boost_round": 35.0, "subsample": 0.5854120542193386}, "datetime": {"datetime": "2024-01-20 15:19:41", "elapsed": 7079.250769, "delta": 0.008275}}
{"target": -10.307717607835094, "params": {"colsample_bytree": 0.5123732719642428, "eta": 0.04608239116781262, "gamma": 13.710634351093876, "max_depth": 8.0, "min_child_weight": 3712.0021711372488, "num_boost_round": 36.0, "subsample": 0.5854120542193386}, "datetime": {"datetime": "2024-01-20 15:19:41", "elapsed": 7079.258424, "delta": 0.007655}}
{"target": -10.308063587671581, "params": {"colsample_bytree": 0.5123732719642428, "eta": 0.04608239116781262, "gamma": 13.710634351093876, "max_depth": 8.0, "min_child_weight": 3712.0021711372488, "num_boost_round": 37.0, "subsample": 0.5854120542193386}, "datetime": {"datetime": "2024-01-20 15:19:41", "elapsed": 7079.264475, "delta": 0.006051}}
{"target": -10.308202030590266, "params": {"colsample_bytree": 0.5123732719642428, "eta": 0.04608239116781262, "gamma": 13.710634351093876, "max_depth": 8.0, "min_child_weight": 3712.0021711372488, "num_boost_round": 38.0, "subsample": 0.5854120542193386}, "datetime": {"datetime": "2024-01-20 15:19:41", "elapsed": 7079.270329, "delta": 0.005854}}
{"target": -10.308530501264011, "params": {"colsample_bytree": 0.5123732719642428, "eta": 0.04608239116781262, "gamma": 13.710634351093876, "max_depth": 8.0, "min_child_weight": 3712.0021711372488, "num_boost_round": 39.0, "subsample": 0.5854120542193386}, "datetime": {"datetime": "2024-01-20 15:19:41", "elapsed": 7079.275893, "delta": 0.005564}}
{"target": -10.30881510032238, "params": {"colsample_bytree": 0.5123732719642428, "eta": 0.04608239116781262, "gamma": 13.710634351093876, "max_depth": 8.0, "min_child_weight": 3712.0021711372488, "num_boost_round": 40.0, "subsample": 0.5854120542193386}, "datetime": {"datetime": "2024-01-20 15:19:41", "elapsed": 7079.280309, "delta": 0.004416}}
{"target": -10.297803783337637, "params": {"colsample_bytree": 0.9085057638100891, "eta": 0.0503510227705664, "gamma": 985.0896037849421, "max_depth": 5.0, "min_child_weight": 4247.92296893183, "num_boost_round": 1.0, "subsample": 0.16623182846788215}, "datetime": {"datetime": "2024-01-20 15:20:32", "elapsed": 7130.421474, "delta": 51.141165}}
{"target": -10.29735232510463, "params": {"colsample_bytree": 0.9085057638100891, "eta": 0.0503510227705664, "gamma": 985.0896037849421, "max_depth": 5.0, "min_child_weight": 4247.92296893183, "num_boost_round": 2.0, "subsample": 0.16623182846788215}, "datetime": {"datetime": "2024-01-20 15:20:32", "elapsed": 7130.428744, "delta": 0.00727}}
{"target": -10.29709751274548, "params": {"colsample_bytree": 0.9085057638100891, "eta": 0.0503510227705664, "gamma": 985.0896037849421, "max_depth": 5.0, "min_child_weight": 4247.92296893183, "num_boost_round": 3.0, "subsample": 0.16623182846788215}, "datetime": {"datetime": "2024-01-20 15:20:32", "elapsed": 7130.437684, "delta": 0.00894}}
{"target": -10.296903487688184, "params": {"colsample_bytree": 0.9085057638100891, "eta": 0.0503510227705664, "gamma": 985.0896037849421, "max_depth": 5.0, "min_child_weight": 4247.92296893183, "num_boost_round": 4.0, "subsample": 0.16623182846788215}, "datetime": {"datetime": "2024-01-20 15:20:32", "elapsed": 7130.446134, "delta": 0.00845}}
{"target": -10.297747620033201, "params": {"colsample_bytree": 0.4454324946544327, "eta": 0.09868344008633048, "gamma": 974.8576781887891, "max_depth": 9.0, "min_child_weight": 4227.2683468269925, "num_boost_round": 1.0, "subsample": 0.2960266837889475}, "datetime": {"datetime": "2024-01-20 15:22:51", "elapsed": 7269.398575, "delta": 138.952441}}
{"target": -10.297767625319041, "params": {"colsample_bytree": 0.4454324946544327, "eta": 0.09868344008633048, "gamma": 974.8576781887891, "max_depth": 9.0, "min_child_weight": 4227.2683468269925, "num_boost_round": 2.0, "subsample": 0.2960266837889475}, "datetime": {"datetime": "2024-01-20 15:22:51", "elapsed": 7269.406779, "delta": 0.008204}}
{"target": -10.298009904536098, "params": {"colsample_bytree": 0.4454324946544327, "eta": 0.09868344008633048, "gamma": 974.8576781887891, "max_depth": 9.0, "min_child_weight": 4227.2683468269925, "num_boost_round": 3.0, "subsample": 0.2960266837889475}, "datetime": {"datetime": "2024-01-20 15:22:51", "elapsed": 7269.412063, "delta": 0.005284}}
{"target": -10.298221665208104, "params": {"colsample_bytree": 0.4454324946544327, "eta": 0.09868344008633048, "gamma": 974.8576781887891, "max_depth": 9.0, "min_child_weight": 4227.2683468269925, "num_boost_round": 4.0, "subsample": 0.2960266837889475}, "datetime": {"datetime": "2024-01-20 15:22:51", "elapsed": 7269.417019, "delta": 0.004956}}
{"target": -10.299026109597042, "params": {"colsample_bytree": 0.4454324946544327, "eta": 0.09868344008633048, "gamma": 974.8576781887891, "max_depth": 9.0, "min_child_weight": 4227.2683468269925, "num_boost_round": 5.0, "subsample": 0.2960266837889475}, "datetime": {"datetime": "2024-01-20 15:22:51", "elapsed": 7269.421804, "delta": 0.004785}}
{"target": -10.299696434522616, "params": {"colsample_bytree": 0.4454324946544327, "eta": 0.09868344008633048, "gamma": 974.8576781887891, "max_depth": 9.0, "min_child_weight": 4227.2683468269925, "num_boost_round": 6.0, "subsample": 0.2960266837889475}, "datetime": {"datetime": "2024-01-20 15:22:51", "elapsed": 7269.426541, "delta": 0.004737}}
{"target": -10.300434847262208, "params": {"colsample_bytree": 0.4454324946544327, "eta": 0.09868344008633048, "gamma": 974.8576781887891, "max_depth": 9.0, "min_child_weight": 4227.2683468269925, "num_boost_round": 7.0, "subsample": 0.2960266837889475}, "datetime": {"datetime": "2024-01-20 15:22:51", "elapsed": 7269.431281, "delta": 0.00474}}
{"target": -10.300794662617228, "params": {"colsample_bytree": 0.4454324946544327, "eta": 0.09868344008633048, "gamma": 974.8576781887891, "max_depth": 9.0, "min_child_weight": 4227.2683468269925, "num_boost_round": 8.0, "subsample": 0.2960266837889475}, "datetime": {"datetime": "2024-01-20 15:22:51", "elapsed": 7269.441297, "delta": 0.010016}}
{"target": -10.301580255210302, "params": {"colsample_bytree": 0.4454324946544327, "eta": 0.09868344008633048, "gamma": 974.8576781887891, "max_depth": 9.0, "min_child_weight": 4227.2683468269925, "num_boost_round": 9.0, "subsample": 0.2960266837889475}, "datetime": {"datetime": "2024-01-20 15:22:51", "elapsed": 7269.447246, "delta": 0.005949}}
{"target": -10.302258454513563, "params": {"colsample_bytree": 0.4454324946544327, "eta": 0.09868344008633048, "gamma": 974.8576781887891, "max_depth": 9.0, "min_child_weight": 4227.2683468269925, "num_boost_round": 10.0, "subsample": 0.2960266837889475}, "datetime": {"datetime": "2024-01-20 15:22:51", "elapsed": 7269.452447, "delta": 0.005201}}
{"target": -10.30232965903216, "params": {"colsample_bytree": 0.4454324946544327, "eta": 0.09868344008633048, "gamma": 974.8576781887891, "max_depth": 9.0, "min_child_weight": 4227.2683468269925, "num_boost_round": 11.0, "subsample": 0.2960266837889475}, "datetime": {"datetime": "2024-01-20 15:22:51", "elapsed": 7269.457357, "delta": 0.00491}}
{"target": -10.302689802675538, "params": {"colsample_bytree": 0.4454324946544327, "eta": 0.09868344008633048, "gamma": 974.8576781887891, "max_depth": 9.0, "min_child_weight": 4227.2683468269925, "num_boost_round": 12.0, "subsample": 0.2960266837889475}, "datetime": {"datetime": "2024-01-20 15:22:51", "elapsed": 7269.462237, "delta": 0.00488}}
{"target": -10.302700545591449, "params": {"colsample_bytree": 0.4454324946544327, "eta": 0.09868344008633048, "gamma": 974.8576781887891, "max_depth": 9.0, "min_child_weight": 4227.2683468269925, "num_boost_round": 13.0, "subsample": 0.2960266837889475}, "datetime": {"datetime": "2024-01-20 15:22:51", "elapsed": 7269.466608, "delta": 0.004371}}
{"target": -10.30278004202419, "params": {"colsample_bytree": 0.4454324946544327, "eta": 0.09868344008633048, "gamma": 974.8576781887891, "max_depth": 9.0, "min_child_weight": 4227.2683468269925, "num_boost_round": 14.0, "subsample": 0.2960266837889475}, "datetime": {"datetime": "2024-01-20 15:22:51", "elapsed": 7269.470951, "delta": 0.004343}}
{"target": -10.303267586826916, "params": {"colsample_bytree": 0.4454324946544327, "eta": 0.09868344008633048, "gamma": 974.8576781887891, "max_depth": 9.0, "min_child_weight": 4227.2683468269925, "num_boost_round": 15.0, "subsample": 0.2960266837889475}, "datetime": {"datetime": "2024-01-20 15:22:51", "elapsed": 7269.475248, "delta": 0.004297}}
{"target": -10.303290393153322, "params": {"colsample_bytree": 0.4454324946544327, "eta": 0.09868344008633048, "gamma": 974.8576781887891, "max_depth": 9.0, "min_child_weight": 4227.2683468269925, "num_boost_round": 16.0, "subsample": 0.2960266837889475}, "datetime": {"datetime": "2024-01-20 15:22:51", "elapsed": 7269.48074, "delta": 0.005492}}
{"target": -10.303592462853103, "params": {"colsample_bytree": 0.4454324946544327, "eta": 0.09868344008633048, "gamma": 974.8576781887891, "max_depth": 9.0, "min_child_weight": 4227.2683468269925, "num_boost_round": 17.0, "subsample": 0.2960266837889475}, "datetime": {"datetime": "2024-01-20 15:22:51", "elapsed": 7269.487717, "delta": 0.006977}}
{"target": -10.303998591563017, "params": {"colsample_bytree": 0.4454324946544327, "eta": 0.09868344008633048, "gamma": 974.8576781887891, "max_depth": 9.0, "min_child_weight": 4227.2683468269925, "num_boost_round": 18.0, "subsample": 0.2960266837889475}, "datetime": {"datetime": "2024-01-20 15:22:51", "elapsed": 7269.494034, "delta": 0.006317}}
{"target": -10.304372651717065, "params": {"colsample_bytree": 0.4454324946544327, "eta": 0.09868344008633048, "gamma": 974.8576781887891, "max_depth": 9.0, "min_child_weight": 4227.2683468269925, "num_boost_round": 19.0, "subsample": 0.2960266837889475}, "datetime": {"datetime": "2024-01-20 15:22:51", "elapsed": 7269.502132, "delta": 0.008098}}
{"target": -10.304313460635036, "params": {"colsample_bytree": 0.4454324946544327, "eta": 0.09868344008633048, "gamma": 974.8576781887891, "max_depth": 9.0, "min_child_weight": 4227.2683468269925, "num_boost_round": 20.0, "subsample": 0.2960266837889475}, "datetime": {"datetime": "2024-01-20 15:22:51", "elapsed": 7269.510076, "delta": 0.007944}}
{"target": -10.304625720634249, "params": {"colsample_bytree": 0.4454324946544327, "eta": 0.09868344008633048, "gamma": 974.8576781887891, "max_depth": 9.0, "min_child_weight": 4227.2683468269925, "num_boost_round": 21.0, "subsample": 0.2960266837889475}, "datetime": {"datetime": "2024-01-20 15:22:51", "elapsed": 7269.517607, "delta": 0.007531}}
{"target": -10.304703468678401, "params": {"colsample_bytree": 0.4454324946544327, "eta": 0.09868344008633048, "gamma": 974.8576781887891, "max_depth": 9.0, "min_child_weight": 4227.2683468269925, "num_boost_round": 22.0, "subsample": 0.2960266837889475}, "datetime": {"datetime": "2024-01-20 15:22:51", "elapsed": 7269.523979, "delta": 0.006372}}
{"target": -10.305092135566754, "params": {"colsample_bytree": 0.4454324946544327, "eta": 0.09868344008633048, "gamma": 974.8576781887891, "max_depth": 9.0, "min_child_weight": 4227.2683468269925, "num_boost_round": 23.0, "subsample": 0.2960266837889475}, "datetime": {"datetime": "2024-01-20 15:22:51", "elapsed": 7269.530173, "delta": 0.006194}}
{"target": -10.305338403152543, "params": {"colsample_bytree": 0.4454324946544327, "eta": 0.09868344008633048, "gamma": 974.8576781887891, "max_depth": 9.0, "min_child_weight": 4227.2683468269925, "num_boost_round": 24.0, "subsample": 0.2960266837889475}, "datetime": {"datetime": "2024-01-20 15:22:51", "elapsed": 7269.536228, "delta": 0.006055}}
{"target": -10.305556036800432, "params": {"colsample_bytree": 0.4454324946544327, "eta": 0.09868344008633048, "gamma": 974.8576781887891, "max_depth": 9.0, "min_child_weight": 4227.2683468269925, "num_boost_round": 25.0, "subsample": 0.2960266837889475}, "datetime": {"datetime": "2024-01-20 15:22:51", "elapsed": 7269.541988, "delta": 0.00576}}
{"target": -10.306036171303322, "params": {"colsample_bytree": 0.4454324946544327, "eta": 0.09868344008633048, "gamma": 974.8576781887891, "max_depth": 9.0, "min_child_weight": 4227.2683468269925, "num_boost_round": 26.0, "subsample": 0.2960266837889475}, "datetime": {"datetime": "2024-01-20 15:22:51", "elapsed": 7269.547999, "delta": 0.006011}}
{"target": -10.306099742285038, "params": {"colsample_bytree": 0.4454324946544327, "eta": 0.09868344008633048, "gamma": 974.8576781887891, "max_depth": 9.0, "min_child_weight": 4227.2683468269925, "num_boost_round": 27.0, "subsample": 0.2960266837889475}, "datetime": {"datetime": "2024-01-20 15:22:51", "elapsed": 7269.553886, "delta": 0.005887}}
{"target": -10.306604474189673, "params": {"colsample_bytree": 0.4454324946544327, "eta": 0.09868344008633048, "gamma": 974.8576781887891, "max_depth": 9.0, "min_child_weight": 4227.2683468269925, "num_boost_round": 28.0, "subsample": 0.2960266837889475}, "datetime": {"datetime": "2024-01-20 15:22:51", "elapsed": 7269.559843, "delta": 0.005957}}
{"target": -10.307592750319655, "params": {"colsample_bytree": 0.4454324946544327, "eta": 0.09868344008633048, "gamma": 974.8576781887891, "max_depth": 9.0, "min_child_weight": 4227.2683468269925, "num_boost_round": 29.0, "subsample": 0.2960266837889475}, "datetime": {"datetime": "2024-01-20 15:22:51", "elapsed": 7269.565674, "delta": 0.005831}}
{"target": -10.307750040744962, "params": {"colsample_bytree": 0.4454324946544327, "eta": 0.09868344008633048, "gamma": 974.8576781887891, "max_depth": 9.0, "min_child_weight": 4227.2683468269925, "num_boost_round": 30.0, "subsample": 0.2960266837889475}, "datetime": {"datetime": "2024-01-20 15:22:51", "elapsed": 7269.571531, "delta": 0.005857}}
{"target": -10.307977884466805, "params": {"colsample_bytree": 0.4454324946544327, "eta": 0.09868344008633048, "gamma": 974.8576781887891, "max_depth": 9.0, "min_child_weight": 4227.2683468269925, "num_boost_round": 31.0, "subsample": 0.2960266837889475}, "datetime": {"datetime": "2024-01-20 15:22:51", "elapsed": 7269.577539, "delta": 0.006008}}
{"target": -10.308502696655351, "params": {"colsample_bytree": 0.4454324946544327, "eta": 0.09868344008633048, "gamma": 974.8576781887891, "max_depth": 9.0, "min_child_weight": 4227.2683468269925, "num_boost_round": 32.0, "subsample": 0.2960266837889475}, "datetime": {"datetime": "2024-01-20 15:22:51", "elapsed": 7269.583426, "delta": 0.005887}}
{"target": -10.308827538427998, "params": {"colsample_bytree": 0.4454324946544327, "eta": 0.09868344008633048, "gamma": 974.8576781887891, "max_depth": 9.0, "min_child_weight": 4227.2683468269925, "num_boost_round": 33.0, "subsample": 0.2960266837889475}, "datetime": {"datetime": "2024-01-20 15:22:51", "elapsed": 7269.590578, "delta": 0.007152}}
