{"target": -12.340270417034343, "params": {"colsample_bytree": 0.7394606092525711, "eta": 0.055089226284983674, "gamma": 688.940151916724, "max_depth": 3.0, "min_child_weight": 4266.131843365774, "num_boost_round": 21.0, "subsample": 0.6116513277555534}, "datetime": {"datetime": "2024-01-20 16:32:34", "elapsed": 7721.02389, "delta": 0.007313}}
{"target": -12.340348769246452, "params": {"colsample_bytree": 0.7394606092525711, "eta": 0.055089226284983674, "gamma": 688.940151916724, "max_depth": 3.0, "min_child_weight": 4266.131843365774, "num_boost_round": 22.0, "subsample": 0.6116513277555534}, "datetime": {"datetime": "2024-01-20 16:32:34", "elapsed": 7721.031166, "delta": 0.007276}}
{"target": -12.340406685248063, "params": {"colsample_bytree": 0.7394606092525711, "eta": 0.055089226284983674, "gamma": 688.940151916724, "max_depth": 3.0, "min_child_weight": 4266.131843365774, "num_boost_round": 23.0, "subsample": 0.6116513277555534}, "datetime": {"datetime": "2024-01-20 16:32:34", "elapsed": 7721.039259, "delta": 0.008093}}
{"target": -12.340906047462745, "params": {"colsample_bytree": 0.7394606092525711, "eta": 0.055089226284983674, "gamma": 688.940151916724, "max_depth": 3.0, "min_child_weight": 4266.131843365774, "num_boost_round": 24.0, "subsample": 0.6116513277555534}, "datetime": {"datetime": "2024-01-20 16:32:34", "elapsed": 7721.047073, "delta": 0.007814}}
{"target": -12.340904148271559, "params": {"colsample_bytree": 0.7394606092525711, "eta": 0.055089226284983674, "gamma": 688.940151916724, "max_depth": 3.0, "min_child_weight": 4266.131843365774, "num_boost_round": 25.0, "subsample": 0.6116513277555534}, "datetime": {"datetime": "2024-01-20 16:32:34", "elapsed": 7721.058804, "delta": 0.011731}}
{"target": -12.341221929335454, "params": {"colsample_bytree": 0.7394606092525711, "eta": 0.055089226284983674, "gamma": 688.940151916724, "max_depth": 3.0, "min_child_weight": 4266.131843365774, "num_boost_round": 26.0, "subsample": 0.6116513277555534}, "datetime": {"datetime": "2024-01-20 16:32:34", "elapsed": 7721.069642, "delta": 0.010838}}
{"target": -12.341357946534103, "params": {"colsample_bytree": 0.7394606092525711, "eta": 0.055089226284983674, "gamma": 688.940151916724, "max_depth": 3.0, "min_child_weight": 4266.131843365774, "num_boost_round": 27.0, "subsample": 0.6116513277555534}, "datetime": {"datetime": "2024-01-20 16:32:34", "elapsed": 7721.078094, "delta": 0.008452}}
{"target": -12.341150381607836, "params": {"colsample_bytree": 0.7394606092525711, "eta": 0.055089226284983674, "gamma": 688.940151916724, "max_depth": 3.0, "min_child_weight": 4266.131843365774, "num_boost_round": 28.0, "subsample": 0.6116513277555534}, "datetime": {"datetime": "2024-01-20 16:32:34", "elapsed": 7721.085482, "delta": 0.007388}}
{"target": -12.34097740544786, "params": {"colsample_bytree": 0.7394606092525711, "eta": 0.055089226284983674, "gamma": 688.940151916724, "max_depth": 3.0, "min_child_weight": 4266.131843365774, "num_boost_round": 29.0, "subsample": 0.6116513277555534}, "datetime": {"datetime": "2024-01-20 16:32:34", "elapsed": 7721.092739, "delta": 0.007257}}
{"target": -12.340895105161069, "params": {"colsample_bytree": 0.7394606092525711, "eta": 0.055089226284983674, "gamma": 688.940151916724, "max_depth": 3.0, "min_child_weight": 4266.131843365774, "num_boost_round": 30.0, "subsample": 0.6116513277555534}, "datetime": {"datetime": "2024-01-20 16:32:34", "elapsed": 7721.10096, "delta": 0.008221}}
{"target": -12.340999036632251, "params": {"colsample_bytree": 0.7394606092525711, "eta": 0.055089226284983674, "gamma": 688.940151916724, "max_depth": 3.0, "min_child_weight": 4266.131843365774, "num_boost_round": 31.0, "subsample": 0.6116513277555534}, "datetime": {"datetime": "2024-01-20 16:32:34", "elapsed": 7721.109338, "delta": 0.008378}}
{"target": -12.341157643250055, "params": {"colsample_bytree": 0.7394606092525711, "eta": 0.055089226284983674, "gamma": 688.940151916724, "max_depth": 3.0, "min_child_weight": 4266.131843365774, "num_boost_round": 32.0, "subsample": 0.6116513277555534}, "datetime": {"datetime": "2024-01-20 16:32:34", "elapsed": 7721.117975, "delta": 0.008637}}
{"target": -12.341647155150302, "params": {"colsample_bytree": 0.7394606092525711, "eta": 0.055089226284983674, "gamma": 688.940151916724, "max_depth": 3.0, "min_child_weight": 4266.131843365774, "num_boost_round": 33.0, "subsample": 0.6116513277555534}, "datetime": {"datetime": "2024-01-20 16:32:34", "elapsed": 7721.126059, "delta": 0.008084}}
{"target": -12.356277201338289, "params": {"colsample_bytree": 0.39986737060060984, "eta": 0.09189216126919901, "gamma": 543.2595414169236, "max_depth": 4.0, "min_child_weight": 4241.312985699094, "num_boost_round": 1.0, "subsample": 0.30402412697218606}, "datetime": {"datetime": "2024-01-20 16:34:16", "elapsed": 7822.965904, "delta": 101.839845}}
{"target": -12.35441747558123, "params": {"colsample_bytree": 0.39986737060060984, "eta": 0.09189216126919901, "gamma": 543.2595414169236, "max_depth": 4.0, "min_child_weight": 4241.312985699094, "num_boost_round": 2.0, "subsample": 0.30402412697218606}, "datetime": {"datetime": "2024-01-20 16:34:16", "elapsed": 7822.974484, "delta": 0.00858}}
{"target": -12.350665726481882, "params": {"colsample_bytree": 0.39986737060060984, "eta": 0.09189216126919901, "gamma": 543.2595414169236, "max_depth": 4.0, "min_child_weight": 4241.312985699094, "num_boost_round": 3.0, "subsample": 0.30402412697218606}, "datetime": {"datetime": "2024-01-20 16:34:16", "elapsed": 7822.981415, "delta": 0.006931}}
{"target": -12.350902354592804, "params": {"colsample_bytree": 0.39986737060060984, "eta": 0.09189216126919901, "gamma": 543.2595414169236, "max_depth": 4.0, "min_child_weight": 4241.312985699094, "num_boost_round": 4.0, "subsample": 0.30402412697218606}, "datetime": {"datetime": "2024-01-20 16:34:16", "elapsed": 7822.987953, "delta": 0.006538}}
{"target": -12.349530381433922, "params": {"colsample_bytree": 0.39986737060060984, "eta": 0.09189216126919901, "gamma": 543.2595414169236, "max_depth": 4.0, "min_child_weight": 4241.312985699094, "num_boost_round": 5.0, "subsample": 0.30402412697218606}, "datetime": {"datetime": "2024-01-20 16:34:16", "elapsed": 7822.994423, "delta": 0.00647}}
{"target": -12.346899243581676, "params": {"colsample_bytree": 0.39986737060060984, "eta": 0.09189216126919901, "gamma": 543.2595414169236, "max_depth": 4.0, "min_child_weight": 4241.312985699094, "num_boost_round": 6.0, "subsample": 0.30402412697218606}, "datetime": {"datetime": "2024-01-20 16:34:16", "elapsed": 7823.001425, "delta": 0.007002}}
{"target": -12.34685578555126, "params": {"colsample_bytree": 0.39986737060060984, "eta": 0.09189216126919901, "gamma": 543.2595414169236, "max_depth": 4.0, "min_child_weight": 4241.312985699094, "num_boost_round": 7.0, "subsample": 0.30402412697218606}, "datetime": {"datetime": "2024-01-20 16:34:16", "elapsed": 7823.008197, "delta": 0.006772}}
{"target": -12.345515943011968, "params": {"colsample_bytree": 0.39986737060060984, "eta": 0.09189216126919901, "gamma": 543.2595414169236, "max_depth": 4.0, "min_child_weight": 4241.312985699094, "num_boost_round": 8.0, "subsample": 0.30402412697218606}, "datetime": {"datetime": "2024-01-20 16:34:16", "elapsed": 7823.015275, "delta": 0.007078}}
{"target": -12.345551589238116, "params": {"colsample_bytree": 0.39986737060060984, "eta": 0.09189216126919901, "gamma": 543.2595414169236, "max_depth": 4.0, "min_child_weight": 4241.312985699094, "num_boost_round": 9.0, "subsample": 0.30402412697218606}, "datetime": {"datetime": "2024-01-20 16:34:16", "elapsed": 7823.023056, "delta": 0.007781}}
{"target": -12.345288260337105, "params": {"colsample_bytree": 0.39986737060060984, "eta": 0.09189216126919901, "gamma": 543.2595414169236, "max_depth": 4.0, "min_child_weight": 4241.312985699094, "num_boost_round": 10.0, "subsample": 0.30402412697218606}, "datetime": {"datetime": "2024-01-20 16:34:16", "elapsed": 7823.030896, "delta": 0.00784}}
{"target": -12.344486596569867, "params": {"colsample_bytree": 0.39986737060060984, "eta": 0.09189216126919901, "gamma": 543.2595414169236, "max_depth": 4.0, "min_child_weight": 4241.312985699094, "num_boost_round": 11.0, "subsample": 0.30402412697218606}, "datetime": {"datetime": "2024-01-20 16:34:16", "elapsed": 7823.038632, "delta": 0.007736}}
{"target": -12.34421810435621, "params": {"colsample_bytree": 0.39986737060060984, "eta": 0.09189216126919901, "gamma": 543.2595414169236, "max_depth": 4.0, "min_child_weight": 4241.312985699094, "num_boost_round": 12.0, "subsample": 0.30402412697218606}, "datetime": {"datetime": "2024-01-20 16:34:16", "elapsed": 7823.046147, "delta": 0.007515}}
{"target": -12.34481285687272, "params": {"colsample_bytree": 0.39986737060060984, "eta": 0.09189216126919901, "gamma": 543.2595414169236, "max_depth": 4.0, "min_child_weight": 4241.312985699094, "num_boost_round": 13.0, "subsample": 0.30402412697218606}, "datetime": {"datetime": "2024-01-20 16:34:16", "elapsed": 7823.053136, "delta": 0.006989}}
{"target": -12.344426736478841, "params": {"colsample_bytree": 0.39986737060060984, "eta": 0.09189216126919901, "gamma": 543.2595414169236, "max_depth": 4.0, "min_child_weight": 4241.312985699094, "num_boost_round": 14.0, "subsample": 0.30402412697218606}, "datetime": {"datetime": "2024-01-20 16:34:16", "elapsed": 7823.059865, "delta": 0.006729}}
{"target": -12.343415381941224, "params": {"colsample_bytree": 0.39986737060060984, "eta": 0.09189216126919901, "gamma": 543.2595414169236, "max_depth": 4.0, "min_child_weight": 4241.312985699094, "num_boost_round": 15.0, "subsample": 0.30402412697218606}, "datetime": {"datetime": "2024-01-20 16:34:16", "elapsed": 7823.06651, "delta": 0.006645}}
{"target": -12.34308070718546, "params": {"colsample_bytree": 0.39986737060060984, "eta": 0.09189216126919901, "gamma": 543.2595414169236, "max_depth": 4.0, "min_child_weight": 4241.312985699094, "num_boost_round": 16.0, "subsample": 0.30402412697218606}, "datetime": {"datetime": "2024-01-20 16:34:16", "elapsed": 7823.072977, "delta": 0.006467}}
{"target": -12.34339038731332, "params": {"colsample_bytree": 0.39986737060060984, "eta": 0.09189216126919901, "gamma": 543.2595414169236, "max_depth": 4.0, "min_child_weight": 4241.312985699094, "num_boost_round": 17.0, "subsample": 0.30402412697218606}, "datetime": {"datetime": "2024-01-20 16:34:16", "elapsed": 7823.079726, "delta": 0.006749}}
{"target": -12.343369439909981, "params": {"colsample_bytree": 0.39986737060060984, "eta": 0.09189216126919901, "gamma": 543.2595414169236, "max_depth": 4.0, "min_child_weight": 4241.312985699094, "num_boost_round": 18.0, "subsample": 0.30402412697218606}, "datetime": {"datetime": "2024-01-20 16:34:16", "elapsed": 7823.086632, "delta": 0.006906}}
{"target": -12.343255923497207, "params": {"colsample_bytree": 0.39986737060060984, "eta": 0.09189216126919901, "gamma": 543.2595414169236, "max_depth": 4.0, "min_child_weight": 4241.312985699094, "num_boost_round": 19.0, "subsample": 0.30402412697218606}, "datetime": {"datetime": "2024-01-20 16:34:16", "elapsed": 7823.0934, "delta": 0.006768}}
{"target": -12.343259437291941, "params": {"colsample_bytree": 0.39986737060060984, "eta": 0.09189216126919901, "gamma": 543.2595414169236, "max_depth": 4.0, "min_child_weight": 4241.312985699094, "num_boost_round": 20.0, "subsample": 0.30402412697218606}, "datetime": {"datetime": "2024-01-20 16:34:16", "elapsed": 7823.100369, "delta": 0.006969}}
{"target": -12.343313772863016, "params": {"colsample_bytree": 0.39986737060060984, "eta": 0.09189216126919901, "gamma": 543.2595414169236, "max_depth": 4.0, "min_child_weight": 4241.312985699094, "num_boost_round": 21.0, "subsample": 0.30402412697218606}, "datetime": {"datetime": "2024-01-20 16:34:16", "elapsed": 7823.10744, "delta": 0.007071}}
{"target": -12.343970620010044, "params": {"colsample_bytree": 0.39986737060060984, "eta": 0.09189216126919901, "gamma": 543.2595414169236, "max_depth": 4.0, "min_child_weight": 4241.312985699094, "num_boost_round": 22.0, "subsample": 0.30402412697218606}, "datetime": {"datetime": "2024-01-20 16:34:16", "elapsed": 7823.118025, "delta": 0.010585}}
{"target": -12.343278209522783, "params": {"colsample_bytree": 0.39986737060060984, "eta": 0.09189216126919901, "gamma": 543.2595414169236, "max_depth": 4.0, "min_child_weight": 4241.312985699094, "num_boost_round": 23.0, "subsample": 0.30402412697218606}, "datetime": {"datetime": "2024-01-20 16:34:16", "elapsed": 7823.130322, "delta": 0.012297}}
{"target": -12.343989862218336, "params": {"colsample_bytree": 0.39986737060060984, "eta": 0.09189216126919901, "gamma": 543.2595414169236, "max_depth": 4.0, "min_child_weight": 4241.312985699094, "num_boost_round": 24.0, "subsample": 0.30402412697218606}, "datetime": {"datetime": "2024-01-20 16:34:16", "elapsed": 7823.140361, "delta": 0.010039}}
{"target": -12.343598594979643, "params": {"colsample_bytree": 0.39986737060060984, "eta": 0.09189216126919901, "gamma": 543.2595414169236, "max_depth": 4.0, "min_child_weight": 4241.312985699094, "num_boost_round": 25.0, "subsample": 0.30402412697218606}, "datetime": {"datetime": "2024-01-20 16:34:16", "elapsed": 7823.148038, "delta": 0.007677}}
{"target": -12.343987995384573, "params": {"colsample_bytree": 0.39986737060060984, "eta": 0.09189216126919901, "gamma": 543.2595414169236, "max_depth": 4.0, "min_child_weight": 4241.312985699094, "num_boost_round": 26.0, "subsample": 0.30402412697218606}, "datetime": {"datetime": "2024-01-20 16:34:16", "elapsed": 7823.155254, "delta": 0.007216}}
{"target": -12.344439430274061, "params": {"colsample_bytree": 0.39986737060060984, "eta": 0.09189216126919901, "gamma": 543.2595414169236, "max_depth": 4.0, "min_child_weight": 4241.312985699094, "num_boost_round": 27.0, "subsample": 0.30402412697218606}, "datetime": {"datetime": "2024-01-20 16:34:16", "elapsed": 7823.162222, "delta": 0.006968}}
{"target": -12.343887754276821, "params": {"colsample_bytree": 0.39986737060060984, "eta": 0.09189216126919901, "gamma": 543.2595414169236, "max_depth": 4.0, "min_child_weight": 4241.312985699094, "num_boost_round": 28.0, "subsample": 0.30402412697218606}, "datetime": {"datetime": "2024-01-20 16:34:16", "elapsed": 7823.169, "delta": 0.006778}}
{"target": -12.343889908884691, "params": {"colsample_bytree": 0.39986737060060984, "eta": 0.09189216126919901, "gamma": 543.2595414169236, "max_depth": 4.0, "min_child_weight": 4241.312985699094, "num_boost_round": 29.0, "subsample": 0.30402412697218606}, "datetime": {"datetime": "2024-01-20 16:34:16", "elapsed": 7823.175884, "delta": 0.006884}}
{"target": -12.34368183472834, "params": {"colsample_bytree": 0.39986737060060984, "eta": 0.09189216126919901, "gamma": 543.2595414169236, "max_depth": 4.0, "min_child_weight": 4241.312985699094, "num_boost_round": 30.0, "subsample": 0.30402412697218606}, "datetime": {"datetime": "2024-01-20 16:34:16", "elapsed": 7823.18297, "delta": 0.007086}}
{"target": -12.343334450978446, "params": {"colsample_bytree": 0.39986737060060984, "eta": 0.09189216126919901, "gamma": 543.2595414169236, "max_depth": 4.0, "min_child_weight": 4241.312985699094, "num_boost_round": 31.0, "subsample": 0.30402412697218606}, "datetime": {"datetime": "2024-01-20 16:34:16", "elapsed": 7823.190165, "delta": 0.007195}}
{"target": -12.343777940079688, "params": {"colsample_bytree": 0.39986737060060984, "eta": 0.09189216126919901, "gamma": 543.2595414169236, "max_depth": 4.0, "min_child_weight": 4241.312985699094, "num_boost_round": 32.0, "subsample": 0.30402412697218606}, "datetime": {"datetime": "2024-01-20 16:34:16", "elapsed": 7823.197784, "delta": 0.007619}}
{"target": -12.343729528006932, "params": {"colsample_bytree": 0.39986737060060984, "eta": 0.09189216126919901, "gamma": 543.2595414169236, "max_depth": 4.0, "min_child_weight": 4241.312985699094, "num_boost_round": 33.0, "subsample": 0.30402412697218606}, "datetime": {"datetime": "2024-01-20 16:34:16", "elapsed": 7823.205319, "delta": 0.007535}}
{"target": -12.343726355664973, "params": {"colsample_bytree": 0.39986737060060984, "eta": 0.09189216126919901, "gamma": 543.2595414169236, "max_depth": 4.0, "min_child_weight": 4241.312985699094, "num_boost_round": 34.0, "subsample": 0.30402412697218606}, "datetime": {"datetime": "2024-01-20 16:34:16", "elapsed": 7823.213589, "delta": 0.00827}}
{"target": -12.34372707532913, "params": {"colsample_bytree": 0.39986737060060984, "eta": 0.09189216126919901, "gamma": 543.2595414169236, "max_depth": 4.0, "min_child_weight": 4241.312985699094, "num_boost_round": 35.0, "subsample": 0.30402412697218606}, "datetime": {"datetime": "2024-01-20 16:34:16", "elapsed": 7823.221776, "delta": 0.008187}}
{"target": -12.343800552706728, "params": {"colsample_bytree": 0.39986737060060984, "eta": 0.09189216126919901, "gamma": 543.2595414169236, "max_depth": 4.0, "min_child_weight": 4241.312985699094, "num_boost_round": 36.0, "subsample": 0.30402412697218606}, "datetime": {"datetime": "2024-01-20 16:34:16", "elapsed": 7823.230156, "delta": 0.00838}}
{"target": -12.344130239696813, "params": {"colsample_bytree": 0.39986737060060984, "eta": 0.09189216126919901, "gamma": 543.2595414169236, "max_depth": 4.0, "min_child_weight": 4241.312985699094, "num_boost_round": 37.0, "subsample": 0.30402412697218606}, "datetime": {"datetime": "2024-01-20 16:34:16", "elapsed": 7823.237803, "delta": 0.007647}}
{"target": -12.344094914664513, "params": {"colsample_bytree": 0.39986737060060984, "eta": 0.09189216126919901, "gamma": 543.2595414169236, "max_depth": 4.0, "min_child_weight": 4241.312985699094, "num_boost_round": 38.0, "subsample": 0.30402412697218606}, "datetime": {"datetime": "2024-01-20 16:34:16", "elapsed": 7823.248031, "delta": 0.010228}}
{"target": -12.343704635615786, "params": {"colsample_bytree": 0.39986737060060984, "eta": 0.09189216126919901, "gamma": 543.2595414169236, "max_depth": 4.0, "min_child_weight": 4241.312985699094, "num_boost_round": 39.0, "subsample": 0.30402412697218606}, "datetime": {"datetime": "2024-01-20 16:34:16", "elapsed": 7823.258997, "delta": 0.010966}}
{"target": -12.343583446192731, "params": {"colsample_bytree": 0.39986737060060984, "eta": 0.09189216126919901, "gamma": 543.2595414169236, "max_depth": 4.0, "min_child_weight": 4241.312985699094, "num_boost_round": 40.0, "subsample": 0.30402412697218606}, "datetime": {"datetime": "2024-01-20 16:34:16", "elapsed": 7823.267118, "delta": 0.008121}}
{"target": -12.343220090042827, "params": {"colsample_bytree": 0.39986737060060984, "eta": 0.09189216126919901, "gamma": 543.2595414169236, "max_depth": 4.0, "min_child_weight": 4241.312985699094, "num_boost_round": 41.0, "subsample": 0.30402412697218606}, "datetime": {"datetime": "2024-01-20 16:34:16", "elapsed": 7823.27431, "delta": 0.007192}}
{"target": -12.342912639270363, "params": {"colsample_bytree": 0.39986737060060984, "eta": 0.09189216126919901, "gamma": 543.2595414169236, "max_depth": 4.0, "min_child_weight": 4241.312985699094, "num_boost_round": 42.0, "subsample": 0.30402412697218606}, "datetime": {"datetime": "2024-01-20 16:34:17", "elapsed": 7823.281661, "delta": 0.007351}}
{"target": -12.342800819061026, "params": {"colsample_bytree": 0.39986737060060984, "eta": 0.09189216126919901, "gamma": 543.2595414169236, "max_depth": 4.0, "min_child_weight": 4241.312985699094, "num_boost_round": 43.0, "subsample": 0.30402412697218606}, "datetime": {"datetime": "2024-01-20 16:34:17", "elapsed": 7823.288658, "delta": 0.006997}}
{"target": -12.342842309291271, "params": {"colsample_bytree": 0.39986737060060984, "eta": 0.09189216126919901, "gamma": 543.2595414169236, "max_depth": 4.0, "min_child_weight": 4241.312985699094, "num_boost_round": 44.0, "subsample": 0.30402412697218606}, "datetime": {"datetime": "2024-01-20 16:34:17", "elapsed": 7823.296039, "delta": 0.007381}}
{"target": -12.34287012621867, "params": {"colsample_bytree": 0.39986737060060984, "eta": 0.09189216126919901, "gamma": 543.2595414169236, "max_depth": 4.0, "min_child_weight": 4241.312985699094, "num_boost_round": 45.0, "subsample": 0.30402412697218606}, "datetime": {"datetime": "2024-01-20 16:34:17", "elapsed": 7823.303915, "delta": 0.007876}}
{"target": -12.342951346715607, "params": {"colsample_bytree": 0.39986737060060984, "eta": 0.09189216126919901, "gamma": 543.2595414169236, "max_depth": 4.0, "min_child_weight": 4241.312985699094, "num_boost_round": 46.0, "subsample": 0.30402412697218606}, "datetime": {"datetime": "2024-01-20 16:34:17", "elapsed": 7823.311815, "delta": 0.0079}}
{"target": -12.34308157999179, "params": {"colsample_bytree": 0.39986737060060984, "eta": 0.09189216126919901, "gamma": 543.2595414169236, "max_depth": 4.0, "min_child_weight": 4241.312985699094, "num_boost_round": 47.0, "subsample": 0.30402412697218606}, "datetime": {"datetime": "2024-01-20 16:34:17", "elapsed": 7823.319609, "delta": 0.007794}}
{"target": -12.35656316406999, "params": {"colsample_bytree": 0.42321010918197843, "eta": 0.07568811595669821, "gamma": 703.965765618546, "max_depth": 9.0, "min_child_weight": 4264.868426700864, "num_boost_round": 1.0, "subsample": 0.8138240330499767}, "datetime": {"datetime": "2024-01-20 16:36:40", "elapsed": 7967.096372, "delta": 143.776763}}
{"target": -12.35479486254075, "params": {"colsample_bytree": 0.42321010918197843, "eta": 0.07568811595669821, "gamma": 703.965765618546, "max_depth": 9.0, "min_child_weight": 4264.868426700864, "num_boost_round": 2.0, "subsample": 0.8138240330499767}, "datetime": {"datetime": "2024-01-20 16:36:40", "elapsed": 7967.105115, "delta": 0.008743}}
{"target": -12.350588758478517, "params": {"colsample_bytree": 0.42321010918197843, "eta": 0.07568811595669821, "gamma": 703.965765618546, "max_depth": 9.0, "min_child_weight": 4264.868426700864, "num_boost_round": 3.0, "subsample": 0.8138240330499767}, "datetime": {"datetime": "2024-01-20 16:36:40", "elapsed": 7967.112256, "delta": 0.007141}}
