{"target": -19.143170815688986, "params": {"colsample_bytree": 0.40507217070635404, "eta": 0.004269856837110063, "gamma": 191.12412626601028, "max_depth": 2.0, "min_child_weight": 3574.0576277823147, "num_boost_round": 2.0, "subsample": 0.6048937205943288}, "datetime": {"datetime": "2024-01-20 16:26:29", "elapsed": 7356.954037, "delta": 0.038513}}
{"target": -19.143150432212032, "params": {"colsample_bytree": 0.40507217070635404, "eta": 0.004269856837110063, "gamma": 191.12412626601028, "max_depth": 2.0, "min_child_weight": 3574.0576277823147, "num_boost_round": 3.0, "subsample": 0.6048937205943288}, "datetime": {"datetime": "2024-01-20 16:26:29", "elapsed": 7356.962972, "delta": 0.008935}}
{"target": -19.143134148402105, "params": {"colsample_bytree": 0.40507217070635404, "eta": 0.004269856837110063, "gamma": 191.12412626601028, "max_depth": 2.0, "min_child_weight": 3574.0576277823147, "num_boost_round": 4.0, "subsample": 0.6048937205943288}, "datetime": {"datetime": "2024-01-20 16:26:29", "elapsed": 7356.970434, "delta": 0.007462}}
{"target": -19.14311789015173, "params": {"colsample_bytree": 0.40507217070635404, "eta": 0.004269856837110063, "gamma": 191.12412626601028, "max_depth": 2.0, "min_child_weight": 3574.0576277823147, "num_boost_round": 5.0, "subsample": 0.6048937205943288}, "datetime": {"datetime": "2024-01-20 16:26:29", "elapsed": 7356.977844, "delta": 0.00741}}
{"target": -19.143088839622806, "params": {"colsample_bytree": 0.40507217070635404, "eta": 0.004269856837110063, "gamma": 191.12412626601028, "max_depth": 2.0, "min_child_weight": 3574.0576277823147, "num_boost_round": 6.0, "subsample": 0.6048937205943288}, "datetime": {"datetime": "2024-01-20 16:26:29", "elapsed": 7356.985914, "delta": 0.00807}}
{"target": -19.143081203741797, "params": {"colsample_bytree": 0.40507217070635404, "eta": 0.004269856837110063, "gamma": 191.12412626601028, "max_depth": 2.0, "min_child_weight": 3574.0576277823147, "num_boost_round": 7.0, "subsample": 0.6048937205943288}, "datetime": {"datetime": "2024-01-20 16:26:29", "elapsed": 7356.993429, "delta": 0.007515}}
{"target": -19.143058037801424, "params": {"colsample_bytree": 0.40507217070635404, "eta": 0.004269856837110063, "gamma": 191.12412626601028, "max_depth": 2.0, "min_child_weight": 3574.0576277823147, "num_boost_round": 8.0, "subsample": 0.6048937205943288}, "datetime": {"datetime": "2024-01-20 16:26:29", "elapsed": 7357.000996, "delta": 0.007567}}
{"target": -19.143047951000185, "params": {"colsample_bytree": 0.40507217070635404, "eta": 0.004269856837110063, "gamma": 191.12412626601028, "max_depth": 2.0, "min_child_weight": 3574.0576277823147, "num_boost_round": 9.0, "subsample": 0.6048937205943288}, "datetime": {"datetime": "2024-01-20 16:26:29", "elapsed": 7357.008163, "delta": 0.007167}}
{"target": -19.143021598358988, "params": {"colsample_bytree": 0.40507217070635404, "eta": 0.004269856837110063, "gamma": 191.12412626601028, "max_depth": 2.0, "min_child_weight": 3574.0576277823147, "num_boost_round": 10.0, "subsample": 0.6048937205943288}, "datetime": {"datetime": "2024-01-20 16:26:29", "elapsed": 7357.015584, "delta": 0.007421}}
{"target": -19.14298880353897, "params": {"colsample_bytree": 0.40507217070635404, "eta": 0.004269856837110063, "gamma": 191.12412626601028, "max_depth": 2.0, "min_child_weight": 3574.0576277823147, "num_boost_round": 11.0, "subsample": 0.6048937205943288}, "datetime": {"datetime": "2024-01-20 16:26:29", "elapsed": 7357.022904, "delta": 0.00732}}
{"target": -19.14299551657512, "params": {"colsample_bytree": 0.40507217070635404, "eta": 0.004269856837110063, "gamma": 191.12412626601028, "max_depth": 2.0, "min_child_weight": 3574.0576277823147, "num_boost_round": 12.0, "subsample": 0.6048937205943288}, "datetime": {"datetime": "2024-01-20 16:26:29", "elapsed": 7357.030017, "delta": 0.007113}}
{"target": -19.1429912784786, "params": {"colsample_bytree": 0.40507217070635404, "eta": 0.004269856837110063, "gamma": 191.12412626601028, "max_depth": 2.0, "min_child_weight": 3574.0576277823147, "num_boost_round": 13.0, "subsample": 0.6048937205943288}, "datetime": {"datetime": "2024-01-20 16:26:29", "elapsed": 7357.037403, "delta": 0.007386}}
{"target": -19.142994888280313, "params": {"colsample_bytree": 0.40507217070635404, "eta": 0.004269856837110063, "gamma": 191.12412626601028, "max_depth": 2.0, "min_child_weight": 3574.0576277823147, "num_boost_round": 14.0, "subsample": 0.6048937205943288}, "datetime": {"datetime": "2024-01-20 16:26:29", "elapsed": 7357.044487, "delta": 0.007084}}
{"target": -19.1429973211225, "params": {"colsample_bytree": 0.40507217070635404, "eta": 0.004269856837110063, "gamma": 191.12412626601028, "max_depth": 2.0, "min_child_weight": 3574.0576277823147, "num_boost_round": 15.0, "subsample": 0.6048937205943288}, "datetime": {"datetime": "2024-01-20 16:26:29", "elapsed": 7357.051553, "delta": 0.007066}}
{"target": -19.142997109637825, "params": {"colsample_bytree": 0.40507217070635404, "eta": 0.004269856837110063, "gamma": 191.12412626601028, "max_depth": 2.0, "min_child_weight": 3574.0576277823147, "num_boost_round": 16.0, "subsample": 0.6048937205943288}, "datetime": {"datetime": "2024-01-20 16:26:29", "elapsed": 7357.058941, "delta": 0.007388}}
{"target": -19.142998071191762, "params": {"colsample_bytree": 0.40507217070635404, "eta": 0.004269856837110063, "gamma": 191.12412626601028, "max_depth": 2.0, "min_child_weight": 3574.0576277823147, "num_boost_round": 17.0, "subsample": 0.6048937205943288}, "datetime": {"datetime": "2024-01-20 16:26:29", "elapsed": 7357.066223, "delta": 0.007282}}
{"target": -19.14298893038336, "params": {"colsample_bytree": 0.40507217070635404, "eta": 0.004269856837110063, "gamma": 191.12412626601028, "max_depth": 2.0, "min_child_weight": 3574.0576277823147, "num_boost_round": 18.0, "subsample": 0.6048937205943288}, "datetime": {"datetime": "2024-01-20 16:26:29", "elapsed": 7357.073442, "delta": 0.007219}}
{"target": -19.142986173135178, "params": {"colsample_bytree": 0.40507217070635404, "eta": 0.004269856837110063, "gamma": 191.12412626601028, "max_depth": 2.0, "min_child_weight": 3574.0576277823147, "num_boost_round": 19.0, "subsample": 0.6048937205943288}, "datetime": {"datetime": "2024-01-20 16:26:29", "elapsed": 7357.08123, "delta": 0.007788}}
{"target": -19.14300664153751, "params": {"colsample_bytree": 0.40507217070635404, "eta": 0.004269856837110063, "gamma": 191.12412626601028, "max_depth": 2.0, "min_child_weight": 3574.0576277823147, "num_boost_round": 20.0, "subsample": 0.6048937205943288}, "datetime": {"datetime": "2024-01-20 16:26:29", "elapsed": 7357.088347, "delta": 0.007117}}
{"target": -19.143002721676154, "params": {"colsample_bytree": 0.40507217070635404, "eta": 0.004269856837110063, "gamma": 191.12412626601028, "max_depth": 2.0, "min_child_weight": 3574.0576277823147, "num_boost_round": 21.0, "subsample": 0.6048937205943288}, "datetime": {"datetime": "2024-01-20 16:26:29", "elapsed": 7357.095507, "delta": 0.00716}}
{"target": -19.143014059733726, "params": {"colsample_bytree": 0.40507217070635404, "eta": 0.004269856837110063, "gamma": 191.12412626601028, "max_depth": 2.0, "min_child_weight": 3574.0576277823147, "num_boost_round": 22.0, "subsample": 0.6048937205943288}, "datetime": {"datetime": "2024-01-20 16:26:29", "elapsed": 7357.122523, "delta": 0.027016}}
{"target": -19.142988195548668, "params": {"colsample_bytree": 0.40507217070635404, "eta": 0.004269856837110063, "gamma": 191.12412626601028, "max_depth": 2.0, "min_child_weight": 3574.0576277823147, "num_boost_round": 23.0, "subsample": 0.6048937205943288}, "datetime": {"datetime": "2024-01-20 16:26:29", "elapsed": 7357.129696, "delta": 0.007173}}
{"target": -19.14298439217213, "params": {"colsample_bytree": 0.40507217070635404, "eta": 0.004269856837110063, "gamma": 191.12412626601028, "max_depth": 2.0, "min_child_weight": 3574.0576277823147, "num_boost_round": 24.0, "subsample": 0.6048937205943288}, "datetime": {"datetime": "2024-01-20 16:26:29", "elapsed": 7357.137056, "delta": 0.00736}}
{"target": -19.14298745763837, "params": {"colsample_bytree": 0.40507217070635404, "eta": 0.004269856837110063, "gamma": 191.12412626601028, "max_depth": 2.0, "min_child_weight": 3574.0576277823147, "num_boost_round": 25.0, "subsample": 0.6048937205943288}, "datetime": {"datetime": "2024-01-20 16:26:29", "elapsed": 7357.144336, "delta": 0.00728}}
{"target": -19.142977682123657, "params": {"colsample_bytree": 0.40507217070635404, "eta": 0.004269856837110063, "gamma": 191.12412626601028, "max_depth": 2.0, "min_child_weight": 3574.0576277823147, "num_boost_round": 26.0, "subsample": 0.6048937205943288}, "datetime": {"datetime": "2024-01-20 16:26:29", "elapsed": 7357.151682, "delta": 0.007346}}
{"target": -19.143669716243316, "params": {"colsample_bytree": 0.7131797395952382, "eta": 0.09342283178667184, "gamma": 194.92978336273103, "max_depth": 9.0, "min_child_weight": 3520.1030721006573, "num_boost_round": 1.0, "subsample": 0.3478052519601252}, "datetime": {"datetime": "2024-01-20 16:29:44", "elapsed": 7551.981441, "delta": 194.829759}}
{"target": -19.14351538691004, "params": {"colsample_bytree": 0.7131797395952382, "eta": 0.09342283178667184, "gamma": 194.92978336273103, "max_depth": 9.0, "min_child_weight": 3520.1030721006573, "num_boost_round": 2.0, "subsample": 0.3478052519601252}, "datetime": {"datetime": "2024-01-20 16:29:44", "elapsed": 7551.997403, "delta": 0.015962}}
{"target": -19.144098766430076, "params": {"colsample_bytree": 0.7131797395952382, "eta": 0.09342283178667184, "gamma": 194.92978336273103, "max_depth": 9.0, "min_child_weight": 3520.1030721006573, "num_boost_round": 3.0, "subsample": 0.3478052519601252}, "datetime": {"datetime": "2024-01-20 16:29:44", "elapsed": 7552.002991, "delta": 0.005588}}
{"target": -19.14527132075903, "params": {"colsample_bytree": 0.7131797395952382, "eta": 0.09342283178667184, "gamma": 194.92978336273103, "max_depth": 9.0, "min_child_weight": 3520.1030721006573, "num_boost_round": 4.0, "subsample": 0.3478052519601252}, "datetime": {"datetime": "2024-01-20 16:29:44", "elapsed": 7552.008613, "delta": 0.005622}}
{"target": -19.146186101359152, "params": {"colsample_bytree": 0.7131797395952382, "eta": 0.09342283178667184, "gamma": 194.92978336273103, "max_depth": 9.0, "min_child_weight": 3520.1030721006573, "num_boost_round": 5.0, "subsample": 0.3478052519601252}, "datetime": {"datetime": "2024-01-20 16:29:44", "elapsed": 7552.014454, "delta": 0.005841}}
{"target": -19.146732477798032, "params": {"colsample_bytree": 0.7131797395952382, "eta": 0.09342283178667184, "gamma": 194.92978336273103, "max_depth": 9.0, "min_child_weight": 3520.1030721006573, "num_boost_round": 6.0, "subsample": 0.3478052519601252}, "datetime": {"datetime": "2024-01-20 16:29:44", "elapsed": 7552.020024, "delta": 0.00557}}
{"target": -19.147133779908817, "params": {"colsample_bytree": 0.7131797395952382, "eta": 0.09342283178667184, "gamma": 194.92978336273103, "max_depth": 9.0, "min_child_weight": 3520.1030721006573, "num_boost_round": 7.0, "subsample": 0.3478052519601252}, "datetime": {"datetime": "2024-01-20 16:29:44", "elapsed": 7552.025911, "delta": 0.005887}}
{"target": -19.148131289064445, "params": {"colsample_bytree": 0.7131797395952382, "eta": 0.09342283178667184, "gamma": 194.92978336273103, "max_depth": 9.0, "min_child_weight": 3520.1030721006573, "num_boost_round": 8.0, "subsample": 0.3478052519601252}, "datetime": {"datetime": "2024-01-20 16:29:44", "elapsed": 7552.032195, "delta": 0.006284}}
{"target": -19.148520021555733, "params": {"colsample_bytree": 0.7131797395952382, "eta": 0.09342283178667184, "gamma": 194.92978336273103, "max_depth": 9.0, "min_child_weight": 3520.1030721006573, "num_boost_round": 9.0, "subsample": 0.3478052519601252}, "datetime": {"datetime": "2024-01-20 16:29:44", "elapsed": 7552.037764, "delta": 0.005569}}
{"target": -19.149961877940548, "params": {"colsample_bytree": 0.7131797395952382, "eta": 0.09342283178667184, "gamma": 194.92978336273103, "max_depth": 9.0, "min_child_weight": 3520.1030721006573, "num_boost_round": 10.0, "subsample": 0.3478052519601252}, "datetime": {"datetime": "2024-01-20 16:29:44", "elapsed": 7552.043323, "delta": 0.005559}}
{"target": -19.150945898981764, "params": {"colsample_bytree": 0.7131797395952382, "eta": 0.09342283178667184, "gamma": 194.92978336273103, "max_depth": 9.0, "min_child_weight": 3520.1030721006573, "num_boost_round": 11.0, "subsample": 0.3478052519601252}, "datetime": {"datetime": "2024-01-20 16:29:44", "elapsed": 7552.048926, "delta": 0.005603}}
{"target": -19.151473154562062, "params": {"colsample_bytree": 0.7131797395952382, "eta": 0.09342283178667184, "gamma": 194.92978336273103, "max_depth": 9.0, "min_child_weight": 3520.1030721006573, "num_boost_round": 12.0, "subsample": 0.3478052519601252}, "datetime": {"datetime": "2024-01-20 16:29:44", "elapsed": 7552.054783, "delta": 0.005857}}
{"target": -19.15307263951777, "params": {"colsample_bytree": 0.7131797395952382, "eta": 0.09342283178667184, "gamma": 194.92978336273103, "max_depth": 9.0, "min_child_weight": 3520.1030721006573, "num_boost_round": 13.0, "subsample": 0.3478052519601252}, "datetime": {"datetime": "2024-01-20 16:29:44", "elapsed": 7552.060449, "delta": 0.005666}}
{"target": -19.15445032798017, "params": {"colsample_bytree": 0.7131797395952382, "eta": 0.09342283178667184, "gamma": 194.92978336273103, "max_depth": 9.0, "min_child_weight": 3520.1030721006573, "num_boost_round": 14.0, "subsample": 0.3478052519601252}, "datetime": {"datetime": "2024-01-20 16:29:44", "elapsed": 7552.066572, "delta": 0.006123}}
{"target": -19.1563591377771, "params": {"colsample_bytree": 0.7131797395952382, "eta": 0.09342283178667184, "gamma": 194.92978336273103, "max_depth": 9.0, "min_child_weight": 3520.1030721006573, "num_boost_round": 15.0, "subsample": 0.3478052519601252}, "datetime": {"datetime": "2024-01-20 16:29:44", "elapsed": 7552.072436, "delta": 0.005864}}
{"target": -19.15735794875804, "params": {"colsample_bytree": 0.7131797395952382, "eta": 0.09342283178667184, "gamma": 194.92978336273103, "max_depth": 9.0, "min_child_weight": 3520.1030721006573, "num_boost_round": 16.0, "subsample": 0.3478052519601252}, "datetime": {"datetime": "2024-01-20 16:29:44", "elapsed": 7552.078361, "delta": 0.005925}}
{"target": -19.158499119859002, "params": {"colsample_bytree": 0.7131797395952382, "eta": 0.09342283178667184, "gamma": 194.92978336273103, "max_depth": 9.0, "min_child_weight": 3520.1030721006573, "num_boost_round": 17.0, "subsample": 0.3478052519601252}, "datetime": {"datetime": "2024-01-20 16:29:44", "elapsed": 7552.084296, "delta": 0.005935}}
{"target": -19.158884085059483, "params": {"colsample_bytree": 0.7131797395952382, "eta": 0.09342283178667184, "gamma": 194.92978336273103, "max_depth": 9.0, "min_child_weight": 3520.1030721006573, "num_boost_round": 18.0, "subsample": 0.3478052519601252}, "datetime": {"datetime": "2024-01-20 16:29:44", "elapsed": 7552.09026, "delta": 0.005964}}
{"target": -19.159772310719507, "params": {"colsample_bytree": 0.7131797395952382, "eta": 0.09342283178667184, "gamma": 194.92978336273103, "max_depth": 9.0, "min_child_weight": 3520.1030721006573, "num_boost_round": 19.0, "subsample": 0.3478052519601252}, "datetime": {"datetime": "2024-01-20 16:29:44", "elapsed": 7552.096023, "delta": 0.005763}}
{"target": -19.160865372835826, "params": {"colsample_bytree": 0.7131797395952382, "eta": 0.09342283178667184, "gamma": 194.92978336273103, "max_depth": 9.0, "min_child_weight": 3520.1030721006573, "num_boost_round": 20.0, "subsample": 0.3478052519601252}, "datetime": {"datetime": "2024-01-20 16:29:44", "elapsed": 7552.102068, "delta": 0.006045}}
{"target": -19.162043053886137, "params": {"colsample_bytree": 0.7131797395952382, "eta": 0.09342283178667184, "gamma": 194.92978336273103, "max_depth": 9.0, "min_child_weight": 3520.1030721006573, "num_boost_round": 21.0, "subsample": 0.3478052519601252}, "datetime": {"datetime": "2024-01-20 16:29:44", "elapsed": 7552.107817, "delta": 0.005749}}
{"target": -19.163206260803626, "params": {"colsample_bytree": 0.7131797395952382, "eta": 0.09342283178667184, "gamma": 194.92978336273103, "max_depth": 9.0, "min_child_weight": 3520.1030721006573, "num_boost_round": 22.0, "subsample": 0.3478052519601252}, "datetime": {"datetime": "2024-01-20 16:29:44", "elapsed": 7552.114438, "delta": 0.006621}}
{"target": -19.163588677753218, "params": {"colsample_bytree": 0.7131797395952382, "eta": 0.09342283178667184, "gamma": 194.92978336273103, "max_depth": 9.0, "min_child_weight": 3520.1030721006573, "num_boost_round": 23.0, "subsample": 0.3478052519601252}, "datetime": {"datetime": "2024-01-20 16:29:44", "elapsed": 7552.120384, "delta": 0.005946}}
{"target": -19.16448441635598, "params": {"colsample_bytree": 0.7131797395952382, "eta": 0.09342283178667184, "gamma": 194.92978336273103, "max_depth": 9.0, "min_child_weight": 3520.1030721006573, "num_boost_round": 24.0, "subsample": 0.3478052519601252}, "datetime": {"datetime": "2024-01-20 16:29:44", "elapsed": 7552.126908, "delta": 0.006524}}
{"target": -19.16543581518817, "params": {"colsample_bytree": 0.7131797395952382, "eta": 0.09342283178667184, "gamma": 194.92978336273103, "max_depth": 9.0, "min_child_weight": 3520.1030721006573, "num_boost_round": 25.0, "subsample": 0.3478052519601252}, "datetime": {"datetime": "2024-01-20 16:29:44", "elapsed": 7552.13241, "delta": 0.005502}}
{"target": -19.165529887041313, "params": {"colsample_bytree": 0.7131797395952382, "eta": 0.09342283178667184, "gamma": 194.92978336273103, "max_depth": 9.0, "min_child_weight": 3520.1030721006573, "num_boost_round": 26.0, "subsample": 0.3478052519601252}, "datetime": {"datetime": "2024-01-20 16:29:44", "elapsed": 7552.137783, "delta": 0.005373}}
{"target": -19.166369776890868, "params": {"colsample_bytree": 0.7131797395952382, "eta": 0.09342283178667184, "gamma": 194.92978336273103, "max_depth": 9.0, "min_child_weight": 3520.1030721006573, "num_boost_round": 27.0, "subsample": 0.3478052519601252}, "datetime": {"datetime": "2024-01-20 16:29:44", "elapsed": 7552.143087, "delta": 0.005304}}
{"target": -19.16707360546038, "params": {"colsample_bytree": 0.7131797395952382, "eta": 0.09342283178667184, "gamma": 194.92978336273103, "max_depth": 9.0, "min_child_weight": 3520.1030721006573, "num_boost_round": 28.0, "subsample": 0.3478052519601252}, "datetime": {"datetime": "2024-01-20 16:29:44", "elapsed": 7552.14835, "delta": 0.005263}}
{"target": -19.167305567106006, "params": {"colsample_bytree": 0.7131797395952382, "eta": 0.09342283178667184, "gamma": 194.92978336273103, "max_depth": 9.0, "min_child_weight": 3520.1030721006573, "num_boost_round": 29.0, "subsample": 0.3478052519601252}, "datetime": {"datetime": "2024-01-20 16:29:44", "elapsed": 7552.153653, "delta": 0.005303}}
{"target": -19.167999886470454, "params": {"colsample_bytree": 0.7131797395952382, "eta": 0.09342283178667184, "gamma": 194.92978336273103, "max_depth": 9.0, "min_child_weight": 3520.1030721006573, "num_boost_round": 30.0, "subsample": 0.3478052519601252}, "datetime": {"datetime": "2024-01-20 16:29:44", "elapsed": 7552.160182, "delta": 0.006529}}
{"target": -19.16902476227839, "params": {"colsample_bytree": 0.7131797395952382, "eta": 0.09342283178667184, "gamma": 194.92978336273103, "max_depth": 9.0, "min_child_weight": 3520.1030721006573, "num_boost_round": 31.0, "subsample": 0.3478052519601252}, "datetime": {"datetime": "2024-01-20 16:29:44", "elapsed": 7552.165658, "delta": 0.005476}}
{"target": -19.1701026037872, "params": {"colsample_bytree": 0.7131797395952382, "eta": 0.09342283178667184, "gamma": 194.92978336273103, "max_depth": 9.0, "min_child_weight": 3520.1030721006573, "num_boost_round": 32.0, "subsample": 0.3478052519601252}, "datetime": {"datetime": "2024-01-20 16:29:44", "elapsed": 7552.171805, "delta": 0.006147}}
{"target": -19.170591765872864, "params": {"colsample_bytree": 0.7131797395952382, "eta": 0.09342283178667184, "gamma": 194.92978336273103, "max_depth": 9.0, "min_child_weight": 3520.1030721006573, "num_boost_round": 33.0, "subsample": 0.3478052519601252}, "datetime": {"datetime": "2024-01-20 16:29:44", "elapsed": 7552.1774, "delta": 0.005595}}
{"target": -19.171606759056214, "params": {"colsample_bytree": 0.7131797395952382, "eta": 0.09342283178667184, "gamma": 194.92978336273103, "max_depth": 9.0, "min_child_weight": 3520.1030721006573, "num_boost_round": 34.0, "subsample": 0.3478052519601252}, "datetime": {"datetime": "2024-01-20 16:29:44", "elapsed": 7552.183112, "delta": 0.005712}}
{"target": -19.172087360053062, "params": {"colsample_bytree": 0.7131797395952382, "eta": 0.09342283178667184, "gamma": 194.92978336273103, "max_depth": 9.0, "min_child_weight": 3520.1030721006573, "num_boost_round": 35.0, "subsample": 0.3478052519601252}, "datetime": {"datetime": "2024-01-20 16:29:44", "elapsed": 7552.188442, "delta": 0.00533}}
{"target": -19.17217736346022, "params": {"colsample_bytree": 0.7131797395952382, "eta": 0.09342283178667184, "gamma": 194.92978336273103, "max_depth": 9.0, "min_child_weight": 3520.1030721006573, "num_boost_round": 36.0, "subsample": 0.3478052519601252}, "datetime": {"datetime": "2024-01-20 16:29:44", "elapsed": 7552.193742, "delta": 0.0053}}
{"target": -19.17326401457026, "params": {"colsample_bytree": 0.7131797395952382, "eta": 0.09342283178667184, "gamma": 194.92978336273103, "max_depth": 9.0, "min_child_weight": 3520.1030721006573, "num_boost_round": 37.0, "subsample": 0.3478052519601252}, "datetime": {"datetime": "2024-01-20 16:29:44", "elapsed": 7552.199082, "delta": 0.00534}}
{"target": -19.173615374909165, "params": {"colsample_bytree": 0.7131797395952382, "eta": 0.09342283178667184, "gamma": 194.92978336273103, "max_depth": 9.0, "min_child_weight": 3520.1030721006573, "num_boost_round": 38.0, "subsample": 0.3478052519601252}, "datetime": {"datetime": "2024-01-20 16:29:44", "elapsed": 7552.204445, "delta": 0.005363}}
