{"target": -19.146273522587364, "params": {"colsample_bytree": 0.7875634386828321, "eta": 0.09614847749177549, "gamma": 422.1512967581513, "max_depth": 9.0, "min_child_weight": 4428.650638921585, "num_boost_round": 4.0, "subsample": 0.4173518539032096}, "datetime": {"datetime": "2024-01-20 14:51:25", "elapsed": 1653.27836, "delta": 0.002197}}
{"target": -19.146446781679238, "params": {"colsample_bytree": 0.7875634386828321, "eta": 0.09614847749177549, "gamma": 422.1512967581513, "max_depth": 9.0, "min_child_weight": 4428.650638921585, "num_boost_round": 5.0, "subsample": 0.4173518539032096}, "datetime": {"datetime": "2024-01-20 14:51:25", "elapsed": 1653.280508, "delta": 0.002148}}
{"target": -19.14772115210397, "params": {"colsample_bytree": 0.7875634386828321, "eta": 0.09614847749177549, "gamma": 422.1512967581513, "max_depth": 9.0, "min_child_weight": 4428.650638921585, "num_boost_round": 6.0, "subsample": 0.4173518539032096}, "datetime": {"datetime": "2024-01-20 14:51:25", "elapsed": 1653.282724, "delta": 0.002216}}
{"target": -19.147810914606104, "params": {"colsample_bytree": 0.7875634386828321, "eta": 0.09614847749177549, "gamma": 422.1512967581513, "max_depth": 9.0, "min_child_weight": 4428.650638921585, "num_boost_round": 7.0, "subsample": 0.4173518539032096}, "datetime": {"datetime": "2024-01-20 14:51:25", "elapsed": 1653.28523, "delta": 0.002506}}
{"target": -19.14911289704742, "params": {"colsample_bytree": 0.7875634386828321, "eta": 0.09614847749177549, "gamma": 422.1512967581513, "max_depth": 9.0, "min_child_weight": 4428.650638921585, "num_boost_round": 8.0, "subsample": 0.4173518539032096}, "datetime": {"datetime": "2024-01-20 14:51:25", "elapsed": 1653.287445, "delta": 0.002215}}
{"target": -19.14962996659075, "params": {"colsample_bytree": 0.7875634386828321, "eta": 0.09614847749177549, "gamma": 422.1512967581513, "max_depth": 9.0, "min_child_weight": 4428.650638921585, "num_boost_round": 9.0, "subsample": 0.4173518539032096}, "datetime": {"datetime": "2024-01-20 14:51:25", "elapsed": 1653.289584, "delta": 0.002139}}
{"target": -19.15085139859093, "params": {"colsample_bytree": 0.7875634386828321, "eta": 0.09614847749177549, "gamma": 422.1512967581513, "max_depth": 9.0, "min_child_weight": 4428.650638921585, "num_boost_round": 10.0, "subsample": 0.4173518539032096}, "datetime": {"datetime": "2024-01-20 14:51:25", "elapsed": 1653.292109, "delta": 0.002525}}
{"target": -19.143438133065473, "params": {"colsample_bytree": 0.6810506054951339, "eta": 0.04530305474421495, "gamma": 342.4944868924201, "max_depth": 6.0, "min_child_weight": 4334.286806232096, "num_boost_round": 1.0, "subsample": 0.6387443647518338}, "datetime": {"datetime": "2024-01-20 14:52:18", "elapsed": 1706.753312, "delta": 53.461203}}
{"target": -19.143361147506965, "params": {"colsample_bytree": 0.6810506054951339, "eta": 0.04530305474421495, "gamma": 342.4944868924201, "max_depth": 6.0, "min_child_weight": 4334.286806232096, "num_boost_round": 2.0, "subsample": 0.6387443647518338}, "datetime": {"datetime": "2024-01-20 14:52:18", "elapsed": 1706.756786, "delta": 0.003474}}
{"target": -19.143503811594435, "params": {"colsample_bytree": 0.6810506054951339, "eta": 0.04530305474421495, "gamma": 342.4944868924201, "max_depth": 6.0, "min_child_weight": 4334.286806232096, "num_boost_round": 3.0, "subsample": 0.6387443647518338}, "datetime": {"datetime": "2024-01-20 14:52:18", "elapsed": 1706.758967, "delta": 0.002181}}
{"target": -19.143651332072224, "params": {"colsample_bytree": 0.6810506054951339, "eta": 0.04530305474421495, "gamma": 342.4944868924201, "max_depth": 6.0, "min_child_weight": 4334.286806232096, "num_boost_round": 4.0, "subsample": 0.6387443647518338}, "datetime": {"datetime": "2024-01-20 14:52:18", "elapsed": 1706.761154, "delta": 0.002187}}
{"target": -19.144064832158584, "params": {"colsample_bytree": 0.6810506054951339, "eta": 0.04530305474421495, "gamma": 342.4944868924201, "max_depth": 6.0, "min_child_weight": 4334.286806232096, "num_boost_round": 5.0, "subsample": 0.6387443647518338}, "datetime": {"datetime": "2024-01-20 14:52:18", "elapsed": 1706.763373, "delta": 0.002219}}
{"target": -19.143866779969734, "params": {"colsample_bytree": 0.6810506054951339, "eta": 0.04530305474421495, "gamma": 342.4944868924201, "max_depth": 6.0, "min_child_weight": 4334.286806232096, "num_boost_round": 6.0, "subsample": 0.6387443647518338}, "datetime": {"datetime": "2024-01-20 14:52:18", "elapsed": 1706.76551, "delta": 0.002137}}
{"target": -19.14402202310666, "params": {"colsample_bytree": 0.6810506054951339, "eta": 0.04530305474421495, "gamma": 342.4944868924201, "max_depth": 6.0, "min_child_weight": 4334.286806232096, "num_boost_round": 7.0, "subsample": 0.6387443647518338}, "datetime": {"datetime": "2024-01-20 14:52:18", "elapsed": 1706.767847, "delta": 0.002337}}
{"target": -19.144317230436016, "params": {"colsample_bytree": 0.6810506054951339, "eta": 0.04530305474421495, "gamma": 342.4944868924201, "max_depth": 6.0, "min_child_weight": 4334.286806232096, "num_boost_round": 8.0, "subsample": 0.6387443647518338}, "datetime": {"datetime": "2024-01-20 14:52:18", "elapsed": 1706.770155, "delta": 0.002308}}
{"target": -19.14429932163154, "params": {"colsample_bytree": 0.6810506054951339, "eta": 0.04530305474421495, "gamma": 342.4944868924201, "max_depth": 6.0, "min_child_weight": 4334.286806232096, "num_boost_round": 9.0, "subsample": 0.6387443647518338}, "datetime": {"datetime": "2024-01-20 14:52:18", "elapsed": 1706.772696, "delta": 0.002541}}
{"target": -19.14470555317261, "params": {"colsample_bytree": 0.6810506054951339, "eta": 0.04530305474421495, "gamma": 342.4944868924201, "max_depth": 6.0, "min_child_weight": 4334.286806232096, "num_boost_round": 10.0, "subsample": 0.6387443647518338}, "datetime": {"datetime": "2024-01-20 14:52:18", "elapsed": 1706.774845, "delta": 0.002149}}
{"target": -19.144822729271233, "params": {"colsample_bytree": 0.6810506054951339, "eta": 0.04530305474421495, "gamma": 342.4944868924201, "max_depth": 6.0, "min_child_weight": 4334.286806232096, "num_boost_round": 11.0, "subsample": 0.6387443647518338}, "datetime": {"datetime": "2024-01-20 14:52:18", "elapsed": 1706.777032, "delta": 0.002187}}
{"target": -19.144998308599316, "params": {"colsample_bytree": 0.6810506054951339, "eta": 0.04530305474421495, "gamma": 342.4944868924201, "max_depth": 6.0, "min_child_weight": 4334.286806232096, "num_boost_round": 12.0, "subsample": 0.6387443647518338}, "datetime": {"datetime": "2024-01-20 14:52:18", "elapsed": 1706.779181, "delta": 0.002149}}
{"target": -19.145781596898757, "params": {"colsample_bytree": 0.6810506054951339, "eta": 0.04530305474421495, "gamma": 342.4944868924201, "max_depth": 6.0, "min_child_weight": 4334.286806232096, "num_boost_round": 13.0, "subsample": 0.6387443647518338}, "datetime": {"datetime": "2024-01-20 14:52:18", "elapsed": 1706.781322, "delta": 0.002141}}
{"target": -19.14665309341097, "params": {"colsample_bytree": 0.6810506054951339, "eta": 0.04530305474421495, "gamma": 342.4944868924201, "max_depth": 6.0, "min_child_weight": 4334.286806232096, "num_boost_round": 14.0, "subsample": 0.6387443647518338}, "datetime": {"datetime": "2024-01-20 14:52:18", "elapsed": 1706.783499, "delta": 0.002177}}
{"target": -19.14744269020396, "params": {"colsample_bytree": 0.6810506054951339, "eta": 0.04530305474421495, "gamma": 342.4944868924201, "max_depth": 6.0, "min_child_weight": 4334.286806232096, "num_boost_round": 15.0, "subsample": 0.6387443647518338}, "datetime": {"datetime": "2024-01-20 14:52:18", "elapsed": 1706.785637, "delta": 0.002138}}
{"target": -19.14775744344066, "params": {"colsample_bytree": 0.6810506054951339, "eta": 0.04530305474421495, "gamma": 342.4944868924201, "max_depth": 6.0, "min_child_weight": 4334.286806232096, "num_boost_round": 16.0, "subsample": 0.6387443647518338}, "datetime": {"datetime": "2024-01-20 14:52:18", "elapsed": 1706.787859, "delta": 0.002222}}
{"target": -19.148035586095936, "params": {"colsample_bytree": 0.6810506054951339, "eta": 0.04530305474421495, "gamma": 342.4944868924201, "max_depth": 6.0, "min_child_weight": 4334.286806232096, "num_boost_round": 17.0, "subsample": 0.6387443647518338}, "datetime": {"datetime": "2024-01-20 14:52:18", "elapsed": 1706.79001, "delta": 0.002151}}
{"target": -19.148358737204113, "params": {"colsample_bytree": 0.6810506054951339, "eta": 0.04530305474421495, "gamma": 342.4944868924201, "max_depth": 6.0, "min_child_weight": 4334.286806232096, "num_boost_round": 18.0, "subsample": 0.6387443647518338}, "datetime": {"datetime": "2024-01-20 14:52:18", "elapsed": 1706.792508, "delta": 0.002498}}
{"target": -19.148631407866, "params": {"colsample_bytree": 0.6810506054951339, "eta": 0.04530305474421495, "gamma": 342.4944868924201, "max_depth": 6.0, "min_child_weight": 4334.286806232096, "num_boost_round": 19.0, "subsample": 0.6387443647518338}, "datetime": {"datetime": "2024-01-20 14:52:18", "elapsed": 1706.794657, "delta": 0.002149}}
{"target": -19.14931156369785, "params": {"colsample_bytree": 0.6810506054951339, "eta": 0.04530305474421495, "gamma": 342.4944868924201, "max_depth": 6.0, "min_child_weight": 4334.286806232096, "num_boost_round": 20.0, "subsample": 0.6387443647518338}, "datetime": {"datetime": "2024-01-20 14:52:18", "elapsed": 1706.796889, "delta": 0.002232}}
{"target": -19.149896636803334, "params": {"colsample_bytree": 0.6810506054951339, "eta": 0.04530305474421495, "gamma": 342.4944868924201, "max_depth": 6.0, "min_child_weight": 4334.286806232096, "num_boost_round": 21.0, "subsample": 0.6387443647518338}, "datetime": {"datetime": "2024-01-20 14:52:18", "elapsed": 1706.799295, "delta": 0.002406}}
{"target": -19.150692227347868, "params": {"colsample_bytree": 0.6810506054951339, "eta": 0.04530305474421495, "gamma": 342.4944868924201, "max_depth": 6.0, "min_child_weight": 4334.286806232096, "num_boost_round": 22.0, "subsample": 0.6387443647518338}, "datetime": {"datetime": "2024-01-20 14:52:18", "elapsed": 1706.801466, "delta": 0.002171}}
{"target": -19.150978796223143, "params": {"colsample_bytree": 0.6810506054951339, "eta": 0.04530305474421495, "gamma": 342.4944868924201, "max_depth": 6.0, "min_child_weight": 4334.286806232096, "num_boost_round": 23.0, "subsample": 0.6387443647518338}, "datetime": {"datetime": "2024-01-20 14:52:18", "elapsed": 1706.803651, "delta": 0.002185}}
{"target": -19.15148274201651, "params": {"colsample_bytree": 0.6810506054951339, "eta": 0.04530305474421495, "gamma": 342.4944868924201, "max_depth": 6.0, "min_child_weight": 4334.286806232096, "num_boost_round": 24.0, "subsample": 0.6387443647518338}, "datetime": {"datetime": "2024-01-20 14:52:18", "elapsed": 1706.805839, "delta": 0.002188}}
{"target": -19.152287998454113, "params": {"colsample_bytree": 0.6810506054951339, "eta": 0.04530305474421495, "gamma": 342.4944868924201, "max_depth": 6.0, "min_child_weight": 4334.286806232096, "num_boost_round": 25.0, "subsample": 0.6387443647518338}, "datetime": {"datetime": "2024-01-20 14:52:18", "elapsed": 1706.808096, "delta": 0.002257}}
{"target": -19.152360212524613, "params": {"colsample_bytree": 0.6810506054951339, "eta": 0.04530305474421495, "gamma": 342.4944868924201, "max_depth": 6.0, "min_child_weight": 4334.286806232096, "num_boost_round": 26.0, "subsample": 0.6387443647518338}, "datetime": {"datetime": "2024-01-20 14:52:18", "elapsed": 1706.810251, "delta": 0.002155}}
{"target": -19.15305374409307, "params": {"colsample_bytree": 0.6810506054951339, "eta": 0.04530305474421495, "gamma": 342.4944868924201, "max_depth": 6.0, "min_child_weight": 4334.286806232096, "num_boost_round": 27.0, "subsample": 0.6387443647518338}, "datetime": {"datetime": "2024-01-20 14:52:18", "elapsed": 1706.812401, "delta": 0.00215}}
{"target": -19.153686702120975, "params": {"colsample_bytree": 0.6810506054951339, "eta": 0.04530305474421495, "gamma": 342.4944868924201, "max_depth": 6.0, "min_child_weight": 4334.286806232096, "num_boost_round": 28.0, "subsample": 0.6387443647518338}, "datetime": {"datetime": "2024-01-20 14:52:18", "elapsed": 1706.814575, "delta": 0.002174}}
{"target": -19.15359931318734, "params": {"colsample_bytree": 0.6810506054951339, "eta": 0.04530305474421495, "gamma": 342.4944868924201, "max_depth": 6.0, "min_child_weight": 4334.286806232096, "num_boost_round": 29.0, "subsample": 0.6387443647518338}, "datetime": {"datetime": "2024-01-20 14:52:18", "elapsed": 1706.816917, "delta": 0.002342}}
{"target": -19.153779945910635, "params": {"colsample_bytree": 0.6810506054951339, "eta": 0.04530305474421495, "gamma": 342.4944868924201, "max_depth": 6.0, "min_child_weight": 4334.286806232096, "num_boost_round": 30.0, "subsample": 0.6387443647518338}, "datetime": {"datetime": "2024-01-20 14:52:18", "elapsed": 1706.819155, "delta": 0.002238}}
{"target": -19.154051763083885, "params": {"colsample_bytree": 0.6810506054951339, "eta": 0.04530305474421495, "gamma": 342.4944868924201, "max_depth": 6.0, "min_child_weight": 4334.286806232096, "num_boost_round": 31.0, "subsample": 0.6387443647518338}, "datetime": {"datetime": "2024-01-20 14:52:18", "elapsed": 1706.821407, "delta": 0.002252}}
{"target": -19.154549148616024, "params": {"colsample_bytree": 0.6810506054951339, "eta": 0.04530305474421495, "gamma": 342.4944868924201, "max_depth": 6.0, "min_child_weight": 4334.286806232096, "num_boost_round": 32.0, "subsample": 0.6387443647518338}, "datetime": {"datetime": "2024-01-20 14:52:18", "elapsed": 1706.823573, "delta": 0.002166}}
{"target": -19.15469087140889, "params": {"colsample_bytree": 0.6810506054951339, "eta": 0.04530305474421495, "gamma": 342.4944868924201, "max_depth": 6.0, "min_child_weight": 4334.286806232096, "num_boost_round": 33.0, "subsample": 0.6387443647518338}, "datetime": {"datetime": "2024-01-20 14:52:18", "elapsed": 1706.825998, "delta": 0.002425}}
{"target": -19.155227960273432, "params": {"colsample_bytree": 0.6810506054951339, "eta": 0.04530305474421495, "gamma": 342.4944868924201, "max_depth": 6.0, "min_child_weight": 4334.286806232096, "num_boost_round": 34.0, "subsample": 0.6387443647518338}, "datetime": {"datetime": "2024-01-20 14:52:18", "elapsed": 1706.828198, "delta": 0.0022}}
{"target": -19.155964529535133, "params": {"colsample_bytree": 0.6810506054951339, "eta": 0.04530305474421495, "gamma": 342.4944868924201, "max_depth": 6.0, "min_child_weight": 4334.286806232096, "num_boost_round": 35.0, "subsample": 0.6387443647518338}, "datetime": {"datetime": "2024-01-20 14:52:18", "elapsed": 1706.830441, "delta": 0.002243}}
{"target": -19.156322546655836, "params": {"colsample_bytree": 0.6810506054951339, "eta": 0.04530305474421495, "gamma": 342.4944868924201, "max_depth": 6.0, "min_child_weight": 4334.286806232096, "num_boost_round": 36.0, "subsample": 0.6387443647518338}, "datetime": {"datetime": "2024-01-20 14:52:18", "elapsed": 1706.832701, "delta": 0.00226}}
{"target": -19.15709305730997, "params": {"colsample_bytree": 0.6810506054951339, "eta": 0.04530305474421495, "gamma": 342.4944868924201, "max_depth": 6.0, "min_child_weight": 4334.286806232096, "num_boost_round": 37.0, "subsample": 0.6387443647518338}, "datetime": {"datetime": "2024-01-20 14:52:18", "elapsed": 1706.834917, "delta": 0.002216}}
{"target": -19.157625722653897, "params": {"colsample_bytree": 0.6810506054951339, "eta": 0.04530305474421495, "gamma": 342.4944868924201, "max_depth": 6.0, "min_child_weight": 4334.286806232096, "num_boost_round": 38.0, "subsample": 0.6387443647518338}, "datetime": {"datetime": "2024-01-20 14:52:18", "elapsed": 1706.837116, "delta": 0.002199}}
{"target": -19.158141408126262, "params": {"colsample_bytree": 0.6810506054951339, "eta": 0.04530305474421495, "gamma": 342.4944868924201, "max_depth": 6.0, "min_child_weight": 4334.286806232096, "num_boost_round": 39.0, "subsample": 0.6387443647518338}, "datetime": {"datetime": "2024-01-20 14:52:18", "elapsed": 1706.839324, "delta": 0.002208}}
{"target": -19.158324815901764, "params": {"colsample_bytree": 0.6810506054951339, "eta": 0.04530305474421495, "gamma": 342.4944868924201, "max_depth": 6.0, "min_child_weight": 4334.286806232096, "num_boost_round": 40.0, "subsample": 0.6387443647518338}, "datetime": {"datetime": "2024-01-20 14:52:18", "elapsed": 1706.841532, "delta": 0.002208}}
{"target": -19.158721277469475, "params": {"colsample_bytree": 0.6810506054951339, "eta": 0.04530305474421495, "gamma": 342.4944868924201, "max_depth": 6.0, "min_child_weight": 4334.286806232096, "num_boost_round": 41.0, "subsample": 0.6387443647518338}, "datetime": {"datetime": "2024-01-20 14:52:18", "elapsed": 1706.843746, "delta": 0.002214}}
{"target": -19.15899693263085, "params": {"colsample_bytree": 0.6810506054951339, "eta": 0.04530305474421495, "gamma": 342.4944868924201, "max_depth": 6.0, "min_child_weight": 4334.286806232096, "num_boost_round": 42.0, "subsample": 0.6387443647518338}, "datetime": {"datetime": "2024-01-20 14:52:18", "elapsed": 1706.845929, "delta": 0.002183}}
{"target": -19.159240339120387, "params": {"colsample_bytree": 0.6810506054951339, "eta": 0.04530305474421495, "gamma": 342.4944868924201, "max_depth": 6.0, "min_child_weight": 4334.286806232096, "num_boost_round": 43.0, "subsample": 0.6387443647518338}, "datetime": {"datetime": "2024-01-20 14:52:18", "elapsed": 1706.848149, "delta": 0.00222}}
{"target": -19.15975152891085, "params": {"colsample_bytree": 0.6810506054951339, "eta": 0.04530305474421495, "gamma": 342.4944868924201, "max_depth": 6.0, "min_child_weight": 4334.286806232096, "num_boost_round": 44.0, "subsample": 0.6387443647518338}, "datetime": {"datetime": "2024-01-20 14:52:18", "elapsed": 1706.850616, "delta": 0.002467}}
{"target": -19.159859272474883, "params": {"colsample_bytree": 0.6810506054951339, "eta": 0.04530305474421495, "gamma": 342.4944868924201, "max_depth": 6.0, "min_child_weight": 4334.286806232096, "num_boost_round": 45.0, "subsample": 0.6387443647518338}, "datetime": {"datetime": "2024-01-20 14:52:18", "elapsed": 1706.852871, "delta": 0.002255}}
{"target": -19.159937248448095, "params": {"colsample_bytree": 0.6810506054951339, "eta": 0.04530305474421495, "gamma": 342.4944868924201, "max_depth": 6.0, "min_child_weight": 4334.286806232096, "num_boost_round": 46.0, "subsample": 0.6387443647518338}, "datetime": {"datetime": "2024-01-20 14:52:18", "elapsed": 1706.855088, "delta": 0.002217}}
{"target": -19.16008001515805, "params": {"colsample_bytree": 0.6810506054951339, "eta": 0.04530305474421495, "gamma": 342.4944868924201, "max_depth": 6.0, "min_child_weight": 4334.286806232096, "num_boost_round": 47.0, "subsample": 0.6387443647518338}, "datetime": {"datetime": "2024-01-20 14:52:18", "elapsed": 1706.857298, "delta": 0.00221}}
{"target": -19.160304916847963, "params": {"colsample_bytree": 0.6810506054951339, "eta": 0.04530305474421495, "gamma": 342.4944868924201, "max_depth": 6.0, "min_child_weight": 4334.286806232096, "num_boost_round": 48.0, "subsample": 0.6387443647518338}, "datetime": {"datetime": "2024-01-20 14:52:18", "elapsed": 1706.859517, "delta": 0.002219}}
{"target": -19.16055203687767, "params": {"colsample_bytree": 0.6810506054951339, "eta": 0.04530305474421495, "gamma": 342.4944868924201, "max_depth": 6.0, "min_child_weight": 4334.286806232096, "num_boost_round": 49.0, "subsample": 0.6387443647518338}, "datetime": {"datetime": "2024-01-20 14:52:18", "elapsed": 1706.861722, "delta": 0.002205}}
{"target": -19.160848110997684, "params": {"colsample_bytree": 0.6810506054951339, "eta": 0.04530305474421495, "gamma": 342.4944868924201, "max_depth": 6.0, "min_child_weight": 4334.286806232096, "num_boost_round": 50.0, "subsample": 0.6387443647518338}, "datetime": {"datetime": "2024-01-20 14:52:18", "elapsed": 1706.863942, "delta": 0.00222}}
{"target": -19.16111589606139, "params": {"colsample_bytree": 0.6810506054951339, "eta": 0.04530305474421495, "gamma": 342.4944868924201, "max_depth": 6.0, "min_child_weight": 4334.286806232096, "num_boost_round": 51.0, "subsample": 0.6387443647518338}, "datetime": {"datetime": "2024-01-20 14:52:18", "elapsed": 1706.866133, "delta": 0.002191}}
{"target": -19.161307948173505, "params": {"colsample_bytree": 0.6810506054951339, "eta": 0.04530305474421495, "gamma": 342.4944868924201, "max_depth": 6.0, "min_child_weight": 4334.286806232096, "num_boost_round": 52.0, "subsample": 0.6387443647518338}, "datetime": {"datetime": "2024-01-20 14:52:18", "elapsed": 1706.868356, "delta": 0.002223}}
{"target": -19.16170458659171, "params": {"colsample_bytree": 0.6810506054951339, "eta": 0.04530305474421495, "gamma": 342.4944868924201, "max_depth": 6.0, "min_child_weight": 4334.286806232096, "num_boost_round": 53.0, "subsample": 0.6387443647518338}, "datetime": {"datetime": "2024-01-20 14:52:18", "elapsed": 1706.870583, "delta": 0.002227}}
{"target": -19.161890417019833, "params": {"colsample_bytree": 0.6810506054951339, "eta": 0.04530305474421495, "gamma": 342.4944868924201, "max_depth": 6.0, "min_child_weight": 4334.286806232096, "num_boost_round": 54.0, "subsample": 0.6387443647518338}, "datetime": {"datetime": "2024-01-20 14:52:18", "elapsed": 1706.872813, "delta": 0.00223}}
{"target": -19.162260097403816, "params": {"colsample_bytree": 0.6810506054951339, "eta": 0.04530305474421495, "gamma": 342.4944868924201, "max_depth": 6.0, "min_child_weight": 4334.286806232096, "num_boost_round": 55.0, "subsample": 0.6387443647518338}, "datetime": {"datetime": "2024-01-20 14:52:18", "elapsed": 1706.875025, "delta": 0.002212}}
{"target": -19.16250095500271, "params": {"colsample_bytree": 0.6810506054951339, "eta": 0.04530305474421495, "gamma": 342.4944868924201, "max_depth": 6.0, "min_child_weight": 4334.286806232096, "num_boost_round": 56.0, "subsample": 0.6387443647518338}, "datetime": {"datetime": "2024-01-20 14:52:18", "elapsed": 1706.877939, "delta": 0.002914}}
