{"target": -10.476321873803418, "params": {"colsample_bytree": 0.9116140056139368, "eta": 0.09107435376088584, "gamma": 526.6078385051901, "max_depth": 3.0, "min_child_weight": 4859.548526299696, "num_boost_round": 15.0, "subsample": 0.4932027183036559}, "datetime": {"datetime": "2024-01-20 15:24:02", "elapsed": 7135.021426, "delta": 0.013631}}
{"target": -10.476783152529396, "params": {"colsample_bytree": 0.9116140056139368, "eta": 0.09107435376088584, "gamma": 526.6078385051901, "max_depth": 3.0, "min_child_weight": 4859.548526299696, "num_boost_round": 16.0, "subsample": 0.4932027183036559}, "datetime": {"datetime": "2024-01-20 15:24:02", "elapsed": 7135.027794, "delta": 0.006368}}
{"target": -10.476874894888407, "params": {"colsample_bytree": 0.9116140056139368, "eta": 0.09107435376088584, "gamma": 526.6078385051901, "max_depth": 3.0, "min_child_weight": 4859.548526299696, "num_boost_round": 17.0, "subsample": 0.4932027183036559}, "datetime": {"datetime": "2024-01-20 15:24:02", "elapsed": 7135.03345, "delta": 0.005656}}
{"target": -10.476806097601283, "params": {"colsample_bytree": 0.9116140056139368, "eta": 0.09107435376088584, "gamma": 526.6078385051901, "max_depth": 3.0, "min_child_weight": 4859.548526299696, "num_boost_round": 18.0, "subsample": 0.4932027183036559}, "datetime": {"datetime": "2024-01-20 15:24:02", "elapsed": 7135.038971, "delta": 0.005521}}
{"target": -10.476764146047337, "params": {"colsample_bytree": 0.9116140056139368, "eta": 0.09107435376088584, "gamma": 526.6078385051901, "max_depth": 3.0, "min_child_weight": 4859.548526299696, "num_boost_round": 19.0, "subsample": 0.4932027183036559}, "datetime": {"datetime": "2024-01-20 15:24:03", "elapsed": 7135.04421, "delta": 0.005239}}
{"target": -10.477155159121743, "params": {"colsample_bytree": 0.9116140056139368, "eta": 0.09107435376088584, "gamma": 526.6078385051901, "max_depth": 3.0, "min_child_weight": 4859.548526299696, "num_boost_round": 20.0, "subsample": 0.4932027183036559}, "datetime": {"datetime": "2024-01-20 15:24:03", "elapsed": 7135.049466, "delta": 0.005256}}
{"target": -10.477345632106495, "params": {"colsample_bytree": 0.9116140056139368, "eta": 0.09107435376088584, "gamma": 526.6078385051901, "max_depth": 3.0, "min_child_weight": 4859.548526299696, "num_boost_round": 21.0, "subsample": 0.4932027183036559}, "datetime": {"datetime": "2024-01-20 15:24:03", "elapsed": 7135.054686, "delta": 0.00522}}
{"target": -10.477373108192936, "params": {"colsample_bytree": 0.9116140056139368, "eta": 0.09107435376088584, "gamma": 526.6078385051901, "max_depth": 3.0, "min_child_weight": 4859.548526299696, "num_boost_round": 22.0, "subsample": 0.4932027183036559}, "datetime": {"datetime": "2024-01-20 15:24:03", "elapsed": 7135.059954, "delta": 0.005268}}
{"target": -10.476799320295541, "params": {"colsample_bytree": 0.9116140056139368, "eta": 0.09107435376088584, "gamma": 526.6078385051901, "max_depth": 3.0, "min_child_weight": 4859.548526299696, "num_boost_round": 23.0, "subsample": 0.4932027183036559}, "datetime": {"datetime": "2024-01-20 15:24:03", "elapsed": 7135.065323, "delta": 0.005369}}
{"target": -10.477134451071763, "params": {"colsample_bytree": 0.9116140056139368, "eta": 0.09107435376088584, "gamma": 526.6078385051901, "max_depth": 3.0, "min_child_weight": 4859.548526299696, "num_boost_round": 24.0, "subsample": 0.4932027183036559}, "datetime": {"datetime": "2024-01-20 15:24:03", "elapsed": 7135.070776, "delta": 0.005453}}
{"target": -10.47746105100784, "params": {"colsample_bytree": 0.9116140056139368, "eta": 0.09107435376088584, "gamma": 526.6078385051901, "max_depth": 3.0, "min_child_weight": 4859.548526299696, "num_boost_round": 25.0, "subsample": 0.4932027183036559}, "datetime": {"datetime": "2024-01-20 15:24:03", "elapsed": 7135.075968, "delta": 0.005192}}
{"target": -10.477784216115062, "params": {"colsample_bytree": 0.9116140056139368, "eta": 0.09107435376088584, "gamma": 526.6078385051901, "max_depth": 3.0, "min_child_weight": 4859.548526299696, "num_boost_round": 26.0, "subsample": 0.4932027183036559}, "datetime": {"datetime": "2024-01-20 15:24:03", "elapsed": 7135.081204, "delta": 0.005236}}
{"target": -10.477968879246937, "params": {"colsample_bytree": 0.9116140056139368, "eta": 0.09107435376088584, "gamma": 526.6078385051901, "max_depth": 3.0, "min_child_weight": 4859.548526299696, "num_boost_round": 27.0, "subsample": 0.4932027183036559}, "datetime": {"datetime": "2024-01-20 15:24:03", "elapsed": 7135.086365, "delta": 0.005161}}
{"target": -10.478299741031197, "params": {"colsample_bytree": 0.9116140056139368, "eta": 0.09107435376088584, "gamma": 526.6078385051901, "max_depth": 3.0, "min_child_weight": 4859.548526299696, "num_boost_round": 28.0, "subsample": 0.4932027183036559}, "datetime": {"datetime": "2024-01-20 15:24:03", "elapsed": 7135.091569, "delta": 0.005204}}
{"target": -10.478321211970112, "params": {"colsample_bytree": 0.9116140056139368, "eta": 0.09107435376088584, "gamma": 526.6078385051901, "max_depth": 3.0, "min_child_weight": 4859.548526299696, "num_boost_round": 29.0, "subsample": 0.4932027183036559}, "datetime": {"datetime": "2024-01-20 15:24:03", "elapsed": 7135.096773, "delta": 0.005204}}
{"target": -10.478819988544384, "params": {"colsample_bytree": 0.9116140056139368, "eta": 0.09107435376088584, "gamma": 526.6078385051901, "max_depth": 3.0, "min_child_weight": 4859.548526299696, "num_boost_round": 30.0, "subsample": 0.4932027183036559}, "datetime": {"datetime": "2024-01-20 15:24:03", "elapsed": 7135.102174, "delta": 0.005401}}
{"target": -10.478539321624254, "params": {"colsample_bytree": 0.9116140056139368, "eta": 0.09107435376088584, "gamma": 526.6078385051901, "max_depth": 3.0, "min_child_weight": 4859.548526299696, "num_boost_round": 31.0, "subsample": 0.4932027183036559}, "datetime": {"datetime": "2024-01-20 15:24:03", "elapsed": 7135.107389, "delta": 0.005215}}
{"target": -10.47869321725533, "params": {"colsample_bytree": 0.9116140056139368, "eta": 0.09107435376088584, "gamma": 526.6078385051901, "max_depth": 3.0, "min_child_weight": 4859.548526299696, "num_boost_round": 32.0, "subsample": 0.4932027183036559}, "datetime": {"datetime": "2024-01-20 15:24:03", "elapsed": 7135.112573, "delta": 0.005184}}
{"target": -10.47878686388134, "params": {"colsample_bytree": 0.9116140056139368, "eta": 0.09107435376088584, "gamma": 526.6078385051901, "max_depth": 3.0, "min_child_weight": 4859.548526299696, "num_boost_round": 33.0, "subsample": 0.4932027183036559}, "datetime": {"datetime": "2024-01-20 15:24:03", "elapsed": 7135.117714, "delta": 0.005141}}
{"target": -10.478848625684133, "params": {"colsample_bytree": 0.9116140056139368, "eta": 0.09107435376088584, "gamma": 526.6078385051901, "max_depth": 3.0, "min_child_weight": 4859.548526299696, "num_boost_round": 34.0, "subsample": 0.4932027183036559}, "datetime": {"datetime": "2024-01-20 15:24:03", "elapsed": 7135.1229, "delta": 0.005186}}
{"target": -10.478996165935278, "params": {"colsample_bytree": 0.9116140056139368, "eta": 0.09107435376088584, "gamma": 526.6078385051901, "max_depth": 3.0, "min_child_weight": 4859.548526299696, "num_boost_round": 35.0, "subsample": 0.4932027183036559}, "datetime": {"datetime": "2024-01-20 15:24:03", "elapsed": 7135.128177, "delta": 0.005277}}
{"target": -10.478975315422444, "params": {"colsample_bytree": 0.9116140056139368, "eta": 0.09107435376088584, "gamma": 526.6078385051901, "max_depth": 3.0, "min_child_weight": 4859.548526299696, "num_boost_round": 36.0, "subsample": 0.4932027183036559}, "datetime": {"datetime": "2024-01-20 15:24:03", "elapsed": 7135.133616, "delta": 0.005439}}
{"target": -10.47929753256863, "params": {"colsample_bytree": 0.9116140056139368, "eta": 0.09107435376088584, "gamma": 526.6078385051901, "max_depth": 3.0, "min_child_weight": 4859.548526299696, "num_boost_round": 37.0, "subsample": 0.4932027183036559}, "datetime": {"datetime": "2024-01-20 15:24:03", "elapsed": 7135.1388, "delta": 0.005184}}
{"target": -10.479670291989, "params": {"colsample_bytree": 0.9116140056139368, "eta": 0.09107435376088584, "gamma": 526.6078385051901, "max_depth": 3.0, "min_child_weight": 4859.548526299696, "num_boost_round": 38.0, "subsample": 0.4932027183036559}, "datetime": {"datetime": "2024-01-20 15:24:03", "elapsed": 7135.143967, "delta": 0.005167}}
{"target": -10.480207294888542, "params": {"colsample_bytree": 0.9116140056139368, "eta": 0.09107435376088584, "gamma": 526.6078385051901, "max_depth": 3.0, "min_child_weight": 4859.548526299696, "num_boost_round": 39.0, "subsample": 0.4932027183036559}, "datetime": {"datetime": "2024-01-20 15:24:03", "elapsed": 7135.149188, "delta": 0.005221}}
{"target": -10.480419942913972, "params": {"colsample_bytree": 0.9116140056139368, "eta": 0.09107435376088584, "gamma": 526.6078385051901, "max_depth": 3.0, "min_child_weight": 4859.548526299696, "num_boost_round": 40.0, "subsample": 0.4932027183036559}, "datetime": {"datetime": "2024-01-20 15:24:03", "elapsed": 7135.154377, "delta": 0.005189}}
{"target": -10.480686977802158, "params": {"colsample_bytree": 0.9116140056139368, "eta": 0.09107435376088584, "gamma": 526.6078385051901, "max_depth": 3.0, "min_child_weight": 4859.548526299696, "num_boost_round": 41.0, "subsample": 0.4932027183036559}, "datetime": {"datetime": "2024-01-20 15:24:03", "elapsed": 7135.159616, "delta": 0.005239}}
{"target": -10.481082427203297, "params": {"colsample_bytree": 0.9116140056139368, "eta": 0.09107435376088584, "gamma": 526.6078385051901, "max_depth": 3.0, "min_child_weight": 4859.548526299696, "num_boost_round": 42.0, "subsample": 0.4932027183036559}, "datetime": {"datetime": "2024-01-20 15:24:03", "elapsed": 7135.165057, "delta": 0.005441}}
{"target": -10.481174270507669, "params": {"colsample_bytree": 0.9116140056139368, "eta": 0.09107435376088584, "gamma": 526.6078385051901, "max_depth": 3.0, "min_child_weight": 4859.548526299696, "num_boost_round": 43.0, "subsample": 0.4932027183036559}, "datetime": {"datetime": "2024-01-20 15:24:03", "elapsed": 7135.17017, "delta": 0.005113}}
{"target": -10.481205572370875, "params": {"colsample_bytree": 0.9116140056139368, "eta": 0.09107435376088584, "gamma": 526.6078385051901, "max_depth": 3.0, "min_child_weight": 4859.548526299696, "num_boost_round": 44.0, "subsample": 0.4932027183036559}, "datetime": {"datetime": "2024-01-20 15:24:03", "elapsed": 7135.175383, "delta": 0.005213}}
{"target": -10.481163809403144, "params": {"colsample_bytree": 0.9116140056139368, "eta": 0.09107435376088584, "gamma": 526.6078385051901, "max_depth": 3.0, "min_child_weight": 4859.548526299696, "num_boost_round": 45.0, "subsample": 0.4932027183036559}, "datetime": {"datetime": "2024-01-20 15:24:03", "elapsed": 7135.180632, "delta": 0.005249}}
{"target": -10.481400347701783, "params": {"colsample_bytree": 0.9116140056139368, "eta": 0.09107435376088584, "gamma": 526.6078385051901, "max_depth": 3.0, "min_child_weight": 4859.548526299696, "num_boost_round": 46.0, "subsample": 0.4932027183036559}, "datetime": {"datetime": "2024-01-20 15:24:03", "elapsed": 7135.185854, "delta": 0.005222}}
{"target": -10.481628111109664, "params": {"colsample_bytree": 0.9116140056139368, "eta": 0.09107435376088584, "gamma": 526.6078385051901, "max_depth": 3.0, "min_child_weight": 4859.548526299696, "num_boost_round": 47.0, "subsample": 0.4932027183036559}, "datetime": {"datetime": "2024-01-20 15:24:03", "elapsed": 7135.19113, "delta": 0.005276}}
{"target": -10.481717942542527, "params": {"colsample_bytree": 0.9116140056139368, "eta": 0.09107435376088584, "gamma": 526.6078385051901, "max_depth": 3.0, "min_child_weight": 4859.548526299696, "num_boost_round": 48.0, "subsample": 0.4932027183036559}, "datetime": {"datetime": "2024-01-20 15:24:03", "elapsed": 7135.19652, "delta": 0.00539}}
{"target": -10.482081791001484, "params": {"colsample_bytree": 0.9116140056139368, "eta": 0.09107435376088584, "gamma": 526.6078385051901, "max_depth": 3.0, "min_child_weight": 4859.548526299696, "num_boost_round": 49.0, "subsample": 0.4932027183036559}, "datetime": {"datetime": "2024-01-20 15:24:03", "elapsed": 7135.201753, "delta": 0.005233}}
{"target": -10.48230318700841, "params": {"colsample_bytree": 0.9116140056139368, "eta": 0.09107435376088584, "gamma": 526.6078385051901, "max_depth": 3.0, "min_child_weight": 4859.548526299696, "num_boost_round": 50.0, "subsample": 0.4932027183036559}, "datetime": {"datetime": "2024-01-20 15:24:03", "elapsed": 7135.206972, "delta": 0.005219}}
{"target": -10.482408115741801, "params": {"colsample_bytree": 0.9116140056139368, "eta": 0.09107435376088584, "gamma": 526.6078385051901, "max_depth": 3.0, "min_child_weight": 4859.548526299696, "num_boost_round": 51.0, "subsample": 0.4932027183036559}, "datetime": {"datetime": "2024-01-20 15:24:03", "elapsed": 7135.212224, "delta": 0.005252}}
{"target": -10.482678086921055, "params": {"colsample_bytree": 0.9116140056139368, "eta": 0.09107435376088584, "gamma": 526.6078385051901, "max_depth": 3.0, "min_child_weight": 4859.548526299696, "num_boost_round": 52.0, "subsample": 0.4932027183036559}, "datetime": {"datetime": "2024-01-20 15:24:03", "elapsed": 7135.217393, "delta": 0.005169}}
{"target": -10.482529972928335, "params": {"colsample_bytree": 0.9116140056139368, "eta": 0.09107435376088584, "gamma": 526.6078385051901, "max_depth": 3.0, "min_child_weight": 4859.548526299696, "num_boost_round": 53.0, "subsample": 0.4932027183036559}, "datetime": {"datetime": "2024-01-20 15:24:03", "elapsed": 7135.222701, "delta": 0.005308}}
{"target": -10.482711417612736, "params": {"colsample_bytree": 0.9116140056139368, "eta": 0.09107435376088584, "gamma": 526.6078385051901, "max_depth": 3.0, "min_child_weight": 4859.548526299696, "num_boost_round": 54.0, "subsample": 0.4932027183036559}, "datetime": {"datetime": "2024-01-20 15:24:03", "elapsed": 7135.2281, "delta": 0.005399}}
{"target": -10.482971365309984, "params": {"colsample_bytree": 0.9116140056139368, "eta": 0.09107435376088584, "gamma": 526.6078385051901, "max_depth": 3.0, "min_child_weight": 4859.548526299696, "num_boost_round": 55.0, "subsample": 0.4932027183036559}, "datetime": {"datetime": "2024-01-20 15:24:03", "elapsed": 7135.233326, "delta": 0.005226}}
{"target": -10.4833421605776, "params": {"colsample_bytree": 0.9116140056139368, "eta": 0.09107435376088584, "gamma": 526.6078385051901, "max_depth": 3.0, "min_child_weight": 4859.548526299696, "num_boost_round": 56.0, "subsample": 0.4932027183036559}, "datetime": {"datetime": "2024-01-20 15:24:03", "elapsed": 7135.238475, "delta": 0.005149}}
{"target": -10.483173150487708, "params": {"colsample_bytree": 0.9116140056139368, "eta": 0.09107435376088584, "gamma": 526.6078385051901, "max_depth": 3.0, "min_child_weight": 4859.548526299696, "num_boost_round": 57.0, "subsample": 0.4932027183036559}, "datetime": {"datetime": "2024-01-20 15:24:03", "elapsed": 7135.243637, "delta": 0.005162}}
{"target": -10.483122775184563, "params": {"colsample_bytree": 0.9116140056139368, "eta": 0.09107435376088584, "gamma": 526.6078385051901, "max_depth": 3.0, "min_child_weight": 4859.548526299696, "num_boost_round": 58.0, "subsample": 0.4932027183036559}, "datetime": {"datetime": "2024-01-20 15:24:03", "elapsed": 7135.248899, "delta": 0.005262}}
{"target": -10.483350673650712, "params": {"colsample_bytree": 0.9116140056139368, "eta": 0.09107435376088584, "gamma": 526.6078385051901, "max_depth": 3.0, "min_child_weight": 4859.548526299696, "num_boost_round": 59.0, "subsample": 0.4932027183036559}, "datetime": {"datetime": "2024-01-20 15:24:03", "elapsed": 7135.254197, "delta": 0.005298}}
{"target": -10.483483440568417, "params": {"colsample_bytree": 0.9116140056139368, "eta": 0.09107435376088584, "gamma": 526.6078385051901, "max_depth": 3.0, "min_child_weight": 4859.548526299696, "num_boost_round": 60.0, "subsample": 0.4932027183036559}, "datetime": {"datetime": "2024-01-20 15:24:03", "elapsed": 7135.262475, "delta": 0.008278}}
{"target": -10.483607191155574, "params": {"colsample_bytree": 0.9116140056139368, "eta": 0.09107435376088584, "gamma": 526.6078385051901, "max_depth": 3.0, "min_child_weight": 4859.548526299696, "num_boost_round": 61.0, "subsample": 0.4932027183036559}, "datetime": {"datetime": "2024-01-20 15:24:03", "elapsed": 7135.268247, "delta": 0.005772}}
{"target": -10.483894258819927, "params": {"colsample_bytree": 0.9116140056139368, "eta": 0.09107435376088584, "gamma": 526.6078385051901, "max_depth": 3.0, "min_child_weight": 4859.548526299696, "num_boost_round": 62.0, "subsample": 0.4932027183036559}, "datetime": {"datetime": "2024-01-20 15:24:03", "elapsed": 7135.273734, "delta": 0.005487}}
{"target": -10.484053656513211, "params": {"colsample_bytree": 0.9116140056139368, "eta": 0.09107435376088584, "gamma": 526.6078385051901, "max_depth": 3.0, "min_child_weight": 4859.548526299696, "num_boost_round": 63.0, "subsample": 0.4932027183036559}, "datetime": {"datetime": "2024-01-20 15:24:03", "elapsed": 7135.278972, "delta": 0.005238}}
{"target": -10.484374434233903, "params": {"colsample_bytree": 0.9116140056139368, "eta": 0.09107435376088584, "gamma": 526.6078385051901, "max_depth": 3.0, "min_child_weight": 4859.548526299696, "num_boost_round": 64.0, "subsample": 0.4932027183036559}, "datetime": {"datetime": "2024-01-20 15:24:03", "elapsed": 7135.284246, "delta": 0.005274}}
{"target": -10.48454291894239, "params": {"colsample_bytree": 0.9116140056139368, "eta": 0.09107435376088584, "gamma": 526.6078385051901, "max_depth": 3.0, "min_child_weight": 4859.548526299696, "num_boost_round": 65.0, "subsample": 0.4932027183036559}, "datetime": {"datetime": "2024-01-20 15:24:03", "elapsed": 7135.289704, "delta": 0.005458}}
{"target": -10.484633960390445, "params": {"colsample_bytree": 0.9116140056139368, "eta": 0.09107435376088584, "gamma": 526.6078385051901, "max_depth": 3.0, "min_child_weight": 4859.548526299696, "num_boost_round": 66.0, "subsample": 0.4932027183036559}, "datetime": {"datetime": "2024-01-20 15:24:03", "elapsed": 7135.29516, "delta": 0.005456}}
{"target": -10.48485490781386, "params": {"colsample_bytree": 0.9116140056139368, "eta": 0.09107435376088584, "gamma": 526.6078385051901, "max_depth": 3.0, "min_child_weight": 4859.548526299696, "num_boost_round": 67.0, "subsample": 0.4932027183036559}, "datetime": {"datetime": "2024-01-20 15:24:03", "elapsed": 7135.300291, "delta": 0.005131}}
{"target": -10.484886205868758, "params": {"colsample_bytree": 0.9116140056139368, "eta": 0.09107435376088584, "gamma": 526.6078385051901, "max_depth": 3.0, "min_child_weight": 4859.548526299696, "num_boost_round": 68.0, "subsample": 0.4932027183036559}, "datetime": {"datetime": "2024-01-20 15:24:03", "elapsed": 7135.305498, "delta": 0.005207}}
{"target": -10.484930120062312, "params": {"colsample_bytree": 0.9116140056139368, "eta": 0.09107435376088584, "gamma": 526.6078385051901, "max_depth": 3.0, "min_child_weight": 4859.548526299696, "num_boost_round": 69.0, "subsample": 0.4932027183036559}, "datetime": {"datetime": "2024-01-20 15:24:03", "elapsed": 7135.310751, "delta": 0.005253}}
{"target": -10.48489343573921, "params": {"colsample_bytree": 0.9116140056139368, "eta": 0.09107435376088584, "gamma": 526.6078385051901, "max_depth": 3.0, "min_child_weight": 4859.548526299696, "num_boost_round": 70.0, "subsample": 0.4932027183036559}, "datetime": {"datetime": "2024-01-20 15:24:03", "elapsed": 7135.315977, "delta": 0.005226}}
{"target": -10.485103082129964, "params": {"colsample_bytree": 0.9116140056139368, "eta": 0.09107435376088584, "gamma": 526.6078385051901, "max_depth": 3.0, "min_child_weight": 4859.548526299696, "num_boost_round": 71.0, "subsample": 0.4932027183036559}, "datetime": {"datetime": "2024-01-20 15:24:03", "elapsed": 7135.32132, "delta": 0.005343}}
{"target": -10.485151973841493, "params": {"colsample_bytree": 0.9116140056139368, "eta": 0.09107435376088584, "gamma": 526.6078385051901, "max_depth": 3.0, "min_child_weight": 4859.548526299696, "num_boost_round": 72.0, "subsample": 0.4932027183036559}, "datetime": {"datetime": "2024-01-20 15:24:03", "elapsed": 7135.326747, "delta": 0.005427}}
{"target": -10.47613351086407, "params": {"colsample_bytree": 0.3157970342975357, "eta": 0.016969374060345634, "gamma": 539.5271015669733, "max_depth": 5.0, "min_child_weight": 4439.505505040002, "num_boost_round": 1.0, "subsample": 0.13360355377778677}, "datetime": {"datetime": "2024-01-20 15:25:28", "elapsed": 7220.828131, "delta": 85.501384}}
{"target": -10.476130181109085, "params": {"colsample_bytree": 0.3157970342975357, "eta": 0.016969374060345634, "gamma": 539.5271015669733, "max_depth": 5.0, "min_child_weight": 4439.505505040002, "num_boost_round": 2.0, "subsample": 0.13360355377778677}, "datetime": {"datetime": "2024-01-20 15:25:29", "elapsed": 7221.161871, "delta": 0.33374}}
{"target": -10.476087792457218, "params": {"colsample_bytree": 0.3157970342975357, "eta": 0.016969374060345634, "gamma": 539.5271015669733, "max_depth": 5.0, "min_child_weight": 4439.505505040002, "num_boost_round": 3.0, "subsample": 0.13360355377778677}, "datetime": {"datetime": "2024-01-20 15:25:29", "elapsed": 7221.168328, "delta": 0.006457}}
{"target": -10.476041180905504, "params": {"colsample_bytree": 0.3157970342975357, "eta": 0.016969374060345634, "gamma": 539.5271015669733, "max_depth": 5.0, "min_child_weight": 4439.505505040002, "num_boost_round": 4.0, "subsample": 0.13360355377778677}, "datetime": {"datetime": "2024-01-20 15:25:29", "elapsed": 7221.173663, "delta": 0.005335}}
{"target": -10.475943506590898, "params": {"colsample_bytree": 0.3157970342975357, "eta": 0.016969374060345634, "gamma": 539.5271015669733, "max_depth": 5.0, "min_child_weight": 4439.505505040002, "num_boost_round": 5.0, "subsample": 0.13360355377778677}, "datetime": {"datetime": "2024-01-20 15:25:29", "elapsed": 7221.179049, "delta": 0.005386}}
