{"target": -15.158360104173852, "params": {"colsample_bytree": 0.31080144557370776, "eta": 0.09502190743289715, "gamma": 506.25761646899923, "max_depth": 2.0, "min_child_weight": 4296.028704821401, "num_boost_round": 10.0, "subsample": 0.6298121640540063}, "datetime": {"datetime": "2024-01-20 14:42:51", "elapsed": 1128.934636, "delta": 0.001841}}
{"target": -15.159210820838513, "params": {"colsample_bytree": 0.31080144557370776, "eta": 0.09502190743289715, "gamma": 506.25761646899923, "max_depth": 2.0, "min_child_weight": 4296.028704821401, "num_boost_round": 11.0, "subsample": 0.6298121640540063}, "datetime": {"datetime": "2024-01-20 14:42:51", "elapsed": 1128.936478, "delta": 0.001842}}
{"target": -15.159671142495352, "params": {"colsample_bytree": 0.31080144557370776, "eta": 0.09502190743289715, "gamma": 506.25761646899923, "max_depth": 2.0, "min_child_weight": 4296.028704821401, "num_boost_round": 12.0, "subsample": 0.6298121640540063}, "datetime": {"datetime": "2024-01-20 14:42:51", "elapsed": 1128.938323, "delta": 0.001845}}
{"target": -15.160123757764067, "params": {"colsample_bytree": 0.31080144557370776, "eta": 0.09502190743289715, "gamma": 506.25761646899923, "max_depth": 2.0, "min_child_weight": 4296.028704821401, "num_boost_round": 13.0, "subsample": 0.6298121640540063}, "datetime": {"datetime": "2024-01-20 14:42:51", "elapsed": 1128.940145, "delta": 0.001822}}
{"target": -15.158795387522275, "params": {"colsample_bytree": 0.31080144557370776, "eta": 0.09502190743289715, "gamma": 506.25761646899923, "max_depth": 2.0, "min_child_weight": 4296.028704821401, "num_boost_round": 14.0, "subsample": 0.6298121640540063}, "datetime": {"datetime": "2024-01-20 14:42:51", "elapsed": 1128.941975, "delta": 0.00183}}
{"target": -15.15871416866478, "params": {"colsample_bytree": 0.31080144557370776, "eta": 0.09502190743289715, "gamma": 506.25761646899923, "max_depth": 2.0, "min_child_weight": 4296.028704821401, "num_boost_round": 15.0, "subsample": 0.6298121640540063}, "datetime": {"datetime": "2024-01-20 14:42:51", "elapsed": 1128.943811, "delta": 0.001836}}
{"target": -15.158232148189775, "params": {"colsample_bytree": 0.31080144557370776, "eta": 0.09502190743289715, "gamma": 506.25761646899923, "max_depth": 2.0, "min_child_weight": 4296.028704821401, "num_boost_round": 16.0, "subsample": 0.6298121640540063}, "datetime": {"datetime": "2024-01-20 14:42:51", "elapsed": 1128.945648, "delta": 0.001837}}
{"target": -15.156355314441972, "params": {"colsample_bytree": 0.31080144557370776, "eta": 0.09502190743289715, "gamma": 506.25761646899923, "max_depth": 2.0, "min_child_weight": 4296.028704821401, "num_boost_round": 17.0, "subsample": 0.6298121640540063}, "datetime": {"datetime": "2024-01-20 14:42:51", "elapsed": 1128.947542, "delta": 0.001894}}
{"target": -15.156510619325644, "params": {"colsample_bytree": 0.31080144557370776, "eta": 0.09502190743289715, "gamma": 506.25761646899923, "max_depth": 2.0, "min_child_weight": 4296.028704821401, "num_boost_round": 18.0, "subsample": 0.6298121640540063}, "datetime": {"datetime": "2024-01-20 14:42:51", "elapsed": 1128.949384, "delta": 0.001842}}
{"target": -15.155688465282593, "params": {"colsample_bytree": 0.31080144557370776, "eta": 0.09502190743289715, "gamma": 506.25761646899923, "max_depth": 2.0, "min_child_weight": 4296.028704821401, "num_boost_round": 19.0, "subsample": 0.6298121640540063}, "datetime": {"datetime": "2024-01-20 14:42:51", "elapsed": 1128.951197, "delta": 0.001813}}
{"target": -15.156093896551253, "params": {"colsample_bytree": 0.31080144557370776, "eta": 0.09502190743289715, "gamma": 506.25761646899923, "max_depth": 2.0, "min_child_weight": 4296.028704821401, "num_boost_round": 20.0, "subsample": 0.6298121640540063}, "datetime": {"datetime": "2024-01-20 14:42:51", "elapsed": 1128.953046, "delta": 0.001849}}
{"target": -15.155976547536984, "params": {"colsample_bytree": 0.31080144557370776, "eta": 0.09502190743289715, "gamma": 506.25761646899923, "max_depth": 2.0, "min_child_weight": 4296.028704821401, "num_boost_round": 21.0, "subsample": 0.6298121640540063}, "datetime": {"datetime": "2024-01-20 14:42:51", "elapsed": 1128.9549, "delta": 0.001854}}
{"target": -15.155936499730508, "params": {"colsample_bytree": 0.31080144557370776, "eta": 0.09502190743289715, "gamma": 506.25761646899923, "max_depth": 2.0, "min_child_weight": 4296.028704821401, "num_boost_round": 22.0, "subsample": 0.6298121640540063}, "datetime": {"datetime": "2024-01-20 14:42:51", "elapsed": 1128.956734, "delta": 0.001834}}
{"target": -15.156594697209218, "params": {"colsample_bytree": 0.31080144557370776, "eta": 0.09502190743289715, "gamma": 506.25761646899923, "max_depth": 2.0, "min_child_weight": 4296.028704821401, "num_boost_round": 23.0, "subsample": 0.6298121640540063}, "datetime": {"datetime": "2024-01-20 14:42:51", "elapsed": 1128.958566, "delta": 0.001832}}
{"target": -15.15613734557969, "params": {"colsample_bytree": 0.31080144557370776, "eta": 0.09502190743289715, "gamma": 506.25761646899923, "max_depth": 2.0, "min_child_weight": 4296.028704821401, "num_boost_round": 24.0, "subsample": 0.6298121640540063}, "datetime": {"datetime": "2024-01-20 14:42:51", "elapsed": 1128.960415, "delta": 0.001849}}
{"target": -15.156240840380768, "params": {"colsample_bytree": 0.31080144557370776, "eta": 0.09502190743289715, "gamma": 506.25761646899923, "max_depth": 2.0, "min_child_weight": 4296.028704821401, "num_boost_round": 25.0, "subsample": 0.6298121640540063}, "datetime": {"datetime": "2024-01-20 14:42:51", "elapsed": 1128.962327, "delta": 0.001912}}
{"target": -15.155843619356784, "params": {"colsample_bytree": 0.31080144557370776, "eta": 0.09502190743289715, "gamma": 506.25761646899923, "max_depth": 2.0, "min_child_weight": 4296.028704821401, "num_boost_round": 26.0, "subsample": 0.6298121640540063}, "datetime": {"datetime": "2024-01-20 14:42:51", "elapsed": 1128.96416, "delta": 0.001833}}
{"target": -15.15580087808565, "params": {"colsample_bytree": 0.31080144557370776, "eta": 0.09502190743289715, "gamma": 506.25761646899923, "max_depth": 2.0, "min_child_weight": 4296.028704821401, "num_boost_round": 27.0, "subsample": 0.6298121640540063}, "datetime": {"datetime": "2024-01-20 14:42:51", "elapsed": 1128.965994, "delta": 0.001834}}
{"target": -15.155606142547946, "params": {"colsample_bytree": 0.31080144557370776, "eta": 0.09502190743289715, "gamma": 506.25761646899923, "max_depth": 2.0, "min_child_weight": 4296.028704821401, "num_boost_round": 28.0, "subsample": 0.6298121640540063}, "datetime": {"datetime": "2024-01-20 14:42:51", "elapsed": 1128.967847, "delta": 0.001853}}
{"target": -15.155030969956824, "params": {"colsample_bytree": 0.31080144557370776, "eta": 0.09502190743289715, "gamma": 506.25761646899923, "max_depth": 2.0, "min_child_weight": 4296.028704821401, "num_boost_round": 29.0, "subsample": 0.6298121640540063}, "datetime": {"datetime": "2024-01-20 14:42:51", "elapsed": 1128.969689, "delta": 0.001842}}
{"target": -15.155453520253708, "params": {"colsample_bytree": 0.31080144557370776, "eta": 0.09502190743289715, "gamma": 506.25761646899923, "max_depth": 2.0, "min_child_weight": 4296.028704821401, "num_boost_round": 30.0, "subsample": 0.6298121640540063}, "datetime": {"datetime": "2024-01-20 14:42:51", "elapsed": 1128.971522, "delta": 0.001833}}
{"target": -15.156258900073325, "params": {"colsample_bytree": 0.31080144557370776, "eta": 0.09502190743289715, "gamma": 506.25761646899923, "max_depth": 2.0, "min_child_weight": 4296.028704821401, "num_boost_round": 31.0, "subsample": 0.6298121640540063}, "datetime": {"datetime": "2024-01-20 14:42:51", "elapsed": 1128.97336, "delta": 0.001838}}
{"target": -15.156579607676012, "params": {"colsample_bytree": 0.31080144557370776, "eta": 0.09502190743289715, "gamma": 506.25761646899923, "max_depth": 2.0, "min_child_weight": 4296.028704821401, "num_boost_round": 32.0, "subsample": 0.6298121640540063}, "datetime": {"datetime": "2024-01-20 14:42:51", "elapsed": 1128.975197, "delta": 0.001837}}
{"target": -15.15644550456259, "params": {"colsample_bytree": 0.31080144557370776, "eta": 0.09502190743289715, "gamma": 506.25761646899923, "max_depth": 2.0, "min_child_weight": 4296.028704821401, "num_boost_round": 33.0, "subsample": 0.6298121640540063}, "datetime": {"datetime": "2024-01-20 14:42:51", "elapsed": 1128.977666, "delta": 0.002469}}
{"target": -15.157353759801511, "params": {"colsample_bytree": 0.31080144557370776, "eta": 0.09502190743289715, "gamma": 506.25761646899923, "max_depth": 2.0, "min_child_weight": 4296.028704821401, "num_boost_round": 34.0, "subsample": 0.6298121640540063}, "datetime": {"datetime": "2024-01-20 14:42:51", "elapsed": 1128.979505, "delta": 0.001839}}
{"target": -15.1570477591251, "params": {"colsample_bytree": 0.31080144557370776, "eta": 0.09502190743289715, "gamma": 506.25761646899923, "max_depth": 2.0, "min_child_weight": 4296.028704821401, "num_boost_round": 35.0, "subsample": 0.6298121640540063}, "datetime": {"datetime": "2024-01-20 14:42:51", "elapsed": 1128.981821, "delta": 0.002316}}
{"target": -15.157256623071026, "params": {"colsample_bytree": 0.31080144557370776, "eta": 0.09502190743289715, "gamma": 506.25761646899923, "max_depth": 2.0, "min_child_weight": 4296.028704821401, "num_boost_round": 36.0, "subsample": 0.6298121640540063}, "datetime": {"datetime": "2024-01-20 14:42:51", "elapsed": 1128.983765, "delta": 0.001944}}
{"target": -15.171398643230596, "params": {"colsample_bytree": 0.8428753276868727, "eta": 0.0635966865421789, "gamma": 571.5551293678362, "max_depth": 3.0, "min_child_weight": 4151.857824298761, "num_boost_round": 1.0, "subsample": 0.40541339167222}, "datetime": {"datetime": "2024-01-20 14:43:22", "elapsed": 1160.072924, "delta": 31.089159}}
{"target": -15.170406742714281, "params": {"colsample_bytree": 0.8428753276868727, "eta": 0.0635966865421789, "gamma": 571.5551293678362, "max_depth": 3.0, "min_child_weight": 4151.857824298761, "num_boost_round": 2.0, "subsample": 0.40541339167222}, "datetime": {"datetime": "2024-01-20 14:43:22", "elapsed": 1160.07708, "delta": 0.004156}}
{"target": -15.16825912725404, "params": {"colsample_bytree": 0.8428753276868727, "eta": 0.0635966865421789, "gamma": 571.5551293678362, "max_depth": 3.0, "min_child_weight": 4151.857824298761, "num_boost_round": 3.0, "subsample": 0.40541339167222}, "datetime": {"datetime": "2024-01-20 14:43:22", "elapsed": 1160.079102, "delta": 0.002022}}
{"target": -15.167298549021108, "params": {"colsample_bytree": 0.8428753276868727, "eta": 0.0635966865421789, "gamma": 571.5551293678362, "max_depth": 3.0, "min_child_weight": 4151.857824298761, "num_boost_round": 4.0, "subsample": 0.40541339167222}, "datetime": {"datetime": "2024-01-20 14:43:22", "elapsed": 1160.081108, "delta": 0.002006}}
{"target": -15.165093600224733, "params": {"colsample_bytree": 0.8428753276868727, "eta": 0.0635966865421789, "gamma": 571.5551293678362, "max_depth": 3.0, "min_child_weight": 4151.857824298761, "num_boost_round": 5.0, "subsample": 0.40541339167222}, "datetime": {"datetime": "2024-01-20 14:43:22", "elapsed": 1160.082999, "delta": 0.001891}}
{"target": -15.163482506897612, "params": {"colsample_bytree": 0.8428753276868727, "eta": 0.0635966865421789, "gamma": 571.5551293678362, "max_depth": 3.0, "min_child_weight": 4151.857824298761, "num_boost_round": 6.0, "subsample": 0.40541339167222}, "datetime": {"datetime": "2024-01-20 14:43:22", "elapsed": 1160.08485, "delta": 0.001851}}
{"target": -15.161762685341433, "params": {"colsample_bytree": 0.8428753276868727, "eta": 0.0635966865421789, "gamma": 571.5551293678362, "max_depth": 3.0, "min_child_weight": 4151.857824298761, "num_boost_round": 7.0, "subsample": 0.40541339167222}, "datetime": {"datetime": "2024-01-20 14:43:22", "elapsed": 1160.0867, "delta": 0.00185}}
{"target": -15.160468505465076, "params": {"colsample_bytree": 0.8428753276868727, "eta": 0.0635966865421789, "gamma": 571.5551293678362, "max_depth": 3.0, "min_child_weight": 4151.857824298761, "num_boost_round": 8.0, "subsample": 0.40541339167222}, "datetime": {"datetime": "2024-01-20 14:43:22", "elapsed": 1160.08854, "delta": 0.00184}}
{"target": -15.160356099690745, "params": {"colsample_bytree": 0.8428753276868727, "eta": 0.0635966865421789, "gamma": 571.5551293678362, "max_depth": 3.0, "min_child_weight": 4151.857824298761, "num_boost_round": 9.0, "subsample": 0.40541339167222}, "datetime": {"datetime": "2024-01-20 14:43:22", "elapsed": 1160.090395, "delta": 0.001855}}
{"target": -15.159591012718938, "params": {"colsample_bytree": 0.8428753276868727, "eta": 0.0635966865421789, "gamma": 571.5551293678362, "max_depth": 3.0, "min_child_weight": 4151.857824298761, "num_boost_round": 10.0, "subsample": 0.40541339167222}, "datetime": {"datetime": "2024-01-20 14:43:22", "elapsed": 1160.092918, "delta": 0.002523}}
{"target": -15.1583194315586, "params": {"colsample_bytree": 0.8428753276868727, "eta": 0.0635966865421789, "gamma": 571.5551293678362, "max_depth": 3.0, "min_child_weight": 4151.857824298761, "num_boost_round": 11.0, "subsample": 0.40541339167222}, "datetime": {"datetime": "2024-01-20 14:43:22", "elapsed": 1160.094956, "delta": 0.002038}}
{"target": -15.158185020345364, "params": {"colsample_bytree": 0.8428753276868727, "eta": 0.0635966865421789, "gamma": 571.5551293678362, "max_depth": 3.0, "min_child_weight": 4151.857824298761, "num_boost_round": 12.0, "subsample": 0.40541339167222}, "datetime": {"datetime": "2024-01-20 14:43:22", "elapsed": 1160.096887, "delta": 0.001931}}
{"target": -15.157613168067336, "params": {"colsample_bytree": 0.8428753276868727, "eta": 0.0635966865421789, "gamma": 571.5551293678362, "max_depth": 3.0, "min_child_weight": 4151.857824298761, "num_boost_round": 13.0, "subsample": 0.40541339167222}, "datetime": {"datetime": "2024-01-20 14:43:22", "elapsed": 1160.098781, "delta": 0.001894}}
{"target": -15.156662265118506, "params": {"colsample_bytree": 0.8428753276868727, "eta": 0.0635966865421789, "gamma": 571.5551293678362, "max_depth": 3.0, "min_child_weight": 4151.857824298761, "num_boost_round": 14.0, "subsample": 0.40541339167222}, "datetime": {"datetime": "2024-01-20 14:43:22", "elapsed": 1160.10071, "delta": 0.001929}}
{"target": -15.156417470524726, "params": {"colsample_bytree": 0.8428753276868727, "eta": 0.0635966865421789, "gamma": 571.5551293678362, "max_depth": 3.0, "min_child_weight": 4151.857824298761, "num_boost_round": 15.0, "subsample": 0.40541339167222}, "datetime": {"datetime": "2024-01-20 14:43:22", "elapsed": 1160.102559, "delta": 0.001849}}
{"target": -15.15543083006907, "params": {"colsample_bytree": 0.8428753276868727, "eta": 0.0635966865421789, "gamma": 571.5551293678362, "max_depth": 3.0, "min_child_weight": 4151.857824298761, "num_boost_round": 16.0, "subsample": 0.40541339167222}, "datetime": {"datetime": "2024-01-20 14:43:22", "elapsed": 1160.104415, "delta": 0.001856}}
{"target": -15.154864872725572, "params": {"colsample_bytree": 0.8428753276868727, "eta": 0.0635966865421789, "gamma": 571.5551293678362, "max_depth": 3.0, "min_child_weight": 4151.857824298761, "num_boost_round": 17.0, "subsample": 0.40541339167222}, "datetime": {"datetime": "2024-01-20 14:43:22", "elapsed": 1160.106276, "delta": 0.001861}}
{"target": -15.154935985542501, "params": {"colsample_bytree": 0.8428753276868727, "eta": 0.0635966865421789, "gamma": 571.5551293678362, "max_depth": 3.0, "min_child_weight": 4151.857824298761, "num_boost_round": 18.0, "subsample": 0.40541339167222}, "datetime": {"datetime": "2024-01-20 14:43:22", "elapsed": 1160.108157, "delta": 0.001881}}
{"target": -15.15498487137679, "params": {"colsample_bytree": 0.8428753276868727, "eta": 0.0635966865421789, "gamma": 571.5551293678362, "max_depth": 3.0, "min_child_weight": 4151.857824298761, "num_boost_round": 19.0, "subsample": 0.40541339167222}, "datetime": {"datetime": "2024-01-20 14:43:22", "elapsed": 1160.110045, "delta": 0.001888}}
{"target": -15.155369441467636, "params": {"colsample_bytree": 0.8428753276868727, "eta": 0.0635966865421789, "gamma": 571.5551293678362, "max_depth": 3.0, "min_child_weight": 4151.857824298761, "num_boost_round": 20.0, "subsample": 0.40541339167222}, "datetime": {"datetime": "2024-01-20 14:43:22", "elapsed": 1160.111922, "delta": 0.001877}}
{"target": -15.155028489416964, "params": {"colsample_bytree": 0.8428753276868727, "eta": 0.0635966865421789, "gamma": 571.5551293678362, "max_depth": 3.0, "min_child_weight": 4151.857824298761, "num_boost_round": 21.0, "subsample": 0.40541339167222}, "datetime": {"datetime": "2024-01-20 14:43:22", "elapsed": 1160.113854, "delta": 0.001932}}
{"target": -15.154663764621738, "params": {"colsample_bytree": 0.8428753276868727, "eta": 0.0635966865421789, "gamma": 571.5551293678362, "max_depth": 3.0, "min_child_weight": 4151.857824298761, "num_boost_round": 22.0, "subsample": 0.40541339167222}, "datetime": {"datetime": "2024-01-20 14:43:22", "elapsed": 1160.115748, "delta": 0.001894}}
{"target": -15.154661775111181, "params": {"colsample_bytree": 0.8428753276868727, "eta": 0.0635966865421789, "gamma": 571.5551293678362, "max_depth": 3.0, "min_child_weight": 4151.857824298761, "num_boost_round": 23.0, "subsample": 0.40541339167222}, "datetime": {"datetime": "2024-01-20 14:43:22", "elapsed": 1160.117642, "delta": 0.001894}}
{"target": -15.154431884395898, "params": {"colsample_bytree": 0.8428753276868727, "eta": 0.0635966865421789, "gamma": 571.5551293678362, "max_depth": 3.0, "min_child_weight": 4151.857824298761, "num_boost_round": 24.0, "subsample": 0.40541339167222}, "datetime": {"datetime": "2024-01-20 14:43:22", "elapsed": 1160.1196, "delta": 0.001958}}
{"target": -15.154508479920445, "params": {"colsample_bytree": 0.8428753276868727, "eta": 0.0635966865421789, "gamma": 571.5551293678362, "max_depth": 3.0, "min_child_weight": 4151.857824298761, "num_boost_round": 25.0, "subsample": 0.40541339167222}, "datetime": {"datetime": "2024-01-20 14:43:22", "elapsed": 1160.121536, "delta": 0.001936}}
{"target": -15.154846758616518, "params": {"colsample_bytree": 0.8428753276868727, "eta": 0.0635966865421789, "gamma": 571.5551293678362, "max_depth": 3.0, "min_child_weight": 4151.857824298761, "num_boost_round": 26.0, "subsample": 0.40541339167222}, "datetime": {"datetime": "2024-01-20 14:43:22", "elapsed": 1160.123478, "delta": 0.001942}}
{"target": -15.154945967888, "params": {"colsample_bytree": 0.8428753276868727, "eta": 0.0635966865421789, "gamma": 571.5551293678362, "max_depth": 3.0, "min_child_weight": 4151.857824298761, "num_boost_round": 27.0, "subsample": 0.40541339167222}, "datetime": {"datetime": "2024-01-20 14:43:22", "elapsed": 1160.125528, "delta": 0.00205}}
{"target": -15.154814197641574, "params": {"colsample_bytree": 0.8428753276868727, "eta": 0.0635966865421789, "gamma": 571.5551293678362, "max_depth": 3.0, "min_child_weight": 4151.857824298761, "num_boost_round": 28.0, "subsample": 0.40541339167222}, "datetime": {"datetime": "2024-01-20 14:43:22", "elapsed": 1160.127528, "delta": 0.002}}
{"target": -15.154871470466599, "params": {"colsample_bytree": 0.8428753276868727, "eta": 0.0635966865421789, "gamma": 571.5551293678362, "max_depth": 3.0, "min_child_weight": 4151.857824298761, "num_boost_round": 29.0, "subsample": 0.40541339167222}, "datetime": {"datetime": "2024-01-20 14:43:22", "elapsed": 1160.129431, "delta": 0.001903}}
{"target": -15.154745663202927, "params": {"colsample_bytree": 0.8428753276868727, "eta": 0.0635966865421789, "gamma": 571.5551293678362, "max_depth": 3.0, "min_child_weight": 4151.857824298761, "num_boost_round": 30.0, "subsample": 0.40541339167222}, "datetime": {"datetime": "2024-01-20 14:43:22", "elapsed": 1160.131357, "delta": 0.001926}}
{"target": -15.155246902031799, "params": {"colsample_bytree": 0.8428753276868727, "eta": 0.0635966865421789, "gamma": 571.5551293678362, "max_depth": 3.0, "min_child_weight": 4151.857824298761, "num_boost_round": 31.0, "subsample": 0.40541339167222}, "datetime": {"datetime": "2024-01-20 14:43:22", "elapsed": 1160.133242, "delta": 0.001885}}
{"target": -15.154719254652516, "params": {"colsample_bytree": 0.8428753276868727, "eta": 0.0635966865421789, "gamma": 571.5551293678362, "max_depth": 3.0, "min_child_weight": 4151.857824298761, "num_boost_round": 32.0, "subsample": 0.40541339167222}, "datetime": {"datetime": "2024-01-20 14:43:22", "elapsed": 1160.135159, "delta": 0.001917}}
{"target": -15.15464603246203, "params": {"colsample_bytree": 0.8428753276868727, "eta": 0.0635966865421789, "gamma": 571.5551293678362, "max_depth": 3.0, "min_child_weight": 4151.857824298761, "num_boost_round": 33.0, "subsample": 0.40541339167222}, "datetime": {"datetime": "2024-01-20 14:43:22", "elapsed": 1160.137095, "delta": 0.001936}}
{"target": -15.154068972193253, "params": {"colsample_bytree": 0.8428753276868727, "eta": 0.0635966865421789, "gamma": 571.5551293678362, "max_depth": 3.0, "min_child_weight": 4151.857824298761, "num_boost_round": 34.0, "subsample": 0.40541339167222}, "datetime": {"datetime": "2024-01-20 14:43:22", "elapsed": 1160.138988, "delta": 0.001893}}
{"target": -15.154449807919857, "params": {"colsample_bytree": 0.8428753276868727, "eta": 0.0635966865421789, "gamma": 571.5551293678362, "max_depth": 3.0, "min_child_weight": 4151.857824298761, "num_boost_round": 35.0, "subsample": 0.40541339167222}, "datetime": {"datetime": "2024-01-20 14:43:22", "elapsed": 1160.140889, "delta": 0.001901}}
{"target": -15.154643919721753, "params": {"colsample_bytree": 0.8428753276868727, "eta": 0.0635966865421789, "gamma": 571.5551293678362, "max_depth": 3.0, "min_child_weight": 4151.857824298761, "num_boost_round": 36.0, "subsample": 0.40541339167222}, "datetime": {"datetime": "2024-01-20 14:43:22", "elapsed": 1160.142815, "delta": 0.001926}}
