{"target": -13.398748452563185, "params": {"colsample_bytree": 0.15226881865905806, "eta": 0.026683856565954237, "gamma": 219.9232468622242, "max_depth": 3.0, "min_child_weight": 3334.0573109855877, "num_boost_round": 8.0, "subsample": 0.4965221420749978}, "datetime": {"datetime": "2024-01-20 15:08:20", "elapsed": 2635.520782, "delta": 0.002773}}
{"target": -13.398735127348685, "params": {"colsample_bytree": 0.15226881865905806, "eta": 0.026683856565954237, "gamma": 219.9232468622242, "max_depth": 3.0, "min_child_weight": 3334.0573109855877, "num_boost_round": 9.0, "subsample": 0.4965221420749978}, "datetime": {"datetime": "2024-01-20 15:08:20", "elapsed": 2635.523462, "delta": 0.00268}}
{"target": -13.398863979936975, "params": {"colsample_bytree": 0.15226881865905806, "eta": 0.026683856565954237, "gamma": 219.9232468622242, "max_depth": 3.0, "min_child_weight": 3334.0573109855877, "num_boost_round": 10.0, "subsample": 0.4965221420749978}, "datetime": {"datetime": "2024-01-20 15:08:20", "elapsed": 2635.526058, "delta": 0.002596}}
{"target": -13.398864055075993, "params": {"colsample_bytree": 0.15226881865905806, "eta": 0.026683856565954237, "gamma": 219.9232468622242, "max_depth": 3.0, "min_child_weight": 3334.0573109855877, "num_boost_round": 11.0, "subsample": 0.4965221420749978}, "datetime": {"datetime": "2024-01-20 15:08:20", "elapsed": 2635.528874, "delta": 0.002816}}
{"target": -13.398966249723617, "params": {"colsample_bytree": 0.15226881865905806, "eta": 0.026683856565954237, "gamma": 219.9232468622242, "max_depth": 3.0, "min_child_weight": 3334.0573109855877, "num_boost_round": 12.0, "subsample": 0.4965221420749978}, "datetime": {"datetime": "2024-01-20 15:08:20", "elapsed": 2635.531624, "delta": 0.00275}}
{"target": -13.398928562631609, "params": {"colsample_bytree": 0.15226881865905806, "eta": 0.026683856565954237, "gamma": 219.9232468622242, "max_depth": 3.0, "min_child_weight": 3334.0573109855877, "num_boost_round": 13.0, "subsample": 0.4965221420749978}, "datetime": {"datetime": "2024-01-20 15:08:20", "elapsed": 2635.534334, "delta": 0.00271}}
{"target": -13.39884084300173, "params": {"colsample_bytree": 0.15226881865905806, "eta": 0.026683856565954237, "gamma": 219.9232468622242, "max_depth": 3.0, "min_child_weight": 3334.0573109855877, "num_boost_round": 14.0, "subsample": 0.4965221420749978}, "datetime": {"datetime": "2024-01-20 15:08:20", "elapsed": 2635.537016, "delta": 0.002682}}
{"target": -13.39872153504282, "params": {"colsample_bytree": 0.15226881865905806, "eta": 0.026683856565954237, "gamma": 219.9232468622242, "max_depth": 3.0, "min_child_weight": 3334.0573109855877, "num_boost_round": 15.0, "subsample": 0.4965221420749978}, "datetime": {"datetime": "2024-01-20 15:08:20", "elapsed": 2635.539745, "delta": 0.002729}}
{"target": -13.398744372280959, "params": {"colsample_bytree": 0.15226881865905806, "eta": 0.026683856565954237, "gamma": 219.9232468622242, "max_depth": 3.0, "min_child_weight": 3334.0573109855877, "num_boost_round": 16.0, "subsample": 0.4965221420749978}, "datetime": {"datetime": "2024-01-20 15:08:20", "elapsed": 2635.542366, "delta": 0.002621}}
{"target": -13.399054178274563, "params": {"colsample_bytree": 0.15226881865905806, "eta": 0.026683856565954237, "gamma": 219.9232468622242, "max_depth": 3.0, "min_child_weight": 3334.0573109855877, "num_boost_round": 17.0, "subsample": 0.4965221420749978}, "datetime": {"datetime": "2024-01-20 15:08:20", "elapsed": 2635.544992, "delta": 0.002626}}
{"target": -13.399233236613195, "params": {"colsample_bytree": 0.15226881865905806, "eta": 0.026683856565954237, "gamma": 219.9232468622242, "max_depth": 3.0, "min_child_weight": 3334.0573109855877, "num_boost_round": 18.0, "subsample": 0.4965221420749978}, "datetime": {"datetime": "2024-01-20 15:08:20", "elapsed": 2635.547595, "delta": 0.002603}}
{"target": -13.399248623632225, "params": {"colsample_bytree": 0.15226881865905806, "eta": 0.026683856565954237, "gamma": 219.9232468622242, "max_depth": 3.0, "min_child_weight": 3334.0573109855877, "num_boost_round": 19.0, "subsample": 0.4965221420749978}, "datetime": {"datetime": "2024-01-20 15:08:20", "elapsed": 2635.550434, "delta": 0.002839}}
{"target": -13.399367656530721, "params": {"colsample_bytree": 0.15226881865905806, "eta": 0.026683856565954237, "gamma": 219.9232468622242, "max_depth": 3.0, "min_child_weight": 3334.0573109855877, "num_boost_round": 20.0, "subsample": 0.4965221420749978}, "datetime": {"datetime": "2024-01-20 15:08:20", "elapsed": 2635.553105, "delta": 0.002671}}
{"target": -13.399334325911795, "params": {"colsample_bytree": 0.15226881865905806, "eta": 0.026683856565954237, "gamma": 219.9232468622242, "max_depth": 3.0, "min_child_weight": 3334.0573109855877, "num_boost_round": 21.0, "subsample": 0.4965221420749978}, "datetime": {"datetime": "2024-01-20 15:08:20", "elapsed": 2635.555698, "delta": 0.002593}}
{"target": -13.39924730254377, "params": {"colsample_bytree": 0.15226881865905806, "eta": 0.026683856565954237, "gamma": 219.9232468622242, "max_depth": 3.0, "min_child_weight": 3334.0573109855877, "num_boost_round": 22.0, "subsample": 0.4965221420749978}, "datetime": {"datetime": "2024-01-20 15:08:20", "elapsed": 2635.558274, "delta": 0.002576}}
{"target": -13.39938917982101, "params": {"colsample_bytree": 0.15226881865905806, "eta": 0.026683856565954237, "gamma": 219.9232468622242, "max_depth": 3.0, "min_child_weight": 3334.0573109855877, "num_boost_round": 23.0, "subsample": 0.4965221420749978}, "datetime": {"datetime": "2024-01-20 15:08:20", "elapsed": 2635.561072, "delta": 0.002798}}
{"target": -13.399673591420797, "params": {"colsample_bytree": 0.15226881865905806, "eta": 0.026683856565954237, "gamma": 219.9232468622242, "max_depth": 3.0, "min_child_weight": 3334.0573109855877, "num_boost_round": 24.0, "subsample": 0.4965221420749978}, "datetime": {"datetime": "2024-01-20 15:08:20", "elapsed": 2635.563678, "delta": 0.002606}}
{"target": -13.399759717677023, "params": {"colsample_bytree": 0.15226881865905806, "eta": 0.026683856565954237, "gamma": 219.9232468622242, "max_depth": 3.0, "min_child_weight": 3334.0573109855877, "num_boost_round": 25.0, "subsample": 0.4965221420749978}, "datetime": {"datetime": "2024-01-20 15:08:20", "elapsed": 2635.566344, "delta": 0.002666}}
{"target": -13.399816760455906, "params": {"colsample_bytree": 0.15226881865905806, "eta": 0.026683856565954237, "gamma": 219.9232468622242, "max_depth": 3.0, "min_child_weight": 3334.0573109855877, "num_boost_round": 26.0, "subsample": 0.4965221420749978}, "datetime": {"datetime": "2024-01-20 15:08:20", "elapsed": 2635.569068, "delta": 0.002724}}
{"target": -13.399913069078744, "params": {"colsample_bytree": 0.15226881865905806, "eta": 0.026683856565954237, "gamma": 219.9232468622242, "max_depth": 3.0, "min_child_weight": 3334.0573109855877, "num_boost_round": 27.0, "subsample": 0.4965221420749978}, "datetime": {"datetime": "2024-01-20 15:08:20", "elapsed": 2635.571735, "delta": 0.002667}}
{"target": -13.39993373390054, "params": {"colsample_bytree": 0.15226881865905806, "eta": 0.026683856565954237, "gamma": 219.9232468622242, "max_depth": 3.0, "min_child_weight": 3334.0573109855877, "num_boost_round": 28.0, "subsample": 0.4965221420749978}, "datetime": {"datetime": "2024-01-20 15:08:20", "elapsed": 2635.574367, "delta": 0.002632}}
{"target": -13.399922688181231, "params": {"colsample_bytree": 0.15226881865905806, "eta": 0.026683856565954237, "gamma": 219.9232468622242, "max_depth": 3.0, "min_child_weight": 3334.0573109855877, "num_boost_round": 29.0, "subsample": 0.4965221420749978}, "datetime": {"datetime": "2024-01-20 15:08:20", "elapsed": 2635.577028, "delta": 0.002661}}
{"target": -13.400059020995858, "params": {"colsample_bytree": 0.15226881865905806, "eta": 0.026683856565954237, "gamma": 219.9232468622242, "max_depth": 3.0, "min_child_weight": 3334.0573109855877, "num_boost_round": 30.0, "subsample": 0.4965221420749978}, "datetime": {"datetime": "2024-01-20 15:08:20", "elapsed": 2635.579757, "delta": 0.002729}}
{"target": -13.400135214057187, "params": {"colsample_bytree": 0.15226881865905806, "eta": 0.026683856565954237, "gamma": 219.9232468622242, "max_depth": 3.0, "min_child_weight": 3334.0573109855877, "num_boost_round": 31.0, "subsample": 0.4965221420749978}, "datetime": {"datetime": "2024-01-20 15:08:20", "elapsed": 2635.582439, "delta": 0.002682}}
{"target": -13.400278754938824, "params": {"colsample_bytree": 0.15226881865905806, "eta": 0.026683856565954237, "gamma": 219.9232468622242, "max_depth": 3.0, "min_child_weight": 3334.0573109855877, "num_boost_round": 32.0, "subsample": 0.4965221420749978}, "datetime": {"datetime": "2024-01-20 15:08:20", "elapsed": 2635.585087, "delta": 0.002648}}
{"target": -13.400410687188108, "params": {"colsample_bytree": 0.15226881865905806, "eta": 0.026683856565954237, "gamma": 219.9232468622242, "max_depth": 3.0, "min_child_weight": 3334.0573109855877, "num_boost_round": 33.0, "subsample": 0.4965221420749978}, "datetime": {"datetime": "2024-01-20 15:08:20", "elapsed": 2635.587731, "delta": 0.002644}}
{"target": -13.39790159567465, "params": {"colsample_bytree": 0.21957733597625012, "eta": 0.014846378275627447, "gamma": 284.4589439876219, "max_depth": 9.0, "min_child_weight": 3422.0328455282033, "num_boost_round": 1.0, "subsample": 0.771452326791019}, "datetime": {"datetime": "2024-01-20 15:09:05", "elapsed": 2679.968835, "delta": 44.381104}}
{"target": -13.39783237874383, "params": {"colsample_bytree": 0.21957733597625012, "eta": 0.014846378275627447, "gamma": 284.4589439876219, "max_depth": 9.0, "min_child_weight": 3422.0328455282033, "num_boost_round": 2.0, "subsample": 0.771452326791019}, "datetime": {"datetime": "2024-01-20 15:09:05", "elapsed": 2679.973104, "delta": 0.004269}}
{"target": -13.397754264190382, "params": {"colsample_bytree": 0.21957733597625012, "eta": 0.014846378275627447, "gamma": 284.4589439876219, "max_depth": 9.0, "min_child_weight": 3422.0328455282033, "num_boost_round": 3.0, "subsample": 0.771452326791019}, "datetime": {"datetime": "2024-01-20 15:09:05", "elapsed": 2679.975855, "delta": 0.002751}}
{"target": -13.39788812435608, "params": {"colsample_bytree": 0.21957733597625012, "eta": 0.014846378275627447, "gamma": 284.4589439876219, "max_depth": 9.0, "min_child_weight": 3422.0328455282033, "num_boost_round": 4.0, "subsample": 0.771452326791019}, "datetime": {"datetime": "2024-01-20 15:09:05", "elapsed": 2679.97869, "delta": 0.002835}}
{"target": -13.39802301743413, "params": {"colsample_bytree": 0.21957733597625012, "eta": 0.014846378275627447, "gamma": 284.4589439876219, "max_depth": 9.0, "min_child_weight": 3422.0328455282033, "num_boost_round": 5.0, "subsample": 0.771452326791019}, "datetime": {"datetime": "2024-01-20 15:09:05", "elapsed": 2679.981709, "delta": 0.003019}}
{"target": -13.397960104903666, "params": {"colsample_bytree": 0.21957733597625012, "eta": 0.014846378275627447, "gamma": 284.4589439876219, "max_depth": 9.0, "min_child_weight": 3422.0328455282033, "num_boost_round": 6.0, "subsample": 0.771452326791019}, "datetime": {"datetime": "2024-01-20 15:09:05", "elapsed": 2679.985567, "delta": 0.003858}}
{"target": -13.398137599097534, "params": {"colsample_bytree": 0.21957733597625012, "eta": 0.014846378275627447, "gamma": 284.4589439876219, "max_depth": 9.0, "min_child_weight": 3422.0328455282033, "num_boost_round": 7.0, "subsample": 0.771452326791019}, "datetime": {"datetime": "2024-01-20 15:09:05", "elapsed": 2679.990066, "delta": 0.004499}}
{"target": -13.398129930811962, "params": {"colsample_bytree": 0.21957733597625012, "eta": 0.014846378275627447, "gamma": 284.4589439876219, "max_depth": 9.0, "min_child_weight": 3422.0328455282033, "num_boost_round": 8.0, "subsample": 0.771452326791019}, "datetime": {"datetime": "2024-01-20 15:09:05", "elapsed": 2679.993758, "delta": 0.003692}}
{"target": -13.398193978195957, "params": {"colsample_bytree": 0.21957733597625012, "eta": 0.014846378275627447, "gamma": 284.4589439876219, "max_depth": 9.0, "min_child_weight": 3422.0328455282033, "num_boost_round": 9.0, "subsample": 0.771452326791019}, "datetime": {"datetime": "2024-01-20 15:09:05", "elapsed": 2679.996674, "delta": 0.002916}}
{"target": -13.398211697034428, "params": {"colsample_bytree": 0.21957733597625012, "eta": 0.014846378275627447, "gamma": 284.4589439876219, "max_depth": 9.0, "min_child_weight": 3422.0328455282033, "num_boost_round": 10.0, "subsample": 0.771452326791019}, "datetime": {"datetime": "2024-01-20 15:09:05", "elapsed": 2679.999451, "delta": 0.002777}}
{"target": -13.398237095703108, "params": {"colsample_bytree": 0.21957733597625012, "eta": 0.014846378275627447, "gamma": 284.4589439876219, "max_depth": 9.0, "min_child_weight": 3422.0328455282033, "num_boost_round": 11.0, "subsample": 0.771452326791019}, "datetime": {"datetime": "2024-01-20 15:09:05", "elapsed": 2680.002074, "delta": 0.002623}}
{"target": -13.398227744456094, "params": {"colsample_bytree": 0.21957733597625012, "eta": 0.014846378275627447, "gamma": 284.4589439876219, "max_depth": 9.0, "min_child_weight": 3422.0328455282033, "num_boost_round": 12.0, "subsample": 0.771452326791019}, "datetime": {"datetime": "2024-01-20 15:09:05", "elapsed": 2680.004643, "delta": 0.002569}}
{"target": -13.398202106518557, "params": {"colsample_bytree": 0.21957733597625012, "eta": 0.014846378275627447, "gamma": 284.4589439876219, "max_depth": 9.0, "min_child_weight": 3422.0328455282033, "num_boost_round": 13.0, "subsample": 0.771452326791019}, "datetime": {"datetime": "2024-01-20 15:09:05", "elapsed": 2680.007188, "delta": 0.002545}}
{"target": -13.398223718861448, "params": {"colsample_bytree": 0.21957733597625012, "eta": 0.014846378275627447, "gamma": 284.4589439876219, "max_depth": 9.0, "min_child_weight": 3422.0328455282033, "num_boost_round": 14.0, "subsample": 0.771452326791019}, "datetime": {"datetime": "2024-01-20 15:09:05", "elapsed": 2680.010038, "delta": 0.00285}}
{"target": -13.39816060739728, "params": {"colsample_bytree": 0.21957733597625012, "eta": 0.014846378275627447, "gamma": 284.4589439876219, "max_depth": 9.0, "min_child_weight": 3422.0328455282033, "num_boost_round": 15.0, "subsample": 0.771452326791019}, "datetime": {"datetime": "2024-01-20 15:09:05", "elapsed": 2680.012703, "delta": 0.002665}}
{"target": -13.398161968230156, "params": {"colsample_bytree": 0.21957733597625012, "eta": 0.014846378275627447, "gamma": 284.4589439876219, "max_depth": 9.0, "min_child_weight": 3422.0328455282033, "num_boost_round": 16.0, "subsample": 0.771452326791019}, "datetime": {"datetime": "2024-01-20 15:09:05", "elapsed": 2680.015242, "delta": 0.002539}}
{"target": -13.398327430430133, "params": {"colsample_bytree": 0.21957733597625012, "eta": 0.014846378275627447, "gamma": 284.4589439876219, "max_depth": 9.0, "min_child_weight": 3422.0328455282033, "num_boost_round": 17.0, "subsample": 0.771452326791019}, "datetime": {"datetime": "2024-01-20 15:09:05", "elapsed": 2680.017847, "delta": 0.002605}}
{"target": -13.398444762272675, "params": {"colsample_bytree": 0.21957733597625012, "eta": 0.014846378275627447, "gamma": 284.4589439876219, "max_depth": 9.0, "min_child_weight": 3422.0328455282033, "num_boost_round": 18.0, "subsample": 0.771452326791019}, "datetime": {"datetime": "2024-01-20 15:09:05", "elapsed": 2680.020549, "delta": 0.002702}}
{"target": -13.398441119946401, "params": {"colsample_bytree": 0.21957733597625012, "eta": 0.014846378275627447, "gamma": 284.4589439876219, "max_depth": 9.0, "min_child_weight": 3422.0328455282033, "num_boost_round": 19.0, "subsample": 0.771452326791019}, "datetime": {"datetime": "2024-01-20 15:09:05", "elapsed": 2680.023097, "delta": 0.002548}}
{"target": -13.398371787654058, "params": {"colsample_bytree": 0.21957733597625012, "eta": 0.014846378275627447, "gamma": 284.4589439876219, "max_depth": 9.0, "min_child_weight": 3422.0328455282033, "num_boost_round": 20.0, "subsample": 0.771452326791019}, "datetime": {"datetime": "2024-01-20 15:09:05", "elapsed": 2680.025637, "delta": 0.00254}}
{"target": -13.398293701795275, "params": {"colsample_bytree": 0.21957733597625012, "eta": 0.014846378275627447, "gamma": 284.4589439876219, "max_depth": 9.0, "min_child_weight": 3422.0328455282033, "num_boost_round": 21.0, "subsample": 0.771452326791019}, "datetime": {"datetime": "2024-01-20 15:09:05", "elapsed": 2680.028379, "delta": 0.002742}}
{"target": -13.398360491435591, "params": {"colsample_bytree": 0.21957733597625012, "eta": 0.014846378275627447, "gamma": 284.4589439876219, "max_depth": 9.0, "min_child_weight": 3422.0328455282033, "num_boost_round": 22.0, "subsample": 0.771452326791019}, "datetime": {"datetime": "2024-01-20 15:09:05", "elapsed": 2680.030998, "delta": 0.002619}}
{"target": -13.39834441623888, "params": {"colsample_bytree": 0.21957733597625012, "eta": 0.014846378275627447, "gamma": 284.4589439876219, "max_depth": 9.0, "min_child_weight": 3422.0328455282033, "num_boost_round": 23.0, "subsample": 0.771452326791019}, "datetime": {"datetime": "2024-01-20 15:09:05", "elapsed": 2680.033672, "delta": 0.002674}}
{"target": -13.398416948761115, "params": {"colsample_bytree": 0.21957733597625012, "eta": 0.014846378275627447, "gamma": 284.4589439876219, "max_depth": 9.0, "min_child_weight": 3422.0328455282033, "num_boost_round": 24.0, "subsample": 0.771452326791019}, "datetime": {"datetime": "2024-01-20 15:09:05", "elapsed": 2680.036307, "delta": 0.002635}}
{"target": -13.398701502565704, "params": {"colsample_bytree": 0.21957733597625012, "eta": 0.014846378275627447, "gamma": 284.4589439876219, "max_depth": 9.0, "min_child_weight": 3422.0328455282033, "num_boost_round": 25.0, "subsample": 0.771452326791019}, "datetime": {"datetime": "2024-01-20 15:09:05", "elapsed": 2680.039016, "delta": 0.002709}}
{"target": -13.398755754593346, "params": {"colsample_bytree": 0.21957733597625012, "eta": 0.014846378275627447, "gamma": 284.4589439876219, "max_depth": 9.0, "min_child_weight": 3422.0328455282033, "num_boost_round": 26.0, "subsample": 0.771452326791019}, "datetime": {"datetime": "2024-01-20 15:09:05", "elapsed": 2680.041646, "delta": 0.00263}}
{"target": -13.39749412701911, "params": {"colsample_bytree": 0.5865566749020096, "eta": 0.030361873334564728, "gamma": 328.85464260681283, "max_depth": 7.0, "min_child_weight": 3508.0086481401586, "num_boost_round": 1.0, "subsample": 0.14548682877563146}, "datetime": {"datetime": "2024-01-20 15:09:32", "elapsed": 2707.098612, "delta": 27.056966}}
{"target": -13.397326835461726, "params": {"colsample_bytree": 0.5865566749020096, "eta": 0.030361873334564728, "gamma": 328.85464260681283, "max_depth": 7.0, "min_child_weight": 3508.0086481401586, "num_boost_round": 2.0, "subsample": 0.14548682877563146}, "datetime": {"datetime": "2024-01-20 15:09:32", "elapsed": 2707.102041, "delta": 0.003429}}
{"target": -13.397908369388002, "params": {"colsample_bytree": 0.45683313196810316, "eta": 0.050339467921694435, "gamma": 358.5803677289796, "max_depth": 5.0, "min_child_weight": 3450.5474551847183, "num_boost_round": 1.0, "subsample": 0.8941865581138446}, "datetime": {"datetime": "2024-01-20 15:09:55", "elapsed": 2730.062905, "delta": 22.960864}}
{"target": -13.398113446145935, "params": {"colsample_bytree": 0.45683313196810316, "eta": 0.050339467921694435, "gamma": 358.5803677289796, "max_depth": 5.0, "min_child_weight": 3450.5474551847183, "num_boost_round": 2.0, "subsample": 0.8941865581138446}, "datetime": {"datetime": "2024-01-20 15:09:55", "elapsed": 2730.066439, "delta": 0.003534}}
{"target": -13.398112770961987, "params": {"colsample_bytree": 0.45683313196810316, "eta": 0.050339467921694435, "gamma": 358.5803677289796, "max_depth": 5.0, "min_child_weight": 3450.5474551847183, "num_boost_round": 3.0, "subsample": 0.8941865581138446}, "datetime": {"datetime": "2024-01-20 15:09:55", "elapsed": 2730.069234, "delta": 0.002795}}
{"target": -13.398141912434916, "params": {"colsample_bytree": 0.45683313196810316, "eta": 0.050339467921694435, "gamma": 358.5803677289796, "max_depth": 5.0, "min_child_weight": 3450.5474551847183, "num_boost_round": 4.0, "subsample": 0.8941865581138446}, "datetime": {"datetime": "2024-01-20 15:09:55", "elapsed": 2730.072012, "delta": 0.002778}}
{"target": -13.397419547987603, "params": {"colsample_bytree": 0.9143863939589935, "eta": 0.03242589037989748, "gamma": 232.81651579753526, "max_depth": 4.0, "min_child_weight": 3518.982620398441, "num_boost_round": 1.0, "subsample": 0.13899638829622116}, "datetime": {"datetime": "2024-01-20 15:10:26", "elapsed": 2761.323976, "delta": 31.251964}}
{"target": -13.39715858964391, "params": {"colsample_bytree": 0.9143863939589935, "eta": 0.03242589037989748, "gamma": 232.81651579753526, "max_depth": 4.0, "min_child_weight": 3518.982620398441, "num_boost_round": 2.0, "subsample": 0.13899638829622116}, "datetime": {"datetime": "2024-01-20 15:10:26", "elapsed": 2761.327214, "delta": 0.003238}}
{"target": -13.397226891011364, "params": {"colsample_bytree": 0.9143863939589935, "eta": 0.03242589037989748, "gamma": 232.81651579753526, "max_depth": 4.0, "min_child_weight": 3518.982620398441, "num_boost_round": 3.0, "subsample": 0.13899638829622116}, "datetime": {"datetime": "2024-01-20 15:10:26", "elapsed": 2761.330271, "delta": 0.003057}}
{"target": -13.398705916225946, "params": {"colsample_bytree": 0.884663265853554, "eta": 0.09469621293471066, "gamma": 186.70604117393242, "max_depth": 3.0, "min_child_weight": 3454.0675200222486, "num_boost_round": 1.0, "subsample": 0.8247640554177278}, "datetime": {"datetime": "2024-01-20 15:11:19", "elapsed": 2813.663788, "delta": 52.333517}}
{"target": -13.399877332330341, "params": {"colsample_bytree": 0.884663265853554, "eta": 0.09469621293471066, "gamma": 186.70604117393242, "max_depth": 3.0, "min_child_weight": 3454.0675200222486, "num_boost_round": 2.0, "subsample": 0.8247640554177278}, "datetime": {"datetime": "2024-01-20 15:11:19", "elapsed": 2813.667786, "delta": 0.003998}}
