{"target": -13.50952927597816, "params": {"colsample_bytree": 0.5566926312593611, "eta": 0.08853966579002397, "gamma": 713.9154273471605, "max_depth": 6.0, "min_child_weight": 4056.530186077473, "num_boost_round": 40.0, "subsample": 0.938356822064751}, "datetime": {"datetime": "2024-01-20 14:31:25", "elapsed": 438.699652, "delta": 0.001091}}
{"target": -13.509544568158987, "params": {"colsample_bytree": 0.5566926312593611, "eta": 0.08853966579002397, "gamma": 713.9154273471605, "max_depth": 6.0, "min_child_weight": 4056.530186077473, "num_boost_round": 41.0, "subsample": 0.938356822064751}, "datetime": {"datetime": "2024-01-20 14:31:25", "elapsed": 438.700548, "delta": 0.000896}}
{"target": -13.509903469344184, "params": {"colsample_bytree": 0.5566926312593611, "eta": 0.08853966579002397, "gamma": 713.9154273471605, "max_depth": 6.0, "min_child_weight": 4056.530186077473, "num_boost_round": 42.0, "subsample": 0.938356822064751}, "datetime": {"datetime": "2024-01-20 14:31:25", "elapsed": 438.701439, "delta": 0.000891}}
{"target": -13.510252051251129, "params": {"colsample_bytree": 0.5566926312593611, "eta": 0.08853966579002397, "gamma": 713.9154273471605, "max_depth": 6.0, "min_child_weight": 4056.530186077473, "num_boost_round": 43.0, "subsample": 0.938356822064751}, "datetime": {"datetime": "2024-01-20 14:31:25", "elapsed": 438.70234, "delta": 0.000901}}
{"target": -13.510574845400118, "params": {"colsample_bytree": 0.5566926312593611, "eta": 0.08853966579002397, "gamma": 713.9154273471605, "max_depth": 6.0, "min_child_weight": 4056.530186077473, "num_boost_round": 44.0, "subsample": 0.938356822064751}, "datetime": {"datetime": "2024-01-20 14:31:25", "elapsed": 438.703232, "delta": 0.000892}}
{"target": -13.510834885519275, "params": {"colsample_bytree": 0.5566926312593611, "eta": 0.08853966579002397, "gamma": 713.9154273471605, "max_depth": 6.0, "min_child_weight": 4056.530186077473, "num_boost_round": 45.0, "subsample": 0.938356822064751}, "datetime": {"datetime": "2024-01-20 14:31:25", "elapsed": 438.704146, "delta": 0.000914}}
{"target": -13.510825578370568, "params": {"colsample_bytree": 0.5566926312593611, "eta": 0.08853966579002397, "gamma": 713.9154273471605, "max_depth": 6.0, "min_child_weight": 4056.530186077473, "num_boost_round": 46.0, "subsample": 0.938356822064751}, "datetime": {"datetime": "2024-01-20 14:31:25", "elapsed": 438.705041, "delta": 0.000895}}
{"target": -13.510771179273828, "params": {"colsample_bytree": 0.5566926312593611, "eta": 0.08853966579002397, "gamma": 713.9154273471605, "max_depth": 6.0, "min_child_weight": 4056.530186077473, "num_boost_round": 47.0, "subsample": 0.938356822064751}, "datetime": {"datetime": "2024-01-20 14:31:25", "elapsed": 438.70593, "delta": 0.000889}}
{"target": -13.497869323041089, "params": {"colsample_bytree": 0.39655773407388617, "eta": 0.05655274246466613, "gamma": 691.7918371806553, "max_depth": 3.0, "min_child_weight": 3962.577003272725, "num_boost_round": 1.0, "subsample": 0.3451022379108825}, "datetime": {"datetime": "2024-01-20 14:32:04", "elapsed": 478.11901, "delta": 39.41308}}
{"target": -13.497607042256153, "params": {"colsample_bytree": 0.39655773407388617, "eta": 0.05655274246466613, "gamma": 691.7918371806553, "max_depth": 3.0, "min_child_weight": 3962.577003272725, "num_boost_round": 2.0, "subsample": 0.3451022379108825}, "datetime": {"datetime": "2024-01-20 14:32:04", "elapsed": 478.120565, "delta": 0.001555}}
{"target": -13.497593849692295, "params": {"colsample_bytree": 0.39655773407388617, "eta": 0.05655274246466613, "gamma": 691.7918371806553, "max_depth": 3.0, "min_child_weight": 3962.577003272725, "num_boost_round": 3.0, "subsample": 0.3451022379108825}, "datetime": {"datetime": "2024-01-20 14:32:04", "elapsed": 478.121484, "delta": 0.000919}}
{"target": -13.497543899619718, "params": {"colsample_bytree": 0.39655773407388617, "eta": 0.05655274246466613, "gamma": 691.7918371806553, "max_depth": 3.0, "min_child_weight": 3962.577003272725, "num_boost_round": 4.0, "subsample": 0.3451022379108825}, "datetime": {"datetime": "2024-01-20 14:32:04", "elapsed": 478.122523, "delta": 0.001039}}
{"target": -13.497133826257695, "params": {"colsample_bytree": 0.39655773407388617, "eta": 0.05655274246466613, "gamma": 691.7918371806553, "max_depth": 3.0, "min_child_weight": 3962.577003272725, "num_boost_round": 5.0, "subsample": 0.3451022379108825}, "datetime": {"datetime": "2024-01-20 14:32:04", "elapsed": 478.123439, "delta": 0.000916}}
{"target": -13.49698096059332, "params": {"colsample_bytree": 0.39655773407388617, "eta": 0.05655274246466613, "gamma": 691.7918371806553, "max_depth": 3.0, "min_child_weight": 3962.577003272725, "num_boost_round": 6.0, "subsample": 0.3451022379108825}, "datetime": {"datetime": "2024-01-20 14:32:04", "elapsed": 478.124357, "delta": 0.000918}}
{"target": -13.49702542139332, "params": {"colsample_bytree": 0.39655773407388617, "eta": 0.05655274246466613, "gamma": 691.7918371806553, "max_depth": 3.0, "min_child_weight": 3962.577003272725, "num_boost_round": 7.0, "subsample": 0.3451022379108825}, "datetime": {"datetime": "2024-01-20 14:32:04", "elapsed": 478.125277, "delta": 0.00092}}
{"target": -13.4969293635811, "params": {"colsample_bytree": 0.39655773407388617, "eta": 0.05655274246466613, "gamma": 691.7918371806553, "max_depth": 3.0, "min_child_weight": 3962.577003272725, "num_boost_round": 8.0, "subsample": 0.3451022379108825}, "datetime": {"datetime": "2024-01-20 14:32:04", "elapsed": 478.126196, "delta": 0.000919}}
{"target": -13.496883766693758, "params": {"colsample_bytree": 0.39655773407388617, "eta": 0.05655274246466613, "gamma": 691.7918371806553, "max_depth": 3.0, "min_child_weight": 3962.577003272725, "num_boost_round": 9.0, "subsample": 0.3451022379108825}, "datetime": {"datetime": "2024-01-20 14:32:04", "elapsed": 478.127166, "delta": 0.00097}}
{"target": -13.496808532296178, "params": {"colsample_bytree": 0.39655773407388617, "eta": 0.05655274246466613, "gamma": 691.7918371806553, "max_depth": 3.0, "min_child_weight": 3962.577003272725, "num_boost_round": 10.0, "subsample": 0.3451022379108825}, "datetime": {"datetime": "2024-01-20 14:32:04", "elapsed": 478.128079, "delta": 0.000913}}
{"target": -13.496692836635862, "params": {"colsample_bytree": 0.39655773407388617, "eta": 0.05655274246466613, "gamma": 691.7918371806553, "max_depth": 3.0, "min_child_weight": 3962.577003272725, "num_boost_round": 11.0, "subsample": 0.3451022379108825}, "datetime": {"datetime": "2024-01-20 14:32:04", "elapsed": 478.129006, "delta": 0.000927}}
{"target": -13.496635709157763, "params": {"colsample_bytree": 0.39655773407388617, "eta": 0.05655274246466613, "gamma": 691.7918371806553, "max_depth": 3.0, "min_child_weight": 3962.577003272725, "num_boost_round": 12.0, "subsample": 0.3451022379108825}, "datetime": {"datetime": "2024-01-20 14:32:04", "elapsed": 478.130055, "delta": 0.001049}}
{"target": -13.496437946265718, "params": {"colsample_bytree": 0.39655773407388617, "eta": 0.05655274246466613, "gamma": 691.7918371806553, "max_depth": 3.0, "min_child_weight": 3962.577003272725, "num_boost_round": 13.0, "subsample": 0.3451022379108825}, "datetime": {"datetime": "2024-01-20 14:32:04", "elapsed": 478.130991, "delta": 0.000936}}
{"target": -13.496460810142514, "params": {"colsample_bytree": 0.39655773407388617, "eta": 0.05655274246466613, "gamma": 691.7918371806553, "max_depth": 3.0, "min_child_weight": 3962.577003272725, "num_boost_round": 14.0, "subsample": 0.3451022379108825}, "datetime": {"datetime": "2024-01-20 14:32:04", "elapsed": 478.132076, "delta": 0.001085}}
{"target": -13.496426293275402, "params": {"colsample_bytree": 0.39655773407388617, "eta": 0.05655274246466613, "gamma": 691.7918371806553, "max_depth": 3.0, "min_child_weight": 3962.577003272725, "num_boost_round": 15.0, "subsample": 0.3451022379108825}, "datetime": {"datetime": "2024-01-20 14:32:04", "elapsed": 478.133184, "delta": 0.001108}}
{"target": -13.496537104546505, "params": {"colsample_bytree": 0.39655773407388617, "eta": 0.05655274246466613, "gamma": 691.7918371806553, "max_depth": 3.0, "min_child_weight": 3962.577003272725, "num_boost_round": 16.0, "subsample": 0.3451022379108825}, "datetime": {"datetime": "2024-01-20 14:32:04", "elapsed": 478.134208, "delta": 0.001024}}
{"target": -13.496607108278758, "params": {"colsample_bytree": 0.39655773407388617, "eta": 0.05655274246466613, "gamma": 691.7918371806553, "max_depth": 3.0, "min_child_weight": 3962.577003272725, "num_boost_round": 17.0, "subsample": 0.3451022379108825}, "datetime": {"datetime": "2024-01-20 14:32:04", "elapsed": 478.135224, "delta": 0.001016}}
{"target": -13.496718925204792, "params": {"colsample_bytree": 0.39655773407388617, "eta": 0.05655274246466613, "gamma": 691.7918371806553, "max_depth": 3.0, "min_child_weight": 3962.577003272725, "num_boost_round": 18.0, "subsample": 0.3451022379108825}, "datetime": {"datetime": "2024-01-20 14:32:04", "elapsed": 478.136154, "delta": 0.00093}}
{"target": -13.496644361863101, "params": {"colsample_bytree": 0.39655773407388617, "eta": 0.05655274246466613, "gamma": 691.7918371806553, "max_depth": 3.0, "min_child_weight": 3962.577003272725, "num_boost_round": 19.0, "subsample": 0.3451022379108825}, "datetime": {"datetime": "2024-01-20 14:32:04", "elapsed": 478.137085, "delta": 0.000931}}
{"target": -13.496721552534723, "params": {"colsample_bytree": 0.39655773407388617, "eta": 0.05655274246466613, "gamma": 691.7918371806553, "max_depth": 3.0, "min_child_weight": 3962.577003272725, "num_boost_round": 20.0, "subsample": 0.3451022379108825}, "datetime": {"datetime": "2024-01-20 14:32:04", "elapsed": 478.138008, "delta": 0.000923}}
{"target": -13.496751940707703, "params": {"colsample_bytree": 0.39655773407388617, "eta": 0.05655274246466613, "gamma": 691.7918371806553, "max_depth": 3.0, "min_child_weight": 3962.577003272725, "num_boost_round": 21.0, "subsample": 0.3451022379108825}, "datetime": {"datetime": "2024-01-20 14:32:04", "elapsed": 478.13893, "delta": 0.000922}}
{"target": -13.49674915292647, "params": {"colsample_bytree": 0.39655773407388617, "eta": 0.05655274246466613, "gamma": 691.7918371806553, "max_depth": 3.0, "min_child_weight": 3962.577003272725, "num_boost_round": 22.0, "subsample": 0.3451022379108825}, "datetime": {"datetime": "2024-01-20 14:32:04", "elapsed": 478.139851, "delta": 0.000921}}
{"target": -13.496754130143042, "params": {"colsample_bytree": 0.39655773407388617, "eta": 0.05655274246466613, "gamma": 691.7918371806553, "max_depth": 3.0, "min_child_weight": 3962.577003272725, "num_boost_round": 23.0, "subsample": 0.3451022379108825}, "datetime": {"datetime": "2024-01-20 14:32:04", "elapsed": 478.140762, "delta": 0.000911}}
{"target": -13.496630765406431, "params": {"colsample_bytree": 0.39655773407388617, "eta": 0.05655274246466613, "gamma": 691.7918371806553, "max_depth": 3.0, "min_child_weight": 3962.577003272725, "num_boost_round": 24.0, "subsample": 0.3451022379108825}, "datetime": {"datetime": "2024-01-20 14:32:04", "elapsed": 478.141693, "delta": 0.000931}}
{"target": -13.496540553735358, "params": {"colsample_bytree": 0.39655773407388617, "eta": 0.05655274246466613, "gamma": 691.7918371806553, "max_depth": 3.0, "min_child_weight": 3962.577003272725, "num_boost_round": 25.0, "subsample": 0.3451022379108825}, "datetime": {"datetime": "2024-01-20 14:32:04", "elapsed": 478.142626, "delta": 0.000933}}
{"target": -13.49652510976142, "params": {"colsample_bytree": 0.39655773407388617, "eta": 0.05655274246466613, "gamma": 691.7918371806553, "max_depth": 3.0, "min_child_weight": 3962.577003272725, "num_boost_round": 26.0, "subsample": 0.3451022379108825}, "datetime": {"datetime": "2024-01-20 14:32:04", "elapsed": 478.143551, "delta": 0.000925}}
{"target": -13.496649422734034, "params": {"colsample_bytree": 0.39655773407388617, "eta": 0.05655274246466613, "gamma": 691.7918371806553, "max_depth": 3.0, "min_child_weight": 3962.577003272725, "num_boost_round": 27.0, "subsample": 0.3451022379108825}, "datetime": {"datetime": "2024-01-20 14:32:04", "elapsed": 478.144474, "delta": 0.000923}}
{"target": -13.496664746236519, "params": {"colsample_bytree": 0.39655773407388617, "eta": 0.05655274246466613, "gamma": 691.7918371806553, "max_depth": 3.0, "min_child_weight": 3962.577003272725, "num_boost_round": 28.0, "subsample": 0.3451022379108825}, "datetime": {"datetime": "2024-01-20 14:32:04", "elapsed": 478.145403, "delta": 0.000929}}
{"target": -13.496730084036933, "params": {"colsample_bytree": 0.39655773407388617, "eta": 0.05655274246466613, "gamma": 691.7918371806553, "max_depth": 3.0, "min_child_weight": 3962.577003272725, "num_boost_round": 29.0, "subsample": 0.3451022379108825}, "datetime": {"datetime": "2024-01-20 14:32:04", "elapsed": 478.146356, "delta": 0.000953}}
{"target": -13.496769818136846, "params": {"colsample_bytree": 0.39655773407388617, "eta": 0.05655274246466613, "gamma": 691.7918371806553, "max_depth": 3.0, "min_child_weight": 3962.577003272725, "num_boost_round": 30.0, "subsample": 0.3451022379108825}, "datetime": {"datetime": "2024-01-20 14:32:04", "elapsed": 478.147289, "delta": 0.000933}}
{"target": -13.496743439740188, "params": {"colsample_bytree": 0.39655773407388617, "eta": 0.05655274246466613, "gamma": 691.7918371806553, "max_depth": 3.0, "min_child_weight": 3962.577003272725, "num_boost_round": 31.0, "subsample": 0.3451022379108825}, "datetime": {"datetime": "2024-01-20 14:32:04", "elapsed": 478.148233, "delta": 0.000944}}
{"target": -13.496752418649123, "params": {"colsample_bytree": 0.39655773407388617, "eta": 0.05655274246466613, "gamma": 691.7918371806553, "max_depth": 3.0, "min_child_weight": 3962.577003272725, "num_boost_round": 32.0, "subsample": 0.3451022379108825}, "datetime": {"datetime": "2024-01-20 14:32:04", "elapsed": 478.149164, "delta": 0.000931}}
{"target": -13.49680080841744, "params": {"colsample_bytree": 0.39655773407388617, "eta": 0.05655274246466613, "gamma": 691.7918371806553, "max_depth": 3.0, "min_child_weight": 3962.577003272725, "num_boost_round": 33.0, "subsample": 0.3451022379108825}, "datetime": {"datetime": "2024-01-20 14:32:04", "elapsed": 478.150096, "delta": 0.000932}}
{"target": -13.496802660645752, "params": {"colsample_bytree": 0.39655773407388617, "eta": 0.05655274246466613, "gamma": 691.7918371806553, "max_depth": 3.0, "min_child_weight": 3962.577003272725, "num_boost_round": 34.0, "subsample": 0.3451022379108825}, "datetime": {"datetime": "2024-01-20 14:32:04", "elapsed": 478.151028, "delta": 0.000932}}
{"target": -13.496741445966453, "params": {"colsample_bytree": 0.39655773407388617, "eta": 0.05655274246466613, "gamma": 691.7918371806553, "max_depth": 3.0, "min_child_weight": 3962.577003272725, "num_boost_round": 35.0, "subsample": 0.3451022379108825}, "datetime": {"datetime": "2024-01-20 14:32:04", "elapsed": 478.152089, "delta": 0.001061}}
{"target": -13.49667625424027, "params": {"colsample_bytree": 0.39655773407388617, "eta": 0.05655274246466613, "gamma": 691.7918371806553, "max_depth": 3.0, "min_child_weight": 3962.577003272725, "num_boost_round": 36.0, "subsample": 0.3451022379108825}, "datetime": {"datetime": "2024-01-20 14:32:04", "elapsed": 478.153027, "delta": 0.000938}}
{"target": -13.496636132031576, "params": {"colsample_bytree": 0.39655773407388617, "eta": 0.05655274246466613, "gamma": 691.7918371806553, "max_depth": 3.0, "min_child_weight": 3962.577003272725, "num_boost_round": 37.0, "subsample": 0.3451022379108825}, "datetime": {"datetime": "2024-01-20 14:32:04", "elapsed": 478.153958, "delta": 0.000931}}
{"target": -13.496576245639963, "params": {"colsample_bytree": 0.39655773407388617, "eta": 0.05655274246466613, "gamma": 691.7918371806553, "max_depth": 3.0, "min_child_weight": 3962.577003272725, "num_boost_round": 38.0, "subsample": 0.3451022379108825}, "datetime": {"datetime": "2024-01-20 14:32:04", "elapsed": 478.154946, "delta": 0.000988}}
{"target": -13.496505079886797, "params": {"colsample_bytree": 0.39655773407388617, "eta": 0.05655274246466613, "gamma": 691.7918371806553, "max_depth": 3.0, "min_child_weight": 3962.577003272725, "num_boost_round": 39.0, "subsample": 0.3451022379108825}, "datetime": {"datetime": "2024-01-20 14:32:04", "elapsed": 478.155921, "delta": 0.000975}}
{"target": -13.496584788215921, "params": {"colsample_bytree": 0.39655773407388617, "eta": 0.05655274246466613, "gamma": 691.7918371806553, "max_depth": 3.0, "min_child_weight": 3962.577003272725, "num_boost_round": 40.0, "subsample": 0.3451022379108825}, "datetime": {"datetime": "2024-01-20 14:32:04", "elapsed": 478.156881, "delta": 0.00096}}
{"target": -13.496437087954352, "params": {"colsample_bytree": 0.39655773407388617, "eta": 0.05655274246466613, "gamma": 691.7918371806553, "max_depth": 3.0, "min_child_weight": 3962.577003272725, "num_boost_round": 41.0, "subsample": 0.3451022379108825}, "datetime": {"datetime": "2024-01-20 14:32:04", "elapsed": 478.157819, "delta": 0.000938}}
{"target": -13.496490327823935, "params": {"colsample_bytree": 0.39655773407388617, "eta": 0.05655274246466613, "gamma": 691.7918371806553, "max_depth": 3.0, "min_child_weight": 3962.577003272725, "num_boost_round": 42.0, "subsample": 0.3451022379108825}, "datetime": {"datetime": "2024-01-20 14:32:04", "elapsed": 478.15878, "delta": 0.000961}}
{"target": -13.496595886142575, "params": {"colsample_bytree": 0.39655773407388617, "eta": 0.05655274246466613, "gamma": 691.7918371806553, "max_depth": 3.0, "min_child_weight": 3962.577003272725, "num_boost_round": 43.0, "subsample": 0.3451022379108825}, "datetime": {"datetime": "2024-01-20 14:32:04", "elapsed": 478.159758, "delta": 0.000978}}
{"target": -13.496808427028034, "params": {"colsample_bytree": 0.39655773407388617, "eta": 0.05655274246466613, "gamma": 691.7918371806553, "max_depth": 3.0, "min_child_weight": 3962.577003272725, "num_boost_round": 44.0, "subsample": 0.3451022379108825}, "datetime": {"datetime": "2024-01-20 14:32:04", "elapsed": 478.160706, "delta": 0.000948}}
{"target": -13.496708074446422, "params": {"colsample_bytree": 0.39655773407388617, "eta": 0.05655274246466613, "gamma": 691.7918371806553, "max_depth": 3.0, "min_child_weight": 3962.577003272725, "num_boost_round": 45.0, "subsample": 0.3451022379108825}, "datetime": {"datetime": "2024-01-20 14:32:04", "elapsed": 478.161673, "delta": 0.000967}}
{"target": -13.496703177277249, "params": {"colsample_bytree": 0.39655773407388617, "eta": 0.05655274246466613, "gamma": 691.7918371806553, "max_depth": 3.0, "min_child_weight": 3962.577003272725, "num_boost_round": 46.0, "subsample": 0.3451022379108825}, "datetime": {"datetime": "2024-01-20 14:32:04", "elapsed": 478.162677, "delta": 0.001004}}
{"target": -13.496600400275764, "params": {"colsample_bytree": 0.39655773407388617, "eta": 0.05655274246466613, "gamma": 691.7918371806553, "max_depth": 3.0, "min_child_weight": 3962.577003272725, "num_boost_round": 47.0, "subsample": 0.3451022379108825}, "datetime": {"datetime": "2024-01-20 14:32:04", "elapsed": 478.163634, "delta": 0.000957}}
{"target": -13.496568311641937, "params": {"colsample_bytree": 0.39655773407388617, "eta": 0.05655274246466613, "gamma": 691.7918371806553, "max_depth": 3.0, "min_child_weight": 3962.577003272725, "num_boost_round": 48.0, "subsample": 0.3451022379108825}, "datetime": {"datetime": "2024-01-20 14:32:04", "elapsed": 478.164582, "delta": 0.000948}}
{"target": -13.49666579566165, "params": {"colsample_bytree": 0.39655773407388617, "eta": 0.05655274246466613, "gamma": 691.7918371806553, "max_depth": 3.0, "min_child_weight": 3962.577003272725, "num_boost_round": 49.0, "subsample": 0.3451022379108825}, "datetime": {"datetime": "2024-01-20 14:32:04", "elapsed": 478.165608, "delta": 0.001026}}
{"target": -13.496603757481587, "params": {"colsample_bytree": 0.39655773407388617, "eta": 0.05655274246466613, "gamma": 691.7918371806553, "max_depth": 3.0, "min_child_weight": 3962.577003272725, "num_boost_round": 50.0, "subsample": 0.3451022379108825}, "datetime": {"datetime": "2024-01-20 14:32:04", "elapsed": 478.16656, "delta": 0.000952}}
{"target": -13.496595083263887, "params": {"colsample_bytree": 0.39655773407388617, "eta": 0.05655274246466613, "gamma": 691.7918371806553, "max_depth": 3.0, "min_child_weight": 3962.577003272725, "num_boost_round": 51.0, "subsample": 0.3451022379108825}, "datetime": {"datetime": "2024-01-20 14:32:04", "elapsed": 478.167512, "delta": 0.000952}}
{"target": -13.496608543094458, "params": {"colsample_bytree": 0.39655773407388617, "eta": 0.05655274246466613, "gamma": 691.7918371806553, "max_depth": 3.0, "min_child_weight": 3962.577003272725, "num_boost_round": 52.0, "subsample": 0.3451022379108825}, "datetime": {"datetime": "2024-01-20 14:32:04", "elapsed": 478.168465, "delta": 0.000953}}
{"target": -13.496577047740505, "params": {"colsample_bytree": 0.39655773407388617, "eta": 0.05655274246466613, "gamma": 691.7918371806553, "max_depth": 3.0, "min_child_weight": 3962.577003272725, "num_boost_round": 53.0, "subsample": 0.3451022379108825}, "datetime": {"datetime": "2024-01-20 14:32:04", "elapsed": 478.169423, "delta": 0.000958}}
{"target": -13.497836529888566, "params": {"colsample_bytree": 0.6655927718745945, "eta": 0.04672308313125129, "gamma": 739.1087211338538, "max_depth": 2.0, "min_child_weight": 3986.347671555474, "num_boost_round": 1.0, "subsample": 0.8534165664108629}, "datetime": {"datetime": "2024-01-20 14:32:26", "elapsed": 500.070654, "delta": 21.901231}}
{"target": -13.497929263305416, "params": {"colsample_bytree": 0.6655927718745945, "eta": 0.04672308313125129, "gamma": 739.1087211338538, "max_depth": 2.0, "min_child_weight": 3986.347671555474, "num_boost_round": 2.0, "subsample": 0.8534165664108629}, "datetime": {"datetime": "2024-01-20 14:32:26", "elapsed": 500.072286, "delta": 0.001632}}
