{"target": -15.162602998846538, "params": {"colsample_bytree": 0.9938449995684987, "eta": 0.03632475065296399, "gamma": 634.3301045355896, "max_depth": 4.0, "min_child_weight": 4148.02561294675, "num_boost_round": 6.0, "subsample": 0.26559738952415723}, "datetime": {"datetime": "2024-01-20 17:24:27", "elapsed": 10824.789918, "delta": 0.010737}}
{"target": -15.161608324007007, "params": {"colsample_bytree": 0.9938449995684987, "eta": 0.03632475065296399, "gamma": 634.3301045355896, "max_depth": 4.0, "min_child_weight": 4148.02561294675, "num_boost_round": 7.0, "subsample": 0.26559738952415723}, "datetime": {"datetime": "2024-01-20 17:24:27", "elapsed": 10824.800027, "delta": 0.010109}}
{"target": -15.160360060439258, "params": {"colsample_bytree": 0.9938449995684987, "eta": 0.03632475065296399, "gamma": 634.3301045355896, "max_depth": 4.0, "min_child_weight": 4148.02561294675, "num_boost_round": 8.0, "subsample": 0.26559738952415723}, "datetime": {"datetime": "2024-01-20 17:24:27", "elapsed": 10824.809881, "delta": 0.009854}}
{"target": -15.159392205924405, "params": {"colsample_bytree": 0.9938449995684987, "eta": 0.03632475065296399, "gamma": 634.3301045355896, "max_depth": 4.0, "min_child_weight": 4148.02561294675, "num_boost_round": 9.0, "subsample": 0.26559738952415723}, "datetime": {"datetime": "2024-01-20 17:24:27", "elapsed": 10824.818659, "delta": 0.008778}}
{"target": -15.158345368231313, "params": {"colsample_bytree": 0.9938449995684987, "eta": 0.03632475065296399, "gamma": 634.3301045355896, "max_depth": 4.0, "min_child_weight": 4148.02561294675, "num_boost_round": 10.0, "subsample": 0.26559738952415723}, "datetime": {"datetime": "2024-01-20 17:24:27", "elapsed": 10824.826259, "delta": 0.0076}}
{"target": -15.15759769277948, "params": {"colsample_bytree": 0.9938449995684987, "eta": 0.03632475065296399, "gamma": 634.3301045355896, "max_depth": 4.0, "min_child_weight": 4148.02561294675, "num_boost_round": 11.0, "subsample": 0.26559738952415723}, "datetime": {"datetime": "2024-01-20 17:24:27", "elapsed": 10824.833577, "delta": 0.007318}}
{"target": -15.15697629128034, "params": {"colsample_bytree": 0.9938449995684987, "eta": 0.03632475065296399, "gamma": 634.3301045355896, "max_depth": 4.0, "min_child_weight": 4148.02561294675, "num_boost_round": 12.0, "subsample": 0.26559738952415723}, "datetime": {"datetime": "2024-01-20 17:24:27", "elapsed": 10824.841235, "delta": 0.007658}}
{"target": -15.156556094136878, "params": {"colsample_bytree": 0.9938449995684987, "eta": 0.03632475065296399, "gamma": 634.3301045355896, "max_depth": 4.0, "min_child_weight": 4148.02561294675, "num_boost_round": 13.0, "subsample": 0.26559738952415723}, "datetime": {"datetime": "2024-01-20 17:24:27", "elapsed": 10824.848598, "delta": 0.007363}}
{"target": -15.155780730772909, "params": {"colsample_bytree": 0.9938449995684987, "eta": 0.03632475065296399, "gamma": 634.3301045355896, "max_depth": 4.0, "min_child_weight": 4148.02561294675, "num_boost_round": 14.0, "subsample": 0.26559738952415723}, "datetime": {"datetime": "2024-01-20 17:24:27", "elapsed": 10824.855838, "delta": 0.00724}}
{"target": -15.155484474491981, "params": {"colsample_bytree": 0.9938449995684987, "eta": 0.03632475065296399, "gamma": 634.3301045355896, "max_depth": 4.0, "min_child_weight": 4148.02561294675, "num_boost_round": 15.0, "subsample": 0.26559738952415723}, "datetime": {"datetime": "2024-01-20 17:24:27", "elapsed": 10824.86355, "delta": 0.007712}}
{"target": -15.155065341487356, "params": {"colsample_bytree": 0.9938449995684987, "eta": 0.03632475065296399, "gamma": 634.3301045355896, "max_depth": 4.0, "min_child_weight": 4148.02561294675, "num_boost_round": 16.0, "subsample": 0.26559738952415723}, "datetime": {"datetime": "2024-01-20 17:24:27", "elapsed": 10824.872042, "delta": 0.008492}}
{"target": -15.154518482289305, "params": {"colsample_bytree": 0.9938449995684987, "eta": 0.03632475065296399, "gamma": 634.3301045355896, "max_depth": 4.0, "min_child_weight": 4148.02561294675, "num_boost_round": 17.0, "subsample": 0.26559738952415723}, "datetime": {"datetime": "2024-01-20 17:24:27", "elapsed": 10824.881182, "delta": 0.00914}}
{"target": -15.154209027029445, "params": {"colsample_bytree": 0.9938449995684987, "eta": 0.03632475065296399, "gamma": 634.3301045355896, "max_depth": 4.0, "min_child_weight": 4148.02561294675, "num_boost_round": 18.0, "subsample": 0.26559738952415723}, "datetime": {"datetime": "2024-01-20 17:24:27", "elapsed": 10824.891208, "delta": 0.010026}}
{"target": -15.153933905778203, "params": {"colsample_bytree": 0.9938449995684987, "eta": 0.03632475065296399, "gamma": 634.3301045355896, "max_depth": 4.0, "min_child_weight": 4148.02561294675, "num_boost_round": 19.0, "subsample": 0.26559738952415723}, "datetime": {"datetime": "2024-01-20 17:24:27", "elapsed": 10824.900848, "delta": 0.00964}}
{"target": -15.15380669918434, "params": {"colsample_bytree": 0.9938449995684987, "eta": 0.03632475065296399, "gamma": 634.3301045355896, "max_depth": 4.0, "min_child_weight": 4148.02561294675, "num_boost_round": 20.0, "subsample": 0.26559738952415723}, "datetime": {"datetime": "2024-01-20 17:24:27", "elapsed": 10824.909291, "delta": 0.008443}}
{"target": -15.153237909760865, "params": {"colsample_bytree": 0.9938449995684987, "eta": 0.03632475065296399, "gamma": 634.3301045355896, "max_depth": 4.0, "min_child_weight": 4148.02561294675, "num_boost_round": 21.0, "subsample": 0.26559738952415723}, "datetime": {"datetime": "2024-01-20 17:24:27", "elapsed": 10824.917194, "delta": 0.007903}}
{"target": -15.152674470411725, "params": {"colsample_bytree": 0.9938449995684987, "eta": 0.03632475065296399, "gamma": 634.3301045355896, "max_depth": 4.0, "min_child_weight": 4148.02561294675, "num_boost_round": 22.0, "subsample": 0.26559738952415723}, "datetime": {"datetime": "2024-01-20 17:24:27", "elapsed": 10824.924593, "delta": 0.007399}}
{"target": -15.152326103840737, "params": {"colsample_bytree": 0.9938449995684987, "eta": 0.03632475065296399, "gamma": 634.3301045355896, "max_depth": 4.0, "min_child_weight": 4148.02561294675, "num_boost_round": 23.0, "subsample": 0.26559738952415723}, "datetime": {"datetime": "2024-01-20 17:24:27", "elapsed": 10824.932135, "delta": 0.007542}}
{"target": -15.152001673308387, "params": {"colsample_bytree": 0.9938449995684987, "eta": 0.03632475065296399, "gamma": 634.3301045355896, "max_depth": 4.0, "min_child_weight": 4148.02561294675, "num_boost_round": 24.0, "subsample": 0.26559738952415723}, "datetime": {"datetime": "2024-01-20 17:24:27", "elapsed": 10824.939729, "delta": 0.007594}}
{"target": -15.151806279535547, "params": {"colsample_bytree": 0.9938449995684987, "eta": 0.03632475065296399, "gamma": 634.3301045355896, "max_depth": 4.0, "min_child_weight": 4148.02561294675, "num_boost_round": 25.0, "subsample": 0.26559738952415723}, "datetime": {"datetime": "2024-01-20 17:24:27", "elapsed": 10824.947138, "delta": 0.007409}}
{"target": -15.151716114718074, "params": {"colsample_bytree": 0.9938449995684987, "eta": 0.03632475065296399, "gamma": 634.3301045355896, "max_depth": 4.0, "min_child_weight": 4148.02561294675, "num_boost_round": 26.0, "subsample": 0.26559738952415723}, "datetime": {"datetime": "2024-01-20 17:24:27", "elapsed": 10824.955051, "delta": 0.007913}}
{"target": -15.151816816740915, "params": {"colsample_bytree": 0.9938449995684987, "eta": 0.03632475065296399, "gamma": 634.3301045355896, "max_depth": 4.0, "min_child_weight": 4148.02561294675, "num_boost_round": 27.0, "subsample": 0.26559738952415723}, "datetime": {"datetime": "2024-01-20 17:24:27", "elapsed": 10824.964131, "delta": 0.00908}}
{"target": -15.151657535238366, "params": {"colsample_bytree": 0.9938449995684987, "eta": 0.03632475065296399, "gamma": 634.3301045355896, "max_depth": 4.0, "min_child_weight": 4148.02561294675, "num_boost_round": 28.0, "subsample": 0.26559738952415723}, "datetime": {"datetime": "2024-01-20 17:24:27", "elapsed": 10824.972237, "delta": 0.008106}}
{"target": -15.151718729371874, "params": {"colsample_bytree": 0.9938449995684987, "eta": 0.03632475065296399, "gamma": 634.3301045355896, "max_depth": 4.0, "min_child_weight": 4148.02561294675, "num_boost_round": 29.0, "subsample": 0.26559738952415723}, "datetime": {"datetime": "2024-01-20 17:24:27", "elapsed": 10824.981125, "delta": 0.008888}}
{"target": -15.151789855796245, "params": {"colsample_bytree": 0.9938449995684987, "eta": 0.03632475065296399, "gamma": 634.3301045355896, "max_depth": 4.0, "min_child_weight": 4148.02561294675, "num_boost_round": 30.0, "subsample": 0.26559738952415723}, "datetime": {"datetime": "2024-01-20 17:24:27", "elapsed": 10824.990327, "delta": 0.009202}}
{"target": -15.151532092010735, "params": {"colsample_bytree": 0.9938449995684987, "eta": 0.03632475065296399, "gamma": 634.3301045355896, "max_depth": 4.0, "min_child_weight": 4148.02561294675, "num_boost_round": 31.0, "subsample": 0.26559738952415723}, "datetime": {"datetime": "2024-01-20 17:24:27", "elapsed": 10824.999164, "delta": 0.008837}}
{"target": -15.151468189132304, "params": {"colsample_bytree": 0.9938449995684987, "eta": 0.03632475065296399, "gamma": 634.3301045355896, "max_depth": 4.0, "min_child_weight": 4148.02561294675, "num_boost_round": 32.0, "subsample": 0.26559738952415723}, "datetime": {"datetime": "2024-01-20 17:24:27", "elapsed": 10825.008229, "delta": 0.009065}}
{"target": -15.151146778004044, "params": {"colsample_bytree": 0.9938449995684987, "eta": 0.03632475065296399, "gamma": 634.3301045355896, "max_depth": 4.0, "min_child_weight": 4148.02561294675, "num_boost_round": 33.0, "subsample": 0.26559738952415723}, "datetime": {"datetime": "2024-01-20 17:24:27", "elapsed": 10825.017908, "delta": 0.009679}}
{"target": -15.151255529592518, "params": {"colsample_bytree": 0.9938449995684987, "eta": 0.03632475065296399, "gamma": 634.3301045355896, "max_depth": 4.0, "min_child_weight": 4148.02561294675, "num_boost_round": 34.0, "subsample": 0.26559738952415723}, "datetime": {"datetime": "2024-01-20 17:24:27", "elapsed": 10825.026298, "delta": 0.00839}}
{"target": -15.151241347063547, "params": {"colsample_bytree": 0.9938449995684987, "eta": 0.03632475065296399, "gamma": 634.3301045355896, "max_depth": 4.0, "min_child_weight": 4148.02561294675, "num_boost_round": 35.0, "subsample": 0.26559738952415723}, "datetime": {"datetime": "2024-01-20 17:24:27", "elapsed": 10825.035445, "delta": 0.009147}}
{"target": -15.151143855877125, "params": {"colsample_bytree": 0.9938449995684987, "eta": 0.03632475065296399, "gamma": 634.3301045355896, "max_depth": 4.0, "min_child_weight": 4148.02561294675, "num_boost_round": 36.0, "subsample": 0.26559738952415723}, "datetime": {"datetime": "2024-01-20 17:24:27", "elapsed": 10825.046311, "delta": 0.010866}}
{"target": -15.151181898805623, "params": {"colsample_bytree": 0.9938449995684987, "eta": 0.03632475065296399, "gamma": 634.3301045355896, "max_depth": 4.0, "min_child_weight": 4148.02561294675, "num_boost_round": 37.0, "subsample": 0.26559738952415723}, "datetime": {"datetime": "2024-01-20 17:24:27", "elapsed": 10825.055055, "delta": 0.008744}}
{"target": -15.151216547619555, "params": {"colsample_bytree": 0.9938449995684987, "eta": 0.03632475065296399, "gamma": 634.3301045355896, "max_depth": 4.0, "min_child_weight": 4148.02561294675, "num_boost_round": 38.0, "subsample": 0.26559738952415723}, "datetime": {"datetime": "2024-01-20 17:24:27", "elapsed": 10825.064524, "delta": 0.009469}}
