{"target": -10.488170974154446, "params": {"colsample_bytree": 0.14306572356606861, "eta": 0.040888444201428495, "gamma": 778.2820497821166, "max_depth": 8.0, "min_child_weight": 4341.459463041891, "num_boost_round": 120.0, "subsample": 0.5410253077896117}, "datetime": {"datetime": "2024-01-20 13:34:17", "elapsed": 549.141162, "delta": 0.000975}}
{"target": -10.488205034984782, "params": {"colsample_bytree": 0.14306572356606861, "eta": 0.040888444201428495, "gamma": 778.2820497821166, "max_depth": 8.0, "min_child_weight": 4341.459463041891, "num_boost_round": 121.0, "subsample": 0.5410253077896117}, "datetime": {"datetime": "2024-01-20 13:34:17", "elapsed": 549.14214, "delta": 0.000978}}
{"target": -10.488085051052487, "params": {"colsample_bytree": 0.14306572356606861, "eta": 0.040888444201428495, "gamma": 778.2820497821166, "max_depth": 8.0, "min_child_weight": 4341.459463041891, "num_boost_round": 122.0, "subsample": 0.5410253077896117}, "datetime": {"datetime": "2024-01-20 13:34:17", "elapsed": 549.14312, "delta": 0.00098}}
{"target": -10.488212421388079, "params": {"colsample_bytree": 0.14306572356606861, "eta": 0.040888444201428495, "gamma": 778.2820497821166, "max_depth": 8.0, "min_child_weight": 4341.459463041891, "num_boost_round": 123.0, "subsample": 0.5410253077896117}, "datetime": {"datetime": "2024-01-20 13:34:17", "elapsed": 549.144101, "delta": 0.000981}}
{"target": -10.488167650861538, "params": {"colsample_bytree": 0.14306572356606861, "eta": 0.040888444201428495, "gamma": 778.2820497821166, "max_depth": 8.0, "min_child_weight": 4341.459463041891, "num_boost_round": 124.0, "subsample": 0.5410253077896117}, "datetime": {"datetime": "2024-01-20 13:34:17", "elapsed": 549.145072, "delta": 0.000971}}
{"target": -10.488184989086308, "params": {"colsample_bytree": 0.14306572356606861, "eta": 0.040888444201428495, "gamma": 778.2820497821166, "max_depth": 8.0, "min_child_weight": 4341.459463041891, "num_boost_round": 125.0, "subsample": 0.5410253077896117}, "datetime": {"datetime": "2024-01-20 13:34:17", "elapsed": 549.146043, "delta": 0.000971}}
{"target": -10.488159046976943, "params": {"colsample_bytree": 0.14306572356606861, "eta": 0.040888444201428495, "gamma": 778.2820497821166, "max_depth": 8.0, "min_child_weight": 4341.459463041891, "num_boost_round": 126.0, "subsample": 0.5410253077896117}, "datetime": {"datetime": "2024-01-20 13:34:17", "elapsed": 549.147025, "delta": 0.000982}}
{"target": -10.488195433653459, "params": {"colsample_bytree": 0.14306572356606861, "eta": 0.040888444201428495, "gamma": 778.2820497821166, "max_depth": 8.0, "min_child_weight": 4341.459463041891, "num_boost_round": 127.0, "subsample": 0.5410253077896117}, "datetime": {"datetime": "2024-01-20 13:34:17", "elapsed": 549.147998, "delta": 0.000973}}
{"target": -10.488287302117863, "params": {"colsample_bytree": 0.14306572356606861, "eta": 0.040888444201428495, "gamma": 778.2820497821166, "max_depth": 8.0, "min_child_weight": 4341.459463041891, "num_boost_round": 128.0, "subsample": 0.5410253077896117}, "datetime": {"datetime": "2024-01-20 13:34:17", "elapsed": 549.14898, "delta": 0.000982}}
{"target": -10.488276644850156, "params": {"colsample_bytree": 0.14306572356606861, "eta": 0.040888444201428495, "gamma": 778.2820497821166, "max_depth": 8.0, "min_child_weight": 4341.459463041891, "num_boost_round": 129.0, "subsample": 0.5410253077896117}, "datetime": {"datetime": "2024-01-20 13:34:17", "elapsed": 549.150004, "delta": 0.001024}}
{"target": -10.488403109560583, "params": {"colsample_bytree": 0.14306572356606861, "eta": 0.040888444201428495, "gamma": 778.2820497821166, "max_depth": 8.0, "min_child_weight": 4341.459463041891, "num_boost_round": 130.0, "subsample": 0.5410253077896117}, "datetime": {"datetime": "2024-01-20 13:34:17", "elapsed": 549.15098, "delta": 0.000976}}
{"target": -10.488310836589662, "params": {"colsample_bytree": 0.14306572356606861, "eta": 0.040888444201428495, "gamma": 778.2820497821166, "max_depth": 8.0, "min_child_weight": 4341.459463041891, "num_boost_round": 131.0, "subsample": 0.5410253077896117}, "datetime": {"datetime": "2024-01-20 13:34:17", "elapsed": 549.151958, "delta": 0.000978}}
{"target": -10.488353356790007, "params": {"colsample_bytree": 0.14306572356606861, "eta": 0.040888444201428495, "gamma": 778.2820497821166, "max_depth": 8.0, "min_child_weight": 4341.459463041891, "num_boost_round": 132.0, "subsample": 0.5410253077896117}, "datetime": {"datetime": "2024-01-20 13:34:17", "elapsed": 549.15294, "delta": 0.000982}}
{"target": -10.488440713288194, "params": {"colsample_bytree": 0.14306572356606861, "eta": 0.040888444201428495, "gamma": 778.2820497821166, "max_depth": 8.0, "min_child_weight": 4341.459463041891, "num_boost_round": 133.0, "subsample": 0.5410253077896117}, "datetime": {"datetime": "2024-01-20 13:34:17", "elapsed": 549.153918, "delta": 0.000978}}
{"target": -10.48843581905464, "params": {"colsample_bytree": 0.14306572356606861, "eta": 0.040888444201428495, "gamma": 778.2820497821166, "max_depth": 8.0, "min_child_weight": 4341.459463041891, "num_boost_round": 134.0, "subsample": 0.5410253077896117}, "datetime": {"datetime": "2024-01-20 13:34:17", "elapsed": 549.154893, "delta": 0.000975}}
{"target": -10.488587733837328, "params": {"colsample_bytree": 0.14306572356606861, "eta": 0.040888444201428495, "gamma": 778.2820497821166, "max_depth": 8.0, "min_child_weight": 4341.459463041891, "num_boost_round": 135.0, "subsample": 0.5410253077896117}, "datetime": {"datetime": "2024-01-20 13:34:17", "elapsed": 549.155878, "delta": 0.000985}}
{"target": -10.488702798986534, "params": {"colsample_bytree": 0.14306572356606861, "eta": 0.040888444201428495, "gamma": 778.2820497821166, "max_depth": 8.0, "min_child_weight": 4341.459463041891, "num_boost_round": 136.0, "subsample": 0.5410253077896117}, "datetime": {"datetime": "2024-01-20 13:34:17", "elapsed": 549.156855, "delta": 0.000977}}
{"target": -10.488731821456911, "params": {"colsample_bytree": 0.14306572356606861, "eta": 0.040888444201428495, "gamma": 778.2820497821166, "max_depth": 8.0, "min_child_weight": 4341.459463041891, "num_boost_round": 137.0, "subsample": 0.5410253077896117}, "datetime": {"datetime": "2024-01-20 13:34:17", "elapsed": 549.158002, "delta": 0.001147}}
{"target": -10.488919216330393, "params": {"colsample_bytree": 0.14306572356606861, "eta": 0.040888444201428495, "gamma": 778.2820497821166, "max_depth": 8.0, "min_child_weight": 4341.459463041891, "num_boost_round": 138.0, "subsample": 0.5410253077896117}, "datetime": {"datetime": "2024-01-20 13:34:17", "elapsed": 549.159139, "delta": 0.001137}}
{"target": -10.48896612297217, "params": {"colsample_bytree": 0.14306572356606861, "eta": 0.040888444201428495, "gamma": 778.2820497821166, "max_depth": 8.0, "min_child_weight": 4341.459463041891, "num_boost_round": 139.0, "subsample": 0.5410253077896117}, "datetime": {"datetime": "2024-01-20 13:34:17", "elapsed": 549.160215, "delta": 0.001076}}
{"target": -10.489081009725068, "params": {"colsample_bytree": 0.14306572356606861, "eta": 0.040888444201428495, "gamma": 778.2820497821166, "max_depth": 8.0, "min_child_weight": 4341.459463041891, "num_boost_round": 140.0, "subsample": 0.5410253077896117}, "datetime": {"datetime": "2024-01-20 13:34:17", "elapsed": 549.161211, "delta": 0.000996}}
{"target": -10.489064005334535, "params": {"colsample_bytree": 0.14306572356606861, "eta": 0.040888444201428495, "gamma": 778.2820497821166, "max_depth": 8.0, "min_child_weight": 4341.459463041891, "num_boost_round": 141.0, "subsample": 0.5410253077896117}, "datetime": {"datetime": "2024-01-20 13:34:17", "elapsed": 549.162213, "delta": 0.001002}}
{"target": -10.489128404333123, "params": {"colsample_bytree": 0.14306572356606861, "eta": 0.040888444201428495, "gamma": 778.2820497821166, "max_depth": 8.0, "min_child_weight": 4341.459463041891, "num_boost_round": 142.0, "subsample": 0.5410253077896117}, "datetime": {"datetime": "2024-01-20 13:34:17", "elapsed": 549.163212, "delta": 0.000999}}
{"target": -10.48922807644417, "params": {"colsample_bytree": 0.14306572356606861, "eta": 0.040888444201428495, "gamma": 778.2820497821166, "max_depth": 8.0, "min_child_weight": 4341.459463041891, "num_boost_round": 143.0, "subsample": 0.5410253077896117}, "datetime": {"datetime": "2024-01-20 13:34:17", "elapsed": 549.164219, "delta": 0.001007}}
{"target": -10.489280535621486, "params": {"colsample_bytree": 0.14306572356606861, "eta": 0.040888444201428495, "gamma": 778.2820497821166, "max_depth": 8.0, "min_child_weight": 4341.459463041891, "num_boost_round": 144.0, "subsample": 0.5410253077896117}, "datetime": {"datetime": "2024-01-20 13:34:17", "elapsed": 549.165217, "delta": 0.000998}}
{"target": -10.489495744132372, "params": {"colsample_bytree": 0.14306572356606861, "eta": 0.040888444201428495, "gamma": 778.2820497821166, "max_depth": 8.0, "min_child_weight": 4341.459463041891, "num_boost_round": 145.0, "subsample": 0.5410253077896117}, "datetime": {"datetime": "2024-01-20 13:34:17", "elapsed": 549.166225, "delta": 0.001008}}
{"target": -10.489725631787444, "params": {"colsample_bytree": 0.14306572356606861, "eta": 0.040888444201428495, "gamma": 778.2820497821166, "max_depth": 8.0, "min_child_weight": 4341.459463041891, "num_boost_round": 146.0, "subsample": 0.5410253077896117}, "datetime": {"datetime": "2024-01-20 13:34:17", "elapsed": 549.167229, "delta": 0.001004}}
{"target": -10.489776662215466, "params": {"colsample_bytree": 0.14306572356606861, "eta": 0.040888444201428495, "gamma": 778.2820497821166, "max_depth": 8.0, "min_child_weight": 4341.459463041891, "num_boost_round": 147.0, "subsample": 0.5410253077896117}, "datetime": {"datetime": "2024-01-20 13:34:17", "elapsed": 549.168224, "delta": 0.000995}}
{"target": -10.489833765138492, "params": {"colsample_bytree": 0.14306572356606861, "eta": 0.040888444201428495, "gamma": 778.2820497821166, "max_depth": 8.0, "min_child_weight": 4341.459463041891, "num_boost_round": 148.0, "subsample": 0.5410253077896117}, "datetime": {"datetime": "2024-01-20 13:34:17", "elapsed": 549.169218, "delta": 0.000994}}
{"target": -10.489811065635653, "params": {"colsample_bytree": 0.14306572356606861, "eta": 0.040888444201428495, "gamma": 778.2820497821166, "max_depth": 8.0, "min_child_weight": 4341.459463041891, "num_boost_round": 149.0, "subsample": 0.5410253077896117}, "datetime": {"datetime": "2024-01-20 13:34:17", "elapsed": 549.170278, "delta": 0.00106}}
{"target": -10.476162754887426, "params": {"colsample_bytree": 0.8067029052303122, "eta": 0.06108771944012162, "gamma": 713.9100373804446, "max_depth": 2.0, "min_child_weight": 4177.570413472215, "num_boost_round": 1.0, "subsample": 0.9503299483834238}, "datetime": {"datetime": "2024-01-20 13:34:42", "elapsed": 574.490097, "delta": 25.319819}}
{"target": -10.476271413797388, "params": {"colsample_bytree": 0.8067029052303122, "eta": 0.06108771944012162, "gamma": 713.9100373804446, "max_depth": 2.0, "min_child_weight": 4177.570413472215, "num_boost_round": 2.0, "subsample": 0.9503299483834238}, "datetime": {"datetime": "2024-01-20 13:34:42", "elapsed": 574.491646, "delta": 0.001549}}
{"target": -10.476371861433947, "params": {"colsample_bytree": 0.8067029052303122, "eta": 0.06108771944012162, "gamma": 713.9100373804446, "max_depth": 2.0, "min_child_weight": 4177.570413472215, "num_boost_round": 3.0, "subsample": 0.9503299483834238}, "datetime": {"datetime": "2024-01-20 13:34:42", "elapsed": 574.492695, "delta": 0.001049}}
{"target": -10.476328340215769, "params": {"colsample_bytree": 0.8067029052303122, "eta": 0.06108771944012162, "gamma": 713.9100373804446, "max_depth": 2.0, "min_child_weight": 4177.570413472215, "num_boost_round": 4.0, "subsample": 0.9503299483834238}, "datetime": {"datetime": "2024-01-20 13:34:42", "elapsed": 574.493849, "delta": 0.001154}}
{"target": -10.476620454606952, "params": {"colsample_bytree": 0.8067029052303122, "eta": 0.06108771944012162, "gamma": 713.9100373804446, "max_depth": 2.0, "min_child_weight": 4177.570413472215, "num_boost_round": 5.0, "subsample": 0.9503299483834238}, "datetime": {"datetime": "2024-01-20 13:34:42", "elapsed": 574.494874, "delta": 0.001025}}
{"target": -10.477097675370558, "params": {"colsample_bytree": 0.8067029052303122, "eta": 0.06108771944012162, "gamma": 713.9100373804446, "max_depth": 2.0, "min_child_weight": 4177.570413472215, "num_boost_round": 6.0, "subsample": 0.9503299483834238}, "datetime": {"datetime": "2024-01-20 13:34:42", "elapsed": 574.495903, "delta": 0.001029}}
{"target": -10.477492678923367, "params": {"colsample_bytree": 0.8067029052303122, "eta": 0.06108771944012162, "gamma": 713.9100373804446, "max_depth": 2.0, "min_child_weight": 4177.570413472215, "num_boost_round": 7.0, "subsample": 0.9503299483834238}, "datetime": {"datetime": "2024-01-20 13:34:42", "elapsed": 574.497015, "delta": 0.001112}}
{"target": -10.477753931482827, "params": {"colsample_bytree": 0.8067029052303122, "eta": 0.06108771944012162, "gamma": 713.9100373804446, "max_depth": 2.0, "min_child_weight": 4177.570413472215, "num_boost_round": 8.0, "subsample": 0.9503299483834238}, "datetime": {"datetime": "2024-01-20 13:34:42", "elapsed": 574.498163, "delta": 0.001148}}
{"target": -10.477959897819694, "params": {"colsample_bytree": 0.8067029052303122, "eta": 0.06108771944012162, "gamma": 713.9100373804446, "max_depth": 2.0, "min_child_weight": 4177.570413472215, "num_boost_round": 9.0, "subsample": 0.9503299483834238}, "datetime": {"datetime": "2024-01-20 13:34:42", "elapsed": 574.499195, "delta": 0.001032}}
{"target": -10.47820546735586, "params": {"colsample_bytree": 0.8067029052303122, "eta": 0.06108771944012162, "gamma": 713.9100373804446, "max_depth": 2.0, "min_child_weight": 4177.570413472215, "num_boost_round": 10.0, "subsample": 0.9503299483834238}, "datetime": {"datetime": "2024-01-20 13:34:42", "elapsed": 574.500422, "delta": 0.001227}}
{"target": -10.478344400045135, "params": {"colsample_bytree": 0.8067029052303122, "eta": 0.06108771944012162, "gamma": 713.9100373804446, "max_depth": 2.0, "min_child_weight": 4177.570413472215, "num_boost_round": 11.0, "subsample": 0.9503299483834238}, "datetime": {"datetime": "2024-01-20 13:34:42", "elapsed": 574.501472, "delta": 0.00105}}
{"target": -10.478613280724836, "params": {"colsample_bytree": 0.8067029052303122, "eta": 0.06108771944012162, "gamma": 713.9100373804446, "max_depth": 2.0, "min_child_weight": 4177.570413472215, "num_boost_round": 12.0, "subsample": 0.9503299483834238}, "datetime": {"datetime": "2024-01-20 13:34:42", "elapsed": 574.502524, "delta": 0.001052}}
{"target": -10.479004067264858, "params": {"colsample_bytree": 0.8067029052303122, "eta": 0.06108771944012162, "gamma": 713.9100373804446, "max_depth": 2.0, "min_child_weight": 4177.570413472215, "num_boost_round": 13.0, "subsample": 0.9503299483834238}, "datetime": {"datetime": "2024-01-20 13:34:42", "elapsed": 574.503559, "delta": 0.001035}}
{"target": -10.479311662823365, "params": {"colsample_bytree": 0.8067029052303122, "eta": 0.06108771944012162, "gamma": 713.9100373804446, "max_depth": 2.0, "min_child_weight": 4177.570413472215, "num_boost_round": 14.0, "subsample": 0.9503299483834238}, "datetime": {"datetime": "2024-01-20 13:34:42", "elapsed": 574.504592, "delta": 0.001033}}
{"target": -10.479453566424404, "params": {"colsample_bytree": 0.8067029052303122, "eta": 0.06108771944012162, "gamma": 713.9100373804446, "max_depth": 2.0, "min_child_weight": 4177.570413472215, "num_boost_round": 15.0, "subsample": 0.9503299483834238}, "datetime": {"datetime": "2024-01-20 13:34:42", "elapsed": 574.505622, "delta": 0.00103}}
{"target": -10.479679949240595, "params": {"colsample_bytree": 0.8067029052303122, "eta": 0.06108771944012162, "gamma": 713.9100373804446, "max_depth": 2.0, "min_child_weight": 4177.570413472215, "num_boost_round": 16.0, "subsample": 0.9503299483834238}, "datetime": {"datetime": "2024-01-20 13:34:42", "elapsed": 574.506651, "delta": 0.001029}}
{"target": -10.480064582804612, "params": {"colsample_bytree": 0.8067029052303122, "eta": 0.06108771944012162, "gamma": 713.9100373804446, "max_depth": 2.0, "min_child_weight": 4177.570413472215, "num_boost_round": 17.0, "subsample": 0.9503299483834238}, "datetime": {"datetime": "2024-01-20 13:34:42", "elapsed": 574.507683, "delta": 0.001032}}
{"target": -10.48027690244844, "params": {"colsample_bytree": 0.8067029052303122, "eta": 0.06108771944012162, "gamma": 713.9100373804446, "max_depth": 2.0, "min_child_weight": 4177.570413472215, "num_boost_round": 18.0, "subsample": 0.9503299483834238}, "datetime": {"datetime": "2024-01-20 13:34:42", "elapsed": 574.508725, "delta": 0.001042}}
{"target": -10.480019099148873, "params": {"colsample_bytree": 0.8067029052303122, "eta": 0.06108771944012162, "gamma": 713.9100373804446, "max_depth": 2.0, "min_child_weight": 4177.570413472215, "num_boost_round": 19.0, "subsample": 0.9503299483834238}, "datetime": {"datetime": "2024-01-20 13:34:42", "elapsed": 574.509874, "delta": 0.001149}}
{"target": -10.480082915013256, "params": {"colsample_bytree": 0.8067029052303122, "eta": 0.06108771944012162, "gamma": 713.9100373804446, "max_depth": 2.0, "min_child_weight": 4177.570413472215, "num_boost_round": 20.0, "subsample": 0.9503299483834238}, "datetime": {"datetime": "2024-01-20 13:34:42", "elapsed": 574.51107, "delta": 0.001196}}
{"target": -10.480144222728828, "params": {"colsample_bytree": 0.8067029052303122, "eta": 0.06108771944012162, "gamma": 713.9100373804446, "max_depth": 2.0, "min_child_weight": 4177.570413472215, "num_boost_round": 21.0, "subsample": 0.9503299483834238}, "datetime": {"datetime": "2024-01-20 13:34:42", "elapsed": 574.512248, "delta": 0.001178}}
{"target": -10.48041847972615, "params": {"colsample_bytree": 0.8067029052303122, "eta": 0.06108771944012162, "gamma": 713.9100373804446, "max_depth": 2.0, "min_child_weight": 4177.570413472215, "num_boost_round": 22.0, "subsample": 0.9503299483834238}, "datetime": {"datetime": "2024-01-20 13:34:42", "elapsed": 574.513325, "delta": 0.001077}}
{"target": -10.480423710922162, "params": {"colsample_bytree": 0.8067029052303122, "eta": 0.06108771944012162, "gamma": 713.9100373804446, "max_depth": 2.0, "min_child_weight": 4177.570413472215, "num_boost_round": 23.0, "subsample": 0.9503299483834238}, "datetime": {"datetime": "2024-01-20 13:34:42", "elapsed": 574.514385, "delta": 0.00106}}
{"target": -10.480799099543601, "params": {"colsample_bytree": 0.8067029052303122, "eta": 0.06108771944012162, "gamma": 713.9100373804446, "max_depth": 2.0, "min_child_weight": 4177.570413472215, "num_boost_round": 24.0, "subsample": 0.9503299483834238}, "datetime": {"datetime": "2024-01-20 13:34:42", "elapsed": 574.515448, "delta": 0.001063}}
{"target": -10.481066368632494, "params": {"colsample_bytree": 0.8067029052303122, "eta": 0.06108771944012162, "gamma": 713.9100373804446, "max_depth": 2.0, "min_child_weight": 4177.570413472215, "num_boost_round": 25.0, "subsample": 0.9503299483834238}, "datetime": {"datetime": "2024-01-20 13:34:42", "elapsed": 574.516503, "delta": 0.001055}}
{"target": -10.481284921666187, "params": {"colsample_bytree": 0.8067029052303122, "eta": 0.06108771944012162, "gamma": 713.9100373804446, "max_depth": 2.0, "min_child_weight": 4177.570413472215, "num_boost_round": 26.0, "subsample": 0.9503299483834238}, "datetime": {"datetime": "2024-01-20 13:34:42", "elapsed": 574.517613, "delta": 0.00111}}
{"target": -10.476121129899475, "params": {"colsample_bytree": 0.8789691678798548, "eta": 0.004067883001030922, "gamma": 427.2659815730752, "max_depth": 2.0, "min_child_weight": 4286.655751831904, "num_boost_round": 1.0, "subsample": 0.4715830030224538}, "datetime": {"datetime": "2024-01-20 13:35:00", "elapsed": 592.277275, "delta": 17.759662}}
{"target": -10.476098386788461, "params": {"colsample_bytree": 0.8789691678798548, "eta": 0.004067883001030922, "gamma": 427.2659815730752, "max_depth": 2.0, "min_child_weight": 4286.655751831904, "num_boost_round": 2.0, "subsample": 0.4715830030224538}, "datetime": {"datetime": "2024-01-20 13:35:00", "elapsed": 592.279925, "delta": 0.00265}}
{"target": -10.476066720080034, "params": {"colsample_bytree": 0.8789691678798548, "eta": 0.004067883001030922, "gamma": 427.2659815730752, "max_depth": 2.0, "min_child_weight": 4286.655751831904, "num_boost_round": 3.0, "subsample": 0.4715830030224538}, "datetime": {"datetime": "2024-01-20 13:35:00", "elapsed": 592.281067, "delta": 0.001142}}
{"target": -10.476024896895815, "params": {"colsample_bytree": 0.8789691678798548, "eta": 0.004067883001030922, "gamma": 427.2659815730752, "max_depth": 2.0, "min_child_weight": 4286.655751831904, "num_boost_round": 4.0, "subsample": 0.4715830030224538}, "datetime": {"datetime": "2024-01-20 13:35:00", "elapsed": 592.282166, "delta": 0.001099}}
{"target": -10.476007371740916, "params": {"colsample_bytree": 0.8789691678798548, "eta": 0.004067883001030922, "gamma": 427.2659815730752, "max_depth": 2.0, "min_child_weight": 4286.655751831904, "num_boost_round": 5.0, "subsample": 0.4715830030224538}, "datetime": {"datetime": "2024-01-20 13:35:00", "elapsed": 592.28324, "delta": 0.001074}}
{"target": -10.476003948884449, "params": {"colsample_bytree": 0.8789691678798548, "eta": 0.004067883001030922, "gamma": 427.2659815730752, "max_depth": 2.0, "min_child_weight": 4286.655751831904, "num_boost_round": 6.0, "subsample": 0.4715830030224538}, "datetime": {"datetime": "2024-01-20 13:35:00", "elapsed": 592.284415, "delta": 0.001175}}
{"target": -10.476117790274493, "params": {"colsample_bytree": 0.3982712199003905, "eta": 0.00869265487708802, "gamma": 384.8193597692968, "max_depth": 2.0, "min_child_weight": 4252.466813426124, "num_boost_round": 1.0, "subsample": 0.6129040320857855}, "datetime": {"datetime": "2024-01-20 13:35:27", "elapsed": 620.026031, "delta": 27.741616}}
