{"target": -13.40833356076989, "params": {"colsample_bytree": 0.3455736589548345, "eta": 0.059779216170862876, "gamma": 858.2008730651016, "max_depth": 8.0, "min_child_weight": 4598.8989180980225, "num_boost_round": 26.0, "subsample": 0.8025755082707429}, "datetime": {"datetime": "2024-01-20 16:36:21", "elapsed": 7915.753322, "delta": 0.004549}}
{"target": -13.408728087390411, "params": {"colsample_bytree": 0.3455736589548345, "eta": 0.059779216170862876, "gamma": 858.2008730651016, "max_depth": 8.0, "min_child_weight": 4598.8989180980225, "num_boost_round": 27.0, "subsample": 0.8025755082707429}, "datetime": {"datetime": "2024-01-20 16:36:21", "elapsed": 7915.757766, "delta": 0.004444}}
{"target": -13.409239067231766, "params": {"colsample_bytree": 0.3455736589548345, "eta": 0.059779216170862876, "gamma": 858.2008730651016, "max_depth": 8.0, "min_child_weight": 4598.8989180980225, "num_boost_round": 28.0, "subsample": 0.8025755082707429}, "datetime": {"datetime": "2024-01-20 16:36:21", "elapsed": 7915.762132, "delta": 0.004366}}
{"target": -13.409360875393272, "params": {"colsample_bytree": 0.3455736589548345, "eta": 0.059779216170862876, "gamma": 858.2008730651016, "max_depth": 8.0, "min_child_weight": 4598.8989180980225, "num_boost_round": 29.0, "subsample": 0.8025755082707429}, "datetime": {"datetime": "2024-01-20 16:36:21", "elapsed": 7915.766633, "delta": 0.004501}}
{"target": -13.409823478396309, "params": {"colsample_bytree": 0.3455736589548345, "eta": 0.059779216170862876, "gamma": 858.2008730651016, "max_depth": 8.0, "min_child_weight": 4598.8989180980225, "num_boost_round": 30.0, "subsample": 0.8025755082707429}, "datetime": {"datetime": "2024-01-20 16:36:21", "elapsed": 7915.771206, "delta": 0.004573}}
{"target": -13.410719633800658, "params": {"colsample_bytree": 0.3455736589548345, "eta": 0.059779216170862876, "gamma": 858.2008730651016, "max_depth": 8.0, "min_child_weight": 4598.8989180980225, "num_boost_round": 31.0, "subsample": 0.8025755082707429}, "datetime": {"datetime": "2024-01-20 16:36:21", "elapsed": 7916.118367, "delta": 0.347161}}
{"target": -13.411070472783644, "params": {"colsample_bytree": 0.3455736589548345, "eta": 0.059779216170862876, "gamma": 858.2008730651016, "max_depth": 8.0, "min_child_weight": 4598.8989180980225, "num_boost_round": 32.0, "subsample": 0.8025755082707429}, "datetime": {"datetime": "2024-01-20 16:36:21", "elapsed": 7916.123614, "delta": 0.005247}}
{"target": -13.412065597097238, "params": {"colsample_bytree": 0.3455736589548345, "eta": 0.059779216170862876, "gamma": 858.2008730651016, "max_depth": 8.0, "min_child_weight": 4598.8989180980225, "num_boost_round": 33.0, "subsample": 0.8025755082707429}, "datetime": {"datetime": "2024-01-20 16:36:21", "elapsed": 7916.128168, "delta": 0.004554}}
{"target": -13.412245810259545, "params": {"colsample_bytree": 0.3455736589548345, "eta": 0.059779216170862876, "gamma": 858.2008730651016, "max_depth": 8.0, "min_child_weight": 4598.8989180980225, "num_boost_round": 34.0, "subsample": 0.8025755082707429}, "datetime": {"datetime": "2024-01-20 16:36:21", "elapsed": 7916.132914, "delta": 0.004746}}
{"target": -13.412940648234617, "params": {"colsample_bytree": 0.3455736589548345, "eta": 0.059779216170862876, "gamma": 858.2008730651016, "max_depth": 8.0, "min_child_weight": 4598.8989180980225, "num_boost_round": 35.0, "subsample": 0.8025755082707429}, "datetime": {"datetime": "2024-01-20 16:36:21", "elapsed": 7916.137424, "delta": 0.00451}}
{"target": -13.413266455363818, "params": {"colsample_bytree": 0.3455736589548345, "eta": 0.059779216170862876, "gamma": 858.2008730651016, "max_depth": 8.0, "min_child_weight": 4598.8989180980225, "num_boost_round": 36.0, "subsample": 0.8025755082707429}, "datetime": {"datetime": "2024-01-20 16:36:21", "elapsed": 7916.141998, "delta": 0.004574}}
{"target": -13.413635851594158, "params": {"colsample_bytree": 0.3455736589548345, "eta": 0.059779216170862876, "gamma": 858.2008730651016, "max_depth": 8.0, "min_child_weight": 4598.8989180980225, "num_boost_round": 37.0, "subsample": 0.8025755082707429}, "datetime": {"datetime": "2024-01-20 16:36:21", "elapsed": 7916.14662, "delta": 0.004622}}
{"target": -13.41405420536039, "params": {"colsample_bytree": 0.3455736589548345, "eta": 0.059779216170862876, "gamma": 858.2008730651016, "max_depth": 8.0, "min_child_weight": 4598.8989180980225, "num_boost_round": 38.0, "subsample": 0.8025755082707429}, "datetime": {"datetime": "2024-01-20 16:36:21", "elapsed": 7916.151391, "delta": 0.004771}}
{"target": -13.414918303005157, "params": {"colsample_bytree": 0.3455736589548345, "eta": 0.059779216170862876, "gamma": 858.2008730651016, "max_depth": 8.0, "min_child_weight": 4598.8989180980225, "num_boost_round": 39.0, "subsample": 0.8025755082707429}, "datetime": {"datetime": "2024-01-20 16:36:21", "elapsed": 7916.155944, "delta": 0.004553}}
{"target": -13.415433700004153, "params": {"colsample_bytree": 0.3455736589548345, "eta": 0.059779216170862876, "gamma": 858.2008730651016, "max_depth": 8.0, "min_child_weight": 4598.8989180980225, "num_boost_round": 40.0, "subsample": 0.8025755082707429}, "datetime": {"datetime": "2024-01-20 16:36:21", "elapsed": 7916.16044, "delta": 0.004496}}
{"target": -13.416045368139239, "params": {"colsample_bytree": 0.3455736589548345, "eta": 0.059779216170862876, "gamma": 858.2008730651016, "max_depth": 8.0, "min_child_weight": 4598.8989180980225, "num_boost_round": 41.0, "subsample": 0.8025755082707429}, "datetime": {"datetime": "2024-01-20 16:36:21", "elapsed": 7916.164951, "delta": 0.004511}}
{"target": -13.416325544002035, "params": {"colsample_bytree": 0.3455736589548345, "eta": 0.059779216170862876, "gamma": 858.2008730651016, "max_depth": 8.0, "min_child_weight": 4598.8989180980225, "num_boost_round": 42.0, "subsample": 0.8025755082707429}, "datetime": {"datetime": "2024-01-20 16:36:21", "elapsed": 7916.16979, "delta": 0.004839}}
{"target": -13.416978898117192, "params": {"colsample_bytree": 0.3455736589548345, "eta": 0.059779216170862876, "gamma": 858.2008730651016, "max_depth": 8.0, "min_child_weight": 4598.8989180980225, "num_boost_round": 43.0, "subsample": 0.8025755082707429}, "datetime": {"datetime": "2024-01-20 16:36:21", "elapsed": 7916.174258, "delta": 0.004468}}
{"target": -13.41764982159463, "params": {"colsample_bytree": 0.3455736589548345, "eta": 0.059779216170862876, "gamma": 858.2008730651016, "max_depth": 8.0, "min_child_weight": 4598.8989180980225, "num_boost_round": 44.0, "subsample": 0.8025755082707429}, "datetime": {"datetime": "2024-01-20 16:36:21", "elapsed": 7916.178795, "delta": 0.004537}}
{"target": -13.418410295608256, "params": {"colsample_bytree": 0.3455736589548345, "eta": 0.059779216170862876, "gamma": 858.2008730651016, "max_depth": 8.0, "min_child_weight": 4598.8989180980225, "num_boost_round": 45.0, "subsample": 0.8025755082707429}, "datetime": {"datetime": "2024-01-20 16:36:21", "elapsed": 7916.183312, "delta": 0.004517}}
{"target": -13.419298930508218, "params": {"colsample_bytree": 0.3455736589548345, "eta": 0.059779216170862876, "gamma": 858.2008730651016, "max_depth": 8.0, "min_child_weight": 4598.8989180980225, "num_boost_round": 46.0, "subsample": 0.8025755082707429}, "datetime": {"datetime": "2024-01-20 16:36:21", "elapsed": 7916.188093, "delta": 0.004781}}
{"target": -13.419905577152491, "params": {"colsample_bytree": 0.3455736589548345, "eta": 0.059779216170862876, "gamma": 858.2008730651016, "max_depth": 8.0, "min_child_weight": 4598.8989180980225, "num_boost_round": 47.0, "subsample": 0.8025755082707429}, "datetime": {"datetime": "2024-01-20 16:36:21", "elapsed": 7916.19262, "delta": 0.004527}}
{"target": -13.421142070541418, "params": {"colsample_bytree": 0.3455736589548345, "eta": 0.059779216170862876, "gamma": 858.2008730651016, "max_depth": 8.0, "min_child_weight": 4598.8989180980225, "num_boost_round": 48.0, "subsample": 0.8025755082707429}, "datetime": {"datetime": "2024-01-20 16:36:21", "elapsed": 7916.197175, "delta": 0.004555}}
{"target": -13.421369247903165, "params": {"colsample_bytree": 0.3455736589548345, "eta": 0.059779216170862876, "gamma": 858.2008730651016, "max_depth": 8.0, "min_child_weight": 4598.8989180980225, "num_boost_round": 49.0, "subsample": 0.8025755082707429}, "datetime": {"datetime": "2024-01-20 16:36:21", "elapsed": 7916.201794, "delta": 0.004619}}
{"target": -13.397609405119212, "params": {"colsample_bytree": 0.3821238869336939, "eta": 0.07046560693530053, "gamma": 909.9665270082529, "max_depth": 2.0, "min_child_weight": 4323.782050767237, "num_boost_round": 1.0, "subsample": 0.30954972803945124}, "datetime": {"datetime": "2024-01-20 16:37:24", "elapsed": 7979.043079, "delta": 62.841285}}
{"target": -13.397794381808824, "params": {"colsample_bytree": 0.3821238869336939, "eta": 0.07046560693530053, "gamma": 909.9665270082529, "max_depth": 2.0, "min_child_weight": 4323.782050767237, "num_boost_round": 2.0, "subsample": 0.30954972803945124}, "datetime": {"datetime": "2024-01-20 16:37:24", "elapsed": 7979.049794, "delta": 0.006715}}
{"target": -13.39811806735229, "params": {"colsample_bytree": 0.4441358442003899, "eta": 0.08245337174132826, "gamma": 953.5907370747652, "max_depth": 3.0, "min_child_weight": 4655.390288556993, "num_boost_round": 1.0, "subsample": 0.6331558040682003}, "datetime": {"datetime": "2024-01-20 16:38:18", "elapsed": 8033.160772, "delta": 54.110978}}
{"target": -13.398361143291957, "params": {"colsample_bytree": 0.4441358442003899, "eta": 0.08245337174132826, "gamma": 953.5907370747652, "max_depth": 3.0, "min_child_weight": 4655.390288556993, "num_boost_round": 2.0, "subsample": 0.6331558040682003}, "datetime": {"datetime": "2024-01-20 16:38:18", "elapsed": 8033.167232, "delta": 0.00646}}
{"target": -13.39854433532555, "params": {"colsample_bytree": 0.4441358442003899, "eta": 0.08245337174132826, "gamma": 953.5907370747652, "max_depth": 3.0, "min_child_weight": 4655.390288556993, "num_boost_round": 3.0, "subsample": 0.6331558040682003}, "datetime": {"datetime": "2024-01-20 16:38:18", "elapsed": 8033.17182, "delta": 0.004588}}
{"target": -13.398580862401216, "params": {"colsample_bytree": 0.4441358442003899, "eta": 0.08245337174132826, "gamma": 953.5907370747652, "max_depth": 3.0, "min_child_weight": 4655.390288556993, "num_boost_round": 4.0, "subsample": 0.6331558040682003}, "datetime": {"datetime": "2024-01-20 16:38:18", "elapsed": 8033.176687, "delta": 0.004867}}
{"target": -13.399217779283749, "params": {"colsample_bytree": 0.4441358442003899, "eta": 0.08245337174132826, "gamma": 953.5907370747652, "max_depth": 3.0, "min_child_weight": 4655.390288556993, "num_boost_round": 5.0, "subsample": 0.6331558040682003}, "datetime": {"datetime": "2024-01-20 16:38:18", "elapsed": 8033.181125, "delta": 0.004438}}
{"target": -13.399893767043908, "params": {"colsample_bytree": 0.4441358442003899, "eta": 0.08245337174132826, "gamma": 953.5907370747652, "max_depth": 3.0, "min_child_weight": 4655.390288556993, "num_boost_round": 6.0, "subsample": 0.6331558040682003}, "datetime": {"datetime": "2024-01-20 16:38:18", "elapsed": 8033.185638, "delta": 0.004513}}
{"target": -13.401032400580132, "params": {"colsample_bytree": 0.4441358442003899, "eta": 0.08245337174132826, "gamma": 953.5907370747652, "max_depth": 3.0, "min_child_weight": 4655.390288556993, "num_boost_round": 7.0, "subsample": 0.6331558040682003}, "datetime": {"datetime": "2024-01-20 16:38:18", "elapsed": 8033.190395, "delta": 0.004757}}
{"target": -13.401261662555667, "params": {"colsample_bytree": 0.4441358442003899, "eta": 0.08245337174132826, "gamma": 953.5907370747652, "max_depth": 3.0, "min_child_weight": 4655.390288556993, "num_boost_round": 8.0, "subsample": 0.6331558040682003}, "datetime": {"datetime": "2024-01-20 16:38:18", "elapsed": 8033.195103, "delta": 0.004708}}
{"target": -13.402093374984595, "params": {"colsample_bytree": 0.4441358442003899, "eta": 0.08245337174132826, "gamma": 953.5907370747652, "max_depth": 3.0, "min_child_weight": 4655.390288556993, "num_boost_round": 9.0, "subsample": 0.6331558040682003}, "datetime": {"datetime": "2024-01-20 16:38:18", "elapsed": 8033.199882, "delta": 0.004779}}
{"target": -13.402769438486908, "params": {"colsample_bytree": 0.4441358442003899, "eta": 0.08245337174132826, "gamma": 953.5907370747652, "max_depth": 3.0, "min_child_weight": 4655.390288556993, "num_boost_round": 10.0, "subsample": 0.6331558040682003}, "datetime": {"datetime": "2024-01-20 16:38:18", "elapsed": 8033.204293, "delta": 0.004411}}
{"target": -13.403264444099005, "params": {"colsample_bytree": 0.4441358442003899, "eta": 0.08245337174132826, "gamma": 953.5907370747652, "max_depth": 3.0, "min_child_weight": 4655.390288556993, "num_boost_round": 11.0, "subsample": 0.6331558040682003}, "datetime": {"datetime": "2024-01-20 16:38:18", "elapsed": 8033.208793, "delta": 0.0045}}
{"target": -13.403589903873392, "params": {"colsample_bytree": 0.4441358442003899, "eta": 0.08245337174132826, "gamma": 953.5907370747652, "max_depth": 3.0, "min_child_weight": 4655.390288556993, "num_boost_round": 12.0, "subsample": 0.6331558040682003}, "datetime": {"datetime": "2024-01-20 16:38:18", "elapsed": 8033.213477, "delta": 0.004684}}
{"target": -13.403952333349576, "params": {"colsample_bytree": 0.4441358442003899, "eta": 0.08245337174132826, "gamma": 953.5907370747652, "max_depth": 3.0, "min_child_weight": 4655.390288556993, "num_boost_round": 13.0, "subsample": 0.6331558040682003}, "datetime": {"datetime": "2024-01-20 16:38:18", "elapsed": 8033.217989, "delta": 0.004512}}
{"target": -13.404465216731756, "params": {"colsample_bytree": 0.4441358442003899, "eta": 0.08245337174132826, "gamma": 953.5907370747652, "max_depth": 3.0, "min_child_weight": 4655.390288556993, "num_boost_round": 14.0, "subsample": 0.6331558040682003}, "datetime": {"datetime": "2024-01-20 16:38:18", "elapsed": 8033.222387, "delta": 0.004398}}
{"target": -13.405179913770528, "params": {"colsample_bytree": 0.4441358442003899, "eta": 0.08245337174132826, "gamma": 953.5907370747652, "max_depth": 3.0, "min_child_weight": 4655.390288556993, "num_boost_round": 15.0, "subsample": 0.6331558040682003}, "datetime": {"datetime": "2024-01-20 16:38:18", "elapsed": 8033.227057, "delta": 0.00467}}
{"target": -13.40574919591102, "params": {"colsample_bytree": 0.4441358442003899, "eta": 0.08245337174132826, "gamma": 953.5907370747652, "max_depth": 3.0, "min_child_weight": 4655.390288556993, "num_boost_round": 16.0, "subsample": 0.6331558040682003}, "datetime": {"datetime": "2024-01-20 16:38:18", "elapsed": 8033.231583, "delta": 0.004526}}
{"target": -13.40620363201751, "params": {"colsample_bytree": 0.4441358442003899, "eta": 0.08245337174132826, "gamma": 953.5907370747652, "max_depth": 3.0, "min_child_weight": 4655.390288556993, "num_boost_round": 17.0, "subsample": 0.6331558040682003}, "datetime": {"datetime": "2024-01-20 16:38:18", "elapsed": 8033.235983, "delta": 0.0044}}
{"target": -13.407172729530867, "params": {"colsample_bytree": 0.4441358442003899, "eta": 0.08245337174132826, "gamma": 953.5907370747652, "max_depth": 3.0, "min_child_weight": 4655.390288556993, "num_boost_round": 18.0, "subsample": 0.6331558040682003}, "datetime": {"datetime": "2024-01-20 16:38:18", "elapsed": 8033.240688, "delta": 0.004705}}
{"target": -13.40783368741985, "params": {"colsample_bytree": 0.4441358442003899, "eta": 0.08245337174132826, "gamma": 953.5907370747652, "max_depth": 3.0, "min_child_weight": 4655.390288556993, "num_boost_round": 19.0, "subsample": 0.6331558040682003}, "datetime": {"datetime": "2024-01-20 16:38:18", "elapsed": 8033.245119, "delta": 0.004431}}
{"target": -13.408290147425925, "params": {"colsample_bytree": 0.4441358442003899, "eta": 0.08245337174132826, "gamma": 953.5907370747652, "max_depth": 3.0, "min_child_weight": 4655.390288556993, "num_boost_round": 20.0, "subsample": 0.6331558040682003}, "datetime": {"datetime": "2024-01-20 16:38:18", "elapsed": 8033.249871, "delta": 0.004752}}
{"target": -13.40845967012424, "params": {"colsample_bytree": 0.4441358442003899, "eta": 0.08245337174132826, "gamma": 953.5907370747652, "max_depth": 3.0, "min_child_weight": 4655.390288556993, "num_boost_round": 21.0, "subsample": 0.6331558040682003}, "datetime": {"datetime": "2024-01-20 16:38:18", "elapsed": 8033.254336, "delta": 0.004465}}
{"target": -13.408777084316092, "params": {"colsample_bytree": 0.4441358442003899, "eta": 0.08245337174132826, "gamma": 953.5907370747652, "max_depth": 3.0, "min_child_weight": 4655.390288556993, "num_boost_round": 22.0, "subsample": 0.6331558040682003}, "datetime": {"datetime": "2024-01-20 16:38:18", "elapsed": 8033.26066, "delta": 0.006324}}
{"target": -13.409635158584772, "params": {"colsample_bytree": 0.4441358442003899, "eta": 0.08245337174132826, "gamma": 953.5907370747652, "max_depth": 3.0, "min_child_weight": 4655.390288556993, "num_boost_round": 23.0, "subsample": 0.6331558040682003}, "datetime": {"datetime": "2024-01-20 16:38:18", "elapsed": 8033.268508, "delta": 0.007848}}
{"target": -13.410391470070653, "params": {"colsample_bytree": 0.4441358442003899, "eta": 0.08245337174132826, "gamma": 953.5907370747652, "max_depth": 3.0, "min_child_weight": 4655.390288556993, "num_boost_round": 24.0, "subsample": 0.6331558040682003}, "datetime": {"datetime": "2024-01-20 16:38:18", "elapsed": 8033.275804, "delta": 0.007296}}
{"target": -13.41088479920332, "params": {"colsample_bytree": 0.4441358442003899, "eta": 0.08245337174132826, "gamma": 953.5907370747652, "max_depth": 3.0, "min_child_weight": 4655.390288556993, "num_boost_round": 25.0, "subsample": 0.6331558040682003}, "datetime": {"datetime": "2024-01-20 16:38:18", "elapsed": 8033.281476, "delta": 0.005672}}
{"target": -13.411177569890079, "params": {"colsample_bytree": 0.4441358442003899, "eta": 0.08245337174132826, "gamma": 953.5907370747652, "max_depth": 3.0, "min_child_weight": 4655.390288556993, "num_boost_round": 26.0, "subsample": 0.6331558040682003}, "datetime": {"datetime": "2024-01-20 16:38:18", "elapsed": 8033.286946, "delta": 0.00547}}
{"target": -13.411579182999418, "params": {"colsample_bytree": 0.4441358442003899, "eta": 0.08245337174132826, "gamma": 953.5907370747652, "max_depth": 3.0, "min_child_weight": 4655.390288556993, "num_boost_round": 27.0, "subsample": 0.6331558040682003}, "datetime": {"datetime": "2024-01-20 16:38:18", "elapsed": 8033.291814, "delta": 0.004868}}
{"target": -13.412333551609876, "params": {"colsample_bytree": 0.4441358442003899, "eta": 0.08245337174132826, "gamma": 953.5907370747652, "max_depth": 3.0, "min_child_weight": 4655.390288556993, "num_boost_round": 28.0, "subsample": 0.6331558040682003}, "datetime": {"datetime": "2024-01-20 16:38:18", "elapsed": 8033.29651, "delta": 0.004696}}
{"target": -13.412822211661917, "params": {"colsample_bytree": 0.4441358442003899, "eta": 0.08245337174132826, "gamma": 953.5907370747652, "max_depth": 3.0, "min_child_weight": 4655.390288556993, "num_boost_round": 29.0, "subsample": 0.6331558040682003}, "datetime": {"datetime": "2024-01-20 16:38:18", "elapsed": 8033.301368, "delta": 0.004858}}
{"target": -13.413119739094174, "params": {"colsample_bytree": 0.4441358442003899, "eta": 0.08245337174132826, "gamma": 953.5907370747652, "max_depth": 3.0, "min_child_weight": 4655.390288556993, "num_boost_round": 30.0, "subsample": 0.6331558040682003}, "datetime": {"datetime": "2024-01-20 16:38:18", "elapsed": 8033.306047, "delta": 0.004679}}
{"target": -13.41354992611505, "params": {"colsample_bytree": 0.4441358442003899, "eta": 0.08245337174132826, "gamma": 953.5907370747652, "max_depth": 3.0, "min_child_weight": 4655.390288556993, "num_boost_round": 31.0, "subsample": 0.6331558040682003}, "datetime": {"datetime": "2024-01-20 16:38:18", "elapsed": 8033.310582, "delta": 0.004535}}
{"target": -13.41395972105414, "params": {"colsample_bytree": 0.4441358442003899, "eta": 0.08245337174132826, "gamma": 953.5907370747652, "max_depth": 3.0, "min_child_weight": 4655.390288556993, "num_boost_round": 32.0, "subsample": 0.6331558040682003}, "datetime": {"datetime": "2024-01-20 16:38:18", "elapsed": 8033.315236, "delta": 0.004654}}
{"target": -13.397909837239599, "params": {"colsample_bytree": 0.4776909983116736, "eta": 0.017692326292450926, "gamma": 559.020369128939, "max_depth": 4.0, "min_child_weight": 3870.663026191173, "num_boost_round": 1.0, "subsample": 0.8971271381173029}, "datetime": {"datetime": "2024-01-20 16:39:35", "elapsed": 8110.636076, "delta": 77.32084}}
{"target": -13.397953397776917, "params": {"colsample_bytree": 0.4776909983116736, "eta": 0.017692326292450926, "gamma": 559.020369128939, "max_depth": 4.0, "min_child_weight": 3870.663026191173, "num_boost_round": 2.0, "subsample": 0.8971271381173029}, "datetime": {"datetime": "2024-01-20 16:39:35", "elapsed": 8110.641681, "delta": 0.005605}}
{"target": -13.397901703912662, "params": {"colsample_bytree": 0.4776909983116736, "eta": 0.017692326292450926, "gamma": 559.020369128939, "max_depth": 4.0, "min_child_weight": 3870.663026191173, "num_boost_round": 3.0, "subsample": 0.8971271381173029}, "datetime": {"datetime": "2024-01-20 16:39:35", "elapsed": 8110.646372, "delta": 0.004691}}
{"target": -13.397927746252003, "params": {"colsample_bytree": 0.4776909983116736, "eta": 0.017692326292450926, "gamma": 559.020369128939, "max_depth": 4.0, "min_child_weight": 3870.663026191173, "num_boost_round": 4.0, "subsample": 0.8971271381173029}, "datetime": {"datetime": "2024-01-20 16:39:36", "elapsed": 8110.650999, "delta": 0.004627}}
{"target": -13.398028389267125, "params": {"colsample_bytree": 0.4776909983116736, "eta": 0.017692326292450926, "gamma": 559.020369128939, "max_depth": 4.0, "min_child_weight": 3870.663026191173, "num_boost_round": 5.0, "subsample": 0.8971271381173029}, "datetime": {"datetime": "2024-01-20 16:39:36", "elapsed": 8110.655822, "delta": 0.004823}}
