{"target": -13.735470823235568, "params": {"colsample_bytree": 0.4222344170362473, "eta": 0.061532904389370306, "gamma": 960.3119798105474, "max_depth": 6.0, "min_child_weight": 4577.708979646317, "num_boost_round": 5.0, "subsample": 0.6075366333459311}, "datetime": {"datetime": "2024-01-20 15:41:00", "elapsed": 4621.205782, "delta": 0.002203}}
{"target": -13.73688485748078, "params": {"colsample_bytree": 0.4222344170362473, "eta": 0.061532904389370306, "gamma": 960.3119798105474, "max_depth": 6.0, "min_child_weight": 4577.708979646317, "num_boost_round": 6.0, "subsample": 0.6075366333459311}, "datetime": {"datetime": "2024-01-20 15:41:00", "elapsed": 4621.207985, "delta": 0.002203}}
{"target": -13.73788871290622, "params": {"colsample_bytree": 0.4222344170362473, "eta": 0.061532904389370306, "gamma": 960.3119798105474, "max_depth": 6.0, "min_child_weight": 4577.708979646317, "num_boost_round": 7.0, "subsample": 0.6075366333459311}, "datetime": {"datetime": "2024-01-20 15:41:00", "elapsed": 4621.210171, "delta": 0.002186}}
{"target": -13.738876160407463, "params": {"colsample_bytree": 0.4222344170362473, "eta": 0.061532904389370306, "gamma": 960.3119798105474, "max_depth": 6.0, "min_child_weight": 4577.708979646317, "num_boost_round": 8.0, "subsample": 0.6075366333459311}, "datetime": {"datetime": "2024-01-20 15:41:00", "elapsed": 4621.212406, "delta": 0.002235}}
{"target": -13.732146751580364, "params": {"colsample_bytree": 0.9216138705103198, "eta": 0.08051483470592505, "gamma": 625.85918610534, "max_depth": 2.0, "min_child_weight": 4511.588461907314, "num_boost_round": 1.0, "subsample": 0.25464053407185033}, "datetime": {"datetime": "2024-01-20 15:41:23", "elapsed": 4643.981385, "delta": 22.768979}}
{"target": -13.733562860421404, "params": {"colsample_bytree": 0.9216138705103198, "eta": 0.08051483470592505, "gamma": 625.85918610534, "max_depth": 2.0, "min_child_weight": 4511.588461907314, "num_boost_round": 2.0, "subsample": 0.25464053407185033}, "datetime": {"datetime": "2024-01-20 15:41:23", "elapsed": 4643.984143, "delta": 0.002758}}
{"target": -13.731692098981595, "params": {"colsample_bytree": 0.42528937193680094, "eta": 0.07393901730177073, "gamma": 957.5954707879932, "max_depth": 8.0, "min_child_weight": 4164.8384844670345, "num_boost_round": 1.0, "subsample": 0.6985657167872895}, "datetime": {"datetime": "2024-01-20 15:41:41", "elapsed": 4662.687095, "delta": 18.702952}}
{"target": -13.73112724646634, "params": {"colsample_bytree": 0.520992780851117, "eta": 0.01100363677911828, "gamma": 232.73431864684136, "max_depth": 2.0, "min_child_weight": 4715.639735002129, "num_boost_round": 1.0, "subsample": 0.5458251270706469}, "datetime": {"datetime": "2024-01-20 15:41:58", "elapsed": 4679.054027, "delta": 16.366932}}
{"target": -13.731486991119722, "params": {"colsample_bytree": 0.47199403253775496, "eta": 0.03739153462219751, "gamma": 244.2353759641831, "max_depth": 9.0, "min_child_weight": 4657.436959512655, "num_boost_round": 1.0, "subsample": 0.4982129469890457}, "datetime": {"datetime": "2024-01-20 15:42:22", "elapsed": 4703.207114, "delta": 24.153087}}
{"target": -13.731937806331672, "params": {"colsample_bytree": 0.47199403253775496, "eta": 0.03739153462219751, "gamma": 244.2353759641831, "max_depth": 9.0, "min_child_weight": 4657.436959512655, "num_boost_round": 2.0, "subsample": 0.4982129469890457}, "datetime": {"datetime": "2024-01-20 15:42:22", "elapsed": 4703.210871, "delta": 0.003757}}
{"target": -13.732725821707986, "params": {"colsample_bytree": 0.47199403253775496, "eta": 0.03739153462219751, "gamma": 244.2353759641831, "max_depth": 9.0, "min_child_weight": 4657.436959512655, "num_boost_round": 3.0, "subsample": 0.4982129469890457}, "datetime": {"datetime": "2024-01-20 15:42:22", "elapsed": 4703.213307, "delta": 0.002436}}
{"target": -13.733363498778118, "params": {"colsample_bytree": 0.47199403253775496, "eta": 0.03739153462219751, "gamma": 244.2353759641831, "max_depth": 9.0, "min_child_weight": 4657.436959512655, "num_boost_round": 4.0, "subsample": 0.4982129469890457}, "datetime": {"datetime": "2024-01-20 15:42:22", "elapsed": 4703.215616, "delta": 0.002309}}
{"target": -13.734233926845889, "params": {"colsample_bytree": 0.47199403253775496, "eta": 0.03739153462219751, "gamma": 244.2353759641831, "max_depth": 9.0, "min_child_weight": 4657.436959512655, "num_boost_round": 5.0, "subsample": 0.4982129469890457}, "datetime": {"datetime": "2024-01-20 15:42:22", "elapsed": 4703.217844, "delta": 0.002228}}
{"target": -13.735462432342569, "params": {"colsample_bytree": 0.47199403253775496, "eta": 0.03739153462219751, "gamma": 244.2353759641831, "max_depth": 9.0, "min_child_weight": 4657.436959512655, "num_boost_round": 6.0, "subsample": 0.4982129469890457}, "datetime": {"datetime": "2024-01-20 15:42:22", "elapsed": 4703.22006, "delta": 0.002216}}
{"target": -13.731488378157456, "params": {"colsample_bytree": 0.8235860758487092, "eta": 0.020376105333236062, "gamma": 443.238935682527, "max_depth": 9.0, "min_child_weight": 4224.826599696553, "num_boost_round": 1.0, "subsample": 0.8125219486973118}, "datetime": {"datetime": "2024-01-20 15:42:45", "elapsed": 4726.162288, "delta": 22.942228}}
{"target": -13.731976654885038, "params": {"colsample_bytree": 0.8235860758487092, "eta": 0.020376105333236062, "gamma": 443.238935682527, "max_depth": 9.0, "min_child_weight": 4224.826599696553, "num_boost_round": 2.0, "subsample": 0.8125219486973118}, "datetime": {"datetime": "2024-01-20 15:42:45", "elapsed": 4726.166525, "delta": 0.004237}}
{"target": -13.731424454548458, "params": {"colsample_bytree": 0.9720646245994975, "eta": 0.023990264102920034, "gamma": 798.7766093796099, "max_depth": 6.0, "min_child_weight": 4202.210882279041, "num_boost_round": 1.0, "subsample": 0.849756185223676}, "datetime": {"datetime": "2024-01-20 15:43:07", "elapsed": 4748.305386, "delta": 22.138861}}
{"target": -13.731895359111075, "params": {"colsample_bytree": 0.9720646245994975, "eta": 0.023990264102920034, "gamma": 798.7766093796099, "max_depth": 6.0, "min_child_weight": 4202.210882279041, "num_boost_round": 2.0, "subsample": 0.849756185223676}, "datetime": {"datetime": "2024-01-20 15:43:07", "elapsed": 4748.308294, "delta": 0.002908}}
{"target": -13.732077250978625, "params": {"colsample_bytree": 0.41353086939745054, "eta": 0.09059624860640783, "gamma": 740.3493357671597, "max_depth": 7.0, "min_child_weight": 4876.212201404475, "num_boost_round": 1.0, "subsample": 0.5532713131025421}, "datetime": {"datetime": "2024-01-20 15:43:28", "elapsed": 4769.77522, "delta": 21.466926}}
{"target": -13.732956885337405, "params": {"colsample_bytree": 0.41353086939745054, "eta": 0.09059624860640783, "gamma": 740.3493357671597, "max_depth": 7.0, "min_child_weight": 4876.212201404475, "num_boost_round": 2.0, "subsample": 0.5532713131025421}, "datetime": {"datetime": "2024-01-20 15:43:28", "elapsed": 4769.778527, "delta": 0.003307}}
{"target": -13.733889614943127, "params": {"colsample_bytree": 0.41353086939745054, "eta": 0.09059624860640783, "gamma": 740.3493357671597, "max_depth": 7.0, "min_child_weight": 4876.212201404475, "num_boost_round": 3.0, "subsample": 0.5532713131025421}, "datetime": {"datetime": "2024-01-20 15:43:28", "elapsed": 4769.780885, "delta": 0.002358}}
{"target": -13.735342242404856, "params": {"colsample_bytree": 0.41353086939745054, "eta": 0.09059624860640783, "gamma": 740.3493357671597, "max_depth": 7.0, "min_child_weight": 4876.212201404475, "num_boost_round": 4.0, "subsample": 0.5532713131025421}, "datetime": {"datetime": "2024-01-20 15:43:28", "elapsed": 4769.783473, "delta": 0.002588}}
{"target": -13.738024834901442, "params": {"colsample_bytree": 0.41353086939745054, "eta": 0.09059624860640783, "gamma": 740.3493357671597, "max_depth": 7.0, "min_child_weight": 4876.212201404475, "num_boost_round": 5.0, "subsample": 0.5532713131025421}, "datetime": {"datetime": "2024-01-20 15:43:28", "elapsed": 4769.785902, "delta": 0.002429}}
{"target": -13.740551858727333, "params": {"colsample_bytree": 0.41353086939745054, "eta": 0.09059624860640783, "gamma": 740.3493357671597, "max_depth": 7.0, "min_child_weight": 4876.212201404475, "num_boost_round": 6.0, "subsample": 0.5532713131025421}, "datetime": {"datetime": "2024-01-20 15:43:28", "elapsed": 4769.788249, "delta": 0.002347}}
{"target": -13.741883891440233, "params": {"colsample_bytree": 0.41353086939745054, "eta": 0.09059624860640783, "gamma": 740.3493357671597, "max_depth": 7.0, "min_child_weight": 4876.212201404475, "num_boost_round": 7.0, "subsample": 0.5532713131025421}, "datetime": {"datetime": "2024-01-20 15:43:28", "elapsed": 4769.790545, "delta": 0.002296}}
{"target": -13.733852622641155, "params": {"colsample_bytree": 0.7049868835597732, "eta": 0.09383992456380276, "gamma": 415.2644042146215, "max_depth": 9.0, "min_child_weight": 3538.9485745919674, "num_boost_round": 1.0, "subsample": 0.8704782321902093}, "datetime": {"datetime": "2024-01-20 15:43:48", "elapsed": 4789.445853, "delta": 19.655308}}
{"target": -13.73624587104993, "params": {"colsample_bytree": 0.7049868835597732, "eta": 0.09383992456380276, "gamma": 415.2644042146215, "max_depth": 9.0, "min_child_weight": 3538.9485745919674, "num_boost_round": 2.0, "subsample": 0.8704782321902093}, "datetime": {"datetime": "2024-01-20 15:43:48", "elapsed": 4789.448555, "delta": 0.002702}}
{"target": -13.739086525137399, "params": {"colsample_bytree": 0.7049868835597732, "eta": 0.09383992456380276, "gamma": 415.2644042146215, "max_depth": 9.0, "min_child_weight": 3538.9485745919674, "num_boost_round": 3.0, "subsample": 0.8704782321902093}, "datetime": {"datetime": "2024-01-20 15:43:48", "elapsed": 4789.451232, "delta": 0.002677}}
{"target": -13.732133145823681, "params": {"colsample_bytree": 0.3504623302014076, "eta": 0.07971014659966513, "gamma": 927.4433426535553, "max_depth": 9.0, "min_child_weight": 4472.1708085601085, "num_boost_round": 1.0, "subsample": 0.9655397502359878}, "datetime": {"datetime": "2024-01-20 15:44:12", "elapsed": 4813.473094, "delta": 24.021862}}
{"target": -13.733041259852092, "params": {"colsample_bytree": 0.3504623302014076, "eta": 0.07971014659966513, "gamma": 927.4433426535553, "max_depth": 9.0, "min_child_weight": 4472.1708085601085, "num_boost_round": 2.0, "subsample": 0.9655397502359878}, "datetime": {"datetime": "2024-01-20 15:44:12", "elapsed": 4813.476323, "delta": 0.003229}}
{"target": -13.733867185026314, "params": {"colsample_bytree": 0.3504623302014076, "eta": 0.07971014659966513, "gamma": 927.4433426535553, "max_depth": 9.0, "min_child_weight": 4472.1708085601085, "num_boost_round": 3.0, "subsample": 0.9655397502359878}, "datetime": {"datetime": "2024-01-20 15:44:12", "elapsed": 4813.479018, "delta": 0.002695}}
{"target": -13.735230983760767, "params": {"colsample_bytree": 0.3504623302014076, "eta": 0.07971014659966513, "gamma": 927.4433426535553, "max_depth": 9.0, "min_child_weight": 4472.1708085601085, "num_boost_round": 4.0, "subsample": 0.9655397502359878}, "datetime": {"datetime": "2024-01-20 15:44:12", "elapsed": 4813.481413, "delta": 0.002395}}
{"target": -13.737969870957661, "params": {"colsample_bytree": 0.3504623302014076, "eta": 0.07971014659966513, "gamma": 927.4433426535553, "max_depth": 9.0, "min_child_weight": 4472.1708085601085, "num_boost_round": 5.0, "subsample": 0.9655397502359878}, "datetime": {"datetime": "2024-01-20 15:44:12", "elapsed": 4813.483808, "delta": 0.002395}}
{"target": -13.73109398023946, "params": {"colsample_bytree": 0.2600803981829628, "eta": 0.006104775688829977, "gamma": 313.29053430138765, "max_depth": 8.0, "min_child_weight": 4281.149514544084, "num_boost_round": 1.0, "subsample": 0.5863711408671892}, "datetime": {"datetime": "2024-01-20 15:44:33", "elapsed": 4834.385242, "delta": 20.901434}}
{"target": -13.7312664466655, "params": {"colsample_bytree": 0.7671932290569059, "eta": 0.01998528866964154, "gamma": 938.2896664401886, "max_depth": 8.0, "min_child_weight": 4238.118554033792, "num_boost_round": 1.0, "subsample": 0.2356006807445265}, "datetime": {"datetime": "2024-01-20 15:44:53", "elapsed": 4854.246493, "delta": 19.861251}}
{"target": -13.731645349340308, "params": {"colsample_bytree": 0.7671932290569059, "eta": 0.01998528866964154, "gamma": 938.2896664401886, "max_depth": 8.0, "min_child_weight": 4238.118554033792, "num_boost_round": 2.0, "subsample": 0.2356006807445265}, "datetime": {"datetime": "2024-01-20 15:44:53", "elapsed": 4854.250388, "delta": 0.003895}}
{"target": -13.732057322779884, "params": {"colsample_bytree": 0.7671932290569059, "eta": 0.01998528866964154, "gamma": 938.2896664401886, "max_depth": 8.0, "min_child_weight": 4238.118554033792, "num_boost_round": 3.0, "subsample": 0.2356006807445265}, "datetime": {"datetime": "2024-01-20 15:44:53", "elapsed": 4854.252978, "delta": 0.00259}}
{"target": -13.732616472432236, "params": {"colsample_bytree": 0.4103368238563765, "eta": 0.09694260462091339, "gamma": 646.1865243686645, "max_depth": 7.0, "min_child_weight": 3628.3966312994357, "num_boost_round": 1.0, "subsample": 0.9721225537168928}, "datetime": {"datetime": "2024-01-20 15:45:13", "elapsed": 4874.484697, "delta": 20.231719}}
{"target": -13.731451176154717, "params": {"colsample_bytree": 0.2661469056545714, "eta": 0.043621561393997074, "gamma": 598.3517357732559, "max_depth": 4.0, "min_child_weight": 3602.8308338947513, "num_boost_round": 1.0, "subsample": 0.31817481645298906}, "datetime": {"datetime": "2024-01-20 15:45:38", "elapsed": 4899.557519, "delta": 25.072822}}
{"target": -13.731789557153014, "params": {"colsample_bytree": 0.2661469056545714, "eta": 0.043621561393997074, "gamma": 598.3517357732559, "max_depth": 4.0, "min_child_weight": 3602.8308338947513, "num_boost_round": 2.0, "subsample": 0.31817481645298906}, "datetime": {"datetime": "2024-01-20 15:45:38", "elapsed": 4899.560761, "delta": 0.003242}}
{"target": -13.731965326912018, "params": {"colsample_bytree": 0.2661469056545714, "eta": 0.043621561393997074, "gamma": 598.3517357732559, "max_depth": 4.0, "min_child_weight": 3602.8308338947513, "num_boost_round": 3.0, "subsample": 0.31817481645298906}, "datetime": {"datetime": "2024-01-20 15:45:38", "elapsed": 4899.563661, "delta": 0.0029}}
{"target": -13.732281778299098, "params": {"colsample_bytree": 0.2661469056545714, "eta": 0.043621561393997074, "gamma": 598.3517357732559, "max_depth": 4.0, "min_child_weight": 3602.8308338947513, "num_boost_round": 4.0, "subsample": 0.31817481645298906}, "datetime": {"datetime": "2024-01-20 15:45:38", "elapsed": 4899.566121, "delta": 0.00246}}
{"target": -13.732812214609709, "params": {"colsample_bytree": 0.2661469056545714, "eta": 0.043621561393997074, "gamma": 598.3517357732559, "max_depth": 4.0, "min_child_weight": 3602.8308338947513, "num_boost_round": 5.0, "subsample": 0.31817481645298906}, "datetime": {"datetime": "2024-01-20 15:45:38", "elapsed": 4899.568461, "delta": 0.00234}}
{"target": -13.733589687007317, "params": {"colsample_bytree": 0.2661469056545714, "eta": 0.043621561393997074, "gamma": 598.3517357732559, "max_depth": 4.0, "min_child_weight": 3602.8308338947513, "num_boost_round": 6.0, "subsample": 0.31817481645298906}, "datetime": {"datetime": "2024-01-20 15:45:38", "elapsed": 4899.570811, "delta": 0.00235}}
{"target": -13.733996249787927, "params": {"colsample_bytree": 0.2661469056545714, "eta": 0.043621561393997074, "gamma": 598.3517357732559, "max_depth": 4.0, "min_child_weight": 3602.8308338947513, "num_boost_round": 7.0, "subsample": 0.31817481645298906}, "datetime": {"datetime": "2024-01-20 15:45:38", "elapsed": 4899.573243, "delta": 0.002432}}
{"target": -13.734121675469186, "params": {"colsample_bytree": 0.2661469056545714, "eta": 0.043621561393997074, "gamma": 598.3517357732559, "max_depth": 4.0, "min_child_weight": 3602.8308338947513, "num_boost_round": 8.0, "subsample": 0.31817481645298906}, "datetime": {"datetime": "2024-01-20 15:45:38", "elapsed": 4899.575577, "delta": 0.002334}}
{"target": -13.734684248328996, "params": {"colsample_bytree": 0.2661469056545714, "eta": 0.043621561393997074, "gamma": 598.3517357732559, "max_depth": 4.0, "min_child_weight": 3602.8308338947513, "num_boost_round": 9.0, "subsample": 0.31817481645298906}, "datetime": {"datetime": "2024-01-20 15:45:38", "elapsed": 4899.577908, "delta": 0.002331}}
{"target": -13.735021891983765, "params": {"colsample_bytree": 0.2661469056545714, "eta": 0.043621561393997074, "gamma": 598.3517357732559, "max_depth": 4.0, "min_child_weight": 3602.8308338947513, "num_boost_round": 10.0, "subsample": 0.31817481645298906}, "datetime": {"datetime": "2024-01-20 15:45:38", "elapsed": 4899.580249, "delta": 0.002341}}
{"target": -13.735628801552737, "params": {"colsample_bytree": 0.2661469056545714, "eta": 0.043621561393997074, "gamma": 598.3517357732559, "max_depth": 4.0, "min_child_weight": 3602.8308338947513, "num_boost_round": 11.0, "subsample": 0.31817481645298906}, "datetime": {"datetime": "2024-01-20 15:45:38", "elapsed": 4899.582593, "delta": 0.002344}}
{"target": -13.73590721531833, "params": {"colsample_bytree": 0.2661469056545714, "eta": 0.043621561393997074, "gamma": 598.3517357732559, "max_depth": 4.0, "min_child_weight": 3602.8308338947513, "num_boost_round": 12.0, "subsample": 0.31817481645298906}, "datetime": {"datetime": "2024-01-20 15:45:38", "elapsed": 4899.58513, "delta": 0.002537}}
{"target": -13.733163365244597, "params": {"colsample_bytree": 0.6263099840811698, "eta": 0.07506699138278632, "gamma": 39.214872099147094, "max_depth": 9.0, "min_child_weight": 3514.5836161010516, "num_boost_round": 1.0, "subsample": 0.7298980912605868}, "datetime": {"datetime": "2024-01-20 15:46:02", "elapsed": 4923.018339, "delta": 23.433209}}
{"target": -13.73498677796797, "params": {"colsample_bytree": 0.6263099840811698, "eta": 0.07506699138278632, "gamma": 39.214872099147094, "max_depth": 9.0, "min_child_weight": 3514.5836161010516, "num_boost_round": 2.0, "subsample": 0.7298980912605868}, "datetime": {"datetime": "2024-01-20 15:46:02", "elapsed": 4923.021305, "delta": 0.002966}}
{"target": -13.732910741007258, "params": {"colsample_bytree": 0.8759942394293107, "eta": 0.0677866233864231, "gamma": 471.8406022467482, "max_depth": 8.0, "min_child_weight": 4166.137317689179, "num_boost_round": 1.0, "subsample": 0.3860420704985107}, "datetime": {"datetime": "2024-01-20 15:46:22", "elapsed": 4943.226131, "delta": 20.204826}}
{"target": -13.734783160205728, "params": {"colsample_bytree": 0.8759942394293107, "eta": 0.0677866233864231, "gamma": 471.8406022467482, "max_depth": 8.0, "min_child_weight": 4166.137317689179, "num_boost_round": 2.0, "subsample": 0.3860420704985107}, "datetime": {"datetime": "2024-01-20 15:46:22", "elapsed": 4943.22907, "delta": 0.002939}}
{"target": -13.731457579764825, "params": {"colsample_bytree": 0.6636044279557369, "eta": 0.01732979074132209, "gamma": 182.4402530889795, "max_depth": 9.0, "min_child_weight": 3471.792451777931, "num_boost_round": 1.0, "subsample": 0.4898672498963026}, "datetime": {"datetime": "2024-01-20 15:46:44", "elapsed": 4965.50262, "delta": 22.27355}}
{"target": -13.731767298897244, "params": {"colsample_bytree": 0.6636044279557369, "eta": 0.01732979074132209, "gamma": 182.4402530889795, "max_depth": 9.0, "min_child_weight": 3471.792451777931, "num_boost_round": 2.0, "subsample": 0.4898672498963026}, "datetime": {"datetime": "2024-01-20 15:46:44", "elapsed": 4965.505732, "delta": 0.003112}}
{"target": -13.731589835311418, "params": {"colsample_bytree": 0.4018535374704758, "eta": 0.038296272921072336, "gamma": 387.98120081310884, "max_depth": 9.0, "min_child_weight": 4669.915806155505, "num_boost_round": 1.0, "subsample": 0.8440263025098366}, "datetime": {"datetime": "2024-01-20 15:47:07", "elapsed": 4988.150259, "delta": 22.644527}}
{"target": -13.731916294593123, "params": {"colsample_bytree": 0.4018535374704758, "eta": 0.038296272921072336, "gamma": 387.98120081310884, "max_depth": 9.0, "min_child_weight": 4669.915806155505, "num_boost_round": 2.0, "subsample": 0.8440263025098366}, "datetime": {"datetime": "2024-01-20 15:47:07", "elapsed": 4988.153952, "delta": 0.003693}}
{"target": -13.731193253302076, "params": {"colsample_bytree": 0.16726059484925854, "eta": 0.020918878642401148, "gamma": 613.4050200246597, "max_depth": 7.0, "min_child_weight": 3666.2930179147, "num_boost_round": 1.0, "subsample": 0.15953017976959794}, "datetime": {"datetime": "2024-01-20 15:47:31", "elapsed": 5011.996943, "delta": 23.842991}}
{"target": -13.73131815831503, "params": {"colsample_bytree": 0.16726059484925854, "eta": 0.020918878642401148, "gamma": 613.4050200246597, "max_depth": 7.0, "min_child_weight": 3666.2930179147, "num_boost_round": 2.0, "subsample": 0.15953017976959794}, "datetime": {"datetime": "2024-01-20 15:47:31", "elapsed": 5011.999916, "delta": 0.002973}}
{"target": -13.731551320599866, "params": {"colsample_bytree": 0.16726059484925854, "eta": 0.020918878642401148, "gamma": 613.4050200246597, "max_depth": 7.0, "min_child_weight": 3666.2930179147, "num_boost_round": 3.0, "subsample": 0.15953017976959794}, "datetime": {"datetime": "2024-01-20 15:47:31", "elapsed": 5012.003276, "delta": 0.00336}}
{"target": -13.731748493483192, "params": {"colsample_bytree": 0.16726059484925854, "eta": 0.020918878642401148, "gamma": 613.4050200246597, "max_depth": 7.0, "min_child_weight": 3666.2930179147, "num_boost_round": 4.0, "subsample": 0.15953017976959794}, "datetime": {"datetime": "2024-01-20 15:47:31", "elapsed": 5012.005701, "delta": 0.002425}}
{"target": -13.731906562228417, "params": {"colsample_bytree": 0.16726059484925854, "eta": 0.020918878642401148, "gamma": 613.4050200246597, "max_depth": 7.0, "min_child_weight": 3666.2930179147, "num_boost_round": 5.0, "subsample": 0.15953017976959794}, "datetime": {"datetime": "2024-01-20 15:47:31", "elapsed": 5012.007988, "delta": 0.002287}}
