{"target": -13.500145925515625, "params": {"colsample_bytree": 0.9396839573328931, "eta": 0.06875225058597949, "gamma": 422.76717167905565, "max_depth": 6.0, "min_child_weight": 4551.158567442413, "num_boost_round": 13.0, "subsample": 0.8702716898936262}, "datetime": {"datetime": "2024-01-20 16:14:29", "elapsed": 6622.724737, "delta": 0.005907}}
{"target": -13.500140042555953, "params": {"colsample_bytree": 0.9396839573328931, "eta": 0.06875225058597949, "gamma": 422.76717167905565, "max_depth": 6.0, "min_child_weight": 4551.158567442413, "num_boost_round": 14.0, "subsample": 0.8702716898936262}, "datetime": {"datetime": "2024-01-20 16:14:29", "elapsed": 6622.731194, "delta": 0.006457}}
{"target": -13.500605546746847, "params": {"colsample_bytree": 0.9396839573328931, "eta": 0.06875225058597949, "gamma": 422.76717167905565, "max_depth": 6.0, "min_child_weight": 4551.158567442413, "num_boost_round": 15.0, "subsample": 0.8702716898936262}, "datetime": {"datetime": "2024-01-20 16:14:29", "elapsed": 6622.737543, "delta": 0.006349}}
{"target": -13.500865111837971, "params": {"colsample_bytree": 0.9396839573328931, "eta": 0.06875225058597949, "gamma": 422.76717167905565, "max_depth": 6.0, "min_child_weight": 4551.158567442413, "num_boost_round": 16.0, "subsample": 0.8702716898936262}, "datetime": {"datetime": "2024-01-20 16:14:29", "elapsed": 6622.743741, "delta": 0.006198}}
{"target": -13.501120861997103, "params": {"colsample_bytree": 0.9396839573328931, "eta": 0.06875225058597949, "gamma": 422.76717167905565, "max_depth": 6.0, "min_child_weight": 4551.158567442413, "num_boost_round": 17.0, "subsample": 0.8702716898936262}, "datetime": {"datetime": "2024-01-20 16:14:29", "elapsed": 6622.749864, "delta": 0.006123}}
{"target": -13.501416825828072, "params": {"colsample_bytree": 0.9396839573328931, "eta": 0.06875225058597949, "gamma": 422.76717167905565, "max_depth": 6.0, "min_child_weight": 4551.158567442413, "num_boost_round": 18.0, "subsample": 0.8702716898936262}, "datetime": {"datetime": "2024-01-20 16:14:29", "elapsed": 6622.755911, "delta": 0.006047}}
{"target": -13.501564755927022, "params": {"colsample_bytree": 0.9396839573328931, "eta": 0.06875225058597949, "gamma": 422.76717167905565, "max_depth": 6.0, "min_child_weight": 4551.158567442413, "num_boost_round": 19.0, "subsample": 0.8702716898936262}, "datetime": {"datetime": "2024-01-20 16:14:29", "elapsed": 6622.761864, "delta": 0.005953}}
{"target": -13.501905998183316, "params": {"colsample_bytree": 0.9396839573328931, "eta": 0.06875225058597949, "gamma": 422.76717167905565, "max_depth": 6.0, "min_child_weight": 4551.158567442413, "num_boost_round": 20.0, "subsample": 0.8702716898936262}, "datetime": {"datetime": "2024-01-20 16:14:29", "elapsed": 6622.767752, "delta": 0.005888}}
{"target": -13.501848810049129, "params": {"colsample_bytree": 0.9396839573328931, "eta": 0.06875225058597949, "gamma": 422.76717167905565, "max_depth": 6.0, "min_child_weight": 4551.158567442413, "num_boost_round": 21.0, "subsample": 0.8702716898936262}, "datetime": {"datetime": "2024-01-20 16:14:29", "elapsed": 6622.773695, "delta": 0.005943}}
{"target": -13.502040671516891, "params": {"colsample_bytree": 0.9396839573328931, "eta": 0.06875225058597949, "gamma": 422.76717167905565, "max_depth": 6.0, "min_child_weight": 4551.158567442413, "num_boost_round": 22.0, "subsample": 0.8702716898936262}, "datetime": {"datetime": "2024-01-20 16:14:29", "elapsed": 6622.779622, "delta": 0.005927}}
{"target": -13.502352891674867, "params": {"colsample_bytree": 0.9396839573328931, "eta": 0.06875225058597949, "gamma": 422.76717167905565, "max_depth": 6.0, "min_child_weight": 4551.158567442413, "num_boost_round": 23.0, "subsample": 0.8702716898936262}, "datetime": {"datetime": "2024-01-20 16:14:29", "elapsed": 6622.785542, "delta": 0.00592}}
{"target": -13.502508110752718, "params": {"colsample_bytree": 0.9396839573328931, "eta": 0.06875225058597949, "gamma": 422.76717167905565, "max_depth": 6.0, "min_child_weight": 4551.158567442413, "num_boost_round": 24.0, "subsample": 0.8702716898936262}, "datetime": {"datetime": "2024-01-20 16:14:29", "elapsed": 6622.791982, "delta": 0.00644}}
{"target": -13.502755690374055, "params": {"colsample_bytree": 0.9396839573328931, "eta": 0.06875225058597949, "gamma": 422.76717167905565, "max_depth": 6.0, "min_child_weight": 4551.158567442413, "num_boost_round": 25.0, "subsample": 0.8702716898936262}, "datetime": {"datetime": "2024-01-20 16:14:29", "elapsed": 6622.798128, "delta": 0.006146}}
{"target": -13.502691254800933, "params": {"colsample_bytree": 0.9396839573328931, "eta": 0.06875225058597949, "gamma": 422.76717167905565, "max_depth": 6.0, "min_child_weight": 4551.158567442413, "num_boost_round": 26.0, "subsample": 0.8702716898936262}, "datetime": {"datetime": "2024-01-20 16:14:29", "elapsed": 6622.804707, "delta": 0.006579}}
{"target": -13.502918167263523, "params": {"colsample_bytree": 0.9396839573328931, "eta": 0.06875225058597949, "gamma": 422.76717167905565, "max_depth": 6.0, "min_child_weight": 4551.158567442413, "num_boost_round": 27.0, "subsample": 0.8702716898936262}, "datetime": {"datetime": "2024-01-20 16:14:29", "elapsed": 6622.811188, "delta": 0.006481}}
{"target": -13.50309883077398, "params": {"colsample_bytree": 0.9396839573328931, "eta": 0.06875225058597949, "gamma": 422.76717167905565, "max_depth": 6.0, "min_child_weight": 4551.158567442413, "num_boost_round": 28.0, "subsample": 0.8702716898936262}, "datetime": {"datetime": "2024-01-20 16:14:29", "elapsed": 6622.817599, "delta": 0.006411}}
{"target": -13.503124356892757, "params": {"colsample_bytree": 0.9396839573328931, "eta": 0.06875225058597949, "gamma": 422.76717167905565, "max_depth": 6.0, "min_child_weight": 4551.158567442413, "num_boost_round": 29.0, "subsample": 0.8702716898936262}, "datetime": {"datetime": "2024-01-20 16:14:29", "elapsed": 6622.823714, "delta": 0.006115}}
{"target": -13.503303385842653, "params": {"colsample_bytree": 0.9396839573328931, "eta": 0.06875225058597949, "gamma": 422.76717167905565, "max_depth": 6.0, "min_child_weight": 4551.158567442413, "num_boost_round": 30.0, "subsample": 0.8702716898936262}, "datetime": {"datetime": "2024-01-20 16:14:29", "elapsed": 6622.82977, "delta": 0.006056}}
{"target": -13.503512305934773, "params": {"colsample_bytree": 0.9396839573328931, "eta": 0.06875225058597949, "gamma": 422.76717167905565, "max_depth": 6.0, "min_child_weight": 4551.158567442413, "num_boost_round": 31.0, "subsample": 0.8702716898936262}, "datetime": {"datetime": "2024-01-20 16:14:29", "elapsed": 6622.835716, "delta": 0.005946}}
{"target": -13.503554431156516, "params": {"colsample_bytree": 0.9396839573328931, "eta": 0.06875225058597949, "gamma": 422.76717167905565, "max_depth": 6.0, "min_child_weight": 4551.158567442413, "num_boost_round": 32.0, "subsample": 0.8702716898936262}, "datetime": {"datetime": "2024-01-20 16:14:29", "elapsed": 6622.841675, "delta": 0.005959}}
{"target": -13.503576572266356, "params": {"colsample_bytree": 0.9396839573328931, "eta": 0.06875225058597949, "gamma": 422.76717167905565, "max_depth": 6.0, "min_child_weight": 4551.158567442413, "num_boost_round": 33.0, "subsample": 0.8702716898936262}, "datetime": {"datetime": "2024-01-20 16:14:29", "elapsed": 6622.847719, "delta": 0.006044}}
{"target": -13.503612444457598, "params": {"colsample_bytree": 0.9396839573328931, "eta": 0.06875225058597949, "gamma": 422.76717167905565, "max_depth": 6.0, "min_child_weight": 4551.158567442413, "num_boost_round": 34.0, "subsample": 0.8702716898936262}, "datetime": {"datetime": "2024-01-20 16:14:29", "elapsed": 6622.85369, "delta": 0.005971}}
{"target": -13.503684513158404, "params": {"colsample_bytree": 0.9396839573328931, "eta": 0.06875225058597949, "gamma": 422.76717167905565, "max_depth": 6.0, "min_child_weight": 4551.158567442413, "num_boost_round": 35.0, "subsample": 0.8702716898936262}, "datetime": {"datetime": "2024-01-20 16:14:29", "elapsed": 6622.859632, "delta": 0.005942}}
{"target": -13.503757328199544, "params": {"colsample_bytree": 0.9396839573328931, "eta": 0.06875225058597949, "gamma": 422.76717167905565, "max_depth": 6.0, "min_child_weight": 4551.158567442413, "num_boost_round": 36.0, "subsample": 0.8702716898936262}, "datetime": {"datetime": "2024-01-20 16:14:29", "elapsed": 6622.865708, "delta": 0.006076}}
{"target": -13.503777079959445, "params": {"colsample_bytree": 0.9396839573328931, "eta": 0.06875225058597949, "gamma": 422.76717167905565, "max_depth": 6.0, "min_child_weight": 4551.158567442413, "num_boost_round": 37.0, "subsample": 0.8702716898936262}, "datetime": {"datetime": "2024-01-20 16:14:29", "elapsed": 6622.875011, "delta": 0.009303}}
{"target": -13.503996628310809, "params": {"colsample_bytree": 0.9396839573328931, "eta": 0.06875225058597949, "gamma": 422.76717167905565, "max_depth": 6.0, "min_child_weight": 4551.158567442413, "num_boost_round": 38.0, "subsample": 0.8702716898936262}, "datetime": {"datetime": "2024-01-20 16:14:29", "elapsed": 6622.885212, "delta": 0.010201}}
{"target": -13.50438498726204, "params": {"colsample_bytree": 0.9396839573328931, "eta": 0.06875225058597949, "gamma": 422.76717167905565, "max_depth": 6.0, "min_child_weight": 4551.158567442413, "num_boost_round": 39.0, "subsample": 0.8702716898936262}, "datetime": {"datetime": "2024-01-20 16:14:29", "elapsed": 6622.892185, "delta": 0.006973}}
{"target": -13.49765642974998, "params": {"colsample_bytree": 0.6907744511288975, "eta": 0.03303640226059655, "gamma": 301.22036633091676, "max_depth": 4.0, "min_child_weight": 3965.7824377650436, "num_boost_round": 1.0, "subsample": 0.5742063367902099}, "datetime": {"datetime": "2024-01-20 16:17:06", "elapsed": 6779.730039, "delta": 156.837854}}
{"target": -13.49748039950363, "params": {"colsample_bytree": 0.6907744511288975, "eta": 0.03303640226059655, "gamma": 301.22036633091676, "max_depth": 4.0, "min_child_weight": 3965.7824377650436, "num_boost_round": 2.0, "subsample": 0.5742063367902099}, "datetime": {"datetime": "2024-01-20 16:17:06", "elapsed": 6779.738003, "delta": 0.007964}}
{"target": -13.497934627677584, "params": {"colsample_bytree": 0.36400417646408134, "eta": 0.0731639914681257, "gamma": 535.7004745711623, "max_depth": 2.0, "min_child_weight": 4292.174865508392, "num_boost_round": 1.0, "subsample": 0.33227746810666314}, "datetime": {"datetime": "2024-01-20 16:19:22", "elapsed": 6915.996207, "delta": 136.258204}}
{"target": -13.497621995082948, "params": {"colsample_bytree": 0.36400417646408134, "eta": 0.0731639914681257, "gamma": 535.7004745711623, "max_depth": 2.0, "min_child_weight": 4292.174865508392, "num_boost_round": 2.0, "subsample": 0.33227746810666314}, "datetime": {"datetime": "2024-01-20 16:19:22", "elapsed": 6916.00389, "delta": 0.007683}}
{"target": -13.497710911769815, "params": {"colsample_bytree": 0.36400417646408134, "eta": 0.0731639914681257, "gamma": 535.7004745711623, "max_depth": 2.0, "min_child_weight": 4292.174865508392, "num_boost_round": 3.0, "subsample": 0.33227746810666314}, "datetime": {"datetime": "2024-01-20 16:19:22", "elapsed": 6916.009941, "delta": 0.006051}}
{"target": -13.497748169402744, "params": {"colsample_bytree": 0.36400417646408134, "eta": 0.0731639914681257, "gamma": 535.7004745711623, "max_depth": 2.0, "min_child_weight": 4292.174865508392, "num_boost_round": 4.0, "subsample": 0.33227746810666314}, "datetime": {"datetime": "2024-01-20 16:19:22", "elapsed": 6916.016042, "delta": 0.006101}}
{"target": -13.497405621760524, "params": {"colsample_bytree": 0.36400417646408134, "eta": 0.0731639914681257, "gamma": 535.7004745711623, "max_depth": 2.0, "min_child_weight": 4292.174865508392, "num_boost_round": 5.0, "subsample": 0.33227746810666314}, "datetime": {"datetime": "2024-01-20 16:19:22", "elapsed": 6916.021916, "delta": 0.005874}}
{"target": -13.497251303092945, "params": {"colsample_bytree": 0.36400417646408134, "eta": 0.0731639914681257, "gamma": 535.7004745711623, "max_depth": 2.0, "min_child_weight": 4292.174865508392, "num_boost_round": 6.0, "subsample": 0.33227746810666314}, "datetime": {"datetime": "2024-01-20 16:19:22", "elapsed": 6916.027778, "delta": 0.005862}}
{"target": -13.497351818565814, "params": {"colsample_bytree": 0.36400417646408134, "eta": 0.0731639914681257, "gamma": 535.7004745711623, "max_depth": 2.0, "min_child_weight": 4292.174865508392, "num_boost_round": 7.0, "subsample": 0.33227746810666314}, "datetime": {"datetime": "2024-01-20 16:19:22", "elapsed": 6916.033968, "delta": 0.00619}}
{"target": -13.497240287130868, "params": {"colsample_bytree": 0.36400417646408134, "eta": 0.0731639914681257, "gamma": 535.7004745711623, "max_depth": 2.0, "min_child_weight": 4292.174865508392, "num_boost_round": 8.0, "subsample": 0.33227746810666314}, "datetime": {"datetime": "2024-01-20 16:19:22", "elapsed": 6916.040107, "delta": 0.006139}}
{"target": -13.49718619609458, "params": {"colsample_bytree": 0.36400417646408134, "eta": 0.0731639914681257, "gamma": 535.7004745711623, "max_depth": 2.0, "min_child_weight": 4292.174865508392, "num_boost_round": 9.0, "subsample": 0.33227746810666314}, "datetime": {"datetime": "2024-01-20 16:19:22", "elapsed": 6916.046004, "delta": 0.005897}}
{"target": -13.497111075927117, "params": {"colsample_bytree": 0.36400417646408134, "eta": 0.0731639914681257, "gamma": 535.7004745711623, "max_depth": 2.0, "min_child_weight": 4292.174865508392, "num_boost_round": 10.0, "subsample": 0.33227746810666314}, "datetime": {"datetime": "2024-01-20 16:19:22", "elapsed": 6916.052018, "delta": 0.006014}}
{"target": -13.497146730368588, "params": {"colsample_bytree": 0.36400417646408134, "eta": 0.0731639914681257, "gamma": 535.7004745711623, "max_depth": 2.0, "min_child_weight": 4292.174865508392, "num_boost_round": 11.0, "subsample": 0.33227746810666314}, "datetime": {"datetime": "2024-01-20 16:19:22", "elapsed": 6916.058379, "delta": 0.006361}}
{"target": -13.497046093629496, "params": {"colsample_bytree": 0.36400417646408134, "eta": 0.0731639914681257, "gamma": 535.7004745711623, "max_depth": 2.0, "min_child_weight": 4292.174865508392, "num_boost_round": 12.0, "subsample": 0.33227746810666314}, "datetime": {"datetime": "2024-01-20 16:19:22", "elapsed": 6916.064644, "delta": 0.006265}}
{"target": -13.497110464187697, "params": {"colsample_bytree": 0.36400417646408134, "eta": 0.0731639914681257, "gamma": 535.7004745711623, "max_depth": 2.0, "min_child_weight": 4292.174865508392, "num_boost_round": 13.0, "subsample": 0.33227746810666314}, "datetime": {"datetime": "2024-01-20 16:19:22", "elapsed": 6916.070797, "delta": 0.006153}}
{"target": -13.497231073465748, "params": {"colsample_bytree": 0.36400417646408134, "eta": 0.0731639914681257, "gamma": 535.7004745711623, "max_depth": 2.0, "min_child_weight": 4292.174865508392, "num_boost_round": 14.0, "subsample": 0.33227746810666314}, "datetime": {"datetime": "2024-01-20 16:19:22", "elapsed": 6916.077032, "delta": 0.006235}}
{"target": -13.497123338696014, "params": {"colsample_bytree": 0.36400417646408134, "eta": 0.0731639914681257, "gamma": 535.7004745711623, "max_depth": 2.0, "min_child_weight": 4292.174865508392, "num_boost_round": 15.0, "subsample": 0.33227746810666314}, "datetime": {"datetime": "2024-01-20 16:19:22", "elapsed": 6916.083016, "delta": 0.005984}}
{"target": -13.497359273949503, "params": {"colsample_bytree": 0.36400417646408134, "eta": 0.0731639914681257, "gamma": 535.7004745711623, "max_depth": 2.0, "min_child_weight": 4292.174865508392, "num_boost_round": 16.0, "subsample": 0.33227746810666314}, "datetime": {"datetime": "2024-01-20 16:19:22", "elapsed": 6916.089003, "delta": 0.005987}}
{"target": -13.497390155157877, "params": {"colsample_bytree": 0.36400417646408134, "eta": 0.0731639914681257, "gamma": 535.7004745711623, "max_depth": 2.0, "min_child_weight": 4292.174865508392, "num_boost_round": 17.0, "subsample": 0.33227746810666314}, "datetime": {"datetime": "2024-01-20 16:19:22", "elapsed": 6916.095016, "delta": 0.006013}}
{"target": -13.497419516528897, "params": {"colsample_bytree": 0.36400417646408134, "eta": 0.0731639914681257, "gamma": 535.7004745711623, "max_depth": 2.0, "min_child_weight": 4292.174865508392, "num_boost_round": 18.0, "subsample": 0.33227746810666314}, "datetime": {"datetime": "2024-01-20 16:19:22", "elapsed": 6916.100886, "delta": 0.00587}}
{"target": -13.497486333430198, "params": {"colsample_bytree": 0.36400417646408134, "eta": 0.0731639914681257, "gamma": 535.7004745711623, "max_depth": 2.0, "min_child_weight": 4292.174865508392, "num_boost_round": 19.0, "subsample": 0.33227746810666314}, "datetime": {"datetime": "2024-01-20 16:19:22", "elapsed": 6916.106746, "delta": 0.00586}}
{"target": -13.4975243662202, "params": {"colsample_bytree": 0.36400417646408134, "eta": 0.0731639914681257, "gamma": 535.7004745711623, "max_depth": 2.0, "min_child_weight": 4292.174865508392, "num_boost_round": 20.0, "subsample": 0.33227746810666314}, "datetime": {"datetime": "2024-01-20 16:19:22", "elapsed": 6916.112798, "delta": 0.006052}}
{"target": -13.497560579409365, "params": {"colsample_bytree": 0.36400417646408134, "eta": 0.0731639914681257, "gamma": 535.7004745711623, "max_depth": 2.0, "min_child_weight": 4292.174865508392, "num_boost_round": 21.0, "subsample": 0.33227746810666314}, "datetime": {"datetime": "2024-01-20 16:19:22", "elapsed": 6916.118749, "delta": 0.005951}}
{"target": -13.49752509086785, "params": {"colsample_bytree": 0.36400417646408134, "eta": 0.0731639914681257, "gamma": 535.7004745711623, "max_depth": 2.0, "min_child_weight": 4292.174865508392, "num_boost_round": 22.0, "subsample": 0.33227746810666314}, "datetime": {"datetime": "2024-01-20 16:19:22", "elapsed": 6916.124642, "delta": 0.005893}}
{"target": -13.497410936918412, "params": {"colsample_bytree": 0.36400417646408134, "eta": 0.0731639914681257, "gamma": 535.7004745711623, "max_depth": 2.0, "min_child_weight": 4292.174865508392, "num_boost_round": 23.0, "subsample": 0.33227746810666314}, "datetime": {"datetime": "2024-01-20 16:19:22", "elapsed": 6916.130938, "delta": 0.006296}}
{"target": -13.497527199494527, "params": {"colsample_bytree": 0.36400417646408134, "eta": 0.0731639914681257, "gamma": 535.7004745711623, "max_depth": 2.0, "min_child_weight": 4292.174865508392, "num_boost_round": 24.0, "subsample": 0.33227746810666314}, "datetime": {"datetime": "2024-01-20 16:19:22", "elapsed": 6916.137494, "delta": 0.006556}}
{"target": -13.497399550224428, "params": {"colsample_bytree": 0.36400417646408134, "eta": 0.0731639914681257, "gamma": 535.7004745711623, "max_depth": 2.0, "min_child_weight": 4292.174865508392, "num_boost_round": 25.0, "subsample": 0.33227746810666314}, "datetime": {"datetime": "2024-01-20 16:19:22", "elapsed": 6916.143914, "delta": 0.00642}}
{"target": -13.497257538152454, "params": {"colsample_bytree": 0.36400417646408134, "eta": 0.0731639914681257, "gamma": 535.7004745711623, "max_depth": 2.0, "min_child_weight": 4292.174865508392, "num_boost_round": 26.0, "subsample": 0.33227746810666314}, "datetime": {"datetime": "2024-01-20 16:19:22", "elapsed": 6916.150017, "delta": 0.006103}}
{"target": -13.49740516239445, "params": {"colsample_bytree": 0.36400417646408134, "eta": 0.0731639914681257, "gamma": 535.7004745711623, "max_depth": 2.0, "min_child_weight": 4292.174865508392, "num_boost_round": 27.0, "subsample": 0.33227746810666314}, "datetime": {"datetime": "2024-01-20 16:19:22", "elapsed": 6916.156084, "delta": 0.006067}}
{"target": -13.497323328213469, "params": {"colsample_bytree": 0.36400417646408134, "eta": 0.0731639914681257, "gamma": 535.7004745711623, "max_depth": 2.0, "min_child_weight": 4292.174865508392, "num_boost_round": 28.0, "subsample": 0.33227746810666314}, "datetime": {"datetime": "2024-01-20 16:19:22", "elapsed": 6916.162011, "delta": 0.005927}}
{"target": -13.497463479324004, "params": {"colsample_bytree": 0.36400417646408134, "eta": 0.0731639914681257, "gamma": 535.7004745711623, "max_depth": 2.0, "min_child_weight": 4292.174865508392, "num_boost_round": 29.0, "subsample": 0.33227746810666314}, "datetime": {"datetime": "2024-01-20 16:19:22", "elapsed": 6916.168042, "delta": 0.006031}}
{"target": -13.497590007184813, "params": {"colsample_bytree": 0.36400417646408134, "eta": 0.0731639914681257, "gamma": 535.7004745711623, "max_depth": 2.0, "min_child_weight": 4292.174865508392, "num_boost_round": 30.0, "subsample": 0.33227746810666314}, "datetime": {"datetime": "2024-01-20 16:19:22", "elapsed": 6916.174078, "delta": 0.006036}}
{"target": -13.49749684737887, "params": {"colsample_bytree": 0.36400417646408134, "eta": 0.0731639914681257, "gamma": 535.7004745711623, "max_depth": 2.0, "min_child_weight": 4292.174865508392, "num_boost_round": 31.0, "subsample": 0.33227746810666314}, "datetime": {"datetime": "2024-01-20 16:19:22", "elapsed": 6916.17993, "delta": 0.005852}}
{"target": -13.49750818470125, "params": {"colsample_bytree": 0.36400417646408134, "eta": 0.0731639914681257, "gamma": 535.7004745711623, "max_depth": 2.0, "min_child_weight": 4292.174865508392, "num_boost_round": 32.0, "subsample": 0.33227746810666314}, "datetime": {"datetime": "2024-01-20 16:19:22", "elapsed": 6916.18584, "delta": 0.00591}}
{"target": -13.497509001365458, "params": {"colsample_bytree": 0.36400417646408134, "eta": 0.0731639914681257, "gamma": 535.7004745711623, "max_depth": 2.0, "min_child_weight": 4292.174865508392, "num_boost_round": 33.0, "subsample": 0.33227746810666314}, "datetime": {"datetime": "2024-01-20 16:19:22", "elapsed": 6916.191838, "delta": 0.005998}}
{"target": -13.497501604917625, "params": {"colsample_bytree": 0.36400417646408134, "eta": 0.0731639914681257, "gamma": 535.7004745711623, "max_depth": 2.0, "min_child_weight": 4292.174865508392, "num_boost_round": 34.0, "subsample": 0.33227746810666314}, "datetime": {"datetime": "2024-01-20 16:19:22", "elapsed": 6916.197729, "delta": 0.005891}}
