{"target": -19.14368330455235, "params": {"colsample_bytree": 0.4141149095385702, "eta": 0.04207258645473308, "gamma": 808.9150874325335, "max_depth": 7.0, "min_child_weight": 4169.910258429765, "num_boost_round": 4.0, "subsample": 0.8853214622252265}, "datetime": {"datetime": "2024-01-20 14:39:02", "elapsed": 909.990669, "delta": 0.222219}}
{"target": -19.143915683241836, "params": {"colsample_bytree": 0.4141149095385702, "eta": 0.04207258645473308, "gamma": 808.9150874325335, "max_depth": 7.0, "min_child_weight": 4169.910258429765, "num_boost_round": 5.0, "subsample": 0.8853214622252265}, "datetime": {"datetime": "2024-01-20 14:39:02", "elapsed": 909.992766, "delta": 0.002097}}
{"target": -19.143483245184534, "params": {"colsample_bytree": 0.4141149095385702, "eta": 0.04207258645473308, "gamma": 808.9150874325335, "max_depth": 7.0, "min_child_weight": 4169.910258429765, "num_boost_round": 6.0, "subsample": 0.8853214622252265}, "datetime": {"datetime": "2024-01-20 14:39:02", "elapsed": 909.994487, "delta": 0.001721}}
{"target": -19.143812436112704, "params": {"colsample_bytree": 0.4141149095385702, "eta": 0.04207258645473308, "gamma": 808.9150874325335, "max_depth": 7.0, "min_child_weight": 4169.910258429765, "num_boost_round": 7.0, "subsample": 0.8853214622252265}, "datetime": {"datetime": "2024-01-20 14:39:02", "elapsed": 910.00043, "delta": 0.005943}}
{"target": -19.14393629160534, "params": {"colsample_bytree": 0.4141149095385702, "eta": 0.04207258645473308, "gamma": 808.9150874325335, "max_depth": 7.0, "min_child_weight": 4169.910258429765, "num_boost_round": 8.0, "subsample": 0.8853214622252265}, "datetime": {"datetime": "2024-01-20 14:39:02", "elapsed": 910.002158, "delta": 0.001728}}
{"target": -19.14385615681519, "params": {"colsample_bytree": 0.4141149095385702, "eta": 0.04207258645473308, "gamma": 808.9150874325335, "max_depth": 7.0, "min_child_weight": 4169.910258429765, "num_boost_round": 9.0, "subsample": 0.8853214622252265}, "datetime": {"datetime": "2024-01-20 14:39:02", "elapsed": 910.003761, "delta": 0.001603}}
{"target": -19.14391269977294, "params": {"colsample_bytree": 0.4141149095385702, "eta": 0.04207258645473308, "gamma": 808.9150874325335, "max_depth": 7.0, "min_child_weight": 4169.910258429765, "num_boost_round": 10.0, "subsample": 0.8853214622252265}, "datetime": {"datetime": "2024-01-20 14:39:02", "elapsed": 910.005395, "delta": 0.001634}}
{"target": -19.14382733916179, "params": {"colsample_bytree": 0.4141149095385702, "eta": 0.04207258645473308, "gamma": 808.9150874325335, "max_depth": 7.0, "min_child_weight": 4169.910258429765, "num_boost_round": 11.0, "subsample": 0.8853214622252265}, "datetime": {"datetime": "2024-01-20 14:39:02", "elapsed": 910.007056, "delta": 0.001661}}
{"target": -19.144108811487698, "params": {"colsample_bytree": 0.4141149095385702, "eta": 0.04207258645473308, "gamma": 808.9150874325335, "max_depth": 7.0, "min_child_weight": 4169.910258429765, "num_boost_round": 12.0, "subsample": 0.8853214622252265}, "datetime": {"datetime": "2024-01-20 14:39:02", "elapsed": 910.00873, "delta": 0.001674}}
{"target": -19.144440845024114, "params": {"colsample_bytree": 0.4141149095385702, "eta": 0.04207258645473308, "gamma": 808.9150874325335, "max_depth": 7.0, "min_child_weight": 4169.910258429765, "num_boost_round": 13.0, "subsample": 0.8853214622252265}, "datetime": {"datetime": "2024-01-20 14:39:02", "elapsed": 910.010383, "delta": 0.001653}}
{"target": -19.14506614043471, "params": {"colsample_bytree": 0.4141149095385702, "eta": 0.04207258645473308, "gamma": 808.9150874325335, "max_depth": 7.0, "min_child_weight": 4169.910258429765, "num_boost_round": 14.0, "subsample": 0.8853214622252265}, "datetime": {"datetime": "2024-01-20 14:39:02", "elapsed": 910.012061, "delta": 0.001678}}
{"target": -19.145874103932513, "params": {"colsample_bytree": 0.4141149095385702, "eta": 0.04207258645473308, "gamma": 808.9150874325335, "max_depth": 7.0, "min_child_weight": 4169.910258429765, "num_boost_round": 15.0, "subsample": 0.8853214622252265}, "datetime": {"datetime": "2024-01-20 14:39:02", "elapsed": 910.013693, "delta": 0.001632}}
{"target": -19.14580359300094, "params": {"colsample_bytree": 0.4141149095385702, "eta": 0.04207258645473308, "gamma": 808.9150874325335, "max_depth": 7.0, "min_child_weight": 4169.910258429765, "num_boost_round": 16.0, "subsample": 0.8853214622252265}, "datetime": {"datetime": "2024-01-20 14:39:02", "elapsed": 910.015337, "delta": 0.001644}}
{"target": -19.146351261589306, "params": {"colsample_bytree": 0.4141149095385702, "eta": 0.04207258645473308, "gamma": 808.9150874325335, "max_depth": 7.0, "min_child_weight": 4169.910258429765, "num_boost_round": 17.0, "subsample": 0.8853214622252265}, "datetime": {"datetime": "2024-01-20 14:39:02", "elapsed": 910.016995, "delta": 0.001658}}
{"target": -19.14693333263578, "params": {"colsample_bytree": 0.4141149095385702, "eta": 0.04207258645473308, "gamma": 808.9150874325335, "max_depth": 7.0, "min_child_weight": 4169.910258429765, "num_boost_round": 18.0, "subsample": 0.8853214622252265}, "datetime": {"datetime": "2024-01-20 14:39:02", "elapsed": 910.018632, "delta": 0.001637}}
{"target": -19.147508701317513, "params": {"colsample_bytree": 0.4141149095385702, "eta": 0.04207258645473308, "gamma": 808.9150874325335, "max_depth": 7.0, "min_child_weight": 4169.910258429765, "num_boost_round": 19.0, "subsample": 0.8853214622252265}, "datetime": {"datetime": "2024-01-20 14:39:02", "elapsed": 910.020281, "delta": 0.001649}}
{"target": -19.148217115280353, "params": {"colsample_bytree": 0.4141149095385702, "eta": 0.04207258645473308, "gamma": 808.9150874325335, "max_depth": 7.0, "min_child_weight": 4169.910258429765, "num_boost_round": 20.0, "subsample": 0.8853214622252265}, "datetime": {"datetime": "2024-01-20 14:39:02", "elapsed": 910.021946, "delta": 0.001665}}
{"target": -19.148630905527504, "params": {"colsample_bytree": 0.4141149095385702, "eta": 0.04207258645473308, "gamma": 808.9150874325335, "max_depth": 7.0, "min_child_weight": 4169.910258429765, "num_boost_round": 21.0, "subsample": 0.8853214622252265}, "datetime": {"datetime": "2024-01-20 14:39:02", "elapsed": 910.0236, "delta": 0.001654}}
{"target": -19.14935708180429, "params": {"colsample_bytree": 0.4141149095385702, "eta": 0.04207258645473308, "gamma": 808.9150874325335, "max_depth": 7.0, "min_child_weight": 4169.910258429765, "num_boost_round": 22.0, "subsample": 0.8853214622252265}, "datetime": {"datetime": "2024-01-20 14:39:02", "elapsed": 910.025246, "delta": 0.001646}}
{"target": -19.14914635606881, "params": {"colsample_bytree": 0.4141149095385702, "eta": 0.04207258645473308, "gamma": 808.9150874325335, "max_depth": 7.0, "min_child_weight": 4169.910258429765, "num_boost_round": 23.0, "subsample": 0.8853214622252265}, "datetime": {"datetime": "2024-01-20 14:39:02", "elapsed": 910.0269, "delta": 0.001654}}
{"target": -19.14944722797487, "params": {"colsample_bytree": 0.4141149095385702, "eta": 0.04207258645473308, "gamma": 808.9150874325335, "max_depth": 7.0, "min_child_weight": 4169.910258429765, "num_boost_round": 24.0, "subsample": 0.8853214622252265}, "datetime": {"datetime": "2024-01-20 14:39:02", "elapsed": 910.028552, "delta": 0.001652}}
{"target": -19.149768234453695, "params": {"colsample_bytree": 0.4141149095385702, "eta": 0.04207258645473308, "gamma": 808.9150874325335, "max_depth": 7.0, "min_child_weight": 4169.910258429765, "num_boost_round": 25.0, "subsample": 0.8853214622252265}, "datetime": {"datetime": "2024-01-20 14:39:02", "elapsed": 910.030196, "delta": 0.001644}}
{"target": -19.15004997593912, "params": {"colsample_bytree": 0.4141149095385702, "eta": 0.04207258645473308, "gamma": 808.9150874325335, "max_depth": 7.0, "min_child_weight": 4169.910258429765, "num_boost_round": 26.0, "subsample": 0.8853214622252265}, "datetime": {"datetime": "2024-01-20 14:39:02", "elapsed": 910.031851, "delta": 0.001655}}
{"target": -19.150692915222745, "params": {"colsample_bytree": 0.4141149095385702, "eta": 0.04207258645473308, "gamma": 808.9150874325335, "max_depth": 7.0, "min_child_weight": 4169.910258429765, "num_boost_round": 27.0, "subsample": 0.8853214622252265}, "datetime": {"datetime": "2024-01-20 14:39:02", "elapsed": 910.033493, "delta": 0.001642}}
{"target": -19.15103147379446, "params": {"colsample_bytree": 0.4141149095385702, "eta": 0.04207258645473308, "gamma": 808.9150874325335, "max_depth": 7.0, "min_child_weight": 4169.910258429765, "num_boost_round": 28.0, "subsample": 0.8853214622252265}, "datetime": {"datetime": "2024-01-20 14:39:02", "elapsed": 910.03514, "delta": 0.001647}}
{"target": -19.150837977117998, "params": {"colsample_bytree": 0.4141149095385702, "eta": 0.04207258645473308, "gamma": 808.9150874325335, "max_depth": 7.0, "min_child_weight": 4169.910258429765, "num_boost_round": 29.0, "subsample": 0.8853214622252265}, "datetime": {"datetime": "2024-01-20 14:39:02", "elapsed": 910.036785, "delta": 0.001645}}
{"target": -19.151026355484554, "params": {"colsample_bytree": 0.4141149095385702, "eta": 0.04207258645473308, "gamma": 808.9150874325335, "max_depth": 7.0, "min_child_weight": 4169.910258429765, "num_boost_round": 30.0, "subsample": 0.8853214622252265}, "datetime": {"datetime": "2024-01-20 14:39:02", "elapsed": 910.038442, "delta": 0.001657}}
{"target": -19.15168730428954, "params": {"colsample_bytree": 0.4141149095385702, "eta": 0.04207258645473308, "gamma": 808.9150874325335, "max_depth": 7.0, "min_child_weight": 4169.910258429765, "num_boost_round": 31.0, "subsample": 0.8853214622252265}, "datetime": {"datetime": "2024-01-20 14:39:02", "elapsed": 910.040107, "delta": 0.001665}}
{"target": -19.15179893708766, "params": {"colsample_bytree": 0.4141149095385702, "eta": 0.04207258645473308, "gamma": 808.9150874325335, "max_depth": 7.0, "min_child_weight": 4169.910258429765, "num_boost_round": 32.0, "subsample": 0.8853214622252265}, "datetime": {"datetime": "2024-01-20 14:39:02", "elapsed": 910.041773, "delta": 0.001666}}
{"target": -19.15182462621942, "params": {"colsample_bytree": 0.4141149095385702, "eta": 0.04207258645473308, "gamma": 808.9150874325335, "max_depth": 7.0, "min_child_weight": 4169.910258429765, "num_boost_round": 33.0, "subsample": 0.8853214622252265}, "datetime": {"datetime": "2024-01-20 14:39:02", "elapsed": 910.043437, "delta": 0.001664}}
{"target": -19.152416326747122, "params": {"colsample_bytree": 0.4141149095385702, "eta": 0.04207258645473308, "gamma": 808.9150874325335, "max_depth": 7.0, "min_child_weight": 4169.910258429765, "num_boost_round": 34.0, "subsample": 0.8853214622252265}, "datetime": {"datetime": "2024-01-20 14:39:02", "elapsed": 910.045108, "delta": 0.001671}}
{"target": -19.153210219876662, "params": {"colsample_bytree": 0.4141149095385702, "eta": 0.04207258645473308, "gamma": 808.9150874325335, "max_depth": 7.0, "min_child_weight": 4169.910258429765, "num_boost_round": 35.0, "subsample": 0.8853214622252265}, "datetime": {"datetime": "2024-01-20 14:39:02", "elapsed": 910.046769, "delta": 0.001661}}
{"target": -19.15329538604639, "params": {"colsample_bytree": 0.4141149095385702, "eta": 0.04207258645473308, "gamma": 808.9150874325335, "max_depth": 7.0, "min_child_weight": 4169.910258429765, "num_boost_round": 36.0, "subsample": 0.8853214622252265}, "datetime": {"datetime": "2024-01-20 14:39:02", "elapsed": 910.04904, "delta": 0.002271}}
{"target": -19.153503539743735, "params": {"colsample_bytree": 0.4141149095385702, "eta": 0.04207258645473308, "gamma": 808.9150874325335, "max_depth": 7.0, "min_child_weight": 4169.910258429765, "num_boost_round": 37.0, "subsample": 0.8853214622252265}, "datetime": {"datetime": "2024-01-20 14:39:02", "elapsed": 910.050897, "delta": 0.001857}}
{"target": -19.154359211554564, "params": {"colsample_bytree": 0.4141149095385702, "eta": 0.04207258645473308, "gamma": 808.9150874325335, "max_depth": 7.0, "min_child_weight": 4169.910258429765, "num_boost_round": 38.0, "subsample": 0.8853214622252265}, "datetime": {"datetime": "2024-01-20 14:39:02", "elapsed": 910.052641, "delta": 0.001744}}
{"target": -19.15479325846563, "params": {"colsample_bytree": 0.4141149095385702, "eta": 0.04207258645473308, "gamma": 808.9150874325335, "max_depth": 7.0, "min_child_weight": 4169.910258429765, "num_boost_round": 39.0, "subsample": 0.8853214622252265}, "datetime": {"datetime": "2024-01-20 14:39:02", "elapsed": 910.054411, "delta": 0.00177}}
{"target": -19.154864220819263, "params": {"colsample_bytree": 0.4141149095385702, "eta": 0.04207258645473308, "gamma": 808.9150874325335, "max_depth": 7.0, "min_child_weight": 4169.910258429765, "num_boost_round": 40.0, "subsample": 0.8853214622252265}, "datetime": {"datetime": "2024-01-20 14:39:02", "elapsed": 910.056161, "delta": 0.00175}}
{"target": -19.15496896870271, "params": {"colsample_bytree": 0.4141149095385702, "eta": 0.04207258645473308, "gamma": 808.9150874325335, "max_depth": 7.0, "min_child_weight": 4169.910258429765, "num_boost_round": 41.0, "subsample": 0.8853214622252265}, "datetime": {"datetime": "2024-01-20 14:39:02", "elapsed": 910.057806, "delta": 0.001645}}
{"target": -19.155056522385465, "params": {"colsample_bytree": 0.4141149095385702, "eta": 0.04207258645473308, "gamma": 808.9150874325335, "max_depth": 7.0, "min_child_weight": 4169.910258429765, "num_boost_round": 42.0, "subsample": 0.8853214622252265}, "datetime": {"datetime": "2024-01-20 14:39:02", "elapsed": 910.059462, "delta": 0.001656}}
{"target": -19.15511141457432, "params": {"colsample_bytree": 0.4141149095385702, "eta": 0.04207258645473308, "gamma": 808.9150874325335, "max_depth": 7.0, "min_child_weight": 4169.910258429765, "num_boost_round": 43.0, "subsample": 0.8853214622252265}, "datetime": {"datetime": "2024-01-20 14:39:02", "elapsed": 910.061116, "delta": 0.001654}}
{"target": -19.15578440900397, "params": {"colsample_bytree": 0.4141149095385702, "eta": 0.04207258645473308, "gamma": 808.9150874325335, "max_depth": 7.0, "min_child_weight": 4169.910258429765, "num_boost_round": 44.0, "subsample": 0.8853214622252265}, "datetime": {"datetime": "2024-01-20 14:39:02", "elapsed": 910.06277, "delta": 0.001654}}
{"target": -19.155873470006007, "params": {"colsample_bytree": 0.4141149095385702, "eta": 0.04207258645473308, "gamma": 808.9150874325335, "max_depth": 7.0, "min_child_weight": 4169.910258429765, "num_boost_round": 45.0, "subsample": 0.8853214622252265}, "datetime": {"datetime": "2024-01-20 14:39:02", "elapsed": 910.064458, "delta": 0.001688}}
{"target": -19.15597574666799, "params": {"colsample_bytree": 0.4141149095385702, "eta": 0.04207258645473308, "gamma": 808.9150874325335, "max_depth": 7.0, "min_child_weight": 4169.910258429765, "num_boost_round": 46.0, "subsample": 0.8853214622252265}, "datetime": {"datetime": "2024-01-20 14:39:02", "elapsed": 910.066168, "delta": 0.00171}}
{"target": -19.156332232160658, "params": {"colsample_bytree": 0.4141149095385702, "eta": 0.04207258645473308, "gamma": 808.9150874325335, "max_depth": 7.0, "min_child_weight": 4169.910258429765, "num_boost_round": 47.0, "subsample": 0.8853214622252265}, "datetime": {"datetime": "2024-01-20 14:39:02", "elapsed": 910.067912, "delta": 0.001744}}
{"target": -19.156402296407215, "params": {"colsample_bytree": 0.4141149095385702, "eta": 0.04207258645473308, "gamma": 808.9150874325335, "max_depth": 7.0, "min_child_weight": 4169.910258429765, "num_boost_round": 48.0, "subsample": 0.8853214622252265}, "datetime": {"datetime": "2024-01-20 14:39:02", "elapsed": 910.069621, "delta": 0.001709}}
{"target": -19.156966040600143, "params": {"colsample_bytree": 0.4141149095385702, "eta": 0.04207258645473308, "gamma": 808.9150874325335, "max_depth": 7.0, "min_child_weight": 4169.910258429765, "num_boost_round": 49.0, "subsample": 0.8853214622252265}, "datetime": {"datetime": "2024-01-20 14:39:02", "elapsed": 910.071326, "delta": 0.001705}}
{"target": -19.15711777072829, "params": {"colsample_bytree": 0.4141149095385702, "eta": 0.04207258645473308, "gamma": 808.9150874325335, "max_depth": 7.0, "min_child_weight": 4169.910258429765, "num_boost_round": 50.0, "subsample": 0.8853214622252265}, "datetime": {"datetime": "2024-01-20 14:39:02", "elapsed": 910.073033, "delta": 0.001707}}
{"target": -19.15713265759302, "params": {"colsample_bytree": 0.4141149095385702, "eta": 0.04207258645473308, "gamma": 808.9150874325335, "max_depth": 7.0, "min_child_weight": 4169.910258429765, "num_boost_round": 51.0, "subsample": 0.8853214622252265}, "datetime": {"datetime": "2024-01-20 14:39:02", "elapsed": 910.074731, "delta": 0.001698}}
{"target": -19.157236134923735, "params": {"colsample_bytree": 0.4141149095385702, "eta": 0.04207258645473308, "gamma": 808.9150874325335, "max_depth": 7.0, "min_child_weight": 4169.910258429765, "num_boost_round": 52.0, "subsample": 0.8853214622252265}, "datetime": {"datetime": "2024-01-20 14:39:02", "elapsed": 910.07643, "delta": 0.001699}}
{"target": -19.15768728935668, "params": {"colsample_bytree": 0.4141149095385702, "eta": 0.04207258645473308, "gamma": 808.9150874325335, "max_depth": 7.0, "min_child_weight": 4169.910258429765, "num_boost_round": 53.0, "subsample": 0.8853214622252265}, "datetime": {"datetime": "2024-01-20 14:39:02", "elapsed": 910.078151, "delta": 0.001721}}
{"target": -19.157920133808826, "params": {"colsample_bytree": 0.4141149095385702, "eta": 0.04207258645473308, "gamma": 808.9150874325335, "max_depth": 7.0, "min_child_weight": 4169.910258429765, "num_boost_round": 54.0, "subsample": 0.8853214622252265}, "datetime": {"datetime": "2024-01-20 14:39:02", "elapsed": 910.079863, "delta": 0.001712}}
{"target": -19.158157923872572, "params": {"colsample_bytree": 0.4141149095385702, "eta": 0.04207258645473308, "gamma": 808.9150874325335, "max_depth": 7.0, "min_child_weight": 4169.910258429765, "num_boost_round": 55.0, "subsample": 0.8853214622252265}, "datetime": {"datetime": "2024-01-20 14:39:02", "elapsed": 910.081548, "delta": 0.001685}}
{"target": -19.158634237976738, "params": {"colsample_bytree": 0.4141149095385702, "eta": 0.04207258645473308, "gamma": 808.9150874325335, "max_depth": 7.0, "min_child_weight": 4169.910258429765, "num_boost_round": 56.0, "subsample": 0.8853214622252265}, "datetime": {"datetime": "2024-01-20 14:39:02", "elapsed": 910.083235, "delta": 0.001687}}
{"target": -19.158685753239723, "params": {"colsample_bytree": 0.4141149095385702, "eta": 0.04207258645473308, "gamma": 808.9150874325335, "max_depth": 7.0, "min_child_weight": 4169.910258429765, "num_boost_round": 57.0, "subsample": 0.8853214622252265}, "datetime": {"datetime": "2024-01-20 14:39:02", "elapsed": 910.084947, "delta": 0.001712}}
{"target": -19.158946769738893, "params": {"colsample_bytree": 0.4141149095385702, "eta": 0.04207258645473308, "gamma": 808.9150874325335, "max_depth": 7.0, "min_child_weight": 4169.910258429765, "num_boost_round": 58.0, "subsample": 0.8853214622252265}, "datetime": {"datetime": "2024-01-20 14:39:02", "elapsed": 910.086642, "delta": 0.001695}}
{"target": -19.1595746434856, "params": {"colsample_bytree": 0.4141149095385702, "eta": 0.04207258645473308, "gamma": 808.9150874325335, "max_depth": 7.0, "min_child_weight": 4169.910258429765, "num_boost_round": 59.0, "subsample": 0.8853214622252265}, "datetime": {"datetime": "2024-01-20 14:39:02", "elapsed": 910.08834, "delta": 0.001698}}
{"target": -19.159960155683542, "params": {"colsample_bytree": 0.4141149095385702, "eta": 0.04207258645473308, "gamma": 808.9150874325335, "max_depth": 7.0, "min_child_weight": 4169.910258429765, "num_boost_round": 60.0, "subsample": 0.8853214622252265}, "datetime": {"datetime": "2024-01-20 14:39:02", "elapsed": 910.090053, "delta": 0.001713}}
{"target": -19.160498098210006, "params": {"colsample_bytree": 0.4141149095385702, "eta": 0.04207258645473308, "gamma": 808.9150874325335, "max_depth": 7.0, "min_child_weight": 4169.910258429765, "num_boost_round": 61.0, "subsample": 0.8853214622252265}, "datetime": {"datetime": "2024-01-20 14:39:02", "elapsed": 910.091758, "delta": 0.001705}}
{"target": -19.160569261247517, "params": {"colsample_bytree": 0.4141149095385702, "eta": 0.04207258645473308, "gamma": 808.9150874325335, "max_depth": 7.0, "min_child_weight": 4169.910258429765, "num_boost_round": 62.0, "subsample": 0.8853214622252265}, "datetime": {"datetime": "2024-01-20 14:39:02", "elapsed": 910.093456, "delta": 0.001698}}
{"target": -19.160753024844375, "params": {"colsample_bytree": 0.4141149095385702, "eta": 0.04207258645473308, "gamma": 808.9150874325335, "max_depth": 7.0, "min_child_weight": 4169.910258429765, "num_boost_round": 63.0, "subsample": 0.8853214622252265}, "datetime": {"datetime": "2024-01-20 14:39:02", "elapsed": 910.095165, "delta": 0.001709}}
{"target": -19.161035531458687, "params": {"colsample_bytree": 0.4141149095385702, "eta": 0.04207258645473308, "gamma": 808.9150874325335, "max_depth": 7.0, "min_child_weight": 4169.910258429765, "num_boost_round": 64.0, "subsample": 0.8853214622252265}, "datetime": {"datetime": "2024-01-20 14:39:02", "elapsed": 910.096871, "delta": 0.001706}}
{"target": -19.161035792311246, "params": {"colsample_bytree": 0.4141149095385702, "eta": 0.04207258645473308, "gamma": 808.9150874325335, "max_depth": 7.0, "min_child_weight": 4169.910258429765, "num_boost_round": 65.0, "subsample": 0.8853214622252265}, "datetime": {"datetime": "2024-01-20 14:39:02", "elapsed": 910.098574, "delta": 0.001703}}
{"target": -19.161182091818723, "params": {"colsample_bytree": 0.4141149095385702, "eta": 0.04207258645473308, "gamma": 808.9150874325335, "max_depth": 7.0, "min_child_weight": 4169.910258429765, "num_boost_round": 66.0, "subsample": 0.8853214622252265}, "datetime": {"datetime": "2024-01-20 14:39:02", "elapsed": 910.10028, "delta": 0.001706}}
