{"target": -13.496275531428624, "params": {"colsample_bytree": 0.8558857255876123, "eta": 0.023639987721413503, "gamma": 225.60398802629356, "max_depth": 5.0, "min_child_weight": 3788.689414680045, "num_boost_round": 17.0, "subsample": 0.4043433207623014}, "datetime": {"datetime": "2024-01-20 16:34:05", "elapsed": 7799.35834, "delta": 0.006462}}
{"target": -13.496300364288011, "params": {"colsample_bytree": 0.8558857255876123, "eta": 0.023639987721413503, "gamma": 225.60398802629356, "max_depth": 5.0, "min_child_weight": 3788.689414680045, "num_boost_round": 18.0, "subsample": 0.4043433207623014}, "datetime": {"datetime": "2024-01-20 16:34:05", "elapsed": 7799.364664, "delta": 0.006324}}
{"target": -13.496324232956487, "params": {"colsample_bytree": 0.8558857255876123, "eta": 0.023639987721413503, "gamma": 225.60398802629356, "max_depth": 5.0, "min_child_weight": 3788.689414680045, "num_boost_round": 19.0, "subsample": 0.4043433207623014}, "datetime": {"datetime": "2024-01-20 16:34:05", "elapsed": 7799.371122, "delta": 0.006458}}
{"target": -13.496404343573293, "params": {"colsample_bytree": 0.8558857255876123, "eta": 0.023639987721413503, "gamma": 225.60398802629356, "max_depth": 5.0, "min_child_weight": 3788.689414680045, "num_boost_round": 20.0, "subsample": 0.4043433207623014}, "datetime": {"datetime": "2024-01-20 16:34:05", "elapsed": 7799.377414, "delta": 0.006292}}
{"target": -13.496508265765213, "params": {"colsample_bytree": 0.8558857255876123, "eta": 0.023639987721413503, "gamma": 225.60398802629356, "max_depth": 5.0, "min_child_weight": 3788.689414680045, "num_boost_round": 21.0, "subsample": 0.4043433207623014}, "datetime": {"datetime": "2024-01-20 16:34:05", "elapsed": 7799.384243, "delta": 0.006829}}
{"target": -13.496625437278595, "params": {"colsample_bytree": 0.8558857255876123, "eta": 0.023639987721413503, "gamma": 225.60398802629356, "max_depth": 5.0, "min_child_weight": 3788.689414680045, "num_boost_round": 22.0, "subsample": 0.4043433207623014}, "datetime": {"datetime": "2024-01-20 16:34:05", "elapsed": 7799.390937, "delta": 0.006694}}
{"target": -13.496665471104627, "params": {"colsample_bytree": 0.8558857255876123, "eta": 0.023639987721413503, "gamma": 225.60398802629356, "max_depth": 5.0, "min_child_weight": 3788.689414680045, "num_boost_round": 23.0, "subsample": 0.4043433207623014}, "datetime": {"datetime": "2024-01-20 16:34:05", "elapsed": 7799.397604, "delta": 0.006667}}
{"target": -13.496725533881298, "params": {"colsample_bytree": 0.8558857255876123, "eta": 0.023639987721413503, "gamma": 225.60398802629356, "max_depth": 5.0, "min_child_weight": 3788.689414680045, "num_boost_round": 24.0, "subsample": 0.4043433207623014}, "datetime": {"datetime": "2024-01-20 16:34:05", "elapsed": 7799.40394, "delta": 0.006336}}
{"target": -13.496769984901853, "params": {"colsample_bytree": 0.8558857255876123, "eta": 0.023639987721413503, "gamma": 225.60398802629356, "max_depth": 5.0, "min_child_weight": 3788.689414680045, "num_boost_round": 25.0, "subsample": 0.4043433207623014}, "datetime": {"datetime": "2024-01-20 16:34:05", "elapsed": 7799.410396, "delta": 0.006456}}
{"target": -13.49674826451551, "params": {"colsample_bytree": 0.8558857255876123, "eta": 0.023639987721413503, "gamma": 225.60398802629356, "max_depth": 5.0, "min_child_weight": 3788.689414680045, "num_boost_round": 26.0, "subsample": 0.4043433207623014}, "datetime": {"datetime": "2024-01-20 16:34:05", "elapsed": 7799.416752, "delta": 0.006356}}
{"target": -13.496872870116471, "params": {"colsample_bytree": 0.8558857255876123, "eta": 0.023639987721413503, "gamma": 225.60398802629356, "max_depth": 5.0, "min_child_weight": 3788.689414680045, "num_boost_round": 27.0, "subsample": 0.4043433207623014}, "datetime": {"datetime": "2024-01-20 16:34:05", "elapsed": 7799.427914, "delta": 0.011162}}
{"target": -13.49691619089623, "params": {"colsample_bytree": 0.8558857255876123, "eta": 0.023639987721413503, "gamma": 225.60398802629356, "max_depth": 5.0, "min_child_weight": 3788.689414680045, "num_boost_round": 28.0, "subsample": 0.4043433207623014}, "datetime": {"datetime": "2024-01-20 16:34:05", "elapsed": 7799.439055, "delta": 0.011141}}
{"target": -13.496985315313864, "params": {"colsample_bytree": 0.8558857255876123, "eta": 0.023639987721413503, "gamma": 225.60398802629356, "max_depth": 5.0, "min_child_weight": 3788.689414680045, "num_boost_round": 29.0, "subsample": 0.4043433207623014}, "datetime": {"datetime": "2024-01-20 16:34:06", "elapsed": 7799.446389, "delta": 0.007334}}
{"target": -13.497054530574786, "params": {"colsample_bytree": 0.8558857255876123, "eta": 0.023639987721413503, "gamma": 225.60398802629356, "max_depth": 5.0, "min_child_weight": 3788.689414680045, "num_boost_round": 30.0, "subsample": 0.4043433207623014}, "datetime": {"datetime": "2024-01-20 16:34:06", "elapsed": 7799.452831, "delta": 0.006442}}
{"target": -13.497098677014222, "params": {"colsample_bytree": 0.8558857255876123, "eta": 0.023639987721413503, "gamma": 225.60398802629356, "max_depth": 5.0, "min_child_weight": 3788.689414680045, "num_boost_round": 31.0, "subsample": 0.4043433207623014}, "datetime": {"datetime": "2024-01-20 16:34:06", "elapsed": 7799.459238, "delta": 0.006407}}
{"target": -13.497236228703233, "params": {"colsample_bytree": 0.8558857255876123, "eta": 0.023639987721413503, "gamma": 225.60398802629356, "max_depth": 5.0, "min_child_weight": 3788.689414680045, "num_boost_round": 32.0, "subsample": 0.4043433207623014}, "datetime": {"datetime": "2024-01-20 16:34:06", "elapsed": 7799.465657, "delta": 0.006419}}
{"target": -13.497320502486872, "params": {"colsample_bytree": 0.8558857255876123, "eta": 0.023639987721413503, "gamma": 225.60398802629356, "max_depth": 5.0, "min_child_weight": 3788.689414680045, "num_boost_round": 33.0, "subsample": 0.4043433207623014}, "datetime": {"datetime": "2024-01-20 16:34:06", "elapsed": 7799.472555, "delta": 0.006898}}
{"target": -13.497413201432549, "params": {"colsample_bytree": 0.8558857255876123, "eta": 0.023639987721413503, "gamma": 225.60398802629356, "max_depth": 5.0, "min_child_weight": 3788.689414680045, "num_boost_round": 34.0, "subsample": 0.4043433207623014}, "datetime": {"datetime": "2024-01-20 16:34:06", "elapsed": 7799.479235, "delta": 0.00668}}
{"target": -13.497468394981844, "params": {"colsample_bytree": 0.8558857255876123, "eta": 0.023639987721413503, "gamma": 225.60398802629356, "max_depth": 5.0, "min_child_weight": 3788.689414680045, "num_boost_round": 35.0, "subsample": 0.4043433207623014}, "datetime": {"datetime": "2024-01-20 16:34:06", "elapsed": 7799.485891, "delta": 0.006656}}
{"target": -13.497523821834587, "params": {"colsample_bytree": 0.8558857255876123, "eta": 0.023639987721413503, "gamma": 225.60398802629356, "max_depth": 5.0, "min_child_weight": 3788.689414680045, "num_boost_round": 36.0, "subsample": 0.4043433207623014}, "datetime": {"datetime": "2024-01-20 16:34:06", "elapsed": 7799.492389, "delta": 0.006498}}
{"target": -13.49764598773414, "params": {"colsample_bytree": 0.8558857255876123, "eta": 0.023639987721413503, "gamma": 225.60398802629356, "max_depth": 5.0, "min_child_weight": 3788.689414680045, "num_boost_round": 37.0, "subsample": 0.4043433207623014}, "datetime": {"datetime": "2024-01-20 16:34:06", "elapsed": 7799.498794, "delta": 0.006405}}
{"target": -13.497725526870838, "params": {"colsample_bytree": 0.8558857255876123, "eta": 0.023639987721413503, "gamma": 225.60398802629356, "max_depth": 5.0, "min_child_weight": 3788.689414680045, "num_boost_round": 38.0, "subsample": 0.4043433207623014}, "datetime": {"datetime": "2024-01-20 16:34:06", "elapsed": 7799.505241, "delta": 0.006447}}
{"target": -13.497809777905267, "params": {"colsample_bytree": 0.8558857255876123, "eta": 0.023639987721413503, "gamma": 225.60398802629356, "max_depth": 5.0, "min_child_weight": 3788.689414680045, "num_boost_round": 39.0, "subsample": 0.4043433207623014}, "datetime": {"datetime": "2024-01-20 16:34:06", "elapsed": 7799.512147, "delta": 0.006906}}
{"target": -13.497825804807832, "params": {"colsample_bytree": 0.8558857255876123, "eta": 0.023639987721413503, "gamma": 225.60398802629356, "max_depth": 5.0, "min_child_weight": 3788.689414680045, "num_boost_round": 40.0, "subsample": 0.4043433207623014}, "datetime": {"datetime": "2024-01-20 16:34:06", "elapsed": 7799.518867, "delta": 0.00672}}
{"target": -13.497816576133388, "params": {"colsample_bytree": 0.8558857255876123, "eta": 0.023639987721413503, "gamma": 225.60398802629356, "max_depth": 5.0, "min_child_weight": 3788.689414680045, "num_boost_round": 41.0, "subsample": 0.4043433207623014}, "datetime": {"datetime": "2024-01-20 16:34:06", "elapsed": 7799.525395, "delta": 0.006528}}
{"target": -13.497925974717692, "params": {"colsample_bytree": 0.8558857255876123, "eta": 0.023639987721413503, "gamma": 225.60398802629356, "max_depth": 5.0, "min_child_weight": 3788.689414680045, "num_boost_round": 42.0, "subsample": 0.4043433207623014}, "datetime": {"datetime": "2024-01-20 16:34:06", "elapsed": 7799.531859, "delta": 0.006464}}
{"target": -13.497985861245786, "params": {"colsample_bytree": 0.8558857255876123, "eta": 0.023639987721413503, "gamma": 225.60398802629356, "max_depth": 5.0, "min_child_weight": 3788.689414680045, "num_boost_round": 43.0, "subsample": 0.4043433207623014}, "datetime": {"datetime": "2024-01-20 16:34:06", "elapsed": 7799.538282, "delta": 0.006423}}
{"target": -13.498002563281917, "params": {"colsample_bytree": 0.8558857255876123, "eta": 0.023639987721413503, "gamma": 225.60398802629356, "max_depth": 5.0, "min_child_weight": 3788.689414680045, "num_boost_round": 44.0, "subsample": 0.4043433207623014}, "datetime": {"datetime": "2024-01-20 16:34:06", "elapsed": 7799.545328, "delta": 0.007046}}
{"target": -13.498049571689267, "params": {"colsample_bytree": 0.8558857255876123, "eta": 0.023639987721413503, "gamma": 225.60398802629356, "max_depth": 5.0, "min_child_weight": 3788.689414680045, "num_boost_round": 45.0, "subsample": 0.4043433207623014}, "datetime": {"datetime": "2024-01-20 16:34:06", "elapsed": 7799.552494, "delta": 0.007166}}
{"target": -13.498077667638075, "params": {"colsample_bytree": 0.8558857255876123, "eta": 0.023639987721413503, "gamma": 225.60398802629356, "max_depth": 5.0, "min_child_weight": 3788.689414680045, "num_boost_round": 46.0, "subsample": 0.4043433207623014}, "datetime": {"datetime": "2024-01-20 16:34:06", "elapsed": 7799.853801, "delta": 0.301307}}
{"target": -13.498086250654115, "params": {"colsample_bytree": 0.8558857255876123, "eta": 0.023639987721413503, "gamma": 225.60398802629356, "max_depth": 5.0, "min_child_weight": 3788.689414680045, "num_boost_round": 47.0, "subsample": 0.4043433207623014}, "datetime": {"datetime": "2024-01-20 16:34:06", "elapsed": 7799.861745, "delta": 0.007944}}
{"target": -13.498180318361554, "params": {"colsample_bytree": 0.8558857255876123, "eta": 0.023639987721413503, "gamma": 225.60398802629356, "max_depth": 5.0, "min_child_weight": 3788.689414680045, "num_boost_round": 48.0, "subsample": 0.4043433207623014}, "datetime": {"datetime": "2024-01-20 16:34:06", "elapsed": 7799.868646, "delta": 0.006901}}
{"target": -13.498200473949476, "params": {"colsample_bytree": 0.8558857255876123, "eta": 0.023639987721413503, "gamma": 225.60398802629356, "max_depth": 5.0, "min_child_weight": 3788.689414680045, "num_boost_round": 49.0, "subsample": 0.4043433207623014}, "datetime": {"datetime": "2024-01-20 16:34:06", "elapsed": 7799.875301, "delta": 0.006655}}
{"target": -13.498297022008218, "params": {"colsample_bytree": 0.8558857255876123, "eta": 0.023639987721413503, "gamma": 225.60398802629356, "max_depth": 5.0, "min_child_weight": 3788.689414680045, "num_boost_round": 50.0, "subsample": 0.4043433207623014}, "datetime": {"datetime": "2024-01-20 16:34:06", "elapsed": 7799.885919, "delta": 0.010618}}
{"target": -13.498347931400465, "params": {"colsample_bytree": 0.8558857255876123, "eta": 0.023639987721413503, "gamma": 225.60398802629356, "max_depth": 5.0, "min_child_weight": 3788.689414680045, "num_boost_round": 51.0, "subsample": 0.4043433207623014}, "datetime": {"datetime": "2024-01-20 16:34:06", "elapsed": 7799.896564, "delta": 0.010645}}
{"target": -13.498403297345282, "params": {"colsample_bytree": 0.8558857255876123, "eta": 0.023639987721413503, "gamma": 225.60398802629356, "max_depth": 5.0, "min_child_weight": 3788.689414680045, "num_boost_round": 52.0, "subsample": 0.4043433207623014}, "datetime": {"datetime": "2024-01-20 16:34:06", "elapsed": 7799.90489, "delta": 0.008326}}
{"target": -13.498437967726222, "params": {"colsample_bytree": 0.8558857255876123, "eta": 0.023639987721413503, "gamma": 225.60398802629356, "max_depth": 5.0, "min_child_weight": 3788.689414680045, "num_boost_round": 53.0, "subsample": 0.4043433207623014}, "datetime": {"datetime": "2024-01-20 16:34:06", "elapsed": 7799.911776, "delta": 0.006886}}
{"target": -13.498509254435799, "params": {"colsample_bytree": 0.8558857255876123, "eta": 0.023639987721413503, "gamma": 225.60398802629356, "max_depth": 5.0, "min_child_weight": 3788.689414680045, "num_boost_round": 54.0, "subsample": 0.4043433207623014}, "datetime": {"datetime": "2024-01-20 16:34:06", "elapsed": 7799.918442, "delta": 0.006666}}
{"target": -13.49856308912737, "params": {"colsample_bytree": 0.8558857255876123, "eta": 0.023639987721413503, "gamma": 225.60398802629356, "max_depth": 5.0, "min_child_weight": 3788.689414680045, "num_boost_round": 55.0, "subsample": 0.4043433207623014}, "datetime": {"datetime": "2024-01-20 16:34:06", "elapsed": 7799.925013, "delta": 0.006571}}
{"target": -13.498583353944575, "params": {"colsample_bytree": 0.8558857255876123, "eta": 0.023639987721413503, "gamma": 225.60398802629356, "max_depth": 5.0, "min_child_weight": 3788.689414680045, "num_boost_round": 56.0, "subsample": 0.4043433207623014}, "datetime": {"datetime": "2024-01-20 16:34:06", "elapsed": 7799.931654, "delta": 0.006641}}
{"target": -13.498581071896144, "params": {"colsample_bytree": 0.8558857255876123, "eta": 0.023639987721413503, "gamma": 225.60398802629356, "max_depth": 5.0, "min_child_weight": 3788.689414680045, "num_boost_round": 57.0, "subsample": 0.4043433207623014}, "datetime": {"datetime": "2024-01-20 16:34:06", "elapsed": 7799.938231, "delta": 0.006577}}
{"target": -13.498656283290682, "params": {"colsample_bytree": 0.8558857255876123, "eta": 0.023639987721413503, "gamma": 225.60398802629356, "max_depth": 5.0, "min_child_weight": 3788.689414680045, "num_boost_round": 58.0, "subsample": 0.4043433207623014}, "datetime": {"datetime": "2024-01-20 16:34:06", "elapsed": 7799.9452, "delta": 0.006969}}
{"target": -13.498752357786504, "params": {"colsample_bytree": 0.8558857255876123, "eta": 0.023639987721413503, "gamma": 225.60398802629356, "max_depth": 5.0, "min_child_weight": 3788.689414680045, "num_boost_round": 59.0, "subsample": 0.4043433207623014}, "datetime": {"datetime": "2024-01-20 16:34:06", "elapsed": 7799.95206, "delta": 0.00686}}
{"target": -13.498752784166093, "params": {"colsample_bytree": 0.8558857255876123, "eta": 0.023639987721413503, "gamma": 225.60398802629356, "max_depth": 5.0, "min_child_weight": 3788.689414680045, "num_boost_round": 60.0, "subsample": 0.4043433207623014}, "datetime": {"datetime": "2024-01-20 16:34:06", "elapsed": 7799.958688, "delta": 0.006628}}
{"target": -13.498834921065974, "params": {"colsample_bytree": 0.8558857255876123, "eta": 0.023639987721413503, "gamma": 225.60398802629356, "max_depth": 5.0, "min_child_weight": 3788.689414680045, "num_boost_round": 61.0, "subsample": 0.4043433207623014}, "datetime": {"datetime": "2024-01-20 16:34:06", "elapsed": 7799.965246, "delta": 0.006558}}
{"target": -13.49887398263774, "params": {"colsample_bytree": 0.8558857255876123, "eta": 0.023639987721413503, "gamma": 225.60398802629356, "max_depth": 5.0, "min_child_weight": 3788.689414680045, "num_boost_round": 62.0, "subsample": 0.4043433207623014}, "datetime": {"datetime": "2024-01-20 16:34:06", "elapsed": 7799.97179, "delta": 0.006544}}
{"target": -13.498859808759795, "params": {"colsample_bytree": 0.8558857255876123, "eta": 0.023639987721413503, "gamma": 225.60398802629356, "max_depth": 5.0, "min_child_weight": 3788.689414680045, "num_boost_round": 63.0, "subsample": 0.4043433207623014}, "datetime": {"datetime": "2024-01-20 16:34:06", "elapsed": 7799.978345, "delta": 0.006555}}
{"target": -13.498867306747695, "params": {"colsample_bytree": 0.8558857255876123, "eta": 0.023639987721413503, "gamma": 225.60398802629356, "max_depth": 5.0, "min_child_weight": 3788.689414680045, "num_boost_round": 64.0, "subsample": 0.4043433207623014}, "datetime": {"datetime": "2024-01-20 16:34:06", "elapsed": 7799.985291, "delta": 0.006946}}
{"target": -13.498854787086827, "params": {"colsample_bytree": 0.8558857255876123, "eta": 0.023639987721413503, "gamma": 225.60398802629356, "max_depth": 5.0, "min_child_weight": 3788.689414680045, "num_boost_round": 65.0, "subsample": 0.4043433207623014}, "datetime": {"datetime": "2024-01-20 16:34:06", "elapsed": 7799.9921, "delta": 0.006809}}
{"target": -13.498841660751602, "params": {"colsample_bytree": 0.8558857255876123, "eta": 0.023639987721413503, "gamma": 225.60398802629356, "max_depth": 5.0, "min_child_weight": 3788.689414680045, "num_boost_round": 66.0, "subsample": 0.4043433207623014}, "datetime": {"datetime": "2024-01-20 16:34:06", "elapsed": 7799.999569, "delta": 0.007469}}
{"target": -13.498872245676962, "params": {"colsample_bytree": 0.8558857255876123, "eta": 0.023639987721413503, "gamma": 225.60398802629356, "max_depth": 5.0, "min_child_weight": 3788.689414680045, "num_boost_round": 67.0, "subsample": 0.4043433207623014}, "datetime": {"datetime": "2024-01-20 16:34:06", "elapsed": 7800.006417, "delta": 0.006848}}
{"target": -13.498976457135239, "params": {"colsample_bytree": 0.8558857255876123, "eta": 0.023639987721413503, "gamma": 225.60398802629356, "max_depth": 5.0, "min_child_weight": 3788.689414680045, "num_boost_round": 68.0, "subsample": 0.4043433207623014}, "datetime": {"datetime": "2024-01-20 16:34:06", "elapsed": 7800.018112, "delta": 0.011695}}
{"target": -13.499082770277592, "params": {"colsample_bytree": 0.8558857255876123, "eta": 0.023639987721413503, "gamma": 225.60398802629356, "max_depth": 5.0, "min_child_weight": 3788.689414680045, "num_boost_round": 69.0, "subsample": 0.4043433207623014}, "datetime": {"datetime": "2024-01-20 16:34:06", "elapsed": 7800.02787, "delta": 0.009758}}
{"target": -13.499009549212037, "params": {"colsample_bytree": 0.8558857255876123, "eta": 0.023639987721413503, "gamma": 225.60398802629356, "max_depth": 5.0, "min_child_weight": 3788.689414680045, "num_boost_round": 70.0, "subsample": 0.4043433207623014}, "datetime": {"datetime": "2024-01-20 16:34:06", "elapsed": 7800.035474, "delta": 0.007604}}
{"target": -13.497349322167373, "params": {"colsample_bytree": 0.843285493118189, "eta": 0.08114184673628232, "gamma": 258.5826309838184, "max_depth": 6.0, "min_child_weight": 3851.5072087746853, "num_boost_round": 1.0, "subsample": 0.6560214479908019}, "datetime": {"datetime": "2024-01-20 16:36:50", "elapsed": 7963.724792, "delta": 163.689318}}
{"target": -13.497353509462869, "params": {"colsample_bytree": 0.843285493118189, "eta": 0.08114184673628232, "gamma": 258.5826309838184, "max_depth": 6.0, "min_child_weight": 3851.5072087746853, "num_boost_round": 2.0, "subsample": 0.6560214479908019}, "datetime": {"datetime": "2024-01-20 16:36:50", "elapsed": 7963.733653, "delta": 0.008861}}
{"target": -13.497543909587941, "params": {"colsample_bytree": 0.843285493118189, "eta": 0.08114184673628232, "gamma": 258.5826309838184, "max_depth": 6.0, "min_child_weight": 3851.5072087746853, "num_boost_round": 3.0, "subsample": 0.6560214479908019}, "datetime": {"datetime": "2024-01-20 16:36:50", "elapsed": 7963.740413, "delta": 0.00676}}
{"target": -13.498007453463511, "params": {"colsample_bytree": 0.843285493118189, "eta": 0.08114184673628232, "gamma": 258.5826309838184, "max_depth": 6.0, "min_child_weight": 3851.5072087746853, "num_boost_round": 4.0, "subsample": 0.6560214479908019}, "datetime": {"datetime": "2024-01-20 16:36:50", "elapsed": 7963.74707, "delta": 0.006657}}
{"target": -13.498106737156913, "params": {"colsample_bytree": 0.843285493118189, "eta": 0.08114184673628232, "gamma": 258.5826309838184, "max_depth": 6.0, "min_child_weight": 3851.5072087746853, "num_boost_round": 5.0, "subsample": 0.6560214479908019}, "datetime": {"datetime": "2024-01-20 16:36:50", "elapsed": 7963.753587, "delta": 0.006517}}
{"target": -13.4985275015189, "params": {"colsample_bytree": 0.843285493118189, "eta": 0.08114184673628232, "gamma": 258.5826309838184, "max_depth": 6.0, "min_child_weight": 3851.5072087746853, "num_boost_round": 6.0, "subsample": 0.6560214479908019}, "datetime": {"datetime": "2024-01-20 16:36:50", "elapsed": 7963.760292, "delta": 0.006705}}
{"target": -13.498782829968409, "params": {"colsample_bytree": 0.843285493118189, "eta": 0.08114184673628232, "gamma": 258.5826309838184, "max_depth": 6.0, "min_child_weight": 3851.5072087746853, "num_boost_round": 7.0, "subsample": 0.6560214479908019}, "datetime": {"datetime": "2024-01-20 16:36:50", "elapsed": 7963.768183, "delta": 0.007891}}
{"target": -13.498695722041031, "params": {"colsample_bytree": 0.843285493118189, "eta": 0.08114184673628232, "gamma": 258.5826309838184, "max_depth": 6.0, "min_child_weight": 3851.5072087746853, "num_boost_round": 8.0, "subsample": 0.6560214479908019}, "datetime": {"datetime": "2024-01-20 16:36:50", "elapsed": 7963.779265, "delta": 0.011082}}
{"target": -13.49903725667911, "params": {"colsample_bytree": 0.843285493118189, "eta": 0.08114184673628232, "gamma": 258.5826309838184, "max_depth": 6.0, "min_child_weight": 3851.5072087746853, "num_boost_round": 9.0, "subsample": 0.6560214479908019}, "datetime": {"datetime": "2024-01-20 16:36:50", "elapsed": 7963.789017, "delta": 0.009752}}
