{"target": -15.177854367963386, "params": {"colsample_bytree": 0.7935623846354211, "eta": 0.06920300843005867, "gamma": 499.42544136655033, "max_depth": 7.0, "min_child_weight": 4303.290297388523, "num_boost_round": 64.0, "subsample": 0.546457345589376}, "datetime": {"datetime": "2024-01-20 15:43:58", "elapsed": 4795.993751, "delta": 0.005093}}
{"target": -15.178765071278924, "params": {"colsample_bytree": 0.7935623846354211, "eta": 0.06920300843005867, "gamma": 499.42544136655033, "max_depth": 7.0, "min_child_weight": 4303.290297388523, "num_boost_round": 65.0, "subsample": 0.546457345589376}, "datetime": {"datetime": "2024-01-20 15:43:58", "elapsed": 4795.998937, "delta": 0.005186}}
{"target": -15.179025981848854, "params": {"colsample_bytree": 0.7935623846354211, "eta": 0.06920300843005867, "gamma": 499.42544136655033, "max_depth": 7.0, "min_child_weight": 4303.290297388523, "num_boost_round": 66.0, "subsample": 0.546457345589376}, "datetime": {"datetime": "2024-01-20 15:43:58", "elapsed": 4796.004199, "delta": 0.005262}}
{"target": -15.179099562767425, "params": {"colsample_bytree": 0.7935623846354211, "eta": 0.06920300843005867, "gamma": 499.42544136655033, "max_depth": 7.0, "min_child_weight": 4303.290297388523, "num_boost_round": 67.0, "subsample": 0.546457345589376}, "datetime": {"datetime": "2024-01-20 15:43:58", "elapsed": 4796.009627, "delta": 0.005428}}
{"target": -15.179100611805572, "params": {"colsample_bytree": 0.7935623846354211, "eta": 0.06920300843005867, "gamma": 499.42544136655033, "max_depth": 7.0, "min_child_weight": 4303.290297388523, "num_boost_round": 68.0, "subsample": 0.546457345589376}, "datetime": {"datetime": "2024-01-20 15:43:58", "elapsed": 4796.01463, "delta": 0.005003}}
{"target": -15.170119634023266, "params": {"colsample_bytree": 0.5462262460985775, "eta": 0.09773236560543495, "gamma": 574.2564279509411, "max_depth": 7.0, "min_child_weight": 4250.192621422879, "num_boost_round": 1.0, "subsample": 0.303933724776451}, "datetime": {"datetime": "2024-01-20 15:45:07", "elapsed": 4865.128406, "delta": 69.113776}}
{"target": -15.167268075193089, "params": {"colsample_bytree": 0.5462262460985775, "eta": 0.09773236560543495, "gamma": 574.2564279509411, "max_depth": 7.0, "min_child_weight": 4250.192621422879, "num_boost_round": 2.0, "subsample": 0.303933724776451}, "datetime": {"datetime": "2024-01-20 15:45:08", "elapsed": 4865.456474, "delta": 0.328068}}
{"target": -15.163787075103897, "params": {"colsample_bytree": 0.5462262460985775, "eta": 0.09773236560543495, "gamma": 574.2564279509411, "max_depth": 7.0, "min_child_weight": 4250.192621422879, "num_boost_round": 3.0, "subsample": 0.303933724776451}, "datetime": {"datetime": "2024-01-20 15:45:08", "elapsed": 4865.463487, "delta": 0.007013}}
{"target": -15.163120236040022, "params": {"colsample_bytree": 0.5462262460985775, "eta": 0.09773236560543495, "gamma": 574.2564279509411, "max_depth": 7.0, "min_child_weight": 4250.192621422879, "num_boost_round": 4.0, "subsample": 0.303933724776451}, "datetime": {"datetime": "2024-01-20 15:45:08", "elapsed": 4865.468917, "delta": 0.00543}}
{"target": -15.159856805692826, "params": {"colsample_bytree": 0.5462262460985775, "eta": 0.09773236560543495, "gamma": 574.2564279509411, "max_depth": 7.0, "min_child_weight": 4250.192621422879, "num_boost_round": 5.0, "subsample": 0.303933724776451}, "datetime": {"datetime": "2024-01-20 15:45:08", "elapsed": 4865.474116, "delta": 0.005199}}
{"target": -15.158413249428836, "params": {"colsample_bytree": 0.5462262460985775, "eta": 0.09773236560543495, "gamma": 574.2564279509411, "max_depth": 7.0, "min_child_weight": 4250.192621422879, "num_boost_round": 6.0, "subsample": 0.303933724776451}, "datetime": {"datetime": "2024-01-20 15:45:08", "elapsed": 4865.479327, "delta": 0.005211}}
{"target": -15.157078852189962, "params": {"colsample_bytree": 0.5462262460985775, "eta": 0.09773236560543495, "gamma": 574.2564279509411, "max_depth": 7.0, "min_child_weight": 4250.192621422879, "num_boost_round": 7.0, "subsample": 0.303933724776451}, "datetime": {"datetime": "2024-01-20 15:45:08", "elapsed": 4865.484528, "delta": 0.005201}}
{"target": -15.156046740905847, "params": {"colsample_bytree": 0.5462262460985775, "eta": 0.09773236560543495, "gamma": 574.2564279509411, "max_depth": 7.0, "min_child_weight": 4250.192621422879, "num_boost_round": 8.0, "subsample": 0.303933724776451}, "datetime": {"datetime": "2024-01-20 15:45:08", "elapsed": 4865.489711, "delta": 0.005183}}
{"target": -15.156399905057581, "params": {"colsample_bytree": 0.5462262460985775, "eta": 0.09773236560543495, "gamma": 574.2564279509411, "max_depth": 7.0, "min_child_weight": 4250.192621422879, "num_boost_round": 9.0, "subsample": 0.303933724776451}, "datetime": {"datetime": "2024-01-20 15:45:08", "elapsed": 4865.494868, "delta": 0.005157}}
{"target": -15.155917711858258, "params": {"colsample_bytree": 0.5462262460985775, "eta": 0.09773236560543495, "gamma": 574.2564279509411, "max_depth": 7.0, "min_child_weight": 4250.192621422879, "num_boost_round": 10.0, "subsample": 0.303933724776451}, "datetime": {"datetime": "2024-01-20 15:45:08", "elapsed": 4865.500053, "delta": 0.005185}}
{"target": -15.156592838946665, "params": {"colsample_bytree": 0.5462262460985775, "eta": 0.09773236560543495, "gamma": 574.2564279509411, "max_depth": 7.0, "min_child_weight": 4250.192621422879, "num_boost_round": 11.0, "subsample": 0.303933724776451}, "datetime": {"datetime": "2024-01-20 15:45:08", "elapsed": 4865.505398, "delta": 0.005345}}
{"target": -15.155613157138145, "params": {"colsample_bytree": 0.5462262460985775, "eta": 0.09773236560543495, "gamma": 574.2564279509411, "max_depth": 7.0, "min_child_weight": 4250.192621422879, "num_boost_round": 12.0, "subsample": 0.303933724776451}, "datetime": {"datetime": "2024-01-20 15:45:08", "elapsed": 4865.510824, "delta": 0.005426}}
{"target": -15.156787879901614, "params": {"colsample_bytree": 0.5462262460985775, "eta": 0.09773236560543495, "gamma": 574.2564279509411, "max_depth": 7.0, "min_child_weight": 4250.192621422879, "num_boost_round": 13.0, "subsample": 0.303933724776451}, "datetime": {"datetime": "2024-01-20 15:45:08", "elapsed": 4865.516386, "delta": 0.005562}}
{"target": -15.155529836312219, "params": {"colsample_bytree": 0.5462262460985775, "eta": 0.09773236560543495, "gamma": 574.2564279509411, "max_depth": 7.0, "min_child_weight": 4250.192621422879, "num_boost_round": 14.0, "subsample": 0.303933724776451}, "datetime": {"datetime": "2024-01-20 15:45:08", "elapsed": 4865.521455, "delta": 0.005069}}
{"target": -15.155985053677504, "params": {"colsample_bytree": 0.5462262460985775, "eta": 0.09773236560543495, "gamma": 574.2564279509411, "max_depth": 7.0, "min_child_weight": 4250.192621422879, "num_boost_round": 15.0, "subsample": 0.303933724776451}, "datetime": {"datetime": "2024-01-20 15:45:08", "elapsed": 4865.526529, "delta": 0.005074}}
{"target": -15.156848804307376, "params": {"colsample_bytree": 0.5462262460985775, "eta": 0.09773236560543495, "gamma": 574.2564279509411, "max_depth": 7.0, "min_child_weight": 4250.192621422879, "num_boost_round": 16.0, "subsample": 0.303933724776451}, "datetime": {"datetime": "2024-01-20 15:45:08", "elapsed": 4865.531539, "delta": 0.00501}}
{"target": -15.157574918498565, "params": {"colsample_bytree": 0.5462262460985775, "eta": 0.09773236560543495, "gamma": 574.2564279509411, "max_depth": 7.0, "min_child_weight": 4250.192621422879, "num_boost_round": 17.0, "subsample": 0.303933724776451}, "datetime": {"datetime": "2024-01-20 15:45:08", "elapsed": 4865.536569, "delta": 0.00503}}
{"target": -15.15804675283038, "params": {"colsample_bytree": 0.5462262460985775, "eta": 0.09773236560543495, "gamma": 574.2564279509411, "max_depth": 7.0, "min_child_weight": 4250.192621422879, "num_boost_round": 18.0, "subsample": 0.303933724776451}, "datetime": {"datetime": "2024-01-20 15:45:08", "elapsed": 4865.541626, "delta": 0.005057}}
{"target": -15.157834488488756, "params": {"colsample_bytree": 0.5462262460985775, "eta": 0.09773236560543495, "gamma": 574.2564279509411, "max_depth": 7.0, "min_child_weight": 4250.192621422879, "num_boost_round": 19.0, "subsample": 0.303933724776451}, "datetime": {"datetime": "2024-01-20 15:45:08", "elapsed": 4865.546685, "delta": 0.005059}}
{"target": -15.158310074377429, "params": {"colsample_bytree": 0.5462262460985775, "eta": 0.09773236560543495, "gamma": 574.2564279509411, "max_depth": 7.0, "min_child_weight": 4250.192621422879, "num_boost_round": 20.0, "subsample": 0.303933724776451}, "datetime": {"datetime": "2024-01-20 15:45:08", "elapsed": 4865.551716, "delta": 0.005031}}
{"target": -15.157709933876616, "params": {"colsample_bytree": 0.5462262460985775, "eta": 0.09773236560543495, "gamma": 574.2564279509411, "max_depth": 7.0, "min_child_weight": 4250.192621422879, "num_boost_round": 21.0, "subsample": 0.303933724776451}, "datetime": {"datetime": "2024-01-20 15:45:08", "elapsed": 4865.556831, "delta": 0.005115}}
{"target": -15.157983109245347, "params": {"colsample_bytree": 0.5462262460985775, "eta": 0.09773236560543495, "gamma": 574.2564279509411, "max_depth": 7.0, "min_child_weight": 4250.192621422879, "num_boost_round": 22.0, "subsample": 0.303933724776451}, "datetime": {"datetime": "2024-01-20 15:45:08", "elapsed": 4865.561983, "delta": 0.005152}}
{"target": -15.157422541332743, "params": {"colsample_bytree": 0.5462262460985775, "eta": 0.09773236560543495, "gamma": 574.2564279509411, "max_depth": 7.0, "min_child_weight": 4250.192621422879, "num_boost_round": 23.0, "subsample": 0.303933724776451}, "datetime": {"datetime": "2024-01-20 15:45:08", "elapsed": 4865.567261, "delta": 0.005278}}
{"target": -15.158079968926112, "params": {"colsample_bytree": 0.5462262460985775, "eta": 0.09773236560543495, "gamma": 574.2564279509411, "max_depth": 7.0, "min_child_weight": 4250.192621422879, "num_boost_round": 24.0, "subsample": 0.303933724776451}, "datetime": {"datetime": "2024-01-20 15:45:08", "elapsed": 4865.572603, "delta": 0.005342}}
{"target": -15.158282888646216, "params": {"colsample_bytree": 0.5462262460985775, "eta": 0.09773236560543495, "gamma": 574.2564279509411, "max_depth": 7.0, "min_child_weight": 4250.192621422879, "num_boost_round": 25.0, "subsample": 0.303933724776451}, "datetime": {"datetime": "2024-01-20 15:45:08", "elapsed": 4865.5788, "delta": 0.006197}}
{"target": -15.158116156858158, "params": {"colsample_bytree": 0.5462262460985775, "eta": 0.09773236560543495, "gamma": 574.2564279509411, "max_depth": 7.0, "min_child_weight": 4250.192621422879, "num_boost_round": 26.0, "subsample": 0.303933724776451}, "datetime": {"datetime": "2024-01-20 15:45:08", "elapsed": 4865.58403, "delta": 0.00523}}
{"target": -15.158262524942533, "params": {"colsample_bytree": 0.5462262460985775, "eta": 0.09773236560543495, "gamma": 574.2564279509411, "max_depth": 7.0, "min_child_weight": 4250.192621422879, "num_boost_round": 27.0, "subsample": 0.303933724776451}, "datetime": {"datetime": "2024-01-20 15:45:08", "elapsed": 4865.589189, "delta": 0.005159}}
{"target": -15.158141811022162, "params": {"colsample_bytree": 0.5462262460985775, "eta": 0.09773236560543495, "gamma": 574.2564279509411, "max_depth": 7.0, "min_child_weight": 4250.192621422879, "num_boost_round": 28.0, "subsample": 0.303933724776451}, "datetime": {"datetime": "2024-01-20 15:45:08", "elapsed": 4865.594454, "delta": 0.005265}}
{"target": -15.157696389723494, "params": {"colsample_bytree": 0.5462262460985775, "eta": 0.09773236560543495, "gamma": 574.2564279509411, "max_depth": 7.0, "min_child_weight": 4250.192621422879, "num_boost_round": 29.0, "subsample": 0.303933724776451}, "datetime": {"datetime": "2024-01-20 15:45:08", "elapsed": 4865.599695, "delta": 0.005241}}
{"target": -15.158273389948315, "params": {"colsample_bytree": 0.5462262460985775, "eta": 0.09773236560543495, "gamma": 574.2564279509411, "max_depth": 7.0, "min_child_weight": 4250.192621422879, "num_boost_round": 30.0, "subsample": 0.303933724776451}, "datetime": {"datetime": "2024-01-20 15:45:08", "elapsed": 4865.604823, "delta": 0.005128}}
{"target": -15.158494606352718, "params": {"colsample_bytree": 0.5462262460985775, "eta": 0.09773236560543495, "gamma": 574.2564279509411, "max_depth": 7.0, "min_child_weight": 4250.192621422879, "num_boost_round": 31.0, "subsample": 0.303933724776451}, "datetime": {"datetime": "2024-01-20 15:45:08", "elapsed": 4865.609939, "delta": 0.005116}}
{"target": -15.158818398227668, "params": {"colsample_bytree": 0.5462262460985775, "eta": 0.09773236560543495, "gamma": 574.2564279509411, "max_depth": 7.0, "min_child_weight": 4250.192621422879, "num_boost_round": 32.0, "subsample": 0.303933724776451}, "datetime": {"datetime": "2024-01-20 15:45:08", "elapsed": 4865.615085, "delta": 0.005146}}
{"target": -15.158627824438241, "params": {"colsample_bytree": 0.5462262460985775, "eta": 0.09773236560543495, "gamma": 574.2564279509411, "max_depth": 7.0, "min_child_weight": 4250.192621422879, "num_boost_round": 33.0, "subsample": 0.303933724776451}, "datetime": {"datetime": "2024-01-20 15:45:08", "elapsed": 4865.620227, "delta": 0.005142}}
{"target": -15.159478862351857, "params": {"colsample_bytree": 0.5462262460985775, "eta": 0.09773236560543495, "gamma": 574.2564279509411, "max_depth": 7.0, "min_child_weight": 4250.192621422879, "num_boost_round": 34.0, "subsample": 0.303933724776451}, "datetime": {"datetime": "2024-01-20 15:45:08", "elapsed": 4865.62543, "delta": 0.005203}}
{"target": -15.159380932377289, "params": {"colsample_bytree": 0.5462262460985775, "eta": 0.09773236560543495, "gamma": 574.2564279509411, "max_depth": 7.0, "min_child_weight": 4250.192621422879, "num_boost_round": 35.0, "subsample": 0.303933724776451}, "datetime": {"datetime": "2024-01-20 15:45:08", "elapsed": 4865.630742, "delta": 0.005312}}
{"target": -15.15959155183474, "params": {"colsample_bytree": 0.5462262460985775, "eta": 0.09773236560543495, "gamma": 574.2564279509411, "max_depth": 7.0, "min_child_weight": 4250.192621422879, "num_boost_round": 36.0, "subsample": 0.303933724776451}, "datetime": {"datetime": "2024-01-20 15:45:08", "elapsed": 4865.636178, "delta": 0.005436}}
{"target": -15.160483903662765, "params": {"colsample_bytree": 0.5462262460985775, "eta": 0.09773236560543495, "gamma": 574.2564279509411, "max_depth": 7.0, "min_child_weight": 4250.192621422879, "num_boost_round": 37.0, "subsample": 0.303933724776451}, "datetime": {"datetime": "2024-01-20 15:45:08", "elapsed": 4865.641708, "delta": 0.00553}}
{"target": -15.17100290162838, "params": {"colsample_bytree": 0.4049600513879774, "eta": 0.06488362016193666, "gamma": 526.1569083265886, "max_depth": 9.0, "min_child_weight": 4158.4104594245255, "num_boost_round": 1.0, "subsample": 0.4031300263539237}, "datetime": {"datetime": "2024-01-20 15:47:09", "elapsed": 4987.123951, "delta": 121.482243}}
{"target": -15.169376592173291, "params": {"colsample_bytree": 0.4049600513879774, "eta": 0.06488362016193666, "gamma": 526.1569083265886, "max_depth": 9.0, "min_child_weight": 4158.4104594245255, "num_boost_round": 2.0, "subsample": 0.4031300263539237}, "datetime": {"datetime": "2024-01-20 15:47:09", "elapsed": 4987.12943, "delta": 0.005479}}
{"target": -15.167143153792303, "params": {"colsample_bytree": 0.4049600513879774, "eta": 0.06488362016193666, "gamma": 526.1569083265886, "max_depth": 9.0, "min_child_weight": 4158.4104594245255, "num_boost_round": 3.0, "subsample": 0.4031300263539237}, "datetime": {"datetime": "2024-01-20 15:47:09", "elapsed": 4987.134507, "delta": 0.005077}}
{"target": -15.166971147816593, "params": {"colsample_bytree": 0.4049600513879774, "eta": 0.06488362016193666, "gamma": 526.1569083265886, "max_depth": 9.0, "min_child_weight": 4158.4104594245255, "num_boost_round": 4.0, "subsample": 0.4031300263539237}, "datetime": {"datetime": "2024-01-20 15:47:09", "elapsed": 4987.139459, "delta": 0.004952}}
{"target": -15.163678209941704, "params": {"colsample_bytree": 0.4049600513879774, "eta": 0.06488362016193666, "gamma": 526.1569083265886, "max_depth": 9.0, "min_child_weight": 4158.4104594245255, "num_boost_round": 5.0, "subsample": 0.4031300263539237}, "datetime": {"datetime": "2024-01-20 15:47:09", "elapsed": 4987.144445, "delta": 0.004986}}
{"target": -15.161927844875326, "params": {"colsample_bytree": 0.4049600513879774, "eta": 0.06488362016193666, "gamma": 526.1569083265886, "max_depth": 9.0, "min_child_weight": 4158.4104594245255, "num_boost_round": 6.0, "subsample": 0.4031300263539237}, "datetime": {"datetime": "2024-01-20 15:47:09", "elapsed": 4987.149553, "delta": 0.005108}}
{"target": -15.160696240218538, "params": {"colsample_bytree": 0.4049600513879774, "eta": 0.06488362016193666, "gamma": 526.1569083265886, "max_depth": 9.0, "min_child_weight": 4158.4104594245255, "num_boost_round": 7.0, "subsample": 0.4031300263539237}, "datetime": {"datetime": "2024-01-20 15:47:09", "elapsed": 4987.154569, "delta": 0.005016}}
{"target": -15.15943124346504, "params": {"colsample_bytree": 0.4049600513879774, "eta": 0.06488362016193666, "gamma": 526.1569083265886, "max_depth": 9.0, "min_child_weight": 4158.4104594245255, "num_boost_round": 8.0, "subsample": 0.4031300263539237}, "datetime": {"datetime": "2024-01-20 15:47:09", "elapsed": 4987.159631, "delta": 0.005062}}
{"target": -15.158908072817342, "params": {"colsample_bytree": 0.4049600513879774, "eta": 0.06488362016193666, "gamma": 526.1569083265886, "max_depth": 9.0, "min_child_weight": 4158.4104594245255, "num_boost_round": 9.0, "subsample": 0.4031300263539237}, "datetime": {"datetime": "2024-01-20 15:47:09", "elapsed": 4987.164731, "delta": 0.0051}}
{"target": -15.157869161971998, "params": {"colsample_bytree": 0.4049600513879774, "eta": 0.06488362016193666, "gamma": 526.1569083265886, "max_depth": 9.0, "min_child_weight": 4158.4104594245255, "num_boost_round": 10.0, "subsample": 0.4031300263539237}, "datetime": {"datetime": "2024-01-20 15:47:09", "elapsed": 4987.169949, "delta": 0.005218}}
{"target": -15.157882926729153, "params": {"colsample_bytree": 0.4049600513879774, "eta": 0.06488362016193666, "gamma": 526.1569083265886, "max_depth": 9.0, "min_child_weight": 4158.4104594245255, "num_boost_round": 11.0, "subsample": 0.4031300263539237}, "datetime": {"datetime": "2024-01-20 15:47:09", "elapsed": 4987.175384, "delta": 0.005435}}
{"target": -15.15811061409391, "params": {"colsample_bytree": 0.4049600513879774, "eta": 0.06488362016193666, "gamma": 526.1569083265886, "max_depth": 9.0, "min_child_weight": 4158.4104594245255, "num_boost_round": 12.0, "subsample": 0.4031300263539237}, "datetime": {"datetime": "2024-01-20 15:47:09", "elapsed": 4987.180327, "delta": 0.004943}}
{"target": -15.158645222971487, "params": {"colsample_bytree": 0.4049600513879774, "eta": 0.06488362016193666, "gamma": 526.1569083265886, "max_depth": 9.0, "min_child_weight": 4158.4104594245255, "num_boost_round": 13.0, "subsample": 0.4031300263539237}, "datetime": {"datetime": "2024-01-20 15:47:09", "elapsed": 4987.185305, "delta": 0.004978}}
{"target": -15.157368862723121, "params": {"colsample_bytree": 0.4049600513879774, "eta": 0.06488362016193666, "gamma": 526.1569083265886, "max_depth": 9.0, "min_child_weight": 4158.4104594245255, "num_boost_round": 14.0, "subsample": 0.4031300263539237}, "datetime": {"datetime": "2024-01-20 15:47:09", "elapsed": 4987.190346, "delta": 0.005041}}
{"target": -15.156656123076951, "params": {"colsample_bytree": 0.4049600513879774, "eta": 0.06488362016193666, "gamma": 526.1569083265886, "max_depth": 9.0, "min_child_weight": 4158.4104594245255, "num_boost_round": 15.0, "subsample": 0.4031300263539237}, "datetime": {"datetime": "2024-01-20 15:47:09", "elapsed": 4987.195348, "delta": 0.005002}}
{"target": -15.157527337659545, "params": {"colsample_bytree": 0.4049600513879774, "eta": 0.06488362016193666, "gamma": 526.1569083265886, "max_depth": 9.0, "min_child_weight": 4158.4104594245255, "num_boost_round": 16.0, "subsample": 0.4031300263539237}, "datetime": {"datetime": "2024-01-20 15:47:09", "elapsed": 4987.200352, "delta": 0.005004}}
{"target": -15.156867190325361, "params": {"colsample_bytree": 0.4049600513879774, "eta": 0.06488362016193666, "gamma": 526.1569083265886, "max_depth": 9.0, "min_child_weight": 4158.4104594245255, "num_boost_round": 17.0, "subsample": 0.4031300263539237}, "datetime": {"datetime": "2024-01-20 15:47:09", "elapsed": 4987.205321, "delta": 0.004969}}
{"target": -15.157214445668275, "params": {"colsample_bytree": 0.4049600513879774, "eta": 0.06488362016193666, "gamma": 526.1569083265886, "max_depth": 9.0, "min_child_weight": 4158.4104594245255, "num_boost_round": 18.0, "subsample": 0.4031300263539237}, "datetime": {"datetime": "2024-01-20 15:47:09", "elapsed": 4987.210321, "delta": 0.005}}
{"target": -15.156870597519326, "params": {"colsample_bytree": 0.4049600513879774, "eta": 0.06488362016193666, "gamma": 526.1569083265886, "max_depth": 9.0, "min_child_weight": 4158.4104594245255, "num_boost_round": 19.0, "subsample": 0.4031300263539237}, "datetime": {"datetime": "2024-01-20 15:47:09", "elapsed": 4987.215363, "delta": 0.005042}}
{"target": -15.156820505604244, "params": {"colsample_bytree": 0.4049600513879774, "eta": 0.06488362016193666, "gamma": 526.1569083265886, "max_depth": 9.0, "min_child_weight": 4158.4104594245255, "num_boost_round": 20.0, "subsample": 0.4031300263539237}, "datetime": {"datetime": "2024-01-20 15:47:09", "elapsed": 4987.220425, "delta": 0.005062}}
{"target": -15.156343845160489, "params": {"colsample_bytree": 0.4049600513879774, "eta": 0.06488362016193666, "gamma": 526.1569083265886, "max_depth": 9.0, "min_child_weight": 4158.4104594245255, "num_boost_round": 21.0, "subsample": 0.4031300263539237}, "datetime": {"datetime": "2024-01-20 15:47:09", "elapsed": 4987.225581, "delta": 0.005156}}
