{"target": -12.349608975592277, "params": {"colsample_bytree": 0.9742163603985978, "eta": 0.06804129126009109, "gamma": 497.08844608657733, "max_depth": 8.0, "min_child_weight": 4237.432167679793, "num_boost_round": 32.0, "subsample": 0.3953371952381225}, "datetime": {"datetime": "2024-01-20 16:10:56", "elapsed": 6423.154773, "delta": 0.00799}}
{"target": -12.34990021759856, "params": {"colsample_bytree": 0.9742163603985978, "eta": 0.06804129126009109, "gamma": 497.08844608657733, "max_depth": 8.0, "min_child_weight": 4237.432167679793, "num_boost_round": 33.0, "subsample": 0.3953371952381225}, "datetime": {"datetime": "2024-01-20 16:10:56", "elapsed": 6423.1643, "delta": 0.009527}}
{"target": -12.350256390978092, "params": {"colsample_bytree": 0.9742163603985978, "eta": 0.06804129126009109, "gamma": 497.08844608657733, "max_depth": 8.0, "min_child_weight": 4237.432167679793, "num_boost_round": 34.0, "subsample": 0.3953371952381225}, "datetime": {"datetime": "2024-01-20 16:10:56", "elapsed": 6423.177653, "delta": 0.013353}}
{"target": -12.350294911089087, "params": {"colsample_bytree": 0.9742163603985978, "eta": 0.06804129126009109, "gamma": 497.08844608657733, "max_depth": 8.0, "min_child_weight": 4237.432167679793, "num_boost_round": 35.0, "subsample": 0.3953371952381225}, "datetime": {"datetime": "2024-01-20 16:10:56", "elapsed": 6423.183688, "delta": 0.006035}}
{"target": -12.350858069729167, "params": {"colsample_bytree": 0.9742163603985978, "eta": 0.06804129126009109, "gamma": 497.08844608657733, "max_depth": 8.0, "min_child_weight": 4237.432167679793, "num_boost_round": 36.0, "subsample": 0.3953371952381225}, "datetime": {"datetime": "2024-01-20 16:10:56", "elapsed": 6423.18982, "delta": 0.006132}}
{"target": -12.350677706234785, "params": {"colsample_bytree": 0.9742163603985978, "eta": 0.06804129126009109, "gamma": 497.08844608657733, "max_depth": 8.0, "min_child_weight": 4237.432167679793, "num_boost_round": 37.0, "subsample": 0.3953371952381225}, "datetime": {"datetime": "2024-01-20 16:10:56", "elapsed": 6423.19568, "delta": 0.00586}}
{"target": -12.357362959394575, "params": {"colsample_bytree": 0.7546006736026735, "eta": 0.048854304684842684, "gamma": 702.1570942681195, "max_depth": 8.0, "min_child_weight": 4298.816405796148, "num_boost_round": 1.0, "subsample": 0.859601427093535}, "datetime": {"datetime": "2024-01-20 16:12:09", "elapsed": 6495.853987, "delta": 72.658307}}
{"target": -12.355085926144344, "params": {"colsample_bytree": 0.7546006736026735, "eta": 0.048854304684842684, "gamma": 702.1570942681195, "max_depth": 8.0, "min_child_weight": 4298.816405796148, "num_boost_round": 2.0, "subsample": 0.859601427093535}, "datetime": {"datetime": "2024-01-20 16:12:09", "elapsed": 6495.861319, "delta": 0.007332}}
{"target": -12.352833241645822, "params": {"colsample_bytree": 0.7546006736026735, "eta": 0.048854304684842684, "gamma": 702.1570942681195, "max_depth": 8.0, "min_child_weight": 4298.816405796148, "num_boost_round": 3.0, "subsample": 0.859601427093535}, "datetime": {"datetime": "2024-01-20 16:12:09", "elapsed": 6495.867233, "delta": 0.005914}}
{"target": -12.352328821585434, "params": {"colsample_bytree": 0.7546006736026735, "eta": 0.048854304684842684, "gamma": 702.1570942681195, "max_depth": 8.0, "min_child_weight": 4298.816405796148, "num_boost_round": 4.0, "subsample": 0.859601427093535}, "datetime": {"datetime": "2024-01-20 16:12:09", "elapsed": 6495.872993, "delta": 0.00576}}
{"target": -12.35048480750539, "params": {"colsample_bytree": 0.7546006736026735, "eta": 0.048854304684842684, "gamma": 702.1570942681195, "max_depth": 8.0, "min_child_weight": 4298.816405796148, "num_boost_round": 5.0, "subsample": 0.859601427093535}, "datetime": {"datetime": "2024-01-20 16:12:09", "elapsed": 6495.878945, "delta": 0.005952}}
{"target": -12.349411001261178, "params": {"colsample_bytree": 0.7546006736026735, "eta": 0.048854304684842684, "gamma": 702.1570942681195, "max_depth": 8.0, "min_child_weight": 4298.816405796148, "num_boost_round": 6.0, "subsample": 0.859601427093535}, "datetime": {"datetime": "2024-01-20 16:12:09", "elapsed": 6495.884813, "delta": 0.005868}}
{"target": -12.348467964095255, "params": {"colsample_bytree": 0.7546006736026735, "eta": 0.048854304684842684, "gamma": 702.1570942681195, "max_depth": 8.0, "min_child_weight": 4298.816405796148, "num_boost_round": 7.0, "subsample": 0.859601427093535}, "datetime": {"datetime": "2024-01-20 16:12:09", "elapsed": 6495.890694, "delta": 0.005881}}
{"target": -12.347865436306908, "params": {"colsample_bytree": 0.7546006736026735, "eta": 0.048854304684842684, "gamma": 702.1570942681195, "max_depth": 8.0, "min_child_weight": 4298.816405796148, "num_boost_round": 8.0, "subsample": 0.859601427093535}, "datetime": {"datetime": "2024-01-20 16:12:09", "elapsed": 6495.89667, "delta": 0.005976}}
{"target": -12.346516524471522, "params": {"colsample_bytree": 0.7546006736026735, "eta": 0.048854304684842684, "gamma": 702.1570942681195, "max_depth": 8.0, "min_child_weight": 4298.816405796148, "num_boost_round": 9.0, "subsample": 0.859601427093535}, "datetime": {"datetime": "2024-01-20 16:12:09", "elapsed": 6495.90252, "delta": 0.00585}}
{"target": -12.346140203415128, "params": {"colsample_bytree": 0.7546006736026735, "eta": 0.048854304684842684, "gamma": 702.1570942681195, "max_depth": 8.0, "min_child_weight": 4298.816405796148, "num_boost_round": 10.0, "subsample": 0.859601427093535}, "datetime": {"datetime": "2024-01-20 16:12:09", "elapsed": 6495.90833, "delta": 0.00581}}
{"target": -12.345386635663468, "params": {"colsample_bytree": 0.7546006736026735, "eta": 0.048854304684842684, "gamma": 702.1570942681195, "max_depth": 8.0, "min_child_weight": 4298.816405796148, "num_boost_round": 11.0, "subsample": 0.859601427093535}, "datetime": {"datetime": "2024-01-20 16:12:09", "elapsed": 6495.914084, "delta": 0.005754}}
{"target": -12.344756698796541, "params": {"colsample_bytree": 0.7546006736026735, "eta": 0.048854304684842684, "gamma": 702.1570942681195, "max_depth": 8.0, "min_child_weight": 4298.816405796148, "num_boost_round": 12.0, "subsample": 0.859601427093535}, "datetime": {"datetime": "2024-01-20 16:12:09", "elapsed": 6495.920177, "delta": 0.006093}}
{"target": -12.344768496734677, "params": {"colsample_bytree": 0.7546006736026735, "eta": 0.048854304684842684, "gamma": 702.1570942681195, "max_depth": 8.0, "min_child_weight": 4298.816405796148, "num_boost_round": 13.0, "subsample": 0.859601427093535}, "datetime": {"datetime": "2024-01-20 16:12:09", "elapsed": 6495.926197, "delta": 0.00602}}
{"target": -12.34461113566578, "params": {"colsample_bytree": 0.7546006736026735, "eta": 0.048854304684842684, "gamma": 702.1570942681195, "max_depth": 8.0, "min_child_weight": 4298.816405796148, "num_boost_round": 14.0, "subsample": 0.859601427093535}, "datetime": {"datetime": "2024-01-20 16:12:09", "elapsed": 6495.932094, "delta": 0.005897}}
{"target": -12.344522450903348, "params": {"colsample_bytree": 0.7546006736026735, "eta": 0.048854304684842684, "gamma": 702.1570942681195, "max_depth": 8.0, "min_child_weight": 4298.816405796148, "num_boost_round": 15.0, "subsample": 0.859601427093535}, "datetime": {"datetime": "2024-01-20 16:12:09", "elapsed": 6495.938153, "delta": 0.006059}}
{"target": -12.356126646810559, "params": {"colsample_bytree": 0.8966605182711533, "eta": 0.04824477686627545, "gamma": 531.999628291154, "max_depth": 5.0, "min_child_weight": 4223.076488781691, "num_boost_round": 1.0, "subsample": 0.4698322075345691}, "datetime": {"datetime": "2024-01-20 16:15:34", "elapsed": 6700.93119, "delta": 204.993037}}
{"target": -12.353549070995644, "params": {"colsample_bytree": 0.8966605182711533, "eta": 0.04824477686627545, "gamma": 531.999628291154, "max_depth": 5.0, "min_child_weight": 4223.076488781691, "num_boost_round": 2.0, "subsample": 0.4698322075345691}, "datetime": {"datetime": "2024-01-20 16:15:34", "elapsed": 6700.939599, "delta": 0.008409}}
{"target": -12.351395429462048, "params": {"colsample_bytree": 0.8966605182711533, "eta": 0.04824477686627545, "gamma": 531.999628291154, "max_depth": 5.0, "min_child_weight": 4223.076488781691, "num_boost_round": 3.0, "subsample": 0.4698322075345691}, "datetime": {"datetime": "2024-01-20 16:15:34", "elapsed": 6700.946615, "delta": 0.007016}}
{"target": -12.34973605825001, "params": {"colsample_bytree": 0.8966605182711533, "eta": 0.04824477686627545, "gamma": 531.999628291154, "max_depth": 5.0, "min_child_weight": 4223.076488781691, "num_boost_round": 4.0, "subsample": 0.4698322075345691}, "datetime": {"datetime": "2024-01-20 16:15:34", "elapsed": 6700.953432, "delta": 0.006817}}
{"target": -12.34863903987562, "params": {"colsample_bytree": 0.8966605182711533, "eta": 0.04824477686627545, "gamma": 531.999628291154, "max_depth": 5.0, "min_child_weight": 4223.076488781691, "num_boost_round": 5.0, "subsample": 0.4698322075345691}, "datetime": {"datetime": "2024-01-20 16:15:34", "elapsed": 6700.960185, "delta": 0.006753}}
{"target": -12.34761418369266, "params": {"colsample_bytree": 0.8966605182711533, "eta": 0.04824477686627545, "gamma": 531.999628291154, "max_depth": 5.0, "min_child_weight": 4223.076488781691, "num_boost_round": 6.0, "subsample": 0.4698322075345691}, "datetime": {"datetime": "2024-01-20 16:15:34", "elapsed": 6700.966762, "delta": 0.006577}}
{"target": -12.346388364369348, "params": {"colsample_bytree": 0.8966605182711533, "eta": 0.04824477686627545, "gamma": 531.999628291154, "max_depth": 5.0, "min_child_weight": 4223.076488781691, "num_boost_round": 7.0, "subsample": 0.4698322075345691}, "datetime": {"datetime": "2024-01-20 16:15:34", "elapsed": 6700.973162, "delta": 0.0064}}
{"target": -12.34546504423135, "params": {"colsample_bytree": 0.8966605182711533, "eta": 0.04824477686627545, "gamma": 531.999628291154, "max_depth": 5.0, "min_child_weight": 4223.076488781691, "num_boost_round": 8.0, "subsample": 0.4698322075345691}, "datetime": {"datetime": "2024-01-20 16:15:34", "elapsed": 6700.979638, "delta": 0.006476}}
{"target": -12.344675176917033, "params": {"colsample_bytree": 0.8966605182711533, "eta": 0.04824477686627545, "gamma": 531.999628291154, "max_depth": 5.0, "min_child_weight": 4223.076488781691, "num_boost_round": 9.0, "subsample": 0.4698322075345691}, "datetime": {"datetime": "2024-01-20 16:15:34", "elapsed": 6700.986056, "delta": 0.006418}}
{"target": -12.344131480537925, "params": {"colsample_bytree": 0.8966605182711533, "eta": 0.04824477686627545, "gamma": 531.999628291154, "max_depth": 5.0, "min_child_weight": 4223.076488781691, "num_boost_round": 10.0, "subsample": 0.4698322075345691}, "datetime": {"datetime": "2024-01-20 16:15:34", "elapsed": 6700.992487, "delta": 0.006431}}
{"target": -12.343065755508839, "params": {"colsample_bytree": 0.8966605182711533, "eta": 0.04824477686627545, "gamma": 531.999628291154, "max_depth": 5.0, "min_child_weight": 4223.076488781691, "num_boost_round": 11.0, "subsample": 0.4698322075345691}, "datetime": {"datetime": "2024-01-20 16:15:34", "elapsed": 6700.99876, "delta": 0.006273}}
{"target": -12.342837426731567, "params": {"colsample_bytree": 0.8966605182711533, "eta": 0.04824477686627545, "gamma": 531.999628291154, "max_depth": 5.0, "min_child_weight": 4223.076488781691, "num_boost_round": 12.0, "subsample": 0.4698322075345691}, "datetime": {"datetime": "2024-01-20 16:15:34", "elapsed": 6701.005002, "delta": 0.006242}}
{"target": -12.342386330132133, "params": {"colsample_bytree": 0.8966605182711533, "eta": 0.04824477686627545, "gamma": 531.999628291154, "max_depth": 5.0, "min_child_weight": 4223.076488781691, "num_boost_round": 13.0, "subsample": 0.4698322075345691}, "datetime": {"datetime": "2024-01-20 16:15:34", "elapsed": 6701.011308, "delta": 0.006306}}
{"target": -12.341814170073063, "params": {"colsample_bytree": 0.8966605182711533, "eta": 0.04824477686627545, "gamma": 531.999628291154, "max_depth": 5.0, "min_child_weight": 4223.076488781691, "num_boost_round": 14.0, "subsample": 0.4698322075345691}, "datetime": {"datetime": "2024-01-20 16:15:34", "elapsed": 6701.018655, "delta": 0.007347}}
{"target": -12.341072320263509, "params": {"colsample_bytree": 0.8966605182711533, "eta": 0.04824477686627545, "gamma": 531.999628291154, "max_depth": 5.0, "min_child_weight": 4223.076488781691, "num_boost_round": 15.0, "subsample": 0.4698322075345691}, "datetime": {"datetime": "2024-01-20 16:15:34", "elapsed": 6701.025807, "delta": 0.007152}}
{"target": -12.341107628394095, "params": {"colsample_bytree": 0.8966605182711533, "eta": 0.04824477686627545, "gamma": 531.999628291154, "max_depth": 5.0, "min_child_weight": 4223.076488781691, "num_boost_round": 16.0, "subsample": 0.4698322075345691}, "datetime": {"datetime": "2024-01-20 16:15:34", "elapsed": 6701.032836, "delta": 0.007029}}
{"target": -12.34080777916696, "params": {"colsample_bytree": 0.8966605182711533, "eta": 0.04824477686627545, "gamma": 531.999628291154, "max_depth": 5.0, "min_child_weight": 4223.076488781691, "num_boost_round": 17.0, "subsample": 0.4698322075345691}, "datetime": {"datetime": "2024-01-20 16:15:34", "elapsed": 6701.039645, "delta": 0.006809}}
{"target": -12.34041920884767, "params": {"colsample_bytree": 0.8966605182711533, "eta": 0.04824477686627545, "gamma": 531.999628291154, "max_depth": 5.0, "min_child_weight": 4223.076488781691, "num_boost_round": 18.0, "subsample": 0.4698322075345691}, "datetime": {"datetime": "2024-01-20 16:15:34", "elapsed": 6701.04623, "delta": 0.006585}}
{"target": -12.340185442847861, "params": {"colsample_bytree": 0.8966605182711533, "eta": 0.04824477686627545, "gamma": 531.999628291154, "max_depth": 5.0, "min_child_weight": 4223.076488781691, "num_boost_round": 19.0, "subsample": 0.4698322075345691}, "datetime": {"datetime": "2024-01-20 16:15:34", "elapsed": 6701.052753, "delta": 0.006523}}
{"target": -12.340095877959012, "params": {"colsample_bytree": 0.8966605182711533, "eta": 0.04824477686627545, "gamma": 531.999628291154, "max_depth": 5.0, "min_child_weight": 4223.076488781691, "num_boost_round": 20.0, "subsample": 0.4698322075345691}, "datetime": {"datetime": "2024-01-20 16:15:34", "elapsed": 6701.059261, "delta": 0.006508}}
{"target": -12.34005509946152, "params": {"colsample_bytree": 0.8966605182711533, "eta": 0.04824477686627545, "gamma": 531.999628291154, "max_depth": 5.0, "min_child_weight": 4223.076488781691, "num_boost_round": 21.0, "subsample": 0.4698322075345691}, "datetime": {"datetime": "2024-01-20 16:15:34", "elapsed": 6701.066022, "delta": 0.006761}}
{"target": -12.340049867555635, "params": {"colsample_bytree": 0.8966605182711533, "eta": 0.04824477686627545, "gamma": 531.999628291154, "max_depth": 5.0, "min_child_weight": 4223.076488781691, "num_boost_round": 22.0, "subsample": 0.4698322075345691}, "datetime": {"datetime": "2024-01-20 16:15:34", "elapsed": 6701.075551, "delta": 0.009529}}
{"target": -12.339966344097851, "params": {"colsample_bytree": 0.8966605182711533, "eta": 0.04824477686627545, "gamma": 531.999628291154, "max_depth": 5.0, "min_child_weight": 4223.076488781691, "num_boost_round": 23.0, "subsample": 0.4698322075345691}, "datetime": {"datetime": "2024-01-20 16:15:34", "elapsed": 6701.08614, "delta": 0.010589}}
{"target": -12.340008984912913, "params": {"colsample_bytree": 0.8966605182711533, "eta": 0.04824477686627545, "gamma": 531.999628291154, "max_depth": 5.0, "min_child_weight": 4223.076488781691, "num_boost_round": 24.0, "subsample": 0.4698322075345691}, "datetime": {"datetime": "2024-01-20 16:15:34", "elapsed": 6701.094214, "delta": 0.008074}}
{"target": -12.339958093771802, "params": {"colsample_bytree": 0.8966605182711533, "eta": 0.04824477686627545, "gamma": 531.999628291154, "max_depth": 5.0, "min_child_weight": 4223.076488781691, "num_boost_round": 25.0, "subsample": 0.4698322075345691}, "datetime": {"datetime": "2024-01-20 16:15:34", "elapsed": 6701.101095, "delta": 0.006881}}
{"target": -12.340082992874827, "params": {"colsample_bytree": 0.8966605182711533, "eta": 0.04824477686627545, "gamma": 531.999628291154, "max_depth": 5.0, "min_child_weight": 4223.076488781691, "num_boost_round": 26.0, "subsample": 0.4698322075345691}, "datetime": {"datetime": "2024-01-20 16:15:34", "elapsed": 6701.107255, "delta": 0.00616}}
{"target": -12.340343675959208, "params": {"colsample_bytree": 0.8966605182711533, "eta": 0.04824477686627545, "gamma": 531.999628291154, "max_depth": 5.0, "min_child_weight": 4223.076488781691, "num_boost_round": 27.0, "subsample": 0.4698322075345691}, "datetime": {"datetime": "2024-01-20 16:15:34", "elapsed": 6701.113257, "delta": 0.006002}}
{"target": -12.34038760558623, "params": {"colsample_bytree": 0.8966605182711533, "eta": 0.04824477686627545, "gamma": 531.999628291154, "max_depth": 5.0, "min_child_weight": 4223.076488781691, "num_boost_round": 28.0, "subsample": 0.4698322075345691}, "datetime": {"datetime": "2024-01-20 16:15:34", "elapsed": 6701.119595, "delta": 0.006338}}
{"target": -12.34066456169997, "params": {"colsample_bytree": 0.8966605182711533, "eta": 0.04824477686627545, "gamma": 531.999628291154, "max_depth": 5.0, "min_child_weight": 4223.076488781691, "num_boost_round": 29.0, "subsample": 0.4698322075345691}, "datetime": {"datetime": "2024-01-20 16:15:34", "elapsed": 6701.125804, "delta": 0.006209}}
{"target": -12.340635570847388, "params": {"colsample_bytree": 0.8966605182711533, "eta": 0.04824477686627545, "gamma": 531.999628291154, "max_depth": 5.0, "min_child_weight": 4223.076488781691, "num_boost_round": 30.0, "subsample": 0.4698322075345691}, "datetime": {"datetime": "2024-01-20 16:15:34", "elapsed": 6701.132508, "delta": 0.006704}}
{"target": -12.340815020750808, "params": {"colsample_bytree": 0.8966605182711533, "eta": 0.04824477686627545, "gamma": 531.999628291154, "max_depth": 5.0, "min_child_weight": 4223.076488781691, "num_boost_round": 31.0, "subsample": 0.4698322075345691}, "datetime": {"datetime": "2024-01-20 16:15:34", "elapsed": 6701.139064, "delta": 0.006556}}
{"target": -12.341035973228134, "params": {"colsample_bytree": 0.8966605182711533, "eta": 0.04824477686627545, "gamma": 531.999628291154, "max_depth": 5.0, "min_child_weight": 4223.076488781691, "num_boost_round": 32.0, "subsample": 0.4698322075345691}, "datetime": {"datetime": "2024-01-20 16:15:34", "elapsed": 6701.145498, "delta": 0.006434}}
{"target": -12.341071745920178, "params": {"colsample_bytree": 0.8966605182711533, "eta": 0.04824477686627545, "gamma": 531.999628291154, "max_depth": 5.0, "min_child_weight": 4223.076488781691, "num_boost_round": 33.0, "subsample": 0.4698322075345691}, "datetime": {"datetime": "2024-01-20 16:15:34", "elapsed": 6701.151829, "delta": 0.006331}}
{"target": -12.34138005218387, "params": {"colsample_bytree": 0.8966605182711533, "eta": 0.04824477686627545, "gamma": 531.999628291154, "max_depth": 5.0, "min_child_weight": 4223.076488781691, "num_boost_round": 34.0, "subsample": 0.4698322075345691}, "datetime": {"datetime": "2024-01-20 16:15:34", "elapsed": 6701.158197, "delta": 0.006368}}
{"target": -12.341357111696452, "params": {"colsample_bytree": 0.8966605182711533, "eta": 0.04824477686627545, "gamma": 531.999628291154, "max_depth": 5.0, "min_child_weight": 4223.076488781691, "num_boost_round": 35.0, "subsample": 0.4698322075345691}, "datetime": {"datetime": "2024-01-20 16:15:34", "elapsed": 6701.16445, "delta": 0.006253}}
{"target": -12.341519383823833, "params": {"colsample_bytree": 0.8966605182711533, "eta": 0.04824477686627545, "gamma": 531.999628291154, "max_depth": 5.0, "min_child_weight": 4223.076488781691, "num_boost_round": 36.0, "subsample": 0.4698322075345691}, "datetime": {"datetime": "2024-01-20 16:15:34", "elapsed": 6701.170643, "delta": 0.006193}}
{"target": -12.341307410520415, "params": {"colsample_bytree": 0.8966605182711533, "eta": 0.04824477686627545, "gamma": 531.999628291154, "max_depth": 5.0, "min_child_weight": 4223.076488781691, "num_boost_round": 37.0, "subsample": 0.4698322075345691}, "datetime": {"datetime": "2024-01-20 16:15:34", "elapsed": 6701.176807, "delta": 0.006164}}
{"target": -12.341905566818262, "params": {"colsample_bytree": 0.8966605182711533, "eta": 0.04824477686627545, "gamma": 531.999628291154, "max_depth": 5.0, "min_child_weight": 4223.076488781691, "num_boost_round": 38.0, "subsample": 0.4698322075345691}, "datetime": {"datetime": "2024-01-20 16:15:34", "elapsed": 6701.183457, "delta": 0.00665}}
{"target": -12.341931485791974, "params": {"colsample_bytree": 0.8966605182711533, "eta": 0.04824477686627545, "gamma": 531.999628291154, "max_depth": 5.0, "min_child_weight": 4223.076488781691, "num_boost_round": 39.0, "subsample": 0.4698322075345691}, "datetime": {"datetime": "2024-01-20 16:15:34", "elapsed": 6701.19025, "delta": 0.006793}}
{"target": -12.342102759058216, "params": {"colsample_bytree": 0.8966605182711533, "eta": 0.04824477686627545, "gamma": 531.999628291154, "max_depth": 5.0, "min_child_weight": 4223.076488781691, "num_boost_round": 40.0, "subsample": 0.4698322075345691}, "datetime": {"datetime": "2024-01-20 16:15:34", "elapsed": 6701.197179, "delta": 0.006929}}
{"target": -12.342173862609162, "params": {"colsample_bytree": 0.8966605182711533, "eta": 0.04824477686627545, "gamma": 531.999628291154, "max_depth": 5.0, "min_child_weight": 4223.076488781691, "num_boost_round": 41.0, "subsample": 0.4698322075345691}, "datetime": {"datetime": "2024-01-20 16:15:34", "elapsed": 6701.203918, "delta": 0.006739}}
{"target": -12.342306046905106, "params": {"colsample_bytree": 0.8966605182711533, "eta": 0.04824477686627545, "gamma": 531.999628291154, "max_depth": 5.0, "min_child_weight": 4223.076488781691, "num_boost_round": 42.0, "subsample": 0.4698322075345691}, "datetime": {"datetime": "2024-01-20 16:15:34", "elapsed": 6701.210899, "delta": 0.006981}}
