{"target": -13.398436340108299, "params": {"colsample_bytree": 0.8490254472882736, "eta": 0.0478959734346746, "gamma": 287.92077891970547, "max_depth": 7.0, "min_child_weight": 3842.168309494231, "num_boost_round": 5.0, "subsample": 0.9964878078425445}, "datetime": {"datetime": "2024-01-20 14:35:15", "elapsed": 649.998926, "delta": 0.001045}}
{"target": -13.399104809966301, "params": {"colsample_bytree": 0.8490254472882736, "eta": 0.0478959734346746, "gamma": 287.92077891970547, "max_depth": 7.0, "min_child_weight": 3842.168309494231, "num_boost_round": 6.0, "subsample": 0.9964878078425445}, "datetime": {"datetime": "2024-01-20 14:35:15", "elapsed": 649.999906, "delta": 0.00098}}
{"target": -13.39988471774793, "params": {"colsample_bytree": 0.8490254472882736, "eta": 0.0478959734346746, "gamma": 287.92077891970547, "max_depth": 7.0, "min_child_weight": 3842.168309494231, "num_boost_round": 7.0, "subsample": 0.9964878078425445}, "datetime": {"datetime": "2024-01-20 14:35:15", "elapsed": 650.00089, "delta": 0.000984}}
{"target": -13.400437081478405, "params": {"colsample_bytree": 0.8490254472882736, "eta": 0.0478959734346746, "gamma": 287.92077891970547, "max_depth": 7.0, "min_child_weight": 3842.168309494231, "num_boost_round": 8.0, "subsample": 0.9964878078425445}, "datetime": {"datetime": "2024-01-20 14:35:15", "elapsed": 650.001916, "delta": 0.001026}}
{"target": -13.401451972472655, "params": {"colsample_bytree": 0.8490254472882736, "eta": 0.0478959734346746, "gamma": 287.92077891970547, "max_depth": 7.0, "min_child_weight": 3842.168309494231, "num_boost_round": 9.0, "subsample": 0.9964878078425445}, "datetime": {"datetime": "2024-01-20 14:35:15", "elapsed": 650.002916, "delta": 0.001}}
{"target": -13.402358990044863, "params": {"colsample_bytree": 0.8490254472882736, "eta": 0.0478959734346746, "gamma": 287.92077891970547, "max_depth": 7.0, "min_child_weight": 3842.168309494231, "num_boost_round": 10.0, "subsample": 0.9964878078425445}, "datetime": {"datetime": "2024-01-20 14:35:15", "elapsed": 650.003894, "delta": 0.000978}}
{"target": -13.40303514541684, "params": {"colsample_bytree": 0.8490254472882736, "eta": 0.0478959734346746, "gamma": 287.92077891970547, "max_depth": 7.0, "min_child_weight": 3842.168309494231, "num_boost_round": 11.0, "subsample": 0.9964878078425445}, "datetime": {"datetime": "2024-01-20 14:35:15", "elapsed": 650.004887, "delta": 0.000993}}
{"target": -13.403922551316779, "params": {"colsample_bytree": 0.8490254472882736, "eta": 0.0478959734346746, "gamma": 287.92077891970547, "max_depth": 7.0, "min_child_weight": 3842.168309494231, "num_boost_round": 12.0, "subsample": 0.9964878078425445}, "datetime": {"datetime": "2024-01-20 14:35:15", "elapsed": 650.005871, "delta": 0.000984}}
{"target": -13.397806673970853, "params": {"colsample_bytree": 0.8210440726243449, "eta": 0.04724152485503589, "gamma": 542.3545273619794, "max_depth": 4.0, "min_child_weight": 3652.7155584034967, "num_boost_round": 1.0, "subsample": 0.26317050073796844}, "datetime": {"datetime": "2024-01-20 14:35:30", "elapsed": 665.182117, "delta": 15.176246}}
{"target": -13.397578793379054, "params": {"colsample_bytree": 0.8210440726243449, "eta": 0.04724152485503589, "gamma": 542.3545273619794, "max_depth": 4.0, "min_child_weight": 3652.7155584034967, "num_boost_round": 2.0, "subsample": 0.26317050073796844}, "datetime": {"datetime": "2024-01-20 14:35:30", "elapsed": 665.183731, "delta": 0.001614}}
{"target": -13.397828584996462, "params": {"colsample_bytree": 0.526404509724501, "eta": 0.01097676052736713, "gamma": 642.6960358210077, "max_depth": 3.0, "min_child_weight": 3616.914939421759, "num_boost_round": 1.0, "subsample": 0.9689169540143893}, "datetime": {"datetime": "2024-01-20 14:36:25", "elapsed": 720.208896, "delta": 55.025165}}
{"target": -13.397856985028952, "params": {"colsample_bytree": 0.526404509724501, "eta": 0.01097676052736713, "gamma": 642.6960358210077, "max_depth": 3.0, "min_child_weight": 3616.914939421759, "num_boost_round": 2.0, "subsample": 0.9689169540143893}, "datetime": {"datetime": "2024-01-20 14:36:25", "elapsed": 720.211489, "delta": 0.002593}}
{"target": -13.39783206957823, "params": {"colsample_bytree": 0.526404509724501, "eta": 0.01097676052736713, "gamma": 642.6960358210077, "max_depth": 3.0, "min_child_weight": 3616.914939421759, "num_boost_round": 3.0, "subsample": 0.9689169540143893}, "datetime": {"datetime": "2024-01-20 14:36:25", "elapsed": 720.212549, "delta": 0.00106}}
{"target": -13.39788693998205, "params": {"colsample_bytree": 0.526404509724501, "eta": 0.01097676052736713, "gamma": 642.6960358210077, "max_depth": 3.0, "min_child_weight": 3616.914939421759, "num_boost_round": 4.0, "subsample": 0.9689169540143893}, "datetime": {"datetime": "2024-01-20 14:36:25", "elapsed": 720.213562, "delta": 0.001013}}
{"target": -13.39784343973762, "params": {"colsample_bytree": 0.526404509724501, "eta": 0.01097676052736713, "gamma": 642.6960358210077, "max_depth": 3.0, "min_child_weight": 3616.914939421759, "num_boost_round": 5.0, "subsample": 0.9689169540143893}, "datetime": {"datetime": "2024-01-20 14:36:25", "elapsed": 720.214587, "delta": 0.001025}}
{"target": -13.397937348838505, "params": {"colsample_bytree": 0.526404509724501, "eta": 0.01097676052736713, "gamma": 642.6960358210077, "max_depth": 3.0, "min_child_weight": 3616.914939421759, "num_boost_round": 6.0, "subsample": 0.9689169540143893}, "datetime": {"datetime": "2024-01-20 14:36:25", "elapsed": 720.216364, "delta": 0.001777}}
{"target": -13.398007550084348, "params": {"colsample_bytree": 0.526404509724501, "eta": 0.01097676052736713, "gamma": 642.6960358210077, "max_depth": 3.0, "min_child_weight": 3616.914939421759, "num_boost_round": 7.0, "subsample": 0.9689169540143893}, "datetime": {"datetime": "2024-01-20 14:36:25", "elapsed": 720.217318, "delta": 0.000954}}
{"target": -13.398103762497605, "params": {"colsample_bytree": 0.526404509724501, "eta": 0.01097676052736713, "gamma": 642.6960358210077, "max_depth": 3.0, "min_child_weight": 3616.914939421759, "num_boost_round": 8.0, "subsample": 0.9689169540143893}, "datetime": {"datetime": "2024-01-20 14:36:25", "elapsed": 720.218342, "delta": 0.001024}}
{"target": -13.398203913085176, "params": {"colsample_bytree": 0.526404509724501, "eta": 0.01097676052736713, "gamma": 642.6960358210077, "max_depth": 3.0, "min_child_weight": 3616.914939421759, "num_boost_round": 9.0, "subsample": 0.9689169540143893}, "datetime": {"datetime": "2024-01-20 14:36:25", "elapsed": 720.219409, "delta": 0.001067}}
{"target": -13.39822710120026, "params": {"colsample_bytree": 0.526404509724501, "eta": 0.01097676052736713, "gamma": 642.6960358210077, "max_depth": 3.0, "min_child_weight": 3616.914939421759, "num_boost_round": 10.0, "subsample": 0.9689169540143893}, "datetime": {"datetime": "2024-01-20 14:36:25", "elapsed": 720.220392, "delta": 0.000983}}
{"target": -13.398290107475432, "params": {"colsample_bytree": 0.526404509724501, "eta": 0.01097676052736713, "gamma": 642.6960358210077, "max_depth": 3.0, "min_child_weight": 3616.914939421759, "num_boost_round": 11.0, "subsample": 0.9689169540143893}, "datetime": {"datetime": "2024-01-20 14:36:25", "elapsed": 720.22142, "delta": 0.001028}}
{"target": -13.398351972605784, "params": {"colsample_bytree": 0.526404509724501, "eta": 0.01097676052736713, "gamma": 642.6960358210077, "max_depth": 3.0, "min_child_weight": 3616.914939421759, "num_boost_round": 12.0, "subsample": 0.9689169540143893}, "datetime": {"datetime": "2024-01-20 14:36:25", "elapsed": 720.22243, "delta": 0.00101}}
{"target": -13.398385160326374, "params": {"colsample_bytree": 0.526404509724501, "eta": 0.01097676052736713, "gamma": 642.6960358210077, "max_depth": 3.0, "min_child_weight": 3616.914939421759, "num_boost_round": 13.0, "subsample": 0.9689169540143893}, "datetime": {"datetime": "2024-01-20 14:36:25", "elapsed": 720.223465, "delta": 0.001035}}
{"target": -13.398438105076494, "params": {"colsample_bytree": 0.526404509724501, "eta": 0.01097676052736713, "gamma": 642.6960358210077, "max_depth": 3.0, "min_child_weight": 3616.914939421759, "num_boost_round": 14.0, "subsample": 0.9689169540143893}, "datetime": {"datetime": "2024-01-20 14:36:25", "elapsed": 720.224453, "delta": 0.000988}}
{"target": -13.398497515586408, "params": {"colsample_bytree": 0.526404509724501, "eta": 0.01097676052736713, "gamma": 642.6960358210077, "max_depth": 3.0, "min_child_weight": 3616.914939421759, "num_boost_round": 15.0, "subsample": 0.9689169540143893}, "datetime": {"datetime": "2024-01-20 14:36:25", "elapsed": 720.225451, "delta": 0.000998}}
{"target": -13.398588782821484, "params": {"colsample_bytree": 0.526404509724501, "eta": 0.01097676052736713, "gamma": 642.6960358210077, "max_depth": 3.0, "min_child_weight": 3616.914939421759, "num_boost_round": 16.0, "subsample": 0.9689169540143893}, "datetime": {"datetime": "2024-01-20 14:36:25", "elapsed": 720.226442, "delta": 0.000991}}
{"target": -13.398686657343669, "params": {"colsample_bytree": 0.526404509724501, "eta": 0.01097676052736713, "gamma": 642.6960358210077, "max_depth": 3.0, "min_child_weight": 3616.914939421759, "num_boost_round": 17.0, "subsample": 0.9689169540143893}, "datetime": {"datetime": "2024-01-20 14:36:25", "elapsed": 720.227449, "delta": 0.001007}}
{"target": -13.398779830235233, "params": {"colsample_bytree": 0.526404509724501, "eta": 0.01097676052736713, "gamma": 642.6960358210077, "max_depth": 3.0, "min_child_weight": 3616.914939421759, "num_boost_round": 18.0, "subsample": 0.9689169540143893}, "datetime": {"datetime": "2024-01-20 14:36:25", "elapsed": 720.228452, "delta": 0.001003}}
{"target": -13.39885769513472, "params": {"colsample_bytree": 0.526404509724501, "eta": 0.01097676052736713, "gamma": 642.6960358210077, "max_depth": 3.0, "min_child_weight": 3616.914939421759, "num_boost_round": 19.0, "subsample": 0.9689169540143893}, "datetime": {"datetime": "2024-01-20 14:36:25", "elapsed": 720.229572, "delta": 0.00112}}
{"target": -13.398963681971555, "params": {"colsample_bytree": 0.526404509724501, "eta": 0.01097676052736713, "gamma": 642.6960358210077, "max_depth": 3.0, "min_child_weight": 3616.914939421759, "num_boost_round": 20.0, "subsample": 0.9689169540143893}, "datetime": {"datetime": "2024-01-20 14:36:25", "elapsed": 720.230577, "delta": 0.001005}}
{"target": -13.399019132512263, "params": {"colsample_bytree": 0.526404509724501, "eta": 0.01097676052736713, "gamma": 642.6960358210077, "max_depth": 3.0, "min_child_weight": 3616.914939421759, "num_boost_round": 21.0, "subsample": 0.9689169540143893}, "datetime": {"datetime": "2024-01-20 14:36:25", "elapsed": 720.231582, "delta": 0.001005}}
{"target": -13.399156390233438, "params": {"colsample_bytree": 0.526404509724501, "eta": 0.01097676052736713, "gamma": 642.6960358210077, "max_depth": 3.0, "min_child_weight": 3616.914939421759, "num_boost_round": 22.0, "subsample": 0.9689169540143893}, "datetime": {"datetime": "2024-01-20 14:36:25", "elapsed": 720.232603, "delta": 0.001021}}
{"target": -13.399308562615424, "params": {"colsample_bytree": 0.526404509724501, "eta": 0.01097676052736713, "gamma": 642.6960358210077, "max_depth": 3.0, "min_child_weight": 3616.914939421759, "num_boost_round": 23.0, "subsample": 0.9689169540143893}, "datetime": {"datetime": "2024-01-20 14:36:25", "elapsed": 720.233629, "delta": 0.001026}}
{"target": -13.399340791875723, "params": {"colsample_bytree": 0.526404509724501, "eta": 0.01097676052736713, "gamma": 642.6960358210077, "max_depth": 3.0, "min_child_weight": 3616.914939421759, "num_boost_round": 24.0, "subsample": 0.9689169540143893}, "datetime": {"datetime": "2024-01-20 14:36:25", "elapsed": 720.234658, "delta": 0.001029}}
{"target": -13.399418491988584, "params": {"colsample_bytree": 0.526404509724501, "eta": 0.01097676052736713, "gamma": 642.6960358210077, "max_depth": 3.0, "min_child_weight": 3616.914939421759, "num_boost_round": 25.0, "subsample": 0.9689169540143893}, "datetime": {"datetime": "2024-01-20 14:36:25", "elapsed": 720.235626, "delta": 0.000968}}
{"target": -13.399628313205753, "params": {"colsample_bytree": 0.526404509724501, "eta": 0.01097676052736713, "gamma": 642.6960358210077, "max_depth": 3.0, "min_child_weight": 3616.914939421759, "num_boost_round": 26.0, "subsample": 0.9689169540143893}, "datetime": {"datetime": "2024-01-20 14:36:25", "elapsed": 720.236575, "delta": 0.000949}}
{"target": -13.399732723928881, "params": {"colsample_bytree": 0.526404509724501, "eta": 0.01097676052736713, "gamma": 642.6960358210077, "max_depth": 3.0, "min_child_weight": 3616.914939421759, "num_boost_round": 27.0, "subsample": 0.9689169540143893}, "datetime": {"datetime": "2024-01-20 14:36:25", "elapsed": 720.237613, "delta": 0.001038}}
{"target": -13.399857018673316, "params": {"colsample_bytree": 0.526404509724501, "eta": 0.01097676052736713, "gamma": 642.6960358210077, "max_depth": 3.0, "min_child_weight": 3616.914939421759, "num_boost_round": 28.0, "subsample": 0.9689169540143893}, "datetime": {"datetime": "2024-01-20 14:36:25", "elapsed": 720.238606, "delta": 0.000993}}
{"target": -13.399930400429273, "params": {"colsample_bytree": 0.526404509724501, "eta": 0.01097676052736713, "gamma": 642.6960358210077, "max_depth": 3.0, "min_child_weight": 3616.914939421759, "num_boost_round": 29.0, "subsample": 0.9689169540143893}, "datetime": {"datetime": "2024-01-20 14:36:25", "elapsed": 720.239695, "delta": 0.001089}}
{"target": -13.400025374430179, "params": {"colsample_bytree": 0.526404509724501, "eta": 0.01097676052736713, "gamma": 642.6960358210077, "max_depth": 3.0, "min_child_weight": 3616.914939421759, "num_boost_round": 30.0, "subsample": 0.9689169540143893}, "datetime": {"datetime": "2024-01-20 14:36:25", "elapsed": 720.240676, "delta": 0.000981}}
{"target": -13.400132531077194, "params": {"colsample_bytree": 0.526404509724501, "eta": 0.01097676052736713, "gamma": 642.6960358210077, "max_depth": 3.0, "min_child_weight": 3616.914939421759, "num_boost_round": 31.0, "subsample": 0.9689169540143893}, "datetime": {"datetime": "2024-01-20 14:36:25", "elapsed": 720.24165, "delta": 0.000974}}
{"target": -13.400204578917503, "params": {"colsample_bytree": 0.526404509724501, "eta": 0.01097676052736713, "gamma": 642.6960358210077, "max_depth": 3.0, "min_child_weight": 3616.914939421759, "num_boost_round": 32.0, "subsample": 0.9689169540143893}, "datetime": {"datetime": "2024-01-20 14:36:25", "elapsed": 720.242663, "delta": 0.001013}}
{"target": -13.400379414452548, "params": {"colsample_bytree": 0.526404509724501, "eta": 0.01097676052736713, "gamma": 642.6960358210077, "max_depth": 3.0, "min_child_weight": 3616.914939421759, "num_boost_round": 33.0, "subsample": 0.9689169540143893}, "datetime": {"datetime": "2024-01-20 14:36:25", "elapsed": 720.243683, "delta": 0.00102}}
{"target": -13.400470646986141, "params": {"colsample_bytree": 0.526404509724501, "eta": 0.01097676052736713, "gamma": 642.6960358210077, "max_depth": 3.0, "min_child_weight": 3616.914939421759, "num_boost_round": 34.0, "subsample": 0.9689169540143893}, "datetime": {"datetime": "2024-01-20 14:36:25", "elapsed": 720.244706, "delta": 0.001023}}
{"target": -13.40064742867237, "params": {"colsample_bytree": 0.526404509724501, "eta": 0.01097676052736713, "gamma": 642.6960358210077, "max_depth": 3.0, "min_child_weight": 3616.914939421759, "num_boost_round": 35.0, "subsample": 0.9689169540143893}, "datetime": {"datetime": "2024-01-20 14:36:25", "elapsed": 720.245703, "delta": 0.000997}}
{"target": -13.400743191323002, "params": {"colsample_bytree": 0.526404509724501, "eta": 0.01097676052736713, "gamma": 642.6960358210077, "max_depth": 3.0, "min_child_weight": 3616.914939421759, "num_boost_round": 36.0, "subsample": 0.9689169540143893}, "datetime": {"datetime": "2024-01-20 14:36:25", "elapsed": 720.246728, "delta": 0.001025}}
{"target": -13.400812614645835, "params": {"colsample_bytree": 0.526404509724501, "eta": 0.01097676052736713, "gamma": 642.6960358210077, "max_depth": 3.0, "min_child_weight": 3616.914939421759, "num_boost_round": 37.0, "subsample": 0.9689169540143893}, "datetime": {"datetime": "2024-01-20 14:36:25", "elapsed": 720.247713, "delta": 0.000985}}
{"target": -13.400879978898818, "params": {"colsample_bytree": 0.526404509724501, "eta": 0.01097676052736713, "gamma": 642.6960358210077, "max_depth": 3.0, "min_child_weight": 3616.914939421759, "num_boost_round": 38.0, "subsample": 0.9689169540143893}, "datetime": {"datetime": "2024-01-20 14:36:25", "elapsed": 720.248908, "delta": 0.001195}}
{"target": -13.401026850013738, "params": {"colsample_bytree": 0.526404509724501, "eta": 0.01097676052736713, "gamma": 642.6960358210077, "max_depth": 3.0, "min_child_weight": 3616.914939421759, "num_boost_round": 39.0, "subsample": 0.9689169540143893}, "datetime": {"datetime": "2024-01-20 14:36:25", "elapsed": 720.249915, "delta": 0.001007}}
{"target": -13.401088542388205, "params": {"colsample_bytree": 0.526404509724501, "eta": 0.01097676052736713, "gamma": 642.6960358210077, "max_depth": 3.0, "min_child_weight": 3616.914939421759, "num_boost_round": 40.0, "subsample": 0.9689169540143893}, "datetime": {"datetime": "2024-01-20 14:36:25", "elapsed": 720.250911, "delta": 0.000996}}
{"target": -13.401155044229434, "params": {"colsample_bytree": 0.526404509724501, "eta": 0.01097676052736713, "gamma": 642.6960358210077, "max_depth": 3.0, "min_child_weight": 3616.914939421759, "num_boost_round": 41.0, "subsample": 0.9689169540143893}, "datetime": {"datetime": "2024-01-20 14:36:25", "elapsed": 720.251904, "delta": 0.000993}}
{"target": -13.401307396299057, "params": {"colsample_bytree": 0.526404509724501, "eta": 0.01097676052736713, "gamma": 642.6960358210077, "max_depth": 3.0, "min_child_weight": 3616.914939421759, "num_boost_round": 42.0, "subsample": 0.9689169540143893}, "datetime": {"datetime": "2024-01-20 14:36:25", "elapsed": 720.252904, "delta": 0.001}}
{"target": -13.40146067071686, "params": {"colsample_bytree": 0.526404509724501, "eta": 0.01097676052736713, "gamma": 642.6960358210077, "max_depth": 3.0, "min_child_weight": 3616.914939421759, "num_boost_round": 43.0, "subsample": 0.9689169540143893}, "datetime": {"datetime": "2024-01-20 14:36:25", "elapsed": 720.253975, "delta": 0.001071}}
{"target": -13.4016266086809, "params": {"colsample_bytree": 0.526404509724501, "eta": 0.01097676052736713, "gamma": 642.6960358210077, "max_depth": 3.0, "min_child_weight": 3616.914939421759, "num_boost_round": 44.0, "subsample": 0.9689169540143893}, "datetime": {"datetime": "2024-01-20 14:36:25", "elapsed": 720.254996, "delta": 0.001021}}
{"target": -13.401698771299797, "params": {"colsample_bytree": 0.526404509724501, "eta": 0.01097676052736713, "gamma": 642.6960358210077, "max_depth": 3.0, "min_child_weight": 3616.914939421759, "num_boost_round": 45.0, "subsample": 0.9689169540143893}, "datetime": {"datetime": "2024-01-20 14:36:25", "elapsed": 720.256004, "delta": 0.001008}}
{"target": -13.401846000800909, "params": {"colsample_bytree": 0.526404509724501, "eta": 0.01097676052736713, "gamma": 642.6960358210077, "max_depth": 3.0, "min_child_weight": 3616.914939421759, "num_boost_round": 46.0, "subsample": 0.9689169540143893}, "datetime": {"datetime": "2024-01-20 14:36:25", "elapsed": 720.257018, "delta": 0.001014}}
{"target": -13.40188695408206, "params": {"colsample_bytree": 0.526404509724501, "eta": 0.01097676052736713, "gamma": 642.6960358210077, "max_depth": 3.0, "min_child_weight": 3616.914939421759, "num_boost_round": 47.0, "subsample": 0.9689169540143893}, "datetime": {"datetime": "2024-01-20 14:36:25", "elapsed": 720.258044, "delta": 0.001026}}
{"target": -13.402044561950248, "params": {"colsample_bytree": 0.526404509724501, "eta": 0.01097676052736713, "gamma": 642.6960358210077, "max_depth": 3.0, "min_child_weight": 3616.914939421759, "num_boost_round": 48.0, "subsample": 0.9689169540143893}, "datetime": {"datetime": "2024-01-20 14:36:25", "elapsed": 720.259167, "delta": 0.001123}}
{"target": -13.402181805767652, "params": {"colsample_bytree": 0.526404509724501, "eta": 0.01097676052736713, "gamma": 642.6960358210077, "max_depth": 3.0, "min_child_weight": 3616.914939421759, "num_boost_round": 49.0, "subsample": 0.9689169540143893}, "datetime": {"datetime": "2024-01-20 14:36:25", "elapsed": 720.260186, "delta": 0.001019}}
{"target": -13.402253586605575, "params": {"colsample_bytree": 0.526404509724501, "eta": 0.01097676052736713, "gamma": 642.6960358210077, "max_depth": 3.0, "min_child_weight": 3616.914939421759, "num_boost_round": 50.0, "subsample": 0.9689169540143893}, "datetime": {"datetime": "2024-01-20 14:36:25", "elapsed": 720.261207, "delta": 0.001021}}
{"target": -13.402387491950144, "params": {"colsample_bytree": 0.526404509724501, "eta": 0.01097676052736713, "gamma": 642.6960358210077, "max_depth": 3.0, "min_child_weight": 3616.914939421759, "num_boost_round": 51.0, "subsample": 0.9689169540143893}, "datetime": {"datetime": "2024-01-20 14:36:25", "elapsed": 720.262209, "delta": 0.001002}}
{"target": -13.402463599626135, "params": {"colsample_bytree": 0.526404509724501, "eta": 0.01097676052736713, "gamma": 642.6960358210077, "max_depth": 3.0, "min_child_weight": 3616.914939421759, "num_boost_round": 52.0, "subsample": 0.9689169540143893}, "datetime": {"datetime": "2024-01-20 14:36:25", "elapsed": 720.263244, "delta": 0.001035}}
{"target": -13.402599445433848, "params": {"colsample_bytree": 0.526404509724501, "eta": 0.01097676052736713, "gamma": 642.6960358210077, "max_depth": 3.0, "min_child_weight": 3616.914939421759, "num_boost_round": 53.0, "subsample": 0.9689169540143893}, "datetime": {"datetime": "2024-01-20 14:36:25", "elapsed": 720.264242, "delta": 0.000998}}
