{"target": -13.502316470622933, "params": {"colsample_bytree": 0.6554585669295439, "eta": 0.02033042822951127, "gamma": 580.9171149250791, "max_depth": 4.0, "min_child_weight": 4091.3265142515725, "num_boost_round": 54.0, "subsample": 0.8528511404875531}, "datetime": {"datetime": "2024-01-20 14:28:33", "elapsed": 266.653181, "delta": 0.000622}}
{"target": -13.502418127823853, "params": {"colsample_bytree": 0.6554585669295439, "eta": 0.02033042822951127, "gamma": 580.9171149250791, "max_depth": 4.0, "min_child_weight": 4091.3265142515725, "num_boost_round": 55.0, "subsample": 0.8528511404875531}, "datetime": {"datetime": "2024-01-20 14:28:33", "elapsed": 266.6538, "delta": 0.000619}}
{"target": -13.502545607487182, "params": {"colsample_bytree": 0.6554585669295439, "eta": 0.02033042822951127, "gamma": 580.9171149250791, "max_depth": 4.0, "min_child_weight": 4091.3265142515725, "num_boost_round": 56.0, "subsample": 0.8528511404875531}, "datetime": {"datetime": "2024-01-20 14:28:33", "elapsed": 266.6593, "delta": 0.0055}}
{"target": -13.502667178352734, "params": {"colsample_bytree": 0.6554585669295439, "eta": 0.02033042822951127, "gamma": 580.9171149250791, "max_depth": 4.0, "min_child_weight": 4091.3265142515725, "num_boost_round": 57.0, "subsample": 0.8528511404875531}, "datetime": {"datetime": "2024-01-20 14:28:33", "elapsed": 266.660422, "delta": 0.001122}}
{"target": -13.502902253345894, "params": {"colsample_bytree": 0.6554585669295439, "eta": 0.02033042822951127, "gamma": 580.9171149250791, "max_depth": 4.0, "min_child_weight": 4091.3265142515725, "num_boost_round": 58.0, "subsample": 0.8528511404875531}, "datetime": {"datetime": "2024-01-20 14:28:33", "elapsed": 266.661092, "delta": 0.00067}}
{"target": -13.503081121415573, "params": {"colsample_bytree": 0.6554585669295439, "eta": 0.02033042822951127, "gamma": 580.9171149250791, "max_depth": 4.0, "min_child_weight": 4091.3265142515725, "num_boost_round": 59.0, "subsample": 0.8528511404875531}, "datetime": {"datetime": "2024-01-20 14:28:33", "elapsed": 266.661681, "delta": 0.000589}}
{"target": -13.503160182164224, "params": {"colsample_bytree": 0.6554585669295439, "eta": 0.02033042822951127, "gamma": 580.9171149250791, "max_depth": 4.0, "min_child_weight": 4091.3265142515725, "num_boost_round": 60.0, "subsample": 0.8528511404875531}, "datetime": {"datetime": "2024-01-20 14:28:33", "elapsed": 266.835738, "delta": 0.174057}}
{"target": -13.503263470288175, "params": {"colsample_bytree": 0.6554585669295439, "eta": 0.02033042822951127, "gamma": 580.9171149250791, "max_depth": 4.0, "min_child_weight": 4091.3265142515725, "num_boost_round": 61.0, "subsample": 0.8528511404875531}, "datetime": {"datetime": "2024-01-20 14:28:33", "elapsed": 266.836837, "delta": 0.001099}}
{"target": -13.503253911123718, "params": {"colsample_bytree": 0.6554585669295439, "eta": 0.02033042822951127, "gamma": 580.9171149250791, "max_depth": 4.0, "min_child_weight": 4091.3265142515725, "num_boost_round": 62.0, "subsample": 0.8528511404875531}, "datetime": {"datetime": "2024-01-20 14:28:33", "elapsed": 266.83781, "delta": 0.000973}}
{"target": -13.503273900618879, "params": {"colsample_bytree": 0.6554585669295439, "eta": 0.02033042822951127, "gamma": 580.9171149250791, "max_depth": 4.0, "min_child_weight": 4091.3265142515725, "num_boost_round": 63.0, "subsample": 0.8528511404875531}, "datetime": {"datetime": "2024-01-20 14:28:33", "elapsed": 266.839008, "delta": 0.001198}}
{"target": -13.503313299097595, "params": {"colsample_bytree": 0.6554585669295439, "eta": 0.02033042822951127, "gamma": 580.9171149250791, "max_depth": 4.0, "min_child_weight": 4091.3265142515725, "num_boost_round": 64.0, "subsample": 0.8528511404875531}, "datetime": {"datetime": "2024-01-20 14:28:33", "elapsed": 266.839716, "delta": 0.000708}}
{"target": -13.50339286437367, "params": {"colsample_bytree": 0.6554585669295439, "eta": 0.02033042822951127, "gamma": 580.9171149250791, "max_depth": 4.0, "min_child_weight": 4091.3265142515725, "num_boost_round": 65.0, "subsample": 0.8528511404875531}, "datetime": {"datetime": "2024-01-20 14:28:33", "elapsed": 266.840428, "delta": 0.000712}}
{"target": -13.503440786771558, "params": {"colsample_bytree": 0.6554585669295439, "eta": 0.02033042822951127, "gamma": 580.9171149250791, "max_depth": 4.0, "min_child_weight": 4091.3265142515725, "num_boost_round": 66.0, "subsample": 0.8528511404875531}, "datetime": {"datetime": "2024-01-20 14:28:33", "elapsed": 266.841151, "delta": 0.000723}}
{"target": -13.503542018787648, "params": {"colsample_bytree": 0.6554585669295439, "eta": 0.02033042822951127, "gamma": 580.9171149250791, "max_depth": 4.0, "min_child_weight": 4091.3265142515725, "num_boost_round": 67.0, "subsample": 0.8528511404875531}, "datetime": {"datetime": "2024-01-20 14:28:33", "elapsed": 266.841865, "delta": 0.000714}}
{"target": -13.503552116154083, "params": {"colsample_bytree": 0.6554585669295439, "eta": 0.02033042822951127, "gamma": 580.9171149250791, "max_depth": 4.0, "min_child_weight": 4091.3265142515725, "num_boost_round": 68.0, "subsample": 0.8528511404875531}, "datetime": {"datetime": "2024-01-20 14:28:33", "elapsed": 266.842586, "delta": 0.000721}}
{"target": -13.503614026914093, "params": {"colsample_bytree": 0.6554585669295439, "eta": 0.02033042822951127, "gamma": 580.9171149250791, "max_depth": 4.0, "min_child_weight": 4091.3265142515725, "num_boost_round": 69.0, "subsample": 0.8528511404875531}, "datetime": {"datetime": "2024-01-20 14:28:33", "elapsed": 266.84335, "delta": 0.000764}}
{"target": -13.503544260553806, "params": {"colsample_bytree": 0.6554585669295439, "eta": 0.02033042822951127, "gamma": 580.9171149250791, "max_depth": 4.0, "min_child_weight": 4091.3265142515725, "num_boost_round": 70.0, "subsample": 0.8528511404875531}, "datetime": {"datetime": "2024-01-20 14:28:33", "elapsed": 266.844116, "delta": 0.000766}}
{"target": -13.503601497806276, "params": {"colsample_bytree": 0.6554585669295439, "eta": 0.02033042822951127, "gamma": 580.9171149250791, "max_depth": 4.0, "min_child_weight": 4091.3265142515725, "num_boost_round": 71.0, "subsample": 0.8528511404875531}, "datetime": {"datetime": "2024-01-20 14:28:33", "elapsed": 266.844839, "delta": 0.000723}}
{"target": -13.50368844042316, "params": {"colsample_bytree": 0.6554585669295439, "eta": 0.02033042822951127, "gamma": 580.9171149250791, "max_depth": 4.0, "min_child_weight": 4091.3265142515725, "num_boost_round": 72.0, "subsample": 0.8528511404875531}, "datetime": {"datetime": "2024-01-20 14:28:33", "elapsed": 266.845616, "delta": 0.000777}}
{"target": -13.503875197648803, "params": {"colsample_bytree": 0.6554585669295439, "eta": 0.02033042822951127, "gamma": 580.9171149250791, "max_depth": 4.0, "min_child_weight": 4091.3265142515725, "num_boost_round": 73.0, "subsample": 0.8528511404875531}, "datetime": {"datetime": "2024-01-20 14:28:33", "elapsed": 266.846369, "delta": 0.000753}}
{"target": -13.50390564803709, "params": {"colsample_bytree": 0.6554585669295439, "eta": 0.02033042822951127, "gamma": 580.9171149250791, "max_depth": 4.0, "min_child_weight": 4091.3265142515725, "num_boost_round": 74.0, "subsample": 0.8528511404875531}, "datetime": {"datetime": "2024-01-20 14:28:33", "elapsed": 266.847162, "delta": 0.000793}}
{"target": -13.50398812126439, "params": {"colsample_bytree": 0.6554585669295439, "eta": 0.02033042822951127, "gamma": 580.9171149250791, "max_depth": 4.0, "min_child_weight": 4091.3265142515725, "num_boost_round": 75.0, "subsample": 0.8528511404875531}, "datetime": {"datetime": "2024-01-20 14:28:33", "elapsed": 266.848026, "delta": 0.000864}}
{"target": -13.504019764063138, "params": {"colsample_bytree": 0.6554585669295439, "eta": 0.02033042822951127, "gamma": 580.9171149250791, "max_depth": 4.0, "min_child_weight": 4091.3265142515725, "num_boost_round": 76.0, "subsample": 0.8528511404875531}, "datetime": {"datetime": "2024-01-20 14:28:33", "elapsed": 266.848827, "delta": 0.000801}}
{"target": -13.504014311164626, "params": {"colsample_bytree": 0.6554585669295439, "eta": 0.02033042822951127, "gamma": 580.9171149250791, "max_depth": 4.0, "min_child_weight": 4091.3265142515725, "num_boost_round": 77.0, "subsample": 0.8528511404875531}, "datetime": {"datetime": "2024-01-20 14:28:33", "elapsed": 266.849582, "delta": 0.000755}}
{"target": -13.504072765688061, "params": {"colsample_bytree": 0.6554585669295439, "eta": 0.02033042822951127, "gamma": 580.9171149250791, "max_depth": 4.0, "min_child_weight": 4091.3265142515725, "num_boost_round": 78.0, "subsample": 0.8528511404875531}, "datetime": {"datetime": "2024-01-20 14:28:33", "elapsed": 266.850325, "delta": 0.000743}}
{"target": -13.504191048696853, "params": {"colsample_bytree": 0.6554585669295439, "eta": 0.02033042822951127, "gamma": 580.9171149250791, "max_depth": 4.0, "min_child_weight": 4091.3265142515725, "num_boost_round": 79.0, "subsample": 0.8528511404875531}, "datetime": {"datetime": "2024-01-20 14:28:33", "elapsed": 266.851498, "delta": 0.001173}}
{"target": -13.50432752293033, "params": {"colsample_bytree": 0.6554585669295439, "eta": 0.02033042822951127, "gamma": 580.9171149250791, "max_depth": 4.0, "min_child_weight": 4091.3265142515725, "num_boost_round": 80.0, "subsample": 0.8528511404875531}, "datetime": {"datetime": "2024-01-20 14:28:33", "elapsed": 266.852362, "delta": 0.000864}}
{"target": -13.504280820177678, "params": {"colsample_bytree": 0.6554585669295439, "eta": 0.02033042822951127, "gamma": 580.9171149250791, "max_depth": 4.0, "min_child_weight": 4091.3265142515725, "num_boost_round": 81.0, "subsample": 0.8528511404875531}, "datetime": {"datetime": "2024-01-20 14:28:33", "elapsed": 266.853255, "delta": 0.000893}}
{"target": -13.504330608531738, "params": {"colsample_bytree": 0.6554585669295439, "eta": 0.02033042822951127, "gamma": 580.9171149250791, "max_depth": 4.0, "min_child_weight": 4091.3265142515725, "num_boost_round": 82.0, "subsample": 0.8528511404875531}, "datetime": {"datetime": "2024-01-20 14:28:33", "elapsed": 266.854019, "delta": 0.000764}}
{"target": -13.504261603394223, "params": {"colsample_bytree": 0.6554585669295439, "eta": 0.02033042822951127, "gamma": 580.9171149250791, "max_depth": 4.0, "min_child_weight": 4091.3265142515725, "num_boost_round": 83.0, "subsample": 0.8528511404875531}, "datetime": {"datetime": "2024-01-20 14:28:33", "elapsed": 266.854822, "delta": 0.000803}}
{"target": -13.504307667618248, "params": {"colsample_bytree": 0.6554585669295439, "eta": 0.02033042822951127, "gamma": 580.9171149250791, "max_depth": 4.0, "min_child_weight": 4091.3265142515725, "num_boost_round": 84.0, "subsample": 0.8528511404875531}, "datetime": {"datetime": "2024-01-20 14:28:33", "elapsed": 266.855571, "delta": 0.000749}}
{"target": -13.504231244003407, "params": {"colsample_bytree": 0.6554585669295439, "eta": 0.02033042822951127, "gamma": 580.9171149250791, "max_depth": 4.0, "min_child_weight": 4091.3265142515725, "num_boost_round": 85.0, "subsample": 0.8528511404875531}, "datetime": {"datetime": "2024-01-20 14:28:33", "elapsed": 266.856325, "delta": 0.000754}}
{"target": -13.504345772650657, "params": {"colsample_bytree": 0.6554585669295439, "eta": 0.02033042822951127, "gamma": 580.9171149250791, "max_depth": 4.0, "min_child_weight": 4091.3265142515725, "num_boost_round": 86.0, "subsample": 0.8528511404875531}, "datetime": {"datetime": "2024-01-20 14:28:33", "elapsed": 266.857063, "delta": 0.000738}}
{"target": -13.504388345563296, "params": {"colsample_bytree": 0.6554585669295439, "eta": 0.02033042822951127, "gamma": 580.9171149250791, "max_depth": 4.0, "min_child_weight": 4091.3265142515725, "num_boost_round": 87.0, "subsample": 0.8528511404875531}, "datetime": {"datetime": "2024-01-20 14:28:33", "elapsed": 266.857793, "delta": 0.00073}}
{"target": -13.504444490478098, "params": {"colsample_bytree": 0.6554585669295439, "eta": 0.02033042822951127, "gamma": 580.9171149250791, "max_depth": 4.0, "min_child_weight": 4091.3265142515725, "num_boost_round": 88.0, "subsample": 0.8528511404875531}, "datetime": {"datetime": "2024-01-20 14:28:33", "elapsed": 266.858539, "delta": 0.000746}}
{"target": -13.504602569423488, "params": {"colsample_bytree": 0.6554585669295439, "eta": 0.02033042822951127, "gamma": 580.9171149250791, "max_depth": 4.0, "min_child_weight": 4091.3265142515725, "num_boost_round": 89.0, "subsample": 0.8528511404875531}, "datetime": {"datetime": "2024-01-20 14:28:33", "elapsed": 266.859277, "delta": 0.000738}}
{"target": -13.504588820549571, "params": {"colsample_bytree": 0.6554585669295439, "eta": 0.02033042822951127, "gamma": 580.9171149250791, "max_depth": 4.0, "min_child_weight": 4091.3265142515725, "num_boost_round": 90.0, "subsample": 0.8528511404875531}, "datetime": {"datetime": "2024-01-20 14:28:33", "elapsed": 266.86002, "delta": 0.000743}}
{"target": -13.504645059821703, "params": {"colsample_bytree": 0.6554585669295439, "eta": 0.02033042822951127, "gamma": 580.9171149250791, "max_depth": 4.0, "min_child_weight": 4091.3265142515725, "num_boost_round": 91.0, "subsample": 0.8528511404875531}, "datetime": {"datetime": "2024-01-20 14:28:33", "elapsed": 266.860756, "delta": 0.000736}}
{"target": -13.504844296555152, "params": {"colsample_bytree": 0.6554585669295439, "eta": 0.02033042822951127, "gamma": 580.9171149250791, "max_depth": 4.0, "min_child_weight": 4091.3265142515725, "num_boost_round": 92.0, "subsample": 0.8528511404875531}, "datetime": {"datetime": "2024-01-20 14:28:33", "elapsed": 266.861499, "delta": 0.000743}}
{"target": -13.504948276793513, "params": {"colsample_bytree": 0.6554585669295439, "eta": 0.02033042822951127, "gamma": 580.9171149250791, "max_depth": 4.0, "min_child_weight": 4091.3265142515725, "num_boost_round": 93.0, "subsample": 0.8528511404875531}, "datetime": {"datetime": "2024-01-20 14:28:33", "elapsed": 266.862236, "delta": 0.000737}}
{"target": -13.505055910405797, "params": {"colsample_bytree": 0.6554585669295439, "eta": 0.02033042822951127, "gamma": 580.9171149250791, "max_depth": 4.0, "min_child_weight": 4091.3265142515725, "num_boost_round": 94.0, "subsample": 0.8528511404875531}, "datetime": {"datetime": "2024-01-20 14:28:33", "elapsed": 266.86298, "delta": 0.000744}}
{"target": -13.505080228465465, "params": {"colsample_bytree": 0.6554585669295439, "eta": 0.02033042822951127, "gamma": 580.9171149250791, "max_depth": 4.0, "min_child_weight": 4091.3265142515725, "num_boost_round": 95.0, "subsample": 0.8528511404875531}, "datetime": {"datetime": "2024-01-20 14:28:33", "elapsed": 266.863721, "delta": 0.000741}}
{"target": -13.505018454732312, "params": {"colsample_bytree": 0.6554585669295439, "eta": 0.02033042822951127, "gamma": 580.9171149250791, "max_depth": 4.0, "min_child_weight": 4091.3265142515725, "num_boost_round": 96.0, "subsample": 0.8528511404875531}, "datetime": {"datetime": "2024-01-20 14:28:33", "elapsed": 266.86448, "delta": 0.000759}}
{"target": -13.505101726888988, "params": {"colsample_bytree": 0.6554585669295439, "eta": 0.02033042822951127, "gamma": 580.9171149250791, "max_depth": 4.0, "min_child_weight": 4091.3265142515725, "num_boost_round": 97.0, "subsample": 0.8528511404875531}, "datetime": {"datetime": "2024-01-20 14:28:33", "elapsed": 266.865238, "delta": 0.000758}}
{"target": -13.505214099990223, "params": {"colsample_bytree": 0.6554585669295439, "eta": 0.02033042822951127, "gamma": 580.9171149250791, "max_depth": 4.0, "min_child_weight": 4091.3265142515725, "num_boost_round": 98.0, "subsample": 0.8528511404875531}, "datetime": {"datetime": "2024-01-20 14:28:33", "elapsed": 266.865995, "delta": 0.000757}}
{"target": -13.505325761470731, "params": {"colsample_bytree": 0.6554585669295439, "eta": 0.02033042822951127, "gamma": 580.9171149250791, "max_depth": 4.0, "min_child_weight": 4091.3265142515725, "num_boost_round": 99.0, "subsample": 0.8528511404875531}, "datetime": {"datetime": "2024-01-20 14:28:33", "elapsed": 266.866742, "delta": 0.000747}}
{"target": -13.50537275365199, "params": {"colsample_bytree": 0.6554585669295439, "eta": 0.02033042822951127, "gamma": 580.9171149250791, "max_depth": 4.0, "min_child_weight": 4091.3265142515725, "num_boost_round": 100.0, "subsample": 0.8528511404875531}, "datetime": {"datetime": "2024-01-20 14:28:33", "elapsed": 266.867497, "delta": 0.000755}}
{"target": -13.50539319439454, "params": {"colsample_bytree": 0.6554585669295439, "eta": 0.02033042822951127, "gamma": 580.9171149250791, "max_depth": 4.0, "min_child_weight": 4091.3265142515725, "num_boost_round": 101.0, "subsample": 0.8528511404875531}, "datetime": {"datetime": "2024-01-20 14:28:33", "elapsed": 266.86825, "delta": 0.000753}}
{"target": -13.505395994324555, "params": {"colsample_bytree": 0.6554585669295439, "eta": 0.02033042822951127, "gamma": 580.9171149250791, "max_depth": 4.0, "min_child_weight": 4091.3265142515725, "num_boost_round": 102.0, "subsample": 0.8528511404875531}, "datetime": {"datetime": "2024-01-20 14:28:33", "elapsed": 266.869001, "delta": 0.000751}}
{"target": -13.5054738313303, "params": {"colsample_bytree": 0.6554585669295439, "eta": 0.02033042822951127, "gamma": 580.9171149250791, "max_depth": 4.0, "min_child_weight": 4091.3265142515725, "num_boost_round": 103.0, "subsample": 0.8528511404875531}, "datetime": {"datetime": "2024-01-20 14:28:33", "elapsed": 266.869746, "delta": 0.000745}}
{"target": -13.50549217742939, "params": {"colsample_bytree": 0.6554585669295439, "eta": 0.02033042822951127, "gamma": 580.9171149250791, "max_depth": 4.0, "min_child_weight": 4091.3265142515725, "num_boost_round": 104.0, "subsample": 0.8528511404875531}, "datetime": {"datetime": "2024-01-20 14:28:33", "elapsed": 266.870502, "delta": 0.000756}}
{"target": -13.505587176872144, "params": {"colsample_bytree": 0.6554585669295439, "eta": 0.02033042822951127, "gamma": 580.9171149250791, "max_depth": 4.0, "min_child_weight": 4091.3265142515725, "num_boost_round": 105.0, "subsample": 0.8528511404875531}, "datetime": {"datetime": "2024-01-20 14:28:33", "elapsed": 266.871266, "delta": 0.000764}}
{"target": -13.505616944734165, "params": {"colsample_bytree": 0.6554585669295439, "eta": 0.02033042822951127, "gamma": 580.9171149250791, "max_depth": 4.0, "min_child_weight": 4091.3265142515725, "num_boost_round": 106.0, "subsample": 0.8528511404875531}, "datetime": {"datetime": "2024-01-20 14:28:33", "elapsed": 266.872137, "delta": 0.000871}}
{"target": -13.505621897650842, "params": {"colsample_bytree": 0.6554585669295439, "eta": 0.02033042822951127, "gamma": 580.9171149250791, "max_depth": 4.0, "min_child_weight": 4091.3265142515725, "num_boost_round": 107.0, "subsample": 0.8528511404875531}, "datetime": {"datetime": "2024-01-20 14:28:33", "elapsed": 266.872901, "delta": 0.000764}}
{"target": -13.50554723549375, "params": {"colsample_bytree": 0.6554585669295439, "eta": 0.02033042822951127, "gamma": 580.9171149250791, "max_depth": 4.0, "min_child_weight": 4091.3265142515725, "num_boost_round": 108.0, "subsample": 0.8528511404875531}, "datetime": {"datetime": "2024-01-20 14:28:33", "elapsed": 266.873662, "delta": 0.000761}}
{"target": -13.50565584013395, "params": {"colsample_bytree": 0.6554585669295439, "eta": 0.02033042822951127, "gamma": 580.9171149250791, "max_depth": 4.0, "min_child_weight": 4091.3265142515725, "num_boost_round": 109.0, "subsample": 0.8528511404875531}, "datetime": {"datetime": "2024-01-20 14:28:33", "elapsed": 266.874473, "delta": 0.000811}}
{"target": -13.50564878521739, "params": {"colsample_bytree": 0.6554585669295439, "eta": 0.02033042822951127, "gamma": 580.9171149250791, "max_depth": 4.0, "min_child_weight": 4091.3265142515725, "num_boost_round": 110.0, "subsample": 0.8528511404875531}, "datetime": {"datetime": "2024-01-20 14:28:33", "elapsed": 266.875242, "delta": 0.000769}}
{"target": -13.50566218947058, "params": {"colsample_bytree": 0.6554585669295439, "eta": 0.02033042822951127, "gamma": 580.9171149250791, "max_depth": 4.0, "min_child_weight": 4091.3265142515725, "num_boost_round": 111.0, "subsample": 0.8528511404875531}, "datetime": {"datetime": "2024-01-20 14:28:33", "elapsed": 266.876008, "delta": 0.000766}}
{"target": -13.505669824363629, "params": {"colsample_bytree": 0.6554585669295439, "eta": 0.02033042822951127, "gamma": 580.9171149250791, "max_depth": 4.0, "min_child_weight": 4091.3265142515725, "num_boost_round": 112.0, "subsample": 0.8528511404875531}, "datetime": {"datetime": "2024-01-20 14:28:33", "elapsed": 266.876775, "delta": 0.000767}}
{"target": -13.505774483435001, "params": {"colsample_bytree": 0.6554585669295439, "eta": 0.02033042822951127, "gamma": 580.9171149250791, "max_depth": 4.0, "min_child_weight": 4091.3265142515725, "num_boost_round": 113.0, "subsample": 0.8528511404875531}, "datetime": {"datetime": "2024-01-20 14:28:33", "elapsed": 266.877547, "delta": 0.000772}}
{"target": -13.505806086238742, "params": {"colsample_bytree": 0.6554585669295439, "eta": 0.02033042822951127, "gamma": 580.9171149250791, "max_depth": 4.0, "min_child_weight": 4091.3265142515725, "num_boost_round": 114.0, "subsample": 0.8528511404875531}, "datetime": {"datetime": "2024-01-20 14:28:33", "elapsed": 266.878329, "delta": 0.000782}}
{"target": -13.505849270849104, "params": {"colsample_bytree": 0.6554585669295439, "eta": 0.02033042822951127, "gamma": 580.9171149250791, "max_depth": 4.0, "min_child_weight": 4091.3265142515725, "num_boost_round": 115.0, "subsample": 0.8528511404875531}, "datetime": {"datetime": "2024-01-20 14:28:33", "elapsed": 266.879106, "delta": 0.000777}}
{"target": -13.505895842561578, "params": {"colsample_bytree": 0.6554585669295439, "eta": 0.02033042822951127, "gamma": 580.9171149250791, "max_depth": 4.0, "min_child_weight": 4091.3265142515725, "num_boost_round": 116.0, "subsample": 0.8528511404875531}, "datetime": {"datetime": "2024-01-20 14:28:33", "elapsed": 266.879891, "delta": 0.000785}}
