{"target": -13.736935833397752, "params": {"colsample_bytree": 0.25151089559562984, "eta": 0.09807490760441165, "gamma": 434.2521725667498, "max_depth": 3.0, "min_child_weight": 3905.1942615516837, "num_boost_round": 6.0, "subsample": 0.5658461520309997}, "datetime": {"datetime": "2024-01-20 14:39:34", "elapsed": 935.667136, "delta": 0.000857}}
{"target": -13.738091982991943, "params": {"colsample_bytree": 0.25151089559562984, "eta": 0.09807490760441165, "gamma": 434.2521725667498, "max_depth": 3.0, "min_child_weight": 3905.1942615516837, "num_boost_round": 7.0, "subsample": 0.5658461520309997}, "datetime": {"datetime": "2024-01-20 14:39:34", "elapsed": 935.667996, "delta": 0.00086}}
{"target": -13.738155201153969, "params": {"colsample_bytree": 0.25151089559562984, "eta": 0.09807490760441165, "gamma": 434.2521725667498, "max_depth": 3.0, "min_child_weight": 3905.1942615516837, "num_boost_round": 8.0, "subsample": 0.5658461520309997}, "datetime": {"datetime": "2024-01-20 14:39:34", "elapsed": 935.668846, "delta": 0.00085}}
{"target": -13.739061732041801, "params": {"colsample_bytree": 0.25151089559562984, "eta": 0.09807490760441165, "gamma": 434.2521725667498, "max_depth": 3.0, "min_child_weight": 3905.1942615516837, "num_boost_round": 9.0, "subsample": 0.5658461520309997}, "datetime": {"datetime": "2024-01-20 14:39:34", "elapsed": 935.66969, "delta": 0.000844}}
{"target": -13.740396940749834, "params": {"colsample_bytree": 0.25151089559562984, "eta": 0.09807490760441165, "gamma": 434.2521725667498, "max_depth": 3.0, "min_child_weight": 3905.1942615516837, "num_boost_round": 10.0, "subsample": 0.5658461520309997}, "datetime": {"datetime": "2024-01-20 14:39:34", "elapsed": 935.670585, "delta": 0.000895}}
{"target": -13.74225195030467, "params": {"colsample_bytree": 0.25151089559562984, "eta": 0.09807490760441165, "gamma": 434.2521725667498, "max_depth": 3.0, "min_child_weight": 3905.1942615516837, "num_boost_round": 11.0, "subsample": 0.5658461520309997}, "datetime": {"datetime": "2024-01-20 14:39:34", "elapsed": 935.671427, "delta": 0.000842}}
{"target": -13.74259487517846, "params": {"colsample_bytree": 0.25151089559562984, "eta": 0.09807490760441165, "gamma": 434.2521725667498, "max_depth": 3.0, "min_child_weight": 3905.1942615516837, "num_boost_round": 12.0, "subsample": 0.5658461520309997}, "datetime": {"datetime": "2024-01-20 14:39:34", "elapsed": 935.672485, "delta": 0.001058}}
{"target": -13.743494047946704, "params": {"colsample_bytree": 0.25151089559562984, "eta": 0.09807490760441165, "gamma": 434.2521725667498, "max_depth": 3.0, "min_child_weight": 3905.1942615516837, "num_boost_round": 13.0, "subsample": 0.5658461520309997}, "datetime": {"datetime": "2024-01-20 14:39:34", "elapsed": 935.673341, "delta": 0.000856}}
{"target": -13.74406953933822, "params": {"colsample_bytree": 0.25151089559562984, "eta": 0.09807490760441165, "gamma": 434.2521725667498, "max_depth": 3.0, "min_child_weight": 3905.1942615516837, "num_boost_round": 14.0, "subsample": 0.5658461520309997}, "datetime": {"datetime": "2024-01-20 14:39:34", "elapsed": 935.674296, "delta": 0.000955}}
{"target": -13.744265559286344, "params": {"colsample_bytree": 0.25151089559562984, "eta": 0.09807490760441165, "gamma": 434.2521725667498, "max_depth": 3.0, "min_child_weight": 3905.1942615516837, "num_boost_round": 15.0, "subsample": 0.5658461520309997}, "datetime": {"datetime": "2024-01-20 14:39:34", "elapsed": 935.675143, "delta": 0.000847}}
{"target": -13.746031750300968, "params": {"colsample_bytree": 0.25151089559562984, "eta": 0.09807490760441165, "gamma": 434.2521725667498, "max_depth": 3.0, "min_child_weight": 3905.1942615516837, "num_boost_round": 16.0, "subsample": 0.5658461520309997}, "datetime": {"datetime": "2024-01-20 14:39:34", "elapsed": 935.675987, "delta": 0.000844}}
{"target": -13.747323033800082, "params": {"colsample_bytree": 0.25151089559562984, "eta": 0.09807490760441165, "gamma": 434.2521725667498, "max_depth": 3.0, "min_child_weight": 3905.1942615516837, "num_boost_round": 17.0, "subsample": 0.5658461520309997}, "datetime": {"datetime": "2024-01-20 14:39:34", "elapsed": 935.676831, "delta": 0.000844}}
{"target": -13.747944663138219, "params": {"colsample_bytree": 0.25151089559562984, "eta": 0.09807490760441165, "gamma": 434.2521725667498, "max_depth": 3.0, "min_child_weight": 3905.1942615516837, "num_boost_round": 18.0, "subsample": 0.5658461520309997}, "datetime": {"datetime": "2024-01-20 14:39:34", "elapsed": 935.677678, "delta": 0.000847}}
{"target": -13.748676448004305, "params": {"colsample_bytree": 0.25151089559562984, "eta": 0.09807490760441165, "gamma": 434.2521725667498, "max_depth": 3.0, "min_child_weight": 3905.1942615516837, "num_boost_round": 19.0, "subsample": 0.5658461520309997}, "datetime": {"datetime": "2024-01-20 14:39:34", "elapsed": 935.678538, "delta": 0.00086}}
{"target": -13.748773741873839, "params": {"colsample_bytree": 0.25151089559562984, "eta": 0.09807490760441165, "gamma": 434.2521725667498, "max_depth": 3.0, "min_child_weight": 3905.1942615516837, "num_boost_round": 20.0, "subsample": 0.5658461520309997}, "datetime": {"datetime": "2024-01-20 14:39:34", "elapsed": 935.679388, "delta": 0.00085}}
{"target": -13.73136605734448, "params": {"colsample_bytree": 0.6812727704020802, "eta": 0.023455974224441855, "gamma": 557.3635078660616, "max_depth": 5.0, "min_child_weight": 3897.0492869935447, "num_boost_round": 1.0, "subsample": 0.5874357238929302}, "datetime": {"datetime": "2024-01-20 14:39:54", "elapsed": 955.035623, "delta": 19.356235}}
{"target": -13.731670772382273, "params": {"colsample_bytree": 0.6812727704020802, "eta": 0.023455974224441855, "gamma": 557.3635078660616, "max_depth": 5.0, "min_child_weight": 3897.0492869935447, "num_boost_round": 2.0, "subsample": 0.5874357238929302}, "datetime": {"datetime": "2024-01-20 14:39:54", "elapsed": 955.036696, "delta": 0.001073}}
{"target": -13.731895854274292, "params": {"colsample_bytree": 0.6812727704020802, "eta": 0.023455974224441855, "gamma": 557.3635078660616, "max_depth": 5.0, "min_child_weight": 3897.0492869935447, "num_boost_round": 3.0, "subsample": 0.5874357238929302}, "datetime": {"datetime": "2024-01-20 14:39:54", "elapsed": 955.037573, "delta": 0.000877}}
{"target": -13.73241220149406, "params": {"colsample_bytree": 0.6812727704020802, "eta": 0.023455974224441855, "gamma": 557.3635078660616, "max_depth": 5.0, "min_child_weight": 3897.0492869935447, "num_boost_round": 4.0, "subsample": 0.5874357238929302}, "datetime": {"datetime": "2024-01-20 14:39:54", "elapsed": 955.038423, "delta": 0.00085}}
{"target": -13.732905647788268, "params": {"colsample_bytree": 0.6812727704020802, "eta": 0.023455974224441855, "gamma": 557.3635078660616, "max_depth": 5.0, "min_child_weight": 3897.0492869935447, "num_boost_round": 5.0, "subsample": 0.5874357238929302}, "datetime": {"datetime": "2024-01-20 14:39:54", "elapsed": 955.040154, "delta": 0.001731}}
{"target": -13.733383944419268, "params": {"colsample_bytree": 0.6812727704020802, "eta": 0.023455974224441855, "gamma": 557.3635078660616, "max_depth": 5.0, "min_child_weight": 3897.0492869935447, "num_boost_round": 6.0, "subsample": 0.5874357238929302}, "datetime": {"datetime": "2024-01-20 14:39:54", "elapsed": 955.041752, "delta": 0.001598}}
{"target": -13.73398016336899, "params": {"colsample_bytree": 0.6812727704020802, "eta": 0.023455974224441855, "gamma": 557.3635078660616, "max_depth": 5.0, "min_child_weight": 3897.0492869935447, "num_boost_round": 7.0, "subsample": 0.5874357238929302}, "datetime": {"datetime": "2024-01-20 14:39:54", "elapsed": 955.043019, "delta": 0.001267}}
{"target": -13.734474310052743, "params": {"colsample_bytree": 0.6812727704020802, "eta": 0.023455974224441855, "gamma": 557.3635078660616, "max_depth": 5.0, "min_child_weight": 3897.0492869935447, "num_boost_round": 8.0, "subsample": 0.5874357238929302}, "datetime": {"datetime": "2024-01-20 14:39:54", "elapsed": 955.044011, "delta": 0.000992}}
{"target": -13.734933961171027, "params": {"colsample_bytree": 0.6812727704020802, "eta": 0.023455974224441855, "gamma": 557.3635078660616, "max_depth": 5.0, "min_child_weight": 3897.0492869935447, "num_boost_round": 9.0, "subsample": 0.5874357238929302}, "datetime": {"datetime": "2024-01-20 14:39:54", "elapsed": 955.045035, "delta": 0.001024}}
{"target": -13.73524905486535, "params": {"colsample_bytree": 0.6812727704020802, "eta": 0.023455974224441855, "gamma": 557.3635078660616, "max_depth": 5.0, "min_child_weight": 3897.0492869935447, "num_boost_round": 10.0, "subsample": 0.5874357238929302}, "datetime": {"datetime": "2024-01-20 14:39:54", "elapsed": 955.045999, "delta": 0.000964}}
{"target": -13.735801799567344, "params": {"colsample_bytree": 0.6812727704020802, "eta": 0.023455974224441855, "gamma": 557.3635078660616, "max_depth": 5.0, "min_child_weight": 3897.0492869935447, "num_boost_round": 11.0, "subsample": 0.5874357238929302}, "datetime": {"datetime": "2024-01-20 14:39:54", "elapsed": 955.046874, "delta": 0.000875}}
{"target": -13.736380038965823, "params": {"colsample_bytree": 0.6812727704020802, "eta": 0.023455974224441855, "gamma": 557.3635078660616, "max_depth": 5.0, "min_child_weight": 3897.0492869935447, "num_boost_round": 12.0, "subsample": 0.5874357238929302}, "datetime": {"datetime": "2024-01-20 14:39:54", "elapsed": 955.047749, "delta": 0.000875}}
{"target": -13.73682902956207, "params": {"colsample_bytree": 0.6812727704020802, "eta": 0.023455974224441855, "gamma": 557.3635078660616, "max_depth": 5.0, "min_child_weight": 3897.0492869935447, "num_boost_round": 13.0, "subsample": 0.5874357238929302}, "datetime": {"datetime": "2024-01-20 14:39:54", "elapsed": 955.048681, "delta": 0.000932}}
{"target": -13.737378121315256, "params": {"colsample_bytree": 0.6812727704020802, "eta": 0.023455974224441855, "gamma": 557.3635078660616, "max_depth": 5.0, "min_child_weight": 3897.0492869935447, "num_boost_round": 14.0, "subsample": 0.5874357238929302}, "datetime": {"datetime": "2024-01-20 14:39:54", "elapsed": 955.049665, "delta": 0.000984}}
{"target": -13.738027617763652, "params": {"colsample_bytree": 0.6812727704020802, "eta": 0.023455974224441855, "gamma": 557.3635078660616, "max_depth": 5.0, "min_child_weight": 3897.0492869935447, "num_boost_round": 15.0, "subsample": 0.5874357238929302}, "datetime": {"datetime": "2024-01-20 14:39:54", "elapsed": 955.050593, "delta": 0.000928}}
{"target": -13.731215256638507, "params": {"colsample_bytree": 0.1986009672689828, "eta": 0.02914140457759333, "gamma": 844.8776357215798, "max_depth": 4.0, "min_child_weight": 3992.970788720614, "num_boost_round": 1.0, "subsample": 0.4019393900415835}, "datetime": {"datetime": "2024-01-20 14:40:08", "elapsed": 969.261549, "delta": 14.210956}}
{"target": -13.731419094546677, "params": {"colsample_bytree": 0.1986009672689828, "eta": 0.02914140457759333, "gamma": 844.8776357215798, "max_depth": 4.0, "min_child_weight": 3992.970788720614, "num_boost_round": 2.0, "subsample": 0.4019393900415835}, "datetime": {"datetime": "2024-01-20 14:40:08", "elapsed": 969.262855, "delta": 0.001306}}
{"target": -13.731616563826622, "params": {"colsample_bytree": 0.1986009672689828, "eta": 0.02914140457759333, "gamma": 844.8776357215798, "max_depth": 4.0, "min_child_weight": 3992.970788720614, "num_boost_round": 3.0, "subsample": 0.4019393900415835}, "datetime": {"datetime": "2024-01-20 14:40:08", "elapsed": 969.264349, "delta": 0.001494}}
{"target": -13.731531615597206, "params": {"colsample_bytree": 0.18246366587077578, "eta": 0.057800908726463734, "gamma": 488.01493810551347, "max_depth": 5.0, "min_child_weight": 3830.097378044215, "num_boost_round": 1.0, "subsample": 0.22431411361417802}, "datetime": {"datetime": "2024-01-20 14:40:21", "elapsed": 982.401374, "delta": 13.137025}}
{"target": -13.731080033547855, "params": {"colsample_bytree": 0.11814525295487072, "eta": 0.007337726233168581, "gamma": 621.9201771818173, "max_depth": 5.0, "min_child_weight": 4468.488172456631, "num_boost_round": 1.0, "subsample": 0.5259024719983484}, "datetime": {"datetime": "2024-01-20 14:40:34", "elapsed": 995.681919, "delta": 13.280545}}
{"target": -13.732329467956792, "params": {"colsample_bytree": 0.7820169482104329, "eta": 0.06398722335656987, "gamma": 949.9241619734192, "max_depth": 6.0, "min_child_weight": 4109.706177093041, "num_boost_round": 1.0, "subsample": 0.8210917819512132}, "datetime": {"datetime": "2024-01-20 14:40:48", "elapsed": 1009.276399, "delta": 13.59448}}
{"target": -13.731260697760003, "params": {"colsample_bytree": 0.19731525948670325, "eta": 0.030172878347577422, "gamma": 956.0979156032864, "max_depth": 6.0, "min_child_weight": 4021.3672182738487, "num_boost_round": 1.0, "subsample": 0.21550378200278003}, "datetime": {"datetime": "2024-01-20 14:41:10", "elapsed": 1031.856374, "delta": 22.579975}}
{"target": -13.731471843827876, "params": {"colsample_bytree": 0.19731525948670325, "eta": 0.030172878347577422, "gamma": 956.0979156032864, "max_depth": 6.0, "min_child_weight": 4021.3672182738487, "num_boost_round": 2.0, "subsample": 0.21550378200278003}, "datetime": {"datetime": "2024-01-20 14:41:10", "elapsed": 1031.857895, "delta": 0.001521}}
{"target": -13.73175165483246, "params": {"colsample_bytree": 0.19731525948670325, "eta": 0.030172878347577422, "gamma": 956.0979156032864, "max_depth": 6.0, "min_child_weight": 4021.3672182738487, "num_boost_round": 3.0, "subsample": 0.21550378200278003}, "datetime": {"datetime": "2024-01-20 14:41:10", "elapsed": 1031.859247, "delta": 0.001352}}
{"target": -13.73199486569836, "params": {"colsample_bytree": 0.19731525948670325, "eta": 0.030172878347577422, "gamma": 956.0979156032864, "max_depth": 6.0, "min_child_weight": 4021.3672182738487, "num_boost_round": 4.0, "subsample": 0.21550378200278003}, "datetime": {"datetime": "2024-01-20 14:41:10", "elapsed": 1031.860339, "delta": 0.001092}}
{"target": -13.732373450456723, "params": {"colsample_bytree": 0.19731525948670325, "eta": 0.030172878347577422, "gamma": 956.0979156032864, "max_depth": 6.0, "min_child_weight": 4021.3672182738487, "num_boost_round": 5.0, "subsample": 0.21550378200278003}, "datetime": {"datetime": "2024-01-20 14:41:10", "elapsed": 1031.861225, "delta": 0.000886}}
{"target": -13.732693430064916, "params": {"colsample_bytree": 0.19731525948670325, "eta": 0.030172878347577422, "gamma": 956.0979156032864, "max_depth": 6.0, "min_child_weight": 4021.3672182738487, "num_boost_round": 6.0, "subsample": 0.21550378200278003}, "datetime": {"datetime": "2024-01-20 14:41:10", "elapsed": 1031.862215, "delta": 0.00099}}
{"target": -13.732945377769427, "params": {"colsample_bytree": 0.19731525948670325, "eta": 0.030172878347577422, "gamma": 956.0979156032864, "max_depth": 6.0, "min_child_weight": 4021.3672182738487, "num_boost_round": 7.0, "subsample": 0.21550378200278003}, "datetime": {"datetime": "2024-01-20 14:41:10", "elapsed": 1031.863723, "delta": 0.001508}}
{"target": -13.73308688102925, "params": {"colsample_bytree": 0.19731525948670325, "eta": 0.030172878347577422, "gamma": 956.0979156032864, "max_depth": 6.0, "min_child_weight": 4021.3672182738487, "num_boost_round": 8.0, "subsample": 0.21550378200278003}, "datetime": {"datetime": "2024-01-20 14:41:10", "elapsed": 1031.864716, "delta": 0.000993}}
{"target": -13.733357740723987, "params": {"colsample_bytree": 0.19731525948670325, "eta": 0.030172878347577422, "gamma": 956.0979156032864, "max_depth": 6.0, "min_child_weight": 4021.3672182738487, "num_boost_round": 9.0, "subsample": 0.21550378200278003}, "datetime": {"datetime": "2024-01-20 14:41:10", "elapsed": 1031.865614, "delta": 0.000898}}
{"target": -13.733568239149271, "params": {"colsample_bytree": 0.19731525948670325, "eta": 0.030172878347577422, "gamma": 956.0979156032864, "max_depth": 6.0, "min_child_weight": 4021.3672182738487, "num_boost_round": 10.0, "subsample": 0.21550378200278003}, "datetime": {"datetime": "2024-01-20 14:41:10", "elapsed": 1031.866628, "delta": 0.001014}}
{"target": -13.734005529106174, "params": {"colsample_bytree": 0.19731525948670325, "eta": 0.030172878347577422, "gamma": 956.0979156032864, "max_depth": 6.0, "min_child_weight": 4021.3672182738487, "num_boost_round": 11.0, "subsample": 0.21550378200278003}, "datetime": {"datetime": "2024-01-20 14:41:10", "elapsed": 1031.867641, "delta": 0.001013}}
{"target": -13.7340308741636, "params": {"colsample_bytree": 0.19731525948670325, "eta": 0.030172878347577422, "gamma": 956.0979156032864, "max_depth": 6.0, "min_child_weight": 4021.3672182738487, "num_boost_round": 12.0, "subsample": 0.21550378200278003}, "datetime": {"datetime": "2024-01-20 14:41:10", "elapsed": 1031.868623, "delta": 0.000982}}
{"target": -13.734105149685577, "params": {"colsample_bytree": 0.19731525948670325, "eta": 0.030172878347577422, "gamma": 956.0979156032864, "max_depth": 6.0, "min_child_weight": 4021.3672182738487, "num_boost_round": 13.0, "subsample": 0.21550378200278003}, "datetime": {"datetime": "2024-01-20 14:41:10", "elapsed": 1031.869517, "delta": 0.000894}}
{"target": -13.734443506158215, "params": {"colsample_bytree": 0.19731525948670325, "eta": 0.030172878347577422, "gamma": 956.0979156032864, "max_depth": 6.0, "min_child_weight": 4021.3672182738487, "num_boost_round": 14.0, "subsample": 0.21550378200278003}, "datetime": {"datetime": "2024-01-20 14:41:10", "elapsed": 1031.870413, "delta": 0.000896}}
{"target": -13.734403486229148, "params": {"colsample_bytree": 0.19731525948670325, "eta": 0.030172878347577422, "gamma": 956.0979156032864, "max_depth": 6.0, "min_child_weight": 4021.3672182738487, "num_boost_round": 15.0, "subsample": 0.21550378200278003}, "datetime": {"datetime": "2024-01-20 14:41:10", "elapsed": 1031.871312, "delta": 0.000899}}
{"target": -13.734851349577392, "params": {"colsample_bytree": 0.19731525948670325, "eta": 0.030172878347577422, "gamma": 956.0979156032864, "max_depth": 6.0, "min_child_weight": 4021.3672182738487, "num_boost_round": 16.0, "subsample": 0.21550378200278003}, "datetime": {"datetime": "2024-01-20 14:41:10", "elapsed": 1031.872278, "delta": 0.000966}}
{"target": -13.735118699211824, "params": {"colsample_bytree": 0.19731525948670325, "eta": 0.030172878347577422, "gamma": 956.0979156032864, "max_depth": 6.0, "min_child_weight": 4021.3672182738487, "num_boost_round": 17.0, "subsample": 0.21550378200278003}, "datetime": {"datetime": "2024-01-20 14:41:10", "elapsed": 1031.87326, "delta": 0.000982}}
{"target": -13.735403750947304, "params": {"colsample_bytree": 0.19731525948670325, "eta": 0.030172878347577422, "gamma": 956.0979156032864, "max_depth": 6.0, "min_child_weight": 4021.3672182738487, "num_boost_round": 18.0, "subsample": 0.21550378200278003}, "datetime": {"datetime": "2024-01-20 14:41:10", "elapsed": 1031.87422, "delta": 0.00096}}
{"target": -13.73572087221013, "params": {"colsample_bytree": 0.19731525948670325, "eta": 0.030172878347577422, "gamma": 956.0979156032864, "max_depth": 6.0, "min_child_weight": 4021.3672182738487, "num_boost_round": 19.0, "subsample": 0.21550378200278003}, "datetime": {"datetime": "2024-01-20 14:41:10", "elapsed": 1031.875197, "delta": 0.000977}}
{"target": -13.735922555988548, "params": {"colsample_bytree": 0.19731525948670325, "eta": 0.030172878347577422, "gamma": 956.0979156032864, "max_depth": 6.0, "min_child_weight": 4021.3672182738487, "num_boost_round": 20.0, "subsample": 0.21550378200278003}, "datetime": {"datetime": "2024-01-20 14:41:10", "elapsed": 1031.87618, "delta": 0.000983}}
{"target": -13.731920967382461, "params": {"colsample_bytree": 0.8383804473777877, "eta": 0.055662861403595686, "gamma": 906.5070559381594, "max_depth": 3.0, "min_child_weight": 4041.4928817751716, "num_boost_round": 1.0, "subsample": 0.6142192278469651}, "datetime": {"datetime": "2024-01-20 14:41:26", "elapsed": 1047.089211, "delta": 15.213031}}
{"target": -13.73273723383159, "params": {"colsample_bytree": 0.8383804473777877, "eta": 0.055662861403595686, "gamma": 906.5070559381594, "max_depth": 3.0, "min_child_weight": 4041.4928817751716, "num_boost_round": 2.0, "subsample": 0.6142192278469651}, "datetime": {"datetime": "2024-01-20 14:41:26", "elapsed": 1047.091864, "delta": 0.002653}}
{"target": -13.733520748337707, "params": {"colsample_bytree": 0.8383804473777877, "eta": 0.055662861403595686, "gamma": 906.5070559381594, "max_depth": 3.0, "min_child_weight": 4041.4928817751716, "num_boost_round": 3.0, "subsample": 0.6142192278469651}, "datetime": {"datetime": "2024-01-20 14:41:26", "elapsed": 1047.093164, "delta": 0.0013}}
{"target": -13.734510175096108, "params": {"colsample_bytree": 0.8383804473777877, "eta": 0.055662861403595686, "gamma": 906.5070559381594, "max_depth": 3.0, "min_child_weight": 4041.4928817751716, "num_boost_round": 4.0, "subsample": 0.6142192278469651}, "datetime": {"datetime": "2024-01-20 14:41:26", "elapsed": 1047.094206, "delta": 0.001042}}
{"target": -13.735853641350396, "params": {"colsample_bytree": 0.8383804473777877, "eta": 0.055662861403595686, "gamma": 906.5070559381594, "max_depth": 3.0, "min_child_weight": 4041.4928817751716, "num_boost_round": 5.0, "subsample": 0.6142192278469651}, "datetime": {"datetime": "2024-01-20 14:41:26", "elapsed": 1047.095142, "delta": 0.000936}}
{"target": -13.737388173451095, "params": {"colsample_bytree": 0.8383804473777877, "eta": 0.055662861403595686, "gamma": 906.5070559381594, "max_depth": 3.0, "min_child_weight": 4041.4928817751716, "num_boost_round": 6.0, "subsample": 0.6142192278469651}, "datetime": {"datetime": "2024-01-20 14:41:26", "elapsed": 1047.09608, "delta": 0.000938}}
{"target": -13.738343898786894, "params": {"colsample_bytree": 0.8383804473777877, "eta": 0.055662861403595686, "gamma": 906.5070559381594, "max_depth": 3.0, "min_child_weight": 4041.4928817751716, "num_boost_round": 7.0, "subsample": 0.6142192278469651}, "datetime": {"datetime": "2024-01-20 14:41:26", "elapsed": 1047.097011, "delta": 0.000931}}
