{"target": -13.738410678786664, "params": {"colsample_bytree": 0.30462163720198754, "eta": 0.056280106271266145, "gamma": 94.51420100587993, "max_depth": 3.0, "min_child_weight": 4793.056840713726, "num_boost_round": 11.0, "subsample": 0.3367880093973141}, "datetime": {"datetime": "2024-01-20 16:26:04", "elapsed": 7325.111603, "delta": 0.002978}}
{"target": -13.738781059596482, "params": {"colsample_bytree": 0.30462163720198754, "eta": 0.056280106271266145, "gamma": 94.51420100587993, "max_depth": 3.0, "min_child_weight": 4793.056840713726, "num_boost_round": 12.0, "subsample": 0.3367880093973141}, "datetime": {"datetime": "2024-01-20 16:26:04", "elapsed": 7325.114613, "delta": 0.00301}}
{"target": -13.739363832219126, "params": {"colsample_bytree": 0.30462163720198754, "eta": 0.056280106271266145, "gamma": 94.51420100587993, "max_depth": 3.0, "min_child_weight": 4793.056840713726, "num_boost_round": 13.0, "subsample": 0.3367880093973141}, "datetime": {"datetime": "2024-01-20 16:26:04", "elapsed": 7325.117503, "delta": 0.00289}}
{"target": -13.739800732815588, "params": {"colsample_bytree": 0.30462163720198754, "eta": 0.056280106271266145, "gamma": 94.51420100587993, "max_depth": 3.0, "min_child_weight": 4793.056840713726, "num_boost_round": 14.0, "subsample": 0.3367880093973141}, "datetime": {"datetime": "2024-01-20 16:26:04", "elapsed": 7325.120384, "delta": 0.002881}}
{"target": -13.74035517622833, "params": {"colsample_bytree": 0.30462163720198754, "eta": 0.056280106271266145, "gamma": 94.51420100587993, "max_depth": 3.0, "min_child_weight": 4793.056840713726, "num_boost_round": 15.0, "subsample": 0.3367880093973141}, "datetime": {"datetime": "2024-01-20 16:26:04", "elapsed": 7325.123266, "delta": 0.002882}}
{"target": -13.741083266794085, "params": {"colsample_bytree": 0.30462163720198754, "eta": 0.056280106271266145, "gamma": 94.51420100587993, "max_depth": 3.0, "min_child_weight": 4793.056840713726, "num_boost_round": 16.0, "subsample": 0.3367880093973141}, "datetime": {"datetime": "2024-01-20 16:26:04", "elapsed": 7325.126185, "delta": 0.002919}}
{"target": -13.741686653502088, "params": {"colsample_bytree": 0.30462163720198754, "eta": 0.056280106271266145, "gamma": 94.51420100587993, "max_depth": 3.0, "min_child_weight": 4793.056840713726, "num_boost_round": 17.0, "subsample": 0.3367880093973141}, "datetime": {"datetime": "2024-01-20 16:26:04", "elapsed": 7325.129073, "delta": 0.002888}}
{"target": -13.741971166508563, "params": {"colsample_bytree": 0.30462163720198754, "eta": 0.056280106271266145, "gamma": 94.51420100587993, "max_depth": 3.0, "min_child_weight": 4793.056840713726, "num_boost_round": 18.0, "subsample": 0.3367880093973141}, "datetime": {"datetime": "2024-01-20 16:26:04", "elapsed": 7325.131963, "delta": 0.00289}}
{"target": -13.7426178385104, "params": {"colsample_bytree": 0.30462163720198754, "eta": 0.056280106271266145, "gamma": 94.51420100587993, "max_depth": 3.0, "min_child_weight": 4793.056840713726, "num_boost_round": 19.0, "subsample": 0.3367880093973141}, "datetime": {"datetime": "2024-01-20 16:26:04", "elapsed": 7325.134828, "delta": 0.002865}}
{"target": -13.743277256748204, "params": {"colsample_bytree": 0.30462163720198754, "eta": 0.056280106271266145, "gamma": 94.51420100587993, "max_depth": 3.0, "min_child_weight": 4793.056840713726, "num_boost_round": 20.0, "subsample": 0.3367880093973141}, "datetime": {"datetime": "2024-01-20 16:26:04", "elapsed": 7325.137766, "delta": 0.002938}}
{"target": -13.743701772076285, "params": {"colsample_bytree": 0.30462163720198754, "eta": 0.056280106271266145, "gamma": 94.51420100587993, "max_depth": 3.0, "min_child_weight": 4793.056840713726, "num_boost_round": 21.0, "subsample": 0.3367880093973141}, "datetime": {"datetime": "2024-01-20 16:26:04", "elapsed": 7325.140693, "delta": 0.002927}}
{"target": -13.744126128322, "params": {"colsample_bytree": 0.30462163720198754, "eta": 0.056280106271266145, "gamma": 94.51420100587993, "max_depth": 3.0, "min_child_weight": 4793.056840713726, "num_boost_round": 22.0, "subsample": 0.3367880093973141}, "datetime": {"datetime": "2024-01-20 16:26:04", "elapsed": 7325.143572, "delta": 0.002879}}
{"target": -13.744655513213441, "params": {"colsample_bytree": 0.30462163720198754, "eta": 0.056280106271266145, "gamma": 94.51420100587993, "max_depth": 3.0, "min_child_weight": 4793.056840713726, "num_boost_round": 23.0, "subsample": 0.3367880093973141}, "datetime": {"datetime": "2024-01-20 16:26:04", "elapsed": 7325.146459, "delta": 0.002887}}
{"target": -13.74536999370801, "params": {"colsample_bytree": 0.30462163720198754, "eta": 0.056280106271266145, "gamma": 94.51420100587993, "max_depth": 3.0, "min_child_weight": 4793.056840713726, "num_boost_round": 24.0, "subsample": 0.3367880093973141}, "datetime": {"datetime": "2024-01-20 16:26:04", "elapsed": 7325.149428, "delta": 0.002969}}
{"target": -13.746055334627336, "params": {"colsample_bytree": 0.30462163720198754, "eta": 0.056280106271266145, "gamma": 94.51420100587993, "max_depth": 3.0, "min_child_weight": 4793.056840713726, "num_boost_round": 25.0, "subsample": 0.3367880093973141}, "datetime": {"datetime": "2024-01-20 16:26:04", "elapsed": 7325.15232, "delta": 0.002892}}
{"target": -13.746820742202097, "params": {"colsample_bytree": 0.30462163720198754, "eta": 0.056280106271266145, "gamma": 94.51420100587993, "max_depth": 3.0, "min_child_weight": 4793.056840713726, "num_boost_round": 26.0, "subsample": 0.3367880093973141}, "datetime": {"datetime": "2024-01-20 16:26:04", "elapsed": 7325.155246, "delta": 0.002926}}
{"target": -13.747500930295427, "params": {"colsample_bytree": 0.30462163720198754, "eta": 0.056280106271266145, "gamma": 94.51420100587993, "max_depth": 3.0, "min_child_weight": 4793.056840713726, "num_boost_round": 27.0, "subsample": 0.3367880093973141}, "datetime": {"datetime": "2024-01-20 16:26:04", "elapsed": 7325.158157, "delta": 0.002911}}
{"target": -13.74814943603625, "params": {"colsample_bytree": 0.30462163720198754, "eta": 0.056280106271266145, "gamma": 94.51420100587993, "max_depth": 3.0, "min_child_weight": 4793.056840713726, "num_boost_round": 28.0, "subsample": 0.3367880093973141}, "datetime": {"datetime": "2024-01-20 16:26:04", "elapsed": 7325.161056, "delta": 0.002899}}
{"target": -13.74845063111016, "params": {"colsample_bytree": 0.30462163720198754, "eta": 0.056280106271266145, "gamma": 94.51420100587993, "max_depth": 3.0, "min_child_weight": 4793.056840713726, "num_boost_round": 29.0, "subsample": 0.3367880093973141}, "datetime": {"datetime": "2024-01-20 16:26:04", "elapsed": 7325.163957, "delta": 0.002901}}
{"target": -13.748670017889875, "params": {"colsample_bytree": 0.30462163720198754, "eta": 0.056280106271266145, "gamma": 94.51420100587993, "max_depth": 3.0, "min_child_weight": 4793.056840713726, "num_boost_round": 30.0, "subsample": 0.3367880093973141}, "datetime": {"datetime": "2024-01-20 16:26:04", "elapsed": 7325.166855, "delta": 0.002898}}
{"target": -13.748655798368972, "params": {"colsample_bytree": 0.30462163720198754, "eta": 0.056280106271266145, "gamma": 94.51420100587993, "max_depth": 3.0, "min_child_weight": 4793.056840713726, "num_boost_round": 31.0, "subsample": 0.3367880093973141}, "datetime": {"datetime": "2024-01-20 16:26:04", "elapsed": 7325.169751, "delta": 0.002896}}
{"target": -13.749447557240057, "params": {"colsample_bytree": 0.30462163720198754, "eta": 0.056280106271266145, "gamma": 94.51420100587993, "max_depth": 3.0, "min_child_weight": 4793.056840713726, "num_boost_round": 32.0, "subsample": 0.3367880093973141}, "datetime": {"datetime": "2024-01-20 16:26:04", "elapsed": 7325.172633, "delta": 0.002882}}
{"target": -13.7498215526502, "params": {"colsample_bytree": 0.30462163720198754, "eta": 0.056280106271266145, "gamma": 94.51420100587993, "max_depth": 3.0, "min_child_weight": 4793.056840713726, "num_boost_round": 33.0, "subsample": 0.3367880093973141}, "datetime": {"datetime": "2024-01-20 16:26:04", "elapsed": 7325.175507, "delta": 0.002874}}
{"target": -13.750208430813444, "params": {"colsample_bytree": 0.30462163720198754, "eta": 0.056280106271266145, "gamma": 94.51420100587993, "max_depth": 3.0, "min_child_weight": 4793.056840713726, "num_boost_round": 34.0, "subsample": 0.3367880093973141}, "datetime": {"datetime": "2024-01-20 16:26:04", "elapsed": 7325.17929, "delta": 0.003783}}
{"target": -13.731531069415043, "params": {"colsample_bytree": 0.17799036536822882, "eta": 0.07562134989789683, "gamma": 139.85747931101045, "max_depth": 3.0, "min_child_weight": 4840.65349047131, "num_boost_round": 1.0, "subsample": 0.2535405637019587}, "datetime": {"datetime": "2024-01-20 16:26:36", "elapsed": 7357.817226, "delta": 32.637936}}
{"target": -13.731991540309537, "params": {"colsample_bytree": 0.17799036536822882, "eta": 0.07562134989789683, "gamma": 139.85747931101045, "max_depth": 3.0, "min_child_weight": 4840.65349047131, "num_boost_round": 2.0, "subsample": 0.2535405637019587}, "datetime": {"datetime": "2024-01-20 16:26:36", "elapsed": 7357.820988, "delta": 0.003762}}
{"target": -13.732679275468344, "params": {"colsample_bytree": 0.17799036536822882, "eta": 0.07562134989789683, "gamma": 139.85747931101045, "max_depth": 3.0, "min_child_weight": 4840.65349047131, "num_boost_round": 3.0, "subsample": 0.2535405637019587}, "datetime": {"datetime": "2024-01-20 16:26:36", "elapsed": 7357.824026, "delta": 0.003038}}
{"target": -13.733178225771958, "params": {"colsample_bytree": 0.17799036536822882, "eta": 0.07562134989789683, "gamma": 139.85747931101045, "max_depth": 3.0, "min_child_weight": 4840.65349047131, "num_boost_round": 4.0, "subsample": 0.2535405637019587}, "datetime": {"datetime": "2024-01-20 16:26:36", "elapsed": 7357.826944, "delta": 0.002918}}
{"target": -13.733750943311186, "params": {"colsample_bytree": 0.17799036536822882, "eta": 0.07562134989789683, "gamma": 139.85747931101045, "max_depth": 3.0, "min_child_weight": 4840.65349047131, "num_boost_round": 5.0, "subsample": 0.2535405637019587}, "datetime": {"datetime": "2024-01-20 16:26:36", "elapsed": 7357.829914, "delta": 0.00297}}
{"target": -13.735059161341916, "params": {"colsample_bytree": 0.17799036536822882, "eta": 0.07562134989789683, "gamma": 139.85747931101045, "max_depth": 3.0, "min_child_weight": 4840.65349047131, "num_boost_round": 6.0, "subsample": 0.2535405637019587}, "datetime": {"datetime": "2024-01-20 16:26:36", "elapsed": 7357.833045, "delta": 0.003131}}
{"target": -13.73155987222247, "params": {"colsample_bytree": 0.5696610546357534, "eta": 0.028920901622082256, "gamma": 503.0468572711745, "max_depth": 3.0, "min_child_weight": 4626.088248007011, "num_boost_round": 1.0, "subsample": 0.49738508897444}, "datetime": {"datetime": "2024-01-20 16:27:08", "elapsed": 7389.823288, "delta": 31.990243}}
{"target": -13.731882891411612, "params": {"colsample_bytree": 0.5696610546357534, "eta": 0.028920901622082256, "gamma": 503.0468572711745, "max_depth": 3.0, "min_child_weight": 4626.088248007011, "num_boost_round": 2.0, "subsample": 0.49738508897444}, "datetime": {"datetime": "2024-01-20 16:27:08", "elapsed": 7389.827717, "delta": 0.004429}}
{"target": -13.732350131352522, "params": {"colsample_bytree": 0.5696610546357534, "eta": 0.028920901622082256, "gamma": 503.0468572711745, "max_depth": 3.0, "min_child_weight": 4626.088248007011, "num_boost_round": 3.0, "subsample": 0.49738508897444}, "datetime": {"datetime": "2024-01-20 16:27:08", "elapsed": 7389.830821, "delta": 0.003104}}
{"target": -13.733037483189342, "params": {"colsample_bytree": 0.5696610546357534, "eta": 0.028920901622082256, "gamma": 503.0468572711745, "max_depth": 3.0, "min_child_weight": 4626.088248007011, "num_boost_round": 4.0, "subsample": 0.49738508897444}, "datetime": {"datetime": "2024-01-20 16:27:08", "elapsed": 7389.833923, "delta": 0.003102}}
{"target": -13.731755558042352, "params": {"colsample_bytree": 0.17172642964089413, "eta": 0.0799830552768567, "gamma": 30.451156552047777, "max_depth": 5.0, "min_child_weight": 3444.7924961009803, "num_boost_round": 1.0, "subsample": 0.6988120642414987}, "datetime": {"datetime": "2024-01-20 16:27:47", "elapsed": 7428.203926, "delta": 38.370003}}
{"target": -13.732370524392273, "params": {"colsample_bytree": 0.17172642964089413, "eta": 0.0799830552768567, "gamma": 30.451156552047777, "max_depth": 5.0, "min_child_weight": 3444.7924961009803, "num_boost_round": 2.0, "subsample": 0.6988120642414987}, "datetime": {"datetime": "2024-01-20 16:27:47", "elapsed": 7428.208883, "delta": 0.004957}}
{"target": -13.73198947313838, "params": {"colsample_bytree": 0.733604625592345, "eta": 0.04708737206978639, "gamma": 258.1014297146048, "max_depth": 3.0, "min_child_weight": 4603.596373913484, "num_boost_round": 1.0, "subsample": 0.40530676505894947}, "datetime": {"datetime": "2024-01-20 16:28:21", "elapsed": 7462.433212, "delta": 34.224329}}
{"target": -13.732028121243168, "params": {"colsample_bytree": 0.41155968825772693, "eta": 0.06712913561935287, "gamma": 553.1258953972842, "max_depth": 2.0, "min_child_weight": 3931.4351273549664, "num_boost_round": 1.0, "subsample": 0.18850285101529501}, "datetime": {"datetime": "2024-01-20 16:28:49", "elapsed": 7489.948482, "delta": 27.51527}}
{"target": -13.731583274126, "params": {"colsample_bytree": 0.7155064472847502, "eta": 0.03071100231513903, "gamma": 854.5736016125836, "max_depth": 7.0, "min_child_weight": 4535.095955131325, "num_boost_round": 1.0, "subsample": 0.9381025108790099}, "datetime": {"datetime": "2024-01-20 16:29:22", "elapsed": 7523.165266, "delta": 33.216784}}
{"target": -13.732190637663209, "params": {"colsample_bytree": 0.7155064472847502, "eta": 0.03071100231513903, "gamma": 854.5736016125836, "max_depth": 7.0, "min_child_weight": 4535.095955131325, "num_boost_round": 2.0, "subsample": 0.9381025108790099}, "datetime": {"datetime": "2024-01-20 16:29:22", "elapsed": 7523.16967, "delta": 0.004404}}
{"target": -13.73272133328194, "params": {"colsample_bytree": 0.7155064472847502, "eta": 0.03071100231513903, "gamma": 854.5736016125836, "max_depth": 7.0, "min_child_weight": 4535.095955131325, "num_boost_round": 3.0, "subsample": 0.9381025108790099}, "datetime": {"datetime": "2024-01-20 16:29:22", "elapsed": 7523.173313, "delta": 0.003643}}
{"target": -13.733570089902154, "params": {"colsample_bytree": 0.7155064472847502, "eta": 0.03071100231513903, "gamma": 854.5736016125836, "max_depth": 7.0, "min_child_weight": 4535.095955131325, "num_boost_round": 4.0, "subsample": 0.9381025108790099}, "datetime": {"datetime": "2024-01-20 16:29:22", "elapsed": 7523.176341, "delta": 0.003028}}
{"target": -13.734262203366718, "params": {"colsample_bytree": 0.7155064472847502, "eta": 0.03071100231513903, "gamma": 854.5736016125836, "max_depth": 7.0, "min_child_weight": 4535.095955131325, "num_boost_round": 5.0, "subsample": 0.9381025108790099}, "datetime": {"datetime": "2024-01-20 16:29:22", "elapsed": 7523.179328, "delta": 0.002987}}
{"target": -13.735014148736138, "params": {"colsample_bytree": 0.7155064472847502, "eta": 0.03071100231513903, "gamma": 854.5736016125836, "max_depth": 7.0, "min_child_weight": 4535.095955131325, "num_boost_round": 6.0, "subsample": 0.9381025108790099}, "datetime": {"datetime": "2024-01-20 16:29:22", "elapsed": 7523.182569, "delta": 0.003241}}
{"target": -13.735984011432368, "params": {"colsample_bytree": 0.7155064472847502, "eta": 0.03071100231513903, "gamma": 854.5736016125836, "max_depth": 7.0, "min_child_weight": 4535.095955131325, "num_boost_round": 7.0, "subsample": 0.9381025108790099}, "datetime": {"datetime": "2024-01-20 16:29:22", "elapsed": 7523.1857, "delta": 0.003131}}
{"target": -13.732743809278292, "params": {"colsample_bytree": 0.898465216780354, "eta": 0.1, "gamma": 372.408036028601, "max_depth": 10.0, "min_child_weight": 4214.286114549502, "num_boost_round": 1.0, "subsample": 0.15613208809931034}, "datetime": {"datetime": "2024-01-20 16:29:45", "elapsed": 7546.066053, "delta": 22.880353}}
{"target": -13.731811222104177, "params": {"colsample_bytree": 0.5323818048759584, "eta": 0.047695692661563725, "gamma": 194.0642446693923, "max_depth": 3.0, "min_child_weight": 4811.712271870107, "num_boost_round": 1.0, "subsample": 0.40757032734270826}, "datetime": {"datetime": "2024-01-20 16:30:16", "elapsed": 7577.708094, "delta": 31.642041}}
{"target": -13.732428896093166, "params": {"colsample_bytree": 0.5323818048759584, "eta": 0.047695692661563725, "gamma": 194.0642446693923, "max_depth": 3.0, "min_child_weight": 4811.712271870107, "num_boost_round": 2.0, "subsample": 0.40757032734270826}, "datetime": {"datetime": "2024-01-20 16:30:16", "elapsed": 7577.712425, "delta": 0.004331}}
{"target": -13.733135019118633, "params": {"colsample_bytree": 0.5323818048759584, "eta": 0.047695692661563725, "gamma": 194.0642446693923, "max_depth": 3.0, "min_child_weight": 4811.712271870107, "num_boost_round": 3.0, "subsample": 0.40757032734270826}, "datetime": {"datetime": "2024-01-20 16:30:16", "elapsed": 7577.715424, "delta": 0.002999}}
{"target": -13.734211507714667, "params": {"colsample_bytree": 0.5323818048759584, "eta": 0.047695692661563725, "gamma": 194.0642446693923, "max_depth": 3.0, "min_child_weight": 4811.712271870107, "num_boost_round": 4.0, "subsample": 0.40757032734270826}, "datetime": {"datetime": "2024-01-20 16:30:16", "elapsed": 7577.718318, "delta": 0.002894}}
{"target": -13.734976311616212, "params": {"colsample_bytree": 0.5323818048759584, "eta": 0.047695692661563725, "gamma": 194.0642446693923, "max_depth": 3.0, "min_child_weight": 4811.712271870107, "num_boost_round": 5.0, "subsample": 0.40757032734270826}, "datetime": {"datetime": "2024-01-20 16:30:16", "elapsed": 7577.721325, "delta": 0.003007}}
{"target": -13.73580091965222, "params": {"colsample_bytree": 0.5323818048759584, "eta": 0.047695692661563725, "gamma": 194.0642446693923, "max_depth": 3.0, "min_child_weight": 4811.712271870107, "num_boost_round": 6.0, "subsample": 0.40757032734270826}, "datetime": {"datetime": "2024-01-20 16:30:16", "elapsed": 7577.724211, "delta": 0.002886}}
{"target": -13.73219259961374, "params": {"colsample_bytree": 0.8876527729126584, "eta": 0.05199938442035867, "gamma": 144.1395661081919, "max_depth": 9.0, "min_child_weight": 4736.57910724512, "num_boost_round": 1.0, "subsample": 0.9427973546069127}, "datetime": {"datetime": "2024-01-20 16:30:55", "elapsed": 7616.729315, "delta": 39.005104}}
{"target": -13.731970218726246, "params": {"colsample_bytree": 0.8937420639333736, "eta": 0.06687373700254513, "gamma": 825.0838640280174, "max_depth": 8.0, "min_child_weight": 3782.913398821045, "num_boost_round": 1.0, "subsample": 0.1602773919673483}, "datetime": {"datetime": "2024-01-20 16:31:25", "elapsed": 7646.3113, "delta": 29.581985}}
{"target": -13.731229180047494, "params": {"colsample_bytree": 0.8086498947529717, "eta": 0.013893402059034846, "gamma": 194.52390228950722, "max_depth": 5.0, "min_child_weight": 4624.780917507527, "num_boost_round": 1.0, "subsample": 0.7152766452534134}, "datetime": {"datetime": "2024-01-20 16:31:57", "elapsed": 7678.09848, "delta": 31.78718}}
{"target": -13.732035003846061, "params": {"colsample_bytree": 0.9003530633800262, "eta": 0.062462894860991394, "gamma": 425.38412075428545, "max_depth": 8.0, "min_child_weight": 3726.142907765021, "num_boost_round": 1.0, "subsample": 0.20385350733106516}, "datetime": {"datetime": "2024-01-20 16:32:33", "elapsed": 7714.266843, "delta": 36.168363}}
{"target": -13.733904685660796, "params": {"colsample_bytree": 0.580411743912482, "eta": 0.09864220317723263, "gamma": 816.8967963826555, "max_depth": 8.0, "min_child_weight": 4113.911875015392, "num_boost_round": 1.0, "subsample": 0.8772683159115252}, "datetime": {"datetime": "2024-01-20 16:32:58", "elapsed": 7738.986878, "delta": 24.720035}}
{"target": -13.736854804168434, "params": {"colsample_bytree": 0.580411743912482, "eta": 0.09864220317723263, "gamma": 816.8967963826555, "max_depth": 8.0, "min_child_weight": 4113.911875015392, "num_boost_round": 2.0, "subsample": 0.8772683159115252}, "datetime": {"datetime": "2024-01-20 16:32:58", "elapsed": 7738.991387, "delta": 0.004509}}
{"target": -13.739606132364312, "params": {"colsample_bytree": 0.580411743912482, "eta": 0.09864220317723263, "gamma": 816.8967963826555, "max_depth": 8.0, "min_child_weight": 4113.911875015392, "num_boost_round": 3.0, "subsample": 0.8772683159115252}, "datetime": {"datetime": "2024-01-20 16:32:58", "elapsed": 7738.994814, "delta": 0.003427}}
{"target": -13.731236317523127, "params": {"colsample_bytree": 0.10491181913024245, "eta": 0.07111330126251592, "gamma": 574.749793506591, "max_depth": 2.0, "min_child_weight": 4112.202196967713, "num_boost_round": 1.0, "subsample": 0.6108421594162651}, "datetime": {"datetime": "2024-01-20 16:33:20", "elapsed": 7761.076433, "delta": 22.081619}}
{"target": -13.731817380170384, "params": {"colsample_bytree": 0.3045792205050674, "eta": 0.07714664537717855, "gamma": 573.2891768735784, "max_depth": 3.0, "min_child_weight": 4689.259824424894, "num_boost_round": 1.0, "subsample": 0.8969538880734282}, "datetime": {"datetime": "2024-01-20 16:33:45", "elapsed": 7786.09207, "delta": 25.015637}}
{"target": -13.732861638043524, "params": {"colsample_bytree": 0.832585734033895, "eta": 0.09483227427569066, "gamma": 483.6175730933797, "max_depth": 5.0, "min_child_weight": 4035.3089214223373, "num_boost_round": 1.0, "subsample": 0.5964315204529013}, "datetime": {"datetime": "2024-01-20 16:34:08", "elapsed": 7809.052801, "delta": 22.960731}}
{"target": -13.734775269754525, "params": {"colsample_bytree": 0.832585734033895, "eta": 0.09483227427569066, "gamma": 483.6175730933797, "max_depth": 5.0, "min_child_weight": 4035.3089214223373, "num_boost_round": 2.0, "subsample": 0.5964315204529013}, "datetime": {"datetime": "2024-01-20 16:34:08", "elapsed": 7809.056006, "delta": 0.003205}}
