{"target": -12.344598793019749, "params": {"colsample_bytree": 0.9006145820304937, "eta": 0.08554923983072654, "gamma": 562.201813136879, "max_depth": 6.0, "min_child_weight": 4194.956993451109, "num_boost_round": 12.0, "subsample": 0.7457935117159352}, "datetime": {"datetime": "2024-01-20 16:39:01", "elapsed": 8107.371685, "delta": 0.010517}}
{"target": -12.344426624804521, "params": {"colsample_bytree": 0.9006145820304937, "eta": 0.08554923983072654, "gamma": 562.201813136879, "max_depth": 6.0, "min_child_weight": 4194.956993451109, "num_boost_round": 13.0, "subsample": 0.7457935117159352}, "datetime": {"datetime": "2024-01-20 16:39:01", "elapsed": 8107.380808, "delta": 0.009123}}
{"target": -12.344684936779942, "params": {"colsample_bytree": 0.9006145820304937, "eta": 0.08554923983072654, "gamma": 562.201813136879, "max_depth": 6.0, "min_child_weight": 4194.956993451109, "num_boost_round": 14.0, "subsample": 0.7457935117159352}, "datetime": {"datetime": "2024-01-20 16:39:01", "elapsed": 8107.388055, "delta": 0.007247}}
{"target": -12.345696911133823, "params": {"colsample_bytree": 0.9006145820304937, "eta": 0.08554923983072654, "gamma": 562.201813136879, "max_depth": 6.0, "min_child_weight": 4194.956993451109, "num_boost_round": 15.0, "subsample": 0.7457935117159352}, "datetime": {"datetime": "2024-01-20 16:39:01", "elapsed": 8107.3948, "delta": 0.006745}}
{"target": -12.346509907464114, "params": {"colsample_bytree": 0.9006145820304937, "eta": 0.08554923983072654, "gamma": 562.201813136879, "max_depth": 6.0, "min_child_weight": 4194.956993451109, "num_boost_round": 16.0, "subsample": 0.7457935117159352}, "datetime": {"datetime": "2024-01-20 16:39:01", "elapsed": 8107.40135, "delta": 0.00655}}
{"target": -12.34744335546424, "params": {"colsample_bytree": 0.9006145820304937, "eta": 0.08554923983072654, "gamma": 562.201813136879, "max_depth": 6.0, "min_child_weight": 4194.956993451109, "num_boost_round": 17.0, "subsample": 0.7457935117159352}, "datetime": {"datetime": "2024-01-20 16:39:01", "elapsed": 8107.408446, "delta": 0.007096}}
{"target": -12.34782313865376, "params": {"colsample_bytree": 0.9006145820304937, "eta": 0.08554923983072654, "gamma": 562.201813136879, "max_depth": 6.0, "min_child_weight": 4194.956993451109, "num_boost_round": 18.0, "subsample": 0.7457935117159352}, "datetime": {"datetime": "2024-01-20 16:39:01", "elapsed": 8107.415022, "delta": 0.006576}}
{"target": -12.347722258588288, "params": {"colsample_bytree": 0.9006145820304937, "eta": 0.08554923983072654, "gamma": 562.201813136879, "max_depth": 6.0, "min_child_weight": 4194.956993451109, "num_boost_round": 19.0, "subsample": 0.7457935117159352}, "datetime": {"datetime": "2024-01-20 16:39:01", "elapsed": 8107.42192, "delta": 0.006898}}
{"target": -12.348297080622, "params": {"colsample_bytree": 0.9006145820304937, "eta": 0.08554923983072654, "gamma": 562.201813136879, "max_depth": 6.0, "min_child_weight": 4194.956993451109, "num_boost_round": 20.0, "subsample": 0.7457935117159352}, "datetime": {"datetime": "2024-01-20 16:39:01", "elapsed": 8107.428667, "delta": 0.006747}}
{"target": -12.348550975210514, "params": {"colsample_bytree": 0.9006145820304937, "eta": 0.08554923983072654, "gamma": 562.201813136879, "max_depth": 6.0, "min_child_weight": 4194.956993451109, "num_boost_round": 21.0, "subsample": 0.7457935117159352}, "datetime": {"datetime": "2024-01-20 16:39:01", "elapsed": 8107.435111, "delta": 0.006444}}
{"target": -12.34887452765048, "params": {"colsample_bytree": 0.9006145820304937, "eta": 0.08554923983072654, "gamma": 562.201813136879, "max_depth": 6.0, "min_child_weight": 4194.956993451109, "num_boost_round": 22.0, "subsample": 0.7457935117159352}, "datetime": {"datetime": "2024-01-20 16:39:01", "elapsed": 8107.441677, "delta": 0.006566}}
{"target": -12.348877884120833, "params": {"colsample_bytree": 0.9006145820304937, "eta": 0.08554923983072654, "gamma": 562.201813136879, "max_depth": 6.0, "min_child_weight": 4194.956993451109, "num_boost_round": 23.0, "subsample": 0.7457935117159352}, "datetime": {"datetime": "2024-01-20 16:39:01", "elapsed": 8107.448131, "delta": 0.006454}}
{"target": -12.349383864304233, "params": {"colsample_bytree": 0.9006145820304937, "eta": 0.08554923983072654, "gamma": 562.201813136879, "max_depth": 6.0, "min_child_weight": 4194.956993451109, "num_boost_round": 24.0, "subsample": 0.7457935117159352}, "datetime": {"datetime": "2024-01-20 16:39:01", "elapsed": 8107.454562, "delta": 0.006431}}
{"target": -12.349972638962534, "params": {"colsample_bytree": 0.9006145820304937, "eta": 0.08554923983072654, "gamma": 562.201813136879, "max_depth": 6.0, "min_child_weight": 4194.956993451109, "num_boost_round": 25.0, "subsample": 0.7457935117159352}, "datetime": {"datetime": "2024-01-20 16:39:01", "elapsed": 8107.46138, "delta": 0.006818}}
{"target": -12.350720257936455, "params": {"colsample_bytree": 0.9006145820304937, "eta": 0.08554923983072654, "gamma": 562.201813136879, "max_depth": 6.0, "min_child_weight": 4194.956993451109, "num_boost_round": 26.0, "subsample": 0.7457935117159352}, "datetime": {"datetime": "2024-01-20 16:39:01", "elapsed": 8107.468026, "delta": 0.006646}}
{"target": -12.351426000218396, "params": {"colsample_bytree": 0.9006145820304937, "eta": 0.08554923983072654, "gamma": 562.201813136879, "max_depth": 6.0, "min_child_weight": 4194.956993451109, "num_boost_round": 27.0, "subsample": 0.7457935117159352}, "datetime": {"datetime": "2024-01-20 16:39:01", "elapsed": 8107.474595, "delta": 0.006569}}
{"target": -12.351694749186095, "params": {"colsample_bytree": 0.9006145820304937, "eta": 0.08554923983072654, "gamma": 562.201813136879, "max_depth": 6.0, "min_child_weight": 4194.956993451109, "num_boost_round": 28.0, "subsample": 0.7457935117159352}, "datetime": {"datetime": "2024-01-20 16:39:01", "elapsed": 8107.481092, "delta": 0.006497}}
{"target": -12.352247394498852, "params": {"colsample_bytree": 0.9006145820304937, "eta": 0.08554923983072654, "gamma": 562.201813136879, "max_depth": 6.0, "min_child_weight": 4194.956993451109, "num_boost_round": 29.0, "subsample": 0.7457935117159352}, "datetime": {"datetime": "2024-01-20 16:39:01", "elapsed": 8107.487572, "delta": 0.00648}}
{"target": -12.352351165274102, "params": {"colsample_bytree": 0.9006145820304937, "eta": 0.08554923983072654, "gamma": 562.201813136879, "max_depth": 6.0, "min_child_weight": 4194.956993451109, "num_boost_round": 30.0, "subsample": 0.7457935117159352}, "datetime": {"datetime": "2024-01-20 16:39:01", "elapsed": 8107.494015, "delta": 0.006443}}
{"target": -12.352227334171427, "params": {"colsample_bytree": 0.9006145820304937, "eta": 0.08554923983072654, "gamma": 562.201813136879, "max_depth": 6.0, "min_child_weight": 4194.956993451109, "num_boost_round": 31.0, "subsample": 0.7457935117159352}, "datetime": {"datetime": "2024-01-20 16:39:01", "elapsed": 8107.500827, "delta": 0.006812}}
{"target": -12.352789263496337, "params": {"colsample_bytree": 0.9006145820304937, "eta": 0.08554923983072654, "gamma": 562.201813136879, "max_depth": 6.0, "min_child_weight": 4194.956993451109, "num_boost_round": 32.0, "subsample": 0.7457935117159352}, "datetime": {"datetime": "2024-01-20 16:39:01", "elapsed": 8107.50881, "delta": 0.007983}}
{"target": -12.353185944178204, "params": {"colsample_bytree": 0.9006145820304937, "eta": 0.08554923983072654, "gamma": 562.201813136879, "max_depth": 6.0, "min_child_weight": 4194.956993451109, "num_boost_round": 33.0, "subsample": 0.7457935117159352}, "datetime": {"datetime": "2024-01-20 16:39:01", "elapsed": 8107.516883, "delta": 0.008073}}
{"target": -12.353120167360522, "params": {"colsample_bytree": 0.9006145820304937, "eta": 0.08554923983072654, "gamma": 562.201813136879, "max_depth": 6.0, "min_child_weight": 4194.956993451109, "num_boost_round": 34.0, "subsample": 0.7457935117159352}, "datetime": {"datetime": "2024-01-20 16:39:01", "elapsed": 8107.524553, "delta": 0.00767}}
{"target": -12.353675563442723, "params": {"colsample_bytree": 0.9006145820304937, "eta": 0.08554923983072654, "gamma": 562.201813136879, "max_depth": 6.0, "min_child_weight": 4194.956993451109, "num_boost_round": 35.0, "subsample": 0.7457935117159352}, "datetime": {"datetime": "2024-01-20 16:39:01", "elapsed": 8107.532343, "delta": 0.00779}}
{"target": -12.354612771060959, "params": {"colsample_bytree": 0.9006145820304937, "eta": 0.08554923983072654, "gamma": 562.201813136879, "max_depth": 6.0, "min_child_weight": 4194.956993451109, "num_boost_round": 36.0, "subsample": 0.7457935117159352}, "datetime": {"datetime": "2024-01-20 16:39:01", "elapsed": 8107.540116, "delta": 0.007773}}
{"target": -12.355245764677994, "params": {"colsample_bytree": 0.9006145820304937, "eta": 0.08554923983072654, "gamma": 562.201813136879, "max_depth": 6.0, "min_child_weight": 4194.956993451109, "num_boost_round": 37.0, "subsample": 0.7457935117159352}, "datetime": {"datetime": "2024-01-20 16:39:01", "elapsed": 8107.884332, "delta": 0.344216}}
{"target": -12.35574534748375, "params": {"colsample_bytree": 0.9006145820304937, "eta": 0.08554923983072654, "gamma": 562.201813136879, "max_depth": 6.0, "min_child_weight": 4194.956993451109, "num_boost_round": 38.0, "subsample": 0.7457935117159352}, "datetime": {"datetime": "2024-01-20 16:39:01", "elapsed": 8107.893989, "delta": 0.009657}}
{"target": -12.355931203521394, "params": {"colsample_bytree": 0.9006145820304937, "eta": 0.08554923983072654, "gamma": 562.201813136879, "max_depth": 6.0, "min_child_weight": 4194.956993451109, "num_boost_round": 39.0, "subsample": 0.7457935117159352}, "datetime": {"datetime": "2024-01-20 16:39:01", "elapsed": 8107.901806, "delta": 0.007817}}
{"target": -12.356339981358573, "params": {"colsample_bytree": 0.9006145820304937, "eta": 0.08554923983072654, "gamma": 562.201813136879, "max_depth": 6.0, "min_child_weight": 4194.956993451109, "num_boost_round": 40.0, "subsample": 0.7457935117159352}, "datetime": {"datetime": "2024-01-20 16:39:01", "elapsed": 8107.909163, "delta": 0.007357}}
{"target": -12.356506709357902, "params": {"colsample_bytree": 0.9006145820304937, "eta": 0.08554923983072654, "gamma": 562.201813136879, "max_depth": 6.0, "min_child_weight": 4194.956993451109, "num_boost_round": 41.0, "subsample": 0.7457935117159352}, "datetime": {"datetime": "2024-01-20 16:39:01", "elapsed": 8107.917062, "delta": 0.007899}}
{"target": -12.357527247766775, "params": {"colsample_bytree": 0.9006145820304937, "eta": 0.08554923983072654, "gamma": 562.201813136879, "max_depth": 6.0, "min_child_weight": 4194.956993451109, "num_boost_round": 42.0, "subsample": 0.7457935117159352}, "datetime": {"datetime": "2024-01-20 16:39:01", "elapsed": 8107.924165, "delta": 0.007103}}
{"target": -12.357808657637205, "params": {"colsample_bytree": 0.9006145820304937, "eta": 0.08554923983072654, "gamma": 562.201813136879, "max_depth": 6.0, "min_child_weight": 4194.956993451109, "num_boost_round": 43.0, "subsample": 0.7457935117159352}, "datetime": {"datetime": "2024-01-20 16:39:01", "elapsed": 8107.931485, "delta": 0.00732}}
{"target": -12.358303703222536, "params": {"colsample_bytree": 0.9006145820304937, "eta": 0.08554923983072654, "gamma": 562.201813136879, "max_depth": 6.0, "min_child_weight": 4194.956993451109, "num_boost_round": 44.0, "subsample": 0.7457935117159352}, "datetime": {"datetime": "2024-01-20 16:39:01", "elapsed": 8107.938558, "delta": 0.007073}}
{"target": -12.358826813037254, "params": {"colsample_bytree": 0.9006145820304937, "eta": 0.08554923983072654, "gamma": 562.201813136879, "max_depth": 6.0, "min_child_weight": 4194.956993451109, "num_boost_round": 45.0, "subsample": 0.7457935117159352}, "datetime": {"datetime": "2024-01-20 16:39:01", "elapsed": 8107.945416, "delta": 0.006858}}
{"target": -12.359007665077637, "params": {"colsample_bytree": 0.9006145820304937, "eta": 0.08554923983072654, "gamma": 562.201813136879, "max_depth": 6.0, "min_child_weight": 4194.956993451109, "num_boost_round": 46.0, "subsample": 0.7457935117159352}, "datetime": {"datetime": "2024-01-20 16:39:01", "elapsed": 8107.952051, "delta": 0.006635}}
{"target": -12.359116804120315, "params": {"colsample_bytree": 0.9006145820304937, "eta": 0.08554923983072654, "gamma": 562.201813136879, "max_depth": 6.0, "min_child_weight": 4194.956993451109, "num_boost_round": 47.0, "subsample": 0.7457935117159352}, "datetime": {"datetime": "2024-01-20 16:39:01", "elapsed": 8107.958703, "delta": 0.006652}}
{"target": -12.359648613123396, "params": {"colsample_bytree": 0.9006145820304937, "eta": 0.08554923983072654, "gamma": 562.201813136879, "max_depth": 6.0, "min_child_weight": 4194.956993451109, "num_boost_round": 48.0, "subsample": 0.7457935117159352}, "datetime": {"datetime": "2024-01-20 16:39:01", "elapsed": 8107.965307, "delta": 0.006604}}
{"target": -12.359655204340068, "params": {"colsample_bytree": 0.9006145820304937, "eta": 0.08554923983072654, "gamma": 562.201813136879, "max_depth": 6.0, "min_child_weight": 4194.956993451109, "num_boost_round": 49.0, "subsample": 0.7457935117159352}, "datetime": {"datetime": "2024-01-20 16:39:01", "elapsed": 8107.972445, "delta": 0.007138}}
{"target": -12.35969392882022, "params": {"colsample_bytree": 0.9006145820304937, "eta": 0.08554923983072654, "gamma": 562.201813136879, "max_depth": 6.0, "min_child_weight": 4194.956993451109, "num_boost_round": 50.0, "subsample": 0.7457935117159352}, "datetime": {"datetime": "2024-01-20 16:39:01", "elapsed": 8107.979362, "delta": 0.006917}}
{"target": -12.360075205875976, "params": {"colsample_bytree": 0.9006145820304937, "eta": 0.08554923983072654, "gamma": 562.201813136879, "max_depth": 6.0, "min_child_weight": 4194.956993451109, "num_boost_round": 51.0, "subsample": 0.7457935117159352}, "datetime": {"datetime": "2024-01-20 16:39:01", "elapsed": 8107.98612, "delta": 0.006758}}
{"target": -12.36028602648429, "params": {"colsample_bytree": 0.9006145820304937, "eta": 0.08554923983072654, "gamma": 562.201813136879, "max_depth": 6.0, "min_child_weight": 4194.956993451109, "num_boost_round": 52.0, "subsample": 0.7457935117159352}, "datetime": {"datetime": "2024-01-20 16:39:01", "elapsed": 8107.992745, "delta": 0.006625}}
{"target": -12.360450397308892, "params": {"colsample_bytree": 0.9006145820304937, "eta": 0.08554923983072654, "gamma": 562.201813136879, "max_depth": 6.0, "min_child_weight": 4194.956993451109, "num_boost_round": 53.0, "subsample": 0.7457935117159352}, "datetime": {"datetime": "2024-01-20 16:39:01", "elapsed": 8108.000393, "delta": 0.007648}}
{"target": -12.360460659378226, "params": {"colsample_bytree": 0.9006145820304937, "eta": 0.08554923983072654, "gamma": 562.201813136879, "max_depth": 6.0, "min_child_weight": 4194.956993451109, "num_boost_round": 54.0, "subsample": 0.7457935117159352}, "datetime": {"datetime": "2024-01-20 16:39:01", "elapsed": 8108.007949, "delta": 0.007556}}
{"target": -12.361055972717566, "params": {"colsample_bytree": 0.9006145820304937, "eta": 0.08554923983072654, "gamma": 562.201813136879, "max_depth": 6.0, "min_child_weight": 4194.956993451109, "num_boost_round": 55.0, "subsample": 0.7457935117159352}, "datetime": {"datetime": "2024-01-20 16:39:01", "elapsed": 8108.016146, "delta": 0.008197}}
{"target": -12.35847581248673, "params": {"colsample_bytree": 0.7416551857515208, "eta": 0.0048247121495258475, "gamma": 500.4593182721926, "max_depth": 3.0, "min_child_weight": 4212.4338590288735, "num_boost_round": 1.0, "subsample": 0.5727449598570484}, "datetime": {"datetime": "2024-01-20 16:41:00", "elapsed": 8227.12371, "delta": 119.107564}}
{"target": -12.358211893290147, "params": {"colsample_bytree": 0.7416551857515208, "eta": 0.0048247121495258475, "gamma": 500.4593182721926, "max_depth": 3.0, "min_child_weight": 4212.4338590288735, "num_boost_round": 2.0, "subsample": 0.5727449598570484}, "datetime": {"datetime": "2024-01-20 16:41:00", "elapsed": 8227.131284, "delta": 0.007574}}
{"target": -12.357932538547256, "params": {"colsample_bytree": 0.7416551857515208, "eta": 0.0048247121495258475, "gamma": 500.4593182721926, "max_depth": 3.0, "min_child_weight": 4212.4338590288735, "num_boost_round": 3.0, "subsample": 0.5727449598570484}, "datetime": {"datetime": "2024-01-20 16:41:00", "elapsed": 8227.138536, "delta": 0.007252}}
{"target": -12.35783068029875, "params": {"colsample_bytree": 0.7416551857515208, "eta": 0.0048247121495258475, "gamma": 500.4593182721926, "max_depth": 3.0, "min_child_weight": 4212.4338590288735, "num_boost_round": 4.0, "subsample": 0.5727449598570484}, "datetime": {"datetime": "2024-01-20 16:41:00", "elapsed": 8227.145584, "delta": 0.007048}}
{"target": -12.35755794816859, "params": {"colsample_bytree": 0.7416551857515208, "eta": 0.0048247121495258475, "gamma": 500.4593182721926, "max_depth": 3.0, "min_child_weight": 4212.4338590288735, "num_boost_round": 5.0, "subsample": 0.5727449598570484}, "datetime": {"datetime": "2024-01-20 16:41:00", "elapsed": 8227.152202, "delta": 0.006618}}
{"target": -12.357301245185695, "params": {"colsample_bytree": 0.7416551857515208, "eta": 0.0048247121495258475, "gamma": 500.4593182721926, "max_depth": 3.0, "min_child_weight": 4212.4338590288735, "num_boost_round": 6.0, "subsample": 0.5727449598570484}, "datetime": {"datetime": "2024-01-20 16:41:00", "elapsed": 8227.158834, "delta": 0.006632}}
{"target": -12.357052069401202, "params": {"colsample_bytree": 0.7416551857515208, "eta": 0.0048247121495258475, "gamma": 500.4593182721926, "max_depth": 3.0, "min_child_weight": 4212.4338590288735, "num_boost_round": 7.0, "subsample": 0.5727449598570484}, "datetime": {"datetime": "2024-01-20 16:41:00", "elapsed": 8227.165457, "delta": 0.006623}}
{"target": -12.356905873992215, "params": {"colsample_bytree": 0.7416551857515208, "eta": 0.0048247121495258475, "gamma": 500.4593182721926, "max_depth": 3.0, "min_child_weight": 4212.4338590288735, "num_boost_round": 8.0, "subsample": 0.5727449598570484}, "datetime": {"datetime": "2024-01-20 16:41:00", "elapsed": 8227.17196, "delta": 0.006503}}
{"target": -12.356647594353193, "params": {"colsample_bytree": 0.7416551857515208, "eta": 0.0048247121495258475, "gamma": 500.4593182721926, "max_depth": 3.0, "min_child_weight": 4212.4338590288735, "num_boost_round": 9.0, "subsample": 0.5727449598570484}, "datetime": {"datetime": "2024-01-20 16:41:00", "elapsed": 8227.179002, "delta": 0.007042}}
{"target": -12.356407464848143, "params": {"colsample_bytree": 0.7416551857515208, "eta": 0.0048247121495258475, "gamma": 500.4593182721926, "max_depth": 3.0, "min_child_weight": 4212.4338590288735, "num_boost_round": 10.0, "subsample": 0.5727449598570484}, "datetime": {"datetime": "2024-01-20 16:41:00", "elapsed": 8227.18583, "delta": 0.006828}}
{"target": -12.356281193934155, "params": {"colsample_bytree": 0.7416551857515208, "eta": 0.0048247121495258475, "gamma": 500.4593182721926, "max_depth": 3.0, "min_child_weight": 4212.4338590288735, "num_boost_round": 11.0, "subsample": 0.5727449598570484}, "datetime": {"datetime": "2024-01-20 16:41:00", "elapsed": 8227.192443, "delta": 0.006613}}
{"target": -12.356034568410818, "params": {"colsample_bytree": 0.7416551857515208, "eta": 0.0048247121495258475, "gamma": 500.4593182721926, "max_depth": 3.0, "min_child_weight": 4212.4338590288735, "num_boost_round": 12.0, "subsample": 0.5727449598570484}, "datetime": {"datetime": "2024-01-20 16:41:00", "elapsed": 8227.199208, "delta": 0.006765}}
{"target": -12.355789853068341, "params": {"colsample_bytree": 0.7416551857515208, "eta": 0.0048247121495258475, "gamma": 500.4593182721926, "max_depth": 3.0, "min_child_weight": 4212.4338590288735, "num_boost_round": 13.0, "subsample": 0.5727449598570484}, "datetime": {"datetime": "2024-01-20 16:41:00", "elapsed": 8227.205758, "delta": 0.00655}}
{"target": -12.35554932180197, "params": {"colsample_bytree": 0.7416551857515208, "eta": 0.0048247121495258475, "gamma": 500.4593182721926, "max_depth": 3.0, "min_child_weight": 4212.4338590288735, "num_boost_round": 14.0, "subsample": 0.5727449598570484}, "datetime": {"datetime": "2024-01-20 16:41:00", "elapsed": 8227.212217, "delta": 0.006459}}
{"target": -12.355306714148808, "params": {"colsample_bytree": 0.7416551857515208, "eta": 0.0048247121495258475, "gamma": 500.4593182721926, "max_depth": 3.0, "min_child_weight": 4212.4338590288735, "num_boost_round": 15.0, "subsample": 0.5727449598570484}, "datetime": {"datetime": "2024-01-20 16:41:00", "elapsed": 8227.219488, "delta": 0.007271}}
{"target": -12.355047860998457, "params": {"colsample_bytree": 0.7416551857515208, "eta": 0.0048247121495258475, "gamma": 500.4593182721926, "max_depth": 3.0, "min_child_weight": 4212.4338590288735, "num_boost_round": 16.0, "subsample": 0.5727449598570484}, "datetime": {"datetime": "2024-01-20 16:41:00", "elapsed": 8227.226937, "delta": 0.007449}}
{"target": -12.354940789404512, "params": {"colsample_bytree": 0.7416551857515208, "eta": 0.0048247121495258475, "gamma": 500.4593182721926, "max_depth": 3.0, "min_child_weight": 4212.4338590288735, "num_boost_round": 17.0, "subsample": 0.5727449598570484}, "datetime": {"datetime": "2024-01-20 16:41:00", "elapsed": 8227.233863, "delta": 0.006926}}
{"target": -12.354833140804752, "params": {"colsample_bytree": 0.7416551857515208, "eta": 0.0048247121495258475, "gamma": 500.4593182721926, "max_depth": 3.0, "min_child_weight": 4212.4338590288735, "num_boost_round": 18.0, "subsample": 0.5727449598570484}, "datetime": {"datetime": "2024-01-20 16:41:00", "elapsed": 8227.240457, "delta": 0.006594}}
{"target": -12.354863290823682, "params": {"colsample_bytree": 0.7416551857515208, "eta": 0.0048247121495258475, "gamma": 500.4593182721926, "max_depth": 3.0, "min_child_weight": 4212.4338590288735, "num_boost_round": 19.0, "subsample": 0.5727449598570484}, "datetime": {"datetime": "2024-01-20 16:41:00", "elapsed": 8227.247937, "delta": 0.00748}}
