{"target": -13.436995050868205, "params": {"colsample_bytree": 0.19095154819235893, "eta": 0.09460873296859564, "gamma": 488.66424853958137, "max_depth": 3.0, "min_child_weight": 3819.6231692116253, "num_boost_round": 93.0, "subsample": 0.8797760793738251}, "datetime": {"datetime": "2024-01-20 15:00:06", "elapsed": 2141.174687, "delta": 0.00217}}
{"target": -13.437508646094452, "params": {"colsample_bytree": 0.19095154819235893, "eta": 0.09460873296859564, "gamma": 488.66424853958137, "max_depth": 3.0, "min_child_weight": 3819.6231692116253, "num_boost_round": 94.0, "subsample": 0.8797760793738251}, "datetime": {"datetime": "2024-01-20 15:00:06", "elapsed": 2141.176933, "delta": 0.002246}}
{"target": -13.437955595688603, "params": {"colsample_bytree": 0.19095154819235893, "eta": 0.09460873296859564, "gamma": 488.66424853958137, "max_depth": 3.0, "min_child_weight": 3819.6231692116253, "num_boost_round": 95.0, "subsample": 0.8797760793738251}, "datetime": {"datetime": "2024-01-20 15:00:06", "elapsed": 2141.179248, "delta": 0.002315}}
{"target": -13.438448966518468, "params": {"colsample_bytree": 0.19095154819235893, "eta": 0.09460873296859564, "gamma": 488.66424853958137, "max_depth": 3.0, "min_child_weight": 3819.6231692116253, "num_boost_round": 96.0, "subsample": 0.8797760793738251}, "datetime": {"datetime": "2024-01-20 15:00:06", "elapsed": 2141.181432, "delta": 0.002184}}
{"target": -13.438399074100385, "params": {"colsample_bytree": 0.19095154819235893, "eta": 0.09460873296859564, "gamma": 488.66424853958137, "max_depth": 3.0, "min_child_weight": 3819.6231692116253, "num_boost_round": 97.0, "subsample": 0.8797760793738251}, "datetime": {"datetime": "2024-01-20 15:00:06", "elapsed": 2141.183714, "delta": 0.002282}}
{"target": -13.438409892383248, "params": {"colsample_bytree": 0.19095154819235893, "eta": 0.09460873296859564, "gamma": 488.66424853958137, "max_depth": 3.0, "min_child_weight": 3819.6231692116253, "num_boost_round": 98.0, "subsample": 0.8797760793738251}, "datetime": {"datetime": "2024-01-20 15:00:06", "elapsed": 2141.18594, "delta": 0.002226}}
{"target": -13.438478321404638, "params": {"colsample_bytree": 0.19095154819235893, "eta": 0.09460873296859564, "gamma": 488.66424853958137, "max_depth": 3.0, "min_child_weight": 3819.6231692116253, "num_boost_round": 99.0, "subsample": 0.8797760793738251}, "datetime": {"datetime": "2024-01-20 15:00:06", "elapsed": 2141.188193, "delta": 0.002253}}
{"target": -13.438649746989636, "params": {"colsample_bytree": 0.19095154819235893, "eta": 0.09460873296859564, "gamma": 488.66424853958137, "max_depth": 3.0, "min_child_weight": 3819.6231692116253, "num_boost_round": 100.0, "subsample": 0.8797760793738251}, "datetime": {"datetime": "2024-01-20 15:00:06", "elapsed": 2141.190638, "delta": 0.002445}}
{"target": -13.438778349962373, "params": {"colsample_bytree": 0.19095154819235893, "eta": 0.09460873296859564, "gamma": 488.66424853958137, "max_depth": 3.0, "min_child_weight": 3819.6231692116253, "num_boost_round": 101.0, "subsample": 0.8797760793738251}, "datetime": {"datetime": "2024-01-20 15:00:06", "elapsed": 2141.192982, "delta": 0.002344}}
{"target": -13.438965807030877, "params": {"colsample_bytree": 0.19095154819235893, "eta": 0.09460873296859564, "gamma": 488.66424853958137, "max_depth": 3.0, "min_child_weight": 3819.6231692116253, "num_boost_round": 102.0, "subsample": 0.8797760793738251}, "datetime": {"datetime": "2024-01-20 15:00:06", "elapsed": 2141.195365, "delta": 0.002383}}
{"target": -13.43916960569053, "params": {"colsample_bytree": 0.19095154819235893, "eta": 0.09460873296859564, "gamma": 488.66424853958137, "max_depth": 3.0, "min_child_weight": 3819.6231692116253, "num_boost_round": 103.0, "subsample": 0.8797760793738251}, "datetime": {"datetime": "2024-01-20 15:00:06", "elapsed": 2141.197745, "delta": 0.00238}}
{"target": -13.43958913159091, "params": {"colsample_bytree": 0.19095154819235893, "eta": 0.09460873296859564, "gamma": 488.66424853958137, "max_depth": 3.0, "min_child_weight": 3819.6231692116253, "num_boost_round": 104.0, "subsample": 0.8797760793738251}, "datetime": {"datetime": "2024-01-20 15:00:06", "elapsed": 2141.200035, "delta": 0.00229}}
{"target": -13.439790225351985, "params": {"colsample_bytree": 0.19095154819235893, "eta": 0.09460873296859564, "gamma": 488.66424853958137, "max_depth": 3.0, "min_child_weight": 3819.6231692116253, "num_boost_round": 105.0, "subsample": 0.8797760793738251}, "datetime": {"datetime": "2024-01-20 15:00:06", "elapsed": 2141.202226, "delta": 0.002191}}
{"target": -13.43996143202056, "params": {"colsample_bytree": 0.19095154819235893, "eta": 0.09460873296859564, "gamma": 488.66424853958137, "max_depth": 3.0, "min_child_weight": 3819.6231692116253, "num_boost_round": 106.0, "subsample": 0.8797760793738251}, "datetime": {"datetime": "2024-01-20 15:00:06", "elapsed": 2141.204434, "delta": 0.002208}}
{"target": -13.439960275291362, "params": {"colsample_bytree": 0.19095154819235893, "eta": 0.09460873296859564, "gamma": 488.66424853958137, "max_depth": 3.0, "min_child_weight": 3819.6231692116253, "num_boost_round": 107.0, "subsample": 0.8797760793738251}, "datetime": {"datetime": "2024-01-20 15:00:06", "elapsed": 2141.206612, "delta": 0.002178}}
{"target": -13.44007417476585, "params": {"colsample_bytree": 0.19095154819235893, "eta": 0.09460873296859564, "gamma": 488.66424853958137, "max_depth": 3.0, "min_child_weight": 3819.6231692116253, "num_boost_round": 108.0, "subsample": 0.8797760793738251}, "datetime": {"datetime": "2024-01-20 15:00:06", "elapsed": 2141.208898, "delta": 0.002286}}
{"target": -13.44047965147918, "params": {"colsample_bytree": 0.19095154819235893, "eta": 0.09460873296859564, "gamma": 488.66424853958137, "max_depth": 3.0, "min_child_weight": 3819.6231692116253, "num_boost_round": 109.0, "subsample": 0.8797760793738251}, "datetime": {"datetime": "2024-01-20 15:00:06", "elapsed": 2141.211088, "delta": 0.00219}}
{"target": -13.4407906959093, "params": {"colsample_bytree": 0.19095154819235893, "eta": 0.09460873296859564, "gamma": 488.66424853958137, "max_depth": 3.0, "min_child_weight": 3819.6231692116253, "num_boost_round": 110.0, "subsample": 0.8797760793738251}, "datetime": {"datetime": "2024-01-20 15:00:06", "elapsed": 2141.213255, "delta": 0.002167}}
{"target": -13.440969756218287, "params": {"colsample_bytree": 0.19095154819235893, "eta": 0.09460873296859564, "gamma": 488.66424853958137, "max_depth": 3.0, "min_child_weight": 3819.6231692116253, "num_boost_round": 111.0, "subsample": 0.8797760793738251}, "datetime": {"datetime": "2024-01-20 15:00:06", "elapsed": 2141.215443, "delta": 0.002188}}
{"target": -13.441355073041677, "params": {"colsample_bytree": 0.19095154819235893, "eta": 0.09460873296859564, "gamma": 488.66424853958137, "max_depth": 3.0, "min_child_weight": 3819.6231692116253, "num_boost_round": 112.0, "subsample": 0.8797760793738251}, "datetime": {"datetime": "2024-01-20 15:00:06", "elapsed": 2141.217669, "delta": 0.002226}}
{"target": -13.441570568986032, "params": {"colsample_bytree": 0.19095154819235893, "eta": 0.09460873296859564, "gamma": 488.66424853958137, "max_depth": 3.0, "min_child_weight": 3819.6231692116253, "num_boost_round": 113.0, "subsample": 0.8797760793738251}, "datetime": {"datetime": "2024-01-20 15:00:06", "elapsed": 2141.219954, "delta": 0.002285}}
{"target": -13.442091273611023, "params": {"colsample_bytree": 0.19095154819235893, "eta": 0.09460873296859564, "gamma": 488.66424853958137, "max_depth": 3.0, "min_child_weight": 3819.6231692116253, "num_boost_round": 114.0, "subsample": 0.8797760793738251}, "datetime": {"datetime": "2024-01-20 15:00:06", "elapsed": 2141.222168, "delta": 0.002214}}
{"target": -13.442085705639153, "params": {"colsample_bytree": 0.19095154819235893, "eta": 0.09460873296859564, "gamma": 488.66424853958137, "max_depth": 3.0, "min_child_weight": 3819.6231692116253, "num_boost_round": 115.0, "subsample": 0.8797760793738251}, "datetime": {"datetime": "2024-01-20 15:00:06", "elapsed": 2141.22441, "delta": 0.002242}}
{"target": -13.442790419458335, "params": {"colsample_bytree": 0.19095154819235893, "eta": 0.09460873296859564, "gamma": 488.66424853958137, "max_depth": 3.0, "min_child_weight": 3819.6231692116253, "num_boost_round": 116.0, "subsample": 0.8797760793738251}, "datetime": {"datetime": "2024-01-20 15:00:06", "elapsed": 2141.226662, "delta": 0.002252}}
{"target": -13.443054891149519, "params": {"colsample_bytree": 0.19095154819235893, "eta": 0.09460873296859564, "gamma": 488.66424853958137, "max_depth": 3.0, "min_child_weight": 3819.6231692116253, "num_boost_round": 117.0, "subsample": 0.8797760793738251}, "datetime": {"datetime": "2024-01-20 15:00:06", "elapsed": 2141.228975, "delta": 0.002313}}
{"target": -13.443407068490203, "params": {"colsample_bytree": 0.19095154819235893, "eta": 0.09460873296859564, "gamma": 488.66424853958137, "max_depth": 3.0, "min_child_weight": 3819.6231692116253, "num_boost_round": 118.0, "subsample": 0.8797760793738251}, "datetime": {"datetime": "2024-01-20 15:00:06", "elapsed": 2141.231237, "delta": 0.002262}}
{"target": -13.443342304204343, "params": {"colsample_bytree": 0.19095154819235893, "eta": 0.09460873296859564, "gamma": 488.66424853958137, "max_depth": 3.0, "min_child_weight": 3819.6231692116253, "num_boost_round": 119.0, "subsample": 0.8797760793738251}, "datetime": {"datetime": "2024-01-20 15:00:06", "elapsed": 2141.233507, "delta": 0.00227}}
{"target": -13.443673936016824, "params": {"colsample_bytree": 0.19095154819235893, "eta": 0.09460873296859564, "gamma": 488.66424853958137, "max_depth": 3.0, "min_child_weight": 3819.6231692116253, "num_boost_round": 120.0, "subsample": 0.8797760793738251}, "datetime": {"datetime": "2024-01-20 15:00:06", "elapsed": 2141.235675, "delta": 0.002168}}
{"target": -13.443885826428819, "params": {"colsample_bytree": 0.19095154819235893, "eta": 0.09460873296859564, "gamma": 488.66424853958137, "max_depth": 3.0, "min_child_weight": 3819.6231692116253, "num_boost_round": 121.0, "subsample": 0.8797760793738251}, "datetime": {"datetime": "2024-01-20 15:00:06", "elapsed": 2141.237914, "delta": 0.002239}}
{"target": -13.44432458235607, "params": {"colsample_bytree": 0.19095154819235893, "eta": 0.09460873296859564, "gamma": 488.66424853958137, "max_depth": 3.0, "min_child_weight": 3819.6231692116253, "num_boost_round": 122.0, "subsample": 0.8797760793738251}, "datetime": {"datetime": "2024-01-20 15:00:06", "elapsed": 2141.240262, "delta": 0.002348}}
{"target": -13.44442574001539, "params": {"colsample_bytree": 0.19095154819235893, "eta": 0.09460873296859564, "gamma": 488.66424853958137, "max_depth": 3.0, "min_child_weight": 3819.6231692116253, "num_boost_round": 123.0, "subsample": 0.8797760793738251}, "datetime": {"datetime": "2024-01-20 15:00:06", "elapsed": 2141.242528, "delta": 0.002266}}
{"target": -13.444756534913761, "params": {"colsample_bytree": 0.19095154819235893, "eta": 0.09460873296859564, "gamma": 488.66424853958137, "max_depth": 3.0, "min_child_weight": 3819.6231692116253, "num_boost_round": 124.0, "subsample": 0.8797760793738251}, "datetime": {"datetime": "2024-01-20 15:00:06", "elapsed": 2141.244718, "delta": 0.00219}}
{"target": -13.445044354611765, "params": {"colsample_bytree": 0.19095154819235893, "eta": 0.09460873296859564, "gamma": 488.66424853958137, "max_depth": 3.0, "min_child_weight": 3819.6231692116253, "num_boost_round": 125.0, "subsample": 0.8797760793738251}, "datetime": {"datetime": "2024-01-20 15:00:06", "elapsed": 2141.246904, "delta": 0.002186}}
{"target": -13.44528778156323, "params": {"colsample_bytree": 0.19095154819235893, "eta": 0.09460873296859564, "gamma": 488.66424853958137, "max_depth": 3.0, "min_child_weight": 3819.6231692116253, "num_boost_round": 126.0, "subsample": 0.8797760793738251}, "datetime": {"datetime": "2024-01-20 15:00:06", "elapsed": 2141.249287, "delta": 0.002383}}
{"target": -13.445273278575721, "params": {"colsample_bytree": 0.19095154819235893, "eta": 0.09460873296859564, "gamma": 488.66424853958137, "max_depth": 3.0, "min_child_weight": 3819.6231692116253, "num_boost_round": 127.0, "subsample": 0.8797760793738251}, "datetime": {"datetime": "2024-01-20 15:00:06", "elapsed": 2141.25152, "delta": 0.002233}}
{"target": -13.445406841428504, "params": {"colsample_bytree": 0.19095154819235893, "eta": 0.09460873296859564, "gamma": 488.66424853958137, "max_depth": 3.0, "min_child_weight": 3819.6231692116253, "num_boost_round": 128.0, "subsample": 0.8797760793738251}, "datetime": {"datetime": "2024-01-20 15:00:06", "elapsed": 2141.253789, "delta": 0.002269}}
{"target": -13.445483735621934, "params": {"colsample_bytree": 0.19095154819235893, "eta": 0.09460873296859564, "gamma": 488.66424853958137, "max_depth": 3.0, "min_child_weight": 3819.6231692116253, "num_boost_round": 129.0, "subsample": 0.8797760793738251}, "datetime": {"datetime": "2024-01-20 15:00:06", "elapsed": 2141.256032, "delta": 0.002243}}
{"target": -13.445905705865698, "params": {"colsample_bytree": 0.19095154819235893, "eta": 0.09460873296859564, "gamma": 488.66424853958137, "max_depth": 3.0, "min_child_weight": 3819.6231692116253, "num_boost_round": 130.0, "subsample": 0.8797760793738251}, "datetime": {"datetime": "2024-01-20 15:00:06", "elapsed": 2141.258216, "delta": 0.002184}}
{"target": -13.44639629219159, "params": {"colsample_bytree": 0.19095154819235893, "eta": 0.09460873296859564, "gamma": 488.66424853958137, "max_depth": 3.0, "min_child_weight": 3819.6231692116253, "num_boost_round": 131.0, "subsample": 0.8797760793738251}, "datetime": {"datetime": "2024-01-20 15:00:06", "elapsed": 2141.260564, "delta": 0.002348}}
{"target": -13.446580409445158, "params": {"colsample_bytree": 0.19095154819235893, "eta": 0.09460873296859564, "gamma": 488.66424853958137, "max_depth": 3.0, "min_child_weight": 3819.6231692116253, "num_boost_round": 132.0, "subsample": 0.8797760793738251}, "datetime": {"datetime": "2024-01-20 15:00:06", "elapsed": 2141.262826, "delta": 0.002262}}
{"target": -13.446661089761816, "params": {"colsample_bytree": 0.19095154819235893, "eta": 0.09460873296859564, "gamma": 488.66424853958137, "max_depth": 3.0, "min_child_weight": 3819.6231692116253, "num_boost_round": 133.0, "subsample": 0.8797760793738251}, "datetime": {"datetime": "2024-01-20 15:00:06", "elapsed": 2141.265052, "delta": 0.002226}}
{"target": -13.446485285852376, "params": {"colsample_bytree": 0.19095154819235893, "eta": 0.09460873296859564, "gamma": 488.66424853958137, "max_depth": 3.0, "min_child_weight": 3819.6231692116253, "num_boost_round": 134.0, "subsample": 0.8797760793738251}, "datetime": {"datetime": "2024-01-20 15:00:06", "elapsed": 2141.26728, "delta": 0.002228}}
{"target": -13.446992891224498, "params": {"colsample_bytree": 0.19095154819235893, "eta": 0.09460873296859564, "gamma": 488.66424853958137, "max_depth": 3.0, "min_child_weight": 3819.6231692116253, "num_boost_round": 135.0, "subsample": 0.8797760793738251}, "datetime": {"datetime": "2024-01-20 15:00:06", "elapsed": 2141.269666, "delta": 0.002386}}
{"target": -13.447587361923748, "params": {"colsample_bytree": 0.19095154819235893, "eta": 0.09460873296859564, "gamma": 488.66424853958137, "max_depth": 3.0, "min_child_weight": 3819.6231692116253, "num_boost_round": 136.0, "subsample": 0.8797760793738251}, "datetime": {"datetime": "2024-01-20 15:00:06", "elapsed": 2141.27186, "delta": 0.002194}}
{"target": -13.44790097505875, "params": {"colsample_bytree": 0.19095154819235893, "eta": 0.09460873296859564, "gamma": 488.66424853958137, "max_depth": 3.0, "min_child_weight": 3819.6231692116253, "num_boost_round": 137.0, "subsample": 0.8797760793738251}, "datetime": {"datetime": "2024-01-20 15:00:06", "elapsed": 2141.274063, "delta": 0.002203}}
{"target": -13.448165183229886, "params": {"colsample_bytree": 0.19095154819235893, "eta": 0.09460873296859564, "gamma": 488.66424853958137, "max_depth": 3.0, "min_child_weight": 3819.6231692116253, "num_boost_round": 138.0, "subsample": 0.8797760793738251}, "datetime": {"datetime": "2024-01-20 15:00:06", "elapsed": 2141.276287, "delta": 0.002224}}
{"target": -13.448299621068694, "params": {"colsample_bytree": 0.19095154819235893, "eta": 0.09460873296859564, "gamma": 488.66424853958137, "max_depth": 3.0, "min_child_weight": 3819.6231692116253, "num_boost_round": 139.0, "subsample": 0.8797760793738251}, "datetime": {"datetime": "2024-01-20 15:00:06", "elapsed": 2141.278641, "delta": 0.002354}}
{"target": -13.448805365420679, "params": {"colsample_bytree": 0.19095154819235893, "eta": 0.09460873296859564, "gamma": 488.66424853958137, "max_depth": 3.0, "min_child_weight": 3819.6231692116253, "num_boost_round": 140.0, "subsample": 0.8797760793738251}, "datetime": {"datetime": "2024-01-20 15:00:06", "elapsed": 2141.281132, "delta": 0.002491}}
{"target": -13.449041280050107, "params": {"colsample_bytree": 0.19095154819235893, "eta": 0.09460873296859564, "gamma": 488.66424853958137, "max_depth": 3.0, "min_child_weight": 3819.6231692116253, "num_boost_round": 141.0, "subsample": 0.8797760793738251}, "datetime": {"datetime": "2024-01-20 15:00:06", "elapsed": 2141.283558, "delta": 0.002426}}
{"target": -13.449378849923473, "params": {"colsample_bytree": 0.19095154819235893, "eta": 0.09460873296859564, "gamma": 488.66424853958137, "max_depth": 3.0, "min_child_weight": 3819.6231692116253, "num_boost_round": 142.0, "subsample": 0.8797760793738251}, "datetime": {"datetime": "2024-01-20 15:00:06", "elapsed": 2141.286012, "delta": 0.002454}}
{"target": -13.449565550804417, "params": {"colsample_bytree": 0.19095154819235893, "eta": 0.09460873296859564, "gamma": 488.66424853958137, "max_depth": 3.0, "min_child_weight": 3819.6231692116253, "num_boost_round": 143.0, "subsample": 0.8797760793738251}, "datetime": {"datetime": "2024-01-20 15:00:06", "elapsed": 2141.288315, "delta": 0.002303}}
{"target": -13.44956671699287, "params": {"colsample_bytree": 0.19095154819235893, "eta": 0.09460873296859564, "gamma": 488.66424853958137, "max_depth": 3.0, "min_child_weight": 3819.6231692116253, "num_boost_round": 144.0, "subsample": 0.8797760793738251}, "datetime": {"datetime": "2024-01-20 15:00:06", "elapsed": 2141.290552, "delta": 0.002237}}
{"target": -13.449912521008503, "params": {"colsample_bytree": 0.19095154819235893, "eta": 0.09460873296859564, "gamma": 488.66424853958137, "max_depth": 3.0, "min_child_weight": 3819.6231692116253, "num_boost_round": 145.0, "subsample": 0.8797760793738251}, "datetime": {"datetime": "2024-01-20 15:00:06", "elapsed": 2141.292868, "delta": 0.002316}}
{"target": -13.450551908625652, "params": {"colsample_bytree": 0.19095154819235893, "eta": 0.09460873296859564, "gamma": 488.66424853958137, "max_depth": 3.0, "min_child_weight": 3819.6231692116253, "num_boost_round": 146.0, "subsample": 0.8797760793738251}, "datetime": {"datetime": "2024-01-20 15:00:06", "elapsed": 2141.295282, "delta": 0.002414}}
{"target": -13.450893935150827, "params": {"colsample_bytree": 0.19095154819235893, "eta": 0.09460873296859564, "gamma": 488.66424853958137, "max_depth": 3.0, "min_child_weight": 3819.6231692116253, "num_boost_round": 147.0, "subsample": 0.8797760793738251}, "datetime": {"datetime": "2024-01-20 15:00:06", "elapsed": 2141.297585, "delta": 0.002303}}
{"target": -13.451048399866341, "params": {"colsample_bytree": 0.19095154819235893, "eta": 0.09460873296859564, "gamma": 488.66424853958137, "max_depth": 3.0, "min_child_weight": 3819.6231692116253, "num_boost_round": 148.0, "subsample": 0.8797760793738251}, "datetime": {"datetime": "2024-01-20 15:00:06", "elapsed": 2141.299947, "delta": 0.002362}}
{"target": -13.45110093442963, "params": {"colsample_bytree": 0.19095154819235893, "eta": 0.09460873296859564, "gamma": 488.66424853958137, "max_depth": 3.0, "min_child_weight": 3819.6231692116253, "num_boost_round": 149.0, "subsample": 0.8797760793738251}, "datetime": {"datetime": "2024-01-20 15:00:06", "elapsed": 2141.302227, "delta": 0.00228}}
{"target": -13.451788481601884, "params": {"colsample_bytree": 0.19095154819235893, "eta": 0.09460873296859564, "gamma": 488.66424853958137, "max_depth": 3.0, "min_child_weight": 3819.6231692116253, "num_boost_round": 150.0, "subsample": 0.8797760793738251}, "datetime": {"datetime": "2024-01-20 15:00:06", "elapsed": 2141.304583, "delta": 0.002356}}
{"target": -13.452106771671751, "params": {"colsample_bytree": 0.19095154819235893, "eta": 0.09460873296859564, "gamma": 488.66424853958137, "max_depth": 3.0, "min_child_weight": 3819.6231692116253, "num_boost_round": 151.0, "subsample": 0.8797760793738251}, "datetime": {"datetime": "2024-01-20 15:00:06", "elapsed": 2141.306884, "delta": 0.002301}}
{"target": -13.452237321154147, "params": {"colsample_bytree": 0.19095154819235893, "eta": 0.09460873296859564, "gamma": 488.66424853958137, "max_depth": 3.0, "min_child_weight": 3819.6231692116253, "num_boost_round": 152.0, "subsample": 0.8797760793738251}, "datetime": {"datetime": "2024-01-20 15:00:06", "elapsed": 2141.309149, "delta": 0.002265}}
{"target": -13.452526430099482, "params": {"colsample_bytree": 0.19095154819235893, "eta": 0.09460873296859564, "gamma": 488.66424853958137, "max_depth": 3.0, "min_child_weight": 3819.6231692116253, "num_boost_round": 153.0, "subsample": 0.8797760793738251}, "datetime": {"datetime": "2024-01-20 15:00:06", "elapsed": 2141.311514, "delta": 0.002365}}
{"target": -13.452629990917258, "params": {"colsample_bytree": 0.19095154819235893, "eta": 0.09460873296859564, "gamma": 488.66424853958137, "max_depth": 3.0, "min_child_weight": 3819.6231692116253, "num_boost_round": 154.0, "subsample": 0.8797760793738251}, "datetime": {"datetime": "2024-01-20 15:00:06", "elapsed": 2141.3138, "delta": 0.002286}}
