{"target": -12.346980918457346, "params": {"colsample_bytree": 0.34483711635427, "eta": 0.05984041808233807, "gamma": 576.7032212215754, "max_depth": 7.0, "min_child_weight": 4108.374104803846, "num_boost_round": 14.0, "subsample": 0.27748144991631396}, "datetime": {"datetime": "2024-01-20 15:45:00", "elapsed": 4867.008209, "delta": 0.005313}}
{"target": -12.346046376174787, "params": {"colsample_bytree": 0.34483711635427, "eta": 0.05984041808233807, "gamma": 576.7032212215754, "max_depth": 7.0, "min_child_weight": 4108.374104803846, "num_boost_round": 15.0, "subsample": 0.27748144991631396}, "datetime": {"datetime": "2024-01-20 15:45:00", "elapsed": 4867.01363, "delta": 0.005421}}
{"target": -12.345639168940227, "params": {"colsample_bytree": 0.34483711635427, "eta": 0.05984041808233807, "gamma": 576.7032212215754, "max_depth": 7.0, "min_child_weight": 4108.374104803846, "num_boost_round": 16.0, "subsample": 0.27748144991631396}, "datetime": {"datetime": "2024-01-20 15:45:00", "elapsed": 4867.019379, "delta": 0.005749}}
{"target": -12.3458574094683, "params": {"colsample_bytree": 0.34483711635427, "eta": 0.05984041808233807, "gamma": 576.7032212215754, "max_depth": 7.0, "min_child_weight": 4108.374104803846, "num_boost_round": 17.0, "subsample": 0.27748144991631396}, "datetime": {"datetime": "2024-01-20 15:45:00", "elapsed": 4867.02527, "delta": 0.005891}}
{"target": -12.345799658309652, "params": {"colsample_bytree": 0.34483711635427, "eta": 0.05984041808233807, "gamma": 576.7032212215754, "max_depth": 7.0, "min_child_weight": 4108.374104803846, "num_boost_round": 18.0, "subsample": 0.27748144991631396}, "datetime": {"datetime": "2024-01-20 15:45:00", "elapsed": 4867.030591, "delta": 0.005321}}
{"target": -12.345521600997419, "params": {"colsample_bytree": 0.34483711635427, "eta": 0.05984041808233807, "gamma": 576.7032212215754, "max_depth": 7.0, "min_child_weight": 4108.374104803846, "num_boost_round": 19.0, "subsample": 0.27748144991631396}, "datetime": {"datetime": "2024-01-20 15:45:00", "elapsed": 4867.035798, "delta": 0.005207}}
{"target": -12.34528742872223, "params": {"colsample_bytree": 0.34483711635427, "eta": 0.05984041808233807, "gamma": 576.7032212215754, "max_depth": 7.0, "min_child_weight": 4108.374104803846, "num_boost_round": 20.0, "subsample": 0.27748144991631396}, "datetime": {"datetime": "2024-01-20 15:45:00", "elapsed": 4867.041033, "delta": 0.005235}}
{"target": -12.345475071732018, "params": {"colsample_bytree": 0.34483711635427, "eta": 0.05984041808233807, "gamma": 576.7032212215754, "max_depth": 7.0, "min_child_weight": 4108.374104803846, "num_boost_round": 21.0, "subsample": 0.27748144991631396}, "datetime": {"datetime": "2024-01-20 15:45:00", "elapsed": 4867.046278, "delta": 0.005245}}
{"target": -12.34551059221787, "params": {"colsample_bytree": 0.34483711635427, "eta": 0.05984041808233807, "gamma": 576.7032212215754, "max_depth": 7.0, "min_child_weight": 4108.374104803846, "num_boost_round": 22.0, "subsample": 0.27748144991631396}, "datetime": {"datetime": "2024-01-20 15:45:00", "elapsed": 4867.051488, "delta": 0.00521}}
{"target": -12.34454364217806, "params": {"colsample_bytree": 0.34483711635427, "eta": 0.05984041808233807, "gamma": 576.7032212215754, "max_depth": 7.0, "min_child_weight": 4108.374104803846, "num_boost_round": 23.0, "subsample": 0.27748144991631396}, "datetime": {"datetime": "2024-01-20 15:45:00", "elapsed": 4867.056677, "delta": 0.005189}}
{"target": -12.345019172308564, "params": {"colsample_bytree": 0.34483711635427, "eta": 0.05984041808233807, "gamma": 576.7032212215754, "max_depth": 7.0, "min_child_weight": 4108.374104803846, "num_boost_round": 24.0, "subsample": 0.27748144991631396}, "datetime": {"datetime": "2024-01-20 15:45:00", "elapsed": 4867.062031, "delta": 0.005354}}
{"target": -12.344398771404741, "params": {"colsample_bytree": 0.34483711635427, "eta": 0.05984041808233807, "gamma": 576.7032212215754, "max_depth": 7.0, "min_child_weight": 4108.374104803846, "num_boost_round": 25.0, "subsample": 0.27748144991631396}, "datetime": {"datetime": "2024-01-20 15:45:00", "elapsed": 4867.067281, "delta": 0.00525}}
{"target": -12.344568688549023, "params": {"colsample_bytree": 0.34483711635427, "eta": 0.05984041808233807, "gamma": 576.7032212215754, "max_depth": 7.0, "min_child_weight": 4108.374104803846, "num_boost_round": 26.0, "subsample": 0.27748144991631396}, "datetime": {"datetime": "2024-01-20 15:45:00", "elapsed": 4867.072599, "delta": 0.005318}}
{"target": -12.344847470343653, "params": {"colsample_bytree": 0.34483711635427, "eta": 0.05984041808233807, "gamma": 576.7032212215754, "max_depth": 7.0, "min_child_weight": 4108.374104803846, "num_boost_round": 27.0, "subsample": 0.27748144991631396}, "datetime": {"datetime": "2024-01-20 15:45:00", "elapsed": 4867.077938, "delta": 0.005339}}
{"target": -12.3448051957226, "params": {"colsample_bytree": 0.34483711635427, "eta": 0.05984041808233807, "gamma": 576.7032212215754, "max_depth": 7.0, "min_child_weight": 4108.374104803846, "num_boost_round": 28.0, "subsample": 0.27748144991631396}, "datetime": {"datetime": "2024-01-20 15:45:00", "elapsed": 4867.083584, "delta": 0.005646}}
{"target": -12.344459954515523, "params": {"colsample_bytree": 0.34483711635427, "eta": 0.05984041808233807, "gamma": 576.7032212215754, "max_depth": 7.0, "min_child_weight": 4108.374104803846, "num_boost_round": 29.0, "subsample": 0.27748144991631396}, "datetime": {"datetime": "2024-01-20 15:45:00", "elapsed": 4867.089194, "delta": 0.00561}}
{"target": -12.357868776939744, "params": {"colsample_bytree": 0.429810788369526, "eta": 0.024917783634954043, "gamma": 493.22684502572037, "max_depth": 9.0, "min_child_weight": 4251.603211300203, "num_boost_round": 1.0, "subsample": 0.7776268061215372}, "datetime": {"datetime": "2024-01-20 15:47:04", "elapsed": 4990.923767, "delta": 123.834573}}
{"target": -12.357249063286044, "params": {"colsample_bytree": 0.429810788369526, "eta": 0.024917783634954043, "gamma": 493.22684502572037, "max_depth": 9.0, "min_child_weight": 4251.603211300203, "num_boost_round": 2.0, "subsample": 0.7776268061215372}, "datetime": {"datetime": "2024-01-20 15:47:04", "elapsed": 4990.930208, "delta": 0.006441}}
{"target": -12.355652725418938, "params": {"colsample_bytree": 0.429810788369526, "eta": 0.024917783634954043, "gamma": 493.22684502572037, "max_depth": 9.0, "min_child_weight": 4251.603211300203, "num_boost_round": 3.0, "subsample": 0.7776268061215372}, "datetime": {"datetime": "2024-01-20 15:47:04", "elapsed": 4990.935606, "delta": 0.005398}}
{"target": -12.35555821172806, "params": {"colsample_bytree": 0.429810788369526, "eta": 0.024917783634954043, "gamma": 493.22684502572037, "max_depth": 9.0, "min_child_weight": 4251.603211300203, "num_boost_round": 4.0, "subsample": 0.7776268061215372}, "datetime": {"datetime": "2024-01-20 15:47:04", "elapsed": 4990.941027, "delta": 0.005421}}
{"target": -12.354267482882044, "params": {"colsample_bytree": 0.429810788369526, "eta": 0.024917783634954043, "gamma": 493.22684502572037, "max_depth": 9.0, "min_child_weight": 4251.603211300203, "num_boost_round": 5.0, "subsample": 0.7776268061215372}, "datetime": {"datetime": "2024-01-20 15:47:04", "elapsed": 4990.946454, "delta": 0.005427}}
{"target": -12.353093248013423, "params": {"colsample_bytree": 0.429810788369526, "eta": 0.024917783634954043, "gamma": 493.22684502572037, "max_depth": 9.0, "min_child_weight": 4251.603211300203, "num_boost_round": 6.0, "subsample": 0.7776268061215372}, "datetime": {"datetime": "2024-01-20 15:47:04", "elapsed": 4990.951956, "delta": 0.005502}}
{"target": -12.352757734631451, "params": {"colsample_bytree": 0.429810788369526, "eta": 0.024917783634954043, "gamma": 493.22684502572037, "max_depth": 9.0, "min_child_weight": 4251.603211300203, "num_boost_round": 7.0, "subsample": 0.7776268061215372}, "datetime": {"datetime": "2024-01-20 15:47:04", "elapsed": 4990.957697, "delta": 0.005741}}
{"target": -12.35208596266969, "params": {"colsample_bytree": 0.429810788369526, "eta": 0.024917783634954043, "gamma": 493.22684502572037, "max_depth": 9.0, "min_child_weight": 4251.603211300203, "num_boost_round": 8.0, "subsample": 0.7776268061215372}, "datetime": {"datetime": "2024-01-20 15:47:04", "elapsed": 4990.963253, "delta": 0.005556}}
{"target": -12.352095363258226, "params": {"colsample_bytree": 0.429810788369526, "eta": 0.024917783634954043, "gamma": 493.22684502572037, "max_depth": 9.0, "min_child_weight": 4251.603211300203, "num_boost_round": 9.0, "subsample": 0.7776268061215372}, "datetime": {"datetime": "2024-01-20 15:47:04", "elapsed": 4990.968713, "delta": 0.00546}}
{"target": -12.351718666211848, "params": {"colsample_bytree": 0.429810788369526, "eta": 0.024917783634954043, "gamma": 493.22684502572037, "max_depth": 9.0, "min_child_weight": 4251.603211300203, "num_boost_round": 10.0, "subsample": 0.7776268061215372}, "datetime": {"datetime": "2024-01-20 15:47:04", "elapsed": 4990.974264, "delta": 0.005551}}
{"target": -12.351019657597094, "params": {"colsample_bytree": 0.429810788369526, "eta": 0.024917783634954043, "gamma": 493.22684502572037, "max_depth": 9.0, "min_child_weight": 4251.603211300203, "num_boost_round": 11.0, "subsample": 0.7776268061215372}, "datetime": {"datetime": "2024-01-20 15:47:04", "elapsed": 4990.979456, "delta": 0.005192}}
{"target": -12.350768032970999, "params": {"colsample_bytree": 0.429810788369526, "eta": 0.024917783634954043, "gamma": 493.22684502572037, "max_depth": 9.0, "min_child_weight": 4251.603211300203, "num_boost_round": 12.0, "subsample": 0.7776268061215372}, "datetime": {"datetime": "2024-01-20 15:47:04", "elapsed": 4990.984591, "delta": 0.005135}}
{"target": -12.350738650181468, "params": {"colsample_bytree": 0.429810788369526, "eta": 0.024917783634954043, "gamma": 493.22684502572037, "max_depth": 9.0, "min_child_weight": 4251.603211300203, "num_boost_round": 13.0, "subsample": 0.7776268061215372}, "datetime": {"datetime": "2024-01-20 15:47:04", "elapsed": 4990.98966, "delta": 0.005069}}
{"target": -12.350134776644015, "params": {"colsample_bytree": 0.429810788369526, "eta": 0.024917783634954043, "gamma": 493.22684502572037, "max_depth": 9.0, "min_child_weight": 4251.603211300203, "num_boost_round": 14.0, "subsample": 0.7776268061215372}, "datetime": {"datetime": "2024-01-20 15:47:04", "elapsed": 4990.994895, "delta": 0.005235}}
{"target": -12.349719945607493, "params": {"colsample_bytree": 0.429810788369526, "eta": 0.024917783634954043, "gamma": 493.22684502572037, "max_depth": 9.0, "min_child_weight": 4251.603211300203, "num_boost_round": 15.0, "subsample": 0.7776268061215372}, "datetime": {"datetime": "2024-01-20 15:47:04", "elapsed": 4991.00057, "delta": 0.005675}}
{"target": -12.349260820623725, "params": {"colsample_bytree": 0.429810788369526, "eta": 0.024917783634954043, "gamma": 493.22684502572037, "max_depth": 9.0, "min_child_weight": 4251.603211300203, "num_boost_round": 16.0, "subsample": 0.7776268061215372}, "datetime": {"datetime": "2024-01-20 15:47:04", "elapsed": 4991.006253, "delta": 0.005683}}
{"target": -12.349338146245632, "params": {"colsample_bytree": 0.429810788369526, "eta": 0.024917783634954043, "gamma": 493.22684502572037, "max_depth": 9.0, "min_child_weight": 4251.603211300203, "num_boost_round": 17.0, "subsample": 0.7776268061215372}, "datetime": {"datetime": "2024-01-20 15:47:04", "elapsed": 4991.0117, "delta": 0.005447}}
{"target": -12.349282566217509, "params": {"colsample_bytree": 0.429810788369526, "eta": 0.024917783634954043, "gamma": 493.22684502572037, "max_depth": 9.0, "min_child_weight": 4251.603211300203, "num_boost_round": 18.0, "subsample": 0.7776268061215372}, "datetime": {"datetime": "2024-01-20 15:47:04", "elapsed": 4991.017171, "delta": 0.005471}}
{"target": -12.349194351488723, "params": {"colsample_bytree": 0.429810788369526, "eta": 0.024917783634954043, "gamma": 493.22684502572037, "max_depth": 9.0, "min_child_weight": 4251.603211300203, "num_boost_round": 19.0, "subsample": 0.7776268061215372}, "datetime": {"datetime": "2024-01-20 15:47:04", "elapsed": 4991.022675, "delta": 0.005504}}
{"target": -12.349216347026172, "params": {"colsample_bytree": 0.429810788369526, "eta": 0.024917783634954043, "gamma": 493.22684502572037, "max_depth": 9.0, "min_child_weight": 4251.603211300203, "num_boost_round": 20.0, "subsample": 0.7776268061215372}, "datetime": {"datetime": "2024-01-20 15:47:04", "elapsed": 4991.02819, "delta": 0.005515}}
{"target": -12.349343662342093, "params": {"colsample_bytree": 0.429810788369526, "eta": 0.024917783634954043, "gamma": 493.22684502572037, "max_depth": 9.0, "min_child_weight": 4251.603211300203, "num_boost_round": 21.0, "subsample": 0.7776268061215372}, "datetime": {"datetime": "2024-01-20 15:47:04", "elapsed": 4991.033655, "delta": 0.005465}}
{"target": -12.34944232506674, "params": {"colsample_bytree": 0.429810788369526, "eta": 0.024917783634954043, "gamma": 493.22684502572037, "max_depth": 9.0, "min_child_weight": 4251.603211300203, "num_boost_round": 22.0, "subsample": 0.7776268061215372}, "datetime": {"datetime": "2024-01-20 15:47:04", "elapsed": 4991.039379, "delta": 0.005724}}
{"target": -12.34890629007684, "params": {"colsample_bytree": 0.429810788369526, "eta": 0.024917783634954043, "gamma": 493.22684502572037, "max_depth": 9.0, "min_child_weight": 4251.603211300203, "num_boost_round": 23.0, "subsample": 0.7776268061215372}, "datetime": {"datetime": "2024-01-20 15:47:04", "elapsed": 4991.044557, "delta": 0.005178}}
{"target": -12.349163208837755, "params": {"colsample_bytree": 0.429810788369526, "eta": 0.024917783634954043, "gamma": 493.22684502572037, "max_depth": 9.0, "min_child_weight": 4251.603211300203, "num_boost_round": 24.0, "subsample": 0.7776268061215372}, "datetime": {"datetime": "2024-01-20 15:47:04", "elapsed": 4991.049869, "delta": 0.005312}}
{"target": -12.348458711013286, "params": {"colsample_bytree": 0.429810788369526, "eta": 0.024917783634954043, "gamma": 493.22684502572037, "max_depth": 9.0, "min_child_weight": 4251.603211300203, "num_boost_round": 25.0, "subsample": 0.7776268061215372}, "datetime": {"datetime": "2024-01-20 15:47:04", "elapsed": 4991.055332, "delta": 0.005463}}
{"target": -12.348161651511752, "params": {"colsample_bytree": 0.429810788369526, "eta": 0.024917783634954043, "gamma": 493.22684502572037, "max_depth": 9.0, "min_child_weight": 4251.603211300203, "num_boost_round": 26.0, "subsample": 0.7776268061215372}, "datetime": {"datetime": "2024-01-20 15:47:04", "elapsed": 4991.061063, "delta": 0.005731}}
{"target": -12.353446207592343, "params": {"colsample_bytree": 0.8860390557703665, "eta": 0.0815806277661394, "gamma": 571.9665525225008, "max_depth": 8.0, "min_child_weight": 4139.7975104715, "num_boost_round": 1.0, "subsample": 0.3009262221141289}, "datetime": {"datetime": "2024-01-20 15:48:19", "elapsed": 5065.852709, "delta": 74.791646}}
{"target": -12.350330431323014, "params": {"colsample_bytree": 0.8860390557703665, "eta": 0.0815806277661394, "gamma": 571.9665525225008, "max_depth": 8.0, "min_child_weight": 4139.7975104715, "num_boost_round": 2.0, "subsample": 0.3009262221141289}, "datetime": {"datetime": "2024-01-20 15:48:19", "elapsed": 5065.859934, "delta": 0.007225}}
{"target": -12.347823833902275, "params": {"colsample_bytree": 0.8860390557703665, "eta": 0.0815806277661394, "gamma": 571.9665525225008, "max_depth": 8.0, "min_child_weight": 4139.7975104715, "num_boost_round": 3.0, "subsample": 0.3009262221141289}, "datetime": {"datetime": "2024-01-20 15:48:19", "elapsed": 5065.865944, "delta": 0.00601}}
{"target": -12.346351166614824, "params": {"colsample_bytree": 0.8860390557703665, "eta": 0.0815806277661394, "gamma": 571.9665525225008, "max_depth": 8.0, "min_child_weight": 4139.7975104715, "num_boost_round": 4.0, "subsample": 0.3009262221141289}, "datetime": {"datetime": "2024-01-20 15:48:19", "elapsed": 5065.871612, "delta": 0.005668}}
{"target": -12.344909477360577, "params": {"colsample_bytree": 0.8860390557703665, "eta": 0.0815806277661394, "gamma": 571.9665525225008, "max_depth": 8.0, "min_child_weight": 4139.7975104715, "num_boost_round": 5.0, "subsample": 0.3009262221141289}, "datetime": {"datetime": "2024-01-20 15:48:19", "elapsed": 5065.877488, "delta": 0.005876}}
{"target": -12.344005665224305, "params": {"colsample_bytree": 0.8860390557703665, "eta": 0.0815806277661394, "gamma": 571.9665525225008, "max_depth": 8.0, "min_child_weight": 4139.7975104715, "num_boost_round": 6.0, "subsample": 0.3009262221141289}, "datetime": {"datetime": "2024-01-20 15:48:19", "elapsed": 5065.883188, "delta": 0.0057}}
{"target": -12.34366799906535, "params": {"colsample_bytree": 0.8860390557703665, "eta": 0.0815806277661394, "gamma": 571.9665525225008, "max_depth": 8.0, "min_child_weight": 4139.7975104715, "num_boost_round": 7.0, "subsample": 0.3009262221141289}, "datetime": {"datetime": "2024-01-20 15:48:19", "elapsed": 5065.888907, "delta": 0.005719}}
{"target": -12.342827894832542, "params": {"colsample_bytree": 0.8860390557703665, "eta": 0.0815806277661394, "gamma": 571.9665525225008, "max_depth": 8.0, "min_child_weight": 4139.7975104715, "num_boost_round": 8.0, "subsample": 0.3009262221141289}, "datetime": {"datetime": "2024-01-20 15:48:19", "elapsed": 5065.894208, "delta": 0.005301}}
{"target": -12.342193803986122, "params": {"colsample_bytree": 0.8860390557703665, "eta": 0.0815806277661394, "gamma": 571.9665525225008, "max_depth": 8.0, "min_child_weight": 4139.7975104715, "num_boost_round": 9.0, "subsample": 0.3009262221141289}, "datetime": {"datetime": "2024-01-20 15:48:19", "elapsed": 5065.899601, "delta": 0.005393}}
{"target": -12.341953523452883, "params": {"colsample_bytree": 0.8860390557703665, "eta": 0.0815806277661394, "gamma": 571.9665525225008, "max_depth": 8.0, "min_child_weight": 4139.7975104715, "num_boost_round": 10.0, "subsample": 0.3009262221141289}, "datetime": {"datetime": "2024-01-20 15:48:19", "elapsed": 5065.904902, "delta": 0.005301}}
{"target": -12.34097938535962, "params": {"colsample_bytree": 0.8860390557703665, "eta": 0.0815806277661394, "gamma": 571.9665525225008, "max_depth": 8.0, "min_child_weight": 4139.7975104715, "num_boost_round": 11.0, "subsample": 0.3009262221141289}, "datetime": {"datetime": "2024-01-20 15:48:19", "elapsed": 5065.910167, "delta": 0.005265}}
{"target": -12.341633709392593, "params": {"colsample_bytree": 0.8860390557703665, "eta": 0.0815806277661394, "gamma": 571.9665525225008, "max_depth": 8.0, "min_child_weight": 4139.7975104715, "num_boost_round": 12.0, "subsample": 0.3009262221141289}, "datetime": {"datetime": "2024-01-20 15:48:19", "elapsed": 5065.915447, "delta": 0.00528}}
{"target": -12.341406805647447, "params": {"colsample_bytree": 0.8860390557703665, "eta": 0.0815806277661394, "gamma": 571.9665525225008, "max_depth": 8.0, "min_child_weight": 4139.7975104715, "num_boost_round": 13.0, "subsample": 0.3009262221141289}, "datetime": {"datetime": "2024-01-20 15:48:19", "elapsed": 5065.92093, "delta": 0.005483}}
{"target": -12.342008078236976, "params": {"colsample_bytree": 0.8860390557703665, "eta": 0.0815806277661394, "gamma": 571.9665525225008, "max_depth": 8.0, "min_child_weight": 4139.7975104715, "num_boost_round": 14.0, "subsample": 0.3009262221141289}, "datetime": {"datetime": "2024-01-20 15:48:19", "elapsed": 5065.926404, "delta": 0.005474}}
{"target": -12.341952737744469, "params": {"colsample_bytree": 0.8860390557703665, "eta": 0.0815806277661394, "gamma": 571.9665525225008, "max_depth": 8.0, "min_child_weight": 4139.7975104715, "num_boost_round": 15.0, "subsample": 0.3009262221141289}, "datetime": {"datetime": "2024-01-20 15:48:19", "elapsed": 5065.931873, "delta": 0.005469}}
{"target": -12.34296531435819, "params": {"colsample_bytree": 0.8860390557703665, "eta": 0.0815806277661394, "gamma": 571.9665525225008, "max_depth": 8.0, "min_child_weight": 4139.7975104715, "num_boost_round": 16.0, "subsample": 0.3009262221141289}, "datetime": {"datetime": "2024-01-20 15:48:19", "elapsed": 5065.937151, "delta": 0.005278}}
{"target": -12.343256224880886, "params": {"colsample_bytree": 0.8860390557703665, "eta": 0.0815806277661394, "gamma": 571.9665525225008, "max_depth": 8.0, "min_child_weight": 4139.7975104715, "num_boost_round": 17.0, "subsample": 0.3009262221141289}, "datetime": {"datetime": "2024-01-20 15:48:19", "elapsed": 5065.942699, "delta": 0.005548}}
{"target": -12.343521633064142, "params": {"colsample_bytree": 0.8860390557703665, "eta": 0.0815806277661394, "gamma": 571.9665525225008, "max_depth": 8.0, "min_child_weight": 4139.7975104715, "num_boost_round": 18.0, "subsample": 0.3009262221141289}, "datetime": {"datetime": "2024-01-20 15:48:19", "elapsed": 5065.948188, "delta": 0.005489}}
{"target": -12.34351309183635, "params": {"colsample_bytree": 0.8860390557703665, "eta": 0.0815806277661394, "gamma": 571.9665525225008, "max_depth": 8.0, "min_child_weight": 4139.7975104715, "num_boost_round": 19.0, "subsample": 0.3009262221141289}, "datetime": {"datetime": "2024-01-20 15:48:19", "elapsed": 5065.953763, "delta": 0.005575}}
{"target": -12.344235698251897, "params": {"colsample_bytree": 0.8860390557703665, "eta": 0.0815806277661394, "gamma": 571.9665525225008, "max_depth": 8.0, "min_child_weight": 4139.7975104715, "num_boost_round": 20.0, "subsample": 0.3009262221141289}, "datetime": {"datetime": "2024-01-20 15:48:19", "elapsed": 5065.959113, "delta": 0.00535}}
{"target": -12.344420899935681, "params": {"colsample_bytree": 0.8860390557703665, "eta": 0.0815806277661394, "gamma": 571.9665525225008, "max_depth": 8.0, "min_child_weight": 4139.7975104715, "num_boost_round": 21.0, "subsample": 0.3009262221141289}, "datetime": {"datetime": "2024-01-20 15:48:19", "elapsed": 5065.964393, "delta": 0.00528}}
