{"target": -10.501719614210518, "params": {"colsample_bytree": 0.5939321535345923, "eta": 0.07152178474357823, "gamma": 602.7633760716438, "max_depth": 6.0, "min_child_weight": 4237.124338589708, "num_boost_round": 127.0, "subsample": 0.49382849013642327}, "datetime": {"datetime": "2024-01-20 13:25:07", "elapsed": 0.040859, "delta": 0.000297}}
{"target": -10.501874599247369, "params": {"colsample_bytree": 0.5939321535345923, "eta": 0.07152178474357823, "gamma": 602.7633760716438, "max_depth": 6.0, "min_child_weight": 4237.124338589708, "num_boost_round": 128.0, "subsample": 0.49382849013642327}, "datetime": {"datetime": "2024-01-20 13:25:07", "elapsed": 0.041191, "delta": 0.000332}}
{"target": -10.50208030817014, "params": {"colsample_bytree": 0.5939321535345923, "eta": 0.07152178474357823, "gamma": 602.7633760716438, "max_depth": 6.0, "min_child_weight": 4237.124338589708, "num_boost_round": 129.0, "subsample": 0.49382849013642327}, "datetime": {"datetime": "2024-01-20 13:25:07", "elapsed": 0.041501, "delta": 0.00031}}
{"target": -10.476113742776441, "params": {"colsample_bytree": 0.5251550812598257, "eta": 0.04046000447357363, "gamma": 589.7352232295835, "max_depth": 2.0, "min_child_weight": 4285.811320369312, "num_boost_round": 1.0, "subsample": 0.8251040220370359}, "datetime": {"datetime": "2024-01-20 13:25:28", "elapsed": 21.032307, "delta": 20.990806}}
{"target": -10.476017864169393, "params": {"colsample_bytree": 0.5251550812598257, "eta": 0.04046000447357363, "gamma": 589.7352232295835, "max_depth": 2.0, "min_child_weight": 4285.811320369312, "num_boost_round": 2.0, "subsample": 0.8251040220370359}, "datetime": {"datetime": "2024-01-20 13:25:28", "elapsed": 21.032801, "delta": 0.000494}}
{"target": -10.475852061938124, "params": {"colsample_bytree": 0.5251550812598257, "eta": 0.04046000447357363, "gamma": 589.7352232295835, "max_depth": 2.0, "min_child_weight": 4285.811320369312, "num_boost_round": 3.0, "subsample": 0.8251040220370359}, "datetime": {"datetime": "2024-01-20 13:25:28", "elapsed": 21.033152, "delta": 0.000351}}
{"target": -10.475847045807201, "params": {"colsample_bytree": 0.5251550812598257, "eta": 0.04046000447357363, "gamma": 589.7352232295835, "max_depth": 2.0, "min_child_weight": 4285.811320369312, "num_boost_round": 4.0, "subsample": 0.8251040220370359}, "datetime": {"datetime": "2024-01-20 13:25:28", "elapsed": 21.033484, "delta": 0.000332}}
{"target": -10.475751730680688, "params": {"colsample_bytree": 0.5251550812598257, "eta": 0.04046000447357363, "gamma": 589.7352232295835, "max_depth": 2.0, "min_child_weight": 4285.811320369312, "num_boost_round": 5.0, "subsample": 0.8251040220370359}, "datetime": {"datetime": "2024-01-20 13:25:28", "elapsed": 21.033808, "delta": 0.000324}}
{"target": -10.475877843048702, "params": {"colsample_bytree": 0.5251550812598257, "eta": 0.04046000447357363, "gamma": 589.7352232295835, "max_depth": 2.0, "min_child_weight": 4285.811320369312, "num_boost_round": 6.0, "subsample": 0.8251040220370359}, "datetime": {"datetime": "2024-01-20 13:25:28", "elapsed": 21.03414, "delta": 0.000332}}
{"target": -10.476109620508556, "params": {"colsample_bytree": 0.5251550812598257, "eta": 0.04046000447357363, "gamma": 589.7352232295835, "max_depth": 2.0, "min_child_weight": 4285.811320369312, "num_boost_round": 7.0, "subsample": 0.8251040220370359}, "datetime": {"datetime": "2024-01-20 13:25:28", "elapsed": 21.03486, "delta": 0.00072}}
{"target": -10.4760606097717, "params": {"colsample_bytree": 0.5251550812598257, "eta": 0.04046000447357363, "gamma": 589.7352232295835, "max_depth": 2.0, "min_child_weight": 4285.811320369312, "num_boost_round": 8.0, "subsample": 0.8251040220370359}, "datetime": {"datetime": "2024-01-20 13:25:28", "elapsed": 21.035226, "delta": 0.000366}}
{"target": -10.476058618465355, "params": {"colsample_bytree": 0.5251550812598257, "eta": 0.04046000447357363, "gamma": 589.7352232295835, "max_depth": 2.0, "min_child_weight": 4285.811320369312, "num_boost_round": 9.0, "subsample": 0.8251040220370359}, "datetime": {"datetime": "2024-01-20 13:25:28", "elapsed": 21.035727, "delta": 0.000501}}
{"target": -10.47627947767087, "params": {"colsample_bytree": 0.5251550812598257, "eta": 0.04046000447357363, "gamma": 589.7352232295835, "max_depth": 2.0, "min_child_weight": 4285.811320369312, "num_boost_round": 10.0, "subsample": 0.8251040220370359}, "datetime": {"datetime": "2024-01-20 13:25:28", "elapsed": 21.036065, "delta": 0.000338}}
{"target": -10.476351683659383, "params": {"colsample_bytree": 0.5251550812598257, "eta": 0.04046000447357363, "gamma": 589.7352232295835, "max_depth": 2.0, "min_child_weight": 4285.811320369312, "num_boost_round": 11.0, "subsample": 0.8251040220370359}, "datetime": {"datetime": "2024-01-20 13:25:28", "elapsed": 21.036404, "delta": 0.000339}}
{"target": -10.47631030456516, "params": {"colsample_bytree": 0.5251550812598257, "eta": 0.04046000447357363, "gamma": 589.7352232295835, "max_depth": 2.0, "min_child_weight": 4285.811320369312, "num_boost_round": 12.0, "subsample": 0.8251040220370359}, "datetime": {"datetime": "2024-01-20 13:25:28", "elapsed": 21.036941, "delta": 0.000537}}
{"target": -10.476012365561981, "params": {"colsample_bytree": 0.4832628932854992, "eta": 0.05338833039564782, "gamma": 662.7716859183357, "max_depth": 3.0, "min_child_weight": 4233.963105044013, "num_boost_round": 1.0, "subsample": 0.8362742752476043}, "datetime": {"datetime": "2024-01-20 13:25:57", "elapsed": 49.226601, "delta": 28.18966}}
{"target": -10.475922924549012, "params": {"colsample_bytree": 0.4832628932854992, "eta": 0.05338833039564782, "gamma": 662.7716859183357, "max_depth": 3.0, "min_child_weight": 4233.963105044013, "num_boost_round": 2.0, "subsample": 0.8362742752476043}, "datetime": {"datetime": "2024-01-20 13:25:57", "elapsed": 49.228437, "delta": 0.001836}}
{"target": -10.475961206239955, "params": {"colsample_bytree": 0.4832628932854992, "eta": 0.05338833039564782, "gamma": 662.7716859183357, "max_depth": 3.0, "min_child_weight": 4233.963105044013, "num_boost_round": 3.0, "subsample": 0.8362742752476043}, "datetime": {"datetime": "2024-01-20 13:25:57", "elapsed": 49.228813, "delta": 0.000376}}
{"target": -10.475677070914621, "params": {"colsample_bytree": 0.4832628932854992, "eta": 0.05338833039564782, "gamma": 662.7716859183357, "max_depth": 3.0, "min_child_weight": 4233.963105044013, "num_boost_round": 4.0, "subsample": 0.8362742752476043}, "datetime": {"datetime": "2024-01-20 13:25:57", "elapsed": 49.229161, "delta": 0.000348}}
{"target": -10.475525567951717, "params": {"colsample_bytree": 0.4832628932854992, "eta": 0.05338833039564782, "gamma": 662.7716859183357, "max_depth": 3.0, "min_child_weight": 4233.963105044013, "num_boost_round": 5.0, "subsample": 0.8362742752476043}, "datetime": {"datetime": "2024-01-20 13:25:57", "elapsed": 49.229506, "delta": 0.000345}}
{"target": -10.475602858825981, "params": {"colsample_bytree": 0.4832628932854992, "eta": 0.05338833039564782, "gamma": 662.7716859183357, "max_depth": 3.0, "min_child_weight": 4233.963105044013, "num_boost_round": 6.0, "subsample": 0.8362742752476043}, "datetime": {"datetime": "2024-01-20 13:25:57", "elapsed": 49.229842, "delta": 0.000336}}
{"target": -10.475667577843344, "params": {"colsample_bytree": 0.4832628932854992, "eta": 0.05338833039564782, "gamma": 662.7716859183357, "max_depth": 3.0, "min_child_weight": 4233.963105044013, "num_boost_round": 7.0, "subsample": 0.8362742752476043}, "datetime": {"datetime": "2024-01-20 13:25:57", "elapsed": 49.230185, "delta": 0.000343}}
{"target": -10.475422822755512, "params": {"colsample_bytree": 0.4832628932854992, "eta": 0.05338833039564782, "gamma": 662.7716859183357, "max_depth": 3.0, "min_child_weight": 4233.963105044013, "num_boost_round": 8.0, "subsample": 0.8362742752476043}, "datetime": {"datetime": "2024-01-20 13:25:57", "elapsed": 49.230538, "delta": 0.000353}}
{"target": -10.475488187636941, "params": {"colsample_bytree": 0.4832628932854992, "eta": 0.05338833039564782, "gamma": 662.7716859183357, "max_depth": 3.0, "min_child_weight": 4233.963105044013, "num_boost_round": 9.0, "subsample": 0.8362742752476043}, "datetime": {"datetime": "2024-01-20 13:25:57", "elapsed": 49.231175, "delta": 0.000637}}
{"target": -10.475375354784868, "params": {"colsample_bytree": 0.4832628932854992, "eta": 0.05338833039564782, "gamma": 662.7716859183357, "max_depth": 3.0, "min_child_weight": 4233.963105044013, "num_boost_round": 10.0, "subsample": 0.8362742752476043}, "datetime": {"datetime": "2024-01-20 13:25:57", "elapsed": 49.231526, "delta": 0.000351}}
{"target": -10.475748843109416, "params": {"colsample_bytree": 0.4832628932854992, "eta": 0.05338833039564782, "gamma": 662.7716859183357, "max_depth": 3.0, "min_child_weight": 4233.963105044013, "num_boost_round": 11.0, "subsample": 0.8362742752476043}, "datetime": {"datetime": "2024-01-20 13:25:57", "elapsed": 49.231867, "delta": 0.000341}}
{"target": -10.475869383468416, "params": {"colsample_bytree": 0.4832628932854992, "eta": 0.05338833039564782, "gamma": 662.7716859183357, "max_depth": 3.0, "min_child_weight": 4233.963105044013, "num_boost_round": 12.0, "subsample": 0.8362742752476043}, "datetime": {"datetime": "2024-01-20 13:25:57", "elapsed": 49.232217, "delta": 0.00035}}
{"target": -10.47621336582203, "params": {"colsample_bytree": 0.4832628932854992, "eta": 0.05338833039564782, "gamma": 662.7716859183357, "max_depth": 3.0, "min_child_weight": 4233.963105044013, "num_boost_round": 13.0, "subsample": 0.8362742752476043}, "datetime": {"datetime": "2024-01-20 13:25:57", "elapsed": 49.232558, "delta": 0.000341}}
{"target": -10.47627250919504, "params": {"colsample_bytree": 0.4832628932854992, "eta": 0.05338833039564782, "gamma": 662.7716859183357, "max_depth": 3.0, "min_child_weight": 4233.963105044013, "num_boost_round": 14.0, "subsample": 0.8362742752476043}, "datetime": {"datetime": "2024-01-20 13:25:57", "elapsed": 49.232897, "delta": 0.000339}}
{"target": -10.476380357223428, "params": {"colsample_bytree": 0.4832628932854992, "eta": 0.05338833039564782, "gamma": 662.7716859183357, "max_depth": 3.0, "min_child_weight": 4233.963105044013, "num_boost_round": 15.0, "subsample": 0.8362742752476043}, "datetime": {"datetime": "2024-01-20 13:25:57", "elapsed": 49.233255, "delta": 0.000358}}
{"target": -10.476437661045175, "params": {"colsample_bytree": 0.4832628932854992, "eta": 0.05338833039564782, "gamma": 662.7716859183357, "max_depth": 3.0, "min_child_weight": 4233.963105044013, "num_boost_round": 16.0, "subsample": 0.8362742752476043}, "datetime": {"datetime": "2024-01-20 13:25:57", "elapsed": 49.233606, "delta": 0.000351}}
{"target": -10.476556253086077, "params": {"colsample_bytree": 0.4832628932854992, "eta": 0.05338833039564782, "gamma": 662.7716859183357, "max_depth": 3.0, "min_child_weight": 4233.963105044013, "num_boost_round": 17.0, "subsample": 0.8362742752476043}, "datetime": {"datetime": "2024-01-20 13:25:57", "elapsed": 49.233954, "delta": 0.000348}}
{"target": -10.476621575640518, "params": {"colsample_bytree": 0.4832628932854992, "eta": 0.05338833039564782, "gamma": 662.7716859183357, "max_depth": 3.0, "min_child_weight": 4233.963105044013, "num_boost_round": 18.0, "subsample": 0.8362742752476043}, "datetime": {"datetime": "2024-01-20 13:25:57", "elapsed": 49.234313, "delta": 0.000359}}
{"target": -10.476495653695281, "params": {"colsample_bytree": 0.4832628932854992, "eta": 0.05338833039564782, "gamma": 662.7716859183357, "max_depth": 3.0, "min_child_weight": 4233.963105044013, "num_boost_round": 19.0, "subsample": 0.8362742752476043}, "datetime": {"datetime": "2024-01-20 13:25:57", "elapsed": 49.23466, "delta": 0.000347}}
{"target": -10.476738675910596, "params": {"colsample_bytree": 0.4832628932854992, "eta": 0.05338833039564782, "gamma": 662.7716859183357, "max_depth": 3.0, "min_child_weight": 4233.963105044013, "num_boost_round": 20.0, "subsample": 0.8362742752476043}, "datetime": {"datetime": "2024-01-20 13:25:57", "elapsed": 49.235006, "delta": 0.000346}}
{"target": -10.476770127923594, "params": {"colsample_bytree": 0.4832628932854992, "eta": 0.05338833039564782, "gamma": 662.7716859183357, "max_depth": 3.0, "min_child_weight": 4233.963105044013, "num_boost_round": 21.0, "subsample": 0.8362742752476043}, "datetime": {"datetime": "2024-01-20 13:25:57", "elapsed": 49.235405, "delta": 0.000399}}
{"target": -10.476768591032283, "params": {"colsample_bytree": 0.4832628932854992, "eta": 0.05338833039564782, "gamma": 662.7716859183357, "max_depth": 3.0, "min_child_weight": 4233.963105044013, "num_boost_round": 22.0, "subsample": 0.8362742752476043}, "datetime": {"datetime": "2024-01-20 13:25:57", "elapsed": 49.235761, "delta": 0.000356}}
{"target": -10.47712929265938, "params": {"colsample_bytree": 0.4832628932854992, "eta": 0.05338833039564782, "gamma": 662.7716859183357, "max_depth": 3.0, "min_child_weight": 4233.963105044013, "num_boost_round": 23.0, "subsample": 0.8362742752476043}, "datetime": {"datetime": "2024-01-20 13:25:57", "elapsed": 49.23612, "delta": 0.000359}}
{"target": -10.477166463542941, "params": {"colsample_bytree": 0.4832628932854992, "eta": 0.05338833039564782, "gamma": 662.7716859183357, "max_depth": 3.0, "min_child_weight": 4233.963105044013, "num_boost_round": 24.0, "subsample": 0.8362742752476043}, "datetime": {"datetime": "2024-01-20 13:25:57", "elapsed": 49.236538, "delta": 0.000418}}
{"target": -10.477514094702409, "params": {"colsample_bytree": 0.4832628932854992, "eta": 0.05338833039564782, "gamma": 662.7716859183357, "max_depth": 3.0, "min_child_weight": 4233.963105044013, "num_boost_round": 25.0, "subsample": 0.8362742752476043}, "datetime": {"datetime": "2024-01-20 13:25:57", "elapsed": 49.236892, "delta": 0.000354}}
{"target": -10.477741983920538, "params": {"colsample_bytree": 0.4832628932854992, "eta": 0.05338833039564782, "gamma": 662.7716859183357, "max_depth": 3.0, "min_child_weight": 4233.963105044013, "num_boost_round": 26.0, "subsample": 0.8362742752476043}, "datetime": {"datetime": "2024-01-20 13:25:57", "elapsed": 49.237256, "delta": 0.000364}}
{"target": -10.47615459623545, "params": {"colsample_bytree": 0.9190104329877341, "eta": 0.07609019055490247, "gamma": 532.2931768180346, "max_depth": 2.0, "min_child_weight": 4307.443671885927, "num_boost_round": 1.0, "subsample": 0.8584079854937817}, "datetime": {"datetime": "2024-01-20 13:26:11", "elapsed": 63.897288, "delta": 14.660032}}
{"target": -10.476403339158892, "params": {"colsample_bytree": 0.12792477254001056, "eta": 0.06480892664392252, "gamma": 528.0150467537065, "max_depth": 7.0, "min_child_weight": 4237.3258777635265, "num_boost_round": 1.0, "subsample": 0.9916193744629453}, "datetime": {"datetime": "2024-01-20 13:26:46", "elapsed": 98.104968, "delta": 34.20768}}
{"target": -10.476291423722222, "params": {"colsample_bytree": 0.12792477254001056, "eta": 0.06480892664392252, "gamma": 528.0150467537065, "max_depth": 7.0, "min_child_weight": 4237.3258777635265, "num_boost_round": 2.0, "subsample": 0.9916193744629453}, "datetime": {"datetime": "2024-01-20 13:26:46", "elapsed": 98.10676, "delta": 0.001792}}
{"target": -10.476528109183299, "params": {"colsample_bytree": 0.12792477254001056, "eta": 0.06480892664392252, "gamma": 528.0150467537065, "max_depth": 7.0, "min_child_weight": 4237.3258777635265, "num_boost_round": 3.0, "subsample": 0.9916193744629453}, "datetime": {"datetime": "2024-01-20 13:26:46", "elapsed": 98.107172, "delta": 0.000412}}
{"target": -10.477114200975556, "params": {"colsample_bytree": 0.12792477254001056, "eta": 0.06480892664392252, "gamma": 528.0150467537065, "max_depth": 7.0, "min_child_weight": 4237.3258777635265, "num_boost_round": 4.0, "subsample": 0.9916193744629453}, "datetime": {"datetime": "2024-01-20 13:26:46", "elapsed": 98.107547, "delta": 0.000375}}
{"target": -10.47726469120168, "params": {"colsample_bytree": 0.12792477254001056, "eta": 0.06480892664392252, "gamma": 528.0150467537065, "max_depth": 7.0, "min_child_weight": 4237.3258777635265, "num_boost_round": 5.0, "subsample": 0.9916193744629453}, "datetime": {"datetime": "2024-01-20 13:26:46", "elapsed": 98.107921, "delta": 0.000374}}
{"target": -10.477703965404402, "params": {"colsample_bytree": 0.12792477254001056, "eta": 0.06480892664392252, "gamma": 528.0150467537065, "max_depth": 7.0, "min_child_weight": 4237.3258777635265, "num_boost_round": 6.0, "subsample": 0.9916193744629453}, "datetime": {"datetime": "2024-01-20 13:26:46", "elapsed": 98.108298, "delta": 0.000377}}
{"target": -10.478057194241552, "params": {"colsample_bytree": 0.12792477254001056, "eta": 0.06480892664392252, "gamma": 528.0150467537065, "max_depth": 7.0, "min_child_weight": 4237.3258777635265, "num_boost_round": 7.0, "subsample": 0.9916193744629453}, "datetime": {"datetime": "2024-01-20 13:26:46", "elapsed": 98.108762, "delta": 0.000464}}
{"target": -10.477810339773932, "params": {"colsample_bytree": 0.12792477254001056, "eta": 0.06480892664392252, "gamma": 528.0150467537065, "max_depth": 7.0, "min_child_weight": 4237.3258777635265, "num_boost_round": 8.0, "subsample": 0.9916193744629453}, "datetime": {"datetime": "2024-01-20 13:26:46", "elapsed": 98.109349, "delta": 0.000587}}
{"target": -10.477635967760843, "params": {"colsample_bytree": 0.12792477254001056, "eta": 0.06480892664392252, "gamma": 528.0150467537065, "max_depth": 7.0, "min_child_weight": 4237.3258777635265, "num_boost_round": 9.0, "subsample": 0.9916193744629453}, "datetime": {"datetime": "2024-01-20 13:26:46", "elapsed": 98.109722, "delta": 0.000373}}
{"target": -10.478301167950676, "params": {"colsample_bytree": 0.12792477254001056, "eta": 0.06480892664392252, "gamma": 528.0150467537065, "max_depth": 7.0, "min_child_weight": 4237.3258777635265, "num_boost_round": 10.0, "subsample": 0.9916193744629453}, "datetime": {"datetime": "2024-01-20 13:26:46", "elapsed": 98.110097, "delta": 0.000375}}
{"target": -10.478916948258767, "params": {"colsample_bytree": 0.12792477254001056, "eta": 0.06480892664392252, "gamma": 528.0150467537065, "max_depth": 7.0, "min_child_weight": 4237.3258777635265, "num_boost_round": 11.0, "subsample": 0.9916193744629453}, "datetime": {"datetime": "2024-01-20 13:26:46", "elapsed": 98.110472, "delta": 0.000375}}
{"target": -10.47887166271888, "params": {"colsample_bytree": 0.12792477254001056, "eta": 0.06480892664392252, "gamma": 528.0150467537065, "max_depth": 7.0, "min_child_weight": 4237.3258777635265, "num_boost_round": 12.0, "subsample": 0.9916193744629453}, "datetime": {"datetime": "2024-01-20 13:26:46", "elapsed": 98.111212, "delta": 0.00074}}
{"target": -10.479052800140568, "params": {"colsample_bytree": 0.12792477254001056, "eta": 0.06480892664392252, "gamma": 528.0150467537065, "max_depth": 7.0, "min_child_weight": 4237.3258777635265, "num_boost_round": 13.0, "subsample": 0.9916193744629453}, "datetime": {"datetime": "2024-01-20 13:26:46", "elapsed": 98.111605, "delta": 0.000393}}
{"target": -10.479000660882985, "params": {"colsample_bytree": 0.12792477254001056, "eta": 0.06480892664392252, "gamma": 528.0150467537065, "max_depth": 7.0, "min_child_weight": 4237.3258777635265, "num_boost_round": 14.0, "subsample": 0.9916193744629453}, "datetime": {"datetime": "2024-01-20 13:26:46", "elapsed": 98.111976, "delta": 0.000371}}
{"target": -10.479368676507848, "params": {"colsample_bytree": 0.12792477254001056, "eta": 0.06480892664392252, "gamma": 528.0150467537065, "max_depth": 7.0, "min_child_weight": 4237.3258777635265, "num_boost_round": 15.0, "subsample": 0.9916193744629453}, "datetime": {"datetime": "2024-01-20 13:26:46", "elapsed": 98.112356, "delta": 0.00038}}
{"target": -10.479877097468005, "params": {"colsample_bytree": 0.12792477254001056, "eta": 0.06480892664392252, "gamma": 528.0150467537065, "max_depth": 7.0, "min_child_weight": 4237.3258777635265, "num_boost_round": 16.0, "subsample": 0.9916193744629453}, "datetime": {"datetime": "2024-01-20 13:26:46", "elapsed": 98.112733, "delta": 0.000377}}
{"target": -10.480362337186774, "params": {"colsample_bytree": 0.12792477254001056, "eta": 0.06480892664392252, "gamma": 528.0150467537065, "max_depth": 7.0, "min_child_weight": 4237.3258777635265, "num_boost_round": 17.0, "subsample": 0.9916193744629453}, "datetime": {"datetime": "2024-01-20 13:26:46", "elapsed": 98.113112, "delta": 0.000379}}
{"target": -10.480566305923324, "params": {"colsample_bytree": 0.12792477254001056, "eta": 0.06480892664392252, "gamma": 528.0150467537065, "max_depth": 7.0, "min_child_weight": 4237.3258777635265, "num_boost_round": 18.0, "subsample": 0.9916193744629453}, "datetime": {"datetime": "2024-01-20 13:26:46", "elapsed": 98.113498, "delta": 0.000386}}
{"target": -10.480919794947575, "params": {"colsample_bytree": 0.12792477254001056, "eta": 0.06480892664392252, "gamma": 528.0150467537065, "max_depth": 7.0, "min_child_weight": 4237.3258777635265, "num_boost_round": 19.0, "subsample": 0.9916193744629453}, "datetime": {"datetime": "2024-01-20 13:26:46", "elapsed": 98.113917, "delta": 0.000419}}
{"target": -10.480962029798592, "params": {"colsample_bytree": 0.12792477254001056, "eta": 0.06480892664392252, "gamma": 528.0150467537065, "max_depth": 7.0, "min_child_weight": 4237.3258777635265, "num_boost_round": 20.0, "subsample": 0.9916193744629453}, "datetime": {"datetime": "2024-01-20 13:26:46", "elapsed": 98.114312, "delta": 0.000395}}
{"target": -10.481657683438083, "params": {"colsample_bytree": 0.12792477254001056, "eta": 0.06480892664392252, "gamma": 528.0150467537065, "max_depth": 7.0, "min_child_weight": 4237.3258777635265, "num_boost_round": 21.0, "subsample": 0.9916193744629453}, "datetime": {"datetime": "2024-01-20 13:26:46", "elapsed": 98.114703, "delta": 0.000391}}
