{"target": -13.411529051388431, "params": {"colsample_bytree": 0.5839946835553489, "eta": 0.09458407428820508, "gamma": 546.1661424816363, "max_depth": 9.0, "min_child_weight": 3922.642756501453, "num_boost_round": 58.0, "subsample": 0.10522316153083816}, "datetime": {"datetime": "2024-01-20 14:33:03", "elapsed": 518.353439, "delta": 0.000795}}
{"target": -13.411576702301556, "params": {"colsample_bytree": 0.5839946835553489, "eta": 0.09458407428820508, "gamma": 546.1661424816363, "max_depth": 9.0, "min_child_weight": 3922.642756501453, "num_boost_round": 59.0, "subsample": 0.10522316153083816}, "datetime": {"datetime": "2024-01-20 14:33:03", "elapsed": 518.354235, "delta": 0.000796}}
{"target": -13.411707967211493, "params": {"colsample_bytree": 0.5839946835553489, "eta": 0.09458407428820508, "gamma": 546.1661424816363, "max_depth": 9.0, "min_child_weight": 3922.642756501453, "num_boost_round": 60.0, "subsample": 0.10522316153083816}, "datetime": {"datetime": "2024-01-20 14:33:03", "elapsed": 518.355022, "delta": 0.000787}}
{"target": -13.4121175147699, "params": {"colsample_bytree": 0.5839946835553489, "eta": 0.09458407428820508, "gamma": 546.1661424816363, "max_depth": 9.0, "min_child_weight": 3922.642756501453, "num_boost_round": 61.0, "subsample": 0.10522316153083816}, "datetime": {"datetime": "2024-01-20 14:33:03", "elapsed": 518.355812, "delta": 0.00079}}
{"target": -13.412251938533624, "params": {"colsample_bytree": 0.5839946835553489, "eta": 0.09458407428820508, "gamma": 546.1661424816363, "max_depth": 9.0, "min_child_weight": 3922.642756501453, "num_boost_round": 62.0, "subsample": 0.10522316153083816}, "datetime": {"datetime": "2024-01-20 14:33:03", "elapsed": 518.356642, "delta": 0.00083}}
{"target": -13.412685053089394, "params": {"colsample_bytree": 0.5839946835553489, "eta": 0.09458407428820508, "gamma": 546.1661424816363, "max_depth": 9.0, "min_child_weight": 3922.642756501453, "num_boost_round": 63.0, "subsample": 0.10522316153083816}, "datetime": {"datetime": "2024-01-20 14:33:03", "elapsed": 518.357457, "delta": 0.000815}}
{"target": -13.413055386765413, "params": {"colsample_bytree": 0.5839946835553489, "eta": 0.09458407428820508, "gamma": 546.1661424816363, "max_depth": 9.0, "min_child_weight": 3922.642756501453, "num_boost_round": 64.0, "subsample": 0.10522316153083816}, "datetime": {"datetime": "2024-01-20 14:33:03", "elapsed": 518.358235, "delta": 0.000778}}
{"target": -13.41330814687595, "params": {"colsample_bytree": 0.5839946835553489, "eta": 0.09458407428820508, "gamma": 546.1661424816363, "max_depth": 9.0, "min_child_weight": 3922.642756501453, "num_boost_round": 65.0, "subsample": 0.10522316153083816}, "datetime": {"datetime": "2024-01-20 14:33:03", "elapsed": 518.359112, "delta": 0.000877}}
{"target": -13.413717424381298, "params": {"colsample_bytree": 0.5839946835553489, "eta": 0.09458407428820508, "gamma": 546.1661424816363, "max_depth": 9.0, "min_child_weight": 3922.642756501453, "num_boost_round": 66.0, "subsample": 0.10522316153083816}, "datetime": {"datetime": "2024-01-20 14:33:03", "elapsed": 518.359966, "delta": 0.000854}}
{"target": -13.413695597183183, "params": {"colsample_bytree": 0.5839946835553489, "eta": 0.09458407428820508, "gamma": 546.1661424816363, "max_depth": 9.0, "min_child_weight": 3922.642756501453, "num_boost_round": 67.0, "subsample": 0.10522316153083816}, "datetime": {"datetime": "2024-01-20 14:33:03", "elapsed": 518.360857, "delta": 0.000891}}
{"target": -13.414114162925184, "params": {"colsample_bytree": 0.5839946835553489, "eta": 0.09458407428820508, "gamma": 546.1661424816363, "max_depth": 9.0, "min_child_weight": 3922.642756501453, "num_boost_round": 68.0, "subsample": 0.10522316153083816}, "datetime": {"datetime": "2024-01-20 14:33:03", "elapsed": 518.361667, "delta": 0.00081}}
{"target": -13.414194879851934, "params": {"colsample_bytree": 0.5839946835553489, "eta": 0.09458407428820508, "gamma": 546.1661424816363, "max_depth": 9.0, "min_child_weight": 3922.642756501453, "num_boost_round": 69.0, "subsample": 0.10522316153083816}, "datetime": {"datetime": "2024-01-20 14:33:03", "elapsed": 518.36248, "delta": 0.000813}}
{"target": -13.414016122207663, "params": {"colsample_bytree": 0.5839946835553489, "eta": 0.09458407428820508, "gamma": 546.1661424816363, "max_depth": 9.0, "min_child_weight": 3922.642756501453, "num_boost_round": 70.0, "subsample": 0.10522316153083816}, "datetime": {"datetime": "2024-01-20 14:33:03", "elapsed": 518.363302, "delta": 0.000822}}
{"target": -13.414500372027815, "params": {"colsample_bytree": 0.5839946835553489, "eta": 0.09458407428820508, "gamma": 546.1661424816363, "max_depth": 9.0, "min_child_weight": 3922.642756501453, "num_boost_round": 71.0, "subsample": 0.10522316153083816}, "datetime": {"datetime": "2024-01-20 14:33:03", "elapsed": 518.364103, "delta": 0.000801}}
{"target": -13.41447388913177, "params": {"colsample_bytree": 0.5839946835553489, "eta": 0.09458407428820508, "gamma": 546.1661424816363, "max_depth": 9.0, "min_child_weight": 3922.642756501453, "num_boost_round": 72.0, "subsample": 0.10522316153083816}, "datetime": {"datetime": "2024-01-20 14:33:03", "elapsed": 518.364922, "delta": 0.000819}}
{"target": -13.414800965123778, "params": {"colsample_bytree": 0.5839946835553489, "eta": 0.09458407428820508, "gamma": 546.1661424816363, "max_depth": 9.0, "min_child_weight": 3922.642756501453, "num_boost_round": 73.0, "subsample": 0.10522316153083816}, "datetime": {"datetime": "2024-01-20 14:33:03", "elapsed": 518.365741, "delta": 0.000819}}
{"target": -13.414752214514074, "params": {"colsample_bytree": 0.5839946835553489, "eta": 0.09458407428820508, "gamma": 546.1661424816363, "max_depth": 9.0, "min_child_weight": 3922.642756501453, "num_boost_round": 74.0, "subsample": 0.10522316153083816}, "datetime": {"datetime": "2024-01-20 14:33:03", "elapsed": 518.366556, "delta": 0.000815}}
{"target": -13.415015926301564, "params": {"colsample_bytree": 0.5839946835553489, "eta": 0.09458407428820508, "gamma": 546.1661424816363, "max_depth": 9.0, "min_child_weight": 3922.642756501453, "num_boost_round": 75.0, "subsample": 0.10522316153083816}, "datetime": {"datetime": "2024-01-20 14:33:03", "elapsed": 518.367373, "delta": 0.000817}}
{"target": -13.415394232153636, "params": {"colsample_bytree": 0.5839946835553489, "eta": 0.09458407428820508, "gamma": 546.1661424816363, "max_depth": 9.0, "min_child_weight": 3922.642756501453, "num_boost_round": 76.0, "subsample": 0.10522316153083816}, "datetime": {"datetime": "2024-01-20 14:33:03", "elapsed": 518.3682, "delta": 0.000827}}
{"target": -13.415362605120261, "params": {"colsample_bytree": 0.5839946835553489, "eta": 0.09458407428820508, "gamma": 546.1661424816363, "max_depth": 9.0, "min_child_weight": 3922.642756501453, "num_boost_round": 77.0, "subsample": 0.10522316153083816}, "datetime": {"datetime": "2024-01-20 14:33:03", "elapsed": 518.369039, "delta": 0.000839}}
{"target": -13.41564958005159, "params": {"colsample_bytree": 0.5839946835553489, "eta": 0.09458407428820508, "gamma": 546.1661424816363, "max_depth": 9.0, "min_child_weight": 3922.642756501453, "num_boost_round": 78.0, "subsample": 0.10522316153083816}, "datetime": {"datetime": "2024-01-20 14:33:03", "elapsed": 518.369991, "delta": 0.000952}}
{"target": -13.415942570885832, "params": {"colsample_bytree": 0.5839946835553489, "eta": 0.09458407428820508, "gamma": 546.1661424816363, "max_depth": 9.0, "min_child_weight": 3922.642756501453, "num_boost_round": 79.0, "subsample": 0.10522316153083816}, "datetime": {"datetime": "2024-01-20 14:33:03", "elapsed": 518.370807, "delta": 0.000816}}
{"target": -13.41624945743196, "params": {"colsample_bytree": 0.5839946835553489, "eta": 0.09458407428820508, "gamma": 546.1661424816363, "max_depth": 9.0, "min_child_weight": 3922.642756501453, "num_boost_round": 80.0, "subsample": 0.10522316153083816}, "datetime": {"datetime": "2024-01-20 14:33:03", "elapsed": 518.371632, "delta": 0.000825}}
{"target": -13.416166712809265, "params": {"colsample_bytree": 0.5839946835553489, "eta": 0.09458407428820508, "gamma": 546.1661424816363, "max_depth": 9.0, "min_child_weight": 3922.642756501453, "num_boost_round": 81.0, "subsample": 0.10522316153083816}, "datetime": {"datetime": "2024-01-20 14:33:03", "elapsed": 518.372449, "delta": 0.000817}}
{"target": -13.416305832992414, "params": {"colsample_bytree": 0.5839946835553489, "eta": 0.09458407428820508, "gamma": 546.1661424816363, "max_depth": 9.0, "min_child_weight": 3922.642756501453, "num_boost_round": 82.0, "subsample": 0.10522316153083816}, "datetime": {"datetime": "2024-01-20 14:33:03", "elapsed": 518.373282, "delta": 0.000833}}
{"target": -13.416413448682658, "params": {"colsample_bytree": 0.5839946835553489, "eta": 0.09458407428820508, "gamma": 546.1661424816363, "max_depth": 9.0, "min_child_weight": 3922.642756501453, "num_boost_round": 83.0, "subsample": 0.10522316153083816}, "datetime": {"datetime": "2024-01-20 14:33:03", "elapsed": 518.374094, "delta": 0.000812}}
{"target": -13.417008744545065, "params": {"colsample_bytree": 0.5839946835553489, "eta": 0.09458407428820508, "gamma": 546.1661424816363, "max_depth": 9.0, "min_child_weight": 3922.642756501453, "num_boost_round": 84.0, "subsample": 0.10522316153083816}, "datetime": {"datetime": "2024-01-20 14:33:03", "elapsed": 518.374905, "delta": 0.000811}}
{"target": -13.417249369829747, "params": {"colsample_bytree": 0.5839946835553489, "eta": 0.09458407428820508, "gamma": 546.1661424816363, "max_depth": 9.0, "min_child_weight": 3922.642756501453, "num_boost_round": 85.0, "subsample": 0.10522316153083816}, "datetime": {"datetime": "2024-01-20 14:33:03", "elapsed": 518.375719, "delta": 0.000814}}
{"target": -13.417344584149395, "params": {"colsample_bytree": 0.5839946835553489, "eta": 0.09458407428820508, "gamma": 546.1661424816363, "max_depth": 9.0, "min_child_weight": 3922.642756501453, "num_boost_round": 86.0, "subsample": 0.10522316153083816}, "datetime": {"datetime": "2024-01-20 14:33:03", "elapsed": 518.376538, "delta": 0.000819}}
{"target": -13.417822589193797, "params": {"colsample_bytree": 0.5839946835553489, "eta": 0.09458407428820508, "gamma": 546.1661424816363, "max_depth": 9.0, "min_child_weight": 3922.642756501453, "num_boost_round": 87.0, "subsample": 0.10522316153083816}, "datetime": {"datetime": "2024-01-20 14:33:03", "elapsed": 518.377441, "delta": 0.000903}}
{"target": -13.418032375163383, "params": {"colsample_bytree": 0.5839946835553489, "eta": 0.09458407428820508, "gamma": 546.1661424816363, "max_depth": 9.0, "min_child_weight": 3922.642756501453, "num_boost_round": 88.0, "subsample": 0.10522316153083816}, "datetime": {"datetime": "2024-01-20 14:33:03", "elapsed": 518.378615, "delta": 0.001174}}
{"target": -13.418115243453762, "params": {"colsample_bytree": 0.5839946835553489, "eta": 0.09458407428820508, "gamma": 546.1661424816363, "max_depth": 9.0, "min_child_weight": 3922.642756501453, "num_boost_round": 89.0, "subsample": 0.10522316153083816}, "datetime": {"datetime": "2024-01-20 14:33:03", "elapsed": 518.379757, "delta": 0.001142}}
{"target": -13.41820613953488, "params": {"colsample_bytree": 0.5839946835553489, "eta": 0.09458407428820508, "gamma": 546.1661424816363, "max_depth": 9.0, "min_child_weight": 3922.642756501453, "num_boost_round": 90.0, "subsample": 0.10522316153083816}, "datetime": {"datetime": "2024-01-20 14:33:03", "elapsed": 518.380754, "delta": 0.000997}}
{"target": -13.418433361950875, "params": {"colsample_bytree": 0.5839946835553489, "eta": 0.09458407428820508, "gamma": 546.1661424816363, "max_depth": 9.0, "min_child_weight": 3922.642756501453, "num_boost_round": 91.0, "subsample": 0.10522316153083816}, "datetime": {"datetime": "2024-01-20 14:33:03", "elapsed": 518.381724, "delta": 0.00097}}
{"target": -13.418788818872654, "params": {"colsample_bytree": 0.5839946835553489, "eta": 0.09458407428820508, "gamma": 546.1661424816363, "max_depth": 9.0, "min_child_weight": 3922.642756501453, "num_boost_round": 92.0, "subsample": 0.10522316153083816}, "datetime": {"datetime": "2024-01-20 14:33:03", "elapsed": 518.382696, "delta": 0.000972}}
{"target": -13.418904976024983, "params": {"colsample_bytree": 0.5839946835553489, "eta": 0.09458407428820508, "gamma": 546.1661424816363, "max_depth": 9.0, "min_child_weight": 3922.642756501453, "num_boost_round": 93.0, "subsample": 0.10522316153083816}, "datetime": {"datetime": "2024-01-20 14:33:03", "elapsed": 518.383536, "delta": 0.00084}}
{"target": -13.419125813654642, "params": {"colsample_bytree": 0.5839946835553489, "eta": 0.09458407428820508, "gamma": 546.1661424816363, "max_depth": 9.0, "min_child_weight": 3922.642756501453, "num_boost_round": 94.0, "subsample": 0.10522316153083816}, "datetime": {"datetime": "2024-01-20 14:33:03", "elapsed": 518.384417, "delta": 0.000881}}
{"target": -13.41915319748003, "params": {"colsample_bytree": 0.5839946835553489, "eta": 0.09458407428820508, "gamma": 546.1661424816363, "max_depth": 9.0, "min_child_weight": 3922.642756501453, "num_boost_round": 95.0, "subsample": 0.10522316153083816}, "datetime": {"datetime": "2024-01-20 14:33:03", "elapsed": 518.385602, "delta": 0.001185}}
{"target": -13.419180856493616, "params": {"colsample_bytree": 0.5839946835553489, "eta": 0.09458407428820508, "gamma": 546.1661424816363, "max_depth": 9.0, "min_child_weight": 3922.642756501453, "num_boost_round": 96.0, "subsample": 0.10522316153083816}, "datetime": {"datetime": "2024-01-20 14:33:03", "elapsed": 518.386965, "delta": 0.001363}}
{"target": -13.419600497250748, "params": {"colsample_bytree": 0.5839946835553489, "eta": 0.09458407428820508, "gamma": 546.1661424816363, "max_depth": 9.0, "min_child_weight": 3922.642756501453, "num_boost_round": 97.0, "subsample": 0.10522316153083816}, "datetime": {"datetime": "2024-01-20 14:33:03", "elapsed": 518.388268, "delta": 0.001303}}
{"target": -13.420135072070519, "params": {"colsample_bytree": 0.5839946835553489, "eta": 0.09458407428820508, "gamma": 546.1661424816363, "max_depth": 9.0, "min_child_weight": 3922.642756501453, "num_boost_round": 98.0, "subsample": 0.10522316153083816}, "datetime": {"datetime": "2024-01-20 14:33:03", "elapsed": 518.389379, "delta": 0.001111}}
{"target": -13.420193168513496, "params": {"colsample_bytree": 0.5839946835553489, "eta": 0.09458407428820508, "gamma": 546.1661424816363, "max_depth": 9.0, "min_child_weight": 3922.642756501453, "num_boost_round": 99.0, "subsample": 0.10522316153083816}, "datetime": {"datetime": "2024-01-20 14:33:03", "elapsed": 518.390661, "delta": 0.001282}}
{"target": -13.420513391245306, "params": {"colsample_bytree": 0.5839946835553489, "eta": 0.09458407428820508, "gamma": 546.1661424816363, "max_depth": 9.0, "min_child_weight": 3922.642756501453, "num_boost_round": 100.0, "subsample": 0.10522316153083816}, "datetime": {"datetime": "2024-01-20 14:33:03", "elapsed": 518.391999, "delta": 0.001338}}
{"target": -13.420845756470417, "params": {"colsample_bytree": 0.5839946835553489, "eta": 0.09458407428820508, "gamma": 546.1661424816363, "max_depth": 9.0, "min_child_weight": 3922.642756501453, "num_boost_round": 101.0, "subsample": 0.10522316153083816}, "datetime": {"datetime": "2024-01-20 14:33:03", "elapsed": 518.393253, "delta": 0.001254}}
{"target": -13.421196228107377, "params": {"colsample_bytree": 0.5839946835553489, "eta": 0.09458407428820508, "gamma": 546.1661424816363, "max_depth": 9.0, "min_child_weight": 3922.642756501453, "num_boost_round": 102.0, "subsample": 0.10522316153083816}, "datetime": {"datetime": "2024-01-20 14:33:03", "elapsed": 518.394331, "delta": 0.001078}}
{"target": -13.421110104742118, "params": {"colsample_bytree": 0.5839946835553489, "eta": 0.09458407428820508, "gamma": 546.1661424816363, "max_depth": 9.0, "min_child_weight": 3922.642756501453, "num_boost_round": 103.0, "subsample": 0.10522316153083816}, "datetime": {"datetime": "2024-01-20 14:33:03", "elapsed": 518.395238, "delta": 0.000907}}
{"target": -13.421365957793878, "params": {"colsample_bytree": 0.5839946835553489, "eta": 0.09458407428820508, "gamma": 546.1661424816363, "max_depth": 9.0, "min_child_weight": 3922.642756501453, "num_boost_round": 104.0, "subsample": 0.10522316153083816}, "datetime": {"datetime": "2024-01-20 14:33:03", "elapsed": 518.396133, "delta": 0.000895}}
{"target": -13.421561030288096, "params": {"colsample_bytree": 0.5839946835553489, "eta": 0.09458407428820508, "gamma": 546.1661424816363, "max_depth": 9.0, "min_child_weight": 3922.642756501453, "num_boost_round": 105.0, "subsample": 0.10522316153083816}, "datetime": {"datetime": "2024-01-20 14:33:03", "elapsed": 518.397016, "delta": 0.000883}}
{"target": -13.42187540802399, "params": {"colsample_bytree": 0.5839946835553489, "eta": 0.09458407428820508, "gamma": 546.1661424816363, "max_depth": 9.0, "min_child_weight": 3922.642756501453, "num_boost_round": 106.0, "subsample": 0.10522316153083816}, "datetime": {"datetime": "2024-01-20 14:33:03", "elapsed": 518.397916, "delta": 0.0009}}
{"target": -13.397987962089644, "params": {"colsample_bytree": 0.8539232106285237, "eta": 0.06627100883443217, "gamma": 473.2769223282339, "max_depth": 2.0, "min_child_weight": 3664.097786391655, "num_boost_round": 1.0, "subsample": 0.9586580522101928}, "datetime": {"datetime": "2024-01-20 14:33:18", "elapsed": 532.812058, "delta": 14.414142}}
{"target": -13.398128071769117, "params": {"colsample_bytree": 0.8539232106285237, "eta": 0.06627100883443217, "gamma": 473.2769223282339, "max_depth": 2.0, "min_child_weight": 3664.097786391655, "num_boost_round": 2.0, "subsample": 0.9586580522101928}, "datetime": {"datetime": "2024-01-20 14:33:18", "elapsed": 532.814016, "delta": 0.001958}}
{"target": -13.39772596757042, "params": {"colsample_bytree": 0.7367056989728403, "eta": 0.03939358148451537, "gamma": 452.57271005127296, "max_depth": 4.0, "min_child_weight": 3911.677504529308, "num_boost_round": 1.0, "subsample": 0.3615066783131178}, "datetime": {"datetime": "2024-01-20 14:33:48", "elapsed": 563.474163, "delta": 30.660147}}
{"target": -13.397427735909714, "params": {"colsample_bytree": 0.7367056989728403, "eta": 0.03939358148451537, "gamma": 452.57271005127296, "max_depth": 4.0, "min_child_weight": 3911.677504529308, "num_boost_round": 2.0, "subsample": 0.3615066783131178}, "datetime": {"datetime": "2024-01-20 14:33:48", "elapsed": 563.475409, "delta": 0.001246}}
{"target": -13.397249649232858, "params": {"colsample_bytree": 0.7367056989728403, "eta": 0.03939358148451537, "gamma": 452.57271005127296, "max_depth": 4.0, "min_child_weight": 3911.677504529308, "num_boost_round": 3.0, "subsample": 0.3615066783131178}, "datetime": {"datetime": "2024-01-20 14:33:48", "elapsed": 563.476614, "delta": 0.001205}}
{"target": -13.397222431407549, "params": {"colsample_bytree": 0.7367056989728403, "eta": 0.03939358148451537, "gamma": 452.57271005127296, "max_depth": 4.0, "min_child_weight": 3911.677504529308, "num_boost_round": 4.0, "subsample": 0.3615066783131178}, "datetime": {"datetime": "2024-01-20 14:33:48", "elapsed": 563.478207, "delta": 0.001593}}
{"target": -13.397167219309058, "params": {"colsample_bytree": 0.7367056989728403, "eta": 0.03939358148451537, "gamma": 452.57271005127296, "max_depth": 4.0, "min_child_weight": 3911.677504529308, "num_boost_round": 5.0, "subsample": 0.3615066783131178}, "datetime": {"datetime": "2024-01-20 14:33:48", "elapsed": 563.479214, "delta": 0.001007}}
{"target": -13.39699628494774, "params": {"colsample_bytree": 0.7367056989728403, "eta": 0.03939358148451537, "gamma": 452.57271005127296, "max_depth": 4.0, "min_child_weight": 3911.677504529308, "num_boost_round": 6.0, "subsample": 0.3615066783131178}, "datetime": {"datetime": "2024-01-20 14:33:48", "elapsed": 563.48015, "delta": 0.000936}}
{"target": -13.3971486466361, "params": {"colsample_bytree": 0.7367056989728403, "eta": 0.03939358148451537, "gamma": 452.57271005127296, "max_depth": 4.0, "min_child_weight": 3911.677504529308, "num_boost_round": 7.0, "subsample": 0.3615066783131178}, "datetime": {"datetime": "2024-01-20 14:33:48", "elapsed": 563.481066, "delta": 0.000916}}
{"target": -13.397231252843874, "params": {"colsample_bytree": 0.7367056989728403, "eta": 0.03939358148451537, "gamma": 452.57271005127296, "max_depth": 4.0, "min_child_weight": 3911.677504529308, "num_boost_round": 8.0, "subsample": 0.3615066783131178}, "datetime": {"datetime": "2024-01-20 14:33:48", "elapsed": 563.482082, "delta": 0.001016}}
{"target": -13.397391137496657, "params": {"colsample_bytree": 0.7367056989728403, "eta": 0.03939358148451537, "gamma": 452.57271005127296, "max_depth": 4.0, "min_child_weight": 3911.677504529308, "num_boost_round": 9.0, "subsample": 0.3615066783131178}, "datetime": {"datetime": "2024-01-20 14:33:48", "elapsed": 563.483018, "delta": 0.000936}}
{"target": -13.397484335412372, "params": {"colsample_bytree": 0.7367056989728403, "eta": 0.03939358148451537, "gamma": 452.57271005127296, "max_depth": 4.0, "min_child_weight": 3911.677504529308, "num_boost_round": 10.0, "subsample": 0.3615066783131178}, "datetime": {"datetime": "2024-01-20 14:33:48", "elapsed": 563.483925, "delta": 0.000907}}
{"target": -13.397539587467366, "params": {"colsample_bytree": 0.7367056989728403, "eta": 0.03939358148451537, "gamma": 452.57271005127296, "max_depth": 4.0, "min_child_weight": 3911.677504529308, "num_boost_round": 11.0, "subsample": 0.3615066783131178}, "datetime": {"datetime": "2024-01-20 14:33:48", "elapsed": 563.484819, "delta": 0.000894}}
{"target": -13.397715274609341, "params": {"colsample_bytree": 0.7367056989728403, "eta": 0.03939358148451537, "gamma": 452.57271005127296, "max_depth": 4.0, "min_child_weight": 3911.677504529308, "num_boost_round": 12.0, "subsample": 0.3615066783131178}, "datetime": {"datetime": "2024-01-20 14:33:48", "elapsed": 563.485736, "delta": 0.000917}}
