{"target": -13.732220474701847, "params": {"colsample_bytree": 0.7612416317933677, "eta": 0.04466856864009099, "gamma": 548.0683730191749, "max_depth": 4.0, "min_child_weight": 3215.7657353904865, "num_boost_round": 2.0, "subsample": 0.11900891956158631}, "datetime": {"datetime": "2024-01-20 17:46:45", "elapsed": 12166.515845, "delta": 0.005624}}
{"target": -13.733037639931506, "params": {"colsample_bytree": 0.7612416317933677, "eta": 0.04466856864009099, "gamma": 548.0683730191749, "max_depth": 4.0, "min_child_weight": 3215.7657353904865, "num_boost_round": 3.0, "subsample": 0.11900891956158631}, "datetime": {"datetime": "2024-01-20 17:46:45", "elapsed": 12166.519583, "delta": 0.003738}}
{"target": -13.733960495461977, "params": {"colsample_bytree": 0.7612416317933677, "eta": 0.04466856864009099, "gamma": 548.0683730191749, "max_depth": 4.0, "min_child_weight": 3215.7657353904865, "num_boost_round": 4.0, "subsample": 0.11900891956158631}, "datetime": {"datetime": "2024-01-20 17:46:45", "elapsed": 12166.523039, "delta": 0.003456}}
{"target": -13.73469728116655, "params": {"colsample_bytree": 0.7612416317933677, "eta": 0.04466856864009099, "gamma": 548.0683730191749, "max_depth": 4.0, "min_child_weight": 3215.7657353904865, "num_boost_round": 5.0, "subsample": 0.11900891956158631}, "datetime": {"datetime": "2024-01-20 17:46:45", "elapsed": 12166.526671, "delta": 0.003632}}
{"target": -13.735251928576453, "params": {"colsample_bytree": 0.7612416317933677, "eta": 0.04466856864009099, "gamma": 548.0683730191749, "max_depth": 4.0, "min_child_weight": 3215.7657353904865, "num_boost_round": 6.0, "subsample": 0.11900891956158631}, "datetime": {"datetime": "2024-01-20 17:46:45", "elapsed": 12166.530319, "delta": 0.003648}}
{"target": -13.735966900150041, "params": {"colsample_bytree": 0.7612416317933677, "eta": 0.04466856864009099, "gamma": 548.0683730191749, "max_depth": 4.0, "min_child_weight": 3215.7657353904865, "num_boost_round": 7.0, "subsample": 0.11900891956158631}, "datetime": {"datetime": "2024-01-20 17:46:45", "elapsed": 12166.534006, "delta": 0.003687}}
{"target": -13.736928857634757, "params": {"colsample_bytree": 0.7612416317933677, "eta": 0.04466856864009099, "gamma": 548.0683730191749, "max_depth": 4.0, "min_child_weight": 3215.7657353904865, "num_boost_round": 8.0, "subsample": 0.11900891956158631}, "datetime": {"datetime": "2024-01-20 17:46:45", "elapsed": 12166.538132, "delta": 0.004126}}
{"target": -13.73764302797759, "params": {"colsample_bytree": 0.7612416317933677, "eta": 0.04466856864009099, "gamma": 548.0683730191749, "max_depth": 4.0, "min_child_weight": 3215.7657353904865, "num_boost_round": 9.0, "subsample": 0.11900891956158631}, "datetime": {"datetime": "2024-01-20 17:46:45", "elapsed": 12166.54178, "delta": 0.003648}}
{"target": -13.738387577705357, "params": {"colsample_bytree": 0.7612416317933677, "eta": 0.04466856864009099, "gamma": 548.0683730191749, "max_depth": 4.0, "min_child_weight": 3215.7657353904865, "num_boost_round": 10.0, "subsample": 0.11900891956158631}, "datetime": {"datetime": "2024-01-20 17:46:45", "elapsed": 12166.545388, "delta": 0.003608}}
{"target": -13.73903450393826, "params": {"colsample_bytree": 0.7612416317933677, "eta": 0.04466856864009099, "gamma": 548.0683730191749, "max_depth": 4.0, "min_child_weight": 3215.7657353904865, "num_boost_round": 11.0, "subsample": 0.11900891956158631}, "datetime": {"datetime": "2024-01-20 17:46:45", "elapsed": 12166.54889, "delta": 0.003502}}
{"target": -13.739542282141691, "params": {"colsample_bytree": 0.7612416317933677, "eta": 0.04466856864009099, "gamma": 548.0683730191749, "max_depth": 4.0, "min_child_weight": 3215.7657353904865, "num_boost_round": 12.0, "subsample": 0.11900891956158631}, "datetime": {"datetime": "2024-01-20 17:46:45", "elapsed": 12166.552388, "delta": 0.003498}}
{"target": -13.74030594846582, "params": {"colsample_bytree": 0.7612416317933677, "eta": 0.04466856864009099, "gamma": 548.0683730191749, "max_depth": 4.0, "min_child_weight": 3215.7657353904865, "num_boost_round": 13.0, "subsample": 0.11900891956158631}, "datetime": {"datetime": "2024-01-20 17:46:45", "elapsed": 12166.555968, "delta": 0.00358}}
{"target": -13.741166323691218, "params": {"colsample_bytree": 0.7612416317933677, "eta": 0.04466856864009099, "gamma": 548.0683730191749, "max_depth": 4.0, "min_child_weight": 3215.7657353904865, "num_boost_round": 14.0, "subsample": 0.11900891956158631}, "datetime": {"datetime": "2024-01-20 17:46:45", "elapsed": 12166.559643, "delta": 0.003675}}
{"target": -13.741785151096323, "params": {"colsample_bytree": 0.7612416317933677, "eta": 0.04466856864009099, "gamma": 548.0683730191749, "max_depth": 4.0, "min_child_weight": 3215.7657353904865, "num_boost_round": 15.0, "subsample": 0.11900891956158631}, "datetime": {"datetime": "2024-01-20 17:46:45", "elapsed": 12166.563127, "delta": 0.003484}}
{"target": -13.742385495824864, "params": {"colsample_bytree": 0.7612416317933677, "eta": 0.04466856864009099, "gamma": 548.0683730191749, "max_depth": 4.0, "min_child_weight": 3215.7657353904865, "num_boost_round": 16.0, "subsample": 0.11900891956158631}, "datetime": {"datetime": "2024-01-20 17:46:45", "elapsed": 12166.566647, "delta": 0.00352}}
{"target": -13.742983495079114, "params": {"colsample_bytree": 0.7612416317933677, "eta": 0.04466856864009099, "gamma": 548.0683730191749, "max_depth": 4.0, "min_child_weight": 3215.7657353904865, "num_boost_round": 17.0, "subsample": 0.11900891956158631}, "datetime": {"datetime": "2024-01-20 17:46:45", "elapsed": 12166.570187, "delta": 0.00354}}
{"target": -13.743434054072601, "params": {"colsample_bytree": 0.7612416317933677, "eta": 0.04466856864009099, "gamma": 548.0683730191749, "max_depth": 4.0, "min_child_weight": 3215.7657353904865, "num_boost_round": 18.0, "subsample": 0.11900891956158631}, "datetime": {"datetime": "2024-01-20 17:46:45", "elapsed": 12166.573781, "delta": 0.003594}}
{"target": -13.744001190768905, "params": {"colsample_bytree": 0.7612416317933677, "eta": 0.04466856864009099, "gamma": 548.0683730191749, "max_depth": 4.0, "min_child_weight": 3215.7657353904865, "num_boost_round": 19.0, "subsample": 0.11900891956158631}, "datetime": {"datetime": "2024-01-20 17:46:45", "elapsed": 12166.577554, "delta": 0.003773}}
{"target": -13.74456326698162, "params": {"colsample_bytree": 0.7612416317933677, "eta": 0.04466856864009099, "gamma": 548.0683730191749, "max_depth": 4.0, "min_child_weight": 3215.7657353904865, "num_boost_round": 20.0, "subsample": 0.11900891956158631}, "datetime": {"datetime": "2024-01-20 17:46:45", "elapsed": 12166.581827, "delta": 0.004273}}
{"target": -13.745150637854554, "params": {"colsample_bytree": 0.7612416317933677, "eta": 0.04466856864009099, "gamma": 548.0683730191749, "max_depth": 4.0, "min_child_weight": 3215.7657353904865, "num_boost_round": 21.0, "subsample": 0.11900891956158631}, "datetime": {"datetime": "2024-01-20 17:46:45", "elapsed": 12166.586438, "delta": 0.004611}}
{"target": -13.745529417823306, "params": {"colsample_bytree": 0.7612416317933677, "eta": 0.04466856864009099, "gamma": 548.0683730191749, "max_depth": 4.0, "min_child_weight": 3215.7657353904865, "num_boost_round": 22.0, "subsample": 0.11900891956158631}, "datetime": {"datetime": "2024-01-20 17:46:45", "elapsed": 12166.590724, "delta": 0.004286}}
{"target": -13.745946879455385, "params": {"colsample_bytree": 0.7612416317933677, "eta": 0.04466856864009099, "gamma": 548.0683730191749, "max_depth": 4.0, "min_child_weight": 3215.7657353904865, "num_boost_round": 23.0, "subsample": 0.11900891956158631}, "datetime": {"datetime": "2024-01-20 17:46:45", "elapsed": 12166.595015, "delta": 0.004291}}
{"target": -13.746289807480615, "params": {"colsample_bytree": 0.7612416317933677, "eta": 0.04466856864009099, "gamma": 548.0683730191749, "max_depth": 4.0, "min_child_weight": 3215.7657353904865, "num_boost_round": 24.0, "subsample": 0.11900891956158631}, "datetime": {"datetime": "2024-01-20 17:46:45", "elapsed": 12166.598795, "delta": 0.00378}}
{"target": -13.746632009492124, "params": {"colsample_bytree": 0.7612416317933677, "eta": 0.04466856864009099, "gamma": 548.0683730191749, "max_depth": 4.0, "min_child_weight": 3215.7657353904865, "num_boost_round": 25.0, "subsample": 0.11900891956158631}, "datetime": {"datetime": "2024-01-20 17:46:45", "elapsed": 12166.60234, "delta": 0.003545}}
{"target": -13.747053455351706, "params": {"colsample_bytree": 0.7612416317933677, "eta": 0.04466856864009099, "gamma": 548.0683730191749, "max_depth": 4.0, "min_child_weight": 3215.7657353904865, "num_boost_round": 26.0, "subsample": 0.11900891956158631}, "datetime": {"datetime": "2024-01-20 17:46:45", "elapsed": 12166.606031, "delta": 0.003691}}
{"target": -13.747556456130491, "params": {"colsample_bytree": 0.7612416317933677, "eta": 0.04466856864009099, "gamma": 548.0683730191749, "max_depth": 4.0, "min_child_weight": 3215.7657353904865, "num_boost_round": 27.0, "subsample": 0.11900891956158631}, "datetime": {"datetime": "2024-01-20 17:46:45", "elapsed": 12166.609518, "delta": 0.003487}}
{"target": -13.74794067924886, "params": {"colsample_bytree": 0.7612416317933677, "eta": 0.04466856864009099, "gamma": 548.0683730191749, "max_depth": 4.0, "min_child_weight": 3215.7657353904865, "num_boost_round": 28.0, "subsample": 0.11900891956158631}, "datetime": {"datetime": "2024-01-20 17:46:45", "elapsed": 12166.613008, "delta": 0.00349}}
{"target": -13.748522924570969, "params": {"colsample_bytree": 0.7612416317933677, "eta": 0.04466856864009099, "gamma": 548.0683730191749, "max_depth": 4.0, "min_child_weight": 3215.7657353904865, "num_boost_round": 29.0, "subsample": 0.11900891956158631}, "datetime": {"datetime": "2024-01-20 17:46:45", "elapsed": 12166.616486, "delta": 0.003478}}
{"target": -13.748894790740522, "params": {"colsample_bytree": 0.7612416317933677, "eta": 0.04466856864009099, "gamma": 548.0683730191749, "max_depth": 4.0, "min_child_weight": 3215.7657353904865, "num_boost_round": 30.0, "subsample": 0.11900891956158631}, "datetime": {"datetime": "2024-01-20 17:46:45", "elapsed": 12166.619986, "delta": 0.0035}}
{"target": -13.749258348236772, "params": {"colsample_bytree": 0.7612416317933677, "eta": 0.04466856864009099, "gamma": 548.0683730191749, "max_depth": 4.0, "min_child_weight": 3215.7657353904865, "num_boost_round": 31.0, "subsample": 0.11900891956158631}, "datetime": {"datetime": "2024-01-20 17:46:45", "elapsed": 12166.623676, "delta": 0.00369}}
{"target": -13.74984534409872, "params": {"colsample_bytree": 0.7612416317933677, "eta": 0.04466856864009099, "gamma": 548.0683730191749, "max_depth": 4.0, "min_child_weight": 3215.7657353904865, "num_boost_round": 32.0, "subsample": 0.11900891956158631}, "datetime": {"datetime": "2024-01-20 17:46:45", "elapsed": 12166.627167, "delta": 0.003491}}
{"target": -13.750312766148635, "params": {"colsample_bytree": 0.7612416317933677, "eta": 0.04466856864009099, "gamma": 548.0683730191749, "max_depth": 4.0, "min_child_weight": 3215.7657353904865, "num_boost_round": 33.0, "subsample": 0.11900891956158631}, "datetime": {"datetime": "2024-01-20 17:46:45", "elapsed": 12166.630743, "delta": 0.003576}}
{"target": -13.750441998251436, "params": {"colsample_bytree": 0.7612416317933677, "eta": 0.04466856864009099, "gamma": 548.0683730191749, "max_depth": 4.0, "min_child_weight": 3215.7657353904865, "num_boost_round": 34.0, "subsample": 0.11900891956158631}, "datetime": {"datetime": "2024-01-20 17:46:45", "elapsed": 12166.634227, "delta": 0.003484}}
{"target": -13.75079591381889, "params": {"colsample_bytree": 0.7612416317933677, "eta": 0.04466856864009099, "gamma": 548.0683730191749, "max_depth": 4.0, "min_child_weight": 3215.7657353904865, "num_boost_round": 35.0, "subsample": 0.11900891956158631}, "datetime": {"datetime": "2024-01-20 17:46:45", "elapsed": 12166.638761, "delta": 0.004534}}
{"target": -13.751272014024607, "params": {"colsample_bytree": 0.7612416317933677, "eta": 0.04466856864009099, "gamma": 548.0683730191749, "max_depth": 4.0, "min_child_weight": 3215.7657353904865, "num_boost_round": 36.0, "subsample": 0.11900891956158631}, "datetime": {"datetime": "2024-01-20 17:46:45", "elapsed": 12166.642549, "delta": 0.003788}}
{"target": -13.751620097455595, "params": {"colsample_bytree": 0.7612416317933677, "eta": 0.04466856864009099, "gamma": 548.0683730191749, "max_depth": 4.0, "min_child_weight": 3215.7657353904865, "num_boost_round": 37.0, "subsample": 0.11900891956158631}, "datetime": {"datetime": "2024-01-20 17:46:45", "elapsed": 12166.646174, "delta": 0.003625}}
{"target": -13.751818857868486, "params": {"colsample_bytree": 0.7612416317933677, "eta": 0.04466856864009099, "gamma": 548.0683730191749, "max_depth": 4.0, "min_child_weight": 3215.7657353904865, "num_boost_round": 38.0, "subsample": 0.11900891956158631}, "datetime": {"datetime": "2024-01-20 17:46:45", "elapsed": 12166.6499, "delta": 0.003726}}
{"target": -13.731235730559508, "params": {"colsample_bytree": 0.1827298762984667, "eta": 0.027355469370717825, "gamma": 11.634855504793373, "max_depth": 4.0, "min_child_weight": 4549.221168608315, "num_boost_round": 1.0, "subsample": 0.3074238432488444}, "datetime": {"datetime": "2024-01-20 17:47:46", "elapsed": 12227.517679, "delta": 60.867779}}
{"target": -13.731455210184018, "params": {"colsample_bytree": 0.1827298762984667, "eta": 0.027355469370717825, "gamma": 11.634855504793373, "max_depth": 4.0, "min_child_weight": 4549.221168608315, "num_boost_round": 2.0, "subsample": 0.3074238432488444}, "datetime": {"datetime": "2024-01-20 17:47:46", "elapsed": 12227.522938, "delta": 0.005259}}
{"target": -13.73165327328444, "params": {"colsample_bytree": 0.1827298762984667, "eta": 0.027355469370717825, "gamma": 11.634855504793373, "max_depth": 4.0, "min_child_weight": 4549.221168608315, "num_boost_round": 3.0, "subsample": 0.3074238432488444}, "datetime": {"datetime": "2024-01-20 17:47:46", "elapsed": 12227.526947, "delta": 0.004009}}
{"target": -13.731848052581984, "params": {"colsample_bytree": 0.1827298762984667, "eta": 0.027355469370717825, "gamma": 11.634855504793373, "max_depth": 4.0, "min_child_weight": 4549.221168608315, "num_boost_round": 4.0, "subsample": 0.3074238432488444}, "datetime": {"datetime": "2024-01-20 17:47:46", "elapsed": 12227.530532, "delta": 0.003585}}
{"target": -13.73216574867096, "params": {"colsample_bytree": 0.1827298762984667, "eta": 0.027355469370717825, "gamma": 11.634855504793373, "max_depth": 4.0, "min_child_weight": 4549.221168608315, "num_boost_round": 5.0, "subsample": 0.3074238432488444}, "datetime": {"datetime": "2024-01-20 17:47:46", "elapsed": 12227.53433, "delta": 0.003798}}
{"target": -13.732539070349013, "params": {"colsample_bytree": 0.1827298762984667, "eta": 0.027355469370717825, "gamma": 11.634855504793373, "max_depth": 4.0, "min_child_weight": 4549.221168608315, "num_boost_round": 6.0, "subsample": 0.3074238432488444}, "datetime": {"datetime": "2024-01-20 17:47:46", "elapsed": 12227.538511, "delta": 0.004181}}
{"target": -13.732756168224348, "params": {"colsample_bytree": 0.1827298762984667, "eta": 0.027355469370717825, "gamma": 11.634855504793373, "max_depth": 4.0, "min_child_weight": 4549.221168608315, "num_boost_round": 7.0, "subsample": 0.3074238432488444}, "datetime": {"datetime": "2024-01-20 17:47:46", "elapsed": 12227.542244, "delta": 0.003733}}
{"target": -13.732829074597749, "params": {"colsample_bytree": 0.1827298762984667, "eta": 0.027355469370717825, "gamma": 11.634855504793373, "max_depth": 4.0, "min_child_weight": 4549.221168608315, "num_boost_round": 8.0, "subsample": 0.3074238432488444}, "datetime": {"datetime": "2024-01-20 17:47:46", "elapsed": 12227.545863, "delta": 0.003619}}
{"target": -13.73311687160484, "params": {"colsample_bytree": 0.1827298762984667, "eta": 0.027355469370717825, "gamma": 11.634855504793373, "max_depth": 4.0, "min_child_weight": 4549.221168608315, "num_boost_round": 9.0, "subsample": 0.3074238432488444}, "datetime": {"datetime": "2024-01-20 17:47:46", "elapsed": 12227.549384, "delta": 0.003521}}
{"target": -13.733267985154818, "params": {"colsample_bytree": 0.1827298762984667, "eta": 0.027355469370717825, "gamma": 11.634855504793373, "max_depth": 4.0, "min_child_weight": 4549.221168608315, "num_boost_round": 10.0, "subsample": 0.3074238432488444}, "datetime": {"datetime": "2024-01-20 17:47:46", "elapsed": 12227.55291, "delta": 0.003526}}
{"target": -13.733515377664215, "params": {"colsample_bytree": 0.1827298762984667, "eta": 0.027355469370717825, "gamma": 11.634855504793373, "max_depth": 4.0, "min_child_weight": 4549.221168608315, "num_boost_round": 11.0, "subsample": 0.3074238432488444}, "datetime": {"datetime": "2024-01-20 17:47:46", "elapsed": 12227.556481, "delta": 0.003571}}
{"target": -13.733591544762653, "params": {"colsample_bytree": 0.1827298762984667, "eta": 0.027355469370717825, "gamma": 11.634855504793373, "max_depth": 4.0, "min_child_weight": 4549.221168608315, "num_boost_round": 12.0, "subsample": 0.3074238432488444}, "datetime": {"datetime": "2024-01-20 17:47:46", "elapsed": 12227.560123, "delta": 0.003642}}
{"target": -13.733653512789873, "params": {"colsample_bytree": 0.1827298762984667, "eta": 0.027355469370717825, "gamma": 11.634855504793373, "max_depth": 4.0, "min_child_weight": 4549.221168608315, "num_boost_round": 13.0, "subsample": 0.3074238432488444}, "datetime": {"datetime": "2024-01-20 17:47:46", "elapsed": 12227.563696, "delta": 0.003573}}
{"target": -13.731277325173192, "params": {"colsample_bytree": 0.24446963715532052, "eta": 0.034527101672135664, "gamma": 492.21840351343405, "max_depth": 5.0, "min_child_weight": 3639.9842546028904, "num_boost_round": 1.0, "subsample": 0.5093825202299617}, "datetime": {"datetime": "2024-01-20 17:48:31", "elapsed": 12272.370735, "delta": 44.807039}}
{"target": -13.73147700062848, "params": {"colsample_bytree": 0.32932985052197655, "eta": 0.051418845840795854, "gamma": 198.0939011424736, "max_depth": 3.0, "min_child_weight": 3416.627886737749, "num_boost_round": 1.0, "subsample": 0.2528503005058286}, "datetime": {"datetime": "2024-01-20 17:48:59", "elapsed": 12299.951873, "delta": 27.581138}}
{"target": -13.732056253945995, "params": {"colsample_bytree": 0.32932985052197655, "eta": 0.051418845840795854, "gamma": 198.0939011424736, "max_depth": 3.0, "min_child_weight": 3416.627886737749, "num_boost_round": 2.0, "subsample": 0.2528503005058286}, "datetime": {"datetime": "2024-01-20 17:48:59", "elapsed": 12299.955897, "delta": 0.004024}}
{"target": -13.731983720298743, "params": {"colsample_bytree": 0.1, "eta": 0.1, "gamma": 541.4915464844398, "max_depth": 2.0, "min_child_weight": 4494.007326460454, "num_boost_round": 1.0, "subsample": 0.1}, "datetime": {"datetime": "2024-01-20 17:49:32", "elapsed": 12333.327421, "delta": 33.371524}}
{"target": -13.731974226957542, "params": {"colsample_bytree": 0.3240501346986689, "eta": 0.0832055265178772, "gamma": 460.0581032529137, "max_depth": 8.0, "min_child_weight": 3221.248477510447, "num_boost_round": 1.0, "subsample": 0.9678907032194509}, "datetime": {"datetime": "2024-01-20 17:50:12", "elapsed": 12372.975196, "delta": 39.647775}}
{"target": -13.731428576574022, "params": {"colsample_bytree": 0.9246291208733493, "eta": 0.01646954757315094, "gamma": 934.8438323944168, "max_depth": 8.0, "min_child_weight": 3754.2309108395584, "num_boost_round": 1.0, "subsample": 0.36984218861557994}, "datetime": {"datetime": "2024-01-20 17:50:52", "elapsed": 12413.227843, "delta": 40.252647}}
{"target": -13.731048110644593, "params": {"colsample_bytree": 0.3088106903809751, "eta": 0.0040559504470980955, "gamma": 104.84295688734323, "max_depth": 3.0, "min_child_weight": 4565.346346766078, "num_boost_round": 1.0, "subsample": 0.7185043623442107}, "datetime": {"datetime": "2024-01-20 17:51:27", "elapsed": 12447.987808, "delta": 34.759965}}
{"target": -13.733670261174726, "params": {"colsample_bytree": 0.6199644399413529, "eta": 0.09763842907500593, "gamma": 794.4131564910426, "max_depth": 9.0, "min_child_weight": 3613.5981974700458, "num_boost_round": 1.0, "subsample": 0.5372189805431591}, "datetime": {"datetime": "2024-01-20 17:52:00", "elapsed": 12481.262883, "delta": 33.275075}}
{"target": -13.736158840581146, "params": {"colsample_bytree": 0.6199644399413529, "eta": 0.09763842907500593, "gamma": 794.4131564910426, "max_depth": 9.0, "min_child_weight": 3613.5981974700458, "num_boost_round": 2.0, "subsample": 0.5372189805431591}, "datetime": {"datetime": "2024-01-20 17:52:00", "elapsed": 12481.268792, "delta": 0.005909}}
{"target": -13.738720954787983, "params": {"colsample_bytree": 0.6199644399413529, "eta": 0.09763842907500593, "gamma": 794.4131564910426, "max_depth": 9.0, "min_child_weight": 3613.5981974700458, "num_boost_round": 3.0, "subsample": 0.5372189805431591}, "datetime": {"datetime": "2024-01-20 17:52:00", "elapsed": 12481.273326, "delta": 0.004534}}
{"target": -13.741800408351663, "params": {"colsample_bytree": 0.6199644399413529, "eta": 0.09763842907500593, "gamma": 794.4131564910426, "max_depth": 9.0, "min_child_weight": 3613.5981974700458, "num_boost_round": 4.0, "subsample": 0.5372189805431591}, "datetime": {"datetime": "2024-01-20 17:52:00", "elapsed": 12481.277397, "delta": 0.004071}}
{"target": -13.732301684684248, "params": {"colsample_bytree": 0.8339570766317147, "eta": 0.07797285285921574, "gamma": 456.005827493881, "max_depth": 6.0, "min_child_weight": 3185.844408137229, "num_boost_round": 1.0, "subsample": 0.4758241718867492}, "datetime": {"datetime": "2024-01-20 17:52:46", "elapsed": 12527.253701, "delta": 45.976304}}
{"target": -13.734745735740413, "params": {"colsample_bytree": 0.8339570766317147, "eta": 0.07797285285921574, "gamma": 456.005827493881, "max_depth": 6.0, "min_child_weight": 3185.844408137229, "num_boost_round": 2.0, "subsample": 0.4758241718867492}, "datetime": {"datetime": "2024-01-20 17:52:46", "elapsed": 12527.259275, "delta": 0.005574}}
