{"target": -13.773738332474208, "params": {"colsample_bytree": 0.437113993701158, "eta": 0.08686944284705227, "gamma": 718.7517958308908, "max_depth": 7.0, "min_child_weight": 4264.138150314301, "num_boost_round": 26.0, "subsample": 0.7940746277030084}, "datetime": {"datetime": "2024-01-20 16:06:23", "elapsed": 6144.275919, "delta": 0.002705}}
{"target": -13.774880909102537, "params": {"colsample_bytree": 0.437113993701158, "eta": 0.08686944284705227, "gamma": 718.7517958308908, "max_depth": 7.0, "min_child_weight": 4264.138150314301, "num_boost_round": 27.0, "subsample": 0.7940746277030084}, "datetime": {"datetime": "2024-01-20 16:06:23", "elapsed": 6144.278503, "delta": 0.002584}}
{"target": -13.775970269593035, "params": {"colsample_bytree": 0.437113993701158, "eta": 0.08686944284705227, "gamma": 718.7517958308908, "max_depth": 7.0, "min_child_weight": 4264.138150314301, "num_boost_round": 28.0, "subsample": 0.7940746277030084}, "datetime": {"datetime": "2024-01-20 16:06:23", "elapsed": 6144.285631, "delta": 0.007128}}
{"target": -13.776426493808502, "params": {"colsample_bytree": 0.437113993701158, "eta": 0.08686944284705227, "gamma": 718.7517958308908, "max_depth": 7.0, "min_child_weight": 4264.138150314301, "num_boost_round": 29.0, "subsample": 0.7940746277030084}, "datetime": {"datetime": "2024-01-20 16:06:23", "elapsed": 6144.288262, "delta": 0.002631}}
{"target": -13.777573192978966, "params": {"colsample_bytree": 0.437113993701158, "eta": 0.08686944284705227, "gamma": 718.7517958308908, "max_depth": 7.0, "min_child_weight": 4264.138150314301, "num_boost_round": 30.0, "subsample": 0.7940746277030084}, "datetime": {"datetime": "2024-01-20 16:06:23", "elapsed": 6144.290978, "delta": 0.002716}}
{"target": -13.778324645727068, "params": {"colsample_bytree": 0.437113993701158, "eta": 0.08686944284705227, "gamma": 718.7517958308908, "max_depth": 7.0, "min_child_weight": 4264.138150314301, "num_boost_round": 31.0, "subsample": 0.7940746277030084}, "datetime": {"datetime": "2024-01-20 16:06:23", "elapsed": 6144.293618, "delta": 0.00264}}
{"target": -13.779629818508447, "params": {"colsample_bytree": 0.437113993701158, "eta": 0.08686944284705227, "gamma": 718.7517958308908, "max_depth": 7.0, "min_child_weight": 4264.138150314301, "num_boost_round": 32.0, "subsample": 0.7940746277030084}, "datetime": {"datetime": "2024-01-20 16:06:23", "elapsed": 6144.296217, "delta": 0.002599}}
{"target": -13.780210174398043, "params": {"colsample_bytree": 0.437113993701158, "eta": 0.08686944284705227, "gamma": 718.7517958308908, "max_depth": 7.0, "min_child_weight": 4264.138150314301, "num_boost_round": 33.0, "subsample": 0.7940746277030084}, "datetime": {"datetime": "2024-01-20 16:06:23", "elapsed": 6144.29883, "delta": 0.002613}}
{"target": -13.78127660178977, "params": {"colsample_bytree": 0.437113993701158, "eta": 0.08686944284705227, "gamma": 718.7517958308908, "max_depth": 7.0, "min_child_weight": 4264.138150314301, "num_boost_round": 34.0, "subsample": 0.7940746277030084}, "datetime": {"datetime": "2024-01-20 16:06:23", "elapsed": 6144.301535, "delta": 0.002705}}
{"target": -13.731332348147594, "params": {"colsample_bytree": 0.8198067142473547, "eta": 0.02561618707036893, "gamma": 458.50429310232187, "max_depth": 8.0, "min_child_weight": 4485.034998096136, "num_boost_round": 1.0, "subsample": 0.12625658083721666}, "datetime": {"datetime": "2024-01-20 16:06:46", "elapsed": 6167.041095, "delta": 22.73956}}
{"target": -13.731575591308848, "params": {"colsample_bytree": 0.948366966057555, "eta": 0.040214070078135475, "gamma": 583.646691669813, "max_depth": 7.0, "min_child_weight": 4802.696531726739, "num_boost_round": 1.0, "subsample": 0.13420217689953617}, "datetime": {"datetime": "2024-01-20 16:07:10", "elapsed": 6191.795678, "delta": 24.754583}}
{"target": -13.73160401095342, "params": {"colsample_bytree": 0.9958909120794796, "eta": 0.055246483559717986, "gamma": 263.53980786789475, "max_depth": 5.0, "min_child_weight": 3485.084878691009, "num_boost_round": 1.0, "subsample": 0.4383326453272621}, "datetime": {"datetime": "2024-01-20 16:07:30", "elapsed": 6211.8519, "delta": 20.056222}}
{"target": -13.732650848490419, "params": {"colsample_bytree": 0.6681810209372707, "eta": 0.06525324011134796, "gamma": 114.73674013671442, "max_depth": 9.0, "min_child_weight": 3584.3079643785445, "num_boost_round": 1.0, "subsample": 0.8791518412988545}, "datetime": {"datetime": "2024-01-20 16:07:58", "elapsed": 6238.962984, "delta": 27.111084}}
{"target": -13.734605804990927, "params": {"colsample_bytree": 0.6681810209372707, "eta": 0.06525324011134796, "gamma": 114.73674013671442, "max_depth": 9.0, "min_child_weight": 3584.3079643785445, "num_boost_round": 2.0, "subsample": 0.8791518412988545}, "datetime": {"datetime": "2024-01-20 16:07:58", "elapsed": 6238.965928, "delta": 0.002944}}
{"target": -13.736356188798487, "params": {"colsample_bytree": 0.6681810209372707, "eta": 0.06525324011134796, "gamma": 114.73674013671442, "max_depth": 9.0, "min_child_weight": 3584.3079643785445, "num_boost_round": 3.0, "subsample": 0.8791518412988545}, "datetime": {"datetime": "2024-01-20 16:07:58", "elapsed": 6238.96856, "delta": 0.002632}}
{"target": -13.7317378346021, "params": {"colsample_bytree": 0.9816448499272671, "eta": 0.038650593224945566, "gamma": 178.4711920894302, "max_depth": 6.0, "min_child_weight": 4299.715478708595, "num_boost_round": 1.0, "subsample": 0.5963185604042578}, "datetime": {"datetime": "2024-01-20 16:08:18", "elapsed": 6259.0861, "delta": 20.11754}}
{"target": -13.7313673749522, "params": {"colsample_bytree": 0.8899783724955772, "eta": 0.030288395984345632, "gamma": 598.0492784815691, "max_depth": 2.0, "min_child_weight": 3961.5266914540703, "num_boost_round": 1.0, "subsample": 0.7146489751661198}, "datetime": {"datetime": "2024-01-20 16:08:46", "elapsed": 6287.159343, "delta": 28.073243}}
{"target": -13.731714566082248, "params": {"colsample_bytree": 0.8899783724955772, "eta": 0.030288395984345632, "gamma": 598.0492784815691, "max_depth": 2.0, "min_child_weight": 3961.5266914540703, "num_boost_round": 2.0, "subsample": 0.7146489751661198}, "datetime": {"datetime": "2024-01-20 16:08:46", "elapsed": 6287.16375, "delta": 0.004407}}
{"target": -13.732023803430568, "params": {"colsample_bytree": 0.8899783724955772, "eta": 0.030288395984345632, "gamma": 598.0492784815691, "max_depth": 2.0, "min_child_weight": 3961.5266914540703, "num_boost_round": 3.0, "subsample": 0.7146489751661198}, "datetime": {"datetime": "2024-01-20 16:08:46", "elapsed": 6287.166602, "delta": 0.002852}}
{"target": -13.732415947065245, "params": {"colsample_bytree": 0.8899783724955772, "eta": 0.030288395984345632, "gamma": 598.0492784815691, "max_depth": 2.0, "min_child_weight": 3961.5266914540703, "num_boost_round": 4.0, "subsample": 0.7146489751661198}, "datetime": {"datetime": "2024-01-20 16:08:46", "elapsed": 6287.169225, "delta": 0.002623}}
{"target": -13.732679249264347, "params": {"colsample_bytree": 0.8899783724955772, "eta": 0.030288395984345632, "gamma": 598.0492784815691, "max_depth": 2.0, "min_child_weight": 3961.5266914540703, "num_boost_round": 5.0, "subsample": 0.7146489751661198}, "datetime": {"datetime": "2024-01-20 16:08:46", "elapsed": 6287.171909, "delta": 0.002684}}
{"target": -13.7331563700952, "params": {"colsample_bytree": 0.8899783724955772, "eta": 0.030288395984345632, "gamma": 598.0492784815691, "max_depth": 2.0, "min_child_weight": 3961.5266914540703, "num_boost_round": 6.0, "subsample": 0.7146489751661198}, "datetime": {"datetime": "2024-01-20 16:08:46", "elapsed": 6287.17447, "delta": 0.002561}}
{"target": -13.731352921297361, "params": {"colsample_bytree": 0.14506952205087204, "eta": 0.0458007843369617, "gamma": 695.3877838693894, "max_depth": 4.0, "min_child_weight": 4559.906803984967, "num_boost_round": 1.0, "subsample": 0.9289958118568843}, "datetime": {"datetime": "2024-01-20 16:09:05", "elapsed": 6305.999056, "delta": 18.824586}}
{"target": -13.73154863997772, "params": {"colsample_bytree": 0.32782645900048435, "eta": 0.09327244245789458, "gamma": 106.8488061079974, "max_depth": 6.0, "min_child_weight": 3513.5912005037385, "num_boost_round": 1.0, "subsample": 0.396567890182863}, "datetime": {"datetime": "2024-01-20 16:09:26", "elapsed": 6327.672419, "delta": 21.673363}}
{"target": -13.732793035528307, "params": {"colsample_bytree": 0.32782645900048435, "eta": 0.09327244245789458, "gamma": 106.8488061079974, "max_depth": 6.0, "min_child_weight": 3513.5912005037385, "num_boost_round": 2.0, "subsample": 0.396567890182863}, "datetime": {"datetime": "2024-01-20 16:09:26", "elapsed": 6327.676382, "delta": 0.003963}}
{"target": -13.733616844761325, "params": {"colsample_bytree": 0.32782645900048435, "eta": 0.09327244245789458, "gamma": 106.8488061079974, "max_depth": 6.0, "min_child_weight": 3513.5912005037385, "num_boost_round": 3.0, "subsample": 0.396567890182863}, "datetime": {"datetime": "2024-01-20 16:09:26", "elapsed": 6327.679151, "delta": 0.002769}}
{"target": -13.73115751294533, "params": {"colsample_bytree": 0.549389360463592, "eta": 0.0094639870067283, "gamma": 369.6211354823805, "max_depth": 2.0, "min_child_weight": 3823.2105906753927, "num_boost_round": 1.0, "subsample": 0.14685519494476684}, "datetime": {"datetime": "2024-01-20 16:09:51", "elapsed": 6352.166891, "delta": 24.48774}}
{"target": -13.731242629258617, "params": {"colsample_bytree": 0.549389360463592, "eta": 0.0094639870067283, "gamma": 369.6211354823805, "max_depth": 2.0, "min_child_weight": 3823.2105906753927, "num_boost_round": 2.0, "subsample": 0.14685519494476684}, "datetime": {"datetime": "2024-01-20 16:09:51", "elapsed": 6352.170813, "delta": 0.003922}}
{"target": -13.731388568748958, "params": {"colsample_bytree": 0.549389360463592, "eta": 0.0094639870067283, "gamma": 369.6211354823805, "max_depth": 2.0, "min_child_weight": 3823.2105906753927, "num_boost_round": 3.0, "subsample": 0.14685519494476684}, "datetime": {"datetime": "2024-01-20 16:09:51", "elapsed": 6352.173627, "delta": 0.002814}}
{"target": -13.731282807808698, "params": {"colsample_bytree": 0.43410935060505196, "eta": 0.017283120635801667, "gamma": 606.6293173834341, "max_depth": 3.0, "min_child_weight": 4688.8824562583495, "num_boost_round": 1.0, "subsample": 0.2716629126088167}, "datetime": {"datetime": "2024-01-20 16:10:19", "elapsed": 6379.905132, "delta": 27.731505}}
{"target": -13.731104765495882, "params": {"colsample_bytree": 0.1085944243052356, "eta": 0.01615795435160452, "gamma": 203.8165421021928, "max_depth": 9.0, "min_child_weight": 3861.0370620800813, "num_boost_round": 1.0, "subsample": 0.5049561611580237}, "datetime": {"datetime": "2024-01-20 16:10:45", "elapsed": 6406.130212, "delta": 26.22508}}
{"target": -13.73123809849464, "params": {"colsample_bytree": 0.1085944243052356, "eta": 0.01615795435160452, "gamma": 203.8165421021928, "max_depth": 9.0, "min_child_weight": 3861.0370620800813, "num_boost_round": 2.0, "subsample": 0.5049561611580237}, "datetime": {"datetime": "2024-01-20 16:10:45", "elapsed": 6406.133444, "delta": 0.003232}}
{"target": -13.731942270084996, "params": {"colsample_bytree": 0.9250330993425466, "eta": 0.04914428619323848, "gamma": 249.5940259986955, "max_depth": 9.0, "min_child_weight": 4354.173960460035, "num_boost_round": 1.0, "subsample": 0.8750123202270086}, "datetime": {"datetime": "2024-01-20 16:11:09", "elapsed": 6430.042344, "delta": 23.9089}}
{"target": -13.73188254066699, "params": {"colsample_bytree": 0.2938446749192093, "eta": 0.09013282672848699, "gamma": 276.57658794980676, "max_depth": 6.0, "min_child_weight": 4275.134871692238, "num_boost_round": 1.0, "subsample": 0.10579568499504369}, "datetime": {"datetime": "2024-01-20 16:11:27", "elapsed": 6448.795066, "delta": 18.752722}}
{"target": -13.73144645540929, "params": {"colsample_bytree": 0.3174728895448119, "eta": 0.048779576928711384, "gamma": 545.6278736675029, "max_depth": 4.0, "min_child_weight": 4855.072426002104, "num_boost_round": 1.0, "subsample": 0.8942300839521754}, "datetime": {"datetime": "2024-01-20 16:11:53", "elapsed": 6474.714623, "delta": 25.919557}}
{"target": -13.73144155121036, "params": {"colsample_bytree": 0.415754875693211, "eta": 0.036461985460462885, "gamma": 388.3317465632734, "max_depth": 8.0, "min_child_weight": 3427.5484799506808, "num_boost_round": 1.0, "subsample": 0.8229680638323216}, "datetime": {"datetime": "2024-01-20 16:12:18", "elapsed": 6498.972787, "delta": 24.258164}}
{"target": -13.731902052400718, "params": {"colsample_bytree": 0.415754875693211, "eta": 0.036461985460462885, "gamma": 388.3317465632734, "max_depth": 8.0, "min_child_weight": 3427.5484799506808, "num_boost_round": 2.0, "subsample": 0.8229680638323216}, "datetime": {"datetime": "2024-01-20 16:12:18", "elapsed": 6498.976192, "delta": 0.003405}}
{"target": -13.732293464965645, "params": {"colsample_bytree": 0.415754875693211, "eta": 0.036461985460462885, "gamma": 388.3317465632734, "max_depth": 8.0, "min_child_weight": 3427.5484799506808, "num_boost_round": 3.0, "subsample": 0.8229680638323216}, "datetime": {"datetime": "2024-01-20 16:12:18", "elapsed": 6498.978876, "delta": 0.002684}}
{"target": -13.732504022419578, "params": {"colsample_bytree": 0.4150452932091895, "eta": 0.09898444479975532, "gamma": 524.5444346563265, "max_depth": 2.0, "min_child_weight": 4822.228595198638, "num_boost_round": 1.0, "subsample": 0.18624539080863012}, "datetime": {"datetime": "2024-01-20 16:12:46", "elapsed": 6527.43882, "delta": 28.459944}}
{"target": -13.73287376112603, "params": {"colsample_bytree": 0.4150452932091895, "eta": 0.09898444479975532, "gamma": 524.5444346563265, "max_depth": 2.0, "min_child_weight": 4822.228595198638, "num_boost_round": 2.0, "subsample": 0.18624539080863012}, "datetime": {"datetime": "2024-01-20 16:12:46", "elapsed": 6527.44259, "delta": 0.00377}}
{"target": -13.733793216428097, "params": {"colsample_bytree": 0.4150452932091895, "eta": 0.09898444479975532, "gamma": 524.5444346563265, "max_depth": 2.0, "min_child_weight": 4822.228595198638, "num_boost_round": 3.0, "subsample": 0.18624539080863012}, "datetime": {"datetime": "2024-01-20 16:12:46", "elapsed": 6527.445389, "delta": 0.002799}}
{"target": -13.734754729288946, "params": {"colsample_bytree": 0.4150452932091895, "eta": 0.09898444479975532, "gamma": 524.5444346563265, "max_depth": 2.0, "min_child_weight": 4822.228595198638, "num_boost_round": 4.0, "subsample": 0.18624539080863012}, "datetime": {"datetime": "2024-01-20 16:12:46", "elapsed": 6527.448013, "delta": 0.002624}}
{"target": -13.735762533274722, "params": {"colsample_bytree": 0.4150452932091895, "eta": 0.09898444479975532, "gamma": 524.5444346563265, "max_depth": 2.0, "min_child_weight": 4822.228595198638, "num_boost_round": 5.0, "subsample": 0.18624539080863012}, "datetime": {"datetime": "2024-01-20 16:12:46", "elapsed": 6527.45069, "delta": 0.002677}}
{"target": -13.737008855665707, "params": {"colsample_bytree": 0.4150452932091895, "eta": 0.09898444479975532, "gamma": 524.5444346563265, "max_depth": 2.0, "min_child_weight": 4822.228595198638, "num_boost_round": 6.0, "subsample": 0.18624539080863012}, "datetime": {"datetime": "2024-01-20 16:12:46", "elapsed": 6527.453289, "delta": 0.002599}}
{"target": -13.737866749709617, "params": {"colsample_bytree": 0.4150452932091895, "eta": 0.09898444479975532, "gamma": 524.5444346563265, "max_depth": 2.0, "min_child_weight": 4822.228595198638, "num_boost_round": 7.0, "subsample": 0.18624539080863012}, "datetime": {"datetime": "2024-01-20 16:12:46", "elapsed": 6527.455941, "delta": 0.002652}}
{"target": -13.739058716666165, "params": {"colsample_bytree": 0.4150452932091895, "eta": 0.09898444479975532, "gamma": 524.5444346563265, "max_depth": 2.0, "min_child_weight": 4822.228595198638, "num_boost_round": 8.0, "subsample": 0.18624539080863012}, "datetime": {"datetime": "2024-01-20 16:12:46", "elapsed": 6527.458599, "delta": 0.002658}}
{"target": -13.739449058606976, "params": {"colsample_bytree": 0.4150452932091895, "eta": 0.09898444479975532, "gamma": 524.5444346563265, "max_depth": 2.0, "min_child_weight": 4822.228595198638, "num_boost_round": 9.0, "subsample": 0.18624539080863012}, "datetime": {"datetime": "2024-01-20 16:12:46", "elapsed": 6527.461309, "delta": 0.00271}}
{"target": -13.740275492162485, "params": {"colsample_bytree": 0.4150452932091895, "eta": 0.09898444479975532, "gamma": 524.5444346563265, "max_depth": 2.0, "min_child_weight": 4822.228595198638, "num_boost_round": 10.0, "subsample": 0.18624539080863012}, "datetime": {"datetime": "2024-01-20 16:12:46", "elapsed": 6527.463989, "delta": 0.00268}}
{"target": -13.740983978263301, "params": {"colsample_bytree": 0.4150452932091895, "eta": 0.09898444479975532, "gamma": 524.5444346563265, "max_depth": 2.0, "min_child_weight": 4822.228595198638, "num_boost_round": 11.0, "subsample": 0.18624539080863012}, "datetime": {"datetime": "2024-01-20 16:12:46", "elapsed": 6527.466633, "delta": 0.002644}}
{"target": -13.741991501203028, "params": {"colsample_bytree": 0.4150452932091895, "eta": 0.09898444479975532, "gamma": 524.5444346563265, "max_depth": 2.0, "min_child_weight": 4822.228595198638, "num_boost_round": 12.0, "subsample": 0.18624539080863012}, "datetime": {"datetime": "2024-01-20 16:12:46", "elapsed": 6527.469252, "delta": 0.002619}}
{"target": -13.731029432166896, "params": {"colsample_bytree": 0.21557088026157878, "eta": 0.005129411846879137, "gamma": 200.58729505718676, "max_depth": 8.0, "min_child_weight": 4244.974451116774, "num_boost_round": 1.0, "subsample": 0.6655470712269945}, "datetime": {"datetime": "2024-01-20 16:13:11", "elapsed": 6552.086451, "delta": 24.617199}}
{"target": -13.73107023832152, "params": {"colsample_bytree": 0.21557088026157878, "eta": 0.005129411846879137, "gamma": 200.58729505718676, "max_depth": 8.0, "min_child_weight": 4244.974451116774, "num_boost_round": 2.0, "subsample": 0.6655470712269945}, "datetime": {"datetime": "2024-01-20 16:13:11", "elapsed": 6552.090688, "delta": 0.004237}}
{"target": -13.733440431030282, "params": {"colsample_bytree": 0.6266606215111892, "eta": 0.07976186362869882, "gamma": 206.24247420219876, "max_depth": 9.0, "min_child_weight": 4473.992966832101, "num_boost_round": 1.0, "subsample": 0.9394909207220993}, "datetime": {"datetime": "2024-01-20 16:13:41", "elapsed": 6581.988073, "delta": 29.897385}}
{"target": -13.73605778003178, "params": {"colsample_bytree": 0.6266606215111892, "eta": 0.07976186362869882, "gamma": 206.24247420219876, "max_depth": 9.0, "min_child_weight": 4473.992966832101, "num_boost_round": 2.0, "subsample": 0.9394909207220993}, "datetime": {"datetime": "2024-01-20 16:13:41", "elapsed": 6581.99254, "delta": 0.004467}}
{"target": -13.738046625844493, "params": {"colsample_bytree": 0.6266606215111892, "eta": 0.07976186362869882, "gamma": 206.24247420219876, "max_depth": 9.0, "min_child_weight": 4473.992966832101, "num_boost_round": 3.0, "subsample": 0.9394909207220993}, "datetime": {"datetime": "2024-01-20 16:13:41", "elapsed": 6581.995442, "delta": 0.002902}}
{"target": -13.740650421854289, "params": {"colsample_bytree": 0.6266606215111892, "eta": 0.07976186362869882, "gamma": 206.24247420219876, "max_depth": 9.0, "min_child_weight": 4473.992966832101, "num_boost_round": 4.0, "subsample": 0.9394909207220993}, "datetime": {"datetime": "2024-01-20 16:13:41", "elapsed": 6581.998221, "delta": 0.002779}}
{"target": -13.743469830869273, "params": {"colsample_bytree": 0.6266606215111892, "eta": 0.07976186362869882, "gamma": 206.24247420219876, "max_depth": 9.0, "min_child_weight": 4473.992966832101, "num_boost_round": 5.0, "subsample": 0.9394909207220993}, "datetime": {"datetime": "2024-01-20 16:13:41", "elapsed": 6582.000964, "delta": 0.002743}}
{"target": -13.73149425284531, "params": {"colsample_bytree": 0.5863534381526048, "eta": 0.029625353781452635, "gamma": 232.2935384242032, "max_depth": 7.0, "min_child_weight": 4391.5242906464755, "num_boost_round": 1.0, "subsample": 0.5952900918366932}, "datetime": {"datetime": "2024-01-20 16:14:04", "elapsed": 6605.351691, "delta": 23.350727}}
{"target": -13.731138341643451, "params": {"colsample_bytree": 0.10326592679219171, "eta": 0.01277004197088978, "gamma": 166.02123761610977, "max_depth": 5.0, "min_child_weight": 3443.008436768107, "num_boost_round": 1.0, "subsample": 0.5083121000201778}, "datetime": {"datetime": "2024-01-20 16:14:36", "elapsed": 6636.90693, "delta": 31.555239}}
{"target": -13.731860097619215, "params": {"colsample_bytree": 0.48477124716743647, "eta": 0.06431850407864965, "gamma": 29.567343939411074, "max_depth": 7.0, "min_child_weight": 4027.085407977295, "num_boost_round": 1.0, "subsample": 0.6723252403413361}, "datetime": {"datetime": "2024-01-20 16:15:08", "elapsed": 6669.351358, "delta": 32.444428}}
{"target": -13.732286279569822, "params": {"colsample_bytree": 0.48477124716743647, "eta": 0.06431850407864965, "gamma": 29.567343939411074, "max_depth": 7.0, "min_child_weight": 4027.085407977295, "num_boost_round": 2.0, "subsample": 0.6723252403413361}, "datetime": {"datetime": "2024-01-20 16:15:08", "elapsed": 6669.355605, "delta": 0.004247}}
{"target": -13.733580448261185, "params": {"colsample_bytree": 0.48477124716743647, "eta": 0.06431850407864965, "gamma": 29.567343939411074, "max_depth": 7.0, "min_child_weight": 4027.085407977295, "num_boost_round": 3.0, "subsample": 0.6723252403413361}, "datetime": {"datetime": "2024-01-20 16:15:08", "elapsed": 6669.358749, "delta": 0.003144}}
{"target": -13.734924883088631, "params": {"colsample_bytree": 0.48477124716743647, "eta": 0.06431850407864965, "gamma": 29.567343939411074, "max_depth": 7.0, "min_child_weight": 4027.085407977295, "num_boost_round": 4.0, "subsample": 0.6723252403413361}, "datetime": {"datetime": "2024-01-20 16:15:08", "elapsed": 6669.361578, "delta": 0.002829}}
