{"target": -10.298891271499317, "params": {"colsample_bytree": 0.4690978918028855, "eta": 0.017716709114772855, "gamma": 543.8298728934301, "max_depth": 5.0, "min_child_weight": 3610.069300772369, "num_boost_round": 11.0, "subsample": 0.9687661194690041}, "datetime": {"datetime": "2024-01-20 16:11:53", "elapsed": 10211.64099, "delta": 0.007931}}
{"target": -10.298990245735618, "params": {"colsample_bytree": 0.4690978918028855, "eta": 0.017716709114772855, "gamma": 543.8298728934301, "max_depth": 5.0, "min_child_weight": 3610.069300772369, "num_boost_round": 12.0, "subsample": 0.9687661194690041}, "datetime": {"datetime": "2024-01-20 16:11:53", "elapsed": 10211.648338, "delta": 0.007348}}
{"target": -10.29901193386695, "params": {"colsample_bytree": 0.4690978918028855, "eta": 0.017716709114772855, "gamma": 543.8298728934301, "max_depth": 5.0, "min_child_weight": 3610.069300772369, "num_boost_round": 13.0, "subsample": 0.9687661194690041}, "datetime": {"datetime": "2024-01-20 16:11:53", "elapsed": 10211.655418, "delta": 0.00708}}
{"target": -10.299090164954842, "params": {"colsample_bytree": 0.4690978918028855, "eta": 0.017716709114772855, "gamma": 543.8298728934301, "max_depth": 5.0, "min_child_weight": 3610.069300772369, "num_boost_round": 14.0, "subsample": 0.9687661194690041}, "datetime": {"datetime": "2024-01-20 16:11:53", "elapsed": 10211.661999, "delta": 0.006581}}
{"target": -10.29913780171027, "params": {"colsample_bytree": 0.4690978918028855, "eta": 0.017716709114772855, "gamma": 543.8298728934301, "max_depth": 5.0, "min_child_weight": 3610.069300772369, "num_boost_round": 15.0, "subsample": 0.9687661194690041}, "datetime": {"datetime": "2024-01-20 16:11:53", "elapsed": 10211.66879, "delta": 0.006791}}
{"target": -10.299146052251647, "params": {"colsample_bytree": 0.4690978918028855, "eta": 0.017716709114772855, "gamma": 543.8298728934301, "max_depth": 5.0, "min_child_weight": 3610.069300772369, "num_boost_round": 16.0, "subsample": 0.9687661194690041}, "datetime": {"datetime": "2024-01-20 16:11:53", "elapsed": 10211.675924, "delta": 0.007134}}
{"target": -10.299218184916189, "params": {"colsample_bytree": 0.4690978918028855, "eta": 0.017716709114772855, "gamma": 543.8298728934301, "max_depth": 5.0, "min_child_weight": 3610.069300772369, "num_boost_round": 17.0, "subsample": 0.9687661194690041}, "datetime": {"datetime": "2024-01-20 16:11:53", "elapsed": 10211.683354, "delta": 0.00743}}
{"target": -10.299307625178892, "params": {"colsample_bytree": 0.4690978918028855, "eta": 0.017716709114772855, "gamma": 543.8298728934301, "max_depth": 5.0, "min_child_weight": 3610.069300772369, "num_boost_round": 18.0, "subsample": 0.9687661194690041}, "datetime": {"datetime": "2024-01-20 16:11:53", "elapsed": 10211.689983, "delta": 0.006629}}
{"target": -10.299413537035104, "params": {"colsample_bytree": 0.4690978918028855, "eta": 0.017716709114772855, "gamma": 543.8298728934301, "max_depth": 5.0, "min_child_weight": 3610.069300772369, "num_boost_round": 19.0, "subsample": 0.9687661194690041}, "datetime": {"datetime": "2024-01-20 16:11:53", "elapsed": 10211.699207, "delta": 0.009224}}
{"target": -10.299473085369804, "params": {"colsample_bytree": 0.4690978918028855, "eta": 0.017716709114772855, "gamma": 543.8298728934301, "max_depth": 5.0, "min_child_weight": 3610.069300772369, "num_boost_round": 20.0, "subsample": 0.9687661194690041}, "datetime": {"datetime": "2024-01-20 16:11:53", "elapsed": 10211.706626, "delta": 0.007419}}
{"target": -10.299501665331665, "params": {"colsample_bytree": 0.4690978918028855, "eta": 0.017716709114772855, "gamma": 543.8298728934301, "max_depth": 5.0, "min_child_weight": 3610.069300772369, "num_boost_round": 21.0, "subsample": 0.9687661194690041}, "datetime": {"datetime": "2024-01-20 16:11:53", "elapsed": 10211.714311, "delta": 0.007685}}
{"target": -10.299645996583351, "params": {"colsample_bytree": 0.4690978918028855, "eta": 0.017716709114772855, "gamma": 543.8298728934301, "max_depth": 5.0, "min_child_weight": 3610.069300772369, "num_boost_round": 22.0, "subsample": 0.9687661194690041}, "datetime": {"datetime": "2024-01-20 16:11:53", "elapsed": 10211.720962, "delta": 0.006651}}
{"target": -10.29971903822824, "params": {"colsample_bytree": 0.4690978918028855, "eta": 0.017716709114772855, "gamma": 543.8298728934301, "max_depth": 5.0, "min_child_weight": 3610.069300772369, "num_boost_round": 23.0, "subsample": 0.9687661194690041}, "datetime": {"datetime": "2024-01-20 16:11:53", "elapsed": 10211.727261, "delta": 0.006299}}
{"target": -10.299759226453062, "params": {"colsample_bytree": 0.4690978918028855, "eta": 0.017716709114772855, "gamma": 543.8298728934301, "max_depth": 5.0, "min_child_weight": 3610.069300772369, "num_boost_round": 24.0, "subsample": 0.9687661194690041}, "datetime": {"datetime": "2024-01-20 16:11:53", "elapsed": 10211.733958, "delta": 0.006697}}
{"target": -10.299874368903307, "params": {"colsample_bytree": 0.4690978918028855, "eta": 0.017716709114772855, "gamma": 543.8298728934301, "max_depth": 5.0, "min_child_weight": 3610.069300772369, "num_boost_round": 25.0, "subsample": 0.9687661194690041}, "datetime": {"datetime": "2024-01-20 16:11:53", "elapsed": 10211.740745, "delta": 0.006787}}
{"target": -10.299972698577712, "params": {"colsample_bytree": 0.4690978918028855, "eta": 0.017716709114772855, "gamma": 543.8298728934301, "max_depth": 5.0, "min_child_weight": 3610.069300772369, "num_boost_round": 26.0, "subsample": 0.9687661194690041}, "datetime": {"datetime": "2024-01-20 16:11:53", "elapsed": 10211.747788, "delta": 0.007043}}
{"target": -10.297838502286503, "params": {"colsample_bytree": 0.5145038466005344, "eta": 0.0920879826726431, "gamma": 598.8318882171709, "max_depth": 7.0, "min_child_weight": 3570.04562286746, "num_boost_round": 1.0, "subsample": 0.27638604238117526}, "datetime": {"datetime": "2024-01-20 16:12:53", "elapsed": 10271.661686, "delta": 59.913898}}
{"target": -10.298252002488029, "params": {"colsample_bytree": 0.5145038466005344, "eta": 0.0920879826726431, "gamma": 598.8318882171709, "max_depth": 7.0, "min_child_weight": 3570.04562286746, "num_boost_round": 2.0, "subsample": 0.27638604238117526}, "datetime": {"datetime": "2024-01-20 16:12:53", "elapsed": 10271.670308, "delta": 0.008622}}
{"target": -10.29779336811322, "params": {"colsample_bytree": 0.9711451932298268, "eta": 0.046116261519839725, "gamma": 642.3658501223684, "max_depth": 8.0, "min_child_weight": 3630.2907320933105, "num_boost_round": 1.0, "subsample": 0.15532170943978293}, "datetime": {"datetime": "2024-01-20 16:14:14", "elapsed": 10352.234429, "delta": 80.564121}}
{"target": -10.29741479351885, "params": {"colsample_bytree": 0.9711451932298268, "eta": 0.046116261519839725, "gamma": 642.3658501223684, "max_depth": 8.0, "min_child_weight": 3630.2907320933105, "num_boost_round": 2.0, "subsample": 0.15532170943978293}, "datetime": {"datetime": "2024-01-20 16:14:14", "elapsed": 10352.245808, "delta": 0.011379}}
{"target": -10.297344701376637, "params": {"colsample_bytree": 0.9711451932298268, "eta": 0.046116261519839725, "gamma": 642.3658501223684, "max_depth": 8.0, "min_child_weight": 3630.2907320933105, "num_boost_round": 3.0, "subsample": 0.15532170943978293}, "datetime": {"datetime": "2024-01-20 16:14:14", "elapsed": 10352.255686, "delta": 0.009878}}
{"target": -10.297123385232535, "params": {"colsample_bytree": 0.9711451932298268, "eta": 0.046116261519839725, "gamma": 642.3658501223684, "max_depth": 8.0, "min_child_weight": 3630.2907320933105, "num_boost_round": 4.0, "subsample": 0.15532170943978293}, "datetime": {"datetime": "2024-01-20 16:14:14", "elapsed": 10352.265455, "delta": 0.009769}}
{"target": -10.296953385552609, "params": {"colsample_bytree": 0.9711451932298268, "eta": 0.046116261519839725, "gamma": 642.3658501223684, "max_depth": 8.0, "min_child_weight": 3630.2907320933105, "num_boost_round": 5.0, "subsample": 0.15532170943978293}, "datetime": {"datetime": "2024-01-20 16:14:14", "elapsed": 10352.275254, "delta": 0.009799}}
{"target": -10.296925699154478, "params": {"colsample_bytree": 0.9711451932298268, "eta": 0.046116261519839725, "gamma": 642.3658501223684, "max_depth": 8.0, "min_child_weight": 3630.2907320933105, "num_boost_round": 6.0, "subsample": 0.15532170943978293}, "datetime": {"datetime": "2024-01-20 16:14:14", "elapsed": 10352.285236, "delta": 0.009982}}
{"target": -10.296950761204027, "params": {"colsample_bytree": 0.9711451932298268, "eta": 0.046116261519839725, "gamma": 642.3658501223684, "max_depth": 8.0, "min_child_weight": 3630.2907320933105, "num_boost_round": 7.0, "subsample": 0.15532170943978293}, "datetime": {"datetime": "2024-01-20 16:14:14", "elapsed": 10352.295374, "delta": 0.010138}}
{"target": -10.296982082018513, "params": {"colsample_bytree": 0.9711451932298268, "eta": 0.046116261519839725, "gamma": 642.3658501223684, "max_depth": 8.0, "min_child_weight": 3630.2907320933105, "num_boost_round": 8.0, "subsample": 0.15532170943978293}, "datetime": {"datetime": "2024-01-20 16:14:14", "elapsed": 10352.30479, "delta": 0.009416}}
{"target": -10.297679443696072, "params": {"colsample_bytree": 0.5439790306104927, "eta": 0.06981054925349323, "gamma": 660.7694569033862, "max_depth": 8.0, "min_child_weight": 3701.1917118126744, "num_boost_round": 1.0, "subsample": 0.11887527682141136}, "datetime": {"datetime": "2024-01-20 16:15:54", "elapsed": 10452.419627, "delta": 100.114837}}
{"target": -10.297697636336231, "params": {"colsample_bytree": 0.5439790306104927, "eta": 0.06981054925349323, "gamma": 660.7694569033862, "max_depth": 8.0, "min_child_weight": 3701.1917118126744, "num_boost_round": 2.0, "subsample": 0.11887527682141136}, "datetime": {"datetime": "2024-01-20 16:15:54", "elapsed": 10452.426445, "delta": 0.006818}}
{"target": -10.297816882124973, "params": {"colsample_bytree": 0.5439790306104927, "eta": 0.06981054925349323, "gamma": 660.7694569033862, "max_depth": 8.0, "min_child_weight": 3701.1917118126744, "num_boost_round": 3.0, "subsample": 0.11887527682141136}, "datetime": {"datetime": "2024-01-20 16:15:54", "elapsed": 10452.431525, "delta": 0.00508}}
{"target": -10.297616528389907, "params": {"colsample_bytree": 0.5439790306104927, "eta": 0.06981054925349323, "gamma": 660.7694569033862, "max_depth": 8.0, "min_child_weight": 3701.1917118126744, "num_boost_round": 4.0, "subsample": 0.11887527682141136}, "datetime": {"datetime": "2024-01-20 16:15:54", "elapsed": 10452.436144, "delta": 0.004619}}
{"target": -10.297996715676305, "params": {"colsample_bytree": 0.3629095789619562, "eta": 0.07199738642336985, "gamma": 692.1370043591158, "max_depth": 2.0, "min_child_weight": 3646.325957654988, "num_boost_round": 1.0, "subsample": 0.7585419087195223}, "datetime": {"datetime": "2024-01-20 16:17:53", "elapsed": 10571.402233, "delta": 118.966089}}
{"target": -10.29801627531753, "params": {"colsample_bytree": 0.3629095789619562, "eta": 0.07199738642336985, "gamma": 692.1370043591158, "max_depth": 2.0, "min_child_weight": 3646.325957654988, "num_boost_round": 2.0, "subsample": 0.7585419087195223}, "datetime": {"datetime": "2024-01-20 16:17:53", "elapsed": 10571.411252, "delta": 0.009019}}
{"target": -10.298349853306952, "params": {"colsample_bytree": 0.3629095789619562, "eta": 0.07199738642336985, "gamma": 692.1370043591158, "max_depth": 2.0, "min_child_weight": 3646.325957654988, "num_boost_round": 3.0, "subsample": 0.7585419087195223}, "datetime": {"datetime": "2024-01-20 16:17:53", "elapsed": 10571.418242, "delta": 0.00699}}
{"target": -10.298667142176274, "params": {"colsample_bytree": 0.3629095789619562, "eta": 0.07199738642336985, "gamma": 692.1370043591158, "max_depth": 2.0, "min_child_weight": 3646.325957654988, "num_boost_round": 4.0, "subsample": 0.7585419087195223}, "datetime": {"datetime": "2024-01-20 16:17:53", "elapsed": 10571.425144, "delta": 0.006902}}
{"target": -10.298869332757441, "params": {"colsample_bytree": 0.3629095789619562, "eta": 0.07199738642336985, "gamma": 692.1370043591158, "max_depth": 2.0, "min_child_weight": 3646.325957654988, "num_boost_round": 5.0, "subsample": 0.7585419087195223}, "datetime": {"datetime": "2024-01-20 16:17:53", "elapsed": 10571.432209, "delta": 0.007065}}
{"target": -10.29919154181388, "params": {"colsample_bytree": 0.3629095789619562, "eta": 0.07199738642336985, "gamma": 692.1370043591158, "max_depth": 2.0, "min_child_weight": 3646.325957654988, "num_boost_round": 6.0, "subsample": 0.7585419087195223}, "datetime": {"datetime": "2024-01-20 16:17:53", "elapsed": 10571.439022, "delta": 0.006813}}
{"target": -10.299552223200667, "params": {"colsample_bytree": 0.3629095789619562, "eta": 0.07199738642336985, "gamma": 692.1370043591158, "max_depth": 2.0, "min_child_weight": 3646.325957654988, "num_boost_round": 7.0, "subsample": 0.7585419087195223}, "datetime": {"datetime": "2024-01-20 16:17:53", "elapsed": 10571.445317, "delta": 0.006295}}
{"target": -10.300049346368082, "params": {"colsample_bytree": 0.3629095789619562, "eta": 0.07199738642336985, "gamma": 692.1370043591158, "max_depth": 2.0, "min_child_weight": 3646.325957654988, "num_boost_round": 8.0, "subsample": 0.7585419087195223}, "datetime": {"datetime": "2024-01-20 16:17:53", "elapsed": 10571.451838, "delta": 0.006521}}
{"target": -10.300613178394395, "params": {"colsample_bytree": 0.3629095789619562, "eta": 0.07199738642336985, "gamma": 692.1370043591158, "max_depth": 2.0, "min_child_weight": 3646.325957654988, "num_boost_round": 9.0, "subsample": 0.7585419087195223}, "datetime": {"datetime": "2024-01-20 16:17:53", "elapsed": 10571.457534, "delta": 0.005696}}
{"target": -10.300902749083043, "params": {"colsample_bytree": 0.3629095789619562, "eta": 0.07199738642336985, "gamma": 692.1370043591158, "max_depth": 2.0, "min_child_weight": 3646.325957654988, "num_boost_round": 10.0, "subsample": 0.7585419087195223}, "datetime": {"datetime": "2024-01-20 16:17:53", "elapsed": 10571.46407, "delta": 0.006536}}
{"target": -10.301107330003273, "params": {"colsample_bytree": 0.3629095789619562, "eta": 0.07199738642336985, "gamma": 692.1370043591158, "max_depth": 2.0, "min_child_weight": 3646.325957654988, "num_boost_round": 11.0, "subsample": 0.7585419087195223}, "datetime": {"datetime": "2024-01-20 16:17:53", "elapsed": 10571.470396, "delta": 0.006326}}
{"target": -10.301305835047357, "params": {"colsample_bytree": 0.3629095789619562, "eta": 0.07199738642336985, "gamma": 692.1370043591158, "max_depth": 2.0, "min_child_weight": 3646.325957654988, "num_boost_round": 12.0, "subsample": 0.7585419087195223}, "datetime": {"datetime": "2024-01-20 16:17:53", "elapsed": 10571.477197, "delta": 0.006801}}
{"target": -10.301455055905421, "params": {"colsample_bytree": 0.3629095789619562, "eta": 0.07199738642336985, "gamma": 692.1370043591158, "max_depth": 2.0, "min_child_weight": 3646.325957654988, "num_boost_round": 13.0, "subsample": 0.7585419087195223}, "datetime": {"datetime": "2024-01-20 16:17:53", "elapsed": 10571.483674, "delta": 0.006477}}
{"target": -10.301717904021448, "params": {"colsample_bytree": 0.3629095789619562, "eta": 0.07199738642336985, "gamma": 692.1370043591158, "max_depth": 2.0, "min_child_weight": 3646.325957654988, "num_boost_round": 14.0, "subsample": 0.7585419087195223}, "datetime": {"datetime": "2024-01-20 16:17:53", "elapsed": 10571.490844, "delta": 0.00717}}
{"target": -10.30218065483502, "params": {"colsample_bytree": 0.3629095789619562, "eta": 0.07199738642336985, "gamma": 692.1370043591158, "max_depth": 2.0, "min_child_weight": 3646.325957654988, "num_boost_round": 15.0, "subsample": 0.7585419087195223}, "datetime": {"datetime": "2024-01-20 16:17:53", "elapsed": 10571.497738, "delta": 0.006894}}
{"target": -10.301993477646118, "params": {"colsample_bytree": 0.3629095789619562, "eta": 0.07199738642336985, "gamma": 692.1370043591158, "max_depth": 2.0, "min_child_weight": 3646.325957654988, "num_boost_round": 16.0, "subsample": 0.7585419087195223}, "datetime": {"datetime": "2024-01-20 16:17:53", "elapsed": 10571.507936, "delta": 0.010198}}
{"target": -10.30265800152649, "params": {"colsample_bytree": 0.3629095789619562, "eta": 0.07199738642336985, "gamma": 692.1370043591158, "max_depth": 2.0, "min_child_weight": 3646.325957654988, "num_boost_round": 17.0, "subsample": 0.7585419087195223}, "datetime": {"datetime": "2024-01-20 16:17:53", "elapsed": 10571.516032, "delta": 0.008096}}
{"target": -10.302887897888569, "params": {"colsample_bytree": 0.3629095789619562, "eta": 0.07199738642336985, "gamma": 692.1370043591158, "max_depth": 2.0, "min_child_weight": 3646.325957654988, "num_boost_round": 18.0, "subsample": 0.7585419087195223}, "datetime": {"datetime": "2024-01-20 16:17:53", "elapsed": 10571.523598, "delta": 0.007566}}
{"target": -10.30317339299564, "params": {"colsample_bytree": 0.3629095789619562, "eta": 0.07199738642336985, "gamma": 692.1370043591158, "max_depth": 2.0, "min_child_weight": 3646.325957654988, "num_boost_round": 19.0, "subsample": 0.7585419087195223}, "datetime": {"datetime": "2024-01-20 16:17:53", "elapsed": 10571.530871, "delta": 0.007273}}
{"target": -10.30325436094116, "params": {"colsample_bytree": 0.3629095789619562, "eta": 0.07199738642336985, "gamma": 692.1370043591158, "max_depth": 2.0, "min_child_weight": 3646.325957654988, "num_boost_round": 20.0, "subsample": 0.7585419087195223}, "datetime": {"datetime": "2024-01-20 16:17:53", "elapsed": 10571.538088, "delta": 0.007217}}
{"target": -10.303519499980085, "params": {"colsample_bytree": 0.3629095789619562, "eta": 0.07199738642336985, "gamma": 692.1370043591158, "max_depth": 2.0, "min_child_weight": 3646.325957654988, "num_boost_round": 21.0, "subsample": 0.7585419087195223}, "datetime": {"datetime": "2024-01-20 16:17:53", "elapsed": 10571.544814, "delta": 0.006726}}
{"target": -10.304221945410166, "params": {"colsample_bytree": 0.3629095789619562, "eta": 0.07199738642336985, "gamma": 692.1370043591158, "max_depth": 2.0, "min_child_weight": 3646.325957654988, "num_boost_round": 22.0, "subsample": 0.7585419087195223}, "datetime": {"datetime": "2024-01-20 16:17:53", "elapsed": 10571.551588, "delta": 0.006774}}
{"target": -10.304628849148104, "params": {"colsample_bytree": 0.3629095789619562, "eta": 0.07199738642336985, "gamma": 692.1370043591158, "max_depth": 2.0, "min_child_weight": 3646.325957654988, "num_boost_round": 23.0, "subsample": 0.7585419087195223}, "datetime": {"datetime": "2024-01-20 16:17:53", "elapsed": 10571.558545, "delta": 0.006957}}
{"target": -10.304638828903666, "params": {"colsample_bytree": 0.3629095789619562, "eta": 0.07199738642336985, "gamma": 692.1370043591158, "max_depth": 2.0, "min_child_weight": 3646.325957654988, "num_boost_round": 24.0, "subsample": 0.7585419087195223}, "datetime": {"datetime": "2024-01-20 16:17:53", "elapsed": 10571.565737, "delta": 0.007192}}
{"target": -10.304843770393116, "params": {"colsample_bytree": 0.3629095789619562, "eta": 0.07199738642336985, "gamma": 692.1370043591158, "max_depth": 2.0, "min_child_weight": 3646.325957654988, "num_boost_round": 25.0, "subsample": 0.7585419087195223}, "datetime": {"datetime": "2024-01-20 16:17:53", "elapsed": 10571.572612, "delta": 0.006875}}
{"target": -10.30522888760237, "params": {"colsample_bytree": 0.3629095789619562, "eta": 0.07199738642336985, "gamma": 692.1370043591158, "max_depth": 2.0, "min_child_weight": 3646.325957654988, "num_boost_round": 26.0, "subsample": 0.7585419087195223}, "datetime": {"datetime": "2024-01-20 16:17:53", "elapsed": 10571.579681, "delta": 0.007069}}
{"target": -10.305104987996085, "params": {"colsample_bytree": 0.3629095789619562, "eta": 0.07199738642336985, "gamma": 692.1370043591158, "max_depth": 2.0, "min_child_weight": 3646.325957654988, "num_boost_round": 27.0, "subsample": 0.7585419087195223}, "datetime": {"datetime": "2024-01-20 16:17:53", "elapsed": 10571.586915, "delta": 0.007234}}
{"target": -10.305334039641082, "params": {"colsample_bytree": 0.3629095789619562, "eta": 0.07199738642336985, "gamma": 692.1370043591158, "max_depth": 2.0, "min_child_weight": 3646.325957654988, "num_boost_round": 28.0, "subsample": 0.7585419087195223}, "datetime": {"datetime": "2024-01-20 16:17:53", "elapsed": 10571.593794, "delta": 0.006879}}
{"target": -10.305689518038058, "params": {"colsample_bytree": 0.3629095789619562, "eta": 0.07199738642336985, "gamma": 692.1370043591158, "max_depth": 2.0, "min_child_weight": 3646.325957654988, "num_boost_round": 29.0, "subsample": 0.7585419087195223}, "datetime": {"datetime": "2024-01-20 16:17:53", "elapsed": 10571.600431, "delta": 0.006637}}
{"target": -10.305845203577418, "params": {"colsample_bytree": 0.3629095789619562, "eta": 0.07199738642336985, "gamma": 692.1370043591158, "max_depth": 2.0, "min_child_weight": 3646.325957654988, "num_boost_round": 30.0, "subsample": 0.7585419087195223}, "datetime": {"datetime": "2024-01-20 16:17:53", "elapsed": 10571.607303, "delta": 0.006872}}
{"target": -10.306111573760532, "params": {"colsample_bytree": 0.3629095789619562, "eta": 0.07199738642336985, "gamma": 692.1370043591158, "max_depth": 2.0, "min_child_weight": 3646.325957654988, "num_boost_round": 31.0, "subsample": 0.7585419087195223}, "datetime": {"datetime": "2024-01-20 16:17:53", "elapsed": 10571.614641, "delta": 0.007338}}
{"target": -10.30638927265397, "params": {"colsample_bytree": 0.3629095789619562, "eta": 0.07199738642336985, "gamma": 692.1370043591158, "max_depth": 2.0, "min_child_weight": 3646.325957654988, "num_boost_round": 32.0, "subsample": 0.7585419087195223}, "datetime": {"datetime": "2024-01-20 16:17:53", "elapsed": 10571.621961, "delta": 0.00732}}
{"target": -10.306427964057404, "params": {"colsample_bytree": 0.3629095789619562, "eta": 0.07199738642336985, "gamma": 692.1370043591158, "max_depth": 2.0, "min_child_weight": 3646.325957654988, "num_boost_round": 33.0, "subsample": 0.7585419087195223}, "datetime": {"datetime": "2024-01-20 16:17:53", "elapsed": 10571.628975, "delta": 0.007014}}
