{"target": -12.349416577784996, "params": {"colsample_bytree": 0.4515141122073917, "eta": 0.08861261905086887, "gamma": 520.9242498675993, "max_depth": 7.0, "min_child_weight": 4272.556946274695, "num_boost_round": 45.0, "subsample": 0.7564303768037106}, "datetime": {"datetime": "2024-01-20 14:52:29", "elapsed": 1715.852243, "delta": 0.002836}}
{"target": -12.349755160079841, "params": {"colsample_bytree": 0.4515141122073917, "eta": 0.08861261905086887, "gamma": 520.9242498675993, "max_depth": 7.0, "min_child_weight": 4272.556946274695, "num_boost_round": 46.0, "subsample": 0.7564303768037106}, "datetime": {"datetime": "2024-01-20 14:52:29", "elapsed": 1715.855092, "delta": 0.002849}}
{"target": -12.349818238226078, "params": {"colsample_bytree": 0.4515141122073917, "eta": 0.08861261905086887, "gamma": 520.9242498675993, "max_depth": 7.0, "min_child_weight": 4272.556946274695, "num_boost_round": 47.0, "subsample": 0.7564303768037106}, "datetime": {"datetime": "2024-01-20 14:52:29", "elapsed": 1715.857821, "delta": 0.002729}}
{"target": -12.350523547425908, "params": {"colsample_bytree": 0.4515141122073917, "eta": 0.08861261905086887, "gamma": 520.9242498675993, "max_depth": 7.0, "min_child_weight": 4272.556946274695, "num_boost_round": 48.0, "subsample": 0.7564303768037106}, "datetime": {"datetime": "2024-01-20 14:52:29", "elapsed": 1715.860562, "delta": 0.002741}}
{"target": -12.351241176965818, "params": {"colsample_bytree": 0.4515141122073917, "eta": 0.08861261905086887, "gamma": 520.9242498675993, "max_depth": 7.0, "min_child_weight": 4272.556946274695, "num_boost_round": 49.0, "subsample": 0.7564303768037106}, "datetime": {"datetime": "2024-01-20 14:52:29", "elapsed": 1715.863377, "delta": 0.002815}}
{"target": -12.351469373850813, "params": {"colsample_bytree": 0.4515141122073917, "eta": 0.08861261905086887, "gamma": 520.9242498675993, "max_depth": 7.0, "min_child_weight": 4272.556946274695, "num_boost_round": 50.0, "subsample": 0.7564303768037106}, "datetime": {"datetime": "2024-01-20 14:52:29", "elapsed": 1715.866152, "delta": 0.002775}}
{"target": -12.351639604704452, "params": {"colsample_bytree": 0.4515141122073917, "eta": 0.08861261905086887, "gamma": 520.9242498675993, "max_depth": 7.0, "min_child_weight": 4272.556946274695, "num_boost_round": 51.0, "subsample": 0.7564303768037106}, "datetime": {"datetime": "2024-01-20 14:52:29", "elapsed": 1715.868932, "delta": 0.00278}}
{"target": -12.35185661588201, "params": {"colsample_bytree": 0.4515141122073917, "eta": 0.08861261905086887, "gamma": 520.9242498675993, "max_depth": 7.0, "min_child_weight": 4272.556946274695, "num_boost_round": 52.0, "subsample": 0.7564303768037106}, "datetime": {"datetime": "2024-01-20 14:52:29", "elapsed": 1715.871736, "delta": 0.002804}}
{"target": -12.351885863514156, "params": {"colsample_bytree": 0.4515141122073917, "eta": 0.08861261905086887, "gamma": 520.9242498675993, "max_depth": 7.0, "min_child_weight": 4272.556946274695, "num_boost_round": 53.0, "subsample": 0.7564303768037106}, "datetime": {"datetime": "2024-01-20 14:52:29", "elapsed": 1715.874923, "delta": 0.003187}}
{"target": -12.351999105849941, "params": {"colsample_bytree": 0.4515141122073917, "eta": 0.08861261905086887, "gamma": 520.9242498675993, "max_depth": 7.0, "min_child_weight": 4272.556946274695, "num_boost_round": 54.0, "subsample": 0.7564303768037106}, "datetime": {"datetime": "2024-01-20 14:52:29", "elapsed": 1715.877731, "delta": 0.002808}}
{"target": -12.352101143017876, "params": {"colsample_bytree": 0.4515141122073917, "eta": 0.08861261905086887, "gamma": 520.9242498675993, "max_depth": 7.0, "min_child_weight": 4272.556946274695, "num_boost_round": 55.0, "subsample": 0.7564303768037106}, "datetime": {"datetime": "2024-01-20 14:52:29", "elapsed": 1715.880502, "delta": 0.002771}}
{"target": -12.353079303138005, "params": {"colsample_bytree": 0.4515141122073917, "eta": 0.08861261905086887, "gamma": 520.9242498675993, "max_depth": 7.0, "min_child_weight": 4272.556946274695, "num_boost_round": 56.0, "subsample": 0.7564303768037106}, "datetime": {"datetime": "2024-01-20 14:52:29", "elapsed": 1715.883292, "delta": 0.00279}}
{"target": -12.353385287117058, "params": {"colsample_bytree": 0.4515141122073917, "eta": 0.08861261905086887, "gamma": 520.9242498675993, "max_depth": 7.0, "min_child_weight": 4272.556946274695, "num_boost_round": 57.0, "subsample": 0.7564303768037106}, "datetime": {"datetime": "2024-01-20 14:52:29", "elapsed": 1715.886101, "delta": 0.002809}}
{"target": -12.353631686583736, "params": {"colsample_bytree": 0.4515141122073917, "eta": 0.08861261905086887, "gamma": 520.9242498675993, "max_depth": 7.0, "min_child_weight": 4272.556946274695, "num_boost_round": 58.0, "subsample": 0.7564303768037106}, "datetime": {"datetime": "2024-01-20 14:52:29", "elapsed": 1715.888905, "delta": 0.002804}}
{"target": -12.353695433546811, "params": {"colsample_bytree": 0.4515141122073917, "eta": 0.08861261905086887, "gamma": 520.9242498675993, "max_depth": 7.0, "min_child_weight": 4272.556946274695, "num_boost_round": 59.0, "subsample": 0.7564303768037106}, "datetime": {"datetime": "2024-01-20 14:52:29", "elapsed": 1715.891672, "delta": 0.002767}}
{"target": -12.35366263156145, "params": {"colsample_bytree": 0.4515141122073917, "eta": 0.08861261905086887, "gamma": 520.9242498675993, "max_depth": 7.0, "min_child_weight": 4272.556946274695, "num_boost_round": 60.0, "subsample": 0.7564303768037106}, "datetime": {"datetime": "2024-01-20 14:52:29", "elapsed": 1715.894467, "delta": 0.002795}}
{"target": -12.35379733802455, "params": {"colsample_bytree": 0.4515141122073917, "eta": 0.08861261905086887, "gamma": 520.9242498675993, "max_depth": 7.0, "min_child_weight": 4272.556946274695, "num_boost_round": 61.0, "subsample": 0.7564303768037106}, "datetime": {"datetime": "2024-01-20 14:52:29", "elapsed": 1715.897297, "delta": 0.00283}}
{"target": -12.357432328141577, "params": {"colsample_bytree": 0.2185673098382921, "eta": 0.054105492143830654, "gamma": 559.0903089108812, "max_depth": 7.0, "min_child_weight": 4208.834886248384, "num_boost_round": 1.0, "subsample": 0.5681181578132959}, "datetime": {"datetime": "2024-01-20 14:53:45", "elapsed": 1791.860913, "delta": 75.963616}}
{"target": -12.35630457648173, "params": {"colsample_bytree": 0.2185673098382921, "eta": 0.054105492143830654, "gamma": 559.0903089108812, "max_depth": 7.0, "min_child_weight": 4208.834886248384, "num_boost_round": 2.0, "subsample": 0.5681181578132959}, "datetime": {"datetime": "2024-01-20 14:53:45", "elapsed": 1791.864231, "delta": 0.003318}}
{"target": -12.354906893693247, "params": {"colsample_bytree": 0.2185673098382921, "eta": 0.054105492143830654, "gamma": 559.0903089108812, "max_depth": 7.0, "min_child_weight": 4208.834886248384, "num_boost_round": 3.0, "subsample": 0.5681181578132959}, "datetime": {"datetime": "2024-01-20 14:53:45", "elapsed": 1791.867163, "delta": 0.002932}}
{"target": -12.355161231700285, "params": {"colsample_bytree": 0.2185673098382921, "eta": 0.054105492143830654, "gamma": 559.0903089108812, "max_depth": 7.0, "min_child_weight": 4208.834886248384, "num_boost_round": 4.0, "subsample": 0.5681181578132959}, "datetime": {"datetime": "2024-01-20 14:53:45", "elapsed": 1791.870028, "delta": 0.002865}}
{"target": -12.355253735464487, "params": {"colsample_bytree": 0.2185673098382921, "eta": 0.054105492143830654, "gamma": 559.0903089108812, "max_depth": 7.0, "min_child_weight": 4208.834886248384, "num_boost_round": 5.0, "subsample": 0.5681181578132959}, "datetime": {"datetime": "2024-01-20 14:53:45", "elapsed": 1791.872905, "delta": 0.002877}}
{"target": -12.35404125718598, "params": {"colsample_bytree": 0.2185673098382921, "eta": 0.054105492143830654, "gamma": 559.0903089108812, "max_depth": 7.0, "min_child_weight": 4208.834886248384, "num_boost_round": 6.0, "subsample": 0.5681181578132959}, "datetime": {"datetime": "2024-01-20 14:53:45", "elapsed": 1791.87582, "delta": 0.002915}}
{"target": -12.35399412419476, "params": {"colsample_bytree": 0.2185673098382921, "eta": 0.054105492143830654, "gamma": 559.0903089108812, "max_depth": 7.0, "min_child_weight": 4208.834886248384, "num_boost_round": 7.0, "subsample": 0.5681181578132959}, "datetime": {"datetime": "2024-01-20 14:53:45", "elapsed": 1791.878821, "delta": 0.003001}}
{"target": -12.352759053218428, "params": {"colsample_bytree": 0.2185673098382921, "eta": 0.054105492143830654, "gamma": 559.0903089108812, "max_depth": 7.0, "min_child_weight": 4208.834886248384, "num_boost_round": 8.0, "subsample": 0.5681181578132959}, "datetime": {"datetime": "2024-01-20 14:53:45", "elapsed": 1791.881685, "delta": 0.002864}}
{"target": -12.352836092774979, "params": {"colsample_bytree": 0.2185673098382921, "eta": 0.054105492143830654, "gamma": 559.0903089108812, "max_depth": 7.0, "min_child_weight": 4208.834886248384, "num_boost_round": 9.0, "subsample": 0.5681181578132959}, "datetime": {"datetime": "2024-01-20 14:53:45", "elapsed": 1791.884608, "delta": 0.002923}}
{"target": -12.35222822403843, "params": {"colsample_bytree": 0.2185673098382921, "eta": 0.054105492143830654, "gamma": 559.0903089108812, "max_depth": 7.0, "min_child_weight": 4208.834886248384, "num_boost_round": 10.0, "subsample": 0.5681181578132959}, "datetime": {"datetime": "2024-01-20 14:53:45", "elapsed": 1791.887481, "delta": 0.002873}}
{"target": -12.351394215015484, "params": {"colsample_bytree": 0.2185673098382921, "eta": 0.054105492143830654, "gamma": 559.0903089108812, "max_depth": 7.0, "min_child_weight": 4208.834886248384, "num_boost_round": 11.0, "subsample": 0.5681181578132959}, "datetime": {"datetime": "2024-01-20 14:53:45", "elapsed": 1791.890331, "delta": 0.00285}}
{"target": -12.350417732325711, "params": {"colsample_bytree": 0.2185673098382921, "eta": 0.054105492143830654, "gamma": 559.0903089108812, "max_depth": 7.0, "min_child_weight": 4208.834886248384, "num_boost_round": 12.0, "subsample": 0.5681181578132959}, "datetime": {"datetime": "2024-01-20 14:53:45", "elapsed": 1791.89318, "delta": 0.002849}}
{"target": -12.350740756987967, "params": {"colsample_bytree": 0.2185673098382921, "eta": 0.054105492143830654, "gamma": 559.0903089108812, "max_depth": 7.0, "min_child_weight": 4208.834886248384, "num_boost_round": 13.0, "subsample": 0.5681181578132959}, "datetime": {"datetime": "2024-01-20 14:53:45", "elapsed": 1791.896048, "delta": 0.002868}}
{"target": -12.350750264933641, "params": {"colsample_bytree": 0.2185673098382921, "eta": 0.054105492143830654, "gamma": 559.0903089108812, "max_depth": 7.0, "min_child_weight": 4208.834886248384, "num_boost_round": 14.0, "subsample": 0.5681181578132959}, "datetime": {"datetime": "2024-01-20 14:53:45", "elapsed": 1791.899031, "delta": 0.002983}}
{"target": -12.349640368194583, "params": {"colsample_bytree": 0.2185673098382921, "eta": 0.054105492143830654, "gamma": 559.0903089108812, "max_depth": 7.0, "min_child_weight": 4208.834886248384, "num_boost_round": 15.0, "subsample": 0.5681181578132959}, "datetime": {"datetime": "2024-01-20 14:53:45", "elapsed": 1791.901935, "delta": 0.002904}}
{"target": -12.349026106182892, "params": {"colsample_bytree": 0.2185673098382921, "eta": 0.054105492143830654, "gamma": 559.0903089108812, "max_depth": 7.0, "min_child_weight": 4208.834886248384, "num_boost_round": 16.0, "subsample": 0.5681181578132959}, "datetime": {"datetime": "2024-01-20 14:53:45", "elapsed": 1791.904869, "delta": 0.002934}}
{"target": -12.349138655565183, "params": {"colsample_bytree": 0.2185673098382921, "eta": 0.054105492143830654, "gamma": 559.0903089108812, "max_depth": 7.0, "min_child_weight": 4208.834886248384, "num_boost_round": 17.0, "subsample": 0.5681181578132959}, "datetime": {"datetime": "2024-01-20 14:53:45", "elapsed": 1791.907702, "delta": 0.002833}}
{"target": -12.34923360731544, "params": {"colsample_bytree": 0.2185673098382921, "eta": 0.054105492143830654, "gamma": 559.0903089108812, "max_depth": 7.0, "min_child_weight": 4208.834886248384, "num_boost_round": 18.0, "subsample": 0.5681181578132959}, "datetime": {"datetime": "2024-01-20 14:53:45", "elapsed": 1791.910572, "delta": 0.00287}}
{"target": -12.349031330962067, "params": {"colsample_bytree": 0.2185673098382921, "eta": 0.054105492143830654, "gamma": 559.0903089108812, "max_depth": 7.0, "min_child_weight": 4208.834886248384, "num_boost_round": 19.0, "subsample": 0.5681181578132959}, "datetime": {"datetime": "2024-01-20 14:53:45", "elapsed": 1791.913421, "delta": 0.002849}}
{"target": -12.349037001492054, "params": {"colsample_bytree": 0.2185673098382921, "eta": 0.054105492143830654, "gamma": 559.0903089108812, "max_depth": 7.0, "min_child_weight": 4208.834886248384, "num_boost_round": 20.0, "subsample": 0.5681181578132959}, "datetime": {"datetime": "2024-01-20 14:53:45", "elapsed": 1791.916272, "delta": 0.002851}}
{"target": -12.3490326269757, "params": {"colsample_bytree": 0.2185673098382921, "eta": 0.054105492143830654, "gamma": 559.0903089108812, "max_depth": 7.0, "min_child_weight": 4208.834886248384, "num_boost_round": 21.0, "subsample": 0.5681181578132959}, "datetime": {"datetime": "2024-01-20 14:53:45", "elapsed": 1791.919332, "delta": 0.00306}}
{"target": -12.34907470801728, "params": {"colsample_bytree": 0.2185673098382921, "eta": 0.054105492143830654, "gamma": 559.0903089108812, "max_depth": 7.0, "min_child_weight": 4208.834886248384, "num_boost_round": 22.0, "subsample": 0.5681181578132959}, "datetime": {"datetime": "2024-01-20 14:53:45", "elapsed": 1791.922315, "delta": 0.002983}}
{"target": -12.34916422976793, "params": {"colsample_bytree": 0.2185673098382921, "eta": 0.054105492143830654, "gamma": 559.0903089108812, "max_depth": 7.0, "min_child_weight": 4208.834886248384, "num_boost_round": 23.0, "subsample": 0.5681181578132959}, "datetime": {"datetime": "2024-01-20 14:53:45", "elapsed": 1791.925339, "delta": 0.003024}}
{"target": -12.349487740185253, "params": {"colsample_bytree": 0.2185673098382921, "eta": 0.054105492143830654, "gamma": 559.0903089108812, "max_depth": 7.0, "min_child_weight": 4208.834886248384, "num_boost_round": 24.0, "subsample": 0.5681181578132959}, "datetime": {"datetime": "2024-01-20 14:53:45", "elapsed": 1791.928385, "delta": 0.003046}}
{"target": -12.347962331606805, "params": {"colsample_bytree": 0.2185673098382921, "eta": 0.054105492143830654, "gamma": 559.0903089108812, "max_depth": 7.0, "min_child_weight": 4208.834886248384, "num_boost_round": 25.0, "subsample": 0.5681181578132959}, "datetime": {"datetime": "2024-01-20 14:53:45", "elapsed": 1791.931259, "delta": 0.002874}}
{"target": -12.34801876839585, "params": {"colsample_bytree": 0.2185673098382921, "eta": 0.054105492143830654, "gamma": 559.0903089108812, "max_depth": 7.0, "min_child_weight": 4208.834886248384, "num_boost_round": 26.0, "subsample": 0.5681181578132959}, "datetime": {"datetime": "2024-01-20 14:53:45", "elapsed": 1791.934146, "delta": 0.002887}}
{"target": -12.348173666079118, "params": {"colsample_bytree": 0.2185673098382921, "eta": 0.054105492143830654, "gamma": 559.0903089108812, "max_depth": 7.0, "min_child_weight": 4208.834886248384, "num_boost_round": 27.0, "subsample": 0.5681181578132959}, "datetime": {"datetime": "2024-01-20 14:53:45", "elapsed": 1791.937048, "delta": 0.002902}}
{"target": -12.348123680387719, "params": {"colsample_bytree": 0.2185673098382921, "eta": 0.054105492143830654, "gamma": 559.0903089108812, "max_depth": 7.0, "min_child_weight": 4208.834886248384, "num_boost_round": 28.0, "subsample": 0.5681181578132959}, "datetime": {"datetime": "2024-01-20 14:53:45", "elapsed": 1791.940048, "delta": 0.003}}
{"target": -12.348054141515778, "params": {"colsample_bytree": 0.2185673098382921, "eta": 0.054105492143830654, "gamma": 559.0903089108812, "max_depth": 7.0, "min_child_weight": 4208.834886248384, "num_boost_round": 29.0, "subsample": 0.5681181578132959}, "datetime": {"datetime": "2024-01-20 14:53:45", "elapsed": 1791.94297, "delta": 0.002922}}
{"target": -12.347380015310861, "params": {"colsample_bytree": 0.2185673098382921, "eta": 0.054105492143830654, "gamma": 559.0903089108812, "max_depth": 7.0, "min_child_weight": 4208.834886248384, "num_boost_round": 30.0, "subsample": 0.5681181578132959}, "datetime": {"datetime": "2024-01-20 14:53:45", "elapsed": 1791.945839, "delta": 0.002869}}
{"target": -12.345922878388379, "params": {"colsample_bytree": 0.2185673098382921, "eta": 0.054105492143830654, "gamma": 559.0903089108812, "max_depth": 7.0, "min_child_weight": 4208.834886248384, "num_boost_round": 31.0, "subsample": 0.5681181578132959}, "datetime": {"datetime": "2024-01-20 14:53:45", "elapsed": 1791.948709, "delta": 0.00287}}
{"target": -12.34595061681674, "params": {"colsample_bytree": 0.2185673098382921, "eta": 0.054105492143830654, "gamma": 559.0903089108812, "max_depth": 7.0, "min_child_weight": 4208.834886248384, "num_boost_round": 32.0, "subsample": 0.5681181578132959}, "datetime": {"datetime": "2024-01-20 14:53:45", "elapsed": 1791.951592, "delta": 0.002883}}
{"target": -12.345946552728034, "params": {"colsample_bytree": 0.2185673098382921, "eta": 0.054105492143830654, "gamma": 559.0903089108812, "max_depth": 7.0, "min_child_weight": 4208.834886248384, "num_boost_round": 33.0, "subsample": 0.5681181578132959}, "datetime": {"datetime": "2024-01-20 14:53:45", "elapsed": 1791.954483, "delta": 0.002891}}
{"target": -12.34597729147773, "params": {"colsample_bytree": 0.2185673098382921, "eta": 0.054105492143830654, "gamma": 559.0903089108812, "max_depth": 7.0, "min_child_weight": 4208.834886248384, "num_boost_round": 34.0, "subsample": 0.5681181578132959}, "datetime": {"datetime": "2024-01-20 14:53:45", "elapsed": 1791.957366, "delta": 0.002883}}
{"target": -12.34665761349711, "params": {"colsample_bytree": 0.2185673098382921, "eta": 0.054105492143830654, "gamma": 559.0903089108812, "max_depth": 7.0, "min_child_weight": 4208.834886248384, "num_boost_round": 35.0, "subsample": 0.5681181578132959}, "datetime": {"datetime": "2024-01-20 14:53:45", "elapsed": 1791.960411, "delta": 0.003045}}
{"target": -12.346758207267175, "params": {"colsample_bytree": 0.2185673098382921, "eta": 0.054105492143830654, "gamma": 559.0903089108812, "max_depth": 7.0, "min_child_weight": 4208.834886248384, "num_boost_round": 36.0, "subsample": 0.5681181578132959}, "datetime": {"datetime": "2024-01-20 14:53:45", "elapsed": 1791.963425, "delta": 0.003014}}
{"target": -12.347202885859444, "params": {"colsample_bytree": 0.2185673098382921, "eta": 0.054105492143830654, "gamma": 559.0903089108812, "max_depth": 7.0, "min_child_weight": 4208.834886248384, "num_boost_round": 37.0, "subsample": 0.5681181578132959}, "datetime": {"datetime": "2024-01-20 14:53:45", "elapsed": 1791.966309, "delta": 0.002884}}
{"target": -12.347573091910405, "params": {"colsample_bytree": 0.2185673098382921, "eta": 0.054105492143830654, "gamma": 559.0903089108812, "max_depth": 7.0, "min_child_weight": 4208.834886248384, "num_boost_round": 38.0, "subsample": 0.5681181578132959}, "datetime": {"datetime": "2024-01-20 14:53:45", "elapsed": 1791.969192, "delta": 0.002883}}
{"target": -12.34766603358645, "params": {"colsample_bytree": 0.2185673098382921, "eta": 0.054105492143830654, "gamma": 559.0903089108812, "max_depth": 7.0, "min_child_weight": 4208.834886248384, "num_boost_round": 39.0, "subsample": 0.5681181578132959}, "datetime": {"datetime": "2024-01-20 14:53:45", "elapsed": 1791.972109, "delta": 0.002917}}
{"target": -12.347577877068778, "params": {"colsample_bytree": 0.2185673098382921, "eta": 0.054105492143830654, "gamma": 559.0903089108812, "max_depth": 7.0, "min_child_weight": 4208.834886248384, "num_boost_round": 40.0, "subsample": 0.5681181578132959}, "datetime": {"datetime": "2024-01-20 14:53:45", "elapsed": 1791.975019, "delta": 0.00291}}
{"target": -12.346407697174673, "params": {"colsample_bytree": 0.2185673098382921, "eta": 0.054105492143830654, "gamma": 559.0903089108812, "max_depth": 7.0, "min_child_weight": 4208.834886248384, "num_boost_round": 41.0, "subsample": 0.5681181578132959}, "datetime": {"datetime": "2024-01-20 14:53:45", "elapsed": 1791.977998, "delta": 0.002979}}
{"target": -12.345168203123741, "params": {"colsample_bytree": 0.2185673098382921, "eta": 0.054105492143830654, "gamma": 559.0903089108812, "max_depth": 7.0, "min_child_weight": 4208.834886248384, "num_boost_round": 42.0, "subsample": 0.5681181578132959}, "datetime": {"datetime": "2024-01-20 14:53:45", "elapsed": 1791.980894, "delta": 0.002896}}
{"target": -12.345223210485702, "params": {"colsample_bytree": 0.2185673098382921, "eta": 0.054105492143830654, "gamma": 559.0903089108812, "max_depth": 7.0, "min_child_weight": 4208.834886248384, "num_boost_round": 43.0, "subsample": 0.5681181578132959}, "datetime": {"datetime": "2024-01-20 14:53:45", "elapsed": 1791.983876, "delta": 0.002982}}
{"target": -12.345457724761634, "params": {"colsample_bytree": 0.2185673098382921, "eta": 0.054105492143830654, "gamma": 559.0903089108812, "max_depth": 7.0, "min_child_weight": 4208.834886248384, "num_boost_round": 44.0, "subsample": 0.5681181578132959}, "datetime": {"datetime": "2024-01-20 14:53:45", "elapsed": 1791.986785, "delta": 0.002909}}
{"target": -12.34555307384242, "params": {"colsample_bytree": 0.2185673098382921, "eta": 0.054105492143830654, "gamma": 559.0903089108812, "max_depth": 7.0, "min_child_weight": 4208.834886248384, "num_boost_round": 45.0, "subsample": 0.5681181578132959}, "datetime": {"datetime": "2024-01-20 14:53:45", "elapsed": 1791.989696, "delta": 0.002911}}
{"target": -12.345663095426595, "params": {"colsample_bytree": 0.2185673098382921, "eta": 0.054105492143830654, "gamma": 559.0903089108812, "max_depth": 7.0, "min_child_weight": 4208.834886248384, "num_boost_round": 46.0, "subsample": 0.5681181578132959}, "datetime": {"datetime": "2024-01-20 14:53:45", "elapsed": 1791.992625, "delta": 0.002929}}
