{"target": -12.356835254893818, "params": {"colsample_bytree": 0.15473348927302805, "eta": 0.05587155537024568, "gamma": 599.1595559453643, "max_depth": 9.0, "min_child_weight": 4227.602215184823, "num_boost_round": 3.0, "subsample": 0.2739305049775427}, "datetime": {"datetime": "2024-01-20 14:33:16", "elapsed": 563.136717, "delta": 0.002077}}
{"target": -12.356772819183552, "params": {"colsample_bytree": 0.15473348927302805, "eta": 0.05587155537024568, "gamma": 599.1595559453643, "max_depth": 9.0, "min_child_weight": 4227.602215184823, "num_boost_round": 4.0, "subsample": 0.2739305049775427}, "datetime": {"datetime": "2024-01-20 14:33:16", "elapsed": 563.138241, "delta": 0.001524}}
{"target": -12.356769490696346, "params": {"colsample_bytree": 0.15473348927302805, "eta": 0.05587155537024568, "gamma": 599.1595559453643, "max_depth": 9.0, "min_child_weight": 4227.602215184823, "num_boost_round": 5.0, "subsample": 0.2739305049775427}, "datetime": {"datetime": "2024-01-20 14:33:16", "elapsed": 563.139512, "delta": 0.001271}}
{"target": -12.356635550435751, "params": {"colsample_bytree": 0.15473348927302805, "eta": 0.05587155537024568, "gamma": 599.1595559453643, "max_depth": 9.0, "min_child_weight": 4227.602215184823, "num_boost_round": 6.0, "subsample": 0.2739305049775427}, "datetime": {"datetime": "2024-01-20 14:33:16", "elapsed": 563.140766, "delta": 0.001254}}
{"target": -12.356672526527415, "params": {"colsample_bytree": 0.15473348927302805, "eta": 0.05587155537024568, "gamma": 599.1595559453643, "max_depth": 9.0, "min_child_weight": 4227.602215184823, "num_boost_round": 7.0, "subsample": 0.2739305049775427}, "datetime": {"datetime": "2024-01-20 14:33:16", "elapsed": 563.142106, "delta": 0.00134}}
{"target": -12.355262766318415, "params": {"colsample_bytree": 0.15473348927302805, "eta": 0.05587155537024568, "gamma": 599.1595559453643, "max_depth": 9.0, "min_child_weight": 4227.602215184823, "num_boost_round": 8.0, "subsample": 0.2739305049775427}, "datetime": {"datetime": "2024-01-20 14:33:16", "elapsed": 563.143347, "delta": 0.001241}}
{"target": -12.355272629887459, "params": {"colsample_bytree": 0.15473348927302805, "eta": 0.05587155537024568, "gamma": 599.1595559453643, "max_depth": 9.0, "min_child_weight": 4227.602215184823, "num_boost_round": 9.0, "subsample": 0.2739305049775427}, "datetime": {"datetime": "2024-01-20 14:33:16", "elapsed": 563.144621, "delta": 0.001274}}
{"target": -12.35425454253139, "params": {"colsample_bytree": 0.15473348927302805, "eta": 0.05587155537024568, "gamma": 599.1595559453643, "max_depth": 9.0, "min_child_weight": 4227.602215184823, "num_boost_round": 10.0, "subsample": 0.2739305049775427}, "datetime": {"datetime": "2024-01-20 14:33:16", "elapsed": 563.145876, "delta": 0.001255}}
{"target": -12.35335636890064, "params": {"colsample_bytree": 0.15473348927302805, "eta": 0.05587155537024568, "gamma": 599.1595559453643, "max_depth": 9.0, "min_child_weight": 4227.602215184823, "num_boost_round": 11.0, "subsample": 0.2739305049775427}, "datetime": {"datetime": "2024-01-20 14:33:16", "elapsed": 563.147121, "delta": 0.001245}}
{"target": -12.353224237225781, "params": {"colsample_bytree": 0.15473348927302805, "eta": 0.05587155537024568, "gamma": 599.1595559453643, "max_depth": 9.0, "min_child_weight": 4227.602215184823, "num_boost_round": 12.0, "subsample": 0.2739305049775427}, "datetime": {"datetime": "2024-01-20 14:33:16", "elapsed": 563.148392, "delta": 0.001271}}
{"target": -12.353135615075285, "params": {"colsample_bytree": 0.15473348927302805, "eta": 0.05587155537024568, "gamma": 599.1595559453643, "max_depth": 9.0, "min_child_weight": 4227.602215184823, "num_boost_round": 13.0, "subsample": 0.2739305049775427}, "datetime": {"datetime": "2024-01-20 14:33:16", "elapsed": 563.149632, "delta": 0.00124}}
{"target": -12.353108170692979, "params": {"colsample_bytree": 0.15473348927302805, "eta": 0.05587155537024568, "gamma": 599.1595559453643, "max_depth": 9.0, "min_child_weight": 4227.602215184823, "num_boost_round": 14.0, "subsample": 0.2739305049775427}, "datetime": {"datetime": "2024-01-20 14:33:16", "elapsed": 563.150889, "delta": 0.001257}}
{"target": -12.351994606204594, "params": {"colsample_bytree": 0.15473348927302805, "eta": 0.05587155537024568, "gamma": 599.1595559453643, "max_depth": 9.0, "min_child_weight": 4227.602215184823, "num_boost_round": 15.0, "subsample": 0.2739305049775427}, "datetime": {"datetime": "2024-01-20 14:33:16", "elapsed": 563.152154, "delta": 0.001265}}
{"target": -12.352029477137108, "params": {"colsample_bytree": 0.15473348927302805, "eta": 0.05587155537024568, "gamma": 599.1595559453643, "max_depth": 9.0, "min_child_weight": 4227.602215184823, "num_boost_round": 16.0, "subsample": 0.2739305049775427}, "datetime": {"datetime": "2024-01-20 14:33:16", "elapsed": 563.153408, "delta": 0.001254}}
{"target": -12.352066634952148, "params": {"colsample_bytree": 0.15473348927302805, "eta": 0.05587155537024568, "gamma": 599.1595559453643, "max_depth": 9.0, "min_child_weight": 4227.602215184823, "num_boost_round": 17.0, "subsample": 0.2739305049775427}, "datetime": {"datetime": "2024-01-20 14:33:16", "elapsed": 563.154658, "delta": 0.00125}}
{"target": -12.352152855894392, "params": {"colsample_bytree": 0.15473348927302805, "eta": 0.05587155537024568, "gamma": 599.1595559453643, "max_depth": 9.0, "min_child_weight": 4227.602215184823, "num_boost_round": 18.0, "subsample": 0.2739305049775427}, "datetime": {"datetime": "2024-01-20 14:33:16", "elapsed": 563.155909, "delta": 0.001251}}
{"target": -12.351961714632292, "params": {"colsample_bytree": 0.15473348927302805, "eta": 0.05587155537024568, "gamma": 599.1595559453643, "max_depth": 9.0, "min_child_weight": 4227.602215184823, "num_boost_round": 19.0, "subsample": 0.2739305049775427}, "datetime": {"datetime": "2024-01-20 14:33:16", "elapsed": 563.157275, "delta": 0.001366}}
{"target": -12.35203103691532, "params": {"colsample_bytree": 0.15473348927302805, "eta": 0.05587155537024568, "gamma": 599.1595559453643, "max_depth": 9.0, "min_child_weight": 4227.602215184823, "num_boost_round": 20.0, "subsample": 0.2739305049775427}, "datetime": {"datetime": "2024-01-20 14:33:16", "elapsed": 563.15857, "delta": 0.001295}}
{"target": -12.35199321570314, "params": {"colsample_bytree": 0.15473348927302805, "eta": 0.05587155537024568, "gamma": 599.1595559453643, "max_depth": 9.0, "min_child_weight": 4227.602215184823, "num_boost_round": 21.0, "subsample": 0.2739305049775427}, "datetime": {"datetime": "2024-01-20 14:33:16", "elapsed": 563.159855, "delta": 0.001285}}
{"target": -12.35196684450849, "params": {"colsample_bytree": 0.15473348927302805, "eta": 0.05587155537024568, "gamma": 599.1595559453643, "max_depth": 9.0, "min_child_weight": 4227.602215184823, "num_boost_round": 22.0, "subsample": 0.2739305049775427}, "datetime": {"datetime": "2024-01-20 14:33:16", "elapsed": 563.161131, "delta": 0.001276}}
{"target": -12.351875513314594, "params": {"colsample_bytree": 0.15473348927302805, "eta": 0.05587155537024568, "gamma": 599.1595559453643, "max_depth": 9.0, "min_child_weight": 4227.602215184823, "num_boost_round": 23.0, "subsample": 0.2739305049775427}, "datetime": {"datetime": "2024-01-20 14:33:16", "elapsed": 563.162483, "delta": 0.001352}}
{"target": -12.352110143156375, "params": {"colsample_bytree": 0.15473348927302805, "eta": 0.05587155537024568, "gamma": 599.1595559453643, "max_depth": 9.0, "min_child_weight": 4227.602215184823, "num_boost_round": 24.0, "subsample": 0.2739305049775427}, "datetime": {"datetime": "2024-01-20 14:33:16", "elapsed": 563.163734, "delta": 0.001251}}
{"target": -12.351098648965978, "params": {"colsample_bytree": 0.15473348927302805, "eta": 0.05587155537024568, "gamma": 599.1595559453643, "max_depth": 9.0, "min_child_weight": 4227.602215184823, "num_boost_round": 25.0, "subsample": 0.2739305049775427}, "datetime": {"datetime": "2024-01-20 14:33:16", "elapsed": 563.164988, "delta": 0.001254}}
{"target": -12.35108357545753, "params": {"colsample_bytree": 0.15473348927302805, "eta": 0.05587155537024568, "gamma": 599.1595559453643, "max_depth": 9.0, "min_child_weight": 4227.602215184823, "num_boost_round": 26.0, "subsample": 0.2739305049775427}, "datetime": {"datetime": "2024-01-20 14:33:16", "elapsed": 563.166269, "delta": 0.001281}}
{"target": -12.351221851416529, "params": {"colsample_bytree": 0.15473348927302805, "eta": 0.05587155537024568, "gamma": 599.1595559453643, "max_depth": 9.0, "min_child_weight": 4227.602215184823, "num_boost_round": 27.0, "subsample": 0.2739305049775427}, "datetime": {"datetime": "2024-01-20 14:33:16", "elapsed": 563.167544, "delta": 0.001275}}
{"target": -12.351188324060317, "params": {"colsample_bytree": 0.15473348927302805, "eta": 0.05587155537024568, "gamma": 599.1595559453643, "max_depth": 9.0, "min_child_weight": 4227.602215184823, "num_boost_round": 28.0, "subsample": 0.2739305049775427}, "datetime": {"datetime": "2024-01-20 14:33:16", "elapsed": 563.168817, "delta": 0.001273}}
{"target": -12.351105940378186, "params": {"colsample_bytree": 0.15473348927302805, "eta": 0.05587155537024568, "gamma": 599.1595559453643, "max_depth": 9.0, "min_child_weight": 4227.602215184823, "num_boost_round": 29.0, "subsample": 0.2739305049775427}, "datetime": {"datetime": "2024-01-20 14:33:16", "elapsed": 563.170101, "delta": 0.001284}}
{"target": -12.350294102370107, "params": {"colsample_bytree": 0.15473348927302805, "eta": 0.05587155537024568, "gamma": 599.1595559453643, "max_depth": 9.0, "min_child_weight": 4227.602215184823, "num_boost_round": 30.0, "subsample": 0.2739305049775427}, "datetime": {"datetime": "2024-01-20 14:33:16", "elapsed": 563.171373, "delta": 0.001272}}
{"target": -12.348572193963607, "params": {"colsample_bytree": 0.15473348927302805, "eta": 0.05587155537024568, "gamma": 599.1595559453643, "max_depth": 9.0, "min_child_weight": 4227.602215184823, "num_boost_round": 31.0, "subsample": 0.2739305049775427}, "datetime": {"datetime": "2024-01-20 14:33:16", "elapsed": 563.172635, "delta": 0.001262}}
{"target": -12.34877536135107, "params": {"colsample_bytree": 0.15473348927302805, "eta": 0.05587155537024568, "gamma": 599.1595559453643, "max_depth": 9.0, "min_child_weight": 4227.602215184823, "num_boost_round": 32.0, "subsample": 0.2739305049775427}, "datetime": {"datetime": "2024-01-20 14:33:16", "elapsed": 563.173896, "delta": 0.001261}}
{"target": -12.348831490379585, "params": {"colsample_bytree": 0.15473348927302805, "eta": 0.05587155537024568, "gamma": 599.1595559453643, "max_depth": 9.0, "min_child_weight": 4227.602215184823, "num_boost_round": 33.0, "subsample": 0.2739305049775427}, "datetime": {"datetime": "2024-01-20 14:33:16", "elapsed": 563.175167, "delta": 0.001271}}
{"target": -12.348956326621993, "params": {"colsample_bytree": 0.15473348927302805, "eta": 0.05587155537024568, "gamma": 599.1595559453643, "max_depth": 9.0, "min_child_weight": 4227.602215184823, "num_boost_round": 34.0, "subsample": 0.2739305049775427}, "datetime": {"datetime": "2024-01-20 14:33:16", "elapsed": 563.176418, "delta": 0.001251}}
{"target": -12.355733859127138, "params": {"colsample_bytree": 0.9784683719426713, "eta": 0.09572029212322346, "gamma": 595.6011555505792, "max_depth": 7.0, "min_child_weight": 4245.413272948725, "num_boost_round": 1.0, "subsample": 0.11510057129502899}, "datetime": {"datetime": "2024-01-20 14:33:44", "elapsed": 590.608437, "delta": 27.432019}}
{"target": -12.353602103714728, "params": {"colsample_bytree": 0.9784683719426713, "eta": 0.09572029212322346, "gamma": 595.6011555505792, "max_depth": 7.0, "min_child_weight": 4245.413272948725, "num_boost_round": 2.0, "subsample": 0.11510057129502899}, "datetime": {"datetime": "2024-01-20 14:33:44", "elapsed": 590.610141, "delta": 0.001704}}
{"target": -12.351991719049728, "params": {"colsample_bytree": 0.9784683719426713, "eta": 0.09572029212322346, "gamma": 595.6011555505792, "max_depth": 7.0, "min_child_weight": 4245.413272948725, "num_boost_round": 3.0, "subsample": 0.11510057129502899}, "datetime": {"datetime": "2024-01-20 14:33:44", "elapsed": 590.612025, "delta": 0.001884}}
{"target": -12.351038526723352, "params": {"colsample_bytree": 0.9784683719426713, "eta": 0.09572029212322346, "gamma": 595.6011555505792, "max_depth": 7.0, "min_child_weight": 4245.413272948725, "num_boost_round": 4.0, "subsample": 0.11510057129502899}, "datetime": {"datetime": "2024-01-20 14:33:44", "elapsed": 590.6134, "delta": 0.001375}}
{"target": -12.349284865743563, "params": {"colsample_bytree": 0.9784683719426713, "eta": 0.09572029212322346, "gamma": 595.6011555505792, "max_depth": 7.0, "min_child_weight": 4245.413272948725, "num_boost_round": 5.0, "subsample": 0.11510057129502899}, "datetime": {"datetime": "2024-01-20 14:33:44", "elapsed": 590.61464, "delta": 0.00124}}
{"target": -12.347981945174777, "params": {"colsample_bytree": 0.9784683719426713, "eta": 0.09572029212322346, "gamma": 595.6011555505792, "max_depth": 7.0, "min_child_weight": 4245.413272948725, "num_boost_round": 6.0, "subsample": 0.11510057129502899}, "datetime": {"datetime": "2024-01-20 14:33:44", "elapsed": 590.615912, "delta": 0.001272}}
{"target": -12.348736144936648, "params": {"colsample_bytree": 0.9784683719426713, "eta": 0.09572029212322346, "gamma": 595.6011555505792, "max_depth": 7.0, "min_child_weight": 4245.413272948725, "num_boost_round": 7.0, "subsample": 0.11510057129502899}, "datetime": {"datetime": "2024-01-20 14:33:44", "elapsed": 590.617306, "delta": 0.001394}}
{"target": -12.347716755434302, "params": {"colsample_bytree": 0.9784683719426713, "eta": 0.09572029212322346, "gamma": 595.6011555505792, "max_depth": 7.0, "min_child_weight": 4245.413272948725, "num_boost_round": 8.0, "subsample": 0.11510057129502899}, "datetime": {"datetime": "2024-01-20 14:33:44", "elapsed": 590.618673, "delta": 0.001367}}
{"target": -12.347253359808679, "params": {"colsample_bytree": 0.9784683719426713, "eta": 0.09572029212322346, "gamma": 595.6011555505792, "max_depth": 7.0, "min_child_weight": 4245.413272948725, "num_boost_round": 9.0, "subsample": 0.11510057129502899}, "datetime": {"datetime": "2024-01-20 14:33:44", "elapsed": 590.620024, "delta": 0.001351}}
{"target": -12.346966594890944, "params": {"colsample_bytree": 0.9784683719426713, "eta": 0.09572029212322346, "gamma": 595.6011555505792, "max_depth": 7.0, "min_child_weight": 4245.413272948725, "num_boost_round": 10.0, "subsample": 0.11510057129502899}, "datetime": {"datetime": "2024-01-20 14:33:44", "elapsed": 590.621475, "delta": 0.001451}}
{"target": -12.347268637008872, "params": {"colsample_bytree": 0.9784683719426713, "eta": 0.09572029212322346, "gamma": 595.6011555505792, "max_depth": 7.0, "min_child_weight": 4245.413272948725, "num_boost_round": 11.0, "subsample": 0.11510057129502899}, "datetime": {"datetime": "2024-01-20 14:33:44", "elapsed": 590.622709, "delta": 0.001234}}
{"target": -12.34740360873526, "params": {"colsample_bytree": 0.9784683719426713, "eta": 0.09572029212322346, "gamma": 595.6011555505792, "max_depth": 7.0, "min_child_weight": 4245.413272948725, "num_boost_round": 12.0, "subsample": 0.11510057129502899}, "datetime": {"datetime": "2024-01-20 14:33:44", "elapsed": 590.623933, "delta": 0.001224}}
{"target": -12.347394126471972, "params": {"colsample_bytree": 0.9784683719426713, "eta": 0.09572029212322346, "gamma": 595.6011555505792, "max_depth": 7.0, "min_child_weight": 4245.413272948725, "num_boost_round": 13.0, "subsample": 0.11510057129502899}, "datetime": {"datetime": "2024-01-20 14:33:44", "elapsed": 590.625181, "delta": 0.001248}}
{"target": -12.346555492145395, "params": {"colsample_bytree": 0.9784683719426713, "eta": 0.09572029212322346, "gamma": 595.6011555505792, "max_depth": 7.0, "min_child_weight": 4245.413272948725, "num_boost_round": 14.0, "subsample": 0.11510057129502899}, "datetime": {"datetime": "2024-01-20 14:33:44", "elapsed": 590.626416, "delta": 0.001235}}
{"target": -12.346336312936028, "params": {"colsample_bytree": 0.9784683719426713, "eta": 0.09572029212322346, "gamma": 595.6011555505792, "max_depth": 7.0, "min_child_weight": 4245.413272948725, "num_boost_round": 15.0, "subsample": 0.11510057129502899}, "datetime": {"datetime": "2024-01-20 14:33:44", "elapsed": 590.627649, "delta": 0.001233}}
{"target": -12.34679792893479, "params": {"colsample_bytree": 0.9784683719426713, "eta": 0.09572029212322346, "gamma": 595.6011555505792, "max_depth": 7.0, "min_child_weight": 4245.413272948725, "num_boost_round": 16.0, "subsample": 0.11510057129502899}, "datetime": {"datetime": "2024-01-20 14:33:44", "elapsed": 590.628881, "delta": 0.001232}}
{"target": -12.347250773667348, "params": {"colsample_bytree": 0.9784683719426713, "eta": 0.09572029212322346, "gamma": 595.6011555505792, "max_depth": 7.0, "min_child_weight": 4245.413272948725, "num_boost_round": 17.0, "subsample": 0.11510057129502899}, "datetime": {"datetime": "2024-01-20 14:33:44", "elapsed": 590.63013, "delta": 0.001249}}
{"target": -12.347329877808566, "params": {"colsample_bytree": 0.9784683719426713, "eta": 0.09572029212322346, "gamma": 595.6011555505792, "max_depth": 7.0, "min_child_weight": 4245.413272948725, "num_boost_round": 18.0, "subsample": 0.11510057129502899}, "datetime": {"datetime": "2024-01-20 14:33:44", "elapsed": 590.631353, "delta": 0.001223}}
{"target": -12.347572005404457, "params": {"colsample_bytree": 0.9784683719426713, "eta": 0.09572029212322346, "gamma": 595.6011555505792, "max_depth": 7.0, "min_child_weight": 4245.413272948725, "num_boost_round": 19.0, "subsample": 0.11510057129502899}, "datetime": {"datetime": "2024-01-20 14:33:44", "elapsed": 590.632578, "delta": 0.001225}}
{"target": -12.347700561051042, "params": {"colsample_bytree": 0.9784683719426713, "eta": 0.09572029212322346, "gamma": 595.6011555505792, "max_depth": 7.0, "min_child_weight": 4245.413272948725, "num_boost_round": 20.0, "subsample": 0.11510057129502899}, "datetime": {"datetime": "2024-01-20 14:33:44", "elapsed": 590.633826, "delta": 0.001248}}
{"target": -12.347746389995306, "params": {"colsample_bytree": 0.9784683719426713, "eta": 0.09572029212322346, "gamma": 595.6011555505792, "max_depth": 7.0, "min_child_weight": 4245.413272948725, "num_boost_round": 21.0, "subsample": 0.11510057129502899}, "datetime": {"datetime": "2024-01-20 14:33:44", "elapsed": 590.635065, "delta": 0.001239}}
{"target": -12.347275247401678, "params": {"colsample_bytree": 0.9784683719426713, "eta": 0.09572029212322346, "gamma": 595.6011555505792, "max_depth": 7.0, "min_child_weight": 4245.413272948725, "num_boost_round": 22.0, "subsample": 0.11510057129502899}, "datetime": {"datetime": "2024-01-20 14:33:44", "elapsed": 590.636313, "delta": 0.001248}}
{"target": -12.347352996881655, "params": {"colsample_bytree": 0.9784683719426713, "eta": 0.09572029212322346, "gamma": 595.6011555505792, "max_depth": 7.0, "min_child_weight": 4245.413272948725, "num_boost_round": 23.0, "subsample": 0.11510057129502899}, "datetime": {"datetime": "2024-01-20 14:33:44", "elapsed": 590.637729, "delta": 0.001416}}
{"target": -12.347621563472007, "params": {"colsample_bytree": 0.9784683719426713, "eta": 0.09572029212322346, "gamma": 595.6011555505792, "max_depth": 7.0, "min_child_weight": 4245.413272948725, "num_boost_round": 24.0, "subsample": 0.11510057129502899}, "datetime": {"datetime": "2024-01-20 14:33:44", "elapsed": 590.639058, "delta": 0.001329}}
{"target": -12.347339499403263, "params": {"colsample_bytree": 0.9784683719426713, "eta": 0.09572029212322346, "gamma": 595.6011555505792, "max_depth": 7.0, "min_child_weight": 4245.413272948725, "num_boost_round": 25.0, "subsample": 0.11510057129502899}, "datetime": {"datetime": "2024-01-20 14:33:44", "elapsed": 590.640428, "delta": 0.00137}}
{"target": -12.346892950405042, "params": {"colsample_bytree": 0.9784683719426713, "eta": 0.09572029212322346, "gamma": 595.6011555505792, "max_depth": 7.0, "min_child_weight": 4245.413272948725, "num_boost_round": 26.0, "subsample": 0.11510057129502899}, "datetime": {"datetime": "2024-01-20 14:33:44", "elapsed": 590.641808, "delta": 0.00138}}
{"target": -12.347354866562132, "params": {"colsample_bytree": 0.9784683719426713, "eta": 0.09572029212322346, "gamma": 595.6011555505792, "max_depth": 7.0, "min_child_weight": 4245.413272948725, "num_boost_round": 27.0, "subsample": 0.11510057129502899}, "datetime": {"datetime": "2024-01-20 14:33:44", "elapsed": 590.643204, "delta": 0.001396}}
{"target": -12.347047519360501, "params": {"colsample_bytree": 0.9784683719426713, "eta": 0.09572029212322346, "gamma": 595.6011555505792, "max_depth": 7.0, "min_child_weight": 4245.413272948725, "num_boost_round": 28.0, "subsample": 0.11510057129502899}, "datetime": {"datetime": "2024-01-20 14:33:44", "elapsed": 590.644709, "delta": 0.001505}}
{"target": -12.347278755153877, "params": {"colsample_bytree": 0.9784683719426713, "eta": 0.09572029212322346, "gamma": 595.6011555505792, "max_depth": 7.0, "min_child_weight": 4245.413272948725, "num_boost_round": 29.0, "subsample": 0.11510057129502899}, "datetime": {"datetime": "2024-01-20 14:33:44", "elapsed": 590.646023, "delta": 0.001314}}
{"target": -12.347191054864656, "params": {"colsample_bytree": 0.9784683719426713, "eta": 0.09572029212322346, "gamma": 595.6011555505792, "max_depth": 7.0, "min_child_weight": 4245.413272948725, "num_boost_round": 30.0, "subsample": 0.11510057129502899}, "datetime": {"datetime": "2024-01-20 14:33:44", "elapsed": 590.647377, "delta": 0.001354}}
{"target": -12.357619639051252, "params": {"colsample_bytree": 0.6890219500687873, "eta": 0.03670521043509079, "gamma": 521.5780314828204, "max_depth": 6.0, "min_child_weight": 4219.012598119841, "num_boost_round": 1.0, "subsample": 0.8275832060718115}, "datetime": {"datetime": "2024-01-20 14:34:13", "elapsed": 620.088395, "delta": 29.441018}}
