{"target": -10.488944842567385, "params": {"colsample_bytree": 0.5939321535345923, "eta": 0.07152178474357823, "gamma": 602.7633760716438, "max_depth": 6.0, "min_child_weight": 4237.124338589708, "num_boost_round": 64.0, "subsample": 0.49382849013642327}, "datetime": {"datetime": "2024-01-20 13:25:07", "elapsed": 0.024651, "delta": 0.000201}}
{"target": -10.489243843951765, "params": {"colsample_bytree": 0.5939321535345923, "eta": 0.07152178474357823, "gamma": 602.7633760716438, "max_depth": 6.0, "min_child_weight": 4237.124338589708, "num_boost_round": 65.0, "subsample": 0.49382849013642327}, "datetime": {"datetime": "2024-01-20 13:25:07", "elapsed": 0.024857, "delta": 0.000206}}
{"target": -10.48920522586635, "params": {"colsample_bytree": 0.5939321535345923, "eta": 0.07152178474357823, "gamma": 602.7633760716438, "max_depth": 6.0, "min_child_weight": 4237.124338589708, "num_boost_round": 66.0, "subsample": 0.49382849013642327}, "datetime": {"datetime": "2024-01-20 13:25:07", "elapsed": 0.025065, "delta": 0.000208}}
{"target": -10.489301543274806, "params": {"colsample_bytree": 0.5939321535345923, "eta": 0.07152178474357823, "gamma": 602.7633760716438, "max_depth": 6.0, "min_child_weight": 4237.124338589708, "num_boost_round": 67.0, "subsample": 0.49382849013642327}, "datetime": {"datetime": "2024-01-20 13:25:07", "elapsed": 0.025281, "delta": 0.000216}}
{"target": -10.489658604065975, "params": {"colsample_bytree": 0.5939321535345923, "eta": 0.07152178474357823, "gamma": 602.7633760716438, "max_depth": 6.0, "min_child_weight": 4237.124338589708, "num_boost_round": 68.0, "subsample": 0.49382849013642327}, "datetime": {"datetime": "2024-01-20 13:25:07", "elapsed": 0.025488, "delta": 0.000207}}
{"target": -10.489741845728652, "params": {"colsample_bytree": 0.5939321535345923, "eta": 0.07152178474357823, "gamma": 602.7633760716438, "max_depth": 6.0, "min_child_weight": 4237.124338589708, "num_boost_round": 69.0, "subsample": 0.49382849013642327}, "datetime": {"datetime": "2024-01-20 13:25:07", "elapsed": 0.025699, "delta": 0.000211}}
{"target": -10.49003982123298, "params": {"colsample_bytree": 0.5939321535345923, "eta": 0.07152178474357823, "gamma": 602.7633760716438, "max_depth": 6.0, "min_child_weight": 4237.124338589708, "num_boost_round": 70.0, "subsample": 0.49382849013642327}, "datetime": {"datetime": "2024-01-20 13:25:07", "elapsed": 0.025912, "delta": 0.000213}}
{"target": -10.490124847748255, "params": {"colsample_bytree": 0.5939321535345923, "eta": 0.07152178474357823, "gamma": 602.7633760716438, "max_depth": 6.0, "min_child_weight": 4237.124338589708, "num_boost_round": 71.0, "subsample": 0.49382849013642327}, "datetime": {"datetime": "2024-01-20 13:25:07", "elapsed": 0.026148, "delta": 0.000236}}
{"target": -10.49042920069598, "params": {"colsample_bytree": 0.5939321535345923, "eta": 0.07152178474357823, "gamma": 602.7633760716438, "max_depth": 6.0, "min_child_weight": 4237.124338589708, "num_boost_round": 72.0, "subsample": 0.49382849013642327}, "datetime": {"datetime": "2024-01-20 13:25:07", "elapsed": 0.026373, "delta": 0.000225}}
{"target": -10.490486149891382, "params": {"colsample_bytree": 0.5939321535345923, "eta": 0.07152178474357823, "gamma": 602.7633760716438, "max_depth": 6.0, "min_child_weight": 4237.124338589708, "num_boost_round": 73.0, "subsample": 0.49382849013642327}, "datetime": {"datetime": "2024-01-20 13:25:07", "elapsed": 0.02659, "delta": 0.000217}}
{"target": -10.490867217805388, "params": {"colsample_bytree": 0.5939321535345923, "eta": 0.07152178474357823, "gamma": 602.7633760716438, "max_depth": 6.0, "min_child_weight": 4237.124338589708, "num_boost_round": 74.0, "subsample": 0.49382849013642327}, "datetime": {"datetime": "2024-01-20 13:25:07", "elapsed": 0.026811, "delta": 0.000221}}
{"target": -10.491087073349163, "params": {"colsample_bytree": 0.5939321535345923, "eta": 0.07152178474357823, "gamma": 602.7633760716438, "max_depth": 6.0, "min_child_weight": 4237.124338589708, "num_boost_round": 75.0, "subsample": 0.49382849013642327}, "datetime": {"datetime": "2024-01-20 13:25:07", "elapsed": 0.027027, "delta": 0.000216}}
{"target": -10.491236879064516, "params": {"colsample_bytree": 0.5939321535345923, "eta": 0.07152178474357823, "gamma": 602.7633760716438, "max_depth": 6.0, "min_child_weight": 4237.124338589708, "num_boost_round": 76.0, "subsample": 0.49382849013642327}, "datetime": {"datetime": "2024-01-20 13:25:07", "elapsed": 0.027267, "delta": 0.00024}}
{"target": -10.491604665050883, "params": {"colsample_bytree": 0.5939321535345923, "eta": 0.07152178474357823, "gamma": 602.7633760716438, "max_depth": 6.0, "min_child_weight": 4237.124338589708, "num_boost_round": 77.0, "subsample": 0.49382849013642327}, "datetime": {"datetime": "2024-01-20 13:25:07", "elapsed": 0.027493, "delta": 0.000226}}
{"target": -10.491651777504146, "params": {"colsample_bytree": 0.5939321535345923, "eta": 0.07152178474357823, "gamma": 602.7633760716438, "max_depth": 6.0, "min_child_weight": 4237.124338589708, "num_boost_round": 78.0, "subsample": 0.49382849013642327}, "datetime": {"datetime": "2024-01-20 13:25:07", "elapsed": 0.02772, "delta": 0.000227}}
{"target": -10.49193454430741, "params": {"colsample_bytree": 0.5939321535345923, "eta": 0.07152178474357823, "gamma": 602.7633760716438, "max_depth": 6.0, "min_child_weight": 4237.124338589708, "num_boost_round": 79.0, "subsample": 0.49382849013642327}, "datetime": {"datetime": "2024-01-20 13:25:07", "elapsed": 0.027948, "delta": 0.000228}}
{"target": -10.492113232385076, "params": {"colsample_bytree": 0.5939321535345923, "eta": 0.07152178474357823, "gamma": 602.7633760716438, "max_depth": 6.0, "min_child_weight": 4237.124338589708, "num_boost_round": 80.0, "subsample": 0.49382849013642327}, "datetime": {"datetime": "2024-01-20 13:25:07", "elapsed": 0.028184, "delta": 0.000236}}
{"target": -10.491916317239827, "params": {"colsample_bytree": 0.5939321535345923, "eta": 0.07152178474357823, "gamma": 602.7633760716438, "max_depth": 6.0, "min_child_weight": 4237.124338589708, "num_boost_round": 81.0, "subsample": 0.49382849013642327}, "datetime": {"datetime": "2024-01-20 13:25:07", "elapsed": 0.028465, "delta": 0.000281}}
{"target": -10.49200655545756, "params": {"colsample_bytree": 0.5939321535345923, "eta": 0.07152178474357823, "gamma": 602.7633760716438, "max_depth": 6.0, "min_child_weight": 4237.124338589708, "num_boost_round": 82.0, "subsample": 0.49382849013642327}, "datetime": {"datetime": "2024-01-20 13:25:07", "elapsed": 0.028698, "delta": 0.000233}}
{"target": -10.492344251537082, "params": {"colsample_bytree": 0.5939321535345923, "eta": 0.07152178474357823, "gamma": 602.7633760716438, "max_depth": 6.0, "min_child_weight": 4237.124338589708, "num_boost_round": 83.0, "subsample": 0.49382849013642327}, "datetime": {"datetime": "2024-01-20 13:25:07", "elapsed": 0.028925, "delta": 0.000227}}
{"target": -10.492562763506719, "params": {"colsample_bytree": 0.5939321535345923, "eta": 0.07152178474357823, "gamma": 602.7633760716438, "max_depth": 6.0, "min_child_weight": 4237.124338589708, "num_boost_round": 84.0, "subsample": 0.49382849013642327}, "datetime": {"datetime": "2024-01-20 13:25:07", "elapsed": 0.029168, "delta": 0.000243}}
{"target": -10.492998263554494, "params": {"colsample_bytree": 0.5939321535345923, "eta": 0.07152178474357823, "gamma": 602.7633760716438, "max_depth": 6.0, "min_child_weight": 4237.124338589708, "num_boost_round": 85.0, "subsample": 0.49382849013642327}, "datetime": {"datetime": "2024-01-20 13:25:07", "elapsed": 0.029404, "delta": 0.000236}}
{"target": -10.493472684765326, "params": {"colsample_bytree": 0.5939321535345923, "eta": 0.07152178474357823, "gamma": 602.7633760716438, "max_depth": 6.0, "min_child_weight": 4237.124338589708, "num_boost_round": 86.0, "subsample": 0.49382849013642327}, "datetime": {"datetime": "2024-01-20 13:25:07", "elapsed": 0.02964, "delta": 0.000236}}
{"target": -10.493813923173558, "params": {"colsample_bytree": 0.5939321535345923, "eta": 0.07152178474357823, "gamma": 602.7633760716438, "max_depth": 6.0, "min_child_weight": 4237.124338589708, "num_boost_round": 87.0, "subsample": 0.49382849013642327}, "datetime": {"datetime": "2024-01-20 13:25:07", "elapsed": 0.029888, "delta": 0.000248}}
{"target": -10.493939938293781, "params": {"colsample_bytree": 0.5939321535345923, "eta": 0.07152178474357823, "gamma": 602.7633760716438, "max_depth": 6.0, "min_child_weight": 4237.124338589708, "num_boost_round": 88.0, "subsample": 0.49382849013642327}, "datetime": {"datetime": "2024-01-20 13:25:07", "elapsed": 0.03014, "delta": 0.000252}}
{"target": -10.494040532207068, "params": {"colsample_bytree": 0.5939321535345923, "eta": 0.07152178474357823, "gamma": 602.7633760716438, "max_depth": 6.0, "min_child_weight": 4237.124338589708, "num_boost_round": 89.0, "subsample": 0.49382849013642327}, "datetime": {"datetime": "2024-01-20 13:25:07", "elapsed": 0.030383, "delta": 0.000243}}
{"target": -10.494047073517123, "params": {"colsample_bytree": 0.5939321535345923, "eta": 0.07152178474357823, "gamma": 602.7633760716438, "max_depth": 6.0, "min_child_weight": 4237.124338589708, "num_boost_round": 90.0, "subsample": 0.49382849013642327}, "datetime": {"datetime": "2024-01-20 13:25:07", "elapsed": 0.030627, "delta": 0.000244}}
{"target": -10.49424742282906, "params": {"colsample_bytree": 0.5939321535345923, "eta": 0.07152178474357823, "gamma": 602.7633760716438, "max_depth": 6.0, "min_child_weight": 4237.124338589708, "num_boost_round": 91.0, "subsample": 0.49382849013642327}, "datetime": {"datetime": "2024-01-20 13:25:07", "elapsed": 0.03087, "delta": 0.000243}}
{"target": -10.49456441721498, "params": {"colsample_bytree": 0.5939321535345923, "eta": 0.07152178474357823, "gamma": 602.7633760716438, "max_depth": 6.0, "min_child_weight": 4237.124338589708, "num_boost_round": 92.0, "subsample": 0.49382849013642327}, "datetime": {"datetime": "2024-01-20 13:25:07", "elapsed": 0.03112, "delta": 0.00025}}
{"target": -10.494972655596825, "params": {"colsample_bytree": 0.5939321535345923, "eta": 0.07152178474357823, "gamma": 602.7633760716438, "max_depth": 6.0, "min_child_weight": 4237.124338589708, "num_boost_round": 93.0, "subsample": 0.49382849013642327}, "datetime": {"datetime": "2024-01-20 13:25:07", "elapsed": 0.03137, "delta": 0.00025}}
{"target": -10.495165947071088, "params": {"colsample_bytree": 0.5939321535345923, "eta": 0.07152178474357823, "gamma": 602.7633760716438, "max_depth": 6.0, "min_child_weight": 4237.124338589708, "num_boost_round": 94.0, "subsample": 0.49382849013642327}, "datetime": {"datetime": "2024-01-20 13:25:07", "elapsed": 0.031617, "delta": 0.000247}}
{"target": -10.495386887691454, "params": {"colsample_bytree": 0.5939321535345923, "eta": 0.07152178474357823, "gamma": 602.7633760716438, "max_depth": 6.0, "min_child_weight": 4237.124338589708, "num_boost_round": 95.0, "subsample": 0.49382849013642327}, "datetime": {"datetime": "2024-01-20 13:25:07", "elapsed": 0.031865, "delta": 0.000248}}
{"target": -10.495558614623341, "params": {"colsample_bytree": 0.5939321535345923, "eta": 0.07152178474357823, "gamma": 602.7633760716438, "max_depth": 6.0, "min_child_weight": 4237.124338589708, "num_boost_round": 96.0, "subsample": 0.49382849013642327}, "datetime": {"datetime": "2024-01-20 13:25:07", "elapsed": 0.032121, "delta": 0.000256}}
{"target": -10.495634501364082, "params": {"colsample_bytree": 0.5939321535345923, "eta": 0.07152178474357823, "gamma": 602.7633760716438, "max_depth": 6.0, "min_child_weight": 4237.124338589708, "num_boost_round": 97.0, "subsample": 0.49382849013642327}, "datetime": {"datetime": "2024-01-20 13:25:07", "elapsed": 0.032378, "delta": 0.000257}}
{"target": -10.495806683074038, "params": {"colsample_bytree": 0.5939321535345923, "eta": 0.07152178474357823, "gamma": 602.7633760716438, "max_depth": 6.0, "min_child_weight": 4237.124338589708, "num_boost_round": 98.0, "subsample": 0.49382849013642327}, "datetime": {"datetime": "2024-01-20 13:25:07", "elapsed": 0.032631, "delta": 0.000253}}
{"target": -10.49601436433965, "params": {"colsample_bytree": 0.5939321535345923, "eta": 0.07152178474357823, "gamma": 602.7633760716438, "max_depth": 6.0, "min_child_weight": 4237.124338589708, "num_boost_round": 99.0, "subsample": 0.49382849013642327}, "datetime": {"datetime": "2024-01-20 13:25:07", "elapsed": 0.03289, "delta": 0.000259}}
{"target": -10.496335448894408, "params": {"colsample_bytree": 0.5939321535345923, "eta": 0.07152178474357823, "gamma": 602.7633760716438, "max_depth": 6.0, "min_child_weight": 4237.124338589708, "num_boost_round": 100.0, "subsample": 0.49382849013642327}, "datetime": {"datetime": "2024-01-20 13:25:07", "elapsed": 0.033156, "delta": 0.000266}}
{"target": -10.496702972483483, "params": {"colsample_bytree": 0.5939321535345923, "eta": 0.07152178474357823, "gamma": 602.7633760716438, "max_depth": 6.0, "min_child_weight": 4237.124338589708, "num_boost_round": 101.0, "subsample": 0.49382849013642327}, "datetime": {"datetime": "2024-01-20 13:25:07", "elapsed": 0.033414, "delta": 0.000258}}
{"target": -10.496882662876466, "params": {"colsample_bytree": 0.5939321535345923, "eta": 0.07152178474357823, "gamma": 602.7633760716438, "max_depth": 6.0, "min_child_weight": 4237.124338589708, "num_boost_round": 102.0, "subsample": 0.49382849013642327}, "datetime": {"datetime": "2024-01-20 13:25:07", "elapsed": 0.033674, "delta": 0.00026}}
{"target": -10.496945313717447, "params": {"colsample_bytree": 0.5939321535345923, "eta": 0.07152178474357823, "gamma": 602.7633760716438, "max_depth": 6.0, "min_child_weight": 4237.124338589708, "num_boost_round": 103.0, "subsample": 0.49382849013642327}, "datetime": {"datetime": "2024-01-20 13:25:07", "elapsed": 0.033936, "delta": 0.000262}}
{"target": -10.497160970167446, "params": {"colsample_bytree": 0.5939321535345923, "eta": 0.07152178474357823, "gamma": 602.7633760716438, "max_depth": 6.0, "min_child_weight": 4237.124338589708, "num_boost_round": 104.0, "subsample": 0.49382849013642327}, "datetime": {"datetime": "2024-01-20 13:25:07", "elapsed": 0.034204, "delta": 0.000268}}
{"target": -10.497382628730348, "params": {"colsample_bytree": 0.5939321535345923, "eta": 0.07152178474357823, "gamma": 602.7633760716438, "max_depth": 6.0, "min_child_weight": 4237.124338589708, "num_boost_round": 105.0, "subsample": 0.49382849013642327}, "datetime": {"datetime": "2024-01-20 13:25:07", "elapsed": 0.034476, "delta": 0.000272}}
{"target": -10.497970044921558, "params": {"colsample_bytree": 0.5939321535345923, "eta": 0.07152178474357823, "gamma": 602.7633760716438, "max_depth": 6.0, "min_child_weight": 4237.124338589708, "num_boost_round": 106.0, "subsample": 0.49382849013642327}, "datetime": {"datetime": "2024-01-20 13:25:07", "elapsed": 0.034738, "delta": 0.000262}}
{"target": -10.498276705032032, "params": {"colsample_bytree": 0.5939321535345923, "eta": 0.07152178474357823, "gamma": 602.7633760716438, "max_depth": 6.0, "min_child_weight": 4237.124338589708, "num_boost_round": 107.0, "subsample": 0.49382849013642327}, "datetime": {"datetime": "2024-01-20 13:25:07", "elapsed": 0.034999, "delta": 0.000261}}
{"target": -10.498421596658385, "params": {"colsample_bytree": 0.5939321535345923, "eta": 0.07152178474357823, "gamma": 602.7633760716438, "max_depth": 6.0, "min_child_weight": 4237.124338589708, "num_boost_round": 108.0, "subsample": 0.49382849013642327}, "datetime": {"datetime": "2024-01-20 13:25:07", "elapsed": 0.035273, "delta": 0.000274}}
{"target": -10.49854542463446, "params": {"colsample_bytree": 0.5939321535345923, "eta": 0.07152178474357823, "gamma": 602.7633760716438, "max_depth": 6.0, "min_child_weight": 4237.124338589708, "num_boost_round": 109.0, "subsample": 0.49382849013642327}, "datetime": {"datetime": "2024-01-20 13:25:07", "elapsed": 0.035545, "delta": 0.000272}}
{"target": -10.49852535128087, "params": {"colsample_bytree": 0.5939321535345923, "eta": 0.07152178474357823, "gamma": 602.7633760716438, "max_depth": 6.0, "min_child_weight": 4237.124338589708, "num_boost_round": 110.0, "subsample": 0.49382849013642327}, "datetime": {"datetime": "2024-01-20 13:25:07", "elapsed": 0.035817, "delta": 0.000272}}
{"target": -10.498731066066021, "params": {"colsample_bytree": 0.5939321535345923, "eta": 0.07152178474357823, "gamma": 602.7633760716438, "max_depth": 6.0, "min_child_weight": 4237.124338589708, "num_boost_round": 111.0, "subsample": 0.49382849013642327}, "datetime": {"datetime": "2024-01-20 13:25:07", "elapsed": 0.036098, "delta": 0.000281}}
{"target": -10.499059124574178, "params": {"colsample_bytree": 0.5939321535345923, "eta": 0.07152178474357823, "gamma": 602.7633760716438, "max_depth": 6.0, "min_child_weight": 4237.124338589708, "num_boost_round": 112.0, "subsample": 0.49382849013642327}, "datetime": {"datetime": "2024-01-20 13:25:07", "elapsed": 0.036389, "delta": 0.000291}}
{"target": -10.499106828841837, "params": {"colsample_bytree": 0.5939321535345923, "eta": 0.07152178474357823, "gamma": 602.7633760716438, "max_depth": 6.0, "min_child_weight": 4237.124338589708, "num_boost_round": 113.0, "subsample": 0.49382849013642327}, "datetime": {"datetime": "2024-01-20 13:25:07", "elapsed": 0.036716, "delta": 0.000327}}
{"target": -10.499552273029629, "params": {"colsample_bytree": 0.5939321535345923, "eta": 0.07152178474357823, "gamma": 602.7633760716438, "max_depth": 6.0, "min_child_weight": 4237.124338589708, "num_boost_round": 114.0, "subsample": 0.49382849013642327}, "datetime": {"datetime": "2024-01-20 13:25:07", "elapsed": 0.036997, "delta": 0.000281}}
{"target": -10.4997597015925, "params": {"colsample_bytree": 0.5939321535345923, "eta": 0.07152178474357823, "gamma": 602.7633760716438, "max_depth": 6.0, "min_child_weight": 4237.124338589708, "num_boost_round": 115.0, "subsample": 0.49382849013642327}, "datetime": {"datetime": "2024-01-20 13:25:07", "elapsed": 0.037284, "delta": 0.000287}}
{"target": -10.499903120597246, "params": {"colsample_bytree": 0.5939321535345923, "eta": 0.07152178474357823, "gamma": 602.7633760716438, "max_depth": 6.0, "min_child_weight": 4237.124338589708, "num_boost_round": 116.0, "subsample": 0.49382849013642327}, "datetime": {"datetime": "2024-01-20 13:25:07", "elapsed": 0.03757, "delta": 0.000286}}
{"target": -10.500161233166622, "params": {"colsample_bytree": 0.5939321535345923, "eta": 0.07152178474357823, "gamma": 602.7633760716438, "max_depth": 6.0, "min_child_weight": 4237.124338589708, "num_boost_round": 117.0, "subsample": 0.49382849013642327}, "datetime": {"datetime": "2024-01-20 13:25:07", "elapsed": 0.037939, "delta": 0.000369}}
{"target": -10.50018716981267, "params": {"colsample_bytree": 0.5939321535345923, "eta": 0.07152178474357823, "gamma": 602.7633760716438, "max_depth": 6.0, "min_child_weight": 4237.124338589708, "num_boost_round": 118.0, "subsample": 0.49382849013642327}, "datetime": {"datetime": "2024-01-20 13:25:07", "elapsed": 0.038234, "delta": 0.000295}}
{"target": -10.50019748474686, "params": {"colsample_bytree": 0.5939321535345923, "eta": 0.07152178474357823, "gamma": 602.7633760716438, "max_depth": 6.0, "min_child_weight": 4237.124338589708, "num_boost_round": 119.0, "subsample": 0.49382849013642327}, "datetime": {"datetime": "2024-01-20 13:25:07", "elapsed": 0.038523, "delta": 0.000289}}
{"target": -10.500339226493555, "params": {"colsample_bytree": 0.5939321535345923, "eta": 0.07152178474357823, "gamma": 602.7633760716438, "max_depth": 6.0, "min_child_weight": 4237.124338589708, "num_boost_round": 120.0, "subsample": 0.49382849013642327}, "datetime": {"datetime": "2024-01-20 13:25:07", "elapsed": 0.038805, "delta": 0.000282}}
{"target": -10.500922583998594, "params": {"colsample_bytree": 0.5939321535345923, "eta": 0.07152178474357823, "gamma": 602.7633760716438, "max_depth": 6.0, "min_child_weight": 4237.124338589708, "num_boost_round": 121.0, "subsample": 0.49382849013642327}, "datetime": {"datetime": "2024-01-20 13:25:07", "elapsed": 0.039097, "delta": 0.000292}}
{"target": -10.501023287735306, "params": {"colsample_bytree": 0.5939321535345923, "eta": 0.07152178474357823, "gamma": 602.7633760716438, "max_depth": 6.0, "min_child_weight": 4237.124338589708, "num_boost_round": 122.0, "subsample": 0.49382849013642327}, "datetime": {"datetime": "2024-01-20 13:25:07", "elapsed": 0.03939, "delta": 0.000293}}
{"target": -10.501334086418623, "params": {"colsample_bytree": 0.5939321535345923, "eta": 0.07152178474357823, "gamma": 602.7633760716438, "max_depth": 6.0, "min_child_weight": 4237.124338589708, "num_boost_round": 123.0, "subsample": 0.49382849013642327}, "datetime": {"datetime": "2024-01-20 13:25:07", "elapsed": 0.039678, "delta": 0.000288}}
{"target": -10.501560907083846, "params": {"colsample_bytree": 0.5939321535345923, "eta": 0.07152178474357823, "gamma": 602.7633760716438, "max_depth": 6.0, "min_child_weight": 4237.124338589708, "num_boost_round": 124.0, "subsample": 0.49382849013642327}, "datetime": {"datetime": "2024-01-20 13:25:07", "elapsed": 0.039967, "delta": 0.000289}}
{"target": -10.501690325992554, "params": {"colsample_bytree": 0.5939321535345923, "eta": 0.07152178474357823, "gamma": 602.7633760716438, "max_depth": 6.0, "min_child_weight": 4237.124338589708, "num_boost_round": 125.0, "subsample": 0.49382849013642327}, "datetime": {"datetime": "2024-01-20 13:25:07", "elapsed": 0.040268, "delta": 0.000301}}
{"target": -10.501685069151666, "params": {"colsample_bytree": 0.5939321535345923, "eta": 0.07152178474357823, "gamma": 602.7633760716438, "max_depth": 6.0, "min_child_weight": 4237.124338589708, "num_boost_round": 126.0, "subsample": 0.49382849013642327}, "datetime": {"datetime": "2024-01-20 13:25:07", "elapsed": 0.040562, "delta": 0.000294}}
