{"target": -10.298806721122952, "params": {"colsample_bytree": 0.4796661097878794, "eta": 0.0478155736334336, "gamma": 748.4507509806715, "max_depth": 7.0, "min_child_weight": 4300.378622474331, "num_boost_round": 6.0, "subsample": 0.3780058200380695}, "datetime": {"datetime": "2024-01-20 13:41:30", "elapsed": 1188.339495, "delta": 0.001356}}
{"target": -10.298926374032604, "params": {"colsample_bytree": 0.4796661097878794, "eta": 0.0478155736334336, "gamma": 748.4507509806715, "max_depth": 7.0, "min_child_weight": 4300.378622474331, "num_boost_round": 7.0, "subsample": 0.3780058200380695}, "datetime": {"datetime": "2024-01-20 13:41:30", "elapsed": 1188.3407, "delta": 0.001205}}
{"target": -10.299082986289788, "params": {"colsample_bytree": 0.4796661097878794, "eta": 0.0478155736334336, "gamma": 748.4507509806715, "max_depth": 7.0, "min_child_weight": 4300.378622474331, "num_boost_round": 8.0, "subsample": 0.3780058200380695}, "datetime": {"datetime": "2024-01-20 13:41:30", "elapsed": 1188.341968, "delta": 0.001268}}
{"target": -10.299298821373089, "params": {"colsample_bytree": 0.4796661097878794, "eta": 0.0478155736334336, "gamma": 748.4507509806715, "max_depth": 7.0, "min_child_weight": 4300.378622474331, "num_boost_round": 9.0, "subsample": 0.3780058200380695}, "datetime": {"datetime": "2024-01-20 13:41:30", "elapsed": 1188.343024, "delta": 0.001056}}
{"target": -10.299593567048115, "params": {"colsample_bytree": 0.4796661097878794, "eta": 0.0478155736334336, "gamma": 748.4507509806715, "max_depth": 7.0, "min_child_weight": 4300.378622474331, "num_boost_round": 10.0, "subsample": 0.3780058200380695}, "datetime": {"datetime": "2024-01-20 13:41:30", "elapsed": 1188.344079, "delta": 0.001055}}
{"target": -10.299716061435436, "params": {"colsample_bytree": 0.4796661097878794, "eta": 0.0478155736334336, "gamma": 748.4507509806715, "max_depth": 7.0, "min_child_weight": 4300.378622474331, "num_boost_round": 11.0, "subsample": 0.3780058200380695}, "datetime": {"datetime": "2024-01-20 13:41:30", "elapsed": 1188.345101, "delta": 0.001022}}
{"target": -10.30018789313808, "params": {"colsample_bytree": 0.4796661097878794, "eta": 0.0478155736334336, "gamma": 748.4507509806715, "max_depth": 7.0, "min_child_weight": 4300.378622474331, "num_boost_round": 12.0, "subsample": 0.3780058200380695}, "datetime": {"datetime": "2024-01-20 13:41:30", "elapsed": 1188.346176, "delta": 0.001075}}
{"target": -10.300023063700973, "params": {"colsample_bytree": 0.4796661097878794, "eta": 0.0478155736334336, "gamma": 748.4507509806715, "max_depth": 7.0, "min_child_weight": 4300.378622474331, "num_boost_round": 13.0, "subsample": 0.3780058200380695}, "datetime": {"datetime": "2024-01-20 13:41:30", "elapsed": 1188.347319, "delta": 0.001143}}
{"target": -10.300244703984196, "params": {"colsample_bytree": 0.4796661097878794, "eta": 0.0478155736334336, "gamma": 748.4507509806715, "max_depth": 7.0, "min_child_weight": 4300.378622474331, "num_boost_round": 14.0, "subsample": 0.3780058200380695}, "datetime": {"datetime": "2024-01-20 13:41:30", "elapsed": 1188.348421, "delta": 0.001102}}
{"target": -10.300583212241948, "params": {"colsample_bytree": 0.4796661097878794, "eta": 0.0478155736334336, "gamma": 748.4507509806715, "max_depth": 7.0, "min_child_weight": 4300.378622474331, "num_boost_round": 15.0, "subsample": 0.3780058200380695}, "datetime": {"datetime": "2024-01-20 13:41:30", "elapsed": 1188.349529, "delta": 0.001108}}
{"target": -10.300722071547185, "params": {"colsample_bytree": 0.4796661097878794, "eta": 0.0478155736334336, "gamma": 748.4507509806715, "max_depth": 7.0, "min_child_weight": 4300.378622474331, "num_boost_round": 16.0, "subsample": 0.3780058200380695}, "datetime": {"datetime": "2024-01-20 13:41:30", "elapsed": 1188.350699, "delta": 0.00117}}
{"target": -10.301034414839997, "params": {"colsample_bytree": 0.4796661097878794, "eta": 0.0478155736334336, "gamma": 748.4507509806715, "max_depth": 7.0, "min_child_weight": 4300.378622474331, "num_boost_round": 17.0, "subsample": 0.3780058200380695}, "datetime": {"datetime": "2024-01-20 13:41:30", "elapsed": 1188.351834, "delta": 0.001135}}
{"target": -10.301192290145664, "params": {"colsample_bytree": 0.4796661097878794, "eta": 0.0478155736334336, "gamma": 748.4507509806715, "max_depth": 7.0, "min_child_weight": 4300.378622474331, "num_boost_round": 18.0, "subsample": 0.3780058200380695}, "datetime": {"datetime": "2024-01-20 13:41:30", "elapsed": 1188.35296, "delta": 0.001126}}
{"target": -10.30154610482924, "params": {"colsample_bytree": 0.4796661097878794, "eta": 0.0478155736334336, "gamma": 748.4507509806715, "max_depth": 7.0, "min_child_weight": 4300.378622474331, "num_boost_round": 19.0, "subsample": 0.3780058200380695}, "datetime": {"datetime": "2024-01-20 13:41:30", "elapsed": 1188.353965, "delta": 0.001005}}
{"target": -10.298304190636031, "params": {"colsample_bytree": 0.3544364598554056, "eta": 0.018449763237224914, "gamma": 482.4151145367547, "max_depth": 8.0, "min_child_weight": 4353.271793300632, "num_boost_round": 1.0, "subsample": 0.6566827164720247}, "datetime": {"datetime": "2024-01-20 13:41:53", "elapsed": 1211.696783, "delta": 23.342818}}
{"target": -10.298298468595508, "params": {"colsample_bytree": 0.3544364598554056, "eta": 0.018449763237224914, "gamma": 482.4151145367547, "max_depth": 8.0, "min_child_weight": 4353.271793300632, "num_boost_round": 2.0, "subsample": 0.6566827164720247}, "datetime": {"datetime": "2024-01-20 13:41:53", "elapsed": 1211.698824, "delta": 0.002041}}
{"target": -10.298373136236776, "params": {"colsample_bytree": 0.3544364598554056, "eta": 0.018449763237224914, "gamma": 482.4151145367547, "max_depth": 8.0, "min_child_weight": 4353.271793300632, "num_boost_round": 3.0, "subsample": 0.6566827164720247}, "datetime": {"datetime": "2024-01-20 13:41:53", "elapsed": 1211.700113, "delta": 0.001289}}
{"target": -10.298371889324146, "params": {"colsample_bytree": 0.7940475653211824, "eta": 0.03905122923660088, "gamma": 447.3123000019712, "max_depth": 9.0, "min_child_weight": 4397.091576148783, "num_boost_round": 1.0, "subsample": 0.6531009846282618}, "datetime": {"datetime": "2024-01-20 13:42:37", "elapsed": 1255.489227, "delta": 43.789114}}
{"target": -10.298517183752324, "params": {"colsample_bytree": 0.7940475653211824, "eta": 0.03905122923660088, "gamma": 447.3123000019712, "max_depth": 9.0, "min_child_weight": 4397.091576148783, "num_boost_round": 2.0, "subsample": 0.6531009846282618}, "datetime": {"datetime": "2024-01-20 13:42:37", "elapsed": 1255.491903, "delta": 0.002676}}
{"target": -10.298650628003902, "params": {"colsample_bytree": 0.7940475653211824, "eta": 0.03905122923660088, "gamma": 447.3123000019712, "max_depth": 9.0, "min_child_weight": 4397.091576148783, "num_boost_round": 3.0, "subsample": 0.6531009846282618}, "datetime": {"datetime": "2024-01-20 13:42:37", "elapsed": 1255.49364, "delta": 0.001737}}
{"target": -10.298761530560508, "params": {"colsample_bytree": 0.7940475653211824, "eta": 0.03905122923660088, "gamma": 447.3123000019712, "max_depth": 9.0, "min_child_weight": 4397.091576148783, "num_boost_round": 4.0, "subsample": 0.6531009846282618}, "datetime": {"datetime": "2024-01-20 13:42:37", "elapsed": 1255.494905, "delta": 0.001265}}
{"target": -10.298972248821434, "params": {"colsample_bytree": 0.7940475653211824, "eta": 0.03905122923660088, "gamma": 447.3123000019712, "max_depth": 9.0, "min_child_weight": 4397.091576148783, "num_boost_round": 5.0, "subsample": 0.6531009846282618}, "datetime": {"datetime": "2024-01-20 13:42:37", "elapsed": 1255.496006, "delta": 0.001101}}
{"target": -10.299325480171833, "params": {"colsample_bytree": 0.7940475653211824, "eta": 0.03905122923660088, "gamma": 447.3123000019712, "max_depth": 9.0, "min_child_weight": 4397.091576148783, "num_boost_round": 6.0, "subsample": 0.6531009846282618}, "datetime": {"datetime": "2024-01-20 13:42:37", "elapsed": 1255.497095, "delta": 0.001089}}
{"target": -10.299557186633972, "params": {"colsample_bytree": 0.7940475653211824, "eta": 0.03905122923660088, "gamma": 447.3123000019712, "max_depth": 9.0, "min_child_weight": 4397.091576148783, "num_boost_round": 7.0, "subsample": 0.6531009846282618}, "datetime": {"datetime": "2024-01-20 13:42:37", "elapsed": 1255.49825, "delta": 0.001155}}
{"target": -10.29963659044492, "params": {"colsample_bytree": 0.7940475653211824, "eta": 0.03905122923660088, "gamma": 447.3123000019712, "max_depth": 9.0, "min_child_weight": 4397.091576148783, "num_boost_round": 8.0, "subsample": 0.6531009846282618}, "datetime": {"datetime": "2024-01-20 13:42:37", "elapsed": 1255.500562, "delta": 0.002312}}
{"target": -10.299767595752524, "params": {"colsample_bytree": 0.7940475653211824, "eta": 0.03905122923660088, "gamma": 447.3123000019712, "max_depth": 9.0, "min_child_weight": 4397.091576148783, "num_boost_round": 9.0, "subsample": 0.6531009846282618}, "datetime": {"datetime": "2024-01-20 13:42:37", "elapsed": 1255.501653, "delta": 0.001091}}
{"target": -10.300097175534319, "params": {"colsample_bytree": 0.7940475653211824, "eta": 0.03905122923660088, "gamma": 447.3123000019712, "max_depth": 9.0, "min_child_weight": 4397.091576148783, "num_boost_round": 10.0, "subsample": 0.6531009846282618}, "datetime": {"datetime": "2024-01-20 13:42:37", "elapsed": 1255.502845, "delta": 0.001192}}
{"target": -10.300451635855058, "params": {"colsample_bytree": 0.7940475653211824, "eta": 0.03905122923660088, "gamma": 447.3123000019712, "max_depth": 9.0, "min_child_weight": 4397.091576148783, "num_boost_round": 11.0, "subsample": 0.6531009846282618}, "datetime": {"datetime": "2024-01-20 13:42:37", "elapsed": 1255.503992, "delta": 0.001147}}
{"target": -10.300653401070246, "params": {"colsample_bytree": 0.7940475653211824, "eta": 0.03905122923660088, "gamma": 447.3123000019712, "max_depth": 9.0, "min_child_weight": 4397.091576148783, "num_boost_round": 12.0, "subsample": 0.6531009846282618}, "datetime": {"datetime": "2024-01-20 13:42:37", "elapsed": 1255.505034, "delta": 0.001042}}
{"target": -10.300938583214952, "params": {"colsample_bytree": 0.7940475653211824, "eta": 0.03905122923660088, "gamma": 447.3123000019712, "max_depth": 9.0, "min_child_weight": 4397.091576148783, "num_boost_round": 13.0, "subsample": 0.6531009846282618}, "datetime": {"datetime": "2024-01-20 13:42:37", "elapsed": 1255.506079, "delta": 0.001045}}
{"target": -10.30128051041719, "params": {"colsample_bytree": 0.7940475653211824, "eta": 0.03905122923660088, "gamma": 447.3123000019712, "max_depth": 9.0, "min_child_weight": 4397.091576148783, "num_boost_round": 14.0, "subsample": 0.6531009846282618}, "datetime": {"datetime": "2024-01-20 13:42:37", "elapsed": 1255.507097, "delta": 0.001018}}
{"target": -10.301635829334337, "params": {"colsample_bytree": 0.7940475653211824, "eta": 0.03905122923660088, "gamma": 447.3123000019712, "max_depth": 9.0, "min_child_weight": 4397.091576148783, "num_boost_round": 15.0, "subsample": 0.6531009846282618}, "datetime": {"datetime": "2024-01-20 13:42:37", "elapsed": 1255.508115, "delta": 0.001018}}
{"target": -10.301849662053424, "params": {"colsample_bytree": 0.7940475653211824, "eta": 0.03905122923660088, "gamma": 447.3123000019712, "max_depth": 9.0, "min_child_weight": 4397.091576148783, "num_boost_round": 16.0, "subsample": 0.6531009846282618}, "datetime": {"datetime": "2024-01-20 13:42:37", "elapsed": 1255.509223, "delta": 0.001108}}
{"target": -10.302166118883589, "params": {"colsample_bytree": 0.7940475653211824, "eta": 0.03905122923660088, "gamma": 447.3123000019712, "max_depth": 9.0, "min_child_weight": 4397.091576148783, "num_boost_round": 17.0, "subsample": 0.6531009846282618}, "datetime": {"datetime": "2024-01-20 13:42:37", "elapsed": 1255.51032, "delta": 0.001097}}
{"target": -10.298245106868649, "params": {"colsample_bytree": 0.9399244994241182, "eta": 0.06472224472492025, "gamma": 538.3026530308306, "max_depth": 9.0, "min_child_weight": 4304.953441096778, "num_boost_round": 1.0, "subsample": 0.6807290090719494}, "datetime": {"datetime": "2024-01-20 13:42:59", "elapsed": 1277.27979, "delta": 21.76947}}
{"target": -10.29834105058264, "params": {"colsample_bytree": 0.9399244994241182, "eta": 0.06472224472492025, "gamma": 538.3026530308306, "max_depth": 9.0, "min_child_weight": 4304.953441096778, "num_boost_round": 2.0, "subsample": 0.6807290090719494}, "datetime": {"datetime": "2024-01-20 13:42:59", "elapsed": 1277.281818, "delta": 0.002028}}
{"target": -10.298284217123745, "params": {"colsample_bytree": 0.3247312388176572, "eta": 0.021732199066429852, "gamma": 427.970329706669, "max_depth": 2.0, "min_child_weight": 4044.100421556749, "num_boost_round": 1.0, "subsample": 0.2464990967755233}, "datetime": {"datetime": "2024-01-20 13:43:22", "elapsed": 1299.993905, "delta": 22.712087}}
{"target": -10.298279628877875, "params": {"colsample_bytree": 0.3247312388176572, "eta": 0.021732199066429852, "gamma": 427.970329706669, "max_depth": 2.0, "min_child_weight": 4044.100421556749, "num_boost_round": 2.0, "subsample": 0.2464990967755233}, "datetime": {"datetime": "2024-01-20 13:43:22", "elapsed": 1299.995936, "delta": 0.002031}}
{"target": -10.298371346255657, "params": {"colsample_bytree": 0.3247312388176572, "eta": 0.021732199066429852, "gamma": 427.970329706669, "max_depth": 2.0, "min_child_weight": 4044.100421556749, "num_boost_round": 3.0, "subsample": 0.2464990967755233}, "datetime": {"datetime": "2024-01-20 13:43:22", "elapsed": 1299.997867, "delta": 0.001931}}
{"target": -10.298296064274309, "params": {"colsample_bytree": 0.3247312388176572, "eta": 0.021732199066429852, "gamma": 427.970329706669, "max_depth": 2.0, "min_child_weight": 4044.100421556749, "num_boost_round": 4.0, "subsample": 0.2464990967755233}, "datetime": {"datetime": "2024-01-20 13:43:22", "elapsed": 1299.999023, "delta": 0.001156}}
{"target": -10.297570542278162, "params": {"colsample_bytree": 0.43604713394822003, "eta": 0.09922148725268828, "gamma": 791.4170655231218, "max_depth": 2.0, "min_child_weight": 4027.7188750166497, "num_boost_round": 1.0, "subsample": 0.12002687482425155}, "datetime": {"datetime": "2024-01-20 13:43:43", "elapsed": 1320.890666, "delta": 20.891643}}
{"target": -10.298142459036812, "params": {"colsample_bytree": 0.24683400356298102, "eta": 0.08677503822864606, "gamma": 386.9995384291056, "max_depth": 2.0, "min_child_weight": 4086.8620568201686, "num_boost_round": 1.0, "subsample": 0.8045736944286178}, "datetime": {"datetime": "2024-01-20 13:44:17", "elapsed": 1354.911564, "delta": 34.020898}}
{"target": -10.298268100611939, "params": {"colsample_bytree": 0.24683400356298102, "eta": 0.08677503822864606, "gamma": 386.9995384291056, "max_depth": 2.0, "min_child_weight": 4086.8620568201686, "num_boost_round": 2.0, "subsample": 0.8045736944286178}, "datetime": {"datetime": "2024-01-20 13:44:17", "elapsed": 1354.915771, "delta": 0.004207}}
{"target": -10.298520781584664, "params": {"colsample_bytree": 0.24683400356298102, "eta": 0.08677503822864606, "gamma": 386.9995384291056, "max_depth": 2.0, "min_child_weight": 4086.8620568201686, "num_boost_round": 3.0, "subsample": 0.8045736944286178}, "datetime": {"datetime": "2024-01-20 13:44:17", "elapsed": 1354.917226, "delta": 0.001455}}
{"target": -10.298799087003552, "params": {"colsample_bytree": 0.24683400356298102, "eta": 0.08677503822864606, "gamma": 386.9995384291056, "max_depth": 2.0, "min_child_weight": 4086.8620568201686, "num_boost_round": 4.0, "subsample": 0.8045736944286178}, "datetime": {"datetime": "2024-01-20 13:44:17", "elapsed": 1354.918442, "delta": 0.001216}}
{"target": -10.299231532305974, "params": {"colsample_bytree": 0.24683400356298102, "eta": 0.08677503822864606, "gamma": 386.9995384291056, "max_depth": 2.0, "min_child_weight": 4086.8620568201686, "num_boost_round": 5.0, "subsample": 0.8045736944286178}, "datetime": {"datetime": "2024-01-20 13:44:17", "elapsed": 1354.919537, "delta": 0.001095}}
{"target": -10.299927467595909, "params": {"colsample_bytree": 0.24683400356298102, "eta": 0.08677503822864606, "gamma": 386.9995384291056, "max_depth": 2.0, "min_child_weight": 4086.8620568201686, "num_boost_round": 6.0, "subsample": 0.8045736944286178}, "datetime": {"datetime": "2024-01-20 13:44:17", "elapsed": 1354.920611, "delta": 0.001074}}
{"target": -10.300526940882861, "params": {"colsample_bytree": 0.24683400356298102, "eta": 0.08677503822864606, "gamma": 386.9995384291056, "max_depth": 2.0, "min_child_weight": 4086.8620568201686, "num_boost_round": 7.0, "subsample": 0.8045736944286178}, "datetime": {"datetime": "2024-01-20 13:44:17", "elapsed": 1354.92173, "delta": 0.001119}}
{"target": -10.300956822599098, "params": {"colsample_bytree": 0.24683400356298102, "eta": 0.08677503822864606, "gamma": 386.9995384291056, "max_depth": 2.0, "min_child_weight": 4086.8620568201686, "num_boost_round": 8.0, "subsample": 0.8045736944286178}, "datetime": {"datetime": "2024-01-20 13:44:17", "elapsed": 1354.922787, "delta": 0.001057}}
{"target": -10.300899601699214, "params": {"colsample_bytree": 0.24683400356298102, "eta": 0.08677503822864606, "gamma": 386.9995384291056, "max_depth": 2.0, "min_child_weight": 4086.8620568201686, "num_boost_round": 9.0, "subsample": 0.8045736944286178}, "datetime": {"datetime": "2024-01-20 13:44:17", "elapsed": 1354.92391, "delta": 0.001123}}
{"target": -10.301412908176658, "params": {"colsample_bytree": 0.24683400356298102, "eta": 0.08677503822864606, "gamma": 386.9995384291056, "max_depth": 2.0, "min_child_weight": 4086.8620568201686, "num_boost_round": 10.0, "subsample": 0.8045736944286178}, "datetime": {"datetime": "2024-01-20 13:44:17", "elapsed": 1354.924956, "delta": 0.001046}}
{"target": -10.301301492781548, "params": {"colsample_bytree": 0.24683400356298102, "eta": 0.08677503822864606, "gamma": 386.9995384291056, "max_depth": 2.0, "min_child_weight": 4086.8620568201686, "num_boost_round": 11.0, "subsample": 0.8045736944286178}, "datetime": {"datetime": "2024-01-20 13:44:17", "elapsed": 1354.926033, "delta": 0.001077}}
{"target": -10.301393967605401, "params": {"colsample_bytree": 0.24683400356298102, "eta": 0.08677503822864606, "gamma": 386.9995384291056, "max_depth": 2.0, "min_child_weight": 4086.8620568201686, "num_boost_round": 12.0, "subsample": 0.8045736944286178}, "datetime": {"datetime": "2024-01-20 13:44:17", "elapsed": 1354.927112, "delta": 0.001079}}
{"target": -10.301528443920107, "params": {"colsample_bytree": 0.24683400356298102, "eta": 0.08677503822864606, "gamma": 386.9995384291056, "max_depth": 2.0, "min_child_weight": 4086.8620568201686, "num_boost_round": 13.0, "subsample": 0.8045736944286178}, "datetime": {"datetime": "2024-01-20 13:44:17", "elapsed": 1354.928177, "delta": 0.001065}}
{"target": -10.301869894051116, "params": {"colsample_bytree": 0.24683400356298102, "eta": 0.08677503822864606, "gamma": 386.9995384291056, "max_depth": 2.0, "min_child_weight": 4086.8620568201686, "num_boost_round": 14.0, "subsample": 0.8045736944286178}, "datetime": {"datetime": "2024-01-20 13:44:17", "elapsed": 1354.929336, "delta": 0.001159}}
{"target": -10.30245392498553, "params": {"colsample_bytree": 0.24683400356298102, "eta": 0.08677503822864606, "gamma": 386.9995384291056, "max_depth": 2.0, "min_child_weight": 4086.8620568201686, "num_boost_round": 15.0, "subsample": 0.8045736944286178}, "datetime": {"datetime": "2024-01-20 13:44:17", "elapsed": 1354.93049, "delta": 0.001154}}
{"target": -10.302671057233841, "params": {"colsample_bytree": 0.24683400356298102, "eta": 0.08677503822864606, "gamma": 386.9995384291056, "max_depth": 2.0, "min_child_weight": 4086.8620568201686, "num_boost_round": 16.0, "subsample": 0.8045736944286178}, "datetime": {"datetime": "2024-01-20 13:44:17", "elapsed": 1354.93155, "delta": 0.00106}}
{"target": -10.303605039842843, "params": {"colsample_bytree": 0.24683400356298102, "eta": 0.08677503822864606, "gamma": 386.9995384291056, "max_depth": 2.0, "min_child_weight": 4086.8620568201686, "num_boost_round": 17.0, "subsample": 0.8045736944286178}, "datetime": {"datetime": "2024-01-20 13:44:17", "elapsed": 1354.932635, "delta": 0.001085}}
{"target": -10.298104063906825, "params": {"colsample_bytree": 0.49853420773961243, "eta": 0.04723624138270062, "gamma": 869.9454324480331, "max_depth": 8.0, "min_child_weight": 4035.3679145401893, "num_boost_round": 1.0, "subsample": 0.32076470406249313}, "datetime": {"datetime": "2024-01-20 13:44:40", "elapsed": 1378.172522, "delta": 23.239887}}
{"target": -10.29812630382496, "params": {"colsample_bytree": 0.49853420773961243, "eta": 0.04723624138270062, "gamma": 869.9454324480331, "max_depth": 8.0, "min_child_weight": 4035.3679145401893, "num_boost_round": 2.0, "subsample": 0.32076470406249313}, "datetime": {"datetime": "2024-01-20 13:44:40", "elapsed": 1378.177001, "delta": 0.004479}}
{"target": -10.29820118536379, "params": {"colsample_bytree": 0.49853420773961243, "eta": 0.04723624138270062, "gamma": 869.9454324480331, "max_depth": 8.0, "min_child_weight": 4035.3679145401893, "num_boost_round": 3.0, "subsample": 0.32076470406249313}, "datetime": {"datetime": "2024-01-20 13:44:40", "elapsed": 1378.178509, "delta": 0.001508}}
{"target": -10.298269765590657, "params": {"colsample_bytree": 0.49853420773961243, "eta": 0.04723624138270062, "gamma": 869.9454324480331, "max_depth": 8.0, "min_child_weight": 4035.3679145401893, "num_boost_round": 4.0, "subsample": 0.32076470406249313}, "datetime": {"datetime": "2024-01-20 13:44:40", "elapsed": 1378.179719, "delta": 0.00121}}
{"target": -10.297568575199328, "params": {"colsample_bytree": 0.3949324598161059, "eta": 0.07651492014498487, "gamma": 357.3342785782795, "max_depth": 4.0, "min_child_weight": 4025.836627028668, "num_boost_round": 1.0, "subsample": 0.2670374675336159}, "datetime": {"datetime": "2024-01-20 13:45:03", "elapsed": 1400.817361, "delta": 22.637642}}
