{"target": -10.304225047714308, "params": {"colsample_bytree": 0.2919945051903988, "eta": 0.05772221411868066, "gamma": 580.5686721162709, "max_depth": 4.0, "min_child_weight": 4817.826032323077, "num_boost_round": 32.0, "subsample": 0.7613223681188603}, "datetime": {"datetime": "2024-01-20 17:24:34", "elapsed": 14571.857295, "delta": 0.009482}}
{"target": -10.304520434757475, "params": {"colsample_bytree": 0.2919945051903988, "eta": 0.05772221411868066, "gamma": 580.5686721162709, "max_depth": 4.0, "min_child_weight": 4817.826032323077, "num_boost_round": 33.0, "subsample": 0.7613223681188603}, "datetime": {"datetime": "2024-01-20 17:24:34", "elapsed": 14571.867134, "delta": 0.009839}}
{"target": -10.304479951700085, "params": {"colsample_bytree": 0.2919945051903988, "eta": 0.05772221411868066, "gamma": 580.5686721162709, "max_depth": 4.0, "min_child_weight": 4817.826032323077, "num_boost_round": 34.0, "subsample": 0.7613223681188603}, "datetime": {"datetime": "2024-01-20 17:24:34", "elapsed": 14571.875899, "delta": 0.008765}}
{"target": -10.304541716772858, "params": {"colsample_bytree": 0.2919945051903988, "eta": 0.05772221411868066, "gamma": 580.5686721162709, "max_depth": 4.0, "min_child_weight": 4817.826032323077, "num_boost_round": 35.0, "subsample": 0.7613223681188603}, "datetime": {"datetime": "2024-01-20 17:24:34", "elapsed": 14571.884281, "delta": 0.008382}}
{"target": -10.304795937094877, "params": {"colsample_bytree": 0.2919945051903988, "eta": 0.05772221411868066, "gamma": 580.5686721162709, "max_depth": 4.0, "min_child_weight": 4817.826032323077, "num_boost_round": 36.0, "subsample": 0.7613223681188603}, "datetime": {"datetime": "2024-01-20 17:24:34", "elapsed": 14572.471765, "delta": 0.587484}}
{"target": -10.305160588695504, "params": {"colsample_bytree": 0.2919945051903988, "eta": 0.05772221411868066, "gamma": 580.5686721162709, "max_depth": 4.0, "min_child_weight": 4817.826032323077, "num_boost_round": 37.0, "subsample": 0.7613223681188603}, "datetime": {"datetime": "2024-01-20 17:24:34", "elapsed": 14572.481921, "delta": 0.010156}}
{"target": -10.30542030558248, "params": {"colsample_bytree": 0.2919945051903988, "eta": 0.05772221411868066, "gamma": 580.5686721162709, "max_depth": 4.0, "min_child_weight": 4817.826032323077, "num_boost_round": 38.0, "subsample": 0.7613223681188603}, "datetime": {"datetime": "2024-01-20 17:24:34", "elapsed": 14572.491922, "delta": 0.010001}}
{"target": -10.298154798174915, "params": {"colsample_bytree": 0.549048364320873, "eta": 0.07636250760525899, "gamma": 621.8482916567532, "max_depth": 4.0, "min_child_weight": 3424.5954721734433, "num_boost_round": 1.0, "subsample": 0.3060682190801566}, "datetime": {"datetime": "2024-01-20 17:26:34", "elapsed": 14692.083612, "delta": 119.59169}}
{"target": -10.298301842138013, "params": {"colsample_bytree": 0.549048364320873, "eta": 0.07636250760525899, "gamma": 621.8482916567532, "max_depth": 4.0, "min_child_weight": 3424.5954721734433, "num_boost_round": 2.0, "subsample": 0.3060682190801566}, "datetime": {"datetime": "2024-01-20 17:26:34", "elapsed": 14692.100183, "delta": 0.016571}}
{"target": -10.298181420476542, "params": {"colsample_bytree": 0.5116001136273977, "eta": 0.09135110735173547, "gamma": 310.87600326454634, "max_depth": 4.0, "min_child_weight": 4958.340472981968, "num_boost_round": 1.0, "subsample": 0.4669918866541022}, "datetime": {"datetime": "2024-01-20 17:28:57", "elapsed": 14834.877468, "delta": 142.777285}}
{"target": -10.298442168351555, "params": {"colsample_bytree": 0.5116001136273977, "eta": 0.09135110735173547, "gamma": 310.87600326454634, "max_depth": 4.0, "min_child_weight": 4958.340472981968, "num_boost_round": 2.0, "subsample": 0.4669918866541022}, "datetime": {"datetime": "2024-01-20 17:28:57", "elapsed": 14834.892268, "delta": 0.0148}}
{"target": -10.298892046987614, "params": {"colsample_bytree": 0.5116001136273977, "eta": 0.09135110735173547, "gamma": 310.87600326454634, "max_depth": 4.0, "min_child_weight": 4958.340472981968, "num_boost_round": 3.0, "subsample": 0.4669918866541022}, "datetime": {"datetime": "2024-01-20 17:28:57", "elapsed": 14834.903346, "delta": 0.011078}}
{"target": -10.2996278040354, "params": {"colsample_bytree": 0.5116001136273977, "eta": 0.09135110735173547, "gamma": 310.87600326454634, "max_depth": 4.0, "min_child_weight": 4958.340472981968, "num_boost_round": 4.0, "subsample": 0.4669918866541022}, "datetime": {"datetime": "2024-01-20 17:28:57", "elapsed": 14834.91445, "delta": 0.011104}}
{"target": -10.30018780257214, "params": {"colsample_bytree": 0.5116001136273977, "eta": 0.09135110735173547, "gamma": 310.87600326454634, "max_depth": 4.0, "min_child_weight": 4958.340472981968, "num_boost_round": 5.0, "subsample": 0.4669918866541022}, "datetime": {"datetime": "2024-01-20 17:28:57", "elapsed": 14834.925312, "delta": 0.010862}}
{"target": -10.300730980963031, "params": {"colsample_bytree": 0.5116001136273977, "eta": 0.09135110735173547, "gamma": 310.87600326454634, "max_depth": 4.0, "min_child_weight": 4958.340472981968, "num_boost_round": 6.0, "subsample": 0.4669918866541022}, "datetime": {"datetime": "2024-01-20 17:28:57", "elapsed": 14834.936481, "delta": 0.011169}}
{"target": -10.30085366217546, "params": {"colsample_bytree": 0.5116001136273977, "eta": 0.09135110735173547, "gamma": 310.87600326454634, "max_depth": 4.0, "min_child_weight": 4958.340472981968, "num_boost_round": 7.0, "subsample": 0.4669918866541022}, "datetime": {"datetime": "2024-01-20 17:28:57", "elapsed": 14834.947908, "delta": 0.011427}}
{"target": -10.301330962505737, "params": {"colsample_bytree": 0.5116001136273977, "eta": 0.09135110735173547, "gamma": 310.87600326454634, "max_depth": 4.0, "min_child_weight": 4958.340472981968, "num_boost_round": 8.0, "subsample": 0.4669918866541022}, "datetime": {"datetime": "2024-01-20 17:28:57", "elapsed": 14834.959083, "delta": 0.011175}}
{"target": -10.301914884132485, "params": {"colsample_bytree": 0.5116001136273977, "eta": 0.09135110735173547, "gamma": 310.87600326454634, "max_depth": 4.0, "min_child_weight": 4958.340472981968, "num_boost_round": 9.0, "subsample": 0.4669918866541022}, "datetime": {"datetime": "2024-01-20 17:28:57", "elapsed": 14834.970359, "delta": 0.011276}}
{"target": -10.302624069228337, "params": {"colsample_bytree": 0.5116001136273977, "eta": 0.09135110735173547, "gamma": 310.87600326454634, "max_depth": 4.0, "min_child_weight": 4958.340472981968, "num_boost_round": 10.0, "subsample": 0.4669918866541022}, "datetime": {"datetime": "2024-01-20 17:28:57", "elapsed": 14834.981383, "delta": 0.011024}}
{"target": -10.303029790624892, "params": {"colsample_bytree": 0.5116001136273977, "eta": 0.09135110735173547, "gamma": 310.87600326454634, "max_depth": 4.0, "min_child_weight": 4958.340472981968, "num_boost_round": 11.0, "subsample": 0.4669918866541022}, "datetime": {"datetime": "2024-01-20 17:28:57", "elapsed": 14834.992315, "delta": 0.010932}}
{"target": -10.303625456670066, "params": {"colsample_bytree": 0.5116001136273977, "eta": 0.09135110735173547, "gamma": 310.87600326454634, "max_depth": 4.0, "min_child_weight": 4958.340472981968, "num_boost_round": 12.0, "subsample": 0.4669918866541022}, "datetime": {"datetime": "2024-01-20 17:28:57", "elapsed": 14835.003191, "delta": 0.010876}}
{"target": -10.303405940950721, "params": {"colsample_bytree": 0.5116001136273977, "eta": 0.09135110735173547, "gamma": 310.87600326454634, "max_depth": 4.0, "min_child_weight": 4958.340472981968, "num_boost_round": 13.0, "subsample": 0.4669918866541022}, "datetime": {"datetime": "2024-01-20 17:28:57", "elapsed": 14835.017143, "delta": 0.013952}}
{"target": -10.30385873967362, "params": {"colsample_bytree": 0.5116001136273977, "eta": 0.09135110735173547, "gamma": 310.87600326454634, "max_depth": 4.0, "min_child_weight": 4958.340472981968, "num_boost_round": 14.0, "subsample": 0.4669918866541022}, "datetime": {"datetime": "2024-01-20 17:28:57", "elapsed": 14835.028568, "delta": 0.011425}}
{"target": -10.304296237560271, "params": {"colsample_bytree": 0.5116001136273977, "eta": 0.09135110735173547, "gamma": 310.87600326454634, "max_depth": 4.0, "min_child_weight": 4958.340472981968, "num_boost_round": 15.0, "subsample": 0.4669918866541022}, "datetime": {"datetime": "2024-01-20 17:28:57", "elapsed": 14835.040008, "delta": 0.01144}}
{"target": -10.304688429668595, "params": {"colsample_bytree": 0.5116001136273977, "eta": 0.09135110735173547, "gamma": 310.87600326454634, "max_depth": 4.0, "min_child_weight": 4958.340472981968, "num_boost_round": 16.0, "subsample": 0.4669918866541022}, "datetime": {"datetime": "2024-01-20 17:28:57", "elapsed": 14835.05131, "delta": 0.011302}}
{"target": -10.30509663705724, "params": {"colsample_bytree": 0.5116001136273977, "eta": 0.09135110735173547, "gamma": 310.87600326454634, "max_depth": 4.0, "min_child_weight": 4958.340472981968, "num_boost_round": 17.0, "subsample": 0.4669918866541022}, "datetime": {"datetime": "2024-01-20 17:28:57", "elapsed": 14835.062297, "delta": 0.010987}}
{"target": -10.305200715875351, "params": {"colsample_bytree": 0.5116001136273977, "eta": 0.09135110735173547, "gamma": 310.87600326454634, "max_depth": 4.0, "min_child_weight": 4958.340472981968, "num_boost_round": 18.0, "subsample": 0.4669918866541022}, "datetime": {"datetime": "2024-01-20 17:28:57", "elapsed": 14835.073287, "delta": 0.01099}}
{"target": -10.305366957665209, "params": {"colsample_bytree": 0.5116001136273977, "eta": 0.09135110735173547, "gamma": 310.87600326454634, "max_depth": 4.0, "min_child_weight": 4958.340472981968, "num_boost_round": 19.0, "subsample": 0.4669918866541022}, "datetime": {"datetime": "2024-01-20 17:28:57", "elapsed": 14835.084409, "delta": 0.011122}}
{"target": -10.305494414572985, "params": {"colsample_bytree": 0.5116001136273977, "eta": 0.09135110735173547, "gamma": 310.87600326454634, "max_depth": 4.0, "min_child_weight": 4958.340472981968, "num_boost_round": 20.0, "subsample": 0.4669918866541022}, "datetime": {"datetime": "2024-01-20 17:28:57", "elapsed": 14835.09558, "delta": 0.011171}}
{"target": -10.30558960165377, "params": {"colsample_bytree": 0.5116001136273977, "eta": 0.09135110735173547, "gamma": 310.87600326454634, "max_depth": 4.0, "min_child_weight": 4958.340472981968, "num_boost_round": 21.0, "subsample": 0.4669918866541022}, "datetime": {"datetime": "2024-01-20 17:28:57", "elapsed": 14835.106616, "delta": 0.011036}}
{"target": -10.305598521883132, "params": {"colsample_bytree": 0.5116001136273977, "eta": 0.09135110735173547, "gamma": 310.87600326454634, "max_depth": 4.0, "min_child_weight": 4958.340472981968, "num_boost_round": 22.0, "subsample": 0.4669918866541022}, "datetime": {"datetime": "2024-01-20 17:28:57", "elapsed": 14835.117948, "delta": 0.011332}}
{"target": -10.305862781998323, "params": {"colsample_bytree": 0.5116001136273977, "eta": 0.09135110735173547, "gamma": 310.87600326454634, "max_depth": 4.0, "min_child_weight": 4958.340472981968, "num_boost_round": 23.0, "subsample": 0.4669918866541022}, "datetime": {"datetime": "2024-01-20 17:28:57", "elapsed": 14835.129005, "delta": 0.011057}}
{"target": -10.306121111902314, "params": {"colsample_bytree": 0.5116001136273977, "eta": 0.09135110735173547, "gamma": 310.87600326454634, "max_depth": 4.0, "min_child_weight": 4958.340472981968, "num_boost_round": 24.0, "subsample": 0.4669918866541022}, "datetime": {"datetime": "2024-01-20 17:28:57", "elapsed": 14835.139926, "delta": 0.010921}}
{"target": -10.306192883333125, "params": {"colsample_bytree": 0.5116001136273977, "eta": 0.09135110735173547, "gamma": 310.87600326454634, "max_depth": 4.0, "min_child_weight": 4958.340472981968, "num_boost_round": 25.0, "subsample": 0.4669918866541022}, "datetime": {"datetime": "2024-01-20 17:28:57", "elapsed": 14835.153257, "delta": 0.013331}}
{"target": -10.306199758933754, "params": {"colsample_bytree": 0.5116001136273977, "eta": 0.09135110735173547, "gamma": 310.87600326454634, "max_depth": 4.0, "min_child_weight": 4958.340472981968, "num_boost_round": 26.0, "subsample": 0.4669918866541022}, "datetime": {"datetime": "2024-01-20 17:28:57", "elapsed": 14835.164528, "delta": 0.011271}}
{"target": -10.306085129830546, "params": {"colsample_bytree": 0.5116001136273977, "eta": 0.09135110735173547, "gamma": 310.87600326454634, "max_depth": 4.0, "min_child_weight": 4958.340472981968, "num_boost_round": 27.0, "subsample": 0.4669918866541022}, "datetime": {"datetime": "2024-01-20 17:28:57", "elapsed": 14835.175807, "delta": 0.011279}}
{"target": -10.30626200408609, "params": {"colsample_bytree": 0.5116001136273977, "eta": 0.09135110735173547, "gamma": 310.87600326454634, "max_depth": 4.0, "min_child_weight": 4958.340472981968, "num_boost_round": 28.0, "subsample": 0.4669918866541022}, "datetime": {"datetime": "2024-01-20 17:28:57", "elapsed": 14835.187033, "delta": 0.011226}}
{"target": -10.306826353431704, "params": {"colsample_bytree": 0.5116001136273977, "eta": 0.09135110735173547, "gamma": 310.87600326454634, "max_depth": 4.0, "min_child_weight": 4958.340472981968, "num_boost_round": 29.0, "subsample": 0.4669918866541022}, "datetime": {"datetime": "2024-01-20 17:28:57", "elapsed": 14835.19824, "delta": 0.011207}}
{"target": -10.307171855023258, "params": {"colsample_bytree": 0.5116001136273977, "eta": 0.09135110735173547, "gamma": 310.87600326454634, "max_depth": 4.0, "min_child_weight": 4958.340472981968, "num_boost_round": 30.0, "subsample": 0.4669918866541022}, "datetime": {"datetime": "2024-01-20 17:28:57", "elapsed": 14835.209374, "delta": 0.011134}}
{"target": -10.307394592575678, "params": {"colsample_bytree": 0.5116001136273977, "eta": 0.09135110735173547, "gamma": 310.87600326454634, "max_depth": 4.0, "min_child_weight": 4958.340472981968, "num_boost_round": 31.0, "subsample": 0.4669918866541022}, "datetime": {"datetime": "2024-01-20 17:28:57", "elapsed": 14835.220601, "delta": 0.011227}}
{"target": -10.30757232250417, "params": {"colsample_bytree": 0.5116001136273977, "eta": 0.09135110735173547, "gamma": 310.87600326454634, "max_depth": 4.0, "min_child_weight": 4958.340472981968, "num_boost_round": 32.0, "subsample": 0.4669918866541022}, "datetime": {"datetime": "2024-01-20 17:28:57", "elapsed": 14835.231662, "delta": 0.011061}}
{"target": -10.307679142438735, "params": {"colsample_bytree": 0.5116001136273977, "eta": 0.09135110735173547, "gamma": 310.87600326454634, "max_depth": 4.0, "min_child_weight": 4958.340472981968, "num_boost_round": 33.0, "subsample": 0.4669918866541022}, "datetime": {"datetime": "2024-01-20 17:28:57", "elapsed": 14835.243101, "delta": 0.011439}}
{"target": -10.307830600580246, "params": {"colsample_bytree": 0.5116001136273977, "eta": 0.09135110735173547, "gamma": 310.87600326454634, "max_depth": 4.0, "min_child_weight": 4958.340472981968, "num_boost_round": 34.0, "subsample": 0.4669918866541022}, "datetime": {"datetime": "2024-01-20 17:28:57", "elapsed": 14835.254585, "delta": 0.011484}}
{"target": -10.307653351491435, "params": {"colsample_bytree": 0.5116001136273977, "eta": 0.09135110735173547, "gamma": 310.87600326454634, "max_depth": 4.0, "min_child_weight": 4958.340472981968, "num_boost_round": 35.0, "subsample": 0.4669918866541022}, "datetime": {"datetime": "2024-01-20 17:28:57", "elapsed": 14835.265688, "delta": 0.011103}}
{"target": -10.307856488687088, "params": {"colsample_bytree": 0.5116001136273977, "eta": 0.09135110735173547, "gamma": 310.87600326454634, "max_depth": 4.0, "min_child_weight": 4958.340472981968, "num_boost_round": 36.0, "subsample": 0.4669918866541022}, "datetime": {"datetime": "2024-01-20 17:28:57", "elapsed": 14835.27667, "delta": 0.010982}}
{"target": -10.307837795590647, "params": {"colsample_bytree": 0.5116001136273977, "eta": 0.09135110735173547, "gamma": 310.87600326454634, "max_depth": 4.0, "min_child_weight": 4958.340472981968, "num_boost_round": 37.0, "subsample": 0.4669918866541022}, "datetime": {"datetime": "2024-01-20 17:28:57", "elapsed": 14835.287723, "delta": 0.011053}}
{"target": -10.307893921467766, "params": {"colsample_bytree": 0.5116001136273977, "eta": 0.09135110735173547, "gamma": 310.87600326454634, "max_depth": 4.0, "min_child_weight": 4958.340472981968, "num_boost_round": 38.0, "subsample": 0.4669918866541022}, "datetime": {"datetime": "2024-01-20 17:28:57", "elapsed": 14835.301262, "delta": 0.013539}}
{"target": -10.298229318634444, "params": {"colsample_bytree": 0.6502684928140942, "eta": 0.0845758253548992, "gamma": 703.3463943763819, "max_depth": 9.0, "min_child_weight": 3717.102010233746, "num_boost_round": 1.0, "subsample": 0.40787322624809474}, "datetime": {"datetime": "2024-01-20 17:31:07", "elapsed": 14965.616487, "delta": 130.315225}}
{"target": -10.298517739823534, "params": {"colsample_bytree": 0.6502684928140942, "eta": 0.0845758253548992, "gamma": 703.3463943763819, "max_depth": 9.0, "min_child_weight": 3717.102010233746, "num_boost_round": 2.0, "subsample": 0.40787322624809474}, "datetime": {"datetime": "2024-01-20 17:31:07", "elapsed": 14965.635811, "delta": 0.019324}}
{"target": -10.298491545310295, "params": {"colsample_bytree": 0.6502684928140942, "eta": 0.0845758253548992, "gamma": 703.3463943763819, "max_depth": 9.0, "min_child_weight": 3717.102010233746, "num_boost_round": 3.0, "subsample": 0.40787322624809474}, "datetime": {"datetime": "2024-01-20 17:31:07", "elapsed": 14965.647138, "delta": 0.011327}}
{"target": -10.299129228976703, "params": {"colsample_bytree": 0.6502684928140942, "eta": 0.0845758253548992, "gamma": 703.3463943763819, "max_depth": 9.0, "min_child_weight": 3717.102010233746, "num_boost_round": 4.0, "subsample": 0.40787322624809474}, "datetime": {"datetime": "2024-01-20 17:31:07", "elapsed": 14965.658174, "delta": 0.011036}}
{"target": -10.298159178736084, "params": {"colsample_bytree": 0.5236556942845008, "eta": 0.041803504319775406, "gamma": 998.3420361902134, "max_depth": 3.0, "min_child_weight": 4370.0170365142385, "num_boost_round": 1.0, "subsample": 0.2329454160471357}, "datetime": {"datetime": "2024-01-20 17:32:42", "elapsed": 15060.662757, "delta": 95.004583}}
{"target": -10.298181786240423, "params": {"colsample_bytree": 0.5236556942845008, "eta": 0.041803504319775406, "gamma": 998.3420361902134, "max_depth": 3.0, "min_child_weight": 4370.0170365142385, "num_boost_round": 2.0, "subsample": 0.2329454160471357}, "datetime": {"datetime": "2024-01-20 17:32:42", "elapsed": 15060.674844, "delta": 0.012087}}
{"target": -10.298291800075269, "params": {"colsample_bytree": 0.5236556942845008, "eta": 0.041803504319775406, "gamma": 998.3420361902134, "max_depth": 3.0, "min_child_weight": 4370.0170365142385, "num_boost_round": 3.0, "subsample": 0.2329454160471357}, "datetime": {"datetime": "2024-01-20 17:32:42", "elapsed": 15060.685855, "delta": 0.011011}}
{"target": -10.298522143903654, "params": {"colsample_bytree": 0.5236556942845008, "eta": 0.041803504319775406, "gamma": 998.3420361902134, "max_depth": 3.0, "min_child_weight": 4370.0170365142385, "num_boost_round": 4.0, "subsample": 0.2329454160471357}, "datetime": {"datetime": "2024-01-20 17:32:42", "elapsed": 15060.696469, "delta": 0.010614}}
{"target": -10.298239499674729, "params": {"colsample_bytree": 0.24490703980012718, "eta": 0.04996499877569349, "gamma": 911.9781518695527, "max_depth": 3.0, "min_child_weight": 3874.348451394727, "num_boost_round": 1.0, "subsample": 0.5249268192242066}, "datetime": {"datetime": "2024-01-20 17:34:41", "elapsed": 15178.883118, "delta": 118.186649}}
{"target": -10.298302100952048, "params": {"colsample_bytree": 0.24490703980012718, "eta": 0.04996499877569349, "gamma": 911.9781518695527, "max_depth": 3.0, "min_child_weight": 3874.348451394727, "num_boost_round": 2.0, "subsample": 0.5249268192242066}, "datetime": {"datetime": "2024-01-20 17:34:41", "elapsed": 15178.897889, "delta": 0.014771}}
{"target": -10.29853116482184, "params": {"colsample_bytree": 0.24490703980012718, "eta": 0.04996499877569349, "gamma": 911.9781518695527, "max_depth": 3.0, "min_child_weight": 3874.348451394727, "num_boost_round": 3.0, "subsample": 0.5249268192242066}, "datetime": {"datetime": "2024-01-20 17:34:41", "elapsed": 15178.909754, "delta": 0.011865}}
{"target": -10.2985960804472, "params": {"colsample_bytree": 0.24490703980012718, "eta": 0.04996499877569349, "gamma": 911.9781518695527, "max_depth": 3.0, "min_child_weight": 3874.348451394727, "num_boost_round": 4.0, "subsample": 0.5249268192242066}, "datetime": {"datetime": "2024-01-20 17:34:41", "elapsed": 15178.921983, "delta": 0.012229}}
{"target": -10.298776812624444, "params": {"colsample_bytree": 0.24490703980012718, "eta": 0.04996499877569349, "gamma": 911.9781518695527, "max_depth": 3.0, "min_child_weight": 3874.348451394727, "num_boost_round": 5.0, "subsample": 0.5249268192242066}, "datetime": {"datetime": "2024-01-20 17:34:41", "elapsed": 15178.933943, "delta": 0.01196}}
{"target": -10.299206020850399, "params": {"colsample_bytree": 0.24490703980012718, "eta": 0.04996499877569349, "gamma": 911.9781518695527, "max_depth": 3.0, "min_child_weight": 3874.348451394727, "num_boost_round": 6.0, "subsample": 0.5249268192242066}, "datetime": {"datetime": "2024-01-20 17:34:41", "elapsed": 15178.945892, "delta": 0.011949}}
{"target": -10.299525735789754, "params": {"colsample_bytree": 0.24490703980012718, "eta": 0.04996499877569349, "gamma": 911.9781518695527, "max_depth": 3.0, "min_child_weight": 3874.348451394727, "num_boost_round": 7.0, "subsample": 0.5249268192242066}, "datetime": {"datetime": "2024-01-20 17:34:41", "elapsed": 15178.957077, "delta": 0.011185}}
{"target": -10.299576390274668, "params": {"colsample_bytree": 0.24490703980012718, "eta": 0.04996499877569349, "gamma": 911.9781518695527, "max_depth": 3.0, "min_child_weight": 3874.348451394727, "num_boost_round": 8.0, "subsample": 0.5249268192242066}, "datetime": {"datetime": "2024-01-20 17:34:41", "elapsed": 15178.965498, "delta": 0.008421}}
