{"target": -13.500227994604531, "params": {"colsample_bytree": 0.8520921833435969, "eta": 0.08995491558406918, "gamma": 567.4968298131654, "max_depth": 2.0, "min_child_weight": 4394.3896205299725, "num_boost_round": 99.0, "subsample": 0.8393671806221255}, "datetime": {"datetime": "2024-01-20 14:49:47", "elapsed": 1540.769796, "delta": 0.002347}}
{"target": -13.50027329407618, "params": {"colsample_bytree": 0.8520921833435969, "eta": 0.08995491558406918, "gamma": 567.4968298131654, "max_depth": 2.0, "min_child_weight": 4394.3896205299725, "num_boost_round": 100.0, "subsample": 0.8393671806221255}, "datetime": {"datetime": "2024-01-20 14:49:47", "elapsed": 1540.772255, "delta": 0.002459}}
{"target": -13.500356110831092, "params": {"colsample_bytree": 0.8520921833435969, "eta": 0.08995491558406918, "gamma": 567.4968298131654, "max_depth": 2.0, "min_child_weight": 4394.3896205299725, "num_boost_round": 101.0, "subsample": 0.8393671806221255}, "datetime": {"datetime": "2024-01-20 14:49:47", "elapsed": 1540.774674, "delta": 0.002419}}
{"target": -13.500346346922205, "params": {"colsample_bytree": 0.8520921833435969, "eta": 0.08995491558406918, "gamma": 567.4968298131654, "max_depth": 2.0, "min_child_weight": 4394.3896205299725, "num_boost_round": 102.0, "subsample": 0.8393671806221255}, "datetime": {"datetime": "2024-01-20 14:49:47", "elapsed": 1540.777081, "delta": 0.002407}}
{"target": -13.500357144721455, "params": {"colsample_bytree": 0.8520921833435969, "eta": 0.08995491558406918, "gamma": 567.4968298131654, "max_depth": 2.0, "min_child_weight": 4394.3896205299725, "num_boost_round": 103.0, "subsample": 0.8393671806221255}, "datetime": {"datetime": "2024-01-20 14:49:47", "elapsed": 1540.779438, "delta": 0.002357}}
{"target": -13.50049311998927, "params": {"colsample_bytree": 0.8520921833435969, "eta": 0.08995491558406918, "gamma": 567.4968298131654, "max_depth": 2.0, "min_child_weight": 4394.3896205299725, "num_boost_round": 104.0, "subsample": 0.8393671806221255}, "datetime": {"datetime": "2024-01-20 14:49:47", "elapsed": 1540.781797, "delta": 0.002359}}
{"target": -13.500458015372587, "params": {"colsample_bytree": 0.8520921833435969, "eta": 0.08995491558406918, "gamma": 567.4968298131654, "max_depth": 2.0, "min_child_weight": 4394.3896205299725, "num_boost_round": 105.0, "subsample": 0.8393671806221255}, "datetime": {"datetime": "2024-01-20 14:49:47", "elapsed": 1540.784145, "delta": 0.002348}}
{"target": -13.500508823238086, "params": {"colsample_bytree": 0.8520921833435969, "eta": 0.08995491558406918, "gamma": 567.4968298131654, "max_depth": 2.0, "min_child_weight": 4394.3896205299725, "num_boost_round": 106.0, "subsample": 0.8393671806221255}, "datetime": {"datetime": "2024-01-20 14:49:47", "elapsed": 1540.786525, "delta": 0.00238}}
{"target": -13.500654855883699, "params": {"colsample_bytree": 0.8520921833435969, "eta": 0.08995491558406918, "gamma": 567.4968298131654, "max_depth": 2.0, "min_child_weight": 4394.3896205299725, "num_boost_round": 107.0, "subsample": 0.8393671806221255}, "datetime": {"datetime": "2024-01-20 14:49:47", "elapsed": 1540.788909, "delta": 0.002384}}
{"target": -13.500460381101878, "params": {"colsample_bytree": 0.8520921833435969, "eta": 0.08995491558406918, "gamma": 567.4968298131654, "max_depth": 2.0, "min_child_weight": 4394.3896205299725, "num_boost_round": 108.0, "subsample": 0.8393671806221255}, "datetime": {"datetime": "2024-01-20 14:49:47", "elapsed": 1540.791265, "delta": 0.002356}}
{"target": -13.500630469380237, "params": {"colsample_bytree": 0.8520921833435969, "eta": 0.08995491558406918, "gamma": 567.4968298131654, "max_depth": 2.0, "min_child_weight": 4394.3896205299725, "num_boost_round": 109.0, "subsample": 0.8393671806221255}, "datetime": {"datetime": "2024-01-20 14:49:47", "elapsed": 1540.793722, "delta": 0.002457}}
{"target": -13.500660925699052, "params": {"colsample_bytree": 0.8520921833435969, "eta": 0.08995491558406918, "gamma": 567.4968298131654, "max_depth": 2.0, "min_child_weight": 4394.3896205299725, "num_boost_round": 110.0, "subsample": 0.8393671806221255}, "datetime": {"datetime": "2024-01-20 14:49:47", "elapsed": 1540.79614, "delta": 0.002418}}
{"target": -13.500646707614818, "params": {"colsample_bytree": 0.8520921833435969, "eta": 0.08995491558406918, "gamma": 567.4968298131654, "max_depth": 2.0, "min_child_weight": 4394.3896205299725, "num_boost_round": 111.0, "subsample": 0.8393671806221255}, "datetime": {"datetime": "2024-01-20 14:49:47", "elapsed": 1540.798519, "delta": 0.002379}}
{"target": -13.500651553077702, "params": {"colsample_bytree": 0.8520921833435969, "eta": 0.08995491558406918, "gamma": 567.4968298131654, "max_depth": 2.0, "min_child_weight": 4394.3896205299725, "num_boost_round": 112.0, "subsample": 0.8393671806221255}, "datetime": {"datetime": "2024-01-20 14:49:47", "elapsed": 1540.80096, "delta": 0.002441}}
{"target": -13.500678621275625, "params": {"colsample_bytree": 0.8520921833435969, "eta": 0.08995491558406918, "gamma": 567.4968298131654, "max_depth": 2.0, "min_child_weight": 4394.3896205299725, "num_boost_round": 113.0, "subsample": 0.8393671806221255}, "datetime": {"datetime": "2024-01-20 14:49:47", "elapsed": 1540.803406, "delta": 0.002446}}
{"target": -13.50086792085451, "params": {"colsample_bytree": 0.8520921833435969, "eta": 0.08995491558406918, "gamma": 567.4968298131654, "max_depth": 2.0, "min_child_weight": 4394.3896205299725, "num_boost_round": 114.0, "subsample": 0.8393671806221255}, "datetime": {"datetime": "2024-01-20 14:49:47", "elapsed": 1540.805798, "delta": 0.002392}}
{"target": -13.500835235306583, "params": {"colsample_bytree": 0.8520921833435969, "eta": 0.08995491558406918, "gamma": 567.4968298131654, "max_depth": 2.0, "min_child_weight": 4394.3896205299725, "num_boost_round": 115.0, "subsample": 0.8393671806221255}, "datetime": {"datetime": "2024-01-20 14:49:47", "elapsed": 1540.808191, "delta": 0.002393}}
{"target": -13.5008429688142, "params": {"colsample_bytree": 0.8520921833435969, "eta": 0.08995491558406918, "gamma": 567.4968298131654, "max_depth": 2.0, "min_child_weight": 4394.3896205299725, "num_boost_round": 116.0, "subsample": 0.8393671806221255}, "datetime": {"datetime": "2024-01-20 14:49:47", "elapsed": 1540.810585, "delta": 0.002394}}
{"target": -13.501110447735773, "params": {"colsample_bytree": 0.8520921833435969, "eta": 0.08995491558406918, "gamma": 567.4968298131654, "max_depth": 2.0, "min_child_weight": 4394.3896205299725, "num_boost_round": 117.0, "subsample": 0.8393671806221255}, "datetime": {"datetime": "2024-01-20 14:49:47", "elapsed": 1540.813117, "delta": 0.002532}}
{"target": -13.501181015655405, "params": {"colsample_bytree": 0.8520921833435969, "eta": 0.08995491558406918, "gamma": 567.4968298131654, "max_depth": 2.0, "min_child_weight": 4394.3896205299725, "num_boost_round": 118.0, "subsample": 0.8393671806221255}, "datetime": {"datetime": "2024-01-20 14:49:47", "elapsed": 1540.815601, "delta": 0.002484}}
{"target": -13.501129528898037, "params": {"colsample_bytree": 0.8520921833435969, "eta": 0.08995491558406918, "gamma": 567.4968298131654, "max_depth": 2.0, "min_child_weight": 4394.3896205299725, "num_boost_round": 119.0, "subsample": 0.8393671806221255}, "datetime": {"datetime": "2024-01-20 14:49:47", "elapsed": 1540.817989, "delta": 0.002388}}
{"target": -13.50116214793065, "params": {"colsample_bytree": 0.8520921833435969, "eta": 0.08995491558406918, "gamma": 567.4968298131654, "max_depth": 2.0, "min_child_weight": 4394.3896205299725, "num_boost_round": 120.0, "subsample": 0.8393671806221255}, "datetime": {"datetime": "2024-01-20 14:49:47", "elapsed": 1540.820367, "delta": 0.002378}}
{"target": -13.501155297090865, "params": {"colsample_bytree": 0.8520921833435969, "eta": 0.08995491558406918, "gamma": 567.4968298131654, "max_depth": 2.0, "min_child_weight": 4394.3896205299725, "num_boost_round": 121.0, "subsample": 0.8393671806221255}, "datetime": {"datetime": "2024-01-20 14:49:47", "elapsed": 1540.822742, "delta": 0.002375}}
{"target": -13.50106831035881, "params": {"colsample_bytree": 0.8520921833435969, "eta": 0.08995491558406918, "gamma": 567.4968298131654, "max_depth": 2.0, "min_child_weight": 4394.3896205299725, "num_boost_round": 122.0, "subsample": 0.8393671806221255}, "datetime": {"datetime": "2024-01-20 14:49:47", "elapsed": 1540.825131, "delta": 0.002389}}
{"target": -13.50107960987457, "params": {"colsample_bytree": 0.8520921833435969, "eta": 0.08995491558406918, "gamma": 567.4968298131654, "max_depth": 2.0, "min_child_weight": 4394.3896205299725, "num_boost_round": 123.0, "subsample": 0.8393671806221255}, "datetime": {"datetime": "2024-01-20 14:49:47", "elapsed": 1540.827511, "delta": 0.00238}}
{"target": -13.50112900853849, "params": {"colsample_bytree": 0.8520921833435969, "eta": 0.08995491558406918, "gamma": 567.4968298131654, "max_depth": 2.0, "min_child_weight": 4394.3896205299725, "num_boost_round": 124.0, "subsample": 0.8393671806221255}, "datetime": {"datetime": "2024-01-20 14:49:47", "elapsed": 1540.829896, "delta": 0.002385}}
{"target": -13.50116356382715, "params": {"colsample_bytree": 0.8520921833435969, "eta": 0.08995491558406918, "gamma": 567.4968298131654, "max_depth": 2.0, "min_child_weight": 4394.3896205299725, "num_boost_round": 125.0, "subsample": 0.8393671806221255}, "datetime": {"datetime": "2024-01-20 14:49:47", "elapsed": 1540.832537, "delta": 0.002641}}
{"target": -13.501167902871778, "params": {"colsample_bytree": 0.8520921833435969, "eta": 0.08995491558406918, "gamma": 567.4968298131654, "max_depth": 2.0, "min_child_weight": 4394.3896205299725, "num_boost_round": 126.0, "subsample": 0.8393671806221255}, "datetime": {"datetime": "2024-01-20 14:49:47", "elapsed": 1540.835125, "delta": 0.002588}}
{"target": -13.501112060989024, "params": {"colsample_bytree": 0.8520921833435969, "eta": 0.08995491558406918, "gamma": 567.4968298131654, "max_depth": 2.0, "min_child_weight": 4394.3896205299725, "num_boost_round": 127.0, "subsample": 0.8393671806221255}, "datetime": {"datetime": "2024-01-20 14:49:47", "elapsed": 1540.837669, "delta": 0.002544}}
{"target": -13.501264890488512, "params": {"colsample_bytree": 0.8520921833435969, "eta": 0.08995491558406918, "gamma": 567.4968298131654, "max_depth": 2.0, "min_child_weight": 4394.3896205299725, "num_boost_round": 128.0, "subsample": 0.8393671806221255}, "datetime": {"datetime": "2024-01-20 14:49:47", "elapsed": 1540.840206, "delta": 0.002537}}
{"target": -13.501103422407303, "params": {"colsample_bytree": 0.8520921833435969, "eta": 0.08995491558406918, "gamma": 567.4968298131654, "max_depth": 2.0, "min_child_weight": 4394.3896205299725, "num_boost_round": 129.0, "subsample": 0.8393671806221255}, "datetime": {"datetime": "2024-01-20 14:49:47", "elapsed": 1540.842626, "delta": 0.00242}}
{"target": -13.501348335724916, "params": {"colsample_bytree": 0.8520921833435969, "eta": 0.08995491558406918, "gamma": 567.4968298131654, "max_depth": 2.0, "min_child_weight": 4394.3896205299725, "num_boost_round": 130.0, "subsample": 0.8393671806221255}, "datetime": {"datetime": "2024-01-20 14:49:47", "elapsed": 1540.845089, "delta": 0.002463}}
{"target": -13.50127042452951, "params": {"colsample_bytree": 0.8520921833435969, "eta": 0.08995491558406918, "gamma": 567.4968298131654, "max_depth": 2.0, "min_child_weight": 4394.3896205299725, "num_boost_round": 131.0, "subsample": 0.8393671806221255}, "datetime": {"datetime": "2024-01-20 14:49:47", "elapsed": 1540.847517, "delta": 0.002428}}
{"target": -13.501407602607259, "params": {"colsample_bytree": 0.8520921833435969, "eta": 0.08995491558406918, "gamma": 567.4968298131654, "max_depth": 2.0, "min_child_weight": 4394.3896205299725, "num_boost_round": 132.0, "subsample": 0.8393671806221255}, "datetime": {"datetime": "2024-01-20 14:49:47", "elapsed": 1540.849933, "delta": 0.002416}}
{"target": -13.501423702087012, "params": {"colsample_bytree": 0.8520921833435969, "eta": 0.08995491558406918, "gamma": 567.4968298131654, "max_depth": 2.0, "min_child_weight": 4394.3896205299725, "num_boost_round": 133.0, "subsample": 0.8393671806221255}, "datetime": {"datetime": "2024-01-20 14:49:47", "elapsed": 1540.852424, "delta": 0.002491}}
{"target": -13.501504302623971, "params": {"colsample_bytree": 0.8520921833435969, "eta": 0.08995491558406918, "gamma": 567.4968298131654, "max_depth": 2.0, "min_child_weight": 4394.3896205299725, "num_boost_round": 134.0, "subsample": 0.8393671806221255}, "datetime": {"datetime": "2024-01-20 14:49:47", "elapsed": 1540.854807, "delta": 0.002383}}
{"target": -13.501543604543603, "params": {"colsample_bytree": 0.8520921833435969, "eta": 0.08995491558406918, "gamma": 567.4968298131654, "max_depth": 2.0, "min_child_weight": 4394.3896205299725, "num_boost_round": 135.0, "subsample": 0.8393671806221255}, "datetime": {"datetime": "2024-01-20 14:49:47", "elapsed": 1540.857238, "delta": 0.002431}}
{"target": -13.501568980381332, "params": {"colsample_bytree": 0.8520921833435969, "eta": 0.08995491558406918, "gamma": 567.4968298131654, "max_depth": 2.0, "min_child_weight": 4394.3896205299725, "num_boost_round": 136.0, "subsample": 0.8393671806221255}, "datetime": {"datetime": "2024-01-20 14:49:47", "elapsed": 1540.85963, "delta": 0.002392}}
{"target": -13.501650023770456, "params": {"colsample_bytree": 0.8520921833435969, "eta": 0.08995491558406918, "gamma": 567.4968298131654, "max_depth": 2.0, "min_child_weight": 4394.3896205299725, "num_boost_round": 137.0, "subsample": 0.8393671806221255}, "datetime": {"datetime": "2024-01-20 14:49:47", "elapsed": 1540.862063, "delta": 0.002433}}
{"target": -13.501757566117497, "params": {"colsample_bytree": 0.8520921833435969, "eta": 0.08995491558406918, "gamma": 567.4968298131654, "max_depth": 2.0, "min_child_weight": 4394.3896205299725, "num_boost_round": 138.0, "subsample": 0.8393671806221255}, "datetime": {"datetime": "2024-01-20 14:49:47", "elapsed": 1540.864445, "delta": 0.002382}}
{"target": -13.501798144978478, "params": {"colsample_bytree": 0.8520921833435969, "eta": 0.08995491558406918, "gamma": 567.4968298131654, "max_depth": 2.0, "min_child_weight": 4394.3896205299725, "num_boost_round": 139.0, "subsample": 0.8393671806221255}, "datetime": {"datetime": "2024-01-20 14:49:47", "elapsed": 1540.866841, "delta": 0.002396}}
{"target": -13.501907355833787, "params": {"colsample_bytree": 0.8520921833435969, "eta": 0.08995491558406918, "gamma": 567.4968298131654, "max_depth": 2.0, "min_child_weight": 4394.3896205299725, "num_boost_round": 140.0, "subsample": 0.8393671806221255}, "datetime": {"datetime": "2024-01-20 14:49:47", "elapsed": 1540.869228, "delta": 0.002387}}
{"target": -13.50184246073269, "params": {"colsample_bytree": 0.8520921833435969, "eta": 0.08995491558406918, "gamma": 567.4968298131654, "max_depth": 2.0, "min_child_weight": 4394.3896205299725, "num_boost_round": 141.0, "subsample": 0.8393671806221255}, "datetime": {"datetime": "2024-01-20 14:49:47", "elapsed": 1540.871622, "delta": 0.002394}}
{"target": -13.501849923651324, "params": {"colsample_bytree": 0.8520921833435969, "eta": 0.08995491558406918, "gamma": 567.4968298131654, "max_depth": 2.0, "min_child_weight": 4394.3896205299725, "num_boost_round": 142.0, "subsample": 0.8393671806221255}, "datetime": {"datetime": "2024-01-20 14:49:47", "elapsed": 1540.874211, "delta": 0.002589}}
{"target": -13.501881124516105, "params": {"colsample_bytree": 0.8520921833435969, "eta": 0.08995491558406918, "gamma": 567.4968298131654, "max_depth": 2.0, "min_child_weight": 4394.3896205299725, "num_boost_round": 143.0, "subsample": 0.8393671806221255}, "datetime": {"datetime": "2024-01-20 14:49:47", "elapsed": 1540.876663, "delta": 0.002452}}
{"target": -13.50193651602191, "params": {"colsample_bytree": 0.8520921833435969, "eta": 0.08995491558406918, "gamma": 567.4968298131654, "max_depth": 2.0, "min_child_weight": 4394.3896205299725, "num_boost_round": 144.0, "subsample": 0.8393671806221255}, "datetime": {"datetime": "2024-01-20 14:49:47", "elapsed": 1540.879095, "delta": 0.002432}}
{"target": -13.502053222509794, "params": {"colsample_bytree": 0.8520921833435969, "eta": 0.08995491558406918, "gamma": 567.4968298131654, "max_depth": 2.0, "min_child_weight": 4394.3896205299725, "num_boost_round": 145.0, "subsample": 0.8393671806221255}, "datetime": {"datetime": "2024-01-20 14:49:47", "elapsed": 1540.881559, "delta": 0.002464}}
{"target": -13.502257140775011, "params": {"colsample_bytree": 0.8520921833435969, "eta": 0.08995491558406918, "gamma": 567.4968298131654, "max_depth": 2.0, "min_child_weight": 4394.3896205299725, "num_boost_round": 146.0, "subsample": 0.8393671806221255}, "datetime": {"datetime": "2024-01-20 14:49:47", "elapsed": 1540.883982, "delta": 0.002423}}
{"target": -13.502353060468678, "params": {"colsample_bytree": 0.8520921833435969, "eta": 0.08995491558406918, "gamma": 567.4968298131654, "max_depth": 2.0, "min_child_weight": 4394.3896205299725, "num_boost_round": 147.0, "subsample": 0.8393671806221255}, "datetime": {"datetime": "2024-01-20 14:49:47", "elapsed": 1540.886397, "delta": 0.002415}}
{"target": -13.502432299441528, "params": {"colsample_bytree": 0.8520921833435969, "eta": 0.08995491558406918, "gamma": 567.4968298131654, "max_depth": 2.0, "min_child_weight": 4394.3896205299725, "num_boost_round": 148.0, "subsample": 0.8393671806221255}, "datetime": {"datetime": "2024-01-20 14:49:47", "elapsed": 1540.888801, "delta": 0.002404}}
{"target": -13.502536949811699, "params": {"colsample_bytree": 0.8520921833435969, "eta": 0.08995491558406918, "gamma": 567.4968298131654, "max_depth": 2.0, "min_child_weight": 4394.3896205299725, "num_boost_round": 149.0, "subsample": 0.8393671806221255}, "datetime": {"datetime": "2024-01-20 14:49:47", "elapsed": 1540.891273, "delta": 0.002472}}
{"target": -13.502680689993392, "params": {"colsample_bytree": 0.8520921833435969, "eta": 0.08995491558406918, "gamma": 567.4968298131654, "max_depth": 2.0, "min_child_weight": 4394.3896205299725, "num_boost_round": 150.0, "subsample": 0.8393671806221255}, "datetime": {"datetime": "2024-01-20 14:49:47", "elapsed": 1540.893873, "delta": 0.0026}}
{"target": -13.50266722445081, "params": {"colsample_bytree": 0.8520921833435969, "eta": 0.08995491558406918, "gamma": 567.4968298131654, "max_depth": 2.0, "min_child_weight": 4394.3896205299725, "num_boost_round": 151.0, "subsample": 0.8393671806221255}, "datetime": {"datetime": "2024-01-20 14:49:47", "elapsed": 1540.89634, "delta": 0.002467}}
{"target": -13.50265989343779, "params": {"colsample_bytree": 0.8520921833435969, "eta": 0.08995491558406918, "gamma": 567.4968298131654, "max_depth": 2.0, "min_child_weight": 4394.3896205299725, "num_boost_round": 152.0, "subsample": 0.8393671806221255}, "datetime": {"datetime": "2024-01-20 14:49:47", "elapsed": 1540.898757, "delta": 0.002417}}
{"target": -13.50268430899742, "params": {"colsample_bytree": 0.8520921833435969, "eta": 0.08995491558406918, "gamma": 567.4968298131654, "max_depth": 2.0, "min_child_weight": 4394.3896205299725, "num_boost_round": 153.0, "subsample": 0.8393671806221255}, "datetime": {"datetime": "2024-01-20 14:49:47", "elapsed": 1540.901168, "delta": 0.002411}}
{"target": -13.502683020476685, "params": {"colsample_bytree": 0.8520921833435969, "eta": 0.08995491558406918, "gamma": 567.4968298131654, "max_depth": 2.0, "min_child_weight": 4394.3896205299725, "num_boost_round": 154.0, "subsample": 0.8393671806221255}, "datetime": {"datetime": "2024-01-20 14:49:47", "elapsed": 1540.903605, "delta": 0.002437}}
{"target": -13.502626016771025, "params": {"colsample_bytree": 0.8520921833435969, "eta": 0.08995491558406918, "gamma": 567.4968298131654, "max_depth": 2.0, "min_child_weight": 4394.3896205299725, "num_boost_round": 155.0, "subsample": 0.8393671806221255}, "datetime": {"datetime": "2024-01-20 14:49:47", "elapsed": 1540.906006, "delta": 0.002401}}
{"target": -13.502620472784042, "params": {"colsample_bytree": 0.8520921833435969, "eta": 0.08995491558406918, "gamma": 567.4968298131654, "max_depth": 2.0, "min_child_weight": 4394.3896205299725, "num_boost_round": 156.0, "subsample": 0.8393671806221255}, "datetime": {"datetime": "2024-01-20 14:49:47", "elapsed": 1540.908433, "delta": 0.002427}}
{"target": -13.502726164237146, "params": {"colsample_bytree": 0.8520921833435969, "eta": 0.08995491558406918, "gamma": 567.4968298131654, "max_depth": 2.0, "min_child_weight": 4394.3896205299725, "num_boost_round": 157.0, "subsample": 0.8393671806221255}, "datetime": {"datetime": "2024-01-20 14:49:47", "elapsed": 1540.910838, "delta": 0.002405}}
{"target": -13.502967479667081, "params": {"colsample_bytree": 0.8520921833435969, "eta": 0.08995491558406918, "gamma": 567.4968298131654, "max_depth": 2.0, "min_child_weight": 4394.3896205299725, "num_boost_round": 158.0, "subsample": 0.8393671806221255}, "datetime": {"datetime": "2024-01-20 14:49:47", "elapsed": 1540.913344, "delta": 0.002506}}
{"target": -13.50319854024497, "params": {"colsample_bytree": 0.8520921833435969, "eta": 0.08995491558406918, "gamma": 567.4968298131654, "max_depth": 2.0, "min_child_weight": 4394.3896205299725, "num_boost_round": 159.0, "subsample": 0.8393671806221255}, "datetime": {"datetime": "2024-01-20 14:49:47", "elapsed": 1540.915819, "delta": 0.002475}}
{"target": -13.503217861333841, "params": {"colsample_bytree": 0.8520921833435969, "eta": 0.08995491558406918, "gamma": 567.4968298131654, "max_depth": 2.0, "min_child_weight": 4394.3896205299725, "num_boost_round": 160.0, "subsample": 0.8393671806221255}, "datetime": {"datetime": "2024-01-20 14:49:47", "elapsed": 1540.918388, "delta": 0.002569}}
{"target": -13.503292403968194, "params": {"colsample_bytree": 0.8520921833435969, "eta": 0.08995491558406918, "gamma": 567.4968298131654, "max_depth": 2.0, "min_child_weight": 4394.3896205299725, "num_boost_round": 161.0, "subsample": 0.8393671806221255}, "datetime": {"datetime": "2024-01-20 14:49:47", "elapsed": 1540.920985, "delta": 0.002597}}
