{"target": -12.345718689539023, "params": {"colsample_bytree": 0.2185673098382921, "eta": 0.054105492143830654, "gamma": 559.0903089108812, "max_depth": 7.0, "min_child_weight": 4208.834886248384, "num_boost_round": 47.0, "subsample": 0.5681181578132959}, "datetime": {"datetime": "2024-01-20 14:53:45", "elapsed": 1791.995537, "delta": 0.002912}}
{"target": -12.346166964954193, "params": {"colsample_bytree": 0.2185673098382921, "eta": 0.054105492143830654, "gamma": 559.0903089108812, "max_depth": 7.0, "min_child_weight": 4208.834886248384, "num_boost_round": 48.0, "subsample": 0.5681181578132959}, "datetime": {"datetime": "2024-01-20 14:53:45", "elapsed": 1791.998563, "delta": 0.003026}}
{"target": -12.346424255500718, "params": {"colsample_bytree": 0.2185673098382921, "eta": 0.054105492143830654, "gamma": 559.0903089108812, "max_depth": 7.0, "min_child_weight": 4208.834886248384, "num_boost_round": 49.0, "subsample": 0.5681181578132959}, "datetime": {"datetime": "2024-01-20 14:53:45", "elapsed": 1792.001478, "delta": 0.002915}}
{"target": -12.346480183565895, "params": {"colsample_bytree": 0.2185673098382921, "eta": 0.054105492143830654, "gamma": 559.0903089108812, "max_depth": 7.0, "min_child_weight": 4208.834886248384, "num_boost_round": 50.0, "subsample": 0.5681181578132959}, "datetime": {"datetime": "2024-01-20 14:53:45", "elapsed": 1792.004385, "delta": 0.002907}}
{"target": -12.346530470164733, "params": {"colsample_bytree": 0.2185673098382921, "eta": 0.054105492143830654, "gamma": 559.0903089108812, "max_depth": 7.0, "min_child_weight": 4208.834886248384, "num_boost_round": 51.0, "subsample": 0.5681181578132959}, "datetime": {"datetime": "2024-01-20 14:53:45", "elapsed": 1792.012001, "delta": 0.007616}}
{"target": -12.346627566545072, "params": {"colsample_bytree": 0.2185673098382921, "eta": 0.054105492143830654, "gamma": 559.0903089108812, "max_depth": 7.0, "min_child_weight": 4208.834886248384, "num_boost_round": 52.0, "subsample": 0.5681181578132959}, "datetime": {"datetime": "2024-01-20 14:53:45", "elapsed": 1792.014945, "delta": 0.002944}}
{"target": -12.346223093480594, "params": {"colsample_bytree": 0.2185673098382921, "eta": 0.054105492143830654, "gamma": 559.0903089108812, "max_depth": 7.0, "min_child_weight": 4208.834886248384, "num_boost_round": 53.0, "subsample": 0.5681181578132959}, "datetime": {"datetime": "2024-01-20 14:53:45", "elapsed": 1792.017854, "delta": 0.002909}}
{"target": -12.345417907050503, "params": {"colsample_bytree": 0.2185673098382921, "eta": 0.054105492143830654, "gamma": 559.0903089108812, "max_depth": 7.0, "min_child_weight": 4208.834886248384, "num_boost_round": 54.0, "subsample": 0.5681181578132959}, "datetime": {"datetime": "2024-01-20 14:53:45", "elapsed": 1792.020948, "delta": 0.003094}}
{"target": -12.34543691921428, "params": {"colsample_bytree": 0.2185673098382921, "eta": 0.054105492143830654, "gamma": 559.0903089108812, "max_depth": 7.0, "min_child_weight": 4208.834886248384, "num_boost_round": 55.0, "subsample": 0.5681181578132959}, "datetime": {"datetime": "2024-01-20 14:53:45", "elapsed": 1792.023999, "delta": 0.003051}}
{"target": -12.344921905423284, "params": {"colsample_bytree": 0.2185673098382921, "eta": 0.054105492143830654, "gamma": 559.0903089108812, "max_depth": 7.0, "min_child_weight": 4208.834886248384, "num_boost_round": 56.0, "subsample": 0.5681181578132959}, "datetime": {"datetime": "2024-01-20 14:53:45", "elapsed": 1792.027029, "delta": 0.00303}}
{"target": -12.345090582215482, "params": {"colsample_bytree": 0.2185673098382921, "eta": 0.054105492143830654, "gamma": 559.0903089108812, "max_depth": 7.0, "min_child_weight": 4208.834886248384, "num_boost_round": 57.0, "subsample": 0.5681181578132959}, "datetime": {"datetime": "2024-01-20 14:53:45", "elapsed": 1792.030062, "delta": 0.003033}}
{"target": -12.345151163915212, "params": {"colsample_bytree": 0.2185673098382921, "eta": 0.054105492143830654, "gamma": 559.0903089108812, "max_depth": 7.0, "min_child_weight": 4208.834886248384, "num_boost_round": 58.0, "subsample": 0.5681181578132959}, "datetime": {"datetime": "2024-01-20 14:53:45", "elapsed": 1792.032973, "delta": 0.002911}}
{"target": -12.344721713045145, "params": {"colsample_bytree": 0.2185673098382921, "eta": 0.054105492143830654, "gamma": 559.0903089108812, "max_depth": 7.0, "min_child_weight": 4208.834886248384, "num_boost_round": 59.0, "subsample": 0.5681181578132959}, "datetime": {"datetime": "2024-01-20 14:53:46", "elapsed": 1792.833252, "delta": 0.800279}}
{"target": -12.344809841620727, "params": {"colsample_bytree": 0.2185673098382921, "eta": 0.054105492143830654, "gamma": 559.0903089108812, "max_depth": 7.0, "min_child_weight": 4208.834886248384, "num_boost_round": 60.0, "subsample": 0.5681181578132959}, "datetime": {"datetime": "2024-01-20 14:53:46", "elapsed": 1792.836523, "delta": 0.003271}}
{"target": -12.344774074023281, "params": {"colsample_bytree": 0.2185673098382921, "eta": 0.054105492143830654, "gamma": 559.0903089108812, "max_depth": 7.0, "min_child_weight": 4208.834886248384, "num_boost_round": 61.0, "subsample": 0.5681181578132959}, "datetime": {"datetime": "2024-01-20 14:53:46", "elapsed": 1792.83969, "delta": 0.003167}}
{"target": -12.34477985953718, "params": {"colsample_bytree": 0.2185673098382921, "eta": 0.054105492143830654, "gamma": 559.0903089108812, "max_depth": 7.0, "min_child_weight": 4208.834886248384, "num_boost_round": 62.0, "subsample": 0.5681181578132959}, "datetime": {"datetime": "2024-01-20 14:53:46", "elapsed": 1792.842743, "delta": 0.003053}}
{"target": -12.344878132864364, "params": {"colsample_bytree": 0.2185673098382921, "eta": 0.054105492143830654, "gamma": 559.0903089108812, "max_depth": 7.0, "min_child_weight": 4208.834886248384, "num_boost_round": 63.0, "subsample": 0.5681181578132959}, "datetime": {"datetime": "2024-01-20 14:53:46", "elapsed": 1792.845667, "delta": 0.002924}}
{"target": -12.345338227853636, "params": {"colsample_bytree": 0.2185673098382921, "eta": 0.054105492143830654, "gamma": 559.0903089108812, "max_depth": 7.0, "min_child_weight": 4208.834886248384, "num_boost_round": 64.0, "subsample": 0.5681181578132959}, "datetime": {"datetime": "2024-01-20 14:53:46", "elapsed": 1792.848565, "delta": 0.002898}}
{"target": -12.345089746822389, "params": {"colsample_bytree": 0.2185673098382921, "eta": 0.054105492143830654, "gamma": 559.0903089108812, "max_depth": 7.0, "min_child_weight": 4208.834886248384, "num_boost_round": 65.0, "subsample": 0.5681181578132959}, "datetime": {"datetime": "2024-01-20 14:53:46", "elapsed": 1792.851463, "delta": 0.002898}}
{"target": -12.345184923556147, "params": {"colsample_bytree": 0.2185673098382921, "eta": 0.054105492143830654, "gamma": 559.0903089108812, "max_depth": 7.0, "min_child_weight": 4208.834886248384, "num_boost_round": 66.0, "subsample": 0.5681181578132959}, "datetime": {"datetime": "2024-01-20 14:53:46", "elapsed": 1792.854319, "delta": 0.002856}}
{"target": -12.345231727807683, "params": {"colsample_bytree": 0.2185673098382921, "eta": 0.054105492143830654, "gamma": 559.0903089108812, "max_depth": 7.0, "min_child_weight": 4208.834886248384, "num_boost_round": 67.0, "subsample": 0.5681181578132959}, "datetime": {"datetime": "2024-01-20 14:53:46", "elapsed": 1792.857188, "delta": 0.002869}}
{"target": -12.345338315126206, "params": {"colsample_bytree": 0.2185673098382921, "eta": 0.054105492143830654, "gamma": 559.0903089108812, "max_depth": 7.0, "min_child_weight": 4208.834886248384, "num_boost_round": 68.0, "subsample": 0.5681181578132959}, "datetime": {"datetime": "2024-01-20 14:53:46", "elapsed": 1792.860176, "delta": 0.002988}}
{"target": -12.345483093583606, "params": {"colsample_bytree": 0.2185673098382921, "eta": 0.054105492143830654, "gamma": 559.0903089108812, "max_depth": 7.0, "min_child_weight": 4208.834886248384, "num_boost_round": 69.0, "subsample": 0.5681181578132959}, "datetime": {"datetime": "2024-01-20 14:53:46", "elapsed": 1792.863222, "delta": 0.003046}}
{"target": -12.345845611760952, "params": {"colsample_bytree": 0.2185673098382921, "eta": 0.054105492143830654, "gamma": 559.0903089108812, "max_depth": 7.0, "min_child_weight": 4208.834886248384, "num_boost_round": 70.0, "subsample": 0.5681181578132959}, "datetime": {"datetime": "2024-01-20 14:53:46", "elapsed": 1792.866104, "delta": 0.002882}}
{"target": -12.345925596274462, "params": {"colsample_bytree": 0.2185673098382921, "eta": 0.054105492143830654, "gamma": 559.0903089108812, "max_depth": 7.0, "min_child_weight": 4208.834886248384, "num_boost_round": 71.0, "subsample": 0.5681181578132959}, "datetime": {"datetime": "2024-01-20 14:53:46", "elapsed": 1792.869004, "delta": 0.0029}}
{"target": -12.345999014624091, "params": {"colsample_bytree": 0.2185673098382921, "eta": 0.054105492143830654, "gamma": 559.0903089108812, "max_depth": 7.0, "min_child_weight": 4208.834886248384, "num_boost_round": 72.0, "subsample": 0.5681181578132959}, "datetime": {"datetime": "2024-01-20 14:53:46", "elapsed": 1792.871943, "delta": 0.002939}}
{"target": -12.346108313240912, "params": {"colsample_bytree": 0.2185673098382921, "eta": 0.054105492143830654, "gamma": 559.0903089108812, "max_depth": 7.0, "min_child_weight": 4208.834886248384, "num_boost_round": 73.0, "subsample": 0.5681181578132959}, "datetime": {"datetime": "2024-01-20 14:53:46", "elapsed": 1792.874839, "delta": 0.002896}}
{"target": -12.345356722953817, "params": {"colsample_bytree": 0.2185673098382921, "eta": 0.054105492143830654, "gamma": 559.0903089108812, "max_depth": 7.0, "min_child_weight": 4208.834886248384, "num_boost_round": 74.0, "subsample": 0.5681181578132959}, "datetime": {"datetime": "2024-01-20 14:53:46", "elapsed": 1792.877741, "delta": 0.002902}}
{"target": -12.344935601074043, "params": {"colsample_bytree": 0.2185673098382921, "eta": 0.054105492143830654, "gamma": 559.0903089108812, "max_depth": 7.0, "min_child_weight": 4208.834886248384, "num_boost_round": 75.0, "subsample": 0.5681181578132959}, "datetime": {"datetime": "2024-01-20 14:53:46", "elapsed": 1792.88075, "delta": 0.003009}}
{"target": -12.34499813399163, "params": {"colsample_bytree": 0.2185673098382921, "eta": 0.054105492143830654, "gamma": 559.0903089108812, "max_depth": 7.0, "min_child_weight": 4208.834886248384, "num_boost_round": 76.0, "subsample": 0.5681181578132959}, "datetime": {"datetime": "2024-01-20 14:53:46", "elapsed": 1792.883681, "delta": 0.002931}}
{"target": -12.345214525455631, "params": {"colsample_bytree": 0.2185673098382921, "eta": 0.054105492143830654, "gamma": 559.0903089108812, "max_depth": 7.0, "min_child_weight": 4208.834886248384, "num_boost_round": 77.0, "subsample": 0.5681181578132959}, "datetime": {"datetime": "2024-01-20 14:53:46", "elapsed": 1792.886617, "delta": 0.002936}}
{"target": -12.345271398810201, "params": {"colsample_bytree": 0.2185673098382921, "eta": 0.054105492143830654, "gamma": 559.0903089108812, "max_depth": 7.0, "min_child_weight": 4208.834886248384, "num_boost_round": 78.0, "subsample": 0.5681181578132959}, "datetime": {"datetime": "2024-01-20 14:53:46", "elapsed": 1792.88955, "delta": 0.002933}}
{"target": -12.345232517085039, "params": {"colsample_bytree": 0.2185673098382921, "eta": 0.054105492143830654, "gamma": 559.0903089108812, "max_depth": 7.0, "min_child_weight": 4208.834886248384, "num_boost_round": 79.0, "subsample": 0.5681181578132959}, "datetime": {"datetime": "2024-01-20 14:53:46", "elapsed": 1792.892464, "delta": 0.002914}}
{"target": -12.345291127860264, "params": {"colsample_bytree": 0.2185673098382921, "eta": 0.054105492143830654, "gamma": 559.0903089108812, "max_depth": 7.0, "min_child_weight": 4208.834886248384, "num_boost_round": 80.0, "subsample": 0.5681181578132959}, "datetime": {"datetime": "2024-01-20 14:53:46", "elapsed": 1792.895358, "delta": 0.002894}}
{"target": -12.345309317208997, "params": {"colsample_bytree": 0.2185673098382921, "eta": 0.054105492143830654, "gamma": 559.0903089108812, "max_depth": 7.0, "min_child_weight": 4208.834886248384, "num_boost_round": 81.0, "subsample": 0.5681181578132959}, "datetime": {"datetime": "2024-01-20 14:53:46", "elapsed": 1792.898351, "delta": 0.002993}}
{"target": -12.356078052694848, "params": {"colsample_bytree": 0.7034362365593835, "eta": 0.08680982283824885, "gamma": 567.7032590064592, "max_depth": 4.0, "min_child_weight": 4223.535122417227, "num_boost_round": 1.0, "subsample": 0.5121868863268114}, "datetime": {"datetime": "2024-01-20 14:54:32", "elapsed": 1838.627229, "delta": 45.728878}}
{"target": -12.351515919172808, "params": {"colsample_bytree": 0.7034362365593835, "eta": 0.08680982283824885, "gamma": 567.7032590064592, "max_depth": 4.0, "min_child_weight": 4223.535122417227, "num_boost_round": 2.0, "subsample": 0.5121868863268114}, "datetime": {"datetime": "2024-01-20 14:54:32", "elapsed": 1838.631359, "delta": 0.00413}}
{"target": -12.347858833665608, "params": {"colsample_bytree": 0.7034362365593835, "eta": 0.08680982283824885, "gamma": 567.7032590064592, "max_depth": 4.0, "min_child_weight": 4223.535122417227, "num_boost_round": 3.0, "subsample": 0.5121868863268114}, "datetime": {"datetime": "2024-01-20 14:54:32", "elapsed": 1838.634345, "delta": 0.002986}}
{"target": -12.347744676064671, "params": {"colsample_bytree": 0.7034362365593835, "eta": 0.08680982283824885, "gamma": 567.7032590064592, "max_depth": 4.0, "min_child_weight": 4223.535122417227, "num_boost_round": 4.0, "subsample": 0.5121868863268114}, "datetime": {"datetime": "2024-01-20 14:54:32", "elapsed": 1838.637348, "delta": 0.003003}}
{"target": -12.345536416824665, "params": {"colsample_bytree": 0.7034362365593835, "eta": 0.08680982283824885, "gamma": 567.7032590064592, "max_depth": 4.0, "min_child_weight": 4223.535122417227, "num_boost_round": 5.0, "subsample": 0.5121868863268114}, "datetime": {"datetime": "2024-01-20 14:54:32", "elapsed": 1838.640362, "delta": 0.003014}}
{"target": -12.343334316996406, "params": {"colsample_bytree": 0.7034362365593835, "eta": 0.08680982283824885, "gamma": 567.7032590064592, "max_depth": 4.0, "min_child_weight": 4223.535122417227, "num_boost_round": 6.0, "subsample": 0.5121868863268114}, "datetime": {"datetime": "2024-01-20 14:54:32", "elapsed": 1838.643291, "delta": 0.002929}}
{"target": -12.34228496260624, "params": {"colsample_bytree": 0.7034362365593835, "eta": 0.08680982283824885, "gamma": 567.7032590064592, "max_depth": 4.0, "min_child_weight": 4223.535122417227, "num_boost_round": 7.0, "subsample": 0.5121868863268114}, "datetime": {"datetime": "2024-01-20 14:54:32", "elapsed": 1838.646196, "delta": 0.002905}}
{"target": -12.341867892396893, "params": {"colsample_bytree": 0.7034362365593835, "eta": 0.08680982283824885, "gamma": 567.7032590064592, "max_depth": 4.0, "min_child_weight": 4223.535122417227, "num_boost_round": 8.0, "subsample": 0.5121868863268114}, "datetime": {"datetime": "2024-01-20 14:54:32", "elapsed": 1838.649058, "delta": 0.002862}}
{"target": -12.340583642727985, "params": {"colsample_bytree": 0.7034362365593835, "eta": 0.08680982283824885, "gamma": 567.7032590064592, "max_depth": 4.0, "min_child_weight": 4223.535122417227, "num_boost_round": 9.0, "subsample": 0.5121868863268114}, "datetime": {"datetime": "2024-01-20 14:54:32", "elapsed": 1838.652005, "delta": 0.002947}}
{"target": -12.340389678215171, "params": {"colsample_bytree": 0.7034362365593835, "eta": 0.08680982283824885, "gamma": 567.7032590064592, "max_depth": 4.0, "min_child_weight": 4223.535122417227, "num_boost_round": 10.0, "subsample": 0.5121868863268114}, "datetime": {"datetime": "2024-01-20 14:54:32", "elapsed": 1838.654897, "delta": 0.002892}}
{"target": -12.3399762855471, "params": {"colsample_bytree": 0.7034362365593835, "eta": 0.08680982283824885, "gamma": 567.7032590064592, "max_depth": 4.0, "min_child_weight": 4223.535122417227, "num_boost_round": 11.0, "subsample": 0.5121868863268114}, "datetime": {"datetime": "2024-01-20 14:54:32", "elapsed": 1838.657976, "delta": 0.003079}}
{"target": -12.340441232483624, "params": {"colsample_bytree": 0.7034362365593835, "eta": 0.08680982283824885, "gamma": 567.7032590064592, "max_depth": 4.0, "min_child_weight": 4223.535122417227, "num_boost_round": 12.0, "subsample": 0.5121868863268114}, "datetime": {"datetime": "2024-01-20 14:54:32", "elapsed": 1838.660866, "delta": 0.00289}}
{"target": -12.340288994873184, "params": {"colsample_bytree": 0.7034362365593835, "eta": 0.08680982283824885, "gamma": 567.7032590064592, "max_depth": 4.0, "min_child_weight": 4223.535122417227, "num_boost_round": 13.0, "subsample": 0.5121868863268114}, "datetime": {"datetime": "2024-01-20 14:54:32", "elapsed": 1838.663885, "delta": 0.003019}}
{"target": -12.340531546856479, "params": {"colsample_bytree": 0.7034362365593835, "eta": 0.08680982283824885, "gamma": 567.7032590064592, "max_depth": 4.0, "min_child_weight": 4223.535122417227, "num_boost_round": 14.0, "subsample": 0.5121868863268114}, "datetime": {"datetime": "2024-01-20 14:54:32", "elapsed": 1838.666758, "delta": 0.002873}}
{"target": -12.340409550317531, "params": {"colsample_bytree": 0.7034362365593835, "eta": 0.08680982283824885, "gamma": 567.7032590064592, "max_depth": 4.0, "min_child_weight": 4223.535122417227, "num_boost_round": 15.0, "subsample": 0.5121868863268114}, "datetime": {"datetime": "2024-01-20 14:54:32", "elapsed": 1838.669692, "delta": 0.002934}}
{"target": -12.34026126962252, "params": {"colsample_bytree": 0.7034362365593835, "eta": 0.08680982283824885, "gamma": 567.7032590064592, "max_depth": 4.0, "min_child_weight": 4223.535122417227, "num_boost_round": 16.0, "subsample": 0.5121868863268114}, "datetime": {"datetime": "2024-01-20 14:54:32", "elapsed": 1838.67257, "delta": 0.002878}}
{"target": -12.340291301979764, "params": {"colsample_bytree": 0.7034362365593835, "eta": 0.08680982283824885, "gamma": 567.7032590064592, "max_depth": 4.0, "min_child_weight": 4223.535122417227, "num_boost_round": 17.0, "subsample": 0.5121868863268114}, "datetime": {"datetime": "2024-01-20 14:54:32", "elapsed": 1838.675477, "delta": 0.002907}}
{"target": -12.340193144520796, "params": {"colsample_bytree": 0.7034362365593835, "eta": 0.08680982283824885, "gamma": 567.7032590064592, "max_depth": 4.0, "min_child_weight": 4223.535122417227, "num_boost_round": 18.0, "subsample": 0.5121868863268114}, "datetime": {"datetime": "2024-01-20 14:54:32", "elapsed": 1838.678466, "delta": 0.002989}}
{"target": -12.339846658496736, "params": {"colsample_bytree": 0.7034362365593835, "eta": 0.08680982283824885, "gamma": 567.7032590064592, "max_depth": 4.0, "min_child_weight": 4223.535122417227, "num_boost_round": 19.0, "subsample": 0.5121868863268114}, "datetime": {"datetime": "2024-01-20 14:54:32", "elapsed": 1838.681402, "delta": 0.002936}}
{"target": -12.340692934209834, "params": {"colsample_bytree": 0.7034362365593835, "eta": 0.08680982283824885, "gamma": 567.7032590064592, "max_depth": 4.0, "min_child_weight": 4223.535122417227, "num_boost_round": 20.0, "subsample": 0.5121868863268114}, "datetime": {"datetime": "2024-01-20 14:54:32", "elapsed": 1838.68435, "delta": 0.002948}}
{"target": -12.341213699707035, "params": {"colsample_bytree": 0.7034362365593835, "eta": 0.08680982283824885, "gamma": 567.7032590064592, "max_depth": 4.0, "min_child_weight": 4223.535122417227, "num_boost_round": 21.0, "subsample": 0.5121868863268114}, "datetime": {"datetime": "2024-01-20 14:54:32", "elapsed": 1838.687275, "delta": 0.002925}}
{"target": -12.341351112539558, "params": {"colsample_bytree": 0.7034362365593835, "eta": 0.08680982283824885, "gamma": 567.7032590064592, "max_depth": 4.0, "min_child_weight": 4223.535122417227, "num_boost_round": 22.0, "subsample": 0.5121868863268114}, "datetime": {"datetime": "2024-01-20 14:54:32", "elapsed": 1838.690164, "delta": 0.002889}}
{"target": -12.341590050822361, "params": {"colsample_bytree": 0.7034362365593835, "eta": 0.08680982283824885, "gamma": 567.7032590064592, "max_depth": 4.0, "min_child_weight": 4223.535122417227, "num_boost_round": 23.0, "subsample": 0.5121868863268114}, "datetime": {"datetime": "2024-01-20 14:54:32", "elapsed": 1838.693072, "delta": 0.002908}}
{"target": -12.34197506611996, "params": {"colsample_bytree": 0.7034362365593835, "eta": 0.08680982283824885, "gamma": 567.7032590064592, "max_depth": 4.0, "min_child_weight": 4223.535122417227, "num_boost_round": 24.0, "subsample": 0.5121868863268114}, "datetime": {"datetime": "2024-01-20 14:54:32", "elapsed": 1838.695968, "delta": 0.002896}}
{"target": -12.342251518356218, "params": {"colsample_bytree": 0.7034362365593835, "eta": 0.08680982283824885, "gamma": 567.7032590064592, "max_depth": 4.0, "min_child_weight": 4223.535122417227, "num_boost_round": 25.0, "subsample": 0.5121868863268114}, "datetime": {"datetime": "2024-01-20 14:54:32", "elapsed": 1838.699003, "delta": 0.003035}}
{"target": -12.342969560856892, "params": {"colsample_bytree": 0.7034362365593835, "eta": 0.08680982283824885, "gamma": 567.7032590064592, "max_depth": 4.0, "min_child_weight": 4223.535122417227, "num_boost_round": 26.0, "subsample": 0.5121868863268114}, "datetime": {"datetime": "2024-01-20 14:54:32", "elapsed": 1838.70194, "delta": 0.002937}}
{"target": -12.354821036859256, "params": {"colsample_bytree": 0.9238243789027313, "eta": 0.08138591622672164, "gamma": 671.9446860332159, "max_depth": 3.0, "min_child_weight": 4284.476271697313, "num_boost_round": 1.0, "subsample": 0.2362492528994526}, "datetime": {"datetime": "2024-01-20 14:55:16", "elapsed": 1882.510623, "delta": 43.808683}}
{"target": -12.352208025032796, "params": {"colsample_bytree": 0.9238243789027313, "eta": 0.08138591622672164, "gamma": 671.9446860332159, "max_depth": 3.0, "min_child_weight": 4284.476271697313, "num_boost_round": 2.0, "subsample": 0.2362492528994526}, "datetime": {"datetime": "2024-01-20 14:55:16", "elapsed": 1882.514751, "delta": 0.004128}}
