{"target": -13.731908945718374, "params": {"colsample_bytree": 0.5939321535345923, "eta": 0.07152178474357823, "gamma": 602.7633760716438, "max_depth": 6.0, "min_child_weight": 4237.124338589708, "num_boost_round": 1.0, "subsample": 0.49382849013642327}, "datetime": {"datetime": "2024-01-20 14:23:59", "elapsed": 0.0, "delta": 0.0}}
{"target": -13.732787252188292, "params": {"colsample_bytree": 0.5939321535345923, "eta": 0.07152178474357823, "gamma": 602.7633760716438, "max_depth": 6.0, "min_child_weight": 4237.124338589708, "num_boost_round": 2.0, "subsample": 0.49382849013642327}, "datetime": {"datetime": "2024-01-20 14:23:59", "elapsed": 0.009386, "delta": 0.009386}}
{"target": -13.734182073351972, "params": {"colsample_bytree": 0.5939321535345923, "eta": 0.07152178474357823, "gamma": 602.7633760716438, "max_depth": 6.0, "min_child_weight": 4237.124338589708, "num_boost_round": 3.0, "subsample": 0.49382849013642327}, "datetime": {"datetime": "2024-01-20 14:23:59", "elapsed": 0.009565, "delta": 0.000179}}
{"target": -13.735688866724217, "params": {"colsample_bytree": 0.5939321535345923, "eta": 0.07152178474357823, "gamma": 602.7633760716438, "max_depth": 6.0, "min_child_weight": 4237.124338589708, "num_boost_round": 4.0, "subsample": 0.49382849013642327}, "datetime": {"datetime": "2024-01-20 14:23:59", "elapsed": 0.00971, "delta": 0.000145}}
{"target": -13.737569853892218, "params": {"colsample_bytree": 0.5939321535345923, "eta": 0.07152178474357823, "gamma": 602.7633760716438, "max_depth": 6.0, "min_child_weight": 4237.124338589708, "num_boost_round": 5.0, "subsample": 0.49382849013642327}, "datetime": {"datetime": "2024-01-20 14:23:59", "elapsed": 0.009853, "delta": 0.000143}}
{"target": -13.739338160416196, "params": {"colsample_bytree": 0.5939321535345923, "eta": 0.07152178474357823, "gamma": 602.7633760716438, "max_depth": 6.0, "min_child_weight": 4237.124338589708, "num_boost_round": 6.0, "subsample": 0.49382849013642327}, "datetime": {"datetime": "2024-01-20 14:23:59", "elapsed": 0.009993, "delta": 0.00014}}
{"target": -13.740571000012489, "params": {"colsample_bytree": 0.5939321535345923, "eta": 0.07152178474357823, "gamma": 602.7633760716438, "max_depth": 6.0, "min_child_weight": 4237.124338589708, "num_boost_round": 7.0, "subsample": 0.49382849013642327}, "datetime": {"datetime": "2024-01-20 14:23:59", "elapsed": 0.010129, "delta": 0.000136}}
{"target": -13.74238563462464, "params": {"colsample_bytree": 0.5939321535345923, "eta": 0.07152178474357823, "gamma": 602.7633760716438, "max_depth": 6.0, "min_child_weight": 4237.124338589708, "num_boost_round": 8.0, "subsample": 0.49382849013642327}, "datetime": {"datetime": "2024-01-20 14:23:59", "elapsed": 0.010277, "delta": 0.000148}}
{"target": -13.744095781133174, "params": {"colsample_bytree": 0.5939321535345923, "eta": 0.07152178474357823, "gamma": 602.7633760716438, "max_depth": 6.0, "min_child_weight": 4237.124338589708, "num_boost_round": 9.0, "subsample": 0.49382849013642327}, "datetime": {"datetime": "2024-01-20 14:23:59", "elapsed": 0.010424, "delta": 0.000147}}
{"target": -13.745430286548238, "params": {"colsample_bytree": 0.5939321535345923, "eta": 0.07152178474357823, "gamma": 602.7633760716438, "max_depth": 6.0, "min_child_weight": 4237.124338589708, "num_boost_round": 10.0, "subsample": 0.49382849013642327}, "datetime": {"datetime": "2024-01-20 14:23:59", "elapsed": 0.010568, "delta": 0.000144}}
{"target": -13.746478250019976, "params": {"colsample_bytree": 0.5939321535345923, "eta": 0.07152178474357823, "gamma": 602.7633760716438, "max_depth": 6.0, "min_child_weight": 4237.124338589708, "num_boost_round": 11.0, "subsample": 0.49382849013642327}, "datetime": {"datetime": "2024-01-20 14:23:59", "elapsed": 0.010709, "delta": 0.000141}}
{"target": -13.748428659549305, "params": {"colsample_bytree": 0.5939321535345923, "eta": 0.07152178474357823, "gamma": 602.7633760716438, "max_depth": 6.0, "min_child_weight": 4237.124338589708, "num_boost_round": 12.0, "subsample": 0.49382849013642327}, "datetime": {"datetime": "2024-01-20 14:23:59", "elapsed": 0.010848, "delta": 0.000139}}
{"target": -13.749480869816749, "params": {"colsample_bytree": 0.5939321535345923, "eta": 0.07152178474357823, "gamma": 602.7633760716438, "max_depth": 6.0, "min_child_weight": 4237.124338589708, "num_boost_round": 13.0, "subsample": 0.49382849013642327}, "datetime": {"datetime": "2024-01-20 14:23:59", "elapsed": 0.015611, "delta": 0.004763}}
{"target": -13.751371229149635, "params": {"colsample_bytree": 0.5939321535345923, "eta": 0.07152178474357823, "gamma": 602.7633760716438, "max_depth": 6.0, "min_child_weight": 4237.124338589708, "num_boost_round": 14.0, "subsample": 0.49382849013642327}, "datetime": {"datetime": "2024-01-20 14:23:59", "elapsed": 0.015771, "delta": 0.00016}}
{"target": -13.75197707682241, "params": {"colsample_bytree": 0.5939321535345923, "eta": 0.07152178474357823, "gamma": 602.7633760716438, "max_depth": 6.0, "min_child_weight": 4237.124338589708, "num_boost_round": 15.0, "subsample": 0.49382849013642327}, "datetime": {"datetime": "2024-01-20 14:23:59", "elapsed": 0.015912, "delta": 0.000141}}
{"target": -13.75328913090695, "params": {"colsample_bytree": 0.5939321535345923, "eta": 0.07152178474357823, "gamma": 602.7633760716438, "max_depth": 6.0, "min_child_weight": 4237.124338589708, "num_boost_round": 16.0, "subsample": 0.49382849013642327}, "datetime": {"datetime": "2024-01-20 14:23:59", "elapsed": 0.01605, "delta": 0.000138}}
{"target": -13.754737329676376, "params": {"colsample_bytree": 0.5939321535345923, "eta": 0.07152178474357823, "gamma": 602.7633760716438, "max_depth": 6.0, "min_child_weight": 4237.124338589708, "num_boost_round": 17.0, "subsample": 0.49382849013642327}, "datetime": {"datetime": "2024-01-20 14:23:59", "elapsed": 0.016187, "delta": 0.000137}}
{"target": -13.755875298160431, "params": {"colsample_bytree": 0.5939321535345923, "eta": 0.07152178474357823, "gamma": 602.7633760716438, "max_depth": 6.0, "min_child_weight": 4237.124338589708, "num_boost_round": 18.0, "subsample": 0.49382849013642327}, "datetime": {"datetime": "2024-01-20 14:23:59", "elapsed": 0.016322, "delta": 0.000135}}
{"target": -13.757284364642342, "params": {"colsample_bytree": 0.5939321535345923, "eta": 0.07152178474357823, "gamma": 602.7633760716438, "max_depth": 6.0, "min_child_weight": 4237.124338589708, "num_boost_round": 19.0, "subsample": 0.49382849013642327}, "datetime": {"datetime": "2024-01-20 14:23:59", "elapsed": 0.016463, "delta": 0.000141}}
{"target": -13.75874804259573, "params": {"colsample_bytree": 0.5939321535345923, "eta": 0.07152178474357823, "gamma": 602.7633760716438, "max_depth": 6.0, "min_child_weight": 4237.124338589708, "num_boost_round": 20.0, "subsample": 0.49382849013642327}, "datetime": {"datetime": "2024-01-20 14:23:59", "elapsed": 0.016617, "delta": 0.000154}}
{"target": -13.759830775394246, "params": {"colsample_bytree": 0.5939321535345923, "eta": 0.07152178474357823, "gamma": 602.7633760716438, "max_depth": 6.0, "min_child_weight": 4237.124338589708, "num_boost_round": 21.0, "subsample": 0.49382849013642327}, "datetime": {"datetime": "2024-01-20 14:23:59", "elapsed": 0.016761, "delta": 0.000144}}
{"target": -13.76065089879123, "params": {"colsample_bytree": 0.5939321535345923, "eta": 0.07152178474357823, "gamma": 602.7633760716438, "max_depth": 6.0, "min_child_weight": 4237.124338589708, "num_boost_round": 22.0, "subsample": 0.49382849013642327}, "datetime": {"datetime": "2024-01-20 14:23:59", "elapsed": 0.016906, "delta": 0.000145}}
{"target": -13.761638297002317, "params": {"colsample_bytree": 0.5939321535345923, "eta": 0.07152178474357823, "gamma": 602.7633760716438, "max_depth": 6.0, "min_child_weight": 4237.124338589708, "num_boost_round": 23.0, "subsample": 0.49382849013642327}, "datetime": {"datetime": "2024-01-20 14:23:59", "elapsed": 0.017053, "delta": 0.000147}}
{"target": -13.762731160561382, "params": {"colsample_bytree": 0.5939321535345923, "eta": 0.07152178474357823, "gamma": 602.7633760716438, "max_depth": 6.0, "min_child_weight": 4237.124338589708, "num_boost_round": 24.0, "subsample": 0.49382849013642327}, "datetime": {"datetime": "2024-01-20 14:23:59", "elapsed": 0.017203, "delta": 0.00015}}
{"target": -13.76354952891637, "params": {"colsample_bytree": 0.5939321535345923, "eta": 0.07152178474357823, "gamma": 602.7633760716438, "max_depth": 6.0, "min_child_weight": 4237.124338589708, "num_boost_round": 25.0, "subsample": 0.49382849013642327}, "datetime": {"datetime": "2024-01-20 14:23:59", "elapsed": 0.017354, "delta": 0.000151}}
{"target": -13.764616125993324, "params": {"colsample_bytree": 0.5939321535345923, "eta": 0.07152178474357823, "gamma": 602.7633760716438, "max_depth": 6.0, "min_child_weight": 4237.124338589708, "num_boost_round": 26.0, "subsample": 0.49382849013642327}, "datetime": {"datetime": "2024-01-20 14:23:59", "elapsed": 0.017502, "delta": 0.000148}}
{"target": -13.765635055966127, "params": {"colsample_bytree": 0.5939321535345923, "eta": 0.07152178474357823, "gamma": 602.7633760716438, "max_depth": 6.0, "min_child_weight": 4237.124338589708, "num_boost_round": 27.0, "subsample": 0.49382849013642327}, "datetime": {"datetime": "2024-01-20 14:23:59", "elapsed": 0.017656, "delta": 0.000154}}
{"target": -13.766678273390713, "params": {"colsample_bytree": 0.5939321535345923, "eta": 0.07152178474357823, "gamma": 602.7633760716438, "max_depth": 6.0, "min_child_weight": 4237.124338589708, "num_boost_round": 28.0, "subsample": 0.49382849013642327}, "datetime": {"datetime": "2024-01-20 14:23:59", "elapsed": 0.017808, "delta": 0.000152}}
{"target": -13.767835390461222, "params": {"colsample_bytree": 0.5939321535345923, "eta": 0.07152178474357823, "gamma": 602.7633760716438, "max_depth": 6.0, "min_child_weight": 4237.124338589708, "num_boost_round": 29.0, "subsample": 0.49382849013642327}, "datetime": {"datetime": "2024-01-20 14:23:59", "elapsed": 0.017954, "delta": 0.000146}}
{"target": -13.768378344937414, "params": {"colsample_bytree": 0.5939321535345923, "eta": 0.07152178474357823, "gamma": 602.7633760716438, "max_depth": 6.0, "min_child_weight": 4237.124338589708, "num_boost_round": 30.0, "subsample": 0.49382849013642327}, "datetime": {"datetime": "2024-01-20 14:23:59", "elapsed": 0.018105, "delta": 0.000151}}
{"target": -13.768991417367555, "params": {"colsample_bytree": 0.5939321535345923, "eta": 0.07152178474357823, "gamma": 602.7633760716438, "max_depth": 6.0, "min_child_weight": 4237.124338589708, "num_boost_round": 31.0, "subsample": 0.49382849013642327}, "datetime": {"datetime": "2024-01-20 14:23:59", "elapsed": 0.018255, "delta": 0.00015}}
{"target": -13.769804599720759, "params": {"colsample_bytree": 0.5939321535345923, "eta": 0.07152178474357823, "gamma": 602.7633760716438, "max_depth": 6.0, "min_child_weight": 4237.124338589708, "num_boost_round": 32.0, "subsample": 0.49382849013642327}, "datetime": {"datetime": "2024-01-20 14:23:59", "elapsed": 0.01841, "delta": 0.000155}}
{"target": -13.770623919498659, "params": {"colsample_bytree": 0.5939321535345923, "eta": 0.07152178474357823, "gamma": 602.7633760716438, "max_depth": 6.0, "min_child_weight": 4237.124338589708, "num_boost_round": 33.0, "subsample": 0.49382849013642327}, "datetime": {"datetime": "2024-01-20 14:23:59", "elapsed": 0.018571, "delta": 0.000161}}
{"target": -13.771254903006907, "params": {"colsample_bytree": 0.5939321535345923, "eta": 0.07152178474357823, "gamma": 602.7633760716438, "max_depth": 6.0, "min_child_weight": 4237.124338589708, "num_boost_round": 34.0, "subsample": 0.49382849013642327}, "datetime": {"datetime": "2024-01-20 14:23:59", "elapsed": 0.018736, "delta": 0.000165}}
{"target": -13.772065090649992, "params": {"colsample_bytree": 0.5939321535345923, "eta": 0.07152178474357823, "gamma": 602.7633760716438, "max_depth": 6.0, "min_child_weight": 4237.124338589708, "num_boost_round": 35.0, "subsample": 0.49382849013642327}, "datetime": {"datetime": "2024-01-20 14:23:59", "elapsed": 0.018896, "delta": 0.00016}}
{"target": -13.772866074703298, "params": {"colsample_bytree": 0.5939321535345923, "eta": 0.07152178474357823, "gamma": 602.7633760716438, "max_depth": 6.0, "min_child_weight": 4237.124338589708, "num_boost_round": 36.0, "subsample": 0.49382849013642327}, "datetime": {"datetime": "2024-01-20 14:23:59", "elapsed": 0.019061, "delta": 0.000165}}
{"target": -13.77404001851039, "params": {"colsample_bytree": 0.5939321535345923, "eta": 0.07152178474357823, "gamma": 602.7633760716438, "max_depth": 6.0, "min_child_weight": 4237.124338589708, "num_boost_round": 37.0, "subsample": 0.49382849013642327}, "datetime": {"datetime": "2024-01-20 14:23:59", "elapsed": 0.019228, "delta": 0.000167}}
{"target": -13.774758145217106, "params": {"colsample_bytree": 0.5939321535345923, "eta": 0.07152178474357823, "gamma": 602.7633760716438, "max_depth": 6.0, "min_child_weight": 4237.124338589708, "num_boost_round": 38.0, "subsample": 0.49382849013642327}, "datetime": {"datetime": "2024-01-20 14:23:59", "elapsed": 0.019393, "delta": 0.000165}}
{"target": -13.775428151145274, "params": {"colsample_bytree": 0.5939321535345923, "eta": 0.07152178474357823, "gamma": 602.7633760716438, "max_depth": 6.0, "min_child_weight": 4237.124338589708, "num_boost_round": 39.0, "subsample": 0.49382849013642327}, "datetime": {"datetime": "2024-01-20 14:23:59", "elapsed": 0.019562, "delta": 0.000169}}
{"target": -13.776541254201328, "params": {"colsample_bytree": 0.5939321535345923, "eta": 0.07152178474357823, "gamma": 602.7633760716438, "max_depth": 6.0, "min_child_weight": 4237.124338589708, "num_boost_round": 40.0, "subsample": 0.49382849013642327}, "datetime": {"datetime": "2024-01-20 14:23:59", "elapsed": 0.019733, "delta": 0.000171}}
{"target": -13.777074777202142, "params": {"colsample_bytree": 0.5939321535345923, "eta": 0.07152178474357823, "gamma": 602.7633760716438, "max_depth": 6.0, "min_child_weight": 4237.124338589708, "num_boost_round": 41.0, "subsample": 0.49382849013642327}, "datetime": {"datetime": "2024-01-20 14:23:59", "elapsed": 0.019905, "delta": 0.000172}}
{"target": -13.777566005222178, "params": {"colsample_bytree": 0.5939321535345923, "eta": 0.07152178474357823, "gamma": 602.7633760716438, "max_depth": 6.0, "min_child_weight": 4237.124338589708, "num_boost_round": 42.0, "subsample": 0.49382849013642327}, "datetime": {"datetime": "2024-01-20 14:23:59", "elapsed": 0.020076, "delta": 0.000171}}
{"target": -13.777852946009178, "params": {"colsample_bytree": 0.5939321535345923, "eta": 0.07152178474357823, "gamma": 602.7633760716438, "max_depth": 6.0, "min_child_weight": 4237.124338589708, "num_boost_round": 43.0, "subsample": 0.49382849013642327}, "datetime": {"datetime": "2024-01-20 14:23:59", "elapsed": 0.020253, "delta": 0.000177}}
{"target": -13.778757819044069, "params": {"colsample_bytree": 0.5939321535345923, "eta": 0.07152178474357823, "gamma": 602.7633760716438, "max_depth": 6.0, "min_child_weight": 4237.124338589708, "num_boost_round": 44.0, "subsample": 0.49382849013642327}, "datetime": {"datetime": "2024-01-20 14:23:59", "elapsed": 0.020432, "delta": 0.000179}}
{"target": -13.779037378509926, "params": {"colsample_bytree": 0.5939321535345923, "eta": 0.07152178474357823, "gamma": 602.7633760716438, "max_depth": 6.0, "min_child_weight": 4237.124338589708, "num_boost_round": 45.0, "subsample": 0.49382849013642327}, "datetime": {"datetime": "2024-01-20 14:23:59", "elapsed": 0.020615, "delta": 0.000183}}
{"target": -13.779488306538, "params": {"colsample_bytree": 0.5939321535345923, "eta": 0.07152178474357823, "gamma": 602.7633760716438, "max_depth": 6.0, "min_child_weight": 4237.124338589708, "num_boost_round": 46.0, "subsample": 0.49382849013642327}, "datetime": {"datetime": "2024-01-20 14:23:59", "elapsed": 0.020795, "delta": 0.00018}}
{"target": -13.779966794221082, "params": {"colsample_bytree": 0.5939321535345923, "eta": 0.07152178474357823, "gamma": 602.7633760716438, "max_depth": 6.0, "min_child_weight": 4237.124338589708, "num_boost_round": 47.0, "subsample": 0.49382849013642327}, "datetime": {"datetime": "2024-01-20 14:23:59", "elapsed": 0.020974, "delta": 0.000179}}
{"target": -13.780646600579097, "params": {"colsample_bytree": 0.5939321535345923, "eta": 0.07152178474357823, "gamma": 602.7633760716438, "max_depth": 6.0, "min_child_weight": 4237.124338589708, "num_boost_round": 48.0, "subsample": 0.49382849013642327}, "datetime": {"datetime": "2024-01-20 14:23:59", "elapsed": 0.021154, "delta": 0.00018}}
{"target": -13.781200109311598, "params": {"colsample_bytree": 0.5939321535345923, "eta": 0.07152178474357823, "gamma": 602.7633760716438, "max_depth": 6.0, "min_child_weight": 4237.124338589708, "num_boost_round": 49.0, "subsample": 0.49382849013642327}, "datetime": {"datetime": "2024-01-20 14:23:59", "elapsed": 0.021335, "delta": 0.000181}}
{"target": -13.781768080961358, "params": {"colsample_bytree": 0.5939321535345923, "eta": 0.07152178474357823, "gamma": 602.7633760716438, "max_depth": 6.0, "min_child_weight": 4237.124338589708, "num_boost_round": 50.0, "subsample": 0.49382849013642327}, "datetime": {"datetime": "2024-01-20 14:23:59", "elapsed": 0.021536, "delta": 0.000201}}
{"target": -13.782273727782451, "params": {"colsample_bytree": 0.5939321535345923, "eta": 0.07152178474357823, "gamma": 602.7633760716438, "max_depth": 6.0, "min_child_weight": 4237.124338589708, "num_boost_round": 51.0, "subsample": 0.49382849013642327}, "datetime": {"datetime": "2024-01-20 14:23:59", "elapsed": 0.021735, "delta": 0.000199}}
{"target": -13.782643639087631, "params": {"colsample_bytree": 0.5939321535345923, "eta": 0.07152178474357823, "gamma": 602.7633760716438, "max_depth": 6.0, "min_child_weight": 4237.124338589708, "num_boost_round": 52.0, "subsample": 0.49382849013642327}, "datetime": {"datetime": "2024-01-20 14:23:59", "elapsed": 0.021926, "delta": 0.000191}}
{"target": -13.783344218617334, "params": {"colsample_bytree": 0.5939321535345923, "eta": 0.07152178474357823, "gamma": 602.7633760716438, "max_depth": 6.0, "min_child_weight": 4237.124338589708, "num_boost_round": 53.0, "subsample": 0.49382849013642327}, "datetime": {"datetime": "2024-01-20 14:23:59", "elapsed": 0.022116, "delta": 0.00019}}
{"target": -13.783516091279942, "params": {"colsample_bytree": 0.5939321535345923, "eta": 0.07152178474357823, "gamma": 602.7633760716438, "max_depth": 6.0, "min_child_weight": 4237.124338589708, "num_boost_round": 54.0, "subsample": 0.49382849013642327}, "datetime": {"datetime": "2024-01-20 14:23:59", "elapsed": 0.022304, "delta": 0.000188}}
{"target": -13.783991182009874, "params": {"colsample_bytree": 0.5939321535345923, "eta": 0.07152178474357823, "gamma": 602.7633760716438, "max_depth": 6.0, "min_child_weight": 4237.124338589708, "num_boost_round": 55.0, "subsample": 0.49382849013642327}, "datetime": {"datetime": "2024-01-20 14:23:59", "elapsed": 0.022495, "delta": 0.000191}}
{"target": -13.784539763538827, "params": {"colsample_bytree": 0.5939321535345923, "eta": 0.07152178474357823, "gamma": 602.7633760716438, "max_depth": 6.0, "min_child_weight": 4237.124338589708, "num_boost_round": 56.0, "subsample": 0.49382849013642327}, "datetime": {"datetime": "2024-01-20 14:23:59", "elapsed": 0.022697, "delta": 0.000202}}
{"target": -13.784403599125568, "params": {"colsample_bytree": 0.5939321535345923, "eta": 0.07152178474357823, "gamma": 602.7633760716438, "max_depth": 6.0, "min_child_weight": 4237.124338589708, "num_boost_round": 57.0, "subsample": 0.49382849013642327}, "datetime": {"datetime": "2024-01-20 14:23:59", "elapsed": 0.02289, "delta": 0.000193}}
{"target": -13.785051996509491, "params": {"colsample_bytree": 0.5939321535345923, "eta": 0.07152178474357823, "gamma": 602.7633760716438, "max_depth": 6.0, "min_child_weight": 4237.124338589708, "num_boost_round": 58.0, "subsample": 0.49382849013642327}, "datetime": {"datetime": "2024-01-20 14:23:59", "elapsed": 0.023084, "delta": 0.000194}}
{"target": -13.785383591175606, "params": {"colsample_bytree": 0.5939321535345923, "eta": 0.07152178474357823, "gamma": 602.7633760716438, "max_depth": 6.0, "min_child_weight": 4237.124338589708, "num_boost_round": 59.0, "subsample": 0.49382849013642327}, "datetime": {"datetime": "2024-01-20 14:23:59", "elapsed": 0.023276, "delta": 0.000192}}
{"target": -13.785901469400134, "params": {"colsample_bytree": 0.5939321535345923, "eta": 0.07152178474357823, "gamma": 602.7633760716438, "max_depth": 6.0, "min_child_weight": 4237.124338589708, "num_boost_round": 60.0, "subsample": 0.49382849013642327}, "datetime": {"datetime": "2024-01-20 14:23:59", "elapsed": 0.023476, "delta": 0.0002}}
{"target": -13.786349722110423, "params": {"colsample_bytree": 0.5939321535345923, "eta": 0.07152178474357823, "gamma": 602.7633760716438, "max_depth": 6.0, "min_child_weight": 4237.124338589708, "num_boost_round": 61.0, "subsample": 0.49382849013642327}, "datetime": {"datetime": "2024-01-20 14:23:59", "elapsed": 0.02369, "delta": 0.000214}}
{"target": -13.786504634117854, "params": {"colsample_bytree": 0.5939321535345923, "eta": 0.07152178474357823, "gamma": 602.7633760716438, "max_depth": 6.0, "min_child_weight": 4237.124338589708, "num_boost_round": 62.0, "subsample": 0.49382849013642327}, "datetime": {"datetime": "2024-01-20 14:23:59", "elapsed": 0.023891, "delta": 0.000201}}
{"target": -13.786849153630744, "params": {"colsample_bytree": 0.5939321535345923, "eta": 0.07152178474357823, "gamma": 602.7633760716438, "max_depth": 6.0, "min_child_weight": 4237.124338589708, "num_boost_round": 63.0, "subsample": 0.49382849013642327}, "datetime": {"datetime": "2024-01-20 14:23:59", "elapsed": 0.024104, "delta": 0.000213}}
