{"target": -19.143811039020502, "params": {"colsample_bytree": 0.948860892473715, "eta": 0.09629725637625242, "gamma": 565.5434475296287, "max_depth": 5.0, "min_child_weight": 4391.068104919544, "num_boost_round": 3.0, "subsample": 0.5038678432306766}, "datetime": {"datetime": "2024-01-20 14:58:10", "elapsed": 2057.950634, "delta": 0.002701}}
{"target": -19.143655986555114, "params": {"colsample_bytree": 0.5050973589850206, "eta": 0.06531227013614378, "gamma": 178.2186798031219, "max_depth": 9.0, "min_child_weight": 4325.595714410784, "num_boost_round": 1.0, "subsample": 0.9090169004452344}, "datetime": {"datetime": "2024-01-20 14:58:43", "elapsed": 2091.032669, "delta": 33.082035}}
{"target": -19.14383362390967, "params": {"colsample_bytree": 0.5050973589850206, "eta": 0.06531227013614378, "gamma": 178.2186798031219, "max_depth": 9.0, "min_child_weight": 4325.595714410784, "num_boost_round": 2.0, "subsample": 0.9090169004452344}, "datetime": {"datetime": "2024-01-20 14:58:43", "elapsed": 2091.037085, "delta": 0.004416}}
{"target": -19.14455128741512, "params": {"colsample_bytree": 0.5050973589850206, "eta": 0.06531227013614378, "gamma": 178.2186798031219, "max_depth": 9.0, "min_child_weight": 4325.595714410784, "num_boost_round": 3.0, "subsample": 0.9090169004452344}, "datetime": {"datetime": "2024-01-20 14:58:43", "elapsed": 2091.039687, "delta": 0.002602}}
{"target": -19.144034085589265, "params": {"colsample_bytree": 0.5050973589850206, "eta": 0.06531227013614378, "gamma": 178.2186798031219, "max_depth": 9.0, "min_child_weight": 4325.595714410784, "num_boost_round": 4.0, "subsample": 0.9090169004452344}, "datetime": {"datetime": "2024-01-20 14:58:43", "elapsed": 2091.042372, "delta": 0.002685}}
{"target": -19.14484978607487, "params": {"colsample_bytree": 0.5050973589850206, "eta": 0.06531227013614378, "gamma": 178.2186798031219, "max_depth": 9.0, "min_child_weight": 4325.595714410784, "num_boost_round": 5.0, "subsample": 0.9090169004452344}, "datetime": {"datetime": "2024-01-20 14:58:43", "elapsed": 2091.04498, "delta": 0.002608}}
{"target": -19.14445267507254, "params": {"colsample_bytree": 0.5050973589850206, "eta": 0.06531227013614378, "gamma": 178.2186798031219, "max_depth": 9.0, "min_child_weight": 4325.595714410784, "num_boost_round": 6.0, "subsample": 0.9090169004452344}, "datetime": {"datetime": "2024-01-20 14:58:43", "elapsed": 2091.04766, "delta": 0.00268}}
{"target": -19.14547241594834, "params": {"colsample_bytree": 0.5050973589850206, "eta": 0.06531227013614378, "gamma": 178.2186798031219, "max_depth": 9.0, "min_child_weight": 4325.595714410784, "num_boost_round": 7.0, "subsample": 0.9090169004452344}, "datetime": {"datetime": "2024-01-20 14:58:43", "elapsed": 2091.050246, "delta": 0.002586}}
{"target": -19.146576650584393, "params": {"colsample_bytree": 0.5050973589850206, "eta": 0.06531227013614378, "gamma": 178.2186798031219, "max_depth": 9.0, "min_child_weight": 4325.595714410784, "num_boost_round": 8.0, "subsample": 0.9090169004452344}, "datetime": {"datetime": "2024-01-20 14:58:43", "elapsed": 2091.052845, "delta": 0.002599}}
{"target": -19.147040048118917, "params": {"colsample_bytree": 0.5050973589850206, "eta": 0.06531227013614378, "gamma": 178.2186798031219, "max_depth": 9.0, "min_child_weight": 4325.595714410784, "num_boost_round": 9.0, "subsample": 0.9090169004452344}, "datetime": {"datetime": "2024-01-20 14:58:43", "elapsed": 2091.055428, "delta": 0.002583}}
{"target": -19.148142081436852, "params": {"colsample_bytree": 0.5050973589850206, "eta": 0.06531227013614378, "gamma": 178.2186798031219, "max_depth": 9.0, "min_child_weight": 4325.595714410784, "num_boost_round": 10.0, "subsample": 0.9090169004452344}, "datetime": {"datetime": "2024-01-20 14:58:43", "elapsed": 2091.058055, "delta": 0.002627}}
{"target": -19.14831576693212, "params": {"colsample_bytree": 0.5050973589850206, "eta": 0.06531227013614378, "gamma": 178.2186798031219, "max_depth": 9.0, "min_child_weight": 4325.595714410784, "num_boost_round": 11.0, "subsample": 0.9090169004452344}, "datetime": {"datetime": "2024-01-20 14:58:43", "elapsed": 2091.060708, "delta": 0.002653}}
{"target": -19.14850124061202, "params": {"colsample_bytree": 0.5050973589850206, "eta": 0.06531227013614378, "gamma": 178.2186798031219, "max_depth": 9.0, "min_child_weight": 4325.595714410784, "num_boost_round": 12.0, "subsample": 0.9090169004452344}, "datetime": {"datetime": "2024-01-20 14:58:43", "elapsed": 2091.063378, "delta": 0.00267}}
{"target": -19.1500536517757, "params": {"colsample_bytree": 0.5050973589850206, "eta": 0.06531227013614378, "gamma": 178.2186798031219, "max_depth": 9.0, "min_child_weight": 4325.595714410784, "num_boost_round": 13.0, "subsample": 0.9090169004452344}, "datetime": {"datetime": "2024-01-20 14:58:43", "elapsed": 2091.065978, "delta": 0.0026}}
{"target": -19.151374669636162, "params": {"colsample_bytree": 0.5050973589850206, "eta": 0.06531227013614378, "gamma": 178.2186798031219, "max_depth": 9.0, "min_child_weight": 4325.595714410784, "num_boost_round": 14.0, "subsample": 0.9090169004452344}, "datetime": {"datetime": "2024-01-20 14:58:43", "elapsed": 2091.068725, "delta": 0.002747}}
{"target": -19.153026152704737, "params": {"colsample_bytree": 0.5050973589850206, "eta": 0.06531227013614378, "gamma": 178.2186798031219, "max_depth": 9.0, "min_child_weight": 4325.595714410784, "num_boost_round": 15.0, "subsample": 0.9090169004452344}, "datetime": {"datetime": "2024-01-20 14:58:43", "elapsed": 2091.071427, "delta": 0.002702}}
{"target": -19.152869245922666, "params": {"colsample_bytree": 0.5050973589850206, "eta": 0.06531227013614378, "gamma": 178.2186798031219, "max_depth": 9.0, "min_child_weight": 4325.595714410784, "num_boost_round": 16.0, "subsample": 0.9090169004452344}, "datetime": {"datetime": "2024-01-20 14:58:43", "elapsed": 2091.074182, "delta": 0.002755}}
{"target": -19.153635954155128, "params": {"colsample_bytree": 0.5050973589850206, "eta": 0.06531227013614378, "gamma": 178.2186798031219, "max_depth": 9.0, "min_child_weight": 4325.595714410784, "num_boost_round": 17.0, "subsample": 0.9090169004452344}, "datetime": {"datetime": "2024-01-20 14:58:43", "elapsed": 2091.076826, "delta": 0.002644}}
{"target": -19.154921061370935, "params": {"colsample_bytree": 0.5050973589850206, "eta": 0.06531227013614378, "gamma": 178.2186798031219, "max_depth": 9.0, "min_child_weight": 4325.595714410784, "num_boost_round": 18.0, "subsample": 0.9090169004452344}, "datetime": {"datetime": "2024-01-20 14:58:43", "elapsed": 2091.079419, "delta": 0.002593}}
{"target": -19.15562811464605, "params": {"colsample_bytree": 0.5050973589850206, "eta": 0.06531227013614378, "gamma": 178.2186798031219, "max_depth": 9.0, "min_child_weight": 4325.595714410784, "num_boost_round": 19.0, "subsample": 0.9090169004452344}, "datetime": {"datetime": "2024-01-20 14:58:43", "elapsed": 2091.08202, "delta": 0.002601}}
{"target": -19.156446596953145, "params": {"colsample_bytree": 0.5050973589850206, "eta": 0.06531227013614378, "gamma": 178.2186798031219, "max_depth": 9.0, "min_child_weight": 4325.595714410784, "num_boost_round": 20.0, "subsample": 0.9090169004452344}, "datetime": {"datetime": "2024-01-20 14:58:43", "elapsed": 2091.084638, "delta": 0.002618}}
{"target": -19.14309059300747, "params": {"colsample_bytree": 0.47638711981294524, "eta": 0.052703757588373194, "gamma": 260.877787138294, "max_depth": 8.0, "min_child_weight": 4455.993815505049, "num_boost_round": 1.0, "subsample": 0.1778784620718612}, "datetime": {"datetime": "2024-01-20 14:59:21", "elapsed": 2129.893366, "delta": 38.808728}}
{"target": -19.142863368028035, "params": {"colsample_bytree": 0.47638711981294524, "eta": 0.052703757588373194, "gamma": 260.877787138294, "max_depth": 8.0, "min_child_weight": 4455.993815505049, "num_boost_round": 2.0, "subsample": 0.1778784620718612}, "datetime": {"datetime": "2024-01-20 14:59:21", "elapsed": 2129.897048, "delta": 0.003682}}
{"target": -19.142928517985425, "params": {"colsample_bytree": 0.47638711981294524, "eta": 0.052703757588373194, "gamma": 260.877787138294, "max_depth": 8.0, "min_child_weight": 4455.993815505049, "num_boost_round": 3.0, "subsample": 0.1778784620718612}, "datetime": {"datetime": "2024-01-20 14:59:21", "elapsed": 2129.899662, "delta": 0.002614}}
{"target": -19.142193261877964, "params": {"colsample_bytree": 0.47638711981294524, "eta": 0.052703757588373194, "gamma": 260.877787138294, "max_depth": 8.0, "min_child_weight": 4455.993815505049, "num_boost_round": 4.0, "subsample": 0.1778784620718612}, "datetime": {"datetime": "2024-01-20 14:59:21", "elapsed": 2129.902216, "delta": 0.002554}}
{"target": -19.14230651124907, "params": {"colsample_bytree": 0.47638711981294524, "eta": 0.052703757588373194, "gamma": 260.877787138294, "max_depth": 8.0, "min_child_weight": 4455.993815505049, "num_boost_round": 5.0, "subsample": 0.1778784620718612}, "datetime": {"datetime": "2024-01-20 14:59:21", "elapsed": 2129.904877, "delta": 0.002661}}
{"target": -19.141652548047944, "params": {"colsample_bytree": 0.47638711981294524, "eta": 0.052703757588373194, "gamma": 260.877787138294, "max_depth": 8.0, "min_child_weight": 4455.993815505049, "num_boost_round": 6.0, "subsample": 0.1778784620718612}, "datetime": {"datetime": "2024-01-20 14:59:21", "elapsed": 2129.907503, "delta": 0.002626}}
{"target": -19.14163163066582, "params": {"colsample_bytree": 0.47638711981294524, "eta": 0.052703757588373194, "gamma": 260.877787138294, "max_depth": 8.0, "min_child_weight": 4455.993815505049, "num_boost_round": 7.0, "subsample": 0.1778784620718612}, "datetime": {"datetime": "2024-01-20 14:59:21", "elapsed": 2129.910047, "delta": 0.002544}}
{"target": -19.141693747987, "params": {"colsample_bytree": 0.47638711981294524, "eta": 0.052703757588373194, "gamma": 260.877787138294, "max_depth": 8.0, "min_child_weight": 4455.993815505049, "num_boost_round": 8.0, "subsample": 0.1778784620718612}, "datetime": {"datetime": "2024-01-20 14:59:21", "elapsed": 2129.91259, "delta": 0.002543}}
{"target": -19.141665236573004, "params": {"colsample_bytree": 0.47638711981294524, "eta": 0.052703757588373194, "gamma": 260.877787138294, "max_depth": 8.0, "min_child_weight": 4455.993815505049, "num_boost_round": 9.0, "subsample": 0.1778784620718612}, "datetime": {"datetime": "2024-01-20 14:59:21", "elapsed": 2129.915138, "delta": 0.002548}}
{"target": -19.141738746693562, "params": {"colsample_bytree": 0.47638711981294524, "eta": 0.052703757588373194, "gamma": 260.877787138294, "max_depth": 8.0, "min_child_weight": 4455.993815505049, "num_boost_round": 10.0, "subsample": 0.1778784620718612}, "datetime": {"datetime": "2024-01-20 14:59:21", "elapsed": 2129.917848, "delta": 0.00271}}
{"target": -19.141831818506752, "params": {"colsample_bytree": 0.47638711981294524, "eta": 0.052703757588373194, "gamma": 260.877787138294, "max_depth": 8.0, "min_child_weight": 4455.993815505049, "num_boost_round": 11.0, "subsample": 0.1778784620718612}, "datetime": {"datetime": "2024-01-20 14:59:21", "elapsed": 2129.920485, "delta": 0.002637}}
{"target": -19.142075653891332, "params": {"colsample_bytree": 0.47638711981294524, "eta": 0.052703757588373194, "gamma": 260.877787138294, "max_depth": 8.0, "min_child_weight": 4455.993815505049, "num_boost_round": 12.0, "subsample": 0.1778784620718612}, "datetime": {"datetime": "2024-01-20 14:59:21", "elapsed": 2129.92311, "delta": 0.002625}}
{"target": -19.142339982438312, "params": {"colsample_bytree": 0.47638711981294524, "eta": 0.052703757588373194, "gamma": 260.877787138294, "max_depth": 8.0, "min_child_weight": 4455.993815505049, "num_boost_round": 13.0, "subsample": 0.1778784620718612}, "datetime": {"datetime": "2024-01-20 14:59:21", "elapsed": 2129.925662, "delta": 0.002552}}
{"target": -19.142569610506985, "params": {"colsample_bytree": 0.47638711981294524, "eta": 0.052703757588373194, "gamma": 260.877787138294, "max_depth": 8.0, "min_child_weight": 4455.993815505049, "num_boost_round": 14.0, "subsample": 0.1778784620718612}, "datetime": {"datetime": "2024-01-20 14:59:21", "elapsed": 2129.928307, "delta": 0.002645}}
{"target": -19.142956790450864, "params": {"colsample_bytree": 0.47638711981294524, "eta": 0.052703757588373194, "gamma": 260.877787138294, "max_depth": 8.0, "min_child_weight": 4455.993815505049, "num_boost_round": 15.0, "subsample": 0.1778784620718612}, "datetime": {"datetime": "2024-01-20 14:59:21", "elapsed": 2129.930844, "delta": 0.002537}}
{"target": -19.142782879879604, "params": {"colsample_bytree": 0.47638711981294524, "eta": 0.052703757588373194, "gamma": 260.877787138294, "max_depth": 8.0, "min_child_weight": 4455.993815505049, "num_boost_round": 16.0, "subsample": 0.1778784620718612}, "datetime": {"datetime": "2024-01-20 14:59:21", "elapsed": 2129.93338, "delta": 0.002536}}
{"target": -19.14287489067322, "params": {"colsample_bytree": 0.47638711981294524, "eta": 0.052703757588373194, "gamma": 260.877787138294, "max_depth": 8.0, "min_child_weight": 4455.993815505049, "num_boost_round": 17.0, "subsample": 0.1778784620718612}, "datetime": {"datetime": "2024-01-20 14:59:21", "elapsed": 2129.936043, "delta": 0.002663}}
{"target": -19.14302438361683, "params": {"colsample_bytree": 0.47638711981294524, "eta": 0.052703757588373194, "gamma": 260.877787138294, "max_depth": 8.0, "min_child_weight": 4455.993815505049, "num_boost_round": 18.0, "subsample": 0.1778784620718612}, "datetime": {"datetime": "2024-01-20 14:59:21", "elapsed": 2129.938578, "delta": 0.002535}}
{"target": -19.14348915109864, "params": {"colsample_bytree": 0.47638711981294524, "eta": 0.052703757588373194, "gamma": 260.877787138294, "max_depth": 8.0, "min_child_weight": 4455.993815505049, "num_boost_round": 19.0, "subsample": 0.1778784620718612}, "datetime": {"datetime": "2024-01-20 14:59:21", "elapsed": 2129.941097, "delta": 0.002519}}
{"target": -19.14377026015117, "params": {"colsample_bytree": 0.47638711981294524, "eta": 0.052703757588373194, "gamma": 260.877787138294, "max_depth": 8.0, "min_child_weight": 4455.993815505049, "num_boost_round": 20.0, "subsample": 0.1778784620718612}, "datetime": {"datetime": "2024-01-20 14:59:21", "elapsed": 2129.943677, "delta": 0.00258}}
{"target": -19.144446873484657, "params": {"colsample_bytree": 0.47638711981294524, "eta": 0.052703757588373194, "gamma": 260.877787138294, "max_depth": 8.0, "min_child_weight": 4455.993815505049, "num_boost_round": 21.0, "subsample": 0.1778784620718612}, "datetime": {"datetime": "2024-01-20 14:59:21", "elapsed": 2129.94623, "delta": 0.002553}}
{"target": -19.144970416173066, "params": {"colsample_bytree": 0.47638711981294524, "eta": 0.052703757588373194, "gamma": 260.877787138294, "max_depth": 8.0, "min_child_weight": 4455.993815505049, "num_boost_round": 22.0, "subsample": 0.1778784620718612}, "datetime": {"datetime": "2024-01-20 14:59:21", "elapsed": 2129.948898, "delta": 0.002668}}
{"target": -19.14483889310523, "params": {"colsample_bytree": 0.47638711981294524, "eta": 0.052703757588373194, "gamma": 260.877787138294, "max_depth": 8.0, "min_child_weight": 4455.993815505049, "num_boost_round": 23.0, "subsample": 0.1778784620718612}, "datetime": {"datetime": "2024-01-20 14:59:22", "elapsed": 2129.951445, "delta": 0.002547}}
{"target": -19.145185126467943, "params": {"colsample_bytree": 0.47638711981294524, "eta": 0.052703757588373194, "gamma": 260.877787138294, "max_depth": 8.0, "min_child_weight": 4455.993815505049, "num_boost_round": 24.0, "subsample": 0.1778784620718612}, "datetime": {"datetime": "2024-01-20 14:59:22", "elapsed": 2129.954002, "delta": 0.002557}}
{"target": -19.14554467302232, "params": {"colsample_bytree": 0.47638711981294524, "eta": 0.052703757588373194, "gamma": 260.877787138294, "max_depth": 8.0, "min_child_weight": 4455.993815505049, "num_boost_round": 25.0, "subsample": 0.1778784620718612}, "datetime": {"datetime": "2024-01-20 14:59:22", "elapsed": 2129.956575, "delta": 0.002573}}
{"target": -19.145648295650975, "params": {"colsample_bytree": 0.47638711981294524, "eta": 0.052703757588373194, "gamma": 260.877787138294, "max_depth": 8.0, "min_child_weight": 4455.993815505049, "num_boost_round": 26.0, "subsample": 0.1778784620718612}, "datetime": {"datetime": "2024-01-20 14:59:22", "elapsed": 2129.959129, "delta": 0.002554}}
{"target": -19.14600986623183, "params": {"colsample_bytree": 0.47638711981294524, "eta": 0.052703757588373194, "gamma": 260.877787138294, "max_depth": 8.0, "min_child_weight": 4455.993815505049, "num_boost_round": 27.0, "subsample": 0.1778784620718612}, "datetime": {"datetime": "2024-01-20 14:59:22", "elapsed": 2129.96166, "delta": 0.002531}}
{"target": -19.14603503582328, "params": {"colsample_bytree": 0.47638711981294524, "eta": 0.052703757588373194, "gamma": 260.877787138294, "max_depth": 8.0, "min_child_weight": 4455.993815505049, "num_boost_round": 28.0, "subsample": 0.1778784620718612}, "datetime": {"datetime": "2024-01-20 14:59:22", "elapsed": 2129.964285, "delta": 0.002625}}
{"target": -19.14581058528995, "params": {"colsample_bytree": 0.47638711981294524, "eta": 0.052703757588373194, "gamma": 260.877787138294, "max_depth": 8.0, "min_child_weight": 4455.993815505049, "num_boost_round": 29.0, "subsample": 0.1778784620718612}, "datetime": {"datetime": "2024-01-20 14:59:22", "elapsed": 2129.967043, "delta": 0.002758}}
{"target": -19.145981397840394, "params": {"colsample_bytree": 0.47638711981294524, "eta": 0.052703757588373194, "gamma": 260.877787138294, "max_depth": 8.0, "min_child_weight": 4455.993815505049, "num_boost_round": 30.0, "subsample": 0.1778784620718612}, "datetime": {"datetime": "2024-01-20 14:59:22", "elapsed": 2129.969757, "delta": 0.002714}}
{"target": -19.143108478274115, "params": {"colsample_bytree": 0.13301101424773104, "eta": 0.011500726638517764, "gamma": 506.2916171904409, "max_depth": 9.0, "min_child_weight": 4423.65401807514, "num_boost_round": 1.0, "subsample": 0.6967034187337283}, "datetime": {"datetime": "2024-01-20 14:59:54", "elapsed": 2162.414688, "delta": 32.444931}}
{"target": -19.14301629750379, "params": {"colsample_bytree": 0.13301101424773104, "eta": 0.011500726638517764, "gamma": 506.2916171904409, "max_depth": 9.0, "min_child_weight": 4423.65401807514, "num_boost_round": 2.0, "subsample": 0.6967034187337283}, "datetime": {"datetime": "2024-01-20 14:59:54", "elapsed": 2162.418097, "delta": 0.003409}}
{"target": -19.142943149219253, "params": {"colsample_bytree": 0.13301101424773104, "eta": 0.011500726638517764, "gamma": 506.2916171904409, "max_depth": 9.0, "min_child_weight": 4423.65401807514, "num_boost_round": 3.0, "subsample": 0.6967034187337283}, "datetime": {"datetime": "2024-01-20 14:59:54", "elapsed": 2162.420727, "delta": 0.00263}}
{"target": -19.142847808853286, "params": {"colsample_bytree": 0.13301101424773104, "eta": 0.011500726638517764, "gamma": 506.2916171904409, "max_depth": 9.0, "min_child_weight": 4423.65401807514, "num_boost_round": 4.0, "subsample": 0.6967034187337283}, "datetime": {"datetime": "2024-01-20 14:59:54", "elapsed": 2162.423437, "delta": 0.00271}}
{"target": -19.14282715255147, "params": {"colsample_bytree": 0.13301101424773104, "eta": 0.011500726638517764, "gamma": 506.2916171904409, "max_depth": 9.0, "min_child_weight": 4423.65401807514, "num_boost_round": 5.0, "subsample": 0.6967034187337283}, "datetime": {"datetime": "2024-01-20 14:59:54", "elapsed": 2162.426071, "delta": 0.002634}}
{"target": -19.142794901233245, "params": {"colsample_bytree": 0.13301101424773104, "eta": 0.011500726638517764, "gamma": 506.2916171904409, "max_depth": 9.0, "min_child_weight": 4423.65401807514, "num_boost_round": 6.0, "subsample": 0.6967034187337283}, "datetime": {"datetime": "2024-01-20 14:59:54", "elapsed": 2162.428807, "delta": 0.002736}}
{"target": -19.142749364877048, "params": {"colsample_bytree": 0.13301101424773104, "eta": 0.011500726638517764, "gamma": 506.2916171904409, "max_depth": 9.0, "min_child_weight": 4423.65401807514, "num_boost_round": 7.0, "subsample": 0.6967034187337283}, "datetime": {"datetime": "2024-01-20 14:59:54", "elapsed": 2162.431399, "delta": 0.002592}}
{"target": -19.142639692723847, "params": {"colsample_bytree": 0.13301101424773104, "eta": 0.011500726638517764, "gamma": 506.2916171904409, "max_depth": 9.0, "min_child_weight": 4423.65401807514, "num_boost_round": 8.0, "subsample": 0.6967034187337283}, "datetime": {"datetime": "2024-01-20 14:59:54", "elapsed": 2162.434006, "delta": 0.002607}}
{"target": -19.14263155770664, "params": {"colsample_bytree": 0.13301101424773104, "eta": 0.011500726638517764, "gamma": 506.2916171904409, "max_depth": 9.0, "min_child_weight": 4423.65401807514, "num_boost_round": 9.0, "subsample": 0.6967034187337283}, "datetime": {"datetime": "2024-01-20 14:59:54", "elapsed": 2162.436647, "delta": 0.002641}}
{"target": -19.14324364078093, "params": {"colsample_bytree": 0.8796315160099978, "eta": 0.030067415859580567, "gamma": 513.0423206431043, "max_depth": 4.0, "min_child_weight": 4499.243190636529, "num_boost_round": 1.0, "subsample": 0.6448524464488726}, "datetime": {"datetime": "2024-01-20 15:00:21", "elapsed": 2189.273652, "delta": 26.837005}}
{"target": -19.1431987323338, "params": {"colsample_bytree": 0.8796315160099978, "eta": 0.030067415859580567, "gamma": 513.0423206431043, "max_depth": 4.0, "min_child_weight": 4499.243190636529, "num_boost_round": 2.0, "subsample": 0.6448524464488726}, "datetime": {"datetime": "2024-01-20 15:00:21", "elapsed": 2189.277779, "delta": 0.004127}}
{"target": -19.143201697733744, "params": {"colsample_bytree": 0.3115775513719454, "eta": 0.00635578825248222, "gamma": 537.1882754370835, "max_depth": 5.0, "min_child_weight": 4484.1249684656605, "num_boost_round": 1.0, "subsample": 0.8991470536468013}, "datetime": {"datetime": "2024-01-20 15:01:08", "elapsed": 2236.720319, "delta": 47.44254}}
