{"target": -10.298203183711315, "params": {"colsample_bytree": 0.34737122961670225, "eta": 0.03862616889562259, "gamma": 149.9645506675804, "max_depth": 5.0, "min_child_weight": 4217.427291011011, "num_boost_round": 1.0, "subsample": 0.830791869951367}, "datetime": {"datetime": "2024-01-20 13:56:56", "elapsed": 2114.405716, "delta": 33.10508}}
{"target": -10.298174899246767, "params": {"colsample_bytree": 0.34737122961670225, "eta": 0.03862616889562259, "gamma": 149.9645506675804, "max_depth": 5.0, "min_child_weight": 4217.427291011011, "num_boost_round": 2.0, "subsample": 0.830791869951367}, "datetime": {"datetime": "2024-01-20 13:56:56", "elapsed": 2114.408043, "delta": 0.002327}}
{"target": -10.29833029325766, "params": {"colsample_bytree": 0.34737122961670225, "eta": 0.03862616889562259, "gamma": 149.9645506675804, "max_depth": 5.0, "min_child_weight": 4217.427291011011, "num_boost_round": 3.0, "subsample": 0.830791869951367}, "datetime": {"datetime": "2024-01-20 13:56:56", "elapsed": 2114.410177, "delta": 0.002134}}
{"target": -10.298518261446617, "params": {"colsample_bytree": 0.34737122961670225, "eta": 0.03862616889562259, "gamma": 149.9645506675804, "max_depth": 5.0, "min_child_weight": 4217.427291011011, "num_boost_round": 4.0, "subsample": 0.830791869951367}, "datetime": {"datetime": "2024-01-20 13:56:56", "elapsed": 2114.414533, "delta": 0.004356}}
{"target": -10.298757845020816, "params": {"colsample_bytree": 0.34737122961670225, "eta": 0.03862616889562259, "gamma": 149.9645506675804, "max_depth": 5.0, "min_child_weight": 4217.427291011011, "num_boost_round": 5.0, "subsample": 0.830791869951367}, "datetime": {"datetime": "2024-01-20 13:56:56", "elapsed": 2114.416309, "delta": 0.001776}}
{"target": -10.29891333448867, "params": {"colsample_bytree": 0.34737122961670225, "eta": 0.03862616889562259, "gamma": 149.9645506675804, "max_depth": 5.0, "min_child_weight": 4217.427291011011, "num_boost_round": 6.0, "subsample": 0.830791869951367}, "datetime": {"datetime": "2024-01-20 13:56:56", "elapsed": 2114.418064, "delta": 0.001755}}
{"target": -10.299062668922748, "params": {"colsample_bytree": 0.34737122961670225, "eta": 0.03862616889562259, "gamma": 149.9645506675804, "max_depth": 5.0, "min_child_weight": 4217.427291011011, "num_boost_round": 7.0, "subsample": 0.830791869951367}, "datetime": {"datetime": "2024-01-20 13:56:56", "elapsed": 2114.419681, "delta": 0.001617}}
{"target": -10.299264007484293, "params": {"colsample_bytree": 0.34737122961670225, "eta": 0.03862616889562259, "gamma": 149.9645506675804, "max_depth": 5.0, "min_child_weight": 4217.427291011011, "num_boost_round": 8.0, "subsample": 0.830791869951367}, "datetime": {"datetime": "2024-01-20 13:56:56", "elapsed": 2114.421187, "delta": 0.001506}}
{"target": -10.299592112241498, "params": {"colsample_bytree": 0.34737122961670225, "eta": 0.03862616889562259, "gamma": 149.9645506675804, "max_depth": 5.0, "min_child_weight": 4217.427291011011, "num_boost_round": 9.0, "subsample": 0.830791869951367}, "datetime": {"datetime": "2024-01-20 13:56:56", "elapsed": 2114.422913, "delta": 0.001726}}
{"target": -10.299898711630206, "params": {"colsample_bytree": 0.34737122961670225, "eta": 0.03862616889562259, "gamma": 149.9645506675804, "max_depth": 5.0, "min_child_weight": 4217.427291011011, "num_boost_round": 10.0, "subsample": 0.830791869951367}, "datetime": {"datetime": "2024-01-20 13:56:56", "elapsed": 2114.424528, "delta": 0.001615}}
{"target": -10.299918529624438, "params": {"colsample_bytree": 0.34737122961670225, "eta": 0.03862616889562259, "gamma": 149.9645506675804, "max_depth": 5.0, "min_child_weight": 4217.427291011011, "num_boost_round": 11.0, "subsample": 0.830791869951367}, "datetime": {"datetime": "2024-01-20 13:56:56", "elapsed": 2114.42613, "delta": 0.001602}}
{"target": -10.30013208636449, "params": {"colsample_bytree": 0.34737122961670225, "eta": 0.03862616889562259, "gamma": 149.9645506675804, "max_depth": 5.0, "min_child_weight": 4217.427291011011, "num_boost_round": 12.0, "subsample": 0.830791869951367}, "datetime": {"datetime": "2024-01-20 13:56:56", "elapsed": 2114.427637, "delta": 0.001507}}
{"target": -10.300303748481648, "params": {"colsample_bytree": 0.34737122961670225, "eta": 0.03862616889562259, "gamma": 149.9645506675804, "max_depth": 5.0, "min_child_weight": 4217.427291011011, "num_boost_round": 13.0, "subsample": 0.830791869951367}, "datetime": {"datetime": "2024-01-20 13:56:56", "elapsed": 2114.429199, "delta": 0.001562}}
{"target": -10.298199245648739, "params": {"colsample_bytree": 0.8352910493627939, "eta": 0.07254539613768832, "gamma": 190.42979157823203, "max_depth": 5.0, "min_child_weight": 4290.140570896953, "num_boost_round": 1.0, "subsample": 0.4952000651461591}, "datetime": {"datetime": "2024-01-20 13:57:21", "elapsed": 2139.455333, "delta": 25.026134}}
{"target": -10.298184852828614, "params": {"colsample_bytree": 0.8352910493627939, "eta": 0.07254539613768832, "gamma": 190.42979157823203, "max_depth": 5.0, "min_child_weight": 4290.140570896953, "num_boost_round": 2.0, "subsample": 0.4952000651461591}, "datetime": {"datetime": "2024-01-20 13:57:21", "elapsed": 2139.458283, "delta": 0.00295}}
{"target": -10.298410201277814, "params": {"colsample_bytree": 0.8352910493627939, "eta": 0.07254539613768832, "gamma": 190.42979157823203, "max_depth": 5.0, "min_child_weight": 4290.140570896953, "num_boost_round": 3.0, "subsample": 0.4952000651461591}, "datetime": {"datetime": "2024-01-20 13:57:21", "elapsed": 2139.459979, "delta": 0.001696}}
{"target": -10.298814699534208, "params": {"colsample_bytree": 0.8352910493627939, "eta": 0.07254539613768832, "gamma": 190.42979157823203, "max_depth": 5.0, "min_child_weight": 4290.140570896953, "num_boost_round": 4.0, "subsample": 0.4952000651461591}, "datetime": {"datetime": "2024-01-20 13:57:21", "elapsed": 2139.461651, "delta": 0.001672}}
{"target": -10.299349622587078, "params": {"colsample_bytree": 0.8352910493627939, "eta": 0.07254539613768832, "gamma": 190.42979157823203, "max_depth": 5.0, "min_child_weight": 4290.140570896953, "num_boost_round": 5.0, "subsample": 0.4952000651461591}, "datetime": {"datetime": "2024-01-20 13:57:21", "elapsed": 2139.463222, "delta": 0.001571}}
{"target": -10.298158265342844, "params": {"colsample_bytree": 0.16182460746160976, "eta": 0.09550685841295466, "gamma": 816.4431711620056, "max_depth": 5.0, "min_child_weight": 4330.334823746817, "num_boost_round": 1.0, "subsample": 0.7071573136668805}, "datetime": {"datetime": "2024-01-20 13:57:48", "elapsed": 2166.486981, "delta": 27.023759}}
{"target": -10.298262507028834, "params": {"colsample_bytree": 0.16182460746160976, "eta": 0.09550685841295466, "gamma": 816.4431711620056, "max_depth": 5.0, "min_child_weight": 4330.334823746817, "num_boost_round": 2.0, "subsample": 0.7071573136668805}, "datetime": {"datetime": "2024-01-20 13:57:48", "elapsed": 2166.489367, "delta": 0.002386}}
{"target": -10.298729676005618, "params": {"colsample_bytree": 0.16182460746160976, "eta": 0.09550685841295466, "gamma": 816.4431711620056, "max_depth": 5.0, "min_child_weight": 4330.334823746817, "num_boost_round": 3.0, "subsample": 0.7071573136668805}, "datetime": {"datetime": "2024-01-20 13:57:48", "elapsed": 2166.491616, "delta": 0.002249}}
{"target": -10.298793689317105, "params": {"colsample_bytree": 0.16182460746160976, "eta": 0.09550685841295466, "gamma": 816.4431711620056, "max_depth": 5.0, "min_child_weight": 4330.334823746817, "num_boost_round": 4.0, "subsample": 0.7071573136668805}, "datetime": {"datetime": "2024-01-20 13:57:48", "elapsed": 2166.493619, "delta": 0.002003}}
{"target": -10.298464881259463, "params": {"colsample_bytree": 0.9822301765977985, "eta": 0.05855031219717101, "gamma": 128.1425521829167, "max_depth": 5.0, "min_child_weight": 4137.053427767215, "num_boost_round": 1.0, "subsample": 0.6712092898825558}, "datetime": {"datetime": "2024-01-20 13:58:13", "elapsed": 2191.418192, "delta": 24.924573}}
{"target": -10.298498701435737, "params": {"colsample_bytree": 0.9822301765977985, "eta": 0.05855031219717101, "gamma": 128.1425521829167, "max_depth": 5.0, "min_child_weight": 4137.053427767215, "num_boost_round": 2.0, "subsample": 0.6712092898825558}, "datetime": {"datetime": "2024-01-20 13:58:13", "elapsed": 2191.420719, "delta": 0.002527}}
{"target": -10.29868133858948, "params": {"colsample_bytree": 0.9822301765977985, "eta": 0.05855031219717101, "gamma": 128.1425521829167, "max_depth": 5.0, "min_child_weight": 4137.053427767215, "num_boost_round": 3.0, "subsample": 0.6712092898825558}, "datetime": {"datetime": "2024-01-20 13:58:13", "elapsed": 2191.42473, "delta": 0.004011}}
{"target": -10.298065322392222, "params": {"colsample_bytree": 0.5445339611785287, "eta": 0.04385435812211729, "gamma": 100.1922648095388, "max_depth": 4.0, "min_child_weight": 4048.886390341391, "num_boost_round": 1.0, "subsample": 0.21199735747341508}, "datetime": {"datetime": "2024-01-20 13:58:54", "elapsed": 2231.892608, "delta": 40.467878}}
{"target": -10.298122036020882, "params": {"colsample_bytree": 0.5445339611785287, "eta": 0.04385435812211729, "gamma": 100.1922648095388, "max_depth": 4.0, "min_child_weight": 4048.886390341391, "num_boost_round": 2.0, "subsample": 0.21199735747341508}, "datetime": {"datetime": "2024-01-20 13:58:54", "elapsed": 2231.900768, "delta": 0.00816}}
{"target": -10.298226621191032, "params": {"colsample_bytree": 0.5445339611785287, "eta": 0.04385435812211729, "gamma": 100.1922648095388, "max_depth": 4.0, "min_child_weight": 4048.886390341391, "num_boost_round": 3.0, "subsample": 0.21199735747341508}, "datetime": {"datetime": "2024-01-20 13:58:54", "elapsed": 2231.902821, "delta": 0.002053}}
{"target": -10.298377635325494, "params": {"colsample_bytree": 0.5445339611785287, "eta": 0.04385435812211729, "gamma": 100.1922648095388, "max_depth": 4.0, "min_child_weight": 4048.886390341391, "num_boost_round": 4.0, "subsample": 0.21199735747341508}, "datetime": {"datetime": "2024-01-20 13:58:54", "elapsed": 2231.904558, "delta": 0.001737}}
{"target": -10.29842770197383, "params": {"colsample_bytree": 0.5445339611785287, "eta": 0.04385435812211729, "gamma": 100.1922648095388, "max_depth": 4.0, "min_child_weight": 4048.886390341391, "num_boost_round": 5.0, "subsample": 0.21199735747341508}, "datetime": {"datetime": "2024-01-20 13:58:54", "elapsed": 2231.906236, "delta": 0.001678}}
{"target": -10.29847721161527, "params": {"colsample_bytree": 0.5445339611785287, "eta": 0.04385435812211729, "gamma": 100.1922648095388, "max_depth": 4.0, "min_child_weight": 4048.886390341391, "num_boost_round": 6.0, "subsample": 0.21199735747341508}, "datetime": {"datetime": "2024-01-20 13:58:54", "elapsed": 2231.907869, "delta": 0.001633}}
{"target": -10.298423302267278, "params": {"colsample_bytree": 0.5445339611785287, "eta": 0.04385435812211729, "gamma": 100.1922648095388, "max_depth": 4.0, "min_child_weight": 4048.886390341391, "num_boost_round": 7.0, "subsample": 0.21199735747341508}, "datetime": {"datetime": "2024-01-20 13:58:54", "elapsed": 2231.909493, "delta": 0.001624}}
{"target": -10.298370635673841, "params": {"colsample_bytree": 0.5445339611785287, "eta": 0.04385435812211729, "gamma": 100.1922648095388, "max_depth": 4.0, "min_child_weight": 4048.886390341391, "num_boost_round": 8.0, "subsample": 0.21199735747341508}, "datetime": {"datetime": "2024-01-20 13:58:54", "elapsed": 2231.911103, "delta": 0.00161}}
{"target": -10.298272378021483, "params": {"colsample_bytree": 0.5445339611785287, "eta": 0.04385435812211729, "gamma": 100.1922648095388, "max_depth": 4.0, "min_child_weight": 4048.886390341391, "num_boost_round": 9.0, "subsample": 0.21199735747341508}, "datetime": {"datetime": "2024-01-20 13:58:54", "elapsed": 2231.912684, "delta": 0.001581}}
{"target": -10.298231348343037, "params": {"colsample_bytree": 0.5445339611785287, "eta": 0.04385435812211729, "gamma": 100.1922648095388, "max_depth": 4.0, "min_child_weight": 4048.886390341391, "num_boost_round": 10.0, "subsample": 0.21199735747341508}, "datetime": {"datetime": "2024-01-20 13:58:54", "elapsed": 2231.914278, "delta": 0.001594}}
{"target": -10.298036096108412, "params": {"colsample_bytree": 0.5445339611785287, "eta": 0.04385435812211729, "gamma": 100.1922648095388, "max_depth": 4.0, "min_child_weight": 4048.886390341391, "num_boost_round": 11.0, "subsample": 0.21199735747341508}, "datetime": {"datetime": "2024-01-20 13:58:54", "elapsed": 2231.915894, "delta": 0.001616}}
{"target": -10.29821077561632, "params": {"colsample_bytree": 0.5445339611785287, "eta": 0.04385435812211729, "gamma": 100.1922648095388, "max_depth": 4.0, "min_child_weight": 4048.886390341391, "num_boost_round": 12.0, "subsample": 0.21199735747341508}, "datetime": {"datetime": "2024-01-20 13:58:54", "elapsed": 2231.917557, "delta": 0.001663}}
{"target": -10.298005180656968, "params": {"colsample_bytree": 0.5445339611785287, "eta": 0.04385435812211729, "gamma": 100.1922648095388, "max_depth": 4.0, "min_child_weight": 4048.886390341391, "num_boost_round": 13.0, "subsample": 0.21199735747341508}, "datetime": {"datetime": "2024-01-20 13:58:54", "elapsed": 2231.919127, "delta": 0.00157}}
{"target": -10.298110762225832, "params": {"colsample_bytree": 0.5445339611785287, "eta": 0.04385435812211729, "gamma": 100.1922648095388, "max_depth": 4.0, "min_child_weight": 4048.886390341391, "num_boost_round": 14.0, "subsample": 0.21199735747341508}, "datetime": {"datetime": "2024-01-20 13:58:54", "elapsed": 2231.920729, "delta": 0.001602}}
{"target": -10.298340307023002, "params": {"colsample_bytree": 0.5445339611785287, "eta": 0.04385435812211729, "gamma": 100.1922648095388, "max_depth": 4.0, "min_child_weight": 4048.886390341391, "num_boost_round": 15.0, "subsample": 0.21199735747341508}, "datetime": {"datetime": "2024-01-20 13:58:54", "elapsed": 2231.922305, "delta": 0.001576}}
{"target": -10.298266061259488, "params": {"colsample_bytree": 0.5445339611785287, "eta": 0.04385435812211729, "gamma": 100.1922648095388, "max_depth": 4.0, "min_child_weight": 4048.886390341391, "num_boost_round": 16.0, "subsample": 0.21199735747341508}, "datetime": {"datetime": "2024-01-20 13:58:54", "elapsed": 2231.923914, "delta": 0.001609}}
{"target": -10.298412402490452, "params": {"colsample_bytree": 0.5445339611785287, "eta": 0.04385435812211729, "gamma": 100.1922648095388, "max_depth": 4.0, "min_child_weight": 4048.886390341391, "num_boost_round": 17.0, "subsample": 0.21199735747341508}, "datetime": {"datetime": "2024-01-20 13:58:54", "elapsed": 2231.92552, "delta": 0.001606}}
{"target": -10.298451997335789, "params": {"colsample_bytree": 0.5445339611785287, "eta": 0.04385435812211729, "gamma": 100.1922648095388, "max_depth": 4.0, "min_child_weight": 4048.886390341391, "num_boost_round": 18.0, "subsample": 0.21199735747341508}, "datetime": {"datetime": "2024-01-20 13:58:54", "elapsed": 2231.927127, "delta": 0.001607}}
{"target": -10.298666042467747, "params": {"colsample_bytree": 0.5445339611785287, "eta": 0.04385435812211729, "gamma": 100.1922648095388, "max_depth": 4.0, "min_child_weight": 4048.886390341391, "num_boost_round": 19.0, "subsample": 0.21199735747341508}, "datetime": {"datetime": "2024-01-20 13:58:54", "elapsed": 2231.928712, "delta": 0.001585}}
{"target": -10.298603542302956, "params": {"colsample_bytree": 0.5445339611785287, "eta": 0.04385435812211729, "gamma": 100.1922648095388, "max_depth": 4.0, "min_child_weight": 4048.886390341391, "num_boost_round": 20.0, "subsample": 0.21199735747341508}, "datetime": {"datetime": "2024-01-20 13:58:54", "elapsed": 2231.930341, "delta": 0.001629}}
{"target": -10.29871701911868, "params": {"colsample_bytree": 0.5445339611785287, "eta": 0.04385435812211729, "gamma": 100.1922648095388, "max_depth": 4.0, "min_child_weight": 4048.886390341391, "num_boost_round": 21.0, "subsample": 0.21199735747341508}, "datetime": {"datetime": "2024-01-20 13:58:54", "elapsed": 2231.931947, "delta": 0.001606}}
{"target": -10.298741300450923, "params": {"colsample_bytree": 0.5445339611785287, "eta": 0.04385435812211729, "gamma": 100.1922648095388, "max_depth": 4.0, "min_child_weight": 4048.886390341391, "num_boost_round": 22.0, "subsample": 0.21199735747341508}, "datetime": {"datetime": "2024-01-20 13:58:54", "elapsed": 2231.933627, "delta": 0.00168}}
{"target": -10.298411806290032, "params": {"colsample_bytree": 0.4437873559203763, "eta": 0.031677865256143335, "gamma": 37.94369845498391, "max_depth": 5.0, "min_child_weight": 3982.1934165940143, "num_boost_round": 1.0, "subsample": 0.8580683368748754}, "datetime": {"datetime": "2024-01-20 13:59:18", "elapsed": 2256.144432, "delta": 24.210805}}
{"target": -10.298470262093634, "params": {"colsample_bytree": 0.4437873559203763, "eta": 0.031677865256143335, "gamma": 37.94369845498391, "max_depth": 5.0, "min_child_weight": 3982.1934165940143, "num_boost_round": 2.0, "subsample": 0.8580683368748754}, "datetime": {"datetime": "2024-01-20 13:59:18", "elapsed": 2256.148349, "delta": 0.003917}}
{"target": -10.298555770640332, "params": {"colsample_bytree": 0.4437873559203763, "eta": 0.031677865256143335, "gamma": 37.94369845498391, "max_depth": 5.0, "min_child_weight": 3982.1934165940143, "num_boost_round": 3.0, "subsample": 0.8580683368748754}, "datetime": {"datetime": "2024-01-20 13:59:18", "elapsed": 2256.150438, "delta": 0.002089}}
{"target": -10.298741017765803, "params": {"colsample_bytree": 0.4437873559203763, "eta": 0.031677865256143335, "gamma": 37.94369845498391, "max_depth": 5.0, "min_child_weight": 3982.1934165940143, "num_boost_round": 4.0, "subsample": 0.8580683368748754}, "datetime": {"datetime": "2024-01-20 13:59:18", "elapsed": 2256.152544, "delta": 0.002106}}
{"target": -10.298098777770491, "params": {"colsample_bytree": 0.25869114743116184, "eta": 0.07477215277668263, "gamma": 94.88546395563424, "max_depth": 3.0, "min_child_weight": 4002.51628578992, "num_boost_round": 1.0, "subsample": 0.5780321066352796}, "datetime": {"datetime": "2024-01-20 13:59:53", "elapsed": 2291.144723, "delta": 34.992179}}
{"target": -10.298117448954638, "params": {"colsample_bytree": 0.25869114743116184, "eta": 0.07477215277668263, "gamma": 94.88546395563424, "max_depth": 3.0, "min_child_weight": 4002.51628578992, "num_boost_round": 2.0, "subsample": 0.5780321066352796}, "datetime": {"datetime": "2024-01-20 13:59:53", "elapsed": 2291.147032, "delta": 0.002309}}
{"target": -10.298446457681013, "params": {"colsample_bytree": 0.25869114743116184, "eta": 0.07477215277668263, "gamma": 94.88546395563424, "max_depth": 3.0, "min_child_weight": 4002.51628578992, "num_boost_round": 3.0, "subsample": 0.5780321066352796}, "datetime": {"datetime": "2024-01-20 13:59:53", "elapsed": 2291.14956, "delta": 0.002528}}
{"target": -10.298556319856985, "params": {"colsample_bytree": 0.25869114743116184, "eta": 0.07477215277668263, "gamma": 94.88546395563424, "max_depth": 3.0, "min_child_weight": 4002.51628578992, "num_boost_round": 4.0, "subsample": 0.5780321066352796}, "datetime": {"datetime": "2024-01-20 13:59:53", "elapsed": 2291.152283, "delta": 0.002723}}
{"target": -10.298927017793538, "params": {"colsample_bytree": 0.25869114743116184, "eta": 0.07477215277668263, "gamma": 94.88546395563424, "max_depth": 3.0, "min_child_weight": 4002.51628578992, "num_boost_round": 5.0, "subsample": 0.5780321066352796}, "datetime": {"datetime": "2024-01-20 13:59:53", "elapsed": 2291.154053, "delta": 0.00177}}
{"target": -10.299307602642982, "params": {"colsample_bytree": 0.25869114743116184, "eta": 0.07477215277668263, "gamma": 94.88546395563424, "max_depth": 3.0, "min_child_weight": 4002.51628578992, "num_boost_round": 6.0, "subsample": 0.5780321066352796}, "datetime": {"datetime": "2024-01-20 13:59:53", "elapsed": 2291.155694, "delta": 0.001641}}
{"target": -10.299750221618913, "params": {"colsample_bytree": 0.25869114743116184, "eta": 0.07477215277668263, "gamma": 94.88546395563424, "max_depth": 3.0, "min_child_weight": 4002.51628578992, "num_boost_round": 7.0, "subsample": 0.5780321066352796}, "datetime": {"datetime": "2024-01-20 13:59:53", "elapsed": 2291.157342, "delta": 0.001648}}
{"target": -10.300037089214666, "params": {"colsample_bytree": 0.25869114743116184, "eta": 0.07477215277668263, "gamma": 94.88546395563424, "max_depth": 3.0, "min_child_weight": 4002.51628578992, "num_boost_round": 8.0, "subsample": 0.5780321066352796}, "datetime": {"datetime": "2024-01-20 13:59:53", "elapsed": 2291.158969, "delta": 0.001627}}
{"target": -10.30031425257274, "params": {"colsample_bytree": 0.25869114743116184, "eta": 0.07477215277668263, "gamma": 94.88546395563424, "max_depth": 3.0, "min_child_weight": 4002.51628578992, "num_boost_round": 9.0, "subsample": 0.5780321066352796}, "datetime": {"datetime": "2024-01-20 13:59:53", "elapsed": 2291.160517, "delta": 0.001548}}
{"target": -10.300933644979043, "params": {"colsample_bytree": 0.25869114743116184, "eta": 0.07477215277668263, "gamma": 94.88546395563424, "max_depth": 3.0, "min_child_weight": 4002.51628578992, "num_boost_round": 10.0, "subsample": 0.5780321066352796}, "datetime": {"datetime": "2024-01-20 13:59:53", "elapsed": 2291.162117, "delta": 0.0016}}
{"target": -10.300770566782623, "params": {"colsample_bytree": 0.25869114743116184, "eta": 0.07477215277668263, "gamma": 94.88546395563424, "max_depth": 3.0, "min_child_weight": 4002.51628578992, "num_boost_round": 11.0, "subsample": 0.5780321066352796}, "datetime": {"datetime": "2024-01-20 13:59:53", "elapsed": 2291.163782, "delta": 0.001665}}
{"target": -10.300862067542571, "params": {"colsample_bytree": 0.25869114743116184, "eta": 0.07477215277668263, "gamma": 94.88546395563424, "max_depth": 3.0, "min_child_weight": 4002.51628578992, "num_boost_round": 12.0, "subsample": 0.5780321066352796}, "datetime": {"datetime": "2024-01-20 13:59:53", "elapsed": 2291.165436, "delta": 0.001654}}
