{"target": -13.499985081950319, "params": {"colsample_bytree": 0.9744354074833463, "eta": 0.06584560574942709, "gamma": 684.9023818128837, "max_depth": 2.0, "min_child_weight": 4458.823932313012, "num_boost_round": 123.0, "subsample": 0.4637345893492859}, "datetime": {"datetime": "2024-01-20 14:58:17", "elapsed": 2051.292148, "delta": 0.003247}}
{"target": -13.499928520256436, "params": {"colsample_bytree": 0.9744354074833463, "eta": 0.06584560574942709, "gamma": 684.9023818128837, "max_depth": 2.0, "min_child_weight": 4458.823932313012, "num_boost_round": 124.0, "subsample": 0.4637345893492859}, "datetime": {"datetime": "2024-01-20 14:58:17", "elapsed": 2051.2955, "delta": 0.003352}}
{"target": -13.500015967541376, "params": {"colsample_bytree": 0.9744354074833463, "eta": 0.06584560574942709, "gamma": 684.9023818128837, "max_depth": 2.0, "min_child_weight": 4458.823932313012, "num_boost_round": 125.0, "subsample": 0.4637345893492859}, "datetime": {"datetime": "2024-01-20 14:58:17", "elapsed": 2051.298825, "delta": 0.003325}}
{"target": -13.50001981136801, "params": {"colsample_bytree": 0.9744354074833463, "eta": 0.06584560574942709, "gamma": 684.9023818128837, "max_depth": 2.0, "min_child_weight": 4458.823932313012, "num_boost_round": 126.0, "subsample": 0.4637345893492859}, "datetime": {"datetime": "2024-01-20 14:58:17", "elapsed": 2051.302158, "delta": 0.003333}}
{"target": -13.50001744032548, "params": {"colsample_bytree": 0.9744354074833463, "eta": 0.06584560574942709, "gamma": 684.9023818128837, "max_depth": 2.0, "min_child_weight": 4458.823932313012, "num_boost_round": 127.0, "subsample": 0.4637345893492859}, "datetime": {"datetime": "2024-01-20 14:58:17", "elapsed": 2051.305411, "delta": 0.003253}}
{"target": -13.500047016960666, "params": {"colsample_bytree": 0.9744354074833463, "eta": 0.06584560574942709, "gamma": 684.9023818128837, "max_depth": 2.0, "min_child_weight": 4458.823932313012, "num_boost_round": 128.0, "subsample": 0.4637345893492859}, "datetime": {"datetime": "2024-01-20 14:58:17", "elapsed": 2051.308736, "delta": 0.003325}}
{"target": -13.499994782623155, "params": {"colsample_bytree": 0.9744354074833463, "eta": 0.06584560574942709, "gamma": 684.9023818128837, "max_depth": 2.0, "min_child_weight": 4458.823932313012, "num_boost_round": 129.0, "subsample": 0.4637345893492859}, "datetime": {"datetime": "2024-01-20 14:58:17", "elapsed": 2051.312048, "delta": 0.003312}}
{"target": -13.500119420798779, "params": {"colsample_bytree": 0.9744354074833463, "eta": 0.06584560574942709, "gamma": 684.9023818128837, "max_depth": 2.0, "min_child_weight": 4458.823932313012, "num_boost_round": 130.0, "subsample": 0.4637345893492859}, "datetime": {"datetime": "2024-01-20 14:58:17", "elapsed": 2051.315361, "delta": 0.003313}}
{"target": -13.500028685668244, "params": {"colsample_bytree": 0.9744354074833463, "eta": 0.06584560574942709, "gamma": 684.9023818128837, "max_depth": 2.0, "min_child_weight": 4458.823932313012, "num_boost_round": 131.0, "subsample": 0.4637345893492859}, "datetime": {"datetime": "2024-01-20 14:58:17", "elapsed": 2051.318665, "delta": 0.003304}}
{"target": -13.499926446084736, "params": {"colsample_bytree": 0.9744354074833463, "eta": 0.06584560574942709, "gamma": 684.9023818128837, "max_depth": 2.0, "min_child_weight": 4458.823932313012, "num_boost_round": 132.0, "subsample": 0.4637345893492859}, "datetime": {"datetime": "2024-01-20 14:58:17", "elapsed": 2051.322019, "delta": 0.003354}}
{"target": -13.499888838872183, "params": {"colsample_bytree": 0.9744354074833463, "eta": 0.06584560574942709, "gamma": 684.9023818128837, "max_depth": 2.0, "min_child_weight": 4458.823932313012, "num_boost_round": 133.0, "subsample": 0.4637345893492859}, "datetime": {"datetime": "2024-01-20 14:58:17", "elapsed": 2051.325339, "delta": 0.00332}}
{"target": -13.499851867748152, "params": {"colsample_bytree": 0.9744354074833463, "eta": 0.06584560574942709, "gamma": 684.9023818128837, "max_depth": 2.0, "min_child_weight": 4458.823932313012, "num_boost_round": 134.0, "subsample": 0.4637345893492859}, "datetime": {"datetime": "2024-01-20 14:58:17", "elapsed": 2051.328676, "delta": 0.003337}}
{"target": -13.499909357918101, "params": {"colsample_bytree": 0.9744354074833463, "eta": 0.06584560574942709, "gamma": 684.9023818128837, "max_depth": 2.0, "min_child_weight": 4458.823932313012, "num_boost_round": 135.0, "subsample": 0.4637345893492859}, "datetime": {"datetime": "2024-01-20 14:58:17", "elapsed": 2051.331984, "delta": 0.003308}}
{"target": -13.499900731701661, "params": {"colsample_bytree": 0.9744354074833463, "eta": 0.06584560574942709, "gamma": 684.9023818128837, "max_depth": 2.0, "min_child_weight": 4458.823932313012, "num_boost_round": 136.0, "subsample": 0.4637345893492859}, "datetime": {"datetime": "2024-01-20 14:58:17", "elapsed": 2051.335338, "delta": 0.003354}}
{"target": -13.49786552391721, "params": {"colsample_bytree": 0.25910678112525837, "eta": 0.05153038526904421, "gamma": 697.4945696645344, "max_depth": 2.0, "min_child_weight": 4405.2421454939185, "num_boost_round": 1.0, "subsample": 0.40461549417502396}, "datetime": {"datetime": "2024-01-20 14:59:46", "elapsed": 2140.216506, "delta": 88.881168}}
{"target": -13.497663505386816, "params": {"colsample_bytree": 0.25910678112525837, "eta": 0.05153038526904421, "gamma": 697.4945696645344, "max_depth": 2.0, "min_child_weight": 4405.2421454939185, "num_boost_round": 2.0, "subsample": 0.40461549417502396}, "datetime": {"datetime": "2024-01-20 14:59:46", "elapsed": 2140.22021, "delta": 0.003704}}
{"target": -13.497602988001963, "params": {"colsample_bytree": 0.25910678112525837, "eta": 0.05153038526904421, "gamma": 697.4945696645344, "max_depth": 2.0, "min_child_weight": 4405.2421454939185, "num_boost_round": 3.0, "subsample": 0.40461549417502396}, "datetime": {"datetime": "2024-01-20 14:59:46", "elapsed": 2140.223499, "delta": 0.003289}}
{"target": -13.49749128808529, "params": {"colsample_bytree": 0.25910678112525837, "eta": 0.05153038526904421, "gamma": 697.4945696645344, "max_depth": 2.0, "min_child_weight": 4405.2421454939185, "num_boost_round": 4.0, "subsample": 0.40461549417502396}, "datetime": {"datetime": "2024-01-20 14:59:46", "elapsed": 2140.226827, "delta": 0.003328}}
{"target": -13.497249687026667, "params": {"colsample_bytree": 0.25910678112525837, "eta": 0.05153038526904421, "gamma": 697.4945696645344, "max_depth": 2.0, "min_child_weight": 4405.2421454939185, "num_boost_round": 5.0, "subsample": 0.40461549417502396}, "datetime": {"datetime": "2024-01-20 14:59:46", "elapsed": 2140.230022, "delta": 0.003195}}
{"target": -13.497149260556593, "params": {"colsample_bytree": 0.25910678112525837, "eta": 0.05153038526904421, "gamma": 697.4945696645344, "max_depth": 2.0, "min_child_weight": 4405.2421454939185, "num_boost_round": 6.0, "subsample": 0.40461549417502396}, "datetime": {"datetime": "2024-01-20 14:59:46", "elapsed": 2140.233331, "delta": 0.003309}}
{"target": -13.497123840238597, "params": {"colsample_bytree": 0.25910678112525837, "eta": 0.05153038526904421, "gamma": 697.4945696645344, "max_depth": 2.0, "min_child_weight": 4405.2421454939185, "num_boost_round": 7.0, "subsample": 0.40461549417502396}, "datetime": {"datetime": "2024-01-20 14:59:46", "elapsed": 2140.236731, "delta": 0.0034}}
{"target": -13.496974215592335, "params": {"colsample_bytree": 0.25910678112525837, "eta": 0.05153038526904421, "gamma": 697.4945696645344, "max_depth": 2.0, "min_child_weight": 4405.2421454939185, "num_boost_round": 8.0, "subsample": 0.40461549417502396}, "datetime": {"datetime": "2024-01-20 14:59:46", "elapsed": 2140.240027, "delta": 0.003296}}
{"target": -13.497063410884007, "params": {"colsample_bytree": 0.25910678112525837, "eta": 0.05153038526904421, "gamma": 697.4945696645344, "max_depth": 2.0, "min_child_weight": 4405.2421454939185, "num_boost_round": 9.0, "subsample": 0.40461549417502396}, "datetime": {"datetime": "2024-01-20 14:59:46", "elapsed": 2140.243306, "delta": 0.003279}}
{"target": -13.497003499978025, "params": {"colsample_bytree": 0.25910678112525837, "eta": 0.05153038526904421, "gamma": 697.4945696645344, "max_depth": 2.0, "min_child_weight": 4405.2421454939185, "num_boost_round": 10.0, "subsample": 0.40461549417502396}, "datetime": {"datetime": "2024-01-20 14:59:46", "elapsed": 2140.246905, "delta": 0.003599}}
{"target": -13.497001551787847, "params": {"colsample_bytree": 0.25910678112525837, "eta": 0.05153038526904421, "gamma": 697.4945696645344, "max_depth": 2.0, "min_child_weight": 4405.2421454939185, "num_boost_round": 11.0, "subsample": 0.40461549417502396}, "datetime": {"datetime": "2024-01-20 14:59:46", "elapsed": 2140.250056, "delta": 0.003151}}
{"target": -13.496945994594643, "params": {"colsample_bytree": 0.25910678112525837, "eta": 0.05153038526904421, "gamma": 697.4945696645344, "max_depth": 2.0, "min_child_weight": 4405.2421454939185, "num_boost_round": 12.0, "subsample": 0.40461549417502396}, "datetime": {"datetime": "2024-01-20 14:59:46", "elapsed": 2140.253176, "delta": 0.00312}}
{"target": -13.496931892386216, "params": {"colsample_bytree": 0.25910678112525837, "eta": 0.05153038526904421, "gamma": 697.4945696645344, "max_depth": 2.0, "min_child_weight": 4405.2421454939185, "num_boost_round": 13.0, "subsample": 0.40461549417502396}, "datetime": {"datetime": "2024-01-20 14:59:46", "elapsed": 2140.256552, "delta": 0.003376}}
{"target": -13.496767100782355, "params": {"colsample_bytree": 0.25910678112525837, "eta": 0.05153038526904421, "gamma": 697.4945696645344, "max_depth": 2.0, "min_child_weight": 4405.2421454939185, "num_boost_round": 14.0, "subsample": 0.40461549417502396}, "datetime": {"datetime": "2024-01-20 14:59:46", "elapsed": 2140.259764, "delta": 0.003212}}
{"target": -13.49664174450146, "params": {"colsample_bytree": 0.25910678112525837, "eta": 0.05153038526904421, "gamma": 697.4945696645344, "max_depth": 2.0, "min_child_weight": 4405.2421454939185, "num_boost_round": 15.0, "subsample": 0.40461549417502396}, "datetime": {"datetime": "2024-01-20 14:59:46", "elapsed": 2140.263004, "delta": 0.00324}}
{"target": -13.496635448831071, "params": {"colsample_bytree": 0.25910678112525837, "eta": 0.05153038526904421, "gamma": 697.4945696645344, "max_depth": 2.0, "min_child_weight": 4405.2421454939185, "num_boost_round": 16.0, "subsample": 0.40461549417502396}, "datetime": {"datetime": "2024-01-20 14:59:46", "elapsed": 2140.266314, "delta": 0.00331}}
{"target": -13.496616429645155, "params": {"colsample_bytree": 0.25910678112525837, "eta": 0.05153038526904421, "gamma": 697.4945696645344, "max_depth": 2.0, "min_child_weight": 4405.2421454939185, "num_boost_round": 17.0, "subsample": 0.40461549417502396}, "datetime": {"datetime": "2024-01-20 14:59:46", "elapsed": 2140.269601, "delta": 0.003287}}
{"target": -13.496672210373905, "params": {"colsample_bytree": 0.25910678112525837, "eta": 0.05153038526904421, "gamma": 697.4945696645344, "max_depth": 2.0, "min_child_weight": 4405.2421454939185, "num_boost_round": 18.0, "subsample": 0.40461549417502396}, "datetime": {"datetime": "2024-01-20 14:59:46", "elapsed": 2140.273073, "delta": 0.003472}}
{"target": -13.49660714428326, "params": {"colsample_bytree": 0.25910678112525837, "eta": 0.05153038526904421, "gamma": 697.4945696645344, "max_depth": 2.0, "min_child_weight": 4405.2421454939185, "num_boost_round": 19.0, "subsample": 0.40461549417502396}, "datetime": {"datetime": "2024-01-20 14:59:46", "elapsed": 2140.276348, "delta": 0.003275}}
{"target": -13.496681516365557, "params": {"colsample_bytree": 0.25910678112525837, "eta": 0.05153038526904421, "gamma": 697.4945696645344, "max_depth": 2.0, "min_child_weight": 4405.2421454939185, "num_boost_round": 20.0, "subsample": 0.40461549417502396}, "datetime": {"datetime": "2024-01-20 14:59:46", "elapsed": 2140.279583, "delta": 0.003235}}
{"target": -13.496696100580802, "params": {"colsample_bytree": 0.25910678112525837, "eta": 0.05153038526904421, "gamma": 697.4945696645344, "max_depth": 2.0, "min_child_weight": 4405.2421454939185, "num_boost_round": 21.0, "subsample": 0.40461549417502396}, "datetime": {"datetime": "2024-01-20 14:59:46", "elapsed": 2140.282815, "delta": 0.003232}}
{"target": -13.496661691171257, "params": {"colsample_bytree": 0.25910678112525837, "eta": 0.05153038526904421, "gamma": 697.4945696645344, "max_depth": 2.0, "min_child_weight": 4405.2421454939185, "num_boost_round": 22.0, "subsample": 0.40461549417502396}, "datetime": {"datetime": "2024-01-20 14:59:46", "elapsed": 2140.28608, "delta": 0.003265}}
{"target": -13.496667563369916, "params": {"colsample_bytree": 0.25910678112525837, "eta": 0.05153038526904421, "gamma": 697.4945696645344, "max_depth": 2.0, "min_child_weight": 4405.2421454939185, "num_boost_round": 23.0, "subsample": 0.40461549417502396}, "datetime": {"datetime": "2024-01-20 14:59:46", "elapsed": 2140.289429, "delta": 0.003349}}
{"target": -13.496619767207006, "params": {"colsample_bytree": 0.25910678112525837, "eta": 0.05153038526904421, "gamma": 697.4945696645344, "max_depth": 2.0, "min_child_weight": 4405.2421454939185, "num_boost_round": 24.0, "subsample": 0.40461549417502396}, "datetime": {"datetime": "2024-01-20 14:59:46", "elapsed": 2140.292757, "delta": 0.003328}}
{"target": -13.496603761838687, "params": {"colsample_bytree": 0.25910678112525837, "eta": 0.05153038526904421, "gamma": 697.4945696645344, "max_depth": 2.0, "min_child_weight": 4405.2421454939185, "num_boost_round": 25.0, "subsample": 0.40461549417502396}, "datetime": {"datetime": "2024-01-20 14:59:46", "elapsed": 2140.296081, "delta": 0.003324}}
{"target": -13.496545087232043, "params": {"colsample_bytree": 0.25910678112525837, "eta": 0.05153038526904421, "gamma": 697.4945696645344, "max_depth": 2.0, "min_child_weight": 4405.2421454939185, "num_boost_round": 26.0, "subsample": 0.40461549417502396}, "datetime": {"datetime": "2024-01-20 14:59:46", "elapsed": 2140.299334, "delta": 0.003253}}
{"target": -13.496635676263729, "params": {"colsample_bytree": 0.25910678112525837, "eta": 0.05153038526904421, "gamma": 697.4945696645344, "max_depth": 2.0, "min_child_weight": 4405.2421454939185, "num_boost_round": 27.0, "subsample": 0.40461549417502396}, "datetime": {"datetime": "2024-01-20 14:59:46", "elapsed": 2140.30256, "delta": 0.003226}}
{"target": -13.496521979003669, "params": {"colsample_bytree": 0.25910678112525837, "eta": 0.05153038526904421, "gamma": 697.4945696645344, "max_depth": 2.0, "min_child_weight": 4405.2421454939185, "num_boost_round": 28.0, "subsample": 0.40461549417502396}, "datetime": {"datetime": "2024-01-20 14:59:46", "elapsed": 2140.305789, "delta": 0.003229}}
{"target": -13.49656935500194, "params": {"colsample_bytree": 0.25910678112525837, "eta": 0.05153038526904421, "gamma": 697.4945696645344, "max_depth": 2.0, "min_child_weight": 4405.2421454939185, "num_boost_round": 29.0, "subsample": 0.40461549417502396}, "datetime": {"datetime": "2024-01-20 14:59:46", "elapsed": 2140.309085, "delta": 0.003296}}
{"target": -13.49669565579402, "params": {"colsample_bytree": 0.25910678112525837, "eta": 0.05153038526904421, "gamma": 697.4945696645344, "max_depth": 2.0, "min_child_weight": 4405.2421454939185, "num_boost_round": 30.0, "subsample": 0.40461549417502396}, "datetime": {"datetime": "2024-01-20 14:59:46", "elapsed": 2140.312496, "delta": 0.003411}}
{"target": -13.49681431665501, "params": {"colsample_bytree": 0.25910678112525837, "eta": 0.05153038526904421, "gamma": 697.4945696645344, "max_depth": 2.0, "min_child_weight": 4405.2421454939185, "num_boost_round": 31.0, "subsample": 0.40461549417502396}, "datetime": {"datetime": "2024-01-20 14:59:46", "elapsed": 2140.315896, "delta": 0.0034}}
{"target": -13.496936761418269, "params": {"colsample_bytree": 0.25910678112525837, "eta": 0.05153038526904421, "gamma": 697.4945696645344, "max_depth": 2.0, "min_child_weight": 4405.2421454939185, "num_boost_round": 32.0, "subsample": 0.40461549417502396}, "datetime": {"datetime": "2024-01-20 14:59:46", "elapsed": 2140.319115, "delta": 0.003219}}
{"target": -13.496969764884593, "params": {"colsample_bytree": 0.25910678112525837, "eta": 0.05153038526904421, "gamma": 697.4945696645344, "max_depth": 2.0, "min_child_weight": 4405.2421454939185, "num_boost_round": 33.0, "subsample": 0.40461549417502396}, "datetime": {"datetime": "2024-01-20 14:59:46", "elapsed": 2140.322367, "delta": 0.003252}}
{"target": -13.49694163595007, "params": {"colsample_bytree": 0.25910678112525837, "eta": 0.05153038526904421, "gamma": 697.4945696645344, "max_depth": 2.0, "min_child_weight": 4405.2421454939185, "num_boost_round": 34.0, "subsample": 0.40461549417502396}, "datetime": {"datetime": "2024-01-20 14:59:46", "elapsed": 2140.325605, "delta": 0.003238}}
{"target": -13.496999053273175, "params": {"colsample_bytree": 0.25910678112525837, "eta": 0.05153038526904421, "gamma": 697.4945696645344, "max_depth": 2.0, "min_child_weight": 4405.2421454939185, "num_boost_round": 35.0, "subsample": 0.40461549417502396}, "datetime": {"datetime": "2024-01-20 14:59:46", "elapsed": 2140.328944, "delta": 0.003339}}
{"target": -13.496922570345134, "params": {"colsample_bytree": 0.25910678112525837, "eta": 0.05153038526904421, "gamma": 697.4945696645344, "max_depth": 2.0, "min_child_weight": 4405.2421454939185, "num_boost_round": 36.0, "subsample": 0.40461549417502396}, "datetime": {"datetime": "2024-01-20 14:59:46", "elapsed": 2140.332379, "delta": 0.003435}}
{"target": -13.496987776941054, "params": {"colsample_bytree": 0.25910678112525837, "eta": 0.05153038526904421, "gamma": 697.4945696645344, "max_depth": 2.0, "min_child_weight": 4405.2421454939185, "num_boost_round": 37.0, "subsample": 0.40461549417502396}, "datetime": {"datetime": "2024-01-20 14:59:46", "elapsed": 2140.335771, "delta": 0.003392}}
{"target": -13.497032041034682, "params": {"colsample_bytree": 0.25910678112525837, "eta": 0.05153038526904421, "gamma": 697.4945696645344, "max_depth": 2.0, "min_child_weight": 4405.2421454939185, "num_boost_round": 38.0, "subsample": 0.40461549417502396}, "datetime": {"datetime": "2024-01-20 14:59:46", "elapsed": 2140.339177, "delta": 0.003406}}
{"target": -13.49701140656946, "params": {"colsample_bytree": 0.25910678112525837, "eta": 0.05153038526904421, "gamma": 697.4945696645344, "max_depth": 2.0, "min_child_weight": 4405.2421454939185, "num_boost_round": 39.0, "subsample": 0.40461549417502396}, "datetime": {"datetime": "2024-01-20 14:59:46", "elapsed": 2140.342517, "delta": 0.00334}}
{"target": -13.49699054906176, "params": {"colsample_bytree": 0.25910678112525837, "eta": 0.05153038526904421, "gamma": 697.4945696645344, "max_depth": 2.0, "min_child_weight": 4405.2421454939185, "num_boost_round": 40.0, "subsample": 0.40461549417502396}, "datetime": {"datetime": "2024-01-20 14:59:46", "elapsed": 2140.345787, "delta": 0.00327}}
{"target": -13.496936591743577, "params": {"colsample_bytree": 0.25910678112525837, "eta": 0.05153038526904421, "gamma": 697.4945696645344, "max_depth": 2.0, "min_child_weight": 4405.2421454939185, "num_boost_round": 41.0, "subsample": 0.40461549417502396}, "datetime": {"datetime": "2024-01-20 14:59:46", "elapsed": 2140.34905, "delta": 0.003263}}
{"target": -13.496955558895468, "params": {"colsample_bytree": 0.25910678112525837, "eta": 0.05153038526904421, "gamma": 697.4945696645344, "max_depth": 2.0, "min_child_weight": 4405.2421454939185, "num_boost_round": 42.0, "subsample": 0.40461549417502396}, "datetime": {"datetime": "2024-01-20 14:59:46", "elapsed": 2140.35238, "delta": 0.00333}}
{"target": -13.497029961669938, "params": {"colsample_bytree": 0.25910678112525837, "eta": 0.05153038526904421, "gamma": 697.4945696645344, "max_depth": 2.0, "min_child_weight": 4405.2421454939185, "num_boost_round": 43.0, "subsample": 0.40461549417502396}, "datetime": {"datetime": "2024-01-20 14:59:46", "elapsed": 2140.355729, "delta": 0.003349}}
{"target": -13.497022404804547, "params": {"colsample_bytree": 0.25910678112525837, "eta": 0.05153038526904421, "gamma": 697.4945696645344, "max_depth": 2.0, "min_child_weight": 4405.2421454939185, "num_boost_round": 44.0, "subsample": 0.40461549417502396}, "datetime": {"datetime": "2024-01-20 14:59:46", "elapsed": 2140.358936, "delta": 0.003207}}
{"target": -13.496948272597967, "params": {"colsample_bytree": 0.25910678112525837, "eta": 0.05153038526904421, "gamma": 697.4945696645344, "max_depth": 2.0, "min_child_weight": 4405.2421454939185, "num_boost_round": 45.0, "subsample": 0.40461549417502396}, "datetime": {"datetime": "2024-01-20 14:59:46", "elapsed": 2140.362146, "delta": 0.00321}}
{"target": -13.496872594831158, "params": {"colsample_bytree": 0.25910678112525837, "eta": 0.05153038526904421, "gamma": 697.4945696645344, "max_depth": 2.0, "min_child_weight": 4405.2421454939185, "num_boost_round": 46.0, "subsample": 0.40461549417502396}, "datetime": {"datetime": "2024-01-20 14:59:46", "elapsed": 2140.365358, "delta": 0.003212}}
{"target": -13.496785645506542, "params": {"colsample_bytree": 0.25910678112525837, "eta": 0.05153038526904421, "gamma": 697.4945696645344, "max_depth": 2.0, "min_child_weight": 4405.2421454939185, "num_boost_round": 47.0, "subsample": 0.40461549417502396}, "datetime": {"datetime": "2024-01-20 14:59:46", "elapsed": 2140.368716, "delta": 0.003358}}
{"target": -13.496694062598555, "params": {"colsample_bytree": 0.25910678112525837, "eta": 0.05153038526904421, "gamma": 697.4945696645344, "max_depth": 2.0, "min_child_weight": 4405.2421454939185, "num_boost_round": 48.0, "subsample": 0.40461549417502396}, "datetime": {"datetime": "2024-01-20 14:59:46", "elapsed": 2140.372092, "delta": 0.003376}}
{"target": -13.496711803467623, "params": {"colsample_bytree": 0.25910678112525837, "eta": 0.05153038526904421, "gamma": 697.4945696645344, "max_depth": 2.0, "min_child_weight": 4405.2421454939185, "num_boost_round": 49.0, "subsample": 0.40461549417502396}, "datetime": {"datetime": "2024-01-20 14:59:46", "elapsed": 2140.375515, "delta": 0.003423}}
