{"target": -10.475567250830334, "params": {"colsample_bytree": 0.3259806350870325, "eta": 0.009213018449483206, "gamma": 466.1259530753018, "max_depth": 8.0, "min_child_weight": 4648.378383789076, "num_boost_round": 11.0, "subsample": 0.35708414237715913}, "datetime": {"datetime": "2024-01-20 14:58:45", "elapsed": 5617.084119, "delta": 0.004611}}
{"target": -10.475555965192616, "params": {"colsample_bytree": 0.3259806350870325, "eta": 0.009213018449483206, "gamma": 466.1259530753018, "max_depth": 8.0, "min_child_weight": 4648.378383789076, "num_boost_round": 12.0, "subsample": 0.35708414237715913}, "datetime": {"datetime": "2024-01-20 14:58:45", "elapsed": 5617.088477, "delta": 0.004358}}
{"target": -10.475498975589382, "params": {"colsample_bytree": 0.3259806350870325, "eta": 0.009213018449483206, "gamma": 466.1259530753018, "max_depth": 8.0, "min_child_weight": 4648.378383789076, "num_boost_round": 13.0, "subsample": 0.35708414237715913}, "datetime": {"datetime": "2024-01-20 14:58:45", "elapsed": 5617.09287, "delta": 0.004393}}
{"target": -10.475496833864415, "params": {"colsample_bytree": 0.3259806350870325, "eta": 0.009213018449483206, "gamma": 466.1259530753018, "max_depth": 8.0, "min_child_weight": 4648.378383789076, "num_boost_round": 14.0, "subsample": 0.35708414237715913}, "datetime": {"datetime": "2024-01-20 14:58:45", "elapsed": 5617.097182, "delta": 0.004312}}
{"target": -10.475427760524813, "params": {"colsample_bytree": 0.3259806350870325, "eta": 0.009213018449483206, "gamma": 466.1259530753018, "max_depth": 8.0, "min_child_weight": 4648.378383789076, "num_boost_round": 15.0, "subsample": 0.35708414237715913}, "datetime": {"datetime": "2024-01-20 14:58:45", "elapsed": 5617.10157, "delta": 0.004388}}
{"target": -10.475445933326784, "params": {"colsample_bytree": 0.3259806350870325, "eta": 0.009213018449483206, "gamma": 466.1259530753018, "max_depth": 8.0, "min_child_weight": 4648.378383789076, "num_boost_round": 16.0, "subsample": 0.35708414237715913}, "datetime": {"datetime": "2024-01-20 14:58:45", "elapsed": 5617.10586, "delta": 0.00429}}
{"target": -10.475469898781885, "params": {"colsample_bytree": 0.3259806350870325, "eta": 0.009213018449483206, "gamma": 466.1259530753018, "max_depth": 8.0, "min_child_weight": 4648.378383789076, "num_boost_round": 17.0, "subsample": 0.35708414237715913}, "datetime": {"datetime": "2024-01-20 14:58:45", "elapsed": 5617.110138, "delta": 0.004278}}
{"target": -10.475407097778664, "params": {"colsample_bytree": 0.3259806350870325, "eta": 0.009213018449483206, "gamma": 466.1259530753018, "max_depth": 8.0, "min_child_weight": 4648.378383789076, "num_boost_round": 18.0, "subsample": 0.35708414237715913}, "datetime": {"datetime": "2024-01-20 14:58:45", "elapsed": 5617.11449, "delta": 0.004352}}
{"target": -10.475377922227352, "params": {"colsample_bytree": 0.3259806350870325, "eta": 0.009213018449483206, "gamma": 466.1259530753018, "max_depth": 8.0, "min_child_weight": 4648.378383789076, "num_boost_round": 19.0, "subsample": 0.35708414237715913}, "datetime": {"datetime": "2024-01-20 14:58:45", "elapsed": 5617.118924, "delta": 0.004434}}
{"target": -10.475320018184753, "params": {"colsample_bytree": 0.3259806350870325, "eta": 0.009213018449483206, "gamma": 466.1259530753018, "max_depth": 8.0, "min_child_weight": 4648.378383789076, "num_boost_round": 20.0, "subsample": 0.35708414237715913}, "datetime": {"datetime": "2024-01-20 14:58:45", "elapsed": 5617.123231, "delta": 0.004307}}
{"target": -10.475285781831362, "params": {"colsample_bytree": 0.3259806350870325, "eta": 0.009213018449483206, "gamma": 466.1259530753018, "max_depth": 8.0, "min_child_weight": 4648.378383789076, "num_boost_round": 21.0, "subsample": 0.35708414237715913}, "datetime": {"datetime": "2024-01-20 14:58:45", "elapsed": 5617.127511, "delta": 0.00428}}
{"target": -10.475208791278053, "params": {"colsample_bytree": 0.3259806350870325, "eta": 0.009213018449483206, "gamma": 466.1259530753018, "max_depth": 8.0, "min_child_weight": 4648.378383789076, "num_boost_round": 22.0, "subsample": 0.35708414237715913}, "datetime": {"datetime": "2024-01-20 14:58:45", "elapsed": 5617.131858, "delta": 0.004347}}
{"target": -10.475217066094562, "params": {"colsample_bytree": 0.3259806350870325, "eta": 0.009213018449483206, "gamma": 466.1259530753018, "max_depth": 8.0, "min_child_weight": 4648.378383789076, "num_boost_round": 23.0, "subsample": 0.35708414237715913}, "datetime": {"datetime": "2024-01-20 14:58:45", "elapsed": 5617.136286, "delta": 0.004428}}
{"target": -10.476012727392835, "params": {"colsample_bytree": 0.4491111180744566, "eta": 0.033447181413437437, "gamma": 525.5463389492774, "max_depth": 6.0, "min_child_weight": 4615.0733651861465, "num_boost_round": 1.0, "subsample": 0.2804639879500152}, "datetime": {"datetime": "2024-01-20 15:00:00", "elapsed": 5692.769756, "delta": 75.63347}}
{"target": -10.475732955485945, "params": {"colsample_bytree": 0.4491111180744566, "eta": 0.033447181413437437, "gamma": 525.5463389492774, "max_depth": 6.0, "min_child_weight": 4615.0733651861465, "num_boost_round": 2.0, "subsample": 0.2804639879500152}, "datetime": {"datetime": "2024-01-20 15:00:00", "elapsed": 5692.775616, "delta": 0.00586}}
{"target": -10.47562811709251, "params": {"colsample_bytree": 0.4491111180744566, "eta": 0.033447181413437437, "gamma": 525.5463389492774, "max_depth": 6.0, "min_child_weight": 4615.0733651861465, "num_boost_round": 3.0, "subsample": 0.2804639879500152}, "datetime": {"datetime": "2024-01-20 15:00:00", "elapsed": 5692.780206, "delta": 0.00459}}
{"target": -10.475307369169364, "params": {"colsample_bytree": 0.4491111180744566, "eta": 0.033447181413437437, "gamma": 525.5463389492774, "max_depth": 6.0, "min_child_weight": 4615.0733651861465, "num_boost_round": 4.0, "subsample": 0.2804639879500152}, "datetime": {"datetime": "2024-01-20 15:00:00", "elapsed": 5692.784583, "delta": 0.004377}}
{"target": -10.475071439600661, "params": {"colsample_bytree": 0.4491111180744566, "eta": 0.033447181413437437, "gamma": 525.5463389492774, "max_depth": 6.0, "min_child_weight": 4615.0733651861465, "num_boost_round": 5.0, "subsample": 0.2804639879500152}, "datetime": {"datetime": "2024-01-20 15:00:00", "elapsed": 5692.788949, "delta": 0.004366}}
{"target": -10.474848574341348, "params": {"colsample_bytree": 0.4491111180744566, "eta": 0.033447181413437437, "gamma": 525.5463389492774, "max_depth": 6.0, "min_child_weight": 4615.0733651861465, "num_boost_round": 6.0, "subsample": 0.2804639879500152}, "datetime": {"datetime": "2024-01-20 15:00:00", "elapsed": 5692.793587, "delta": 0.004638}}
{"target": -10.47433501568189, "params": {"colsample_bytree": 0.4491111180744566, "eta": 0.033447181413437437, "gamma": 525.5463389492774, "max_depth": 6.0, "min_child_weight": 4615.0733651861465, "num_boost_round": 7.0, "subsample": 0.2804639879500152}, "datetime": {"datetime": "2024-01-20 15:00:00", "elapsed": 5692.798043, "delta": 0.004456}}
{"target": -10.474126180809833, "params": {"colsample_bytree": 0.4491111180744566, "eta": 0.033447181413437437, "gamma": 525.5463389492774, "max_depth": 6.0, "min_child_weight": 4615.0733651861465, "num_boost_round": 8.0, "subsample": 0.2804639879500152}, "datetime": {"datetime": "2024-01-20 15:00:00", "elapsed": 5692.802405, "delta": 0.004362}}
{"target": -10.474000166214536, "params": {"colsample_bytree": 0.4491111180744566, "eta": 0.033447181413437437, "gamma": 525.5463389492774, "max_depth": 6.0, "min_child_weight": 4615.0733651861465, "num_boost_round": 9.0, "subsample": 0.2804639879500152}, "datetime": {"datetime": "2024-01-20 15:00:00", "elapsed": 5692.806751, "delta": 0.004346}}
{"target": -10.473721505790847, "params": {"colsample_bytree": 0.4491111180744566, "eta": 0.033447181413437437, "gamma": 525.5463389492774, "max_depth": 6.0, "min_child_weight": 4615.0733651861465, "num_boost_round": 10.0, "subsample": 0.2804639879500152}, "datetime": {"datetime": "2024-01-20 15:00:00", "elapsed": 5692.811368, "delta": 0.004617}}
{"target": -10.473635185675061, "params": {"colsample_bytree": 0.4491111180744566, "eta": 0.033447181413437437, "gamma": 525.5463389492774, "max_depth": 6.0, "min_child_weight": 4615.0733651861465, "num_boost_round": 11.0, "subsample": 0.2804639879500152}, "datetime": {"datetime": "2024-01-20 15:00:00", "elapsed": 5692.815802, "delta": 0.004434}}
{"target": -10.47351264093378, "params": {"colsample_bytree": 0.4491111180744566, "eta": 0.033447181413437437, "gamma": 525.5463389492774, "max_depth": 6.0, "min_child_weight": 4615.0733651861465, "num_boost_round": 12.0, "subsample": 0.2804639879500152}, "datetime": {"datetime": "2024-01-20 15:00:00", "elapsed": 5692.820204, "delta": 0.004402}}
{"target": -10.473505525710301, "params": {"colsample_bytree": 0.4491111180744566, "eta": 0.033447181413437437, "gamma": 525.5463389492774, "max_depth": 6.0, "min_child_weight": 4615.0733651861465, "num_boost_round": 13.0, "subsample": 0.2804639879500152}, "datetime": {"datetime": "2024-01-20 15:00:00", "elapsed": 5692.824519, "delta": 0.004315}}
{"target": -10.473344497794896, "params": {"colsample_bytree": 0.4491111180744566, "eta": 0.033447181413437437, "gamma": 525.5463389492774, "max_depth": 6.0, "min_child_weight": 4615.0733651861465, "num_boost_round": 14.0, "subsample": 0.2804639879500152}, "datetime": {"datetime": "2024-01-20 15:00:00", "elapsed": 5692.829079, "delta": 0.00456}}
{"target": -10.473355487040969, "params": {"colsample_bytree": 0.4491111180744566, "eta": 0.033447181413437437, "gamma": 525.5463389492774, "max_depth": 6.0, "min_child_weight": 4615.0733651861465, "num_boost_round": 15.0, "subsample": 0.2804639879500152}, "datetime": {"datetime": "2024-01-20 15:00:00", "elapsed": 5692.833452, "delta": 0.004373}}
{"target": -10.47328582780175, "params": {"colsample_bytree": 0.4491111180744566, "eta": 0.033447181413437437, "gamma": 525.5463389492774, "max_depth": 6.0, "min_child_weight": 4615.0733651861465, "num_boost_round": 16.0, "subsample": 0.2804639879500152}, "datetime": {"datetime": "2024-01-20 15:00:00", "elapsed": 5692.837898, "delta": 0.004446}}
{"target": -10.473417476128414, "params": {"colsample_bytree": 0.4491111180744566, "eta": 0.033447181413437437, "gamma": 525.5463389492774, "max_depth": 6.0, "min_child_weight": 4615.0733651861465, "num_boost_round": 17.0, "subsample": 0.2804639879500152}, "datetime": {"datetime": "2024-01-20 15:00:00", "elapsed": 5692.842219, "delta": 0.004321}}
{"target": -10.473444775302088, "params": {"colsample_bytree": 0.4491111180744566, "eta": 0.033447181413437437, "gamma": 525.5463389492774, "max_depth": 6.0, "min_child_weight": 4615.0733651861465, "num_boost_round": 18.0, "subsample": 0.2804639879500152}, "datetime": {"datetime": "2024-01-20 15:00:00", "elapsed": 5692.846687, "delta": 0.004468}}
{"target": -10.47341787239022, "params": {"colsample_bytree": 0.4491111180744566, "eta": 0.033447181413437437, "gamma": 525.5463389492774, "max_depth": 6.0, "min_child_weight": 4615.0733651861465, "num_boost_round": 19.0, "subsample": 0.2804639879500152}, "datetime": {"datetime": "2024-01-20 15:00:00", "elapsed": 5692.851009, "delta": 0.004322}}
{"target": -10.473475438830949, "params": {"colsample_bytree": 0.4491111180744566, "eta": 0.033447181413437437, "gamma": 525.5463389492774, "max_depth": 6.0, "min_child_weight": 4615.0733651861465, "num_boost_round": 20.0, "subsample": 0.2804639879500152}, "datetime": {"datetime": "2024-01-20 15:00:00", "elapsed": 5692.855334, "delta": 0.004325}}
{"target": -10.473517873828595, "params": {"colsample_bytree": 0.4491111180744566, "eta": 0.033447181413437437, "gamma": 525.5463389492774, "max_depth": 6.0, "min_child_weight": 4615.0733651861465, "num_boost_round": 21.0, "subsample": 0.2804639879500152}, "datetime": {"datetime": "2024-01-20 15:00:00", "elapsed": 5692.859832, "delta": 0.004498}}
{"target": -10.473416279848475, "params": {"colsample_bytree": 0.4491111180744566, "eta": 0.033447181413437437, "gamma": 525.5463389492774, "max_depth": 6.0, "min_child_weight": 4615.0733651861465, "num_boost_round": 22.0, "subsample": 0.2804639879500152}, "datetime": {"datetime": "2024-01-20 15:00:00", "elapsed": 5692.864496, "delta": 0.004664}}
{"target": -10.47343383591084, "params": {"colsample_bytree": 0.4491111180744566, "eta": 0.033447181413437437, "gamma": 525.5463389492774, "max_depth": 6.0, "min_child_weight": 4615.0733651861465, "num_boost_round": 23.0, "subsample": 0.2804639879500152}, "datetime": {"datetime": "2024-01-20 15:00:00", "elapsed": 5692.868984, "delta": 0.004488}}
{"target": -10.473516604015474, "params": {"colsample_bytree": 0.4491111180744566, "eta": 0.033447181413437437, "gamma": 525.5463389492774, "max_depth": 6.0, "min_child_weight": 4615.0733651861465, "num_boost_round": 24.0, "subsample": 0.2804639879500152}, "datetime": {"datetime": "2024-01-20 15:00:00", "elapsed": 5692.873354, "delta": 0.00437}}
{"target": -10.4735913123128, "params": {"colsample_bytree": 0.4491111180744566, "eta": 0.033447181413437437, "gamma": 525.5463389492774, "max_depth": 6.0, "min_child_weight": 4615.0733651861465, "num_boost_round": 25.0, "subsample": 0.2804639879500152}, "datetime": {"datetime": "2024-01-20 15:00:00", "elapsed": 5692.877886, "delta": 0.004532}}
{"target": -10.47377002709251, "params": {"colsample_bytree": 0.4491111180744566, "eta": 0.033447181413437437, "gamma": 525.5463389492774, "max_depth": 6.0, "min_child_weight": 4615.0733651861465, "num_boost_round": 26.0, "subsample": 0.2804639879500152}, "datetime": {"datetime": "2024-01-20 15:00:00", "elapsed": 5692.882361, "delta": 0.004475}}
{"target": -10.473929448782796, "params": {"colsample_bytree": 0.4491111180744566, "eta": 0.033447181413437437, "gamma": 525.5463389492774, "max_depth": 6.0, "min_child_weight": 4615.0733651861465, "num_boost_round": 27.0, "subsample": 0.2804639879500152}, "datetime": {"datetime": "2024-01-20 15:00:00", "elapsed": 5692.886716, "delta": 0.004355}}
{"target": -10.473959137728777, "params": {"colsample_bytree": 0.4491111180744566, "eta": 0.033447181413437437, "gamma": 525.5463389492774, "max_depth": 6.0, "min_child_weight": 4615.0733651861465, "num_boost_round": 28.0, "subsample": 0.2804639879500152}, "datetime": {"datetime": "2024-01-20 15:00:00", "elapsed": 5692.89114, "delta": 0.004424}}
{"target": -10.474121744620353, "params": {"colsample_bytree": 0.4491111180744566, "eta": 0.033447181413437437, "gamma": 525.5463389492774, "max_depth": 6.0, "min_child_weight": 4615.0733651861465, "num_boost_round": 29.0, "subsample": 0.2804639879500152}, "datetime": {"datetime": "2024-01-20 15:00:00", "elapsed": 5692.895487, "delta": 0.004347}}
{"target": -10.474228004967497, "params": {"colsample_bytree": 0.4491111180744566, "eta": 0.033447181413437437, "gamma": 525.5463389492774, "max_depth": 6.0, "min_child_weight": 4615.0733651861465, "num_boost_round": 30.0, "subsample": 0.2804639879500152}, "datetime": {"datetime": "2024-01-20 15:00:00", "elapsed": 5692.900247, "delta": 0.00476}}
{"target": -10.474258068697301, "params": {"colsample_bytree": 0.4491111180744566, "eta": 0.033447181413437437, "gamma": 525.5463389492774, "max_depth": 6.0, "min_child_weight": 4615.0733651861465, "num_boost_round": 31.0, "subsample": 0.2804639879500152}, "datetime": {"datetime": "2024-01-20 15:00:00", "elapsed": 5692.90459, "delta": 0.004343}}
{"target": -10.474296208596927, "params": {"colsample_bytree": 0.4491111180744566, "eta": 0.033447181413437437, "gamma": 525.5463389492774, "max_depth": 6.0, "min_child_weight": 4615.0733651861465, "num_boost_round": 32.0, "subsample": 0.2804639879500152}, "datetime": {"datetime": "2024-01-20 15:00:00", "elapsed": 5692.909033, "delta": 0.004443}}
{"target": -10.476124904387254, "params": {"colsample_bytree": 0.7657060915036685, "eta": 0.00031144146258643105, "gamma": 420.1720296279783, "max_depth": 2.0, "min_child_weight": 4630.18306473058, "num_boost_round": 1.0, "subsample": 0.6506835714563847}, "datetime": {"datetime": "2024-01-20 15:01:41", "elapsed": 5793.312677, "delta": 100.403644}}
{"target": -10.476124290915681, "params": {"colsample_bytree": 0.7657060915036685, "eta": 0.00031144146258643105, "gamma": 420.1720296279783, "max_depth": 2.0, "min_child_weight": 4630.18306473058, "num_boost_round": 2.0, "subsample": 0.6506835714563847}, "datetime": {"datetime": "2024-01-20 15:01:41", "elapsed": 5793.319341, "delta": 0.006664}}
{"target": -10.476123482022775, "params": {"colsample_bytree": 0.7657060915036685, "eta": 0.00031144146258643105, "gamma": 420.1720296279783, "max_depth": 2.0, "min_child_weight": 4630.18306473058, "num_boost_round": 3.0, "subsample": 0.6506835714563847}, "datetime": {"datetime": "2024-01-20 15:01:41", "elapsed": 5793.323777, "delta": 0.004436}}
{"target": -10.476121835931945, "params": {"colsample_bytree": 0.7657060915036685, "eta": 0.00031144146258643105, "gamma": 420.1720296279783, "max_depth": 2.0, "min_child_weight": 4630.18306473058, "num_boost_round": 4.0, "subsample": 0.6506835714563847}, "datetime": {"datetime": "2024-01-20 15:01:41", "elapsed": 5793.328177, "delta": 0.0044}}
{"target": -10.476121282100532, "params": {"colsample_bytree": 0.7657060915036685, "eta": 0.00031144146258643105, "gamma": 420.1720296279783, "max_depth": 2.0, "min_child_weight": 4630.18306473058, "num_boost_round": 5.0, "subsample": 0.6506835714563847}, "datetime": {"datetime": "2024-01-20 15:01:41", "elapsed": 5793.332826, "delta": 0.004649}}
{"target": -10.476122594385188, "params": {"colsample_bytree": 0.7657060915036685, "eta": 0.00031144146258643105, "gamma": 420.1720296279783, "max_depth": 2.0, "min_child_weight": 4630.18306473058, "num_boost_round": 6.0, "subsample": 0.6506835714563847}, "datetime": {"datetime": "2024-01-20 15:01:41", "elapsed": 5793.337648, "delta": 0.004822}}
{"target": -10.476123000626075, "params": {"colsample_bytree": 0.7657060915036685, "eta": 0.00031144146258643105, "gamma": 420.1720296279783, "max_depth": 2.0, "min_child_weight": 4630.18306473058, "num_boost_round": 7.0, "subsample": 0.6506835714563847}, "datetime": {"datetime": "2024-01-20 15:01:41", "elapsed": 5793.342102, "delta": 0.004454}}
{"target": -10.476123611879245, "params": {"colsample_bytree": 0.7657060915036685, "eta": 0.00031144146258643105, "gamma": 420.1720296279783, "max_depth": 2.0, "min_child_weight": 4630.18306473058, "num_boost_round": 8.0, "subsample": 0.6506835714563847}, "datetime": {"datetime": "2024-01-20 15:01:41", "elapsed": 5793.346476, "delta": 0.004374}}
{"target": -10.476122492834971, "params": {"colsample_bytree": 0.7657060915036685, "eta": 0.00031144146258643105, "gamma": 420.1720296279783, "max_depth": 2.0, "min_child_weight": 4630.18306473058, "num_boost_round": 9.0, "subsample": 0.6506835714563847}, "datetime": {"datetime": "2024-01-20 15:01:41", "elapsed": 5793.350883, "delta": 0.004407}}
{"target": -10.476122525947787, "params": {"colsample_bytree": 0.7657060915036685, "eta": 0.00031144146258643105, "gamma": 420.1720296279783, "max_depth": 2.0, "min_child_weight": 4630.18306473058, "num_boost_round": 10.0, "subsample": 0.6506835714563847}, "datetime": {"datetime": "2024-01-20 15:01:41", "elapsed": 5793.355513, "delta": 0.00463}}
{"target": -10.476122555367006, "params": {"colsample_bytree": 0.7657060915036685, "eta": 0.00031144146258643105, "gamma": 420.1720296279783, "max_depth": 2.0, "min_child_weight": 4630.18306473058, "num_boost_round": 11.0, "subsample": 0.6506835714563847}, "datetime": {"datetime": "2024-01-20 15:01:41", "elapsed": 5793.360254, "delta": 0.004741}}
{"target": -10.476122778091131, "params": {"colsample_bytree": 0.7657060915036685, "eta": 0.00031144146258643105, "gamma": 420.1720296279783, "max_depth": 2.0, "min_child_weight": 4630.18306473058, "num_boost_round": 12.0, "subsample": 0.6506835714563847}, "datetime": {"datetime": "2024-01-20 15:01:41", "elapsed": 5793.364922, "delta": 0.004668}}
{"target": -10.47612305452557, "params": {"colsample_bytree": 0.7657060915036685, "eta": 0.00031144146258643105, "gamma": 420.1720296279783, "max_depth": 2.0, "min_child_weight": 4630.18306473058, "num_boost_round": 13.0, "subsample": 0.6506835714563847}, "datetime": {"datetime": "2024-01-20 15:01:41", "elapsed": 5793.369565, "delta": 0.004643}}
{"target": -10.476122431847916, "params": {"colsample_bytree": 0.7657060915036685, "eta": 0.00031144146258643105, "gamma": 420.1720296279783, "max_depth": 2.0, "min_child_weight": 4630.18306473058, "num_boost_round": 14.0, "subsample": 0.6506835714563847}, "datetime": {"datetime": "2024-01-20 15:01:41", "elapsed": 5793.374413, "delta": 0.004848}}
{"target": -10.476122648977789, "params": {"colsample_bytree": 0.7657060915036685, "eta": 0.00031144146258643105, "gamma": 420.1720296279783, "max_depth": 2.0, "min_child_weight": 4630.18306473058, "num_boost_round": 15.0, "subsample": 0.6506835714563847}, "datetime": {"datetime": "2024-01-20 15:01:41", "elapsed": 5793.379034, "delta": 0.004621}}
{"target": -10.47612275553173, "params": {"colsample_bytree": 0.7657060915036685, "eta": 0.00031144146258643105, "gamma": 420.1720296279783, "max_depth": 2.0, "min_child_weight": 4630.18306473058, "num_boost_round": 16.0, "subsample": 0.6506835714563847}, "datetime": {"datetime": "2024-01-20 15:01:41", "elapsed": 5793.383447, "delta": 0.004413}}
{"target": -10.47612420056949, "params": {"colsample_bytree": 0.7657060915036685, "eta": 0.00031144146258643105, "gamma": 420.1720296279783, "max_depth": 2.0, "min_child_weight": 4630.18306473058, "num_boost_round": 17.0, "subsample": 0.6506835714563847}, "datetime": {"datetime": "2024-01-20 15:01:41", "elapsed": 5793.387841, "delta": 0.004394}}
{"target": -10.476124156928723, "params": {"colsample_bytree": 0.7657060915036685, "eta": 0.00031144146258643105, "gamma": 420.1720296279783, "max_depth": 2.0, "min_child_weight": 4630.18306473058, "num_boost_round": 18.0, "subsample": 0.6506835714563847}, "datetime": {"datetime": "2024-01-20 15:01:41", "elapsed": 5793.392493, "delta": 0.004652}}
