{"target": -12.35575744653487, "params": {"colsample_bytree": 0.2123131010225598, "eta": 0.0055006710658212455, "gamma": 638.2756975844653, "max_depth": 2.0, "min_child_weight": 4242.808956809956, "num_boost_round": 63.0, "subsample": 0.5260790680692133}, "datetime": {"datetime": "2024-01-20 16:52:07", "elapsed": 8894.097427, "delta": 0.007217}}
{"target": -12.357034701902922, "params": {"colsample_bytree": 0.42519447621189443, "eta": 0.07038782349092206, "gamma": 497.15904009262255, "max_depth": 6.0, "min_child_weight": 4226.050579890883, "num_boost_round": 1.0, "subsample": 0.5265038248656098}, "datetime": {"datetime": "2024-01-20 16:55:28", "elapsed": 9094.786466, "delta": 200.689039}}
{"target": -12.35564882123194, "params": {"colsample_bytree": 0.42519447621189443, "eta": 0.07038782349092206, "gamma": 497.15904009262255, "max_depth": 6.0, "min_child_weight": 4226.050579890883, "num_boost_round": 2.0, "subsample": 0.5265038248656098}, "datetime": {"datetime": "2024-01-20 16:55:28", "elapsed": 9094.796277, "delta": 0.009811}}
{"target": -12.351843535448603, "params": {"colsample_bytree": 0.42519447621189443, "eta": 0.07038782349092206, "gamma": 497.15904009262255, "max_depth": 6.0, "min_child_weight": 4226.050579890883, "num_boost_round": 3.0, "subsample": 0.5265038248656098}, "datetime": {"datetime": "2024-01-20 16:55:28", "elapsed": 9094.809361, "delta": 0.013084}}
{"target": -12.352233373791307, "params": {"colsample_bytree": 0.42519447621189443, "eta": 0.07038782349092206, "gamma": 497.15904009262255, "max_depth": 6.0, "min_child_weight": 4226.050579890883, "num_boost_round": 4.0, "subsample": 0.5265038248656098}, "datetime": {"datetime": "2024-01-20 16:55:28", "elapsed": 9094.819768, "delta": 0.010407}}
{"target": -12.349295658425941, "params": {"colsample_bytree": 0.42519447621189443, "eta": 0.07038782349092206, "gamma": 497.15904009262255, "max_depth": 6.0, "min_child_weight": 4226.050579890883, "num_boost_round": 5.0, "subsample": 0.5265038248656098}, "datetime": {"datetime": "2024-01-20 16:55:28", "elapsed": 9094.829165, "delta": 0.009397}}
{"target": -12.347214369711166, "params": {"colsample_bytree": 0.42519447621189443, "eta": 0.07038782349092206, "gamma": 497.15904009262255, "max_depth": 6.0, "min_child_weight": 4226.050579890883, "num_boost_round": 6.0, "subsample": 0.5265038248656098}, "datetime": {"datetime": "2024-01-20 16:55:28", "elapsed": 9094.838071, "delta": 0.008906}}
{"target": -12.347371418522584, "params": {"colsample_bytree": 0.42519447621189443, "eta": 0.07038782349092206, "gamma": 497.15904009262255, "max_depth": 6.0, "min_child_weight": 4226.050579890883, "num_boost_round": 7.0, "subsample": 0.5265038248656098}, "datetime": {"datetime": "2024-01-20 16:55:28", "elapsed": 9094.846645, "delta": 0.008574}}
{"target": -12.346424746586678, "params": {"colsample_bytree": 0.42519447621189443, "eta": 0.07038782349092206, "gamma": 497.15904009262255, "max_depth": 6.0, "min_child_weight": 4226.050579890883, "num_boost_round": 8.0, "subsample": 0.5265038248656098}, "datetime": {"datetime": "2024-01-20 16:55:28", "elapsed": 9094.855235, "delta": 0.00859}}
{"target": -12.346530555831743, "params": {"colsample_bytree": 0.42519447621189443, "eta": 0.07038782349092206, "gamma": 497.15904009262255, "max_depth": 6.0, "min_child_weight": 4226.050579890883, "num_boost_round": 9.0, "subsample": 0.5265038248656098}, "datetime": {"datetime": "2024-01-20 16:55:28", "elapsed": 9094.863347, "delta": 0.008112}}
{"target": -12.346369484711406, "params": {"colsample_bytree": 0.42519447621189443, "eta": 0.07038782349092206, "gamma": 497.15904009262255, "max_depth": 6.0, "min_child_weight": 4226.050579890883, "num_boost_round": 10.0, "subsample": 0.5265038248656098}, "datetime": {"datetime": "2024-01-20 16:55:28", "elapsed": 9094.870866, "delta": 0.007519}}
{"target": -12.345442730982533, "params": {"colsample_bytree": 0.42519447621189443, "eta": 0.07038782349092206, "gamma": 497.15904009262255, "max_depth": 6.0, "min_child_weight": 4226.050579890883, "num_boost_round": 11.0, "subsample": 0.5265038248656098}, "datetime": {"datetime": "2024-01-20 16:55:28", "elapsed": 9094.878099, "delta": 0.007233}}
{"target": -12.345126966875632, "params": {"colsample_bytree": 0.42519447621189443, "eta": 0.07038782349092206, "gamma": 497.15904009262255, "max_depth": 6.0, "min_child_weight": 4226.050579890883, "num_boost_round": 12.0, "subsample": 0.5265038248656098}, "datetime": {"datetime": "2024-01-20 16:55:28", "elapsed": 9094.885221, "delta": 0.007122}}
{"target": -12.345455382668714, "params": {"colsample_bytree": 0.42519447621189443, "eta": 0.07038782349092206, "gamma": 497.15904009262255, "max_depth": 6.0, "min_child_weight": 4226.050579890883, "num_boost_round": 13.0, "subsample": 0.5265038248656098}, "datetime": {"datetime": "2024-01-20 16:55:28", "elapsed": 9094.892854, "delta": 0.007633}}
{"target": -12.344748782464777, "params": {"colsample_bytree": 0.42519447621189443, "eta": 0.07038782349092206, "gamma": 497.15904009262255, "max_depth": 6.0, "min_child_weight": 4226.050579890883, "num_boost_round": 14.0, "subsample": 0.5265038248656098}, "datetime": {"datetime": "2024-01-20 16:55:28", "elapsed": 9094.900194, "delta": 0.00734}}
{"target": -12.343796343512091, "params": {"colsample_bytree": 0.42519447621189443, "eta": 0.07038782349092206, "gamma": 497.15904009262255, "max_depth": 6.0, "min_child_weight": 4226.050579890883, "num_boost_round": 15.0, "subsample": 0.5265038248656098}, "datetime": {"datetime": "2024-01-20 16:55:28", "elapsed": 9094.908137, "delta": 0.007943}}
{"target": -12.343584527607355, "params": {"colsample_bytree": 0.42519447621189443, "eta": 0.07038782349092206, "gamma": 497.15904009262255, "max_depth": 6.0, "min_child_weight": 4226.050579890883, "num_boost_round": 16.0, "subsample": 0.5265038248656098}, "datetime": {"datetime": "2024-01-20 16:55:28", "elapsed": 9094.915705, "delta": 0.007568}}
{"target": -12.344085463826374, "params": {"colsample_bytree": 0.42519447621189443, "eta": 0.07038782349092206, "gamma": 497.15904009262255, "max_depth": 6.0, "min_child_weight": 4226.050579890883, "num_boost_round": 17.0, "subsample": 0.5265038248656098}, "datetime": {"datetime": "2024-01-20 16:55:29", "elapsed": 9095.27718, "delta": 0.361475}}
{"target": -12.34406564600917, "params": {"colsample_bytree": 0.42519447621189443, "eta": 0.07038782349092206, "gamma": 497.15904009262255, "max_depth": 6.0, "min_child_weight": 4226.050579890883, "num_boost_round": 18.0, "subsample": 0.5265038248656098}, "datetime": {"datetime": "2024-01-20 16:55:29", "elapsed": 9095.288221, "delta": 0.011041}}
{"target": -12.343959675410304, "params": {"colsample_bytree": 0.42519447621189443, "eta": 0.07038782349092206, "gamma": 497.15904009262255, "max_depth": 6.0, "min_child_weight": 4226.050579890883, "num_boost_round": 19.0, "subsample": 0.5265038248656098}, "datetime": {"datetime": "2024-01-20 16:55:29", "elapsed": 9095.297493, "delta": 0.009272}}
{"target": -12.344254126220912, "params": {"colsample_bytree": 0.42519447621189443, "eta": 0.07038782349092206, "gamma": 497.15904009262255, "max_depth": 6.0, "min_child_weight": 4226.050579890883, "num_boost_round": 20.0, "subsample": 0.5265038248656098}, "datetime": {"datetime": "2024-01-20 16:55:29", "elapsed": 9095.306745, "delta": 0.009252}}
{"target": -12.3446844350423, "params": {"colsample_bytree": 0.42519447621189443, "eta": 0.07038782349092206, "gamma": 497.15904009262255, "max_depth": 6.0, "min_child_weight": 4226.050579890883, "num_boost_round": 21.0, "subsample": 0.5265038248656098}, "datetime": {"datetime": "2024-01-20 16:55:29", "elapsed": 9095.316465, "delta": 0.00972}}
{"target": -12.34493394829993, "params": {"colsample_bytree": 0.42519447621189443, "eta": 0.07038782349092206, "gamma": 497.15904009262255, "max_depth": 6.0, "min_child_weight": 4226.050579890883, "num_boost_round": 22.0, "subsample": 0.5265038248656098}, "datetime": {"datetime": "2024-01-20 16:55:29", "elapsed": 9095.324837, "delta": 0.008372}}
{"target": -12.344273667161112, "params": {"colsample_bytree": 0.42519447621189443, "eta": 0.07038782349092206, "gamma": 497.15904009262255, "max_depth": 6.0, "min_child_weight": 4226.050579890883, "num_boost_round": 23.0, "subsample": 0.5265038248656098}, "datetime": {"datetime": "2024-01-20 16:55:29", "elapsed": 9095.332648, "delta": 0.007811}}
{"target": -12.34476722556429, "params": {"colsample_bytree": 0.42519447621189443, "eta": 0.07038782349092206, "gamma": 497.15904009262255, "max_depth": 6.0, "min_child_weight": 4226.050579890883, "num_boost_round": 24.0, "subsample": 0.5265038248656098}, "datetime": {"datetime": "2024-01-20 16:55:29", "elapsed": 9095.341044, "delta": 0.008396}}
{"target": -12.344304001871805, "params": {"colsample_bytree": 0.42519447621189443, "eta": 0.07038782349092206, "gamma": 497.15904009262255, "max_depth": 6.0, "min_child_weight": 4226.050579890883, "num_boost_round": 25.0, "subsample": 0.5265038248656098}, "datetime": {"datetime": "2024-01-20 16:55:29", "elapsed": 9095.349277, "delta": 0.008233}}
{"target": -12.344455679393551, "params": {"colsample_bytree": 0.42519447621189443, "eta": 0.07038782349092206, "gamma": 497.15904009262255, "max_depth": 6.0, "min_child_weight": 4226.050579890883, "num_boost_round": 26.0, "subsample": 0.5265038248656098}, "datetime": {"datetime": "2024-01-20 16:55:29", "elapsed": 9095.360873, "delta": 0.011596}}
{"target": -12.344737611490906, "params": {"colsample_bytree": 0.42519447621189443, "eta": 0.07038782349092206, "gamma": 497.15904009262255, "max_depth": 6.0, "min_child_weight": 4226.050579890883, "num_boost_round": 27.0, "subsample": 0.5265038248656098}, "datetime": {"datetime": "2024-01-20 16:55:29", "elapsed": 9095.37258, "delta": 0.011707}}
{"target": -12.344431847932185, "params": {"colsample_bytree": 0.42519447621189443, "eta": 0.07038782349092206, "gamma": 497.15904009262255, "max_depth": 6.0, "min_child_weight": 4226.050579890883, "num_boost_round": 28.0, "subsample": 0.5265038248656098}, "datetime": {"datetime": "2024-01-20 16:55:29", "elapsed": 9095.382589, "delta": 0.010009}}
{"target": -12.344201877226975, "params": {"colsample_bytree": 0.42519447621189443, "eta": 0.07038782349092206, "gamma": 497.15904009262255, "max_depth": 6.0, "min_child_weight": 4226.050579890883, "num_boost_round": 29.0, "subsample": 0.5265038248656098}, "datetime": {"datetime": "2024-01-20 16:55:29", "elapsed": 9095.392791, "delta": 0.010202}}
{"target": -12.343844586650716, "params": {"colsample_bytree": 0.42519447621189443, "eta": 0.07038782349092206, "gamma": 497.15904009262255, "max_depth": 6.0, "min_child_weight": 4226.050579890883, "num_boost_round": 30.0, "subsample": 0.5265038248656098}, "datetime": {"datetime": "2024-01-20 16:55:29", "elapsed": 9095.401925, "delta": 0.009134}}
{"target": -12.342974388989607, "params": {"colsample_bytree": 0.42519447621189443, "eta": 0.07038782349092206, "gamma": 497.15904009262255, "max_depth": 6.0, "min_child_weight": 4226.050579890883, "num_boost_round": 31.0, "subsample": 0.5265038248656098}, "datetime": {"datetime": "2024-01-20 16:55:29", "elapsed": 9095.410713, "delta": 0.008788}}
{"target": -12.343225654028352, "params": {"colsample_bytree": 0.42519447621189443, "eta": 0.07038782349092206, "gamma": 497.15904009262255, "max_depth": 6.0, "min_child_weight": 4226.050579890883, "num_boost_round": 32.0, "subsample": 0.5265038248656098}, "datetime": {"datetime": "2024-01-20 16:55:29", "elapsed": 9095.418588, "delta": 0.007875}}
{"target": -12.343541387802631, "params": {"colsample_bytree": 0.42519447621189443, "eta": 0.07038782349092206, "gamma": 497.15904009262255, "max_depth": 6.0, "min_child_weight": 4226.050579890883, "num_boost_round": 33.0, "subsample": 0.5265038248656098}, "datetime": {"datetime": "2024-01-20 16:55:29", "elapsed": 9095.42732, "delta": 0.008732}}
{"target": -12.343710093657144, "params": {"colsample_bytree": 0.42519447621189443, "eta": 0.07038782349092206, "gamma": 497.15904009262255, "max_depth": 6.0, "min_child_weight": 4226.050579890883, "num_boost_round": 34.0, "subsample": 0.5265038248656098}, "datetime": {"datetime": "2024-01-20 16:55:29", "elapsed": 9095.435111, "delta": 0.007791}}
{"target": -12.343894447469326, "params": {"colsample_bytree": 0.42519447621189443, "eta": 0.07038782349092206, "gamma": 497.15904009262255, "max_depth": 6.0, "min_child_weight": 4226.050579890883, "num_boost_round": 35.0, "subsample": 0.5265038248656098}, "datetime": {"datetime": "2024-01-20 16:55:29", "elapsed": 9095.442393, "delta": 0.007282}}
{"target": -12.343852092299842, "params": {"colsample_bytree": 0.42519447621189443, "eta": 0.07038782349092206, "gamma": 497.15904009262255, "max_depth": 6.0, "min_child_weight": 4226.050579890883, "num_boost_round": 36.0, "subsample": 0.5265038248656098}, "datetime": {"datetime": "2024-01-20 16:55:29", "elapsed": 9095.449604, "delta": 0.007211}}
{"target": -12.344155641175929, "params": {"colsample_bytree": 0.42519447621189443, "eta": 0.07038782349092206, "gamma": 497.15904009262255, "max_depth": 6.0, "min_child_weight": 4226.050579890883, "num_boost_round": 37.0, "subsample": 0.5265038248656098}, "datetime": {"datetime": "2024-01-20 16:55:29", "elapsed": 9095.457411, "delta": 0.007807}}
{"target": -12.344189350200459, "params": {"colsample_bytree": 0.42519447621189443, "eta": 0.07038782349092206, "gamma": 497.15904009262255, "max_depth": 6.0, "min_child_weight": 4226.050579890883, "num_boost_round": 38.0, "subsample": 0.5265038248656098}, "datetime": {"datetime": "2024-01-20 16:55:29", "elapsed": 9095.464873, "delta": 0.007462}}
{"target": -12.344335585476816, "params": {"colsample_bytree": 0.42519447621189443, "eta": 0.07038782349092206, "gamma": 497.15904009262255, "max_depth": 6.0, "min_child_weight": 4226.050579890883, "num_boost_round": 39.0, "subsample": 0.5265038248656098}, "datetime": {"datetime": "2024-01-20 16:55:29", "elapsed": 9095.472334, "delta": 0.007461}}
{"target": -12.344106868315222, "params": {"colsample_bytree": 0.42519447621189443, "eta": 0.07038782349092206, "gamma": 497.15904009262255, "max_depth": 6.0, "min_child_weight": 4226.050579890883, "num_boost_round": 40.0, "subsample": 0.5265038248656098}, "datetime": {"datetime": "2024-01-20 16:55:29", "elapsed": 9095.480375, "delta": 0.008041}}
{"target": -12.343556860199019, "params": {"colsample_bytree": 0.42519447621189443, "eta": 0.07038782349092206, "gamma": 497.15904009262255, "max_depth": 6.0, "min_child_weight": 4226.050579890883, "num_boost_round": 41.0, "subsample": 0.5265038248656098}, "datetime": {"datetime": "2024-01-20 16:55:29", "elapsed": 9095.489395, "delta": 0.00902}}
{"target": -12.343246599300297, "params": {"colsample_bytree": 0.42519447621189443, "eta": 0.07038782349092206, "gamma": 497.15904009262255, "max_depth": 6.0, "min_child_weight": 4226.050579890883, "num_boost_round": 42.0, "subsample": 0.5265038248656098}, "datetime": {"datetime": "2024-01-20 16:55:29", "elapsed": 9095.497975, "delta": 0.00858}}
{"target": -12.343440327433838, "params": {"colsample_bytree": 0.42519447621189443, "eta": 0.07038782349092206, "gamma": 497.15904009262255, "max_depth": 6.0, "min_child_weight": 4226.050579890883, "num_boost_round": 43.0, "subsample": 0.5265038248656098}, "datetime": {"datetime": "2024-01-20 16:55:29", "elapsed": 9095.507015, "delta": 0.00904}}
{"target": -12.343560835969448, "params": {"colsample_bytree": 0.42519447621189443, "eta": 0.07038782349092206, "gamma": 497.15904009262255, "max_depth": 6.0, "min_child_weight": 4226.050579890883, "num_boost_round": 44.0, "subsample": 0.5265038248656098}, "datetime": {"datetime": "2024-01-20 16:55:29", "elapsed": 9095.515489, "delta": 0.008474}}
{"target": -12.34377437645766, "params": {"colsample_bytree": 0.42519447621189443, "eta": 0.07038782349092206, "gamma": 497.15904009262255, "max_depth": 6.0, "min_child_weight": 4226.050579890883, "num_boost_round": 45.0, "subsample": 0.5265038248656098}, "datetime": {"datetime": "2024-01-20 16:55:29", "elapsed": 9095.524333, "delta": 0.008844}}
{"target": -12.343690753216375, "params": {"colsample_bytree": 0.42519447621189443, "eta": 0.07038782349092206, "gamma": 497.15904009262255, "max_depth": 6.0, "min_child_weight": 4226.050579890883, "num_boost_round": 46.0, "subsample": 0.5265038248656098}, "datetime": {"datetime": "2024-01-20 16:55:29", "elapsed": 9095.532047, "delta": 0.007714}}
{"target": -12.343896221963687, "params": {"colsample_bytree": 0.42519447621189443, "eta": 0.07038782349092206, "gamma": 497.15904009262255, "max_depth": 6.0, "min_child_weight": 4226.050579890883, "num_boost_round": 47.0, "subsample": 0.5265038248656098}, "datetime": {"datetime": "2024-01-20 16:55:29", "elapsed": 9095.539458, "delta": 0.007411}}
{"target": -12.344265266944614, "params": {"colsample_bytree": 0.42519447621189443, "eta": 0.07038782349092206, "gamma": 497.15904009262255, "max_depth": 6.0, "min_child_weight": 4226.050579890883, "num_boost_round": 48.0, "subsample": 0.5265038248656098}, "datetime": {"datetime": "2024-01-20 16:55:29", "elapsed": 9095.546825, "delta": 0.007367}}
{"target": -12.34467441908862, "params": {"colsample_bytree": 0.42519447621189443, "eta": 0.07038782349092206, "gamma": 497.15904009262255, "max_depth": 6.0, "min_child_weight": 4226.050579890883, "num_boost_round": 49.0, "subsample": 0.5265038248656098}, "datetime": {"datetime": "2024-01-20 16:55:29", "elapsed": 9095.554627, "delta": 0.007802}}
{"target": -12.344540006891487, "params": {"colsample_bytree": 0.42519447621189443, "eta": 0.07038782349092206, "gamma": 497.15904009262255, "max_depth": 6.0, "min_child_weight": 4226.050579890883, "num_boost_round": 50.0, "subsample": 0.5265038248656098}, "datetime": {"datetime": "2024-01-20 16:55:29", "elapsed": 9095.562232, "delta": 0.007605}}
{"target": -12.344510081847304, "params": {"colsample_bytree": 0.42519447621189443, "eta": 0.07038782349092206, "gamma": 497.15904009262255, "max_depth": 6.0, "min_child_weight": 4226.050579890883, "num_boost_round": 51.0, "subsample": 0.5265038248656098}, "datetime": {"datetime": "2024-01-20 16:55:29", "elapsed": 9095.570066, "delta": 0.007834}}
{"target": -12.344706608479589, "params": {"colsample_bytree": 0.42519447621189443, "eta": 0.07038782349092206, "gamma": 497.15904009262255, "max_depth": 6.0, "min_child_weight": 4226.050579890883, "num_boost_round": 52.0, "subsample": 0.5265038248656098}, "datetime": {"datetime": "2024-01-20 16:55:29", "elapsed": 9095.578354, "delta": 0.008288}}
{"target": -12.344588050861226, "params": {"colsample_bytree": 0.42519447621189443, "eta": 0.07038782349092206, "gamma": 497.15904009262255, "max_depth": 6.0, "min_child_weight": 4226.050579890883, "num_boost_round": 53.0, "subsample": 0.5265038248656098}, "datetime": {"datetime": "2024-01-20 16:55:29", "elapsed": 9095.587438, "delta": 0.009084}}
{"target": -12.34461932572986, "params": {"colsample_bytree": 0.42519447621189443, "eta": 0.07038782349092206, "gamma": 497.15904009262255, "max_depth": 6.0, "min_child_weight": 4226.050579890883, "num_boost_round": 54.0, "subsample": 0.5265038248656098}, "datetime": {"datetime": "2024-01-20 16:55:29", "elapsed": 9095.596132, "delta": 0.008694}}
{"target": -12.344577072179568, "params": {"colsample_bytree": 0.42519447621189443, "eta": 0.07038782349092206, "gamma": 497.15904009262255, "max_depth": 6.0, "min_child_weight": 4226.050579890883, "num_boost_round": 55.0, "subsample": 0.5265038248656098}, "datetime": {"datetime": "2024-01-20 16:55:29", "elapsed": 9095.604031, "delta": 0.007899}}
{"target": -12.344402679979229, "params": {"colsample_bytree": 0.42519447621189443, "eta": 0.07038782349092206, "gamma": 497.15904009262255, "max_depth": 6.0, "min_child_weight": 4226.050579890883, "num_boost_round": 56.0, "subsample": 0.5265038248656098}, "datetime": {"datetime": "2024-01-20 16:55:29", "elapsed": 9095.611453, "delta": 0.007422}}
{"target": -12.344471083498375, "params": {"colsample_bytree": 0.42519447621189443, "eta": 0.07038782349092206, "gamma": 497.15904009262255, "max_depth": 6.0, "min_child_weight": 4226.050579890883, "num_boost_round": 57.0, "subsample": 0.5265038248656098}, "datetime": {"datetime": "2024-01-20 16:55:29", "elapsed": 9095.619367, "delta": 0.007914}}
{"target": -12.344926924889926, "params": {"colsample_bytree": 0.42519447621189443, "eta": 0.07038782349092206, "gamma": 497.15904009262255, "max_depth": 6.0, "min_child_weight": 4226.050579890883, "num_boost_round": 58.0, "subsample": 0.5265038248656098}, "datetime": {"datetime": "2024-01-20 16:55:29", "elapsed": 9095.627533, "delta": 0.008166}}
{"target": -12.344958869288213, "params": {"colsample_bytree": 0.42519447621189443, "eta": 0.07038782349092206, "gamma": 497.15904009262255, "max_depth": 6.0, "min_child_weight": 4226.050579890883, "num_boost_round": 59.0, "subsample": 0.5265038248656098}, "datetime": {"datetime": "2024-01-20 16:55:29", "elapsed": 9095.635007, "delta": 0.007474}}
{"target": -12.345066863817811, "params": {"colsample_bytree": 0.42519447621189443, "eta": 0.07038782349092206, "gamma": 497.15904009262255, "max_depth": 6.0, "min_child_weight": 4226.050579890883, "num_boost_round": 60.0, "subsample": 0.5265038248656098}, "datetime": {"datetime": "2024-01-20 16:55:29", "elapsed": 9095.642348, "delta": 0.007341}}
{"target": -12.345195530769857, "params": {"colsample_bytree": 0.42519447621189443, "eta": 0.07038782349092206, "gamma": 497.15904009262255, "max_depth": 6.0, "min_child_weight": 4226.050579890883, "num_boost_round": 61.0, "subsample": 0.5265038248656098}, "datetime": {"datetime": "2024-01-20 16:55:29", "elapsed": 9095.653035, "delta": 0.010687}}
{"target": -12.345431166282644, "params": {"colsample_bytree": 0.42519447621189443, "eta": 0.07038782349092206, "gamma": 497.15904009262255, "max_depth": 6.0, "min_child_weight": 4226.050579890883, "num_boost_round": 62.0, "subsample": 0.5265038248656098}, "datetime": {"datetime": "2024-01-20 16:55:29", "elapsed": 9095.666624, "delta": 0.013589}}
