{"target": -15.163458533686454, "params": {"colsample_bytree": 0.6405856281414466, "eta": 0.022155024326243902, "gamma": 492.3583774178663, "max_depth": 7.0, "min_child_weight": 4368.519039426204, "num_boost_round": 13.0, "subsample": 0.8476840394794568}, "datetime": {"datetime": "2024-01-20 14:28:48", "elapsed": 285.572068, "delta": 0.000743}}
{"target": -15.162361303948627, "params": {"colsample_bytree": 0.6405856281414466, "eta": 0.022155024326243902, "gamma": 492.3583774178663, "max_depth": 7.0, "min_child_weight": 4368.519039426204, "num_boost_round": 14.0, "subsample": 0.8476840394794568}, "datetime": {"datetime": "2024-01-20 14:28:48", "elapsed": 285.57282, "delta": 0.000752}}
{"target": -15.161653721455018, "params": {"colsample_bytree": 0.6405856281414466, "eta": 0.022155024326243902, "gamma": 492.3583774178663, "max_depth": 7.0, "min_child_weight": 4368.519039426204, "num_boost_round": 15.0, "subsample": 0.8476840394794568}, "datetime": {"datetime": "2024-01-20 14:28:48", "elapsed": 285.573591, "delta": 0.000771}}
{"target": -15.161475568444757, "params": {"colsample_bytree": 0.6405856281414466, "eta": 0.022155024326243902, "gamma": 492.3583774178663, "max_depth": 7.0, "min_child_weight": 4368.519039426204, "num_boost_round": 16.0, "subsample": 0.8476840394794568}, "datetime": {"datetime": "2024-01-20 14:28:48", "elapsed": 285.574346, "delta": 0.000755}}
{"target": -15.16100985993265, "params": {"colsample_bytree": 0.6405856281414466, "eta": 0.022155024326243902, "gamma": 492.3583774178663, "max_depth": 7.0, "min_child_weight": 4368.519039426204, "num_boost_round": 17.0, "subsample": 0.8476840394794568}, "datetime": {"datetime": "2024-01-20 14:28:48", "elapsed": 285.575093, "delta": 0.000747}}
{"target": -15.160347014986947, "params": {"colsample_bytree": 0.6405856281414466, "eta": 0.022155024326243902, "gamma": 492.3583774178663, "max_depth": 7.0, "min_child_weight": 4368.519039426204, "num_boost_round": 18.0, "subsample": 0.8476840394794568}, "datetime": {"datetime": "2024-01-20 14:28:48", "elapsed": 285.575842, "delta": 0.000749}}
{"target": -15.15981637242987, "params": {"colsample_bytree": 0.6405856281414466, "eta": 0.022155024326243902, "gamma": 492.3583774178663, "max_depth": 7.0, "min_child_weight": 4368.519039426204, "num_boost_round": 19.0, "subsample": 0.8476840394794568}, "datetime": {"datetime": "2024-01-20 14:28:48", "elapsed": 285.576595, "delta": 0.000753}}
{"target": -15.15947288702306, "params": {"colsample_bytree": 0.6405856281414466, "eta": 0.022155024326243902, "gamma": 492.3583774178663, "max_depth": 7.0, "min_child_weight": 4368.519039426204, "num_boost_round": 20.0, "subsample": 0.8476840394794568}, "datetime": {"datetime": "2024-01-20 14:28:48", "elapsed": 285.577361, "delta": 0.000766}}
{"target": -15.158932437289723, "params": {"colsample_bytree": 0.6405856281414466, "eta": 0.022155024326243902, "gamma": 492.3583774178663, "max_depth": 7.0, "min_child_weight": 4368.519039426204, "num_boost_round": 21.0, "subsample": 0.8476840394794568}, "datetime": {"datetime": "2024-01-20 14:28:48", "elapsed": 285.578124, "delta": 0.000763}}
{"target": -15.158578938548516, "params": {"colsample_bytree": 0.6405856281414466, "eta": 0.022155024326243902, "gamma": 492.3583774178663, "max_depth": 7.0, "min_child_weight": 4368.519039426204, "num_boost_round": 22.0, "subsample": 0.8476840394794568}, "datetime": {"datetime": "2024-01-20 14:28:48", "elapsed": 285.578899, "delta": 0.000775}}
{"target": -15.157598540445608, "params": {"colsample_bytree": 0.6405856281414466, "eta": 0.022155024326243902, "gamma": 492.3583774178663, "max_depth": 7.0, "min_child_weight": 4368.519039426204, "num_boost_round": 23.0, "subsample": 0.8476840394794568}, "datetime": {"datetime": "2024-01-20 14:28:48", "elapsed": 285.57972, "delta": 0.000821}}
{"target": -15.15715966807198, "params": {"colsample_bytree": 0.6405856281414466, "eta": 0.022155024326243902, "gamma": 492.3583774178663, "max_depth": 7.0, "min_child_weight": 4368.519039426204, "num_boost_round": 24.0, "subsample": 0.8476840394794568}, "datetime": {"datetime": "2024-01-20 14:28:48", "elapsed": 285.580483, "delta": 0.000763}}
{"target": -15.157065315264676, "params": {"colsample_bytree": 0.6405856281414466, "eta": 0.022155024326243902, "gamma": 492.3583774178663, "max_depth": 7.0, "min_child_weight": 4368.519039426204, "num_boost_round": 25.0, "subsample": 0.8476840394794568}, "datetime": {"datetime": "2024-01-20 14:28:48", "elapsed": 285.581242, "delta": 0.000759}}
{"target": -15.15727580923806, "params": {"colsample_bytree": 0.6405856281414466, "eta": 0.022155024326243902, "gamma": 492.3583774178663, "max_depth": 7.0, "min_child_weight": 4368.519039426204, "num_boost_round": 26.0, "subsample": 0.8476840394794568}, "datetime": {"datetime": "2024-01-20 14:28:48", "elapsed": 285.582049, "delta": 0.000807}}
{"target": -15.156566155348308, "params": {"colsample_bytree": 0.6405856281414466, "eta": 0.022155024326243902, "gamma": 492.3583774178663, "max_depth": 7.0, "min_child_weight": 4368.519039426204, "num_boost_round": 27.0, "subsample": 0.8476840394794568}, "datetime": {"datetime": "2024-01-20 14:28:48", "elapsed": 285.582815, "delta": 0.000766}}
{"target": -15.172746137853238, "params": {"colsample_bytree": 0.47008223712725183, "eta": 0.010313955599832204, "gamma": 573.1832016015841, "max_depth": 2.0, "min_child_weight": 4231.646548812948, "num_boost_round": 1.0, "subsample": 0.37451818089673616}, "datetime": {"datetime": "2024-01-20 14:29:11", "elapsed": 308.672068, "delta": 23.089253}}
{"target": -15.172458584811215, "params": {"colsample_bytree": 0.47008223712725183, "eta": 0.010313955599832204, "gamma": 573.1832016015841, "max_depth": 2.0, "min_child_weight": 4231.646548812948, "num_boost_round": 2.0, "subsample": 0.37451818089673616}, "datetime": {"datetime": "2024-01-20 14:29:11", "elapsed": 308.673073, "delta": 0.001005}}
{"target": -15.172133984567791, "params": {"colsample_bytree": 0.47008223712725183, "eta": 0.010313955599832204, "gamma": 573.1832016015841, "max_depth": 2.0, "min_child_weight": 4231.646548812948, "num_boost_round": 3.0, "subsample": 0.37451818089673616}, "datetime": {"datetime": "2024-01-20 14:29:11", "elapsed": 308.674422, "delta": 0.001349}}
{"target": -15.172100688260544, "params": {"colsample_bytree": 0.47008223712725183, "eta": 0.010313955599832204, "gamma": 573.1832016015841, "max_depth": 2.0, "min_child_weight": 4231.646548812948, "num_boost_round": 4.0, "subsample": 0.37451818089673616}, "datetime": {"datetime": "2024-01-20 14:29:11", "elapsed": 308.675426, "delta": 0.001004}}
{"target": -15.171554303708415, "params": {"colsample_bytree": 0.47008223712725183, "eta": 0.010313955599832204, "gamma": 573.1832016015841, "max_depth": 2.0, "min_child_weight": 4231.646548812948, "num_boost_round": 5.0, "subsample": 0.37451818089673616}, "datetime": {"datetime": "2024-01-20 14:29:11", "elapsed": 308.676723, "delta": 0.001297}}
{"target": -15.171260168279243, "params": {"colsample_bytree": 0.47008223712725183, "eta": 0.010313955599832204, "gamma": 573.1832016015841, "max_depth": 2.0, "min_child_weight": 4231.646548812948, "num_boost_round": 6.0, "subsample": 0.37451818089673616}, "datetime": {"datetime": "2024-01-20 14:29:11", "elapsed": 308.677637, "delta": 0.000914}}
{"target": -15.171015525542145, "params": {"colsample_bytree": 0.47008223712725183, "eta": 0.010313955599832204, "gamma": 573.1832016015841, "max_depth": 2.0, "min_child_weight": 4231.646548812948, "num_boost_round": 7.0, "subsample": 0.37451818089673616}, "datetime": {"datetime": "2024-01-20 14:29:11", "elapsed": 308.678406, "delta": 0.000769}}
{"target": -15.170476926027403, "params": {"colsample_bytree": 0.47008223712725183, "eta": 0.010313955599832204, "gamma": 573.1832016015841, "max_depth": 2.0, "min_child_weight": 4231.646548812948, "num_boost_round": 8.0, "subsample": 0.37451818089673616}, "datetime": {"datetime": "2024-01-20 14:29:11", "elapsed": 308.679173, "delta": 0.000767}}
{"target": -15.170247778231747, "params": {"colsample_bytree": 0.47008223712725183, "eta": 0.010313955599832204, "gamma": 573.1832016015841, "max_depth": 2.0, "min_child_weight": 4231.646548812948, "num_boost_round": 9.0, "subsample": 0.37451818089673616}, "datetime": {"datetime": "2024-01-20 14:29:11", "elapsed": 308.680016, "delta": 0.000843}}
{"target": -15.169984153100366, "params": {"colsample_bytree": 0.47008223712725183, "eta": 0.010313955599832204, "gamma": 573.1832016015841, "max_depth": 2.0, "min_child_weight": 4231.646548812948, "num_boost_round": 10.0, "subsample": 0.37451818089673616}, "datetime": {"datetime": "2024-01-20 14:29:11", "elapsed": 308.680787, "delta": 0.000771}}
{"target": -15.16998640120324, "params": {"colsample_bytree": 0.47008223712725183, "eta": 0.010313955599832204, "gamma": 573.1832016015841, "max_depth": 2.0, "min_child_weight": 4231.646548812948, "num_boost_round": 11.0, "subsample": 0.37451818089673616}, "datetime": {"datetime": "2024-01-20 14:29:11", "elapsed": 308.681629, "delta": 0.000842}}
{"target": -15.170005649014819, "params": {"colsample_bytree": 0.47008223712725183, "eta": 0.010313955599832204, "gamma": 573.1832016015841, "max_depth": 2.0, "min_child_weight": 4231.646548812948, "num_boost_round": 12.0, "subsample": 0.37451818089673616}, "datetime": {"datetime": "2024-01-20 14:29:11", "elapsed": 308.6824, "delta": 0.000771}}
{"target": -15.169802103546077, "params": {"colsample_bytree": 0.47008223712725183, "eta": 0.010313955599832204, "gamma": 573.1832016015841, "max_depth": 2.0, "min_child_weight": 4231.646548812948, "num_boost_round": 13.0, "subsample": 0.37451818089673616}, "datetime": {"datetime": "2024-01-20 14:29:11", "elapsed": 308.683178, "delta": 0.000778}}
{"target": -15.169520906529666, "params": {"colsample_bytree": 0.47008223712725183, "eta": 0.010313955599832204, "gamma": 573.1832016015841, "max_depth": 2.0, "min_child_weight": 4231.646548812948, "num_boost_round": 14.0, "subsample": 0.37451818089673616}, "datetime": {"datetime": "2024-01-20 14:29:11", "elapsed": 308.68395, "delta": 0.000772}}
{"target": -15.169293423648295, "params": {"colsample_bytree": 0.47008223712725183, "eta": 0.010313955599832204, "gamma": 573.1832016015841, "max_depth": 2.0, "min_child_weight": 4231.646548812948, "num_boost_round": 15.0, "subsample": 0.37451818089673616}, "datetime": {"datetime": "2024-01-20 14:29:11", "elapsed": 308.684751, "delta": 0.000801}}
{"target": -15.169094705965755, "params": {"colsample_bytree": 0.47008223712725183, "eta": 0.010313955599832204, "gamma": 573.1832016015841, "max_depth": 2.0, "min_child_weight": 4231.646548812948, "num_boost_round": 16.0, "subsample": 0.37451818089673616}, "datetime": {"datetime": "2024-01-20 14:29:11", "elapsed": 308.685529, "delta": 0.000778}}
{"target": -15.168584091297808, "params": {"colsample_bytree": 0.47008223712725183, "eta": 0.010313955599832204, "gamma": 573.1832016015841, "max_depth": 2.0, "min_child_weight": 4231.646548812948, "num_boost_round": 17.0, "subsample": 0.37451818089673616}, "datetime": {"datetime": "2024-01-20 14:29:11", "elapsed": 308.686356, "delta": 0.000827}}
{"target": -15.168361576001242, "params": {"colsample_bytree": 0.47008223712725183, "eta": 0.010313955599832204, "gamma": 573.1832016015841, "max_depth": 2.0, "min_child_weight": 4231.646548812948, "num_boost_round": 18.0, "subsample": 0.37451818089673616}, "datetime": {"datetime": "2024-01-20 14:29:11", "elapsed": 308.687122, "delta": 0.000766}}
{"target": -15.168160804708604, "params": {"colsample_bytree": 0.47008223712725183, "eta": 0.010313955599832204, "gamma": 573.1832016015841, "max_depth": 2.0, "min_child_weight": 4231.646548812948, "num_boost_round": 19.0, "subsample": 0.37451818089673616}, "datetime": {"datetime": "2024-01-20 14:29:11", "elapsed": 308.68791, "delta": 0.000788}}
{"target": -15.167942443609798, "params": {"colsample_bytree": 0.47008223712725183, "eta": 0.010313955599832204, "gamma": 573.1832016015841, "max_depth": 2.0, "min_child_weight": 4231.646548812948, "num_boost_round": 20.0, "subsample": 0.37451818089673616}, "datetime": {"datetime": "2024-01-20 14:29:11", "elapsed": 308.688686, "delta": 0.000776}}
{"target": -15.167807840836048, "params": {"colsample_bytree": 0.47008223712725183, "eta": 0.010313955599832204, "gamma": 573.1832016015841, "max_depth": 2.0, "min_child_weight": 4231.646548812948, "num_boost_round": 21.0, "subsample": 0.37451818089673616}, "datetime": {"datetime": "2024-01-20 14:29:11", "elapsed": 308.689474, "delta": 0.000788}}
{"target": -15.167771294491418, "params": {"colsample_bytree": 0.47008223712725183, "eta": 0.010313955599832204, "gamma": 573.1832016015841, "max_depth": 2.0, "min_child_weight": 4231.646548812948, "num_boost_round": 22.0, "subsample": 0.37451818089673616}, "datetime": {"datetime": "2024-01-20 14:29:11", "elapsed": 308.690243, "delta": 0.000769}}
{"target": -15.167303984479172, "params": {"colsample_bytree": 0.47008223712725183, "eta": 0.010313955599832204, "gamma": 573.1832016015841, "max_depth": 2.0, "min_child_weight": 4231.646548812948, "num_boost_round": 23.0, "subsample": 0.37451818089673616}, "datetime": {"datetime": "2024-01-20 14:29:11", "elapsed": 308.691022, "delta": 0.000779}}
{"target": -15.16683509129334, "params": {"colsample_bytree": 0.47008223712725183, "eta": 0.010313955599832204, "gamma": 573.1832016015841, "max_depth": 2.0, "min_child_weight": 4231.646548812948, "num_boost_round": 24.0, "subsample": 0.37451818089673616}, "datetime": {"datetime": "2024-01-20 14:29:11", "elapsed": 308.692013, "delta": 0.000991}}
{"target": -15.166634042372046, "params": {"colsample_bytree": 0.47008223712725183, "eta": 0.010313955599832204, "gamma": 573.1832016015841, "max_depth": 2.0, "min_child_weight": 4231.646548812948, "num_boost_round": 25.0, "subsample": 0.37451818089673616}, "datetime": {"datetime": "2024-01-20 14:29:11", "elapsed": 308.692964, "delta": 0.000951}}
{"target": -15.166453768260627, "params": {"colsample_bytree": 0.47008223712725183, "eta": 0.010313955599832204, "gamma": 573.1832016015841, "max_depth": 2.0, "min_child_weight": 4231.646548812948, "num_boost_round": 26.0, "subsample": 0.37451818089673616}, "datetime": {"datetime": "2024-01-20 14:29:11", "elapsed": 308.693823, "delta": 0.000859}}
{"target": -15.166261191602086, "params": {"colsample_bytree": 0.47008223712725183, "eta": 0.010313955599832204, "gamma": 573.1832016015841, "max_depth": 2.0, "min_child_weight": 4231.646548812948, "num_boost_round": 27.0, "subsample": 0.37451818089673616}, "datetime": {"datetime": "2024-01-20 14:29:11", "elapsed": 308.694605, "delta": 0.000782}}
{"target": -15.166027863837098, "params": {"colsample_bytree": 0.47008223712725183, "eta": 0.010313955599832204, "gamma": 573.1832016015841, "max_depth": 2.0, "min_child_weight": 4231.646548812948, "num_boost_round": 28.0, "subsample": 0.37451818089673616}, "datetime": {"datetime": "2024-01-20 14:29:11", "elapsed": 308.695392, "delta": 0.000787}}
{"target": -15.165770400777781, "params": {"colsample_bytree": 0.47008223712725183, "eta": 0.010313955599832204, "gamma": 573.1832016015841, "max_depth": 2.0, "min_child_weight": 4231.646548812948, "num_boost_round": 29.0, "subsample": 0.37451818089673616}, "datetime": {"datetime": "2024-01-20 14:29:11", "elapsed": 308.696193, "delta": 0.000801}}
{"target": -15.165355688236605, "params": {"colsample_bytree": 0.47008223712725183, "eta": 0.010313955599832204, "gamma": 573.1832016015841, "max_depth": 2.0, "min_child_weight": 4231.646548812948, "num_boost_round": 30.0, "subsample": 0.37451818089673616}, "datetime": {"datetime": "2024-01-20 14:29:11", "elapsed": 308.696986, "delta": 0.000793}}
{"target": -15.171445976908362, "params": {"colsample_bytree": 0.32954958663254186, "eta": 0.0581358750181343, "gamma": 561.8844912980051, "max_depth": 5.0, "min_child_weight": 4254.445312331072, "num_boost_round": 1.0, "subsample": 0.4569396920762857}, "datetime": {"datetime": "2024-01-20 14:29:43", "elapsed": 340.812072, "delta": 32.115086}}
{"target": -15.169519921513665, "params": {"colsample_bytree": 0.32954958663254186, "eta": 0.0581358750181343, "gamma": 561.8844912980051, "max_depth": 5.0, "min_child_weight": 4254.445312331072, "num_boost_round": 2.0, "subsample": 0.4569396920762857}, "datetime": {"datetime": "2024-01-20 14:29:43", "elapsed": 340.813058, "delta": 0.000986}}
{"target": -15.167807367471621, "params": {"colsample_bytree": 0.32954958663254186, "eta": 0.0581358750181343, "gamma": 561.8844912980051, "max_depth": 5.0, "min_child_weight": 4254.445312331072, "num_boost_round": 3.0, "subsample": 0.4569396920762857}, "datetime": {"datetime": "2024-01-20 14:29:43", "elapsed": 340.814245, "delta": 0.001187}}
{"target": -15.167790576626384, "params": {"colsample_bytree": 0.32954958663254186, "eta": 0.0581358750181343, "gamma": 561.8844912980051, "max_depth": 5.0, "min_child_weight": 4254.445312331072, "num_boost_round": 4.0, "subsample": 0.4569396920762857}, "datetime": {"datetime": "2024-01-20 14:29:43", "elapsed": 340.815141, "delta": 0.000896}}
{"target": -15.16479282442892, "params": {"colsample_bytree": 0.32954958663254186, "eta": 0.0581358750181343, "gamma": 561.8844912980051, "max_depth": 5.0, "min_child_weight": 4254.445312331072, "num_boost_round": 5.0, "subsample": 0.4569396920762857}, "datetime": {"datetime": "2024-01-20 14:29:43", "elapsed": 340.816551, "delta": 0.00141}}
{"target": -15.163268055126816, "params": {"colsample_bytree": 0.32954958663254186, "eta": 0.0581358750181343, "gamma": 561.8844912980051, "max_depth": 5.0, "min_child_weight": 4254.445312331072, "num_boost_round": 6.0, "subsample": 0.4569396920762857}, "datetime": {"datetime": "2024-01-20 14:29:43", "elapsed": 340.817513, "delta": 0.000962}}
{"target": -15.162278839359836, "params": {"colsample_bytree": 0.32954958663254186, "eta": 0.0581358750181343, "gamma": 561.8844912980051, "max_depth": 5.0, "min_child_weight": 4254.445312331072, "num_boost_round": 7.0, "subsample": 0.4569396920762857}, "datetime": {"datetime": "2024-01-20 14:29:43", "elapsed": 340.818304, "delta": 0.000791}}
{"target": -15.16084330512017, "params": {"colsample_bytree": 0.32954958663254186, "eta": 0.0581358750181343, "gamma": 561.8844912980051, "max_depth": 5.0, "min_child_weight": 4254.445312331072, "num_boost_round": 8.0, "subsample": 0.4569396920762857}, "datetime": {"datetime": "2024-01-20 14:29:43", "elapsed": 340.819122, "delta": 0.000818}}
{"target": -15.160984161417495, "params": {"colsample_bytree": 0.32954958663254186, "eta": 0.0581358750181343, "gamma": 561.8844912980051, "max_depth": 5.0, "min_child_weight": 4254.445312331072, "num_boost_round": 9.0, "subsample": 0.4569396920762857}, "datetime": {"datetime": "2024-01-20 14:29:43", "elapsed": 340.820052, "delta": 0.00093}}
{"target": -15.16018396335495, "params": {"colsample_bytree": 0.32954958663254186, "eta": 0.0581358750181343, "gamma": 561.8844912980051, "max_depth": 5.0, "min_child_weight": 4254.445312331072, "num_boost_round": 10.0, "subsample": 0.4569396920762857}, "datetime": {"datetime": "2024-01-20 14:29:43", "elapsed": 340.820851, "delta": 0.000799}}
{"target": -15.160057528202728, "params": {"colsample_bytree": 0.32954958663254186, "eta": 0.0581358750181343, "gamma": 561.8844912980051, "max_depth": 5.0, "min_child_weight": 4254.445312331072, "num_boost_round": 11.0, "subsample": 0.4569396920762857}, "datetime": {"datetime": "2024-01-20 14:29:43", "elapsed": 340.82174, "delta": 0.000889}}
{"target": -15.160166698358474, "params": {"colsample_bytree": 0.32954958663254186, "eta": 0.0581358750181343, "gamma": 561.8844912980051, "max_depth": 5.0, "min_child_weight": 4254.445312331072, "num_boost_round": 12.0, "subsample": 0.4569396920762857}, "datetime": {"datetime": "2024-01-20 14:29:43", "elapsed": 340.822549, "delta": 0.000809}}
{"target": -15.160248423649204, "params": {"colsample_bytree": 0.32954958663254186, "eta": 0.0581358750181343, "gamma": 561.8844912980051, "max_depth": 5.0, "min_child_weight": 4254.445312331072, "num_boost_round": 13.0, "subsample": 0.4569396920762857}, "datetime": {"datetime": "2024-01-20 14:29:43", "elapsed": 340.823359, "delta": 0.00081}}
{"target": -15.159180956414442, "params": {"colsample_bytree": 0.32954958663254186, "eta": 0.0581358750181343, "gamma": 561.8844912980051, "max_depth": 5.0, "min_child_weight": 4254.445312331072, "num_boost_round": 14.0, "subsample": 0.4569396920762857}, "datetime": {"datetime": "2024-01-20 14:29:43", "elapsed": 340.824159, "delta": 0.0008}}
{"target": -15.158955026531778, "params": {"colsample_bytree": 0.32954958663254186, "eta": 0.0581358750181343, "gamma": 561.8844912980051, "max_depth": 5.0, "min_child_weight": 4254.445312331072, "num_boost_round": 15.0, "subsample": 0.4569396920762857}, "datetime": {"datetime": "2024-01-20 14:29:43", "elapsed": 340.824952, "delta": 0.000793}}
{"target": -15.158484907769495, "params": {"colsample_bytree": 0.32954958663254186, "eta": 0.0581358750181343, "gamma": 561.8844912980051, "max_depth": 5.0, "min_child_weight": 4254.445312331072, "num_boost_round": 16.0, "subsample": 0.4569396920762857}, "datetime": {"datetime": "2024-01-20 14:29:43", "elapsed": 340.825767, "delta": 0.000815}}
{"target": -15.157002005848863, "params": {"colsample_bytree": 0.32954958663254186, "eta": 0.0581358750181343, "gamma": 561.8844912980051, "max_depth": 5.0, "min_child_weight": 4254.445312331072, "num_boost_round": 17.0, "subsample": 0.4569396920762857}, "datetime": {"datetime": "2024-01-20 14:29:43", "elapsed": 340.826608, "delta": 0.000841}}
{"target": -15.157085964351367, "params": {"colsample_bytree": 0.32954958663254186, "eta": 0.0581358750181343, "gamma": 561.8844912980051, "max_depth": 5.0, "min_child_weight": 4254.445312331072, "num_boost_round": 18.0, "subsample": 0.4569396920762857}, "datetime": {"datetime": "2024-01-20 14:29:43", "elapsed": 340.827419, "delta": 0.000811}}
