{"target": -13.512417110087096, "params": {"colsample_bytree": 0.5939321535345923, "eta": 0.07152178474357823, "gamma": 602.7633760716438, "max_depth": 6.0, "min_child_weight": 4237.124338589708, "num_boost_round": 127.0, "subsample": 0.49382849013642327}, "datetime": {"datetime": "2024-01-20 14:24:06", "elapsed": 0.037884, "delta": 0.00029}}
{"target": -13.51238067590598, "params": {"colsample_bytree": 0.5939321535345923, "eta": 0.07152178474357823, "gamma": 602.7633760716438, "max_depth": 6.0, "min_child_weight": 4237.124338589708, "num_boost_round": 128.0, "subsample": 0.49382849013642327}, "datetime": {"datetime": "2024-01-20 14:24:06", "elapsed": 0.038174, "delta": 0.00029}}
{"target": -13.512551087079828, "params": {"colsample_bytree": 0.5939321535345923, "eta": 0.07152178474357823, "gamma": 602.7633760716438, "max_depth": 6.0, "min_child_weight": 4237.124338589708, "num_boost_round": 129.0, "subsample": 0.49382849013642327}, "datetime": {"datetime": "2024-01-20 14:24:06", "elapsed": 0.038468, "delta": 0.000294}}
{"target": -13.497792889539765, "params": {"colsample_bytree": 0.846283470748462, "eta": 0.0594922003087002, "gamma": 544.096840454264, "max_depth": 2.0, "min_child_weight": 4223.579207445085, "num_boost_round": 1.0, "subsample": 0.5101316235845991}, "datetime": {"datetime": "2024-01-20 14:24:22", "elapsed": 15.696328, "delta": 15.65786}}
{"target": -13.497850442173029, "params": {"colsample_bytree": 0.846283470748462, "eta": 0.0594922003087002, "gamma": 544.096840454264, "max_depth": 2.0, "min_child_weight": 4223.579207445085, "num_boost_round": 2.0, "subsample": 0.5101316235845991}, "datetime": {"datetime": "2024-01-20 14:24:22", "elapsed": 15.697272, "delta": 0.000944}}
{"target": -13.497919513865236, "params": {"colsample_bytree": 0.846283470748462, "eta": 0.0594922003087002, "gamma": 544.096840454264, "max_depth": 2.0, "min_child_weight": 4223.579207445085, "num_boost_round": 3.0, "subsample": 0.5101316235845991}, "datetime": {"datetime": "2024-01-20 14:24:22", "elapsed": 15.69761, "delta": 0.000338}}
{"target": -13.497830843614171, "params": {"colsample_bytree": 0.846283470748462, "eta": 0.0594922003087002, "gamma": 544.096840454264, "max_depth": 2.0, "min_child_weight": 4223.579207445085, "num_boost_round": 4.0, "subsample": 0.5101316235845991}, "datetime": {"datetime": "2024-01-20 14:24:22", "elapsed": 15.698386, "delta": 0.000776}}
{"target": -13.49788178535686, "params": {"colsample_bytree": 0.12060397875406838, "eta": 0.008555535543170283, "gamma": 587.9141145969669, "max_depth": 7.0, "min_child_weight": 4184.48349432121, "num_boost_round": 1.0, "subsample": 0.8584896260193808}, "datetime": {"datetime": "2024-01-20 14:24:39", "elapsed": 32.776038, "delta": 17.077652}}
{"target": -13.497850365085718, "params": {"colsample_bytree": 0.12060397875406838, "eta": 0.008555535543170283, "gamma": 587.9141145969669, "max_depth": 7.0, "min_child_weight": 4184.48349432121, "num_boost_round": 2.0, "subsample": 0.8584896260193808}, "datetime": {"datetime": "2024-01-20 14:24:39", "elapsed": 32.776482, "delta": 0.000444}}
{"target": -13.497847094842337, "params": {"colsample_bytree": 0.12060397875406838, "eta": 0.008555535543170283, "gamma": 587.9141145969669, "max_depth": 7.0, "min_child_weight": 4184.48349432121, "num_boost_round": 3.0, "subsample": 0.8584896260193808}, "datetime": {"datetime": "2024-01-20 14:24:39", "elapsed": 32.777183, "delta": 0.000701}}
{"target": -13.497862004840343, "params": {"colsample_bytree": 0.12060397875406838, "eta": 0.008555535543170283, "gamma": 587.9141145969669, "max_depth": 7.0, "min_child_weight": 4184.48349432121, "num_boost_round": 4.0, "subsample": 0.8584896260193808}, "datetime": {"datetime": "2024-01-20 14:24:39", "elapsed": 32.777513, "delta": 0.00033}}
{"target": -13.497867008364786, "params": {"colsample_bytree": 0.12060397875406838, "eta": 0.008555535543170283, "gamma": 587.9141145969669, "max_depth": 7.0, "min_child_weight": 4184.48349432121, "num_boost_round": 5.0, "subsample": 0.8584896260193808}, "datetime": {"datetime": "2024-01-20 14:24:39", "elapsed": 32.777836, "delta": 0.000323}}
{"target": -13.49765946994756, "params": {"colsample_bytree": 0.7908369380760759, "eta": 0.04934901053905056, "gamma": 513.4187022530317, "max_depth": 5.0, "min_child_weight": 4178.518113679008, "num_boost_round": 1.0, "subsample": 0.959106607821373}, "datetime": {"datetime": "2024-01-20 14:25:00", "elapsed": 54.237025, "delta": 21.459189}}
{"target": -13.49782538546032, "params": {"colsample_bytree": 0.7908369380760759, "eta": 0.04934901053905056, "gamma": 513.4187022530317, "max_depth": 5.0, "min_child_weight": 4178.518113679008, "num_boost_round": 2.0, "subsample": 0.959106607821373}, "datetime": {"datetime": "2024-01-20 14:25:00", "elapsed": 54.23915, "delta": 0.002125}}
{"target": -13.497882399091658, "params": {"colsample_bytree": 0.7908369380760759, "eta": 0.04934901053905056, "gamma": 513.4187022530317, "max_depth": 5.0, "min_child_weight": 4178.518113679008, "num_boost_round": 3.0, "subsample": 0.959106607821373}, "datetime": {"datetime": "2024-01-20 14:25:00", "elapsed": 54.239581, "delta": 0.000431}}
{"target": -13.497961728410734, "params": {"colsample_bytree": 0.7908369380760759, "eta": 0.04934901053905056, "gamma": 513.4187022530317, "max_depth": 5.0, "min_child_weight": 4178.518113679008, "num_boost_round": 4.0, "subsample": 0.959106607821373}, "datetime": {"datetime": "2024-01-20 14:25:00", "elapsed": 54.239943, "delta": 0.000362}}
{"target": -13.498094633119738, "params": {"colsample_bytree": 0.7908369380760759, "eta": 0.04934901053905056, "gamma": 513.4187022530317, "max_depth": 5.0, "min_child_weight": 4178.518113679008, "num_boost_round": 5.0, "subsample": 0.959106607821373}, "datetime": {"datetime": "2024-01-20 14:25:00", "elapsed": 54.240297, "delta": 0.000354}}
{"target": -13.498501551645187, "params": {"colsample_bytree": 0.7908369380760759, "eta": 0.04934901053905056, "gamma": 513.4187022530317, "max_depth": 5.0, "min_child_weight": 4178.518113679008, "num_boost_round": 6.0, "subsample": 0.959106607821373}, "datetime": {"datetime": "2024-01-20 14:25:00", "elapsed": 54.24064, "delta": 0.000343}}
{"target": -13.498613879999414, "params": {"colsample_bytree": 0.7908369380760759, "eta": 0.04934901053905056, "gamma": 513.4187022530317, "max_depth": 5.0, "min_child_weight": 4178.518113679008, "num_boost_round": 7.0, "subsample": 0.959106607821373}, "datetime": {"datetime": "2024-01-20 14:25:00", "elapsed": 54.240996, "delta": 0.000356}}
{"target": -13.498846506906503, "params": {"colsample_bytree": 0.7908369380760759, "eta": 0.04934901053905056, "gamma": 513.4187022530317, "max_depth": 5.0, "min_child_weight": 4178.518113679008, "num_boost_round": 8.0, "subsample": 0.959106607821373}, "datetime": {"datetime": "2024-01-20 14:25:00", "elapsed": 54.241347, "delta": 0.000351}}
{"target": -13.499158243160025, "params": {"colsample_bytree": 0.7908369380760759, "eta": 0.04934901053905056, "gamma": 513.4187022530317, "max_depth": 5.0, "min_child_weight": 4178.518113679008, "num_boost_round": 9.0, "subsample": 0.959106607821373}, "datetime": {"datetime": "2024-01-20 14:25:00", "elapsed": 54.241694, "delta": 0.000347}}
{"target": -13.499643757580241, "params": {"colsample_bytree": 0.7908369380760759, "eta": 0.04934901053905056, "gamma": 513.4187022530317, "max_depth": 5.0, "min_child_weight": 4178.518113679008, "num_boost_round": 10.0, "subsample": 0.959106607821373}, "datetime": {"datetime": "2024-01-20 14:25:00", "elapsed": 54.242044, "delta": 0.00035}}
{"target": -13.499927341226668, "params": {"colsample_bytree": 0.7908369380760759, "eta": 0.04934901053905056, "gamma": 513.4187022530317, "max_depth": 5.0, "min_child_weight": 4178.518113679008, "num_boost_round": 11.0, "subsample": 0.959106607821373}, "datetime": {"datetime": "2024-01-20 14:25:00", "elapsed": 54.242389, "delta": 0.000345}}
{"target": -13.500265185417584, "params": {"colsample_bytree": 0.7908369380760759, "eta": 0.04934901053905056, "gamma": 513.4187022530317, "max_depth": 5.0, "min_child_weight": 4178.518113679008, "num_boost_round": 12.0, "subsample": 0.959106607821373}, "datetime": {"datetime": "2024-01-20 14:25:00", "elapsed": 54.242733, "delta": 0.000344}}
{"target": -13.50065692518429, "params": {"colsample_bytree": 0.7908369380760759, "eta": 0.04934901053905056, "gamma": 513.4187022530317, "max_depth": 5.0, "min_child_weight": 4178.518113679008, "num_boost_round": 13.0, "subsample": 0.959106607821373}, "datetime": {"datetime": "2024-01-20 14:25:00", "elapsed": 54.243258, "delta": 0.000525}}
{"target": -13.497718891402702, "params": {"colsample_bytree": 0.39178751871176476, "eta": 0.07959862293890028, "gamma": 638.5238149340546, "max_depth": 5.0, "min_child_weight": 4132.882622067602, "num_boost_round": 1.0, "subsample": 0.30252793236177866}, "datetime": {"datetime": "2024-01-20 14:25:18", "elapsed": 71.84994, "delta": 17.606682}}
{"target": -13.497183248686701, "params": {"colsample_bytree": 0.39178751871176476, "eta": 0.07959862293890028, "gamma": 638.5238149340546, "max_depth": 5.0, "min_child_weight": 4132.882622067602, "num_boost_round": 2.0, "subsample": 0.30252793236177866}, "datetime": {"datetime": "2024-01-20 14:25:18", "elapsed": 71.850438, "delta": 0.000498}}
{"target": -13.497293300461868, "params": {"colsample_bytree": 0.39178751871176476, "eta": 0.07959862293890028, "gamma": 638.5238149340546, "max_depth": 5.0, "min_child_weight": 4132.882622067602, "num_boost_round": 3.0, "subsample": 0.30252793236177866}, "datetime": {"datetime": "2024-01-20 14:25:18", "elapsed": 71.850803, "delta": 0.000365}}
{"target": -13.497378081828696, "params": {"colsample_bytree": 0.39178751871176476, "eta": 0.07959862293890028, "gamma": 638.5238149340546, "max_depth": 5.0, "min_child_weight": 4132.882622067602, "num_boost_round": 4.0, "subsample": 0.30252793236177866}, "datetime": {"datetime": "2024-01-20 14:25:18", "elapsed": 71.851157, "delta": 0.000354}}
{"target": -13.496548143589461, "params": {"colsample_bytree": 0.39178751871176476, "eta": 0.07959862293890028, "gamma": 638.5238149340546, "max_depth": 5.0, "min_child_weight": 4132.882622067602, "num_boost_round": 5.0, "subsample": 0.30252793236177866}, "datetime": {"datetime": "2024-01-20 14:25:18", "elapsed": 71.851503, "delta": 0.000346}}
{"target": -13.496330945280896, "params": {"colsample_bytree": 0.39178751871176476, "eta": 0.07959862293890028, "gamma": 638.5238149340546, "max_depth": 5.0, "min_child_weight": 4132.882622067602, "num_boost_round": 6.0, "subsample": 0.30252793236177866}, "datetime": {"datetime": "2024-01-20 14:25:18", "elapsed": 71.85204, "delta": 0.000537}}
{"target": -13.49752321006719, "params": {"colsample_bytree": 0.8140483716968531, "eta": 0.09532804345037173, "gamma": 660.461586034606, "max_depth": 2.0, "min_child_weight": 4140.108627419547, "num_boost_round": 1.0, "subsample": 0.5284332051896122}, "datetime": {"datetime": "2024-01-20 14:25:59", "elapsed": 113.329099, "delta": 41.477059}}
{"target": -13.49766873259892, "params": {"colsample_bytree": 0.8140483716968531, "eta": 0.09532804345037173, "gamma": 660.461586034606, "max_depth": 2.0, "min_child_weight": 4140.108627419547, "num_boost_round": 2.0, "subsample": 0.5284332051896122}, "datetime": {"datetime": "2024-01-20 14:25:59", "elapsed": 113.329828, "delta": 0.000729}}
{"target": -13.49791367710442, "params": {"colsample_bytree": 0.8140483716968531, "eta": 0.09532804345037173, "gamma": 660.461586034606, "max_depth": 2.0, "min_child_weight": 4140.108627419547, "num_boost_round": 3.0, "subsample": 0.5284332051896122}, "datetime": {"datetime": "2024-01-20 14:25:59", "elapsed": 113.330196, "delta": 0.000368}}
{"target": -13.497965393727371, "params": {"colsample_bytree": 0.8140483716968531, "eta": 0.09532804345037173, "gamma": 660.461586034606, "max_depth": 2.0, "min_child_weight": 4140.108627419547, "num_boost_round": 4.0, "subsample": 0.5284332051896122}, "datetime": {"datetime": "2024-01-20 14:25:59", "elapsed": 113.330544, "delta": 0.000348}}
{"target": -13.498098361725653, "params": {"colsample_bytree": 0.8140483716968531, "eta": 0.09532804345037173, "gamma": 660.461586034606, "max_depth": 2.0, "min_child_weight": 4140.108627419547, "num_boost_round": 5.0, "subsample": 0.5284332051896122}, "datetime": {"datetime": "2024-01-20 14:25:59", "elapsed": 113.331017, "delta": 0.000473}}
{"target": -13.498282131130651, "params": {"colsample_bytree": 0.8140483716968531, "eta": 0.09532804345037173, "gamma": 660.461586034606, "max_depth": 2.0, "min_child_weight": 4140.108627419547, "num_boost_round": 6.0, "subsample": 0.5284332051896122}, "datetime": {"datetime": "2024-01-20 14:25:59", "elapsed": 113.331482, "delta": 0.000465}}
{"target": -13.498881807608491, "params": {"colsample_bytree": 0.8140483716968531, "eta": 0.09532804345037173, "gamma": 660.461586034606, "max_depth": 2.0, "min_child_weight": 4140.108627419547, "num_boost_round": 7.0, "subsample": 0.5284332051896122}, "datetime": {"datetime": "2024-01-20 14:25:59", "elapsed": 113.331998, "delta": 0.000516}}
{"target": -13.498974750280052, "params": {"colsample_bytree": 0.8140483716968531, "eta": 0.09532804345037173, "gamma": 660.461586034606, "max_depth": 2.0, "min_child_weight": 4140.108627419547, "num_boost_round": 8.0, "subsample": 0.5284332051896122}, "datetime": {"datetime": "2024-01-20 14:25:59", "elapsed": 113.332425, "delta": 0.000427}}
{"target": -13.499097479276728, "params": {"colsample_bytree": 0.8140483716968531, "eta": 0.09532804345037173, "gamma": 660.461586034606, "max_depth": 2.0, "min_child_weight": 4140.108627419547, "num_boost_round": 9.0, "subsample": 0.5284332051896122}, "datetime": {"datetime": "2024-01-20 14:25:59", "elapsed": 113.332902, "delta": 0.000477}}
{"target": -13.49952337011035, "params": {"colsample_bytree": 0.8140483716968531, "eta": 0.09532804345037173, "gamma": 660.461586034606, "max_depth": 2.0, "min_child_weight": 4140.108627419547, "num_boost_round": 10.0, "subsample": 0.5284332051896122}, "datetime": {"datetime": "2024-01-20 14:25:59", "elapsed": 113.333257, "delta": 0.000355}}
{"target": -13.499499244282521, "params": {"colsample_bytree": 0.8140483716968531, "eta": 0.09532804345037173, "gamma": 660.461586034606, "max_depth": 2.0, "min_child_weight": 4140.108627419547, "num_boost_round": 11.0, "subsample": 0.5284332051896122}, "datetime": {"datetime": "2024-01-20 14:25:59", "elapsed": 113.333604, "delta": 0.000347}}
{"target": -13.499572137372475, "params": {"colsample_bytree": 0.8140483716968531, "eta": 0.09532804345037173, "gamma": 660.461586034606, "max_depth": 2.0, "min_child_weight": 4140.108627419547, "num_boost_round": 12.0, "subsample": 0.5284332051896122}, "datetime": {"datetime": "2024-01-20 14:25:59", "elapsed": 113.33402, "delta": 0.000416}}
{"target": -13.499712720287791, "params": {"colsample_bytree": 0.8140483716968531, "eta": 0.09532804345037173, "gamma": 660.461586034606, "max_depth": 2.0, "min_child_weight": 4140.108627419547, "num_boost_round": 13.0, "subsample": 0.5284332051896122}, "datetime": {"datetime": "2024-01-20 14:25:59", "elapsed": 113.334371, "delta": 0.000351}}
{"target": -13.499789300743357, "params": {"colsample_bytree": 0.8140483716968531, "eta": 0.09532804345037173, "gamma": 660.461586034606, "max_depth": 2.0, "min_child_weight": 4140.108627419547, "num_boost_round": 14.0, "subsample": 0.5284332051896122}, "datetime": {"datetime": "2024-01-20 14:25:59", "elapsed": 113.334724, "delta": 0.000353}}
{"target": -13.499754431402149, "params": {"colsample_bytree": 0.8140483716968531, "eta": 0.09532804345037173, "gamma": 660.461586034606, "max_depth": 2.0, "min_child_weight": 4140.108627419547, "num_boost_round": 15.0, "subsample": 0.5284332051896122}, "datetime": {"datetime": "2024-01-20 14:25:59", "elapsed": 113.335082, "delta": 0.000358}}
{"target": -13.500165083216679, "params": {"colsample_bytree": 0.8140483716968531, "eta": 0.09532804345037173, "gamma": 660.461586034606, "max_depth": 2.0, "min_child_weight": 4140.108627419547, "num_boost_round": 16.0, "subsample": 0.5284332051896122}, "datetime": {"datetime": "2024-01-20 14:25:59", "elapsed": 113.335438, "delta": 0.000356}}
{"target": -13.50002382481441, "params": {"colsample_bytree": 0.8140483716968531, "eta": 0.09532804345037173, "gamma": 660.461586034606, "max_depth": 2.0, "min_child_weight": 4140.108627419547, "num_boost_round": 17.0, "subsample": 0.5284332051896122}, "datetime": {"datetime": "2024-01-20 14:25:59", "elapsed": 113.33579, "delta": 0.000352}}
{"target": -13.499937441488896, "params": {"colsample_bytree": 0.8140483716968531, "eta": 0.09532804345037173, "gamma": 660.461586034606, "max_depth": 2.0, "min_child_weight": 4140.108627419547, "num_boost_round": 18.0, "subsample": 0.5284332051896122}, "datetime": {"datetime": "2024-01-20 14:25:59", "elapsed": 113.336191, "delta": 0.000401}}
{"target": -13.49985850893087, "params": {"colsample_bytree": 0.8140483716968531, "eta": 0.09532804345037173, "gamma": 660.461586034606, "max_depth": 2.0, "min_child_weight": 4140.108627419547, "num_boost_round": 19.0, "subsample": 0.5284332051896122}, "datetime": {"datetime": "2024-01-20 14:25:59", "elapsed": 113.336551, "delta": 0.00036}}
{"target": -13.500123864159491, "params": {"colsample_bytree": 0.8140483716968531, "eta": 0.09532804345037173, "gamma": 660.461586034606, "max_depth": 2.0, "min_child_weight": 4140.108627419547, "num_boost_round": 20.0, "subsample": 0.5284332051896122}, "datetime": {"datetime": "2024-01-20 14:25:59", "elapsed": 113.336912, "delta": 0.000361}}
{"target": -13.50014484487841, "params": {"colsample_bytree": 0.8140483716968531, "eta": 0.09532804345037173, "gamma": 660.461586034606, "max_depth": 2.0, "min_child_weight": 4140.108627419547, "num_boost_round": 21.0, "subsample": 0.5284332051896122}, "datetime": {"datetime": "2024-01-20 14:25:59", "elapsed": 113.33727, "delta": 0.000358}}
{"target": -13.500357440101409, "params": {"colsample_bytree": 0.8140483716968531, "eta": 0.09532804345037173, "gamma": 660.461586034606, "max_depth": 2.0, "min_child_weight": 4140.108627419547, "num_boost_round": 22.0, "subsample": 0.5284332051896122}, "datetime": {"datetime": "2024-01-20 14:25:59", "elapsed": 113.337628, "delta": 0.000358}}
{"target": -13.500494225037862, "params": {"colsample_bytree": 0.8140483716968531, "eta": 0.09532804345037173, "gamma": 660.461586034606, "max_depth": 2.0, "min_child_weight": 4140.108627419547, "num_boost_round": 23.0, "subsample": 0.5284332051896122}, "datetime": {"datetime": "2024-01-20 14:25:59", "elapsed": 113.337994, "delta": 0.000366}}
{"target": -13.500494668604876, "params": {"colsample_bytree": 0.8140483716968531, "eta": 0.09532804345037173, "gamma": 660.461586034606, "max_depth": 2.0, "min_child_weight": 4140.108627419547, "num_boost_round": 24.0, "subsample": 0.5284332051896122}, "datetime": {"datetime": "2024-01-20 14:25:59", "elapsed": 113.338353, "delta": 0.000359}}
{"target": -13.500184074980716, "params": {"colsample_bytree": 0.8140483716968531, "eta": 0.09532804345037173, "gamma": 660.461586034606, "max_depth": 2.0, "min_child_weight": 4140.108627419547, "num_boost_round": 25.0, "subsample": 0.5284332051896122}, "datetime": {"datetime": "2024-01-20 14:25:59", "elapsed": 113.338717, "delta": 0.000364}}
{"target": -13.50000362715466, "params": {"colsample_bytree": 0.8140483716968531, "eta": 0.09532804345037173, "gamma": 660.461586034606, "max_depth": 2.0, "min_child_weight": 4140.108627419547, "num_boost_round": 26.0, "subsample": 0.5284332051896122}, "datetime": {"datetime": "2024-01-20 14:25:59", "elapsed": 113.339084, "delta": 0.000367}}
{"target": -13.500248046569215, "params": {"colsample_bytree": 0.8140483716968531, "eta": 0.09532804345037173, "gamma": 660.461586034606, "max_depth": 2.0, "min_child_weight": 4140.108627419547, "num_boost_round": 27.0, "subsample": 0.5284332051896122}, "datetime": {"datetime": "2024-01-20 14:25:59", "elapsed": 113.339445, "delta": 0.000361}}
{"target": -13.500448445496225, "params": {"colsample_bytree": 0.8140483716968531, "eta": 0.09532804345037173, "gamma": 660.461586034606, "max_depth": 2.0, "min_child_weight": 4140.108627419547, "num_boost_round": 28.0, "subsample": 0.5284332051896122}, "datetime": {"datetime": "2024-01-20 14:25:59", "elapsed": 113.339804, "delta": 0.000359}}
{"target": -13.500325434424418, "params": {"colsample_bytree": 0.8140483716968531, "eta": 0.09532804345037173, "gamma": 660.461586034606, "max_depth": 2.0, "min_child_weight": 4140.108627419547, "num_boost_round": 29.0, "subsample": 0.5284332051896122}, "datetime": {"datetime": "2024-01-20 14:25:59", "elapsed": 113.340176, "delta": 0.000372}}
{"target": -13.500297038787632, "params": {"colsample_bytree": 0.8140483716968531, "eta": 0.09532804345037173, "gamma": 660.461586034606, "max_depth": 2.0, "min_child_weight": 4140.108627419547, "num_boost_round": 30.0, "subsample": 0.5284332051896122}, "datetime": {"datetime": "2024-01-20 14:25:59", "elapsed": 113.34054, "delta": 0.000364}}
{"target": -13.500284429660969, "params": {"colsample_bytree": 0.8140483716968531, "eta": 0.09532804345037173, "gamma": 660.461586034606, "max_depth": 2.0, "min_child_weight": 4140.108627419547, "num_boost_round": 31.0, "subsample": 0.5284332051896122}, "datetime": {"datetime": "2024-01-20 14:25:59", "elapsed": 113.340911, "delta": 0.000371}}
{"target": -13.500274385059718, "params": {"colsample_bytree": 0.8140483716968531, "eta": 0.09532804345037173, "gamma": 660.461586034606, "max_depth": 2.0, "min_child_weight": 4140.108627419547, "num_boost_round": 32.0, "subsample": 0.5284332051896122}, "datetime": {"datetime": "2024-01-20 14:25:59", "elapsed": 113.34128, "delta": 0.000369}}
