{"target": -13.414987459531869, "params": {"colsample_bytree": 0.5302870196862899, "eta": 0.03681557189092227, "gamma": 890.32888795887, "max_depth": 2.0, "min_child_weight": 3195.9915290817776, "num_boost_round": 71.0, "subsample": 0.9626028134720754}, "datetime": {"datetime": "2024-01-20 14:51:22", "elapsed": 1616.98797, "delta": 0.001799}}
{"target": -13.415371903551812, "params": {"colsample_bytree": 0.5302870196862899, "eta": 0.03681557189092227, "gamma": 890.32888795887, "max_depth": 2.0, "min_child_weight": 3195.9915290817776, "num_boost_round": 72.0, "subsample": 0.9626028134720754}, "datetime": {"datetime": "2024-01-20 14:51:22", "elapsed": 1616.990026, "delta": 0.002056}}
{"target": -13.415523987273113, "params": {"colsample_bytree": 0.5302870196862899, "eta": 0.03681557189092227, "gamma": 890.32888795887, "max_depth": 2.0, "min_child_weight": 3195.9915290817776, "num_boost_round": 73.0, "subsample": 0.9626028134720754}, "datetime": {"datetime": "2024-01-20 14:51:22", "elapsed": 1616.991959, "delta": 0.001933}}
{"target": -13.415556357894353, "params": {"colsample_bytree": 0.5302870196862899, "eta": 0.03681557189092227, "gamma": 890.32888795887, "max_depth": 2.0, "min_child_weight": 3195.9915290817776, "num_boost_round": 74.0, "subsample": 0.9626028134720754}, "datetime": {"datetime": "2024-01-20 14:51:22", "elapsed": 1616.993893, "delta": 0.001934}}
{"target": -13.415764570136801, "params": {"colsample_bytree": 0.5302870196862899, "eta": 0.03681557189092227, "gamma": 890.32888795887, "max_depth": 2.0, "min_child_weight": 3195.9915290817776, "num_boost_round": 75.0, "subsample": 0.9626028134720754}, "datetime": {"datetime": "2024-01-20 14:51:22", "elapsed": 1616.995758, "delta": 0.001865}}
{"target": -13.415925140904022, "params": {"colsample_bytree": 0.5302870196862899, "eta": 0.03681557189092227, "gamma": 890.32888795887, "max_depth": 2.0, "min_child_weight": 3195.9915290817776, "num_boost_round": 76.0, "subsample": 0.9626028134720754}, "datetime": {"datetime": "2024-01-20 14:51:22", "elapsed": 1616.997514, "delta": 0.001756}}
{"target": -13.416089108165586, "params": {"colsample_bytree": 0.5302870196862899, "eta": 0.03681557189092227, "gamma": 890.32888795887, "max_depth": 2.0, "min_child_weight": 3195.9915290817776, "num_boost_round": 77.0, "subsample": 0.9626028134720754}, "datetime": {"datetime": "2024-01-20 14:51:22", "elapsed": 1616.99934, "delta": 0.001826}}
{"target": -13.416335691328841, "params": {"colsample_bytree": 0.5302870196862899, "eta": 0.03681557189092227, "gamma": 890.32888795887, "max_depth": 2.0, "min_child_weight": 3195.9915290817776, "num_boost_round": 78.0, "subsample": 0.9626028134720754}, "datetime": {"datetime": "2024-01-20 14:51:22", "elapsed": 1617.001168, "delta": 0.001828}}
{"target": -13.416229486241388, "params": {"colsample_bytree": 0.5302870196862899, "eta": 0.03681557189092227, "gamma": 890.32888795887, "max_depth": 2.0, "min_child_weight": 3195.9915290817776, "num_boost_round": 79.0, "subsample": 0.9626028134720754}, "datetime": {"datetime": "2024-01-20 14:51:22", "elapsed": 1617.002909, "delta": 0.001741}}
{"target": -13.416320554918965, "params": {"colsample_bytree": 0.5302870196862899, "eta": 0.03681557189092227, "gamma": 890.32888795887, "max_depth": 2.0, "min_child_weight": 3195.9915290817776, "num_boost_round": 80.0, "subsample": 0.9626028134720754}, "datetime": {"datetime": "2024-01-20 14:51:22", "elapsed": 1617.004672, "delta": 0.001763}}
{"target": -13.416403411001577, "params": {"colsample_bytree": 0.5302870196862899, "eta": 0.03681557189092227, "gamma": 890.32888795887, "max_depth": 2.0, "min_child_weight": 3195.9915290817776, "num_boost_round": 81.0, "subsample": 0.9626028134720754}, "datetime": {"datetime": "2024-01-20 14:51:22", "elapsed": 1617.006413, "delta": 0.001741}}
{"target": -13.416541995700253, "params": {"colsample_bytree": 0.5302870196862899, "eta": 0.03681557189092227, "gamma": 890.32888795887, "max_depth": 2.0, "min_child_weight": 3195.9915290817776, "num_boost_round": 82.0, "subsample": 0.9626028134720754}, "datetime": {"datetime": "2024-01-20 14:51:22", "elapsed": 1617.008155, "delta": 0.001742}}
{"target": -13.416608105168123, "params": {"colsample_bytree": 0.5302870196862899, "eta": 0.03681557189092227, "gamma": 890.32888795887, "max_depth": 2.0, "min_child_weight": 3195.9915290817776, "num_boost_round": 83.0, "subsample": 0.9626028134720754}, "datetime": {"datetime": "2024-01-20 14:51:22", "elapsed": 1617.009995, "delta": 0.00184}}
{"target": -13.416762471129454, "params": {"colsample_bytree": 0.5302870196862899, "eta": 0.03681557189092227, "gamma": 890.32888795887, "max_depth": 2.0, "min_child_weight": 3195.9915290817776, "num_boost_round": 84.0, "subsample": 0.9626028134720754}, "datetime": {"datetime": "2024-01-20 14:51:22", "elapsed": 1617.011774, "delta": 0.001779}}
{"target": -13.416982315874039, "params": {"colsample_bytree": 0.5302870196862899, "eta": 0.03681557189092227, "gamma": 890.32888795887, "max_depth": 2.0, "min_child_weight": 3195.9915290817776, "num_boost_round": 85.0, "subsample": 0.9626028134720754}, "datetime": {"datetime": "2024-01-20 14:51:22", "elapsed": 1617.013546, "delta": 0.001772}}
{"target": -13.417062708364103, "params": {"colsample_bytree": 0.5302870196862899, "eta": 0.03681557189092227, "gamma": 890.32888795887, "max_depth": 2.0, "min_child_weight": 3195.9915290817776, "num_boost_round": 86.0, "subsample": 0.9626028134720754}, "datetime": {"datetime": "2024-01-20 14:51:22", "elapsed": 1617.015299, "delta": 0.001753}}
{"target": -13.417226497858948, "params": {"colsample_bytree": 0.5302870196862899, "eta": 0.03681557189092227, "gamma": 890.32888795887, "max_depth": 2.0, "min_child_weight": 3195.9915290817776, "num_boost_round": 87.0, "subsample": 0.9626028134720754}, "datetime": {"datetime": "2024-01-20 14:51:22", "elapsed": 1617.017035, "delta": 0.001736}}
{"target": -13.417252777475063, "params": {"colsample_bytree": 0.5302870196862899, "eta": 0.03681557189092227, "gamma": 890.32888795887, "max_depth": 2.0, "min_child_weight": 3195.9915290817776, "num_boost_round": 88.0, "subsample": 0.9626028134720754}, "datetime": {"datetime": "2024-01-20 14:51:22", "elapsed": 1617.018966, "delta": 0.001931}}
{"target": -13.417351675690792, "params": {"colsample_bytree": 0.5302870196862899, "eta": 0.03681557189092227, "gamma": 890.32888795887, "max_depth": 2.0, "min_child_weight": 3195.9915290817776, "num_boost_round": 89.0, "subsample": 0.9626028134720754}, "datetime": {"datetime": "2024-01-20 14:51:22", "elapsed": 1617.020741, "delta": 0.001775}}
{"target": -13.4175707663814, "params": {"colsample_bytree": 0.5302870196862899, "eta": 0.03681557189092227, "gamma": 890.32888795887, "max_depth": 2.0, "min_child_weight": 3195.9915290817776, "num_boost_round": 90.0, "subsample": 0.9626028134720754}, "datetime": {"datetime": "2024-01-20 14:51:22", "elapsed": 1617.02247, "delta": 0.001729}}
{"target": -13.417672483533192, "params": {"colsample_bytree": 0.5302870196862899, "eta": 0.03681557189092227, "gamma": 890.32888795887, "max_depth": 2.0, "min_child_weight": 3195.9915290817776, "num_boost_round": 91.0, "subsample": 0.9626028134720754}, "datetime": {"datetime": "2024-01-20 14:51:22", "elapsed": 1617.024231, "delta": 0.001761}}
{"target": -13.417670466602633, "params": {"colsample_bytree": 0.5302870196862899, "eta": 0.03681557189092227, "gamma": 890.32888795887, "max_depth": 2.0, "min_child_weight": 3195.9915290817776, "num_boost_round": 92.0, "subsample": 0.9626028134720754}, "datetime": {"datetime": "2024-01-20 14:51:22", "elapsed": 1617.025995, "delta": 0.001764}}
{"target": -13.417838633268147, "params": {"colsample_bytree": 0.5302870196862899, "eta": 0.03681557189092227, "gamma": 890.32888795887, "max_depth": 2.0, "min_child_weight": 3195.9915290817776, "num_boost_round": 93.0, "subsample": 0.9626028134720754}, "datetime": {"datetime": "2024-01-20 14:51:22", "elapsed": 1617.027731, "delta": 0.001736}}
{"target": -13.41784263512982, "params": {"colsample_bytree": 0.5302870196862899, "eta": 0.03681557189092227, "gamma": 890.32888795887, "max_depth": 2.0, "min_child_weight": 3195.9915290817776, "num_boost_round": 94.0, "subsample": 0.9626028134720754}, "datetime": {"datetime": "2024-01-20 14:51:22", "elapsed": 1617.029742, "delta": 0.002011}}
{"target": -13.417904449899655, "params": {"colsample_bytree": 0.5302870196862899, "eta": 0.03681557189092227, "gamma": 890.32888795887, "max_depth": 2.0, "min_child_weight": 3195.9915290817776, "num_boost_round": 95.0, "subsample": 0.9626028134720754}, "datetime": {"datetime": "2024-01-20 14:51:22", "elapsed": 1617.031582, "delta": 0.00184}}
{"target": -13.39797123606995, "params": {"colsample_bytree": 0.3999281170122386, "eta": 0.08649637504923963, "gamma": 796.4649394867143, "max_depth": 2.0, "min_child_weight": 4225.578709762385, "num_boost_round": 1.0, "subsample": 0.8525862957472877}, "datetime": {"datetime": "2024-01-20 14:51:39", "elapsed": 1633.902601, "delta": 16.871019}}
{"target": -13.398001205971775, "params": {"colsample_bytree": 0.6134313604428254, "eta": 0.08164191296948003, "gamma": 863.9161382094618, "max_depth": 2.0, "min_child_weight": 4273.647883024922, "num_boost_round": 1.0, "subsample": 0.5020198308945811}, "datetime": {"datetime": "2024-01-20 14:52:00", "elapsed": 1655.604374, "delta": 21.701773}}
{"target": -13.3985290353819, "params": {"colsample_bytree": 0.6134313604428254, "eta": 0.08164191296948003, "gamma": 863.9161382094618, "max_depth": 2.0, "min_child_weight": 4273.647883024922, "num_boost_round": 2.0, "subsample": 0.5020198308945811}, "datetime": {"datetime": "2024-01-20 14:52:00", "elapsed": 1655.609214, "delta": 0.00484}}
{"target": -13.398726892635878, "params": {"colsample_bytree": 0.6134313604428254, "eta": 0.08164191296948003, "gamma": 863.9161382094618, "max_depth": 2.0, "min_child_weight": 4273.647883024922, "num_boost_round": 3.0, "subsample": 0.5020198308945811}, "datetime": {"datetime": "2024-01-20 14:52:00", "elapsed": 1655.611718, "delta": 0.002504}}
{"target": -13.39897766127935, "params": {"colsample_bytree": 0.6134313604428254, "eta": 0.08164191296948003, "gamma": 863.9161382094618, "max_depth": 2.0, "min_child_weight": 4273.647883024922, "num_boost_round": 4.0, "subsample": 0.5020198308945811}, "datetime": {"datetime": "2024-01-20 14:52:00", "elapsed": 1655.614652, "delta": 0.002934}}
{"target": -13.399668098318406, "params": {"colsample_bytree": 0.6134313604428254, "eta": 0.08164191296948003, "gamma": 863.9161382094618, "max_depth": 2.0, "min_child_weight": 4273.647883024922, "num_boost_round": 5.0, "subsample": 0.5020198308945811}, "datetime": {"datetime": "2024-01-20 14:52:00", "elapsed": 1655.616936, "delta": 0.002284}}
{"target": -13.40037760610615, "params": {"colsample_bytree": 0.6134313604428254, "eta": 0.08164191296948003, "gamma": 863.9161382094618, "max_depth": 2.0, "min_child_weight": 4273.647883024922, "num_boost_round": 6.0, "subsample": 0.5020198308945811}, "datetime": {"datetime": "2024-01-20 14:52:00", "elapsed": 1655.619801, "delta": 0.002865}}
{"target": -13.40127130145893, "params": {"colsample_bytree": 0.6134313604428254, "eta": 0.08164191296948003, "gamma": 863.9161382094618, "max_depth": 2.0, "min_child_weight": 4273.647883024922, "num_boost_round": 7.0, "subsample": 0.5020198308945811}, "datetime": {"datetime": "2024-01-20 14:52:00", "elapsed": 1655.622274, "delta": 0.002473}}
{"target": -13.40207993093558, "params": {"colsample_bytree": 0.6134313604428254, "eta": 0.08164191296948003, "gamma": 863.9161382094618, "max_depth": 2.0, "min_child_weight": 4273.647883024922, "num_boost_round": 8.0, "subsample": 0.5020198308945811}, "datetime": {"datetime": "2024-01-20 14:52:00", "elapsed": 1655.624184, "delta": 0.00191}}
{"target": -13.398035778158198, "params": {"colsample_bytree": 0.7385487541011182, "eta": 0.08241600568677049, "gamma": 985.6619310419073, "max_depth": 2.0, "min_child_weight": 3663.3524810745657, "num_boost_round": 1.0, "subsample": 0.5755628651701957}, "datetime": {"datetime": "2024-01-20 14:52:28", "elapsed": 1683.423776, "delta": 27.799592}}
{"target": -13.398305509534644, "params": {"colsample_bytree": 0.7385487541011182, "eta": 0.08241600568677049, "gamma": 985.6619310419073, "max_depth": 2.0, "min_child_weight": 3663.3524810745657, "num_boost_round": 2.0, "subsample": 0.5755628651701957}, "datetime": {"datetime": "2024-01-20 14:52:28", "elapsed": 1683.425836, "delta": 0.00206}}
{"target": -13.398556437036891, "params": {"colsample_bytree": 0.7385487541011182, "eta": 0.08241600568677049, "gamma": 985.6619310419073, "max_depth": 2.0, "min_child_weight": 3663.3524810745657, "num_boost_round": 3.0, "subsample": 0.5755628651701957}, "datetime": {"datetime": "2024-01-20 14:52:28", "elapsed": 1683.428268, "delta": 0.002432}}
{"target": -13.398605264560087, "params": {"colsample_bytree": 0.7385487541011182, "eta": 0.08241600568677049, "gamma": 985.6619310419073, "max_depth": 2.0, "min_child_weight": 3663.3524810745657, "num_boost_round": 4.0, "subsample": 0.5755628651701957}, "datetime": {"datetime": "2024-01-20 14:52:28", "elapsed": 1683.430295, "delta": 0.002027}}
{"target": -13.399471406987306, "params": {"colsample_bytree": 0.7385487541011182, "eta": 0.08241600568677049, "gamma": 985.6619310419073, "max_depth": 2.0, "min_child_weight": 3663.3524810745657, "num_boost_round": 5.0, "subsample": 0.5755628651701957}, "datetime": {"datetime": "2024-01-20 14:52:28", "elapsed": 1683.432161, "delta": 0.001866}}
{"target": -13.400569085261427, "params": {"colsample_bytree": 0.7385487541011182, "eta": 0.08241600568677049, "gamma": 985.6619310419073, "max_depth": 2.0, "min_child_weight": 3663.3524810745657, "num_boost_round": 6.0, "subsample": 0.5755628651701957}, "datetime": {"datetime": "2024-01-20 14:52:28", "elapsed": 1683.434062, "delta": 0.001901}}
{"target": -13.401365219155592, "params": {"colsample_bytree": 0.7385487541011182, "eta": 0.08241600568677049, "gamma": 985.6619310419073, "max_depth": 2.0, "min_child_weight": 3663.3524810745657, "num_boost_round": 7.0, "subsample": 0.5755628651701957}, "datetime": {"datetime": "2024-01-20 14:52:28", "elapsed": 1683.436013, "delta": 0.001951}}
{"target": -13.401774942764176, "params": {"colsample_bytree": 0.7385487541011182, "eta": 0.08241600568677049, "gamma": 985.6619310419073, "max_depth": 2.0, "min_child_weight": 3663.3524810745657, "num_boost_round": 8.0, "subsample": 0.5755628651701957}, "datetime": {"datetime": "2024-01-20 14:52:28", "elapsed": 1683.4379, "delta": 0.001887}}
{"target": -13.402734746395678, "params": {"colsample_bytree": 0.7385487541011182, "eta": 0.08241600568677049, "gamma": 985.6619310419073, "max_depth": 2.0, "min_child_weight": 3663.3524810745657, "num_boost_round": 9.0, "subsample": 0.5755628651701957}, "datetime": {"datetime": "2024-01-20 14:52:28", "elapsed": 1683.439807, "delta": 0.001907}}
{"target": -13.402605379955833, "params": {"colsample_bytree": 0.7385487541011182, "eta": 0.08241600568677049, "gamma": 985.6619310419073, "max_depth": 2.0, "min_child_weight": 3663.3524810745657, "num_boost_round": 10.0, "subsample": 0.5755628651701957}, "datetime": {"datetime": "2024-01-20 14:52:28", "elapsed": 1683.441664, "delta": 0.001857}}
{"target": -13.402920589960768, "params": {"colsample_bytree": 0.7385487541011182, "eta": 0.08241600568677049, "gamma": 985.6619310419073, "max_depth": 2.0, "min_child_weight": 3663.3524810745657, "num_boost_round": 11.0, "subsample": 0.5755628651701957}, "datetime": {"datetime": "2024-01-20 14:52:28", "elapsed": 1683.443587, "delta": 0.001923}}
{"target": -13.40334302931969, "params": {"colsample_bytree": 0.7385487541011182, "eta": 0.08241600568677049, "gamma": 985.6619310419073, "max_depth": 2.0, "min_child_weight": 3663.3524810745657, "num_boost_round": 12.0, "subsample": 0.5755628651701957}, "datetime": {"datetime": "2024-01-20 14:52:28", "elapsed": 1683.445407, "delta": 0.00182}}
{"target": -13.40385780538545, "params": {"colsample_bytree": 0.7385487541011182, "eta": 0.08241600568677049, "gamma": 985.6619310419073, "max_depth": 2.0, "min_child_weight": 3663.3524810745657, "num_boost_round": 13.0, "subsample": 0.5755628651701957}, "datetime": {"datetime": "2024-01-20 14:52:28", "elapsed": 1683.447268, "delta": 0.001861}}
{"target": -13.404229328358667, "params": {"colsample_bytree": 0.7385487541011182, "eta": 0.08241600568677049, "gamma": 985.6619310419073, "max_depth": 2.0, "min_child_weight": 3663.3524810745657, "num_boost_round": 14.0, "subsample": 0.5755628651701957}, "datetime": {"datetime": "2024-01-20 14:52:28", "elapsed": 1683.449202, "delta": 0.001934}}
{"target": -13.40475236659881, "params": {"colsample_bytree": 0.7385487541011182, "eta": 0.08241600568677049, "gamma": 985.6619310419073, "max_depth": 2.0, "min_child_weight": 3663.3524810745657, "num_boost_round": 15.0, "subsample": 0.5755628651701957}, "datetime": {"datetime": "2024-01-20 14:52:28", "elapsed": 1683.451124, "delta": 0.001922}}
{"target": -13.40495496343776, "params": {"colsample_bytree": 0.7385487541011182, "eta": 0.08241600568677049, "gamma": 985.6619310419073, "max_depth": 2.0, "min_child_weight": 3663.3524810745657, "num_boost_round": 16.0, "subsample": 0.5755628651701957}, "datetime": {"datetime": "2024-01-20 14:52:28", "elapsed": 1683.453015, "delta": 0.001891}}
{"target": -13.40553241036362, "params": {"colsample_bytree": 0.7385487541011182, "eta": 0.08241600568677049, "gamma": 985.6619310419073, "max_depth": 2.0, "min_child_weight": 3663.3524810745657, "num_boost_round": 17.0, "subsample": 0.5755628651701957}, "datetime": {"datetime": "2024-01-20 14:52:28", "elapsed": 1683.454929, "delta": 0.001914}}
{"target": -13.406112323251673, "params": {"colsample_bytree": 0.7385487541011182, "eta": 0.08241600568677049, "gamma": 985.6619310419073, "max_depth": 2.0, "min_child_weight": 3663.3524810745657, "num_boost_round": 18.0, "subsample": 0.5755628651701957}, "datetime": {"datetime": "2024-01-20 14:52:28", "elapsed": 1683.456877, "delta": 0.001948}}
{"target": -13.406221018141057, "params": {"colsample_bytree": 0.7385487541011182, "eta": 0.08241600568677049, "gamma": 985.6619310419073, "max_depth": 2.0, "min_child_weight": 3663.3524810745657, "num_boost_round": 19.0, "subsample": 0.5755628651701957}, "datetime": {"datetime": "2024-01-20 14:52:28", "elapsed": 1683.458713, "delta": 0.001836}}
{"target": -13.40706504043315, "params": {"colsample_bytree": 0.7385487541011182, "eta": 0.08241600568677049, "gamma": 985.6619310419073, "max_depth": 2.0, "min_child_weight": 3663.3524810745657, "num_boost_round": 20.0, "subsample": 0.5755628651701957}, "datetime": {"datetime": "2024-01-20 14:52:28", "elapsed": 1683.46066, "delta": 0.001947}}
{"target": -13.407579299067105, "params": {"colsample_bytree": 0.7385487541011182, "eta": 0.08241600568677049, "gamma": 985.6619310419073, "max_depth": 2.0, "min_child_weight": 3663.3524810745657, "num_boost_round": 21.0, "subsample": 0.5755628651701957}, "datetime": {"datetime": "2024-01-20 14:52:28", "elapsed": 1683.462528, "delta": 0.001868}}
{"target": -13.408240812373757, "params": {"colsample_bytree": 0.7385487541011182, "eta": 0.08241600568677049, "gamma": 985.6619310419073, "max_depth": 2.0, "min_child_weight": 3663.3524810745657, "num_boost_round": 22.0, "subsample": 0.5755628651701957}, "datetime": {"datetime": "2024-01-20 14:52:28", "elapsed": 1683.464457, "delta": 0.001929}}
{"target": -13.408872317341523, "params": {"colsample_bytree": 0.7385487541011182, "eta": 0.08241600568677049, "gamma": 985.6619310419073, "max_depth": 2.0, "min_child_weight": 3663.3524810745657, "num_boost_round": 23.0, "subsample": 0.5755628651701957}, "datetime": {"datetime": "2024-01-20 14:52:28", "elapsed": 1683.466295, "delta": 0.001838}}
{"target": -13.40922244066151, "params": {"colsample_bytree": 0.7385487541011182, "eta": 0.08241600568677049, "gamma": 985.6619310419073, "max_depth": 2.0, "min_child_weight": 3663.3524810745657, "num_boost_round": 24.0, "subsample": 0.5755628651701957}, "datetime": {"datetime": "2024-01-20 14:52:28", "elapsed": 1683.468282, "delta": 0.001987}}
{"target": -13.409779215191385, "params": {"colsample_bytree": 0.7385487541011182, "eta": 0.08241600568677049, "gamma": 985.6619310419073, "max_depth": 2.0, "min_child_weight": 3663.3524810745657, "num_boost_round": 25.0, "subsample": 0.5755628651701957}, "datetime": {"datetime": "2024-01-20 14:52:28", "elapsed": 1683.470153, "delta": 0.001871}}
{"target": -13.41038476146231, "params": {"colsample_bytree": 0.7385487541011182, "eta": 0.08241600568677049, "gamma": 985.6619310419073, "max_depth": 2.0, "min_child_weight": 3663.3524810745657, "num_boost_round": 26.0, "subsample": 0.5755628651701957}, "datetime": {"datetime": "2024-01-20 14:52:28", "elapsed": 1683.472021, "delta": 0.001868}}
{"target": -13.410651708710358, "params": {"colsample_bytree": 0.7385487541011182, "eta": 0.08241600568677049, "gamma": 985.6619310419073, "max_depth": 2.0, "min_child_weight": 3663.3524810745657, "num_boost_round": 27.0, "subsample": 0.5755628651701957}, "datetime": {"datetime": "2024-01-20 14:52:28", "elapsed": 1683.473872, "delta": 0.001851}}
{"target": -13.41150461443111, "params": {"colsample_bytree": 0.7385487541011182, "eta": 0.08241600568677049, "gamma": 985.6619310419073, "max_depth": 2.0, "min_child_weight": 3663.3524810745657, "num_boost_round": 28.0, "subsample": 0.5755628651701957}, "datetime": {"datetime": "2024-01-20 14:52:28", "elapsed": 1683.475717, "delta": 0.001845}}
{"target": -13.397827737383587, "params": {"colsample_bytree": 0.9491237431004885, "eta": 0.03254138325072223, "gamma": 895.2947134959555, "max_depth": 5.0, "min_child_weight": 3760.829842187952, "num_boost_round": 1.0, "subsample": 0.7909297013526737}, "datetime": {"datetime": "2024-01-20 14:52:46", "elapsed": 1701.177712, "delta": 17.701995}}
