{"target": -13.734634521609461, "params": {"colsample_bytree": 0.9965622313257839, "eta": 0.010270041555055051, "gamma": 997.6060263906529, "max_depth": 4.0, "min_child_weight": 4065.6042646905253, "num_boost_round": 21.0, "subsample": 0.16314685783897798}, "datetime": {"datetime": "2024-01-20 14:43:26", "elapsed": 1167.242281, "delta": 0.000974}}
{"target": -13.734814563057707, "params": {"colsample_bytree": 0.9965622313257839, "eta": 0.010270041555055051, "gamma": 997.6060263906529, "max_depth": 4.0, "min_child_weight": 4065.6042646905253, "num_boost_round": 22.0, "subsample": 0.16314685783897798}, "datetime": {"datetime": "2024-01-20 14:43:26", "elapsed": 1167.243252, "delta": 0.000971}}
{"target": -13.735017432633324, "params": {"colsample_bytree": 0.9965622313257839, "eta": 0.010270041555055051, "gamma": 997.6060263906529, "max_depth": 4.0, "min_child_weight": 4065.6042646905253, "num_boost_round": 23.0, "subsample": 0.16314685783897798}, "datetime": {"datetime": "2024-01-20 14:43:26", "elapsed": 1167.244283, "delta": 0.001031}}
{"target": -13.73524288318447, "params": {"colsample_bytree": 0.9965622313257839, "eta": 0.010270041555055051, "gamma": 997.6060263906529, "max_depth": 4.0, "min_child_weight": 4065.6042646905253, "num_boost_round": 24.0, "subsample": 0.16314685783897798}, "datetime": {"datetime": "2024-01-20 14:43:26", "elapsed": 1167.24534, "delta": 0.001057}}
{"target": -13.73107086285842, "params": {"colsample_bytree": 0.11106892074907976, "eta": 0.008390035020034232, "gamma": 860.6255960936971, "max_depth": 6.0, "min_child_weight": 4208.970117359288, "num_boost_round": 1.0, "subsample": 0.7602063877744106}, "datetime": {"datetime": "2024-01-20 14:43:40", "elapsed": 1181.096967, "delta": 13.851627}}
{"target": -13.73118392946268, "params": {"colsample_bytree": 0.5423084632026196, "eta": 0.01361720289998408, "gamma": 628.4629720299082, "max_depth": 6.0, "min_child_weight": 3953.631166330502, "num_boost_round": 1.0, "subsample": 0.2607539701315216}, "datetime": {"datetime": "2024-01-20 14:43:54", "elapsed": 1195.075397, "delta": 13.97843}}
{"target": -13.731404045385691, "params": {"colsample_bytree": 0.5423084632026196, "eta": 0.01361720289998408, "gamma": 628.4629720299082, "max_depth": 6.0, "min_child_weight": 3953.631166330502, "num_boost_round": 2.0, "subsample": 0.2607539701315216}, "datetime": {"datetime": "2024-01-20 14:43:54", "elapsed": 1195.077558, "delta": 0.002161}}
{"target": -13.73250472985616, "params": {"colsample_bytree": 0.4716919775023909, "eta": 0.09245330035808251, "gamma": 669.6421166597845, "max_depth": 7.0, "min_child_weight": 4526.145234663244, "num_boost_round": 1.0, "subsample": 0.9678291085178092}, "datetime": {"datetime": "2024-01-20 14:44:08", "elapsed": 1209.583292, "delta": 14.505734}}
{"target": -13.733434225696229, "params": {"colsample_bytree": 0.4716919775023909, "eta": 0.09245330035808251, "gamma": 669.6421166597845, "max_depth": 7.0, "min_child_weight": 4526.145234663244, "num_boost_round": 2.0, "subsample": 0.9678291085178092}, "datetime": {"datetime": "2024-01-20 14:44:08", "elapsed": 1209.586395, "delta": 0.003103}}
{"target": -13.735443797989802, "params": {"colsample_bytree": 0.4716919775023909, "eta": 0.09245330035808251, "gamma": 669.6421166597845, "max_depth": 7.0, "min_child_weight": 4526.145234663244, "num_boost_round": 3.0, "subsample": 0.9678291085178092}, "datetime": {"datetime": "2024-01-20 14:44:08", "elapsed": 1209.587944, "delta": 0.001549}}
{"target": -13.731025817008184, "params": {"colsample_bytree": 0.7962249333843449, "eta": 0.00038774835200909753, "gamma": 330.3808181857298, "max_depth": 9.0, "min_child_weight": 3943.2409640192486, "num_boost_round": 1.0, "subsample": 0.35778510416885245}, "datetime": {"datetime": "2024-01-20 14:44:23", "elapsed": 1224.055883, "delta": 14.467939}}
{"target": -13.731033911325678, "params": {"colsample_bytree": 0.7962249333843449, "eta": 0.00038774835200909753, "gamma": 330.3808181857298, "max_depth": 9.0, "min_child_weight": 3943.2409640192486, "num_boost_round": 2.0, "subsample": 0.35778510416885245}, "datetime": {"datetime": "2024-01-20 14:44:23", "elapsed": 1224.058017, "delta": 0.002134}}
{"target": -13.731552912547098, "params": {"colsample_bytree": 0.6839278945363647, "eta": 0.030051626905971556, "gamma": 224.85094711266274, "max_depth": 7.0, "min_child_weight": 3995.8659109832474, "num_boost_round": 1.0, "subsample": 0.5411308859231717}, "datetime": {"datetime": "2024-01-20 14:44:36", "elapsed": 1237.627007, "delta": 13.56899}}
{"target": -13.731790167302663, "params": {"colsample_bytree": 0.44627977846532707, "eta": 0.06963351752877156, "gamma": 415.6007143912163, "max_depth": 4.0, "min_child_weight": 3826.942395688004, "num_boost_round": 1.0, "subsample": 0.9899417377323698}, "datetime": {"datetime": "2024-01-20 14:44:51", "elapsed": 1252.04384, "delta": 14.416833}}
{"target": -13.73250616150482, "params": {"colsample_bytree": 0.44627977846532707, "eta": 0.06963351752877156, "gamma": 415.6007143912163, "max_depth": 4.0, "min_child_weight": 3826.942395688004, "num_boost_round": 2.0, "subsample": 0.9899417377323698}, "datetime": {"datetime": "2024-01-20 14:44:51", "elapsed": 1252.046092, "delta": 0.002252}}
{"target": -13.733495337422042, "params": {"colsample_bytree": 0.44627977846532707, "eta": 0.06963351752877156, "gamma": 415.6007143912163, "max_depth": 4.0, "min_child_weight": 3826.942395688004, "num_boost_round": 3.0, "subsample": 0.9899417377323698}, "datetime": {"datetime": "2024-01-20 14:44:51", "elapsed": 1252.047947, "delta": 0.001855}}
{"target": -13.73104192820631, "params": {"colsample_bytree": 0.10353546602344842, "eta": 0.0023696381389136344, "gamma": 438.97909335879393, "max_depth": 5.0, "min_child_weight": 3764.9668633313972, "num_boost_round": 1.0, "subsample": 0.40999413079235447}, "datetime": {"datetime": "2024-01-20 14:45:05", "elapsed": 1266.83353, "delta": 14.785583}}
{"target": -13.731059781145719, "params": {"colsample_bytree": 0.10353546602344842, "eta": 0.0023696381389136344, "gamma": 438.97909335879393, "max_depth": 5.0, "min_child_weight": 3764.9668633313972, "num_boost_round": 2.0, "subsample": 0.40999413079235447}, "datetime": {"datetime": "2024-01-20 14:45:05", "elapsed": 1266.836205, "delta": 0.002675}}
{"target": -13.73107464005232, "params": {"colsample_bytree": 0.10353546602344842, "eta": 0.0023696381389136344, "gamma": 438.97909335879393, "max_depth": 5.0, "min_child_weight": 3764.9668633313972, "num_boost_round": 3.0, "subsample": 0.40999413079235447}, "datetime": {"datetime": "2024-01-20 14:45:05", "elapsed": 1266.837299, "delta": 0.001094}}
{"target": -13.731082476508846, "params": {"colsample_bytree": 0.10353546602344842, "eta": 0.0023696381389136344, "gamma": 438.97909335879393, "max_depth": 5.0, "min_child_weight": 3764.9668633313972, "num_boost_round": 4.0, "subsample": 0.40999413079235447}, "datetime": {"datetime": "2024-01-20 14:45:05", "elapsed": 1266.838463, "delta": 0.001164}}
{"target": -13.731818281895004, "params": {"colsample_bytree": 0.38506529423681435, "eta": 0.06546283308819156, "gamma": 443.6453716143166, "max_depth": 9.0, "min_child_weight": 3687.023884817501, "num_boost_round": 1.0, "subsample": 0.879103827728707}, "datetime": {"datetime": "2024-01-20 14:45:26", "elapsed": 1287.368024, "delta": 20.529561}}
{"target": -13.73294241696253, "params": {"colsample_bytree": 0.38506529423681435, "eta": 0.06546283308819156, "gamma": 443.6453716143166, "max_depth": 9.0, "min_child_weight": 3687.023884817501, "num_boost_round": 2.0, "subsample": 0.879103827728707}, "datetime": {"datetime": "2024-01-20 14:45:26", "elapsed": 1287.370519, "delta": 0.002495}}
{"target": -13.733663334624445, "params": {"colsample_bytree": 0.38506529423681435, "eta": 0.06546283308819156, "gamma": 443.6453716143166, "max_depth": 9.0, "min_child_weight": 3687.023884817501, "num_boost_round": 3.0, "subsample": 0.879103827728707}, "datetime": {"datetime": "2024-01-20 14:45:26", "elapsed": 1287.371648, "delta": 0.001129}}
{"target": -13.734687100418963, "params": {"colsample_bytree": 0.38506529423681435, "eta": 0.06546283308819156, "gamma": 443.6453716143166, "max_depth": 9.0, "min_child_weight": 3687.023884817501, "num_boost_round": 4.0, "subsample": 0.879103827728707}, "datetime": {"datetime": "2024-01-20 14:45:26", "elapsed": 1287.372726, "delta": 0.001078}}
{"target": -13.73660830288863, "params": {"colsample_bytree": 0.38506529423681435, "eta": 0.06546283308819156, "gamma": 443.6453716143166, "max_depth": 9.0, "min_child_weight": 3687.023884817501, "num_boost_round": 5.0, "subsample": 0.879103827728707}, "datetime": {"datetime": "2024-01-20 14:45:26", "elapsed": 1287.373804, "delta": 0.001078}}
{"target": -13.73842133977545, "params": {"colsample_bytree": 0.38506529423681435, "eta": 0.06546283308819156, "gamma": 443.6453716143166, "max_depth": 9.0, "min_child_weight": 3687.023884817501, "num_boost_round": 6.0, "subsample": 0.879103827728707}, "datetime": {"datetime": "2024-01-20 14:45:26", "elapsed": 1287.37488, "delta": 0.001076}}
{"target": -13.739448584266164, "params": {"colsample_bytree": 0.38506529423681435, "eta": 0.06546283308819156, "gamma": 443.6453716143166, "max_depth": 9.0, "min_child_weight": 3687.023884817501, "num_boost_round": 7.0, "subsample": 0.879103827728707}, "datetime": {"datetime": "2024-01-20 14:45:26", "elapsed": 1287.375936, "delta": 0.001056}}
{"target": -13.741009640164576, "params": {"colsample_bytree": 0.38506529423681435, "eta": 0.06546283308819156, "gamma": 443.6453716143166, "max_depth": 9.0, "min_child_weight": 3687.023884817501, "num_boost_round": 8.0, "subsample": 0.879103827728707}, "datetime": {"datetime": "2024-01-20 14:45:26", "elapsed": 1287.377, "delta": 0.001064}}
{"target": -13.742186773887116, "params": {"colsample_bytree": 0.38506529423681435, "eta": 0.06546283308819156, "gamma": 443.6453716143166, "max_depth": 9.0, "min_child_weight": 3687.023884817501, "num_boost_round": 9.0, "subsample": 0.879103827728707}, "datetime": {"datetime": "2024-01-20 14:45:26", "elapsed": 1287.378071, "delta": 0.001071}}
{"target": -13.743448063238425, "params": {"colsample_bytree": 0.38506529423681435, "eta": 0.06546283308819156, "gamma": 443.6453716143166, "max_depth": 9.0, "min_child_weight": 3687.023884817501, "num_boost_round": 10.0, "subsample": 0.879103827728707}, "datetime": {"datetime": "2024-01-20 14:45:26", "elapsed": 1287.379127, "delta": 0.001056}}
{"target": -13.744899940811576, "params": {"colsample_bytree": 0.38506529423681435, "eta": 0.06546283308819156, "gamma": 443.6453716143166, "max_depth": 9.0, "min_child_weight": 3687.023884817501, "num_boost_round": 11.0, "subsample": 0.879103827728707}, "datetime": {"datetime": "2024-01-20 14:45:26", "elapsed": 1287.380176, "delta": 0.001049}}
{"target": -13.74590944788492, "params": {"colsample_bytree": 0.38506529423681435, "eta": 0.06546283308819156, "gamma": 443.6453716143166, "max_depth": 9.0, "min_child_weight": 3687.023884817501, "num_boost_round": 12.0, "subsample": 0.879103827728707}, "datetime": {"datetime": "2024-01-20 14:45:26", "elapsed": 1287.381236, "delta": 0.00106}}
{"target": -13.732030842380095, "params": {"colsample_bytree": 0.9307849871306813, "eta": 0.05223313482247293, "gamma": 234.76548671614782, "max_depth": 9.0, "min_child_weight": 4287.605333993537, "num_boost_round": 1.0, "subsample": 0.24477327110815664}, "datetime": {"datetime": "2024-01-20 14:45:40", "elapsed": 1301.824354, "delta": 14.443118}}
{"target": -13.733393479520291, "params": {"colsample_bytree": 0.9307849871306813, "eta": 0.05223313482247293, "gamma": 234.76548671614782, "max_depth": 9.0, "min_child_weight": 4287.605333993537, "num_boost_round": 2.0, "subsample": 0.24477327110815664}, "datetime": {"datetime": "2024-01-20 14:45:40", "elapsed": 1301.825648, "delta": 0.001294}}
{"target": -13.733135501276674, "params": {"colsample_bytree": 0.697749892152814, "eta": 0.0942794256711141, "gamma": 204.12514069193477, "max_depth": 4.0, "min_child_weight": 4350.641645662599, "num_boost_round": 1.0, "subsample": 0.4019997336610527}, "datetime": {"datetime": "2024-01-20 14:45:56", "elapsed": 1317.330645, "delta": 15.504997}}
{"target": -13.734617408030658, "params": {"colsample_bytree": 0.697749892152814, "eta": 0.0942794256711141, "gamma": 204.12514069193477, "max_depth": 4.0, "min_child_weight": 4350.641645662599, "num_boost_round": 2.0, "subsample": 0.4019997336610527}, "datetime": {"datetime": "2024-01-20 14:45:56", "elapsed": 1317.332642, "delta": 0.001997}}
{"target": -13.736146110472863, "params": {"colsample_bytree": 0.697749892152814, "eta": 0.0942794256711141, "gamma": 204.12514069193477, "max_depth": 4.0, "min_child_weight": 4350.641645662599, "num_boost_round": 3.0, "subsample": 0.4019997336610527}, "datetime": {"datetime": "2024-01-20 14:45:56", "elapsed": 1317.333758, "delta": 0.001116}}
{"target": -13.738445494926097, "params": {"colsample_bytree": 0.697749892152814, "eta": 0.0942794256711141, "gamma": 204.12514069193477, "max_depth": 4.0, "min_child_weight": 4350.641645662599, "num_boost_round": 4.0, "subsample": 0.4019997336610527}, "datetime": {"datetime": "2024-01-20 14:45:56", "elapsed": 1317.334996, "delta": 0.001238}}
{"target": -13.731224745226063, "params": {"colsample_bytree": 0.4061329566466755, "eta": 0.04671753823130718, "gamma": 327.34372100244724, "max_depth": 2.0, "min_child_weight": 3796.570250518146, "num_boost_round": 1.0, "subsample": 0.8890864948282627}, "datetime": {"datetime": "2024-01-20 14:46:09", "elapsed": 1330.763485, "delta": 13.428489}}
{"target": -13.731666649342017, "params": {"colsample_bytree": 0.5305324680178608, "eta": 0.06439147268850665, "gamma": 369.24737737026413, "max_depth": 5.0, "min_child_weight": 4323.649291612567, "num_boost_round": 1.0, "subsample": 0.5076045090979194}, "datetime": {"datetime": "2024-01-20 14:46:24", "elapsed": 1344.985516, "delta": 14.222031}}
{"target": -13.732730017219412, "params": {"colsample_bytree": 0.5305324680178608, "eta": 0.06439147268850665, "gamma": 369.24737737026413, "max_depth": 5.0, "min_child_weight": 4323.649291612567, "num_boost_round": 2.0, "subsample": 0.5076045090979194}, "datetime": {"datetime": "2024-01-20 14:46:24", "elapsed": 1344.987247, "delta": 0.001731}}
{"target": -13.731127426584262, "params": {"colsample_bytree": 0.4416022529333128, "eta": 0.01832792410843509, "gamma": 309.80288829431936, "max_depth": 6.0, "min_child_weight": 3734.42729718001, "num_boost_round": 1.0, "subsample": 0.9723398743108623}, "datetime": {"datetime": "2024-01-20 14:46:46", "elapsed": 1366.909546, "delta": 21.922299}}
{"target": -13.731316772423423, "params": {"colsample_bytree": 0.4416022529333128, "eta": 0.01832792410843509, "gamma": 309.80288829431936, "max_depth": 6.0, "min_child_weight": 3734.42729718001, "num_boost_round": 2.0, "subsample": 0.9723398743108623}, "datetime": {"datetime": "2024-01-20 14:46:46", "elapsed": 1366.912402, "delta": 0.002856}}
{"target": -13.731611878464252, "params": {"colsample_bytree": 0.4416022529333128, "eta": 0.01832792410843509, "gamma": 309.80288829431936, "max_depth": 6.0, "min_child_weight": 3734.42729718001, "num_boost_round": 3.0, "subsample": 0.9723398743108623}, "datetime": {"datetime": "2024-01-20 14:46:46", "elapsed": 1366.91387, "delta": 0.001468}}
{"target": -13.731841387382346, "params": {"colsample_bytree": 0.4416022529333128, "eta": 0.01832792410843509, "gamma": 309.80288829431936, "max_depth": 6.0, "min_child_weight": 3734.42729718001, "num_boost_round": 4.0, "subsample": 0.9723398743108623}, "datetime": {"datetime": "2024-01-20 14:46:46", "elapsed": 1366.91609, "delta": 0.00222}}
{"target": -13.732284300431356, "params": {"colsample_bytree": 0.4416022529333128, "eta": 0.01832792410843509, "gamma": 309.80288829431936, "max_depth": 6.0, "min_child_weight": 3734.42729718001, "num_boost_round": 5.0, "subsample": 0.9723398743108623}, "datetime": {"datetime": "2024-01-20 14:46:46", "elapsed": 1366.917236, "delta": 0.001146}}
{"target": -13.732561986928914, "params": {"colsample_bytree": 0.4416022529333128, "eta": 0.01832792410843509, "gamma": 309.80288829431936, "max_depth": 6.0, "min_child_weight": 3734.42729718001, "num_boost_round": 6.0, "subsample": 0.9723398743108623}, "datetime": {"datetime": "2024-01-20 14:46:46", "elapsed": 1366.918364, "delta": 0.001128}}
{"target": -13.732809915363905, "params": {"colsample_bytree": 0.4416022529333128, "eta": 0.01832792410843509, "gamma": 309.80288829431936, "max_depth": 6.0, "min_child_weight": 3734.42729718001, "num_boost_round": 7.0, "subsample": 0.9723398743108623}, "datetime": {"datetime": "2024-01-20 14:46:46", "elapsed": 1366.919446, "delta": 0.001082}}
{"target": -13.73301288204039, "params": {"colsample_bytree": 0.4416022529333128, "eta": 0.01832792410843509, "gamma": 309.80288829431936, "max_depth": 6.0, "min_child_weight": 3734.42729718001, "num_boost_round": 8.0, "subsample": 0.9723398743108623}, "datetime": {"datetime": "2024-01-20 14:46:46", "elapsed": 1366.920546, "delta": 0.0011}}
{"target": -13.73319811577844, "params": {"colsample_bytree": 0.4416022529333128, "eta": 0.01832792410843509, "gamma": 309.80288829431936, "max_depth": 6.0, "min_child_weight": 3734.42729718001, "num_boost_round": 9.0, "subsample": 0.9723398743108623}, "datetime": {"datetime": "2024-01-20 14:46:46", "elapsed": 1366.921631, "delta": 0.001085}}
{"target": -13.73347039476753, "params": {"colsample_bytree": 0.4416022529333128, "eta": 0.01832792410843509, "gamma": 309.80288829431936, "max_depth": 6.0, "min_child_weight": 3734.42729718001, "num_boost_round": 10.0, "subsample": 0.9723398743108623}, "datetime": {"datetime": "2024-01-20 14:46:46", "elapsed": 1366.92272, "delta": 0.001089}}
{"target": -13.73375346309848, "params": {"colsample_bytree": 0.4416022529333128, "eta": 0.01832792410843509, "gamma": 309.80288829431936, "max_depth": 6.0, "min_child_weight": 3734.42729718001, "num_boost_round": 11.0, "subsample": 0.9723398743108623}, "datetime": {"datetime": "2024-01-20 14:46:46", "elapsed": 1366.923791, "delta": 0.001071}}
{"target": -13.734178962233369, "params": {"colsample_bytree": 0.4416022529333128, "eta": 0.01832792410843509, "gamma": 309.80288829431936, "max_depth": 6.0, "min_child_weight": 3734.42729718001, "num_boost_round": 12.0, "subsample": 0.9723398743108623}, "datetime": {"datetime": "2024-01-20 14:46:46", "elapsed": 1366.924955, "delta": 0.001164}}
{"target": -13.73445261095869, "params": {"colsample_bytree": 0.4416022529333128, "eta": 0.01832792410843509, "gamma": 309.80288829431936, "max_depth": 6.0, "min_child_weight": 3734.42729718001, "num_boost_round": 13.0, "subsample": 0.9723398743108623}, "datetime": {"datetime": "2024-01-20 14:46:46", "elapsed": 1366.926052, "delta": 0.001097}}
{"target": -13.73479434711239, "params": {"colsample_bytree": 0.4416022529333128, "eta": 0.01832792410843509, "gamma": 309.80288829431936, "max_depth": 6.0, "min_child_weight": 3734.42729718001, "num_boost_round": 14.0, "subsample": 0.9723398743108623}, "datetime": {"datetime": "2024-01-20 14:46:46", "elapsed": 1366.927102, "delta": 0.00105}}
{"target": -13.735048673163973, "params": {"colsample_bytree": 0.4416022529333128, "eta": 0.01832792410843509, "gamma": 309.80288829431936, "max_depth": 6.0, "min_child_weight": 3734.42729718001, "num_boost_round": 15.0, "subsample": 0.9723398743108623}, "datetime": {"datetime": "2024-01-20 14:46:46", "elapsed": 1366.92816, "delta": 0.001058}}
{"target": -13.731244258783809, "params": {"colsample_bytree": 0.33840725948506944, "eta": 0.025051412128993453, "gamma": 206.78482381369156, "max_depth": 9.0, "min_child_weight": 3906.648840042491, "num_boost_round": 1.0, "subsample": 0.34578481941911166}, "datetime": {"datetime": "2024-01-20 14:47:00", "elapsed": 1381.21185, "delta": 14.28369}}
{"target": -13.73144610693937, "params": {"colsample_bytree": 0.33840725948506944, "eta": 0.025051412128993453, "gamma": 206.78482381369156, "max_depth": 9.0, "min_child_weight": 3906.648840042491, "num_boost_round": 2.0, "subsample": 0.34578481941911166}, "datetime": {"datetime": "2024-01-20 14:47:00", "elapsed": 1381.213119, "delta": 0.001269}}
{"target": -13.731168993705538, "params": {"colsample_bytree": 0.34413926610776435, "eta": 0.03382079887029449, "gamma": 246.24749066297912, "max_depth": 2.0, "min_child_weight": 3803.1200086783074, "num_boost_round": 1.0, "subsample": 0.9804032456477034}, "datetime": {"datetime": "2024-01-20 14:47:15", "elapsed": 1396.56609, "delta": 15.352971}}
{"target": -13.73146302865667, "params": {"colsample_bytree": 0.34413926610776435, "eta": 0.03382079887029449, "gamma": 246.24749066297912, "max_depth": 2.0, "min_child_weight": 3803.1200086783074, "num_boost_round": 2.0, "subsample": 0.9804032456477034}, "datetime": {"datetime": "2024-01-20 14:47:15", "elapsed": 1396.567977, "delta": 0.001887}}
{"target": -13.731575683011926, "params": {"colsample_bytree": 0.34413926610776435, "eta": 0.03382079887029449, "gamma": 246.24749066297912, "max_depth": 2.0, "min_child_weight": 3803.1200086783074, "num_boost_round": 3.0, "subsample": 0.9804032456477034}, "datetime": {"datetime": "2024-01-20 14:47:15", "elapsed": 1396.56926, "delta": 0.001283}}
{"target": -13.731711099288042, "params": {"colsample_bytree": 0.6665913316971642, "eta": 0.04076660555922966, "gamma": 179.25385335381873, "max_depth": 5.0, "min_child_weight": 3825.672964161848, "num_boost_round": 1.0, "subsample": 0.7074772954769719}, "datetime": {"datetime": "2024-01-20 14:47:33", "elapsed": 1414.844668, "delta": 18.275408}}
{"target": -13.732261833617416, "params": {"colsample_bytree": 0.6665913316971642, "eta": 0.04076660555922966, "gamma": 179.25385335381873, "max_depth": 5.0, "min_child_weight": 3825.672964161848, "num_boost_round": 2.0, "subsample": 0.7074772954769719}, "datetime": {"datetime": "2024-01-20 14:47:33", "elapsed": 1414.846842, "delta": 0.002174}}
