{"target": -13.49427488559235, "params": {"colsample_bytree": 0.6732268587275853, "eta": 0.03370938669508766, "gamma": 694.2000294697316, "max_depth": 9.0, "min_child_weight": 3956.996300135585, "num_boost_round": 41.0, "subsample": 0.27573051021457906}, "datetime": {"datetime": "2024-01-20 14:35:37", "elapsed": 691.190153, "delta": 0.001188}}
{"target": -13.494378033615366, "params": {"colsample_bytree": 0.6732268587275853, "eta": 0.03370938669508766, "gamma": 694.2000294697316, "max_depth": 9.0, "min_child_weight": 3956.996300135585, "num_boost_round": 42.0, "subsample": 0.27573051021457906}, "datetime": {"datetime": "2024-01-20 14:35:37", "elapsed": 691.191336, "delta": 0.001183}}
{"target": -13.494433093661362, "params": {"colsample_bytree": 0.6732268587275853, "eta": 0.03370938669508766, "gamma": 694.2000294697316, "max_depth": 9.0, "min_child_weight": 3956.996300135585, "num_boost_round": 43.0, "subsample": 0.27573051021457906}, "datetime": {"datetime": "2024-01-20 14:35:37", "elapsed": 691.192762, "delta": 0.001426}}
{"target": -13.494536534598684, "params": {"colsample_bytree": 0.6732268587275853, "eta": 0.03370938669508766, "gamma": 694.2000294697316, "max_depth": 9.0, "min_child_weight": 3956.996300135585, "num_boost_round": 44.0, "subsample": 0.27573051021457906}, "datetime": {"datetime": "2024-01-20 14:35:37", "elapsed": 691.200915, "delta": 0.008153}}
{"target": -13.494405256034305, "params": {"colsample_bytree": 0.6732268587275853, "eta": 0.03370938669508766, "gamma": 694.2000294697316, "max_depth": 9.0, "min_child_weight": 3956.996300135585, "num_boost_round": 45.0, "subsample": 0.27573051021457906}, "datetime": {"datetime": "2024-01-20 14:35:37", "elapsed": 691.202186, "delta": 0.001271}}
{"target": -13.49450212461906, "params": {"colsample_bytree": 0.6732268587275853, "eta": 0.03370938669508766, "gamma": 694.2000294697316, "max_depth": 9.0, "min_child_weight": 3956.996300135585, "num_boost_round": 46.0, "subsample": 0.27573051021457906}, "datetime": {"datetime": "2024-01-20 14:35:37", "elapsed": 691.203356, "delta": 0.00117}}
{"target": -13.494664513972207, "params": {"colsample_bytree": 0.6732268587275853, "eta": 0.03370938669508766, "gamma": 694.2000294697316, "max_depth": 9.0, "min_child_weight": 3956.996300135585, "num_boost_round": 47.0, "subsample": 0.27573051021457906}, "datetime": {"datetime": "2024-01-20 14:35:37", "elapsed": 691.204528, "delta": 0.001172}}
{"target": -13.494821590862621, "params": {"colsample_bytree": 0.6732268587275853, "eta": 0.03370938669508766, "gamma": 694.2000294697316, "max_depth": 9.0, "min_child_weight": 3956.996300135585, "num_boost_round": 48.0, "subsample": 0.27573051021457906}, "datetime": {"datetime": "2024-01-20 14:35:37", "elapsed": 691.206031, "delta": 0.001503}}
{"target": -13.494927140684931, "params": {"colsample_bytree": 0.6732268587275853, "eta": 0.03370938669508766, "gamma": 694.2000294697316, "max_depth": 9.0, "min_child_weight": 3956.996300135585, "num_boost_round": 49.0, "subsample": 0.27573051021457906}, "datetime": {"datetime": "2024-01-20 14:35:37", "elapsed": 691.207495, "delta": 0.001464}}
{"target": -13.495085431556317, "params": {"colsample_bytree": 0.6732268587275853, "eta": 0.03370938669508766, "gamma": 694.2000294697316, "max_depth": 9.0, "min_child_weight": 3956.996300135585, "num_boost_round": 50.0, "subsample": 0.27573051021457906}, "datetime": {"datetime": "2024-01-20 14:35:37", "elapsed": 691.208643, "delta": 0.001148}}
{"target": -13.495179177787474, "params": {"colsample_bytree": 0.6732268587275853, "eta": 0.03370938669508766, "gamma": 694.2000294697316, "max_depth": 9.0, "min_child_weight": 3956.996300135585, "num_boost_round": 51.0, "subsample": 0.27573051021457906}, "datetime": {"datetime": "2024-01-20 14:35:37", "elapsed": 691.209788, "delta": 0.001145}}
{"target": -13.495199659604815, "params": {"colsample_bytree": 0.6732268587275853, "eta": 0.03370938669508766, "gamma": 694.2000294697316, "max_depth": 9.0, "min_child_weight": 3956.996300135585, "num_boost_round": 52.0, "subsample": 0.27573051021457906}, "datetime": {"datetime": "2024-01-20 14:35:37", "elapsed": 691.210938, "delta": 0.00115}}
{"target": -13.49525863500726, "params": {"colsample_bytree": 0.6732268587275853, "eta": 0.03370938669508766, "gamma": 694.2000294697316, "max_depth": 9.0, "min_child_weight": 3956.996300135585, "num_boost_round": 53.0, "subsample": 0.27573051021457906}, "datetime": {"datetime": "2024-01-20 14:35:37", "elapsed": 691.212217, "delta": 0.001279}}
{"target": -13.495393395258775, "params": {"colsample_bytree": 0.6732268587275853, "eta": 0.03370938669508766, "gamma": 694.2000294697316, "max_depth": 9.0, "min_child_weight": 3956.996300135585, "num_boost_round": 54.0, "subsample": 0.27573051021457906}, "datetime": {"datetime": "2024-01-20 14:35:37", "elapsed": 691.213358, "delta": 0.001141}}
{"target": -13.49555748994166, "params": {"colsample_bytree": 0.6732268587275853, "eta": 0.03370938669508766, "gamma": 694.2000294697316, "max_depth": 9.0, "min_child_weight": 3956.996300135585, "num_boost_round": 55.0, "subsample": 0.27573051021457906}, "datetime": {"datetime": "2024-01-20 14:35:37", "elapsed": 691.214578, "delta": 0.00122}}
{"target": -13.495578562290776, "params": {"colsample_bytree": 0.6732268587275853, "eta": 0.03370938669508766, "gamma": 694.2000294697316, "max_depth": 9.0, "min_child_weight": 3956.996300135585, "num_boost_round": 56.0, "subsample": 0.27573051021457906}, "datetime": {"datetime": "2024-01-20 14:35:37", "elapsed": 691.215723, "delta": 0.001145}}
{"target": -13.495764055042873, "params": {"colsample_bytree": 0.6732268587275853, "eta": 0.03370938669508766, "gamma": 694.2000294697316, "max_depth": 9.0, "min_child_weight": 3956.996300135585, "num_boost_round": 57.0, "subsample": 0.27573051021457906}, "datetime": {"datetime": "2024-01-20 14:35:37", "elapsed": 691.216871, "delta": 0.001148}}
{"target": -13.49589227474394, "params": {"colsample_bytree": 0.6732268587275853, "eta": 0.03370938669508766, "gamma": 694.2000294697316, "max_depth": 9.0, "min_child_weight": 3956.996300135585, "num_boost_round": 58.0, "subsample": 0.27573051021457906}, "datetime": {"datetime": "2024-01-20 14:35:37", "elapsed": 691.218023, "delta": 0.001152}}
{"target": -13.49589240961727, "params": {"colsample_bytree": 0.6732268587275853, "eta": 0.03370938669508766, "gamma": 694.2000294697316, "max_depth": 9.0, "min_child_weight": 3956.996300135585, "num_boost_round": 59.0, "subsample": 0.27573051021457906}, "datetime": {"datetime": "2024-01-20 14:35:37", "elapsed": 691.219173, "delta": 0.00115}}
{"target": -13.496029360893417, "params": {"colsample_bytree": 0.6732268587275853, "eta": 0.03370938669508766, "gamma": 694.2000294697316, "max_depth": 9.0, "min_child_weight": 3956.996300135585, "num_boost_round": 60.0, "subsample": 0.27573051021457906}, "datetime": {"datetime": "2024-01-20 14:35:37", "elapsed": 691.22033, "delta": 0.001157}}
{"target": -13.496189041232968, "params": {"colsample_bytree": 0.6732268587275853, "eta": 0.03370938669508766, "gamma": 694.2000294697316, "max_depth": 9.0, "min_child_weight": 3956.996300135585, "num_boost_round": 61.0, "subsample": 0.27573051021457906}, "datetime": {"datetime": "2024-01-20 14:35:37", "elapsed": 691.221468, "delta": 0.001138}}
{"target": -13.496246980260292, "params": {"colsample_bytree": 0.6732268587275853, "eta": 0.03370938669508766, "gamma": 694.2000294697316, "max_depth": 9.0, "min_child_weight": 3956.996300135585, "num_boost_round": 62.0, "subsample": 0.27573051021457906}, "datetime": {"datetime": "2024-01-20 14:35:37", "elapsed": 691.222616, "delta": 0.001148}}
{"target": -13.49623803216619, "params": {"colsample_bytree": 0.6732268587275853, "eta": 0.03370938669508766, "gamma": 694.2000294697316, "max_depth": 9.0, "min_child_weight": 3956.996300135585, "num_boost_round": 63.0, "subsample": 0.27573051021457906}, "datetime": {"datetime": "2024-01-20 14:35:37", "elapsed": 691.223769, "delta": 0.001153}}
{"target": -13.49634571650855, "params": {"colsample_bytree": 0.6732268587275853, "eta": 0.03370938669508766, "gamma": 694.2000294697316, "max_depth": 9.0, "min_child_weight": 3956.996300135585, "num_boost_round": 64.0, "subsample": 0.27573051021457906}, "datetime": {"datetime": "2024-01-20 14:35:37", "elapsed": 691.224927, "delta": 0.001158}}
{"target": -13.496434821294242, "params": {"colsample_bytree": 0.6732268587275853, "eta": 0.03370938669508766, "gamma": 694.2000294697316, "max_depth": 9.0, "min_child_weight": 3956.996300135585, "num_boost_round": 65.0, "subsample": 0.27573051021457906}, "datetime": {"datetime": "2024-01-20 14:35:37", "elapsed": 691.226071, "delta": 0.001144}}
{"target": -13.496472727487944, "params": {"colsample_bytree": 0.6732268587275853, "eta": 0.03370938669508766, "gamma": 694.2000294697316, "max_depth": 9.0, "min_child_weight": 3956.996300135585, "num_boost_round": 66.0, "subsample": 0.27573051021457906}, "datetime": {"datetime": "2024-01-20 14:35:37", "elapsed": 691.227242, "delta": 0.001171}}
{"target": -13.49653755103471, "params": {"colsample_bytree": 0.6732268587275853, "eta": 0.03370938669508766, "gamma": 694.2000294697316, "max_depth": 9.0, "min_child_weight": 3956.996300135585, "num_boost_round": 67.0, "subsample": 0.27573051021457906}, "datetime": {"datetime": "2024-01-20 14:35:37", "elapsed": 691.228404, "delta": 0.001162}}
{"target": -13.49660755552219, "params": {"colsample_bytree": 0.6732268587275853, "eta": 0.03370938669508766, "gamma": 694.2000294697316, "max_depth": 9.0, "min_child_weight": 3956.996300135585, "num_boost_round": 68.0, "subsample": 0.27573051021457906}, "datetime": {"datetime": "2024-01-20 14:35:37", "elapsed": 691.229554, "delta": 0.00115}}
{"target": -13.496700070801761, "params": {"colsample_bytree": 0.6732268587275853, "eta": 0.03370938669508766, "gamma": 694.2000294697316, "max_depth": 9.0, "min_child_weight": 3956.996300135585, "num_boost_round": 69.0, "subsample": 0.27573051021457906}, "datetime": {"datetime": "2024-01-20 14:35:37", "elapsed": 691.230712, "delta": 0.001158}}
{"target": -13.496728647322895, "params": {"colsample_bytree": 0.6732268587275853, "eta": 0.03370938669508766, "gamma": 694.2000294697316, "max_depth": 9.0, "min_child_weight": 3956.996300135585, "num_boost_round": 70.0, "subsample": 0.27573051021457906}, "datetime": {"datetime": "2024-01-20 14:35:37", "elapsed": 691.23204, "delta": 0.001328}}
{"target": -13.496639213828033, "params": {"colsample_bytree": 0.6732268587275853, "eta": 0.03370938669508766, "gamma": 694.2000294697316, "max_depth": 9.0, "min_child_weight": 3956.996300135585, "num_boost_round": 71.0, "subsample": 0.27573051021457906}, "datetime": {"datetime": "2024-01-20 14:35:37", "elapsed": 691.233322, "delta": 0.001282}}
{"target": -13.496738180028103, "params": {"colsample_bytree": 0.6732268587275853, "eta": 0.03370938669508766, "gamma": 694.2000294697316, "max_depth": 9.0, "min_child_weight": 3956.996300135585, "num_boost_round": 72.0, "subsample": 0.27573051021457906}, "datetime": {"datetime": "2024-01-20 14:35:37", "elapsed": 691.234565, "delta": 0.001243}}
{"target": -13.4968043506845, "params": {"colsample_bytree": 0.6732268587275853, "eta": 0.03370938669508766, "gamma": 694.2000294697316, "max_depth": 9.0, "min_child_weight": 3956.996300135585, "num_boost_round": 73.0, "subsample": 0.27573051021457906}, "datetime": {"datetime": "2024-01-20 14:35:37", "elapsed": 691.235804, "delta": 0.001239}}
{"target": -13.49688413997374, "params": {"colsample_bytree": 0.6732268587275853, "eta": 0.03370938669508766, "gamma": 694.2000294697316, "max_depth": 9.0, "min_child_weight": 3956.996300135585, "num_boost_round": 74.0, "subsample": 0.27573051021457906}, "datetime": {"datetime": "2024-01-20 14:35:37", "elapsed": 691.237082, "delta": 0.001278}}
{"target": -13.497087863556352, "params": {"colsample_bytree": 0.6732268587275853, "eta": 0.03370938669508766, "gamma": 694.2000294697316, "max_depth": 9.0, "min_child_weight": 3956.996300135585, "num_boost_round": 75.0, "subsample": 0.27573051021457906}, "datetime": {"datetime": "2024-01-20 14:35:37", "elapsed": 691.238246, "delta": 0.001164}}
{"target": -13.497157334942088, "params": {"colsample_bytree": 0.6732268587275853, "eta": 0.03370938669508766, "gamma": 694.2000294697316, "max_depth": 9.0, "min_child_weight": 3956.996300135585, "num_boost_round": 76.0, "subsample": 0.27573051021457906}, "datetime": {"datetime": "2024-01-20 14:35:37", "elapsed": 691.239405, "delta": 0.001159}}
{"target": -13.497110828386099, "params": {"colsample_bytree": 0.6732268587275853, "eta": 0.03370938669508766, "gamma": 694.2000294697316, "max_depth": 9.0, "min_child_weight": 3956.996300135585, "num_boost_round": 77.0, "subsample": 0.27573051021457906}, "datetime": {"datetime": "2024-01-20 14:35:37", "elapsed": 691.240561, "delta": 0.001156}}
{"target": -13.49715936890206, "params": {"colsample_bytree": 0.6732268587275853, "eta": 0.03370938669508766, "gamma": 694.2000294697316, "max_depth": 9.0, "min_child_weight": 3956.996300135585, "num_boost_round": 78.0, "subsample": 0.27573051021457906}, "datetime": {"datetime": "2024-01-20 14:35:37", "elapsed": 691.241733, "delta": 0.001172}}
{"target": -13.497352536183246, "params": {"colsample_bytree": 0.6732268587275853, "eta": 0.03370938669508766, "gamma": 694.2000294697316, "max_depth": 9.0, "min_child_weight": 3956.996300135585, "num_boost_round": 79.0, "subsample": 0.27573051021457906}, "datetime": {"datetime": "2024-01-20 14:35:37", "elapsed": 691.2429, "delta": 0.001167}}
{"target": -13.49741576588751, "params": {"colsample_bytree": 0.6732268587275853, "eta": 0.03370938669508766, "gamma": 694.2000294697316, "max_depth": 9.0, "min_child_weight": 3956.996300135585, "num_boost_round": 80.0, "subsample": 0.27573051021457906}, "datetime": {"datetime": "2024-01-20 14:35:37", "elapsed": 691.244065, "delta": 0.001165}}
{"target": -13.497384521294247, "params": {"colsample_bytree": 0.6732268587275853, "eta": 0.03370938669508766, "gamma": 694.2000294697316, "max_depth": 9.0, "min_child_weight": 3956.996300135585, "num_boost_round": 81.0, "subsample": 0.27573051021457906}, "datetime": {"datetime": "2024-01-20 14:35:37", "elapsed": 691.245233, "delta": 0.001168}}
{"target": -13.497401947100172, "params": {"colsample_bytree": 0.6732268587275853, "eta": 0.03370938669508766, "gamma": 694.2000294697316, "max_depth": 9.0, "min_child_weight": 3956.996300135585, "num_boost_round": 82.0, "subsample": 0.27573051021457906}, "datetime": {"datetime": "2024-01-20 14:35:37", "elapsed": 691.246421, "delta": 0.001188}}
{"target": -13.497441976967899, "params": {"colsample_bytree": 0.6732268587275853, "eta": 0.03370938669508766, "gamma": 694.2000294697316, "max_depth": 9.0, "min_child_weight": 3956.996300135585, "num_boost_round": 83.0, "subsample": 0.27573051021457906}, "datetime": {"datetime": "2024-01-20 14:35:37", "elapsed": 691.247629, "delta": 0.001208}}
{"target": -13.497428122350351, "params": {"colsample_bytree": 0.6732268587275853, "eta": 0.03370938669508766, "gamma": 694.2000294697316, "max_depth": 9.0, "min_child_weight": 3956.996300135585, "num_boost_round": 84.0, "subsample": 0.27573051021457906}, "datetime": {"datetime": "2024-01-20 14:35:37", "elapsed": 691.2488, "delta": 0.001171}}
{"target": -13.497485277352938, "params": {"colsample_bytree": 0.6732268587275853, "eta": 0.03370938669508766, "gamma": 694.2000294697316, "max_depth": 9.0, "min_child_weight": 3956.996300135585, "num_boost_round": 85.0, "subsample": 0.27573051021457906}, "datetime": {"datetime": "2024-01-20 14:35:37", "elapsed": 691.249981, "delta": 0.001181}}
{"target": -13.497582064071088, "params": {"colsample_bytree": 0.6732268587275853, "eta": 0.03370938669508766, "gamma": 694.2000294697316, "max_depth": 9.0, "min_child_weight": 3956.996300135585, "num_boost_round": 86.0, "subsample": 0.27573051021457906}, "datetime": {"datetime": "2024-01-20 14:35:37", "elapsed": 691.251222, "delta": 0.001241}}
{"target": -13.497612549261532, "params": {"colsample_bytree": 0.6732268587275853, "eta": 0.03370938669508766, "gamma": 694.2000294697316, "max_depth": 9.0, "min_child_weight": 3956.996300135585, "num_boost_round": 87.0, "subsample": 0.27573051021457906}, "datetime": {"datetime": "2024-01-20 14:35:37", "elapsed": 691.25246, "delta": 0.001238}}
{"target": -13.497642632609645, "params": {"colsample_bytree": 0.6732268587275853, "eta": 0.03370938669508766, "gamma": 694.2000294697316, "max_depth": 9.0, "min_child_weight": 3956.996300135585, "num_boost_round": 88.0, "subsample": 0.27573051021457906}, "datetime": {"datetime": "2024-01-20 14:35:37", "elapsed": 691.253644, "delta": 0.001184}}
{"target": -13.497719453408079, "params": {"colsample_bytree": 0.6732268587275853, "eta": 0.03370938669508766, "gamma": 694.2000294697316, "max_depth": 9.0, "min_child_weight": 3956.996300135585, "num_boost_round": 89.0, "subsample": 0.27573051021457906}, "datetime": {"datetime": "2024-01-20 14:35:37", "elapsed": 691.254855, "delta": 0.001211}}
{"target": -13.49775400736069, "params": {"colsample_bytree": 0.6732268587275853, "eta": 0.03370938669508766, "gamma": 694.2000294697316, "max_depth": 9.0, "min_child_weight": 3956.996300135585, "num_boost_round": 90.0, "subsample": 0.27573051021457906}, "datetime": {"datetime": "2024-01-20 14:35:37", "elapsed": 691.256023, "delta": 0.001168}}
{"target": -13.497918842712746, "params": {"colsample_bytree": 0.6732268587275853, "eta": 0.03370938669508766, "gamma": 694.2000294697316, "max_depth": 9.0, "min_child_weight": 3956.996300135585, "num_boost_round": 91.0, "subsample": 0.27573051021457906}, "datetime": {"datetime": "2024-01-20 14:35:37", "elapsed": 691.257202, "delta": 0.001179}}
{"target": -13.498072148528824, "params": {"colsample_bytree": 0.6732268587275853, "eta": 0.03370938669508766, "gamma": 694.2000294697316, "max_depth": 9.0, "min_child_weight": 3956.996300135585, "num_boost_round": 92.0, "subsample": 0.27573051021457906}, "datetime": {"datetime": "2024-01-20 14:35:37", "elapsed": 691.258382, "delta": 0.00118}}
{"target": -13.498258493293044, "params": {"colsample_bytree": 0.6732268587275853, "eta": 0.03370938669508766, "gamma": 694.2000294697316, "max_depth": 9.0, "min_child_weight": 3956.996300135585, "num_boost_round": 93.0, "subsample": 0.27573051021457906}, "datetime": {"datetime": "2024-01-20 14:35:37", "elapsed": 691.259557, "delta": 0.001175}}
{"target": -13.498366938194431, "params": {"colsample_bytree": 0.6732268587275853, "eta": 0.03370938669508766, "gamma": 694.2000294697316, "max_depth": 9.0, "min_child_weight": 3956.996300135585, "num_boost_round": 94.0, "subsample": 0.27573051021457906}, "datetime": {"datetime": "2024-01-20 14:35:37", "elapsed": 691.260737, "delta": 0.00118}}
{"target": -13.498497526536607, "params": {"colsample_bytree": 0.6732268587275853, "eta": 0.03370938669508766, "gamma": 694.2000294697316, "max_depth": 9.0, "min_child_weight": 3956.996300135585, "num_boost_round": 95.0, "subsample": 0.27573051021457906}, "datetime": {"datetime": "2024-01-20 14:35:37", "elapsed": 691.26192, "delta": 0.001183}}
{"target": -13.498620133022314, "params": {"colsample_bytree": 0.6732268587275853, "eta": 0.03370938669508766, "gamma": 694.2000294697316, "max_depth": 9.0, "min_child_weight": 3956.996300135585, "num_boost_round": 96.0, "subsample": 0.27573051021457906}, "datetime": {"datetime": "2024-01-20 14:35:37", "elapsed": 691.263102, "delta": 0.001182}}
{"target": -13.498713704371749, "params": {"colsample_bytree": 0.6732268587275853, "eta": 0.03370938669508766, "gamma": 694.2000294697316, "max_depth": 9.0, "min_child_weight": 3956.996300135585, "num_boost_round": 97.0, "subsample": 0.27573051021457906}, "datetime": {"datetime": "2024-01-20 14:35:37", "elapsed": 691.26427, "delta": 0.001168}}
{"target": -13.498970319671747, "params": {"colsample_bytree": 0.6732268587275853, "eta": 0.03370938669508766, "gamma": 694.2000294697316, "max_depth": 9.0, "min_child_weight": 3956.996300135585, "num_boost_round": 98.0, "subsample": 0.27573051021457906}, "datetime": {"datetime": "2024-01-20 14:35:37", "elapsed": 691.265448, "delta": 0.001178}}
{"target": -13.498977786098408, "params": {"colsample_bytree": 0.6732268587275853, "eta": 0.03370938669508766, "gamma": 694.2000294697316, "max_depth": 9.0, "min_child_weight": 3956.996300135585, "num_boost_round": 99.0, "subsample": 0.27573051021457906}, "datetime": {"datetime": "2024-01-20 14:35:37", "elapsed": 691.266619, "delta": 0.001171}}
{"target": -13.498946180991272, "params": {"colsample_bytree": 0.6732268587275853, "eta": 0.03370938669508766, "gamma": 694.2000294697316, "max_depth": 9.0, "min_child_weight": 3956.996300135585, "num_boost_round": 100.0, "subsample": 0.27573051021457906}, "datetime": {"datetime": "2024-01-20 14:35:37", "elapsed": 691.267792, "delta": 0.001173}}
{"target": -13.49905241929775, "params": {"colsample_bytree": 0.6732268587275853, "eta": 0.03370938669508766, "gamma": 694.2000294697316, "max_depth": 9.0, "min_child_weight": 3956.996300135585, "num_boost_round": 101.0, "subsample": 0.27573051021457906}, "datetime": {"datetime": "2024-01-20 14:35:37", "elapsed": 691.268974, "delta": 0.001182}}
{"target": -13.499108565115511, "params": {"colsample_bytree": 0.6732268587275853, "eta": 0.03370938669508766, "gamma": 694.2000294697316, "max_depth": 9.0, "min_child_weight": 3956.996300135585, "num_boost_round": 102.0, "subsample": 0.27573051021457906}, "datetime": {"datetime": "2024-01-20 14:35:37", "elapsed": 691.270163, "delta": 0.001189}}
{"target": -13.499189755618172, "params": {"colsample_bytree": 0.6732268587275853, "eta": 0.03370938669508766, "gamma": 694.2000294697316, "max_depth": 9.0, "min_child_weight": 3956.996300135585, "num_boost_round": 103.0, "subsample": 0.27573051021457906}, "datetime": {"datetime": "2024-01-20 14:35:37", "elapsed": 691.271343, "delta": 0.00118}}
