{"target": -12.344228728294167, "params": {"colsample_bytree": 0.28230469231803856, "eta": 0.06689434538536758, "gamma": 512.9136371218016, "max_depth": 8.0, "min_child_weight": 4235.806631607383, "num_boost_round": 49.0, "subsample": 0.3374170521012195}, "datetime": {"datetime": "2024-01-20 15:57:46", "elapsed": 5632.697488, "delta": 0.006561}}
{"target": -12.344282675033252, "params": {"colsample_bytree": 0.28230469231803856, "eta": 0.06689434538536758, "gamma": 512.9136371218016, "max_depth": 8.0, "min_child_weight": 4235.806631607383, "num_boost_round": 50.0, "subsample": 0.3374170521012195}, "datetime": {"datetime": "2024-01-20 15:57:46", "elapsed": 5632.703416, "delta": 0.005928}}
{"target": -12.344255798090005, "params": {"colsample_bytree": 0.28230469231803856, "eta": 0.06689434538536758, "gamma": 512.9136371218016, "max_depth": 8.0, "min_child_weight": 4235.806631607383, "num_boost_round": 51.0, "subsample": 0.3374170521012195}, "datetime": {"datetime": "2024-01-20 15:57:46", "elapsed": 5632.709218, "delta": 0.005802}}
{"target": -12.344433594374536, "params": {"colsample_bytree": 0.28230469231803856, "eta": 0.06689434538536758, "gamma": 512.9136371218016, "max_depth": 8.0, "min_child_weight": 4235.806631607383, "num_boost_round": 52.0, "subsample": 0.3374170521012195}, "datetime": {"datetime": "2024-01-20 15:57:46", "elapsed": 5632.714925, "delta": 0.005707}}
{"target": -12.344194369138545, "params": {"colsample_bytree": 0.28230469231803856, "eta": 0.06689434538536758, "gamma": 512.9136371218016, "max_depth": 8.0, "min_child_weight": 4235.806631607383, "num_boost_round": 53.0, "subsample": 0.3374170521012195}, "datetime": {"datetime": "2024-01-20 15:57:46", "elapsed": 5632.720688, "delta": 0.005763}}
{"target": -12.343591114435695, "params": {"colsample_bytree": 0.28230469231803856, "eta": 0.06689434538536758, "gamma": 512.9136371218016, "max_depth": 8.0, "min_child_weight": 4235.806631607383, "num_boost_round": 54.0, "subsample": 0.3374170521012195}, "datetime": {"datetime": "2024-01-20 15:57:46", "elapsed": 5632.72884, "delta": 0.008152}}
{"target": -12.343624686959606, "params": {"colsample_bytree": 0.28230469231803856, "eta": 0.06689434538536758, "gamma": 512.9136371218016, "max_depth": 8.0, "min_child_weight": 4235.806631607383, "num_boost_round": 55.0, "subsample": 0.3374170521012195}, "datetime": {"datetime": "2024-01-20 15:57:46", "elapsed": 5632.738167, "delta": 0.009327}}
{"target": -12.343355339264196, "params": {"colsample_bytree": 0.28230469231803856, "eta": 0.06689434538536758, "gamma": 512.9136371218016, "max_depth": 8.0, "min_child_weight": 4235.806631607383, "num_boost_round": 56.0, "subsample": 0.3374170521012195}, "datetime": {"datetime": "2024-01-20 15:57:46", "elapsed": 5632.746901, "delta": 0.008734}}
{"target": -12.34346358951164, "params": {"colsample_bytree": 0.28230469231803856, "eta": 0.06689434538536758, "gamma": 512.9136371218016, "max_depth": 8.0, "min_child_weight": 4235.806631607383, "num_boost_round": 57.0, "subsample": 0.3374170521012195}, "datetime": {"datetime": "2024-01-20 15:57:46", "elapsed": 5632.753714, "delta": 0.006813}}
{"target": -12.3434952569051, "params": {"colsample_bytree": 0.28230469231803856, "eta": 0.06689434538536758, "gamma": 512.9136371218016, "max_depth": 8.0, "min_child_weight": 4235.806631607383, "num_boost_round": 58.0, "subsample": 0.3374170521012195}, "datetime": {"datetime": "2024-01-20 15:57:46", "elapsed": 5632.75987, "delta": 0.006156}}
{"target": -12.343047427844652, "params": {"colsample_bytree": 0.28230469231803856, "eta": 0.06689434538536758, "gamma": 512.9136371218016, "max_depth": 8.0, "min_child_weight": 4235.806631607383, "num_boost_round": 59.0, "subsample": 0.3374170521012195}, "datetime": {"datetime": "2024-01-20 15:57:46", "elapsed": 5632.765808, "delta": 0.005938}}
{"target": -12.343327704620588, "params": {"colsample_bytree": 0.28230469231803856, "eta": 0.06689434538536758, "gamma": 512.9136371218016, "max_depth": 8.0, "min_child_weight": 4235.806631607383, "num_boost_round": 60.0, "subsample": 0.3374170521012195}, "datetime": {"datetime": "2024-01-20 15:57:46", "elapsed": 5632.771676, "delta": 0.005868}}
{"target": -12.343302243491586, "params": {"colsample_bytree": 0.28230469231803856, "eta": 0.06689434538536758, "gamma": 512.9136371218016, "max_depth": 8.0, "min_child_weight": 4235.806631607383, "num_boost_round": 61.0, "subsample": 0.3374170521012195}, "datetime": {"datetime": "2024-01-20 15:57:46", "elapsed": 5632.777513, "delta": 0.005837}}
{"target": -12.343290789989288, "params": {"colsample_bytree": 0.28230469231803856, "eta": 0.06689434538536758, "gamma": 512.9136371218016, "max_depth": 8.0, "min_child_weight": 4235.806631607383, "num_boost_round": 62.0, "subsample": 0.3374170521012195}, "datetime": {"datetime": "2024-01-20 15:57:46", "elapsed": 5632.784163, "delta": 0.00665}}
{"target": -12.343341423859027, "params": {"colsample_bytree": 0.28230469231803856, "eta": 0.06689434538536758, "gamma": 512.9136371218016, "max_depth": 8.0, "min_child_weight": 4235.806631607383, "num_boost_round": 63.0, "subsample": 0.3374170521012195}, "datetime": {"datetime": "2024-01-20 15:57:46", "elapsed": 5632.790186, "delta": 0.006023}}
{"target": -12.34373308539475, "params": {"colsample_bytree": 0.28230469231803856, "eta": 0.06689434538536758, "gamma": 512.9136371218016, "max_depth": 8.0, "min_child_weight": 4235.806631607383, "num_boost_round": 64.0, "subsample": 0.3374170521012195}, "datetime": {"datetime": "2024-01-20 15:57:46", "elapsed": 5632.796343, "delta": 0.006157}}
{"target": -12.343954499319604, "params": {"colsample_bytree": 0.28230469231803856, "eta": 0.06689434538536758, "gamma": 512.9136371218016, "max_depth": 8.0, "min_child_weight": 4235.806631607383, "num_boost_round": 65.0, "subsample": 0.3374170521012195}, "datetime": {"datetime": "2024-01-20 15:57:46", "elapsed": 5632.802357, "delta": 0.006014}}
{"target": -12.344080019911024, "params": {"colsample_bytree": 0.28230469231803856, "eta": 0.06689434538536758, "gamma": 512.9136371218016, "max_depth": 8.0, "min_child_weight": 4235.806631607383, "num_boost_round": 66.0, "subsample": 0.3374170521012195}, "datetime": {"datetime": "2024-01-20 15:57:46", "elapsed": 5633.106209, "delta": 0.303852}}
{"target": -12.34413053554556, "params": {"colsample_bytree": 0.28230469231803856, "eta": 0.06689434538536758, "gamma": 512.9136371218016, "max_depth": 8.0, "min_child_weight": 4235.806631607383, "num_boost_round": 67.0, "subsample": 0.3374170521012195}, "datetime": {"datetime": "2024-01-20 15:57:46", "elapsed": 5633.11392, "delta": 0.007711}}
{"target": -12.344218712895517, "params": {"colsample_bytree": 0.28230469231803856, "eta": 0.06689434538536758, "gamma": 512.9136371218016, "max_depth": 8.0, "min_child_weight": 4235.806631607383, "num_boost_round": 68.0, "subsample": 0.3374170521012195}, "datetime": {"datetime": "2024-01-20 15:57:46", "elapsed": 5633.120209, "delta": 0.006289}}
{"target": -12.3442999693812, "params": {"colsample_bytree": 0.28230469231803856, "eta": 0.06689434538536758, "gamma": 512.9136371218016, "max_depth": 8.0, "min_child_weight": 4235.806631607383, "num_boost_round": 69.0, "subsample": 0.3374170521012195}, "datetime": {"datetime": "2024-01-20 15:57:46", "elapsed": 5633.126224, "delta": 0.006015}}
{"target": -12.344917015919773, "params": {"colsample_bytree": 0.28230469231803856, "eta": 0.06689434538536758, "gamma": 512.9136371218016, "max_depth": 8.0, "min_child_weight": 4235.806631607383, "num_boost_round": 70.0, "subsample": 0.3374170521012195}, "datetime": {"datetime": "2024-01-20 15:57:46", "elapsed": 5633.132186, "delta": 0.005962}}
{"target": -12.344921630419885, "params": {"colsample_bytree": 0.28230469231803856, "eta": 0.06689434538536758, "gamma": 512.9136371218016, "max_depth": 8.0, "min_child_weight": 4235.806631607383, "num_boost_round": 71.0, "subsample": 0.3374170521012195}, "datetime": {"datetime": "2024-01-20 15:57:46", "elapsed": 5633.141385, "delta": 0.009199}}
{"target": -12.344958642234385, "params": {"colsample_bytree": 0.28230469231803856, "eta": 0.06689434538536758, "gamma": 512.9136371218016, "max_depth": 8.0, "min_child_weight": 4235.806631607383, "num_boost_round": 72.0, "subsample": 0.3374170521012195}, "datetime": {"datetime": "2024-01-20 15:57:46", "elapsed": 5633.149812, "delta": 0.008427}}
{"target": -12.344916515469178, "params": {"colsample_bytree": 0.28230469231803856, "eta": 0.06689434538536758, "gamma": 512.9136371218016, "max_depth": 8.0, "min_child_weight": 4235.806631607383, "num_boost_round": 73.0, "subsample": 0.3374170521012195}, "datetime": {"datetime": "2024-01-20 15:57:46", "elapsed": 5633.159325, "delta": 0.009513}}
{"target": -12.3446448514843, "params": {"colsample_bytree": 0.28230469231803856, "eta": 0.06689434538536758, "gamma": 512.9136371218016, "max_depth": 8.0, "min_child_weight": 4235.806631607383, "num_boost_round": 74.0, "subsample": 0.3374170521012195}, "datetime": {"datetime": "2024-01-20 15:57:46", "elapsed": 5633.166243, "delta": 0.006918}}
{"target": -12.344660281330832, "params": {"colsample_bytree": 0.28230469231803856, "eta": 0.06689434538536758, "gamma": 512.9136371218016, "max_depth": 8.0, "min_child_weight": 4235.806631607383, "num_boost_round": 75.0, "subsample": 0.3374170521012195}, "datetime": {"datetime": "2024-01-20 15:57:46", "elapsed": 5633.172328, "delta": 0.006085}}
{"target": -12.34475631050404, "params": {"colsample_bytree": 0.28230469231803856, "eta": 0.06689434538536758, "gamma": 512.9136371218016, "max_depth": 8.0, "min_child_weight": 4235.806631607383, "num_boost_round": 76.0, "subsample": 0.3374170521012195}, "datetime": {"datetime": "2024-01-20 15:57:46", "elapsed": 5633.178243, "delta": 0.005915}}
{"target": -12.345106722611195, "params": {"colsample_bytree": 0.28230469231803856, "eta": 0.06689434538536758, "gamma": 512.9136371218016, "max_depth": 8.0, "min_child_weight": 4235.806631607383, "num_boost_round": 77.0, "subsample": 0.3374170521012195}, "datetime": {"datetime": "2024-01-20 15:57:46", "elapsed": 5633.184181, "delta": 0.005938}}
{"target": -12.345241065814776, "params": {"colsample_bytree": 0.28230469231803856, "eta": 0.06689434538536758, "gamma": 512.9136371218016, "max_depth": 8.0, "min_child_weight": 4235.806631607383, "num_boost_round": 78.0, "subsample": 0.3374170521012195}, "datetime": {"datetime": "2024-01-20 15:57:46", "elapsed": 5633.190183, "delta": 0.006002}}
{"target": -12.345257985755872, "params": {"colsample_bytree": 0.28230469231803856, "eta": 0.06689434538536758, "gamma": 512.9136371218016, "max_depth": 8.0, "min_child_weight": 4235.806631607383, "num_boost_round": 79.0, "subsample": 0.3374170521012195}, "datetime": {"datetime": "2024-01-20 15:57:46", "elapsed": 5633.196139, "delta": 0.005956}}
{"target": -12.345290447701363, "params": {"colsample_bytree": 0.28230469231803856, "eta": 0.06689434538536758, "gamma": 512.9136371218016, "max_depth": 8.0, "min_child_weight": 4235.806631607383, "num_boost_round": 80.0, "subsample": 0.3374170521012195}, "datetime": {"datetime": "2024-01-20 15:57:46", "elapsed": 5633.202101, "delta": 0.005962}}
{"target": -12.34536830308064, "params": {"colsample_bytree": 0.28230469231803856, "eta": 0.06689434538536758, "gamma": 512.9136371218016, "max_depth": 8.0, "min_child_weight": 4235.806631607383, "num_boost_round": 81.0, "subsample": 0.3374170521012195}, "datetime": {"datetime": "2024-01-20 15:57:46", "elapsed": 5633.208039, "delta": 0.005938}}
{"target": -12.345154054418607, "params": {"colsample_bytree": 0.28230469231803856, "eta": 0.06689434538536758, "gamma": 512.9136371218016, "max_depth": 8.0, "min_child_weight": 4235.806631607383, "num_boost_round": 82.0, "subsample": 0.3374170521012195}, "datetime": {"datetime": "2024-01-20 15:57:46", "elapsed": 5633.213959, "delta": 0.00592}}
{"target": -12.345081950884957, "params": {"colsample_bytree": 0.28230469231803856, "eta": 0.06689434538536758, "gamma": 512.9136371218016, "max_depth": 8.0, "min_child_weight": 4235.806631607383, "num_boost_round": 83.0, "subsample": 0.3374170521012195}, "datetime": {"datetime": "2024-01-20 15:57:46", "elapsed": 5633.219884, "delta": 0.005925}}
{"target": -12.345143369958421, "params": {"colsample_bytree": 0.28230469231803856, "eta": 0.06689434538536758, "gamma": 512.9136371218016, "max_depth": 8.0, "min_child_weight": 4235.806631607383, "num_boost_round": 84.0, "subsample": 0.3374170521012195}, "datetime": {"datetime": "2024-01-20 15:57:46", "elapsed": 5633.225926, "delta": 0.006042}}
{"target": -12.34520444867734, "params": {"colsample_bytree": 0.28230469231803856, "eta": 0.06689434538536758, "gamma": 512.9136371218016, "max_depth": 8.0, "min_child_weight": 4235.806631607383, "num_boost_round": 85.0, "subsample": 0.3374170521012195}, "datetime": {"datetime": "2024-01-20 15:57:46", "elapsed": 5633.231966, "delta": 0.00604}}
{"target": -12.35807901510929, "params": {"colsample_bytree": 0.2801827588623992, "eta": 0.020577664639661496, "gamma": 570.859082242945, "max_depth": 5.0, "min_child_weight": 4215.596789032237, "num_boost_round": 1.0, "subsample": 0.548440759542111}, "datetime": {"datetime": "2024-01-20 16:01:18", "elapsed": 5844.612763, "delta": 211.380797}}
{"target": -12.357631888155625, "params": {"colsample_bytree": 0.2801827588623992, "eta": 0.020577664639661496, "gamma": 570.859082242945, "max_depth": 5.0, "min_child_weight": 4215.596789032237, "num_boost_round": 2.0, "subsample": 0.548440759542111}, "datetime": {"datetime": "2024-01-20 16:01:18", "elapsed": 5844.619903, "delta": 0.00714}}
{"target": -12.356440888932422, "params": {"colsample_bytree": 0.2801827588623992, "eta": 0.020577664639661496, "gamma": 570.859082242945, "max_depth": 5.0, "min_child_weight": 4215.596789032237, "num_boost_round": 3.0, "subsample": 0.548440759542111}, "datetime": {"datetime": "2024-01-20 16:01:18", "elapsed": 5844.626096, "delta": 0.006193}}
{"target": -12.356512552795458, "params": {"colsample_bytree": 0.2801827588623992, "eta": 0.020577664639661496, "gamma": 570.859082242945, "max_depth": 5.0, "min_child_weight": 4215.596789032237, "num_boost_round": 4.0, "subsample": 0.548440759542111}, "datetime": {"datetime": "2024-01-20 16:01:18", "elapsed": 5844.632122, "delta": 0.006026}}
{"target": -12.356007703200628, "params": {"colsample_bytree": 0.2801827588623992, "eta": 0.020577664639661496, "gamma": 570.859082242945, "max_depth": 5.0, "min_child_weight": 4215.596789032237, "num_boost_round": 5.0, "subsample": 0.548440759542111}, "datetime": {"datetime": "2024-01-20 16:01:18", "elapsed": 5844.638237, "delta": 0.006115}}
{"target": -12.355454637290375, "params": {"colsample_bytree": 0.2801827588623992, "eta": 0.020577664639661496, "gamma": 570.859082242945, "max_depth": 5.0, "min_child_weight": 4215.596789032237, "num_boost_round": 6.0, "subsample": 0.548440759542111}, "datetime": {"datetime": "2024-01-20 16:01:18", "elapsed": 5844.644385, "delta": 0.006148}}
{"target": -12.35552634105914, "params": {"colsample_bytree": 0.2801827588623992, "eta": 0.020577664639661496, "gamma": 570.859082242945, "max_depth": 5.0, "min_child_weight": 4215.596789032237, "num_boost_round": 7.0, "subsample": 0.548440759542111}, "datetime": {"datetime": "2024-01-20 16:01:18", "elapsed": 5844.650417, "delta": 0.006032}}
{"target": -12.355048831840165, "params": {"colsample_bytree": 0.2801827588623992, "eta": 0.020577664639661496, "gamma": 570.859082242945, "max_depth": 5.0, "min_child_weight": 4215.596789032237, "num_boost_round": 8.0, "subsample": 0.548440759542111}, "datetime": {"datetime": "2024-01-20 16:01:18", "elapsed": 5844.656376, "delta": 0.005959}}
{"target": -12.355075170477136, "params": {"colsample_bytree": 0.2801827588623992, "eta": 0.020577664639661496, "gamma": 570.859082242945, "max_depth": 5.0, "min_child_weight": 4215.596789032237, "num_boost_round": 9.0, "subsample": 0.548440759542111}, "datetime": {"datetime": "2024-01-20 16:01:18", "elapsed": 5844.662513, "delta": 0.006137}}
{"target": -12.354807409232063, "params": {"colsample_bytree": 0.2801827588623992, "eta": 0.020577664639661496, "gamma": 570.859082242945, "max_depth": 5.0, "min_child_weight": 4215.596789032237, "num_boost_round": 10.0, "subsample": 0.548440759542111}, "datetime": {"datetime": "2024-01-20 16:01:18", "elapsed": 5844.668427, "delta": 0.005914}}
{"target": -12.35437112390236, "params": {"colsample_bytree": 0.2801827588623992, "eta": 0.020577664639661496, "gamma": 570.859082242945, "max_depth": 5.0, "min_child_weight": 4215.596789032237, "num_boost_round": 11.0, "subsample": 0.548440759542111}, "datetime": {"datetime": "2024-01-20 16:01:18", "elapsed": 5844.674348, "delta": 0.005921}}
{"target": -12.353983318122172, "params": {"colsample_bytree": 0.2801827588623992, "eta": 0.020577664639661496, "gamma": 570.859082242945, "max_depth": 5.0, "min_child_weight": 4215.596789032237, "num_boost_round": 12.0, "subsample": 0.548440759542111}, "datetime": {"datetime": "2024-01-20 16:01:18", "elapsed": 5844.680389, "delta": 0.006041}}
{"target": -12.354104856561968, "params": {"colsample_bytree": 0.2801827588623992, "eta": 0.020577664639661496, "gamma": 570.859082242945, "max_depth": 5.0, "min_child_weight": 4215.596789032237, "num_boost_round": 13.0, "subsample": 0.548440759542111}, "datetime": {"datetime": "2024-01-20 16:01:18", "elapsed": 5844.68639, "delta": 0.006001}}
{"target": -12.353675074309425, "params": {"colsample_bytree": 0.2801827588623992, "eta": 0.020577664639661496, "gamma": 570.859082242945, "max_depth": 5.0, "min_child_weight": 4215.596789032237, "num_boost_round": 14.0, "subsample": 0.548440759542111}, "datetime": {"datetime": "2024-01-20 16:01:18", "elapsed": 5844.692334, "delta": 0.005944}}
{"target": -12.353151024864449, "params": {"colsample_bytree": 0.2801827588623992, "eta": 0.020577664639661496, "gamma": 570.859082242945, "max_depth": 5.0, "min_child_weight": 4215.596789032237, "num_boost_round": 15.0, "subsample": 0.548440759542111}, "datetime": {"datetime": "2024-01-20 16:01:18", "elapsed": 5844.698458, "delta": 0.006124}}
{"target": -12.352781718424888, "params": {"colsample_bytree": 0.2801827588623992, "eta": 0.020577664639661496, "gamma": 570.859082242945, "max_depth": 5.0, "min_child_weight": 4215.596789032237, "num_boost_round": 16.0, "subsample": 0.548440759542111}, "datetime": {"datetime": "2024-01-20 16:01:18", "elapsed": 5844.704567, "delta": 0.006109}}
{"target": -12.352889506834698, "params": {"colsample_bytree": 0.2801827588623992, "eta": 0.020577664639661496, "gamma": 570.859082242945, "max_depth": 5.0, "min_child_weight": 4215.596789032237, "num_boost_round": 17.0, "subsample": 0.548440759542111}, "datetime": {"datetime": "2024-01-20 16:01:18", "elapsed": 5844.710539, "delta": 0.005972}}
{"target": -12.352820614678889, "params": {"colsample_bytree": 0.2801827588623992, "eta": 0.020577664639661496, "gamma": 570.859082242945, "max_depth": 5.0, "min_child_weight": 4215.596789032237, "num_boost_round": 18.0, "subsample": 0.548440759542111}, "datetime": {"datetime": "2024-01-20 16:01:18", "elapsed": 5844.716464, "delta": 0.005925}}
{"target": -12.352742673763633, "params": {"colsample_bytree": 0.2801827588623992, "eta": 0.020577664639661496, "gamma": 570.859082242945, "max_depth": 5.0, "min_child_weight": 4215.596789032237, "num_boost_round": 19.0, "subsample": 0.548440759542111}, "datetime": {"datetime": "2024-01-20 16:01:18", "elapsed": 5844.722717, "delta": 0.006253}}
{"target": -12.352370368855826, "params": {"colsample_bytree": 0.2801827588623992, "eta": 0.020577664639661496, "gamma": 570.859082242945, "max_depth": 5.0, "min_child_weight": 4215.596789032237, "num_boost_round": 20.0, "subsample": 0.548440759542111}, "datetime": {"datetime": "2024-01-20 16:01:18", "elapsed": 5844.72887, "delta": 0.006153}}
{"target": -12.352340574861467, "params": {"colsample_bytree": 0.2801827588623992, "eta": 0.020577664639661496, "gamma": 570.859082242945, "max_depth": 5.0, "min_child_weight": 4215.596789032237, "num_boost_round": 21.0, "subsample": 0.548440759542111}, "datetime": {"datetime": "2024-01-20 16:01:18", "elapsed": 5844.734949, "delta": 0.006079}}
{"target": -12.35232006539616, "params": {"colsample_bytree": 0.2801827588623992, "eta": 0.020577664639661496, "gamma": 570.859082242945, "max_depth": 5.0, "min_child_weight": 4215.596789032237, "num_boost_round": 22.0, "subsample": 0.548440759542111}, "datetime": {"datetime": "2024-01-20 16:01:18", "elapsed": 5844.74103, "delta": 0.006081}}
{"target": -12.351800493712005, "params": {"colsample_bytree": 0.2801827588623992, "eta": 0.020577664639661496, "gamma": 570.859082242945, "max_depth": 5.0, "min_child_weight": 4215.596789032237, "num_boost_round": 23.0, "subsample": 0.548440759542111}, "datetime": {"datetime": "2024-01-20 16:01:18", "elapsed": 5844.747069, "delta": 0.006039}}
{"target": -12.351882410182938, "params": {"colsample_bytree": 0.2801827588623992, "eta": 0.020577664639661496, "gamma": 570.859082242945, "max_depth": 5.0, "min_child_weight": 4215.596789032237, "num_boost_round": 24.0, "subsample": 0.548440759542111}, "datetime": {"datetime": "2024-01-20 16:01:18", "elapsed": 5844.753047, "delta": 0.005978}}
{"target": -12.351159862339875, "params": {"colsample_bytree": 0.2801827588623992, "eta": 0.020577664639661496, "gamma": 570.859082242945, "max_depth": 5.0, "min_child_weight": 4215.596789032237, "num_boost_round": 25.0, "subsample": 0.548440759542111}, "datetime": {"datetime": "2024-01-20 16:01:18", "elapsed": 5844.759127, "delta": 0.00608}}
{"target": -12.351155900772362, "params": {"colsample_bytree": 0.2801827588623992, "eta": 0.020577664639661496, "gamma": 570.859082242945, "max_depth": 5.0, "min_child_weight": 4215.596789032237, "num_boost_round": 26.0, "subsample": 0.548440759542111}, "datetime": {"datetime": "2024-01-20 16:01:18", "elapsed": 5844.765181, "delta": 0.006054}}
