{"target": -10.305481282034982, "params": {"colsample_bytree": 0.37243561548685655, "eta": 0.0683798226364842, "gamma": 797.438557983091, "max_depth": 5.0, "min_child_weight": 4588.768506926347, "num_boost_round": 31.0, "subsample": 0.4272976910291847}, "datetime": {"datetime": "2024-01-20 14:58:36", "elapsed": 5813.871066, "delta": 0.003819}}
{"target": -10.305761567961405, "params": {"colsample_bytree": 0.37243561548685655, "eta": 0.0683798226364842, "gamma": 797.438557983091, "max_depth": 5.0, "min_child_weight": 4588.768506926347, "num_boost_round": 32.0, "subsample": 0.4272976910291847}, "datetime": {"datetime": "2024-01-20 14:58:36", "elapsed": 5813.875117, "delta": 0.004051}}
{"target": -10.306034856231879, "params": {"colsample_bytree": 0.37243561548685655, "eta": 0.0683798226364842, "gamma": 797.438557983091, "max_depth": 5.0, "min_child_weight": 4588.768506926347, "num_boost_round": 33.0, "subsample": 0.4272976910291847}, "datetime": {"datetime": "2024-01-20 14:58:36", "elapsed": 5813.879049, "delta": 0.003932}}
{"target": -10.306103671295142, "params": {"colsample_bytree": 0.37243561548685655, "eta": 0.0683798226364842, "gamma": 797.438557983091, "max_depth": 5.0, "min_child_weight": 4588.768506926347, "num_boost_round": 34.0, "subsample": 0.4272976910291847}, "datetime": {"datetime": "2024-01-20 14:58:36", "elapsed": 5813.88285, "delta": 0.003801}}
{"target": -10.306113001305183, "params": {"colsample_bytree": 0.37243561548685655, "eta": 0.0683798226364842, "gamma": 797.438557983091, "max_depth": 5.0, "min_child_weight": 4588.768506926347, "num_boost_round": 35.0, "subsample": 0.4272976910291847}, "datetime": {"datetime": "2024-01-20 14:58:36", "elapsed": 5813.886494, "delta": 0.003644}}
{"target": -10.30642103922445, "params": {"colsample_bytree": 0.37243561548685655, "eta": 0.0683798226364842, "gamma": 797.438557983091, "max_depth": 5.0, "min_child_weight": 4588.768506926347, "num_boost_round": 36.0, "subsample": 0.4272976910291847}, "datetime": {"datetime": "2024-01-20 14:58:36", "elapsed": 5813.890108, "delta": 0.003614}}
{"target": -10.306684731000384, "params": {"colsample_bytree": 0.37243561548685655, "eta": 0.0683798226364842, "gamma": 797.438557983091, "max_depth": 5.0, "min_child_weight": 4588.768506926347, "num_boost_round": 37.0, "subsample": 0.4272976910291847}, "datetime": {"datetime": "2024-01-20 14:58:36", "elapsed": 5813.893825, "delta": 0.003717}}
{"target": -10.306893186493333, "params": {"colsample_bytree": 0.37243561548685655, "eta": 0.0683798226364842, "gamma": 797.438557983091, "max_depth": 5.0, "min_child_weight": 4588.768506926347, "num_boost_round": 38.0, "subsample": 0.4272976910291847}, "datetime": {"datetime": "2024-01-20 14:58:36", "elapsed": 5813.897357, "delta": 0.003532}}
{"target": -10.307033533787523, "params": {"colsample_bytree": 0.37243561548685655, "eta": 0.0683798226364842, "gamma": 797.438557983091, "max_depth": 5.0, "min_child_weight": 4588.768506926347, "num_boost_round": 39.0, "subsample": 0.4272976910291847}, "datetime": {"datetime": "2024-01-20 14:58:36", "elapsed": 5813.903215, "delta": 0.005858}}
{"target": -10.307048350859931, "params": {"colsample_bytree": 0.37243561548685655, "eta": 0.0683798226364842, "gamma": 797.438557983091, "max_depth": 5.0, "min_child_weight": 4588.768506926347, "num_boost_round": 40.0, "subsample": 0.4272976910291847}, "datetime": {"datetime": "2024-01-20 14:58:36", "elapsed": 5813.908338, "delta": 0.005123}}
{"target": -10.307001461343031, "params": {"colsample_bytree": 0.37243561548685655, "eta": 0.0683798226364842, "gamma": 797.438557983091, "max_depth": 5.0, "min_child_weight": 4588.768506926347, "num_boost_round": 41.0, "subsample": 0.4272976910291847}, "datetime": {"datetime": "2024-01-20 14:58:36", "elapsed": 5813.913274, "delta": 0.004936}}
{"target": -10.306936803039036, "params": {"colsample_bytree": 0.37243561548685655, "eta": 0.0683798226364842, "gamma": 797.438557983091, "max_depth": 5.0, "min_child_weight": 4588.768506926347, "num_boost_round": 42.0, "subsample": 0.4272976910291847}, "datetime": {"datetime": "2024-01-20 14:58:36", "elapsed": 5813.917958, "delta": 0.004684}}
{"target": -10.307092539373858, "params": {"colsample_bytree": 0.37243561548685655, "eta": 0.0683798226364842, "gamma": 797.438557983091, "max_depth": 5.0, "min_child_weight": 4588.768506926347, "num_boost_round": 43.0, "subsample": 0.4272976910291847}, "datetime": {"datetime": "2024-01-20 14:58:36", "elapsed": 5813.922559, "delta": 0.004601}}
{"target": -10.307378260218048, "params": {"colsample_bytree": 0.37243561548685655, "eta": 0.0683798226364842, "gamma": 797.438557983091, "max_depth": 5.0, "min_child_weight": 4588.768506926347, "num_boost_round": 44.0, "subsample": 0.4272976910291847}, "datetime": {"datetime": "2024-01-20 14:58:36", "elapsed": 5813.927083, "delta": 0.004524}}
{"target": -10.307460768722503, "params": {"colsample_bytree": 0.37243561548685655, "eta": 0.0683798226364842, "gamma": 797.438557983091, "max_depth": 5.0, "min_child_weight": 4588.768506926347, "num_boost_round": 45.0, "subsample": 0.4272976910291847}, "datetime": {"datetime": "2024-01-20 14:58:36", "elapsed": 5813.931454, "delta": 0.004371}}
{"target": -10.307567315979345, "params": {"colsample_bytree": 0.37243561548685655, "eta": 0.0683798226364842, "gamma": 797.438557983091, "max_depth": 5.0, "min_child_weight": 4588.768506926347, "num_boost_round": 46.0, "subsample": 0.4272976910291847}, "datetime": {"datetime": "2024-01-20 14:58:36", "elapsed": 5813.935915, "delta": 0.004461}}
{"target": -10.307961932826043, "params": {"colsample_bytree": 0.37243561548685655, "eta": 0.0683798226364842, "gamma": 797.438557983091, "max_depth": 5.0, "min_child_weight": 4588.768506926347, "num_boost_round": 47.0, "subsample": 0.4272976910291847}, "datetime": {"datetime": "2024-01-20 14:58:36", "elapsed": 5813.941001, "delta": 0.005086}}
{"target": -10.307927838719909, "params": {"colsample_bytree": 0.37243561548685655, "eta": 0.0683798226364842, "gamma": 797.438557983091, "max_depth": 5.0, "min_child_weight": 4588.768506926347, "num_boost_round": 48.0, "subsample": 0.4272976910291847}, "datetime": {"datetime": "2024-01-20 14:58:36", "elapsed": 5813.945327, "delta": 0.004326}}
{"target": -10.308029707205375, "params": {"colsample_bytree": 0.37243561548685655, "eta": 0.0683798226364842, "gamma": 797.438557983091, "max_depth": 5.0, "min_child_weight": 4588.768506926347, "num_boost_round": 49.0, "subsample": 0.4272976910291847}, "datetime": {"datetime": "2024-01-20 14:58:36", "elapsed": 5813.949588, "delta": 0.004261}}
{"target": -10.308179786572518, "params": {"colsample_bytree": 0.37243561548685655, "eta": 0.0683798226364842, "gamma": 797.438557983091, "max_depth": 5.0, "min_child_weight": 4588.768506926347, "num_boost_round": 50.0, "subsample": 0.4272976910291847}, "datetime": {"datetime": "2024-01-20 14:58:36", "elapsed": 5813.953714, "delta": 0.004126}}
{"target": -10.30841742893291, "params": {"colsample_bytree": 0.37243561548685655, "eta": 0.0683798226364842, "gamma": 797.438557983091, "max_depth": 5.0, "min_child_weight": 4588.768506926347, "num_boost_round": 51.0, "subsample": 0.4272976910291847}, "datetime": {"datetime": "2024-01-20 14:58:36", "elapsed": 5813.957964, "delta": 0.00425}}
{"target": -10.30843421272045, "params": {"colsample_bytree": 0.37243561548685655, "eta": 0.0683798226364842, "gamma": 797.438557983091, "max_depth": 5.0, "min_child_weight": 4588.768506926347, "num_boost_round": 52.0, "subsample": 0.4272976910291847}, "datetime": {"datetime": "2024-01-20 14:58:36", "elapsed": 5813.962348, "delta": 0.004384}}
{"target": -10.308580803898113, "params": {"colsample_bytree": 0.37243561548685655, "eta": 0.0683798226364842, "gamma": 797.438557983091, "max_depth": 5.0, "min_child_weight": 4588.768506926347, "num_boost_round": 53.0, "subsample": 0.4272976910291847}, "datetime": {"datetime": "2024-01-20 14:58:36", "elapsed": 5813.966611, "delta": 0.004263}}
{"target": -10.308586780051675, "params": {"colsample_bytree": 0.37243561548685655, "eta": 0.0683798226364842, "gamma": 797.438557983091, "max_depth": 5.0, "min_child_weight": 4588.768506926347, "num_boost_round": 54.0, "subsample": 0.4272976910291847}, "datetime": {"datetime": "2024-01-20 14:58:36", "elapsed": 5813.970798, "delta": 0.004187}}
{"target": -10.308719632264005, "params": {"colsample_bytree": 0.37243561548685655, "eta": 0.0683798226364842, "gamma": 797.438557983091, "max_depth": 5.0, "min_child_weight": 4588.768506926347, "num_boost_round": 55.0, "subsample": 0.4272976910291847}, "datetime": {"datetime": "2024-01-20 14:58:36", "elapsed": 5813.976506, "delta": 0.005708}}
{"target": -10.308834363207257, "params": {"colsample_bytree": 0.37243561548685655, "eta": 0.0683798226364842, "gamma": 797.438557983091, "max_depth": 5.0, "min_child_weight": 4588.768506926347, "num_boost_round": 56.0, "subsample": 0.4272976910291847}, "datetime": {"datetime": "2024-01-20 14:58:36", "elapsed": 5813.981232, "delta": 0.004726}}
{"target": -10.308853417975774, "params": {"colsample_bytree": 0.37243561548685655, "eta": 0.0683798226364842, "gamma": 797.438557983091, "max_depth": 5.0, "min_child_weight": 4588.768506926347, "num_boost_round": 57.0, "subsample": 0.4272976910291847}, "datetime": {"datetime": "2024-01-20 14:58:36", "elapsed": 5813.985243, "delta": 0.004011}}
{"target": -10.308969170998814, "params": {"colsample_bytree": 0.37243561548685655, "eta": 0.0683798226364842, "gamma": 797.438557983091, "max_depth": 5.0, "min_child_weight": 4588.768506926347, "num_boost_round": 58.0, "subsample": 0.4272976910291847}, "datetime": {"datetime": "2024-01-20 14:58:36", "elapsed": 5813.989231, "delta": 0.003988}}
{"target": -10.309056383671043, "params": {"colsample_bytree": 0.37243561548685655, "eta": 0.0683798226364842, "gamma": 797.438557983091, "max_depth": 5.0, "min_child_weight": 4588.768506926347, "num_boost_round": 59.0, "subsample": 0.4272976910291847}, "datetime": {"datetime": "2024-01-20 14:58:36", "elapsed": 5813.993084, "delta": 0.003853}}
{"target": -10.309055577504672, "params": {"colsample_bytree": 0.37243561548685655, "eta": 0.0683798226364842, "gamma": 797.438557983091, "max_depth": 5.0, "min_child_weight": 4588.768506926347, "num_boost_round": 60.0, "subsample": 0.4272976910291847}, "datetime": {"datetime": "2024-01-20 14:58:36", "elapsed": 5813.996712, "delta": 0.003628}}
{"target": -10.309360721893231, "params": {"colsample_bytree": 0.37243561548685655, "eta": 0.0683798226364842, "gamma": 797.438557983091, "max_depth": 5.0, "min_child_weight": 4588.768506926347, "num_boost_round": 61.0, "subsample": 0.4272976910291847}, "datetime": {"datetime": "2024-01-20 14:58:36", "elapsed": 5814.000409, "delta": 0.003697}}
{"target": -10.309426270535255, "params": {"colsample_bytree": 0.37243561548685655, "eta": 0.0683798226364842, "gamma": 797.438557983091, "max_depth": 5.0, "min_child_weight": 4588.768506926347, "num_boost_round": 62.0, "subsample": 0.4272976910291847}, "datetime": {"datetime": "2024-01-20 14:58:36", "elapsed": 5814.004554, "delta": 0.004145}}
{"target": -10.309479008809188, "params": {"colsample_bytree": 0.37243561548685655, "eta": 0.0683798226364842, "gamma": 797.438557983091, "max_depth": 5.0, "min_child_weight": 4588.768506926347, "num_boost_round": 63.0, "subsample": 0.4272976910291847}, "datetime": {"datetime": "2024-01-20 14:58:36", "elapsed": 5814.009271, "delta": 0.004717}}
{"target": -10.309531121390805, "params": {"colsample_bytree": 0.37243561548685655, "eta": 0.0683798226364842, "gamma": 797.438557983091, "max_depth": 5.0, "min_child_weight": 4588.768506926347, "num_boost_round": 64.0, "subsample": 0.4272976910291847}, "datetime": {"datetime": "2024-01-20 14:58:36", "elapsed": 5814.014169, "delta": 0.004898}}
{"target": -10.309596639918801, "params": {"colsample_bytree": 0.37243561548685655, "eta": 0.0683798226364842, "gamma": 797.438557983091, "max_depth": 5.0, "min_child_weight": 4588.768506926347, "num_boost_round": 65.0, "subsample": 0.4272976910291847}, "datetime": {"datetime": "2024-01-20 14:58:36", "elapsed": 5814.01904, "delta": 0.004871}}
{"target": -10.30976577187677, "params": {"colsample_bytree": 0.37243561548685655, "eta": 0.0683798226364842, "gamma": 797.438557983091, "max_depth": 5.0, "min_child_weight": 4588.768506926347, "num_boost_round": 66.0, "subsample": 0.4272976910291847}, "datetime": {"datetime": "2024-01-20 14:58:36", "elapsed": 5814.023518, "delta": 0.004478}}
{"target": -10.310156103231876, "params": {"colsample_bytree": 0.37243561548685655, "eta": 0.0683798226364842, "gamma": 797.438557983091, "max_depth": 5.0, "min_child_weight": 4588.768506926347, "num_boost_round": 67.0, "subsample": 0.4272976910291847}, "datetime": {"datetime": "2024-01-20 14:58:36", "elapsed": 5814.027833, "delta": 0.004315}}
{"target": -10.310244631920042, "params": {"colsample_bytree": 0.37243561548685655, "eta": 0.0683798226364842, "gamma": 797.438557983091, "max_depth": 5.0, "min_child_weight": 4588.768506926347, "num_boost_round": 68.0, "subsample": 0.4272976910291847}, "datetime": {"datetime": "2024-01-20 14:58:36", "elapsed": 5814.031953, "delta": 0.00412}}
{"target": -10.310772594381639, "params": {"colsample_bytree": 0.37243561548685655, "eta": 0.0683798226364842, "gamma": 797.438557983091, "max_depth": 5.0, "min_child_weight": 4588.768506926347, "num_boost_round": 69.0, "subsample": 0.4272976910291847}, "datetime": {"datetime": "2024-01-20 14:58:36", "elapsed": 5814.036152, "delta": 0.004199}}
{"target": -10.310825215183232, "params": {"colsample_bytree": 0.37243561548685655, "eta": 0.0683798226364842, "gamma": 797.438557983091, "max_depth": 5.0, "min_child_weight": 4588.768506926347, "num_boost_round": 70.0, "subsample": 0.4272976910291847}, "datetime": {"datetime": "2024-01-20 14:58:36", "elapsed": 5814.041856, "delta": 0.005704}}
{"target": -10.311074200710781, "params": {"colsample_bytree": 0.37243561548685655, "eta": 0.0683798226364842, "gamma": 797.438557983091, "max_depth": 5.0, "min_child_weight": 4588.768506926347, "num_boost_round": 71.0, "subsample": 0.4272976910291847}, "datetime": {"datetime": "2024-01-20 14:58:36", "elapsed": 5814.047322, "delta": 0.005466}}
{"target": -10.311079776018271, "params": {"colsample_bytree": 0.37243561548685655, "eta": 0.0683798226364842, "gamma": 797.438557983091, "max_depth": 5.0, "min_child_weight": 4588.768506926347, "num_boost_round": 72.0, "subsample": 0.4272976910291847}, "datetime": {"datetime": "2024-01-20 14:58:36", "elapsed": 5814.05156, "delta": 0.004238}}
{"target": -10.311107492312434, "params": {"colsample_bytree": 0.37243561548685655, "eta": 0.0683798226364842, "gamma": 797.438557983091, "max_depth": 5.0, "min_child_weight": 4588.768506926347, "num_boost_round": 73.0, "subsample": 0.4272976910291847}, "datetime": {"datetime": "2024-01-20 14:58:36", "elapsed": 5814.056011, "delta": 0.004451}}
{"target": -10.311291324094753, "params": {"colsample_bytree": 0.37243561548685655, "eta": 0.0683798226364842, "gamma": 797.438557983091, "max_depth": 5.0, "min_child_weight": 4588.768506926347, "num_boost_round": 74.0, "subsample": 0.4272976910291847}, "datetime": {"datetime": "2024-01-20 14:58:36", "elapsed": 5814.060393, "delta": 0.004382}}
{"target": -10.311284192530739, "params": {"colsample_bytree": 0.37243561548685655, "eta": 0.0683798226364842, "gamma": 797.438557983091, "max_depth": 5.0, "min_child_weight": 4588.768506926347, "num_boost_round": 75.0, "subsample": 0.4272976910291847}, "datetime": {"datetime": "2024-01-20 14:58:36", "elapsed": 5814.06483, "delta": 0.004437}}
{"target": -10.311500447399705, "params": {"colsample_bytree": 0.37243561548685655, "eta": 0.0683798226364842, "gamma": 797.438557983091, "max_depth": 5.0, "min_child_weight": 4588.768506926347, "num_boost_round": 76.0, "subsample": 0.4272976910291847}, "datetime": {"datetime": "2024-01-20 14:58:36", "elapsed": 5814.069286, "delta": 0.004456}}
{"target": -10.311423622035734, "params": {"colsample_bytree": 0.37243561548685655, "eta": 0.0683798226364842, "gamma": 797.438557983091, "max_depth": 5.0, "min_child_weight": 4588.768506926347, "num_boost_round": 77.0, "subsample": 0.4272976910291847}, "datetime": {"datetime": "2024-01-20 14:58:36", "elapsed": 5814.07406, "delta": 0.004774}}
{"target": -10.311465082069972, "params": {"colsample_bytree": 0.37243561548685655, "eta": 0.0683798226364842, "gamma": 797.438557983091, "max_depth": 5.0, "min_child_weight": 4588.768506926347, "num_boost_round": 78.0, "subsample": 0.4272976910291847}, "datetime": {"datetime": "2024-01-20 14:58:36", "elapsed": 5814.078521, "delta": 0.004461}}
{"target": -10.311757798154243, "params": {"colsample_bytree": 0.37243561548685655, "eta": 0.0683798226364842, "gamma": 797.438557983091, "max_depth": 5.0, "min_child_weight": 4588.768506926347, "num_boost_round": 79.0, "subsample": 0.4272976910291847}, "datetime": {"datetime": "2024-01-20 14:58:36", "elapsed": 5814.082783, "delta": 0.004262}}
{"target": -10.311859186150933, "params": {"colsample_bytree": 0.37243561548685655, "eta": 0.0683798226364842, "gamma": 797.438557983091, "max_depth": 5.0, "min_child_weight": 4588.768506926347, "num_boost_round": 80.0, "subsample": 0.4272976910291847}, "datetime": {"datetime": "2024-01-20 14:58:36", "elapsed": 5814.087024, "delta": 0.004241}}
{"target": -10.311771064303802, "params": {"colsample_bytree": 0.37243561548685655, "eta": 0.0683798226364842, "gamma": 797.438557983091, "max_depth": 5.0, "min_child_weight": 4588.768506926347, "num_boost_round": 81.0, "subsample": 0.4272976910291847}, "datetime": {"datetime": "2024-01-20 14:58:36", "elapsed": 5814.091121, "delta": 0.004097}}
{"target": -10.31203435955996, "params": {"colsample_bytree": 0.37243561548685655, "eta": 0.0683798226364842, "gamma": 797.438557983091, "max_depth": 5.0, "min_child_weight": 4588.768506926347, "num_boost_round": 82.0, "subsample": 0.4272976910291847}, "datetime": {"datetime": "2024-01-20 14:58:36", "elapsed": 5814.095024, "delta": 0.003903}}
{"target": -10.312130942147455, "params": {"colsample_bytree": 0.37243561548685655, "eta": 0.0683798226364842, "gamma": 797.438557983091, "max_depth": 5.0, "min_child_weight": 4588.768506926347, "num_boost_round": 83.0, "subsample": 0.4272976910291847}, "datetime": {"datetime": "2024-01-20 14:58:36", "elapsed": 5814.098952, "delta": 0.003928}}
{"target": -10.298475792318245, "params": {"colsample_bytree": 0.6157953295145201, "eta": 0.05770683500467628, "gamma": 790.4138443923538, "max_depth": 5.0, "min_child_weight": 4509.860774391265, "num_boost_round": 1.0, "subsample": 0.6933493451728382}, "datetime": {"datetime": "2024-01-20 15:00:24", "elapsed": 5921.803097, "delta": 107.704145}}
{"target": -10.298736794371575, "params": {"colsample_bytree": 0.6157953295145201, "eta": 0.05770683500467628, "gamma": 790.4138443923538, "max_depth": 5.0, "min_child_weight": 4509.860774391265, "num_boost_round": 2.0, "subsample": 0.6933493451728382}, "datetime": {"datetime": "2024-01-20 15:00:24", "elapsed": 5921.835639, "delta": 0.032542}}
{"target": -10.298845455818434, "params": {"colsample_bytree": 0.6157953295145201, "eta": 0.05770683500467628, "gamma": 790.4138443923538, "max_depth": 5.0, "min_child_weight": 4509.860774391265, "num_boost_round": 3.0, "subsample": 0.6933493451728382}, "datetime": {"datetime": "2024-01-20 15:00:24", "elapsed": 5921.845716, "delta": 0.010077}}
{"target": -10.299151290211787, "params": {"colsample_bytree": 0.6157953295145201, "eta": 0.05770683500467628, "gamma": 790.4138443923538, "max_depth": 5.0, "min_child_weight": 4509.860774391265, "num_boost_round": 4.0, "subsample": 0.6933493451728382}, "datetime": {"datetime": "2024-01-20 15:00:24", "elapsed": 5921.85107, "delta": 0.005354}}
{"target": -10.299515173345902, "params": {"colsample_bytree": 0.6157953295145201, "eta": 0.05770683500467628, "gamma": 790.4138443923538, "max_depth": 5.0, "min_child_weight": 4509.860774391265, "num_boost_round": 5.0, "subsample": 0.6933493451728382}, "datetime": {"datetime": "2024-01-20 15:00:24", "elapsed": 5921.85712, "delta": 0.00605}}
{"target": -10.299810449896563, "params": {"colsample_bytree": 0.6157953295145201, "eta": 0.05770683500467628, "gamma": 790.4138443923538, "max_depth": 5.0, "min_child_weight": 4509.860774391265, "num_boost_round": 6.0, "subsample": 0.6933493451728382}, "datetime": {"datetime": "2024-01-20 15:00:24", "elapsed": 5921.870416, "delta": 0.013296}}
{"target": -10.300077340545604, "params": {"colsample_bytree": 0.6157953295145201, "eta": 0.05770683500467628, "gamma": 790.4138443923538, "max_depth": 5.0, "min_child_weight": 4509.860774391265, "num_boost_round": 7.0, "subsample": 0.6933493451728382}, "datetime": {"datetime": "2024-01-20 15:00:24", "elapsed": 5921.875839, "delta": 0.005423}}
{"target": -10.300381047981677, "params": {"colsample_bytree": 0.6157953295145201, "eta": 0.05770683500467628, "gamma": 790.4138443923538, "max_depth": 5.0, "min_child_weight": 4509.860774391265, "num_boost_round": 8.0, "subsample": 0.6933493451728382}, "datetime": {"datetime": "2024-01-20 15:00:24", "elapsed": 5921.886208, "delta": 0.010369}}
{"target": -10.30080368772539, "params": {"colsample_bytree": 0.6157953295145201, "eta": 0.05770683500467628, "gamma": 790.4138443923538, "max_depth": 5.0, "min_child_weight": 4509.860774391265, "num_boost_round": 9.0, "subsample": 0.6933493451728382}, "datetime": {"datetime": "2024-01-20 15:00:24", "elapsed": 5921.89128, "delta": 0.005072}}
{"target": -10.301358153698018, "params": {"colsample_bytree": 0.6157953295145201, "eta": 0.05770683500467628, "gamma": 790.4138443923538, "max_depth": 5.0, "min_child_weight": 4509.860774391265, "num_boost_round": 10.0, "subsample": 0.6933493451728382}, "datetime": {"datetime": "2024-01-20 15:00:24", "elapsed": 5921.903167, "delta": 0.011887}}
