{"target": -13.499758589982742, "params": {"colsample_bytree": 0.8520921833435969, "eta": 0.08995491558406918, "gamma": 567.4968298131654, "max_depth": 2.0, "min_child_weight": 4394.3896205299725, "num_boost_round": 36.0, "subsample": 0.8393671806221255}, "datetime": {"datetime": "2024-01-20 14:49:47", "elapsed": 1540.61872, "delta": 0.002287}}
{"target": -13.499782178056723, "params": {"colsample_bytree": 0.8520921833435969, "eta": 0.08995491558406918, "gamma": 567.4968298131654, "max_depth": 2.0, "min_child_weight": 4394.3896205299725, "num_boost_round": 37.0, "subsample": 0.8393671806221255}, "datetime": {"datetime": "2024-01-20 14:49:47", "elapsed": 1540.621008, "delta": 0.002288}}
{"target": -13.49954742446742, "params": {"colsample_bytree": 0.8520921833435969, "eta": 0.08995491558406918, "gamma": 567.4968298131654, "max_depth": 2.0, "min_child_weight": 4394.3896205299725, "num_boost_round": 38.0, "subsample": 0.8393671806221255}, "datetime": {"datetime": "2024-01-20 14:49:47", "elapsed": 1540.623302, "delta": 0.002294}}
{"target": -13.499802405234554, "params": {"colsample_bytree": 0.8520921833435969, "eta": 0.08995491558406918, "gamma": 567.4968298131654, "max_depth": 2.0, "min_child_weight": 4394.3896205299725, "num_boost_round": 39.0, "subsample": 0.8393671806221255}, "datetime": {"datetime": "2024-01-20 14:49:47", "elapsed": 1540.625577, "delta": 0.002275}}
{"target": -13.499731415657859, "params": {"colsample_bytree": 0.8520921833435969, "eta": 0.08995491558406918, "gamma": 567.4968298131654, "max_depth": 2.0, "min_child_weight": 4394.3896205299725, "num_boost_round": 40.0, "subsample": 0.8393671806221255}, "datetime": {"datetime": "2024-01-20 14:49:47", "elapsed": 1540.627872, "delta": 0.002295}}
{"target": -13.49973847788397, "params": {"colsample_bytree": 0.8520921833435969, "eta": 0.08995491558406918, "gamma": 567.4968298131654, "max_depth": 2.0, "min_child_weight": 4394.3896205299725, "num_boost_round": 41.0, "subsample": 0.8393671806221255}, "datetime": {"datetime": "2024-01-20 14:49:47", "elapsed": 1540.630174, "delta": 0.002302}}
{"target": -13.499701843027628, "params": {"colsample_bytree": 0.8520921833435969, "eta": 0.08995491558406918, "gamma": 567.4968298131654, "max_depth": 2.0, "min_child_weight": 4394.3896205299725, "num_boost_round": 42.0, "subsample": 0.8393671806221255}, "datetime": {"datetime": "2024-01-20 14:49:47", "elapsed": 1540.632638, "delta": 0.002464}}
{"target": -13.50001063616589, "params": {"colsample_bytree": 0.8520921833435969, "eta": 0.08995491558406918, "gamma": 567.4968298131654, "max_depth": 2.0, "min_child_weight": 4394.3896205299725, "num_boost_round": 43.0, "subsample": 0.8393671806221255}, "datetime": {"datetime": "2024-01-20 14:49:47", "elapsed": 1540.635138, "delta": 0.0025}}
{"target": -13.499924628835902, "params": {"colsample_bytree": 0.8520921833435969, "eta": 0.08995491558406918, "gamma": 567.4968298131654, "max_depth": 2.0, "min_child_weight": 4394.3896205299725, "num_boost_round": 44.0, "subsample": 0.8393671806221255}, "datetime": {"datetime": "2024-01-20 14:49:47", "elapsed": 1540.637623, "delta": 0.002485}}
{"target": -13.499812030157084, "params": {"colsample_bytree": 0.8520921833435969, "eta": 0.08995491558406918, "gamma": 567.4968298131654, "max_depth": 2.0, "min_child_weight": 4394.3896205299725, "num_boost_round": 45.0, "subsample": 0.8393671806221255}, "datetime": {"datetime": "2024-01-20 14:49:47", "elapsed": 1540.63992, "delta": 0.002297}}
{"target": -13.499929400436697, "params": {"colsample_bytree": 0.8520921833435969, "eta": 0.08995491558406918, "gamma": 567.4968298131654, "max_depth": 2.0, "min_child_weight": 4394.3896205299725, "num_boost_round": 46.0, "subsample": 0.8393671806221255}, "datetime": {"datetime": "2024-01-20 14:49:47", "elapsed": 1540.642203, "delta": 0.002283}}
{"target": -13.49983206260448, "params": {"colsample_bytree": 0.8520921833435969, "eta": 0.08995491558406918, "gamma": 567.4968298131654, "max_depth": 2.0, "min_child_weight": 4394.3896205299725, "num_boost_round": 47.0, "subsample": 0.8393671806221255}, "datetime": {"datetime": "2024-01-20 14:49:47", "elapsed": 1540.644481, "delta": 0.002278}}
{"target": -13.499732237498652, "params": {"colsample_bytree": 0.8520921833435969, "eta": 0.08995491558406918, "gamma": 567.4968298131654, "max_depth": 2.0, "min_child_weight": 4394.3896205299725, "num_boost_round": 48.0, "subsample": 0.8393671806221255}, "datetime": {"datetime": "2024-01-20 14:49:47", "elapsed": 1540.646773, "delta": 0.002292}}
{"target": -13.499581834250808, "params": {"colsample_bytree": 0.8520921833435969, "eta": 0.08995491558406918, "gamma": 567.4968298131654, "max_depth": 2.0, "min_child_weight": 4394.3896205299725, "num_boost_round": 49.0, "subsample": 0.8393671806221255}, "datetime": {"datetime": "2024-01-20 14:49:47", "elapsed": 1540.649047, "delta": 0.002274}}
{"target": -13.499500067917277, "params": {"colsample_bytree": 0.8520921833435969, "eta": 0.08995491558406918, "gamma": 567.4968298131654, "max_depth": 2.0, "min_child_weight": 4394.3896205299725, "num_boost_round": 50.0, "subsample": 0.8393671806221255}, "datetime": {"datetime": "2024-01-20 14:49:47", "elapsed": 1540.651319, "delta": 0.002272}}
{"target": -13.49955214017746, "params": {"colsample_bytree": 0.8520921833435969, "eta": 0.08995491558406918, "gamma": 567.4968298131654, "max_depth": 2.0, "min_child_weight": 4394.3896205299725, "num_boost_round": 51.0, "subsample": 0.8393671806221255}, "datetime": {"datetime": "2024-01-20 14:49:47", "elapsed": 1540.653715, "delta": 0.002396}}
{"target": -13.499568364967201, "params": {"colsample_bytree": 0.8520921833435969, "eta": 0.08995491558406918, "gamma": 567.4968298131654, "max_depth": 2.0, "min_child_weight": 4394.3896205299725, "num_boost_round": 52.0, "subsample": 0.8393671806221255}, "datetime": {"datetime": "2024-01-20 14:49:47", "elapsed": 1540.656054, "delta": 0.002339}}
{"target": -13.499589151776185, "params": {"colsample_bytree": 0.8520921833435969, "eta": 0.08995491558406918, "gamma": 567.4968298131654, "max_depth": 2.0, "min_child_weight": 4394.3896205299725, "num_boost_round": 53.0, "subsample": 0.8393671806221255}, "datetime": {"datetime": "2024-01-20 14:49:47", "elapsed": 1540.658354, "delta": 0.0023}}
{"target": -13.499490255134297, "params": {"colsample_bytree": 0.8520921833435969, "eta": 0.08995491558406918, "gamma": 567.4968298131654, "max_depth": 2.0, "min_child_weight": 4394.3896205299725, "num_boost_round": 54.0, "subsample": 0.8393671806221255}, "datetime": {"datetime": "2024-01-20 14:49:47", "elapsed": 1540.660633, "delta": 0.002279}}
{"target": -13.499537712467163, "params": {"colsample_bytree": 0.8520921833435969, "eta": 0.08995491558406918, "gamma": 567.4968298131654, "max_depth": 2.0, "min_child_weight": 4394.3896205299725, "num_boost_round": 55.0, "subsample": 0.8393671806221255}, "datetime": {"datetime": "2024-01-20 14:49:47", "elapsed": 1540.662917, "delta": 0.002284}}
{"target": -13.499648491782427, "params": {"colsample_bytree": 0.8520921833435969, "eta": 0.08995491558406918, "gamma": 567.4968298131654, "max_depth": 2.0, "min_child_weight": 4394.3896205299725, "num_boost_round": 56.0, "subsample": 0.8393671806221255}, "datetime": {"datetime": "2024-01-20 14:49:47", "elapsed": 1540.665225, "delta": 0.002308}}
{"target": -13.499699386677381, "params": {"colsample_bytree": 0.8520921833435969, "eta": 0.08995491558406918, "gamma": 567.4968298131654, "max_depth": 2.0, "min_child_weight": 4394.3896205299725, "num_boost_round": 57.0, "subsample": 0.8393671806221255}, "datetime": {"datetime": "2024-01-20 14:49:47", "elapsed": 1540.667603, "delta": 0.002378}}
{"target": -13.499699994035446, "params": {"colsample_bytree": 0.8520921833435969, "eta": 0.08995491558406918, "gamma": 567.4968298131654, "max_depth": 2.0, "min_child_weight": 4394.3896205299725, "num_boost_round": 58.0, "subsample": 0.8393671806221255}, "datetime": {"datetime": "2024-01-20 14:49:47", "elapsed": 1540.669973, "delta": 0.00237}}
{"target": -13.499574673438548, "params": {"colsample_bytree": 0.8520921833435969, "eta": 0.08995491558406918, "gamma": 567.4968298131654, "max_depth": 2.0, "min_child_weight": 4394.3896205299725, "num_boost_round": 59.0, "subsample": 0.8393671806221255}, "datetime": {"datetime": "2024-01-20 14:49:47", "elapsed": 1540.672382, "delta": 0.002409}}
{"target": -13.499610302131309, "params": {"colsample_bytree": 0.8520921833435969, "eta": 0.08995491558406918, "gamma": 567.4968298131654, "max_depth": 2.0, "min_child_weight": 4394.3896205299725, "num_boost_round": 60.0, "subsample": 0.8393671806221255}, "datetime": {"datetime": "2024-01-20 14:49:47", "elapsed": 1540.674783, "delta": 0.002401}}
{"target": -13.49970182326452, "params": {"colsample_bytree": 0.8520921833435969, "eta": 0.08995491558406918, "gamma": 567.4968298131654, "max_depth": 2.0, "min_child_weight": 4394.3896205299725, "num_boost_round": 61.0, "subsample": 0.8393671806221255}, "datetime": {"datetime": "2024-01-20 14:49:47", "elapsed": 1540.677431, "delta": 0.002648}}
{"target": -13.499661032862317, "params": {"colsample_bytree": 0.8520921833435969, "eta": 0.08995491558406918, "gamma": 567.4968298131654, "max_depth": 2.0, "min_child_weight": 4394.3896205299725, "num_boost_round": 62.0, "subsample": 0.8393671806221255}, "datetime": {"datetime": "2024-01-20 14:49:47", "elapsed": 1540.680323, "delta": 0.002892}}
{"target": -13.499713978820543, "params": {"colsample_bytree": 0.8520921833435969, "eta": 0.08995491558406918, "gamma": 567.4968298131654, "max_depth": 2.0, "min_child_weight": 4394.3896205299725, "num_boost_round": 63.0, "subsample": 0.8393671806221255}, "datetime": {"datetime": "2024-01-20 14:49:47", "elapsed": 1540.683276, "delta": 0.002953}}
{"target": -13.499641349155326, "params": {"colsample_bytree": 0.8520921833435969, "eta": 0.08995491558406918, "gamma": 567.4968298131654, "max_depth": 2.0, "min_child_weight": 4394.3896205299725, "num_boost_round": 64.0, "subsample": 0.8393671806221255}, "datetime": {"datetime": "2024-01-20 14:49:47", "elapsed": 1540.686248, "delta": 0.002972}}
{"target": -13.49972249102818, "params": {"colsample_bytree": 0.8520921833435969, "eta": 0.08995491558406918, "gamma": 567.4968298131654, "max_depth": 2.0, "min_child_weight": 4394.3896205299725, "num_boost_round": 65.0, "subsample": 0.8393671806221255}, "datetime": {"datetime": "2024-01-20 14:49:47", "elapsed": 1540.688784, "delta": 0.002536}}
{"target": -13.499774322729971, "params": {"colsample_bytree": 0.8520921833435969, "eta": 0.08995491558406918, "gamma": 567.4968298131654, "max_depth": 2.0, "min_child_weight": 4394.3896205299725, "num_boost_round": 66.0, "subsample": 0.8393671806221255}, "datetime": {"datetime": "2024-01-20 14:49:47", "elapsed": 1540.691144, "delta": 0.00236}}
{"target": -13.499829450607852, "params": {"colsample_bytree": 0.8520921833435969, "eta": 0.08995491558406918, "gamma": 567.4968298131654, "max_depth": 2.0, "min_child_weight": 4394.3896205299725, "num_boost_round": 67.0, "subsample": 0.8393671806221255}, "datetime": {"datetime": "2024-01-20 14:49:47", "elapsed": 1540.693624, "delta": 0.00248}}
{"target": -13.4997667362048, "params": {"colsample_bytree": 0.8520921833435969, "eta": 0.08995491558406918, "gamma": 567.4968298131654, "max_depth": 2.0, "min_child_weight": 4394.3896205299725, "num_boost_round": 68.0, "subsample": 0.8393671806221255}, "datetime": {"datetime": "2024-01-20 14:49:47", "elapsed": 1540.696033, "delta": 0.002409}}
{"target": -13.499915820843926, "params": {"colsample_bytree": 0.8520921833435969, "eta": 0.08995491558406918, "gamma": 567.4968298131654, "max_depth": 2.0, "min_child_weight": 4394.3896205299725, "num_boost_round": 69.0, "subsample": 0.8393671806221255}, "datetime": {"datetime": "2024-01-20 14:49:47", "elapsed": 1540.698363, "delta": 0.00233}}
{"target": -13.499869062764866, "params": {"colsample_bytree": 0.8520921833435969, "eta": 0.08995491558406918, "gamma": 567.4968298131654, "max_depth": 2.0, "min_child_weight": 4394.3896205299725, "num_boost_round": 70.0, "subsample": 0.8393671806221255}, "datetime": {"datetime": "2024-01-20 14:49:47", "elapsed": 1540.700717, "delta": 0.002354}}
{"target": -13.499768662971567, "params": {"colsample_bytree": 0.8520921833435969, "eta": 0.08995491558406918, "gamma": 567.4968298131654, "max_depth": 2.0, "min_child_weight": 4394.3896205299725, "num_boost_round": 71.0, "subsample": 0.8393671806221255}, "datetime": {"datetime": "2024-01-20 14:49:47", "elapsed": 1540.703079, "delta": 0.002362}}
{"target": -13.499959605794892, "params": {"colsample_bytree": 0.8520921833435969, "eta": 0.08995491558406918, "gamma": 567.4968298131654, "max_depth": 2.0, "min_child_weight": 4394.3896205299725, "num_boost_round": 72.0, "subsample": 0.8393671806221255}, "datetime": {"datetime": "2024-01-20 14:49:47", "elapsed": 1540.705403, "delta": 0.002324}}
{"target": -13.499954444481357, "params": {"colsample_bytree": 0.8520921833435969, "eta": 0.08995491558406918, "gamma": 567.4968298131654, "max_depth": 2.0, "min_child_weight": 4394.3896205299725, "num_boost_round": 73.0, "subsample": 0.8393671806221255}, "datetime": {"datetime": "2024-01-20 14:49:47", "elapsed": 1540.707724, "delta": 0.002321}}
{"target": -13.499944443841706, "params": {"colsample_bytree": 0.8520921833435969, "eta": 0.08995491558406918, "gamma": 567.4968298131654, "max_depth": 2.0, "min_child_weight": 4394.3896205299725, "num_boost_round": 74.0, "subsample": 0.8393671806221255}, "datetime": {"datetime": "2024-01-20 14:49:47", "elapsed": 1540.710046, "delta": 0.002322}}
{"target": -13.499966463529994, "params": {"colsample_bytree": 0.8520921833435969, "eta": 0.08995491558406918, "gamma": 567.4968298131654, "max_depth": 2.0, "min_child_weight": 4394.3896205299725, "num_boost_round": 75.0, "subsample": 0.8393671806221255}, "datetime": {"datetime": "2024-01-20 14:49:47", "elapsed": 1540.712486, "delta": 0.00244}}
{"target": -13.500003400306957, "params": {"colsample_bytree": 0.8520921833435969, "eta": 0.08995491558406918, "gamma": 567.4968298131654, "max_depth": 2.0, "min_child_weight": 4394.3896205299725, "num_boost_round": 76.0, "subsample": 0.8393671806221255}, "datetime": {"datetime": "2024-01-20 14:49:47", "elapsed": 1540.714917, "delta": 0.002431}}
{"target": -13.499948655927437, "params": {"colsample_bytree": 0.8520921833435969, "eta": 0.08995491558406918, "gamma": 567.4968298131654, "max_depth": 2.0, "min_child_weight": 4394.3896205299725, "num_boost_round": 77.0, "subsample": 0.8393671806221255}, "datetime": {"datetime": "2024-01-20 14:49:47", "elapsed": 1540.717323, "delta": 0.002406}}
{"target": -13.499929248208591, "params": {"colsample_bytree": 0.8520921833435969, "eta": 0.08995491558406918, "gamma": 567.4968298131654, "max_depth": 2.0, "min_child_weight": 4394.3896205299725, "num_boost_round": 78.0, "subsample": 0.8393671806221255}, "datetime": {"datetime": "2024-01-20 14:49:47", "elapsed": 1540.719644, "delta": 0.002321}}
{"target": -13.49975780306592, "params": {"colsample_bytree": 0.8520921833435969, "eta": 0.08995491558406918, "gamma": 567.4968298131654, "max_depth": 2.0, "min_child_weight": 4394.3896205299725, "num_boost_round": 79.0, "subsample": 0.8393671806221255}, "datetime": {"datetime": "2024-01-20 14:49:47", "elapsed": 1540.722, "delta": 0.002356}}
{"target": -13.499702115833374, "params": {"colsample_bytree": 0.8520921833435969, "eta": 0.08995491558406918, "gamma": 567.4968298131654, "max_depth": 2.0, "min_child_weight": 4394.3896205299725, "num_boost_round": 80.0, "subsample": 0.8393671806221255}, "datetime": {"datetime": "2024-01-20 14:49:47", "elapsed": 1540.724331, "delta": 0.002331}}
{"target": -13.49980811758953, "params": {"colsample_bytree": 0.8520921833435969, "eta": 0.08995491558406918, "gamma": 567.4968298131654, "max_depth": 2.0, "min_child_weight": 4394.3896205299725, "num_boost_round": 81.0, "subsample": 0.8393671806221255}, "datetime": {"datetime": "2024-01-20 14:49:47", "elapsed": 1540.726666, "delta": 0.002335}}
{"target": -13.499647682458285, "params": {"colsample_bytree": 0.8520921833435969, "eta": 0.08995491558406918, "gamma": 567.4968298131654, "max_depth": 2.0, "min_child_weight": 4394.3896205299725, "num_boost_round": 82.0, "subsample": 0.8393671806221255}, "datetime": {"datetime": "2024-01-20 14:49:47", "elapsed": 1540.729043, "delta": 0.002377}}
{"target": -13.499815601548327, "params": {"colsample_bytree": 0.8520921833435969, "eta": 0.08995491558406918, "gamma": 567.4968298131654, "max_depth": 2.0, "min_child_weight": 4394.3896205299725, "num_boost_round": 83.0, "subsample": 0.8393671806221255}, "datetime": {"datetime": "2024-01-20 14:49:47", "elapsed": 1540.731377, "delta": 0.002334}}
{"target": -13.499943817421416, "params": {"colsample_bytree": 0.8520921833435969, "eta": 0.08995491558406918, "gamma": 567.4968298131654, "max_depth": 2.0, "min_child_weight": 4394.3896205299725, "num_boost_round": 84.0, "subsample": 0.8393671806221255}, "datetime": {"datetime": "2024-01-20 14:49:47", "elapsed": 1540.733887, "delta": 0.00251}}
{"target": -13.49991262409408, "params": {"colsample_bytree": 0.8520921833435969, "eta": 0.08995491558406918, "gamma": 567.4968298131654, "max_depth": 2.0, "min_child_weight": 4394.3896205299725, "num_boost_round": 85.0, "subsample": 0.8393671806221255}, "datetime": {"datetime": "2024-01-20 14:49:47", "elapsed": 1540.736345, "delta": 0.002458}}
{"target": -13.49982180877322, "params": {"colsample_bytree": 0.8520921833435969, "eta": 0.08995491558406918, "gamma": 567.4968298131654, "max_depth": 2.0, "min_child_weight": 4394.3896205299725, "num_boost_round": 86.0, "subsample": 0.8393671806221255}, "datetime": {"datetime": "2024-01-20 14:49:47", "elapsed": 1540.738807, "delta": 0.002462}}
{"target": -13.499836859170436, "params": {"colsample_bytree": 0.8520921833435969, "eta": 0.08995491558406918, "gamma": 567.4968298131654, "max_depth": 2.0, "min_child_weight": 4394.3896205299725, "num_boost_round": 87.0, "subsample": 0.8393671806221255}, "datetime": {"datetime": "2024-01-20 14:49:47", "elapsed": 1540.74134, "delta": 0.002533}}
{"target": -13.499898663399048, "params": {"colsample_bytree": 0.8520921833435969, "eta": 0.08995491558406918, "gamma": 567.4968298131654, "max_depth": 2.0, "min_child_weight": 4394.3896205299725, "num_boost_round": 88.0, "subsample": 0.8393671806221255}, "datetime": {"datetime": "2024-01-20 14:49:47", "elapsed": 1540.743694, "delta": 0.002354}}
{"target": -13.499890186685844, "params": {"colsample_bytree": 0.8520921833435969, "eta": 0.08995491558406918, "gamma": 567.4968298131654, "max_depth": 2.0, "min_child_weight": 4394.3896205299725, "num_boost_round": 89.0, "subsample": 0.8393671806221255}, "datetime": {"datetime": "2024-01-20 14:49:47", "elapsed": 1540.746098, "delta": 0.002404}}
{"target": -13.50002143559529, "params": {"colsample_bytree": 0.8520921833435969, "eta": 0.08995491558406918, "gamma": 567.4968298131654, "max_depth": 2.0, "min_child_weight": 4394.3896205299725, "num_boost_round": 90.0, "subsample": 0.8393671806221255}, "datetime": {"datetime": "2024-01-20 14:49:47", "elapsed": 1540.748435, "delta": 0.002337}}
{"target": -13.500072753310283, "params": {"colsample_bytree": 0.8520921833435969, "eta": 0.08995491558406918, "gamma": 567.4968298131654, "max_depth": 2.0, "min_child_weight": 4394.3896205299725, "num_boost_round": 91.0, "subsample": 0.8393671806221255}, "datetime": {"datetime": "2024-01-20 14:49:47", "elapsed": 1540.75077, "delta": 0.002335}}
{"target": -13.500008769964111, "params": {"colsample_bytree": 0.8520921833435969, "eta": 0.08995491558406918, "gamma": 567.4968298131654, "max_depth": 2.0, "min_child_weight": 4394.3896205299725, "num_boost_round": 92.0, "subsample": 0.8393671806221255}, "datetime": {"datetime": "2024-01-20 14:49:47", "elapsed": 1540.753215, "delta": 0.002445}}
{"target": -13.500021950488144, "params": {"colsample_bytree": 0.8520921833435969, "eta": 0.08995491558406918, "gamma": 567.4968298131654, "max_depth": 2.0, "min_child_weight": 4394.3896205299725, "num_boost_round": 93.0, "subsample": 0.8393671806221255}, "datetime": {"datetime": "2024-01-20 14:49:47", "elapsed": 1540.755597, "delta": 0.002382}}
{"target": -13.50007289273314, "params": {"colsample_bytree": 0.8520921833435969, "eta": 0.08995491558406918, "gamma": 567.4968298131654, "max_depth": 2.0, "min_child_weight": 4394.3896205299725, "num_boost_round": 94.0, "subsample": 0.8393671806221255}, "datetime": {"datetime": "2024-01-20 14:49:47", "elapsed": 1540.757993, "delta": 0.002396}}
{"target": -13.500277852673115, "params": {"colsample_bytree": 0.8520921833435969, "eta": 0.08995491558406918, "gamma": 567.4968298131654, "max_depth": 2.0, "min_child_weight": 4394.3896205299725, "num_boost_round": 95.0, "subsample": 0.8393671806221255}, "datetime": {"datetime": "2024-01-20 14:49:47", "elapsed": 1540.760367, "delta": 0.002374}}
{"target": -13.500075446112088, "params": {"colsample_bytree": 0.8520921833435969, "eta": 0.08995491558406918, "gamma": 567.4968298131654, "max_depth": 2.0, "min_child_weight": 4394.3896205299725, "num_boost_round": 96.0, "subsample": 0.8393671806221255}, "datetime": {"datetime": "2024-01-20 14:49:47", "elapsed": 1540.762732, "delta": 0.002365}}
{"target": -13.50014652211362, "params": {"colsample_bytree": 0.8520921833435969, "eta": 0.08995491558406918, "gamma": 567.4968298131654, "max_depth": 2.0, "min_child_weight": 4394.3896205299725, "num_boost_round": 97.0, "subsample": 0.8393671806221255}, "datetime": {"datetime": "2024-01-20 14:49:47", "elapsed": 1540.765089, "delta": 0.002357}}
{"target": -13.500119726720563, "params": {"colsample_bytree": 0.8520921833435969, "eta": 0.08995491558406918, "gamma": 567.4968298131654, "max_depth": 2.0, "min_child_weight": 4394.3896205299725, "num_boost_round": 98.0, "subsample": 0.8393671806221255}, "datetime": {"datetime": "2024-01-20 14:49:47", "elapsed": 1540.767449, "delta": 0.00236}}
