{"target": -13.396462273581715, "params": {"colsample_bytree": 0.7735028176809592, "eta": 0.00929192051554131, "gamma": 385.34525911272976, "max_depth": 5.0, "min_child_weight": 4435.176986881067, "num_boost_round": 20.0, "subsample": 0.17330424636476272}, "datetime": {"datetime": "2024-01-20 18:33:02", "elapsed": 14917.063846, "delta": 0.006096}}
{"target": -13.396404152941027, "params": {"colsample_bytree": 0.7735028176809592, "eta": 0.00929192051554131, "gamma": 385.34525911272976, "max_depth": 5.0, "min_child_weight": 4435.176986881067, "num_boost_round": 21.0, "subsample": 0.17330424636476272}, "datetime": {"datetime": "2024-01-20 18:33:02", "elapsed": 14917.069546, "delta": 0.0057}}
{"target": -13.39637895794617, "params": {"colsample_bytree": 0.7735028176809592, "eta": 0.00929192051554131, "gamma": 385.34525911272976, "max_depth": 5.0, "min_child_weight": 4435.176986881067, "num_boost_round": 22.0, "subsample": 0.17330424636476272}, "datetime": {"datetime": "2024-01-20 18:33:02", "elapsed": 14917.075443, "delta": 0.005897}}
{"target": -13.396382070524677, "params": {"colsample_bytree": 0.7735028176809592, "eta": 0.00929192051554131, "gamma": 385.34525911272976, "max_depth": 5.0, "min_child_weight": 4435.176986881067, "num_boost_round": 23.0, "subsample": 0.17330424636476272}, "datetime": {"datetime": "2024-01-20 18:33:02", "elapsed": 14917.081028, "delta": 0.005585}}
{"target": -13.396333388286191, "params": {"colsample_bytree": 0.7735028176809592, "eta": 0.00929192051554131, "gamma": 385.34525911272976, "max_depth": 5.0, "min_child_weight": 4435.176986881067, "num_boost_round": 24.0, "subsample": 0.17330424636476272}, "datetime": {"datetime": "2024-01-20 18:33:02", "elapsed": 14917.087212, "delta": 0.006184}}
{"target": -13.396338539372511, "params": {"colsample_bytree": 0.7735028176809592, "eta": 0.00929192051554131, "gamma": 385.34525911272976, "max_depth": 5.0, "min_child_weight": 4435.176986881067, "num_boost_round": 25.0, "subsample": 0.17330424636476272}, "datetime": {"datetime": "2024-01-20 18:33:02", "elapsed": 14917.093022, "delta": 0.00581}}
{"target": -13.396274647614353, "params": {"colsample_bytree": 0.7735028176809592, "eta": 0.00929192051554131, "gamma": 385.34525911272976, "max_depth": 5.0, "min_child_weight": 4435.176986881067, "num_boost_round": 26.0, "subsample": 0.17330424636476272}, "datetime": {"datetime": "2024-01-20 18:33:02", "elapsed": 14917.09863, "delta": 0.005608}}
{"target": -13.396279604448733, "params": {"colsample_bytree": 0.7735028176809592, "eta": 0.00929192051554131, "gamma": 385.34525911272976, "max_depth": 5.0, "min_child_weight": 4435.176986881067, "num_boost_round": 27.0, "subsample": 0.17330424636476272}, "datetime": {"datetime": "2024-01-20 18:33:02", "elapsed": 14917.104349, "delta": 0.005719}}
{"target": -13.396264390131126, "params": {"colsample_bytree": 0.7735028176809592, "eta": 0.00929192051554131, "gamma": 385.34525911272976, "max_depth": 5.0, "min_child_weight": 4435.176986881067, "num_boost_round": 28.0, "subsample": 0.17330424636476272}, "datetime": {"datetime": "2024-01-20 18:33:02", "elapsed": 14917.109975, "delta": 0.005626}}
{"target": -13.39625065780167, "params": {"colsample_bytree": 0.7735028176809592, "eta": 0.00929192051554131, "gamma": 385.34525911272976, "max_depth": 5.0, "min_child_weight": 4435.176986881067, "num_boost_round": 29.0, "subsample": 0.17330424636476272}, "datetime": {"datetime": "2024-01-20 18:33:02", "elapsed": 14917.115876, "delta": 0.005901}}
{"target": -13.396206109695171, "params": {"colsample_bytree": 0.7735028176809592, "eta": 0.00929192051554131, "gamma": 385.34525911272976, "max_depth": 5.0, "min_child_weight": 4435.176986881067, "num_boost_round": 30.0, "subsample": 0.17330424636476272}, "datetime": {"datetime": "2024-01-20 18:33:02", "elapsed": 14917.121869, "delta": 0.005993}}
{"target": -13.396230404136602, "params": {"colsample_bytree": 0.7735028176809592, "eta": 0.00929192051554131, "gamma": 385.34525911272976, "max_depth": 5.0, "min_child_weight": 4435.176986881067, "num_boost_round": 31.0, "subsample": 0.17330424636476272}, "datetime": {"datetime": "2024-01-20 18:33:02", "elapsed": 14917.127587, "delta": 0.005718}}
{"target": -13.396238599158739, "params": {"colsample_bytree": 0.7735028176809592, "eta": 0.00929192051554131, "gamma": 385.34525911272976, "max_depth": 5.0, "min_child_weight": 4435.176986881067, "num_boost_round": 32.0, "subsample": 0.17330424636476272}, "datetime": {"datetime": "2024-01-20 18:33:02", "elapsed": 14917.133774, "delta": 0.006187}}
{"target": -13.396273496568806, "params": {"colsample_bytree": 0.7735028176809592, "eta": 0.00929192051554131, "gamma": 385.34525911272976, "max_depth": 5.0, "min_child_weight": 4435.176986881067, "num_boost_round": 33.0, "subsample": 0.17330424636476272}, "datetime": {"datetime": "2024-01-20 18:33:02", "elapsed": 14917.139279, "delta": 0.005505}}
{"target": -13.396275563104961, "params": {"colsample_bytree": 0.7735028176809592, "eta": 0.00929192051554131, "gamma": 385.34525911272976, "max_depth": 5.0, "min_child_weight": 4435.176986881067, "num_boost_round": 34.0, "subsample": 0.17330424636476272}, "datetime": {"datetime": "2024-01-20 18:33:02", "elapsed": 14917.145057, "delta": 0.005778}}
{"target": -13.39625395788979, "params": {"colsample_bytree": 0.7735028176809592, "eta": 0.00929192051554131, "gamma": 385.34525911272976, "max_depth": 5.0, "min_child_weight": 4435.176986881067, "num_boost_round": 35.0, "subsample": 0.17330424636476272}, "datetime": {"datetime": "2024-01-20 18:33:02", "elapsed": 14917.15072, "delta": 0.005663}}
{"target": -13.396294481770196, "params": {"colsample_bytree": 0.7735028176809592, "eta": 0.00929192051554131, "gamma": 385.34525911272976, "max_depth": 5.0, "min_child_weight": 4435.176986881067, "num_boost_round": 36.0, "subsample": 0.17330424636476272}, "datetime": {"datetime": "2024-01-20 18:33:02", "elapsed": 14917.156483, "delta": 0.005763}}
{"target": -13.396263941506229, "params": {"colsample_bytree": 0.7735028176809592, "eta": 0.00929192051554131, "gamma": 385.34525911272976, "max_depth": 5.0, "min_child_weight": 4435.176986881067, "num_boost_round": 37.0, "subsample": 0.17330424636476272}, "datetime": {"datetime": "2024-01-20 18:33:02", "elapsed": 14917.162273, "delta": 0.00579}}
{"target": -13.396264794139293, "params": {"colsample_bytree": 0.7735028176809592, "eta": 0.00929192051554131, "gamma": 385.34525911272976, "max_depth": 5.0, "min_child_weight": 4435.176986881067, "num_boost_round": 38.0, "subsample": 0.17330424636476272}, "datetime": {"datetime": "2024-01-20 18:33:02", "elapsed": 14917.167901, "delta": 0.005628}}
{"target": -13.396197418000309, "params": {"colsample_bytree": 0.7735028176809592, "eta": 0.00929192051554131, "gamma": 385.34525911272976, "max_depth": 5.0, "min_child_weight": 4435.176986881067, "num_boost_round": 39.0, "subsample": 0.17330424636476272}, "datetime": {"datetime": "2024-01-20 18:33:02", "elapsed": 14917.173923, "delta": 0.006022}}
{"target": -13.396235124575124, "params": {"colsample_bytree": 0.7735028176809592, "eta": 0.00929192051554131, "gamma": 385.34525911272976, "max_depth": 5.0, "min_child_weight": 4435.176986881067, "num_boost_round": 40.0, "subsample": 0.17330424636476272}, "datetime": {"datetime": "2024-01-20 18:33:02", "elapsed": 14917.179501, "delta": 0.005578}}
{"target": -13.3962227061527, "params": {"colsample_bytree": 0.7735028176809592, "eta": 0.00929192051554131, "gamma": 385.34525911272976, "max_depth": 5.0, "min_child_weight": 4435.176986881067, "num_boost_round": 41.0, "subsample": 0.17330424636476272}, "datetime": {"datetime": "2024-01-20 18:33:02", "elapsed": 14917.185452, "delta": 0.005951}}
{"target": -13.396213089559243, "params": {"colsample_bytree": 0.7735028176809592, "eta": 0.00929192051554131, "gamma": 385.34525911272976, "max_depth": 5.0, "min_child_weight": 4435.176986881067, "num_boost_round": 42.0, "subsample": 0.17330424636476272}, "datetime": {"datetime": "2024-01-20 18:33:02", "elapsed": 14917.191261, "delta": 0.005809}}
{"target": -13.396206107262113, "params": {"colsample_bytree": 0.7735028176809592, "eta": 0.00929192051554131, "gamma": 385.34525911272976, "max_depth": 5.0, "min_child_weight": 4435.176986881067, "num_boost_round": 43.0, "subsample": 0.17330424636476272}, "datetime": {"datetime": "2024-01-20 18:33:02", "elapsed": 14917.197556, "delta": 0.006295}}
{"target": -13.396195389814128, "params": {"colsample_bytree": 0.7735028176809592, "eta": 0.00929192051554131, "gamma": 385.34525911272976, "max_depth": 5.0, "min_child_weight": 4435.176986881067, "num_boost_round": 44.0, "subsample": 0.17330424636476272}, "datetime": {"datetime": "2024-01-20 18:33:02", "elapsed": 14917.203792, "delta": 0.006236}}
{"target": -13.39760509947097, "params": {"colsample_bytree": 0.4604470289407203, "eta": 0.04761900724432739, "gamma": 446.8179838351778, "max_depth": 7.0, "min_child_weight": 4452.640269866493, "num_boost_round": 1.0, "subsample": 0.7546971852405279}, "datetime": {"datetime": "2024-01-20 18:36:06", "elapsed": 15100.88784, "delta": 183.684048}}
{"target": -13.39746928597929, "params": {"colsample_bytree": 0.4604470289407203, "eta": 0.04761900724432739, "gamma": 446.8179838351778, "max_depth": 7.0, "min_child_weight": 4452.640269866493, "num_boost_round": 2.0, "subsample": 0.7546971852405279}, "datetime": {"datetime": "2024-01-20 18:36:06", "elapsed": 15100.894394, "delta": 0.006554}}
{"target": -13.39729235277893, "params": {"colsample_bytree": 0.4604470289407203, "eta": 0.04761900724432739, "gamma": 446.8179838351778, "max_depth": 7.0, "min_child_weight": 4452.640269866493, "num_boost_round": 3.0, "subsample": 0.7546971852405279}, "datetime": {"datetime": "2024-01-20 18:36:06", "elapsed": 15100.900811, "delta": 0.006417}}
{"target": -13.39715049713765, "params": {"colsample_bytree": 0.4604470289407203, "eta": 0.04761900724432739, "gamma": 446.8179838351778, "max_depth": 7.0, "min_child_weight": 4452.640269866493, "num_boost_round": 4.0, "subsample": 0.7546971852405279}, "datetime": {"datetime": "2024-01-20 18:36:06", "elapsed": 15100.906751, "delta": 0.00594}}
{"target": -13.397571216051658, "params": {"colsample_bytree": 0.4604470289407203, "eta": 0.04761900724432739, "gamma": 446.8179838351778, "max_depth": 7.0, "min_child_weight": 4452.640269866493, "num_boost_round": 5.0, "subsample": 0.7546971852405279}, "datetime": {"datetime": "2024-01-20 18:36:06", "elapsed": 15100.912666, "delta": 0.005915}}
{"target": -13.397757514337851, "params": {"colsample_bytree": 0.4604470289407203, "eta": 0.04761900724432739, "gamma": 446.8179838351778, "max_depth": 7.0, "min_child_weight": 4452.640269866493, "num_boost_round": 6.0, "subsample": 0.7546971852405279}, "datetime": {"datetime": "2024-01-20 18:36:06", "elapsed": 15100.918468, "delta": 0.005802}}
{"target": -13.398362703355536, "params": {"colsample_bytree": 0.4604470289407203, "eta": 0.04761900724432739, "gamma": 446.8179838351778, "max_depth": 7.0, "min_child_weight": 4452.640269866493, "num_boost_round": 7.0, "subsample": 0.7546971852405279}, "datetime": {"datetime": "2024-01-20 18:36:06", "elapsed": 15100.924438, "delta": 0.00597}}
{"target": -13.398825621343063, "params": {"colsample_bytree": 0.4604470289407203, "eta": 0.04761900724432739, "gamma": 446.8179838351778, "max_depth": 7.0, "min_child_weight": 4452.640269866493, "num_boost_round": 8.0, "subsample": 0.7546971852405279}, "datetime": {"datetime": "2024-01-20 18:36:06", "elapsed": 15100.930362, "delta": 0.005924}}
{"target": -13.399550967060836, "params": {"colsample_bytree": 0.4604470289407203, "eta": 0.04761900724432739, "gamma": 446.8179838351778, "max_depth": 7.0, "min_child_weight": 4452.640269866493, "num_boost_round": 9.0, "subsample": 0.7546971852405279}, "datetime": {"datetime": "2024-01-20 18:36:06", "elapsed": 15100.936397, "delta": 0.006035}}
{"target": -13.400047637542356, "params": {"colsample_bytree": 0.4604470289407203, "eta": 0.04761900724432739, "gamma": 446.8179838351778, "max_depth": 7.0, "min_child_weight": 4452.640269866493, "num_boost_round": 10.0, "subsample": 0.7546971852405279}, "datetime": {"datetime": "2024-01-20 18:36:06", "elapsed": 15100.942647, "delta": 0.00625}}
{"target": -13.40033846230565, "params": {"colsample_bytree": 0.4604470289407203, "eta": 0.04761900724432739, "gamma": 446.8179838351778, "max_depth": 7.0, "min_child_weight": 4452.640269866493, "num_boost_round": 11.0, "subsample": 0.7546971852405279}, "datetime": {"datetime": "2024-01-20 18:36:06", "elapsed": 15100.948615, "delta": 0.005968}}
{"target": -13.4008132091868, "params": {"colsample_bytree": 0.4604470289407203, "eta": 0.04761900724432739, "gamma": 446.8179838351778, "max_depth": 7.0, "min_child_weight": 4452.640269866493, "num_boost_round": 12.0, "subsample": 0.7546971852405279}, "datetime": {"datetime": "2024-01-20 18:36:06", "elapsed": 15100.977648, "delta": 0.029033}}
{"target": -13.401107490969874, "params": {"colsample_bytree": 0.4604470289407203, "eta": 0.04761900724432739, "gamma": 446.8179838351778, "max_depth": 7.0, "min_child_weight": 4452.640269866493, "num_boost_round": 13.0, "subsample": 0.7546971852405279}, "datetime": {"datetime": "2024-01-20 18:36:06", "elapsed": 15100.98407, "delta": 0.006422}}
{"target": -13.401391946665017, "params": {"colsample_bytree": 0.4604470289407203, "eta": 0.04761900724432739, "gamma": 446.8179838351778, "max_depth": 7.0, "min_child_weight": 4452.640269866493, "num_boost_round": 14.0, "subsample": 0.7546971852405279}, "datetime": {"datetime": "2024-01-20 18:36:06", "elapsed": 15100.990434, "delta": 0.006364}}
{"target": -13.401924881822115, "params": {"colsample_bytree": 0.4604470289407203, "eta": 0.04761900724432739, "gamma": 446.8179838351778, "max_depth": 7.0, "min_child_weight": 4452.640269866493, "num_boost_round": 15.0, "subsample": 0.7546971852405279}, "datetime": {"datetime": "2024-01-20 18:36:06", "elapsed": 15100.996753, "delta": 0.006319}}
{"target": -13.402129752414199, "params": {"colsample_bytree": 0.4604470289407203, "eta": 0.04761900724432739, "gamma": 446.8179838351778, "max_depth": 7.0, "min_child_weight": 4452.640269866493, "num_boost_round": 16.0, "subsample": 0.7546971852405279}, "datetime": {"datetime": "2024-01-20 18:36:06", "elapsed": 15101.002664, "delta": 0.005911}}
{"target": -13.402496076314097, "params": {"colsample_bytree": 0.4604470289407203, "eta": 0.04761900724432739, "gamma": 446.8179838351778, "max_depth": 7.0, "min_child_weight": 4452.640269866493, "num_boost_round": 17.0, "subsample": 0.7546971852405279}, "datetime": {"datetime": "2024-01-20 18:36:06", "elapsed": 15101.35945, "delta": 0.356786}}
{"target": -13.40322209762741, "params": {"colsample_bytree": 0.4604470289407203, "eta": 0.04761900724432739, "gamma": 446.8179838351778, "max_depth": 7.0, "min_child_weight": 4452.640269866493, "num_boost_round": 18.0, "subsample": 0.7546971852405279}, "datetime": {"datetime": "2024-01-20 18:36:06", "elapsed": 15101.367267, "delta": 0.007817}}
{"target": -13.40364841264535, "params": {"colsample_bytree": 0.4604470289407203, "eta": 0.04761900724432739, "gamma": 446.8179838351778, "max_depth": 7.0, "min_child_weight": 4452.640269866493, "num_boost_round": 19.0, "subsample": 0.7546971852405279}, "datetime": {"datetime": "2024-01-20 18:36:06", "elapsed": 15101.373533, "delta": 0.006266}}
{"target": -13.40389544560293, "params": {"colsample_bytree": 0.4604470289407203, "eta": 0.04761900724432739, "gamma": 446.8179838351778, "max_depth": 7.0, "min_child_weight": 4452.640269866493, "num_boost_round": 20.0, "subsample": 0.7546971852405279}, "datetime": {"datetime": "2024-01-20 18:36:06", "elapsed": 15101.379806, "delta": 0.006273}}
{"target": -13.404109219517967, "params": {"colsample_bytree": 0.4604470289407203, "eta": 0.04761900724432739, "gamma": 446.8179838351778, "max_depth": 7.0, "min_child_weight": 4452.640269866493, "num_boost_round": 21.0, "subsample": 0.7546971852405279}, "datetime": {"datetime": "2024-01-20 18:36:06", "elapsed": 15101.385678, "delta": 0.005872}}
{"target": -13.404311808238115, "params": {"colsample_bytree": 0.4604470289407203, "eta": 0.04761900724432739, "gamma": 446.8179838351778, "max_depth": 7.0, "min_child_weight": 4452.640269866493, "num_boost_round": 22.0, "subsample": 0.7546971852405279}, "datetime": {"datetime": "2024-01-20 18:36:06", "elapsed": 15101.391646, "delta": 0.005968}}
{"target": -13.404935512115298, "params": {"colsample_bytree": 0.4604470289407203, "eta": 0.04761900724432739, "gamma": 446.8179838351778, "max_depth": 7.0, "min_child_weight": 4452.640269866493, "num_boost_round": 23.0, "subsample": 0.7546971852405279}, "datetime": {"datetime": "2024-01-20 18:36:06", "elapsed": 15101.531122, "delta": 0.139476}}
{"target": -13.405541986269025, "params": {"colsample_bytree": 0.4604470289407203, "eta": 0.04761900724432739, "gamma": 446.8179838351778, "max_depth": 7.0, "min_child_weight": 4452.640269866493, "num_boost_round": 24.0, "subsample": 0.7546971852405279}, "datetime": {"datetime": "2024-01-20 18:36:06", "elapsed": 15101.538368, "delta": 0.007246}}
{"target": -13.405912091128457, "params": {"colsample_bytree": 0.4604470289407203, "eta": 0.04761900724432739, "gamma": 446.8179838351778, "max_depth": 7.0, "min_child_weight": 4452.640269866493, "num_boost_round": 25.0, "subsample": 0.7546971852405279}, "datetime": {"datetime": "2024-01-20 18:36:06", "elapsed": 15101.544849, "delta": 0.006481}}
{"target": -13.406692062407132, "params": {"colsample_bytree": 0.4604470289407203, "eta": 0.04761900724432739, "gamma": 446.8179838351778, "max_depth": 7.0, "min_child_weight": 4452.640269866493, "num_boost_round": 26.0, "subsample": 0.7546971852405279}, "datetime": {"datetime": "2024-01-20 18:36:06", "elapsed": 15101.550784, "delta": 0.005935}}
{"target": -13.407408626111694, "params": {"colsample_bytree": 0.4604470289407203, "eta": 0.04761900724432739, "gamma": 446.8179838351778, "max_depth": 7.0, "min_child_weight": 4452.640269866493, "num_boost_round": 27.0, "subsample": 0.7546971852405279}, "datetime": {"datetime": "2024-01-20 18:36:06", "elapsed": 15101.556814, "delta": 0.00603}}
{"target": -13.407893147011269, "params": {"colsample_bytree": 0.4604470289407203, "eta": 0.04761900724432739, "gamma": 446.8179838351778, "max_depth": 7.0, "min_child_weight": 4452.640269866493, "num_boost_round": 28.0, "subsample": 0.7546971852405279}, "datetime": {"datetime": "2024-01-20 18:36:06", "elapsed": 15101.562726, "delta": 0.005912}}
{"target": -13.408221791631647, "params": {"colsample_bytree": 0.4604470289407203, "eta": 0.04761900724432739, "gamma": 446.8179838351778, "max_depth": 7.0, "min_child_weight": 4452.640269866493, "num_boost_round": 29.0, "subsample": 0.7546971852405279}, "datetime": {"datetime": "2024-01-20 18:36:06", "elapsed": 15101.568634, "delta": 0.005908}}
{"target": -13.40871123772978, "params": {"colsample_bytree": 0.4604470289407203, "eta": 0.04761900724432739, "gamma": 446.8179838351778, "max_depth": 7.0, "min_child_weight": 4452.640269866493, "num_boost_round": 30.0, "subsample": 0.7546971852405279}, "datetime": {"datetime": "2024-01-20 18:36:06", "elapsed": 15101.574559, "delta": 0.005925}}
{"target": -13.409448116220055, "params": {"colsample_bytree": 0.4604470289407203, "eta": 0.04761900724432739, "gamma": 446.8179838351778, "max_depth": 7.0, "min_child_weight": 4452.640269866493, "num_boost_round": 31.0, "subsample": 0.7546971852405279}, "datetime": {"datetime": "2024-01-20 18:36:06", "elapsed": 15101.580537, "delta": 0.005978}}
{"target": -13.409756992680979, "params": {"colsample_bytree": 0.4604470289407203, "eta": 0.04761900724432739, "gamma": 446.8179838351778, "max_depth": 7.0, "min_child_weight": 4452.640269866493, "num_boost_round": 32.0, "subsample": 0.7546971852405279}, "datetime": {"datetime": "2024-01-20 18:36:06", "elapsed": 15101.586748, "delta": 0.006211}}
{"target": -13.410192028614627, "params": {"colsample_bytree": 0.4604470289407203, "eta": 0.04761900724432739, "gamma": 446.8179838351778, "max_depth": 7.0, "min_child_weight": 4452.640269866493, "num_boost_round": 33.0, "subsample": 0.7546971852405279}, "datetime": {"datetime": "2024-01-20 18:36:06", "elapsed": 15101.59272, "delta": 0.005972}}
{"target": -13.410289348167591, "params": {"colsample_bytree": 0.4604470289407203, "eta": 0.04761900724432739, "gamma": 446.8179838351778, "max_depth": 7.0, "min_child_weight": 4452.640269866493, "num_boost_round": 34.0, "subsample": 0.7546971852405279}, "datetime": {"datetime": "2024-01-20 18:36:06", "elapsed": 15101.598858, "delta": 0.006138}}
{"target": -13.410930020650945, "params": {"colsample_bytree": 0.4604470289407203, "eta": 0.04761900724432739, "gamma": 446.8179838351778, "max_depth": 7.0, "min_child_weight": 4452.640269866493, "num_boost_round": 35.0, "subsample": 0.7546971852405279}, "datetime": {"datetime": "2024-01-20 18:36:07", "elapsed": 15101.782793, "delta": 0.183935}}
{"target": -13.411296074531375, "params": {"colsample_bytree": 0.4604470289407203, "eta": 0.04761900724432739, "gamma": 446.8179838351778, "max_depth": 7.0, "min_child_weight": 4452.640269866493, "num_boost_round": 36.0, "subsample": 0.7546971852405279}, "datetime": {"datetime": "2024-01-20 18:36:07", "elapsed": 15101.788983, "delta": 0.00619}}
{"target": -13.411575248022308, "params": {"colsample_bytree": 0.4604470289407203, "eta": 0.04761900724432739, "gamma": 446.8179838351778, "max_depth": 7.0, "min_child_weight": 4452.640269866493, "num_boost_round": 37.0, "subsample": 0.7546971852405279}, "datetime": {"datetime": "2024-01-20 18:36:07", "elapsed": 15101.795216, "delta": 0.006233}}
{"target": -13.411857799288992, "params": {"colsample_bytree": 0.4604470289407203, "eta": 0.04761900724432739, "gamma": 446.8179838351778, "max_depth": 7.0, "min_child_weight": 4452.640269866493, "num_boost_round": 38.0, "subsample": 0.7546971852405279}, "datetime": {"datetime": "2024-01-20 18:36:07", "elapsed": 15101.801219, "delta": 0.006003}}
