{"target": -10.47684336409852, "params": {"colsample_bytree": 0.42466669678448077, "eta": 0.017425009445514533, "gamma": 324.7269584551909, "max_depth": 2.0, "min_child_weight": 4305.009501124864, "num_boost_round": 39.0, "subsample": 0.5617339832792275}, "datetime": {"datetime": "2024-01-20 13:36:04", "elapsed": 656.533717, "delta": 0.001211}}
{"target": -10.475762103102362, "params": {"colsample_bytree": 0.9082984286776236, "eta": 0.03140448454644247, "gamma": 385.45434799403245, "max_depth": 7.0, "min_child_weight": 4366.99640731723, "num_boost_round": 1.0, "subsample": 0.11696794525970386}, "datetime": {"datetime": "2024-01-20 13:36:55", "elapsed": 707.692623, "delta": 51.158906}}
{"target": -10.475547783540705, "params": {"colsample_bytree": 0.9082984286776236, "eta": 0.03140448454644247, "gamma": 385.45434799403245, "max_depth": 7.0, "min_child_weight": 4366.99640731723, "num_boost_round": 2.0, "subsample": 0.11696794525970386}, "datetime": {"datetime": "2024-01-20 13:36:55", "elapsed": 707.70192, "delta": 0.009297}}
{"target": -10.475424134209966, "params": {"colsample_bytree": 0.9082984286776236, "eta": 0.03140448454644247, "gamma": 385.45434799403245, "max_depth": 7.0, "min_child_weight": 4366.99640731723, "num_boost_round": 3.0, "subsample": 0.11696794525970386}, "datetime": {"datetime": "2024-01-20 13:36:55", "elapsed": 707.704017, "delta": 0.002097}}
{"target": -10.475350865458353, "params": {"colsample_bytree": 0.9082984286776236, "eta": 0.03140448454644247, "gamma": 385.45434799403245, "max_depth": 7.0, "min_child_weight": 4366.99640731723, "num_boost_round": 4.0, "subsample": 0.11696794525970386}, "datetime": {"datetime": "2024-01-20 13:36:55", "elapsed": 707.705211, "delta": 0.001194}}
{"target": -10.475069328766766, "params": {"colsample_bytree": 0.9082984286776236, "eta": 0.03140448454644247, "gamma": 385.45434799403245, "max_depth": 7.0, "min_child_weight": 4366.99640731723, "num_boost_round": 5.0, "subsample": 0.11696794525970386}, "datetime": {"datetime": "2024-01-20 13:36:55", "elapsed": 707.706371, "delta": 0.00116}}
{"target": -10.474902395136311, "params": {"colsample_bytree": 0.9082984286776236, "eta": 0.03140448454644247, "gamma": 385.45434799403245, "max_depth": 7.0, "min_child_weight": 4366.99640731723, "num_boost_round": 6.0, "subsample": 0.11696794525970386}, "datetime": {"datetime": "2024-01-20 13:36:55", "elapsed": 707.707525, "delta": 0.001154}}
{"target": -10.474828209266141, "params": {"colsample_bytree": 0.9082984286776236, "eta": 0.03140448454644247, "gamma": 385.45434799403245, "max_depth": 7.0, "min_child_weight": 4366.99640731723, "num_boost_round": 7.0, "subsample": 0.11696794525970386}, "datetime": {"datetime": "2024-01-20 13:36:55", "elapsed": 707.708663, "delta": 0.001138}}
{"target": -10.47476515079832, "params": {"colsample_bytree": 0.9082984286776236, "eta": 0.03140448454644247, "gamma": 385.45434799403245, "max_depth": 7.0, "min_child_weight": 4366.99640731723, "num_boost_round": 8.0, "subsample": 0.11696794525970386}, "datetime": {"datetime": "2024-01-20 13:36:55", "elapsed": 707.70993, "delta": 0.001267}}
{"target": -10.474722772324121, "params": {"colsample_bytree": 0.9082984286776236, "eta": 0.03140448454644247, "gamma": 385.45434799403245, "max_depth": 7.0, "min_child_weight": 4366.99640731723, "num_boost_round": 9.0, "subsample": 0.11696794525970386}, "datetime": {"datetime": "2024-01-20 13:36:55", "elapsed": 707.711271, "delta": 0.001341}}
{"target": -10.474735015830461, "params": {"colsample_bytree": 0.9082984286776236, "eta": 0.03140448454644247, "gamma": 385.45434799403245, "max_depth": 7.0, "min_child_weight": 4366.99640731723, "num_boost_round": 10.0, "subsample": 0.11696794525970386}, "datetime": {"datetime": "2024-01-20 13:36:55", "elapsed": 707.712438, "delta": 0.001167}}
{"target": -10.474633631252116, "params": {"colsample_bytree": 0.9082984286776236, "eta": 0.03140448454644247, "gamma": 385.45434799403245, "max_depth": 7.0, "min_child_weight": 4366.99640731723, "num_boost_round": 11.0, "subsample": 0.11696794525970386}, "datetime": {"datetime": "2024-01-20 13:36:55", "elapsed": 707.713595, "delta": 0.001157}}
{"target": -10.474588953416777, "params": {"colsample_bytree": 0.9082984286776236, "eta": 0.03140448454644247, "gamma": 385.45434799403245, "max_depth": 7.0, "min_child_weight": 4366.99640731723, "num_boost_round": 12.0, "subsample": 0.11696794525970386}, "datetime": {"datetime": "2024-01-20 13:36:55", "elapsed": 707.71476, "delta": 0.001165}}
{"target": -10.47450626580808, "params": {"colsample_bytree": 0.9082984286776236, "eta": 0.03140448454644247, "gamma": 385.45434799403245, "max_depth": 7.0, "min_child_weight": 4366.99640731723, "num_boost_round": 13.0, "subsample": 0.11696794525970386}, "datetime": {"datetime": "2024-01-20 13:36:55", "elapsed": 707.715912, "delta": 0.001152}}
{"target": -10.474526651524474, "params": {"colsample_bytree": 0.9082984286776236, "eta": 0.03140448454644247, "gamma": 385.45434799403245, "max_depth": 7.0, "min_child_weight": 4366.99640731723, "num_boost_round": 14.0, "subsample": 0.11696794525970386}, "datetime": {"datetime": "2024-01-20 13:36:55", "elapsed": 707.717147, "delta": 0.001235}}
{"target": -10.474529472069094, "params": {"colsample_bytree": 0.9082984286776236, "eta": 0.03140448454644247, "gamma": 385.45434799403245, "max_depth": 7.0, "min_child_weight": 4366.99640731723, "num_boost_round": 15.0, "subsample": 0.11696794525970386}, "datetime": {"datetime": "2024-01-20 13:36:55", "elapsed": 707.718393, "delta": 0.001246}}
{"target": -10.474479069136759, "params": {"colsample_bytree": 0.9082984286776236, "eta": 0.03140448454644247, "gamma": 385.45434799403245, "max_depth": 7.0, "min_child_weight": 4366.99640731723, "num_boost_round": 16.0, "subsample": 0.11696794525970386}, "datetime": {"datetime": "2024-01-20 13:36:55", "elapsed": 707.719557, "delta": 0.001164}}
{"target": -10.474602511013044, "params": {"colsample_bytree": 0.9082984286776236, "eta": 0.03140448454644247, "gamma": 385.45434799403245, "max_depth": 7.0, "min_child_weight": 4366.99640731723, "num_boost_round": 17.0, "subsample": 0.11696794525970386}, "datetime": {"datetime": "2024-01-20 13:36:55", "elapsed": 707.720716, "delta": 0.001159}}
{"target": -10.474634592289013, "params": {"colsample_bytree": 0.9082984286776236, "eta": 0.03140448454644247, "gamma": 385.45434799403245, "max_depth": 7.0, "min_child_weight": 4366.99640731723, "num_boost_round": 18.0, "subsample": 0.11696794525970386}, "datetime": {"datetime": "2024-01-20 13:36:55", "elapsed": 707.721891, "delta": 0.001175}}
{"target": -10.474725038843479, "params": {"colsample_bytree": 0.9082984286776236, "eta": 0.03140448454644247, "gamma": 385.45434799403245, "max_depth": 7.0, "min_child_weight": 4366.99640731723, "num_boost_round": 19.0, "subsample": 0.11696794525970386}, "datetime": {"datetime": "2024-01-20 13:36:55", "elapsed": 707.723052, "delta": 0.001161}}
{"target": -10.474776106397815, "params": {"colsample_bytree": 0.9082984286776236, "eta": 0.03140448454644247, "gamma": 385.45434799403245, "max_depth": 7.0, "min_child_weight": 4366.99640731723, "num_boost_round": 20.0, "subsample": 0.11696794525970386}, "datetime": {"datetime": "2024-01-20 13:36:55", "elapsed": 707.724231, "delta": 0.001179}}
{"target": -10.47487441103345, "params": {"colsample_bytree": 0.9082984286776236, "eta": 0.03140448454644247, "gamma": 385.45434799403245, "max_depth": 7.0, "min_child_weight": 4366.99640731723, "num_boost_round": 21.0, "subsample": 0.11696794525970386}, "datetime": {"datetime": "2024-01-20 13:36:55", "elapsed": 707.725394, "delta": 0.001163}}
{"target": -10.474980532805585, "params": {"colsample_bytree": 0.9082984286776236, "eta": 0.03140448454644247, "gamma": 385.45434799403245, "max_depth": 7.0, "min_child_weight": 4366.99640731723, "num_boost_round": 22.0, "subsample": 0.11696794525970386}, "datetime": {"datetime": "2024-01-20 13:36:55", "elapsed": 707.726558, "delta": 0.001164}}
{"target": -10.475005386211208, "params": {"colsample_bytree": 0.9082984286776236, "eta": 0.03140448454644247, "gamma": 385.45434799403245, "max_depth": 7.0, "min_child_weight": 4366.99640731723, "num_boost_round": 23.0, "subsample": 0.11696794525970386}, "datetime": {"datetime": "2024-01-20 13:36:55", "elapsed": 707.727724, "delta": 0.001166}}
{"target": -10.475184791385487, "params": {"colsample_bytree": 0.9082984286776236, "eta": 0.03140448454644247, "gamma": 385.45434799403245, "max_depth": 7.0, "min_child_weight": 4366.99640731723, "num_boost_round": 24.0, "subsample": 0.11696794525970386}, "datetime": {"datetime": "2024-01-20 13:36:55", "elapsed": 707.728935, "delta": 0.001211}}
{"target": -10.475303468276277, "params": {"colsample_bytree": 0.9082984286776236, "eta": 0.03140448454644247, "gamma": 385.45434799403245, "max_depth": 7.0, "min_child_weight": 4366.99640731723, "num_boost_round": 25.0, "subsample": 0.11696794525970386}, "datetime": {"datetime": "2024-01-20 13:36:55", "elapsed": 707.730116, "delta": 0.001181}}
{"target": -10.475357987562688, "params": {"colsample_bytree": 0.9082984286776236, "eta": 0.03140448454644247, "gamma": 385.45434799403245, "max_depth": 7.0, "min_child_weight": 4366.99640731723, "num_boost_round": 26.0, "subsample": 0.11696794525970386}, "datetime": {"datetime": "2024-01-20 13:36:55", "elapsed": 707.731291, "delta": 0.001175}}
{"target": -10.475315633213018, "params": {"colsample_bytree": 0.9082984286776236, "eta": 0.03140448454644247, "gamma": 385.45434799403245, "max_depth": 7.0, "min_child_weight": 4366.99640731723, "num_boost_round": 27.0, "subsample": 0.11696794525970386}, "datetime": {"datetime": "2024-01-20 13:36:55", "elapsed": 707.732486, "delta": 0.001195}}
{"target": -10.475395813286308, "params": {"colsample_bytree": 0.9082984286776236, "eta": 0.03140448454644247, "gamma": 385.45434799403245, "max_depth": 7.0, "min_child_weight": 4366.99640731723, "num_boost_round": 28.0, "subsample": 0.11696794525970386}, "datetime": {"datetime": "2024-01-20 13:36:55", "elapsed": 707.733667, "delta": 0.001181}}
{"target": -10.475448176061228, "params": {"colsample_bytree": 0.9082984286776236, "eta": 0.03140448454644247, "gamma": 385.45434799403245, "max_depth": 7.0, "min_child_weight": 4366.99640731723, "num_boost_round": 29.0, "subsample": 0.11696794525970386}, "datetime": {"datetime": "2024-01-20 13:36:55", "elapsed": 707.734854, "delta": 0.001187}}
{"target": -10.475499307012758, "params": {"colsample_bytree": 0.9082984286776236, "eta": 0.03140448454644247, "gamma": 385.45434799403245, "max_depth": 7.0, "min_child_weight": 4366.99640731723, "num_boost_round": 30.0, "subsample": 0.11696794525970386}, "datetime": {"datetime": "2024-01-20 13:36:55", "elapsed": 707.736028, "delta": 0.001174}}
{"target": -10.475508295568448, "params": {"colsample_bytree": 0.9082984286776236, "eta": 0.03140448454644247, "gamma": 385.45434799403245, "max_depth": 7.0, "min_child_weight": 4366.99640731723, "num_boost_round": 31.0, "subsample": 0.11696794525970386}, "datetime": {"datetime": "2024-01-20 13:36:55", "elapsed": 707.737307, "delta": 0.001279}}
{"target": -10.475437628343238, "params": {"colsample_bytree": 0.9082984286776236, "eta": 0.03140448454644247, "gamma": 385.45434799403245, "max_depth": 7.0, "min_child_weight": 4366.99640731723, "num_boost_round": 32.0, "subsample": 0.11696794525970386}, "datetime": {"datetime": "2024-01-20 13:36:55", "elapsed": 707.738517, "delta": 0.00121}}
{"target": -10.475711605469005, "params": {"colsample_bytree": 0.9082984286776236, "eta": 0.03140448454644247, "gamma": 385.45434799403245, "max_depth": 7.0, "min_child_weight": 4366.99640731723, "num_boost_round": 33.0, "subsample": 0.11696794525970386}, "datetime": {"datetime": "2024-01-20 13:36:55", "elapsed": 707.739706, "delta": 0.001189}}
{"target": -10.475746953053255, "params": {"colsample_bytree": 0.9082984286776236, "eta": 0.03140448454644247, "gamma": 385.45434799403245, "max_depth": 7.0, "min_child_weight": 4366.99640731723, "num_boost_round": 34.0, "subsample": 0.11696794525970386}, "datetime": {"datetime": "2024-01-20 13:36:55", "elapsed": 707.740894, "delta": 0.001188}}
{"target": -10.475814219226292, "params": {"colsample_bytree": 0.9082984286776236, "eta": 0.03140448454644247, "gamma": 385.45434799403245, "max_depth": 7.0, "min_child_weight": 4366.99640731723, "num_boost_round": 35.0, "subsample": 0.11696794525970386}, "datetime": {"datetime": "2024-01-20 13:36:55", "elapsed": 707.742076, "delta": 0.001182}}
{"target": -10.47600911244244, "params": {"colsample_bytree": 0.9082984286776236, "eta": 0.03140448454644247, "gamma": 385.45434799403245, "max_depth": 7.0, "min_child_weight": 4366.99640731723, "num_boost_round": 36.0, "subsample": 0.11696794525970386}, "datetime": {"datetime": "2024-01-20 13:36:55", "elapsed": 707.743268, "delta": 0.001192}}
{"target": -10.476068313115494, "params": {"colsample_bytree": 0.9082984286776236, "eta": 0.03140448454644247, "gamma": 385.45434799403245, "max_depth": 7.0, "min_child_weight": 4366.99640731723, "num_boost_round": 37.0, "subsample": 0.11696794525970386}, "datetime": {"datetime": "2024-01-20 13:36:55", "elapsed": 707.744456, "delta": 0.001188}}
{"target": -10.476250363858394, "params": {"colsample_bytree": 0.9082984286776236, "eta": 0.03140448454644247, "gamma": 385.45434799403245, "max_depth": 7.0, "min_child_weight": 4366.99640731723, "num_boost_round": 38.0, "subsample": 0.11696794525970386}, "datetime": {"datetime": "2024-01-20 13:36:55", "elapsed": 707.745655, "delta": 0.001199}}
{"target": -10.47639618545351, "params": {"colsample_bytree": 0.9082984286776236, "eta": 0.03140448454644247, "gamma": 385.45434799403245, "max_depth": 7.0, "min_child_weight": 4366.99640731723, "num_boost_round": 39.0, "subsample": 0.11696794525970386}, "datetime": {"datetime": "2024-01-20 13:36:55", "elapsed": 707.746854, "delta": 0.001199}}
{"target": -10.47644440784493, "params": {"colsample_bytree": 0.9082984286776236, "eta": 0.03140448454644247, "gamma": 385.45434799403245, "max_depth": 7.0, "min_child_weight": 4366.99640731723, "num_boost_round": 40.0, "subsample": 0.11696794525970386}, "datetime": {"datetime": "2024-01-20 13:36:55", "elapsed": 707.748046, "delta": 0.001192}}
{"target": -10.476542727428864, "params": {"colsample_bytree": 0.9082984286776236, "eta": 0.03140448454644247, "gamma": 385.45434799403245, "max_depth": 7.0, "min_child_weight": 4366.99640731723, "num_boost_round": 41.0, "subsample": 0.11696794525970386}, "datetime": {"datetime": "2024-01-20 13:36:55", "elapsed": 707.74931, "delta": 0.001264}}
{"target": -10.476715356482295, "params": {"colsample_bytree": 0.9082984286776236, "eta": 0.03140448454644247, "gamma": 385.45434799403245, "max_depth": 7.0, "min_child_weight": 4366.99640731723, "num_boost_round": 42.0, "subsample": 0.11696794525970386}, "datetime": {"datetime": "2024-01-20 13:36:55", "elapsed": 707.750501, "delta": 0.001191}}
{"target": -10.476773754350615, "params": {"colsample_bytree": 0.9082984286776236, "eta": 0.03140448454644247, "gamma": 385.45434799403245, "max_depth": 7.0, "min_child_weight": 4366.99640731723, "num_boost_round": 43.0, "subsample": 0.11696794525970386}, "datetime": {"datetime": "2024-01-20 13:36:55", "elapsed": 707.751677, "delta": 0.001176}}
{"target": -10.476865068620986, "params": {"colsample_bytree": 0.9082984286776236, "eta": 0.03140448454644247, "gamma": 385.45434799403245, "max_depth": 7.0, "min_child_weight": 4366.99640731723, "num_boost_round": 44.0, "subsample": 0.11696794525970386}, "datetime": {"datetime": "2024-01-20 13:36:55", "elapsed": 707.75287, "delta": 0.001193}}
{"target": -10.476778607112431, "params": {"colsample_bytree": 0.9082984286776236, "eta": 0.03140448454644247, "gamma": 385.45434799403245, "max_depth": 7.0, "min_child_weight": 4366.99640731723, "num_boost_round": 45.0, "subsample": 0.11696794525970386}, "datetime": {"datetime": "2024-01-20 13:36:55", "elapsed": 707.754064, "delta": 0.001194}}
{"target": -10.476823195040021, "params": {"colsample_bytree": 0.9082984286776236, "eta": 0.03140448454644247, "gamma": 385.45434799403245, "max_depth": 7.0, "min_child_weight": 4366.99640731723, "num_boost_round": 46.0, "subsample": 0.11696794525970386}, "datetime": {"datetime": "2024-01-20 13:36:55", "elapsed": 707.755272, "delta": 0.001208}}
{"target": -10.476938093213791, "params": {"colsample_bytree": 0.9082984286776236, "eta": 0.03140448454644247, "gamma": 385.45434799403245, "max_depth": 7.0, "min_child_weight": 4366.99640731723, "num_boost_round": 47.0, "subsample": 0.11696794525970386}, "datetime": {"datetime": "2024-01-20 13:36:55", "elapsed": 707.756513, "delta": 0.001241}}
{"target": -10.477005453351662, "params": {"colsample_bytree": 0.9082984286776236, "eta": 0.03140448454644247, "gamma": 385.45434799403245, "max_depth": 7.0, "min_child_weight": 4366.99640731723, "num_boost_round": 48.0, "subsample": 0.11696794525970386}, "datetime": {"datetime": "2024-01-20 13:36:55", "elapsed": 707.757873, "delta": 0.00136}}
{"target": -10.477090872176788, "params": {"colsample_bytree": 0.9082984286776236, "eta": 0.03140448454644247, "gamma": 385.45434799403245, "max_depth": 7.0, "min_child_weight": 4366.99640731723, "num_boost_round": 49.0, "subsample": 0.11696794525970386}, "datetime": {"datetime": "2024-01-20 13:36:55", "elapsed": 707.759233, "delta": 0.00136}}
{"target": -10.475457523418557, "params": {"colsample_bytree": 0.5760218233966078, "eta": 0.07758424202189422, "gamma": 296.48918629869405, "max_depth": 6.0, "min_child_weight": 4393.998082246162, "num_boost_round": 1.0, "subsample": 0.3374931544763504}, "datetime": {"datetime": "2024-01-20 13:37:27", "elapsed": 739.987744, "delta": 32.228511}}
{"target": -10.474617850004218, "params": {"colsample_bytree": 0.5760218233966078, "eta": 0.07758424202189422, "gamma": 296.48918629869405, "max_depth": 6.0, "min_child_weight": 4393.998082246162, "num_boost_round": 2.0, "subsample": 0.3374931544763504}, "datetime": {"datetime": "2024-01-20 13:37:27", "elapsed": 739.991005, "delta": 0.003261}}
{"target": -10.474413176539652, "params": {"colsample_bytree": 0.5760218233966078, "eta": 0.07758424202189422, "gamma": 296.48918629869405, "max_depth": 6.0, "min_child_weight": 4393.998082246162, "num_boost_round": 3.0, "subsample": 0.3374931544763504}, "datetime": {"datetime": "2024-01-20 13:37:27", "elapsed": 739.992262, "delta": 0.001257}}
{"target": -10.474132898538425, "params": {"colsample_bytree": 0.5760218233966078, "eta": 0.07758424202189422, "gamma": 296.48918629869405, "max_depth": 6.0, "min_child_weight": 4393.998082246162, "num_boost_round": 4.0, "subsample": 0.3374931544763504}, "datetime": {"datetime": "2024-01-20 13:37:27", "elapsed": 739.993543, "delta": 0.001281}}
{"target": -10.473829285754398, "params": {"colsample_bytree": 0.5760218233966078, "eta": 0.07758424202189422, "gamma": 296.48918629869405, "max_depth": 6.0, "min_child_weight": 4393.998082246162, "num_boost_round": 5.0, "subsample": 0.3374931544763504}, "datetime": {"datetime": "2024-01-20 13:37:27", "elapsed": 739.994772, "delta": 0.001229}}
{"target": -10.47407544909058, "params": {"colsample_bytree": 0.5760218233966078, "eta": 0.07758424202189422, "gamma": 296.48918629869405, "max_depth": 6.0, "min_child_weight": 4393.998082246162, "num_boost_round": 6.0, "subsample": 0.3374931544763504}, "datetime": {"datetime": "2024-01-20 13:37:27", "elapsed": 739.996144, "delta": 0.001372}}
{"target": -10.474188382151173, "params": {"colsample_bytree": 0.5760218233966078, "eta": 0.07758424202189422, "gamma": 296.48918629869405, "max_depth": 6.0, "min_child_weight": 4393.998082246162, "num_boost_round": 7.0, "subsample": 0.3374931544763504}, "datetime": {"datetime": "2024-01-20 13:37:27", "elapsed": 739.997552, "delta": 0.001408}}
{"target": -10.473612046093415, "params": {"colsample_bytree": 0.5760218233966078, "eta": 0.07758424202189422, "gamma": 296.48918629869405, "max_depth": 6.0, "min_child_weight": 4393.998082246162, "num_boost_round": 8.0, "subsample": 0.3374931544763504}, "datetime": {"datetime": "2024-01-20 13:37:27", "elapsed": 739.998769, "delta": 0.001217}}
{"target": -10.473934109118595, "params": {"colsample_bytree": 0.5760218233966078, "eta": 0.07758424202189422, "gamma": 296.48918629869405, "max_depth": 6.0, "min_child_weight": 4393.998082246162, "num_boost_round": 9.0, "subsample": 0.3374931544763504}, "datetime": {"datetime": "2024-01-20 13:37:27", "elapsed": 740.000006, "delta": 0.001237}}
{"target": -10.473921999389427, "params": {"colsample_bytree": 0.5760218233966078, "eta": 0.07758424202189422, "gamma": 296.48918629869405, "max_depth": 6.0, "min_child_weight": 4393.998082246162, "num_boost_round": 10.0, "subsample": 0.3374931544763504}, "datetime": {"datetime": "2024-01-20 13:37:27", "elapsed": 740.001255, "delta": 0.001249}}
{"target": -10.474314964993027, "params": {"colsample_bytree": 0.5760218233966078, "eta": 0.07758424202189422, "gamma": 296.48918629869405, "max_depth": 6.0, "min_child_weight": 4393.998082246162, "num_boost_round": 11.0, "subsample": 0.3374931544763504}, "datetime": {"datetime": "2024-01-20 13:37:27", "elapsed": 740.002493, "delta": 0.001238}}
{"target": -10.47473266973067, "params": {"colsample_bytree": 0.5760218233966078, "eta": 0.07758424202189422, "gamma": 296.48918629869405, "max_depth": 6.0, "min_child_weight": 4393.998082246162, "num_boost_round": 12.0, "subsample": 0.3374931544763504}, "datetime": {"datetime": "2024-01-20 13:37:27", "elapsed": 740.003724, "delta": 0.001231}}
{"target": -10.475360423816898, "params": {"colsample_bytree": 0.5760218233966078, "eta": 0.07758424202189422, "gamma": 296.48918629869405, "max_depth": 6.0, "min_child_weight": 4393.998082246162, "num_boost_round": 13.0, "subsample": 0.3374931544763504}, "datetime": {"datetime": "2024-01-20 13:37:27", "elapsed": 740.004964, "delta": 0.00124}}
