{"target": -12.34967146477058, "params": {"colsample_bytree": 0.9238243789027313, "eta": 0.08138591622672164, "gamma": 671.9446860332159, "max_depth": 3.0, "min_child_weight": 4284.476271697313, "num_boost_round": 3.0, "subsample": 0.2362492528994526}, "datetime": {"datetime": "2024-01-20 14:55:16", "elapsed": 1882.518002, "delta": 0.003251}}
{"target": -12.34814909891998, "params": {"colsample_bytree": 0.9238243789027313, "eta": 0.08138591622672164, "gamma": 671.9446860332159, "max_depth": 3.0, "min_child_weight": 4284.476271697313, "num_boost_round": 4.0, "subsample": 0.2362492528994526}, "datetime": {"datetime": "2024-01-20 14:55:16", "elapsed": 1882.521116, "delta": 0.003114}}
{"target": -12.346975717253661, "params": {"colsample_bytree": 0.9238243789027313, "eta": 0.08138591622672164, "gamma": 671.9446860332159, "max_depth": 3.0, "min_child_weight": 4284.476271697313, "num_boost_round": 5.0, "subsample": 0.2362492528994526}, "datetime": {"datetime": "2024-01-20 14:55:16", "elapsed": 1882.524288, "delta": 0.003172}}
{"target": -12.345606187080268, "params": {"colsample_bytree": 0.9238243789027313, "eta": 0.08138591622672164, "gamma": 671.9446860332159, "max_depth": 3.0, "min_child_weight": 4284.476271697313, "num_boost_round": 6.0, "subsample": 0.2362492528994526}, "datetime": {"datetime": "2024-01-20 14:55:16", "elapsed": 1882.527298, "delta": 0.00301}}
{"target": -12.345057991918887, "params": {"colsample_bytree": 0.9238243789027313, "eta": 0.08138591622672164, "gamma": 671.9446860332159, "max_depth": 3.0, "min_child_weight": 4284.476271697313, "num_boost_round": 7.0, "subsample": 0.2362492528994526}, "datetime": {"datetime": "2024-01-20 14:55:16", "elapsed": 1882.530243, "delta": 0.002945}}
{"target": -12.344350944245868, "params": {"colsample_bytree": 0.9238243789027313, "eta": 0.08138591622672164, "gamma": 671.9446860332159, "max_depth": 3.0, "min_child_weight": 4284.476271697313, "num_boost_round": 8.0, "subsample": 0.2362492528994526}, "datetime": {"datetime": "2024-01-20 14:55:16", "elapsed": 1882.533195, "delta": 0.002952}}
{"target": -12.343376286548704, "params": {"colsample_bytree": 0.9238243789027313, "eta": 0.08138591622672164, "gamma": 671.9446860332159, "max_depth": 3.0, "min_child_weight": 4284.476271697313, "num_boost_round": 9.0, "subsample": 0.2362492528994526}, "datetime": {"datetime": "2024-01-20 14:55:16", "elapsed": 1882.536105, "delta": 0.00291}}
{"target": -12.34300640452763, "params": {"colsample_bytree": 0.9238243789027313, "eta": 0.08138591622672164, "gamma": 671.9446860332159, "max_depth": 3.0, "min_child_weight": 4284.476271697313, "num_boost_round": 10.0, "subsample": 0.2362492528994526}, "datetime": {"datetime": "2024-01-20 14:55:16", "elapsed": 1882.539138, "delta": 0.003033}}
{"target": -12.342430648409241, "params": {"colsample_bytree": 0.9238243789027313, "eta": 0.08138591622672164, "gamma": 671.9446860332159, "max_depth": 3.0, "min_child_weight": 4284.476271697313, "num_boost_round": 11.0, "subsample": 0.2362492528994526}, "datetime": {"datetime": "2024-01-20 14:55:16", "elapsed": 1882.542116, "delta": 0.002978}}
{"target": -12.342245433129367, "params": {"colsample_bytree": 0.9238243789027313, "eta": 0.08138591622672164, "gamma": 671.9446860332159, "max_depth": 3.0, "min_child_weight": 4284.476271697313, "num_boost_round": 12.0, "subsample": 0.2362492528994526}, "datetime": {"datetime": "2024-01-20 14:55:16", "elapsed": 1882.545, "delta": 0.002884}}
{"target": -12.342159381527287, "params": {"colsample_bytree": 0.9238243789027313, "eta": 0.08138591622672164, "gamma": 671.9446860332159, "max_depth": 3.0, "min_child_weight": 4284.476271697313, "num_boost_round": 13.0, "subsample": 0.2362492528994526}, "datetime": {"datetime": "2024-01-20 14:55:16", "elapsed": 1882.547909, "delta": 0.002909}}
{"target": -12.342553478083946, "params": {"colsample_bytree": 0.9238243789027313, "eta": 0.08138591622672164, "gamma": 671.9446860332159, "max_depth": 3.0, "min_child_weight": 4284.476271697313, "num_boost_round": 14.0, "subsample": 0.2362492528994526}, "datetime": {"datetime": "2024-01-20 14:55:16", "elapsed": 1882.550828, "delta": 0.002919}}
{"target": -12.342696914186547, "params": {"colsample_bytree": 0.9238243789027313, "eta": 0.08138591622672164, "gamma": 671.9446860332159, "max_depth": 3.0, "min_child_weight": 4284.476271697313, "num_boost_round": 15.0, "subsample": 0.2362492528994526}, "datetime": {"datetime": "2024-01-20 14:55:16", "elapsed": 1882.553757, "delta": 0.002929}}
{"target": -12.342783769066353, "params": {"colsample_bytree": 0.9238243789027313, "eta": 0.08138591622672164, "gamma": 671.9446860332159, "max_depth": 3.0, "min_child_weight": 4284.476271697313, "num_boost_round": 16.0, "subsample": 0.2362492528994526}, "datetime": {"datetime": "2024-01-20 14:55:16", "elapsed": 1882.556633, "delta": 0.002876}}
{"target": -12.342842628380122, "params": {"colsample_bytree": 0.9238243789027313, "eta": 0.08138591622672164, "gamma": 671.9446860332159, "max_depth": 3.0, "min_child_weight": 4284.476271697313, "num_boost_round": 17.0, "subsample": 0.2362492528994526}, "datetime": {"datetime": "2024-01-20 14:55:16", "elapsed": 1882.559663, "delta": 0.00303}}
{"target": -12.342560939569232, "params": {"colsample_bytree": 0.9238243789027313, "eta": 0.08138591622672164, "gamma": 671.9446860332159, "max_depth": 3.0, "min_child_weight": 4284.476271697313, "num_boost_round": 18.0, "subsample": 0.2362492528994526}, "datetime": {"datetime": "2024-01-20 14:55:16", "elapsed": 1882.562634, "delta": 0.002971}}
{"target": -12.35866486005986, "params": {"colsample_bytree": 0.12164612235381311, "eta": 0.04976491541358348, "gamma": 640.843837236379, "max_depth": 2.0, "min_child_weight": 4227.415642462697, "num_boost_round": 1.0, "subsample": 0.8282273713885187}, "datetime": {"datetime": "2024-01-20 14:55:56", "elapsed": 1922.379923, "delta": 39.817289}}
{"target": -12.357578357222831, "params": {"colsample_bytree": 0.12164612235381311, "eta": 0.04976491541358348, "gamma": 640.843837236379, "max_depth": 2.0, "min_child_weight": 4227.415642462697, "num_boost_round": 2.0, "subsample": 0.8282273713885187}, "datetime": {"datetime": "2024-01-20 14:55:56", "elapsed": 1922.384436, "delta": 0.004513}}
{"target": -12.357585764419404, "params": {"colsample_bytree": 0.12164612235381311, "eta": 0.04976491541358348, "gamma": 640.843837236379, "max_depth": 2.0, "min_child_weight": 4227.415642462697, "num_boost_round": 3.0, "subsample": 0.8282273713885187}, "datetime": {"datetime": "2024-01-20 14:55:56", "elapsed": 1922.387734, "delta": 0.003298}}
{"target": -12.357585732194837, "params": {"colsample_bytree": 0.12164612235381311, "eta": 0.04976491541358348, "gamma": 640.843837236379, "max_depth": 2.0, "min_child_weight": 4227.415642462697, "num_boost_round": 4.0, "subsample": 0.8282273713885187}, "datetime": {"datetime": "2024-01-20 14:55:56", "elapsed": 1922.39082, "delta": 0.003086}}
{"target": -12.357654345112957, "params": {"colsample_bytree": 0.12164612235381311, "eta": 0.04976491541358348, "gamma": 640.843837236379, "max_depth": 2.0, "min_child_weight": 4227.415642462697, "num_boost_round": 5.0, "subsample": 0.8282273713885187}, "datetime": {"datetime": "2024-01-20 14:55:56", "elapsed": 1922.39393, "delta": 0.00311}}
{"target": -12.357724775022014, "params": {"colsample_bytree": 0.12164612235381311, "eta": 0.04976491541358348, "gamma": 640.843837236379, "max_depth": 2.0, "min_child_weight": 4227.415642462697, "num_boost_round": 6.0, "subsample": 0.8282273713885187}, "datetime": {"datetime": "2024-01-20 14:55:56", "elapsed": 1922.396931, "delta": 0.003001}}
{"target": -12.357801900082903, "params": {"colsample_bytree": 0.12164612235381311, "eta": 0.04976491541358348, "gamma": 640.843837236379, "max_depth": 2.0, "min_child_weight": 4227.415642462697, "num_boost_round": 7.0, "subsample": 0.8282273713885187}, "datetime": {"datetime": "2024-01-20 14:55:56", "elapsed": 1922.400134, "delta": 0.003203}}
{"target": -12.356434185273903, "params": {"colsample_bytree": 0.12164612235381311, "eta": 0.04976491541358348, "gamma": 640.843837236379, "max_depth": 2.0, "min_child_weight": 4227.415642462697, "num_boost_round": 8.0, "subsample": 0.8282273713885187}, "datetime": {"datetime": "2024-01-20 14:55:56", "elapsed": 1922.403143, "delta": 0.003009}}
{"target": -12.356492198904677, "params": {"colsample_bytree": 0.12164612235381311, "eta": 0.04976491541358348, "gamma": 640.843837236379, "max_depth": 2.0, "min_child_weight": 4227.415642462697, "num_boost_round": 9.0, "subsample": 0.8282273713885187}, "datetime": {"datetime": "2024-01-20 14:55:56", "elapsed": 1922.406162, "delta": 0.003019}}
{"target": -12.356555353838317, "params": {"colsample_bytree": 0.12164612235381311, "eta": 0.04976491541358348, "gamma": 640.843837236379, "max_depth": 2.0, "min_child_weight": 4227.415642462697, "num_boost_round": 10.0, "subsample": 0.8282273713885187}, "datetime": {"datetime": "2024-01-20 14:55:56", "elapsed": 1922.409112, "delta": 0.00295}}
{"target": -12.355371284176695, "params": {"colsample_bytree": 0.12164612235381311, "eta": 0.04976491541358348, "gamma": 640.843837236379, "max_depth": 2.0, "min_child_weight": 4227.415642462697, "num_boost_round": 11.0, "subsample": 0.8282273713885187}, "datetime": {"datetime": "2024-01-20 14:55:56", "elapsed": 1922.412103, "delta": 0.002991}}
{"target": -12.355460176569705, "params": {"colsample_bytree": 0.12164612235381311, "eta": 0.04976491541358348, "gamma": 640.843837236379, "max_depth": 2.0, "min_child_weight": 4227.415642462697, "num_boost_round": 12.0, "subsample": 0.8282273713885187}, "datetime": {"datetime": "2024-01-20 14:55:56", "elapsed": 1922.415159, "delta": 0.003056}}
{"target": -12.355441916423315, "params": {"colsample_bytree": 0.12164612235381311, "eta": 0.04976491541358348, "gamma": 640.843837236379, "max_depth": 2.0, "min_child_weight": 4227.415642462697, "num_boost_round": 13.0, "subsample": 0.8282273713885187}, "datetime": {"datetime": "2024-01-20 14:55:56", "elapsed": 1922.418835, "delta": 0.003676}}
{"target": -12.35546500795795, "params": {"colsample_bytree": 0.12164612235381311, "eta": 0.04976491541358348, "gamma": 640.843837236379, "max_depth": 2.0, "min_child_weight": 4227.415642462697, "num_boost_round": 14.0, "subsample": 0.8282273713885187}, "datetime": {"datetime": "2024-01-20 14:55:56", "elapsed": 1922.422838, "delta": 0.004003}}
{"target": -12.35423561940088, "params": {"colsample_bytree": 0.12164612235381311, "eta": 0.04976491541358348, "gamma": 640.843837236379, "max_depth": 2.0, "min_child_weight": 4227.415642462697, "num_boost_round": 15.0, "subsample": 0.8282273713885187}, "datetime": {"datetime": "2024-01-20 14:55:56", "elapsed": 1922.427292, "delta": 0.004454}}
{"target": -12.354280270091383, "params": {"colsample_bytree": 0.12164612235381311, "eta": 0.04976491541358348, "gamma": 640.843837236379, "max_depth": 2.0, "min_child_weight": 4227.415642462697, "num_boost_round": 16.0, "subsample": 0.8282273713885187}, "datetime": {"datetime": "2024-01-20 14:55:56", "elapsed": 1922.431418, "delta": 0.004126}}
{"target": -12.354350190839579, "params": {"colsample_bytree": 0.12164612235381311, "eta": 0.04976491541358348, "gamma": 640.843837236379, "max_depth": 2.0, "min_child_weight": 4227.415642462697, "num_boost_round": 17.0, "subsample": 0.8282273713885187}, "datetime": {"datetime": "2024-01-20 14:55:56", "elapsed": 1922.434809, "delta": 0.003391}}
{"target": -12.354396500917211, "params": {"colsample_bytree": 0.12164612235381311, "eta": 0.04976491541358348, "gamma": 640.843837236379, "max_depth": 2.0, "min_child_weight": 4227.415642462697, "num_boost_round": 18.0, "subsample": 0.8282273713885187}, "datetime": {"datetime": "2024-01-20 14:55:56", "elapsed": 1922.437826, "delta": 0.003017}}
{"target": -12.354452646132597, "params": {"colsample_bytree": 0.12164612235381311, "eta": 0.04976491541358348, "gamma": 640.843837236379, "max_depth": 2.0, "min_child_weight": 4227.415642462697, "num_boost_round": 19.0, "subsample": 0.8282273713885187}, "datetime": {"datetime": "2024-01-20 14:55:56", "elapsed": 1922.440998, "delta": 0.003172}}
{"target": -12.354531984433612, "params": {"colsample_bytree": 0.12164612235381311, "eta": 0.04976491541358348, "gamma": 640.843837236379, "max_depth": 2.0, "min_child_weight": 4227.415642462697, "num_boost_round": 20.0, "subsample": 0.8282273713885187}, "datetime": {"datetime": "2024-01-20 14:55:56", "elapsed": 1922.443965, "delta": 0.002967}}
{"target": -12.354587863019976, "params": {"colsample_bytree": 0.12164612235381311, "eta": 0.04976491541358348, "gamma": 640.843837236379, "max_depth": 2.0, "min_child_weight": 4227.415642462697, "num_boost_round": 21.0, "subsample": 0.8282273713885187}, "datetime": {"datetime": "2024-01-20 14:55:56", "elapsed": 1922.446963, "delta": 0.002998}}
{"target": -12.354664833539747, "params": {"colsample_bytree": 0.12164612235381311, "eta": 0.04976491541358348, "gamma": 640.843837236379, "max_depth": 2.0, "min_child_weight": 4227.415642462697, "num_boost_round": 22.0, "subsample": 0.8282273713885187}, "datetime": {"datetime": "2024-01-20 14:55:56", "elapsed": 1922.449896, "delta": 0.002933}}
{"target": -12.354691568272816, "params": {"colsample_bytree": 0.12164612235381311, "eta": 0.04976491541358348, "gamma": 640.843837236379, "max_depth": 2.0, "min_child_weight": 4227.415642462697, "num_boost_round": 23.0, "subsample": 0.8282273713885187}, "datetime": {"datetime": "2024-01-20 14:55:56", "elapsed": 1922.452916, "delta": 0.00302}}
{"target": -12.354870925366042, "params": {"colsample_bytree": 0.12164612235381311, "eta": 0.04976491541358348, "gamma": 640.843837236379, "max_depth": 2.0, "min_child_weight": 4227.415642462697, "num_boost_round": 24.0, "subsample": 0.8282273713885187}, "datetime": {"datetime": "2024-01-20 14:55:56", "elapsed": 1922.455849, "delta": 0.002933}}
{"target": -12.35387234727714, "params": {"colsample_bytree": 0.12164612235381311, "eta": 0.04976491541358348, "gamma": 640.843837236379, "max_depth": 2.0, "min_child_weight": 4227.415642462697, "num_boost_round": 25.0, "subsample": 0.8282273713885187}, "datetime": {"datetime": "2024-01-20 14:55:56", "elapsed": 1922.459028, "delta": 0.003179}}
{"target": -12.35392078858112, "params": {"colsample_bytree": 0.12164612235381311, "eta": 0.04976491541358348, "gamma": 640.843837236379, "max_depth": 2.0, "min_child_weight": 4227.415642462697, "num_boost_round": 26.0, "subsample": 0.8282273713885187}, "datetime": {"datetime": "2024-01-20 14:55:56", "elapsed": 1922.46206, "delta": 0.003032}}
{"target": -12.353920375940387, "params": {"colsample_bytree": 0.12164612235381311, "eta": 0.04976491541358348, "gamma": 640.843837236379, "max_depth": 2.0, "min_child_weight": 4227.415642462697, "num_boost_round": 27.0, "subsample": 0.8282273713885187}, "datetime": {"datetime": "2024-01-20 14:55:56", "elapsed": 1922.465068, "delta": 0.003008}}
{"target": -12.353974598088161, "params": {"colsample_bytree": 0.12164612235381311, "eta": 0.04976491541358348, "gamma": 640.843837236379, "max_depth": 2.0, "min_child_weight": 4227.415642462697, "num_boost_round": 28.0, "subsample": 0.8282273713885187}, "datetime": {"datetime": "2024-01-20 14:55:56", "elapsed": 1922.468014, "delta": 0.002946}}
{"target": -12.35383654131018, "params": {"colsample_bytree": 0.12164612235381311, "eta": 0.04976491541358348, "gamma": 640.843837236379, "max_depth": 2.0, "min_child_weight": 4227.415642462697, "num_boost_round": 29.0, "subsample": 0.8282273713885187}, "datetime": {"datetime": "2024-01-20 14:55:56", "elapsed": 1922.471026, "delta": 0.003012}}
{"target": -12.353812044144572, "params": {"colsample_bytree": 0.12164612235381311, "eta": 0.04976491541358348, "gamma": 640.843837236379, "max_depth": 2.0, "min_child_weight": 4227.415642462697, "num_boost_round": 30.0, "subsample": 0.8282273713885187}, "datetime": {"datetime": "2024-01-20 14:55:56", "elapsed": 1922.473966, "delta": 0.00294}}
{"target": -12.351749559629592, "params": {"colsample_bytree": 0.12164612235381311, "eta": 0.04976491541358348, "gamma": 640.843837236379, "max_depth": 2.0, "min_child_weight": 4227.415642462697, "num_boost_round": 31.0, "subsample": 0.8282273713885187}, "datetime": {"datetime": "2024-01-20 14:55:56", "elapsed": 1922.476976, "delta": 0.00301}}
{"target": -12.352029245767248, "params": {"colsample_bytree": 0.12164612235381311, "eta": 0.04976491541358348, "gamma": 640.843837236379, "max_depth": 2.0, "min_child_weight": 4227.415642462697, "num_boost_round": 32.0, "subsample": 0.8282273713885187}, "datetime": {"datetime": "2024-01-20 14:55:56", "elapsed": 1922.480053, "delta": 0.003077}}
{"target": -12.352099210630278, "params": {"colsample_bytree": 0.12164612235381311, "eta": 0.04976491541358348, "gamma": 640.843837236379, "max_depth": 2.0, "min_child_weight": 4227.415642462697, "num_boost_round": 33.0, "subsample": 0.8282273713885187}, "datetime": {"datetime": "2024-01-20 14:55:56", "elapsed": 1922.483136, "delta": 0.003083}}
{"target": -12.354773636527415, "params": {"colsample_bytree": 0.7802453770256381, "eta": 0.06839154935120997, "gamma": 656.5327552513362, "max_depth": 6.0, "min_child_weight": 4217.299537805839, "num_boost_round": 1.0, "subsample": 0.9016897234371993}, "datetime": {"datetime": "2024-01-20 14:56:54", "elapsed": 1980.836004, "delta": 58.352868}}
{"target": -12.351891480302822, "params": {"colsample_bytree": 0.7802453770256381, "eta": 0.06839154935120997, "gamma": 656.5327552513362, "max_depth": 6.0, "min_child_weight": 4217.299537805839, "num_boost_round": 2.0, "subsample": 0.9016897234371993}, "datetime": {"datetime": "2024-01-20 14:56:54", "elapsed": 1980.840646, "delta": 0.004642}}
{"target": -12.34918012607423, "params": {"colsample_bytree": 0.7802453770256381, "eta": 0.06839154935120997, "gamma": 656.5327552513362, "max_depth": 6.0, "min_child_weight": 4217.299537805839, "num_boost_round": 3.0, "subsample": 0.9016897234371993}, "datetime": {"datetime": "2024-01-20 14:56:54", "elapsed": 1980.843871, "delta": 0.003225}}
{"target": -12.34800385049251, "params": {"colsample_bytree": 0.7802453770256381, "eta": 0.06839154935120997, "gamma": 656.5327552513362, "max_depth": 6.0, "min_child_weight": 4217.299537805839, "num_boost_round": 4.0, "subsample": 0.9016897234371993}, "datetime": {"datetime": "2024-01-20 14:56:54", "elapsed": 1980.847002, "delta": 0.003131}}
{"target": -12.346159755158292, "params": {"colsample_bytree": 0.7802453770256381, "eta": 0.06839154935120997, "gamma": 656.5327552513362, "max_depth": 6.0, "min_child_weight": 4217.299537805839, "num_boost_round": 5.0, "subsample": 0.9016897234371993}, "datetime": {"datetime": "2024-01-20 14:56:54", "elapsed": 1980.850064, "delta": 0.003062}}
{"target": -12.34545272393401, "params": {"colsample_bytree": 0.7802453770256381, "eta": 0.06839154935120997, "gamma": 656.5327552513362, "max_depth": 6.0, "min_child_weight": 4217.299537805839, "num_boost_round": 6.0, "subsample": 0.9016897234371993}, "datetime": {"datetime": "2024-01-20 14:56:54", "elapsed": 1980.853112, "delta": 0.003048}}
{"target": -12.344475847383826, "params": {"colsample_bytree": 0.7802453770256381, "eta": 0.06839154935120997, "gamma": 656.5327552513362, "max_depth": 6.0, "min_child_weight": 4217.299537805839, "num_boost_round": 7.0, "subsample": 0.9016897234371993}, "datetime": {"datetime": "2024-01-20 14:56:54", "elapsed": 1980.856237, "delta": 0.003125}}
{"target": -12.343586054964486, "params": {"colsample_bytree": 0.7802453770256381, "eta": 0.06839154935120997, "gamma": 656.5327552513362, "max_depth": 6.0, "min_child_weight": 4217.299537805839, "num_boost_round": 8.0, "subsample": 0.9016897234371993}, "datetime": {"datetime": "2024-01-20 14:56:54", "elapsed": 1980.859946, "delta": 0.003709}}
{"target": -12.342842560533178, "params": {"colsample_bytree": 0.7802453770256381, "eta": 0.06839154935120997, "gamma": 656.5327552513362, "max_depth": 6.0, "min_child_weight": 4217.299537805839, "num_boost_round": 9.0, "subsample": 0.9016897234371993}, "datetime": {"datetime": "2024-01-20 14:56:54", "elapsed": 1980.863807, "delta": 0.003861}}
{"target": -12.342815888913204, "params": {"colsample_bytree": 0.7802453770256381, "eta": 0.06839154935120997, "gamma": 656.5327552513362, "max_depth": 6.0, "min_child_weight": 4217.299537805839, "num_boost_round": 10.0, "subsample": 0.9016897234371993}, "datetime": {"datetime": "2024-01-20 14:56:54", "elapsed": 1980.867971, "delta": 0.004164}}
{"target": -12.342455936250479, "params": {"colsample_bytree": 0.7802453770256381, "eta": 0.06839154935120997, "gamma": 656.5327552513362, "max_depth": 6.0, "min_child_weight": 4217.299537805839, "num_boost_round": 11.0, "subsample": 0.9016897234371993}, "datetime": {"datetime": "2024-01-20 14:56:54", "elapsed": 1980.871862, "delta": 0.003891}}
{"target": -12.341931062340109, "params": {"colsample_bytree": 0.7802453770256381, "eta": 0.06839154935120997, "gamma": 656.5327552513362, "max_depth": 6.0, "min_child_weight": 4217.299537805839, "num_boost_round": 12.0, "subsample": 0.9016897234371993}, "datetime": {"datetime": "2024-01-20 14:56:54", "elapsed": 1980.875133, "delta": 0.003271}}
{"target": -12.342059571647457, "params": {"colsample_bytree": 0.7802453770256381, "eta": 0.06839154935120997, "gamma": 656.5327552513362, "max_depth": 6.0, "min_child_weight": 4217.299537805839, "num_boost_round": 13.0, "subsample": 0.9016897234371993}, "datetime": {"datetime": "2024-01-20 14:56:54", "elapsed": 1980.878301, "delta": 0.003168}}
{"target": -12.34168301975862, "params": {"colsample_bytree": 0.7802453770256381, "eta": 0.06839154935120997, "gamma": 656.5327552513362, "max_depth": 6.0, "min_child_weight": 4217.299537805839, "num_boost_round": 14.0, "subsample": 0.9016897234371993}, "datetime": {"datetime": "2024-01-20 14:56:54", "elapsed": 1980.881391, "delta": 0.00309}}
