{"target": -13.496490546988461, "params": {"colsample_bytree": 0.23121526099021936, "eta": 0.06018067129712099, "gamma": 823.266885247951, "max_depth": 8.0, "min_child_weight": 4500.494926196449, "num_boost_round": 11.0, "subsample": 0.8926990213860359}, "datetime": {"datetime": "2024-01-20 15:15:36", "elapsed": 3089.895952, "delta": 0.004223}}
{"target": -13.496888748084178, "params": {"colsample_bytree": 0.23121526099021936, "eta": 0.06018067129712099, "gamma": 823.266885247951, "max_depth": 8.0, "min_child_weight": 4500.494926196449, "num_boost_round": 12.0, "subsample": 0.8926990213860359}, "datetime": {"datetime": "2024-01-20 15:15:36", "elapsed": 3089.90005, "delta": 0.004098}}
{"target": -13.496871612296431, "params": {"colsample_bytree": 0.23121526099021936, "eta": 0.06018067129712099, "gamma": 823.266885247951, "max_depth": 8.0, "min_child_weight": 4500.494926196449, "num_boost_round": 13.0, "subsample": 0.8926990213860359}, "datetime": {"datetime": "2024-01-20 15:15:36", "elapsed": 3090.193334, "delta": 0.293284}}
{"target": -13.49653726077003, "params": {"colsample_bytree": 0.23121526099021936, "eta": 0.06018067129712099, "gamma": 823.266885247951, "max_depth": 8.0, "min_child_weight": 4500.494926196449, "num_boost_round": 14.0, "subsample": 0.8926990213860359}, "datetime": {"datetime": "2024-01-20 15:15:36", "elapsed": 3090.198687, "delta": 0.005353}}
{"target": -13.496413652107144, "params": {"colsample_bytree": 0.23121526099021936, "eta": 0.06018067129712099, "gamma": 823.266885247951, "max_depth": 8.0, "min_child_weight": 4500.494926196449, "num_boost_round": 15.0, "subsample": 0.8926990213860359}, "datetime": {"datetime": "2024-01-20 15:15:36", "elapsed": 3090.203231, "delta": 0.004544}}
{"target": -13.496893904370577, "params": {"colsample_bytree": 0.23121526099021936, "eta": 0.06018067129712099, "gamma": 823.266885247951, "max_depth": 8.0, "min_child_weight": 4500.494926196449, "num_boost_round": 16.0, "subsample": 0.8926990213860359}, "datetime": {"datetime": "2024-01-20 15:15:36", "elapsed": 3090.207685, "delta": 0.004454}}
{"target": -13.497073226693496, "params": {"colsample_bytree": 0.23121526099021936, "eta": 0.06018067129712099, "gamma": 823.266885247951, "max_depth": 8.0, "min_child_weight": 4500.494926196449, "num_boost_round": 17.0, "subsample": 0.8926990213860359}, "datetime": {"datetime": "2024-01-20 15:15:36", "elapsed": 3090.212067, "delta": 0.004382}}
{"target": -13.497377328033876, "params": {"colsample_bytree": 0.23121526099021936, "eta": 0.06018067129712099, "gamma": 823.266885247951, "max_depth": 8.0, "min_child_weight": 4500.494926196449, "num_boost_round": 18.0, "subsample": 0.8926990213860359}, "datetime": {"datetime": "2024-01-20 15:15:36", "elapsed": 3090.216379, "delta": 0.004312}}
{"target": -13.49778296180107, "params": {"colsample_bytree": 0.23121526099021936, "eta": 0.06018067129712099, "gamma": 823.266885247951, "max_depth": 8.0, "min_child_weight": 4500.494926196449, "num_boost_round": 19.0, "subsample": 0.8926990213860359}, "datetime": {"datetime": "2024-01-20 15:15:36", "elapsed": 3090.22085, "delta": 0.004471}}
{"target": -13.497650662175108, "params": {"colsample_bytree": 0.23121526099021936, "eta": 0.06018067129712099, "gamma": 823.266885247951, "max_depth": 8.0, "min_child_weight": 4500.494926196449, "num_boost_round": 20.0, "subsample": 0.8926990213860359}, "datetime": {"datetime": "2024-01-20 15:15:36", "elapsed": 3090.225183, "delta": 0.004333}}
{"target": -13.49755831978782, "params": {"colsample_bytree": 0.23121526099021936, "eta": 0.06018067129712099, "gamma": 823.266885247951, "max_depth": 8.0, "min_child_weight": 4500.494926196449, "num_boost_round": 21.0, "subsample": 0.8926990213860359}, "datetime": {"datetime": "2024-01-20 15:15:36", "elapsed": 3090.229634, "delta": 0.004451}}
{"target": -13.497378651466668, "params": {"colsample_bytree": 0.23121526099021936, "eta": 0.06018067129712099, "gamma": 823.266885247951, "max_depth": 8.0, "min_child_weight": 4500.494926196449, "num_boost_round": 22.0, "subsample": 0.8926990213860359}, "datetime": {"datetime": "2024-01-20 15:15:36", "elapsed": 3090.23398, "delta": 0.004346}}
{"target": -13.49716946859224, "params": {"colsample_bytree": 0.23121526099021936, "eta": 0.06018067129712099, "gamma": 823.266885247951, "max_depth": 8.0, "min_child_weight": 4500.494926196449, "num_boost_round": 23.0, "subsample": 0.8926990213860359}, "datetime": {"datetime": "2024-01-20 15:15:36", "elapsed": 3090.238348, "delta": 0.004368}}
{"target": -13.497323815472178, "params": {"colsample_bytree": 0.23121526099021936, "eta": 0.06018067129712099, "gamma": 823.266885247951, "max_depth": 8.0, "min_child_weight": 4500.494926196449, "num_boost_round": 24.0, "subsample": 0.8926990213860359}, "datetime": {"datetime": "2024-01-20 15:15:36", "elapsed": 3090.242735, "delta": 0.004387}}
{"target": -13.49743841233461, "params": {"colsample_bytree": 0.23121526099021936, "eta": 0.06018067129712099, "gamma": 823.266885247951, "max_depth": 8.0, "min_child_weight": 4500.494926196449, "num_boost_round": 25.0, "subsample": 0.8926990213860359}, "datetime": {"datetime": "2024-01-20 15:15:36", "elapsed": 3090.24722, "delta": 0.004485}}
{"target": -13.49754227114793, "params": {"colsample_bytree": 0.23121526099021936, "eta": 0.06018067129712099, "gamma": 823.266885247951, "max_depth": 8.0, "min_child_weight": 4500.494926196449, "num_boost_round": 26.0, "subsample": 0.8926990213860359}, "datetime": {"datetime": "2024-01-20 15:15:36", "elapsed": 3090.251539, "delta": 0.004319}}
{"target": -13.497887992549984, "params": {"colsample_bytree": 0.23121526099021936, "eta": 0.06018067129712099, "gamma": 823.266885247951, "max_depth": 8.0, "min_child_weight": 4500.494926196449, "num_boost_round": 27.0, "subsample": 0.8926990213860359}, "datetime": {"datetime": "2024-01-20 15:15:36", "elapsed": 3090.255909, "delta": 0.00437}}
{"target": -13.497849310306222, "params": {"colsample_bytree": 0.23121526099021936, "eta": 0.06018067129712099, "gamma": 823.266885247951, "max_depth": 8.0, "min_child_weight": 4500.494926196449, "num_boost_round": 28.0, "subsample": 0.8926990213860359}, "datetime": {"datetime": "2024-01-20 15:15:36", "elapsed": 3090.260285, "delta": 0.004376}}
{"target": -13.498293696405206, "params": {"colsample_bytree": 0.23121526099021936, "eta": 0.06018067129712099, "gamma": 823.266885247951, "max_depth": 8.0, "min_child_weight": 4500.494926196449, "num_boost_round": 29.0, "subsample": 0.8926990213860359}, "datetime": {"datetime": "2024-01-20 15:15:36", "elapsed": 3090.264761, "delta": 0.004476}}
{"target": -13.498494270483569, "params": {"colsample_bytree": 0.23121526099021936, "eta": 0.06018067129712099, "gamma": 823.266885247951, "max_depth": 8.0, "min_child_weight": 4500.494926196449, "num_boost_round": 30.0, "subsample": 0.8926990213860359}, "datetime": {"datetime": "2024-01-20 15:15:36", "elapsed": 3090.269127, "delta": 0.004366}}
{"target": -13.49878006928599, "params": {"colsample_bytree": 0.23121526099021936, "eta": 0.06018067129712099, "gamma": 823.266885247951, "max_depth": 8.0, "min_child_weight": 4500.494926196449, "num_boost_round": 31.0, "subsample": 0.8926990213860359}, "datetime": {"datetime": "2024-01-20 15:15:36", "elapsed": 3090.273473, "delta": 0.004346}}
{"target": -13.499066402575577, "params": {"colsample_bytree": 0.23121526099021936, "eta": 0.06018067129712099, "gamma": 823.266885247951, "max_depth": 8.0, "min_child_weight": 4500.494926196449, "num_boost_round": 32.0, "subsample": 0.8926990213860359}, "datetime": {"datetime": "2024-01-20 15:15:36", "elapsed": 3090.27781, "delta": 0.004337}}
{"target": -13.499228459276868, "params": {"colsample_bytree": 0.23121526099021936, "eta": 0.06018067129712099, "gamma": 823.266885247951, "max_depth": 8.0, "min_child_weight": 4500.494926196449, "num_boost_round": 33.0, "subsample": 0.8926990213860359}, "datetime": {"datetime": "2024-01-20 15:15:36", "elapsed": 3090.28228, "delta": 0.00447}}
{"target": -13.499044377261407, "params": {"colsample_bytree": 0.23121526099021936, "eta": 0.06018067129712099, "gamma": 823.266885247951, "max_depth": 8.0, "min_child_weight": 4500.494926196449, "num_boost_round": 34.0, "subsample": 0.8926990213860359}, "datetime": {"datetime": "2024-01-20 15:15:36", "elapsed": 3090.286616, "delta": 0.004336}}
{"target": -13.499254222653807, "params": {"colsample_bytree": 0.23121526099021936, "eta": 0.06018067129712099, "gamma": 823.266885247951, "max_depth": 8.0, "min_child_weight": 4500.494926196449, "num_boost_round": 35.0, "subsample": 0.8926990213860359}, "datetime": {"datetime": "2024-01-20 15:15:36", "elapsed": 3090.290988, "delta": 0.004372}}
{"target": -13.49912515165456, "params": {"colsample_bytree": 0.23121526099021936, "eta": 0.06018067129712099, "gamma": 823.266885247951, "max_depth": 8.0, "min_child_weight": 4500.494926196449, "num_boost_round": 36.0, "subsample": 0.8926990213860359}, "datetime": {"datetime": "2024-01-20 15:15:36", "elapsed": 3090.295373, "delta": 0.004385}}
{"target": -13.499088844954091, "params": {"colsample_bytree": 0.23121526099021936, "eta": 0.06018067129712099, "gamma": 823.266885247951, "max_depth": 8.0, "min_child_weight": 4500.494926196449, "num_boost_round": 37.0, "subsample": 0.8926990213860359}, "datetime": {"datetime": "2024-01-20 15:15:36", "elapsed": 3090.299801, "delta": 0.004428}}
{"target": -13.49961374117806, "params": {"colsample_bytree": 0.23121526099021936, "eta": 0.06018067129712099, "gamma": 823.266885247951, "max_depth": 8.0, "min_child_weight": 4500.494926196449, "num_boost_round": 38.0, "subsample": 0.8926990213860359}, "datetime": {"datetime": "2024-01-20 15:15:36", "elapsed": 3090.304121, "delta": 0.00432}}
{"target": -13.500007732986267, "params": {"colsample_bytree": 0.23121526099021936, "eta": 0.06018067129712099, "gamma": 823.266885247951, "max_depth": 8.0, "min_child_weight": 4500.494926196449, "num_boost_round": 39.0, "subsample": 0.8926990213860359}, "datetime": {"datetime": "2024-01-20 15:15:36", "elapsed": 3090.308488, "delta": 0.004367}}
{"target": -13.50002954360233, "params": {"colsample_bytree": 0.23121526099021936, "eta": 0.06018067129712099, "gamma": 823.266885247951, "max_depth": 8.0, "min_child_weight": 4500.494926196449, "num_boost_round": 40.0, "subsample": 0.8926990213860359}, "datetime": {"datetime": "2024-01-20 15:15:36", "elapsed": 3090.312826, "delta": 0.004338}}
{"target": -13.499978831840846, "params": {"colsample_bytree": 0.23121526099021936, "eta": 0.06018067129712099, "gamma": 823.266885247951, "max_depth": 8.0, "min_child_weight": 4500.494926196449, "num_boost_round": 41.0, "subsample": 0.8926990213860359}, "datetime": {"datetime": "2024-01-20 15:15:36", "elapsed": 3090.317253, "delta": 0.004427}}
{"target": -13.500252970000275, "params": {"colsample_bytree": 0.23121526099021936, "eta": 0.06018067129712099, "gamma": 823.266885247951, "max_depth": 8.0, "min_child_weight": 4500.494926196449, "num_boost_round": 42.0, "subsample": 0.8926990213860359}, "datetime": {"datetime": "2024-01-20 15:15:36", "elapsed": 3090.322217, "delta": 0.004964}}
{"target": -13.500434393283228, "params": {"colsample_bytree": 0.23121526099021936, "eta": 0.06018067129712099, "gamma": 823.266885247951, "max_depth": 8.0, "min_child_weight": 4500.494926196449, "num_boost_round": 43.0, "subsample": 0.8926990213860359}, "datetime": {"datetime": "2024-01-20 15:15:36", "elapsed": 3090.326724, "delta": 0.004507}}
{"target": -13.500498043629154, "params": {"colsample_bytree": 0.23121526099021936, "eta": 0.06018067129712099, "gamma": 823.266885247951, "max_depth": 8.0, "min_child_weight": 4500.494926196449, "num_boost_round": 44.0, "subsample": 0.8926990213860359}, "datetime": {"datetime": "2024-01-20 15:15:36", "elapsed": 3090.331198, "delta": 0.004474}}
{"target": -13.50052964920129, "params": {"colsample_bytree": 0.23121526099021936, "eta": 0.06018067129712099, "gamma": 823.266885247951, "max_depth": 8.0, "min_child_weight": 4500.494926196449, "num_boost_round": 45.0, "subsample": 0.8926990213860359}, "datetime": {"datetime": "2024-01-20 15:15:36", "elapsed": 3090.335672, "delta": 0.004474}}
{"target": -13.50071270380207, "params": {"colsample_bytree": 0.23121526099021936, "eta": 0.06018067129712099, "gamma": 823.266885247951, "max_depth": 8.0, "min_child_weight": 4500.494926196449, "num_boost_round": 46.0, "subsample": 0.8926990213860359}, "datetime": {"datetime": "2024-01-20 15:15:36", "elapsed": 3090.340087, "delta": 0.004415}}
{"target": -13.500641223699278, "params": {"colsample_bytree": 0.23121526099021936, "eta": 0.06018067129712099, "gamma": 823.266885247951, "max_depth": 8.0, "min_child_weight": 4500.494926196449, "num_boost_round": 47.0, "subsample": 0.8926990213860359}, "datetime": {"datetime": "2024-01-20 15:15:36", "elapsed": 3090.344526, "delta": 0.004439}}
{"target": -13.500538959928242, "params": {"colsample_bytree": 0.23121526099021936, "eta": 0.06018067129712099, "gamma": 823.266885247951, "max_depth": 8.0, "min_child_weight": 4500.494926196449, "num_boost_round": 48.0, "subsample": 0.8926990213860359}, "datetime": {"datetime": "2024-01-20 15:15:36", "elapsed": 3090.348878, "delta": 0.004352}}
{"target": -13.500663361702784, "params": {"colsample_bytree": 0.23121526099021936, "eta": 0.06018067129712099, "gamma": 823.266885247951, "max_depth": 8.0, "min_child_weight": 4500.494926196449, "num_boost_round": 49.0, "subsample": 0.8926990213860359}, "datetime": {"datetime": "2024-01-20 15:15:36", "elapsed": 3090.35329, "delta": 0.004412}}
{"target": -13.500753918161529, "params": {"colsample_bytree": 0.23121526099021936, "eta": 0.06018067129712099, "gamma": 823.266885247951, "max_depth": 8.0, "min_child_weight": 4500.494926196449, "num_boost_round": 50.0, "subsample": 0.8926990213860359}, "datetime": {"datetime": "2024-01-20 15:15:36", "elapsed": 3090.357619, "delta": 0.004329}}
{"target": -13.500862983866714, "params": {"colsample_bytree": 0.23121526099021936, "eta": 0.06018067129712099, "gamma": 823.266885247951, "max_depth": 8.0, "min_child_weight": 4500.494926196449, "num_boost_round": 51.0, "subsample": 0.8926990213860359}, "datetime": {"datetime": "2024-01-20 15:15:36", "elapsed": 3090.361951, "delta": 0.004332}}
{"target": -13.50112042010759, "params": {"colsample_bytree": 0.23121526099021936, "eta": 0.06018067129712099, "gamma": 823.266885247951, "max_depth": 8.0, "min_child_weight": 4500.494926196449, "num_boost_round": 52.0, "subsample": 0.8926990213860359}, "datetime": {"datetime": "2024-01-20 15:15:36", "elapsed": 3090.366338, "delta": 0.004387}}
{"target": -13.501397561926677, "params": {"colsample_bytree": 0.23121526099021936, "eta": 0.06018067129712099, "gamma": 823.266885247951, "max_depth": 8.0, "min_child_weight": 4500.494926196449, "num_boost_round": 53.0, "subsample": 0.8926990213860359}, "datetime": {"datetime": "2024-01-20 15:15:36", "elapsed": 3090.370774, "delta": 0.004436}}
{"target": -13.501301154510863, "params": {"colsample_bytree": 0.23121526099021936, "eta": 0.06018067129712099, "gamma": 823.266885247951, "max_depth": 8.0, "min_child_weight": 4500.494926196449, "num_boost_round": 54.0, "subsample": 0.8926990213860359}, "datetime": {"datetime": "2024-01-20 15:15:36", "elapsed": 3090.375152, "delta": 0.004378}}
{"target": -13.501580203086633, "params": {"colsample_bytree": 0.23121526099021936, "eta": 0.06018067129712099, "gamma": 823.266885247951, "max_depth": 8.0, "min_child_weight": 4500.494926196449, "num_boost_round": 55.0, "subsample": 0.8926990213860359}, "datetime": {"datetime": "2024-01-20 15:15:36", "elapsed": 3090.379503, "delta": 0.004351}}
{"target": -13.50168336418088, "params": {"colsample_bytree": 0.23121526099021936, "eta": 0.06018067129712099, "gamma": 823.266885247951, "max_depth": 8.0, "min_child_weight": 4500.494926196449, "num_boost_round": 56.0, "subsample": 0.8926990213860359}, "datetime": {"datetime": "2024-01-20 15:15:36", "elapsed": 3090.383909, "delta": 0.004406}}
{"target": -13.50197129681915, "params": {"colsample_bytree": 0.23121526099021936, "eta": 0.06018067129712099, "gamma": 823.266885247951, "max_depth": 8.0, "min_child_weight": 4500.494926196449, "num_boost_round": 57.0, "subsample": 0.8926990213860359}, "datetime": {"datetime": "2024-01-20 15:15:36", "elapsed": 3090.388372, "delta": 0.004463}}
{"target": -13.502021836327867, "params": {"colsample_bytree": 0.23121526099021936, "eta": 0.06018067129712099, "gamma": 823.266885247951, "max_depth": 8.0, "min_child_weight": 4500.494926196449, "num_boost_round": 58.0, "subsample": 0.8926990213860359}, "datetime": {"datetime": "2024-01-20 15:15:36", "elapsed": 3090.392732, "delta": 0.00436}}
{"target": -13.502210005239426, "params": {"colsample_bytree": 0.23121526099021936, "eta": 0.06018067129712099, "gamma": 823.266885247951, "max_depth": 8.0, "min_child_weight": 4500.494926196449, "num_boost_round": 59.0, "subsample": 0.8926990213860359}, "datetime": {"datetime": "2024-01-20 15:15:36", "elapsed": 3090.397143, "delta": 0.004411}}
{"target": -13.502281838510171, "params": {"colsample_bytree": 0.23121526099021936, "eta": 0.06018067129712099, "gamma": 823.266885247951, "max_depth": 8.0, "min_child_weight": 4500.494926196449, "num_boost_round": 60.0, "subsample": 0.8926990213860359}, "datetime": {"datetime": "2024-01-20 15:15:36", "elapsed": 3090.401497, "delta": 0.004354}}
{"target": -13.502501012224325, "params": {"colsample_bytree": 0.23121526099021936, "eta": 0.06018067129712099, "gamma": 823.266885247951, "max_depth": 8.0, "min_child_weight": 4500.494926196449, "num_boost_round": 61.0, "subsample": 0.8926990213860359}, "datetime": {"datetime": "2024-01-20 15:15:36", "elapsed": 3090.405943, "delta": 0.004446}}
{"target": -13.502637929899294, "params": {"colsample_bytree": 0.23121526099021936, "eta": 0.06018067129712099, "gamma": 823.266885247951, "max_depth": 8.0, "min_child_weight": 4500.494926196449, "num_boost_round": 62.0, "subsample": 0.8926990213860359}, "datetime": {"datetime": "2024-01-20 15:15:36", "elapsed": 3090.410325, "delta": 0.004382}}
{"target": -13.502749215725192, "params": {"colsample_bytree": 0.23121526099021936, "eta": 0.06018067129712099, "gamma": 823.266885247951, "max_depth": 8.0, "min_child_weight": 4500.494926196449, "num_boost_round": 63.0, "subsample": 0.8926990213860359}, "datetime": {"datetime": "2024-01-20 15:15:36", "elapsed": 3090.414722, "delta": 0.004397}}
{"target": -13.502881233103167, "params": {"colsample_bytree": 0.23121526099021936, "eta": 0.06018067129712099, "gamma": 823.266885247951, "max_depth": 8.0, "min_child_weight": 4500.494926196449, "num_boost_round": 64.0, "subsample": 0.8926990213860359}, "datetime": {"datetime": "2024-01-20 15:15:36", "elapsed": 3090.419108, "delta": 0.004386}}
{"target": -13.502877489551144, "params": {"colsample_bytree": 0.23121526099021936, "eta": 0.06018067129712099, "gamma": 823.266885247951, "max_depth": 8.0, "min_child_weight": 4500.494926196449, "num_boost_round": 65.0, "subsample": 0.8926990213860359}, "datetime": {"datetime": "2024-01-20 15:15:36", "elapsed": 3090.423573, "delta": 0.004465}}
{"target": -13.502976574195749, "params": {"colsample_bytree": 0.23121526099021936, "eta": 0.06018067129712099, "gamma": 823.266885247951, "max_depth": 8.0, "min_child_weight": 4500.494926196449, "num_boost_round": 66.0, "subsample": 0.8926990213860359}, "datetime": {"datetime": "2024-01-20 15:15:36", "elapsed": 3090.427971, "delta": 0.004398}}
{"target": -13.503165795641937, "params": {"colsample_bytree": 0.23121526099021936, "eta": 0.06018067129712099, "gamma": 823.266885247951, "max_depth": 8.0, "min_child_weight": 4500.494926196449, "num_boost_round": 67.0, "subsample": 0.8926990213860359}, "datetime": {"datetime": "2024-01-20 15:15:36", "elapsed": 3090.432463, "delta": 0.004492}}
{"target": -13.503376835583893, "params": {"colsample_bytree": 0.23121526099021936, "eta": 0.06018067129712099, "gamma": 823.266885247951, "max_depth": 8.0, "min_child_weight": 4500.494926196449, "num_boost_round": 68.0, "subsample": 0.8926990213860359}, "datetime": {"datetime": "2024-01-20 15:15:36", "elapsed": 3090.436862, "delta": 0.004399}}
{"target": -13.503694108942145, "params": {"colsample_bytree": 0.23121526099021936, "eta": 0.06018067129712099, "gamma": 823.266885247951, "max_depth": 8.0, "min_child_weight": 4500.494926196449, "num_boost_round": 69.0, "subsample": 0.8926990213860359}, "datetime": {"datetime": "2024-01-20 15:15:36", "elapsed": 3090.441309, "delta": 0.004447}}
{"target": -13.503565053769238, "params": {"colsample_bytree": 0.23121526099021936, "eta": 0.06018067129712099, "gamma": 823.266885247951, "max_depth": 8.0, "min_child_weight": 4500.494926196449, "num_boost_round": 70.0, "subsample": 0.8926990213860359}, "datetime": {"datetime": "2024-01-20 15:15:37", "elapsed": 3090.445676, "delta": 0.004367}}
{"target": -13.503579088645285, "params": {"colsample_bytree": 0.23121526099021936, "eta": 0.06018067129712099, "gamma": 823.266885247951, "max_depth": 8.0, "min_child_weight": 4500.494926196449, "num_boost_round": 71.0, "subsample": 0.8926990213860359}, "datetime": {"datetime": "2024-01-20 15:15:37", "elapsed": 3090.450632, "delta": 0.004956}}
{"target": -13.50387389711964, "params": {"colsample_bytree": 0.23121526099021936, "eta": 0.06018067129712099, "gamma": 823.266885247951, "max_depth": 8.0, "min_child_weight": 4500.494926196449, "num_boost_round": 72.0, "subsample": 0.8926990213860359}, "datetime": {"datetime": "2024-01-20 15:15:37", "elapsed": 3090.455261, "delta": 0.004629}}
{"target": -13.50385027309941, "params": {"colsample_bytree": 0.23121526099021936, "eta": 0.06018067129712099, "gamma": 823.266885247951, "max_depth": 8.0, "min_child_weight": 4500.494926196449, "num_boost_round": 73.0, "subsample": 0.8926990213860359}, "datetime": {"datetime": "2024-01-20 15:15:37", "elapsed": 3090.4621, "delta": 0.006839}}
