{"target": -10.47790936158402, "params": {"colsample_bytree": 0.27743437531993964, "eta": 0.055836193481708415, "gamma": 451.1444591953412, "max_depth": 3.0, "min_child_weight": 4577.575907185086, "num_boost_round": 30.0, "subsample": 0.1685317651073352}, "datetime": {"datetime": "2024-01-20 15:02:58", "elapsed": 5870.948327, "delta": 0.00463}}
{"target": -10.477924481889435, "params": {"colsample_bytree": 0.27743437531993964, "eta": 0.055836193481708415, "gamma": 451.1444591953412, "max_depth": 3.0, "min_child_weight": 4577.575907185086, "num_boost_round": 31.0, "subsample": 0.1685317651073352}, "datetime": {"datetime": "2024-01-20 15:02:58", "elapsed": 5870.952966, "delta": 0.004639}}
{"target": -10.478060290338732, "params": {"colsample_bytree": 0.27743437531993964, "eta": 0.055836193481708415, "gamma": 451.1444591953412, "max_depth": 3.0, "min_child_weight": 4577.575907185086, "num_boost_round": 32.0, "subsample": 0.1685317651073352}, "datetime": {"datetime": "2024-01-20 15:02:58", "elapsed": 5870.957922, "delta": 0.004956}}
{"target": -10.47801801009377, "params": {"colsample_bytree": 0.27743437531993964, "eta": 0.055836193481708415, "gamma": 451.1444591953412, "max_depth": 3.0, "min_child_weight": 4577.575907185086, "num_boost_round": 33.0, "subsample": 0.1685317651073352}, "datetime": {"datetime": "2024-01-20 15:02:58", "elapsed": 5870.962845, "delta": 0.004923}}
{"target": -10.477543846914624, "params": {"colsample_bytree": 0.27743437531993964, "eta": 0.055836193481708415, "gamma": 451.1444591953412, "max_depth": 3.0, "min_child_weight": 4577.575907185086, "num_boost_round": 34.0, "subsample": 0.1685317651073352}, "datetime": {"datetime": "2024-01-20 15:02:58", "elapsed": 5870.967906, "delta": 0.005061}}
{"target": -10.477418926812575, "params": {"colsample_bytree": 0.27743437531993964, "eta": 0.055836193481708415, "gamma": 451.1444591953412, "max_depth": 3.0, "min_child_weight": 4577.575907185086, "num_boost_round": 35.0, "subsample": 0.1685317651073352}, "datetime": {"datetime": "2024-01-20 15:02:58", "elapsed": 5870.973352, "delta": 0.005446}}
{"target": -10.477490411014015, "params": {"colsample_bytree": 0.27743437531993964, "eta": 0.055836193481708415, "gamma": 451.1444591953412, "max_depth": 3.0, "min_child_weight": 4577.575907185086, "num_boost_round": 36.0, "subsample": 0.1685317651073352}, "datetime": {"datetime": "2024-01-20 15:02:58", "elapsed": 5870.978717, "delta": 0.005365}}
{"target": -10.47750279713264, "params": {"colsample_bytree": 0.27743437531993964, "eta": 0.055836193481708415, "gamma": 451.1444591953412, "max_depth": 3.0, "min_child_weight": 4577.575907185086, "num_boost_round": 37.0, "subsample": 0.1685317651073352}, "datetime": {"datetime": "2024-01-20 15:02:58", "elapsed": 5870.983477, "delta": 0.00476}}
{"target": -10.477753654684221, "params": {"colsample_bytree": 0.27743437531993964, "eta": 0.055836193481708415, "gamma": 451.1444591953412, "max_depth": 3.0, "min_child_weight": 4577.575907185086, "num_boost_round": 38.0, "subsample": 0.1685317651073352}, "datetime": {"datetime": "2024-01-20 15:02:58", "elapsed": 5870.988161, "delta": 0.004684}}
{"target": -10.477804265266192, "params": {"colsample_bytree": 0.27743437531993964, "eta": 0.055836193481708415, "gamma": 451.1444591953412, "max_depth": 3.0, "min_child_weight": 4577.575907185086, "num_boost_round": 39.0, "subsample": 0.1685317651073352}, "datetime": {"datetime": "2024-01-20 15:02:58", "elapsed": 5870.99274, "delta": 0.004579}}
{"target": -10.477738390748257, "params": {"colsample_bytree": 0.27743437531993964, "eta": 0.055836193481708415, "gamma": 451.1444591953412, "max_depth": 3.0, "min_child_weight": 4577.575907185086, "num_boost_round": 40.0, "subsample": 0.1685317651073352}, "datetime": {"datetime": "2024-01-20 15:02:58", "elapsed": 5870.997267, "delta": 0.004527}}
{"target": -10.477759779598323, "params": {"colsample_bytree": 0.27743437531993964, "eta": 0.055836193481708415, "gamma": 451.1444591953412, "max_depth": 3.0, "min_child_weight": 4577.575907185086, "num_boost_round": 41.0, "subsample": 0.1685317651073352}, "datetime": {"datetime": "2024-01-20 15:02:58", "elapsed": 5871.001849, "delta": 0.004582}}
{"target": -10.477942583182976, "params": {"colsample_bytree": 0.27743437531993964, "eta": 0.055836193481708415, "gamma": 451.1444591953412, "max_depth": 3.0, "min_child_weight": 4577.575907185086, "num_boost_round": 42.0, "subsample": 0.1685317651073352}, "datetime": {"datetime": "2024-01-20 15:02:58", "elapsed": 5871.006599, "delta": 0.00475}}
{"target": -10.478045820775215, "params": {"colsample_bytree": 0.27743437531993964, "eta": 0.055836193481708415, "gamma": 451.1444591953412, "max_depth": 3.0, "min_child_weight": 4577.575907185086, "num_boost_round": 43.0, "subsample": 0.1685317651073352}, "datetime": {"datetime": "2024-01-20 15:02:58", "elapsed": 5871.011208, "delta": 0.004609}}
{"target": -10.478171225905875, "params": {"colsample_bytree": 0.27743437531993964, "eta": 0.055836193481708415, "gamma": 451.1444591953412, "max_depth": 3.0, "min_child_weight": 4577.575907185086, "num_boost_round": 44.0, "subsample": 0.1685317651073352}, "datetime": {"datetime": "2024-01-20 15:02:58", "elapsed": 5871.015826, "delta": 0.004618}}
{"target": -10.478207116528548, "params": {"colsample_bytree": 0.27743437531993964, "eta": 0.055836193481708415, "gamma": 451.1444591953412, "max_depth": 3.0, "min_child_weight": 4577.575907185086, "num_boost_round": 45.0, "subsample": 0.1685317651073352}, "datetime": {"datetime": "2024-01-20 15:02:58", "elapsed": 5871.020438, "delta": 0.004612}}
{"target": -10.478363605563825, "params": {"colsample_bytree": 0.27743437531993964, "eta": 0.055836193481708415, "gamma": 451.1444591953412, "max_depth": 3.0, "min_child_weight": 4577.575907185086, "num_boost_round": 46.0, "subsample": 0.1685317651073352}, "datetime": {"datetime": "2024-01-20 15:02:58", "elapsed": 5871.025232, "delta": 0.004794}}
{"target": -10.478385607720217, "params": {"colsample_bytree": 0.27743437531993964, "eta": 0.055836193481708415, "gamma": 451.1444591953412, "max_depth": 3.0, "min_child_weight": 4577.575907185086, "num_boost_round": 47.0, "subsample": 0.1685317651073352}, "datetime": {"datetime": "2024-01-20 15:02:58", "elapsed": 5871.029933, "delta": 0.004701}}
{"target": -10.478340814805803, "params": {"colsample_bytree": 0.27743437531993964, "eta": 0.055836193481708415, "gamma": 451.1444591953412, "max_depth": 3.0, "min_child_weight": 4577.575907185086, "num_boost_round": 48.0, "subsample": 0.1685317651073352}, "datetime": {"datetime": "2024-01-20 15:02:58", "elapsed": 5871.034563, "delta": 0.00463}}
{"target": -10.47841255441178, "params": {"colsample_bytree": 0.27743437531993964, "eta": 0.055836193481708415, "gamma": 451.1444591953412, "max_depth": 3.0, "min_child_weight": 4577.575907185086, "num_boost_round": 49.0, "subsample": 0.1685317651073352}, "datetime": {"datetime": "2024-01-20 15:02:58", "elapsed": 5871.039213, "delta": 0.00465}}
{"target": -10.478419668914887, "params": {"colsample_bytree": 0.27743437531993964, "eta": 0.055836193481708415, "gamma": 451.1444591953412, "max_depth": 3.0, "min_child_weight": 4577.575907185086, "num_boost_round": 50.0, "subsample": 0.1685317651073352}, "datetime": {"datetime": "2024-01-20 15:02:59", "elapsed": 5871.043888, "delta": 0.004675}}
{"target": -10.478515985491498, "params": {"colsample_bytree": 0.27743437531993964, "eta": 0.055836193481708415, "gamma": 451.1444591953412, "max_depth": 3.0, "min_child_weight": 4577.575907185086, "num_boost_round": 51.0, "subsample": 0.1685317651073352}, "datetime": {"datetime": "2024-01-20 15:02:59", "elapsed": 5871.048466, "delta": 0.004578}}
{"target": -10.47865415281586, "params": {"colsample_bytree": 0.27743437531993964, "eta": 0.055836193481708415, "gamma": 451.1444591953412, "max_depth": 3.0, "min_child_weight": 4577.575907185086, "num_boost_round": 52.0, "subsample": 0.1685317651073352}, "datetime": {"datetime": "2024-01-20 15:02:59", "elapsed": 5871.053097, "delta": 0.004631}}
{"target": -10.478889186434571, "params": {"colsample_bytree": 0.27743437531993964, "eta": 0.055836193481708415, "gamma": 451.1444591953412, "max_depth": 3.0, "min_child_weight": 4577.575907185086, "num_boost_round": 53.0, "subsample": 0.1685317651073352}, "datetime": {"datetime": "2024-01-20 15:02:59", "elapsed": 5871.057747, "delta": 0.00465}}
{"target": -10.478901756499496, "params": {"colsample_bytree": 0.27743437531993964, "eta": 0.055836193481708415, "gamma": 451.1444591953412, "max_depth": 3.0, "min_child_weight": 4577.575907185086, "num_boost_round": 54.0, "subsample": 0.1685317651073352}, "datetime": {"datetime": "2024-01-20 15:02:59", "elapsed": 5871.431312, "delta": 0.373565}}
{"target": -10.478845891465323, "params": {"colsample_bytree": 0.27743437531993964, "eta": 0.055836193481708415, "gamma": 451.1444591953412, "max_depth": 3.0, "min_child_weight": 4577.575907185086, "num_boost_round": 55.0, "subsample": 0.1685317651073352}, "datetime": {"datetime": "2024-01-20 15:02:59", "elapsed": 5871.437575, "delta": 0.006263}}
{"target": -10.478903291490589, "params": {"colsample_bytree": 0.27743437531993964, "eta": 0.055836193481708415, "gamma": 451.1444591953412, "max_depth": 3.0, "min_child_weight": 4577.575907185086, "num_boost_round": 56.0, "subsample": 0.1685317651073352}, "datetime": {"datetime": "2024-01-20 15:02:59", "elapsed": 5871.443256, "delta": 0.005681}}
{"target": -10.478876096221725, "params": {"colsample_bytree": 0.27743437531993964, "eta": 0.055836193481708415, "gamma": 451.1444591953412, "max_depth": 3.0, "min_child_weight": 4577.575907185086, "num_boost_round": 57.0, "subsample": 0.1685317651073352}, "datetime": {"datetime": "2024-01-20 15:02:59", "elapsed": 5871.448384, "delta": 0.005128}}
{"target": -10.475736895738972, "params": {"colsample_bytree": 0.9750183213265003, "eta": 0.0502402926512425, "gamma": 508.76603867377713, "max_depth": 2.0, "min_child_weight": 4699.2743017362645, "num_boost_round": 1.0, "subsample": 0.26213276114335277}, "datetime": {"datetime": "2024-01-20 15:04:05", "elapsed": 5937.119067, "delta": 65.670683}}
{"target": -10.475516108010634, "params": {"colsample_bytree": 0.9750183213265003, "eta": 0.0502402926512425, "gamma": 508.76603867377713, "max_depth": 2.0, "min_child_weight": 4699.2743017362645, "num_boost_round": 2.0, "subsample": 0.26213276114335277}, "datetime": {"datetime": "2024-01-20 15:04:05", "elapsed": 5937.125537, "delta": 0.00647}}
{"target": -10.4752578517212, "params": {"colsample_bytree": 0.9750183213265003, "eta": 0.0502402926512425, "gamma": 508.76603867377713, "max_depth": 2.0, "min_child_weight": 4699.2743017362645, "num_boost_round": 3.0, "subsample": 0.26213276114335277}, "datetime": {"datetime": "2024-01-20 15:04:05", "elapsed": 5937.130409, "delta": 0.004872}}
{"target": -10.475090610154822, "params": {"colsample_bytree": 0.9750183213265003, "eta": 0.0502402926512425, "gamma": 508.76603867377713, "max_depth": 2.0, "min_child_weight": 4699.2743017362645, "num_boost_round": 4.0, "subsample": 0.26213276114335277}, "datetime": {"datetime": "2024-01-20 15:04:05", "elapsed": 5937.135044, "delta": 0.004635}}
{"target": -10.47504770549457, "params": {"colsample_bytree": 0.9750183213265003, "eta": 0.0502402926512425, "gamma": 508.76603867377713, "max_depth": 2.0, "min_child_weight": 4699.2743017362645, "num_boost_round": 5.0, "subsample": 0.26213276114335277}, "datetime": {"datetime": "2024-01-20 15:04:05", "elapsed": 5937.140014, "delta": 0.00497}}
{"target": -10.474935922450733, "params": {"colsample_bytree": 0.9750183213265003, "eta": 0.0502402926512425, "gamma": 508.76603867377713, "max_depth": 2.0, "min_child_weight": 4699.2743017362645, "num_boost_round": 6.0, "subsample": 0.26213276114335277}, "datetime": {"datetime": "2024-01-20 15:04:05", "elapsed": 5937.14455, "delta": 0.004536}}
{"target": -10.47484205163768, "params": {"colsample_bytree": 0.9750183213265003, "eta": 0.0502402926512425, "gamma": 508.76603867377713, "max_depth": 2.0, "min_child_weight": 4699.2743017362645, "num_boost_round": 7.0, "subsample": 0.26213276114335277}, "datetime": {"datetime": "2024-01-20 15:04:05", "elapsed": 5937.149199, "delta": 0.004649}}
{"target": -10.47486921982129, "params": {"colsample_bytree": 0.9750183213265003, "eta": 0.0502402926512425, "gamma": 508.76603867377713, "max_depth": 2.0, "min_child_weight": 4699.2743017362645, "num_boost_round": 8.0, "subsample": 0.26213276114335277}, "datetime": {"datetime": "2024-01-20 15:04:05", "elapsed": 5937.153816, "delta": 0.004617}}
{"target": -10.47494473326313, "params": {"colsample_bytree": 0.9750183213265003, "eta": 0.0502402926512425, "gamma": 508.76603867377713, "max_depth": 2.0, "min_child_weight": 4699.2743017362645, "num_boost_round": 9.0, "subsample": 0.26213276114335277}, "datetime": {"datetime": "2024-01-20 15:04:05", "elapsed": 5937.158909, "delta": 0.005093}}
{"target": -10.474931536092773, "params": {"colsample_bytree": 0.9750183213265003, "eta": 0.0502402926512425, "gamma": 508.76603867377713, "max_depth": 2.0, "min_child_weight": 4699.2743017362645, "num_boost_round": 10.0, "subsample": 0.26213276114335277}, "datetime": {"datetime": "2024-01-20 15:04:05", "elapsed": 5937.163633, "delta": 0.004724}}
{"target": -10.474829436670746, "params": {"colsample_bytree": 0.9750183213265003, "eta": 0.0502402926512425, "gamma": 508.76603867377713, "max_depth": 2.0, "min_child_weight": 4699.2743017362645, "num_boost_round": 11.0, "subsample": 0.26213276114335277}, "datetime": {"datetime": "2024-01-20 15:04:05", "elapsed": 5937.168338, "delta": 0.004705}}
{"target": -10.474997689650671, "params": {"colsample_bytree": 0.9750183213265003, "eta": 0.0502402926512425, "gamma": 508.76603867377713, "max_depth": 2.0, "min_child_weight": 4699.2743017362645, "num_boost_round": 12.0, "subsample": 0.26213276114335277}, "datetime": {"datetime": "2024-01-20 15:04:05", "elapsed": 5937.172903, "delta": 0.004565}}
{"target": -10.47514047709333, "params": {"colsample_bytree": 0.9750183213265003, "eta": 0.0502402926512425, "gamma": 508.76603867377713, "max_depth": 2.0, "min_child_weight": 4699.2743017362645, "num_boost_round": 13.0, "subsample": 0.26213276114335277}, "datetime": {"datetime": "2024-01-20 15:04:05", "elapsed": 5937.177901, "delta": 0.004998}}
{"target": -10.475154248312307, "params": {"colsample_bytree": 0.9750183213265003, "eta": 0.0502402926512425, "gamma": 508.76603867377713, "max_depth": 2.0, "min_child_weight": 4699.2743017362645, "num_boost_round": 14.0, "subsample": 0.26213276114335277}, "datetime": {"datetime": "2024-01-20 15:04:05", "elapsed": 5937.182496, "delta": 0.004595}}
{"target": -10.475085001792625, "params": {"colsample_bytree": 0.9750183213265003, "eta": 0.0502402926512425, "gamma": 508.76603867377713, "max_depth": 2.0, "min_child_weight": 4699.2743017362645, "num_boost_round": 15.0, "subsample": 0.26213276114335277}, "datetime": {"datetime": "2024-01-20 15:04:05", "elapsed": 5937.187041, "delta": 0.004545}}
{"target": -10.47573124491302, "params": {"colsample_bytree": 0.3993106226904144, "eta": 0.046907283233697215, "gamma": 572.0497688305462, "max_depth": 9.0, "min_child_weight": 4688.510021155773, "num_boost_round": 1.0, "subsample": 0.7941107501931881}, "datetime": {"datetime": "2024-01-20 15:05:32", "elapsed": 6024.174759, "delta": 86.987718}}
{"target": -10.475312521485995, "params": {"colsample_bytree": 0.3993106226904144, "eta": 0.046907283233697215, "gamma": 572.0497688305462, "max_depth": 9.0, "min_child_weight": 4688.510021155773, "num_boost_round": 2.0, "subsample": 0.7941107501931881}, "datetime": {"datetime": "2024-01-20 15:05:32", "elapsed": 6024.181592, "delta": 0.006833}}
{"target": -10.475323443618029, "params": {"colsample_bytree": 0.3993106226904144, "eta": 0.046907283233697215, "gamma": 572.0497688305462, "max_depth": 9.0, "min_child_weight": 4688.510021155773, "num_boost_round": 3.0, "subsample": 0.7941107501931881}, "datetime": {"datetime": "2024-01-20 15:05:32", "elapsed": 6024.186846, "delta": 0.005254}}
{"target": -10.475004650217596, "params": {"colsample_bytree": 0.3993106226904144, "eta": 0.046907283233697215, "gamma": 572.0497688305462, "max_depth": 9.0, "min_child_weight": 4688.510021155773, "num_boost_round": 4.0, "subsample": 0.7941107501931881}, "datetime": {"datetime": "2024-01-20 15:05:32", "elapsed": 6024.191685, "delta": 0.004839}}
{"target": -10.47458643741204, "params": {"colsample_bytree": 0.3993106226904144, "eta": 0.046907283233697215, "gamma": 572.0497688305462, "max_depth": 9.0, "min_child_weight": 4688.510021155773, "num_boost_round": 5.0, "subsample": 0.7941107501931881}, "datetime": {"datetime": "2024-01-20 15:05:32", "elapsed": 6024.196437, "delta": 0.004752}}
{"target": -10.474570965843991, "params": {"colsample_bytree": 0.3993106226904144, "eta": 0.046907283233697215, "gamma": 572.0497688305462, "max_depth": 9.0, "min_child_weight": 4688.510021155773, "num_boost_round": 6.0, "subsample": 0.7941107501931881}, "datetime": {"datetime": "2024-01-20 15:05:32", "elapsed": 6024.201042, "delta": 0.004605}}
{"target": -10.474233419103848, "params": {"colsample_bytree": 0.3993106226904144, "eta": 0.046907283233697215, "gamma": 572.0497688305462, "max_depth": 9.0, "min_child_weight": 4688.510021155773, "num_boost_round": 7.0, "subsample": 0.7941107501931881}, "datetime": {"datetime": "2024-01-20 15:05:32", "elapsed": 6024.205837, "delta": 0.004795}}
{"target": -10.474018766620084, "params": {"colsample_bytree": 0.3993106226904144, "eta": 0.046907283233697215, "gamma": 572.0497688305462, "max_depth": 9.0, "min_child_weight": 4688.510021155773, "num_boost_round": 8.0, "subsample": 0.7941107501931881}, "datetime": {"datetime": "2024-01-20 15:05:32", "elapsed": 6024.210508, "delta": 0.004671}}
{"target": -10.473982131253257, "params": {"colsample_bytree": 0.3993106226904144, "eta": 0.046907283233697215, "gamma": 572.0497688305462, "max_depth": 9.0, "min_child_weight": 4688.510021155773, "num_boost_round": 9.0, "subsample": 0.7941107501931881}, "datetime": {"datetime": "2024-01-20 15:05:32", "elapsed": 6024.215256, "delta": 0.004748}}
{"target": -10.474042933843958, "params": {"colsample_bytree": 0.3993106226904144, "eta": 0.046907283233697215, "gamma": 572.0497688305462, "max_depth": 9.0, "min_child_weight": 4688.510021155773, "num_boost_round": 10.0, "subsample": 0.7941107501931881}, "datetime": {"datetime": "2024-01-20 15:05:32", "elapsed": 6024.21992, "delta": 0.004664}}
{"target": -10.47428565582597, "params": {"colsample_bytree": 0.3993106226904144, "eta": 0.046907283233697215, "gamma": 572.0497688305462, "max_depth": 9.0, "min_child_weight": 4688.510021155773, "num_boost_round": 11.0, "subsample": 0.7941107501931881}, "datetime": {"datetime": "2024-01-20 15:05:32", "elapsed": 6024.224679, "delta": 0.004759}}
{"target": -10.47416154691907, "params": {"colsample_bytree": 0.3993106226904144, "eta": 0.046907283233697215, "gamma": 572.0497688305462, "max_depth": 9.0, "min_child_weight": 4688.510021155773, "num_boost_round": 12.0, "subsample": 0.7941107501931881}, "datetime": {"datetime": "2024-01-20 15:05:32", "elapsed": 6024.229284, "delta": 0.004605}}
{"target": -10.47413936291009, "params": {"colsample_bytree": 0.3993106226904144, "eta": 0.046907283233697215, "gamma": 572.0497688305462, "max_depth": 9.0, "min_child_weight": 4688.510021155773, "num_boost_round": 13.0, "subsample": 0.7941107501931881}, "datetime": {"datetime": "2024-01-20 15:05:32", "elapsed": 6024.233859, "delta": 0.004575}}
{"target": -10.473732109861931, "params": {"colsample_bytree": 0.3993106226904144, "eta": 0.046907283233697215, "gamma": 572.0497688305462, "max_depth": 9.0, "min_child_weight": 4688.510021155773, "num_boost_round": 14.0, "subsample": 0.7941107501931881}, "datetime": {"datetime": "2024-01-20 15:05:32", "elapsed": 6024.238558, "delta": 0.004699}}
{"target": -10.473864887835003, "params": {"colsample_bytree": 0.3993106226904144, "eta": 0.046907283233697215, "gamma": 572.0497688305462, "max_depth": 9.0, "min_child_weight": 4688.510021155773, "num_boost_round": 15.0, "subsample": 0.7941107501931881}, "datetime": {"datetime": "2024-01-20 15:05:32", "elapsed": 6024.243336, "delta": 0.004778}}
{"target": -10.474382313228991, "params": {"colsample_bytree": 0.3993106226904144, "eta": 0.046907283233697215, "gamma": 572.0497688305462, "max_depth": 9.0, "min_child_weight": 4688.510021155773, "num_boost_round": 16.0, "subsample": 0.7941107501931881}, "datetime": {"datetime": "2024-01-20 15:05:32", "elapsed": 6024.247897, "delta": 0.004561}}
{"target": -10.474607834216943, "params": {"colsample_bytree": 0.3993106226904144, "eta": 0.046907283233697215, "gamma": 572.0497688305462, "max_depth": 9.0, "min_child_weight": 4688.510021155773, "num_boost_round": 17.0, "subsample": 0.7941107501931881}, "datetime": {"datetime": "2024-01-20 15:05:32", "elapsed": 6024.252548, "delta": 0.004651}}
{"target": -10.474416963396031, "params": {"colsample_bytree": 0.3993106226904144, "eta": 0.046907283233697215, "gamma": 572.0497688305462, "max_depth": 9.0, "min_child_weight": 4688.510021155773, "num_boost_round": 18.0, "subsample": 0.7941107501931881}, "datetime": {"datetime": "2024-01-20 15:05:32", "elapsed": 6024.257245, "delta": 0.004697}}
{"target": -10.47454124620305, "params": {"colsample_bytree": 0.3993106226904144, "eta": 0.046907283233697215, "gamma": 572.0497688305462, "max_depth": 9.0, "min_child_weight": 4688.510021155773, "num_boost_round": 19.0, "subsample": 0.7941107501931881}, "datetime": {"datetime": "2024-01-20 15:05:32", "elapsed": 6024.262096, "delta": 0.004851}}
{"target": -10.474633951515617, "params": {"colsample_bytree": 0.3993106226904144, "eta": 0.046907283233697215, "gamma": 572.0497688305462, "max_depth": 9.0, "min_child_weight": 4688.510021155773, "num_boost_round": 20.0, "subsample": 0.7941107501931881}, "datetime": {"datetime": "2024-01-20 15:05:32", "elapsed": 6024.266879, "delta": 0.004783}}
