{"target": -13.3977914337256, "params": {"colsample_bytree": 0.1404019756186044, "eta": 0.051337524084352104, "gamma": 220.5538964598477, "max_depth": 8.0, "min_child_weight": 4217.424055189557, "num_boost_round": 4.0, "subsample": 0.15576551786510143}, "datetime": {"datetime": "2024-01-20 17:50:17", "elapsed": 12351.745056, "delta": 0.005225}}
{"target": -13.397688270740531, "params": {"colsample_bytree": 0.1404019756186044, "eta": 0.051337524084352104, "gamma": 220.5538964598477, "max_depth": 8.0, "min_child_weight": 4217.424055189557, "num_boost_round": 5.0, "subsample": 0.15576551786510143}, "datetime": {"datetime": "2024-01-20 17:50:17", "elapsed": 12351.750237, "delta": 0.005181}}
{"target": -13.397608744153207, "params": {"colsample_bytree": 0.1404019756186044, "eta": 0.051337524084352104, "gamma": 220.5538964598477, "max_depth": 8.0, "min_child_weight": 4217.424055189557, "num_boost_round": 6.0, "subsample": 0.15576551786510143}, "datetime": {"datetime": "2024-01-20 17:50:17", "elapsed": 12351.755483, "delta": 0.005246}}
{"target": -13.397689440148987, "params": {"colsample_bytree": 0.1404019756186044, "eta": 0.051337524084352104, "gamma": 220.5538964598477, "max_depth": 8.0, "min_child_weight": 4217.424055189557, "num_boost_round": 7.0, "subsample": 0.15576551786510143}, "datetime": {"datetime": "2024-01-20 17:50:17", "elapsed": 12351.760663, "delta": 0.00518}}
{"target": -13.398042334273365, "params": {"colsample_bytree": 0.11428653499854084, "eta": 0.04053024101367941, "gamma": 144.96055878371328, "max_depth": 9.0, "min_child_weight": 4220.113565652262, "num_boost_round": 1.0, "subsample": 0.5319182874123248}, "datetime": {"datetime": "2024-01-20 17:52:03", "elapsed": 12457.834877, "delta": 106.074214}}
{"target": -13.398117763613403, "params": {"colsample_bytree": 0.11428653499854084, "eta": 0.04053024101367941, "gamma": 144.96055878371328, "max_depth": 9.0, "min_child_weight": 4220.113565652262, "num_boost_round": 2.0, "subsample": 0.5319182874123248}, "datetime": {"datetime": "2024-01-20 17:52:03", "elapsed": 12457.841967, "delta": 0.00709}}
{"target": -13.398199288704305, "params": {"colsample_bytree": 0.11428653499854084, "eta": 0.04053024101367941, "gamma": 144.96055878371328, "max_depth": 9.0, "min_child_weight": 4220.113565652262, "num_boost_round": 3.0, "subsample": 0.5319182874123248}, "datetime": {"datetime": "2024-01-20 17:52:03", "elapsed": 12457.847524, "delta": 0.005557}}
{"target": -13.398179542900682, "params": {"colsample_bytree": 0.11428653499854084, "eta": 0.04053024101367941, "gamma": 144.96055878371328, "max_depth": 9.0, "min_child_weight": 4220.113565652262, "num_boost_round": 4.0, "subsample": 0.5319182874123248}, "datetime": {"datetime": "2024-01-20 17:52:03", "elapsed": 12457.853016, "delta": 0.005492}}
{"target": -13.398050595279152, "params": {"colsample_bytree": 0.11428653499854084, "eta": 0.04053024101367941, "gamma": 144.96055878371328, "max_depth": 9.0, "min_child_weight": 4220.113565652262, "num_boost_round": 5.0, "subsample": 0.5319182874123248}, "datetime": {"datetime": "2024-01-20 17:52:03", "elapsed": 12457.858142, "delta": 0.005126}}
{"target": -13.398014258800185, "params": {"colsample_bytree": 0.11428653499854084, "eta": 0.04053024101367941, "gamma": 144.96055878371328, "max_depth": 9.0, "min_child_weight": 4220.113565652262, "num_boost_round": 6.0, "subsample": 0.5319182874123248}, "datetime": {"datetime": "2024-01-20 17:52:03", "elapsed": 12457.863427, "delta": 0.005285}}
{"target": -13.398081302396509, "params": {"colsample_bytree": 0.11428653499854084, "eta": 0.04053024101367941, "gamma": 144.96055878371328, "max_depth": 9.0, "min_child_weight": 4220.113565652262, "num_boost_round": 7.0, "subsample": 0.5319182874123248}, "datetime": {"datetime": "2024-01-20 17:52:03", "elapsed": 12457.868715, "delta": 0.005288}}
{"target": -13.39817555487991, "params": {"colsample_bytree": 0.11428653499854084, "eta": 0.04053024101367941, "gamma": 144.96055878371328, "max_depth": 9.0, "min_child_weight": 4220.113565652262, "num_boost_round": 8.0, "subsample": 0.5319182874123248}, "datetime": {"datetime": "2024-01-20 17:52:03", "elapsed": 12457.874109, "delta": 0.005394}}
{"target": -13.398179812290241, "params": {"colsample_bytree": 0.11428653499854084, "eta": 0.04053024101367941, "gamma": 144.96055878371328, "max_depth": 9.0, "min_child_weight": 4220.113565652262, "num_boost_round": 9.0, "subsample": 0.5319182874123248}, "datetime": {"datetime": "2024-01-20 17:52:03", "elapsed": 12457.879453, "delta": 0.005344}}
{"target": -13.398281353550598, "params": {"colsample_bytree": 0.11428653499854084, "eta": 0.04053024101367941, "gamma": 144.96055878371328, "max_depth": 9.0, "min_child_weight": 4220.113565652262, "num_boost_round": 10.0, "subsample": 0.5319182874123248}, "datetime": {"datetime": "2024-01-20 17:52:03", "elapsed": 12457.884972, "delta": 0.005519}}
{"target": -13.398260495922237, "params": {"colsample_bytree": 0.11428653499854084, "eta": 0.04053024101367941, "gamma": 144.96055878371328, "max_depth": 9.0, "min_child_weight": 4220.113565652262, "num_boost_round": 11.0, "subsample": 0.5319182874123248}, "datetime": {"datetime": "2024-01-20 17:52:03", "elapsed": 12457.890445, "delta": 0.005473}}
{"target": -13.398222366699553, "params": {"colsample_bytree": 0.11428653499854084, "eta": 0.04053024101367941, "gamma": 144.96055878371328, "max_depth": 9.0, "min_child_weight": 4220.113565652262, "num_boost_round": 12.0, "subsample": 0.5319182874123248}, "datetime": {"datetime": "2024-01-20 17:52:03", "elapsed": 12457.895879, "delta": 0.005434}}
{"target": -13.397119971993526, "params": {"colsample_bytree": 0.8486973889851118, "eta": 0.05520809235725256, "gamma": 36.27646475300761, "max_depth": 9.0, "min_child_weight": 4256.787262158575, "num_boost_round": 1.0, "subsample": 0.29287324080111254}, "datetime": {"datetime": "2024-01-20 17:53:55", "elapsed": 12570.432585, "delta": 112.536706}}
{"target": -13.396693599837391, "params": {"colsample_bytree": 0.8486973889851118, "eta": 0.05520809235725256, "gamma": 36.27646475300761, "max_depth": 9.0, "min_child_weight": 4256.787262158575, "num_boost_round": 2.0, "subsample": 0.29287324080111254}, "datetime": {"datetime": "2024-01-20 17:53:55", "elapsed": 12570.439168, "delta": 0.006583}}
{"target": -13.396487786593429, "params": {"colsample_bytree": 0.8486973889851118, "eta": 0.05520809235725256, "gamma": 36.27646475300761, "max_depth": 9.0, "min_child_weight": 4256.787262158575, "num_boost_round": 3.0, "subsample": 0.29287324080111254}, "datetime": {"datetime": "2024-01-20 17:53:55", "elapsed": 12570.444706, "delta": 0.005538}}
{"target": -13.39765146803149, "params": {"colsample_bytree": 0.2691853596845618, "eta": 0.0608770147321638, "gamma": 46.327463910938334, "max_depth": 4.0, "min_child_weight": 4216.822601257832, "num_boost_round": 1.0, "subsample": 0.3752618263217651}, "datetime": {"datetime": "2024-01-20 17:55:48", "elapsed": 12683.262943, "delta": 112.818237}}
{"target": -13.397638660439526, "params": {"colsample_bytree": 0.2691853596845618, "eta": 0.0608770147321638, "gamma": 46.327463910938334, "max_depth": 4.0, "min_child_weight": 4216.822601257832, "num_boost_round": 2.0, "subsample": 0.3752618263217651}, "datetime": {"datetime": "2024-01-20 17:55:48", "elapsed": 12683.269935, "delta": 0.006992}}
{"target": -13.397495378305546, "params": {"colsample_bytree": 0.2691853596845618, "eta": 0.0608770147321638, "gamma": 46.327463910938334, "max_depth": 4.0, "min_child_weight": 4216.822601257832, "num_boost_round": 3.0, "subsample": 0.3752618263217651}, "datetime": {"datetime": "2024-01-20 17:55:48", "elapsed": 12683.275598, "delta": 0.005663}}
{"target": -13.398037619204622, "params": {"colsample_bytree": 0.2691853596845618, "eta": 0.0608770147321638, "gamma": 46.327463910938334, "max_depth": 4.0, "min_child_weight": 4216.822601257832, "num_boost_round": 4.0, "subsample": 0.3752618263217651}, "datetime": {"datetime": "2024-01-20 17:55:48", "elapsed": 12683.280897, "delta": 0.005299}}
{"target": -13.39839434870941, "params": {"colsample_bytree": 0.2691853596845618, "eta": 0.0608770147321638, "gamma": 46.327463910938334, "max_depth": 4.0, "min_child_weight": 4216.822601257832, "num_boost_round": 5.0, "subsample": 0.3752618263217651}, "datetime": {"datetime": "2024-01-20 17:55:48", "elapsed": 12683.286678, "delta": 0.005781}}
{"target": -13.398274738736973, "params": {"colsample_bytree": 0.2691853596845618, "eta": 0.0608770147321638, "gamma": 46.327463910938334, "max_depth": 4.0, "min_child_weight": 4216.822601257832, "num_boost_round": 6.0, "subsample": 0.3752618263217651}, "datetime": {"datetime": "2024-01-20 17:55:48", "elapsed": 12683.292116, "delta": 0.005438}}
{"target": -13.398643308368538, "params": {"colsample_bytree": 0.2691853596845618, "eta": 0.0608770147321638, "gamma": 46.327463910938334, "max_depth": 4.0, "min_child_weight": 4216.822601257832, "num_boost_round": 7.0, "subsample": 0.3752618263217651}, "datetime": {"datetime": "2024-01-20 17:55:48", "elapsed": 12683.297653, "delta": 0.005537}}
{"target": -13.399164535989835, "params": {"colsample_bytree": 0.2691853596845618, "eta": 0.0608770147321638, "gamma": 46.327463910938334, "max_depth": 4.0, "min_child_weight": 4216.822601257832, "num_boost_round": 8.0, "subsample": 0.3752618263217651}, "datetime": {"datetime": "2024-01-20 17:55:48", "elapsed": 12683.303168, "delta": 0.005515}}
{"target": -13.399442176583129, "params": {"colsample_bytree": 0.2691853596845618, "eta": 0.0608770147321638, "gamma": 46.327463910938334, "max_depth": 4.0, "min_child_weight": 4216.822601257832, "num_boost_round": 9.0, "subsample": 0.3752618263217651}, "datetime": {"datetime": "2024-01-20 17:55:48", "elapsed": 12683.308752, "delta": 0.005584}}
{"target": -13.399706445913065, "params": {"colsample_bytree": 0.2691853596845618, "eta": 0.0608770147321638, "gamma": 46.327463910938334, "max_depth": 4.0, "min_child_weight": 4216.822601257832, "num_boost_round": 10.0, "subsample": 0.3752618263217651}, "datetime": {"datetime": "2024-01-20 17:55:48", "elapsed": 12683.317332, "delta": 0.00858}}
{"target": -13.400026159482657, "params": {"colsample_bytree": 0.2691853596845618, "eta": 0.0608770147321638, "gamma": 46.327463910938334, "max_depth": 4.0, "min_child_weight": 4216.822601257832, "num_boost_round": 11.0, "subsample": 0.3752618263217651}, "datetime": {"datetime": "2024-01-20 17:55:48", "elapsed": 12683.326087, "delta": 0.008755}}
{"target": -13.400279582546641, "params": {"colsample_bytree": 0.2691853596845618, "eta": 0.0608770147321638, "gamma": 46.327463910938334, "max_depth": 4.0, "min_child_weight": 4216.822601257832, "num_boost_round": 12.0, "subsample": 0.3752618263217651}, "datetime": {"datetime": "2024-01-20 17:55:48", "elapsed": 12683.332033, "delta": 0.005946}}
{"target": -13.400460115685519, "params": {"colsample_bytree": 0.2691853596845618, "eta": 0.0608770147321638, "gamma": 46.327463910938334, "max_depth": 4.0, "min_child_weight": 4216.822601257832, "num_boost_round": 13.0, "subsample": 0.3752618263217651}, "datetime": {"datetime": "2024-01-20 17:55:48", "elapsed": 12683.33739, "delta": 0.005357}}
{"target": -13.400424396905358, "params": {"colsample_bytree": 0.2691853596845618, "eta": 0.0608770147321638, "gamma": 46.327463910938334, "max_depth": 4.0, "min_child_weight": 4216.822601257832, "num_boost_round": 14.0, "subsample": 0.3752618263217651}, "datetime": {"datetime": "2024-01-20 17:55:48", "elapsed": 12683.342669, "delta": 0.005279}}
{"target": -13.400527472394312, "params": {"colsample_bytree": 0.2691853596845618, "eta": 0.0608770147321638, "gamma": 46.327463910938334, "max_depth": 4.0, "min_child_weight": 4216.822601257832, "num_boost_round": 15.0, "subsample": 0.3752618263217651}, "datetime": {"datetime": "2024-01-20 17:55:48", "elapsed": 12683.347849, "delta": 0.00518}}
{"target": -13.400722678893889, "params": {"colsample_bytree": 0.2691853596845618, "eta": 0.0608770147321638, "gamma": 46.327463910938334, "max_depth": 4.0, "min_child_weight": 4216.822601257832, "num_boost_round": 16.0, "subsample": 0.3752618263217651}, "datetime": {"datetime": "2024-01-20 17:55:48", "elapsed": 12683.353099, "delta": 0.00525}}
{"target": -13.401327794377675, "params": {"colsample_bytree": 0.2691853596845618, "eta": 0.0608770147321638, "gamma": 46.327463910938334, "max_depth": 4.0, "min_child_weight": 4216.822601257832, "num_boost_round": 17.0, "subsample": 0.3752618263217651}, "datetime": {"datetime": "2024-01-20 17:55:48", "elapsed": 12683.358296, "delta": 0.005197}}
{"target": -13.401708703818812, "params": {"colsample_bytree": 0.2691853596845618, "eta": 0.0608770147321638, "gamma": 46.327463910938334, "max_depth": 4.0, "min_child_weight": 4216.822601257832, "num_boost_round": 18.0, "subsample": 0.3752618263217651}, "datetime": {"datetime": "2024-01-20 17:55:48", "elapsed": 12683.363474, "delta": 0.005178}}
{"target": -13.402218078612009, "params": {"colsample_bytree": 0.2691853596845618, "eta": 0.0608770147321638, "gamma": 46.327463910938334, "max_depth": 4.0, "min_child_weight": 4216.822601257832, "num_boost_round": 19.0, "subsample": 0.3752618263217651}, "datetime": {"datetime": "2024-01-20 17:55:48", "elapsed": 12683.368701, "delta": 0.005227}}
{"target": -13.402307425851927, "params": {"colsample_bytree": 0.2691853596845618, "eta": 0.0608770147321638, "gamma": 46.327463910938334, "max_depth": 4.0, "min_child_weight": 4216.822601257832, "num_boost_round": 20.0, "subsample": 0.3752618263217651}, "datetime": {"datetime": "2024-01-20 17:55:48", "elapsed": 12683.374063, "delta": 0.005362}}
{"target": -13.4022442559512, "params": {"colsample_bytree": 0.2691853596845618, "eta": 0.0608770147321638, "gamma": 46.327463910938334, "max_depth": 4.0, "min_child_weight": 4216.822601257832, "num_boost_round": 21.0, "subsample": 0.3752618263217651}, "datetime": {"datetime": "2024-01-20 17:55:48", "elapsed": 12683.379453, "delta": 0.00539}}
{"target": -13.402632599890527, "params": {"colsample_bytree": 0.2691853596845618, "eta": 0.0608770147321638, "gamma": 46.327463910938334, "max_depth": 4.0, "min_child_weight": 4216.822601257832, "num_boost_round": 22.0, "subsample": 0.3752618263217651}, "datetime": {"datetime": "2024-01-20 17:55:48", "elapsed": 12683.384943, "delta": 0.00549}}
{"target": -13.402754298203568, "params": {"colsample_bytree": 0.2691853596845618, "eta": 0.0608770147321638, "gamma": 46.327463910938334, "max_depth": 4.0, "min_child_weight": 4216.822601257832, "num_boost_round": 23.0, "subsample": 0.3752618263217651}, "datetime": {"datetime": "2024-01-20 17:55:48", "elapsed": 12683.39053, "delta": 0.005587}}
{"target": -13.403092104634153, "params": {"colsample_bytree": 0.2691853596845618, "eta": 0.0608770147321638, "gamma": 46.327463910938334, "max_depth": 4.0, "min_child_weight": 4216.822601257832, "num_boost_round": 24.0, "subsample": 0.3752618263217651}, "datetime": {"datetime": "2024-01-20 17:55:48", "elapsed": 12683.396605, "delta": 0.006075}}
{"target": -13.40342947657754, "params": {"colsample_bytree": 0.2691853596845618, "eta": 0.0608770147321638, "gamma": 46.327463910938334, "max_depth": 4.0, "min_child_weight": 4216.822601257832, "num_boost_round": 25.0, "subsample": 0.3752618263217651}, "datetime": {"datetime": "2024-01-20 17:55:48", "elapsed": 12683.402186, "delta": 0.005581}}
{"target": -13.403397713930833, "params": {"colsample_bytree": 0.2691853596845618, "eta": 0.0608770147321638, "gamma": 46.327463910938334, "max_depth": 4.0, "min_child_weight": 4216.822601257832, "num_boost_round": 26.0, "subsample": 0.3752618263217651}, "datetime": {"datetime": "2024-01-20 17:55:48", "elapsed": 12683.407699, "delta": 0.005513}}
{"target": -13.40369842658256, "params": {"colsample_bytree": 0.2691853596845618, "eta": 0.0608770147321638, "gamma": 46.327463910938334, "max_depth": 4.0, "min_child_weight": 4216.822601257832, "num_boost_round": 27.0, "subsample": 0.3752618263217651}, "datetime": {"datetime": "2024-01-20 17:55:48", "elapsed": 12683.413943, "delta": 0.006244}}
{"target": -13.404115815593462, "params": {"colsample_bytree": 0.2691853596845618, "eta": 0.0608770147321638, "gamma": 46.327463910938334, "max_depth": 4.0, "min_child_weight": 4216.822601257832, "num_boost_round": 28.0, "subsample": 0.3752618263217651}, "datetime": {"datetime": "2024-01-20 17:55:48", "elapsed": 12683.419643, "delta": 0.0057}}
{"target": -13.404208167567592, "params": {"colsample_bytree": 0.2691853596845618, "eta": 0.0608770147321638, "gamma": 46.327463910938334, "max_depth": 4.0, "min_child_weight": 4216.822601257832, "num_boost_round": 29.0, "subsample": 0.3752618263217651}, "datetime": {"datetime": "2024-01-20 17:55:48", "elapsed": 12683.425277, "delta": 0.005634}}
{"target": -13.40455768024082, "params": {"colsample_bytree": 0.2691853596845618, "eta": 0.0608770147321638, "gamma": 46.327463910938334, "max_depth": 4.0, "min_child_weight": 4216.822601257832, "num_boost_round": 30.0, "subsample": 0.3752618263217651}, "datetime": {"datetime": "2024-01-20 17:55:48", "elapsed": 12683.430592, "delta": 0.005315}}
{"target": -13.405084858011287, "params": {"colsample_bytree": 0.2691853596845618, "eta": 0.0608770147321638, "gamma": 46.327463910938334, "max_depth": 4.0, "min_child_weight": 4216.822601257832, "num_boost_round": 31.0, "subsample": 0.3752618263217651}, "datetime": {"datetime": "2024-01-20 17:55:48", "elapsed": 12683.435956, "delta": 0.005364}}
{"target": -13.405309796901054, "params": {"colsample_bytree": 0.2691853596845618, "eta": 0.0608770147321638, "gamma": 46.327463910938334, "max_depth": 4.0, "min_child_weight": 4216.822601257832, "num_boost_round": 32.0, "subsample": 0.3752618263217651}, "datetime": {"datetime": "2024-01-20 17:55:48", "elapsed": 12683.441246, "delta": 0.00529}}
{"target": -13.405458367180662, "params": {"colsample_bytree": 0.2691853596845618, "eta": 0.0608770147321638, "gamma": 46.327463910938334, "max_depth": 4.0, "min_child_weight": 4216.822601257832, "num_boost_round": 33.0, "subsample": 0.3752618263217651}, "datetime": {"datetime": "2024-01-20 17:55:48", "elapsed": 12683.446559, "delta": 0.005313}}
{"target": -13.405413951649702, "params": {"colsample_bytree": 0.2691853596845618, "eta": 0.0608770147321638, "gamma": 46.327463910938334, "max_depth": 4.0, "min_child_weight": 4216.822601257832, "num_boost_round": 34.0, "subsample": 0.3752618263217651}, "datetime": {"datetime": "2024-01-20 17:55:48", "elapsed": 12683.452069, "delta": 0.00551}}
{"target": -13.406047620047989, "params": {"colsample_bytree": 0.2691853596845618, "eta": 0.0608770147321638, "gamma": 46.327463910938334, "max_depth": 4.0, "min_child_weight": 4216.822601257832, "num_boost_round": 35.0, "subsample": 0.3752618263217651}, "datetime": {"datetime": "2024-01-20 17:55:48", "elapsed": 12683.457586, "delta": 0.005517}}
{"target": -13.406245934272022, "params": {"colsample_bytree": 0.2691853596845618, "eta": 0.0608770147321638, "gamma": 46.327463910938334, "max_depth": 4.0, "min_child_weight": 4216.822601257832, "num_boost_round": 36.0, "subsample": 0.3752618263217651}, "datetime": {"datetime": "2024-01-20 17:55:48", "elapsed": 12683.463186, "delta": 0.0056}}
{"target": -13.406469122224832, "params": {"colsample_bytree": 0.2691853596845618, "eta": 0.0608770147321638, "gamma": 46.327463910938334, "max_depth": 4.0, "min_child_weight": 4216.822601257832, "num_boost_round": 37.0, "subsample": 0.3752618263217651}, "datetime": {"datetime": "2024-01-20 17:55:48", "elapsed": 12683.468506, "delta": 0.00532}}
{"target": -13.406564921174585, "params": {"colsample_bytree": 0.2691853596845618, "eta": 0.0608770147321638, "gamma": 46.327463910938334, "max_depth": 4.0, "min_child_weight": 4216.822601257832, "num_boost_round": 38.0, "subsample": 0.3752618263217651}, "datetime": {"datetime": "2024-01-20 17:55:48", "elapsed": 12683.473696, "delta": 0.00519}}
{"target": -13.406886325586964, "params": {"colsample_bytree": 0.2691853596845618, "eta": 0.0608770147321638, "gamma": 46.327463910938334, "max_depth": 4.0, "min_child_weight": 4216.822601257832, "num_boost_round": 39.0, "subsample": 0.3752618263217651}, "datetime": {"datetime": "2024-01-20 17:55:48", "elapsed": 12683.478963, "delta": 0.005267}}
{"target": -13.407024341629594, "params": {"colsample_bytree": 0.2691853596845618, "eta": 0.0608770147321638, "gamma": 46.327463910938334, "max_depth": 4.0, "min_child_weight": 4216.822601257832, "num_boost_round": 40.0, "subsample": 0.3752618263217651}, "datetime": {"datetime": "2024-01-20 17:55:48", "elapsed": 12683.484231, "delta": 0.005268}}
{"target": -13.407504072196168, "params": {"colsample_bytree": 0.2691853596845618, "eta": 0.0608770147321638, "gamma": 46.327463910938334, "max_depth": 4.0, "min_child_weight": 4216.822601257832, "num_boost_round": 41.0, "subsample": 0.3752618263217651}, "datetime": {"datetime": "2024-01-20 17:55:48", "elapsed": 12683.489618, "delta": 0.005387}}
{"target": -13.407666435595061, "params": {"colsample_bytree": 0.2691853596845618, "eta": 0.0608770147321638, "gamma": 46.327463910938334, "max_depth": 4.0, "min_child_weight": 4216.822601257832, "num_boost_round": 42.0, "subsample": 0.3752618263217651}, "datetime": {"datetime": "2024-01-20 17:55:48", "elapsed": 12683.495033, "delta": 0.005415}}
{"target": -13.408038942411164, "params": {"colsample_bytree": 0.2691853596845618, "eta": 0.0608770147321638, "gamma": 46.327463910938334, "max_depth": 4.0, "min_child_weight": 4216.822601257832, "num_boost_round": 43.0, "subsample": 0.3752618263217651}, "datetime": {"datetime": "2024-01-20 17:55:48", "elapsed": 12683.500515, "delta": 0.005482}}
{"target": -13.408452843269965, "params": {"colsample_bytree": 0.2691853596845618, "eta": 0.0608770147321638, "gamma": 46.327463910938334, "max_depth": 4.0, "min_child_weight": 4216.822601257832, "num_boost_round": 44.0, "subsample": 0.3752618263217651}, "datetime": {"datetime": "2024-01-20 17:55:48", "elapsed": 12683.505743, "delta": 0.005228}}
