{"target": -15.171351700392758, "params": {"colsample_bytree": 0.49770426640562704, "eta": 0.002685416189228159, "gamma": 541.5262465800074, "max_depth": 5.0, "min_child_weight": 4151.598569017704, "num_boost_round": 21.0, "subsample": 0.16466914302526492}, "datetime": {"datetime": "2024-01-20 15:23:46", "elapsed": 3583.72479, "delta": 0.004371}}
{"target": -15.171330708337289, "params": {"colsample_bytree": 0.49770426640562704, "eta": 0.002685416189228159, "gamma": 541.5262465800074, "max_depth": 5.0, "min_child_weight": 4151.598569017704, "num_boost_round": 22.0, "subsample": 0.16466914302526492}, "datetime": {"datetime": "2024-01-20 15:23:46", "elapsed": 3583.729176, "delta": 0.004386}}
{"target": -15.171162492111023, "params": {"colsample_bytree": 0.49770426640562704, "eta": 0.002685416189228159, "gamma": 541.5262465800074, "max_depth": 5.0, "min_child_weight": 4151.598569017704, "num_boost_round": 23.0, "subsample": 0.16466914302526492}, "datetime": {"datetime": "2024-01-20 15:23:46", "elapsed": 3583.733469, "delta": 0.004293}}
{"target": -15.171015881181908, "params": {"colsample_bytree": 0.49770426640562704, "eta": 0.002685416189228159, "gamma": 541.5262465800074, "max_depth": 5.0, "min_child_weight": 4151.598569017704, "num_boost_round": 24.0, "subsample": 0.16466914302526492}, "datetime": {"datetime": "2024-01-20 15:23:46", "elapsed": 3583.73792, "delta": 0.004451}}
{"target": -15.170936461736423, "params": {"colsample_bytree": 0.49770426640562704, "eta": 0.002685416189228159, "gamma": 541.5262465800074, "max_depth": 5.0, "min_child_weight": 4151.598569017704, "num_boost_round": 25.0, "subsample": 0.16466914302526492}, "datetime": {"datetime": "2024-01-20 15:23:46", "elapsed": 3583.742215, "delta": 0.004295}}
{"target": -15.170888610164077, "params": {"colsample_bytree": 0.49770426640562704, "eta": 0.002685416189228159, "gamma": 541.5262465800074, "max_depth": 5.0, "min_child_weight": 4151.598569017704, "num_boost_round": 26.0, "subsample": 0.16466914302526492}, "datetime": {"datetime": "2024-01-20 15:23:46", "elapsed": 3583.746512, "delta": 0.004297}}
{"target": -15.170814426036252, "params": {"colsample_bytree": 0.49770426640562704, "eta": 0.002685416189228159, "gamma": 541.5262465800074, "max_depth": 5.0, "min_child_weight": 4151.598569017704, "num_boost_round": 27.0, "subsample": 0.16466914302526492}, "datetime": {"datetime": "2024-01-20 15:23:46", "elapsed": 3583.750827, "delta": 0.004315}}
{"target": -15.170738089903573, "params": {"colsample_bytree": 0.49770426640562704, "eta": 0.002685416189228159, "gamma": 541.5262465800074, "max_depth": 5.0, "min_child_weight": 4151.598569017704, "num_boost_round": 28.0, "subsample": 0.16466914302526492}, "datetime": {"datetime": "2024-01-20 15:23:46", "elapsed": 3583.755299, "delta": 0.004472}}
{"target": -15.17065458318701, "params": {"colsample_bytree": 0.49770426640562704, "eta": 0.002685416189228159, "gamma": 541.5262465800074, "max_depth": 5.0, "min_child_weight": 4151.598569017704, "num_boost_round": 29.0, "subsample": 0.16466914302526492}, "datetime": {"datetime": "2024-01-20 15:23:46", "elapsed": 3583.760406, "delta": 0.005107}}
{"target": -15.170539513028352, "params": {"colsample_bytree": 0.49770426640562704, "eta": 0.002685416189228159, "gamma": 541.5262465800074, "max_depth": 5.0, "min_child_weight": 4151.598569017704, "num_boost_round": 30.0, "subsample": 0.16466914302526492}, "datetime": {"datetime": "2024-01-20 15:23:46", "elapsed": 3583.765526, "delta": 0.00512}}
{"target": -15.170462083530994, "params": {"colsample_bytree": 0.49770426640562704, "eta": 0.002685416189228159, "gamma": 541.5262465800074, "max_depth": 5.0, "min_child_weight": 4151.598569017704, "num_boost_round": 31.0, "subsample": 0.16466914302526492}, "datetime": {"datetime": "2024-01-20 15:23:46", "elapsed": 3583.77002, "delta": 0.004494}}
{"target": -15.170400948734628, "params": {"colsample_bytree": 0.49770426640562704, "eta": 0.002685416189228159, "gamma": 541.5262465800074, "max_depth": 5.0, "min_child_weight": 4151.598569017704, "num_boost_round": 32.0, "subsample": 0.16466914302526492}, "datetime": {"datetime": "2024-01-20 15:23:46", "elapsed": 3583.774627, "delta": 0.004607}}
{"target": -15.170378818700804, "params": {"colsample_bytree": 0.49770426640562704, "eta": 0.002685416189228159, "gamma": 541.5262465800074, "max_depth": 5.0, "min_child_weight": 4151.598569017704, "num_boost_round": 33.0, "subsample": 0.16466914302526492}, "datetime": {"datetime": "2024-01-20 15:23:46", "elapsed": 3583.779653, "delta": 0.005026}}
{"target": -15.170367410644724, "params": {"colsample_bytree": 0.49770426640562704, "eta": 0.002685416189228159, "gamma": 541.5262465800074, "max_depth": 5.0, "min_child_weight": 4151.598569017704, "num_boost_round": 34.0, "subsample": 0.16466914302526492}, "datetime": {"datetime": "2024-01-20 15:23:46", "elapsed": 3583.783917, "delta": 0.004264}}
{"target": -15.17030090621375, "params": {"colsample_bytree": 0.49770426640562704, "eta": 0.002685416189228159, "gamma": 541.5262465800074, "max_depth": 5.0, "min_child_weight": 4151.598569017704, "num_boost_round": 35.0, "subsample": 0.16466914302526492}, "datetime": {"datetime": "2024-01-20 15:23:46", "elapsed": 3583.788136, "delta": 0.004219}}
{"target": -15.170245312391831, "params": {"colsample_bytree": 0.49770426640562704, "eta": 0.002685416189228159, "gamma": 541.5262465800074, "max_depth": 5.0, "min_child_weight": 4151.598569017704, "num_boost_round": 36.0, "subsample": 0.16466914302526492}, "datetime": {"datetime": "2024-01-20 15:23:46", "elapsed": 3583.792699, "delta": 0.004563}}
{"target": -15.17012835725468, "params": {"colsample_bytree": 0.49770426640562704, "eta": 0.002685416189228159, "gamma": 541.5262465800074, "max_depth": 5.0, "min_child_weight": 4151.598569017704, "num_boost_round": 37.0, "subsample": 0.16466914302526492}, "datetime": {"datetime": "2024-01-20 15:23:46", "elapsed": 3583.797064, "delta": 0.004365}}
{"target": -15.17005222979433, "params": {"colsample_bytree": 0.49770426640562704, "eta": 0.002685416189228159, "gamma": 541.5262465800074, "max_depth": 5.0, "min_child_weight": 4151.598569017704, "num_boost_round": 38.0, "subsample": 0.16466914302526492}, "datetime": {"datetime": "2024-01-20 15:23:46", "elapsed": 3583.801392, "delta": 0.004328}}
{"target": -15.170046901969108, "params": {"colsample_bytree": 0.49770426640562704, "eta": 0.002685416189228159, "gamma": 541.5262465800074, "max_depth": 5.0, "min_child_weight": 4151.598569017704, "num_boost_round": 39.0, "subsample": 0.16466914302526492}, "datetime": {"datetime": "2024-01-20 15:23:46", "elapsed": 3583.805606, "delta": 0.004214}}
{"target": -15.170025816784156, "params": {"colsample_bytree": 0.49770426640562704, "eta": 0.002685416189228159, "gamma": 541.5262465800074, "max_depth": 5.0, "min_child_weight": 4151.598569017704, "num_boost_round": 40.0, "subsample": 0.16466914302526492}, "datetime": {"datetime": "2024-01-20 15:23:46", "elapsed": 3583.810004, "delta": 0.004398}}
{"target": -15.169894608284341, "params": {"colsample_bytree": 0.49770426640562704, "eta": 0.002685416189228159, "gamma": 541.5262465800074, "max_depth": 5.0, "min_child_weight": 4151.598569017704, "num_boost_round": 41.0, "subsample": 0.16466914302526492}, "datetime": {"datetime": "2024-01-20 15:23:46", "elapsed": 3583.814391, "delta": 0.004387}}
{"target": -15.169770897561818, "params": {"colsample_bytree": 0.49770426640562704, "eta": 0.002685416189228159, "gamma": 541.5262465800074, "max_depth": 5.0, "min_child_weight": 4151.598569017704, "num_boost_round": 42.0, "subsample": 0.16466914302526492}, "datetime": {"datetime": "2024-01-20 15:23:46", "elapsed": 3583.818608, "delta": 0.004217}}
{"target": -15.16969004180866, "params": {"colsample_bytree": 0.49770426640562704, "eta": 0.002685416189228159, "gamma": 541.5262465800074, "max_depth": 5.0, "min_child_weight": 4151.598569017704, "num_boost_round": 43.0, "subsample": 0.16466914302526492}, "datetime": {"datetime": "2024-01-20 15:23:46", "elapsed": 3583.822934, "delta": 0.004326}}
{"target": -15.169628775978213, "params": {"colsample_bytree": 0.49770426640562704, "eta": 0.002685416189228159, "gamma": 541.5262465800074, "max_depth": 5.0, "min_child_weight": 4151.598569017704, "num_boost_round": 44.0, "subsample": 0.16466914302526492}, "datetime": {"datetime": "2024-01-20 15:23:46", "elapsed": 3583.827407, "delta": 0.004473}}
{"target": -15.16960879280428, "params": {"colsample_bytree": 0.49770426640562704, "eta": 0.002685416189228159, "gamma": 541.5262465800074, "max_depth": 5.0, "min_child_weight": 4151.598569017704, "num_boost_round": 45.0, "subsample": 0.16466914302526492}, "datetime": {"datetime": "2024-01-20 15:23:46", "elapsed": 3583.831767, "delta": 0.00436}}
{"target": -15.169480597482856, "params": {"colsample_bytree": 0.49770426640562704, "eta": 0.002685416189228159, "gamma": 541.5262465800074, "max_depth": 5.0, "min_child_weight": 4151.598569017704, "num_boost_round": 46.0, "subsample": 0.16466914302526492}, "datetime": {"datetime": "2024-01-20 15:23:46", "elapsed": 3583.835972, "delta": 0.004205}}
{"target": -15.169420353830347, "params": {"colsample_bytree": 0.49770426640562704, "eta": 0.002685416189228159, "gamma": 541.5262465800074, "max_depth": 5.0, "min_child_weight": 4151.598569017704, "num_boost_round": 47.0, "subsample": 0.16466914302526492}, "datetime": {"datetime": "2024-01-20 15:23:46", "elapsed": 3583.840235, "delta": 0.004263}}
{"target": -15.169409055992526, "params": {"colsample_bytree": 0.49770426640562704, "eta": 0.002685416189228159, "gamma": 541.5262465800074, "max_depth": 5.0, "min_child_weight": 4151.598569017704, "num_boost_round": 48.0, "subsample": 0.16466914302526492}, "datetime": {"datetime": "2024-01-20 15:23:46", "elapsed": 3583.844833, "delta": 0.004598}}
{"target": -15.169407571429378, "params": {"colsample_bytree": 0.49770426640562704, "eta": 0.002685416189228159, "gamma": 541.5262465800074, "max_depth": 5.0, "min_child_weight": 4151.598569017704, "num_boost_round": 49.0, "subsample": 0.16466914302526492}, "datetime": {"datetime": "2024-01-20 15:23:46", "elapsed": 3583.849094, "delta": 0.004261}}
{"target": -15.169337887707233, "params": {"colsample_bytree": 0.49770426640562704, "eta": 0.002685416189228159, "gamma": 541.5262465800074, "max_depth": 5.0, "min_child_weight": 4151.598569017704, "num_boost_round": 50.0, "subsample": 0.16466914302526492}, "datetime": {"datetime": "2024-01-20 15:23:46", "elapsed": 3583.853374, "delta": 0.00428}}
{"target": -15.16926584976764, "params": {"colsample_bytree": 0.49770426640562704, "eta": 0.002685416189228159, "gamma": 541.5262465800074, "max_depth": 5.0, "min_child_weight": 4151.598569017704, "num_boost_round": 51.0, "subsample": 0.16466914302526492}, "datetime": {"datetime": "2024-01-20 15:23:46", "elapsed": 3583.857602, "delta": 0.004228}}
{"target": -15.169204380711811, "params": {"colsample_bytree": 0.49770426640562704, "eta": 0.002685416189228159, "gamma": 541.5262465800074, "max_depth": 5.0, "min_child_weight": 4151.598569017704, "num_boost_round": 52.0, "subsample": 0.16466914302526492}, "datetime": {"datetime": "2024-01-20 15:23:46", "elapsed": 3583.862083, "delta": 0.004481}}
{"target": -15.16915621443924, "params": {"colsample_bytree": 0.49770426640562704, "eta": 0.002685416189228159, "gamma": 541.5262465800074, "max_depth": 5.0, "min_child_weight": 4151.598569017704, "num_boost_round": 53.0, "subsample": 0.16466914302526492}, "datetime": {"datetime": "2024-01-20 15:23:46", "elapsed": 3583.866298, "delta": 0.004215}}
{"target": -15.169102528637705, "params": {"colsample_bytree": 0.49770426640562704, "eta": 0.002685416189228159, "gamma": 541.5262465800074, "max_depth": 5.0, "min_child_weight": 4151.598569017704, "num_boost_round": 54.0, "subsample": 0.16466914302526492}, "datetime": {"datetime": "2024-01-20 15:23:46", "elapsed": 3583.870517, "delta": 0.004219}}
{"target": -15.169093592313914, "params": {"colsample_bytree": 0.49770426640562704, "eta": 0.002685416189228159, "gamma": 541.5262465800074, "max_depth": 5.0, "min_child_weight": 4151.598569017704, "num_boost_round": 55.0, "subsample": 0.16466914302526492}, "datetime": {"datetime": "2024-01-20 15:23:46", "elapsed": 3583.87484, "delta": 0.004323}}
{"target": -15.169029468368263, "params": {"colsample_bytree": 0.49770426640562704, "eta": 0.002685416189228159, "gamma": 541.5262465800074, "max_depth": 5.0, "min_child_weight": 4151.598569017704, "num_boost_round": 56.0, "subsample": 0.16466914302526492}, "datetime": {"datetime": "2024-01-20 15:23:46", "elapsed": 3583.879218, "delta": 0.004378}}
{"target": -15.168970874999943, "params": {"colsample_bytree": 0.49770426640562704, "eta": 0.002685416189228159, "gamma": 541.5262465800074, "max_depth": 5.0, "min_child_weight": 4151.598569017704, "num_boost_round": 57.0, "subsample": 0.16466914302526492}, "datetime": {"datetime": "2024-01-20 15:23:46", "elapsed": 3583.883532, "delta": 0.004314}}
{"target": -15.168886700390274, "params": {"colsample_bytree": 0.49770426640562704, "eta": 0.002685416189228159, "gamma": 541.5262465800074, "max_depth": 5.0, "min_child_weight": 4151.598569017704, "num_boost_round": 58.0, "subsample": 0.16466914302526492}, "datetime": {"datetime": "2024-01-20 15:23:46", "elapsed": 3583.88781, "delta": 0.004278}}
{"target": -15.168809624684023, "params": {"colsample_bytree": 0.49770426640562704, "eta": 0.002685416189228159, "gamma": 541.5262465800074, "max_depth": 5.0, "min_child_weight": 4151.598569017704, "num_boost_round": 59.0, "subsample": 0.16466914302526492}, "datetime": {"datetime": "2024-01-20 15:23:46", "elapsed": 3583.892178, "delta": 0.004368}}
{"target": -15.168752492469796, "params": {"colsample_bytree": 0.49770426640562704, "eta": 0.002685416189228159, "gamma": 541.5262465800074, "max_depth": 5.0, "min_child_weight": 4151.598569017704, "num_boost_round": 60.0, "subsample": 0.16466914302526492}, "datetime": {"datetime": "2024-01-20 15:23:46", "elapsed": 3583.896784, "delta": 0.004606}}
{"target": -15.168630435768156, "params": {"colsample_bytree": 0.49770426640562704, "eta": 0.002685416189228159, "gamma": 541.5262465800074, "max_depth": 5.0, "min_child_weight": 4151.598569017704, "num_boost_round": 61.0, "subsample": 0.16466914302526492}, "datetime": {"datetime": "2024-01-20 15:23:46", "elapsed": 3583.901107, "delta": 0.004323}}
{"target": -15.168568521983175, "params": {"colsample_bytree": 0.49770426640562704, "eta": 0.002685416189228159, "gamma": 541.5262465800074, "max_depth": 5.0, "min_child_weight": 4151.598569017704, "num_boost_round": 62.0, "subsample": 0.16466914302526492}, "datetime": {"datetime": "2024-01-20 15:23:46", "elapsed": 3583.905428, "delta": 0.004321}}
{"target": -15.168488120704213, "params": {"colsample_bytree": 0.49770426640562704, "eta": 0.002685416189228159, "gamma": 541.5262465800074, "max_depth": 5.0, "min_child_weight": 4151.598569017704, "num_boost_round": 63.0, "subsample": 0.16466914302526492}, "datetime": {"datetime": "2024-01-20 15:23:46", "elapsed": 3583.909675, "delta": 0.004247}}
{"target": -15.168496413931855, "params": {"colsample_bytree": 0.49770426640562704, "eta": 0.002685416189228159, "gamma": 541.5262465800074, "max_depth": 5.0, "min_child_weight": 4151.598569017704, "num_boost_round": 64.0, "subsample": 0.16466914302526492}, "datetime": {"datetime": "2024-01-20 15:23:46", "elapsed": 3583.914156, "delta": 0.004481}}
{"target": -15.16845001043125, "params": {"colsample_bytree": 0.49770426640562704, "eta": 0.002685416189228159, "gamma": 541.5262465800074, "max_depth": 5.0, "min_child_weight": 4151.598569017704, "num_boost_round": 65.0, "subsample": 0.16466914302526492}, "datetime": {"datetime": "2024-01-20 15:23:46", "elapsed": 3583.918396, "delta": 0.00424}}
{"target": -15.168380701489426, "params": {"colsample_bytree": 0.49770426640562704, "eta": 0.002685416189228159, "gamma": 541.5262465800074, "max_depth": 5.0, "min_child_weight": 4151.598569017704, "num_boost_round": 66.0, "subsample": 0.16466914302526492}, "datetime": {"datetime": "2024-01-20 15:23:46", "elapsed": 3583.922837, "delta": 0.004441}}
{"target": -15.168366026252071, "params": {"colsample_bytree": 0.49770426640562704, "eta": 0.002685416189228159, "gamma": 541.5262465800074, "max_depth": 5.0, "min_child_weight": 4151.598569017704, "num_boost_round": 67.0, "subsample": 0.16466914302526492}, "datetime": {"datetime": "2024-01-20 15:23:46", "elapsed": 3583.927326, "delta": 0.004489}}
{"target": -15.16825286351847, "params": {"colsample_bytree": 0.49770426640562704, "eta": 0.002685416189228159, "gamma": 541.5262465800074, "max_depth": 5.0, "min_child_weight": 4151.598569017704, "num_boost_round": 68.0, "subsample": 0.16466914302526492}, "datetime": {"datetime": "2024-01-20 15:23:46", "elapsed": 3583.931836, "delta": 0.00451}}
{"target": -15.172923405385433, "params": {"colsample_bytree": 0.4378971955554487, "eta": 0.003877853729728319, "gamma": 549.3846525154925, "max_depth": 7.0, "min_child_weight": 4285.008176390732, "num_boost_round": 1.0, "subsample": 0.6055256386911021}, "datetime": {"datetime": "2024-01-20 15:25:26", "elapsed": 3683.494381, "delta": 99.562545}}
{"target": -15.17279859460593, "params": {"colsample_bytree": 0.4378971955554487, "eta": 0.003877853729728319, "gamma": 549.3846525154925, "max_depth": 7.0, "min_child_weight": 4285.008176390732, "num_boost_round": 2.0, "subsample": 0.6055256386911021}, "datetime": {"datetime": "2024-01-20 15:25:26", "elapsed": 3683.500128, "delta": 0.005747}}
{"target": -15.172648369561701, "params": {"colsample_bytree": 0.4378971955554487, "eta": 0.003877853729728319, "gamma": 549.3846525154925, "max_depth": 7.0, "min_child_weight": 4285.008176390732, "num_boost_round": 3.0, "subsample": 0.6055256386911021}, "datetime": {"datetime": "2024-01-20 15:25:26", "elapsed": 3683.505439, "delta": 0.005311}}
{"target": -15.172610165918162, "params": {"colsample_bytree": 0.4378971955554487, "eta": 0.003877853729728319, "gamma": 549.3846525154925, "max_depth": 7.0, "min_child_weight": 4285.008176390732, "num_boost_round": 4.0, "subsample": 0.6055256386911021}, "datetime": {"datetime": "2024-01-20 15:25:26", "elapsed": 3683.51032, "delta": 0.004881}}
{"target": -15.172336655521239, "params": {"colsample_bytree": 0.4378971955554487, "eta": 0.003877853729728319, "gamma": 549.3846525154925, "max_depth": 7.0, "min_child_weight": 4285.008176390732, "num_boost_round": 5.0, "subsample": 0.6055256386911021}, "datetime": {"datetime": "2024-01-20 15:25:26", "elapsed": 3683.514951, "delta": 0.004631}}
{"target": -15.17217188977389, "params": {"colsample_bytree": 0.4378971955554487, "eta": 0.003877853729728319, "gamma": 549.3846525154925, "max_depth": 7.0, "min_child_weight": 4285.008176390732, "num_boost_round": 6.0, "subsample": 0.6055256386911021}, "datetime": {"datetime": "2024-01-20 15:25:26", "elapsed": 3683.519458, "delta": 0.004507}}
{"target": -15.172014185779934, "params": {"colsample_bytree": 0.4378971955554487, "eta": 0.003877853729728319, "gamma": 549.3846525154925, "max_depth": 7.0, "min_child_weight": 4285.008176390732, "num_boost_round": 7.0, "subsample": 0.6055256386911021}, "datetime": {"datetime": "2024-01-20 15:25:26", "elapsed": 3683.524121, "delta": 0.004663}}
{"target": -15.171801310337816, "params": {"colsample_bytree": 0.4378971955554487, "eta": 0.003877853729728319, "gamma": 549.3846525154925, "max_depth": 7.0, "min_child_weight": 4285.008176390732, "num_boost_round": 8.0, "subsample": 0.6055256386911021}, "datetime": {"datetime": "2024-01-20 15:25:26", "elapsed": 3683.52861, "delta": 0.004489}}
{"target": -15.1716468842883, "params": {"colsample_bytree": 0.4378971955554487, "eta": 0.003877853729728319, "gamma": 549.3846525154925, "max_depth": 7.0, "min_child_weight": 4285.008176390732, "num_boost_round": 9.0, "subsample": 0.6055256386911021}, "datetime": {"datetime": "2024-01-20 15:25:26", "elapsed": 3683.533081, "delta": 0.004471}}
{"target": -15.171493954983463, "params": {"colsample_bytree": 0.4378971955554487, "eta": 0.003877853729728319, "gamma": 549.3846525154925, "max_depth": 7.0, "min_child_weight": 4285.008176390732, "num_boost_round": 10.0, "subsample": 0.6055256386911021}, "datetime": {"datetime": "2024-01-20 15:25:26", "elapsed": 3683.537468, "delta": 0.004387}}
{"target": -15.171452035721547, "params": {"colsample_bytree": 0.4378971955554487, "eta": 0.003877853729728319, "gamma": 549.3846525154925, "max_depth": 7.0, "min_child_weight": 4285.008176390732, "num_boost_round": 11.0, "subsample": 0.6055256386911021}, "datetime": {"datetime": "2024-01-20 15:25:26", "elapsed": 3683.541976, "delta": 0.004508}}
{"target": -15.1714321623867, "params": {"colsample_bytree": 0.4378971955554487, "eta": 0.003877853729728319, "gamma": 549.3846525154925, "max_depth": 7.0, "min_child_weight": 4285.008176390732, "num_boost_round": 12.0, "subsample": 0.6055256386911021}, "datetime": {"datetime": "2024-01-20 15:25:26", "elapsed": 3683.546516, "delta": 0.00454}}
{"target": -15.171315268676635, "params": {"colsample_bytree": 0.4378971955554487, "eta": 0.003877853729728319, "gamma": 549.3846525154925, "max_depth": 7.0, "min_child_weight": 4285.008176390732, "num_boost_round": 13.0, "subsample": 0.6055256386911021}, "datetime": {"datetime": "2024-01-20 15:25:26", "elapsed": 3683.550866, "delta": 0.00435}}
{"target": -15.171183273748461, "params": {"colsample_bytree": 0.4378971955554487, "eta": 0.003877853729728319, "gamma": 549.3846525154925, "max_depth": 7.0, "min_child_weight": 4285.008176390732, "num_boost_round": 14.0, "subsample": 0.6055256386911021}, "datetime": {"datetime": "2024-01-20 15:25:26", "elapsed": 3683.555268, "delta": 0.004402}}
{"target": -15.171037133435807, "params": {"colsample_bytree": 0.4378971955554487, "eta": 0.003877853729728319, "gamma": 549.3846525154925, "max_depth": 7.0, "min_child_weight": 4285.008176390732, "num_boost_round": 15.0, "subsample": 0.6055256386911021}, "datetime": {"datetime": "2024-01-20 15:25:26", "elapsed": 3683.559602, "delta": 0.004334}}
