{"target": -19.143104032199442, "params": {"colsample_bytree": 0.3071701702663565, "eta": 0.010887743156728798, "gamma": 862.1389573823608, "max_depth": 5.0, "min_child_weight": 4408.189817620866, "num_boost_round": 12.0, "subsample": 0.6424933349855465}, "datetime": {"datetime": "2024-01-20 16:39:34", "elapsed": 8142.612447, "delta": 0.007258}}
{"target": -19.143123203259975, "params": {"colsample_bytree": 0.3071701702663565, "eta": 0.010887743156728798, "gamma": 862.1389573823608, "max_depth": 5.0, "min_child_weight": 4408.189817620866, "num_boost_round": 13.0, "subsample": 0.6424933349855465}, "datetime": {"datetime": "2024-01-20 16:39:34", "elapsed": 8142.623518, "delta": 0.011071}}
{"target": -19.143201675332847, "params": {"colsample_bytree": 0.3071701702663565, "eta": 0.010887743156728798, "gamma": 862.1389573823608, "max_depth": 5.0, "min_child_weight": 4408.189817620866, "num_boost_round": 14.0, "subsample": 0.6424933349855465}, "datetime": {"datetime": "2024-01-20 16:39:34", "elapsed": 8142.631134, "delta": 0.007616}}
{"target": -19.143314621291502, "params": {"colsample_bytree": 0.3071701702663565, "eta": 0.010887743156728798, "gamma": 862.1389573823608, "max_depth": 5.0, "min_child_weight": 4408.189817620866, "num_boost_round": 15.0, "subsample": 0.6424933349855465}, "datetime": {"datetime": "2024-01-20 16:39:34", "elapsed": 8142.638666, "delta": 0.007532}}
{"target": -19.143263747833203, "params": {"colsample_bytree": 0.3071701702663565, "eta": 0.010887743156728798, "gamma": 862.1389573823608, "max_depth": 5.0, "min_child_weight": 4408.189817620866, "num_boost_round": 16.0, "subsample": 0.6424933349855465}, "datetime": {"datetime": "2024-01-20 16:39:34", "elapsed": 8142.645799, "delta": 0.007133}}
{"target": -19.143363989156377, "params": {"colsample_bytree": 0.3071701702663565, "eta": 0.010887743156728798, "gamma": 862.1389573823608, "max_depth": 5.0, "min_child_weight": 4408.189817620866, "num_boost_round": 17.0, "subsample": 0.6424933349855465}, "datetime": {"datetime": "2024-01-20 16:39:34", "elapsed": 8142.652804, "delta": 0.007005}}
{"target": -19.143341993733465, "params": {"colsample_bytree": 0.3071701702663565, "eta": 0.010887743156728798, "gamma": 862.1389573823608, "max_depth": 5.0, "min_child_weight": 4408.189817620866, "num_boost_round": 18.0, "subsample": 0.6424933349855465}, "datetime": {"datetime": "2024-01-20 16:39:34", "elapsed": 8142.659538, "delta": 0.006734}}
{"target": -19.143449138747314, "params": {"colsample_bytree": 0.3071701702663565, "eta": 0.010887743156728798, "gamma": 862.1389573823608, "max_depth": 5.0, "min_child_weight": 4408.189817620866, "num_boost_round": 19.0, "subsample": 0.6424933349855465}, "datetime": {"datetime": "2024-01-20 16:39:34", "elapsed": 8142.691946, "delta": 0.032408}}
{"target": -19.143589489098567, "params": {"colsample_bytree": 0.3071701702663565, "eta": 0.010887743156728798, "gamma": 862.1389573823608, "max_depth": 5.0, "min_child_weight": 4408.189817620866, "num_boost_round": 20.0, "subsample": 0.6424933349855465}, "datetime": {"datetime": "2024-01-20 16:39:34", "elapsed": 8142.699233, "delta": 0.007287}}
{"target": -19.14361205539321, "params": {"colsample_bytree": 0.3071701702663565, "eta": 0.010887743156728798, "gamma": 862.1389573823608, "max_depth": 5.0, "min_child_weight": 4408.189817620866, "num_boost_round": 21.0, "subsample": 0.6424933349855465}, "datetime": {"datetime": "2024-01-20 16:39:34", "elapsed": 8142.706722, "delta": 0.007489}}
{"target": -19.14376282152852, "params": {"colsample_bytree": 0.3071701702663565, "eta": 0.010887743156728798, "gamma": 862.1389573823608, "max_depth": 5.0, "min_child_weight": 4408.189817620866, "num_boost_round": 22.0, "subsample": 0.6424933349855465}, "datetime": {"datetime": "2024-01-20 16:39:34", "elapsed": 8142.713734, "delta": 0.007012}}
{"target": -19.143626005019875, "params": {"colsample_bytree": 0.3071701702663565, "eta": 0.010887743156728798, "gamma": 862.1389573823608, "max_depth": 5.0, "min_child_weight": 4408.189817620866, "num_boost_round": 23.0, "subsample": 0.6424933349855465}, "datetime": {"datetime": "2024-01-20 16:39:34", "elapsed": 8142.72138, "delta": 0.007646}}
{"target": -19.143695568511106, "params": {"colsample_bytree": 0.3071701702663565, "eta": 0.010887743156728798, "gamma": 862.1389573823608, "max_depth": 5.0, "min_child_weight": 4408.189817620866, "num_boost_round": 24.0, "subsample": 0.6424933349855465}, "datetime": {"datetime": "2024-01-20 16:39:34", "elapsed": 8142.727836, "delta": 0.006456}}
{"target": -19.1437506167372, "params": {"colsample_bytree": 0.3071701702663565, "eta": 0.010887743156728798, "gamma": 862.1389573823608, "max_depth": 5.0, "min_child_weight": 4408.189817620866, "num_boost_round": 25.0, "subsample": 0.6424933349855465}, "datetime": {"datetime": "2024-01-20 16:39:34", "elapsed": 8142.733899, "delta": 0.006063}}
{"target": -19.143821561219205, "params": {"colsample_bytree": 0.3071701702663565, "eta": 0.010887743156728798, "gamma": 862.1389573823608, "max_depth": 5.0, "min_child_weight": 4408.189817620866, "num_boost_round": 26.0, "subsample": 0.6424933349855465}, "datetime": {"datetime": "2024-01-20 16:39:34", "elapsed": 8142.740114, "delta": 0.006215}}
{"target": -19.143941536440877, "params": {"colsample_bytree": 0.3071701702663565, "eta": 0.010887743156728798, "gamma": 862.1389573823608, "max_depth": 5.0, "min_child_weight": 4408.189817620866, "num_boost_round": 27.0, "subsample": 0.6424933349855465}, "datetime": {"datetime": "2024-01-20 16:39:34", "elapsed": 8142.746024, "delta": 0.00591}}
{"target": -19.144010412468305, "params": {"colsample_bytree": 0.3071701702663565, "eta": 0.010887743156728798, "gamma": 862.1389573823608, "max_depth": 5.0, "min_child_weight": 4408.189817620866, "num_boost_round": 28.0, "subsample": 0.6424933349855465}, "datetime": {"datetime": "2024-01-20 16:39:34", "elapsed": 8142.752168, "delta": 0.006144}}
{"target": -19.14391890962362, "params": {"colsample_bytree": 0.3071701702663565, "eta": 0.010887743156728798, "gamma": 862.1389573823608, "max_depth": 5.0, "min_child_weight": 4408.189817620866, "num_boost_round": 29.0, "subsample": 0.6424933349855465}, "datetime": {"datetime": "2024-01-20 16:39:34", "elapsed": 8142.758083, "delta": 0.005915}}
{"target": -19.143919031787938, "params": {"colsample_bytree": 0.3071701702663565, "eta": 0.010887743156728798, "gamma": 862.1389573823608, "max_depth": 5.0, "min_child_weight": 4408.189817620866, "num_boost_round": 30.0, "subsample": 0.6424933349855465}, "datetime": {"datetime": "2024-01-20 16:39:34", "elapsed": 8142.764053, "delta": 0.00597}}
{"target": -19.143915610207834, "params": {"colsample_bytree": 0.3071701702663565, "eta": 0.010887743156728798, "gamma": 862.1389573823608, "max_depth": 5.0, "min_child_weight": 4408.189817620866, "num_boost_round": 31.0, "subsample": 0.6424933349855465}, "datetime": {"datetime": "2024-01-20 16:39:34", "elapsed": 8142.770684, "delta": 0.006631}}
{"target": -19.143993829981007, "params": {"colsample_bytree": 0.3071701702663565, "eta": 0.010887743156728798, "gamma": 862.1389573823608, "max_depth": 5.0, "min_child_weight": 4408.189817620866, "num_boost_round": 32.0, "subsample": 0.6424933349855465}, "datetime": {"datetime": "2024-01-20 16:39:34", "elapsed": 8142.777438, "delta": 0.006754}}
{"target": -19.14398184000074, "params": {"colsample_bytree": 0.3071701702663565, "eta": 0.010887743156728798, "gamma": 862.1389573823608, "max_depth": 5.0, "min_child_weight": 4408.189817620866, "num_boost_round": 33.0, "subsample": 0.6424933349855465}, "datetime": {"datetime": "2024-01-20 16:39:34", "elapsed": 8142.802944, "delta": 0.025506}}
{"target": -19.144097658613745, "params": {"colsample_bytree": 0.3071701702663565, "eta": 0.010887743156728798, "gamma": 862.1389573823608, "max_depth": 5.0, "min_child_weight": 4408.189817620866, "num_boost_round": 34.0, "subsample": 0.6424933349855465}, "datetime": {"datetime": "2024-01-20 16:39:34", "elapsed": 8142.812011, "delta": 0.009067}}
{"target": -19.14424140227418, "params": {"colsample_bytree": 0.3071701702663565, "eta": 0.010887743156728798, "gamma": 862.1389573823608, "max_depth": 5.0, "min_child_weight": 4408.189817620866, "num_boost_round": 35.0, "subsample": 0.6424933349855465}, "datetime": {"datetime": "2024-01-20 16:39:34", "elapsed": 8142.818849, "delta": 0.006838}}
{"target": -19.144219919801785, "params": {"colsample_bytree": 0.3071701702663565, "eta": 0.010887743156728798, "gamma": 862.1389573823608, "max_depth": 5.0, "min_child_weight": 4408.189817620866, "num_boost_round": 36.0, "subsample": 0.6424933349855465}, "datetime": {"datetime": "2024-01-20 16:39:34", "elapsed": 8142.825794, "delta": 0.006945}}
{"target": -19.14422936698321, "params": {"colsample_bytree": 0.3071701702663565, "eta": 0.010887743156728798, "gamma": 862.1389573823608, "max_depth": 5.0, "min_child_weight": 4408.189817620866, "num_boost_round": 37.0, "subsample": 0.6424933349855465}, "datetime": {"datetime": "2024-01-20 16:39:34", "elapsed": 8142.832352, "delta": 0.006558}}
{"target": -19.144434757952325, "params": {"colsample_bytree": 0.3071701702663565, "eta": 0.010887743156728798, "gamma": 862.1389573823608, "max_depth": 5.0, "min_child_weight": 4408.189817620866, "num_boost_round": 38.0, "subsample": 0.6424933349855465}, "datetime": {"datetime": "2024-01-20 16:39:34", "elapsed": 8142.839661, "delta": 0.007309}}
{"target": -19.14445339710518, "params": {"colsample_bytree": 0.3071701702663565, "eta": 0.010887743156728798, "gamma": 862.1389573823608, "max_depth": 5.0, "min_child_weight": 4408.189817620866, "num_boost_round": 39.0, "subsample": 0.6424933349855465}, "datetime": {"datetime": "2024-01-20 16:39:34", "elapsed": 8142.852706, "delta": 0.013045}}
{"target": -19.14316685629768, "params": {"colsample_bytree": 0.3045947592873979, "eta": 0.08074663304443756, "gamma": 947.8212113931055, "max_depth": 4.0, "min_child_weight": 4373.707486118039, "num_boost_round": 1.0, "subsample": 0.7155414175413085}, "datetime": {"datetime": "2024-01-20 16:43:04", "elapsed": 8352.262695, "delta": 209.409989}}
{"target": -19.143723254919948, "params": {"colsample_bytree": 0.3045947592873979, "eta": 0.08074663304443756, "gamma": 947.8212113931055, "max_depth": 4.0, "min_child_weight": 4373.707486118039, "num_boost_round": 2.0, "subsample": 0.7155414175413085}, "datetime": {"datetime": "2024-01-20 16:43:04", "elapsed": 8352.317221, "delta": 0.054526}}
{"target": -19.1438703706976, "params": {"colsample_bytree": 0.3045947592873979, "eta": 0.08074663304443756, "gamma": 947.8212113931055, "max_depth": 4.0, "min_child_weight": 4373.707486118039, "num_boost_round": 3.0, "subsample": 0.7155414175413085}, "datetime": {"datetime": "2024-01-20 16:43:04", "elapsed": 8352.322892, "delta": 0.005671}}
{"target": -19.143636995329743, "params": {"colsample_bytree": 0.3045947592873979, "eta": 0.08074663304443756, "gamma": 947.8212113931055, "max_depth": 4.0, "min_child_weight": 4373.707486118039, "num_boost_round": 4.0, "subsample": 0.7155414175413085}, "datetime": {"datetime": "2024-01-20 16:43:04", "elapsed": 8352.328045, "delta": 0.005153}}
{"target": -19.144123204116585, "params": {"colsample_bytree": 0.3045947592873979, "eta": 0.08074663304443756, "gamma": 947.8212113931055, "max_depth": 4.0, "min_child_weight": 4373.707486118039, "num_boost_round": 5.0, "subsample": 0.7155414175413085}, "datetime": {"datetime": "2024-01-20 16:43:04", "elapsed": 8352.333447, "delta": 0.005402}}
{"target": -19.143163840344965, "params": {"colsample_bytree": 0.3045947592873979, "eta": 0.08074663304443756, "gamma": 947.8212113931055, "max_depth": 4.0, "min_child_weight": 4373.707486118039, "num_boost_round": 6.0, "subsample": 0.7155414175413085}, "datetime": {"datetime": "2024-01-20 16:43:04", "elapsed": 8352.338571, "delta": 0.005124}}
{"target": -19.143817056420865, "params": {"colsample_bytree": 0.3045947592873979, "eta": 0.08074663304443756, "gamma": 947.8212113931055, "max_depth": 4.0, "min_child_weight": 4373.707486118039, "num_boost_round": 7.0, "subsample": 0.7155414175413085}, "datetime": {"datetime": "2024-01-20 16:43:04", "elapsed": 8352.343723, "delta": 0.005152}}
{"target": -19.144386815310902, "params": {"colsample_bytree": 0.3045947592873979, "eta": 0.08074663304443756, "gamma": 947.8212113931055, "max_depth": 4.0, "min_child_weight": 4373.707486118039, "num_boost_round": 8.0, "subsample": 0.7155414175413085}, "datetime": {"datetime": "2024-01-20 16:43:04", "elapsed": 8352.348888, "delta": 0.005165}}
{"target": -19.14498692585786, "params": {"colsample_bytree": 0.3045947592873979, "eta": 0.08074663304443756, "gamma": 947.8212113931055, "max_depth": 4.0, "min_child_weight": 4373.707486118039, "num_boost_round": 9.0, "subsample": 0.7155414175413085}, "datetime": {"datetime": "2024-01-20 16:43:04", "elapsed": 8352.354149, "delta": 0.005261}}
{"target": -19.14534822823736, "params": {"colsample_bytree": 0.3045947592873979, "eta": 0.08074663304443756, "gamma": 947.8212113931055, "max_depth": 4.0, "min_child_weight": 4373.707486118039, "num_boost_round": 10.0, "subsample": 0.7155414175413085}, "datetime": {"datetime": "2024-01-20 16:43:04", "elapsed": 8352.359464, "delta": 0.005315}}
{"target": -19.145046336636227, "params": {"colsample_bytree": 0.3045947592873979, "eta": 0.08074663304443756, "gamma": 947.8212113931055, "max_depth": 4.0, "min_child_weight": 4373.707486118039, "num_boost_round": 11.0, "subsample": 0.7155414175413085}, "datetime": {"datetime": "2024-01-20 16:43:04", "elapsed": 8352.364859, "delta": 0.005395}}
{"target": -19.14548502290029, "params": {"colsample_bytree": 0.3045947592873979, "eta": 0.08074663304443756, "gamma": 947.8212113931055, "max_depth": 4.0, "min_child_weight": 4373.707486118039, "num_boost_round": 12.0, "subsample": 0.7155414175413085}, "datetime": {"datetime": "2024-01-20 16:43:04", "elapsed": 8352.428234, "delta": 0.063375}}
{"target": -19.14617632716753, "params": {"colsample_bytree": 0.3045947592873979, "eta": 0.08074663304443756, "gamma": 947.8212113931055, "max_depth": 4.0, "min_child_weight": 4373.707486118039, "num_boost_round": 13.0, "subsample": 0.7155414175413085}, "datetime": {"datetime": "2024-01-20 16:43:04", "elapsed": 8352.567132, "delta": 0.138898}}
{"target": -19.147126251502783, "params": {"colsample_bytree": 0.3045947592873979, "eta": 0.08074663304443756, "gamma": 947.8212113931055, "max_depth": 4.0, "min_child_weight": 4373.707486118039, "num_boost_round": 14.0, "subsample": 0.7155414175413085}, "datetime": {"datetime": "2024-01-20 16:43:04", "elapsed": 8352.572969, "delta": 0.005837}}
{"target": -19.148156052410258, "params": {"colsample_bytree": 0.3045947592873979, "eta": 0.08074663304443756, "gamma": 947.8212113931055, "max_depth": 4.0, "min_child_weight": 4373.707486118039, "num_boost_round": 15.0, "subsample": 0.7155414175413085}, "datetime": {"datetime": "2024-01-20 16:43:04", "elapsed": 8352.595411, "delta": 0.022442}}
{"target": -19.147922811968773, "params": {"colsample_bytree": 0.3045947592873979, "eta": 0.08074663304443756, "gamma": 947.8212113931055, "max_depth": 4.0, "min_child_weight": 4373.707486118039, "num_boost_round": 16.0, "subsample": 0.7155414175413085}, "datetime": {"datetime": "2024-01-20 16:43:04", "elapsed": 8352.600587, "delta": 0.005176}}
{"target": -19.148652182669977, "params": {"colsample_bytree": 0.3045947592873979, "eta": 0.08074663304443756, "gamma": 947.8212113931055, "max_depth": 4.0, "min_child_weight": 4373.707486118039, "num_boost_round": 17.0, "subsample": 0.7155414175413085}, "datetime": {"datetime": "2024-01-20 16:43:04", "elapsed": 8352.606328, "delta": 0.005741}}
{"target": -19.148673858377094, "params": {"colsample_bytree": 0.3045947592873979, "eta": 0.08074663304443756, "gamma": 947.8212113931055, "max_depth": 4.0, "min_child_weight": 4373.707486118039, "num_boost_round": 18.0, "subsample": 0.7155414175413085}, "datetime": {"datetime": "2024-01-20 16:43:04", "elapsed": 8352.61152, "delta": 0.005192}}
{"target": -19.149038105934217, "params": {"colsample_bytree": 0.3045947592873979, "eta": 0.08074663304443756, "gamma": 947.8212113931055, "max_depth": 4.0, "min_child_weight": 4373.707486118039, "num_boost_round": 19.0, "subsample": 0.7155414175413085}, "datetime": {"datetime": "2024-01-20 16:43:04", "elapsed": 8352.616827, "delta": 0.005307}}
{"target": -19.14980357632728, "params": {"colsample_bytree": 0.3045947592873979, "eta": 0.08074663304443756, "gamma": 947.8212113931055, "max_depth": 4.0, "min_child_weight": 4373.707486118039, "num_boost_round": 20.0, "subsample": 0.7155414175413085}, "datetime": {"datetime": "2024-01-20 16:43:04", "elapsed": 8352.622138, "delta": 0.005311}}
{"target": -19.150162337188554, "params": {"colsample_bytree": 0.3045947592873979, "eta": 0.08074663304443756, "gamma": 947.8212113931055, "max_depth": 4.0, "min_child_weight": 4373.707486118039, "num_boost_round": 21.0, "subsample": 0.7155414175413085}, "datetime": {"datetime": "2024-01-20 16:43:04", "elapsed": 8352.62747, "delta": 0.005332}}
{"target": -19.1511818223723, "params": {"colsample_bytree": 0.3045947592873979, "eta": 0.08074663304443756, "gamma": 947.8212113931055, "max_depth": 4.0, "min_child_weight": 4373.707486118039, "num_boost_round": 22.0, "subsample": 0.7155414175413085}, "datetime": {"datetime": "2024-01-20 16:43:04", "elapsed": 8352.632744, "delta": 0.005274}}
{"target": -19.150896951371717, "params": {"colsample_bytree": 0.3045947592873979, "eta": 0.08074663304443756, "gamma": 947.8212113931055, "max_depth": 4.0, "min_child_weight": 4373.707486118039, "num_boost_round": 23.0, "subsample": 0.7155414175413085}, "datetime": {"datetime": "2024-01-20 16:43:04", "elapsed": 8352.638364, "delta": 0.00562}}
{"target": -19.151452223756632, "params": {"colsample_bytree": 0.3045947592873979, "eta": 0.08074663304443756, "gamma": 947.8212113931055, "max_depth": 4.0, "min_child_weight": 4373.707486118039, "num_boost_round": 24.0, "subsample": 0.7155414175413085}, "datetime": {"datetime": "2024-01-20 16:43:04", "elapsed": 8352.644074, "delta": 0.00571}}
{"target": -19.152094026401286, "params": {"colsample_bytree": 0.3045947592873979, "eta": 0.08074663304443756, "gamma": 947.8212113931055, "max_depth": 4.0, "min_child_weight": 4373.707486118039, "num_boost_round": 25.0, "subsample": 0.7155414175413085}, "datetime": {"datetime": "2024-01-20 16:43:04", "elapsed": 8352.649373, "delta": 0.005299}}
{"target": -19.15241749555687, "params": {"colsample_bytree": 0.3045947592873979, "eta": 0.08074663304443756, "gamma": 947.8212113931055, "max_depth": 4.0, "min_child_weight": 4373.707486118039, "num_boost_round": 26.0, "subsample": 0.7155414175413085}, "datetime": {"datetime": "2024-01-20 16:43:04", "elapsed": 8352.654558, "delta": 0.005185}}
{"target": -19.15312728228503, "params": {"colsample_bytree": 0.3045947592873979, "eta": 0.08074663304443756, "gamma": 947.8212113931055, "max_depth": 4.0, "min_child_weight": 4373.707486118039, "num_boost_round": 27.0, "subsample": 0.7155414175413085}, "datetime": {"datetime": "2024-01-20 16:43:04", "elapsed": 8352.659679, "delta": 0.005121}}
{"target": -19.153541745296643, "params": {"colsample_bytree": 0.3045947592873979, "eta": 0.08074663304443756, "gamma": 947.8212113931055, "max_depth": 4.0, "min_child_weight": 4373.707486118039, "num_boost_round": 28.0, "subsample": 0.7155414175413085}, "datetime": {"datetime": "2024-01-20 16:43:04", "elapsed": 8352.665007, "delta": 0.005328}}
{"target": -19.153315166418924, "params": {"colsample_bytree": 0.3045947592873979, "eta": 0.08074663304443756, "gamma": 947.8212113931055, "max_depth": 4.0, "min_child_weight": 4373.707486118039, "num_boost_round": 29.0, "subsample": 0.7155414175413085}, "datetime": {"datetime": "2024-01-20 16:43:04", "elapsed": 8352.670502, "delta": 0.005495}}
{"target": -19.153591410998047, "params": {"colsample_bytree": 0.3045947592873979, "eta": 0.08074663304443756, "gamma": 947.8212113931055, "max_depth": 4.0, "min_child_weight": 4373.707486118039, "num_boost_round": 30.0, "subsample": 0.7155414175413085}, "datetime": {"datetime": "2024-01-20 16:43:04", "elapsed": 8352.675678, "delta": 0.005176}}
{"target": -19.15390891720232, "params": {"colsample_bytree": 0.3045947592873979, "eta": 0.08074663304443756, "gamma": 947.8212113931055, "max_depth": 4.0, "min_child_weight": 4373.707486118039, "num_boost_round": 31.0, "subsample": 0.7155414175413085}, "datetime": {"datetime": "2024-01-20 16:43:04", "elapsed": 8352.680871, "delta": 0.005193}}
{"target": -19.154511938961235, "params": {"colsample_bytree": 0.3045947592873979, "eta": 0.08074663304443756, "gamma": 947.8212113931055, "max_depth": 4.0, "min_child_weight": 4373.707486118039, "num_boost_round": 32.0, "subsample": 0.7155414175413085}, "datetime": {"datetime": "2024-01-20 16:43:04", "elapsed": 8352.686113, "delta": 0.005242}}
{"target": -19.154680125613893, "params": {"colsample_bytree": 0.3045947592873979, "eta": 0.08074663304443756, "gamma": 947.8212113931055, "max_depth": 4.0, "min_child_weight": 4373.707486118039, "num_boost_round": 33.0, "subsample": 0.7155414175413085}, "datetime": {"datetime": "2024-01-20 16:43:04", "elapsed": 8352.691254, "delta": 0.005141}}
{"target": -19.15526721563221, "params": {"colsample_bytree": 0.3045947592873979, "eta": 0.08074663304443756, "gamma": 947.8212113931055, "max_depth": 4.0, "min_child_weight": 4373.707486118039, "num_boost_round": 34.0, "subsample": 0.7155414175413085}, "datetime": {"datetime": "2024-01-20 16:43:04", "elapsed": 8352.696835, "delta": 0.005581}}
{"target": -19.1557656801303, "params": {"colsample_bytree": 0.3045947592873979, "eta": 0.08074663304443756, "gamma": 947.8212113931055, "max_depth": 4.0, "min_child_weight": 4373.707486118039, "num_boost_round": 35.0, "subsample": 0.7155414175413085}, "datetime": {"datetime": "2024-01-20 16:43:04", "elapsed": 8352.702604, "delta": 0.005769}}
