{"target": -13.497860831034732, "params": {"colsample_bytree": 0.7084301660771474, "eta": 0.031529531314319764, "gamma": 908.7285754897288, "max_depth": 6.0, "min_child_weight": 4540.802245164817, "num_boost_round": 24.0, "subsample": 0.6841840861786882}, "datetime": {"datetime": "2024-01-20 15:27:31", "elapsed": 3804.628464, "delta": 0.004809}}
{"target": -13.497886647056117, "params": {"colsample_bytree": 0.7084301660771474, "eta": 0.031529531314319764, "gamma": 908.7285754897288, "max_depth": 6.0, "min_child_weight": 4540.802245164817, "num_boost_round": 25.0, "subsample": 0.6841840861786882}, "datetime": {"datetime": "2024-01-20 15:27:31", "elapsed": 3804.633695, "delta": 0.005231}}
{"target": -13.497921197555083, "params": {"colsample_bytree": 0.7084301660771474, "eta": 0.031529531314319764, "gamma": 908.7285754897288, "max_depth": 6.0, "min_child_weight": 4540.802245164817, "num_boost_round": 26.0, "subsample": 0.6841840861786882}, "datetime": {"datetime": "2024-01-20 15:27:31", "elapsed": 3804.638576, "delta": 0.004881}}
{"target": -13.498085014619033, "params": {"colsample_bytree": 0.7084301660771474, "eta": 0.031529531314319764, "gamma": 908.7285754897288, "max_depth": 6.0, "min_child_weight": 4540.802245164817, "num_boost_round": 27.0, "subsample": 0.6841840861786882}, "datetime": {"datetime": "2024-01-20 15:27:31", "elapsed": 3804.643528, "delta": 0.004952}}
{"target": -13.498247808854607, "params": {"colsample_bytree": 0.7084301660771474, "eta": 0.031529531314319764, "gamma": 908.7285754897288, "max_depth": 6.0, "min_child_weight": 4540.802245164817, "num_boost_round": 28.0, "subsample": 0.6841840861786882}, "datetime": {"datetime": "2024-01-20 15:27:31", "elapsed": 3804.648328, "delta": 0.0048}}
{"target": -13.498381507307222, "params": {"colsample_bytree": 0.7084301660771474, "eta": 0.031529531314319764, "gamma": 908.7285754897288, "max_depth": 6.0, "min_child_weight": 4540.802245164817, "num_boost_round": 29.0, "subsample": 0.6841840861786882}, "datetime": {"datetime": "2024-01-20 15:27:31", "elapsed": 3804.653103, "delta": 0.004775}}
{"target": -13.498568786008867, "params": {"colsample_bytree": 0.7084301660771474, "eta": 0.031529531314319764, "gamma": 908.7285754897288, "max_depth": 6.0, "min_child_weight": 4540.802245164817, "num_boost_round": 30.0, "subsample": 0.6841840861786882}, "datetime": {"datetime": "2024-01-20 15:27:31", "elapsed": 3804.658012, "delta": 0.004909}}
{"target": -13.498627691696107, "params": {"colsample_bytree": 0.7084301660771474, "eta": 0.031529531314319764, "gamma": 908.7285754897288, "max_depth": 6.0, "min_child_weight": 4540.802245164817, "num_boost_round": 31.0, "subsample": 0.6841840861786882}, "datetime": {"datetime": "2024-01-20 15:27:31", "elapsed": 3804.662932, "delta": 0.00492}}
{"target": -13.498815903124814, "params": {"colsample_bytree": 0.7084301660771474, "eta": 0.031529531314319764, "gamma": 908.7285754897288, "max_depth": 6.0, "min_child_weight": 4540.802245164817, "num_boost_round": 32.0, "subsample": 0.6841840861786882}, "datetime": {"datetime": "2024-01-20 15:27:31", "elapsed": 3804.667709, "delta": 0.004777}}
{"target": -13.498980724151478, "params": {"colsample_bytree": 0.7084301660771474, "eta": 0.031529531314319764, "gamma": 908.7285754897288, "max_depth": 6.0, "min_child_weight": 4540.802245164817, "num_boost_round": 33.0, "subsample": 0.6841840861786882}, "datetime": {"datetime": "2024-01-20 15:27:31", "elapsed": 3804.672693, "delta": 0.004984}}
{"target": -13.499110117542372, "params": {"colsample_bytree": 0.7084301660771474, "eta": 0.031529531314319764, "gamma": 908.7285754897288, "max_depth": 6.0, "min_child_weight": 4540.802245164817, "num_boost_round": 34.0, "subsample": 0.6841840861786882}, "datetime": {"datetime": "2024-01-20 15:27:31", "elapsed": 3804.677522, "delta": 0.004829}}
{"target": -13.49924441022928, "params": {"colsample_bytree": 0.7084301660771474, "eta": 0.031529531314319764, "gamma": 908.7285754897288, "max_depth": 6.0, "min_child_weight": 4540.802245164817, "num_boost_round": 35.0, "subsample": 0.6841840861786882}, "datetime": {"datetime": "2024-01-20 15:27:31", "elapsed": 3804.682338, "delta": 0.004816}}
{"target": -13.499403350874955, "params": {"colsample_bytree": 0.7084301660771474, "eta": 0.031529531314319764, "gamma": 908.7285754897288, "max_depth": 6.0, "min_child_weight": 4540.802245164817, "num_boost_round": 36.0, "subsample": 0.6841840861786882}, "datetime": {"datetime": "2024-01-20 15:27:31", "elapsed": 3804.687155, "delta": 0.004817}}
{"target": -13.499422728748831, "params": {"colsample_bytree": 0.7084301660771474, "eta": 0.031529531314319764, "gamma": 908.7285754897288, "max_depth": 6.0, "min_child_weight": 4540.802245164817, "num_boost_round": 37.0, "subsample": 0.6841840861786882}, "datetime": {"datetime": "2024-01-20 15:27:31", "elapsed": 3804.692065, "delta": 0.00491}}
{"target": -13.499586984465388, "params": {"colsample_bytree": 0.7084301660771474, "eta": 0.031529531314319764, "gamma": 908.7285754897288, "max_depth": 6.0, "min_child_weight": 4540.802245164817, "num_boost_round": 38.0, "subsample": 0.6841840861786882}, "datetime": {"datetime": "2024-01-20 15:27:31", "elapsed": 3804.696976, "delta": 0.004911}}
{"target": -13.499667419696848, "params": {"colsample_bytree": 0.7084301660771474, "eta": 0.031529531314319764, "gamma": 908.7285754897288, "max_depth": 6.0, "min_child_weight": 4540.802245164817, "num_boost_round": 39.0, "subsample": 0.6841840861786882}, "datetime": {"datetime": "2024-01-20 15:27:31", "elapsed": 3804.701774, "delta": 0.004798}}
{"target": -13.499743736011911, "params": {"colsample_bytree": 0.7084301660771474, "eta": 0.031529531314319764, "gamma": 908.7285754897288, "max_depth": 6.0, "min_child_weight": 4540.802245164817, "num_boost_round": 40.0, "subsample": 0.6841840861786882}, "datetime": {"datetime": "2024-01-20 15:27:31", "elapsed": 3804.706565, "delta": 0.004791}}
{"target": -13.499770144420145, "params": {"colsample_bytree": 0.7084301660771474, "eta": 0.031529531314319764, "gamma": 908.7285754897288, "max_depth": 6.0, "min_child_weight": 4540.802245164817, "num_boost_round": 41.0, "subsample": 0.6841840861786882}, "datetime": {"datetime": "2024-01-20 15:27:31", "elapsed": 3804.711345, "delta": 0.00478}}
{"target": -13.499806655855606, "params": {"colsample_bytree": 0.7084301660771474, "eta": 0.031529531314319764, "gamma": 908.7285754897288, "max_depth": 6.0, "min_child_weight": 4540.802245164817, "num_boost_round": 42.0, "subsample": 0.6841840861786882}, "datetime": {"datetime": "2024-01-20 15:27:31", "elapsed": 3804.716326, "delta": 0.004981}}
{"target": -13.497892062312298, "params": {"colsample_bytree": 0.32430194582754623, "eta": 0.0055259256066862925, "gamma": 615.5144281002844, "max_depth": 3.0, "min_child_weight": 4352.233427302521, "num_boost_round": 1.0, "subsample": 0.7194950697022604}, "datetime": {"datetime": "2024-01-20 15:29:37", "elapsed": 3931.136555, "delta": 126.420229}}
{"target": -13.497887801991634, "params": {"colsample_bytree": 0.32430194582754623, "eta": 0.0055259256066862925, "gamma": 615.5144281002844, "max_depth": 3.0, "min_child_weight": 4352.233427302521, "num_boost_round": 2.0, "subsample": 0.7194950697022604}, "datetime": {"datetime": "2024-01-20 15:29:37", "elapsed": 3931.142165, "delta": 0.00561}}
{"target": -13.497887136070535, "params": {"colsample_bytree": 0.32430194582754623, "eta": 0.0055259256066862925, "gamma": 615.5144281002844, "max_depth": 3.0, "min_child_weight": 4352.233427302521, "num_boost_round": 3.0, "subsample": 0.7194950697022604}, "datetime": {"datetime": "2024-01-20 15:29:37", "elapsed": 3931.147469, "delta": 0.005304}}
{"target": -13.497887504187501, "params": {"colsample_bytree": 0.32430194582754623, "eta": 0.0055259256066862925, "gamma": 615.5144281002844, "max_depth": 3.0, "min_child_weight": 4352.233427302521, "num_boost_round": 4.0, "subsample": 0.7194950697022604}, "datetime": {"datetime": "2024-01-20 15:29:37", "elapsed": 3931.152429, "delta": 0.00496}}
{"target": -13.497860963519265, "params": {"colsample_bytree": 0.32430194582754623, "eta": 0.0055259256066862925, "gamma": 615.5144281002844, "max_depth": 3.0, "min_child_weight": 4352.233427302521, "num_boost_round": 5.0, "subsample": 0.7194950697022604}, "datetime": {"datetime": "2024-01-20 15:29:37", "elapsed": 3931.157387, "delta": 0.004958}}
{"target": -13.497849338930594, "params": {"colsample_bytree": 0.32430194582754623, "eta": 0.0055259256066862925, "gamma": 615.5144281002844, "max_depth": 3.0, "min_child_weight": 4352.233427302521, "num_boost_round": 6.0, "subsample": 0.7194950697022604}, "datetime": {"datetime": "2024-01-20 15:29:37", "elapsed": 3931.162205, "delta": 0.004818}}
{"target": -13.497837416601282, "params": {"colsample_bytree": 0.32430194582754623, "eta": 0.0055259256066862925, "gamma": 615.5144281002844, "max_depth": 3.0, "min_child_weight": 4352.233427302521, "num_boost_round": 7.0, "subsample": 0.7194950697022604}, "datetime": {"datetime": "2024-01-20 15:29:37", "elapsed": 3931.167125, "delta": 0.00492}}
{"target": -13.497812557450503, "params": {"colsample_bytree": 0.32430194582754623, "eta": 0.0055259256066862925, "gamma": 615.5144281002844, "max_depth": 3.0, "min_child_weight": 4352.233427302521, "num_boost_round": 8.0, "subsample": 0.7194950697022604}, "datetime": {"datetime": "2024-01-20 15:29:37", "elapsed": 3931.172245, "delta": 0.00512}}
{"target": -13.497817303472665, "params": {"colsample_bytree": 0.32430194582754623, "eta": 0.0055259256066862925, "gamma": 615.5144281002844, "max_depth": 3.0, "min_child_weight": 4352.233427302521, "num_boost_round": 9.0, "subsample": 0.7194950697022604}, "datetime": {"datetime": "2024-01-20 15:29:37", "elapsed": 3931.177197, "delta": 0.004952}}
{"target": -13.497801194116306, "params": {"colsample_bytree": 0.32430194582754623, "eta": 0.0055259256066862925, "gamma": 615.5144281002844, "max_depth": 3.0, "min_child_weight": 4352.233427302521, "num_boost_round": 10.0, "subsample": 0.7194950697022604}, "datetime": {"datetime": "2024-01-20 15:29:37", "elapsed": 3931.182016, "delta": 0.004819}}
{"target": -13.497796988250638, "params": {"colsample_bytree": 0.32430194582754623, "eta": 0.0055259256066862925, "gamma": 615.5144281002844, "max_depth": 3.0, "min_child_weight": 4352.233427302521, "num_boost_round": 11.0, "subsample": 0.7194950697022604}, "datetime": {"datetime": "2024-01-20 15:29:37", "elapsed": 3931.186852, "delta": 0.004836}}
{"target": -13.497787353857186, "params": {"colsample_bytree": 0.32430194582754623, "eta": 0.0055259256066862925, "gamma": 615.5144281002844, "max_depth": 3.0, "min_child_weight": 4352.233427302521, "num_boost_round": 12.0, "subsample": 0.7194950697022604}, "datetime": {"datetime": "2024-01-20 15:29:37", "elapsed": 3931.191705, "delta": 0.004853}}
{"target": -13.497796300315454, "params": {"colsample_bytree": 0.32430194582754623, "eta": 0.0055259256066862925, "gamma": 615.5144281002844, "max_depth": 3.0, "min_child_weight": 4352.233427302521, "num_boost_round": 13.0, "subsample": 0.7194950697022604}, "datetime": {"datetime": "2024-01-20 15:29:37", "elapsed": 3931.196732, "delta": 0.005027}}
{"target": -13.49779287293058, "params": {"colsample_bytree": 0.32430194582754623, "eta": 0.0055259256066862925, "gamma": 615.5144281002844, "max_depth": 3.0, "min_child_weight": 4352.233427302521, "num_boost_round": 14.0, "subsample": 0.7194950697022604}, "datetime": {"datetime": "2024-01-20 15:29:37", "elapsed": 3931.201738, "delta": 0.005006}}
{"target": -13.497764911271162, "params": {"colsample_bytree": 0.32430194582754623, "eta": 0.0055259256066862925, "gamma": 615.5144281002844, "max_depth": 3.0, "min_child_weight": 4352.233427302521, "num_boost_round": 15.0, "subsample": 0.7194950697022604}, "datetime": {"datetime": "2024-01-20 15:29:37", "elapsed": 3931.206571, "delta": 0.004833}}
{"target": -13.497748781539197, "params": {"colsample_bytree": 0.32430194582754623, "eta": 0.0055259256066862925, "gamma": 615.5144281002844, "max_depth": 3.0, "min_child_weight": 4352.233427302521, "num_boost_round": 16.0, "subsample": 0.7194950697022604}, "datetime": {"datetime": "2024-01-20 15:29:37", "elapsed": 3931.211379, "delta": 0.004808}}
{"target": -13.497741467777072, "params": {"colsample_bytree": 0.32430194582754623, "eta": 0.0055259256066862925, "gamma": 615.5144281002844, "max_depth": 3.0, "min_child_weight": 4352.233427302521, "num_boost_round": 17.0, "subsample": 0.7194950697022604}, "datetime": {"datetime": "2024-01-20 15:29:37", "elapsed": 3931.216439, "delta": 0.00506}}
{"target": -13.497733444125984, "params": {"colsample_bytree": 0.32430194582754623, "eta": 0.0055259256066862925, "gamma": 615.5144281002844, "max_depth": 3.0, "min_child_weight": 4352.233427302521, "num_boost_round": 18.0, "subsample": 0.7194950697022604}, "datetime": {"datetime": "2024-01-20 15:29:37", "elapsed": 3931.221298, "delta": 0.004859}}
{"target": -13.497726025398212, "params": {"colsample_bytree": 0.32430194582754623, "eta": 0.0055259256066862925, "gamma": 615.5144281002844, "max_depth": 3.0, "min_child_weight": 4352.233427302521, "num_boost_round": 19.0, "subsample": 0.7194950697022604}, "datetime": {"datetime": "2024-01-20 15:29:37", "elapsed": 3931.226174, "delta": 0.004876}}
{"target": -13.497705381115805, "params": {"colsample_bytree": 0.32430194582754623, "eta": 0.0055259256066862925, "gamma": 615.5144281002844, "max_depth": 3.0, "min_child_weight": 4352.233427302521, "num_boost_round": 20.0, "subsample": 0.7194950697022604}, "datetime": {"datetime": "2024-01-20 15:29:37", "elapsed": 3931.231241, "delta": 0.005067}}
{"target": -13.497693648207868, "params": {"colsample_bytree": 0.32430194582754623, "eta": 0.0055259256066862925, "gamma": 615.5144281002844, "max_depth": 3.0, "min_child_weight": 4352.233427302521, "num_boost_round": 21.0, "subsample": 0.7194950697022604}, "datetime": {"datetime": "2024-01-20 15:29:37", "elapsed": 3931.236764, "delta": 0.005523}}
{"target": -13.497682888402212, "params": {"colsample_bytree": 0.32430194582754623, "eta": 0.0055259256066862925, "gamma": 615.5144281002844, "max_depth": 3.0, "min_child_weight": 4352.233427302521, "num_boost_round": 22.0, "subsample": 0.7194950697022604}, "datetime": {"datetime": "2024-01-20 15:29:37", "elapsed": 3931.241825, "delta": 0.005061}}
{"target": -13.497652401772445, "params": {"colsample_bytree": 0.32430194582754623, "eta": 0.0055259256066862925, "gamma": 615.5144281002844, "max_depth": 3.0, "min_child_weight": 4352.233427302521, "num_boost_round": 23.0, "subsample": 0.7194950697022604}, "datetime": {"datetime": "2024-01-20 15:29:37", "elapsed": 3931.246787, "delta": 0.004962}}
{"target": -13.497637849290705, "params": {"colsample_bytree": 0.32430194582754623, "eta": 0.0055259256066862925, "gamma": 615.5144281002844, "max_depth": 3.0, "min_child_weight": 4352.233427302521, "num_boost_round": 24.0, "subsample": 0.7194950697022604}, "datetime": {"datetime": "2024-01-20 15:29:37", "elapsed": 3931.25163, "delta": 0.004843}}
{"target": -13.497618776818953, "params": {"colsample_bytree": 0.32430194582754623, "eta": 0.0055259256066862925, "gamma": 615.5144281002844, "max_depth": 3.0, "min_child_weight": 4352.233427302521, "num_boost_round": 25.0, "subsample": 0.7194950697022604}, "datetime": {"datetime": "2024-01-20 15:29:37", "elapsed": 3931.256661, "delta": 0.005031}}
{"target": -13.497603066342123, "params": {"colsample_bytree": 0.32430194582754623, "eta": 0.0055259256066862925, "gamma": 615.5144281002844, "max_depth": 3.0, "min_child_weight": 4352.233427302521, "num_boost_round": 26.0, "subsample": 0.7194950697022604}, "datetime": {"datetime": "2024-01-20 15:29:37", "elapsed": 3931.261615, "delta": 0.004954}}
{"target": -13.497598322288276, "params": {"colsample_bytree": 0.32430194582754623, "eta": 0.0055259256066862925, "gamma": 615.5144281002844, "max_depth": 3.0, "min_child_weight": 4352.233427302521, "num_boost_round": 27.0, "subsample": 0.7194950697022604}, "datetime": {"datetime": "2024-01-20 15:29:37", "elapsed": 3931.267134, "delta": 0.005519}}
{"target": -13.497600204319944, "params": {"colsample_bytree": 0.32430194582754623, "eta": 0.0055259256066862925, "gamma": 615.5144281002844, "max_depth": 3.0, "min_child_weight": 4352.233427302521, "num_boost_round": 28.0, "subsample": 0.7194950697022604}, "datetime": {"datetime": "2024-01-20 15:29:37", "elapsed": 3931.272431, "delta": 0.005297}}
{"target": -13.49758486061522, "params": {"colsample_bytree": 0.32430194582754623, "eta": 0.0055259256066862925, "gamma": 615.5144281002844, "max_depth": 3.0, "min_child_weight": 4352.233427302521, "num_boost_round": 29.0, "subsample": 0.7194950697022604}, "datetime": {"datetime": "2024-01-20 15:29:37", "elapsed": 3931.277741, "delta": 0.00531}}
{"target": -13.4975915269345, "params": {"colsample_bytree": 0.32430194582754623, "eta": 0.0055259256066862925, "gamma": 615.5144281002844, "max_depth": 3.0, "min_child_weight": 4352.233427302521, "num_boost_round": 30.0, "subsample": 0.7194950697022604}, "datetime": {"datetime": "2024-01-20 15:29:37", "elapsed": 3931.282715, "delta": 0.004974}}
{"target": -13.49759085691327, "params": {"colsample_bytree": 0.32430194582754623, "eta": 0.0055259256066862925, "gamma": 615.5144281002844, "max_depth": 3.0, "min_child_weight": 4352.233427302521, "num_boost_round": 31.0, "subsample": 0.7194950697022604}, "datetime": {"datetime": "2024-01-20 15:29:37", "elapsed": 3931.287641, "delta": 0.004926}}
{"target": -13.497589640404978, "params": {"colsample_bytree": 0.32430194582754623, "eta": 0.0055259256066862925, "gamma": 615.5144281002844, "max_depth": 3.0, "min_child_weight": 4352.233427302521, "num_boost_round": 32.0, "subsample": 0.7194950697022604}, "datetime": {"datetime": "2024-01-20 15:29:37", "elapsed": 3931.292837, "delta": 0.005196}}
{"target": -13.497711752815514, "params": {"colsample_bytree": 0.8318953237624338, "eta": 0.02412448290526059, "gamma": 959.2810368163875, "max_depth": 2.0, "min_child_weight": 4579.7435997354105, "num_boost_round": 1.0, "subsample": 0.37003676181404477}, "datetime": {"datetime": "2024-01-20 15:31:08", "elapsed": 4021.462284, "delta": 90.169447}}
{"target": -13.497657281985385, "params": {"colsample_bytree": 0.8318953237624338, "eta": 0.02412448290526059, "gamma": 959.2810368163875, "max_depth": 2.0, "min_child_weight": 4579.7435997354105, "num_boost_round": 2.0, "subsample": 0.37003676181404477}, "datetime": {"datetime": "2024-01-20 15:31:08", "elapsed": 4021.46847, "delta": 0.006186}}
{"target": -13.4975213237875, "params": {"colsample_bytree": 0.8318953237624338, "eta": 0.02412448290526059, "gamma": 959.2810368163875, "max_depth": 2.0, "min_child_weight": 4579.7435997354105, "num_boost_round": 3.0, "subsample": 0.37003676181404477}, "datetime": {"datetime": "2024-01-20 15:31:08", "elapsed": 4021.473575, "delta": 0.005105}}
{"target": -13.497415349758935, "params": {"colsample_bytree": 0.8318953237624338, "eta": 0.02412448290526059, "gamma": 959.2810368163875, "max_depth": 2.0, "min_child_weight": 4579.7435997354105, "num_boost_round": 4.0, "subsample": 0.37003676181404477}, "datetime": {"datetime": "2024-01-20 15:31:08", "elapsed": 4021.478553, "delta": 0.004978}}
{"target": -13.497282366052678, "params": {"colsample_bytree": 0.8318953237624338, "eta": 0.02412448290526059, "gamma": 959.2810368163875, "max_depth": 2.0, "min_child_weight": 4579.7435997354105, "num_boost_round": 5.0, "subsample": 0.37003676181404477}, "datetime": {"datetime": "2024-01-20 15:31:08", "elapsed": 4021.483489, "delta": 0.004936}}
{"target": -13.497162416328207, "params": {"colsample_bytree": 0.8318953237624338, "eta": 0.02412448290526059, "gamma": 959.2810368163875, "max_depth": 2.0, "min_child_weight": 4579.7435997354105, "num_boost_round": 6.0, "subsample": 0.37003676181404477}, "datetime": {"datetime": "2024-01-20 15:31:08", "elapsed": 4021.488516, "delta": 0.005027}}
{"target": -13.497125949389162, "params": {"colsample_bytree": 0.8318953237624338, "eta": 0.02412448290526059, "gamma": 959.2810368163875, "max_depth": 2.0, "min_child_weight": 4579.7435997354105, "num_boost_round": 7.0, "subsample": 0.37003676181404477}, "datetime": {"datetime": "2024-01-20 15:31:08", "elapsed": 4021.493715, "delta": 0.005199}}
{"target": -13.49709632196079, "params": {"colsample_bytree": 0.8318953237624338, "eta": 0.02412448290526059, "gamma": 959.2810368163875, "max_depth": 2.0, "min_child_weight": 4579.7435997354105, "num_boost_round": 8.0, "subsample": 0.37003676181404477}, "datetime": {"datetime": "2024-01-20 15:31:08", "elapsed": 4021.49902, "delta": 0.005305}}
{"target": -13.497040717767963, "params": {"colsample_bytree": 0.8318953237624338, "eta": 0.02412448290526059, "gamma": 959.2810368163875, "max_depth": 2.0, "min_child_weight": 4579.7435997354105, "num_boost_round": 9.0, "subsample": 0.37003676181404477}, "datetime": {"datetime": "2024-01-20 15:31:08", "elapsed": 4021.504284, "delta": 0.005264}}
{"target": -13.497033570247998, "params": {"colsample_bytree": 0.8318953237624338, "eta": 0.02412448290526059, "gamma": 959.2810368163875, "max_depth": 2.0, "min_child_weight": 4579.7435997354105, "num_boost_round": 10.0, "subsample": 0.37003676181404477}, "datetime": {"datetime": "2024-01-20 15:31:08", "elapsed": 4021.509626, "delta": 0.005342}}
{"target": -13.497002209962028, "params": {"colsample_bytree": 0.8318953237624338, "eta": 0.02412448290526059, "gamma": 959.2810368163875, "max_depth": 2.0, "min_child_weight": 4579.7435997354105, "num_boost_round": 11.0, "subsample": 0.37003676181404477}, "datetime": {"datetime": "2024-01-20 15:31:08", "elapsed": 4021.514654, "delta": 0.005028}}
{"target": -13.496964709498444, "params": {"colsample_bytree": 0.8318953237624338, "eta": 0.02412448290526059, "gamma": 959.2810368163875, "max_depth": 2.0, "min_child_weight": 4579.7435997354105, "num_boost_round": 12.0, "subsample": 0.37003676181404477}, "datetime": {"datetime": "2024-01-20 15:31:08", "elapsed": 4021.519638, "delta": 0.004984}}
