{"target": -19.196248557460507, "params": {"colsample_bytree": 0.6243236566819453, "eta": 0.08746021219631062, "gamma": 826.1068860122004, "max_depth": 6.0, "min_child_weight": 4373.055544230193, "num_boost_round": 118.0, "subsample": 0.7933012906685718}, "datetime": {"datetime": "2024-01-20 16:46:24", "elapsed": 8552.275631, "delta": 0.005704}}
{"target": -19.196754572748823, "params": {"colsample_bytree": 0.6243236566819453, "eta": 0.08746021219631062, "gamma": 826.1068860122004, "max_depth": 6.0, "min_child_weight": 4373.055544230193, "num_boost_round": 119.0, "subsample": 0.7933012906685718}, "datetime": {"datetime": "2024-01-20 16:46:24", "elapsed": 8552.281072, "delta": 0.005441}}
{"target": -19.197005109199814, "params": {"colsample_bytree": 0.6243236566819453, "eta": 0.08746021219631062, "gamma": 826.1068860122004, "max_depth": 6.0, "min_child_weight": 4373.055544230193, "num_boost_round": 120.0, "subsample": 0.7933012906685718}, "datetime": {"datetime": "2024-01-20 16:46:24", "elapsed": 8552.28649, "delta": 0.005418}}
{"target": -19.197035304286132, "params": {"colsample_bytree": 0.6243236566819453, "eta": 0.08746021219631062, "gamma": 826.1068860122004, "max_depth": 6.0, "min_child_weight": 4373.055544230193, "num_boost_round": 121.0, "subsample": 0.7933012906685718}, "datetime": {"datetime": "2024-01-20 16:46:24", "elapsed": 8552.291911, "delta": 0.005421}}
{"target": -19.197713749886454, "params": {"colsample_bytree": 0.6243236566819453, "eta": 0.08746021219631062, "gamma": 826.1068860122004, "max_depth": 6.0, "min_child_weight": 4373.055544230193, "num_boost_round": 122.0, "subsample": 0.7933012906685718}, "datetime": {"datetime": "2024-01-20 16:46:24", "elapsed": 8552.29742, "delta": 0.005509}}
{"target": -19.198033033227546, "params": {"colsample_bytree": 0.6243236566819453, "eta": 0.08746021219631062, "gamma": 826.1068860122004, "max_depth": 6.0, "min_child_weight": 4373.055544230193, "num_boost_round": 123.0, "subsample": 0.7933012906685718}, "datetime": {"datetime": "2024-01-20 16:46:24", "elapsed": 8552.302979, "delta": 0.005559}}
{"target": -19.198196862518692, "params": {"colsample_bytree": 0.6243236566819453, "eta": 0.08746021219631062, "gamma": 826.1068860122004, "max_depth": 6.0, "min_child_weight": 4373.055544230193, "num_boost_round": 124.0, "subsample": 0.7933012906685718}, "datetime": {"datetime": "2024-01-20 16:46:24", "elapsed": 8552.30864, "delta": 0.005661}}
{"target": -19.198484932296793, "params": {"colsample_bytree": 0.6243236566819453, "eta": 0.08746021219631062, "gamma": 826.1068860122004, "max_depth": 6.0, "min_child_weight": 4373.055544230193, "num_boost_round": 125.0, "subsample": 0.7933012906685718}, "datetime": {"datetime": "2024-01-20 16:46:24", "elapsed": 8552.314223, "delta": 0.005583}}
{"target": -19.198561709256943, "params": {"colsample_bytree": 0.6243236566819453, "eta": 0.08746021219631062, "gamma": 826.1068860122004, "max_depth": 6.0, "min_child_weight": 4373.055544230193, "num_boost_round": 126.0, "subsample": 0.7933012906685718}, "datetime": {"datetime": "2024-01-20 16:46:24", "elapsed": 8552.319718, "delta": 0.005495}}
{"target": -19.19855469089888, "params": {"colsample_bytree": 0.6243236566819453, "eta": 0.08746021219631062, "gamma": 826.1068860122004, "max_depth": 6.0, "min_child_weight": 4373.055544230193, "num_boost_round": 127.0, "subsample": 0.7933012906685718}, "datetime": {"datetime": "2024-01-20 16:46:24", "elapsed": 8552.325215, "delta": 0.005497}}
{"target": -19.199149761610926, "params": {"colsample_bytree": 0.6243236566819453, "eta": 0.08746021219631062, "gamma": 826.1068860122004, "max_depth": 6.0, "min_child_weight": 4373.055544230193, "num_boost_round": 128.0, "subsample": 0.7933012906685718}, "datetime": {"datetime": "2024-01-20 16:46:24", "elapsed": 8552.330744, "delta": 0.005529}}
{"target": -19.19948053910489, "params": {"colsample_bytree": 0.6243236566819453, "eta": 0.08746021219631062, "gamma": 826.1068860122004, "max_depth": 6.0, "min_child_weight": 4373.055544230193, "num_boost_round": 129.0, "subsample": 0.7933012906685718}, "datetime": {"datetime": "2024-01-20 16:46:24", "elapsed": 8552.336237, "delta": 0.005493}}
{"target": -19.19971405290542, "params": {"colsample_bytree": 0.6243236566819453, "eta": 0.08746021219631062, "gamma": 826.1068860122004, "max_depth": 6.0, "min_child_weight": 4373.055544230193, "num_boost_round": 130.0, "subsample": 0.7933012906685718}, "datetime": {"datetime": "2024-01-20 16:46:24", "elapsed": 8552.341701, "delta": 0.005464}}
{"target": -19.199706795019402, "params": {"colsample_bytree": 0.6243236566819453, "eta": 0.08746021219631062, "gamma": 826.1068860122004, "max_depth": 6.0, "min_child_weight": 4373.055544230193, "num_boost_round": 131.0, "subsample": 0.7933012906685718}, "datetime": {"datetime": "2024-01-20 16:46:24", "elapsed": 8552.347223, "delta": 0.005522}}
{"target": -19.199801831258576, "params": {"colsample_bytree": 0.6243236566819453, "eta": 0.08746021219631062, "gamma": 826.1068860122004, "max_depth": 6.0, "min_child_weight": 4373.055544230193, "num_boost_round": 132.0, "subsample": 0.7933012906685718}, "datetime": {"datetime": "2024-01-20 16:46:24", "elapsed": 8552.352765, "delta": 0.005542}}
{"target": -19.143312695854373, "params": {"colsample_bytree": 0.3331005648128008, "eta": 0.08395780496410887, "gamma": 854.8127722578724, "max_depth": 8.0, "min_child_weight": 4456.672557135427, "num_boost_round": 1.0, "subsample": 0.5103127510997953}, "datetime": {"datetime": "2024-01-20 16:48:45", "elapsed": 8693.255007, "delta": 140.902242}}
{"target": -19.14361092750315, "params": {"colsample_bytree": 0.3331005648128008, "eta": 0.08395780496410887, "gamma": 854.8127722578724, "max_depth": 8.0, "min_child_weight": 4456.672557135427, "num_boost_round": 2.0, "subsample": 0.5103127510997953}, "datetime": {"datetime": "2024-01-20 16:48:45", "elapsed": 8693.262149, "delta": 0.007142}}
{"target": -19.143716145069586, "params": {"colsample_bytree": 0.3331005648128008, "eta": 0.08395780496410887, "gamma": 854.8127722578724, "max_depth": 8.0, "min_child_weight": 4456.672557135427, "num_boost_round": 3.0, "subsample": 0.5103127510997953}, "datetime": {"datetime": "2024-01-20 16:48:45", "elapsed": 8693.268461, "delta": 0.006312}}
{"target": -19.14342703714706, "params": {"colsample_bytree": 0.3331005648128008, "eta": 0.08395780496410887, "gamma": 854.8127722578724, "max_depth": 8.0, "min_child_weight": 4456.672557135427, "num_boost_round": 4.0, "subsample": 0.5103127510997953}, "datetime": {"datetime": "2024-01-20 16:48:45", "elapsed": 8693.274622, "delta": 0.006161}}
{"target": -19.14396907007832, "params": {"colsample_bytree": 0.3331005648128008, "eta": 0.08395780496410887, "gamma": 854.8127722578724, "max_depth": 8.0, "min_child_weight": 4456.672557135427, "num_boost_round": 5.0, "subsample": 0.5103127510997953}, "datetime": {"datetime": "2024-01-20 16:48:45", "elapsed": 8693.280475, "delta": 0.005853}}
{"target": -19.14297697428892, "params": {"colsample_bytree": 0.3331005648128008, "eta": 0.08395780496410887, "gamma": 854.8127722578724, "max_depth": 8.0, "min_child_weight": 4456.672557135427, "num_boost_round": 6.0, "subsample": 0.5103127510997953}, "datetime": {"datetime": "2024-01-20 16:48:45", "elapsed": 8693.286434, "delta": 0.005959}}
{"target": -19.143906671989768, "params": {"colsample_bytree": 0.3331005648128008, "eta": 0.08395780496410887, "gamma": 854.8127722578724, "max_depth": 8.0, "min_child_weight": 4456.672557135427, "num_boost_round": 7.0, "subsample": 0.5103127510997953}, "datetime": {"datetime": "2024-01-20 16:48:45", "elapsed": 8693.292249, "delta": 0.005815}}
{"target": -19.14432707981291, "params": {"colsample_bytree": 0.3331005648128008, "eta": 0.08395780496410887, "gamma": 854.8127722578724, "max_depth": 8.0, "min_child_weight": 4456.672557135427, "num_boost_round": 8.0, "subsample": 0.5103127510997953}, "datetime": {"datetime": "2024-01-20 16:48:45", "elapsed": 8693.298711, "delta": 0.006462}}
{"target": -19.145082931277525, "params": {"colsample_bytree": 0.3331005648128008, "eta": 0.08395780496410887, "gamma": 854.8127722578724, "max_depth": 8.0, "min_child_weight": 4456.672557135427, "num_boost_round": 9.0, "subsample": 0.5103127510997953}, "datetime": {"datetime": "2024-01-20 16:48:45", "elapsed": 8693.30468, "delta": 0.005969}}
{"target": -19.14553495166954, "params": {"colsample_bytree": 0.3331005648128008, "eta": 0.08395780496410887, "gamma": 854.8127722578724, "max_depth": 8.0, "min_child_weight": 4456.672557135427, "num_boost_round": 10.0, "subsample": 0.5103127510997953}, "datetime": {"datetime": "2024-01-20 16:48:45", "elapsed": 8693.310376, "delta": 0.005696}}
{"target": -19.145615450827925, "params": {"colsample_bytree": 0.3331005648128008, "eta": 0.08395780496410887, "gamma": 854.8127722578724, "max_depth": 8.0, "min_child_weight": 4456.672557135427, "num_boost_round": 11.0, "subsample": 0.5103127510997953}, "datetime": {"datetime": "2024-01-20 16:48:45", "elapsed": 8693.316366, "delta": 0.00599}}
{"target": -19.145981411459786, "params": {"colsample_bytree": 0.3331005648128008, "eta": 0.08395780496410887, "gamma": 854.8127722578724, "max_depth": 8.0, "min_child_weight": 4456.672557135427, "num_boost_round": 12.0, "subsample": 0.5103127510997953}, "datetime": {"datetime": "2024-01-20 16:48:45", "elapsed": 8693.322342, "delta": 0.005976}}
{"target": -19.146702718366274, "params": {"colsample_bytree": 0.3331005648128008, "eta": 0.08395780496410887, "gamma": 854.8127722578724, "max_depth": 8.0, "min_child_weight": 4456.672557135427, "num_boost_round": 13.0, "subsample": 0.5103127510997953}, "datetime": {"datetime": "2024-01-20 16:48:45", "elapsed": 8693.328301, "delta": 0.005959}}
{"target": -19.148406717021388, "params": {"colsample_bytree": 0.3331005648128008, "eta": 0.08395780496410887, "gamma": 854.8127722578724, "max_depth": 8.0, "min_child_weight": 4456.672557135427, "num_boost_round": 14.0, "subsample": 0.5103127510997953}, "datetime": {"datetime": "2024-01-20 16:48:45", "elapsed": 8693.334065, "delta": 0.005764}}
{"target": -19.149774992407963, "params": {"colsample_bytree": 0.3331005648128008, "eta": 0.08395780496410887, "gamma": 854.8127722578724, "max_depth": 8.0, "min_child_weight": 4456.672557135427, "num_boost_round": 15.0, "subsample": 0.5103127510997953}, "datetime": {"datetime": "2024-01-20 16:48:45", "elapsed": 8693.339846, "delta": 0.005781}}
{"target": -19.14965302149431, "params": {"colsample_bytree": 0.3331005648128008, "eta": 0.08395780496410887, "gamma": 854.8127722578724, "max_depth": 8.0, "min_child_weight": 4456.672557135427, "num_boost_round": 16.0, "subsample": 0.5103127510997953}, "datetime": {"datetime": "2024-01-20 16:48:45", "elapsed": 8693.345807, "delta": 0.005961}}
{"target": -19.15061629650375, "params": {"colsample_bytree": 0.3331005648128008, "eta": 0.08395780496410887, "gamma": 854.8127722578724, "max_depth": 8.0, "min_child_weight": 4456.672557135427, "num_boost_round": 17.0, "subsample": 0.5103127510997953}, "datetime": {"datetime": "2024-01-20 16:48:45", "elapsed": 8693.35169, "delta": 0.005883}}
{"target": -19.150859228804293, "params": {"colsample_bytree": 0.3331005648128008, "eta": 0.08395780496410887, "gamma": 854.8127722578724, "max_depth": 8.0, "min_child_weight": 4456.672557135427, "num_boost_round": 18.0, "subsample": 0.5103127510997953}, "datetime": {"datetime": "2024-01-20 16:48:45", "elapsed": 8693.357634, "delta": 0.005944}}
{"target": -19.151513030836178, "params": {"colsample_bytree": 0.3331005648128008, "eta": 0.08395780496410887, "gamma": 854.8127722578724, "max_depth": 8.0, "min_child_weight": 4456.672557135427, "num_boost_round": 19.0, "subsample": 0.5103127510997953}, "datetime": {"datetime": "2024-01-20 16:48:45", "elapsed": 8693.363585, "delta": 0.005951}}
{"target": -19.152548844188026, "params": {"colsample_bytree": 0.3331005648128008, "eta": 0.08395780496410887, "gamma": 854.8127722578724, "max_depth": 8.0, "min_child_weight": 4456.672557135427, "num_boost_round": 20.0, "subsample": 0.5103127510997953}, "datetime": {"datetime": "2024-01-20 16:48:45", "elapsed": 8693.369455, "delta": 0.00587}}
{"target": -19.153237560853263, "params": {"colsample_bytree": 0.3331005648128008, "eta": 0.08395780496410887, "gamma": 854.8127722578724, "max_depth": 8.0, "min_child_weight": 4456.672557135427, "num_boost_round": 21.0, "subsample": 0.5103127510997953}, "datetime": {"datetime": "2024-01-20 16:48:45", "elapsed": 8693.375322, "delta": 0.005867}}
{"target": -19.154100011336496, "params": {"colsample_bytree": 0.3331005648128008, "eta": 0.08395780496410887, "gamma": 854.8127722578724, "max_depth": 8.0, "min_child_weight": 4456.672557135427, "num_boost_round": 22.0, "subsample": 0.5103127510997953}, "datetime": {"datetime": "2024-01-20 16:48:45", "elapsed": 8693.381062, "delta": 0.00574}}
{"target": -19.14329434708156, "params": {"colsample_bytree": 0.3212776089691438, "eta": 0.06797766868586874, "gamma": 761.3866868949292, "max_depth": 9.0, "min_child_weight": 4347.874854394755, "num_boost_round": 1.0, "subsample": 0.9061562962987231}, "datetime": {"datetime": "2024-01-20 16:50:18", "elapsed": 8786.522999, "delta": 93.141937}}
{"target": -19.143781686354664, "params": {"colsample_bytree": 0.3212776089691438, "eta": 0.06797766868586874, "gamma": 761.3866868949292, "max_depth": 9.0, "min_child_weight": 4347.874854394755, "num_boost_round": 2.0, "subsample": 0.9061562962987231}, "datetime": {"datetime": "2024-01-20 16:50:18", "elapsed": 8786.529196, "delta": 0.006197}}
{"target": -19.144028494179054, "params": {"colsample_bytree": 0.3212776089691438, "eta": 0.06797766868586874, "gamma": 761.3866868949292, "max_depth": 9.0, "min_child_weight": 4347.874854394755, "num_boost_round": 3.0, "subsample": 0.9061562962987231}, "datetime": {"datetime": "2024-01-20 16:50:18", "elapsed": 8786.534695, "delta": 0.005499}}
{"target": -19.143720023186273, "params": {"colsample_bytree": 0.3212776089691438, "eta": 0.06797766868586874, "gamma": 761.3866868949292, "max_depth": 9.0, "min_child_weight": 4347.874854394755, "num_boost_round": 4.0, "subsample": 0.9061562962987231}, "datetime": {"datetime": "2024-01-20 16:50:18", "elapsed": 8786.540114, "delta": 0.005419}}
{"target": -19.144309334609797, "params": {"colsample_bytree": 0.3212776089691438, "eta": 0.06797766868586874, "gamma": 761.3866868949292, "max_depth": 9.0, "min_child_weight": 4347.874854394755, "num_boost_round": 5.0, "subsample": 0.9061562962987231}, "datetime": {"datetime": "2024-01-20 16:50:18", "elapsed": 8786.545603, "delta": 0.005489}}
{"target": -19.143326902544132, "params": {"colsample_bytree": 0.3212776089691438, "eta": 0.06797766868586874, "gamma": 761.3866868949292, "max_depth": 9.0, "min_child_weight": 4347.874854394755, "num_boost_round": 6.0, "subsample": 0.9061562962987231}, "datetime": {"datetime": "2024-01-20 16:50:18", "elapsed": 8786.551006, "delta": 0.005403}}
{"target": -19.144043425606654, "params": {"colsample_bytree": 0.3212776089691438, "eta": 0.06797766868586874, "gamma": 761.3866868949292, "max_depth": 9.0, "min_child_weight": 4347.874854394755, "num_boost_round": 7.0, "subsample": 0.9061562962987231}, "datetime": {"datetime": "2024-01-20 16:50:18", "elapsed": 8786.556442, "delta": 0.005436}}
{"target": -19.144440736873506, "params": {"colsample_bytree": 0.3212776089691438, "eta": 0.06797766868586874, "gamma": 761.3866868949292, "max_depth": 9.0, "min_child_weight": 4347.874854394755, "num_boost_round": 8.0, "subsample": 0.9061562962987231}, "datetime": {"datetime": "2024-01-20 16:50:18", "elapsed": 8786.561964, "delta": 0.005522}}
{"target": -19.145045736865626, "params": {"colsample_bytree": 0.3212776089691438, "eta": 0.06797766868586874, "gamma": 761.3866868949292, "max_depth": 9.0, "min_child_weight": 4347.874854394755, "num_boost_round": 9.0, "subsample": 0.9061562962987231}, "datetime": {"datetime": "2024-01-20 16:50:18", "elapsed": 8786.56756, "delta": 0.005596}}
{"target": -19.145518495578692, "params": {"colsample_bytree": 0.3212776089691438, "eta": 0.06797766868586874, "gamma": 761.3866868949292, "max_depth": 9.0, "min_child_weight": 4347.874854394755, "num_boost_round": 10.0, "subsample": 0.9061562962987231}, "datetime": {"datetime": "2024-01-20 16:50:18", "elapsed": 8786.573145, "delta": 0.005585}}
{"target": -19.145590010134732, "params": {"colsample_bytree": 0.3212776089691438, "eta": 0.06797766868586874, "gamma": 761.3866868949292, "max_depth": 9.0, "min_child_weight": 4347.874854394755, "num_boost_round": 11.0, "subsample": 0.9061562962987231}, "datetime": {"datetime": "2024-01-20 16:50:18", "elapsed": 8786.578641, "delta": 0.005496}}
{"target": -19.145858380680252, "params": {"colsample_bytree": 0.3212776089691438, "eta": 0.06797766868586874, "gamma": 761.3866868949292, "max_depth": 9.0, "min_child_weight": 4347.874854394755, "num_boost_round": 12.0, "subsample": 0.9061562962987231}, "datetime": {"datetime": "2024-01-20 16:50:18", "elapsed": 8786.584133, "delta": 0.005492}}
{"target": -19.146743212085855, "params": {"colsample_bytree": 0.3212776089691438, "eta": 0.06797766868586874, "gamma": 761.3866868949292, "max_depth": 9.0, "min_child_weight": 4347.874854394755, "num_boost_round": 13.0, "subsample": 0.9061562962987231}, "datetime": {"datetime": "2024-01-20 16:50:18", "elapsed": 8786.589502, "delta": 0.005369}}
{"target": -19.148339593589625, "params": {"colsample_bytree": 0.3212776089691438, "eta": 0.06797766868586874, "gamma": 761.3866868949292, "max_depth": 9.0, "min_child_weight": 4347.874854394755, "num_boost_round": 14.0, "subsample": 0.9061562962987231}, "datetime": {"datetime": "2024-01-20 16:50:18", "elapsed": 8786.594986, "delta": 0.005484}}
{"target": -19.15008836705197, "params": {"colsample_bytree": 0.3212776089691438, "eta": 0.06797766868586874, "gamma": 761.3866868949292, "max_depth": 9.0, "min_child_weight": 4347.874854394755, "num_boost_round": 15.0, "subsample": 0.9061562962987231}, "datetime": {"datetime": "2024-01-20 16:50:18", "elapsed": 8786.600365, "delta": 0.005379}}
{"target": -19.150056727521466, "params": {"colsample_bytree": 0.3212776089691438, "eta": 0.06797766868586874, "gamma": 761.3866868949292, "max_depth": 9.0, "min_child_weight": 4347.874854394755, "num_boost_round": 16.0, "subsample": 0.9061562962987231}, "datetime": {"datetime": "2024-01-20 16:50:18", "elapsed": 8786.605886, "delta": 0.005521}}
{"target": -19.151138526852943, "params": {"colsample_bytree": 0.3212776089691438, "eta": 0.06797766868586874, "gamma": 761.3866868949292, "max_depth": 9.0, "min_child_weight": 4347.874854394755, "num_boost_round": 17.0, "subsample": 0.9061562962987231}, "datetime": {"datetime": "2024-01-20 16:50:18", "elapsed": 8786.611295, "delta": 0.005409}}
{"target": -19.15134188409221, "params": {"colsample_bytree": 0.3212776089691438, "eta": 0.06797766868586874, "gamma": 761.3866868949292, "max_depth": 9.0, "min_child_weight": 4347.874854394755, "num_boost_round": 18.0, "subsample": 0.9061562962987231}, "datetime": {"datetime": "2024-01-20 16:50:18", "elapsed": 8786.616852, "delta": 0.005557}}
{"target": -19.152219536549175, "params": {"colsample_bytree": 0.3212776089691438, "eta": 0.06797766868586874, "gamma": 761.3866868949292, "max_depth": 9.0, "min_child_weight": 4347.874854394755, "num_boost_round": 19.0, "subsample": 0.9061562962987231}, "datetime": {"datetime": "2024-01-20 16:50:18", "elapsed": 8786.622339, "delta": 0.005487}}
{"target": -19.153341184778597, "params": {"colsample_bytree": 0.3212776089691438, "eta": 0.06797766868586874, "gamma": 761.3866868949292, "max_depth": 9.0, "min_child_weight": 4347.874854394755, "num_boost_round": 20.0, "subsample": 0.9061562962987231}, "datetime": {"datetime": "2024-01-20 16:50:18", "elapsed": 8786.627837, "delta": 0.005498}}
{"target": -19.153952535194115, "params": {"colsample_bytree": 0.3212776089691438, "eta": 0.06797766868586874, "gamma": 761.3866868949292, "max_depth": 9.0, "min_child_weight": 4347.874854394755, "num_boost_round": 21.0, "subsample": 0.9061562962987231}, "datetime": {"datetime": "2024-01-20 16:50:18", "elapsed": 8786.633321, "delta": 0.005484}}
{"target": -19.155153200087856, "params": {"colsample_bytree": 0.3212776089691438, "eta": 0.06797766868586874, "gamma": 761.3866868949292, "max_depth": 9.0, "min_child_weight": 4347.874854394755, "num_boost_round": 22.0, "subsample": 0.9061562962987231}, "datetime": {"datetime": "2024-01-20 16:50:18", "elapsed": 8786.638859, "delta": 0.005538}}
{"target": -19.1549173898171, "params": {"colsample_bytree": 0.3212776089691438, "eta": 0.06797766868586874, "gamma": 761.3866868949292, "max_depth": 9.0, "min_child_weight": 4347.874854394755, "num_boost_round": 23.0, "subsample": 0.9061562962987231}, "datetime": {"datetime": "2024-01-20 16:50:18", "elapsed": 8786.644399, "delta": 0.00554}}
{"target": -19.15574799117396, "params": {"colsample_bytree": 0.3212776089691438, "eta": 0.06797766868586874, "gamma": 761.3866868949292, "max_depth": 9.0, "min_child_weight": 4347.874854394755, "num_boost_round": 24.0, "subsample": 0.9061562962987231}, "datetime": {"datetime": "2024-01-20 16:50:18", "elapsed": 8786.649815, "delta": 0.005416}}
{"target": -19.15644923066581, "params": {"colsample_bytree": 0.3212776089691438, "eta": 0.06797766868586874, "gamma": 761.3866868949292, "max_depth": 9.0, "min_child_weight": 4347.874854394755, "num_boost_round": 25.0, "subsample": 0.9061562962987231}, "datetime": {"datetime": "2024-01-20 16:50:18", "elapsed": 8786.655261, "delta": 0.005446}}
{"target": -19.157205929634152, "params": {"colsample_bytree": 0.3212776089691438, "eta": 0.06797766868586874, "gamma": 761.3866868949292, "max_depth": 9.0, "min_child_weight": 4347.874854394755, "num_boost_round": 26.0, "subsample": 0.9061562962987231}, "datetime": {"datetime": "2024-01-20 16:50:18", "elapsed": 8786.660756, "delta": 0.005495}}
