{"target": -10.480543385662372, "params": {"colsample_bytree": 0.14824126865914633, "eta": 0.07029474212863886, "gamma": 319.9388650161594, "max_depth": 3.0, "min_child_weight": 5102.7433358369935, "num_boost_round": 24.0, "subsample": 0.9685906184831792}, "datetime": {"datetime": "2024-01-20 17:18:23", "elapsed": 13995.252567, "delta": 0.00735}}
{"target": -10.480640069096768, "params": {"colsample_bytree": 0.14824126865914633, "eta": 0.07029474212863886, "gamma": 319.9388650161594, "max_depth": 3.0, "min_child_weight": 5102.7433358369935, "num_boost_round": 25.0, "subsample": 0.9685906184831792}, "datetime": {"datetime": "2024-01-20 17:18:23", "elapsed": 13995.26051, "delta": 0.007943}}
{"target": -10.480925633777192, "params": {"colsample_bytree": 0.14824126865914633, "eta": 0.07029474212863886, "gamma": 319.9388650161594, "max_depth": 3.0, "min_child_weight": 5102.7433358369935, "num_boost_round": 26.0, "subsample": 0.9685906184831792}, "datetime": {"datetime": "2024-01-20 17:18:23", "elapsed": 13995.268209, "delta": 0.007699}}
{"target": -10.481533730500677, "params": {"colsample_bytree": 0.14824126865914633, "eta": 0.07029474212863886, "gamma": 319.9388650161594, "max_depth": 3.0, "min_child_weight": 5102.7433358369935, "num_boost_round": 27.0, "subsample": 0.9685906184831792}, "datetime": {"datetime": "2024-01-20 17:18:23", "elapsed": 13995.275642, "delta": 0.007433}}
{"target": -10.481291189556115, "params": {"colsample_bytree": 0.14824126865914633, "eta": 0.07029474212863886, "gamma": 319.9388650161594, "max_depth": 3.0, "min_child_weight": 5102.7433358369935, "num_boost_round": 28.0, "subsample": 0.9685906184831792}, "datetime": {"datetime": "2024-01-20 17:18:23", "elapsed": 13995.282984, "delta": 0.007342}}
{"target": -10.481379877057309, "params": {"colsample_bytree": 0.14824126865914633, "eta": 0.07029474212863886, "gamma": 319.9388650161594, "max_depth": 3.0, "min_child_weight": 5102.7433358369935, "num_boost_round": 29.0, "subsample": 0.9685906184831792}, "datetime": {"datetime": "2024-01-20 17:18:23", "elapsed": 13995.290851, "delta": 0.007867}}
{"target": -10.481529519046827, "params": {"colsample_bytree": 0.14824126865914633, "eta": 0.07029474212863886, "gamma": 319.9388650161594, "max_depth": 3.0, "min_child_weight": 5102.7433358369935, "num_boost_round": 30.0, "subsample": 0.9685906184831792}, "datetime": {"datetime": "2024-01-20 17:18:23", "elapsed": 13995.298474, "delta": 0.007623}}
{"target": -10.481752146419858, "params": {"colsample_bytree": 0.14824126865914633, "eta": 0.07029474212863886, "gamma": 319.9388650161594, "max_depth": 3.0, "min_child_weight": 5102.7433358369935, "num_boost_round": 31.0, "subsample": 0.9685906184831792}, "datetime": {"datetime": "2024-01-20 17:18:23", "elapsed": 13995.305897, "delta": 0.007423}}
{"target": -10.482121717210163, "params": {"colsample_bytree": 0.14824126865914633, "eta": 0.07029474212863886, "gamma": 319.9388650161594, "max_depth": 3.0, "min_child_weight": 5102.7433358369935, "num_boost_round": 32.0, "subsample": 0.9685906184831792}, "datetime": {"datetime": "2024-01-20 17:18:23", "elapsed": 13995.313229, "delta": 0.007332}}
{"target": -10.48198664307421, "params": {"colsample_bytree": 0.14824126865914633, "eta": 0.07029474212863886, "gamma": 319.9388650161594, "max_depth": 3.0, "min_child_weight": 5102.7433358369935, "num_boost_round": 33.0, "subsample": 0.9685906184831792}, "datetime": {"datetime": "2024-01-20 17:18:23", "elapsed": 13995.321163, "delta": 0.007934}}
{"target": -10.48199865613974, "params": {"colsample_bytree": 0.14824126865914633, "eta": 0.07029474212863886, "gamma": 319.9388650161594, "max_depth": 3.0, "min_child_weight": 5102.7433358369935, "num_boost_round": 34.0, "subsample": 0.9685906184831792}, "datetime": {"datetime": "2024-01-20 17:18:23", "elapsed": 13995.330058, "delta": 0.008895}}
{"target": -10.482293734227923, "params": {"colsample_bytree": 0.14824126865914633, "eta": 0.07029474212863886, "gamma": 319.9388650161594, "max_depth": 3.0, "min_child_weight": 5102.7433358369935, "num_boost_round": 35.0, "subsample": 0.9685906184831792}, "datetime": {"datetime": "2024-01-20 17:18:23", "elapsed": 13995.33753, "delta": 0.007472}}
{"target": -10.482312425133607, "params": {"colsample_bytree": 0.14824126865914633, "eta": 0.07029474212863886, "gamma": 319.9388650161594, "max_depth": 3.0, "min_child_weight": 5102.7433358369935, "num_boost_round": 36.0, "subsample": 0.9685906184831792}, "datetime": {"datetime": "2024-01-20 17:18:23", "elapsed": 13995.344904, "delta": 0.007374}}
{"target": -10.482443065483864, "params": {"colsample_bytree": 0.14824126865914633, "eta": 0.07029474212863886, "gamma": 319.9388650161594, "max_depth": 3.0, "min_child_weight": 5102.7433358369935, "num_boost_round": 37.0, "subsample": 0.9685906184831792}, "datetime": {"datetime": "2024-01-20 17:18:23", "elapsed": 13995.352752, "delta": 0.007848}}
{"target": -10.482393812812804, "params": {"colsample_bytree": 0.14824126865914633, "eta": 0.07029474212863886, "gamma": 319.9388650161594, "max_depth": 3.0, "min_child_weight": 5102.7433358369935, "num_boost_round": 38.0, "subsample": 0.9685906184831792}, "datetime": {"datetime": "2024-01-20 17:18:23", "elapsed": 13995.360355, "delta": 0.007603}}
{"target": -10.482832465478051, "params": {"colsample_bytree": 0.14824126865914633, "eta": 0.07029474212863886, "gamma": 319.9388650161594, "max_depth": 3.0, "min_child_weight": 5102.7433358369935, "num_boost_round": 39.0, "subsample": 0.9685906184831792}, "datetime": {"datetime": "2024-01-20 17:18:23", "elapsed": 13995.367823, "delta": 0.007468}}
{"target": -10.482982195946517, "params": {"colsample_bytree": 0.14824126865914633, "eta": 0.07029474212863886, "gamma": 319.9388650161594, "max_depth": 3.0, "min_child_weight": 5102.7433358369935, "num_boost_round": 40.0, "subsample": 0.9685906184831792}, "datetime": {"datetime": "2024-01-20 17:18:23", "elapsed": 13995.375266, "delta": 0.007443}}
{"target": -10.483111855298542, "params": {"colsample_bytree": 0.14824126865914633, "eta": 0.07029474212863886, "gamma": 319.9388650161594, "max_depth": 3.0, "min_child_weight": 5102.7433358369935, "num_boost_round": 41.0, "subsample": 0.9685906184831792}, "datetime": {"datetime": "2024-01-20 17:18:23", "elapsed": 13995.383258, "delta": 0.007992}}
{"target": -10.483082449554448, "params": {"colsample_bytree": 0.14824126865914633, "eta": 0.07029474212863886, "gamma": 319.9388650161594, "max_depth": 3.0, "min_child_weight": 5102.7433358369935, "num_boost_round": 42.0, "subsample": 0.9685906184831792}, "datetime": {"datetime": "2024-01-20 17:18:23", "elapsed": 13995.390937, "delta": 0.007679}}
{"target": -10.483569413968326, "params": {"colsample_bytree": 0.14824126865914633, "eta": 0.07029474212863886, "gamma": 319.9388650161594, "max_depth": 3.0, "min_child_weight": 5102.7433358369935, "num_boost_round": 43.0, "subsample": 0.9685906184831792}, "datetime": {"datetime": "2024-01-20 17:18:23", "elapsed": 13995.398406, "delta": 0.007469}}
{"target": -10.483686436006474, "params": {"colsample_bytree": 0.14824126865914633, "eta": 0.07029474212863886, "gamma": 319.9388650161594, "max_depth": 3.0, "min_child_weight": 5102.7433358369935, "num_boost_round": 44.0, "subsample": 0.9685906184831792}, "datetime": {"datetime": "2024-01-20 17:18:23", "elapsed": 13995.405835, "delta": 0.007429}}
{"target": -10.484092104149871, "params": {"colsample_bytree": 0.14824126865914633, "eta": 0.07029474212863886, "gamma": 319.9388650161594, "max_depth": 3.0, "min_child_weight": 5102.7433358369935, "num_boost_round": 45.0, "subsample": 0.9685906184831792}, "datetime": {"datetime": "2024-01-20 17:18:23", "elapsed": 13995.413857, "delta": 0.008022}}
{"target": -10.484050847113577, "params": {"colsample_bytree": 0.14824126865914633, "eta": 0.07029474212863886, "gamma": 319.9388650161594, "max_depth": 3.0, "min_child_weight": 5102.7433358369935, "num_boost_round": 46.0, "subsample": 0.9685906184831792}, "datetime": {"datetime": "2024-01-20 17:18:23", "elapsed": 13995.42152, "delta": 0.007663}}
{"target": -10.484150917223623, "params": {"colsample_bytree": 0.14824126865914633, "eta": 0.07029474212863886, "gamma": 319.9388650161594, "max_depth": 3.0, "min_child_weight": 5102.7433358369935, "num_boost_round": 47.0, "subsample": 0.9685906184831792}, "datetime": {"datetime": "2024-01-20 17:18:23", "elapsed": 13995.428932, "delta": 0.007412}}
{"target": -10.484189374387075, "params": {"colsample_bytree": 0.14824126865914633, "eta": 0.07029474212863886, "gamma": 319.9388650161594, "max_depth": 3.0, "min_child_weight": 5102.7433358369935, "num_boost_round": 48.0, "subsample": 0.9685906184831792}, "datetime": {"datetime": "2024-01-20 17:18:23", "elapsed": 13995.436313, "delta": 0.007381}}
{"target": -10.484230348364923, "params": {"colsample_bytree": 0.14824126865914633, "eta": 0.07029474212863886, "gamma": 319.9388650161594, "max_depth": 3.0, "min_child_weight": 5102.7433358369935, "num_boost_round": 49.0, "subsample": 0.9685906184831792}, "datetime": {"datetime": "2024-01-20 17:18:23", "elapsed": 13995.444095, "delta": 0.007782}}
{"target": -10.48429714060947, "params": {"colsample_bytree": 0.14824126865914633, "eta": 0.07029474212863886, "gamma": 319.9388650161594, "max_depth": 3.0, "min_child_weight": 5102.7433358369935, "num_boost_round": 50.0, "subsample": 0.9685906184831792}, "datetime": {"datetime": "2024-01-20 17:18:23", "elapsed": 13995.451597, "delta": 0.007502}}
{"target": -10.484584502025912, "params": {"colsample_bytree": 0.14824126865914633, "eta": 0.07029474212863886, "gamma": 319.9388650161594, "max_depth": 3.0, "min_child_weight": 5102.7433358369935, "num_boost_round": 51.0, "subsample": 0.9685906184831792}, "datetime": {"datetime": "2024-01-20 17:18:23", "elapsed": 13995.458938, "delta": 0.007341}}
{"target": -10.484748618587897, "params": {"colsample_bytree": 0.14824126865914633, "eta": 0.07029474212863886, "gamma": 319.9388650161594, "max_depth": 3.0, "min_child_weight": 5102.7433358369935, "num_boost_round": 52.0, "subsample": 0.9685906184831792}, "datetime": {"datetime": "2024-01-20 17:18:23", "elapsed": 13995.466453, "delta": 0.007515}}
{"target": -10.484973715267706, "params": {"colsample_bytree": 0.14824126865914633, "eta": 0.07029474212863886, "gamma": 319.9388650161594, "max_depth": 3.0, "min_child_weight": 5102.7433358369935, "num_boost_round": 53.0, "subsample": 0.9685906184831792}, "datetime": {"datetime": "2024-01-20 17:18:23", "elapsed": 13995.474236, "delta": 0.007783}}
{"target": -10.48510749051694, "params": {"colsample_bytree": 0.14824126865914633, "eta": 0.07029474212863886, "gamma": 319.9388650161594, "max_depth": 3.0, "min_child_weight": 5102.7433358369935, "num_boost_round": 54.0, "subsample": 0.9685906184831792}, "datetime": {"datetime": "2024-01-20 17:18:23", "elapsed": 13995.481708, "delta": 0.007472}}
{"target": -10.48551402445247, "params": {"colsample_bytree": 0.14824126865914633, "eta": 0.07029474212863886, "gamma": 319.9388650161594, "max_depth": 3.0, "min_child_weight": 5102.7433358369935, "num_boost_round": 55.0, "subsample": 0.9685906184831792}, "datetime": {"datetime": "2024-01-20 17:18:23", "elapsed": 13995.49003, "delta": 0.008322}}
{"target": -10.485482453303902, "params": {"colsample_bytree": 0.14824126865914633, "eta": 0.07029474212863886, "gamma": 319.9388650161594, "max_depth": 3.0, "min_child_weight": 5102.7433358369935, "num_boost_round": 56.0, "subsample": 0.9685906184831792}, "datetime": {"datetime": "2024-01-20 17:18:23", "elapsed": 13995.497908, "delta": 0.007878}}
{"target": -10.485489612891705, "params": {"colsample_bytree": 0.14824126865914633, "eta": 0.07029474212863886, "gamma": 319.9388650161594, "max_depth": 3.0, "min_child_weight": 5102.7433358369935, "num_boost_round": 57.0, "subsample": 0.9685906184831792}, "datetime": {"datetime": "2024-01-20 17:18:23", "elapsed": 13995.505913, "delta": 0.008005}}
{"target": -10.485757813771679, "params": {"colsample_bytree": 0.14824126865914633, "eta": 0.07029474212863886, "gamma": 319.9388650161594, "max_depth": 3.0, "min_child_weight": 5102.7433358369935, "num_boost_round": 58.0, "subsample": 0.9685906184831792}, "datetime": {"datetime": "2024-01-20 17:18:23", "elapsed": 13995.51329, "delta": 0.007377}}
{"target": -10.485880919444302, "params": {"colsample_bytree": 0.14824126865914633, "eta": 0.07029474212863886, "gamma": 319.9388650161594, "max_depth": 3.0, "min_child_weight": 5102.7433358369935, "num_boost_round": 59.0, "subsample": 0.9685906184831792}, "datetime": {"datetime": "2024-01-20 17:18:23", "elapsed": 13995.520996, "delta": 0.007706}}
{"target": -10.485922236871755, "params": {"colsample_bytree": 0.14824126865914633, "eta": 0.07029474212863886, "gamma": 319.9388650161594, "max_depth": 3.0, "min_child_weight": 5102.7433358369935, "num_boost_round": 60.0, "subsample": 0.9685906184831792}, "datetime": {"datetime": "2024-01-20 17:18:23", "elapsed": 13995.528462, "delta": 0.007466}}
{"target": -10.485866102672082, "params": {"colsample_bytree": 0.14824126865914633, "eta": 0.07029474212863886, "gamma": 319.9388650161594, "max_depth": 3.0, "min_child_weight": 5102.7433358369935, "num_boost_round": 61.0, "subsample": 0.9685906184831792}, "datetime": {"datetime": "2024-01-20 17:18:23", "elapsed": 13995.535924, "delta": 0.007462}}
{"target": -10.485847475867532, "params": {"colsample_bytree": 0.14824126865914633, "eta": 0.07029474212863886, "gamma": 319.9388650161594, "max_depth": 3.0, "min_child_weight": 5102.7433358369935, "num_boost_round": 62.0, "subsample": 0.9685906184831792}, "datetime": {"datetime": "2024-01-20 17:18:23", "elapsed": 13995.543586, "delta": 0.007662}}
{"target": -10.48596721276737, "params": {"colsample_bytree": 0.14824126865914633, "eta": 0.07029474212863886, "gamma": 319.9388650161594, "max_depth": 3.0, "min_child_weight": 5102.7433358369935, "num_boost_round": 63.0, "subsample": 0.9685906184831792}, "datetime": {"datetime": "2024-01-20 17:18:23", "elapsed": 13995.551022, "delta": 0.007436}}
{"target": -10.48619535138358, "params": {"colsample_bytree": 0.14824126865914633, "eta": 0.07029474212863886, "gamma": 319.9388650161594, "max_depth": 3.0, "min_child_weight": 5102.7433358369935, "num_boost_round": 64.0, "subsample": 0.9685906184831792}, "datetime": {"datetime": "2024-01-20 17:18:23", "elapsed": 13995.558509, "delta": 0.007487}}
{"target": -10.486389747255869, "params": {"colsample_bytree": 0.14824126865914633, "eta": 0.07029474212863886, "gamma": 319.9388650161594, "max_depth": 3.0, "min_child_weight": 5102.7433358369935, "num_boost_round": 65.0, "subsample": 0.9685906184831792}, "datetime": {"datetime": "2024-01-20 17:18:23", "elapsed": 13995.566309, "delta": 0.0078}}
{"target": -10.486579219561467, "params": {"colsample_bytree": 0.14824126865914633, "eta": 0.07029474212863886, "gamma": 319.9388650161594, "max_depth": 3.0, "min_child_weight": 5102.7433358369935, "num_boost_round": 66.0, "subsample": 0.9685906184831792}, "datetime": {"datetime": "2024-01-20 17:18:23", "elapsed": 13995.573768, "delta": 0.007459}}
{"target": -10.486655445756403, "params": {"colsample_bytree": 0.14824126865914633, "eta": 0.07029474212863886, "gamma": 319.9388650161594, "max_depth": 3.0, "min_child_weight": 5102.7433358369935, "num_boost_round": 67.0, "subsample": 0.9685906184831792}, "datetime": {"datetime": "2024-01-20 17:18:23", "elapsed": 13995.581235, "delta": 0.007467}}
{"target": -10.486620897327388, "params": {"colsample_bytree": 0.14824126865914633, "eta": 0.07029474212863886, "gamma": 319.9388650161594, "max_depth": 3.0, "min_child_weight": 5102.7433358369935, "num_boost_round": 68.0, "subsample": 0.9685906184831792}, "datetime": {"datetime": "2024-01-20 17:18:23", "elapsed": 13995.588955, "delta": 0.00772}}
{"target": -10.486669888853237, "params": {"colsample_bytree": 0.14824126865914633, "eta": 0.07029474212863886, "gamma": 319.9388650161594, "max_depth": 3.0, "min_child_weight": 5102.7433358369935, "num_boost_round": 69.0, "subsample": 0.9685906184831792}, "datetime": {"datetime": "2024-01-20 17:18:23", "elapsed": 13995.629877, "delta": 0.040922}}
{"target": -10.48689301849958, "params": {"colsample_bytree": 0.14824126865914633, "eta": 0.07029474212863886, "gamma": 319.9388650161594, "max_depth": 3.0, "min_child_weight": 5102.7433358369935, "num_boost_round": 70.0, "subsample": 0.9685906184831792}, "datetime": {"datetime": "2024-01-20 17:18:23", "elapsed": 13995.6375, "delta": 0.007623}}
{"target": -10.486999513901761, "params": {"colsample_bytree": 0.14824126865914633, "eta": 0.07029474212863886, "gamma": 319.9388650161594, "max_depth": 3.0, "min_child_weight": 5102.7433358369935, "num_boost_round": 71.0, "subsample": 0.9685906184831792}, "datetime": {"datetime": "2024-01-20 17:18:23", "elapsed": 13995.64529, "delta": 0.00779}}
{"target": -10.487321740309648, "params": {"colsample_bytree": 0.14824126865914633, "eta": 0.07029474212863886, "gamma": 319.9388650161594, "max_depth": 3.0, "min_child_weight": 5102.7433358369935, "num_boost_round": 72.0, "subsample": 0.9685906184831792}, "datetime": {"datetime": "2024-01-20 17:18:23", "elapsed": 13995.652968, "delta": 0.007678}}
{"target": -10.487511312937198, "params": {"colsample_bytree": 0.14824126865914633, "eta": 0.07029474212863886, "gamma": 319.9388650161594, "max_depth": 3.0, "min_child_weight": 5102.7433358369935, "num_boost_round": 73.0, "subsample": 0.9685906184831792}, "datetime": {"datetime": "2024-01-20 17:18:23", "elapsed": 13995.660508, "delta": 0.00754}}
{"target": -10.487619772385376, "params": {"colsample_bytree": 0.14824126865914633, "eta": 0.07029474212863886, "gamma": 319.9388650161594, "max_depth": 3.0, "min_child_weight": 5102.7433358369935, "num_boost_round": 74.0, "subsample": 0.9685906184831792}, "datetime": {"datetime": "2024-01-20 17:18:23", "elapsed": 13995.66865, "delta": 0.008142}}
{"target": -10.487721528817502, "params": {"colsample_bytree": 0.14824126865914633, "eta": 0.07029474212863886, "gamma": 319.9388650161594, "max_depth": 3.0, "min_child_weight": 5102.7433358369935, "num_boost_round": 75.0, "subsample": 0.9685906184831792}, "datetime": {"datetime": "2024-01-20 17:18:23", "elapsed": 13995.676143, "delta": 0.007493}}
{"target": -10.487800940928427, "params": {"colsample_bytree": 0.14824126865914633, "eta": 0.07029474212863886, "gamma": 319.9388650161594, "max_depth": 3.0, "min_child_weight": 5102.7433358369935, "num_boost_round": 76.0, "subsample": 0.9685906184831792}, "datetime": {"datetime": "2024-01-20 17:18:23", "elapsed": 13995.683539, "delta": 0.007396}}
{"target": -10.48786117331021, "params": {"colsample_bytree": 0.14824126865914633, "eta": 0.07029474212863886, "gamma": 319.9388650161594, "max_depth": 3.0, "min_child_weight": 5102.7433358369935, "num_boost_round": 77.0, "subsample": 0.9685906184831792}, "datetime": {"datetime": "2024-01-20 17:18:23", "elapsed": 13995.691317, "delta": 0.007778}}
{"target": -10.487955411160776, "params": {"colsample_bytree": 0.14824126865914633, "eta": 0.07029474212863886, "gamma": 319.9388650161594, "max_depth": 3.0, "min_child_weight": 5102.7433358369935, "num_boost_round": 78.0, "subsample": 0.9685906184831792}, "datetime": {"datetime": "2024-01-20 17:18:23", "elapsed": 13995.698866, "delta": 0.007549}}
{"target": -10.4880242771479, "params": {"colsample_bytree": 0.14824126865914633, "eta": 0.07029474212863886, "gamma": 319.9388650161594, "max_depth": 3.0, "min_child_weight": 5102.7433358369935, "num_boost_round": 79.0, "subsample": 0.9685906184831792}, "datetime": {"datetime": "2024-01-20 17:18:23", "elapsed": 13995.70637, "delta": 0.007504}}
{"target": -10.488128043141392, "params": {"colsample_bytree": 0.14824126865914633, "eta": 0.07029474212863886, "gamma": 319.9388650161594, "max_depth": 3.0, "min_child_weight": 5102.7433358369935, "num_boost_round": 80.0, "subsample": 0.9685906184831792}, "datetime": {"datetime": "2024-01-20 17:18:23", "elapsed": 13995.714196, "delta": 0.007826}}
{"target": -10.488314313916842, "params": {"colsample_bytree": 0.14824126865914633, "eta": 0.07029474212863886, "gamma": 319.9388650161594, "max_depth": 3.0, "min_child_weight": 5102.7433358369935, "num_boost_round": 81.0, "subsample": 0.9685906184831792}, "datetime": {"datetime": "2024-01-20 17:18:23", "elapsed": 13995.745658, "delta": 0.031462}}
{"target": -10.488366666498383, "params": {"colsample_bytree": 0.14824126865914633, "eta": 0.07029474212863886, "gamma": 319.9388650161594, "max_depth": 3.0, "min_child_weight": 5102.7433358369935, "num_boost_round": 82.0, "subsample": 0.9685906184831792}, "datetime": {"datetime": "2024-01-20 17:18:23", "elapsed": 13995.753183, "delta": 0.007525}}
{"target": -10.488467622217119, "params": {"colsample_bytree": 0.14824126865914633, "eta": 0.07029474212863886, "gamma": 319.9388650161594, "max_depth": 3.0, "min_child_weight": 5102.7433358369935, "num_boost_round": 83.0, "subsample": 0.9685906184831792}, "datetime": {"datetime": "2024-01-20 17:18:23", "elapsed": 13995.761296, "delta": 0.008113}}
{"target": -10.488550425464618, "params": {"colsample_bytree": 0.14824126865914633, "eta": 0.07029474212863886, "gamma": 319.9388650161594, "max_depth": 3.0, "min_child_weight": 5102.7433358369935, "num_boost_round": 84.0, "subsample": 0.9685906184831792}, "datetime": {"datetime": "2024-01-20 17:18:23", "elapsed": 13995.768851, "delta": 0.007555}}
{"target": -10.488586580514081, "params": {"colsample_bytree": 0.14824126865914633, "eta": 0.07029474212863886, "gamma": 319.9388650161594, "max_depth": 3.0, "min_child_weight": 5102.7433358369935, "num_boost_round": 85.0, "subsample": 0.9685906184831792}, "datetime": {"datetime": "2024-01-20 17:18:23", "elapsed": 13995.77637, "delta": 0.007519}}
