{"target": -13.497889989552363, "params": {"colsample_bytree": 0.9729894974830126, "eta": 0.0925816552186046, "gamma": 335.96455954068307, "max_depth": 4.0, "min_child_weight": 4013.6239688025225, "num_boost_round": 2.0, "subsample": 0.6908807086029979}, "datetime": {"datetime": "2024-01-20 15:53:36", "elapsed": 5369.493835, "delta": 0.005776}}
{"target": -13.498267633981687, "params": {"colsample_bytree": 0.9729894974830126, "eta": 0.0925816552186046, "gamma": 335.96455954068307, "max_depth": 4.0, "min_child_weight": 4013.6239688025225, "num_boost_round": 3.0, "subsample": 0.6908807086029979}, "datetime": {"datetime": "2024-01-20 15:53:36", "elapsed": 5369.49936, "delta": 0.005525}}
{"target": -13.498757068757582, "params": {"colsample_bytree": 0.9729894974830126, "eta": 0.0925816552186046, "gamma": 335.96455954068307, "max_depth": 4.0, "min_child_weight": 4013.6239688025225, "num_boost_round": 4.0, "subsample": 0.6908807086029979}, "datetime": {"datetime": "2024-01-20 15:53:36", "elapsed": 5369.504776, "delta": 0.005416}}
{"target": -13.499244114858952, "params": {"colsample_bytree": 0.9729894974830126, "eta": 0.0925816552186046, "gamma": 335.96455954068307, "max_depth": 4.0, "min_child_weight": 4013.6239688025225, "num_boost_round": 5.0, "subsample": 0.6908807086029979}, "datetime": {"datetime": "2024-01-20 15:53:36", "elapsed": 5369.510186, "delta": 0.00541}}
{"target": -13.499394055383835, "params": {"colsample_bytree": 0.9729894974830126, "eta": 0.0925816552186046, "gamma": 335.96455954068307, "max_depth": 4.0, "min_child_weight": 4013.6239688025225, "num_boost_round": 6.0, "subsample": 0.6908807086029979}, "datetime": {"datetime": "2024-01-20 15:53:36", "elapsed": 5369.515786, "delta": 0.0056}}
{"target": -13.500146060268623, "params": {"colsample_bytree": 0.9729894974830126, "eta": 0.0925816552186046, "gamma": 335.96455954068307, "max_depth": 4.0, "min_child_weight": 4013.6239688025225, "num_boost_round": 7.0, "subsample": 0.6908807086029979}, "datetime": {"datetime": "2024-01-20 15:53:36", "elapsed": 5369.521227, "delta": 0.005441}}
{"target": -13.50031605505849, "params": {"colsample_bytree": 0.9729894974830126, "eta": 0.0925816552186046, "gamma": 335.96455954068307, "max_depth": 4.0, "min_child_weight": 4013.6239688025225, "num_boost_round": 8.0, "subsample": 0.6908807086029979}, "datetime": {"datetime": "2024-01-20 15:53:36", "elapsed": 5369.526662, "delta": 0.005435}}
{"target": -13.500853601472338, "params": {"colsample_bytree": 0.9729894974830126, "eta": 0.0925816552186046, "gamma": 335.96455954068307, "max_depth": 4.0, "min_child_weight": 4013.6239688025225, "num_boost_round": 9.0, "subsample": 0.6908807086029979}, "datetime": {"datetime": "2024-01-20 15:53:36", "elapsed": 5369.532469, "delta": 0.005807}}
{"target": -13.500907142962154, "params": {"colsample_bytree": 0.9729894974830126, "eta": 0.0925816552186046, "gamma": 335.96455954068307, "max_depth": 4.0, "min_child_weight": 4013.6239688025225, "num_boost_round": 10.0, "subsample": 0.6908807086029979}, "datetime": {"datetime": "2024-01-20 15:53:36", "elapsed": 5369.538131, "delta": 0.005662}}
{"target": -13.501483193798435, "params": {"colsample_bytree": 0.9729894974830126, "eta": 0.0925816552186046, "gamma": 335.96455954068307, "max_depth": 4.0, "min_child_weight": 4013.6239688025225, "num_boost_round": 11.0, "subsample": 0.6908807086029979}, "datetime": {"datetime": "2024-01-20 15:53:36", "elapsed": 5369.543657, "delta": 0.005526}}
{"target": -13.501555910495455, "params": {"colsample_bytree": 0.9729894974830126, "eta": 0.0925816552186046, "gamma": 335.96455954068307, "max_depth": 4.0, "min_child_weight": 4013.6239688025225, "num_boost_round": 12.0, "subsample": 0.6908807086029979}, "datetime": {"datetime": "2024-01-20 15:53:36", "elapsed": 5369.549124, "delta": 0.005467}}
{"target": -13.501826765346937, "params": {"colsample_bytree": 0.9729894974830126, "eta": 0.0925816552186046, "gamma": 335.96455954068307, "max_depth": 4.0, "min_child_weight": 4013.6239688025225, "num_boost_round": 13.0, "subsample": 0.6908807086029979}, "datetime": {"datetime": "2024-01-20 15:53:36", "elapsed": 5369.55499, "delta": 0.005866}}
{"target": -13.501943425300867, "params": {"colsample_bytree": 0.9729894974830126, "eta": 0.0925816552186046, "gamma": 335.96455954068307, "max_depth": 4.0, "min_child_weight": 4013.6239688025225, "num_boost_round": 14.0, "subsample": 0.6908807086029979}, "datetime": {"datetime": "2024-01-20 15:53:36", "elapsed": 5369.563059, "delta": 0.008069}}
{"target": -13.502340375549707, "params": {"colsample_bytree": 0.9729894974830126, "eta": 0.0925816552186046, "gamma": 335.96455954068307, "max_depth": 4.0, "min_child_weight": 4013.6239688025225, "num_boost_round": 15.0, "subsample": 0.6908807086029979}, "datetime": {"datetime": "2024-01-20 15:53:36", "elapsed": 5369.571806, "delta": 0.008747}}
{"target": -13.50255132521664, "params": {"colsample_bytree": 0.9729894974830126, "eta": 0.0925816552186046, "gamma": 335.96455954068307, "max_depth": 4.0, "min_child_weight": 4013.6239688025225, "num_boost_round": 16.0, "subsample": 0.6908807086029979}, "datetime": {"datetime": "2024-01-20 15:53:36", "elapsed": 5369.578025, "delta": 0.006219}}
{"target": -13.502417345313326, "params": {"colsample_bytree": 0.9729894974830126, "eta": 0.0925816552186046, "gamma": 335.96455954068307, "max_depth": 4.0, "min_child_weight": 4013.6239688025225, "num_boost_round": 17.0, "subsample": 0.6908807086029979}, "datetime": {"datetime": "2024-01-20 15:53:36", "elapsed": 5369.583515, "delta": 0.00549}}
{"target": -13.50251807563605, "params": {"colsample_bytree": 0.9729894974830126, "eta": 0.0925816552186046, "gamma": 335.96455954068307, "max_depth": 4.0, "min_child_weight": 4013.6239688025225, "num_boost_round": 18.0, "subsample": 0.6908807086029979}, "datetime": {"datetime": "2024-01-20 15:53:36", "elapsed": 5369.588986, "delta": 0.005471}}
{"target": -13.502046653931927, "params": {"colsample_bytree": 0.9729894974830126, "eta": 0.0925816552186046, "gamma": 335.96455954068307, "max_depth": 4.0, "min_child_weight": 4013.6239688025225, "num_boost_round": 19.0, "subsample": 0.6908807086029979}, "datetime": {"datetime": "2024-01-20 15:53:36", "elapsed": 5369.594562, "delta": 0.005576}}
{"target": -13.502076467714453, "params": {"colsample_bytree": 0.9729894974830126, "eta": 0.0925816552186046, "gamma": 335.96455954068307, "max_depth": 4.0, "min_child_weight": 4013.6239688025225, "num_boost_round": 20.0, "subsample": 0.6908807086029979}, "datetime": {"datetime": "2024-01-20 15:53:36", "elapsed": 5369.600041, "delta": 0.005479}}
{"target": -13.502093699460744, "params": {"colsample_bytree": 0.9729894974830126, "eta": 0.0925816552186046, "gamma": 335.96455954068307, "max_depth": 4.0, "min_child_weight": 4013.6239688025225, "num_boost_round": 21.0, "subsample": 0.6908807086029979}, "datetime": {"datetime": "2024-01-20 15:53:36", "elapsed": 5369.605452, "delta": 0.005411}}
{"target": -13.50230760596895, "params": {"colsample_bytree": 0.9729894974830126, "eta": 0.0925816552186046, "gamma": 335.96455954068307, "max_depth": 4.0, "min_child_weight": 4013.6239688025225, "num_boost_round": 22.0, "subsample": 0.6908807086029979}, "datetime": {"datetime": "2024-01-20 15:53:36", "elapsed": 5369.610867, "delta": 0.005415}}
{"target": -13.50228199339207, "params": {"colsample_bytree": 0.9729894974830126, "eta": 0.0925816552186046, "gamma": 335.96455954068307, "max_depth": 4.0, "min_child_weight": 4013.6239688025225, "num_boost_round": 23.0, "subsample": 0.6908807086029979}, "datetime": {"datetime": "2024-01-20 15:53:36", "elapsed": 5369.616456, "delta": 0.005589}}
{"target": -13.502340725355085, "params": {"colsample_bytree": 0.9729894974830126, "eta": 0.0925816552186046, "gamma": 335.96455954068307, "max_depth": 4.0, "min_child_weight": 4013.6239688025225, "num_boost_round": 24.0, "subsample": 0.6908807086029979}, "datetime": {"datetime": "2024-01-20 15:53:36", "elapsed": 5369.621911, "delta": 0.005455}}
{"target": -13.502515205315563, "params": {"colsample_bytree": 0.9729894974830126, "eta": 0.0925816552186046, "gamma": 335.96455954068307, "max_depth": 4.0, "min_child_weight": 4013.6239688025225, "num_boost_round": 25.0, "subsample": 0.6908807086029979}, "datetime": {"datetime": "2024-01-20 15:53:36", "elapsed": 5369.627352, "delta": 0.005441}}
{"target": -13.502336964860653, "params": {"colsample_bytree": 0.9729894974830126, "eta": 0.0925816552186046, "gamma": 335.96455954068307, "max_depth": 4.0, "min_child_weight": 4013.6239688025225, "num_boost_round": 26.0, "subsample": 0.6908807086029979}, "datetime": {"datetime": "2024-01-20 15:53:36", "elapsed": 5369.633073, "delta": 0.005721}}
{"target": -13.50256385223932, "params": {"colsample_bytree": 0.9729894974830126, "eta": 0.0925816552186046, "gamma": 335.96455954068307, "max_depth": 4.0, "min_child_weight": 4013.6239688025225, "num_boost_round": 27.0, "subsample": 0.6908807086029979}, "datetime": {"datetime": "2024-01-20 15:53:36", "elapsed": 5369.638858, "delta": 0.005785}}
{"target": -13.502695362165317, "params": {"colsample_bytree": 0.9729894974830126, "eta": 0.0925816552186046, "gamma": 335.96455954068307, "max_depth": 4.0, "min_child_weight": 4013.6239688025225, "num_boost_round": 28.0, "subsample": 0.6908807086029979}, "datetime": {"datetime": "2024-01-20 15:53:36", "elapsed": 5369.64442, "delta": 0.005562}}
{"target": -13.502644719129478, "params": {"colsample_bytree": 0.9729894974830126, "eta": 0.0925816552186046, "gamma": 335.96455954068307, "max_depth": 4.0, "min_child_weight": 4013.6239688025225, "num_boost_round": 29.0, "subsample": 0.6908807086029979}, "datetime": {"datetime": "2024-01-20 15:53:36", "elapsed": 5369.649835, "delta": 0.005415}}
{"target": -13.502806643492006, "params": {"colsample_bytree": 0.9729894974830126, "eta": 0.0925816552186046, "gamma": 335.96455954068307, "max_depth": 4.0, "min_child_weight": 4013.6239688025225, "num_boost_round": 30.0, "subsample": 0.6908807086029979}, "datetime": {"datetime": "2024-01-20 15:53:36", "elapsed": 5369.655545, "delta": 0.00571}}
{"target": -13.503191802011509, "params": {"colsample_bytree": 0.9729894974830126, "eta": 0.0925816552186046, "gamma": 335.96455954068307, "max_depth": 4.0, "min_child_weight": 4013.6239688025225, "num_boost_round": 31.0, "subsample": 0.6908807086029979}, "datetime": {"datetime": "2024-01-20 15:53:36", "elapsed": 5369.661038, "delta": 0.005493}}
{"target": -13.503194555012792, "params": {"colsample_bytree": 0.9729894974830126, "eta": 0.0925816552186046, "gamma": 335.96455954068307, "max_depth": 4.0, "min_child_weight": 4013.6239688025225, "num_boost_round": 32.0, "subsample": 0.6908807086029979}, "datetime": {"datetime": "2024-01-20 15:53:36", "elapsed": 5369.666499, "delta": 0.005461}}
{"target": -13.503178477738143, "params": {"colsample_bytree": 0.9729894974830126, "eta": 0.0925816552186046, "gamma": 335.96455954068307, "max_depth": 4.0, "min_child_weight": 4013.6239688025225, "num_boost_round": 33.0, "subsample": 0.6908807086029979}, "datetime": {"datetime": "2024-01-20 15:53:36", "elapsed": 5369.672084, "delta": 0.005585}}
{"target": -13.503162556306537, "params": {"colsample_bytree": 0.9729894974830126, "eta": 0.0925816552186046, "gamma": 335.96455954068307, "max_depth": 4.0, "min_child_weight": 4013.6239688025225, "num_boost_round": 34.0, "subsample": 0.6908807086029979}, "datetime": {"datetime": "2024-01-20 15:53:36", "elapsed": 5369.677581, "delta": 0.005497}}
{"target": -13.502835990446048, "params": {"colsample_bytree": 0.9729894974830126, "eta": 0.0925816552186046, "gamma": 335.96455954068307, "max_depth": 4.0, "min_child_weight": 4013.6239688025225, "num_boost_round": 35.0, "subsample": 0.6908807086029979}, "datetime": {"datetime": "2024-01-20 15:53:36", "elapsed": 5369.683018, "delta": 0.005437}}
{"target": -13.502969075722245, "params": {"colsample_bytree": 0.9729894974830126, "eta": 0.0925816552186046, "gamma": 335.96455954068307, "max_depth": 4.0, "min_child_weight": 4013.6239688025225, "num_boost_round": 36.0, "subsample": 0.6908807086029979}, "datetime": {"datetime": "2024-01-20 15:53:36", "elapsed": 5369.688463, "delta": 0.005445}}
{"target": -13.50294166582067, "params": {"colsample_bytree": 0.9729894974830126, "eta": 0.0925816552186046, "gamma": 335.96455954068307, "max_depth": 4.0, "min_child_weight": 4013.6239688025225, "num_boost_round": 37.0, "subsample": 0.6908807086029979}, "datetime": {"datetime": "2024-01-20 15:53:36", "elapsed": 5369.694034, "delta": 0.005571}}
{"target": -13.502771367340788, "params": {"colsample_bytree": 0.9729894974830126, "eta": 0.0925816552186046, "gamma": 335.96455954068307, "max_depth": 4.0, "min_child_weight": 4013.6239688025225, "num_boost_round": 38.0, "subsample": 0.6908807086029979}, "datetime": {"datetime": "2024-01-20 15:53:36", "elapsed": 5369.699956, "delta": 0.005922}}
{"target": -13.502924771012918, "params": {"colsample_bytree": 0.9729894974830126, "eta": 0.0925816552186046, "gamma": 335.96455954068307, "max_depth": 4.0, "min_child_weight": 4013.6239688025225, "num_boost_round": 39.0, "subsample": 0.6908807086029979}, "datetime": {"datetime": "2024-01-20 15:53:36", "elapsed": 5369.706304, "delta": 0.006348}}
{"target": -13.5028066355884, "params": {"colsample_bytree": 0.9729894974830126, "eta": 0.0925816552186046, "gamma": 335.96455954068307, "max_depth": 4.0, "min_child_weight": 4013.6239688025225, "num_boost_round": 40.0, "subsample": 0.6908807086029979}, "datetime": {"datetime": "2024-01-20 15:53:36", "elapsed": 5369.71183, "delta": 0.005526}}
{"target": -13.502880313479341, "params": {"colsample_bytree": 0.9729894974830126, "eta": 0.0925816552186046, "gamma": 335.96455954068307, "max_depth": 4.0, "min_child_weight": 4013.6239688025225, "num_boost_round": 41.0, "subsample": 0.6908807086029979}, "datetime": {"datetime": "2024-01-20 15:53:36", "elapsed": 5369.717499, "delta": 0.005669}}
{"target": -13.503137309612645, "params": {"colsample_bytree": 0.9729894974830126, "eta": 0.0925816552186046, "gamma": 335.96455954068307, "max_depth": 4.0, "min_child_weight": 4013.6239688025225, "num_boost_round": 42.0, "subsample": 0.6908807086029979}, "datetime": {"datetime": "2024-01-20 15:53:36", "elapsed": 5369.722992, "delta": 0.005493}}
{"target": -13.503047342083292, "params": {"colsample_bytree": 0.9729894974830126, "eta": 0.0925816552186046, "gamma": 335.96455954068307, "max_depth": 4.0, "min_child_weight": 4013.6239688025225, "num_boost_round": 43.0, "subsample": 0.6908807086029979}, "datetime": {"datetime": "2024-01-20 15:53:36", "elapsed": 5369.728469, "delta": 0.005477}}
{"target": -13.50341018916685, "params": {"colsample_bytree": 0.9729894974830126, "eta": 0.0925816552186046, "gamma": 335.96455954068307, "max_depth": 4.0, "min_child_weight": 4013.6239688025225, "num_boost_round": 44.0, "subsample": 0.6908807086029979}, "datetime": {"datetime": "2024-01-20 15:53:36", "elapsed": 5369.734212, "delta": 0.005743}}
{"target": -13.50372615284805, "params": {"colsample_bytree": 0.9729894974830126, "eta": 0.0925816552186046, "gamma": 335.96455954068307, "max_depth": 4.0, "min_child_weight": 4013.6239688025225, "num_boost_round": 45.0, "subsample": 0.6908807086029979}, "datetime": {"datetime": "2024-01-20 15:53:36", "elapsed": 5369.74001, "delta": 0.005798}}
{"target": -13.503579238340345, "params": {"colsample_bytree": 0.9729894974830126, "eta": 0.0925816552186046, "gamma": 335.96455954068307, "max_depth": 4.0, "min_child_weight": 4013.6239688025225, "num_boost_round": 46.0, "subsample": 0.6908807086029979}, "datetime": {"datetime": "2024-01-20 15:53:36", "elapsed": 5369.745531, "delta": 0.005521}}
{"target": -13.503620317898282, "params": {"colsample_bytree": 0.9729894974830126, "eta": 0.0925816552186046, "gamma": 335.96455954068307, "max_depth": 4.0, "min_child_weight": 4013.6239688025225, "num_boost_round": 47.0, "subsample": 0.6908807086029979}, "datetime": {"datetime": "2024-01-20 15:53:36", "elapsed": 5369.751055, "delta": 0.005524}}
{"target": -13.503368527716596, "params": {"colsample_bytree": 0.9729894974830126, "eta": 0.0925816552186046, "gamma": 335.96455954068307, "max_depth": 4.0, "min_child_weight": 4013.6239688025225, "num_boost_round": 48.0, "subsample": 0.6908807086029979}, "datetime": {"datetime": "2024-01-20 15:53:36", "elapsed": 5369.756637, "delta": 0.005582}}
{"target": -13.503388989128577, "params": {"colsample_bytree": 0.9729894974830126, "eta": 0.0925816552186046, "gamma": 335.96455954068307, "max_depth": 4.0, "min_child_weight": 4013.6239688025225, "num_boost_round": 49.0, "subsample": 0.6908807086029979}, "datetime": {"datetime": "2024-01-20 15:53:36", "elapsed": 5369.762082, "delta": 0.005445}}
{"target": -13.50360149347342, "params": {"colsample_bytree": 0.9729894974830126, "eta": 0.0925816552186046, "gamma": 335.96455954068307, "max_depth": 4.0, "min_child_weight": 4013.6239688025225, "num_boost_round": 50.0, "subsample": 0.6908807086029979}, "datetime": {"datetime": "2024-01-20 15:53:36", "elapsed": 5369.767541, "delta": 0.005459}}
{"target": -13.5036642719874, "params": {"colsample_bytree": 0.9729894974830126, "eta": 0.0925816552186046, "gamma": 335.96455954068307, "max_depth": 4.0, "min_child_weight": 4013.6239688025225, "num_boost_round": 51.0, "subsample": 0.6908807086029979}, "datetime": {"datetime": "2024-01-20 15:53:36", "elapsed": 5369.773253, "delta": 0.005712}}
{"target": -13.503422483850795, "params": {"colsample_bytree": 0.9729894974830126, "eta": 0.0925816552186046, "gamma": 335.96455954068307, "max_depth": 4.0, "min_child_weight": 4013.6239688025225, "num_boost_round": 52.0, "subsample": 0.6908807086029979}, "datetime": {"datetime": "2024-01-20 15:53:36", "elapsed": 5369.778805, "delta": 0.005552}}
{"target": -13.503546046934332, "params": {"colsample_bytree": 0.9729894974830126, "eta": 0.0925816552186046, "gamma": 335.96455954068307, "max_depth": 4.0, "min_child_weight": 4013.6239688025225, "num_boost_round": 53.0, "subsample": 0.6908807086029979}, "datetime": {"datetime": "2024-01-20 15:53:36", "elapsed": 5369.7843, "delta": 0.005495}}
{"target": -13.497775192118215, "params": {"colsample_bytree": 0.28964838912550606, "eta": 0.09122329622083371, "gamma": 725.8372736164899, "max_depth": 3.0, "min_child_weight": 4653.818000495212, "num_boost_round": 1.0, "subsample": 0.5338135455651905}, "datetime": {"datetime": "2024-01-20 15:55:22", "elapsed": 5475.863609, "delta": 106.079309}}
{"target": -13.497761152827561, "params": {"colsample_bytree": 0.28964838912550606, "eta": 0.09122329622083371, "gamma": 725.8372736164899, "max_depth": 3.0, "min_child_weight": 4653.818000495212, "num_boost_round": 2.0, "subsample": 0.5338135455651905}, "datetime": {"datetime": "2024-01-20 15:55:22", "elapsed": 5475.869491, "delta": 0.005882}}
{"target": -13.497390542395317, "params": {"colsample_bytree": 0.8903930346488221, "eta": 0.07302823218014327, "gamma": 661.8273357742474, "max_depth": 7.0, "min_child_weight": 4669.923168167306, "num_boost_round": 1.0, "subsample": 0.9416337301329624}, "datetime": {"datetime": "2024-01-20 15:57:27", "elapsed": 5600.567058, "delta": 124.697567}}
{"target": -13.497426620990993, "params": {"colsample_bytree": 0.8903930346488221, "eta": 0.07302823218014327, "gamma": 661.8273357742474, "max_depth": 7.0, "min_child_weight": 4669.923168167306, "num_boost_round": 2.0, "subsample": 0.9416337301329624}, "datetime": {"datetime": "2024-01-20 15:57:27", "elapsed": 5600.573837, "delta": 0.006779}}
{"target": -13.497375393649722, "params": {"colsample_bytree": 0.8903930346488221, "eta": 0.07302823218014327, "gamma": 661.8273357742474, "max_depth": 7.0, "min_child_weight": 4669.923168167306, "num_boost_round": 3.0, "subsample": 0.9416337301329624}, "datetime": {"datetime": "2024-01-20 15:57:27", "elapsed": 5600.582124, "delta": 0.008287}}
{"target": -13.497633807283924, "params": {"colsample_bytree": 0.8903930346488221, "eta": 0.07302823218014327, "gamma": 661.8273357742474, "max_depth": 7.0, "min_child_weight": 4669.923168167306, "num_boost_round": 4.0, "subsample": 0.9416337301329624}, "datetime": {"datetime": "2024-01-20 15:57:27", "elapsed": 5600.589989, "delta": 0.007865}}
{"target": -13.497749795055178, "params": {"colsample_bytree": 0.8903930346488221, "eta": 0.07302823218014327, "gamma": 661.8273357742474, "max_depth": 7.0, "min_child_weight": 4669.923168167306, "num_boost_round": 5.0, "subsample": 0.9416337301329624}, "datetime": {"datetime": "2024-01-20 15:57:27", "elapsed": 5600.598298, "delta": 0.008309}}
{"target": -13.498040335071327, "params": {"colsample_bytree": 0.8903930346488221, "eta": 0.07302823218014327, "gamma": 661.8273357742474, "max_depth": 7.0, "min_child_weight": 4669.923168167306, "num_boost_round": 6.0, "subsample": 0.9416337301329624}, "datetime": {"datetime": "2024-01-20 15:57:27", "elapsed": 5600.604531, "delta": 0.006233}}
{"target": -13.498404175764634, "params": {"colsample_bytree": 0.8903930346488221, "eta": 0.07302823218014327, "gamma": 661.8273357742474, "max_depth": 7.0, "min_child_weight": 4669.923168167306, "num_boost_round": 7.0, "subsample": 0.9416337301329624}, "datetime": {"datetime": "2024-01-20 15:57:27", "elapsed": 5600.610169, "delta": 0.005638}}
{"target": -13.498523757111355, "params": {"colsample_bytree": 0.8903930346488221, "eta": 0.07302823218014327, "gamma": 661.8273357742474, "max_depth": 7.0, "min_child_weight": 4669.923168167306, "num_boost_round": 8.0, "subsample": 0.9416337301329624}, "datetime": {"datetime": "2024-01-20 15:57:27", "elapsed": 5600.615893, "delta": 0.005724}}
{"target": -13.499161395287109, "params": {"colsample_bytree": 0.8903930346488221, "eta": 0.07302823218014327, "gamma": 661.8273357742474, "max_depth": 7.0, "min_child_weight": 4669.923168167306, "num_boost_round": 9.0, "subsample": 0.9416337301329624}, "datetime": {"datetime": "2024-01-20 15:57:27", "elapsed": 5600.621469, "delta": 0.005576}}
