{"target": -13.507792955946243, "params": {"colsample_bytree": 0.14348277321048383, "eta": 0.09922562854209252, "gamma": 510.09901145542335, "max_depth": 9.0, "min_child_weight": 4556.448812788911, "num_boost_round": 43.0, "subsample": 0.9872560856623196}, "datetime": {"datetime": "2024-01-20 16:07:39", "elapsed": 6213.403862, "delta": 0.0102}}
{"target": -13.50799981377189, "params": {"colsample_bytree": 0.14348277321048383, "eta": 0.09922562854209252, "gamma": 510.09901145542335, "max_depth": 9.0, "min_child_weight": 4556.448812788911, "num_boost_round": 44.0, "subsample": 0.9872560856623196}, "datetime": {"datetime": "2024-01-20 16:07:39", "elapsed": 6213.409664, "delta": 0.005802}}
{"target": -13.508054357744872, "params": {"colsample_bytree": 0.14348277321048383, "eta": 0.09922562854209252, "gamma": 510.09901145542335, "max_depth": 9.0, "min_child_weight": 4556.448812788911, "num_boost_round": 45.0, "subsample": 0.9872560856623196}, "datetime": {"datetime": "2024-01-20 16:07:39", "elapsed": 6213.415567, "delta": 0.005903}}
{"target": -13.50843224440636, "params": {"colsample_bytree": 0.14348277321048383, "eta": 0.09922562854209252, "gamma": 510.09901145542335, "max_depth": 9.0, "min_child_weight": 4556.448812788911, "num_boost_round": 46.0, "subsample": 0.9872560856623196}, "datetime": {"datetime": "2024-01-20 16:07:39", "elapsed": 6213.421523, "delta": 0.005956}}
{"target": -13.508302618996407, "params": {"colsample_bytree": 0.14348277321048383, "eta": 0.09922562854209252, "gamma": 510.09901145542335, "max_depth": 9.0, "min_child_weight": 4556.448812788911, "num_boost_round": 47.0, "subsample": 0.9872560856623196}, "datetime": {"datetime": "2024-01-20 16:07:39", "elapsed": 6213.42737, "delta": 0.005847}}
{"target": -13.508437962635016, "params": {"colsample_bytree": 0.14348277321048383, "eta": 0.09922562854209252, "gamma": 510.09901145542335, "max_depth": 9.0, "min_child_weight": 4556.448812788911, "num_boost_round": 48.0, "subsample": 0.9872560856623196}, "datetime": {"datetime": "2024-01-20 16:07:39", "elapsed": 6213.43334, "delta": 0.00597}}
{"target": -13.508864764448179, "params": {"colsample_bytree": 0.14348277321048383, "eta": 0.09922562854209252, "gamma": 510.09901145542335, "max_depth": 9.0, "min_child_weight": 4556.448812788911, "num_boost_round": 49.0, "subsample": 0.9872560856623196}, "datetime": {"datetime": "2024-01-20 16:07:39", "elapsed": 6213.439206, "delta": 0.005866}}
{"target": -13.509220940364958, "params": {"colsample_bytree": 0.14348277321048383, "eta": 0.09922562854209252, "gamma": 510.09901145542335, "max_depth": 9.0, "min_child_weight": 4556.448812788911, "num_boost_round": 50.0, "subsample": 0.9872560856623196}, "datetime": {"datetime": "2024-01-20 16:07:40", "elapsed": 6213.445112, "delta": 0.005906}}
{"target": -13.509432799636816, "params": {"colsample_bytree": 0.14348277321048383, "eta": 0.09922562854209252, "gamma": 510.09901145542335, "max_depth": 9.0, "min_child_weight": 4556.448812788911, "num_boost_round": 51.0, "subsample": 0.9872560856623196}, "datetime": {"datetime": "2024-01-20 16:07:40", "elapsed": 6213.450988, "delta": 0.005876}}
{"target": -13.509897366403994, "params": {"colsample_bytree": 0.14348277321048383, "eta": 0.09922562854209252, "gamma": 510.09901145542335, "max_depth": 9.0, "min_child_weight": 4556.448812788911, "num_boost_round": 52.0, "subsample": 0.9872560856623196}, "datetime": {"datetime": "2024-01-20 16:07:40", "elapsed": 6213.456879, "delta": 0.005891}}
{"target": -13.510517969610596, "params": {"colsample_bytree": 0.14348277321048383, "eta": 0.09922562854209252, "gamma": 510.09901145542335, "max_depth": 9.0, "min_child_weight": 4556.448812788911, "num_boost_round": 53.0, "subsample": 0.9872560856623196}, "datetime": {"datetime": "2024-01-20 16:07:40", "elapsed": 6213.462747, "delta": 0.005868}}
{"target": -13.511042264000949, "params": {"colsample_bytree": 0.14348277321048383, "eta": 0.09922562854209252, "gamma": 510.09901145542335, "max_depth": 9.0, "min_child_weight": 4556.448812788911, "num_boost_round": 54.0, "subsample": 0.9872560856623196}, "datetime": {"datetime": "2024-01-20 16:07:40", "elapsed": 6213.468644, "delta": 0.005897}}
{"target": -13.51136637857497, "params": {"colsample_bytree": 0.14348277321048383, "eta": 0.09922562854209252, "gamma": 510.09901145542335, "max_depth": 9.0, "min_child_weight": 4556.448812788911, "num_boost_round": 55.0, "subsample": 0.9872560856623196}, "datetime": {"datetime": "2024-01-20 16:07:40", "elapsed": 6213.474529, "delta": 0.005885}}
{"target": -13.511649519374672, "params": {"colsample_bytree": 0.14348277321048383, "eta": 0.09922562854209252, "gamma": 510.09901145542335, "max_depth": 9.0, "min_child_weight": 4556.448812788911, "num_boost_round": 56.0, "subsample": 0.9872560856623196}, "datetime": {"datetime": "2024-01-20 16:07:40", "elapsed": 6213.48039, "delta": 0.005861}}
{"target": -13.512096482219086, "params": {"colsample_bytree": 0.14348277321048383, "eta": 0.09922562854209252, "gamma": 510.09901145542335, "max_depth": 9.0, "min_child_weight": 4556.448812788911, "num_boost_round": 57.0, "subsample": 0.9872560856623196}, "datetime": {"datetime": "2024-01-20 16:07:40", "elapsed": 6213.486264, "delta": 0.005874}}
{"target": -13.51216729754549, "params": {"colsample_bytree": 0.14348277321048383, "eta": 0.09922562854209252, "gamma": 510.09901145542335, "max_depth": 9.0, "min_child_weight": 4556.448812788911, "num_boost_round": 58.0, "subsample": 0.9872560856623196}, "datetime": {"datetime": "2024-01-20 16:07:40", "elapsed": 6213.492143, "delta": 0.005879}}
{"target": -13.497867474693491, "params": {"colsample_bytree": 0.24565082746117683, "eta": 0.02800817814667506, "gamma": 338.7525252944571, "max_depth": 3.0, "min_child_weight": 3924.5307853279173, "num_boost_round": 1.0, "subsample": 0.5207813954130633}, "datetime": {"datetime": "2024-01-20 16:09:34", "elapsed": 6328.074558, "delta": 114.582415}}
{"target": -13.4978160260066, "params": {"colsample_bytree": 0.24565082746117683, "eta": 0.02800817814667506, "gamma": 338.7525252944571, "max_depth": 3.0, "min_child_weight": 3924.5307853279173, "num_boost_round": 2.0, "subsample": 0.5207813954130633}, "datetime": {"datetime": "2024-01-20 16:09:34", "elapsed": 6328.081474, "delta": 0.006916}}
{"target": -13.497751434041813, "params": {"colsample_bytree": 0.24565082746117683, "eta": 0.02800817814667506, "gamma": 338.7525252944571, "max_depth": 3.0, "min_child_weight": 3924.5307853279173, "num_boost_round": 3.0, "subsample": 0.5207813954130633}, "datetime": {"datetime": "2024-01-20 16:09:34", "elapsed": 6328.090861, "delta": 0.009387}}
{"target": -13.497776720133615, "params": {"colsample_bytree": 0.24565082746117683, "eta": 0.02800817814667506, "gamma": 338.7525252944571, "max_depth": 3.0, "min_child_weight": 3924.5307853279173, "num_boost_round": 4.0, "subsample": 0.5207813954130633}, "datetime": {"datetime": "2024-01-20 16:09:34", "elapsed": 6328.100384, "delta": 0.009523}}
{"target": -13.49760060989064, "params": {"colsample_bytree": 0.24565082746117683, "eta": 0.02800817814667506, "gamma": 338.7525252944571, "max_depth": 3.0, "min_child_weight": 3924.5307853279173, "num_boost_round": 5.0, "subsample": 0.5207813954130633}, "datetime": {"datetime": "2024-01-20 16:09:34", "elapsed": 6328.107694, "delta": 0.00731}}
{"target": -13.497557816624107, "params": {"colsample_bytree": 0.24565082746117683, "eta": 0.02800817814667506, "gamma": 338.7525252944571, "max_depth": 3.0, "min_child_weight": 3924.5307853279173, "num_boost_round": 6.0, "subsample": 0.5207813954130633}, "datetime": {"datetime": "2024-01-20 16:09:34", "elapsed": 6328.113914, "delta": 0.00622}}
{"target": -13.497605584896712, "params": {"colsample_bytree": 0.24565082746117683, "eta": 0.02800817814667506, "gamma": 338.7525252944571, "max_depth": 3.0, "min_child_weight": 3924.5307853279173, "num_boost_round": 7.0, "subsample": 0.5207813954130633}, "datetime": {"datetime": "2024-01-20 16:09:34", "elapsed": 6328.120059, "delta": 0.006145}}
{"target": -13.497505877867457, "params": {"colsample_bytree": 0.24565082746117683, "eta": 0.02800817814667506, "gamma": 338.7525252944571, "max_depth": 3.0, "min_child_weight": 3924.5307853279173, "num_boost_round": 8.0, "subsample": 0.5207813954130633}, "datetime": {"datetime": "2024-01-20 16:09:34", "elapsed": 6328.126131, "delta": 0.006072}}
{"target": -13.49754193274779, "params": {"colsample_bytree": 0.24565082746117683, "eta": 0.02800817814667506, "gamma": 338.7525252944571, "max_depth": 3.0, "min_child_weight": 3924.5307853279173, "num_boost_round": 9.0, "subsample": 0.5207813954130633}, "datetime": {"datetime": "2024-01-20 16:09:34", "elapsed": 6328.132715, "delta": 0.006584}}
{"target": -13.497481996939797, "params": {"colsample_bytree": 0.24565082746117683, "eta": 0.02800817814667506, "gamma": 338.7525252944571, "max_depth": 3.0, "min_child_weight": 3924.5307853279173, "num_boost_round": 10.0, "subsample": 0.5207813954130633}, "datetime": {"datetime": "2024-01-20 16:09:34", "elapsed": 6328.138786, "delta": 0.006071}}
{"target": -13.497475640224385, "params": {"colsample_bytree": 0.24565082746117683, "eta": 0.02800817814667506, "gamma": 338.7525252944571, "max_depth": 3.0, "min_child_weight": 3924.5307853279173, "num_boost_round": 11.0, "subsample": 0.5207813954130633}, "datetime": {"datetime": "2024-01-20 16:09:34", "elapsed": 6328.144773, "delta": 0.005987}}
{"target": -13.497471215180855, "params": {"colsample_bytree": 0.24565082746117683, "eta": 0.02800817814667506, "gamma": 338.7525252944571, "max_depth": 3.0, "min_child_weight": 3924.5307853279173, "num_boost_round": 12.0, "subsample": 0.5207813954130633}, "datetime": {"datetime": "2024-01-20 16:09:34", "elapsed": 6328.150692, "delta": 0.005919}}
{"target": -13.497893612090444, "params": {"colsample_bytree": 0.16130798425663076, "eta": 0.0022261244550820214, "gamma": 430.6168118922021, "max_depth": 4.0, "min_child_weight": 4483.6042325578455, "num_boost_round": 1.0, "subsample": 0.15873963143274333}, "datetime": {"datetime": "2024-01-20 16:12:30", "elapsed": 6504.064005, "delta": 175.913313}}
{"target": -13.497864640266421, "params": {"colsample_bytree": 0.16130798425663076, "eta": 0.0022261244550820214, "gamma": 430.6168118922021, "max_depth": 4.0, "min_child_weight": 4483.6042325578455, "num_boost_round": 2.0, "subsample": 0.15873963143274333}, "datetime": {"datetime": "2024-01-20 16:12:30", "elapsed": 6504.071346, "delta": 0.007341}}
{"target": -13.497863833355362, "params": {"colsample_bytree": 0.16130798425663076, "eta": 0.0022261244550820214, "gamma": 430.6168118922021, "max_depth": 4.0, "min_child_weight": 4483.6042325578455, "num_boost_round": 3.0, "subsample": 0.15873963143274333}, "datetime": {"datetime": "2024-01-20 16:12:30", "elapsed": 6504.077202, "delta": 0.005856}}
{"target": -13.497855326066892, "params": {"colsample_bytree": 0.16130798425663076, "eta": 0.0022261244550820214, "gamma": 430.6168118922021, "max_depth": 4.0, "min_child_weight": 4483.6042325578455, "num_boost_round": 4.0, "subsample": 0.15873963143274333}, "datetime": {"datetime": "2024-01-20 16:12:30", "elapsed": 6504.083011, "delta": 0.005809}}
{"target": -13.49784161281299, "params": {"colsample_bytree": 0.16130798425663076, "eta": 0.0022261244550820214, "gamma": 430.6168118922021, "max_depth": 4.0, "min_child_weight": 4483.6042325578455, "num_boost_round": 5.0, "subsample": 0.15873963143274333}, "datetime": {"datetime": "2024-01-20 16:12:30", "elapsed": 6504.088775, "delta": 0.005764}}
{"target": -13.497841396059364, "params": {"colsample_bytree": 0.16130798425663076, "eta": 0.0022261244550820214, "gamma": 430.6168118922021, "max_depth": 4.0, "min_child_weight": 4483.6042325578455, "num_boost_round": 6.0, "subsample": 0.15873963143274333}, "datetime": {"datetime": "2024-01-20 16:12:30", "elapsed": 6504.094841, "delta": 0.006066}}
{"target": -13.497831670579345, "params": {"colsample_bytree": 0.16130798425663076, "eta": 0.0022261244550820214, "gamma": 430.6168118922021, "max_depth": 4.0, "min_child_weight": 4483.6042325578455, "num_boost_round": 7.0, "subsample": 0.15873963143274333}, "datetime": {"datetime": "2024-01-20 16:12:30", "elapsed": 6504.103087, "delta": 0.008246}}
{"target": -13.497814678777367, "params": {"colsample_bytree": 0.16130798425663076, "eta": 0.0022261244550820214, "gamma": 430.6168118922021, "max_depth": 4.0, "min_child_weight": 4483.6042325578455, "num_boost_round": 8.0, "subsample": 0.15873963143274333}, "datetime": {"datetime": "2024-01-20 16:12:30", "elapsed": 6504.111912, "delta": 0.008825}}
{"target": -13.49781205525501, "params": {"colsample_bytree": 0.16130798425663076, "eta": 0.0022261244550820214, "gamma": 430.6168118922021, "max_depth": 4.0, "min_child_weight": 4483.6042325578455, "num_boost_round": 9.0, "subsample": 0.15873963143274333}, "datetime": {"datetime": "2024-01-20 16:12:30", "elapsed": 6504.119103, "delta": 0.007191}}
{"target": -13.497803037039507, "params": {"colsample_bytree": 0.16130798425663076, "eta": 0.0022261244550820214, "gamma": 430.6168118922021, "max_depth": 4.0, "min_child_weight": 4483.6042325578455, "num_boost_round": 10.0, "subsample": 0.15873963143274333}, "datetime": {"datetime": "2024-01-20 16:12:30", "elapsed": 6504.12518, "delta": 0.006077}}
{"target": -13.497802272576259, "params": {"colsample_bytree": 0.16130798425663076, "eta": 0.0022261244550820214, "gamma": 430.6168118922021, "max_depth": 4.0, "min_child_weight": 4483.6042325578455, "num_boost_round": 11.0, "subsample": 0.15873963143274333}, "datetime": {"datetime": "2024-01-20 16:12:30", "elapsed": 6504.130992, "delta": 0.005812}}
{"target": -13.49780087559596, "params": {"colsample_bytree": 0.16130798425663076, "eta": 0.0022261244550820214, "gamma": 430.6168118922021, "max_depth": 4.0, "min_child_weight": 4483.6042325578455, "num_boost_round": 12.0, "subsample": 0.15873963143274333}, "datetime": {"datetime": "2024-01-20 16:12:30", "elapsed": 6504.137166, "delta": 0.006174}}
{"target": -13.497800532851294, "params": {"colsample_bytree": 0.16130798425663076, "eta": 0.0022261244550820214, "gamma": 430.6168118922021, "max_depth": 4.0, "min_child_weight": 4483.6042325578455, "num_boost_round": 13.0, "subsample": 0.15873963143274333}, "datetime": {"datetime": "2024-01-20 16:12:30", "elapsed": 6504.143142, "delta": 0.005976}}
{"target": -13.497797613325911, "params": {"colsample_bytree": 0.16130798425663076, "eta": 0.0022261244550820214, "gamma": 430.6168118922021, "max_depth": 4.0, "min_child_weight": 4483.6042325578455, "num_boost_round": 14.0, "subsample": 0.15873963143274333}, "datetime": {"datetime": "2024-01-20 16:12:30", "elapsed": 6504.149081, "delta": 0.005939}}
{"target": -13.497792650396077, "params": {"colsample_bytree": 0.16130798425663076, "eta": 0.0022261244550820214, "gamma": 430.6168118922021, "max_depth": 4.0, "min_child_weight": 4483.6042325578455, "num_boost_round": 15.0, "subsample": 0.15873963143274333}, "datetime": {"datetime": "2024-01-20 16:12:30", "elapsed": 6504.15498, "delta": 0.005899}}
{"target": -13.49778002030504, "params": {"colsample_bytree": 0.16130798425663076, "eta": 0.0022261244550820214, "gamma": 430.6168118922021, "max_depth": 4.0, "min_child_weight": 4483.6042325578455, "num_boost_round": 16.0, "subsample": 0.15873963143274333}, "datetime": {"datetime": "2024-01-20 16:12:30", "elapsed": 6504.160788, "delta": 0.005808}}
{"target": -13.497775728274377, "params": {"colsample_bytree": 0.16130798425663076, "eta": 0.0022261244550820214, "gamma": 430.6168118922021, "max_depth": 4.0, "min_child_weight": 4483.6042325578455, "num_boost_round": 17.0, "subsample": 0.15873963143274333}, "datetime": {"datetime": "2024-01-20 16:12:30", "elapsed": 6504.166598, "delta": 0.00581}}
{"target": -13.497761621143557, "params": {"colsample_bytree": 0.16130798425663076, "eta": 0.0022261244550820214, "gamma": 430.6168118922021, "max_depth": 4.0, "min_child_weight": 4483.6042325578455, "num_boost_round": 18.0, "subsample": 0.15873963143274333}, "datetime": {"datetime": "2024-01-20 16:12:30", "elapsed": 6504.172567, "delta": 0.005969}}
{"target": -13.497738896089375, "params": {"colsample_bytree": 0.16130798425663076, "eta": 0.0022261244550820214, "gamma": 430.6168118922021, "max_depth": 4.0, "min_child_weight": 4483.6042325578455, "num_boost_round": 19.0, "subsample": 0.15873963143274333}, "datetime": {"datetime": "2024-01-20 16:12:30", "elapsed": 6504.178602, "delta": 0.006035}}
{"target": -13.497724487702701, "params": {"colsample_bytree": 0.16130798425663076, "eta": 0.0022261244550820214, "gamma": 430.6168118922021, "max_depth": 4.0, "min_child_weight": 4483.6042325578455, "num_boost_round": 20.0, "subsample": 0.15873963143274333}, "datetime": {"datetime": "2024-01-20 16:12:30", "elapsed": 6504.184427, "delta": 0.005825}}
{"target": -13.497720320895631, "params": {"colsample_bytree": 0.16130798425663076, "eta": 0.0022261244550820214, "gamma": 430.6168118922021, "max_depth": 4.0, "min_child_weight": 4483.6042325578455, "num_boost_round": 21.0, "subsample": 0.15873963143274333}, "datetime": {"datetime": "2024-01-20 16:12:30", "elapsed": 6504.190229, "delta": 0.005802}}
{"target": -13.49771277734008, "params": {"colsample_bytree": 0.16130798425663076, "eta": 0.0022261244550820214, "gamma": 430.6168118922021, "max_depth": 4.0, "min_child_weight": 4483.6042325578455, "num_boost_round": 22.0, "subsample": 0.15873963143274333}, "datetime": {"datetime": "2024-01-20 16:12:30", "elapsed": 6504.196195, "delta": 0.005966}}
{"target": -13.49770180816368, "params": {"colsample_bytree": 0.16130798425663076, "eta": 0.0022261244550820214, "gamma": 430.6168118922021, "max_depth": 4.0, "min_child_weight": 4483.6042325578455, "num_boost_round": 23.0, "subsample": 0.15873963143274333}, "datetime": {"datetime": "2024-01-20 16:12:30", "elapsed": 6504.202019, "delta": 0.005824}}
{"target": -13.497565480600196, "params": {"colsample_bytree": 0.9396839573328931, "eta": 0.06875225058597949, "gamma": 422.76717167905565, "max_depth": 6.0, "min_child_weight": 4551.158567442413, "num_boost_round": 1.0, "subsample": 0.8702716898936262}, "datetime": {"datetime": "2024-01-20 16:14:28", "elapsed": 6622.343742, "delta": 118.141723}}
{"target": -13.497534478681388, "params": {"colsample_bytree": 0.9396839573328931, "eta": 0.06875225058597949, "gamma": 422.76717167905565, "max_depth": 6.0, "min_child_weight": 4551.158567442413, "num_boost_round": 2.0, "subsample": 0.8702716898936262}, "datetime": {"datetime": "2024-01-20 16:14:28", "elapsed": 6622.351695, "delta": 0.007953}}
{"target": -13.49750021578566, "params": {"colsample_bytree": 0.9396839573328931, "eta": 0.06875225058597949, "gamma": 422.76717167905565, "max_depth": 6.0, "min_child_weight": 4551.158567442413, "num_boost_round": 3.0, "subsample": 0.8702716898936262}, "datetime": {"datetime": "2024-01-20 16:14:29", "elapsed": 6622.663488, "delta": 0.311793}}
{"target": -13.497746510693274, "params": {"colsample_bytree": 0.9396839573328931, "eta": 0.06875225058597949, "gamma": 422.76717167905565, "max_depth": 6.0, "min_child_weight": 4551.158567442413, "num_boost_round": 4.0, "subsample": 0.8702716898936262}, "datetime": {"datetime": "2024-01-20 16:14:29", "elapsed": 6622.671267, "delta": 0.007779}}
{"target": -13.497716654168523, "params": {"colsample_bytree": 0.9396839573328931, "eta": 0.06875225058597949, "gamma": 422.76717167905565, "max_depth": 6.0, "min_child_weight": 4551.158567442413, "num_boost_round": 5.0, "subsample": 0.8702716898936262}, "datetime": {"datetime": "2024-01-20 16:14:29", "elapsed": 6622.677448, "delta": 0.006181}}
{"target": -13.497648320920206, "params": {"colsample_bytree": 0.9396839573328931, "eta": 0.06875225058597949, "gamma": 422.76717167905565, "max_depth": 6.0, "min_child_weight": 4551.158567442413, "num_boost_round": 6.0, "subsample": 0.8702716898936262}, "datetime": {"datetime": "2024-01-20 16:14:29", "elapsed": 6622.683419, "delta": 0.005971}}
{"target": -13.498097156107892, "params": {"colsample_bytree": 0.9396839573328931, "eta": 0.06875225058597949, "gamma": 422.76717167905565, "max_depth": 6.0, "min_child_weight": 4551.158567442413, "num_boost_round": 7.0, "subsample": 0.8702716898936262}, "datetime": {"datetime": "2024-01-20 16:14:29", "elapsed": 6622.689305, "delta": 0.005886}}
{"target": -13.498374067463796, "params": {"colsample_bytree": 0.9396839573328931, "eta": 0.06875225058597949, "gamma": 422.76717167905565, "max_depth": 6.0, "min_child_weight": 4551.158567442413, "num_boost_round": 8.0, "subsample": 0.8702716898936262}, "datetime": {"datetime": "2024-01-20 16:14:29", "elapsed": 6622.69515, "delta": 0.005845}}
{"target": -13.498976753703623, "params": {"colsample_bytree": 0.9396839573328931, "eta": 0.06875225058597949, "gamma": 422.76717167905565, "max_depth": 6.0, "min_child_weight": 4551.158567442413, "num_boost_round": 9.0, "subsample": 0.8702716898936262}, "datetime": {"datetime": "2024-01-20 16:14:29", "elapsed": 6622.701086, "delta": 0.005936}}
{"target": -13.499171304639095, "params": {"colsample_bytree": 0.9396839573328931, "eta": 0.06875225058597949, "gamma": 422.76717167905565, "max_depth": 6.0, "min_child_weight": 4551.158567442413, "num_boost_round": 10.0, "subsample": 0.8702716898936262}, "datetime": {"datetime": "2024-01-20 16:14:29", "elapsed": 6622.706997, "delta": 0.005911}}
{"target": -13.49943494574861, "params": {"colsample_bytree": 0.9396839573328931, "eta": 0.06875225058597949, "gamma": 422.76717167905565, "max_depth": 6.0, "min_child_weight": 4551.158567442413, "num_boost_round": 11.0, "subsample": 0.8702716898936262}, "datetime": {"datetime": "2024-01-20 16:14:29", "elapsed": 6622.712943, "delta": 0.005946}}
{"target": -13.49982694664901, "params": {"colsample_bytree": 0.9396839573328931, "eta": 0.06875225058597949, "gamma": 422.76717167905565, "max_depth": 6.0, "min_child_weight": 4551.158567442413, "num_boost_round": 12.0, "subsample": 0.8702716898936262}, "datetime": {"datetime": "2024-01-20 16:14:29", "elapsed": 6622.71883, "delta": 0.005887}}
