{"target": -10.475667750753072, "params": {"colsample_bytree": 0.8085605861209649, "eta": 0.00902300200484781, "gamma": 946.5215125012616, "max_depth": 5.0, "min_child_weight": 2047.6865559376272, "num_boost_round": 12.0, "subsample": 0.7114617596684502}, "datetime": {"datetime": "2024-01-20 14:14:11", "elapsed": 2943.521735, "delta": 0.003136}}
{"target": -10.47562573021322, "params": {"colsample_bytree": 0.8085605861209649, "eta": 0.00902300200484781, "gamma": 946.5215125012616, "max_depth": 5.0, "min_child_weight": 2047.6865559376272, "num_boost_round": 13.0, "subsample": 0.7114617596684502}, "datetime": {"datetime": "2024-01-20 14:14:11", "elapsed": 2943.52503, "delta": 0.003295}}
{"target": -10.475627145037691, "params": {"colsample_bytree": 0.8085605861209649, "eta": 0.00902300200484781, "gamma": 946.5215125012616, "max_depth": 5.0, "min_child_weight": 2047.6865559376272, "num_boost_round": 14.0, "subsample": 0.7114617596684502}, "datetime": {"datetime": "2024-01-20 14:14:11", "elapsed": 2943.528258, "delta": 0.003228}}
{"target": -10.475628810654623, "params": {"colsample_bytree": 0.8085605861209649, "eta": 0.00902300200484781, "gamma": 946.5215125012616, "max_depth": 5.0, "min_child_weight": 2047.6865559376272, "num_boost_round": 15.0, "subsample": 0.7114617596684502}, "datetime": {"datetime": "2024-01-20 14:14:11", "elapsed": 2943.531471, "delta": 0.003213}}
{"target": -10.475659993763884, "params": {"colsample_bytree": 0.8085605861209649, "eta": 0.00902300200484781, "gamma": 946.5215125012616, "max_depth": 5.0, "min_child_weight": 2047.6865559376272, "num_boost_round": 16.0, "subsample": 0.7114617596684502}, "datetime": {"datetime": "2024-01-20 14:14:11", "elapsed": 2943.534713, "delta": 0.003242}}
{"target": -10.475705323102371, "params": {"colsample_bytree": 0.8085605861209649, "eta": 0.00902300200484781, "gamma": 946.5215125012616, "max_depth": 5.0, "min_child_weight": 2047.6865559376272, "num_boost_round": 17.0, "subsample": 0.7114617596684502}, "datetime": {"datetime": "2024-01-20 14:14:11", "elapsed": 2943.537928, "delta": 0.003215}}
{"target": -10.475667905041398, "params": {"colsample_bytree": 0.8085605861209649, "eta": 0.00902300200484781, "gamma": 946.5215125012616, "max_depth": 5.0, "min_child_weight": 2047.6865559376272, "num_boost_round": 18.0, "subsample": 0.7114617596684502}, "datetime": {"datetime": "2024-01-20 14:14:11", "elapsed": 2943.541146, "delta": 0.003218}}
{"target": -10.475614172349967, "params": {"colsample_bytree": 0.8085605861209649, "eta": 0.00902300200484781, "gamma": 946.5215125012616, "max_depth": 5.0, "min_child_weight": 2047.6865559376272, "num_boost_round": 19.0, "subsample": 0.7114617596684502}, "datetime": {"datetime": "2024-01-20 14:14:11", "elapsed": 2943.544363, "delta": 0.003217}}
{"target": -10.475625796469217, "params": {"colsample_bytree": 0.8085605861209649, "eta": 0.00902300200484781, "gamma": 946.5215125012616, "max_depth": 5.0, "min_child_weight": 2047.6865559376272, "num_boost_round": 20.0, "subsample": 0.7114617596684502}, "datetime": {"datetime": "2024-01-20 14:14:11", "elapsed": 2943.547575, "delta": 0.003212}}
{"target": -10.475698334416329, "params": {"colsample_bytree": 0.8085605861209649, "eta": 0.00902300200484781, "gamma": 946.5215125012616, "max_depth": 5.0, "min_child_weight": 2047.6865559376272, "num_boost_round": 21.0, "subsample": 0.7114617596684502}, "datetime": {"datetime": "2024-01-20 14:14:11", "elapsed": 2943.550791, "delta": 0.003216}}
{"target": -10.475699452302955, "params": {"colsample_bytree": 0.8085605861209649, "eta": 0.00902300200484781, "gamma": 946.5215125012616, "max_depth": 5.0, "min_child_weight": 2047.6865559376272, "num_boost_round": 22.0, "subsample": 0.7114617596684502}, "datetime": {"datetime": "2024-01-20 14:14:11", "elapsed": 2943.55399, "delta": 0.003199}}
{"target": -10.475749460092656, "params": {"colsample_bytree": 0.8085605861209649, "eta": 0.00902300200484781, "gamma": 946.5215125012616, "max_depth": 5.0, "min_child_weight": 2047.6865559376272, "num_boost_round": 23.0, "subsample": 0.7114617596684502}, "datetime": {"datetime": "2024-01-20 14:14:11", "elapsed": 2943.557202, "delta": 0.003212}}
{"target": -10.475774952358496, "params": {"colsample_bytree": 0.8085605861209649, "eta": 0.00902300200484781, "gamma": 946.5215125012616, "max_depth": 5.0, "min_child_weight": 2047.6865559376272, "num_boost_round": 24.0, "subsample": 0.7114617596684502}, "datetime": {"datetime": "2024-01-20 14:14:11", "elapsed": 2943.560467, "delta": 0.003265}}
{"target": -10.475848478105545, "params": {"colsample_bytree": 0.8085605861209649, "eta": 0.00902300200484781, "gamma": 946.5215125012616, "max_depth": 5.0, "min_child_weight": 2047.6865559376272, "num_boost_round": 25.0, "subsample": 0.7114617596684502}, "datetime": {"datetime": "2024-01-20 14:14:11", "elapsed": 2943.563696, "delta": 0.003229}}
{"target": -10.47589318518554, "params": {"colsample_bytree": 0.8085605861209649, "eta": 0.00902300200484781, "gamma": 946.5215125012616, "max_depth": 5.0, "min_child_weight": 2047.6865559376272, "num_boost_round": 26.0, "subsample": 0.7114617596684502}, "datetime": {"datetime": "2024-01-20 14:14:11", "elapsed": 2943.566914, "delta": 0.003218}}
{"target": -10.47595413232722, "params": {"colsample_bytree": 0.8085605861209649, "eta": 0.00902300200484781, "gamma": 946.5215125012616, "max_depth": 5.0, "min_child_weight": 2047.6865559376272, "num_boost_round": 27.0, "subsample": 0.7114617596684502}, "datetime": {"datetime": "2024-01-20 14:14:11", "elapsed": 2943.570126, "delta": 0.003212}}
{"target": -10.476010867989576, "params": {"colsample_bytree": 0.8085605861209649, "eta": 0.00902300200484781, "gamma": 946.5215125012616, "max_depth": 5.0, "min_child_weight": 2047.6865559376272, "num_boost_round": 28.0, "subsample": 0.7114617596684502}, "datetime": {"datetime": "2024-01-20 14:14:11", "elapsed": 2943.573314, "delta": 0.003188}}
{"target": -10.476087835441849, "params": {"colsample_bytree": 0.8085605861209649, "eta": 0.00902300200484781, "gamma": 946.5215125012616, "max_depth": 5.0, "min_child_weight": 2047.6865559376272, "num_boost_round": 29.0, "subsample": 0.7114617596684502}, "datetime": {"datetime": "2024-01-20 14:14:11", "elapsed": 2943.576491, "delta": 0.003177}}
{"target": -10.476129601501228, "params": {"colsample_bytree": 0.8085605861209649, "eta": 0.00902300200484781, "gamma": 946.5215125012616, "max_depth": 5.0, "min_child_weight": 2047.6865559376272, "num_boost_round": 30.0, "subsample": 0.7114617596684502}, "datetime": {"datetime": "2024-01-20 14:14:11", "elapsed": 2943.579721, "delta": 0.00323}}
{"target": -10.47606667939627, "params": {"colsample_bytree": 0.581376083128858, "eta": 0.014763266955926505, "gamma": 955.3035241686626, "max_depth": 3.0, "min_child_weight": 1976.2121153901178, "num_boost_round": 1.0, "subsample": 0.2536742495176959}, "datetime": {"datetime": "2024-01-20 14:14:50", "elapsed": 2982.181784, "delta": 38.602063}}
{"target": -10.47588650646119, "params": {"colsample_bytree": 0.581376083128858, "eta": 0.014763266955926505, "gamma": 955.3035241686626, "max_depth": 3.0, "min_child_weight": 1976.2121153901178, "num_boost_round": 2.0, "subsample": 0.2536742495176959}, "datetime": {"datetime": "2024-01-20 14:14:50", "elapsed": 2982.185761, "delta": 0.003977}}
{"target": -10.475838614532417, "params": {"colsample_bytree": 0.581376083128858, "eta": 0.014763266955926505, "gamma": 955.3035241686626, "max_depth": 3.0, "min_child_weight": 1976.2121153901178, "num_boost_round": 3.0, "subsample": 0.2536742495176959}, "datetime": {"datetime": "2024-01-20 14:14:50", "elapsed": 2982.189284, "delta": 0.003523}}
{"target": -10.475714684556172, "params": {"colsample_bytree": 0.581376083128858, "eta": 0.014763266955926505, "gamma": 955.3035241686626, "max_depth": 3.0, "min_child_weight": 1976.2121153901178, "num_boost_round": 4.0, "subsample": 0.2536742495176959}, "datetime": {"datetime": "2024-01-20 14:14:50", "elapsed": 2982.192567, "delta": 0.003283}}
{"target": -10.47561867517082, "params": {"colsample_bytree": 0.581376083128858, "eta": 0.014763266955926505, "gamma": 955.3035241686626, "max_depth": 3.0, "min_child_weight": 1976.2121153901178, "num_boost_round": 5.0, "subsample": 0.2536742495176959}, "datetime": {"datetime": "2024-01-20 14:14:50", "elapsed": 2982.195806, "delta": 0.003239}}
{"target": -10.475620549161517, "params": {"colsample_bytree": 0.581376083128858, "eta": 0.014763266955926505, "gamma": 955.3035241686626, "max_depth": 3.0, "min_child_weight": 1976.2121153901178, "num_boost_round": 6.0, "subsample": 0.2536742495176959}, "datetime": {"datetime": "2024-01-20 14:14:50", "elapsed": 2982.199179, "delta": 0.003373}}
{"target": -10.475547442532719, "params": {"colsample_bytree": 0.581376083128858, "eta": 0.014763266955926505, "gamma": 955.3035241686626, "max_depth": 3.0, "min_child_weight": 1976.2121153901178, "num_boost_round": 7.0, "subsample": 0.2536742495176959}, "datetime": {"datetime": "2024-01-20 14:14:50", "elapsed": 2982.202435, "delta": 0.003256}}
{"target": -10.475421025114356, "params": {"colsample_bytree": 0.581376083128858, "eta": 0.014763266955926505, "gamma": 955.3035241686626, "max_depth": 3.0, "min_child_weight": 1976.2121153901178, "num_boost_round": 8.0, "subsample": 0.2536742495176959}, "datetime": {"datetime": "2024-01-20 14:14:50", "elapsed": 2982.205694, "delta": 0.003259}}
{"target": -10.475381253371573, "params": {"colsample_bytree": 0.581376083128858, "eta": 0.014763266955926505, "gamma": 955.3035241686626, "max_depth": 3.0, "min_child_weight": 1976.2121153901178, "num_boost_round": 9.0, "subsample": 0.2536742495176959}, "datetime": {"datetime": "2024-01-20 14:14:50", "elapsed": 2982.208979, "delta": 0.003285}}
{"target": -10.47527587753877, "params": {"colsample_bytree": 0.581376083128858, "eta": 0.014763266955926505, "gamma": 955.3035241686626, "max_depth": 3.0, "min_child_weight": 1976.2121153901178, "num_boost_round": 10.0, "subsample": 0.2536742495176959}, "datetime": {"datetime": "2024-01-20 14:14:50", "elapsed": 2982.212347, "delta": 0.003368}}
{"target": -10.47526468451756, "params": {"colsample_bytree": 0.581376083128858, "eta": 0.014763266955926505, "gamma": 955.3035241686626, "max_depth": 3.0, "min_child_weight": 1976.2121153901178, "num_boost_round": 11.0, "subsample": 0.2536742495176959}, "datetime": {"datetime": "2024-01-20 14:14:50", "elapsed": 2982.215622, "delta": 0.003275}}
{"target": -10.475248514689369, "params": {"colsample_bytree": 0.581376083128858, "eta": 0.014763266955926505, "gamma": 955.3035241686626, "max_depth": 3.0, "min_child_weight": 1976.2121153901178, "num_boost_round": 12.0, "subsample": 0.2536742495176959}, "datetime": {"datetime": "2024-01-20 14:14:50", "elapsed": 2982.218979, "delta": 0.003357}}
{"target": -10.475305889635099, "params": {"colsample_bytree": 0.581376083128858, "eta": 0.014763266955926505, "gamma": 955.3035241686626, "max_depth": 3.0, "min_child_weight": 1976.2121153901178, "num_boost_round": 13.0, "subsample": 0.2536742495176959}, "datetime": {"datetime": "2024-01-20 14:14:50", "elapsed": 2982.222247, "delta": 0.003268}}
{"target": -10.475239409531778, "params": {"colsample_bytree": 0.581376083128858, "eta": 0.014763266955926505, "gamma": 955.3035241686626, "max_depth": 3.0, "min_child_weight": 1976.2121153901178, "num_boost_round": 14.0, "subsample": 0.2536742495176959}, "datetime": {"datetime": "2024-01-20 14:14:50", "elapsed": 2982.225456, "delta": 0.003209}}
{"target": -10.475168928841486, "params": {"colsample_bytree": 0.581376083128858, "eta": 0.014763266955926505, "gamma": 955.3035241686626, "max_depth": 3.0, "min_child_weight": 1976.2121153901178, "num_boost_round": 15.0, "subsample": 0.2536742495176959}, "datetime": {"datetime": "2024-01-20 14:14:50", "elapsed": 2982.228679, "delta": 0.003223}}
{"target": -10.475160240404687, "params": {"colsample_bytree": 0.581376083128858, "eta": 0.014763266955926505, "gamma": 955.3035241686626, "max_depth": 3.0, "min_child_weight": 1976.2121153901178, "num_boost_round": 16.0, "subsample": 0.2536742495176959}, "datetime": {"datetime": "2024-01-20 14:14:50", "elapsed": 2982.231965, "delta": 0.003286}}
{"target": -10.475132607980793, "params": {"colsample_bytree": 0.581376083128858, "eta": 0.014763266955926505, "gamma": 955.3035241686626, "max_depth": 3.0, "min_child_weight": 1976.2121153901178, "num_boost_round": 17.0, "subsample": 0.2536742495176959}, "datetime": {"datetime": "2024-01-20 14:14:50", "elapsed": 2982.235195, "delta": 0.00323}}
{"target": -10.475112424559052, "params": {"colsample_bytree": 0.581376083128858, "eta": 0.014763266955926505, "gamma": 955.3035241686626, "max_depth": 3.0, "min_child_weight": 1976.2121153901178, "num_boost_round": 18.0, "subsample": 0.2536742495176959}, "datetime": {"datetime": "2024-01-20 14:14:50", "elapsed": 2982.238531, "delta": 0.003336}}
{"target": -10.475004960460893, "params": {"colsample_bytree": 0.581376083128858, "eta": 0.014763266955926505, "gamma": 955.3035241686626, "max_depth": 3.0, "min_child_weight": 1976.2121153901178, "num_boost_round": 19.0, "subsample": 0.2536742495176959}, "datetime": {"datetime": "2024-01-20 14:14:50", "elapsed": 2982.241774, "delta": 0.003243}}
{"target": -10.474950711256364, "params": {"colsample_bytree": 0.581376083128858, "eta": 0.014763266955926505, "gamma": 955.3035241686626, "max_depth": 3.0, "min_child_weight": 1976.2121153901178, "num_boost_round": 20.0, "subsample": 0.2536742495176959}, "datetime": {"datetime": "2024-01-20 14:14:50", "elapsed": 2982.244985, "delta": 0.003211}}
{"target": -10.47492652975191, "params": {"colsample_bytree": 0.581376083128858, "eta": 0.014763266955926505, "gamma": 955.3035241686626, "max_depth": 3.0, "min_child_weight": 1976.2121153901178, "num_boost_round": 21.0, "subsample": 0.2536742495176959}, "datetime": {"datetime": "2024-01-20 14:14:50", "elapsed": 2982.249075, "delta": 0.00409}}
{"target": -10.47557823803362, "params": {"colsample_bytree": 0.35601145901616027, "eta": 0.039656466277449925, "gamma": 894.3802155659702, "max_depth": 9.0, "min_child_weight": 1993.8082435736242, "num_boost_round": 1.0, "subsample": 0.5362743527255595}, "datetime": {"datetime": "2024-01-20 14:15:39", "elapsed": 3031.489003, "delta": 49.239928}}
{"target": -10.475435759286459, "params": {"colsample_bytree": 0.35601145901616027, "eta": 0.039656466277449925, "gamma": 894.3802155659702, "max_depth": 9.0, "min_child_weight": 1993.8082435736242, "num_boost_round": 2.0, "subsample": 0.5362743527255595}, "datetime": {"datetime": "2024-01-20 14:15:39", "elapsed": 3031.493225, "delta": 0.004222}}
{"target": -10.47551666646605, "params": {"colsample_bytree": 0.35601145901616027, "eta": 0.039656466277449925, "gamma": 894.3802155659702, "max_depth": 9.0, "min_child_weight": 1993.8082435736242, "num_boost_round": 3.0, "subsample": 0.5362743527255595}, "datetime": {"datetime": "2024-01-20 14:15:39", "elapsed": 3031.496573, "delta": 0.003348}}
{"target": -10.475342062482943, "params": {"colsample_bytree": 0.35601145901616027, "eta": 0.039656466277449925, "gamma": 894.3802155659702, "max_depth": 9.0, "min_child_weight": 1993.8082435736242, "num_boost_round": 4.0, "subsample": 0.5362743527255595}, "datetime": {"datetime": "2024-01-20 14:15:39", "elapsed": 3031.499844, "delta": 0.003271}}
{"target": -10.474951957874076, "params": {"colsample_bytree": 0.35601145901616027, "eta": 0.039656466277449925, "gamma": 894.3802155659702, "max_depth": 9.0, "min_child_weight": 1993.8082435736242, "num_boost_round": 5.0, "subsample": 0.5362743527255595}, "datetime": {"datetime": "2024-01-20 14:15:39", "elapsed": 3031.50309, "delta": 0.003246}}
{"target": -10.474910237425394, "params": {"colsample_bytree": 0.35601145901616027, "eta": 0.039656466277449925, "gamma": 894.3802155659702, "max_depth": 9.0, "min_child_weight": 1993.8082435736242, "num_boost_round": 6.0, "subsample": 0.5362743527255595}, "datetime": {"datetime": "2024-01-20 14:15:39", "elapsed": 3031.506238, "delta": 0.003148}}
{"target": -10.474498373081046, "params": {"colsample_bytree": 0.35601145901616027, "eta": 0.039656466277449925, "gamma": 894.3802155659702, "max_depth": 9.0, "min_child_weight": 1993.8082435736242, "num_boost_round": 7.0, "subsample": 0.5362743527255595}, "datetime": {"datetime": "2024-01-20 14:15:39", "elapsed": 3031.50945, "delta": 0.003212}}
{"target": -10.474288806748469, "params": {"colsample_bytree": 0.35601145901616027, "eta": 0.039656466277449925, "gamma": 894.3802155659702, "max_depth": 9.0, "min_child_weight": 1993.8082435736242, "num_boost_round": 8.0, "subsample": 0.5362743527255595}, "datetime": {"datetime": "2024-01-20 14:15:39", "elapsed": 3031.512754, "delta": 0.003304}}
{"target": -10.474301961513468, "params": {"colsample_bytree": 0.35601145901616027, "eta": 0.039656466277449925, "gamma": 894.3802155659702, "max_depth": 9.0, "min_child_weight": 1993.8082435736242, "num_boost_round": 9.0, "subsample": 0.5362743527255595}, "datetime": {"datetime": "2024-01-20 14:15:39", "elapsed": 3031.516149, "delta": 0.003395}}
{"target": -10.474622263604632, "params": {"colsample_bytree": 0.35601145901616027, "eta": 0.039656466277449925, "gamma": 894.3802155659702, "max_depth": 9.0, "min_child_weight": 1993.8082435736242, "num_boost_round": 10.0, "subsample": 0.5362743527255595}, "datetime": {"datetime": "2024-01-20 14:15:39", "elapsed": 3031.51945, "delta": 0.003301}}
{"target": -10.474856224410573, "params": {"colsample_bytree": 0.35601145901616027, "eta": 0.039656466277449925, "gamma": 894.3802155659702, "max_depth": 9.0, "min_child_weight": 1993.8082435736242, "num_boost_round": 11.0, "subsample": 0.5362743527255595}, "datetime": {"datetime": "2024-01-20 14:15:39", "elapsed": 3031.522728, "delta": 0.003278}}
{"target": -10.474929025064744, "params": {"colsample_bytree": 0.35601145901616027, "eta": 0.039656466277449925, "gamma": 894.3802155659702, "max_depth": 9.0, "min_child_weight": 1993.8082435736242, "num_boost_round": 12.0, "subsample": 0.5362743527255595}, "datetime": {"datetime": "2024-01-20 14:15:39", "elapsed": 3031.525927, "delta": 0.003199}}
{"target": -10.474847852125508, "params": {"colsample_bytree": 0.35601145901616027, "eta": 0.039656466277449925, "gamma": 894.3802155659702, "max_depth": 9.0, "min_child_weight": 1993.8082435736242, "num_boost_round": 13.0, "subsample": 0.5362743527255595}, "datetime": {"datetime": "2024-01-20 14:15:39", "elapsed": 3031.529205, "delta": 0.003278}}
{"target": -10.474930129810037, "params": {"colsample_bytree": 0.35601145901616027, "eta": 0.039656466277449925, "gamma": 894.3802155659702, "max_depth": 9.0, "min_child_weight": 1993.8082435736242, "num_boost_round": 14.0, "subsample": 0.5362743527255595}, "datetime": {"datetime": "2024-01-20 14:15:39", "elapsed": 3031.532396, "delta": 0.003191}}
{"target": -10.475156717429286, "params": {"colsample_bytree": 0.35601145901616027, "eta": 0.039656466277449925, "gamma": 894.3802155659702, "max_depth": 9.0, "min_child_weight": 1993.8082435736242, "num_boost_round": 15.0, "subsample": 0.5362743527255595}, "datetime": {"datetime": "2024-01-20 14:15:39", "elapsed": 3031.535653, "delta": 0.003257}}
{"target": -10.475347867553362, "params": {"colsample_bytree": 0.35601145901616027, "eta": 0.039656466277449925, "gamma": 894.3802155659702, "max_depth": 9.0, "min_child_weight": 1993.8082435736242, "num_boost_round": 16.0, "subsample": 0.5362743527255595}, "datetime": {"datetime": "2024-01-20 14:15:39", "elapsed": 3031.538899, "delta": 0.003246}}
{"target": -10.475576056079914, "params": {"colsample_bytree": 0.35601145901616027, "eta": 0.039656466277449925, "gamma": 894.3802155659702, "max_depth": 9.0, "min_child_weight": 1993.8082435736242, "num_boost_round": 17.0, "subsample": 0.5362743527255595}, "datetime": {"datetime": "2024-01-20 14:15:39", "elapsed": 3031.542202, "delta": 0.003303}}
{"target": -10.475547790413856, "params": {"colsample_bytree": 0.35601145901616027, "eta": 0.039656466277449925, "gamma": 894.3802155659702, "max_depth": 9.0, "min_child_weight": 1993.8082435736242, "num_boost_round": 18.0, "subsample": 0.5362743527255595}, "datetime": {"datetime": "2024-01-20 14:15:39", "elapsed": 3031.545421, "delta": 0.003219}}
{"target": -10.475730500901356, "params": {"colsample_bytree": 0.35601145901616027, "eta": 0.039656466277449925, "gamma": 894.3802155659702, "max_depth": 9.0, "min_child_weight": 1993.8082435736242, "num_boost_round": 19.0, "subsample": 0.5362743527255595}, "datetime": {"datetime": "2024-01-20 14:15:39", "elapsed": 3031.548728, "delta": 0.003307}}
{"target": -10.475802776365553, "params": {"colsample_bytree": 0.35601145901616027, "eta": 0.039656466277449925, "gamma": 894.3802155659702, "max_depth": 9.0, "min_child_weight": 1993.8082435736242, "num_boost_round": 20.0, "subsample": 0.5362743527255595}, "datetime": {"datetime": "2024-01-20 14:15:39", "elapsed": 3031.551895, "delta": 0.003167}}
{"target": -10.47620267336577, "params": {"colsample_bytree": 0.35601145901616027, "eta": 0.039656466277449925, "gamma": 894.3802155659702, "max_depth": 9.0, "min_child_weight": 1993.8082435736242, "num_boost_round": 21.0, "subsample": 0.5362743527255595}, "datetime": {"datetime": "2024-01-20 14:15:39", "elapsed": 3031.555183, "delta": 0.003288}}
{"target": -10.47635322212939, "params": {"colsample_bytree": 0.35601145901616027, "eta": 0.039656466277449925, "gamma": 894.3802155659702, "max_depth": 9.0, "min_child_weight": 1993.8082435736242, "num_boost_round": 22.0, "subsample": 0.5362743527255595}, "datetime": {"datetime": "2024-01-20 14:15:39", "elapsed": 3031.558377, "delta": 0.003194}}
{"target": -10.476689834808766, "params": {"colsample_bytree": 0.35601145901616027, "eta": 0.039656466277449925, "gamma": 894.3802155659702, "max_depth": 9.0, "min_child_weight": 1993.8082435736242, "num_boost_round": 23.0, "subsample": 0.5362743527255595}, "datetime": {"datetime": "2024-01-20 14:15:39", "elapsed": 3031.561644, "delta": 0.003267}}
