{"target": -19.14370165442618, "params": {"colsample_bytree": 0.33917312062870636, "eta": 0.04819385281853192, "gamma": 737.3559046612148, "max_depth": 9.0, "min_child_weight": 4181.156485090888, "num_boost_round": 1.0, "subsample": 0.9159516525931711}, "datetime": {"datetime": "2024-01-20 14:41:27", "elapsed": 1055.219029, "delta": 22.165544}}
{"target": -19.143932054318945, "params": {"colsample_bytree": 0.33917312062870636, "eta": 0.04819385281853192, "gamma": 737.3559046612148, "max_depth": 9.0, "min_child_weight": 4181.156485090888, "num_boost_round": 2.0, "subsample": 0.9159516525931711}, "datetime": {"datetime": "2024-01-20 14:41:27", "elapsed": 1055.22244, "delta": 0.003411}}
{"target": -19.143934682170688, "params": {"colsample_bytree": 0.33917312062870636, "eta": 0.04819385281853192, "gamma": 737.3559046612148, "max_depth": 9.0, "min_child_weight": 4181.156485090888, "num_boost_round": 3.0, "subsample": 0.9159516525931711}, "datetime": {"datetime": "2024-01-20 14:41:27", "elapsed": 1055.224254, "delta": 0.001814}}
{"target": -19.143725644243137, "params": {"colsample_bytree": 0.33917312062870636, "eta": 0.04819385281853192, "gamma": 737.3559046612148, "max_depth": 9.0, "min_child_weight": 4181.156485090888, "num_boost_round": 4.0, "subsample": 0.9159516525931711}, "datetime": {"datetime": "2024-01-20 14:41:27", "elapsed": 1055.226006, "delta": 0.001752}}
{"target": -19.144016792496505, "params": {"colsample_bytree": 0.33917312062870636, "eta": 0.04819385281853192, "gamma": 737.3559046612148, "max_depth": 9.0, "min_child_weight": 4181.156485090888, "num_boost_round": 5.0, "subsample": 0.9159516525931711}, "datetime": {"datetime": "2024-01-20 14:41:27", "elapsed": 1055.227851, "delta": 0.001845}}
{"target": -19.143321572942092, "params": {"colsample_bytree": 0.33917312062870636, "eta": 0.04819385281853192, "gamma": 737.3559046612148, "max_depth": 9.0, "min_child_weight": 4181.156485090888, "num_boost_round": 6.0, "subsample": 0.9159516525931711}, "datetime": {"datetime": "2024-01-20 14:41:27", "elapsed": 1055.229603, "delta": 0.001752}}
{"target": -19.143606568015763, "params": {"colsample_bytree": 0.33917312062870636, "eta": 0.04819385281853192, "gamma": 737.3559046612148, "max_depth": 9.0, "min_child_weight": 4181.156485090888, "num_boost_round": 7.0, "subsample": 0.9159516525931711}, "datetime": {"datetime": "2024-01-20 14:41:27", "elapsed": 1055.231333, "delta": 0.00173}}
{"target": -19.143671925283243, "params": {"colsample_bytree": 0.33917312062870636, "eta": 0.04819385281853192, "gamma": 737.3559046612148, "max_depth": 9.0, "min_child_weight": 4181.156485090888, "num_boost_round": 8.0, "subsample": 0.9159516525931711}, "datetime": {"datetime": "2024-01-20 14:41:27", "elapsed": 1055.233059, "delta": 0.001726}}
{"target": -19.14394136283709, "params": {"colsample_bytree": 0.33917312062870636, "eta": 0.04819385281853192, "gamma": 737.3559046612148, "max_depth": 9.0, "min_child_weight": 4181.156485090888, "num_boost_round": 9.0, "subsample": 0.9159516525931711}, "datetime": {"datetime": "2024-01-20 14:41:27", "elapsed": 1055.234832, "delta": 0.001773}}
{"target": -19.14415370351903, "params": {"colsample_bytree": 0.33917312062870636, "eta": 0.04819385281853192, "gamma": 737.3559046612148, "max_depth": 9.0, "min_child_weight": 4181.156485090888, "num_boost_round": 10.0, "subsample": 0.9159516525931711}, "datetime": {"datetime": "2024-01-20 14:41:27", "elapsed": 1055.236557, "delta": 0.001725}}
{"target": -19.14433832487287, "params": {"colsample_bytree": 0.33917312062870636, "eta": 0.04819385281853192, "gamma": 737.3559046612148, "max_depth": 9.0, "min_child_weight": 4181.156485090888, "num_boost_round": 11.0, "subsample": 0.9159516525931711}, "datetime": {"datetime": "2024-01-20 14:41:27", "elapsed": 1055.238283, "delta": 0.001726}}
{"target": -19.14450814453491, "params": {"colsample_bytree": 0.33917312062870636, "eta": 0.04819385281853192, "gamma": 737.3559046612148, "max_depth": 9.0, "min_child_weight": 4181.156485090888, "num_boost_round": 12.0, "subsample": 0.9159516525931711}, "datetime": {"datetime": "2024-01-20 14:41:27", "elapsed": 1055.240008, "delta": 0.001725}}
{"target": -19.142705132149406, "params": {"colsample_bytree": 0.17010364556399998, "eta": 0.09186049955701417, "gamma": 354.4698894612772, "max_depth": 3.0, "min_child_weight": 4073.1412708962844, "num_boost_round": 1.0, "subsample": 0.48599948684157157}, "datetime": {"datetime": "2024-01-20 14:41:44", "elapsed": 1072.567167, "delta": 17.327159}}
{"target": -19.14238985591308, "params": {"colsample_bytree": 0.17010364556399998, "eta": 0.09186049955701417, "gamma": 354.4698894612772, "max_depth": 3.0, "min_child_weight": 4073.1412708962844, "num_boost_round": 2.0, "subsample": 0.48599948684157157}, "datetime": {"datetime": "2024-01-20 14:41:44", "elapsed": 1072.569599, "delta": 0.002432}}
{"target": -19.14237244087237, "params": {"colsample_bytree": 0.17010364556399998, "eta": 0.09186049955701417, "gamma": 354.4698894612772, "max_depth": 3.0, "min_child_weight": 4073.1412708962844, "num_boost_round": 3.0, "subsample": 0.48599948684157157}, "datetime": {"datetime": "2024-01-20 14:41:44", "elapsed": 1072.571906, "delta": 0.002307}}
{"target": -19.14184279831847, "params": {"colsample_bytree": 0.17010364556399998, "eta": 0.09186049955701417, "gamma": 354.4698894612772, "max_depth": 3.0, "min_child_weight": 4073.1412708962844, "num_boost_round": 4.0, "subsample": 0.48599948684157157}, "datetime": {"datetime": "2024-01-20 14:41:44", "elapsed": 1072.573695, "delta": 0.001789}}
{"target": -19.143226585726175, "params": {"colsample_bytree": 0.78656582694819, "eta": 0.005080203812674232, "gamma": 317.4837245436207, "max_depth": 7.0, "min_child_weight": 4078.1263180805886, "num_boost_round": 1.0, "subsample": 0.5487889068747809}, "datetime": {"datetime": "2024-01-20 14:42:24", "elapsed": 1112.163738, "delta": 39.590043}}
{"target": -19.143232235162266, "params": {"colsample_bytree": 0.78656582694819, "eta": 0.005080203812674232, "gamma": 317.4837245436207, "max_depth": 7.0, "min_child_weight": 4078.1263180805886, "num_boost_round": 2.0, "subsample": 0.5487889068747809}, "datetime": {"datetime": "2024-01-20 14:42:24", "elapsed": 1112.167163, "delta": 0.003425}}
{"target": -19.143243834778854, "params": {"colsample_bytree": 0.78656582694819, "eta": 0.005080203812674232, "gamma": 317.4837245436207, "max_depth": 7.0, "min_child_weight": 4078.1263180805886, "num_boost_round": 3.0, "subsample": 0.5487889068747809}, "datetime": {"datetime": "2024-01-20 14:42:24", "elapsed": 1112.168937, "delta": 0.001774}}
{"target": -19.143257798891653, "params": {"colsample_bytree": 0.78656582694819, "eta": 0.005080203812674232, "gamma": 317.4837245436207, "max_depth": 7.0, "min_child_weight": 4078.1263180805886, "num_boost_round": 4.0, "subsample": 0.5487889068747809}, "datetime": {"datetime": "2024-01-20 14:42:24", "elapsed": 1112.170732, "delta": 0.001795}}
{"target": -19.14326713239161, "params": {"colsample_bytree": 0.78656582694819, "eta": 0.005080203812674232, "gamma": 317.4837245436207, "max_depth": 7.0, "min_child_weight": 4078.1263180805886, "num_boost_round": 5.0, "subsample": 0.5487889068747809}, "datetime": {"datetime": "2024-01-20 14:42:24", "elapsed": 1112.172479, "delta": 0.001747}}
{"target": -19.143263848615085, "params": {"colsample_bytree": 0.78656582694819, "eta": 0.005080203812674232, "gamma": 317.4837245436207, "max_depth": 7.0, "min_child_weight": 4078.1263180805886, "num_boost_round": 6.0, "subsample": 0.5487889068747809}, "datetime": {"datetime": "2024-01-20 14:42:24", "elapsed": 1112.174246, "delta": 0.001767}}
{"target": -19.14324045490032, "params": {"colsample_bytree": 0.78656582694819, "eta": 0.005080203812674232, "gamma": 317.4837245436207, "max_depth": 7.0, "min_child_weight": 4078.1263180805886, "num_boost_round": 7.0, "subsample": 0.5487889068747809}, "datetime": {"datetime": "2024-01-20 14:42:24", "elapsed": 1112.176051, "delta": 0.001805}}
{"target": -19.143269656329252, "params": {"colsample_bytree": 0.78656582694819, "eta": 0.005080203812674232, "gamma": 317.4837245436207, "max_depth": 7.0, "min_child_weight": 4078.1263180805886, "num_boost_round": 8.0, "subsample": 0.5487889068747809}, "datetime": {"datetime": "2024-01-20 14:42:24", "elapsed": 1112.177801, "delta": 0.00175}}
{"target": -19.143241047701494, "params": {"colsample_bytree": 0.78656582694819, "eta": 0.005080203812674232, "gamma": 317.4837245436207, "max_depth": 7.0, "min_child_weight": 4078.1263180805886, "num_boost_round": 9.0, "subsample": 0.5487889068747809}, "datetime": {"datetime": "2024-01-20 14:42:24", "elapsed": 1112.179542, "delta": 0.001741}}
{"target": -19.143222103157548, "params": {"colsample_bytree": 0.78656582694819, "eta": 0.005080203812674232, "gamma": 317.4837245436207, "max_depth": 7.0, "min_child_weight": 4078.1263180805886, "num_boost_round": 10.0, "subsample": 0.5487889068747809}, "datetime": {"datetime": "2024-01-20 14:42:24", "elapsed": 1112.181321, "delta": 0.001779}}
{"target": -19.143245146720034, "params": {"colsample_bytree": 0.78656582694819, "eta": 0.005080203812674232, "gamma": 317.4837245436207, "max_depth": 7.0, "min_child_weight": 4078.1263180805886, "num_boost_round": 11.0, "subsample": 0.5487889068747809}, "datetime": {"datetime": "2024-01-20 14:42:24", "elapsed": 1112.183143, "delta": 0.001822}}
{"target": -19.143249850486566, "params": {"colsample_bytree": 0.78656582694819, "eta": 0.005080203812674232, "gamma": 317.4837245436207, "max_depth": 7.0, "min_child_weight": 4078.1263180805886, "num_boost_round": 12.0, "subsample": 0.5487889068747809}, "datetime": {"datetime": "2024-01-20 14:42:24", "elapsed": 1112.184899, "delta": 0.001756}}
{"target": -19.143297690517457, "params": {"colsample_bytree": 0.78656582694819, "eta": 0.005080203812674232, "gamma": 317.4837245436207, "max_depth": 7.0, "min_child_weight": 4078.1263180805886, "num_boost_round": 13.0, "subsample": 0.5487889068747809}, "datetime": {"datetime": "2024-01-20 14:42:24", "elapsed": 1112.186761, "delta": 0.001862}}
{"target": -19.143324941885155, "params": {"colsample_bytree": 0.78656582694819, "eta": 0.005080203812674232, "gamma": 317.4837245436207, "max_depth": 7.0, "min_child_weight": 4078.1263180805886, "num_boost_round": 14.0, "subsample": 0.5487889068747809}, "datetime": {"datetime": "2024-01-20 14:42:24", "elapsed": 1112.188521, "delta": 0.00176}}
{"target": -19.143342709785873, "params": {"colsample_bytree": 0.78656582694819, "eta": 0.005080203812674232, "gamma": 317.4837245436207, "max_depth": 7.0, "min_child_weight": 4078.1263180805886, "num_boost_round": 15.0, "subsample": 0.5487889068747809}, "datetime": {"datetime": "2024-01-20 14:42:24", "elapsed": 1112.19026, "delta": 0.001739}}
{"target": -19.14333109178738, "params": {"colsample_bytree": 0.78656582694819, "eta": 0.005080203812674232, "gamma": 317.4837245436207, "max_depth": 7.0, "min_child_weight": 4078.1263180805886, "num_boost_round": 16.0, "subsample": 0.5487889068747809}, "datetime": {"datetime": "2024-01-20 14:42:24", "elapsed": 1112.192014, "delta": 0.001754}}
{"target": -19.143342306934848, "params": {"colsample_bytree": 0.78656582694819, "eta": 0.005080203812674232, "gamma": 317.4837245436207, "max_depth": 7.0, "min_child_weight": 4078.1263180805886, "num_boost_round": 17.0, "subsample": 0.5487889068747809}, "datetime": {"datetime": "2024-01-20 14:42:24", "elapsed": 1112.193762, "delta": 0.001748}}
{"target": -19.14333891296922, "params": {"colsample_bytree": 0.78656582694819, "eta": 0.005080203812674232, "gamma": 317.4837245436207, "max_depth": 7.0, "min_child_weight": 4078.1263180805886, "num_boost_round": 18.0, "subsample": 0.5487889068747809}, "datetime": {"datetime": "2024-01-20 14:42:24", "elapsed": 1112.195525, "delta": 0.001763}}
{"target": -19.143367254268355, "params": {"colsample_bytree": 0.78656582694819, "eta": 0.005080203812674232, "gamma": 317.4837245436207, "max_depth": 7.0, "min_child_weight": 4078.1263180805886, "num_boost_round": 19.0, "subsample": 0.5487889068747809}, "datetime": {"datetime": "2024-01-20 14:42:24", "elapsed": 1112.451072, "delta": 0.255547}}
{"target": -19.14336775612343, "params": {"colsample_bytree": 0.78656582694819, "eta": 0.005080203812674232, "gamma": 317.4837245436207, "max_depth": 7.0, "min_child_weight": 4078.1263180805886, "num_boost_round": 20.0, "subsample": 0.5487889068747809}, "datetime": {"datetime": "2024-01-20 14:42:24", "elapsed": 1112.453442, "delta": 0.00237}}
{"target": -19.143439885755228, "params": {"colsample_bytree": 0.78656582694819, "eta": 0.005080203812674232, "gamma": 317.4837245436207, "max_depth": 7.0, "min_child_weight": 4078.1263180805886, "num_boost_round": 21.0, "subsample": 0.5487889068747809}, "datetime": {"datetime": "2024-01-20 14:42:24", "elapsed": 1112.455524, "delta": 0.002082}}
{"target": -19.143489299322287, "params": {"colsample_bytree": 0.78656582694819, "eta": 0.005080203812674232, "gamma": 317.4837245436207, "max_depth": 7.0, "min_child_weight": 4078.1263180805886, "num_boost_round": 22.0, "subsample": 0.5487889068747809}, "datetime": {"datetime": "2024-01-20 14:42:24", "elapsed": 1112.457612, "delta": 0.002088}}
{"target": -19.14349575187914, "params": {"colsample_bytree": 0.78656582694819, "eta": 0.005080203812674232, "gamma": 317.4837245436207, "max_depth": 7.0, "min_child_weight": 4078.1263180805886, "num_boost_round": 23.0, "subsample": 0.5487889068747809}, "datetime": {"datetime": "2024-01-20 14:42:24", "elapsed": 1112.459572, "delta": 0.00196}}
{"target": -19.143509187771272, "params": {"colsample_bytree": 0.78656582694819, "eta": 0.005080203812674232, "gamma": 317.4837245436207, "max_depth": 7.0, "min_child_weight": 4078.1263180805886, "num_boost_round": 24.0, "subsample": 0.5487889068747809}, "datetime": {"datetime": "2024-01-20 14:42:24", "elapsed": 1112.461454, "delta": 0.001882}}
{"target": -19.143556436657665, "params": {"colsample_bytree": 0.78656582694819, "eta": 0.005080203812674232, "gamma": 317.4837245436207, "max_depth": 7.0, "min_child_weight": 4078.1263180805886, "num_boost_round": 25.0, "subsample": 0.5487889068747809}, "datetime": {"datetime": "2024-01-20 14:42:24", "elapsed": 1112.463321, "delta": 0.001867}}
{"target": -19.143530069171916, "params": {"colsample_bytree": 0.78656582694819, "eta": 0.005080203812674232, "gamma": 317.4837245436207, "max_depth": 7.0, "min_child_weight": 4078.1263180805886, "num_boost_round": 26.0, "subsample": 0.5487889068747809}, "datetime": {"datetime": "2024-01-20 14:42:24", "elapsed": 1112.465209, "delta": 0.001888}}
{"target": -19.143614548251314, "params": {"colsample_bytree": 0.78656582694819, "eta": 0.005080203812674232, "gamma": 317.4837245436207, "max_depth": 7.0, "min_child_weight": 4078.1263180805886, "num_boost_round": 27.0, "subsample": 0.5487889068747809}, "datetime": {"datetime": "2024-01-20 14:42:24", "elapsed": 1112.467103, "delta": 0.001894}}
{"target": -19.14367337758376, "params": {"colsample_bytree": 0.78656582694819, "eta": 0.005080203812674232, "gamma": 317.4837245436207, "max_depth": 7.0, "min_child_weight": 4078.1263180805886, "num_boost_round": 28.0, "subsample": 0.5487889068747809}, "datetime": {"datetime": "2024-01-20 14:42:24", "elapsed": 1112.469069, "delta": 0.001966}}
{"target": -19.143667443212593, "params": {"colsample_bytree": 0.78656582694819, "eta": 0.005080203812674232, "gamma": 317.4837245436207, "max_depth": 7.0, "min_child_weight": 4078.1263180805886, "num_boost_round": 29.0, "subsample": 0.5487889068747809}, "datetime": {"datetime": "2024-01-20 14:42:24", "elapsed": 1112.470998, "delta": 0.001929}}
{"target": -19.143745489721695, "params": {"colsample_bytree": 0.78656582694819, "eta": 0.005080203812674232, "gamma": 317.4837245436207, "max_depth": 7.0, "min_child_weight": 4078.1263180805886, "num_boost_round": 30.0, "subsample": 0.5487889068747809}, "datetime": {"datetime": "2024-01-20 14:42:24", "elapsed": 1112.472978, "delta": 0.00198}}
{"target": -19.143755666759574, "params": {"colsample_bytree": 0.78656582694819, "eta": 0.005080203812674232, "gamma": 317.4837245436207, "max_depth": 7.0, "min_child_weight": 4078.1263180805886, "num_boost_round": 31.0, "subsample": 0.5487889068747809}, "datetime": {"datetime": "2024-01-20 14:42:24", "elapsed": 1112.474926, "delta": 0.001948}}
{"target": -19.143749980009602, "params": {"colsample_bytree": 0.78656582694819, "eta": 0.005080203812674232, "gamma": 317.4837245436207, "max_depth": 7.0, "min_child_weight": 4078.1263180805886, "num_boost_round": 32.0, "subsample": 0.5487889068747809}, "datetime": {"datetime": "2024-01-20 14:42:24", "elapsed": 1112.476873, "delta": 0.001947}}
{"target": -19.14380421161608, "params": {"colsample_bytree": 0.78656582694819, "eta": 0.005080203812674232, "gamma": 317.4837245436207, "max_depth": 7.0, "min_child_weight": 4078.1263180805886, "num_boost_round": 33.0, "subsample": 0.5487889068747809}, "datetime": {"datetime": "2024-01-20 14:42:24", "elapsed": 1112.478795, "delta": 0.001922}}
{"target": -19.1438563301157, "params": {"colsample_bytree": 0.78656582694819, "eta": 0.005080203812674232, "gamma": 317.4837245436207, "max_depth": 7.0, "min_child_weight": 4078.1263180805886, "num_boost_round": 34.0, "subsample": 0.5487889068747809}, "datetime": {"datetime": "2024-01-20 14:42:24", "elapsed": 1112.480725, "delta": 0.00193}}
{"target": -19.143928465897975, "params": {"colsample_bytree": 0.78656582694819, "eta": 0.005080203812674232, "gamma": 317.4837245436207, "max_depth": 7.0, "min_child_weight": 4078.1263180805886, "num_boost_round": 35.0, "subsample": 0.5487889068747809}, "datetime": {"datetime": "2024-01-20 14:42:24", "elapsed": 1112.482652, "delta": 0.001927}}
{"target": -19.1439235065795, "params": {"colsample_bytree": 0.6665989933532648, "eta": 0.05469854729828669, "gamma": 287.70948663755667, "max_depth": 9.0, "min_child_weight": 4015.660095636231, "num_boost_round": 1.0, "subsample": 0.9219534455679329}, "datetime": {"datetime": "2024-01-20 14:42:48", "elapsed": 1136.60244, "delta": 24.119788}}
{"target": -19.14406136556054, "params": {"colsample_bytree": 0.6665989933532648, "eta": 0.05469854729828669, "gamma": 287.70948663755667, "max_depth": 9.0, "min_child_weight": 4015.660095636231, "num_boost_round": 2.0, "subsample": 0.9219534455679329}, "datetime": {"datetime": "2024-01-20 14:42:48", "elapsed": 1136.605295, "delta": 0.002855}}
{"target": -19.144787170039912, "params": {"colsample_bytree": 0.6665989933532648, "eta": 0.05469854729828669, "gamma": 287.70948663755667, "max_depth": 9.0, "min_child_weight": 4015.660095636231, "num_boost_round": 3.0, "subsample": 0.9219534455679329}, "datetime": {"datetime": "2024-01-20 14:42:48", "elapsed": 1136.607311, "delta": 0.002016}}
{"target": -19.145441031772805, "params": {"colsample_bytree": 0.6665989933532648, "eta": 0.05469854729828669, "gamma": 287.70948663755667, "max_depth": 9.0, "min_child_weight": 4015.660095636231, "num_boost_round": 4.0, "subsample": 0.9219534455679329}, "datetime": {"datetime": "2024-01-20 14:42:48", "elapsed": 1136.60929, "delta": 0.001979}}
{"target": -19.14641108582051, "params": {"colsample_bytree": 0.6665989933532648, "eta": 0.05469854729828669, "gamma": 287.70948663755667, "max_depth": 9.0, "min_child_weight": 4015.660095636231, "num_boost_round": 5.0, "subsample": 0.9219534455679329}, "datetime": {"datetime": "2024-01-20 14:42:48", "elapsed": 1136.611073, "delta": 0.001783}}
{"target": -19.146222468484176, "params": {"colsample_bytree": 0.6665989933532648, "eta": 0.05469854729828669, "gamma": 287.70948663755667, "max_depth": 9.0, "min_child_weight": 4015.660095636231, "num_boost_round": 6.0, "subsample": 0.9219534455679329}, "datetime": {"datetime": "2024-01-20 14:42:48", "elapsed": 1136.612899, "delta": 0.001826}}
{"target": -19.146715410120077, "params": {"colsample_bytree": 0.6665989933532648, "eta": 0.05469854729828669, "gamma": 287.70948663755667, "max_depth": 9.0, "min_child_weight": 4015.660095636231, "num_boost_round": 7.0, "subsample": 0.9219534455679329}, "datetime": {"datetime": "2024-01-20 14:42:48", "elapsed": 1136.614761, "delta": 0.001862}}
{"target": -19.147343142053643, "params": {"colsample_bytree": 0.6665989933532648, "eta": 0.05469854729828669, "gamma": 287.70948663755667, "max_depth": 9.0, "min_child_weight": 4015.660095636231, "num_boost_round": 8.0, "subsample": 0.9219534455679329}, "datetime": {"datetime": "2024-01-20 14:42:48", "elapsed": 1136.616701, "delta": 0.00194}}
{"target": -19.147663965059834, "params": {"colsample_bytree": 0.6665989933532648, "eta": 0.05469854729828669, "gamma": 287.70948663755667, "max_depth": 9.0, "min_child_weight": 4015.660095636231, "num_boost_round": 9.0, "subsample": 0.9219534455679329}, "datetime": {"datetime": "2024-01-20 14:42:48", "elapsed": 1136.618541, "delta": 0.00184}}
{"target": -19.143202592420202, "params": {"colsample_bytree": 0.4602054332871264, "eta": 0.013257920645014343, "gamma": 255.59784187455216, "max_depth": 3.0, "min_child_weight": 4115.35379091294, "num_boost_round": 1.0, "subsample": 0.9926419249599537}, "datetime": {"datetime": "2024-01-20 14:43:20", "elapsed": 1168.398431, "delta": 31.77989}}
{"target": -19.14319430820035, "params": {"colsample_bytree": 0.4602054332871264, "eta": 0.013257920645014343, "gamma": 255.59784187455216, "max_depth": 3.0, "min_child_weight": 4115.35379091294, "num_boost_round": 2.0, "subsample": 0.9926419249599537}, "datetime": {"datetime": "2024-01-20 14:43:20", "elapsed": 1168.411829, "delta": 0.013398}}
{"target": -19.14316412387187, "params": {"colsample_bytree": 0.4602054332871264, "eta": 0.013257920645014343, "gamma": 255.59784187455216, "max_depth": 3.0, "min_child_weight": 4115.35379091294, "num_boost_round": 3.0, "subsample": 0.9926419249599537}, "datetime": {"datetime": "2024-01-20 14:43:20", "elapsed": 1168.413741, "delta": 0.001912}}
