{"target": -19.144138269313927, "params": {"colsample_bytree": 0.4511555647060763, "eta": 0.03731558109767388, "gamma": 595.1056374517461, "max_depth": 2.0, "min_child_weight": 4475.689982581158, "num_boost_round": 125.0, "subsample": 0.2092001522155877}, "datetime": {"datetime": "2024-01-20 15:27:22", "elapsed": 3810.53669, "delta": 0.003715}}
{"target": -19.144087559153746, "params": {"colsample_bytree": 0.4511555647060763, "eta": 0.03731558109767388, "gamma": 595.1056374517461, "max_depth": 2.0, "min_child_weight": 4475.689982581158, "num_boost_round": 126.0, "subsample": 0.2092001522155877}, "datetime": {"datetime": "2024-01-20 15:27:22", "elapsed": 3810.540334, "delta": 0.003644}}
{"target": -19.144122856388798, "params": {"colsample_bytree": 0.4511555647060763, "eta": 0.03731558109767388, "gamma": 595.1056374517461, "max_depth": 2.0, "min_child_weight": 4475.689982581158, "num_boost_round": 127.0, "subsample": 0.2092001522155877}, "datetime": {"datetime": "2024-01-20 15:27:22", "elapsed": 3810.543925, "delta": 0.003591}}
{"target": -19.14235112142659, "params": {"colsample_bytree": 0.9800604612379563, "eta": 0.09072694953539026, "gamma": 603.5099014507826, "max_depth": 6.0, "min_child_weight": 4551.048013430113, "num_boost_round": 1.0, "subsample": 0.10586385074782204}, "datetime": {"datetime": "2024-01-20 15:31:12", "elapsed": 4040.804105, "delta": 230.26018}}
{"target": -19.141261023265635, "params": {"colsample_bytree": 0.9800604612379563, "eta": 0.09072694953539026, "gamma": 603.5099014507826, "max_depth": 6.0, "min_child_weight": 4551.048013430113, "num_boost_round": 2.0, "subsample": 0.10586385074782204}, "datetime": {"datetime": "2024-01-20 15:31:12", "elapsed": 4040.808816, "delta": 0.004711}}
{"target": -19.140924587550682, "params": {"colsample_bytree": 0.9800604612379563, "eta": 0.09072694953539026, "gamma": 603.5099014507826, "max_depth": 6.0, "min_child_weight": 4551.048013430113, "num_boost_round": 3.0, "subsample": 0.10586385074782204}, "datetime": {"datetime": "2024-01-20 15:31:12", "elapsed": 4040.812608, "delta": 0.003792}}
{"target": -19.140432456458072, "params": {"colsample_bytree": 0.9800604612379563, "eta": 0.09072694953539026, "gamma": 603.5099014507826, "max_depth": 6.0, "min_child_weight": 4551.048013430113, "num_boost_round": 4.0, "subsample": 0.10586385074782204}, "datetime": {"datetime": "2024-01-20 15:31:12", "elapsed": 4040.816275, "delta": 0.003667}}
{"target": -19.13978834272345, "params": {"colsample_bytree": 0.9800604612379563, "eta": 0.09072694953539026, "gamma": 603.5099014507826, "max_depth": 6.0, "min_child_weight": 4551.048013430113, "num_boost_round": 5.0, "subsample": 0.10586385074782204}, "datetime": {"datetime": "2024-01-20 15:31:12", "elapsed": 4040.82002, "delta": 0.003745}}
{"target": -19.139595453833337, "params": {"colsample_bytree": 0.9800604612379563, "eta": 0.09072694953539026, "gamma": 603.5099014507826, "max_depth": 6.0, "min_child_weight": 4551.048013430113, "num_boost_round": 6.0, "subsample": 0.10586385074782204}, "datetime": {"datetime": "2024-01-20 15:31:12", "elapsed": 4040.82365, "delta": 0.00363}}
{"target": -19.13887558411603, "params": {"colsample_bytree": 0.9800604612379563, "eta": 0.09072694953539026, "gamma": 603.5099014507826, "max_depth": 6.0, "min_child_weight": 4551.048013430113, "num_boost_round": 7.0, "subsample": 0.10586385074782204}, "datetime": {"datetime": "2024-01-20 15:31:12", "elapsed": 4040.827205, "delta": 0.003555}}
{"target": -19.138808996125526, "params": {"colsample_bytree": 0.9800604612379563, "eta": 0.09072694953539026, "gamma": 603.5099014507826, "max_depth": 6.0, "min_child_weight": 4551.048013430113, "num_boost_round": 8.0, "subsample": 0.10586385074782204}, "datetime": {"datetime": "2024-01-20 15:31:12", "elapsed": 4040.83071, "delta": 0.003505}}
{"target": -19.138865327538852, "params": {"colsample_bytree": 0.9800604612379563, "eta": 0.09072694953539026, "gamma": 603.5099014507826, "max_depth": 6.0, "min_child_weight": 4551.048013430113, "num_boost_round": 9.0, "subsample": 0.10586385074782204}, "datetime": {"datetime": "2024-01-20 15:31:12", "elapsed": 4040.834242, "delta": 0.003532}}
{"target": -19.139278410678514, "params": {"colsample_bytree": 0.9800604612379563, "eta": 0.09072694953539026, "gamma": 603.5099014507826, "max_depth": 6.0, "min_child_weight": 4551.048013430113, "num_boost_round": 10.0, "subsample": 0.10586385074782204}, "datetime": {"datetime": "2024-01-20 15:31:12", "elapsed": 4040.83784, "delta": 0.003598}}
{"target": -19.139558798765435, "params": {"colsample_bytree": 0.9800604612379563, "eta": 0.09072694953539026, "gamma": 603.5099014507826, "max_depth": 6.0, "min_child_weight": 4551.048013430113, "num_boost_round": 11.0, "subsample": 0.10586385074782204}, "datetime": {"datetime": "2024-01-20 15:31:12", "elapsed": 4040.841367, "delta": 0.003527}}
{"target": -19.14002372336401, "params": {"colsample_bytree": 0.9800604612379563, "eta": 0.09072694953539026, "gamma": 603.5099014507826, "max_depth": 6.0, "min_child_weight": 4551.048013430113, "num_boost_round": 12.0, "subsample": 0.10586385074782204}, "datetime": {"datetime": "2024-01-20 15:31:12", "elapsed": 4040.844927, "delta": 0.00356}}
{"target": -19.140174860731104, "params": {"colsample_bytree": 0.9800604612379563, "eta": 0.09072694953539026, "gamma": 603.5099014507826, "max_depth": 6.0, "min_child_weight": 4551.048013430113, "num_boost_round": 13.0, "subsample": 0.10586385074782204}, "datetime": {"datetime": "2024-01-20 15:31:12", "elapsed": 4040.848499, "delta": 0.003572}}
{"target": -19.14071052192086, "params": {"colsample_bytree": 0.9800604612379563, "eta": 0.09072694953539026, "gamma": 603.5099014507826, "max_depth": 6.0, "min_child_weight": 4551.048013430113, "num_boost_round": 14.0, "subsample": 0.10586385074782204}, "datetime": {"datetime": "2024-01-20 15:31:12", "elapsed": 4040.852133, "delta": 0.003634}}
{"target": -19.1409833781319, "params": {"colsample_bytree": 0.9800604612379563, "eta": 0.09072694953539026, "gamma": 603.5099014507826, "max_depth": 6.0, "min_child_weight": 4551.048013430113, "num_boost_round": 15.0, "subsample": 0.10586385074782204}, "datetime": {"datetime": "2024-01-20 15:31:12", "elapsed": 4040.855891, "delta": 0.003758}}
{"target": -19.141512963847582, "params": {"colsample_bytree": 0.9800604612379563, "eta": 0.09072694953539026, "gamma": 603.5099014507826, "max_depth": 6.0, "min_child_weight": 4551.048013430113, "num_boost_round": 16.0, "subsample": 0.10586385074782204}, "datetime": {"datetime": "2024-01-20 15:31:12", "elapsed": 4040.859481, "delta": 0.00359}}
{"target": -19.142029021105635, "params": {"colsample_bytree": 0.9800604612379563, "eta": 0.09072694953539026, "gamma": 603.5099014507826, "max_depth": 6.0, "min_child_weight": 4551.048013430113, "num_boost_round": 17.0, "subsample": 0.10586385074782204}, "datetime": {"datetime": "2024-01-20 15:31:12", "elapsed": 4040.863095, "delta": 0.003614}}
{"target": -19.142354254019573, "params": {"colsample_bytree": 0.9800604612379563, "eta": 0.09072694953539026, "gamma": 603.5099014507826, "max_depth": 6.0, "min_child_weight": 4551.048013430113, "num_boost_round": 18.0, "subsample": 0.10586385074782204}, "datetime": {"datetime": "2024-01-20 15:31:12", "elapsed": 4040.866679, "delta": 0.003584}}
{"target": -19.142689938208065, "params": {"colsample_bytree": 0.9800604612379563, "eta": 0.09072694953539026, "gamma": 603.5099014507826, "max_depth": 6.0, "min_child_weight": 4551.048013430113, "num_boost_round": 19.0, "subsample": 0.10586385074782204}, "datetime": {"datetime": "2024-01-20 15:31:12", "elapsed": 4040.870273, "delta": 0.003594}}
{"target": -19.143286998463132, "params": {"colsample_bytree": 0.9800604612379563, "eta": 0.09072694953539026, "gamma": 603.5099014507826, "max_depth": 6.0, "min_child_weight": 4551.048013430113, "num_boost_round": 20.0, "subsample": 0.10586385074782204}, "datetime": {"datetime": "2024-01-20 15:31:12", "elapsed": 4040.873887, "delta": 0.003614}}
{"target": -19.14330796348529, "params": {"colsample_bytree": 0.9800604612379563, "eta": 0.09072694953539026, "gamma": 603.5099014507826, "max_depth": 6.0, "min_child_weight": 4551.048013430113, "num_boost_round": 21.0, "subsample": 0.10586385074782204}, "datetime": {"datetime": "2024-01-20 15:31:12", "elapsed": 4040.87748, "delta": 0.003593}}
{"target": -19.14350646032441, "params": {"colsample_bytree": 0.9800604612379563, "eta": 0.09072694953539026, "gamma": 603.5099014507826, "max_depth": 6.0, "min_child_weight": 4551.048013430113, "num_boost_round": 22.0, "subsample": 0.10586385074782204}, "datetime": {"datetime": "2024-01-20 15:31:12", "elapsed": 4040.881142, "delta": 0.003662}}
{"target": -19.14361534708182, "params": {"colsample_bytree": 0.9800604612379563, "eta": 0.09072694953539026, "gamma": 603.5099014507826, "max_depth": 6.0, "min_child_weight": 4551.048013430113, "num_boost_round": 23.0, "subsample": 0.10586385074782204}, "datetime": {"datetime": "2024-01-20 15:31:12", "elapsed": 4040.884717, "delta": 0.003575}}
{"target": -19.143776560337784, "params": {"colsample_bytree": 0.9800604612379563, "eta": 0.09072694953539026, "gamma": 603.5099014507826, "max_depth": 6.0, "min_child_weight": 4551.048013430113, "num_boost_round": 24.0, "subsample": 0.10586385074782204}, "datetime": {"datetime": "2024-01-20 15:31:12", "elapsed": 4040.888305, "delta": 0.003588}}
{"target": -19.14414695478361, "params": {"colsample_bytree": 0.9800604612379563, "eta": 0.09072694953539026, "gamma": 603.5099014507826, "max_depth": 6.0, "min_child_weight": 4551.048013430113, "num_boost_round": 25.0, "subsample": 0.10586385074782204}, "datetime": {"datetime": "2024-01-20 15:31:12", "elapsed": 4040.89188, "delta": 0.003575}}
{"target": -19.144436872627068, "params": {"colsample_bytree": 0.9800604612379563, "eta": 0.09072694953539026, "gamma": 603.5099014507826, "max_depth": 6.0, "min_child_weight": 4551.048013430113, "num_boost_round": 26.0, "subsample": 0.10586385074782204}, "datetime": {"datetime": "2024-01-20 15:31:12", "elapsed": 4040.895478, "delta": 0.003598}}
{"target": -19.14476359597798, "params": {"colsample_bytree": 0.9800604612379563, "eta": 0.09072694953539026, "gamma": 603.5099014507826, "max_depth": 6.0, "min_child_weight": 4551.048013430113, "num_boost_round": 27.0, "subsample": 0.10586385074782204}, "datetime": {"datetime": "2024-01-20 15:31:12", "elapsed": 4040.899221, "delta": 0.003743}}
{"target": -19.14520524317127, "params": {"colsample_bytree": 0.9800604612379563, "eta": 0.09072694953539026, "gamma": 603.5099014507826, "max_depth": 6.0, "min_child_weight": 4551.048013430113, "num_boost_round": 28.0, "subsample": 0.10586385074782204}, "datetime": {"datetime": "2024-01-20 15:31:12", "elapsed": 4040.902825, "delta": 0.003604}}
{"target": -19.14553624578061, "params": {"colsample_bytree": 0.9800604612379563, "eta": 0.09072694953539026, "gamma": 603.5099014507826, "max_depth": 6.0, "min_child_weight": 4551.048013430113, "num_boost_round": 29.0, "subsample": 0.10586385074782204}, "datetime": {"datetime": "2024-01-20 15:31:12", "elapsed": 4040.906437, "delta": 0.003612}}
{"target": -19.145650617222962, "params": {"colsample_bytree": 0.9800604612379563, "eta": 0.09072694953539026, "gamma": 603.5099014507826, "max_depth": 6.0, "min_child_weight": 4551.048013430113, "num_boost_round": 30.0, "subsample": 0.10586385074782204}, "datetime": {"datetime": "2024-01-20 15:31:12", "elapsed": 4040.910012, "delta": 0.003575}}
{"target": -19.14609060005045, "params": {"colsample_bytree": 0.9800604612379563, "eta": 0.09072694953539026, "gamma": 603.5099014507826, "max_depth": 6.0, "min_child_weight": 4551.048013430113, "num_boost_round": 31.0, "subsample": 0.10586385074782204}, "datetime": {"datetime": "2024-01-20 15:31:12", "elapsed": 4040.913589, "delta": 0.003577}}
{"target": -19.146279946597613, "params": {"colsample_bytree": 0.9800604612379563, "eta": 0.09072694953539026, "gamma": 603.5099014507826, "max_depth": 6.0, "min_child_weight": 4551.048013430113, "num_boost_round": 32.0, "subsample": 0.10586385074782204}, "datetime": {"datetime": "2024-01-20 15:31:12", "elapsed": 4040.917182, "delta": 0.003593}}
{"target": -19.14651635360668, "params": {"colsample_bytree": 0.9800604612379563, "eta": 0.09072694953539026, "gamma": 603.5099014507826, "max_depth": 6.0, "min_child_weight": 4551.048013430113, "num_boost_round": 33.0, "subsample": 0.10586385074782204}, "datetime": {"datetime": "2024-01-20 15:31:12", "elapsed": 4040.920776, "delta": 0.003594}}
{"target": -19.14677684786716, "params": {"colsample_bytree": 0.9800604612379563, "eta": 0.09072694953539026, "gamma": 603.5099014507826, "max_depth": 6.0, "min_child_weight": 4551.048013430113, "num_boost_round": 34.0, "subsample": 0.10586385074782204}, "datetime": {"datetime": "2024-01-20 15:31:12", "elapsed": 4040.924445, "delta": 0.003669}}
{"target": -19.147109175049685, "params": {"colsample_bytree": 0.9800604612379563, "eta": 0.09072694953539026, "gamma": 603.5099014507826, "max_depth": 6.0, "min_child_weight": 4551.048013430113, "num_boost_round": 35.0, "subsample": 0.10586385074782204}, "datetime": {"datetime": "2024-01-20 15:31:12", "elapsed": 4040.928027, "delta": 0.003582}}
{"target": -19.147284434289134, "params": {"colsample_bytree": 0.9800604612379563, "eta": 0.09072694953539026, "gamma": 603.5099014507826, "max_depth": 6.0, "min_child_weight": 4551.048013430113, "num_boost_round": 36.0, "subsample": 0.10586385074782204}, "datetime": {"datetime": "2024-01-20 15:31:12", "elapsed": 4040.932382, "delta": 0.004355}}
{"target": -19.147561041283893, "params": {"colsample_bytree": 0.9800604612379563, "eta": 0.09072694953539026, "gamma": 603.5099014507826, "max_depth": 6.0, "min_child_weight": 4551.048013430113, "num_boost_round": 37.0, "subsample": 0.10586385074782204}, "datetime": {"datetime": "2024-01-20 15:31:12", "elapsed": 4040.936134, "delta": 0.003752}}
{"target": -19.147474227609166, "params": {"colsample_bytree": 0.9800604612379563, "eta": 0.09072694953539026, "gamma": 603.5099014507826, "max_depth": 6.0, "min_child_weight": 4551.048013430113, "num_boost_round": 38.0, "subsample": 0.10586385074782204}, "datetime": {"datetime": "2024-01-20 15:31:12", "elapsed": 4040.940789, "delta": 0.004655}}
{"target": -19.147746288521645, "params": {"colsample_bytree": 0.9800604612379563, "eta": 0.09072694953539026, "gamma": 603.5099014507826, "max_depth": 6.0, "min_child_weight": 4551.048013430113, "num_boost_round": 39.0, "subsample": 0.10586385074782204}, "datetime": {"datetime": "2024-01-20 15:31:12", "elapsed": 4040.944635, "delta": 0.003846}}
{"target": -19.147841172686576, "params": {"colsample_bytree": 0.9800604612379563, "eta": 0.09072694953539026, "gamma": 603.5099014507826, "max_depth": 6.0, "min_child_weight": 4551.048013430113, "num_boost_round": 40.0, "subsample": 0.10586385074782204}, "datetime": {"datetime": "2024-01-20 15:31:12", "elapsed": 4040.948249, "delta": 0.003614}}
{"target": -19.148066106806084, "params": {"colsample_bytree": 0.9800604612379563, "eta": 0.09072694953539026, "gamma": 603.5099014507826, "max_depth": 6.0, "min_child_weight": 4551.048013430113, "num_boost_round": 41.0, "subsample": 0.10586385074782204}, "datetime": {"datetime": "2024-01-20 15:31:13", "elapsed": 4040.951881, "delta": 0.003632}}
{"target": -19.14859503885399, "params": {"colsample_bytree": 0.9800604612379563, "eta": 0.09072694953539026, "gamma": 603.5099014507826, "max_depth": 6.0, "min_child_weight": 4551.048013430113, "num_boost_round": 42.0, "subsample": 0.10586385074782204}, "datetime": {"datetime": "2024-01-20 15:31:13", "elapsed": 4040.955429, "delta": 0.003548}}
{"target": -19.148841217315393, "params": {"colsample_bytree": 0.9800604612379563, "eta": 0.09072694953539026, "gamma": 603.5099014507826, "max_depth": 6.0, "min_child_weight": 4551.048013430113, "num_boost_round": 43.0, "subsample": 0.10586385074782204}, "datetime": {"datetime": "2024-01-20 15:31:13", "elapsed": 4040.958999, "delta": 0.00357}}
{"target": -19.149149203755663, "params": {"colsample_bytree": 0.9800604612379563, "eta": 0.09072694953539026, "gamma": 603.5099014507826, "max_depth": 6.0, "min_child_weight": 4551.048013430113, "num_boost_round": 44.0, "subsample": 0.10586385074782204}, "datetime": {"datetime": "2024-01-20 15:31:13", "elapsed": 4040.962704, "delta": 0.003705}}
{"target": -19.14960610704869, "params": {"colsample_bytree": 0.9800604612379563, "eta": 0.09072694953539026, "gamma": 603.5099014507826, "max_depth": 6.0, "min_child_weight": 4551.048013430113, "num_boost_round": 45.0, "subsample": 0.10586385074782204}, "datetime": {"datetime": "2024-01-20 15:31:13", "elapsed": 4040.96626, "delta": 0.003556}}
{"target": -19.15028725348853, "params": {"colsample_bytree": 0.9800604612379563, "eta": 0.09072694953539026, "gamma": 603.5099014507826, "max_depth": 6.0, "min_child_weight": 4551.048013430113, "num_boost_round": 46.0, "subsample": 0.10586385074782204}, "datetime": {"datetime": "2024-01-20 15:31:13", "elapsed": 4040.969866, "delta": 0.003606}}
{"target": -19.150706390823885, "params": {"colsample_bytree": 0.9800604612379563, "eta": 0.09072694953539026, "gamma": 603.5099014507826, "max_depth": 6.0, "min_child_weight": 4551.048013430113, "num_boost_round": 47.0, "subsample": 0.10586385074782204}, "datetime": {"datetime": "2024-01-20 15:31:13", "elapsed": 4040.97346, "delta": 0.003594}}
{"target": -19.15084686843649, "params": {"colsample_bytree": 0.9800604612379563, "eta": 0.09072694953539026, "gamma": 603.5099014507826, "max_depth": 6.0, "min_child_weight": 4551.048013430113, "num_boost_round": 48.0, "subsample": 0.10586385074782204}, "datetime": {"datetime": "2024-01-20 15:31:13", "elapsed": 4040.977066, "delta": 0.003606}}
{"target": -19.150772220596394, "params": {"colsample_bytree": 0.9800604612379563, "eta": 0.09072694953539026, "gamma": 603.5099014507826, "max_depth": 6.0, "min_child_weight": 4551.048013430113, "num_boost_round": 49.0, "subsample": 0.10586385074782204}, "datetime": {"datetime": "2024-01-20 15:31:13", "elapsed": 4040.980669, "delta": 0.003603}}
{"target": -19.15077789109661, "params": {"colsample_bytree": 0.9800604612379563, "eta": 0.09072694953539026, "gamma": 603.5099014507826, "max_depth": 6.0, "min_child_weight": 4551.048013430113, "num_boost_round": 50.0, "subsample": 0.10586385074782204}, "datetime": {"datetime": "2024-01-20 15:31:13", "elapsed": 4040.984291, "delta": 0.003622}}
{"target": -19.151029589327656, "params": {"colsample_bytree": 0.9800604612379563, "eta": 0.09072694953539026, "gamma": 603.5099014507826, "max_depth": 6.0, "min_child_weight": 4551.048013430113, "num_boost_round": 51.0, "subsample": 0.10586385074782204}, "datetime": {"datetime": "2024-01-20 15:31:13", "elapsed": 4040.987953, "delta": 0.003662}}
{"target": -19.151128418983944, "params": {"colsample_bytree": 0.9800604612379563, "eta": 0.09072694953539026, "gamma": 603.5099014507826, "max_depth": 6.0, "min_child_weight": 4551.048013430113, "num_boost_round": 52.0, "subsample": 0.10586385074782204}, "datetime": {"datetime": "2024-01-20 15:31:13", "elapsed": 4040.991546, "delta": 0.003593}}
{"target": -19.151250275982306, "params": {"colsample_bytree": 0.9800604612379563, "eta": 0.09072694953539026, "gamma": 603.5099014507826, "max_depth": 6.0, "min_child_weight": 4551.048013430113, "num_boost_round": 53.0, "subsample": 0.10586385074782204}, "datetime": {"datetime": "2024-01-20 15:31:13", "elapsed": 4040.99514, "delta": 0.003594}}
{"target": -19.151651544938552, "params": {"colsample_bytree": 0.9800604612379563, "eta": 0.09072694953539026, "gamma": 603.5099014507826, "max_depth": 6.0, "min_child_weight": 4551.048013430113, "num_boost_round": 54.0, "subsample": 0.10586385074782204}, "datetime": {"datetime": "2024-01-20 15:31:13", "elapsed": 4040.998728, "delta": 0.003588}}
{"target": -19.152297212610577, "params": {"colsample_bytree": 0.9800604612379563, "eta": 0.09072694953539026, "gamma": 603.5099014507826, "max_depth": 6.0, "min_child_weight": 4551.048013430113, "num_boost_round": 55.0, "subsample": 0.10586385074782204}, "datetime": {"datetime": "2024-01-20 15:31:13", "elapsed": 4041.002313, "delta": 0.003585}}
{"target": -19.152403940561342, "params": {"colsample_bytree": 0.9800604612379563, "eta": 0.09072694953539026, "gamma": 603.5099014507826, "max_depth": 6.0, "min_child_weight": 4551.048013430113, "num_boost_round": 56.0, "subsample": 0.10586385074782204}, "datetime": {"datetime": "2024-01-20 15:31:13", "elapsed": 4041.006097, "delta": 0.003784}}
{"target": -19.152710911801954, "params": {"colsample_bytree": 0.9800604612379563, "eta": 0.09072694953539026, "gamma": 603.5099014507826, "max_depth": 6.0, "min_child_weight": 4551.048013430113, "num_boost_round": 57.0, "subsample": 0.10586385074782204}, "datetime": {"datetime": "2024-01-20 15:31:13", "elapsed": 4041.009693, "delta": 0.003596}}
{"target": -19.152701746187034, "params": {"colsample_bytree": 0.9800604612379563, "eta": 0.09072694953539026, "gamma": 603.5099014507826, "max_depth": 6.0, "min_child_weight": 4551.048013430113, "num_boost_round": 58.0, "subsample": 0.10586385074782204}, "datetime": {"datetime": "2024-01-20 15:31:13", "elapsed": 4041.013345, "delta": 0.003652}}
{"target": -19.152557790151988, "params": {"colsample_bytree": 0.9800604612379563, "eta": 0.09072694953539026, "gamma": 603.5099014507826, "max_depth": 6.0, "min_child_weight": 4551.048013430113, "num_boost_round": 59.0, "subsample": 0.10586385074782204}, "datetime": {"datetime": "2024-01-20 15:31:13", "elapsed": 4041.016966, "delta": 0.003621}}
{"target": -19.15269339760134, "params": {"colsample_bytree": 0.9800604612379563, "eta": 0.09072694953539026, "gamma": 603.5099014507826, "max_depth": 6.0, "min_child_weight": 4551.048013430113, "num_boost_round": 60.0, "subsample": 0.10586385074782204}, "datetime": {"datetime": "2024-01-20 15:31:13", "elapsed": 4041.020602, "delta": 0.003636}}
