{"target": -19.14460686506051, "params": {"colsample_bytree": 0.7659707606254067, "eta": 0.020486895759328782, "gamma": 703.8900460981595, "max_depth": 8.0, "min_child_weight": 4108.969602075233, "num_boost_round": 17.0, "subsample": 0.5190482805280262}, "datetime": {"datetime": "2024-01-20 14:37:21", "elapsed": 809.117545, "delta": 0.001482}}
{"target": -19.144695462310924, "params": {"colsample_bytree": 0.7659707606254067, "eta": 0.020486895759328782, "gamma": 703.8900460981595, "max_depth": 8.0, "min_child_weight": 4108.969602075233, "num_boost_round": 18.0, "subsample": 0.5190482805280262}, "datetime": {"datetime": "2024-01-20 14:37:21", "elapsed": 809.118994, "delta": 0.001449}}
{"target": -19.14471865555982, "params": {"colsample_bytree": 0.7659707606254067, "eta": 0.020486895759328782, "gamma": 703.8900460981595, "max_depth": 8.0, "min_child_weight": 4108.969602075233, "num_boost_round": 19.0, "subsample": 0.5190482805280262}, "datetime": {"datetime": "2024-01-20 14:37:21", "elapsed": 809.120456, "delta": 0.001462}}
{"target": -19.144895172272996, "params": {"colsample_bytree": 0.7659707606254067, "eta": 0.020486895759328782, "gamma": 703.8900460981595, "max_depth": 8.0, "min_child_weight": 4108.969602075233, "num_boost_round": 20.0, "subsample": 0.5190482805280262}, "datetime": {"datetime": "2024-01-20 14:37:21", "elapsed": 809.121923, "delta": 0.001467}}
{"target": -19.145183999254115, "params": {"colsample_bytree": 0.7659707606254067, "eta": 0.020486895759328782, "gamma": 703.8900460981595, "max_depth": 8.0, "min_child_weight": 4108.969602075233, "num_boost_round": 21.0, "subsample": 0.5190482805280262}, "datetime": {"datetime": "2024-01-20 14:37:21", "elapsed": 809.123407, "delta": 0.001484}}
{"target": -19.145495351718367, "params": {"colsample_bytree": 0.7659707606254067, "eta": 0.020486895759328782, "gamma": 703.8900460981595, "max_depth": 8.0, "min_child_weight": 4108.969602075233, "num_boost_round": 22.0, "subsample": 0.5190482805280262}, "datetime": {"datetime": "2024-01-20 14:37:21", "elapsed": 809.124841, "delta": 0.001434}}
{"target": -19.145552177381994, "params": {"colsample_bytree": 0.7659707606254067, "eta": 0.020486895759328782, "gamma": 703.8900460981595, "max_depth": 8.0, "min_child_weight": 4108.969602075233, "num_boost_round": 23.0, "subsample": 0.5190482805280262}, "datetime": {"datetime": "2024-01-20 14:37:21", "elapsed": 809.126278, "delta": 0.001437}}
{"target": -19.145783802533384, "params": {"colsample_bytree": 0.7659707606254067, "eta": 0.020486895759328782, "gamma": 703.8900460981595, "max_depth": 8.0, "min_child_weight": 4108.969602075233, "num_boost_round": 24.0, "subsample": 0.5190482805280262}, "datetime": {"datetime": "2024-01-20 14:37:21", "elapsed": 809.127779, "delta": 0.001501}}
{"target": -19.14607006339465, "params": {"colsample_bytree": 0.7659707606254067, "eta": 0.020486895759328782, "gamma": 703.8900460981595, "max_depth": 8.0, "min_child_weight": 4108.969602075233, "num_boost_round": 25.0, "subsample": 0.5190482805280262}, "datetime": {"datetime": "2024-01-20 14:37:21", "elapsed": 809.129222, "delta": 0.001443}}
{"target": -19.146068684296765, "params": {"colsample_bytree": 0.7659707606254067, "eta": 0.020486895759328782, "gamma": 703.8900460981595, "max_depth": 8.0, "min_child_weight": 4108.969602075233, "num_boost_round": 26.0, "subsample": 0.5190482805280262}, "datetime": {"datetime": "2024-01-20 14:37:21", "elapsed": 809.13065, "delta": 0.001428}}
{"target": -19.14637224017422, "params": {"colsample_bytree": 0.7659707606254067, "eta": 0.020486895759328782, "gamma": 703.8900460981595, "max_depth": 8.0, "min_child_weight": 4108.969602075233, "num_boost_round": 27.0, "subsample": 0.5190482805280262}, "datetime": {"datetime": "2024-01-20 14:37:21", "elapsed": 809.132073, "delta": 0.001423}}
{"target": -19.14658392743873, "params": {"colsample_bytree": 0.7659707606254067, "eta": 0.020486895759328782, "gamma": 703.8900460981595, "max_depth": 8.0, "min_child_weight": 4108.969602075233, "num_boost_round": 28.0, "subsample": 0.5190482805280262}, "datetime": {"datetime": "2024-01-20 14:37:21", "elapsed": 809.133505, "delta": 0.001432}}
{"target": -19.146618494685523, "params": {"colsample_bytree": 0.7659707606254067, "eta": 0.020486895759328782, "gamma": 703.8900460981595, "max_depth": 8.0, "min_child_weight": 4108.969602075233, "num_boost_round": 29.0, "subsample": 0.5190482805280262}, "datetime": {"datetime": "2024-01-20 14:37:21", "elapsed": 809.134978, "delta": 0.001473}}
{"target": -19.14684958925642, "params": {"colsample_bytree": 0.7659707606254067, "eta": 0.020486895759328782, "gamma": 703.8900460981595, "max_depth": 8.0, "min_child_weight": 4108.969602075233, "num_boost_round": 30.0, "subsample": 0.5190482805280262}, "datetime": {"datetime": "2024-01-20 14:37:21", "elapsed": 809.136399, "delta": 0.001421}}
{"target": -19.146995500025778, "params": {"colsample_bytree": 0.7659707606254067, "eta": 0.020486895759328782, "gamma": 703.8900460981595, "max_depth": 8.0, "min_child_weight": 4108.969602075233, "num_boost_round": 31.0, "subsample": 0.5190482805280262}, "datetime": {"datetime": "2024-01-20 14:37:21", "elapsed": 809.137832, "delta": 0.001433}}
{"target": -19.147178907277343, "params": {"colsample_bytree": 0.7659707606254067, "eta": 0.020486895759328782, "gamma": 703.8900460981595, "max_depth": 8.0, "min_child_weight": 4108.969602075233, "num_boost_round": 32.0, "subsample": 0.5190482805280262}, "datetime": {"datetime": "2024-01-20 14:37:21", "elapsed": 809.139273, "delta": 0.001441}}
{"target": -19.14735015626135, "params": {"colsample_bytree": 0.7659707606254067, "eta": 0.020486895759328782, "gamma": 703.8900460981595, "max_depth": 8.0, "min_child_weight": 4108.969602075233, "num_boost_round": 33.0, "subsample": 0.5190482805280262}, "datetime": {"datetime": "2024-01-20 14:37:21", "elapsed": 809.140719, "delta": 0.001446}}
{"target": -19.14763296613399, "params": {"colsample_bytree": 0.7659707606254067, "eta": 0.020486895759328782, "gamma": 703.8900460981595, "max_depth": 8.0, "min_child_weight": 4108.969602075233, "num_boost_round": 34.0, "subsample": 0.5190482805280262}, "datetime": {"datetime": "2024-01-20 14:37:21", "elapsed": 809.142154, "delta": 0.001435}}
{"target": -19.148023285645454, "params": {"colsample_bytree": 0.7659707606254067, "eta": 0.020486895759328782, "gamma": 703.8900460981595, "max_depth": 8.0, "min_child_weight": 4108.969602075233, "num_boost_round": 35.0, "subsample": 0.5190482805280262}, "datetime": {"datetime": "2024-01-20 14:37:21", "elapsed": 809.143671, "delta": 0.001517}}
{"target": -19.1483062442718, "params": {"colsample_bytree": 0.7659707606254067, "eta": 0.020486895759328782, "gamma": 703.8900460981595, "max_depth": 8.0, "min_child_weight": 4108.969602075233, "num_boost_round": 36.0, "subsample": 0.5190482805280262}, "datetime": {"datetime": "2024-01-20 14:37:21", "elapsed": 809.145127, "delta": 0.001456}}
{"target": -19.14867243333871, "params": {"colsample_bytree": 0.7659707606254067, "eta": 0.020486895759328782, "gamma": 703.8900460981595, "max_depth": 8.0, "min_child_weight": 4108.969602075233, "num_boost_round": 37.0, "subsample": 0.5190482805280262}, "datetime": {"datetime": "2024-01-20 14:37:21", "elapsed": 809.146653, "delta": 0.001526}}
{"target": -19.1487314207775, "params": {"colsample_bytree": 0.7659707606254067, "eta": 0.020486895759328782, "gamma": 703.8900460981595, "max_depth": 8.0, "min_child_weight": 4108.969602075233, "num_boost_round": 38.0, "subsample": 0.5190482805280262}, "datetime": {"datetime": "2024-01-20 14:37:21", "elapsed": 809.148126, "delta": 0.001473}}
{"target": -19.149092074706893, "params": {"colsample_bytree": 0.7659707606254067, "eta": 0.020486895759328782, "gamma": 703.8900460981595, "max_depth": 8.0, "min_child_weight": 4108.969602075233, "num_boost_round": 39.0, "subsample": 0.5190482805280262}, "datetime": {"datetime": "2024-01-20 14:37:21", "elapsed": 809.149626, "delta": 0.0015}}
{"target": -19.149295909090327, "params": {"colsample_bytree": 0.7659707606254067, "eta": 0.020486895759328782, "gamma": 703.8900460981595, "max_depth": 8.0, "min_child_weight": 4108.969602075233, "num_boost_round": 40.0, "subsample": 0.5190482805280262}, "datetime": {"datetime": "2024-01-20 14:37:21", "elapsed": 809.151095, "delta": 0.001469}}
{"target": -19.14944223218255, "params": {"colsample_bytree": 0.7659707606254067, "eta": 0.020486895759328782, "gamma": 703.8900460981595, "max_depth": 8.0, "min_child_weight": 4108.969602075233, "num_boost_round": 41.0, "subsample": 0.5190482805280262}, "datetime": {"datetime": "2024-01-20 14:37:21", "elapsed": 809.152546, "delta": 0.001451}}
{"target": -19.149495018146677, "params": {"colsample_bytree": 0.7659707606254067, "eta": 0.020486895759328782, "gamma": 703.8900460981595, "max_depth": 8.0, "min_child_weight": 4108.969602075233, "num_boost_round": 42.0, "subsample": 0.5190482805280262}, "datetime": {"datetime": "2024-01-20 14:37:21", "elapsed": 809.154029, "delta": 0.001483}}
{"target": -19.14287864542107, "params": {"colsample_bytree": 0.16136293322931125, "eta": 0.045934780507032556, "gamma": 802.2777838474914, "max_depth": 5.0, "min_child_weight": 4163.609468934326, "num_boost_round": 1.0, "subsample": 0.5186466640299398}, "datetime": {"datetime": "2024-01-20 14:37:37", "elapsed": 825.329585, "delta": 16.175556}}
{"target": -19.14265621951723, "params": {"colsample_bytree": 0.16136293322931125, "eta": 0.045934780507032556, "gamma": 802.2777838474914, "max_depth": 5.0, "min_child_weight": 4163.609468934326, "num_boost_round": 2.0, "subsample": 0.5186466640299398}, "datetime": {"datetime": "2024-01-20 14:37:37", "elapsed": 825.332296, "delta": 0.002711}}
{"target": -19.14247344121411, "params": {"colsample_bytree": 0.16136293322931125, "eta": 0.045934780507032556, "gamma": 802.2777838474914, "max_depth": 5.0, "min_child_weight": 4163.609468934326, "num_boost_round": 3.0, "subsample": 0.5186466640299398}, "datetime": {"datetime": "2024-01-20 14:37:37", "elapsed": 825.333907, "delta": 0.001611}}
{"target": -19.143137272536734, "params": {"colsample_bytree": 0.7613283442045019, "eta": 0.009571194276573351, "gamma": 787.2961515384335, "max_depth": 6.0, "min_child_weight": 4109.696919414072, "num_boost_round": 1.0, "subsample": 0.1282729244474119}, "datetime": {"datetime": "2024-01-20 14:38:07", "elapsed": 854.984556, "delta": 29.650649}}
{"target": -19.142989940010867, "params": {"colsample_bytree": 0.7613283442045019, "eta": 0.009571194276573351, "gamma": 787.2961515384335, "max_depth": 6.0, "min_child_weight": 4109.696919414072, "num_boost_round": 2.0, "subsample": 0.1282729244474119}, "datetime": {"datetime": "2024-01-20 14:38:07", "elapsed": 854.986847, "delta": 0.002291}}
{"target": -19.142983539992407, "params": {"colsample_bytree": 0.7613283442045019, "eta": 0.009571194276573351, "gamma": 787.2961515384335, "max_depth": 6.0, "min_child_weight": 4109.696919414072, "num_boost_round": 3.0, "subsample": 0.1282729244474119}, "datetime": {"datetime": "2024-01-20 14:38:07", "elapsed": 854.988422, "delta": 0.001575}}
{"target": -19.14286960196482, "params": {"colsample_bytree": 0.7613283442045019, "eta": 0.009571194276573351, "gamma": 787.2961515384335, "max_depth": 6.0, "min_child_weight": 4109.696919414072, "num_boost_round": 4.0, "subsample": 0.1282729244474119}, "datetime": {"datetime": "2024-01-20 14:38:07", "elapsed": 854.990239, "delta": 0.001817}}
{"target": -19.142791510888788, "params": {"colsample_bytree": 0.7613283442045019, "eta": 0.009571194276573351, "gamma": 787.2961515384335, "max_depth": 6.0, "min_child_weight": 4109.696919414072, "num_boost_round": 5.0, "subsample": 0.1282729244474119}, "datetime": {"datetime": "2024-01-20 14:38:07", "elapsed": 854.991736, "delta": 0.001497}}
{"target": -19.14272715692718, "params": {"colsample_bytree": 0.7613283442045019, "eta": 0.009571194276573351, "gamma": 787.2961515384335, "max_depth": 6.0, "min_child_weight": 4109.696919414072, "num_boost_round": 6.0, "subsample": 0.1282729244474119}, "datetime": {"datetime": "2024-01-20 14:38:07", "elapsed": 854.993242, "delta": 0.001506}}
{"target": -19.142581860405983, "params": {"colsample_bytree": 0.7613283442045019, "eta": 0.009571194276573351, "gamma": 787.2961515384335, "max_depth": 6.0, "min_child_weight": 4109.696919414072, "num_boost_round": 7.0, "subsample": 0.1282729244474119}, "datetime": {"datetime": "2024-01-20 14:38:07", "elapsed": 854.994723, "delta": 0.001481}}
{"target": -19.142492279359317, "params": {"colsample_bytree": 0.7613283442045019, "eta": 0.009571194276573351, "gamma": 787.2961515384335, "max_depth": 6.0, "min_child_weight": 4109.696919414072, "num_boost_round": 8.0, "subsample": 0.1282729244474119}, "datetime": {"datetime": "2024-01-20 14:38:07", "elapsed": 854.99627, "delta": 0.001547}}
{"target": -19.142392827866153, "params": {"colsample_bytree": 0.7613283442045019, "eta": 0.009571194276573351, "gamma": 787.2961515384335, "max_depth": 6.0, "min_child_weight": 4109.696919414072, "num_boost_round": 9.0, "subsample": 0.1282729244474119}, "datetime": {"datetime": "2024-01-20 14:38:07", "elapsed": 854.997747, "delta": 0.001477}}
{"target": -19.142361572130973, "params": {"colsample_bytree": 0.7613283442045019, "eta": 0.009571194276573351, "gamma": 787.2961515384335, "max_depth": 6.0, "min_child_weight": 4109.696919414072, "num_boost_round": 10.0, "subsample": 0.1282729244474119}, "datetime": {"datetime": "2024-01-20 14:38:07", "elapsed": 854.999239, "delta": 0.001492}}
{"target": -19.142332271157144, "params": {"colsample_bytree": 0.7613283442045019, "eta": 0.009571194276573351, "gamma": 787.2961515384335, "max_depth": 6.0, "min_child_weight": 4109.696919414072, "num_boost_round": 11.0, "subsample": 0.1282729244474119}, "datetime": {"datetime": "2024-01-20 14:38:07", "elapsed": 855.000718, "delta": 0.001479}}
{"target": -19.142297470271117, "params": {"colsample_bytree": 0.7613283442045019, "eta": 0.009571194276573351, "gamma": 787.2961515384335, "max_depth": 6.0, "min_child_weight": 4109.696919414072, "num_boost_round": 12.0, "subsample": 0.1282729244474119}, "datetime": {"datetime": "2024-01-20 14:38:07", "elapsed": 855.002253, "delta": 0.001535}}
{"target": -19.142308441510735, "params": {"colsample_bytree": 0.7613283442045019, "eta": 0.009571194276573351, "gamma": 787.2961515384335, "max_depth": 6.0, "min_child_weight": 4109.696919414072, "num_boost_round": 13.0, "subsample": 0.1282729244474119}, "datetime": {"datetime": "2024-01-20 14:38:07", "elapsed": 855.003727, "delta": 0.001474}}
{"target": -19.14229093325566, "params": {"colsample_bytree": 0.7613283442045019, "eta": 0.009571194276573351, "gamma": 787.2961515384335, "max_depth": 6.0, "min_child_weight": 4109.696919414072, "num_boost_round": 14.0, "subsample": 0.1282729244474119}, "datetime": {"datetime": "2024-01-20 14:38:07", "elapsed": 855.005207, "delta": 0.00148}}
{"target": -19.14221732303853, "params": {"colsample_bytree": 0.7613283442045019, "eta": 0.009571194276573351, "gamma": 787.2961515384335, "max_depth": 6.0, "min_child_weight": 4109.696919414072, "num_boost_round": 15.0, "subsample": 0.1282729244474119}, "datetime": {"datetime": "2024-01-20 14:38:07", "elapsed": 855.006771, "delta": 0.001564}}
{"target": -19.14212087105641, "params": {"colsample_bytree": 0.7613283442045019, "eta": 0.009571194276573351, "gamma": 787.2961515384335, "max_depth": 6.0, "min_child_weight": 4109.696919414072, "num_boost_round": 16.0, "subsample": 0.1282729244474119}, "datetime": {"datetime": "2024-01-20 14:38:07", "elapsed": 855.008255, "delta": 0.001484}}
{"target": -19.142100234510465, "params": {"colsample_bytree": 0.7613283442045019, "eta": 0.009571194276573351, "gamma": 787.2961515384335, "max_depth": 6.0, "min_child_weight": 4109.696919414072, "num_boost_round": 17.0, "subsample": 0.1282729244474119}, "datetime": {"datetime": "2024-01-20 14:38:07", "elapsed": 855.009734, "delta": 0.001479}}
{"target": -19.141978526911405, "params": {"colsample_bytree": 0.7613283442045019, "eta": 0.009571194276573351, "gamma": 787.2961515384335, "max_depth": 6.0, "min_child_weight": 4109.696919414072, "num_boost_round": 18.0, "subsample": 0.1282729244474119}, "datetime": {"datetime": "2024-01-20 14:38:07", "elapsed": 855.011205, "delta": 0.001471}}
{"target": -19.141999499068753, "params": {"colsample_bytree": 0.7613283442045019, "eta": 0.009571194276573351, "gamma": 787.2961515384335, "max_depth": 6.0, "min_child_weight": 4109.696919414072, "num_boost_round": 19.0, "subsample": 0.1282729244474119}, "datetime": {"datetime": "2024-01-20 14:38:07", "elapsed": 855.012678, "delta": 0.001473}}
{"target": -19.141909456852368, "params": {"colsample_bytree": 0.7613283442045019, "eta": 0.009571194276573351, "gamma": 787.2961515384335, "max_depth": 6.0, "min_child_weight": 4109.696919414072, "num_boost_round": 20.0, "subsample": 0.1282729244474119}, "datetime": {"datetime": "2024-01-20 14:38:07", "elapsed": 855.014162, "delta": 0.001484}}
{"target": -19.14189622969826, "params": {"colsample_bytree": 0.7613283442045019, "eta": 0.009571194276573351, "gamma": 787.2961515384335, "max_depth": 6.0, "min_child_weight": 4109.696919414072, "num_boost_round": 21.0, "subsample": 0.1282729244474119}, "datetime": {"datetime": "2024-01-20 14:38:07", "elapsed": 855.015774, "delta": 0.001612}}
{"target": -19.141862805583894, "params": {"colsample_bytree": 0.7613283442045019, "eta": 0.009571194276573351, "gamma": 787.2961515384335, "max_depth": 6.0, "min_child_weight": 4109.696919414072, "num_boost_round": 22.0, "subsample": 0.1282729244474119}, "datetime": {"datetime": "2024-01-20 14:38:07", "elapsed": 855.017306, "delta": 0.001532}}
{"target": -19.141770165065125, "params": {"colsample_bytree": 0.7613283442045019, "eta": 0.009571194276573351, "gamma": 787.2961515384335, "max_depth": 6.0, "min_child_weight": 4109.696919414072, "num_boost_round": 23.0, "subsample": 0.1282729244474119}, "datetime": {"datetime": "2024-01-20 14:38:07", "elapsed": 855.018792, "delta": 0.001486}}
{"target": -19.14172939593305, "params": {"colsample_bytree": 0.7613283442045019, "eta": 0.009571194276573351, "gamma": 787.2961515384335, "max_depth": 6.0, "min_child_weight": 4109.696919414072, "num_boost_round": 24.0, "subsample": 0.1282729244474119}, "datetime": {"datetime": "2024-01-20 14:38:07", "elapsed": 855.020279, "delta": 0.001487}}
{"target": -19.141724124162533, "params": {"colsample_bytree": 0.7613283442045019, "eta": 0.009571194276573351, "gamma": 787.2961515384335, "max_depth": 6.0, "min_child_weight": 4109.696919414072, "num_boost_round": 25.0, "subsample": 0.1282729244474119}, "datetime": {"datetime": "2024-01-20 14:38:07", "elapsed": 855.021765, "delta": 0.001486}}
{"target": -19.141663513669652, "params": {"colsample_bytree": 0.7613283442045019, "eta": 0.009571194276573351, "gamma": 787.2961515384335, "max_depth": 6.0, "min_child_weight": 4109.696919414072, "num_boost_round": 26.0, "subsample": 0.1282729244474119}, "datetime": {"datetime": "2024-01-20 14:38:07", "elapsed": 855.023302, "delta": 0.001537}}
{"target": -19.14162865757295, "params": {"colsample_bytree": 0.7613283442045019, "eta": 0.009571194276573351, "gamma": 787.2961515384335, "max_depth": 6.0, "min_child_weight": 4109.696919414072, "num_boost_round": 27.0, "subsample": 0.1282729244474119}, "datetime": {"datetime": "2024-01-20 14:38:07", "elapsed": 855.024788, "delta": 0.001486}}
{"target": -19.14161255775508, "params": {"colsample_bytree": 0.7613283442045019, "eta": 0.009571194276573351, "gamma": 787.2961515384335, "max_depth": 6.0, "min_child_weight": 4109.696919414072, "num_boost_round": 28.0, "subsample": 0.1282729244474119}, "datetime": {"datetime": "2024-01-20 14:38:07", "elapsed": 855.026378, "delta": 0.00159}}
{"target": -19.14153172827025, "params": {"colsample_bytree": 0.7613283442045019, "eta": 0.009571194276573351, "gamma": 787.2961515384335, "max_depth": 6.0, "min_child_weight": 4109.696919414072, "num_boost_round": 29.0, "subsample": 0.1282729244474119}, "datetime": {"datetime": "2024-01-20 14:38:07", "elapsed": 855.027882, "delta": 0.001504}}
{"target": -19.141471767295606, "params": {"colsample_bytree": 0.7613283442045019, "eta": 0.009571194276573351, "gamma": 787.2961515384335, "max_depth": 6.0, "min_child_weight": 4109.696919414072, "num_boost_round": 30.0, "subsample": 0.1282729244474119}, "datetime": {"datetime": "2024-01-20 14:38:07", "elapsed": 855.029369, "delta": 0.001487}}
{"target": -19.141404304953976, "params": {"colsample_bytree": 0.7613283442045019, "eta": 0.009571194276573351, "gamma": 787.2961515384335, "max_depth": 6.0, "min_child_weight": 4109.696919414072, "num_boost_round": 31.0, "subsample": 0.1282729244474119}, "datetime": {"datetime": "2024-01-20 14:38:07", "elapsed": 855.030866, "delta": 0.001497}}
{"target": -19.14346516482523, "params": {"colsample_bytree": 0.4141149095385702, "eta": 0.04207258645473308, "gamma": 808.9150874325335, "max_depth": 7.0, "min_child_weight": 4169.910258429765, "num_boost_round": 1.0, "subsample": 0.8853214622252265}, "datetime": {"datetime": "2024-01-20 14:39:01", "elapsed": 909.764981, "delta": 54.734115}}
{"target": -19.143536767991414, "params": {"colsample_bytree": 0.4141149095385702, "eta": 0.04207258645473308, "gamma": 808.9150874325335, "max_depth": 7.0, "min_child_weight": 4169.910258429765, "num_boost_round": 2.0, "subsample": 0.8853214622252265}, "datetime": {"datetime": "2024-01-20 14:39:01", "elapsed": 909.766798, "delta": 0.001817}}
{"target": -19.143788006678065, "params": {"colsample_bytree": 0.4141149095385702, "eta": 0.04207258645473308, "gamma": 808.9150874325335, "max_depth": 7.0, "min_child_weight": 4169.910258429765, "num_boost_round": 3.0, "subsample": 0.8853214622252265}, "datetime": {"datetime": "2024-01-20 14:39:01", "elapsed": 909.76845, "delta": 0.001652}}
