{"target": -13.397948583822256, "params": {"colsample_bytree": 0.6364711283852305, "eta": 0.012135754963528313, "gamma": 257.83708531836345, "max_depth": 2.0, "min_child_weight": 3569.572364248079, "num_boost_round": 7.0, "subsample": 0.4099414886957189}, "datetime": {"datetime": "2024-01-20 15:22:44", "elapsed": 3499.108266, "delta": 0.003048}}
{"target": -13.398001504612347, "params": {"colsample_bytree": 0.6364711283852305, "eta": 0.012135754963528313, "gamma": 257.83708531836345, "max_depth": 2.0, "min_child_weight": 3569.572364248079, "num_boost_round": 8.0, "subsample": 0.4099414886957189}, "datetime": {"datetime": "2024-01-20 15:22:44", "elapsed": 3499.111518, "delta": 0.003252}}
{"target": -13.398060212617235, "params": {"colsample_bytree": 0.6364711283852305, "eta": 0.012135754963528313, "gamma": 257.83708531836345, "max_depth": 2.0, "min_child_weight": 3569.572364248079, "num_boost_round": 9.0, "subsample": 0.4099414886957189}, "datetime": {"datetime": "2024-01-20 15:22:44", "elapsed": 3499.114568, "delta": 0.00305}}
{"target": -13.39806575845413, "params": {"colsample_bytree": 0.6364711283852305, "eta": 0.012135754963528313, "gamma": 257.83708531836345, "max_depth": 2.0, "min_child_weight": 3569.572364248079, "num_boost_round": 10.0, "subsample": 0.4099414886957189}, "datetime": {"datetime": "2024-01-20 15:22:44", "elapsed": 3499.117889, "delta": 0.003321}}
{"target": -13.398095496127308, "params": {"colsample_bytree": 0.6364711283852305, "eta": 0.012135754963528313, "gamma": 257.83708531836345, "max_depth": 2.0, "min_child_weight": 3569.572364248079, "num_boost_round": 11.0, "subsample": 0.4099414886957189}, "datetime": {"datetime": "2024-01-20 15:22:44", "elapsed": 3499.12091, "delta": 0.003021}}
{"target": -13.398183226783182, "params": {"colsample_bytree": 0.6364711283852305, "eta": 0.012135754963528313, "gamma": 257.83708531836345, "max_depth": 2.0, "min_child_weight": 3569.572364248079, "num_boost_round": 12.0, "subsample": 0.4099414886957189}, "datetime": {"datetime": "2024-01-20 15:22:44", "elapsed": 3499.12402, "delta": 0.00311}}
{"target": -13.398206322955772, "params": {"colsample_bytree": 0.6364711283852305, "eta": 0.012135754963528313, "gamma": 257.83708531836345, "max_depth": 2.0, "min_child_weight": 3569.572364248079, "num_boost_round": 13.0, "subsample": 0.4099414886957189}, "datetime": {"datetime": "2024-01-20 15:22:44", "elapsed": 3499.127154, "delta": 0.003134}}
{"target": -13.398233593472748, "params": {"colsample_bytree": 0.6364711283852305, "eta": 0.012135754963528313, "gamma": 257.83708531836345, "max_depth": 2.0, "min_child_weight": 3569.572364248079, "num_boost_round": 14.0, "subsample": 0.4099414886957189}, "datetime": {"datetime": "2024-01-20 15:22:44", "elapsed": 3499.130475, "delta": 0.003321}}
{"target": -13.398312630865545, "params": {"colsample_bytree": 0.6364711283852305, "eta": 0.012135754963528313, "gamma": 257.83708531836345, "max_depth": 2.0, "min_child_weight": 3569.572364248079, "num_boost_round": 15.0, "subsample": 0.4099414886957189}, "datetime": {"datetime": "2024-01-20 15:22:44", "elapsed": 3499.133544, "delta": 0.003069}}
{"target": -13.398310806137388, "params": {"colsample_bytree": 0.6364711283852305, "eta": 0.012135754963528313, "gamma": 257.83708531836345, "max_depth": 2.0, "min_child_weight": 3569.572364248079, "num_boost_round": 16.0, "subsample": 0.4099414886957189}, "datetime": {"datetime": "2024-01-20 15:22:44", "elapsed": 3499.136673, "delta": 0.003129}}
{"target": -13.398391744711262, "params": {"colsample_bytree": 0.6364711283852305, "eta": 0.012135754963528313, "gamma": 257.83708531836345, "max_depth": 2.0, "min_child_weight": 3569.572364248079, "num_boost_round": 17.0, "subsample": 0.4099414886957189}, "datetime": {"datetime": "2024-01-20 15:22:44", "elapsed": 3499.139908, "delta": 0.003235}}
{"target": -13.398473173126908, "params": {"colsample_bytree": 0.6364711283852305, "eta": 0.012135754963528313, "gamma": 257.83708531836345, "max_depth": 2.0, "min_child_weight": 3569.572364248079, "num_boost_round": 18.0, "subsample": 0.4099414886957189}, "datetime": {"datetime": "2024-01-20 15:22:44", "elapsed": 3499.143072, "delta": 0.003164}}
{"target": -13.398569084686264, "params": {"colsample_bytree": 0.6364711283852305, "eta": 0.012135754963528313, "gamma": 257.83708531836345, "max_depth": 2.0, "min_child_weight": 3569.572364248079, "num_boost_round": 19.0, "subsample": 0.4099414886957189}, "datetime": {"datetime": "2024-01-20 15:22:44", "elapsed": 3499.14612, "delta": 0.003048}}
{"target": -13.398664598711786, "params": {"colsample_bytree": 0.6364711283852305, "eta": 0.012135754963528313, "gamma": 257.83708531836345, "max_depth": 2.0, "min_child_weight": 3569.572364248079, "num_boost_round": 20.0, "subsample": 0.4099414886957189}, "datetime": {"datetime": "2024-01-20 15:22:44", "elapsed": 3499.149477, "delta": 0.003357}}
{"target": -13.398737463409633, "params": {"colsample_bytree": 0.6364711283852305, "eta": 0.012135754963528313, "gamma": 257.83708531836345, "max_depth": 2.0, "min_child_weight": 3569.572364248079, "num_boost_round": 21.0, "subsample": 0.4099414886957189}, "datetime": {"datetime": "2024-01-20 15:22:44", "elapsed": 3499.152587, "delta": 0.00311}}
{"target": -13.398802065856353, "params": {"colsample_bytree": 0.6364711283852305, "eta": 0.012135754963528313, "gamma": 257.83708531836345, "max_depth": 2.0, "min_child_weight": 3569.572364248079, "num_boost_round": 22.0, "subsample": 0.4099414886957189}, "datetime": {"datetime": "2024-01-20 15:22:44", "elapsed": 3499.155785, "delta": 0.003198}}
{"target": -13.39881986933116, "params": {"colsample_bytree": 0.6364711283852305, "eta": 0.012135754963528313, "gamma": 257.83708531836345, "max_depth": 2.0, "min_child_weight": 3569.572364248079, "num_boost_round": 23.0, "subsample": 0.4099414886957189}, "datetime": {"datetime": "2024-01-20 15:22:44", "elapsed": 3499.158901, "delta": 0.003116}}
{"target": -13.398890702780488, "params": {"colsample_bytree": 0.6364711283852305, "eta": 0.012135754963528313, "gamma": 257.83708531836345, "max_depth": 2.0, "min_child_weight": 3569.572364248079, "num_boost_round": 24.0, "subsample": 0.4099414886957189}, "datetime": {"datetime": "2024-01-20 15:22:44", "elapsed": 3499.162031, "delta": 0.00313}}
{"target": -13.398990431405966, "params": {"colsample_bytree": 0.6364711283852305, "eta": 0.012135754963528313, "gamma": 257.83708531836345, "max_depth": 2.0, "min_child_weight": 3569.572364248079, "num_boost_round": 25.0, "subsample": 0.4099414886957189}, "datetime": {"datetime": "2024-01-20 15:22:44", "elapsed": 3499.165096, "delta": 0.003065}}
{"target": -13.39907393228174, "params": {"colsample_bytree": 0.6364711283852305, "eta": 0.012135754963528313, "gamma": 257.83708531836345, "max_depth": 2.0, "min_child_weight": 3569.572364248079, "num_boost_round": 26.0, "subsample": 0.4099414886957189}, "datetime": {"datetime": "2024-01-20 15:22:44", "elapsed": 3499.168226, "delta": 0.00313}}
{"target": -13.399162194089289, "params": {"colsample_bytree": 0.6364711283852305, "eta": 0.012135754963528313, "gamma": 257.83708531836345, "max_depth": 2.0, "min_child_weight": 3569.572364248079, "num_boost_round": 27.0, "subsample": 0.4099414886957189}, "datetime": {"datetime": "2024-01-20 15:22:44", "elapsed": 3499.17141, "delta": 0.003184}}
{"target": -13.399265857572713, "params": {"colsample_bytree": 0.6364711283852305, "eta": 0.012135754963528313, "gamma": 257.83708531836345, "max_depth": 2.0, "min_child_weight": 3569.572364248079, "num_boost_round": 28.0, "subsample": 0.4099414886957189}, "datetime": {"datetime": "2024-01-20 15:22:44", "elapsed": 3499.174542, "delta": 0.003132}}
{"target": -13.399310581392648, "params": {"colsample_bytree": 0.6364711283852305, "eta": 0.012135754963528313, "gamma": 257.83708531836345, "max_depth": 2.0, "min_child_weight": 3569.572364248079, "num_boost_round": 29.0, "subsample": 0.4099414886957189}, "datetime": {"datetime": "2024-01-20 15:22:44", "elapsed": 3499.17786, "delta": 0.003318}}
{"target": -13.399433740225906, "params": {"colsample_bytree": 0.6364711283852305, "eta": 0.012135754963528313, "gamma": 257.83708531836345, "max_depth": 2.0, "min_child_weight": 3569.572364248079, "num_boost_round": 30.0, "subsample": 0.4099414886957189}, "datetime": {"datetime": "2024-01-20 15:22:44", "elapsed": 3499.181003, "delta": 0.003143}}
{"target": -13.399483042508896, "params": {"colsample_bytree": 0.6364711283852305, "eta": 0.012135754963528313, "gamma": 257.83708531836345, "max_depth": 2.0, "min_child_weight": 3569.572364248079, "num_boost_round": 31.0, "subsample": 0.4099414886957189}, "datetime": {"datetime": "2024-01-20 15:22:44", "elapsed": 3499.184093, "delta": 0.00309}}
{"target": -13.399541081803264, "params": {"colsample_bytree": 0.6364711283852305, "eta": 0.012135754963528313, "gamma": 257.83708531836345, "max_depth": 2.0, "min_child_weight": 3569.572364248079, "num_boost_round": 32.0, "subsample": 0.4099414886957189}, "datetime": {"datetime": "2024-01-20 15:22:44", "elapsed": 3499.1873, "delta": 0.003207}}
{"target": -13.399609734205066, "params": {"colsample_bytree": 0.6364711283852305, "eta": 0.012135754963528313, "gamma": 257.83708531836345, "max_depth": 2.0, "min_child_weight": 3569.572364248079, "num_boost_round": 33.0, "subsample": 0.4099414886957189}, "datetime": {"datetime": "2024-01-20 15:22:44", "elapsed": 3499.190655, "delta": 0.003355}}
{"target": -13.399661639776038, "params": {"colsample_bytree": 0.6364711283852305, "eta": 0.012135754963528313, "gamma": 257.83708531836345, "max_depth": 2.0, "min_child_weight": 3569.572364248079, "num_boost_round": 34.0, "subsample": 0.4099414886957189}, "datetime": {"datetime": "2024-01-20 15:22:44", "elapsed": 3499.194064, "delta": 0.003409}}
{"target": -13.399790741681716, "params": {"colsample_bytree": 0.6364711283852305, "eta": 0.012135754963528313, "gamma": 257.83708531836345, "max_depth": 2.0, "min_child_weight": 3569.572364248079, "num_boost_round": 35.0, "subsample": 0.4099414886957189}, "datetime": {"datetime": "2024-01-20 15:22:44", "elapsed": 3499.197204, "delta": 0.00314}}
{"target": -13.399846456760045, "params": {"colsample_bytree": 0.6364711283852305, "eta": 0.012135754963528313, "gamma": 257.83708531836345, "max_depth": 2.0, "min_child_weight": 3569.572364248079, "num_boost_round": 36.0, "subsample": 0.4099414886957189}, "datetime": {"datetime": "2024-01-20 15:22:44", "elapsed": 3499.200556, "delta": 0.003352}}
{"target": -13.399947713104714, "params": {"colsample_bytree": 0.6364711283852305, "eta": 0.012135754963528313, "gamma": 257.83708531836345, "max_depth": 2.0, "min_child_weight": 3569.572364248079, "num_boost_round": 37.0, "subsample": 0.4099414886957189}, "datetime": {"datetime": "2024-01-20 15:22:44", "elapsed": 3499.203903, "delta": 0.003347}}
{"target": -13.399985901255082, "params": {"colsample_bytree": 0.6364711283852305, "eta": 0.012135754963528313, "gamma": 257.83708531836345, "max_depth": 2.0, "min_child_weight": 3569.572364248079, "num_boost_round": 38.0, "subsample": 0.4099414886957189}, "datetime": {"datetime": "2024-01-20 15:22:44", "elapsed": 3499.207067, "delta": 0.003164}}
{"target": -13.400106022603474, "params": {"colsample_bytree": 0.6364711283852305, "eta": 0.012135754963528313, "gamma": 257.83708531836345, "max_depth": 2.0, "min_child_weight": 3569.572364248079, "num_boost_round": 39.0, "subsample": 0.4099414886957189}, "datetime": {"datetime": "2024-01-20 15:22:44", "elapsed": 3499.210271, "delta": 0.003204}}
{"target": -13.400164155384019, "params": {"colsample_bytree": 0.6364711283852305, "eta": 0.012135754963528313, "gamma": 257.83708531836345, "max_depth": 2.0, "min_child_weight": 3569.572364248079, "num_boost_round": 40.0, "subsample": 0.4099414886957189}, "datetime": {"datetime": "2024-01-20 15:22:44", "elapsed": 3499.213435, "delta": 0.003164}}
{"target": -13.400257800354833, "params": {"colsample_bytree": 0.6364711283852305, "eta": 0.012135754963528313, "gamma": 257.83708531836345, "max_depth": 2.0, "min_child_weight": 3569.572364248079, "num_boost_round": 41.0, "subsample": 0.4099414886957189}, "datetime": {"datetime": "2024-01-20 15:22:44", "elapsed": 3499.216485, "delta": 0.00305}}
{"target": -13.4003266369186, "params": {"colsample_bytree": 0.6364711283852305, "eta": 0.012135754963528313, "gamma": 257.83708531836345, "max_depth": 2.0, "min_child_weight": 3569.572364248079, "num_boost_round": 42.0, "subsample": 0.4099414886957189}, "datetime": {"datetime": "2024-01-20 15:22:44", "elapsed": 3499.21973, "delta": 0.003245}}
{"target": -13.400388989382261, "params": {"colsample_bytree": 0.6364711283852305, "eta": 0.012135754963528313, "gamma": 257.83708531836345, "max_depth": 2.0, "min_child_weight": 3569.572364248079, "num_boost_round": 43.0, "subsample": 0.4099414886957189}, "datetime": {"datetime": "2024-01-20 15:22:44", "elapsed": 3499.222766, "delta": 0.003036}}
{"target": -13.400490958155387, "params": {"colsample_bytree": 0.6364711283852305, "eta": 0.012135754963528313, "gamma": 257.83708531836345, "max_depth": 2.0, "min_child_weight": 3569.572364248079, "num_boost_round": 44.0, "subsample": 0.4099414886957189}, "datetime": {"datetime": "2024-01-20 15:22:44", "elapsed": 3499.225988, "delta": 0.003222}}
{"target": -13.400511415699695, "params": {"colsample_bytree": 0.6364711283852305, "eta": 0.012135754963528313, "gamma": 257.83708531836345, "max_depth": 2.0, "min_child_weight": 3569.572364248079, "num_boost_round": 45.0, "subsample": 0.4099414886957189}, "datetime": {"datetime": "2024-01-20 15:22:44", "elapsed": 3499.229227, "delta": 0.003239}}
{"target": -13.39809842086526, "params": {"colsample_bytree": 0.620925413071113, "eta": 0.04485449901194479, "gamma": 657.042166362622, "max_depth": 3.0, "min_child_weight": 3852.601936434638, "num_boost_round": 1.0, "subsample": 0.7911379077925254}, "datetime": {"datetime": "2024-01-20 15:23:17", "elapsed": 3532.096841, "delta": 32.867614}}
{"target": -13.398391800840404, "params": {"colsample_bytree": 0.620925413071113, "eta": 0.04485449901194479, "gamma": 657.042166362622, "max_depth": 3.0, "min_child_weight": 3852.601936434638, "num_boost_round": 2.0, "subsample": 0.7911379077925254}, "datetime": {"datetime": "2024-01-20 15:23:17", "elapsed": 3532.102738, "delta": 0.005897}}
{"target": -13.398727172633036, "params": {"colsample_bytree": 0.620925413071113, "eta": 0.04485449901194479, "gamma": 657.042166362622, "max_depth": 3.0, "min_child_weight": 3852.601936434638, "num_boost_round": 3.0, "subsample": 0.7911379077925254}, "datetime": {"datetime": "2024-01-20 15:23:17", "elapsed": 3532.106424, "delta": 0.003686}}
{"target": -13.399135287903583, "params": {"colsample_bytree": 0.620925413071113, "eta": 0.04485449901194479, "gamma": 657.042166362622, "max_depth": 3.0, "min_child_weight": 3852.601936434638, "num_boost_round": 4.0, "subsample": 0.7911379077925254}, "datetime": {"datetime": "2024-01-20 15:23:17", "elapsed": 3532.109862, "delta": 0.003438}}
{"target": -13.3981242169889, "params": {"colsample_bytree": 0.9314821048021339, "eta": 0.06286167140903537, "gamma": 519.4369117117521, "max_depth": 2.0, "min_child_weight": 3263.172326614856, "num_boost_round": 1.0, "subsample": 0.47633628594840605}, "datetime": {"datetime": "2024-01-20 15:23:56", "elapsed": 3570.845043, "delta": 38.735181}}
{"target": -13.398068905366287, "params": {"colsample_bytree": 0.9314821048021339, "eta": 0.06286167140903537, "gamma": 519.4369117117521, "max_depth": 2.0, "min_child_weight": 3263.172326614856, "num_boost_round": 2.0, "subsample": 0.47633628594840605}, "datetime": {"datetime": "2024-01-20 15:23:56", "elapsed": 3570.848526, "delta": 0.003483}}
{"target": -13.398532849049651, "params": {"colsample_bytree": 0.9314821048021339, "eta": 0.06286167140903537, "gamma": 519.4369117117521, "max_depth": 2.0, "min_child_weight": 3263.172326614856, "num_boost_round": 3.0, "subsample": 0.47633628594840605}, "datetime": {"datetime": "2024-01-20 15:23:56", "elapsed": 3570.853358, "delta": 0.004832}}
{"target": -13.39885718106268, "params": {"colsample_bytree": 0.9314821048021339, "eta": 0.06286167140903537, "gamma": 519.4369117117521, "max_depth": 2.0, "min_child_weight": 3263.172326614856, "num_boost_round": 4.0, "subsample": 0.47633628594840605}, "datetime": {"datetime": "2024-01-20 15:23:56", "elapsed": 3570.856691, "delta": 0.003333}}
{"target": -13.399159157840648, "params": {"colsample_bytree": 0.9314821048021339, "eta": 0.06286167140903537, "gamma": 519.4369117117521, "max_depth": 2.0, "min_child_weight": 3263.172326614856, "num_boost_round": 5.0, "subsample": 0.47633628594840605}, "datetime": {"datetime": "2024-01-20 15:23:56", "elapsed": 3570.860022, "delta": 0.003331}}
{"target": -13.399881453090844, "params": {"colsample_bytree": 0.9314821048021339, "eta": 0.06286167140903537, "gamma": 519.4369117117521, "max_depth": 2.0, "min_child_weight": 3263.172326614856, "num_boost_round": 6.0, "subsample": 0.47633628594840605}, "datetime": {"datetime": "2024-01-20 15:23:56", "elapsed": 3570.863182, "delta": 0.00316}}
{"target": -13.400455780669379, "params": {"colsample_bytree": 0.9314821048021339, "eta": 0.06286167140903537, "gamma": 519.4369117117521, "max_depth": 2.0, "min_child_weight": 3263.172326614856, "num_boost_round": 7.0, "subsample": 0.47633628594840605}, "datetime": {"datetime": "2024-01-20 15:23:56", "elapsed": 3570.866275, "delta": 0.003093}}
{"target": -13.397552441718945, "params": {"colsample_bytree": 0.4405683293172593, "eta": 0.08515395029257919, "gamma": 686.3769347317626, "max_depth": 4.0, "min_child_weight": 4220.82702063277, "num_boost_round": 1.0, "subsample": 0.1091907962178647}, "datetime": {"datetime": "2024-01-20 15:24:30", "elapsed": 3604.700846, "delta": 33.834571}}
{"target": -13.397866171865008, "params": {"colsample_bytree": 0.48119150614642014, "eta": 0.031058830721125343, "gamma": 361.36362482671956, "max_depth": 4.0, "min_child_weight": 3815.287263101742, "num_boost_round": 1.0, "subsample": 0.7101712054796343}, "datetime": {"datetime": "2024-01-20 15:25:02", "elapsed": 3637.108563, "delta": 32.407717}}
{"target": -13.397896604872738, "params": {"colsample_bytree": 0.48119150614642014, "eta": 0.031058830721125343, "gamma": 361.36362482671956, "max_depth": 4.0, "min_child_weight": 3815.287263101742, "num_boost_round": 2.0, "subsample": 0.7101712054796343}, "datetime": {"datetime": "2024-01-20 15:25:02", "elapsed": 3637.112013, "delta": 0.00345}}
{"target": -13.397747688214778, "params": {"colsample_bytree": 0.48119150614642014, "eta": 0.031058830721125343, "gamma": 361.36362482671956, "max_depth": 4.0, "min_child_weight": 3815.287263101742, "num_boost_round": 3.0, "subsample": 0.7101712054796343}, "datetime": {"datetime": "2024-01-20 15:25:02", "elapsed": 3637.115724, "delta": 0.003711}}
{"target": -13.397805404860275, "params": {"colsample_bytree": 0.426419229534053, "eta": 0.05007107554203995, "gamma": 982.4359764346796, "max_depth": 3.0, "min_child_weight": 4097.977080613829, "num_boost_round": 1.0, "subsample": 0.20961518265618956}, "datetime": {"datetime": "2024-01-20 15:25:46", "elapsed": 3681.294519, "delta": 44.178795}}
{"target": -13.397760854814756, "params": {"colsample_bytree": 0.426419229534053, "eta": 0.05007107554203995, "gamma": 982.4359764346796, "max_depth": 3.0, "min_child_weight": 4097.977080613829, "num_boost_round": 2.0, "subsample": 0.20961518265618956}, "datetime": {"datetime": "2024-01-20 15:25:46", "elapsed": 3681.297993, "delta": 0.003474}}
{"target": -13.397568933734801, "params": {"colsample_bytree": 0.426419229534053, "eta": 0.05007107554203995, "gamma": 982.4359764346796, "max_depth": 3.0, "min_child_weight": 4097.977080613829, "num_boost_round": 3.0, "subsample": 0.20961518265618956}, "datetime": {"datetime": "2024-01-20 15:25:46", "elapsed": 3681.301187, "delta": 0.003194}}
{"target": -13.397570760666499, "params": {"colsample_bytree": 0.426419229534053, "eta": 0.05007107554203995, "gamma": 982.4359764346796, "max_depth": 3.0, "min_child_weight": 4097.977080613829, "num_boost_round": 4.0, "subsample": 0.20961518265618956}, "datetime": {"datetime": "2024-01-20 15:25:46", "elapsed": 3681.304372, "delta": 0.003185}}
{"target": -13.397637046502489, "params": {"colsample_bytree": 0.426419229534053, "eta": 0.05007107554203995, "gamma": 982.4359764346796, "max_depth": 3.0, "min_child_weight": 4097.977080613829, "num_boost_round": 5.0, "subsample": 0.20961518265618956}, "datetime": {"datetime": "2024-01-20 15:25:46", "elapsed": 3681.30746, "delta": 0.003088}}
{"target": -13.397585933807212, "params": {"colsample_bytree": 0.426419229534053, "eta": 0.05007107554203995, "gamma": 982.4359764346796, "max_depth": 3.0, "min_child_weight": 4097.977080613829, "num_boost_round": 6.0, "subsample": 0.20961518265618956}, "datetime": {"datetime": "2024-01-20 15:25:46", "elapsed": 3681.310631, "delta": 0.003171}}
{"target": -13.397664517839125, "params": {"colsample_bytree": 0.426419229534053, "eta": 0.05007107554203995, "gamma": 982.4359764346796, "max_depth": 3.0, "min_child_weight": 4097.977080613829, "num_boost_round": 7.0, "subsample": 0.20961518265618956}, "datetime": {"datetime": "2024-01-20 15:25:46", "elapsed": 3681.313748, "delta": 0.003117}}
{"target": -13.397818840838566, "params": {"colsample_bytree": 0.426419229534053, "eta": 0.05007107554203995, "gamma": 982.4359764346796, "max_depth": 3.0, "min_child_weight": 4097.977080613829, "num_boost_round": 8.0, "subsample": 0.20961518265618956}, "datetime": {"datetime": "2024-01-20 15:25:46", "elapsed": 3681.316844, "delta": 0.003096}}
{"target": -13.397965221889962, "params": {"colsample_bytree": 0.426419229534053, "eta": 0.05007107554203995, "gamma": 982.4359764346796, "max_depth": 3.0, "min_child_weight": 4097.977080613829, "num_boost_round": 9.0, "subsample": 0.20961518265618956}, "datetime": {"datetime": "2024-01-20 15:25:46", "elapsed": 3681.319987, "delta": 0.003143}}
