{"target": -12.344541721434455, "params": {"colsample_bytree": 0.4242515144465494, "eta": 0.036536565987255375, "gamma": 540.6592616724714, "max_depth": 3.0, "min_child_weight": 4255.814309129581, "num_boost_round": 36.0, "subsample": 0.8077977736718098}, "datetime": {"datetime": "2024-01-20 14:47:17", "elapsed": 1404.266779, "delta": 0.002599}}
{"target": -12.344774862975836, "params": {"colsample_bytree": 0.4242515144465494, "eta": 0.036536565987255375, "gamma": 540.6592616724714, "max_depth": 3.0, "min_child_weight": 4255.814309129581, "num_boost_round": 37.0, "subsample": 0.8077977736718098}, "datetime": {"datetime": "2024-01-20 14:47:17", "elapsed": 1404.269382, "delta": 0.002603}}
{"target": -12.344571284595194, "params": {"colsample_bytree": 0.4242515144465494, "eta": 0.036536565987255375, "gamma": 540.6592616724714, "max_depth": 3.0, "min_child_weight": 4255.814309129581, "num_boost_round": 38.0, "subsample": 0.8077977736718098}, "datetime": {"datetime": "2024-01-20 14:47:17", "elapsed": 1404.271853, "delta": 0.002471}}
{"target": -12.344540773781628, "params": {"colsample_bytree": 0.4242515144465494, "eta": 0.036536565987255375, "gamma": 540.6592616724714, "max_depth": 3.0, "min_child_weight": 4255.814309129581, "num_boost_round": 39.0, "subsample": 0.8077977736718098}, "datetime": {"datetime": "2024-01-20 14:47:17", "elapsed": 1404.274356, "delta": 0.002503}}
{"target": -12.344272247683115, "params": {"colsample_bytree": 0.4242515144465494, "eta": 0.036536565987255375, "gamma": 540.6592616724714, "max_depth": 3.0, "min_child_weight": 4255.814309129581, "num_boost_round": 40.0, "subsample": 0.8077977736718098}, "datetime": {"datetime": "2024-01-20 14:47:18", "elapsed": 1404.283105, "delta": 0.008749}}
{"target": -12.343715800907155, "params": {"colsample_bytree": 0.4242515144465494, "eta": 0.036536565987255375, "gamma": 540.6592616724714, "max_depth": 3.0, "min_child_weight": 4255.814309129581, "num_boost_round": 41.0, "subsample": 0.8077977736718098}, "datetime": {"datetime": "2024-01-20 14:47:18", "elapsed": 1404.285672, "delta": 0.002567}}
{"target": -12.343115785089395, "params": {"colsample_bytree": 0.4242515144465494, "eta": 0.036536565987255375, "gamma": 540.6592616724714, "max_depth": 3.0, "min_child_weight": 4255.814309129581, "num_boost_round": 42.0, "subsample": 0.8077977736718098}, "datetime": {"datetime": "2024-01-20 14:47:18", "elapsed": 1404.28814, "delta": 0.002468}}
{"target": -12.343149478268636, "params": {"colsample_bytree": 0.4242515144465494, "eta": 0.036536565987255375, "gamma": 540.6592616724714, "max_depth": 3.0, "min_child_weight": 4255.814309129581, "num_boost_round": 43.0, "subsample": 0.8077977736718098}, "datetime": {"datetime": "2024-01-20 14:47:18", "elapsed": 1404.290601, "delta": 0.002461}}
{"target": -12.343289803396877, "params": {"colsample_bytree": 0.4242515144465494, "eta": 0.036536565987255375, "gamma": 540.6592616724714, "max_depth": 3.0, "min_child_weight": 4255.814309129581, "num_boost_round": 44.0, "subsample": 0.8077977736718098}, "datetime": {"datetime": "2024-01-20 14:47:18", "elapsed": 1404.293042, "delta": 0.002441}}
{"target": -12.354593209726016, "params": {"colsample_bytree": 0.9477326718123341, "eta": 0.0866145313907286, "gamma": 534.3420313468355, "max_depth": 2.0, "min_child_weight": 4243.198831069722, "num_boost_round": 1.0, "subsample": 0.22264543185391744}, "datetime": {"datetime": "2024-01-20 14:48:22", "elapsed": 1468.837219, "delta": 64.544177}}
{"target": -12.351101596290547, "params": {"colsample_bytree": 0.9477326718123341, "eta": 0.0866145313907286, "gamma": 534.3420313468355, "max_depth": 2.0, "min_child_weight": 4243.198831069722, "num_boost_round": 2.0, "subsample": 0.22264543185391744}, "datetime": {"datetime": "2024-01-20 14:48:22", "elapsed": 1468.840761, "delta": 0.003542}}
{"target": -12.348352348136189, "params": {"colsample_bytree": 0.9477326718123341, "eta": 0.0866145313907286, "gamma": 534.3420313468355, "max_depth": 2.0, "min_child_weight": 4243.198831069722, "num_boost_round": 3.0, "subsample": 0.22264543185391744}, "datetime": {"datetime": "2024-01-20 14:48:22", "elapsed": 1468.843349, "delta": 0.002588}}
{"target": -12.346468192464442, "params": {"colsample_bytree": 0.9477326718123341, "eta": 0.0866145313907286, "gamma": 534.3420313468355, "max_depth": 2.0, "min_child_weight": 4243.198831069722, "num_boost_round": 4.0, "subsample": 0.22264543185391744}, "datetime": {"datetime": "2024-01-20 14:48:22", "elapsed": 1468.845783, "delta": 0.002434}}
{"target": -12.344858919478165, "params": {"colsample_bytree": 0.9477326718123341, "eta": 0.0866145313907286, "gamma": 534.3420313468355, "max_depth": 2.0, "min_child_weight": 4243.198831069722, "num_boost_round": 5.0, "subsample": 0.22264543185391744}, "datetime": {"datetime": "2024-01-20 14:48:22", "elapsed": 1468.848211, "delta": 0.002428}}
{"target": -12.343674095158386, "params": {"colsample_bytree": 0.9477326718123341, "eta": 0.0866145313907286, "gamma": 534.3420313468355, "max_depth": 2.0, "min_child_weight": 4243.198831069722, "num_boost_round": 6.0, "subsample": 0.22264543185391744}, "datetime": {"datetime": "2024-01-20 14:48:22", "elapsed": 1468.850651, "delta": 0.00244}}
{"target": -12.342532060477073, "params": {"colsample_bytree": 0.9477326718123341, "eta": 0.0866145313907286, "gamma": 534.3420313468355, "max_depth": 2.0, "min_child_weight": 4243.198831069722, "num_boost_round": 7.0, "subsample": 0.22264543185391744}, "datetime": {"datetime": "2024-01-20 14:48:22", "elapsed": 1468.853079, "delta": 0.002428}}
{"target": -12.341752110626032, "params": {"colsample_bytree": 0.9477326718123341, "eta": 0.0866145313907286, "gamma": 534.3420313468355, "max_depth": 2.0, "min_child_weight": 4243.198831069722, "num_boost_round": 8.0, "subsample": 0.22264543185391744}, "datetime": {"datetime": "2024-01-20 14:48:22", "elapsed": 1468.85549, "delta": 0.002411}}
{"target": -12.340884556497375, "params": {"colsample_bytree": 0.9477326718123341, "eta": 0.0866145313907286, "gamma": 534.3420313468355, "max_depth": 2.0, "min_child_weight": 4243.198831069722, "num_boost_round": 9.0, "subsample": 0.22264543185391744}, "datetime": {"datetime": "2024-01-20 14:48:22", "elapsed": 1468.858057, "delta": 0.002567}}
{"target": -12.340454437536284, "params": {"colsample_bytree": 0.9477326718123341, "eta": 0.0866145313907286, "gamma": 534.3420313468355, "max_depth": 2.0, "min_child_weight": 4243.198831069722, "num_boost_round": 10.0, "subsample": 0.22264543185391744}, "datetime": {"datetime": "2024-01-20 14:48:22", "elapsed": 1468.860538, "delta": 0.002481}}
{"target": -12.339540547073724, "params": {"colsample_bytree": 0.9477326718123341, "eta": 0.0866145313907286, "gamma": 534.3420313468355, "max_depth": 2.0, "min_child_weight": 4243.198831069722, "num_boost_round": 11.0, "subsample": 0.22264543185391744}, "datetime": {"datetime": "2024-01-20 14:48:22", "elapsed": 1468.863073, "delta": 0.002535}}
{"target": -12.339141951327122, "params": {"colsample_bytree": 0.9477326718123341, "eta": 0.0866145313907286, "gamma": 534.3420313468355, "max_depth": 2.0, "min_child_weight": 4243.198831069722, "num_boost_round": 12.0, "subsample": 0.22264543185391744}, "datetime": {"datetime": "2024-01-20 14:48:22", "elapsed": 1468.865504, "delta": 0.002431}}
{"target": -12.338772241601685, "params": {"colsample_bytree": 0.9477326718123341, "eta": 0.0866145313907286, "gamma": 534.3420313468355, "max_depth": 2.0, "min_child_weight": 4243.198831069722, "num_boost_round": 13.0, "subsample": 0.22264543185391744}, "datetime": {"datetime": "2024-01-20 14:48:22", "elapsed": 1468.867911, "delta": 0.002407}}
{"target": -12.339240183093093, "params": {"colsample_bytree": 0.9477326718123341, "eta": 0.0866145313907286, "gamma": 534.3420313468355, "max_depth": 2.0, "min_child_weight": 4243.198831069722, "num_boost_round": 14.0, "subsample": 0.22264543185391744}, "datetime": {"datetime": "2024-01-20 14:48:22", "elapsed": 1468.870315, "delta": 0.002404}}
{"target": -12.3394059601846, "params": {"colsample_bytree": 0.9477326718123341, "eta": 0.0866145313907286, "gamma": 534.3420313468355, "max_depth": 2.0, "min_child_weight": 4243.198831069722, "num_boost_round": 15.0, "subsample": 0.22264543185391744}, "datetime": {"datetime": "2024-01-20 14:48:22", "elapsed": 1468.872769, "delta": 0.002454}}
{"target": -12.339715700744675, "params": {"colsample_bytree": 0.9477326718123341, "eta": 0.0866145313907286, "gamma": 534.3420313468355, "max_depth": 2.0, "min_child_weight": 4243.198831069722, "num_boost_round": 16.0, "subsample": 0.22264543185391744}, "datetime": {"datetime": "2024-01-20 14:48:22", "elapsed": 1468.875203, "delta": 0.002434}}
{"target": -12.339223425394046, "params": {"colsample_bytree": 0.9477326718123341, "eta": 0.0866145313907286, "gamma": 534.3420313468355, "max_depth": 2.0, "min_child_weight": 4243.198831069722, "num_boost_round": 17.0, "subsample": 0.22264543185391744}, "datetime": {"datetime": "2024-01-20 14:48:22", "elapsed": 1468.877767, "delta": 0.002564}}
{"target": -12.339240130750435, "params": {"colsample_bytree": 0.9477326718123341, "eta": 0.0866145313907286, "gamma": 534.3420313468355, "max_depth": 2.0, "min_child_weight": 4243.198831069722, "num_boost_round": 18.0, "subsample": 0.22264543185391744}, "datetime": {"datetime": "2024-01-20 14:48:22", "elapsed": 1468.8802, "delta": 0.002433}}
{"target": -12.339776149812153, "params": {"colsample_bytree": 0.9477326718123341, "eta": 0.0866145313907286, "gamma": 534.3420313468355, "max_depth": 2.0, "min_child_weight": 4243.198831069722, "num_boost_round": 19.0, "subsample": 0.22264543185391744}, "datetime": {"datetime": "2024-01-20 14:48:22", "elapsed": 1468.882676, "delta": 0.002476}}
{"target": -12.339768836471055, "params": {"colsample_bytree": 0.9477326718123341, "eta": 0.0866145313907286, "gamma": 534.3420313468355, "max_depth": 2.0, "min_child_weight": 4243.198831069722, "num_boost_round": 20.0, "subsample": 0.22264543185391744}, "datetime": {"datetime": "2024-01-20 14:48:22", "elapsed": 1468.885121, "delta": 0.002445}}
{"target": -12.339806519470022, "params": {"colsample_bytree": 0.9477326718123341, "eta": 0.0866145313907286, "gamma": 534.3420313468355, "max_depth": 2.0, "min_child_weight": 4243.198831069722, "num_boost_round": 21.0, "subsample": 0.22264543185391744}, "datetime": {"datetime": "2024-01-20 14:48:22", "elapsed": 1468.887543, "delta": 0.002422}}
{"target": -12.340211717504054, "params": {"colsample_bytree": 0.9477326718123341, "eta": 0.0866145313907286, "gamma": 534.3420313468355, "max_depth": 2.0, "min_child_weight": 4243.198831069722, "num_boost_round": 22.0, "subsample": 0.22264543185391744}, "datetime": {"datetime": "2024-01-20 14:48:22", "elapsed": 1468.89006, "delta": 0.002517}}
{"target": -12.340565458678599, "params": {"colsample_bytree": 0.9477326718123341, "eta": 0.0866145313907286, "gamma": 534.3420313468355, "max_depth": 2.0, "min_child_weight": 4243.198831069722, "num_boost_round": 23.0, "subsample": 0.22264543185391744}, "datetime": {"datetime": "2024-01-20 14:48:22", "elapsed": 1468.892512, "delta": 0.002452}}
{"target": -12.340812076358947, "params": {"colsample_bytree": 0.9477326718123341, "eta": 0.0866145313907286, "gamma": 534.3420313468355, "max_depth": 2.0, "min_child_weight": 4243.198831069722, "num_boost_round": 24.0, "subsample": 0.22264543185391744}, "datetime": {"datetime": "2024-01-20 14:48:22", "elapsed": 1468.894956, "delta": 0.002444}}
{"target": -12.34139110955066, "params": {"colsample_bytree": 0.9477326718123341, "eta": 0.0866145313907286, "gamma": 534.3420313468355, "max_depth": 2.0, "min_child_weight": 4243.198831069722, "num_boost_round": 25.0, "subsample": 0.22264543185391744}, "datetime": {"datetime": "2024-01-20 14:48:22", "elapsed": 1468.897408, "delta": 0.002452}}
{"target": -12.341277577226958, "params": {"colsample_bytree": 0.9477326718123341, "eta": 0.0866145313907286, "gamma": 534.3420313468355, "max_depth": 2.0, "min_child_weight": 4243.198831069722, "num_boost_round": 26.0, "subsample": 0.22264543185391744}, "datetime": {"datetime": "2024-01-20 14:48:22", "elapsed": 1468.899951, "delta": 0.002543}}
{"target": -12.341477496837172, "params": {"colsample_bytree": 0.9477326718123341, "eta": 0.0866145313907286, "gamma": 534.3420313468355, "max_depth": 2.0, "min_child_weight": 4243.198831069722, "num_boost_round": 27.0, "subsample": 0.22264543185391744}, "datetime": {"datetime": "2024-01-20 14:48:22", "elapsed": 1468.90244, "delta": 0.002489}}
{"target": -12.341656143554786, "params": {"colsample_bytree": 0.9477326718123341, "eta": 0.0866145313907286, "gamma": 534.3420313468355, "max_depth": 2.0, "min_child_weight": 4243.198831069722, "num_boost_round": 28.0, "subsample": 0.22264543185391744}, "datetime": {"datetime": "2024-01-20 14:48:22", "elapsed": 1468.904883, "delta": 0.002443}}
{"target": -12.341795785299137, "params": {"colsample_bytree": 0.9477326718123341, "eta": 0.0866145313907286, "gamma": 534.3420313468355, "max_depth": 2.0, "min_child_weight": 4243.198831069722, "num_boost_round": 29.0, "subsample": 0.22264543185391744}, "datetime": {"datetime": "2024-01-20 14:48:22", "elapsed": 1468.907331, "delta": 0.002448}}
{"target": -12.3415690636178, "params": {"colsample_bytree": 0.9477326718123341, "eta": 0.0866145313907286, "gamma": 534.3420313468355, "max_depth": 2.0, "min_child_weight": 4243.198831069722, "num_boost_round": 30.0, "subsample": 0.22264543185391744}, "datetime": {"datetime": "2024-01-20 14:48:22", "elapsed": 1468.909767, "delta": 0.002436}}
{"target": -12.341685724786217, "params": {"colsample_bytree": 0.9477326718123341, "eta": 0.0866145313907286, "gamma": 534.3420313468355, "max_depth": 2.0, "min_child_weight": 4243.198831069722, "num_boost_round": 31.0, "subsample": 0.22264543185391744}, "datetime": {"datetime": "2024-01-20 14:48:22", "elapsed": 1468.912194, "delta": 0.002427}}
{"target": -12.341910883832131, "params": {"colsample_bytree": 0.9477326718123341, "eta": 0.0866145313907286, "gamma": 534.3420313468355, "max_depth": 2.0, "min_child_weight": 4243.198831069722, "num_boost_round": 32.0, "subsample": 0.22264543185391744}, "datetime": {"datetime": "2024-01-20 14:48:22", "elapsed": 1468.914637, "delta": 0.002443}}
{"target": -12.342344087138937, "params": {"colsample_bytree": 0.9477326718123341, "eta": 0.0866145313907286, "gamma": 534.3420313468355, "max_depth": 2.0, "min_child_weight": 4243.198831069722, "num_boost_round": 33.0, "subsample": 0.22264543185391744}, "datetime": {"datetime": "2024-01-20 14:48:22", "elapsed": 1468.917068, "delta": 0.002431}}
{"target": -12.34247818150426, "params": {"colsample_bytree": 0.9477326718123341, "eta": 0.0866145313907286, "gamma": 534.3420313468355, "max_depth": 2.0, "min_child_weight": 4243.198831069722, "num_boost_round": 34.0, "subsample": 0.22264543185391744}, "datetime": {"datetime": "2024-01-20 14:48:22", "elapsed": 1468.919726, "delta": 0.002658}}
{"target": -12.342950826127135, "params": {"colsample_bytree": 0.9477326718123341, "eta": 0.0866145313907286, "gamma": 534.3420313468355, "max_depth": 2.0, "min_child_weight": 4243.198831069722, "num_boost_round": 35.0, "subsample": 0.22264543185391744}, "datetime": {"datetime": "2024-01-20 14:48:22", "elapsed": 1468.922369, "delta": 0.002643}}
{"target": -12.343144993439674, "params": {"colsample_bytree": 0.9477326718123341, "eta": 0.0866145313907286, "gamma": 534.3420313468355, "max_depth": 2.0, "min_child_weight": 4243.198831069722, "num_boost_round": 36.0, "subsample": 0.22264543185391744}, "datetime": {"datetime": "2024-01-20 14:48:22", "elapsed": 1468.925015, "delta": 0.002646}}
{"target": -12.343124388492614, "params": {"colsample_bytree": 0.9477326718123341, "eta": 0.0866145313907286, "gamma": 534.3420313468355, "max_depth": 2.0, "min_child_weight": 4243.198831069722, "num_boost_round": 37.0, "subsample": 0.22264543185391744}, "datetime": {"datetime": "2024-01-20 14:48:22", "elapsed": 1468.927512, "delta": 0.002497}}
{"target": -12.343158233540633, "params": {"colsample_bytree": 0.9477326718123341, "eta": 0.0866145313907286, "gamma": 534.3420313468355, "max_depth": 2.0, "min_child_weight": 4243.198831069722, "num_boost_round": 38.0, "subsample": 0.22264543185391744}, "datetime": {"datetime": "2024-01-20 14:48:22", "elapsed": 1468.929964, "delta": 0.002452}}
{"target": -12.343175294581075, "params": {"colsample_bytree": 0.9477326718123341, "eta": 0.0866145313907286, "gamma": 534.3420313468355, "max_depth": 2.0, "min_child_weight": 4243.198831069722, "num_boost_round": 39.0, "subsample": 0.22264543185391744}, "datetime": {"datetime": "2024-01-20 14:48:22", "elapsed": 1468.932445, "delta": 0.002481}}
{"target": -12.343362400384294, "params": {"colsample_bytree": 0.9477326718123341, "eta": 0.0866145313907286, "gamma": 534.3420313468355, "max_depth": 2.0, "min_child_weight": 4243.198831069722, "num_boost_round": 40.0, "subsample": 0.22264543185391744}, "datetime": {"datetime": "2024-01-20 14:48:22", "elapsed": 1468.934874, "delta": 0.002429}}
{"target": -12.343902924773868, "params": {"colsample_bytree": 0.9477326718123341, "eta": 0.0866145313907286, "gamma": 534.3420313468355, "max_depth": 2.0, "min_child_weight": 4243.198831069722, "num_boost_round": 41.0, "subsample": 0.22264543185391744}, "datetime": {"datetime": "2024-01-20 14:48:22", "elapsed": 1468.937397, "delta": 0.002523}}
{"target": -12.343921797003112, "params": {"colsample_bytree": 0.9477326718123341, "eta": 0.0866145313907286, "gamma": 534.3420313468355, "max_depth": 2.0, "min_child_weight": 4243.198831069722, "num_boost_round": 42.0, "subsample": 0.22264543185391744}, "datetime": {"datetime": "2024-01-20 14:48:22", "elapsed": 1468.9399, "delta": 0.002503}}
{"target": -12.344060895019197, "params": {"colsample_bytree": 0.9477326718123341, "eta": 0.0866145313907286, "gamma": 534.3420313468355, "max_depth": 2.0, "min_child_weight": 4243.198831069722, "num_boost_round": 43.0, "subsample": 0.22264543185391744}, "datetime": {"datetime": "2024-01-20 14:48:22", "elapsed": 1468.942382, "delta": 0.002482}}
{"target": -12.344273728997237, "params": {"colsample_bytree": 0.9477326718123341, "eta": 0.0866145313907286, "gamma": 534.3420313468355, "max_depth": 2.0, "min_child_weight": 4243.198831069722, "num_boost_round": 44.0, "subsample": 0.22264543185391744}, "datetime": {"datetime": "2024-01-20 14:48:22", "elapsed": 1468.944828, "delta": 0.002446}}
{"target": -12.344812995931353, "params": {"colsample_bytree": 0.9477326718123341, "eta": 0.0866145313907286, "gamma": 534.3420313468355, "max_depth": 2.0, "min_child_weight": 4243.198831069722, "num_boost_round": 45.0, "subsample": 0.22264543185391744}, "datetime": {"datetime": "2024-01-20 14:48:22", "elapsed": 1468.947276, "delta": 0.002448}}
{"target": -12.345008837536763, "params": {"colsample_bytree": 0.9477326718123341, "eta": 0.0866145313907286, "gamma": 534.3420313468355, "max_depth": 2.0, "min_child_weight": 4243.198831069722, "num_boost_round": 46.0, "subsample": 0.22264543185391744}, "datetime": {"datetime": "2024-01-20 14:48:22", "elapsed": 1468.949754, "delta": 0.002478}}
{"target": -12.345048994631348, "params": {"colsample_bytree": 0.9477326718123341, "eta": 0.0866145313907286, "gamma": 534.3420313468355, "max_depth": 2.0, "min_child_weight": 4243.198831069722, "num_boost_round": 47.0, "subsample": 0.22264543185391744}, "datetime": {"datetime": "2024-01-20 14:48:22", "elapsed": 1468.952241, "delta": 0.002487}}
{"target": -12.345058191764357, "params": {"colsample_bytree": 0.9477326718123341, "eta": 0.0866145313907286, "gamma": 534.3420313468355, "max_depth": 2.0, "min_child_weight": 4243.198831069722, "num_boost_round": 48.0, "subsample": 0.22264543185391744}, "datetime": {"datetime": "2024-01-20 14:48:22", "elapsed": 1468.954679, "delta": 0.002438}}
{"target": -12.345042284921423, "params": {"colsample_bytree": 0.9477326718123341, "eta": 0.0866145313907286, "gamma": 534.3420313468355, "max_depth": 2.0, "min_child_weight": 4243.198831069722, "num_boost_round": 49.0, "subsample": 0.22264543185391744}, "datetime": {"datetime": "2024-01-20 14:48:22", "elapsed": 1468.957126, "delta": 0.002447}}
{"target": -12.345512193392132, "params": {"colsample_bytree": 0.9477326718123341, "eta": 0.0866145313907286, "gamma": 534.3420313468355, "max_depth": 2.0, "min_child_weight": 4243.198831069722, "num_boost_round": 50.0, "subsample": 0.22264543185391744}, "datetime": {"datetime": "2024-01-20 14:48:22", "elapsed": 1468.959707, "delta": 0.002581}}
{"target": -12.345557272710877, "params": {"colsample_bytree": 0.9477326718123341, "eta": 0.0866145313907286, "gamma": 534.3420313468355, "max_depth": 2.0, "min_child_weight": 4243.198831069722, "num_boost_round": 51.0, "subsample": 0.22264543185391744}, "datetime": {"datetime": "2024-01-20 14:48:22", "elapsed": 1468.962275, "delta": 0.002568}}
{"target": -12.345335128201626, "params": {"colsample_bytree": 0.9477326718123341, "eta": 0.0866145313907286, "gamma": 534.3420313468355, "max_depth": 2.0, "min_child_weight": 4243.198831069722, "num_boost_round": 52.0, "subsample": 0.22264543185391744}, "datetime": {"datetime": "2024-01-20 14:48:22", "elapsed": 1468.964756, "delta": 0.002481}}
{"target": -12.345755946943495, "params": {"colsample_bytree": 0.9477326718123341, "eta": 0.0866145313907286, "gamma": 534.3420313468355, "max_depth": 2.0, "min_child_weight": 4243.198831069722, "num_boost_round": 53.0, "subsample": 0.22264543185391744}, "datetime": {"datetime": "2024-01-20 14:48:22", "elapsed": 1468.967204, "delta": 0.002448}}
{"target": -12.34580788743237, "params": {"colsample_bytree": 0.9477326718123341, "eta": 0.0866145313907286, "gamma": 534.3420313468355, "max_depth": 2.0, "min_child_weight": 4243.198831069722, "num_boost_round": 54.0, "subsample": 0.22264543185391744}, "datetime": {"datetime": "2024-01-20 14:48:22", "elapsed": 1468.96965, "delta": 0.002446}}
