{"target": -13.497403003243864, "params": {"colsample_bytree": 0.36400417646408134, "eta": 0.0731639914681257, "gamma": 535.7004745711623, "max_depth": 2.0, "min_child_weight": 4292.174865508392, "num_boost_round": 35.0, "subsample": 0.33227746810666314}, "datetime": {"datetime": "2024-01-20 16:19:22", "elapsed": 6916.204011, "delta": 0.006282}}
{"target": -13.497313369537258, "params": {"colsample_bytree": 0.36400417646408134, "eta": 0.0731639914681257, "gamma": 535.7004745711623, "max_depth": 2.0, "min_child_weight": 4292.174865508392, "num_boost_round": 36.0, "subsample": 0.33227746810666314}, "datetime": {"datetime": "2024-01-20 16:19:22", "elapsed": 6916.210277, "delta": 0.006266}}
{"target": -13.497352386819463, "params": {"colsample_bytree": 0.36400417646408134, "eta": 0.0731639914681257, "gamma": 535.7004745711623, "max_depth": 2.0, "min_child_weight": 4292.174865508392, "num_boost_round": 37.0, "subsample": 0.33227746810666314}, "datetime": {"datetime": "2024-01-20 16:19:23", "elapsed": 6916.511397, "delta": 0.30112}}
{"target": -13.49733776055087, "params": {"colsample_bytree": 0.36400417646408134, "eta": 0.0731639914681257, "gamma": 535.7004745711623, "max_depth": 2.0, "min_child_weight": 4292.174865508392, "num_boost_round": 38.0, "subsample": 0.33227746810666314}, "datetime": {"datetime": "2024-01-20 16:19:23", "elapsed": 6916.519076, "delta": 0.007679}}
{"target": -13.497354047926066, "params": {"colsample_bytree": 0.36400417646408134, "eta": 0.0731639914681257, "gamma": 535.7004745711623, "max_depth": 2.0, "min_child_weight": 4292.174865508392, "num_boost_round": 39.0, "subsample": 0.33227746810666314}, "datetime": {"datetime": "2024-01-20 16:19:23", "elapsed": 6916.525892, "delta": 0.006816}}
{"target": -13.497350848630777, "params": {"colsample_bytree": 0.36400417646408134, "eta": 0.0731639914681257, "gamma": 535.7004745711623, "max_depth": 2.0, "min_child_weight": 4292.174865508392, "num_boost_round": 40.0, "subsample": 0.33227746810666314}, "datetime": {"datetime": "2024-01-20 16:19:23", "elapsed": 6916.534879, "delta": 0.008987}}
{"target": -13.49724053697275, "params": {"colsample_bytree": 0.36400417646408134, "eta": 0.0731639914681257, "gamma": 535.7004745711623, "max_depth": 2.0, "min_child_weight": 4292.174865508392, "num_boost_round": 41.0, "subsample": 0.33227746810666314}, "datetime": {"datetime": "2024-01-20 16:19:23", "elapsed": 6916.54416, "delta": 0.009281}}
{"target": -13.497324742746075, "params": {"colsample_bytree": 0.36400417646408134, "eta": 0.0731639914681257, "gamma": 535.7004745711623, "max_depth": 2.0, "min_child_weight": 4292.174865508392, "num_boost_round": 42.0, "subsample": 0.33227746810666314}, "datetime": {"datetime": "2024-01-20 16:19:23", "elapsed": 6916.551137, "delta": 0.006977}}
{"target": -13.497506469290993, "params": {"colsample_bytree": 0.36400417646408134, "eta": 0.0731639914681257, "gamma": 535.7004745711623, "max_depth": 2.0, "min_child_weight": 4292.174865508392, "num_boost_round": 43.0, "subsample": 0.33227746810666314}, "datetime": {"datetime": "2024-01-20 16:19:23", "elapsed": 6916.557191, "delta": 0.006054}}
{"target": -13.49757724160892, "params": {"colsample_bytree": 0.36400417646408134, "eta": 0.0731639914681257, "gamma": 535.7004745711623, "max_depth": 2.0, "min_child_weight": 4292.174865508392, "num_boost_round": 44.0, "subsample": 0.33227746810666314}, "datetime": {"datetime": "2024-01-20 16:19:23", "elapsed": 6916.563184, "delta": 0.005993}}
{"target": -13.49742897360399, "params": {"colsample_bytree": 0.36400417646408134, "eta": 0.0731639914681257, "gamma": 535.7004745711623, "max_depth": 2.0, "min_child_weight": 4292.174865508392, "num_boost_round": 45.0, "subsample": 0.33227746810666314}, "datetime": {"datetime": "2024-01-20 16:19:23", "elapsed": 6916.569185, "delta": 0.006001}}
{"target": -13.49740782701377, "params": {"colsample_bytree": 0.36400417646408134, "eta": 0.0731639914681257, "gamma": 535.7004745711623, "max_depth": 2.0, "min_child_weight": 4292.174865508392, "num_boost_round": 46.0, "subsample": 0.33227746810666314}, "datetime": {"datetime": "2024-01-20 16:19:23", "elapsed": 6916.575178, "delta": 0.005993}}
{"target": -13.497302510556384, "params": {"colsample_bytree": 0.36400417646408134, "eta": 0.0731639914681257, "gamma": 535.7004745711623, "max_depth": 2.0, "min_child_weight": 4292.174865508392, "num_boost_round": 47.0, "subsample": 0.33227746810666314}, "datetime": {"datetime": "2024-01-20 16:19:23", "elapsed": 6916.581164, "delta": 0.005986}}
{"target": -13.49730250532575, "params": {"colsample_bytree": 0.36400417646408134, "eta": 0.0731639914681257, "gamma": 535.7004745711623, "max_depth": 2.0, "min_child_weight": 4292.174865508392, "num_boost_round": 48.0, "subsample": 0.33227746810666314}, "datetime": {"datetime": "2024-01-20 16:19:23", "elapsed": 6916.587691, "delta": 0.006527}}
{"target": -13.497357685319407, "params": {"colsample_bytree": 0.36400417646408134, "eta": 0.0731639914681257, "gamma": 535.7004745711623, "max_depth": 2.0, "min_child_weight": 4292.174865508392, "num_boost_round": 49.0, "subsample": 0.33227746810666314}, "datetime": {"datetime": "2024-01-20 16:19:23", "elapsed": 6916.5941, "delta": 0.006409}}
{"target": -13.497290493546554, "params": {"colsample_bytree": 0.36400417646408134, "eta": 0.0731639914681257, "gamma": 535.7004745711623, "max_depth": 2.0, "min_child_weight": 4292.174865508392, "num_boost_round": 50.0, "subsample": 0.33227746810666314}, "datetime": {"datetime": "2024-01-20 16:19:23", "elapsed": 6916.60042, "delta": 0.00632}}
{"target": -13.49732393096714, "params": {"colsample_bytree": 0.36400417646408134, "eta": 0.0731639914681257, "gamma": 535.7004745711623, "max_depth": 2.0, "min_child_weight": 4292.174865508392, "num_boost_round": 51.0, "subsample": 0.33227746810666314}, "datetime": {"datetime": "2024-01-20 16:19:23", "elapsed": 6916.606868, "delta": 0.006448}}
{"target": -13.497253543577774, "params": {"colsample_bytree": 0.36400417646408134, "eta": 0.0731639914681257, "gamma": 535.7004745711623, "max_depth": 2.0, "min_child_weight": 4292.174865508392, "num_boost_round": 52.0, "subsample": 0.33227746810666314}, "datetime": {"datetime": "2024-01-20 16:19:23", "elapsed": 6916.613019, "delta": 0.006151}}
{"target": -13.497241007186542, "params": {"colsample_bytree": 0.36400417646408134, "eta": 0.0731639914681257, "gamma": 535.7004745711623, "max_depth": 2.0, "min_child_weight": 4292.174865508392, "num_boost_round": 53.0, "subsample": 0.33227746810666314}, "datetime": {"datetime": "2024-01-20 16:19:23", "elapsed": 6916.619055, "delta": 0.006036}}
{"target": -13.497195815438548, "params": {"colsample_bytree": 0.36400417646408134, "eta": 0.0731639914681257, "gamma": 535.7004745711623, "max_depth": 2.0, "min_child_weight": 4292.174865508392, "num_boost_round": 54.0, "subsample": 0.33227746810666314}, "datetime": {"datetime": "2024-01-20 16:19:23", "elapsed": 6916.625055, "delta": 0.006}}
{"target": -13.497263827043495, "params": {"colsample_bytree": 0.36400417646408134, "eta": 0.0731639914681257, "gamma": 535.7004745711623, "max_depth": 2.0, "min_child_weight": 4292.174865508392, "num_boost_round": 55.0, "subsample": 0.33227746810666314}, "datetime": {"datetime": "2024-01-20 16:19:23", "elapsed": 6916.631063, "delta": 0.006008}}
{"target": -13.497360694402094, "params": {"colsample_bytree": 0.36400417646408134, "eta": 0.0731639914681257, "gamma": 535.7004745711623, "max_depth": 2.0, "min_child_weight": 4292.174865508392, "num_boost_round": 56.0, "subsample": 0.33227746810666314}, "datetime": {"datetime": "2024-01-20 16:19:23", "elapsed": 6916.637049, "delta": 0.005986}}
{"target": -13.497394042594715, "params": {"colsample_bytree": 0.36400417646408134, "eta": 0.0731639914681257, "gamma": 535.7004745711623, "max_depth": 2.0, "min_child_weight": 4292.174865508392, "num_boost_round": 57.0, "subsample": 0.33227746810666314}, "datetime": {"datetime": "2024-01-20 16:19:23", "elapsed": 6916.643073, "delta": 0.006024}}
{"target": -13.49732209035609, "params": {"colsample_bytree": 0.36400417646408134, "eta": 0.0731639914681257, "gamma": 535.7004745711623, "max_depth": 2.0, "min_child_weight": 4292.174865508392, "num_boost_round": 58.0, "subsample": 0.33227746810666314}, "datetime": {"datetime": "2024-01-20 16:19:23", "elapsed": 6916.649817, "delta": 0.006744}}
{"target": -13.497328137366992, "params": {"colsample_bytree": 0.36400417646408134, "eta": 0.0731639914681257, "gamma": 535.7004745711623, "max_depth": 2.0, "min_child_weight": 4292.174865508392, "num_boost_round": 59.0, "subsample": 0.33227746810666314}, "datetime": {"datetime": "2024-01-20 16:19:23", "elapsed": 6916.655925, "delta": 0.006108}}
{"target": -13.497294747689207, "params": {"colsample_bytree": 0.36400417646408134, "eta": 0.0731639914681257, "gamma": 535.7004745711623, "max_depth": 2.0, "min_child_weight": 4292.174865508392, "num_boost_round": 60.0, "subsample": 0.33227746810666314}, "datetime": {"datetime": "2024-01-20 16:19:23", "elapsed": 6916.662511, "delta": 0.006586}}
{"target": -13.497224032724143, "params": {"colsample_bytree": 0.36400417646408134, "eta": 0.0731639914681257, "gamma": 535.7004745711623, "max_depth": 2.0, "min_child_weight": 4292.174865508392, "num_boost_round": 61.0, "subsample": 0.33227746810666314}, "datetime": {"datetime": "2024-01-20 16:19:23", "elapsed": 6916.668868, "delta": 0.006357}}
{"target": -13.497256042467116, "params": {"colsample_bytree": 0.36400417646408134, "eta": 0.0731639914681257, "gamma": 535.7004745711623, "max_depth": 2.0, "min_child_weight": 4292.174865508392, "num_boost_round": 62.0, "subsample": 0.33227746810666314}, "datetime": {"datetime": "2024-01-20 16:19:23", "elapsed": 6916.675167, "delta": 0.006299}}
{"target": -13.497220857793636, "params": {"colsample_bytree": 0.36400417646408134, "eta": 0.0731639914681257, "gamma": 535.7004745711623, "max_depth": 2.0, "min_child_weight": 4292.174865508392, "num_boost_round": 63.0, "subsample": 0.33227746810666314}, "datetime": {"datetime": "2024-01-20 16:19:23", "elapsed": 6916.681375, "delta": 0.006208}}
{"target": -13.497249131628768, "params": {"colsample_bytree": 0.36400417646408134, "eta": 0.0731639914681257, "gamma": 535.7004745711623, "max_depth": 2.0, "min_child_weight": 4292.174865508392, "num_boost_round": 64.0, "subsample": 0.33227746810666314}, "datetime": {"datetime": "2024-01-20 16:19:23", "elapsed": 6916.687485, "delta": 0.00611}}
{"target": -13.497093075009154, "params": {"colsample_bytree": 0.36400417646408134, "eta": 0.0731639914681257, "gamma": 535.7004745711623, "max_depth": 2.0, "min_child_weight": 4292.174865508392, "num_boost_round": 65.0, "subsample": 0.33227746810666314}, "datetime": {"datetime": "2024-01-20 16:19:23", "elapsed": 6916.693542, "delta": 0.006057}}
{"target": -13.49705087002268, "params": {"colsample_bytree": 0.36400417646408134, "eta": 0.0731639914681257, "gamma": 535.7004745711623, "max_depth": 2.0, "min_child_weight": 4292.174865508392, "num_boost_round": 66.0, "subsample": 0.33227746810666314}, "datetime": {"datetime": "2024-01-20 16:19:23", "elapsed": 6916.699515, "delta": 0.005973}}
{"target": -13.497056964241068, "params": {"colsample_bytree": 0.36400417646408134, "eta": 0.0731639914681257, "gamma": 535.7004745711623, "max_depth": 2.0, "min_child_weight": 4292.174865508392, "num_boost_round": 67.0, "subsample": 0.33227746810666314}, "datetime": {"datetime": "2024-01-20 16:19:23", "elapsed": 6916.705519, "delta": 0.006004}}
{"target": -13.497049060092412, "params": {"colsample_bytree": 0.36400417646408134, "eta": 0.0731639914681257, "gamma": 535.7004745711623, "max_depth": 2.0, "min_child_weight": 4292.174865508392, "num_boost_round": 68.0, "subsample": 0.33227746810666314}, "datetime": {"datetime": "2024-01-20 16:19:23", "elapsed": 6916.711532, "delta": 0.006013}}
{"target": -13.49688259749316, "params": {"colsample_bytree": 0.36400417646408134, "eta": 0.0731639914681257, "gamma": 535.7004745711623, "max_depth": 2.0, "min_child_weight": 4292.174865508392, "num_boost_round": 69.0, "subsample": 0.33227746810666314}, "datetime": {"datetime": "2024-01-20 16:19:23", "elapsed": 6916.717509, "delta": 0.005977}}
{"target": -13.496906596922072, "params": {"colsample_bytree": 0.36400417646408134, "eta": 0.0731639914681257, "gamma": 535.7004745711623, "max_depth": 2.0, "min_child_weight": 4292.174865508392, "num_boost_round": 70.0, "subsample": 0.33227746810666314}, "datetime": {"datetime": "2024-01-20 16:19:23", "elapsed": 6916.723516, "delta": 0.006007}}
{"target": -13.496825564743837, "params": {"colsample_bytree": 0.36400417646408134, "eta": 0.0731639914681257, "gamma": 535.7004745711623, "max_depth": 2.0, "min_child_weight": 4292.174865508392, "num_boost_round": 71.0, "subsample": 0.33227746810666314}, "datetime": {"datetime": "2024-01-20 16:19:23", "elapsed": 6916.729493, "delta": 0.005977}}
{"target": -13.49690619293291, "params": {"colsample_bytree": 0.36400417646408134, "eta": 0.0731639914681257, "gamma": 535.7004745711623, "max_depth": 2.0, "min_child_weight": 4292.174865508392, "num_boost_round": 72.0, "subsample": 0.33227746810666314}, "datetime": {"datetime": "2024-01-20 16:19:23", "elapsed": 6916.735956, "delta": 0.006463}}
{"target": -13.497805083161289, "params": {"colsample_bytree": 0.6615553182031882, "eta": 0.00968146108340478, "gamma": 284.32616392894806, "max_depth": 6.0, "min_child_weight": 3895.331401727872, "num_boost_round": 1.0, "subsample": 0.5296127927830764}, "datetime": {"datetime": "2024-01-20 16:21:42", "elapsed": 7056.414661, "delta": 139.678705}}
{"target": -13.497705521015503, "params": {"colsample_bytree": 0.6615553182031882, "eta": 0.00968146108340478, "gamma": 284.32616392894806, "max_depth": 6.0, "min_child_weight": 3895.331401727872, "num_boost_round": 2.0, "subsample": 0.5296127927830764}, "datetime": {"datetime": "2024-01-20 16:21:42", "elapsed": 7056.421983, "delta": 0.007322}}
{"target": -13.497686380888233, "params": {"colsample_bytree": 0.6615553182031882, "eta": 0.00968146108340478, "gamma": 284.32616392894806, "max_depth": 6.0, "min_child_weight": 3895.331401727872, "num_boost_round": 3.0, "subsample": 0.5296127927830764}, "datetime": {"datetime": "2024-01-20 16:21:42", "elapsed": 7056.428061, "delta": 0.006078}}
{"target": -13.497644930540712, "params": {"colsample_bytree": 0.6615553182031882, "eta": 0.00968146108340478, "gamma": 284.32616392894806, "max_depth": 6.0, "min_child_weight": 3895.331401727872, "num_boost_round": 4.0, "subsample": 0.5296127927830764}, "datetime": {"datetime": "2024-01-20 16:21:42", "elapsed": 7056.434063, "delta": 0.006002}}
{"target": -13.497571503852189, "params": {"colsample_bytree": 0.6615553182031882, "eta": 0.00968146108340478, "gamma": 284.32616392894806, "max_depth": 6.0, "min_child_weight": 3895.331401727872, "num_boost_round": 5.0, "subsample": 0.5296127927830764}, "datetime": {"datetime": "2024-01-20 16:21:42", "elapsed": 7056.440474, "delta": 0.006411}}
{"target": -13.497522033542554, "params": {"colsample_bytree": 0.6615553182031882, "eta": 0.00968146108340478, "gamma": 284.32616392894806, "max_depth": 6.0, "min_child_weight": 3895.331401727872, "num_boost_round": 6.0, "subsample": 0.5296127927830764}, "datetime": {"datetime": "2024-01-20 16:21:43", "elapsed": 7056.447054, "delta": 0.00658}}
{"target": -13.497487057555778, "params": {"colsample_bytree": 0.6615553182031882, "eta": 0.00968146108340478, "gamma": 284.32616392894806, "max_depth": 6.0, "min_child_weight": 3895.331401727872, "num_boost_round": 7.0, "subsample": 0.5296127927830764}, "datetime": {"datetime": "2024-01-20 16:21:43", "elapsed": 7056.453353, "delta": 0.006299}}
{"target": -13.497357452048474, "params": {"colsample_bytree": 0.6615553182031882, "eta": 0.00968146108340478, "gamma": 284.32616392894806, "max_depth": 6.0, "min_child_weight": 3895.331401727872, "num_boost_round": 8.0, "subsample": 0.5296127927830764}, "datetime": {"datetime": "2024-01-20 16:21:43", "elapsed": 7056.459528, "delta": 0.006175}}
{"target": -13.497316765648387, "params": {"colsample_bytree": 0.6615553182031882, "eta": 0.00968146108340478, "gamma": 284.32616392894806, "max_depth": 6.0, "min_child_weight": 3895.331401727872, "num_boost_round": 9.0, "subsample": 0.5296127927830764}, "datetime": {"datetime": "2024-01-20 16:21:43", "elapsed": 7056.465632, "delta": 0.006104}}
{"target": -13.497294302230864, "params": {"colsample_bytree": 0.6615553182031882, "eta": 0.00968146108340478, "gamma": 284.32616392894806, "max_depth": 6.0, "min_child_weight": 3895.331401727872, "num_boost_round": 10.0, "subsample": 0.5296127927830764}, "datetime": {"datetime": "2024-01-20 16:21:43", "elapsed": 7056.471667, "delta": 0.006035}}
{"target": -13.497280520224066, "params": {"colsample_bytree": 0.6615553182031882, "eta": 0.00968146108340478, "gamma": 284.32616392894806, "max_depth": 6.0, "min_child_weight": 3895.331401727872, "num_boost_round": 11.0, "subsample": 0.5296127927830764}, "datetime": {"datetime": "2024-01-20 16:21:43", "elapsed": 7056.477643, "delta": 0.005976}}
{"target": -13.49725264561082, "params": {"colsample_bytree": 0.6615553182031882, "eta": 0.00968146108340478, "gamma": 284.32616392894806, "max_depth": 6.0, "min_child_weight": 3895.331401727872, "num_boost_round": 12.0, "subsample": 0.5296127927830764}, "datetime": {"datetime": "2024-01-20 16:21:43", "elapsed": 7056.483641, "delta": 0.005998}}
{"target": -13.49719667645794, "params": {"colsample_bytree": 0.6615553182031882, "eta": 0.00968146108340478, "gamma": 284.32616392894806, "max_depth": 6.0, "min_child_weight": 3895.331401727872, "num_boost_round": 13.0, "subsample": 0.5296127927830764}, "datetime": {"datetime": "2024-01-20 16:21:43", "elapsed": 7056.489608, "delta": 0.005967}}
{"target": -13.497149596784414, "params": {"colsample_bytree": 0.6615553182031882, "eta": 0.00968146108340478, "gamma": 284.32616392894806, "max_depth": 6.0, "min_child_weight": 3895.331401727872, "num_boost_round": 14.0, "subsample": 0.5296127927830764}, "datetime": {"datetime": "2024-01-20 16:21:43", "elapsed": 7056.495593, "delta": 0.005985}}
{"target": -13.497094510725002, "params": {"colsample_bytree": 0.6615553182031882, "eta": 0.00968146108340478, "gamma": 284.32616392894806, "max_depth": 6.0, "min_child_weight": 3895.331401727872, "num_boost_round": 15.0, "subsample": 0.5296127927830764}, "datetime": {"datetime": "2024-01-20 16:21:43", "elapsed": 7056.501578, "delta": 0.005985}}
{"target": -13.49709119109086, "params": {"colsample_bytree": 0.6615553182031882, "eta": 0.00968146108340478, "gamma": 284.32616392894806, "max_depth": 6.0, "min_child_weight": 3895.331401727872, "num_boost_round": 16.0, "subsample": 0.5296127927830764}, "datetime": {"datetime": "2024-01-20 16:21:43", "elapsed": 7056.507553, "delta": 0.005975}}
{"target": -13.497022033962647, "params": {"colsample_bytree": 0.6615553182031882, "eta": 0.00968146108340478, "gamma": 284.32616392894806, "max_depth": 6.0, "min_child_weight": 3895.331401727872, "num_boost_round": 17.0, "subsample": 0.5296127927830764}, "datetime": {"datetime": "2024-01-20 16:21:43", "elapsed": 7056.513977, "delta": 0.006424}}
{"target": -13.496986467366868, "params": {"colsample_bytree": 0.6615553182031882, "eta": 0.00968146108340478, "gamma": 284.32616392894806, "max_depth": 6.0, "min_child_weight": 3895.331401727872, "num_boost_round": 18.0, "subsample": 0.5296127927830764}, "datetime": {"datetime": "2024-01-20 16:21:43", "elapsed": 7056.520941, "delta": 0.006964}}
{"target": -13.496945033827473, "params": {"colsample_bytree": 0.6615553182031882, "eta": 0.00968146108340478, "gamma": 284.32616392894806, "max_depth": 6.0, "min_child_weight": 3895.331401727872, "num_boost_round": 19.0, "subsample": 0.5296127927830764}, "datetime": {"datetime": "2024-01-20 16:21:43", "elapsed": 7056.528359, "delta": 0.007418}}
{"target": -13.49689966653104, "params": {"colsample_bytree": 0.6615553182031882, "eta": 0.00968146108340478, "gamma": 284.32616392894806, "max_depth": 6.0, "min_child_weight": 3895.331401727872, "num_boost_round": 20.0, "subsample": 0.5296127927830764}, "datetime": {"datetime": "2024-01-20 16:21:43", "elapsed": 7056.535025, "delta": 0.006666}}
{"target": -13.496913407905483, "params": {"colsample_bytree": 0.6615553182031882, "eta": 0.00968146108340478, "gamma": 284.32616392894806, "max_depth": 6.0, "min_child_weight": 3895.331401727872, "num_boost_round": 21.0, "subsample": 0.5296127927830764}, "datetime": {"datetime": "2024-01-20 16:21:43", "elapsed": 7056.541295, "delta": 0.00627}}
{"target": -13.496911439578719, "params": {"colsample_bytree": 0.6615553182031882, "eta": 0.00968146108340478, "gamma": 284.32616392894806, "max_depth": 6.0, "min_child_weight": 3895.331401727872, "num_boost_round": 22.0, "subsample": 0.5296127927830764}, "datetime": {"datetime": "2024-01-20 16:21:43", "elapsed": 7056.547515, "delta": 0.00622}}
{"target": -13.496944503497616, "params": {"colsample_bytree": 0.6615553182031882, "eta": 0.00968146108340478, "gamma": 284.32616392894806, "max_depth": 6.0, "min_child_weight": 3895.331401727872, "num_boost_round": 23.0, "subsample": 0.5296127927830764}, "datetime": {"datetime": "2024-01-20 16:21:43", "elapsed": 7056.553639, "delta": 0.006124}}
{"target": -13.496897372284433, "params": {"colsample_bytree": 0.6615553182031882, "eta": 0.00968146108340478, "gamma": 284.32616392894806, "max_depth": 6.0, "min_child_weight": 3895.331401727872, "num_boost_round": 24.0, "subsample": 0.5296127927830764}, "datetime": {"datetime": "2024-01-20 16:21:43", "elapsed": 7056.559638, "delta": 0.005999}}
{"target": -13.49684625537393, "params": {"colsample_bytree": 0.6615553182031882, "eta": 0.00968146108340478, "gamma": 284.32616392894806, "max_depth": 6.0, "min_child_weight": 3895.331401727872, "num_boost_round": 25.0, "subsample": 0.5296127927830764}, "datetime": {"datetime": "2024-01-20 16:21:43", "elapsed": 7056.56567, "delta": 0.006032}}
