{"target": -13.445340226805744, "params": {"colsample_bytree": 0.884663265853554, "eta": 0.09469621293471066, "gamma": 186.70604117393242, "max_depth": 3.0, "min_child_weight": 3454.0675200222486, "num_boost_round": 66.0, "subsample": 0.8247640554177278}, "datetime": {"datetime": "2024-01-20 15:11:19", "elapsed": 2813.850787, "delta": 0.00279}}
{"target": -13.39781791008683, "params": {"colsample_bytree": 0.7562948795379434, "eta": 0.08745493951682898, "gamma": 913.0369624400225, "max_depth": 6.0, "min_child_weight": 4104.65955738278, "num_boost_round": 1.0, "subsample": 0.5415350684745087}, "datetime": {"datetime": "2024-01-20 15:11:49", "elapsed": 2844.064864, "delta": 30.214077}}
{"target": -13.397754650480426, "params": {"colsample_bytree": 0.7562948795379434, "eta": 0.08745493951682898, "gamma": 913.0369624400225, "max_depth": 6.0, "min_child_weight": 4104.65955738278, "num_boost_round": 2.0, "subsample": 0.5415350684745087}, "datetime": {"datetime": "2024-01-20 15:11:49", "elapsed": 2844.068874, "delta": 0.00401}}
{"target": -13.397896585898234, "params": {"colsample_bytree": 0.34803554496815825, "eta": 0.06978114101682382, "gamma": 928.7112325942762, "max_depth": 2.0, "min_child_weight": 4041.6977340316957, "num_boost_round": 1.0, "subsample": 0.6912578850826011}, "datetime": {"datetime": "2024-01-20 15:12:20", "elapsed": 2874.749979, "delta": 30.681105}}
{"target": -13.398184264926092, "params": {"colsample_bytree": 0.34803554496815825, "eta": 0.06978114101682382, "gamma": 928.7112325942762, "max_depth": 2.0, "min_child_weight": 4041.6977340316957, "num_boost_round": 2.0, "subsample": 0.6912578850826011}, "datetime": {"datetime": "2024-01-20 15:12:20", "elapsed": 2874.753663, "delta": 0.003684}}
{"target": -13.397249718808585, "params": {"colsample_bytree": 0.9697220629178623, "eta": 0.09680316289309883, "gamma": 956.716034969349, "max_depth": 3.0, "min_child_weight": 4174.038392657243, "num_boost_round": 1.0, "subsample": 0.3057256389366602}, "datetime": {"datetime": "2024-01-20 15:12:49", "elapsed": 2903.738165, "delta": 28.984502}}
{"target": -13.397003079347753, "params": {"colsample_bytree": 0.9697220629178623, "eta": 0.09680316289309883, "gamma": 956.716034969349, "max_depth": 3.0, "min_child_weight": 4174.038392657243, "num_boost_round": 2.0, "subsample": 0.3057256389366602}, "datetime": {"datetime": "2024-01-20 15:12:49", "elapsed": 2903.742938, "delta": 0.004773}}
{"target": -13.397534005078239, "params": {"colsample_bytree": 0.9697220629178623, "eta": 0.09680316289309883, "gamma": 956.716034969349, "max_depth": 3.0, "min_child_weight": 4174.038392657243, "num_boost_round": 3.0, "subsample": 0.3057256389366602}, "datetime": {"datetime": "2024-01-20 15:12:49", "elapsed": 2903.745909, "delta": 0.002971}}
{"target": -13.397793480752814, "params": {"colsample_bytree": 0.9697220629178623, "eta": 0.09680316289309883, "gamma": 956.716034969349, "max_depth": 3.0, "min_child_weight": 4174.038392657243, "num_boost_round": 4.0, "subsample": 0.3057256389366602}, "datetime": {"datetime": "2024-01-20 15:12:49", "elapsed": 2903.748869, "delta": 0.00296}}
{"target": -13.398422413324589, "params": {"colsample_bytree": 0.9697220629178623, "eta": 0.09680316289309883, "gamma": 956.716034969349, "max_depth": 3.0, "min_child_weight": 4174.038392657243, "num_boost_round": 5.0, "subsample": 0.3057256389366602}, "datetime": {"datetime": "2024-01-20 15:12:49", "elapsed": 2903.751717, "delta": 0.002848}}
{"target": -13.398620242758758, "params": {"colsample_bytree": 0.9697220629178623, "eta": 0.09680316289309883, "gamma": 956.716034969349, "max_depth": 3.0, "min_child_weight": 4174.038392657243, "num_boost_round": 6.0, "subsample": 0.3057256389366602}, "datetime": {"datetime": "2024-01-20 15:12:49", "elapsed": 2903.754507, "delta": 0.00279}}
{"target": -13.398969657202997, "params": {"colsample_bytree": 0.9697220629178623, "eta": 0.09680316289309883, "gamma": 956.716034969349, "max_depth": 3.0, "min_child_weight": 4174.038392657243, "num_boost_round": 7.0, "subsample": 0.3057256389366602}, "datetime": {"datetime": "2024-01-20 15:12:49", "elapsed": 2903.757284, "delta": 0.002777}}
{"target": -13.39933829248237, "params": {"colsample_bytree": 0.9697220629178623, "eta": 0.09680316289309883, "gamma": 956.716034969349, "max_depth": 3.0, "min_child_weight": 4174.038392657243, "num_boost_round": 8.0, "subsample": 0.3057256389366602}, "datetime": {"datetime": "2024-01-20 15:12:49", "elapsed": 2903.7602, "delta": 0.002916}}
{"target": -13.399761082413534, "params": {"colsample_bytree": 0.9697220629178623, "eta": 0.09680316289309883, "gamma": 956.716034969349, "max_depth": 3.0, "min_child_weight": 4174.038392657243, "num_boost_round": 9.0, "subsample": 0.3057256389366602}, "datetime": {"datetime": "2024-01-20 15:12:49", "elapsed": 2903.763092, "delta": 0.002892}}
{"target": -13.400214499559981, "params": {"colsample_bytree": 0.9697220629178623, "eta": 0.09680316289309883, "gamma": 956.716034969349, "max_depth": 3.0, "min_child_weight": 4174.038392657243, "num_boost_round": 10.0, "subsample": 0.3057256389366602}, "datetime": {"datetime": "2024-01-20 15:12:49", "elapsed": 2903.765884, "delta": 0.002792}}
{"target": -13.40039822748713, "params": {"colsample_bytree": 0.9697220629178623, "eta": 0.09680316289309883, "gamma": 956.716034969349, "max_depth": 3.0, "min_child_weight": 4174.038392657243, "num_boost_round": 11.0, "subsample": 0.3057256389366602}, "datetime": {"datetime": "2024-01-20 15:12:49", "elapsed": 2903.768939, "delta": 0.003055}}
{"target": -13.400972368270818, "params": {"colsample_bytree": 0.9697220629178623, "eta": 0.09680316289309883, "gamma": 956.716034969349, "max_depth": 3.0, "min_child_weight": 4174.038392657243, "num_boost_round": 12.0, "subsample": 0.3057256389366602}, "datetime": {"datetime": "2024-01-20 15:12:49", "elapsed": 2903.771773, "delta": 0.002834}}
{"target": -13.401808939248996, "params": {"colsample_bytree": 0.9697220629178623, "eta": 0.09680316289309883, "gamma": 956.716034969349, "max_depth": 3.0, "min_child_weight": 4174.038392657243, "num_boost_round": 13.0, "subsample": 0.3057256389366602}, "datetime": {"datetime": "2024-01-20 15:12:49", "elapsed": 2903.774652, "delta": 0.002879}}
{"target": -13.402049926457568, "params": {"colsample_bytree": 0.9697220629178623, "eta": 0.09680316289309883, "gamma": 956.716034969349, "max_depth": 3.0, "min_child_weight": 4174.038392657243, "num_boost_round": 14.0, "subsample": 0.3057256389366602}, "datetime": {"datetime": "2024-01-20 15:12:49", "elapsed": 2903.777481, "delta": 0.002829}}
{"target": -13.40265886721151, "params": {"colsample_bytree": 0.9697220629178623, "eta": 0.09680316289309883, "gamma": 956.716034969349, "max_depth": 3.0, "min_child_weight": 4174.038392657243, "num_boost_round": 15.0, "subsample": 0.3057256389366602}, "datetime": {"datetime": "2024-01-20 15:12:49", "elapsed": 2903.780425, "delta": 0.002944}}
{"target": -13.40318668125682, "params": {"colsample_bytree": 0.9697220629178623, "eta": 0.09680316289309883, "gamma": 956.716034969349, "max_depth": 3.0, "min_child_weight": 4174.038392657243, "num_boost_round": 16.0, "subsample": 0.3057256389366602}, "datetime": {"datetime": "2024-01-20 15:12:49", "elapsed": 2903.783537, "delta": 0.003112}}
{"target": -13.397782738575359, "params": {"colsample_bytree": 0.16563221654413574, "eta": 0.07173421185370257, "gamma": 176.36034268432599, "max_depth": 8.0, "min_child_weight": 3767.216266522716, "num_boost_round": 1.0, "subsample": 0.29675094943901903}, "datetime": {"datetime": "2024-01-20 15:13:12", "elapsed": 2927.030009, "delta": 23.246472}}
{"target": -13.397849402495833, "params": {"colsample_bytree": 0.16563221654413574, "eta": 0.07173421185370257, "gamma": 176.36034268432599, "max_depth": 8.0, "min_child_weight": 3767.216266522716, "num_boost_round": 2.0, "subsample": 0.29675094943901903}, "datetime": {"datetime": "2024-01-20 15:13:12", "elapsed": 2927.035351, "delta": 0.005342}}
{"target": -13.398060385110158, "params": {"colsample_bytree": 0.16563221654413574, "eta": 0.07173421185370257, "gamma": 176.36034268432599, "max_depth": 8.0, "min_child_weight": 3767.216266522716, "num_boost_round": 3.0, "subsample": 0.29675094943901903}, "datetime": {"datetime": "2024-01-20 15:13:12", "elapsed": 2927.038409, "delta": 0.003058}}
{"target": -13.398599989100742, "params": {"colsample_bytree": 0.16563221654413574, "eta": 0.07173421185370257, "gamma": 176.36034268432599, "max_depth": 8.0, "min_child_weight": 3767.216266522716, "num_boost_round": 4.0, "subsample": 0.29675094943901903}, "datetime": {"datetime": "2024-01-20 15:13:12", "elapsed": 2927.041228, "delta": 0.002819}}
{"target": -13.397988291718812, "params": {"colsample_bytree": 0.8390587972673978, "eta": 0.09276165605992305, "gamma": 177.13937725103733, "max_depth": 6.0, "min_child_weight": 3189.0198473325886, "num_boost_round": 1.0, "subsample": 0.9602870436836154}, "datetime": {"datetime": "2024-01-20 15:13:41", "elapsed": 2955.689254, "delta": 28.648026}}
{"target": -13.397708221531836, "params": {"colsample_bytree": 0.5355158679320471, "eta": 0.027485117774798253, "gamma": 130.44397756884285, "max_depth": 8.0, "min_child_weight": 3253.0257853485173, "num_boost_round": 1.0, "subsample": 0.7770828895274745}, "datetime": {"datetime": "2024-01-20 15:14:38", "elapsed": 3012.892384, "delta": 57.20313}}
{"target": -13.397627151759172, "params": {"colsample_bytree": 0.5355158679320471, "eta": 0.027485117774798253, "gamma": 130.44397756884285, "max_depth": 8.0, "min_child_weight": 3253.0257853485173, "num_boost_round": 2.0, "subsample": 0.7770828895274745}, "datetime": {"datetime": "2024-01-20 15:14:38", "elapsed": 3012.896612, "delta": 0.004228}}
{"target": -13.39745580483152, "params": {"colsample_bytree": 0.5355158679320471, "eta": 0.027485117774798253, "gamma": 130.44397756884285, "max_depth": 8.0, "min_child_weight": 3253.0257853485173, "num_boost_round": 3.0, "subsample": 0.7770828895274745}, "datetime": {"datetime": "2024-01-20 15:14:38", "elapsed": 3012.899541, "delta": 0.002929}}
{"target": -13.397407420036643, "params": {"colsample_bytree": 0.5355158679320471, "eta": 0.027485117774798253, "gamma": 130.44397756884285, "max_depth": 8.0, "min_child_weight": 3253.0257853485173, "num_boost_round": 4.0, "subsample": 0.7770828895274745}, "datetime": {"datetime": "2024-01-20 15:14:38", "elapsed": 3012.902307, "delta": 0.002766}}
{"target": -13.397308559467046, "params": {"colsample_bytree": 0.5355158679320471, "eta": 0.027485117774798253, "gamma": 130.44397756884285, "max_depth": 8.0, "min_child_weight": 3253.0257853485173, "num_boost_round": 5.0, "subsample": 0.7770828895274745}, "datetime": {"datetime": "2024-01-20 15:14:38", "elapsed": 3012.905065, "delta": 0.002758}}
{"target": -13.39730024354019, "params": {"colsample_bytree": 0.5355158679320471, "eta": 0.027485117774798253, "gamma": 130.44397756884285, "max_depth": 8.0, "min_child_weight": 3253.0257853485173, "num_boost_round": 6.0, "subsample": 0.7770828895274745}, "datetime": {"datetime": "2024-01-20 15:14:38", "elapsed": 3012.90792, "delta": 0.002855}}
{"target": -13.39732045922722, "params": {"colsample_bytree": 0.5355158679320471, "eta": 0.027485117774798253, "gamma": 130.44397756884285, "max_depth": 8.0, "min_child_weight": 3253.0257853485173, "num_boost_round": 7.0, "subsample": 0.7770828895274745}, "datetime": {"datetime": "2024-01-20 15:14:38", "elapsed": 3012.910623, "delta": 0.002703}}
{"target": -13.397594057368984, "params": {"colsample_bytree": 0.5355158679320471, "eta": 0.027485117774798253, "gamma": 130.44397756884285, "max_depth": 8.0, "min_child_weight": 3253.0257853485173, "num_boost_round": 8.0, "subsample": 0.7770828895274745}, "datetime": {"datetime": "2024-01-20 15:14:38", "elapsed": 3012.913316, "delta": 0.002693}}
{"target": -13.397869973039334, "params": {"colsample_bytree": 0.5355158679320471, "eta": 0.027485117774798253, "gamma": 130.44397756884285, "max_depth": 8.0, "min_child_weight": 3253.0257853485173, "num_boost_round": 9.0, "subsample": 0.7770828895274745}, "datetime": {"datetime": "2024-01-20 15:14:38", "elapsed": 3012.91609, "delta": 0.002774}}
{"target": -13.398024710677266, "params": {"colsample_bytree": 0.5355158679320471, "eta": 0.027485117774798253, "gamma": 130.44397756884285, "max_depth": 8.0, "min_child_weight": 3253.0257853485173, "num_boost_round": 10.0, "subsample": 0.7770828895274745}, "datetime": {"datetime": "2024-01-20 15:14:38", "elapsed": 3012.918894, "delta": 0.002804}}
{"target": -13.398221890599519, "params": {"colsample_bytree": 0.5355158679320471, "eta": 0.027485117774798253, "gamma": 130.44397756884285, "max_depth": 8.0, "min_child_weight": 3253.0257853485173, "num_boost_round": 11.0, "subsample": 0.7770828895274745}, "datetime": {"datetime": "2024-01-20 15:14:38", "elapsed": 3012.921652, "delta": 0.002758}}
{"target": -13.398366319244584, "params": {"colsample_bytree": 0.5355158679320471, "eta": 0.027485117774798253, "gamma": 130.44397756884285, "max_depth": 8.0, "min_child_weight": 3253.0257853485173, "num_boost_round": 12.0, "subsample": 0.7770828895274745}, "datetime": {"datetime": "2024-01-20 15:14:38", "elapsed": 3012.924437, "delta": 0.002785}}
{"target": -13.398554842515047, "params": {"colsample_bytree": 0.5355158679320471, "eta": 0.027485117774798253, "gamma": 130.44397756884285, "max_depth": 8.0, "min_child_weight": 3253.0257853485173, "num_boost_round": 13.0, "subsample": 0.7770828895274745}, "datetime": {"datetime": "2024-01-20 15:14:38", "elapsed": 3012.927236, "delta": 0.002799}}
{"target": -13.398687981033863, "params": {"colsample_bytree": 0.5355158679320471, "eta": 0.027485117774798253, "gamma": 130.44397756884285, "max_depth": 8.0, "min_child_weight": 3253.0257853485173, "num_boost_round": 14.0, "subsample": 0.7770828895274745}, "datetime": {"datetime": "2024-01-20 15:14:38", "elapsed": 3012.930198, "delta": 0.002962}}
{"target": -13.39886057891394, "params": {"colsample_bytree": 0.5355158679320471, "eta": 0.027485117774798253, "gamma": 130.44397756884285, "max_depth": 8.0, "min_child_weight": 3253.0257853485173, "num_boost_round": 15.0, "subsample": 0.7770828895274745}, "datetime": {"datetime": "2024-01-20 15:14:38", "elapsed": 3012.932935, "delta": 0.002737}}
{"target": -13.399096214511111, "params": {"colsample_bytree": 0.5355158679320471, "eta": 0.027485117774798253, "gamma": 130.44397756884285, "max_depth": 8.0, "min_child_weight": 3253.0257853485173, "num_boost_round": 16.0, "subsample": 0.7770828895274745}, "datetime": {"datetime": "2024-01-20 15:14:38", "elapsed": 3012.935741, "delta": 0.002806}}
{"target": -13.399412648334941, "params": {"colsample_bytree": 0.5355158679320471, "eta": 0.027485117774798253, "gamma": 130.44397756884285, "max_depth": 8.0, "min_child_weight": 3253.0257853485173, "num_boost_round": 17.0, "subsample": 0.7770828895274745}, "datetime": {"datetime": "2024-01-20 15:14:38", "elapsed": 3012.938581, "delta": 0.00284}}
{"target": -13.399872014363764, "params": {"colsample_bytree": 0.5355158679320471, "eta": 0.027485117774798253, "gamma": 130.44397756884285, "max_depth": 8.0, "min_child_weight": 3253.0257853485173, "num_boost_round": 18.0, "subsample": 0.7770828895274745}, "datetime": {"datetime": "2024-01-20 15:14:38", "elapsed": 3012.941299, "delta": 0.002718}}
{"target": -13.400076720750924, "params": {"colsample_bytree": 0.5355158679320471, "eta": 0.027485117774798253, "gamma": 130.44397756884285, "max_depth": 8.0, "min_child_weight": 3253.0257853485173, "num_boost_round": 19.0, "subsample": 0.7770828895274745}, "datetime": {"datetime": "2024-01-20 15:14:38", "elapsed": 3012.944087, "delta": 0.002788}}
{"target": -13.40029327275326, "params": {"colsample_bytree": 0.5355158679320471, "eta": 0.027485117774798253, "gamma": 130.44397756884285, "max_depth": 8.0, "min_child_weight": 3253.0257853485173, "num_boost_round": 20.0, "subsample": 0.7770828895274745}, "datetime": {"datetime": "2024-01-20 15:14:38", "elapsed": 3012.946881, "delta": 0.002794}}
{"target": -13.40038323589355, "params": {"colsample_bytree": 0.5355158679320471, "eta": 0.027485117774798253, "gamma": 130.44397756884285, "max_depth": 8.0, "min_child_weight": 3253.0257853485173, "num_boost_round": 21.0, "subsample": 0.7770828895274745}, "datetime": {"datetime": "2024-01-20 15:14:38", "elapsed": 3012.949829, "delta": 0.002948}}
{"target": -13.400648079137348, "params": {"colsample_bytree": 0.5355158679320471, "eta": 0.027485117774798253, "gamma": 130.44397756884285, "max_depth": 8.0, "min_child_weight": 3253.0257853485173, "num_boost_round": 22.0, "subsample": 0.7770828895274745}, "datetime": {"datetime": "2024-01-20 15:14:38", "elapsed": 3012.952544, "delta": 0.002715}}
{"target": -13.401045661928423, "params": {"colsample_bytree": 0.5355158679320471, "eta": 0.027485117774798253, "gamma": 130.44397756884285, "max_depth": 8.0, "min_child_weight": 3253.0257853485173, "num_boost_round": 23.0, "subsample": 0.7770828895274745}, "datetime": {"datetime": "2024-01-20 15:14:38", "elapsed": 3012.955268, "delta": 0.002724}}
{"target": -13.401147876962064, "params": {"colsample_bytree": 0.5355158679320471, "eta": 0.027485117774798253, "gamma": 130.44397756884285, "max_depth": 8.0, "min_child_weight": 3253.0257853485173, "num_boost_round": 24.0, "subsample": 0.7770828895274745}, "datetime": {"datetime": "2024-01-20 15:14:38", "elapsed": 3012.958073, "delta": 0.002805}}
{"target": -13.401274957891228, "params": {"colsample_bytree": 0.5355158679320471, "eta": 0.027485117774798253, "gamma": 130.44397756884285, "max_depth": 8.0, "min_child_weight": 3253.0257853485173, "num_boost_round": 25.0, "subsample": 0.7770828895274745}, "datetime": {"datetime": "2024-01-20 15:14:38", "elapsed": 3012.960868, "delta": 0.002795}}
{"target": -13.401830432474409, "params": {"colsample_bytree": 0.5355158679320471, "eta": 0.027485117774798253, "gamma": 130.44397756884285, "max_depth": 8.0, "min_child_weight": 3253.0257853485173, "num_boost_round": 26.0, "subsample": 0.7770828895274745}, "datetime": {"datetime": "2024-01-20 15:14:38", "elapsed": 3012.96369, "delta": 0.002822}}
{"target": -13.402300544617743, "params": {"colsample_bytree": 0.5355158679320471, "eta": 0.027485117774798253, "gamma": 130.44397756884285, "max_depth": 8.0, "min_child_weight": 3253.0257853485173, "num_boost_round": 27.0, "subsample": 0.7770828895274745}, "datetime": {"datetime": "2024-01-20 15:14:38", "elapsed": 3012.966467, "delta": 0.002777}}
{"target": -13.402726872236116, "params": {"colsample_bytree": 0.5355158679320471, "eta": 0.027485117774798253, "gamma": 130.44397756884285, "max_depth": 8.0, "min_child_weight": 3253.0257853485173, "num_boost_round": 28.0, "subsample": 0.7770828895274745}, "datetime": {"datetime": "2024-01-20 15:14:38", "elapsed": 3012.969328, "delta": 0.002861}}
{"target": -13.403127679016531, "params": {"colsample_bytree": 0.5355158679320471, "eta": 0.027485117774798253, "gamma": 130.44397756884285, "max_depth": 8.0, "min_child_weight": 3253.0257853485173, "num_boost_round": 29.0, "subsample": 0.7770828895274745}, "datetime": {"datetime": "2024-01-20 15:14:38", "elapsed": 3012.972054, "delta": 0.002726}}
{"target": -13.40346366334426, "params": {"colsample_bytree": 0.5355158679320471, "eta": 0.027485117774798253, "gamma": 130.44397756884285, "max_depth": 8.0, "min_child_weight": 3253.0257853485173, "num_boost_round": 30.0, "subsample": 0.7770828895274745}, "datetime": {"datetime": "2024-01-20 15:14:38", "elapsed": 3012.974785, "delta": 0.002731}}
{"target": -13.404051211935759, "params": {"colsample_bytree": 0.5355158679320471, "eta": 0.027485117774798253, "gamma": 130.44397756884285, "max_depth": 8.0, "min_child_weight": 3253.0257853485173, "num_boost_round": 31.0, "subsample": 0.7770828895274745}, "datetime": {"datetime": "2024-01-20 15:14:38", "elapsed": 3012.9775, "delta": 0.002715}}
{"target": -13.404566994022936, "params": {"colsample_bytree": 0.5355158679320471, "eta": 0.027485117774798253, "gamma": 130.44397756884285, "max_depth": 8.0, "min_child_weight": 3253.0257853485173, "num_boost_round": 32.0, "subsample": 0.7770828895274745}, "datetime": {"datetime": "2024-01-20 15:14:38", "elapsed": 3012.980338, "delta": 0.002838}}
{"target": -13.405083757110996, "params": {"colsample_bytree": 0.5355158679320471, "eta": 0.027485117774798253, "gamma": 130.44397756884285, "max_depth": 8.0, "min_child_weight": 3253.0257853485173, "num_boost_round": 33.0, "subsample": 0.7770828895274745}, "datetime": {"datetime": "2024-01-20 15:14:38", "elapsed": 3012.983139, "delta": 0.002801}}
{"target": -13.405439399684635, "params": {"colsample_bytree": 0.5355158679320471, "eta": 0.027485117774798253, "gamma": 130.44397756884285, "max_depth": 8.0, "min_child_weight": 3253.0257853485173, "num_boost_round": 34.0, "subsample": 0.7770828895274745}, "datetime": {"datetime": "2024-01-20 15:14:38", "elapsed": 3012.985984, "delta": 0.002845}}
{"target": -13.405793349433452, "params": {"colsample_bytree": 0.5355158679320471, "eta": 0.027485117774798253, "gamma": 130.44397756884285, "max_depth": 8.0, "min_child_weight": 3253.0257853485173, "num_boost_round": 35.0, "subsample": 0.7770828895274745}, "datetime": {"datetime": "2024-01-20 15:14:38", "elapsed": 3012.989087, "delta": 0.003103}}
{"target": -13.406225082738654, "params": {"colsample_bytree": 0.5355158679320471, "eta": 0.027485117774798253, "gamma": 130.44397756884285, "max_depth": 8.0, "min_child_weight": 3253.0257853485173, "num_boost_round": 36.0, "subsample": 0.7770828895274745}, "datetime": {"datetime": "2024-01-20 15:14:38", "elapsed": 3012.99204, "delta": 0.002953}}
{"target": -13.40644455917457, "params": {"colsample_bytree": 0.5355158679320471, "eta": 0.027485117774798253, "gamma": 130.44397756884285, "max_depth": 8.0, "min_child_weight": 3253.0257853485173, "num_boost_round": 37.0, "subsample": 0.7770828895274745}, "datetime": {"datetime": "2024-01-20 15:14:38", "elapsed": 3012.994948, "delta": 0.002908}}
