{"target": -13.403197855812252, "params": {"colsample_bytree": 0.8413535280162975, "eta": 0.06655550811671089, "gamma": 884.9480378401062, "max_depth": 2.0, "min_child_weight": 4434.881695794443, "num_boost_round": 11.0, "subsample": 0.9146629050452053}, "datetime": {"datetime": "2024-01-20 15:44:45", "elapsed": 4819.671707, "delta": 0.003584}}
{"target": -13.403716233344174, "params": {"colsample_bytree": 0.8413535280162975, "eta": 0.06655550811671089, "gamma": 884.9480378401062, "max_depth": 2.0, "min_child_weight": 4434.881695794443, "num_boost_round": 12.0, "subsample": 0.9146629050452053}, "datetime": {"datetime": "2024-01-20 15:44:45", "elapsed": 4819.675313, "delta": 0.003606}}
{"target": -13.404232557245539, "params": {"colsample_bytree": 0.8413535280162975, "eta": 0.06655550811671089, "gamma": 884.9480378401062, "max_depth": 2.0, "min_child_weight": 4434.881695794443, "num_boost_round": 13.0, "subsample": 0.9146629050452053}, "datetime": {"datetime": "2024-01-20 15:44:45", "elapsed": 4819.678985, "delta": 0.003672}}
{"target": -13.40446285590302, "params": {"colsample_bytree": 0.8413535280162975, "eta": 0.06655550811671089, "gamma": 884.9480378401062, "max_depth": 2.0, "min_child_weight": 4434.881695794443, "num_boost_round": 14.0, "subsample": 0.9146629050452053}, "datetime": {"datetime": "2024-01-20 15:44:45", "elapsed": 4819.682591, "delta": 0.003606}}
{"target": -13.405095510686131, "params": {"colsample_bytree": 0.8413535280162975, "eta": 0.06655550811671089, "gamma": 884.9480378401062, "max_depth": 2.0, "min_child_weight": 4434.881695794443, "num_boost_round": 15.0, "subsample": 0.9146629050452053}, "datetime": {"datetime": "2024-01-20 15:44:45", "elapsed": 4819.686173, "delta": 0.003582}}
{"target": -13.405967796571185, "params": {"colsample_bytree": 0.8413535280162975, "eta": 0.06655550811671089, "gamma": 884.9480378401062, "max_depth": 2.0, "min_child_weight": 4434.881695794443, "num_boost_round": 16.0, "subsample": 0.9146629050452053}, "datetime": {"datetime": "2024-01-20 15:44:45", "elapsed": 4819.690099, "delta": 0.003926}}
{"target": -13.40664507508407, "params": {"colsample_bytree": 0.8413535280162975, "eta": 0.06655550811671089, "gamma": 884.9480378401062, "max_depth": 2.0, "min_child_weight": 4434.881695794443, "num_boost_round": 17.0, "subsample": 0.9146629050452053}, "datetime": {"datetime": "2024-01-20 15:44:45", "elapsed": 4819.694016, "delta": 0.003917}}
{"target": -13.40682022557289, "params": {"colsample_bytree": 0.8413535280162975, "eta": 0.06655550811671089, "gamma": 884.9480378401062, "max_depth": 2.0, "min_child_weight": 4434.881695794443, "num_boost_round": 18.0, "subsample": 0.9146629050452053}, "datetime": {"datetime": "2024-01-20 15:44:45", "elapsed": 4819.697791, "delta": 0.003775}}
{"target": -13.40729801854486, "params": {"colsample_bytree": 0.8413535280162975, "eta": 0.06655550811671089, "gamma": 884.9480378401062, "max_depth": 2.0, "min_child_weight": 4434.881695794443, "num_boost_round": 19.0, "subsample": 0.9146629050452053}, "datetime": {"datetime": "2024-01-20 15:44:45", "elapsed": 4819.701388, "delta": 0.003597}}
{"target": -13.408026425998852, "params": {"colsample_bytree": 0.8413535280162975, "eta": 0.06655550811671089, "gamma": 884.9480378401062, "max_depth": 2.0, "min_child_weight": 4434.881695794443, "num_boost_round": 20.0, "subsample": 0.9146629050452053}, "datetime": {"datetime": "2024-01-20 15:44:45", "elapsed": 4819.704926, "delta": 0.003538}}
{"target": -13.4081070302776, "params": {"colsample_bytree": 0.8413535280162975, "eta": 0.06655550811671089, "gamma": 884.9480378401062, "max_depth": 2.0, "min_child_weight": 4434.881695794443, "num_boost_round": 21.0, "subsample": 0.9146629050452053}, "datetime": {"datetime": "2024-01-20 15:44:45", "elapsed": 4819.708563, "delta": 0.003637}}
{"target": -13.408531500712414, "params": {"colsample_bytree": 0.8413535280162975, "eta": 0.06655550811671089, "gamma": 884.9480378401062, "max_depth": 2.0, "min_child_weight": 4434.881695794443, "num_boost_round": 22.0, "subsample": 0.9146629050452053}, "datetime": {"datetime": "2024-01-20 15:44:45", "elapsed": 4819.712214, "delta": 0.003651}}
{"target": -13.409326480010524, "params": {"colsample_bytree": 0.8413535280162975, "eta": 0.06655550811671089, "gamma": 884.9480378401062, "max_depth": 2.0, "min_child_weight": 4434.881695794443, "num_boost_round": 23.0, "subsample": 0.9146629050452053}, "datetime": {"datetime": "2024-01-20 15:44:45", "elapsed": 4819.715774, "delta": 0.00356}}
{"target": -13.409193050229502, "params": {"colsample_bytree": 0.8413535280162975, "eta": 0.06655550811671089, "gamma": 884.9480378401062, "max_depth": 2.0, "min_child_weight": 4434.881695794443, "num_boost_round": 24.0, "subsample": 0.9146629050452053}, "datetime": {"datetime": "2024-01-20 15:44:45", "elapsed": 4819.719621, "delta": 0.003847}}
{"target": -13.40939792379178, "params": {"colsample_bytree": 0.8413535280162975, "eta": 0.06655550811671089, "gamma": 884.9480378401062, "max_depth": 2.0, "min_child_weight": 4434.881695794443, "num_boost_round": 25.0, "subsample": 0.9146629050452053}, "datetime": {"datetime": "2024-01-20 15:44:45", "elapsed": 4819.723312, "delta": 0.003691}}
{"target": -13.409623984646963, "params": {"colsample_bytree": 0.8413535280162975, "eta": 0.06655550811671089, "gamma": 884.9480378401062, "max_depth": 2.0, "min_child_weight": 4434.881695794443, "num_boost_round": 26.0, "subsample": 0.9146629050452053}, "datetime": {"datetime": "2024-01-20 15:44:45", "elapsed": 4819.727046, "delta": 0.003734}}
{"target": -13.409651173022427, "params": {"colsample_bytree": 0.8413535280162975, "eta": 0.06655550811671089, "gamma": 884.9480378401062, "max_depth": 2.0, "min_child_weight": 4434.881695794443, "num_boost_round": 27.0, "subsample": 0.9146629050452053}, "datetime": {"datetime": "2024-01-20 15:44:45", "elapsed": 4819.730625, "delta": 0.003579}}
{"target": -13.41027373023427, "params": {"colsample_bytree": 0.8413535280162975, "eta": 0.06655550811671089, "gamma": 884.9480378401062, "max_depth": 2.0, "min_child_weight": 4434.881695794443, "num_boost_round": 28.0, "subsample": 0.9146629050452053}, "datetime": {"datetime": "2024-01-20 15:44:45", "elapsed": 4819.734235, "delta": 0.00361}}
{"target": -13.410289484692605, "params": {"colsample_bytree": 0.8413535280162975, "eta": 0.06655550811671089, "gamma": 884.9480378401062, "max_depth": 2.0, "min_child_weight": 4434.881695794443, "num_boost_round": 29.0, "subsample": 0.9146629050452053}, "datetime": {"datetime": "2024-01-20 15:44:45", "elapsed": 4819.738133, "delta": 0.003898}}
{"target": -13.410686486894093, "params": {"colsample_bytree": 0.8413535280162975, "eta": 0.06655550811671089, "gamma": 884.9480378401062, "max_depth": 2.0, "min_child_weight": 4434.881695794443, "num_boost_round": 30.0, "subsample": 0.9146629050452053}, "datetime": {"datetime": "2024-01-20 15:44:45", "elapsed": 4819.741723, "delta": 0.00359}}
{"target": -13.411326607954976, "params": {"colsample_bytree": 0.8413535280162975, "eta": 0.06655550811671089, "gamma": 884.9480378401062, "max_depth": 2.0, "min_child_weight": 4434.881695794443, "num_boost_round": 31.0, "subsample": 0.9146629050452053}, "datetime": {"datetime": "2024-01-20 15:44:45", "elapsed": 4819.745238, "delta": 0.003515}}
{"target": -13.411810194720914, "params": {"colsample_bytree": 0.8413535280162975, "eta": 0.06655550811671089, "gamma": 884.9480378401062, "max_depth": 2.0, "min_child_weight": 4434.881695794443, "num_boost_round": 32.0, "subsample": 0.9146629050452053}, "datetime": {"datetime": "2024-01-20 15:44:45", "elapsed": 4819.748934, "delta": 0.003696}}
{"target": -13.412492860930104, "params": {"colsample_bytree": 0.8413535280162975, "eta": 0.06655550811671089, "gamma": 884.9480378401062, "max_depth": 2.0, "min_child_weight": 4434.881695794443, "num_boost_round": 33.0, "subsample": 0.9146629050452053}, "datetime": {"datetime": "2024-01-20 15:44:45", "elapsed": 4819.752459, "delta": 0.003525}}
{"target": -13.413033763127086, "params": {"colsample_bytree": 0.8413535280162975, "eta": 0.06655550811671089, "gamma": 884.9480378401062, "max_depth": 2.0, "min_child_weight": 4434.881695794443, "num_boost_round": 34.0, "subsample": 0.9146629050452053}, "datetime": {"datetime": "2024-01-20 15:44:45", "elapsed": 4819.756538, "delta": 0.004079}}
{"target": -13.413246224644825, "params": {"colsample_bytree": 0.8413535280162975, "eta": 0.06655550811671089, "gamma": 884.9480378401062, "max_depth": 2.0, "min_child_weight": 4434.881695794443, "num_boost_round": 35.0, "subsample": 0.9146629050452053}, "datetime": {"datetime": "2024-01-20 15:44:45", "elapsed": 4819.760375, "delta": 0.003837}}
{"target": -13.413339607165938, "params": {"colsample_bytree": 0.8413535280162975, "eta": 0.06655550811671089, "gamma": 884.9480378401062, "max_depth": 2.0, "min_child_weight": 4434.881695794443, "num_boost_round": 36.0, "subsample": 0.9146629050452053}, "datetime": {"datetime": "2024-01-20 15:44:45", "elapsed": 4819.764167, "delta": 0.003792}}
{"target": -13.413480842383095, "params": {"colsample_bytree": 0.8413535280162975, "eta": 0.06655550811671089, "gamma": 884.9480378401062, "max_depth": 2.0, "min_child_weight": 4434.881695794443, "num_boost_round": 37.0, "subsample": 0.9146629050452053}, "datetime": {"datetime": "2024-01-20 15:44:45", "elapsed": 4819.768014, "delta": 0.003847}}
{"target": -13.413541370699596, "params": {"colsample_bytree": 0.8413535280162975, "eta": 0.06655550811671089, "gamma": 884.9480378401062, "max_depth": 2.0, "min_child_weight": 4434.881695794443, "num_boost_round": 38.0, "subsample": 0.9146629050452053}, "datetime": {"datetime": "2024-01-20 15:44:45", "elapsed": 4819.771621, "delta": 0.003607}}
{"target": -13.41357095592393, "params": {"colsample_bytree": 0.8413535280162975, "eta": 0.06655550811671089, "gamma": 884.9480378401062, "max_depth": 2.0, "min_child_weight": 4434.881695794443, "num_boost_round": 39.0, "subsample": 0.9146629050452053}, "datetime": {"datetime": "2024-01-20 15:44:45", "elapsed": 4819.775189, "delta": 0.003568}}
{"target": -13.414109253060182, "params": {"colsample_bytree": 0.8413535280162975, "eta": 0.06655550811671089, "gamma": 884.9480378401062, "max_depth": 2.0, "min_child_weight": 4434.881695794443, "num_boost_round": 40.0, "subsample": 0.9146629050452053}, "datetime": {"datetime": "2024-01-20 15:44:45", "elapsed": 4819.77892, "delta": 0.003731}}
{"target": -13.414500171584178, "params": {"colsample_bytree": 0.8413535280162975, "eta": 0.06655550811671089, "gamma": 884.9480378401062, "max_depth": 2.0, "min_child_weight": 4434.881695794443, "num_boost_round": 41.0, "subsample": 0.9146629050452053}, "datetime": {"datetime": "2024-01-20 15:44:45", "elapsed": 4819.782952, "delta": 0.004032}}
{"target": -13.41477990339581, "params": {"colsample_bytree": 0.8413535280162975, "eta": 0.06655550811671089, "gamma": 884.9480378401062, "max_depth": 2.0, "min_child_weight": 4434.881695794443, "num_boost_round": 42.0, "subsample": 0.9146629050452053}, "datetime": {"datetime": "2024-01-20 15:44:45", "elapsed": 4819.786751, "delta": 0.003799}}
{"target": -13.414992667166132, "params": {"colsample_bytree": 0.8413535280162975, "eta": 0.06655550811671089, "gamma": 884.9480378401062, "max_depth": 2.0, "min_child_weight": 4434.881695794443, "num_boost_round": 43.0, "subsample": 0.9146629050452053}, "datetime": {"datetime": "2024-01-20 15:44:45", "elapsed": 4819.790449, "delta": 0.003698}}
{"target": -13.414920882769886, "params": {"colsample_bytree": 0.8413535280162975, "eta": 0.06655550811671089, "gamma": 884.9480378401062, "max_depth": 2.0, "min_child_weight": 4434.881695794443, "num_boost_round": 44.0, "subsample": 0.9146629050452053}, "datetime": {"datetime": "2024-01-20 15:44:45", "elapsed": 4819.794179, "delta": 0.00373}}
{"target": -13.41509427777428, "params": {"colsample_bytree": 0.8413535280162975, "eta": 0.06655550811671089, "gamma": 884.9480378401062, "max_depth": 2.0, "min_child_weight": 4434.881695794443, "num_boost_round": 45.0, "subsample": 0.9146629050452053}, "datetime": {"datetime": "2024-01-20 15:44:45", "elapsed": 4819.79786, "delta": 0.003681}}
{"target": -13.415224741137353, "params": {"colsample_bytree": 0.8413535280162975, "eta": 0.06655550811671089, "gamma": 884.9480378401062, "max_depth": 2.0, "min_child_weight": 4434.881695794443, "num_boost_round": 46.0, "subsample": 0.9146629050452053}, "datetime": {"datetime": "2024-01-20 15:44:45", "elapsed": 4819.801601, "delta": 0.003741}}
{"target": -13.415539966747168, "params": {"colsample_bytree": 0.8413535280162975, "eta": 0.06655550811671089, "gamma": 884.9480378401062, "max_depth": 2.0, "min_child_weight": 4434.881695794443, "num_boost_round": 47.0, "subsample": 0.9146629050452053}, "datetime": {"datetime": "2024-01-20 15:44:45", "elapsed": 4819.805352, "delta": 0.003751}}
{"target": -13.415804787625582, "params": {"colsample_bytree": 0.8413535280162975, "eta": 0.06655550811671089, "gamma": 884.9480378401062, "max_depth": 2.0, "min_child_weight": 4434.881695794443, "num_boost_round": 48.0, "subsample": 0.9146629050452053}, "datetime": {"datetime": "2024-01-20 15:44:45", "elapsed": 4819.809153, "delta": 0.003801}}
{"target": -13.416149598505664, "params": {"colsample_bytree": 0.8413535280162975, "eta": 0.06655550811671089, "gamma": 884.9480378401062, "max_depth": 2.0, "min_child_weight": 4434.881695794443, "num_boost_round": 49.0, "subsample": 0.9146629050452053}, "datetime": {"datetime": "2024-01-20 15:44:45", "elapsed": 4819.812937, "delta": 0.003784}}
{"target": -13.416071395881954, "params": {"colsample_bytree": 0.8413535280162975, "eta": 0.06655550811671089, "gamma": 884.9480378401062, "max_depth": 2.0, "min_child_weight": 4434.881695794443, "num_boost_round": 50.0, "subsample": 0.9146629050452053}, "datetime": {"datetime": "2024-01-20 15:44:45", "elapsed": 4819.816671, "delta": 0.003734}}
{"target": -13.4159323123793, "params": {"colsample_bytree": 0.8413535280162975, "eta": 0.06655550811671089, "gamma": 884.9480378401062, "max_depth": 2.0, "min_child_weight": 4434.881695794443, "num_boost_round": 51.0, "subsample": 0.9146629050452053}, "datetime": {"datetime": "2024-01-20 15:44:45", "elapsed": 4819.820359, "delta": 0.003688}}
{"target": -13.416173248057977, "params": {"colsample_bytree": 0.8413535280162975, "eta": 0.06655550811671089, "gamma": 884.9480378401062, "max_depth": 2.0, "min_child_weight": 4434.881695794443, "num_boost_round": 52.0, "subsample": 0.9146629050452053}, "datetime": {"datetime": "2024-01-20 15:44:45", "elapsed": 4819.824073, "delta": 0.003714}}
{"target": -13.416397319717037, "params": {"colsample_bytree": 0.8413535280162975, "eta": 0.06655550811671089, "gamma": 884.9480378401062, "max_depth": 2.0, "min_child_weight": 4434.881695794443, "num_boost_round": 53.0, "subsample": 0.9146629050452053}, "datetime": {"datetime": "2024-01-20 15:44:45", "elapsed": 4819.827884, "delta": 0.003811}}
{"target": -13.416993077216603, "params": {"colsample_bytree": 0.8413535280162975, "eta": 0.06655550811671089, "gamma": 884.9480378401062, "max_depth": 2.0, "min_child_weight": 4434.881695794443, "num_boost_round": 54.0, "subsample": 0.9146629050452053}, "datetime": {"datetime": "2024-01-20 15:44:45", "elapsed": 4819.831667, "delta": 0.003783}}
{"target": -13.41713833540395, "params": {"colsample_bytree": 0.8413535280162975, "eta": 0.06655550811671089, "gamma": 884.9480378401062, "max_depth": 2.0, "min_child_weight": 4434.881695794443, "num_boost_round": 55.0, "subsample": 0.9146629050452053}, "datetime": {"datetime": "2024-01-20 15:44:45", "elapsed": 4819.835444, "delta": 0.003777}}
{"target": -13.417062252068813, "params": {"colsample_bytree": 0.8413535280162975, "eta": 0.06655550811671089, "gamma": 884.9480378401062, "max_depth": 2.0, "min_child_weight": 4434.881695794443, "num_boost_round": 56.0, "subsample": 0.9146629050452053}, "datetime": {"datetime": "2024-01-20 15:44:45", "elapsed": 4819.839074, "delta": 0.00363}}
{"target": -13.417272923786113, "params": {"colsample_bytree": 0.8413535280162975, "eta": 0.06655550811671089, "gamma": 884.9480378401062, "max_depth": 2.0, "min_child_weight": 4434.881695794443, "num_boost_round": 57.0, "subsample": 0.9146629050452053}, "datetime": {"datetime": "2024-01-20 15:44:45", "elapsed": 4819.842811, "delta": 0.003737}}
{"target": -13.417074301460236, "params": {"colsample_bytree": 0.8413535280162975, "eta": 0.06655550811671089, "gamma": 884.9480378401062, "max_depth": 2.0, "min_child_weight": 4434.881695794443, "num_boost_round": 58.0, "subsample": 0.9146629050452053}, "datetime": {"datetime": "2024-01-20 15:44:45", "elapsed": 4819.84655, "delta": 0.003739}}
{"target": -13.4173061220447, "params": {"colsample_bytree": 0.8413535280162975, "eta": 0.06655550811671089, "gamma": 884.9480378401062, "max_depth": 2.0, "min_child_weight": 4434.881695794443, "num_boost_round": 59.0, "subsample": 0.9146629050452053}, "datetime": {"datetime": "2024-01-20 15:44:45", "elapsed": 4819.850143, "delta": 0.003593}}
{"target": -13.417669368253893, "params": {"colsample_bytree": 0.8413535280162975, "eta": 0.06655550811671089, "gamma": 884.9480378401062, "max_depth": 2.0, "min_child_weight": 4434.881695794443, "num_boost_round": 60.0, "subsample": 0.9146629050452053}, "datetime": {"datetime": "2024-01-20 15:44:45", "elapsed": 4819.853883, "delta": 0.00374}}
{"target": -13.418270751146295, "params": {"colsample_bytree": 0.8413535280162975, "eta": 0.06655550811671089, "gamma": 884.9480378401062, "max_depth": 2.0, "min_child_weight": 4434.881695794443, "num_boost_round": 61.0, "subsample": 0.9146629050452053}, "datetime": {"datetime": "2024-01-20 15:44:45", "elapsed": 4819.858163, "delta": 0.00428}}
{"target": -13.418515393291823, "params": {"colsample_bytree": 0.8413535280162975, "eta": 0.06655550811671089, "gamma": 884.9480378401062, "max_depth": 2.0, "min_child_weight": 4434.881695794443, "num_boost_round": 62.0, "subsample": 0.9146629050452053}, "datetime": {"datetime": "2024-01-20 15:44:45", "elapsed": 4819.862603, "delta": 0.00444}}
{"target": -13.418192532481232, "params": {"colsample_bytree": 0.8413535280162975, "eta": 0.06655550811671089, "gamma": 884.9480378401062, "max_depth": 2.0, "min_child_weight": 4434.881695794443, "num_boost_round": 63.0, "subsample": 0.9146629050452053}, "datetime": {"datetime": "2024-01-20 15:44:45", "elapsed": 4819.867016, "delta": 0.004413}}
{"target": -13.418121173229125, "params": {"colsample_bytree": 0.8413535280162975, "eta": 0.06655550811671089, "gamma": 884.9480378401062, "max_depth": 2.0, "min_child_weight": 4434.881695794443, "num_boost_round": 64.0, "subsample": 0.9146629050452053}, "datetime": {"datetime": "2024-01-20 15:44:45", "elapsed": 4819.870804, "delta": 0.003788}}
{"target": -13.418463405046175, "params": {"colsample_bytree": 0.8413535280162975, "eta": 0.06655550811671089, "gamma": 884.9480378401062, "max_depth": 2.0, "min_child_weight": 4434.881695794443, "num_boost_round": 65.0, "subsample": 0.9146629050452053}, "datetime": {"datetime": "2024-01-20 15:44:45", "elapsed": 4819.874741, "delta": 0.003937}}
{"target": -13.418812103517668, "params": {"colsample_bytree": 0.8413535280162975, "eta": 0.06655550811671089, "gamma": 884.9480378401062, "max_depth": 2.0, "min_child_weight": 4434.881695794443, "num_boost_round": 66.0, "subsample": 0.9146629050452053}, "datetime": {"datetime": "2024-01-20 15:44:45", "elapsed": 4819.87862, "delta": 0.003879}}
{"target": -13.419096538433646, "params": {"colsample_bytree": 0.8413535280162975, "eta": 0.06655550811671089, "gamma": 884.9480378401062, "max_depth": 2.0, "min_child_weight": 4434.881695794443, "num_boost_round": 67.0, "subsample": 0.9146629050452053}, "datetime": {"datetime": "2024-01-20 15:44:45", "elapsed": 4819.882401, "delta": 0.003781}}
{"target": -13.419458961113886, "params": {"colsample_bytree": 0.8413535280162975, "eta": 0.06655550811671089, "gamma": 884.9480378401062, "max_depth": 2.0, "min_child_weight": 4434.881695794443, "num_boost_round": 68.0, "subsample": 0.9146629050452053}, "datetime": {"datetime": "2024-01-20 15:44:45", "elapsed": 4819.886161, "delta": 0.00376}}
{"target": -13.419722607199384, "params": {"colsample_bytree": 0.8413535280162975, "eta": 0.06655550811671089, "gamma": 884.9480378401062, "max_depth": 2.0, "min_child_weight": 4434.881695794443, "num_boost_round": 69.0, "subsample": 0.9146629050452053}, "datetime": {"datetime": "2024-01-20 15:44:45", "elapsed": 4819.889912, "delta": 0.003751}}
{"target": -13.41993604899174, "params": {"colsample_bytree": 0.8413535280162975, "eta": 0.06655550811671089, "gamma": 884.9480378401062, "max_depth": 2.0, "min_child_weight": 4434.881695794443, "num_boost_round": 70.0, "subsample": 0.9146629050452053}, "datetime": {"datetime": "2024-01-20 15:44:45", "elapsed": 4819.893961, "delta": 0.004049}}
{"target": -13.420140167588356, "params": {"colsample_bytree": 0.8413535280162975, "eta": 0.06655550811671089, "gamma": 884.9480378401062, "max_depth": 2.0, "min_child_weight": 4434.881695794443, "num_boost_round": 71.0, "subsample": 0.9146629050452053}, "datetime": {"datetime": "2024-01-20 15:44:45", "elapsed": 4819.897607, "delta": 0.003646}}
{"target": -13.398395154212832, "params": {"colsample_bytree": 0.10433109202922934, "eta": 0.09384620711591316, "gamma": 171.58317384678034, "max_depth": 4.0, "min_child_weight": 3538.443880200704, "num_boost_round": 1.0, "subsample": 0.6957556905414681}, "datetime": {"datetime": "2024-01-20 15:45:25", "elapsed": 4860.446254, "delta": 40.548647}}
{"target": -13.398564200641772, "params": {"colsample_bytree": 0.10433109202922934, "eta": 0.09384620711591316, "gamma": 171.58317384678034, "max_depth": 4.0, "min_child_weight": 3538.443880200704, "num_boost_round": 2.0, "subsample": 0.6957556905414681}, "datetime": {"datetime": "2024-01-20 15:45:25", "elapsed": 4860.451029, "delta": 0.004775}}
