{"target": -12.35181331217039, "params": {"colsample_bytree": 0.15821081600098194, "eta": 0.08783978713107445, "gamma": 602.6391102259711, "max_depth": 9.0, "min_child_weight": 4212.991055514919, "num_boost_round": 54.0, "subsample": 0.8812600928768228}, "datetime": {"datetime": "2024-01-20 14:59:19", "elapsed": 2125.606902, "delta": 0.325602}}
{"target": -12.351924377027567, "params": {"colsample_bytree": 0.15821081600098194, "eta": 0.08783978713107445, "gamma": 602.6391102259711, "max_depth": 9.0, "min_child_weight": 4212.991055514919, "num_boost_round": 55.0, "subsample": 0.8812600928768228}, "datetime": {"datetime": "2024-01-20 14:59:19", "elapsed": 2125.611057, "delta": 0.004155}}
{"target": -12.351425898027276, "params": {"colsample_bytree": 0.15821081600098194, "eta": 0.08783978713107445, "gamma": 602.6391102259711, "max_depth": 9.0, "min_child_weight": 4212.991055514919, "num_boost_round": 56.0, "subsample": 0.8812600928768228}, "datetime": {"datetime": "2024-01-20 14:59:19", "elapsed": 2125.614618, "delta": 0.003561}}
{"target": -12.351533365371388, "params": {"colsample_bytree": 0.15821081600098194, "eta": 0.08783978713107445, "gamma": 602.6391102259711, "max_depth": 9.0, "min_child_weight": 4212.991055514919, "num_boost_round": 57.0, "subsample": 0.8812600928768228}, "datetime": {"datetime": "2024-01-20 14:59:19", "elapsed": 2125.617969, "delta": 0.003351}}
{"target": -12.351675953902689, "params": {"colsample_bytree": 0.15821081600098194, "eta": 0.08783978713107445, "gamma": 602.6391102259711, "max_depth": 9.0, "min_child_weight": 4212.991055514919, "num_boost_round": 58.0, "subsample": 0.8812600928768228}, "datetime": {"datetime": "2024-01-20 14:59:19", "elapsed": 2125.621358, "delta": 0.003389}}
{"target": -12.351349915094971, "params": {"colsample_bytree": 0.15821081600098194, "eta": 0.08783978713107445, "gamma": 602.6391102259711, "max_depth": 9.0, "min_child_weight": 4212.991055514919, "num_boost_round": 59.0, "subsample": 0.8812600928768228}, "datetime": {"datetime": "2024-01-20 14:59:19", "elapsed": 2125.624901, "delta": 0.003543}}
{"target": -12.351504196518139, "params": {"colsample_bytree": 0.15821081600098194, "eta": 0.08783978713107445, "gamma": 602.6391102259711, "max_depth": 9.0, "min_child_weight": 4212.991055514919, "num_boost_round": 60.0, "subsample": 0.8812600928768228}, "datetime": {"datetime": "2024-01-20 14:59:19", "elapsed": 2125.628269, "delta": 0.003368}}
{"target": -12.351576294681436, "params": {"colsample_bytree": 0.15821081600098194, "eta": 0.08783978713107445, "gamma": 602.6391102259711, "max_depth": 9.0, "min_child_weight": 4212.991055514919, "num_boost_round": 61.0, "subsample": 0.8812600928768228}, "datetime": {"datetime": "2024-01-20 14:59:19", "elapsed": 2125.631659, "delta": 0.00339}}
{"target": -12.351584728621113, "params": {"colsample_bytree": 0.15821081600098194, "eta": 0.08783978713107445, "gamma": 602.6391102259711, "max_depth": 9.0, "min_child_weight": 4212.991055514919, "num_boost_round": 62.0, "subsample": 0.8812600928768228}, "datetime": {"datetime": "2024-01-20 14:59:19", "elapsed": 2125.635061, "delta": 0.003402}}
{"target": -12.351797171180127, "params": {"colsample_bytree": 0.15821081600098194, "eta": 0.08783978713107445, "gamma": 602.6391102259711, "max_depth": 9.0, "min_child_weight": 4212.991055514919, "num_boost_round": 63.0, "subsample": 0.8812600928768228}, "datetime": {"datetime": "2024-01-20 14:59:19", "elapsed": 2125.638465, "delta": 0.003404}}
{"target": -12.352334292960652, "params": {"colsample_bytree": 0.15821081600098194, "eta": 0.08783978713107445, "gamma": 602.6391102259711, "max_depth": 9.0, "min_child_weight": 4212.991055514919, "num_boost_round": 64.0, "subsample": 0.8812600928768228}, "datetime": {"datetime": "2024-01-20 14:59:19", "elapsed": 2125.641802, "delta": 0.003337}}
{"target": -12.352086916122808, "params": {"colsample_bytree": 0.15821081600098194, "eta": 0.08783978713107445, "gamma": 602.6391102259711, "max_depth": 9.0, "min_child_weight": 4212.991055514919, "num_boost_round": 65.0, "subsample": 0.8812600928768228}, "datetime": {"datetime": "2024-01-20 14:59:19", "elapsed": 2125.645159, "delta": 0.003357}}
{"target": -12.352096379852814, "params": {"colsample_bytree": 0.15821081600098194, "eta": 0.08783978713107445, "gamma": 602.6391102259711, "max_depth": 9.0, "min_child_weight": 4212.991055514919, "num_boost_round": 66.0, "subsample": 0.8812600928768228}, "datetime": {"datetime": "2024-01-20 14:59:19", "elapsed": 2125.648637, "delta": 0.003478}}
{"target": -12.352169026518219, "params": {"colsample_bytree": 0.15821081600098194, "eta": 0.08783978713107445, "gamma": 602.6391102259711, "max_depth": 9.0, "min_child_weight": 4212.991055514919, "num_boost_round": 67.0, "subsample": 0.8812600928768228}, "datetime": {"datetime": "2024-01-20 14:59:19", "elapsed": 2125.651973, "delta": 0.003336}}
{"target": -12.352189553265188, "params": {"colsample_bytree": 0.15821081600098194, "eta": 0.08783978713107445, "gamma": 602.6391102259711, "max_depth": 9.0, "min_child_weight": 4212.991055514919, "num_boost_round": 68.0, "subsample": 0.8812600928768228}, "datetime": {"datetime": "2024-01-20 14:59:19", "elapsed": 2125.655373, "delta": 0.0034}}
{"target": -12.352239095033049, "params": {"colsample_bytree": 0.15821081600098194, "eta": 0.08783978713107445, "gamma": 602.6391102259711, "max_depth": 9.0, "min_child_weight": 4212.991055514919, "num_boost_round": 69.0, "subsample": 0.8812600928768228}, "datetime": {"datetime": "2024-01-20 14:59:19", "elapsed": 2125.658757, "delta": 0.003384}}
{"target": -12.352991221804132, "params": {"colsample_bytree": 0.15821081600098194, "eta": 0.08783978713107445, "gamma": 602.6391102259711, "max_depth": 9.0, "min_child_weight": 4212.991055514919, "num_boost_round": 70.0, "subsample": 0.8812600928768228}, "datetime": {"datetime": "2024-01-20 14:59:19", "elapsed": 2125.662703, "delta": 0.003946}}
{"target": -12.357848490403814, "params": {"colsample_bytree": 0.6044314952452817, "eta": 0.02743576603147711, "gamma": 571.8480653121981, "max_depth": 7.0, "min_child_weight": 4230.163580492222, "num_boost_round": 1.0, "subsample": 0.8517460337870957}, "datetime": {"datetime": "2024-01-20 15:00:11", "elapsed": 2177.345782, "delta": 51.683079}}
{"target": -12.357087261747996, "params": {"colsample_bytree": 0.6044314952452817, "eta": 0.02743576603147711, "gamma": 571.8480653121981, "max_depth": 7.0, "min_child_weight": 4230.163580492222, "num_boost_round": 2.0, "subsample": 0.8517460337870957}, "datetime": {"datetime": "2024-01-20 15:00:11", "elapsed": 2177.349829, "delta": 0.004047}}
{"target": -12.355460082464353, "params": {"colsample_bytree": 0.6044314952452817, "eta": 0.02743576603147711, "gamma": 571.8480653121981, "max_depth": 7.0, "min_child_weight": 4230.163580492222, "num_boost_round": 3.0, "subsample": 0.8517460337870957}, "datetime": {"datetime": "2024-01-20 15:00:11", "elapsed": 2177.353192, "delta": 0.003363}}
{"target": -12.355498812364939, "params": {"colsample_bytree": 0.6044314952452817, "eta": 0.02743576603147711, "gamma": 571.8480653121981, "max_depth": 7.0, "min_child_weight": 4230.163580492222, "num_boost_round": 4.0, "subsample": 0.8517460337870957}, "datetime": {"datetime": "2024-01-20 15:00:11", "elapsed": 2177.356424, "delta": 0.003232}}
{"target": -12.35406004553613, "params": {"colsample_bytree": 0.6044314952452817, "eta": 0.02743576603147711, "gamma": 571.8480653121981, "max_depth": 7.0, "min_child_weight": 4230.163580492222, "num_boost_round": 5.0, "subsample": 0.8517460337870957}, "datetime": {"datetime": "2024-01-20 15:00:11", "elapsed": 2177.359717, "delta": 0.003293}}
{"target": -12.352761564155228, "params": {"colsample_bytree": 0.6044314952452817, "eta": 0.02743576603147711, "gamma": 571.8480653121981, "max_depth": 7.0, "min_child_weight": 4230.163580492222, "num_boost_round": 6.0, "subsample": 0.8517460337870957}, "datetime": {"datetime": "2024-01-20 15:00:11", "elapsed": 2177.363003, "delta": 0.003286}}
{"target": -12.35171898777515, "params": {"colsample_bytree": 0.6044314952452817, "eta": 0.02743576603147711, "gamma": 571.8480653121981, "max_depth": 7.0, "min_child_weight": 4230.163580492222, "num_boost_round": 7.0, "subsample": 0.8517460337870957}, "datetime": {"datetime": "2024-01-20 15:00:11", "elapsed": 2177.366182, "delta": 0.003179}}
{"target": -12.350950320313483, "params": {"colsample_bytree": 0.6044314952452817, "eta": 0.02743576603147711, "gamma": 571.8480653121981, "max_depth": 7.0, "min_child_weight": 4230.163580492222, "num_boost_round": 8.0, "subsample": 0.8517460337870957}, "datetime": {"datetime": "2024-01-20 15:00:11", "elapsed": 2177.369418, "delta": 0.003236}}
{"target": -12.350152439363267, "params": {"colsample_bytree": 0.6044314952452817, "eta": 0.02743576603147711, "gamma": 571.8480653121981, "max_depth": 7.0, "min_child_weight": 4230.163580492222, "num_boost_round": 9.0, "subsample": 0.8517460337870957}, "datetime": {"datetime": "2024-01-20 15:00:11", "elapsed": 2177.372663, "delta": 0.003245}}
{"target": -12.349414971012859, "params": {"colsample_bytree": 0.6044314952452817, "eta": 0.02743576603147711, "gamma": 571.8480653121981, "max_depth": 7.0, "min_child_weight": 4230.163580492222, "num_boost_round": 10.0, "subsample": 0.8517460337870957}, "datetime": {"datetime": "2024-01-20 15:00:11", "elapsed": 2177.375832, "delta": 0.003169}}
{"target": -12.348827555325244, "params": {"colsample_bytree": 0.6044314952452817, "eta": 0.02743576603147711, "gamma": 571.8480653121981, "max_depth": 7.0, "min_child_weight": 4230.163580492222, "num_boost_round": 11.0, "subsample": 0.8517460337870957}, "datetime": {"datetime": "2024-01-20 15:00:11", "elapsed": 2177.379117, "delta": 0.003285}}
{"target": -12.348098806780557, "params": {"colsample_bytree": 0.6044314952452817, "eta": 0.02743576603147711, "gamma": 571.8480653121981, "max_depth": 7.0, "min_child_weight": 4230.163580492222, "num_boost_round": 12.0, "subsample": 0.8517460337870957}, "datetime": {"datetime": "2024-01-20 15:00:11", "elapsed": 2177.382317, "delta": 0.0032}}
{"target": -12.347862798097868, "params": {"colsample_bytree": 0.6044314952452817, "eta": 0.02743576603147711, "gamma": 571.8480653121981, "max_depth": 7.0, "min_child_weight": 4230.163580492222, "num_boost_round": 13.0, "subsample": 0.8517460337870957}, "datetime": {"datetime": "2024-01-20 15:00:11", "elapsed": 2177.385465, "delta": 0.003148}}
{"target": -12.347790096956148, "params": {"colsample_bytree": 0.6044314952452817, "eta": 0.02743576603147711, "gamma": 571.8480653121981, "max_depth": 7.0, "min_child_weight": 4230.163580492222, "num_boost_round": 14.0, "subsample": 0.8517460337870957}, "datetime": {"datetime": "2024-01-20 15:00:11", "elapsed": 2177.388701, "delta": 0.003236}}
{"target": -12.34690733032684, "params": {"colsample_bytree": 0.6044314952452817, "eta": 0.02743576603147711, "gamma": 571.8480653121981, "max_depth": 7.0, "min_child_weight": 4230.163580492222, "num_boost_round": 15.0, "subsample": 0.8517460337870957}, "datetime": {"datetime": "2024-01-20 15:00:11", "elapsed": 2177.391843, "delta": 0.003142}}
{"target": -12.346536955346572, "params": {"colsample_bytree": 0.6044314952452817, "eta": 0.02743576603147711, "gamma": 571.8480653121981, "max_depth": 7.0, "min_child_weight": 4230.163580492222, "num_boost_round": 16.0, "subsample": 0.8517460337870957}, "datetime": {"datetime": "2024-01-20 15:00:11", "elapsed": 2177.395036, "delta": 0.003193}}
{"target": -12.346261899261467, "params": {"colsample_bytree": 0.6044314952452817, "eta": 0.02743576603147711, "gamma": 571.8480653121981, "max_depth": 7.0, "min_child_weight": 4230.163580492222, "num_boost_round": 17.0, "subsample": 0.8517460337870957}, "datetime": {"datetime": "2024-01-20 15:00:11", "elapsed": 2177.398286, "delta": 0.00325}}
{"target": -12.345801080939147, "params": {"colsample_bytree": 0.6044314952452817, "eta": 0.02743576603147711, "gamma": 571.8480653121981, "max_depth": 7.0, "min_child_weight": 4230.163580492222, "num_boost_round": 18.0, "subsample": 0.8517460337870957}, "datetime": {"datetime": "2024-01-20 15:00:11", "elapsed": 2177.401473, "delta": 0.003187}}
{"target": -12.345748015030253, "params": {"colsample_bytree": 0.6044314952452817, "eta": 0.02743576603147711, "gamma": 571.8480653121981, "max_depth": 7.0, "min_child_weight": 4230.163580492222, "num_boost_round": 19.0, "subsample": 0.8517460337870957}, "datetime": {"datetime": "2024-01-20 15:00:11", "elapsed": 2177.404631, "delta": 0.003158}}
{"target": -12.34575152400326, "params": {"colsample_bytree": 0.6044314952452817, "eta": 0.02743576603147711, "gamma": 571.8480653121981, "max_depth": 7.0, "min_child_weight": 4230.163580492222, "num_boost_round": 20.0, "subsample": 0.8517460337870957}, "datetime": {"datetime": "2024-01-20 15:00:11", "elapsed": 2177.407796, "delta": 0.003165}}
{"target": -12.345479879959605, "params": {"colsample_bytree": 0.6044314952452817, "eta": 0.02743576603147711, "gamma": 571.8480653121981, "max_depth": 7.0, "min_child_weight": 4230.163580492222, "num_boost_round": 21.0, "subsample": 0.8517460337870957}, "datetime": {"datetime": "2024-01-20 15:00:11", "elapsed": 2177.411009, "delta": 0.003213}}
{"target": -12.345625300857144, "params": {"colsample_bytree": 0.6044314952452817, "eta": 0.02743576603147711, "gamma": 571.8480653121981, "max_depth": 7.0, "min_child_weight": 4230.163580492222, "num_boost_round": 22.0, "subsample": 0.8517460337870957}, "datetime": {"datetime": "2024-01-20 15:00:11", "elapsed": 2177.414179, "delta": 0.00317}}
{"target": -12.345542483727769, "params": {"colsample_bytree": 0.6044314952452817, "eta": 0.02743576603147711, "gamma": 571.8480653121981, "max_depth": 7.0, "min_child_weight": 4230.163580492222, "num_boost_round": 23.0, "subsample": 0.8517460337870957}, "datetime": {"datetime": "2024-01-20 15:00:11", "elapsed": 2177.417341, "delta": 0.003162}}
{"target": -12.345575332393794, "params": {"colsample_bytree": 0.6044314952452817, "eta": 0.02743576603147711, "gamma": 571.8480653121981, "max_depth": 7.0, "min_child_weight": 4230.163580492222, "num_boost_round": 24.0, "subsample": 0.8517460337870957}, "datetime": {"datetime": "2024-01-20 15:00:11", "elapsed": 2177.420695, "delta": 0.003354}}
{"target": -12.345098692529868, "params": {"colsample_bytree": 0.6044314952452817, "eta": 0.02743576603147711, "gamma": 571.8480653121981, "max_depth": 7.0, "min_child_weight": 4230.163580492222, "num_boost_round": 25.0, "subsample": 0.8517460337870957}, "datetime": {"datetime": "2024-01-20 15:00:11", "elapsed": 2177.424058, "delta": 0.003363}}
{"target": -12.344758868225668, "params": {"colsample_bytree": 0.6044314952452817, "eta": 0.02743576603147711, "gamma": 571.8480653121981, "max_depth": 7.0, "min_child_weight": 4230.163580492222, "num_boost_round": 26.0, "subsample": 0.8517460337870957}, "datetime": {"datetime": "2024-01-20 15:00:11", "elapsed": 2177.427588, "delta": 0.00353}}
{"target": -12.34484046753649, "params": {"colsample_bytree": 0.6044314952452817, "eta": 0.02743576603147711, "gamma": 571.8480653121981, "max_depth": 7.0, "min_child_weight": 4230.163580492222, "num_boost_round": 27.0, "subsample": 0.8517460337870957}, "datetime": {"datetime": "2024-01-20 15:00:11", "elapsed": 2177.430789, "delta": 0.003201}}
{"target": -12.34415593048611, "params": {"colsample_bytree": 0.6044314952452817, "eta": 0.02743576603147711, "gamma": 571.8480653121981, "max_depth": 7.0, "min_child_weight": 4230.163580492222, "num_boost_round": 28.0, "subsample": 0.8517460337870957}, "datetime": {"datetime": "2024-01-20 15:00:11", "elapsed": 2177.434009, "delta": 0.00322}}
{"target": -12.34383144422011, "params": {"colsample_bytree": 0.6044314952452817, "eta": 0.02743576603147711, "gamma": 571.8480653121981, "max_depth": 7.0, "min_child_weight": 4230.163580492222, "num_boost_round": 29.0, "subsample": 0.8517460337870957}, "datetime": {"datetime": "2024-01-20 15:00:11", "elapsed": 2177.437212, "delta": 0.003203}}
{"target": -12.343599054613273, "params": {"colsample_bytree": 0.6044314952452817, "eta": 0.02743576603147711, "gamma": 571.8480653121981, "max_depth": 7.0, "min_child_weight": 4230.163580492222, "num_boost_round": 30.0, "subsample": 0.8517460337870957}, "datetime": {"datetime": "2024-01-20 15:00:11", "elapsed": 2177.440503, "delta": 0.003291}}
{"target": -12.342921397049388, "params": {"colsample_bytree": 0.6044314952452817, "eta": 0.02743576603147711, "gamma": 571.8480653121981, "max_depth": 7.0, "min_child_weight": 4230.163580492222, "num_boost_round": 31.0, "subsample": 0.8517460337870957}, "datetime": {"datetime": "2024-01-20 15:00:11", "elapsed": 2177.443715, "delta": 0.003212}}
{"target": -12.343062729137252, "params": {"colsample_bytree": 0.6044314952452817, "eta": 0.02743576603147711, "gamma": 571.8480653121981, "max_depth": 7.0, "min_child_weight": 4230.163580492222, "num_boost_round": 32.0, "subsample": 0.8517460337870957}, "datetime": {"datetime": "2024-01-20 15:00:11", "elapsed": 2177.446901, "delta": 0.003186}}
{"target": -12.34314219743315, "params": {"colsample_bytree": 0.6044314952452817, "eta": 0.02743576603147711, "gamma": 571.8480653121981, "max_depth": 7.0, "min_child_weight": 4230.163580492222, "num_boost_round": 33.0, "subsample": 0.8517460337870957}, "datetime": {"datetime": "2024-01-20 15:00:11", "elapsed": 2177.45014, "delta": 0.003239}}
{"target": -12.34311018573068, "params": {"colsample_bytree": 0.6044314952452817, "eta": 0.02743576603147711, "gamma": 571.8480653121981, "max_depth": 7.0, "min_child_weight": 4230.163580492222, "num_boost_round": 34.0, "subsample": 0.8517460337870957}, "datetime": {"datetime": "2024-01-20 15:00:11", "elapsed": 2177.453344, "delta": 0.003204}}
{"target": -12.342828597936318, "params": {"colsample_bytree": 0.6044314952452817, "eta": 0.02743576603147711, "gamma": 571.8480653121981, "max_depth": 7.0, "min_child_weight": 4230.163580492222, "num_boost_round": 35.0, "subsample": 0.8517460337870957}, "datetime": {"datetime": "2024-01-20 15:00:11", "elapsed": 2177.456542, "delta": 0.003198}}
{"target": -12.342768159781423, "params": {"colsample_bytree": 0.6044314952452817, "eta": 0.02743576603147711, "gamma": 571.8480653121981, "max_depth": 7.0, "min_child_weight": 4230.163580492222, "num_boost_round": 36.0, "subsample": 0.8517460337870957}, "datetime": {"datetime": "2024-01-20 15:00:11", "elapsed": 2177.45984, "delta": 0.003298}}
{"target": -12.342539425275831, "params": {"colsample_bytree": 0.6044314952452817, "eta": 0.02743576603147711, "gamma": 571.8480653121981, "max_depth": 7.0, "min_child_weight": 4230.163580492222, "num_boost_round": 37.0, "subsample": 0.8517460337870957}, "datetime": {"datetime": "2024-01-20 15:00:11", "elapsed": 2177.463117, "delta": 0.003277}}
{"target": -12.342664744479121, "params": {"colsample_bytree": 0.6044314952452817, "eta": 0.02743576603147711, "gamma": 571.8480653121981, "max_depth": 7.0, "min_child_weight": 4230.163580492222, "num_boost_round": 38.0, "subsample": 0.8517460337870957}, "datetime": {"datetime": "2024-01-20 15:00:11", "elapsed": 2177.466398, "delta": 0.003281}}
{"target": -12.342796840170891, "params": {"colsample_bytree": 0.6044314952452817, "eta": 0.02743576603147711, "gamma": 571.8480653121981, "max_depth": 7.0, "min_child_weight": 4230.163580492222, "num_boost_round": 39.0, "subsample": 0.8517460337870957}, "datetime": {"datetime": "2024-01-20 15:00:11", "elapsed": 2177.469624, "delta": 0.003226}}
{"target": -12.342726489443542, "params": {"colsample_bytree": 0.6044314952452817, "eta": 0.02743576603147711, "gamma": 571.8480653121981, "max_depth": 7.0, "min_child_weight": 4230.163580492222, "num_boost_round": 40.0, "subsample": 0.8517460337870957}, "datetime": {"datetime": "2024-01-20 15:00:11", "elapsed": 2177.472834, "delta": 0.00321}}
{"target": -12.342364488115173, "params": {"colsample_bytree": 0.6044314952452817, "eta": 0.02743576603147711, "gamma": 571.8480653121981, "max_depth": 7.0, "min_child_weight": 4230.163580492222, "num_boost_round": 41.0, "subsample": 0.8517460337870957}, "datetime": {"datetime": "2024-01-20 15:00:11", "elapsed": 2177.476003, "delta": 0.003169}}
{"target": -12.342253501193781, "params": {"colsample_bytree": 0.6044314952452817, "eta": 0.02743576603147711, "gamma": 571.8480653121981, "max_depth": 7.0, "min_child_weight": 4230.163580492222, "num_boost_round": 42.0, "subsample": 0.8517460337870957}, "datetime": {"datetime": "2024-01-20 15:00:11", "elapsed": 2177.479311, "delta": 0.003308}}
{"target": -12.342197938476573, "params": {"colsample_bytree": 0.6044314952452817, "eta": 0.02743576603147711, "gamma": 571.8480653121981, "max_depth": 7.0, "min_child_weight": 4230.163580492222, "num_boost_round": 43.0, "subsample": 0.8517460337870957}, "datetime": {"datetime": "2024-01-20 15:00:11", "elapsed": 2177.48254, "delta": 0.003229}}
{"target": -12.358647748290405, "params": {"colsample_bytree": 0.10228671721263217, "eta": 0.038446408485875785, "gamma": 663.0050180127386, "max_depth": 2.0, "min_child_weight": 4243.1310745343035, "num_boost_round": 1.0, "subsample": 0.32071777499442405}, "datetime": {"datetime": "2024-01-20 15:00:55", "elapsed": 2222.05115, "delta": 44.56861}}
{"target": -12.35787168859295, "params": {"colsample_bytree": 0.10228671721263217, "eta": 0.038446408485875785, "gamma": 663.0050180127386, "max_depth": 2.0, "min_child_weight": 4243.1310745343035, "num_boost_round": 2.0, "subsample": 0.32071777499442405}, "datetime": {"datetime": "2024-01-20 15:00:55", "elapsed": 2222.055649, "delta": 0.004499}}
{"target": -12.357870803876429, "params": {"colsample_bytree": 0.10228671721263217, "eta": 0.038446408485875785, "gamma": 663.0050180127386, "max_depth": 2.0, "min_child_weight": 4243.1310745343035, "num_boost_round": 3.0, "subsample": 0.32071777499442405}, "datetime": {"datetime": "2024-01-20 15:00:55", "elapsed": 2222.059267, "delta": 0.003618}}
