{"target": -19.146379734325976, "params": {"colsample_bytree": 0.6403314510080612, "eta": 0.01180917684029993, "gamma": 502.9366247690554, "max_depth": 4.0, "min_child_weight": 4466.978925997056, "num_boost_round": 89.0, "subsample": 0.5015078877204708}, "datetime": {"datetime": "2024-01-20 15:32:40", "elapsed": 4128.778554, "delta": 0.003737}}
{"target": -19.14643546805081, "params": {"colsample_bytree": 0.6403314510080612, "eta": 0.01180917684029993, "gamma": 502.9366247690554, "max_depth": 4.0, "min_child_weight": 4466.978925997056, "num_boost_round": 90.0, "subsample": 0.5015078877204708}, "datetime": {"datetime": "2024-01-20 15:32:40", "elapsed": 4128.782326, "delta": 0.003772}}
{"target": -19.146456492798976, "params": {"colsample_bytree": 0.6403314510080612, "eta": 0.01180917684029993, "gamma": 502.9366247690554, "max_depth": 4.0, "min_child_weight": 4466.978925997056, "num_boost_round": 91.0, "subsample": 0.5015078877204708}, "datetime": {"datetime": "2024-01-20 15:32:40", "elapsed": 4128.786227, "delta": 0.003901}}
{"target": -19.146483355849973, "params": {"colsample_bytree": 0.6403314510080612, "eta": 0.01180917684029993, "gamma": 502.9366247690554, "max_depth": 4.0, "min_child_weight": 4466.978925997056, "num_boost_round": 92.0, "subsample": 0.5015078877204708}, "datetime": {"datetime": "2024-01-20 15:32:40", "elapsed": 4128.789968, "delta": 0.003741}}
{"target": -19.146532560004466, "params": {"colsample_bytree": 0.6403314510080612, "eta": 0.01180917684029993, "gamma": 502.9366247690554, "max_depth": 4.0, "min_child_weight": 4466.978925997056, "num_boost_round": 93.0, "subsample": 0.5015078877204708}, "datetime": {"datetime": "2024-01-20 15:32:40", "elapsed": 4128.794273, "delta": 0.004305}}
{"target": -19.146683996264542, "params": {"colsample_bytree": 0.6403314510080612, "eta": 0.01180917684029993, "gamma": 502.9366247690554, "max_depth": 4.0, "min_child_weight": 4466.978925997056, "num_boost_round": 94.0, "subsample": 0.5015078877204708}, "datetime": {"datetime": "2024-01-20 15:32:40", "elapsed": 4128.798082, "delta": 0.003809}}
{"target": -19.146774110466563, "params": {"colsample_bytree": 0.6403314510080612, "eta": 0.01180917684029993, "gamma": 502.9366247690554, "max_depth": 4.0, "min_child_weight": 4466.978925997056, "num_boost_round": 95.0, "subsample": 0.5015078877204708}, "datetime": {"datetime": "2024-01-20 15:32:40", "elapsed": 4128.801814, "delta": 0.003732}}
{"target": -19.146816390981844, "params": {"colsample_bytree": 0.6403314510080612, "eta": 0.01180917684029993, "gamma": 502.9366247690554, "max_depth": 4.0, "min_child_weight": 4466.978925997056, "num_boost_round": 96.0, "subsample": 0.5015078877204708}, "datetime": {"datetime": "2024-01-20 15:32:40", "elapsed": 4128.805676, "delta": 0.003862}}
{"target": -19.146880047075094, "params": {"colsample_bytree": 0.6403314510080612, "eta": 0.01180917684029993, "gamma": 502.9366247690554, "max_depth": 4.0, "min_child_weight": 4466.978925997056, "num_boost_round": 97.0, "subsample": 0.5015078877204708}, "datetime": {"datetime": "2024-01-20 15:32:40", "elapsed": 4128.809494, "delta": 0.003818}}
{"target": -19.14701446259465, "params": {"colsample_bytree": 0.6403314510080612, "eta": 0.01180917684029993, "gamma": 502.9366247690554, "max_depth": 4.0, "min_child_weight": 4466.978925997056, "num_boost_round": 98.0, "subsample": 0.5015078877204708}, "datetime": {"datetime": "2024-01-20 15:32:40", "elapsed": 4128.813246, "delta": 0.003752}}
{"target": -19.147131767434495, "params": {"colsample_bytree": 0.6403314510080612, "eta": 0.01180917684029993, "gamma": 502.9366247690554, "max_depth": 4.0, "min_child_weight": 4466.978925997056, "num_boost_round": 99.0, "subsample": 0.5015078877204708}, "datetime": {"datetime": "2024-01-20 15:32:40", "elapsed": 4128.81712, "delta": 0.003874}}
{"target": -19.14706085039171, "params": {"colsample_bytree": 0.6403314510080612, "eta": 0.01180917684029993, "gamma": 502.9366247690554, "max_depth": 4.0, "min_child_weight": 4466.978925997056, "num_boost_round": 100.0, "subsample": 0.5015078877204708}, "datetime": {"datetime": "2024-01-20 15:32:40", "elapsed": 4128.82111, "delta": 0.00399}}
{"target": -19.147036248233306, "params": {"colsample_bytree": 0.6403314510080612, "eta": 0.01180917684029993, "gamma": 502.9366247690554, "max_depth": 4.0, "min_child_weight": 4466.978925997056, "num_boost_round": 101.0, "subsample": 0.5015078877204708}, "datetime": {"datetime": "2024-01-20 15:32:40", "elapsed": 4128.824981, "delta": 0.003871}}
{"target": -19.147020958782257, "params": {"colsample_bytree": 0.6403314510080612, "eta": 0.01180917684029993, "gamma": 502.9366247690554, "max_depth": 4.0, "min_child_weight": 4466.978925997056, "num_boost_round": 102.0, "subsample": 0.5015078877204708}, "datetime": {"datetime": "2024-01-20 15:32:40", "elapsed": 4128.82875, "delta": 0.003769}}
{"target": -19.14701616159262, "params": {"colsample_bytree": 0.6403314510080612, "eta": 0.01180917684029993, "gamma": 502.9366247690554, "max_depth": 4.0, "min_child_weight": 4466.978925997056, "num_boost_round": 103.0, "subsample": 0.5015078877204708}, "datetime": {"datetime": "2024-01-20 15:32:40", "elapsed": 4128.832572, "delta": 0.003822}}
{"target": -19.14308303398313, "params": {"colsample_bytree": 0.9513445815965753, "eta": 0.045678427296896036, "gamma": 559.3320257720341, "max_depth": 7.0, "min_child_weight": 4435.023991979676, "num_boost_round": 1.0, "subsample": 0.24700901583827975}, "datetime": {"datetime": "2024-01-20 15:34:52", "elapsed": 4260.794362, "delta": 131.96179}}
{"target": -19.143052523776603, "params": {"colsample_bytree": 0.9513445815965753, "eta": 0.045678427296896036, "gamma": 559.3320257720341, "max_depth": 7.0, "min_child_weight": 4435.023991979676, "num_boost_round": 2.0, "subsample": 0.24700901583827975}, "datetime": {"datetime": "2024-01-20 15:34:52", "elapsed": 4260.799571, "delta": 0.005209}}
{"target": -19.14338633935258, "params": {"colsample_bytree": 0.9513445815965753, "eta": 0.045678427296896036, "gamma": 559.3320257720341, "max_depth": 7.0, "min_child_weight": 4435.023991979676, "num_boost_round": 3.0, "subsample": 0.24700901583827975}, "datetime": {"datetime": "2024-01-20 15:34:52", "elapsed": 4260.803556, "delta": 0.003985}}
{"target": -19.143437348720184, "params": {"colsample_bytree": 0.9513445815965753, "eta": 0.045678427296896036, "gamma": 559.3320257720341, "max_depth": 7.0, "min_child_weight": 4435.023991979676, "num_boost_round": 4.0, "subsample": 0.24700901583827975}, "datetime": {"datetime": "2024-01-20 15:34:52", "elapsed": 4260.807402, "delta": 0.003846}}
{"target": -19.14345193566315, "params": {"colsample_bytree": 0.9513445815965753, "eta": 0.045678427296896036, "gamma": 559.3320257720341, "max_depth": 7.0, "min_child_weight": 4435.023991979676, "num_boost_round": 5.0, "subsample": 0.24700901583827975}, "datetime": {"datetime": "2024-01-20 15:34:52", "elapsed": 4260.811189, "delta": 0.003787}}
{"target": -19.143651012205957, "params": {"colsample_bytree": 0.9513445815965753, "eta": 0.045678427296896036, "gamma": 559.3320257720341, "max_depth": 7.0, "min_child_weight": 4435.023991979676, "num_boost_round": 6.0, "subsample": 0.24700901583827975}, "datetime": {"datetime": "2024-01-20 15:34:52", "elapsed": 4260.81515, "delta": 0.003961}}
{"target": -19.14392135673411, "params": {"colsample_bytree": 0.9513445815965753, "eta": 0.045678427296896036, "gamma": 559.3320257720341, "max_depth": 7.0, "min_child_weight": 4435.023991979676, "num_boost_round": 7.0, "subsample": 0.24700901583827975}, "datetime": {"datetime": "2024-01-20 15:34:52", "elapsed": 4260.819101, "delta": 0.003951}}
{"target": -19.14409613746451, "params": {"colsample_bytree": 0.9513445815965753, "eta": 0.045678427296896036, "gamma": 559.3320257720341, "max_depth": 7.0, "min_child_weight": 4435.023991979676, "num_boost_round": 8.0, "subsample": 0.24700901583827975}, "datetime": {"datetime": "2024-01-20 15:34:52", "elapsed": 4260.822924, "delta": 0.003823}}
{"target": -19.14409011487493, "params": {"colsample_bytree": 0.9513445815965753, "eta": 0.045678427296896036, "gamma": 559.3320257720341, "max_depth": 7.0, "min_child_weight": 4435.023991979676, "num_boost_round": 9.0, "subsample": 0.24700901583827975}, "datetime": {"datetime": "2024-01-20 15:34:52", "elapsed": 4260.826843, "delta": 0.003919}}
{"target": -19.14404940118824, "params": {"colsample_bytree": 0.9513445815965753, "eta": 0.045678427296896036, "gamma": 559.3320257720341, "max_depth": 7.0, "min_child_weight": 4435.023991979676, "num_boost_round": 10.0, "subsample": 0.24700901583827975}, "datetime": {"datetime": "2024-01-20 15:34:52", "elapsed": 4260.83061, "delta": 0.003767}}
{"target": -19.144470911904065, "params": {"colsample_bytree": 0.9513445815965753, "eta": 0.045678427296896036, "gamma": 559.3320257720341, "max_depth": 7.0, "min_child_weight": 4435.023991979676, "num_boost_round": 11.0, "subsample": 0.24700901583827975}, "datetime": {"datetime": "2024-01-20 15:34:52", "elapsed": 4260.834377, "delta": 0.003767}}
{"target": -19.14465877078536, "params": {"colsample_bytree": 0.9513445815965753, "eta": 0.045678427296896036, "gamma": 559.3320257720341, "max_depth": 7.0, "min_child_weight": 4435.023991979676, "num_boost_round": 12.0, "subsample": 0.24700901583827975}, "datetime": {"datetime": "2024-01-20 15:34:52", "elapsed": 4260.838207, "delta": 0.00383}}
{"target": -19.145185343272388, "params": {"colsample_bytree": 0.9513445815965753, "eta": 0.045678427296896036, "gamma": 559.3320257720341, "max_depth": 7.0, "min_child_weight": 4435.023991979676, "num_boost_round": 13.0, "subsample": 0.24700901583827975}, "datetime": {"datetime": "2024-01-20 15:34:52", "elapsed": 4260.841994, "delta": 0.003787}}
{"target": -19.145548471410407, "params": {"colsample_bytree": 0.9513445815965753, "eta": 0.045678427296896036, "gamma": 559.3320257720341, "max_depth": 7.0, "min_child_weight": 4435.023991979676, "num_boost_round": 14.0, "subsample": 0.24700901583827975}, "datetime": {"datetime": "2024-01-20 15:34:52", "elapsed": 4260.845802, "delta": 0.003808}}
{"target": -19.145853133761754, "params": {"colsample_bytree": 0.9513445815965753, "eta": 0.045678427296896036, "gamma": 559.3320257720341, "max_depth": 7.0, "min_child_weight": 4435.023991979676, "num_boost_round": 15.0, "subsample": 0.24700901583827975}, "datetime": {"datetime": "2024-01-20 15:34:52", "elapsed": 4260.849674, "delta": 0.003872}}
{"target": -19.146130962540198, "params": {"colsample_bytree": 0.9513445815965753, "eta": 0.045678427296896036, "gamma": 559.3320257720341, "max_depth": 7.0, "min_child_weight": 4435.023991979676, "num_boost_round": 16.0, "subsample": 0.24700901583827975}, "datetime": {"datetime": "2024-01-20 15:34:52", "elapsed": 4260.853506, "delta": 0.003832}}
{"target": -19.146439826860096, "params": {"colsample_bytree": 0.9513445815965753, "eta": 0.045678427296896036, "gamma": 559.3320257720341, "max_depth": 7.0, "min_child_weight": 4435.023991979676, "num_boost_round": 17.0, "subsample": 0.24700901583827975}, "datetime": {"datetime": "2024-01-20 15:34:52", "elapsed": 4260.857342, "delta": 0.003836}}
{"target": -19.146525681030155, "params": {"colsample_bytree": 0.9513445815965753, "eta": 0.045678427296896036, "gamma": 559.3320257720341, "max_depth": 7.0, "min_child_weight": 4435.023991979676, "num_boost_round": 18.0, "subsample": 0.24700901583827975}, "datetime": {"datetime": "2024-01-20 15:34:52", "elapsed": 4260.861202, "delta": 0.00386}}
{"target": -19.14687651265801, "params": {"colsample_bytree": 0.9513445815965753, "eta": 0.045678427296896036, "gamma": 559.3320257720341, "max_depth": 7.0, "min_child_weight": 4435.023991979676, "num_boost_round": 19.0, "subsample": 0.24700901583827975}, "datetime": {"datetime": "2024-01-20 15:34:52", "elapsed": 4260.865017, "delta": 0.003815}}
{"target": -19.14718980952476, "params": {"colsample_bytree": 0.9513445815965753, "eta": 0.045678427296896036, "gamma": 559.3320257720341, "max_depth": 7.0, "min_child_weight": 4435.023991979676, "num_boost_round": 20.0, "subsample": 0.24700901583827975}, "datetime": {"datetime": "2024-01-20 15:34:52", "elapsed": 4260.868836, "delta": 0.003819}}
{"target": -19.14779003681761, "params": {"colsample_bytree": 0.9513445815965753, "eta": 0.045678427296896036, "gamma": 559.3320257720341, "max_depth": 7.0, "min_child_weight": 4435.023991979676, "num_boost_round": 21.0, "subsample": 0.24700901583827975}, "datetime": {"datetime": "2024-01-20 15:34:52", "elapsed": 4260.872704, "delta": 0.003868}}
{"target": -19.147955161885065, "params": {"colsample_bytree": 0.9513445815965753, "eta": 0.045678427296896036, "gamma": 559.3320257720341, "max_depth": 7.0, "min_child_weight": 4435.023991979676, "num_boost_round": 22.0, "subsample": 0.24700901583827975}, "datetime": {"datetime": "2024-01-20 15:34:52", "elapsed": 4260.876536, "delta": 0.003832}}
{"target": -19.14838712835354, "params": {"colsample_bytree": 0.9513445815965753, "eta": 0.045678427296896036, "gamma": 559.3320257720341, "max_depth": 7.0, "min_child_weight": 4435.023991979676, "num_boost_round": 23.0, "subsample": 0.24700901583827975}, "datetime": {"datetime": "2024-01-20 15:34:52", "elapsed": 4260.880377, "delta": 0.003841}}
{"target": -19.148555979810773, "params": {"colsample_bytree": 0.9513445815965753, "eta": 0.045678427296896036, "gamma": 559.3320257720341, "max_depth": 7.0, "min_child_weight": 4435.023991979676, "num_boost_round": 24.0, "subsample": 0.24700901583827975}, "datetime": {"datetime": "2024-01-20 15:34:52", "elapsed": 4260.884253, "delta": 0.003876}}
{"target": -19.149034223741502, "params": {"colsample_bytree": 0.9513445815965753, "eta": 0.045678427296896036, "gamma": 559.3320257720341, "max_depth": 7.0, "min_child_weight": 4435.023991979676, "num_boost_round": 25.0, "subsample": 0.24700901583827975}, "datetime": {"datetime": "2024-01-20 15:34:52", "elapsed": 4260.888071, "delta": 0.003818}}
{"target": -19.149261789588163, "params": {"colsample_bytree": 0.9513445815965753, "eta": 0.045678427296896036, "gamma": 559.3320257720341, "max_depth": 7.0, "min_child_weight": 4435.023991979676, "num_boost_round": 26.0, "subsample": 0.24700901583827975}, "datetime": {"datetime": "2024-01-20 15:34:52", "elapsed": 4260.891903, "delta": 0.003832}}
{"target": -19.149605585021753, "params": {"colsample_bytree": 0.9513445815965753, "eta": 0.045678427296896036, "gamma": 559.3320257720341, "max_depth": 7.0, "min_child_weight": 4435.023991979676, "num_boost_round": 27.0, "subsample": 0.24700901583827975}, "datetime": {"datetime": "2024-01-20 15:34:52", "elapsed": 4260.895777, "delta": 0.003874}}
{"target": -19.149693082670698, "params": {"colsample_bytree": 0.9513445815965753, "eta": 0.045678427296896036, "gamma": 559.3320257720341, "max_depth": 7.0, "min_child_weight": 4435.023991979676, "num_boost_round": 28.0, "subsample": 0.24700901583827975}, "datetime": {"datetime": "2024-01-20 15:34:52", "elapsed": 4260.899613, "delta": 0.003836}}
{"target": -19.1498392617767, "params": {"colsample_bytree": 0.9513445815965753, "eta": 0.045678427296896036, "gamma": 559.3320257720341, "max_depth": 7.0, "min_child_weight": 4435.023991979676, "num_boost_round": 29.0, "subsample": 0.24700901583827975}, "datetime": {"datetime": "2024-01-20 15:34:52", "elapsed": 4260.903457, "delta": 0.003844}}
{"target": -19.150184786055583, "params": {"colsample_bytree": 0.9513445815965753, "eta": 0.045678427296896036, "gamma": 559.3320257720341, "max_depth": 7.0, "min_child_weight": 4435.023991979676, "num_boost_round": 30.0, "subsample": 0.24700901583827975}, "datetime": {"datetime": "2024-01-20 15:34:52", "elapsed": 4260.907368, "delta": 0.003911}}
{"target": -19.150729071286452, "params": {"colsample_bytree": 0.9513445815965753, "eta": 0.045678427296896036, "gamma": 559.3320257720341, "max_depth": 7.0, "min_child_weight": 4435.023991979676, "num_boost_round": 31.0, "subsample": 0.24700901583827975}, "datetime": {"datetime": "2024-01-20 15:34:52", "elapsed": 4260.9112, "delta": 0.003832}}
{"target": -19.151131221520437, "params": {"colsample_bytree": 0.9513445815965753, "eta": 0.045678427296896036, "gamma": 559.3320257720341, "max_depth": 7.0, "min_child_weight": 4435.023991979676, "num_boost_round": 32.0, "subsample": 0.24700901583827975}, "datetime": {"datetime": "2024-01-20 15:34:52", "elapsed": 4260.915058, "delta": 0.003858}}
{"target": -19.15147532847647, "params": {"colsample_bytree": 0.9513445815965753, "eta": 0.045678427296896036, "gamma": 559.3320257720341, "max_depth": 7.0, "min_child_weight": 4435.023991979676, "num_boost_round": 33.0, "subsample": 0.24700901583827975}, "datetime": {"datetime": "2024-01-20 15:34:52", "elapsed": 4260.918933, "delta": 0.003875}}
{"target": -19.151626337343597, "params": {"colsample_bytree": 0.9513445815965753, "eta": 0.045678427296896036, "gamma": 559.3320257720341, "max_depth": 7.0, "min_child_weight": 4435.023991979676, "num_boost_round": 34.0, "subsample": 0.24700901583827975}, "datetime": {"datetime": "2024-01-20 15:34:52", "elapsed": 4260.922767, "delta": 0.003834}}
{"target": -19.15169987685619, "params": {"colsample_bytree": 0.9513445815965753, "eta": 0.045678427296896036, "gamma": 559.3320257720341, "max_depth": 7.0, "min_child_weight": 4435.023991979676, "num_boost_round": 35.0, "subsample": 0.24700901583827975}, "datetime": {"datetime": "2024-01-20 15:34:52", "elapsed": 4260.926607, "delta": 0.00384}}
{"target": -19.1517595730067, "params": {"colsample_bytree": 0.9513445815965753, "eta": 0.045678427296896036, "gamma": 559.3320257720341, "max_depth": 7.0, "min_child_weight": 4435.023991979676, "num_boost_round": 36.0, "subsample": 0.24700901583827975}, "datetime": {"datetime": "2024-01-20 15:34:52", "elapsed": 4260.930526, "delta": 0.003919}}
{"target": -19.152062843800977, "params": {"colsample_bytree": 0.9513445815965753, "eta": 0.045678427296896036, "gamma": 559.3320257720341, "max_depth": 7.0, "min_child_weight": 4435.023991979676, "num_boost_round": 37.0, "subsample": 0.24700901583827975}, "datetime": {"datetime": "2024-01-20 15:34:52", "elapsed": 4260.934377, "delta": 0.003851}}
{"target": -19.152351904349434, "params": {"colsample_bytree": 0.9513445815965753, "eta": 0.045678427296896036, "gamma": 559.3320257720341, "max_depth": 7.0, "min_child_weight": 4435.023991979676, "num_boost_round": 38.0, "subsample": 0.24700901583827975}, "datetime": {"datetime": "2024-01-20 15:34:52", "elapsed": 4260.93913, "delta": 0.004753}}
{"target": -19.1525921014841, "params": {"colsample_bytree": 0.9513445815965753, "eta": 0.045678427296896036, "gamma": 559.3320257720341, "max_depth": 7.0, "min_child_weight": 4435.023991979676, "num_boost_round": 39.0, "subsample": 0.24700901583827975}, "datetime": {"datetime": "2024-01-20 15:34:52", "elapsed": 4260.943865, "delta": 0.004735}}
{"target": -19.152776964079294, "params": {"colsample_bytree": 0.9513445815965753, "eta": 0.045678427296896036, "gamma": 559.3320257720341, "max_depth": 7.0, "min_child_weight": 4435.023991979676, "num_boost_round": 40.0, "subsample": 0.24700901583827975}, "datetime": {"datetime": "2024-01-20 15:34:52", "elapsed": 4260.948424, "delta": 0.004559}}
{"target": -19.152852599275995, "params": {"colsample_bytree": 0.9513445815965753, "eta": 0.045678427296896036, "gamma": 559.3320257720341, "max_depth": 7.0, "min_child_weight": 4435.023991979676, "num_boost_round": 41.0, "subsample": 0.24700901583827975}, "datetime": {"datetime": "2024-01-20 15:34:53", "elapsed": 4260.9524, "delta": 0.003976}}
{"target": -19.15331981458622, "params": {"colsample_bytree": 0.9513445815965753, "eta": 0.045678427296896036, "gamma": 559.3320257720341, "max_depth": 7.0, "min_child_weight": 4435.023991979676, "num_boost_round": 42.0, "subsample": 0.24700901583827975}, "datetime": {"datetime": "2024-01-20 15:34:53", "elapsed": 4260.956364, "delta": 0.003964}}
{"target": -19.15362386625377, "params": {"colsample_bytree": 0.9513445815965753, "eta": 0.045678427296896036, "gamma": 559.3320257720341, "max_depth": 7.0, "min_child_weight": 4435.023991979676, "num_boost_round": 43.0, "subsample": 0.24700901583827975}, "datetime": {"datetime": "2024-01-20 15:34:53", "elapsed": 4260.960244, "delta": 0.00388}}
{"target": -19.15390768291948, "params": {"colsample_bytree": 0.9513445815965753, "eta": 0.045678427296896036, "gamma": 559.3320257720341, "max_depth": 7.0, "min_child_weight": 4435.023991979676, "num_boost_round": 44.0, "subsample": 0.24700901583827975}, "datetime": {"datetime": "2024-01-20 15:34:53", "elapsed": 4260.964154, "delta": 0.00391}}
{"target": -19.154331952059415, "params": {"colsample_bytree": 0.9513445815965753, "eta": 0.045678427296896036, "gamma": 559.3320257720341, "max_depth": 7.0, "min_child_weight": 4435.023991979676, "num_boost_round": 45.0, "subsample": 0.24700901583827975}, "datetime": {"datetime": "2024-01-20 15:34:53", "elapsed": 4260.968069, "delta": 0.003915}}
{"target": -19.154557878616618, "params": {"colsample_bytree": 0.9513445815965753, "eta": 0.045678427296896036, "gamma": 559.3320257720341, "max_depth": 7.0, "min_child_weight": 4435.023991979676, "num_boost_round": 46.0, "subsample": 0.24700901583827975}, "datetime": {"datetime": "2024-01-20 15:34:53", "elapsed": 4260.971871, "delta": 0.003802}}
{"target": -19.154868554757698, "params": {"colsample_bytree": 0.9513445815965753, "eta": 0.045678427296896036, "gamma": 559.3320257720341, "max_depth": 7.0, "min_child_weight": 4435.023991979676, "num_boost_round": 47.0, "subsample": 0.24700901583827975}, "datetime": {"datetime": "2024-01-20 15:34:53", "elapsed": 4260.97566, "delta": 0.003789}}
{"target": -19.15496613997126, "params": {"colsample_bytree": 0.9513445815965753, "eta": 0.045678427296896036, "gamma": 559.3320257720341, "max_depth": 7.0, "min_child_weight": 4435.023991979676, "num_boost_round": 48.0, "subsample": 0.24700901583827975}, "datetime": {"datetime": "2024-01-20 15:34:53", "elapsed": 4260.979511, "delta": 0.003851}}
