{"target": -13.428736832247772, "params": {"colsample_bytree": 0.5939321535345923, "eta": 0.07152178474357823, "gamma": 602.7633760716438, "max_depth": 6.0, "min_child_weight": 4237.124338589708, "num_boost_round": 64.0, "subsample": 0.49382849013642327}, "datetime": {"datetime": "2024-01-20 14:24:48", "elapsed": 23.534228, "delta": 0.000176}}
{"target": -13.429014178474313, "params": {"colsample_bytree": 0.5939321535345923, "eta": 0.07152178474357823, "gamma": 602.7633760716438, "max_depth": 6.0, "min_child_weight": 4237.124338589708, "num_boost_round": 65.0, "subsample": 0.49382849013642327}, "datetime": {"datetime": "2024-01-20 14:24:48", "elapsed": 23.534403, "delta": 0.000175}}
{"target": -13.429333724244433, "params": {"colsample_bytree": 0.5939321535345923, "eta": 0.07152178474357823, "gamma": 602.7633760716438, "max_depth": 6.0, "min_child_weight": 4237.124338589708, "num_boost_round": 66.0, "subsample": 0.49382849013642327}, "datetime": {"datetime": "2024-01-20 14:24:48", "elapsed": 23.534585, "delta": 0.000182}}
{"target": -13.429638793862889, "params": {"colsample_bytree": 0.5939321535345923, "eta": 0.07152178474357823, "gamma": 602.7633760716438, "max_depth": 6.0, "min_child_weight": 4237.124338589708, "num_boost_round": 67.0, "subsample": 0.49382849013642327}, "datetime": {"datetime": "2024-01-20 14:24:48", "elapsed": 23.534827, "delta": 0.000242}}
{"target": -13.430198202258836, "params": {"colsample_bytree": 0.5939321535345923, "eta": 0.07152178474357823, "gamma": 602.7633760716438, "max_depth": 6.0, "min_child_weight": 4237.124338589708, "num_boost_round": 68.0, "subsample": 0.49382849013642327}, "datetime": {"datetime": "2024-01-20 14:24:48", "elapsed": 23.535026, "delta": 0.000199}}
{"target": -13.430321544101663, "params": {"colsample_bytree": 0.5939321535345923, "eta": 0.07152178474357823, "gamma": 602.7633760716438, "max_depth": 6.0, "min_child_weight": 4237.124338589708, "num_boost_round": 69.0, "subsample": 0.49382849013642327}, "datetime": {"datetime": "2024-01-20 14:24:48", "elapsed": 23.53522, "delta": 0.000194}}
{"target": -13.430501838673646, "params": {"colsample_bytree": 0.5939321535345923, "eta": 0.07152178474357823, "gamma": 602.7633760716438, "max_depth": 6.0, "min_child_weight": 4237.124338589708, "num_boost_round": 70.0, "subsample": 0.49382849013642327}, "datetime": {"datetime": "2024-01-20 14:24:48", "elapsed": 23.535415, "delta": 0.000195}}
{"target": -13.431063183986318, "params": {"colsample_bytree": 0.5939321535345923, "eta": 0.07152178474357823, "gamma": 602.7633760716438, "max_depth": 6.0, "min_child_weight": 4237.124338589708, "num_boost_round": 71.0, "subsample": 0.49382849013642327}, "datetime": {"datetime": "2024-01-20 14:24:48", "elapsed": 23.535616, "delta": 0.000201}}
{"target": -13.430903441680458, "params": {"colsample_bytree": 0.5939321535345923, "eta": 0.07152178474357823, "gamma": 602.7633760716438, "max_depth": 6.0, "min_child_weight": 4237.124338589708, "num_boost_round": 72.0, "subsample": 0.49382849013642327}, "datetime": {"datetime": "2024-01-20 14:24:48", "elapsed": 23.535815, "delta": 0.000199}}
{"target": -13.431402311898708, "params": {"colsample_bytree": 0.5939321535345923, "eta": 0.07152178474357823, "gamma": 602.7633760716438, "max_depth": 6.0, "min_child_weight": 4237.124338589708, "num_boost_round": 73.0, "subsample": 0.49382849013642327}, "datetime": {"datetime": "2024-01-20 14:24:48", "elapsed": 23.535996, "delta": 0.000181}}
{"target": -13.431391060349458, "params": {"colsample_bytree": 0.5939321535345923, "eta": 0.07152178474357823, "gamma": 602.7633760716438, "max_depth": 6.0, "min_child_weight": 4237.124338589708, "num_boost_round": 74.0, "subsample": 0.49382849013642327}, "datetime": {"datetime": "2024-01-20 14:24:48", "elapsed": 23.536178, "delta": 0.000182}}
{"target": -13.431870075198876, "params": {"colsample_bytree": 0.5939321535345923, "eta": 0.07152178474357823, "gamma": 602.7633760716438, "max_depth": 6.0, "min_child_weight": 4237.124338589708, "num_boost_round": 75.0, "subsample": 0.49382849013642327}, "datetime": {"datetime": "2024-01-20 14:24:48", "elapsed": 23.536363, "delta": 0.000185}}
{"target": -13.432101263608917, "params": {"colsample_bytree": 0.5939321535345923, "eta": 0.07152178474357823, "gamma": 602.7633760716438, "max_depth": 6.0, "min_child_weight": 4237.124338589708, "num_boost_round": 76.0, "subsample": 0.49382849013642327}, "datetime": {"datetime": "2024-01-20 14:24:48", "elapsed": 23.536559, "delta": 0.000196}}
{"target": -13.432348139398485, "params": {"colsample_bytree": 0.5939321535345923, "eta": 0.07152178474357823, "gamma": 602.7633760716438, "max_depth": 6.0, "min_child_weight": 4237.124338589708, "num_boost_round": 77.0, "subsample": 0.49382849013642327}, "datetime": {"datetime": "2024-01-20 14:24:48", "elapsed": 23.536751, "delta": 0.000192}}
{"target": -13.432577041969852, "params": {"colsample_bytree": 0.5939321535345923, "eta": 0.07152178474357823, "gamma": 602.7633760716438, "max_depth": 6.0, "min_child_weight": 4237.124338589708, "num_boost_round": 78.0, "subsample": 0.49382849013642327}, "datetime": {"datetime": "2024-01-20 14:24:48", "elapsed": 23.536941, "delta": 0.00019}}
{"target": -13.433058276131284, "params": {"colsample_bytree": 0.5939321535345923, "eta": 0.07152178474357823, "gamma": 602.7633760716438, "max_depth": 6.0, "min_child_weight": 4237.124338589708, "num_boost_round": 79.0, "subsample": 0.49382849013642327}, "datetime": {"datetime": "2024-01-20 14:24:48", "elapsed": 23.537134, "delta": 0.000193}}
{"target": -13.433111904941953, "params": {"colsample_bytree": 0.5939321535345923, "eta": 0.07152178474357823, "gamma": 602.7633760716438, "max_depth": 6.0, "min_child_weight": 4237.124338589708, "num_boost_round": 80.0, "subsample": 0.49382849013642327}, "datetime": {"datetime": "2024-01-20 14:24:48", "elapsed": 23.53733, "delta": 0.000196}}
{"target": -13.433271175683526, "params": {"colsample_bytree": 0.5939321535345923, "eta": 0.07152178474357823, "gamma": 602.7633760716438, "max_depth": 6.0, "min_child_weight": 4237.124338589708, "num_boost_round": 81.0, "subsample": 0.49382849013642327}, "datetime": {"datetime": "2024-01-20 14:24:48", "elapsed": 23.537537, "delta": 0.000207}}
{"target": -13.433233375548035, "params": {"colsample_bytree": 0.5939321535345923, "eta": 0.07152178474357823, "gamma": 602.7633760716438, "max_depth": 6.0, "min_child_weight": 4237.124338589708, "num_boost_round": 82.0, "subsample": 0.49382849013642327}, "datetime": {"datetime": "2024-01-20 14:24:48", "elapsed": 23.537736, "delta": 0.000199}}
{"target": -13.433900727840019, "params": {"colsample_bytree": 0.5939321535345923, "eta": 0.07152178474357823, "gamma": 602.7633760716438, "max_depth": 6.0, "min_child_weight": 4237.124338589708, "num_boost_round": 83.0, "subsample": 0.49382849013642327}, "datetime": {"datetime": "2024-01-20 14:24:48", "elapsed": 23.537938, "delta": 0.000202}}
{"target": -13.434148135925314, "params": {"colsample_bytree": 0.5939321535345923, "eta": 0.07152178474357823, "gamma": 602.7633760716438, "max_depth": 6.0, "min_child_weight": 4237.124338589708, "num_boost_round": 84.0, "subsample": 0.49382849013642327}, "datetime": {"datetime": "2024-01-20 14:24:48", "elapsed": 23.538141, "delta": 0.000203}}
{"target": -13.434463366747869, "params": {"colsample_bytree": 0.5939321535345923, "eta": 0.07152178474357823, "gamma": 602.7633760716438, "max_depth": 6.0, "min_child_weight": 4237.124338589708, "num_boost_round": 85.0, "subsample": 0.49382849013642327}, "datetime": {"datetime": "2024-01-20 14:24:48", "elapsed": 23.538342, "delta": 0.000201}}
{"target": -13.435057763369631, "params": {"colsample_bytree": 0.5939321535345923, "eta": 0.07152178474357823, "gamma": 602.7633760716438, "max_depth": 6.0, "min_child_weight": 4237.124338589708, "num_boost_round": 86.0, "subsample": 0.49382849013642327}, "datetime": {"datetime": "2024-01-20 14:24:48", "elapsed": 23.538549, "delta": 0.000207}}
{"target": -13.435483049585544, "params": {"colsample_bytree": 0.5939321535345923, "eta": 0.07152178474357823, "gamma": 602.7633760716438, "max_depth": 6.0, "min_child_weight": 4237.124338589708, "num_boost_round": 87.0, "subsample": 0.49382849013642327}, "datetime": {"datetime": "2024-01-20 14:24:48", "elapsed": 23.538781, "delta": 0.000232}}
{"target": -13.435722311415645, "params": {"colsample_bytree": 0.5939321535345923, "eta": 0.07152178474357823, "gamma": 602.7633760716438, "max_depth": 6.0, "min_child_weight": 4237.124338589708, "num_boost_round": 88.0, "subsample": 0.49382849013642327}, "datetime": {"datetime": "2024-01-20 14:24:48", "elapsed": 23.539006, "delta": 0.000225}}
{"target": -13.43618445238707, "params": {"colsample_bytree": 0.5939321535345923, "eta": 0.07152178474357823, "gamma": 602.7633760716438, "max_depth": 6.0, "min_child_weight": 4237.124338589708, "num_boost_round": 89.0, "subsample": 0.49382849013642327}, "datetime": {"datetime": "2024-01-20 14:24:48", "elapsed": 23.539349, "delta": 0.000343}}
{"target": -13.436574441471858, "params": {"colsample_bytree": 0.5939321535345923, "eta": 0.07152178474357823, "gamma": 602.7633760716438, "max_depth": 6.0, "min_child_weight": 4237.124338589708, "num_boost_round": 90.0, "subsample": 0.49382849013642327}, "datetime": {"datetime": "2024-01-20 14:24:48", "elapsed": 23.539587, "delta": 0.000238}}
{"target": -13.436719471758465, "params": {"colsample_bytree": 0.5939321535345923, "eta": 0.07152178474357823, "gamma": 602.7633760716438, "max_depth": 6.0, "min_child_weight": 4237.124338589708, "num_boost_round": 91.0, "subsample": 0.49382849013642327}, "datetime": {"datetime": "2024-01-20 14:24:48", "elapsed": 23.53982, "delta": 0.000233}}
{"target": -13.437259099836659, "params": {"colsample_bytree": 0.5939321535345923, "eta": 0.07152178474357823, "gamma": 602.7633760716438, "max_depth": 6.0, "min_child_weight": 4237.124338589708, "num_boost_round": 92.0, "subsample": 0.49382849013642327}, "datetime": {"datetime": "2024-01-20 14:24:48", "elapsed": 23.540051, "delta": 0.000231}}
{"target": -13.437394964252249, "params": {"colsample_bytree": 0.5939321535345923, "eta": 0.07152178474357823, "gamma": 602.7633760716438, "max_depth": 6.0, "min_child_weight": 4237.124338589708, "num_boost_round": 93.0, "subsample": 0.49382849013642327}, "datetime": {"datetime": "2024-01-20 14:24:48", "elapsed": 23.540261, "delta": 0.00021}}
{"target": -13.43787858300194, "params": {"colsample_bytree": 0.5939321535345923, "eta": 0.07152178474357823, "gamma": 602.7633760716438, "max_depth": 6.0, "min_child_weight": 4237.124338589708, "num_boost_round": 94.0, "subsample": 0.49382849013642327}, "datetime": {"datetime": "2024-01-20 14:24:48", "elapsed": 23.540476, "delta": 0.000215}}
{"target": -13.438120948488802, "params": {"colsample_bytree": 0.5939321535345923, "eta": 0.07152178474357823, "gamma": 602.7633760716438, "max_depth": 6.0, "min_child_weight": 4237.124338589708, "num_boost_round": 95.0, "subsample": 0.49382849013642327}, "datetime": {"datetime": "2024-01-20 14:24:48", "elapsed": 23.540697, "delta": 0.000221}}
{"target": -13.438308541450663, "params": {"colsample_bytree": 0.5939321535345923, "eta": 0.07152178474357823, "gamma": 602.7633760716438, "max_depth": 6.0, "min_child_weight": 4237.124338589708, "num_boost_round": 96.0, "subsample": 0.49382849013642327}, "datetime": {"datetime": "2024-01-20 14:24:48", "elapsed": 23.540912, "delta": 0.000215}}
{"target": -13.438279947432873, "params": {"colsample_bytree": 0.5939321535345923, "eta": 0.07152178474357823, "gamma": 602.7633760716438, "max_depth": 6.0, "min_child_weight": 4237.124338589708, "num_boost_round": 97.0, "subsample": 0.49382849013642327}, "datetime": {"datetime": "2024-01-20 14:24:48", "elapsed": 23.541127, "delta": 0.000215}}
{"target": -13.438877051833204, "params": {"colsample_bytree": 0.5939321535345923, "eta": 0.07152178474357823, "gamma": 602.7633760716438, "max_depth": 6.0, "min_child_weight": 4237.124338589708, "num_boost_round": 98.0, "subsample": 0.49382849013642327}, "datetime": {"datetime": "2024-01-20 14:24:48", "elapsed": 23.541338, "delta": 0.000211}}
{"target": -13.439392161117821, "params": {"colsample_bytree": 0.5939321535345923, "eta": 0.07152178474357823, "gamma": 602.7633760716438, "max_depth": 6.0, "min_child_weight": 4237.124338589708, "num_boost_round": 99.0, "subsample": 0.49382849013642327}, "datetime": {"datetime": "2024-01-20 14:24:48", "elapsed": 23.541559, "delta": 0.000221}}
{"target": -13.439714679742915, "params": {"colsample_bytree": 0.5939321535345923, "eta": 0.07152178474357823, "gamma": 602.7633760716438, "max_depth": 6.0, "min_child_weight": 4237.124338589708, "num_boost_round": 100.0, "subsample": 0.49382849013642327}, "datetime": {"datetime": "2024-01-20 14:24:48", "elapsed": 23.541778, "delta": 0.000219}}
{"target": -13.43993454106834, "params": {"colsample_bytree": 0.5939321535345923, "eta": 0.07152178474357823, "gamma": 602.7633760716438, "max_depth": 6.0, "min_child_weight": 4237.124338589708, "num_boost_round": 101.0, "subsample": 0.49382849013642327}, "datetime": {"datetime": "2024-01-20 14:24:48", "elapsed": 23.541997, "delta": 0.000219}}
{"target": -13.440122967789573, "params": {"colsample_bytree": 0.5939321535345923, "eta": 0.07152178474357823, "gamma": 602.7633760716438, "max_depth": 6.0, "min_child_weight": 4237.124338589708, "num_boost_round": 102.0, "subsample": 0.49382849013642327}, "datetime": {"datetime": "2024-01-20 14:24:48", "elapsed": 23.542216, "delta": 0.000219}}
{"target": -13.440358576989041, "params": {"colsample_bytree": 0.5939321535345923, "eta": 0.07152178474357823, "gamma": 602.7633760716438, "max_depth": 6.0, "min_child_weight": 4237.124338589708, "num_boost_round": 103.0, "subsample": 0.49382849013642327}, "datetime": {"datetime": "2024-01-20 14:24:48", "elapsed": 23.54244, "delta": 0.000224}}
{"target": -13.441272108450505, "params": {"colsample_bytree": 0.5939321535345923, "eta": 0.07152178474357823, "gamma": 602.7633760716438, "max_depth": 6.0, "min_child_weight": 4237.124338589708, "num_boost_round": 104.0, "subsample": 0.49382849013642327}, "datetime": {"datetime": "2024-01-20 14:24:48", "elapsed": 23.542676, "delta": 0.000236}}
{"target": -13.441381237414713, "params": {"colsample_bytree": 0.5939321535345923, "eta": 0.07152178474357823, "gamma": 602.7633760716438, "max_depth": 6.0, "min_child_weight": 4237.124338589708, "num_boost_round": 105.0, "subsample": 0.49382849013642327}, "datetime": {"datetime": "2024-01-20 14:24:48", "elapsed": 23.5429, "delta": 0.000224}}
{"target": -13.441637673031105, "params": {"colsample_bytree": 0.5939321535345923, "eta": 0.07152178474357823, "gamma": 602.7633760716438, "max_depth": 6.0, "min_child_weight": 4237.124338589708, "num_boost_round": 106.0, "subsample": 0.49382849013642327}, "datetime": {"datetime": "2024-01-20 14:24:48", "elapsed": 23.543123, "delta": 0.000223}}
{"target": -13.441983705345537, "params": {"colsample_bytree": 0.5939321535345923, "eta": 0.07152178474357823, "gamma": 602.7633760716438, "max_depth": 6.0, "min_child_weight": 4237.124338589708, "num_boost_round": 107.0, "subsample": 0.49382849013642327}, "datetime": {"datetime": "2024-01-20 14:24:48", "elapsed": 23.543347, "delta": 0.000224}}
{"target": -13.442451503777129, "params": {"colsample_bytree": 0.5939321535345923, "eta": 0.07152178474357823, "gamma": 602.7633760716438, "max_depth": 6.0, "min_child_weight": 4237.124338589708, "num_boost_round": 108.0, "subsample": 0.49382849013642327}, "datetime": {"datetime": "2024-01-20 14:24:48", "elapsed": 23.54358, "delta": 0.000233}}
{"target": -13.442740839394293, "params": {"colsample_bytree": 0.5939321535345923, "eta": 0.07152178474357823, "gamma": 602.7633760716438, "max_depth": 6.0, "min_child_weight": 4237.124338589708, "num_boost_round": 109.0, "subsample": 0.49382849013642327}, "datetime": {"datetime": "2024-01-20 14:24:48", "elapsed": 23.543814, "delta": 0.000234}}
{"target": -13.443132222497791, "params": {"colsample_bytree": 0.5939321535345923, "eta": 0.07152178474357823, "gamma": 602.7633760716438, "max_depth": 6.0, "min_child_weight": 4237.124338589708, "num_boost_round": 110.0, "subsample": 0.49382849013642327}, "datetime": {"datetime": "2024-01-20 14:24:48", "elapsed": 23.544096, "delta": 0.000282}}
{"target": -13.443598691552118, "params": {"colsample_bytree": 0.5939321535345923, "eta": 0.07152178474357823, "gamma": 602.7633760716438, "max_depth": 6.0, "min_child_weight": 4237.124338589708, "num_boost_round": 111.0, "subsample": 0.49382849013642327}, "datetime": {"datetime": "2024-01-20 14:24:48", "elapsed": 23.544345, "delta": 0.000249}}
{"target": -13.443644547879702, "params": {"colsample_bytree": 0.5939321535345923, "eta": 0.07152178474357823, "gamma": 602.7633760716438, "max_depth": 6.0, "min_child_weight": 4237.124338589708, "num_boost_round": 112.0, "subsample": 0.49382849013642327}, "datetime": {"datetime": "2024-01-20 14:24:48", "elapsed": 23.544599, "delta": 0.000254}}
{"target": -13.44410322633567, "params": {"colsample_bytree": 0.5939321535345923, "eta": 0.07152178474357823, "gamma": 602.7633760716438, "max_depth": 6.0, "min_child_weight": 4237.124338589708, "num_boost_round": 113.0, "subsample": 0.49382849013642327}, "datetime": {"datetime": "2024-01-20 14:24:48", "elapsed": 23.544856, "delta": 0.000257}}
{"target": -13.444236270543342, "params": {"colsample_bytree": 0.5939321535345923, "eta": 0.07152178474357823, "gamma": 602.7633760716438, "max_depth": 6.0, "min_child_weight": 4237.124338589708, "num_boost_round": 114.0, "subsample": 0.49382849013642327}, "datetime": {"datetime": "2024-01-20 14:24:48", "elapsed": 23.545119, "delta": 0.000263}}
{"target": -13.444324113497595, "params": {"colsample_bytree": 0.5939321535345923, "eta": 0.07152178474357823, "gamma": 602.7633760716438, "max_depth": 6.0, "min_child_weight": 4237.124338589708, "num_boost_round": 115.0, "subsample": 0.49382849013642327}, "datetime": {"datetime": "2024-01-20 14:24:48", "elapsed": 23.545382, "delta": 0.000263}}
{"target": -13.444762182955127, "params": {"colsample_bytree": 0.5939321535345923, "eta": 0.07152178474357823, "gamma": 602.7633760716438, "max_depth": 6.0, "min_child_weight": 4237.124338589708, "num_boost_round": 116.0, "subsample": 0.49382849013642327}, "datetime": {"datetime": "2024-01-20 14:24:48", "elapsed": 23.545646, "delta": 0.000264}}
{"target": -13.44510581693546, "params": {"colsample_bytree": 0.5939321535345923, "eta": 0.07152178474357823, "gamma": 602.7633760716438, "max_depth": 6.0, "min_child_weight": 4237.124338589708, "num_boost_round": 117.0, "subsample": 0.49382849013642327}, "datetime": {"datetime": "2024-01-20 14:24:48", "elapsed": 23.545902, "delta": 0.000256}}
{"target": -13.445367342593794, "params": {"colsample_bytree": 0.5939321535345923, "eta": 0.07152178474357823, "gamma": 602.7633760716438, "max_depth": 6.0, "min_child_weight": 4237.124338589708, "num_boost_round": 118.0, "subsample": 0.49382849013642327}, "datetime": {"datetime": "2024-01-20 14:24:48", "elapsed": 23.546157, "delta": 0.000255}}
{"target": -13.44549773568823, "params": {"colsample_bytree": 0.5939321535345923, "eta": 0.07152178474357823, "gamma": 602.7633760716438, "max_depth": 6.0, "min_child_weight": 4237.124338589708, "num_boost_round": 119.0, "subsample": 0.49382849013642327}, "datetime": {"datetime": "2024-01-20 14:24:48", "elapsed": 23.546415, "delta": 0.000258}}
{"target": -13.445699371895735, "params": {"colsample_bytree": 0.5939321535345923, "eta": 0.07152178474357823, "gamma": 602.7633760716438, "max_depth": 6.0, "min_child_weight": 4237.124338589708, "num_boost_round": 120.0, "subsample": 0.49382849013642327}, "datetime": {"datetime": "2024-01-20 14:24:48", "elapsed": 23.546679, "delta": 0.000264}}
{"target": -13.44637532612552, "params": {"colsample_bytree": 0.5939321535345923, "eta": 0.07152178474357823, "gamma": 602.7633760716438, "max_depth": 6.0, "min_child_weight": 4237.124338589708, "num_boost_round": 121.0, "subsample": 0.49382849013642327}, "datetime": {"datetime": "2024-01-20 14:24:48", "elapsed": 23.546943, "delta": 0.000264}}
{"target": -13.446620841458609, "params": {"colsample_bytree": 0.5939321535345923, "eta": 0.07152178474357823, "gamma": 602.7633760716438, "max_depth": 6.0, "min_child_weight": 4237.124338589708, "num_boost_round": 122.0, "subsample": 0.49382849013642327}, "datetime": {"datetime": "2024-01-20 14:24:48", "elapsed": 23.547188, "delta": 0.000245}}
{"target": -13.44698827097347, "params": {"colsample_bytree": 0.5939321535345923, "eta": 0.07152178474357823, "gamma": 602.7633760716438, "max_depth": 6.0, "min_child_weight": 4237.124338589708, "num_boost_round": 123.0, "subsample": 0.49382849013642327}, "datetime": {"datetime": "2024-01-20 14:24:48", "elapsed": 23.547427, "delta": 0.000239}}
{"target": -13.44735966188517, "params": {"colsample_bytree": 0.5939321535345923, "eta": 0.07152178474357823, "gamma": 602.7633760716438, "max_depth": 6.0, "min_child_weight": 4237.124338589708, "num_boost_round": 124.0, "subsample": 0.49382849013642327}, "datetime": {"datetime": "2024-01-20 14:24:48", "elapsed": 23.547686, "delta": 0.000259}}
{"target": -13.447634088967575, "params": {"colsample_bytree": 0.5939321535345923, "eta": 0.07152178474357823, "gamma": 602.7633760716438, "max_depth": 6.0, "min_child_weight": 4237.124338589708, "num_boost_round": 125.0, "subsample": 0.49382849013642327}, "datetime": {"datetime": "2024-01-20 14:24:48", "elapsed": 23.547934, "delta": 0.000248}}
{"target": -13.447955745857996, "params": {"colsample_bytree": 0.5939321535345923, "eta": 0.07152178474357823, "gamma": 602.7633760716438, "max_depth": 6.0, "min_child_weight": 4237.124338589708, "num_boost_round": 126.0, "subsample": 0.49382849013642327}, "datetime": {"datetime": "2024-01-20 14:24:48", "elapsed": 23.548181, "delta": 0.000247}}
