{"target": -19.14417443689691, "params": {"colsample_bytree": 0.5845229066823244, "eta": 0.009328336084834122, "gamma": 498.95779388851633, "max_depth": 7.0, "min_child_weight": 3905.1678223146796, "num_boost_round": 49.0, "subsample": 0.4074381984821923}, "datetime": {"datetime": "2024-01-20 14:30:24", "elapsed": 392.806514, "delta": 0.000928}}
{"target": -19.14422266374146, "params": {"colsample_bytree": 0.5845229066823244, "eta": 0.009328336084834122, "gamma": 498.95779388851633, "max_depth": 7.0, "min_child_weight": 3905.1678223146796, "num_boost_round": 50.0, "subsample": 0.4074381984821923}, "datetime": {"datetime": "2024-01-20 14:30:24", "elapsed": 392.807366, "delta": 0.000852}}
{"target": -19.14425024357155, "params": {"colsample_bytree": 0.5845229066823244, "eta": 0.009328336084834122, "gamma": 498.95779388851633, "max_depth": 7.0, "min_child_weight": 3905.1678223146796, "num_boost_round": 51.0, "subsample": 0.4074381984821923}, "datetime": {"datetime": "2024-01-20 14:30:24", "elapsed": 392.80822, "delta": 0.000854}}
{"target": -19.14426585339411, "params": {"colsample_bytree": 0.5845229066823244, "eta": 0.009328336084834122, "gamma": 498.95779388851633, "max_depth": 7.0, "min_child_weight": 3905.1678223146796, "num_boost_round": 52.0, "subsample": 0.4074381984821923}, "datetime": {"datetime": "2024-01-20 14:30:24", "elapsed": 392.809072, "delta": 0.000852}}
{"target": -19.144324397379414, "params": {"colsample_bytree": 0.5845229066823244, "eta": 0.009328336084834122, "gamma": 498.95779388851633, "max_depth": 7.0, "min_child_weight": 3905.1678223146796, "num_boost_round": 53.0, "subsample": 0.4074381984821923}, "datetime": {"datetime": "2024-01-20 14:30:24", "elapsed": 392.809921, "delta": 0.000849}}
{"target": -19.144382420546908, "params": {"colsample_bytree": 0.5845229066823244, "eta": 0.009328336084834122, "gamma": 498.95779388851633, "max_depth": 7.0, "min_child_weight": 3905.1678223146796, "num_boost_round": 54.0, "subsample": 0.4074381984821923}, "datetime": {"datetime": "2024-01-20 14:30:24", "elapsed": 392.810774, "delta": 0.000853}}
{"target": -19.144399379144176, "params": {"colsample_bytree": 0.5845229066823244, "eta": 0.009328336084834122, "gamma": 498.95779388851633, "max_depth": 7.0, "min_child_weight": 3905.1678223146796, "num_boost_round": 55.0, "subsample": 0.4074381984821923}, "datetime": {"datetime": "2024-01-20 14:30:24", "elapsed": 392.811621, "delta": 0.000847}}
{"target": -19.144391995777603, "params": {"colsample_bytree": 0.5845229066823244, "eta": 0.009328336084834122, "gamma": 498.95779388851633, "max_depth": 7.0, "min_child_weight": 3905.1678223146796, "num_boost_round": 56.0, "subsample": 0.4074381984821923}, "datetime": {"datetime": "2024-01-20 14:30:24", "elapsed": 392.812473, "delta": 0.000852}}
{"target": -19.144374431862822, "params": {"colsample_bytree": 0.5845229066823244, "eta": 0.009328336084834122, "gamma": 498.95779388851633, "max_depth": 7.0, "min_child_weight": 3905.1678223146796, "num_boost_round": 57.0, "subsample": 0.4074381984821923}, "datetime": {"datetime": "2024-01-20 14:30:24", "elapsed": 392.813325, "delta": 0.000852}}
{"target": -19.144363320063253, "params": {"colsample_bytree": 0.5845229066823244, "eta": 0.009328336084834122, "gamma": 498.95779388851633, "max_depth": 7.0, "min_child_weight": 3905.1678223146796, "num_boost_round": 58.0, "subsample": 0.4074381984821923}, "datetime": {"datetime": "2024-01-20 14:30:24", "elapsed": 392.814179, "delta": 0.000854}}
{"target": -19.144503401003384, "params": {"colsample_bytree": 0.5845229066823244, "eta": 0.009328336084834122, "gamma": 498.95779388851633, "max_depth": 7.0, "min_child_weight": 3905.1678223146796, "num_boost_round": 59.0, "subsample": 0.4074381984821923}, "datetime": {"datetime": "2024-01-20 14:30:24", "elapsed": 392.815035, "delta": 0.000856}}
{"target": -19.14451916982071, "params": {"colsample_bytree": 0.5845229066823244, "eta": 0.009328336084834122, "gamma": 498.95779388851633, "max_depth": 7.0, "min_child_weight": 3905.1678223146796, "num_boost_round": 60.0, "subsample": 0.4074381984821923}, "datetime": {"datetime": "2024-01-20 14:30:24", "elapsed": 392.81589, "delta": 0.000855}}
{"target": -19.144560558219922, "params": {"colsample_bytree": 0.5845229066823244, "eta": 0.009328336084834122, "gamma": 498.95779388851633, "max_depth": 7.0, "min_child_weight": 3905.1678223146796, "num_boost_round": 61.0, "subsample": 0.4074381984821923}, "datetime": {"datetime": "2024-01-20 14:30:24", "elapsed": 392.816866, "delta": 0.000976}}
{"target": -19.144609441588024, "params": {"colsample_bytree": 0.5845229066823244, "eta": 0.009328336084834122, "gamma": 498.95779388851633, "max_depth": 7.0, "min_child_weight": 3905.1678223146796, "num_boost_round": 62.0, "subsample": 0.4074381984821923}, "datetime": {"datetime": "2024-01-20 14:30:24", "elapsed": 392.817845, "delta": 0.000979}}
{"target": -19.144675565548926, "params": {"colsample_bytree": 0.5845229066823244, "eta": 0.009328336084834122, "gamma": 498.95779388851633, "max_depth": 7.0, "min_child_weight": 3905.1678223146796, "num_boost_round": 63.0, "subsample": 0.4074381984821923}, "datetime": {"datetime": "2024-01-20 14:30:24", "elapsed": 392.818823, "delta": 0.000978}}
{"target": -19.144746793161907, "params": {"colsample_bytree": 0.5845229066823244, "eta": 0.009328336084834122, "gamma": 498.95779388851633, "max_depth": 7.0, "min_child_weight": 3905.1678223146796, "num_boost_round": 64.0, "subsample": 0.4074381984821923}, "datetime": {"datetime": "2024-01-20 14:30:24", "elapsed": 392.819782, "delta": 0.000959}}
{"target": -19.144782157424878, "params": {"colsample_bytree": 0.5845229066823244, "eta": 0.009328336084834122, "gamma": 498.95779388851633, "max_depth": 7.0, "min_child_weight": 3905.1678223146796, "num_boost_round": 65.0, "subsample": 0.4074381984821923}, "datetime": {"datetime": "2024-01-20 14:30:24", "elapsed": 392.820654, "delta": 0.000872}}
{"target": -19.144806690772086, "params": {"colsample_bytree": 0.5845229066823244, "eta": 0.009328336084834122, "gamma": 498.95779388851633, "max_depth": 7.0, "min_child_weight": 3905.1678223146796, "num_boost_round": 66.0, "subsample": 0.4074381984821923}, "datetime": {"datetime": "2024-01-20 14:30:24", "elapsed": 392.821532, "delta": 0.000878}}
{"target": -19.143126880615853, "params": {"colsample_bytree": 0.2874489006294195, "eta": 0.09343657413459178, "gamma": 430.8743184703244, "max_depth": 7.0, "min_child_weight": 3881.731081457888, "num_boost_round": 1.0, "subsample": 0.5164454370574523}, "datetime": {"datetime": "2024-01-20 14:30:53", "elapsed": 421.673811, "delta": 28.852279}}
{"target": -19.143797706945648, "params": {"colsample_bytree": 0.2874489006294195, "eta": 0.09343657413459178, "gamma": 430.8743184703244, "max_depth": 7.0, "min_child_weight": 3881.731081457888, "num_boost_round": 2.0, "subsample": 0.5164454370574523}, "datetime": {"datetime": "2024-01-20 14:30:53", "elapsed": 421.675083, "delta": 0.001272}}
{"target": -19.14410955734826, "params": {"colsample_bytree": 0.2874489006294195, "eta": 0.09343657413459178, "gamma": 430.8743184703244, "max_depth": 7.0, "min_child_weight": 3881.731081457888, "num_boost_round": 3.0, "subsample": 0.5164454370574523}, "datetime": {"datetime": "2024-01-20 14:30:53", "elapsed": 421.676065, "delta": 0.000982}}
{"target": -19.143557686019086, "params": {"colsample_bytree": 0.2874489006294195, "eta": 0.09343657413459178, "gamma": 430.8743184703244, "max_depth": 7.0, "min_child_weight": 3881.731081457888, "num_boost_round": 4.0, "subsample": 0.5164454370574523}, "datetime": {"datetime": "2024-01-20 14:30:53", "elapsed": 421.676916, "delta": 0.000851}}
{"target": -19.143814974178, "params": {"colsample_bytree": 0.2874489006294195, "eta": 0.09343657413459178, "gamma": 430.8743184703244, "max_depth": 7.0, "min_child_weight": 3881.731081457888, "num_boost_round": 5.0, "subsample": 0.5164454370574523}, "datetime": {"datetime": "2024-01-20 14:30:53", "elapsed": 421.67788, "delta": 0.000964}}
{"target": -19.143648598196492, "params": {"colsample_bytree": 0.2874489006294195, "eta": 0.09343657413459178, "gamma": 430.8743184703244, "max_depth": 7.0, "min_child_weight": 3881.731081457888, "num_boost_round": 6.0, "subsample": 0.5164454370574523}, "datetime": {"datetime": "2024-01-20 14:30:53", "elapsed": 421.678725, "delta": 0.000845}}
{"target": -19.144633052397253, "params": {"colsample_bytree": 0.2874489006294195, "eta": 0.09343657413459178, "gamma": 430.8743184703244, "max_depth": 7.0, "min_child_weight": 3881.731081457888, "num_boost_round": 7.0, "subsample": 0.5164454370574523}, "datetime": {"datetime": "2024-01-20 14:30:53", "elapsed": 421.67956, "delta": 0.000835}}
{"target": -19.14500799750769, "params": {"colsample_bytree": 0.2874489006294195, "eta": 0.09343657413459178, "gamma": 430.8743184703244, "max_depth": 7.0, "min_child_weight": 3881.731081457888, "num_boost_round": 8.0, "subsample": 0.5164454370574523}, "datetime": {"datetime": "2024-01-20 14:30:53", "elapsed": 421.68067, "delta": 0.00111}}
{"target": -19.145889948212563, "params": {"colsample_bytree": 0.2874489006294195, "eta": 0.09343657413459178, "gamma": 430.8743184703244, "max_depth": 7.0, "min_child_weight": 3881.731081457888, "num_boost_round": 9.0, "subsample": 0.5164454370574523}, "datetime": {"datetime": "2024-01-20 14:30:53", "elapsed": 421.68156, "delta": 0.00089}}
{"target": -19.146409098923264, "params": {"colsample_bytree": 0.2874489006294195, "eta": 0.09343657413459178, "gamma": 430.8743184703244, "max_depth": 7.0, "min_child_weight": 3881.731081457888, "num_boost_round": 10.0, "subsample": 0.5164454370574523}, "datetime": {"datetime": "2024-01-20 14:30:53", "elapsed": 421.682408, "delta": 0.000848}}
{"target": -19.146437105865267, "params": {"colsample_bytree": 0.2874489006294195, "eta": 0.09343657413459178, "gamma": 430.8743184703244, "max_depth": 7.0, "min_child_weight": 3881.731081457888, "num_boost_round": 11.0, "subsample": 0.5164454370574523}, "datetime": {"datetime": "2024-01-20 14:30:53", "elapsed": 421.683313, "delta": 0.000905}}
{"target": -19.14714717802339, "params": {"colsample_bytree": 0.2874489006294195, "eta": 0.09343657413459178, "gamma": 430.8743184703244, "max_depth": 7.0, "min_child_weight": 3881.731081457888, "num_boost_round": 12.0, "subsample": 0.5164454370574523}, "datetime": {"datetime": "2024-01-20 14:30:53", "elapsed": 421.684153, "delta": 0.00084}}
{"target": -19.147927375020732, "params": {"colsample_bytree": 0.2874489006294195, "eta": 0.09343657413459178, "gamma": 430.8743184703244, "max_depth": 7.0, "min_child_weight": 3881.731081457888, "num_boost_round": 13.0, "subsample": 0.5164454370574523}, "datetime": {"datetime": "2024-01-20 14:30:53", "elapsed": 421.684998, "delta": 0.000845}}
{"target": -19.148845101651602, "params": {"colsample_bytree": 0.2874489006294195, "eta": 0.09343657413459178, "gamma": 430.8743184703244, "max_depth": 7.0, "min_child_weight": 3881.731081457888, "num_boost_round": 14.0, "subsample": 0.5164454370574523}, "datetime": {"datetime": "2024-01-20 14:30:53", "elapsed": 421.68584, "delta": 0.000842}}
{"target": -19.14987030488951, "params": {"colsample_bytree": 0.2874489006294195, "eta": 0.09343657413459178, "gamma": 430.8743184703244, "max_depth": 7.0, "min_child_weight": 3881.731081457888, "num_boost_round": 15.0, "subsample": 0.5164454370574523}, "datetime": {"datetime": "2024-01-20 14:30:53", "elapsed": 421.686768, "delta": 0.000928}}
{"target": -19.149772042863972, "params": {"colsample_bytree": 0.2874489006294195, "eta": 0.09343657413459178, "gamma": 430.8743184703244, "max_depth": 7.0, "min_child_weight": 3881.731081457888, "num_boost_round": 16.0, "subsample": 0.5164454370574523}, "datetime": {"datetime": "2024-01-20 14:30:53", "elapsed": 421.687605, "delta": 0.000837}}
{"target": -19.150643937458756, "params": {"colsample_bytree": 0.2874489006294195, "eta": 0.09343657413459178, "gamma": 430.8743184703244, "max_depth": 7.0, "min_child_weight": 3881.731081457888, "num_boost_round": 17.0, "subsample": 0.5164454370574523}, "datetime": {"datetime": "2024-01-20 14:30:53", "elapsed": 421.688446, "delta": 0.000841}}
{"target": -19.15091036918993, "params": {"colsample_bytree": 0.2874489006294195, "eta": 0.09343657413459178, "gamma": 430.8743184703244, "max_depth": 7.0, "min_child_weight": 3881.731081457888, "num_boost_round": 18.0, "subsample": 0.5164454370574523}, "datetime": {"datetime": "2024-01-20 14:30:53", "elapsed": 421.689284, "delta": 0.000838}}
{"target": -19.15151884940223, "params": {"colsample_bytree": 0.2874489006294195, "eta": 0.09343657413459178, "gamma": 430.8743184703244, "max_depth": 7.0, "min_child_weight": 3881.731081457888, "num_boost_round": 19.0, "subsample": 0.5164454370574523}, "datetime": {"datetime": "2024-01-20 14:30:53", "elapsed": 421.69013, "delta": 0.000846}}
{"target": -19.152248577956556, "params": {"colsample_bytree": 0.2874489006294195, "eta": 0.09343657413459178, "gamma": 430.8743184703244, "max_depth": 7.0, "min_child_weight": 3881.731081457888, "num_boost_round": 20.0, "subsample": 0.5164454370574523}, "datetime": {"datetime": "2024-01-20 14:30:53", "elapsed": 421.690987, "delta": 0.000857}}
{"target": -19.15329900721002, "params": {"colsample_bytree": 0.2874489006294195, "eta": 0.09343657413459178, "gamma": 430.8743184703244, "max_depth": 7.0, "min_child_weight": 3881.731081457888, "num_boost_round": 21.0, "subsample": 0.5164454370574523}, "datetime": {"datetime": "2024-01-20 14:30:53", "elapsed": 421.691838, "delta": 0.000851}}
{"target": -19.154018663376604, "params": {"colsample_bytree": 0.2874489006294195, "eta": 0.09343657413459178, "gamma": 430.8743184703244, "max_depth": 7.0, "min_child_weight": 3881.731081457888, "num_boost_round": 22.0, "subsample": 0.5164454370574523}, "datetime": {"datetime": "2024-01-20 14:30:53", "elapsed": 421.692685, "delta": 0.000847}}
{"target": -19.15367363024923, "params": {"colsample_bytree": 0.2874489006294195, "eta": 0.09343657413459178, "gamma": 430.8743184703244, "max_depth": 7.0, "min_child_weight": 3881.731081457888, "num_boost_round": 23.0, "subsample": 0.5164454370574523}, "datetime": {"datetime": "2024-01-20 14:30:53", "elapsed": 421.693542, "delta": 0.000857}}
{"target": -19.153994564574344, "params": {"colsample_bytree": 0.2874489006294195, "eta": 0.09343657413459178, "gamma": 430.8743184703244, "max_depth": 7.0, "min_child_weight": 3881.731081457888, "num_boost_round": 24.0, "subsample": 0.5164454370574523}, "datetime": {"datetime": "2024-01-20 14:30:53", "elapsed": 421.694387, "delta": 0.000845}}
{"target": -19.154472809549517, "params": {"colsample_bytree": 0.2874489006294195, "eta": 0.09343657413459178, "gamma": 430.8743184703244, "max_depth": 7.0, "min_child_weight": 3881.731081457888, "num_boost_round": 25.0, "subsample": 0.5164454370574523}, "datetime": {"datetime": "2024-01-20 14:30:53", "elapsed": 421.695288, "delta": 0.000901}}
{"target": -19.15553068273774, "params": {"colsample_bytree": 0.2874489006294195, "eta": 0.09343657413459178, "gamma": 430.8743184703244, "max_depth": 7.0, "min_child_weight": 3881.731081457888, "num_boost_round": 26.0, "subsample": 0.5164454370574523}, "datetime": {"datetime": "2024-01-20 14:30:53", "elapsed": 421.69614, "delta": 0.000852}}
{"target": -19.155970664052205, "params": {"colsample_bytree": 0.2874489006294195, "eta": 0.09343657413459178, "gamma": 430.8743184703244, "max_depth": 7.0, "min_child_weight": 3881.731081457888, "num_boost_round": 27.0, "subsample": 0.5164454370574523}, "datetime": {"datetime": "2024-01-20 14:30:53", "elapsed": 421.696991, "delta": 0.000851}}
{"target": -19.156474480125212, "params": {"colsample_bytree": 0.2874489006294195, "eta": 0.09343657413459178, "gamma": 430.8743184703244, "max_depth": 7.0, "min_child_weight": 3881.731081457888, "num_boost_round": 28.0, "subsample": 0.5164454370574523}, "datetime": {"datetime": "2024-01-20 14:30:53", "elapsed": 421.697841, "delta": 0.00085}}
{"target": -19.156715227126327, "params": {"colsample_bytree": 0.2874489006294195, "eta": 0.09343657413459178, "gamma": 430.8743184703244, "max_depth": 7.0, "min_child_weight": 3881.731081457888, "num_boost_round": 29.0, "subsample": 0.5164454370574523}, "datetime": {"datetime": "2024-01-20 14:30:53", "elapsed": 421.698688, "delta": 0.000847}}
{"target": -19.156983539521356, "params": {"colsample_bytree": 0.2874489006294195, "eta": 0.09343657413459178, "gamma": 430.8743184703244, "max_depth": 7.0, "min_child_weight": 3881.731081457888, "num_boost_round": 30.0, "subsample": 0.5164454370574523}, "datetime": {"datetime": "2024-01-20 14:30:53", "elapsed": 421.699547, "delta": 0.000859}}
{"target": -19.15779741414836, "params": {"colsample_bytree": 0.2874489006294195, "eta": 0.09343657413459178, "gamma": 430.8743184703244, "max_depth": 7.0, "min_child_weight": 3881.731081457888, "num_boost_round": 31.0, "subsample": 0.5164454370574523}, "datetime": {"datetime": "2024-01-20 14:30:53", "elapsed": 421.700397, "delta": 0.00085}}
{"target": -19.143194459025068, "params": {"colsample_bytree": 0.835488281109701, "eta": 0.0655940098633409, "gamma": 403.43508589025043, "max_depth": 4.0, "min_child_weight": 4118.962309402746, "num_boost_round": 1.0, "subsample": 0.6947681393246493}, "datetime": {"datetime": "2024-01-20 14:31:18", "elapsed": 446.839241, "delta": 25.138844}}
{"target": -19.143351878831986, "params": {"colsample_bytree": 0.835488281109701, "eta": 0.0655940098633409, "gamma": 403.43508589025043, "max_depth": 4.0, "min_child_weight": 4118.962309402746, "num_boost_round": 2.0, "subsample": 0.6947681393246493}, "datetime": {"datetime": "2024-01-20 14:31:18", "elapsed": 446.840301, "delta": 0.00106}}
{"target": -19.143591122382762, "params": {"colsample_bytree": 0.835488281109701, "eta": 0.0655940098633409, "gamma": 403.43508589025043, "max_depth": 4.0, "min_child_weight": 4118.962309402746, "num_boost_round": 3.0, "subsample": 0.6947681393246493}, "datetime": {"datetime": "2024-01-20 14:31:18", "elapsed": 446.841402, "delta": 0.001101}}
{"target": -19.143740423078228, "params": {"colsample_bytree": 0.835488281109701, "eta": 0.0655940098633409, "gamma": 403.43508589025043, "max_depth": 4.0, "min_child_weight": 4118.962309402746, "num_boost_round": 4.0, "subsample": 0.6947681393246493}, "datetime": {"datetime": "2024-01-20 14:31:18", "elapsed": 446.842582, "delta": 0.00118}}
{"target": -19.14373250065517, "params": {"colsample_bytree": 0.835488281109701, "eta": 0.0655940098633409, "gamma": 403.43508589025043, "max_depth": 4.0, "min_child_weight": 4118.962309402746, "num_boost_round": 5.0, "subsample": 0.6947681393246493}, "datetime": {"datetime": "2024-01-20 14:31:18", "elapsed": 446.844204, "delta": 0.001622}}
{"target": -19.144276923513047, "params": {"colsample_bytree": 0.835488281109701, "eta": 0.0655940098633409, "gamma": 403.43508589025043, "max_depth": 4.0, "min_child_weight": 4118.962309402746, "num_boost_round": 6.0, "subsample": 0.6947681393246493}, "datetime": {"datetime": "2024-01-20 14:31:18", "elapsed": 446.845779, "delta": 0.001575}}
{"target": -19.1445620789459, "params": {"colsample_bytree": 0.835488281109701, "eta": 0.0655940098633409, "gamma": 403.43508589025043, "max_depth": 4.0, "min_child_weight": 4118.962309402746, "num_boost_round": 7.0, "subsample": 0.6947681393246493}, "datetime": {"datetime": "2024-01-20 14:31:18", "elapsed": 446.846667, "delta": 0.000888}}
{"target": -19.145312112056626, "params": {"colsample_bytree": 0.835488281109701, "eta": 0.0655940098633409, "gamma": 403.43508589025043, "max_depth": 4.0, "min_child_weight": 4118.962309402746, "num_boost_round": 8.0, "subsample": 0.6947681393246493}, "datetime": {"datetime": "2024-01-20 14:31:18", "elapsed": 446.847623, "delta": 0.000956}}
{"target": -19.146046685297765, "params": {"colsample_bytree": 0.835488281109701, "eta": 0.0655940098633409, "gamma": 403.43508589025043, "max_depth": 4.0, "min_child_weight": 4118.962309402746, "num_boost_round": 9.0, "subsample": 0.6947681393246493}, "datetime": {"datetime": "2024-01-20 14:31:18", "elapsed": 446.848512, "delta": 0.000889}}
{"target": -19.146279890575975, "params": {"colsample_bytree": 0.835488281109701, "eta": 0.0655940098633409, "gamma": 403.43508589025043, "max_depth": 4.0, "min_child_weight": 4118.962309402746, "num_boost_round": 10.0, "subsample": 0.6947681393246493}, "datetime": {"datetime": "2024-01-20 14:31:18", "elapsed": 446.849392, "delta": 0.00088}}
{"target": -19.146847456005656, "params": {"colsample_bytree": 0.835488281109701, "eta": 0.0655940098633409, "gamma": 403.43508589025043, "max_depth": 4.0, "min_child_weight": 4118.962309402746, "num_boost_round": 11.0, "subsample": 0.6947681393246493}, "datetime": {"datetime": "2024-01-20 14:31:18", "elapsed": 446.850275, "delta": 0.000883}}
{"target": -19.14731856109217, "params": {"colsample_bytree": 0.835488281109701, "eta": 0.0655940098633409, "gamma": 403.43508589025043, "max_depth": 4.0, "min_child_weight": 4118.962309402746, "num_boost_round": 12.0, "subsample": 0.6947681393246493}, "datetime": {"datetime": "2024-01-20 14:31:18", "elapsed": 446.851159, "delta": 0.000884}}
{"target": -19.148067432916154, "params": {"colsample_bytree": 0.835488281109701, "eta": 0.0655940098633409, "gamma": 403.43508589025043, "max_depth": 4.0, "min_child_weight": 4118.962309402746, "num_boost_round": 13.0, "subsample": 0.6947681393246493}, "datetime": {"datetime": "2024-01-20 14:31:18", "elapsed": 446.852045, "delta": 0.000886}}
{"target": -19.148886693446038, "params": {"colsample_bytree": 0.835488281109701, "eta": 0.0655940098633409, "gamma": 403.43508589025043, "max_depth": 4.0, "min_child_weight": 4118.962309402746, "num_boost_round": 14.0, "subsample": 0.6947681393246493}, "datetime": {"datetime": "2024-01-20 14:31:18", "elapsed": 446.852934, "delta": 0.000889}}
