{"target": -12.34251884165202, "params": {"colsample_bytree": 0.8966605182711533, "eta": 0.04824477686627545, "gamma": 531.999628291154, "max_depth": 5.0, "min_child_weight": 4223.076488781691, "num_boost_round": 43.0, "subsample": 0.4698322075345691}, "datetime": {"datetime": "2024-01-20 16:15:34", "elapsed": 6701.217739, "delta": 0.00684}}
{"target": -12.34259367334975, "params": {"colsample_bytree": 0.8966605182711533, "eta": 0.04824477686627545, "gamma": 531.999628291154, "max_depth": 5.0, "min_child_weight": 4223.076488781691, "num_boost_round": 44.0, "subsample": 0.4698322075345691}, "datetime": {"datetime": "2024-01-20 16:15:34", "elapsed": 6701.224571, "delta": 0.006832}}
{"target": -12.342556647733726, "params": {"colsample_bytree": 0.8966605182711533, "eta": 0.04824477686627545, "gamma": 531.999628291154, "max_depth": 5.0, "min_child_weight": 4223.076488781691, "num_boost_round": 45.0, "subsample": 0.4698322075345691}, "datetime": {"datetime": "2024-01-20 16:15:34", "elapsed": 6701.231164, "delta": 0.006593}}
{"target": -12.342509136477686, "params": {"colsample_bytree": 0.8966605182711533, "eta": 0.04824477686627545, "gamma": 531.999628291154, "max_depth": 5.0, "min_child_weight": 4223.076488781691, "num_boost_round": 46.0, "subsample": 0.4698322075345691}, "datetime": {"datetime": "2024-01-20 16:15:34", "elapsed": 6701.237694, "delta": 0.00653}}
{"target": -12.342830206447887, "params": {"colsample_bytree": 0.8966605182711533, "eta": 0.04824477686627545, "gamma": 531.999628291154, "max_depth": 5.0, "min_child_weight": 4223.076488781691, "num_boost_round": 47.0, "subsample": 0.4698322075345691}, "datetime": {"datetime": "2024-01-20 16:15:34", "elapsed": 6701.244134, "delta": 0.00644}}
{"target": -12.343110433392459, "params": {"colsample_bytree": 0.8966605182711533, "eta": 0.04824477686627545, "gamma": 531.999628291154, "max_depth": 5.0, "min_child_weight": 4223.076488781691, "num_boost_round": 48.0, "subsample": 0.4698322075345691}, "datetime": {"datetime": "2024-01-20 16:15:34", "elapsed": 6701.250456, "delta": 0.006322}}
{"target": -12.343380319117905, "params": {"colsample_bytree": 0.8966605182711533, "eta": 0.04824477686627545, "gamma": 531.999628291154, "max_depth": 5.0, "min_child_weight": 4223.076488781691, "num_boost_round": 49.0, "subsample": 0.4698322075345691}, "datetime": {"datetime": "2024-01-20 16:15:34", "elapsed": 6701.256834, "delta": 0.006378}}
{"target": -12.343610841524452, "params": {"colsample_bytree": 0.8966605182711533, "eta": 0.04824477686627545, "gamma": 531.999628291154, "max_depth": 5.0, "min_child_weight": 4223.076488781691, "num_boost_round": 50.0, "subsample": 0.4698322075345691}, "datetime": {"datetime": "2024-01-20 16:15:34", "elapsed": 6701.263361, "delta": 0.006527}}
{"target": -12.343838311864069, "params": {"colsample_bytree": 0.8966605182711533, "eta": 0.04824477686627545, "gamma": 531.999628291154, "max_depth": 5.0, "min_child_weight": 4223.076488781691, "num_boost_round": 51.0, "subsample": 0.4698322075345691}, "datetime": {"datetime": "2024-01-20 16:15:34", "elapsed": 6701.269946, "delta": 0.006585}}
{"target": -12.343969440440322, "params": {"colsample_bytree": 0.8966605182711533, "eta": 0.04824477686627545, "gamma": 531.999628291154, "max_depth": 5.0, "min_child_weight": 4223.076488781691, "num_boost_round": 52.0, "subsample": 0.4698322075345691}, "datetime": {"datetime": "2024-01-20 16:15:34", "elapsed": 6701.276353, "delta": 0.006407}}
{"target": -12.344228544710084, "params": {"colsample_bytree": 0.8966605182711533, "eta": 0.04824477686627545, "gamma": 531.999628291154, "max_depth": 5.0, "min_child_weight": 4223.076488781691, "num_boost_round": 53.0, "subsample": 0.4698322075345691}, "datetime": {"datetime": "2024-01-20 16:15:35", "elapsed": 6701.282705, "delta": 0.006352}}
{"target": -12.344554301669746, "params": {"colsample_bytree": 0.8966605182711533, "eta": 0.04824477686627545, "gamma": 531.999628291154, "max_depth": 5.0, "min_child_weight": 4223.076488781691, "num_boost_round": 54.0, "subsample": 0.4698322075345691}, "datetime": {"datetime": "2024-01-20 16:15:35", "elapsed": 6701.289675, "delta": 0.00697}}
{"target": -12.344671130638304, "params": {"colsample_bytree": 0.8966605182711533, "eta": 0.04824477686627545, "gamma": 531.999628291154, "max_depth": 5.0, "min_child_weight": 4223.076488781691, "num_boost_round": 55.0, "subsample": 0.4698322075345691}, "datetime": {"datetime": "2024-01-20 16:15:35", "elapsed": 6701.296523, "delta": 0.006848}}
{"target": -12.344884557464354, "params": {"colsample_bytree": 0.8966605182711533, "eta": 0.04824477686627545, "gamma": 531.999628291154, "max_depth": 5.0, "min_child_weight": 4223.076488781691, "num_boost_round": 56.0, "subsample": 0.4698322075345691}, "datetime": {"datetime": "2024-01-20 16:15:35", "elapsed": 6701.303285, "delta": 0.006762}}
{"target": -12.345231617697753, "params": {"colsample_bytree": 0.8966605182711533, "eta": 0.04824477686627545, "gamma": 531.999628291154, "max_depth": 5.0, "min_child_weight": 4223.076488781691, "num_boost_round": 57.0, "subsample": 0.4698322075345691}, "datetime": {"datetime": "2024-01-20 16:15:35", "elapsed": 6701.309798, "delta": 0.006513}}
{"target": -12.345500656787532, "params": {"colsample_bytree": 0.8966605182711533, "eta": 0.04824477686627545, "gamma": 531.999628291154, "max_depth": 5.0, "min_child_weight": 4223.076488781691, "num_boost_round": 58.0, "subsample": 0.4698322075345691}, "datetime": {"datetime": "2024-01-20 16:15:35", "elapsed": 6701.316253, "delta": 0.006455}}
{"target": -12.345261866148018, "params": {"colsample_bytree": 0.8966605182711533, "eta": 0.04824477686627545, "gamma": 531.999628291154, "max_depth": 5.0, "min_child_weight": 4223.076488781691, "num_boost_round": 59.0, "subsample": 0.4698322075345691}, "datetime": {"datetime": "2024-01-20 16:15:35", "elapsed": 6701.322706, "delta": 0.006453}}
{"target": -12.345577747065597, "params": {"colsample_bytree": 0.8966605182711533, "eta": 0.04824477686627545, "gamma": 531.999628291154, "max_depth": 5.0, "min_child_weight": 4223.076488781691, "num_boost_round": 60.0, "subsample": 0.4698322075345691}, "datetime": {"datetime": "2024-01-20 16:15:35", "elapsed": 6701.329042, "delta": 0.006336}}
{"target": -12.345554116230304, "params": {"colsample_bytree": 0.8966605182711533, "eta": 0.04824477686627545, "gamma": 531.999628291154, "max_depth": 5.0, "min_child_weight": 4223.076488781691, "num_boost_round": 61.0, "subsample": 0.4698322075345691}, "datetime": {"datetime": "2024-01-20 16:15:35", "elapsed": 6701.335752, "delta": 0.00671}}
{"target": -12.345863571795475, "params": {"colsample_bytree": 0.8966605182711533, "eta": 0.04824477686627545, "gamma": 531.999628291154, "max_depth": 5.0, "min_child_weight": 4223.076488781691, "num_boost_round": 62.0, "subsample": 0.4698322075345691}, "datetime": {"datetime": "2024-01-20 16:15:35", "elapsed": 6701.344063, "delta": 0.008311}}
{"target": -12.346004281287449, "params": {"colsample_bytree": 0.8966605182711533, "eta": 0.04824477686627545, "gamma": 531.999628291154, "max_depth": 5.0, "min_child_weight": 4223.076488781691, "num_boost_round": 63.0, "subsample": 0.4698322075345691}, "datetime": {"datetime": "2024-01-20 16:15:35", "elapsed": 6701.352872, "delta": 0.008809}}
{"target": -12.34633458515297, "params": {"colsample_bytree": 0.8966605182711533, "eta": 0.04824477686627545, "gamma": 531.999628291154, "max_depth": 5.0, "min_child_weight": 4223.076488781691, "num_boost_round": 64.0, "subsample": 0.4698322075345691}, "datetime": {"datetime": "2024-01-20 16:15:35", "elapsed": 6701.360559, "delta": 0.007687}}
{"target": -12.34677204679319, "params": {"colsample_bytree": 0.8966605182711533, "eta": 0.04824477686627545, "gamma": 531.999628291154, "max_depth": 5.0, "min_child_weight": 4223.076488781691, "num_boost_round": 65.0, "subsample": 0.4698322075345691}, "datetime": {"datetime": "2024-01-20 16:15:35", "elapsed": 6701.367692, "delta": 0.007133}}
{"target": -12.34679811963348, "params": {"colsample_bytree": 0.8966605182711533, "eta": 0.04824477686627545, "gamma": 531.999628291154, "max_depth": 5.0, "min_child_weight": 4223.076488781691, "num_boost_round": 66.0, "subsample": 0.4698322075345691}, "datetime": {"datetime": "2024-01-20 16:15:35", "elapsed": 6701.375202, "delta": 0.00751}}
{"target": -12.346974385589014, "params": {"colsample_bytree": 0.8966605182711533, "eta": 0.04824477686627545, "gamma": 531.999628291154, "max_depth": 5.0, "min_child_weight": 4223.076488781691, "num_boost_round": 67.0, "subsample": 0.4698322075345691}, "datetime": {"datetime": "2024-01-20 16:15:35", "elapsed": 6701.382272, "delta": 0.00707}}
{"target": -12.347244753030381, "params": {"colsample_bytree": 0.8966605182711533, "eta": 0.04824477686627545, "gamma": 531.999628291154, "max_depth": 5.0, "min_child_weight": 4223.076488781691, "num_boost_round": 68.0, "subsample": 0.4698322075345691}, "datetime": {"datetime": "2024-01-20 16:15:35", "elapsed": 6701.389232, "delta": 0.00696}}
{"target": -12.347203789497936, "params": {"colsample_bytree": 0.8966605182711533, "eta": 0.04824477686627545, "gamma": 531.999628291154, "max_depth": 5.0, "min_child_weight": 4223.076488781691, "num_boost_round": 69.0, "subsample": 0.4698322075345691}, "datetime": {"datetime": "2024-01-20 16:15:35", "elapsed": 6701.396065, "delta": 0.006833}}
{"target": -12.34712251156189, "params": {"colsample_bytree": 0.8966605182711533, "eta": 0.04824477686627545, "gamma": 531.999628291154, "max_depth": 5.0, "min_child_weight": 4223.076488781691, "num_boost_round": 70.0, "subsample": 0.4698322075345691}, "datetime": {"datetime": "2024-01-20 16:15:35", "elapsed": 6701.402637, "delta": 0.006572}}
{"target": -12.347372165064272, "params": {"colsample_bytree": 0.8966605182711533, "eta": 0.04824477686627545, "gamma": 531.999628291154, "max_depth": 5.0, "min_child_weight": 4223.076488781691, "num_boost_round": 71.0, "subsample": 0.4698322075345691}, "datetime": {"datetime": "2024-01-20 16:15:35", "elapsed": 6701.409294, "delta": 0.006657}}
{"target": -12.347548254499568, "params": {"colsample_bytree": 0.8966605182711533, "eta": 0.04824477686627545, "gamma": 531.999628291154, "max_depth": 5.0, "min_child_weight": 4223.076488781691, "num_boost_round": 72.0, "subsample": 0.4698322075345691}, "datetime": {"datetime": "2024-01-20 16:15:35", "elapsed": 6701.415868, "delta": 0.006574}}
{"target": -12.347651156373734, "params": {"colsample_bytree": 0.8966605182711533, "eta": 0.04824477686627545, "gamma": 531.999628291154, "max_depth": 5.0, "min_child_weight": 4223.076488781691, "num_boost_round": 73.0, "subsample": 0.4698322075345691}, "datetime": {"datetime": "2024-01-20 16:15:35", "elapsed": 6701.422444, "delta": 0.006576}}
{"target": -12.348083844263243, "params": {"colsample_bytree": 0.8966605182711533, "eta": 0.04824477686627545, "gamma": 531.999628291154, "max_depth": 5.0, "min_child_weight": 4223.076488781691, "num_boost_round": 74.0, "subsample": 0.4698322075345691}, "datetime": {"datetime": "2024-01-20 16:15:35", "elapsed": 6701.429039, "delta": 0.006595}}
{"target": -12.348096449356582, "params": {"colsample_bytree": 0.8966605182711533, "eta": 0.04824477686627545, "gamma": 531.999628291154, "max_depth": 5.0, "min_child_weight": 4223.076488781691, "num_boost_round": 75.0, "subsample": 0.4698322075345691}, "datetime": {"datetime": "2024-01-20 16:15:35", "elapsed": 6701.437575, "delta": 0.008536}}
{"target": -12.34827295205007, "params": {"colsample_bytree": 0.8966605182711533, "eta": 0.04824477686627545, "gamma": 531.999628291154, "max_depth": 5.0, "min_child_weight": 4223.076488781691, "num_boost_round": 76.0, "subsample": 0.4698322075345691}, "datetime": {"datetime": "2024-01-20 16:15:35", "elapsed": 6701.448755, "delta": 0.01118}}
{"target": -12.348577118123718, "params": {"colsample_bytree": 0.8966605182711533, "eta": 0.04824477686627545, "gamma": 531.999628291154, "max_depth": 5.0, "min_child_weight": 4223.076488781691, "num_boost_round": 77.0, "subsample": 0.4698322075345691}, "datetime": {"datetime": "2024-01-20 16:15:35", "elapsed": 6701.457411, "delta": 0.008656}}
{"target": -12.34853511965246, "params": {"colsample_bytree": 0.8966605182711533, "eta": 0.04824477686627545, "gamma": 531.999628291154, "max_depth": 5.0, "min_child_weight": 4223.076488781691, "num_boost_round": 78.0, "subsample": 0.4698322075345691}, "datetime": {"datetime": "2024-01-20 16:15:35", "elapsed": 6701.465003, "delta": 0.007592}}
{"target": -12.348832181615322, "params": {"colsample_bytree": 0.8966605182711533, "eta": 0.04824477686627545, "gamma": 531.999628291154, "max_depth": 5.0, "min_child_weight": 4223.076488781691, "num_boost_round": 79.0, "subsample": 0.4698322075345691}, "datetime": {"datetime": "2024-01-20 16:15:35", "elapsed": 6701.471647, "delta": 0.006644}}
{"target": -12.349003214320556, "params": {"colsample_bytree": 0.8966605182711533, "eta": 0.04824477686627545, "gamma": 531.999628291154, "max_depth": 5.0, "min_child_weight": 4223.076488781691, "num_boost_round": 80.0, "subsample": 0.4698322075345691}, "datetime": {"datetime": "2024-01-20 16:15:35", "elapsed": 6701.478122, "delta": 0.006475}}
{"target": -12.349148333272193, "params": {"colsample_bytree": 0.8966605182711533, "eta": 0.04824477686627545, "gamma": 531.999628291154, "max_depth": 5.0, "min_child_weight": 4223.076488781691, "num_boost_round": 81.0, "subsample": 0.4698322075345691}, "datetime": {"datetime": "2024-01-20 16:15:35", "elapsed": 6701.48446, "delta": 0.006338}}
{"target": -12.349200914615842, "params": {"colsample_bytree": 0.8966605182711533, "eta": 0.04824477686627545, "gamma": 531.999628291154, "max_depth": 5.0, "min_child_weight": 4223.076488781691, "num_boost_round": 82.0, "subsample": 0.4698322075345691}, "datetime": {"datetime": "2024-01-20 16:15:35", "elapsed": 6701.490755, "delta": 0.006295}}
{"target": -12.349292028051005, "params": {"colsample_bytree": 0.8966605182711533, "eta": 0.04824477686627545, "gamma": 531.999628291154, "max_depth": 5.0, "min_child_weight": 4223.076488781691, "num_boost_round": 83.0, "subsample": 0.4698322075345691}, "datetime": {"datetime": "2024-01-20 16:15:35", "elapsed": 6701.496982, "delta": 0.006227}}
{"target": -12.34931423652729, "params": {"colsample_bytree": 0.8966605182711533, "eta": 0.04824477686627545, "gamma": 531.999628291154, "max_depth": 5.0, "min_child_weight": 4223.076488781691, "num_boost_round": 84.0, "subsample": 0.4698322075345691}, "datetime": {"datetime": "2024-01-20 16:15:35", "elapsed": 6701.503296, "delta": 0.006314}}
{"target": -12.349394525589856, "params": {"colsample_bytree": 0.8966605182711533, "eta": 0.04824477686627545, "gamma": 531.999628291154, "max_depth": 5.0, "min_child_weight": 4223.076488781691, "num_boost_round": 85.0, "subsample": 0.4698322075345691}, "datetime": {"datetime": "2024-01-20 16:15:35", "elapsed": 6701.510277, "delta": 0.006981}}
{"target": -12.349595597547747, "params": {"colsample_bytree": 0.8966605182711533, "eta": 0.04824477686627545, "gamma": 531.999628291154, "max_depth": 5.0, "min_child_weight": 4223.076488781691, "num_boost_round": 86.0, "subsample": 0.4698322075345691}, "datetime": {"datetime": "2024-01-20 16:15:35", "elapsed": 6701.517181, "delta": 0.006904}}
{"target": -12.349531419078028, "params": {"colsample_bytree": 0.8966605182711533, "eta": 0.04824477686627545, "gamma": 531.999628291154, "max_depth": 5.0, "min_child_weight": 4223.076488781691, "num_boost_round": 87.0, "subsample": 0.4698322075345691}, "datetime": {"datetime": "2024-01-20 16:15:35", "elapsed": 6701.524807, "delta": 0.007626}}
{"target": -12.349486768568749, "params": {"colsample_bytree": 0.8966605182711533, "eta": 0.04824477686627545, "gamma": 531.999628291154, "max_depth": 5.0, "min_child_weight": 4223.076488781691, "num_boost_round": 88.0, "subsample": 0.4698322075345691}, "datetime": {"datetime": "2024-01-20 16:15:35", "elapsed": 6701.532048, "delta": 0.007241}}
{"target": -12.349629232298403, "params": {"colsample_bytree": 0.8966605182711533, "eta": 0.04824477686627545, "gamma": 531.999628291154, "max_depth": 5.0, "min_child_weight": 4223.076488781691, "num_boost_round": 89.0, "subsample": 0.4698322075345691}, "datetime": {"datetime": "2024-01-20 16:15:35", "elapsed": 6701.538832, "delta": 0.006784}}
{"target": -12.349759211544036, "params": {"colsample_bytree": 0.8966605182711533, "eta": 0.04824477686627545, "gamma": 531.999628291154, "max_depth": 5.0, "min_child_weight": 4223.076488781691, "num_boost_round": 90.0, "subsample": 0.4698322075345691}, "datetime": {"datetime": "2024-01-20 16:15:35", "elapsed": 6701.546182, "delta": 0.00735}}
{"target": -12.349741724991192, "params": {"colsample_bytree": 0.8966605182711533, "eta": 0.04824477686627545, "gamma": 531.999628291154, "max_depth": 5.0, "min_child_weight": 4223.076488781691, "num_boost_round": 91.0, "subsample": 0.4698322075345691}, "datetime": {"datetime": "2024-01-20 16:15:35", "elapsed": 6701.553179, "delta": 0.006997}}
{"target": -12.349974406917624, "params": {"colsample_bytree": 0.8966605182711533, "eta": 0.04824477686627545, "gamma": 531.999628291154, "max_depth": 5.0, "min_child_weight": 4223.076488781691, "num_boost_round": 92.0, "subsample": 0.4698322075345691}, "datetime": {"datetime": "2024-01-20 16:15:35", "elapsed": 6701.924574, "delta": 0.371395}}
{"target": -12.350208897578243, "params": {"colsample_bytree": 0.8966605182711533, "eta": 0.04824477686627545, "gamma": 531.999628291154, "max_depth": 5.0, "min_child_weight": 4223.076488781691, "num_boost_round": 93.0, "subsample": 0.4698322075345691}, "datetime": {"datetime": "2024-01-20 16:15:35", "elapsed": 6701.933345, "delta": 0.008771}}
{"target": -12.350153234546875, "params": {"colsample_bytree": 0.8966605182711533, "eta": 0.04824477686627545, "gamma": 531.999628291154, "max_depth": 5.0, "min_child_weight": 4223.076488781691, "num_boost_round": 94.0, "subsample": 0.4698322075345691}, "datetime": {"datetime": "2024-01-20 16:15:35", "elapsed": 6701.940273, "delta": 0.006928}}
{"target": -12.350368954520267, "params": {"colsample_bytree": 0.8966605182711533, "eta": 0.04824477686627545, "gamma": 531.999628291154, "max_depth": 5.0, "min_child_weight": 4223.076488781691, "num_boost_round": 95.0, "subsample": 0.4698322075345691}, "datetime": {"datetime": "2024-01-20 16:15:35", "elapsed": 6701.946834, "delta": 0.006561}}
{"target": -12.350263159516286, "params": {"colsample_bytree": 0.8966605182711533, "eta": 0.04824477686627545, "gamma": 531.999628291154, "max_depth": 5.0, "min_child_weight": 4223.076488781691, "num_boost_round": 96.0, "subsample": 0.4698322075345691}, "datetime": {"datetime": "2024-01-20 16:15:35", "elapsed": 6701.953386, "delta": 0.006552}}
{"target": -12.350386013390377, "params": {"colsample_bytree": 0.8966605182711533, "eta": 0.04824477686627545, "gamma": 531.999628291154, "max_depth": 5.0, "min_child_weight": 4223.076488781691, "num_boost_round": 97.0, "subsample": 0.4698322075345691}, "datetime": {"datetime": "2024-01-20 16:15:35", "elapsed": 6701.960591, "delta": 0.007205}}
{"target": -12.350424359568938, "params": {"colsample_bytree": 0.8966605182711533, "eta": 0.04824477686627545, "gamma": 531.999628291154, "max_depth": 5.0, "min_child_weight": 4223.076488781691, "num_boost_round": 98.0, "subsample": 0.4698322075345691}, "datetime": {"datetime": "2024-01-20 16:15:35", "elapsed": 6701.967267, "delta": 0.006676}}
{"target": -12.350622260370091, "params": {"colsample_bytree": 0.8966605182711533, "eta": 0.04824477686627545, "gamma": 531.999628291154, "max_depth": 5.0, "min_child_weight": 4223.076488781691, "num_boost_round": 99.0, "subsample": 0.4698322075345691}, "datetime": {"datetime": "2024-01-20 16:15:35", "elapsed": 6701.973722, "delta": 0.006455}}
{"target": -12.350539117440256, "params": {"colsample_bytree": 0.8966605182711533, "eta": 0.04824477686627545, "gamma": 531.999628291154, "max_depth": 5.0, "min_child_weight": 4223.076488781691, "num_boost_round": 100.0, "subsample": 0.4698322075345691}, "datetime": {"datetime": "2024-01-20 16:15:35", "elapsed": 6701.9807, "delta": 0.006978}}
{"target": -12.350673333464878, "params": {"colsample_bytree": 0.8966605182711533, "eta": 0.04824477686627545, "gamma": 531.999628291154, "max_depth": 5.0, "min_child_weight": 4223.076488781691, "num_boost_round": 101.0, "subsample": 0.4698322075345691}, "datetime": {"datetime": "2024-01-20 16:15:35", "elapsed": 6701.987962, "delta": 0.007262}}
{"target": -12.350541731411608, "params": {"colsample_bytree": 0.8966605182711533, "eta": 0.04824477686627545, "gamma": 531.999628291154, "max_depth": 5.0, "min_child_weight": 4223.076488781691, "num_boost_round": 102.0, "subsample": 0.4698322075345691}, "datetime": {"datetime": "2024-01-20 16:15:35", "elapsed": 6701.995336, "delta": 0.007374}}
{"target": -12.350585246135607, "params": {"colsample_bytree": 0.8966605182711533, "eta": 0.04824477686627545, "gamma": 531.999628291154, "max_depth": 5.0, "min_child_weight": 4223.076488781691, "num_boost_round": 103.0, "subsample": 0.4698322075345691}, "datetime": {"datetime": "2024-01-20 16:15:35", "elapsed": 6702.002871, "delta": 0.007535}}
{"target": -12.35055700721449, "params": {"colsample_bytree": 0.8966605182711533, "eta": 0.04824477686627545, "gamma": 531.999628291154, "max_depth": 5.0, "min_child_weight": 4223.076488781691, "num_boost_round": 104.0, "subsample": 0.4698322075345691}, "datetime": {"datetime": "2024-01-20 16:15:35", "elapsed": 6702.010051, "delta": 0.00718}}
{"target": -12.350854828395114, "params": {"colsample_bytree": 0.8966605182711533, "eta": 0.04824477686627545, "gamma": 531.999628291154, "max_depth": 5.0, "min_child_weight": 4223.076488781691, "num_boost_round": 105.0, "subsample": 0.4698322075345691}, "datetime": {"datetime": "2024-01-20 16:15:35", "elapsed": 6702.017022, "delta": 0.006971}}
