{"target": -13.497271696991024, "params": {"colsample_bytree": 0.1659516115000693, "eta": 0.0263352625808604, "gamma": 487.16416952714593, "max_depth": 4.0, "min_child_weight": 4501.184928415467, "num_boost_round": 44.0, "subsample": 0.7639982117228544}, "datetime": {"datetime": "2024-01-20 16:05:41", "elapsed": 6094.812909, "delta": 0.006093}}
{"target": -13.497205195363835, "params": {"colsample_bytree": 0.1659516115000693, "eta": 0.0263352625808604, "gamma": 487.16416952714593, "max_depth": 4.0, "min_child_weight": 4501.184928415467, "num_boost_round": 45.0, "subsample": 0.7639982117228544}, "datetime": {"datetime": "2024-01-20 16:05:41", "elapsed": 6094.819643, "delta": 0.006734}}
{"target": -13.497256995334208, "params": {"colsample_bytree": 0.1659516115000693, "eta": 0.0263352625808604, "gamma": 487.16416952714593, "max_depth": 4.0, "min_child_weight": 4501.184928415467, "num_boost_round": 46.0, "subsample": 0.7639982117228544}, "datetime": {"datetime": "2024-01-20 16:05:41", "elapsed": 6094.826027, "delta": 0.006384}}
{"target": -13.497210341462797, "params": {"colsample_bytree": 0.1659516115000693, "eta": 0.0263352625808604, "gamma": 487.16416952714593, "max_depth": 4.0, "min_child_weight": 4501.184928415467, "num_boost_round": 47.0, "subsample": 0.7639982117228544}, "datetime": {"datetime": "2024-01-20 16:05:41", "elapsed": 6094.832096, "delta": 0.006069}}
{"target": -13.497201263106291, "params": {"colsample_bytree": 0.1659516115000693, "eta": 0.0263352625808604, "gamma": 487.16416952714593, "max_depth": 4.0, "min_child_weight": 4501.184928415467, "num_boost_round": 48.0, "subsample": 0.7639982117228544}, "datetime": {"datetime": "2024-01-20 16:05:41", "elapsed": 6094.838166, "delta": 0.00607}}
{"target": -13.497174670826652, "params": {"colsample_bytree": 0.1659516115000693, "eta": 0.0263352625808604, "gamma": 487.16416952714593, "max_depth": 4.0, "min_child_weight": 4501.184928415467, "num_boost_round": 49.0, "subsample": 0.7639982117228544}, "datetime": {"datetime": "2024-01-20 16:05:41", "elapsed": 6094.844239, "delta": 0.006073}}
{"target": -13.497127932875332, "params": {"colsample_bytree": 0.1659516115000693, "eta": 0.0263352625808604, "gamma": 487.16416952714593, "max_depth": 4.0, "min_child_weight": 4501.184928415467, "num_boost_round": 50.0, "subsample": 0.7639982117228544}, "datetime": {"datetime": "2024-01-20 16:05:41", "elapsed": 6094.850288, "delta": 0.006049}}
{"target": -13.497136207072739, "params": {"colsample_bytree": 0.1659516115000693, "eta": 0.0263352625808604, "gamma": 487.16416952714593, "max_depth": 4.0, "min_child_weight": 4501.184928415467, "num_boost_round": 51.0, "subsample": 0.7639982117228544}, "datetime": {"datetime": "2024-01-20 16:05:41", "elapsed": 6094.856382, "delta": 0.006094}}
{"target": -13.497186114697435, "params": {"colsample_bytree": 0.1659516115000693, "eta": 0.0263352625808604, "gamma": 487.16416952714593, "max_depth": 4.0, "min_child_weight": 4501.184928415467, "num_boost_round": 52.0, "subsample": 0.7639982117228544}, "datetime": {"datetime": "2024-01-20 16:05:41", "elapsed": 6094.86274, "delta": 0.006358}}
{"target": -13.497212545978178, "params": {"colsample_bytree": 0.1659516115000693, "eta": 0.0263352625808604, "gamma": 487.16416952714593, "max_depth": 4.0, "min_child_weight": 4501.184928415467, "num_boost_round": 53.0, "subsample": 0.7639982117228544}, "datetime": {"datetime": "2024-01-20 16:05:41", "elapsed": 6094.868897, "delta": 0.006157}}
{"target": -13.497245655493202, "params": {"colsample_bytree": 0.1659516115000693, "eta": 0.0263352625808604, "gamma": 487.16416952714593, "max_depth": 4.0, "min_child_weight": 4501.184928415467, "num_boost_round": 54.0, "subsample": 0.7639982117228544}, "datetime": {"datetime": "2024-01-20 16:05:41", "elapsed": 6095.160816, "delta": 0.291919}}
{"target": -13.497314042004561, "params": {"colsample_bytree": 0.1659516115000693, "eta": 0.0263352625808604, "gamma": 487.16416952714593, "max_depth": 4.0, "min_child_weight": 4501.184928415467, "num_boost_round": 55.0, "subsample": 0.7639982117228544}, "datetime": {"datetime": "2024-01-20 16:05:41", "elapsed": 6095.172901, "delta": 0.012085}}
{"target": -13.497343550175087, "params": {"colsample_bytree": 0.1659516115000693, "eta": 0.0263352625808604, "gamma": 487.16416952714593, "max_depth": 4.0, "min_child_weight": 4501.184928415467, "num_boost_round": 56.0, "subsample": 0.7639982117228544}, "datetime": {"datetime": "2024-01-20 16:05:41", "elapsed": 6095.180246, "delta": 0.007345}}
{"target": -13.497354490281591, "params": {"colsample_bytree": 0.1659516115000693, "eta": 0.0263352625808604, "gamma": 487.16416952714593, "max_depth": 4.0, "min_child_weight": 4501.184928415467, "num_boost_round": 57.0, "subsample": 0.7639982117228544}, "datetime": {"datetime": "2024-01-20 16:05:41", "elapsed": 6095.186697, "delta": 0.006451}}
{"target": -13.497333007924375, "params": {"colsample_bytree": 0.1659516115000693, "eta": 0.0263352625808604, "gamma": 487.16416952714593, "max_depth": 4.0, "min_child_weight": 4501.184928415467, "num_boost_round": 58.0, "subsample": 0.7639982117228544}, "datetime": {"datetime": "2024-01-20 16:05:41", "elapsed": 6095.193015, "delta": 0.006318}}
{"target": -13.497359975776252, "params": {"colsample_bytree": 0.1659516115000693, "eta": 0.0263352625808604, "gamma": 487.16416952714593, "max_depth": 4.0, "min_child_weight": 4501.184928415467, "num_boost_round": 59.0, "subsample": 0.7639982117228544}, "datetime": {"datetime": "2024-01-20 16:05:41", "elapsed": 6095.199224, "delta": 0.006209}}
{"target": -13.497350682993686, "params": {"colsample_bytree": 0.1659516115000693, "eta": 0.0263352625808604, "gamma": 487.16416952714593, "max_depth": 4.0, "min_child_weight": 4501.184928415467, "num_boost_round": 60.0, "subsample": 0.7639982117228544}, "datetime": {"datetime": "2024-01-20 16:05:41", "elapsed": 6095.205413, "delta": 0.006189}}
{"target": -13.497359272515304, "params": {"colsample_bytree": 0.1659516115000693, "eta": 0.0263352625808604, "gamma": 487.16416952714593, "max_depth": 4.0, "min_child_weight": 4501.184928415467, "num_boost_round": 61.0, "subsample": 0.7639982117228544}, "datetime": {"datetime": "2024-01-20 16:05:41", "elapsed": 6095.211771, "delta": 0.006358}}
{"target": -13.497433853737512, "params": {"colsample_bytree": 0.1659516115000693, "eta": 0.0263352625808604, "gamma": 487.16416952714593, "max_depth": 4.0, "min_child_weight": 4501.184928415467, "num_boost_round": 62.0, "subsample": 0.7639982117228544}, "datetime": {"datetime": "2024-01-20 16:05:41", "elapsed": 6095.21803, "delta": 0.006259}}
{"target": -13.49746399088598, "params": {"colsample_bytree": 0.1659516115000693, "eta": 0.0263352625808604, "gamma": 487.16416952714593, "max_depth": 4.0, "min_child_weight": 4501.184928415467, "num_boost_round": 63.0, "subsample": 0.7639982117228544}, "datetime": {"datetime": "2024-01-20 16:05:41", "elapsed": 6095.224868, "delta": 0.006838}}
{"target": -13.497480438225203, "params": {"colsample_bytree": 0.1659516115000693, "eta": 0.0263352625808604, "gamma": 487.16416952714593, "max_depth": 4.0, "min_child_weight": 4501.184928415467, "num_boost_round": 64.0, "subsample": 0.7639982117228544}, "datetime": {"datetime": "2024-01-20 16:05:41", "elapsed": 6095.231195, "delta": 0.006327}}
{"target": -13.49772643725608, "params": {"colsample_bytree": 0.14348277321048383, "eta": 0.09922562854209252, "gamma": 510.09901145542335, "max_depth": 9.0, "min_child_weight": 4556.448812788911, "num_boost_round": 1.0, "subsample": 0.9872560856623196}, "datetime": {"datetime": "2024-01-20 16:07:39", "elapsed": 6213.145687, "delta": 117.914492}}
{"target": -13.498100081733542, "params": {"colsample_bytree": 0.14348277321048383, "eta": 0.09922562854209252, "gamma": 510.09901145542335, "max_depth": 9.0, "min_child_weight": 4556.448812788911, "num_boost_round": 2.0, "subsample": 0.9872560856623196}, "datetime": {"datetime": "2024-01-20 16:07:39", "elapsed": 6213.152685, "delta": 0.006998}}
{"target": -13.49809217946926, "params": {"colsample_bytree": 0.14348277321048383, "eta": 0.09922562854209252, "gamma": 510.09901145542335, "max_depth": 9.0, "min_child_weight": 4556.448812788911, "num_boost_round": 3.0, "subsample": 0.9872560856623196}, "datetime": {"datetime": "2024-01-20 16:07:39", "elapsed": 6213.158487, "delta": 0.005802}}
{"target": -13.498643720600146, "params": {"colsample_bytree": 0.14348277321048383, "eta": 0.09922562854209252, "gamma": 510.09901145542335, "max_depth": 9.0, "min_child_weight": 4556.448812788911, "num_boost_round": 4.0, "subsample": 0.9872560856623196}, "datetime": {"datetime": "2024-01-20 16:07:39", "elapsed": 6213.164241, "delta": 0.005754}}
{"target": -13.499221027772338, "params": {"colsample_bytree": 0.14348277321048383, "eta": 0.09922562854209252, "gamma": 510.09901145542335, "max_depth": 9.0, "min_child_weight": 4556.448812788911, "num_boost_round": 5.0, "subsample": 0.9872560856623196}, "datetime": {"datetime": "2024-01-20 16:07:39", "elapsed": 6213.169973, "delta": 0.005732}}
{"target": -13.499372524122927, "params": {"colsample_bytree": 0.14348277321048383, "eta": 0.09922562854209252, "gamma": 510.09901145542335, "max_depth": 9.0, "min_child_weight": 4556.448812788911, "num_boost_round": 6.0, "subsample": 0.9872560856623196}, "datetime": {"datetime": "2024-01-20 16:07:39", "elapsed": 6213.175822, "delta": 0.005849}}
{"target": -13.499868840766288, "params": {"colsample_bytree": 0.14348277321048383, "eta": 0.09922562854209252, "gamma": 510.09901145542335, "max_depth": 9.0, "min_child_weight": 4556.448812788911, "num_boost_round": 7.0, "subsample": 0.9872560856623196}, "datetime": {"datetime": "2024-01-20 16:07:39", "elapsed": 6213.1815, "delta": 0.005678}}
{"target": -13.500139928407332, "params": {"colsample_bytree": 0.14348277321048383, "eta": 0.09922562854209252, "gamma": 510.09901145542335, "max_depth": 9.0, "min_child_weight": 4556.448812788911, "num_boost_round": 8.0, "subsample": 0.9872560856623196}, "datetime": {"datetime": "2024-01-20 16:07:39", "elapsed": 6213.187201, "delta": 0.005701}}
{"target": -13.500256522831808, "params": {"colsample_bytree": 0.14348277321048383, "eta": 0.09922562854209252, "gamma": 510.09901145542335, "max_depth": 9.0, "min_child_weight": 4556.448812788911, "num_boost_round": 9.0, "subsample": 0.9872560856623196}, "datetime": {"datetime": "2024-01-20 16:07:39", "elapsed": 6213.193063, "delta": 0.005862}}
{"target": -13.500105154549725, "params": {"colsample_bytree": 0.14348277321048383, "eta": 0.09922562854209252, "gamma": 510.09901145542335, "max_depth": 9.0, "min_child_weight": 4556.448812788911, "num_boost_round": 10.0, "subsample": 0.9872560856623196}, "datetime": {"datetime": "2024-01-20 16:07:39", "elapsed": 6213.198856, "delta": 0.005793}}
{"target": -13.500234104448271, "params": {"colsample_bytree": 0.14348277321048383, "eta": 0.09922562854209252, "gamma": 510.09901145542335, "max_depth": 9.0, "min_child_weight": 4556.448812788911, "num_boost_round": 11.0, "subsample": 0.9872560856623196}, "datetime": {"datetime": "2024-01-20 16:07:39", "elapsed": 6213.204682, "delta": 0.005826}}
{"target": -13.500304431603244, "params": {"colsample_bytree": 0.14348277321048383, "eta": 0.09922562854209252, "gamma": 510.09901145542335, "max_depth": 9.0, "min_child_weight": 4556.448812788911, "num_boost_round": 12.0, "subsample": 0.9872560856623196}, "datetime": {"datetime": "2024-01-20 16:07:39", "elapsed": 6213.210416, "delta": 0.005734}}
{"target": -13.500606316454931, "params": {"colsample_bytree": 0.14348277321048383, "eta": 0.09922562854209252, "gamma": 510.09901145542335, "max_depth": 9.0, "min_child_weight": 4556.448812788911, "num_boost_round": 13.0, "subsample": 0.9872560856623196}, "datetime": {"datetime": "2024-01-20 16:07:39", "elapsed": 6213.216435, "delta": 0.006019}}
{"target": -13.500385033603237, "params": {"colsample_bytree": 0.14348277321048383, "eta": 0.09922562854209252, "gamma": 510.09901145542335, "max_depth": 9.0, "min_child_weight": 4556.448812788911, "num_boost_round": 14.0, "subsample": 0.9872560856623196}, "datetime": {"datetime": "2024-01-20 16:07:39", "elapsed": 6213.222349, "delta": 0.005914}}
{"target": -13.500443729945454, "params": {"colsample_bytree": 0.14348277321048383, "eta": 0.09922562854209252, "gamma": 510.09901145542335, "max_depth": 9.0, "min_child_weight": 4556.448812788911, "num_boost_round": 15.0, "subsample": 0.9872560856623196}, "datetime": {"datetime": "2024-01-20 16:07:39", "elapsed": 6213.232027, "delta": 0.009678}}
{"target": -13.500507219786945, "params": {"colsample_bytree": 0.14348277321048383, "eta": 0.09922562854209252, "gamma": 510.09901145542335, "max_depth": 9.0, "min_child_weight": 4556.448812788911, "num_boost_round": 16.0, "subsample": 0.9872560856623196}, "datetime": {"datetime": "2024-01-20 16:07:39", "elapsed": 6213.241002, "delta": 0.008975}}
{"target": -13.50052007147389, "params": {"colsample_bytree": 0.14348277321048383, "eta": 0.09922562854209252, "gamma": 510.09901145542335, "max_depth": 9.0, "min_child_weight": 4556.448812788911, "num_boost_round": 17.0, "subsample": 0.9872560856623196}, "datetime": {"datetime": "2024-01-20 16:07:39", "elapsed": 6213.248005, "delta": 0.007003}}
{"target": -13.501285910786011, "params": {"colsample_bytree": 0.14348277321048383, "eta": 0.09922562854209252, "gamma": 510.09901145542335, "max_depth": 9.0, "min_child_weight": 4556.448812788911, "num_boost_round": 18.0, "subsample": 0.9872560856623196}, "datetime": {"datetime": "2024-01-20 16:07:39", "elapsed": 6213.253799, "delta": 0.005794}}
{"target": -13.502082647309813, "params": {"colsample_bytree": 0.14348277321048383, "eta": 0.09922562854209252, "gamma": 510.09901145542335, "max_depth": 9.0, "min_child_weight": 4556.448812788911, "num_boost_round": 19.0, "subsample": 0.9872560856623196}, "datetime": {"datetime": "2024-01-20 16:07:39", "elapsed": 6213.25953, "delta": 0.005731}}
{"target": -13.502614057875466, "params": {"colsample_bytree": 0.14348277321048383, "eta": 0.09922562854209252, "gamma": 510.09901145542335, "max_depth": 9.0, "min_child_weight": 4556.448812788911, "num_boost_round": 20.0, "subsample": 0.9872560856623196}, "datetime": {"datetime": "2024-01-20 16:07:39", "elapsed": 6213.265249, "delta": 0.005719}}
{"target": -13.50261853055138, "params": {"colsample_bytree": 0.14348277321048383, "eta": 0.09922562854209252, "gamma": 510.09901145542335, "max_depth": 9.0, "min_child_weight": 4556.448812788911, "num_boost_round": 21.0, "subsample": 0.9872560856623196}, "datetime": {"datetime": "2024-01-20 16:07:39", "elapsed": 6213.270931, "delta": 0.005682}}
{"target": -13.5023533565034, "params": {"colsample_bytree": 0.14348277321048383, "eta": 0.09922562854209252, "gamma": 510.09901145542335, "max_depth": 9.0, "min_child_weight": 4556.448812788911, "num_boost_round": 22.0, "subsample": 0.9872560856623196}, "datetime": {"datetime": "2024-01-20 16:07:39", "elapsed": 6213.276873, "delta": 0.005942}}
{"target": -13.502954685793155, "params": {"colsample_bytree": 0.14348277321048383, "eta": 0.09922562854209252, "gamma": 510.09901145542335, "max_depth": 9.0, "min_child_weight": 4556.448812788911, "num_boost_round": 23.0, "subsample": 0.9872560856623196}, "datetime": {"datetime": "2024-01-20 16:07:39", "elapsed": 6213.28258, "delta": 0.005707}}
{"target": -13.502786894691233, "params": {"colsample_bytree": 0.14348277321048383, "eta": 0.09922562854209252, "gamma": 510.09901145542335, "max_depth": 9.0, "min_child_weight": 4556.448812788911, "num_boost_round": 24.0, "subsample": 0.9872560856623196}, "datetime": {"datetime": "2024-01-20 16:07:39", "elapsed": 6213.288289, "delta": 0.005709}}
{"target": -13.503159983491681, "params": {"colsample_bytree": 0.14348277321048383, "eta": 0.09922562854209252, "gamma": 510.09901145542335, "max_depth": 9.0, "min_child_weight": 4556.448812788911, "num_boost_round": 25.0, "subsample": 0.9872560856623196}, "datetime": {"datetime": "2024-01-20 16:07:39", "elapsed": 6213.2941, "delta": 0.005811}}
{"target": -13.503430630040302, "params": {"colsample_bytree": 0.14348277321048383, "eta": 0.09922562854209252, "gamma": 510.09901145542335, "max_depth": 9.0, "min_child_weight": 4556.448812788911, "num_boost_round": 26.0, "subsample": 0.9872560856623196}, "datetime": {"datetime": "2024-01-20 16:07:39", "elapsed": 6213.299914, "delta": 0.005814}}
{"target": -13.503854484952614, "params": {"colsample_bytree": 0.14348277321048383, "eta": 0.09922562854209252, "gamma": 510.09901145542335, "max_depth": 9.0, "min_child_weight": 4556.448812788911, "num_boost_round": 27.0, "subsample": 0.9872560856623196}, "datetime": {"datetime": "2024-01-20 16:07:39", "elapsed": 6213.305635, "delta": 0.005721}}
{"target": -13.504396158743056, "params": {"colsample_bytree": 0.14348277321048383, "eta": 0.09922562854209252, "gamma": 510.09901145542335, "max_depth": 9.0, "min_child_weight": 4556.448812788911, "num_boost_round": 28.0, "subsample": 0.9872560856623196}, "datetime": {"datetime": "2024-01-20 16:07:39", "elapsed": 6213.311517, "delta": 0.005882}}
{"target": -13.504076482465075, "params": {"colsample_bytree": 0.14348277321048383, "eta": 0.09922562854209252, "gamma": 510.09901145542335, "max_depth": 9.0, "min_child_weight": 4556.448812788911, "num_boost_round": 29.0, "subsample": 0.9872560856623196}, "datetime": {"datetime": "2024-01-20 16:07:39", "elapsed": 6213.317333, "delta": 0.005816}}
{"target": -13.504077565939589, "params": {"colsample_bytree": 0.14348277321048383, "eta": 0.09922562854209252, "gamma": 510.09901145542335, "max_depth": 9.0, "min_child_weight": 4556.448812788911, "num_boost_round": 30.0, "subsample": 0.9872560856623196}, "datetime": {"datetime": "2024-01-20 16:07:39", "elapsed": 6213.323059, "delta": 0.005726}}
{"target": -13.504330433468748, "params": {"colsample_bytree": 0.14348277321048383, "eta": 0.09922562854209252, "gamma": 510.09901145542335, "max_depth": 9.0, "min_child_weight": 4556.448812788911, "num_boost_round": 31.0, "subsample": 0.9872560856623196}, "datetime": {"datetime": "2024-01-20 16:07:39", "elapsed": 6213.328786, "delta": 0.005727}}
{"target": -13.504420945213802, "params": {"colsample_bytree": 0.14348277321048383, "eta": 0.09922562854209252, "gamma": 510.09901145542335, "max_depth": 9.0, "min_child_weight": 4556.448812788911, "num_boost_round": 32.0, "subsample": 0.9872560856623196}, "datetime": {"datetime": "2024-01-20 16:07:39", "elapsed": 6213.334838, "delta": 0.006052}}
{"target": -13.504649791317531, "params": {"colsample_bytree": 0.14348277321048383, "eta": 0.09922562854209252, "gamma": 510.09901145542335, "max_depth": 9.0, "min_child_weight": 4556.448812788911, "num_boost_round": 33.0, "subsample": 0.9872560856623196}, "datetime": {"datetime": "2024-01-20 16:07:39", "elapsed": 6213.340736, "delta": 0.005898}}
{"target": -13.504493798645951, "params": {"colsample_bytree": 0.14348277321048383, "eta": 0.09922562854209252, "gamma": 510.09901145542335, "max_depth": 9.0, "min_child_weight": 4556.448812788911, "num_boost_round": 34.0, "subsample": 0.9872560856623196}, "datetime": {"datetime": "2024-01-20 16:07:39", "elapsed": 6213.346581, "delta": 0.005845}}
{"target": -13.505231767224744, "params": {"colsample_bytree": 0.14348277321048383, "eta": 0.09922562854209252, "gamma": 510.09901145542335, "max_depth": 9.0, "min_child_weight": 4556.448812788911, "num_boost_round": 35.0, "subsample": 0.9872560856623196}, "datetime": {"datetime": "2024-01-20 16:07:39", "elapsed": 6213.352929, "delta": 0.006348}}
{"target": -13.505271938709516, "params": {"colsample_bytree": 0.14348277321048383, "eta": 0.09922562854209252, "gamma": 510.09901145542335, "max_depth": 9.0, "min_child_weight": 4556.448812788911, "num_boost_round": 36.0, "subsample": 0.9872560856623196}, "datetime": {"datetime": "2024-01-20 16:07:39", "elapsed": 6213.358817, "delta": 0.005888}}
{"target": -13.505583819065901, "params": {"colsample_bytree": 0.14348277321048383, "eta": 0.09922562854209252, "gamma": 510.09901145542335, "max_depth": 9.0, "min_child_weight": 4556.448812788911, "num_boost_round": 37.0, "subsample": 0.9872560856623196}, "datetime": {"datetime": "2024-01-20 16:07:39", "elapsed": 6213.36452, "delta": 0.005703}}
{"target": -13.506187429061791, "params": {"colsample_bytree": 0.14348277321048383, "eta": 0.09922562854209252, "gamma": 510.09901145542335, "max_depth": 9.0, "min_child_weight": 4556.448812788911, "num_boost_round": 38.0, "subsample": 0.9872560856623196}, "datetime": {"datetime": "2024-01-20 16:07:39", "elapsed": 6213.370233, "delta": 0.005713}}
{"target": -13.507206529413459, "params": {"colsample_bytree": 0.14348277321048383, "eta": 0.09922562854209252, "gamma": 510.09901145542335, "max_depth": 9.0, "min_child_weight": 4556.448812788911, "num_boost_round": 39.0, "subsample": 0.9872560856623196}, "datetime": {"datetime": "2024-01-20 16:07:39", "elapsed": 6213.376139, "delta": 0.005906}}
{"target": -13.507293303762772, "params": {"colsample_bytree": 0.14348277321048383, "eta": 0.09922562854209252, "gamma": 510.09901145542335, "max_depth": 9.0, "min_child_weight": 4556.448812788911, "num_boost_round": 40.0, "subsample": 0.9872560856623196}, "datetime": {"datetime": "2024-01-20 16:07:39", "elapsed": 6213.381926, "delta": 0.005787}}
{"target": -13.507436798183871, "params": {"colsample_bytree": 0.14348277321048383, "eta": 0.09922562854209252, "gamma": 510.09901145542335, "max_depth": 9.0, "min_child_weight": 4556.448812788911, "num_boost_round": 41.0, "subsample": 0.9872560856623196}, "datetime": {"datetime": "2024-01-20 16:07:39", "elapsed": 6213.387644, "delta": 0.005718}}
{"target": -13.50780216819122, "params": {"colsample_bytree": 0.14348277321048383, "eta": 0.09922562854209252, "gamma": 510.09901145542335, "max_depth": 9.0, "min_child_weight": 4556.448812788911, "num_boost_round": 42.0, "subsample": 0.9872560856623196}, "datetime": {"datetime": "2024-01-20 16:07:39", "elapsed": 6213.393662, "delta": 0.006018}}
