{"target": -15.166356006636171, "params": {"colsample_bytree": 0.12244108281348891, "eta": 0.02059285346158614, "gamma": 450.12263666172305, "max_depth": 5.0, "min_child_weight": 4389.472091412409, "num_boost_round": 34.0, "subsample": 0.6062846509865657}, "datetime": {"datetime": "2024-01-20 14:55:10", "elapsed": 1868.430673, "delta": 0.00266}}
{"target": -15.165944770490324, "params": {"colsample_bytree": 0.12244108281348891, "eta": 0.02059285346158614, "gamma": 450.12263666172305, "max_depth": 5.0, "min_child_weight": 4389.472091412409, "num_boost_round": 35.0, "subsample": 0.6062846509865657}, "datetime": {"datetime": "2024-01-20 14:55:10", "elapsed": 1868.433348, "delta": 0.002675}}
{"target": -15.165874394252665, "params": {"colsample_bytree": 0.12244108281348891, "eta": 0.02059285346158614, "gamma": 450.12263666172305, "max_depth": 5.0, "min_child_weight": 4389.472091412409, "num_boost_round": 36.0, "subsample": 0.6062846509865657}, "datetime": {"datetime": "2024-01-20 14:55:10", "elapsed": 1868.436002, "delta": 0.002654}}
{"target": -15.165448638957443, "params": {"colsample_bytree": 0.12244108281348891, "eta": 0.02059285346158614, "gamma": 450.12263666172305, "max_depth": 5.0, "min_child_weight": 4389.472091412409, "num_boost_round": 37.0, "subsample": 0.6062846509865657}, "datetime": {"datetime": "2024-01-20 14:55:10", "elapsed": 1868.43871, "delta": 0.002708}}
{"target": -15.165461562194855, "params": {"colsample_bytree": 0.12244108281348891, "eta": 0.02059285346158614, "gamma": 450.12263666172305, "max_depth": 5.0, "min_child_weight": 4389.472091412409, "num_boost_round": 38.0, "subsample": 0.6062846509865657}, "datetime": {"datetime": "2024-01-20 14:55:11", "elapsed": 1868.441457, "delta": 0.002747}}
{"target": -15.165470900363111, "params": {"colsample_bytree": 0.12244108281348891, "eta": 0.02059285346158614, "gamma": 450.12263666172305, "max_depth": 5.0, "min_child_weight": 4389.472091412409, "num_boost_round": 39.0, "subsample": 0.6062846509865657}, "datetime": {"datetime": "2024-01-20 14:55:11", "elapsed": 1868.444182, "delta": 0.002725}}
{"target": -15.16535668073017, "params": {"colsample_bytree": 0.12244108281348891, "eta": 0.02059285346158614, "gamma": 450.12263666172305, "max_depth": 5.0, "min_child_weight": 4389.472091412409, "num_boost_round": 40.0, "subsample": 0.6062846509865657}, "datetime": {"datetime": "2024-01-20 14:55:11", "elapsed": 1868.446944, "delta": 0.002762}}
{"target": -15.1652922225915, "params": {"colsample_bytree": 0.12244108281348891, "eta": 0.02059285346158614, "gamma": 450.12263666172305, "max_depth": 5.0, "min_child_weight": 4389.472091412409, "num_boost_round": 41.0, "subsample": 0.6062846509865657}, "datetime": {"datetime": "2024-01-20 14:55:11", "elapsed": 1868.449734, "delta": 0.00279}}
{"target": -15.165351688099012, "params": {"colsample_bytree": 0.12244108281348891, "eta": 0.02059285346158614, "gamma": 450.12263666172305, "max_depth": 5.0, "min_child_weight": 4389.472091412409, "num_boost_round": 42.0, "subsample": 0.6062846509865657}, "datetime": {"datetime": "2024-01-20 14:55:11", "elapsed": 1868.452539, "delta": 0.002805}}
{"target": -15.164865990589824, "params": {"colsample_bytree": 0.12244108281348891, "eta": 0.02059285346158614, "gamma": 450.12263666172305, "max_depth": 5.0, "min_child_weight": 4389.472091412409, "num_boost_round": 43.0, "subsample": 0.6062846509865657}, "datetime": {"datetime": "2024-01-20 14:55:11", "elapsed": 1868.455356, "delta": 0.002817}}
{"target": -15.16489871976487, "params": {"colsample_bytree": 0.12244108281348891, "eta": 0.02059285346158614, "gamma": 450.12263666172305, "max_depth": 5.0, "min_child_weight": 4389.472091412409, "num_boost_round": 44.0, "subsample": 0.6062846509865657}, "datetime": {"datetime": "2024-01-20 14:55:11", "elapsed": 1868.458133, "delta": 0.002777}}
{"target": -15.164887979443893, "params": {"colsample_bytree": 0.12244108281348891, "eta": 0.02059285346158614, "gamma": 450.12263666172305, "max_depth": 5.0, "min_child_weight": 4389.472091412409, "num_boost_round": 45.0, "subsample": 0.6062846509865657}, "datetime": {"datetime": "2024-01-20 14:55:11", "elapsed": 1868.460894, "delta": 0.002761}}
{"target": -15.164778797903686, "params": {"colsample_bytree": 0.12244108281348891, "eta": 0.02059285346158614, "gamma": 450.12263666172305, "max_depth": 5.0, "min_child_weight": 4389.472091412409, "num_boost_round": 46.0, "subsample": 0.6062846509865657}, "datetime": {"datetime": "2024-01-20 14:55:11", "elapsed": 1868.463645, "delta": 0.002751}}
{"target": -15.164311739053218, "params": {"colsample_bytree": 0.12244108281348891, "eta": 0.02059285346158614, "gamma": 450.12263666172305, "max_depth": 5.0, "min_child_weight": 4389.472091412409, "num_boost_round": 47.0, "subsample": 0.6062846509865657}, "datetime": {"datetime": "2024-01-20 14:55:11", "elapsed": 1868.466403, "delta": 0.002758}}
{"target": -15.164361735944707, "params": {"colsample_bytree": 0.12244108281348891, "eta": 0.02059285346158614, "gamma": 450.12263666172305, "max_depth": 5.0, "min_child_weight": 4389.472091412409, "num_boost_round": 48.0, "subsample": 0.6062846509865657}, "datetime": {"datetime": "2024-01-20 14:55:11", "elapsed": 1868.469163, "delta": 0.00276}}
{"target": -15.164403733928529, "params": {"colsample_bytree": 0.12244108281348891, "eta": 0.02059285346158614, "gamma": 450.12263666172305, "max_depth": 5.0, "min_child_weight": 4389.472091412409, "num_boost_round": 49.0, "subsample": 0.6062846509865657}, "datetime": {"datetime": "2024-01-20 14:55:11", "elapsed": 1868.471887, "delta": 0.002724}}
{"target": -15.16447157053646, "params": {"colsample_bytree": 0.12244108281348891, "eta": 0.02059285346158614, "gamma": 450.12263666172305, "max_depth": 5.0, "min_child_weight": 4389.472091412409, "num_boost_round": 50.0, "subsample": 0.6062846509865657}, "datetime": {"datetime": "2024-01-20 14:55:11", "elapsed": 1868.474684, "delta": 0.002797}}
{"target": -15.164497405155295, "params": {"colsample_bytree": 0.12244108281348891, "eta": 0.02059285346158614, "gamma": 450.12263666172305, "max_depth": 5.0, "min_child_weight": 4389.472091412409, "num_boost_round": 51.0, "subsample": 0.6062846509865657}, "datetime": {"datetime": "2024-01-20 14:55:11", "elapsed": 1868.477547, "delta": 0.002863}}
{"target": -15.164537901658612, "params": {"colsample_bytree": 0.12244108281348891, "eta": 0.02059285346158614, "gamma": 450.12263666172305, "max_depth": 5.0, "min_child_weight": 4389.472091412409, "num_boost_round": 52.0, "subsample": 0.6062846509865657}, "datetime": {"datetime": "2024-01-20 14:55:11", "elapsed": 1868.480479, "delta": 0.002932}}
{"target": -15.16426289489203, "params": {"colsample_bytree": 0.12244108281348891, "eta": 0.02059285346158614, "gamma": 450.12263666172305, "max_depth": 5.0, "min_child_weight": 4389.472091412409, "num_boost_round": 53.0, "subsample": 0.6062846509865657}, "datetime": {"datetime": "2024-01-20 14:55:11", "elapsed": 1868.483309, "delta": 0.00283}}
{"target": -15.164181478582409, "params": {"colsample_bytree": 0.12244108281348891, "eta": 0.02059285346158614, "gamma": 450.12263666172305, "max_depth": 5.0, "min_child_weight": 4389.472091412409, "num_boost_round": 54.0, "subsample": 0.6062846509865657}, "datetime": {"datetime": "2024-01-20 14:55:11", "elapsed": 1868.486075, "delta": 0.002766}}
{"target": -15.164075194604685, "params": {"colsample_bytree": 0.12244108281348891, "eta": 0.02059285346158614, "gamma": 450.12263666172305, "max_depth": 5.0, "min_child_weight": 4389.472091412409, "num_boost_round": 55.0, "subsample": 0.6062846509865657}, "datetime": {"datetime": "2024-01-20 14:55:11", "elapsed": 1868.4888, "delta": 0.002725}}
{"target": -15.163497701802402, "params": {"colsample_bytree": 0.12244108281348891, "eta": 0.02059285346158614, "gamma": 450.12263666172305, "max_depth": 5.0, "min_child_weight": 4389.472091412409, "num_boost_round": 56.0, "subsample": 0.6062846509865657}, "datetime": {"datetime": "2024-01-20 14:55:11", "elapsed": 1868.491522, "delta": 0.002722}}
{"target": -15.163675574495642, "params": {"colsample_bytree": 0.12244108281348891, "eta": 0.02059285346158614, "gamma": 450.12263666172305, "max_depth": 5.0, "min_child_weight": 4389.472091412409, "num_boost_round": 57.0, "subsample": 0.6062846509865657}, "datetime": {"datetime": "2024-01-20 14:55:11", "elapsed": 1868.494273, "delta": 0.002751}}
{"target": -15.163696488336377, "params": {"colsample_bytree": 0.12244108281348891, "eta": 0.02059285346158614, "gamma": 450.12263666172305, "max_depth": 5.0, "min_child_weight": 4389.472091412409, "num_boost_round": 58.0, "subsample": 0.6062846509865657}, "datetime": {"datetime": "2024-01-20 14:55:11", "elapsed": 1868.496977, "delta": 0.002704}}
{"target": -15.163371025862073, "params": {"colsample_bytree": 0.12244108281348891, "eta": 0.02059285346158614, "gamma": 450.12263666172305, "max_depth": 5.0, "min_child_weight": 4389.472091412409, "num_boost_round": 59.0, "subsample": 0.6062846509865657}, "datetime": {"datetime": "2024-01-20 14:55:11", "elapsed": 1868.499691, "delta": 0.002714}}
{"target": -15.163371508641426, "params": {"colsample_bytree": 0.12244108281348891, "eta": 0.02059285346158614, "gamma": 450.12263666172305, "max_depth": 5.0, "min_child_weight": 4389.472091412409, "num_boost_round": 60.0, "subsample": 0.6062846509865657}, "datetime": {"datetime": "2024-01-20 14:55:11", "elapsed": 1868.503065, "delta": 0.003374}}
{"target": -15.163395922195892, "params": {"colsample_bytree": 0.12244108281348891, "eta": 0.02059285346158614, "gamma": 450.12263666172305, "max_depth": 5.0, "min_child_weight": 4389.472091412409, "num_boost_round": 61.0, "subsample": 0.6062846509865657}, "datetime": {"datetime": "2024-01-20 14:55:11", "elapsed": 1868.506138, "delta": 0.003073}}
{"target": -15.163515339126453, "params": {"colsample_bytree": 0.12244108281348891, "eta": 0.02059285346158614, "gamma": 450.12263666172305, "max_depth": 5.0, "min_child_weight": 4389.472091412409, "num_boost_round": 62.0, "subsample": 0.6062846509865657}, "datetime": {"datetime": "2024-01-20 14:55:11", "elapsed": 1868.509006, "delta": 0.002868}}
{"target": -15.163514177632806, "params": {"colsample_bytree": 0.12244108281348891, "eta": 0.02059285346158614, "gamma": 450.12263666172305, "max_depth": 5.0, "min_child_weight": 4389.472091412409, "num_boost_round": 63.0, "subsample": 0.6062846509865657}, "datetime": {"datetime": "2024-01-20 14:55:11", "elapsed": 1868.511815, "delta": 0.002809}}
{"target": -15.163506025027168, "params": {"colsample_bytree": 0.12244108281348891, "eta": 0.02059285346158614, "gamma": 450.12263666172305, "max_depth": 5.0, "min_child_weight": 4389.472091412409, "num_boost_round": 64.0, "subsample": 0.6062846509865657}, "datetime": {"datetime": "2024-01-20 14:55:11", "elapsed": 1868.514716, "delta": 0.002901}}
{"target": -15.163502784996234, "params": {"colsample_bytree": 0.12244108281348891, "eta": 0.02059285346158614, "gamma": 450.12263666172305, "max_depth": 5.0, "min_child_weight": 4389.472091412409, "num_boost_round": 65.0, "subsample": 0.6062846509865657}, "datetime": {"datetime": "2024-01-20 14:55:11", "elapsed": 1868.517506, "delta": 0.00279}}
{"target": -15.16371125180291, "params": {"colsample_bytree": 0.12244108281348891, "eta": 0.02059285346158614, "gamma": 450.12263666172305, "max_depth": 5.0, "min_child_weight": 4389.472091412409, "num_boost_round": 66.0, "subsample": 0.6062846509865657}, "datetime": {"datetime": "2024-01-20 14:55:11", "elapsed": 1868.520409, "delta": 0.002903}}
{"target": -15.163787460497165, "params": {"colsample_bytree": 0.12244108281348891, "eta": 0.02059285346158614, "gamma": 450.12263666172305, "max_depth": 5.0, "min_child_weight": 4389.472091412409, "num_boost_round": 67.0, "subsample": 0.6062846509865657}, "datetime": {"datetime": "2024-01-20 14:55:11", "elapsed": 1868.523269, "delta": 0.00286}}
{"target": -15.162993047298823, "params": {"colsample_bytree": 0.12244108281348891, "eta": 0.02059285346158614, "gamma": 450.12263666172305, "max_depth": 5.0, "min_child_weight": 4389.472091412409, "num_boost_round": 68.0, "subsample": 0.6062846509865657}, "datetime": {"datetime": "2024-01-20 14:55:11", "elapsed": 1868.526149, "delta": 0.00288}}
{"target": -15.162974841500297, "params": {"colsample_bytree": 0.12244108281348891, "eta": 0.02059285346158614, "gamma": 450.12263666172305, "max_depth": 5.0, "min_child_weight": 4389.472091412409, "num_boost_round": 69.0, "subsample": 0.6062846509865657}, "datetime": {"datetime": "2024-01-20 14:55:11", "elapsed": 1868.529069, "delta": 0.00292}}
{"target": -15.162973544904627, "params": {"colsample_bytree": 0.12244108281348891, "eta": 0.02059285346158614, "gamma": 450.12263666172305, "max_depth": 5.0, "min_child_weight": 4389.472091412409, "num_boost_round": 70.0, "subsample": 0.6062846509865657}, "datetime": {"datetime": "2024-01-20 14:55:11", "elapsed": 1868.532021, "delta": 0.002952}}
{"target": -15.16293963697835, "params": {"colsample_bytree": 0.12244108281348891, "eta": 0.02059285346158614, "gamma": 450.12263666172305, "max_depth": 5.0, "min_child_weight": 4389.472091412409, "num_boost_round": 71.0, "subsample": 0.6062846509865657}, "datetime": {"datetime": "2024-01-20 14:55:11", "elapsed": 1868.53489, "delta": 0.002869}}
{"target": -15.162447277091632, "params": {"colsample_bytree": 0.12244108281348891, "eta": 0.02059285346158614, "gamma": 450.12263666172305, "max_depth": 5.0, "min_child_weight": 4389.472091412409, "num_boost_round": 72.0, "subsample": 0.6062846509865657}, "datetime": {"datetime": "2024-01-20 14:55:11", "elapsed": 1868.537665, "delta": 0.002775}}
{"target": -15.162492641234058, "params": {"colsample_bytree": 0.12244108281348891, "eta": 0.02059285346158614, "gamma": 450.12263666172305, "max_depth": 5.0, "min_child_weight": 4389.472091412409, "num_boost_round": 73.0, "subsample": 0.6062846509865657}, "datetime": {"datetime": "2024-01-20 14:55:11", "elapsed": 1868.540452, "delta": 0.002787}}
{"target": -15.162484397447564, "params": {"colsample_bytree": 0.12244108281348891, "eta": 0.02059285346158614, "gamma": 450.12263666172305, "max_depth": 5.0, "min_child_weight": 4389.472091412409, "num_boost_round": 74.0, "subsample": 0.6062846509865657}, "datetime": {"datetime": "2024-01-20 14:55:11", "elapsed": 1868.54337, "delta": 0.002918}}
{"target": -15.162125738625924, "params": {"colsample_bytree": 0.12244108281348891, "eta": 0.02059285346158614, "gamma": 450.12263666172305, "max_depth": 5.0, "min_child_weight": 4389.472091412409, "num_boost_round": 75.0, "subsample": 0.6062846509865657}, "datetime": {"datetime": "2024-01-20 14:55:11", "elapsed": 1868.546254, "delta": 0.002884}}
{"target": -15.162160677126693, "params": {"colsample_bytree": 0.12244108281348891, "eta": 0.02059285346158614, "gamma": 450.12263666172305, "max_depth": 5.0, "min_child_weight": 4389.472091412409, "num_boost_round": 76.0, "subsample": 0.6062846509865657}, "datetime": {"datetime": "2024-01-20 14:55:11", "elapsed": 1868.549094, "delta": 0.00284}}
{"target": -15.171833417350825, "params": {"colsample_bytree": 0.5981336002238707, "eta": 0.041575794943937205, "gamma": 495.8320115763448, "max_depth": 3.0, "min_child_weight": 4408.420177261303, "num_boost_round": 1.0, "subsample": 0.9310698450363706}, "datetime": {"datetime": "2024-01-20 14:55:50", "elapsed": 1908.101622, "delta": 39.552528}}
{"target": -15.170760749469155, "params": {"colsample_bytree": 0.5981336002238707, "eta": 0.041575794943937205, "gamma": 495.8320115763448, "max_depth": 3.0, "min_child_weight": 4408.420177261303, "num_boost_round": 2.0, "subsample": 0.9310698450363706}, "datetime": {"datetime": "2024-01-20 14:55:50", "elapsed": 1908.105274, "delta": 0.003652}}
{"target": -15.169420318907092, "params": {"colsample_bytree": 0.5981336002238707, "eta": 0.041575794943937205, "gamma": 495.8320115763448, "max_depth": 3.0, "min_child_weight": 4408.420177261303, "num_boost_round": 3.0, "subsample": 0.9310698450363706}, "datetime": {"datetime": "2024-01-20 14:55:50", "elapsed": 1908.108072, "delta": 0.002798}}
{"target": -15.16848433084763, "params": {"colsample_bytree": 0.5981336002238707, "eta": 0.041575794943937205, "gamma": 495.8320115763448, "max_depth": 3.0, "min_child_weight": 4408.420177261303, "num_boost_round": 4.0, "subsample": 0.9310698450363706}, "datetime": {"datetime": "2024-01-20 14:55:50", "elapsed": 1908.110813, "delta": 0.002741}}
{"target": -15.166699652731515, "params": {"colsample_bytree": 0.5981336002238707, "eta": 0.041575794943937205, "gamma": 495.8320115763448, "max_depth": 3.0, "min_child_weight": 4408.420177261303, "num_boost_round": 5.0, "subsample": 0.9310698450363706}, "datetime": {"datetime": "2024-01-20 14:55:50", "elapsed": 1908.113569, "delta": 0.002756}}
{"target": -15.165904759987683, "params": {"colsample_bytree": 0.5981336002238707, "eta": 0.041575794943937205, "gamma": 495.8320115763448, "max_depth": 3.0, "min_child_weight": 4408.420177261303, "num_boost_round": 6.0, "subsample": 0.9310698450363706}, "datetime": {"datetime": "2024-01-20 14:55:50", "elapsed": 1908.116369, "delta": 0.0028}}
{"target": -15.165214397318405, "params": {"colsample_bytree": 0.5981336002238707, "eta": 0.041575794943937205, "gamma": 495.8320115763448, "max_depth": 3.0, "min_child_weight": 4408.420177261303, "num_boost_round": 7.0, "subsample": 0.9310698450363706}, "datetime": {"datetime": "2024-01-20 14:55:50", "elapsed": 1908.119121, "delta": 0.002752}}
{"target": -15.163839027219975, "params": {"colsample_bytree": 0.5981336002238707, "eta": 0.041575794943937205, "gamma": 495.8320115763448, "max_depth": 3.0, "min_child_weight": 4408.420177261303, "num_boost_round": 8.0, "subsample": 0.9310698450363706}, "datetime": {"datetime": "2024-01-20 14:55:50", "elapsed": 1908.121883, "delta": 0.002762}}
{"target": -15.163483327228882, "params": {"colsample_bytree": 0.5981336002238707, "eta": 0.041575794943937205, "gamma": 495.8320115763448, "max_depth": 3.0, "min_child_weight": 4408.420177261303, "num_boost_round": 9.0, "subsample": 0.9310698450363706}, "datetime": {"datetime": "2024-01-20 14:55:50", "elapsed": 1908.124663, "delta": 0.00278}}
{"target": -15.162854154370596, "params": {"colsample_bytree": 0.5981336002238707, "eta": 0.041575794943937205, "gamma": 495.8320115763448, "max_depth": 3.0, "min_child_weight": 4408.420177261303, "num_boost_round": 10.0, "subsample": 0.9310698450363706}, "datetime": {"datetime": "2024-01-20 14:55:50", "elapsed": 1908.12743, "delta": 0.002767}}
{"target": -15.163002162689835, "params": {"colsample_bytree": 0.5981336002238707, "eta": 0.041575794943937205, "gamma": 495.8320115763448, "max_depth": 3.0, "min_child_weight": 4408.420177261303, "num_boost_round": 11.0, "subsample": 0.9310698450363706}, "datetime": {"datetime": "2024-01-20 14:55:50", "elapsed": 1908.130176, "delta": 0.002746}}
{"target": -15.162180128964543, "params": {"colsample_bytree": 0.5981336002238707, "eta": 0.041575794943937205, "gamma": 495.8320115763448, "max_depth": 3.0, "min_child_weight": 4408.420177261303, "num_boost_round": 12.0, "subsample": 0.9310698450363706}, "datetime": {"datetime": "2024-01-20 14:55:50", "elapsed": 1908.132931, "delta": 0.002755}}
{"target": -15.162417752433072, "params": {"colsample_bytree": 0.5981336002238707, "eta": 0.041575794943937205, "gamma": 495.8320115763448, "max_depth": 3.0, "min_child_weight": 4408.420177261303, "num_boost_round": 13.0, "subsample": 0.9310698450363706}, "datetime": {"datetime": "2024-01-20 14:55:50", "elapsed": 1908.135723, "delta": 0.002792}}
{"target": -15.161377740410124, "params": {"colsample_bytree": 0.5981336002238707, "eta": 0.041575794943937205, "gamma": 495.8320115763448, "max_depth": 3.0, "min_child_weight": 4408.420177261303, "num_boost_round": 14.0, "subsample": 0.9310698450363706}, "datetime": {"datetime": "2024-01-20 14:55:50", "elapsed": 1908.1385, "delta": 0.002777}}
{"target": -15.160867486869698, "params": {"colsample_bytree": 0.5981336002238707, "eta": 0.041575794943937205, "gamma": 495.8320115763448, "max_depth": 3.0, "min_child_weight": 4408.420177261303, "num_boost_round": 15.0, "subsample": 0.9310698450363706}, "datetime": {"datetime": "2024-01-20 14:55:50", "elapsed": 1908.141274, "delta": 0.002774}}
{"target": -15.160979399445715, "params": {"colsample_bytree": 0.5981336002238707, "eta": 0.041575794943937205, "gamma": 495.8320115763448, "max_depth": 3.0, "min_child_weight": 4408.420177261303, "num_boost_round": 16.0, "subsample": 0.9310698450363706}, "datetime": {"datetime": "2024-01-20 14:55:50", "elapsed": 1908.144008, "delta": 0.002734}}
{"target": -15.160406007854158, "params": {"colsample_bytree": 0.5981336002238707, "eta": 0.041575794943937205, "gamma": 495.8320115763448, "max_depth": 3.0, "min_child_weight": 4408.420177261303, "num_boost_round": 17.0, "subsample": 0.9310698450363706}, "datetime": {"datetime": "2024-01-20 14:55:50", "elapsed": 1908.146733, "delta": 0.002725}}
{"target": -15.159937022995994, "params": {"colsample_bytree": 0.5981336002238707, "eta": 0.041575794943937205, "gamma": 495.8320115763448, "max_depth": 3.0, "min_child_weight": 4408.420177261303, "num_boost_round": 18.0, "subsample": 0.9310698450363706}, "datetime": {"datetime": "2024-01-20 14:55:50", "elapsed": 1908.149496, "delta": 0.002763}}
{"target": -15.159215198152515, "params": {"colsample_bytree": 0.5981336002238707, "eta": 0.041575794943937205, "gamma": 495.8320115763448, "max_depth": 3.0, "min_child_weight": 4408.420177261303, "num_boost_round": 19.0, "subsample": 0.9310698450363706}, "datetime": {"datetime": "2024-01-20 14:55:50", "elapsed": 1908.152238, "delta": 0.002742}}
{"target": -15.15904777656662, "params": {"colsample_bytree": 0.5981336002238707, "eta": 0.041575794943937205, "gamma": 495.8320115763448, "max_depth": 3.0, "min_child_weight": 4408.420177261303, "num_boost_round": 20.0, "subsample": 0.9310698450363706}, "datetime": {"datetime": "2024-01-20 14:55:50", "elapsed": 1908.154973, "delta": 0.002735}}
