{"target": -15.157557007834205, "params": {"colsample_bytree": 0.1764105084134673, "eta": 0.07204513729627415, "gamma": 660.1972036492416, "max_depth": 8.0, "min_child_weight": 4117.132337844832, "num_boost_round": 18.0, "subsample": 0.3329641907920511}, "datetime": {"datetime": "2024-01-20 17:22:04", "elapsed": 10682.167647, "delta": 0.011951}}
{"target": -15.156409818135614, "params": {"colsample_bytree": 0.1764105084134673, "eta": 0.07204513729627415, "gamma": 660.1972036492416, "max_depth": 8.0, "min_child_weight": 4117.132337844832, "num_boost_round": 19.0, "subsample": 0.3329641907920511}, "datetime": {"datetime": "2024-01-20 17:22:04", "elapsed": 10682.176587, "delta": 0.00894}}
{"target": -15.156277970459904, "params": {"colsample_bytree": 0.1764105084134673, "eta": 0.07204513729627415, "gamma": 660.1972036492416, "max_depth": 8.0, "min_child_weight": 4117.132337844832, "num_boost_round": 20.0, "subsample": 0.3329641907920511}, "datetime": {"datetime": "2024-01-20 17:22:04", "elapsed": 10682.185441, "delta": 0.008854}}
{"target": -15.155826501075818, "params": {"colsample_bytree": 0.1764105084134673, "eta": 0.07204513729627415, "gamma": 660.1972036492416, "max_depth": 8.0, "min_child_weight": 4117.132337844832, "num_boost_round": 21.0, "subsample": 0.3329641907920511}, "datetime": {"datetime": "2024-01-20 17:22:04", "elapsed": 10682.19458, "delta": 0.009139}}
{"target": -15.155970879642103, "params": {"colsample_bytree": 0.1764105084134673, "eta": 0.07204513729627415, "gamma": 660.1972036492416, "max_depth": 8.0, "min_child_weight": 4117.132337844832, "num_boost_round": 22.0, "subsample": 0.3329641907920511}, "datetime": {"datetime": "2024-01-20 17:22:04", "elapsed": 10682.204638, "delta": 0.010058}}
{"target": -15.155826838365439, "params": {"colsample_bytree": 0.1764105084134673, "eta": 0.07204513729627415, "gamma": 660.1972036492416, "max_depth": 8.0, "min_child_weight": 4117.132337844832, "num_boost_round": 23.0, "subsample": 0.3329641907920511}, "datetime": {"datetime": "2024-01-20 17:22:04", "elapsed": 10682.212825, "delta": 0.008187}}
{"target": -15.155913888384996, "params": {"colsample_bytree": 0.1764105084134673, "eta": 0.07204513729627415, "gamma": 660.1972036492416, "max_depth": 8.0, "min_child_weight": 4117.132337844832, "num_boost_round": 24.0, "subsample": 0.3329641907920511}, "datetime": {"datetime": "2024-01-20 17:22:04", "elapsed": 10682.221454, "delta": 0.008629}}
{"target": -15.155959498202972, "params": {"colsample_bytree": 0.1764105084134673, "eta": 0.07204513729627415, "gamma": 660.1972036492416, "max_depth": 8.0, "min_child_weight": 4117.132337844832, "num_boost_round": 25.0, "subsample": 0.3329641907920511}, "datetime": {"datetime": "2024-01-20 17:22:04", "elapsed": 10682.229458, "delta": 0.008004}}
{"target": -15.15579902469884, "params": {"colsample_bytree": 0.1764105084134673, "eta": 0.07204513729627415, "gamma": 660.1972036492416, "max_depth": 8.0, "min_child_weight": 4117.132337844832, "num_boost_round": 26.0, "subsample": 0.3329641907920511}, "datetime": {"datetime": "2024-01-20 17:22:04", "elapsed": 10682.236875, "delta": 0.007417}}
{"target": -15.155142441910538, "params": {"colsample_bytree": 0.1764105084134673, "eta": 0.07204513729627415, "gamma": 660.1972036492416, "max_depth": 8.0, "min_child_weight": 4117.132337844832, "num_boost_round": 27.0, "subsample": 0.3329641907920511}, "datetime": {"datetime": "2024-01-20 17:22:04", "elapsed": 10682.244127, "delta": 0.007252}}
{"target": -15.15523741947782, "params": {"colsample_bytree": 0.1764105084134673, "eta": 0.07204513729627415, "gamma": 660.1972036492416, "max_depth": 8.0, "min_child_weight": 4117.132337844832, "num_boost_round": 28.0, "subsample": 0.3329641907920511}, "datetime": {"datetime": "2024-01-20 17:22:04", "elapsed": 10682.252019, "delta": 0.007892}}
{"target": -15.15523070331249, "params": {"colsample_bytree": 0.1764105084134673, "eta": 0.07204513729627415, "gamma": 660.1972036492416, "max_depth": 8.0, "min_child_weight": 4117.132337844832, "num_boost_round": 29.0, "subsample": 0.3329641907920511}, "datetime": {"datetime": "2024-01-20 17:22:04", "elapsed": 10682.259728, "delta": 0.007709}}
{"target": -15.154181125507279, "params": {"colsample_bytree": 0.1764105084134673, "eta": 0.07204513729627415, "gamma": 660.1972036492416, "max_depth": 8.0, "min_child_weight": 4117.132337844832, "num_boost_round": 30.0, "subsample": 0.3329641907920511}, "datetime": {"datetime": "2024-01-20 17:22:04", "elapsed": 10682.268866, "delta": 0.009138}}
{"target": -15.155143042166223, "params": {"colsample_bytree": 0.1764105084134673, "eta": 0.07204513729627415, "gamma": 660.1972036492416, "max_depth": 8.0, "min_child_weight": 4117.132337844832, "num_boost_round": 31.0, "subsample": 0.3329641907920511}, "datetime": {"datetime": "2024-01-20 17:22:04", "elapsed": 10682.278204, "delta": 0.009338}}
{"target": -15.155399709182326, "params": {"colsample_bytree": 0.1764105084134673, "eta": 0.07204513729627415, "gamma": 660.1972036492416, "max_depth": 8.0, "min_child_weight": 4117.132337844832, "num_boost_round": 32.0, "subsample": 0.3329641907920511}, "datetime": {"datetime": "2024-01-20 17:22:04", "elapsed": 10682.287501, "delta": 0.009297}}
{"target": -15.155211009520782, "params": {"colsample_bytree": 0.1764105084134673, "eta": 0.07204513729627415, "gamma": 660.1972036492416, "max_depth": 8.0, "min_child_weight": 4117.132337844832, "num_boost_round": 33.0, "subsample": 0.3329641907920511}, "datetime": {"datetime": "2024-01-20 17:22:04", "elapsed": 10682.296594, "delta": 0.009093}}
{"target": -15.155232189086341, "params": {"colsample_bytree": 0.1764105084134673, "eta": 0.07204513729627415, "gamma": 660.1972036492416, "max_depth": 8.0, "min_child_weight": 4117.132337844832, "num_boost_round": 34.0, "subsample": 0.3329641907920511}, "datetime": {"datetime": "2024-01-20 17:22:04", "elapsed": 10682.306232, "delta": 0.009638}}
{"target": -15.154443937378716, "params": {"colsample_bytree": 0.1764105084134673, "eta": 0.07204513729627415, "gamma": 660.1972036492416, "max_depth": 8.0, "min_child_weight": 4117.132337844832, "num_boost_round": 35.0, "subsample": 0.3329641907920511}, "datetime": {"datetime": "2024-01-20 17:22:04", "elapsed": 10682.315173, "delta": 0.008941}}
{"target": -15.154542210920567, "params": {"colsample_bytree": 0.1764105084134673, "eta": 0.07204513729627415, "gamma": 660.1972036492416, "max_depth": 8.0, "min_child_weight": 4117.132337844832, "num_boost_round": 36.0, "subsample": 0.3329641907920511}, "datetime": {"datetime": "2024-01-20 17:22:04", "elapsed": 10682.324091, "delta": 0.008918}}
{"target": -15.153721621382715, "params": {"colsample_bytree": 0.1764105084134673, "eta": 0.07204513729627415, "gamma": 660.1972036492416, "max_depth": 8.0, "min_child_weight": 4117.132337844832, "num_boost_round": 37.0, "subsample": 0.3329641907920511}, "datetime": {"datetime": "2024-01-20 17:22:04", "elapsed": 10682.334331, "delta": 0.01024}}
{"target": -15.153728422629424, "params": {"colsample_bytree": 0.1764105084134673, "eta": 0.07204513729627415, "gamma": 660.1972036492416, "max_depth": 8.0, "min_child_weight": 4117.132337844832, "num_boost_round": 38.0, "subsample": 0.3329641907920511}, "datetime": {"datetime": "2024-01-20 17:22:04", "elapsed": 10682.344076, "delta": 0.009745}}
{"target": -15.153763875835793, "params": {"colsample_bytree": 0.1764105084134673, "eta": 0.07204513729627415, "gamma": 660.1972036492416, "max_depth": 8.0, "min_child_weight": 4117.132337844832, "num_boost_round": 39.0, "subsample": 0.3329641907920511}, "datetime": {"datetime": "2024-01-20 17:22:04", "elapsed": 10682.35314, "delta": 0.009064}}
{"target": -15.153764984916211, "params": {"colsample_bytree": 0.1764105084134673, "eta": 0.07204513729627415, "gamma": 660.1972036492416, "max_depth": 8.0, "min_child_weight": 4117.132337844832, "num_boost_round": 40.0, "subsample": 0.3329641907920511}, "datetime": {"datetime": "2024-01-20 17:22:04", "elapsed": 10682.362503, "delta": 0.009363}}
{"target": -15.154171124672484, "params": {"colsample_bytree": 0.1764105084134673, "eta": 0.07204513729627415, "gamma": 660.1972036492416, "max_depth": 8.0, "min_child_weight": 4117.132337844832, "num_boost_round": 41.0, "subsample": 0.3329641907920511}, "datetime": {"datetime": "2024-01-20 17:22:04", "elapsed": 10682.371387, "delta": 0.008884}}
{"target": -15.15478664127792, "params": {"colsample_bytree": 0.1764105084134673, "eta": 0.07204513729627415, "gamma": 660.1972036492416, "max_depth": 8.0, "min_child_weight": 4117.132337844832, "num_boost_round": 42.0, "subsample": 0.3329641907920511}, "datetime": {"datetime": "2024-01-20 17:22:04", "elapsed": 10682.380202, "delta": 0.008815}}
{"target": -15.154079890958684, "params": {"colsample_bytree": 0.1764105084134673, "eta": 0.07204513729627415, "gamma": 660.1972036492416, "max_depth": 8.0, "min_child_weight": 4117.132337844832, "num_boost_round": 43.0, "subsample": 0.3329641907920511}, "datetime": {"datetime": "2024-01-20 17:22:04", "elapsed": 10682.388839, "delta": 0.008637}}
{"target": -15.154198875703152, "params": {"colsample_bytree": 0.1764105084134673, "eta": 0.07204513729627415, "gamma": 660.1972036492416, "max_depth": 8.0, "min_child_weight": 4117.132337844832, "num_boost_round": 44.0, "subsample": 0.3329641907920511}, "datetime": {"datetime": "2024-01-20 17:22:04", "elapsed": 10682.39652, "delta": 0.007681}}
{"target": -15.154579308631309, "params": {"colsample_bytree": 0.1764105084134673, "eta": 0.07204513729627415, "gamma": 660.1972036492416, "max_depth": 8.0, "min_child_weight": 4117.132337844832, "num_boost_round": 45.0, "subsample": 0.3329641907920511}, "datetime": {"datetime": "2024-01-20 17:22:04", "elapsed": 10682.404133, "delta": 0.007613}}
{"target": -15.154463782020624, "params": {"colsample_bytree": 0.1764105084134673, "eta": 0.07204513729627415, "gamma": 660.1972036492416, "max_depth": 8.0, "min_child_weight": 4117.132337844832, "num_boost_round": 46.0, "subsample": 0.3329641907920511}, "datetime": {"datetime": "2024-01-20 17:22:04", "elapsed": 10682.413617, "delta": 0.009484}}
{"target": -15.15434842044342, "params": {"colsample_bytree": 0.1764105084134673, "eta": 0.07204513729627415, "gamma": 660.1972036492416, "max_depth": 8.0, "min_child_weight": 4117.132337844832, "num_boost_round": 47.0, "subsample": 0.3329641907920511}, "datetime": {"datetime": "2024-01-20 17:22:04", "elapsed": 10682.422457, "delta": 0.00884}}
{"target": -15.154458055655663, "params": {"colsample_bytree": 0.1764105084134673, "eta": 0.07204513729627415, "gamma": 660.1972036492416, "max_depth": 8.0, "min_child_weight": 4117.132337844832, "num_boost_round": 48.0, "subsample": 0.3329641907920511}, "datetime": {"datetime": "2024-01-20 17:22:04", "elapsed": 10682.430176, "delta": 0.007719}}
{"target": -15.15457904955179, "params": {"colsample_bytree": 0.1764105084134673, "eta": 0.07204513729627415, "gamma": 660.1972036492416, "max_depth": 8.0, "min_child_weight": 4117.132337844832, "num_boost_round": 49.0, "subsample": 0.3329641907920511}, "datetime": {"datetime": "2024-01-20 17:22:04", "elapsed": 10682.438292, "delta": 0.008116}}
{"target": -15.154955271377464, "params": {"colsample_bytree": 0.1764105084134673, "eta": 0.07204513729627415, "gamma": 660.1972036492416, "max_depth": 8.0, "min_child_weight": 4117.132337844832, "num_boost_round": 50.0, "subsample": 0.3329641907920511}, "datetime": {"datetime": "2024-01-20 17:22:05", "elapsed": 10682.447352, "delta": 0.00906}}
{"target": -15.155540326576489, "params": {"colsample_bytree": 0.1764105084134673, "eta": 0.07204513729627415, "gamma": 660.1972036492416, "max_depth": 8.0, "min_child_weight": 4117.132337844832, "num_boost_round": 51.0, "subsample": 0.3329641907920511}, "datetime": {"datetime": "2024-01-20 17:22:05", "elapsed": 10682.457879, "delta": 0.010527}}
{"target": -15.155787511582808, "params": {"colsample_bytree": 0.1764105084134673, "eta": 0.07204513729627415, "gamma": 660.1972036492416, "max_depth": 8.0, "min_child_weight": 4117.132337844832, "num_boost_round": 52.0, "subsample": 0.3329641907920511}, "datetime": {"datetime": "2024-01-20 17:22:05", "elapsed": 10682.466905, "delta": 0.009026}}
{"target": -15.155814827803578, "params": {"colsample_bytree": 0.1764105084134673, "eta": 0.07204513729627415, "gamma": 660.1972036492416, "max_depth": 8.0, "min_child_weight": 4117.132337844832, "num_boost_round": 53.0, "subsample": 0.3329641907920511}, "datetime": {"datetime": "2024-01-20 17:22:05", "elapsed": 10682.474956, "delta": 0.008051}}
{"target": -15.155871399952698, "params": {"colsample_bytree": 0.1764105084134673, "eta": 0.07204513729627415, "gamma": 660.1972036492416, "max_depth": 8.0, "min_child_weight": 4117.132337844832, "num_boost_round": 54.0, "subsample": 0.3329641907920511}, "datetime": {"datetime": "2024-01-20 17:22:05", "elapsed": 10682.482508, "delta": 0.007552}}
{"target": -15.155784854262528, "params": {"colsample_bytree": 0.1764105084134673, "eta": 0.07204513729627415, "gamma": 660.1972036492416, "max_depth": 8.0, "min_child_weight": 4117.132337844832, "num_boost_round": 55.0, "subsample": 0.3329641907920511}, "datetime": {"datetime": "2024-01-20 17:22:05", "elapsed": 10682.490404, "delta": 0.007896}}
{"target": -15.155155469239451, "params": {"colsample_bytree": 0.1764105084134673, "eta": 0.07204513729627415, "gamma": 660.1972036492416, "max_depth": 8.0, "min_child_weight": 4117.132337844832, "num_boost_round": 56.0, "subsample": 0.3329641907920511}, "datetime": {"datetime": "2024-01-20 17:22:05", "elapsed": 10682.497966, "delta": 0.007562}}
{"target": -15.155679136786123, "params": {"colsample_bytree": 0.1764105084134673, "eta": 0.07204513729627415, "gamma": 660.1972036492416, "max_depth": 8.0, "min_child_weight": 4117.132337844832, "num_boost_round": 57.0, "subsample": 0.3329641907920511}, "datetime": {"datetime": "2024-01-20 17:22:05", "elapsed": 10682.50573, "delta": 0.007764}}
{"target": -15.155678591117091, "params": {"colsample_bytree": 0.1764105084134673, "eta": 0.07204513729627415, "gamma": 660.1972036492416, "max_depth": 8.0, "min_child_weight": 4117.132337844832, "num_boost_round": 58.0, "subsample": 0.3329641907920511}, "datetime": {"datetime": "2024-01-20 17:22:05", "elapsed": 10682.516461, "delta": 0.010731}}
{"target": -15.155708605454885, "params": {"colsample_bytree": 0.1764105084134673, "eta": 0.07204513729627415, "gamma": 660.1972036492416, "max_depth": 8.0, "min_child_weight": 4117.132337844832, "num_boost_round": 59.0, "subsample": 0.3329641907920511}, "datetime": {"datetime": "2024-01-20 17:22:05", "elapsed": 10682.52712, "delta": 0.010659}}
{"target": -15.155669850718962, "params": {"colsample_bytree": 0.1764105084134673, "eta": 0.07204513729627415, "gamma": 660.1972036492416, "max_depth": 8.0, "min_child_weight": 4117.132337844832, "num_boost_round": 60.0, "subsample": 0.3329641907920511}, "datetime": {"datetime": "2024-01-20 17:22:05", "elapsed": 10682.537437, "delta": 0.010317}}
{"target": -15.156003355875015, "params": {"colsample_bytree": 0.1764105084134673, "eta": 0.07204513729627415, "gamma": 660.1972036492416, "max_depth": 8.0, "min_child_weight": 4117.132337844832, "num_boost_round": 61.0, "subsample": 0.3329641907920511}, "datetime": {"datetime": "2024-01-20 17:22:05", "elapsed": 10682.547931, "delta": 0.010494}}
{"target": -15.156255685641373, "params": {"colsample_bytree": 0.1764105084134673, "eta": 0.07204513729627415, "gamma": 660.1972036492416, "max_depth": 8.0, "min_child_weight": 4117.132337844832, "num_boost_round": 62.0, "subsample": 0.3329641907920511}, "datetime": {"datetime": "2024-01-20 17:22:05", "elapsed": 10682.558407, "delta": 0.010476}}
{"target": -15.156282426065067, "params": {"colsample_bytree": 0.1764105084134673, "eta": 0.07204513729627415, "gamma": 660.1972036492416, "max_depth": 8.0, "min_child_weight": 4117.132337844832, "num_boost_round": 63.0, "subsample": 0.3329641907920511}, "datetime": {"datetime": "2024-01-20 17:22:05", "elapsed": 10682.568865, "delta": 0.010458}}
{"target": -15.156327034945324, "params": {"colsample_bytree": 0.1764105084134673, "eta": 0.07204513729627415, "gamma": 660.1972036492416, "max_depth": 8.0, "min_child_weight": 4117.132337844832, "num_boost_round": 64.0, "subsample": 0.3329641907920511}, "datetime": {"datetime": "2024-01-20 17:22:05", "elapsed": 10682.579837, "delta": 0.010972}}
{"target": -15.156402155737378, "params": {"colsample_bytree": 0.1764105084134673, "eta": 0.07204513729627415, "gamma": 660.1972036492416, "max_depth": 8.0, "min_child_weight": 4117.132337844832, "num_boost_round": 65.0, "subsample": 0.3329641907920511}, "datetime": {"datetime": "2024-01-20 17:22:05", "elapsed": 10682.59108, "delta": 0.011243}}
{"target": -15.15686631460425, "params": {"colsample_bytree": 0.1764105084134673, "eta": 0.07204513729627415, "gamma": 660.1972036492416, "max_depth": 8.0, "min_child_weight": 4117.132337844832, "num_boost_round": 66.0, "subsample": 0.3329641907920511}, "datetime": {"datetime": "2024-01-20 17:22:05", "elapsed": 10682.60022, "delta": 0.00914}}
{"target": -15.157497318824717, "params": {"colsample_bytree": 0.1764105084134673, "eta": 0.07204513729627415, "gamma": 660.1972036492416, "max_depth": 8.0, "min_child_weight": 4117.132337844832, "num_boost_round": 67.0, "subsample": 0.3329641907920511}, "datetime": {"datetime": "2024-01-20 17:22:05", "elapsed": 10682.922017, "delta": 0.321797}}
{"target": -15.156580168579046, "params": {"colsample_bytree": 0.1764105084134673, "eta": 0.07204513729627415, "gamma": 660.1972036492416, "max_depth": 8.0, "min_child_weight": 4117.132337844832, "num_boost_round": 68.0, "subsample": 0.3329641907920511}, "datetime": {"datetime": "2024-01-20 17:22:05", "elapsed": 10682.93395, "delta": 0.011933}}
{"target": -15.156583946165515, "params": {"colsample_bytree": 0.1764105084134673, "eta": 0.07204513729627415, "gamma": 660.1972036492416, "max_depth": 8.0, "min_child_weight": 4117.132337844832, "num_boost_round": 69.0, "subsample": 0.3329641907920511}, "datetime": {"datetime": "2024-01-20 17:22:05", "elapsed": 10682.943455, "delta": 0.009505}}
{"target": -15.15673397922704, "params": {"colsample_bytree": 0.1764105084134673, "eta": 0.07204513729627415, "gamma": 660.1972036492416, "max_depth": 8.0, "min_child_weight": 4117.132337844832, "num_boost_round": 70.0, "subsample": 0.3329641907920511}, "datetime": {"datetime": "2024-01-20 17:22:05", "elapsed": 10682.951912, "delta": 0.008457}}
{"target": -15.156808992969445, "params": {"colsample_bytree": 0.1764105084134673, "eta": 0.07204513729627415, "gamma": 660.1972036492416, "max_depth": 8.0, "min_child_weight": 4117.132337844832, "num_boost_round": 71.0, "subsample": 0.3329641907920511}, "datetime": {"datetime": "2024-01-20 17:22:05", "elapsed": 10682.959883, "delta": 0.007971}}
{"target": -15.15631319104238, "params": {"colsample_bytree": 0.1764105084134673, "eta": 0.07204513729627415, "gamma": 660.1972036492416, "max_depth": 8.0, "min_child_weight": 4117.132337844832, "num_boost_round": 72.0, "subsample": 0.3329641907920511}, "datetime": {"datetime": "2024-01-20 17:22:05", "elapsed": 10682.967378, "delta": 0.007495}}
{"target": -15.156353483627484, "params": {"colsample_bytree": 0.1764105084134673, "eta": 0.07204513729627415, "gamma": 660.1972036492416, "max_depth": 8.0, "min_child_weight": 4117.132337844832, "num_boost_round": 73.0, "subsample": 0.3329641907920511}, "datetime": {"datetime": "2024-01-20 17:22:05", "elapsed": 10682.975525, "delta": 0.008147}}
{"target": -15.156620036873885, "params": {"colsample_bytree": 0.1764105084134673, "eta": 0.07204513729627415, "gamma": 660.1972036492416, "max_depth": 8.0, "min_child_weight": 4117.132337844832, "num_boost_round": 74.0, "subsample": 0.3329641907920511}, "datetime": {"datetime": "2024-01-20 17:22:05", "elapsed": 10682.983363, "delta": 0.007838}}
{"target": -15.156353494087062, "params": {"colsample_bytree": 0.1764105084134673, "eta": 0.07204513729627415, "gamma": 660.1972036492416, "max_depth": 8.0, "min_child_weight": 4117.132337844832, "num_boost_round": 75.0, "subsample": 0.3329641907920511}, "datetime": {"datetime": "2024-01-20 17:22:05", "elapsed": 10682.993341, "delta": 0.009978}}
{"target": -15.170661275589971, "params": {"colsample_bytree": 0.9938449995684987, "eta": 0.03632475065296399, "gamma": 634.3301045355896, "max_depth": 4.0, "min_child_weight": 4148.02561294675, "num_boost_round": 1.0, "subsample": 0.26559738952415723}, "datetime": {"datetime": "2024-01-20 17:24:27", "elapsed": 10824.736611, "delta": 141.74327}}
{"target": -15.168501726881846, "params": {"colsample_bytree": 0.9938449995684987, "eta": 0.03632475065296399, "gamma": 634.3301045355896, "max_depth": 4.0, "min_child_weight": 4148.02561294675, "num_boost_round": 2.0, "subsample": 0.26559738952415723}, "datetime": {"datetime": "2024-01-20 17:24:27", "elapsed": 10824.748055, "delta": 0.011444}}
{"target": -15.166894620830693, "params": {"colsample_bytree": 0.9938449995684987, "eta": 0.03632475065296399, "gamma": 634.3301045355896, "max_depth": 4.0, "min_child_weight": 4148.02561294675, "num_boost_round": 3.0, "subsample": 0.26559738952415723}, "datetime": {"datetime": "2024-01-20 17:24:27", "elapsed": 10824.758804, "delta": 0.010749}}
{"target": -15.16525965088675, "params": {"colsample_bytree": 0.9938449995684987, "eta": 0.03632475065296399, "gamma": 634.3301045355896, "max_depth": 4.0, "min_child_weight": 4148.02561294675, "num_boost_round": 4.0, "subsample": 0.26559738952415723}, "datetime": {"datetime": "2024-01-20 17:24:27", "elapsed": 10824.768788, "delta": 0.009984}}
{"target": -15.163749311692808, "params": {"colsample_bytree": 0.9938449995684987, "eta": 0.03632475065296399, "gamma": 634.3301045355896, "max_depth": 4.0, "min_child_weight": 4148.02561294675, "num_boost_round": 5.0, "subsample": 0.26559738952415723}, "datetime": {"datetime": "2024-01-20 17:24:27", "elapsed": 10824.779181, "delta": 0.010393}}
