{"target": -12.344464210705695, "params": {"colsample_bytree": 0.3397535117005568, "eta": 0.05470983023428078, "gamma": 551.0023945922455, "max_depth": 8.0, "min_child_weight": 4241.429074514806, "num_boost_round": 36.0, "subsample": 0.425519994237584}, "datetime": {"datetime": "2024-01-20 14:28:23", "elapsed": 269.56426, "delta": 0.000777}}
{"target": -12.345014493532034, "params": {"colsample_bytree": 0.3397535117005568, "eta": 0.05470983023428078, "gamma": 551.0023945922455, "max_depth": 8.0, "min_child_weight": 4241.429074514806, "num_boost_round": 37.0, "subsample": 0.425519994237584}, "datetime": {"datetime": "2024-01-20 14:28:23", "elapsed": 269.565008, "delta": 0.000748}}
{"target": -12.344789372828192, "params": {"colsample_bytree": 0.3397535117005568, "eta": 0.05470983023428078, "gamma": 551.0023945922455, "max_depth": 8.0, "min_child_weight": 4241.429074514806, "num_boost_round": 38.0, "subsample": 0.425519994237584}, "datetime": {"datetime": "2024-01-20 14:28:23", "elapsed": 269.565758, "delta": 0.00075}}
{"target": -12.345055623602875, "params": {"colsample_bytree": 0.3397535117005568, "eta": 0.05470983023428078, "gamma": 551.0023945922455, "max_depth": 8.0, "min_child_weight": 4241.429074514806, "num_boost_round": 39.0, "subsample": 0.425519994237584}, "datetime": {"datetime": "2024-01-20 14:28:23", "elapsed": 269.566518, "delta": 0.00076}}
{"target": -12.344271451264124, "params": {"colsample_bytree": 0.3397535117005568, "eta": 0.05470983023428078, "gamma": 551.0023945922455, "max_depth": 8.0, "min_child_weight": 4241.429074514806, "num_boost_round": 40.0, "subsample": 0.425519994237584}, "datetime": {"datetime": "2024-01-20 14:28:23", "elapsed": 269.56728, "delta": 0.000762}}
{"target": -12.343515553028055, "params": {"colsample_bytree": 0.3397535117005568, "eta": 0.05470983023428078, "gamma": 551.0023945922455, "max_depth": 8.0, "min_child_weight": 4241.429074514806, "num_boost_round": 41.0, "subsample": 0.425519994237584}, "datetime": {"datetime": "2024-01-20 14:28:23", "elapsed": 269.568025, "delta": 0.000745}}
{"target": -12.342873794150451, "params": {"colsample_bytree": 0.3397535117005568, "eta": 0.05470983023428078, "gamma": 551.0023945922455, "max_depth": 8.0, "min_child_weight": 4241.429074514806, "num_boost_round": 42.0, "subsample": 0.425519994237584}, "datetime": {"datetime": "2024-01-20 14:28:23", "elapsed": 269.568785, "delta": 0.00076}}
{"target": -12.34297149320461, "params": {"colsample_bytree": 0.3397535117005568, "eta": 0.05470983023428078, "gamma": 551.0023945922455, "max_depth": 8.0, "min_child_weight": 4241.429074514806, "num_boost_round": 43.0, "subsample": 0.425519994237584}, "datetime": {"datetime": "2024-01-20 14:28:23", "elapsed": 269.569545, "delta": 0.00076}}
{"target": -12.343065644042778, "params": {"colsample_bytree": 0.3397535117005568, "eta": 0.05470983023428078, "gamma": 551.0023945922455, "max_depth": 8.0, "min_child_weight": 4241.429074514806, "num_boost_round": 44.0, "subsample": 0.425519994237584}, "datetime": {"datetime": "2024-01-20 14:28:23", "elapsed": 269.570309, "delta": 0.000764}}
{"target": -12.34312787217111, "params": {"colsample_bytree": 0.3397535117005568, "eta": 0.05470983023428078, "gamma": 551.0023945922455, "max_depth": 8.0, "min_child_weight": 4241.429074514806, "num_boost_round": 45.0, "subsample": 0.425519994237584}, "datetime": {"datetime": "2024-01-20 14:28:23", "elapsed": 269.57107, "delta": 0.000761}}
{"target": -12.343140704858822, "params": {"colsample_bytree": 0.3397535117005568, "eta": 0.05470983023428078, "gamma": 551.0023945922455, "max_depth": 8.0, "min_child_weight": 4241.429074514806, "num_boost_round": 46.0, "subsample": 0.425519994237584}, "datetime": {"datetime": "2024-01-20 14:28:23", "elapsed": 269.571827, "delta": 0.000757}}
{"target": -12.343199927264646, "params": {"colsample_bytree": 0.3397535117005568, "eta": 0.05470983023428078, "gamma": 551.0023945922455, "max_depth": 8.0, "min_child_weight": 4241.429074514806, "num_boost_round": 47.0, "subsample": 0.425519994237584}, "datetime": {"datetime": "2024-01-20 14:28:23", "elapsed": 269.572585, "delta": 0.000758}}
{"target": -12.343493517576004, "params": {"colsample_bytree": 0.3397535117005568, "eta": 0.05470983023428078, "gamma": 551.0023945922455, "max_depth": 8.0, "min_child_weight": 4241.429074514806, "num_boost_round": 48.0, "subsample": 0.425519994237584}, "datetime": {"datetime": "2024-01-20 14:28:23", "elapsed": 269.573364, "delta": 0.000779}}
{"target": -12.34370870474768, "params": {"colsample_bytree": 0.3397535117005568, "eta": 0.05470983023428078, "gamma": 551.0023945922455, "max_depth": 8.0, "min_child_weight": 4241.429074514806, "num_boost_round": 49.0, "subsample": 0.425519994237584}, "datetime": {"datetime": "2024-01-20 14:28:23", "elapsed": 269.57412, "delta": 0.000756}}
{"target": -12.343696060668286, "params": {"colsample_bytree": 0.3397535117005568, "eta": 0.05470983023428078, "gamma": 551.0023945922455, "max_depth": 8.0, "min_child_weight": 4241.429074514806, "num_boost_round": 50.0, "subsample": 0.425519994237584}, "datetime": {"datetime": "2024-01-20 14:28:23", "elapsed": 269.574875, "delta": 0.000755}}
{"target": -12.343718221285727, "params": {"colsample_bytree": 0.3397535117005568, "eta": 0.05470983023428078, "gamma": 551.0023945922455, "max_depth": 8.0, "min_child_weight": 4241.429074514806, "num_boost_round": 51.0, "subsample": 0.425519994237584}, "datetime": {"datetime": "2024-01-20 14:28:23", "elapsed": 269.575654, "delta": 0.000779}}
{"target": -12.34373880909818, "params": {"colsample_bytree": 0.3397535117005568, "eta": 0.05470983023428078, "gamma": 551.0023945922455, "max_depth": 8.0, "min_child_weight": 4241.429074514806, "num_boost_round": 52.0, "subsample": 0.425519994237584}, "datetime": {"datetime": "2024-01-20 14:28:23", "elapsed": 269.576425, "delta": 0.000771}}
{"target": -12.343446996249305, "params": {"colsample_bytree": 0.3397535117005568, "eta": 0.05470983023428078, "gamma": 551.0023945922455, "max_depth": 8.0, "min_child_weight": 4241.429074514806, "num_boost_round": 53.0, "subsample": 0.425519994237584}, "datetime": {"datetime": "2024-01-20 14:28:23", "elapsed": 269.5773, "delta": 0.000875}}
{"target": -12.342883714315827, "params": {"colsample_bytree": 0.3397535117005568, "eta": 0.05470983023428078, "gamma": 551.0023945922455, "max_depth": 8.0, "min_child_weight": 4241.429074514806, "num_boost_round": 54.0, "subsample": 0.425519994237584}, "datetime": {"datetime": "2024-01-20 14:28:23", "elapsed": 269.578063, "delta": 0.000763}}
{"target": -12.34289712639773, "params": {"colsample_bytree": 0.3397535117005568, "eta": 0.05470983023428078, "gamma": 551.0023945922455, "max_depth": 8.0, "min_child_weight": 4241.429074514806, "num_boost_round": 55.0, "subsample": 0.425519994237584}, "datetime": {"datetime": "2024-01-20 14:28:23", "elapsed": 269.578828, "delta": 0.000765}}
{"target": -12.343076268437546, "params": {"colsample_bytree": 0.3397535117005568, "eta": 0.05470983023428078, "gamma": 551.0023945922455, "max_depth": 8.0, "min_child_weight": 4241.429074514806, "num_boost_round": 56.0, "subsample": 0.425519994237584}, "datetime": {"datetime": "2024-01-20 14:28:23", "elapsed": 269.579591, "delta": 0.000763}}
{"target": -12.342901579432436, "params": {"colsample_bytree": 0.3397535117005568, "eta": 0.05470983023428078, "gamma": 551.0023945922455, "max_depth": 8.0, "min_child_weight": 4241.429074514806, "num_boost_round": 57.0, "subsample": 0.425519994237584}, "datetime": {"datetime": "2024-01-20 14:28:23", "elapsed": 269.580372, "delta": 0.000781}}
{"target": -12.34313456110301, "params": {"colsample_bytree": 0.3397535117005568, "eta": 0.05470983023428078, "gamma": 551.0023945922455, "max_depth": 8.0, "min_child_weight": 4241.429074514806, "num_boost_round": 58.0, "subsample": 0.425519994237584}, "datetime": {"datetime": "2024-01-20 14:28:23", "elapsed": 269.581135, "delta": 0.000763}}
{"target": -12.342896545371033, "params": {"colsample_bytree": 0.3397535117005568, "eta": 0.05470983023428078, "gamma": 551.0023945922455, "max_depth": 8.0, "min_child_weight": 4241.429074514806, "num_boost_round": 59.0, "subsample": 0.425519994237584}, "datetime": {"datetime": "2024-01-20 14:28:23", "elapsed": 269.581934, "delta": 0.000799}}
{"target": -12.353818487762789, "params": {"colsample_bytree": 0.8318164019106616, "eta": 0.08584031297751687, "gamma": 608.2817158759213, "max_depth": 4.0, "min_child_weight": 4249.473701583232, "num_boost_round": 1.0, "subsample": 0.5420020687071623}, "datetime": {"datetime": "2024-01-20 14:28:42", "elapsed": 288.964985, "delta": 19.383051}}
{"target": -12.349531896538839, "params": {"colsample_bytree": 0.8318164019106616, "eta": 0.08584031297751687, "gamma": 608.2817158759213, "max_depth": 4.0, "min_child_weight": 4249.473701583232, "num_boost_round": 2.0, "subsample": 0.5420020687071623}, "datetime": {"datetime": "2024-01-20 14:28:42", "elapsed": 288.967004, "delta": 0.002019}}
{"target": -12.34662844282557, "params": {"colsample_bytree": 0.8318164019106616, "eta": 0.08584031297751687, "gamma": 608.2817158759213, "max_depth": 4.0, "min_child_weight": 4249.473701583232, "num_boost_round": 3.0, "subsample": 0.5420020687071623}, "datetime": {"datetime": "2024-01-20 14:28:42", "elapsed": 288.968001, "delta": 0.000997}}
{"target": -12.344803121714564, "params": {"colsample_bytree": 0.8318164019106616, "eta": 0.08584031297751687, "gamma": 608.2817158759213, "max_depth": 4.0, "min_child_weight": 4249.473701583232, "num_boost_round": 4.0, "subsample": 0.5420020687071623}, "datetime": {"datetime": "2024-01-20 14:28:42", "elapsed": 288.96953, "delta": 0.001529}}
{"target": -12.342965295893572, "params": {"colsample_bytree": 0.8318164019106616, "eta": 0.08584031297751687, "gamma": 608.2817158759213, "max_depth": 4.0, "min_child_weight": 4249.473701583232, "num_boost_round": 5.0, "subsample": 0.5420020687071623}, "datetime": {"datetime": "2024-01-20 14:28:42", "elapsed": 288.970504, "delta": 0.000974}}
{"target": -12.341565259847348, "params": {"colsample_bytree": 0.8318164019106616, "eta": 0.08584031297751687, "gamma": 608.2817158759213, "max_depth": 4.0, "min_child_weight": 4249.473701583232, "num_boost_round": 6.0, "subsample": 0.5420020687071623}, "datetime": {"datetime": "2024-01-20 14:28:42", "elapsed": 288.971319, "delta": 0.000815}}
{"target": -12.340643643250116, "params": {"colsample_bytree": 0.8318164019106616, "eta": 0.08584031297751687, "gamma": 608.2817158759213, "max_depth": 4.0, "min_child_weight": 4249.473701583232, "num_boost_round": 7.0, "subsample": 0.5420020687071623}, "datetime": {"datetime": "2024-01-20 14:28:42", "elapsed": 288.972144, "delta": 0.000825}}
{"target": -12.339795325988836, "params": {"colsample_bytree": 0.8318164019106616, "eta": 0.08584031297751687, "gamma": 608.2817158759213, "max_depth": 4.0, "min_child_weight": 4249.473701583232, "num_boost_round": 8.0, "subsample": 0.5420020687071623}, "datetime": {"datetime": "2024-01-20 14:28:42", "elapsed": 288.972934, "delta": 0.00079}}
{"target": -12.339801270476055, "params": {"colsample_bytree": 0.8318164019106616, "eta": 0.08584031297751687, "gamma": 608.2817158759213, "max_depth": 4.0, "min_child_weight": 4249.473701583232, "num_boost_round": 9.0, "subsample": 0.5420020687071623}, "datetime": {"datetime": "2024-01-20 14:28:42", "elapsed": 288.9738, "delta": 0.000866}}
{"target": -12.339531525752527, "params": {"colsample_bytree": 0.8318164019106616, "eta": 0.08584031297751687, "gamma": 608.2817158759213, "max_depth": 4.0, "min_child_weight": 4249.473701583232, "num_boost_round": 10.0, "subsample": 0.5420020687071623}, "datetime": {"datetime": "2024-01-20 14:28:42", "elapsed": 288.974608, "delta": 0.000808}}
{"target": -12.339058648364695, "params": {"colsample_bytree": 0.8318164019106616, "eta": 0.08584031297751687, "gamma": 608.2817158759213, "max_depth": 4.0, "min_child_weight": 4249.473701583232, "num_boost_round": 11.0, "subsample": 0.5420020687071623}, "datetime": {"datetime": "2024-01-20 14:28:42", "elapsed": 288.975409, "delta": 0.000801}}
{"target": -12.339606494538552, "params": {"colsample_bytree": 0.8318164019106616, "eta": 0.08584031297751687, "gamma": 608.2817158759213, "max_depth": 4.0, "min_child_weight": 4249.473701583232, "num_boost_round": 12.0, "subsample": 0.5420020687071623}, "datetime": {"datetime": "2024-01-20 14:28:42", "elapsed": 288.976216, "delta": 0.000807}}
{"target": -12.339812848763211, "params": {"colsample_bytree": 0.8318164019106616, "eta": 0.08584031297751687, "gamma": 608.2817158759213, "max_depth": 4.0, "min_child_weight": 4249.473701583232, "num_boost_round": 13.0, "subsample": 0.5420020687071623}, "datetime": {"datetime": "2024-01-20 14:28:42", "elapsed": 288.977188, "delta": 0.000972}}
{"target": -12.340442639404277, "params": {"colsample_bytree": 0.8318164019106616, "eta": 0.08584031297751687, "gamma": 608.2817158759213, "max_depth": 4.0, "min_child_weight": 4249.473701583232, "num_boost_round": 14.0, "subsample": 0.5420020687071623}, "datetime": {"datetime": "2024-01-20 14:28:42", "elapsed": 288.978005, "delta": 0.000817}}
{"target": -12.341074691347863, "params": {"colsample_bytree": 0.8318164019106616, "eta": 0.08584031297751687, "gamma": 608.2817158759213, "max_depth": 4.0, "min_child_weight": 4249.473701583232, "num_boost_round": 15.0, "subsample": 0.5420020687071623}, "datetime": {"datetime": "2024-01-20 14:28:42", "elapsed": 288.97882, "delta": 0.000815}}
{"target": -12.341279559940284, "params": {"colsample_bytree": 0.8318164019106616, "eta": 0.08584031297751687, "gamma": 608.2817158759213, "max_depth": 4.0, "min_child_weight": 4249.473701583232, "num_boost_round": 16.0, "subsample": 0.5420020687071623}, "datetime": {"datetime": "2024-01-20 14:28:42", "elapsed": 288.979663, "delta": 0.000843}}
{"target": -12.341622530681805, "params": {"colsample_bytree": 0.8318164019106616, "eta": 0.08584031297751687, "gamma": 608.2817158759213, "max_depth": 4.0, "min_child_weight": 4249.473701583232, "num_boost_round": 17.0, "subsample": 0.5420020687071623}, "datetime": {"datetime": "2024-01-20 14:28:42", "elapsed": 288.980476, "delta": 0.000813}}
{"target": -12.341354823492985, "params": {"colsample_bytree": 0.8318164019106616, "eta": 0.08584031297751687, "gamma": 608.2817158759213, "max_depth": 4.0, "min_child_weight": 4249.473701583232, "num_boost_round": 18.0, "subsample": 0.5420020687071623}, "datetime": {"datetime": "2024-01-20 14:28:42", "elapsed": 288.981351, "delta": 0.000875}}
{"target": -12.35872378184311, "params": {"colsample_bytree": 0.1915049682130407, "eta": 0.015105551865704663, "gamma": 605.2681124811654, "max_depth": 2.0, "min_child_weight": 4236.518431445123, "num_boost_round": 1.0, "subsample": 0.8604280420221335}, "datetime": {"datetime": "2024-01-20 14:29:01", "elapsed": 307.348482, "delta": 18.367131}}
{"target": -12.35838586678017, "params": {"colsample_bytree": 0.1915049682130407, "eta": 0.015105551865704663, "gamma": 605.2681124811654, "max_depth": 2.0, "min_child_weight": 4236.518431445123, "num_boost_round": 2.0, "subsample": 0.8604280420221335}, "datetime": {"datetime": "2024-01-20 14:29:01", "elapsed": 307.349478, "delta": 0.000996}}
{"target": -12.357971473132594, "params": {"colsample_bytree": 0.1915049682130407, "eta": 0.015105551865704663, "gamma": 605.2681124811654, "max_depth": 2.0, "min_child_weight": 4236.518431445123, "num_boost_round": 3.0, "subsample": 0.8604280420221335}, "datetime": {"datetime": "2024-01-20 14:29:01", "elapsed": 307.350794, "delta": 0.001316}}
{"target": -12.358073486341262, "params": {"colsample_bytree": 0.1915049682130407, "eta": 0.015105551865704663, "gamma": 605.2681124811654, "max_depth": 2.0, "min_child_weight": 4236.518431445123, "num_boost_round": 4.0, "subsample": 0.8604280420221335}, "datetime": {"datetime": "2024-01-20 14:29:01", "elapsed": 307.352168, "delta": 0.001374}}
{"target": -12.35809876259059, "params": {"colsample_bytree": 0.1915049682130407, "eta": 0.015105551865704663, "gamma": 605.2681124811654, "max_depth": 2.0, "min_child_weight": 4236.518431445123, "num_boost_round": 5.0, "subsample": 0.8604280420221335}, "datetime": {"datetime": "2024-01-20 14:29:01", "elapsed": 307.353127, "delta": 0.000959}}
{"target": -12.358092015632904, "params": {"colsample_bytree": 0.1915049682130407, "eta": 0.015105551865704663, "gamma": 605.2681124811654, "max_depth": 2.0, "min_child_weight": 4236.518431445123, "num_boost_round": 6.0, "subsample": 0.8604280420221335}, "datetime": {"datetime": "2024-01-20 14:29:01", "elapsed": 307.353947, "delta": 0.00082}}
{"target": -12.358115201178258, "params": {"colsample_bytree": 0.1915049682130407, "eta": 0.015105551865704663, "gamma": 605.2681124811654, "max_depth": 2.0, "min_child_weight": 4236.518431445123, "num_boost_round": 7.0, "subsample": 0.8604280420221335}, "datetime": {"datetime": "2024-01-20 14:29:01", "elapsed": 307.354781, "delta": 0.000834}}
{"target": -12.35768408509223, "params": {"colsample_bytree": 0.1915049682130407, "eta": 0.015105551865704663, "gamma": 605.2681124811654, "max_depth": 2.0, "min_child_weight": 4236.518431445123, "num_boost_round": 8.0, "subsample": 0.8604280420221335}, "datetime": {"datetime": "2024-01-20 14:29:01", "elapsed": 307.355605, "delta": 0.000824}}
{"target": -12.35770018237876, "params": {"colsample_bytree": 0.1915049682130407, "eta": 0.015105551865704663, "gamma": 605.2681124811654, "max_depth": 2.0, "min_child_weight": 4236.518431445123, "num_boost_round": 9.0, "subsample": 0.8604280420221335}, "datetime": {"datetime": "2024-01-20 14:29:01", "elapsed": 307.35644, "delta": 0.000835}}
{"target": -12.357389522608507, "params": {"colsample_bytree": 0.1915049682130407, "eta": 0.015105551865704663, "gamma": 605.2681124811654, "max_depth": 2.0, "min_child_weight": 4236.518431445123, "num_boost_round": 10.0, "subsample": 0.8604280420221335}, "datetime": {"datetime": "2024-01-20 14:29:01", "elapsed": 307.357431, "delta": 0.000991}}
{"target": -12.357022632568123, "params": {"colsample_bytree": 0.1915049682130407, "eta": 0.015105551865704663, "gamma": 605.2681124811654, "max_depth": 2.0, "min_child_weight": 4236.518431445123, "num_boost_round": 11.0, "subsample": 0.8604280420221335}, "datetime": {"datetime": "2024-01-20 14:29:01", "elapsed": 307.358262, "delta": 0.000831}}
{"target": -12.35703392669172, "params": {"colsample_bytree": 0.1915049682130407, "eta": 0.015105551865704663, "gamma": 605.2681124811654, "max_depth": 2.0, "min_child_weight": 4236.518431445123, "num_boost_round": 12.0, "subsample": 0.8604280420221335}, "datetime": {"datetime": "2024-01-20 14:29:01", "elapsed": 307.359076, "delta": 0.000814}}
{"target": -12.357128636384086, "params": {"colsample_bytree": 0.1915049682130407, "eta": 0.015105551865704663, "gamma": 605.2681124811654, "max_depth": 2.0, "min_child_weight": 4236.518431445123, "num_boost_round": 13.0, "subsample": 0.8604280420221335}, "datetime": {"datetime": "2024-01-20 14:29:01", "elapsed": 307.359901, "delta": 0.000825}}
{"target": -12.357142540969399, "params": {"colsample_bytree": 0.1915049682130407, "eta": 0.015105551865704663, "gamma": 605.2681124811654, "max_depth": 2.0, "min_child_weight": 4236.518431445123, "num_boost_round": 14.0, "subsample": 0.8604280420221335}, "datetime": {"datetime": "2024-01-20 14:29:01", "elapsed": 307.360724, "delta": 0.000823}}
{"target": -12.35672005689344, "params": {"colsample_bytree": 0.1915049682130407, "eta": 0.015105551865704663, "gamma": 605.2681124811654, "max_depth": 2.0, "min_child_weight": 4236.518431445123, "num_boost_round": 15.0, "subsample": 0.8604280420221335}, "datetime": {"datetime": "2024-01-20 14:29:01", "elapsed": 307.361629, "delta": 0.000905}}
{"target": -12.35669742805725, "params": {"colsample_bytree": 0.1915049682130407, "eta": 0.015105551865704663, "gamma": 605.2681124811654, "max_depth": 2.0, "min_child_weight": 4236.518431445123, "num_boost_round": 16.0, "subsample": 0.8604280420221335}, "datetime": {"datetime": "2024-01-20 14:29:01", "elapsed": 307.362475, "delta": 0.000846}}
{"target": -12.356795383057133, "params": {"colsample_bytree": 0.1915049682130407, "eta": 0.015105551865704663, "gamma": 605.2681124811654, "max_depth": 2.0, "min_child_weight": 4236.518431445123, "num_boost_round": 17.0, "subsample": 0.8604280420221335}, "datetime": {"datetime": "2024-01-20 14:29:01", "elapsed": 307.3633, "delta": 0.000825}}
{"target": -12.35679664417338, "params": {"colsample_bytree": 0.1915049682130407, "eta": 0.015105551865704663, "gamma": 605.2681124811654, "max_depth": 2.0, "min_child_weight": 4236.518431445123, "num_boost_round": 18.0, "subsample": 0.8604280420221335}, "datetime": {"datetime": "2024-01-20 14:29:01", "elapsed": 307.364129, "delta": 0.000829}}
{"target": -12.35680118747021, "params": {"colsample_bytree": 0.1915049682130407, "eta": 0.015105551865704663, "gamma": 605.2681124811654, "max_depth": 2.0, "min_child_weight": 4236.518431445123, "num_boost_round": 19.0, "subsample": 0.8604280420221335}, "datetime": {"datetime": "2024-01-20 14:29:01", "elapsed": 307.364949, "delta": 0.00082}}
{"target": -12.358244728423731, "params": {"colsample_bytree": 0.2541329416897754, "eta": 0.013624744593222798, "gamma": 609.4174168858659, "max_depth": 4.0, "min_child_weight": 4249.1410293451945, "num_boost_round": 1.0, "subsample": 0.8057852926484085}, "datetime": {"datetime": "2024-01-20 14:29:24", "elapsed": 330.8682, "delta": 23.503251}}
{"target": -12.35795384566643, "params": {"colsample_bytree": 0.2541329416897754, "eta": 0.013624744593222798, "gamma": 609.4174168858659, "max_depth": 4.0, "min_child_weight": 4249.1410293451945, "num_boost_round": 2.0, "subsample": 0.8057852926484085}, "datetime": {"datetime": "2024-01-20 14:29:24", "elapsed": 330.869544, "delta": 0.001344}}
