{"target": -10.477077087746956, "params": {"colsample_bytree": 0.35601145901616027, "eta": 0.039656466277449925, "gamma": 894.3802155659702, "max_depth": 9.0, "min_child_weight": 1993.8082435736242, "num_boost_round": 24.0, "subsample": 0.5362743527255595}, "datetime": {"datetime": "2024-01-20 14:15:39", "elapsed": 3031.564836, "delta": 0.003192}}
{"target": -10.476093130349476, "params": {"colsample_bytree": 0.33986985790372376, "eta": 0.09313300922501982, "gamma": 998.6636621500102, "max_depth": 3.0, "min_child_weight": 2016.0761982003153, "num_boost_round": 1.0, "subsample": 0.49109504014804206}, "datetime": {"datetime": "2024-01-20 14:16:33", "elapsed": 3085.147794, "delta": 53.582958}}
{"target": -10.476127200040747, "params": {"colsample_bytree": 0.33986985790372376, "eta": 0.09313300922501982, "gamma": 998.6636621500102, "max_depth": 3.0, "min_child_weight": 2016.0761982003153, "num_boost_round": 2.0, "subsample": 0.49109504014804206}, "datetime": {"datetime": "2024-01-20 14:16:33", "elapsed": 3085.152308, "delta": 0.004514}}
{"target": -10.476746026559947, "params": {"colsample_bytree": 0.33986985790372376, "eta": 0.09313300922501982, "gamma": 998.6636621500102, "max_depth": 3.0, "min_child_weight": 2016.0761982003153, "num_boost_round": 3.0, "subsample": 0.49109504014804206}, "datetime": {"datetime": "2024-01-20 14:16:33", "elapsed": 3085.155674, "delta": 0.003366}}
{"target": -10.476551751339088, "params": {"colsample_bytree": 0.33986985790372376, "eta": 0.09313300922501982, "gamma": 998.6636621500102, "max_depth": 3.0, "min_child_weight": 2016.0761982003153, "num_boost_round": 4.0, "subsample": 0.49109504014804206}, "datetime": {"datetime": "2024-01-20 14:16:33", "elapsed": 3085.159269, "delta": 0.003595}}
{"target": -10.476424310288603, "params": {"colsample_bytree": 0.33986985790372376, "eta": 0.09313300922501982, "gamma": 998.6636621500102, "max_depth": 3.0, "min_child_weight": 2016.0761982003153, "num_boost_round": 5.0, "subsample": 0.49109504014804206}, "datetime": {"datetime": "2024-01-20 14:16:33", "elapsed": 3085.162656, "delta": 0.003387}}
{"target": -10.477261411658796, "params": {"colsample_bytree": 0.33986985790372376, "eta": 0.09313300922501982, "gamma": 998.6636621500102, "max_depth": 3.0, "min_child_weight": 2016.0761982003153, "num_boost_round": 6.0, "subsample": 0.49109504014804206}, "datetime": {"datetime": "2024-01-20 14:16:33", "elapsed": 3085.165976, "delta": 0.00332}}
{"target": -10.477712078721513, "params": {"colsample_bytree": 0.33986985790372376, "eta": 0.09313300922501982, "gamma": 998.6636621500102, "max_depth": 3.0, "min_child_weight": 2016.0761982003153, "num_boost_round": 7.0, "subsample": 0.49109504014804206}, "datetime": {"datetime": "2024-01-20 14:16:33", "elapsed": 3085.169278, "delta": 0.003302}}
{"target": -10.477779531186375, "params": {"colsample_bytree": 0.33986985790372376, "eta": 0.09313300922501982, "gamma": 998.6636621500102, "max_depth": 3.0, "min_child_weight": 2016.0761982003153, "num_boost_round": 8.0, "subsample": 0.49109504014804206}, "datetime": {"datetime": "2024-01-20 14:16:33", "elapsed": 3085.172536, "delta": 0.003258}}
{"target": -10.477921289061545, "params": {"colsample_bytree": 0.33986985790372376, "eta": 0.09313300922501982, "gamma": 998.6636621500102, "max_depth": 3.0, "min_child_weight": 2016.0761982003153, "num_boost_round": 9.0, "subsample": 0.49109504014804206}, "datetime": {"datetime": "2024-01-20 14:16:33", "elapsed": 3085.175782, "delta": 0.003246}}
{"target": -10.478230374745646, "params": {"colsample_bytree": 0.33986985790372376, "eta": 0.09313300922501982, "gamma": 998.6636621500102, "max_depth": 3.0, "min_child_weight": 2016.0761982003153, "num_boost_round": 10.0, "subsample": 0.49109504014804206}, "datetime": {"datetime": "2024-01-20 14:16:33", "elapsed": 3085.179185, "delta": 0.003403}}
{"target": -10.478925404648553, "params": {"colsample_bytree": 0.33986985790372376, "eta": 0.09313300922501982, "gamma": 998.6636621500102, "max_depth": 3.0, "min_child_weight": 2016.0761982003153, "num_boost_round": 11.0, "subsample": 0.49109504014804206}, "datetime": {"datetime": "2024-01-20 14:16:33", "elapsed": 3085.182433, "delta": 0.003248}}
{"target": -10.479571002398092, "params": {"colsample_bytree": 0.33986985790372376, "eta": 0.09313300922501982, "gamma": 998.6636621500102, "max_depth": 3.0, "min_child_weight": 2016.0761982003153, "num_boost_round": 12.0, "subsample": 0.49109504014804206}, "datetime": {"datetime": "2024-01-20 14:16:33", "elapsed": 3085.185683, "delta": 0.00325}}
{"target": -10.479634073132441, "params": {"colsample_bytree": 0.33986985790372376, "eta": 0.09313300922501982, "gamma": 998.6636621500102, "max_depth": 3.0, "min_child_weight": 2016.0761982003153, "num_boost_round": 13.0, "subsample": 0.49109504014804206}, "datetime": {"datetime": "2024-01-20 14:16:33", "elapsed": 3085.188932, "delta": 0.003249}}
{"target": -10.47995840318513, "params": {"colsample_bytree": 0.33986985790372376, "eta": 0.09313300922501982, "gamma": 998.6636621500102, "max_depth": 3.0, "min_child_weight": 2016.0761982003153, "num_boost_round": 14.0, "subsample": 0.49109504014804206}, "datetime": {"datetime": "2024-01-20 14:16:33", "elapsed": 3085.192278, "delta": 0.003346}}
{"target": -10.480592568571254, "params": {"colsample_bytree": 0.33986985790372376, "eta": 0.09313300922501982, "gamma": 998.6636621500102, "max_depth": 3.0, "min_child_weight": 2016.0761982003153, "num_boost_round": 15.0, "subsample": 0.49109504014804206}, "datetime": {"datetime": "2024-01-20 14:16:33", "elapsed": 3085.195564, "delta": 0.003286}}
{"target": -10.480659978518617, "params": {"colsample_bytree": 0.33986985790372376, "eta": 0.09313300922501982, "gamma": 998.6636621500102, "max_depth": 3.0, "min_child_weight": 2016.0761982003153, "num_boost_round": 16.0, "subsample": 0.49109504014804206}, "datetime": {"datetime": "2024-01-20 14:16:33", "elapsed": 3085.198978, "delta": 0.003414}}
{"target": -10.481203840215816, "params": {"colsample_bytree": 0.33986985790372376, "eta": 0.09313300922501982, "gamma": 998.6636621500102, "max_depth": 3.0, "min_child_weight": 2016.0761982003153, "num_boost_round": 17.0, "subsample": 0.49109504014804206}, "datetime": {"datetime": "2024-01-20 14:16:33", "elapsed": 3085.202295, "delta": 0.003317}}
{"target": -10.481429318463347, "params": {"colsample_bytree": 0.33986985790372376, "eta": 0.09313300922501982, "gamma": 998.6636621500102, "max_depth": 3.0, "min_child_weight": 2016.0761982003153, "num_boost_round": 18.0, "subsample": 0.49109504014804206}, "datetime": {"datetime": "2024-01-20 14:16:33", "elapsed": 3085.205567, "delta": 0.003272}}
{"target": -10.481988644739495, "params": {"colsample_bytree": 0.33986985790372376, "eta": 0.09313300922501982, "gamma": 998.6636621500102, "max_depth": 3.0, "min_child_weight": 2016.0761982003153, "num_boost_round": 19.0, "subsample": 0.49109504014804206}, "datetime": {"datetime": "2024-01-20 14:16:33", "elapsed": 3085.208849, "delta": 0.003282}}
{"target": -10.48226024849279, "params": {"colsample_bytree": 0.33986985790372376, "eta": 0.09313300922501982, "gamma": 998.6636621500102, "max_depth": 3.0, "min_child_weight": 2016.0761982003153, "num_boost_round": 20.0, "subsample": 0.49109504014804206}, "datetime": {"datetime": "2024-01-20 14:16:33", "elapsed": 3085.212271, "delta": 0.003422}}
{"target": -10.482827612699927, "params": {"colsample_bytree": 0.33986985790372376, "eta": 0.09313300922501982, "gamma": 998.6636621500102, "max_depth": 3.0, "min_child_weight": 2016.0761982003153, "num_boost_round": 21.0, "subsample": 0.49109504014804206}, "datetime": {"datetime": "2024-01-20 14:16:33", "elapsed": 3085.215711, "delta": 0.00344}}
{"target": -10.48304708692174, "params": {"colsample_bytree": 0.33986985790372376, "eta": 0.09313300922501982, "gamma": 998.6636621500102, "max_depth": 3.0, "min_child_weight": 2016.0761982003153, "num_boost_round": 22.0, "subsample": 0.49109504014804206}, "datetime": {"datetime": "2024-01-20 14:16:33", "elapsed": 3085.219138, "delta": 0.003427}}
{"target": -10.483219447653621, "params": {"colsample_bytree": 0.33986985790372376, "eta": 0.09313300922501982, "gamma": 998.6636621500102, "max_depth": 3.0, "min_child_weight": 2016.0761982003153, "num_boost_round": 23.0, "subsample": 0.49109504014804206}, "datetime": {"datetime": "2024-01-20 14:16:33", "elapsed": 3085.222524, "delta": 0.003386}}
{"target": -10.483813809912025, "params": {"colsample_bytree": 0.33986985790372376, "eta": 0.09313300922501982, "gamma": 998.6636621500102, "max_depth": 3.0, "min_child_weight": 2016.0761982003153, "num_boost_round": 24.0, "subsample": 0.49109504014804206}, "datetime": {"datetime": "2024-01-20 14:16:33", "elapsed": 3085.225805, "delta": 0.003281}}
{"target": -10.483814867723968, "params": {"colsample_bytree": 0.33986985790372376, "eta": 0.09313300922501982, "gamma": 998.6636621500102, "max_depth": 3.0, "min_child_weight": 2016.0761982003153, "num_boost_round": 25.0, "subsample": 0.49109504014804206}, "datetime": {"datetime": "2024-01-20 14:16:33", "elapsed": 3085.229213, "delta": 0.003408}}
{"target": -10.483583658996485, "params": {"colsample_bytree": 0.33986985790372376, "eta": 0.09313300922501982, "gamma": 998.6636621500102, "max_depth": 3.0, "min_child_weight": 2016.0761982003153, "num_boost_round": 26.0, "subsample": 0.49109504014804206}, "datetime": {"datetime": "2024-01-20 14:16:33", "elapsed": 3085.232458, "delta": 0.003245}}
{"target": -10.484265267168311, "params": {"colsample_bytree": 0.33986985790372376, "eta": 0.09313300922501982, "gamma": 998.6636621500102, "max_depth": 3.0, "min_child_weight": 2016.0761982003153, "num_boost_round": 27.0, "subsample": 0.49109504014804206}, "datetime": {"datetime": "2024-01-20 14:16:33", "elapsed": 3085.235771, "delta": 0.003313}}
{"target": -10.484251255340464, "params": {"colsample_bytree": 0.33986985790372376, "eta": 0.09313300922501982, "gamma": 998.6636621500102, "max_depth": 3.0, "min_child_weight": 2016.0761982003153, "num_boost_round": 28.0, "subsample": 0.49109504014804206}, "datetime": {"datetime": "2024-01-20 14:16:33", "elapsed": 3085.239129, "delta": 0.003358}}
{"target": -10.484343210084788, "params": {"colsample_bytree": 0.33986985790372376, "eta": 0.09313300922501982, "gamma": 998.6636621500102, "max_depth": 3.0, "min_child_weight": 2016.0761982003153, "num_boost_round": 29.0, "subsample": 0.49109504014804206}, "datetime": {"datetime": "2024-01-20 14:16:33", "elapsed": 3085.24252, "delta": 0.003391}}
{"target": -10.484695065435789, "params": {"colsample_bytree": 0.33986985790372376, "eta": 0.09313300922501982, "gamma": 998.6636621500102, "max_depth": 3.0, "min_child_weight": 2016.0761982003153, "num_boost_round": 30.0, "subsample": 0.49109504014804206}, "datetime": {"datetime": "2024-01-20 14:16:33", "elapsed": 3085.245847, "delta": 0.003327}}
{"target": -10.485161348702432, "params": {"colsample_bytree": 0.33986985790372376, "eta": 0.09313300922501982, "gamma": 998.6636621500102, "max_depth": 3.0, "min_child_weight": 2016.0761982003153, "num_boost_round": 31.0, "subsample": 0.49109504014804206}, "datetime": {"datetime": "2024-01-20 14:16:33", "elapsed": 3085.24923, "delta": 0.003383}}
{"target": -10.485321728400688, "params": {"colsample_bytree": 0.33986985790372376, "eta": 0.09313300922501982, "gamma": 998.6636621500102, "max_depth": 3.0, "min_child_weight": 2016.0761982003153, "num_boost_round": 32.0, "subsample": 0.49109504014804206}, "datetime": {"datetime": "2024-01-20 14:16:33", "elapsed": 3085.252532, "delta": 0.003302}}
{"target": -10.485599755481065, "params": {"colsample_bytree": 0.33986985790372376, "eta": 0.09313300922501982, "gamma": 998.6636621500102, "max_depth": 3.0, "min_child_weight": 2016.0761982003153, "num_boost_round": 33.0, "subsample": 0.49109504014804206}, "datetime": {"datetime": "2024-01-20 14:16:33", "elapsed": 3085.255854, "delta": 0.003322}}
{"target": -10.474834370782053, "params": {"colsample_bytree": 0.8600725395270173, "eta": 0.09996104666326762, "gamma": 803.9931879187625, "max_depth": 4.0, "min_child_weight": 2130.5955472015303, "num_boost_round": 1.0, "subsample": 0.2580426736932337}, "datetime": {"datetime": "2024-01-20 14:17:21", "elapsed": 3133.424143, "delta": 48.168289}}
{"target": -10.473988212302359, "params": {"colsample_bytree": 0.8600725395270173, "eta": 0.09996104666326762, "gamma": 803.9931879187625, "max_depth": 4.0, "min_child_weight": 2130.5955472015303, "num_boost_round": 2.0, "subsample": 0.2580426736932337}, "datetime": {"datetime": "2024-01-20 14:17:21", "elapsed": 3133.428228, "delta": 0.004085}}
{"target": -10.473707620971325, "params": {"colsample_bytree": 0.8600725395270173, "eta": 0.09996104666326762, "gamma": 803.9931879187625, "max_depth": 4.0, "min_child_weight": 2130.5955472015303, "num_boost_round": 3.0, "subsample": 0.2580426736932337}, "datetime": {"datetime": "2024-01-20 14:17:21", "elapsed": 3133.43174, "delta": 0.003512}}
{"target": -10.473333553729155, "params": {"colsample_bytree": 0.8600725395270173, "eta": 0.09996104666326762, "gamma": 803.9931879187625, "max_depth": 4.0, "min_child_weight": 2130.5955472015303, "num_boost_round": 4.0, "subsample": 0.2580426736932337}, "datetime": {"datetime": "2024-01-20 14:17:21", "elapsed": 3133.435106, "delta": 0.003366}}
{"target": -10.473137394941402, "params": {"colsample_bytree": 0.8600725395270173, "eta": 0.09996104666326762, "gamma": 803.9931879187625, "max_depth": 4.0, "min_child_weight": 2130.5955472015303, "num_boost_round": 5.0, "subsample": 0.2580426736932337}, "datetime": {"datetime": "2024-01-20 14:17:21", "elapsed": 3133.438542, "delta": 0.003436}}
{"target": -10.473464665468951, "params": {"colsample_bytree": 0.8600725395270173, "eta": 0.09996104666326762, "gamma": 803.9931879187625, "max_depth": 4.0, "min_child_weight": 2130.5955472015303, "num_boost_round": 6.0, "subsample": 0.2580426736932337}, "datetime": {"datetime": "2024-01-20 14:17:21", "elapsed": 3133.441845, "delta": 0.003303}}
{"target": -10.473526576258346, "params": {"colsample_bytree": 0.8600725395270173, "eta": 0.09996104666326762, "gamma": 803.9931879187625, "max_depth": 4.0, "min_child_weight": 2130.5955472015303, "num_boost_round": 7.0, "subsample": 0.2580426736932337}, "datetime": {"datetime": "2024-01-20 14:17:21", "elapsed": 3133.445199, "delta": 0.003354}}
{"target": -10.473970200070287, "params": {"colsample_bytree": 0.8600725395270173, "eta": 0.09996104666326762, "gamma": 803.9931879187625, "max_depth": 4.0, "min_child_weight": 2130.5955472015303, "num_boost_round": 8.0, "subsample": 0.2580426736932337}, "datetime": {"datetime": "2024-01-20 14:17:21", "elapsed": 3133.44867, "delta": 0.003471}}
{"target": -10.476084657740198, "params": {"colsample_bytree": 0.10348652640453462, "eta": 0.07870041653095701, "gamma": 745.928657018637, "max_depth": 4.0, "min_child_weight": 2173.77348524552, "num_boost_round": 1.0, "subsample": 0.619272163017632}, "datetime": {"datetime": "2024-01-20 14:18:16", "elapsed": 3188.094621, "delta": 54.645951}}
{"target": -10.476093122968997, "params": {"colsample_bytree": 0.10348652640453462, "eta": 0.07870041653095701, "gamma": 745.928657018637, "max_depth": 4.0, "min_child_weight": 2173.77348524552, "num_boost_round": 2.0, "subsample": 0.619272163017632}, "datetime": {"datetime": "2024-01-20 14:18:16", "elapsed": 3188.099628, "delta": 0.005007}}
{"target": -10.476456707150618, "params": {"colsample_bytree": 0.10348652640453462, "eta": 0.07870041653095701, "gamma": 745.928657018637, "max_depth": 4.0, "min_child_weight": 2173.77348524552, "num_boost_round": 3.0, "subsample": 0.619272163017632}, "datetime": {"datetime": "2024-01-20 14:18:16", "elapsed": 3188.10338, "delta": 0.003752}}
{"target": -10.476651927151266, "params": {"colsample_bytree": 0.10348652640453462, "eta": 0.07870041653095701, "gamma": 745.928657018637, "max_depth": 4.0, "min_child_weight": 2173.77348524552, "num_boost_round": 4.0, "subsample": 0.619272163017632}, "datetime": {"datetime": "2024-01-20 14:18:16", "elapsed": 3188.106853, "delta": 0.003473}}
{"target": -10.47681437464222, "params": {"colsample_bytree": 0.10348652640453462, "eta": 0.07870041653095701, "gamma": 745.928657018637, "max_depth": 4.0, "min_child_weight": 2173.77348524552, "num_boost_round": 5.0, "subsample": 0.619272163017632}, "datetime": {"datetime": "2024-01-20 14:18:16", "elapsed": 3188.110483, "delta": 0.00363}}
{"target": -10.476880548564143, "params": {"colsample_bytree": 0.10348652640453462, "eta": 0.07870041653095701, "gamma": 745.928657018637, "max_depth": 4.0, "min_child_weight": 2173.77348524552, "num_boost_round": 6.0, "subsample": 0.619272163017632}, "datetime": {"datetime": "2024-01-20 14:18:16", "elapsed": 3188.11406, "delta": 0.003577}}
{"target": -10.477222732916974, "params": {"colsample_bytree": 0.10348652640453462, "eta": 0.07870041653095701, "gamma": 745.928657018637, "max_depth": 4.0, "min_child_weight": 2173.77348524552, "num_boost_round": 7.0, "subsample": 0.619272163017632}, "datetime": {"datetime": "2024-01-20 14:18:16", "elapsed": 3188.11768, "delta": 0.00362}}
{"target": -10.477755551874651, "params": {"colsample_bytree": 0.10348652640453462, "eta": 0.07870041653095701, "gamma": 745.928657018637, "max_depth": 4.0, "min_child_weight": 2173.77348524552, "num_boost_round": 8.0, "subsample": 0.619272163017632}, "datetime": {"datetime": "2024-01-20 14:18:16", "elapsed": 3188.12137, "delta": 0.00369}}
{"target": -10.47758192435655, "params": {"colsample_bytree": 0.10348652640453462, "eta": 0.07870041653095701, "gamma": 745.928657018637, "max_depth": 4.0, "min_child_weight": 2173.77348524552, "num_boost_round": 9.0, "subsample": 0.619272163017632}, "datetime": {"datetime": "2024-01-20 14:18:16", "elapsed": 3188.124834, "delta": 0.003464}}
{"target": -10.478783873756008, "params": {"colsample_bytree": 0.10348652640453462, "eta": 0.07870041653095701, "gamma": 745.928657018637, "max_depth": 4.0, "min_child_weight": 2173.77348524552, "num_boost_round": 10.0, "subsample": 0.619272163017632}, "datetime": {"datetime": "2024-01-20 14:18:16", "elapsed": 3188.128773, "delta": 0.003939}}
{"target": -10.479530929235903, "params": {"colsample_bytree": 0.10348652640453462, "eta": 0.07870041653095701, "gamma": 745.928657018637, "max_depth": 4.0, "min_child_weight": 2173.77348524552, "num_boost_round": 11.0, "subsample": 0.619272163017632}, "datetime": {"datetime": "2024-01-20 14:18:16", "elapsed": 3188.132464, "delta": 0.003691}}
{"target": -10.479787322527933, "params": {"colsample_bytree": 0.10348652640453462, "eta": 0.07870041653095701, "gamma": 745.928657018637, "max_depth": 4.0, "min_child_weight": 2173.77348524552, "num_boost_round": 12.0, "subsample": 0.619272163017632}, "datetime": {"datetime": "2024-01-20 14:18:16", "elapsed": 3188.136001, "delta": 0.003537}}
{"target": -10.479999359424918, "params": {"colsample_bytree": 0.10348652640453462, "eta": 0.07870041653095701, "gamma": 745.928657018637, "max_depth": 4.0, "min_child_weight": 2173.77348524552, "num_boost_round": 13.0, "subsample": 0.619272163017632}, "datetime": {"datetime": "2024-01-20 14:18:16", "elapsed": 3188.1396, "delta": 0.003599}}
{"target": -10.480147671173857, "params": {"colsample_bytree": 0.10348652640453462, "eta": 0.07870041653095701, "gamma": 745.928657018637, "max_depth": 4.0, "min_child_weight": 2173.77348524552, "num_boost_round": 14.0, "subsample": 0.619272163017632}, "datetime": {"datetime": "2024-01-20 14:18:16", "elapsed": 3188.143449, "delta": 0.003849}}
{"target": -10.480625400525769, "params": {"colsample_bytree": 0.10348652640453462, "eta": 0.07870041653095701, "gamma": 745.928657018637, "max_depth": 4.0, "min_child_weight": 2173.77348524552, "num_boost_round": 15.0, "subsample": 0.619272163017632}, "datetime": {"datetime": "2024-01-20 14:18:16", "elapsed": 3188.147058, "delta": 0.003609}}
{"target": -10.48067024525313, "params": {"colsample_bytree": 0.10348652640453462, "eta": 0.07870041653095701, "gamma": 745.928657018637, "max_depth": 4.0, "min_child_weight": 2173.77348524552, "num_boost_round": 16.0, "subsample": 0.619272163017632}, "datetime": {"datetime": "2024-01-20 14:18:16", "elapsed": 3188.150613, "delta": 0.003555}}
{"target": -10.480627475834588, "params": {"colsample_bytree": 0.10348652640453462, "eta": 0.07870041653095701, "gamma": 745.928657018637, "max_depth": 4.0, "min_child_weight": 2173.77348524552, "num_boost_round": 17.0, "subsample": 0.619272163017632}, "datetime": {"datetime": "2024-01-20 14:18:16", "elapsed": 3188.154117, "delta": 0.003504}}
{"target": -10.480701665277167, "params": {"colsample_bytree": 0.10348652640453462, "eta": 0.07870041653095701, "gamma": 745.928657018637, "max_depth": 4.0, "min_child_weight": 2173.77348524552, "num_boost_round": 18.0, "subsample": 0.619272163017632}, "datetime": {"datetime": "2024-01-20 14:18:16", "elapsed": 3188.15777, "delta": 0.003653}}
{"target": -10.481304060042937, "params": {"colsample_bytree": 0.10348652640453462, "eta": 0.07870041653095701, "gamma": 745.928657018637, "max_depth": 4.0, "min_child_weight": 2173.77348524552, "num_boost_round": 19.0, "subsample": 0.619272163017632}, "datetime": {"datetime": "2024-01-20 14:18:16", "elapsed": 3188.161385, "delta": 0.003615}}
{"target": -10.481374105428873, "params": {"colsample_bytree": 0.10348652640453462, "eta": 0.07870041653095701, "gamma": 745.928657018637, "max_depth": 4.0, "min_child_weight": 2173.77348524552, "num_boost_round": 20.0, "subsample": 0.619272163017632}, "datetime": {"datetime": "2024-01-20 14:18:16", "elapsed": 3188.165175, "delta": 0.00379}}
{"target": -10.481948024476862, "params": {"colsample_bytree": 0.10348652640453462, "eta": 0.07870041653095701, "gamma": 745.928657018637, "max_depth": 4.0, "min_child_weight": 2173.77348524552, "num_boost_round": 21.0, "subsample": 0.619272163017632}, "datetime": {"datetime": "2024-01-20 14:18:16", "elapsed": 3188.168596, "delta": 0.003421}}
