{"target": -12.350824799579545, "params": {"colsample_bytree": 0.8966605182711533, "eta": 0.04824477686627545, "gamma": 531.999628291154, "max_depth": 5.0, "min_child_weight": 4223.076488781691, "num_boost_round": 106.0, "subsample": 0.4698322075345691}, "datetime": {"datetime": "2024-01-20 16:15:35", "elapsed": 6702.023996, "delta": 0.006974}}
{"target": -12.350956767108121, "params": {"colsample_bytree": 0.8966605182711533, "eta": 0.04824477686627545, "gamma": 531.999628291154, "max_depth": 5.0, "min_child_weight": 4223.076488781691, "num_boost_round": 107.0, "subsample": 0.4698322075345691}, "datetime": {"datetime": "2024-01-20 16:15:35", "elapsed": 6702.031873, "delta": 0.007877}}
{"target": -12.350956421045785, "params": {"colsample_bytree": 0.8966605182711533, "eta": 0.04824477686627545, "gamma": 531.999628291154, "max_depth": 5.0, "min_child_weight": 4223.076488781691, "num_boost_round": 108.0, "subsample": 0.4698322075345691}, "datetime": {"datetime": "2024-01-20 16:15:35", "elapsed": 6702.039852, "delta": 0.007979}}
{"target": -12.350844303543681, "params": {"colsample_bytree": 0.8966605182711533, "eta": 0.04824477686627545, "gamma": 531.999628291154, "max_depth": 5.0, "min_child_weight": 4223.076488781691, "num_boost_round": 109.0, "subsample": 0.4698322075345691}, "datetime": {"datetime": "2024-01-20 16:15:35", "elapsed": 6702.047468, "delta": 0.007616}}
{"target": -12.351015146754287, "params": {"colsample_bytree": 0.8966605182711533, "eta": 0.04824477686627545, "gamma": 531.999628291154, "max_depth": 5.0, "min_child_weight": 4223.076488781691, "num_boost_round": 110.0, "subsample": 0.4698322075345691}, "datetime": {"datetime": "2024-01-20 16:15:35", "elapsed": 6702.05455, "delta": 0.007082}}
{"target": -12.351193998378607, "params": {"colsample_bytree": 0.8966605182711533, "eta": 0.04824477686627545, "gamma": 531.999628291154, "max_depth": 5.0, "min_child_weight": 4223.076488781691, "num_boost_round": 111.0, "subsample": 0.4698322075345691}, "datetime": {"datetime": "2024-01-20 16:15:35", "elapsed": 6702.061808, "delta": 0.007258}}
{"target": -12.351404350744634, "params": {"colsample_bytree": 0.8966605182711533, "eta": 0.04824477686627545, "gamma": 531.999628291154, "max_depth": 5.0, "min_child_weight": 4223.076488781691, "num_boost_round": 112.0, "subsample": 0.4698322075345691}, "datetime": {"datetime": "2024-01-20 16:15:35", "elapsed": 6702.068771, "delta": 0.006963}}
{"target": -12.351259822267476, "params": {"colsample_bytree": 0.8966605182711533, "eta": 0.04824477686627545, "gamma": 531.999628291154, "max_depth": 5.0, "min_child_weight": 4223.076488781691, "num_boost_round": 113.0, "subsample": 0.4698322075345691}, "datetime": {"datetime": "2024-01-20 16:15:35", "elapsed": 6702.075643, "delta": 0.006872}}
{"target": -12.351513346488263, "params": {"colsample_bytree": 0.8966605182711533, "eta": 0.04824477686627545, "gamma": 531.999628291154, "max_depth": 5.0, "min_child_weight": 4223.076488781691, "num_boost_round": 114.0, "subsample": 0.4698322075345691}, "datetime": {"datetime": "2024-01-20 16:15:35", "elapsed": 6702.08253, "delta": 0.006887}}
{"target": -12.35163317757145, "params": {"colsample_bytree": 0.8966605182711533, "eta": 0.04824477686627545, "gamma": 531.999628291154, "max_depth": 5.0, "min_child_weight": 4223.076488781691, "num_boost_round": 115.0, "subsample": 0.4698322075345691}, "datetime": {"datetime": "2024-01-20 16:15:35", "elapsed": 6702.08982, "delta": 0.00729}}
{"target": -12.35164714336073, "params": {"colsample_bytree": 0.8966605182711533, "eta": 0.04824477686627545, "gamma": 531.999628291154, "max_depth": 5.0, "min_child_weight": 4223.076488781691, "num_boost_round": 116.0, "subsample": 0.4698322075345691}, "datetime": {"datetime": "2024-01-20 16:15:35", "elapsed": 6702.096929, "delta": 0.007109}}
{"target": -12.351799995567985, "params": {"colsample_bytree": 0.8966605182711533, "eta": 0.04824477686627545, "gamma": 531.999628291154, "max_depth": 5.0, "min_child_weight": 4223.076488781691, "num_boost_round": 117.0, "subsample": 0.4698322075345691}, "datetime": {"datetime": "2024-01-20 16:15:35", "elapsed": 6702.10399, "delta": 0.007061}}
{"target": -12.351726804734145, "params": {"colsample_bytree": 0.8966605182711533, "eta": 0.04824477686627545, "gamma": 531.999628291154, "max_depth": 5.0, "min_child_weight": 4223.076488781691, "num_boost_round": 118.0, "subsample": 0.4698322075345691}, "datetime": {"datetime": "2024-01-20 16:15:35", "elapsed": 6702.110946, "delta": 0.006956}}
{"target": -12.35675208681358, "params": {"colsample_bytree": 0.5964976089770486, "eta": 0.06016258825367914, "gamma": 702.8194266105294, "max_depth": 8.0, "min_child_weight": 4277.401893914281, "num_boost_round": 1.0, "subsample": 0.39739099150207047}, "datetime": {"datetime": "2024-01-20 16:17:27", "elapsed": 6813.578449, "delta": 111.467503}}
{"target": -12.355159447912252, "params": {"colsample_bytree": 0.5964976089770486, "eta": 0.06016258825367914, "gamma": 702.8194266105294, "max_depth": 8.0, "min_child_weight": 4277.401893914281, "num_boost_round": 2.0, "subsample": 0.39739099150207047}, "datetime": {"datetime": "2024-01-20 16:17:27", "elapsed": 6813.588037, "delta": 0.009588}}
{"target": -12.351825155081816, "params": {"colsample_bytree": 0.5964976089770486, "eta": 0.06016258825367914, "gamma": 702.8194266105294, "max_depth": 8.0, "min_child_weight": 4277.401893914281, "num_boost_round": 3.0, "subsample": 0.39739099150207047}, "datetime": {"datetime": "2024-01-20 16:17:27", "elapsed": 6813.595431, "delta": 0.007394}}
{"target": -12.352465509183231, "params": {"colsample_bytree": 0.5964976089770486, "eta": 0.06016258825367914, "gamma": 702.8194266105294, "max_depth": 8.0, "min_child_weight": 4277.401893914281, "num_boost_round": 4.0, "subsample": 0.39739099150207047}, "datetime": {"datetime": "2024-01-20 16:17:27", "elapsed": 6813.602517, "delta": 0.007086}}
{"target": -12.350117381998594, "params": {"colsample_bytree": 0.5964976089770486, "eta": 0.06016258825367914, "gamma": 702.8194266105294, "max_depth": 8.0, "min_child_weight": 4277.401893914281, "num_boost_round": 5.0, "subsample": 0.39739099150207047}, "datetime": {"datetime": "2024-01-20 16:17:27", "elapsed": 6813.609148, "delta": 0.006631}}
{"target": -12.348236024762212, "params": {"colsample_bytree": 0.5964976089770486, "eta": 0.06016258825367914, "gamma": 702.8194266105294, "max_depth": 8.0, "min_child_weight": 4277.401893914281, "num_boost_round": 6.0, "subsample": 0.39739099150207047}, "datetime": {"datetime": "2024-01-20 16:17:27", "elapsed": 6813.615613, "delta": 0.006465}}
{"target": -12.346797871939533, "params": {"colsample_bytree": 0.5964976089770486, "eta": 0.06016258825367914, "gamma": 702.8194266105294, "max_depth": 8.0, "min_child_weight": 4277.401893914281, "num_boost_round": 7.0, "subsample": 0.39739099150207047}, "datetime": {"datetime": "2024-01-20 16:17:27", "elapsed": 6813.622914, "delta": 0.007301}}
{"target": -12.345686730817462, "params": {"colsample_bytree": 0.5964976089770486, "eta": 0.06016258825367914, "gamma": 702.8194266105294, "max_depth": 8.0, "min_child_weight": 4277.401893914281, "num_boost_round": 8.0, "subsample": 0.39739099150207047}, "datetime": {"datetime": "2024-01-20 16:17:27", "elapsed": 6813.629761, "delta": 0.006847}}
{"target": -12.344992987615313, "params": {"colsample_bytree": 0.5964976089770486, "eta": 0.06016258825367914, "gamma": 702.8194266105294, "max_depth": 8.0, "min_child_weight": 4277.401893914281, "num_boost_round": 9.0, "subsample": 0.39739099150207047}, "datetime": {"datetime": "2024-01-20 16:17:27", "elapsed": 6813.636339, "delta": 0.006578}}
{"target": -12.344414415876303, "params": {"colsample_bytree": 0.5964976089770486, "eta": 0.06016258825367914, "gamma": 702.8194266105294, "max_depth": 8.0, "min_child_weight": 4277.401893914281, "num_boost_round": 10.0, "subsample": 0.39739099150207047}, "datetime": {"datetime": "2024-01-20 16:17:27", "elapsed": 6813.642942, "delta": 0.006603}}
{"target": -12.343868063242354, "params": {"colsample_bytree": 0.5964976089770486, "eta": 0.06016258825367914, "gamma": 702.8194266105294, "max_depth": 8.0, "min_child_weight": 4277.401893914281, "num_boost_round": 11.0, "subsample": 0.39739099150207047}, "datetime": {"datetime": "2024-01-20 16:17:27", "elapsed": 6813.649293, "delta": 0.006351}}
{"target": -12.343234952476733, "params": {"colsample_bytree": 0.5964976089770486, "eta": 0.06016258825367914, "gamma": 702.8194266105294, "max_depth": 8.0, "min_child_weight": 4277.401893914281, "num_boost_round": 12.0, "subsample": 0.39739099150207047}, "datetime": {"datetime": "2024-01-20 16:17:27", "elapsed": 6813.655485, "delta": 0.006192}}
{"target": -12.34310651501761, "params": {"colsample_bytree": 0.5964976089770486, "eta": 0.06016258825367914, "gamma": 702.8194266105294, "max_depth": 8.0, "min_child_weight": 4277.401893914281, "num_boost_round": 13.0, "subsample": 0.39739099150207047}, "datetime": {"datetime": "2024-01-20 16:17:27", "elapsed": 6813.661865, "delta": 0.00638}}
{"target": -12.343345892435174, "params": {"colsample_bytree": 0.5964976089770486, "eta": 0.06016258825367914, "gamma": 702.8194266105294, "max_depth": 8.0, "min_child_weight": 4277.401893914281, "num_boost_round": 14.0, "subsample": 0.39739099150207047}, "datetime": {"datetime": "2024-01-20 16:17:27", "elapsed": 6813.668041, "delta": 0.006176}}
{"target": -12.342358458052342, "params": {"colsample_bytree": 0.5964976089770486, "eta": 0.06016258825367914, "gamma": 702.8194266105294, "max_depth": 8.0, "min_child_weight": 4277.401893914281, "num_boost_round": 15.0, "subsample": 0.39739099150207047}, "datetime": {"datetime": "2024-01-20 16:17:27", "elapsed": 6813.674241, "delta": 0.0062}}
{"target": -12.342393643105364, "params": {"colsample_bytree": 0.5964976089770486, "eta": 0.06016258825367914, "gamma": 702.8194266105294, "max_depth": 8.0, "min_child_weight": 4277.401893914281, "num_boost_round": 16.0, "subsample": 0.39739099150207047}, "datetime": {"datetime": "2024-01-20 16:17:27", "elapsed": 6813.680484, "delta": 0.006243}}
{"target": -12.342439263740927, "params": {"colsample_bytree": 0.5964976089770486, "eta": 0.06016258825367914, "gamma": 702.8194266105294, "max_depth": 8.0, "min_child_weight": 4277.401893914281, "num_boost_round": 17.0, "subsample": 0.39739099150207047}, "datetime": {"datetime": "2024-01-20 16:17:27", "elapsed": 6813.686827, "delta": 0.006343}}
{"target": -12.341947562149834, "params": {"colsample_bytree": 0.5964976089770486, "eta": 0.06016258825367914, "gamma": 702.8194266105294, "max_depth": 8.0, "min_child_weight": 4277.401893914281, "num_boost_round": 18.0, "subsample": 0.39739099150207047}, "datetime": {"datetime": "2024-01-20 16:17:27", "elapsed": 6813.692998, "delta": 0.006171}}
{"target": -12.341925232740861, "params": {"colsample_bytree": 0.5964976089770486, "eta": 0.06016258825367914, "gamma": 702.8194266105294, "max_depth": 8.0, "min_child_weight": 4277.401893914281, "num_boost_round": 19.0, "subsample": 0.39739099150207047}, "datetime": {"datetime": "2024-01-20 16:17:27", "elapsed": 6813.699748, "delta": 0.00675}}
{"target": -12.34237908785723, "params": {"colsample_bytree": 0.5964976089770486, "eta": 0.06016258825367914, "gamma": 702.8194266105294, "max_depth": 8.0, "min_child_weight": 4277.401893914281, "num_boost_round": 20.0, "subsample": 0.39739099150207047}, "datetime": {"datetime": "2024-01-20 16:17:27", "elapsed": 6813.706368, "delta": 0.00662}}
{"target": -12.342441766520693, "params": {"colsample_bytree": 0.5964976089770486, "eta": 0.06016258825367914, "gamma": 702.8194266105294, "max_depth": 8.0, "min_child_weight": 4277.401893914281, "num_boost_round": 21.0, "subsample": 0.39739099150207047}, "datetime": {"datetime": "2024-01-20 16:17:27", "elapsed": 6813.716584, "delta": 0.010216}}
{"target": -12.342899459813804, "params": {"colsample_bytree": 0.5964976089770486, "eta": 0.06016258825367914, "gamma": 702.8194266105294, "max_depth": 8.0, "min_child_weight": 4277.401893914281, "num_boost_round": 22.0, "subsample": 0.39739099150207047}, "datetime": {"datetime": "2024-01-20 16:17:27", "elapsed": 6813.726752, "delta": 0.010168}}
{"target": -12.343355800364538, "params": {"colsample_bytree": 0.5964976089770486, "eta": 0.06016258825367914, "gamma": 702.8194266105294, "max_depth": 8.0, "min_child_weight": 4277.401893914281, "num_boost_round": 23.0, "subsample": 0.39739099150207047}, "datetime": {"datetime": "2024-01-20 16:17:27", "elapsed": 6813.736064, "delta": 0.009312}}
{"target": -12.343449343158872, "params": {"colsample_bytree": 0.5964976089770486, "eta": 0.06016258825367914, "gamma": 702.8194266105294, "max_depth": 8.0, "min_child_weight": 4277.401893914281, "num_boost_round": 24.0, "subsample": 0.39739099150207047}, "datetime": {"datetime": "2024-01-20 16:17:27", "elapsed": 6813.743834, "delta": 0.00777}}
{"target": -12.34304027918426, "params": {"colsample_bytree": 0.5964976089770486, "eta": 0.06016258825367914, "gamma": 702.8194266105294, "max_depth": 8.0, "min_child_weight": 4277.401893914281, "num_boost_round": 25.0, "subsample": 0.39739099150207047}, "datetime": {"datetime": "2024-01-20 16:17:27", "elapsed": 6813.750596, "delta": 0.006762}}
{"target": -12.343112785420873, "params": {"colsample_bytree": 0.5964976089770486, "eta": 0.06016258825367914, "gamma": 702.8194266105294, "max_depth": 8.0, "min_child_weight": 4277.401893914281, "num_boost_round": 26.0, "subsample": 0.39739099150207047}, "datetime": {"datetime": "2024-01-20 16:17:27", "elapsed": 6813.757255, "delta": 0.006659}}
{"target": -12.343372951477594, "params": {"colsample_bytree": 0.5964976089770486, "eta": 0.06016258825367914, "gamma": 702.8194266105294, "max_depth": 8.0, "min_child_weight": 4277.401893914281, "num_boost_round": 27.0, "subsample": 0.39739099150207047}, "datetime": {"datetime": "2024-01-20 16:17:27", "elapsed": 6813.763852, "delta": 0.006597}}
{"target": -12.342726187043798, "params": {"colsample_bytree": 0.5964976089770486, "eta": 0.06016258825367914, "gamma": 702.8194266105294, "max_depth": 8.0, "min_child_weight": 4277.401893914281, "num_boost_round": 28.0, "subsample": 0.39739099150207047}, "datetime": {"datetime": "2024-01-20 16:17:27", "elapsed": 6813.771489, "delta": 0.007637}}
{"target": -12.342710296429694, "params": {"colsample_bytree": 0.5964976089770486, "eta": 0.06016258825367914, "gamma": 702.8194266105294, "max_depth": 8.0, "min_child_weight": 4277.401893914281, "num_boost_round": 29.0, "subsample": 0.39739099150207047}, "datetime": {"datetime": "2024-01-20 16:17:27", "elapsed": 6813.779101, "delta": 0.007612}}
{"target": -12.342674050836719, "params": {"colsample_bytree": 0.5964976089770486, "eta": 0.06016258825367914, "gamma": 702.8194266105294, "max_depth": 8.0, "min_child_weight": 4277.401893914281, "num_boost_round": 30.0, "subsample": 0.39739099150207047}, "datetime": {"datetime": "2024-01-20 16:17:27", "elapsed": 6813.786838, "delta": 0.007737}}
{"target": -12.342509952829445, "params": {"colsample_bytree": 0.5964976089770486, "eta": 0.06016258825367914, "gamma": 702.8194266105294, "max_depth": 8.0, "min_child_weight": 4277.401893914281, "num_boost_round": 31.0, "subsample": 0.39739099150207047}, "datetime": {"datetime": "2024-01-20 16:17:27", "elapsed": 6813.794663, "delta": 0.007825}}
{"target": -12.342699583369834, "params": {"colsample_bytree": 0.5964976089770486, "eta": 0.06016258825367914, "gamma": 702.8194266105294, "max_depth": 8.0, "min_child_weight": 4277.401893914281, "num_boost_round": 32.0, "subsample": 0.39739099150207047}, "datetime": {"datetime": "2024-01-20 16:17:27", "elapsed": 6813.801871, "delta": 0.007208}}
{"target": -12.34303136354329, "params": {"colsample_bytree": 0.5964976089770486, "eta": 0.06016258825367914, "gamma": 702.8194266105294, "max_depth": 8.0, "min_child_weight": 4277.401893914281, "num_boost_round": 33.0, "subsample": 0.39739099150207047}, "datetime": {"datetime": "2024-01-20 16:17:27", "elapsed": 6813.808878, "delta": 0.007007}}
{"target": -12.343247866997448, "params": {"colsample_bytree": 0.5964976089770486, "eta": 0.06016258825367914, "gamma": 702.8194266105294, "max_depth": 8.0, "min_child_weight": 4277.401893914281, "num_boost_round": 34.0, "subsample": 0.39739099150207047}, "datetime": {"datetime": "2024-01-20 16:17:27", "elapsed": 6813.815589, "delta": 0.006711}}
{"target": -12.34336566067044, "params": {"colsample_bytree": 0.5964976089770486, "eta": 0.06016258825367914, "gamma": 702.8194266105294, "max_depth": 8.0, "min_child_weight": 4277.401893914281, "num_boost_round": 35.0, "subsample": 0.39739099150207047}, "datetime": {"datetime": "2024-01-20 16:17:27", "elapsed": 6813.822181, "delta": 0.006592}}
{"target": -12.343286712662922, "params": {"colsample_bytree": 0.5964976089770486, "eta": 0.06016258825367914, "gamma": 702.8194266105294, "max_depth": 8.0, "min_child_weight": 4277.401893914281, "num_boost_round": 36.0, "subsample": 0.39739099150207047}, "datetime": {"datetime": "2024-01-20 16:17:27", "elapsed": 6813.828637, "delta": 0.006456}}
{"target": -12.343463813042426, "params": {"colsample_bytree": 0.5964976089770486, "eta": 0.06016258825367914, "gamma": 702.8194266105294, "max_depth": 8.0, "min_child_weight": 4277.401893914281, "num_boost_round": 37.0, "subsample": 0.39739099150207047}, "datetime": {"datetime": "2024-01-20 16:17:27", "elapsed": 6813.838747, "delta": 0.01011}}
{"target": -12.343645039080624, "params": {"colsample_bytree": 0.5964976089770486, "eta": 0.06016258825367914, "gamma": 702.8194266105294, "max_depth": 8.0, "min_child_weight": 4277.401893914281, "num_boost_round": 38.0, "subsample": 0.39739099150207047}, "datetime": {"datetime": "2024-01-20 16:17:27", "elapsed": 6813.849461, "delta": 0.010714}}
{"target": -12.343833136632554, "params": {"colsample_bytree": 0.5964976089770486, "eta": 0.06016258825367914, "gamma": 702.8194266105294, "max_depth": 8.0, "min_child_weight": 4277.401893914281, "num_boost_round": 39.0, "subsample": 0.39739099150207047}, "datetime": {"datetime": "2024-01-20 16:17:27", "elapsed": 6813.85818, "delta": 0.008719}}
{"target": -12.343932931948839, "params": {"colsample_bytree": 0.5964976089770486, "eta": 0.06016258825367914, "gamma": 702.8194266105294, "max_depth": 8.0, "min_child_weight": 4277.401893914281, "num_boost_round": 40.0, "subsample": 0.39739099150207047}, "datetime": {"datetime": "2024-01-20 16:17:27", "elapsed": 6813.86516, "delta": 0.00698}}
{"target": -12.344156335312238, "params": {"colsample_bytree": 0.5964976089770486, "eta": 0.06016258825367914, "gamma": 702.8194266105294, "max_depth": 8.0, "min_child_weight": 4277.401893914281, "num_boost_round": 41.0, "subsample": 0.39739099150207047}, "datetime": {"datetime": "2024-01-20 16:17:27", "elapsed": 6813.871543, "delta": 0.006383}}
{"target": -12.344573070710556, "params": {"colsample_bytree": 0.5964976089770486, "eta": 0.06016258825367914, "gamma": 702.8194266105294, "max_depth": 8.0, "min_child_weight": 4277.401893914281, "num_boost_round": 42.0, "subsample": 0.39739099150207047}, "datetime": {"datetime": "2024-01-20 16:17:27", "elapsed": 6813.877742, "delta": 0.006199}}
{"target": -12.344854089431827, "params": {"colsample_bytree": 0.5964976089770486, "eta": 0.06016258825367914, "gamma": 702.8194266105294, "max_depth": 8.0, "min_child_weight": 4277.401893914281, "num_boost_round": 43.0, "subsample": 0.39739099150207047}, "datetime": {"datetime": "2024-01-20 16:17:27", "elapsed": 6813.884307, "delta": 0.006565}}
{"target": -12.345236211971187, "params": {"colsample_bytree": 0.5964976089770486, "eta": 0.06016258825367914, "gamma": 702.8194266105294, "max_depth": 8.0, "min_child_weight": 4277.401893914281, "num_boost_round": 44.0, "subsample": 0.39739099150207047}, "datetime": {"datetime": "2024-01-20 16:17:27", "elapsed": 6813.890895, "delta": 0.006588}}
{"target": -12.345256754578491, "params": {"colsample_bytree": 0.5964976089770486, "eta": 0.06016258825367914, "gamma": 702.8194266105294, "max_depth": 8.0, "min_child_weight": 4277.401893914281, "num_boost_round": 45.0, "subsample": 0.39739099150207047}, "datetime": {"datetime": "2024-01-20 16:17:27", "elapsed": 6813.897429, "delta": 0.006534}}
{"target": -12.356169466521465, "params": {"colsample_bytree": 0.2403538691567272, "eta": 0.0905587679273671, "gamma": 700.7178005387527, "max_depth": 2.0, "min_child_weight": 4291.104144533673, "num_boost_round": 1.0, "subsample": 0.875745859540709}, "datetime": {"datetime": "2024-01-20 16:19:04", "elapsed": 6911.247891, "delta": 97.350462}}
{"target": -12.354174101369729, "params": {"colsample_bytree": 0.2403538691567272, "eta": 0.0905587679273671, "gamma": 700.7178005387527, "max_depth": 2.0, "min_child_weight": 4291.104144533673, "num_boost_round": 2.0, "subsample": 0.875745859540709}, "datetime": {"datetime": "2024-01-20 16:19:04", "elapsed": 6911.257178, "delta": 0.009287}}
{"target": -12.35219797656526, "params": {"colsample_bytree": 0.2403538691567272, "eta": 0.0905587679273671, "gamma": 700.7178005387527, "max_depth": 2.0, "min_child_weight": 4291.104144533673, "num_boost_round": 3.0, "subsample": 0.875745859540709}, "datetime": {"datetime": "2024-01-20 16:19:04", "elapsed": 6911.265277, "delta": 0.008099}}
{"target": -12.35270773984459, "params": {"colsample_bytree": 0.2403538691567272, "eta": 0.0905587679273671, "gamma": 700.7178005387527, "max_depth": 2.0, "min_child_weight": 4291.104144533673, "num_boost_round": 4.0, "subsample": 0.875745859540709}, "datetime": {"datetime": "2024-01-20 16:19:04", "elapsed": 6911.273361, "delta": 0.008084}}
{"target": -12.352937263611093, "params": {"colsample_bytree": 0.2403538691567272, "eta": 0.0905587679273671, "gamma": 700.7178005387527, "max_depth": 2.0, "min_child_weight": 4291.104144533673, "num_boost_round": 5.0, "subsample": 0.875745859540709}, "datetime": {"datetime": "2024-01-20 16:19:05", "elapsed": 6911.281223, "delta": 0.007862}}
