{"target": -15.16398544729584, "params": {"colsample_bytree": 0.1825692711643802, "eta": 0.04608812452578201, "gamma": 495.46300020739386, "max_depth": 5.0, "min_child_weight": 4275.056656311981, "num_boost_round": 15.0, "subsample": 0.7740997233354927}, "datetime": {"datetime": "2024-01-20 14:27:34", "elapsed": 211.598386, "delta": 0.00063}}
{"target": -15.163129691369434, "params": {"colsample_bytree": 0.1825692711643802, "eta": 0.04608812452578201, "gamma": 495.46300020739386, "max_depth": 5.0, "min_child_weight": 4275.056656311981, "num_boost_round": 16.0, "subsample": 0.7740997233354927}, "datetime": {"datetime": "2024-01-20 14:27:34", "elapsed": 211.599042, "delta": 0.000656}}
{"target": -15.162081717261529, "params": {"colsample_bytree": 0.1825692711643802, "eta": 0.04608812452578201, "gamma": 495.46300020739386, "max_depth": 5.0, "min_child_weight": 4275.056656311981, "num_boost_round": 17.0, "subsample": 0.7740997233354927}, "datetime": {"datetime": "2024-01-20 14:27:34", "elapsed": 211.603961, "delta": 0.004919}}
{"target": -15.162021615111374, "params": {"colsample_bytree": 0.1825692711643802, "eta": 0.04608812452578201, "gamma": 495.46300020739386, "max_depth": 5.0, "min_child_weight": 4275.056656311981, "num_boost_round": 18.0, "subsample": 0.7740997233354927}, "datetime": {"datetime": "2024-01-20 14:27:34", "elapsed": 211.604767, "delta": 0.000806}}
{"target": -15.161000179179544, "params": {"colsample_bytree": 0.1825692711643802, "eta": 0.04608812452578201, "gamma": 495.46300020739386, "max_depth": 5.0, "min_child_weight": 4275.056656311981, "num_boost_round": 19.0, "subsample": 0.7740997233354927}, "datetime": {"datetime": "2024-01-20 14:27:34", "elapsed": 211.605435, "delta": 0.000668}}
{"target": -15.161055489914283, "params": {"colsample_bytree": 0.1825692711643802, "eta": 0.04608812452578201, "gamma": 495.46300020739386, "max_depth": 5.0, "min_child_weight": 4275.056656311981, "num_boost_round": 20.0, "subsample": 0.7740997233354927}, "datetime": {"datetime": "2024-01-20 14:27:34", "elapsed": 211.606076, "delta": 0.000641}}
{"target": -15.160520411589118, "params": {"colsample_bytree": 0.1825692711643802, "eta": 0.04608812452578201, "gamma": 495.46300020739386, "max_depth": 5.0, "min_child_weight": 4275.056656311981, "num_boost_round": 21.0, "subsample": 0.7740997233354927}, "datetime": {"datetime": "2024-01-20 14:27:34", "elapsed": 211.607274, "delta": 0.001198}}
{"target": -15.170898549719118, "params": {"colsample_bytree": 0.23112152935902452, "eta": 0.07863183895007407, "gamma": 500.488728263782, "max_depth": 3.0, "min_child_weight": 4350.271569990504, "num_boost_round": 1.0, "subsample": 0.7928020918314145}, "datetime": {"datetime": "2024-01-20 14:27:56", "elapsed": 234.214995, "delta": 22.607721}}
{"target": -15.168877697305373, "params": {"colsample_bytree": 0.23112152935902452, "eta": 0.07863183895007407, "gamma": 500.488728263782, "max_depth": 3.0, "min_child_weight": 4350.271569990504, "num_boost_round": 2.0, "subsample": 0.7928020918314145}, "datetime": {"datetime": "2024-01-20 14:27:56", "elapsed": 234.216019, "delta": 0.001024}}
{"target": -15.166742296259791, "params": {"colsample_bytree": 0.23112152935902452, "eta": 0.07863183895007407, "gamma": 500.488728263782, "max_depth": 3.0, "min_child_weight": 4350.271569990504, "num_boost_round": 3.0, "subsample": 0.7928020918314145}, "datetime": {"datetime": "2024-01-20 14:27:56", "elapsed": 234.217346, "delta": 0.001327}}
{"target": -15.166820127647867, "params": {"colsample_bytree": 0.23112152935902452, "eta": 0.07863183895007407, "gamma": 500.488728263782, "max_depth": 3.0, "min_child_weight": 4350.271569990504, "num_boost_round": 4.0, "subsample": 0.7928020918314145}, "datetime": {"datetime": "2024-01-20 14:27:56", "elapsed": 234.218157, "delta": 0.000811}}
{"target": -15.165000350011482, "params": {"colsample_bytree": 0.23112152935902452, "eta": 0.07863183895007407, "gamma": 500.488728263782, "max_depth": 3.0, "min_child_weight": 4350.271569990504, "num_boost_round": 5.0, "subsample": 0.7928020918314145}, "datetime": {"datetime": "2024-01-20 14:27:56", "elapsed": 234.218853, "delta": 0.000696}}
{"target": -15.163372785693507, "params": {"colsample_bytree": 0.23112152935902452, "eta": 0.07863183895007407, "gamma": 500.488728263782, "max_depth": 3.0, "min_child_weight": 4350.271569990504, "num_boost_round": 6.0, "subsample": 0.7928020918314145}, "datetime": {"datetime": "2024-01-20 14:27:56", "elapsed": 234.219658, "delta": 0.000805}}
{"target": -15.162099141045779, "params": {"colsample_bytree": 0.23112152935902452, "eta": 0.07863183895007407, "gamma": 500.488728263782, "max_depth": 3.0, "min_child_weight": 4350.271569990504, "num_boost_round": 7.0, "subsample": 0.7928020918314145}, "datetime": {"datetime": "2024-01-20 14:27:56", "elapsed": 234.220372, "delta": 0.000714}}
{"target": -15.15946365644842, "params": {"colsample_bytree": 0.23112152935902452, "eta": 0.07863183895007407, "gamma": 500.488728263782, "max_depth": 3.0, "min_child_weight": 4350.271569990504, "num_boost_round": 8.0, "subsample": 0.7928020918314145}, "datetime": {"datetime": "2024-01-20 14:27:56", "elapsed": 234.220978, "delta": 0.000606}}
{"target": -15.159362220446287, "params": {"colsample_bytree": 0.23112152935902452, "eta": 0.07863183895007407, "gamma": 500.488728263782, "max_depth": 3.0, "min_child_weight": 4350.271569990504, "num_boost_round": 9.0, "subsample": 0.7928020918314145}, "datetime": {"datetime": "2024-01-20 14:27:56", "elapsed": 234.22174, "delta": 0.000762}}
{"target": -15.158572448485488, "params": {"colsample_bytree": 0.23112152935902452, "eta": 0.07863183895007407, "gamma": 500.488728263782, "max_depth": 3.0, "min_child_weight": 4350.271569990504, "num_boost_round": 10.0, "subsample": 0.7928020918314145}, "datetime": {"datetime": "2024-01-20 14:27:56", "elapsed": 234.222438, "delta": 0.000698}}
{"target": -15.158677875630502, "params": {"colsample_bytree": 0.23112152935902452, "eta": 0.07863183895007407, "gamma": 500.488728263782, "max_depth": 3.0, "min_child_weight": 4350.271569990504, "num_boost_round": 11.0, "subsample": 0.7928020918314145}, "datetime": {"datetime": "2024-01-20 14:27:56", "elapsed": 234.22304, "delta": 0.000602}}
{"target": -15.15894015982394, "params": {"colsample_bytree": 0.23112152935902452, "eta": 0.07863183895007407, "gamma": 500.488728263782, "max_depth": 3.0, "min_child_weight": 4350.271569990504, "num_boost_round": 12.0, "subsample": 0.7928020918314145}, "datetime": {"datetime": "2024-01-20 14:27:56", "elapsed": 234.223706, "delta": 0.000666}}
{"target": -15.15943015486551, "params": {"colsample_bytree": 0.23112152935902452, "eta": 0.07863183895007407, "gamma": 500.488728263782, "max_depth": 3.0, "min_child_weight": 4350.271569990504, "num_boost_round": 13.0, "subsample": 0.7928020918314145}, "datetime": {"datetime": "2024-01-20 14:27:56", "elapsed": 234.224308, "delta": 0.000602}}
{"target": -15.159507370986821, "params": {"colsample_bytree": 0.23112152935902452, "eta": 0.07863183895007407, "gamma": 500.488728263782, "max_depth": 3.0, "min_child_weight": 4350.271569990504, "num_boost_round": 14.0, "subsample": 0.7928020918314145}, "datetime": {"datetime": "2024-01-20 14:27:56", "elapsed": 234.224977, "delta": 0.000669}}
{"target": -15.159398079226435, "params": {"colsample_bytree": 0.23112152935902452, "eta": 0.07863183895007407, "gamma": 500.488728263782, "max_depth": 3.0, "min_child_weight": 4350.271569990504, "num_boost_round": 15.0, "subsample": 0.7928020918314145}, "datetime": {"datetime": "2024-01-20 14:27:56", "elapsed": 234.225612, "delta": 0.000635}}
{"target": -15.159171620493824, "params": {"colsample_bytree": 0.23112152935902452, "eta": 0.07863183895007407, "gamma": 500.488728263782, "max_depth": 3.0, "min_child_weight": 4350.271569990504, "num_boost_round": 16.0, "subsample": 0.7928020918314145}, "datetime": {"datetime": "2024-01-20 14:27:56", "elapsed": 234.226288, "delta": 0.000676}}
{"target": -15.157861818132472, "params": {"colsample_bytree": 0.23112152935902452, "eta": 0.07863183895007407, "gamma": 500.488728263782, "max_depth": 3.0, "min_child_weight": 4350.271569990504, "num_boost_round": 17.0, "subsample": 0.7928020918314145}, "datetime": {"datetime": "2024-01-20 14:27:56", "elapsed": 234.226986, "delta": 0.000698}}
{"target": -15.157975897675247, "params": {"colsample_bytree": 0.23112152935902452, "eta": 0.07863183895007407, "gamma": 500.488728263782, "max_depth": 3.0, "min_child_weight": 4350.271569990504, "num_boost_round": 18.0, "subsample": 0.7928020918314145}, "datetime": {"datetime": "2024-01-20 14:27:56", "elapsed": 234.227602, "delta": 0.000616}}
{"target": -15.156847546899282, "params": {"colsample_bytree": 0.23112152935902452, "eta": 0.07863183895007407, "gamma": 500.488728263782, "max_depth": 3.0, "min_child_weight": 4350.271569990504, "num_boost_round": 19.0, "subsample": 0.7928020918314145}, "datetime": {"datetime": "2024-01-20 14:27:56", "elapsed": 234.228278, "delta": 0.000676}}
{"target": -15.1570494102642, "params": {"colsample_bytree": 0.23112152935902452, "eta": 0.07863183895007407, "gamma": 500.488728263782, "max_depth": 3.0, "min_child_weight": 4350.271569990504, "num_boost_round": 20.0, "subsample": 0.7928020918314145}, "datetime": {"datetime": "2024-01-20 14:27:56", "elapsed": 234.228977, "delta": 0.000699}}
{"target": -15.156560305409414, "params": {"colsample_bytree": 0.23112152935902452, "eta": 0.07863183895007407, "gamma": 500.488728263782, "max_depth": 3.0, "min_child_weight": 4350.271569990504, "num_boost_round": 21.0, "subsample": 0.7928020918314145}, "datetime": {"datetime": "2024-01-20 14:27:56", "elapsed": 234.229592, "delta": 0.000615}}
{"target": -15.15659756680464, "params": {"colsample_bytree": 0.23112152935902452, "eta": 0.07863183895007407, "gamma": 500.488728263782, "max_depth": 3.0, "min_child_weight": 4350.271569990504, "num_boost_round": 22.0, "subsample": 0.7928020918314145}, "datetime": {"datetime": "2024-01-20 14:27:56", "elapsed": 234.230276, "delta": 0.000684}}
{"target": -15.1568447972653, "params": {"colsample_bytree": 0.23112152935902452, "eta": 0.07863183895007407, "gamma": 500.488728263782, "max_depth": 3.0, "min_child_weight": 4350.271569990504, "num_boost_round": 23.0, "subsample": 0.7928020918314145}, "datetime": {"datetime": "2024-01-20 14:27:56", "elapsed": 234.230994, "delta": 0.000718}}
{"target": -15.1573969883834, "params": {"colsample_bytree": 0.23112152935902452, "eta": 0.07863183895007407, "gamma": 500.488728263782, "max_depth": 3.0, "min_child_weight": 4350.271569990504, "num_boost_round": 24.0, "subsample": 0.7928020918314145}, "datetime": {"datetime": "2024-01-20 14:27:56", "elapsed": 234.231697, "delta": 0.000703}}
{"target": -15.1575586303895, "params": {"colsample_bytree": 0.23112152935902452, "eta": 0.07863183895007407, "gamma": 500.488728263782, "max_depth": 3.0, "min_child_weight": 4350.271569990504, "num_boost_round": 25.0, "subsample": 0.7928020918314145}, "datetime": {"datetime": "2024-01-20 14:27:56", "elapsed": 234.232519, "delta": 0.000822}}
{"target": -15.157628472518379, "params": {"colsample_bytree": 0.23112152935902452, "eta": 0.07863183895007407, "gamma": 500.488728263782, "max_depth": 3.0, "min_child_weight": 4350.271569990504, "num_boost_round": 26.0, "subsample": 0.7928020918314145}, "datetime": {"datetime": "2024-01-20 14:27:56", "elapsed": 234.233251, "delta": 0.000732}}
{"target": -15.157088302407843, "params": {"colsample_bytree": 0.23112152935902452, "eta": 0.07863183895007407, "gamma": 500.488728263782, "max_depth": 3.0, "min_child_weight": 4350.271569990504, "num_boost_round": 27.0, "subsample": 0.7928020918314145}, "datetime": {"datetime": "2024-01-20 14:27:56", "elapsed": 234.23396, "delta": 0.000709}}
{"target": -15.171095438325292, "params": {"colsample_bytree": 0.883384724477407, "eta": 0.0885282828335317, "gamma": 515.3197910520568, "max_depth": 9.0, "min_child_weight": 4360.374699788686, "num_boost_round": 1.0, "subsample": 0.8223818917620824}, "datetime": {"datetime": "2024-01-20 14:28:20", "elapsed": 257.472832, "delta": 23.238872}}
{"target": -15.16797853731386, "params": {"colsample_bytree": 0.883384724477407, "eta": 0.0885282828335317, "gamma": 515.3197910520568, "max_depth": 9.0, "min_child_weight": 4360.374699788686, "num_boost_round": 2.0, "subsample": 0.8223818917620824}, "datetime": {"datetime": "2024-01-20 14:28:20", "elapsed": 257.478959, "delta": 0.006127}}
{"target": -15.162543816432121, "params": {"colsample_bytree": 0.883384724477407, "eta": 0.0885282828335317, "gamma": 515.3197910520568, "max_depth": 9.0, "min_child_weight": 4360.374699788686, "num_boost_round": 3.0, "subsample": 0.8223818917620824}, "datetime": {"datetime": "2024-01-20 14:28:20", "elapsed": 257.480508, "delta": 0.001549}}
{"target": -15.161745141054318, "params": {"colsample_bytree": 0.883384724477407, "eta": 0.0885282828335317, "gamma": 515.3197910520568, "max_depth": 9.0, "min_child_weight": 4360.374699788686, "num_boost_round": 4.0, "subsample": 0.8223818917620824}, "datetime": {"datetime": "2024-01-20 14:28:20", "elapsed": 257.481304, "delta": 0.000796}}
{"target": -15.15947050028021, "params": {"colsample_bytree": 0.883384724477407, "eta": 0.0885282828335317, "gamma": 515.3197910520568, "max_depth": 9.0, "min_child_weight": 4360.374699788686, "num_boost_round": 5.0, "subsample": 0.8223818917620824}, "datetime": {"datetime": "2024-01-20 14:28:20", "elapsed": 257.482049, "delta": 0.000745}}
{"target": -15.159615399642139, "params": {"colsample_bytree": 0.883384724477407, "eta": 0.0885282828335317, "gamma": 515.3197910520568, "max_depth": 9.0, "min_child_weight": 4360.374699788686, "num_boost_round": 6.0, "subsample": 0.8223818917620824}, "datetime": {"datetime": "2024-01-20 14:28:20", "elapsed": 257.482771, "delta": 0.000722}}
{"target": -15.159146988315968, "params": {"colsample_bytree": 0.883384724477407, "eta": 0.0885282828335317, "gamma": 515.3197910520568, "max_depth": 9.0, "min_child_weight": 4360.374699788686, "num_boost_round": 7.0, "subsample": 0.8223818917620824}, "datetime": {"datetime": "2024-01-20 14:28:20", "elapsed": 257.483496, "delta": 0.000725}}
{"target": -15.158857066353022, "params": {"colsample_bytree": 0.883384724477407, "eta": 0.0885282828335317, "gamma": 515.3197910520568, "max_depth": 9.0, "min_child_weight": 4360.374699788686, "num_boost_round": 8.0, "subsample": 0.8223818917620824}, "datetime": {"datetime": "2024-01-20 14:28:20", "elapsed": 257.484215, "delta": 0.000719}}
{"target": -15.159120820535378, "params": {"colsample_bytree": 0.883384724477407, "eta": 0.0885282828335317, "gamma": 515.3197910520568, "max_depth": 9.0, "min_child_weight": 4360.374699788686, "num_boost_round": 9.0, "subsample": 0.8223818917620824}, "datetime": {"datetime": "2024-01-20 14:28:20", "elapsed": 257.484935, "delta": 0.00072}}
{"target": -15.160307606805025, "params": {"colsample_bytree": 0.883384724477407, "eta": 0.0885282828335317, "gamma": 515.3197910520568, "max_depth": 9.0, "min_child_weight": 4360.374699788686, "num_boost_round": 10.0, "subsample": 0.8223818917620824}, "datetime": {"datetime": "2024-01-20 14:28:20", "elapsed": 257.485684, "delta": 0.000749}}
{"target": -15.160498690595592, "params": {"colsample_bytree": 0.883384724477407, "eta": 0.0885282828335317, "gamma": 515.3197910520568, "max_depth": 9.0, "min_child_weight": 4360.374699788686, "num_boost_round": 11.0, "subsample": 0.8223818917620824}, "datetime": {"datetime": "2024-01-20 14:28:20", "elapsed": 257.486418, "delta": 0.000734}}
{"target": -15.160506642851768, "params": {"colsample_bytree": 0.883384724477407, "eta": 0.0885282828335317, "gamma": 515.3197910520568, "max_depth": 9.0, "min_child_weight": 4360.374699788686, "num_boost_round": 12.0, "subsample": 0.8223818917620824}, "datetime": {"datetime": "2024-01-20 14:28:20", "elapsed": 257.487154, "delta": 0.000736}}
{"target": -15.161851739228133, "params": {"colsample_bytree": 0.883384724477407, "eta": 0.0885282828335317, "gamma": 515.3197910520568, "max_depth": 9.0, "min_child_weight": 4360.374699788686, "num_boost_round": 13.0, "subsample": 0.8223818917620824}, "datetime": {"datetime": "2024-01-20 14:28:20", "elapsed": 257.487889, "delta": 0.000735}}
{"target": -15.161895353300874, "params": {"colsample_bytree": 0.883384724477407, "eta": 0.0885282828335317, "gamma": 515.3197910520568, "max_depth": 9.0, "min_child_weight": 4360.374699788686, "num_boost_round": 14.0, "subsample": 0.8223818917620824}, "datetime": {"datetime": "2024-01-20 14:28:20", "elapsed": 257.488637, "delta": 0.000748}}
{"target": -15.163384146288308, "params": {"colsample_bytree": 0.883384724477407, "eta": 0.0885282828335317, "gamma": 515.3197910520568, "max_depth": 9.0, "min_child_weight": 4360.374699788686, "num_boost_round": 15.0, "subsample": 0.8223818917620824}, "datetime": {"datetime": "2024-01-20 14:28:20", "elapsed": 257.489381, "delta": 0.000744}}
{"target": -15.16487637833166, "params": {"colsample_bytree": 0.883384724477407, "eta": 0.0885282828335317, "gamma": 515.3197910520568, "max_depth": 9.0, "min_child_weight": 4360.374699788686, "num_boost_round": 16.0, "subsample": 0.8223818917620824}, "datetime": {"datetime": "2024-01-20 14:28:20", "elapsed": 257.490116, "delta": 0.000735}}
{"target": -15.166371327636945, "params": {"colsample_bytree": 0.883384724477407, "eta": 0.0885282828335317, "gamma": 515.3197910520568, "max_depth": 9.0, "min_child_weight": 4360.374699788686, "num_boost_round": 17.0, "subsample": 0.8223818917620824}, "datetime": {"datetime": "2024-01-20 14:28:20", "elapsed": 257.490845, "delta": 0.000729}}
{"target": -15.172461561836368, "params": {"colsample_bytree": 0.6405856281414466, "eta": 0.022155024326243902, "gamma": 492.3583774178663, "max_depth": 7.0, "min_child_weight": 4368.519039426204, "num_boost_round": 1.0, "subsample": 0.8476840394794568}, "datetime": {"datetime": "2024-01-20 14:28:48", "elapsed": 285.56166, "delta": 28.070815}}
{"target": -15.171414517657684, "params": {"colsample_bytree": 0.6405856281414466, "eta": 0.022155024326243902, "gamma": 492.3583774178663, "max_depth": 7.0, "min_child_weight": 4368.519039426204, "num_boost_round": 2.0, "subsample": 0.8476840394794568}, "datetime": {"datetime": "2024-01-20 14:28:48", "elapsed": 285.562895, "delta": 0.001235}}
{"target": -15.17050105377244, "params": {"colsample_bytree": 0.6405856281414466, "eta": 0.022155024326243902, "gamma": 492.3583774178663, "max_depth": 7.0, "min_child_weight": 4368.519039426204, "num_boost_round": 3.0, "subsample": 0.8476840394794568}, "datetime": {"datetime": "2024-01-20 14:28:48", "elapsed": 285.564367, "delta": 0.001472}}
{"target": -15.169956350535859, "params": {"colsample_bytree": 0.6405856281414466, "eta": 0.022155024326243902, "gamma": 492.3583774178663, "max_depth": 7.0, "min_child_weight": 4368.519039426204, "num_boost_round": 4.0, "subsample": 0.8476840394794568}, "datetime": {"datetime": "2024-01-20 14:28:48", "elapsed": 285.565232, "delta": 0.000865}}
{"target": -15.168985951146684, "params": {"colsample_bytree": 0.6405856281414466, "eta": 0.022155024326243902, "gamma": 492.3583774178663, "max_depth": 7.0, "min_child_weight": 4368.519039426204, "num_boost_round": 5.0, "subsample": 0.8476840394794568}, "datetime": {"datetime": "2024-01-20 14:28:48", "elapsed": 285.565978, "delta": 0.000746}}
{"target": -15.168109182751188, "params": {"colsample_bytree": 0.6405856281414466, "eta": 0.022155024326243902, "gamma": 492.3583774178663, "max_depth": 7.0, "min_child_weight": 4368.519039426204, "num_boost_round": 6.0, "subsample": 0.8476840394794568}, "datetime": {"datetime": "2024-01-20 14:28:48", "elapsed": 285.566725, "delta": 0.000747}}
{"target": -15.16729203431228, "params": {"colsample_bytree": 0.6405856281414466, "eta": 0.022155024326243902, "gamma": 492.3583774178663, "max_depth": 7.0, "min_child_weight": 4368.519039426204, "num_boost_round": 7.0, "subsample": 0.8476840394794568}, "datetime": {"datetime": "2024-01-20 14:28:48", "elapsed": 285.567469, "delta": 0.000744}}
{"target": -15.166222838203602, "params": {"colsample_bytree": 0.6405856281414466, "eta": 0.022155024326243902, "gamma": 492.3583774178663, "max_depth": 7.0, "min_child_weight": 4368.519039426204, "num_boost_round": 8.0, "subsample": 0.8476840394794568}, "datetime": {"datetime": "2024-01-20 14:28:48", "elapsed": 285.568208, "delta": 0.000739}}
{"target": -15.165690551846115, "params": {"colsample_bytree": 0.6405856281414466, "eta": 0.022155024326243902, "gamma": 492.3583774178663, "max_depth": 7.0, "min_child_weight": 4368.519039426204, "num_boost_round": 9.0, "subsample": 0.8476840394794568}, "datetime": {"datetime": "2024-01-20 14:28:48", "elapsed": 285.568945, "delta": 0.000737}}
{"target": -15.164840645226388, "params": {"colsample_bytree": 0.6405856281414466, "eta": 0.022155024326243902, "gamma": 492.3583774178663, "max_depth": 7.0, "min_child_weight": 4368.519039426204, "num_boost_round": 10.0, "subsample": 0.8476840394794568}, "datetime": {"datetime": "2024-01-20 14:28:48", "elapsed": 285.569733, "delta": 0.000788}}
{"target": -15.164658109417928, "params": {"colsample_bytree": 0.6405856281414466, "eta": 0.022155024326243902, "gamma": 492.3583774178663, "max_depth": 7.0, "min_child_weight": 4368.519039426204, "num_boost_round": 11.0, "subsample": 0.8476840394794568}, "datetime": {"datetime": "2024-01-20 14:28:48", "elapsed": 285.570479, "delta": 0.000746}}
{"target": -15.163919692495522, "params": {"colsample_bytree": 0.6405856281414466, "eta": 0.022155024326243902, "gamma": 492.3583774178663, "max_depth": 7.0, "min_child_weight": 4368.519039426204, "num_boost_round": 12.0, "subsample": 0.8476840394794568}, "datetime": {"datetime": "2024-01-20 14:28:48", "elapsed": 285.571325, "delta": 0.000846}}
