{"target": -12.344548792862454, "params": {"colsample_bytree": 0.8860390557703665, "eta": 0.0815806277661394, "gamma": 571.9665525225008, "max_depth": 8.0, "min_child_weight": 4139.7975104715, "num_boost_round": 22.0, "subsample": 0.3009262221141289}, "datetime": {"datetime": "2024-01-20 15:48:19", "elapsed": 5065.969752, "delta": 0.005359}}
{"target": -12.345417737826564, "params": {"colsample_bytree": 0.8860390557703665, "eta": 0.0815806277661394, "gamma": 571.9665525225008, "max_depth": 8.0, "min_child_weight": 4139.7975104715, "num_boost_round": 23.0, "subsample": 0.3009262221141289}, "datetime": {"datetime": "2024-01-20 15:48:19", "elapsed": 5065.975419, "delta": 0.005667}}
{"target": -12.345870211558886, "params": {"colsample_bytree": 0.8860390557703665, "eta": 0.0815806277661394, "gamma": 571.9665525225008, "max_depth": 8.0, "min_child_weight": 4139.7975104715, "num_boost_round": 24.0, "subsample": 0.3009262221141289}, "datetime": {"datetime": "2024-01-20 15:48:19", "elapsed": 5065.981248, "delta": 0.005829}}
{"target": -12.346398534269943, "params": {"colsample_bytree": 0.8860390557703665, "eta": 0.0815806277661394, "gamma": 571.9665525225008, "max_depth": 8.0, "min_child_weight": 4139.7975104715, "num_boost_round": 25.0, "subsample": 0.3009262221141289}, "datetime": {"datetime": "2024-01-20 15:48:19", "elapsed": 5065.986942, "delta": 0.005694}}
{"target": -12.346859469359977, "params": {"colsample_bytree": 0.8860390557703665, "eta": 0.0815806277661394, "gamma": 571.9665525225008, "max_depth": 8.0, "min_child_weight": 4139.7975104715, "num_boost_round": 26.0, "subsample": 0.3009262221141289}, "datetime": {"datetime": "2024-01-20 15:48:19", "elapsed": 5065.994782, "delta": 0.00784}}
{"target": -12.347078310763743, "params": {"colsample_bytree": 0.8860390557703665, "eta": 0.0815806277661394, "gamma": 571.9665525225008, "max_depth": 8.0, "min_child_weight": 4139.7975104715, "num_boost_round": 27.0, "subsample": 0.3009262221141289}, "datetime": {"datetime": "2024-01-20 15:48:19", "elapsed": 5066.003181, "delta": 0.008399}}
{"target": -12.347248468368473, "params": {"colsample_bytree": 0.8860390557703665, "eta": 0.0815806277661394, "gamma": 571.9665525225008, "max_depth": 8.0, "min_child_weight": 4139.7975104715, "num_boost_round": 28.0, "subsample": 0.3009262221141289}, "datetime": {"datetime": "2024-01-20 15:48:19", "elapsed": 5066.010915, "delta": 0.007734}}
{"target": -12.347338003444243, "params": {"colsample_bytree": 0.8860390557703665, "eta": 0.0815806277661394, "gamma": 571.9665525225008, "max_depth": 8.0, "min_child_weight": 4139.7975104715, "num_boost_round": 29.0, "subsample": 0.3009262221141289}, "datetime": {"datetime": "2024-01-20 15:48:19", "elapsed": 5066.017771, "delta": 0.006856}}
{"target": -12.34734237111363, "params": {"colsample_bytree": 0.8860390557703665, "eta": 0.0815806277661394, "gamma": 571.9665525225008, "max_depth": 8.0, "min_child_weight": 4139.7975104715, "num_boost_round": 30.0, "subsample": 0.3009262221141289}, "datetime": {"datetime": "2024-01-20 15:48:19", "elapsed": 5066.023864, "delta": 0.006093}}
{"target": -12.34742715737407, "params": {"colsample_bytree": 0.8860390557703665, "eta": 0.0815806277661394, "gamma": 571.9665525225008, "max_depth": 8.0, "min_child_weight": 4139.7975104715, "num_boost_round": 31.0, "subsample": 0.3009262221141289}, "datetime": {"datetime": "2024-01-20 15:48:19", "elapsed": 5066.029686, "delta": 0.005822}}
{"target": -12.34799645613777, "params": {"colsample_bytree": 0.8860390557703665, "eta": 0.0815806277661394, "gamma": 571.9665525225008, "max_depth": 8.0, "min_child_weight": 4139.7975104715, "num_boost_round": 32.0, "subsample": 0.3009262221141289}, "datetime": {"datetime": "2024-01-20 15:48:19", "elapsed": 5066.034845, "delta": 0.005159}}
{"target": -12.348107446342599, "params": {"colsample_bytree": 0.8860390557703665, "eta": 0.0815806277661394, "gamma": 571.9665525225008, "max_depth": 8.0, "min_child_weight": 4139.7975104715, "num_boost_round": 33.0, "subsample": 0.3009262221141289}, "datetime": {"datetime": "2024-01-20 15:48:19", "elapsed": 5066.040105, "delta": 0.00526}}
{"target": -12.347935079893752, "params": {"colsample_bytree": 0.8860390557703665, "eta": 0.0815806277661394, "gamma": 571.9665525225008, "max_depth": 8.0, "min_child_weight": 4139.7975104715, "num_boost_round": 34.0, "subsample": 0.3009262221141289}, "datetime": {"datetime": "2024-01-20 15:48:19", "elapsed": 5066.04529, "delta": 0.005185}}
{"target": -12.34794900699902, "params": {"colsample_bytree": 0.8860390557703665, "eta": 0.0815806277661394, "gamma": 571.9665525225008, "max_depth": 8.0, "min_child_weight": 4139.7975104715, "num_boost_round": 35.0, "subsample": 0.3009262221141289}, "datetime": {"datetime": "2024-01-20 15:48:19", "elapsed": 5066.050472, "delta": 0.005182}}
{"target": -12.34857142401497, "params": {"colsample_bytree": 0.8860390557703665, "eta": 0.0815806277661394, "gamma": 571.9665525225008, "max_depth": 8.0, "min_child_weight": 4139.7975104715, "num_boost_round": 36.0, "subsample": 0.3009262221141289}, "datetime": {"datetime": "2024-01-20 15:48:19", "elapsed": 5066.055631, "delta": 0.005159}}
{"target": -12.348969210350823, "params": {"colsample_bytree": 0.8860390557703665, "eta": 0.0815806277661394, "gamma": 571.9665525225008, "max_depth": 8.0, "min_child_weight": 4139.7975104715, "num_boost_round": 37.0, "subsample": 0.3009262221141289}, "datetime": {"datetime": "2024-01-20 15:48:19", "elapsed": 5066.061037, "delta": 0.005406}}
{"target": -12.348915212670391, "params": {"colsample_bytree": 0.8860390557703665, "eta": 0.0815806277661394, "gamma": 571.9665525225008, "max_depth": 8.0, "min_child_weight": 4139.7975104715, "num_boost_round": 38.0, "subsample": 0.3009262221141289}, "datetime": {"datetime": "2024-01-20 15:48:19", "elapsed": 5066.06627, "delta": 0.005233}}
{"target": -12.357039105393271, "params": {"colsample_bytree": 0.6548658906458455, "eta": 0.0607558576110808, "gamma": 551.9193011122433, "max_depth": 8.0, "min_child_weight": 4218.813615882803, "num_boost_round": 1.0, "subsample": 0.5355839026750201}, "datetime": {"datetime": "2024-01-20 15:50:14", "elapsed": 5180.280369, "delta": 114.214099}}
{"target": -12.353742523011285, "params": {"colsample_bytree": 0.6548658906458455, "eta": 0.0607558576110808, "gamma": 551.9193011122433, "max_depth": 8.0, "min_child_weight": 4218.813615882803, "num_boost_round": 2.0, "subsample": 0.5355839026750201}, "datetime": {"datetime": "2024-01-20 15:50:14", "elapsed": 5180.286885, "delta": 0.006516}}
{"target": -12.350935687500499, "params": {"colsample_bytree": 0.6548658906458455, "eta": 0.0607558576110808, "gamma": 551.9193011122433, "max_depth": 8.0, "min_child_weight": 4218.813615882803, "num_boost_round": 3.0, "subsample": 0.5355839026750201}, "datetime": {"datetime": "2024-01-20 15:50:14", "elapsed": 5180.292334, "delta": 0.005449}}
{"target": -12.350397504822855, "params": {"colsample_bytree": 0.6548658906458455, "eta": 0.0607558576110808, "gamma": 551.9193011122433, "max_depth": 8.0, "min_child_weight": 4218.813615882803, "num_boost_round": 4.0, "subsample": 0.5355839026750201}, "datetime": {"datetime": "2024-01-20 15:50:14", "elapsed": 5180.297919, "delta": 0.005585}}
{"target": -12.348193824163683, "params": {"colsample_bytree": 0.6548658906458455, "eta": 0.0607558576110808, "gamma": 551.9193011122433, "max_depth": 8.0, "min_child_weight": 4218.813615882803, "num_boost_round": 5.0, "subsample": 0.5355839026750201}, "datetime": {"datetime": "2024-01-20 15:50:14", "elapsed": 5180.304812, "delta": 0.006893}}
{"target": -12.34693759021054, "params": {"colsample_bytree": 0.6548658906458455, "eta": 0.0607558576110808, "gamma": 551.9193011122433, "max_depth": 8.0, "min_child_weight": 4218.813615882803, "num_boost_round": 6.0, "subsample": 0.5355839026750201}, "datetime": {"datetime": "2024-01-20 15:50:14", "elapsed": 5180.309912, "delta": 0.0051}}
{"target": -12.3460687268234, "params": {"colsample_bytree": 0.6548658906458455, "eta": 0.0607558576110808, "gamma": 551.9193011122433, "max_depth": 8.0, "min_child_weight": 4218.813615882803, "num_boost_round": 7.0, "subsample": 0.5355839026750201}, "datetime": {"datetime": "2024-01-20 15:50:14", "elapsed": 5180.315035, "delta": 0.005123}}
{"target": -12.345338522580144, "params": {"colsample_bytree": 0.6548658906458455, "eta": 0.0607558576110808, "gamma": 551.9193011122433, "max_depth": 8.0, "min_child_weight": 4218.813615882803, "num_boost_round": 8.0, "subsample": 0.5355839026750201}, "datetime": {"datetime": "2024-01-20 15:50:14", "elapsed": 5180.320406, "delta": 0.005371}}
{"target": -12.34446832279115, "params": {"colsample_bytree": 0.6548658906458455, "eta": 0.0607558576110808, "gamma": 551.9193011122433, "max_depth": 8.0, "min_child_weight": 4218.813615882803, "num_boost_round": 9.0, "subsample": 0.5355839026750201}, "datetime": {"datetime": "2024-01-20 15:50:14", "elapsed": 5180.325775, "delta": 0.005369}}
{"target": -12.344284912223182, "params": {"colsample_bytree": 0.6548658906458455, "eta": 0.0607558576110808, "gamma": 551.9193011122433, "max_depth": 8.0, "min_child_weight": 4218.813615882803, "num_boost_round": 10.0, "subsample": 0.5355839026750201}, "datetime": {"datetime": "2024-01-20 15:50:14", "elapsed": 5180.331654, "delta": 0.005879}}
{"target": -12.343656987321578, "params": {"colsample_bytree": 0.6548658906458455, "eta": 0.0607558576110808, "gamma": 551.9193011122433, "max_depth": 8.0, "min_child_weight": 4218.813615882803, "num_boost_round": 11.0, "subsample": 0.5355839026750201}, "datetime": {"datetime": "2024-01-20 15:50:14", "elapsed": 5180.337178, "delta": 0.005524}}
{"target": -12.342831649878665, "params": {"colsample_bytree": 0.6548658906458455, "eta": 0.0607558576110808, "gamma": 551.9193011122433, "max_depth": 8.0, "min_child_weight": 4218.813615882803, "num_boost_round": 12.0, "subsample": 0.5355839026750201}, "datetime": {"datetime": "2024-01-20 15:50:14", "elapsed": 5180.342758, "delta": 0.00558}}
{"target": -12.34274570499469, "params": {"colsample_bytree": 0.6548658906458455, "eta": 0.0607558576110808, "gamma": 551.9193011122433, "max_depth": 8.0, "min_child_weight": 4218.813615882803, "num_boost_round": 13.0, "subsample": 0.5355839026750201}, "datetime": {"datetime": "2024-01-20 15:50:14", "elapsed": 5180.348202, "delta": 0.005444}}
{"target": -12.342770821588234, "params": {"colsample_bytree": 0.6548658906458455, "eta": 0.0607558576110808, "gamma": 551.9193011122433, "max_depth": 8.0, "min_child_weight": 4218.813615882803, "num_boost_round": 14.0, "subsample": 0.5355839026750201}, "datetime": {"datetime": "2024-01-20 15:50:14", "elapsed": 5180.353695, "delta": 0.005493}}
{"target": -12.341843770924436, "params": {"colsample_bytree": 0.6548658906458455, "eta": 0.0607558576110808, "gamma": 551.9193011122433, "max_depth": 8.0, "min_child_weight": 4218.813615882803, "num_boost_round": 15.0, "subsample": 0.5355839026750201}, "datetime": {"datetime": "2024-01-20 15:50:14", "elapsed": 5180.359184, "delta": 0.005489}}
{"target": -12.341863329785134, "params": {"colsample_bytree": 0.6548658906458455, "eta": 0.0607558576110808, "gamma": 551.9193011122433, "max_depth": 8.0, "min_child_weight": 4218.813615882803, "num_boost_round": 16.0, "subsample": 0.5355839026750201}, "datetime": {"datetime": "2024-01-20 15:50:14", "elapsed": 5180.364696, "delta": 0.005512}}
{"target": -12.342080982140516, "params": {"colsample_bytree": 0.6548658906458455, "eta": 0.0607558576110808, "gamma": 551.9193011122433, "max_depth": 8.0, "min_child_weight": 4218.813615882803, "num_boost_round": 17.0, "subsample": 0.5355839026750201}, "datetime": {"datetime": "2024-01-20 15:50:14", "elapsed": 5180.370313, "delta": 0.005617}}
{"target": -12.34172052071679, "params": {"colsample_bytree": 0.6548658906458455, "eta": 0.0607558576110808, "gamma": 551.9193011122433, "max_depth": 8.0, "min_child_weight": 4218.813615882803, "num_boost_round": 18.0, "subsample": 0.5355839026750201}, "datetime": {"datetime": "2024-01-20 15:50:14", "elapsed": 5180.375511, "delta": 0.005198}}
{"target": -12.341643223992614, "params": {"colsample_bytree": 0.6548658906458455, "eta": 0.0607558576110808, "gamma": 551.9193011122433, "max_depth": 8.0, "min_child_weight": 4218.813615882803, "num_boost_round": 19.0, "subsample": 0.5355839026750201}, "datetime": {"datetime": "2024-01-20 15:50:14", "elapsed": 5180.380752, "delta": 0.005241}}
{"target": -12.341954752924076, "params": {"colsample_bytree": 0.6548658906458455, "eta": 0.0607558576110808, "gamma": 551.9193011122433, "max_depth": 8.0, "min_child_weight": 4218.813615882803, "num_boost_round": 20.0, "subsample": 0.5355839026750201}, "datetime": {"datetime": "2024-01-20 15:50:14", "elapsed": 5180.386175, "delta": 0.005423}}
{"target": -12.34251870710278, "params": {"colsample_bytree": 0.6548658906458455, "eta": 0.0607558576110808, "gamma": 551.9193011122433, "max_depth": 8.0, "min_child_weight": 4218.813615882803, "num_boost_round": 21.0, "subsample": 0.5355839026750201}, "datetime": {"datetime": "2024-01-20 15:50:14", "elapsed": 5180.391686, "delta": 0.005511}}
{"target": -12.342933519331009, "params": {"colsample_bytree": 0.6548658906458455, "eta": 0.0607558576110808, "gamma": 551.9193011122433, "max_depth": 8.0, "min_child_weight": 4218.813615882803, "num_boost_round": 22.0, "subsample": 0.5355839026750201}, "datetime": {"datetime": "2024-01-20 15:50:14", "elapsed": 5180.397227, "delta": 0.005541}}
{"target": -12.343300185542962, "params": {"colsample_bytree": 0.6548658906458455, "eta": 0.0607558576110808, "gamma": 551.9193011122433, "max_depth": 8.0, "min_child_weight": 4218.813615882803, "num_boost_round": 23.0, "subsample": 0.5355839026750201}, "datetime": {"datetime": "2024-01-20 15:50:14", "elapsed": 5180.402942, "delta": 0.005715}}
{"target": -12.343302857265478, "params": {"colsample_bytree": 0.6548658906458455, "eta": 0.0607558576110808, "gamma": 551.9193011122433, "max_depth": 8.0, "min_child_weight": 4218.813615882803, "num_boost_round": 24.0, "subsample": 0.5355839026750201}, "datetime": {"datetime": "2024-01-20 15:50:14", "elapsed": 5180.408987, "delta": 0.006045}}
{"target": -12.34285207097544, "params": {"colsample_bytree": 0.6548658906458455, "eta": 0.0607558576110808, "gamma": 551.9193011122433, "max_depth": 8.0, "min_child_weight": 4218.813615882803, "num_boost_round": 25.0, "subsample": 0.5355839026750201}, "datetime": {"datetime": "2024-01-20 15:50:14", "elapsed": 5180.414617, "delta": 0.00563}}
{"target": -12.343178957796201, "params": {"colsample_bytree": 0.6548658906458455, "eta": 0.0607558576110808, "gamma": 551.9193011122433, "max_depth": 8.0, "min_child_weight": 4218.813615882803, "num_boost_round": 26.0, "subsample": 0.5355839026750201}, "datetime": {"datetime": "2024-01-20 15:50:14", "elapsed": 5180.420149, "delta": 0.005532}}
{"target": -12.34333111731365, "params": {"colsample_bytree": 0.6548658906458455, "eta": 0.0607558576110808, "gamma": 551.9193011122433, "max_depth": 8.0, "min_child_weight": 4218.813615882803, "num_boost_round": 27.0, "subsample": 0.5355839026750201}, "datetime": {"datetime": "2024-01-20 15:50:14", "elapsed": 5180.425712, "delta": 0.005563}}
{"target": -12.34275108508692, "params": {"colsample_bytree": 0.6548658906458455, "eta": 0.0607558576110808, "gamma": 551.9193011122433, "max_depth": 8.0, "min_child_weight": 4218.813615882803, "num_boost_round": 28.0, "subsample": 0.5355839026750201}, "datetime": {"datetime": "2024-01-20 15:50:14", "elapsed": 5180.431337, "delta": 0.005625}}
{"target": -12.343128971336297, "params": {"colsample_bytree": 0.6548658906458455, "eta": 0.0607558576110808, "gamma": 551.9193011122433, "max_depth": 8.0, "min_child_weight": 4218.813615882803, "num_boost_round": 29.0, "subsample": 0.5355839026750201}, "datetime": {"datetime": "2024-01-20 15:50:14", "elapsed": 5180.438435, "delta": 0.007098}}
{"target": -12.34317234823585, "params": {"colsample_bytree": 0.6548658906458455, "eta": 0.0607558576110808, "gamma": 551.9193011122433, "max_depth": 8.0, "min_child_weight": 4218.813615882803, "num_boost_round": 30.0, "subsample": 0.5355839026750201}, "datetime": {"datetime": "2024-01-20 15:50:14", "elapsed": 5180.447829, "delta": 0.009394}}
{"target": -12.343198267446777, "params": {"colsample_bytree": 0.6548658906458455, "eta": 0.0607558576110808, "gamma": 551.9193011122433, "max_depth": 8.0, "min_child_weight": 4218.813615882803, "num_boost_round": 31.0, "subsample": 0.5355839026750201}, "datetime": {"datetime": "2024-01-20 15:50:14", "elapsed": 5180.455446, "delta": 0.007617}}
{"target": -12.343415325313044, "params": {"colsample_bytree": 0.6548658906458455, "eta": 0.0607558576110808, "gamma": 551.9193011122433, "max_depth": 8.0, "min_child_weight": 4218.813615882803, "num_boost_round": 32.0, "subsample": 0.5355839026750201}, "datetime": {"datetime": "2024-01-20 15:50:14", "elapsed": 5180.462134, "delta": 0.006688}}
{"target": -12.344098629775136, "params": {"colsample_bytree": 0.6548658906458455, "eta": 0.0607558576110808, "gamma": 551.9193011122433, "max_depth": 8.0, "min_child_weight": 4218.813615882803, "num_boost_round": 33.0, "subsample": 0.5355839026750201}, "datetime": {"datetime": "2024-01-20 15:50:14", "elapsed": 5180.468368, "delta": 0.006234}}
{"target": -12.344406800196499, "params": {"colsample_bytree": 0.6548658906458455, "eta": 0.0607558576110808, "gamma": 551.9193011122433, "max_depth": 8.0, "min_child_weight": 4218.813615882803, "num_boost_round": 34.0, "subsample": 0.5355839026750201}, "datetime": {"datetime": "2024-01-20 15:50:14", "elapsed": 5180.474079, "delta": 0.005711}}
{"target": -12.344579980705497, "params": {"colsample_bytree": 0.6548658906458455, "eta": 0.0607558576110808, "gamma": 551.9193011122433, "max_depth": 8.0, "min_child_weight": 4218.813615882803, "num_boost_round": 35.0, "subsample": 0.5355839026750201}, "datetime": {"datetime": "2024-01-20 15:50:14", "elapsed": 5180.479387, "delta": 0.005308}}
{"target": -12.344264740721147, "params": {"colsample_bytree": 0.6548658906458455, "eta": 0.0607558576110808, "gamma": 551.9193011122433, "max_depth": 8.0, "min_child_weight": 4218.813615882803, "num_boost_round": 36.0, "subsample": 0.5355839026750201}, "datetime": {"datetime": "2024-01-20 15:50:14", "elapsed": 5180.485361, "delta": 0.005974}}
{"target": -12.344273403123541, "params": {"colsample_bytree": 0.6548658906458455, "eta": 0.0607558576110808, "gamma": 551.9193011122433, "max_depth": 8.0, "min_child_weight": 4218.813615882803, "num_boost_round": 37.0, "subsample": 0.5355839026750201}, "datetime": {"datetime": "2024-01-20 15:50:14", "elapsed": 5180.490755, "delta": 0.005394}}
{"target": -12.344598518101849, "params": {"colsample_bytree": 0.6548658906458455, "eta": 0.0607558576110808, "gamma": 551.9193011122433, "max_depth": 8.0, "min_child_weight": 4218.813615882803, "num_boost_round": 38.0, "subsample": 0.5355839026750201}, "datetime": {"datetime": "2024-01-20 15:50:14", "elapsed": 5180.49615, "delta": 0.005395}}
{"target": -12.345009901363078, "params": {"colsample_bytree": 0.6548658906458455, "eta": 0.0607558576110808, "gamma": 551.9193011122433, "max_depth": 8.0, "min_child_weight": 4218.813615882803, "num_boost_round": 39.0, "subsample": 0.5355839026750201}, "datetime": {"datetime": "2024-01-20 15:50:14", "elapsed": 5180.50148, "delta": 0.00533}}
{"target": -12.34507305361315, "params": {"colsample_bytree": 0.6548658906458455, "eta": 0.0607558576110808, "gamma": 551.9193011122433, "max_depth": 8.0, "min_child_weight": 4218.813615882803, "num_boost_round": 40.0, "subsample": 0.5355839026750201}, "datetime": {"datetime": "2024-01-20 15:50:14", "elapsed": 5180.506896, "delta": 0.005416}}
{"target": -12.345635322857987, "params": {"colsample_bytree": 0.6548658906458455, "eta": 0.0607558576110808, "gamma": 551.9193011122433, "max_depth": 8.0, "min_child_weight": 4218.813615882803, "num_boost_round": 41.0, "subsample": 0.5355839026750201}, "datetime": {"datetime": "2024-01-20 15:50:14", "elapsed": 5180.512496, "delta": 0.0056}}
{"target": -12.346088923298739, "params": {"colsample_bytree": 0.6548658906458455, "eta": 0.0607558576110808, "gamma": 551.9193011122433, "max_depth": 8.0, "min_child_weight": 4218.813615882803, "num_boost_round": 42.0, "subsample": 0.5355839026750201}, "datetime": {"datetime": "2024-01-20 15:50:14", "elapsed": 5180.517891, "delta": 0.005395}}
{"target": -12.3465771047448, "params": {"colsample_bytree": 0.6548658906458455, "eta": 0.0607558576110808, "gamma": 551.9193011122433, "max_depth": 8.0, "min_child_weight": 4218.813615882803, "num_boost_round": 43.0, "subsample": 0.5355839026750201}, "datetime": {"datetime": "2024-01-20 15:50:14", "elapsed": 5180.52336, "delta": 0.005469}}
{"target": -12.34668956882961, "params": {"colsample_bytree": 0.6548658906458455, "eta": 0.0607558576110808, "gamma": 551.9193011122433, "max_depth": 8.0, "min_child_weight": 4218.813615882803, "num_boost_round": 44.0, "subsample": 0.5355839026750201}, "datetime": {"datetime": "2024-01-20 15:50:14", "elapsed": 5180.528872, "delta": 0.005512}}
{"target": -12.346701066310256, "params": {"colsample_bytree": 0.6548658906458455, "eta": 0.0607558576110808, "gamma": 551.9193011122433, "max_depth": 8.0, "min_child_weight": 4218.813615882803, "num_boost_round": 45.0, "subsample": 0.5355839026750201}, "datetime": {"datetime": "2024-01-20 15:50:14", "elapsed": 5180.534361, "delta": 0.005489}}
{"target": -12.346871863929024, "params": {"colsample_bytree": 0.6548658906458455, "eta": 0.0607558576110808, "gamma": 551.9193011122433, "max_depth": 8.0, "min_child_weight": 4218.813615882803, "num_boost_round": 46.0, "subsample": 0.5355839026750201}, "datetime": {"datetime": "2024-01-20 15:50:14", "elapsed": 5180.539652, "delta": 0.005291}}
