{"target": -13.411301193967192, "params": {"colsample_bytree": 0.7083092241661977, "eta": 0.056636031187076843, "gamma": 316.406632304165, "max_depth": 2.0, "min_child_weight": 4508.920307292078, "num_boost_round": 46.0, "subsample": 0.6415578406171407}, "datetime": {"datetime": "2024-01-20 18:29:14", "elapsed": 14689.479931, "delta": 0.006589}}
{"target": -13.411717342269842, "params": {"colsample_bytree": 0.7083092241661977, "eta": 0.056636031187076843, "gamma": 316.406632304165, "max_depth": 2.0, "min_child_weight": 4508.920307292078, "num_boost_round": 47.0, "subsample": 0.6415578406171407}, "datetime": {"datetime": "2024-01-20 18:29:14", "elapsed": 14689.485581, "delta": 0.00565}}
{"target": -13.412138957953147, "params": {"colsample_bytree": 0.7083092241661977, "eta": 0.056636031187076843, "gamma": 316.406632304165, "max_depth": 2.0, "min_child_weight": 4508.920307292078, "num_boost_round": 48.0, "subsample": 0.6415578406171407}, "datetime": {"datetime": "2024-01-20 18:29:14", "elapsed": 14689.491329, "delta": 0.005748}}
{"target": -13.412528754919306, "params": {"colsample_bytree": 0.7083092241661977, "eta": 0.056636031187076843, "gamma": 316.406632304165, "max_depth": 2.0, "min_child_weight": 4508.920307292078, "num_boost_round": 49.0, "subsample": 0.6415578406171407}, "datetime": {"datetime": "2024-01-20 18:29:14", "elapsed": 14689.497047, "delta": 0.005718}}
{"target": -13.412640978487476, "params": {"colsample_bytree": 0.7083092241661977, "eta": 0.056636031187076843, "gamma": 316.406632304165, "max_depth": 2.0, "min_child_weight": 4508.920307292078, "num_boost_round": 50.0, "subsample": 0.6415578406171407}, "datetime": {"datetime": "2024-01-20 18:29:14", "elapsed": 14689.502646, "delta": 0.005599}}
{"target": -13.412889957262145, "params": {"colsample_bytree": 0.7083092241661977, "eta": 0.056636031187076843, "gamma": 316.406632304165, "max_depth": 2.0, "min_child_weight": 4508.920307292078, "num_boost_round": 51.0, "subsample": 0.6415578406171407}, "datetime": {"datetime": "2024-01-20 18:29:14", "elapsed": 14689.508803, "delta": 0.006157}}
{"target": -13.413108787104484, "params": {"colsample_bytree": 0.7083092241661977, "eta": 0.056636031187076843, "gamma": 316.406632304165, "max_depth": 2.0, "min_child_weight": 4508.920307292078, "num_boost_round": 52.0, "subsample": 0.6415578406171407}, "datetime": {"datetime": "2024-01-20 18:29:14", "elapsed": 14689.51428, "delta": 0.005477}}
{"target": -13.413497810943252, "params": {"colsample_bytree": 0.7083092241661977, "eta": 0.056636031187076843, "gamma": 316.406632304165, "max_depth": 2.0, "min_child_weight": 4508.920307292078, "num_boost_round": 53.0, "subsample": 0.6415578406171407}, "datetime": {"datetime": "2024-01-20 18:29:14", "elapsed": 14689.519762, "delta": 0.005482}}
{"target": -13.413611529858555, "params": {"colsample_bytree": 0.7083092241661977, "eta": 0.056636031187076843, "gamma": 316.406632304165, "max_depth": 2.0, "min_child_weight": 4508.920307292078, "num_boost_round": 54.0, "subsample": 0.6415578406171407}, "datetime": {"datetime": "2024-01-20 18:29:14", "elapsed": 14689.526054, "delta": 0.006292}}
{"target": -13.413740208098396, "params": {"colsample_bytree": 0.7083092241661977, "eta": 0.056636031187076843, "gamma": 316.406632304165, "max_depth": 2.0, "min_child_weight": 4508.920307292078, "num_boost_round": 55.0, "subsample": 0.6415578406171407}, "datetime": {"datetime": "2024-01-20 18:29:14", "elapsed": 14689.53166, "delta": 0.005606}}
{"target": -13.413821966792774, "params": {"colsample_bytree": 0.7083092241661977, "eta": 0.056636031187076843, "gamma": 316.406632304165, "max_depth": 2.0, "min_child_weight": 4508.920307292078, "num_boost_round": 56.0, "subsample": 0.6415578406171407}, "datetime": {"datetime": "2024-01-20 18:29:14", "elapsed": 14689.537322, "delta": 0.005662}}
{"target": -13.413667835755954, "params": {"colsample_bytree": 0.7083092241661977, "eta": 0.056636031187076843, "gamma": 316.406632304165, "max_depth": 2.0, "min_child_weight": 4508.920307292078, "num_boost_round": 57.0, "subsample": 0.6415578406171407}, "datetime": {"datetime": "2024-01-20 18:29:14", "elapsed": 14689.542754, "delta": 0.005432}}
{"target": -13.413635635251712, "params": {"colsample_bytree": 0.7083092241661977, "eta": 0.056636031187076843, "gamma": 316.406632304165, "max_depth": 2.0, "min_child_weight": 4508.920307292078, "num_boost_round": 58.0, "subsample": 0.6415578406171407}, "datetime": {"datetime": "2024-01-20 18:29:14", "elapsed": 14689.548206, "delta": 0.005452}}
{"target": -13.413807237444995, "params": {"colsample_bytree": 0.7083092241661977, "eta": 0.056636031187076843, "gamma": 316.406632304165, "max_depth": 2.0, "min_child_weight": 4508.920307292078, "num_boost_round": 59.0, "subsample": 0.6415578406171407}, "datetime": {"datetime": "2024-01-20 18:29:14", "elapsed": 14689.553669, "delta": 0.005463}}
{"target": -13.414147578541034, "params": {"colsample_bytree": 0.7083092241661977, "eta": 0.056636031187076843, "gamma": 316.406632304165, "max_depth": 2.0, "min_child_weight": 4508.920307292078, "num_boost_round": 60.0, "subsample": 0.6415578406171407}, "datetime": {"datetime": "2024-01-20 18:29:14", "elapsed": 14689.559296, "delta": 0.005627}}
{"target": -13.414667824665454, "params": {"colsample_bytree": 0.7083092241661977, "eta": 0.056636031187076843, "gamma": 316.406632304165, "max_depth": 2.0, "min_child_weight": 4508.920307292078, "num_boost_round": 61.0, "subsample": 0.6415578406171407}, "datetime": {"datetime": "2024-01-20 18:29:14", "elapsed": 14689.564872, "delta": 0.005576}}
{"target": -13.415045494598695, "params": {"colsample_bytree": 0.7083092241661977, "eta": 0.056636031187076843, "gamma": 316.406632304165, "max_depth": 2.0, "min_child_weight": 4508.920307292078, "num_boost_round": 62.0, "subsample": 0.6415578406171407}, "datetime": {"datetime": "2024-01-20 18:29:14", "elapsed": 14689.57129, "delta": 0.006418}}
{"target": -13.415430117468205, "params": {"colsample_bytree": 0.7083092241661977, "eta": 0.056636031187076843, "gamma": 316.406632304165, "max_depth": 2.0, "min_child_weight": 4508.920307292078, "num_boost_round": 63.0, "subsample": 0.6415578406171407}, "datetime": {"datetime": "2024-01-20 18:29:14", "elapsed": 14689.577668, "delta": 0.006378}}
{"target": -13.415357747112484, "params": {"colsample_bytree": 0.7083092241661977, "eta": 0.056636031187076843, "gamma": 316.406632304165, "max_depth": 2.0, "min_child_weight": 4508.920307292078, "num_boost_round": 64.0, "subsample": 0.6415578406171407}, "datetime": {"datetime": "2024-01-20 18:29:14", "elapsed": 14689.583719, "delta": 0.006051}}
{"target": -13.41563012506334, "params": {"colsample_bytree": 0.7083092241661977, "eta": 0.056636031187076843, "gamma": 316.406632304165, "max_depth": 2.0, "min_child_weight": 4508.920307292078, "num_boost_round": 65.0, "subsample": 0.6415578406171407}, "datetime": {"datetime": "2024-01-20 18:29:14", "elapsed": 14689.589495, "delta": 0.005776}}
{"target": -13.415847111155538, "params": {"colsample_bytree": 0.7083092241661977, "eta": 0.056636031187076843, "gamma": 316.406632304165, "max_depth": 2.0, "min_child_weight": 4508.920307292078, "num_boost_round": 66.0, "subsample": 0.6415578406171407}, "datetime": {"datetime": "2024-01-20 18:29:14", "elapsed": 14689.595699, "delta": 0.006204}}
{"target": -13.415847818941455, "params": {"colsample_bytree": 0.7083092241661977, "eta": 0.056636031187076843, "gamma": 316.406632304165, "max_depth": 2.0, "min_child_weight": 4508.920307292078, "num_boost_round": 67.0, "subsample": 0.6415578406171407}, "datetime": {"datetime": "2024-01-20 18:29:14", "elapsed": 14689.602026, "delta": 0.006327}}
{"target": -13.415926510849705, "params": {"colsample_bytree": 0.7083092241661977, "eta": 0.056636031187076843, "gamma": 316.406632304165, "max_depth": 2.0, "min_child_weight": 4508.920307292078, "num_boost_round": 68.0, "subsample": 0.6415578406171407}, "datetime": {"datetime": "2024-01-20 18:29:14", "elapsed": 14689.608494, "delta": 0.006468}}
{"target": -13.415652202795119, "params": {"colsample_bytree": 0.7083092241661977, "eta": 0.056636031187076843, "gamma": 316.406632304165, "max_depth": 2.0, "min_child_weight": 4508.920307292078, "num_boost_round": 69.0, "subsample": 0.6415578406171407}, "datetime": {"datetime": "2024-01-20 18:29:14", "elapsed": 14689.6148, "delta": 0.006306}}
{"target": -13.416005274799128, "params": {"colsample_bytree": 0.7083092241661977, "eta": 0.056636031187076843, "gamma": 316.406632304165, "max_depth": 2.0, "min_child_weight": 4508.920307292078, "num_boost_round": 70.0, "subsample": 0.6415578406171407}, "datetime": {"datetime": "2024-01-20 18:29:14", "elapsed": 14689.62085, "delta": 0.00605}}
{"target": -13.416136871210348, "params": {"colsample_bytree": 0.7083092241661977, "eta": 0.056636031187076843, "gamma": 316.406632304165, "max_depth": 2.0, "min_child_weight": 4508.920307292078, "num_boost_round": 71.0, "subsample": 0.6415578406171407}, "datetime": {"datetime": "2024-01-20 18:29:14", "elapsed": 14689.626486, "delta": 0.005636}}
{"target": -13.416606489348524, "params": {"colsample_bytree": 0.7083092241661977, "eta": 0.056636031187076843, "gamma": 316.406632304165, "max_depth": 2.0, "min_child_weight": 4508.920307292078, "num_boost_round": 72.0, "subsample": 0.6415578406171407}, "datetime": {"datetime": "2024-01-20 18:29:14", "elapsed": 14689.632586, "delta": 0.0061}}
{"target": -13.41666040278994, "params": {"colsample_bytree": 0.7083092241661977, "eta": 0.056636031187076843, "gamma": 316.406632304165, "max_depth": 2.0, "min_child_weight": 4508.920307292078, "num_boost_round": 73.0, "subsample": 0.6415578406171407}, "datetime": {"datetime": "2024-01-20 18:29:14", "elapsed": 14689.638455, "delta": 0.005869}}
{"target": -13.416707988276013, "params": {"colsample_bytree": 0.7083092241661977, "eta": 0.056636031187076843, "gamma": 316.406632304165, "max_depth": 2.0, "min_child_weight": 4508.920307292078, "num_boost_round": 74.0, "subsample": 0.6415578406171407}, "datetime": {"datetime": "2024-01-20 18:29:14", "elapsed": 14689.64468, "delta": 0.006225}}
{"target": -13.416794262582513, "params": {"colsample_bytree": 0.7083092241661977, "eta": 0.056636031187076843, "gamma": 316.406632304165, "max_depth": 2.0, "min_child_weight": 4508.920307292078, "num_boost_round": 75.0, "subsample": 0.6415578406171407}, "datetime": {"datetime": "2024-01-20 18:29:14", "elapsed": 14689.650246, "delta": 0.005566}}
{"target": -13.416800881229413, "params": {"colsample_bytree": 0.7083092241661977, "eta": 0.056636031187076843, "gamma": 316.406632304165, "max_depth": 2.0, "min_child_weight": 4508.920307292078, "num_boost_round": 76.0, "subsample": 0.6415578406171407}, "datetime": {"datetime": "2024-01-20 18:29:15", "elapsed": 14689.65589, "delta": 0.005644}}
{"target": -13.417018367627294, "params": {"colsample_bytree": 0.7083092241661977, "eta": 0.056636031187076843, "gamma": 316.406632304165, "max_depth": 2.0, "min_child_weight": 4508.920307292078, "num_boost_round": 77.0, "subsample": 0.6415578406171407}, "datetime": {"datetime": "2024-01-20 18:29:15", "elapsed": 14689.661534, "delta": 0.005644}}
{"target": -13.417160358418121, "params": {"colsample_bytree": 0.7083092241661977, "eta": 0.056636031187076843, "gamma": 316.406632304165, "max_depth": 2.0, "min_child_weight": 4508.920307292078, "num_boost_round": 78.0, "subsample": 0.6415578406171407}, "datetime": {"datetime": "2024-01-20 18:29:15", "elapsed": 14689.667093, "delta": 0.005559}}
{"target": -13.417292115449417, "params": {"colsample_bytree": 0.7083092241661977, "eta": 0.056636031187076843, "gamma": 316.406632304165, "max_depth": 2.0, "min_child_weight": 4508.920307292078, "num_boost_round": 79.0, "subsample": 0.6415578406171407}, "datetime": {"datetime": "2024-01-20 18:29:15", "elapsed": 14689.672686, "delta": 0.005593}}
{"target": -13.417498210426464, "params": {"colsample_bytree": 0.7083092241661977, "eta": 0.056636031187076843, "gamma": 316.406632304165, "max_depth": 2.0, "min_child_weight": 4508.920307292078, "num_boost_round": 80.0, "subsample": 0.6415578406171407}, "datetime": {"datetime": "2024-01-20 18:29:15", "elapsed": 14689.681424, "delta": 0.008738}}
{"target": -13.417601236424382, "params": {"colsample_bytree": 0.7083092241661977, "eta": 0.056636031187076843, "gamma": 316.406632304165, "max_depth": 2.0, "min_child_weight": 4508.920307292078, "num_boost_round": 81.0, "subsample": 0.6415578406171407}, "datetime": {"datetime": "2024-01-20 18:29:15", "elapsed": 14689.690417, "delta": 0.008993}}
{"target": -13.41759812693643, "params": {"colsample_bytree": 0.7083092241661977, "eta": 0.056636031187076843, "gamma": 316.406632304165, "max_depth": 2.0, "min_child_weight": 4508.920307292078, "num_boost_round": 82.0, "subsample": 0.6415578406171407}, "datetime": {"datetime": "2024-01-20 18:29:15", "elapsed": 14689.697742, "delta": 0.007325}}
{"target": -13.417746972576252, "params": {"colsample_bytree": 0.7083092241661977, "eta": 0.056636031187076843, "gamma": 316.406632304165, "max_depth": 2.0, "min_child_weight": 4508.920307292078, "num_boost_round": 83.0, "subsample": 0.6415578406171407}, "datetime": {"datetime": "2024-01-20 18:29:15", "elapsed": 14689.703765, "delta": 0.006023}}
{"target": -13.39759432177898, "params": {"colsample_bytree": 0.7565502014584553, "eta": 0.028771460346875083, "gamma": 361.11539042973396, "max_depth": 6.0, "min_child_weight": 4402.123454512453, "num_boost_round": 1.0, "subsample": 0.1132406094242224}, "datetime": {"datetime": "2024-01-20 18:31:05", "elapsed": 14800.137401, "delta": 110.433636}}
{"target": -13.39736956936688, "params": {"colsample_bytree": 0.7565502014584553, "eta": 0.028771460346875083, "gamma": 361.11539042973396, "max_depth": 6.0, "min_child_weight": 4402.123454512453, "num_boost_round": 2.0, "subsample": 0.1132406094242224}, "datetime": {"datetime": "2024-01-20 18:31:05", "elapsed": 14800.144319, "delta": 0.006918}}
{"target": -13.397270347553741, "params": {"colsample_bytree": 0.7565502014584553, "eta": 0.028771460346875083, "gamma": 361.11539042973396, "max_depth": 6.0, "min_child_weight": 4402.123454512453, "num_boost_round": 3.0, "subsample": 0.1132406094242224}, "datetime": {"datetime": "2024-01-20 18:31:05", "elapsed": 14800.184656, "delta": 0.040337}}
{"target": -13.397173969526616, "params": {"colsample_bytree": 0.7565502014584553, "eta": 0.028771460346875083, "gamma": 361.11539042973396, "max_depth": 6.0, "min_child_weight": 4402.123454512453, "num_boost_round": 4.0, "subsample": 0.1132406094242224}, "datetime": {"datetime": "2024-01-20 18:31:05", "elapsed": 14800.190363, "delta": 0.005707}}
{"target": -13.39705476020903, "params": {"colsample_bytree": 0.7565502014584553, "eta": 0.028771460346875083, "gamma": 361.11539042973396, "max_depth": 6.0, "min_child_weight": 4402.123454512453, "num_boost_round": 5.0, "subsample": 0.1132406094242224}, "datetime": {"datetime": "2024-01-20 18:31:05", "elapsed": 14800.196192, "delta": 0.005829}}
{"target": -13.396831355017197, "params": {"colsample_bytree": 0.7565502014584553, "eta": 0.028771460346875083, "gamma": 361.11539042973396, "max_depth": 6.0, "min_child_weight": 4402.123454512453, "num_boost_round": 6.0, "subsample": 0.1132406094242224}, "datetime": {"datetime": "2024-01-20 18:31:05", "elapsed": 14800.202036, "delta": 0.005844}}
{"target": -13.397688702953387, "params": {"colsample_bytree": 0.7735028176809592, "eta": 0.00929192051554131, "gamma": 385.34525911272976, "max_depth": 5.0, "min_child_weight": 4435.176986881067, "num_boost_round": 1.0, "subsample": 0.17330424636476272}, "datetime": {"datetime": "2024-01-20 18:33:02", "elapsed": 14916.926698, "delta": 116.724662}}
{"target": -13.397590042812535, "params": {"colsample_bytree": 0.7735028176809592, "eta": 0.00929192051554131, "gamma": 385.34525911272976, "max_depth": 5.0, "min_child_weight": 4435.176986881067, "num_boost_round": 2.0, "subsample": 0.17330424636476272}, "datetime": {"datetime": "2024-01-20 18:33:02", "elapsed": 14916.93346, "delta": 0.006762}}
{"target": -13.397500189865676, "params": {"colsample_bytree": 0.7735028176809592, "eta": 0.00929192051554131, "gamma": 385.34525911272976, "max_depth": 5.0, "min_child_weight": 4435.176986881067, "num_boost_round": 3.0, "subsample": 0.17330424636476272}, "datetime": {"datetime": "2024-01-20 18:33:02", "elapsed": 14916.939302, "delta": 0.005842}}
{"target": -13.397422598037686, "params": {"colsample_bytree": 0.7735028176809592, "eta": 0.00929192051554131, "gamma": 385.34525911272976, "max_depth": 5.0, "min_child_weight": 4435.176986881067, "num_boost_round": 4.0, "subsample": 0.17330424636476272}, "datetime": {"datetime": "2024-01-20 18:33:02", "elapsed": 14916.945157, "delta": 0.005855}}
{"target": -13.397321431431596, "params": {"colsample_bytree": 0.7735028176809592, "eta": 0.00929192051554131, "gamma": 385.34525911272976, "max_depth": 5.0, "min_child_weight": 4435.176986881067, "num_boost_round": 5.0, "subsample": 0.17330424636476272}, "datetime": {"datetime": "2024-01-20 18:33:02", "elapsed": 14916.950843, "delta": 0.005686}}
{"target": -13.397187135095823, "params": {"colsample_bytree": 0.7735028176809592, "eta": 0.00929192051554131, "gamma": 385.34525911272976, "max_depth": 5.0, "min_child_weight": 4435.176986881067, "num_boost_round": 6.0, "subsample": 0.17330424636476272}, "datetime": {"datetime": "2024-01-20 18:33:02", "elapsed": 14916.956497, "delta": 0.005654}}
{"target": -13.397108493883769, "params": {"colsample_bytree": 0.7735028176809592, "eta": 0.00929192051554131, "gamma": 385.34525911272976, "max_depth": 5.0, "min_child_weight": 4435.176986881067, "num_boost_round": 7.0, "subsample": 0.17330424636476272}, "datetime": {"datetime": "2024-01-20 18:33:02", "elapsed": 14916.962226, "delta": 0.005729}}
{"target": -13.397075994449935, "params": {"colsample_bytree": 0.7735028176809592, "eta": 0.00929192051554131, "gamma": 385.34525911272976, "max_depth": 5.0, "min_child_weight": 4435.176986881067, "num_boost_round": 8.0, "subsample": 0.17330424636476272}, "datetime": {"datetime": "2024-01-20 18:33:02", "elapsed": 14916.967748, "delta": 0.005522}}
{"target": -13.397064475350142, "params": {"colsample_bytree": 0.7735028176809592, "eta": 0.00929192051554131, "gamma": 385.34525911272976, "max_depth": 5.0, "min_child_weight": 4435.176986881067, "num_boost_round": 9.0, "subsample": 0.17330424636476272}, "datetime": {"datetime": "2024-01-20 18:33:02", "elapsed": 14917.000491, "delta": 0.032743}}
{"target": -13.396958864806185, "params": {"colsample_bytree": 0.7735028176809592, "eta": 0.00929192051554131, "gamma": 385.34525911272976, "max_depth": 5.0, "min_child_weight": 4435.176986881067, "num_boost_round": 10.0, "subsample": 0.17330424636476272}, "datetime": {"datetime": "2024-01-20 18:33:02", "elapsed": 14917.006216, "delta": 0.005725}}
{"target": -13.396914972609427, "params": {"colsample_bytree": 0.7735028176809592, "eta": 0.00929192051554131, "gamma": 385.34525911272976, "max_depth": 5.0, "min_child_weight": 4435.176986881067, "num_boost_round": 11.0, "subsample": 0.17330424636476272}, "datetime": {"datetime": "2024-01-20 18:33:02", "elapsed": 14917.011913, "delta": 0.005697}}
{"target": -13.396855218897764, "params": {"colsample_bytree": 0.7735028176809592, "eta": 0.00929192051554131, "gamma": 385.34525911272976, "max_depth": 5.0, "min_child_weight": 4435.176986881067, "num_boost_round": 12.0, "subsample": 0.17330424636476272}, "datetime": {"datetime": "2024-01-20 18:33:02", "elapsed": 14917.017771, "delta": 0.005858}}
{"target": -13.396788032112163, "params": {"colsample_bytree": 0.7735028176809592, "eta": 0.00929192051554131, "gamma": 385.34525911272976, "max_depth": 5.0, "min_child_weight": 4435.176986881067, "num_boost_round": 13.0, "subsample": 0.17330424636476272}, "datetime": {"datetime": "2024-01-20 18:33:02", "elapsed": 14917.023663, "delta": 0.005892}}
{"target": -13.39675263087852, "params": {"colsample_bytree": 0.7735028176809592, "eta": 0.00929192051554131, "gamma": 385.34525911272976, "max_depth": 5.0, "min_child_weight": 4435.176986881067, "num_boost_round": 14.0, "subsample": 0.17330424636476272}, "datetime": {"datetime": "2024-01-20 18:33:02", "elapsed": 14917.029169, "delta": 0.005506}}
{"target": -13.39670748010675, "params": {"colsample_bytree": 0.7735028176809592, "eta": 0.00929192051554131, "gamma": 385.34525911272976, "max_depth": 5.0, "min_child_weight": 4435.176986881067, "num_boost_round": 15.0, "subsample": 0.17330424636476272}, "datetime": {"datetime": "2024-01-20 18:33:02", "elapsed": 14917.035102, "delta": 0.005933}}
{"target": -13.396645530734261, "params": {"colsample_bytree": 0.7735028176809592, "eta": 0.00929192051554131, "gamma": 385.34525911272976, "max_depth": 5.0, "min_child_weight": 4435.176986881067, "num_boost_round": 16.0, "subsample": 0.17330424636476272}, "datetime": {"datetime": "2024-01-20 18:33:02", "elapsed": 14917.040648, "delta": 0.005546}}
{"target": -13.39661339306673, "params": {"colsample_bytree": 0.7735028176809592, "eta": 0.00929192051554131, "gamma": 385.34525911272976, "max_depth": 5.0, "min_child_weight": 4435.176986881067, "num_boost_round": 17.0, "subsample": 0.17330424636476272}, "datetime": {"datetime": "2024-01-20 18:33:02", "elapsed": 14917.046349, "delta": 0.005701}}
{"target": -13.39652382181751, "params": {"colsample_bytree": 0.7735028176809592, "eta": 0.00929192051554131, "gamma": 385.34525911272976, "max_depth": 5.0, "min_child_weight": 4435.176986881067, "num_boost_round": 18.0, "subsample": 0.17330424636476272}, "datetime": {"datetime": "2024-01-20 18:33:02", "elapsed": 14917.051957, "delta": 0.005608}}
{"target": -13.396484969022062, "params": {"colsample_bytree": 0.7735028176809592, "eta": 0.00929192051554131, "gamma": 385.34525911272976, "max_depth": 5.0, "min_child_weight": 4435.176986881067, "num_boost_round": 19.0, "subsample": 0.17330424636476272}, "datetime": {"datetime": "2024-01-20 18:33:02", "elapsed": 14917.05775, "delta": 0.005793}}
