{"target": -15.16990235344096, "params": {"colsample_bytree": 0.17691969735388646, "eta": 0.006788864026926925, "gamma": 558.2445023975891, "max_depth": 7.0, "min_child_weight": 4189.738925146747, "num_boost_round": 30.0, "subsample": 0.202279909686011}, "datetime": {"datetime": "2024-01-20 15:18:22", "elapsed": 3259.585663, "delta": 0.003876}}
{"target": -15.169931781603763, "params": {"colsample_bytree": 0.17691969735388646, "eta": 0.006788864026926925, "gamma": 558.2445023975891, "max_depth": 7.0, "min_child_weight": 4189.738925146747, "num_boost_round": 31.0, "subsample": 0.202279909686011}, "datetime": {"datetime": "2024-01-20 15:18:22", "elapsed": 3259.58966, "delta": 0.003997}}
{"target": -15.169928680473195, "params": {"colsample_bytree": 0.17691969735388646, "eta": 0.006788864026926925, "gamma": 558.2445023975891, "max_depth": 7.0, "min_child_weight": 4189.738925146747, "num_boost_round": 32.0, "subsample": 0.202279909686011}, "datetime": {"datetime": "2024-01-20 15:18:22", "elapsed": 3259.594041, "delta": 0.004381}}
{"target": -15.169884918213612, "params": {"colsample_bytree": 0.17691969735388646, "eta": 0.006788864026926925, "gamma": 558.2445023975891, "max_depth": 7.0, "min_child_weight": 4189.738925146747, "num_boost_round": 33.0, "subsample": 0.202279909686011}, "datetime": {"datetime": "2024-01-20 15:18:22", "elapsed": 3259.598358, "delta": 0.004317}}
{"target": -15.172533864389539, "params": {"colsample_bytree": 0.7443468399682409, "eta": 0.01800635227525217, "gamma": 612.5380589371475, "max_depth": 2.0, "min_child_weight": 4196.078072034947, "num_boost_round": 1.0, "subsample": 0.6613365637729347}, "datetime": {"datetime": "2024-01-20 15:19:31", "elapsed": 3329.321872, "delta": 69.723514}}
{"target": -15.17206840701714, "params": {"colsample_bytree": 0.7443468399682409, "eta": 0.01800635227525217, "gamma": 612.5380589371475, "max_depth": 2.0, "min_child_weight": 4196.078072034947, "num_boost_round": 2.0, "subsample": 0.6613365637729347}, "datetime": {"datetime": "2024-01-20 15:19:31", "elapsed": 3329.327752, "delta": 0.00588}}
{"target": -15.171486924104297, "params": {"colsample_bytree": 0.7443468399682409, "eta": 0.01800635227525217, "gamma": 612.5380589371475, "max_depth": 2.0, "min_child_weight": 4196.078072034947, "num_boost_round": 3.0, "subsample": 0.6613365637729347}, "datetime": {"datetime": "2024-01-20 15:19:31", "elapsed": 3329.33196, "delta": 0.004208}}
{"target": -15.171130389809276, "params": {"colsample_bytree": 0.7443468399682409, "eta": 0.01800635227525217, "gamma": 612.5380589371475, "max_depth": 2.0, "min_child_weight": 4196.078072034947, "num_boost_round": 4.0, "subsample": 0.6613365637729347}, "datetime": {"datetime": "2024-01-20 15:19:31", "elapsed": 3329.335889, "delta": 0.003929}}
{"target": -15.170154419361133, "params": {"colsample_bytree": 0.7443468399682409, "eta": 0.01800635227525217, "gamma": 612.5380589371475, "max_depth": 2.0, "min_child_weight": 4196.078072034947, "num_boost_round": 5.0, "subsample": 0.6613365637729347}, "datetime": {"datetime": "2024-01-20 15:19:31", "elapsed": 3329.339837, "delta": 0.003948}}
{"target": -15.169297020126033, "params": {"colsample_bytree": 0.7443468399682409, "eta": 0.01800635227525217, "gamma": 612.5380589371475, "max_depth": 2.0, "min_child_weight": 4196.078072034947, "num_boost_round": 6.0, "subsample": 0.6613365637729347}, "datetime": {"datetime": "2024-01-20 15:19:31", "elapsed": 3329.343877, "delta": 0.00404}}
{"target": -15.16898804564498, "params": {"colsample_bytree": 0.7443468399682409, "eta": 0.01800635227525217, "gamma": 612.5380589371475, "max_depth": 2.0, "min_child_weight": 4196.078072034947, "num_boost_round": 7.0, "subsample": 0.6613365637729347}, "datetime": {"datetime": "2024-01-20 15:19:31", "elapsed": 3329.347904, "delta": 0.004027}}
{"target": -15.168186472432925, "params": {"colsample_bytree": 0.7443468399682409, "eta": 0.01800635227525217, "gamma": 612.5380589371475, "max_depth": 2.0, "min_child_weight": 4196.078072034947, "num_boost_round": 8.0, "subsample": 0.6613365637729347}, "datetime": {"datetime": "2024-01-20 15:19:31", "elapsed": 3329.35193, "delta": 0.004026}}
{"target": -15.167850442233835, "params": {"colsample_bytree": 0.7443468399682409, "eta": 0.01800635227525217, "gamma": 612.5380589371475, "max_depth": 2.0, "min_child_weight": 4196.078072034947, "num_boost_round": 9.0, "subsample": 0.6613365637729347}, "datetime": {"datetime": "2024-01-20 15:19:31", "elapsed": 3329.35587, "delta": 0.00394}}
{"target": -15.16708665539346, "params": {"colsample_bytree": 0.7443468399682409, "eta": 0.01800635227525217, "gamma": 612.5380589371475, "max_depth": 2.0, "min_child_weight": 4196.078072034947, "num_boost_round": 10.0, "subsample": 0.6613365637729347}, "datetime": {"datetime": "2024-01-20 15:19:31", "elapsed": 3329.359868, "delta": 0.003998}}
{"target": -15.166785468566552, "params": {"colsample_bytree": 0.7443468399682409, "eta": 0.01800635227525217, "gamma": 612.5380589371475, "max_depth": 2.0, "min_child_weight": 4196.078072034947, "num_boost_round": 11.0, "subsample": 0.6613365637729347}, "datetime": {"datetime": "2024-01-20 15:19:31", "elapsed": 3329.363875, "delta": 0.004007}}
{"target": -15.166341984251002, "params": {"colsample_bytree": 0.7443468399682409, "eta": 0.01800635227525217, "gamma": 612.5380589371475, "max_depth": 2.0, "min_child_weight": 4196.078072034947, "num_boost_round": 12.0, "subsample": 0.6613365637729347}, "datetime": {"datetime": "2024-01-20 15:19:31", "elapsed": 3329.367825, "delta": 0.00395}}
{"target": -15.16609063434275, "params": {"colsample_bytree": 0.7443468399682409, "eta": 0.01800635227525217, "gamma": 612.5380589371475, "max_depth": 2.0, "min_child_weight": 4196.078072034947, "num_boost_round": 13.0, "subsample": 0.6613365637729347}, "datetime": {"datetime": "2024-01-20 15:19:31", "elapsed": 3329.371773, "delta": 0.003948}}
{"target": -15.165486894639763, "params": {"colsample_bytree": 0.7443468399682409, "eta": 0.01800635227525217, "gamma": 612.5380589371475, "max_depth": 2.0, "min_child_weight": 4196.078072034947, "num_boost_round": 14.0, "subsample": 0.6613365637729347}, "datetime": {"datetime": "2024-01-20 15:19:31", "elapsed": 3329.375693, "delta": 0.00392}}
{"target": -15.165226087703777, "params": {"colsample_bytree": 0.7443468399682409, "eta": 0.01800635227525217, "gamma": 612.5380589371475, "max_depth": 2.0, "min_child_weight": 4196.078072034947, "num_boost_round": 15.0, "subsample": 0.6613365637729347}, "datetime": {"datetime": "2024-01-20 15:19:31", "elapsed": 3329.37959, "delta": 0.003897}}
{"target": -15.164537982488106, "params": {"colsample_bytree": 0.7443468399682409, "eta": 0.01800635227525217, "gamma": 612.5380589371475, "max_depth": 2.0, "min_child_weight": 4196.078072034947, "num_boost_round": 16.0, "subsample": 0.6613365637729347}, "datetime": {"datetime": "2024-01-20 15:19:31", "elapsed": 3329.38355, "delta": 0.00396}}
{"target": -15.163923841856422, "params": {"colsample_bytree": 0.7443468399682409, "eta": 0.01800635227525217, "gamma": 612.5380589371475, "max_depth": 2.0, "min_child_weight": 4196.078072034947, "num_boost_round": 17.0, "subsample": 0.6613365637729347}, "datetime": {"datetime": "2024-01-20 15:19:31", "elapsed": 3329.387457, "delta": 0.003907}}
{"target": -15.163369521644967, "params": {"colsample_bytree": 0.7443468399682409, "eta": 0.01800635227525217, "gamma": 612.5380589371475, "max_depth": 2.0, "min_child_weight": 4196.078072034947, "num_boost_round": 18.0, "subsample": 0.6613365637729347}, "datetime": {"datetime": "2024-01-20 15:19:31", "elapsed": 3329.391577, "delta": 0.00412}}
{"target": -15.162889682022861, "params": {"colsample_bytree": 0.7443468399682409, "eta": 0.01800635227525217, "gamma": 612.5380589371475, "max_depth": 2.0, "min_child_weight": 4196.078072034947, "num_boost_round": 19.0, "subsample": 0.6613365637729347}, "datetime": {"datetime": "2024-01-20 15:19:31", "elapsed": 3329.39572, "delta": 0.004143}}
{"target": -15.162607635344616, "params": {"colsample_bytree": 0.7443468399682409, "eta": 0.01800635227525217, "gamma": 612.5380589371475, "max_depth": 2.0, "min_child_weight": 4196.078072034947, "num_boost_round": 20.0, "subsample": 0.6613365637729347}, "datetime": {"datetime": "2024-01-20 15:19:31", "elapsed": 3329.399784, "delta": 0.004064}}
{"target": -15.162123148198647, "params": {"colsample_bytree": 0.7443468399682409, "eta": 0.01800635227525217, "gamma": 612.5380589371475, "max_depth": 2.0, "min_child_weight": 4196.078072034947, "num_boost_round": 21.0, "subsample": 0.6613365637729347}, "datetime": {"datetime": "2024-01-20 15:19:31", "elapsed": 3329.403865, "delta": 0.004081}}
{"target": -15.161567011323898, "params": {"colsample_bytree": 0.7443468399682409, "eta": 0.01800635227525217, "gamma": 612.5380589371475, "max_depth": 2.0, "min_child_weight": 4196.078072034947, "num_boost_round": 22.0, "subsample": 0.6613365637729347}, "datetime": {"datetime": "2024-01-20 15:19:31", "elapsed": 3329.407824, "delta": 0.003959}}
{"target": -15.161168338089832, "params": {"colsample_bytree": 0.7443468399682409, "eta": 0.01800635227525217, "gamma": 612.5380589371475, "max_depth": 2.0, "min_child_weight": 4196.078072034947, "num_boost_round": 23.0, "subsample": 0.6613365637729347}, "datetime": {"datetime": "2024-01-20 15:19:31", "elapsed": 3329.411822, "delta": 0.003998}}
{"target": -15.160719065141176, "params": {"colsample_bytree": 0.7443468399682409, "eta": 0.01800635227525217, "gamma": 612.5380589371475, "max_depth": 2.0, "min_child_weight": 4196.078072034947, "num_boost_round": 24.0, "subsample": 0.6613365637729347}, "datetime": {"datetime": "2024-01-20 15:19:31", "elapsed": 3329.415743, "delta": 0.003921}}
{"target": -15.16062873948756, "params": {"colsample_bytree": 0.7443468399682409, "eta": 0.01800635227525217, "gamma": 612.5380589371475, "max_depth": 2.0, "min_child_weight": 4196.078072034947, "num_boost_round": 25.0, "subsample": 0.6613365637729347}, "datetime": {"datetime": "2024-01-20 15:19:31", "elapsed": 3329.419636, "delta": 0.003893}}
{"target": -15.16011120250161, "params": {"colsample_bytree": 0.7443468399682409, "eta": 0.01800635227525217, "gamma": 612.5380589371475, "max_depth": 2.0, "min_child_weight": 4196.078072034947, "num_boost_round": 26.0, "subsample": 0.6613365637729347}, "datetime": {"datetime": "2024-01-20 15:19:31", "elapsed": 3329.42389, "delta": 0.004254}}
{"target": -15.15957767317331, "params": {"colsample_bytree": 0.7443468399682409, "eta": 0.01800635227525217, "gamma": 612.5380589371475, "max_depth": 2.0, "min_child_weight": 4196.078072034947, "num_boost_round": 27.0, "subsample": 0.6613365637729347}, "datetime": {"datetime": "2024-01-20 15:19:31", "elapsed": 3329.42795, "delta": 0.00406}}
{"target": -15.159134031907165, "params": {"colsample_bytree": 0.7443468399682409, "eta": 0.01800635227525217, "gamma": 612.5380589371475, "max_depth": 2.0, "min_child_weight": 4196.078072034947, "num_boost_round": 28.0, "subsample": 0.6613365637729347}, "datetime": {"datetime": "2024-01-20 15:19:31", "elapsed": 3329.431889, "delta": 0.003939}}
{"target": -15.158964850084313, "params": {"colsample_bytree": 0.7443468399682409, "eta": 0.01800635227525217, "gamma": 612.5380589371475, "max_depth": 2.0, "min_child_weight": 4196.078072034947, "num_boost_round": 29.0, "subsample": 0.6613365637729347}, "datetime": {"datetime": "2024-01-20 15:19:31", "elapsed": 3329.435841, "delta": 0.003952}}
{"target": -15.158568095714843, "params": {"colsample_bytree": 0.7443468399682409, "eta": 0.01800635227525217, "gamma": 612.5380589371475, "max_depth": 2.0, "min_child_weight": 4196.078072034947, "num_boost_round": 30.0, "subsample": 0.6613365637729347}, "datetime": {"datetime": "2024-01-20 15:19:31", "elapsed": 3329.439837, "delta": 0.003996}}
{"target": -15.158491461605195, "params": {"colsample_bytree": 0.7443468399682409, "eta": 0.01800635227525217, "gamma": 612.5380589371475, "max_depth": 2.0, "min_child_weight": 4196.078072034947, "num_boost_round": 31.0, "subsample": 0.6613365637729347}, "datetime": {"datetime": "2024-01-20 15:19:32", "elapsed": 3329.443807, "delta": 0.00397}}
{"target": -15.158337319539303, "params": {"colsample_bytree": 0.7443468399682409, "eta": 0.01800635227525217, "gamma": 612.5380589371475, "max_depth": 2.0, "min_child_weight": 4196.078072034947, "num_boost_round": 32.0, "subsample": 0.6613365637729347}, "datetime": {"datetime": "2024-01-20 15:19:32", "elapsed": 3329.447801, "delta": 0.003994}}
{"target": -15.158236926873819, "params": {"colsample_bytree": 0.7443468399682409, "eta": 0.01800635227525217, "gamma": 612.5380589371475, "max_depth": 2.0, "min_child_weight": 4196.078072034947, "num_boost_round": 33.0, "subsample": 0.6613365637729347}, "datetime": {"datetime": "2024-01-20 15:19:32", "elapsed": 3329.451784, "delta": 0.003983}}
{"target": -15.157917961229277, "params": {"colsample_bytree": 0.7443468399682409, "eta": 0.01800635227525217, "gamma": 612.5380589371475, "max_depth": 2.0, "min_child_weight": 4196.078072034947, "num_boost_round": 34.0, "subsample": 0.6613365637729347}, "datetime": {"datetime": "2024-01-20 15:19:32", "elapsed": 3329.455784, "delta": 0.004}}
{"target": -15.157766222253688, "params": {"colsample_bytree": 0.7443468399682409, "eta": 0.01800635227525217, "gamma": 612.5380589371475, "max_depth": 2.0, "min_child_weight": 4196.078072034947, "num_boost_round": 35.0, "subsample": 0.6613365637729347}, "datetime": {"datetime": "2024-01-20 15:19:32", "elapsed": 3329.459771, "delta": 0.003987}}
{"target": -15.157405296008246, "params": {"colsample_bytree": 0.7443468399682409, "eta": 0.01800635227525217, "gamma": 612.5380589371475, "max_depth": 2.0, "min_child_weight": 4196.078072034947, "num_boost_round": 36.0, "subsample": 0.6613365637729347}, "datetime": {"datetime": "2024-01-20 15:19:32", "elapsed": 3329.463742, "delta": 0.003971}}
{"target": -15.15701346528196, "params": {"colsample_bytree": 0.7443468399682409, "eta": 0.01800635227525217, "gamma": 612.5380589371475, "max_depth": 2.0, "min_child_weight": 4196.078072034947, "num_boost_round": 37.0, "subsample": 0.6613365637729347}, "datetime": {"datetime": "2024-01-20 15:19:32", "elapsed": 3329.467695, "delta": 0.003953}}
{"target": -15.156989081861983, "params": {"colsample_bytree": 0.7443468399682409, "eta": 0.01800635227525217, "gamma": 612.5380589371475, "max_depth": 2.0, "min_child_weight": 4196.078072034947, "num_boost_round": 38.0, "subsample": 0.6613365637729347}, "datetime": {"datetime": "2024-01-20 15:19:32", "elapsed": 3329.471639, "delta": 0.003944}}
{"target": -15.156661254204053, "params": {"colsample_bytree": 0.7443468399682409, "eta": 0.01800635227525217, "gamma": 612.5380589371475, "max_depth": 2.0, "min_child_weight": 4196.078072034947, "num_boost_round": 39.0, "subsample": 0.6613365637729347}, "datetime": {"datetime": "2024-01-20 15:19:32", "elapsed": 3329.475713, "delta": 0.004074}}
{"target": -15.156460259041719, "params": {"colsample_bytree": 0.7443468399682409, "eta": 0.01800635227525217, "gamma": 612.5380589371475, "max_depth": 2.0, "min_child_weight": 4196.078072034947, "num_boost_round": 40.0, "subsample": 0.6613365637729347}, "datetime": {"datetime": "2024-01-20 15:19:32", "elapsed": 3329.479689, "delta": 0.003976}}
{"target": -15.156300395859983, "params": {"colsample_bytree": 0.7443468399682409, "eta": 0.01800635227525217, "gamma": 612.5380589371475, "max_depth": 2.0, "min_child_weight": 4196.078072034947, "num_boost_round": 41.0, "subsample": 0.6613365637729347}, "datetime": {"datetime": "2024-01-20 15:19:32", "elapsed": 3329.483646, "delta": 0.003957}}
{"target": -15.156059887075918, "params": {"colsample_bytree": 0.7443468399682409, "eta": 0.01800635227525217, "gamma": 612.5380589371475, "max_depth": 2.0, "min_child_weight": 4196.078072034947, "num_boost_round": 42.0, "subsample": 0.6613365637729347}, "datetime": {"datetime": "2024-01-20 15:19:32", "elapsed": 3329.487624, "delta": 0.003978}}
{"target": -15.155922429777569, "params": {"colsample_bytree": 0.7443468399682409, "eta": 0.01800635227525217, "gamma": 612.5380589371475, "max_depth": 2.0, "min_child_weight": 4196.078072034947, "num_boost_round": 43.0, "subsample": 0.6613365637729347}, "datetime": {"datetime": "2024-01-20 15:19:32", "elapsed": 3329.491605, "delta": 0.003981}}
{"target": -15.155879415607982, "params": {"colsample_bytree": 0.7443468399682409, "eta": 0.01800635227525217, "gamma": 612.5380589371475, "max_depth": 2.0, "min_child_weight": 4196.078072034947, "num_boost_round": 44.0, "subsample": 0.6613365637729347}, "datetime": {"datetime": "2024-01-20 15:19:32", "elapsed": 3329.495532, "delta": 0.003927}}
{"target": -15.155914336788005, "params": {"colsample_bytree": 0.7443468399682409, "eta": 0.01800635227525217, "gamma": 612.5380589371475, "max_depth": 2.0, "min_child_weight": 4196.078072034947, "num_boost_round": 45.0, "subsample": 0.6613365637729347}, "datetime": {"datetime": "2024-01-20 15:19:32", "elapsed": 3329.499519, "delta": 0.003987}}
{"target": -15.15582636661649, "params": {"colsample_bytree": 0.7443468399682409, "eta": 0.01800635227525217, "gamma": 612.5380589371475, "max_depth": 2.0, "min_child_weight": 4196.078072034947, "num_boost_round": 46.0, "subsample": 0.6613365637729347}, "datetime": {"datetime": "2024-01-20 15:19:32", "elapsed": 3329.503482, "delta": 0.003963}}
{"target": -15.155773978396414, "params": {"colsample_bytree": 0.7443468399682409, "eta": 0.01800635227525217, "gamma": 612.5380589371475, "max_depth": 2.0, "min_child_weight": 4196.078072034947, "num_boost_round": 47.0, "subsample": 0.6613365637729347}, "datetime": {"datetime": "2024-01-20 15:19:32", "elapsed": 3329.507463, "delta": 0.003981}}
{"target": -15.155939422082605, "params": {"colsample_bytree": 0.7443468399682409, "eta": 0.01800635227525217, "gamma": 612.5380589371475, "max_depth": 2.0, "min_child_weight": 4196.078072034947, "num_boost_round": 48.0, "subsample": 0.6613365637729347}, "datetime": {"datetime": "2024-01-20 15:19:32", "elapsed": 3329.511414, "delta": 0.003951}}
{"target": -15.155632116855134, "params": {"colsample_bytree": 0.7443468399682409, "eta": 0.01800635227525217, "gamma": 612.5380589371475, "max_depth": 2.0, "min_child_weight": 4196.078072034947, "num_boost_round": 49.0, "subsample": 0.6613365637729347}, "datetime": {"datetime": "2024-01-20 15:19:32", "elapsed": 3329.515352, "delta": 0.003938}}
{"target": -15.155631861813273, "params": {"colsample_bytree": 0.7443468399682409, "eta": 0.01800635227525217, "gamma": 612.5380589371475, "max_depth": 2.0, "min_child_weight": 4196.078072034947, "num_boost_round": 50.0, "subsample": 0.6613365637729347}, "datetime": {"datetime": "2024-01-20 15:19:32", "elapsed": 3329.51934, "delta": 0.003988}}
{"target": -15.15555045298388, "params": {"colsample_bytree": 0.7443468399682409, "eta": 0.01800635227525217, "gamma": 612.5380589371475, "max_depth": 2.0, "min_child_weight": 4196.078072034947, "num_boost_round": 51.0, "subsample": 0.6613365637729347}, "datetime": {"datetime": "2024-01-20 15:19:32", "elapsed": 3329.523323, "delta": 0.003983}}
{"target": -15.155573026088774, "params": {"colsample_bytree": 0.7443468399682409, "eta": 0.01800635227525217, "gamma": 612.5380589371475, "max_depth": 2.0, "min_child_weight": 4196.078072034947, "num_boost_round": 52.0, "subsample": 0.6613365637729347}, "datetime": {"datetime": "2024-01-20 15:19:32", "elapsed": 3329.527247, "delta": 0.003924}}
{"target": -15.15546250883881, "params": {"colsample_bytree": 0.7443468399682409, "eta": 0.01800635227525217, "gamma": 612.5380589371475, "max_depth": 2.0, "min_child_weight": 4196.078072034947, "num_boost_round": 53.0, "subsample": 0.6613365637729347}, "datetime": {"datetime": "2024-01-20 15:19:32", "elapsed": 3329.53119, "delta": 0.003943}}
{"target": -15.155287928964059, "params": {"colsample_bytree": 0.7443468399682409, "eta": 0.01800635227525217, "gamma": 612.5380589371475, "max_depth": 2.0, "min_child_weight": 4196.078072034947, "num_boost_round": 54.0, "subsample": 0.6613365637729347}, "datetime": {"datetime": "2024-01-20 15:19:32", "elapsed": 3329.535175, "delta": 0.003985}}
{"target": -15.155368161675158, "params": {"colsample_bytree": 0.7443468399682409, "eta": 0.01800635227525217, "gamma": 612.5380589371475, "max_depth": 2.0, "min_child_weight": 4196.078072034947, "num_boost_round": 55.0, "subsample": 0.6613365637729347}, "datetime": {"datetime": "2024-01-20 15:19:32", "elapsed": 3329.539274, "delta": 0.004099}}
{"target": -15.15529647094205, "params": {"colsample_bytree": 0.7443468399682409, "eta": 0.01800635227525217, "gamma": 612.5380589371475, "max_depth": 2.0, "min_child_weight": 4196.078072034947, "num_boost_round": 56.0, "subsample": 0.6613365637729347}, "datetime": {"datetime": "2024-01-20 15:19:32", "elapsed": 3329.543915, "delta": 0.004641}}
{"target": -15.155149507804536, "params": {"colsample_bytree": 0.7443468399682409, "eta": 0.01800635227525217, "gamma": 612.5380589371475, "max_depth": 2.0, "min_child_weight": 4196.078072034947, "num_boost_round": 57.0, "subsample": 0.6613365637729347}, "datetime": {"datetime": "2024-01-20 15:19:32", "elapsed": 3329.548413, "delta": 0.004498}}
{"target": -15.1550294089852, "params": {"colsample_bytree": 0.7443468399682409, "eta": 0.01800635227525217, "gamma": 612.5380589371475, "max_depth": 2.0, "min_child_weight": 4196.078072034947, "num_boost_round": 58.0, "subsample": 0.6613365637729347}, "datetime": {"datetime": "2024-01-20 15:19:32", "elapsed": 3329.55272, "delta": 0.004307}}
{"target": -15.154800662390539, "params": {"colsample_bytree": 0.7443468399682409, "eta": 0.01800635227525217, "gamma": 612.5380589371475, "max_depth": 2.0, "min_child_weight": 4196.078072034947, "num_boost_round": 59.0, "subsample": 0.6613365637729347}, "datetime": {"datetime": "2024-01-20 15:19:32", "elapsed": 3329.556733, "delta": 0.004013}}
