{"target": -13.498931982117831, "params": {"colsample_bytree": 0.22690921426657995, "eta": 0.05187965794347253, "gamma": 343.1614341998627, "max_depth": 3.0, "min_child_weight": 3913.1545334099105, "num_boost_round": 44.0, "subsample": 0.5207369623248915}, "datetime": {"datetime": "2024-01-20 16:55:00", "elapsed": 9054.406607, "delta": 0.007063}}
{"target": -13.498854571754705, "params": {"colsample_bytree": 0.22690921426657995, "eta": 0.05187965794347253, "gamma": 343.1614341998627, "max_depth": 3.0, "min_child_weight": 3913.1545334099105, "num_boost_round": 45.0, "subsample": 0.5207369623248915}, "datetime": {"datetime": "2024-01-20 16:55:00", "elapsed": 9054.416272, "delta": 0.009665}}
{"target": -13.498964288851216, "params": {"colsample_bytree": 0.22690921426657995, "eta": 0.05187965794347253, "gamma": 343.1614341998627, "max_depth": 3.0, "min_child_weight": 3913.1545334099105, "num_boost_round": 46.0, "subsample": 0.5207369623248915}, "datetime": {"datetime": "2024-01-20 16:55:00", "elapsed": 9054.427767, "delta": 0.011495}}
{"target": -13.498983716905514, "params": {"colsample_bytree": 0.22690921426657995, "eta": 0.05187965794347253, "gamma": 343.1614341998627, "max_depth": 3.0, "min_child_weight": 3913.1545334099105, "num_boost_round": 47.0, "subsample": 0.5207369623248915}, "datetime": {"datetime": "2024-01-20 16:55:00", "elapsed": 9054.436666, "delta": 0.008899}}
{"target": -13.498873159336712, "params": {"colsample_bytree": 0.22690921426657995, "eta": 0.05187965794347253, "gamma": 343.1614341998627, "max_depth": 3.0, "min_child_weight": 3913.1545334099105, "num_boost_round": 48.0, "subsample": 0.5207369623248915}, "datetime": {"datetime": "2024-01-20 16:55:01", "elapsed": 9054.443655, "delta": 0.006989}}
{"target": -13.498909369603638, "params": {"colsample_bytree": 0.22690921426657995, "eta": 0.05187965794347253, "gamma": 343.1614341998627, "max_depth": 3.0, "min_child_weight": 3913.1545334099105, "num_boost_round": 49.0, "subsample": 0.5207369623248915}, "datetime": {"datetime": "2024-01-20 16:55:01", "elapsed": 9054.450476, "delta": 0.006821}}
{"target": -13.498881458470255, "params": {"colsample_bytree": 0.22690921426657995, "eta": 0.05187965794347253, "gamma": 343.1614341998627, "max_depth": 3.0, "min_child_weight": 3913.1545334099105, "num_boost_round": 50.0, "subsample": 0.5207369623248915}, "datetime": {"datetime": "2024-01-20 16:55:01", "elapsed": 9054.457273, "delta": 0.006797}}
{"target": -13.498950030182915, "params": {"colsample_bytree": 0.22690921426657995, "eta": 0.05187965794347253, "gamma": 343.1614341998627, "max_depth": 3.0, "min_child_weight": 3913.1545334099105, "num_boost_round": 51.0, "subsample": 0.5207369623248915}, "datetime": {"datetime": "2024-01-20 16:55:01", "elapsed": 9054.464425, "delta": 0.007152}}
{"target": -13.499033788602862, "params": {"colsample_bytree": 0.22690921426657995, "eta": 0.05187965794347253, "gamma": 343.1614341998627, "max_depth": 3.0, "min_child_weight": 3913.1545334099105, "num_boost_round": 52.0, "subsample": 0.5207369623248915}, "datetime": {"datetime": "2024-01-20 16:55:01", "elapsed": 9054.471392, "delta": 0.006967}}
{"target": -13.499137182405148, "params": {"colsample_bytree": 0.22690921426657995, "eta": 0.05187965794347253, "gamma": 343.1614341998627, "max_depth": 3.0, "min_child_weight": 3913.1545334099105, "num_boost_round": 53.0, "subsample": 0.5207369623248915}, "datetime": {"datetime": "2024-01-20 16:55:01", "elapsed": 9054.478176, "delta": 0.006784}}
{"target": -13.499116955266619, "params": {"colsample_bytree": 0.22690921426657995, "eta": 0.05187965794347253, "gamma": 343.1614341998627, "max_depth": 3.0, "min_child_weight": 3913.1545334099105, "num_boost_round": 54.0, "subsample": 0.5207369623248915}, "datetime": {"datetime": "2024-01-20 16:55:01", "elapsed": 9054.484936, "delta": 0.00676}}
{"target": -13.499222679637583, "params": {"colsample_bytree": 0.22690921426657995, "eta": 0.05187965794347253, "gamma": 343.1614341998627, "max_depth": 3.0, "min_child_weight": 3913.1545334099105, "num_boost_round": 55.0, "subsample": 0.5207369623248915}, "datetime": {"datetime": "2024-01-20 16:55:01", "elapsed": 9054.492095, "delta": 0.007159}}
{"target": -13.4992759013064, "params": {"colsample_bytree": 0.22690921426657995, "eta": 0.05187965794347253, "gamma": 343.1614341998627, "max_depth": 3.0, "min_child_weight": 3913.1545334099105, "num_boost_round": 56.0, "subsample": 0.5207369623248915}, "datetime": {"datetime": "2024-01-20 16:55:01", "elapsed": 9054.499044, "delta": 0.006949}}
{"target": -13.499295846792581, "params": {"colsample_bytree": 0.22690921426657995, "eta": 0.05187965794347253, "gamma": 343.1614341998627, "max_depth": 3.0, "min_child_weight": 3913.1545334099105, "num_boost_round": 57.0, "subsample": 0.5207369623248915}, "datetime": {"datetime": "2024-01-20 16:55:01", "elapsed": 9054.505768, "delta": 0.006724}}
{"target": -13.499287243439564, "params": {"colsample_bytree": 0.22690921426657995, "eta": 0.05187965794347253, "gamma": 343.1614341998627, "max_depth": 3.0, "min_child_weight": 3913.1545334099105, "num_boost_round": 58.0, "subsample": 0.5207369623248915}, "datetime": {"datetime": "2024-01-20 16:55:01", "elapsed": 9054.512481, "delta": 0.006713}}
{"target": -13.4993808339304, "params": {"colsample_bytree": 0.22690921426657995, "eta": 0.05187965794347253, "gamma": 343.1614341998627, "max_depth": 3.0, "min_child_weight": 3913.1545334099105, "num_boost_round": 59.0, "subsample": 0.5207369623248915}, "datetime": {"datetime": "2024-01-20 16:55:01", "elapsed": 9054.519633, "delta": 0.007152}}
{"target": -13.499393440480286, "params": {"colsample_bytree": 0.22690921426657995, "eta": 0.05187965794347253, "gamma": 343.1614341998627, "max_depth": 3.0, "min_child_weight": 3913.1545334099105, "num_boost_round": 60.0, "subsample": 0.5207369623248915}, "datetime": {"datetime": "2024-01-20 16:55:01", "elapsed": 9054.526576, "delta": 0.006943}}
{"target": -13.499622117414251, "params": {"colsample_bytree": 0.22690921426657995, "eta": 0.05187965794347253, "gamma": 343.1614341998627, "max_depth": 3.0, "min_child_weight": 3913.1545334099105, "num_boost_round": 61.0, "subsample": 0.5207369623248915}, "datetime": {"datetime": "2024-01-20 16:55:01", "elapsed": 9054.533345, "delta": 0.006769}}
{"target": -13.499630133462318, "params": {"colsample_bytree": 0.22690921426657995, "eta": 0.05187965794347253, "gamma": 343.1614341998627, "max_depth": 3.0, "min_child_weight": 3913.1545334099105, "num_boost_round": 62.0, "subsample": 0.5207369623248915}, "datetime": {"datetime": "2024-01-20 16:55:01", "elapsed": 9054.540697, "delta": 0.007352}}
{"target": -13.499645356710413, "params": {"colsample_bytree": 0.22690921426657995, "eta": 0.05187965794347253, "gamma": 343.1614341998627, "max_depth": 3.0, "min_child_weight": 3913.1545334099105, "num_boost_round": 63.0, "subsample": 0.5207369623248915}, "datetime": {"datetime": "2024-01-20 16:55:01", "elapsed": 9054.549221, "delta": 0.008524}}
{"target": -13.49967857065269, "params": {"colsample_bytree": 0.22690921426657995, "eta": 0.05187965794347253, "gamma": 343.1614341998627, "max_depth": 3.0, "min_child_weight": 3913.1545334099105, "num_boost_round": 64.0, "subsample": 0.5207369623248915}, "datetime": {"datetime": "2024-01-20 16:55:01", "elapsed": 9054.556719, "delta": 0.007498}}
{"target": -13.499686626150108, "params": {"colsample_bytree": 0.22690921426657995, "eta": 0.05187965794347253, "gamma": 343.1614341998627, "max_depth": 3.0, "min_child_weight": 3913.1545334099105, "num_boost_round": 65.0, "subsample": 0.5207369623248915}, "datetime": {"datetime": "2024-01-20 16:55:01", "elapsed": 9054.563694, "delta": 0.006975}}
{"target": -13.499724437873908, "params": {"colsample_bytree": 0.22690921426657995, "eta": 0.05187965794347253, "gamma": 343.1614341998627, "max_depth": 3.0, "min_child_weight": 3913.1545334099105, "num_boost_round": 66.0, "subsample": 0.5207369623248915}, "datetime": {"datetime": "2024-01-20 16:55:01", "elapsed": 9054.570713, "delta": 0.007019}}
{"target": -13.49984341643885, "params": {"colsample_bytree": 0.22690921426657995, "eta": 0.05187965794347253, "gamma": 343.1614341998627, "max_depth": 3.0, "min_child_weight": 3913.1545334099105, "num_boost_round": 67.0, "subsample": 0.5207369623248915}, "datetime": {"datetime": "2024-01-20 16:55:01", "elapsed": 9054.57805, "delta": 0.007337}}
{"target": -13.499912069017377, "params": {"colsample_bytree": 0.22690921426657995, "eta": 0.05187965794347253, "gamma": 343.1614341998627, "max_depth": 3.0, "min_child_weight": 3913.1545334099105, "num_boost_round": 68.0, "subsample": 0.5207369623248915}, "datetime": {"datetime": "2024-01-20 16:55:01", "elapsed": 9054.585144, "delta": 0.007094}}
{"target": -13.499929570907216, "params": {"colsample_bytree": 0.22690921426657995, "eta": 0.05187965794347253, "gamma": 343.1614341998627, "max_depth": 3.0, "min_child_weight": 3913.1545334099105, "num_boost_round": 69.0, "subsample": 0.5207369623248915}, "datetime": {"datetime": "2024-01-20 16:55:01", "elapsed": 9054.592048, "delta": 0.006904}}
{"target": -13.499826606803953, "params": {"colsample_bytree": 0.22690921426657995, "eta": 0.05187965794347253, "gamma": 343.1614341998627, "max_depth": 3.0, "min_child_weight": 3913.1545334099105, "num_boost_round": 70.0, "subsample": 0.5207369623248915}, "datetime": {"datetime": "2024-01-20 16:55:01", "elapsed": 9054.598936, "delta": 0.006888}}
{"target": -13.499777898629151, "params": {"colsample_bytree": 0.22690921426657995, "eta": 0.05187965794347253, "gamma": 343.1614341998627, "max_depth": 3.0, "min_child_weight": 3913.1545334099105, "num_boost_round": 71.0, "subsample": 0.5207369623248915}, "datetime": {"datetime": "2024-01-20 16:55:01", "elapsed": 9054.887654, "delta": 0.288718}}
{"target": -13.499913093247866, "params": {"colsample_bytree": 0.22690921426657995, "eta": 0.05187965794347253, "gamma": 343.1614341998627, "max_depth": 3.0, "min_child_weight": 3913.1545334099105, "num_boost_round": 72.0, "subsample": 0.5207369623248915}, "datetime": {"datetime": "2024-01-20 16:55:01", "elapsed": 9054.896511, "delta": 0.008857}}
{"target": -13.499830283948592, "params": {"colsample_bytree": 0.22690921426657995, "eta": 0.05187965794347253, "gamma": 343.1614341998627, "max_depth": 3.0, "min_child_weight": 3913.1545334099105, "num_boost_round": 73.0, "subsample": 0.5207369623248915}, "datetime": {"datetime": "2024-01-20 16:55:01", "elapsed": 9054.903611, "delta": 0.0071}}
{"target": -13.499709264272015, "params": {"colsample_bytree": 0.22690921426657995, "eta": 0.05187965794347253, "gamma": 343.1614341998627, "max_depth": 3.0, "min_child_weight": 3913.1545334099105, "num_boost_round": 74.0, "subsample": 0.5207369623248915}, "datetime": {"datetime": "2024-01-20 16:55:01", "elapsed": 9054.910549, "delta": 0.006938}}
{"target": -13.499751451989384, "params": {"colsample_bytree": 0.22690921426657995, "eta": 0.05187965794347253, "gamma": 343.1614341998627, "max_depth": 3.0, "min_child_weight": 3913.1545334099105, "num_boost_round": 75.0, "subsample": 0.5207369623248915}, "datetime": {"datetime": "2024-01-20 16:55:01", "elapsed": 9054.917989, "delta": 0.00744}}
{"target": -13.499692211637052, "params": {"colsample_bytree": 0.22690921426657995, "eta": 0.05187965794347253, "gamma": 343.1614341998627, "max_depth": 3.0, "min_child_weight": 3913.1545334099105, "num_boost_round": 76.0, "subsample": 0.5207369623248915}, "datetime": {"datetime": "2024-01-20 16:55:01", "elapsed": 9054.925218, "delta": 0.007229}}
{"target": -13.497586141627188, "params": {"colsample_bytree": 0.4932764781499549, "eta": 0.04196317961190855, "gamma": 225.68993031486727, "max_depth": 7.0, "min_child_weight": 3823.85140951821, "num_boost_round": 1.0, "subsample": 0.12655009858121546}, "datetime": {"datetime": "2024-01-20 16:58:05", "elapsed": 9238.756491, "delta": 183.831273}}
{"target": -13.496967255419207, "params": {"colsample_bytree": 0.4932764781499549, "eta": 0.04196317961190855, "gamma": 225.68993031486727, "max_depth": 7.0, "min_child_weight": 3823.85140951821, "num_boost_round": 2.0, "subsample": 0.12655009858121546}, "datetime": {"datetime": "2024-01-20 16:58:05", "elapsed": 9238.765004, "delta": 0.008513}}
{"target": -13.496788678034903, "params": {"colsample_bytree": 0.4932764781499549, "eta": 0.04196317961190855, "gamma": 225.68993031486727, "max_depth": 7.0, "min_child_weight": 3823.85140951821, "num_boost_round": 3.0, "subsample": 0.12655009858121546}, "datetime": {"datetime": "2024-01-20 16:58:05", "elapsed": 9238.772304, "delta": 0.0073}}
{"target": -13.496424467652092, "params": {"colsample_bytree": 0.4932764781499549, "eta": 0.04196317961190855, "gamma": 225.68993031486727, "max_depth": 7.0, "min_child_weight": 3823.85140951821, "num_boost_round": 4.0, "subsample": 0.12655009858121546}, "datetime": {"datetime": "2024-01-20 16:58:05", "elapsed": 9238.779414, "delta": 0.00711}}
{"target": -13.49583690349732, "params": {"colsample_bytree": 0.4932764781499549, "eta": 0.04196317961190855, "gamma": 225.68993031486727, "max_depth": 7.0, "min_child_weight": 3823.85140951821, "num_boost_round": 5.0, "subsample": 0.12655009858121546}, "datetime": {"datetime": "2024-01-20 16:58:05", "elapsed": 9238.786239, "delta": 0.006825}}
{"target": -13.495522356838148, "params": {"colsample_bytree": 0.4932764781499549, "eta": 0.04196317961190855, "gamma": 225.68993031486727, "max_depth": 7.0, "min_child_weight": 3823.85140951821, "num_boost_round": 6.0, "subsample": 0.12655009858121546}, "datetime": {"datetime": "2024-01-20 16:58:05", "elapsed": 9238.793357, "delta": 0.007118}}
{"target": -13.495341174482782, "params": {"colsample_bytree": 0.4932764781499549, "eta": 0.04196317961190855, "gamma": 225.68993031486727, "max_depth": 7.0, "min_child_weight": 3823.85140951821, "num_boost_round": 7.0, "subsample": 0.12655009858121546}, "datetime": {"datetime": "2024-01-20 16:58:05", "elapsed": 9238.800836, "delta": 0.007479}}
{"target": -13.49499235662853, "params": {"colsample_bytree": 0.4932764781499549, "eta": 0.04196317961190855, "gamma": 225.68993031486727, "max_depth": 7.0, "min_child_weight": 3823.85140951821, "num_boost_round": 8.0, "subsample": 0.12655009858121546}, "datetime": {"datetime": "2024-01-20 16:58:05", "elapsed": 9238.807837, "delta": 0.007001}}
{"target": -13.49483275658307, "params": {"colsample_bytree": 0.4932764781499549, "eta": 0.04196317961190855, "gamma": 225.68993031486727, "max_depth": 7.0, "min_child_weight": 3823.85140951821, "num_boost_round": 9.0, "subsample": 0.12655009858121546}, "datetime": {"datetime": "2024-01-20 16:58:05", "elapsed": 9238.814921, "delta": 0.007084}}
{"target": -13.494559066194732, "params": {"colsample_bytree": 0.4932764781499549, "eta": 0.04196317961190855, "gamma": 225.68993031486727, "max_depth": 7.0, "min_child_weight": 3823.85140951821, "num_boost_round": 10.0, "subsample": 0.12655009858121546}, "datetime": {"datetime": "2024-01-20 16:58:05", "elapsed": 9238.821806, "delta": 0.006885}}
{"target": -13.494404889292962, "params": {"colsample_bytree": 0.4932764781499549, "eta": 0.04196317961190855, "gamma": 225.68993031486727, "max_depth": 7.0, "min_child_weight": 3823.85140951821, "num_boost_round": 11.0, "subsample": 0.12655009858121546}, "datetime": {"datetime": "2024-01-20 16:58:05", "elapsed": 9238.82913, "delta": 0.007324}}
{"target": -13.494218672169968, "params": {"colsample_bytree": 0.4932764781499549, "eta": 0.04196317961190855, "gamma": 225.68993031486727, "max_depth": 7.0, "min_child_weight": 3823.85140951821, "num_boost_round": 12.0, "subsample": 0.12655009858121546}, "datetime": {"datetime": "2024-01-20 16:58:05", "elapsed": 9238.836487, "delta": 0.007357}}
{"target": -13.494203578451012, "params": {"colsample_bytree": 0.4932764781499549, "eta": 0.04196317961190855, "gamma": 225.68993031486727, "max_depth": 7.0, "min_child_weight": 3823.85140951821, "num_boost_round": 13.0, "subsample": 0.12655009858121546}, "datetime": {"datetime": "2024-01-20 16:58:05", "elapsed": 9238.843657, "delta": 0.00717}}
{"target": -13.494004122437744, "params": {"colsample_bytree": 0.4932764781499549, "eta": 0.04196317961190855, "gamma": 225.68993031486727, "max_depth": 7.0, "min_child_weight": 3823.85140951821, "num_boost_round": 14.0, "subsample": 0.12655009858121546}, "datetime": {"datetime": "2024-01-20 16:58:05", "elapsed": 9238.850875, "delta": 0.007218}}
{"target": -13.4939330453672, "params": {"colsample_bytree": 0.4932764781499549, "eta": 0.04196317961190855, "gamma": 225.68993031486727, "max_depth": 7.0, "min_child_weight": 3823.85140951821, "num_boost_round": 15.0, "subsample": 0.12655009858121546}, "datetime": {"datetime": "2024-01-20 16:58:05", "elapsed": 9238.858128, "delta": 0.007253}}
{"target": -13.493657974114058, "params": {"colsample_bytree": 0.4932764781499549, "eta": 0.04196317961190855, "gamma": 225.68993031486727, "max_depth": 7.0, "min_child_weight": 3823.85140951821, "num_boost_round": 16.0, "subsample": 0.12655009858121546}, "datetime": {"datetime": "2024-01-20 16:58:05", "elapsed": 9238.865273, "delta": 0.007145}}
{"target": -13.493444411953261, "params": {"colsample_bytree": 0.4932764781499549, "eta": 0.04196317961190855, "gamma": 225.68993031486727, "max_depth": 7.0, "min_child_weight": 3823.85140951821, "num_boost_round": 17.0, "subsample": 0.12655009858121546}, "datetime": {"datetime": "2024-01-20 16:58:05", "elapsed": 9238.872324, "delta": 0.007051}}
{"target": -13.493335074986362, "params": {"colsample_bytree": 0.4932764781499549, "eta": 0.04196317961190855, "gamma": 225.68993031486727, "max_depth": 7.0, "min_child_weight": 3823.85140951821, "num_boost_round": 18.0, "subsample": 0.12655009858121546}, "datetime": {"datetime": "2024-01-20 16:58:05", "elapsed": 9238.883126, "delta": 0.010802}}
{"target": -13.493111407602324, "params": {"colsample_bytree": 0.4932764781499549, "eta": 0.04196317961190855, "gamma": 225.68993031486727, "max_depth": 7.0, "min_child_weight": 3823.85140951821, "num_boost_round": 19.0, "subsample": 0.12655009858121546}, "datetime": {"datetime": "2024-01-20 16:58:05", "elapsed": 9238.89437, "delta": 0.011244}}
{"target": -13.493019062833714, "params": {"colsample_bytree": 0.4932764781499549, "eta": 0.04196317961190855, "gamma": 225.68993031486727, "max_depth": 7.0, "min_child_weight": 3823.85140951821, "num_boost_round": 20.0, "subsample": 0.12655009858121546}, "datetime": {"datetime": "2024-01-20 16:58:05", "elapsed": 9238.902311, "delta": 0.007941}}
{"target": -13.493048270641356, "params": {"colsample_bytree": 0.4932764781499549, "eta": 0.04196317961190855, "gamma": 225.68993031486727, "max_depth": 7.0, "min_child_weight": 3823.85140951821, "num_boost_round": 21.0, "subsample": 0.12655009858121546}, "datetime": {"datetime": "2024-01-20 16:58:05", "elapsed": 9238.909435, "delta": 0.007124}}
{"target": -13.492971812051891, "params": {"colsample_bytree": 0.4932764781499549, "eta": 0.04196317961190855, "gamma": 225.68993031486727, "max_depth": 7.0, "min_child_weight": 3823.85140951821, "num_boost_round": 22.0, "subsample": 0.12655009858121546}, "datetime": {"datetime": "2024-01-20 16:58:05", "elapsed": 9238.916319, "delta": 0.006884}}
{"target": -13.492851430296753, "params": {"colsample_bytree": 0.4932764781499549, "eta": 0.04196317961190855, "gamma": 225.68993031486727, "max_depth": 7.0, "min_child_weight": 3823.85140951821, "num_boost_round": 23.0, "subsample": 0.12655009858121546}, "datetime": {"datetime": "2024-01-20 16:58:05", "elapsed": 9238.923869, "delta": 0.00755}}
{"target": -13.492682246092503, "params": {"colsample_bytree": 0.4932764781499549, "eta": 0.04196317961190855, "gamma": 225.68993031486727, "max_depth": 7.0, "min_child_weight": 3823.85140951821, "num_boost_round": 24.0, "subsample": 0.12655009858121546}, "datetime": {"datetime": "2024-01-20 16:58:05", "elapsed": 9238.9311, "delta": 0.007231}}
{"target": -13.492531907060132, "params": {"colsample_bytree": 0.4932764781499549, "eta": 0.04196317961190855, "gamma": 225.68993031486727, "max_depth": 7.0, "min_child_weight": 3823.85140951821, "num_boost_round": 25.0, "subsample": 0.12655009858121546}, "datetime": {"datetime": "2024-01-20 16:58:05", "elapsed": 9238.938074, "delta": 0.006974}}
{"target": -13.492134478086854, "params": {"colsample_bytree": 0.4932764781499549, "eta": 0.04196317961190855, "gamma": 225.68993031486727, "max_depth": 7.0, "min_child_weight": 3823.85140951821, "num_boost_round": 26.0, "subsample": 0.12655009858121546}, "datetime": {"datetime": "2024-01-20 16:58:05", "elapsed": 9238.945087, "delta": 0.007013}}
{"target": -13.492088840667968, "params": {"colsample_bytree": 0.4932764781499549, "eta": 0.04196317961190855, "gamma": 225.68993031486727, "max_depth": 7.0, "min_child_weight": 3823.85140951821, "num_boost_round": 27.0, "subsample": 0.12655009858121546}, "datetime": {"datetime": "2024-01-20 16:58:05", "elapsed": 9238.952489, "delta": 0.007402}}
{"target": -13.492067769717298, "params": {"colsample_bytree": 0.4932764781499549, "eta": 0.04196317961190855, "gamma": 225.68993031486727, "max_depth": 7.0, "min_child_weight": 3823.85140951821, "num_boost_round": 28.0, "subsample": 0.12655009858121546}, "datetime": {"datetime": "2024-01-20 16:58:05", "elapsed": 9238.959733, "delta": 0.007244}}
{"target": -13.49777659042016, "params": {"colsample_bytree": 0.1950092622396598, "eta": 0.053429964599527105, "gamma": 182.43401699756112, "max_depth": 8.0, "min_child_weight": 3795.687402515338, "num_boost_round": 1.0, "subsample": 0.6729442720642252}, "datetime": {"datetime": "2024-01-20 17:00:43", "elapsed": 9397.339351, "delta": 158.379618}}
{"target": -13.497529420012512, "params": {"colsample_bytree": 0.1950092622396598, "eta": 0.053429964599527105, "gamma": 182.43401699756112, "max_depth": 8.0, "min_child_weight": 3795.687402515338, "num_boost_round": 2.0, "subsample": 0.6729442720642252}, "datetime": {"datetime": "2024-01-20 17:00:43", "elapsed": 9397.347197, "delta": 0.007846}}
