{"target": -10.306328833313854, "params": {"colsample_bytree": 0.3629095789619562, "eta": 0.07199738642336985, "gamma": 692.1370043591158, "max_depth": 2.0, "min_child_weight": 3646.325957654988, "num_boost_round": 34.0, "subsample": 0.7585419087195223}, "datetime": {"datetime": "2024-01-20 16:17:53", "elapsed": 10571.636004, "delta": 0.007029}}
{"target": -10.30671393270218, "params": {"colsample_bytree": 0.3629095789619562, "eta": 0.07199738642336985, "gamma": 692.1370043591158, "max_depth": 2.0, "min_child_weight": 3646.325957654988, "num_boost_round": 35.0, "subsample": 0.7585419087195223}, "datetime": {"datetime": "2024-01-20 16:17:53", "elapsed": 10571.644658, "delta": 0.008654}}
{"target": -10.306981439961264, "params": {"colsample_bytree": 0.3629095789619562, "eta": 0.07199738642336985, "gamma": 692.1370043591158, "max_depth": 2.0, "min_child_weight": 3646.325957654988, "num_boost_round": 36.0, "subsample": 0.7585419087195223}, "datetime": {"datetime": "2024-01-20 16:17:53", "elapsed": 10571.652125, "delta": 0.007467}}
{"target": -10.307272064191672, "params": {"colsample_bytree": 0.3629095789619562, "eta": 0.07199738642336985, "gamma": 692.1370043591158, "max_depth": 2.0, "min_child_weight": 3646.325957654988, "num_boost_round": 37.0, "subsample": 0.7585419087195223}, "datetime": {"datetime": "2024-01-20 16:17:53", "elapsed": 10571.659459, "delta": 0.007334}}
{"target": -10.307483563797566, "params": {"colsample_bytree": 0.3629095789619562, "eta": 0.07199738642336985, "gamma": 692.1370043591158, "max_depth": 2.0, "min_child_weight": 3646.325957654988, "num_boost_round": 38.0, "subsample": 0.7585419087195223}, "datetime": {"datetime": "2024-01-20 16:17:53", "elapsed": 10571.665885, "delta": 0.006426}}
{"target": -10.307579092716155, "params": {"colsample_bytree": 0.3629095789619562, "eta": 0.07199738642336985, "gamma": 692.1370043591158, "max_depth": 2.0, "min_child_weight": 3646.325957654988, "num_boost_round": 39.0, "subsample": 0.7585419087195223}, "datetime": {"datetime": "2024-01-20 16:17:53", "elapsed": 10571.6721, "delta": 0.006215}}
{"target": -10.29849492105003, "params": {"colsample_bytree": 0.804169313501614, "eta": 0.08321406616514575, "gamma": 633.2910568515811, "max_depth": 9.0, "min_child_weight": 4760.15550687008, "num_boost_round": 1.0, "subsample": 0.901276635089397}, "datetime": {"datetime": "2024-01-20 16:19:37", "elapsed": 10675.108861, "delta": 103.436761}}
{"target": -10.299212681303022, "params": {"colsample_bytree": 0.804169313501614, "eta": 0.08321406616514575, "gamma": 633.2910568515811, "max_depth": 9.0, "min_child_weight": 4760.15550687008, "num_boost_round": 2.0, "subsample": 0.901276635089397}, "datetime": {"datetime": "2024-01-20 16:19:37", "elapsed": 10675.116616, "delta": 0.007755}}
{"target": -10.298457480445638, "params": {"colsample_bytree": 0.8261778932651863, "eta": 0.03483973858899836, "gamma": 685.6003049653572, "max_depth": 4.0, "min_child_weight": 3771.226394626583, "num_boost_round": 1.0, "subsample": 0.32244835898684665}, "datetime": {"datetime": "2024-01-20 16:21:14", "elapsed": 10771.826225, "delta": 96.709609}}
{"target": -10.298372659867148, "params": {"colsample_bytree": 0.8261778932651863, "eta": 0.03483973858899836, "gamma": 685.6003049653572, "max_depth": 4.0, "min_child_weight": 3771.226394626583, "num_boost_round": 2.0, "subsample": 0.32244835898684665}, "datetime": {"datetime": "2024-01-20 16:21:14", "elapsed": 10771.837115, "delta": 0.01089}}
{"target": -10.298409381041967, "params": {"colsample_bytree": 0.8261778932651863, "eta": 0.03483973858899836, "gamma": 685.6003049653572, "max_depth": 4.0, "min_child_weight": 3771.226394626583, "num_boost_round": 3.0, "subsample": 0.32244835898684665}, "datetime": {"datetime": "2024-01-20 16:21:14", "elapsed": 10771.846508, "delta": 0.009393}}
{"target": -10.298637514943216, "params": {"colsample_bytree": 0.6573851266889313, "eta": 0.048805930445600616, "gamma": 664.2494103439125, "max_depth": 2.0, "min_child_weight": 3544.2301588786218, "num_boost_round": 1.0, "subsample": 0.9255171001447192}, "datetime": {"datetime": "2024-01-20 16:22:20", "elapsed": 10838.437105, "delta": 66.590597}}
{"target": -10.298845252007457, "params": {"colsample_bytree": 0.6573851266889313, "eta": 0.048805930445600616, "gamma": 664.2494103439125, "max_depth": 2.0, "min_child_weight": 3544.2301588786218, "num_boost_round": 2.0, "subsample": 0.9255171001447192}, "datetime": {"datetime": "2024-01-20 16:22:20", "elapsed": 10838.445848, "delta": 0.008743}}
{"target": -10.298863223729768, "params": {"colsample_bytree": 0.6573851266889313, "eta": 0.048805930445600616, "gamma": 664.2494103439125, "max_depth": 2.0, "min_child_weight": 3544.2301588786218, "num_boost_round": 3.0, "subsample": 0.9255171001447192}, "datetime": {"datetime": "2024-01-20 16:22:20", "elapsed": 10838.454126, "delta": 0.008278}}
{"target": -10.299176030945787, "params": {"colsample_bytree": 0.6573851266889313, "eta": 0.048805930445600616, "gamma": 664.2494103439125, "max_depth": 2.0, "min_child_weight": 3544.2301588786218, "num_boost_round": 4.0, "subsample": 0.9255171001447192}, "datetime": {"datetime": "2024-01-20 16:22:20", "elapsed": 10838.461373, "delta": 0.007247}}
{"target": -10.299423807960162, "params": {"colsample_bytree": 0.6573851266889313, "eta": 0.048805930445600616, "gamma": 664.2494103439125, "max_depth": 2.0, "min_child_weight": 3544.2301588786218, "num_boost_round": 5.0, "subsample": 0.9255171001447192}, "datetime": {"datetime": "2024-01-20 16:22:20", "elapsed": 10838.468657, "delta": 0.007284}}
{"target": -10.29954645486987, "params": {"colsample_bytree": 0.6573851266889313, "eta": 0.048805930445600616, "gamma": 664.2494103439125, "max_depth": 2.0, "min_child_weight": 3544.2301588786218, "num_boost_round": 6.0, "subsample": 0.9255171001447192}, "datetime": {"datetime": "2024-01-20 16:22:20", "elapsed": 10838.475911, "delta": 0.007254}}
{"target": -10.298480022491031, "params": {"colsample_bytree": 0.6423192046666201, "eta": 0.010177417188640424, "gamma": 675.2287045137425, "max_depth": 4.0, "min_child_weight": 4821.883760280009, "num_boost_round": 1.0, "subsample": 0.28069583715031976}, "datetime": {"datetime": "2024-01-20 16:24:02", "elapsed": 10940.098133, "delta": 101.622222}}
{"target": -10.29850548470646, "params": {"colsample_bytree": 0.6423192046666201, "eta": 0.010177417188640424, "gamma": 675.2287045137425, "max_depth": 4.0, "min_child_weight": 4821.883760280009, "num_boost_round": 2.0, "subsample": 0.28069583715031976}, "datetime": {"datetime": "2024-01-20 16:24:02", "elapsed": 10940.112659, "delta": 0.014526}}
{"target": -10.29847951058597, "params": {"colsample_bytree": 0.6423192046666201, "eta": 0.010177417188640424, "gamma": 675.2287045137425, "max_depth": 4.0, "min_child_weight": 4821.883760280009, "num_boost_round": 3.0, "subsample": 0.28069583715031976}, "datetime": {"datetime": "2024-01-20 16:24:02", "elapsed": 10940.124513, "delta": 0.011854}}
{"target": -10.298470301836183, "params": {"colsample_bytree": 0.6423192046666201, "eta": 0.010177417188640424, "gamma": 675.2287045137425, "max_depth": 4.0, "min_child_weight": 4821.883760280009, "num_boost_round": 4.0, "subsample": 0.28069583715031976}, "datetime": {"datetime": "2024-01-20 16:24:02", "elapsed": 10940.134127, "delta": 0.009614}}
{"target": -10.298083038767599, "params": {"colsample_bytree": 0.7108597195070339, "eta": 0.05011380861917945, "gamma": 457.86612396068836, "max_depth": 9.0, "min_child_weight": 3701.1879066046863, "num_boost_round": 1.0, "subsample": 0.23430190662489392}, "datetime": {"datetime": "2024-01-20 16:25:22", "elapsed": 11020.449267, "delta": 80.31514}}
{"target": -10.298085010763835, "params": {"colsample_bytree": 0.7108597195070339, "eta": 0.05011380861917945, "gamma": 457.86612396068836, "max_depth": 9.0, "min_child_weight": 3701.1879066046863, "num_boost_round": 2.0, "subsample": 0.23430190662489392}, "datetime": {"datetime": "2024-01-20 16:25:22", "elapsed": 11020.459633, "delta": 0.010366}}
{"target": -10.29795498639977, "params": {"colsample_bytree": 0.7108597195070339, "eta": 0.05011380861917945, "gamma": 457.86612396068836, "max_depth": 9.0, "min_child_weight": 3701.1879066046863, "num_boost_round": 3.0, "subsample": 0.23430190662489392}, "datetime": {"datetime": "2024-01-20 16:25:22", "elapsed": 11020.467772, "delta": 0.008139}}
{"target": -10.29800212062954, "params": {"colsample_bytree": 0.7108597195070339, "eta": 0.05011380861917945, "gamma": 457.86612396068836, "max_depth": 9.0, "min_child_weight": 3701.1879066046863, "num_boost_round": 4.0, "subsample": 0.23430190662489392}, "datetime": {"datetime": "2024-01-20 16:25:22", "elapsed": 11020.476834, "delta": 0.009062}}
{"target": -10.298423496721012, "params": {"colsample_bytree": 0.2378594393685623, "eta": 0.01045358846987307, "gamma": 551.8799254447242, "max_depth": 5.0, "min_child_weight": 4771.788658754149, "num_boost_round": 1.0, "subsample": 0.10510330734949631}, "datetime": {"datetime": "2024-01-20 16:26:36", "elapsed": 11094.224722, "delta": 73.747888}}
{"target": -10.298368883166336, "params": {"colsample_bytree": 0.2378594393685623, "eta": 0.01045358846987307, "gamma": 551.8799254447242, "max_depth": 5.0, "min_child_weight": 4771.788658754149, "num_boost_round": 2.0, "subsample": 0.10510330734949631}, "datetime": {"datetime": "2024-01-20 16:26:36", "elapsed": 11094.234269, "delta": 0.009547}}
{"target": -10.298384789936614, "params": {"colsample_bytree": 0.2378594393685623, "eta": 0.01045358846987307, "gamma": 551.8799254447242, "max_depth": 5.0, "min_child_weight": 4771.788658754149, "num_boost_round": 3.0, "subsample": 0.10510330734949631}, "datetime": {"datetime": "2024-01-20 16:26:36", "elapsed": 11094.241877, "delta": 0.007608}}
{"target": -10.298344375451393, "params": {"colsample_bytree": 0.2378594393685623, "eta": 0.01045358846987307, "gamma": 551.8799254447242, "max_depth": 5.0, "min_child_weight": 4771.788658754149, "num_boost_round": 4.0, "subsample": 0.10510330734949631}, "datetime": {"datetime": "2024-01-20 16:26:36", "elapsed": 11094.24812, "delta": 0.006243}}
{"target": -10.298520503829153, "params": {"colsample_bytree": 0.15658266133883308, "eta": 0.00016395945778939125, "gamma": 613.1856501448967, "max_depth": 6.0, "min_child_weight": 4850.316379763908, "num_boost_round": 1.0, "subsample": 0.8814519813301692}, "datetime": {"datetime": "2024-01-20 16:28:32", "elapsed": 11209.969516, "delta": 115.721396}}
{"target": -10.29852048119397, "params": {"colsample_bytree": 0.15658266133883308, "eta": 0.00016395945778939125, "gamma": 613.1856501448967, "max_depth": 6.0, "min_child_weight": 4850.316379763908, "num_boost_round": 2.0, "subsample": 0.8814519813301692}, "datetime": {"datetime": "2024-01-20 16:28:32", "elapsed": 11209.978957, "delta": 0.009441}}
{"target": -10.298521060199054, "params": {"colsample_bytree": 0.15658266133883308, "eta": 0.00016395945778939125, "gamma": 613.1856501448967, "max_depth": 6.0, "min_child_weight": 4850.316379763908, "num_boost_round": 3.0, "subsample": 0.8814519813301692}, "datetime": {"datetime": "2024-01-20 16:28:32", "elapsed": 11209.986812, "delta": 0.007855}}
{"target": -10.298521134938042, "params": {"colsample_bytree": 0.15658266133883308, "eta": 0.00016395945778939125, "gamma": 613.1856501448967, "max_depth": 6.0, "min_child_weight": 4850.316379763908, "num_boost_round": 4.0, "subsample": 0.8814519813301692}, "datetime": {"datetime": "2024-01-20 16:28:32", "elapsed": 11209.994251, "delta": 0.007439}}
{"target": -10.298520672557629, "params": {"colsample_bytree": 0.15658266133883308, "eta": 0.00016395945778939125, "gamma": 613.1856501448967, "max_depth": 6.0, "min_child_weight": 4850.316379763908, "num_boost_round": 5.0, "subsample": 0.8814519813301692}, "datetime": {"datetime": "2024-01-20 16:28:32", "elapsed": 11210.001985, "delta": 0.007734}}
{"target": -10.298522755519652, "params": {"colsample_bytree": 0.15658266133883308, "eta": 0.00016395945778939125, "gamma": 613.1856501448967, "max_depth": 6.0, "min_child_weight": 4850.316379763908, "num_boost_round": 6.0, "subsample": 0.8814519813301692}, "datetime": {"datetime": "2024-01-20 16:28:32", "elapsed": 11210.008886, "delta": 0.006901}}
{"target": -10.29852180282923, "params": {"colsample_bytree": 0.15658266133883308, "eta": 0.00016395945778939125, "gamma": 613.1856501448967, "max_depth": 6.0, "min_child_weight": 4850.316379763908, "num_boost_round": 7.0, "subsample": 0.8814519813301692}, "datetime": {"datetime": "2024-01-20 16:28:32", "elapsed": 11210.016024, "delta": 0.007138}}
{"target": -10.298521318878311, "params": {"colsample_bytree": 0.15658266133883308, "eta": 0.00016395945778939125, "gamma": 613.1856501448967, "max_depth": 6.0, "min_child_weight": 4850.316379763908, "num_boost_round": 8.0, "subsample": 0.8814519813301692}, "datetime": {"datetime": "2024-01-20 16:28:32", "elapsed": 11210.023197, "delta": 0.007173}}
{"target": -10.298520524040251, "params": {"colsample_bytree": 0.15658266133883308, "eta": 0.00016395945778939125, "gamma": 613.1856501448967, "max_depth": 6.0, "min_child_weight": 4850.316379763908, "num_boost_round": 9.0, "subsample": 0.8814519813301692}, "datetime": {"datetime": "2024-01-20 16:28:32", "elapsed": 11210.030934, "delta": 0.007737}}
{"target": -10.298327478270766, "params": {"colsample_bytree": 0.437697528281628, "eta": 0.01568896310723432, "gamma": 542.5104681979786, "max_depth": 5.0, "min_child_weight": 4848.937163882259, "num_boost_round": 1.0, "subsample": 0.16731595231189927}, "datetime": {"datetime": "2024-01-20 16:30:37", "elapsed": 11335.679791, "delta": 125.648857}}
{"target": -10.298283560921352, "params": {"colsample_bytree": 0.437697528281628, "eta": 0.01568896310723432, "gamma": 542.5104681979786, "max_depth": 5.0, "min_child_weight": 4848.937163882259, "num_boost_round": 2.0, "subsample": 0.16731595231189927}, "datetime": {"datetime": "2024-01-20 16:30:37", "elapsed": 11335.691127, "delta": 0.011336}}
{"target": -10.298291170049058, "params": {"colsample_bytree": 0.437697528281628, "eta": 0.01568896310723432, "gamma": 542.5104681979786, "max_depth": 5.0, "min_child_weight": 4848.937163882259, "num_boost_round": 3.0, "subsample": 0.16731595231189927}, "datetime": {"datetime": "2024-01-20 16:30:37", "elapsed": 11335.700523, "delta": 0.009396}}
{"target": -10.298257586306404, "params": {"colsample_bytree": 0.437697528281628, "eta": 0.01568896310723432, "gamma": 542.5104681979786, "max_depth": 5.0, "min_child_weight": 4848.937163882259, "num_boost_round": 4.0, "subsample": 0.16731595231189927}, "datetime": {"datetime": "2024-01-20 16:30:37", "elapsed": 11335.709575, "delta": 0.009052}}
{"target": -10.298208050570672, "params": {"colsample_bytree": 0.437697528281628, "eta": 0.01568896310723432, "gamma": 542.5104681979786, "max_depth": 5.0, "min_child_weight": 4848.937163882259, "num_boost_round": 5.0, "subsample": 0.16731595231189927}, "datetime": {"datetime": "2024-01-20 16:30:37", "elapsed": 11335.718227, "delta": 0.008652}}
{"target": -10.298134812225332, "params": {"colsample_bytree": 0.437697528281628, "eta": 0.01568896310723432, "gamma": 542.5104681979786, "max_depth": 5.0, "min_child_weight": 4848.937163882259, "num_boost_round": 6.0, "subsample": 0.16731595231189927}, "datetime": {"datetime": "2024-01-20 16:30:37", "elapsed": 11335.726834, "delta": 0.008607}}
{"target": -10.298043744419601, "params": {"colsample_bytree": 0.437697528281628, "eta": 0.01568896310723432, "gamma": 542.5104681979786, "max_depth": 5.0, "min_child_weight": 4848.937163882259, "num_boost_round": 7.0, "subsample": 0.16731595231189927}, "datetime": {"datetime": "2024-01-20 16:30:37", "elapsed": 11335.734409, "delta": 0.007575}}
{"target": -10.297924691054389, "params": {"colsample_bytree": 0.437697528281628, "eta": 0.01568896310723432, "gamma": 542.5104681979786, "max_depth": 5.0, "min_child_weight": 4848.937163882259, "num_boost_round": 8.0, "subsample": 0.16731595231189927}, "datetime": {"datetime": "2024-01-20 16:30:37", "elapsed": 11335.742639, "delta": 0.00823}}
{"target": -10.297779186765405, "params": {"colsample_bytree": 0.437697528281628, "eta": 0.01568896310723432, "gamma": 542.5104681979786, "max_depth": 5.0, "min_child_weight": 4848.937163882259, "num_boost_round": 9.0, "subsample": 0.16731595231189927}, "datetime": {"datetime": "2024-01-20 16:30:37", "elapsed": 11335.750679, "delta": 0.00804}}
{"target": -10.297675800593307, "params": {"colsample_bytree": 0.437697528281628, "eta": 0.01568896310723432, "gamma": 542.5104681979786, "max_depth": 5.0, "min_child_weight": 4848.937163882259, "num_boost_round": 10.0, "subsample": 0.16731595231189927}, "datetime": {"datetime": "2024-01-20 16:30:37", "elapsed": 11335.758892, "delta": 0.008213}}
{"target": -10.297538182031488, "params": {"colsample_bytree": 0.437697528281628, "eta": 0.01568896310723432, "gamma": 542.5104681979786, "max_depth": 5.0, "min_child_weight": 4848.937163882259, "num_boost_round": 11.0, "subsample": 0.16731595231189927}, "datetime": {"datetime": "2024-01-20 16:30:37", "elapsed": 11335.767539, "delta": 0.008647}}
{"target": -10.297517534774151, "params": {"colsample_bytree": 0.437697528281628, "eta": 0.01568896310723432, "gamma": 542.5104681979786, "max_depth": 5.0, "min_child_weight": 4848.937163882259, "num_boost_round": 12.0, "subsample": 0.16731595231189927}, "datetime": {"datetime": "2024-01-20 16:30:37", "elapsed": 11335.776233, "delta": 0.008694}}
{"target": -10.297367234428652, "params": {"colsample_bytree": 0.437697528281628, "eta": 0.01568896310723432, "gamma": 542.5104681979786, "max_depth": 5.0, "min_child_weight": 4848.937163882259, "num_boost_round": 13.0, "subsample": 0.16731595231189927}, "datetime": {"datetime": "2024-01-20 16:30:38", "elapsed": 11335.784631, "delta": 0.008398}}
{"target": -10.297320783537057, "params": {"colsample_bytree": 0.437697528281628, "eta": 0.01568896310723432, "gamma": 542.5104681979786, "max_depth": 5.0, "min_child_weight": 4848.937163882259, "num_boost_round": 14.0, "subsample": 0.16731595231189927}, "datetime": {"datetime": "2024-01-20 16:30:38", "elapsed": 11335.792771, "delta": 0.00814}}
{"target": -10.297258103391286, "params": {"colsample_bytree": 0.437697528281628, "eta": 0.01568896310723432, "gamma": 542.5104681979786, "max_depth": 5.0, "min_child_weight": 4848.937163882259, "num_boost_round": 15.0, "subsample": 0.16731595231189927}, "datetime": {"datetime": "2024-01-20 16:30:38", "elapsed": 11335.799971, "delta": 0.0072}}
{"target": -10.297210207161589, "params": {"colsample_bytree": 0.437697528281628, "eta": 0.01568896310723432, "gamma": 542.5104681979786, "max_depth": 5.0, "min_child_weight": 4848.937163882259, "num_boost_round": 16.0, "subsample": 0.16731595231189927}, "datetime": {"datetime": "2024-01-20 16:30:38", "elapsed": 11335.807135, "delta": 0.007164}}
{"target": -10.297902921741247, "params": {"colsample_bytree": 0.41301478454453233, "eta": 0.0524103162147363, "gamma": 529.7822495902168, "max_depth": 5.0, "min_child_weight": 4791.141514484711, "num_boost_round": 1.0, "subsample": 0.2598775461574576}, "datetime": {"datetime": "2024-01-20 16:33:11", "elapsed": 11489.247091, "delta": 153.439956}}
{"target": -10.297957714100203, "params": {"colsample_bytree": 0.41301478454453233, "eta": 0.0524103162147363, "gamma": 529.7822495902168, "max_depth": 5.0, "min_child_weight": 4791.141514484711, "num_boost_round": 2.0, "subsample": 0.2598775461574576}, "datetime": {"datetime": "2024-01-20 16:33:12", "elapsed": 11489.787829, "delta": 0.540738}}
{"target": -10.298059747281178, "params": {"colsample_bytree": 0.41301478454453233, "eta": 0.0524103162147363, "gamma": 529.7822495902168, "max_depth": 5.0, "min_child_weight": 4791.141514484711, "num_boost_round": 3.0, "subsample": 0.2598775461574576}, "datetime": {"datetime": "2024-01-20 16:33:12", "elapsed": 11489.796663, "delta": 0.008834}}
{"target": -10.29809254373956, "params": {"colsample_bytree": 0.41301478454453233, "eta": 0.0524103162147363, "gamma": 529.7822495902168, "max_depth": 5.0, "min_child_weight": 4791.141514484711, "num_boost_round": 4.0, "subsample": 0.2598775461574576}, "datetime": {"datetime": "2024-01-20 16:33:12", "elapsed": 11489.804867, "delta": 0.008204}}
{"target": -10.298244172280786, "params": {"colsample_bytree": 0.41301478454453233, "eta": 0.0524103162147363, "gamma": 529.7822495902168, "max_depth": 5.0, "min_child_weight": 4791.141514484711, "num_boost_round": 5.0, "subsample": 0.2598775461574576}, "datetime": {"datetime": "2024-01-20 16:33:12", "elapsed": 11489.812339, "delta": 0.007472}}
{"target": -10.298319795103115, "params": {"colsample_bytree": 0.41301478454453233, "eta": 0.0524103162147363, "gamma": 529.7822495902168, "max_depth": 5.0, "min_child_weight": 4791.141514484711, "num_boost_round": 6.0, "subsample": 0.2598775461574576}, "datetime": {"datetime": "2024-01-20 16:33:12", "elapsed": 11489.819967, "delta": 0.007628}}
{"target": -10.298478591244411, "params": {"colsample_bytree": 0.41301478454453233, "eta": 0.0524103162147363, "gamma": 529.7822495902168, "max_depth": 5.0, "min_child_weight": 4791.141514484711, "num_boost_round": 7.0, "subsample": 0.2598775461574576}, "datetime": {"datetime": "2024-01-20 16:33:12", "elapsed": 11489.828072, "delta": 0.008105}}
{"target": -10.29844541015747, "params": {"colsample_bytree": 0.41301478454453233, "eta": 0.0524103162147363, "gamma": 529.7822495902168, "max_depth": 5.0, "min_child_weight": 4791.141514484711, "num_boost_round": 8.0, "subsample": 0.2598775461574576}, "datetime": {"datetime": "2024-01-20 16:33:12", "elapsed": 11489.836096, "delta": 0.008024}}
{"target": -10.298595848839872, "params": {"colsample_bytree": 0.41301478454453233, "eta": 0.0524103162147363, "gamma": 529.7822495902168, "max_depth": 5.0, "min_child_weight": 4791.141514484711, "num_boost_round": 9.0, "subsample": 0.2598775461574576}, "datetime": {"datetime": "2024-01-20 16:33:12", "elapsed": 11489.843516, "delta": 0.00742}}
