{"target": -12.347218598089345, "params": {"colsample_bytree": 0.6548658906458455, "eta": 0.0607558576110808, "gamma": 551.9193011122433, "max_depth": 8.0, "min_child_weight": 4218.813615882803, "num_boost_round": 47.0, "subsample": 0.5355839026750201}, "datetime": {"datetime": "2024-01-20 15:50:14", "elapsed": 5180.544895, "delta": 0.005243}}
{"target": -12.347980890014849, "params": {"colsample_bytree": 0.6548658906458455, "eta": 0.0607558576110808, "gamma": 551.9193011122433, "max_depth": 8.0, "min_child_weight": 4218.813615882803, "num_boost_round": 48.0, "subsample": 0.5355839026750201}, "datetime": {"datetime": "2024-01-20 15:50:14", "elapsed": 5180.550112, "delta": 0.005217}}
{"target": -12.347999168975432, "params": {"colsample_bytree": 0.6548658906458455, "eta": 0.0607558576110808, "gamma": 551.9193011122433, "max_depth": 8.0, "min_child_weight": 4218.813615882803, "num_boost_round": 49.0, "subsample": 0.5355839026750201}, "datetime": {"datetime": "2024-01-20 15:50:14", "elapsed": 5180.555401, "delta": 0.005289}}
{"target": -12.348033108911785, "params": {"colsample_bytree": 0.6548658906458455, "eta": 0.0607558576110808, "gamma": 551.9193011122433, "max_depth": 8.0, "min_child_weight": 4218.813615882803, "num_boost_round": 50.0, "subsample": 0.5355839026750201}, "datetime": {"datetime": "2024-01-20 15:50:14", "elapsed": 5180.560747, "delta": 0.005346}}
{"target": -12.348543619249174, "params": {"colsample_bytree": 0.6548658906458455, "eta": 0.0607558576110808, "gamma": 551.9193011122433, "max_depth": 8.0, "min_child_weight": 4218.813615882803, "num_boost_round": 51.0, "subsample": 0.5355839026750201}, "datetime": {"datetime": "2024-01-20 15:50:14", "elapsed": 5180.566166, "delta": 0.005419}}
{"target": -12.348674949210967, "params": {"colsample_bytree": 0.6548658906458455, "eta": 0.0607558576110808, "gamma": 551.9193011122433, "max_depth": 8.0, "min_child_weight": 4218.813615882803, "num_boost_round": 52.0, "subsample": 0.5355839026750201}, "datetime": {"datetime": "2024-01-20 15:50:14", "elapsed": 5180.571643, "delta": 0.005477}}
{"target": -12.349181807741065, "params": {"colsample_bytree": 0.6548658906458455, "eta": 0.0607558576110808, "gamma": 551.9193011122433, "max_depth": 8.0, "min_child_weight": 4218.813615882803, "num_boost_round": 53.0, "subsample": 0.5355839026750201}, "datetime": {"datetime": "2024-01-20 15:50:14", "elapsed": 5180.577973, "delta": 0.00633}}
{"target": -12.349501095702633, "params": {"colsample_bytree": 0.6548658906458455, "eta": 0.0607558576110808, "gamma": 551.9193011122433, "max_depth": 8.0, "min_child_weight": 4218.813615882803, "num_boost_round": 54.0, "subsample": 0.5355839026750201}, "datetime": {"datetime": "2024-01-20 15:50:14", "elapsed": 5180.583714, "delta": 0.005741}}
{"target": -12.349467283347042, "params": {"colsample_bytree": 0.6548658906458455, "eta": 0.0607558576110808, "gamma": 551.9193011122433, "max_depth": 8.0, "min_child_weight": 4218.813615882803, "num_boost_round": 55.0, "subsample": 0.5355839026750201}, "datetime": {"datetime": "2024-01-20 15:50:14", "elapsed": 5180.589286, "delta": 0.005572}}
{"target": -12.350345327381127, "params": {"colsample_bytree": 0.6548658906458455, "eta": 0.0607558576110808, "gamma": 551.9193011122433, "max_depth": 8.0, "min_child_weight": 4218.813615882803, "num_boost_round": 56.0, "subsample": 0.5355839026750201}, "datetime": {"datetime": "2024-01-20 15:50:14", "elapsed": 5180.594751, "delta": 0.005465}}
{"target": -12.350735029136553, "params": {"colsample_bytree": 0.6548658906458455, "eta": 0.0607558576110808, "gamma": 551.9193011122433, "max_depth": 8.0, "min_child_weight": 4218.813615882803, "num_boost_round": 57.0, "subsample": 0.5355839026750201}, "datetime": {"datetime": "2024-01-20 15:50:14", "elapsed": 5180.600054, "delta": 0.005303}}
{"target": -12.351581496815431, "params": {"colsample_bytree": 0.6548658906458455, "eta": 0.0607558576110808, "gamma": 551.9193011122433, "max_depth": 8.0, "min_child_weight": 4218.813615882803, "num_boost_round": 58.0, "subsample": 0.5355839026750201}, "datetime": {"datetime": "2024-01-20 15:50:14", "elapsed": 5180.605465, "delta": 0.005411}}
{"target": -12.351725417357695, "params": {"colsample_bytree": 0.6548658906458455, "eta": 0.0607558576110808, "gamma": 551.9193011122433, "max_depth": 8.0, "min_child_weight": 4218.813615882803, "num_boost_round": 59.0, "subsample": 0.5355839026750201}, "datetime": {"datetime": "2024-01-20 15:50:14", "elapsed": 5180.610736, "delta": 0.005271}}
{"target": -12.351874635458884, "params": {"colsample_bytree": 0.6548658906458455, "eta": 0.0607558576110808, "gamma": 551.9193011122433, "max_depth": 8.0, "min_child_weight": 4218.813615882803, "num_boost_round": 60.0, "subsample": 0.5355839026750201}, "datetime": {"datetime": "2024-01-20 15:50:14", "elapsed": 5180.61605, "delta": 0.005314}}
{"target": -12.35206453039168, "params": {"colsample_bytree": 0.6548658906458455, "eta": 0.0607558576110808, "gamma": 551.9193011122433, "max_depth": 8.0, "min_child_weight": 4218.813615882803, "num_boost_round": 61.0, "subsample": 0.5355839026750201}, "datetime": {"datetime": "2024-01-20 15:50:14", "elapsed": 5180.621429, "delta": 0.005379}}
{"target": -12.352197411220427, "params": {"colsample_bytree": 0.6548658906458455, "eta": 0.0607558576110808, "gamma": 551.9193011122433, "max_depth": 8.0, "min_child_weight": 4218.813615882803, "num_boost_round": 62.0, "subsample": 0.5355839026750201}, "datetime": {"datetime": "2024-01-20 15:50:14", "elapsed": 5180.626826, "delta": 0.005397}}
{"target": -12.352310215038361, "params": {"colsample_bytree": 0.6548658906458455, "eta": 0.0607558576110808, "gamma": 551.9193011122433, "max_depth": 8.0, "min_child_weight": 4218.813615882803, "num_boost_round": 63.0, "subsample": 0.5355839026750201}, "datetime": {"datetime": "2024-01-20 15:50:14", "elapsed": 5180.632262, "delta": 0.005436}}
{"target": -12.352647867510466, "params": {"colsample_bytree": 0.6548658906458455, "eta": 0.0607558576110808, "gamma": 551.9193011122433, "max_depth": 8.0, "min_child_weight": 4218.813615882803, "num_boost_round": 64.0, "subsample": 0.5355839026750201}, "datetime": {"datetime": "2024-01-20 15:50:14", "elapsed": 5180.637761, "delta": 0.005499}}
{"target": -12.353189477108621, "params": {"colsample_bytree": 0.6548658906458455, "eta": 0.0607558576110808, "gamma": 551.9193011122433, "max_depth": 8.0, "min_child_weight": 4218.813615882803, "num_boost_round": 65.0, "subsample": 0.5355839026750201}, "datetime": {"datetime": "2024-01-20 15:50:14", "elapsed": 5180.643567, "delta": 0.005806}}
{"target": -12.3533716197289, "params": {"colsample_bytree": 0.6548658906458455, "eta": 0.0607558576110808, "gamma": 551.9193011122433, "max_depth": 8.0, "min_child_weight": 4218.813615882803, "num_boost_round": 66.0, "subsample": 0.5355839026750201}, "datetime": {"datetime": "2024-01-20 15:50:14", "elapsed": 5180.64902, "delta": 0.005453}}
{"target": -12.353805644657788, "params": {"colsample_bytree": 0.6548658906458455, "eta": 0.0607558576110808, "gamma": 551.9193011122433, "max_depth": 8.0, "min_child_weight": 4218.813615882803, "num_boost_round": 67.0, "subsample": 0.5355839026750201}, "datetime": {"datetime": "2024-01-20 15:50:14", "elapsed": 5180.654575, "delta": 0.005555}}
{"target": -12.354119179836982, "params": {"colsample_bytree": 0.6548658906458455, "eta": 0.0607558576110808, "gamma": 551.9193011122433, "max_depth": 8.0, "min_child_weight": 4218.813615882803, "num_boost_round": 68.0, "subsample": 0.5355839026750201}, "datetime": {"datetime": "2024-01-20 15:50:14", "elapsed": 5180.660196, "delta": 0.005621}}
{"target": -12.354329834139486, "params": {"colsample_bytree": 0.6548658906458455, "eta": 0.0607558576110808, "gamma": 551.9193011122433, "max_depth": 8.0, "min_child_weight": 4218.813615882803, "num_boost_round": 69.0, "subsample": 0.5355839026750201}, "datetime": {"datetime": "2024-01-20 15:50:14", "elapsed": 5180.665641, "delta": 0.005445}}
{"target": -12.35436655070556, "params": {"colsample_bytree": 0.6548658906458455, "eta": 0.0607558576110808, "gamma": 551.9193011122433, "max_depth": 8.0, "min_child_weight": 4218.813615882803, "num_boost_round": 70.0, "subsample": 0.5355839026750201}, "datetime": {"datetime": "2024-01-20 15:50:14", "elapsed": 5180.671958, "delta": 0.006317}}
{"target": -12.35451505674117, "params": {"colsample_bytree": 0.6548658906458455, "eta": 0.0607558576110808, "gamma": 551.9193011122433, "max_depth": 8.0, "min_child_weight": 4218.813615882803, "num_boost_round": 71.0, "subsample": 0.5355839026750201}, "datetime": {"datetime": "2024-01-20 15:50:14", "elapsed": 5180.678011, "delta": 0.006053}}
{"target": -12.354662284273063, "params": {"colsample_bytree": 0.6548658906458455, "eta": 0.0607558576110808, "gamma": 551.9193011122433, "max_depth": 8.0, "min_child_weight": 4218.813615882803, "num_boost_round": 72.0, "subsample": 0.5355839026750201}, "datetime": {"datetime": "2024-01-20 15:50:14", "elapsed": 5180.683372, "delta": 0.005361}}
{"target": -12.355128511309207, "params": {"colsample_bytree": 0.6548658906458455, "eta": 0.0607558576110808, "gamma": 551.9193011122433, "max_depth": 8.0, "min_child_weight": 4218.813615882803, "num_boost_round": 73.0, "subsample": 0.5355839026750201}, "datetime": {"datetime": "2024-01-20 15:50:14", "elapsed": 5180.689236, "delta": 0.005864}}
{"target": -12.355660344009952, "params": {"colsample_bytree": 0.6548658906458455, "eta": 0.0607558576110808, "gamma": 551.9193011122433, "max_depth": 8.0, "min_child_weight": 4218.813615882803, "num_boost_round": 74.0, "subsample": 0.5355839026750201}, "datetime": {"datetime": "2024-01-20 15:50:14", "elapsed": 5180.694637, "delta": 0.005401}}
{"target": -12.356093109425668, "params": {"colsample_bytree": 0.6548658906458455, "eta": 0.0607558576110808, "gamma": 551.9193011122433, "max_depth": 8.0, "min_child_weight": 4218.813615882803, "num_boost_round": 75.0, "subsample": 0.5355839026750201}, "datetime": {"datetime": "2024-01-20 15:50:14", "elapsed": 5180.700187, "delta": 0.00555}}
{"target": -12.35615752261654, "params": {"colsample_bytree": 0.5462262460985775, "eta": 0.09773236560543495, "gamma": 574.2564279509411, "max_depth": 7.0, "min_child_weight": 4250.192621422879, "num_boost_round": 1.0, "subsample": 0.303933724776451}, "datetime": {"datetime": "2024-01-20 15:51:32", "elapsed": 5258.644918, "delta": 77.944731}}
{"target": -12.354204328937644, "params": {"colsample_bytree": 0.5462262460985775, "eta": 0.09773236560543495, "gamma": 574.2564279509411, "max_depth": 7.0, "min_child_weight": 4250.192621422879, "num_boost_round": 2.0, "subsample": 0.303933724776451}, "datetime": {"datetime": "2024-01-20 15:51:32", "elapsed": 5258.651959, "delta": 0.007041}}
{"target": -12.34948703949922, "params": {"colsample_bytree": 0.5462262460985775, "eta": 0.09773236560543495, "gamma": 574.2564279509411, "max_depth": 7.0, "min_child_weight": 4250.192621422879, "num_boost_round": 3.0, "subsample": 0.303933724776451}, "datetime": {"datetime": "2024-01-20 15:51:32", "elapsed": 5258.658512, "delta": 0.006553}}
{"target": -12.35013744900641, "params": {"colsample_bytree": 0.5462262460985775, "eta": 0.09773236560543495, "gamma": 574.2564279509411, "max_depth": 7.0, "min_child_weight": 4250.192621422879, "num_boost_round": 4.0, "subsample": 0.303933724776451}, "datetime": {"datetime": "2024-01-20 15:51:32", "elapsed": 5258.664674, "delta": 0.006162}}
{"target": -12.347101406122892, "params": {"colsample_bytree": 0.5462262460985775, "eta": 0.09773236560543495, "gamma": 574.2564279509411, "max_depth": 7.0, "min_child_weight": 4250.192621422879, "num_boost_round": 5.0, "subsample": 0.303933724776451}, "datetime": {"datetime": "2024-01-20 15:51:32", "elapsed": 5258.670606, "delta": 0.005932}}
{"target": -12.3455457701291, "params": {"colsample_bytree": 0.5462262460985775, "eta": 0.09773236560543495, "gamma": 574.2564279509411, "max_depth": 7.0, "min_child_weight": 4250.192621422879, "num_boost_round": 6.0, "subsample": 0.303933724776451}, "datetime": {"datetime": "2024-01-20 15:51:32", "elapsed": 5258.676427, "delta": 0.005821}}
{"target": -12.34555345578768, "params": {"colsample_bytree": 0.5462262460985775, "eta": 0.09773236560543495, "gamma": 574.2564279509411, "max_depth": 7.0, "min_child_weight": 4250.192621422879, "num_boost_round": 7.0, "subsample": 0.303933724776451}, "datetime": {"datetime": "2024-01-20 15:51:32", "elapsed": 5258.682339, "delta": 0.005912}}
{"target": -12.34468574803242, "params": {"colsample_bytree": 0.5462262460985775, "eta": 0.09773236560543495, "gamma": 574.2564279509411, "max_depth": 7.0, "min_child_weight": 4250.192621422879, "num_boost_round": 8.0, "subsample": 0.303933724776451}, "datetime": {"datetime": "2024-01-20 15:51:32", "elapsed": 5258.688755, "delta": 0.006416}}
{"target": -12.345013442630854, "params": {"colsample_bytree": 0.5462262460985775, "eta": 0.09773236560543495, "gamma": 574.2564279509411, "max_depth": 7.0, "min_child_weight": 4250.192621422879, "num_boost_round": 9.0, "subsample": 0.303933724776451}, "datetime": {"datetime": "2024-01-20 15:51:32", "elapsed": 5258.69711, "delta": 0.008355}}
{"target": -12.344364018475366, "params": {"colsample_bytree": 0.5462262460985775, "eta": 0.09773236560543495, "gamma": 574.2564279509411, "max_depth": 7.0, "min_child_weight": 4250.192621422879, "num_boost_round": 10.0, "subsample": 0.303933724776451}, "datetime": {"datetime": "2024-01-20 15:51:32", "elapsed": 5258.705557, "delta": 0.008447}}
{"target": -12.34332817044136, "params": {"colsample_bytree": 0.5462262460985775, "eta": 0.09773236560543495, "gamma": 574.2564279509411, "max_depth": 7.0, "min_child_weight": 4250.192621422879, "num_boost_round": 11.0, "subsample": 0.303933724776451}, "datetime": {"datetime": "2024-01-20 15:51:32", "elapsed": 5258.712131, "delta": 0.006574}}
{"target": -12.342834554555974, "params": {"colsample_bytree": 0.5462262460985775, "eta": 0.09773236560543495, "gamma": 574.2564279509411, "max_depth": 7.0, "min_child_weight": 4250.192621422879, "num_boost_round": 12.0, "subsample": 0.303933724776451}, "datetime": {"datetime": "2024-01-20 15:51:32", "elapsed": 5258.717892, "delta": 0.005761}}
{"target": -12.343242790885027, "params": {"colsample_bytree": 0.5462262460985775, "eta": 0.09773236560543495, "gamma": 574.2564279509411, "max_depth": 7.0, "min_child_weight": 4250.192621422879, "num_boost_round": 13.0, "subsample": 0.303933724776451}, "datetime": {"datetime": "2024-01-20 15:51:32", "elapsed": 5258.723596, "delta": 0.005704}}
{"target": -12.343091471926144, "params": {"colsample_bytree": 0.5462262460985775, "eta": 0.09773236560543495, "gamma": 574.2564279509411, "max_depth": 7.0, "min_child_weight": 4250.192621422879, "num_boost_round": 14.0, "subsample": 0.303933724776451}, "datetime": {"datetime": "2024-01-20 15:51:32", "elapsed": 5258.728947, "delta": 0.005351}}
{"target": -12.342237192383521, "params": {"colsample_bytree": 0.5462262460985775, "eta": 0.09773236560543495, "gamma": 574.2564279509411, "max_depth": 7.0, "min_child_weight": 4250.192621422879, "num_boost_round": 15.0, "subsample": 0.303933724776451}, "datetime": {"datetime": "2024-01-20 15:51:32", "elapsed": 5258.734289, "delta": 0.005342}}
{"target": -12.342277798412109, "params": {"colsample_bytree": 0.5462262460985775, "eta": 0.09773236560543495, "gamma": 574.2564279509411, "max_depth": 7.0, "min_child_weight": 4250.192621422879, "num_boost_round": 16.0, "subsample": 0.303933724776451}, "datetime": {"datetime": "2024-01-20 15:51:32", "elapsed": 5258.739708, "delta": 0.005419}}
{"target": -12.342533802705443, "params": {"colsample_bytree": 0.5462262460985775, "eta": 0.09773236560543495, "gamma": 574.2564279509411, "max_depth": 7.0, "min_child_weight": 4250.192621422879, "num_boost_round": 17.0, "subsample": 0.303933724776451}, "datetime": {"datetime": "2024-01-20 15:51:32", "elapsed": 5258.745097, "delta": 0.005389}}
{"target": -12.342288686999984, "params": {"colsample_bytree": 0.5462262460985775, "eta": 0.09773236560543495, "gamma": 574.2564279509411, "max_depth": 7.0, "min_child_weight": 4250.192621422879, "num_boost_round": 18.0, "subsample": 0.303933724776451}, "datetime": {"datetime": "2024-01-20 15:51:32", "elapsed": 5258.751049, "delta": 0.005952}}
{"target": -12.342330511851749, "params": {"colsample_bytree": 0.5462262460985775, "eta": 0.09773236560543495, "gamma": 574.2564279509411, "max_depth": 7.0, "min_child_weight": 4250.192621422879, "num_boost_round": 19.0, "subsample": 0.303933724776451}, "datetime": {"datetime": "2024-01-20 15:51:32", "elapsed": 5258.756443, "delta": 0.005394}}
{"target": -12.343359886743293, "params": {"colsample_bytree": 0.5462262460985775, "eta": 0.09773236560543495, "gamma": 574.2564279509411, "max_depth": 7.0, "min_child_weight": 4250.192621422879, "num_boost_round": 20.0, "subsample": 0.303933724776451}, "datetime": {"datetime": "2024-01-20 15:51:32", "elapsed": 5258.762167, "delta": 0.005724}}
{"target": -12.34353822134793, "params": {"colsample_bytree": 0.5462262460985775, "eta": 0.09773236560543495, "gamma": 574.2564279509411, "max_depth": 7.0, "min_child_weight": 4250.192621422879, "num_boost_round": 21.0, "subsample": 0.303933724776451}, "datetime": {"datetime": "2024-01-20 15:51:32", "elapsed": 5258.768004, "delta": 0.005837}}
{"target": -12.344175979311867, "params": {"colsample_bytree": 0.5462262460985775, "eta": 0.09773236560543495, "gamma": 574.2564279509411, "max_depth": 7.0, "min_child_weight": 4250.192621422879, "num_boost_round": 22.0, "subsample": 0.303933724776451}, "datetime": {"datetime": "2024-01-20 15:51:32", "elapsed": 5258.773767, "delta": 0.005763}}
{"target": -12.344594397387002, "params": {"colsample_bytree": 0.5462262460985775, "eta": 0.09773236560543495, "gamma": 574.2564279509411, "max_depth": 7.0, "min_child_weight": 4250.192621422879, "num_boost_round": 23.0, "subsample": 0.303933724776451}, "datetime": {"datetime": "2024-01-20 15:51:32", "elapsed": 5258.77953, "delta": 0.005763}}
{"target": -12.34514626299104, "params": {"colsample_bytree": 0.5462262460985775, "eta": 0.09773236560543495, "gamma": 574.2564279509411, "max_depth": 7.0, "min_child_weight": 4250.192621422879, "num_boost_round": 24.0, "subsample": 0.303933724776451}, "datetime": {"datetime": "2024-01-20 15:51:32", "elapsed": 5258.784891, "delta": 0.005361}}
{"target": -12.345035275331192, "params": {"colsample_bytree": 0.5462262460985775, "eta": 0.09773236560543495, "gamma": 574.2564279509411, "max_depth": 7.0, "min_child_weight": 4250.192621422879, "num_boost_round": 25.0, "subsample": 0.303933724776451}, "datetime": {"datetime": "2024-01-20 15:51:32", "elapsed": 5258.790297, "delta": 0.005406}}
{"target": -12.344923056827856, "params": {"colsample_bytree": 0.5462262460985775, "eta": 0.09773236560543495, "gamma": 574.2564279509411, "max_depth": 7.0, "min_child_weight": 4250.192621422879, "num_boost_round": 26.0, "subsample": 0.303933724776451}, "datetime": {"datetime": "2024-01-20 15:51:32", "elapsed": 5258.795857, "delta": 0.00556}}
{"target": -12.345232978677858, "params": {"colsample_bytree": 0.5462262460985775, "eta": 0.09773236560543495, "gamma": 574.2564279509411, "max_depth": 7.0, "min_child_weight": 4250.192621422879, "num_boost_round": 27.0, "subsample": 0.303933724776451}, "datetime": {"datetime": "2024-01-20 15:51:32", "elapsed": 5258.801435, "delta": 0.005578}}
{"target": -12.3447859072102, "params": {"colsample_bytree": 0.5462262460985775, "eta": 0.09773236560543495, "gamma": 574.2564279509411, "max_depth": 7.0, "min_child_weight": 4250.192621422879, "num_boost_round": 28.0, "subsample": 0.303933724776451}, "datetime": {"datetime": "2024-01-20 15:51:32", "elapsed": 5258.807436, "delta": 0.006001}}
{"target": -12.345176216134092, "params": {"colsample_bytree": 0.5462262460985775, "eta": 0.09773236560543495, "gamma": 574.2564279509411, "max_depth": 7.0, "min_child_weight": 4250.192621422879, "num_boost_round": 29.0, "subsample": 0.303933724776451}, "datetime": {"datetime": "2024-01-20 15:51:32", "elapsed": 5258.813558, "delta": 0.006122}}
{"target": -12.345147398299524, "params": {"colsample_bytree": 0.5462262460985775, "eta": 0.09773236560543495, "gamma": 574.2564279509411, "max_depth": 7.0, "min_child_weight": 4250.192621422879, "num_boost_round": 30.0, "subsample": 0.303933724776451}, "datetime": {"datetime": "2024-01-20 15:51:32", "elapsed": 5258.81961, "delta": 0.006052}}
{"target": -12.345411767008772, "params": {"colsample_bytree": 0.5462262460985775, "eta": 0.09773236560543495, "gamma": 574.2564279509411, "max_depth": 7.0, "min_child_weight": 4250.192621422879, "num_boost_round": 31.0, "subsample": 0.303933724776451}, "datetime": {"datetime": "2024-01-20 15:51:32", "elapsed": 5258.82572, "delta": 0.00611}}
{"target": -12.345939989769217, "params": {"colsample_bytree": 0.5462262460985775, "eta": 0.09773236560543495, "gamma": 574.2564279509411, "max_depth": 7.0, "min_child_weight": 4250.192621422879, "num_boost_round": 32.0, "subsample": 0.303933724776451}, "datetime": {"datetime": "2024-01-20 15:51:32", "elapsed": 5258.832299, "delta": 0.006579}}
{"target": -12.346147158794807, "params": {"colsample_bytree": 0.5462262460985775, "eta": 0.09773236560543495, "gamma": 574.2564279509411, "max_depth": 7.0, "min_child_weight": 4250.192621422879, "num_boost_round": 33.0, "subsample": 0.303933724776451}, "datetime": {"datetime": "2024-01-20 15:51:32", "elapsed": 5258.839078, "delta": 0.006779}}
{"target": -12.346601025630942, "params": {"colsample_bytree": 0.5462262460985775, "eta": 0.09773236560543495, "gamma": 574.2564279509411, "max_depth": 7.0, "min_child_weight": 4250.192621422879, "num_boost_round": 34.0, "subsample": 0.303933724776451}, "datetime": {"datetime": "2024-01-20 15:51:32", "elapsed": 5258.845919, "delta": 0.006841}}
