{"target": -10.327297915830641, "params": {"colsample_bytree": 0.5939321535345923, "eta": 0.07152178474357823, "gamma": 602.7633760716438, "max_depth": 6.0, "min_child_weight": 4237.124338589708, "num_boost_round": 127.0, "subsample": 0.49382849013642327}, "datetime": {"datetime": "2024-01-20 13:21:42", "elapsed": 0.039616, "delta": 0.001168}}
{"target": -10.32769038076588, "params": {"colsample_bytree": 0.5939321535345923, "eta": 0.07152178474357823, "gamma": 602.7633760716438, "max_depth": 6.0, "min_child_weight": 4237.124338589708, "num_boost_round": 128.0, "subsample": 0.49382849013642327}, "datetime": {"datetime": "2024-01-20 13:21:42", "elapsed": 0.040115, "delta": 0.000499}}
{"target": -10.327863204749354, "params": {"colsample_bytree": 0.5939321535345923, "eta": 0.07152178474357823, "gamma": 602.7633760716438, "max_depth": 6.0, "min_child_weight": 4237.124338589708, "num_boost_round": 129.0, "subsample": 0.49382849013642327}, "datetime": {"datetime": "2024-01-20 13:21:42", "elapsed": 0.040465, "delta": 0.00035}}
{"target": -10.298385829591986, "params": {"colsample_bytree": 0.5251550812598257, "eta": 0.04046000447357363, "gamma": 589.7352232295835, "max_depth": 2.0, "min_child_weight": 4285.811320369312, "num_boost_round": 1.0, "subsample": 0.8251040220370359}, "datetime": {"datetime": "2024-01-20 13:22:10", "elapsed": 27.979807, "delta": 27.939342}}
{"target": -10.298483236759209, "params": {"colsample_bytree": 0.5251550812598257, "eta": 0.04046000447357363, "gamma": 589.7352232295835, "max_depth": 2.0, "min_child_weight": 4285.811320369312, "num_boost_round": 2.0, "subsample": 0.8251040220370359}, "datetime": {"datetime": "2024-01-20 13:22:10", "elapsed": 27.983049, "delta": 0.003242}}
{"target": -10.298646663065917, "params": {"colsample_bytree": 0.5251550812598257, "eta": 0.04046000447357363, "gamma": 589.7352232295835, "max_depth": 2.0, "min_child_weight": 4285.811320369312, "num_boost_round": 3.0, "subsample": 0.8251040220370359}, "datetime": {"datetime": "2024-01-20 13:22:10", "elapsed": 27.983557, "delta": 0.000508}}
{"target": -10.298918848773889, "params": {"colsample_bytree": 0.5251550812598257, "eta": 0.04046000447357363, "gamma": 589.7352232295835, "max_depth": 2.0, "min_child_weight": 4285.811320369312, "num_boost_round": 4.0, "subsample": 0.8251040220370359}, "datetime": {"datetime": "2024-01-20 13:22:10", "elapsed": 27.983948, "delta": 0.000391}}
{"target": -10.2991611025318, "params": {"colsample_bytree": 0.5251550812598257, "eta": 0.04046000447357363, "gamma": 589.7352232295835, "max_depth": 2.0, "min_child_weight": 4285.811320369312, "num_boost_round": 5.0, "subsample": 0.8251040220370359}, "datetime": {"datetime": "2024-01-20 13:22:10", "elapsed": 27.984566, "delta": 0.000618}}
{"target": -10.299325284032484, "params": {"colsample_bytree": 0.5251550812598257, "eta": 0.04046000447357363, "gamma": 589.7352232295835, "max_depth": 2.0, "min_child_weight": 4285.811320369312, "num_boost_round": 6.0, "subsample": 0.8251040220370359}, "datetime": {"datetime": "2024-01-20 13:22:10", "elapsed": 27.984913, "delta": 0.000347}}
{"target": -10.299607296758133, "params": {"colsample_bytree": 0.5251550812598257, "eta": 0.04046000447357363, "gamma": 589.7352232295835, "max_depth": 2.0, "min_child_weight": 4285.811320369312, "num_boost_round": 7.0, "subsample": 0.8251040220370359}, "datetime": {"datetime": "2024-01-20 13:22:10", "elapsed": 27.985248, "delta": 0.000335}}
{"target": -10.299789305273656, "params": {"colsample_bytree": 0.5251550812598257, "eta": 0.04046000447357363, "gamma": 589.7352232295835, "max_depth": 2.0, "min_child_weight": 4285.811320369312, "num_boost_round": 8.0, "subsample": 0.8251040220370359}, "datetime": {"datetime": "2024-01-20 13:22:10", "elapsed": 27.985585, "delta": 0.000337}}
{"target": -10.30015299708925, "params": {"colsample_bytree": 0.5251550812598257, "eta": 0.04046000447357363, "gamma": 589.7352232295835, "max_depth": 2.0, "min_child_weight": 4285.811320369312, "num_boost_round": 9.0, "subsample": 0.8251040220370359}, "datetime": {"datetime": "2024-01-20 13:22:10", "elapsed": 27.985917, "delta": 0.000332}}
{"target": -10.300391952284919, "params": {"colsample_bytree": 0.5251550812598257, "eta": 0.04046000447357363, "gamma": 589.7352232295835, "max_depth": 2.0, "min_child_weight": 4285.811320369312, "num_boost_round": 10.0, "subsample": 0.8251040220370359}, "datetime": {"datetime": "2024-01-20 13:22:10", "elapsed": 27.986251, "delta": 0.000334}}
{"target": -10.300566117495313, "params": {"colsample_bytree": 0.5251550812598257, "eta": 0.04046000447357363, "gamma": 589.7352232295835, "max_depth": 2.0, "min_child_weight": 4285.811320369312, "num_boost_round": 11.0, "subsample": 0.8251040220370359}, "datetime": {"datetime": "2024-01-20 13:22:10", "elapsed": 27.986663, "delta": 0.000412}}
{"target": -10.30088540618265, "params": {"colsample_bytree": 0.5251550812598257, "eta": 0.04046000447357363, "gamma": 589.7352232295835, "max_depth": 2.0, "min_child_weight": 4285.811320369312, "num_boost_round": 12.0, "subsample": 0.8251040220370359}, "datetime": {"datetime": "2024-01-20 13:22:10", "elapsed": 27.987012, "delta": 0.000349}}
{"target": -10.298490515912452, "params": {"colsample_bytree": 0.12060397875406838, "eta": 0.008555535543170283, "gamma": 587.9141145969669, "max_depth": 7.0, "min_child_weight": 4184.48349432121, "num_boost_round": 1.0, "subsample": 0.8584896260193808}, "datetime": {"datetime": "2024-01-20 13:22:33", "elapsed": 51.128127, "delta": 23.141115}}
{"target": -10.298448094704618, "params": {"colsample_bytree": 0.12060397875406838, "eta": 0.008555535543170283, "gamma": 587.9141145969669, "max_depth": 7.0, "min_child_weight": 4184.48349432121, "num_boost_round": 2.0, "subsample": 0.8584896260193808}, "datetime": {"datetime": "2024-01-20 13:22:33", "elapsed": 51.128721, "delta": 0.000594}}
{"target": -10.298485887605585, "params": {"colsample_bytree": 0.12060397875406838, "eta": 0.008555535543170283, "gamma": 587.9141145969669, "max_depth": 7.0, "min_child_weight": 4184.48349432121, "num_boost_round": 3.0, "subsample": 0.8584896260193808}, "datetime": {"datetime": "2024-01-20 13:22:33", "elapsed": 51.129092, "delta": 0.000371}}
{"target": -10.298496286277473, "params": {"colsample_bytree": 0.12060397875406838, "eta": 0.008555535543170283, "gamma": 587.9141145969669, "max_depth": 7.0, "min_child_weight": 4184.48349432121, "num_boost_round": 4.0, "subsample": 0.8584896260193808}, "datetime": {"datetime": "2024-01-20 13:22:33", "elapsed": 51.129437, "delta": 0.000345}}
{"target": -10.298444576131919, "params": {"colsample_bytree": 0.12060397875406838, "eta": 0.008555535543170283, "gamma": 587.9141145969669, "max_depth": 7.0, "min_child_weight": 4184.48349432121, "num_boost_round": 5.0, "subsample": 0.8584896260193808}, "datetime": {"datetime": "2024-01-20 13:22:33", "elapsed": 51.131505, "delta": 0.002068}}
{"target": -10.298443115623513, "params": {"colsample_bytree": 0.8188052539289632, "eta": 0.028302271125392253, "gamma": 541.6971228301273, "max_depth": 5.0, "min_child_weight": 4224.972129342806, "num_boost_round": 1.0, "subsample": 0.6132270937515784}, "datetime": {"datetime": "2024-01-20 13:22:55", "elapsed": 72.830913, "delta": 21.699408}}
{"target": -10.29847493580187, "params": {"colsample_bytree": 0.8188052539289632, "eta": 0.028302271125392253, "gamma": 541.6971228301273, "max_depth": 5.0, "min_child_weight": 4224.972129342806, "num_boost_round": 2.0, "subsample": 0.6132270937515784}, "datetime": {"datetime": "2024-01-20 13:22:55", "elapsed": 72.833882, "delta": 0.002969}}
{"target": -10.29851794021545, "params": {"colsample_bytree": 0.8188052539289632, "eta": 0.028302271125392253, "gamma": 541.6971228301273, "max_depth": 5.0, "min_child_weight": 4224.972129342806, "num_boost_round": 3.0, "subsample": 0.6132270937515784}, "datetime": {"datetime": "2024-01-20 13:22:55", "elapsed": 72.834391, "delta": 0.000509}}
{"target": -10.29858596057217, "params": {"colsample_bytree": 0.8188052539289632, "eta": 0.028302271125392253, "gamma": 541.6971228301273, "max_depth": 5.0, "min_child_weight": 4224.972129342806, "num_boost_round": 4.0, "subsample": 0.6132270937515784}, "datetime": {"datetime": "2024-01-20 13:22:55", "elapsed": 72.834793, "delta": 0.000402}}
{"target": -10.298227912617698, "params": {"colsample_bytree": 0.6374215049252724, "eta": 0.03052884598741843, "gamma": 535.5532155145972, "max_depth": 9.0, "min_child_weight": 4144.037938734344, "num_boost_round": 1.0, "subsample": 0.22473427500915805}, "datetime": {"datetime": "2024-01-20 13:23:17", "elapsed": 95.281217, "delta": 22.446424}}
{"target": -10.298233526891112, "params": {"colsample_bytree": 0.6374215049252724, "eta": 0.03052884598741843, "gamma": 535.5532155145972, "max_depth": 9.0, "min_child_weight": 4144.037938734344, "num_boost_round": 2.0, "subsample": 0.22473427500915805}, "datetime": {"datetime": "2024-01-20 13:23:17", "elapsed": 95.281844, "delta": 0.000627}}
{"target": -10.298062931939418, "params": {"colsample_bytree": 0.6374215049252724, "eta": 0.03052884598741843, "gamma": 535.5532155145972, "max_depth": 9.0, "min_child_weight": 4144.037938734344, "num_boost_round": 3.0, "subsample": 0.22473427500915805}, "datetime": {"datetime": "2024-01-20 13:23:17", "elapsed": 95.282218, "delta": 0.000374}}
{"target": -10.298188280826787, "params": {"colsample_bytree": 0.1677453795798861, "eta": 0.05549994710783107, "gamma": 471.70662452218124, "max_depth": 9.0, "min_child_weight": 4190.289994653144, "num_boost_round": 1.0, "subsample": 0.263438118066055}, "datetime": {"datetime": "2024-01-20 13:23:51", "elapsed": 129.01192, "delta": 33.729702}}
{"target": -10.298083221600152, "params": {"colsample_bytree": 0.1677453795798861, "eta": 0.05549994710783107, "gamma": 471.70662452218124, "max_depth": 9.0, "min_child_weight": 4190.289994653144, "num_boost_round": 2.0, "subsample": 0.263438118066055}, "datetime": {"datetime": "2024-01-20 13:23:51", "elapsed": 129.01456, "delta": 0.00264}}
{"target": -10.298290805565568, "params": {"colsample_bytree": 0.1677453795798861, "eta": 0.05549994710783107, "gamma": 471.70662452218124, "max_depth": 9.0, "min_child_weight": 4190.289994653144, "num_boost_round": 3.0, "subsample": 0.263438118066055}, "datetime": {"datetime": "2024-01-20 13:23:51", "elapsed": 129.016454, "delta": 0.001894}}
{"target": -10.298115044951437, "params": {"colsample_bytree": 0.1677453795798861, "eta": 0.05549994710783107, "gamma": 471.70662452218124, "max_depth": 9.0, "min_child_weight": 4190.289994653144, "num_boost_round": 4.0, "subsample": 0.263438118066055}, "datetime": {"datetime": "2024-01-20 13:23:51", "elapsed": 129.016908, "delta": 0.000454}}
{"target": -10.297920564398211, "params": {"colsample_bytree": 0.1677453795798861, "eta": 0.05549994710783107, "gamma": 471.70662452218124, "max_depth": 9.0, "min_child_weight": 4190.289994653144, "num_boost_round": 5.0, "subsample": 0.263438118066055}, "datetime": {"datetime": "2024-01-20 13:23:51", "elapsed": 129.01729, "delta": 0.000382}}
{"target": -10.29851034574929, "params": {"colsample_bytree": 0.1677453795798861, "eta": 0.05549994710783107, "gamma": 471.70662452218124, "max_depth": 9.0, "min_child_weight": 4190.289994653144, "num_boost_round": 6.0, "subsample": 0.263438118066055}, "datetime": {"datetime": "2024-01-20 13:23:51", "elapsed": 129.017673, "delta": 0.000383}}
{"target": -10.298244318338092, "params": {"colsample_bytree": 0.1677453795798861, "eta": 0.05549994710783107, "gamma": 471.70662452218124, "max_depth": 9.0, "min_child_weight": 4190.289994653144, "num_boost_round": 7.0, "subsample": 0.263438118066055}, "datetime": {"datetime": "2024-01-20 13:23:51", "elapsed": 129.01803, "delta": 0.000357}}
{"target": -10.298111866222815, "params": {"colsample_bytree": 0.1677453795798861, "eta": 0.05549994710783107, "gamma": 471.70662452218124, "max_depth": 9.0, "min_child_weight": 4190.289994653144, "num_boost_round": 8.0, "subsample": 0.263438118066055}, "datetime": {"datetime": "2024-01-20 13:23:51", "elapsed": 129.018558, "delta": 0.000528}}
{"target": -10.297739737797487, "params": {"colsample_bytree": 0.1677453795798861, "eta": 0.05549994710783107, "gamma": 471.70662452218124, "max_depth": 9.0, "min_child_weight": 4190.289994653144, "num_boost_round": 9.0, "subsample": 0.263438118066055}, "datetime": {"datetime": "2024-01-20 13:23:51", "elapsed": 129.018925, "delta": 0.000367}}
{"target": -10.297703020452486, "params": {"colsample_bytree": 0.1677453795798861, "eta": 0.05549994710783107, "gamma": 471.70662452218124, "max_depth": 9.0, "min_child_weight": 4190.289994653144, "num_boost_round": 10.0, "subsample": 0.263438118066055}, "datetime": {"datetime": "2024-01-20 13:23:51", "elapsed": 129.019276, "delta": 0.000351}}
{"target": -10.297438884925164, "params": {"colsample_bytree": 0.1677453795798861, "eta": 0.05549994710783107, "gamma": 471.70662452218124, "max_depth": 9.0, "min_child_weight": 4190.289994653144, "num_boost_round": 11.0, "subsample": 0.263438118066055}, "datetime": {"datetime": "2024-01-20 13:23:51", "elapsed": 129.019822, "delta": 0.000546}}
{"target": -10.297428078401946, "params": {"colsample_bytree": 0.1677453795798861, "eta": 0.05549994710783107, "gamma": 471.70662452218124, "max_depth": 9.0, "min_child_weight": 4190.289994653144, "num_boost_round": 12.0, "subsample": 0.263438118066055}, "datetime": {"datetime": "2024-01-20 13:23:51", "elapsed": 129.020182, "delta": 0.00036}}
{"target": -10.296995214157551, "params": {"colsample_bytree": 0.1677453795798861, "eta": 0.05549994710783107, "gamma": 471.70662452218124, "max_depth": 9.0, "min_child_weight": 4190.289994653144, "num_boost_round": 13.0, "subsample": 0.263438118066055}, "datetime": {"datetime": "2024-01-20 13:23:51", "elapsed": 129.020544, "delta": 0.000362}}
{"target": -10.2978585329255, "params": {"colsample_bytree": 0.29484845425864303, "eta": 0.07497069099737798, "gamma": 477.4668223086993, "max_depth": 9.0, "min_child_weight": 4165.256496001434, "num_boost_round": 1.0, "subsample": 0.6995841449285765}, "datetime": {"datetime": "2024-01-20 13:25:39", "elapsed": 237.703686, "delta": 108.683142}}
{"target": -10.297882694491696, "params": {"colsample_bytree": 0.29484845425864303, "eta": 0.07497069099737798, "gamma": 477.4668223086993, "max_depth": 9.0, "min_child_weight": 4165.256496001434, "num_boost_round": 2.0, "subsample": 0.6995841449285765}, "datetime": {"datetime": "2024-01-20 13:25:39", "elapsed": 237.706408, "delta": 0.002722}}
{"target": -10.298192888383507, "params": {"colsample_bytree": 0.29484845425864303, "eta": 0.07497069099737798, "gamma": 477.4668223086993, "max_depth": 9.0, "min_child_weight": 4165.256496001434, "num_boost_round": 3.0, "subsample": 0.6995841449285765}, "datetime": {"datetime": "2024-01-20 13:25:39", "elapsed": 237.706854, "delta": 0.000446}}
{"target": -10.298164851708554, "params": {"colsample_bytree": 0.29484845425864303, "eta": 0.07497069099737798, "gamma": 477.4668223086993, "max_depth": 9.0, "min_child_weight": 4165.256496001434, "num_boost_round": 4.0, "subsample": 0.6995841449285765}, "datetime": {"datetime": "2024-01-20 13:25:39", "elapsed": 237.707609, "delta": 0.000755}}
{"target": -10.298726044496807, "params": {"colsample_bytree": 0.29484845425864303, "eta": 0.07497069099737798, "gamma": 477.4668223086993, "max_depth": 9.0, "min_child_weight": 4165.256496001434, "num_boost_round": 5.0, "subsample": 0.6995841449285765}, "datetime": {"datetime": "2024-01-20 13:25:39", "elapsed": 237.707994, "delta": 0.000385}}
{"target": -10.299412323941592, "params": {"colsample_bytree": 0.29484845425864303, "eta": 0.07497069099737798, "gamma": 477.4668223086993, "max_depth": 9.0, "min_child_weight": 4165.256496001434, "num_boost_round": 6.0, "subsample": 0.6995841449285765}, "datetime": {"datetime": "2024-01-20 13:25:39", "elapsed": 237.708363, "delta": 0.000369}}
{"target": -10.300010569526464, "params": {"colsample_bytree": 0.29484845425864303, "eta": 0.07497069099737798, "gamma": 477.4668223086993, "max_depth": 9.0, "min_child_weight": 4165.256496001434, "num_boost_round": 7.0, "subsample": 0.6995841449285765}, "datetime": {"datetime": "2024-01-20 13:25:39", "elapsed": 237.709098, "delta": 0.000735}}
{"target": -10.300499017378126, "params": {"colsample_bytree": 0.29484845425864303, "eta": 0.07497069099737798, "gamma": 477.4668223086993, "max_depth": 9.0, "min_child_weight": 4165.256496001434, "num_boost_round": 8.0, "subsample": 0.6995841449285765}, "datetime": {"datetime": "2024-01-20 13:25:39", "elapsed": 237.709543, "delta": 0.000445}}
{"target": -10.300647592047119, "params": {"colsample_bytree": 0.29484845425864303, "eta": 0.07497069099737798, "gamma": 477.4668223086993, "max_depth": 9.0, "min_child_weight": 4165.256496001434, "num_boost_round": 9.0, "subsample": 0.6995841449285765}, "datetime": {"datetime": "2024-01-20 13:25:39", "elapsed": 237.709938, "delta": 0.000395}}
{"target": -10.301502173132953, "params": {"colsample_bytree": 0.29484845425864303, "eta": 0.07497069099737798, "gamma": 477.4668223086993, "max_depth": 9.0, "min_child_weight": 4165.256496001434, "num_boost_round": 10.0, "subsample": 0.6995841449285765}, "datetime": {"datetime": "2024-01-20 13:25:39", "elapsed": 237.710324, "delta": 0.000386}}
{"target": -10.301483729743023, "params": {"colsample_bytree": 0.29484845425864303, "eta": 0.07497069099737798, "gamma": 477.4668223086993, "max_depth": 9.0, "min_child_weight": 4165.256496001434, "num_boost_round": 11.0, "subsample": 0.6995841449285765}, "datetime": {"datetime": "2024-01-20 13:25:39", "elapsed": 237.710776, "delta": 0.000452}}
{"target": -10.30184384095002, "params": {"colsample_bytree": 0.29484845425864303, "eta": 0.07497069099737798, "gamma": 477.4668223086993, "max_depth": 9.0, "min_child_weight": 4165.256496001434, "num_boost_round": 12.0, "subsample": 0.6995841449285765}, "datetime": {"datetime": "2024-01-20 13:25:39", "elapsed": 237.711287, "delta": 0.000511}}
{"target": -10.301976348113563, "params": {"colsample_bytree": 0.29484845425864303, "eta": 0.07497069099737798, "gamma": 477.4668223086993, "max_depth": 9.0, "min_child_weight": 4165.256496001434, "num_boost_round": 13.0, "subsample": 0.6995841449285765}, "datetime": {"datetime": "2024-01-20 13:25:39", "elapsed": 237.711687, "delta": 0.0004}}
{"target": -10.302271519093058, "params": {"colsample_bytree": 0.29484845425864303, "eta": 0.07497069099737798, "gamma": 477.4668223086993, "max_depth": 9.0, "min_child_weight": 4165.256496001434, "num_boost_round": 14.0, "subsample": 0.6995841449285765}, "datetime": {"datetime": "2024-01-20 13:25:39", "elapsed": 237.712062, "delta": 0.000375}}
{"target": -10.302778619613234, "params": {"colsample_bytree": 0.29484845425864303, "eta": 0.07497069099737798, "gamma": 477.4668223086993, "max_depth": 9.0, "min_child_weight": 4165.256496001434, "num_boost_round": 15.0, "subsample": 0.6995841449285765}, "datetime": {"datetime": "2024-01-20 13:25:39", "elapsed": 237.71244, "delta": 0.000378}}
{"target": -10.302815956711754, "params": {"colsample_bytree": 0.29484845425864303, "eta": 0.07497069099737798, "gamma": 477.4668223086993, "max_depth": 9.0, "min_child_weight": 4165.256496001434, "num_boost_round": 16.0, "subsample": 0.6995841449285765}, "datetime": {"datetime": "2024-01-20 13:25:39", "elapsed": 237.712819, "delta": 0.000379}}
{"target": -10.303262361194857, "params": {"colsample_bytree": 0.29484845425864303, "eta": 0.07497069099737798, "gamma": 477.4668223086993, "max_depth": 9.0, "min_child_weight": 4165.256496001434, "num_boost_round": 17.0, "subsample": 0.6995841449285765}, "datetime": {"datetime": "2024-01-20 13:25:39", "elapsed": 237.713203, "delta": 0.000384}}
{"target": -10.303416874209255, "params": {"colsample_bytree": 0.29484845425864303, "eta": 0.07497069099737798, "gamma": 477.4668223086993, "max_depth": 9.0, "min_child_weight": 4165.256496001434, "num_boost_round": 18.0, "subsample": 0.6995841449285765}, "datetime": {"datetime": "2024-01-20 13:25:39", "elapsed": 237.713597, "delta": 0.000394}}
{"target": -10.303857909127155, "params": {"colsample_bytree": 0.29484845425864303, "eta": 0.07497069099737798, "gamma": 477.4668223086993, "max_depth": 9.0, "min_child_weight": 4165.256496001434, "num_boost_round": 19.0, "subsample": 0.6995841449285765}, "datetime": {"datetime": "2024-01-20 13:25:39", "elapsed": 237.713984, "delta": 0.000387}}
{"target": -10.304035447244086, "params": {"colsample_bytree": 0.29484845425864303, "eta": 0.07497069099737798, "gamma": 477.4668223086993, "max_depth": 9.0, "min_child_weight": 4165.256496001434, "num_boost_round": 20.0, "subsample": 0.6995841449285765}, "datetime": {"datetime": "2024-01-20 13:25:39", "elapsed": 237.714365, "delta": 0.000381}}
{"target": -10.30444567841058, "params": {"colsample_bytree": 0.29484845425864303, "eta": 0.07497069099737798, "gamma": 477.4668223086993, "max_depth": 9.0, "min_child_weight": 4165.256496001434, "num_boost_round": 21.0, "subsample": 0.6995841449285765}, "datetime": {"datetime": "2024-01-20 13:25:39", "elapsed": 237.714755, "delta": 0.00039}}
{"target": -10.304807605772528, "params": {"colsample_bytree": 0.29484845425864303, "eta": 0.07497069099737798, "gamma": 477.4668223086993, "max_depth": 9.0, "min_child_weight": 4165.256496001434, "num_boost_round": 22.0, "subsample": 0.6995841449285765}, "datetime": {"datetime": "2024-01-20 13:25:39", "elapsed": 237.715132, "delta": 0.000377}}
{"target": -10.305017218110883, "params": {"colsample_bytree": 0.29484845425864303, "eta": 0.07497069099737798, "gamma": 477.4668223086993, "max_depth": 9.0, "min_child_weight": 4165.256496001434, "num_boost_round": 23.0, "subsample": 0.6995841449285765}, "datetime": {"datetime": "2024-01-20 13:25:39", "elapsed": 237.71552, "delta": 0.000388}}
