{"target": -13.5078789692306, "params": {"colsample_bytree": 0.622543334224926, "eta": 0.09124323167394659, "gamma": 807.8401355961028, "max_depth": 7.0, "min_child_weight": 4604.329677101449, "num_boost_round": 50.0, "subsample": 0.7524887427610168}, "datetime": {"datetime": "2024-01-20 15:22:25", "elapsed": 3499.305304, "delta": 0.004691}}
{"target": -13.508122111582857, "params": {"colsample_bytree": 0.622543334224926, "eta": 0.09124323167394659, "gamma": 807.8401355961028, "max_depth": 7.0, "min_child_weight": 4604.329677101449, "num_boost_round": 51.0, "subsample": 0.7524887427610168}, "datetime": {"datetime": "2024-01-20 15:22:25", "elapsed": 3499.310065, "delta": 0.004761}}
{"target": -13.508259039277766, "params": {"colsample_bytree": 0.622543334224926, "eta": 0.09124323167394659, "gamma": 807.8401355961028, "max_depth": 7.0, "min_child_weight": 4604.329677101449, "num_boost_round": 52.0, "subsample": 0.7524887427610168}, "datetime": {"datetime": "2024-01-20 15:22:25", "elapsed": 3499.315481, "delta": 0.005416}}
{"target": -13.508555029429562, "params": {"colsample_bytree": 0.622543334224926, "eta": 0.09124323167394659, "gamma": 807.8401355961028, "max_depth": 7.0, "min_child_weight": 4604.329677101449, "num_boost_round": 53.0, "subsample": 0.7524887427610168}, "datetime": {"datetime": "2024-01-20 15:22:25", "elapsed": 3499.320364, "delta": 0.004883}}
{"target": -13.509049280565057, "params": {"colsample_bytree": 0.622543334224926, "eta": 0.09124323167394659, "gamma": 807.8401355961028, "max_depth": 7.0, "min_child_weight": 4604.329677101449, "num_boost_round": 54.0, "subsample": 0.7524887427610168}, "datetime": {"datetime": "2024-01-20 15:22:25", "elapsed": 3499.326427, "delta": 0.006063}}
{"target": -13.509749601710755, "params": {"colsample_bytree": 0.622543334224926, "eta": 0.09124323167394659, "gamma": 807.8401355961028, "max_depth": 7.0, "min_child_weight": 4604.329677101449, "num_boost_round": 55.0, "subsample": 0.7524887427610168}, "datetime": {"datetime": "2024-01-20 15:22:25", "elapsed": 3499.331279, "delta": 0.004852}}
{"target": -13.51014339038234, "params": {"colsample_bytree": 0.622543334224926, "eta": 0.09124323167394659, "gamma": 807.8401355961028, "max_depth": 7.0, "min_child_weight": 4604.329677101449, "num_boost_round": 56.0, "subsample": 0.7524887427610168}, "datetime": {"datetime": "2024-01-20 15:22:25", "elapsed": 3499.336007, "delta": 0.004728}}
{"target": -13.510339634691851, "params": {"colsample_bytree": 0.622543334224926, "eta": 0.09124323167394659, "gamma": 807.8401355961028, "max_depth": 7.0, "min_child_weight": 4604.329677101449, "num_boost_round": 57.0, "subsample": 0.7524887427610168}, "datetime": {"datetime": "2024-01-20 15:22:25", "elapsed": 3499.340783, "delta": 0.004776}}
{"target": -13.51049640292201, "params": {"colsample_bytree": 0.622543334224926, "eta": 0.09124323167394659, "gamma": 807.8401355961028, "max_depth": 7.0, "min_child_weight": 4604.329677101449, "num_boost_round": 58.0, "subsample": 0.7524887427610168}, "datetime": {"datetime": "2024-01-20 15:22:25", "elapsed": 3499.345747, "delta": 0.004964}}
{"target": -13.510602402015941, "params": {"colsample_bytree": 0.622543334224926, "eta": 0.09124323167394659, "gamma": 807.8401355961028, "max_depth": 7.0, "min_child_weight": 4604.329677101449, "num_boost_round": 59.0, "subsample": 0.7524887427610168}, "datetime": {"datetime": "2024-01-20 15:22:25", "elapsed": 3499.35046, "delta": 0.004713}}
{"target": -13.510883648034401, "params": {"colsample_bytree": 0.622543334224926, "eta": 0.09124323167394659, "gamma": 807.8401355961028, "max_depth": 7.0, "min_child_weight": 4604.329677101449, "num_boost_round": 60.0, "subsample": 0.7524887427610168}, "datetime": {"datetime": "2024-01-20 15:22:25", "elapsed": 3499.355081, "delta": 0.004621}}
{"target": -13.497729994998966, "params": {"colsample_bytree": 0.24704276664228403, "eta": 0.05410414943746012, "gamma": 725.1914686004299, "max_depth": 7.0, "min_child_weight": 4535.031813080186, "num_boost_round": 1.0, "subsample": 0.7647695239048965}, "datetime": {"datetime": "2024-01-20 15:24:33", "elapsed": 3626.936828, "delta": 127.581747}}
{"target": -13.497488422099845, "params": {"colsample_bytree": 0.24704276664228403, "eta": 0.05410414943746012, "gamma": 725.1914686004299, "max_depth": 7.0, "min_child_weight": 4535.031813080186, "num_boost_round": 2.0, "subsample": 0.7647695239048965}, "datetime": {"datetime": "2024-01-20 15:24:33", "elapsed": 3626.943961, "delta": 0.007133}}
{"target": -13.497306018848251, "params": {"colsample_bytree": 0.24704276664228403, "eta": 0.05410414943746012, "gamma": 725.1914686004299, "max_depth": 7.0, "min_child_weight": 4535.031813080186, "num_boost_round": 3.0, "subsample": 0.7647695239048965}, "datetime": {"datetime": "2024-01-20 15:24:33", "elapsed": 3626.949326, "delta": 0.005365}}
{"target": -13.497334268723394, "params": {"colsample_bytree": 0.24704276664228403, "eta": 0.05410414943746012, "gamma": 725.1914686004299, "max_depth": 7.0, "min_child_weight": 4535.031813080186, "num_boost_round": 4.0, "subsample": 0.7647695239048965}, "datetime": {"datetime": "2024-01-20 15:24:33", "elapsed": 3626.954028, "delta": 0.004702}}
{"target": -13.4970885064895, "params": {"colsample_bytree": 0.24704276664228403, "eta": 0.05410414943746012, "gamma": 725.1914686004299, "max_depth": 7.0, "min_child_weight": 4535.031813080186, "num_boost_round": 5.0, "subsample": 0.7647695239048965}, "datetime": {"datetime": "2024-01-20 15:24:33", "elapsed": 3626.958629, "delta": 0.004601}}
{"target": -13.497077434154894, "params": {"colsample_bytree": 0.24704276664228403, "eta": 0.05410414943746012, "gamma": 725.1914686004299, "max_depth": 7.0, "min_child_weight": 4535.031813080186, "num_boost_round": 6.0, "subsample": 0.7647695239048965}, "datetime": {"datetime": "2024-01-20 15:24:33", "elapsed": 3626.963294, "delta": 0.004665}}
{"target": -13.497435884502352, "params": {"colsample_bytree": 0.24704276664228403, "eta": 0.05410414943746012, "gamma": 725.1914686004299, "max_depth": 7.0, "min_child_weight": 4535.031813080186, "num_boost_round": 7.0, "subsample": 0.7647695239048965}, "datetime": {"datetime": "2024-01-20 15:24:33", "elapsed": 3626.96795, "delta": 0.004656}}
{"target": -13.497290904920337, "params": {"colsample_bytree": 0.24704276664228403, "eta": 0.05410414943746012, "gamma": 725.1914686004299, "max_depth": 7.0, "min_child_weight": 4535.031813080186, "num_boost_round": 8.0, "subsample": 0.7647695239048965}, "datetime": {"datetime": "2024-01-20 15:24:33", "elapsed": 3626.972455, "delta": 0.004505}}
{"target": -13.497363237814454, "params": {"colsample_bytree": 0.24704276664228403, "eta": 0.05410414943746012, "gamma": 725.1914686004299, "max_depth": 7.0, "min_child_weight": 4535.031813080186, "num_boost_round": 9.0, "subsample": 0.7647695239048965}, "datetime": {"datetime": "2024-01-20 15:24:33", "elapsed": 3626.97694, "delta": 0.004485}}
{"target": -13.497104245687748, "params": {"colsample_bytree": 0.24704276664228403, "eta": 0.05410414943746012, "gamma": 725.1914686004299, "max_depth": 7.0, "min_child_weight": 4535.031813080186, "num_boost_round": 10.0, "subsample": 0.7647695239048965}, "datetime": {"datetime": "2024-01-20 15:24:33", "elapsed": 3626.981495, "delta": 0.004555}}
{"target": -13.49707565908096, "params": {"colsample_bytree": 0.24704276664228403, "eta": 0.05410414943746012, "gamma": 725.1914686004299, "max_depth": 7.0, "min_child_weight": 4535.031813080186, "num_boost_round": 11.0, "subsample": 0.7647695239048965}, "datetime": {"datetime": "2024-01-20 15:24:33", "elapsed": 3626.98599, "delta": 0.004495}}
{"target": -13.497352634000153, "params": {"colsample_bytree": 0.24704276664228403, "eta": 0.05410414943746012, "gamma": 725.1914686004299, "max_depth": 7.0, "min_child_weight": 4535.031813080186, "num_boost_round": 12.0, "subsample": 0.7647695239048965}, "datetime": {"datetime": "2024-01-20 15:24:33", "elapsed": 3626.990537, "delta": 0.004547}}
{"target": -13.497460603057078, "params": {"colsample_bytree": 0.24704276664228403, "eta": 0.05410414943746012, "gamma": 725.1914686004299, "max_depth": 7.0, "min_child_weight": 4535.031813080186, "num_boost_round": 13.0, "subsample": 0.7647695239048965}, "datetime": {"datetime": "2024-01-20 15:24:33", "elapsed": 3626.995199, "delta": 0.004662}}
{"target": -13.49718959732495, "params": {"colsample_bytree": 0.24704276664228403, "eta": 0.05410414943746012, "gamma": 725.1914686004299, "max_depth": 7.0, "min_child_weight": 4535.031813080186, "num_boost_round": 14.0, "subsample": 0.7647695239048965}, "datetime": {"datetime": "2024-01-20 15:24:33", "elapsed": 3626.999713, "delta": 0.004514}}
{"target": -13.497058052662627, "params": {"colsample_bytree": 0.24704276664228403, "eta": 0.05410414943746012, "gamma": 725.1914686004299, "max_depth": 7.0, "min_child_weight": 4535.031813080186, "num_boost_round": 15.0, "subsample": 0.7647695239048965}, "datetime": {"datetime": "2024-01-20 15:24:33", "elapsed": 3627.004237, "delta": 0.004524}}
{"target": -13.497466965426856, "params": {"colsample_bytree": 0.24704276664228403, "eta": 0.05410414943746012, "gamma": 725.1914686004299, "max_depth": 7.0, "min_child_weight": 4535.031813080186, "num_boost_round": 16.0, "subsample": 0.7647695239048965}, "datetime": {"datetime": "2024-01-20 15:24:33", "elapsed": 3627.008752, "delta": 0.004515}}
{"target": -13.497603992779753, "params": {"colsample_bytree": 0.24704276664228403, "eta": 0.05410414943746012, "gamma": 725.1914686004299, "max_depth": 7.0, "min_child_weight": 4535.031813080186, "num_boost_round": 17.0, "subsample": 0.7647695239048965}, "datetime": {"datetime": "2024-01-20 15:24:33", "elapsed": 3627.013248, "delta": 0.004496}}
{"target": -13.497809559936623, "params": {"colsample_bytree": 0.24704276664228403, "eta": 0.05410414943746012, "gamma": 725.1914686004299, "max_depth": 7.0, "min_child_weight": 4535.031813080186, "num_boost_round": 18.0, "subsample": 0.7647695239048965}, "datetime": {"datetime": "2024-01-20 15:24:33", "elapsed": 3627.017802, "delta": 0.004554}}
{"target": -13.498067206979925, "params": {"colsample_bytree": 0.24704276664228403, "eta": 0.05410414943746012, "gamma": 725.1914686004299, "max_depth": 7.0, "min_child_weight": 4535.031813080186, "num_boost_round": 19.0, "subsample": 0.7647695239048965}, "datetime": {"datetime": "2024-01-20 15:24:33", "elapsed": 3627.02245, "delta": 0.004648}}
{"target": -13.49793729144439, "params": {"colsample_bytree": 0.24704276664228403, "eta": 0.05410414943746012, "gamma": 725.1914686004299, "max_depth": 7.0, "min_child_weight": 4535.031813080186, "num_boost_round": 20.0, "subsample": 0.7647695239048965}, "datetime": {"datetime": "2024-01-20 15:24:33", "elapsed": 3627.027275, "delta": 0.004825}}
{"target": -13.49805044371693, "params": {"colsample_bytree": 0.24704276664228403, "eta": 0.05410414943746012, "gamma": 725.1914686004299, "max_depth": 7.0, "min_child_weight": 4535.031813080186, "num_boost_round": 21.0, "subsample": 0.7647695239048965}, "datetime": {"datetime": "2024-01-20 15:24:33", "elapsed": 3627.03178, "delta": 0.004505}}
{"target": -13.497971949911422, "params": {"colsample_bytree": 0.24704276664228403, "eta": 0.05410414943746012, "gamma": 725.1914686004299, "max_depth": 7.0, "min_child_weight": 4535.031813080186, "num_boost_round": 22.0, "subsample": 0.7647695239048965}, "datetime": {"datetime": "2024-01-20 15:24:33", "elapsed": 3627.036319, "delta": 0.004539}}
{"target": -13.497723727452456, "params": {"colsample_bytree": 0.24704276664228403, "eta": 0.05410414943746012, "gamma": 725.1914686004299, "max_depth": 7.0, "min_child_weight": 4535.031813080186, "num_boost_round": 23.0, "subsample": 0.7647695239048965}, "datetime": {"datetime": "2024-01-20 15:24:33", "elapsed": 3627.040813, "delta": 0.004494}}
{"target": -13.497835617097511, "params": {"colsample_bytree": 0.24704276664228403, "eta": 0.05410414943746012, "gamma": 725.1914686004299, "max_depth": 7.0, "min_child_weight": 4535.031813080186, "num_boost_round": 24.0, "subsample": 0.7647695239048965}, "datetime": {"datetime": "2024-01-20 15:24:33", "elapsed": 3627.045352, "delta": 0.004539}}
{"target": -13.49766322088415, "params": {"colsample_bytree": 0.24704276664228403, "eta": 0.05410414943746012, "gamma": 725.1914686004299, "max_depth": 7.0, "min_child_weight": 4535.031813080186, "num_boost_round": 25.0, "subsample": 0.7647695239048965}, "datetime": {"datetime": "2024-01-20 15:24:33", "elapsed": 3627.050028, "delta": 0.004676}}
{"target": -13.497781403608336, "params": {"colsample_bytree": 0.24704276664228403, "eta": 0.05410414943746012, "gamma": 725.1914686004299, "max_depth": 7.0, "min_child_weight": 4535.031813080186, "num_boost_round": 26.0, "subsample": 0.7647695239048965}, "datetime": {"datetime": "2024-01-20 15:24:33", "elapsed": 3627.054525, "delta": 0.004497}}
{"target": -13.49799274969693, "params": {"colsample_bytree": 0.24704276664228403, "eta": 0.05410414943746012, "gamma": 725.1914686004299, "max_depth": 7.0, "min_child_weight": 4535.031813080186, "num_boost_round": 27.0, "subsample": 0.7647695239048965}, "datetime": {"datetime": "2024-01-20 15:24:33", "elapsed": 3627.059044, "delta": 0.004519}}
{"target": -13.498049185421824, "params": {"colsample_bytree": 0.24704276664228403, "eta": 0.05410414943746012, "gamma": 725.1914686004299, "max_depth": 7.0, "min_child_weight": 4535.031813080186, "num_boost_round": 28.0, "subsample": 0.7647695239048965}, "datetime": {"datetime": "2024-01-20 15:24:33", "elapsed": 3627.063569, "delta": 0.004525}}
{"target": -13.498281448235012, "params": {"colsample_bytree": 0.24704276664228403, "eta": 0.05410414943746012, "gamma": 725.1914686004299, "max_depth": 7.0, "min_child_weight": 4535.031813080186, "num_boost_round": 29.0, "subsample": 0.7647695239048965}, "datetime": {"datetime": "2024-01-20 15:24:33", "elapsed": 3627.068955, "delta": 0.005386}}
{"target": -13.498393537417844, "params": {"colsample_bytree": 0.24704276664228403, "eta": 0.05410414943746012, "gamma": 725.1914686004299, "max_depth": 7.0, "min_child_weight": 4535.031813080186, "num_boost_round": 30.0, "subsample": 0.7647695239048965}, "datetime": {"datetime": "2024-01-20 15:24:33", "elapsed": 3627.076986, "delta": 0.008031}}
{"target": -13.498539988599678, "params": {"colsample_bytree": 0.24704276664228403, "eta": 0.05410414943746012, "gamma": 725.1914686004299, "max_depth": 7.0, "min_child_weight": 4535.031813080186, "num_boost_round": 31.0, "subsample": 0.7647695239048965}, "datetime": {"datetime": "2024-01-20 15:24:33", "elapsed": 3627.082866, "delta": 0.00588}}
{"target": -13.498801822398217, "params": {"colsample_bytree": 0.24704276664228403, "eta": 0.05410414943746012, "gamma": 725.1914686004299, "max_depth": 7.0, "min_child_weight": 4535.031813080186, "num_boost_round": 32.0, "subsample": 0.7647695239048965}, "datetime": {"datetime": "2024-01-20 15:24:33", "elapsed": 3627.087559, "delta": 0.004693}}
{"target": -13.499134125425524, "params": {"colsample_bytree": 0.24704276664228403, "eta": 0.05410414943746012, "gamma": 725.1914686004299, "max_depth": 7.0, "min_child_weight": 4535.031813080186, "num_boost_round": 33.0, "subsample": 0.7647695239048965}, "datetime": {"datetime": "2024-01-20 15:24:33", "elapsed": 3627.092138, "delta": 0.004579}}
{"target": -13.499024965068799, "params": {"colsample_bytree": 0.24704276664228403, "eta": 0.05410414943746012, "gamma": 725.1914686004299, "max_depth": 7.0, "min_child_weight": 4535.031813080186, "num_boost_round": 34.0, "subsample": 0.7647695239048965}, "datetime": {"datetime": "2024-01-20 15:24:33", "elapsed": 3627.096649, "delta": 0.004511}}
{"target": -13.499240658029647, "params": {"colsample_bytree": 0.24704276664228403, "eta": 0.05410414943746012, "gamma": 725.1914686004299, "max_depth": 7.0, "min_child_weight": 4535.031813080186, "num_boost_round": 35.0, "subsample": 0.7647695239048965}, "datetime": {"datetime": "2024-01-20 15:24:33", "elapsed": 3627.101162, "delta": 0.004513}}
{"target": -13.499363745933952, "params": {"colsample_bytree": 0.24704276664228403, "eta": 0.05410414943746012, "gamma": 725.1914686004299, "max_depth": 7.0, "min_child_weight": 4535.031813080186, "num_boost_round": 36.0, "subsample": 0.7647695239048965}, "datetime": {"datetime": "2024-01-20 15:24:33", "elapsed": 3627.105756, "delta": 0.004594}}
{"target": -13.499196270710913, "params": {"colsample_bytree": 0.24704276664228403, "eta": 0.05410414943746012, "gamma": 725.1914686004299, "max_depth": 7.0, "min_child_weight": 4535.031813080186, "num_boost_round": 37.0, "subsample": 0.7647695239048965}, "datetime": {"datetime": "2024-01-20 15:24:33", "elapsed": 3627.110436, "delta": 0.00468}}
{"target": -13.499546245316164, "params": {"colsample_bytree": 0.24704276664228403, "eta": 0.05410414943746012, "gamma": 725.1914686004299, "max_depth": 7.0, "min_child_weight": 4535.031813080186, "num_boost_round": 38.0, "subsample": 0.7647695239048965}, "datetime": {"datetime": "2024-01-20 15:24:33", "elapsed": 3627.114945, "delta": 0.004509}}
{"target": -13.499749797613593, "params": {"colsample_bytree": 0.24704276664228403, "eta": 0.05410414943746012, "gamma": 725.1914686004299, "max_depth": 7.0, "min_child_weight": 4535.031813080186, "num_boost_round": 39.0, "subsample": 0.7647695239048965}, "datetime": {"datetime": "2024-01-20 15:24:33", "elapsed": 3627.119476, "delta": 0.004531}}
{"target": -13.499825225337862, "params": {"colsample_bytree": 0.24704276664228403, "eta": 0.05410414943746012, "gamma": 725.1914686004299, "max_depth": 7.0, "min_child_weight": 4535.031813080186, "num_boost_round": 40.0, "subsample": 0.7647695239048965}, "datetime": {"datetime": "2024-01-20 15:24:33", "elapsed": 3627.124005, "delta": 0.004529}}
{"target": -13.499773370180677, "params": {"colsample_bytree": 0.24704276664228403, "eta": 0.05410414943746012, "gamma": 725.1914686004299, "max_depth": 7.0, "min_child_weight": 4535.031813080186, "num_boost_round": 41.0, "subsample": 0.7647695239048965}, "datetime": {"datetime": "2024-01-20 15:24:33", "elapsed": 3627.128507, "delta": 0.004502}}
{"target": -13.500040865803843, "params": {"colsample_bytree": 0.24704276664228403, "eta": 0.05410414943746012, "gamma": 725.1914686004299, "max_depth": 7.0, "min_child_weight": 4535.031813080186, "num_boost_round": 42.0, "subsample": 0.7647695239048965}, "datetime": {"datetime": "2024-01-20 15:24:33", "elapsed": 3627.133071, "delta": 0.004564}}
{"target": -13.50021901369632, "params": {"colsample_bytree": 0.24704276664228403, "eta": 0.05410414943746012, "gamma": 725.1914686004299, "max_depth": 7.0, "min_child_weight": 4535.031813080186, "num_boost_round": 43.0, "subsample": 0.7647695239048965}, "datetime": {"datetime": "2024-01-20 15:24:33", "elapsed": 3627.13772, "delta": 0.004649}}
{"target": -13.500318553215603, "params": {"colsample_bytree": 0.24704276664228403, "eta": 0.05410414943746012, "gamma": 725.1914686004299, "max_depth": 7.0, "min_child_weight": 4535.031813080186, "num_boost_round": 44.0, "subsample": 0.7647695239048965}, "datetime": {"datetime": "2024-01-20 15:24:33", "elapsed": 3627.142227, "delta": 0.004507}}
{"target": -13.500360862559049, "params": {"colsample_bytree": 0.24704276664228403, "eta": 0.05410414943746012, "gamma": 725.1914686004299, "max_depth": 7.0, "min_child_weight": 4535.031813080186, "num_boost_round": 45.0, "subsample": 0.7647695239048965}, "datetime": {"datetime": "2024-01-20 15:24:33", "elapsed": 3627.146718, "delta": 0.004491}}
{"target": -13.500507921093334, "params": {"colsample_bytree": 0.24704276664228403, "eta": 0.05410414943746012, "gamma": 725.1914686004299, "max_depth": 7.0, "min_child_weight": 4535.031813080186, "num_boost_round": 46.0, "subsample": 0.7647695239048965}, "datetime": {"datetime": "2024-01-20 15:24:33", "elapsed": 3627.151271, "delta": 0.004553}}
{"target": -13.500430438123404, "params": {"colsample_bytree": 0.24704276664228403, "eta": 0.05410414943746012, "gamma": 725.1914686004299, "max_depth": 7.0, "min_child_weight": 4535.031813080186, "num_boost_round": 47.0, "subsample": 0.7647695239048965}, "datetime": {"datetime": "2024-01-20 15:24:33", "elapsed": 3627.155787, "delta": 0.004516}}
{"target": -13.500409048233534, "params": {"colsample_bytree": 0.24704276664228403, "eta": 0.05410414943746012, "gamma": 725.1914686004299, "max_depth": 7.0, "min_child_weight": 4535.031813080186, "num_boost_round": 48.0, "subsample": 0.7647695239048965}, "datetime": {"datetime": "2024-01-20 15:24:33", "elapsed": 3627.160341, "delta": 0.004554}}
{"target": -13.500387564083752, "params": {"colsample_bytree": 0.24704276664228403, "eta": 0.05410414943746012, "gamma": 725.1914686004299, "max_depth": 7.0, "min_child_weight": 4535.031813080186, "num_boost_round": 49.0, "subsample": 0.7647695239048965}, "datetime": {"datetime": "2024-01-20 15:24:33", "elapsed": 3627.165039, "delta": 0.004698}}
{"target": -13.500511679905237, "params": {"colsample_bytree": 0.24704276664228403, "eta": 0.05410414943746012, "gamma": 725.1914686004299, "max_depth": 7.0, "min_child_weight": 4535.031813080186, "num_boost_round": 50.0, "subsample": 0.7647695239048965}, "datetime": {"datetime": "2024-01-20 15:24:33", "elapsed": 3627.169591, "delta": 0.004552}}
{"target": -13.50054970895711, "params": {"colsample_bytree": 0.24704276664228403, "eta": 0.05410414943746012, "gamma": 725.1914686004299, "max_depth": 7.0, "min_child_weight": 4535.031813080186, "num_boost_round": 51.0, "subsample": 0.7647695239048965}, "datetime": {"datetime": "2024-01-20 15:24:33", "elapsed": 3627.174122, "delta": 0.004531}}
{"target": -13.500744669161193, "params": {"colsample_bytree": 0.24704276664228403, "eta": 0.05410414943746012, "gamma": 725.1914686004299, "max_depth": 7.0, "min_child_weight": 4535.031813080186, "num_boost_round": 52.0, "subsample": 0.7647695239048965}, "datetime": {"datetime": "2024-01-20 15:24:33", "elapsed": 3627.17862, "delta": 0.004498}}
