{"target": -12.355858708872441, "params": {"colsample_bytree": 0.9584390467020709, "eta": 0.015726598635180056, "gamma": 592.0840330057437, "max_depth": 6.0, "min_child_weight": 4233.068984594339, "num_boost_round": 3.0, "subsample": 0.4326179575150263}, "datetime": {"datetime": "2024-01-20 15:22:20", "elapsed": 3507.184448, "delta": 0.004419}}
{"target": -12.355024179205262, "params": {"colsample_bytree": 0.9584390467020709, "eta": 0.015726598635180056, "gamma": 592.0840330057437, "max_depth": 6.0, "min_child_weight": 4233.068984594339, "num_boost_round": 4.0, "subsample": 0.4326179575150263}, "datetime": {"datetime": "2024-01-20 15:22:20", "elapsed": 3507.188824, "delta": 0.004376}}
{"target": -12.354313175236694, "params": {"colsample_bytree": 0.9584390467020709, "eta": 0.015726598635180056, "gamma": 592.0840330057437, "max_depth": 6.0, "min_child_weight": 4233.068984594339, "num_boost_round": 5.0, "subsample": 0.4326179575150263}, "datetime": {"datetime": "2024-01-20 15:22:20", "elapsed": 3507.193105, "delta": 0.004281}}
{"target": -12.353598380296521, "params": {"colsample_bytree": 0.9584390467020709, "eta": 0.015726598635180056, "gamma": 592.0840330057437, "max_depth": 6.0, "min_child_weight": 4233.068984594339, "num_boost_round": 6.0, "subsample": 0.4326179575150263}, "datetime": {"datetime": "2024-01-20 15:22:20", "elapsed": 3507.198475, "delta": 0.00537}}
{"target": -12.352946562172093, "params": {"colsample_bytree": 0.9584390467020709, "eta": 0.015726598635180056, "gamma": 592.0840330057437, "max_depth": 6.0, "min_child_weight": 4233.068984594339, "num_boost_round": 7.0, "subsample": 0.4326179575150263}, "datetime": {"datetime": "2024-01-20 15:22:20", "elapsed": 3507.204859, "delta": 0.006384}}
{"target": -12.352284613679467, "params": {"colsample_bytree": 0.9584390467020709, "eta": 0.015726598635180056, "gamma": 592.0840330057437, "max_depth": 6.0, "min_child_weight": 4233.068984594339, "num_boost_round": 8.0, "subsample": 0.4326179575150263}, "datetime": {"datetime": "2024-01-20 15:22:20", "elapsed": 3507.210878, "delta": 0.006019}}
{"target": -12.351645647253015, "params": {"colsample_bytree": 0.9584390467020709, "eta": 0.015726598635180056, "gamma": 592.0840330057437, "max_depth": 6.0, "min_child_weight": 4233.068984594339, "num_boost_round": 9.0, "subsample": 0.4326179575150263}, "datetime": {"datetime": "2024-01-20 15:22:20", "elapsed": 3507.215926, "delta": 0.005048}}
{"target": -12.351045175171262, "params": {"colsample_bytree": 0.9584390467020709, "eta": 0.015726598635180056, "gamma": 592.0840330057437, "max_depth": 6.0, "min_child_weight": 4233.068984594339, "num_boost_round": 10.0, "subsample": 0.4326179575150263}, "datetime": {"datetime": "2024-01-20 15:22:20", "elapsed": 3507.220855, "delta": 0.004929}}
{"target": -12.350551950802569, "params": {"colsample_bytree": 0.9584390467020709, "eta": 0.015726598635180056, "gamma": 592.0840330057437, "max_depth": 6.0, "min_child_weight": 4233.068984594339, "num_boost_round": 11.0, "subsample": 0.4326179575150263}, "datetime": {"datetime": "2024-01-20 15:22:20", "elapsed": 3507.225236, "delta": 0.004381}}
{"target": -12.35000951852454, "params": {"colsample_bytree": 0.9584390467020709, "eta": 0.015726598635180056, "gamma": 592.0840330057437, "max_depth": 6.0, "min_child_weight": 4233.068984594339, "num_boost_round": 12.0, "subsample": 0.4326179575150263}, "datetime": {"datetime": "2024-01-20 15:22:20", "elapsed": 3507.229574, "delta": 0.004338}}
{"target": -12.349487204521722, "params": {"colsample_bytree": 0.9584390467020709, "eta": 0.015726598635180056, "gamma": 592.0840330057437, "max_depth": 6.0, "min_child_weight": 4233.068984594339, "num_boost_round": 13.0, "subsample": 0.4326179575150263}, "datetime": {"datetime": "2024-01-20 15:22:20", "elapsed": 3507.233738, "delta": 0.004164}}
{"target": -12.349011567942103, "params": {"colsample_bytree": 0.9584390467020709, "eta": 0.015726598635180056, "gamma": 592.0840330057437, "max_depth": 6.0, "min_child_weight": 4233.068984594339, "num_boost_round": 14.0, "subsample": 0.4326179575150263}, "datetime": {"datetime": "2024-01-20 15:22:20", "elapsed": 3507.238166, "delta": 0.004428}}
{"target": -12.348509812791137, "params": {"colsample_bytree": 0.9584390467020709, "eta": 0.015726598635180056, "gamma": 592.0840330057437, "max_depth": 6.0, "min_child_weight": 4233.068984594339, "num_boost_round": 15.0, "subsample": 0.4326179575150263}, "datetime": {"datetime": "2024-01-20 15:22:20", "elapsed": 3507.242402, "delta": 0.004236}}
{"target": -12.34821400665696, "params": {"colsample_bytree": 0.9584390467020709, "eta": 0.015726598635180056, "gamma": 592.0840330057437, "max_depth": 6.0, "min_child_weight": 4233.068984594339, "num_boost_round": 16.0, "subsample": 0.4326179575150263}, "datetime": {"datetime": "2024-01-20 15:22:20", "elapsed": 3507.246579, "delta": 0.004177}}
{"target": -12.347794755356073, "params": {"colsample_bytree": 0.9584390467020709, "eta": 0.015726598635180056, "gamma": 592.0840330057437, "max_depth": 6.0, "min_child_weight": 4233.068984594339, "num_boost_round": 17.0, "subsample": 0.4326179575150263}, "datetime": {"datetime": "2024-01-20 15:22:20", "elapsed": 3507.250772, "delta": 0.004193}}
{"target": -12.347572486318445, "params": {"colsample_bytree": 0.9584390467020709, "eta": 0.015726598635180056, "gamma": 592.0840330057437, "max_depth": 6.0, "min_child_weight": 4233.068984594339, "num_boost_round": 18.0, "subsample": 0.4326179575150263}, "datetime": {"datetime": "2024-01-20 15:22:20", "elapsed": 3507.255059, "delta": 0.004287}}
{"target": -12.347332919492057, "params": {"colsample_bytree": 0.9584390467020709, "eta": 0.015726598635180056, "gamma": 592.0840330057437, "max_depth": 6.0, "min_child_weight": 4233.068984594339, "num_boost_round": 19.0, "subsample": 0.4326179575150263}, "datetime": {"datetime": "2024-01-20 15:22:20", "elapsed": 3507.25934, "delta": 0.004281}}
{"target": -12.347014094946697, "params": {"colsample_bytree": 0.9584390467020709, "eta": 0.015726598635180056, "gamma": 592.0840330057437, "max_depth": 6.0, "min_child_weight": 4233.068984594339, "num_boost_round": 20.0, "subsample": 0.4326179575150263}, "datetime": {"datetime": "2024-01-20 15:22:20", "elapsed": 3507.263637, "delta": 0.004297}}
{"target": -12.346728738827352, "params": {"colsample_bytree": 0.9584390467020709, "eta": 0.015726598635180056, "gamma": 592.0840330057437, "max_depth": 6.0, "min_child_weight": 4233.068984594339, "num_boost_round": 21.0, "subsample": 0.4326179575150263}, "datetime": {"datetime": "2024-01-20 15:22:20", "elapsed": 3507.268009, "delta": 0.004372}}
{"target": -12.346512532989392, "params": {"colsample_bytree": 0.9584390467020709, "eta": 0.015726598635180056, "gamma": 592.0840330057437, "max_depth": 6.0, "min_child_weight": 4233.068984594339, "num_boost_round": 22.0, "subsample": 0.4326179575150263}, "datetime": {"datetime": "2024-01-20 15:22:20", "elapsed": 3507.272341, "delta": 0.004332}}
{"target": -12.346077760895763, "params": {"colsample_bytree": 0.9584390467020709, "eta": 0.015726598635180056, "gamma": 592.0840330057437, "max_depth": 6.0, "min_child_weight": 4233.068984594339, "num_boost_round": 23.0, "subsample": 0.4326179575150263}, "datetime": {"datetime": "2024-01-20 15:22:21", "elapsed": 3507.276617, "delta": 0.004276}}
{"target": -12.345759999735156, "params": {"colsample_bytree": 0.9584390467020709, "eta": 0.015726598635180056, "gamma": 592.0840330057437, "max_depth": 6.0, "min_child_weight": 4233.068984594339, "num_boost_round": 24.0, "subsample": 0.4326179575150263}, "datetime": {"datetime": "2024-01-20 15:22:21", "elapsed": 3507.280817, "delta": 0.0042}}
{"target": -12.345448756935372, "params": {"colsample_bytree": 0.9584390467020709, "eta": 0.015726598635180056, "gamma": 592.0840330057437, "max_depth": 6.0, "min_child_weight": 4233.068984594339, "num_boost_round": 25.0, "subsample": 0.4326179575150263}, "datetime": {"datetime": "2024-01-20 15:22:21", "elapsed": 3507.284984, "delta": 0.004167}}
{"target": -12.34527761996506, "params": {"colsample_bytree": 0.9584390467020709, "eta": 0.015726598635180056, "gamma": 592.0840330057437, "max_depth": 6.0, "min_child_weight": 4233.068984594339, "num_boost_round": 26.0, "subsample": 0.4326179575150263}, "datetime": {"datetime": "2024-01-20 15:22:21", "elapsed": 3507.289276, "delta": 0.004292}}
{"target": -12.344910349854446, "params": {"colsample_bytree": 0.9584390467020709, "eta": 0.015726598635180056, "gamma": 592.0840330057437, "max_depth": 6.0, "min_child_weight": 4233.068984594339, "num_boost_round": 27.0, "subsample": 0.4326179575150263}, "datetime": {"datetime": "2024-01-20 15:22:21", "elapsed": 3507.29349, "delta": 0.004214}}
{"target": -12.344512329677883, "params": {"colsample_bytree": 0.9584390467020709, "eta": 0.015726598635180056, "gamma": 592.0840330057437, "max_depth": 6.0, "min_child_weight": 4233.068984594339, "num_boost_round": 28.0, "subsample": 0.4326179575150263}, "datetime": {"datetime": "2024-01-20 15:22:21", "elapsed": 3507.29773, "delta": 0.00424}}
{"target": -12.344081615628138, "params": {"colsample_bytree": 0.9584390467020709, "eta": 0.015726598635180056, "gamma": 592.0840330057437, "max_depth": 6.0, "min_child_weight": 4233.068984594339, "num_boost_round": 29.0, "subsample": 0.4326179575150263}, "datetime": {"datetime": "2024-01-20 15:22:21", "elapsed": 3507.301987, "delta": 0.004257}}
{"target": -12.343924638851353, "params": {"colsample_bytree": 0.9584390467020709, "eta": 0.015726598635180056, "gamma": 592.0840330057437, "max_depth": 6.0, "min_child_weight": 4233.068984594339, "num_boost_round": 30.0, "subsample": 0.4326179575150263}, "datetime": {"datetime": "2024-01-20 15:22:21", "elapsed": 3507.306332, "delta": 0.004345}}
{"target": -12.34357032965351, "params": {"colsample_bytree": 0.9584390467020709, "eta": 0.015726598635180056, "gamma": 592.0840330057437, "max_depth": 6.0, "min_child_weight": 4233.068984594339, "num_boost_round": 31.0, "subsample": 0.4326179575150263}, "datetime": {"datetime": "2024-01-20 15:22:21", "elapsed": 3507.310543, "delta": 0.004211}}
{"target": -12.343333767466234, "params": {"colsample_bytree": 0.9584390467020709, "eta": 0.015726598635180056, "gamma": 592.0840330057437, "max_depth": 6.0, "min_child_weight": 4233.068984594339, "num_boost_round": 32.0, "subsample": 0.4326179575150263}, "datetime": {"datetime": "2024-01-20 15:22:21", "elapsed": 3507.314789, "delta": 0.004246}}
{"target": -12.34327158626747, "params": {"colsample_bytree": 0.9584390467020709, "eta": 0.015726598635180056, "gamma": 592.0840330057437, "max_depth": 6.0, "min_child_weight": 4233.068984594339, "num_boost_round": 33.0, "subsample": 0.4326179575150263}, "datetime": {"datetime": "2024-01-20 15:22:21", "elapsed": 3507.318983, "delta": 0.004194}}
{"target": -12.34307076358141, "params": {"colsample_bytree": 0.9584390467020709, "eta": 0.015726598635180056, "gamma": 592.0840330057437, "max_depth": 6.0, "min_child_weight": 4233.068984594339, "num_boost_round": 34.0, "subsample": 0.4326179575150263}, "datetime": {"datetime": "2024-01-20 15:22:21", "elapsed": 3507.656777, "delta": 0.337794}}
{"target": -12.342849510519741, "params": {"colsample_bytree": 0.9584390467020709, "eta": 0.015726598635180056, "gamma": 592.0840330057437, "max_depth": 6.0, "min_child_weight": 4233.068984594339, "num_boost_round": 35.0, "subsample": 0.4326179575150263}, "datetime": {"datetime": "2024-01-20 15:22:21", "elapsed": 3507.663953, "delta": 0.007176}}
{"target": -12.342655434515024, "params": {"colsample_bytree": 0.9584390467020709, "eta": 0.015726598635180056, "gamma": 592.0840330057437, "max_depth": 6.0, "min_child_weight": 4233.068984594339, "num_boost_round": 36.0, "subsample": 0.4326179575150263}, "datetime": {"datetime": "2024-01-20 15:22:21", "elapsed": 3507.671334, "delta": 0.007381}}
{"target": -12.342517872200187, "params": {"colsample_bytree": 0.9584390467020709, "eta": 0.015726598635180056, "gamma": 592.0840330057437, "max_depth": 6.0, "min_child_weight": 4233.068984594339, "num_boost_round": 37.0, "subsample": 0.4326179575150263}, "datetime": {"datetime": "2024-01-20 15:22:21", "elapsed": 3507.676656, "delta": 0.005322}}
{"target": -12.342317199221268, "params": {"colsample_bytree": 0.9584390467020709, "eta": 0.015726598635180056, "gamma": 592.0840330057437, "max_depth": 6.0, "min_child_weight": 4233.068984594339, "num_boost_round": 38.0, "subsample": 0.4326179575150263}, "datetime": {"datetime": "2024-01-20 15:22:21", "elapsed": 3507.681953, "delta": 0.005297}}
{"target": -12.34230150327, "params": {"colsample_bytree": 0.9584390467020709, "eta": 0.015726598635180056, "gamma": 592.0840330057437, "max_depth": 6.0, "min_child_weight": 4233.068984594339, "num_boost_round": 39.0, "subsample": 0.4326179575150263}, "datetime": {"datetime": "2024-01-20 15:22:21", "elapsed": 3507.686582, "delta": 0.004629}}
{"target": -12.342169388877723, "params": {"colsample_bytree": 0.9584390467020709, "eta": 0.015726598635180056, "gamma": 592.0840330057437, "max_depth": 6.0, "min_child_weight": 4233.068984594339, "num_boost_round": 40.0, "subsample": 0.4326179575150263}, "datetime": {"datetime": "2024-01-20 15:22:21", "elapsed": 3507.691786, "delta": 0.005204}}
{"target": -12.34195025371616, "params": {"colsample_bytree": 0.9584390467020709, "eta": 0.015726598635180056, "gamma": 592.0840330057437, "max_depth": 6.0, "min_child_weight": 4233.068984594339, "num_boost_round": 41.0, "subsample": 0.4326179575150263}, "datetime": {"datetime": "2024-01-20 15:22:21", "elapsed": 3507.696728, "delta": 0.004942}}
{"target": -12.341853857244352, "params": {"colsample_bytree": 0.9584390467020709, "eta": 0.015726598635180056, "gamma": 592.0840330057437, "max_depth": 6.0, "min_child_weight": 4233.068984594339, "num_boost_round": 42.0, "subsample": 0.4326179575150263}, "datetime": {"datetime": "2024-01-20 15:22:21", "elapsed": 3507.701354, "delta": 0.004626}}
{"target": -12.341766103384199, "params": {"colsample_bytree": 0.9584390467020709, "eta": 0.015726598635180056, "gamma": 592.0840330057437, "max_depth": 6.0, "min_child_weight": 4233.068984594339, "num_boost_round": 43.0, "subsample": 0.4326179575150263}, "datetime": {"datetime": "2024-01-20 15:22:21", "elapsed": 3507.705724, "delta": 0.00437}}
{"target": -12.34148448220392, "params": {"colsample_bytree": 0.9584390467020709, "eta": 0.015726598635180056, "gamma": 592.0840330057437, "max_depth": 6.0, "min_child_weight": 4233.068984594339, "num_boost_round": 44.0, "subsample": 0.4326179575150263}, "datetime": {"datetime": "2024-01-20 15:22:21", "elapsed": 3507.710094, "delta": 0.00437}}
{"target": -12.341331167174207, "params": {"colsample_bytree": 0.9584390467020709, "eta": 0.015726598635180056, "gamma": 592.0840330057437, "max_depth": 6.0, "min_child_weight": 4233.068984594339, "num_boost_round": 45.0, "subsample": 0.4326179575150263}, "datetime": {"datetime": "2024-01-20 15:22:21", "elapsed": 3507.71454, "delta": 0.004446}}
{"target": -12.341256199143455, "params": {"colsample_bytree": 0.9584390467020709, "eta": 0.015726598635180056, "gamma": 592.0840330057437, "max_depth": 6.0, "min_child_weight": 4233.068984594339, "num_boost_round": 46.0, "subsample": 0.4326179575150263}, "datetime": {"datetime": "2024-01-20 15:22:21", "elapsed": 3507.719159, "delta": 0.004619}}
{"target": -12.341230564782126, "params": {"colsample_bytree": 0.9584390467020709, "eta": 0.015726598635180056, "gamma": 592.0840330057437, "max_depth": 6.0, "min_child_weight": 4233.068984594339, "num_boost_round": 47.0, "subsample": 0.4326179575150263}, "datetime": {"datetime": "2024-01-20 15:22:21", "elapsed": 3507.723469, "delta": 0.00431}}
{"target": -12.341238455619632, "params": {"colsample_bytree": 0.9584390467020709, "eta": 0.015726598635180056, "gamma": 592.0840330057437, "max_depth": 6.0, "min_child_weight": 4233.068984594339, "num_boost_round": 48.0, "subsample": 0.4326179575150263}, "datetime": {"datetime": "2024-01-20 15:22:21", "elapsed": 3507.72775, "delta": 0.004281}}
{"target": -12.341212454167293, "params": {"colsample_bytree": 0.9584390467020709, "eta": 0.015726598635180056, "gamma": 592.0840330057437, "max_depth": 6.0, "min_child_weight": 4233.068984594339, "num_boost_round": 49.0, "subsample": 0.4326179575150263}, "datetime": {"datetime": "2024-01-20 15:22:21", "elapsed": 3507.732093, "delta": 0.004343}}
{"target": -12.341181487469868, "params": {"colsample_bytree": 0.9584390467020709, "eta": 0.015726598635180056, "gamma": 592.0840330057437, "max_depth": 6.0, "min_child_weight": 4233.068984594339, "num_boost_round": 50.0, "subsample": 0.4326179575150263}, "datetime": {"datetime": "2024-01-20 15:22:21", "elapsed": 3507.736616, "delta": 0.004523}}
{"target": -12.341048137923547, "params": {"colsample_bytree": 0.9584390467020709, "eta": 0.015726598635180056, "gamma": 592.0840330057437, "max_depth": 6.0, "min_child_weight": 4233.068984594339, "num_boost_round": 51.0, "subsample": 0.4326179575150263}, "datetime": {"datetime": "2024-01-20 15:22:21", "elapsed": 3507.740925, "delta": 0.004309}}
{"target": -12.34095064783321, "params": {"colsample_bytree": 0.9584390467020709, "eta": 0.015726598635180056, "gamma": 592.0840330057437, "max_depth": 6.0, "min_child_weight": 4233.068984594339, "num_boost_round": 52.0, "subsample": 0.4326179575150263}, "datetime": {"datetime": "2024-01-20 15:22:21", "elapsed": 3507.745234, "delta": 0.004309}}
{"target": -12.340901529133163, "params": {"colsample_bytree": 0.9584390467020709, "eta": 0.015726598635180056, "gamma": 592.0840330057437, "max_depth": 6.0, "min_child_weight": 4233.068984594339, "num_boost_round": 53.0, "subsample": 0.4326179575150263}, "datetime": {"datetime": "2024-01-20 15:22:21", "elapsed": 3507.74954, "delta": 0.004306}}
{"target": -12.340740758958523, "params": {"colsample_bytree": 0.9584390467020709, "eta": 0.015726598635180056, "gamma": 592.0840330057437, "max_depth": 6.0, "min_child_weight": 4233.068984594339, "num_boost_round": 54.0, "subsample": 0.4326179575150263}, "datetime": {"datetime": "2024-01-20 15:22:21", "elapsed": 3507.754036, "delta": 0.004496}}
{"target": -12.35645589699964, "params": {"colsample_bytree": 0.7182923151360115, "eta": 0.07589051736544555, "gamma": 599.8264780786384, "max_depth": 5.0, "min_child_weight": 4276.2639719517865, "num_boost_round": 1.0, "subsample": 0.525049646942048}, "datetime": {"datetime": "2024-01-20 15:23:32", "elapsed": 3578.664156, "delta": 70.91012}}
{"target": -12.352544088763947, "params": {"colsample_bytree": 0.7182923151360115, "eta": 0.07589051736544555, "gamma": 599.8264780786384, "max_depth": 5.0, "min_child_weight": 4276.2639719517865, "num_boost_round": 2.0, "subsample": 0.525049646942048}, "datetime": {"datetime": "2024-01-20 15:23:32", "elapsed": 3578.670955, "delta": 0.006799}}
{"target": -12.349284436544366, "params": {"colsample_bytree": 0.7182923151360115, "eta": 0.07589051736544555, "gamma": 599.8264780786384, "max_depth": 5.0, "min_child_weight": 4276.2639719517865, "num_boost_round": 3.0, "subsample": 0.525049646942048}, "datetime": {"datetime": "2024-01-20 15:23:32", "elapsed": 3578.676205, "delta": 0.00525}}
{"target": -12.349023543295473, "params": {"colsample_bytree": 0.7182923151360115, "eta": 0.07589051736544555, "gamma": 599.8264780786384, "max_depth": 5.0, "min_child_weight": 4276.2639719517865, "num_boost_round": 4.0, "subsample": 0.525049646942048}, "datetime": {"datetime": "2024-01-20 15:23:32", "elapsed": 3578.68164, "delta": 0.005435}}
{"target": -12.346762490330555, "params": {"colsample_bytree": 0.7182923151360115, "eta": 0.07589051736544555, "gamma": 599.8264780786384, "max_depth": 5.0, "min_child_weight": 4276.2639719517865, "num_boost_round": 5.0, "subsample": 0.525049646942048}, "datetime": {"datetime": "2024-01-20 15:23:32", "elapsed": 3578.686999, "delta": 0.005359}}
{"target": -12.34534107454082, "params": {"colsample_bytree": 0.7182923151360115, "eta": 0.07589051736544555, "gamma": 599.8264780786384, "max_depth": 5.0, "min_child_weight": 4276.2639719517865, "num_boost_round": 6.0, "subsample": 0.525049646942048}, "datetime": {"datetime": "2024-01-20 15:23:32", "elapsed": 3578.692583, "delta": 0.005584}}
{"target": -12.344252620297018, "params": {"colsample_bytree": 0.7182923151360115, "eta": 0.07589051736544555, "gamma": 599.8264780786384, "max_depth": 5.0, "min_child_weight": 4276.2639719517865, "num_boost_round": 7.0, "subsample": 0.525049646942048}, "datetime": {"datetime": "2024-01-20 15:23:32", "elapsed": 3578.69775, "delta": 0.005167}}
{"target": -12.343721929287693, "params": {"colsample_bytree": 0.7182923151360115, "eta": 0.07589051736544555, "gamma": 599.8264780786384, "max_depth": 5.0, "min_child_weight": 4276.2639719517865, "num_boost_round": 8.0, "subsample": 0.525049646942048}, "datetime": {"datetime": "2024-01-20 15:23:32", "elapsed": 3578.70325, "delta": 0.0055}}
{"target": -12.342400249081216, "params": {"colsample_bytree": 0.7182923151360115, "eta": 0.07589051736544555, "gamma": 599.8264780786384, "max_depth": 5.0, "min_child_weight": 4276.2639719517865, "num_boost_round": 9.0, "subsample": 0.525049646942048}, "datetime": {"datetime": "2024-01-20 15:23:32", "elapsed": 3578.708632, "delta": 0.005382}}
{"target": -12.342250065194772, "params": {"colsample_bytree": 0.7182923151360115, "eta": 0.07589051736544555, "gamma": 599.8264780786384, "max_depth": 5.0, "min_child_weight": 4276.2639719517865, "num_boost_round": 10.0, "subsample": 0.525049646942048}, "datetime": {"datetime": "2024-01-20 15:23:32", "elapsed": 3578.714149, "delta": 0.005517}}
{"target": -12.3416508785708, "params": {"colsample_bytree": 0.7182923151360115, "eta": 0.07589051736544555, "gamma": 599.8264780786384, "max_depth": 5.0, "min_child_weight": 4276.2639719517865, "num_boost_round": 11.0, "subsample": 0.525049646942048}, "datetime": {"datetime": "2024-01-20 15:23:32", "elapsed": 3578.719604, "delta": 0.005455}}
