{"target": -19.14308207795146, "params": {"colsample_bytree": 0.4602054332871264, "eta": 0.013257920645014343, "gamma": 255.59784187455216, "max_depth": 3.0, "min_child_weight": 4115.35379091294, "num_boost_round": 4.0, "subsample": 0.9926419249599537}, "datetime": {"datetime": "2024-01-20 14:43:20", "elapsed": 1168.415798, "delta": 0.002057}}
{"target": -19.143140008720128, "params": {"colsample_bytree": 0.4602054332871264, "eta": 0.013257920645014343, "gamma": 255.59784187455216, "max_depth": 3.0, "min_child_weight": 4115.35379091294, "num_boost_round": 5.0, "subsample": 0.9926419249599537}, "datetime": {"datetime": "2024-01-20 14:43:20", "elapsed": 1168.417905, "delta": 0.002107}}
{"target": -19.14301105303771, "params": {"colsample_bytree": 0.4602054332871264, "eta": 0.013257920645014343, "gamma": 255.59784187455216, "max_depth": 3.0, "min_child_weight": 4115.35379091294, "num_boost_round": 6.0, "subsample": 0.9926419249599537}, "datetime": {"datetime": "2024-01-20 14:43:20", "elapsed": 1168.41981, "delta": 0.001905}}
{"target": -19.14302580006234, "params": {"colsample_bytree": 0.4602054332871264, "eta": 0.013257920645014343, "gamma": 255.59784187455216, "max_depth": 3.0, "min_child_weight": 4115.35379091294, "num_boost_round": 7.0, "subsample": 0.9926419249599537}, "datetime": {"datetime": "2024-01-20 14:43:20", "elapsed": 1168.421705, "delta": 0.001895}}
{"target": -19.142972995255427, "params": {"colsample_bytree": 0.4602054332871264, "eta": 0.013257920645014343, "gamma": 255.59784187455216, "max_depth": 3.0, "min_child_weight": 4115.35379091294, "num_boost_round": 8.0, "subsample": 0.9926419249599537}, "datetime": {"datetime": "2024-01-20 14:43:20", "elapsed": 1168.423591, "delta": 0.001886}}
{"target": -19.143011100711, "params": {"colsample_bytree": 0.4602054332871264, "eta": 0.013257920645014343, "gamma": 255.59784187455216, "max_depth": 3.0, "min_child_weight": 4115.35379091294, "num_boost_round": 9.0, "subsample": 0.9926419249599537}, "datetime": {"datetime": "2024-01-20 14:43:20", "elapsed": 1168.425422, "delta": 0.001831}}
{"target": -19.142959657255084, "params": {"colsample_bytree": 0.4602054332871264, "eta": 0.013257920645014343, "gamma": 255.59784187455216, "max_depth": 3.0, "min_child_weight": 4115.35379091294, "num_boost_round": 10.0, "subsample": 0.9926419249599537}, "datetime": {"datetime": "2024-01-20 14:43:20", "elapsed": 1168.427337, "delta": 0.001915}}
{"target": -19.14291458094696, "params": {"colsample_bytree": 0.4602054332871264, "eta": 0.013257920645014343, "gamma": 255.59784187455216, "max_depth": 3.0, "min_child_weight": 4115.35379091294, "num_boost_round": 11.0, "subsample": 0.9926419249599537}, "datetime": {"datetime": "2024-01-20 14:43:20", "elapsed": 1168.429186, "delta": 0.001849}}
{"target": -19.14297620831539, "params": {"colsample_bytree": 0.4602054332871264, "eta": 0.013257920645014343, "gamma": 255.59784187455216, "max_depth": 3.0, "min_child_weight": 4115.35379091294, "num_boost_round": 12.0, "subsample": 0.9926419249599537}, "datetime": {"datetime": "2024-01-20 14:43:20", "elapsed": 1168.43101, "delta": 0.001824}}
{"target": -19.143025504725, "params": {"colsample_bytree": 0.4602054332871264, "eta": 0.013257920645014343, "gamma": 255.59784187455216, "max_depth": 3.0, "min_child_weight": 4115.35379091294, "num_boost_round": 13.0, "subsample": 0.9926419249599537}, "datetime": {"datetime": "2024-01-20 14:43:20", "elapsed": 1168.432825, "delta": 0.001815}}
{"target": -19.143051958164666, "params": {"colsample_bytree": 0.4602054332871264, "eta": 0.013257920645014343, "gamma": 255.59784187455216, "max_depth": 3.0, "min_child_weight": 4115.35379091294, "num_boost_round": 14.0, "subsample": 0.9926419249599537}, "datetime": {"datetime": "2024-01-20 14:43:20", "elapsed": 1168.434631, "delta": 0.001806}}
{"target": -19.14312583680222, "params": {"colsample_bytree": 0.4602054332871264, "eta": 0.013257920645014343, "gamma": 255.59784187455216, "max_depth": 3.0, "min_child_weight": 4115.35379091294, "num_boost_round": 15.0, "subsample": 0.9926419249599537}, "datetime": {"datetime": "2024-01-20 14:43:20", "elapsed": 1168.436538, "delta": 0.001907}}
{"target": -19.143070803575924, "params": {"colsample_bytree": 0.4602054332871264, "eta": 0.013257920645014343, "gamma": 255.59784187455216, "max_depth": 3.0, "min_child_weight": 4115.35379091294, "num_boost_round": 16.0, "subsample": 0.9926419249599537}, "datetime": {"datetime": "2024-01-20 14:43:20", "elapsed": 1168.438568, "delta": 0.00203}}
{"target": -19.14306486292577, "params": {"colsample_bytree": 0.4602054332871264, "eta": 0.013257920645014343, "gamma": 255.59784187455216, "max_depth": 3.0, "min_child_weight": 4115.35379091294, "num_boost_round": 17.0, "subsample": 0.9926419249599537}, "datetime": {"datetime": "2024-01-20 14:43:20", "elapsed": 1168.440415, "delta": 0.001847}}
{"target": -19.14310216542078, "params": {"colsample_bytree": 0.4602054332871264, "eta": 0.013257920645014343, "gamma": 255.59784187455216, "max_depth": 3.0, "min_child_weight": 4115.35379091294, "num_boost_round": 18.0, "subsample": 0.9926419249599537}, "datetime": {"datetime": "2024-01-20 14:43:20", "elapsed": 1168.442251, "delta": 0.001836}}
{"target": -19.143129388654433, "params": {"colsample_bytree": 0.4602054332871264, "eta": 0.013257920645014343, "gamma": 255.59784187455216, "max_depth": 3.0, "min_child_weight": 4115.35379091294, "num_boost_round": 19.0, "subsample": 0.9926419249599537}, "datetime": {"datetime": "2024-01-20 14:43:20", "elapsed": 1168.444134, "delta": 0.001883}}
{"target": -19.143275311847948, "params": {"colsample_bytree": 0.4602054332871264, "eta": 0.013257920645014343, "gamma": 255.59784187455216, "max_depth": 3.0, "min_child_weight": 4115.35379091294, "num_boost_round": 20.0, "subsample": 0.9926419249599537}, "datetime": {"datetime": "2024-01-20 14:43:20", "elapsed": 1168.445959, "delta": 0.001825}}
{"target": -19.143335326154546, "params": {"colsample_bytree": 0.4602054332871264, "eta": 0.013257920645014343, "gamma": 255.59784187455216, "max_depth": 3.0, "min_child_weight": 4115.35379091294, "num_boost_round": 21.0, "subsample": 0.9926419249599537}, "datetime": {"datetime": "2024-01-20 14:43:20", "elapsed": 1168.447882, "delta": 0.001923}}
{"target": -19.143381198362068, "params": {"colsample_bytree": 0.4602054332871264, "eta": 0.013257920645014343, "gamma": 255.59784187455216, "max_depth": 3.0, "min_child_weight": 4115.35379091294, "num_boost_round": 22.0, "subsample": 0.9926419249599537}, "datetime": {"datetime": "2024-01-20 14:43:20", "elapsed": 1168.449716, "delta": 0.001834}}
{"target": -19.143279771672958, "params": {"colsample_bytree": 0.4602054332871264, "eta": 0.013257920645014343, "gamma": 255.59784187455216, "max_depth": 3.0, "min_child_weight": 4115.35379091294, "num_boost_round": 23.0, "subsample": 0.9926419249599537}, "datetime": {"datetime": "2024-01-20 14:43:20", "elapsed": 1168.45154, "delta": 0.001824}}
{"target": -19.143320705004214, "params": {"colsample_bytree": 0.4602054332871264, "eta": 0.013257920645014343, "gamma": 255.59784187455216, "max_depth": 3.0, "min_child_weight": 4115.35379091294, "num_boost_round": 24.0, "subsample": 0.9926419249599537}, "datetime": {"datetime": "2024-01-20 14:43:20", "elapsed": 1168.453386, "delta": 0.001846}}
{"target": -19.14341021160653, "params": {"colsample_bytree": 0.4602054332871264, "eta": 0.013257920645014343, "gamma": 255.59784187455216, "max_depth": 3.0, "min_child_weight": 4115.35379091294, "num_boost_round": 25.0, "subsample": 0.9926419249599537}, "datetime": {"datetime": "2024-01-20 14:43:20", "elapsed": 1168.455264, "delta": 0.001878}}
{"target": -19.14345890251146, "params": {"colsample_bytree": 0.4602054332871264, "eta": 0.013257920645014343, "gamma": 255.59784187455216, "max_depth": 3.0, "min_child_weight": 4115.35379091294, "num_boost_round": 26.0, "subsample": 0.9926419249599537}, "datetime": {"datetime": "2024-01-20 14:43:20", "elapsed": 1168.45709, "delta": 0.001826}}
{"target": -19.14357758714492, "params": {"colsample_bytree": 0.4602054332871264, "eta": 0.013257920645014343, "gamma": 255.59784187455216, "max_depth": 3.0, "min_child_weight": 4115.35379091294, "num_boost_round": 27.0, "subsample": 0.9926419249599537}, "datetime": {"datetime": "2024-01-20 14:43:20", "elapsed": 1168.461802, "delta": 0.004712}}
{"target": -19.143632946358064, "params": {"colsample_bytree": 0.4602054332871264, "eta": 0.013257920645014343, "gamma": 255.59784187455216, "max_depth": 3.0, "min_child_weight": 4115.35379091294, "num_boost_round": 28.0, "subsample": 0.9926419249599537}, "datetime": {"datetime": "2024-01-20 14:43:20", "elapsed": 1168.463767, "delta": 0.001965}}
{"target": -19.14356029609948, "params": {"colsample_bytree": 0.4602054332871264, "eta": 0.013257920645014343, "gamma": 255.59784187455216, "max_depth": 3.0, "min_child_weight": 4115.35379091294, "num_boost_round": 29.0, "subsample": 0.9926419249599537}, "datetime": {"datetime": "2024-01-20 14:43:20", "elapsed": 1168.465659, "delta": 0.001892}}
{"target": -19.143519942288965, "params": {"colsample_bytree": 0.4602054332871264, "eta": 0.013257920645014343, "gamma": 255.59784187455216, "max_depth": 3.0, "min_child_weight": 4115.35379091294, "num_boost_round": 30.0, "subsample": 0.9926419249599537}, "datetime": {"datetime": "2024-01-20 14:43:20", "elapsed": 1168.467732, "delta": 0.002073}}
{"target": -19.14363541901362, "params": {"colsample_bytree": 0.4602054332871264, "eta": 0.013257920645014343, "gamma": 255.59784187455216, "max_depth": 3.0, "min_child_weight": 4115.35379091294, "num_boost_round": 31.0, "subsample": 0.9926419249599537}, "datetime": {"datetime": "2024-01-20 14:43:20", "elapsed": 1168.469719, "delta": 0.001987}}
{"target": -19.14360872840696, "params": {"colsample_bytree": 0.4602054332871264, "eta": 0.013257920645014343, "gamma": 255.59784187455216, "max_depth": 3.0, "min_child_weight": 4115.35379091294, "num_boost_round": 32.0, "subsample": 0.9926419249599537}, "datetime": {"datetime": "2024-01-20 14:43:20", "elapsed": 1168.471754, "delta": 0.002035}}
{"target": -19.143615748900004, "params": {"colsample_bytree": 0.4602054332871264, "eta": 0.013257920645014343, "gamma": 255.59784187455216, "max_depth": 3.0, "min_child_weight": 4115.35379091294, "num_boost_round": 33.0, "subsample": 0.9926419249599537}, "datetime": {"datetime": "2024-01-20 14:43:20", "elapsed": 1168.473741, "delta": 0.001987}}
{"target": -19.143713791102925, "params": {"colsample_bytree": 0.4602054332871264, "eta": 0.013257920645014343, "gamma": 255.59784187455216, "max_depth": 3.0, "min_child_weight": 4115.35379091294, "num_boost_round": 34.0, "subsample": 0.9926419249599537}, "datetime": {"datetime": "2024-01-20 14:43:20", "elapsed": 1168.475711, "delta": 0.00197}}
{"target": -19.143895183800822, "params": {"colsample_bytree": 0.4602054332871264, "eta": 0.013257920645014343, "gamma": 255.59784187455216, "max_depth": 3.0, "min_child_weight": 4115.35379091294, "num_boost_round": 35.0, "subsample": 0.9926419249599537}, "datetime": {"datetime": "2024-01-20 14:43:20", "elapsed": 1168.477593, "delta": 0.001882}}
{"target": -19.143850166294413, "params": {"colsample_bytree": 0.4602054332871264, "eta": 0.013257920645014343, "gamma": 255.59784187455216, "max_depth": 3.0, "min_child_weight": 4115.35379091294, "num_boost_round": 36.0, "subsample": 0.9926419249599537}, "datetime": {"datetime": "2024-01-20 14:43:20", "elapsed": 1168.479496, "delta": 0.001903}}
{"target": -19.143880460061762, "params": {"colsample_bytree": 0.4602054332871264, "eta": 0.013257920645014343, "gamma": 255.59784187455216, "max_depth": 3.0, "min_child_weight": 4115.35379091294, "num_boost_round": 37.0, "subsample": 0.9926419249599537}, "datetime": {"datetime": "2024-01-20 14:43:20", "elapsed": 1168.481393, "delta": 0.001897}}
{"target": -19.14404915522728, "params": {"colsample_bytree": 0.4602054332871264, "eta": 0.013257920645014343, "gamma": 255.59784187455216, "max_depth": 3.0, "min_child_weight": 4115.35379091294, "num_boost_round": 38.0, "subsample": 0.9926419249599537}, "datetime": {"datetime": "2024-01-20 14:43:20", "elapsed": 1168.483341, "delta": 0.001948}}
{"target": -19.14414112007278, "params": {"colsample_bytree": 0.4602054332871264, "eta": 0.013257920645014343, "gamma": 255.59784187455216, "max_depth": 3.0, "min_child_weight": 4115.35379091294, "num_boost_round": 39.0, "subsample": 0.9926419249599537}, "datetime": {"datetime": "2024-01-20 14:43:20", "elapsed": 1168.485468, "delta": 0.002127}}
{"target": -19.14410661677746, "params": {"colsample_bytree": 0.4602054332871264, "eta": 0.013257920645014343, "gamma": 255.59784187455216, "max_depth": 3.0, "min_child_weight": 4115.35379091294, "num_boost_round": 40.0, "subsample": 0.9926419249599537}, "datetime": {"datetime": "2024-01-20 14:43:20", "elapsed": 1168.487458, "delta": 0.00199}}
{"target": -19.144136751600477, "params": {"colsample_bytree": 0.4602054332871264, "eta": 0.013257920645014343, "gamma": 255.59784187455216, "max_depth": 3.0, "min_child_weight": 4115.35379091294, "num_boost_round": 41.0, "subsample": 0.9926419249599537}, "datetime": {"datetime": "2024-01-20 14:43:20", "elapsed": 1168.489348, "delta": 0.00189}}
{"target": -19.14410460599725, "params": {"colsample_bytree": 0.4602054332871264, "eta": 0.013257920645014343, "gamma": 255.59784187455216, "max_depth": 3.0, "min_child_weight": 4115.35379091294, "num_boost_round": 42.0, "subsample": 0.9926419249599537}, "datetime": {"datetime": "2024-01-20 14:43:20", "elapsed": 1168.491236, "delta": 0.001888}}
{"target": -19.144117200205198, "params": {"colsample_bytree": 0.4602054332871264, "eta": 0.013257920645014343, "gamma": 255.59784187455216, "max_depth": 3.0, "min_child_weight": 4115.35379091294, "num_boost_round": 43.0, "subsample": 0.9926419249599537}, "datetime": {"datetime": "2024-01-20 14:43:20", "elapsed": 1168.493125, "delta": 0.001889}}
{"target": -19.143149986511844, "params": {"colsample_bytree": 0.1941477721347526, "eta": 0.00705122667009133, "gamma": 333.05920685918454, "max_depth": 2.0, "min_child_weight": 4143.270966170147, "num_boost_round": 1.0, "subsample": 0.6457901890646129}, "datetime": {"datetime": "2024-01-20 14:43:44", "elapsed": 1192.729524, "delta": 24.236399}}
{"target": -19.14313605234046, "params": {"colsample_bytree": 0.1941477721347526, "eta": 0.00705122667009133, "gamma": 333.05920685918454, "max_depth": 2.0, "min_child_weight": 4143.270966170147, "num_boost_round": 2.0, "subsample": 0.6457901890646129}, "datetime": {"datetime": "2024-01-20 14:43:44", "elapsed": 1192.732497, "delta": 0.002973}}
{"target": -19.143127866470937, "params": {"colsample_bytree": 0.1941477721347526, "eta": 0.00705122667009133, "gamma": 333.05920685918454, "max_depth": 2.0, "min_child_weight": 4143.270966170147, "num_boost_round": 3.0, "subsample": 0.6457901890646129}, "datetime": {"datetime": "2024-01-20 14:43:44", "elapsed": 1192.734806, "delta": 0.002309}}
{"target": -19.143082941304243, "params": {"colsample_bytree": 0.1941477721347526, "eta": 0.00705122667009133, "gamma": 333.05920685918454, "max_depth": 2.0, "min_child_weight": 4143.270966170147, "num_boost_round": 4.0, "subsample": 0.6457901890646129}, "datetime": {"datetime": "2024-01-20 14:43:44", "elapsed": 1192.736754, "delta": 0.001948}}
{"target": -19.143081068433276, "params": {"colsample_bytree": 0.1941477721347526, "eta": 0.00705122667009133, "gamma": 333.05920685918454, "max_depth": 2.0, "min_child_weight": 4143.270966170147, "num_boost_round": 5.0, "subsample": 0.6457901890646129}, "datetime": {"datetime": "2024-01-20 14:43:44", "elapsed": 1192.738596, "delta": 0.001842}}
{"target": -19.143063003482563, "params": {"colsample_bytree": 0.1941477721347526, "eta": 0.00705122667009133, "gamma": 333.05920685918454, "max_depth": 2.0, "min_child_weight": 4143.270966170147, "num_boost_round": 6.0, "subsample": 0.6457901890646129}, "datetime": {"datetime": "2024-01-20 14:43:44", "elapsed": 1192.740478, "delta": 0.001882}}
{"target": -19.14309045792516, "params": {"colsample_bytree": 0.1941477721347526, "eta": 0.00705122667009133, "gamma": 333.05920685918454, "max_depth": 2.0, "min_child_weight": 4143.270966170147, "num_boost_round": 7.0, "subsample": 0.6457901890646129}, "datetime": {"datetime": "2024-01-20 14:43:44", "elapsed": 1192.742327, "delta": 0.001849}}
{"target": -19.143034631875267, "params": {"colsample_bytree": 0.1941477721347526, "eta": 0.00705122667009133, "gamma": 333.05920685918454, "max_depth": 2.0, "min_child_weight": 4143.270966170147, "num_boost_round": 8.0, "subsample": 0.6457901890646129}, "datetime": {"datetime": "2024-01-20 14:43:44", "elapsed": 1192.763288, "delta": 0.020961}}
{"target": -19.143027353987826, "params": {"colsample_bytree": 0.1941477721347526, "eta": 0.00705122667009133, "gamma": 333.05920685918454, "max_depth": 2.0, "min_child_weight": 4143.270966170147, "num_boost_round": 9.0, "subsample": 0.6457901890646129}, "datetime": {"datetime": "2024-01-20 14:43:44", "elapsed": 1192.765235, "delta": 0.001947}}
{"target": -19.14306366727143, "params": {"colsample_bytree": 0.1941477721347526, "eta": 0.00705122667009133, "gamma": 333.05920685918454, "max_depth": 2.0, "min_child_weight": 4143.270966170147, "num_boost_round": 10.0, "subsample": 0.6457901890646129}, "datetime": {"datetime": "2024-01-20 14:43:44", "elapsed": 1192.767352, "delta": 0.002117}}
{"target": -19.143009863310574, "params": {"colsample_bytree": 0.1941477721347526, "eta": 0.00705122667009133, "gamma": 333.05920685918454, "max_depth": 2.0, "min_child_weight": 4143.270966170147, "num_boost_round": 11.0, "subsample": 0.6457901890646129}, "datetime": {"datetime": "2024-01-20 14:43:44", "elapsed": 1192.769395, "delta": 0.002043}}
{"target": -19.14318549571515, "params": {"colsample_bytree": 0.8717986137173235, "eta": 0.015384417182254875, "gamma": 298.7252418857063, "max_depth": 8.0, "min_child_weight": 4170.931208003433, "num_boost_round": 1.0, "subsample": 0.43499053566788215}, "datetime": {"datetime": "2024-01-20 14:44:49", "elapsed": 1257.429038, "delta": 64.659643}}
{"target": -19.143153495433573, "params": {"colsample_bytree": 0.8717986137173235, "eta": 0.015384417182254875, "gamma": 298.7252418857063, "max_depth": 8.0, "min_child_weight": 4170.931208003433, "num_boost_round": 2.0, "subsample": 0.43499053566788215}, "datetime": {"datetime": "2024-01-20 14:44:49", "elapsed": 1257.445168, "delta": 0.01613}}
{"target": -19.14319051831098, "params": {"colsample_bytree": 0.8717986137173235, "eta": 0.015384417182254875, "gamma": 298.7252418857063, "max_depth": 8.0, "min_child_weight": 4170.931208003433, "num_boost_round": 3.0, "subsample": 0.43499053566788215}, "datetime": {"datetime": "2024-01-20 14:44:49", "elapsed": 1257.447266, "delta": 0.002098}}
{"target": -19.143203293130703, "params": {"colsample_bytree": 0.8717986137173235, "eta": 0.015384417182254875, "gamma": 298.7252418857063, "max_depth": 8.0, "min_child_weight": 4170.931208003433, "num_boost_round": 4.0, "subsample": 0.43499053566788215}, "datetime": {"datetime": "2024-01-20 14:44:49", "elapsed": 1257.449192, "delta": 0.001926}}
{"target": -19.14321255206222, "params": {"colsample_bytree": 0.8717986137173235, "eta": 0.015384417182254875, "gamma": 298.7252418857063, "max_depth": 8.0, "min_child_weight": 4170.931208003433, "num_boost_round": 5.0, "subsample": 0.43499053566788215}, "datetime": {"datetime": "2024-01-20 14:44:49", "elapsed": 1257.451071, "delta": 0.001879}}
{"target": -19.14328393580574, "params": {"colsample_bytree": 0.8717986137173235, "eta": 0.015384417182254875, "gamma": 298.7252418857063, "max_depth": 8.0, "min_child_weight": 4170.931208003433, "num_boost_round": 6.0, "subsample": 0.43499053566788215}, "datetime": {"datetime": "2024-01-20 14:44:49", "elapsed": 1257.453001, "delta": 0.00193}}
{"target": -19.143307896530555, "params": {"colsample_bytree": 0.8717986137173235, "eta": 0.015384417182254875, "gamma": 298.7252418857063, "max_depth": 8.0, "min_child_weight": 4170.931208003433, "num_boost_round": 7.0, "subsample": 0.43499053566788215}, "datetime": {"datetime": "2024-01-20 14:44:49", "elapsed": 1257.454915, "delta": 0.001914}}
{"target": -19.143437136824137, "params": {"colsample_bytree": 0.8717986137173235, "eta": 0.015384417182254875, "gamma": 298.7252418857063, "max_depth": 8.0, "min_child_weight": 4170.931208003433, "num_boost_round": 8.0, "subsample": 0.43499053566788215}, "datetime": {"datetime": "2024-01-20 14:44:49", "elapsed": 1257.456863, "delta": 0.001948}}
{"target": -19.143580144823083, "params": {"colsample_bytree": 0.8717986137173235, "eta": 0.015384417182254875, "gamma": 298.7252418857063, "max_depth": 8.0, "min_child_weight": 4170.931208003433, "num_boost_round": 9.0, "subsample": 0.43499053566788215}, "datetime": {"datetime": "2024-01-20 14:44:49", "elapsed": 1257.45898, "delta": 0.002117}}
{"target": -19.143593798566414, "params": {"colsample_bytree": 0.8717986137173235, "eta": 0.015384417182254875, "gamma": 298.7252418857063, "max_depth": 8.0, "min_child_weight": 4170.931208003433, "num_boost_round": 10.0, "subsample": 0.43499053566788215}, "datetime": {"datetime": "2024-01-20 14:44:49", "elapsed": 1257.460872, "delta": 0.001892}}
{"target": -19.143733940811657, "params": {"colsample_bytree": 0.8717986137173235, "eta": 0.015384417182254875, "gamma": 298.7252418857063, "max_depth": 8.0, "min_child_weight": 4170.931208003433, "num_boost_round": 11.0, "subsample": 0.43499053566788215}, "datetime": {"datetime": "2024-01-20 14:44:49", "elapsed": 1257.462758, "delta": 0.001886}}
{"target": -19.14374141989088, "params": {"colsample_bytree": 0.8717986137173235, "eta": 0.015384417182254875, "gamma": 298.7252418857063, "max_depth": 8.0, "min_child_weight": 4170.931208003433, "num_boost_round": 12.0, "subsample": 0.43499053566788215}, "datetime": {"datetime": "2024-01-20 14:44:49", "elapsed": 1257.464724, "delta": 0.001966}}
