{"target": -12.350874141608811, "params": {"colsample_bytree": 0.40116706114411993, "eta": 0.08252366937447915, "gamma": 498.616628512086, "max_depth": 3.0, "min_child_weight": 4234.416328792023, "num_boost_round": 4.0, "subsample": 0.6756745368331591}, "datetime": {"datetime": "2024-01-20 16:23:49", "elapsed": 7195.682924, "delta": 0.006471}}
{"target": -12.349520068150756, "params": {"colsample_bytree": 0.40116706114411993, "eta": 0.08252366937447915, "gamma": 498.616628512086, "max_depth": 3.0, "min_child_weight": 4234.416328792023, "num_boost_round": 5.0, "subsample": 0.6756745368331591}, "datetime": {"datetime": "2024-01-20 16:23:49", "elapsed": 7195.689276, "delta": 0.006352}}
{"target": -12.347092687161853, "params": {"colsample_bytree": 0.40116706114411993, "eta": 0.08252366937447915, "gamma": 498.616628512086, "max_depth": 3.0, "min_child_weight": 4234.416328792023, "num_boost_round": 6.0, "subsample": 0.6756745368331591}, "datetime": {"datetime": "2024-01-20 16:23:49", "elapsed": 7195.695578, "delta": 0.006302}}
{"target": -12.347766128399421, "params": {"colsample_bytree": 0.40116706114411993, "eta": 0.08252366937447915, "gamma": 498.616628512086, "max_depth": 3.0, "min_child_weight": 4234.416328792023, "num_boost_round": 7.0, "subsample": 0.6756745368331591}, "datetime": {"datetime": "2024-01-20 16:23:49", "elapsed": 7195.701857, "delta": 0.006279}}
{"target": -12.346441887151066, "params": {"colsample_bytree": 0.40116706114411993, "eta": 0.08252366937447915, "gamma": 498.616628512086, "max_depth": 3.0, "min_child_weight": 4234.416328792023, "num_boost_round": 8.0, "subsample": 0.6756745368331591}, "datetime": {"datetime": "2024-01-20 16:23:49", "elapsed": 7195.707996, "delta": 0.006139}}
{"target": -12.34653251618218, "params": {"colsample_bytree": 0.40116706114411993, "eta": 0.08252366937447915, "gamma": 498.616628512086, "max_depth": 3.0, "min_child_weight": 4234.416328792023, "num_boost_round": 9.0, "subsample": 0.6756745368331591}, "datetime": {"datetime": "2024-01-20 16:23:49", "elapsed": 7195.714122, "delta": 0.006126}}
{"target": -12.345797286648885, "params": {"colsample_bytree": 0.40116706114411993, "eta": 0.08252366937447915, "gamma": 498.616628512086, "max_depth": 3.0, "min_child_weight": 4234.416328792023, "num_boost_round": 10.0, "subsample": 0.6756745368331591}, "datetime": {"datetime": "2024-01-20 16:23:49", "elapsed": 7195.720519, "delta": 0.006397}}
{"target": -12.344955473560965, "params": {"colsample_bytree": 0.40116706114411993, "eta": 0.08252366937447915, "gamma": 498.616628512086, "max_depth": 3.0, "min_child_weight": 4234.416328792023, "num_boost_round": 11.0, "subsample": 0.6756745368331591}, "datetime": {"datetime": "2024-01-20 16:23:49", "elapsed": 7195.726785, "delta": 0.006266}}
{"target": -12.344794094990725, "params": {"colsample_bytree": 0.40116706114411993, "eta": 0.08252366937447915, "gamma": 498.616628512086, "max_depth": 3.0, "min_child_weight": 4234.416328792023, "num_boost_round": 12.0, "subsample": 0.6756745368331591}, "datetime": {"datetime": "2024-01-20 16:23:49", "elapsed": 7195.732948, "delta": 0.006163}}
{"target": -12.345352311242037, "params": {"colsample_bytree": 0.40116706114411993, "eta": 0.08252366937447915, "gamma": 498.616628512086, "max_depth": 3.0, "min_child_weight": 4234.416328792023, "num_boost_round": 13.0, "subsample": 0.6756745368331591}, "datetime": {"datetime": "2024-01-20 16:23:49", "elapsed": 7195.739175, "delta": 0.006227}}
{"target": -12.34448490324989, "params": {"colsample_bytree": 0.40116706114411993, "eta": 0.08252366937447915, "gamma": 498.616628512086, "max_depth": 3.0, "min_child_weight": 4234.416328792023, "num_boost_round": 14.0, "subsample": 0.6756745368331591}, "datetime": {"datetime": "2024-01-20 16:23:49", "elapsed": 7195.745352, "delta": 0.006177}}
{"target": -12.343635418497431, "params": {"colsample_bytree": 0.40116706114411993, "eta": 0.08252366937447915, "gamma": 498.616628512086, "max_depth": 3.0, "min_child_weight": 4234.416328792023, "num_boost_round": 15.0, "subsample": 0.6756745368331591}, "datetime": {"datetime": "2024-01-20 16:23:49", "elapsed": 7195.751917, "delta": 0.006565}}
{"target": -12.343364969150745, "params": {"colsample_bytree": 0.40116706114411993, "eta": 0.08252366937447915, "gamma": 498.616628512086, "max_depth": 3.0, "min_child_weight": 4234.416328792023, "num_boost_round": 16.0, "subsample": 0.6756745368331591}, "datetime": {"datetime": "2024-01-20 16:23:49", "elapsed": 7196.091446, "delta": 0.339529}}
{"target": -12.343741045530493, "params": {"colsample_bytree": 0.40116706114411993, "eta": 0.08252366937447915, "gamma": 498.616628512086, "max_depth": 3.0, "min_child_weight": 4234.416328792023, "num_boost_round": 17.0, "subsample": 0.6756745368331591}, "datetime": {"datetime": "2024-01-20 16:23:49", "elapsed": 7196.099074, "delta": 0.007628}}
{"target": -12.343728724360197, "params": {"colsample_bytree": 0.40116706114411993, "eta": 0.08252366937447915, "gamma": 498.616628512086, "max_depth": 3.0, "min_child_weight": 4234.416328792023, "num_boost_round": 18.0, "subsample": 0.6756745368331591}, "datetime": {"datetime": "2024-01-20 16:23:49", "elapsed": 7196.105595, "delta": 0.006521}}
{"target": -12.343684837684725, "params": {"colsample_bytree": 0.40116706114411993, "eta": 0.08252366937447915, "gamma": 498.616628512086, "max_depth": 3.0, "min_child_weight": 4234.416328792023, "num_boost_round": 19.0, "subsample": 0.6756745368331591}, "datetime": {"datetime": "2024-01-20 16:23:49", "elapsed": 7196.112127, "delta": 0.006532}}
{"target": -12.343363418912428, "params": {"colsample_bytree": 0.40116706114411993, "eta": 0.08252366937447915, "gamma": 498.616628512086, "max_depth": 3.0, "min_child_weight": 4234.416328792023, "num_boost_round": 20.0, "subsample": 0.6756745368331591}, "datetime": {"datetime": "2024-01-20 16:23:49", "elapsed": 7196.118548, "delta": 0.006421}}
{"target": -12.344058975404277, "params": {"colsample_bytree": 0.40116706114411993, "eta": 0.08252366937447915, "gamma": 498.616628512086, "max_depth": 3.0, "min_child_weight": 4234.416328792023, "num_boost_round": 21.0, "subsample": 0.6756745368331591}, "datetime": {"datetime": "2024-01-20 16:23:49", "elapsed": 7196.12485, "delta": 0.006302}}
{"target": -12.344617248616345, "params": {"colsample_bytree": 0.40116706114411993, "eta": 0.08252366937447915, "gamma": 498.616628512086, "max_depth": 3.0, "min_child_weight": 4234.416328792023, "num_boost_round": 22.0, "subsample": 0.6756745368331591}, "datetime": {"datetime": "2024-01-20 16:23:49", "elapsed": 7196.131254, "delta": 0.006404}}
{"target": -12.344088865230844, "params": {"colsample_bytree": 0.40116706114411993, "eta": 0.08252366937447915, "gamma": 498.616628512086, "max_depth": 3.0, "min_child_weight": 4234.416328792023, "num_boost_round": 23.0, "subsample": 0.6756745368331591}, "datetime": {"datetime": "2024-01-20 16:23:49", "elapsed": 7196.137684, "delta": 0.00643}}
{"target": -12.344541754214156, "params": {"colsample_bytree": 0.40116706114411993, "eta": 0.08252366937447915, "gamma": 498.616628512086, "max_depth": 3.0, "min_child_weight": 4234.416328792023, "num_boost_round": 24.0, "subsample": 0.6756745368331591}, "datetime": {"datetime": "2024-01-20 16:23:49", "elapsed": 7196.144254, "delta": 0.00657}}
{"target": -12.343704069546547, "params": {"colsample_bytree": 0.40116706114411993, "eta": 0.08252366937447915, "gamma": 498.616628512086, "max_depth": 3.0, "min_child_weight": 4234.416328792023, "num_boost_round": 25.0, "subsample": 0.6756745368331591}, "datetime": {"datetime": "2024-01-20 16:23:49", "elapsed": 7196.150544, "delta": 0.00629}}
{"target": -12.343935444932649, "params": {"colsample_bytree": 0.40116706114411993, "eta": 0.08252366937447915, "gamma": 498.616628512086, "max_depth": 3.0, "min_child_weight": 4234.416328792023, "num_boost_round": 26.0, "subsample": 0.6756745368331591}, "datetime": {"datetime": "2024-01-20 16:23:49", "elapsed": 7196.156878, "delta": 0.006334}}
{"target": -12.344262622429365, "params": {"colsample_bytree": 0.40116706114411993, "eta": 0.08252366937447915, "gamma": 498.616628512086, "max_depth": 3.0, "min_child_weight": 4234.416328792023, "num_boost_round": 27.0, "subsample": 0.6756745368331591}, "datetime": {"datetime": "2024-01-20 16:23:49", "elapsed": 7196.163612, "delta": 0.006734}}
{"target": -12.343679751837698, "params": {"colsample_bytree": 0.40116706114411993, "eta": 0.08252366937447915, "gamma": 498.616628512086, "max_depth": 3.0, "min_child_weight": 4234.416328792023, "num_boost_round": 28.0, "subsample": 0.6756745368331591}, "datetime": {"datetime": "2024-01-20 16:23:49", "elapsed": 7196.170335, "delta": 0.006723}}
{"target": -12.343322029094765, "params": {"colsample_bytree": 0.40116706114411993, "eta": 0.08252366937447915, "gamma": 498.616628512086, "max_depth": 3.0, "min_child_weight": 4234.416328792023, "num_boost_round": 29.0, "subsample": 0.6756745368331591}, "datetime": {"datetime": "2024-01-20 16:23:49", "elapsed": 7196.17696, "delta": 0.006625}}
{"target": -12.343171423271286, "params": {"colsample_bytree": 0.40116706114411993, "eta": 0.08252366937447915, "gamma": 498.616628512086, "max_depth": 3.0, "min_child_weight": 4234.416328792023, "num_boost_round": 30.0, "subsample": 0.6756745368331591}, "datetime": {"datetime": "2024-01-20 16:23:49", "elapsed": 7196.18404, "delta": 0.00708}}
{"target": -12.342400979631556, "params": {"colsample_bytree": 0.40116706114411993, "eta": 0.08252366937447915, "gamma": 498.616628512086, "max_depth": 3.0, "min_child_weight": 4234.416328792023, "num_boost_round": 31.0, "subsample": 0.6756745368331591}, "datetime": {"datetime": "2024-01-20 16:23:49", "elapsed": 7196.190892, "delta": 0.006852}}
{"target": -12.342418047064251, "params": {"colsample_bytree": 0.40116706114411993, "eta": 0.08252366937447915, "gamma": 498.616628512086, "max_depth": 3.0, "min_child_weight": 4234.416328792023, "num_boost_round": 32.0, "subsample": 0.6756745368331591}, "datetime": {"datetime": "2024-01-20 16:23:49", "elapsed": 7196.197653, "delta": 0.006761}}
{"target": -12.34271489149049, "params": {"colsample_bytree": 0.40116706114411993, "eta": 0.08252366937447915, "gamma": 498.616628512086, "max_depth": 3.0, "min_child_weight": 4234.416328792023, "num_boost_round": 33.0, "subsample": 0.6756745368331591}, "datetime": {"datetime": "2024-01-20 16:23:49", "elapsed": 7196.20428, "delta": 0.006627}}
{"target": -12.342713007615494, "params": {"colsample_bytree": 0.40116706114411993, "eta": 0.08252366937447915, "gamma": 498.616628512086, "max_depth": 3.0, "min_child_weight": 4234.416328792023, "num_boost_round": 34.0, "subsample": 0.6756745368331591}, "datetime": {"datetime": "2024-01-20 16:23:49", "elapsed": 7196.210776, "delta": 0.006496}}
{"target": -12.342786846486309, "params": {"colsample_bytree": 0.40116706114411993, "eta": 0.08252366937447915, "gamma": 498.616628512086, "max_depth": 3.0, "min_child_weight": 4234.416328792023, "num_boost_round": 35.0, "subsample": 0.6756745368331591}, "datetime": {"datetime": "2024-01-20 16:23:49", "elapsed": 7196.217314, "delta": 0.006538}}
{"target": -12.343088267590065, "params": {"colsample_bytree": 0.40116706114411993, "eta": 0.08252366937447915, "gamma": 498.616628512086, "max_depth": 3.0, "min_child_weight": 4234.416328792023, "num_boost_round": 36.0, "subsample": 0.6756745368331591}, "datetime": {"datetime": "2024-01-20 16:23:49", "elapsed": 7196.223893, "delta": 0.006579}}
{"target": -12.343279572640498, "params": {"colsample_bytree": 0.40116706114411993, "eta": 0.08252366937447915, "gamma": 498.616628512086, "max_depth": 3.0, "min_child_weight": 4234.416328792023, "num_boost_round": 37.0, "subsample": 0.6756745368331591}, "datetime": {"datetime": "2024-01-20 16:23:49", "elapsed": 7196.230418, "delta": 0.006525}}
{"target": -12.343420351444212, "params": {"colsample_bytree": 0.40116706114411993, "eta": 0.08252366937447915, "gamma": 498.616628512086, "max_depth": 3.0, "min_child_weight": 4234.416328792023, "num_boost_round": 38.0, "subsample": 0.6756745368331591}, "datetime": {"datetime": "2024-01-20 16:23:49", "elapsed": 7196.238312, "delta": 0.007894}}
{"target": -12.343980492772385, "params": {"colsample_bytree": 0.40116706114411993, "eta": 0.08252366937447915, "gamma": 498.616628512086, "max_depth": 3.0, "min_child_weight": 4234.416328792023, "num_boost_round": 39.0, "subsample": 0.6756745368331591}, "datetime": {"datetime": "2024-01-20 16:23:49", "elapsed": 7196.250239, "delta": 0.011927}}
{"target": -12.343755070126278, "params": {"colsample_bytree": 0.40116706114411993, "eta": 0.08252366937447915, "gamma": 498.616628512086, "max_depth": 3.0, "min_child_weight": 4234.416328792023, "num_boost_round": 40.0, "subsample": 0.6756745368331591}, "datetime": {"datetime": "2024-01-20 16:23:49", "elapsed": 7196.260606, "delta": 0.010367}}
{"target": -12.343599288247319, "params": {"colsample_bytree": 0.40116706114411993, "eta": 0.08252366937447915, "gamma": 498.616628512086, "max_depth": 3.0, "min_child_weight": 4234.416328792023, "num_boost_round": 41.0, "subsample": 0.6756745368331591}, "datetime": {"datetime": "2024-01-20 16:23:49", "elapsed": 7196.26878, "delta": 0.008174}}
{"target": -12.343535460807956, "params": {"colsample_bytree": 0.40116706114411993, "eta": 0.08252366937447915, "gamma": 498.616628512086, "max_depth": 3.0, "min_child_weight": 4234.416328792023, "num_boost_round": 42.0, "subsample": 0.6756745368331591}, "datetime": {"datetime": "2024-01-20 16:23:50", "elapsed": 7196.277371, "delta": 0.008591}}
{"target": -12.343638581865036, "params": {"colsample_bytree": 0.40116706114411993, "eta": 0.08252366937447915, "gamma": 498.616628512086, "max_depth": 3.0, "min_child_weight": 4234.416328792023, "num_boost_round": 43.0, "subsample": 0.6756745368331591}, "datetime": {"datetime": "2024-01-20 16:23:50", "elapsed": 7196.28474, "delta": 0.007369}}
{"target": -12.343803228636766, "params": {"colsample_bytree": 0.40116706114411993, "eta": 0.08252366937447915, "gamma": 498.616628512086, "max_depth": 3.0, "min_child_weight": 4234.416328792023, "num_boost_round": 44.0, "subsample": 0.6756745368331591}, "datetime": {"datetime": "2024-01-20 16:23:50", "elapsed": 7196.291489, "delta": 0.006749}}
{"target": -12.343973691857752, "params": {"colsample_bytree": 0.40116706114411993, "eta": 0.08252366937447915, "gamma": 498.616628512086, "max_depth": 3.0, "min_child_weight": 4234.416328792023, "num_boost_round": 45.0, "subsample": 0.6756745368331591}, "datetime": {"datetime": "2024-01-20 16:23:50", "elapsed": 7196.298343, "delta": 0.006854}}
{"target": -12.344213987750381, "params": {"colsample_bytree": 0.40116706114411993, "eta": 0.08252366937447915, "gamma": 498.616628512086, "max_depth": 3.0, "min_child_weight": 4234.416328792023, "num_boost_round": 46.0, "subsample": 0.6756745368331591}, "datetime": {"datetime": "2024-01-20 16:23:50", "elapsed": 7196.305257, "delta": 0.006914}}
{"target": -12.344325086245558, "params": {"colsample_bytree": 0.40116706114411993, "eta": 0.08252366937447915, "gamma": 498.616628512086, "max_depth": 3.0, "min_child_weight": 4234.416328792023, "num_boost_round": 47.0, "subsample": 0.6756745368331591}, "datetime": {"datetime": "2024-01-20 16:23:50", "elapsed": 7196.31199, "delta": 0.006733}}
{"target": -12.344536991602666, "params": {"colsample_bytree": 0.40116706114411993, "eta": 0.08252366937447915, "gamma": 498.616628512086, "max_depth": 3.0, "min_child_weight": 4234.416328792023, "num_boost_round": 48.0, "subsample": 0.6756745368331591}, "datetime": {"datetime": "2024-01-20 16:23:50", "elapsed": 7196.318676, "delta": 0.006686}}
{"target": -12.34479333466889, "params": {"colsample_bytree": 0.40116706114411993, "eta": 0.08252366937447915, "gamma": 498.616628512086, "max_depth": 3.0, "min_child_weight": 4234.416328792023, "num_boost_round": 49.0, "subsample": 0.6756745368331591}, "datetime": {"datetime": "2024-01-20 16:23:50", "elapsed": 7196.325468, "delta": 0.006792}}
{"target": -12.344760650945048, "params": {"colsample_bytree": 0.40116706114411993, "eta": 0.08252366937447915, "gamma": 498.616628512086, "max_depth": 3.0, "min_child_weight": 4234.416328792023, "num_boost_round": 50.0, "subsample": 0.6756745368331591}, "datetime": {"datetime": "2024-01-20 16:23:50", "elapsed": 7196.332258, "delta": 0.00679}}
{"target": -12.344749592249562, "params": {"colsample_bytree": 0.40116706114411993, "eta": 0.08252366937447915, "gamma": 498.616628512086, "max_depth": 3.0, "min_child_weight": 4234.416328792023, "num_boost_round": 51.0, "subsample": 0.6756745368331591}, "datetime": {"datetime": "2024-01-20 16:23:50", "elapsed": 7196.339583, "delta": 0.007325}}
{"target": -12.34484373089283, "params": {"colsample_bytree": 0.40116706114411993, "eta": 0.08252366937447915, "gamma": 498.616628512086, "max_depth": 3.0, "min_child_weight": 4234.416328792023, "num_boost_round": 52.0, "subsample": 0.6756745368331591}, "datetime": {"datetime": "2024-01-20 16:23:50", "elapsed": 7196.346902, "delta": 0.007319}}
{"target": -12.344455672092522, "params": {"colsample_bytree": 0.40116706114411993, "eta": 0.08252366937447915, "gamma": 498.616628512086, "max_depth": 3.0, "min_child_weight": 4234.416328792023, "num_boost_round": 53.0, "subsample": 0.6756745368331591}, "datetime": {"datetime": "2024-01-20 16:23:50", "elapsed": 7196.355075, "delta": 0.008173}}
{"target": -12.344481902666963, "params": {"colsample_bytree": 0.40116706114411993, "eta": 0.08252366937447915, "gamma": 498.616628512086, "max_depth": 3.0, "min_child_weight": 4234.416328792023, "num_boost_round": 54.0, "subsample": 0.6756745368331591}, "datetime": {"datetime": "2024-01-20 16:23:50", "elapsed": 7196.365909, "delta": 0.010834}}
{"target": -12.344538257144617, "params": {"colsample_bytree": 0.40116706114411993, "eta": 0.08252366937447915, "gamma": 498.616628512086, "max_depth": 3.0, "min_child_weight": 4234.416328792023, "num_boost_round": 55.0, "subsample": 0.6756745368331591}, "datetime": {"datetime": "2024-01-20 16:23:50", "elapsed": 7196.376428, "delta": 0.010519}}
{"target": -12.344411909864952, "params": {"colsample_bytree": 0.40116706114411993, "eta": 0.08252366937447915, "gamma": 498.616628512086, "max_depth": 3.0, "min_child_weight": 4234.416328792023, "num_boost_round": 56.0, "subsample": 0.6756745368331591}, "datetime": {"datetime": "2024-01-20 16:23:50", "elapsed": 7196.384026, "delta": 0.007598}}
{"target": -12.344654185606675, "params": {"colsample_bytree": 0.40116706114411993, "eta": 0.08252366937447915, "gamma": 498.616628512086, "max_depth": 3.0, "min_child_weight": 4234.416328792023, "num_boost_round": 57.0, "subsample": 0.6756745368331591}, "datetime": {"datetime": "2024-01-20 16:23:50", "elapsed": 7196.390997, "delta": 0.006971}}
{"target": -12.344729259365078, "params": {"colsample_bytree": 0.40116706114411993, "eta": 0.08252366937447915, "gamma": 498.616628512086, "max_depth": 3.0, "min_child_weight": 4234.416328792023, "num_boost_round": 58.0, "subsample": 0.6756745368331591}, "datetime": {"datetime": "2024-01-20 16:23:50", "elapsed": 7196.397698, "delta": 0.006701}}
{"target": -12.344606507349408, "params": {"colsample_bytree": 0.40116706114411993, "eta": 0.08252366937447915, "gamma": 498.616628512086, "max_depth": 3.0, "min_child_weight": 4234.416328792023, "num_boost_round": 59.0, "subsample": 0.6756745368331591}, "datetime": {"datetime": "2024-01-20 16:23:50", "elapsed": 7196.404164, "delta": 0.006466}}
{"target": -12.344780863203864, "params": {"colsample_bytree": 0.40116706114411993, "eta": 0.08252366937447915, "gamma": 498.616628512086, "max_depth": 3.0, "min_child_weight": 4234.416328792023, "num_boost_round": 60.0, "subsample": 0.6756745368331591}, "datetime": {"datetime": "2024-01-20 16:23:50", "elapsed": 7196.410559, "delta": 0.006395}}
{"target": -12.34489289872864, "params": {"colsample_bytree": 0.40116706114411993, "eta": 0.08252366937447915, "gamma": 498.616628512086, "max_depth": 3.0, "min_child_weight": 4234.416328792023, "num_boost_round": 61.0, "subsample": 0.6756745368331591}, "datetime": {"datetime": "2024-01-20 16:23:50", "elapsed": 7196.416919, "delta": 0.00636}}
{"target": -12.3449942177531, "params": {"colsample_bytree": 0.40116706114411993, "eta": 0.08252366937447915, "gamma": 498.616628512086, "max_depth": 3.0, "min_child_weight": 4234.416328792023, "num_boost_round": 62.0, "subsample": 0.6756745368331591}, "datetime": {"datetime": "2024-01-20 16:23:50", "elapsed": 7196.42328, "delta": 0.006361}}
{"target": -12.35707010650766, "params": {"colsample_bytree": 0.877055220739123, "eta": 0.027389357598025084, "gamma": 653.0603969973812, "max_depth": 3.0, "min_child_weight": 4249.98949549415, "num_boost_round": 1.0, "subsample": 0.535866382709606}, "datetime": {"datetime": "2024-01-20 16:25:55", "elapsed": 7322.059917, "delta": 125.636637}}
{"target": -12.355616192710258, "params": {"colsample_bytree": 0.877055220739123, "eta": 0.027389357598025084, "gamma": 653.0603969973812, "max_depth": 3.0, "min_child_weight": 4249.98949549415, "num_boost_round": 2.0, "subsample": 0.535866382709606}, "datetime": {"datetime": "2024-01-20 16:25:55", "elapsed": 7322.071692, "delta": 0.011775}}
{"target": -12.354172686281103, "params": {"colsample_bytree": 0.877055220739123, "eta": 0.027389357598025084, "gamma": 653.0603969973812, "max_depth": 3.0, "min_child_weight": 4249.98949549415, "num_boost_round": 3.0, "subsample": 0.535866382709606}, "datetime": {"datetime": "2024-01-20 16:25:55", "elapsed": 7322.081852, "delta": 0.01016}}
{"target": -12.352938318361787, "params": {"colsample_bytree": 0.877055220739123, "eta": 0.027389357598025084, "gamma": 653.0603969973812, "max_depth": 3.0, "min_child_weight": 4249.98949549415, "num_boost_round": 4.0, "subsample": 0.535866382709606}, "datetime": {"datetime": "2024-01-20 16:25:55", "elapsed": 7322.090068, "delta": 0.008216}}
