{"target": -12.348902781501998, "params": {"colsample_bytree": 0.24397747940982262, "eta": 0.07865784560078493, "gamma": 578.6515844979787, "max_depth": 3.0, "min_child_weight": 4188.389151707304, "num_boost_round": 19.0, "subsample": 0.16910211052454488}, "datetime": {"datetime": "2024-01-20 15:02:36", "elapsed": 2322.611827, "delta": 0.003297}}
{"target": -12.348862629948815, "params": {"colsample_bytree": 0.24397747940982262, "eta": 0.07865784560078493, "gamma": 578.6515844979787, "max_depth": 3.0, "min_child_weight": 4188.389151707304, "num_boost_round": 20.0, "subsample": 0.16910211052454488}, "datetime": {"datetime": "2024-01-20 15:02:36", "elapsed": 2322.615125, "delta": 0.003298}}
{"target": -12.349000863068927, "params": {"colsample_bytree": 0.24397747940982262, "eta": 0.07865784560078493, "gamma": 578.6515844979787, "max_depth": 3.0, "min_child_weight": 4188.389151707304, "num_boost_round": 21.0, "subsample": 0.16910211052454488}, "datetime": {"datetime": "2024-01-20 15:02:36", "elapsed": 2322.618672, "delta": 0.003547}}
{"target": -12.349029441669838, "params": {"colsample_bytree": 0.24397747940982262, "eta": 0.07865784560078493, "gamma": 578.6515844979787, "max_depth": 3.0, "min_child_weight": 4188.389151707304, "num_boost_round": 22.0, "subsample": 0.16910211052454488}, "datetime": {"datetime": "2024-01-20 15:02:36", "elapsed": 2322.622258, "delta": 0.003586}}
{"target": -12.348865525441973, "params": {"colsample_bytree": 0.24397747940982262, "eta": 0.07865784560078493, "gamma": 578.6515844979787, "max_depth": 3.0, "min_child_weight": 4188.389151707304, "num_boost_round": 23.0, "subsample": 0.16910211052454488}, "datetime": {"datetime": "2024-01-20 15:02:36", "elapsed": 2322.630619, "delta": 0.008361}}
{"target": -12.349247696011684, "params": {"colsample_bytree": 0.24397747940982262, "eta": 0.07865784560078493, "gamma": 578.6515844979787, "max_depth": 3.0, "min_child_weight": 4188.389151707304, "num_boost_round": 24.0, "subsample": 0.16910211052454488}, "datetime": {"datetime": "2024-01-20 15:02:36", "elapsed": 2322.633943, "delta": 0.003324}}
{"target": -12.347983511150101, "params": {"colsample_bytree": 0.24397747940982262, "eta": 0.07865784560078493, "gamma": 578.6515844979787, "max_depth": 3.0, "min_child_weight": 4188.389151707304, "num_boost_round": 25.0, "subsample": 0.16910211052454488}, "datetime": {"datetime": "2024-01-20 15:02:36", "elapsed": 2322.637308, "delta": 0.003365}}
{"target": -12.348012753421871, "params": {"colsample_bytree": 0.24397747940982262, "eta": 0.07865784560078493, "gamma": 578.6515844979787, "max_depth": 3.0, "min_child_weight": 4188.389151707304, "num_boost_round": 26.0, "subsample": 0.16910211052454488}, "datetime": {"datetime": "2024-01-20 15:02:36", "elapsed": 2322.640749, "delta": 0.003441}}
{"target": -12.348207132465173, "params": {"colsample_bytree": 0.24397747940982262, "eta": 0.07865784560078493, "gamma": 578.6515844979787, "max_depth": 3.0, "min_child_weight": 4188.389151707304, "num_boost_round": 27.0, "subsample": 0.16910211052454488}, "datetime": {"datetime": "2024-01-20 15:02:36", "elapsed": 2322.644134, "delta": 0.003385}}
{"target": -12.34812055827782, "params": {"colsample_bytree": 0.24397747940982262, "eta": 0.07865784560078493, "gamma": 578.6515844979787, "max_depth": 3.0, "min_child_weight": 4188.389151707304, "num_boost_round": 28.0, "subsample": 0.16910211052454488}, "datetime": {"datetime": "2024-01-20 15:02:36", "elapsed": 2322.647537, "delta": 0.003403}}
{"target": -12.348103354392602, "params": {"colsample_bytree": 0.24397747940982262, "eta": 0.07865784560078493, "gamma": 578.6515844979787, "max_depth": 3.0, "min_child_weight": 4188.389151707304, "num_boost_round": 29.0, "subsample": 0.16910211052454488}, "datetime": {"datetime": "2024-01-20 15:02:36", "elapsed": 2322.650894, "delta": 0.003357}}
{"target": -12.347461642048067, "params": {"colsample_bytree": 0.24397747940982262, "eta": 0.07865784560078493, "gamma": 578.6515844979787, "max_depth": 3.0, "min_child_weight": 4188.389151707304, "num_boost_round": 30.0, "subsample": 0.16910211052454488}, "datetime": {"datetime": "2024-01-20 15:02:36", "elapsed": 2322.654186, "delta": 0.003292}}
{"target": -12.346791378812771, "params": {"colsample_bytree": 0.24397747940982262, "eta": 0.07865784560078493, "gamma": 578.6515844979787, "max_depth": 3.0, "min_child_weight": 4188.389151707304, "num_boost_round": 31.0, "subsample": 0.16910211052454488}, "datetime": {"datetime": "2024-01-20 15:02:36", "elapsed": 2322.657488, "delta": 0.003302}}
{"target": -12.347160265792454, "params": {"colsample_bytree": 0.24397747940982262, "eta": 0.07865784560078493, "gamma": 578.6515844979787, "max_depth": 3.0, "min_child_weight": 4188.389151707304, "num_boost_round": 32.0, "subsample": 0.16910211052454488}, "datetime": {"datetime": "2024-01-20 15:02:36", "elapsed": 2322.660916, "delta": 0.003428}}
{"target": -12.347549685308993, "params": {"colsample_bytree": 0.24397747940982262, "eta": 0.07865784560078493, "gamma": 578.6515844979787, "max_depth": 3.0, "min_child_weight": 4188.389151707304, "num_boost_round": 33.0, "subsample": 0.16910211052454488}, "datetime": {"datetime": "2024-01-20 15:02:36", "elapsed": 2322.664333, "delta": 0.003417}}
{"target": -12.347634983727563, "params": {"colsample_bytree": 0.24397747940982262, "eta": 0.07865784560078493, "gamma": 578.6515844979787, "max_depth": 3.0, "min_child_weight": 4188.389151707304, "num_boost_round": 34.0, "subsample": 0.16910211052454488}, "datetime": {"datetime": "2024-01-20 15:02:36", "elapsed": 2322.667798, "delta": 0.003465}}
{"target": -12.347733191756507, "params": {"colsample_bytree": 0.24397747940982262, "eta": 0.07865784560078493, "gamma": 578.6515844979787, "max_depth": 3.0, "min_child_weight": 4188.389151707304, "num_boost_round": 35.0, "subsample": 0.16910211052454488}, "datetime": {"datetime": "2024-01-20 15:02:36", "elapsed": 2322.67118, "delta": 0.003382}}
{"target": -12.347826620909867, "params": {"colsample_bytree": 0.24397747940982262, "eta": 0.07865784560078493, "gamma": 578.6515844979787, "max_depth": 3.0, "min_child_weight": 4188.389151707304, "num_boost_round": 36.0, "subsample": 0.16910211052454488}, "datetime": {"datetime": "2024-01-20 15:02:36", "elapsed": 2322.674533, "delta": 0.003353}}
{"target": -12.348107571974118, "params": {"colsample_bytree": 0.24397747940982262, "eta": 0.07865784560078493, "gamma": 578.6515844979787, "max_depth": 3.0, "min_child_weight": 4188.389151707304, "num_boost_round": 37.0, "subsample": 0.16910211052454488}, "datetime": {"datetime": "2024-01-20 15:02:36", "elapsed": 2322.677841, "delta": 0.003308}}
{"target": -12.347597985312376, "params": {"colsample_bytree": 0.24397747940982262, "eta": 0.07865784560078493, "gamma": 578.6515844979787, "max_depth": 3.0, "min_child_weight": 4188.389151707304, "num_boost_round": 38.0, "subsample": 0.16910211052454488}, "datetime": {"datetime": "2024-01-20 15:02:36", "elapsed": 2322.681311, "delta": 0.00347}}
{"target": -12.347381401893836, "params": {"colsample_bytree": 0.24397747940982262, "eta": 0.07865784560078493, "gamma": 578.6515844979787, "max_depth": 3.0, "min_child_weight": 4188.389151707304, "num_boost_round": 39.0, "subsample": 0.16910211052454488}, "datetime": {"datetime": "2024-01-20 15:02:36", "elapsed": 2322.684691, "delta": 0.00338}}
{"target": -12.347260651753114, "params": {"colsample_bytree": 0.24397747940982262, "eta": 0.07865784560078493, "gamma": 578.6515844979787, "max_depth": 3.0, "min_child_weight": 4188.389151707304, "num_boost_round": 40.0, "subsample": 0.16910211052454488}, "datetime": {"datetime": "2024-01-20 15:02:36", "elapsed": 2322.688546, "delta": 0.003855}}
{"target": -12.34672818623957, "params": {"colsample_bytree": 0.24397747940982262, "eta": 0.07865784560078493, "gamma": 578.6515844979787, "max_depth": 3.0, "min_child_weight": 4188.389151707304, "num_boost_round": 41.0, "subsample": 0.16910211052454488}, "datetime": {"datetime": "2024-01-20 15:02:36", "elapsed": 2322.692003, "delta": 0.003457}}
{"target": -12.346115394291761, "params": {"colsample_bytree": 0.24397747940982262, "eta": 0.07865784560078493, "gamma": 578.6515844979787, "max_depth": 3.0, "min_child_weight": 4188.389151707304, "num_boost_round": 42.0, "subsample": 0.16910211052454488}, "datetime": {"datetime": "2024-01-20 15:02:36", "elapsed": 2322.695407, "delta": 0.003404}}
{"target": -12.346015389697733, "params": {"colsample_bytree": 0.24397747940982262, "eta": 0.07865784560078493, "gamma": 578.6515844979787, "max_depth": 3.0, "min_child_weight": 4188.389151707304, "num_boost_round": 43.0, "subsample": 0.16910211052454488}, "datetime": {"datetime": "2024-01-20 15:02:36", "elapsed": 2322.699016, "delta": 0.003609}}
{"target": -12.356447354842816, "params": {"colsample_bytree": 0.5174589919391027, "eta": 0.08660010010724103, "gamma": 547.4614271319766, "max_depth": 8.0, "min_child_weight": 4257.697488721959, "num_boost_round": 1.0, "subsample": 0.7856578596548817}, "datetime": {"datetime": "2024-01-20 15:03:48", "elapsed": 2394.583435, "delta": 71.884419}}
{"target": -12.354915751254975, "params": {"colsample_bytree": 0.5174589919391027, "eta": 0.08660010010724103, "gamma": 547.4614271319766, "max_depth": 8.0, "min_child_weight": 4257.697488721959, "num_boost_round": 2.0, "subsample": 0.7856578596548817}, "datetime": {"datetime": "2024-01-20 15:03:48", "elapsed": 2394.588063, "delta": 0.004628}}
{"target": -12.35042615846006, "params": {"colsample_bytree": 0.5174589919391027, "eta": 0.08660010010724103, "gamma": 547.4614271319766, "max_depth": 8.0, "min_child_weight": 4257.697488721959, "num_boost_round": 3.0, "subsample": 0.7856578596548817}, "datetime": {"datetime": "2024-01-20 15:03:48", "elapsed": 2394.591526, "delta": 0.003463}}
{"target": -12.350849705143904, "params": {"colsample_bytree": 0.5174589919391027, "eta": 0.08660010010724103, "gamma": 547.4614271319766, "max_depth": 8.0, "min_child_weight": 4257.697488721959, "num_boost_round": 4.0, "subsample": 0.7856578596548817}, "datetime": {"datetime": "2024-01-20 15:03:48", "elapsed": 2394.594932, "delta": 0.003406}}
{"target": -12.347911155253257, "params": {"colsample_bytree": 0.5174589919391027, "eta": 0.08660010010724103, "gamma": 547.4614271319766, "max_depth": 8.0, "min_child_weight": 4257.697488721959, "num_boost_round": 5.0, "subsample": 0.7856578596548817}, "datetime": {"datetime": "2024-01-20 15:03:48", "elapsed": 2394.598429, "delta": 0.003497}}
{"target": -12.346421580369245, "params": {"colsample_bytree": 0.5174589919391027, "eta": 0.08660010010724103, "gamma": 547.4614271319766, "max_depth": 8.0, "min_child_weight": 4257.697488721959, "num_boost_round": 6.0, "subsample": 0.7856578596548817}, "datetime": {"datetime": "2024-01-20 15:03:48", "elapsed": 2394.60193, "delta": 0.003501}}
{"target": -12.3457268232115, "params": {"colsample_bytree": 0.5174589919391027, "eta": 0.08660010010724103, "gamma": 547.4614271319766, "max_depth": 8.0, "min_child_weight": 4257.697488721959, "num_boost_round": 7.0, "subsample": 0.7856578596548817}, "datetime": {"datetime": "2024-01-20 15:03:48", "elapsed": 2394.605303, "delta": 0.003373}}
{"target": -12.34501746534621, "params": {"colsample_bytree": 0.5174589919391027, "eta": 0.08660010010724103, "gamma": 547.4614271319766, "max_depth": 8.0, "min_child_weight": 4257.697488721959, "num_boost_round": 8.0, "subsample": 0.7856578596548817}, "datetime": {"datetime": "2024-01-20 15:03:48", "elapsed": 2394.923526, "delta": 0.318223}}
{"target": -12.34556076055417, "params": {"colsample_bytree": 0.5174589919391027, "eta": 0.08660010010724103, "gamma": 547.4614271319766, "max_depth": 8.0, "min_child_weight": 4257.697488721959, "num_boost_round": 9.0, "subsample": 0.7856578596548817}, "datetime": {"datetime": "2024-01-20 15:03:48", "elapsed": 2394.927791, "delta": 0.004265}}
{"target": -12.345961648045439, "params": {"colsample_bytree": 0.5174589919391027, "eta": 0.08660010010724103, "gamma": 547.4614271319766, "max_depth": 8.0, "min_child_weight": 4257.697488721959, "num_boost_round": 10.0, "subsample": 0.7856578596548817}, "datetime": {"datetime": "2024-01-20 15:03:48", "elapsed": 2394.931775, "delta": 0.003984}}
{"target": -12.345025759663418, "params": {"colsample_bytree": 0.5174589919391027, "eta": 0.08660010010724103, "gamma": 547.4614271319766, "max_depth": 8.0, "min_child_weight": 4257.697488721959, "num_boost_round": 11.0, "subsample": 0.7856578596548817}, "datetime": {"datetime": "2024-01-20 15:03:48", "elapsed": 2394.935456, "delta": 0.003681}}
{"target": -12.344939871485803, "params": {"colsample_bytree": 0.5174589919391027, "eta": 0.08660010010724103, "gamma": 547.4614271319766, "max_depth": 8.0, "min_child_weight": 4257.697488721959, "num_boost_round": 12.0, "subsample": 0.7856578596548817}, "datetime": {"datetime": "2024-01-20 15:03:48", "elapsed": 2394.939055, "delta": 0.003599}}
{"target": -12.345457874095306, "params": {"colsample_bytree": 0.5174589919391027, "eta": 0.08660010010724103, "gamma": 547.4614271319766, "max_depth": 8.0, "min_child_weight": 4257.697488721959, "num_boost_round": 13.0, "subsample": 0.7856578596548817}, "datetime": {"datetime": "2024-01-20 15:03:48", "elapsed": 2394.942717, "delta": 0.003662}}
{"target": -12.34556114098921, "params": {"colsample_bytree": 0.5174589919391027, "eta": 0.08660010010724103, "gamma": 547.4614271319766, "max_depth": 8.0, "min_child_weight": 4257.697488721959, "num_boost_round": 14.0, "subsample": 0.7856578596548817}, "datetime": {"datetime": "2024-01-20 15:03:48", "elapsed": 2394.946323, "delta": 0.003606}}
{"target": -12.344567728303579, "params": {"colsample_bytree": 0.5174589919391027, "eta": 0.08660010010724103, "gamma": 547.4614271319766, "max_depth": 8.0, "min_child_weight": 4257.697488721959, "num_boost_round": 15.0, "subsample": 0.7856578596548817}, "datetime": {"datetime": "2024-01-20 15:03:48", "elapsed": 2394.949934, "delta": 0.003611}}
{"target": -12.344714838171132, "params": {"colsample_bytree": 0.5174589919391027, "eta": 0.08660010010724103, "gamma": 547.4614271319766, "max_depth": 8.0, "min_child_weight": 4257.697488721959, "num_boost_round": 16.0, "subsample": 0.7856578596548817}, "datetime": {"datetime": "2024-01-20 15:03:48", "elapsed": 2394.953552, "delta": 0.003618}}
{"target": -12.345091080344726, "params": {"colsample_bytree": 0.5174589919391027, "eta": 0.08660010010724103, "gamma": 547.4614271319766, "max_depth": 8.0, "min_child_weight": 4257.697488721959, "num_boost_round": 17.0, "subsample": 0.7856578596548817}, "datetime": {"datetime": "2024-01-20 15:03:48", "elapsed": 2394.957164, "delta": 0.003612}}
{"target": -12.344680500196812, "params": {"colsample_bytree": 0.5174589919391027, "eta": 0.08660010010724103, "gamma": 547.4614271319766, "max_depth": 8.0, "min_child_weight": 4257.697488721959, "num_boost_round": 18.0, "subsample": 0.7856578596548817}, "datetime": {"datetime": "2024-01-20 15:03:48", "elapsed": 2394.960904, "delta": 0.00374}}
{"target": -12.344810305177237, "params": {"colsample_bytree": 0.5174589919391027, "eta": 0.08660010010724103, "gamma": 547.4614271319766, "max_depth": 8.0, "min_child_weight": 4257.697488721959, "num_boost_round": 19.0, "subsample": 0.7856578596548817}, "datetime": {"datetime": "2024-01-20 15:03:48", "elapsed": 2394.964488, "delta": 0.003584}}
{"target": -12.345639628306252, "params": {"colsample_bytree": 0.5174589919391027, "eta": 0.08660010010724103, "gamma": 547.4614271319766, "max_depth": 8.0, "min_child_weight": 4257.697488721959, "num_boost_round": 20.0, "subsample": 0.7856578596548817}, "datetime": {"datetime": "2024-01-20 15:03:48", "elapsed": 2394.968106, "delta": 0.003618}}
{"target": -12.346779928827042, "params": {"colsample_bytree": 0.5174589919391027, "eta": 0.08660010010724103, "gamma": 547.4614271319766, "max_depth": 8.0, "min_child_weight": 4257.697488721959, "num_boost_round": 21.0, "subsample": 0.7856578596548817}, "datetime": {"datetime": "2024-01-20 15:03:48", "elapsed": 2394.971832, "delta": 0.003726}}
{"target": -12.347579590183893, "params": {"colsample_bytree": 0.5174589919391027, "eta": 0.08660010010724103, "gamma": 547.4614271319766, "max_depth": 8.0, "min_child_weight": 4257.697488721959, "num_boost_round": 22.0, "subsample": 0.7856578596548817}, "datetime": {"datetime": "2024-01-20 15:03:48", "elapsed": 2394.975461, "delta": 0.003629}}
{"target": -12.348252255005743, "params": {"colsample_bytree": 0.5174589919391027, "eta": 0.08660010010724103, "gamma": 547.4614271319766, "max_depth": 8.0, "min_child_weight": 4257.697488721959, "num_boost_round": 23.0, "subsample": 0.7856578596548817}, "datetime": {"datetime": "2024-01-20 15:03:48", "elapsed": 2394.979084, "delta": 0.003623}}
{"target": -12.3488470417506, "params": {"colsample_bytree": 0.5174589919391027, "eta": 0.08660010010724103, "gamma": 547.4614271319766, "max_depth": 8.0, "min_child_weight": 4257.697488721959, "num_boost_round": 24.0, "subsample": 0.7856578596548817}, "datetime": {"datetime": "2024-01-20 15:03:48", "elapsed": 2394.982702, "delta": 0.003618}}
{"target": -12.349075708212435, "params": {"colsample_bytree": 0.5174589919391027, "eta": 0.08660010010724103, "gamma": 547.4614271319766, "max_depth": 8.0, "min_child_weight": 4257.697488721959, "num_boost_round": 25.0, "subsample": 0.7856578596548817}, "datetime": {"datetime": "2024-01-20 15:03:48", "elapsed": 2394.986411, "delta": 0.003709}}
{"target": -12.35021401397131, "params": {"colsample_bytree": 0.5174589919391027, "eta": 0.08660010010724103, "gamma": 547.4614271319766, "max_depth": 8.0, "min_child_weight": 4257.697488721959, "num_boost_round": 26.0, "subsample": 0.7856578596548817}, "datetime": {"datetime": "2024-01-20 15:03:48", "elapsed": 2394.990045, "delta": 0.003634}}
{"target": -12.350805783259492, "params": {"colsample_bytree": 0.5174589919391027, "eta": 0.08660010010724103, "gamma": 547.4614271319766, "max_depth": 8.0, "min_child_weight": 4257.697488721959, "num_boost_round": 27.0, "subsample": 0.7856578596548817}, "datetime": {"datetime": "2024-01-20 15:03:48", "elapsed": 2394.993629, "delta": 0.003584}}
{"target": -12.350515284621135, "params": {"colsample_bytree": 0.5174589919391027, "eta": 0.08660010010724103, "gamma": 547.4614271319766, "max_depth": 8.0, "min_child_weight": 4257.697488721959, "num_boost_round": 28.0, "subsample": 0.7856578596548817}, "datetime": {"datetime": "2024-01-20 15:03:48", "elapsed": 2394.99725, "delta": 0.003621}}
{"target": -12.35066131362979, "params": {"colsample_bytree": 0.5174589919391027, "eta": 0.08660010010724103, "gamma": 547.4614271319766, "max_depth": 8.0, "min_child_weight": 4257.697488721959, "num_boost_round": 29.0, "subsample": 0.7856578596548817}, "datetime": {"datetime": "2024-01-20 15:03:48", "elapsed": 2395.000854, "delta": 0.003604}}
{"target": -12.35064394400315, "params": {"colsample_bytree": 0.5174589919391027, "eta": 0.08660010010724103, "gamma": 547.4614271319766, "max_depth": 8.0, "min_child_weight": 4257.697488721959, "num_boost_round": 30.0, "subsample": 0.7856578596548817}, "datetime": {"datetime": "2024-01-20 15:03:48", "elapsed": 2395.004629, "delta": 0.003775}}
{"target": -12.351105538277192, "params": {"colsample_bytree": 0.5174589919391027, "eta": 0.08660010010724103, "gamma": 547.4614271319766, "max_depth": 8.0, "min_child_weight": 4257.697488721959, "num_boost_round": 31.0, "subsample": 0.7856578596548817}, "datetime": {"datetime": "2024-01-20 15:03:48", "elapsed": 2395.00825, "delta": 0.003621}}
{"target": -12.351335079687095, "params": {"colsample_bytree": 0.5174589919391027, "eta": 0.08660010010724103, "gamma": 547.4614271319766, "max_depth": 8.0, "min_child_weight": 4257.697488721959, "num_boost_round": 32.0, "subsample": 0.7856578596548817}, "datetime": {"datetime": "2024-01-20 15:03:48", "elapsed": 2395.011866, "delta": 0.003616}}
{"target": -12.351266157059255, "params": {"colsample_bytree": 0.5174589919391027, "eta": 0.08660010010724103, "gamma": 547.4614271319766, "max_depth": 8.0, "min_child_weight": 4257.697488721959, "num_boost_round": 33.0, "subsample": 0.7856578596548817}, "datetime": {"datetime": "2024-01-20 15:03:48", "elapsed": 2395.015932, "delta": 0.004066}}
{"target": -12.35197440686624, "params": {"colsample_bytree": 0.5174589919391027, "eta": 0.08660010010724103, "gamma": 547.4614271319766, "max_depth": 8.0, "min_child_weight": 4257.697488721959, "num_boost_round": 34.0, "subsample": 0.7856578596548817}, "datetime": {"datetime": "2024-01-20 15:03:48", "elapsed": 2395.019702, "delta": 0.00377}}
{"target": -12.352250296208025, "params": {"colsample_bytree": 0.5174589919391027, "eta": 0.08660010010724103, "gamma": 547.4614271319766, "max_depth": 8.0, "min_child_weight": 4257.697488721959, "num_boost_round": 35.0, "subsample": 0.7856578596548817}, "datetime": {"datetime": "2024-01-20 15:03:48", "elapsed": 2395.023422, "delta": 0.00372}}
{"target": -12.352244739333903, "params": {"colsample_bytree": 0.5174589919391027, "eta": 0.08660010010724103, "gamma": 547.4614271319766, "max_depth": 8.0, "min_child_weight": 4257.697488721959, "num_boost_round": 36.0, "subsample": 0.7856578596548817}, "datetime": {"datetime": "2024-01-20 15:03:48", "elapsed": 2395.027055, "delta": 0.003633}}
{"target": -12.352250044525615, "params": {"colsample_bytree": 0.5174589919391027, "eta": 0.08660010010724103, "gamma": 547.4614271319766, "max_depth": 8.0, "min_child_weight": 4257.697488721959, "num_boost_round": 37.0, "subsample": 0.7856578596548817}, "datetime": {"datetime": "2024-01-20 15:03:48", "elapsed": 2395.03072, "delta": 0.003665}}
{"target": -12.352340223175894, "params": {"colsample_bytree": 0.5174589919391027, "eta": 0.08660010010724103, "gamma": 547.4614271319766, "max_depth": 8.0, "min_child_weight": 4257.697488721959, "num_boost_round": 38.0, "subsample": 0.7856578596548817}, "datetime": {"datetime": "2024-01-20 15:03:48", "elapsed": 2395.034315, "delta": 0.003595}}
