{"target": -10.298644724038173, "params": {"colsample_bytree": 0.7385914904553856, "eta": 0.03068314437377981, "gamma": 426.9220775105447, "max_depth": 4.0, "min_child_weight": 4885.760601251026, "num_boost_round": 5.0, "subsample": 0.41310161576892523}, "datetime": {"datetime": "2024-01-20 16:51:36", "elapsed": 12594.679574, "delta": 0.007788}}
{"target": -10.298712103209832, "params": {"colsample_bytree": 0.7385914904553856, "eta": 0.03068314437377981, "gamma": 426.9220775105447, "max_depth": 4.0, "min_child_weight": 4885.760601251026, "num_boost_round": 6.0, "subsample": 0.41310161576892523}, "datetime": {"datetime": "2024-01-20 16:51:36", "elapsed": 12594.687308, "delta": 0.007734}}
{"target": -10.298766280265347, "params": {"colsample_bytree": 0.7385914904553856, "eta": 0.03068314437377981, "gamma": 426.9220775105447, "max_depth": 4.0, "min_child_weight": 4885.760601251026, "num_boost_round": 7.0, "subsample": 0.41310161576892523}, "datetime": {"datetime": "2024-01-20 16:51:36", "elapsed": 12594.694667, "delta": 0.007359}}
{"target": -10.29883028395771, "params": {"colsample_bytree": 0.7385914904553856, "eta": 0.03068314437377981, "gamma": 426.9220775105447, "max_depth": 4.0, "min_child_weight": 4885.760601251026, "num_boost_round": 8.0, "subsample": 0.41310161576892523}, "datetime": {"datetime": "2024-01-20 16:51:36", "elapsed": 12594.702326, "delta": 0.007659}}
{"target": -10.298898099159235, "params": {"colsample_bytree": 0.7385914904553856, "eta": 0.03068314437377981, "gamma": 426.9220775105447, "max_depth": 4.0, "min_child_weight": 4885.760601251026, "num_boost_round": 9.0, "subsample": 0.41310161576892523}, "datetime": {"datetime": "2024-01-20 16:51:36", "elapsed": 12594.710234, "delta": 0.007908}}
{"target": -10.299072695889958, "params": {"colsample_bytree": 0.7385914904553856, "eta": 0.03068314437377981, "gamma": 426.9220775105447, "max_depth": 4.0, "min_child_weight": 4885.760601251026, "num_boost_round": 10.0, "subsample": 0.41310161576892523}, "datetime": {"datetime": "2024-01-20 16:51:36", "elapsed": 12594.718186, "delta": 0.007952}}
{"target": -10.2992506139133, "params": {"colsample_bytree": 0.7385914904553856, "eta": 0.03068314437377981, "gamma": 426.9220775105447, "max_depth": 4.0, "min_child_weight": 4885.760601251026, "num_boost_round": 11.0, "subsample": 0.41310161576892523}, "datetime": {"datetime": "2024-01-20 16:51:36", "elapsed": 12594.725801, "delta": 0.007615}}
{"target": -10.299446155322066, "params": {"colsample_bytree": 0.7385914904553856, "eta": 0.03068314437377981, "gamma": 426.9220775105447, "max_depth": 4.0, "min_child_weight": 4885.760601251026, "num_boost_round": 12.0, "subsample": 0.41310161576892523}, "datetime": {"datetime": "2024-01-20 16:51:36", "elapsed": 12594.733658, "delta": 0.007857}}
{"target": -10.299531646747138, "params": {"colsample_bytree": 0.7385914904553856, "eta": 0.03068314437377981, "gamma": 426.9220775105447, "max_depth": 4.0, "min_child_weight": 4885.760601251026, "num_boost_round": 13.0, "subsample": 0.41310161576892523}, "datetime": {"datetime": "2024-01-20 16:51:36", "elapsed": 12594.741466, "delta": 0.007808}}
{"target": -10.299708904428655, "params": {"colsample_bytree": 0.7385914904553856, "eta": 0.03068314437377981, "gamma": 426.9220775105447, "max_depth": 4.0, "min_child_weight": 4885.760601251026, "num_boost_round": 14.0, "subsample": 0.41310161576892523}, "datetime": {"datetime": "2024-01-20 16:51:36", "elapsed": 12594.749059, "delta": 0.007593}}
{"target": -10.299893863315832, "params": {"colsample_bytree": 0.7385914904553856, "eta": 0.03068314437377981, "gamma": 426.9220775105447, "max_depth": 4.0, "min_child_weight": 4885.760601251026, "num_boost_round": 15.0, "subsample": 0.41310161576892523}, "datetime": {"datetime": "2024-01-20 16:51:36", "elapsed": 12594.75676, "delta": 0.007701}}
{"target": -10.300067762309867, "params": {"colsample_bytree": 0.7385914904553856, "eta": 0.03068314437377981, "gamma": 426.9220775105447, "max_depth": 4.0, "min_child_weight": 4885.760601251026, "num_boost_round": 16.0, "subsample": 0.41310161576892523}, "datetime": {"datetime": "2024-01-20 16:51:36", "elapsed": 12594.764765, "delta": 0.008005}}
{"target": -10.30022087906746, "params": {"colsample_bytree": 0.7385914904553856, "eta": 0.03068314437377981, "gamma": 426.9220775105447, "max_depth": 4.0, "min_child_weight": 4885.760601251026, "num_boost_round": 17.0, "subsample": 0.41310161576892523}, "datetime": {"datetime": "2024-01-20 16:51:36", "elapsed": 12594.77276, "delta": 0.007995}}
{"target": -10.300272429929105, "params": {"colsample_bytree": 0.7385914904553856, "eta": 0.03068314437377981, "gamma": 426.9220775105447, "max_depth": 4.0, "min_child_weight": 4885.760601251026, "num_boost_round": 18.0, "subsample": 0.41310161576892523}, "datetime": {"datetime": "2024-01-20 16:51:37", "elapsed": 12594.780747, "delta": 0.007987}}
{"target": -10.30038146873256, "params": {"colsample_bytree": 0.7385914904553856, "eta": 0.03068314437377981, "gamma": 426.9220775105447, "max_depth": 4.0, "min_child_weight": 4885.760601251026, "num_boost_round": 19.0, "subsample": 0.41310161576892523}, "datetime": {"datetime": "2024-01-20 16:51:37", "elapsed": 12594.788523, "delta": 0.007776}}
{"target": -10.300479127460392, "params": {"colsample_bytree": 0.7385914904553856, "eta": 0.03068314437377981, "gamma": 426.9220775105447, "max_depth": 4.0, "min_child_weight": 4885.760601251026, "num_boost_round": 20.0, "subsample": 0.41310161576892523}, "datetime": {"datetime": "2024-01-20 16:51:37", "elapsed": 12594.796057, "delta": 0.007534}}
{"target": -10.30063161770303, "params": {"colsample_bytree": 0.7385914904553856, "eta": 0.03068314437377981, "gamma": 426.9220775105447, "max_depth": 4.0, "min_child_weight": 4885.760601251026, "num_boost_round": 21.0, "subsample": 0.41310161576892523}, "datetime": {"datetime": "2024-01-20 16:51:37", "elapsed": 12594.803858, "delta": 0.007801}}
{"target": -10.300791927845626, "params": {"colsample_bytree": 0.7385914904553856, "eta": 0.03068314437377981, "gamma": 426.9220775105447, "max_depth": 4.0, "min_child_weight": 4885.760601251026, "num_boost_round": 22.0, "subsample": 0.41310161576892523}, "datetime": {"datetime": "2024-01-20 16:51:37", "elapsed": 12594.811449, "delta": 0.007591}}
{"target": -10.300936183809599, "params": {"colsample_bytree": 0.7385914904553856, "eta": 0.03068314437377981, "gamma": 426.9220775105447, "max_depth": 4.0, "min_child_weight": 4885.760601251026, "num_boost_round": 23.0, "subsample": 0.41310161576892523}, "datetime": {"datetime": "2024-01-20 16:51:37", "elapsed": 12594.819184, "delta": 0.007735}}
{"target": -10.3009927373028, "params": {"colsample_bytree": 0.7385914904553856, "eta": 0.03068314437377981, "gamma": 426.9220775105447, "max_depth": 4.0, "min_child_weight": 4885.760601251026, "num_boost_round": 24.0, "subsample": 0.41310161576892523}, "datetime": {"datetime": "2024-01-20 16:51:37", "elapsed": 12594.826877, "delta": 0.007693}}
{"target": -10.301228271817939, "params": {"colsample_bytree": 0.7385914904553856, "eta": 0.03068314437377981, "gamma": 426.9220775105447, "max_depth": 4.0, "min_child_weight": 4885.760601251026, "num_boost_round": 25.0, "subsample": 0.41310161576892523}, "datetime": {"datetime": "2024-01-20 16:51:37", "elapsed": 12594.835823, "delta": 0.008946}}
{"target": -10.301555542999193, "params": {"colsample_bytree": 0.7385914904553856, "eta": 0.03068314437377981, "gamma": 426.9220775105447, "max_depth": 4.0, "min_child_weight": 4885.760601251026, "num_boost_round": 26.0, "subsample": 0.41310161576892523}, "datetime": {"datetime": "2024-01-20 16:51:37", "elapsed": 12594.84463, "delta": 0.008807}}
{"target": -10.301677456513605, "params": {"colsample_bytree": 0.7385914904553856, "eta": 0.03068314437377981, "gamma": 426.9220775105447, "max_depth": 4.0, "min_child_weight": 4885.760601251026, "num_boost_round": 27.0, "subsample": 0.41310161576892523}, "datetime": {"datetime": "2024-01-20 16:51:37", "elapsed": 12594.852589, "delta": 0.007959}}
{"target": -10.30181616339025, "params": {"colsample_bytree": 0.7385914904553856, "eta": 0.03068314437377981, "gamma": 426.9220775105447, "max_depth": 4.0, "min_child_weight": 4885.760601251026, "num_boost_round": 28.0, "subsample": 0.41310161576892523}, "datetime": {"datetime": "2024-01-20 16:51:37", "elapsed": 12594.860662, "delta": 0.008073}}
{"target": -10.302084254364056, "params": {"colsample_bytree": 0.7385914904553856, "eta": 0.03068314437377981, "gamma": 426.9220775105447, "max_depth": 4.0, "min_child_weight": 4885.760601251026, "num_boost_round": 29.0, "subsample": 0.41310161576892523}, "datetime": {"datetime": "2024-01-20 16:51:37", "elapsed": 12594.868364, "delta": 0.007702}}
{"target": -10.302315759261118, "params": {"colsample_bytree": 0.7385914904553856, "eta": 0.03068314437377981, "gamma": 426.9220775105447, "max_depth": 4.0, "min_child_weight": 4885.760601251026, "num_boost_round": 30.0, "subsample": 0.41310161576892523}, "datetime": {"datetime": "2024-01-20 16:51:37", "elapsed": 12594.87619, "delta": 0.007826}}
{"target": -10.302472469770318, "params": {"colsample_bytree": 0.7385914904553856, "eta": 0.03068314437377981, "gamma": 426.9220775105447, "max_depth": 4.0, "min_child_weight": 4885.760601251026, "num_boost_round": 31.0, "subsample": 0.41310161576892523}, "datetime": {"datetime": "2024-01-20 16:51:37", "elapsed": 12594.883941, "delta": 0.007751}}
{"target": -10.302671956685721, "params": {"colsample_bytree": 0.7385914904553856, "eta": 0.03068314437377981, "gamma": 426.9220775105447, "max_depth": 4.0, "min_child_weight": 4885.760601251026, "num_boost_round": 32.0, "subsample": 0.41310161576892523}, "datetime": {"datetime": "2024-01-20 16:51:37", "elapsed": 12594.891798, "delta": 0.007857}}
{"target": -10.30283237230207, "params": {"colsample_bytree": 0.7385914904553856, "eta": 0.03068314437377981, "gamma": 426.9220775105447, "max_depth": 4.0, "min_child_weight": 4885.760601251026, "num_boost_round": 33.0, "subsample": 0.41310161576892523}, "datetime": {"datetime": "2024-01-20 16:51:37", "elapsed": 12594.899638, "delta": 0.00784}}
{"target": -10.302987970210088, "params": {"colsample_bytree": 0.7385914904553856, "eta": 0.03068314437377981, "gamma": 426.9220775105447, "max_depth": 4.0, "min_child_weight": 4885.760601251026, "num_boost_round": 34.0, "subsample": 0.41310161576892523}, "datetime": {"datetime": "2024-01-20 16:51:37", "elapsed": 12594.907768, "delta": 0.00813}}
{"target": -10.303064473896434, "params": {"colsample_bytree": 0.7385914904553856, "eta": 0.03068314437377981, "gamma": 426.9220775105447, "max_depth": 4.0, "min_child_weight": 4885.760601251026, "num_boost_round": 35.0, "subsample": 0.41310161576892523}, "datetime": {"datetime": "2024-01-20 16:51:37", "elapsed": 12594.915455, "delta": 0.007687}}
{"target": -10.303281587940358, "params": {"colsample_bytree": 0.7385914904553856, "eta": 0.03068314437377981, "gamma": 426.9220775105447, "max_depth": 4.0, "min_child_weight": 4885.760601251026, "num_boost_round": 36.0, "subsample": 0.41310161576892523}, "datetime": {"datetime": "2024-01-20 16:51:37", "elapsed": 12594.923393, "delta": 0.007938}}
{"target": -10.303357780152592, "params": {"colsample_bytree": 0.7385914904553856, "eta": 0.03068314437377981, "gamma": 426.9220775105447, "max_depth": 4.0, "min_child_weight": 4885.760601251026, "num_boost_round": 37.0, "subsample": 0.41310161576892523}, "datetime": {"datetime": "2024-01-20 16:51:37", "elapsed": 12594.931334, "delta": 0.007941}}
{"target": -10.303447064543182, "params": {"colsample_bytree": 0.7385914904553856, "eta": 0.03068314437377981, "gamma": 426.9220775105447, "max_depth": 4.0, "min_child_weight": 4885.760601251026, "num_boost_round": 38.0, "subsample": 0.41310161576892523}, "datetime": {"datetime": "2024-01-20 16:51:37", "elapsed": 12594.939111, "delta": 0.007777}}
{"target": -10.303500567704255, "params": {"colsample_bytree": 0.7385914904553856, "eta": 0.03068314437377981, "gamma": 426.9220775105447, "max_depth": 4.0, "min_child_weight": 4885.760601251026, "num_boost_round": 39.0, "subsample": 0.41310161576892523}, "datetime": {"datetime": "2024-01-20 16:51:37", "elapsed": 12594.948268, "delta": 0.009157}}
{"target": -10.303618610579043, "params": {"colsample_bytree": 0.7385914904553856, "eta": 0.03068314437377981, "gamma": 426.9220775105447, "max_depth": 4.0, "min_child_weight": 4885.760601251026, "num_boost_round": 40.0, "subsample": 0.41310161576892523}, "datetime": {"datetime": "2024-01-20 16:51:37", "elapsed": 12594.958016, "delta": 0.009748}}
{"target": -10.303573373806973, "params": {"colsample_bytree": 0.7385914904553856, "eta": 0.03068314437377981, "gamma": 426.9220775105447, "max_depth": 4.0, "min_child_weight": 4885.760601251026, "num_boost_round": 41.0, "subsample": 0.41310161576892523}, "datetime": {"datetime": "2024-01-20 16:51:37", "elapsed": 12594.965971, "delta": 0.007955}}
{"target": -10.297855392481917, "params": {"colsample_bytree": 0.4178079874889358, "eta": 0.06489311719115483, "gamma": 357.0849538408813, "max_depth": 9.0, "min_child_weight": 4874.21598150917, "num_boost_round": 1.0, "subsample": 0.5415396017653893}, "datetime": {"datetime": "2024-01-20 16:53:56", "elapsed": 12734.352941, "delta": 139.38697}}
{"target": -10.297972438605804, "params": {"colsample_bytree": 0.4178079874889358, "eta": 0.06489311719115483, "gamma": 357.0849538408813, "max_depth": 9.0, "min_child_weight": 4874.21598150917, "num_boost_round": 2.0, "subsample": 0.5415396017653893}, "datetime": {"datetime": "2024-01-20 16:53:56", "elapsed": 12734.362958, "delta": 0.010017}}
{"target": -10.298117036322589, "params": {"colsample_bytree": 0.4178079874889358, "eta": 0.06489311719115483, "gamma": 357.0849538408813, "max_depth": 9.0, "min_child_weight": 4874.21598150917, "num_boost_round": 3.0, "subsample": 0.5415396017653893}, "datetime": {"datetime": "2024-01-20 16:53:56", "elapsed": 12734.372194, "delta": 0.009236}}
{"target": -10.298143566824873, "params": {"colsample_bytree": 0.4178079874889358, "eta": 0.06489311719115483, "gamma": 357.0849538408813, "max_depth": 9.0, "min_child_weight": 4874.21598150917, "num_boost_round": 4.0, "subsample": 0.5415396017653893}, "datetime": {"datetime": "2024-01-20 16:53:56", "elapsed": 12734.381361, "delta": 0.009167}}
{"target": -10.298640542625272, "params": {"colsample_bytree": 0.4178079874889358, "eta": 0.06489311719115483, "gamma": 357.0849538408813, "max_depth": 9.0, "min_child_weight": 4874.21598150917, "num_boost_round": 5.0, "subsample": 0.5415396017653893}, "datetime": {"datetime": "2024-01-20 16:53:56", "elapsed": 12734.390246, "delta": 0.008885}}
{"target": -10.299295357151646, "params": {"colsample_bytree": 0.4178079874889358, "eta": 0.06489311719115483, "gamma": 357.0849538408813, "max_depth": 9.0, "min_child_weight": 4874.21598150917, "num_boost_round": 6.0, "subsample": 0.5415396017653893}, "datetime": {"datetime": "2024-01-20 16:53:56", "elapsed": 12734.398877, "delta": 0.008631}}
{"target": -10.299666229772125, "params": {"colsample_bytree": 0.4178079874889358, "eta": 0.06489311719115483, "gamma": 357.0849538408813, "max_depth": 9.0, "min_child_weight": 4874.21598150917, "num_boost_round": 7.0, "subsample": 0.5415396017653893}, "datetime": {"datetime": "2024-01-20 16:53:56", "elapsed": 12734.40749, "delta": 0.008613}}
{"target": -10.299964307405876, "params": {"colsample_bytree": 0.4178079874889358, "eta": 0.06489311719115483, "gamma": 357.0849538408813, "max_depth": 9.0, "min_child_weight": 4874.21598150917, "num_boost_round": 8.0, "subsample": 0.5415396017653893}, "datetime": {"datetime": "2024-01-20 16:53:56", "elapsed": 12734.415969, "delta": 0.008479}}
{"target": -10.300556973896, "params": {"colsample_bytree": 0.4178079874889358, "eta": 0.06489311719115483, "gamma": 357.0849538408813, "max_depth": 9.0, "min_child_weight": 4874.21598150917, "num_boost_round": 9.0, "subsample": 0.5415396017653893}, "datetime": {"datetime": "2024-01-20 16:53:56", "elapsed": 12734.424597, "delta": 0.008628}}
{"target": -10.301306445438932, "params": {"colsample_bytree": 0.4178079874889358, "eta": 0.06489311719115483, "gamma": 357.0849538408813, "max_depth": 9.0, "min_child_weight": 4874.21598150917, "num_boost_round": 10.0, "subsample": 0.5415396017653893}, "datetime": {"datetime": "2024-01-20 16:53:56", "elapsed": 12734.433236, "delta": 0.008639}}
{"target": -10.301346424340657, "params": {"colsample_bytree": 0.4178079874889358, "eta": 0.06489311719115483, "gamma": 357.0849538408813, "max_depth": 9.0, "min_child_weight": 4874.21598150917, "num_boost_round": 11.0, "subsample": 0.5415396017653893}, "datetime": {"datetime": "2024-01-20 16:53:56", "elapsed": 12734.441806, "delta": 0.00857}}
{"target": -10.301530534300232, "params": {"colsample_bytree": 0.4178079874889358, "eta": 0.06489311719115483, "gamma": 357.0849538408813, "max_depth": 9.0, "min_child_weight": 4874.21598150917, "num_boost_round": 12.0, "subsample": 0.5415396017653893}, "datetime": {"datetime": "2024-01-20 16:53:56", "elapsed": 12734.450547, "delta": 0.008741}}
{"target": -10.301713638352439, "params": {"colsample_bytree": 0.4178079874889358, "eta": 0.06489311719115483, "gamma": 357.0849538408813, "max_depth": 9.0, "min_child_weight": 4874.21598150917, "num_boost_round": 13.0, "subsample": 0.5415396017653893}, "datetime": {"datetime": "2024-01-20 16:53:56", "elapsed": 12734.45911, "delta": 0.008563}}
{"target": -10.302155376968027, "params": {"colsample_bytree": 0.4178079874889358, "eta": 0.06489311719115483, "gamma": 357.0849538408813, "max_depth": 9.0, "min_child_weight": 4874.21598150917, "num_boost_round": 14.0, "subsample": 0.5415396017653893}, "datetime": {"datetime": "2024-01-20 16:53:56", "elapsed": 12734.470094, "delta": 0.010984}}
{"target": -10.30265707818746, "params": {"colsample_bytree": 0.4178079874889358, "eta": 0.06489311719115483, "gamma": 357.0849538408813, "max_depth": 9.0, "min_child_weight": 4874.21598150917, "num_boost_round": 15.0, "subsample": 0.5415396017653893}, "datetime": {"datetime": "2024-01-20 16:53:56", "elapsed": 12734.479385, "delta": 0.009291}}
{"target": -10.302677214639925, "params": {"colsample_bytree": 0.4178079874889358, "eta": 0.06489311719115483, "gamma": 357.0849538408813, "max_depth": 9.0, "min_child_weight": 4874.21598150917, "num_boost_round": 16.0, "subsample": 0.5415396017653893}, "datetime": {"datetime": "2024-01-20 16:53:56", "elapsed": 12734.488075, "delta": 0.00869}}
{"target": -10.303262122651883, "params": {"colsample_bytree": 0.4178079874889358, "eta": 0.06489311719115483, "gamma": 357.0849538408813, "max_depth": 9.0, "min_child_weight": 4874.21598150917, "num_boost_round": 17.0, "subsample": 0.5415396017653893}, "datetime": {"datetime": "2024-01-20 16:53:56", "elapsed": 12734.496636, "delta": 0.008561}}
{"target": -10.303511921615886, "params": {"colsample_bytree": 0.4178079874889358, "eta": 0.06489311719115483, "gamma": 357.0849538408813, "max_depth": 9.0, "min_child_weight": 4874.21598150917, "num_boost_round": 18.0, "subsample": 0.5415396017653893}, "datetime": {"datetime": "2024-01-20 16:53:56", "elapsed": 12734.505023, "delta": 0.008387}}
{"target": -10.303795964942315, "params": {"colsample_bytree": 0.4178079874889358, "eta": 0.06489311719115483, "gamma": 357.0849538408813, "max_depth": 9.0, "min_child_weight": 4874.21598150917, "num_boost_round": 19.0, "subsample": 0.5415396017653893}, "datetime": {"datetime": "2024-01-20 16:53:56", "elapsed": 12734.513433, "delta": 0.00841}}
{"target": -10.3040988400297, "params": {"colsample_bytree": 0.4178079874889358, "eta": 0.06489311719115483, "gamma": 357.0849538408813, "max_depth": 9.0, "min_child_weight": 4874.21598150917, "num_boost_round": 20.0, "subsample": 0.5415396017653893}, "datetime": {"datetime": "2024-01-20 16:53:56", "elapsed": 12734.521649, "delta": 0.008216}}
{"target": -10.304358606299122, "params": {"colsample_bytree": 0.4178079874889358, "eta": 0.06489311719115483, "gamma": 357.0849538408813, "max_depth": 9.0, "min_child_weight": 4874.21598150917, "num_boost_round": 21.0, "subsample": 0.5415396017653893}, "datetime": {"datetime": "2024-01-20 16:53:56", "elapsed": 12734.530078, "delta": 0.008429}}
{"target": -10.304451391989488, "params": {"colsample_bytree": 0.4178079874889358, "eta": 0.06489311719115483, "gamma": 357.0849538408813, "max_depth": 9.0, "min_child_weight": 4874.21598150917, "num_boost_round": 22.0, "subsample": 0.5415396017653893}, "datetime": {"datetime": "2024-01-20 16:53:56", "elapsed": 12734.538703, "delta": 0.008625}}
{"target": -10.305007956920484, "params": {"colsample_bytree": 0.4178079874889358, "eta": 0.06489311719115483, "gamma": 357.0849538408813, "max_depth": 9.0, "min_child_weight": 4874.21598150917, "num_boost_round": 23.0, "subsample": 0.5415396017653893}, "datetime": {"datetime": "2024-01-20 16:53:56", "elapsed": 12734.546894, "delta": 0.008191}}
{"target": -10.30516887947681, "params": {"colsample_bytree": 0.4178079874889358, "eta": 0.06489311719115483, "gamma": 357.0849538408813, "max_depth": 9.0, "min_child_weight": 4874.21598150917, "num_boost_round": 24.0, "subsample": 0.5415396017653893}, "datetime": {"datetime": "2024-01-20 16:53:56", "elapsed": 12734.555011, "delta": 0.008117}}
{"target": -10.305410704021467, "params": {"colsample_bytree": 0.4178079874889358, "eta": 0.06489311719115483, "gamma": 357.0849538408813, "max_depth": 9.0, "min_child_weight": 4874.21598150917, "num_boost_round": 25.0, "subsample": 0.5415396017653893}, "datetime": {"datetime": "2024-01-20 16:53:56", "elapsed": 12734.5631, "delta": 0.008089}}
{"target": -10.305797286592181, "params": {"colsample_bytree": 0.4178079874889358, "eta": 0.06489311719115483, "gamma": 357.0849538408813, "max_depth": 9.0, "min_child_weight": 4874.21598150917, "num_boost_round": 26.0, "subsample": 0.5415396017653893}, "datetime": {"datetime": "2024-01-20 16:53:56", "elapsed": 12734.571379, "delta": 0.008279}}
