{"target": -13.397584855514488, "params": {"colsample_bytree": 0.6369739385254808, "eta": 0.0230061030797515, "gamma": 521.6010689887811, "max_depth": 6.0, "min_child_weight": 3371.4098213448256, "num_boost_round": 6.0, "subsample": 0.4263083507007961}, "datetime": {"datetime": "2024-01-20 14:57:45", "elapsed": 1999.888948, "delta": 0.002301}}
{"target": -13.397726831688832, "params": {"colsample_bytree": 0.6369739385254808, "eta": 0.0230061030797515, "gamma": 521.6010689887811, "max_depth": 6.0, "min_child_weight": 3371.4098213448256, "num_boost_round": 7.0, "subsample": 0.4263083507007961}, "datetime": {"datetime": "2024-01-20 14:57:45", "elapsed": 1999.891144, "delta": 0.002196}}
{"target": -13.397740385183099, "params": {"colsample_bytree": 0.6369739385254808, "eta": 0.0230061030797515, "gamma": 521.6010689887811, "max_depth": 6.0, "min_child_weight": 3371.4098213448256, "num_boost_round": 8.0, "subsample": 0.4263083507007961}, "datetime": {"datetime": "2024-01-20 14:57:45", "elapsed": 1999.893499, "delta": 0.002355}}
{"target": -13.397940267428318, "params": {"colsample_bytree": 0.6369739385254808, "eta": 0.0230061030797515, "gamma": 521.6010689887811, "max_depth": 6.0, "min_child_weight": 3371.4098213448256, "num_boost_round": 9.0, "subsample": 0.4263083507007961}, "datetime": {"datetime": "2024-01-20 14:57:45", "elapsed": 1999.895615, "delta": 0.002116}}
{"target": -13.397948314721596, "params": {"colsample_bytree": 0.6369739385254808, "eta": 0.0230061030797515, "gamma": 521.6010689887811, "max_depth": 6.0, "min_child_weight": 3371.4098213448256, "num_boost_round": 10.0, "subsample": 0.4263083507007961}, "datetime": {"datetime": "2024-01-20 14:57:45", "elapsed": 1999.897707, "delta": 0.002092}}
{"target": -13.398095903542234, "params": {"colsample_bytree": 0.6369739385254808, "eta": 0.0230061030797515, "gamma": 521.6010689887811, "max_depth": 6.0, "min_child_weight": 3371.4098213448256, "num_boost_round": 11.0, "subsample": 0.4263083507007961}, "datetime": {"datetime": "2024-01-20 14:57:45", "elapsed": 1999.899884, "delta": 0.002177}}
{"target": -13.398119365102804, "params": {"colsample_bytree": 0.6369739385254808, "eta": 0.0230061030797515, "gamma": 521.6010689887811, "max_depth": 6.0, "min_child_weight": 3371.4098213448256, "num_boost_round": 12.0, "subsample": 0.4263083507007961}, "datetime": {"datetime": "2024-01-20 14:57:45", "elapsed": 1999.902036, "delta": 0.002152}}
{"target": -13.39814784879986, "params": {"colsample_bytree": 0.6369739385254808, "eta": 0.0230061030797515, "gamma": 521.6010689887811, "max_depth": 6.0, "min_child_weight": 3371.4098213448256, "num_boost_round": 13.0, "subsample": 0.4263083507007961}, "datetime": {"datetime": "2024-01-20 14:57:45", "elapsed": 1999.904145, "delta": 0.002109}}
{"target": -13.398260097316001, "params": {"colsample_bytree": 0.6369739385254808, "eta": 0.0230061030797515, "gamma": 521.6010689887811, "max_depth": 6.0, "min_child_weight": 3371.4098213448256, "num_boost_round": 14.0, "subsample": 0.4263083507007961}, "datetime": {"datetime": "2024-01-20 14:57:45", "elapsed": 1999.906251, "delta": 0.002106}}
{"target": -13.398457124526372, "params": {"colsample_bytree": 0.6369739385254808, "eta": 0.0230061030797515, "gamma": 521.6010689887811, "max_depth": 6.0, "min_child_weight": 3371.4098213448256, "num_boost_round": 15.0, "subsample": 0.4263083507007961}, "datetime": {"datetime": "2024-01-20 14:57:45", "elapsed": 1999.908447, "delta": 0.002196}}
{"target": -13.398429868390696, "params": {"colsample_bytree": 0.6369739385254808, "eta": 0.0230061030797515, "gamma": 521.6010689887811, "max_depth": 6.0, "min_child_weight": 3371.4098213448256, "num_boost_round": 16.0, "subsample": 0.4263083507007961}, "datetime": {"datetime": "2024-01-20 14:57:45", "elapsed": 1999.910481, "delta": 0.002034}}
{"target": -13.398664300330438, "params": {"colsample_bytree": 0.6369739385254808, "eta": 0.0230061030797515, "gamma": 521.6010689887811, "max_depth": 6.0, "min_child_weight": 3371.4098213448256, "num_boost_round": 17.0, "subsample": 0.4263083507007961}, "datetime": {"datetime": "2024-01-20 14:57:45", "elapsed": 1999.912579, "delta": 0.002098}}
{"target": -13.399050568205546, "params": {"colsample_bytree": 0.6369739385254808, "eta": 0.0230061030797515, "gamma": 521.6010689887811, "max_depth": 6.0, "min_child_weight": 3371.4098213448256, "num_boost_round": 18.0, "subsample": 0.4263083507007961}, "datetime": {"datetime": "2024-01-20 14:57:45", "elapsed": 1999.914575, "delta": 0.001996}}
{"target": -13.39920007979364, "params": {"colsample_bytree": 0.6369739385254808, "eta": 0.0230061030797515, "gamma": 521.6010689887811, "max_depth": 6.0, "min_child_weight": 3371.4098213448256, "num_boost_round": 19.0, "subsample": 0.4263083507007961}, "datetime": {"datetime": "2024-01-20 14:57:45", "elapsed": 1999.916602, "delta": 0.002027}}
{"target": -13.399292789085122, "params": {"colsample_bytree": 0.6369739385254808, "eta": 0.0230061030797515, "gamma": 521.6010689887811, "max_depth": 6.0, "min_child_weight": 3371.4098213448256, "num_boost_round": 20.0, "subsample": 0.4263083507007961}, "datetime": {"datetime": "2024-01-20 14:57:45", "elapsed": 1999.918752, "delta": 0.00215}}
{"target": -13.399434828963242, "params": {"colsample_bytree": 0.6369739385254808, "eta": 0.0230061030797515, "gamma": 521.6010689887811, "max_depth": 6.0, "min_child_weight": 3371.4098213448256, "num_boost_round": 21.0, "subsample": 0.4263083507007961}, "datetime": {"datetime": "2024-01-20 14:57:45", "elapsed": 1999.920808, "delta": 0.002056}}
{"target": -13.39953068484774, "params": {"colsample_bytree": 0.6369739385254808, "eta": 0.0230061030797515, "gamma": 521.6010689887811, "max_depth": 6.0, "min_child_weight": 3371.4098213448256, "num_boost_round": 22.0, "subsample": 0.4263083507007961}, "datetime": {"datetime": "2024-01-20 14:57:45", "elapsed": 1999.922895, "delta": 0.002087}}
{"target": -13.399934246340214, "params": {"colsample_bytree": 0.6369739385254808, "eta": 0.0230061030797515, "gamma": 521.6010689887811, "max_depth": 6.0, "min_child_weight": 3371.4098213448256, "num_boost_round": 23.0, "subsample": 0.4263083507007961}, "datetime": {"datetime": "2024-01-20 14:57:45", "elapsed": 1999.924897, "delta": 0.002002}}
{"target": -13.400187614750896, "params": {"colsample_bytree": 0.6369739385254808, "eta": 0.0230061030797515, "gamma": 521.6010689887811, "max_depth": 6.0, "min_child_weight": 3371.4098213448256, "num_boost_round": 24.0, "subsample": 0.4263083507007961}, "datetime": {"datetime": "2024-01-20 14:57:45", "elapsed": 1999.926966, "delta": 0.002069}}
{"target": -13.400324752195845, "params": {"colsample_bytree": 0.6369739385254808, "eta": 0.0230061030797515, "gamma": 521.6010689887811, "max_depth": 6.0, "min_child_weight": 3371.4098213448256, "num_boost_round": 25.0, "subsample": 0.4263083507007961}, "datetime": {"datetime": "2024-01-20 14:57:45", "elapsed": 1999.929123, "delta": 0.002157}}
{"target": -13.400486888148274, "params": {"colsample_bytree": 0.6369739385254808, "eta": 0.0230061030797515, "gamma": 521.6010689887811, "max_depth": 6.0, "min_child_weight": 3371.4098213448256, "num_boost_round": 26.0, "subsample": 0.4263083507007961}, "datetime": {"datetime": "2024-01-20 14:57:45", "elapsed": 1999.931198, "delta": 0.002075}}
{"target": -13.400784463443173, "params": {"colsample_bytree": 0.6369739385254808, "eta": 0.0230061030797515, "gamma": 521.6010689887811, "max_depth": 6.0, "min_child_weight": 3371.4098213448256, "num_boost_round": 27.0, "subsample": 0.4263083507007961}, "datetime": {"datetime": "2024-01-20 14:57:45", "elapsed": 1999.93331, "delta": 0.002112}}
{"target": -13.401066722684106, "params": {"colsample_bytree": 0.6369739385254808, "eta": 0.0230061030797515, "gamma": 521.6010689887811, "max_depth": 6.0, "min_child_weight": 3371.4098213448256, "num_boost_round": 28.0, "subsample": 0.4263083507007961}, "datetime": {"datetime": "2024-01-20 14:57:45", "elapsed": 1999.935362, "delta": 0.002052}}
{"target": -13.40120907092992, "params": {"colsample_bytree": 0.6369739385254808, "eta": 0.0230061030797515, "gamma": 521.6010689887811, "max_depth": 6.0, "min_child_weight": 3371.4098213448256, "num_boost_round": 29.0, "subsample": 0.4263083507007961}, "datetime": {"datetime": "2024-01-20 14:57:45", "elapsed": 1999.937373, "delta": 0.002011}}
{"target": -13.397220139941162, "params": {"colsample_bytree": 0.932001735573142, "eta": 0.0886699290985381, "gamma": 974.1883093789221, "max_depth": 6.0, "min_child_weight": 3806.1010541523538, "num_boost_round": 1.0, "subsample": 0.11593962253052084}, "datetime": {"datetime": "2024-01-20 14:58:06", "elapsed": 2021.612178, "delta": 21.674805}}
{"target": -13.397927473781596, "params": {"colsample_bytree": 0.9228875807071963, "eta": 0.061550049384147265, "gamma": 785.8534132468867, "max_depth": 2.0, "min_child_weight": 4148.2226381130295, "num_boost_round": 1.0, "subsample": 0.6400641421166262}, "datetime": {"datetime": "2024-01-20 14:58:31", "elapsed": 2046.519834, "delta": 24.907656}}
{"target": -13.39785398166611, "params": {"colsample_bytree": 0.9228875807071963, "eta": 0.061550049384147265, "gamma": 785.8534132468867, "max_depth": 2.0, "min_child_weight": 4148.2226381130295, "num_boost_round": 2.0, "subsample": 0.6400641421166262}, "datetime": {"datetime": "2024-01-20 14:58:31", "elapsed": 2046.522522, "delta": 0.002688}}
{"target": -13.398105141924841, "params": {"colsample_bytree": 0.9228875807071963, "eta": 0.061550049384147265, "gamma": 785.8534132468867, "max_depth": 2.0, "min_child_weight": 4148.2226381130295, "num_boost_round": 3.0, "subsample": 0.6400641421166262}, "datetime": {"datetime": "2024-01-20 14:58:31", "elapsed": 2046.524985, "delta": 0.002463}}
{"target": -13.398401505703015, "params": {"colsample_bytree": 0.9228875807071963, "eta": 0.061550049384147265, "gamma": 785.8534132468867, "max_depth": 2.0, "min_child_weight": 4148.2226381130295, "num_boost_round": 4.0, "subsample": 0.6400641421166262}, "datetime": {"datetime": "2024-01-20 14:58:31", "elapsed": 2046.527127, "delta": 0.002142}}
{"target": -13.39885544762862, "params": {"colsample_bytree": 0.9228875807071963, "eta": 0.061550049384147265, "gamma": 785.8534132468867, "max_depth": 2.0, "min_child_weight": 4148.2226381130295, "num_boost_round": 5.0, "subsample": 0.6400641421166262}, "datetime": {"datetime": "2024-01-20 14:58:31", "elapsed": 2046.529352, "delta": 0.002225}}
{"target": -13.399405788520193, "params": {"colsample_bytree": 0.9228875807071963, "eta": 0.061550049384147265, "gamma": 785.8534132468867, "max_depth": 2.0, "min_child_weight": 4148.2226381130295, "num_boost_round": 6.0, "subsample": 0.6400641421166262}, "datetime": {"datetime": "2024-01-20 14:58:31", "elapsed": 2046.53152, "delta": 0.002168}}
{"target": -13.400033582050419, "params": {"colsample_bytree": 0.9228875807071963, "eta": 0.061550049384147265, "gamma": 785.8534132468867, "max_depth": 2.0, "min_child_weight": 4148.2226381130295, "num_boost_round": 7.0, "subsample": 0.6400641421166262}, "datetime": {"datetime": "2024-01-20 14:58:31", "elapsed": 2046.533577, "delta": 0.002057}}
{"target": -13.400569891639186, "params": {"colsample_bytree": 0.9228875807071963, "eta": 0.061550049384147265, "gamma": 785.8534132468867, "max_depth": 2.0, "min_child_weight": 4148.2226381130295, "num_boost_round": 8.0, "subsample": 0.6400641421166262}, "datetime": {"datetime": "2024-01-20 14:58:31", "elapsed": 2046.535702, "delta": 0.002125}}
{"target": -13.397895841088816, "params": {"colsample_bytree": 0.19095154819235893, "eta": 0.09460873296859564, "gamma": 488.66424853958137, "max_depth": 3.0, "min_child_weight": 3819.6231692116253, "num_boost_round": 1.0, "subsample": 0.8797760793738251}, "datetime": {"datetime": "2024-01-20 15:00:06", "elapsed": 2140.963506, "delta": 94.427804}}
{"target": -13.398171001414573, "params": {"colsample_bytree": 0.19095154819235893, "eta": 0.09460873296859564, "gamma": 488.66424853958137, "max_depth": 3.0, "min_child_weight": 3819.6231692116253, "num_boost_round": 2.0, "subsample": 0.8797760793738251}, "datetime": {"datetime": "2024-01-20 15:00:06", "elapsed": 2140.967238, "delta": 0.003732}}
{"target": -13.39885759188871, "params": {"colsample_bytree": 0.19095154819235893, "eta": 0.09460873296859564, "gamma": 488.66424853958137, "max_depth": 3.0, "min_child_weight": 3819.6231692116253, "num_boost_round": 3.0, "subsample": 0.8797760793738251}, "datetime": {"datetime": "2024-01-20 15:00:06", "elapsed": 2140.969459, "delta": 0.002221}}
{"target": -13.399679812729552, "params": {"colsample_bytree": 0.19095154819235893, "eta": 0.09460873296859564, "gamma": 488.66424853958137, "max_depth": 3.0, "min_child_weight": 3819.6231692116253, "num_boost_round": 4.0, "subsample": 0.8797760793738251}, "datetime": {"datetime": "2024-01-20 15:00:06", "elapsed": 2140.971707, "delta": 0.002248}}
{"target": -13.40101031279027, "params": {"colsample_bytree": 0.19095154819235893, "eta": 0.09460873296859564, "gamma": 488.66424853958137, "max_depth": 3.0, "min_child_weight": 3819.6231692116253, "num_boost_round": 5.0, "subsample": 0.8797760793738251}, "datetime": {"datetime": "2024-01-20 15:00:06", "elapsed": 2140.97474, "delta": 0.003033}}
{"target": -13.40178975781875, "params": {"colsample_bytree": 0.19095154819235893, "eta": 0.09460873296859564, "gamma": 488.66424853958137, "max_depth": 3.0, "min_child_weight": 3819.6231692116253, "num_boost_round": 6.0, "subsample": 0.8797760793738251}, "datetime": {"datetime": "2024-01-20 15:00:06", "elapsed": 2140.977561, "delta": 0.002821}}
{"target": -13.402037513590907, "params": {"colsample_bytree": 0.19095154819235893, "eta": 0.09460873296859564, "gamma": 488.66424853958137, "max_depth": 3.0, "min_child_weight": 3819.6231692116253, "num_boost_round": 7.0, "subsample": 0.8797760793738251}, "datetime": {"datetime": "2024-01-20 15:00:06", "elapsed": 2140.980586, "delta": 0.003025}}
{"target": -13.402707498558643, "params": {"colsample_bytree": 0.19095154819235893, "eta": 0.09460873296859564, "gamma": 488.66424853958137, "max_depth": 3.0, "min_child_weight": 3819.6231692116253, "num_boost_round": 8.0, "subsample": 0.8797760793738251}, "datetime": {"datetime": "2024-01-20 15:00:06", "elapsed": 2140.983284, "delta": 0.002698}}
{"target": -13.402999700355927, "params": {"colsample_bytree": 0.19095154819235893, "eta": 0.09460873296859564, "gamma": 488.66424853958137, "max_depth": 3.0, "min_child_weight": 3819.6231692116253, "num_boost_round": 9.0, "subsample": 0.8797760793738251}, "datetime": {"datetime": "2024-01-20 15:00:06", "elapsed": 2140.986723, "delta": 0.003439}}
{"target": -13.403134043338584, "params": {"colsample_bytree": 0.19095154819235893, "eta": 0.09460873296859564, "gamma": 488.66424853958137, "max_depth": 3.0, "min_child_weight": 3819.6231692116253, "num_boost_round": 10.0, "subsample": 0.8797760793738251}, "datetime": {"datetime": "2024-01-20 15:00:06", "elapsed": 2140.990089, "delta": 0.003366}}
{"target": -13.40320021617084, "params": {"colsample_bytree": 0.19095154819235893, "eta": 0.09460873296859564, "gamma": 488.66424853958137, "max_depth": 3.0, "min_child_weight": 3819.6231692116253, "num_boost_round": 11.0, "subsample": 0.8797760793738251}, "datetime": {"datetime": "2024-01-20 15:00:06", "elapsed": 2140.99248, "delta": 0.002391}}
{"target": -13.403930295948534, "params": {"colsample_bytree": 0.19095154819235893, "eta": 0.09460873296859564, "gamma": 488.66424853958137, "max_depth": 3.0, "min_child_weight": 3819.6231692116253, "num_boost_round": 12.0, "subsample": 0.8797760793738251}, "datetime": {"datetime": "2024-01-20 15:00:06", "elapsed": 2140.994724, "delta": 0.002244}}
{"target": -13.403922315120639, "params": {"colsample_bytree": 0.19095154819235893, "eta": 0.09460873296859564, "gamma": 488.66424853958137, "max_depth": 3.0, "min_child_weight": 3819.6231692116253, "num_boost_round": 13.0, "subsample": 0.8797760793738251}, "datetime": {"datetime": "2024-01-20 15:00:06", "elapsed": 2140.996821, "delta": 0.002097}}
{"target": -13.403878134304854, "params": {"colsample_bytree": 0.19095154819235893, "eta": 0.09460873296859564, "gamma": 488.66424853958137, "max_depth": 3.0, "min_child_weight": 3819.6231692116253, "num_boost_round": 14.0, "subsample": 0.8797760793738251}, "datetime": {"datetime": "2024-01-20 15:00:06", "elapsed": 2140.999004, "delta": 0.002183}}
{"target": -13.403593361413247, "params": {"colsample_bytree": 0.19095154819235893, "eta": 0.09460873296859564, "gamma": 488.66424853958137, "max_depth": 3.0, "min_child_weight": 3819.6231692116253, "num_boost_round": 15.0, "subsample": 0.8797760793738251}, "datetime": {"datetime": "2024-01-20 15:00:06", "elapsed": 2141.001136, "delta": 0.002132}}
{"target": -13.403698550088254, "params": {"colsample_bytree": 0.19095154819235893, "eta": 0.09460873296859564, "gamma": 488.66424853958137, "max_depth": 3.0, "min_child_weight": 3819.6231692116253, "num_boost_round": 16.0, "subsample": 0.8797760793738251}, "datetime": {"datetime": "2024-01-20 15:00:06", "elapsed": 2141.003249, "delta": 0.002113}}
{"target": -13.404877650035184, "params": {"colsample_bytree": 0.19095154819235893, "eta": 0.09460873296859564, "gamma": 488.66424853958137, "max_depth": 3.0, "min_child_weight": 3819.6231692116253, "num_boost_round": 17.0, "subsample": 0.8797760793738251}, "datetime": {"datetime": "2024-01-20 15:00:06", "elapsed": 2141.005377, "delta": 0.002128}}
{"target": -13.40563192161638, "params": {"colsample_bytree": 0.19095154819235893, "eta": 0.09460873296859564, "gamma": 488.66424853958137, "max_depth": 3.0, "min_child_weight": 3819.6231692116253, "num_boost_round": 18.0, "subsample": 0.8797760793738251}, "datetime": {"datetime": "2024-01-20 15:00:06", "elapsed": 2141.007497, "delta": 0.00212}}
{"target": -13.406123851047624, "params": {"colsample_bytree": 0.19095154819235893, "eta": 0.09460873296859564, "gamma": 488.66424853958137, "max_depth": 3.0, "min_child_weight": 3819.6231692116253, "num_boost_round": 19.0, "subsample": 0.8797760793738251}, "datetime": {"datetime": "2024-01-20 15:00:06", "elapsed": 2141.009756, "delta": 0.002259}}
{"target": -13.406980157783302, "params": {"colsample_bytree": 0.19095154819235893, "eta": 0.09460873296859564, "gamma": 488.66424853958137, "max_depth": 3.0, "min_child_weight": 3819.6231692116253, "num_boost_round": 20.0, "subsample": 0.8797760793738251}, "datetime": {"datetime": "2024-01-20 15:00:06", "elapsed": 2141.01186, "delta": 0.002104}}
{"target": -13.4069728828695, "params": {"colsample_bytree": 0.19095154819235893, "eta": 0.09460873296859564, "gamma": 488.66424853958137, "max_depth": 3.0, "min_child_weight": 3819.6231692116253, "num_boost_round": 21.0, "subsample": 0.8797760793738251}, "datetime": {"datetime": "2024-01-20 15:00:06", "elapsed": 2141.014013, "delta": 0.002153}}
{"target": -13.40771236986057, "params": {"colsample_bytree": 0.19095154819235893, "eta": 0.09460873296859564, "gamma": 488.66424853958137, "max_depth": 3.0, "min_child_weight": 3819.6231692116253, "num_boost_round": 22.0, "subsample": 0.8797760793738251}, "datetime": {"datetime": "2024-01-20 15:00:06", "elapsed": 2141.016081, "delta": 0.002068}}
{"target": -13.407825555041548, "params": {"colsample_bytree": 0.19095154819235893, "eta": 0.09460873296859564, "gamma": 488.66424853958137, "max_depth": 3.0, "min_child_weight": 3819.6231692116253, "num_boost_round": 23.0, "subsample": 0.8797760793738251}, "datetime": {"datetime": "2024-01-20 15:00:06", "elapsed": 2141.018238, "delta": 0.002157}}
{"target": -13.40878181694095, "params": {"colsample_bytree": 0.19095154819235893, "eta": 0.09460873296859564, "gamma": 488.66424853958137, "max_depth": 3.0, "min_child_weight": 3819.6231692116253, "num_boost_round": 24.0, "subsample": 0.8797760793738251}, "datetime": {"datetime": "2024-01-20 15:00:06", "elapsed": 2141.020338, "delta": 0.0021}}
{"target": -13.409477759294656, "params": {"colsample_bytree": 0.19095154819235893, "eta": 0.09460873296859564, "gamma": 488.66424853958137, "max_depth": 3.0, "min_child_weight": 3819.6231692116253, "num_boost_round": 25.0, "subsample": 0.8797760793738251}, "datetime": {"datetime": "2024-01-20 15:00:06", "elapsed": 2141.022457, "delta": 0.002119}}
{"target": -13.409957913039326, "params": {"colsample_bytree": 0.19095154819235893, "eta": 0.09460873296859564, "gamma": 488.66424853958137, "max_depth": 3.0, "min_child_weight": 3819.6231692116253, "num_boost_round": 26.0, "subsample": 0.8797760793738251}, "datetime": {"datetime": "2024-01-20 15:00:06", "elapsed": 2141.024532, "delta": 0.002075}}
{"target": -13.410033320111431, "params": {"colsample_bytree": 0.19095154819235893, "eta": 0.09460873296859564, "gamma": 488.66424853958137, "max_depth": 3.0, "min_child_weight": 3819.6231692116253, "num_boost_round": 27.0, "subsample": 0.8797760793738251}, "datetime": {"datetime": "2024-01-20 15:00:06", "elapsed": 2141.026599, "delta": 0.002067}}
{"target": -13.410152345681832, "params": {"colsample_bytree": 0.19095154819235893, "eta": 0.09460873296859564, "gamma": 488.66424853958137, "max_depth": 3.0, "min_child_weight": 3819.6231692116253, "num_boost_round": 28.0, "subsample": 0.8797760793738251}, "datetime": {"datetime": "2024-01-20 15:00:06", "elapsed": 2141.028874, "delta": 0.002275}}
{"target": -13.41018901079724, "params": {"colsample_bytree": 0.19095154819235893, "eta": 0.09460873296859564, "gamma": 488.66424853958137, "max_depth": 3.0, "min_child_weight": 3819.6231692116253, "num_boost_round": 29.0, "subsample": 0.8797760793738251}, "datetime": {"datetime": "2024-01-20 15:00:06", "elapsed": 2141.031144, "delta": 0.00227}}
{"target": -13.410794318265964, "params": {"colsample_bytree": 0.19095154819235893, "eta": 0.09460873296859564, "gamma": 488.66424853958137, "max_depth": 3.0, "min_child_weight": 3819.6231692116253, "num_boost_round": 30.0, "subsample": 0.8797760793738251}, "datetime": {"datetime": "2024-01-20 15:00:06", "elapsed": 2141.033233, "delta": 0.002089}}
