{"target": -13.501058824126144, "params": {"colsample_bytree": 0.7181295998762133, "eta": 0.07910962000764749, "gamma": 712.1289494754972, "max_depth": 6.0, "min_child_weight": 4355.146069243018, "num_boost_round": 26.0, "subsample": 0.8669298763148963}, "datetime": {"datetime": "2024-01-20 14:56:34", "elapsed": 1947.673575, "delta": 0.002957}}
{"target": -13.501563582667693, "params": {"colsample_bytree": 0.7181295998762133, "eta": 0.07910962000764749, "gamma": 712.1289494754972, "max_depth": 6.0, "min_child_weight": 4355.146069243018, "num_boost_round": 27.0, "subsample": 0.8669298763148963}, "datetime": {"datetime": "2024-01-20 14:56:34", "elapsed": 1947.681604, "delta": 0.008029}}
{"target": -13.50190384184657, "params": {"colsample_bytree": 0.7181295998762133, "eta": 0.07910962000764749, "gamma": 712.1289494754972, "max_depth": 6.0, "min_child_weight": 4355.146069243018, "num_boost_round": 28.0, "subsample": 0.8669298763148963}, "datetime": {"datetime": "2024-01-20 14:56:34", "elapsed": 1947.684498, "delta": 0.002894}}
{"target": -13.50192309203202, "params": {"colsample_bytree": 0.7181295998762133, "eta": 0.07910962000764749, "gamma": 712.1289494754972, "max_depth": 6.0, "min_child_weight": 4355.146069243018, "num_boost_round": 29.0, "subsample": 0.8669298763148963}, "datetime": {"datetime": "2024-01-20 14:56:34", "elapsed": 1947.687376, "delta": 0.002878}}
{"target": -13.502097924030297, "params": {"colsample_bytree": 0.7181295998762133, "eta": 0.07910962000764749, "gamma": 712.1289494754972, "max_depth": 6.0, "min_child_weight": 4355.146069243018, "num_boost_round": 30.0, "subsample": 0.8669298763148963}, "datetime": {"datetime": "2024-01-20 14:56:34", "elapsed": 1947.690273, "delta": 0.002897}}
{"target": -13.502226878894799, "params": {"colsample_bytree": 0.7181295998762133, "eta": 0.07910962000764749, "gamma": 712.1289494754972, "max_depth": 6.0, "min_child_weight": 4355.146069243018, "num_boost_round": 31.0, "subsample": 0.8669298763148963}, "datetime": {"datetime": "2024-01-20 14:56:34", "elapsed": 1947.693327, "delta": 0.003054}}
{"target": -13.502320058721505, "params": {"colsample_bytree": 0.7181295998762133, "eta": 0.07910962000764749, "gamma": 712.1289494754972, "max_depth": 6.0, "min_child_weight": 4355.146069243018, "num_boost_round": 32.0, "subsample": 0.8669298763148963}, "datetime": {"datetime": "2024-01-20 14:56:34", "elapsed": 1947.696592, "delta": 0.003265}}
{"target": -13.502598573619906, "params": {"colsample_bytree": 0.7181295998762133, "eta": 0.07910962000764749, "gamma": 712.1289494754972, "max_depth": 6.0, "min_child_weight": 4355.146069243018, "num_boost_round": 33.0, "subsample": 0.8669298763148963}, "datetime": {"datetime": "2024-01-20 14:56:34", "elapsed": 1947.699818, "delta": 0.003226}}
{"target": -13.502799955937542, "params": {"colsample_bytree": 0.7181295998762133, "eta": 0.07910962000764749, "gamma": 712.1289494754972, "max_depth": 6.0, "min_child_weight": 4355.146069243018, "num_boost_round": 34.0, "subsample": 0.8669298763148963}, "datetime": {"datetime": "2024-01-20 14:56:34", "elapsed": 1947.703282, "delta": 0.003464}}
{"target": -13.502969025480164, "params": {"colsample_bytree": 0.7181295998762133, "eta": 0.07910962000764749, "gamma": 712.1289494754972, "max_depth": 6.0, "min_child_weight": 4355.146069243018, "num_boost_round": 35.0, "subsample": 0.8669298763148963}, "datetime": {"datetime": "2024-01-20 14:56:34", "elapsed": 1947.706273, "delta": 0.002991}}
{"target": -13.50320584264324, "params": {"colsample_bytree": 0.7181295998762133, "eta": 0.07910962000764749, "gamma": 712.1289494754972, "max_depth": 6.0, "min_child_weight": 4355.146069243018, "num_boost_round": 36.0, "subsample": 0.8669298763148963}, "datetime": {"datetime": "2024-01-20 14:56:34", "elapsed": 1947.709348, "delta": 0.003075}}
{"target": -13.50295867388957, "params": {"colsample_bytree": 0.7181295998762133, "eta": 0.07910962000764749, "gamma": 712.1289494754972, "max_depth": 6.0, "min_child_weight": 4355.146069243018, "num_boost_round": 37.0, "subsample": 0.8669298763148963}, "datetime": {"datetime": "2024-01-20 14:56:34", "elapsed": 1947.712244, "delta": 0.002896}}
{"target": -13.503213145987289, "params": {"colsample_bytree": 0.7181295998762133, "eta": 0.07910962000764749, "gamma": 712.1289494754972, "max_depth": 6.0, "min_child_weight": 4355.146069243018, "num_boost_round": 38.0, "subsample": 0.8669298763148963}, "datetime": {"datetime": "2024-01-20 14:56:34", "elapsed": 1947.715315, "delta": 0.003071}}
{"target": -13.503163981632973, "params": {"colsample_bytree": 0.7181295998762133, "eta": 0.07910962000764749, "gamma": 712.1289494754972, "max_depth": 6.0, "min_child_weight": 4355.146069243018, "num_boost_round": 39.0, "subsample": 0.8669298763148963}, "datetime": {"datetime": "2024-01-20 14:56:34", "elapsed": 1947.718222, "delta": 0.002907}}
{"target": -13.503179287469461, "params": {"colsample_bytree": 0.7181295998762133, "eta": 0.07910962000764749, "gamma": 712.1289494754972, "max_depth": 6.0, "min_child_weight": 4355.146069243018, "num_boost_round": 40.0, "subsample": 0.8669298763148963}, "datetime": {"datetime": "2024-01-20 14:56:34", "elapsed": 1947.721137, "delta": 0.002915}}
{"target": -13.503411509677491, "params": {"colsample_bytree": 0.7181295998762133, "eta": 0.07910962000764749, "gamma": 712.1289494754972, "max_depth": 6.0, "min_child_weight": 4355.146069243018, "num_boost_round": 41.0, "subsample": 0.8669298763148963}, "datetime": {"datetime": "2024-01-20 14:56:34", "elapsed": 1947.724034, "delta": 0.002897}}
{"target": -13.50350445925259, "params": {"colsample_bytree": 0.7181295998762133, "eta": 0.07910962000764749, "gamma": 712.1289494754972, "max_depth": 6.0, "min_child_weight": 4355.146069243018, "num_boost_round": 42.0, "subsample": 0.8669298763148963}, "datetime": {"datetime": "2024-01-20 14:56:34", "elapsed": 1947.726938, "delta": 0.002904}}
{"target": -13.50408021184205, "params": {"colsample_bytree": 0.7181295998762133, "eta": 0.07910962000764749, "gamma": 712.1289494754972, "max_depth": 6.0, "min_child_weight": 4355.146069243018, "num_boost_round": 43.0, "subsample": 0.8669298763148963}, "datetime": {"datetime": "2024-01-20 14:56:34", "elapsed": 1947.729861, "delta": 0.002923}}
{"target": -13.504157919550236, "params": {"colsample_bytree": 0.7181295998762133, "eta": 0.07910962000764749, "gamma": 712.1289494754972, "max_depth": 6.0, "min_child_weight": 4355.146069243018, "num_boost_round": 44.0, "subsample": 0.8669298763148963}, "datetime": {"datetime": "2024-01-20 14:56:34", "elapsed": 1947.733, "delta": 0.003139}}
{"target": -13.503895080019236, "params": {"colsample_bytree": 0.7181295998762133, "eta": 0.07910962000764749, "gamma": 712.1289494754972, "max_depth": 6.0, "min_child_weight": 4355.146069243018, "num_boost_round": 45.0, "subsample": 0.8669298763148963}, "datetime": {"datetime": "2024-01-20 14:56:34", "elapsed": 1947.736014, "delta": 0.003014}}
{"target": -13.504218084099797, "params": {"colsample_bytree": 0.7181295998762133, "eta": 0.07910962000764749, "gamma": 712.1289494754972, "max_depth": 6.0, "min_child_weight": 4355.146069243018, "num_boost_round": 46.0, "subsample": 0.8669298763148963}, "datetime": {"datetime": "2024-01-20 14:56:34", "elapsed": 1947.739111, "delta": 0.003097}}
{"target": -13.504374385295637, "params": {"colsample_bytree": 0.7181295998762133, "eta": 0.07910962000764749, "gamma": 712.1289494754972, "max_depth": 6.0, "min_child_weight": 4355.146069243018, "num_boost_round": 47.0, "subsample": 0.8669298763148963}, "datetime": {"datetime": "2024-01-20 14:56:34", "elapsed": 1947.742039, "delta": 0.002928}}
{"target": -13.504303429742865, "params": {"colsample_bytree": 0.7181295998762133, "eta": 0.07910962000764749, "gamma": 712.1289494754972, "max_depth": 6.0, "min_child_weight": 4355.146069243018, "num_boost_round": 48.0, "subsample": 0.8669298763148963}, "datetime": {"datetime": "2024-01-20 14:56:34", "elapsed": 1947.744944, "delta": 0.002905}}
{"target": -13.504274123165173, "params": {"colsample_bytree": 0.7181295998762133, "eta": 0.07910962000764749, "gamma": 712.1289494754972, "max_depth": 6.0, "min_child_weight": 4355.146069243018, "num_boost_round": 49.0, "subsample": 0.8669298763148963}, "datetime": {"datetime": "2024-01-20 14:56:34", "elapsed": 1947.747821, "delta": 0.002877}}
{"target": -13.504546017989828, "params": {"colsample_bytree": 0.7181295998762133, "eta": 0.07910962000764749, "gamma": 712.1289494754972, "max_depth": 6.0, "min_child_weight": 4355.146069243018, "num_boost_round": 50.0, "subsample": 0.8669298763148963}, "datetime": {"datetime": "2024-01-20 14:56:34", "elapsed": 1947.750823, "delta": 0.003002}}
{"target": -13.504863602253291, "params": {"colsample_bytree": 0.7181295998762133, "eta": 0.07910962000764749, "gamma": 712.1289494754972, "max_depth": 6.0, "min_child_weight": 4355.146069243018, "num_boost_round": 51.0, "subsample": 0.8669298763148963}, "datetime": {"datetime": "2024-01-20 14:56:34", "elapsed": 1947.753807, "delta": 0.002984}}
{"target": -13.504911538909617, "params": {"colsample_bytree": 0.7181295998762133, "eta": 0.07910962000764749, "gamma": 712.1289494754972, "max_depth": 6.0, "min_child_weight": 4355.146069243018, "num_boost_round": 52.0, "subsample": 0.8669298763148963}, "datetime": {"datetime": "2024-01-20 14:56:34", "elapsed": 1947.756771, "delta": 0.002964}}
{"target": -13.505178101052817, "params": {"colsample_bytree": 0.7181295998762133, "eta": 0.07910962000764749, "gamma": 712.1289494754972, "max_depth": 6.0, "min_child_weight": 4355.146069243018, "num_boost_round": 53.0, "subsample": 0.8669298763148963}, "datetime": {"datetime": "2024-01-20 14:56:34", "elapsed": 1947.759747, "delta": 0.002976}}
{"target": -13.505344672067846, "params": {"colsample_bytree": 0.7181295998762133, "eta": 0.07910962000764749, "gamma": 712.1289494754972, "max_depth": 6.0, "min_child_weight": 4355.146069243018, "num_boost_round": 54.0, "subsample": 0.8669298763148963}, "datetime": {"datetime": "2024-01-20 14:56:34", "elapsed": 1947.762643, "delta": 0.002896}}
{"target": -13.505291790698084, "params": {"colsample_bytree": 0.7181295998762133, "eta": 0.07910962000764749, "gamma": 712.1289494754972, "max_depth": 6.0, "min_child_weight": 4355.146069243018, "num_boost_round": 55.0, "subsample": 0.8669298763148963}, "datetime": {"datetime": "2024-01-20 14:56:34", "elapsed": 1947.765533, "delta": 0.00289}}
{"target": -13.505348560586102, "params": {"colsample_bytree": 0.7181295998762133, "eta": 0.07910962000764749, "gamma": 712.1289494754972, "max_depth": 6.0, "min_child_weight": 4355.146069243018, "num_boost_round": 56.0, "subsample": 0.8669298763148963}, "datetime": {"datetime": "2024-01-20 14:56:34", "elapsed": 1947.768425, "delta": 0.002892}}
{"target": -13.505313098404061, "params": {"colsample_bytree": 0.7181295998762133, "eta": 0.07910962000764749, "gamma": 712.1289494754972, "max_depth": 6.0, "min_child_weight": 4355.146069243018, "num_boost_round": 57.0, "subsample": 0.8669298763148963}, "datetime": {"datetime": "2024-01-20 14:56:34", "elapsed": 1947.771321, "delta": 0.002896}}
{"target": -13.50527102825702, "params": {"colsample_bytree": 0.7181295998762133, "eta": 0.07910962000764749, "gamma": 712.1289494754972, "max_depth": 6.0, "min_child_weight": 4355.146069243018, "num_boost_round": 58.0, "subsample": 0.8669298763148963}, "datetime": {"datetime": "2024-01-20 14:56:34", "elapsed": 1947.774338, "delta": 0.003017}}
{"target": -13.505505812906147, "params": {"colsample_bytree": 0.7181295998762133, "eta": 0.07910962000764749, "gamma": 712.1289494754972, "max_depth": 6.0, "min_child_weight": 4355.146069243018, "num_boost_round": 59.0, "subsample": 0.8669298763148963}, "datetime": {"datetime": "2024-01-20 14:56:34", "elapsed": 1947.777282, "delta": 0.002944}}
{"target": -13.505875777668702, "params": {"colsample_bytree": 0.7181295998762133, "eta": 0.07910962000764749, "gamma": 712.1289494754972, "max_depth": 6.0, "min_child_weight": 4355.146069243018, "num_boost_round": 60.0, "subsample": 0.8669298763148963}, "datetime": {"datetime": "2024-01-20 14:56:34", "elapsed": 1947.780176, "delta": 0.002894}}
{"target": -13.506051371331038, "params": {"colsample_bytree": 0.7181295998762133, "eta": 0.07910962000764749, "gamma": 712.1289494754972, "max_depth": 6.0, "min_child_weight": 4355.146069243018, "num_boost_round": 61.0, "subsample": 0.8669298763148963}, "datetime": {"datetime": "2024-01-20 14:56:34", "elapsed": 1947.78308, "delta": 0.002904}}
{"target": -13.506317073546668, "params": {"colsample_bytree": 0.7181295998762133, "eta": 0.07910962000764749, "gamma": 712.1289494754972, "max_depth": 6.0, "min_child_weight": 4355.146069243018, "num_boost_round": 62.0, "subsample": 0.8669298763148963}, "datetime": {"datetime": "2024-01-20 14:56:34", "elapsed": 1947.786005, "delta": 0.002925}}
{"target": -13.506453428394222, "params": {"colsample_bytree": 0.7181295998762133, "eta": 0.07910962000764749, "gamma": 712.1289494754972, "max_depth": 6.0, "min_child_weight": 4355.146069243018, "num_boost_round": 63.0, "subsample": 0.8669298763148963}, "datetime": {"datetime": "2024-01-20 14:56:34", "elapsed": 1947.788899, "delta": 0.002894}}
{"target": -13.506331460875248, "params": {"colsample_bytree": 0.7181295998762133, "eta": 0.07910962000764749, "gamma": 712.1289494754972, "max_depth": 6.0, "min_child_weight": 4355.146069243018, "num_boost_round": 64.0, "subsample": 0.8669298763148963}, "datetime": {"datetime": "2024-01-20 14:56:34", "elapsed": 1947.791803, "delta": 0.002904}}
{"target": -13.50633610536049, "params": {"colsample_bytree": 0.7181295998762133, "eta": 0.07910962000764749, "gamma": 712.1289494754972, "max_depth": 6.0, "min_child_weight": 4355.146069243018, "num_boost_round": 65.0, "subsample": 0.8669298763148963}, "datetime": {"datetime": "2024-01-20 14:56:34", "elapsed": 1947.794876, "delta": 0.003073}}
{"target": -13.50670612052896, "params": {"colsample_bytree": 0.7181295998762133, "eta": 0.07910962000764749, "gamma": 712.1289494754972, "max_depth": 6.0, "min_child_weight": 4355.146069243018, "num_boost_round": 66.0, "subsample": 0.8669298763148963}, "datetime": {"datetime": "2024-01-20 14:56:34", "elapsed": 1947.797791, "delta": 0.002915}}
{"target": -13.50680563112692, "params": {"colsample_bytree": 0.7181295998762133, "eta": 0.07910962000764749, "gamma": 712.1289494754972, "max_depth": 6.0, "min_child_weight": 4355.146069243018, "num_boost_round": 67.0, "subsample": 0.8669298763148963}, "datetime": {"datetime": "2024-01-20 14:56:34", "elapsed": 1947.800705, "delta": 0.002914}}
{"target": -13.50690683020601, "params": {"colsample_bytree": 0.7181295998762133, "eta": 0.07910962000764749, "gamma": 712.1289494754972, "max_depth": 6.0, "min_child_weight": 4355.146069243018, "num_boost_round": 68.0, "subsample": 0.8669298763148963}, "datetime": {"datetime": "2024-01-20 14:56:34", "elapsed": 1947.803622, "delta": 0.002917}}
{"target": -13.507345909959945, "params": {"colsample_bytree": 0.7181295998762133, "eta": 0.07910962000764749, "gamma": 712.1289494754972, "max_depth": 6.0, "min_child_weight": 4355.146069243018, "num_boost_round": 69.0, "subsample": 0.8669298763148963}, "datetime": {"datetime": "2024-01-20 14:56:34", "elapsed": 1947.806536, "delta": 0.002914}}
{"target": -13.507336824444309, "params": {"colsample_bytree": 0.7181295998762133, "eta": 0.07910962000764749, "gamma": 712.1289494754972, "max_depth": 6.0, "min_child_weight": 4355.146069243018, "num_boost_round": 70.0, "subsample": 0.8669298763148963}, "datetime": {"datetime": "2024-01-20 14:56:34", "elapsed": 1947.80944, "delta": 0.002904}}
{"target": -13.50761071917321, "params": {"colsample_bytree": 0.7181295998762133, "eta": 0.07910962000764749, "gamma": 712.1289494754972, "max_depth": 6.0, "min_child_weight": 4355.146069243018, "num_boost_round": 71.0, "subsample": 0.8669298763148963}, "datetime": {"datetime": "2024-01-20 14:56:34", "elapsed": 1947.812523, "delta": 0.003083}}
{"target": -13.508010311133122, "params": {"colsample_bytree": 0.7181295998762133, "eta": 0.07910962000764749, "gamma": 712.1289494754972, "max_depth": 6.0, "min_child_weight": 4355.146069243018, "num_boost_round": 72.0, "subsample": 0.8669298763148963}, "datetime": {"datetime": "2024-01-20 14:56:34", "elapsed": 1947.815513, "delta": 0.00299}}
{"target": -13.508144415301864, "params": {"colsample_bytree": 0.7181295998762133, "eta": 0.07910962000764749, "gamma": 712.1289494754972, "max_depth": 6.0, "min_child_weight": 4355.146069243018, "num_boost_round": 73.0, "subsample": 0.8669298763148963}, "datetime": {"datetime": "2024-01-20 14:56:34", "elapsed": 1947.818433, "delta": 0.00292}}
{"target": -13.508459300632866, "params": {"colsample_bytree": 0.7181295998762133, "eta": 0.07910962000764749, "gamma": 712.1289494754972, "max_depth": 6.0, "min_child_weight": 4355.146069243018, "num_boost_round": 74.0, "subsample": 0.8669298763148963}, "datetime": {"datetime": "2024-01-20 14:56:34", "elapsed": 1947.821347, "delta": 0.002914}}
{"target": -13.508580184210068, "params": {"colsample_bytree": 0.7181295998762133, "eta": 0.07910962000764749, "gamma": 712.1289494754972, "max_depth": 6.0, "min_child_weight": 4355.146069243018, "num_boost_round": 75.0, "subsample": 0.8669298763148963}, "datetime": {"datetime": "2024-01-20 14:56:34", "elapsed": 1947.824319, "delta": 0.002972}}
{"target": -13.508662721590165, "params": {"colsample_bytree": 0.7181295998762133, "eta": 0.07910962000764749, "gamma": 712.1289494754972, "max_depth": 6.0, "min_child_weight": 4355.146069243018, "num_boost_round": 76.0, "subsample": 0.8669298763148963}, "datetime": {"datetime": "2024-01-20 14:56:34", "elapsed": 1947.827239, "delta": 0.00292}}
{"target": -13.508698621697807, "params": {"colsample_bytree": 0.7181295998762133, "eta": 0.07910962000764749, "gamma": 712.1289494754972, "max_depth": 6.0, "min_child_weight": 4355.146069243018, "num_boost_round": 77.0, "subsample": 0.8669298763148963}, "datetime": {"datetime": "2024-01-20 14:56:34", "elapsed": 1947.830202, "delta": 0.002963}}
{"target": -13.508599506569084, "params": {"colsample_bytree": 0.7181295998762133, "eta": 0.07910962000764749, "gamma": 712.1289494754972, "max_depth": 6.0, "min_child_weight": 4355.146069243018, "num_boost_round": 78.0, "subsample": 0.8669298763148963}, "datetime": {"datetime": "2024-01-20 14:56:34", "elapsed": 1947.833368, "delta": 0.003166}}
{"target": -13.508945204975157, "params": {"colsample_bytree": 0.7181295998762133, "eta": 0.07910962000764749, "gamma": 712.1289494754972, "max_depth": 6.0, "min_child_weight": 4355.146069243018, "num_boost_round": 79.0, "subsample": 0.8669298763148963}, "datetime": {"datetime": "2024-01-20 14:56:34", "elapsed": 1947.836506, "delta": 0.003138}}
{"target": -13.509062673378093, "params": {"colsample_bytree": 0.7181295998762133, "eta": 0.07910962000764749, "gamma": 712.1289494754972, "max_depth": 6.0, "min_child_weight": 4355.146069243018, "num_boost_round": 80.0, "subsample": 0.8669298763148963}, "datetime": {"datetime": "2024-01-20 14:56:34", "elapsed": 1947.839565, "delta": 0.003059}}
{"target": -13.509085687351565, "params": {"colsample_bytree": 0.7181295998762133, "eta": 0.07910962000764749, "gamma": 712.1289494754972, "max_depth": 6.0, "min_child_weight": 4355.146069243018, "num_boost_round": 81.0, "subsample": 0.8669298763148963}, "datetime": {"datetime": "2024-01-20 14:56:34", "elapsed": 1947.842498, "delta": 0.002933}}
{"target": -13.509150455690428, "params": {"colsample_bytree": 0.7181295998762133, "eta": 0.07910962000764749, "gamma": 712.1289494754972, "max_depth": 6.0, "min_child_weight": 4355.146069243018, "num_boost_round": 82.0, "subsample": 0.8669298763148963}, "datetime": {"datetime": "2024-01-20 14:56:34", "elapsed": 1947.845482, "delta": 0.002984}}
{"target": -13.509552900704549, "params": {"colsample_bytree": 0.7181295998762133, "eta": 0.07910962000764749, "gamma": 712.1289494754972, "max_depth": 6.0, "min_child_weight": 4355.146069243018, "num_boost_round": 83.0, "subsample": 0.8669298763148963}, "datetime": {"datetime": "2024-01-20 14:56:34", "elapsed": 1947.849195, "delta": 0.003713}}
{"target": -13.509792979290516, "params": {"colsample_bytree": 0.7181295998762133, "eta": 0.07910962000764749, "gamma": 712.1289494754972, "max_depth": 6.0, "min_child_weight": 4355.146069243018, "num_boost_round": 84.0, "subsample": 0.8669298763148963}, "datetime": {"datetime": "2024-01-20 14:56:34", "elapsed": 1947.853317, "delta": 0.004122}}
{"target": -13.510043748489466, "params": {"colsample_bytree": 0.7181295998762133, "eta": 0.07910962000764749, "gamma": 712.1289494754972, "max_depth": 6.0, "min_child_weight": 4355.146069243018, "num_boost_round": 85.0, "subsample": 0.8669298763148963}, "datetime": {"datetime": "2024-01-20 14:56:34", "elapsed": 1947.857174, "delta": 0.003857}}
{"target": -13.510189520506968, "params": {"colsample_bytree": 0.7181295998762133, "eta": 0.07910962000764749, "gamma": 712.1289494754972, "max_depth": 6.0, "min_child_weight": 4355.146069243018, "num_boost_round": 86.0, "subsample": 0.8669298763148963}, "datetime": {"datetime": "2024-01-20 14:56:34", "elapsed": 1947.861565, "delta": 0.004391}}
{"target": -13.510487680839475, "params": {"colsample_bytree": 0.7181295998762133, "eta": 0.07910962000764749, "gamma": 712.1289494754972, "max_depth": 6.0, "min_child_weight": 4355.146069243018, "num_boost_round": 87.0, "subsample": 0.8669298763148963}, "datetime": {"datetime": "2024-01-20 14:56:34", "elapsed": 1947.865364, "delta": 0.003799}}
{"target": -13.510614929920251, "params": {"colsample_bytree": 0.7181295998762133, "eta": 0.07910962000764749, "gamma": 712.1289494754972, "max_depth": 6.0, "min_child_weight": 4355.146069243018, "num_boost_round": 88.0, "subsample": 0.8669298763148963}, "datetime": {"datetime": "2024-01-20 14:56:34", "elapsed": 1947.868446, "delta": 0.003082}}
