{"target": -12.35373404536989, "params": {"colsample_bytree": 0.2033500112621976, "eta": 0.02358565408241168, "gamma": 506.11119778870307, "max_depth": 9.0, "min_child_weight": 4205.392692205293, "num_boost_round": 37.0, "subsample": 0.8995780183514964}, "datetime": {"datetime": "2024-01-20 14:38:35", "elapsed": 881.962052, "delta": 0.001782}}
{"target": -12.353889219891816, "params": {"colsample_bytree": 0.2033500112621976, "eta": 0.02358565408241168, "gamma": 506.11119778870307, "max_depth": 9.0, "min_child_weight": 4205.392692205293, "num_boost_round": 38.0, "subsample": 0.8995780183514964}, "datetime": {"datetime": "2024-01-20 14:38:35", "elapsed": 881.963737, "delta": 0.001685}}
{"target": -12.353746837665511, "params": {"colsample_bytree": 0.2033500112621976, "eta": 0.02358565408241168, "gamma": 506.11119778870307, "max_depth": 9.0, "min_child_weight": 4205.392692205293, "num_boost_round": 39.0, "subsample": 0.8995780183514964}, "datetime": {"datetime": "2024-01-20 14:38:35", "elapsed": 881.965423, "delta": 0.001686}}
{"target": -12.35366122064509, "params": {"colsample_bytree": 0.2033500112621976, "eta": 0.02358565408241168, "gamma": 506.11119778870307, "max_depth": 9.0, "min_child_weight": 4205.392692205293, "num_boost_round": 40.0, "subsample": 0.8995780183514964}, "datetime": {"datetime": "2024-01-20 14:38:35", "elapsed": 881.967104, "delta": 0.001681}}
{"target": -12.353006472080715, "params": {"colsample_bytree": 0.2033500112621976, "eta": 0.02358565408241168, "gamma": 506.11119778870307, "max_depth": 9.0, "min_child_weight": 4205.392692205293, "num_boost_round": 41.0, "subsample": 0.8995780183514964}, "datetime": {"datetime": "2024-01-20 14:38:35", "elapsed": 881.968804, "delta": 0.0017}}
{"target": -12.352572227151532, "params": {"colsample_bytree": 0.2033500112621976, "eta": 0.02358565408241168, "gamma": 506.11119778870307, "max_depth": 9.0, "min_child_weight": 4205.392692205293, "num_boost_round": 42.0, "subsample": 0.8995780183514964}, "datetime": {"datetime": "2024-01-20 14:38:35", "elapsed": 881.970473, "delta": 0.001669}}
{"target": -12.352615328466618, "params": {"colsample_bytree": 0.2033500112621976, "eta": 0.02358565408241168, "gamma": 506.11119778870307, "max_depth": 9.0, "min_child_weight": 4205.392692205293, "num_boost_round": 43.0, "subsample": 0.8995780183514964}, "datetime": {"datetime": "2024-01-20 14:38:35", "elapsed": 881.972164, "delta": 0.001691}}
{"target": -12.35280881722973, "params": {"colsample_bytree": 0.2033500112621976, "eta": 0.02358565408241168, "gamma": 506.11119778870307, "max_depth": 9.0, "min_child_weight": 4205.392692205293, "num_boost_round": 44.0, "subsample": 0.8995780183514964}, "datetime": {"datetime": "2024-01-20 14:38:35", "elapsed": 881.973859, "delta": 0.001695}}
{"target": -12.35285090763136, "params": {"colsample_bytree": 0.2033500112621976, "eta": 0.02358565408241168, "gamma": 506.11119778870307, "max_depth": 9.0, "min_child_weight": 4205.392692205293, "num_boost_round": 45.0, "subsample": 0.8995780183514964}, "datetime": {"datetime": "2024-01-20 14:38:35", "elapsed": 881.975591, "delta": 0.001732}}
{"target": -12.352913061231973, "params": {"colsample_bytree": 0.2033500112621976, "eta": 0.02358565408241168, "gamma": 506.11119778870307, "max_depth": 9.0, "min_child_weight": 4205.392692205293, "num_boost_round": 46.0, "subsample": 0.8995780183514964}, "datetime": {"datetime": "2024-01-20 14:38:35", "elapsed": 881.97739, "delta": 0.001799}}
{"target": -12.352944340490405, "params": {"colsample_bytree": 0.2033500112621976, "eta": 0.02358565408241168, "gamma": 506.11119778870307, "max_depth": 9.0, "min_child_weight": 4205.392692205293, "num_boost_round": 47.0, "subsample": 0.8995780183514964}, "datetime": {"datetime": "2024-01-20 14:38:35", "elapsed": 881.979182, "delta": 0.001792}}
{"target": -12.353171300739305, "params": {"colsample_bytree": 0.2033500112621976, "eta": 0.02358565408241168, "gamma": 506.11119778870307, "max_depth": 9.0, "min_child_weight": 4205.392692205293, "num_boost_round": 48.0, "subsample": 0.8995780183514964}, "datetime": {"datetime": "2024-01-20 14:38:35", "elapsed": 881.981374, "delta": 0.002192}}
{"target": -12.353199660987864, "params": {"colsample_bytree": 0.2033500112621976, "eta": 0.02358565408241168, "gamma": 506.11119778870307, "max_depth": 9.0, "min_child_weight": 4205.392692205293, "num_boost_round": 49.0, "subsample": 0.8995780183514964}, "datetime": {"datetime": "2024-01-20 14:38:35", "elapsed": 881.984002, "delta": 0.002628}}
{"target": -12.353226547192016, "params": {"colsample_bytree": 0.2033500112621976, "eta": 0.02358565408241168, "gamma": 506.11119778870307, "max_depth": 9.0, "min_child_weight": 4205.392692205293, "num_boost_round": 50.0, "subsample": 0.8995780183514964}, "datetime": {"datetime": "2024-01-20 14:38:35", "elapsed": 881.986337, "delta": 0.002335}}
{"target": -12.353249979766634, "params": {"colsample_bytree": 0.2033500112621976, "eta": 0.02358565408241168, "gamma": 506.11119778870307, "max_depth": 9.0, "min_child_weight": 4205.392692205293, "num_boost_round": 51.0, "subsample": 0.8995780183514964}, "datetime": {"datetime": "2024-01-20 14:38:35", "elapsed": 881.988133, "delta": 0.001796}}
{"target": -12.35330989654735, "params": {"colsample_bytree": 0.2033500112621976, "eta": 0.02358565408241168, "gamma": 506.11119778870307, "max_depth": 9.0, "min_child_weight": 4205.392692205293, "num_boost_round": 52.0, "subsample": 0.8995780183514964}, "datetime": {"datetime": "2024-01-20 14:38:35", "elapsed": 881.989921, "delta": 0.001788}}
{"target": -12.352870957860759, "params": {"colsample_bytree": 0.2033500112621976, "eta": 0.02358565408241168, "gamma": 506.11119778870307, "max_depth": 9.0, "min_child_weight": 4205.392692205293, "num_boost_round": 53.0, "subsample": 0.8995780183514964}, "datetime": {"datetime": "2024-01-20 14:38:35", "elapsed": 881.991781, "delta": 0.00186}}
{"target": -12.352056965505804, "params": {"colsample_bytree": 0.2033500112621976, "eta": 0.02358565408241168, "gamma": 506.11119778870307, "max_depth": 9.0, "min_child_weight": 4205.392692205293, "num_boost_round": 54.0, "subsample": 0.8995780183514964}, "datetime": {"datetime": "2024-01-20 14:38:35", "elapsed": 881.993644, "delta": 0.001863}}
{"target": -12.352075900886252, "params": {"colsample_bytree": 0.2033500112621976, "eta": 0.02358565408241168, "gamma": 506.11119778870307, "max_depth": 9.0, "min_child_weight": 4205.392692205293, "num_boost_round": 55.0, "subsample": 0.8995780183514964}, "datetime": {"datetime": "2024-01-20 14:38:35", "elapsed": 881.995599, "delta": 0.001955}}
{"target": -12.351540804240955, "params": {"colsample_bytree": 0.2033500112621976, "eta": 0.02358565408241168, "gamma": 506.11119778870307, "max_depth": 9.0, "min_child_weight": 4205.392692205293, "num_boost_round": 56.0, "subsample": 0.8995780183514964}, "datetime": {"datetime": "2024-01-20 14:38:35", "elapsed": 881.998382, "delta": 0.002783}}
{"target": -12.351556739261001, "params": {"colsample_bytree": 0.2033500112621976, "eta": 0.02358565408241168, "gamma": 506.11119778870307, "max_depth": 9.0, "min_child_weight": 4205.392692205293, "num_boost_round": 57.0, "subsample": 0.8995780183514964}, "datetime": {"datetime": "2024-01-20 14:38:35", "elapsed": 882.000433, "delta": 0.002051}}
{"target": -12.351624386465975, "params": {"colsample_bytree": 0.2033500112621976, "eta": 0.02358565408241168, "gamma": 506.11119778870307, "max_depth": 9.0, "min_child_weight": 4205.392692205293, "num_boost_round": 58.0, "subsample": 0.8995780183514964}, "datetime": {"datetime": "2024-01-20 14:38:35", "elapsed": 882.002221, "delta": 0.001788}}
{"target": -12.351134654604216, "params": {"colsample_bytree": 0.2033500112621976, "eta": 0.02358565408241168, "gamma": 506.11119778870307, "max_depth": 9.0, "min_child_weight": 4205.392692205293, "num_boost_round": 59.0, "subsample": 0.8995780183514964}, "datetime": {"datetime": "2024-01-20 14:38:35", "elapsed": 882.003933, "delta": 0.001712}}
{"target": -12.351147890915335, "params": {"colsample_bytree": 0.2033500112621976, "eta": 0.02358565408241168, "gamma": 506.11119778870307, "max_depth": 9.0, "min_child_weight": 4205.392692205293, "num_boost_round": 60.0, "subsample": 0.8995780183514964}, "datetime": {"datetime": "2024-01-20 14:38:35", "elapsed": 882.005632, "delta": 0.001699}}
{"target": -12.357604593536273, "params": {"colsample_bytree": 0.28069731713721213, "eta": 0.036572063199555166, "gamma": 611.4326404624471, "max_depth": 2.0, "min_child_weight": 4221.861688032641, "num_boost_round": 1.0, "subsample": 0.7816587913529109}, "datetime": {"datetime": "2024-01-20 14:39:10", "elapsed": 916.53031, "delta": 34.524678}}
{"target": -12.356785265260603, "params": {"colsample_bytree": 0.28069731713721213, "eta": 0.036572063199555166, "gamma": 611.4326404624471, "max_depth": 2.0, "min_child_weight": 4221.861688032641, "num_boost_round": 2.0, "subsample": 0.7816587913529109}, "datetime": {"datetime": "2024-01-20 14:39:10", "elapsed": 916.532523, "delta": 0.002213}}
{"target": -12.354928686775647, "params": {"colsample_bytree": 0.28069731713721213, "eta": 0.036572063199555166, "gamma": 611.4326404624471, "max_depth": 2.0, "min_child_weight": 4221.861688032641, "num_boost_round": 3.0, "subsample": 0.7816587913529109}, "datetime": {"datetime": "2024-01-20 14:39:10", "elapsed": 916.534292, "delta": 0.001769}}
{"target": -12.355123802108839, "params": {"colsample_bytree": 0.28069731713721213, "eta": 0.036572063199555166, "gamma": 611.4326404624471, "max_depth": 2.0, "min_child_weight": 4221.861688032641, "num_boost_round": 4.0, "subsample": 0.7816587913529109}, "datetime": {"datetime": "2024-01-20 14:39:10", "elapsed": 916.536232, "delta": 0.00194}}
{"target": -12.354273813916562, "params": {"colsample_bytree": 0.28069731713721213, "eta": 0.036572063199555166, "gamma": 611.4326404624471, "max_depth": 2.0, "min_child_weight": 4221.861688032641, "num_boost_round": 5.0, "subsample": 0.7816587913529109}, "datetime": {"datetime": "2024-01-20 14:39:10", "elapsed": 916.538115, "delta": 0.001883}}
{"target": -12.35346780033455, "params": {"colsample_bytree": 0.28069731713721213, "eta": 0.036572063199555166, "gamma": 611.4326404624471, "max_depth": 2.0, "min_child_weight": 4221.861688032641, "num_boost_round": 6.0, "subsample": 0.7816587913529109}, "datetime": {"datetime": "2024-01-20 14:39:10", "elapsed": 916.539843, "delta": 0.001728}}
{"target": -12.35367162045937, "params": {"colsample_bytree": 0.28069731713721213, "eta": 0.036572063199555166, "gamma": 611.4326404624471, "max_depth": 2.0, "min_child_weight": 4221.861688032641, "num_boost_round": 7.0, "subsample": 0.7816587913529109}, "datetime": {"datetime": "2024-01-20 14:39:10", "elapsed": 916.541594, "delta": 0.001751}}
{"target": -12.352822990500885, "params": {"colsample_bytree": 0.28069731713721213, "eta": 0.036572063199555166, "gamma": 611.4326404624471, "max_depth": 2.0, "min_child_weight": 4221.861688032641, "num_boost_round": 8.0, "subsample": 0.7816587913529109}, "datetime": {"datetime": "2024-01-20 14:39:10", "elapsed": 916.543323, "delta": 0.001729}}
{"target": -12.352868616952241, "params": {"colsample_bytree": 0.28069731713721213, "eta": 0.036572063199555166, "gamma": 611.4326404624471, "max_depth": 2.0, "min_child_weight": 4221.861688032641, "num_boost_round": 9.0, "subsample": 0.7816587913529109}, "datetime": {"datetime": "2024-01-20 14:39:10", "elapsed": 916.545044, "delta": 0.001721}}
{"target": -12.352218413912283, "params": {"colsample_bytree": 0.28069731713721213, "eta": 0.036572063199555166, "gamma": 611.4326404624471, "max_depth": 2.0, "min_child_weight": 4221.861688032641, "num_boost_round": 10.0, "subsample": 0.7816587913529109}, "datetime": {"datetime": "2024-01-20 14:39:10", "elapsed": 916.546824, "delta": 0.00178}}
{"target": -12.351557609992945, "params": {"colsample_bytree": 0.28069731713721213, "eta": 0.036572063199555166, "gamma": 611.4326404624471, "max_depth": 2.0, "min_child_weight": 4221.861688032641, "num_boost_round": 11.0, "subsample": 0.7816587913529109}, "datetime": {"datetime": "2024-01-20 14:39:10", "elapsed": 916.548545, "delta": 0.001721}}
{"target": -12.351144929334637, "params": {"colsample_bytree": 0.28069731713721213, "eta": 0.036572063199555166, "gamma": 611.4326404624471, "max_depth": 2.0, "min_child_weight": 4221.861688032641, "num_boost_round": 12.0, "subsample": 0.7816587913529109}, "datetime": {"datetime": "2024-01-20 14:39:10", "elapsed": 916.550268, "delta": 0.001723}}
{"target": -12.351455786764681, "params": {"colsample_bytree": 0.28069731713721213, "eta": 0.036572063199555166, "gamma": 611.4326404624471, "max_depth": 2.0, "min_child_weight": 4221.861688032641, "num_boost_round": 13.0, "subsample": 0.7816587913529109}, "datetime": {"datetime": "2024-01-20 14:39:10", "elapsed": 916.552001, "delta": 0.001733}}
{"target": -12.350862463980251, "params": {"colsample_bytree": 0.28069731713721213, "eta": 0.036572063199555166, "gamma": 611.4326404624471, "max_depth": 2.0, "min_child_weight": 4221.861688032641, "num_boost_round": 14.0, "subsample": 0.7816587913529109}, "datetime": {"datetime": "2024-01-20 14:39:10", "elapsed": 916.553735, "delta": 0.001734}}
{"target": -12.350060105838967, "params": {"colsample_bytree": 0.28069731713721213, "eta": 0.036572063199555166, "gamma": 611.4326404624471, "max_depth": 2.0, "min_child_weight": 4221.861688032641, "num_boost_round": 15.0, "subsample": 0.7816587913529109}, "datetime": {"datetime": "2024-01-20 14:39:10", "elapsed": 916.555449, "delta": 0.001714}}
{"target": -12.349451512966887, "params": {"colsample_bytree": 0.28069731713721213, "eta": 0.036572063199555166, "gamma": 611.4326404624471, "max_depth": 2.0, "min_child_weight": 4221.861688032641, "num_boost_round": 16.0, "subsample": 0.7816587913529109}, "datetime": {"datetime": "2024-01-20 14:39:10", "elapsed": 916.557209, "delta": 0.00176}}
{"target": -12.349652046199708, "params": {"colsample_bytree": 0.28069731713721213, "eta": 0.036572063199555166, "gamma": 611.4326404624471, "max_depth": 2.0, "min_child_weight": 4221.861688032641, "num_boost_round": 17.0, "subsample": 0.7816587913529109}, "datetime": {"datetime": "2024-01-20 14:39:10", "elapsed": 916.559043, "delta": 0.001834}}
{"target": -12.34959096120767, "params": {"colsample_bytree": 0.28069731713721213, "eta": 0.036572063199555166, "gamma": 611.4326404624471, "max_depth": 2.0, "min_child_weight": 4221.861688032641, "num_boost_round": 18.0, "subsample": 0.7816587913529109}, "datetime": {"datetime": "2024-01-20 14:39:10", "elapsed": 916.560787, "delta": 0.001744}}
{"target": -12.349619375706514, "params": {"colsample_bytree": 0.28069731713721213, "eta": 0.036572063199555166, "gamma": 611.4326404624471, "max_depth": 2.0, "min_child_weight": 4221.861688032641, "num_boost_round": 19.0, "subsample": 0.7816587913529109}, "datetime": {"datetime": "2024-01-20 14:39:10", "elapsed": 916.562612, "delta": 0.001825}}
{"target": -12.349125019658695, "params": {"colsample_bytree": 0.28069731713721213, "eta": 0.036572063199555166, "gamma": 611.4326404624471, "max_depth": 2.0, "min_child_weight": 4221.861688032641, "num_boost_round": 20.0, "subsample": 0.7816587913529109}, "datetime": {"datetime": "2024-01-20 14:39:10", "elapsed": 916.564354, "delta": 0.001742}}
{"target": -12.349244057300146, "params": {"colsample_bytree": 0.28069731713721213, "eta": 0.036572063199555166, "gamma": 611.4326404624471, "max_depth": 2.0, "min_child_weight": 4221.861688032641, "num_boost_round": 21.0, "subsample": 0.7816587913529109}, "datetime": {"datetime": "2024-01-20 14:39:10", "elapsed": 916.566103, "delta": 0.001749}}
{"target": -12.349273723763002, "params": {"colsample_bytree": 0.28069731713721213, "eta": 0.036572063199555166, "gamma": 611.4326404624471, "max_depth": 2.0, "min_child_weight": 4221.861688032641, "num_boost_round": 22.0, "subsample": 0.7816587913529109}, "datetime": {"datetime": "2024-01-20 14:39:10", "elapsed": 916.567826, "delta": 0.001723}}
{"target": -12.348571281819051, "params": {"colsample_bytree": 0.28069731713721213, "eta": 0.036572063199555166, "gamma": 611.4326404624471, "max_depth": 2.0, "min_child_weight": 4221.861688032641, "num_boost_round": 23.0, "subsample": 0.7816587913529109}, "datetime": {"datetime": "2024-01-20 14:39:10", "elapsed": 916.569597, "delta": 0.001771}}
{"target": -12.348724315378325, "params": {"colsample_bytree": 0.28069731713721213, "eta": 0.036572063199555166, "gamma": 611.4326404624471, "max_depth": 2.0, "min_child_weight": 4221.861688032641, "num_boost_round": 24.0, "subsample": 0.7816587913529109}, "datetime": {"datetime": "2024-01-20 14:39:10", "elapsed": 916.571324, "delta": 0.001727}}
{"target": -12.347600779288246, "params": {"colsample_bytree": 0.28069731713721213, "eta": 0.036572063199555166, "gamma": 611.4326404624471, "max_depth": 2.0, "min_child_weight": 4221.861688032641, "num_boost_round": 25.0, "subsample": 0.7816587913529109}, "datetime": {"datetime": "2024-01-20 14:39:10", "elapsed": 916.573066, "delta": 0.001742}}
{"target": -12.347635784189624, "params": {"colsample_bytree": 0.28069731713721213, "eta": 0.036572063199555166, "gamma": 611.4326404624471, "max_depth": 2.0, "min_child_weight": 4221.861688032641, "num_boost_round": 26.0, "subsample": 0.7816587913529109}, "datetime": {"datetime": "2024-01-20 14:39:10", "elapsed": 916.574836, "delta": 0.00177}}
{"target": -12.347811951569799, "params": {"colsample_bytree": 0.28069731713721213, "eta": 0.036572063199555166, "gamma": 611.4326404624471, "max_depth": 2.0, "min_child_weight": 4221.861688032641, "num_boost_round": 27.0, "subsample": 0.7816587913529109}, "datetime": {"datetime": "2024-01-20 14:39:10", "elapsed": 916.576591, "delta": 0.001755}}
{"target": -12.34780983754267, "params": {"colsample_bytree": 0.28069731713721213, "eta": 0.036572063199555166, "gamma": 611.4326404624471, "max_depth": 2.0, "min_child_weight": 4221.861688032641, "num_boost_round": 28.0, "subsample": 0.7816587913529109}, "datetime": {"datetime": "2024-01-20 14:39:10", "elapsed": 916.578448, "delta": 0.001857}}
{"target": -12.347794440711603, "params": {"colsample_bytree": 0.28069731713721213, "eta": 0.036572063199555166, "gamma": 611.4326404624471, "max_depth": 2.0, "min_child_weight": 4221.861688032641, "num_boost_round": 29.0, "subsample": 0.7816587913529109}, "datetime": {"datetime": "2024-01-20 14:39:10", "elapsed": 916.580209, "delta": 0.001761}}
{"target": -12.347396151875426, "params": {"colsample_bytree": 0.28069731713721213, "eta": 0.036572063199555166, "gamma": 611.4326404624471, "max_depth": 2.0, "min_child_weight": 4221.861688032641, "num_boost_round": 30.0, "subsample": 0.7816587913529109}, "datetime": {"datetime": "2024-01-20 14:39:10", "elapsed": 916.58199, "delta": 0.001781}}
{"target": -12.346357520014172, "params": {"colsample_bytree": 0.28069731713721213, "eta": 0.036572063199555166, "gamma": 611.4326404624471, "max_depth": 2.0, "min_child_weight": 4221.861688032641, "num_boost_round": 31.0, "subsample": 0.7816587913529109}, "datetime": {"datetime": "2024-01-20 14:39:10", "elapsed": 916.583747, "delta": 0.001757}}
{"target": -12.346392931769174, "params": {"colsample_bytree": 0.28069731713721213, "eta": 0.036572063199555166, "gamma": 611.4326404624471, "max_depth": 2.0, "min_child_weight": 4221.861688032641, "num_boost_round": 32.0, "subsample": 0.7816587913529109}, "datetime": {"datetime": "2024-01-20 14:39:10", "elapsed": 916.585505, "delta": 0.001758}}
{"target": -12.346619153557267, "params": {"colsample_bytree": 0.28069731713721213, "eta": 0.036572063199555166, "gamma": 611.4326404624471, "max_depth": 2.0, "min_child_weight": 4221.861688032641, "num_boost_round": 33.0, "subsample": 0.7816587913529109}, "datetime": {"datetime": "2024-01-20 14:39:10", "elapsed": 916.587258, "delta": 0.001753}}
{"target": -12.346623892300133, "params": {"colsample_bytree": 0.28069731713721213, "eta": 0.036572063199555166, "gamma": 611.4326404624471, "max_depth": 2.0, "min_child_weight": 4221.861688032641, "num_boost_round": 34.0, "subsample": 0.7816587913529109}, "datetime": {"datetime": "2024-01-20 14:39:10", "elapsed": 916.589012, "delta": 0.001754}}
{"target": -12.346943633764173, "params": {"colsample_bytree": 0.28069731713721213, "eta": 0.036572063199555166, "gamma": 611.4326404624471, "max_depth": 2.0, "min_child_weight": 4221.861688032641, "num_boost_round": 35.0, "subsample": 0.7816587913529109}, "datetime": {"datetime": "2024-01-20 14:39:10", "elapsed": 916.590776, "delta": 0.001764}}
{"target": -12.347039213210373, "params": {"colsample_bytree": 0.28069731713721213, "eta": 0.036572063199555166, "gamma": 611.4326404624471, "max_depth": 2.0, "min_child_weight": 4221.861688032641, "num_boost_round": 36.0, "subsample": 0.7816587913529109}, "datetime": {"datetime": "2024-01-20 14:39:10", "elapsed": 916.592514, "delta": 0.001738}}
{"target": -12.347241917865324, "params": {"colsample_bytree": 0.28069731713721213, "eta": 0.036572063199555166, "gamma": 611.4326404624471, "max_depth": 2.0, "min_child_weight": 4221.861688032641, "num_boost_round": 37.0, "subsample": 0.7816587913529109}, "datetime": {"datetime": "2024-01-20 14:39:10", "elapsed": 916.594272, "delta": 0.001758}}
{"target": -12.34688608976672, "params": {"colsample_bytree": 0.28069731713721213, "eta": 0.036572063199555166, "gamma": 611.4326404624471, "max_depth": 2.0, "min_child_weight": 4221.861688032641, "num_boost_round": 38.0, "subsample": 0.7816587913529109}, "datetime": {"datetime": "2024-01-20 14:39:10", "elapsed": 916.596029, "delta": 0.001757}}
{"target": -12.347095997830316, "params": {"colsample_bytree": 0.28069731713721213, "eta": 0.036572063199555166, "gamma": 611.4326404624471, "max_depth": 2.0, "min_child_weight": 4221.861688032641, "num_boost_round": 39.0, "subsample": 0.7816587913529109}, "datetime": {"datetime": "2024-01-20 14:39:10", "elapsed": 916.597901, "delta": 0.001872}}
