{"target": -13.497350502240481, "params": {"colsample_bytree": 0.4629205683994948, "eta": 0.003257004714249961, "gamma": 886.0473087989099, "max_depth": 9.0, "min_child_weight": 4792.2776286739745, "num_boost_round": 19.0, "subsample": 0.3555247083578229}, "datetime": {"datetime": "2024-01-20 17:34:37", "elapsed": 11430.783944, "delta": 0.007424}}
{"target": -13.497321592570122, "params": {"colsample_bytree": 0.4629205683994948, "eta": 0.003257004714249961, "gamma": 886.0473087989099, "max_depth": 9.0, "min_child_weight": 4792.2776286739745, "num_boost_round": 20.0, "subsample": 0.3555247083578229}, "datetime": {"datetime": "2024-01-20 17:34:37", "elapsed": 11430.791841, "delta": 0.007897}}
{"target": -13.497289857862441, "params": {"colsample_bytree": 0.4629205683994948, "eta": 0.003257004714249961, "gamma": 886.0473087989099, "max_depth": 9.0, "min_child_weight": 4792.2776286739745, "num_boost_round": 21.0, "subsample": 0.3555247083578229}, "datetime": {"datetime": "2024-01-20 17:34:37", "elapsed": 11430.799376, "delta": 0.007535}}
{"target": -13.497260480479131, "params": {"colsample_bytree": 0.4629205683994948, "eta": 0.003257004714249961, "gamma": 886.0473087989099, "max_depth": 9.0, "min_child_weight": 4792.2776286739745, "num_boost_round": 22.0, "subsample": 0.3555247083578229}, "datetime": {"datetime": "2024-01-20 17:34:37", "elapsed": 11430.806863, "delta": 0.007487}}
{"target": -13.49722810156251, "params": {"colsample_bytree": 0.4629205683994948, "eta": 0.003257004714249961, "gamma": 886.0473087989099, "max_depth": 9.0, "min_child_weight": 4792.2776286739745, "num_boost_round": 23.0, "subsample": 0.3555247083578229}, "datetime": {"datetime": "2024-01-20 17:34:37", "elapsed": 11430.814698, "delta": 0.007835}}
{"target": -13.497193554933915, "params": {"colsample_bytree": 0.4629205683994948, "eta": 0.003257004714249961, "gamma": 886.0473087989099, "max_depth": 9.0, "min_child_weight": 4792.2776286739745, "num_boost_round": 24.0, "subsample": 0.3555247083578229}, "datetime": {"datetime": "2024-01-20 17:34:37", "elapsed": 11430.822249, "delta": 0.007551}}
{"target": -13.497157249841097, "params": {"colsample_bytree": 0.4629205683994948, "eta": 0.003257004714249961, "gamma": 886.0473087989099, "max_depth": 9.0, "min_child_weight": 4792.2776286739745, "num_boost_round": 25.0, "subsample": 0.3555247083578229}, "datetime": {"datetime": "2024-01-20 17:34:37", "elapsed": 11430.82969, "delta": 0.007441}}
{"target": -13.497113690046653, "params": {"colsample_bytree": 0.4629205683994948, "eta": 0.003257004714249961, "gamma": 886.0473087989099, "max_depth": 9.0, "min_child_weight": 4792.2776286739745, "num_boost_round": 26.0, "subsample": 0.3555247083578229}, "datetime": {"datetime": "2024-01-20 17:34:37", "elapsed": 11430.837522, "delta": 0.007832}}
{"target": -13.497093382149197, "params": {"colsample_bytree": 0.4629205683994948, "eta": 0.003257004714249961, "gamma": 886.0473087989099, "max_depth": 9.0, "min_child_weight": 4792.2776286739745, "num_boost_round": 27.0, "subsample": 0.3555247083578229}, "datetime": {"datetime": "2024-01-20 17:34:37", "elapsed": 11430.845051, "delta": 0.007529}}
{"target": -13.497056951485906, "params": {"colsample_bytree": 0.4629205683994948, "eta": 0.003257004714249961, "gamma": 886.0473087989099, "max_depth": 9.0, "min_child_weight": 4792.2776286739745, "num_boost_round": 28.0, "subsample": 0.3555247083578229}, "datetime": {"datetime": "2024-01-20 17:34:37", "elapsed": 11430.852458, "delta": 0.007407}}
{"target": -13.497026769145272, "params": {"colsample_bytree": 0.4629205683994948, "eta": 0.003257004714249961, "gamma": 886.0473087989099, "max_depth": 9.0, "min_child_weight": 4792.2776286739745, "num_boost_round": 29.0, "subsample": 0.3555247083578229}, "datetime": {"datetime": "2024-01-20 17:34:37", "elapsed": 11430.860248, "delta": 0.00779}}
{"target": -13.496999483334255, "params": {"colsample_bytree": 0.4629205683994948, "eta": 0.003257004714249961, "gamma": 886.0473087989099, "max_depth": 9.0, "min_child_weight": 4792.2776286739745, "num_boost_round": 30.0, "subsample": 0.3555247083578229}, "datetime": {"datetime": "2024-01-20 17:34:37", "elapsed": 11430.867788, "delta": 0.00754}}
{"target": -13.496958681636155, "params": {"colsample_bytree": 0.4629205683994948, "eta": 0.003257004714249961, "gamma": 886.0473087989099, "max_depth": 9.0, "min_child_weight": 4792.2776286739745, "num_boost_round": 31.0, "subsample": 0.3555247083578229}, "datetime": {"datetime": "2024-01-20 17:34:37", "elapsed": 11430.875214, "delta": 0.007426}}
{"target": -13.496938074449039, "params": {"colsample_bytree": 0.4629205683994948, "eta": 0.003257004714249961, "gamma": 886.0473087989099, "max_depth": 9.0, "min_child_weight": 4792.2776286739745, "num_boost_round": 32.0, "subsample": 0.3555247083578229}, "datetime": {"datetime": "2024-01-20 17:34:37", "elapsed": 11430.88358, "delta": 0.008366}}
{"target": -13.496922158410786, "params": {"colsample_bytree": 0.4629205683994948, "eta": 0.003257004714249961, "gamma": 886.0473087989099, "max_depth": 9.0, "min_child_weight": 4792.2776286739745, "num_boost_round": 33.0, "subsample": 0.3555247083578229}, "datetime": {"datetime": "2024-01-20 17:34:37", "elapsed": 11430.89161, "delta": 0.00803}}
{"target": -13.496896999661383, "params": {"colsample_bytree": 0.4629205683994948, "eta": 0.003257004714249961, "gamma": 886.0473087989099, "max_depth": 9.0, "min_child_weight": 4792.2776286739745, "num_boost_round": 34.0, "subsample": 0.3555247083578229}, "datetime": {"datetime": "2024-01-20 17:34:37", "elapsed": 11430.899164, "delta": 0.007554}}
{"target": -13.496872871846048, "params": {"colsample_bytree": 0.4629205683994948, "eta": 0.003257004714249961, "gamma": 886.0473087989099, "max_depth": 9.0, "min_child_weight": 4792.2776286739745, "num_boost_round": 35.0, "subsample": 0.3555247083578229}, "datetime": {"datetime": "2024-01-20 17:34:37", "elapsed": 11430.906968, "delta": 0.007804}}
{"target": -13.49683824899056, "params": {"colsample_bytree": 0.4629205683994948, "eta": 0.003257004714249961, "gamma": 886.0473087989099, "max_depth": 9.0, "min_child_weight": 4792.2776286739745, "num_boost_round": 36.0, "subsample": 0.3555247083578229}, "datetime": {"datetime": "2024-01-20 17:34:37", "elapsed": 11430.914618, "delta": 0.00765}}
{"target": -13.496809986501368, "params": {"colsample_bytree": 0.4629205683994948, "eta": 0.003257004714249961, "gamma": 886.0473087989099, "max_depth": 9.0, "min_child_weight": 4792.2776286739745, "num_boost_round": 37.0, "subsample": 0.3555247083578229}, "datetime": {"datetime": "2024-01-20 17:34:37", "elapsed": 11430.92216, "delta": 0.007542}}
{"target": -13.49676470433336, "params": {"colsample_bytree": 0.4629205683994948, "eta": 0.003257004714249961, "gamma": 886.0473087989099, "max_depth": 9.0, "min_child_weight": 4792.2776286739745, "num_boost_round": 38.0, "subsample": 0.3555247083578229}, "datetime": {"datetime": "2024-01-20 17:34:37", "elapsed": 11430.929952, "delta": 0.007792}}
{"target": -13.496741538416734, "params": {"colsample_bytree": 0.4629205683994948, "eta": 0.003257004714249961, "gamma": 886.0473087989099, "max_depth": 9.0, "min_child_weight": 4792.2776286739745, "num_boost_round": 39.0, "subsample": 0.3555247083578229}, "datetime": {"datetime": "2024-01-20 17:34:37", "elapsed": 11430.937502, "delta": 0.00755}}
{"target": -13.496712714689457, "params": {"colsample_bytree": 0.4629205683994948, "eta": 0.003257004714249961, "gamma": 886.0473087989099, "max_depth": 9.0, "min_child_weight": 4792.2776286739745, "num_boost_round": 40.0, "subsample": 0.3555247083578229}, "datetime": {"datetime": "2024-01-20 17:34:37", "elapsed": 11430.9449, "delta": 0.007398}}
{"target": -13.496679395938848, "params": {"colsample_bytree": 0.4629205683994948, "eta": 0.003257004714249961, "gamma": 886.0473087989099, "max_depth": 9.0, "min_child_weight": 4792.2776286739745, "num_boost_round": 41.0, "subsample": 0.3555247083578229}, "datetime": {"datetime": "2024-01-20 17:34:37", "elapsed": 11430.952627, "delta": 0.007727}}
{"target": -13.496664739391507, "params": {"colsample_bytree": 0.4629205683994948, "eta": 0.003257004714249961, "gamma": 886.0473087989099, "max_depth": 9.0, "min_child_weight": 4792.2776286739745, "num_boost_round": 42.0, "subsample": 0.3555247083578229}, "datetime": {"datetime": "2024-01-20 17:34:37", "elapsed": 11430.960184, "delta": 0.007557}}
{"target": -13.496643322784863, "params": {"colsample_bytree": 0.4629205683994948, "eta": 0.003257004714249961, "gamma": 886.0473087989099, "max_depth": 9.0, "min_child_weight": 4792.2776286739745, "num_boost_round": 43.0, "subsample": 0.3555247083578229}, "datetime": {"datetime": "2024-01-20 17:34:37", "elapsed": 11430.967545, "delta": 0.007361}}
{"target": -13.496618271870414, "params": {"colsample_bytree": 0.4629205683994948, "eta": 0.003257004714249961, "gamma": 886.0473087989099, "max_depth": 9.0, "min_child_weight": 4792.2776286739745, "num_boost_round": 44.0, "subsample": 0.3555247083578229}, "datetime": {"datetime": "2024-01-20 17:34:37", "elapsed": 11430.975347, "delta": 0.007802}}
{"target": -13.496577145789153, "params": {"colsample_bytree": 0.4629205683994948, "eta": 0.003257004714249961, "gamma": 886.0473087989099, "max_depth": 9.0, "min_child_weight": 4792.2776286739745, "num_boost_round": 45.0, "subsample": 0.3555247083578229}, "datetime": {"datetime": "2024-01-20 17:34:37", "elapsed": 11430.982795, "delta": 0.007448}}
{"target": -13.49655877416655, "params": {"colsample_bytree": 0.4629205683994948, "eta": 0.003257004714249961, "gamma": 886.0473087989099, "max_depth": 9.0, "min_child_weight": 4792.2776286739745, "num_boost_round": 46.0, "subsample": 0.3555247083578229}, "datetime": {"datetime": "2024-01-20 17:34:37", "elapsed": 11430.995453, "delta": 0.012658}}
{"target": -13.496516342337262, "params": {"colsample_bytree": 0.4629205683994948, "eta": 0.003257004714249961, "gamma": 886.0473087989099, "max_depth": 9.0, "min_child_weight": 4792.2776286739745, "num_boost_round": 47.0, "subsample": 0.3555247083578229}, "datetime": {"datetime": "2024-01-20 17:34:37", "elapsed": 11431.007365, "delta": 0.011912}}
{"target": -13.496482804273711, "params": {"colsample_bytree": 0.4629205683994948, "eta": 0.003257004714249961, "gamma": 886.0473087989099, "max_depth": 9.0, "min_child_weight": 4792.2776286739745, "num_boost_round": 48.0, "subsample": 0.3555247083578229}, "datetime": {"datetime": "2024-01-20 17:34:37", "elapsed": 11431.016434, "delta": 0.009069}}
{"target": -13.496469635548456, "params": {"colsample_bytree": 0.4629205683994948, "eta": 0.003257004714249961, "gamma": 886.0473087989099, "max_depth": 9.0, "min_child_weight": 4792.2776286739745, "num_boost_round": 49.0, "subsample": 0.3555247083578229}, "datetime": {"datetime": "2024-01-20 17:34:37", "elapsed": 11431.023965, "delta": 0.007531}}
{"target": -13.49644712230446, "params": {"colsample_bytree": 0.4629205683994948, "eta": 0.003257004714249961, "gamma": 886.0473087989099, "max_depth": 9.0, "min_child_weight": 4792.2776286739745, "num_boost_round": 50.0, "subsample": 0.3555247083578229}, "datetime": {"datetime": "2024-01-20 17:34:37", "elapsed": 11431.031671, "delta": 0.007706}}
