{"target": -15.167485553960802, "params": {"colsample_bytree": 0.9599153788167786, "eta": 0.06082776468548133, "gamma": 614.9088277518018, "max_depth": 6.0, "min_child_weight": 4207.661867432567, "num_boost_round": 47.0, "subsample": 0.6483843366561662}, "datetime": {"datetime": "2024-01-20 16:43:45", "elapsed": 8382.871112, "delta": 0.006579}}
{"target": -15.167994957519195, "params": {"colsample_bytree": 0.9599153788167786, "eta": 0.06082776468548133, "gamma": 614.9088277518018, "max_depth": 6.0, "min_child_weight": 4207.661867432567, "num_boost_round": 48.0, "subsample": 0.6483843366561662}, "datetime": {"datetime": "2024-01-20 16:43:45", "elapsed": 8382.877541, "delta": 0.006429}}
{"target": -15.168316667640699, "params": {"colsample_bytree": 0.9599153788167786, "eta": 0.06082776468548133, "gamma": 614.9088277518018, "max_depth": 6.0, "min_child_weight": 4207.661867432567, "num_boost_round": 49.0, "subsample": 0.6483843366561662}, "datetime": {"datetime": "2024-01-20 16:43:45", "elapsed": 8382.883952, "delta": 0.006411}}
{"target": -15.168096057807634, "params": {"colsample_bytree": 0.9599153788167786, "eta": 0.06082776468548133, "gamma": 614.9088277518018, "max_depth": 6.0, "min_child_weight": 4207.661867432567, "num_boost_round": 50.0, "subsample": 0.6483843366561662}, "datetime": {"datetime": "2024-01-20 16:43:45", "elapsed": 8382.890388, "delta": 0.006436}}
{"target": -15.168873397584314, "params": {"colsample_bytree": 0.9599153788167786, "eta": 0.06082776468548133, "gamma": 614.9088277518018, "max_depth": 6.0, "min_child_weight": 4207.661867432567, "num_boost_round": 51.0, "subsample": 0.6483843366561662}, "datetime": {"datetime": "2024-01-20 16:43:45", "elapsed": 8382.897208, "delta": 0.00682}}
{"target": -15.16931870739387, "params": {"colsample_bytree": 0.9599153788167786, "eta": 0.06082776468548133, "gamma": 614.9088277518018, "max_depth": 6.0, "min_child_weight": 4207.661867432567, "num_boost_round": 52.0, "subsample": 0.6483843366561662}, "datetime": {"datetime": "2024-01-20 16:43:45", "elapsed": 8382.903891, "delta": 0.006683}}
{"target": -15.169310461057677, "params": {"colsample_bytree": 0.9599153788167786, "eta": 0.06082776468548133, "gamma": 614.9088277518018, "max_depth": 6.0, "min_child_weight": 4207.661867432567, "num_boost_round": 53.0, "subsample": 0.6483843366561662}, "datetime": {"datetime": "2024-01-20 16:43:45", "elapsed": 8382.910384, "delta": 0.006493}}
{"target": -15.16961103065335, "params": {"colsample_bytree": 0.9599153788167786, "eta": 0.06082776468548133, "gamma": 614.9088277518018, "max_depth": 6.0, "min_child_weight": 4207.661867432567, "num_boost_round": 54.0, "subsample": 0.6483843366561662}, "datetime": {"datetime": "2024-01-20 16:43:45", "elapsed": 8382.916794, "delta": 0.00641}}
{"target": -15.169953554631787, "params": {"colsample_bytree": 0.9599153788167786, "eta": 0.06082776468548133, "gamma": 614.9088277518018, "max_depth": 6.0, "min_child_weight": 4207.661867432567, "num_boost_round": 55.0, "subsample": 0.6483843366561662}, "datetime": {"datetime": "2024-01-20 16:43:45", "elapsed": 8382.923192, "delta": 0.006398}}
{"target": -15.17083763750873, "params": {"colsample_bytree": 0.9599153788167786, "eta": 0.06082776468548133, "gamma": 614.9088277518018, "max_depth": 6.0, "min_child_weight": 4207.661867432567, "num_boost_round": 56.0, "subsample": 0.6483843366561662}, "datetime": {"datetime": "2024-01-20 16:43:45", "elapsed": 8382.929637, "delta": 0.006445}}
{"target": -15.171680293872186, "params": {"colsample_bytree": 0.9599153788167786, "eta": 0.06082776468548133, "gamma": 614.9088277518018, "max_depth": 6.0, "min_child_weight": 4207.661867432567, "num_boost_round": 57.0, "subsample": 0.6483843366561662}, "datetime": {"datetime": "2024-01-20 16:43:45", "elapsed": 8382.936444, "delta": 0.006807}}
{"target": -15.172188191049024, "params": {"colsample_bytree": 0.9599153788167786, "eta": 0.06082776468548133, "gamma": 614.9088277518018, "max_depth": 6.0, "min_child_weight": 4207.661867432567, "num_boost_round": 58.0, "subsample": 0.6483843366561662}, "datetime": {"datetime": "2024-01-20 16:43:45", "elapsed": 8382.943097, "delta": 0.006653}}
{"target": -15.172424955506003, "params": {"colsample_bytree": 0.9599153788167786, "eta": 0.06082776468548133, "gamma": 614.9088277518018, "max_depth": 6.0, "min_child_weight": 4207.661867432567, "num_boost_round": 59.0, "subsample": 0.6483843366561662}, "datetime": {"datetime": "2024-01-20 16:43:45", "elapsed": 8382.94956, "delta": 0.006463}}
{"target": -15.172688661433803, "params": {"colsample_bytree": 0.9599153788167786, "eta": 0.06082776468548133, "gamma": 614.9088277518018, "max_depth": 6.0, "min_child_weight": 4207.661867432567, "num_boost_round": 60.0, "subsample": 0.6483843366561662}, "datetime": {"datetime": "2024-01-20 16:43:45", "elapsed": 8382.956015, "delta": 0.006455}}
{"target": -15.17352155347122, "params": {"colsample_bytree": 0.9599153788167786, "eta": 0.06082776468548133, "gamma": 614.9088277518018, "max_depth": 6.0, "min_child_weight": 4207.661867432567, "num_boost_round": 61.0, "subsample": 0.6483843366561662}, "datetime": {"datetime": "2024-01-20 16:43:45", "elapsed": 8382.96247, "delta": 0.006455}}
{"target": -15.173946390884046, "params": {"colsample_bytree": 0.9599153788167786, "eta": 0.06082776468548133, "gamma": 614.9088277518018, "max_depth": 6.0, "min_child_weight": 4207.661867432567, "num_boost_round": 62.0, "subsample": 0.6483843366561662}, "datetime": {"datetime": "2024-01-20 16:43:45", "elapsed": 8382.969612, "delta": 0.007142}}
{"target": -15.174046704777279, "params": {"colsample_bytree": 0.9599153788167786, "eta": 0.06082776468548133, "gamma": 614.9088277518018, "max_depth": 6.0, "min_child_weight": 4207.661867432567, "num_boost_round": 63.0, "subsample": 0.6483843366561662}, "datetime": {"datetime": "2024-01-20 16:43:45", "elapsed": 8382.976955, "delta": 0.007343}}
{"target": -15.174140362108638, "params": {"colsample_bytree": 0.9599153788167786, "eta": 0.06082776468548133, "gamma": 614.9088277518018, "max_depth": 6.0, "min_child_weight": 4207.661867432567, "num_boost_round": 64.0, "subsample": 0.6483843366561662}, "datetime": {"datetime": "2024-01-20 16:43:45", "elapsed": 8382.983819, "delta": 0.006864}}
{"target": -15.174051738250142, "params": {"colsample_bytree": 0.9599153788167786, "eta": 0.06082776468548133, "gamma": 614.9088277518018, "max_depth": 6.0, "min_child_weight": 4207.661867432567, "num_boost_round": 65.0, "subsample": 0.6483843366561662}, "datetime": {"datetime": "2024-01-20 16:43:45", "elapsed": 8382.990423, "delta": 0.006604}}
{"target": -15.17495053622234, "params": {"colsample_bytree": 0.9599153788167786, "eta": 0.06082776468548133, "gamma": 614.9088277518018, "max_depth": 6.0, "min_child_weight": 4207.661867432567, "num_boost_round": 66.0, "subsample": 0.6483843366561662}, "datetime": {"datetime": "2024-01-20 16:43:45", "elapsed": 8382.996972, "delta": 0.006549}}
{"target": -15.17513956910148, "params": {"colsample_bytree": 0.9599153788167786, "eta": 0.06082776468548133, "gamma": 614.9088277518018, "max_depth": 6.0, "min_child_weight": 4207.661867432567, "num_boost_round": 67.0, "subsample": 0.6483843366561662}, "datetime": {"datetime": "2024-01-20 16:43:45", "elapsed": 8383.003531, "delta": 0.006559}}
{"target": -15.175065109659439, "params": {"colsample_bytree": 0.9599153788167786, "eta": 0.06082776468548133, "gamma": 614.9088277518018, "max_depth": 6.0, "min_child_weight": 4207.661867432567, "num_boost_round": 68.0, "subsample": 0.6483843366561662}, "datetime": {"datetime": "2024-01-20 16:43:45", "elapsed": 8383.010016, "delta": 0.006485}}
{"target": -15.175144976083235, "params": {"colsample_bytree": 0.9599153788167786, "eta": 0.06082776468548133, "gamma": 614.9088277518018, "max_depth": 6.0, "min_child_weight": 4207.661867432567, "num_boost_round": 69.0, "subsample": 0.6483843366561662}, "datetime": {"datetime": "2024-01-20 16:43:45", "elapsed": 8383.016862, "delta": 0.006846}}
{"target": -15.174892357943149, "params": {"colsample_bytree": 0.9599153788167786, "eta": 0.06082776468548133, "gamma": 614.9088277518018, "max_depth": 6.0, "min_child_weight": 4207.661867432567, "num_boost_round": 70.0, "subsample": 0.6483843366561662}, "datetime": {"datetime": "2024-01-20 16:43:45", "elapsed": 8383.023949, "delta": 0.007087}}
{"target": -15.175261955865267, "params": {"colsample_bytree": 0.9599153788167786, "eta": 0.06082776468548133, "gamma": 614.9088277518018, "max_depth": 6.0, "min_child_weight": 4207.661867432567, "num_boost_round": 71.0, "subsample": 0.6483843366561662}, "datetime": {"datetime": "2024-01-20 16:43:45", "elapsed": 8383.031414, "delta": 0.007465}}
{"target": -15.17602535487346, "params": {"colsample_bytree": 0.9599153788167786, "eta": 0.06082776468548133, "gamma": 614.9088277518018, "max_depth": 6.0, "min_child_weight": 4207.661867432567, "num_boost_round": 72.0, "subsample": 0.6483843366561662}, "datetime": {"datetime": "2024-01-20 16:43:45", "elapsed": 8383.038755, "delta": 0.007341}}
{"target": -15.176141142580805, "params": {"colsample_bytree": 0.9599153788167786, "eta": 0.06082776468548133, "gamma": 614.9088277518018, "max_depth": 6.0, "min_child_weight": 4207.661867432567, "num_boost_round": 73.0, "subsample": 0.6483843366561662}, "datetime": {"datetime": "2024-01-20 16:43:45", "elapsed": 8383.045418, "delta": 0.006663}}
{"target": -15.176290524294263, "params": {"colsample_bytree": 0.9599153788167786, "eta": 0.06082776468548133, "gamma": 614.9088277518018, "max_depth": 6.0, "min_child_weight": 4207.661867432567, "num_boost_round": 74.0, "subsample": 0.6483843366561662}, "datetime": {"datetime": "2024-01-20 16:43:45", "elapsed": 8383.05192, "delta": 0.006502}}
{"target": -15.176636527413102, "params": {"colsample_bytree": 0.9599153788167786, "eta": 0.06082776468548133, "gamma": 614.9088277518018, "max_depth": 6.0, "min_child_weight": 4207.661867432567, "num_boost_round": 75.0, "subsample": 0.6483843366561662}, "datetime": {"datetime": "2024-01-20 16:43:45", "elapsed": 8383.058802, "delta": 0.006882}}
{"target": -15.176773694356054, "params": {"colsample_bytree": 0.9599153788167786, "eta": 0.06082776468548133, "gamma": 614.9088277518018, "max_depth": 6.0, "min_child_weight": 4207.661867432567, "num_boost_round": 76.0, "subsample": 0.6483843366561662}, "datetime": {"datetime": "2024-01-20 16:43:45", "elapsed": 8383.065506, "delta": 0.006704}}
{"target": -15.177227679924336, "params": {"colsample_bytree": 0.9599153788167786, "eta": 0.06082776468548133, "gamma": 614.9088277518018, "max_depth": 6.0, "min_child_weight": 4207.661867432567, "num_boost_round": 77.0, "subsample": 0.6483843366561662}, "datetime": {"datetime": "2024-01-20 16:43:45", "elapsed": 8383.072083, "delta": 0.006577}}
{"target": -15.177490640895684, "params": {"colsample_bytree": 0.9599153788167786, "eta": 0.06082776468548133, "gamma": 614.9088277518018, "max_depth": 6.0, "min_child_weight": 4207.661867432567, "num_boost_round": 78.0, "subsample": 0.6483843366561662}, "datetime": {"datetime": "2024-01-20 16:43:45", "elapsed": 8383.07861, "delta": 0.006527}}
{"target": -15.17768712871721, "params": {"colsample_bytree": 0.9599153788167786, "eta": 0.06082776468548133, "gamma": 614.9088277518018, "max_depth": 6.0, "min_child_weight": 4207.661867432567, "num_boost_round": 79.0, "subsample": 0.6483843366561662}, "datetime": {"datetime": "2024-01-20 16:43:45", "elapsed": 8383.085271, "delta": 0.006661}}
{"target": -15.178127891381985, "params": {"colsample_bytree": 0.9599153788167786, "eta": 0.06082776468548133, "gamma": 614.9088277518018, "max_depth": 6.0, "min_child_weight": 4207.661867432567, "num_boost_round": 80.0, "subsample": 0.6483843366561662}, "datetime": {"datetime": "2024-01-20 16:43:45", "elapsed": 8383.092528, "delta": 0.007257}}
{"target": -15.17864270646985, "params": {"colsample_bytree": 0.9599153788167786, "eta": 0.06082776468548133, "gamma": 614.9088277518018, "max_depth": 6.0, "min_child_weight": 4207.661867432567, "num_boost_round": 81.0, "subsample": 0.6483843366561662}, "datetime": {"datetime": "2024-01-20 16:43:45", "elapsed": 8383.099692, "delta": 0.007164}}
{"target": -15.179359173696803, "params": {"colsample_bytree": 0.9599153788167786, "eta": 0.06082776468548133, "gamma": 614.9088277518018, "max_depth": 6.0, "min_child_weight": 4207.661867432567, "num_boost_round": 82.0, "subsample": 0.6483843366561662}, "datetime": {"datetime": "2024-01-20 16:43:45", "elapsed": 8383.106821, "delta": 0.007129}}
{"target": -15.179319037196542, "params": {"colsample_bytree": 0.9599153788167786, "eta": 0.06082776468548133, "gamma": 614.9088277518018, "max_depth": 6.0, "min_child_weight": 4207.661867432567, "num_boost_round": 83.0, "subsample": 0.6483843366561662}, "datetime": {"datetime": "2024-01-20 16:43:45", "elapsed": 8383.113453, "delta": 0.006632}}
{"target": -15.179382733264285, "params": {"colsample_bytree": 0.9599153788167786, "eta": 0.06082776468548133, "gamma": 614.9088277518018, "max_depth": 6.0, "min_child_weight": 4207.661867432567, "num_boost_round": 84.0, "subsample": 0.6483843366561662}, "datetime": {"datetime": "2024-01-20 16:43:45", "elapsed": 8383.11993, "delta": 0.006477}}
{"target": -15.179564106183745, "params": {"colsample_bytree": 0.9599153788167786, "eta": 0.06082776468548133, "gamma": 614.9088277518018, "max_depth": 6.0, "min_child_weight": 4207.661867432567, "num_boost_round": 85.0, "subsample": 0.6483843366561662}, "datetime": {"datetime": "2024-01-20 16:43:45", "elapsed": 8383.126391, "delta": 0.006461}}
{"target": -15.17960386453529, "params": {"colsample_bytree": 0.9599153788167786, "eta": 0.06082776468548133, "gamma": 614.9088277518018, "max_depth": 6.0, "min_child_weight": 4207.661867432567, "num_boost_round": 86.0, "subsample": 0.6483843366561662}, "datetime": {"datetime": "2024-01-20 16:43:45", "elapsed": 8383.132861, "delta": 0.00647}}
{"target": -15.179703330667401, "params": {"colsample_bytree": 0.9599153788167786, "eta": 0.06082776468548133, "gamma": 614.9088277518018, "max_depth": 6.0, "min_child_weight": 4207.661867432567, "num_boost_round": 87.0, "subsample": 0.6483843366561662}, "datetime": {"datetime": "2024-01-20 16:43:45", "elapsed": 8383.139707, "delta": 0.006846}}
{"target": -15.18057166946547, "params": {"colsample_bytree": 0.9599153788167786, "eta": 0.06082776468548133, "gamma": 614.9088277518018, "max_depth": 6.0, "min_child_weight": 4207.661867432567, "num_boost_round": 88.0, "subsample": 0.6483843366561662}, "datetime": {"datetime": "2024-01-20 16:43:46", "elapsed": 8383.463465, "delta": 0.323758}}
{"target": -15.18056568530848, "params": {"colsample_bytree": 0.9599153788167786, "eta": 0.06082776468548133, "gamma": 614.9088277518018, "max_depth": 6.0, "min_child_weight": 4207.661867432567, "num_boost_round": 89.0, "subsample": 0.6483843366561662}, "datetime": {"datetime": "2024-01-20 16:43:46", "elapsed": 8383.471763, "delta": 0.008298}}
{"target": -15.180588025727147, "params": {"colsample_bytree": 0.9599153788167786, "eta": 0.06082776468548133, "gamma": 614.9088277518018, "max_depth": 6.0, "min_child_weight": 4207.661867432567, "num_boost_round": 90.0, "subsample": 0.6483843366561662}, "datetime": {"datetime": "2024-01-20 16:43:46", "elapsed": 8383.478579, "delta": 0.006816}}
{"target": -15.180738237085732, "params": {"colsample_bytree": 0.9599153788167786, "eta": 0.06082776468548133, "gamma": 614.9088277518018, "max_depth": 6.0, "min_child_weight": 4207.661867432567, "num_boost_round": 91.0, "subsample": 0.6483843366561662}, "datetime": {"datetime": "2024-01-20 16:43:46", "elapsed": 8383.485269, "delta": 0.00669}}
{"target": -15.180568387451462, "params": {"colsample_bytree": 0.9599153788167786, "eta": 0.06082776468548133, "gamma": 614.9088277518018, "max_depth": 6.0, "min_child_weight": 4207.661867432567, "num_boost_round": 92.0, "subsample": 0.6483843366561662}, "datetime": {"datetime": "2024-01-20 16:43:46", "elapsed": 8383.49197, "delta": 0.006701}}
{"target": -15.180576403467656, "params": {"colsample_bytree": 0.9599153788167786, "eta": 0.06082776468548133, "gamma": 614.9088277518018, "max_depth": 6.0, "min_child_weight": 4207.661867432567, "num_boost_round": 93.0, "subsample": 0.6483843366561662}, "datetime": {"datetime": "2024-01-20 16:43:46", "elapsed": 8383.4992, "delta": 0.00723}}
{"target": -15.172584444546768, "params": {"colsample_bytree": 0.17368488499832352, "eta": 0.013770190712125534, "gamma": 588.9909431557759, "max_depth": 9.0, "min_child_weight": 4229.801952170855, "num_boost_round": 1.0, "subsample": 0.786224945829738}, "datetime": {"datetime": "2024-01-20 16:45:45", "elapsed": 8502.869844, "delta": 119.370644}}
{"target": -15.17225924022991, "params": {"colsample_bytree": 0.17368488499832352, "eta": 0.013770190712125534, "gamma": 588.9909431557759, "max_depth": 9.0, "min_child_weight": 4229.801952170855, "num_boost_round": 2.0, "subsample": 0.786224945829738}, "datetime": {"datetime": "2024-01-20 16:45:45", "elapsed": 8502.878691, "delta": 0.008847}}
{"target": -15.171827550011665, "params": {"colsample_bytree": 0.17368488499832352, "eta": 0.013770190712125534, "gamma": 588.9909431557759, "max_depth": 9.0, "min_child_weight": 4229.801952170855, "num_boost_round": 3.0, "subsample": 0.786224945829738}, "datetime": {"datetime": "2024-01-20 16:45:45", "elapsed": 8502.886919, "delta": 0.008228}}
{"target": -15.171908789040025, "params": {"colsample_bytree": 0.17368488499832352, "eta": 0.013770190712125534, "gamma": 588.9909431557759, "max_depth": 9.0, "min_child_weight": 4229.801952170855, "num_boost_round": 4.0, "subsample": 0.786224945829738}, "datetime": {"datetime": "2024-01-20 16:45:45", "elapsed": 8502.89438, "delta": 0.007461}}
{"target": -15.171337051038165, "params": {"colsample_bytree": 0.17368488499832352, "eta": 0.013770190712125534, "gamma": 588.9909431557759, "max_depth": 9.0, "min_child_weight": 4229.801952170855, "num_boost_round": 5.0, "subsample": 0.786224945829738}, "datetime": {"datetime": "2024-01-20 16:45:45", "elapsed": 8502.90116, "delta": 0.00678}}
{"target": -15.170854565550355, "params": {"colsample_bytree": 0.17368488499832352, "eta": 0.013770190712125534, "gamma": 588.9909431557759, "max_depth": 9.0, "min_child_weight": 4229.801952170855, "num_boost_round": 6.0, "subsample": 0.786224945829738}, "datetime": {"datetime": "2024-01-20 16:45:45", "elapsed": 8502.907743, "delta": 0.006583}}
{"target": -15.170424313194793, "params": {"colsample_bytree": 0.17368488499832352, "eta": 0.013770190712125534, "gamma": 588.9909431557759, "max_depth": 9.0, "min_child_weight": 4229.801952170855, "num_boost_round": 7.0, "subsample": 0.786224945829738}, "datetime": {"datetime": "2024-01-20 16:45:45", "elapsed": 8502.914815, "delta": 0.007072}}
{"target": -15.169978030649267, "params": {"colsample_bytree": 0.17368488499832352, "eta": 0.013770190712125534, "gamma": 588.9909431557759, "max_depth": 9.0, "min_child_weight": 4229.801952170855, "num_boost_round": 8.0, "subsample": 0.786224945829738}, "datetime": {"datetime": "2024-01-20 16:45:45", "elapsed": 8502.921974, "delta": 0.007159}}
{"target": -15.169945811958366, "params": {"colsample_bytree": 0.17368488499832352, "eta": 0.013770190712125534, "gamma": 588.9909431557759, "max_depth": 9.0, "min_child_weight": 4229.801952170855, "num_boost_round": 9.0, "subsample": 0.786224945829738}, "datetime": {"datetime": "2024-01-20 16:45:45", "elapsed": 8502.929889, "delta": 0.007915}}
{"target": -15.169609726366465, "params": {"colsample_bytree": 0.17368488499832352, "eta": 0.013770190712125534, "gamma": 588.9909431557759, "max_depth": 9.0, "min_child_weight": 4229.801952170855, "num_boost_round": 10.0, "subsample": 0.786224945829738}, "datetime": {"datetime": "2024-01-20 16:45:45", "elapsed": 8502.938598, "delta": 0.008709}}
{"target": -15.169584067968135, "params": {"colsample_bytree": 0.17368488499832352, "eta": 0.013770190712125534, "gamma": 588.9909431557759, "max_depth": 9.0, "min_child_weight": 4229.801952170855, "num_boost_round": 11.0, "subsample": 0.786224945829738}, "datetime": {"datetime": "2024-01-20 16:45:45", "elapsed": 8502.94701, "delta": 0.008412}}
{"target": -15.16950688538784, "params": {"colsample_bytree": 0.17368488499832352, "eta": 0.013770190712125534, "gamma": 588.9909431557759, "max_depth": 9.0, "min_child_weight": 4229.801952170855, "num_boost_round": 12.0, "subsample": 0.786224945829738}, "datetime": {"datetime": "2024-01-20 16:45:45", "elapsed": 8502.954947, "delta": 0.007937}}
{"target": -15.169548555829994, "params": {"colsample_bytree": 0.17368488499832352, "eta": 0.013770190712125534, "gamma": 588.9909431557759, "max_depth": 9.0, "min_child_weight": 4229.801952170855, "num_boost_round": 13.0, "subsample": 0.786224945829738}, "datetime": {"datetime": "2024-01-20 16:45:45", "elapsed": 8502.962757, "delta": 0.00781}}
{"target": -15.169537581996543, "params": {"colsample_bytree": 0.17368488499832352, "eta": 0.013770190712125534, "gamma": 588.9909431557759, "max_depth": 9.0, "min_child_weight": 4229.801952170855, "num_boost_round": 14.0, "subsample": 0.786224945829738}, "datetime": {"datetime": "2024-01-20 16:45:45", "elapsed": 8502.970047, "delta": 0.00729}}
{"target": -15.16952232142308, "params": {"colsample_bytree": 0.17368488499832352, "eta": 0.013770190712125534, "gamma": 588.9909431557759, "max_depth": 9.0, "min_child_weight": 4229.801952170855, "num_boost_round": 15.0, "subsample": 0.786224945829738}, "datetime": {"datetime": "2024-01-20 16:45:45", "elapsed": 8502.976874, "delta": 0.006827}}
{"target": -15.169104798909974, "params": {"colsample_bytree": 0.17368488499832352, "eta": 0.013770190712125534, "gamma": 588.9909431557759, "max_depth": 9.0, "min_child_weight": 4229.801952170855, "num_boost_round": 16.0, "subsample": 0.786224945829738}, "datetime": {"datetime": "2024-01-20 16:45:45", "elapsed": 8502.983558, "delta": 0.006684}}
