{"target": -19.141833500875045, "params": {"colsample_bytree": 0.22640141192739205, "eta": 0.012085838870963237, "gamma": 497.37208250732476, "max_depth": 5.0, "min_child_weight": 4069.0309902031804, "num_boost_round": 77.0, "subsample": 0.1444751853615953}, "datetime": {"datetime": "2024-01-20 14:32:48", "elapsed": 536.818415, "delta": 0.001113}}
{"target": -19.141877484303823, "params": {"colsample_bytree": 0.22640141192739205, "eta": 0.012085838870963237, "gamma": 497.37208250732476, "max_depth": 5.0, "min_child_weight": 4069.0309902031804, "num_boost_round": 78.0, "subsample": 0.1444751853615953}, "datetime": {"datetime": "2024-01-20 14:32:48", "elapsed": 536.819508, "delta": 0.001093}}
{"target": -19.141837327245476, "params": {"colsample_bytree": 0.22640141192739205, "eta": 0.012085838870963237, "gamma": 497.37208250732476, "max_depth": 5.0, "min_child_weight": 4069.0309902031804, "num_boost_round": 79.0, "subsample": 0.1444751853615953}, "datetime": {"datetime": "2024-01-20 14:32:48", "elapsed": 536.82052, "delta": 0.001012}}
{"target": -19.14184567299275, "params": {"colsample_bytree": 0.22640141192739205, "eta": 0.012085838870963237, "gamma": 497.37208250732476, "max_depth": 5.0, "min_child_weight": 4069.0309902031804, "num_boost_round": 80.0, "subsample": 0.1444751853615953}, "datetime": {"datetime": "2024-01-20 14:32:48", "elapsed": 536.821548, "delta": 0.001028}}
{"target": -19.141806581969778, "params": {"colsample_bytree": 0.22640141192739205, "eta": 0.012085838870963237, "gamma": 497.37208250732476, "max_depth": 5.0, "min_child_weight": 4069.0309902031804, "num_boost_round": 81.0, "subsample": 0.1444751853615953}, "datetime": {"datetime": "2024-01-20 14:32:48", "elapsed": 536.822578, "delta": 0.00103}}
{"target": -19.141768494499676, "params": {"colsample_bytree": 0.22640141192739205, "eta": 0.012085838870963237, "gamma": 497.37208250732476, "max_depth": 5.0, "min_child_weight": 4069.0309902031804, "num_boost_round": 82.0, "subsample": 0.1444751853615953}, "datetime": {"datetime": "2024-01-20 14:32:48", "elapsed": 536.823625, "delta": 0.001047}}
{"target": -19.14177345382636, "params": {"colsample_bytree": 0.22640141192739205, "eta": 0.012085838870963237, "gamma": 497.37208250732476, "max_depth": 5.0, "min_child_weight": 4069.0309902031804, "num_boost_round": 83.0, "subsample": 0.1444751853615953}, "datetime": {"datetime": "2024-01-20 14:32:48", "elapsed": 536.824694, "delta": 0.001069}}
{"target": -19.141841247214174, "params": {"colsample_bytree": 0.22640141192739205, "eta": 0.012085838870963237, "gamma": 497.37208250732476, "max_depth": 5.0, "min_child_weight": 4069.0309902031804, "num_boost_round": 84.0, "subsample": 0.1444751853615953}, "datetime": {"datetime": "2024-01-20 14:32:48", "elapsed": 536.825765, "delta": 0.001071}}
{"target": -19.14175100840164, "params": {"colsample_bytree": 0.22640141192739205, "eta": 0.012085838870963237, "gamma": 497.37208250732476, "max_depth": 5.0, "min_child_weight": 4069.0309902031804, "num_boost_round": 85.0, "subsample": 0.1444751853615953}, "datetime": {"datetime": "2024-01-20 14:32:48", "elapsed": 536.826864, "delta": 0.001099}}
{"target": -19.14168501934092, "params": {"colsample_bytree": 0.22640141192739205, "eta": 0.012085838870963237, "gamma": 497.37208250732476, "max_depth": 5.0, "min_child_weight": 4069.0309902031804, "num_boost_round": 86.0, "subsample": 0.1444751853615953}, "datetime": {"datetime": "2024-01-20 14:32:48", "elapsed": 536.827953, "delta": 0.001089}}
{"target": -19.14172032021417, "params": {"colsample_bytree": 0.22640141192739205, "eta": 0.012085838870963237, "gamma": 497.37208250732476, "max_depth": 5.0, "min_child_weight": 4069.0309902031804, "num_boost_round": 87.0, "subsample": 0.1444751853615953}, "datetime": {"datetime": "2024-01-20 14:32:48", "elapsed": 536.829017, "delta": 0.001064}}
{"target": -19.141671299655734, "params": {"colsample_bytree": 0.22640141192739205, "eta": 0.012085838870963237, "gamma": 497.37208250732476, "max_depth": 5.0, "min_child_weight": 4069.0309902031804, "num_boost_round": 88.0, "subsample": 0.1444751853615953}, "datetime": {"datetime": "2024-01-20 14:32:48", "elapsed": 536.830092, "delta": 0.001075}}
{"target": -19.141708304382483, "params": {"colsample_bytree": 0.22640141192739205, "eta": 0.012085838870963237, "gamma": 497.37208250732476, "max_depth": 5.0, "min_child_weight": 4069.0309902031804, "num_boost_round": 89.0, "subsample": 0.1444751853615953}, "datetime": {"datetime": "2024-01-20 14:32:48", "elapsed": 536.831156, "delta": 0.001064}}
{"target": -19.141645246205563, "params": {"colsample_bytree": 0.22640141192739205, "eta": 0.012085838870963237, "gamma": 497.37208250732476, "max_depth": 5.0, "min_child_weight": 4069.0309902031804, "num_boost_round": 90.0, "subsample": 0.1444751853615953}, "datetime": {"datetime": "2024-01-20 14:32:48", "elapsed": 536.832233, "delta": 0.001077}}
{"target": -19.14165077336216, "params": {"colsample_bytree": 0.22640141192739205, "eta": 0.012085838870963237, "gamma": 497.37208250732476, "max_depth": 5.0, "min_child_weight": 4069.0309902031804, "num_boost_round": 91.0, "subsample": 0.1444751853615953}, "datetime": {"datetime": "2024-01-20 14:32:48", "elapsed": 536.83332, "delta": 0.001087}}
{"target": -19.14166576287454, "params": {"colsample_bytree": 0.22640141192739205, "eta": 0.012085838870963237, "gamma": 497.37208250732476, "max_depth": 5.0, "min_child_weight": 4069.0309902031804, "num_boost_round": 92.0, "subsample": 0.1444751853615953}, "datetime": {"datetime": "2024-01-20 14:32:48", "elapsed": 536.834413, "delta": 0.001093}}
{"target": -19.14163354665994, "params": {"colsample_bytree": 0.22640141192739205, "eta": 0.012085838870963237, "gamma": 497.37208250732476, "max_depth": 5.0, "min_child_weight": 4069.0309902031804, "num_boost_round": 93.0, "subsample": 0.1444751853615953}, "datetime": {"datetime": "2024-01-20 14:32:48", "elapsed": 536.835492, "delta": 0.001079}}
{"target": -19.141630539973903, "params": {"colsample_bytree": 0.22640141192739205, "eta": 0.012085838870963237, "gamma": 497.37208250732476, "max_depth": 5.0, "min_child_weight": 4069.0309902031804, "num_boost_round": 94.0, "subsample": 0.1444751853615953}, "datetime": {"datetime": "2024-01-20 14:32:48", "elapsed": 536.836593, "delta": 0.001101}}
{"target": -19.14164029664284, "params": {"colsample_bytree": 0.22640141192739205, "eta": 0.012085838870963237, "gamma": 497.37208250732476, "max_depth": 5.0, "min_child_weight": 4069.0309902031804, "num_boost_round": 95.0, "subsample": 0.1444751853615953}, "datetime": {"datetime": "2024-01-20 14:32:48", "elapsed": 536.83766, "delta": 0.001067}}
{"target": -19.14168397122993, "params": {"colsample_bytree": 0.22640141192739205, "eta": 0.012085838870963237, "gamma": 497.37208250732476, "max_depth": 5.0, "min_child_weight": 4069.0309902031804, "num_boost_round": 96.0, "subsample": 0.1444751853615953}, "datetime": {"datetime": "2024-01-20 14:32:48", "elapsed": 536.838727, "delta": 0.001067}}
{"target": -19.141721758870716, "params": {"colsample_bytree": 0.22640141192739205, "eta": 0.012085838870963237, "gamma": 497.37208250732476, "max_depth": 5.0, "min_child_weight": 4069.0309902031804, "num_boost_round": 97.0, "subsample": 0.1444751853615953}, "datetime": {"datetime": "2024-01-20 14:32:48", "elapsed": 536.839794, "delta": 0.001067}}
{"target": -19.141677411914504, "params": {"colsample_bytree": 0.22640141192739205, "eta": 0.012085838870963237, "gamma": 497.37208250732476, "max_depth": 5.0, "min_child_weight": 4069.0309902031804, "num_boost_round": 98.0, "subsample": 0.1444751853615953}, "datetime": {"datetime": "2024-01-20 14:32:48", "elapsed": 536.840869, "delta": 0.001075}}
{"target": -19.14165540807735, "params": {"colsample_bytree": 0.22640141192739205, "eta": 0.012085838870963237, "gamma": 497.37208250732476, "max_depth": 5.0, "min_child_weight": 4069.0309902031804, "num_boost_round": 99.0, "subsample": 0.1444751853615953}, "datetime": {"datetime": "2024-01-20 14:32:48", "elapsed": 536.841935, "delta": 0.001066}}
{"target": -19.141596385338303, "params": {"colsample_bytree": 0.22640141192739205, "eta": 0.012085838870963237, "gamma": 497.37208250732476, "max_depth": 5.0, "min_child_weight": 4069.0309902031804, "num_boost_round": 100.0, "subsample": 0.1444751853615953}, "datetime": {"datetime": "2024-01-20 14:32:48", "elapsed": 536.843004, "delta": 0.001069}}
{"target": -19.14154189214056, "params": {"colsample_bytree": 0.22640141192739205, "eta": 0.012085838870963237, "gamma": 497.37208250732476, "max_depth": 5.0, "min_child_weight": 4069.0309902031804, "num_boost_round": 101.0, "subsample": 0.1444751853615953}, "datetime": {"datetime": "2024-01-20 14:32:48", "elapsed": 536.844075, "delta": 0.001071}}
{"target": -19.141573153137614, "params": {"colsample_bytree": 0.22640141192739205, "eta": 0.012085838870963237, "gamma": 497.37208250732476, "max_depth": 5.0, "min_child_weight": 4069.0309902031804, "num_boost_round": 102.0, "subsample": 0.1444751853615953}, "datetime": {"datetime": "2024-01-20 14:32:48", "elapsed": 536.845135, "delta": 0.00106}}
{"target": -19.14155971065869, "params": {"colsample_bytree": 0.22640141192739205, "eta": 0.012085838870963237, "gamma": 497.37208250732476, "max_depth": 5.0, "min_child_weight": 4069.0309902031804, "num_boost_round": 103.0, "subsample": 0.1444751853615953}, "datetime": {"datetime": "2024-01-20 14:32:48", "elapsed": 536.846197, "delta": 0.001062}}
{"target": -19.141548359666803, "params": {"colsample_bytree": 0.22640141192739205, "eta": 0.012085838870963237, "gamma": 497.37208250732476, "max_depth": 5.0, "min_child_weight": 4069.0309902031804, "num_boost_round": 104.0, "subsample": 0.1444751853615953}, "datetime": {"datetime": "2024-01-20 14:32:48", "elapsed": 536.847282, "delta": 0.001085}}
{"target": -19.14359790632312, "params": {"colsample_bytree": 0.44482326351888823, "eta": 0.07357095440095848, "gamma": 515.3630031980425, "max_depth": 4.0, "min_child_weight": 3841.0480209286507, "num_boost_round": 1.0, "subsample": 0.6029110696664077}, "datetime": {"datetime": "2024-01-20 14:33:34", "elapsed": 582.929657, "delta": 46.082375}}
{"target": -19.143800780166835, "params": {"colsample_bytree": 0.44482326351888823, "eta": 0.07357095440095848, "gamma": 515.3630031980425, "max_depth": 4.0, "min_child_weight": 3841.0480209286507, "num_boost_round": 2.0, "subsample": 0.6029110696664077}, "datetime": {"datetime": "2024-01-20 14:33:34", "elapsed": 582.931026, "delta": 0.001369}}
{"target": -19.1439877884358, "params": {"colsample_bytree": 0.44482326351888823, "eta": 0.07357095440095848, "gamma": 515.3630031980425, "max_depth": 4.0, "min_child_weight": 3841.0480209286507, "num_boost_round": 3.0, "subsample": 0.6029110696664077}, "datetime": {"datetime": "2024-01-20 14:33:34", "elapsed": 582.932349, "delta": 0.001323}}
{"target": -19.143531449478942, "params": {"colsample_bytree": 0.44482326351888823, "eta": 0.07357095440095848, "gamma": 515.3630031980425, "max_depth": 4.0, "min_child_weight": 3841.0480209286507, "num_boost_round": 4.0, "subsample": 0.6029110696664077}, "datetime": {"datetime": "2024-01-20 14:33:34", "elapsed": 582.933546, "delta": 0.001197}}
{"target": -19.144546427005952, "params": {"colsample_bytree": 0.44482326351888823, "eta": 0.07357095440095848, "gamma": 515.3630031980425, "max_depth": 4.0, "min_child_weight": 3841.0480209286507, "num_boost_round": 5.0, "subsample": 0.6029110696664077}, "datetime": {"datetime": "2024-01-20 14:33:34", "elapsed": 582.934661, "delta": 0.001115}}
{"target": -19.144078748748747, "params": {"colsample_bytree": 0.44482326351888823, "eta": 0.07357095440095848, "gamma": 515.3630031980425, "max_depth": 4.0, "min_child_weight": 3841.0480209286507, "num_boost_round": 6.0, "subsample": 0.6029110696664077}, "datetime": {"datetime": "2024-01-20 14:33:34", "elapsed": 582.935731, "delta": 0.00107}}
{"target": -19.14453017401172, "params": {"colsample_bytree": 0.44482326351888823, "eta": 0.07357095440095848, "gamma": 515.3630031980425, "max_depth": 4.0, "min_child_weight": 3841.0480209286507, "num_boost_round": 7.0, "subsample": 0.6029110696664077}, "datetime": {"datetime": "2024-01-20 14:33:34", "elapsed": 582.936785, "delta": 0.001054}}
{"target": -19.145060504120913, "params": {"colsample_bytree": 0.44482326351888823, "eta": 0.07357095440095848, "gamma": 515.3630031980425, "max_depth": 4.0, "min_child_weight": 3841.0480209286507, "num_boost_round": 8.0, "subsample": 0.6029110696664077}, "datetime": {"datetime": "2024-01-20 14:33:34", "elapsed": 582.938232, "delta": 0.001447}}
{"target": -19.1452750105541, "params": {"colsample_bytree": 0.44482326351888823, "eta": 0.07357095440095848, "gamma": 515.3630031980425, "max_depth": 4.0, "min_child_weight": 3841.0480209286507, "num_boost_round": 9.0, "subsample": 0.6029110696664077}, "datetime": {"datetime": "2024-01-20 14:33:34", "elapsed": 582.939296, "delta": 0.001064}}
{"target": -19.14565636860603, "params": {"colsample_bytree": 0.44482326351888823, "eta": 0.07357095440095848, "gamma": 515.3630031980425, "max_depth": 4.0, "min_child_weight": 3841.0480209286507, "num_boost_round": 10.0, "subsample": 0.6029110696664077}, "datetime": {"datetime": "2024-01-20 14:33:34", "elapsed": 582.940357, "delta": 0.001061}}
{"target": -19.14585160836143, "params": {"colsample_bytree": 0.44482326351888823, "eta": 0.07357095440095848, "gamma": 515.3630031980425, "max_depth": 4.0, "min_child_weight": 3841.0480209286507, "num_boost_round": 11.0, "subsample": 0.6029110696664077}, "datetime": {"datetime": "2024-01-20 14:33:34", "elapsed": 582.94141, "delta": 0.001053}}
{"target": -19.1462340331011, "params": {"colsample_bytree": 0.44482326351888823, "eta": 0.07357095440095848, "gamma": 515.3630031980425, "max_depth": 4.0, "min_child_weight": 3841.0480209286507, "num_boost_round": 12.0, "subsample": 0.6029110696664077}, "datetime": {"datetime": "2024-01-20 14:33:34", "elapsed": 582.942472, "delta": 0.001062}}
{"target": -19.146461041931097, "params": {"colsample_bytree": 0.44482326351888823, "eta": 0.07357095440095848, "gamma": 515.3630031980425, "max_depth": 4.0, "min_child_weight": 3841.0480209286507, "num_boost_round": 13.0, "subsample": 0.6029110696664077}, "datetime": {"datetime": "2024-01-20 14:33:34", "elapsed": 582.943593, "delta": 0.001121}}
{"target": -19.14728154407412, "params": {"colsample_bytree": 0.44482326351888823, "eta": 0.07357095440095848, "gamma": 515.3630031980425, "max_depth": 4.0, "min_child_weight": 3841.0480209286507, "num_boost_round": 14.0, "subsample": 0.6029110696664077}, "datetime": {"datetime": "2024-01-20 14:33:34", "elapsed": 582.944655, "delta": 0.001062}}
{"target": -19.148253027596358, "params": {"colsample_bytree": 0.44482326351888823, "eta": 0.07357095440095848, "gamma": 515.3630031980425, "max_depth": 4.0, "min_child_weight": 3841.0480209286507, "num_boost_round": 15.0, "subsample": 0.6029110696664077}, "datetime": {"datetime": "2024-01-20 14:33:34", "elapsed": 582.945748, "delta": 0.001093}}
{"target": -19.148326202837943, "params": {"colsample_bytree": 0.44482326351888823, "eta": 0.07357095440095848, "gamma": 515.3630031980425, "max_depth": 4.0, "min_child_weight": 3841.0480209286507, "num_boost_round": 16.0, "subsample": 0.6029110696664077}, "datetime": {"datetime": "2024-01-20 14:33:34", "elapsed": 582.946928, "delta": 0.00118}}
{"target": -19.14877219980401, "params": {"colsample_bytree": 0.44482326351888823, "eta": 0.07357095440095848, "gamma": 515.3630031980425, "max_depth": 4.0, "min_child_weight": 3841.0480209286507, "num_boost_round": 17.0, "subsample": 0.6029110696664077}, "datetime": {"datetime": "2024-01-20 14:33:34", "elapsed": 582.948027, "delta": 0.001099}}
{"target": -19.149233477336175, "params": {"colsample_bytree": 0.44482326351888823, "eta": 0.07357095440095848, "gamma": 515.3630031980425, "max_depth": 4.0, "min_child_weight": 3841.0480209286507, "num_boost_round": 18.0, "subsample": 0.6029110696664077}, "datetime": {"datetime": "2024-01-20 14:33:34", "elapsed": 582.949119, "delta": 0.001092}}
{"target": -19.14971638425177, "params": {"colsample_bytree": 0.44482326351888823, "eta": 0.07357095440095848, "gamma": 515.3630031980425, "max_depth": 4.0, "min_child_weight": 3841.0480209286507, "num_boost_round": 19.0, "subsample": 0.6029110696664077}, "datetime": {"datetime": "2024-01-20 14:33:35", "elapsed": 582.95021, "delta": 0.001091}}
{"target": -19.150269887572275, "params": {"colsample_bytree": 0.44482326351888823, "eta": 0.07357095440095848, "gamma": 515.3630031980425, "max_depth": 4.0, "min_child_weight": 3841.0480209286507, "num_boost_round": 20.0, "subsample": 0.6029110696664077}, "datetime": {"datetime": "2024-01-20 14:33:35", "elapsed": 582.951295, "delta": 0.001085}}
{"target": -19.150817270767856, "params": {"colsample_bytree": 0.44482326351888823, "eta": 0.07357095440095848, "gamma": 515.3630031980425, "max_depth": 4.0, "min_child_weight": 3841.0480209286507, "num_boost_round": 21.0, "subsample": 0.6029110696664077}, "datetime": {"datetime": "2024-01-20 14:33:35", "elapsed": 582.95238, "delta": 0.001085}}
{"target": -19.15162125537645, "params": {"colsample_bytree": 0.44482326351888823, "eta": 0.07357095440095848, "gamma": 515.3630031980425, "max_depth": 4.0, "min_child_weight": 3841.0480209286507, "num_boost_round": 22.0, "subsample": 0.6029110696664077}, "datetime": {"datetime": "2024-01-20 14:33:35", "elapsed": 582.953478, "delta": 0.001098}}
{"target": -19.151271528153387, "params": {"colsample_bytree": 0.44482326351888823, "eta": 0.07357095440095848, "gamma": 515.3630031980425, "max_depth": 4.0, "min_child_weight": 3841.0480209286507, "num_boost_round": 23.0, "subsample": 0.6029110696664077}, "datetime": {"datetime": "2024-01-20 14:33:35", "elapsed": 582.954571, "delta": 0.001093}}
{"target": -19.151573765448386, "params": {"colsample_bytree": 0.44482326351888823, "eta": 0.07357095440095848, "gamma": 515.3630031980425, "max_depth": 4.0, "min_child_weight": 3841.0480209286507, "num_boost_round": 24.0, "subsample": 0.6029110696664077}, "datetime": {"datetime": "2024-01-20 14:33:35", "elapsed": 582.95571, "delta": 0.001139}}
{"target": -19.15200326084203, "params": {"colsample_bytree": 0.44482326351888823, "eta": 0.07357095440095848, "gamma": 515.3630031980425, "max_depth": 4.0, "min_child_weight": 3841.0480209286507, "num_boost_round": 25.0, "subsample": 0.6029110696664077}, "datetime": {"datetime": "2024-01-20 14:33:35", "elapsed": 582.956812, "delta": 0.001102}}
{"target": -19.15244726006457, "params": {"colsample_bytree": 0.44482326351888823, "eta": 0.07357095440095848, "gamma": 515.3630031980425, "max_depth": 4.0, "min_child_weight": 3841.0480209286507, "num_boost_round": 26.0, "subsample": 0.6029110696664077}, "datetime": {"datetime": "2024-01-20 14:33:35", "elapsed": 582.957904, "delta": 0.001092}}
{"target": -19.153286501672465, "params": {"colsample_bytree": 0.44482326351888823, "eta": 0.07357095440095848, "gamma": 515.3630031980425, "max_depth": 4.0, "min_child_weight": 3841.0480209286507, "num_boost_round": 27.0, "subsample": 0.6029110696664077}, "datetime": {"datetime": "2024-01-20 14:33:35", "elapsed": 582.959002, "delta": 0.001098}}
{"target": -19.153842700938046, "params": {"colsample_bytree": 0.44482326351888823, "eta": 0.07357095440095848, "gamma": 515.3630031980425, "max_depth": 4.0, "min_child_weight": 3841.0480209286507, "num_boost_round": 28.0, "subsample": 0.6029110696664077}, "datetime": {"datetime": "2024-01-20 14:33:35", "elapsed": 582.960101, "delta": 0.001099}}
{"target": -19.153805080176816, "params": {"colsample_bytree": 0.44482326351888823, "eta": 0.07357095440095848, "gamma": 515.3630031980425, "max_depth": 4.0, "min_child_weight": 3841.0480209286507, "num_boost_round": 29.0, "subsample": 0.6029110696664077}, "datetime": {"datetime": "2024-01-20 14:33:35", "elapsed": 582.961208, "delta": 0.001107}}
{"target": -19.15385572201826, "params": {"colsample_bytree": 0.44482326351888823, "eta": 0.07357095440095848, "gamma": 515.3630031980425, "max_depth": 4.0, "min_child_weight": 3841.0480209286507, "num_boost_round": 30.0, "subsample": 0.6029110696664077}, "datetime": {"datetime": "2024-01-20 14:33:35", "elapsed": 582.962308, "delta": 0.0011}}
{"target": -19.154122152597928, "params": {"colsample_bytree": 0.44482326351888823, "eta": 0.07357095440095848, "gamma": 515.3630031980425, "max_depth": 4.0, "min_child_weight": 3841.0480209286507, "num_boost_round": 31.0, "subsample": 0.6029110696664077}, "datetime": {"datetime": "2024-01-20 14:33:35", "elapsed": 582.963505, "delta": 0.001197}}
{"target": -19.15434890180562, "params": {"colsample_bytree": 0.44482326351888823, "eta": 0.07357095440095848, "gamma": 515.3630031980425, "max_depth": 4.0, "min_child_weight": 3841.0480209286507, "num_boost_round": 32.0, "subsample": 0.6029110696664077}, "datetime": {"datetime": "2024-01-20 14:33:35", "elapsed": 582.964612, "delta": 0.001107}}
{"target": -19.15454839435288, "params": {"colsample_bytree": 0.44482326351888823, "eta": 0.07357095440095848, "gamma": 515.3630031980425, "max_depth": 4.0, "min_child_weight": 3841.0480209286507, "num_boost_round": 33.0, "subsample": 0.6029110696664077}, "datetime": {"datetime": "2024-01-20 14:33:35", "elapsed": 582.965716, "delta": 0.001104}}
{"target": -19.15494979283157, "params": {"colsample_bytree": 0.44482326351888823, "eta": 0.07357095440095848, "gamma": 515.3630031980425, "max_depth": 4.0, "min_child_weight": 3841.0480209286507, "num_boost_round": 34.0, "subsample": 0.6029110696664077}, "datetime": {"datetime": "2024-01-20 14:33:35", "elapsed": 582.967052, "delta": 0.001336}}
{"target": -19.15582583292081, "params": {"colsample_bytree": 0.44482326351888823, "eta": 0.07357095440095848, "gamma": 515.3630031980425, "max_depth": 4.0, "min_child_weight": 3841.0480209286507, "num_boost_round": 35.0, "subsample": 0.6029110696664077}, "datetime": {"datetime": "2024-01-20 14:33:35", "elapsed": 582.968285, "delta": 0.001233}}
