{"target": -19.15583890947101, "params": {"colsample_bytree": 0.3045947592873979, "eta": 0.08074663304443756, "gamma": 947.8212113931055, "max_depth": 4.0, "min_child_weight": 4373.707486118039, "num_boost_round": 36.0, "subsample": 0.7155414175413085}, "datetime": {"datetime": "2024-01-20 16:43:04", "elapsed": 8352.709056, "delta": 0.006452}}
{"target": -19.15593541869952, "params": {"colsample_bytree": 0.3045947592873979, "eta": 0.08074663304443756, "gamma": 947.8212113931055, "max_depth": 4.0, "min_child_weight": 4373.707486118039, "num_boost_round": 37.0, "subsample": 0.7155414175413085}, "datetime": {"datetime": "2024-01-20 16:43:04", "elapsed": 8352.714959, "delta": 0.005903}}
{"target": -19.15645453860894, "params": {"colsample_bytree": 0.3045947592873979, "eta": 0.08074663304443756, "gamma": 947.8212113931055, "max_depth": 4.0, "min_child_weight": 4373.707486118039, "num_boost_round": 38.0, "subsample": 0.7155414175413085}, "datetime": {"datetime": "2024-01-20 16:43:04", "elapsed": 8352.720209, "delta": 0.00525}}
{"target": -19.156670033854514, "params": {"colsample_bytree": 0.3045947592873979, "eta": 0.08074663304443756, "gamma": 947.8212113931055, "max_depth": 4.0, "min_child_weight": 4373.707486118039, "num_boost_round": 39.0, "subsample": 0.7155414175413085}, "datetime": {"datetime": "2024-01-20 16:43:04", "elapsed": 8352.725282, "delta": 0.005073}}
{"target": -19.156500055079732, "params": {"colsample_bytree": 0.3045947592873979, "eta": 0.08074663304443756, "gamma": 947.8212113931055, "max_depth": 4.0, "min_child_weight": 4373.707486118039, "num_boost_round": 40.0, "subsample": 0.7155414175413085}, "datetime": {"datetime": "2024-01-20 16:43:04", "elapsed": 8352.73036, "delta": 0.005078}}
{"target": -19.156773615186534, "params": {"colsample_bytree": 0.3045947592873979, "eta": 0.08074663304443756, "gamma": 947.8212113931055, "max_depth": 4.0, "min_child_weight": 4373.707486118039, "num_boost_round": 41.0, "subsample": 0.7155414175413085}, "datetime": {"datetime": "2024-01-20 16:43:04", "elapsed": 8352.735942, "delta": 0.005582}}
{"target": -19.156991554895544, "params": {"colsample_bytree": 0.3045947592873979, "eta": 0.08074663304443756, "gamma": 947.8212113931055, "max_depth": 4.0, "min_child_weight": 4373.707486118039, "num_boost_round": 42.0, "subsample": 0.7155414175413085}, "datetime": {"datetime": "2024-01-20 16:43:04", "elapsed": 8352.741059, "delta": 0.005117}}
{"target": -19.156933968869154, "params": {"colsample_bytree": 0.3045947592873979, "eta": 0.08074663304443756, "gamma": 947.8212113931055, "max_depth": 4.0, "min_child_weight": 4373.707486118039, "num_boost_round": 43.0, "subsample": 0.7155414175413085}, "datetime": {"datetime": "2024-01-20 16:43:04", "elapsed": 8352.746291, "delta": 0.005232}}
{"target": -19.1578051534903, "params": {"colsample_bytree": 0.3045947592873979, "eta": 0.08074663304443756, "gamma": 947.8212113931055, "max_depth": 4.0, "min_child_weight": 4373.707486118039, "num_boost_round": 44.0, "subsample": 0.7155414175413085}, "datetime": {"datetime": "2024-01-20 16:43:04", "elapsed": 8352.751433, "delta": 0.005142}}
{"target": -19.157766448195083, "params": {"colsample_bytree": 0.3045947592873979, "eta": 0.08074663304443756, "gamma": 947.8212113931055, "max_depth": 4.0, "min_child_weight": 4373.707486118039, "num_boost_round": 45.0, "subsample": 0.7155414175413085}, "datetime": {"datetime": "2024-01-20 16:43:04", "elapsed": 8352.756725, "delta": 0.005292}}
{"target": -19.157630230226204, "params": {"colsample_bytree": 0.3045947592873979, "eta": 0.08074663304443756, "gamma": 947.8212113931055, "max_depth": 4.0, "min_child_weight": 4373.707486118039, "num_boost_round": 46.0, "subsample": 0.7155414175413085}, "datetime": {"datetime": "2024-01-20 16:43:04", "elapsed": 8352.762068, "delta": 0.005343}}
{"target": -19.158169866392925, "params": {"colsample_bytree": 0.3045947592873979, "eta": 0.08074663304443756, "gamma": 947.8212113931055, "max_depth": 4.0, "min_child_weight": 4373.707486118039, "num_boost_round": 47.0, "subsample": 0.7155414175413085}, "datetime": {"datetime": "2024-01-20 16:43:04", "elapsed": 8352.768058, "delta": 0.00599}}
{"target": -19.15824777844343, "params": {"colsample_bytree": 0.3045947592873979, "eta": 0.08074663304443756, "gamma": 947.8212113931055, "max_depth": 4.0, "min_child_weight": 4373.707486118039, "num_boost_round": 48.0, "subsample": 0.7155414175413085}, "datetime": {"datetime": "2024-01-20 16:43:04", "elapsed": 8352.773862, "delta": 0.005804}}
{"target": -19.158635709883136, "params": {"colsample_bytree": 0.3045947592873979, "eta": 0.08074663304443756, "gamma": 947.8212113931055, "max_depth": 4.0, "min_child_weight": 4373.707486118039, "num_boost_round": 49.0, "subsample": 0.7155414175413085}, "datetime": {"datetime": "2024-01-20 16:43:04", "elapsed": 8352.779692, "delta": 0.00583}}
{"target": -19.158808130517862, "params": {"colsample_bytree": 0.3045947592873979, "eta": 0.08074663304443756, "gamma": 947.8212113931055, "max_depth": 4.0, "min_child_weight": 4373.707486118039, "num_boost_round": 50.0, "subsample": 0.7155414175413085}, "datetime": {"datetime": "2024-01-20 16:43:04", "elapsed": 8352.786164, "delta": 0.006472}}
{"target": -19.158738142756313, "params": {"colsample_bytree": 0.3045947592873979, "eta": 0.08074663304443756, "gamma": 947.8212113931055, "max_depth": 4.0, "min_child_weight": 4373.707486118039, "num_boost_round": 51.0, "subsample": 0.7155414175413085}, "datetime": {"datetime": "2024-01-20 16:43:04", "elapsed": 8352.792601, "delta": 0.006437}}
{"target": -19.158644565195225, "params": {"colsample_bytree": 0.3045947592873979, "eta": 0.08074663304443756, "gamma": 947.8212113931055, "max_depth": 4.0, "min_child_weight": 4373.707486118039, "num_boost_round": 52.0, "subsample": 0.7155414175413085}, "datetime": {"datetime": "2024-01-20 16:43:04", "elapsed": 8352.79895, "delta": 0.006349}}
{"target": -19.159204774535418, "params": {"colsample_bytree": 0.3045947592873979, "eta": 0.08074663304443756, "gamma": 947.8212113931055, "max_depth": 4.0, "min_child_weight": 4373.707486118039, "num_boost_round": 53.0, "subsample": 0.7155414175413085}, "datetime": {"datetime": "2024-01-20 16:43:04", "elapsed": 8352.80456, "delta": 0.00561}}
{"target": -19.159497988470196, "params": {"colsample_bytree": 0.3045947592873979, "eta": 0.08074663304443756, "gamma": 947.8212113931055, "max_depth": 4.0, "min_child_weight": 4373.707486118039, "num_boost_round": 54.0, "subsample": 0.7155414175413085}, "datetime": {"datetime": "2024-01-20 16:43:04", "elapsed": 8352.809721, "delta": 0.005161}}
{"target": -19.159605314222524, "params": {"colsample_bytree": 0.3045947592873979, "eta": 0.08074663304443756, "gamma": 947.8212113931055, "max_depth": 4.0, "min_child_weight": 4373.707486118039, "num_boost_round": 55.0, "subsample": 0.7155414175413085}, "datetime": {"datetime": "2024-01-20 16:43:04", "elapsed": 8352.814841, "delta": 0.00512}}
{"target": -19.160075739736897, "params": {"colsample_bytree": 0.3045947592873979, "eta": 0.08074663304443756, "gamma": 947.8212113931055, "max_depth": 4.0, "min_child_weight": 4373.707486118039, "num_boost_round": 56.0, "subsample": 0.7155414175413085}, "datetime": {"datetime": "2024-01-20 16:43:04", "elapsed": 8352.819992, "delta": 0.005151}}
{"target": -19.160233138980487, "params": {"colsample_bytree": 0.3045947592873979, "eta": 0.08074663304443756, "gamma": 947.8212113931055, "max_depth": 4.0, "min_child_weight": 4373.707486118039, "num_boost_round": 57.0, "subsample": 0.7155414175413085}, "datetime": {"datetime": "2024-01-20 16:43:04", "elapsed": 8352.825517, "delta": 0.005525}}
{"target": -19.160103777337444, "params": {"colsample_bytree": 0.3045947592873979, "eta": 0.08074663304443756, "gamma": 947.8212113931055, "max_depth": 4.0, "min_child_weight": 4373.707486118039, "num_boost_round": 58.0, "subsample": 0.7155414175413085}, "datetime": {"datetime": "2024-01-20 16:43:04", "elapsed": 8352.830972, "delta": 0.005455}}
{"target": -19.160488984785985, "params": {"colsample_bytree": 0.3045947592873979, "eta": 0.08074663304443756, "gamma": 947.8212113931055, "max_depth": 4.0, "min_child_weight": 4373.707486118039, "num_boost_round": 59.0, "subsample": 0.7155414175413085}, "datetime": {"datetime": "2024-01-20 16:43:04", "elapsed": 8352.836438, "delta": 0.005466}}
{"target": -19.161128047909486, "params": {"colsample_bytree": 0.3045947592873979, "eta": 0.08074663304443756, "gamma": 947.8212113931055, "max_depth": 4.0, "min_child_weight": 4373.707486118039, "num_boost_round": 60.0, "subsample": 0.7155414175413085}, "datetime": {"datetime": "2024-01-20 16:43:04", "elapsed": 8352.841963, "delta": 0.005525}}
{"target": -19.16153331371234, "params": {"colsample_bytree": 0.3045947592873979, "eta": 0.08074663304443756, "gamma": 947.8212113931055, "max_depth": 4.0, "min_child_weight": 4373.707486118039, "num_boost_round": 61.0, "subsample": 0.7155414175413085}, "datetime": {"datetime": "2024-01-20 16:43:04", "elapsed": 8352.847133, "delta": 0.00517}}
{"target": -19.161620773939084, "params": {"colsample_bytree": 0.3045947592873979, "eta": 0.08074663304443756, "gamma": 947.8212113931055, "max_depth": 4.0, "min_child_weight": 4373.707486118039, "num_boost_round": 62.0, "subsample": 0.7155414175413085}, "datetime": {"datetime": "2024-01-20 16:43:04", "elapsed": 8352.852439, "delta": 0.005306}}
{"target": -19.161586419066367, "params": {"colsample_bytree": 0.3045947592873979, "eta": 0.08074663304443756, "gamma": 947.8212113931055, "max_depth": 4.0, "min_child_weight": 4373.707486118039, "num_boost_round": 63.0, "subsample": 0.7155414175413085}, "datetime": {"datetime": "2024-01-20 16:43:04", "elapsed": 8352.857738, "delta": 0.005299}}
{"target": -19.161733180555004, "params": {"colsample_bytree": 0.3045947592873979, "eta": 0.08074663304443756, "gamma": 947.8212113931055, "max_depth": 4.0, "min_child_weight": 4373.707486118039, "num_boost_round": 64.0, "subsample": 0.7155414175413085}, "datetime": {"datetime": "2024-01-20 16:43:04", "elapsed": 8352.863147, "delta": 0.005409}}
{"target": -19.16171792784971, "params": {"colsample_bytree": 0.3045947592873979, "eta": 0.08074663304443756, "gamma": 947.8212113931055, "max_depth": 4.0, "min_child_weight": 4373.707486118039, "num_boost_round": 65.0, "subsample": 0.7155414175413085}, "datetime": {"datetime": "2024-01-20 16:43:04", "elapsed": 8352.893821, "delta": 0.030674}}
{"target": -19.16180007885039, "params": {"colsample_bytree": 0.3045947592873979, "eta": 0.08074663304443756, "gamma": 947.8212113931055, "max_depth": 4.0, "min_child_weight": 4373.707486118039, "num_boost_round": 66.0, "subsample": 0.7155414175413085}, "datetime": {"datetime": "2024-01-20 16:43:04", "elapsed": 8352.899405, "delta": 0.005584}}
{"target": -19.16178230109064, "params": {"colsample_bytree": 0.3045947592873979, "eta": 0.08074663304443756, "gamma": 947.8212113931055, "max_depth": 4.0, "min_child_weight": 4373.707486118039, "num_boost_round": 67.0, "subsample": 0.7155414175413085}, "datetime": {"datetime": "2024-01-20 16:43:04", "elapsed": 8352.904795, "delta": 0.00539}}
{"target": -19.161820739624552, "params": {"colsample_bytree": 0.3045947592873979, "eta": 0.08074663304443756, "gamma": 947.8212113931055, "max_depth": 4.0, "min_child_weight": 4373.707486118039, "num_boost_round": 68.0, "subsample": 0.7155414175413085}, "datetime": {"datetime": "2024-01-20 16:43:04", "elapsed": 8352.909961, "delta": 0.005166}}
{"target": -19.143291181757636, "params": {"colsample_bytree": 0.25881665134359455, "eta": 0.0457478038181527, "gamma": 891.4385220229213, "max_depth": 6.0, "min_child_weight": 4289.43279445722, "num_boost_round": 1.0, "subsample": 0.8711228192339553}, "datetime": {"datetime": "2024-01-20 16:44:15", "elapsed": 8423.739741, "delta": 70.82978}}
{"target": -19.14345204049223, "params": {"colsample_bytree": 0.25881665134359455, "eta": 0.0457478038181527, "gamma": 891.4385220229213, "max_depth": 6.0, "min_child_weight": 4289.43279445722, "num_boost_round": 2.0, "subsample": 0.8711228192339553}, "datetime": {"datetime": "2024-01-20 16:44:15", "elapsed": 8423.745975, "delta": 0.006234}}
{"target": -19.143687909705932, "params": {"colsample_bytree": 0.25881665134359455, "eta": 0.0457478038181527, "gamma": 891.4385220229213, "max_depth": 6.0, "min_child_weight": 4289.43279445722, "num_boost_round": 3.0, "subsample": 0.8711228192339553}, "datetime": {"datetime": "2024-01-20 16:44:16", "elapsed": 8424.042399, "delta": 0.296424}}
{"target": -19.143409904194023, "params": {"colsample_bytree": 0.25881665134359455, "eta": 0.0457478038181527, "gamma": 891.4385220229213, "max_depth": 6.0, "min_child_weight": 4289.43279445722, "num_boost_round": 4.0, "subsample": 0.8711228192339553}, "datetime": {"datetime": "2024-01-20 16:44:16", "elapsed": 8424.048991, "delta": 0.006592}}
{"target": -19.14343895512023, "params": {"colsample_bytree": 0.25881665134359455, "eta": 0.0457478038181527, "gamma": 891.4385220229213, "max_depth": 6.0, "min_child_weight": 4289.43279445722, "num_boost_round": 5.0, "subsample": 0.8711228192339553}, "datetime": {"datetime": "2024-01-20 16:44:16", "elapsed": 8424.054645, "delta": 0.005654}}
{"target": -19.14333614239965, "params": {"colsample_bytree": 0.25881665134359455, "eta": 0.0457478038181527, "gamma": 891.4385220229213, "max_depth": 6.0, "min_child_weight": 4289.43279445722, "num_boost_round": 6.0, "subsample": 0.8711228192339553}, "datetime": {"datetime": "2024-01-20 16:44:16", "elapsed": 8424.060281, "delta": 0.005636}}
{"target": -19.14336036125102, "params": {"colsample_bytree": 0.25881665134359455, "eta": 0.0457478038181527, "gamma": 891.4385220229213, "max_depth": 6.0, "min_child_weight": 4289.43279445722, "num_boost_round": 7.0, "subsample": 0.8711228192339553}, "datetime": {"datetime": "2024-01-20 16:44:16", "elapsed": 8424.065914, "delta": 0.005633}}
{"target": -19.143057531088772, "params": {"colsample_bytree": 0.25881665134359455, "eta": 0.0457478038181527, "gamma": 891.4385220229213, "max_depth": 6.0, "min_child_weight": 4289.43279445722, "num_boost_round": 8.0, "subsample": 0.8711228192339553}, "datetime": {"datetime": "2024-01-20 16:44:16", "elapsed": 8424.087544, "delta": 0.02163}}
{"target": -19.143475751612296, "params": {"colsample_bytree": 0.25881665134359455, "eta": 0.0457478038181527, "gamma": 891.4385220229213, "max_depth": 6.0, "min_child_weight": 4289.43279445722, "num_boost_round": 9.0, "subsample": 0.8711228192339553}, "datetime": {"datetime": "2024-01-20 16:44:16", "elapsed": 8424.09304, "delta": 0.005496}}
{"target": -19.143602912766, "params": {"colsample_bytree": 0.25881665134359455, "eta": 0.0457478038181527, "gamma": 891.4385220229213, "max_depth": 6.0, "min_child_weight": 4289.43279445722, "num_boost_round": 10.0, "subsample": 0.8711228192339553}, "datetime": {"datetime": "2024-01-20 16:44:16", "elapsed": 8424.098289, "delta": 0.005249}}
{"target": -19.143428405538216, "params": {"colsample_bytree": 0.25881665134359455, "eta": 0.0457478038181527, "gamma": 891.4385220229213, "max_depth": 6.0, "min_child_weight": 4289.43279445722, "num_boost_round": 11.0, "subsample": 0.8711228192339553}, "datetime": {"datetime": "2024-01-20 16:44:16", "elapsed": 8424.103537, "delta": 0.005248}}
{"target": -19.143675947750992, "params": {"colsample_bytree": 0.25881665134359455, "eta": 0.0457478038181527, "gamma": 891.4385220229213, "max_depth": 6.0, "min_child_weight": 4289.43279445722, "num_boost_round": 12.0, "subsample": 0.8711228192339553}, "datetime": {"datetime": "2024-01-20 16:44:16", "elapsed": 8424.1088, "delta": 0.005263}}
{"target": -19.143719718233342, "params": {"colsample_bytree": 0.25881665134359455, "eta": 0.0457478038181527, "gamma": 891.4385220229213, "max_depth": 6.0, "min_child_weight": 4289.43279445722, "num_boost_round": 13.0, "subsample": 0.8711228192339553}, "datetime": {"datetime": "2024-01-20 16:44:16", "elapsed": 8424.114179, "delta": 0.005379}}
{"target": -19.143935558128717, "params": {"colsample_bytree": 0.25881665134359455, "eta": 0.0457478038181527, "gamma": 891.4385220229213, "max_depth": 6.0, "min_child_weight": 4289.43279445722, "num_boost_round": 14.0, "subsample": 0.8711228192339553}, "datetime": {"datetime": "2024-01-20 16:44:16", "elapsed": 8424.119499, "delta": 0.00532}}
{"target": -19.144613777598217, "params": {"colsample_bytree": 0.25881665134359455, "eta": 0.0457478038181527, "gamma": 891.4385220229213, "max_depth": 6.0, "min_child_weight": 4289.43279445722, "num_boost_round": 15.0, "subsample": 0.8711228192339553}, "datetime": {"datetime": "2024-01-20 16:44:16", "elapsed": 8424.12491, "delta": 0.005411}}
{"target": -19.144503882508403, "params": {"colsample_bytree": 0.25881665134359455, "eta": 0.0457478038181527, "gamma": 891.4385220229213, "max_depth": 6.0, "min_child_weight": 4289.43279445722, "num_boost_round": 16.0, "subsample": 0.8711228192339553}, "datetime": {"datetime": "2024-01-20 16:44:16", "elapsed": 8424.130187, "delta": 0.005277}}
{"target": -19.144624388228838, "params": {"colsample_bytree": 0.25881665134359455, "eta": 0.0457478038181527, "gamma": 891.4385220229213, "max_depth": 6.0, "min_child_weight": 4289.43279445722, "num_boost_round": 17.0, "subsample": 0.8711228192339553}, "datetime": {"datetime": "2024-01-20 16:44:16", "elapsed": 8424.135579, "delta": 0.005392}}
{"target": -19.14469162604425, "params": {"colsample_bytree": 0.25881665134359455, "eta": 0.0457478038181527, "gamma": 891.4385220229213, "max_depth": 6.0, "min_child_weight": 4289.43279445722, "num_boost_round": 18.0, "subsample": 0.8711228192339553}, "datetime": {"datetime": "2024-01-20 16:44:16", "elapsed": 8424.14109, "delta": 0.005511}}
{"target": -19.14511803923046, "params": {"colsample_bytree": 0.25881665134359455, "eta": 0.0457478038181527, "gamma": 891.4385220229213, "max_depth": 6.0, "min_child_weight": 4289.43279445722, "num_boost_round": 19.0, "subsample": 0.8711228192339553}, "datetime": {"datetime": "2024-01-20 16:44:16", "elapsed": 8424.146703, "delta": 0.005613}}
{"target": -19.145254110045883, "params": {"colsample_bytree": 0.25881665134359455, "eta": 0.0457478038181527, "gamma": 891.4385220229213, "max_depth": 6.0, "min_child_weight": 4289.43279445722, "num_boost_round": 20.0, "subsample": 0.8711228192339553}, "datetime": {"datetime": "2024-01-20 16:44:16", "elapsed": 8424.162088, "delta": 0.015385}}
{"target": -19.14579297603354, "params": {"colsample_bytree": 0.25881665134359455, "eta": 0.0457478038181527, "gamma": 891.4385220229213, "max_depth": 6.0, "min_child_weight": 4289.43279445722, "num_boost_round": 21.0, "subsample": 0.8711228192339553}, "datetime": {"datetime": "2024-01-20 16:44:16", "elapsed": 8424.167699, "delta": 0.005611}}
{"target": -19.146122170403288, "params": {"colsample_bytree": 0.25881665134359455, "eta": 0.0457478038181527, "gamma": 891.4385220229213, "max_depth": 6.0, "min_child_weight": 4289.43279445722, "num_boost_round": 22.0, "subsample": 0.8711228192339553}, "datetime": {"datetime": "2024-01-20 16:44:16", "elapsed": 8424.173412, "delta": 0.005713}}
{"target": -19.145996346240473, "params": {"colsample_bytree": 0.25881665134359455, "eta": 0.0457478038181527, "gamma": 891.4385220229213, "max_depth": 6.0, "min_child_weight": 4289.43279445722, "num_boost_round": 23.0, "subsample": 0.8711228192339553}, "datetime": {"datetime": "2024-01-20 16:44:16", "elapsed": 8424.178738, "delta": 0.005326}}
{"target": -19.146079129323013, "params": {"colsample_bytree": 0.25881665134359455, "eta": 0.0457478038181527, "gamma": 891.4385220229213, "max_depth": 6.0, "min_child_weight": 4289.43279445722, "num_boost_round": 24.0, "subsample": 0.8711228192339553}, "datetime": {"datetime": "2024-01-20 16:44:16", "elapsed": 8424.18409, "delta": 0.005352}}
{"target": -19.14614050504285, "params": {"colsample_bytree": 0.25881665134359455, "eta": 0.0457478038181527, "gamma": 891.4385220229213, "max_depth": 6.0, "min_child_weight": 4289.43279445722, "num_boost_round": 25.0, "subsample": 0.8711228192339553}, "datetime": {"datetime": "2024-01-20 16:44:16", "elapsed": 8424.189391, "delta": 0.005301}}
{"target": -19.146766458529346, "params": {"colsample_bytree": 0.25881665134359455, "eta": 0.0457478038181527, "gamma": 891.4385220229213, "max_depth": 6.0, "min_child_weight": 4289.43279445722, "num_boost_round": 26.0, "subsample": 0.8711228192339553}, "datetime": {"datetime": "2024-01-20 16:44:16", "elapsed": 8424.194728, "delta": 0.005337}}
{"target": -19.14701524730736, "params": {"colsample_bytree": 0.25881665134359455, "eta": 0.0457478038181527, "gamma": 891.4385220229213, "max_depth": 6.0, "min_child_weight": 4289.43279445722, "num_boost_round": 27.0, "subsample": 0.8711228192339553}, "datetime": {"datetime": "2024-01-20 16:44:16", "elapsed": 8424.199993, "delta": 0.005265}}
{"target": -19.14728183169234, "params": {"colsample_bytree": 0.25881665134359455, "eta": 0.0457478038181527, "gamma": 891.4385220229213, "max_depth": 6.0, "min_child_weight": 4289.43279445722, "num_boost_round": 28.0, "subsample": 0.8711228192339553}, "datetime": {"datetime": "2024-01-20 16:44:16", "elapsed": 8424.205418, "delta": 0.005425}}
{"target": -19.14746958897775, "params": {"colsample_bytree": 0.25881665134359455, "eta": 0.0457478038181527, "gamma": 891.4385220229213, "max_depth": 6.0, "min_child_weight": 4289.43279445722, "num_boost_round": 29.0, "subsample": 0.8711228192339553}, "datetime": {"datetime": "2024-01-20 16:44:16", "elapsed": 8424.21084, "delta": 0.005422}}
{"target": -19.147433281988313, "params": {"colsample_bytree": 0.25881665134359455, "eta": 0.0457478038181527, "gamma": 891.4385220229213, "max_depth": 6.0, "min_child_weight": 4289.43279445722, "num_boost_round": 30.0, "subsample": 0.8711228192339553}, "datetime": {"datetime": "2024-01-20 16:44:16", "elapsed": 8424.216434, "delta": 0.005594}}
