{"target": -15.168254238530032, "params": {"colsample_bytree": 0.5794968618639001, "eta": 0.01187233967240704, "gamma": 514.4356938291014, "max_depth": 2.0, "min_child_weight": 4401.0889663299, "num_boost_round": 29.0, "subsample": 0.11784673453330868}, "datetime": {"datetime": "2024-01-20 15:33:07", "elapsed": 4144.910894, "delta": 0.004726}}
{"target": -15.168077516598924, "params": {"colsample_bytree": 0.5794968618639001, "eta": 0.01187233967240704, "gamma": 514.4356938291014, "max_depth": 2.0, "min_child_weight": 4401.0889663299, "num_boost_round": 30.0, "subsample": 0.11784673453330868}, "datetime": {"datetime": "2024-01-20 15:33:07", "elapsed": 4144.915518, "delta": 0.004624}}
{"target": -15.170663994225462, "params": {"colsample_bytree": 0.5297101622535222, "eta": 0.08242474125321059, "gamma": 486.0998016672781, "max_depth": 3.0, "min_child_weight": 4416.826856305858, "num_boost_round": 1.0, "subsample": 0.7985461160621461}, "datetime": {"datetime": "2024-01-20 15:34:38", "elapsed": 4235.567537, "delta": 90.652019}}
{"target": -15.168936085775357, "params": {"colsample_bytree": 0.5297101622535222, "eta": 0.08242474125321059, "gamma": 486.0998016672781, "max_depth": 3.0, "min_child_weight": 4416.826856305858, "num_boost_round": 2.0, "subsample": 0.7985461160621461}, "datetime": {"datetime": "2024-01-20 15:34:38", "elapsed": 4235.574161, "delta": 0.006624}}
{"target": -15.16658272055081, "params": {"colsample_bytree": 0.5297101622535222, "eta": 0.08242474125321059, "gamma": 486.0998016672781, "max_depth": 3.0, "min_child_weight": 4416.826856305858, "num_boost_round": 3.0, "subsample": 0.7985461160621461}, "datetime": {"datetime": "2024-01-20 15:34:38", "elapsed": 4235.578777, "delta": 0.004616}}
{"target": -15.16534885247204, "params": {"colsample_bytree": 0.5297101622535222, "eta": 0.08242474125321059, "gamma": 486.0998016672781, "max_depth": 3.0, "min_child_weight": 4416.826856305858, "num_boost_round": 4.0, "subsample": 0.7985461160621461}, "datetime": {"datetime": "2024-01-20 15:34:38", "elapsed": 4235.583538, "delta": 0.004761}}
{"target": -15.162754606484677, "params": {"colsample_bytree": 0.5297101622535222, "eta": 0.08242474125321059, "gamma": 486.0998016672781, "max_depth": 3.0, "min_child_weight": 4416.826856305858, "num_boost_round": 5.0, "subsample": 0.7985461160621461}, "datetime": {"datetime": "2024-01-20 15:34:38", "elapsed": 4235.588065, "delta": 0.004527}}
{"target": -15.161880057864167, "params": {"colsample_bytree": 0.5297101622535222, "eta": 0.08242474125321059, "gamma": 486.0998016672781, "max_depth": 3.0, "min_child_weight": 4416.826856305858, "num_boost_round": 6.0, "subsample": 0.7985461160621461}, "datetime": {"datetime": "2024-01-20 15:34:38", "elapsed": 4235.592843, "delta": 0.004778}}
{"target": -15.161555619934923, "params": {"colsample_bytree": 0.5297101622535222, "eta": 0.08242474125321059, "gamma": 486.0998016672781, "max_depth": 3.0, "min_child_weight": 4416.826856305858, "num_boost_round": 7.0, "subsample": 0.7985461160621461}, "datetime": {"datetime": "2024-01-20 15:34:38", "elapsed": 4235.597702, "delta": 0.004859}}
{"target": -15.15971164405007, "params": {"colsample_bytree": 0.5297101622535222, "eta": 0.08242474125321059, "gamma": 486.0998016672781, "max_depth": 3.0, "min_child_weight": 4416.826856305858, "num_boost_round": 8.0, "subsample": 0.7985461160621461}, "datetime": {"datetime": "2024-01-20 15:34:38", "elapsed": 4235.603521, "delta": 0.005819}}
{"target": -15.159650569385935, "params": {"colsample_bytree": 0.5297101622535222, "eta": 0.08242474125321059, "gamma": 486.0998016672781, "max_depth": 3.0, "min_child_weight": 4416.826856305858, "num_boost_round": 9.0, "subsample": 0.7985461160621461}, "datetime": {"datetime": "2024-01-20 15:34:38", "elapsed": 4235.608932, "delta": 0.005411}}
{"target": -15.159103524351469, "params": {"colsample_bytree": 0.5297101622535222, "eta": 0.08242474125321059, "gamma": 486.0998016672781, "max_depth": 3.0, "min_child_weight": 4416.826856305858, "num_boost_round": 10.0, "subsample": 0.7985461160621461}, "datetime": {"datetime": "2024-01-20 15:34:38", "elapsed": 4235.613789, "delta": 0.004857}}
{"target": -15.159431758494122, "params": {"colsample_bytree": 0.5297101622535222, "eta": 0.08242474125321059, "gamma": 486.0998016672781, "max_depth": 3.0, "min_child_weight": 4416.826856305858, "num_boost_round": 11.0, "subsample": 0.7985461160621461}, "datetime": {"datetime": "2024-01-20 15:34:38", "elapsed": 4235.61847, "delta": 0.004681}}
{"target": -15.158291551849242, "params": {"colsample_bytree": 0.5297101622535222, "eta": 0.08242474125321059, "gamma": 486.0998016672781, "max_depth": 3.0, "min_child_weight": 4416.826856305858, "num_boost_round": 12.0, "subsample": 0.7985461160621461}, "datetime": {"datetime": "2024-01-20 15:34:38", "elapsed": 4235.623074, "delta": 0.004604}}
{"target": -15.159164925433469, "params": {"colsample_bytree": 0.5297101622535222, "eta": 0.08242474125321059, "gamma": 486.0998016672781, "max_depth": 3.0, "min_child_weight": 4416.826856305858, "num_boost_round": 13.0, "subsample": 0.7985461160621461}, "datetime": {"datetime": "2024-01-20 15:34:38", "elapsed": 4235.627714, "delta": 0.00464}}
{"target": -15.158363426086375, "params": {"colsample_bytree": 0.5297101622535222, "eta": 0.08242474125321059, "gamma": 486.0998016672781, "max_depth": 3.0, "min_child_weight": 4416.826856305858, "num_boost_round": 14.0, "subsample": 0.7985461160621461}, "datetime": {"datetime": "2024-01-20 15:34:38", "elapsed": 4235.63259, "delta": 0.004876}}
{"target": -15.157933151229585, "params": {"colsample_bytree": 0.5297101622535222, "eta": 0.08242474125321059, "gamma": 486.0998016672781, "max_depth": 3.0, "min_child_weight": 4416.826856305858, "num_boost_round": 15.0, "subsample": 0.7985461160621461}, "datetime": {"datetime": "2024-01-20 15:34:38", "elapsed": 4235.637191, "delta": 0.004601}}
{"target": -15.158324928127925, "params": {"colsample_bytree": 0.5297101622535222, "eta": 0.08242474125321059, "gamma": 486.0998016672781, "max_depth": 3.0, "min_child_weight": 4416.826856305858, "num_boost_round": 16.0, "subsample": 0.7985461160621461}, "datetime": {"datetime": "2024-01-20 15:34:38", "elapsed": 4235.641783, "delta": 0.004592}}
{"target": -15.157940809199726, "params": {"colsample_bytree": 0.5297101622535222, "eta": 0.08242474125321059, "gamma": 486.0998016672781, "max_depth": 3.0, "min_child_weight": 4416.826856305858, "num_boost_round": 17.0, "subsample": 0.7985461160621461}, "datetime": {"datetime": "2024-01-20 15:34:38", "elapsed": 4235.646363, "delta": 0.00458}}
{"target": -15.15830217710092, "params": {"colsample_bytree": 0.5297101622535222, "eta": 0.08242474125321059, "gamma": 486.0998016672781, "max_depth": 3.0, "min_child_weight": 4416.826856305858, "num_boost_round": 18.0, "subsample": 0.7985461160621461}, "datetime": {"datetime": "2024-01-20 15:34:38", "elapsed": 4235.651038, "delta": 0.004675}}
{"target": -15.157895975654078, "params": {"colsample_bytree": 0.5297101622535222, "eta": 0.08242474125321059, "gamma": 486.0998016672781, "max_depth": 3.0, "min_child_weight": 4416.826856305858, "num_boost_round": 19.0, "subsample": 0.7985461160621461}, "datetime": {"datetime": "2024-01-20 15:34:38", "elapsed": 4235.656002, "delta": 0.004964}}
{"target": -15.158552066984079, "params": {"colsample_bytree": 0.5297101622535222, "eta": 0.08242474125321059, "gamma": 486.0998016672781, "max_depth": 3.0, "min_child_weight": 4416.826856305858, "num_boost_round": 20.0, "subsample": 0.7985461160621461}, "datetime": {"datetime": "2024-01-20 15:34:38", "elapsed": 4235.661059, "delta": 0.005057}}
{"target": -15.158313538945192, "params": {"colsample_bytree": 0.5297101622535222, "eta": 0.08242474125321059, "gamma": 486.0998016672781, "max_depth": 3.0, "min_child_weight": 4416.826856305858, "num_boost_round": 21.0, "subsample": 0.7985461160621461}, "datetime": {"datetime": "2024-01-20 15:34:38", "elapsed": 4235.665847, "delta": 0.004788}}
{"target": -15.158652177885758, "params": {"colsample_bytree": 0.5297101622535222, "eta": 0.08242474125321059, "gamma": 486.0998016672781, "max_depth": 3.0, "min_child_weight": 4416.826856305858, "num_boost_round": 22.0, "subsample": 0.7985461160621461}, "datetime": {"datetime": "2024-01-20 15:34:38", "elapsed": 4235.670578, "delta": 0.004731}}
{"target": -15.158941711913826, "params": {"colsample_bytree": 0.5297101622535222, "eta": 0.08242474125321059, "gamma": 486.0998016672781, "max_depth": 3.0, "min_child_weight": 4416.826856305858, "num_boost_round": 23.0, "subsample": 0.7985461160621461}, "datetime": {"datetime": "2024-01-20 15:34:38", "elapsed": 4235.675344, "delta": 0.004766}}
{"target": -15.158091573061684, "params": {"colsample_bytree": 0.5297101622535222, "eta": 0.08242474125321059, "gamma": 486.0998016672781, "max_depth": 3.0, "min_child_weight": 4416.826856305858, "num_boost_round": 24.0, "subsample": 0.7985461160621461}, "datetime": {"datetime": "2024-01-20 15:34:38", "elapsed": 4235.680087, "delta": 0.004743}}
{"target": -15.158916817492823, "params": {"colsample_bytree": 0.5297101622535222, "eta": 0.08242474125321059, "gamma": 486.0998016672781, "max_depth": 3.0, "min_child_weight": 4416.826856305858, "num_boost_round": 25.0, "subsample": 0.7985461160621461}, "datetime": {"datetime": "2024-01-20 15:34:38", "elapsed": 4235.684818, "delta": 0.004731}}
{"target": -15.158922987612748, "params": {"colsample_bytree": 0.5297101622535222, "eta": 0.08242474125321059, "gamma": 486.0998016672781, "max_depth": 3.0, "min_child_weight": 4416.826856305858, "num_boost_round": 26.0, "subsample": 0.7985461160621461}, "datetime": {"datetime": "2024-01-20 15:34:38", "elapsed": 4235.689742, "delta": 0.004924}}
{"target": -15.158830716808406, "params": {"colsample_bytree": 0.5297101622535222, "eta": 0.08242474125321059, "gamma": 486.0998016672781, "max_depth": 3.0, "min_child_weight": 4416.826856305858, "num_boost_round": 27.0, "subsample": 0.7985461160621461}, "datetime": {"datetime": "2024-01-20 15:34:38", "elapsed": 4235.694427, "delta": 0.004685}}
{"target": -15.158563557684676, "params": {"colsample_bytree": 0.5297101622535222, "eta": 0.08242474125321059, "gamma": 486.0998016672781, "max_depth": 3.0, "min_child_weight": 4416.826856305858, "num_boost_round": 28.0, "subsample": 0.7985461160621461}, "datetime": {"datetime": "2024-01-20 15:34:38", "elapsed": 4235.699052, "delta": 0.004625}}
{"target": -15.158502701485148, "params": {"colsample_bytree": 0.5297101622535222, "eta": 0.08242474125321059, "gamma": 486.0998016672781, "max_depth": 3.0, "min_child_weight": 4416.826856305858, "num_boost_round": 29.0, "subsample": 0.7985461160621461}, "datetime": {"datetime": "2024-01-20 15:34:38", "elapsed": 4235.704679, "delta": 0.005627}}
{"target": -15.159587608011627, "params": {"colsample_bytree": 0.5297101622535222, "eta": 0.08242474125321059, "gamma": 486.0998016672781, "max_depth": 3.0, "min_child_weight": 4416.826856305858, "num_boost_round": 30.0, "subsample": 0.7985461160621461}, "datetime": {"datetime": "2024-01-20 15:34:38", "elapsed": 4235.70955, "delta": 0.004871}}
{"target": -15.159580536697742, "params": {"colsample_bytree": 0.5297101622535222, "eta": 0.08242474125321059, "gamma": 486.0998016672781, "max_depth": 3.0, "min_child_weight": 4416.826856305858, "num_boost_round": 31.0, "subsample": 0.7985461160621461}, "datetime": {"datetime": "2024-01-20 15:34:38", "elapsed": 4235.714287, "delta": 0.004737}}
{"target": -15.159986133684438, "params": {"colsample_bytree": 0.5297101622535222, "eta": 0.08242474125321059, "gamma": 486.0998016672781, "max_depth": 3.0, "min_child_weight": 4416.826856305858, "num_boost_round": 32.0, "subsample": 0.7985461160621461}, "datetime": {"datetime": "2024-01-20 15:34:38", "elapsed": 4235.719149, "delta": 0.004862}}
{"target": -15.160265276113972, "params": {"colsample_bytree": 0.5297101622535222, "eta": 0.08242474125321059, "gamma": 486.0998016672781, "max_depth": 3.0, "min_child_weight": 4416.826856305858, "num_boost_round": 33.0, "subsample": 0.7985461160621461}, "datetime": {"datetime": "2024-01-20 15:34:38", "elapsed": 4235.723753, "delta": 0.004604}}
{"target": -15.160743584783184, "params": {"colsample_bytree": 0.5297101622535222, "eta": 0.08242474125321059, "gamma": 486.0998016672781, "max_depth": 3.0, "min_child_weight": 4416.826856305858, "num_boost_round": 34.0, "subsample": 0.7985461160621461}, "datetime": {"datetime": "2024-01-20 15:34:38", "elapsed": 4235.728383, "delta": 0.00463}}
{"target": -15.160571403273282, "params": {"colsample_bytree": 0.5297101622535222, "eta": 0.08242474125321059, "gamma": 486.0998016672781, "max_depth": 3.0, "min_child_weight": 4416.826856305858, "num_boost_round": 35.0, "subsample": 0.7985461160621461}, "datetime": {"datetime": "2024-01-20 15:34:38", "elapsed": 4235.733069, "delta": 0.004686}}
{"target": -15.1608874633317, "params": {"colsample_bytree": 0.5297101622535222, "eta": 0.08242474125321059, "gamma": 486.0998016672781, "max_depth": 3.0, "min_child_weight": 4416.826856305858, "num_boost_round": 36.0, "subsample": 0.7985461160621461}, "datetime": {"datetime": "2024-01-20 15:34:38", "elapsed": 4235.737749, "delta": 0.00468}}
{"target": -15.16136342229572, "params": {"colsample_bytree": 0.5297101622535222, "eta": 0.08242474125321059, "gamma": 486.0998016672781, "max_depth": 3.0, "min_child_weight": 4416.826856305858, "num_boost_round": 37.0, "subsample": 0.7985461160621461}, "datetime": {"datetime": "2024-01-20 15:34:38", "elapsed": 4235.742442, "delta": 0.004693}}
{"target": -15.161592317783466, "params": {"colsample_bytree": 0.5297101622535222, "eta": 0.08242474125321059, "gamma": 486.0998016672781, "max_depth": 3.0, "min_child_weight": 4416.826856305858, "num_boost_round": 38.0, "subsample": 0.7985461160621461}, "datetime": {"datetime": "2024-01-20 15:34:38", "elapsed": 4235.747245, "delta": 0.004803}}
{"target": -15.16191662087579, "params": {"colsample_bytree": 0.5297101622535222, "eta": 0.08242474125321059, "gamma": 486.0998016672781, "max_depth": 3.0, "min_child_weight": 4416.826856305858, "num_boost_round": 39.0, "subsample": 0.7985461160621461}, "datetime": {"datetime": "2024-01-20 15:34:38", "elapsed": 4235.751826, "delta": 0.004581}}
{"target": -15.162028076830616, "params": {"colsample_bytree": 0.5297101622535222, "eta": 0.08242474125321059, "gamma": 486.0998016672781, "max_depth": 3.0, "min_child_weight": 4416.826856305858, "num_boost_round": 40.0, "subsample": 0.7985461160621461}, "datetime": {"datetime": "2024-01-20 15:34:38", "elapsed": 4235.756458, "delta": 0.004632}}
{"target": -15.162598192009366, "params": {"colsample_bytree": 0.5297101622535222, "eta": 0.08242474125321059, "gamma": 486.0998016672781, "max_depth": 3.0, "min_child_weight": 4416.826856305858, "num_boost_round": 41.0, "subsample": 0.7985461160621461}, "datetime": {"datetime": "2024-01-20 15:34:38", "elapsed": 4235.761086, "delta": 0.004628}}
{"target": -15.163300121520528, "params": {"colsample_bytree": 0.5297101622535222, "eta": 0.08242474125321059, "gamma": 486.0998016672781, "max_depth": 3.0, "min_child_weight": 4416.826856305858, "num_boost_round": 42.0, "subsample": 0.7985461160621461}, "datetime": {"datetime": "2024-01-20 15:34:38", "elapsed": 4235.765711, "delta": 0.004625}}
{"target": -15.16300560729323, "params": {"colsample_bytree": 0.5297101622535222, "eta": 0.08242474125321059, "gamma": 486.0998016672781, "max_depth": 3.0, "min_child_weight": 4416.826856305858, "num_boost_round": 43.0, "subsample": 0.7985461160621461}, "datetime": {"datetime": "2024-01-20 15:34:38", "elapsed": 4235.770514, "delta": 0.004803}}
{"target": -15.163134900405865, "params": {"colsample_bytree": 0.5297101622535222, "eta": 0.08242474125321059, "gamma": 486.0998016672781, "max_depth": 3.0, "min_child_weight": 4416.826856305858, "num_boost_round": 44.0, "subsample": 0.7985461160621461}, "datetime": {"datetime": "2024-01-20 15:34:38", "elapsed": 4235.775462, "delta": 0.004948}}
{"target": -15.162757534710115, "params": {"colsample_bytree": 0.5297101622535222, "eta": 0.08242474125321059, "gamma": 486.0998016672781, "max_depth": 3.0, "min_child_weight": 4416.826856305858, "num_boost_round": 45.0, "subsample": 0.7985461160621461}, "datetime": {"datetime": "2024-01-20 15:34:38", "elapsed": 4235.780113, "delta": 0.004651}}
{"target": -15.163505778286742, "params": {"colsample_bytree": 0.5297101622535222, "eta": 0.08242474125321059, "gamma": 486.0998016672781, "max_depth": 3.0, "min_child_weight": 4416.826856305858, "num_boost_round": 46.0, "subsample": 0.7985461160621461}, "datetime": {"datetime": "2024-01-20 15:34:38", "elapsed": 4235.784733, "delta": 0.00462}}
{"target": -15.164049078024572, "params": {"colsample_bytree": 0.5297101622535222, "eta": 0.08242474125321059, "gamma": 486.0998016672781, "max_depth": 3.0, "min_child_weight": 4416.826856305858, "num_boost_round": 47.0, "subsample": 0.7985461160621461}, "datetime": {"datetime": "2024-01-20 15:34:38", "elapsed": 4235.789382, "delta": 0.004649}}
{"target": -15.16421443453615, "params": {"colsample_bytree": 0.5297101622535222, "eta": 0.08242474125321059, "gamma": 486.0998016672781, "max_depth": 3.0, "min_child_weight": 4416.826856305858, "num_boost_round": 48.0, "subsample": 0.7985461160621461}, "datetime": {"datetime": "2024-01-20 15:34:38", "elapsed": 4235.794043, "delta": 0.004661}}
{"target": -15.164463525140647, "params": {"colsample_bytree": 0.5297101622535222, "eta": 0.08242474125321059, "gamma": 486.0998016672781, "max_depth": 3.0, "min_child_weight": 4416.826856305858, "num_boost_round": 49.0, "subsample": 0.7985461160621461}, "datetime": {"datetime": "2024-01-20 15:34:38", "elapsed": 4235.798752, "delta": 0.004709}}
{"target": -15.164110905350348, "params": {"colsample_bytree": 0.5297101622535222, "eta": 0.08242474125321059, "gamma": 486.0998016672781, "max_depth": 3.0, "min_child_weight": 4416.826856305858, "num_boost_round": 50.0, "subsample": 0.7985461160621461}, "datetime": {"datetime": "2024-01-20 15:34:38", "elapsed": 4235.803599, "delta": 0.004847}}
{"target": -15.164160763443165, "params": {"colsample_bytree": 0.5297101622535222, "eta": 0.08242474125321059, "gamma": 486.0998016672781, "max_depth": 3.0, "min_child_weight": 4416.826856305858, "num_boost_round": 51.0, "subsample": 0.7985461160621461}, "datetime": {"datetime": "2024-01-20 15:34:38", "elapsed": 4235.808242, "delta": 0.004643}}
{"target": -15.164512771982682, "params": {"colsample_bytree": 0.5297101622535222, "eta": 0.08242474125321059, "gamma": 486.0998016672781, "max_depth": 3.0, "min_child_weight": 4416.826856305858, "num_boost_round": 52.0, "subsample": 0.7985461160621461}, "datetime": {"datetime": "2024-01-20 15:34:38", "elapsed": 4235.812873, "delta": 0.004631}}
{"target": -15.164827846415315, "params": {"colsample_bytree": 0.5297101622535222, "eta": 0.08242474125321059, "gamma": 486.0998016672781, "max_depth": 3.0, "min_child_weight": 4416.826856305858, "num_boost_round": 53.0, "subsample": 0.7985461160621461}, "datetime": {"datetime": "2024-01-20 15:34:38", "elapsed": 4235.817589, "delta": 0.004716}}
{"target": -15.165132947226834, "params": {"colsample_bytree": 0.5297101622535222, "eta": 0.08242474125321059, "gamma": 486.0998016672781, "max_depth": 3.0, "min_child_weight": 4416.826856305858, "num_boost_round": 54.0, "subsample": 0.7985461160621461}, "datetime": {"datetime": "2024-01-20 15:34:38", "elapsed": 4235.822275, "delta": 0.004686}}
{"target": -15.165132963166304, "params": {"colsample_bytree": 0.5297101622535222, "eta": 0.08242474125321059, "gamma": 486.0998016672781, "max_depth": 3.0, "min_child_weight": 4416.826856305858, "num_boost_round": 55.0, "subsample": 0.7985461160621461}, "datetime": {"datetime": "2024-01-20 15:34:38", "elapsed": 4235.827727, "delta": 0.005452}}
{"target": -15.166472549335435, "params": {"colsample_bytree": 0.9373006128029014, "eta": 0.07807840169212404, "gamma": 419.2000173327424, "max_depth": 9.0, "min_child_weight": 4433.582118543376, "num_boost_round": 1.0, "subsample": 0.873405966454599}, "datetime": {"datetime": "2024-01-20 15:36:10", "elapsed": 4327.796049, "delta": 91.968322}}
{"target": -15.162745846961357, "params": {"colsample_bytree": 0.9373006128029014, "eta": 0.07807840169212404, "gamma": 419.2000173327424, "max_depth": 9.0, "min_child_weight": 4433.582118543376, "num_boost_round": 2.0, "subsample": 0.873405966454599}, "datetime": {"datetime": "2024-01-20 15:36:10", "elapsed": 4327.803855, "delta": 0.007806}}
{"target": -15.157952606733254, "params": {"colsample_bytree": 0.9373006128029014, "eta": 0.07807840169212404, "gamma": 419.2000173327424, "max_depth": 9.0, "min_child_weight": 4433.582118543376, "num_boost_round": 3.0, "subsample": 0.873405966454599}, "datetime": {"datetime": "2024-01-20 15:36:10", "elapsed": 4327.808803, "delta": 0.004948}}
{"target": -15.156220166865612, "params": {"colsample_bytree": 0.9373006128029014, "eta": 0.07807840169212404, "gamma": 419.2000173327424, "max_depth": 9.0, "min_child_weight": 4433.582118543376, "num_boost_round": 4.0, "subsample": 0.873405966454599}, "datetime": {"datetime": "2024-01-20 15:36:10", "elapsed": 4327.813592, "delta": 0.004789}}
{"target": -15.155808619164077, "params": {"colsample_bytree": 0.9373006128029014, "eta": 0.07807840169212404, "gamma": 419.2000173327424, "max_depth": 9.0, "min_child_weight": 4433.582118543376, "num_boost_round": 5.0, "subsample": 0.873405966454599}, "datetime": {"datetime": "2024-01-20 15:36:10", "elapsed": 4327.818305, "delta": 0.004713}}
{"target": -15.155899959889837, "params": {"colsample_bytree": 0.9373006128029014, "eta": 0.07807840169212404, "gamma": 419.2000173327424, "max_depth": 9.0, "min_child_weight": 4433.582118543376, "num_boost_round": 6.0, "subsample": 0.873405966454599}, "datetime": {"datetime": "2024-01-20 15:36:10", "elapsed": 4327.823354, "delta": 0.005049}}
