{"target": -13.49393941327244, "params": {"colsample_bytree": 0.4088200042098471, "eta": 0.012672280613839158, "gamma": 569.6442353193399, "max_depth": 3.0, "min_child_weight": 4378.510369196959, "num_boost_round": 82.0, "subsample": 0.22692851657737018}, "datetime": {"datetime": "2024-01-20 14:45:38", "elapsed": 1292.137875, "delta": 0.002061}}
{"target": -13.493928145345986, "params": {"colsample_bytree": 0.4088200042098471, "eta": 0.012672280613839158, "gamma": 569.6442353193399, "max_depth": 3.0, "min_child_weight": 4378.510369196959, "num_boost_round": 83.0, "subsample": 0.22692851657737018}, "datetime": {"datetime": "2024-01-20 14:45:38", "elapsed": 1292.139867, "delta": 0.001992}}
{"target": -13.493836881872042, "params": {"colsample_bytree": 0.4088200042098471, "eta": 0.012672280613839158, "gamma": 569.6442353193399, "max_depth": 3.0, "min_child_weight": 4378.510369196959, "num_boost_round": 84.0, "subsample": 0.22692851657737018}, "datetime": {"datetime": "2024-01-20 14:45:38", "elapsed": 1292.1418, "delta": 0.001933}}
{"target": -13.493832430263968, "params": {"colsample_bytree": 0.4088200042098471, "eta": 0.012672280613839158, "gamma": 569.6442353193399, "max_depth": 3.0, "min_child_weight": 4378.510369196959, "num_boost_round": 85.0, "subsample": 0.22692851657737018}, "datetime": {"datetime": "2024-01-20 14:45:38", "elapsed": 1292.143748, "delta": 0.001948}}
{"target": -13.493822583030664, "params": {"colsample_bytree": 0.4088200042098471, "eta": 0.012672280613839158, "gamma": 569.6442353193399, "max_depth": 3.0, "min_child_weight": 4378.510369196959, "num_boost_round": 86.0, "subsample": 0.22692851657737018}, "datetime": {"datetime": "2024-01-20 14:45:38", "elapsed": 1292.145728, "delta": 0.00198}}
{"target": -13.493796541037455, "params": {"colsample_bytree": 0.4088200042098471, "eta": 0.012672280613839158, "gamma": 569.6442353193399, "max_depth": 3.0, "min_child_weight": 4378.510369196959, "num_boost_round": 87.0, "subsample": 0.22692851657737018}, "datetime": {"datetime": "2024-01-20 14:45:38", "elapsed": 1292.147664, "delta": 0.001936}}
{"target": -13.493755125784022, "params": {"colsample_bytree": 0.4088200042098471, "eta": 0.012672280613839158, "gamma": 569.6442353193399, "max_depth": 3.0, "min_child_weight": 4378.510369196959, "num_boost_round": 88.0, "subsample": 0.22692851657737018}, "datetime": {"datetime": "2024-01-20 14:45:38", "elapsed": 1292.149617, "delta": 0.001953}}
{"target": -13.49376885117468, "params": {"colsample_bytree": 0.4088200042098471, "eta": 0.012672280613839158, "gamma": 569.6442353193399, "max_depth": 3.0, "min_child_weight": 4378.510369196959, "num_boost_round": 89.0, "subsample": 0.22692851657737018}, "datetime": {"datetime": "2024-01-20 14:45:38", "elapsed": 1292.151592, "delta": 0.001975}}
{"target": -13.493763281286551, "params": {"colsample_bytree": 0.4088200042098471, "eta": 0.012672280613839158, "gamma": 569.6442353193399, "max_depth": 3.0, "min_child_weight": 4378.510369196959, "num_boost_round": 90.0, "subsample": 0.22692851657737018}, "datetime": {"datetime": "2024-01-20 14:45:38", "elapsed": 1292.153641, "delta": 0.002049}}
{"target": -13.493740656841123, "params": {"colsample_bytree": 0.4088200042098471, "eta": 0.012672280613839158, "gamma": 569.6442353193399, "max_depth": 3.0, "min_child_weight": 4378.510369196959, "num_boost_round": 91.0, "subsample": 0.22692851657737018}, "datetime": {"datetime": "2024-01-20 14:45:38", "elapsed": 1292.155625, "delta": 0.001984}}
{"target": -13.49372473680226, "params": {"colsample_bytree": 0.4088200042098471, "eta": 0.012672280613839158, "gamma": 569.6442353193399, "max_depth": 3.0, "min_child_weight": 4378.510369196959, "num_boost_round": 92.0, "subsample": 0.22692851657737018}, "datetime": {"datetime": "2024-01-20 14:45:38", "elapsed": 1292.157621, "delta": 0.001996}}
{"target": -13.49371865903101, "params": {"colsample_bytree": 0.4088200042098471, "eta": 0.012672280613839158, "gamma": 569.6442353193399, "max_depth": 3.0, "min_child_weight": 4378.510369196959, "num_boost_round": 93.0, "subsample": 0.22692851657737018}, "datetime": {"datetime": "2024-01-20 14:45:38", "elapsed": 1292.159553, "delta": 0.001932}}
{"target": -13.493710090267836, "params": {"colsample_bytree": 0.4088200042098471, "eta": 0.012672280613839158, "gamma": 569.6442353193399, "max_depth": 3.0, "min_child_weight": 4378.510369196959, "num_boost_round": 94.0, "subsample": 0.22692851657737018}, "datetime": {"datetime": "2024-01-20 14:45:38", "elapsed": 1292.161501, "delta": 0.001948}}
{"target": -13.493684455498585, "params": {"colsample_bytree": 0.4088200042098471, "eta": 0.012672280613839158, "gamma": 569.6442353193399, "max_depth": 3.0, "min_child_weight": 4378.510369196959, "num_boost_round": 95.0, "subsample": 0.22692851657737018}, "datetime": {"datetime": "2024-01-20 14:45:38", "elapsed": 1292.163481, "delta": 0.00198}}
{"target": -13.493678799465812, "params": {"colsample_bytree": 0.4088200042098471, "eta": 0.012672280613839158, "gamma": 569.6442353193399, "max_depth": 3.0, "min_child_weight": 4378.510369196959, "num_boost_round": 96.0, "subsample": 0.22692851657737018}, "datetime": {"datetime": "2024-01-20 14:45:38", "elapsed": 1292.16544, "delta": 0.001959}}
{"target": -13.493667679405664, "params": {"colsample_bytree": 0.4088200042098471, "eta": 0.012672280613839158, "gamma": 569.6442353193399, "max_depth": 3.0, "min_child_weight": 4378.510369196959, "num_boost_round": 97.0, "subsample": 0.22692851657737018}, "datetime": {"datetime": "2024-01-20 14:45:38", "elapsed": 1292.167448, "delta": 0.002008}}
{"target": -13.49364489500789, "params": {"colsample_bytree": 0.4088200042098471, "eta": 0.012672280613839158, "gamma": 569.6442353193399, "max_depth": 3.0, "min_child_weight": 4378.510369196959, "num_boost_round": 98.0, "subsample": 0.22692851657737018}, "datetime": {"datetime": "2024-01-20 14:45:38", "elapsed": 1292.169435, "delta": 0.001987}}
{"target": -13.493624908997724, "params": {"colsample_bytree": 0.4088200042098471, "eta": 0.012672280613839158, "gamma": 569.6442353193399, "max_depth": 3.0, "min_child_weight": 4378.510369196959, "num_boost_round": 99.0, "subsample": 0.22692851657737018}, "datetime": {"datetime": "2024-01-20 14:45:38", "elapsed": 1292.171397, "delta": 0.001962}}
{"target": -13.493582469663604, "params": {"colsample_bytree": 0.4088200042098471, "eta": 0.012672280613839158, "gamma": 569.6442353193399, "max_depth": 3.0, "min_child_weight": 4378.510369196959, "num_boost_round": 100.0, "subsample": 0.22692851657737018}, "datetime": {"datetime": "2024-01-20 14:45:38", "elapsed": 1292.173514, "delta": 0.002117}}
{"target": -13.49355204329637, "params": {"colsample_bytree": 0.4088200042098471, "eta": 0.012672280613839158, "gamma": 569.6442353193399, "max_depth": 3.0, "min_child_weight": 4378.510369196959, "num_boost_round": 101.0, "subsample": 0.22692851657737018}, "datetime": {"datetime": "2024-01-20 14:45:38", "elapsed": 1292.175551, "delta": 0.002037}}
{"target": -13.493552645314027, "params": {"colsample_bytree": 0.4088200042098471, "eta": 0.012672280613839158, "gamma": 569.6442353193399, "max_depth": 3.0, "min_child_weight": 4378.510369196959, "num_boost_round": 102.0, "subsample": 0.22692851657737018}, "datetime": {"datetime": "2024-01-20 14:45:38", "elapsed": 1292.177539, "delta": 0.001988}}
{"target": -13.493507121392836, "params": {"colsample_bytree": 0.4088200042098471, "eta": 0.012672280613839158, "gamma": 569.6442353193399, "max_depth": 3.0, "min_child_weight": 4378.510369196959, "num_boost_round": 103.0, "subsample": 0.22692851657737018}, "datetime": {"datetime": "2024-01-20 14:45:38", "elapsed": 1292.179504, "delta": 0.001965}}
{"target": -13.493452103944314, "params": {"colsample_bytree": 0.4088200042098471, "eta": 0.012672280613839158, "gamma": 569.6442353193399, "max_depth": 3.0, "min_child_weight": 4378.510369196959, "num_boost_round": 104.0, "subsample": 0.22692851657737018}, "datetime": {"datetime": "2024-01-20 14:45:38", "elapsed": 1292.181507, "delta": 0.002003}}
{"target": -13.493434576724002, "params": {"colsample_bytree": 0.4088200042098471, "eta": 0.012672280613839158, "gamma": 569.6442353193399, "max_depth": 3.0, "min_child_weight": 4378.510369196959, "num_boost_round": 105.0, "subsample": 0.22692851657737018}, "datetime": {"datetime": "2024-01-20 14:45:38", "elapsed": 1292.183492, "delta": 0.001985}}
{"target": -13.493420607846353, "params": {"colsample_bytree": 0.4088200042098471, "eta": 0.012672280613839158, "gamma": 569.6442353193399, "max_depth": 3.0, "min_child_weight": 4378.510369196959, "num_boost_round": 106.0, "subsample": 0.22692851657737018}, "datetime": {"datetime": "2024-01-20 14:45:38", "elapsed": 1292.185447, "delta": 0.001955}}
{"target": -13.493415078416216, "params": {"colsample_bytree": 0.4088200042098471, "eta": 0.012672280613839158, "gamma": 569.6442353193399, "max_depth": 3.0, "min_child_weight": 4378.510369196959, "num_boost_round": 107.0, "subsample": 0.22692851657737018}, "datetime": {"datetime": "2024-01-20 14:45:38", "elapsed": 1292.187452, "delta": 0.002005}}
{"target": -13.493384965483608, "params": {"colsample_bytree": 0.4088200042098471, "eta": 0.012672280613839158, "gamma": 569.6442353193399, "max_depth": 3.0, "min_child_weight": 4378.510369196959, "num_boost_round": 108.0, "subsample": 0.22692851657737018}, "datetime": {"datetime": "2024-01-20 14:45:38", "elapsed": 1292.189406, "delta": 0.001954}}
{"target": -13.493370395623337, "params": {"colsample_bytree": 0.4088200042098471, "eta": 0.012672280613839158, "gamma": 569.6442353193399, "max_depth": 3.0, "min_child_weight": 4378.510369196959, "num_boost_round": 109.0, "subsample": 0.22692851657737018}, "datetime": {"datetime": "2024-01-20 14:45:38", "elapsed": 1292.191376, "delta": 0.00197}}
{"target": -13.493346339558734, "params": {"colsample_bytree": 0.4088200042098471, "eta": 0.012672280613839158, "gamma": 569.6442353193399, "max_depth": 3.0, "min_child_weight": 4378.510369196959, "num_boost_round": 110.0, "subsample": 0.22692851657737018}, "datetime": {"datetime": "2024-01-20 14:45:38", "elapsed": 1292.193487, "delta": 0.002111}}
{"target": -13.49332964503263, "params": {"colsample_bytree": 0.4088200042098471, "eta": 0.012672280613839158, "gamma": 569.6442353193399, "max_depth": 3.0, "min_child_weight": 4378.510369196959, "num_boost_round": 111.0, "subsample": 0.22692851657737018}, "datetime": {"datetime": "2024-01-20 14:45:38", "elapsed": 1292.195489, "delta": 0.002002}}
{"target": -13.493311436586925, "params": {"colsample_bytree": 0.4088200042098471, "eta": 0.012672280613839158, "gamma": 569.6442353193399, "max_depth": 3.0, "min_child_weight": 4378.510369196959, "num_boost_round": 112.0, "subsample": 0.22692851657737018}, "datetime": {"datetime": "2024-01-20 14:45:38", "elapsed": 1292.197459, "delta": 0.00197}}
{"target": -13.493310336692502, "params": {"colsample_bytree": 0.4088200042098471, "eta": 0.012672280613839158, "gamma": 569.6442353193399, "max_depth": 3.0, "min_child_weight": 4378.510369196959, "num_boost_round": 113.0, "subsample": 0.22692851657737018}, "datetime": {"datetime": "2024-01-20 14:45:38", "elapsed": 1292.199456, "delta": 0.001997}}
{"target": -13.493280069732496, "params": {"colsample_bytree": 0.4088200042098471, "eta": 0.012672280613839158, "gamma": 569.6442353193399, "max_depth": 3.0, "min_child_weight": 4378.510369196959, "num_boost_round": 114.0, "subsample": 0.22692851657737018}, "datetime": {"datetime": "2024-01-20 14:45:38", "elapsed": 1292.201421, "delta": 0.001965}}
{"target": -13.49327302369301, "params": {"colsample_bytree": 0.4088200042098471, "eta": 0.012672280613839158, "gamma": 569.6442353193399, "max_depth": 3.0, "min_child_weight": 4378.510369196959, "num_boost_round": 115.0, "subsample": 0.22692851657737018}, "datetime": {"datetime": "2024-01-20 14:45:38", "elapsed": 1292.203393, "delta": 0.001972}}
{"target": -13.49326999526421, "params": {"colsample_bytree": 0.4088200042098471, "eta": 0.012672280613839158, "gamma": 569.6442353193399, "max_depth": 3.0, "min_child_weight": 4378.510369196959, "num_boost_round": 116.0, "subsample": 0.22692851657737018}, "datetime": {"datetime": "2024-01-20 14:45:38", "elapsed": 1292.205393, "delta": 0.002}}
{"target": -13.493271068785969, "params": {"colsample_bytree": 0.4088200042098471, "eta": 0.012672280613839158, "gamma": 569.6442353193399, "max_depth": 3.0, "min_child_weight": 4378.510369196959, "num_boost_round": 117.0, "subsample": 0.22692851657737018}, "datetime": {"datetime": "2024-01-20 14:45:38", "elapsed": 1292.207365, "delta": 0.001972}}
{"target": -13.493277341012329, "params": {"colsample_bytree": 0.4088200042098471, "eta": 0.012672280613839158, "gamma": 569.6442353193399, "max_depth": 3.0, "min_child_weight": 4378.510369196959, "num_boost_round": 118.0, "subsample": 0.22692851657737018}, "datetime": {"datetime": "2024-01-20 14:45:38", "elapsed": 1292.209349, "delta": 0.001984}}
{"target": -13.49326441854876, "params": {"colsample_bytree": 0.4088200042098471, "eta": 0.012672280613839158, "gamma": 569.6442353193399, "max_depth": 3.0, "min_child_weight": 4378.510369196959, "num_boost_round": 119.0, "subsample": 0.22692851657737018}, "datetime": {"datetime": "2024-01-20 14:45:38", "elapsed": 1292.211361, "delta": 0.002012}}
{"target": -13.493219797280153, "params": {"colsample_bytree": 0.4088200042098471, "eta": 0.012672280613839158, "gamma": 569.6442353193399, "max_depth": 3.0, "min_child_weight": 4378.510369196959, "num_boost_round": 120.0, "subsample": 0.22692851657737018}, "datetime": {"datetime": "2024-01-20 14:45:38", "elapsed": 1292.213429, "delta": 0.002068}}
{"target": -13.49319335935888, "params": {"colsample_bytree": 0.4088200042098471, "eta": 0.012672280613839158, "gamma": 569.6442353193399, "max_depth": 3.0, "min_child_weight": 4378.510369196959, "num_boost_round": 121.0, "subsample": 0.22692851657737018}, "datetime": {"datetime": "2024-01-20 14:45:38", "elapsed": 1292.215469, "delta": 0.00204}}
{"target": -13.493175894802315, "params": {"colsample_bytree": 0.4088200042098471, "eta": 0.012672280613839158, "gamma": 569.6442353193399, "max_depth": 3.0, "min_child_weight": 4378.510369196959, "num_boost_round": 122.0, "subsample": 0.22692851657737018}, "datetime": {"datetime": "2024-01-20 14:45:38", "elapsed": 1292.217501, "delta": 0.002032}}
{"target": -13.493194545412873, "params": {"colsample_bytree": 0.4088200042098471, "eta": 0.012672280613839158, "gamma": 569.6442353193399, "max_depth": 3.0, "min_child_weight": 4378.510369196959, "num_boost_round": 123.0, "subsample": 0.22692851657737018}, "datetime": {"datetime": "2024-01-20 14:45:38", "elapsed": 1292.21948, "delta": 0.001979}}
{"target": -13.493181038023172, "params": {"colsample_bytree": 0.4088200042098471, "eta": 0.012672280613839158, "gamma": 569.6442353193399, "max_depth": 3.0, "min_child_weight": 4378.510369196959, "num_boost_round": 124.0, "subsample": 0.22692851657737018}, "datetime": {"datetime": "2024-01-20 14:45:38", "elapsed": 1292.22146, "delta": 0.00198}}
{"target": -13.493183035706698, "params": {"colsample_bytree": 0.4088200042098471, "eta": 0.012672280613839158, "gamma": 569.6442353193399, "max_depth": 3.0, "min_child_weight": 4378.510369196959, "num_boost_round": 125.0, "subsample": 0.22692851657737018}, "datetime": {"datetime": "2024-01-20 14:45:38", "elapsed": 1292.223465, "delta": 0.002005}}
{"target": -13.493181082538435, "params": {"colsample_bytree": 0.4088200042098471, "eta": 0.012672280613839158, "gamma": 569.6442353193399, "max_depth": 3.0, "min_child_weight": 4378.510369196959, "num_boost_round": 126.0, "subsample": 0.22692851657737018}, "datetime": {"datetime": "2024-01-20 14:45:38", "elapsed": 1292.225444, "delta": 0.001979}}
{"target": -13.493181448112558, "params": {"colsample_bytree": 0.4088200042098471, "eta": 0.012672280613839158, "gamma": 569.6442353193399, "max_depth": 3.0, "min_child_weight": 4378.510369196959, "num_boost_round": 127.0, "subsample": 0.22692851657737018}, "datetime": {"datetime": "2024-01-20 14:45:38", "elapsed": 1292.227429, "delta": 0.001985}}
{"target": -13.493181861308905, "params": {"colsample_bytree": 0.4088200042098471, "eta": 0.012672280613839158, "gamma": 569.6442353193399, "max_depth": 3.0, "min_child_weight": 4378.510369196959, "num_boost_round": 128.0, "subsample": 0.22692851657737018}, "datetime": {"datetime": "2024-01-20 14:45:38", "elapsed": 1292.229454, "delta": 0.002025}}
{"target": -13.493159513725985, "params": {"colsample_bytree": 0.4088200042098471, "eta": 0.012672280613839158, "gamma": 569.6442353193399, "max_depth": 3.0, "min_child_weight": 4378.510369196959, "num_boost_round": 129.0, "subsample": 0.22692851657737018}, "datetime": {"datetime": "2024-01-20 14:45:38", "elapsed": 1292.231685, "delta": 0.002231}}
{"target": -13.497592746064104, "params": {"colsample_bytree": 0.9048931164759028, "eta": 0.03403656359783912, "gamma": 602.6511436883841, "max_depth": 3.0, "min_child_weight": 4389.466035214221, "num_boost_round": 1.0, "subsample": 0.30875364188358956}, "datetime": {"datetime": "2024-01-20 14:46:52", "elapsed": 1365.550462, "delta": 73.318777}}
{"target": -13.497333436864684, "params": {"colsample_bytree": 0.9048931164759028, "eta": 0.03403656359783912, "gamma": 602.6511436883841, "max_depth": 3.0, "min_child_weight": 4389.466035214221, "num_boost_round": 2.0, "subsample": 0.30875364188358956}, "datetime": {"datetime": "2024-01-20 14:46:52", "elapsed": 1365.554526, "delta": 0.004064}}
{"target": -13.497161068697263, "params": {"colsample_bytree": 0.9048931164759028, "eta": 0.03403656359783912, "gamma": 602.6511436883841, "max_depth": 3.0, "min_child_weight": 4389.466035214221, "num_boost_round": 3.0, "subsample": 0.30875364188358956}, "datetime": {"datetime": "2024-01-20 14:46:52", "elapsed": 1365.556631, "delta": 0.002105}}
{"target": -13.496925699407715, "params": {"colsample_bytree": 0.9048931164759028, "eta": 0.03403656359783912, "gamma": 602.6511436883841, "max_depth": 3.0, "min_child_weight": 4389.466035214221, "num_boost_round": 4.0, "subsample": 0.30875364188358956}, "datetime": {"datetime": "2024-01-20 14:46:52", "elapsed": 1365.558702, "delta": 0.002071}}
{"target": -13.496784539845114, "params": {"colsample_bytree": 0.9048931164759028, "eta": 0.03403656359783912, "gamma": 602.6511436883841, "max_depth": 3.0, "min_child_weight": 4389.466035214221, "num_boost_round": 5.0, "subsample": 0.30875364188358956}, "datetime": {"datetime": "2024-01-20 14:46:52", "elapsed": 1365.560717, "delta": 0.002015}}
{"target": -13.496571520815891, "params": {"colsample_bytree": 0.9048931164759028, "eta": 0.03403656359783912, "gamma": 602.6511436883841, "max_depth": 3.0, "min_child_weight": 4389.466035214221, "num_boost_round": 6.0, "subsample": 0.30875364188358956}, "datetime": {"datetime": "2024-01-20 14:46:52", "elapsed": 1365.562706, "delta": 0.001989}}
{"target": -13.496509143262012, "params": {"colsample_bytree": 0.9048931164759028, "eta": 0.03403656359783912, "gamma": 602.6511436883841, "max_depth": 3.0, "min_child_weight": 4389.466035214221, "num_boost_round": 7.0, "subsample": 0.30875364188358956}, "datetime": {"datetime": "2024-01-20 14:46:52", "elapsed": 1365.564732, "delta": 0.002026}}
{"target": -13.496457521390687, "params": {"colsample_bytree": 0.9048931164759028, "eta": 0.03403656359783912, "gamma": 602.6511436883841, "max_depth": 3.0, "min_child_weight": 4389.466035214221, "num_boost_round": 8.0, "subsample": 0.30875364188358956}, "datetime": {"datetime": "2024-01-20 14:46:52", "elapsed": 1365.566723, "delta": 0.001991}}
{"target": -13.49634840154516, "params": {"colsample_bytree": 0.9048931164759028, "eta": 0.03403656359783912, "gamma": 602.6511436883841, "max_depth": 3.0, "min_child_weight": 4389.466035214221, "num_boost_round": 9.0, "subsample": 0.30875364188358956}, "datetime": {"datetime": "2024-01-20 14:46:52", "elapsed": 1365.56872, "delta": 0.001997}}
{"target": -13.496369241837266, "params": {"colsample_bytree": 0.9048931164759028, "eta": 0.03403656359783912, "gamma": 602.6511436883841, "max_depth": 3.0, "min_child_weight": 4389.466035214221, "num_boost_round": 10.0, "subsample": 0.30875364188358956}, "datetime": {"datetime": "2024-01-20 14:46:52", "elapsed": 1365.570755, "delta": 0.002035}}
{"target": -13.496359459657352, "params": {"colsample_bytree": 0.9048931164759028, "eta": 0.03403656359783912, "gamma": 602.6511436883841, "max_depth": 3.0, "min_child_weight": 4389.466035214221, "num_boost_round": 11.0, "subsample": 0.30875364188358956}, "datetime": {"datetime": "2024-01-20 14:46:52", "elapsed": 1365.572879, "delta": 0.002124}}
{"target": -13.496326619754216, "params": {"colsample_bytree": 0.9048931164759028, "eta": 0.03403656359783912, "gamma": 602.6511436883841, "max_depth": 3.0, "min_child_weight": 4389.466035214221, "num_boost_round": 12.0, "subsample": 0.30875364188358956}, "datetime": {"datetime": "2024-01-20 14:46:52", "elapsed": 1365.574929, "delta": 0.00205}}
{"target": -13.496373055798998, "params": {"colsample_bytree": 0.9048931164759028, "eta": 0.03403656359783912, "gamma": 602.6511436883841, "max_depth": 3.0, "min_child_weight": 4389.466035214221, "num_boost_round": 13.0, "subsample": 0.30875364188358956}, "datetime": {"datetime": "2024-01-20 14:46:52", "elapsed": 1365.576976, "delta": 0.002047}}
{"target": -13.496257632321369, "params": {"colsample_bytree": 0.9048931164759028, "eta": 0.03403656359783912, "gamma": 602.6511436883841, "max_depth": 3.0, "min_child_weight": 4389.466035214221, "num_boost_round": 14.0, "subsample": 0.30875364188358956}, "datetime": {"datetime": "2024-01-20 14:46:52", "elapsed": 1365.578988, "delta": 0.002012}}
{"target": -13.496207166806858, "params": {"colsample_bytree": 0.9048931164759028, "eta": 0.03403656359783912, "gamma": 602.6511436883841, "max_depth": 3.0, "min_child_weight": 4389.466035214221, "num_boost_round": 15.0, "subsample": 0.30875364188358956}, "datetime": {"datetime": "2024-01-20 14:46:52", "elapsed": 1365.581003, "delta": 0.002015}}
