{"target": -13.73655211041208, "params": {"colsample_bytree": 0.37850767173578015, "eta": 0.0968152980423134, "gamma": 56.34563240632839, "max_depth": 5.0, "min_child_weight": 3622.9745087033466, "num_boost_round": 4.0, "subsample": 0.25903591904320133}, "datetime": {"datetime": "2024-01-20 15:01:54", "elapsed": 2275.539347, "delta": 0.001732}}
{"target": -13.738741121000587, "params": {"colsample_bytree": 0.37850767173578015, "eta": 0.0968152980423134, "gamma": 56.34563240632839, "max_depth": 5.0, "min_child_weight": 3622.9745087033466, "num_boost_round": 5.0, "subsample": 0.25903591904320133}, "datetime": {"datetime": "2024-01-20 15:01:54", "elapsed": 2275.540964, "delta": 0.001617}}
{"target": -13.741211650832174, "params": {"colsample_bytree": 0.37850767173578015, "eta": 0.0968152980423134, "gamma": 56.34563240632839, "max_depth": 5.0, "min_child_weight": 3622.9745087033466, "num_boost_round": 6.0, "subsample": 0.25903591904320133}, "datetime": {"datetime": "2024-01-20 15:01:54", "elapsed": 2275.54246, "delta": 0.001496}}
{"target": -13.742076642523257, "params": {"colsample_bytree": 0.37850767173578015, "eta": 0.0968152980423134, "gamma": 56.34563240632839, "max_depth": 5.0, "min_child_weight": 3622.9745087033466, "num_boost_round": 7.0, "subsample": 0.25903591904320133}, "datetime": {"datetime": "2024-01-20 15:01:54", "elapsed": 2275.54402, "delta": 0.00156}}
{"target": -13.743338411554241, "params": {"colsample_bytree": 0.37850767173578015, "eta": 0.0968152980423134, "gamma": 56.34563240632839, "max_depth": 5.0, "min_child_weight": 3622.9745087033466, "num_boost_round": 8.0, "subsample": 0.25903591904320133}, "datetime": {"datetime": "2024-01-20 15:01:54", "elapsed": 2275.545536, "delta": 0.001516}}
{"target": -13.744473385658127, "params": {"colsample_bytree": 0.37850767173578015, "eta": 0.0968152980423134, "gamma": 56.34563240632839, "max_depth": 5.0, "min_child_weight": 3622.9745087033466, "num_boost_round": 9.0, "subsample": 0.25903591904320133}, "datetime": {"datetime": "2024-01-20 15:01:54", "elapsed": 2275.547317, "delta": 0.001781}}
{"target": -13.746063820648175, "params": {"colsample_bytree": 0.37850767173578015, "eta": 0.0968152980423134, "gamma": 56.34563240632839, "max_depth": 5.0, "min_child_weight": 3622.9745087033466, "num_boost_round": 10.0, "subsample": 0.25903591904320133}, "datetime": {"datetime": "2024-01-20 15:01:54", "elapsed": 2275.548971, "delta": 0.001654}}
{"target": -13.747227326587607, "params": {"colsample_bytree": 0.37850767173578015, "eta": 0.0968152980423134, "gamma": 56.34563240632839, "max_depth": 5.0, "min_child_weight": 3622.9745087033466, "num_boost_round": 11.0, "subsample": 0.25903591904320133}, "datetime": {"datetime": "2024-01-20 15:01:54", "elapsed": 2275.550569, "delta": 0.001598}}
{"target": -13.748157768346651, "params": {"colsample_bytree": 0.37850767173578015, "eta": 0.0968152980423134, "gamma": 56.34563240632839, "max_depth": 5.0, "min_child_weight": 3622.9745087033466, "num_boost_round": 12.0, "subsample": 0.25903591904320133}, "datetime": {"datetime": "2024-01-20 15:01:54", "elapsed": 2275.552257, "delta": 0.001688}}
{"target": -13.74958505526259, "params": {"colsample_bytree": 0.37850767173578015, "eta": 0.0968152980423134, "gamma": 56.34563240632839, "max_depth": 5.0, "min_child_weight": 3622.9745087033466, "num_boost_round": 13.0, "subsample": 0.25903591904320133}, "datetime": {"datetime": "2024-01-20 15:01:54", "elapsed": 2275.553874, "delta": 0.001617}}
{"target": -13.750483889941586, "params": {"colsample_bytree": 0.37850767173578015, "eta": 0.0968152980423134, "gamma": 56.34563240632839, "max_depth": 5.0, "min_child_weight": 3622.9745087033466, "num_boost_round": 14.0, "subsample": 0.25903591904320133}, "datetime": {"datetime": "2024-01-20 15:01:54", "elapsed": 2275.555469, "delta": 0.001595}}
{"target": -13.751214482620476, "params": {"colsample_bytree": 0.37850767173578015, "eta": 0.0968152980423134, "gamma": 56.34563240632839, "max_depth": 5.0, "min_child_weight": 3622.9745087033466, "num_boost_round": 15.0, "subsample": 0.25903591904320133}, "datetime": {"datetime": "2024-01-20 15:01:54", "elapsed": 2275.557001, "delta": 0.001532}}
{"target": -13.752654892284099, "params": {"colsample_bytree": 0.37850767173578015, "eta": 0.0968152980423134, "gamma": 56.34563240632839, "max_depth": 5.0, "min_child_weight": 3622.9745087033466, "num_boost_round": 16.0, "subsample": 0.25903591904320133}, "datetime": {"datetime": "2024-01-20 15:01:54", "elapsed": 2275.558553, "delta": 0.001552}}
{"target": -13.753894853008244, "params": {"colsample_bytree": 0.37850767173578015, "eta": 0.0968152980423134, "gamma": 56.34563240632839, "max_depth": 5.0, "min_child_weight": 3622.9745087033466, "num_boost_round": 17.0, "subsample": 0.25903591904320133}, "datetime": {"datetime": "2024-01-20 15:01:54", "elapsed": 2275.56011, "delta": 0.001557}}
{"target": -13.75472828788586, "params": {"colsample_bytree": 0.37850767173578015, "eta": 0.0968152980423134, "gamma": 56.34563240632839, "max_depth": 5.0, "min_child_weight": 3622.9745087033466, "num_boost_round": 18.0, "subsample": 0.25903591904320133}, "datetime": {"datetime": "2024-01-20 15:01:54", "elapsed": 2275.56165, "delta": 0.00154}}
{"target": -13.755561611603003, "params": {"colsample_bytree": 0.37850767173578015, "eta": 0.0968152980423134, "gamma": 56.34563240632839, "max_depth": 5.0, "min_child_weight": 3622.9745087033466, "num_boost_round": 19.0, "subsample": 0.25903591904320133}, "datetime": {"datetime": "2024-01-20 15:01:54", "elapsed": 2275.563199, "delta": 0.001549}}
{"target": -13.756126654897159, "params": {"colsample_bytree": 0.37850767173578015, "eta": 0.0968152980423134, "gamma": 56.34563240632839, "max_depth": 5.0, "min_child_weight": 3622.9745087033466, "num_boost_round": 20.0, "subsample": 0.25903591904320133}, "datetime": {"datetime": "2024-01-20 15:01:54", "elapsed": 2275.564719, "delta": 0.00152}}
{"target": -13.756883848614411, "params": {"colsample_bytree": 0.37850767173578015, "eta": 0.0968152980423134, "gamma": 56.34563240632839, "max_depth": 5.0, "min_child_weight": 3622.9745087033466, "num_boost_round": 21.0, "subsample": 0.25903591904320133}, "datetime": {"datetime": "2024-01-20 15:01:54", "elapsed": 2275.566254, "delta": 0.001535}}
{"target": -13.757745657510526, "params": {"colsample_bytree": 0.37850767173578015, "eta": 0.0968152980423134, "gamma": 56.34563240632839, "max_depth": 5.0, "min_child_weight": 3622.9745087033466, "num_boost_round": 22.0, "subsample": 0.25903591904320133}, "datetime": {"datetime": "2024-01-20 15:01:54", "elapsed": 2275.567796, "delta": 0.001542}}
{"target": -13.758587422815024, "params": {"colsample_bytree": 0.37850767173578015, "eta": 0.0968152980423134, "gamma": 56.34563240632839, "max_depth": 5.0, "min_child_weight": 3622.9745087033466, "num_boost_round": 23.0, "subsample": 0.25903591904320133}, "datetime": {"datetime": "2024-01-20 15:01:54", "elapsed": 2275.569321, "delta": 0.001525}}
{"target": -13.760316903935026, "params": {"colsample_bytree": 0.37850767173578015, "eta": 0.0968152980423134, "gamma": 56.34563240632839, "max_depth": 5.0, "min_child_weight": 3622.9745087033466, "num_boost_round": 24.0, "subsample": 0.25903591904320133}, "datetime": {"datetime": "2024-01-20 15:01:54", "elapsed": 2275.570964, "delta": 0.001643}}
{"target": -13.760943884306403, "params": {"colsample_bytree": 0.37850767173578015, "eta": 0.0968152980423134, "gamma": 56.34563240632839, "max_depth": 5.0, "min_child_weight": 3622.9745087033466, "num_boost_round": 25.0, "subsample": 0.25903591904320133}, "datetime": {"datetime": "2024-01-20 15:01:54", "elapsed": 2275.57255, "delta": 0.001586}}
{"target": -13.762087123566014, "params": {"colsample_bytree": 0.37850767173578015, "eta": 0.0968152980423134, "gamma": 56.34563240632839, "max_depth": 5.0, "min_child_weight": 3622.9745087033466, "num_boost_round": 26.0, "subsample": 0.25903591904320133}, "datetime": {"datetime": "2024-01-20 15:01:54", "elapsed": 2275.574079, "delta": 0.001529}}
{"target": -13.763022480124661, "params": {"colsample_bytree": 0.37850767173578015, "eta": 0.0968152980423134, "gamma": 56.34563240632839, "max_depth": 5.0, "min_child_weight": 3622.9745087033466, "num_boost_round": 27.0, "subsample": 0.25903591904320133}, "datetime": {"datetime": "2024-01-20 15:01:54", "elapsed": 2275.575615, "delta": 0.001536}}
{"target": -13.732340847917925, "params": {"colsample_bytree": 1.0, "eta": 0.1, "gamma": 99.21991550469673, "max_depth": 2.0, "min_child_weight": 3764.4982310027103, "num_boost_round": 1.0, "subsample": 0.1}, "datetime": {"datetime": "2024-01-20 15:02:09", "elapsed": 2290.740503, "delta": 15.164888}}
{"target": -13.731776138377167, "params": {"colsample_bytree": 0.9266536507074111, "eta": 0.0505487983791682, "gamma": 810.7170421940406, "max_depth": 5.0, "min_child_weight": 4374.238008788944, "num_boost_round": 1.0, "subsample": 0.11240144896879226}, "datetime": {"datetime": "2024-01-20 15:02:24", "elapsed": 2304.949339, "delta": 14.208836}}
{"target": -13.732196323498293, "params": {"colsample_bytree": 0.6834792069811007, "eta": 0.09947383367602615, "gamma": 178.94319438218952, "max_depth": 4.0, "min_child_weight": 3545.461631623814, "num_boost_round": 1.0, "subsample": 0.5630063170581282}, "datetime": {"datetime": "2024-01-20 15:02:42", "elapsed": 2323.665163, "delta": 18.715824}}
{"target": -13.734100989117598, "params": {"colsample_bytree": 0.6834792069811007, "eta": 0.09947383367602615, "gamma": 178.94319438218952, "max_depth": 4.0, "min_child_weight": 3545.461631623814, "num_boost_round": 2.0, "subsample": 0.5630063170581282}, "datetime": {"datetime": "2024-01-20 15:02:42", "elapsed": 2323.668164, "delta": 0.003001}}
{"target": -13.735878363669979, "params": {"colsample_bytree": 0.6834792069811007, "eta": 0.09947383367602615, "gamma": 178.94319438218952, "max_depth": 4.0, "min_child_weight": 3545.461631623814, "num_boost_round": 3.0, "subsample": 0.5630063170581282}, "datetime": {"datetime": "2024-01-20 15:02:42", "elapsed": 2323.669904, "delta": 0.00174}}
{"target": -13.73802464764848, "params": {"colsample_bytree": 0.6834792069811007, "eta": 0.09947383367602615, "gamma": 178.94319438218952, "max_depth": 4.0, "min_child_weight": 3545.461631623814, "num_boost_round": 4.0, "subsample": 0.5630063170581282}, "datetime": {"datetime": "2024-01-20 15:02:42", "elapsed": 2323.672215, "delta": 0.002311}}
{"target": -13.740504408794095, "params": {"colsample_bytree": 0.6834792069811007, "eta": 0.09947383367602615, "gamma": 178.94319438218952, "max_depth": 4.0, "min_child_weight": 3545.461631623814, "num_boost_round": 5.0, "subsample": 0.5630063170581282}, "datetime": {"datetime": "2024-01-20 15:02:42", "elapsed": 2323.673971, "delta": 0.001756}}
{"target": -13.743029684867968, "params": {"colsample_bytree": 0.6834792069811007, "eta": 0.09947383367602615, "gamma": 178.94319438218952, "max_depth": 4.0, "min_child_weight": 3545.461631623814, "num_boost_round": 6.0, "subsample": 0.5630063170581282}, "datetime": {"datetime": "2024-01-20 15:02:42", "elapsed": 2323.67556, "delta": 0.001589}}
{"target": -13.74476990408027, "params": {"colsample_bytree": 0.6834792069811007, "eta": 0.09947383367602615, "gamma": 178.94319438218952, "max_depth": 4.0, "min_child_weight": 3545.461631623814, "num_boost_round": 7.0, "subsample": 0.5630063170581282}, "datetime": {"datetime": "2024-01-20 15:02:42", "elapsed": 2323.677106, "delta": 0.001546}}
{"target": -13.746722822803079, "params": {"colsample_bytree": 0.6834792069811007, "eta": 0.09947383367602615, "gamma": 178.94319438218952, "max_depth": 4.0, "min_child_weight": 3545.461631623814, "num_boost_round": 8.0, "subsample": 0.5630063170581282}, "datetime": {"datetime": "2024-01-20 15:02:42", "elapsed": 2323.678665, "delta": 0.001559}}
{"target": -13.748812020718447, "params": {"colsample_bytree": 0.6834792069811007, "eta": 0.09947383367602615, "gamma": 178.94319438218952, "max_depth": 4.0, "min_child_weight": 3545.461631623814, "num_boost_round": 9.0, "subsample": 0.5630063170581282}, "datetime": {"datetime": "2024-01-20 15:02:42", "elapsed": 2323.680188, "delta": 0.001523}}
{"target": -13.731353755388259, "params": {"colsample_bytree": 0.12317989956005992, "eta": 0.044676602244954074, "gamma": 284.10204766552516, "max_depth": 7.0, "min_child_weight": 3447.1390532141213, "num_boost_round": 1.0, "subsample": 0.5071838696039792}, "datetime": {"datetime": "2024-01-20 15:03:02", "elapsed": 2343.626358, "delta": 19.94617}}
{"target": -13.731714595928317, "params": {"colsample_bytree": 0.12317989956005992, "eta": 0.044676602244954074, "gamma": 284.10204766552516, "max_depth": 7.0, "min_child_weight": 3447.1390532141213, "num_boost_round": 2.0, "subsample": 0.5071838696039792}, "datetime": {"datetime": "2024-01-20 15:03:02", "elapsed": 2343.629125, "delta": 0.002767}}
{"target": -13.731786769224415, "params": {"colsample_bytree": 0.12317989956005992, "eta": 0.044676602244954074, "gamma": 284.10204766552516, "max_depth": 7.0, "min_child_weight": 3447.1390532141213, "num_boost_round": 3.0, "subsample": 0.5071838696039792}, "datetime": {"datetime": "2024-01-20 15:03:02", "elapsed": 2343.630791, "delta": 0.001666}}
{"target": -13.732042423489693, "params": {"colsample_bytree": 0.12317989956005992, "eta": 0.044676602244954074, "gamma": 284.10204766552516, "max_depth": 7.0, "min_child_weight": 3447.1390532141213, "num_boost_round": 4.0, "subsample": 0.5071838696039792}, "datetime": {"datetime": "2024-01-20 15:03:02", "elapsed": 2343.632401, "delta": 0.00161}}
{"target": -13.732284532965823, "params": {"colsample_bytree": 0.12317989956005992, "eta": 0.044676602244954074, "gamma": 284.10204766552516, "max_depth": 7.0, "min_child_weight": 3447.1390532141213, "num_boost_round": 5.0, "subsample": 0.5071838696039792}, "datetime": {"datetime": "2024-01-20 15:03:02", "elapsed": 2343.634153, "delta": 0.001752}}
{"target": -13.732715416719412, "params": {"colsample_bytree": 0.12317989956005992, "eta": 0.044676602244954074, "gamma": 284.10204766552516, "max_depth": 7.0, "min_child_weight": 3447.1390532141213, "num_boost_round": 6.0, "subsample": 0.5071838696039792}, "datetime": {"datetime": "2024-01-20 15:03:02", "elapsed": 2343.635844, "delta": 0.001691}}
{"target": -13.733136487563419, "params": {"colsample_bytree": 0.12317989956005992, "eta": 0.044676602244954074, "gamma": 284.10204766552516, "max_depth": 7.0, "min_child_weight": 3447.1390532141213, "num_boost_round": 7.0, "subsample": 0.5071838696039792}, "datetime": {"datetime": "2024-01-20 15:03:02", "elapsed": 2343.637441, "delta": 0.001597}}
{"target": -13.733230507976893, "params": {"colsample_bytree": 0.12317989956005992, "eta": 0.044676602244954074, "gamma": 284.10204766552516, "max_depth": 7.0, "min_child_weight": 3447.1390532141213, "num_boost_round": 8.0, "subsample": 0.5071838696039792}, "datetime": {"datetime": "2024-01-20 15:03:02", "elapsed": 2343.63901, "delta": 0.001569}}
{"target": -13.733562523192937, "params": {"colsample_bytree": 0.12317989956005992, "eta": 0.044676602244954074, "gamma": 284.10204766552516, "max_depth": 7.0, "min_child_weight": 3447.1390532141213, "num_boost_round": 9.0, "subsample": 0.5071838696039792}, "datetime": {"datetime": "2024-01-20 15:03:02", "elapsed": 2343.640561, "delta": 0.001551}}
{"target": -13.731139952154056, "params": {"colsample_bytree": 0.7003441578204748, "eta": 0.00870450791582545, "gamma": 139.32130591551595, "max_depth": 6.0, "min_child_weight": 4024.947243050699, "num_boost_round": 1.0, "subsample": 0.998972101136431}, "datetime": {"datetime": "2024-01-20 15:03:19", "elapsed": 2360.186433, "delta": 16.545872}}
{"target": -13.73123498308567, "params": {"colsample_bytree": 0.7003441578204748, "eta": 0.00870450791582545, "gamma": 139.32130591551595, "max_depth": 6.0, "min_child_weight": 4024.947243050699, "num_boost_round": 2.0, "subsample": 0.998972101136431}, "datetime": {"datetime": "2024-01-20 15:03:19", "elapsed": 2360.189994, "delta": 0.003561}}
{"target": -13.731289582957672, "params": {"colsample_bytree": 0.7003441578204748, "eta": 0.00870450791582545, "gamma": 139.32130591551595, "max_depth": 6.0, "min_child_weight": 4024.947243050699, "num_boost_round": 3.0, "subsample": 0.998972101136431}, "datetime": {"datetime": "2024-01-20 15:03:19", "elapsed": 2360.191641, "delta": 0.001647}}
{"target": -13.7313187898376, "params": {"colsample_bytree": 0.709645084711517, "eta": 0.023771404379760414, "gamma": 702.791201521624, "max_depth": 5.0, "min_child_weight": 4666.554092244454, "num_boost_round": 1.0, "subsample": 0.10573836781138468}, "datetime": {"datetime": "2024-01-20 15:03:38", "elapsed": 2379.841238, "delta": 19.649597}}
{"target": -13.731553992695938, "params": {"colsample_bytree": 0.709645084711517, "eta": 0.023771404379760414, "gamma": 702.791201521624, "max_depth": 5.0, "min_child_weight": 4666.554092244454, "num_boost_round": 2.0, "subsample": 0.10573836781138468}, "datetime": {"datetime": "2024-01-20 15:03:38", "elapsed": 2379.84396, "delta": 0.002722}}
{"target": -13.732017384860463, "params": {"colsample_bytree": 0.709645084711517, "eta": 0.023771404379760414, "gamma": 702.791201521624, "max_depth": 5.0, "min_child_weight": 4666.554092244454, "num_boost_round": 3.0, "subsample": 0.10573836781138468}, "datetime": {"datetime": "2024-01-20 15:03:38", "elapsed": 2379.846514, "delta": 0.002554}}
{"target": -13.732511463452601, "params": {"colsample_bytree": 0.709645084711517, "eta": 0.023771404379760414, "gamma": 702.791201521624, "max_depth": 5.0, "min_child_weight": 4666.554092244454, "num_boost_round": 4.0, "subsample": 0.10573836781138468}, "datetime": {"datetime": "2024-01-20 15:03:38", "elapsed": 2379.848426, "delta": 0.001912}}
{"target": -13.73295533235301, "params": {"colsample_bytree": 0.709645084711517, "eta": 0.023771404379760414, "gamma": 702.791201521624, "max_depth": 5.0, "min_child_weight": 4666.554092244454, "num_boost_round": 5.0, "subsample": 0.10573836781138468}, "datetime": {"datetime": "2024-01-20 15:03:38", "elapsed": 2379.850197, "delta": 0.001771}}
{"target": -13.733301296659109, "params": {"colsample_bytree": 0.709645084711517, "eta": 0.023771404379760414, "gamma": 702.791201521624, "max_depth": 5.0, "min_child_weight": 4666.554092244454, "num_boost_round": 6.0, "subsample": 0.10573836781138468}, "datetime": {"datetime": "2024-01-20 15:03:38", "elapsed": 2379.851868, "delta": 0.001671}}
{"target": -13.733686159261154, "params": {"colsample_bytree": 0.709645084711517, "eta": 0.023771404379760414, "gamma": 702.791201521624, "max_depth": 5.0, "min_child_weight": 4666.554092244454, "num_boost_round": 7.0, "subsample": 0.10573836781138468}, "datetime": {"datetime": "2024-01-20 15:03:38", "elapsed": 2379.853753, "delta": 0.001885}}
{"target": -13.734198978398735, "params": {"colsample_bytree": 0.709645084711517, "eta": 0.023771404379760414, "gamma": 702.791201521624, "max_depth": 5.0, "min_child_weight": 4666.554092244454, "num_boost_round": 8.0, "subsample": 0.10573836781138468}, "datetime": {"datetime": "2024-01-20 15:03:38", "elapsed": 2379.855488, "delta": 0.001735}}
{"target": -13.734586392216983, "params": {"colsample_bytree": 0.709645084711517, "eta": 0.023771404379760414, "gamma": 702.791201521624, "max_depth": 5.0, "min_child_weight": 4666.554092244454, "num_boost_round": 9.0, "subsample": 0.10573836781138468}, "datetime": {"datetime": "2024-01-20 15:03:38", "elapsed": 2379.857226, "delta": 0.001738}}
{"target": -13.734953927418598, "params": {"colsample_bytree": 0.709645084711517, "eta": 0.023771404379760414, "gamma": 702.791201521624, "max_depth": 5.0, "min_child_weight": 4666.554092244454, "num_boost_round": 10.0, "subsample": 0.10573836781138468}, "datetime": {"datetime": "2024-01-20 15:03:38", "elapsed": 2379.858954, "delta": 0.001728}}
{"target": -13.735359497045096, "params": {"colsample_bytree": 0.709645084711517, "eta": 0.023771404379760414, "gamma": 702.791201521624, "max_depth": 5.0, "min_child_weight": 4666.554092244454, "num_boost_round": 11.0, "subsample": 0.10573836781138468}, "datetime": {"datetime": "2024-01-20 15:03:38", "elapsed": 2379.860638, "delta": 0.001684}}
{"target": -13.735710794157558, "params": {"colsample_bytree": 0.709645084711517, "eta": 0.023771404379760414, "gamma": 702.791201521624, "max_depth": 5.0, "min_child_weight": 4666.554092244454, "num_boost_round": 12.0, "subsample": 0.10573836781138468}, "datetime": {"datetime": "2024-01-20 15:03:38", "elapsed": 2379.862288, "delta": 0.00165}}
{"target": -13.732249773364225, "params": {"colsample_bytree": 0.6034871689474042, "eta": 0.08221988425805761, "gamma": 646.5469384153907, "max_depth": 5.0, "min_child_weight": 4663.309091174231, "num_boost_round": 1.0, "subsample": 0.7054563143469277}, "datetime": {"datetime": "2024-01-20 15:03:58", "elapsed": 2399.000929, "delta": 19.138641}}
{"target": -13.733541983208301, "params": {"colsample_bytree": 0.6034871689474042, "eta": 0.08221988425805761, "gamma": 646.5469384153907, "max_depth": 5.0, "min_child_weight": 4663.309091174231, "num_boost_round": 2.0, "subsample": 0.7054563143469277}, "datetime": {"datetime": "2024-01-20 15:03:58", "elapsed": 2399.003122, "delta": 0.002193}}
{"target": -13.734933430331317, "params": {"colsample_bytree": 0.6034871689474042, "eta": 0.08221988425805761, "gamma": 646.5469384153907, "max_depth": 5.0, "min_child_weight": 4663.309091174231, "num_boost_round": 3.0, "subsample": 0.7054563143469277}, "datetime": {"datetime": "2024-01-20 15:03:58", "elapsed": 2399.004959, "delta": 0.001837}}
{"target": -13.737104865878544, "params": {"colsample_bytree": 0.6034871689474042, "eta": 0.08221988425805761, "gamma": 646.5469384153907, "max_depth": 5.0, "min_child_weight": 4663.309091174231, "num_boost_round": 4.0, "subsample": 0.7054563143469277}, "datetime": {"datetime": "2024-01-20 15:03:58", "elapsed": 2399.006545, "delta": 0.001586}}
