{"target": -12.347610122837445, "params": {"colsample_bytree": 0.28165586511188184, "eta": 0.027493997095847086, "gamma": 561.577936593844, "max_depth": 9.0, "min_child_weight": 4166.7840804756925, "num_boost_round": 37.0, "subsample": 0.4956764766715829}, "datetime": {"datetime": "2024-01-20 15:19:47", "elapsed": 3354.243158, "delta": 0.005172}}
{"target": -12.347278845528187, "params": {"colsample_bytree": 0.28165586511188184, "eta": 0.027493997095847086, "gamma": 561.577936593844, "max_depth": 9.0, "min_child_weight": 4166.7840804756925, "num_boost_round": 38.0, "subsample": 0.4956764766715829}, "datetime": {"datetime": "2024-01-20 15:19:47", "elapsed": 3354.248262, "delta": 0.005104}}
{"target": -12.347537568174875, "params": {"colsample_bytree": 0.28165586511188184, "eta": 0.027493997095847086, "gamma": 561.577936593844, "max_depth": 9.0, "min_child_weight": 4166.7840804756925, "num_boost_round": 39.0, "subsample": 0.4956764766715829}, "datetime": {"datetime": "2024-01-20 15:19:47", "elapsed": 3354.253435, "delta": 0.005173}}
{"target": -12.347373019554103, "params": {"colsample_bytree": 0.28165586511188184, "eta": 0.027493997095847086, "gamma": 561.577936593844, "max_depth": 9.0, "min_child_weight": 4166.7840804756925, "num_boost_round": 40.0, "subsample": 0.4956764766715829}, "datetime": {"datetime": "2024-01-20 15:19:47", "elapsed": 3354.258976, "delta": 0.005541}}
{"target": -12.34669382381469, "params": {"colsample_bytree": 0.28165586511188184, "eta": 0.027493997095847086, "gamma": 561.577936593844, "max_depth": 9.0, "min_child_weight": 4166.7840804756925, "num_boost_round": 41.0, "subsample": 0.4956764766715829}, "datetime": {"datetime": "2024-01-20 15:19:47", "elapsed": 3354.264018, "delta": 0.005042}}
{"target": -12.345801052203992, "params": {"colsample_bytree": 0.28165586511188184, "eta": 0.027493997095847086, "gamma": 561.577936593844, "max_depth": 9.0, "min_child_weight": 4166.7840804756925, "num_boost_round": 42.0, "subsample": 0.4956764766715829}, "datetime": {"datetime": "2024-01-20 15:19:47", "elapsed": 3354.269325, "delta": 0.005307}}
{"target": -12.345873365734327, "params": {"colsample_bytree": 0.28165586511188184, "eta": 0.027493997095847086, "gamma": 561.577936593844, "max_depth": 9.0, "min_child_weight": 4166.7840804756925, "num_boost_round": 43.0, "subsample": 0.4956764766715829}, "datetime": {"datetime": "2024-01-20 15:19:47", "elapsed": 3354.274498, "delta": 0.005173}}
{"target": -12.345987904065762, "params": {"colsample_bytree": 0.28165586511188184, "eta": 0.027493997095847086, "gamma": 561.577936593844, "max_depth": 9.0, "min_child_weight": 4166.7840804756925, "num_boost_round": 44.0, "subsample": 0.4956764766715829}, "datetime": {"datetime": "2024-01-20 15:19:48", "elapsed": 3354.279859, "delta": 0.005361}}
{"target": -12.346044448663013, "params": {"colsample_bytree": 0.28165586511188184, "eta": 0.027493997095847086, "gamma": 561.577936593844, "max_depth": 9.0, "min_child_weight": 4166.7840804756925, "num_boost_round": 45.0, "subsample": 0.4956764766715829}, "datetime": {"datetime": "2024-01-20 15:19:48", "elapsed": 3354.284696, "delta": 0.004837}}
{"target": -12.34626225118867, "params": {"colsample_bytree": 0.28165586511188184, "eta": 0.027493997095847086, "gamma": 561.577936593844, "max_depth": 9.0, "min_child_weight": 4166.7840804756925, "num_boost_round": 46.0, "subsample": 0.4956764766715829}, "datetime": {"datetime": "2024-01-20 15:19:48", "elapsed": 3354.28961, "delta": 0.004914}}
{"target": -12.34623366686037, "params": {"colsample_bytree": 0.28165586511188184, "eta": 0.027493997095847086, "gamma": 561.577936593844, "max_depth": 9.0, "min_child_weight": 4166.7840804756925, "num_boost_round": 47.0, "subsample": 0.4956764766715829}, "datetime": {"datetime": "2024-01-20 15:19:48", "elapsed": 3354.294843, "delta": 0.005233}}
{"target": -12.34649513113833, "params": {"colsample_bytree": 0.28165586511188184, "eta": 0.027493997095847086, "gamma": 561.577936593844, "max_depth": 9.0, "min_child_weight": 4166.7840804756925, "num_boost_round": 48.0, "subsample": 0.4956764766715829}, "datetime": {"datetime": "2024-01-20 15:19:48", "elapsed": 3354.30056, "delta": 0.005717}}
{"target": -12.346587088870344, "params": {"colsample_bytree": 0.28165586511188184, "eta": 0.027493997095847086, "gamma": 561.577936593844, "max_depth": 9.0, "min_child_weight": 4166.7840804756925, "num_boost_round": 49.0, "subsample": 0.4956764766715829}, "datetime": {"datetime": "2024-01-20 15:19:48", "elapsed": 3354.305674, "delta": 0.005114}}
{"target": -12.346599993455921, "params": {"colsample_bytree": 0.28165586511188184, "eta": 0.027493997095847086, "gamma": 561.577936593844, "max_depth": 9.0, "min_child_weight": 4166.7840804756925, "num_boost_round": 50.0, "subsample": 0.4956764766715829}, "datetime": {"datetime": "2024-01-20 15:19:48", "elapsed": 3354.310894, "delta": 0.00522}}
{"target": -12.346565796931994, "params": {"colsample_bytree": 0.28165586511188184, "eta": 0.027493997095847086, "gamma": 561.577936593844, "max_depth": 9.0, "min_child_weight": 4166.7840804756925, "num_boost_round": 51.0, "subsample": 0.4956764766715829}, "datetime": {"datetime": "2024-01-20 15:19:48", "elapsed": 3354.31613, "delta": 0.005236}}
{"target": -12.34662764527869, "params": {"colsample_bytree": 0.28165586511188184, "eta": 0.027493997095847086, "gamma": 561.577936593844, "max_depth": 9.0, "min_child_weight": 4166.7840804756925, "num_boost_round": 52.0, "subsample": 0.4956764766715829}, "datetime": {"datetime": "2024-01-20 15:19:48", "elapsed": 3354.321721, "delta": 0.005591}}
{"target": -12.358502522502938, "params": {"colsample_bytree": 0.7104111525019409, "eta": 0.004739143621879756, "gamma": 544.9581299695517, "max_depth": 2.0, "min_child_weight": 4165.565487947842, "num_boost_round": 1.0, "subsample": 0.23617606144722214}, "datetime": {"datetime": "2024-01-20 15:21:13", "elapsed": 3439.317056, "delta": 84.995335}}
{"target": -12.358256213849025, "params": {"colsample_bytree": 0.7104111525019409, "eta": 0.004739143621879756, "gamma": 544.9581299695517, "max_depth": 2.0, "min_child_weight": 4165.565487947842, "num_boost_round": 2.0, "subsample": 0.23617606144722214}, "datetime": {"datetime": "2024-01-20 15:21:13", "elapsed": 3439.32382, "delta": 0.006764}}
{"target": -12.358016073956515, "params": {"colsample_bytree": 0.7104111525019409, "eta": 0.004739143621879756, "gamma": 544.9581299695517, "max_depth": 2.0, "min_child_weight": 4165.565487947842, "num_boost_round": 3.0, "subsample": 0.23617606144722214}, "datetime": {"datetime": "2024-01-20 15:21:13", "elapsed": 3439.328379, "delta": 0.004559}}
{"target": -12.3579119050045, "params": {"colsample_bytree": 0.7104111525019409, "eta": 0.004739143621879756, "gamma": 544.9581299695517, "max_depth": 2.0, "min_child_weight": 4165.565487947842, "num_boost_round": 4.0, "subsample": 0.23617606144722214}, "datetime": {"datetime": "2024-01-20 15:21:13", "elapsed": 3439.33286, "delta": 0.004481}}
{"target": -12.357674549271156, "params": {"colsample_bytree": 0.7104111525019409, "eta": 0.004739143621879756, "gamma": 544.9581299695517, "max_depth": 2.0, "min_child_weight": 4165.565487947842, "num_boost_round": 5.0, "subsample": 0.23617606144722214}, "datetime": {"datetime": "2024-01-20 15:21:13", "elapsed": 3439.337219, "delta": 0.004359}}
{"target": -12.357451989644115, "params": {"colsample_bytree": 0.7104111525019409, "eta": 0.004739143621879756, "gamma": 544.9581299695517, "max_depth": 2.0, "min_child_weight": 4165.565487947842, "num_boost_round": 6.0, "subsample": 0.23617606144722214}, "datetime": {"datetime": "2024-01-20 15:21:13", "elapsed": 3439.341554, "delta": 0.004335}}
{"target": -12.357242140756206, "params": {"colsample_bytree": 0.7104111525019409, "eta": 0.004739143621879756, "gamma": 544.9581299695517, "max_depth": 2.0, "min_child_weight": 4165.565487947842, "num_boost_round": 7.0, "subsample": 0.23617606144722214}, "datetime": {"datetime": "2024-01-20 15:21:13", "elapsed": 3439.345847, "delta": 0.004293}}
{"target": -12.35711582388232, "params": {"colsample_bytree": 0.7104111525019409, "eta": 0.004739143621879756, "gamma": 544.9581299695517, "max_depth": 2.0, "min_child_weight": 4165.565487947842, "num_boost_round": 8.0, "subsample": 0.23617606144722214}, "datetime": {"datetime": "2024-01-20 15:21:13", "elapsed": 3439.35042, "delta": 0.004573}}
{"target": -12.356896423863269, "params": {"colsample_bytree": 0.7104111525019409, "eta": 0.004739143621879756, "gamma": 544.9581299695517, "max_depth": 2.0, "min_child_weight": 4165.565487947842, "num_boost_round": 9.0, "subsample": 0.23617606144722214}, "datetime": {"datetime": "2024-01-20 15:21:13", "elapsed": 3439.354708, "delta": 0.004288}}
{"target": -12.356656553176252, "params": {"colsample_bytree": 0.7104111525019409, "eta": 0.004739143621879756, "gamma": 544.9581299695517, "max_depth": 2.0, "min_child_weight": 4165.565487947842, "num_boost_round": 10.0, "subsample": 0.23617606144722214}, "datetime": {"datetime": "2024-01-20 15:21:13", "elapsed": 3439.358954, "delta": 0.004246}}
{"target": -12.356548053581225, "params": {"colsample_bytree": 0.7104111525019409, "eta": 0.004739143621879756, "gamma": 544.9581299695517, "max_depth": 2.0, "min_child_weight": 4165.565487947842, "num_boost_round": 11.0, "subsample": 0.23617606144722214}, "datetime": {"datetime": "2024-01-20 15:21:13", "elapsed": 3439.363407, "delta": 0.004453}}
{"target": -12.356326798708881, "params": {"colsample_bytree": 0.7104111525019409, "eta": 0.004739143621879756, "gamma": 544.9581299695517, "max_depth": 2.0, "min_child_weight": 4165.565487947842, "num_boost_round": 12.0, "subsample": 0.23617606144722214}, "datetime": {"datetime": "2024-01-20 15:21:13", "elapsed": 3439.367846, "delta": 0.004439}}
{"target": -12.356128844400377, "params": {"colsample_bytree": 0.7104111525019409, "eta": 0.004739143621879756, "gamma": 544.9581299695517, "max_depth": 2.0, "min_child_weight": 4165.565487947842, "num_boost_round": 13.0, "subsample": 0.23617606144722214}, "datetime": {"datetime": "2024-01-20 15:21:13", "elapsed": 3439.372096, "delta": 0.00425}}
{"target": -12.355917893095372, "params": {"colsample_bytree": 0.7104111525019409, "eta": 0.004739143621879756, "gamma": 544.9581299695517, "max_depth": 2.0, "min_child_weight": 4165.565487947842, "num_boost_round": 14.0, "subsample": 0.23617606144722214}, "datetime": {"datetime": "2024-01-20 15:21:13", "elapsed": 3439.376363, "delta": 0.004267}}
{"target": -12.35570175062093, "params": {"colsample_bytree": 0.7104111525019409, "eta": 0.004739143621879756, "gamma": 544.9581299695517, "max_depth": 2.0, "min_child_weight": 4165.565487947842, "num_boost_round": 15.0, "subsample": 0.23617606144722214}, "datetime": {"datetime": "2024-01-20 15:21:13", "elapsed": 3439.380676, "delta": 0.004313}}
{"target": -12.355488247491742, "params": {"colsample_bytree": 0.7104111525019409, "eta": 0.004739143621879756, "gamma": 544.9581299695517, "max_depth": 2.0, "min_child_weight": 4165.565487947842, "num_boost_round": 16.0, "subsample": 0.23617606144722214}, "datetime": {"datetime": "2024-01-20 15:21:13", "elapsed": 3439.385104, "delta": 0.004428}}
{"target": -12.355393324875443, "params": {"colsample_bytree": 0.7104111525019409, "eta": 0.004739143621879756, "gamma": 544.9581299695517, "max_depth": 2.0, "min_child_weight": 4165.565487947842, "num_boost_round": 17.0, "subsample": 0.23617606144722214}, "datetime": {"datetime": "2024-01-20 15:21:13", "elapsed": 3439.389357, "delta": 0.004253}}
{"target": -12.355295860404013, "params": {"colsample_bytree": 0.7104111525019409, "eta": 0.004739143621879756, "gamma": 544.9581299695517, "max_depth": 2.0, "min_child_weight": 4165.565487947842, "num_boost_round": 18.0, "subsample": 0.23617606144722214}, "datetime": {"datetime": "2024-01-20 15:21:13", "elapsed": 3439.393728, "delta": 0.004371}}
{"target": -12.355296459722055, "params": {"colsample_bytree": 0.7104111525019409, "eta": 0.004739143621879756, "gamma": 544.9581299695517, "max_depth": 2.0, "min_child_weight": 4165.565487947842, "num_boost_round": 19.0, "subsample": 0.23617606144722214}, "datetime": {"datetime": "2024-01-20 15:21:13", "elapsed": 3439.398644, "delta": 0.004916}}
{"target": -12.355215830802718, "params": {"colsample_bytree": 0.7104111525019409, "eta": 0.004739143621879756, "gamma": 544.9581299695517, "max_depth": 2.0, "min_child_weight": 4165.565487947842, "num_boost_round": 20.0, "subsample": 0.23617606144722214}, "datetime": {"datetime": "2024-01-20 15:21:13", "elapsed": 3439.403323, "delta": 0.004679}}
{"target": -12.355137794001351, "params": {"colsample_bytree": 0.7104111525019409, "eta": 0.004739143621879756, "gamma": 544.9581299695517, "max_depth": 2.0, "min_child_weight": 4165.565487947842, "num_boost_round": 21.0, "subsample": 0.23617606144722214}, "datetime": {"datetime": "2024-01-20 15:21:13", "elapsed": 3439.407823, "delta": 0.0045}}
{"target": -12.355029427706466, "params": {"colsample_bytree": 0.7104111525019409, "eta": 0.004739143621879756, "gamma": 544.9581299695517, "max_depth": 2.0, "min_child_weight": 4165.565487947842, "num_boost_round": 22.0, "subsample": 0.23617606144722214}, "datetime": {"datetime": "2024-01-20 15:21:13", "elapsed": 3439.412171, "delta": 0.004348}}
{"target": -12.354942673978108, "params": {"colsample_bytree": 0.7104111525019409, "eta": 0.004739143621879756, "gamma": 544.9581299695517, "max_depth": 2.0, "min_child_weight": 4165.565487947842, "num_boost_round": 23.0, "subsample": 0.23617606144722214}, "datetime": {"datetime": "2024-01-20 15:21:13", "elapsed": 3439.416404, "delta": 0.004233}}
{"target": -12.354936680459614, "params": {"colsample_bytree": 0.7104111525019409, "eta": 0.004739143621879756, "gamma": 544.9581299695517, "max_depth": 2.0, "min_child_weight": 4165.565487947842, "num_boost_round": 24.0, "subsample": 0.23617606144722214}, "datetime": {"datetime": "2024-01-20 15:21:13", "elapsed": 3439.420915, "delta": 0.004511}}
{"target": -12.354740113998696, "params": {"colsample_bytree": 0.7104111525019409, "eta": 0.004739143621879756, "gamma": 544.9581299695517, "max_depth": 2.0, "min_child_weight": 4165.565487947842, "num_boost_round": 25.0, "subsample": 0.23617606144722214}, "datetime": {"datetime": "2024-01-20 15:21:13", "elapsed": 3439.425309, "delta": 0.004394}}
{"target": -12.354640350236888, "params": {"colsample_bytree": 0.7104111525019409, "eta": 0.004739143621879756, "gamma": 544.9581299695517, "max_depth": 2.0, "min_child_weight": 4165.565487947842, "num_boost_round": 26.0, "subsample": 0.23617606144722214}, "datetime": {"datetime": "2024-01-20 15:21:13", "elapsed": 3439.429619, "delta": 0.00431}}
{"target": -12.354540517909832, "params": {"colsample_bytree": 0.7104111525019409, "eta": 0.004739143621879756, "gamma": 544.9581299695517, "max_depth": 2.0, "min_child_weight": 4165.565487947842, "num_boost_round": 27.0, "subsample": 0.23617606144722214}, "datetime": {"datetime": "2024-01-20 15:21:13", "elapsed": 3439.433883, "delta": 0.004264}}
{"target": -12.354347631878246, "params": {"colsample_bytree": 0.7104111525019409, "eta": 0.004739143621879756, "gamma": 544.9581299695517, "max_depth": 2.0, "min_child_weight": 4165.565487947842, "num_boost_round": 28.0, "subsample": 0.23617606144722214}, "datetime": {"datetime": "2024-01-20 15:21:13", "elapsed": 3439.438389, "delta": 0.004506}}
{"target": -12.354139333851112, "params": {"colsample_bytree": 0.7104111525019409, "eta": 0.004739143621879756, "gamma": 544.9581299695517, "max_depth": 2.0, "min_child_weight": 4165.565487947842, "num_boost_round": 29.0, "subsample": 0.23617606144722214}, "datetime": {"datetime": "2024-01-20 15:21:13", "elapsed": 3439.442711, "delta": 0.004322}}
{"target": -12.354036463456847, "params": {"colsample_bytree": 0.7104111525019409, "eta": 0.004739143621879756, "gamma": 544.9581299695517, "max_depth": 2.0, "min_child_weight": 4165.565487947842, "num_boost_round": 30.0, "subsample": 0.23617606144722214}, "datetime": {"datetime": "2024-01-20 15:21:13", "elapsed": 3439.446998, "delta": 0.004287}}
{"target": -12.353854829847378, "params": {"colsample_bytree": 0.7104111525019409, "eta": 0.004739143621879756, "gamma": 544.9581299695517, "max_depth": 2.0, "min_child_weight": 4165.565487947842, "num_boost_round": 31.0, "subsample": 0.23617606144722214}, "datetime": {"datetime": "2024-01-20 15:21:13", "elapsed": 3439.451235, "delta": 0.004237}}
{"target": -12.353686794012473, "params": {"colsample_bytree": 0.7104111525019409, "eta": 0.004739143621879756, "gamma": 544.9581299695517, "max_depth": 2.0, "min_child_weight": 4165.565487947842, "num_boost_round": 32.0, "subsample": 0.23617606144722214}, "datetime": {"datetime": "2024-01-20 15:21:13", "elapsed": 3439.455886, "delta": 0.004651}}
{"target": -12.353711862428842, "params": {"colsample_bytree": 0.7104111525019409, "eta": 0.004739143621879756, "gamma": 544.9581299695517, "max_depth": 2.0, "min_child_weight": 4165.565487947842, "num_boost_round": 33.0, "subsample": 0.23617606144722214}, "datetime": {"datetime": "2024-01-20 15:21:13", "elapsed": 3439.460239, "delta": 0.004353}}
{"target": -12.353612545602214, "params": {"colsample_bytree": 0.7104111525019409, "eta": 0.004739143621879756, "gamma": 544.9581299695517, "max_depth": 2.0, "min_child_weight": 4165.565487947842, "num_boost_round": 34.0, "subsample": 0.23617606144722214}, "datetime": {"datetime": "2024-01-20 15:21:13", "elapsed": 3439.464487, "delta": 0.004248}}
{"target": -12.353530793395002, "params": {"colsample_bytree": 0.7104111525019409, "eta": 0.004739143621879756, "gamma": 544.9581299695517, "max_depth": 2.0, "min_child_weight": 4165.565487947842, "num_boost_round": 35.0, "subsample": 0.23617606144722214}, "datetime": {"datetime": "2024-01-20 15:21:13", "elapsed": 3439.468713, "delta": 0.004226}}
{"target": -12.35344148229527, "params": {"colsample_bytree": 0.7104111525019409, "eta": 0.004739143621879756, "gamma": 544.9581299695517, "max_depth": 2.0, "min_child_weight": 4165.565487947842, "num_boost_round": 36.0, "subsample": 0.23617606144722214}, "datetime": {"datetime": "2024-01-20 15:21:13", "elapsed": 3439.473357, "delta": 0.004644}}
{"target": -12.353372753716474, "params": {"colsample_bytree": 0.7104111525019409, "eta": 0.004739143621879756, "gamma": 544.9581299695517, "max_depth": 2.0, "min_child_weight": 4165.565487947842, "num_boost_round": 37.0, "subsample": 0.23617606144722214}, "datetime": {"datetime": "2024-01-20 15:21:13", "elapsed": 3439.478306, "delta": 0.004949}}
{"target": -12.353294500670447, "params": {"colsample_bytree": 0.7104111525019409, "eta": 0.004739143621879756, "gamma": 544.9581299695517, "max_depth": 2.0, "min_child_weight": 4165.565487947842, "num_boost_round": 38.0, "subsample": 0.23617606144722214}, "datetime": {"datetime": "2024-01-20 15:21:13", "elapsed": 3439.482824, "delta": 0.004518}}
{"target": -12.353294896174091, "params": {"colsample_bytree": 0.7104111525019409, "eta": 0.004739143621879756, "gamma": 544.9581299695517, "max_depth": 2.0, "min_child_weight": 4165.565487947842, "num_boost_round": 39.0, "subsample": 0.23617606144722214}, "datetime": {"datetime": "2024-01-20 15:21:13", "elapsed": 3439.487345, "delta": 0.004521}}
{"target": -12.35321140997042, "params": {"colsample_bytree": 0.7104111525019409, "eta": 0.004739143621879756, "gamma": 544.9581299695517, "max_depth": 2.0, "min_child_weight": 4165.565487947842, "num_boost_round": 40.0, "subsample": 0.23617606144722214}, "datetime": {"datetime": "2024-01-20 15:21:13", "elapsed": 3439.491875, "delta": 0.00453}}
{"target": -12.353018126881466, "params": {"colsample_bytree": 0.7104111525019409, "eta": 0.004739143621879756, "gamma": 544.9581299695517, "max_depth": 2.0, "min_child_weight": 4165.565487947842, "num_boost_round": 41.0, "subsample": 0.23617606144722214}, "datetime": {"datetime": "2024-01-20 15:21:13", "elapsed": 3439.496184, "delta": 0.004309}}
{"target": -12.352819142722169, "params": {"colsample_bytree": 0.7104111525019409, "eta": 0.004739143621879756, "gamma": 544.9581299695517, "max_depth": 2.0, "min_child_weight": 4165.565487947842, "num_boost_round": 42.0, "subsample": 0.23617606144722214}, "datetime": {"datetime": "2024-01-20 15:21:13", "elapsed": 3439.500498, "delta": 0.004314}}
{"target": -12.352702293440366, "params": {"colsample_bytree": 0.7104111525019409, "eta": 0.004739143621879756, "gamma": 544.9581299695517, "max_depth": 2.0, "min_child_weight": 4165.565487947842, "num_boost_round": 43.0, "subsample": 0.23617606144722214}, "datetime": {"datetime": "2024-01-20 15:21:13", "elapsed": 3439.504906, "delta": 0.004408}}
{"target": -12.352635925325789, "params": {"colsample_bytree": 0.7104111525019409, "eta": 0.004739143621879756, "gamma": 544.9581299695517, "max_depth": 2.0, "min_child_weight": 4165.565487947842, "num_boost_round": 44.0, "subsample": 0.23617606144722214}, "datetime": {"datetime": "2024-01-20 15:21:13", "elapsed": 3439.509498, "delta": 0.004592}}
{"target": -12.352472331099314, "params": {"colsample_bytree": 0.7104111525019409, "eta": 0.004739143621879756, "gamma": 544.9581299695517, "max_depth": 2.0, "min_child_weight": 4165.565487947842, "num_boost_round": 45.0, "subsample": 0.23617606144722214}, "datetime": {"datetime": "2024-01-20 15:21:13", "elapsed": 3439.513811, "delta": 0.004313}}
{"target": -12.357751437099813, "params": {"colsample_bytree": 0.9584390467020709, "eta": 0.015726598635180056, "gamma": 592.0840330057437, "max_depth": 6.0, "min_child_weight": 4233.068984594339, "num_boost_round": 1.0, "subsample": 0.4326179575150263}, "datetime": {"datetime": "2024-01-20 15:22:20", "elapsed": 3507.173796, "delta": 67.659985}}
{"target": -12.35679922608088, "params": {"colsample_bytree": 0.9584390467020709, "eta": 0.015726598635180056, "gamma": 592.0840330057437, "max_depth": 6.0, "min_child_weight": 4233.068984594339, "num_boost_round": 2.0, "subsample": 0.4326179575150263}, "datetime": {"datetime": "2024-01-20 15:22:20", "elapsed": 3507.180029, "delta": 0.006233}}
