{"target": -13.49627506241832, "params": {"colsample_bytree": 0.8180883838400129, "eta": 0.06402033326993589, "gamma": 192.27858889112792, "max_depth": 7.0, "min_child_weight": 3741.9701844195865, "num_boost_round": 2.0, "subsample": 0.38093408261211104}, "datetime": {"datetime": "2024-01-20 17:08:33", "elapsed": 9867.314898, "delta": 0.009529}}
{"target": -13.496078294072344, "params": {"colsample_bytree": 0.8180883838400129, "eta": 0.06402033326993589, "gamma": 192.27858889112792, "max_depth": 7.0, "min_child_weight": 3741.9701844195865, "num_boost_round": 3.0, "subsample": 0.38093408261211104}, "datetime": {"datetime": "2024-01-20 17:08:33", "elapsed": 9867.322048, "delta": 0.00715}}
{"target": -13.49574970342622, "params": {"colsample_bytree": 0.8180883838400129, "eta": 0.06402033326993589, "gamma": 192.27858889112792, "max_depth": 7.0, "min_child_weight": 3741.9701844195865, "num_boost_round": 4.0, "subsample": 0.38093408261211104}, "datetime": {"datetime": "2024-01-20 17:08:33", "elapsed": 9867.329767, "delta": 0.007719}}
{"target": -13.495334940801463, "params": {"colsample_bytree": 0.8180883838400129, "eta": 0.06402033326993589, "gamma": 192.27858889112792, "max_depth": 7.0, "min_child_weight": 3741.9701844195865, "num_boost_round": 5.0, "subsample": 0.38093408261211104}, "datetime": {"datetime": "2024-01-20 17:08:33", "elapsed": 9867.33754, "delta": 0.007773}}
{"target": -13.495257645039946, "params": {"colsample_bytree": 0.8180883838400129, "eta": 0.06402033326993589, "gamma": 192.27858889112792, "max_depth": 7.0, "min_child_weight": 3741.9701844195865, "num_boost_round": 6.0, "subsample": 0.38093408261211104}, "datetime": {"datetime": "2024-01-20 17:08:33", "elapsed": 9867.34479, "delta": 0.00725}}
{"target": -13.495208146725435, "params": {"colsample_bytree": 0.8180883838400129, "eta": 0.06402033326993589, "gamma": 192.27858889112792, "max_depth": 7.0, "min_child_weight": 3741.9701844195865, "num_boost_round": 7.0, "subsample": 0.38093408261211104}, "datetime": {"datetime": "2024-01-20 17:08:33", "elapsed": 9867.35203, "delta": 0.00724}}
{"target": -13.494876955215535, "params": {"colsample_bytree": 0.8180883838400129, "eta": 0.06402033326993589, "gamma": 192.27858889112792, "max_depth": 7.0, "min_child_weight": 3741.9701844195865, "num_boost_round": 8.0, "subsample": 0.38093408261211104}, "datetime": {"datetime": "2024-01-20 17:08:33", "elapsed": 9867.359642, "delta": 0.007612}}
{"target": -13.494888006878675, "params": {"colsample_bytree": 0.8180883838400129, "eta": 0.06402033326993589, "gamma": 192.27858889112792, "max_depth": 7.0, "min_child_weight": 3741.9701844195865, "num_boost_round": 9.0, "subsample": 0.38093408261211104}, "datetime": {"datetime": "2024-01-20 17:08:33", "elapsed": 9867.367129, "delta": 0.007487}}
{"target": -13.495022098300122, "params": {"colsample_bytree": 0.8180883838400129, "eta": 0.06402033326993589, "gamma": 192.27858889112792, "max_depth": 7.0, "min_child_weight": 3741.9701844195865, "num_boost_round": 10.0, "subsample": 0.38093408261211104}, "datetime": {"datetime": "2024-01-20 17:08:33", "elapsed": 9867.374322, "delta": 0.007193}}
{"target": -13.495259047617715, "params": {"colsample_bytree": 0.8180883838400129, "eta": 0.06402033326993589, "gamma": 192.27858889112792, "max_depth": 7.0, "min_child_weight": 3741.9701844195865, "num_boost_round": 11.0, "subsample": 0.38093408261211104}, "datetime": {"datetime": "2024-01-20 17:08:33", "elapsed": 9867.381554, "delta": 0.007232}}
{"target": -13.495471672207557, "params": {"colsample_bytree": 0.8180883838400129, "eta": 0.06402033326993589, "gamma": 192.27858889112792, "max_depth": 7.0, "min_child_weight": 3741.9701844195865, "num_boost_round": 12.0, "subsample": 0.38093408261211104}, "datetime": {"datetime": "2024-01-20 17:08:33", "elapsed": 9867.389301, "delta": 0.007747}}
{"target": -13.495754560909129, "params": {"colsample_bytree": 0.8180883838400129, "eta": 0.06402033326993589, "gamma": 192.27858889112792, "max_depth": 7.0, "min_child_weight": 3741.9701844195865, "num_boost_round": 13.0, "subsample": 0.38093408261211104}, "datetime": {"datetime": "2024-01-20 17:08:33", "elapsed": 9867.400441, "delta": 0.01114}}
{"target": -13.495549530757721, "params": {"colsample_bytree": 0.8180883838400129, "eta": 0.06402033326993589, "gamma": 192.27858889112792, "max_depth": 7.0, "min_child_weight": 3741.9701844195865, "num_boost_round": 14.0, "subsample": 0.38093408261211104}, "datetime": {"datetime": "2024-01-20 17:08:33", "elapsed": 9867.412634, "delta": 0.012193}}
{"target": -13.498071667318152, "params": {"colsample_bytree": 0.5571552227474967, "eta": 0.07801099663097366, "gamma": 364.9649776434082, "max_depth": 3.0, "min_child_weight": 3866.2727180319184, "num_boost_round": 1.0, "subsample": 0.9645314087617517}, "datetime": {"datetime": "2024-01-20 17:10:45", "elapsed": 9998.49212, "delta": 131.079486}}
{"target": -13.498562180592643, "params": {"colsample_bytree": 0.5571552227474967, "eta": 0.07801099663097366, "gamma": 364.9649776434082, "max_depth": 3.0, "min_child_weight": 3866.2727180319184, "num_boost_round": 2.0, "subsample": 0.9645314087617517}, "datetime": {"datetime": "2024-01-20 17:10:45", "elapsed": 9998.499494, "delta": 0.007374}}
{"target": -13.497424657150134, "params": {"colsample_bytree": 0.47434697448192964, "eta": 0.09038038003304645, "gamma": 860.26552556226, "max_depth": 8.0, "min_child_weight": 4715.966815862775, "num_boost_round": 1.0, "subsample": 0.20458767198956013}, "datetime": {"datetime": "2024-01-20 17:12:27", "elapsed": 10100.754557, "delta": 102.255063}}
{"target": -13.496090243347684, "params": {"colsample_bytree": 0.47434697448192964, "eta": 0.09038038003304645, "gamma": 860.26552556226, "max_depth": 8.0, "min_child_weight": 4715.966815862775, "num_boost_round": 2.0, "subsample": 0.20458767198956013}, "datetime": {"datetime": "2024-01-20 17:12:27", "elapsed": 10100.762198, "delta": 0.007641}}
{"target": -13.496107318890935, "params": {"colsample_bytree": 0.47434697448192964, "eta": 0.09038038003304645, "gamma": 860.26552556226, "max_depth": 8.0, "min_child_weight": 4715.966815862775, "num_boost_round": 3.0, "subsample": 0.20458767198956013}, "datetime": {"datetime": "2024-01-20 17:12:27", "elapsed": 10100.769056, "delta": 0.006858}}
{"target": -13.497623586601232, "params": {"colsample_bytree": 0.3038446153188581, "eta": 0.055066245809973303, "gamma": 864.7539014897135, "max_depth": 8.0, "min_child_weight": 4712.355225819521, "num_boost_round": 1.0, "subsample": 0.48966873820818235}, "datetime": {"datetime": "2024-01-20 17:14:55", "elapsed": 10248.443872, "delta": 147.674816}}
{"target": -13.497245484642157, "params": {"colsample_bytree": 0.3038446153188581, "eta": 0.055066245809973303, "gamma": 864.7539014897135, "max_depth": 8.0, "min_child_weight": 4712.355225819521, "num_boost_round": 2.0, "subsample": 0.48966873820818235}, "datetime": {"datetime": "2024-01-20 17:14:55", "elapsed": 10248.451962, "delta": 0.00809}}
{"target": -13.497168303300036, "params": {"colsample_bytree": 0.3038446153188581, "eta": 0.055066245809973303, "gamma": 864.7539014897135, "max_depth": 8.0, "min_child_weight": 4712.355225819521, "num_boost_round": 3.0, "subsample": 0.48966873820818235}, "datetime": {"datetime": "2024-01-20 17:14:55", "elapsed": 10248.459061, "delta": 0.007099}}
{"target": -13.497253093330322, "params": {"colsample_bytree": 0.3038446153188581, "eta": 0.055066245809973303, "gamma": 864.7539014897135, "max_depth": 8.0, "min_child_weight": 4712.355225819521, "num_boost_round": 4.0, "subsample": 0.48966873820818235}, "datetime": {"datetime": "2024-01-20 17:14:55", "elapsed": 10248.466146, "delta": 0.007085}}
{"target": -13.496738623520784, "params": {"colsample_bytree": 0.3038446153188581, "eta": 0.055066245809973303, "gamma": 864.7539014897135, "max_depth": 8.0, "min_child_weight": 4712.355225819521, "num_boost_round": 5.0, "subsample": 0.48966873820818235}, "datetime": {"datetime": "2024-01-20 17:14:55", "elapsed": 10248.473516, "delta": 0.00737}}
{"target": -13.49654572383786, "params": {"colsample_bytree": 0.3038446153188581, "eta": 0.055066245809973303, "gamma": 864.7539014897135, "max_depth": 8.0, "min_child_weight": 4712.355225819521, "num_boost_round": 6.0, "subsample": 0.48966873820818235}, "datetime": {"datetime": "2024-01-20 17:14:55", "elapsed": 10248.480813, "delta": 0.007297}}
{"target": -13.496582139542685, "params": {"colsample_bytree": 0.3038446153188581, "eta": 0.055066245809973303, "gamma": 864.7539014897135, "max_depth": 8.0, "min_child_weight": 4712.355225819521, "num_boost_round": 7.0, "subsample": 0.48966873820818235}, "datetime": {"datetime": "2024-01-20 17:14:55", "elapsed": 10248.487867, "delta": 0.007054}}
{"target": -13.496418711297142, "params": {"colsample_bytree": 0.3038446153188581, "eta": 0.055066245809973303, "gamma": 864.7539014897135, "max_depth": 8.0, "min_child_weight": 4712.355225819521, "num_boost_round": 8.0, "subsample": 0.48966873820818235}, "datetime": {"datetime": "2024-01-20 17:14:55", "elapsed": 10248.494888, "delta": 0.007021}}
{"target": -13.496409195329345, "params": {"colsample_bytree": 0.3038446153188581, "eta": 0.055066245809973303, "gamma": 864.7539014897135, "max_depth": 8.0, "min_child_weight": 4712.355225819521, "num_boost_round": 9.0, "subsample": 0.48966873820818235}, "datetime": {"datetime": "2024-01-20 17:14:55", "elapsed": 10248.502169, "delta": 0.007281}}
{"target": -13.496177933946438, "params": {"colsample_bytree": 0.3038446153188581, "eta": 0.055066245809973303, "gamma": 864.7539014897135, "max_depth": 8.0, "min_child_weight": 4712.355225819521, "num_boost_round": 10.0, "subsample": 0.48966873820818235}, "datetime": {"datetime": "2024-01-20 17:14:55", "elapsed": 10248.50985, "delta": 0.007681}}
{"target": -13.496176131200322, "params": {"colsample_bytree": 0.3038446153188581, "eta": 0.055066245809973303, "gamma": 864.7539014897135, "max_depth": 8.0, "min_child_weight": 4712.355225819521, "num_boost_round": 11.0, "subsample": 0.48966873820818235}, "datetime": {"datetime": "2024-01-20 17:14:55", "elapsed": 10248.517312, "delta": 0.007462}}
{"target": -13.496347336201882, "params": {"colsample_bytree": 0.3038446153188581, "eta": 0.055066245809973303, "gamma": 864.7539014897135, "max_depth": 8.0, "min_child_weight": 4712.355225819521, "num_boost_round": 12.0, "subsample": 0.48966873820818235}, "datetime": {"datetime": "2024-01-20 17:14:55", "elapsed": 10248.524305, "delta": 0.006993}}
{"target": -13.496330971663525, "params": {"colsample_bytree": 0.3038446153188581, "eta": 0.055066245809973303, "gamma": 864.7539014897135, "max_depth": 8.0, "min_child_weight": 4712.355225819521, "num_boost_round": 13.0, "subsample": 0.48966873820818235}, "datetime": {"datetime": "2024-01-20 17:14:55", "elapsed": 10248.531593, "delta": 0.007288}}
{"target": -13.496145209368176, "params": {"colsample_bytree": 0.3038446153188581, "eta": 0.055066245809973303, "gamma": 864.7539014897135, "max_depth": 8.0, "min_child_weight": 4712.355225819521, "num_boost_round": 14.0, "subsample": 0.48966873820818235}, "datetime": {"datetime": "2024-01-20 17:14:55", "elapsed": 10248.538761, "delta": 0.007168}}
{"target": -13.496036211899614, "params": {"colsample_bytree": 0.3038446153188581, "eta": 0.055066245809973303, "gamma": 864.7539014897135, "max_depth": 8.0, "min_child_weight": 4712.355225819521, "num_boost_round": 15.0, "subsample": 0.48966873820818235}, "datetime": {"datetime": "2024-01-20 17:14:55", "elapsed": 10248.545819, "delta": 0.007058}}
{"target": -13.496276054431053, "params": {"colsample_bytree": 0.3038446153188581, "eta": 0.055066245809973303, "gamma": 864.7539014897135, "max_depth": 8.0, "min_child_weight": 4712.355225819521, "num_boost_round": 16.0, "subsample": 0.48966873820818235}, "datetime": {"datetime": "2024-01-20 17:14:55", "elapsed": 10248.552854, "delta": 0.007035}}
{"target": -13.496196732119074, "params": {"colsample_bytree": 0.3038446153188581, "eta": 0.055066245809973303, "gamma": 864.7539014897135, "max_depth": 8.0, "min_child_weight": 4712.355225819521, "num_boost_round": 17.0, "subsample": 0.48966873820818235}, "datetime": {"datetime": "2024-01-20 17:14:55", "elapsed": 10248.560173, "delta": 0.007319}}
{"target": -13.496254219706362, "params": {"colsample_bytree": 0.3038446153188581, "eta": 0.055066245809973303, "gamma": 864.7539014897135, "max_depth": 8.0, "min_child_weight": 4712.355225819521, "num_boost_round": 18.0, "subsample": 0.48966873820818235}, "datetime": {"datetime": "2024-01-20 17:14:55", "elapsed": 10248.567318, "delta": 0.007145}}
{"target": -13.496572058203355, "params": {"colsample_bytree": 0.3038446153188581, "eta": 0.055066245809973303, "gamma": 864.7539014897135, "max_depth": 8.0, "min_child_weight": 4712.355225819521, "num_boost_round": 19.0, "subsample": 0.48966873820818235}, "datetime": {"datetime": "2024-01-20 17:14:55", "elapsed": 10248.574359, "delta": 0.007041}}
{"target": -13.496460696884466, "params": {"colsample_bytree": 0.3038446153188581, "eta": 0.055066245809973303, "gamma": 864.7539014897135, "max_depth": 8.0, "min_child_weight": 4712.355225819521, "num_boost_round": 20.0, "subsample": 0.48966873820818235}, "datetime": {"datetime": "2024-01-20 17:14:55", "elapsed": 10248.584176, "delta": 0.009817}}
{"target": -13.496621637010144, "params": {"colsample_bytree": 0.3038446153188581, "eta": 0.055066245809973303, "gamma": 864.7539014897135, "max_depth": 8.0, "min_child_weight": 4712.355225819521, "num_boost_round": 21.0, "subsample": 0.48966873820818235}, "datetime": {"datetime": "2024-01-20 17:14:55", "elapsed": 10248.59708, "delta": 0.012904}}
{"target": -13.496526056319425, "params": {"colsample_bytree": 0.3038446153188581, "eta": 0.055066245809973303, "gamma": 864.7539014897135, "max_depth": 8.0, "min_child_weight": 4712.355225819521, "num_boost_round": 22.0, "subsample": 0.48966873820818235}, "datetime": {"datetime": "2024-01-20 17:14:55", "elapsed": 10248.606727, "delta": 0.009647}}
{"target": -13.496446757074946, "params": {"colsample_bytree": 0.3038446153188581, "eta": 0.055066245809973303, "gamma": 864.7539014897135, "max_depth": 8.0, "min_child_weight": 4712.355225819521, "num_boost_round": 23.0, "subsample": 0.48966873820818235}, "datetime": {"datetime": "2024-01-20 17:14:55", "elapsed": 10248.614735, "delta": 0.008008}}
{"target": -13.496641856409173, "params": {"colsample_bytree": 0.3038446153188581, "eta": 0.055066245809973303, "gamma": 864.7539014897135, "max_depth": 8.0, "min_child_weight": 4712.355225819521, "num_boost_round": 24.0, "subsample": 0.48966873820818235}, "datetime": {"datetime": "2024-01-20 17:14:55", "elapsed": 10248.622202, "delta": 0.007467}}
{"target": -13.496615696209828, "params": {"colsample_bytree": 0.3038446153188581, "eta": 0.055066245809973303, "gamma": 864.7539014897135, "max_depth": 8.0, "min_child_weight": 4712.355225819521, "num_boost_round": 25.0, "subsample": 0.48966873820818235}, "datetime": {"datetime": "2024-01-20 17:14:55", "elapsed": 10248.629511, "delta": 0.007309}}
{"target": -13.496415468353696, "params": {"colsample_bytree": 0.3038446153188581, "eta": 0.055066245809973303, "gamma": 864.7539014897135, "max_depth": 8.0, "min_child_weight": 4712.355225819521, "num_boost_round": 26.0, "subsample": 0.48966873820818235}, "datetime": {"datetime": "2024-01-20 17:14:55", "elapsed": 10248.63655, "delta": 0.007039}}
{"target": -13.496704343623907, "params": {"colsample_bytree": 0.3038446153188581, "eta": 0.055066245809973303, "gamma": 864.7539014897135, "max_depth": 8.0, "min_child_weight": 4712.355225819521, "num_boost_round": 27.0, "subsample": 0.48966873820818235}, "datetime": {"datetime": "2024-01-20 17:14:55", "elapsed": 10248.643525, "delta": 0.006975}}
{"target": -13.496615555068043, "params": {"colsample_bytree": 0.3038446153188581, "eta": 0.055066245809973303, "gamma": 864.7539014897135, "max_depth": 8.0, "min_child_weight": 4712.355225819521, "num_boost_round": 28.0, "subsample": 0.48966873820818235}, "datetime": {"datetime": "2024-01-20 17:14:55", "elapsed": 10248.650556, "delta": 0.007031}}
{"target": -13.496904057433772, "params": {"colsample_bytree": 0.3038446153188581, "eta": 0.055066245809973303, "gamma": 864.7539014897135, "max_depth": 8.0, "min_child_weight": 4712.355225819521, "num_boost_round": 29.0, "subsample": 0.48966873820818235}, "datetime": {"datetime": "2024-01-20 17:14:55", "elapsed": 10248.657862, "delta": 0.007306}}
{"target": -13.497138771422517, "params": {"colsample_bytree": 0.3038446153188581, "eta": 0.055066245809973303, "gamma": 864.7539014897135, "max_depth": 8.0, "min_child_weight": 4712.355225819521, "num_boost_round": 30.0, "subsample": 0.48966873820818235}, "datetime": {"datetime": "2024-01-20 17:14:55", "elapsed": 10248.66496, "delta": 0.007098}}
{"target": -13.497225992346454, "params": {"colsample_bytree": 0.3038446153188581, "eta": 0.055066245809973303, "gamma": 864.7539014897135, "max_depth": 8.0, "min_child_weight": 4712.355225819521, "num_boost_round": 31.0, "subsample": 0.48966873820818235}, "datetime": {"datetime": "2024-01-20 17:14:55", "elapsed": 10248.671993, "delta": 0.007033}}
{"target": -13.497233581414882, "params": {"colsample_bytree": 0.3038446153188581, "eta": 0.055066245809973303, "gamma": 864.7539014897135, "max_depth": 8.0, "min_child_weight": 4712.355225819521, "num_boost_round": 32.0, "subsample": 0.48966873820818235}, "datetime": {"datetime": "2024-01-20 17:14:55", "elapsed": 10248.678987, "delta": 0.006994}}
{"target": -13.497417545497285, "params": {"colsample_bytree": 0.3038446153188581, "eta": 0.055066245809973303, "gamma": 864.7539014897135, "max_depth": 8.0, "min_child_weight": 4712.355225819521, "num_boost_round": 33.0, "subsample": 0.48966873820818235}, "datetime": {"datetime": "2024-01-20 17:14:55", "elapsed": 10248.686257, "delta": 0.00727}}
{"target": -13.497449353002791, "params": {"colsample_bytree": 0.3038446153188581, "eta": 0.055066245809973303, "gamma": 864.7539014897135, "max_depth": 8.0, "min_child_weight": 4712.355225819521, "num_boost_round": 34.0, "subsample": 0.48966873820818235}, "datetime": {"datetime": "2024-01-20 17:14:55", "elapsed": 10248.69337, "delta": 0.007113}}
{"target": -13.497619856826045, "params": {"colsample_bytree": 0.3038446153188581, "eta": 0.055066245809973303, "gamma": 864.7539014897135, "max_depth": 8.0, "min_child_weight": 4712.355225819521, "num_boost_round": 35.0, "subsample": 0.48966873820818235}, "datetime": {"datetime": "2024-01-20 17:14:55", "elapsed": 10248.700416, "delta": 0.007046}}
{"target": -13.497666713365717, "params": {"colsample_bytree": 0.3038446153188581, "eta": 0.055066245809973303, "gamma": 864.7539014897135, "max_depth": 8.0, "min_child_weight": 4712.355225819521, "num_boost_round": 36.0, "subsample": 0.48966873820818235}, "datetime": {"datetime": "2024-01-20 17:14:55", "elapsed": 10248.707418, "delta": 0.007002}}
{"target": -13.4978377668468, "params": {"colsample_bytree": 0.6494554715749562, "eta": 0.00783977978158051, "gamma": 587.1672847918268, "max_depth": 5.0, "min_child_weight": 3823.7341416723257, "num_boost_round": 1.0, "subsample": 0.38966156011451547}, "datetime": {"datetime": "2024-01-20 17:17:22", "elapsed": 10395.689251, "delta": 146.981833}}
{"target": -13.497746527715185, "params": {"colsample_bytree": 0.6494554715749562, "eta": 0.00783977978158051, "gamma": 587.1672847918268, "max_depth": 5.0, "min_child_weight": 3823.7341416723257, "num_boost_round": 2.0, "subsample": 0.38966156011451547}, "datetime": {"datetime": "2024-01-20 17:17:22", "elapsed": 10395.703828, "delta": 0.014577}}
{"target": -13.497692088439866, "params": {"colsample_bytree": 0.6494554715749562, "eta": 0.00783977978158051, "gamma": 587.1672847918268, "max_depth": 5.0, "min_child_weight": 3823.7341416723257, "num_boost_round": 3.0, "subsample": 0.38966156011451547}, "datetime": {"datetime": "2024-01-20 17:17:22", "elapsed": 10395.713143, "delta": 0.009315}}
{"target": -13.49762195883329, "params": {"colsample_bytree": 0.6494554715749562, "eta": 0.00783977978158051, "gamma": 587.1672847918268, "max_depth": 5.0, "min_child_weight": 3823.7341416723257, "num_boost_round": 4.0, "subsample": 0.38966156011451547}, "datetime": {"datetime": "2024-01-20 17:17:22", "elapsed": 10395.720235, "delta": 0.007092}}
{"target": -13.497524512484773, "params": {"colsample_bytree": 0.6494554715749562, "eta": 0.00783977978158051, "gamma": 587.1672847918268, "max_depth": 5.0, "min_child_weight": 3823.7341416723257, "num_boost_round": 5.0, "subsample": 0.38966156011451547}, "datetime": {"datetime": "2024-01-20 17:17:22", "elapsed": 10395.727677, "delta": 0.007442}}
{"target": -13.497472391253797, "params": {"colsample_bytree": 0.6494554715749562, "eta": 0.00783977978158051, "gamma": 587.1672847918268, "max_depth": 5.0, "min_child_weight": 3823.7341416723257, "num_boost_round": 6.0, "subsample": 0.38966156011451547}, "datetime": {"datetime": "2024-01-20 17:17:22", "elapsed": 10395.735188, "delta": 0.007511}}
{"target": -13.497386268734186, "params": {"colsample_bytree": 0.6494554715749562, "eta": 0.00783977978158051, "gamma": 587.1672847918268, "max_depth": 5.0, "min_child_weight": 3823.7341416723257, "num_boost_round": 7.0, "subsample": 0.38966156011451547}, "datetime": {"datetime": "2024-01-20 17:17:22", "elapsed": 10395.742567, "delta": 0.007379}}
{"target": -13.497268626373824, "params": {"colsample_bytree": 0.6494554715749562, "eta": 0.00783977978158051, "gamma": 587.1672847918268, "max_depth": 5.0, "min_child_weight": 3823.7341416723257, "num_boost_round": 8.0, "subsample": 0.38966156011451547}, "datetime": {"datetime": "2024-01-20 17:17:22", "elapsed": 10395.749908, "delta": 0.007341}}
{"target": -13.497213007989611, "params": {"colsample_bytree": 0.6494554715749562, "eta": 0.00783977978158051, "gamma": 587.1672847918268, "max_depth": 5.0, "min_child_weight": 3823.7341416723257, "num_boost_round": 9.0, "subsample": 0.38966156011451547}, "datetime": {"datetime": "2024-01-20 17:17:22", "elapsed": 10395.757245, "delta": 0.007337}}
