{"target": -13.39772980043642, "params": {"colsample_bytree": 0.6766495521304926, "eta": 0.068947090247344, "gamma": 768.951076034371, "max_depth": 3.0, "min_child_weight": 4496.901222320706, "num_boost_round": 1.0, "subsample": 0.11913667775508532}, "datetime": {"datetime": "2024-01-20 17:25:24", "elapsed": 10859.170839, "delta": 55.585261}}
{"target": -13.397978885369316, "params": {"colsample_bytree": 0.6766495521304926, "eta": 0.068947090247344, "gamma": 768.951076034371, "max_depth": 3.0, "min_child_weight": 4496.901222320706, "num_boost_round": 2.0, "subsample": 0.11913667775508532}, "datetime": {"datetime": "2024-01-20 17:25:24", "elapsed": 10859.177021, "delta": 0.006182}}
{"target": -13.397916322794154, "params": {"colsample_bytree": 0.6766495521304926, "eta": 0.068947090247344, "gamma": 768.951076034371, "max_depth": 3.0, "min_child_weight": 4496.901222320706, "num_boost_round": 3.0, "subsample": 0.11913667775508532}, "datetime": {"datetime": "2024-01-20 17:25:24", "elapsed": 10859.182159, "delta": 0.005138}}
{"target": -13.39801209893399, "params": {"colsample_bytree": 0.6766495521304926, "eta": 0.068947090247344, "gamma": 768.951076034371, "max_depth": 3.0, "min_child_weight": 4496.901222320706, "num_boost_round": 4.0, "subsample": 0.11913667775508532}, "datetime": {"datetime": "2024-01-20 17:25:24", "elapsed": 10859.187474, "delta": 0.005315}}
{"target": -13.398126355790266, "params": {"colsample_bytree": 0.6766495521304926, "eta": 0.068947090247344, "gamma": 768.951076034371, "max_depth": 3.0, "min_child_weight": 4496.901222320706, "num_boost_round": 5.0, "subsample": 0.11913667775508532}, "datetime": {"datetime": "2024-01-20 17:25:24", "elapsed": 10859.192674, "delta": 0.0052}}
{"target": -13.3981520088331, "params": {"colsample_bytree": 0.6766495521304926, "eta": 0.068947090247344, "gamma": 768.951076034371, "max_depth": 3.0, "min_child_weight": 4496.901222320706, "num_boost_round": 6.0, "subsample": 0.11913667775508532}, "datetime": {"datetime": "2024-01-20 17:25:24", "elapsed": 10859.197895, "delta": 0.005221}}
{"target": -13.398538067946552, "params": {"colsample_bytree": 0.6766495521304926, "eta": 0.068947090247344, "gamma": 768.951076034371, "max_depth": 3.0, "min_child_weight": 4496.901222320706, "num_boost_round": 7.0, "subsample": 0.11913667775508532}, "datetime": {"datetime": "2024-01-20 17:25:24", "elapsed": 10859.20296, "delta": 0.005065}}
{"target": -13.398668105935908, "params": {"colsample_bytree": 0.6766495521304926, "eta": 0.068947090247344, "gamma": 768.951076034371, "max_depth": 3.0, "min_child_weight": 4496.901222320706, "num_boost_round": 8.0, "subsample": 0.11913667775508532}, "datetime": {"datetime": "2024-01-20 17:25:24", "elapsed": 10859.208271, "delta": 0.005311}}
{"target": -13.398897787344465, "params": {"colsample_bytree": 0.6766495521304926, "eta": 0.068947090247344, "gamma": 768.951076034371, "max_depth": 3.0, "min_child_weight": 4496.901222320706, "num_boost_round": 9.0, "subsample": 0.11913667775508532}, "datetime": {"datetime": "2024-01-20 17:25:24", "elapsed": 10859.213453, "delta": 0.005182}}
{"target": -13.399162131710117, "params": {"colsample_bytree": 0.6766495521304926, "eta": 0.068947090247344, "gamma": 768.951076034371, "max_depth": 3.0, "min_child_weight": 4496.901222320706, "num_boost_round": 10.0, "subsample": 0.11913667775508532}, "datetime": {"datetime": "2024-01-20 17:25:24", "elapsed": 10859.218894, "delta": 0.005441}}
{"target": -13.399162966948097, "params": {"colsample_bytree": 0.6766495521304926, "eta": 0.068947090247344, "gamma": 768.951076034371, "max_depth": 3.0, "min_child_weight": 4496.901222320706, "num_boost_round": 11.0, "subsample": 0.11913667775508532}, "datetime": {"datetime": "2024-01-20 17:25:24", "elapsed": 10859.224335, "delta": 0.005441}}
{"target": -13.39942537872518, "params": {"colsample_bytree": 0.6766495521304926, "eta": 0.068947090247344, "gamma": 768.951076034371, "max_depth": 3.0, "min_child_weight": 4496.901222320706, "num_boost_round": 12.0, "subsample": 0.11913667775508532}, "datetime": {"datetime": "2024-01-20 17:25:24", "elapsed": 10859.229799, "delta": 0.005464}}
{"target": -13.397783519341708, "params": {"colsample_bytree": 0.15385659310907077, "eta": 0.05017235348243044, "gamma": 299.59593741590453, "max_depth": 8.0, "min_child_weight": 4266.808144592776, "num_boost_round": 1.0, "subsample": 0.5771092822615558}, "datetime": {"datetime": "2024-01-20 17:26:49", "elapsed": 10943.859884, "delta": 84.630085}}
{"target": -13.397780227322768, "params": {"colsample_bytree": 0.15385659310907077, "eta": 0.05017235348243044, "gamma": 299.59593741590453, "max_depth": 8.0, "min_child_weight": 4266.808144592776, "num_boost_round": 2.0, "subsample": 0.5771092822615558}, "datetime": {"datetime": "2024-01-20 17:26:49", "elapsed": 10943.867433, "delta": 0.007549}}
{"target": -13.397929179979407, "params": {"colsample_bytree": 0.15385659310907077, "eta": 0.05017235348243044, "gamma": 299.59593741590453, "max_depth": 8.0, "min_child_weight": 4266.808144592776, "num_boost_round": 3.0, "subsample": 0.5771092822615558}, "datetime": {"datetime": "2024-01-20 17:26:49", "elapsed": 10943.872992, "delta": 0.005559}}
{"target": -13.39848802531639, "params": {"colsample_bytree": 0.15385659310907077, "eta": 0.05017235348243044, "gamma": 299.59593741590453, "max_depth": 8.0, "min_child_weight": 4266.808144592776, "num_boost_round": 4.0, "subsample": 0.5771092822615558}, "datetime": {"datetime": "2024-01-20 17:26:49", "elapsed": 10943.878558, "delta": 0.005566}}
{"target": -13.39906769946353, "params": {"colsample_bytree": 0.15385659310907077, "eta": 0.05017235348243044, "gamma": 299.59593741590453, "max_depth": 8.0, "min_child_weight": 4266.808144592776, "num_boost_round": 5.0, "subsample": 0.5771092822615558}, "datetime": {"datetime": "2024-01-20 17:26:49", "elapsed": 10943.883879, "delta": 0.005321}}
{"target": -13.399200267794651, "params": {"colsample_bytree": 0.15385659310907077, "eta": 0.05017235348243044, "gamma": 299.59593741590453, "max_depth": 8.0, "min_child_weight": 4266.808144592776, "num_boost_round": 6.0, "subsample": 0.5771092822615558}, "datetime": {"datetime": "2024-01-20 17:26:49", "elapsed": 10943.889734, "delta": 0.005855}}
{"target": -13.399284337567273, "params": {"colsample_bytree": 0.15385659310907077, "eta": 0.05017235348243044, "gamma": 299.59593741590453, "max_depth": 8.0, "min_child_weight": 4266.808144592776, "num_boost_round": 7.0, "subsample": 0.5771092822615558}, "datetime": {"datetime": "2024-01-20 17:26:49", "elapsed": 10943.89492, "delta": 0.005186}}
{"target": -13.399342191100382, "params": {"colsample_bytree": 0.15385659310907077, "eta": 0.05017235348243044, "gamma": 299.59593741590453, "max_depth": 8.0, "min_child_weight": 4266.808144592776, "num_boost_round": 8.0, "subsample": 0.5771092822615558}, "datetime": {"datetime": "2024-01-20 17:26:49", "elapsed": 10943.900411, "delta": 0.005491}}
{"target": -13.399437021634999, "params": {"colsample_bytree": 0.15385659310907077, "eta": 0.05017235348243044, "gamma": 299.59593741590453, "max_depth": 8.0, "min_child_weight": 4266.808144592776, "num_boost_round": 9.0, "subsample": 0.5771092822615558}, "datetime": {"datetime": "2024-01-20 17:26:49", "elapsed": 10943.905585, "delta": 0.005174}}
{"target": -13.399719270080436, "params": {"colsample_bytree": 0.15385659310907077, "eta": 0.05017235348243044, "gamma": 299.59593741590453, "max_depth": 8.0, "min_child_weight": 4266.808144592776, "num_boost_round": 10.0, "subsample": 0.5771092822615558}, "datetime": {"datetime": "2024-01-20 17:26:49", "elapsed": 10943.910512, "delta": 0.004927}}
{"target": -13.399779202883796, "params": {"colsample_bytree": 0.15385659310907077, "eta": 0.05017235348243044, "gamma": 299.59593741590453, "max_depth": 8.0, "min_child_weight": 4266.808144592776, "num_boost_round": 11.0, "subsample": 0.5771092822615558}, "datetime": {"datetime": "2024-01-20 17:26:49", "elapsed": 10943.915566, "delta": 0.005054}}
{"target": -13.399898213737941, "params": {"colsample_bytree": 0.15385659310907077, "eta": 0.05017235348243044, "gamma": 299.59593741590453, "max_depth": 8.0, "min_child_weight": 4266.808144592776, "num_boost_round": 12.0, "subsample": 0.5771092822615558}, "datetime": {"datetime": "2024-01-20 17:26:49", "elapsed": 10943.920571, "delta": 0.005005}}
{"target": -13.399893250235444, "params": {"colsample_bytree": 0.15385659310907077, "eta": 0.05017235348243044, "gamma": 299.59593741590453, "max_depth": 8.0, "min_child_weight": 4266.808144592776, "num_boost_round": 13.0, "subsample": 0.5771092822615558}, "datetime": {"datetime": "2024-01-20 17:26:49", "elapsed": 10943.925788, "delta": 0.005217}}
{"target": -13.399753642926061, "params": {"colsample_bytree": 0.15385659310907077, "eta": 0.05017235348243044, "gamma": 299.59593741590453, "max_depth": 8.0, "min_child_weight": 4266.808144592776, "num_boost_round": 14.0, "subsample": 0.5771092822615558}, "datetime": {"datetime": "2024-01-20 17:26:49", "elapsed": 10943.93108, "delta": 0.005292}}
{"target": -13.399547786628059, "params": {"colsample_bytree": 0.15385659310907077, "eta": 0.05017235348243044, "gamma": 299.59593741590453, "max_depth": 8.0, "min_child_weight": 4266.808144592776, "num_boost_round": 15.0, "subsample": 0.5771092822615558}, "datetime": {"datetime": "2024-01-20 17:26:49", "elapsed": 10943.936457, "delta": 0.005377}}
{"target": -13.399616177491978, "params": {"colsample_bytree": 0.15385659310907077, "eta": 0.05017235348243044, "gamma": 299.59593741590453, "max_depth": 8.0, "min_child_weight": 4266.808144592776, "num_boost_round": 16.0, "subsample": 0.5771092822615558}, "datetime": {"datetime": "2024-01-20 17:26:49", "elapsed": 10943.941985, "delta": 0.005528}}
{"target": -13.39999812614042, "params": {"colsample_bytree": 0.15385659310907077, "eta": 0.05017235348243044, "gamma": 299.59593741590453, "max_depth": 8.0, "min_child_weight": 4266.808144592776, "num_boost_round": 17.0, "subsample": 0.5771092822615558}, "datetime": {"datetime": "2024-01-20 17:26:49", "elapsed": 10943.947771, "delta": 0.005786}}
{"target": -13.400330496269728, "params": {"colsample_bytree": 0.15385659310907077, "eta": 0.05017235348243044, "gamma": 299.59593741590453, "max_depth": 8.0, "min_child_weight": 4266.808144592776, "num_boost_round": 18.0, "subsample": 0.5771092822615558}, "datetime": {"datetime": "2024-01-20 17:26:49", "elapsed": 10943.953381, "delta": 0.00561}}
{"target": -13.400440106434562, "params": {"colsample_bytree": 0.15385659310907077, "eta": 0.05017235348243044, "gamma": 299.59593741590453, "max_depth": 8.0, "min_child_weight": 4266.808144592776, "num_boost_round": 19.0, "subsample": 0.5771092822615558}, "datetime": {"datetime": "2024-01-20 17:26:49", "elapsed": 10943.958576, "delta": 0.005195}}
{"target": -13.400635241348244, "params": {"colsample_bytree": 0.15385659310907077, "eta": 0.05017235348243044, "gamma": 299.59593741590453, "max_depth": 8.0, "min_child_weight": 4266.808144592776, "num_boost_round": 20.0, "subsample": 0.5771092822615558}, "datetime": {"datetime": "2024-01-20 17:26:49", "elapsed": 10943.963788, "delta": 0.005212}}
{"target": -13.400644188515212, "params": {"colsample_bytree": 0.15385659310907077, "eta": 0.05017235348243044, "gamma": 299.59593741590453, "max_depth": 8.0, "min_child_weight": 4266.808144592776, "num_boost_round": 21.0, "subsample": 0.5771092822615558}, "datetime": {"datetime": "2024-01-20 17:26:49", "elapsed": 10943.96915, "delta": 0.005362}}
{"target": -13.40047632501659, "params": {"colsample_bytree": 0.15385659310907077, "eta": 0.05017235348243044, "gamma": 299.59593741590453, "max_depth": 8.0, "min_child_weight": 4266.808144592776, "num_boost_round": 22.0, "subsample": 0.5771092822615558}, "datetime": {"datetime": "2024-01-20 17:26:49", "elapsed": 10943.97452, "delta": 0.00537}}
{"target": -13.400597483954781, "params": {"colsample_bytree": 0.15385659310907077, "eta": 0.05017235348243044, "gamma": 299.59593741590453, "max_depth": 8.0, "min_child_weight": 4266.808144592776, "num_boost_round": 23.0, "subsample": 0.5771092822615558}, "datetime": {"datetime": "2024-01-20 17:26:49", "elapsed": 10943.979678, "delta": 0.005158}}
{"target": -13.401254852089782, "params": {"colsample_bytree": 0.15385659310907077, "eta": 0.05017235348243044, "gamma": 299.59593741590453, "max_depth": 8.0, "min_child_weight": 4266.808144592776, "num_boost_round": 24.0, "subsample": 0.5771092822615558}, "datetime": {"datetime": "2024-01-20 17:26:49", "elapsed": 10943.98512, "delta": 0.005442}}
{"target": -13.401615523170326, "params": {"colsample_bytree": 0.15385659310907077, "eta": 0.05017235348243044, "gamma": 299.59593741590453, "max_depth": 8.0, "min_child_weight": 4266.808144592776, "num_boost_round": 25.0, "subsample": 0.5771092822615558}, "datetime": {"datetime": "2024-01-20 17:26:49", "elapsed": 10943.990456, "delta": 0.005336}}
{"target": -13.401620022509677, "params": {"colsample_bytree": 0.15385659310907077, "eta": 0.05017235348243044, "gamma": 299.59593741590453, "max_depth": 8.0, "min_child_weight": 4266.808144592776, "num_boost_round": 26.0, "subsample": 0.5771092822615558}, "datetime": {"datetime": "2024-01-20 17:26:49", "elapsed": 10943.995704, "delta": 0.005248}}
{"target": -13.401801824986443, "params": {"colsample_bytree": 0.15385659310907077, "eta": 0.05017235348243044, "gamma": 299.59593741590453, "max_depth": 8.0, "min_child_weight": 4266.808144592776, "num_boost_round": 27.0, "subsample": 0.5771092822615558}, "datetime": {"datetime": "2024-01-20 17:26:49", "elapsed": 10944.00099, "delta": 0.005286}}
{"target": -13.401868966859187, "params": {"colsample_bytree": 0.15385659310907077, "eta": 0.05017235348243044, "gamma": 299.59593741590453, "max_depth": 8.0, "min_child_weight": 4266.808144592776, "num_boost_round": 28.0, "subsample": 0.5771092822615558}, "datetime": {"datetime": "2024-01-20 17:26:49", "elapsed": 10944.006422, "delta": 0.005432}}
{"target": -13.401943286611072, "params": {"colsample_bytree": 0.15385659310907077, "eta": 0.05017235348243044, "gamma": 299.59593741590453, "max_depth": 8.0, "min_child_weight": 4266.808144592776, "num_boost_round": 29.0, "subsample": 0.5771092822615558}, "datetime": {"datetime": "2024-01-20 17:26:49", "elapsed": 10944.01172, "delta": 0.005298}}
{"target": -13.402253528897877, "params": {"colsample_bytree": 0.15385659310907077, "eta": 0.05017235348243044, "gamma": 299.59593741590453, "max_depth": 8.0, "min_child_weight": 4266.808144592776, "num_boost_round": 30.0, "subsample": 0.5771092822615558}, "datetime": {"datetime": "2024-01-20 17:26:49", "elapsed": 10944.017228, "delta": 0.005508}}
{"target": -13.402711921015538, "params": {"colsample_bytree": 0.15385659310907077, "eta": 0.05017235348243044, "gamma": 299.59593741590453, "max_depth": 8.0, "min_child_weight": 4266.808144592776, "num_boost_round": 31.0, "subsample": 0.5771092822615558}, "datetime": {"datetime": "2024-01-20 17:26:49", "elapsed": 10944.02216, "delta": 0.004932}}
{"target": -13.397713016793837, "params": {"colsample_bytree": 0.6575849304779097, "eta": 0.005470333415762363, "gamma": 833.9379504942385, "max_depth": 6.0, "min_child_weight": 4493.064221940744, "num_boost_round": 1.0, "subsample": 0.4528341436146054}, "datetime": {"datetime": "2024-01-20 17:27:41", "elapsed": 10996.38955, "delta": 52.36739}}
{"target": -13.397666951295172, "params": {"colsample_bytree": 0.6575849304779097, "eta": 0.005470333415762363, "gamma": 833.9379504942385, "max_depth": 6.0, "min_child_weight": 4493.064221940744, "num_boost_round": 2.0, "subsample": 0.4528341436146054}, "datetime": {"datetime": "2024-01-20 17:27:41", "elapsed": 10996.396054, "delta": 0.006504}}
{"target": -13.397618313144395, "params": {"colsample_bytree": 0.6575849304779097, "eta": 0.005470333415762363, "gamma": 833.9379504942385, "max_depth": 6.0, "min_child_weight": 4493.064221940744, "num_boost_round": 3.0, "subsample": 0.4528341436146054}, "datetime": {"datetime": "2024-01-20 17:27:41", "elapsed": 10996.40128, "delta": 0.005226}}
{"target": -13.39754921517455, "params": {"colsample_bytree": 0.6575849304779097, "eta": 0.005470333415762363, "gamma": 833.9379504942385, "max_depth": 6.0, "min_child_weight": 4493.064221940744, "num_boost_round": 4.0, "subsample": 0.4528341436146054}, "datetime": {"datetime": "2024-01-20 17:27:41", "elapsed": 10996.406697, "delta": 0.005417}}
{"target": -13.39837506796627, "params": {"colsample_bytree": 0.2997683161296132, "eta": 0.09589586860251922, "gamma": 720.9854697583178, "max_depth": 4.0, "min_child_weight": 4449.370741279991, "num_boost_round": 1.0, "subsample": 0.803519094951699}, "datetime": {"datetime": "2024-01-20 17:29:05", "elapsed": 11080.096343, "delta": 83.689646}}
{"target": -13.39869245917454, "params": {"colsample_bytree": 0.8632417489233214, "eta": 0.0902001499538208, "gamma": 173.4492252169416, "max_depth": 5.0, "min_child_weight": 3954.6792843523663, "num_boost_round": 1.0, "subsample": 0.8587310385730879}, "datetime": {"datetime": "2024-01-20 17:30:35", "elapsed": 11169.722013, "delta": 89.62567}}
{"target": -13.397794079936721, "params": {"colsample_bytree": 0.480136921158715, "eta": 0.01858137205123478, "gamma": 118.81384397230089, "max_depth": 2.0, "min_child_weight": 3764.4594448832413, "num_boost_round": 1.0, "subsample": 0.476438961359521}, "datetime": {"datetime": "2024-01-20 17:31:34", "elapsed": 11229.621453, "delta": 59.89944}}
{"target": -13.397108560698904, "params": {"colsample_bytree": 0.9120494624293178, "eta": 0.03464479289400824, "gamma": 411.16890731088097, "max_depth": 9.0, "min_child_weight": 3641.1445100881247, "num_boost_round": 1.0, "subsample": 0.8221337790382}, "datetime": {"datetime": "2024-01-20 17:32:58", "elapsed": 11312.760111, "delta": 83.138658}}
{"target": -13.396813386334543, "params": {"colsample_bytree": 0.9120494624293178, "eta": 0.03464479289400824, "gamma": 411.16890731088097, "max_depth": 9.0, "min_child_weight": 3641.1445100881247, "num_boost_round": 2.0, "subsample": 0.8221337790382}, "datetime": {"datetime": "2024-01-20 17:32:58", "elapsed": 11312.766281, "delta": 0.00617}}
{"target": -13.396903566094931, "params": {"colsample_bytree": 0.9120494624293178, "eta": 0.03464479289400824, "gamma": 411.16890731088097, "max_depth": 9.0, "min_child_weight": 3641.1445100881247, "num_boost_round": 3.0, "subsample": 0.8221337790382}, "datetime": {"datetime": "2024-01-20 17:32:58", "elapsed": 11312.771428, "delta": 0.005147}}
{"target": -13.397765065157888, "params": {"colsample_bytree": 0.5037766922606632, "eta": 0.061889980980993006, "gamma": 272.3207495687924, "max_depth": 4.0, "min_child_weight": 4375.893568861256, "num_boost_round": 1.0, "subsample": 0.5257017539952229}, "datetime": {"datetime": "2024-01-20 17:34:28", "elapsed": 11403.180113, "delta": 90.408685}}
{"target": -13.397831123563723, "params": {"colsample_bytree": 0.5037766922606632, "eta": 0.061889980980993006, "gamma": 272.3207495687924, "max_depth": 4.0, "min_child_weight": 4375.893568861256, "num_boost_round": 2.0, "subsample": 0.5257017539952229}, "datetime": {"datetime": "2024-01-20 17:34:28", "elapsed": 11403.186992, "delta": 0.006879}}
{"target": -13.39796163746035, "params": {"colsample_bytree": 0.5037766922606632, "eta": 0.061889980980993006, "gamma": 272.3207495687924, "max_depth": 4.0, "min_child_weight": 4375.893568861256, "num_boost_round": 3.0, "subsample": 0.5257017539952229}, "datetime": {"datetime": "2024-01-20 17:34:28", "elapsed": 11403.192261, "delta": 0.005269}}
{"target": -13.398263931582118, "params": {"colsample_bytree": 0.5037766922606632, "eta": 0.061889980980993006, "gamma": 272.3207495687924, "max_depth": 4.0, "min_child_weight": 4375.893568861256, "num_boost_round": 4.0, "subsample": 0.5257017539952229}, "datetime": {"datetime": "2024-01-20 17:34:28", "elapsed": 11403.197277, "delta": 0.005016}}
{"target": -13.39891021805213, "params": {"colsample_bytree": 0.5037766922606632, "eta": 0.061889980980993006, "gamma": 272.3207495687924, "max_depth": 4.0, "min_child_weight": 4375.893568861256, "num_boost_round": 5.0, "subsample": 0.5257017539952229}, "datetime": {"datetime": "2024-01-20 17:34:28", "elapsed": 11403.20235, "delta": 0.005073}}
{"target": -13.399238395359514, "params": {"colsample_bytree": 0.5037766922606632, "eta": 0.061889980980993006, "gamma": 272.3207495687924, "max_depth": 4.0, "min_child_weight": 4375.893568861256, "num_boost_round": 6.0, "subsample": 0.5257017539952229}, "datetime": {"datetime": "2024-01-20 17:34:28", "elapsed": 11403.207886, "delta": 0.005536}}
{"target": -13.40027497379392, "params": {"colsample_bytree": 0.5037766922606632, "eta": 0.061889980980993006, "gamma": 272.3207495687924, "max_depth": 4.0, "min_child_weight": 4375.893568861256, "num_boost_round": 7.0, "subsample": 0.5257017539952229}, "datetime": {"datetime": "2024-01-20 17:34:28", "elapsed": 11403.212934, "delta": 0.005048}}
{"target": -13.400913863195576, "params": {"colsample_bytree": 0.5037766922606632, "eta": 0.061889980980993006, "gamma": 272.3207495687924, "max_depth": 4.0, "min_child_weight": 4375.893568861256, "num_boost_round": 8.0, "subsample": 0.5257017539952229}, "datetime": {"datetime": "2024-01-20 17:34:28", "elapsed": 11403.218051, "delta": 0.005117}}
{"target": -13.401484805246952, "params": {"colsample_bytree": 0.5037766922606632, "eta": 0.061889980980993006, "gamma": 272.3207495687924, "max_depth": 4.0, "min_child_weight": 4375.893568861256, "num_boost_round": 9.0, "subsample": 0.5257017539952229}, "datetime": {"datetime": "2024-01-20 17:34:28", "elapsed": 11403.223051, "delta": 0.005}}
{"target": -13.401879396978668, "params": {"colsample_bytree": 0.5037766922606632, "eta": 0.061889980980993006, "gamma": 272.3207495687924, "max_depth": 4.0, "min_child_weight": 4375.893568861256, "num_boost_round": 10.0, "subsample": 0.5257017539952229}, "datetime": {"datetime": "2024-01-20 17:34:28", "elapsed": 11403.228153, "delta": 0.005102}}
