{"target": -19.143538976458363, "params": {"colsample_bytree": 0.6403314510080612, "eta": 0.01180917684029993, "gamma": 502.9366247690554, "max_depth": 4.0, "min_child_weight": 4466.978925997056, "num_boost_round": 26.0, "subsample": 0.5015078877204708}, "datetime": {"datetime": "2024-01-20 15:32:40", "elapsed": 4128.54005, "delta": 0.003652}}
{"target": -19.143643810272224, "params": {"colsample_bytree": 0.6403314510080612, "eta": 0.01180917684029993, "gamma": 502.9366247690554, "max_depth": 4.0, "min_child_weight": 4466.978925997056, "num_boost_round": 27.0, "subsample": 0.5015078877204708}, "datetime": {"datetime": "2024-01-20 15:32:40", "elapsed": 4128.543752, "delta": 0.003702}}
{"target": -19.143726927432596, "params": {"colsample_bytree": 0.6403314510080612, "eta": 0.01180917684029993, "gamma": 502.9366247690554, "max_depth": 4.0, "min_child_weight": 4466.978925997056, "num_boost_round": 28.0, "subsample": 0.5015078877204708}, "datetime": {"datetime": "2024-01-20 15:32:40", "elapsed": 4128.547626, "delta": 0.003874}}
{"target": -19.143642660838964, "params": {"colsample_bytree": 0.6403314510080612, "eta": 0.01180917684029993, "gamma": 502.9366247690554, "max_depth": 4.0, "min_child_weight": 4466.978925997056, "num_boost_round": 29.0, "subsample": 0.5015078877204708}, "datetime": {"datetime": "2024-01-20 15:32:40", "elapsed": 4128.551292, "delta": 0.003666}}
{"target": -19.143638958686005, "params": {"colsample_bytree": 0.6403314510080612, "eta": 0.01180917684029993, "gamma": 502.9366247690554, "max_depth": 4.0, "min_child_weight": 4466.978925997056, "num_boost_round": 30.0, "subsample": 0.5015078877204708}, "datetime": {"datetime": "2024-01-20 15:32:40", "elapsed": 4128.554991, "delta": 0.003699}}
{"target": -19.14364059601959, "params": {"colsample_bytree": 0.6403314510080612, "eta": 0.01180917684029993, "gamma": 502.9366247690554, "max_depth": 4.0, "min_child_weight": 4466.978925997056, "num_boost_round": 31.0, "subsample": 0.5015078877204708}, "datetime": {"datetime": "2024-01-20 15:32:40", "elapsed": 4128.558727, "delta": 0.003736}}
{"target": -19.14360242679963, "params": {"colsample_bytree": 0.6403314510080612, "eta": 0.01180917684029993, "gamma": 502.9366247690554, "max_depth": 4.0, "min_child_weight": 4466.978925997056, "num_boost_round": 32.0, "subsample": 0.5015078877204708}, "datetime": {"datetime": "2024-01-20 15:32:40", "elapsed": 4128.562519, "delta": 0.003792}}
{"target": -19.143594229809793, "params": {"colsample_bytree": 0.6403314510080612, "eta": 0.01180917684029993, "gamma": 502.9366247690554, "max_depth": 4.0, "min_child_weight": 4466.978925997056, "num_boost_round": 33.0, "subsample": 0.5015078877204708}, "datetime": {"datetime": "2024-01-20 15:32:40", "elapsed": 4128.566349, "delta": 0.00383}}
{"target": -19.14364648780443, "params": {"colsample_bytree": 0.6403314510080612, "eta": 0.01180917684029993, "gamma": 502.9366247690554, "max_depth": 4.0, "min_child_weight": 4466.978925997056, "num_boost_round": 34.0, "subsample": 0.5015078877204708}, "datetime": {"datetime": "2024-01-20 15:32:40", "elapsed": 4128.570226, "delta": 0.003877}}
{"target": -19.143765016371212, "params": {"colsample_bytree": 0.6403314510080612, "eta": 0.01180917684029993, "gamma": 502.9366247690554, "max_depth": 4.0, "min_child_weight": 4466.978925997056, "num_boost_round": 35.0, "subsample": 0.5015078877204708}, "datetime": {"datetime": "2024-01-20 15:32:40", "elapsed": 4128.573987, "delta": 0.003761}}
{"target": -19.14374328147474, "params": {"colsample_bytree": 0.6403314510080612, "eta": 0.01180917684029993, "gamma": 502.9366247690554, "max_depth": 4.0, "min_child_weight": 4466.978925997056, "num_boost_round": 36.0, "subsample": 0.5015078877204708}, "datetime": {"datetime": "2024-01-20 15:32:40", "elapsed": 4128.57772, "delta": 0.003733}}
{"target": -19.143811837902206, "params": {"colsample_bytree": 0.6403314510080612, "eta": 0.01180917684029993, "gamma": 502.9366247690554, "max_depth": 4.0, "min_child_weight": 4466.978925997056, "num_boost_round": 37.0, "subsample": 0.5015078877204708}, "datetime": {"datetime": "2024-01-20 15:32:40", "elapsed": 4128.581456, "delta": 0.003736}}
{"target": -19.143917859067066, "params": {"colsample_bytree": 0.6403314510080612, "eta": 0.01180917684029993, "gamma": 502.9366247690554, "max_depth": 4.0, "min_child_weight": 4466.978925997056, "num_boost_round": 38.0, "subsample": 0.5015078877204708}, "datetime": {"datetime": "2024-01-20 15:32:40", "elapsed": 4128.585188, "delta": 0.003732}}
{"target": -19.14397157728011, "params": {"colsample_bytree": 0.6403314510080612, "eta": 0.01180917684029993, "gamma": 502.9366247690554, "max_depth": 4.0, "min_child_weight": 4466.978925997056, "num_boost_round": 39.0, "subsample": 0.5015078877204708}, "datetime": {"datetime": "2024-01-20 15:32:40", "elapsed": 4128.588982, "delta": 0.003794}}
{"target": -19.14395535614497, "params": {"colsample_bytree": 0.6403314510080612, "eta": 0.01180917684029993, "gamma": 502.9366247690554, "max_depth": 4.0, "min_child_weight": 4466.978925997056, "num_boost_round": 40.0, "subsample": 0.5015078877204708}, "datetime": {"datetime": "2024-01-20 15:32:40", "elapsed": 4128.592709, "delta": 0.003727}}
{"target": -19.14399690630113, "params": {"colsample_bytree": 0.6403314510080612, "eta": 0.01180917684029993, "gamma": 502.9366247690554, "max_depth": 4.0, "min_child_weight": 4466.978925997056, "num_boost_round": 41.0, "subsample": 0.5015078877204708}, "datetime": {"datetime": "2024-01-20 15:32:40", "elapsed": 4128.596432, "delta": 0.003723}}
{"target": -19.14398629999978, "params": {"colsample_bytree": 0.6403314510080612, "eta": 0.01180917684029993, "gamma": 502.9366247690554, "max_depth": 4.0, "min_child_weight": 4466.978925997056, "num_boost_round": 42.0, "subsample": 0.5015078877204708}, "datetime": {"datetime": "2024-01-20 15:32:40", "elapsed": 4128.600136, "delta": 0.003704}}
{"target": -19.14407326247973, "params": {"colsample_bytree": 0.6403314510080612, "eta": 0.01180917684029993, "gamma": 502.9366247690554, "max_depth": 4.0, "min_child_weight": 4466.978925997056, "num_boost_round": 43.0, "subsample": 0.5015078877204708}, "datetime": {"datetime": "2024-01-20 15:32:40", "elapsed": 4128.603971, "delta": 0.003835}}
{"target": -19.144116531651306, "params": {"colsample_bytree": 0.6403314510080612, "eta": 0.01180917684029993, "gamma": 502.9366247690554, "max_depth": 4.0, "min_child_weight": 4466.978925997056, "num_boost_round": 44.0, "subsample": 0.5015078877204708}, "datetime": {"datetime": "2024-01-20 15:32:40", "elapsed": 4128.607755, "delta": 0.003784}}
{"target": -19.144129068297637, "params": {"colsample_bytree": 0.6403314510080612, "eta": 0.01180917684029993, "gamma": 502.9366247690554, "max_depth": 4.0, "min_child_weight": 4466.978925997056, "num_boost_round": 45.0, "subsample": 0.5015078877204708}, "datetime": {"datetime": "2024-01-20 15:32:40", "elapsed": 4128.611476, "delta": 0.003721}}
{"target": -19.144087064202523, "params": {"colsample_bytree": 0.6403314510080612, "eta": 0.01180917684029993, "gamma": 502.9366247690554, "max_depth": 4.0, "min_child_weight": 4466.978925997056, "num_boost_round": 46.0, "subsample": 0.5015078877204708}, "datetime": {"datetime": "2024-01-20 15:32:40", "elapsed": 4128.615472, "delta": 0.003996}}
{"target": -19.14418172497212, "params": {"colsample_bytree": 0.6403314510080612, "eta": 0.01180917684029993, "gamma": 502.9366247690554, "max_depth": 4.0, "min_child_weight": 4466.978925997056, "num_boost_round": 47.0, "subsample": 0.5015078877204708}, "datetime": {"datetime": "2024-01-20 15:32:40", "elapsed": 4128.619314, "delta": 0.003842}}
{"target": -19.144199573949756, "params": {"colsample_bytree": 0.6403314510080612, "eta": 0.01180917684029993, "gamma": 502.9366247690554, "max_depth": 4.0, "min_child_weight": 4466.978925997056, "num_boost_round": 48.0, "subsample": 0.5015078877204708}, "datetime": {"datetime": "2024-01-20 15:32:40", "elapsed": 4128.623071, "delta": 0.003757}}
{"target": -19.144301210640663, "params": {"colsample_bytree": 0.6403314510080612, "eta": 0.01180917684029993, "gamma": 502.9366247690554, "max_depth": 4.0, "min_child_weight": 4466.978925997056, "num_boost_round": 49.0, "subsample": 0.5015078877204708}, "datetime": {"datetime": "2024-01-20 15:32:40", "elapsed": 4128.626918, "delta": 0.003847}}
{"target": -19.144343680105965, "params": {"colsample_bytree": 0.6403314510080612, "eta": 0.01180917684029993, "gamma": 502.9366247690554, "max_depth": 4.0, "min_child_weight": 4466.978925997056, "num_boost_round": 50.0, "subsample": 0.5015078877204708}, "datetime": {"datetime": "2024-01-20 15:32:40", "elapsed": 4128.630609, "delta": 0.003691}}
{"target": -19.144324518749684, "params": {"colsample_bytree": 0.6403314510080612, "eta": 0.01180917684029993, "gamma": 502.9366247690554, "max_depth": 4.0, "min_child_weight": 4466.978925997056, "num_boost_round": 51.0, "subsample": 0.5015078877204708}, "datetime": {"datetime": "2024-01-20 15:32:40", "elapsed": 4128.634358, "delta": 0.003749}}
{"target": -19.14429740961255, "params": {"colsample_bytree": 0.6403314510080612, "eta": 0.01180917684029993, "gamma": 502.9366247690554, "max_depth": 4.0, "min_child_weight": 4466.978925997056, "num_boost_round": 52.0, "subsample": 0.5015078877204708}, "datetime": {"datetime": "2024-01-20 15:32:40", "elapsed": 4128.638145, "delta": 0.003787}}
{"target": -19.144331031804366, "params": {"colsample_bytree": 0.6403314510080612, "eta": 0.01180917684029993, "gamma": 502.9366247690554, "max_depth": 4.0, "min_child_weight": 4466.978925997056, "num_boost_round": 53.0, "subsample": 0.5015078877204708}, "datetime": {"datetime": "2024-01-20 15:32:40", "elapsed": 4128.641826, "delta": 0.003681}}
{"target": -19.144399471802366, "params": {"colsample_bytree": 0.6403314510080612, "eta": 0.01180917684029993, "gamma": 502.9366247690554, "max_depth": 4.0, "min_child_weight": 4466.978925997056, "num_boost_round": 54.0, "subsample": 0.5015078877204708}, "datetime": {"datetime": "2024-01-20 15:32:40", "elapsed": 4128.645643, "delta": 0.003817}}
{"target": -19.144504438017382, "params": {"colsample_bytree": 0.6403314510080612, "eta": 0.01180917684029993, "gamma": 502.9366247690554, "max_depth": 4.0, "min_child_weight": 4466.978925997056, "num_boost_round": 55.0, "subsample": 0.5015078877204708}, "datetime": {"datetime": "2024-01-20 15:32:40", "elapsed": 4128.649411, "delta": 0.003768}}
{"target": -19.144483839585973, "params": {"colsample_bytree": 0.6403314510080612, "eta": 0.01180917684029993, "gamma": 502.9366247690554, "max_depth": 4.0, "min_child_weight": 4466.978925997056, "num_boost_round": 56.0, "subsample": 0.5015078877204708}, "datetime": {"datetime": "2024-01-20 15:32:40", "elapsed": 4128.653127, "delta": 0.003716}}
{"target": -19.14445578516677, "params": {"colsample_bytree": 0.6403314510080612, "eta": 0.01180917684029993, "gamma": 502.9366247690554, "max_depth": 4.0, "min_child_weight": 4466.978925997056, "num_boost_round": 57.0, "subsample": 0.5015078877204708}, "datetime": {"datetime": "2024-01-20 15:32:40", "elapsed": 4128.656908, "delta": 0.003781}}
{"target": -19.14442631865876, "params": {"colsample_bytree": 0.6403314510080612, "eta": 0.01180917684029993, "gamma": 502.9366247690554, "max_depth": 4.0, "min_child_weight": 4466.978925997056, "num_boost_round": 58.0, "subsample": 0.5015078877204708}, "datetime": {"datetime": "2024-01-20 15:32:40", "elapsed": 4128.66067, "delta": 0.003762}}
{"target": -19.14451457109307, "params": {"colsample_bytree": 0.6403314510080612, "eta": 0.01180917684029993, "gamma": 502.9366247690554, "max_depth": 4.0, "min_child_weight": 4466.978925997056, "num_boost_round": 59.0, "subsample": 0.5015078877204708}, "datetime": {"datetime": "2024-01-20 15:32:40", "elapsed": 4128.664471, "delta": 0.003801}}
{"target": -19.14450380563536, "params": {"colsample_bytree": 0.6403314510080612, "eta": 0.01180917684029993, "gamma": 502.9366247690554, "max_depth": 4.0, "min_child_weight": 4466.978925997056, "num_boost_round": 60.0, "subsample": 0.5015078877204708}, "datetime": {"datetime": "2024-01-20 15:32:40", "elapsed": 4128.66833, "delta": 0.003859}}
{"target": -19.14455188591444, "params": {"colsample_bytree": 0.6403314510080612, "eta": 0.01180917684029993, "gamma": 502.9366247690554, "max_depth": 4.0, "min_child_weight": 4466.978925997056, "num_boost_round": 61.0, "subsample": 0.5015078877204708}, "datetime": {"datetime": "2024-01-20 15:32:40", "elapsed": 4128.67222, "delta": 0.00389}}
{"target": -19.144608792019085, "params": {"colsample_bytree": 0.6403314510080612, "eta": 0.01180917684029993, "gamma": 502.9366247690554, "max_depth": 4.0, "min_child_weight": 4466.978925997056, "num_boost_round": 62.0, "subsample": 0.5015078877204708}, "datetime": {"datetime": "2024-01-20 15:32:40", "elapsed": 4128.676066, "delta": 0.003846}}
{"target": -19.144699175884725, "params": {"colsample_bytree": 0.6403314510080612, "eta": 0.01180917684029993, "gamma": 502.9366247690554, "max_depth": 4.0, "min_child_weight": 4466.978925997056, "num_boost_round": 63.0, "subsample": 0.5015078877204708}, "datetime": {"datetime": "2024-01-20 15:32:40", "elapsed": 4128.679801, "delta": 0.003735}}
{"target": -19.14480368248822, "params": {"colsample_bytree": 0.6403314510080612, "eta": 0.01180917684029993, "gamma": 502.9366247690554, "max_depth": 4.0, "min_child_weight": 4466.978925997056, "num_boost_round": 64.0, "subsample": 0.5015078877204708}, "datetime": {"datetime": "2024-01-20 15:32:40", "elapsed": 4128.683629, "delta": 0.003828}}
{"target": -19.144889401214336, "params": {"colsample_bytree": 0.6403314510080612, "eta": 0.01180917684029993, "gamma": 502.9366247690554, "max_depth": 4.0, "min_child_weight": 4466.978925997056, "num_boost_round": 65.0, "subsample": 0.5015078877204708}, "datetime": {"datetime": "2024-01-20 15:32:40", "elapsed": 4128.687428, "delta": 0.003799}}
{"target": -19.144913437155164, "params": {"colsample_bytree": 0.6403314510080612, "eta": 0.01180917684029993, "gamma": 502.9366247690554, "max_depth": 4.0, "min_child_weight": 4466.978925997056, "num_boost_round": 66.0, "subsample": 0.5015078877204708}, "datetime": {"datetime": "2024-01-20 15:32:40", "elapsed": 4128.691152, "delta": 0.003724}}
{"target": -19.144932333977454, "params": {"colsample_bytree": 0.6403314510080612, "eta": 0.01180917684029993, "gamma": 502.9366247690554, "max_depth": 4.0, "min_child_weight": 4466.978925997056, "num_boost_round": 67.0, "subsample": 0.5015078877204708}, "datetime": {"datetime": "2024-01-20 15:32:40", "elapsed": 4128.69497, "delta": 0.003818}}
{"target": -19.14496466795705, "params": {"colsample_bytree": 0.6403314510080612, "eta": 0.01180917684029993, "gamma": 502.9366247690554, "max_depth": 4.0, "min_child_weight": 4466.978925997056, "num_boost_round": 68.0, "subsample": 0.5015078877204708}, "datetime": {"datetime": "2024-01-20 15:32:40", "elapsed": 4128.698693, "delta": 0.003723}}
{"target": -19.145020607095404, "params": {"colsample_bytree": 0.6403314510080612, "eta": 0.01180917684029993, "gamma": 502.9366247690554, "max_depth": 4.0, "min_child_weight": 4466.978925997056, "num_boost_round": 69.0, "subsample": 0.5015078877204708}, "datetime": {"datetime": "2024-01-20 15:32:40", "elapsed": 4128.702448, "delta": 0.003755}}
{"target": -19.145085461439784, "params": {"colsample_bytree": 0.6403314510080612, "eta": 0.01180917684029993, "gamma": 502.9366247690554, "max_depth": 4.0, "min_child_weight": 4466.978925997056, "num_boost_round": 70.0, "subsample": 0.5015078877204708}, "datetime": {"datetime": "2024-01-20 15:32:40", "elapsed": 4128.706308, "delta": 0.00386}}
{"target": -19.145131535233485, "params": {"colsample_bytree": 0.6403314510080612, "eta": 0.01180917684029993, "gamma": 502.9366247690554, "max_depth": 4.0, "min_child_weight": 4466.978925997056, "num_boost_round": 71.0, "subsample": 0.5015078877204708}, "datetime": {"datetime": "2024-01-20 15:32:40", "elapsed": 4128.710026, "delta": 0.003718}}
{"target": -19.14518976899039, "params": {"colsample_bytree": 0.6403314510080612, "eta": 0.01180917684029993, "gamma": 502.9366247690554, "max_depth": 4.0, "min_child_weight": 4466.978925997056, "num_boost_round": 72.0, "subsample": 0.5015078877204708}, "datetime": {"datetime": "2024-01-20 15:32:40", "elapsed": 4128.713759, "delta": 0.003733}}
{"target": -19.145313237995843, "params": {"colsample_bytree": 0.6403314510080612, "eta": 0.01180917684029993, "gamma": 502.9366247690554, "max_depth": 4.0, "min_child_weight": 4466.978925997056, "num_boost_round": 73.0, "subsample": 0.5015078877204708}, "datetime": {"datetime": "2024-01-20 15:32:40", "elapsed": 4128.717622, "delta": 0.003863}}
{"target": -19.14545220691997, "params": {"colsample_bytree": 0.6403314510080612, "eta": 0.01180917684029993, "gamma": 502.9366247690554, "max_depth": 4.0, "min_child_weight": 4466.978925997056, "num_boost_round": 74.0, "subsample": 0.5015078877204708}, "datetime": {"datetime": "2024-01-20 15:32:40", "elapsed": 4128.721414, "delta": 0.003792}}
{"target": -19.145594193531696, "params": {"colsample_bytree": 0.6403314510080612, "eta": 0.01180917684029993, "gamma": 502.9366247690554, "max_depth": 4.0, "min_child_weight": 4466.978925997056, "num_boost_round": 75.0, "subsample": 0.5015078877204708}, "datetime": {"datetime": "2024-01-20 15:32:40", "elapsed": 4128.72519, "delta": 0.003776}}
{"target": -19.145565991586448, "params": {"colsample_bytree": 0.6403314510080612, "eta": 0.01180917684029993, "gamma": 502.9366247690554, "max_depth": 4.0, "min_child_weight": 4466.978925997056, "num_boost_round": 76.0, "subsample": 0.5015078877204708}, "datetime": {"datetime": "2024-01-20 15:32:40", "elapsed": 4128.729038, "delta": 0.003848}}
{"target": -19.14565507462251, "params": {"colsample_bytree": 0.6403314510080612, "eta": 0.01180917684029993, "gamma": 502.9366247690554, "max_depth": 4.0, "min_child_weight": 4466.978925997056, "num_boost_round": 77.0, "subsample": 0.5015078877204708}, "datetime": {"datetime": "2024-01-20 15:32:40", "elapsed": 4128.732769, "delta": 0.003731}}
{"target": -19.145833183052126, "params": {"colsample_bytree": 0.6403314510080612, "eta": 0.01180917684029993, "gamma": 502.9366247690554, "max_depth": 4.0, "min_child_weight": 4466.978925997056, "num_boost_round": 78.0, "subsample": 0.5015078877204708}, "datetime": {"datetime": "2024-01-20 15:32:40", "elapsed": 4128.736517, "delta": 0.003748}}
{"target": -19.145929499279077, "params": {"colsample_bytree": 0.6403314510080612, "eta": 0.01180917684029993, "gamma": 502.9366247690554, "max_depth": 4.0, "min_child_weight": 4466.978925997056, "num_boost_round": 79.0, "subsample": 0.5015078877204708}, "datetime": {"datetime": "2024-01-20 15:32:40", "elapsed": 4128.740299, "delta": 0.003782}}
{"target": -19.146003728632124, "params": {"colsample_bytree": 0.6403314510080612, "eta": 0.01180917684029993, "gamma": 502.9366247690554, "max_depth": 4.0, "min_child_weight": 4466.978925997056, "num_boost_round": 80.0, "subsample": 0.5015078877204708}, "datetime": {"datetime": "2024-01-20 15:32:40", "elapsed": 4128.744095, "delta": 0.003796}}
{"target": -19.1461075297963, "params": {"colsample_bytree": 0.6403314510080612, "eta": 0.01180917684029993, "gamma": 502.9366247690554, "max_depth": 4.0, "min_child_weight": 4466.978925997056, "num_boost_round": 81.0, "subsample": 0.5015078877204708}, "datetime": {"datetime": "2024-01-20 15:32:40", "elapsed": 4128.747915, "delta": 0.00382}}
{"target": -19.146159575480034, "params": {"colsample_bytree": 0.6403314510080612, "eta": 0.01180917684029993, "gamma": 502.9366247690554, "max_depth": 4.0, "min_child_weight": 4466.978925997056, "num_boost_round": 82.0, "subsample": 0.5015078877204708}, "datetime": {"datetime": "2024-01-20 15:32:40", "elapsed": 4128.751698, "delta": 0.003783}}
{"target": -19.146228000615785, "params": {"colsample_bytree": 0.6403314510080612, "eta": 0.01180917684029993, "gamma": 502.9366247690554, "max_depth": 4.0, "min_child_weight": 4466.978925997056, "num_boost_round": 83.0, "subsample": 0.5015078877204708}, "datetime": {"datetime": "2024-01-20 15:32:40", "elapsed": 4128.755474, "delta": 0.003776}}
{"target": -19.146258728247687, "params": {"colsample_bytree": 0.6403314510080612, "eta": 0.01180917684029993, "gamma": 502.9366247690554, "max_depth": 4.0, "min_child_weight": 4466.978925997056, "num_boost_round": 84.0, "subsample": 0.5015078877204708}, "datetime": {"datetime": "2024-01-20 15:32:40", "elapsed": 4128.759248, "delta": 0.003774}}
{"target": -19.146277355401843, "params": {"colsample_bytree": 0.6403314510080612, "eta": 0.01180917684029993, "gamma": 502.9366247690554, "max_depth": 4.0, "min_child_weight": 4466.978925997056, "num_boost_round": 85.0, "subsample": 0.5015078877204708}, "datetime": {"datetime": "2024-01-20 15:32:40", "elapsed": 4128.763158, "delta": 0.00391}}
{"target": -19.1462988211687, "params": {"colsample_bytree": 0.6403314510080612, "eta": 0.01180917684029993, "gamma": 502.9366247690554, "max_depth": 4.0, "min_child_weight": 4466.978925997056, "num_boost_round": 86.0, "subsample": 0.5015078877204708}, "datetime": {"datetime": "2024-01-20 15:32:40", "elapsed": 4128.767042, "delta": 0.003884}}
{"target": -19.14631834922043, "params": {"colsample_bytree": 0.6403314510080612, "eta": 0.01180917684029993, "gamma": 502.9366247690554, "max_depth": 4.0, "min_child_weight": 4466.978925997056, "num_boost_round": 87.0, "subsample": 0.5015078877204708}, "datetime": {"datetime": "2024-01-20 15:32:40", "elapsed": 4128.77091, "delta": 0.003868}}
{"target": -19.14634411625112, "params": {"colsample_bytree": 0.6403314510080612, "eta": 0.01180917684029993, "gamma": 502.9366247690554, "max_depth": 4.0, "min_child_weight": 4466.978925997056, "num_boost_round": 88.0, "subsample": 0.5015078877204708}, "datetime": {"datetime": "2024-01-20 15:32:40", "elapsed": 4128.774817, "delta": 0.003907}}
