{"target": -13.496999847113475, "params": {"colsample_bytree": 0.3005240987321335, "eta": 0.02418755832955081, "gamma": 829.3694636700362, "max_depth": 5.0, "min_child_weight": 4540.799102340764, "num_boost_round": 6.0, "subsample": 0.19481320464492585}, "datetime": {"datetime": "2024-01-20 15:13:51", "elapsed": 2984.654081, "delta": 0.004128}}
{"target": -13.496887665951622, "params": {"colsample_bytree": 0.3005240987321335, "eta": 0.02418755832955081, "gamma": 829.3694636700362, "max_depth": 5.0, "min_child_weight": 4540.799102340764, "num_boost_round": 7.0, "subsample": 0.19481320464492585}, "datetime": {"datetime": "2024-01-20 15:13:51", "elapsed": 2984.65827, "delta": 0.004189}}
{"target": -13.496782089852402, "params": {"colsample_bytree": 0.3005240987321335, "eta": 0.02418755832955081, "gamma": 829.3694636700362, "max_depth": 5.0, "min_child_weight": 4540.799102340764, "num_boost_round": 8.0, "subsample": 0.19481320464492585}, "datetime": {"datetime": "2024-01-20 15:13:51", "elapsed": 2984.662288, "delta": 0.004018}}
{"target": -13.496760791347278, "params": {"colsample_bytree": 0.3005240987321335, "eta": 0.02418755832955081, "gamma": 829.3694636700362, "max_depth": 5.0, "min_child_weight": 4540.799102340764, "num_boost_round": 9.0, "subsample": 0.19481320464492585}, "datetime": {"datetime": "2024-01-20 15:13:51", "elapsed": 2984.666316, "delta": 0.004028}}
{"target": -13.49666116990403, "params": {"colsample_bytree": 0.3005240987321335, "eta": 0.02418755832955081, "gamma": 829.3694636700362, "max_depth": 5.0, "min_child_weight": 4540.799102340764, "num_boost_round": 10.0, "subsample": 0.19481320464492585}, "datetime": {"datetime": "2024-01-20 15:13:51", "elapsed": 2984.670396, "delta": 0.00408}}
{"target": -13.496647270570474, "params": {"colsample_bytree": 0.3005240987321335, "eta": 0.02418755832955081, "gamma": 829.3694636700362, "max_depth": 5.0, "min_child_weight": 4540.799102340764, "num_boost_round": 11.0, "subsample": 0.19481320464492585}, "datetime": {"datetime": "2024-01-20 15:13:51", "elapsed": 2984.674621, "delta": 0.004225}}
{"target": -13.496486245589765, "params": {"colsample_bytree": 0.3005240987321335, "eta": 0.02418755832955081, "gamma": 829.3694636700362, "max_depth": 5.0, "min_child_weight": 4540.799102340764, "num_boost_round": 12.0, "subsample": 0.19481320464492585}, "datetime": {"datetime": "2024-01-20 15:13:51", "elapsed": 2984.678687, "delta": 0.004066}}
{"target": -13.496424377265637, "params": {"colsample_bytree": 0.3005240987321335, "eta": 0.02418755832955081, "gamma": 829.3694636700362, "max_depth": 5.0, "min_child_weight": 4540.799102340764, "num_boost_round": 13.0, "subsample": 0.19481320464492585}, "datetime": {"datetime": "2024-01-20 15:13:51", "elapsed": 2984.682709, "delta": 0.004022}}
{"target": -13.496257557381952, "params": {"colsample_bytree": 0.3005240987321335, "eta": 0.02418755832955081, "gamma": 829.3694636700362, "max_depth": 5.0, "min_child_weight": 4540.799102340764, "num_boost_round": 14.0, "subsample": 0.19481320464492585}, "datetime": {"datetime": "2024-01-20 15:13:51", "elapsed": 2984.68673, "delta": 0.004021}}
{"target": -13.496065427690375, "params": {"colsample_bytree": 0.3005240987321335, "eta": 0.02418755832955081, "gamma": 829.3694636700362, "max_depth": 5.0, "min_child_weight": 4540.799102340764, "num_boost_round": 15.0, "subsample": 0.19481320464492585}, "datetime": {"datetime": "2024-01-20 15:13:51", "elapsed": 2984.690878, "delta": 0.004148}}
{"target": -13.495951053619354, "params": {"colsample_bytree": 0.3005240987321335, "eta": 0.02418755832955081, "gamma": 829.3694636700362, "max_depth": 5.0, "min_child_weight": 4540.799102340764, "num_boost_round": 16.0, "subsample": 0.19481320464492585}, "datetime": {"datetime": "2024-01-20 15:13:51", "elapsed": 2984.695025, "delta": 0.004147}}
{"target": -13.495707180082164, "params": {"colsample_bytree": 0.3005240987321335, "eta": 0.02418755832955081, "gamma": 829.3694636700362, "max_depth": 5.0, "min_child_weight": 4540.799102340764, "num_boost_round": 17.0, "subsample": 0.19481320464492585}, "datetime": {"datetime": "2024-01-20 15:13:51", "elapsed": 2984.699056, "delta": 0.004031}}
{"target": -13.495594802237559, "params": {"colsample_bytree": 0.3005240987321335, "eta": 0.02418755832955081, "gamma": 829.3694636700362, "max_depth": 5.0, "min_child_weight": 4540.799102340764, "num_boost_round": 18.0, "subsample": 0.19481320464492585}, "datetime": {"datetime": "2024-01-20 15:13:51", "elapsed": 2984.703073, "delta": 0.004017}}
{"target": -13.495497342471838, "params": {"colsample_bytree": 0.3005240987321335, "eta": 0.02418755832955081, "gamma": 829.3694636700362, "max_depth": 5.0, "min_child_weight": 4540.799102340764, "num_boost_round": 19.0, "subsample": 0.19481320464492585}, "datetime": {"datetime": "2024-01-20 15:13:51", "elapsed": 2984.707173, "delta": 0.0041}}
{"target": -13.495346987812681, "params": {"colsample_bytree": 0.3005240987321335, "eta": 0.02418755832955081, "gamma": 829.3694636700362, "max_depth": 5.0, "min_child_weight": 4540.799102340764, "num_boost_round": 20.0, "subsample": 0.19481320464492585}, "datetime": {"datetime": "2024-01-20 15:13:51", "elapsed": 2984.711175, "delta": 0.004002}}
{"target": -13.495244866357222, "params": {"colsample_bytree": 0.3005240987321335, "eta": 0.02418755832955081, "gamma": 829.3694636700362, "max_depth": 5.0, "min_child_weight": 4540.799102340764, "num_boost_round": 21.0, "subsample": 0.19481320464492585}, "datetime": {"datetime": "2024-01-20 15:13:51", "elapsed": 2984.715377, "delta": 0.004202}}
{"target": -13.495152543363389, "params": {"colsample_bytree": 0.3005240987321335, "eta": 0.02418755832955081, "gamma": 829.3694636700362, "max_depth": 5.0, "min_child_weight": 4540.799102340764, "num_boost_round": 22.0, "subsample": 0.19481320464492585}, "datetime": {"datetime": "2024-01-20 15:13:51", "elapsed": 2984.719375, "delta": 0.003998}}
{"target": -13.495066589096293, "params": {"colsample_bytree": 0.3005240987321335, "eta": 0.02418755832955081, "gamma": 829.3694636700362, "max_depth": 5.0, "min_child_weight": 4540.799102340764, "num_boost_round": 23.0, "subsample": 0.19481320464492585}, "datetime": {"datetime": "2024-01-20 15:13:51", "elapsed": 2984.723505, "delta": 0.00413}}
{"target": -13.494975781053363, "params": {"colsample_bytree": 0.3005240987321335, "eta": 0.02418755832955081, "gamma": 829.3694636700362, "max_depth": 5.0, "min_child_weight": 4540.799102340764, "num_boost_round": 24.0, "subsample": 0.19481320464492585}, "datetime": {"datetime": "2024-01-20 15:13:51", "elapsed": 2984.727651, "delta": 0.004146}}
{"target": -13.494860058078558, "params": {"colsample_bytree": 0.3005240987321335, "eta": 0.02418755832955081, "gamma": 829.3694636700362, "max_depth": 5.0, "min_child_weight": 4540.799102340764, "num_boost_round": 25.0, "subsample": 0.19481320464492585}, "datetime": {"datetime": "2024-01-20 15:13:51", "elapsed": 2984.733189, "delta": 0.005538}}
{"target": -13.494672996508863, "params": {"colsample_bytree": 0.3005240987321335, "eta": 0.02418755832955081, "gamma": 829.3694636700362, "max_depth": 5.0, "min_child_weight": 4540.799102340764, "num_boost_round": 26.0, "subsample": 0.19481320464492585}, "datetime": {"datetime": "2024-01-20 15:13:51", "elapsed": 2984.739058, "delta": 0.005869}}
{"target": -13.494542920110655, "params": {"colsample_bytree": 0.3005240987321335, "eta": 0.02418755832955081, "gamma": 829.3694636700362, "max_depth": 5.0, "min_child_weight": 4540.799102340764, "num_boost_round": 27.0, "subsample": 0.19481320464492585}, "datetime": {"datetime": "2024-01-20 15:13:51", "elapsed": 2984.74406, "delta": 0.005002}}
{"target": -13.494448012371134, "params": {"colsample_bytree": 0.3005240987321335, "eta": 0.02418755832955081, "gamma": 829.3694636700362, "max_depth": 5.0, "min_child_weight": 4540.799102340764, "num_boost_round": 28.0, "subsample": 0.19481320464492585}, "datetime": {"datetime": "2024-01-20 15:13:51", "elapsed": 2984.748285, "delta": 0.004225}}
{"target": -13.494373224767381, "params": {"colsample_bytree": 0.3005240987321335, "eta": 0.02418755832955081, "gamma": 829.3694636700362, "max_depth": 5.0, "min_child_weight": 4540.799102340764, "num_boost_round": 29.0, "subsample": 0.19481320464492585}, "datetime": {"datetime": "2024-01-20 15:13:51", "elapsed": 2984.752439, "delta": 0.004154}}
{"target": -13.49434260653594, "params": {"colsample_bytree": 0.3005240987321335, "eta": 0.02418755832955081, "gamma": 829.3694636700362, "max_depth": 5.0, "min_child_weight": 4540.799102340764, "num_boost_round": 30.0, "subsample": 0.19481320464492585}, "datetime": {"datetime": "2024-01-20 15:13:51", "elapsed": 2984.756676, "delta": 0.004237}}
{"target": -13.494188762965102, "params": {"colsample_bytree": 0.3005240987321335, "eta": 0.02418755832955081, "gamma": 829.3694636700362, "max_depth": 5.0, "min_child_weight": 4540.799102340764, "num_boost_round": 31.0, "subsample": 0.19481320464492585}, "datetime": {"datetime": "2024-01-20 15:13:51", "elapsed": 2984.760852, "delta": 0.004176}}
{"target": -13.4941186880652, "params": {"colsample_bytree": 0.3005240987321335, "eta": 0.02418755832955081, "gamma": 829.3694636700362, "max_depth": 5.0, "min_child_weight": 4540.799102340764, "num_boost_round": 32.0, "subsample": 0.19481320464492585}, "datetime": {"datetime": "2024-01-20 15:13:51", "elapsed": 2984.764916, "delta": 0.004064}}
{"target": -13.494064875405622, "params": {"colsample_bytree": 0.3005240987321335, "eta": 0.02418755832955081, "gamma": 829.3694636700362, "max_depth": 5.0, "min_child_weight": 4540.799102340764, "num_boost_round": 33.0, "subsample": 0.19481320464492585}, "datetime": {"datetime": "2024-01-20 15:13:51", "elapsed": 2984.769, "delta": 0.004084}}
{"target": -13.494064879719634, "params": {"colsample_bytree": 0.3005240987321335, "eta": 0.02418755832955081, "gamma": 829.3694636700362, "max_depth": 5.0, "min_child_weight": 4540.799102340764, "num_boost_round": 34.0, "subsample": 0.19481320464492585}, "datetime": {"datetime": "2024-01-20 15:13:51", "elapsed": 2984.7732, "delta": 0.0042}}
{"target": -13.494020404735608, "params": {"colsample_bytree": 0.3005240987321335, "eta": 0.02418755832955081, "gamma": 829.3694636700362, "max_depth": 5.0, "min_child_weight": 4540.799102340764, "num_boost_round": 35.0, "subsample": 0.19481320464492585}, "datetime": {"datetime": "2024-01-20 15:13:51", "elapsed": 2984.777537, "delta": 0.004337}}
{"target": -13.493946268679416, "params": {"colsample_bytree": 0.3005240987321335, "eta": 0.02418755832955081, "gamma": 829.3694636700362, "max_depth": 5.0, "min_child_weight": 4540.799102340764, "num_boost_round": 36.0, "subsample": 0.19481320464492585}, "datetime": {"datetime": "2024-01-20 15:13:51", "elapsed": 2984.781724, "delta": 0.004187}}
{"target": -13.493886585179308, "params": {"colsample_bytree": 0.3005240987321335, "eta": 0.02418755832955081, "gamma": 829.3694636700362, "max_depth": 5.0, "min_child_weight": 4540.799102340764, "num_boost_round": 37.0, "subsample": 0.19481320464492585}, "datetime": {"datetime": "2024-01-20 15:13:51", "elapsed": 2984.785825, "delta": 0.004101}}
{"target": -13.493802919113683, "params": {"colsample_bytree": 0.3005240987321335, "eta": 0.02418755832955081, "gamma": 829.3694636700362, "max_depth": 5.0, "min_child_weight": 4540.799102340764, "num_boost_round": 38.0, "subsample": 0.19481320464492585}, "datetime": {"datetime": "2024-01-20 15:13:51", "elapsed": 2984.789905, "delta": 0.00408}}
{"target": -13.493786132761082, "params": {"colsample_bytree": 0.3005240987321335, "eta": 0.02418755832955081, "gamma": 829.3694636700362, "max_depth": 5.0, "min_child_weight": 4540.799102340764, "num_boost_round": 39.0, "subsample": 0.19481320464492585}, "datetime": {"datetime": "2024-01-20 15:13:51", "elapsed": 2984.794159, "delta": 0.004254}}
{"target": -13.493697539720795, "params": {"colsample_bytree": 0.3005240987321335, "eta": 0.02418755832955081, "gamma": 829.3694636700362, "max_depth": 5.0, "min_child_weight": 4540.799102340764, "num_boost_round": 40.0, "subsample": 0.19481320464492585}, "datetime": {"datetime": "2024-01-20 15:13:51", "elapsed": 2984.798425, "delta": 0.004266}}
{"target": -13.493637852491535, "params": {"colsample_bytree": 0.3005240987321335, "eta": 0.02418755832955081, "gamma": 829.3694636700362, "max_depth": 5.0, "min_child_weight": 4540.799102340764, "num_boost_round": 41.0, "subsample": 0.19481320464492585}, "datetime": {"datetime": "2024-01-20 15:13:51", "elapsed": 2984.802645, "delta": 0.00422}}
{"target": -13.493593705018315, "params": {"colsample_bytree": 0.3005240987321335, "eta": 0.02418755832955081, "gamma": 829.3694636700362, "max_depth": 5.0, "min_child_weight": 4540.799102340764, "num_boost_round": 42.0, "subsample": 0.19481320464492585}, "datetime": {"datetime": "2024-01-20 15:13:51", "elapsed": 2984.806731, "delta": 0.004086}}
{"target": -13.493624853311967, "params": {"colsample_bytree": 0.3005240987321335, "eta": 0.02418755832955081, "gamma": 829.3694636700362, "max_depth": 5.0, "min_child_weight": 4540.799102340764, "num_boost_round": 43.0, "subsample": 0.19481320464492585}, "datetime": {"datetime": "2024-01-20 15:13:51", "elapsed": 2984.810935, "delta": 0.004204}}
{"target": -13.493636278844074, "params": {"colsample_bytree": 0.3005240987321335, "eta": 0.02418755832955081, "gamma": 829.3694636700362, "max_depth": 5.0, "min_child_weight": 4540.799102340764, "num_boost_round": 44.0, "subsample": 0.19481320464492585}, "datetime": {"datetime": "2024-01-20 15:13:51", "elapsed": 2984.815163, "delta": 0.004228}}
{"target": -13.493588136940629, "params": {"colsample_bytree": 0.3005240987321335, "eta": 0.02418755832955081, "gamma": 829.3694636700362, "max_depth": 5.0, "min_child_weight": 4540.799102340764, "num_boost_round": 45.0, "subsample": 0.19481320464492585}, "datetime": {"datetime": "2024-01-20 15:13:51", "elapsed": 2984.81926, "delta": 0.004097}}
{"target": -13.493552468619175, "params": {"colsample_bytree": 0.3005240987321335, "eta": 0.02418755832955081, "gamma": 829.3694636700362, "max_depth": 5.0, "min_child_weight": 4540.799102340764, "num_boost_round": 46.0, "subsample": 0.19481320464492585}, "datetime": {"datetime": "2024-01-20 15:13:51", "elapsed": 2984.82332, "delta": 0.00406}}
{"target": -13.493447474378598, "params": {"colsample_bytree": 0.3005240987321335, "eta": 0.02418755832955081, "gamma": 829.3694636700362, "max_depth": 5.0, "min_child_weight": 4540.799102340764, "num_boost_round": 47.0, "subsample": 0.19481320464492585}, "datetime": {"datetime": "2024-01-20 15:13:51", "elapsed": 2984.827499, "delta": 0.004179}}
{"target": -13.493357186190714, "params": {"colsample_bytree": 0.3005240987321335, "eta": 0.02418755832955081, "gamma": 829.3694636700362, "max_depth": 5.0, "min_child_weight": 4540.799102340764, "num_boost_round": 48.0, "subsample": 0.19481320464492585}, "datetime": {"datetime": "2024-01-20 15:13:51", "elapsed": 2984.831567, "delta": 0.004068}}
{"target": -13.493336207742733, "params": {"colsample_bytree": 0.3005240987321335, "eta": 0.02418755832955081, "gamma": 829.3694636700362, "max_depth": 5.0, "min_child_weight": 4540.799102340764, "num_boost_round": 49.0, "subsample": 0.19481320464492585}, "datetime": {"datetime": "2024-01-20 15:13:51", "elapsed": 2984.835877, "delta": 0.00431}}
{"target": -13.493353429930885, "params": {"colsample_bytree": 0.3005240987321335, "eta": 0.02418755832955081, "gamma": 829.3694636700362, "max_depth": 5.0, "min_child_weight": 4540.799102340764, "num_boost_round": 50.0, "subsample": 0.19481320464492585}, "datetime": {"datetime": "2024-01-20 15:13:51", "elapsed": 2984.840099, "delta": 0.004222}}
{"target": -13.493316441656741, "params": {"colsample_bytree": 0.3005240987321335, "eta": 0.02418755832955081, "gamma": 829.3694636700362, "max_depth": 5.0, "min_child_weight": 4540.799102340764, "num_boost_round": 51.0, "subsample": 0.19481320464492585}, "datetime": {"datetime": "2024-01-20 15:13:51", "elapsed": 2984.844372, "delta": 0.004273}}
{"target": -13.493312367323956, "params": {"colsample_bytree": 0.3005240987321335, "eta": 0.02418755832955081, "gamma": 829.3694636700362, "max_depth": 5.0, "min_child_weight": 4540.799102340764, "num_boost_round": 52.0, "subsample": 0.19481320464492585}, "datetime": {"datetime": "2024-01-20 15:13:51", "elapsed": 2984.848423, "delta": 0.004051}}
{"target": -13.493289751756116, "params": {"colsample_bytree": 0.3005240987321335, "eta": 0.02418755832955081, "gamma": 829.3694636700362, "max_depth": 5.0, "min_child_weight": 4540.799102340764, "num_boost_round": 53.0, "subsample": 0.19481320464492585}, "datetime": {"datetime": "2024-01-20 15:13:51", "elapsed": 2984.852618, "delta": 0.004195}}
{"target": -13.493240308028867, "params": {"colsample_bytree": 0.3005240987321335, "eta": 0.02418755832955081, "gamma": 829.3694636700362, "max_depth": 5.0, "min_child_weight": 4540.799102340764, "num_boost_round": 54.0, "subsample": 0.19481320464492585}, "datetime": {"datetime": "2024-01-20 15:13:51", "elapsed": 2984.856747, "delta": 0.004129}}
{"target": -13.493177699225132, "params": {"colsample_bytree": 0.3005240987321335, "eta": 0.02418755832955081, "gamma": 829.3694636700362, "max_depth": 5.0, "min_child_weight": 4540.799102340764, "num_boost_round": 55.0, "subsample": 0.19481320464492585}, "datetime": {"datetime": "2024-01-20 15:13:51", "elapsed": 2984.860943, "delta": 0.004196}}
{"target": -13.493180375119392, "params": {"colsample_bytree": 0.3005240987321335, "eta": 0.02418755832955081, "gamma": 829.3694636700362, "max_depth": 5.0, "min_child_weight": 4540.799102340764, "num_boost_round": 56.0, "subsample": 0.19481320464492585}, "datetime": {"datetime": "2024-01-20 15:13:51", "elapsed": 2984.865127, "delta": 0.004184}}
{"target": -13.493132497801042, "params": {"colsample_bytree": 0.3005240987321335, "eta": 0.02418755832955081, "gamma": 829.3694636700362, "max_depth": 5.0, "min_child_weight": 4540.799102340764, "num_boost_round": 57.0, "subsample": 0.19481320464492585}, "datetime": {"datetime": "2024-01-20 15:13:51", "elapsed": 2984.869205, "delta": 0.004078}}
{"target": -13.493078870627116, "params": {"colsample_bytree": 0.3005240987321335, "eta": 0.02418755832955081, "gamma": 829.3694636700362, "max_depth": 5.0, "min_child_weight": 4540.799102340764, "num_boost_round": 58.0, "subsample": 0.19481320464492585}, "datetime": {"datetime": "2024-01-20 15:13:51", "elapsed": 2984.873391, "delta": 0.004186}}
{"target": -13.497655480722955, "params": {"colsample_bytree": 0.23121526099021936, "eta": 0.06018067129712099, "gamma": 823.266885247951, "max_depth": 8.0, "min_child_weight": 4500.494926196449, "num_boost_round": 1.0, "subsample": 0.8926990213860359}, "datetime": {"datetime": "2024-01-20 15:15:36", "elapsed": 3089.85297, "delta": 104.979579}}
{"target": -13.497225128348354, "params": {"colsample_bytree": 0.23121526099021936, "eta": 0.06018067129712099, "gamma": 823.266885247951, "max_depth": 8.0, "min_child_weight": 4500.494926196449, "num_boost_round": 2.0, "subsample": 0.8926990213860359}, "datetime": {"datetime": "2024-01-20 15:15:36", "elapsed": 3089.858039, "delta": 0.005069}}
{"target": -13.497043675049817, "params": {"colsample_bytree": 0.23121526099021936, "eta": 0.06018067129712099, "gamma": 823.266885247951, "max_depth": 8.0, "min_child_weight": 4500.494926196449, "num_boost_round": 3.0, "subsample": 0.8926990213860359}, "datetime": {"datetime": "2024-01-20 15:15:36", "elapsed": 3089.862384, "delta": 0.004345}}
{"target": -13.497054059142643, "params": {"colsample_bytree": 0.23121526099021936, "eta": 0.06018067129712099, "gamma": 823.266885247951, "max_depth": 8.0, "min_child_weight": 4500.494926196449, "num_boost_round": 4.0, "subsample": 0.8926990213860359}, "datetime": {"datetime": "2024-01-20 15:15:36", "elapsed": 3089.866636, "delta": 0.004252}}
{"target": -13.497030601170309, "params": {"colsample_bytree": 0.23121526099021936, "eta": 0.06018067129712099, "gamma": 823.266885247951, "max_depth": 8.0, "min_child_weight": 4500.494926196449, "num_boost_round": 5.0, "subsample": 0.8926990213860359}, "datetime": {"datetime": "2024-01-20 15:15:36", "elapsed": 3089.870859, "delta": 0.004223}}
{"target": -13.497048696239698, "params": {"colsample_bytree": 0.23121526099021936, "eta": 0.06018067129712099, "gamma": 823.266885247951, "max_depth": 8.0, "min_child_weight": 4500.494926196449, "num_boost_round": 6.0, "subsample": 0.8926990213860359}, "datetime": {"datetime": "2024-01-20 15:15:36", "elapsed": 3089.875117, "delta": 0.004258}}
{"target": -13.496943822276565, "params": {"colsample_bytree": 0.23121526099021936, "eta": 0.06018067129712099, "gamma": 823.266885247951, "max_depth": 8.0, "min_child_weight": 4500.494926196449, "num_boost_round": 7.0, "subsample": 0.8926990213860359}, "datetime": {"datetime": "2024-01-20 15:15:36", "elapsed": 3089.879202, "delta": 0.004085}}
{"target": -13.496823171942374, "params": {"colsample_bytree": 0.23121526099021936, "eta": 0.06018067129712099, "gamma": 823.266885247951, "max_depth": 8.0, "min_child_weight": 4500.494926196449, "num_boost_round": 8.0, "subsample": 0.8926990213860359}, "datetime": {"datetime": "2024-01-20 15:15:36", "elapsed": 3089.883309, "delta": 0.004107}}
{"target": -13.496880809525022, "params": {"colsample_bytree": 0.23121526099021936, "eta": 0.06018067129712099, "gamma": 823.266885247951, "max_depth": 8.0, "min_child_weight": 4500.494926196449, "num_boost_round": 9.0, "subsample": 0.8926990213860359}, "datetime": {"datetime": "2024-01-20 15:15:36", "elapsed": 3089.887648, "delta": 0.004339}}
{"target": -13.496524008346615, "params": {"colsample_bytree": 0.23121526099021936, "eta": 0.06018067129712099, "gamma": 823.266885247951, "max_depth": 8.0, "min_child_weight": 4500.494926196449, "num_boost_round": 10.0, "subsample": 0.8926990213860359}, "datetime": {"datetime": "2024-01-20 15:15:36", "elapsed": 3089.891729, "delta": 0.004081}}
