{"target": -10.474653161492437, "params": {"colsample_bytree": 0.7957455823305173, "eta": 0.09642783086743233, "gamma": 556.9120738247706, "max_depth": 6.0, "min_child_weight": 2423.257063318023, "num_boost_round": 1.0, "subsample": 0.2743290656860463}, "datetime": {"datetime": "2024-01-20 14:26:46", "elapsed": 3698.575513, "delta": 62.527698}}
{"target": -10.473978012097877, "params": {"colsample_bytree": 0.7957455823305173, "eta": 0.09642783086743233, "gamma": 556.9120738247706, "max_depth": 6.0, "min_child_weight": 2423.257063318023, "num_boost_round": 2.0, "subsample": 0.2743290656860463}, "datetime": {"datetime": "2024-01-20 14:26:46", "elapsed": 3698.589641, "delta": 0.014128}}
{"target": -10.473801446263915, "params": {"colsample_bytree": 0.7957455823305173, "eta": 0.09642783086743233, "gamma": 556.9120738247706, "max_depth": 6.0, "min_child_weight": 2423.257063318023, "num_boost_round": 3.0, "subsample": 0.2743290656860463}, "datetime": {"datetime": "2024-01-20 14:26:46", "elapsed": 3698.593485, "delta": 0.003844}}
{"target": -10.47357203524814, "params": {"colsample_bytree": 0.7957455823305173, "eta": 0.09642783086743233, "gamma": 556.9120738247706, "max_depth": 6.0, "min_child_weight": 2423.257063318023, "num_boost_round": 4.0, "subsample": 0.2743290656860463}, "datetime": {"datetime": "2024-01-20 14:26:46", "elapsed": 3698.597288, "delta": 0.003803}}
{"target": -10.473571080756898, "params": {"colsample_bytree": 0.7957455823305173, "eta": 0.09642783086743233, "gamma": 556.9120738247706, "max_depth": 6.0, "min_child_weight": 2423.257063318023, "num_boost_round": 5.0, "subsample": 0.2743290656860463}, "datetime": {"datetime": "2024-01-20 14:26:46", "elapsed": 3698.600796, "delta": 0.003508}}
{"target": -10.473291181517485, "params": {"colsample_bytree": 0.7957455823305173, "eta": 0.09642783086743233, "gamma": 556.9120738247706, "max_depth": 6.0, "min_child_weight": 2423.257063318023, "num_boost_round": 6.0, "subsample": 0.2743290656860463}, "datetime": {"datetime": "2024-01-20 14:26:46", "elapsed": 3698.604373, "delta": 0.003577}}
{"target": -10.473354921055606, "params": {"colsample_bytree": 0.7957455823305173, "eta": 0.09642783086743233, "gamma": 556.9120738247706, "max_depth": 6.0, "min_child_weight": 2423.257063318023, "num_boost_round": 7.0, "subsample": 0.2743290656860463}, "datetime": {"datetime": "2024-01-20 14:26:46", "elapsed": 3698.607909, "delta": 0.003536}}
{"target": -10.473283100701892, "params": {"colsample_bytree": 0.7957455823305173, "eta": 0.09642783086743233, "gamma": 556.9120738247706, "max_depth": 6.0, "min_child_weight": 2423.257063318023, "num_boost_round": 8.0, "subsample": 0.2743290656860463}, "datetime": {"datetime": "2024-01-20 14:26:46", "elapsed": 3698.611601, "delta": 0.003692}}
{"target": -10.473542153971035, "params": {"colsample_bytree": 0.7957455823305173, "eta": 0.09642783086743233, "gamma": 556.9120738247706, "max_depth": 6.0, "min_child_weight": 2423.257063318023, "num_boost_round": 9.0, "subsample": 0.2743290656860463}, "datetime": {"datetime": "2024-01-20 14:26:46", "elapsed": 3698.615213, "delta": 0.003612}}
{"target": -10.473925842450617, "params": {"colsample_bytree": 0.7957455823305173, "eta": 0.09642783086743233, "gamma": 556.9120738247706, "max_depth": 6.0, "min_child_weight": 2423.257063318023, "num_boost_round": 10.0, "subsample": 0.2743290656860463}, "datetime": {"datetime": "2024-01-20 14:26:46", "elapsed": 3698.618971, "delta": 0.003758}}
{"target": -10.47458980527759, "params": {"colsample_bytree": 0.7957455823305173, "eta": 0.09642783086743233, "gamma": 556.9120738247706, "max_depth": 6.0, "min_child_weight": 2423.257063318023, "num_boost_round": 11.0, "subsample": 0.2743290656860463}, "datetime": {"datetime": "2024-01-20 14:26:46", "elapsed": 3698.622604, "delta": 0.003633}}
{"target": -10.47524862859629, "params": {"colsample_bytree": 0.7957455823305173, "eta": 0.09642783086743233, "gamma": 556.9120738247706, "max_depth": 6.0, "min_child_weight": 2423.257063318023, "num_boost_round": 12.0, "subsample": 0.2743290656860463}, "datetime": {"datetime": "2024-01-20 14:26:46", "elapsed": 3698.626151, "delta": 0.003547}}
{"target": -10.475666252246604, "params": {"colsample_bytree": 0.7957455823305173, "eta": 0.09642783086743233, "gamma": 556.9120738247706, "max_depth": 6.0, "min_child_weight": 2423.257063318023, "num_boost_round": 13.0, "subsample": 0.2743290656860463}, "datetime": {"datetime": "2024-01-20 14:26:46", "elapsed": 3698.629902, "delta": 0.003751}}
{"target": -10.476140509133414, "params": {"colsample_bytree": 0.7957455823305173, "eta": 0.09642783086743233, "gamma": 556.9120738247706, "max_depth": 6.0, "min_child_weight": 2423.257063318023, "num_boost_round": 14.0, "subsample": 0.2743290656860463}, "datetime": {"datetime": "2024-01-20 14:26:46", "elapsed": 3698.633455, "delta": 0.003553}}
{"target": -10.476759143650469, "params": {"colsample_bytree": 0.7957455823305173, "eta": 0.09642783086743233, "gamma": 556.9120738247706, "max_depth": 6.0, "min_child_weight": 2423.257063318023, "num_boost_round": 15.0, "subsample": 0.2743290656860463}, "datetime": {"datetime": "2024-01-20 14:26:46", "elapsed": 3698.637132, "delta": 0.003677}}
{"target": -10.477258914312678, "params": {"colsample_bytree": 0.7957455823305173, "eta": 0.09642783086743233, "gamma": 556.9120738247706, "max_depth": 6.0, "min_child_weight": 2423.257063318023, "num_boost_round": 16.0, "subsample": 0.2743290656860463}, "datetime": {"datetime": "2024-01-20 14:26:46", "elapsed": 3698.640737, "delta": 0.003605}}
{"target": -10.477955248057796, "params": {"colsample_bytree": 0.7957455823305173, "eta": 0.09642783086743233, "gamma": 556.9120738247706, "max_depth": 6.0, "min_child_weight": 2423.257063318023, "num_boost_round": 17.0, "subsample": 0.2743290656860463}, "datetime": {"datetime": "2024-01-20 14:26:46", "elapsed": 3698.644336, "delta": 0.003599}}
{"target": -10.478580709038376, "params": {"colsample_bytree": 0.7957455823305173, "eta": 0.09642783086743233, "gamma": 556.9120738247706, "max_depth": 6.0, "min_child_weight": 2423.257063318023, "num_boost_round": 18.0, "subsample": 0.2743290656860463}, "datetime": {"datetime": "2024-01-20 14:26:46", "elapsed": 3698.647868, "delta": 0.003532}}
{"target": -10.478517136597496, "params": {"colsample_bytree": 0.7957455823305173, "eta": 0.09642783086743233, "gamma": 556.9120738247706, "max_depth": 6.0, "min_child_weight": 2423.257063318023, "num_boost_round": 19.0, "subsample": 0.2743290656860463}, "datetime": {"datetime": "2024-01-20 14:26:46", "elapsed": 3698.651441, "delta": 0.003573}}
{"target": -10.476486382013299, "params": {"colsample_bytree": 0.11676145130556102, "eta": 0.06429501387215673, "gamma": 769.736923062152, "max_depth": 8.0, "min_child_weight": 1954.2656119226397, "num_boost_round": 1.0, "subsample": 0.6896281444861887}, "datetime": {"datetime": "2024-01-20 14:27:29", "elapsed": 3741.79993, "delta": 43.148489}}
{"target": -10.476376445136339, "params": {"colsample_bytree": 0.11676145130556102, "eta": 0.06429501387215673, "gamma": 769.736923062152, "max_depth": 8.0, "min_child_weight": 1954.2656119226397, "num_boost_round": 2.0, "subsample": 0.6896281444861887}, "datetime": {"datetime": "2024-01-20 14:27:29", "elapsed": 3741.804241, "delta": 0.004311}}
{"target": -10.476665144122997, "params": {"colsample_bytree": 0.11676145130556102, "eta": 0.06429501387215673, "gamma": 769.736923062152, "max_depth": 8.0, "min_child_weight": 1954.2656119226397, "num_boost_round": 3.0, "subsample": 0.6896281444861887}, "datetime": {"datetime": "2024-01-20 14:27:29", "elapsed": 3741.808248, "delta": 0.004007}}
{"target": -10.477281969916888, "params": {"colsample_bytree": 0.11676145130556102, "eta": 0.06429501387215673, "gamma": 769.736923062152, "max_depth": 8.0, "min_child_weight": 1954.2656119226397, "num_boost_round": 4.0, "subsample": 0.6896281444861887}, "datetime": {"datetime": "2024-01-20 14:27:29", "elapsed": 3741.811988, "delta": 0.00374}}
{"target": -10.477538680623425, "params": {"colsample_bytree": 0.11676145130556102, "eta": 0.06429501387215673, "gamma": 769.736923062152, "max_depth": 8.0, "min_child_weight": 1954.2656119226397, "num_boost_round": 5.0, "subsample": 0.6896281444861887}, "datetime": {"datetime": "2024-01-20 14:27:29", "elapsed": 3741.815531, "delta": 0.003543}}
{"target": -10.47802262478376, "params": {"colsample_bytree": 0.11676145130556102, "eta": 0.06429501387215673, "gamma": 769.736923062152, "max_depth": 8.0, "min_child_weight": 1954.2656119226397, "num_boost_round": 6.0, "subsample": 0.6896281444861887}, "datetime": {"datetime": "2024-01-20 14:27:29", "elapsed": 3741.81929, "delta": 0.003759}}
{"target": -10.478368008637442, "params": {"colsample_bytree": 0.11676145130556102, "eta": 0.06429501387215673, "gamma": 769.736923062152, "max_depth": 8.0, "min_child_weight": 1954.2656119226397, "num_boost_round": 7.0, "subsample": 0.6896281444861887}, "datetime": {"datetime": "2024-01-20 14:27:29", "elapsed": 3741.822845, "delta": 0.003555}}
{"target": -10.478192218734272, "params": {"colsample_bytree": 0.11676145130556102, "eta": 0.06429501387215673, "gamma": 769.736923062152, "max_depth": 8.0, "min_child_weight": 1954.2656119226397, "num_boost_round": 8.0, "subsample": 0.6896281444861887}, "datetime": {"datetime": "2024-01-20 14:27:29", "elapsed": 3741.826443, "delta": 0.003598}}
{"target": -10.477962270820061, "params": {"colsample_bytree": 0.11676145130556102, "eta": 0.06429501387215673, "gamma": 769.736923062152, "max_depth": 8.0, "min_child_weight": 1954.2656119226397, "num_boost_round": 9.0, "subsample": 0.6896281444861887}, "datetime": {"datetime": "2024-01-20 14:27:29", "elapsed": 3741.830105, "delta": 0.003662}}
{"target": -10.478952093024942, "params": {"colsample_bytree": 0.11676145130556102, "eta": 0.06429501387215673, "gamma": 769.736923062152, "max_depth": 8.0, "min_child_weight": 1954.2656119226397, "num_boost_round": 10.0, "subsample": 0.6896281444861887}, "datetime": {"datetime": "2024-01-20 14:27:29", "elapsed": 3741.833656, "delta": 0.003551}}
{"target": -10.479515713108944, "params": {"colsample_bytree": 0.11676145130556102, "eta": 0.06429501387215673, "gamma": 769.736923062152, "max_depth": 8.0, "min_child_weight": 1954.2656119226397, "num_boost_round": 11.0, "subsample": 0.6896281444861887}, "datetime": {"datetime": "2024-01-20 14:27:29", "elapsed": 3741.83726, "delta": 0.003604}}
{"target": -10.476033388010567, "params": {"colsample_bytree": 0.34667049886366735, "eta": 0.03270461457362658, "gamma": 757.5067678864291, "max_depth": 2.0, "min_child_weight": 2261.668650431534, "num_boost_round": 1.0, "subsample": 0.41062572243352524}, "datetime": {"datetime": "2024-01-20 14:28:36", "elapsed": 3808.893548, "delta": 67.056288}}
{"target": -10.475978984200585, "params": {"colsample_bytree": 0.34667049886366735, "eta": 0.03270461457362658, "gamma": 757.5067678864291, "max_depth": 2.0, "min_child_weight": 2261.668650431534, "num_boost_round": 2.0, "subsample": 0.41062572243352524}, "datetime": {"datetime": "2024-01-20 14:28:36", "elapsed": 3808.902746, "delta": 0.009198}}
{"target": -10.476002724680914, "params": {"colsample_bytree": 0.34667049886366735, "eta": 0.03270461457362658, "gamma": 757.5067678864291, "max_depth": 2.0, "min_child_weight": 2261.668650431534, "num_boost_round": 3.0, "subsample": 0.41062572243352524}, "datetime": {"datetime": "2024-01-20 14:28:36", "elapsed": 3808.906521, "delta": 0.003775}}
{"target": -10.47576581348979, "params": {"colsample_bytree": 0.34667049886366735, "eta": 0.03270461457362658, "gamma": 757.5067678864291, "max_depth": 2.0, "min_child_weight": 2261.668650431534, "num_boost_round": 4.0, "subsample": 0.41062572243352524}, "datetime": {"datetime": "2024-01-20 14:28:36", "elapsed": 3808.91026, "delta": 0.003739}}
{"target": -10.47567880591188, "params": {"colsample_bytree": 0.34667049886366735, "eta": 0.03270461457362658, "gamma": 757.5067678864291, "max_depth": 2.0, "min_child_weight": 2261.668650431534, "num_boost_round": 5.0, "subsample": 0.41062572243352524}, "datetime": {"datetime": "2024-01-20 14:28:36", "elapsed": 3808.913902, "delta": 0.003642}}
{"target": -10.475784472366112, "params": {"colsample_bytree": 0.34667049886366735, "eta": 0.03270461457362658, "gamma": 757.5067678864291, "max_depth": 2.0, "min_child_weight": 2261.668650431534, "num_boost_round": 6.0, "subsample": 0.41062572243352524}, "datetime": {"datetime": "2024-01-20 14:28:36", "elapsed": 3808.917853, "delta": 0.003951}}
{"target": -10.475824045369466, "params": {"colsample_bytree": 0.34667049886366735, "eta": 0.03270461457362658, "gamma": 757.5067678864291, "max_depth": 2.0, "min_child_weight": 2261.668650431534, "num_boost_round": 7.0, "subsample": 0.41062572243352524}, "datetime": {"datetime": "2024-01-20 14:28:36", "elapsed": 3808.921499, "delta": 0.003646}}
{"target": -10.475850419686543, "params": {"colsample_bytree": 0.34667049886366735, "eta": 0.03270461457362658, "gamma": 757.5067678864291, "max_depth": 2.0, "min_child_weight": 2261.668650431534, "num_boost_round": 8.0, "subsample": 0.41062572243352524}, "datetime": {"datetime": "2024-01-20 14:28:36", "elapsed": 3808.925102, "delta": 0.003603}}
{"target": -10.47608732202754, "params": {"colsample_bytree": 0.5575135402280382, "eta": 0.01370948469699468, "gamma": 624.3751504503031, "max_depth": 5.0, "min_child_weight": 2248.743379135912, "num_boost_round": 1.0, "subsample": 0.9172586488900665}, "datetime": {"datetime": "2024-01-20 14:29:22", "elapsed": 3854.456355, "delta": 45.531253}}
{"target": -10.47592125245248, "params": {"colsample_bytree": 0.5575135402280382, "eta": 0.01370948469699468, "gamma": 624.3751504503031, "max_depth": 5.0, "min_child_weight": 2248.743379135912, "num_boost_round": 2.0, "subsample": 0.9172586488900665}, "datetime": {"datetime": "2024-01-20 14:29:22", "elapsed": 3854.461478, "delta": 0.005123}}
{"target": -10.475908615857168, "params": {"colsample_bytree": 0.5575135402280382, "eta": 0.01370948469699468, "gamma": 624.3751504503031, "max_depth": 5.0, "min_child_weight": 2248.743379135912, "num_boost_round": 3.0, "subsample": 0.9172586488900665}, "datetime": {"datetime": "2024-01-20 14:29:22", "elapsed": 3854.465848, "delta": 0.00437}}
{"target": -10.475819199797957, "params": {"colsample_bytree": 0.5575135402280382, "eta": 0.01370948469699468, "gamma": 624.3751504503031, "max_depth": 5.0, "min_child_weight": 2248.743379135912, "num_boost_round": 4.0, "subsample": 0.9172586488900665}, "datetime": {"datetime": "2024-01-20 14:29:22", "elapsed": 3854.4701, "delta": 0.004252}}
{"target": -10.475574328134138, "params": {"colsample_bytree": 0.8567671782399846, "eta": 0.056848641111326176, "gamma": 724.5090753660073, "max_depth": 6.0, "min_child_weight": 1853.3125751520813, "num_boost_round": 1.0, "subsample": 0.683684947131406}, "datetime": {"datetime": "2024-01-20 14:30:24", "elapsed": 3916.928281, "delta": 62.458181}}
{"target": -10.475133764729765, "params": {"colsample_bytree": 0.8567671782399846, "eta": 0.056848641111326176, "gamma": 724.5090753660073, "max_depth": 6.0, "min_child_weight": 1853.3125751520813, "num_boost_round": 2.0, "subsample": 0.683684947131406}, "datetime": {"datetime": "2024-01-20 14:30:24", "elapsed": 3916.932936, "delta": 0.004655}}
{"target": -10.475549226951333, "params": {"colsample_bytree": 0.8567671782399846, "eta": 0.056848641111326176, "gamma": 724.5090753660073, "max_depth": 6.0, "min_child_weight": 1853.3125751520813, "num_boost_round": 3.0, "subsample": 0.683684947131406}, "datetime": {"datetime": "2024-01-20 14:30:24", "elapsed": 3916.936509, "delta": 0.003573}}
{"target": -10.47512393325135, "params": {"colsample_bytree": 0.8567671782399846, "eta": 0.056848641111326176, "gamma": 724.5090753660073, "max_depth": 6.0, "min_child_weight": 1853.3125751520813, "num_boost_round": 4.0, "subsample": 0.683684947131406}, "datetime": {"datetime": "2024-01-20 14:30:24", "elapsed": 3916.94007, "delta": 0.003561}}
{"target": -10.475437983854206, "params": {"colsample_bytree": 0.8567671782399846, "eta": 0.056848641111326176, "gamma": 724.5090753660073, "max_depth": 6.0, "min_child_weight": 1853.3125751520813, "num_boost_round": 5.0, "subsample": 0.683684947131406}, "datetime": {"datetime": "2024-01-20 14:30:24", "elapsed": 3916.943559, "delta": 0.003489}}
{"target": -10.47585756844132, "params": {"colsample_bytree": 0.5720324843334953, "eta": 0.05219352204524387, "gamma": 754.6646427519332, "max_depth": 7.0, "min_child_weight": 1796.637590921135, "num_boost_round": 1.0, "subsample": 0.9271797009889207}, "datetime": {"datetime": "2024-01-20 14:31:23", "elapsed": 3975.67925, "delta": 58.735691}}
{"target": -10.475283732600126, "params": {"colsample_bytree": 0.5720324843334953, "eta": 0.05219352204524387, "gamma": 754.6646427519332, "max_depth": 7.0, "min_child_weight": 1796.637590921135, "num_boost_round": 2.0, "subsample": 0.9271797009889207}, "datetime": {"datetime": "2024-01-20 14:31:23", "elapsed": 3975.684395, "delta": 0.005145}}
{"target": -10.475169721515561, "params": {"colsample_bytree": 0.5720324843334953, "eta": 0.05219352204524387, "gamma": 754.6646427519332, "max_depth": 7.0, "min_child_weight": 1796.637590921135, "num_boost_round": 3.0, "subsample": 0.9271797009889207}, "datetime": {"datetime": "2024-01-20 14:31:23", "elapsed": 3975.688136, "delta": 0.003741}}
{"target": -10.475013208402554, "params": {"colsample_bytree": 0.5720324843334953, "eta": 0.05219352204524387, "gamma": 754.6646427519332, "max_depth": 7.0, "min_child_weight": 1796.637590921135, "num_boost_round": 4.0, "subsample": 0.9271797009889207}, "datetime": {"datetime": "2024-01-20 14:31:23", "elapsed": 3975.691895, "delta": 0.003759}}
{"target": -10.474801960679766, "params": {"colsample_bytree": 0.5720324843334953, "eta": 0.05219352204524387, "gamma": 754.6646427519332, "max_depth": 7.0, "min_child_weight": 1796.637590921135, "num_boost_round": 5.0, "subsample": 0.9271797009889207}, "datetime": {"datetime": "2024-01-20 14:31:23", "elapsed": 3975.69545, "delta": 0.003555}}
{"target": -10.475467105607489, "params": {"colsample_bytree": 0.5720324843334953, "eta": 0.05219352204524387, "gamma": 754.6646427519332, "max_depth": 7.0, "min_child_weight": 1796.637590921135, "num_boost_round": 6.0, "subsample": 0.9271797009889207}, "datetime": {"datetime": "2024-01-20 14:31:23", "elapsed": 3975.699159, "delta": 0.003709}}
{"target": -10.475557282384393, "params": {"colsample_bytree": 0.5720324843334953, "eta": 0.05219352204524387, "gamma": 754.6646427519332, "max_depth": 7.0, "min_child_weight": 1796.637590921135, "num_boost_round": 7.0, "subsample": 0.9271797009889207}, "datetime": {"datetime": "2024-01-20 14:31:23", "elapsed": 3975.702724, "delta": 0.003565}}
{"target": -10.47550381342945, "params": {"colsample_bytree": 0.5720324843334953, "eta": 0.05219352204524387, "gamma": 754.6646427519332, "max_depth": 7.0, "min_child_weight": 1796.637590921135, "num_boost_round": 8.0, "subsample": 0.9271797009889207}, "datetime": {"datetime": "2024-01-20 14:31:23", "elapsed": 3975.706296, "delta": 0.003572}}
{"target": -10.476091461844408, "params": {"colsample_bytree": 0.5720324843334953, "eta": 0.05219352204524387, "gamma": 754.6646427519332, "max_depth": 7.0, "min_child_weight": 1796.637590921135, "num_boost_round": 9.0, "subsample": 0.9271797009889207}, "datetime": {"datetime": "2024-01-20 14:31:23", "elapsed": 3975.709963, "delta": 0.003667}}
{"target": -10.476759215280904, "params": {"colsample_bytree": 0.5720324843334953, "eta": 0.05219352204524387, "gamma": 754.6646427519332, "max_depth": 7.0, "min_child_weight": 1796.637590921135, "num_boost_round": 10.0, "subsample": 0.9271797009889207}, "datetime": {"datetime": "2024-01-20 14:31:23", "elapsed": 3975.713642, "delta": 0.003679}}
{"target": -10.477046579982472, "params": {"colsample_bytree": 0.5720324843334953, "eta": 0.05219352204524387, "gamma": 754.6646427519332, "max_depth": 7.0, "min_child_weight": 1796.637590921135, "num_boost_round": 11.0, "subsample": 0.9271797009889207}, "datetime": {"datetime": "2024-01-20 14:31:23", "elapsed": 3975.717423, "delta": 0.003781}}
{"target": -10.477898815807476, "params": {"colsample_bytree": 0.5720324843334953, "eta": 0.05219352204524387, "gamma": 754.6646427519332, "max_depth": 7.0, "min_child_weight": 1796.637590921135, "num_boost_round": 12.0, "subsample": 0.9271797009889207}, "datetime": {"datetime": "2024-01-20 14:31:23", "elapsed": 3975.721008, "delta": 0.003585}}
{"target": -10.479155701977573, "params": {"colsample_bytree": 0.5720324843334953, "eta": 0.05219352204524387, "gamma": 754.6646427519332, "max_depth": 7.0, "min_child_weight": 1796.637590921135, "num_boost_round": 13.0, "subsample": 0.9271797009889207}, "datetime": {"datetime": "2024-01-20 14:31:23", "elapsed": 3975.724597, "delta": 0.003589}}
{"target": -10.480123507582151, "params": {"colsample_bytree": 0.5720324843334953, "eta": 0.05219352204524387, "gamma": 754.6646427519332, "max_depth": 7.0, "min_child_weight": 1796.637590921135, "num_boost_round": 14.0, "subsample": 0.9271797009889207}, "datetime": {"datetime": "2024-01-20 14:31:23", "elapsed": 3975.72816, "delta": 0.003563}}
{"target": -10.48084359579003, "params": {"colsample_bytree": 0.5720324843334953, "eta": 0.05219352204524387, "gamma": 754.6646427519332, "max_depth": 7.0, "min_child_weight": 1796.637590921135, "num_boost_round": 15.0, "subsample": 0.9271797009889207}, "datetime": {"datetime": "2024-01-20 14:31:23", "elapsed": 3975.73179, "delta": 0.00363}}
{"target": -10.48216880557067, "params": {"colsample_bytree": 0.5720324843334953, "eta": 0.05219352204524387, "gamma": 754.6646427519332, "max_depth": 7.0, "min_child_weight": 1796.637590921135, "num_boost_round": 16.0, "subsample": 0.9271797009889207}, "datetime": {"datetime": "2024-01-20 14:31:23", "elapsed": 3975.735551, "delta": 0.003761}}
