{"target": -13.400161387271607, "params": {"colsample_bytree": 0.37202125038289846, "eta": 0.09467938738662346, "gamma": 240.6376893885186, "max_depth": 7.0, "min_child_weight": 3066.392529740864, "num_boost_round": 4.0, "subsample": 0.7132527981657476}, "datetime": {"datetime": "2024-01-20 17:05:31", "elapsed": 9666.340031, "delta": 0.005104}}
{"target": -13.402423262652032, "params": {"colsample_bytree": 0.37202125038289846, "eta": 0.09467938738662346, "gamma": 240.6376893885186, "max_depth": 7.0, "min_child_weight": 3066.392529740864, "num_boost_round": 5.0, "subsample": 0.7132527981657476}, "datetime": {"datetime": "2024-01-20 17:05:31", "elapsed": 9666.344872, "delta": 0.004841}}
{"target": -13.398030175232085, "params": {"colsample_bytree": 0.1036364619477387, "eta": 0.027780180546524327, "gamma": 635.7510061572834, "max_depth": 4.0, "min_child_weight": 3124.191992245542, "num_boost_round": 1.0, "subsample": 0.7445597938435422}, "datetime": {"datetime": "2024-01-20 17:06:14", "elapsed": 9708.847968, "delta": 42.503096}}
{"target": -13.398127827444313, "params": {"colsample_bytree": 0.1036364619477387, "eta": 0.027780180546524327, "gamma": 635.7510061572834, "max_depth": 4.0, "min_child_weight": 3124.191992245542, "num_boost_round": 2.0, "subsample": 0.7445597938435422}, "datetime": {"datetime": "2024-01-20 17:06:14", "elapsed": 9708.855194, "delta": 0.007226}}
{"target": -13.39822792301581, "params": {"colsample_bytree": 0.1036364619477387, "eta": 0.027780180546524327, "gamma": 635.7510061572834, "max_depth": 4.0, "min_child_weight": 3124.191992245542, "num_boost_round": 3.0, "subsample": 0.7445597938435422}, "datetime": {"datetime": "2024-01-20 17:06:14", "elapsed": 9708.861899, "delta": 0.006705}}
{"target": -13.398213121674301, "params": {"colsample_bytree": 0.1036364619477387, "eta": 0.027780180546524327, "gamma": 635.7510061572834, "max_depth": 4.0, "min_child_weight": 3124.191992245542, "num_boost_round": 4.0, "subsample": 0.7445597938435422}, "datetime": {"datetime": "2024-01-20 17:06:14", "elapsed": 9708.870533, "delta": 0.008634}}
{"target": -13.398213129546434, "params": {"colsample_bytree": 0.1036364619477387, "eta": 0.027780180546524327, "gamma": 635.7510061572834, "max_depth": 4.0, "min_child_weight": 3124.191992245542, "num_boost_round": 5.0, "subsample": 0.7445597938435422}, "datetime": {"datetime": "2024-01-20 17:06:14", "elapsed": 9708.876815, "delta": 0.006282}}
{"target": -13.398195382327104, "params": {"colsample_bytree": 0.1036364619477387, "eta": 0.027780180546524327, "gamma": 635.7510061572834, "max_depth": 4.0, "min_child_weight": 3124.191992245542, "num_boost_round": 6.0, "subsample": 0.7445597938435422}, "datetime": {"datetime": "2024-01-20 17:06:14", "elapsed": 9708.882275, "delta": 0.00546}}
{"target": -13.398239428657249, "params": {"colsample_bytree": 0.1036364619477387, "eta": 0.027780180546524327, "gamma": 635.7510061572834, "max_depth": 4.0, "min_child_weight": 3124.191992245542, "num_boost_round": 7.0, "subsample": 0.7445597938435422}, "datetime": {"datetime": "2024-01-20 17:06:14", "elapsed": 9708.887241, "delta": 0.004966}}
{"target": -13.397680915953167, "params": {"colsample_bytree": 0.2095375632177592, "eta": 0.027856435499889275, "gamma": 639.2040238471646, "max_depth": 7.0, "min_child_weight": 3175.80322225646, "num_boost_round": 1.0, "subsample": 0.21021962085325047}, "datetime": {"datetime": "2024-01-20 17:07:31", "elapsed": 9786.062689, "delta": 77.175448}}
{"target": -13.39761606068425, "params": {"colsample_bytree": 0.2095375632177592, "eta": 0.027856435499889275, "gamma": 639.2040238471646, "max_depth": 7.0, "min_child_weight": 3175.80322225646, "num_boost_round": 2.0, "subsample": 0.21021962085325047}, "datetime": {"datetime": "2024-01-20 17:07:31", "elapsed": 9786.069781, "delta": 0.007092}}
{"target": -13.397684800960533, "params": {"colsample_bytree": 0.2095375632177592, "eta": 0.027856435499889275, "gamma": 639.2040238471646, "max_depth": 7.0, "min_child_weight": 3175.80322225646, "num_boost_round": 3.0, "subsample": 0.21021962085325047}, "datetime": {"datetime": "2024-01-20 17:07:31", "elapsed": 9786.074783, "delta": 0.005002}}
{"target": -13.397838124605139, "params": {"colsample_bytree": 0.2095375632177592, "eta": 0.027856435499889275, "gamma": 639.2040238471646, "max_depth": 7.0, "min_child_weight": 3175.80322225646, "num_boost_round": 4.0, "subsample": 0.21021962085325047}, "datetime": {"datetime": "2024-01-20 17:07:31", "elapsed": 9786.079535, "delta": 0.004752}}
{"target": -13.397861003869027, "params": {"colsample_bytree": 0.2095375632177592, "eta": 0.027856435499889275, "gamma": 639.2040238471646, "max_depth": 7.0, "min_child_weight": 3175.80322225646, "num_boost_round": 5.0, "subsample": 0.21021962085325047}, "datetime": {"datetime": "2024-01-20 17:07:31", "elapsed": 9786.084371, "delta": 0.004836}}
{"target": -13.397770266523043, "params": {"colsample_bytree": 0.2095375632177592, "eta": 0.027856435499889275, "gamma": 639.2040238471646, "max_depth": 7.0, "min_child_weight": 3175.80322225646, "num_boost_round": 6.0, "subsample": 0.21021962085325047}, "datetime": {"datetime": "2024-01-20 17:07:31", "elapsed": 9786.089672, "delta": 0.005301}}
{"target": -13.397732830858113, "params": {"colsample_bytree": 0.2095375632177592, "eta": 0.027856435499889275, "gamma": 639.2040238471646, "max_depth": 7.0, "min_child_weight": 3175.80322225646, "num_boost_round": 7.0, "subsample": 0.21021962085325047}, "datetime": {"datetime": "2024-01-20 17:07:31", "elapsed": 9786.094575, "delta": 0.004903}}
{"target": -13.397705753771866, "params": {"colsample_bytree": 0.2095375632177592, "eta": 0.027856435499889275, "gamma": 639.2040238471646, "max_depth": 7.0, "min_child_weight": 3175.80322225646, "num_boost_round": 8.0, "subsample": 0.21021962085325047}, "datetime": {"datetime": "2024-01-20 17:07:31", "elapsed": 9786.0994, "delta": 0.004825}}
{"target": -13.397669033780382, "params": {"colsample_bytree": 0.2095375632177592, "eta": 0.027856435499889275, "gamma": 639.2040238471646, "max_depth": 7.0, "min_child_weight": 3175.80322225646, "num_boost_round": 9.0, "subsample": 0.21021962085325047}, "datetime": {"datetime": "2024-01-20 17:07:31", "elapsed": 9786.104216, "delta": 0.004816}}
{"target": -13.397650925040598, "params": {"colsample_bytree": 0.2095375632177592, "eta": 0.027856435499889275, "gamma": 639.2040238471646, "max_depth": 7.0, "min_child_weight": 3175.80322225646, "num_boost_round": 10.0, "subsample": 0.21021962085325047}, "datetime": {"datetime": "2024-01-20 17:07:31", "elapsed": 9786.108976, "delta": 0.00476}}
{"target": -13.397532277915253, "params": {"colsample_bytree": 0.2095375632177592, "eta": 0.027856435499889275, "gamma": 639.2040238471646, "max_depth": 7.0, "min_child_weight": 3175.80322225646, "num_boost_round": 11.0, "subsample": 0.21021962085325047}, "datetime": {"datetime": "2024-01-20 17:07:31", "elapsed": 9786.11636, "delta": 0.007384}}
{"target": -13.39760224948981, "params": {"colsample_bytree": 0.2095375632177592, "eta": 0.027856435499889275, "gamma": 639.2040238471646, "max_depth": 7.0, "min_child_weight": 3175.80322225646, "num_boost_round": 12.0, "subsample": 0.21021962085325047}, "datetime": {"datetime": "2024-01-20 17:07:31", "elapsed": 9786.124675, "delta": 0.008315}}
{"target": -13.398866397077036, "params": {"colsample_bytree": 0.44054080950045627, "eta": 0.09536569546154783, "gamma": 693.6015638754918, "max_depth": 4.0, "min_child_weight": 3032.573262090149, "num_boost_round": 1.0, "subsample": 0.7888358827386351}, "datetime": {"datetime": "2024-01-20 17:08:38", "elapsed": 9853.044903, "delta": 66.920228}}
{"target": -13.399283445422355, "params": {"colsample_bytree": 0.44054080950045627, "eta": 0.09536569546154783, "gamma": 693.6015638754918, "max_depth": 4.0, "min_child_weight": 3032.573262090149, "num_boost_round": 2.0, "subsample": 0.7888358827386351}, "datetime": {"datetime": "2024-01-20 17:08:38", "elapsed": 9853.051411, "delta": 0.006508}}
{"target": -13.399716960745153, "params": {"colsample_bytree": 0.44054080950045627, "eta": 0.09536569546154783, "gamma": 693.6015638754918, "max_depth": 4.0, "min_child_weight": 3032.573262090149, "num_boost_round": 3.0, "subsample": 0.7888358827386351}, "datetime": {"datetime": "2024-01-20 17:08:38", "elapsed": 9853.056237, "delta": 0.004826}}
{"target": -13.400155955843392, "params": {"colsample_bytree": 0.44054080950045627, "eta": 0.09536569546154783, "gamma": 693.6015638754918, "max_depth": 4.0, "min_child_weight": 3032.573262090149, "num_boost_round": 4.0, "subsample": 0.7888358827386351}, "datetime": {"datetime": "2024-01-20 17:08:38", "elapsed": 9853.060983, "delta": 0.004746}}
{"target": -13.40195810113887, "params": {"colsample_bytree": 0.44054080950045627, "eta": 0.09536569546154783, "gamma": 693.6015638754918, "max_depth": 4.0, "min_child_weight": 3032.573262090149, "num_boost_round": 5.0, "subsample": 0.7888358827386351}, "datetime": {"datetime": "2024-01-20 17:08:38", "elapsed": 9853.06594, "delta": 0.004957}}
{"target": -13.40335214189701, "params": {"colsample_bytree": 0.44054080950045627, "eta": 0.09536569546154783, "gamma": 693.6015638754918, "max_depth": 4.0, "min_child_weight": 3032.573262090149, "num_boost_round": 6.0, "subsample": 0.7888358827386351}, "datetime": {"datetime": "2024-01-20 17:08:38", "elapsed": 9853.070721, "delta": 0.004781}}
{"target": -13.404650712523699, "params": {"colsample_bytree": 0.44054080950045627, "eta": 0.09536569546154783, "gamma": 693.6015638754918, "max_depth": 4.0, "min_child_weight": 3032.573262090149, "num_boost_round": 7.0, "subsample": 0.7888358827386351}, "datetime": {"datetime": "2024-01-20 17:08:38", "elapsed": 9853.075399, "delta": 0.004678}}
{"target": -13.406010121390612, "params": {"colsample_bytree": 0.44054080950045627, "eta": 0.09536569546154783, "gamma": 693.6015638754918, "max_depth": 4.0, "min_child_weight": 3032.573262090149, "num_boost_round": 8.0, "subsample": 0.7888358827386351}, "datetime": {"datetime": "2024-01-20 17:08:38", "elapsed": 9853.080184, "delta": 0.004785}}
{"target": -13.406900177703081, "params": {"colsample_bytree": 0.44054080950045627, "eta": 0.09536569546154783, "gamma": 693.6015638754918, "max_depth": 4.0, "min_child_weight": 3032.573262090149, "num_boost_round": 9.0, "subsample": 0.7888358827386351}, "datetime": {"datetime": "2024-01-20 17:08:38", "elapsed": 9853.085104, "delta": 0.00492}}
{"target": -13.407492515880811, "params": {"colsample_bytree": 0.44054080950045627, "eta": 0.09536569546154783, "gamma": 693.6015638754918, "max_depth": 4.0, "min_child_weight": 3032.573262090149, "num_boost_round": 10.0, "subsample": 0.7888358827386351}, "datetime": {"datetime": "2024-01-20 17:08:38", "elapsed": 9853.09012, "delta": 0.005016}}
{"target": -13.408919880579356, "params": {"colsample_bytree": 0.44054080950045627, "eta": 0.09536569546154783, "gamma": 693.6015638754918, "max_depth": 4.0, "min_child_weight": 3032.573262090149, "num_boost_round": 11.0, "subsample": 0.7888358827386351}, "datetime": {"datetime": "2024-01-20 17:08:38", "elapsed": 9853.095149, "delta": 0.005029}}
{"target": -13.410644588004006, "params": {"colsample_bytree": 0.44054080950045627, "eta": 0.09536569546154783, "gamma": 693.6015638754918, "max_depth": 4.0, "min_child_weight": 3032.573262090149, "num_boost_round": 12.0, "subsample": 0.7888358827386351}, "datetime": {"datetime": "2024-01-20 17:08:38", "elapsed": 9853.099947, "delta": 0.004798}}
{"target": -13.410933904858318, "params": {"colsample_bytree": 0.44054080950045627, "eta": 0.09536569546154783, "gamma": 693.6015638754918, "max_depth": 4.0, "min_child_weight": 3032.573262090149, "num_boost_round": 13.0, "subsample": 0.7888358827386351}, "datetime": {"datetime": "2024-01-20 17:08:38", "elapsed": 9853.104673, "delta": 0.004726}}
{"target": -13.412174132180587, "params": {"colsample_bytree": 0.44054080950045627, "eta": 0.09536569546154783, "gamma": 693.6015638754918, "max_depth": 4.0, "min_child_weight": 3032.573262090149, "num_boost_round": 14.0, "subsample": 0.7888358827386351}, "datetime": {"datetime": "2024-01-20 17:08:38", "elapsed": 9853.109457, "delta": 0.004784}}
{"target": -13.397989144359387, "params": {"colsample_bytree": 0.20469150642336104, "eta": 0.046709581956105285, "gamma": 343.90144370872724, "max_depth": 7.0, "min_child_weight": 3274.3693736100436, "num_boost_round": 1.0, "subsample": 0.4042263655796089}, "datetime": {"datetime": "2024-01-20 17:09:59", "elapsed": 9934.472591, "delta": 81.363134}}
{"target": -13.397864319853593, "params": {"colsample_bytree": 0.20469150642336104, "eta": 0.046709581956105285, "gamma": 343.90144370872724, "max_depth": 7.0, "min_child_weight": 3274.3693736100436, "num_boost_round": 2.0, "subsample": 0.4042263655796089}, "datetime": {"datetime": "2024-01-20 17:09:59", "elapsed": 9934.477916, "delta": 0.005325}}
{"target": -13.397984981500844, "params": {"colsample_bytree": 0.20469150642336104, "eta": 0.046709581956105285, "gamma": 343.90144370872724, "max_depth": 7.0, "min_child_weight": 3274.3693736100436, "num_boost_round": 3.0, "subsample": 0.4042263655796089}, "datetime": {"datetime": "2024-01-20 17:09:59", "elapsed": 9934.482642, "delta": 0.004726}}
{"target": -13.398455654671215, "params": {"colsample_bytree": 0.20469150642336104, "eta": 0.046709581956105285, "gamma": 343.90144370872724, "max_depth": 7.0, "min_child_weight": 3274.3693736100436, "num_boost_round": 4.0, "subsample": 0.4042263655796089}, "datetime": {"datetime": "2024-01-20 17:09:59", "elapsed": 9934.487601, "delta": 0.004959}}
{"target": -13.39901955120056, "params": {"colsample_bytree": 0.20469150642336104, "eta": 0.046709581956105285, "gamma": 343.90144370872724, "max_depth": 7.0, "min_child_weight": 3274.3693736100436, "num_boost_round": 5.0, "subsample": 0.4042263655796089}, "datetime": {"datetime": "2024-01-20 17:09:59", "elapsed": 9934.492688, "delta": 0.005087}}
{"target": -13.397729103490555, "params": {"colsample_bytree": 0.5593701908198231, "eta": 0.034137614169121366, "gamma": 787.7724974676917, "max_depth": 5.0, "min_child_weight": 4431.440531644636, "num_boost_round": 1.0, "subsample": 0.9952848919804556}, "datetime": {"datetime": "2024-01-20 17:11:23", "elapsed": 10018.178578, "delta": 83.68589}}
{"target": -13.397782575062905, "params": {"colsample_bytree": 0.8236270531595021, "eta": 0.023947047285373745, "gamma": 316.5166276567457, "max_depth": 2.0, "min_child_weight": 3027.3926440915147, "num_boost_round": 1.0, "subsample": 0.45009020888322804}, "datetime": {"datetime": "2024-01-20 17:12:25", "elapsed": 10080.121941, "delta": 61.943363}}
{"target": -13.397976528426096, "params": {"colsample_bytree": 0.6910797771013135, "eta": 0.045370438555676025, "gamma": 630.6828125724459, "max_depth": 4.0, "min_child_weight": 3252.309301770934, "num_boost_round": 1.0, "subsample": 0.9024541955949437}, "datetime": {"datetime": "2024-01-20 17:13:07", "elapsed": 10121.810897, "delta": 41.688956}}
{"target": -13.398052574341484, "params": {"colsample_bytree": 0.6910797771013135, "eta": 0.045370438555676025, "gamma": 630.6828125724459, "max_depth": 4.0, "min_child_weight": 3252.309301770934, "num_boost_round": 2.0, "subsample": 0.9024541955949437}, "datetime": {"datetime": "2024-01-20 17:13:07", "elapsed": 10121.816395, "delta": 0.005498}}
{"target": -13.398068584993434, "params": {"colsample_bytree": 0.6910797771013135, "eta": 0.045370438555676025, "gamma": 630.6828125724459, "max_depth": 4.0, "min_child_weight": 3252.309301770934, "num_boost_round": 3.0, "subsample": 0.9024541955949437}, "datetime": {"datetime": "2024-01-20 17:13:07", "elapsed": 10121.821478, "delta": 0.005083}}
{"target": -13.398408382224316, "params": {"colsample_bytree": 0.6910797771013135, "eta": 0.045370438555676025, "gamma": 630.6828125724459, "max_depth": 4.0, "min_child_weight": 3252.309301770934, "num_boost_round": 4.0, "subsample": 0.9024541955949437}, "datetime": {"datetime": "2024-01-20 17:13:07", "elapsed": 10121.826615, "delta": 0.005137}}
{"target": -13.397879124599761, "params": {"colsample_bytree": 0.6878682418326809, "eta": 0.0341266379438299, "gamma": 369.74307281844796, "max_depth": 8.0, "min_child_weight": 3000.4974796667875, "num_boost_round": 1.0, "subsample": 0.9823926827876832}, "datetime": {"datetime": "2024-01-20 17:14:05", "elapsed": 10180.524512, "delta": 58.697897}}
{"target": -13.397848493699716, "params": {"colsample_bytree": 0.6878682418326809, "eta": 0.0341266379438299, "gamma": 369.74307281844796, "max_depth": 8.0, "min_child_weight": 3000.4974796667875, "num_boost_round": 2.0, "subsample": 0.9823926827876832}, "datetime": {"datetime": "2024-01-20 17:14:05", "elapsed": 10180.530755, "delta": 0.006243}}
{"target": -13.397883184990734, "params": {"colsample_bytree": 0.6878682418326809, "eta": 0.0341266379438299, "gamma": 369.74307281844796, "max_depth": 8.0, "min_child_weight": 3000.4974796667875, "num_boost_round": 3.0, "subsample": 0.9823926827876832}, "datetime": {"datetime": "2024-01-20 17:14:05", "elapsed": 10180.535858, "delta": 0.005103}}
{"target": -13.397865242602744, "params": {"colsample_bytree": 0.6878682418326809, "eta": 0.0341266379438299, "gamma": 369.74307281844796, "max_depth": 8.0, "min_child_weight": 3000.4974796667875, "num_boost_round": 4.0, "subsample": 0.9823926827876832}, "datetime": {"datetime": "2024-01-20 17:14:05", "elapsed": 10180.540629, "delta": 0.004771}}
{"target": -13.39772955147218, "params": {"colsample_bytree": 0.6878682418326809, "eta": 0.0341266379438299, "gamma": 369.74307281844796, "max_depth": 8.0, "min_child_weight": 3000.4974796667875, "num_boost_round": 5.0, "subsample": 0.9823926827876832}, "datetime": {"datetime": "2024-01-20 17:14:05", "elapsed": 10180.545518, "delta": 0.004889}}
{"target": -13.398043295550165, "params": {"colsample_bytree": 0.6878682418326809, "eta": 0.0341266379438299, "gamma": 369.74307281844796, "max_depth": 8.0, "min_child_weight": 3000.4974796667875, "num_boost_round": 6.0, "subsample": 0.9823926827876832}, "datetime": {"datetime": "2024-01-20 17:14:05", "elapsed": 10180.550428, "delta": 0.00491}}
{"target": -13.39853952833477, "params": {"colsample_bytree": 0.6878682418326809, "eta": 0.0341266379438299, "gamma": 369.74307281844796, "max_depth": 8.0, "min_child_weight": 3000.4974796667875, "num_boost_round": 7.0, "subsample": 0.9823926827876832}, "datetime": {"datetime": "2024-01-20 17:14:05", "elapsed": 10180.555244, "delta": 0.004816}}
{"target": -13.398819044794042, "params": {"colsample_bytree": 0.6878682418326809, "eta": 0.0341266379438299, "gamma": 369.74307281844796, "max_depth": 8.0, "min_child_weight": 3000.4974796667875, "num_boost_round": 8.0, "subsample": 0.9823926827876832}, "datetime": {"datetime": "2024-01-20 17:14:05", "elapsed": 10180.56007, "delta": 0.004826}}
{"target": -13.399294863869812, "params": {"colsample_bytree": 0.6878682418326809, "eta": 0.0341266379438299, "gamma": 369.74307281844796, "max_depth": 8.0, "min_child_weight": 3000.4974796667875, "num_boost_round": 9.0, "subsample": 0.9823926827876832}, "datetime": {"datetime": "2024-01-20 17:14:05", "elapsed": 10180.565065, "delta": 0.004995}}
{"target": -13.399748746625967, "params": {"colsample_bytree": 0.6878682418326809, "eta": 0.0341266379438299, "gamma": 369.74307281844796, "max_depth": 8.0, "min_child_weight": 3000.4974796667875, "num_boost_round": 10.0, "subsample": 0.9823926827876832}, "datetime": {"datetime": "2024-01-20 17:14:05", "elapsed": 10180.569818, "delta": 0.004753}}
{"target": -13.397261862353208, "params": {"colsample_bytree": 0.45287728330959454, "eta": 0.08747830178730084, "gamma": 373.8092414591551, "max_depth": 7.0, "min_child_weight": 4183.535201911629, "num_boost_round": 1.0, "subsample": 0.27469890382752826}, "datetime": {"datetime": "2024-01-20 17:15:01", "elapsed": 10235.694223, "delta": 55.124405}}
{"target": -13.397420315629589, "params": {"colsample_bytree": 0.8819055214990063, "eta": 0.0680579222566882, "gamma": 336.2057197237418, "max_depth": 4.0, "min_child_weight": 4244.002334189465, "num_boost_round": 1.0, "subsample": 0.4488089642645118}, "datetime": {"datetime": "2024-01-20 17:16:35", "elapsed": 10329.883475, "delta": 94.189252}}
{"target": -13.397790985229385, "params": {"colsample_bytree": 0.5490919224067676, "eta": 0.014945239671686336, "gamma": 405.1479176865544, "max_depth": 8.0, "min_child_weight": 4284.2704563202915, "num_boost_round": 1.0, "subsample": 0.8170845562044944}, "datetime": {"datetime": "2024-01-20 17:18:18", "elapsed": 10433.400406, "delta": 103.516931}}
{"target": -13.397701517610505, "params": {"colsample_bytree": 0.5490919224067676, "eta": 0.014945239671686336, "gamma": 405.1479176865544, "max_depth": 8.0, "min_child_weight": 4284.2704563202915, "num_boost_round": 2.0, "subsample": 0.8170845562044944}, "datetime": {"datetime": "2024-01-20 17:18:18", "elapsed": 10433.406953, "delta": 0.006547}}
{"target": -13.397579454816231, "params": {"colsample_bytree": 0.5490919224067676, "eta": 0.014945239671686336, "gamma": 405.1479176865544, "max_depth": 8.0, "min_child_weight": 4284.2704563202915, "num_boost_round": 3.0, "subsample": 0.8170845562044944}, "datetime": {"datetime": "2024-01-20 17:18:18", "elapsed": 10433.411895, "delta": 0.004942}}
{"target": -13.397530445396526, "params": {"colsample_bytree": 0.5490919224067676, "eta": 0.014945239671686336, "gamma": 405.1479176865544, "max_depth": 8.0, "min_child_weight": 4284.2704563202915, "num_boost_round": 4.0, "subsample": 0.8170845562044944}, "datetime": {"datetime": "2024-01-20 17:18:18", "elapsed": 10433.416788, "delta": 0.004893}}
{"target": -13.39735487348548, "params": {"colsample_bytree": 0.5490919224067676, "eta": 0.014945239671686336, "gamma": 405.1479176865544, "max_depth": 8.0, "min_child_weight": 4284.2704563202915, "num_boost_round": 5.0, "subsample": 0.8170845562044944}, "datetime": {"datetime": "2024-01-20 17:18:18", "elapsed": 10433.421474, "delta": 0.004686}}
