{"target": -12.348665217356903, "params": {"colsample_bytree": 0.3116482936547422, "eta": 0.03519510442667483, "gamma": 533.3073412667478, "max_depth": 3.0, "min_child_weight": 4269.497198999518, "num_boost_round": 29.0, "subsample": 0.746435995085956}, "datetime": {"datetime": "2024-01-20 14:49:35", "elapsed": 1541.403511, "delta": 0.002623}}
{"target": -12.348198918468764, "params": {"colsample_bytree": 0.3116482936547422, "eta": 0.03519510442667483, "gamma": 533.3073412667478, "max_depth": 3.0, "min_child_weight": 4269.497198999518, "num_boost_round": 30.0, "subsample": 0.746435995085956}, "datetime": {"datetime": "2024-01-20 14:49:35", "elapsed": 1541.406056, "delta": 0.002545}}
{"target": -12.347154092067822, "params": {"colsample_bytree": 0.3116482936547422, "eta": 0.03519510442667483, "gamma": 533.3073412667478, "max_depth": 3.0, "min_child_weight": 4269.497198999518, "num_boost_round": 31.0, "subsample": 0.746435995085956}, "datetime": {"datetime": "2024-01-20 14:49:35", "elapsed": 1541.408597, "delta": 0.002541}}
{"target": -12.347243299633734, "params": {"colsample_bytree": 0.3116482936547422, "eta": 0.03519510442667483, "gamma": 533.3073412667478, "max_depth": 3.0, "min_child_weight": 4269.497198999518, "num_boost_round": 32.0, "subsample": 0.746435995085956}, "datetime": {"datetime": "2024-01-20 14:49:35", "elapsed": 1541.411156, "delta": 0.002559}}
{"target": -12.347465008754497, "params": {"colsample_bytree": 0.3116482936547422, "eta": 0.03519510442667483, "gamma": 533.3073412667478, "max_depth": 3.0, "min_child_weight": 4269.497198999518, "num_boost_round": 33.0, "subsample": 0.746435995085956}, "datetime": {"datetime": "2024-01-20 14:49:35", "elapsed": 1541.413702, "delta": 0.002546}}
{"target": -12.347539673074639, "params": {"colsample_bytree": 0.3116482936547422, "eta": 0.03519510442667483, "gamma": 533.3073412667478, "max_depth": 3.0, "min_child_weight": 4269.497198999518, "num_boost_round": 34.0, "subsample": 0.746435995085956}, "datetime": {"datetime": "2024-01-20 14:49:35", "elapsed": 1541.416273, "delta": 0.002571}}
{"target": -12.347207746125598, "params": {"colsample_bytree": 0.3116482936547422, "eta": 0.03519510442667483, "gamma": 533.3073412667478, "max_depth": 3.0, "min_child_weight": 4269.497198999518, "num_boost_round": 35.0, "subsample": 0.746435995085956}, "datetime": {"datetime": "2024-01-20 14:49:35", "elapsed": 1541.419049, "delta": 0.002776}}
{"target": -12.347269400788848, "params": {"colsample_bytree": 0.3116482936547422, "eta": 0.03519510442667483, "gamma": 533.3073412667478, "max_depth": 3.0, "min_child_weight": 4269.497198999518, "num_boost_round": 36.0, "subsample": 0.746435995085956}, "datetime": {"datetime": "2024-01-20 14:49:35", "elapsed": 1541.421747, "delta": 0.002698}}
{"target": -12.347373428424252, "params": {"colsample_bytree": 0.3116482936547422, "eta": 0.03519510442667483, "gamma": 533.3073412667478, "max_depth": 3.0, "min_child_weight": 4269.497198999518, "num_boost_round": 37.0, "subsample": 0.746435995085956}, "datetime": {"datetime": "2024-01-20 14:49:35", "elapsed": 1541.424468, "delta": 0.002721}}
{"target": -12.347056967835663, "params": {"colsample_bytree": 0.3116482936547422, "eta": 0.03519510442667483, "gamma": 533.3073412667478, "max_depth": 3.0, "min_child_weight": 4269.497198999518, "num_boost_round": 38.0, "subsample": 0.746435995085956}, "datetime": {"datetime": "2024-01-20 14:49:35", "elapsed": 1541.427159, "delta": 0.002691}}
{"target": -12.347109674681644, "params": {"colsample_bytree": 0.3116482936547422, "eta": 0.03519510442667483, "gamma": 533.3073412667478, "max_depth": 3.0, "min_child_weight": 4269.497198999518, "num_boost_round": 39.0, "subsample": 0.746435995085956}, "datetime": {"datetime": "2024-01-20 14:49:35", "elapsed": 1541.429711, "delta": 0.002552}}
{"target": -12.34661716451643, "params": {"colsample_bytree": 0.3116482936547422, "eta": 0.03519510442667483, "gamma": 533.3073412667478, "max_depth": 3.0, "min_child_weight": 4269.497198999518, "num_boost_round": 40.0, "subsample": 0.746435995085956}, "datetime": {"datetime": "2024-01-20 14:49:35", "elapsed": 1541.432298, "delta": 0.002587}}
{"target": -12.34625445662915, "params": {"colsample_bytree": 0.3116482936547422, "eta": 0.03519510442667483, "gamma": 533.3073412667478, "max_depth": 3.0, "min_child_weight": 4269.497198999518, "num_boost_round": 41.0, "subsample": 0.746435995085956}, "datetime": {"datetime": "2024-01-20 14:49:35", "elapsed": 1541.43488, "delta": 0.002582}}
{"target": -12.345501825149103, "params": {"colsample_bytree": 0.3116482936547422, "eta": 0.03519510442667483, "gamma": 533.3073412667478, "max_depth": 3.0, "min_child_weight": 4269.497198999518, "num_boost_round": 42.0, "subsample": 0.746435995085956}, "datetime": {"datetime": "2024-01-20 14:49:35", "elapsed": 1541.437531, "delta": 0.002651}}
{"target": -12.345517397416351, "params": {"colsample_bytree": 0.3116482936547422, "eta": 0.03519510442667483, "gamma": 533.3073412667478, "max_depth": 3.0, "min_child_weight": 4269.497198999518, "num_boost_round": 43.0, "subsample": 0.746435995085956}, "datetime": {"datetime": "2024-01-20 14:49:35", "elapsed": 1541.440143, "delta": 0.002612}}
{"target": -12.34554309093295, "params": {"colsample_bytree": 0.3116482936547422, "eta": 0.03519510442667483, "gamma": 533.3073412667478, "max_depth": 3.0, "min_child_weight": 4269.497198999518, "num_boost_round": 44.0, "subsample": 0.746435995085956}, "datetime": {"datetime": "2024-01-20 14:49:35", "elapsed": 1541.442744, "delta": 0.002601}}
{"target": -12.3456250462756, "params": {"colsample_bytree": 0.3116482936547422, "eta": 0.03519510442667483, "gamma": 533.3073412667478, "max_depth": 3.0, "min_child_weight": 4269.497198999518, "num_boost_round": 45.0, "subsample": 0.746435995085956}, "datetime": {"datetime": "2024-01-20 14:49:35", "elapsed": 1541.445316, "delta": 0.002572}}
{"target": -12.345293104929244, "params": {"colsample_bytree": 0.3116482936547422, "eta": 0.03519510442667483, "gamma": 533.3073412667478, "max_depth": 3.0, "min_child_weight": 4269.497198999518, "num_boost_round": 46.0, "subsample": 0.746435995085956}, "datetime": {"datetime": "2024-01-20 14:49:35", "elapsed": 1541.447865, "delta": 0.002549}}
{"target": -12.345312017651093, "params": {"colsample_bytree": 0.3116482936547422, "eta": 0.03519510442667483, "gamma": 533.3073412667478, "max_depth": 3.0, "min_child_weight": 4269.497198999518, "num_boost_round": 47.0, "subsample": 0.746435995085956}, "datetime": {"datetime": "2024-01-20 14:49:35", "elapsed": 1541.450458, "delta": 0.002593}}
{"target": -12.345580555503668, "params": {"colsample_bytree": 0.3116482936547422, "eta": 0.03519510442667483, "gamma": 533.3073412667478, "max_depth": 3.0, "min_child_weight": 4269.497198999518, "num_boost_round": 48.0, "subsample": 0.746435995085956}, "datetime": {"datetime": "2024-01-20 14:49:35", "elapsed": 1541.45302, "delta": 0.002562}}
{"target": -12.345724732297587, "params": {"colsample_bytree": 0.3116482936547422, "eta": 0.03519510442667483, "gamma": 533.3073412667478, "max_depth": 3.0, "min_child_weight": 4269.497198999518, "num_boost_round": 49.0, "subsample": 0.746435995085956}, "datetime": {"datetime": "2024-01-20 14:49:35", "elapsed": 1541.455583, "delta": 0.002563}}
{"target": -12.345712534721189, "params": {"colsample_bytree": 0.3116482936547422, "eta": 0.03519510442667483, "gamma": 533.3073412667478, "max_depth": 3.0, "min_child_weight": 4269.497198999518, "num_boost_round": 50.0, "subsample": 0.746435995085956}, "datetime": {"datetime": "2024-01-20 14:49:35", "elapsed": 1541.458263, "delta": 0.00268}}
{"target": -12.34571215389649, "params": {"colsample_bytree": 0.3116482936547422, "eta": 0.03519510442667483, "gamma": 533.3073412667478, "max_depth": 3.0, "min_child_weight": 4269.497198999518, "num_boost_round": 51.0, "subsample": 0.746435995085956}, "datetime": {"datetime": "2024-01-20 14:49:35", "elapsed": 1541.460824, "delta": 0.002561}}
{"target": -12.345745699923626, "params": {"colsample_bytree": 0.3116482936547422, "eta": 0.03519510442667483, "gamma": 533.3073412667478, "max_depth": 3.0, "min_child_weight": 4269.497198999518, "num_boost_round": 52.0, "subsample": 0.746435995085956}, "datetime": {"datetime": "2024-01-20 14:49:35", "elapsed": 1541.463512, "delta": 0.002688}}
{"target": -12.345364657978717, "params": {"colsample_bytree": 0.3116482936547422, "eta": 0.03519510442667483, "gamma": 533.3073412667478, "max_depth": 3.0, "min_child_weight": 4269.497198999518, "num_boost_round": 53.0, "subsample": 0.746435995085956}, "datetime": {"datetime": "2024-01-20 14:49:35", "elapsed": 1541.466081, "delta": 0.002569}}
{"target": -12.34481385252332, "params": {"colsample_bytree": 0.3116482936547422, "eta": 0.03519510442667483, "gamma": 533.3073412667478, "max_depth": 3.0, "min_child_weight": 4269.497198999518, "num_boost_round": 54.0, "subsample": 0.746435995085956}, "datetime": {"datetime": "2024-01-20 14:49:35", "elapsed": 1541.468648, "delta": 0.002567}}
{"target": -12.34486136319272, "params": {"colsample_bytree": 0.3116482936547422, "eta": 0.03519510442667483, "gamma": 533.3073412667478, "max_depth": 3.0, "min_child_weight": 4269.497198999518, "num_boost_round": 55.0, "subsample": 0.746435995085956}, "datetime": {"datetime": "2024-01-20 14:49:35", "elapsed": 1541.471218, "delta": 0.00257}}
{"target": -12.34460194992875, "params": {"colsample_bytree": 0.3116482936547422, "eta": 0.03519510442667483, "gamma": 533.3073412667478, "max_depth": 3.0, "min_child_weight": 4269.497198999518, "num_boost_round": 56.0, "subsample": 0.746435995085956}, "datetime": {"datetime": "2024-01-20 14:49:35", "elapsed": 1541.473792, "delta": 0.002574}}
{"target": -12.344228574129847, "params": {"colsample_bytree": 0.3116482936547422, "eta": 0.03519510442667483, "gamma": 533.3073412667478, "max_depth": 3.0, "min_child_weight": 4269.497198999518, "num_boost_round": 57.0, "subsample": 0.746435995085956}, "datetime": {"datetime": "2024-01-20 14:49:35", "elapsed": 1541.476361, "delta": 0.002569}}
{"target": -12.344317316536607, "params": {"colsample_bytree": 0.3116482936547422, "eta": 0.03519510442667483, "gamma": 533.3073412667478, "max_depth": 3.0, "min_child_weight": 4269.497198999518, "num_boost_round": 58.0, "subsample": 0.746435995085956}, "datetime": {"datetime": "2024-01-20 14:49:35", "elapsed": 1541.479067, "delta": 0.002706}}
{"target": -12.343889850602714, "params": {"colsample_bytree": 0.3116482936547422, "eta": 0.03519510442667483, "gamma": 533.3073412667478, "max_depth": 3.0, "min_child_weight": 4269.497198999518, "num_boost_round": 59.0, "subsample": 0.746435995085956}, "datetime": {"datetime": "2024-01-20 14:49:35", "elapsed": 1541.481715, "delta": 0.002648}}
{"target": -12.344012449443468, "params": {"colsample_bytree": 0.3116482936547422, "eta": 0.03519510442667483, "gamma": 533.3073412667478, "max_depth": 3.0, "min_child_weight": 4269.497198999518, "num_boost_round": 60.0, "subsample": 0.746435995085956}, "datetime": {"datetime": "2024-01-20 14:49:35", "elapsed": 1541.484327, "delta": 0.002612}}
{"target": -12.356165453350195, "params": {"colsample_bytree": 0.8568478977843653, "eta": 0.04091653346312154, "gamma": 654.8571454572647, "max_depth": 5.0, "min_child_weight": 4231.569230560367, "num_boost_round": 1.0, "subsample": 0.6382529987167749}, "datetime": {"datetime": "2024-01-20 14:50:31", "elapsed": 1597.627544, "delta": 56.143217}}
{"target": -12.354111908769474, "params": {"colsample_bytree": 0.8568478977843653, "eta": 0.04091653346312154, "gamma": 654.8571454572647, "max_depth": 5.0, "min_child_weight": 4231.569230560367, "num_boost_round": 2.0, "subsample": 0.6382529987167749}, "datetime": {"datetime": "2024-01-20 14:50:31", "elapsed": 1597.631474, "delta": 0.00393}}
{"target": -12.352223545559632, "params": {"colsample_bytree": 0.8568478977843653, "eta": 0.04091653346312154, "gamma": 654.8571454572647, "max_depth": 5.0, "min_child_weight": 4231.569230560367, "num_boost_round": 3.0, "subsample": 0.6382529987167749}, "datetime": {"datetime": "2024-01-20 14:50:31", "elapsed": 1597.634552, "delta": 0.003078}}
{"target": -12.35056018193092, "params": {"colsample_bytree": 0.8568478977843653, "eta": 0.04091653346312154, "gamma": 654.8571454572647, "max_depth": 5.0, "min_child_weight": 4231.569230560367, "num_boost_round": 4.0, "subsample": 0.6382529987167749}, "datetime": {"datetime": "2024-01-20 14:50:31", "elapsed": 1597.637629, "delta": 0.003077}}
{"target": -12.349111226449885, "params": {"colsample_bytree": 0.8568478977843653, "eta": 0.04091653346312154, "gamma": 654.8571454572647, "max_depth": 5.0, "min_child_weight": 4231.569230560367, "num_boost_round": 5.0, "subsample": 0.6382529987167749}, "datetime": {"datetime": "2024-01-20 14:50:31", "elapsed": 1597.641014, "delta": 0.003385}}
{"target": -12.347896253256412, "params": {"colsample_bytree": 0.8568478977843653, "eta": 0.04091653346312154, "gamma": 654.8571454572647, "max_depth": 5.0, "min_child_weight": 4231.569230560367, "num_boost_round": 6.0, "subsample": 0.6382529987167749}, "datetime": {"datetime": "2024-01-20 14:50:31", "elapsed": 1597.644152, "delta": 0.003138}}
{"target": -12.346842214725882, "params": {"colsample_bytree": 0.8568478977843653, "eta": 0.04091653346312154, "gamma": 654.8571454572647, "max_depth": 5.0, "min_child_weight": 4231.569230560367, "num_boost_round": 7.0, "subsample": 0.6382529987167749}, "datetime": {"datetime": "2024-01-20 14:50:31", "elapsed": 1597.647427, "delta": 0.003275}}
{"target": -12.345649244812009, "params": {"colsample_bytree": 0.8568478977843653, "eta": 0.04091653346312154, "gamma": 654.8571454572647, "max_depth": 5.0, "min_child_weight": 4231.569230560367, "num_boost_round": 8.0, "subsample": 0.6382529987167749}, "datetime": {"datetime": "2024-01-20 14:50:31", "elapsed": 1597.650212, "delta": 0.002785}}
{"target": -12.345036416724943, "params": {"colsample_bytree": 0.8568478977843653, "eta": 0.04091653346312154, "gamma": 654.8571454572647, "max_depth": 5.0, "min_child_weight": 4231.569230560367, "num_boost_round": 9.0, "subsample": 0.6382529987167749}, "datetime": {"datetime": "2024-01-20 14:50:31", "elapsed": 1597.652894, "delta": 0.002682}}
{"target": -12.344392392732988, "params": {"colsample_bytree": 0.8568478977843653, "eta": 0.04091653346312154, "gamma": 654.8571454572647, "max_depth": 5.0, "min_child_weight": 4231.569230560367, "num_boost_round": 10.0, "subsample": 0.6382529987167749}, "datetime": {"datetime": "2024-01-20 14:50:31", "elapsed": 1597.655507, "delta": 0.002613}}
{"target": -12.34335215248282, "params": {"colsample_bytree": 0.8568478977843653, "eta": 0.04091653346312154, "gamma": 654.8571454572647, "max_depth": 5.0, "min_child_weight": 4231.569230560367, "num_boost_round": 11.0, "subsample": 0.6382529987167749}, "datetime": {"datetime": "2024-01-20 14:50:31", "elapsed": 1597.658285, "delta": 0.002778}}
{"target": -12.342836719043868, "params": {"colsample_bytree": 0.8568478977843653, "eta": 0.04091653346312154, "gamma": 654.8571454572647, "max_depth": 5.0, "min_child_weight": 4231.569230560367, "num_boost_round": 12.0, "subsample": 0.6382529987167749}, "datetime": {"datetime": "2024-01-20 14:50:31", "elapsed": 1597.660874, "delta": 0.002589}}
{"target": -12.342290779800509, "params": {"colsample_bytree": 0.8568478977843653, "eta": 0.04091653346312154, "gamma": 654.8571454572647, "max_depth": 5.0, "min_child_weight": 4231.569230560367, "num_boost_round": 13.0, "subsample": 0.6382529987167749}, "datetime": {"datetime": "2024-01-20 14:50:31", "elapsed": 1597.663556, "delta": 0.002682}}
{"target": -12.34198307247222, "params": {"colsample_bytree": 0.8568478977843653, "eta": 0.04091653346312154, "gamma": 654.8571454572647, "max_depth": 5.0, "min_child_weight": 4231.569230560367, "num_boost_round": 14.0, "subsample": 0.6382529987167749}, "datetime": {"datetime": "2024-01-20 14:50:31", "elapsed": 1597.666215, "delta": 0.002659}}
{"target": -12.341735331058604, "params": {"colsample_bytree": 0.8568478977843653, "eta": 0.04091653346312154, "gamma": 654.8571454572647, "max_depth": 5.0, "min_child_weight": 4231.569230560367, "num_boost_round": 15.0, "subsample": 0.6382529987167749}, "datetime": {"datetime": "2024-01-20 14:50:31", "elapsed": 1597.668802, "delta": 0.002587}}
{"target": -12.341715191398755, "params": {"colsample_bytree": 0.8568478977843653, "eta": 0.04091653346312154, "gamma": 654.8571454572647, "max_depth": 5.0, "min_child_weight": 4231.569230560367, "num_boost_round": 16.0, "subsample": 0.6382529987167749}, "datetime": {"datetime": "2024-01-20 14:50:31", "elapsed": 1597.671407, "delta": 0.002605}}
{"target": -12.341569039030222, "params": {"colsample_bytree": 0.8568478977843653, "eta": 0.04091653346312154, "gamma": 654.8571454572647, "max_depth": 5.0, "min_child_weight": 4231.569230560367, "num_boost_round": 17.0, "subsample": 0.6382529987167749}, "datetime": {"datetime": "2024-01-20 14:50:31", "elapsed": 1597.673986, "delta": 0.002579}}
{"target": -12.341197226581734, "params": {"colsample_bytree": 0.8568478977843653, "eta": 0.04091653346312154, "gamma": 654.8571454572647, "max_depth": 5.0, "min_child_weight": 4231.569230560367, "num_boost_round": 18.0, "subsample": 0.6382529987167749}, "datetime": {"datetime": "2024-01-20 14:50:31", "elapsed": 1597.676575, "delta": 0.002589}}
{"target": -12.341220980490798, "params": {"colsample_bytree": 0.8568478977843653, "eta": 0.04091653346312154, "gamma": 654.8571454572647, "max_depth": 5.0, "min_child_weight": 4231.569230560367, "num_boost_round": 19.0, "subsample": 0.6382529987167749}, "datetime": {"datetime": "2024-01-20 14:50:31", "elapsed": 1597.679283, "delta": 0.002708}}
{"target": -12.341162875978462, "params": {"colsample_bytree": 0.8568478977843653, "eta": 0.04091653346312154, "gamma": 654.8571454572647, "max_depth": 5.0, "min_child_weight": 4231.569230560367, "num_boost_round": 20.0, "subsample": 0.6382529987167749}, "datetime": {"datetime": "2024-01-20 14:50:31", "elapsed": 1597.681879, "delta": 0.002596}}
{"target": -12.34134723447179, "params": {"colsample_bytree": 0.8568478977843653, "eta": 0.04091653346312154, "gamma": 654.8571454572647, "max_depth": 5.0, "min_child_weight": 4231.569230560367, "num_boost_round": 21.0, "subsample": 0.6382529987167749}, "datetime": {"datetime": "2024-01-20 14:50:31", "elapsed": 1597.684459, "delta": 0.00258}}
{"target": -12.341199962040369, "params": {"colsample_bytree": 0.8568478977843653, "eta": 0.04091653346312154, "gamma": 654.8571454572647, "max_depth": 5.0, "min_child_weight": 4231.569230560367, "num_boost_round": 22.0, "subsample": 0.6382529987167749}, "datetime": {"datetime": "2024-01-20 14:50:31", "elapsed": 1597.687019, "delta": 0.00256}}
{"target": -12.341237151291828, "params": {"colsample_bytree": 0.8568478977843653, "eta": 0.04091653346312154, "gamma": 654.8571454572647, "max_depth": 5.0, "min_child_weight": 4231.569230560367, "num_boost_round": 23.0, "subsample": 0.6382529987167749}, "datetime": {"datetime": "2024-01-20 14:50:31", "elapsed": 1597.689647, "delta": 0.002628}}
{"target": -12.341307103137865, "params": {"colsample_bytree": 0.8568478977843653, "eta": 0.04091653346312154, "gamma": 654.8571454572647, "max_depth": 5.0, "min_child_weight": 4231.569230560367, "num_boost_round": 24.0, "subsample": 0.6382529987167749}, "datetime": {"datetime": "2024-01-20 14:50:31", "elapsed": 1597.692226, "delta": 0.002579}}
{"target": -12.341359841252874, "params": {"colsample_bytree": 0.8568478977843653, "eta": 0.04091653346312154, "gamma": 654.8571454572647, "max_depth": 5.0, "min_child_weight": 4231.569230560367, "num_boost_round": 25.0, "subsample": 0.6382529987167749}, "datetime": {"datetime": "2024-01-20 14:50:31", "elapsed": 1597.694779, "delta": 0.002553}}
{"target": -12.341443676214027, "params": {"colsample_bytree": 0.8568478977843653, "eta": 0.04091653346312154, "gamma": 654.8571454572647, "max_depth": 5.0, "min_child_weight": 4231.569230560367, "num_boost_round": 26.0, "subsample": 0.6382529987167749}, "datetime": {"datetime": "2024-01-20 14:50:31", "elapsed": 1597.69735, "delta": 0.002571}}
{"target": -12.341489343547334, "params": {"colsample_bytree": 0.8568478977843653, "eta": 0.04091653346312154, "gamma": 654.8571454572647, "max_depth": 5.0, "min_child_weight": 4231.569230560367, "num_boost_round": 27.0, "subsample": 0.6382529987167749}, "datetime": {"datetime": "2024-01-20 14:50:31", "elapsed": 1597.700069, "delta": 0.002719}}
{"target": -12.34123142535595, "params": {"colsample_bytree": 0.8568478977843653, "eta": 0.04091653346312154, "gamma": 654.8571454572647, "max_depth": 5.0, "min_child_weight": 4231.569230560367, "num_boost_round": 28.0, "subsample": 0.6382529987167749}, "datetime": {"datetime": "2024-01-20 14:50:31", "elapsed": 1597.702729, "delta": 0.00266}}
{"target": -12.341099160743223, "params": {"colsample_bytree": 0.8568478977843653, "eta": 0.04091653346312154, "gamma": 654.8571454572647, "max_depth": 5.0, "min_child_weight": 4231.569230560367, "num_boost_round": 29.0, "subsample": 0.6382529987167749}, "datetime": {"datetime": "2024-01-20 14:50:31", "elapsed": 1597.705321, "delta": 0.002592}}
{"target": -12.341172595634974, "params": {"colsample_bytree": 0.8568478977843653, "eta": 0.04091653346312154, "gamma": 654.8571454572647, "max_depth": 5.0, "min_child_weight": 4231.569230560367, "num_boost_round": 30.0, "subsample": 0.6382529987167749}, "datetime": {"datetime": "2024-01-20 14:50:31", "elapsed": 1597.707914, "delta": 0.002593}}
{"target": -12.341105925955894, "params": {"colsample_bytree": 0.8568478977843653, "eta": 0.04091653346312154, "gamma": 654.8571454572647, "max_depth": 5.0, "min_child_weight": 4231.569230560367, "num_boost_round": 31.0, "subsample": 0.6382529987167749}, "datetime": {"datetime": "2024-01-20 14:50:31", "elapsed": 1597.71052, "delta": 0.002606}}
