{"target": -15.169878019998148, "params": {"colsample_bytree": 0.19588386651922973, "eta": 0.02714406097905685, "gamma": 399.3771882121578, "max_depth": 3.0, "min_child_weight": 4414.7896845920495, "num_boost_round": 6.0, "subsample": 0.179649801664995}, "datetime": {"datetime": "2024-01-20 14:53:16", "elapsed": 1754.131054, "delta": 0.002594}}
{"target": -15.1693611717063, "params": {"colsample_bytree": 0.19588386651922973, "eta": 0.02714406097905685, "gamma": 399.3771882121578, "max_depth": 3.0, "min_child_weight": 4414.7896845920495, "num_boost_round": 7.0, "subsample": 0.179649801664995}, "datetime": {"datetime": "2024-01-20 14:53:16", "elapsed": 1754.133538, "delta": 0.002484}}
{"target": -15.168742294728073, "params": {"colsample_bytree": 0.19588386651922973, "eta": 0.02714406097905685, "gamma": 399.3771882121578, "max_depth": 3.0, "min_child_weight": 4414.7896845920495, "num_boost_round": 8.0, "subsample": 0.179649801664995}, "datetime": {"datetime": "2024-01-20 14:53:16", "elapsed": 1754.136085, "delta": 0.002547}}
{"target": -15.168602239237558, "params": {"colsample_bytree": 0.19588386651922973, "eta": 0.02714406097905685, "gamma": 399.3771882121578, "max_depth": 3.0, "min_child_weight": 4414.7896845920495, "num_boost_round": 9.0, "subsample": 0.179649801664995}, "datetime": {"datetime": "2024-01-20 14:53:16", "elapsed": 1754.138588, "delta": 0.002503}}
{"target": -15.168132114795199, "params": {"colsample_bytree": 0.19588386651922973, "eta": 0.02714406097905685, "gamma": 399.3771882121578, "max_depth": 3.0, "min_child_weight": 4414.7896845920495, "num_boost_round": 10.0, "subsample": 0.179649801664995}, "datetime": {"datetime": "2024-01-20 14:53:16", "elapsed": 1754.141225, "delta": 0.002637}}
{"target": -15.168150383431316, "params": {"colsample_bytree": 0.19588386651922973, "eta": 0.02714406097905685, "gamma": 399.3771882121578, "max_depth": 3.0, "min_child_weight": 4414.7896845920495, "num_boost_round": 11.0, "subsample": 0.179649801664995}, "datetime": {"datetime": "2024-01-20 14:53:16", "elapsed": 1754.143876, "delta": 0.002651}}
{"target": -15.168013727175904, "params": {"colsample_bytree": 0.19588386651922973, "eta": 0.02714406097905685, "gamma": 399.3771882121578, "max_depth": 3.0, "min_child_weight": 4414.7896845920495, "num_boost_round": 12.0, "subsample": 0.179649801664995}, "datetime": {"datetime": "2024-01-20 14:53:16", "elapsed": 1754.146476, "delta": 0.0026}}
{"target": -15.168086413605025, "params": {"colsample_bytree": 0.19588386651922973, "eta": 0.02714406097905685, "gamma": 399.3771882121578, "max_depth": 3.0, "min_child_weight": 4414.7896845920495, "num_boost_round": 13.0, "subsample": 0.179649801664995}, "datetime": {"datetime": "2024-01-20 14:53:16", "elapsed": 1754.148979, "delta": 0.002503}}
{"target": -15.168070552675438, "params": {"colsample_bytree": 0.19588386651922973, "eta": 0.02714406097905685, "gamma": 399.3771882121578, "max_depth": 3.0, "min_child_weight": 4414.7896845920495, "num_boost_round": 14.0, "subsample": 0.179649801664995}, "datetime": {"datetime": "2024-01-20 14:53:16", "elapsed": 1754.151454, "delta": 0.002475}}
{"target": -15.167923070428282, "params": {"colsample_bytree": 0.19588386651922973, "eta": 0.02714406097905685, "gamma": 399.3771882121578, "max_depth": 3.0, "min_child_weight": 4414.7896845920495, "num_boost_round": 15.0, "subsample": 0.179649801664995}, "datetime": {"datetime": "2024-01-20 14:53:16", "elapsed": 1754.153925, "delta": 0.002471}}
{"target": -15.167584712210282, "params": {"colsample_bytree": 0.19588386651922973, "eta": 0.02714406097905685, "gamma": 399.3771882121578, "max_depth": 3.0, "min_child_weight": 4414.7896845920495, "num_boost_round": 16.0, "subsample": 0.179649801664995}, "datetime": {"datetime": "2024-01-20 14:53:16", "elapsed": 1754.156407, "delta": 0.002482}}
{"target": -15.166703539238643, "params": {"colsample_bytree": 0.19588386651922973, "eta": 0.02714406097905685, "gamma": 399.3771882121578, "max_depth": 3.0, "min_child_weight": 4414.7896845920495, "num_boost_round": 17.0, "subsample": 0.179649801664995}, "datetime": {"datetime": "2024-01-20 14:53:16", "elapsed": 1754.158935, "delta": 0.002528}}
{"target": -15.166677885472097, "params": {"colsample_bytree": 0.19588386651922973, "eta": 0.02714406097905685, "gamma": 399.3771882121578, "max_depth": 3.0, "min_child_weight": 4414.7896845920495, "num_boost_round": 18.0, "subsample": 0.179649801664995}, "datetime": {"datetime": "2024-01-20 14:53:16", "elapsed": 1754.161443, "delta": 0.002508}}
{"target": -15.166100095418411, "params": {"colsample_bytree": 0.19588386651922973, "eta": 0.02714406097905685, "gamma": 399.3771882121578, "max_depth": 3.0, "min_child_weight": 4414.7896845920495, "num_boost_round": 19.0, "subsample": 0.179649801664995}, "datetime": {"datetime": "2024-01-20 14:53:16", "elapsed": 1754.163955, "delta": 0.002512}}
{"target": -15.16611750819547, "params": {"colsample_bytree": 0.19588386651922973, "eta": 0.02714406097905685, "gamma": 399.3771882121578, "max_depth": 3.0, "min_child_weight": 4414.7896845920495, "num_boost_round": 20.0, "subsample": 0.179649801664995}, "datetime": {"datetime": "2024-01-20 14:53:16", "elapsed": 1754.166541, "delta": 0.002586}}
{"target": -15.165761087530772, "params": {"colsample_bytree": 0.19588386651922973, "eta": 0.02714406097905685, "gamma": 399.3771882121578, "max_depth": 3.0, "min_child_weight": 4414.7896845920495, "num_boost_round": 21.0, "subsample": 0.179649801664995}, "datetime": {"datetime": "2024-01-20 14:53:16", "elapsed": 1754.169038, "delta": 0.002497}}
{"target": -15.165772506709974, "params": {"colsample_bytree": 0.19588386651922973, "eta": 0.02714406097905685, "gamma": 399.3771882121578, "max_depth": 3.0, "min_child_weight": 4414.7896845920495, "num_boost_round": 22.0, "subsample": 0.179649801664995}, "datetime": {"datetime": "2024-01-20 14:53:16", "elapsed": 1754.171539, "delta": 0.002501}}
{"target": -15.165681712595466, "params": {"colsample_bytree": 0.19588386651922973, "eta": 0.02714406097905685, "gamma": 399.3771882121578, "max_depth": 3.0, "min_child_weight": 4414.7896845920495, "num_boost_round": 23.0, "subsample": 0.179649801664995}, "datetime": {"datetime": "2024-01-20 14:53:16", "elapsed": 1754.174092, "delta": 0.002553}}
{"target": -15.165751229840993, "params": {"colsample_bytree": 0.19588386651922973, "eta": 0.02714406097905685, "gamma": 399.3771882121578, "max_depth": 3.0, "min_child_weight": 4414.7896845920495, "num_boost_round": 24.0, "subsample": 0.179649801664995}, "datetime": {"datetime": "2024-01-20 14:53:16", "elapsed": 1754.176607, "delta": 0.002515}}
{"target": -15.16577735255482, "params": {"colsample_bytree": 0.19588386651922973, "eta": 0.02714406097905685, "gamma": 399.3771882121578, "max_depth": 3.0, "min_child_weight": 4414.7896845920495, "num_boost_round": 25.0, "subsample": 0.179649801664995}, "datetime": {"datetime": "2024-01-20 14:53:16", "elapsed": 1754.179141, "delta": 0.002534}}
{"target": -15.165698465207772, "params": {"colsample_bytree": 0.19588386651922973, "eta": 0.02714406097905685, "gamma": 399.3771882121578, "max_depth": 3.0, "min_child_weight": 4414.7896845920495, "num_boost_round": 26.0, "subsample": 0.179649801664995}, "datetime": {"datetime": "2024-01-20 14:53:16", "elapsed": 1754.181644, "delta": 0.002503}}
{"target": -15.165373036875037, "params": {"colsample_bytree": 0.19588386651922973, "eta": 0.02714406097905685, "gamma": 399.3771882121578, "max_depth": 3.0, "min_child_weight": 4414.7896845920495, "num_boost_round": 27.0, "subsample": 0.179649801664995}, "datetime": {"datetime": "2024-01-20 14:53:16", "elapsed": 1754.184128, "delta": 0.002484}}
{"target": -15.165035044627484, "params": {"colsample_bytree": 0.19588386651922973, "eta": 0.02714406097905685, "gamma": 399.3771882121578, "max_depth": 3.0, "min_child_weight": 4414.7896845920495, "num_boost_round": 28.0, "subsample": 0.179649801664995}, "datetime": {"datetime": "2024-01-20 14:53:16", "elapsed": 1754.186664, "delta": 0.002536}}
{"target": -15.165031677964544, "params": {"colsample_bytree": 0.19588386651922973, "eta": 0.02714406097905685, "gamma": 399.3771882121578, "max_depth": 3.0, "min_child_weight": 4414.7896845920495, "num_boost_round": 29.0, "subsample": 0.179649801664995}, "datetime": {"datetime": "2024-01-20 14:53:16", "elapsed": 1754.189225, "delta": 0.002561}}
{"target": -15.1645783281928, "params": {"colsample_bytree": 0.19588386651922973, "eta": 0.02714406097905685, "gamma": 399.3771882121578, "max_depth": 3.0, "min_child_weight": 4414.7896845920495, "num_boost_round": 30.0, "subsample": 0.179649801664995}, "datetime": {"datetime": "2024-01-20 14:53:16", "elapsed": 1754.191775, "delta": 0.00255}}
{"target": -15.164719167277141, "params": {"colsample_bytree": 0.19588386651922973, "eta": 0.02714406097905685, "gamma": 399.3771882121578, "max_depth": 3.0, "min_child_weight": 4414.7896845920495, "num_boost_round": 31.0, "subsample": 0.179649801664995}, "datetime": {"datetime": "2024-01-20 14:53:16", "elapsed": 1754.194268, "delta": 0.002493}}
{"target": -15.164465679829481, "params": {"colsample_bytree": 0.19588386651922973, "eta": 0.02714406097905685, "gamma": 399.3771882121578, "max_depth": 3.0, "min_child_weight": 4414.7896845920495, "num_boost_round": 32.0, "subsample": 0.179649801664995}, "datetime": {"datetime": "2024-01-20 14:53:16", "elapsed": 1754.196838, "delta": 0.00257}}
{"target": -15.164354555511839, "params": {"colsample_bytree": 0.19588386651922973, "eta": 0.02714406097905685, "gamma": 399.3771882121578, "max_depth": 3.0, "min_child_weight": 4414.7896845920495, "num_boost_round": 33.0, "subsample": 0.179649801664995}, "datetime": {"datetime": "2024-01-20 14:53:16", "elapsed": 1754.199359, "delta": 0.002521}}
{"target": -15.164352550926093, "params": {"colsample_bytree": 0.19588386651922973, "eta": 0.02714406097905685, "gamma": 399.3771882121578, "max_depth": 3.0, "min_child_weight": 4414.7896845920495, "num_boost_round": 34.0, "subsample": 0.179649801664995}, "datetime": {"datetime": "2024-01-20 14:53:16", "elapsed": 1754.201844, "delta": 0.002485}}
{"target": -15.164150190245248, "params": {"colsample_bytree": 0.19588386651922973, "eta": 0.02714406097905685, "gamma": 399.3771882121578, "max_depth": 3.0, "min_child_weight": 4414.7896845920495, "num_boost_round": 35.0, "subsample": 0.179649801664995}, "datetime": {"datetime": "2024-01-20 14:53:16", "elapsed": 1754.204369, "delta": 0.002525}}
{"target": -15.16409292552786, "params": {"colsample_bytree": 0.19588386651922973, "eta": 0.02714406097905685, "gamma": 399.3771882121578, "max_depth": 3.0, "min_child_weight": 4414.7896845920495, "num_boost_round": 36.0, "subsample": 0.179649801664995}, "datetime": {"datetime": "2024-01-20 14:53:16", "elapsed": 1754.207025, "delta": 0.002656}}
{"target": -15.163545395459703, "params": {"colsample_bytree": 0.19588386651922973, "eta": 0.02714406097905685, "gamma": 399.3771882121578, "max_depth": 3.0, "min_child_weight": 4414.7896845920495, "num_boost_round": 37.0, "subsample": 0.179649801664995}, "datetime": {"datetime": "2024-01-20 14:53:16", "elapsed": 1754.209721, "delta": 0.002696}}
{"target": -15.163589698189542, "params": {"colsample_bytree": 0.19588386651922973, "eta": 0.02714406097905685, "gamma": 399.3771882121578, "max_depth": 3.0, "min_child_weight": 4414.7896845920495, "num_boost_round": 38.0, "subsample": 0.179649801664995}, "datetime": {"datetime": "2024-01-20 14:53:16", "elapsed": 1754.212306, "delta": 0.002585}}
{"target": -15.163552585189375, "params": {"colsample_bytree": 0.19588386651922973, "eta": 0.02714406097905685, "gamma": 399.3771882121578, "max_depth": 3.0, "min_child_weight": 4414.7896845920495, "num_boost_round": 39.0, "subsample": 0.179649801664995}, "datetime": {"datetime": "2024-01-20 14:53:16", "elapsed": 1754.214841, "delta": 0.002535}}
{"target": -15.163445288237298, "params": {"colsample_bytree": 0.19588386651922973, "eta": 0.02714406097905685, "gamma": 399.3771882121578, "max_depth": 3.0, "min_child_weight": 4414.7896845920495, "num_boost_round": 40.0, "subsample": 0.179649801664995}, "datetime": {"datetime": "2024-01-20 14:53:16", "elapsed": 1754.218077, "delta": 0.003236}}
{"target": -15.163443617638102, "params": {"colsample_bytree": 0.19588386651922973, "eta": 0.02714406097905685, "gamma": 399.3771882121578, "max_depth": 3.0, "min_child_weight": 4414.7896845920495, "num_boost_round": 41.0, "subsample": 0.179649801664995}, "datetime": {"datetime": "2024-01-20 14:53:16", "elapsed": 1754.220655, "delta": 0.002578}}
{"target": -15.16324786838858, "params": {"colsample_bytree": 0.19588386651922973, "eta": 0.02714406097905685, "gamma": 399.3771882121578, "max_depth": 3.0, "min_child_weight": 4414.7896845920495, "num_boost_round": 42.0, "subsample": 0.179649801664995}, "datetime": {"datetime": "2024-01-20 14:53:16", "elapsed": 1754.223606, "delta": 0.002951}}
{"target": -15.162983314552825, "params": {"colsample_bytree": 0.19588386651922973, "eta": 0.02714406097905685, "gamma": 399.3771882121578, "max_depth": 3.0, "min_child_weight": 4414.7896845920495, "num_boost_round": 43.0, "subsample": 0.179649801664995}, "datetime": {"datetime": "2024-01-20 14:53:16", "elapsed": 1754.226269, "delta": 0.002663}}
{"target": -15.163031571330404, "params": {"colsample_bytree": 0.19588386651922973, "eta": 0.02714406097905685, "gamma": 399.3771882121578, "max_depth": 3.0, "min_child_weight": 4414.7896845920495, "num_boost_round": 44.0, "subsample": 0.179649801664995}, "datetime": {"datetime": "2024-01-20 14:53:16", "elapsed": 1754.229067, "delta": 0.002798}}
{"target": -15.163027990035822, "params": {"colsample_bytree": 0.19588386651922973, "eta": 0.02714406097905685, "gamma": 399.3771882121578, "max_depth": 3.0, "min_child_weight": 4414.7896845920495, "num_boost_round": 45.0, "subsample": 0.179649801664995}, "datetime": {"datetime": "2024-01-20 14:53:16", "elapsed": 1754.231705, "delta": 0.002638}}
{"target": -15.162555366283879, "params": {"colsample_bytree": 0.19588386651922973, "eta": 0.02714406097905685, "gamma": 399.3771882121578, "max_depth": 3.0, "min_child_weight": 4414.7896845920495, "num_boost_round": 46.0, "subsample": 0.179649801664995}, "datetime": {"datetime": "2024-01-20 14:53:16", "elapsed": 1754.234236, "delta": 0.002531}}
{"target": -15.162298889260509, "params": {"colsample_bytree": 0.19588386651922973, "eta": 0.02714406097905685, "gamma": 399.3771882121578, "max_depth": 3.0, "min_child_weight": 4414.7896845920495, "num_boost_round": 47.0, "subsample": 0.179649801664995}, "datetime": {"datetime": "2024-01-20 14:53:16", "elapsed": 1754.23675, "delta": 0.002514}}
{"target": -15.162295195027877, "params": {"colsample_bytree": 0.19588386651922973, "eta": 0.02714406097905685, "gamma": 399.3771882121578, "max_depth": 3.0, "min_child_weight": 4414.7896845920495, "num_boost_round": 48.0, "subsample": 0.179649801664995}, "datetime": {"datetime": "2024-01-20 14:53:16", "elapsed": 1754.239243, "delta": 0.002493}}
{"target": -15.162343928105113, "params": {"colsample_bytree": 0.19588386651922973, "eta": 0.02714406097905685, "gamma": 399.3771882121578, "max_depth": 3.0, "min_child_weight": 4414.7896845920495, "num_boost_round": 49.0, "subsample": 0.179649801664995}, "datetime": {"datetime": "2024-01-20 14:53:16", "elapsed": 1754.241931, "delta": 0.002688}}
{"target": -15.162359166378213, "params": {"colsample_bytree": 0.19588386651922973, "eta": 0.02714406097905685, "gamma": 399.3771882121578, "max_depth": 3.0, "min_child_weight": 4414.7896845920495, "num_boost_round": 50.0, "subsample": 0.179649801664995}, "datetime": {"datetime": "2024-01-20 14:53:16", "elapsed": 1754.244533, "delta": 0.002602}}
{"target": -15.162472323859122, "params": {"colsample_bytree": 0.19588386651922973, "eta": 0.02714406097905685, "gamma": 399.3771882121578, "max_depth": 3.0, "min_child_weight": 4414.7896845920495, "num_boost_round": 51.0, "subsample": 0.179649801664995}, "datetime": {"datetime": "2024-01-20 14:53:16", "elapsed": 1754.247035, "delta": 0.002502}}
{"target": -15.16247008106108, "params": {"colsample_bytree": 0.19588386651922973, "eta": 0.02714406097905685, "gamma": 399.3771882121578, "max_depth": 3.0, "min_child_weight": 4414.7896845920495, "num_boost_round": 52.0, "subsample": 0.179649801664995}, "datetime": {"datetime": "2024-01-20 14:53:16", "elapsed": 1754.24956, "delta": 0.002525}}
{"target": -15.162045621557022, "params": {"colsample_bytree": 0.19588386651922973, "eta": 0.02714406097905685, "gamma": 399.3771882121578, "max_depth": 3.0, "min_child_weight": 4414.7896845920495, "num_boost_round": 53.0, "subsample": 0.179649801664995}, "datetime": {"datetime": "2024-01-20 14:53:16", "elapsed": 1754.252158, "delta": 0.002598}}
{"target": -15.161987560174516, "params": {"colsample_bytree": 0.19588386651922973, "eta": 0.02714406097905685, "gamma": 399.3771882121578, "max_depth": 3.0, "min_child_weight": 4414.7896845920495, "num_boost_round": 54.0, "subsample": 0.179649801664995}, "datetime": {"datetime": "2024-01-20 14:53:16", "elapsed": 1754.254671, "delta": 0.002513}}
{"target": -15.161882871099412, "params": {"colsample_bytree": 0.19588386651922973, "eta": 0.02714406097905685, "gamma": 399.3771882121578, "max_depth": 3.0, "min_child_weight": 4414.7896845920495, "num_boost_round": 55.0, "subsample": 0.179649801664995}, "datetime": {"datetime": "2024-01-20 14:53:16", "elapsed": 1754.25717, "delta": 0.002499}}
{"target": -15.161475020561841, "params": {"colsample_bytree": 0.19588386651922973, "eta": 0.02714406097905685, "gamma": 399.3771882121578, "max_depth": 3.0, "min_child_weight": 4414.7896845920495, "num_boost_round": 56.0, "subsample": 0.179649801664995}, "datetime": {"datetime": "2024-01-20 14:53:16", "elapsed": 1754.259735, "delta": 0.002565}}
{"target": -15.161589205643562, "params": {"colsample_bytree": 0.19588386651922973, "eta": 0.02714406097905685, "gamma": 399.3771882121578, "max_depth": 3.0, "min_child_weight": 4414.7896845920495, "num_boost_round": 57.0, "subsample": 0.179649801664995}, "datetime": {"datetime": "2024-01-20 14:53:16", "elapsed": 1754.262323, "delta": 0.002588}}
{"target": -15.161589558479278, "params": {"colsample_bytree": 0.19588386651922973, "eta": 0.02714406097905685, "gamma": 399.3771882121578, "max_depth": 3.0, "min_child_weight": 4414.7896845920495, "num_boost_round": 58.0, "subsample": 0.179649801664995}, "datetime": {"datetime": "2024-01-20 14:53:16", "elapsed": 1754.264833, "delta": 0.00251}}
{"target": -15.161371216057681, "params": {"colsample_bytree": 0.19588386651922973, "eta": 0.02714406097905685, "gamma": 399.3771882121578, "max_depth": 3.0, "min_child_weight": 4414.7896845920495, "num_boost_round": 59.0, "subsample": 0.179649801664995}, "datetime": {"datetime": "2024-01-20 14:53:16", "elapsed": 1754.267344, "delta": 0.002511}}
{"target": -15.161293856898062, "params": {"colsample_bytree": 0.19588386651922973, "eta": 0.02714406097905685, "gamma": 399.3771882121578, "max_depth": 3.0, "min_child_weight": 4414.7896845920495, "num_boost_round": 60.0, "subsample": 0.179649801664995}, "datetime": {"datetime": "2024-01-20 14:53:16", "elapsed": 1754.269876, "delta": 0.002532}}
{"target": -15.16123689510452, "params": {"colsample_bytree": 0.19588386651922973, "eta": 0.02714406097905685, "gamma": 399.3771882121578, "max_depth": 3.0, "min_child_weight": 4414.7896845920495, "num_boost_round": 61.0, "subsample": 0.179649801664995}, "datetime": {"datetime": "2024-01-20 14:53:16", "elapsed": 1754.272512, "delta": 0.002636}}
{"target": -15.16125094702557, "params": {"colsample_bytree": 0.19588386651922973, "eta": 0.02714406097905685, "gamma": 399.3771882121578, "max_depth": 3.0, "min_child_weight": 4414.7896845920495, "num_boost_round": 62.0, "subsample": 0.179649801664995}, "datetime": {"datetime": "2024-01-20 14:53:16", "elapsed": 1754.275034, "delta": 0.002522}}
{"target": -15.161255669988455, "params": {"colsample_bytree": 0.19588386651922973, "eta": 0.02714406097905685, "gamma": 399.3771882121578, "max_depth": 3.0, "min_child_weight": 4414.7896845920495, "num_boost_round": 63.0, "subsample": 0.179649801664995}, "datetime": {"datetime": "2024-01-20 14:53:16", "elapsed": 1754.27755, "delta": 0.002516}}
{"target": -15.161194405040273, "params": {"colsample_bytree": 0.19588386651922973, "eta": 0.02714406097905685, "gamma": 399.3771882121578, "max_depth": 3.0, "min_child_weight": 4414.7896845920495, "num_boost_round": 64.0, "subsample": 0.179649801664995}, "datetime": {"datetime": "2024-01-20 14:53:16", "elapsed": 1754.28012, "delta": 0.00257}}
{"target": -15.170968718508533, "params": {"colsample_bytree": 0.5673086720783941, "eta": 0.0751319576936472, "gamma": 620.5796208545115, "max_depth": 3.0, "min_child_weight": 4175.027192806869, "num_boost_round": 1.0, "subsample": 0.9304626337432756}, "datetime": {"datetime": "2024-01-20 14:54:02", "elapsed": 1800.403632, "delta": 46.123512}}
{"target": -15.169526860264853, "params": {"colsample_bytree": 0.5673086720783941, "eta": 0.0751319576936472, "gamma": 620.5796208545115, "max_depth": 3.0, "min_child_weight": 4175.027192806869, "num_boost_round": 2.0, "subsample": 0.9304626337432756}, "datetime": {"datetime": "2024-01-20 14:54:02", "elapsed": 1800.407228, "delta": 0.003596}}
{"target": -15.167225788907801, "params": {"colsample_bytree": 0.5673086720783941, "eta": 0.0751319576936472, "gamma": 620.5796208545115, "max_depth": 3.0, "min_child_weight": 4175.027192806869, "num_boost_round": 3.0, "subsample": 0.9304626337432756}, "datetime": {"datetime": "2024-01-20 14:54:02", "elapsed": 1800.409882, "delta": 0.002654}}
{"target": -15.165755232237322, "params": {"colsample_bytree": 0.5673086720783941, "eta": 0.0751319576936472, "gamma": 620.5796208545115, "max_depth": 3.0, "min_child_weight": 4175.027192806869, "num_boost_round": 4.0, "subsample": 0.9304626337432756}, "datetime": {"datetime": "2024-01-20 14:54:02", "elapsed": 1800.41278, "delta": 0.002898}}
