{"target": -15.155059107509295, "params": {"colsample_bytree": 0.8502093409803626, "eta": 0.08259897048358338, "gamma": 558.5476515780767, "max_depth": 3.0, "min_child_weight": 4204.435308044595, "num_boost_round": 17.0, "subsample": 0.3514469482031144}, "datetime": {"datetime": "2024-01-20 14:59:51", "elapsed": 2148.771913, "delta": 0.002972}}
{"target": -15.155581413659501, "params": {"colsample_bytree": 0.8502093409803626, "eta": 0.08259897048358338, "gamma": 558.5476515780767, "max_depth": 3.0, "min_child_weight": 4204.435308044595, "num_boost_round": 18.0, "subsample": 0.3514469482031144}, "datetime": {"datetime": "2024-01-20 14:59:51", "elapsed": 2148.774815, "delta": 0.002902}}
{"target": -15.155645784507612, "params": {"colsample_bytree": 0.8502093409803626, "eta": 0.08259897048358338, "gamma": 558.5476515780767, "max_depth": 3.0, "min_child_weight": 4204.435308044595, "num_boost_round": 19.0, "subsample": 0.3514469482031144}, "datetime": {"datetime": "2024-01-20 14:59:51", "elapsed": 2148.77772, "delta": 0.002905}}
{"target": -15.15580400589758, "params": {"colsample_bytree": 0.8502093409803626, "eta": 0.08259897048358338, "gamma": 558.5476515780767, "max_depth": 3.0, "min_child_weight": 4204.435308044595, "num_boost_round": 20.0, "subsample": 0.3514469482031144}, "datetime": {"datetime": "2024-01-20 14:59:51", "elapsed": 2148.780643, "delta": 0.002923}}
{"target": -15.155487679399556, "params": {"colsample_bytree": 0.8502093409803626, "eta": 0.08259897048358338, "gamma": 558.5476515780767, "max_depth": 3.0, "min_child_weight": 4204.435308044595, "num_boost_round": 21.0, "subsample": 0.3514469482031144}, "datetime": {"datetime": "2024-01-20 14:59:51", "elapsed": 2148.783575, "delta": 0.002932}}
{"target": -15.155062904603849, "params": {"colsample_bytree": 0.8502093409803626, "eta": 0.08259897048358338, "gamma": 558.5476515780767, "max_depth": 3.0, "min_child_weight": 4204.435308044595, "num_boost_round": 22.0, "subsample": 0.3514469482031144}, "datetime": {"datetime": "2024-01-20 14:59:51", "elapsed": 2148.786455, "delta": 0.00288}}
{"target": -15.154817098194876, "params": {"colsample_bytree": 0.8502093409803626, "eta": 0.08259897048358338, "gamma": 558.5476515780767, "max_depth": 3.0, "min_child_weight": 4204.435308044595, "num_boost_round": 23.0, "subsample": 0.3514469482031144}, "datetime": {"datetime": "2024-01-20 14:59:51", "elapsed": 2148.789381, "delta": 0.002926}}
{"target": -15.15493863125436, "params": {"colsample_bytree": 0.8502093409803626, "eta": 0.08259897048358338, "gamma": 558.5476515780767, "max_depth": 3.0, "min_child_weight": 4204.435308044595, "num_boost_round": 24.0, "subsample": 0.3514469482031144}, "datetime": {"datetime": "2024-01-20 14:59:51", "elapsed": 2148.792559, "delta": 0.003178}}
{"target": -15.155434047770502, "params": {"colsample_bytree": 0.8502093409803626, "eta": 0.08259897048358338, "gamma": 558.5476515780767, "max_depth": 3.0, "min_child_weight": 4204.435308044595, "num_boost_round": 25.0, "subsample": 0.3514469482031144}, "datetime": {"datetime": "2024-01-20 14:59:51", "elapsed": 2148.795686, "delta": 0.003127}}
{"target": -15.155790790458163, "params": {"colsample_bytree": 0.8502093409803626, "eta": 0.08259897048358338, "gamma": 558.5476515780767, "max_depth": 3.0, "min_child_weight": 4204.435308044595, "num_boost_round": 26.0, "subsample": 0.3514469482031144}, "datetime": {"datetime": "2024-01-20 14:59:51", "elapsed": 2148.798601, "delta": 0.002915}}
{"target": -15.156080269253476, "params": {"colsample_bytree": 0.8502093409803626, "eta": 0.08259897048358338, "gamma": 558.5476515780767, "max_depth": 3.0, "min_child_weight": 4204.435308044595, "num_boost_round": 27.0, "subsample": 0.3514469482031144}, "datetime": {"datetime": "2024-01-20 14:59:51", "elapsed": 2148.801585, "delta": 0.002984}}
{"target": -15.156017236739004, "params": {"colsample_bytree": 0.8502093409803626, "eta": 0.08259897048358338, "gamma": 558.5476515780767, "max_depth": 3.0, "min_child_weight": 4204.435308044595, "num_boost_round": 28.0, "subsample": 0.3514469482031144}, "datetime": {"datetime": "2024-01-20 14:59:51", "elapsed": 2148.804448, "delta": 0.002863}}
{"target": -15.155794501337366, "params": {"colsample_bytree": 0.8502093409803626, "eta": 0.08259897048358338, "gamma": 558.5476515780767, "max_depth": 3.0, "min_child_weight": 4204.435308044595, "num_boost_round": 29.0, "subsample": 0.3514469482031144}, "datetime": {"datetime": "2024-01-20 14:59:51", "elapsed": 2148.807335, "delta": 0.002887}}
{"target": -15.15569306835674, "params": {"colsample_bytree": 0.8502093409803626, "eta": 0.08259897048358338, "gamma": 558.5476515780767, "max_depth": 3.0, "min_child_weight": 4204.435308044595, "num_boost_round": 30.0, "subsample": 0.3514469482031144}, "datetime": {"datetime": "2024-01-20 14:59:51", "elapsed": 2148.810224, "delta": 0.002889}}
{"target": -15.156068279539078, "params": {"colsample_bytree": 0.8502093409803626, "eta": 0.08259897048358338, "gamma": 558.5476515780767, "max_depth": 3.0, "min_child_weight": 4204.435308044595, "num_boost_round": 31.0, "subsample": 0.3514469482031144}, "datetime": {"datetime": "2024-01-20 14:59:51", "elapsed": 2148.813238, "delta": 0.003014}}
{"target": -15.17244825476362, "params": {"colsample_bytree": 0.4935368828936296, "eta": 0.019095616311702337, "gamma": 589.991022335759, "max_depth": 3.0, "min_child_weight": 4250.420325966924, "num_boost_round": 1.0, "subsample": 0.8737290086149725}, "datetime": {"datetime": "2024-01-20 15:00:36", "elapsed": 2194.360918, "delta": 45.54768}}
{"target": -15.171905551934248, "params": {"colsample_bytree": 0.4935368828936296, "eta": 0.019095616311702337, "gamma": 589.991022335759, "max_depth": 3.0, "min_child_weight": 4250.420325966924, "num_boost_round": 2.0, "subsample": 0.8737290086149725}, "datetime": {"datetime": "2024-01-20 15:00:36", "elapsed": 2194.36509, "delta": 0.004172}}
{"target": -15.171270999793943, "params": {"colsample_bytree": 0.4935368828936296, "eta": 0.019095616311702337, "gamma": 589.991022335759, "max_depth": 3.0, "min_child_weight": 4250.420325966924, "num_boost_round": 3.0, "subsample": 0.8737290086149725}, "datetime": {"datetime": "2024-01-20 15:00:36", "elapsed": 2194.368275, "delta": 0.003185}}
{"target": -15.171184605707865, "params": {"colsample_bytree": 0.4935368828936296, "eta": 0.019095616311702337, "gamma": 589.991022335759, "max_depth": 3.0, "min_child_weight": 4250.420325966924, "num_boost_round": 4.0, "subsample": 0.8737290086149725}, "datetime": {"datetime": "2024-01-20 15:00:36", "elapsed": 2194.371401, "delta": 0.003126}}
{"target": -15.17017270960455, "params": {"colsample_bytree": 0.4935368828936296, "eta": 0.019095616311702337, "gamma": 589.991022335759, "max_depth": 3.0, "min_child_weight": 4250.420325966924, "num_boost_round": 5.0, "subsample": 0.8737290086149725}, "datetime": {"datetime": "2024-01-20 15:00:36", "elapsed": 2194.37446, "delta": 0.003059}}
{"target": -15.169610738301106, "params": {"colsample_bytree": 0.4935368828936296, "eta": 0.019095616311702337, "gamma": 589.991022335759, "max_depth": 3.0, "min_child_weight": 4250.420325966924, "num_boost_round": 6.0, "subsample": 0.8737290086149725}, "datetime": {"datetime": "2024-01-20 15:00:36", "elapsed": 2194.377456, "delta": 0.002996}}
{"target": -15.169020938712688, "params": {"colsample_bytree": 0.4935368828936296, "eta": 0.019095616311702337, "gamma": 589.991022335759, "max_depth": 3.0, "min_child_weight": 4250.420325966924, "num_boost_round": 7.0, "subsample": 0.8737290086149725}, "datetime": {"datetime": "2024-01-20 15:00:36", "elapsed": 2194.380604, "delta": 0.003148}}
{"target": -15.168096011065767, "params": {"colsample_bytree": 0.4935368828936296, "eta": 0.019095616311702337, "gamma": 589.991022335759, "max_depth": 3.0, "min_child_weight": 4250.420325966924, "num_boost_round": 8.0, "subsample": 0.8737290086149725}, "datetime": {"datetime": "2024-01-20 15:00:36", "elapsed": 2194.38371, "delta": 0.003106}}
{"target": -15.167668773780555, "params": {"colsample_bytree": 0.4935368828936296, "eta": 0.019095616311702337, "gamma": 589.991022335759, "max_depth": 3.0, "min_child_weight": 4250.420325966924, "num_boost_round": 9.0, "subsample": 0.8737290086149725}, "datetime": {"datetime": "2024-01-20 15:00:36", "elapsed": 2194.386802, "delta": 0.003092}}
{"target": -15.167220642525065, "params": {"colsample_bytree": 0.4935368828936296, "eta": 0.019095616311702337, "gamma": 589.991022335759, "max_depth": 3.0, "min_child_weight": 4250.420325966924, "num_boost_round": 10.0, "subsample": 0.8737290086149725}, "datetime": {"datetime": "2024-01-20 15:00:36", "elapsed": 2194.389836, "delta": 0.003034}}
{"target": -15.167113046837809, "params": {"colsample_bytree": 0.4935368828936296, "eta": 0.019095616311702337, "gamma": 589.991022335759, "max_depth": 3.0, "min_child_weight": 4250.420325966924, "num_boost_round": 11.0, "subsample": 0.8737290086149725}, "datetime": {"datetime": "2024-01-20 15:00:36", "elapsed": 2194.393375, "delta": 0.003539}}
{"target": -15.166573726953743, "params": {"colsample_bytree": 0.4935368828936296, "eta": 0.019095616311702337, "gamma": 589.991022335759, "max_depth": 3.0, "min_child_weight": 4250.420325966924, "num_boost_round": 12.0, "subsample": 0.8737290086149725}, "datetime": {"datetime": "2024-01-20 15:00:36", "elapsed": 2194.396708, "delta": 0.003333}}
{"target": -15.166296212021408, "params": {"colsample_bytree": 0.4935368828936296, "eta": 0.019095616311702337, "gamma": 589.991022335759, "max_depth": 3.0, "min_child_weight": 4250.420325966924, "num_boost_round": 13.0, "subsample": 0.8737290086149725}, "datetime": {"datetime": "2024-01-20 15:00:36", "elapsed": 2194.400036, "delta": 0.003328}}
{"target": -15.165797024361671, "params": {"colsample_bytree": 0.4935368828936296, "eta": 0.019095616311702337, "gamma": 589.991022335759, "max_depth": 3.0, "min_child_weight": 4250.420325966924, "num_boost_round": 14.0, "subsample": 0.8737290086149725}, "datetime": {"datetime": "2024-01-20 15:00:36", "elapsed": 2194.403131, "delta": 0.003095}}
{"target": -15.165224532485626, "params": {"colsample_bytree": 0.4935368828936296, "eta": 0.019095616311702337, "gamma": 589.991022335759, "max_depth": 3.0, "min_child_weight": 4250.420325966924, "num_boost_round": 15.0, "subsample": 0.8737290086149725}, "datetime": {"datetime": "2024-01-20 15:00:36", "elapsed": 2194.406174, "delta": 0.003043}}
{"target": -15.165110283499494, "params": {"colsample_bytree": 0.4935368828936296, "eta": 0.019095616311702337, "gamma": 589.991022335759, "max_depth": 3.0, "min_child_weight": 4250.420325966924, "num_boost_round": 16.0, "subsample": 0.8737290086149725}, "datetime": {"datetime": "2024-01-20 15:00:36", "elapsed": 2194.409137, "delta": 0.002963}}
{"target": -15.164534821042386, "params": {"colsample_bytree": 0.4935368828936296, "eta": 0.019095616311702337, "gamma": 589.991022335759, "max_depth": 3.0, "min_child_weight": 4250.420325966924, "num_boost_round": 17.0, "subsample": 0.8737290086149725}, "datetime": {"datetime": "2024-01-20 15:00:36", "elapsed": 2194.412488, "delta": 0.003351}}
{"target": -15.164198377270376, "params": {"colsample_bytree": 0.4935368828936296, "eta": 0.019095616311702337, "gamma": 589.991022335759, "max_depth": 3.0, "min_child_weight": 4250.420325966924, "num_boost_round": 18.0, "subsample": 0.8737290086149725}, "datetime": {"datetime": "2024-01-20 15:00:36", "elapsed": 2194.415558, "delta": 0.00307}}
{"target": -15.163888370128536, "params": {"colsample_bytree": 0.4935368828936296, "eta": 0.019095616311702337, "gamma": 589.991022335759, "max_depth": 3.0, "min_child_weight": 4250.420325966924, "num_boost_round": 19.0, "subsample": 0.8737290086149725}, "datetime": {"datetime": "2024-01-20 15:00:36", "elapsed": 2194.418682, "delta": 0.003124}}
{"target": -15.163576931188176, "params": {"colsample_bytree": 0.4935368828936296, "eta": 0.019095616311702337, "gamma": 589.991022335759, "max_depth": 3.0, "min_child_weight": 4250.420325966924, "num_boost_round": 20.0, "subsample": 0.8737290086149725}, "datetime": {"datetime": "2024-01-20 15:00:36", "elapsed": 2194.421989, "delta": 0.003307}}
{"target": -15.162969740903565, "params": {"colsample_bytree": 0.4935368828936296, "eta": 0.019095616311702337, "gamma": 589.991022335759, "max_depth": 3.0, "min_child_weight": 4250.420325966924, "num_boost_round": 21.0, "subsample": 0.8737290086149725}, "datetime": {"datetime": "2024-01-20 15:00:36", "elapsed": 2194.425285, "delta": 0.003296}}
{"target": -15.16299038434351, "params": {"colsample_bytree": 0.4935368828936296, "eta": 0.019095616311702337, "gamma": 589.991022335759, "max_depth": 3.0, "min_child_weight": 4250.420325966924, "num_boost_round": 22.0, "subsample": 0.8737290086149725}, "datetime": {"datetime": "2024-01-20 15:00:36", "elapsed": 2194.428587, "delta": 0.003302}}
{"target": -15.16242640497831, "params": {"colsample_bytree": 0.4935368828936296, "eta": 0.019095616311702337, "gamma": 589.991022335759, "max_depth": 3.0, "min_child_weight": 4250.420325966924, "num_boost_round": 23.0, "subsample": 0.8737290086149725}, "datetime": {"datetime": "2024-01-20 15:00:36", "elapsed": 2194.431792, "delta": 0.003205}}
{"target": -15.161725015401903, "params": {"colsample_bytree": 0.4935368828936296, "eta": 0.019095616311702337, "gamma": 589.991022335759, "max_depth": 3.0, "min_child_weight": 4250.420325966924, "num_boost_round": 24.0, "subsample": 0.8737290086149725}, "datetime": {"datetime": "2024-01-20 15:00:36", "elapsed": 2194.434918, "delta": 0.003126}}
{"target": -15.161523274424914, "params": {"colsample_bytree": 0.4935368828936296, "eta": 0.019095616311702337, "gamma": 589.991022335759, "max_depth": 3.0, "min_child_weight": 4250.420325966924, "num_boost_round": 25.0, "subsample": 0.8737290086149725}, "datetime": {"datetime": "2024-01-20 15:00:36", "elapsed": 2194.438058, "delta": 0.00314}}
{"target": -15.161474409528964, "params": {"colsample_bytree": 0.4935368828936296, "eta": 0.019095616311702337, "gamma": 589.991022335759, "max_depth": 3.0, "min_child_weight": 4250.420325966924, "num_boost_round": 26.0, "subsample": 0.8737290086149725}, "datetime": {"datetime": "2024-01-20 15:00:37", "elapsed": 2194.441193, "delta": 0.003135}}
{"target": -15.161185113061126, "params": {"colsample_bytree": 0.4935368828936296, "eta": 0.019095616311702337, "gamma": 589.991022335759, "max_depth": 3.0, "min_child_weight": 4250.420325966924, "num_boost_round": 27.0, "subsample": 0.8737290086149725}, "datetime": {"datetime": "2024-01-20 15:00:37", "elapsed": 2194.444356, "delta": 0.003163}}
{"target": -15.16089967429086, "params": {"colsample_bytree": 0.4935368828936296, "eta": 0.019095616311702337, "gamma": 589.991022335759, "max_depth": 3.0, "min_child_weight": 4250.420325966924, "num_boost_round": 28.0, "subsample": 0.8737290086149725}, "datetime": {"datetime": "2024-01-20 15:00:37", "elapsed": 2194.447493, "delta": 0.003137}}
{"target": -15.160546498397785, "params": {"colsample_bytree": 0.4935368828936296, "eta": 0.019095616311702337, "gamma": 589.991022335759, "max_depth": 3.0, "min_child_weight": 4250.420325966924, "num_boost_round": 29.0, "subsample": 0.8737290086149725}, "datetime": {"datetime": "2024-01-20 15:00:37", "elapsed": 2194.450669, "delta": 0.003176}}
{"target": -15.16032657402939, "params": {"colsample_bytree": 0.4935368828936296, "eta": 0.019095616311702337, "gamma": 589.991022335759, "max_depth": 3.0, "min_child_weight": 4250.420325966924, "num_boost_round": 30.0, "subsample": 0.8737290086149725}, "datetime": {"datetime": "2024-01-20 15:00:37", "elapsed": 2194.453781, "delta": 0.003112}}
{"target": -15.160081419133462, "params": {"colsample_bytree": 0.4935368828936296, "eta": 0.019095616311702337, "gamma": 589.991022335759, "max_depth": 3.0, "min_child_weight": 4250.420325966924, "num_boost_round": 31.0, "subsample": 0.8737290086149725}, "datetime": {"datetime": "2024-01-20 15:00:37", "elapsed": 2194.456993, "delta": 0.003212}}
{"target": -15.159868291329811, "params": {"colsample_bytree": 0.4935368828936296, "eta": 0.019095616311702337, "gamma": 589.991022335759, "max_depth": 3.0, "min_child_weight": 4250.420325966924, "num_boost_round": 32.0, "subsample": 0.8737290086149725}, "datetime": {"datetime": "2024-01-20 15:00:37", "elapsed": 2194.460143, "delta": 0.00315}}
{"target": -15.159841851071704, "params": {"colsample_bytree": 0.4935368828936296, "eta": 0.019095616311702337, "gamma": 589.991022335759, "max_depth": 3.0, "min_child_weight": 4250.420325966924, "num_boost_round": 33.0, "subsample": 0.8737290086149725}, "datetime": {"datetime": "2024-01-20 15:00:37", "elapsed": 2194.463352, "delta": 0.003209}}
{"target": -15.159902275748886, "params": {"colsample_bytree": 0.4935368828936296, "eta": 0.019095616311702337, "gamma": 589.991022335759, "max_depth": 3.0, "min_child_weight": 4250.420325966924, "num_boost_round": 34.0, "subsample": 0.8737290086149725}, "datetime": {"datetime": "2024-01-20 15:00:37", "elapsed": 2194.466398, "delta": 0.003046}}
{"target": -15.159704808417963, "params": {"colsample_bytree": 0.4935368828936296, "eta": 0.019095616311702337, "gamma": 589.991022335759, "max_depth": 3.0, "min_child_weight": 4250.420325966924, "num_boost_round": 35.0, "subsample": 0.8737290086149725}, "datetime": {"datetime": "2024-01-20 15:00:37", "elapsed": 2194.469487, "delta": 0.003089}}
{"target": -15.172363140296293, "params": {"colsample_bytree": 0.5779389793439513, "eta": 0.020841883452265644, "gamma": 416.93046371523303, "max_depth": 5.0, "min_child_weight": 4420.2007678470745, "num_boost_round": 1.0, "subsample": 0.39698800680515}, "datetime": {"datetime": "2024-01-20 15:01:19", "elapsed": 2237.333706, "delta": 42.864219}}
{"target": -15.171616730460297, "params": {"colsample_bytree": 0.5779389793439513, "eta": 0.020841883452265644, "gamma": 416.93046371523303, "max_depth": 5.0, "min_child_weight": 4420.2007678470745, "num_boost_round": 2.0, "subsample": 0.39698800680515}, "datetime": {"datetime": "2024-01-20 15:01:19", "elapsed": 2237.337867, "delta": 0.004161}}
{"target": -15.17090837726511, "params": {"colsample_bytree": 0.5779389793439513, "eta": 0.020841883452265644, "gamma": 416.93046371523303, "max_depth": 5.0, "min_child_weight": 4420.2007678470745, "num_boost_round": 3.0, "subsample": 0.39698800680515}, "datetime": {"datetime": "2024-01-20 15:01:19", "elapsed": 2237.341052, "delta": 0.003185}}
{"target": -15.17033888513421, "params": {"colsample_bytree": 0.5779389793439513, "eta": 0.020841883452265644, "gamma": 416.93046371523303, "max_depth": 5.0, "min_child_weight": 4420.2007678470745, "num_boost_round": 4.0, "subsample": 0.39698800680515}, "datetime": {"datetime": "2024-01-20 15:01:19", "elapsed": 2237.344162, "delta": 0.00311}}
{"target": -15.169238152823663, "params": {"colsample_bytree": 0.5779389793439513, "eta": 0.020841883452265644, "gamma": 416.93046371523303, "max_depth": 5.0, "min_child_weight": 4420.2007678470745, "num_boost_round": 5.0, "subsample": 0.39698800680515}, "datetime": {"datetime": "2024-01-20 15:01:19", "elapsed": 2237.347308, "delta": 0.003146}}
{"target": -15.168541759144464, "params": {"colsample_bytree": 0.5779389793439513, "eta": 0.020841883452265644, "gamma": 416.93046371523303, "max_depth": 5.0, "min_child_weight": 4420.2007678470745, "num_boost_round": 6.0, "subsample": 0.39698800680515}, "datetime": {"datetime": "2024-01-20 15:01:19", "elapsed": 2237.350317, "delta": 0.003009}}
{"target": -15.167940272063527, "params": {"colsample_bytree": 0.5779389793439513, "eta": 0.020841883452265644, "gamma": 416.93046371523303, "max_depth": 5.0, "min_child_weight": 4420.2007678470745, "num_boost_round": 7.0, "subsample": 0.39698800680515}, "datetime": {"datetime": "2024-01-20 15:01:19", "elapsed": 2237.353393, "delta": 0.003076}}
{"target": -15.166907348307726, "params": {"colsample_bytree": 0.5779389793439513, "eta": 0.020841883452265644, "gamma": 416.93046371523303, "max_depth": 5.0, "min_child_weight": 4420.2007678470745, "num_boost_round": 8.0, "subsample": 0.39698800680515}, "datetime": {"datetime": "2024-01-20 15:01:19", "elapsed": 2237.356347, "delta": 0.002954}}
{"target": -15.16644050449607, "params": {"colsample_bytree": 0.5779389793439513, "eta": 0.020841883452265644, "gamma": 416.93046371523303, "max_depth": 5.0, "min_child_weight": 4420.2007678470745, "num_boost_round": 9.0, "subsample": 0.39698800680515}, "datetime": {"datetime": "2024-01-20 15:01:19", "elapsed": 2237.35941, "delta": 0.003063}}
{"target": -15.165956433676895, "params": {"colsample_bytree": 0.5779389793439513, "eta": 0.020841883452265644, "gamma": 416.93046371523303, "max_depth": 5.0, "min_child_weight": 4420.2007678470745, "num_boost_round": 10.0, "subsample": 0.39698800680515}, "datetime": {"datetime": "2024-01-20 15:01:19", "elapsed": 2237.36241, "delta": 0.003}}
{"target": -15.16595223966537, "params": {"colsample_bytree": 0.5779389793439513, "eta": 0.020841883452265644, "gamma": 416.93046371523303, "max_depth": 5.0, "min_child_weight": 4420.2007678470745, "num_boost_round": 11.0, "subsample": 0.39698800680515}, "datetime": {"datetime": "2024-01-20 15:01:19", "elapsed": 2237.365425, "delta": 0.003015}}
{"target": -15.165330663512982, "params": {"colsample_bytree": 0.5779389793439513, "eta": 0.020841883452265644, "gamma": 416.93046371523303, "max_depth": 5.0, "min_child_weight": 4420.2007678470745, "num_boost_round": 12.0, "subsample": 0.39698800680515}, "datetime": {"datetime": "2024-01-20 15:01:19", "elapsed": 2237.36843, "delta": 0.003005}}
{"target": -15.164993837797315, "params": {"colsample_bytree": 0.5779389793439513, "eta": 0.020841883452265644, "gamma": 416.93046371523303, "max_depth": 5.0, "min_child_weight": 4420.2007678470745, "num_boost_round": 13.0, "subsample": 0.39698800680515}, "datetime": {"datetime": "2024-01-20 15:01:19", "elapsed": 2237.371522, "delta": 0.003092}}
