{"target": -15.153254058192994, "params": {"colsample_bytree": 0.8019864285966258, "eta": 0.050599749868813236, "gamma": 529.5919311552054, "max_depth": 7.0, "min_child_weight": 4266.615365571897, "num_boost_round": 23.0, "subsample": 0.4341026365272732}, "datetime": {"datetime": "2024-01-20 16:31:38", "elapsed": 7655.538942, "delta": 0.007482}}
{"target": -15.153201799756241, "params": {"colsample_bytree": 0.8019864285966258, "eta": 0.050599749868813236, "gamma": 529.5919311552054, "max_depth": 7.0, "min_child_weight": 4266.615365571897, "num_boost_round": 24.0, "subsample": 0.4341026365272732}, "datetime": {"datetime": "2024-01-20 16:31:38", "elapsed": 7655.546862, "delta": 0.00792}}
{"target": -15.153613937043488, "params": {"colsample_bytree": 0.8019864285966258, "eta": 0.050599749868813236, "gamma": 529.5919311552054, "max_depth": 7.0, "min_child_weight": 4266.615365571897, "num_boost_round": 25.0, "subsample": 0.4341026365272732}, "datetime": {"datetime": "2024-01-20 16:31:38", "elapsed": 7655.554115, "delta": 0.007253}}
{"target": -15.153763853271435, "params": {"colsample_bytree": 0.8019864285966258, "eta": 0.050599749868813236, "gamma": 529.5919311552054, "max_depth": 7.0, "min_child_weight": 4266.615365571897, "num_boost_round": 26.0, "subsample": 0.4341026365272732}, "datetime": {"datetime": "2024-01-20 16:31:38", "elapsed": 7655.565317, "delta": 0.011202}}
{"target": -15.154019553486686, "params": {"colsample_bytree": 0.8019864285966258, "eta": 0.050599749868813236, "gamma": 529.5919311552054, "max_depth": 7.0, "min_child_weight": 4266.615365571897, "num_boost_round": 27.0, "subsample": 0.4341026365272732}, "datetime": {"datetime": "2024-01-20 16:31:38", "elapsed": 7655.572999, "delta": 0.007682}}
{"target": -15.153828481203659, "params": {"colsample_bytree": 0.8019864285966258, "eta": 0.050599749868813236, "gamma": 529.5919311552054, "max_depth": 7.0, "min_child_weight": 4266.615365571897, "num_boost_round": 28.0, "subsample": 0.4341026365272732}, "datetime": {"datetime": "2024-01-20 16:31:38", "elapsed": 7655.581747, "delta": 0.008748}}
{"target": -15.153639474284393, "params": {"colsample_bytree": 0.8019864285966258, "eta": 0.050599749868813236, "gamma": 529.5919311552054, "max_depth": 7.0, "min_child_weight": 4266.615365571897, "num_boost_round": 29.0, "subsample": 0.4341026365272732}, "datetime": {"datetime": "2024-01-20 16:31:38", "elapsed": 7655.589376, "delta": 0.007629}}
{"target": -15.154020649415052, "params": {"colsample_bytree": 0.8019864285966258, "eta": 0.050599749868813236, "gamma": 529.5919311552054, "max_depth": 7.0, "min_child_weight": 4266.615365571897, "num_boost_round": 30.0, "subsample": 0.4341026365272732}, "datetime": {"datetime": "2024-01-20 16:31:38", "elapsed": 7655.597024, "delta": 0.007648}}
{"target": -15.172745093468638, "params": {"colsample_bytree": 0.7030046020256219, "eta": 0.024280423049481213, "gamma": 521.0974121924819, "max_depth": 3.0, "min_child_weight": 4302.688993238515, "num_boost_round": 1.0, "subsample": 0.10167186967418933}, "datetime": {"datetime": "2024-01-20 16:35:05", "elapsed": 7862.695175, "delta": 207.098151}}
{"target": -15.172536827341126, "params": {"colsample_bytree": 0.7030046020256219, "eta": 0.024280423049481213, "gamma": 521.0974121924819, "max_depth": 3.0, "min_child_weight": 4302.688993238515, "num_boost_round": 2.0, "subsample": 0.10167186967418933}, "datetime": {"datetime": "2024-01-20 16:35:05", "elapsed": 7862.702955, "delta": 0.00778}}
{"target": -15.172041557103949, "params": {"colsample_bytree": 0.7030046020256219, "eta": 0.024280423049481213, "gamma": 521.0974121924819, "max_depth": 3.0, "min_child_weight": 4302.688993238515, "num_boost_round": 3.0, "subsample": 0.10167186967418933}, "datetime": {"datetime": "2024-01-20 16:35:05", "elapsed": 7862.709268, "delta": 0.006313}}
{"target": -15.171722484013713, "params": {"colsample_bytree": 0.7030046020256219, "eta": 0.024280423049481213, "gamma": 521.0974121924819, "max_depth": 3.0, "min_child_weight": 4302.688993238515, "num_boost_round": 4.0, "subsample": 0.10167186967418933}, "datetime": {"datetime": "2024-01-20 16:35:05", "elapsed": 7862.7154, "delta": 0.006132}}
{"target": -15.171155057632179, "params": {"colsample_bytree": 0.7030046020256219, "eta": 0.024280423049481213, "gamma": 521.0974121924819, "max_depth": 3.0, "min_child_weight": 4302.688993238515, "num_boost_round": 5.0, "subsample": 0.10167186967418933}, "datetime": {"datetime": "2024-01-20 16:35:05", "elapsed": 7862.722271, "delta": 0.006871}}
{"target": -15.170871478308133, "params": {"colsample_bytree": 0.7030046020256219, "eta": 0.024280423049481213, "gamma": 521.0974121924819, "max_depth": 3.0, "min_child_weight": 4302.688993238515, "num_boost_round": 6.0, "subsample": 0.10167186967418933}, "datetime": {"datetime": "2024-01-20 16:35:05", "elapsed": 7862.728747, "delta": 0.006476}}
{"target": -15.170625343786032, "params": {"colsample_bytree": 0.7030046020256219, "eta": 0.024280423049481213, "gamma": 521.0974121924819, "max_depth": 3.0, "min_child_weight": 4302.688993238515, "num_boost_round": 7.0, "subsample": 0.10167186967418933}, "datetime": {"datetime": "2024-01-20 16:35:05", "elapsed": 7862.735324, "delta": 0.006577}}
{"target": -15.16995166116406, "params": {"colsample_bytree": 0.7030046020256219, "eta": 0.024280423049481213, "gamma": 521.0974121924819, "max_depth": 3.0, "min_child_weight": 4302.688993238515, "num_boost_round": 8.0, "subsample": 0.10167186967418933}, "datetime": {"datetime": "2024-01-20 16:35:05", "elapsed": 7862.743209, "delta": 0.007885}}
{"target": -15.16959101534506, "params": {"colsample_bytree": 0.7030046020256219, "eta": 0.024280423049481213, "gamma": 521.0974121924819, "max_depth": 3.0, "min_child_weight": 4302.688993238515, "num_boost_round": 9.0, "subsample": 0.10167186967418933}, "datetime": {"datetime": "2024-01-20 16:35:05", "elapsed": 7862.749945, "delta": 0.006736}}
{"target": -15.169081362659306, "params": {"colsample_bytree": 0.7030046020256219, "eta": 0.024280423049481213, "gamma": 521.0974121924819, "max_depth": 3.0, "min_child_weight": 4302.688993238515, "num_boost_round": 10.0, "subsample": 0.10167186967418933}, "datetime": {"datetime": "2024-01-20 16:35:05", "elapsed": 7862.75622, "delta": 0.006275}}
{"target": -15.16920582484114, "params": {"colsample_bytree": 0.7030046020256219, "eta": 0.024280423049481213, "gamma": 521.0974121924819, "max_depth": 3.0, "min_child_weight": 4302.688993238515, "num_boost_round": 11.0, "subsample": 0.10167186967418933}, "datetime": {"datetime": "2024-01-20 16:35:05", "elapsed": 7862.763162, "delta": 0.006942}}
{"target": -15.16893324291067, "params": {"colsample_bytree": 0.7030046020256219, "eta": 0.024280423049481213, "gamma": 521.0974121924819, "max_depth": 3.0, "min_child_weight": 4302.688993238515, "num_boost_round": 12.0, "subsample": 0.10167186967418933}, "datetime": {"datetime": "2024-01-20 16:35:05", "elapsed": 7862.76979, "delta": 0.006628}}
{"target": -15.168887406370281, "params": {"colsample_bytree": 0.7030046020256219, "eta": 0.024280423049481213, "gamma": 521.0974121924819, "max_depth": 3.0, "min_child_weight": 4302.688993238515, "num_boost_round": 13.0, "subsample": 0.10167186967418933}, "datetime": {"datetime": "2024-01-20 16:35:05", "elapsed": 7862.776096, "delta": 0.006306}}
{"target": -15.168510335051879, "params": {"colsample_bytree": 0.7030046020256219, "eta": 0.024280423049481213, "gamma": 521.0974121924819, "max_depth": 3.0, "min_child_weight": 4302.688993238515, "num_boost_round": 14.0, "subsample": 0.10167186967418933}, "datetime": {"datetime": "2024-01-20 16:35:05", "elapsed": 7862.782331, "delta": 0.006235}}
{"target": -15.16836551311749, "params": {"colsample_bytree": 0.7030046020256219, "eta": 0.024280423049481213, "gamma": 521.0974121924819, "max_depth": 3.0, "min_child_weight": 4302.688993238515, "num_boost_round": 15.0, "subsample": 0.10167186967418933}, "datetime": {"datetime": "2024-01-20 16:35:05", "elapsed": 7862.788478, "delta": 0.006147}}
{"target": -15.168341770834942, "params": {"colsample_bytree": 0.7030046020256219, "eta": 0.024280423049481213, "gamma": 521.0974121924819, "max_depth": 3.0, "min_child_weight": 4302.688993238515, "num_boost_round": 16.0, "subsample": 0.10167186967418933}, "datetime": {"datetime": "2024-01-20 16:35:05", "elapsed": 7862.794909, "delta": 0.006431}}
{"target": -15.167808272064068, "params": {"colsample_bytree": 0.7030046020256219, "eta": 0.024280423049481213, "gamma": 521.0974121924819, "max_depth": 3.0, "min_child_weight": 4302.688993238515, "num_boost_round": 17.0, "subsample": 0.10167186967418933}, "datetime": {"datetime": "2024-01-20 16:35:05", "elapsed": 7862.80183, "delta": 0.006921}}
{"target": -15.167409553414888, "params": {"colsample_bytree": 0.7030046020256219, "eta": 0.024280423049481213, "gamma": 521.0974121924819, "max_depth": 3.0, "min_child_weight": 4302.688993238515, "num_boost_round": 18.0, "subsample": 0.10167186967418933}, "datetime": {"datetime": "2024-01-20 16:35:05", "elapsed": 7862.808343, "delta": 0.006513}}
{"target": -15.167127230258219, "params": {"colsample_bytree": 0.7030046020256219, "eta": 0.024280423049481213, "gamma": 521.0974121924819, "max_depth": 3.0, "min_child_weight": 4302.688993238515, "num_boost_round": 19.0, "subsample": 0.10167186967418933}, "datetime": {"datetime": "2024-01-20 16:35:05", "elapsed": 7862.814722, "delta": 0.006379}}
{"target": -15.166886249046154, "params": {"colsample_bytree": 0.7030046020256219, "eta": 0.024280423049481213, "gamma": 521.0974121924819, "max_depth": 3.0, "min_child_weight": 4302.688993238515, "num_boost_round": 20.0, "subsample": 0.10167186967418933}, "datetime": {"datetime": "2024-01-20 16:35:05", "elapsed": 7862.821003, "delta": 0.006281}}
{"target": -15.166618827733537, "params": {"colsample_bytree": 0.7030046020256219, "eta": 0.024280423049481213, "gamma": 521.0974121924819, "max_depth": 3.0, "min_child_weight": 4302.688993238515, "num_boost_round": 21.0, "subsample": 0.10167186967418933}, "datetime": {"datetime": "2024-01-20 16:35:05", "elapsed": 7862.8272, "delta": 0.006197}}
{"target": -15.166525163741134, "params": {"colsample_bytree": 0.7030046020256219, "eta": 0.024280423049481213, "gamma": 521.0974121924819, "max_depth": 3.0, "min_child_weight": 4302.688993238515, "num_boost_round": 22.0, "subsample": 0.10167186967418933}, "datetime": {"datetime": "2024-01-20 16:35:05", "elapsed": 7862.833441, "delta": 0.006241}}
{"target": -15.166103525596096, "params": {"colsample_bytree": 0.7030046020256219, "eta": 0.024280423049481213, "gamma": 521.0974121924819, "max_depth": 3.0, "min_child_weight": 4302.688993238515, "num_boost_round": 23.0, "subsample": 0.10167186967418933}, "datetime": {"datetime": "2024-01-20 16:35:05", "elapsed": 7862.84021, "delta": 0.006769}}
{"target": -15.170147767680946, "params": {"colsample_bytree": 0.7061173460110488, "eta": 0.09909323725737071, "gamma": 423.0447657696551, "max_depth": 7.0, "min_child_weight": 4414.12381454829, "num_boost_round": 1.0, "subsample": 0.2536548705582418}, "datetime": {"datetime": "2024-01-20 16:37:58", "elapsed": 8035.786789, "delta": 172.946579}}
{"target": -15.16749437421307, "params": {"colsample_bytree": 0.7061173460110488, "eta": 0.09909323725737071, "gamma": 423.0447657696551, "max_depth": 7.0, "min_child_weight": 4414.12381454829, "num_boost_round": 2.0, "subsample": 0.2536548705582418}, "datetime": {"datetime": "2024-01-20 16:37:58", "elapsed": 8035.794616, "delta": 0.007827}}
{"target": -15.164538800775606, "params": {"colsample_bytree": 0.7061173460110488, "eta": 0.09909323725737071, "gamma": 423.0447657696551, "max_depth": 7.0, "min_child_weight": 4414.12381454829, "num_boost_round": 3.0, "subsample": 0.2536548705582418}, "datetime": {"datetime": "2024-01-20 16:37:58", "elapsed": 8035.801382, "delta": 0.006766}}
{"target": -15.163204474065488, "params": {"colsample_bytree": 0.7061173460110488, "eta": 0.09909323725737071, "gamma": 423.0447657696551, "max_depth": 7.0, "min_child_weight": 4414.12381454829, "num_boost_round": 4.0, "subsample": 0.2536548705582418}, "datetime": {"datetime": "2024-01-20 16:37:58", "elapsed": 8035.807641, "delta": 0.006259}}
{"target": -15.159570075448276, "params": {"colsample_bytree": 0.7061173460110488, "eta": 0.09909323725737071, "gamma": 423.0447657696551, "max_depth": 7.0, "min_child_weight": 4414.12381454829, "num_boost_round": 5.0, "subsample": 0.2536548705582418}, "datetime": {"datetime": "2024-01-20 16:37:58", "elapsed": 8035.814094, "delta": 0.006453}}
{"target": -15.157923884842415, "params": {"colsample_bytree": 0.7061173460110488, "eta": 0.09909323725737071, "gamma": 423.0447657696551, "max_depth": 7.0, "min_child_weight": 4414.12381454829, "num_boost_round": 6.0, "subsample": 0.2536548705582418}, "datetime": {"datetime": "2024-01-20 16:37:58", "elapsed": 8035.820959, "delta": 0.006865}}
{"target": -15.15695908249375, "params": {"colsample_bytree": 0.7061173460110488, "eta": 0.09909323725737071, "gamma": 423.0447657696551, "max_depth": 7.0, "min_child_weight": 4414.12381454829, "num_boost_round": 7.0, "subsample": 0.2536548705582418}, "datetime": {"datetime": "2024-01-20 16:37:58", "elapsed": 8035.828369, "delta": 0.00741}}
{"target": -15.155712457232113, "params": {"colsample_bytree": 0.7061173460110488, "eta": 0.09909323725737071, "gamma": 423.0447657696551, "max_depth": 7.0, "min_child_weight": 4414.12381454829, "num_boost_round": 8.0, "subsample": 0.2536548705582418}, "datetime": {"datetime": "2024-01-20 16:37:58", "elapsed": 8035.835503, "delta": 0.007134}}
{"target": -15.15616672294328, "params": {"colsample_bytree": 0.7061173460110488, "eta": 0.09909323725737071, "gamma": 423.0447657696551, "max_depth": 7.0, "min_child_weight": 4414.12381454829, "num_boost_round": 9.0, "subsample": 0.2536548705582418}, "datetime": {"datetime": "2024-01-20 16:37:58", "elapsed": 8035.842954, "delta": 0.007451}}
{"target": -15.154493763489457, "params": {"colsample_bytree": 0.7061173460110488, "eta": 0.09909323725737071, "gamma": 423.0447657696551, "max_depth": 7.0, "min_child_weight": 4414.12381454829, "num_boost_round": 10.0, "subsample": 0.2536548705582418}, "datetime": {"datetime": "2024-01-20 16:37:58", "elapsed": 8035.850075, "delta": 0.007121}}
{"target": -15.154698954463822, "params": {"colsample_bytree": 0.7061173460110488, "eta": 0.09909323725737071, "gamma": 423.0447657696551, "max_depth": 7.0, "min_child_weight": 4414.12381454829, "num_boost_round": 11.0, "subsample": 0.2536548705582418}, "datetime": {"datetime": "2024-01-20 16:37:58", "elapsed": 8035.857543, "delta": 0.007468}}
{"target": -15.153796634128813, "params": {"colsample_bytree": 0.7061173460110488, "eta": 0.09909323725737071, "gamma": 423.0447657696551, "max_depth": 7.0, "min_child_weight": 4414.12381454829, "num_boost_round": 12.0, "subsample": 0.2536548705582418}, "datetime": {"datetime": "2024-01-20 16:37:58", "elapsed": 8035.864818, "delta": 0.007275}}
{"target": -15.154556552681232, "params": {"colsample_bytree": 0.7061173460110488, "eta": 0.09909323725737071, "gamma": 423.0447657696551, "max_depth": 7.0, "min_child_weight": 4414.12381454829, "num_boost_round": 13.0, "subsample": 0.2536548705582418}, "datetime": {"datetime": "2024-01-20 16:37:58", "elapsed": 8035.872295, "delta": 0.007477}}
{"target": -15.15349701481961, "params": {"colsample_bytree": 0.7061173460110488, "eta": 0.09909323725737071, "gamma": 423.0447657696551, "max_depth": 7.0, "min_child_weight": 4414.12381454829, "num_boost_round": 14.0, "subsample": 0.2536548705582418}, "datetime": {"datetime": "2024-01-20 16:37:58", "elapsed": 8035.879607, "delta": 0.007312}}
{"target": -15.153537905631289, "params": {"colsample_bytree": 0.7061173460110488, "eta": 0.09909323725737071, "gamma": 423.0447657696551, "max_depth": 7.0, "min_child_weight": 4414.12381454829, "num_boost_round": 15.0, "subsample": 0.2536548705582418}, "datetime": {"datetime": "2024-01-20 16:37:58", "elapsed": 8035.886667, "delta": 0.00706}}
{"target": -15.154436198809583, "params": {"colsample_bytree": 0.7061173460110488, "eta": 0.09909323725737071, "gamma": 423.0447657696551, "max_depth": 7.0, "min_child_weight": 4414.12381454829, "num_boost_round": 16.0, "subsample": 0.2536548705582418}, "datetime": {"datetime": "2024-01-20 16:37:58", "elapsed": 8035.894045, "delta": 0.007378}}
{"target": -15.153504921522263, "params": {"colsample_bytree": 0.7061173460110488, "eta": 0.09909323725737071, "gamma": 423.0447657696551, "max_depth": 7.0, "min_child_weight": 4414.12381454829, "num_boost_round": 17.0, "subsample": 0.2536548705582418}, "datetime": {"datetime": "2024-01-20 16:37:58", "elapsed": 8035.900946, "delta": 0.006901}}
{"target": -15.15380789250207, "params": {"colsample_bytree": 0.7061173460110488, "eta": 0.09909323725737071, "gamma": 423.0447657696551, "max_depth": 7.0, "min_child_weight": 4414.12381454829, "num_boost_round": 18.0, "subsample": 0.2536548705582418}, "datetime": {"datetime": "2024-01-20 16:37:58", "elapsed": 8035.908004, "delta": 0.007058}}
{"target": -15.153856725343493, "params": {"colsample_bytree": 0.7061173460110488, "eta": 0.09909323725737071, "gamma": 423.0447657696551, "max_depth": 7.0, "min_child_weight": 4414.12381454829, "num_boost_round": 19.0, "subsample": 0.2536548705582418}, "datetime": {"datetime": "2024-01-20 16:37:58", "elapsed": 8035.915337, "delta": 0.007333}}
{"target": -15.15480870523807, "params": {"colsample_bytree": 0.7061173460110488, "eta": 0.09909323725737071, "gamma": 423.0447657696551, "max_depth": 7.0, "min_child_weight": 4414.12381454829, "num_boost_round": 20.0, "subsample": 0.2536548705582418}, "datetime": {"datetime": "2024-01-20 16:37:58", "elapsed": 8035.922138, "delta": 0.006801}}
{"target": -15.15414713834602, "params": {"colsample_bytree": 0.7061173460110488, "eta": 0.09909323725737071, "gamma": 423.0447657696551, "max_depth": 7.0, "min_child_weight": 4414.12381454829, "num_boost_round": 21.0, "subsample": 0.2536548705582418}, "datetime": {"datetime": "2024-01-20 16:37:58", "elapsed": 8035.928981, "delta": 0.006843}}
{"target": -15.154135673721468, "params": {"colsample_bytree": 0.7061173460110488, "eta": 0.09909323725737071, "gamma": 423.0447657696551, "max_depth": 7.0, "min_child_weight": 4414.12381454829, "num_boost_round": 22.0, "subsample": 0.2536548705582418}, "datetime": {"datetime": "2024-01-20 16:37:58", "elapsed": 8035.935859, "delta": 0.006878}}
{"target": -15.154774146361545, "params": {"colsample_bytree": 0.7061173460110488, "eta": 0.09909323725737071, "gamma": 423.0447657696551, "max_depth": 7.0, "min_child_weight": 4414.12381454829, "num_boost_round": 23.0, "subsample": 0.2536548705582418}, "datetime": {"datetime": "2024-01-20 16:37:58", "elapsed": 8035.943005, "delta": 0.007146}}
{"target": -15.154946525485549, "params": {"colsample_bytree": 0.7061173460110488, "eta": 0.09909323725737071, "gamma": 423.0447657696551, "max_depth": 7.0, "min_child_weight": 4414.12381454829, "num_boost_round": 24.0, "subsample": 0.2536548705582418}, "datetime": {"datetime": "2024-01-20 16:37:58", "elapsed": 8035.949794, "delta": 0.006789}}
{"target": -15.154665769919369, "params": {"colsample_bytree": 0.7061173460110488, "eta": 0.09909323725737071, "gamma": 423.0447657696551, "max_depth": 7.0, "min_child_weight": 4414.12381454829, "num_boost_round": 25.0, "subsample": 0.2536548705582418}, "datetime": {"datetime": "2024-01-20 16:37:58", "elapsed": 8036.2836, "delta": 0.333806}}
{"target": -15.155065491903834, "params": {"colsample_bytree": 0.7061173460110488, "eta": 0.09909323725737071, "gamma": 423.0447657696551, "max_depth": 7.0, "min_child_weight": 4414.12381454829, "num_boost_round": 26.0, "subsample": 0.2536548705582418}, "datetime": {"datetime": "2024-01-20 16:37:58", "elapsed": 8036.293032, "delta": 0.009432}}
{"target": -15.154809019330434, "params": {"colsample_bytree": 0.7061173460110488, "eta": 0.09909323725737071, "gamma": 423.0447657696551, "max_depth": 7.0, "min_child_weight": 4414.12381454829, "num_boost_round": 27.0, "subsample": 0.2536548705582418}, "datetime": {"datetime": "2024-01-20 16:37:58", "elapsed": 8036.300591, "delta": 0.007559}}
{"target": -15.155058954933672, "params": {"colsample_bytree": 0.7061173460110488, "eta": 0.09909323725737071, "gamma": 423.0447657696551, "max_depth": 7.0, "min_child_weight": 4414.12381454829, "num_boost_round": 28.0, "subsample": 0.2536548705582418}, "datetime": {"datetime": "2024-01-20 16:37:58", "elapsed": 8036.30743, "delta": 0.006839}}
{"target": -15.155061915941204, "params": {"colsample_bytree": 0.7061173460110488, "eta": 0.09909323725737071, "gamma": 423.0447657696551, "max_depth": 7.0, "min_child_weight": 4414.12381454829, "num_boost_round": 29.0, "subsample": 0.2536548705582418}, "datetime": {"datetime": "2024-01-20 16:37:58", "elapsed": 8036.313937, "delta": 0.006507}}
{"target": -15.155521749924167, "params": {"colsample_bytree": 0.7061173460110488, "eta": 0.09909323725737071, "gamma": 423.0447657696551, "max_depth": 7.0, "min_child_weight": 4414.12381454829, "num_boost_round": 30.0, "subsample": 0.2536548705582418}, "datetime": {"datetime": "2024-01-20 16:37:58", "elapsed": 8036.320715, "delta": 0.006778}}
{"target": -15.155620022469877, "params": {"colsample_bytree": 0.7061173460110488, "eta": 0.09909323725737071, "gamma": 423.0447657696551, "max_depth": 7.0, "min_child_weight": 4414.12381454829, "num_boost_round": 31.0, "subsample": 0.2536548705582418}, "datetime": {"datetime": "2024-01-20 16:37:58", "elapsed": 8036.328472, "delta": 0.007757}}
{"target": -15.156551096073102, "params": {"colsample_bytree": 0.7061173460110488, "eta": 0.09909323725737071, "gamma": 423.0447657696551, "max_depth": 7.0, "min_child_weight": 4414.12381454829, "num_boost_round": 32.0, "subsample": 0.2536548705582418}, "datetime": {"datetime": "2024-01-20 16:37:58", "elapsed": 8036.335718, "delta": 0.007246}}
