{"target": -10.300491535799797, "params": {"colsample_bytree": 0.22483777847481828, "eta": 0.06489113192896097, "gamma": 688.6826216651232, "max_depth": 2.0, "min_child_weight": 4916.70443150397, "num_boost_round": 10.0, "subsample": 0.9576365735447954}, "datetime": {"datetime": "2024-01-20 17:03:36", "elapsed": 13314.037758, "delta": 0.011193}}
{"target": -10.300308580585526, "params": {"colsample_bytree": 0.22483777847481828, "eta": 0.06489113192896097, "gamma": 688.6826216651232, "max_depth": 2.0, "min_child_weight": 4916.70443150397, "num_boost_round": 11.0, "subsample": 0.9576365735447954}, "datetime": {"datetime": "2024-01-20 17:03:36", "elapsed": 13314.048871, "delta": 0.011113}}
{"target": -10.300354923214012, "params": {"colsample_bytree": 0.22483777847481828, "eta": 0.06489113192896097, "gamma": 688.6826216651232, "max_depth": 2.0, "min_child_weight": 4916.70443150397, "num_boost_round": 12.0, "subsample": 0.9576365735447954}, "datetime": {"datetime": "2024-01-20 17:03:36", "elapsed": 13314.058973, "delta": 0.010102}}
{"target": -10.300324114127802, "params": {"colsample_bytree": 0.22483777847481828, "eta": 0.06489113192896097, "gamma": 688.6826216651232, "max_depth": 2.0, "min_child_weight": 4916.70443150397, "num_boost_round": 13.0, "subsample": 0.9576365735447954}, "datetime": {"datetime": "2024-01-20 17:03:36", "elapsed": 13314.069465, "delta": 0.010492}}
{"target": -10.300589160675568, "params": {"colsample_bytree": 0.22483777847481828, "eta": 0.06489113192896097, "gamma": 688.6826216651232, "max_depth": 2.0, "min_child_weight": 4916.70443150397, "num_boost_round": 14.0, "subsample": 0.9576365735447954}, "datetime": {"datetime": "2024-01-20 17:03:36", "elapsed": 13314.080158, "delta": 0.010693}}
{"target": -10.301181162705303, "params": {"colsample_bytree": 0.22483777847481828, "eta": 0.06489113192896097, "gamma": 688.6826216651232, "max_depth": 2.0, "min_child_weight": 4916.70443150397, "num_boost_round": 15.0, "subsample": 0.9576365735447954}, "datetime": {"datetime": "2024-01-20 17:03:36", "elapsed": 13314.090547, "delta": 0.010389}}
{"target": -10.301373642626457, "params": {"colsample_bytree": 0.22483777847481828, "eta": 0.06489113192896097, "gamma": 688.6826216651232, "max_depth": 2.0, "min_child_weight": 4916.70443150397, "num_boost_round": 16.0, "subsample": 0.9576365735447954}, "datetime": {"datetime": "2024-01-20 17:03:36", "elapsed": 13314.101012, "delta": 0.010465}}
{"target": -10.301788652827295, "params": {"colsample_bytree": 0.22483777847481828, "eta": 0.06489113192896097, "gamma": 688.6826216651232, "max_depth": 2.0, "min_child_weight": 4916.70443150397, "num_boost_round": 17.0, "subsample": 0.9576365735447954}, "datetime": {"datetime": "2024-01-20 17:03:36", "elapsed": 13314.111725, "delta": 0.010713}}
{"target": -10.301940171456991, "params": {"colsample_bytree": 0.22483777847481828, "eta": 0.06489113192896097, "gamma": 688.6826216651232, "max_depth": 2.0, "min_child_weight": 4916.70443150397, "num_boost_round": 18.0, "subsample": 0.9576365735447954}, "datetime": {"datetime": "2024-01-20 17:03:36", "elapsed": 13314.122, "delta": 0.010275}}
{"target": -10.30234701285828, "params": {"colsample_bytree": 0.22483777847481828, "eta": 0.06489113192896097, "gamma": 688.6826216651232, "max_depth": 2.0, "min_child_weight": 4916.70443150397, "num_boost_round": 19.0, "subsample": 0.9576365735447954}, "datetime": {"datetime": "2024-01-20 17:03:36", "elapsed": 13314.134969, "delta": 0.012969}}
{"target": -10.302434876741897, "params": {"colsample_bytree": 0.22483777847481828, "eta": 0.06489113192896097, "gamma": 688.6826216651232, "max_depth": 2.0, "min_child_weight": 4916.70443150397, "num_boost_round": 20.0, "subsample": 0.9576365735447954}, "datetime": {"datetime": "2024-01-20 17:03:36", "elapsed": 13314.146742, "delta": 0.011773}}
{"target": -10.302570685317761, "params": {"colsample_bytree": 0.22483777847481828, "eta": 0.06489113192896097, "gamma": 688.6826216651232, "max_depth": 2.0, "min_child_weight": 4916.70443150397, "num_boost_round": 21.0, "subsample": 0.9576365735447954}, "datetime": {"datetime": "2024-01-20 17:03:36", "elapsed": 13314.158146, "delta": 0.011404}}
{"target": -10.302724286586962, "params": {"colsample_bytree": 0.22483777847481828, "eta": 0.06489113192896097, "gamma": 688.6826216651232, "max_depth": 2.0, "min_child_weight": 4916.70443150397, "num_boost_round": 22.0, "subsample": 0.9576365735447954}, "datetime": {"datetime": "2024-01-20 17:03:36", "elapsed": 13314.169576, "delta": 0.01143}}
{"target": -10.303059889266079, "params": {"colsample_bytree": 0.22483777847481828, "eta": 0.06489113192896097, "gamma": 688.6826216651232, "max_depth": 2.0, "min_child_weight": 4916.70443150397, "num_boost_round": 23.0, "subsample": 0.9576365735447954}, "datetime": {"datetime": "2024-01-20 17:03:36", "elapsed": 13314.18084, "delta": 0.011264}}
{"target": -10.303267607014066, "params": {"colsample_bytree": 0.22483777847481828, "eta": 0.06489113192896097, "gamma": 688.6826216651232, "max_depth": 2.0, "min_child_weight": 4916.70443150397, "num_boost_round": 24.0, "subsample": 0.9576365735447954}, "datetime": {"datetime": "2024-01-20 17:03:36", "elapsed": 13314.203693, "delta": 0.022853}}
{"target": -10.303151057664506, "params": {"colsample_bytree": 0.22483777847481828, "eta": 0.06489113192896097, "gamma": 688.6826216651232, "max_depth": 2.0, "min_child_weight": 4916.70443150397, "num_boost_round": 25.0, "subsample": 0.9576365735447954}, "datetime": {"datetime": "2024-01-20 17:03:36", "elapsed": 13314.214201, "delta": 0.010508}}
{"target": -10.303482759448958, "params": {"colsample_bytree": 0.22483777847481828, "eta": 0.06489113192896097, "gamma": 688.6826216651232, "max_depth": 2.0, "min_child_weight": 4916.70443150397, "num_boost_round": 26.0, "subsample": 0.9576365735447954}, "datetime": {"datetime": "2024-01-20 17:03:36", "elapsed": 13314.224346, "delta": 0.010145}}
{"target": -10.303416508417232, "params": {"colsample_bytree": 0.22483777847481828, "eta": 0.06489113192896097, "gamma": 688.6826216651232, "max_depth": 2.0, "min_child_weight": 4916.70443150397, "num_boost_round": 27.0, "subsample": 0.9576365735447954}, "datetime": {"datetime": "2024-01-20 17:03:36", "elapsed": 13314.234119, "delta": 0.009773}}
{"target": -10.303371051221351, "params": {"colsample_bytree": 0.22483777847481828, "eta": 0.06489113192896097, "gamma": 688.6826216651232, "max_depth": 2.0, "min_child_weight": 4916.70443150397, "num_boost_round": 28.0, "subsample": 0.9576365735447954}, "datetime": {"datetime": "2024-01-20 17:03:36", "elapsed": 13314.243602, "delta": 0.009483}}
{"target": -10.303678939951382, "params": {"colsample_bytree": 0.22483777847481828, "eta": 0.06489113192896097, "gamma": 688.6826216651232, "max_depth": 2.0, "min_child_weight": 4916.70443150397, "num_boost_round": 29.0, "subsample": 0.9576365735447954}, "datetime": {"datetime": "2024-01-20 17:03:36", "elapsed": 13314.253304, "delta": 0.009702}}
{"target": -10.303842469608384, "params": {"colsample_bytree": 0.22483777847481828, "eta": 0.06489113192896097, "gamma": 688.6826216651232, "max_depth": 2.0, "min_child_weight": 4916.70443150397, "num_boost_round": 30.0, "subsample": 0.9576365735447954}, "datetime": {"datetime": "2024-01-20 17:03:36", "elapsed": 13314.261931, "delta": 0.008627}}
{"target": -10.303954391293335, "params": {"colsample_bytree": 0.22483777847481828, "eta": 0.06489113192896097, "gamma": 688.6826216651232, "max_depth": 2.0, "min_child_weight": 4916.70443150397, "num_boost_round": 31.0, "subsample": 0.9576365735447954}, "datetime": {"datetime": "2024-01-20 17:03:36", "elapsed": 13314.271362, "delta": 0.009431}}
{"target": -10.304128483549341, "params": {"colsample_bytree": 0.22483777847481828, "eta": 0.06489113192896097, "gamma": 688.6826216651232, "max_depth": 2.0, "min_child_weight": 4916.70443150397, "num_boost_round": 32.0, "subsample": 0.9576365735447954}, "datetime": {"datetime": "2024-01-20 17:03:36", "elapsed": 13314.281002, "delta": 0.00964}}
{"target": -10.304402416943404, "params": {"colsample_bytree": 0.22483777847481828, "eta": 0.06489113192896097, "gamma": 688.6826216651232, "max_depth": 2.0, "min_child_weight": 4916.70443150397, "num_boost_round": 33.0, "subsample": 0.9576365735447954}, "datetime": {"datetime": "2024-01-20 17:03:36", "elapsed": 13314.290395, "delta": 0.009393}}
{"target": -10.304220480468924, "params": {"colsample_bytree": 0.22483777847481828, "eta": 0.06489113192896097, "gamma": 688.6826216651232, "max_depth": 2.0, "min_child_weight": 4916.70443150397, "num_boost_round": 34.0, "subsample": 0.9576365735447954}, "datetime": {"datetime": "2024-01-20 17:03:36", "elapsed": 13314.299769, "delta": 0.009374}}
{"target": -10.304357919265744, "params": {"colsample_bytree": 0.22483777847481828, "eta": 0.06489113192896097, "gamma": 688.6826216651232, "max_depth": 2.0, "min_child_weight": 4916.70443150397, "num_boost_round": 35.0, "subsample": 0.9576365735447954}, "datetime": {"datetime": "2024-01-20 17:03:36", "elapsed": 13314.311675, "delta": 0.011906}}
{"target": -10.30433403364148, "params": {"colsample_bytree": 0.22483777847481828, "eta": 0.06489113192896097, "gamma": 688.6826216651232, "max_depth": 2.0, "min_child_weight": 4916.70443150397, "num_boost_round": 36.0, "subsample": 0.9576365735447954}, "datetime": {"datetime": "2024-01-20 17:03:36", "elapsed": 13314.321884, "delta": 0.010209}}
{"target": -10.30466618769078, "params": {"colsample_bytree": 0.22483777847481828, "eta": 0.06489113192896097, "gamma": 688.6826216651232, "max_depth": 2.0, "min_child_weight": 4916.70443150397, "num_boost_round": 37.0, "subsample": 0.9576365735447954}, "datetime": {"datetime": "2024-01-20 17:03:36", "elapsed": 13314.331792, "delta": 0.009908}}
{"target": -10.30497097367491, "params": {"colsample_bytree": 0.22483777847481828, "eta": 0.06489113192896097, "gamma": 688.6826216651232, "max_depth": 2.0, "min_child_weight": 4916.70443150397, "num_boost_round": 38.0, "subsample": 0.9576365735447954}, "datetime": {"datetime": "2024-01-20 17:03:36", "elapsed": 13314.3429, "delta": 0.011108}}
{"target": -10.305042240776148, "params": {"colsample_bytree": 0.22483777847481828, "eta": 0.06489113192896097, "gamma": 688.6826216651232, "max_depth": 2.0, "min_child_weight": 4916.70443150397, "num_boost_round": 39.0, "subsample": 0.9576365735447954}, "datetime": {"datetime": "2024-01-20 17:03:36", "elapsed": 13314.352606, "delta": 0.009706}}
{"target": -10.305049327004106, "params": {"colsample_bytree": 0.22483777847481828, "eta": 0.06489113192896097, "gamma": 688.6826216651232, "max_depth": 2.0, "min_child_weight": 4916.70443150397, "num_boost_round": 40.0, "subsample": 0.9576365735447954}, "datetime": {"datetime": "2024-01-20 17:03:36", "elapsed": 13314.364148, "delta": 0.011542}}
{"target": -10.305036011564125, "params": {"colsample_bytree": 0.22483777847481828, "eta": 0.06489113192896097, "gamma": 688.6826216651232, "max_depth": 2.0, "min_child_weight": 4916.70443150397, "num_boost_round": 41.0, "subsample": 0.9576365735447954}, "datetime": {"datetime": "2024-01-20 17:03:36", "elapsed": 13314.373528, "delta": 0.00938}}
{"target": -10.305079608222407, "params": {"colsample_bytree": 0.22483777847481828, "eta": 0.06489113192896097, "gamma": 688.6826216651232, "max_depth": 2.0, "min_child_weight": 4916.70443150397, "num_boost_round": 42.0, "subsample": 0.9576365735447954}, "datetime": {"datetime": "2024-01-20 17:03:36", "elapsed": 13314.382221, "delta": 0.008693}}
{"target": -10.30547816103573, "params": {"colsample_bytree": 0.22483777847481828, "eta": 0.06489113192896097, "gamma": 688.6826216651232, "max_depth": 2.0, "min_child_weight": 4916.70443150397, "num_boost_round": 43.0, "subsample": 0.9576365735447954}, "datetime": {"datetime": "2024-01-20 17:03:36", "elapsed": 13314.390996, "delta": 0.008775}}
{"target": -10.30568545521976, "params": {"colsample_bytree": 0.22483777847481828, "eta": 0.06489113192896097, "gamma": 688.6826216651232, "max_depth": 2.0, "min_child_weight": 4916.70443150397, "num_boost_round": 44.0, "subsample": 0.9576365735447954}, "datetime": {"datetime": "2024-01-20 17:03:36", "elapsed": 13314.399823, "delta": 0.008827}}
{"target": -10.305909968167839, "params": {"colsample_bytree": 0.22483777847481828, "eta": 0.06489113192896097, "gamma": 688.6826216651232, "max_depth": 2.0, "min_child_weight": 4916.70443150397, "num_boost_round": 45.0, "subsample": 0.9576365735447954}, "datetime": {"datetime": "2024-01-20 17:03:36", "elapsed": 13314.408714, "delta": 0.008891}}
{"target": -10.305879466508568, "params": {"colsample_bytree": 0.22483777847481828, "eta": 0.06489113192896097, "gamma": 688.6826216651232, "max_depth": 2.0, "min_child_weight": 4916.70443150397, "num_boost_round": 46.0, "subsample": 0.9576365735447954}, "datetime": {"datetime": "2024-01-20 17:03:36", "elapsed": 13314.417219, "delta": 0.008505}}
{"target": -10.306201015742051, "params": {"colsample_bytree": 0.22483777847481828, "eta": 0.06489113192896097, "gamma": 688.6826216651232, "max_depth": 2.0, "min_child_weight": 4916.70443150397, "num_boost_round": 47.0, "subsample": 0.9576365735447954}, "datetime": {"datetime": "2024-01-20 17:03:36", "elapsed": 13314.425964, "delta": 0.008745}}
{"target": -10.306192786801837, "params": {"colsample_bytree": 0.22483777847481828, "eta": 0.06489113192896097, "gamma": 688.6826216651232, "max_depth": 2.0, "min_child_weight": 4916.70443150397, "num_boost_round": 48.0, "subsample": 0.9576365735447954}, "datetime": {"datetime": "2024-01-20 17:03:36", "elapsed": 13314.433842, "delta": 0.007878}}
{"target": -10.306276502212187, "params": {"colsample_bytree": 0.22483777847481828, "eta": 0.06489113192896097, "gamma": 688.6826216651232, "max_depth": 2.0, "min_child_weight": 4916.70443150397, "num_boost_round": 49.0, "subsample": 0.9576365735447954}, "datetime": {"datetime": "2024-01-20 17:03:36", "elapsed": 13314.442685, "delta": 0.008843}}
{"target": -10.306490876673358, "params": {"colsample_bytree": 0.22483777847481828, "eta": 0.06489113192896097, "gamma": 688.6826216651232, "max_depth": 2.0, "min_child_weight": 4916.70443150397, "num_boost_round": 50.0, "subsample": 0.9576365735447954}, "datetime": {"datetime": "2024-01-20 17:03:36", "elapsed": 13314.452398, "delta": 0.009713}}
{"target": -10.306710057278332, "params": {"colsample_bytree": 0.22483777847481828, "eta": 0.06489113192896097, "gamma": 688.6826216651232, "max_depth": 2.0, "min_child_weight": 4916.70443150397, "num_boost_round": 51.0, "subsample": 0.9576365735447954}, "datetime": {"datetime": "2024-01-20 17:03:36", "elapsed": 13314.462014, "delta": 0.009616}}
{"target": -10.306794647293263, "params": {"colsample_bytree": 0.22483777847481828, "eta": 0.06489113192896097, "gamma": 688.6826216651232, "max_depth": 2.0, "min_child_weight": 4916.70443150397, "num_boost_round": 52.0, "subsample": 0.9576365735447954}, "datetime": {"datetime": "2024-01-20 17:03:36", "elapsed": 13314.471567, "delta": 0.009553}}
{"target": -10.306802257318274, "params": {"colsample_bytree": 0.22483777847481828, "eta": 0.06489113192896097, "gamma": 688.6826216651232, "max_depth": 2.0, "min_child_weight": 4916.70443150397, "num_boost_round": 53.0, "subsample": 0.9576365735447954}, "datetime": {"datetime": "2024-01-20 17:03:36", "elapsed": 13314.480839, "delta": 0.009272}}
{"target": -10.306867952320061, "params": {"colsample_bytree": 0.22483777847481828, "eta": 0.06489113192896097, "gamma": 688.6826216651232, "max_depth": 2.0, "min_child_weight": 4916.70443150397, "num_boost_round": 54.0, "subsample": 0.9576365735447954}, "datetime": {"datetime": "2024-01-20 17:03:36", "elapsed": 13314.491211, "delta": 0.010372}}
{"target": -10.306981223584842, "params": {"colsample_bytree": 0.22483777847481828, "eta": 0.06489113192896097, "gamma": 688.6826216651232, "max_depth": 2.0, "min_child_weight": 4916.70443150397, "num_boost_round": 55.0, "subsample": 0.9576365735447954}, "datetime": {"datetime": "2024-01-20 17:03:36", "elapsed": 13314.500831, "delta": 0.00962}}
{"target": -10.307178288266975, "params": {"colsample_bytree": 0.22483777847481828, "eta": 0.06489113192896097, "gamma": 688.6826216651232, "max_depth": 2.0, "min_child_weight": 4916.70443150397, "num_boost_round": 56.0, "subsample": 0.9576365735447954}, "datetime": {"datetime": "2024-01-20 17:03:36", "elapsed": 13314.512006, "delta": 0.011175}}
{"target": -10.30731778097454, "params": {"colsample_bytree": 0.22483777847481828, "eta": 0.06489113192896097, "gamma": 688.6826216651232, "max_depth": 2.0, "min_child_weight": 4916.70443150397, "num_boost_round": 57.0, "subsample": 0.9576365735447954}, "datetime": {"datetime": "2024-01-20 17:03:36", "elapsed": 13314.521345, "delta": 0.009339}}
{"target": -10.307317606483437, "params": {"colsample_bytree": 0.22483777847481828, "eta": 0.06489113192896097, "gamma": 688.6826216651232, "max_depth": 2.0, "min_child_weight": 4916.70443150397, "num_boost_round": 58.0, "subsample": 0.9576365735447954}, "datetime": {"datetime": "2024-01-20 17:03:36", "elapsed": 13314.530431, "delta": 0.009086}}
{"target": -10.307514806695806, "params": {"colsample_bytree": 0.22483777847481828, "eta": 0.06489113192896097, "gamma": 688.6826216651232, "max_depth": 2.0, "min_child_weight": 4916.70443150397, "num_boost_round": 59.0, "subsample": 0.9576365735447954}, "datetime": {"datetime": "2024-01-20 17:03:36", "elapsed": 13314.539873, "delta": 0.009442}}
{"target": -10.307434048437703, "params": {"colsample_bytree": 0.22483777847481828, "eta": 0.06489113192896097, "gamma": 688.6826216651232, "max_depth": 2.0, "min_child_weight": 4916.70443150397, "num_boost_round": 60.0, "subsample": 0.9576365735447954}, "datetime": {"datetime": "2024-01-20 17:03:36", "elapsed": 13314.548513, "delta": 0.00864}}
{"target": -10.307660288639134, "params": {"colsample_bytree": 0.22483777847481828, "eta": 0.06489113192896097, "gamma": 688.6826216651232, "max_depth": 2.0, "min_child_weight": 4916.70443150397, "num_boost_round": 61.0, "subsample": 0.9576365735447954}, "datetime": {"datetime": "2024-01-20 17:03:36", "elapsed": 13314.557513, "delta": 0.009}}
{"target": -10.307564726022308, "params": {"colsample_bytree": 0.22483777847481828, "eta": 0.06489113192896097, "gamma": 688.6826216651232, "max_depth": 2.0, "min_child_weight": 4916.70443150397, "num_boost_round": 62.0, "subsample": 0.9576365735447954}, "datetime": {"datetime": "2024-01-20 17:03:36", "elapsed": 13314.566877, "delta": 0.009364}}
{"target": -10.298530484194103, "params": {"colsample_bytree": 0.7254562122086418, "eta": 0.04625812173387326, "gamma": 77.35465737232983, "max_depth": 2.0, "min_child_weight": 3676.1576339590274, "num_boost_round": 1.0, "subsample": 0.5895042147177477}, "datetime": {"datetime": "2024-01-20 17:05:22", "elapsed": 13420.403287, "delta": 105.83641}}
{"target": -10.298102091857324, "params": {"colsample_bytree": 0.15317460881523207, "eta": 0.05572144799912232, "gamma": 650.7572362224828, "max_depth": 6.0, "min_child_weight": 4857.141740452049, "num_boost_round": 1.0, "subsample": 0.1479390850895806}, "datetime": {"datetime": "2024-01-20 17:08:15", "elapsed": 13593.500629, "delta": 173.097342}}
{"target": -10.297988218940462, "params": {"colsample_bytree": 0.15317460881523207, "eta": 0.05572144799912232, "gamma": 650.7572362224828, "max_depth": 6.0, "min_child_weight": 4857.141740452049, "num_boost_round": 2.0, "subsample": 0.1479390850895806}, "datetime": {"datetime": "2024-01-20 17:08:15", "elapsed": 13593.513356, "delta": 0.012727}}
{"target": -10.298106288567359, "params": {"colsample_bytree": 0.15317460881523207, "eta": 0.05572144799912232, "gamma": 650.7572362224828, "max_depth": 6.0, "min_child_weight": 4857.141740452049, "num_boost_round": 3.0, "subsample": 0.1479390850895806}, "datetime": {"datetime": "2024-01-20 17:08:15", "elapsed": 13593.521797, "delta": 0.008441}}
{"target": -10.297915161055169, "params": {"colsample_bytree": 0.15317460881523207, "eta": 0.05572144799912232, "gamma": 650.7572362224828, "max_depth": 6.0, "min_child_weight": 4857.141740452049, "num_boost_round": 4.0, "subsample": 0.1479390850895806}, "datetime": {"datetime": "2024-01-20 17:08:15", "elapsed": 13593.530854, "delta": 0.009057}}
{"target": -10.297599373783868, "params": {"colsample_bytree": 0.15317460881523207, "eta": 0.05572144799912232, "gamma": 650.7572362224828, "max_depth": 6.0, "min_child_weight": 4857.141740452049, "num_boost_round": 5.0, "subsample": 0.1479390850895806}, "datetime": {"datetime": "2024-01-20 17:08:15", "elapsed": 13593.541016, "delta": 0.010162}}
{"target": -10.297923522393464, "params": {"colsample_bytree": 0.15317460881523207, "eta": 0.05572144799912232, "gamma": 650.7572362224828, "max_depth": 6.0, "min_child_weight": 4857.141740452049, "num_boost_round": 6.0, "subsample": 0.1479390850895806}, "datetime": {"datetime": "2024-01-20 17:08:15", "elapsed": 13593.549687, "delta": 0.008671}}
{"target": -10.297621677856812, "params": {"colsample_bytree": 0.15317460881523207, "eta": 0.05572144799912232, "gamma": 650.7572362224828, "max_depth": 6.0, "min_child_weight": 4857.141740452049, "num_boost_round": 7.0, "subsample": 0.1479390850895806}, "datetime": {"datetime": "2024-01-20 17:08:15", "elapsed": 13593.557145, "delta": 0.007458}}
{"target": -10.297468583232975, "params": {"colsample_bytree": 0.15317460881523207, "eta": 0.05572144799912232, "gamma": 650.7572362224828, "max_depth": 6.0, "min_child_weight": 4857.141740452049, "num_boost_round": 8.0, "subsample": 0.1479390850895806}, "datetime": {"datetime": "2024-01-20 17:08:15", "elapsed": 13593.564664, "delta": 0.007519}}
{"target": -10.29705303020054, "params": {"colsample_bytree": 0.15317460881523207, "eta": 0.05572144799912232, "gamma": 650.7572362224828, "max_depth": 6.0, "min_child_weight": 4857.141740452049, "num_boost_round": 9.0, "subsample": 0.1479390850895806}, "datetime": {"datetime": "2024-01-20 17:08:15", "elapsed": 13593.571769, "delta": 0.007105}}
