{"target": -19.144438023624723, "params": {"colsample_bytree": 0.6105693052979725, "eta": 0.09459471459802081, "gamma": 628.0114891136722, "max_depth": 2.0, "min_child_weight": 4126.424996595942, "num_boost_round": 22.0, "subsample": 0.45011791387029576}, "datetime": {"datetime": "2024-01-20 14:25:35", "elapsed": 102.997989, "delta": 0.000377}}
{"target": -19.144498461916726, "params": {"colsample_bytree": 0.6105693052979725, "eta": 0.09459471459802081, "gamma": 628.0114891136722, "max_depth": 2.0, "min_child_weight": 4126.424996595942, "num_boost_round": 23.0, "subsample": 0.45011791387029576}, "datetime": {"datetime": "2024-01-20 14:25:35", "elapsed": 102.998366, "delta": 0.000377}}
{"target": -19.144612796049046, "params": {"colsample_bytree": 0.6105693052979725, "eta": 0.09459471459802081, "gamma": 628.0114891136722, "max_depth": 2.0, "min_child_weight": 4126.424996595942, "num_boost_round": 24.0, "subsample": 0.45011791387029576}, "datetime": {"datetime": "2024-01-20 14:25:35", "elapsed": 102.998784, "delta": 0.000418}}
{"target": -19.144889371648972, "params": {"colsample_bytree": 0.6105693052979725, "eta": 0.09459471459802081, "gamma": 628.0114891136722, "max_depth": 2.0, "min_child_weight": 4126.424996595942, "num_boost_round": 25.0, "subsample": 0.45011791387029576}, "datetime": {"datetime": "2024-01-20 14:25:35", "elapsed": 102.999164, "delta": 0.00038}}
{"target": -19.144725794192503, "params": {"colsample_bytree": 0.6105693052979725, "eta": 0.09459471459802081, "gamma": 628.0114891136722, "max_depth": 2.0, "min_child_weight": 4126.424996595942, "num_boost_round": 26.0, "subsample": 0.45011791387029576}, "datetime": {"datetime": "2024-01-20 14:25:35", "elapsed": 102.99954, "delta": 0.000376}}
{"target": -19.145355436119132, "params": {"colsample_bytree": 0.6105693052979725, "eta": 0.09459471459802081, "gamma": 628.0114891136722, "max_depth": 2.0, "min_child_weight": 4126.424996595942, "num_boost_round": 27.0, "subsample": 0.45011791387029576}, "datetime": {"datetime": "2024-01-20 14:25:35", "elapsed": 102.999932, "delta": 0.000392}}
{"target": -19.145694792465633, "params": {"colsample_bytree": 0.6105693052979725, "eta": 0.09459471459802081, "gamma": 628.0114891136722, "max_depth": 2.0, "min_child_weight": 4126.424996595942, "num_boost_round": 28.0, "subsample": 0.45011791387029576}, "datetime": {"datetime": "2024-01-20 14:25:35", "elapsed": 103.000315, "delta": 0.000383}}
{"target": -19.145289243157762, "params": {"colsample_bytree": 0.6105693052979725, "eta": 0.09459471459802081, "gamma": 628.0114891136722, "max_depth": 2.0, "min_child_weight": 4126.424996595942, "num_boost_round": 29.0, "subsample": 0.45011791387029576}, "datetime": {"datetime": "2024-01-20 14:25:35", "elapsed": 103.000696, "delta": 0.000381}}
{"target": -19.145412277361427, "params": {"colsample_bytree": 0.6105693052979725, "eta": 0.09459471459802081, "gamma": 628.0114891136722, "max_depth": 2.0, "min_child_weight": 4126.424996595942, "num_boost_round": 30.0, "subsample": 0.45011791387029576}, "datetime": {"datetime": "2024-01-20 14:25:35", "elapsed": 103.001091, "delta": 0.000395}}
{"target": -19.14311918398021, "params": {"colsample_bytree": 0.4993828489094083, "eta": 0.056409108587519116, "gamma": 649.0801666532457, "max_depth": 2.0, "min_child_weight": 4034.022846740734, "num_boost_round": 1.0, "subsample": 0.574830564160791}, "datetime": {"datetime": "2024-01-20 14:25:50", "elapsed": 117.978915, "delta": 14.977824}}
{"target": -19.143007696432456, "params": {"colsample_bytree": 0.4993828489094083, "eta": 0.056409108587519116, "gamma": 649.0801666532457, "max_depth": 2.0, "min_child_weight": 4034.022846740734, "num_boost_round": 2.0, "subsample": 0.574830564160791}, "datetime": {"datetime": "2024-01-20 14:25:50", "elapsed": 117.979454, "delta": 0.000539}}
{"target": -19.142890569644152, "params": {"colsample_bytree": 0.4993828489094083, "eta": 0.056409108587519116, "gamma": 649.0801666532457, "max_depth": 2.0, "min_child_weight": 4034.022846740734, "num_boost_round": 3.0, "subsample": 0.574830564160791}, "datetime": {"datetime": "2024-01-20 14:25:50", "elapsed": 117.979872, "delta": 0.000418}}
{"target": -19.142537656029575, "params": {"colsample_bytree": 0.4993828489094083, "eta": 0.056409108587519116, "gamma": 649.0801666532457, "max_depth": 2.0, "min_child_weight": 4034.022846740734, "num_boost_round": 4.0, "subsample": 0.574830564160791}, "datetime": {"datetime": "2024-01-20 14:25:50", "elapsed": 117.980277, "delta": 0.000405}}
{"target": -19.142656523150514, "params": {"colsample_bytree": 0.4993828489094083, "eta": 0.056409108587519116, "gamma": 649.0801666532457, "max_depth": 2.0, "min_child_weight": 4034.022846740734, "num_boost_round": 5.0, "subsample": 0.574830564160791}, "datetime": {"datetime": "2024-01-20 14:25:50", "elapsed": 117.980691, "delta": 0.000414}}
{"target": -19.14248921015868, "params": {"colsample_bytree": 0.4993828489094083, "eta": 0.056409108587519116, "gamma": 649.0801666532457, "max_depth": 2.0, "min_child_weight": 4034.022846740734, "num_boost_round": 6.0, "subsample": 0.574830564160791}, "datetime": {"datetime": "2024-01-20 14:25:50", "elapsed": 117.981353, "delta": 0.000662}}
{"target": -19.14247735359939, "params": {"colsample_bytree": 0.4993828489094083, "eta": 0.056409108587519116, "gamma": 649.0801666532457, "max_depth": 2.0, "min_child_weight": 4034.022846740734, "num_boost_round": 7.0, "subsample": 0.574830564160791}, "datetime": {"datetime": "2024-01-20 14:25:50", "elapsed": 117.981756, "delta": 0.000403}}
{"target": -19.142497920178105, "params": {"colsample_bytree": 0.4993828489094083, "eta": 0.056409108587519116, "gamma": 649.0801666532457, "max_depth": 2.0, "min_child_weight": 4034.022846740734, "num_boost_round": 8.0, "subsample": 0.574830564160791}, "datetime": {"datetime": "2024-01-20 14:25:50", "elapsed": 117.982156, "delta": 0.0004}}
{"target": -19.1430633184764, "params": {"colsample_bytree": 0.25786032045688567, "eta": 0.06244167948403026, "gamma": 576.271279055093, "max_depth": 2.0, "min_child_weight": 3985.3519908199423, "num_boost_round": 1.0, "subsample": 0.5123773150148202}, "datetime": {"datetime": "2024-01-20 14:26:05", "elapsed": 133.937282, "delta": 15.955126}}
{"target": -19.143270953799394, "params": {"colsample_bytree": 0.25786032045688567, "eta": 0.06244167948403026, "gamma": 576.271279055093, "max_depth": 2.0, "min_child_weight": 3985.3519908199423, "num_boost_round": 2.0, "subsample": 0.5123773150148202}, "datetime": {"datetime": "2024-01-20 14:26:05", "elapsed": 133.937897, "delta": 0.000615}}
{"target": -19.14335663433274, "params": {"colsample_bytree": 0.25786032045688567, "eta": 0.06244167948403026, "gamma": 576.271279055093, "max_depth": 2.0, "min_child_weight": 3985.3519908199423, "num_boost_round": 3.0, "subsample": 0.5123773150148202}, "datetime": {"datetime": "2024-01-20 14:26:05", "elapsed": 133.938323, "delta": 0.000426}}
{"target": -19.143256289583945, "params": {"colsample_bytree": 0.25786032045688567, "eta": 0.06244167948403026, "gamma": 576.271279055093, "max_depth": 2.0, "min_child_weight": 3985.3519908199423, "num_boost_round": 4.0, "subsample": 0.5123773150148202}, "datetime": {"datetime": "2024-01-20 14:26:05", "elapsed": 133.938745, "delta": 0.000422}}
{"target": -19.14317321760582, "params": {"colsample_bytree": 0.25786032045688567, "eta": 0.06244167948403026, "gamma": 576.271279055093, "max_depth": 2.0, "min_child_weight": 3985.3519908199423, "num_boost_round": 5.0, "subsample": 0.5123773150148202}, "datetime": {"datetime": "2024-01-20 14:26:05", "elapsed": 133.939276, "delta": 0.000531}}
{"target": -19.143062510726963, "params": {"colsample_bytree": 0.25786032045688567, "eta": 0.06244167948403026, "gamma": 576.271279055093, "max_depth": 2.0, "min_child_weight": 3985.3519908199423, "num_boost_round": 6.0, "subsample": 0.5123773150148202}, "datetime": {"datetime": "2024-01-20 14:26:05", "elapsed": 133.939683, "delta": 0.000407}}
{"target": -19.143172877589038, "params": {"colsample_bytree": 0.25786032045688567, "eta": 0.06244167948403026, "gamma": 576.271279055093, "max_depth": 2.0, "min_child_weight": 3985.3519908199423, "num_boost_round": 7.0, "subsample": 0.5123773150148202}, "datetime": {"datetime": "2024-01-20 14:26:05", "elapsed": 133.940093, "delta": 0.00041}}
{"target": -19.142745917659777, "params": {"colsample_bytree": 0.25786032045688567, "eta": 0.06244167948403026, "gamma": 576.271279055093, "max_depth": 2.0, "min_child_weight": 3985.3519908199423, "num_boost_round": 8.0, "subsample": 0.5123773150148202}, "datetime": {"datetime": "2024-01-20 14:26:05", "elapsed": 133.940493, "delta": 0.0004}}
{"target": -19.14315663589626, "params": {"colsample_bytree": 0.25786032045688567, "eta": 0.06244167948403026, "gamma": 576.271279055093, "max_depth": 2.0, "min_child_weight": 3985.3519908199423, "num_boost_round": 9.0, "subsample": 0.5123773150148202}, "datetime": {"datetime": "2024-01-20 14:26:05", "elapsed": 133.940903, "delta": 0.00041}}
{"target": -19.143118771277706, "params": {"colsample_bytree": 0.25786032045688567, "eta": 0.06244167948403026, "gamma": 576.271279055093, "max_depth": 2.0, "min_child_weight": 3985.3519908199423, "num_boost_round": 10.0, "subsample": 0.5123773150148202}, "datetime": {"datetime": "2024-01-20 14:26:05", "elapsed": 133.94131, "delta": 0.000407}}
{"target": -19.142809554396994, "params": {"colsample_bytree": 0.25786032045688567, "eta": 0.06244167948403026, "gamma": 576.271279055093, "max_depth": 2.0, "min_child_weight": 3985.3519908199423, "num_boost_round": 11.0, "subsample": 0.5123773150148202}, "datetime": {"datetime": "2024-01-20 14:26:05", "elapsed": 133.941718, "delta": 0.000408}}
{"target": -19.14338797556225, "params": {"colsample_bytree": 0.7840036107824082, "eta": 0.08374644142199994, "gamma": 505.90888440998896, "max_depth": 2.0, "min_child_weight": 4008.2334808706146, "num_boost_round": 1.0, "subsample": 0.5114164300765303}, "datetime": {"datetime": "2024-01-20 14:26:21", "elapsed": 149.732212, "delta": 15.790494}}
{"target": -19.14301802749512, "params": {"colsample_bytree": 0.7840036107824082, "eta": 0.08374644142199994, "gamma": 505.90888440998896, "max_depth": 2.0, "min_child_weight": 4008.2334808706146, "num_boost_round": 2.0, "subsample": 0.5114164300765303}, "datetime": {"datetime": "2024-01-20 14:26:21", "elapsed": 149.732798, "delta": 0.000586}}
{"target": -19.1429334147086, "params": {"colsample_bytree": 0.7840036107824082, "eta": 0.08374644142199994, "gamma": 505.90888440998896, "max_depth": 2.0, "min_child_weight": 4008.2334808706146, "num_boost_round": 3.0, "subsample": 0.5114164300765303}, "datetime": {"datetime": "2024-01-20 14:26:21", "elapsed": 149.733236, "delta": 0.000438}}
{"target": -19.14282440779081, "params": {"colsample_bytree": 0.7840036107824082, "eta": 0.08374644142199994, "gamma": 505.90888440998896, "max_depth": 2.0, "min_child_weight": 4008.2334808706146, "num_boost_round": 4.0, "subsample": 0.5114164300765303}, "datetime": {"datetime": "2024-01-20 14:26:21", "elapsed": 149.733877, "delta": 0.000641}}
{"target": -19.14277672589307, "params": {"colsample_bytree": 0.7840036107824082, "eta": 0.08374644142199994, "gamma": 505.90888440998896, "max_depth": 2.0, "min_child_weight": 4008.2334808706146, "num_boost_round": 5.0, "subsample": 0.5114164300765303}, "datetime": {"datetime": "2024-01-20 14:26:21", "elapsed": 149.735, "delta": 0.001123}}
{"target": -19.14270244123314, "params": {"colsample_bytree": 0.7840036107824082, "eta": 0.08374644142199994, "gamma": 505.90888440998896, "max_depth": 2.0, "min_child_weight": 4008.2334808706146, "num_boost_round": 6.0, "subsample": 0.5114164300765303}, "datetime": {"datetime": "2024-01-20 14:26:21", "elapsed": 149.735447, "delta": 0.000447}}
{"target": -19.142430339789154, "params": {"colsample_bytree": 0.7840036107824082, "eta": 0.08374644142199994, "gamma": 505.90888440998896, "max_depth": 2.0, "min_child_weight": 4008.2334808706146, "num_boost_round": 7.0, "subsample": 0.5114164300765303}, "datetime": {"datetime": "2024-01-20 14:26:21", "elapsed": 149.735887, "delta": 0.00044}}
{"target": -19.142906280236524, "params": {"colsample_bytree": 0.7840036107824082, "eta": 0.08374644142199994, "gamma": 505.90888440998896, "max_depth": 2.0, "min_child_weight": 4008.2334808706146, "num_boost_round": 8.0, "subsample": 0.5114164300765303}, "datetime": {"datetime": "2024-01-20 14:26:21", "elapsed": 149.736323, "delta": 0.000436}}
{"target": -19.143106134511243, "params": {"colsample_bytree": 0.7840036107824082, "eta": 0.08374644142199994, "gamma": 505.90888440998896, "max_depth": 2.0, "min_child_weight": 4008.2334808706146, "num_boost_round": 9.0, "subsample": 0.5114164300765303}, "datetime": {"datetime": "2024-01-20 14:26:21", "elapsed": 149.736755, "delta": 0.000432}}
{"target": -19.142893164215874, "params": {"colsample_bytree": 0.7840036107824082, "eta": 0.08374644142199994, "gamma": 505.90888440998896, "max_depth": 2.0, "min_child_weight": 4008.2334808706146, "num_boost_round": 10.0, "subsample": 0.5114164300765303}, "datetime": {"datetime": "2024-01-20 14:26:21", "elapsed": 149.737279, "delta": 0.000524}}
{"target": -19.142947936265713, "params": {"colsample_bytree": 0.7840036107824082, "eta": 0.08374644142199994, "gamma": 505.90888440998896, "max_depth": 2.0, "min_child_weight": 4008.2334808706146, "num_boost_round": 11.0, "subsample": 0.5114164300765303}, "datetime": {"datetime": "2024-01-20 14:26:21", "elapsed": 149.737725, "delta": 0.000446}}
{"target": -19.143765220007264, "params": {"colsample_bytree": 0.4817990587310511, "eta": 0.06466362574084887, "gamma": 644.9707486215702, "max_depth": 9.0, "min_child_weight": 3969.8337503190373, "num_boost_round": 1.0, "subsample": 0.9527612282657915}, "datetime": {"datetime": "2024-01-20 14:27:14", "elapsed": 202.86213, "delta": 53.124405}}
{"target": -19.143918176771095, "params": {"colsample_bytree": 0.4817990587310511, "eta": 0.06466362574084887, "gamma": 644.9707486215702, "max_depth": 9.0, "min_child_weight": 3969.8337503190373, "num_boost_round": 2.0, "subsample": 0.9527612282657915}, "datetime": {"datetime": "2024-01-20 14:27:14", "elapsed": 202.862686, "delta": 0.000556}}
{"target": -19.14454667931347, "params": {"colsample_bytree": 0.4817990587310511, "eta": 0.06466362574084887, "gamma": 644.9707486215702, "max_depth": 9.0, "min_child_weight": 3969.8337503190373, "num_boost_round": 3.0, "subsample": 0.9527612282657915}, "datetime": {"datetime": "2024-01-20 14:27:14", "elapsed": 202.863151, "delta": 0.000465}}
{"target": -19.144017434215556, "params": {"colsample_bytree": 0.4817990587310511, "eta": 0.06466362574084887, "gamma": 644.9707486215702, "max_depth": 9.0, "min_child_weight": 3969.8337503190373, "num_boost_round": 4.0, "subsample": 0.9527612282657915}, "datetime": {"datetime": "2024-01-20 14:27:14", "elapsed": 202.863583, "delta": 0.000432}}
{"target": -19.145033766913443, "params": {"colsample_bytree": 0.4817990587310511, "eta": 0.06466362574084887, "gamma": 644.9707486215702, "max_depth": 9.0, "min_child_weight": 3969.8337503190373, "num_boost_round": 5.0, "subsample": 0.9527612282657915}, "datetime": {"datetime": "2024-01-20 14:27:14", "elapsed": 202.864033, "delta": 0.00045}}
{"target": -19.144556470059484, "params": {"colsample_bytree": 0.4817990587310511, "eta": 0.06466362574084887, "gamma": 644.9707486215702, "max_depth": 9.0, "min_child_weight": 3969.8337503190373, "num_boost_round": 6.0, "subsample": 0.9527612282657915}, "datetime": {"datetime": "2024-01-20 14:27:14", "elapsed": 202.864463, "delta": 0.00043}}
{"target": -19.145197238505204, "params": {"colsample_bytree": 0.4817990587310511, "eta": 0.06466362574084887, "gamma": 644.9707486215702, "max_depth": 9.0, "min_child_weight": 3969.8337503190373, "num_boost_round": 7.0, "subsample": 0.9527612282657915}, "datetime": {"datetime": "2024-01-20 14:27:14", "elapsed": 202.864904, "delta": 0.000441}}
{"target": -19.146216218923588, "params": {"colsample_bytree": 0.4817990587310511, "eta": 0.06466362574084887, "gamma": 644.9707486215702, "max_depth": 9.0, "min_child_weight": 3969.8337503190373, "num_boost_round": 8.0, "subsample": 0.9527612282657915}, "datetime": {"datetime": "2024-01-20 14:27:14", "elapsed": 202.865337, "delta": 0.000433}}
{"target": -19.14666287874882, "params": {"colsample_bytree": 0.4817990587310511, "eta": 0.06466362574084887, "gamma": 644.9707486215702, "max_depth": 9.0, "min_child_weight": 3969.8337503190373, "num_boost_round": 9.0, "subsample": 0.9527612282657915}, "datetime": {"datetime": "2024-01-20 14:27:14", "elapsed": 202.865774, "delta": 0.000437}}
{"target": -19.147321824152083, "params": {"colsample_bytree": 0.4817990587310511, "eta": 0.06466362574084887, "gamma": 644.9707486215702, "max_depth": 9.0, "min_child_weight": 3969.8337503190373, "num_boost_round": 10.0, "subsample": 0.9527612282657915}, "datetime": {"datetime": "2024-01-20 14:27:14", "elapsed": 202.866205, "delta": 0.000431}}
{"target": -19.14762630046659, "params": {"colsample_bytree": 0.4817990587310511, "eta": 0.06466362574084887, "gamma": 644.9707486215702, "max_depth": 9.0, "min_child_weight": 3969.8337503190373, "num_boost_round": 11.0, "subsample": 0.9527612282657915}, "datetime": {"datetime": "2024-01-20 14:27:14", "elapsed": 202.866646, "delta": 0.000441}}
{"target": -19.148105048634356, "params": {"colsample_bytree": 0.4817990587310511, "eta": 0.06466362574084887, "gamma": 644.9707486215702, "max_depth": 9.0, "min_child_weight": 3969.8337503190373, "num_boost_round": 12.0, "subsample": 0.9527612282657915}, "datetime": {"datetime": "2024-01-20 14:27:14", "elapsed": 202.867094, "delta": 0.000448}}
{"target": -19.148871096411835, "params": {"colsample_bytree": 0.4817990587310511, "eta": 0.06466362574084887, "gamma": 644.9707486215702, "max_depth": 9.0, "min_child_weight": 3969.8337503190373, "num_boost_round": 13.0, "subsample": 0.9527612282657915}, "datetime": {"datetime": "2024-01-20 14:27:14", "elapsed": 202.868605, "delta": 0.001511}}
{"target": -19.150046649108567, "params": {"colsample_bytree": 0.4817990587310511, "eta": 0.06466362574084887, "gamma": 644.9707486215702, "max_depth": 9.0, "min_child_weight": 3969.8337503190373, "num_boost_round": 14.0, "subsample": 0.9527612282657915}, "datetime": {"datetime": "2024-01-20 14:27:14", "elapsed": 202.869197, "delta": 0.000592}}
{"target": -19.151983803138098, "params": {"colsample_bytree": 0.4817990587310511, "eta": 0.06466362574084887, "gamma": 644.9707486215702, "max_depth": 9.0, "min_child_weight": 3969.8337503190373, "num_boost_round": 15.0, "subsample": 0.9527612282657915}, "datetime": {"datetime": "2024-01-20 14:27:14", "elapsed": 202.869747, "delta": 0.00055}}
{"target": -19.15186765046291, "params": {"colsample_bytree": 0.4817990587310511, "eta": 0.06466362574084887, "gamma": 644.9707486215702, "max_depth": 9.0, "min_child_weight": 3969.8337503190373, "num_boost_round": 16.0, "subsample": 0.9527612282657915}, "datetime": {"datetime": "2024-01-20 14:27:14", "elapsed": 202.870197, "delta": 0.00045}}
{"target": -19.152639088356633, "params": {"colsample_bytree": 0.4817990587310511, "eta": 0.06466362574084887, "gamma": 644.9707486215702, "max_depth": 9.0, "min_child_weight": 3969.8337503190373, "num_boost_round": 17.0, "subsample": 0.9527612282657915}, "datetime": {"datetime": "2024-01-20 14:27:14", "elapsed": 202.870642, "delta": 0.000445}}
{"target": -19.15398295121828, "params": {"colsample_bytree": 0.4817990587310511, "eta": 0.06466362574084887, "gamma": 644.9707486215702, "max_depth": 9.0, "min_child_weight": 3969.8337503190373, "num_boost_round": 18.0, "subsample": 0.9527612282657915}, "datetime": {"datetime": "2024-01-20 14:27:14", "elapsed": 202.871091, "delta": 0.000449}}
{"target": -19.155043940050753, "params": {"colsample_bytree": 0.4817990587310511, "eta": 0.06466362574084887, "gamma": 644.9707486215702, "max_depth": 9.0, "min_child_weight": 3969.8337503190373, "num_boost_round": 19.0, "subsample": 0.9527612282657915}, "datetime": {"datetime": "2024-01-20 14:27:14", "elapsed": 202.871541, "delta": 0.00045}}
{"target": -19.156181472635247, "params": {"colsample_bytree": 0.4817990587310511, "eta": 0.06466362574084887, "gamma": 644.9707486215702, "max_depth": 9.0, "min_child_weight": 3969.8337503190373, "num_boost_round": 20.0, "subsample": 0.9527612282657915}, "datetime": {"datetime": "2024-01-20 14:27:14", "elapsed": 202.872044, "delta": 0.000503}}
{"target": -19.15745897149295, "params": {"colsample_bytree": 0.4817990587310511, "eta": 0.06466362574084887, "gamma": 644.9707486215702, "max_depth": 9.0, "min_child_weight": 3969.8337503190373, "num_boost_round": 21.0, "subsample": 0.9527612282657915}, "datetime": {"datetime": "2024-01-20 14:27:14", "elapsed": 202.872521, "delta": 0.000477}}
{"target": -19.158380447238436, "params": {"colsample_bytree": 0.4817990587310511, "eta": 0.06466362574084887, "gamma": 644.9707486215702, "max_depth": 9.0, "min_child_weight": 3969.8337503190373, "num_boost_round": 22.0, "subsample": 0.9527612282657915}, "datetime": {"datetime": "2024-01-20 14:27:14", "elapsed": 202.873033, "delta": 0.000512}}
{"target": -19.158415001106697, "params": {"colsample_bytree": 0.4817990587310511, "eta": 0.06466362574084887, "gamma": 644.9707486215702, "max_depth": 9.0, "min_child_weight": 3969.8337503190373, "num_boost_round": 23.0, "subsample": 0.9527612282657915}, "datetime": {"datetime": "2024-01-20 14:27:14", "elapsed": 202.873519, "delta": 0.000486}}
{"target": -19.159051192266347, "params": {"colsample_bytree": 0.4817990587310511, "eta": 0.06466362574084887, "gamma": 644.9707486215702, "max_depth": 9.0, "min_child_weight": 3969.8337503190373, "num_boost_round": 24.0, "subsample": 0.9527612282657915}, "datetime": {"datetime": "2024-01-20 14:27:14", "elapsed": 202.87402, "delta": 0.000501}}
