{"target": -13.497547709009076, "params": {"colsample_bytree": 0.6089410122190095, "eta": 0.09810960918034803, "gamma": 757.5374385378383, "max_depth": 3.0, "min_child_weight": 4559.276222080838, "num_boost_round": 99.0, "subsample": 0.31906716894567666}, "datetime": {"datetime": "2024-01-20 15:21:06", "elapsed": 3420.051055, "delta": 0.004745}}
{"target": -13.497461071036934, "params": {"colsample_bytree": 0.6089410122190095, "eta": 0.09810960918034803, "gamma": 757.5374385378383, "max_depth": 3.0, "min_child_weight": 4559.276222080838, "num_boost_round": 100.0, "subsample": 0.31906716894567666}, "datetime": {"datetime": "2024-01-20 15:21:06", "elapsed": 3420.055951, "delta": 0.004896}}
{"target": -13.497601967736891, "params": {"colsample_bytree": 0.6089410122190095, "eta": 0.09810960918034803, "gamma": 757.5374385378383, "max_depth": 3.0, "min_child_weight": 4559.276222080838, "num_boost_round": 101.0, "subsample": 0.31906716894567666}, "datetime": {"datetime": "2024-01-20 15:21:06", "elapsed": 3420.060536, "delta": 0.004585}}
{"target": -13.497662451580148, "params": {"colsample_bytree": 0.6089410122190095, "eta": 0.09810960918034803, "gamma": 757.5374385378383, "max_depth": 3.0, "min_child_weight": 4559.276222080838, "num_boost_round": 102.0, "subsample": 0.31906716894567666}, "datetime": {"datetime": "2024-01-20 15:21:06", "elapsed": 3420.065159, "delta": 0.004623}}
{"target": -13.497832186109703, "params": {"colsample_bytree": 0.6089410122190095, "eta": 0.09810960918034803, "gamma": 757.5374385378383, "max_depth": 3.0, "min_child_weight": 4559.276222080838, "num_boost_round": 103.0, "subsample": 0.31906716894567666}, "datetime": {"datetime": "2024-01-20 15:21:06", "elapsed": 3420.069763, "delta": 0.004604}}
{"target": -13.497961964227635, "params": {"colsample_bytree": 0.6089410122190095, "eta": 0.09810960918034803, "gamma": 757.5374385378383, "max_depth": 3.0, "min_child_weight": 4559.276222080838, "num_boost_round": 104.0, "subsample": 0.31906716894567666}, "datetime": {"datetime": "2024-01-20 15:21:06", "elapsed": 3420.074402, "delta": 0.004639}}
{"target": -13.498091984311941, "params": {"colsample_bytree": 0.6089410122190095, "eta": 0.09810960918034803, "gamma": 757.5374385378383, "max_depth": 3.0, "min_child_weight": 4559.276222080838, "num_boost_round": 105.0, "subsample": 0.31906716894567666}, "datetime": {"datetime": "2024-01-20 15:21:06", "elapsed": 3420.079128, "delta": 0.004726}}
{"target": -13.498182012193087, "params": {"colsample_bytree": 0.6089410122190095, "eta": 0.09810960918034803, "gamma": 757.5374385378383, "max_depth": 3.0, "min_child_weight": 4559.276222080838, "num_boost_round": 106.0, "subsample": 0.31906716894567666}, "datetime": {"datetime": "2024-01-20 15:21:06", "elapsed": 3420.084075, "delta": 0.004947}}
{"target": -13.498226620226216, "params": {"colsample_bytree": 0.6089410122190095, "eta": 0.09810960918034803, "gamma": 757.5374385378383, "max_depth": 3.0, "min_child_weight": 4559.276222080838, "num_boost_round": 107.0, "subsample": 0.31906716894567666}, "datetime": {"datetime": "2024-01-20 15:21:06", "elapsed": 3420.088683, "delta": 0.004608}}
{"target": -13.498176903269506, "params": {"colsample_bytree": 0.6089410122190095, "eta": 0.09810960918034803, "gamma": 757.5374385378383, "max_depth": 3.0, "min_child_weight": 4559.276222080838, "num_boost_round": 108.0, "subsample": 0.31906716894567666}, "datetime": {"datetime": "2024-01-20 15:21:06", "elapsed": 3420.093301, "delta": 0.004618}}
{"target": -13.498279148228645, "params": {"colsample_bytree": 0.6089410122190095, "eta": 0.09810960918034803, "gamma": 757.5374385378383, "max_depth": 3.0, "min_child_weight": 4559.276222080838, "num_boost_round": 109.0, "subsample": 0.31906716894567666}, "datetime": {"datetime": "2024-01-20 15:21:06", "elapsed": 3420.097913, "delta": 0.004612}}
{"target": -13.498493027194648, "params": {"colsample_bytree": 0.6089410122190095, "eta": 0.09810960918034803, "gamma": 757.5374385378383, "max_depth": 3.0, "min_child_weight": 4559.276222080838, "num_boost_round": 110.0, "subsample": 0.31906716894567666}, "datetime": {"datetime": "2024-01-20 15:21:06", "elapsed": 3420.102505, "delta": 0.004592}}
{"target": -13.49849623182644, "params": {"colsample_bytree": 0.6089410122190095, "eta": 0.09810960918034803, "gamma": 757.5374385378383, "max_depth": 3.0, "min_child_weight": 4559.276222080838, "num_boost_round": 111.0, "subsample": 0.31906716894567666}, "datetime": {"datetime": "2024-01-20 15:21:06", "elapsed": 3420.107275, "delta": 0.00477}}
{"target": -13.498540042830147, "params": {"colsample_bytree": 0.6089410122190095, "eta": 0.09810960918034803, "gamma": 757.5374385378383, "max_depth": 3.0, "min_child_weight": 4559.276222080838, "num_boost_round": 112.0, "subsample": 0.31906716894567666}, "datetime": {"datetime": "2024-01-20 15:21:06", "elapsed": 3420.112161, "delta": 0.004886}}
{"target": -13.49712932251446, "params": {"colsample_bytree": 0.622543334224926, "eta": 0.09124323167394659, "gamma": 807.8401355961028, "max_depth": 7.0, "min_child_weight": 4604.329677101449, "num_boost_round": 1.0, "subsample": 0.7524887427610168}, "datetime": {"datetime": "2024-01-20 15:22:25", "elapsed": 3498.782438, "delta": 78.670277}}
{"target": -13.4969296363453, "params": {"colsample_bytree": 0.622543334224926, "eta": 0.09124323167394659, "gamma": 807.8401355961028, "max_depth": 7.0, "min_child_weight": 4604.329677101449, "num_boost_round": 2.0, "subsample": 0.7524887427610168}, "datetime": {"datetime": "2024-01-20 15:22:25", "elapsed": 3498.787647, "delta": 0.005209}}
{"target": -13.497105536955171, "params": {"colsample_bytree": 0.622543334224926, "eta": 0.09124323167394659, "gamma": 807.8401355961028, "max_depth": 7.0, "min_child_weight": 4604.329677101449, "num_boost_round": 3.0, "subsample": 0.7524887427610168}, "datetime": {"datetime": "2024-01-20 15:22:25", "elapsed": 3498.792178, "delta": 0.004531}}
{"target": -13.497693846274235, "params": {"colsample_bytree": 0.622543334224926, "eta": 0.09124323167394659, "gamma": 807.8401355961028, "max_depth": 7.0, "min_child_weight": 4604.329677101449, "num_boost_round": 4.0, "subsample": 0.7524887427610168}, "datetime": {"datetime": "2024-01-20 15:22:25", "elapsed": 3498.796688, "delta": 0.00451}}
{"target": -13.497790748160895, "params": {"colsample_bytree": 0.622543334224926, "eta": 0.09124323167394659, "gamma": 807.8401355961028, "max_depth": 7.0, "min_child_weight": 4604.329677101449, "num_boost_round": 5.0, "subsample": 0.7524887427610168}, "datetime": {"datetime": "2024-01-20 15:22:25", "elapsed": 3498.801242, "delta": 0.004554}}
{"target": -13.497817368393989, "params": {"colsample_bytree": 0.622543334224926, "eta": 0.09124323167394659, "gamma": 807.8401355961028, "max_depth": 7.0, "min_child_weight": 4604.329677101449, "num_boost_round": 6.0, "subsample": 0.7524887427610168}, "datetime": {"datetime": "2024-01-20 15:22:25", "elapsed": 3498.805624, "delta": 0.004382}}
{"target": -13.49809829023044, "params": {"colsample_bytree": 0.622543334224926, "eta": 0.09124323167394659, "gamma": 807.8401355961028, "max_depth": 7.0, "min_child_weight": 4604.329677101449, "num_boost_round": 7.0, "subsample": 0.7524887427610168}, "datetime": {"datetime": "2024-01-20 15:22:25", "elapsed": 3498.810049, "delta": 0.004425}}
{"target": -13.49817625011872, "params": {"colsample_bytree": 0.622543334224926, "eta": 0.09124323167394659, "gamma": 807.8401355961028, "max_depth": 7.0, "min_child_weight": 4604.329677101449, "num_boost_round": 8.0, "subsample": 0.7524887427610168}, "datetime": {"datetime": "2024-01-20 15:22:25", "elapsed": 3498.816076, "delta": 0.006027}}
{"target": -13.498569608127445, "params": {"colsample_bytree": 0.622543334224926, "eta": 0.09124323167394659, "gamma": 807.8401355961028, "max_depth": 7.0, "min_child_weight": 4604.329677101449, "num_boost_round": 9.0, "subsample": 0.7524887427610168}, "datetime": {"datetime": "2024-01-20 15:22:25", "elapsed": 3498.821942, "delta": 0.005866}}
{"target": -13.498620228194607, "params": {"colsample_bytree": 0.622543334224926, "eta": 0.09124323167394659, "gamma": 807.8401355961028, "max_depth": 7.0, "min_child_weight": 4604.329677101449, "num_boost_round": 10.0, "subsample": 0.7524887427610168}, "datetime": {"datetime": "2024-01-20 15:22:25", "elapsed": 3498.826962, "delta": 0.00502}}
{"target": -13.49878337199115, "params": {"colsample_bytree": 0.622543334224926, "eta": 0.09124323167394659, "gamma": 807.8401355961028, "max_depth": 7.0, "min_child_weight": 4604.329677101449, "num_boost_round": 11.0, "subsample": 0.7524887427610168}, "datetime": {"datetime": "2024-01-20 15:22:25", "elapsed": 3498.831624, "delta": 0.004662}}
{"target": -13.499395762403482, "params": {"colsample_bytree": 0.622543334224926, "eta": 0.09124323167394659, "gamma": 807.8401355961028, "max_depth": 7.0, "min_child_weight": 4604.329677101449, "num_boost_round": 12.0, "subsample": 0.7524887427610168}, "datetime": {"datetime": "2024-01-20 15:22:25", "elapsed": 3498.836335, "delta": 0.004711}}
{"target": -13.49941037521484, "params": {"colsample_bytree": 0.622543334224926, "eta": 0.09124323167394659, "gamma": 807.8401355961028, "max_depth": 7.0, "min_child_weight": 4604.329677101449, "num_boost_round": 13.0, "subsample": 0.7524887427610168}, "datetime": {"datetime": "2024-01-20 15:22:25", "elapsed": 3498.840917, "delta": 0.004582}}
{"target": -13.500110650932173, "params": {"colsample_bytree": 0.622543334224926, "eta": 0.09124323167394659, "gamma": 807.8401355961028, "max_depth": 7.0, "min_child_weight": 4604.329677101449, "num_boost_round": 14.0, "subsample": 0.7524887427610168}, "datetime": {"datetime": "2024-01-20 15:22:25", "elapsed": 3498.845532, "delta": 0.004615}}
{"target": -13.500213205636523, "params": {"colsample_bytree": 0.622543334224926, "eta": 0.09124323167394659, "gamma": 807.8401355961028, "max_depth": 7.0, "min_child_weight": 4604.329677101449, "num_boost_round": 15.0, "subsample": 0.7524887427610168}, "datetime": {"datetime": "2024-01-20 15:22:25", "elapsed": 3498.849929, "delta": 0.004397}}
{"target": -13.500665370800206, "params": {"colsample_bytree": 0.622543334224926, "eta": 0.09124323167394659, "gamma": 807.8401355961028, "max_depth": 7.0, "min_child_weight": 4604.329677101449, "num_boost_round": 16.0, "subsample": 0.7524887427610168}, "datetime": {"datetime": "2024-01-20 15:22:25", "elapsed": 3498.854483, "delta": 0.004554}}
{"target": -13.500987764791429, "params": {"colsample_bytree": 0.622543334224926, "eta": 0.09124323167394659, "gamma": 807.8401355961028, "max_depth": 7.0, "min_child_weight": 4604.329677101449, "num_boost_round": 17.0, "subsample": 0.7524887427610168}, "datetime": {"datetime": "2024-01-20 15:22:25", "elapsed": 3498.859171, "delta": 0.004688}}
{"target": -13.501377894949245, "params": {"colsample_bytree": 0.622543334224926, "eta": 0.09124323167394659, "gamma": 807.8401355961028, "max_depth": 7.0, "min_child_weight": 4604.329677101449, "num_boost_round": 18.0, "subsample": 0.7524887427610168}, "datetime": {"datetime": "2024-01-20 15:22:25", "elapsed": 3498.863663, "delta": 0.004492}}
{"target": -13.501634177055594, "params": {"colsample_bytree": 0.622543334224926, "eta": 0.09124323167394659, "gamma": 807.8401355961028, "max_depth": 7.0, "min_child_weight": 4604.329677101449, "num_boost_round": 19.0, "subsample": 0.7524887427610168}, "datetime": {"datetime": "2024-01-20 15:22:25", "elapsed": 3498.868064, "delta": 0.004401}}
{"target": -13.501856420082072, "params": {"colsample_bytree": 0.622543334224926, "eta": 0.09124323167394659, "gamma": 807.8401355961028, "max_depth": 7.0, "min_child_weight": 4604.329677101449, "num_boost_round": 20.0, "subsample": 0.7524887427610168}, "datetime": {"datetime": "2024-01-20 15:22:25", "elapsed": 3498.872488, "delta": 0.004424}}
{"target": -13.502406236917631, "params": {"colsample_bytree": 0.622543334224926, "eta": 0.09124323167394659, "gamma": 807.8401355961028, "max_depth": 7.0, "min_child_weight": 4604.329677101449, "num_boost_round": 21.0, "subsample": 0.7524887427610168}, "datetime": {"datetime": "2024-01-20 15:22:25", "elapsed": 3498.877017, "delta": 0.004529}}
{"target": -13.502683669773194, "params": {"colsample_bytree": 0.622543334224926, "eta": 0.09124323167394659, "gamma": 807.8401355961028, "max_depth": 7.0, "min_child_weight": 4604.329677101449, "num_boost_round": 22.0, "subsample": 0.7524887427610168}, "datetime": {"datetime": "2024-01-20 15:22:25", "elapsed": 3498.881465, "delta": 0.004448}}
{"target": -13.502588281301126, "params": {"colsample_bytree": 0.622543334224926, "eta": 0.09124323167394659, "gamma": 807.8401355961028, "max_depth": 7.0, "min_child_weight": 4604.329677101449, "num_boost_round": 23.0, "subsample": 0.7524887427610168}, "datetime": {"datetime": "2024-01-20 15:22:25", "elapsed": 3498.886032, "delta": 0.004567}}
{"target": -13.502906975676673, "params": {"colsample_bytree": 0.622543334224926, "eta": 0.09124323167394659, "gamma": 807.8401355961028, "max_depth": 7.0, "min_child_weight": 4604.329677101449, "num_boost_round": 24.0, "subsample": 0.7524887427610168}, "datetime": {"datetime": "2024-01-20 15:22:25", "elapsed": 3498.890406, "delta": 0.004374}}
{"target": -13.503108499011692, "params": {"colsample_bytree": 0.622543334224926, "eta": 0.09124323167394659, "gamma": 807.8401355961028, "max_depth": 7.0, "min_child_weight": 4604.329677101449, "num_boost_round": 25.0, "subsample": 0.7524887427610168}, "datetime": {"datetime": "2024-01-20 15:22:25", "elapsed": 3498.895085, "delta": 0.004679}}
{"target": -13.50346259302166, "params": {"colsample_bytree": 0.622543334224926, "eta": 0.09124323167394659, "gamma": 807.8401355961028, "max_depth": 7.0, "min_child_weight": 4604.329677101449, "num_boost_round": 26.0, "subsample": 0.7524887427610168}, "datetime": {"datetime": "2024-01-20 15:22:25", "elapsed": 3498.899496, "delta": 0.004411}}
{"target": -13.503606597860545, "params": {"colsample_bytree": 0.622543334224926, "eta": 0.09124323167394659, "gamma": 807.8401355961028, "max_depth": 7.0, "min_child_weight": 4604.329677101449, "num_boost_round": 27.0, "subsample": 0.7524887427610168}, "datetime": {"datetime": "2024-01-20 15:22:25", "elapsed": 3498.903924, "delta": 0.004428}}
{"target": -13.503551575417138, "params": {"colsample_bytree": 0.622543334224926, "eta": 0.09124323167394659, "gamma": 807.8401355961028, "max_depth": 7.0, "min_child_weight": 4604.329677101449, "num_boost_round": 28.0, "subsample": 0.7524887427610168}, "datetime": {"datetime": "2024-01-20 15:22:25", "elapsed": 3498.908412, "delta": 0.004488}}
{"target": -13.50377183123507, "params": {"colsample_bytree": 0.622543334224926, "eta": 0.09124323167394659, "gamma": 807.8401355961028, "max_depth": 7.0, "min_child_weight": 4604.329677101449, "num_boost_round": 29.0, "subsample": 0.7524887427610168}, "datetime": {"datetime": "2024-01-20 15:22:25", "elapsed": 3498.913151, "delta": 0.004739}}
{"target": -13.503939457205584, "params": {"colsample_bytree": 0.622543334224926, "eta": 0.09124323167394659, "gamma": 807.8401355961028, "max_depth": 7.0, "min_child_weight": 4604.329677101449, "num_boost_round": 30.0, "subsample": 0.7524887427610168}, "datetime": {"datetime": "2024-01-20 15:22:25", "elapsed": 3498.91765, "delta": 0.004499}}
{"target": -13.504045967067077, "params": {"colsample_bytree": 0.622543334224926, "eta": 0.09124323167394659, "gamma": 807.8401355961028, "max_depth": 7.0, "min_child_weight": 4604.329677101449, "num_boost_round": 31.0, "subsample": 0.7524887427610168}, "datetime": {"datetime": "2024-01-20 15:22:25", "elapsed": 3498.922216, "delta": 0.004566}}
{"target": -13.503825221533873, "params": {"colsample_bytree": 0.622543334224926, "eta": 0.09124323167394659, "gamma": 807.8401355961028, "max_depth": 7.0, "min_child_weight": 4604.329677101449, "num_boost_round": 32.0, "subsample": 0.7524887427610168}, "datetime": {"datetime": "2024-01-20 15:22:25", "elapsed": 3498.92689, "delta": 0.004674}}
{"target": -13.504069075877728, "params": {"colsample_bytree": 0.622543334224926, "eta": 0.09124323167394659, "gamma": 807.8401355961028, "max_depth": 7.0, "min_child_weight": 4604.329677101449, "num_boost_round": 33.0, "subsample": 0.7524887427610168}, "datetime": {"datetime": "2024-01-20 15:22:25", "elapsed": 3498.931397, "delta": 0.004507}}
{"target": -13.504008195199626, "params": {"colsample_bytree": 0.622543334224926, "eta": 0.09124323167394659, "gamma": 807.8401355961028, "max_depth": 7.0, "min_child_weight": 4604.329677101449, "num_boost_round": 34.0, "subsample": 0.7524887427610168}, "datetime": {"datetime": "2024-01-20 15:22:25", "elapsed": 3498.936295, "delta": 0.004898}}
{"target": -13.503931028728205, "params": {"colsample_bytree": 0.622543334224926, "eta": 0.09124323167394659, "gamma": 807.8401355961028, "max_depth": 7.0, "min_child_weight": 4604.329677101449, "num_boost_round": 35.0, "subsample": 0.7524887427610168}, "datetime": {"datetime": "2024-01-20 15:22:25", "elapsed": 3498.940967, "delta": 0.004672}}
{"target": -13.504272330844303, "params": {"colsample_bytree": 0.622543334224926, "eta": 0.09124323167394659, "gamma": 807.8401355961028, "max_depth": 7.0, "min_child_weight": 4604.329677101449, "num_boost_round": 36.0, "subsample": 0.7524887427610168}, "datetime": {"datetime": "2024-01-20 15:22:25", "elapsed": 3498.945427, "delta": 0.00446}}
{"target": -13.504473002569766, "params": {"colsample_bytree": 0.622543334224926, "eta": 0.09124323167394659, "gamma": 807.8401355961028, "max_depth": 7.0, "min_child_weight": 4604.329677101449, "num_boost_round": 37.0, "subsample": 0.7524887427610168}, "datetime": {"datetime": "2024-01-20 15:22:25", "elapsed": 3498.949932, "delta": 0.004505}}
{"target": -13.504442609760545, "params": {"colsample_bytree": 0.622543334224926, "eta": 0.09124323167394659, "gamma": 807.8401355961028, "max_depth": 7.0, "min_child_weight": 4604.329677101449, "num_boost_round": 38.0, "subsample": 0.7524887427610168}, "datetime": {"datetime": "2024-01-20 15:22:25", "elapsed": 3498.954403, "delta": 0.004471}}
{"target": -13.50479975090437, "params": {"colsample_bytree": 0.622543334224926, "eta": 0.09124323167394659, "gamma": 807.8401355961028, "max_depth": 7.0, "min_child_weight": 4604.329677101449, "num_boost_round": 39.0, "subsample": 0.7524887427610168}, "datetime": {"datetime": "2024-01-20 15:22:25", "elapsed": 3498.95889, "delta": 0.004487}}
{"target": -13.505302429237716, "params": {"colsample_bytree": 0.622543334224926, "eta": 0.09124323167394659, "gamma": 807.8401355961028, "max_depth": 7.0, "min_child_weight": 4604.329677101449, "num_boost_round": 40.0, "subsample": 0.7524887427610168}, "datetime": {"datetime": "2024-01-20 15:22:25", "elapsed": 3498.963423, "delta": 0.004533}}
{"target": -13.505335490609209, "params": {"colsample_bytree": 0.622543334224926, "eta": 0.09124323167394659, "gamma": 807.8401355961028, "max_depth": 7.0, "min_child_weight": 4604.329677101449, "num_boost_round": 41.0, "subsample": 0.7524887427610168}, "datetime": {"datetime": "2024-01-20 15:22:25", "elapsed": 3498.96805, "delta": 0.004627}}
{"target": -13.50598827874611, "params": {"colsample_bytree": 0.622543334224926, "eta": 0.09124323167394659, "gamma": 807.8401355961028, "max_depth": 7.0, "min_child_weight": 4604.329677101449, "num_boost_round": 42.0, "subsample": 0.7524887427610168}, "datetime": {"datetime": "2024-01-20 15:22:25", "elapsed": 3498.9725, "delta": 0.00445}}
{"target": -13.506262054994558, "params": {"colsample_bytree": 0.622543334224926, "eta": 0.09124323167394659, "gamma": 807.8401355961028, "max_depth": 7.0, "min_child_weight": 4604.329677101449, "num_boost_round": 43.0, "subsample": 0.7524887427610168}, "datetime": {"datetime": "2024-01-20 15:22:25", "elapsed": 3498.97693, "delta": 0.00443}}
{"target": -13.506397926336536, "params": {"colsample_bytree": 0.622543334224926, "eta": 0.09124323167394659, "gamma": 807.8401355961028, "max_depth": 7.0, "min_child_weight": 4604.329677101449, "num_boost_round": 44.0, "subsample": 0.7524887427610168}, "datetime": {"datetime": "2024-01-20 15:22:25", "elapsed": 3498.981415, "delta": 0.004485}}
{"target": -13.506702739650802, "params": {"colsample_bytree": 0.622543334224926, "eta": 0.09124323167394659, "gamma": 807.8401355961028, "max_depth": 7.0, "min_child_weight": 4604.329677101449, "num_boost_round": 45.0, "subsample": 0.7524887427610168}, "datetime": {"datetime": "2024-01-20 15:22:25", "elapsed": 3498.985917, "delta": 0.004502}}
{"target": -13.50691553621621, "params": {"colsample_bytree": 0.622543334224926, "eta": 0.09124323167394659, "gamma": 807.8401355961028, "max_depth": 7.0, "min_child_weight": 4604.329677101449, "num_boost_round": 46.0, "subsample": 0.7524887427610168}, "datetime": {"datetime": "2024-01-20 15:22:25", "elapsed": 3498.990454, "delta": 0.004537}}
{"target": -13.506900672570065, "params": {"colsample_bytree": 0.622543334224926, "eta": 0.09124323167394659, "gamma": 807.8401355961028, "max_depth": 7.0, "min_child_weight": 4604.329677101449, "num_boost_round": 47.0, "subsample": 0.7524887427610168}, "datetime": {"datetime": "2024-01-20 15:22:25", "elapsed": 3498.995065, "delta": 0.004611}}
{"target": -13.507137311423927, "params": {"colsample_bytree": 0.622543334224926, "eta": 0.09124323167394659, "gamma": 807.8401355961028, "max_depth": 7.0, "min_child_weight": 4604.329677101449, "num_boost_round": 48.0, "subsample": 0.7524887427610168}, "datetime": {"datetime": "2024-01-20 15:22:25", "elapsed": 3499.295142, "delta": 0.300077}}
{"target": -13.507420587093161, "params": {"colsample_bytree": 0.622543334224926, "eta": 0.09124323167394659, "gamma": 807.8401355961028, "max_depth": 7.0, "min_child_weight": 4604.329677101449, "num_boost_round": 49.0, "subsample": 0.7524887427610168}, "datetime": {"datetime": "2024-01-20 15:22:25", "elapsed": 3499.300613, "delta": 0.005471}}
