{"target": -10.478070924291284, "params": {"colsample_bytree": 0.8587470410456685, "eta": 0.0491325056482306, "gamma": 807.1278598671938, "max_depth": 6.0, "min_child_weight": 4738.155023255015, "num_boost_round": 31.0, "subsample": 0.6611406724273988}, "datetime": {"datetime": "2024-01-20 14:00:08", "elapsed": 2100.312795, "delta": 0.002506}}
{"target": -10.478357074179623, "params": {"colsample_bytree": 0.8587470410456685, "eta": 0.0491325056482306, "gamma": 807.1278598671938, "max_depth": 6.0, "min_child_weight": 4738.155023255015, "num_boost_round": 32.0, "subsample": 0.6611406724273988}, "datetime": {"datetime": "2024-01-20 14:00:08", "elapsed": 2100.315227, "delta": 0.002432}}
{"target": -10.478334761145376, "params": {"colsample_bytree": 0.8587470410456685, "eta": 0.0491325056482306, "gamma": 807.1278598671938, "max_depth": 6.0, "min_child_weight": 4738.155023255015, "num_boost_round": 33.0, "subsample": 0.6611406724273988}, "datetime": {"datetime": "2024-01-20 14:00:08", "elapsed": 2100.317768, "delta": 0.002541}}
{"target": -10.478481451090357, "params": {"colsample_bytree": 0.8587470410456685, "eta": 0.0491325056482306, "gamma": 807.1278598671938, "max_depth": 6.0, "min_child_weight": 4738.155023255015, "num_boost_round": 34.0, "subsample": 0.6611406724273988}, "datetime": {"datetime": "2024-01-20 14:00:08", "elapsed": 2100.32017, "delta": 0.002402}}
{"target": -10.478930756060933, "params": {"colsample_bytree": 0.8587470410456685, "eta": 0.0491325056482306, "gamma": 807.1278598671938, "max_depth": 6.0, "min_child_weight": 4738.155023255015, "num_boost_round": 35.0, "subsample": 0.6611406724273988}, "datetime": {"datetime": "2024-01-20 14:00:08", "elapsed": 2100.322555, "delta": 0.002385}}
{"target": -10.478790701876111, "params": {"colsample_bytree": 0.8587470410456685, "eta": 0.0491325056482306, "gamma": 807.1278598671938, "max_depth": 6.0, "min_child_weight": 4738.155023255015, "num_boost_round": 36.0, "subsample": 0.6611406724273988}, "datetime": {"datetime": "2024-01-20 14:00:08", "elapsed": 2100.325024, "delta": 0.002469}}
{"target": -10.47921436925847, "params": {"colsample_bytree": 0.8587470410456685, "eta": 0.0491325056482306, "gamma": 807.1278598671938, "max_depth": 6.0, "min_child_weight": 4738.155023255015, "num_boost_round": 37.0, "subsample": 0.6611406724273988}, "datetime": {"datetime": "2024-01-20 14:00:08", "elapsed": 2100.327442, "delta": 0.002418}}
{"target": -10.479493889739082, "params": {"colsample_bytree": 0.8587470410456685, "eta": 0.0491325056482306, "gamma": 807.1278598671938, "max_depth": 6.0, "min_child_weight": 4738.155023255015, "num_boost_round": 38.0, "subsample": 0.6611406724273988}, "datetime": {"datetime": "2024-01-20 14:00:08", "elapsed": 2100.329947, "delta": 0.002505}}
{"target": -10.479925135407, "params": {"colsample_bytree": 0.8587470410456685, "eta": 0.0491325056482306, "gamma": 807.1278598671938, "max_depth": 6.0, "min_child_weight": 4738.155023255015, "num_boost_round": 39.0, "subsample": 0.6611406724273988}, "datetime": {"datetime": "2024-01-20 14:00:08", "elapsed": 2100.332366, "delta": 0.002419}}
{"target": -10.480338541824736, "params": {"colsample_bytree": 0.8587470410456685, "eta": 0.0491325056482306, "gamma": 807.1278598671938, "max_depth": 6.0, "min_child_weight": 4738.155023255015, "num_boost_round": 40.0, "subsample": 0.6611406724273988}, "datetime": {"datetime": "2024-01-20 14:00:08", "elapsed": 2100.334798, "delta": 0.002432}}
{"target": -10.480404874058635, "params": {"colsample_bytree": 0.8587470410456685, "eta": 0.0491325056482306, "gamma": 807.1278598671938, "max_depth": 6.0, "min_child_weight": 4738.155023255015, "num_boost_round": 41.0, "subsample": 0.6611406724273988}, "datetime": {"datetime": "2024-01-20 14:00:08", "elapsed": 2100.337343, "delta": 0.002545}}
{"target": -10.48072103755194, "params": {"colsample_bytree": 0.8587470410456685, "eta": 0.0491325056482306, "gamma": 807.1278598671938, "max_depth": 6.0, "min_child_weight": 4738.155023255015, "num_boost_round": 42.0, "subsample": 0.6611406724273988}, "datetime": {"datetime": "2024-01-20 14:00:08", "elapsed": 2100.339797, "delta": 0.002454}}
{"target": -10.480990305665657, "params": {"colsample_bytree": 0.8587470410456685, "eta": 0.0491325056482306, "gamma": 807.1278598671938, "max_depth": 6.0, "min_child_weight": 4738.155023255015, "num_boost_round": 43.0, "subsample": 0.6611406724273988}, "datetime": {"datetime": "2024-01-20 14:00:08", "elapsed": 2100.342236, "delta": 0.002439}}
{"target": -10.48137627795284, "params": {"colsample_bytree": 0.8587470410456685, "eta": 0.0491325056482306, "gamma": 807.1278598671938, "max_depth": 6.0, "min_child_weight": 4738.155023255015, "num_boost_round": 44.0, "subsample": 0.6611406724273988}, "datetime": {"datetime": "2024-01-20 14:00:08", "elapsed": 2100.344662, "delta": 0.002426}}
{"target": -10.481607149853897, "params": {"colsample_bytree": 0.8587470410456685, "eta": 0.0491325056482306, "gamma": 807.1278598671938, "max_depth": 6.0, "min_child_weight": 4738.155023255015, "num_boost_round": 45.0, "subsample": 0.6611406724273988}, "datetime": {"datetime": "2024-01-20 14:00:08", "elapsed": 2100.347074, "delta": 0.002412}}
{"target": -10.475443162336083, "params": {"colsample_bytree": 0.6960363731336869, "eta": 0.07687520528815332, "gamma": 874.5568536337507, "max_depth": 5.0, "min_child_weight": 4768.509191650902, "num_boost_round": 1.0, "subsample": 0.6342838752712133}, "datetime": {"datetime": "2024-01-20 14:01:12", "elapsed": 2164.091742, "delta": 63.744668}}
{"target": -10.474358283489579, "params": {"colsample_bytree": 0.6960363731336869, "eta": 0.07687520528815332, "gamma": 874.5568536337507, "max_depth": 5.0, "min_child_weight": 4768.509191650902, "num_boost_round": 2.0, "subsample": 0.6342838752712133}, "datetime": {"datetime": "2024-01-20 14:01:12", "elapsed": 2164.095173, "delta": 0.003431}}
{"target": -10.474411567475164, "params": {"colsample_bytree": 0.6960363731336869, "eta": 0.07687520528815332, "gamma": 874.5568536337507, "max_depth": 5.0, "min_child_weight": 4768.509191650902, "num_boost_round": 3.0, "subsample": 0.6342838752712133}, "datetime": {"datetime": "2024-01-20 14:01:12", "elapsed": 2164.09788, "delta": 0.002707}}
{"target": -10.47392123447821, "params": {"colsample_bytree": 0.6960363731336869, "eta": 0.07687520528815332, "gamma": 874.5568536337507, "max_depth": 5.0, "min_child_weight": 4768.509191650902, "num_boost_round": 4.0, "subsample": 0.6342838752712133}, "datetime": {"datetime": "2024-01-20 14:01:12", "elapsed": 2164.100371, "delta": 0.002491}}
{"target": -10.473917763948153, "params": {"colsample_bytree": 0.6960363731336869, "eta": 0.07687520528815332, "gamma": 874.5568536337507, "max_depth": 5.0, "min_child_weight": 4768.509191650902, "num_boost_round": 5.0, "subsample": 0.6342838752712133}, "datetime": {"datetime": "2024-01-20 14:01:12", "elapsed": 2164.102821, "delta": 0.00245}}
{"target": -10.47418579939936, "params": {"colsample_bytree": 0.6960363731336869, "eta": 0.07687520528815332, "gamma": 874.5568536337507, "max_depth": 5.0, "min_child_weight": 4768.509191650902, "num_boost_round": 6.0, "subsample": 0.6342838752712133}, "datetime": {"datetime": "2024-01-20 14:01:12", "elapsed": 2164.105346, "delta": 0.002525}}
{"target": -10.47422230770788, "params": {"colsample_bytree": 0.6960363731336869, "eta": 0.07687520528815332, "gamma": 874.5568536337507, "max_depth": 5.0, "min_child_weight": 4768.509191650902, "num_boost_round": 7.0, "subsample": 0.6342838752712133}, "datetime": {"datetime": "2024-01-20 14:01:12", "elapsed": 2164.107812, "delta": 0.002466}}
{"target": -10.473819708896984, "params": {"colsample_bytree": 0.6960363731336869, "eta": 0.07687520528815332, "gamma": 874.5568536337507, "max_depth": 5.0, "min_child_weight": 4768.509191650902, "num_boost_round": 8.0, "subsample": 0.6342838752712133}, "datetime": {"datetime": "2024-01-20 14:01:12", "elapsed": 2164.110376, "delta": 0.002564}}
{"target": -10.474090672526856, "params": {"colsample_bytree": 0.6960363731336869, "eta": 0.07687520528815332, "gamma": 874.5568536337507, "max_depth": 5.0, "min_child_weight": 4768.509191650902, "num_boost_round": 9.0, "subsample": 0.6342838752712133}, "datetime": {"datetime": "2024-01-20 14:01:12", "elapsed": 2164.112933, "delta": 0.002557}}
{"target": -10.474078577914064, "params": {"colsample_bytree": 0.6960363731336869, "eta": 0.07687520528815332, "gamma": 874.5568536337507, "max_depth": 5.0, "min_child_weight": 4768.509191650902, "num_boost_round": 10.0, "subsample": 0.6342838752712133}, "datetime": {"datetime": "2024-01-20 14:01:12", "elapsed": 2164.115464, "delta": 0.002531}}
{"target": -10.474108587827054, "params": {"colsample_bytree": 0.6960363731336869, "eta": 0.07687520528815332, "gamma": 874.5568536337507, "max_depth": 5.0, "min_child_weight": 4768.509191650902, "num_boost_round": 11.0, "subsample": 0.6342838752712133}, "datetime": {"datetime": "2024-01-20 14:01:12", "elapsed": 2164.118071, "delta": 0.002607}}
{"target": -10.474617746750788, "params": {"colsample_bytree": 0.6960363731336869, "eta": 0.07687520528815332, "gamma": 874.5568536337507, "max_depth": 5.0, "min_child_weight": 4768.509191650902, "num_boost_round": 12.0, "subsample": 0.6342838752712133}, "datetime": {"datetime": "2024-01-20 14:01:12", "elapsed": 2164.120552, "delta": 0.002481}}
{"target": -10.47472869521498, "params": {"colsample_bytree": 0.6960363731336869, "eta": 0.07687520528815332, "gamma": 874.5568536337507, "max_depth": 5.0, "min_child_weight": 4768.509191650902, "num_boost_round": 13.0, "subsample": 0.6342838752712133}, "datetime": {"datetime": "2024-01-20 14:01:12", "elapsed": 2164.12303, "delta": 0.002478}}
{"target": -10.475199432373383, "params": {"colsample_bytree": 0.6960363731336869, "eta": 0.07687520528815332, "gamma": 874.5568536337507, "max_depth": 5.0, "min_child_weight": 4768.509191650902, "num_boost_round": 14.0, "subsample": 0.6342838752712133}, "datetime": {"datetime": "2024-01-20 14:01:12", "elapsed": 2164.125534, "delta": 0.002504}}
{"target": -10.475604864914025, "params": {"colsample_bytree": 0.6960363731336869, "eta": 0.07687520528815332, "gamma": 874.5568536337507, "max_depth": 5.0, "min_child_weight": 4768.509191650902, "num_boost_round": 15.0, "subsample": 0.6342838752712133}, "datetime": {"datetime": "2024-01-20 14:01:12", "elapsed": 2164.128169, "delta": 0.002635}}
{"target": -10.476063317334923, "params": {"colsample_bytree": 0.6960363731336869, "eta": 0.07687520528815332, "gamma": 874.5568536337507, "max_depth": 5.0, "min_child_weight": 4768.509191650902, "num_boost_round": 16.0, "subsample": 0.6342838752712133}, "datetime": {"datetime": "2024-01-20 14:01:12", "elapsed": 2164.13094, "delta": 0.002771}}
{"target": -10.476587425240316, "params": {"colsample_bytree": 0.6960363731336869, "eta": 0.07687520528815332, "gamma": 874.5568536337507, "max_depth": 5.0, "min_child_weight": 4768.509191650902, "num_boost_round": 17.0, "subsample": 0.6342838752712133}, "datetime": {"datetime": "2024-01-20 14:01:12", "elapsed": 2164.13369, "delta": 0.00275}}
{"target": -10.477030030930447, "params": {"colsample_bytree": 0.6960363731336869, "eta": 0.07687520528815332, "gamma": 874.5568536337507, "max_depth": 5.0, "min_child_weight": 4768.509191650902, "num_boost_round": 18.0, "subsample": 0.6342838752712133}, "datetime": {"datetime": "2024-01-20 14:01:12", "elapsed": 2164.1365, "delta": 0.00281}}
{"target": -10.47687927498557, "params": {"colsample_bytree": 0.6960363731336869, "eta": 0.07687520528815332, "gamma": 874.5568536337507, "max_depth": 5.0, "min_child_weight": 4768.509191650902, "num_boost_round": 19.0, "subsample": 0.6342838752712133}, "datetime": {"datetime": "2024-01-20 14:01:12", "elapsed": 2164.139063, "delta": 0.002563}}
{"target": -10.477114880933723, "params": {"colsample_bytree": 0.6960363731336869, "eta": 0.07687520528815332, "gamma": 874.5568536337507, "max_depth": 5.0, "min_child_weight": 4768.509191650902, "num_boost_round": 20.0, "subsample": 0.6342838752712133}, "datetime": {"datetime": "2024-01-20 14:01:12", "elapsed": 2164.141615, "delta": 0.002552}}
{"target": -10.477855508563836, "params": {"colsample_bytree": 0.6960363731336869, "eta": 0.07687520528815332, "gamma": 874.5568536337507, "max_depth": 5.0, "min_child_weight": 4768.509191650902, "num_boost_round": 21.0, "subsample": 0.6342838752712133}, "datetime": {"datetime": "2024-01-20 14:01:12", "elapsed": 2164.144481, "delta": 0.002866}}
{"target": -10.478124434501856, "params": {"colsample_bytree": 0.6960363731336869, "eta": 0.07687520528815332, "gamma": 874.5568536337507, "max_depth": 5.0, "min_child_weight": 4768.509191650902, "num_boost_round": 22.0, "subsample": 0.6342838752712133}, "datetime": {"datetime": "2024-01-20 14:01:12", "elapsed": 2164.147042, "delta": 0.002561}}
{"target": -10.478619252289002, "params": {"colsample_bytree": 0.6960363731336869, "eta": 0.07687520528815332, "gamma": 874.5568536337507, "max_depth": 5.0, "min_child_weight": 4768.509191650902, "num_boost_round": 23.0, "subsample": 0.6342838752712133}, "datetime": {"datetime": "2024-01-20 14:01:12", "elapsed": 2164.149585, "delta": 0.002543}}
{"target": -10.479116301104224, "params": {"colsample_bytree": 0.6960363731336869, "eta": 0.07687520528815332, "gamma": 874.5568536337507, "max_depth": 5.0, "min_child_weight": 4768.509191650902, "num_boost_round": 24.0, "subsample": 0.6342838752712133}, "datetime": {"datetime": "2024-01-20 14:01:12", "elapsed": 2164.15209, "delta": 0.002505}}
{"target": -10.47937963864239, "params": {"colsample_bytree": 0.6960363731336869, "eta": 0.07687520528815332, "gamma": 874.5568536337507, "max_depth": 5.0, "min_child_weight": 4768.509191650902, "num_boost_round": 25.0, "subsample": 0.6342838752712133}, "datetime": {"datetime": "2024-01-20 14:01:12", "elapsed": 2164.15457, "delta": 0.00248}}
{"target": -10.479911269301816, "params": {"colsample_bytree": 0.6960363731336869, "eta": 0.07687520528815332, "gamma": 874.5568536337507, "max_depth": 5.0, "min_child_weight": 4768.509191650902, "num_boost_round": 26.0, "subsample": 0.6342838752712133}, "datetime": {"datetime": "2024-01-20 14:01:12", "elapsed": 2164.157199, "delta": 0.002629}}
{"target": -10.476149976253275, "params": {"colsample_bytree": 0.13436327098634918, "eta": 0.05849210590323465, "gamma": 964.8441879392766, "max_depth": 9.0, "min_child_weight": 4612.816435803957, "num_boost_round": 1.0, "subsample": 0.3855581742406452}, "datetime": {"datetime": "2024-01-20 14:02:45", "elapsed": 2257.45218, "delta": 93.294981}}
{"target": -10.476099745943781, "params": {"colsample_bytree": 0.13436327098634918, "eta": 0.05849210590323465, "gamma": 964.8441879392766, "max_depth": 9.0, "min_child_weight": 4612.816435803957, "num_boost_round": 2.0, "subsample": 0.3855581742406452}, "datetime": {"datetime": "2024-01-20 14:02:45", "elapsed": 2257.455128, "delta": 0.002948}}
{"target": -10.476225861695973, "params": {"colsample_bytree": 0.13436327098634918, "eta": 0.05849210590323465, "gamma": 964.8441879392766, "max_depth": 9.0, "min_child_weight": 4612.816435803957, "num_boost_round": 3.0, "subsample": 0.3855581742406452}, "datetime": {"datetime": "2024-01-20 14:02:45", "elapsed": 2257.458094, "delta": 0.002966}}
{"target": -10.476460426342332, "params": {"colsample_bytree": 0.13436327098634918, "eta": 0.05849210590323465, "gamma": 964.8441879392766, "max_depth": 9.0, "min_child_weight": 4612.816435803957, "num_boost_round": 4.0, "subsample": 0.3855581742406452}, "datetime": {"datetime": "2024-01-20 14:02:45", "elapsed": 2257.460749, "delta": 0.002655}}
{"target": -10.476310650186555, "params": {"colsample_bytree": 0.13436327098634918, "eta": 0.05849210590323465, "gamma": 964.8441879392766, "max_depth": 9.0, "min_child_weight": 4612.816435803957, "num_boost_round": 5.0, "subsample": 0.3855581742406452}, "datetime": {"datetime": "2024-01-20 14:02:45", "elapsed": 2257.463835, "delta": 0.003086}}
{"target": -10.476532109269005, "params": {"colsample_bytree": 0.13436327098634918, "eta": 0.05849210590323465, "gamma": 964.8441879392766, "max_depth": 9.0, "min_child_weight": 4612.816435803957, "num_boost_round": 6.0, "subsample": 0.3855581742406452}, "datetime": {"datetime": "2024-01-20 14:02:45", "elapsed": 2257.467256, "delta": 0.003421}}
{"target": -10.47661383283554, "params": {"colsample_bytree": 0.13436327098634918, "eta": 0.05849210590323465, "gamma": 964.8441879392766, "max_depth": 9.0, "min_child_weight": 4612.816435803957, "num_boost_round": 7.0, "subsample": 0.3855581742406452}, "datetime": {"datetime": "2024-01-20 14:02:45", "elapsed": 2257.470004, "delta": 0.002748}}
{"target": -10.476335912930718, "params": {"colsample_bytree": 0.13436327098634918, "eta": 0.05849210590323465, "gamma": 964.8441879392766, "max_depth": 9.0, "min_child_weight": 4612.816435803957, "num_boost_round": 8.0, "subsample": 0.3855581742406452}, "datetime": {"datetime": "2024-01-20 14:02:45", "elapsed": 2257.472608, "delta": 0.002604}}
{"target": -10.476273120997961, "params": {"colsample_bytree": 0.13436327098634918, "eta": 0.05849210590323465, "gamma": 964.8441879392766, "max_depth": 9.0, "min_child_weight": 4612.816435803957, "num_boost_round": 9.0, "subsample": 0.3855581742406452}, "datetime": {"datetime": "2024-01-20 14:02:45", "elapsed": 2257.475239, "delta": 0.002631}}
{"target": -10.476621771344725, "params": {"colsample_bytree": 0.13436327098634918, "eta": 0.05849210590323465, "gamma": 964.8441879392766, "max_depth": 9.0, "min_child_weight": 4612.816435803957, "num_boost_round": 10.0, "subsample": 0.3855581742406452}, "datetime": {"datetime": "2024-01-20 14:02:45", "elapsed": 2257.477776, "delta": 0.002537}}
{"target": -10.476966006990367, "params": {"colsample_bytree": 0.13436327098634918, "eta": 0.05849210590323465, "gamma": 964.8441879392766, "max_depth": 9.0, "min_child_weight": 4612.816435803957, "num_boost_round": 11.0, "subsample": 0.3855581742406452}, "datetime": {"datetime": "2024-01-20 14:02:45", "elapsed": 2257.480285, "delta": 0.002509}}
{"target": -10.477024796024715, "params": {"colsample_bytree": 0.13436327098634918, "eta": 0.05849210590323465, "gamma": 964.8441879392766, "max_depth": 9.0, "min_child_weight": 4612.816435803957, "num_boost_round": 12.0, "subsample": 0.3855581742406452}, "datetime": {"datetime": "2024-01-20 14:02:45", "elapsed": 2257.482809, "delta": 0.002524}}
{"target": -10.477066891954822, "params": {"colsample_bytree": 0.13436327098634918, "eta": 0.05849210590323465, "gamma": 964.8441879392766, "max_depth": 9.0, "min_child_weight": 4612.816435803957, "num_boost_round": 13.0, "subsample": 0.3855581742406452}, "datetime": {"datetime": "2024-01-20 14:02:45", "elapsed": 2257.485328, "delta": 0.002519}}
{"target": -10.47702867968004, "params": {"colsample_bytree": 0.13436327098634918, "eta": 0.05849210590323465, "gamma": 964.8441879392766, "max_depth": 9.0, "min_child_weight": 4612.816435803957, "num_boost_round": 14.0, "subsample": 0.3855581742406452}, "datetime": {"datetime": "2024-01-20 14:02:45", "elapsed": 2257.487871, "delta": 0.002543}}
{"target": -10.477130154313066, "params": {"colsample_bytree": 0.13436327098634918, "eta": 0.05849210590323465, "gamma": 964.8441879392766, "max_depth": 9.0, "min_child_weight": 4612.816435803957, "num_boost_round": 15.0, "subsample": 0.3855581742406452}, "datetime": {"datetime": "2024-01-20 14:02:45", "elapsed": 2257.49041, "delta": 0.002539}}
{"target": -10.47741333520175, "params": {"colsample_bytree": 0.13436327098634918, "eta": 0.05849210590323465, "gamma": 964.8441879392766, "max_depth": 9.0, "min_child_weight": 4612.816435803957, "num_boost_round": 16.0, "subsample": 0.3855581742406452}, "datetime": {"datetime": "2024-01-20 14:02:45", "elapsed": 2257.492938, "delta": 0.002528}}
{"target": -10.477554260670317, "params": {"colsample_bytree": 0.13436327098634918, "eta": 0.05849210590323465, "gamma": 964.8441879392766, "max_depth": 9.0, "min_child_weight": 4612.816435803957, "num_boost_round": 17.0, "subsample": 0.3855581742406452}, "datetime": {"datetime": "2024-01-20 14:02:45", "elapsed": 2257.495469, "delta": 0.002531}}
{"target": -10.47759393540507, "params": {"colsample_bytree": 0.13436327098634918, "eta": 0.05849210590323465, "gamma": 964.8441879392766, "max_depth": 9.0, "min_child_weight": 4612.816435803957, "num_boost_round": 18.0, "subsample": 0.3855581742406452}, "datetime": {"datetime": "2024-01-20 14:02:45", "elapsed": 2257.498005, "delta": 0.002536}}
{"target": -10.477697756250453, "params": {"colsample_bytree": 0.13436327098634918, "eta": 0.05849210590323465, "gamma": 964.8441879392766, "max_depth": 9.0, "min_child_weight": 4612.816435803957, "num_boost_round": 19.0, "subsample": 0.3855581742406452}, "datetime": {"datetime": "2024-01-20 14:02:45", "elapsed": 2257.500619, "delta": 0.002614}}
{"target": -10.477670605794405, "params": {"colsample_bytree": 0.13436327098634918, "eta": 0.05849210590323465, "gamma": 964.8441879392766, "max_depth": 9.0, "min_child_weight": 4612.816435803957, "num_boost_round": 20.0, "subsample": 0.3855581742406452}, "datetime": {"datetime": "2024-01-20 14:02:45", "elapsed": 2257.503183, "delta": 0.002564}}
{"target": -10.477729856396852, "params": {"colsample_bytree": 0.13436327098634918, "eta": 0.05849210590323465, "gamma": 964.8441879392766, "max_depth": 9.0, "min_child_weight": 4612.816435803957, "num_boost_round": 21.0, "subsample": 0.3855581742406452}, "datetime": {"datetime": "2024-01-20 14:02:45", "elapsed": 2257.505723, "delta": 0.00254}}
{"target": -10.477686135377828, "params": {"colsample_bytree": 0.13436327098634918, "eta": 0.05849210590323465, "gamma": 964.8441879392766, "max_depth": 9.0, "min_child_weight": 4612.816435803957, "num_boost_round": 22.0, "subsample": 0.3855581742406452}, "datetime": {"datetime": "2024-01-20 14:02:45", "elapsed": 2257.508275, "delta": 0.002552}}
