{"target": -19.141782167683182, "params": {"colsample_bytree": 0.3742612204283684, "eta": 0.036736096086812, "gamma": 881.000395297814, "max_depth": 4.0, "min_child_weight": 4341.680100155492, "num_boost_round": 20.0, "subsample": 0.14157026722653696}, "datetime": {"datetime": "2024-01-20 16:35:39", "elapsed": 7907.061841, "delta": 0.005039}}
{"target": -19.14180433680627, "params": {"colsample_bytree": 0.3742612204283684, "eta": 0.036736096086812, "gamma": 881.000395297814, "max_depth": 4.0, "min_child_weight": 4341.680100155492, "num_boost_round": 21.0, "subsample": 0.14157026722653696}, "datetime": {"datetime": "2024-01-20 16:35:39", "elapsed": 7907.067131, "delta": 0.00529}}
{"target": -19.14197829212867, "params": {"colsample_bytree": 0.3742612204283684, "eta": 0.036736096086812, "gamma": 881.000395297814, "max_depth": 4.0, "min_child_weight": 4341.680100155492, "num_boost_round": 22.0, "subsample": 0.14157026722653696}, "datetime": {"datetime": "2024-01-20 16:35:39", "elapsed": 7907.072144, "delta": 0.005013}}
{"target": -19.14179885309724, "params": {"colsample_bytree": 0.3742612204283684, "eta": 0.036736096086812, "gamma": 881.000395297814, "max_depth": 4.0, "min_child_weight": 4341.680100155492, "num_boost_round": 23.0, "subsample": 0.14157026722653696}, "datetime": {"datetime": "2024-01-20 16:35:39", "elapsed": 7907.0773, "delta": 0.005156}}
{"target": -19.14193772088596, "params": {"colsample_bytree": 0.3742612204283684, "eta": 0.036736096086812, "gamma": 881.000395297814, "max_depth": 4.0, "min_child_weight": 4341.680100155492, "num_boost_round": 24.0, "subsample": 0.14157026722653696}, "datetime": {"datetime": "2024-01-20 16:35:39", "elapsed": 7907.082582, "delta": 0.005282}}
{"target": -19.14200616635204, "params": {"colsample_bytree": 0.3742612204283684, "eta": 0.036736096086812, "gamma": 881.000395297814, "max_depth": 4.0, "min_child_weight": 4341.680100155492, "num_boost_round": 25.0, "subsample": 0.14157026722653696}, "datetime": {"datetime": "2024-01-20 16:35:39", "elapsed": 7907.088011, "delta": 0.005429}}
{"target": -19.141919408669413, "params": {"colsample_bytree": 0.3742612204283684, "eta": 0.036736096086812, "gamma": 881.000395297814, "max_depth": 4.0, "min_child_weight": 4341.680100155492, "num_boost_round": 26.0, "subsample": 0.14157026722653696}, "datetime": {"datetime": "2024-01-20 16:35:39", "elapsed": 7907.09293, "delta": 0.004919}}
{"target": -19.142013595344892, "params": {"colsample_bytree": 0.3742612204283684, "eta": 0.036736096086812, "gamma": 881.000395297814, "max_depth": 4.0, "min_child_weight": 4341.680100155492, "num_boost_round": 27.0, "subsample": 0.14157026722653696}, "datetime": {"datetime": "2024-01-20 16:35:39", "elapsed": 7907.097895, "delta": 0.004965}}
{"target": -19.14191397653537, "params": {"colsample_bytree": 0.3742612204283684, "eta": 0.036736096086812, "gamma": 881.000395297814, "max_depth": 4.0, "min_child_weight": 4341.680100155492, "num_boost_round": 28.0, "subsample": 0.14157026722653696}, "datetime": {"datetime": "2024-01-20 16:35:39", "elapsed": 7907.102825, "delta": 0.00493}}
{"target": -19.14158823876492, "params": {"colsample_bytree": 0.3742612204283684, "eta": 0.036736096086812, "gamma": 881.000395297814, "max_depth": 4.0, "min_child_weight": 4341.680100155492, "num_boost_round": 29.0, "subsample": 0.14157026722653696}, "datetime": {"datetime": "2024-01-20 16:35:39", "elapsed": 7907.107788, "delta": 0.004963}}
{"target": -19.14160001716414, "params": {"colsample_bytree": 0.3742612204283684, "eta": 0.036736096086812, "gamma": 881.000395297814, "max_depth": 4.0, "min_child_weight": 4341.680100155492, "num_boost_round": 30.0, "subsample": 0.14157026722653696}, "datetime": {"datetime": "2024-01-20 16:35:39", "elapsed": 7907.1127, "delta": 0.004912}}
{"target": -19.141654980696625, "params": {"colsample_bytree": 0.3742612204283684, "eta": 0.036736096086812, "gamma": 881.000395297814, "max_depth": 4.0, "min_child_weight": 4341.680100155492, "num_boost_round": 31.0, "subsample": 0.14157026722653696}, "datetime": {"datetime": "2024-01-20 16:35:39", "elapsed": 7907.117875, "delta": 0.005175}}
{"target": -19.14156159618183, "params": {"colsample_bytree": 0.3742612204283684, "eta": 0.036736096086812, "gamma": 881.000395297814, "max_depth": 4.0, "min_child_weight": 4341.680100155492, "num_boost_round": 32.0, "subsample": 0.14157026722653696}, "datetime": {"datetime": "2024-01-20 16:35:39", "elapsed": 7907.122835, "delta": 0.00496}}
{"target": -19.14148112250599, "params": {"colsample_bytree": 0.3742612204283684, "eta": 0.036736096086812, "gamma": 881.000395297814, "max_depth": 4.0, "min_child_weight": 4341.680100155492, "num_boost_round": 33.0, "subsample": 0.14157026722653696}, "datetime": {"datetime": "2024-01-20 16:35:39", "elapsed": 7907.128129, "delta": 0.005294}}
{"target": -19.141854694936498, "params": {"colsample_bytree": 0.3742612204283684, "eta": 0.036736096086812, "gamma": 881.000395297814, "max_depth": 4.0, "min_child_weight": 4341.680100155492, "num_boost_round": 34.0, "subsample": 0.14157026722653696}, "datetime": {"datetime": "2024-01-20 16:35:39", "elapsed": 7907.133252, "delta": 0.005123}}
{"target": -19.142014541168454, "params": {"colsample_bytree": 0.3742612204283684, "eta": 0.036736096086812, "gamma": 881.000395297814, "max_depth": 4.0, "min_child_weight": 4341.680100155492, "num_boost_round": 35.0, "subsample": 0.14157026722653696}, "datetime": {"datetime": "2024-01-20 16:35:39", "elapsed": 7907.138388, "delta": 0.005136}}
{"target": -19.141878336896035, "params": {"colsample_bytree": 0.3742612204283684, "eta": 0.036736096086812, "gamma": 881.000395297814, "max_depth": 4.0, "min_child_weight": 4341.680100155492, "num_boost_round": 36.0, "subsample": 0.14157026722653696}, "datetime": {"datetime": "2024-01-20 16:35:39", "elapsed": 7907.143661, "delta": 0.005273}}
{"target": -19.1418337649475, "params": {"colsample_bytree": 0.3742612204283684, "eta": 0.036736096086812, "gamma": 881.000395297814, "max_depth": 4.0, "min_child_weight": 4341.680100155492, "num_boost_round": 37.0, "subsample": 0.14157026722653696}, "datetime": {"datetime": "2024-01-20 16:35:39", "elapsed": 7907.149058, "delta": 0.005397}}
{"target": -19.14207519828325, "params": {"colsample_bytree": 0.3742612204283684, "eta": 0.036736096086812, "gamma": 881.000395297814, "max_depth": 4.0, "min_child_weight": 4341.680100155492, "num_boost_round": 38.0, "subsample": 0.14157026722653696}, "datetime": {"datetime": "2024-01-20 16:35:39", "elapsed": 7907.154031, "delta": 0.004973}}
{"target": -19.142318000603467, "params": {"colsample_bytree": 0.3742612204283684, "eta": 0.036736096086812, "gamma": 881.000395297814, "max_depth": 4.0, "min_child_weight": 4341.680100155492, "num_boost_round": 39.0, "subsample": 0.14157026722653696}, "datetime": {"datetime": "2024-01-20 16:35:39", "elapsed": 7907.158968, "delta": 0.004937}}
{"target": -19.142203639555888, "params": {"colsample_bytree": 0.3742612204283684, "eta": 0.036736096086812, "gamma": 881.000395297814, "max_depth": 4.0, "min_child_weight": 4341.680100155492, "num_boost_round": 40.0, "subsample": 0.14157026722653696}, "datetime": {"datetime": "2024-01-20 16:35:39", "elapsed": 7907.164197, "delta": 0.005229}}
{"target": -19.14226598569534, "params": {"colsample_bytree": 0.3742612204283684, "eta": 0.036736096086812, "gamma": 881.000395297814, "max_depth": 4.0, "min_child_weight": 4341.680100155492, "num_boost_round": 41.0, "subsample": 0.14157026722653696}, "datetime": {"datetime": "2024-01-20 16:35:39", "elapsed": 7907.169299, "delta": 0.005102}}
{"target": -19.14228458372459, "params": {"colsample_bytree": 0.3742612204283684, "eta": 0.036736096086812, "gamma": 881.000395297814, "max_depth": 4.0, "min_child_weight": 4341.680100155492, "num_boost_round": 42.0, "subsample": 0.14157026722653696}, "datetime": {"datetime": "2024-01-20 16:35:39", "elapsed": 7907.174276, "delta": 0.004977}}
{"target": -19.142285634213344, "params": {"colsample_bytree": 0.3742612204283684, "eta": 0.036736096086812, "gamma": 881.000395297814, "max_depth": 4.0, "min_child_weight": 4341.680100155492, "num_boost_round": 43.0, "subsample": 0.14157026722653696}, "datetime": {"datetime": "2024-01-20 16:35:39", "elapsed": 7907.179205, "delta": 0.004929}}
{"target": -19.142496979432973, "params": {"colsample_bytree": 0.3742612204283684, "eta": 0.036736096086812, "gamma": 881.000395297814, "max_depth": 4.0, "min_child_weight": 4341.680100155492, "num_boost_round": 44.0, "subsample": 0.14157026722653696}, "datetime": {"datetime": "2024-01-20 16:35:39", "elapsed": 7907.184442, "delta": 0.005237}}
{"target": -19.142281925658292, "params": {"colsample_bytree": 0.3742612204283684, "eta": 0.036736096086812, "gamma": 881.000395297814, "max_depth": 4.0, "min_child_weight": 4341.680100155492, "num_boost_round": 45.0, "subsample": 0.14157026722653696}, "datetime": {"datetime": "2024-01-20 16:35:39", "elapsed": 7907.189445, "delta": 0.005003}}
{"target": -19.142270527135715, "params": {"colsample_bytree": 0.3742612204283684, "eta": 0.036736096086812, "gamma": 881.000395297814, "max_depth": 4.0, "min_child_weight": 4341.680100155492, "num_boost_round": 46.0, "subsample": 0.14157026722653696}, "datetime": {"datetime": "2024-01-20 16:35:39", "elapsed": 7907.194548, "delta": 0.005103}}
{"target": -19.142205586704918, "params": {"colsample_bytree": 0.3742612204283684, "eta": 0.036736096086812, "gamma": 881.000395297814, "max_depth": 4.0, "min_child_weight": 4341.680100155492, "num_boost_round": 47.0, "subsample": 0.14157026722653696}, "datetime": {"datetime": "2024-01-20 16:35:39", "elapsed": 7907.199683, "delta": 0.005135}}
{"target": -19.14203520917869, "params": {"colsample_bytree": 0.3742612204283684, "eta": 0.036736096086812, "gamma": 881.000395297814, "max_depth": 4.0, "min_child_weight": 4341.680100155492, "num_boost_round": 48.0, "subsample": 0.14157026722653696}, "datetime": {"datetime": "2024-01-20 16:35:39", "elapsed": 7907.205049, "delta": 0.005366}}
{"target": -19.142105088237763, "params": {"colsample_bytree": 0.3742612204283684, "eta": 0.036736096086812, "gamma": 881.000395297814, "max_depth": 4.0, "min_child_weight": 4341.680100155492, "num_boost_round": 49.0, "subsample": 0.14157026722653696}, "datetime": {"datetime": "2024-01-20 16:35:39", "elapsed": 7907.210394, "delta": 0.005345}}
{"target": -19.142096528244743, "params": {"colsample_bytree": 0.3742612204283684, "eta": 0.036736096086812, "gamma": 881.000395297814, "max_depth": 4.0, "min_child_weight": 4341.680100155492, "num_boost_round": 50.0, "subsample": 0.14157026722653696}, "datetime": {"datetime": "2024-01-20 16:35:39", "elapsed": 7907.215476, "delta": 0.005082}}
{"target": -19.141973261198512, "params": {"colsample_bytree": 0.3742612204283684, "eta": 0.036736096086812, "gamma": 881.000395297814, "max_depth": 4.0, "min_child_weight": 4341.680100155492, "num_boost_round": 51.0, "subsample": 0.14157026722653696}, "datetime": {"datetime": "2024-01-20 16:35:39", "elapsed": 7907.220399, "delta": 0.004923}}
{"target": -19.141821307188216, "params": {"colsample_bytree": 0.3742612204283684, "eta": 0.036736096086812, "gamma": 881.000395297814, "max_depth": 4.0, "min_child_weight": 4341.680100155492, "num_boost_round": 52.0, "subsample": 0.14157026722653696}, "datetime": {"datetime": "2024-01-20 16:35:39", "elapsed": 7907.225432, "delta": 0.005033}}
{"target": -19.142005101437128, "params": {"colsample_bytree": 0.3742612204283684, "eta": 0.036736096086812, "gamma": 881.000395297814, "max_depth": 4.0, "min_child_weight": 4341.680100155492, "num_boost_round": 53.0, "subsample": 0.14157026722653696}, "datetime": {"datetime": "2024-01-20 16:35:39", "elapsed": 7907.230361, "delta": 0.004929}}
{"target": -19.142069799443366, "params": {"colsample_bytree": 0.3742612204283684, "eta": 0.036736096086812, "gamma": 881.000395297814, "max_depth": 4.0, "min_child_weight": 4341.680100155492, "num_boost_round": 54.0, "subsample": 0.14157026722653696}, "datetime": {"datetime": "2024-01-20 16:35:39", "elapsed": 7907.235361, "delta": 0.005}}
{"target": -19.142060045228725, "params": {"colsample_bytree": 0.3742612204283684, "eta": 0.036736096086812, "gamma": 881.000395297814, "max_depth": 4.0, "min_child_weight": 4341.680100155492, "num_boost_round": 55.0, "subsample": 0.14157026722653696}, "datetime": {"datetime": "2024-01-20 16:35:39", "elapsed": 7907.240345, "delta": 0.004984}}
{"target": -19.142084133120633, "params": {"colsample_bytree": 0.3742612204283684, "eta": 0.036736096086812, "gamma": 881.000395297814, "max_depth": 4.0, "min_child_weight": 4341.680100155492, "num_boost_round": 56.0, "subsample": 0.14157026722653696}, "datetime": {"datetime": "2024-01-20 16:35:39", "elapsed": 7907.245826, "delta": 0.005481}}
{"target": -19.142242386098566, "params": {"colsample_bytree": 0.3742612204283684, "eta": 0.036736096086812, "gamma": 881.000395297814, "max_depth": 4.0, "min_child_weight": 4341.680100155492, "num_boost_round": 57.0, "subsample": 0.14157026722653696}, "datetime": {"datetime": "2024-01-20 16:35:39", "elapsed": 7907.250804, "delta": 0.004978}}
{"target": -19.142154320690185, "params": {"colsample_bytree": 0.3742612204283684, "eta": 0.036736096086812, "gamma": 881.000395297814, "max_depth": 4.0, "min_child_weight": 4341.680100155492, "num_boost_round": 58.0, "subsample": 0.14157026722653696}, "datetime": {"datetime": "2024-01-20 16:35:39", "elapsed": 7907.255898, "delta": 0.005094}}
{"target": -19.142162354612317, "params": {"colsample_bytree": 0.3742612204283684, "eta": 0.036736096086812, "gamma": 881.000395297814, "max_depth": 4.0, "min_child_weight": 4341.680100155492, "num_boost_round": 59.0, "subsample": 0.14157026722653696}, "datetime": {"datetime": "2024-01-20 16:35:39", "elapsed": 7907.261048, "delta": 0.00515}}
{"target": -19.142166080621358, "params": {"colsample_bytree": 0.3742612204283684, "eta": 0.036736096086812, "gamma": 881.000395297814, "max_depth": 4.0, "min_child_weight": 4341.680100155492, "num_boost_round": 60.0, "subsample": 0.14157026722653696}, "datetime": {"datetime": "2024-01-20 16:35:39", "elapsed": 7907.266498, "delta": 0.00545}}
{"target": -19.142227736476855, "params": {"colsample_bytree": 0.3742612204283684, "eta": 0.036736096086812, "gamma": 881.000395297814, "max_depth": 4.0, "min_child_weight": 4341.680100155492, "num_boost_round": 61.0, "subsample": 0.14157026722653696}, "datetime": {"datetime": "2024-01-20 16:35:39", "elapsed": 7907.27204, "delta": 0.005542}}
{"target": -19.142212031152535, "params": {"colsample_bytree": 0.3742612204283684, "eta": 0.036736096086812, "gamma": 881.000395297814, "max_depth": 4.0, "min_child_weight": 4341.680100155492, "num_boost_round": 62.0, "subsample": 0.14157026722653696}, "datetime": {"datetime": "2024-01-20 16:35:39", "elapsed": 7907.277109, "delta": 0.005069}}
{"target": -19.14223459263795, "params": {"colsample_bytree": 0.3742612204283684, "eta": 0.036736096086812, "gamma": 881.000395297814, "max_depth": 4.0, "min_child_weight": 4341.680100155492, "num_boost_round": 63.0, "subsample": 0.14157026722653696}, "datetime": {"datetime": "2024-01-20 16:35:39", "elapsed": 7907.282244, "delta": 0.005135}}
{"target": -19.142277461845566, "params": {"colsample_bytree": 0.3742612204283684, "eta": 0.036736096086812, "gamma": 881.000395297814, "max_depth": 4.0, "min_child_weight": 4341.680100155492, "num_boost_round": 64.0, "subsample": 0.14157026722653696}, "datetime": {"datetime": "2024-01-20 16:35:39", "elapsed": 7907.287382, "delta": 0.005138}}
{"target": -19.1422671621876, "params": {"colsample_bytree": 0.3742612204283684, "eta": 0.036736096086812, "gamma": 881.000395297814, "max_depth": 4.0, "min_child_weight": 4341.680100155492, "num_boost_round": 65.0, "subsample": 0.14157026722653696}, "datetime": {"datetime": "2024-01-20 16:35:39", "elapsed": 7907.29233, "delta": 0.004948}}
{"target": -19.142368665990173, "params": {"colsample_bytree": 0.3742612204283684, "eta": 0.036736096086812, "gamma": 881.000395297814, "max_depth": 4.0, "min_child_weight": 4341.680100155492, "num_boost_round": 66.0, "subsample": 0.14157026722653696}, "datetime": {"datetime": "2024-01-20 16:35:39", "elapsed": 7907.297884, "delta": 0.005554}}
{"target": -19.14230265953211, "params": {"colsample_bytree": 0.3742612204283684, "eta": 0.036736096086812, "gamma": 881.000395297814, "max_depth": 4.0, "min_child_weight": 4341.680100155492, "num_boost_round": 67.0, "subsample": 0.14157026722653696}, "datetime": {"datetime": "2024-01-20 16:35:39", "elapsed": 7907.303008, "delta": 0.005124}}
{"target": -19.14231538547613, "params": {"colsample_bytree": 0.3742612204283684, "eta": 0.036736096086812, "gamma": 881.000395297814, "max_depth": 4.0, "min_child_weight": 4341.680100155492, "num_boost_round": 68.0, "subsample": 0.14157026722653696}, "datetime": {"datetime": "2024-01-20 16:35:39", "elapsed": 7907.308176, "delta": 0.005168}}
{"target": -19.142319021058395, "params": {"colsample_bytree": 0.3742612204283684, "eta": 0.036736096086812, "gamma": 881.000395297814, "max_depth": 4.0, "min_child_weight": 4341.680100155492, "num_boost_round": 69.0, "subsample": 0.14157026722653696}, "datetime": {"datetime": "2024-01-20 16:35:39", "elapsed": 7907.313317, "delta": 0.005141}}
{"target": -19.142369192243375, "params": {"colsample_bytree": 0.3742612204283684, "eta": 0.036736096086812, "gamma": 881.000395297814, "max_depth": 4.0, "min_child_weight": 4341.680100155492, "num_boost_round": 70.0, "subsample": 0.14157026722653696}, "datetime": {"datetime": "2024-01-20 16:35:39", "elapsed": 7907.318393, "delta": 0.005076}}
{"target": -19.14230899589728, "params": {"colsample_bytree": 0.3742612204283684, "eta": 0.036736096086812, "gamma": 881.000395297814, "max_depth": 4.0, "min_child_weight": 4341.680100155492, "num_boost_round": 71.0, "subsample": 0.14157026722653696}, "datetime": {"datetime": "2024-01-20 16:35:39", "elapsed": 7907.628497, "delta": 0.310104}}
{"target": -19.14320489354286, "params": {"colsample_bytree": 0.3071701702663565, "eta": 0.010887743156728798, "gamma": 862.1389573823608, "max_depth": 5.0, "min_child_weight": 4408.189817620866, "num_boost_round": 1.0, "subsample": 0.6424933349855465}, "datetime": {"datetime": "2024-01-20 16:39:34", "elapsed": 8142.507977, "delta": 234.87948}}
{"target": -19.143243787233704, "params": {"colsample_bytree": 0.3071701702663565, "eta": 0.010887743156728798, "gamma": 862.1389573823608, "max_depth": 5.0, "min_child_weight": 4408.189817620866, "num_boost_round": 2.0, "subsample": 0.6424933349855465}, "datetime": {"datetime": "2024-01-20 16:39:34", "elapsed": 8142.538915, "delta": 0.030938}}
{"target": -19.143251966039262, "params": {"colsample_bytree": 0.3071701702663565, "eta": 0.010887743156728798, "gamma": 862.1389573823608, "max_depth": 5.0, "min_child_weight": 4408.189817620866, "num_boost_round": 3.0, "subsample": 0.6424933349855465}, "datetime": {"datetime": "2024-01-20 16:39:34", "elapsed": 8142.546046, "delta": 0.007131}}
{"target": -19.143214303915844, "params": {"colsample_bytree": 0.3071701702663565, "eta": 0.010887743156728798, "gamma": 862.1389573823608, "max_depth": 5.0, "min_child_weight": 4408.189817620866, "num_boost_round": 4.0, "subsample": 0.6424933349855465}, "datetime": {"datetime": "2024-01-20 16:39:34", "elapsed": 8142.552844, "delta": 0.006798}}
{"target": -19.143248747064803, "params": {"colsample_bytree": 0.3071701702663565, "eta": 0.010887743156728798, "gamma": 862.1389573823608, "max_depth": 5.0, "min_child_weight": 4408.189817620866, "num_boost_round": 5.0, "subsample": 0.6424933349855465}, "datetime": {"datetime": "2024-01-20 16:39:34", "elapsed": 8142.562707, "delta": 0.009863}}
{"target": -19.143072016508576, "params": {"colsample_bytree": 0.3071701702663565, "eta": 0.010887743156728798, "gamma": 862.1389573823608, "max_depth": 5.0, "min_child_weight": 4408.189817620866, "num_boost_round": 6.0, "subsample": 0.6424933349855465}, "datetime": {"datetime": "2024-01-20 16:39:34", "elapsed": 8142.570461, "delta": 0.007754}}
{"target": -19.14311194985566, "params": {"colsample_bytree": 0.3071701702663565, "eta": 0.010887743156728798, "gamma": 862.1389573823608, "max_depth": 5.0, "min_child_weight": 4408.189817620866, "num_boost_round": 7.0, "subsample": 0.6424933349855465}, "datetime": {"datetime": "2024-01-20 16:39:34", "elapsed": 8142.577431, "delta": 0.00697}}
{"target": -19.14307294739941, "params": {"colsample_bytree": 0.3071701702663565, "eta": 0.010887743156728798, "gamma": 862.1389573823608, "max_depth": 5.0, "min_child_weight": 4408.189817620866, "num_boost_round": 8.0, "subsample": 0.6424933349855465}, "datetime": {"datetime": "2024-01-20 16:39:34", "elapsed": 8142.584383, "delta": 0.006952}}
{"target": -19.143149280683055, "params": {"colsample_bytree": 0.3071701702663565, "eta": 0.010887743156728798, "gamma": 862.1389573823608, "max_depth": 5.0, "min_child_weight": 4408.189817620866, "num_boost_round": 9.0, "subsample": 0.6424933349855465}, "datetime": {"datetime": "2024-01-20 16:39:34", "elapsed": 8142.591132, "delta": 0.006749}}
{"target": -19.143116433932235, "params": {"colsample_bytree": 0.3071701702663565, "eta": 0.010887743156728798, "gamma": 862.1389573823608, "max_depth": 5.0, "min_child_weight": 4408.189817620866, "num_boost_round": 10.0, "subsample": 0.6424933349855465}, "datetime": {"datetime": "2024-01-20 16:39:34", "elapsed": 8142.598057, "delta": 0.006925}}
{"target": -19.14306268119835, "params": {"colsample_bytree": 0.3071701702663565, "eta": 0.010887743156728798, "gamma": 862.1389573823608, "max_depth": 5.0, "min_child_weight": 4408.189817620866, "num_boost_round": 11.0, "subsample": 0.6424933349855465}, "datetime": {"datetime": "2024-01-20 16:39:34", "elapsed": 8142.605189, "delta": 0.007132}}
