{"target": -15.15795226023857, "params": {"colsample_bytree": 0.6504961788058375, "eta": 0.07018586952167942, "gamma": 510.07279035232335, "max_depth": 3.0, "min_child_weight": 4278.062905875288, "num_boost_round": 31.0, "subsample": 0.5038366116079045}, "datetime": {"datetime": "2024-01-20 15:07:59", "elapsed": 2637.267277, "delta": 0.003516}}
{"target": -15.157822692810472, "params": {"colsample_bytree": 0.6504961788058375, "eta": 0.07018586952167942, "gamma": 510.07279035232335, "max_depth": 3.0, "min_child_weight": 4278.062905875288, "num_boost_round": 32.0, "subsample": 0.5038366116079045}, "datetime": {"datetime": "2024-01-20 15:07:59", "elapsed": 2637.270851, "delta": 0.003574}}
{"target": -15.157709900167205, "params": {"colsample_bytree": 0.6504961788058375, "eta": 0.07018586952167942, "gamma": 510.07279035232335, "max_depth": 3.0, "min_child_weight": 4278.062905875288, "num_boost_round": 33.0, "subsample": 0.5038366116079045}, "datetime": {"datetime": "2024-01-20 15:07:59", "elapsed": 2637.274419, "delta": 0.003568}}
{"target": -15.157649352266148, "params": {"colsample_bytree": 0.6504961788058375, "eta": 0.07018586952167942, "gamma": 510.07279035232335, "max_depth": 3.0, "min_child_weight": 4278.062905875288, "num_boost_round": 34.0, "subsample": 0.5038366116079045}, "datetime": {"datetime": "2024-01-20 15:07:59", "elapsed": 2637.278054, "delta": 0.003635}}
{"target": -15.157727312182676, "params": {"colsample_bytree": 0.6504961788058375, "eta": 0.07018586952167942, "gamma": 510.07279035232335, "max_depth": 3.0, "min_child_weight": 4278.062905875288, "num_boost_round": 35.0, "subsample": 0.5038366116079045}, "datetime": {"datetime": "2024-01-20 15:07:59", "elapsed": 2637.281596, "delta": 0.003542}}
{"target": -15.157763081645697, "params": {"colsample_bytree": 0.6504961788058375, "eta": 0.07018586952167942, "gamma": 510.07279035232335, "max_depth": 3.0, "min_child_weight": 4278.062905875288, "num_boost_round": 36.0, "subsample": 0.5038366116079045}, "datetime": {"datetime": "2024-01-20 15:07:59", "elapsed": 2637.285228, "delta": 0.003632}}
{"target": -15.158028200696691, "params": {"colsample_bytree": 0.6504961788058375, "eta": 0.07018586952167942, "gamma": 510.07279035232335, "max_depth": 3.0, "min_child_weight": 4278.062905875288, "num_boost_round": 37.0, "subsample": 0.5038366116079045}, "datetime": {"datetime": "2024-01-20 15:07:59", "elapsed": 2637.288842, "delta": 0.003614}}
{"target": -15.158513733315814, "params": {"colsample_bytree": 0.6504961788058375, "eta": 0.07018586952167942, "gamma": 510.07279035232335, "max_depth": 3.0, "min_child_weight": 4278.062905875288, "num_boost_round": 38.0, "subsample": 0.5038366116079045}, "datetime": {"datetime": "2024-01-20 15:07:59", "elapsed": 2637.292925, "delta": 0.004083}}
{"target": -15.158526768163576, "params": {"colsample_bytree": 0.6504961788058375, "eta": 0.07018586952167942, "gamma": 510.07279035232335, "max_depth": 3.0, "min_child_weight": 4278.062905875288, "num_boost_round": 39.0, "subsample": 0.5038366116079045}, "datetime": {"datetime": "2024-01-20 15:07:59", "elapsed": 2637.296843, "delta": 0.003918}}
{"target": -15.171327417065545, "params": {"colsample_bytree": 0.26865412803181293, "eta": 0.051121183982415226, "gamma": 489.36817820829305, "max_depth": 9.0, "min_child_weight": 4384.271936252104, "num_boost_round": 1.0, "subsample": 0.5557112576883472}, "datetime": {"datetime": "2024-01-20 15:09:15", "elapsed": 2712.74728, "delta": 75.450437}}
{"target": -15.169667662162752, "params": {"colsample_bytree": 0.26865412803181293, "eta": 0.051121183982415226, "gamma": 489.36817820829305, "max_depth": 9.0, "min_child_weight": 4384.271936252104, "num_boost_round": 2.0, "subsample": 0.5557112576883472}, "datetime": {"datetime": "2024-01-20 15:09:15", "elapsed": 2712.752329, "delta": 0.005049}}
{"target": -15.1680805906254, "params": {"colsample_bytree": 0.26865412803181293, "eta": 0.051121183982415226, "gamma": 489.36817820829305, "max_depth": 9.0, "min_child_weight": 4384.271936252104, "num_boost_round": 3.0, "subsample": 0.5557112576883472}, "datetime": {"datetime": "2024-01-20 15:09:15", "elapsed": 2712.75622, "delta": 0.003891}}
{"target": -15.167973403595326, "params": {"colsample_bytree": 0.26865412803181293, "eta": 0.051121183982415226, "gamma": 489.36817820829305, "max_depth": 9.0, "min_child_weight": 4384.271936252104, "num_boost_round": 4.0, "subsample": 0.5557112576883472}, "datetime": {"datetime": "2024-01-20 15:09:15", "elapsed": 2712.759847, "delta": 0.003627}}
{"target": -15.165921082789573, "params": {"colsample_bytree": 0.26865412803181293, "eta": 0.051121183982415226, "gamma": 489.36817820829305, "max_depth": 9.0, "min_child_weight": 4384.271936252104, "num_boost_round": 5.0, "subsample": 0.5557112576883472}, "datetime": {"datetime": "2024-01-20 15:09:15", "elapsed": 2712.76349, "delta": 0.003643}}
{"target": -15.16453607351784, "params": {"colsample_bytree": 0.26865412803181293, "eta": 0.051121183982415226, "gamma": 489.36817820829305, "max_depth": 9.0, "min_child_weight": 4384.271936252104, "num_boost_round": 6.0, "subsample": 0.5557112576883472}, "datetime": {"datetime": "2024-01-20 15:09:15", "elapsed": 2712.766982, "delta": 0.003492}}
{"target": -15.163311566604403, "params": {"colsample_bytree": 0.26865412803181293, "eta": 0.051121183982415226, "gamma": 489.36817820829305, "max_depth": 9.0, "min_child_weight": 4384.271936252104, "num_boost_round": 7.0, "subsample": 0.5557112576883472}, "datetime": {"datetime": "2024-01-20 15:09:15", "elapsed": 2712.770555, "delta": 0.003573}}
{"target": -15.162410906286762, "params": {"colsample_bytree": 0.26865412803181293, "eta": 0.051121183982415226, "gamma": 489.36817820829305, "max_depth": 9.0, "min_child_weight": 4384.271936252104, "num_boost_round": 8.0, "subsample": 0.5557112576883472}, "datetime": {"datetime": "2024-01-20 15:09:15", "elapsed": 2712.774106, "delta": 0.003551}}
{"target": -15.162474819748208, "params": {"colsample_bytree": 0.26865412803181293, "eta": 0.051121183982415226, "gamma": 489.36817820829305, "max_depth": 9.0, "min_child_weight": 4384.271936252104, "num_boost_round": 9.0, "subsample": 0.5557112576883472}, "datetime": {"datetime": "2024-01-20 15:09:15", "elapsed": 2712.777659, "delta": 0.003553}}
{"target": -15.161488174901063, "params": {"colsample_bytree": 0.26865412803181293, "eta": 0.051121183982415226, "gamma": 489.36817820829305, "max_depth": 9.0, "min_child_weight": 4384.271936252104, "num_boost_round": 10.0, "subsample": 0.5557112576883472}, "datetime": {"datetime": "2024-01-20 15:09:15", "elapsed": 2712.78114, "delta": 0.003481}}
{"target": -15.16143245060942, "params": {"colsample_bytree": 0.26865412803181293, "eta": 0.051121183982415226, "gamma": 489.36817820829305, "max_depth": 9.0, "min_child_weight": 4384.271936252104, "num_boost_round": 11.0, "subsample": 0.5557112576883472}, "datetime": {"datetime": "2024-01-20 15:09:15", "elapsed": 2712.784731, "delta": 0.003591}}
{"target": -15.161625680741118, "params": {"colsample_bytree": 0.26865412803181293, "eta": 0.051121183982415226, "gamma": 489.36817820829305, "max_depth": 9.0, "min_child_weight": 4384.271936252104, "num_boost_round": 12.0, "subsample": 0.5557112576883472}, "datetime": {"datetime": "2024-01-20 15:09:15", "elapsed": 2712.788256, "delta": 0.003525}}
{"target": -15.161650687032962, "params": {"colsample_bytree": 0.26865412803181293, "eta": 0.051121183982415226, "gamma": 489.36817820829305, "max_depth": 9.0, "min_child_weight": 4384.271936252104, "num_boost_round": 13.0, "subsample": 0.5557112576883472}, "datetime": {"datetime": "2024-01-20 15:09:15", "elapsed": 2712.791917, "delta": 0.003661}}
{"target": -15.160705878164668, "params": {"colsample_bytree": 0.26865412803181293, "eta": 0.051121183982415226, "gamma": 489.36817820829305, "max_depth": 9.0, "min_child_weight": 4384.271936252104, "num_boost_round": 14.0, "subsample": 0.5557112576883472}, "datetime": {"datetime": "2024-01-20 15:09:15", "elapsed": 2712.795714, "delta": 0.003797}}
{"target": -15.160525035182978, "params": {"colsample_bytree": 0.26865412803181293, "eta": 0.051121183982415226, "gamma": 489.36817820829305, "max_depth": 9.0, "min_child_weight": 4384.271936252104, "num_boost_round": 15.0, "subsample": 0.5557112576883472}, "datetime": {"datetime": "2024-01-20 15:09:15", "elapsed": 2712.799343, "delta": 0.003629}}
{"target": -15.16030726332913, "params": {"colsample_bytree": 0.26865412803181293, "eta": 0.051121183982415226, "gamma": 489.36817820829305, "max_depth": 9.0, "min_child_weight": 4384.271936252104, "num_boost_round": 16.0, "subsample": 0.5557112576883472}, "datetime": {"datetime": "2024-01-20 15:09:15", "elapsed": 2712.802983, "delta": 0.00364}}
{"target": -15.159057123603013, "params": {"colsample_bytree": 0.26865412803181293, "eta": 0.051121183982415226, "gamma": 489.36817820829305, "max_depth": 9.0, "min_child_weight": 4384.271936252104, "num_boost_round": 17.0, "subsample": 0.5557112576883472}, "datetime": {"datetime": "2024-01-20 15:09:15", "elapsed": 2712.806509, "delta": 0.003526}}
{"target": -15.15905155891847, "params": {"colsample_bytree": 0.26865412803181293, "eta": 0.051121183982415226, "gamma": 489.36817820829305, "max_depth": 9.0, "min_child_weight": 4384.271936252104, "num_boost_round": 18.0, "subsample": 0.5557112576883472}, "datetime": {"datetime": "2024-01-20 15:09:15", "elapsed": 2712.810002, "delta": 0.003493}}
{"target": -15.158120318915234, "params": {"colsample_bytree": 0.26865412803181293, "eta": 0.051121183982415226, "gamma": 489.36817820829305, "max_depth": 9.0, "min_child_weight": 4384.271936252104, "num_boost_round": 19.0, "subsample": 0.5557112576883472}, "datetime": {"datetime": "2024-01-20 15:09:15", "elapsed": 2712.813628, "delta": 0.003626}}
{"target": -15.158621744555838, "params": {"colsample_bytree": 0.26865412803181293, "eta": 0.051121183982415226, "gamma": 489.36817820829305, "max_depth": 9.0, "min_child_weight": 4384.271936252104, "num_boost_round": 20.0, "subsample": 0.5557112576883472}, "datetime": {"datetime": "2024-01-20 15:09:15", "elapsed": 2712.817154, "delta": 0.003526}}
{"target": -15.158235924170288, "params": {"colsample_bytree": 0.26865412803181293, "eta": 0.051121183982415226, "gamma": 489.36817820829305, "max_depth": 9.0, "min_child_weight": 4384.271936252104, "num_boost_round": 21.0, "subsample": 0.5557112576883472}, "datetime": {"datetime": "2024-01-20 15:09:15", "elapsed": 2712.820832, "delta": 0.003678}}
{"target": -15.15828883405226, "params": {"colsample_bytree": 0.26865412803181293, "eta": 0.051121183982415226, "gamma": 489.36817820829305, "max_depth": 9.0, "min_child_weight": 4384.271936252104, "num_boost_round": 22.0, "subsample": 0.5557112576883472}, "datetime": {"datetime": "2024-01-20 15:09:15", "elapsed": 2712.824558, "delta": 0.003726}}
{"target": -15.158224321764914, "params": {"colsample_bytree": 0.26865412803181293, "eta": 0.051121183982415226, "gamma": 489.36817820829305, "max_depth": 9.0, "min_child_weight": 4384.271936252104, "num_boost_round": 23.0, "subsample": 0.5557112576883472}, "datetime": {"datetime": "2024-01-20 15:09:15", "elapsed": 2712.828338, "delta": 0.00378}}
{"target": -15.157723047626908, "params": {"colsample_bytree": 0.26865412803181293, "eta": 0.051121183982415226, "gamma": 489.36817820829305, "max_depth": 9.0, "min_child_weight": 4384.271936252104, "num_boost_round": 24.0, "subsample": 0.5557112576883472}, "datetime": {"datetime": "2024-01-20 15:09:15", "elapsed": 2712.832207, "delta": 0.003869}}
{"target": -15.157781326323777, "params": {"colsample_bytree": 0.26865412803181293, "eta": 0.051121183982415226, "gamma": 489.36817820829305, "max_depth": 9.0, "min_child_weight": 4384.271936252104, "num_boost_round": 25.0, "subsample": 0.5557112576883472}, "datetime": {"datetime": "2024-01-20 15:09:15", "elapsed": 2712.835973, "delta": 0.003766}}
{"target": -15.157197492654163, "params": {"colsample_bytree": 0.26865412803181293, "eta": 0.051121183982415226, "gamma": 489.36817820829305, "max_depth": 9.0, "min_child_weight": 4384.271936252104, "num_boost_round": 26.0, "subsample": 0.5557112576883472}, "datetime": {"datetime": "2024-01-20 15:09:15", "elapsed": 2712.839806, "delta": 0.003833}}
{"target": -15.156531748627248, "params": {"colsample_bytree": 0.26865412803181293, "eta": 0.051121183982415226, "gamma": 489.36817820829305, "max_depth": 9.0, "min_child_weight": 4384.271936252104, "num_boost_round": 27.0, "subsample": 0.5557112576883472}, "datetime": {"datetime": "2024-01-20 15:09:15", "elapsed": 2712.843584, "delta": 0.003778}}
{"target": -15.156308479253447, "params": {"colsample_bytree": 0.26865412803181293, "eta": 0.051121183982415226, "gamma": 489.36817820829305, "max_depth": 9.0, "min_child_weight": 4384.271936252104, "num_boost_round": 28.0, "subsample": 0.5557112576883472}, "datetime": {"datetime": "2024-01-20 15:09:15", "elapsed": 2712.847174, "delta": 0.00359}}
{"target": -15.156200004694533, "params": {"colsample_bytree": 0.26865412803181293, "eta": 0.051121183982415226, "gamma": 489.36817820829305, "max_depth": 9.0, "min_child_weight": 4384.271936252104, "num_boost_round": 29.0, "subsample": 0.5557112576883472}, "datetime": {"datetime": "2024-01-20 15:09:15", "elapsed": 2712.850847, "delta": 0.003673}}
{"target": -15.15549749157902, "params": {"colsample_bytree": 0.26865412803181293, "eta": 0.051121183982415226, "gamma": 489.36817820829305, "max_depth": 9.0, "min_child_weight": 4384.271936252104, "num_boost_round": 30.0, "subsample": 0.5557112576883472}, "datetime": {"datetime": "2024-01-20 15:09:15", "elapsed": 2712.854443, "delta": 0.003596}}
{"target": -15.156271213769514, "params": {"colsample_bytree": 0.26865412803181293, "eta": 0.051121183982415226, "gamma": 489.36817820829305, "max_depth": 9.0, "min_child_weight": 4384.271936252104, "num_boost_round": 31.0, "subsample": 0.5557112576883472}, "datetime": {"datetime": "2024-01-20 15:09:15", "elapsed": 2712.857983, "delta": 0.00354}}
{"target": -15.156038730517205, "params": {"colsample_bytree": 0.26865412803181293, "eta": 0.051121183982415226, "gamma": 489.36817820829305, "max_depth": 9.0, "min_child_weight": 4384.271936252104, "num_boost_round": 32.0, "subsample": 0.5557112576883472}, "datetime": {"datetime": "2024-01-20 15:09:15", "elapsed": 2712.861643, "delta": 0.00366}}
{"target": -15.155944011678006, "params": {"colsample_bytree": 0.26865412803181293, "eta": 0.051121183982415226, "gamma": 489.36817820829305, "max_depth": 9.0, "min_child_weight": 4384.271936252104, "num_boost_round": 33.0, "subsample": 0.5557112576883472}, "datetime": {"datetime": "2024-01-20 15:09:15", "elapsed": 2712.865254, "delta": 0.003611}}
{"target": -15.156092619425023, "params": {"colsample_bytree": 0.26865412803181293, "eta": 0.051121183982415226, "gamma": 489.36817820829305, "max_depth": 9.0, "min_child_weight": 4384.271936252104, "num_boost_round": 34.0, "subsample": 0.5557112576883472}, "datetime": {"datetime": "2024-01-20 15:09:15", "elapsed": 2712.86879, "delta": 0.003536}}
{"target": -15.156348972864496, "params": {"colsample_bytree": 0.26865412803181293, "eta": 0.051121183982415226, "gamma": 489.36817820829305, "max_depth": 9.0, "min_child_weight": 4384.271936252104, "num_boost_round": 35.0, "subsample": 0.5557112576883472}, "datetime": {"datetime": "2024-01-20 15:09:15", "elapsed": 2712.872503, "delta": 0.003713}}
{"target": -15.156383730641732, "params": {"colsample_bytree": 0.26865412803181293, "eta": 0.051121183982415226, "gamma": 489.36817820829305, "max_depth": 9.0, "min_child_weight": 4384.271936252104, "num_boost_round": 36.0, "subsample": 0.5557112576883472}, "datetime": {"datetime": "2024-01-20 15:09:15", "elapsed": 2712.876068, "delta": 0.003565}}
{"target": -15.155788491902225, "params": {"colsample_bytree": 0.26865412803181293, "eta": 0.051121183982415226, "gamma": 489.36817820829305, "max_depth": 9.0, "min_child_weight": 4384.271936252104, "num_boost_round": 37.0, "subsample": 0.5557112576883472}, "datetime": {"datetime": "2024-01-20 15:09:15", "elapsed": 2712.87963, "delta": 0.003562}}
{"target": -15.155948083109031, "params": {"colsample_bytree": 0.26865412803181293, "eta": 0.051121183982415226, "gamma": 489.36817820829305, "max_depth": 9.0, "min_child_weight": 4384.271936252104, "num_boost_round": 38.0, "subsample": 0.5557112576883472}, "datetime": {"datetime": "2024-01-20 15:09:15", "elapsed": 2712.883433, "delta": 0.003803}}
{"target": -15.15606800823138, "params": {"colsample_bytree": 0.26865412803181293, "eta": 0.051121183982415226, "gamma": 489.36817820829305, "max_depth": 9.0, "min_child_weight": 4384.271936252104, "num_boost_round": 39.0, "subsample": 0.5557112576883472}, "datetime": {"datetime": "2024-01-20 15:09:15", "elapsed": 2712.887015, "delta": 0.003582}}
{"target": -15.15625792667745, "params": {"colsample_bytree": 0.26865412803181293, "eta": 0.051121183982415226, "gamma": 489.36817820829305, "max_depth": 9.0, "min_child_weight": 4384.271936252104, "num_boost_round": 40.0, "subsample": 0.5557112576883472}, "datetime": {"datetime": "2024-01-20 15:09:15", "elapsed": 2712.89062, "delta": 0.003605}}
{"target": -15.15654589355843, "params": {"colsample_bytree": 0.26865412803181293, "eta": 0.051121183982415226, "gamma": 489.36817820829305, "max_depth": 9.0, "min_child_weight": 4384.271936252104, "num_boost_round": 41.0, "subsample": 0.5557112576883472}, "datetime": {"datetime": "2024-01-20 15:09:15", "elapsed": 2712.894431, "delta": 0.003811}}
{"target": -15.157208764792408, "params": {"colsample_bytree": 0.26865412803181293, "eta": 0.051121183982415226, "gamma": 489.36817820829305, "max_depth": 9.0, "min_child_weight": 4384.271936252104, "num_boost_round": 42.0, "subsample": 0.5557112576883472}, "datetime": {"datetime": "2024-01-20 15:09:15", "elapsed": 2712.898195, "delta": 0.003764}}
{"target": -15.156777949167155, "params": {"colsample_bytree": 0.26865412803181293, "eta": 0.051121183982415226, "gamma": 489.36817820829305, "max_depth": 9.0, "min_child_weight": 4384.271936252104, "num_boost_round": 43.0, "subsample": 0.5557112576883472}, "datetime": {"datetime": "2024-01-20 15:09:15", "elapsed": 2712.901847, "delta": 0.003652}}
{"target": -15.171615870410566, "params": {"colsample_bytree": 0.1651819812669053, "eta": 0.050823915520272475, "gamma": 531.2730364932156, "max_depth": 4.0, "min_child_weight": 4150.4492364429525, "num_boost_round": 1.0, "subsample": 0.7579517416474527}, "datetime": {"datetime": "2024-01-20 15:10:18", "elapsed": 2775.562684, "delta": 62.660837}}
{"target": -15.170703000569272, "params": {"colsample_bytree": 0.1651819812669053, "eta": 0.050823915520272475, "gamma": 531.2730364932156, "max_depth": 4.0, "min_child_weight": 4150.4492364429525, "num_boost_round": 2.0, "subsample": 0.7579517416474527}, "datetime": {"datetime": "2024-01-20 15:10:18", "elapsed": 2775.566998, "delta": 0.004314}}
{"target": -15.169278537610646, "params": {"colsample_bytree": 0.1651819812669053, "eta": 0.050823915520272475, "gamma": 531.2730364932156, "max_depth": 4.0, "min_child_weight": 4150.4492364429525, "num_boost_round": 3.0, "subsample": 0.7579517416474527}, "datetime": {"datetime": "2024-01-20 15:10:18", "elapsed": 2775.570882, "delta": 0.003884}}
{"target": -15.169549350448236, "params": {"colsample_bytree": 0.1651819812669053, "eta": 0.050823915520272475, "gamma": 531.2730364932156, "max_depth": 4.0, "min_child_weight": 4150.4492364429525, "num_boost_round": 4.0, "subsample": 0.7579517416474527}, "datetime": {"datetime": "2024-01-20 15:10:18", "elapsed": 2775.574722, "delta": 0.00384}}
{"target": -15.167906026543552, "params": {"colsample_bytree": 0.1651819812669053, "eta": 0.050823915520272475, "gamma": 531.2730364932156, "max_depth": 4.0, "min_child_weight": 4150.4492364429525, "num_boost_round": 5.0, "subsample": 0.7579517416474527}, "datetime": {"datetime": "2024-01-20 15:10:18", "elapsed": 2775.578698, "delta": 0.003976}}
{"target": -15.166617741262336, "params": {"colsample_bytree": 0.1651819812669053, "eta": 0.050823915520272475, "gamma": 531.2730364932156, "max_depth": 4.0, "min_child_weight": 4150.4492364429525, "num_boost_round": 6.0, "subsample": 0.7579517416474527}, "datetime": {"datetime": "2024-01-20 15:10:18", "elapsed": 2775.582753, "delta": 0.004055}}
{"target": -15.165633213590365, "params": {"colsample_bytree": 0.1651819812669053, "eta": 0.050823915520272475, "gamma": 531.2730364932156, "max_depth": 4.0, "min_child_weight": 4150.4492364429525, "num_boost_round": 7.0, "subsample": 0.7579517416474527}, "datetime": {"datetime": "2024-01-20 15:10:18", "elapsed": 2775.586475, "delta": 0.003722}}
{"target": -15.164415628123905, "params": {"colsample_bytree": 0.1651819812669053, "eta": 0.050823915520272475, "gamma": 531.2730364932156, "max_depth": 4.0, "min_child_weight": 4150.4492364429525, "num_boost_round": 8.0, "subsample": 0.7579517416474527}, "datetime": {"datetime": "2024-01-20 15:10:18", "elapsed": 2775.590104, "delta": 0.003629}}
{"target": -15.164373117074264, "params": {"colsample_bytree": 0.1651819812669053, "eta": 0.050823915520272475, "gamma": 531.2730364932156, "max_depth": 4.0, "min_child_weight": 4150.4492364429525, "num_boost_round": 9.0, "subsample": 0.7579517416474527}, "datetime": {"datetime": "2024-01-20 15:10:18", "elapsed": 2775.594778, "delta": 0.004674}}
{"target": -15.163512773980983, "params": {"colsample_bytree": 0.1651819812669053, "eta": 0.050823915520272475, "gamma": 531.2730364932156, "max_depth": 4.0, "min_child_weight": 4150.4492364429525, "num_boost_round": 10.0, "subsample": 0.7579517416474527}, "datetime": {"datetime": "2024-01-20 15:10:18", "elapsed": 2775.598529, "delta": 0.003751}}
{"target": -15.163495671035918, "params": {"colsample_bytree": 0.1651819812669053, "eta": 0.050823915520272475, "gamma": 531.2730364932156, "max_depth": 4.0, "min_child_weight": 4150.4492364429525, "num_boost_round": 11.0, "subsample": 0.7579517416474527}, "datetime": {"datetime": "2024-01-20 15:10:18", "elapsed": 2775.602168, "delta": 0.003639}}
