{"target": -13.3983474784725, "params": {"colsample_bytree": 0.7850497398410478, "eta": 0.014590904804757547, "gamma": 156.07233466004357, "max_depth": 2.0, "min_child_weight": 3054.2127270522597, "num_boost_round": 35.0, "subsample": 0.25394952754337874}, "datetime": {"datetime": "2024-01-20 15:51:27", "elapsed": 5222.198981, "delta": 0.003915}}
{"target": -13.39838560141673, "params": {"colsample_bytree": 0.7850497398410478, "eta": 0.014590904804757547, "gamma": 156.07233466004357, "max_depth": 2.0, "min_child_weight": 3054.2127270522597, "num_boost_round": 36.0, "subsample": 0.25394952754337874}, "datetime": {"datetime": "2024-01-20 15:51:27", "elapsed": 5222.202763, "delta": 0.003782}}
{"target": -13.398426081351676, "params": {"colsample_bytree": 0.7850497398410478, "eta": 0.014590904804757547, "gamma": 156.07233466004357, "max_depth": 2.0, "min_child_weight": 3054.2127270522597, "num_boost_round": 37.0, "subsample": 0.25394952754337874}, "datetime": {"datetime": "2024-01-20 15:51:27", "elapsed": 5222.20645, "delta": 0.003687}}
{"target": -13.39848870980153, "params": {"colsample_bytree": 0.7850497398410478, "eta": 0.014590904804757547, "gamma": 156.07233466004357, "max_depth": 2.0, "min_child_weight": 3054.2127270522597, "num_boost_round": 38.0, "subsample": 0.25394952754337874}, "datetime": {"datetime": "2024-01-20 15:51:27", "elapsed": 5222.21033, "delta": 0.00388}}
{"target": -13.398530937073799, "params": {"colsample_bytree": 0.7850497398410478, "eta": 0.014590904804757547, "gamma": 156.07233466004357, "max_depth": 2.0, "min_child_weight": 3054.2127270522597, "num_boost_round": 39.0, "subsample": 0.25394952754337874}, "datetime": {"datetime": "2024-01-20 15:51:27", "elapsed": 5222.214095, "delta": 0.003765}}
{"target": -13.398551288934636, "params": {"colsample_bytree": 0.7850497398410478, "eta": 0.014590904804757547, "gamma": 156.07233466004357, "max_depth": 2.0, "min_child_weight": 3054.2127270522597, "num_boost_round": 40.0, "subsample": 0.25394952754337874}, "datetime": {"datetime": "2024-01-20 15:51:27", "elapsed": 5222.217921, "delta": 0.003826}}
{"target": -13.398689360867655, "params": {"colsample_bytree": 0.7850497398410478, "eta": 0.014590904804757547, "gamma": 156.07233466004357, "max_depth": 2.0, "min_child_weight": 3054.2127270522597, "num_boost_round": 41.0, "subsample": 0.25394952754337874}, "datetime": {"datetime": "2024-01-20 15:51:27", "elapsed": 5222.221669, "delta": 0.003748}}
{"target": -13.398723795028188, "params": {"colsample_bytree": 0.7850497398410478, "eta": 0.014590904804757547, "gamma": 156.07233466004357, "max_depth": 2.0, "min_child_weight": 3054.2127270522597, "num_boost_round": 42.0, "subsample": 0.25394952754337874}, "datetime": {"datetime": "2024-01-20 15:51:27", "elapsed": 5222.225347, "delta": 0.003678}}
{"target": -13.398728416475846, "params": {"colsample_bytree": 0.7850497398410478, "eta": 0.014590904804757547, "gamma": 156.07233466004357, "max_depth": 2.0, "min_child_weight": 3054.2127270522597, "num_boost_round": 43.0, "subsample": 0.25394952754337874}, "datetime": {"datetime": "2024-01-20 15:51:27", "elapsed": 5222.229334, "delta": 0.003987}}
{"target": -13.398786426467636, "params": {"colsample_bytree": 0.7850497398410478, "eta": 0.014590904804757547, "gamma": 156.07233466004357, "max_depth": 2.0, "min_child_weight": 3054.2127270522597, "num_boost_round": 44.0, "subsample": 0.25394952754337874}, "datetime": {"datetime": "2024-01-20 15:51:27", "elapsed": 5222.233214, "delta": 0.00388}}
{"target": -13.398802950740809, "params": {"colsample_bytree": 0.7850497398410478, "eta": 0.014590904804757547, "gamma": 156.07233466004357, "max_depth": 2.0, "min_child_weight": 3054.2127270522597, "num_boost_round": 45.0, "subsample": 0.25394952754337874}, "datetime": {"datetime": "2024-01-20 15:51:27", "elapsed": 5222.23708, "delta": 0.003866}}
{"target": -13.398846964640004, "params": {"colsample_bytree": 0.7850497398410478, "eta": 0.014590904804757547, "gamma": 156.07233466004357, "max_depth": 2.0, "min_child_weight": 3054.2127270522597, "num_boost_round": 46.0, "subsample": 0.25394952754337874}, "datetime": {"datetime": "2024-01-20 15:51:27", "elapsed": 5222.240942, "delta": 0.003862}}
{"target": -13.39892115162611, "params": {"colsample_bytree": 0.7850497398410478, "eta": 0.014590904804757547, "gamma": 156.07233466004357, "max_depth": 2.0, "min_child_weight": 3054.2127270522597, "num_boost_round": 47.0, "subsample": 0.25394952754337874}, "datetime": {"datetime": "2024-01-20 15:51:27", "elapsed": 5222.244752, "delta": 0.00381}}
{"target": -13.398981054684162, "params": {"colsample_bytree": 0.7850497398410478, "eta": 0.014590904804757547, "gamma": 156.07233466004357, "max_depth": 2.0, "min_child_weight": 3054.2127270522597, "num_boost_round": 48.0, "subsample": 0.25394952754337874}, "datetime": {"datetime": "2024-01-20 15:51:27", "elapsed": 5222.248676, "delta": 0.003924}}
{"target": -13.399022308656715, "params": {"colsample_bytree": 0.7850497398410478, "eta": 0.014590904804757547, "gamma": 156.07233466004357, "max_depth": 2.0, "min_child_weight": 3054.2127270522597, "num_boost_round": 49.0, "subsample": 0.25394952754337874}, "datetime": {"datetime": "2024-01-20 15:51:27", "elapsed": 5222.252564, "delta": 0.003888}}
{"target": -13.399109256569673, "params": {"colsample_bytree": 0.7850497398410478, "eta": 0.014590904804757547, "gamma": 156.07233466004357, "max_depth": 2.0, "min_child_weight": 3054.2127270522597, "num_boost_round": 50.0, "subsample": 0.25394952754337874}, "datetime": {"datetime": "2024-01-20 15:51:27", "elapsed": 5222.25691, "delta": 0.004346}}
{"target": -13.399191930195819, "params": {"colsample_bytree": 0.7850497398410478, "eta": 0.014590904804757547, "gamma": 156.07233466004357, "max_depth": 2.0, "min_child_weight": 3054.2127270522597, "num_boost_round": 51.0, "subsample": 0.25394952754337874}, "datetime": {"datetime": "2024-01-20 15:51:27", "elapsed": 5222.262536, "delta": 0.005626}}
{"target": -13.399292021936587, "params": {"colsample_bytree": 0.7850497398410478, "eta": 0.014590904804757547, "gamma": 156.07233466004357, "max_depth": 2.0, "min_child_weight": 3054.2127270522597, "num_boost_round": 52.0, "subsample": 0.25394952754337874}, "datetime": {"datetime": "2024-01-20 15:51:27", "elapsed": 5222.268705, "delta": 0.006169}}
{"target": -13.399403202782395, "params": {"colsample_bytree": 0.7850497398410478, "eta": 0.014590904804757547, "gamma": 156.07233466004357, "max_depth": 2.0, "min_child_weight": 3054.2127270522597, "num_boost_round": 53.0, "subsample": 0.25394952754337874}, "datetime": {"datetime": "2024-01-20 15:51:27", "elapsed": 5222.273174, "delta": 0.004469}}
{"target": -13.399427225603157, "params": {"colsample_bytree": 0.7850497398410478, "eta": 0.014590904804757547, "gamma": 156.07233466004357, "max_depth": 2.0, "min_child_weight": 3054.2127270522597, "num_boost_round": 54.0, "subsample": 0.25394952754337874}, "datetime": {"datetime": "2024-01-20 15:51:27", "elapsed": 5222.276993, "delta": 0.003819}}
{"target": -13.39952786295714, "params": {"colsample_bytree": 0.7850497398410478, "eta": 0.014590904804757547, "gamma": 156.07233466004357, "max_depth": 2.0, "min_child_weight": 3054.2127270522597, "num_boost_round": 55.0, "subsample": 0.25394952754337874}, "datetime": {"datetime": "2024-01-20 15:51:27", "elapsed": 5222.280856, "delta": 0.003863}}
{"target": -13.399623860855911, "params": {"colsample_bytree": 0.7850497398410478, "eta": 0.014590904804757547, "gamma": 156.07233466004357, "max_depth": 2.0, "min_child_weight": 3054.2127270522597, "num_boost_round": 56.0, "subsample": 0.25394952754337874}, "datetime": {"datetime": "2024-01-20 15:51:27", "elapsed": 5222.285, "delta": 0.004144}}
{"target": -13.397792501763417, "params": {"colsample_bytree": 0.9309249667685398, "eta": 0.017827450223919832, "gamma": 97.73362122234508, "max_depth": 2.0, "min_child_weight": 3003.406932811584, "num_boost_round": 1.0, "subsample": 0.6287578891175227}, "datetime": {"datetime": "2024-01-20 15:52:22", "elapsed": 5277.517535, "delta": 55.232535}}
{"target": -13.397864861370241, "params": {"colsample_bytree": 0.9309249667685398, "eta": 0.017827450223919832, "gamma": 97.73362122234508, "max_depth": 2.0, "min_child_weight": 3003.406932811584, "num_boost_round": 2.0, "subsample": 0.6287578891175227}, "datetime": {"datetime": "2024-01-20 15:52:22", "elapsed": 5277.522876, "delta": 0.005341}}
{"target": -13.39788147959314, "params": {"colsample_bytree": 0.9309249667685398, "eta": 0.017827450223919832, "gamma": 97.73362122234508, "max_depth": 2.0, "min_child_weight": 3003.406932811584, "num_boost_round": 3.0, "subsample": 0.6287578891175227}, "datetime": {"datetime": "2024-01-20 15:52:22", "elapsed": 5277.527017, "delta": 0.004141}}
{"target": -13.397887982566225, "params": {"colsample_bytree": 0.9309249667685398, "eta": 0.017827450223919832, "gamma": 97.73362122234508, "max_depth": 2.0, "min_child_weight": 3003.406932811584, "num_boost_round": 4.0, "subsample": 0.6287578891175227}, "datetime": {"datetime": "2024-01-20 15:52:22", "elapsed": 5277.530791, "delta": 0.003774}}
{"target": -13.398051060433138, "params": {"colsample_bytree": 0.9309249667685398, "eta": 0.017827450223919832, "gamma": 97.73362122234508, "max_depth": 2.0, "min_child_weight": 3003.406932811584, "num_boost_round": 5.0, "subsample": 0.6287578891175227}, "datetime": {"datetime": "2024-01-20 15:52:22", "elapsed": 5277.534608, "delta": 0.003817}}
{"target": -13.398094354779063, "params": {"colsample_bytree": 0.9309249667685398, "eta": 0.017827450223919832, "gamma": 97.73362122234508, "max_depth": 2.0, "min_child_weight": 3003.406932811584, "num_boost_round": 6.0, "subsample": 0.6287578891175227}, "datetime": {"datetime": "2024-01-20 15:52:22", "elapsed": 5277.538413, "delta": 0.003805}}
{"target": -13.398157135243817, "params": {"colsample_bytree": 0.9309249667685398, "eta": 0.017827450223919832, "gamma": 97.73362122234508, "max_depth": 2.0, "min_child_weight": 3003.406932811584, "num_boost_round": 7.0, "subsample": 0.6287578891175227}, "datetime": {"datetime": "2024-01-20 15:52:22", "elapsed": 5277.542118, "delta": 0.003705}}
{"target": -13.398246483949961, "params": {"colsample_bytree": 0.9309249667685398, "eta": 0.017827450223919832, "gamma": 97.73362122234508, "max_depth": 2.0, "min_child_weight": 3003.406932811584, "num_boost_round": 8.0, "subsample": 0.6287578891175227}, "datetime": {"datetime": "2024-01-20 15:52:22", "elapsed": 5277.545819, "delta": 0.003701}}
{"target": -13.3983024371228, "params": {"colsample_bytree": 0.9309249667685398, "eta": 0.017827450223919832, "gamma": 97.73362122234508, "max_depth": 2.0, "min_child_weight": 3003.406932811584, "num_boost_round": 9.0, "subsample": 0.6287578891175227}, "datetime": {"datetime": "2024-01-20 15:52:22", "elapsed": 5277.549834, "delta": 0.004015}}
{"target": -13.398340585782663, "params": {"colsample_bytree": 0.9309249667685398, "eta": 0.017827450223919832, "gamma": 97.73362122234508, "max_depth": 2.0, "min_child_weight": 3003.406932811584, "num_boost_round": 10.0, "subsample": 0.6287578891175227}, "datetime": {"datetime": "2024-01-20 15:52:22", "elapsed": 5277.55352, "delta": 0.003686}}
{"target": -13.398447549250427, "params": {"colsample_bytree": 0.9309249667685398, "eta": 0.017827450223919832, "gamma": 97.73362122234508, "max_depth": 2.0, "min_child_weight": 3003.406932811584, "num_boost_round": 11.0, "subsample": 0.6287578891175227}, "datetime": {"datetime": "2024-01-20 15:52:22", "elapsed": 5277.557391, "delta": 0.003871}}
{"target": -13.398595329124749, "params": {"colsample_bytree": 0.9309249667685398, "eta": 0.017827450223919832, "gamma": 97.73362122234508, "max_depth": 2.0, "min_child_weight": 3003.406932811584, "num_boost_round": 12.0, "subsample": 0.6287578891175227}, "datetime": {"datetime": "2024-01-20 15:52:22", "elapsed": 5277.561269, "delta": 0.003878}}
{"target": -13.398697968737478, "params": {"colsample_bytree": 0.9309249667685398, "eta": 0.017827450223919832, "gamma": 97.73362122234508, "max_depth": 2.0, "min_child_weight": 3003.406932811584, "num_boost_round": 13.0, "subsample": 0.6287578891175227}, "datetime": {"datetime": "2024-01-20 15:52:22", "elapsed": 5277.566096, "delta": 0.004827}}
{"target": -13.398730199846252, "params": {"colsample_bytree": 0.9309249667685398, "eta": 0.017827450223919832, "gamma": 97.73362122234508, "max_depth": 2.0, "min_child_weight": 3003.406932811584, "num_boost_round": 14.0, "subsample": 0.6287578891175227}, "datetime": {"datetime": "2024-01-20 15:52:22", "elapsed": 5277.574159, "delta": 0.008063}}
{"target": -13.398758646869737, "params": {"colsample_bytree": 0.9309249667685398, "eta": 0.017827450223919832, "gamma": 97.73362122234508, "max_depth": 2.0, "min_child_weight": 3003.406932811584, "num_boost_round": 15.0, "subsample": 0.6287578891175227}, "datetime": {"datetime": "2024-01-20 15:52:22", "elapsed": 5277.5797, "delta": 0.005541}}
{"target": -13.398856907616914, "params": {"colsample_bytree": 0.9309249667685398, "eta": 0.017827450223919832, "gamma": 97.73362122234508, "max_depth": 2.0, "min_child_weight": 3003.406932811584, "num_boost_round": 16.0, "subsample": 0.6287578891175227}, "datetime": {"datetime": "2024-01-20 15:52:22", "elapsed": 5277.583967, "delta": 0.004267}}
{"target": -13.399114674920376, "params": {"colsample_bytree": 0.9309249667685398, "eta": 0.017827450223919832, "gamma": 97.73362122234508, "max_depth": 2.0, "min_child_weight": 3003.406932811584, "num_boost_round": 17.0, "subsample": 0.6287578891175227}, "datetime": {"datetime": "2024-01-20 15:52:22", "elapsed": 5277.58778, "delta": 0.003813}}
{"target": -13.399335125832433, "params": {"colsample_bytree": 0.9309249667685398, "eta": 0.017827450223919832, "gamma": 97.73362122234508, "max_depth": 2.0, "min_child_weight": 3003.406932811584, "num_boost_round": 18.0, "subsample": 0.6287578891175227}, "datetime": {"datetime": "2024-01-20 15:52:22", "elapsed": 5277.592148, "delta": 0.004368}}
{"target": -13.399480250516987, "params": {"colsample_bytree": 0.9309249667685398, "eta": 0.017827450223919832, "gamma": 97.73362122234508, "max_depth": 2.0, "min_child_weight": 3003.406932811584, "num_boost_round": 19.0, "subsample": 0.6287578891175227}, "datetime": {"datetime": "2024-01-20 15:52:22", "elapsed": 5277.596127, "delta": 0.003979}}
{"target": -13.399596355243167, "params": {"colsample_bytree": 0.9309249667685398, "eta": 0.017827450223919832, "gamma": 97.73362122234508, "max_depth": 2.0, "min_child_weight": 3003.406932811584, "num_boost_round": 20.0, "subsample": 0.6287578891175227}, "datetime": {"datetime": "2024-01-20 15:52:22", "elapsed": 5277.600178, "delta": 0.004051}}
{"target": -13.399753041022638, "params": {"colsample_bytree": 0.9309249667685398, "eta": 0.017827450223919832, "gamma": 97.73362122234508, "max_depth": 2.0, "min_child_weight": 3003.406932811584, "num_boost_round": 21.0, "subsample": 0.6287578891175227}, "datetime": {"datetime": "2024-01-20 15:52:22", "elapsed": 5277.604153, "delta": 0.003975}}
{"target": -13.399888824349715, "params": {"colsample_bytree": 0.9309249667685398, "eta": 0.017827450223919832, "gamma": 97.73362122234508, "max_depth": 2.0, "min_child_weight": 3003.406932811584, "num_boost_round": 22.0, "subsample": 0.6287578891175227}, "datetime": {"datetime": "2024-01-20 15:52:22", "elapsed": 5277.608018, "delta": 0.003865}}
{"target": -13.40002782249199, "params": {"colsample_bytree": 0.9309249667685398, "eta": 0.017827450223919832, "gamma": 97.73362122234508, "max_depth": 2.0, "min_child_weight": 3003.406932811584, "num_boost_round": 23.0, "subsample": 0.6287578891175227}, "datetime": {"datetime": "2024-01-20 15:52:22", "elapsed": 5277.611809, "delta": 0.003791}}
{"target": -13.400188421619333, "params": {"colsample_bytree": 0.9309249667685398, "eta": 0.017827450223919832, "gamma": 97.73362122234508, "max_depth": 2.0, "min_child_weight": 3003.406932811584, "num_boost_round": 24.0, "subsample": 0.6287578891175227}, "datetime": {"datetime": "2024-01-20 15:52:22", "elapsed": 5277.615781, "delta": 0.003972}}
{"target": -13.400377232202835, "params": {"colsample_bytree": 0.9309249667685398, "eta": 0.017827450223919832, "gamma": 97.73362122234508, "max_depth": 2.0, "min_child_weight": 3003.406932811584, "num_boost_round": 25.0, "subsample": 0.6287578891175227}, "datetime": {"datetime": "2024-01-20 15:52:22", "elapsed": 5277.619691, "delta": 0.00391}}
{"target": -13.400589654737246, "params": {"colsample_bytree": 0.9309249667685398, "eta": 0.017827450223919832, "gamma": 97.73362122234508, "max_depth": 2.0, "min_child_weight": 3003.406932811584, "num_boost_round": 26.0, "subsample": 0.6287578891175227}, "datetime": {"datetime": "2024-01-20 15:52:22", "elapsed": 5277.623469, "delta": 0.003778}}
{"target": -13.400813564883203, "params": {"colsample_bytree": 0.9309249667685398, "eta": 0.017827450223919832, "gamma": 97.73362122234508, "max_depth": 2.0, "min_child_weight": 3003.406932811584, "num_boost_round": 27.0, "subsample": 0.6287578891175227}, "datetime": {"datetime": "2024-01-20 15:52:22", "elapsed": 5277.627543, "delta": 0.004074}}
{"target": -13.398004849753185, "params": {"colsample_bytree": 0.555219047644925, "eta": 0.08160576040425079, "gamma": 191.02963098649172, "max_depth": 6.0, "min_child_weight": 2974.477213093737, "num_boost_round": 1.0, "subsample": 0.5938459702734491}, "datetime": {"datetime": "2024-01-20 15:53:22", "elapsed": 5337.389544, "delta": 59.762001}}
{"target": -13.398137424359833, "params": {"colsample_bytree": 0.555219047644925, "eta": 0.08160576040425079, "gamma": 191.02963098649172, "max_depth": 6.0, "min_child_weight": 2974.477213093737, "num_boost_round": 2.0, "subsample": 0.5938459702734491}, "datetime": {"datetime": "2024-01-20 15:53:22", "elapsed": 5337.394323, "delta": 0.004779}}
{"target": -13.398324111320584, "params": {"colsample_bytree": 0.555219047644925, "eta": 0.08160576040425079, "gamma": 191.02963098649172, "max_depth": 6.0, "min_child_weight": 2974.477213093737, "num_boost_round": 3.0, "subsample": 0.5938459702734491}, "datetime": {"datetime": "2024-01-20 15:53:22", "elapsed": 5337.398545, "delta": 0.004222}}
{"target": -13.398973656636898, "params": {"colsample_bytree": 0.555219047644925, "eta": 0.08160576040425079, "gamma": 191.02963098649172, "max_depth": 6.0, "min_child_weight": 2974.477213093737, "num_boost_round": 4.0, "subsample": 0.5938459702734491}, "datetime": {"datetime": "2024-01-20 15:53:22", "elapsed": 5337.402448, "delta": 0.003903}}
{"target": -13.399514090785965, "params": {"colsample_bytree": 0.555219047644925, "eta": 0.08160576040425079, "gamma": 191.02963098649172, "max_depth": 6.0, "min_child_weight": 2974.477213093737, "num_boost_round": 5.0, "subsample": 0.5938459702734491}, "datetime": {"datetime": "2024-01-20 15:53:22", "elapsed": 5337.406165, "delta": 0.003717}}
{"target": -13.400513480760917, "params": {"colsample_bytree": 0.555219047644925, "eta": 0.08160576040425079, "gamma": 191.02963098649172, "max_depth": 6.0, "min_child_weight": 2974.477213093737, "num_boost_round": 6.0, "subsample": 0.5938459702734491}, "datetime": {"datetime": "2024-01-20 15:53:22", "elapsed": 5337.410061, "delta": 0.003896}}
{"target": -13.402063597874317, "params": {"colsample_bytree": 0.555219047644925, "eta": 0.08160576040425079, "gamma": 191.02963098649172, "max_depth": 6.0, "min_child_weight": 2974.477213093737, "num_boost_round": 7.0, "subsample": 0.5938459702734491}, "datetime": {"datetime": "2024-01-20 15:53:22", "elapsed": 5337.413938, "delta": 0.003877}}
{"target": -13.403188184672782, "params": {"colsample_bytree": 0.555219047644925, "eta": 0.08160576040425079, "gamma": 191.02963098649172, "max_depth": 6.0, "min_child_weight": 2974.477213093737, "num_boost_round": 8.0, "subsample": 0.5938459702734491}, "datetime": {"datetime": "2024-01-20 15:53:22", "elapsed": 5337.417739, "delta": 0.003801}}
{"target": -13.404167948147698, "params": {"colsample_bytree": 0.555219047644925, "eta": 0.08160576040425079, "gamma": 191.02963098649172, "max_depth": 6.0, "min_child_weight": 2974.477213093737, "num_boost_round": 9.0, "subsample": 0.5938459702734491}, "datetime": {"datetime": "2024-01-20 15:53:22", "elapsed": 5337.421513, "delta": 0.003774}}
{"target": -13.404995445081383, "params": {"colsample_bytree": 0.555219047644925, "eta": 0.08160576040425079, "gamma": 191.02963098649172, "max_depth": 6.0, "min_child_weight": 2974.477213093737, "num_boost_round": 10.0, "subsample": 0.5938459702734491}, "datetime": {"datetime": "2024-01-20 15:53:22", "elapsed": 5337.425484, "delta": 0.003971}}
{"target": -13.40609465727973, "params": {"colsample_bytree": 0.555219047644925, "eta": 0.08160576040425079, "gamma": 191.02963098649172, "max_depth": 6.0, "min_child_weight": 2974.477213093737, "num_boost_round": 11.0, "subsample": 0.5938459702734491}, "datetime": {"datetime": "2024-01-20 15:53:22", "elapsed": 5337.429349, "delta": 0.003865}}
{"target": -13.407349312473364, "params": {"colsample_bytree": 0.555219047644925, "eta": 0.08160576040425079, "gamma": 191.02963098649172, "max_depth": 6.0, "min_child_weight": 2974.477213093737, "num_boost_round": 12.0, "subsample": 0.5938459702734491}, "datetime": {"datetime": "2024-01-20 15:53:22", "elapsed": 5337.433133, "delta": 0.003784}}
{"target": -13.408076948844226, "params": {"colsample_bytree": 0.555219047644925, "eta": 0.08160576040425079, "gamma": 191.02963098649172, "max_depth": 6.0, "min_child_weight": 2974.477213093737, "num_boost_round": 13.0, "subsample": 0.5938459702734491}, "datetime": {"datetime": "2024-01-20 15:53:22", "elapsed": 5337.437115, "delta": 0.003982}}
{"target": -13.408554876717218, "params": {"colsample_bytree": 0.555219047644925, "eta": 0.08160576040425079, "gamma": 191.02963098649172, "max_depth": 6.0, "min_child_weight": 2974.477213093737, "num_boost_round": 14.0, "subsample": 0.5938459702734491}, "datetime": {"datetime": "2024-01-20 15:53:22", "elapsed": 5337.440976, "delta": 0.003861}}
