{"target": -13.497662391453702, "params": {"colsample_bytree": 0.44570210890880524, "eta": 0.0013010681183959782, "gamma": 743.8583989443864, "max_depth": 6.0, "min_child_weight": 4486.552884863835, "num_boost_round": 22.0, "subsample": 0.33361722471998984}, "datetime": {"datetime": "2024-01-20 15:26:05", "elapsed": 3719.136483, "delta": 0.009304}}
{"target": -13.497648734447148, "params": {"colsample_bytree": 0.44570210890880524, "eta": 0.0013010681183959782, "gamma": 743.8583989443864, "max_depth": 6.0, "min_child_weight": 4486.552884863835, "num_boost_round": 23.0, "subsample": 0.33361722471998984}, "datetime": {"datetime": "2024-01-20 15:26:05", "elapsed": 3719.141179, "delta": 0.004696}}
{"target": -13.4976359452338, "params": {"colsample_bytree": 0.44570210890880524, "eta": 0.0013010681183959782, "gamma": 743.8583989443864, "max_depth": 6.0, "min_child_weight": 4486.552884863835, "num_boost_round": 24.0, "subsample": 0.33361722471998984}, "datetime": {"datetime": "2024-01-20 15:26:05", "elapsed": 3719.145868, "delta": 0.004689}}
{"target": -13.49762618177784, "params": {"colsample_bytree": 0.44570210890880524, "eta": 0.0013010681183959782, "gamma": 743.8583989443864, "max_depth": 6.0, "min_child_weight": 4486.552884863835, "num_boost_round": 25.0, "subsample": 0.33361722471998984}, "datetime": {"datetime": "2024-01-20 15:26:05", "elapsed": 3719.150559, "delta": 0.004691}}
{"target": -13.497609508652037, "params": {"colsample_bytree": 0.44570210890880524, "eta": 0.0013010681183959782, "gamma": 743.8583989443864, "max_depth": 6.0, "min_child_weight": 4486.552884863835, "num_boost_round": 26.0, "subsample": 0.33361722471998984}, "datetime": {"datetime": "2024-01-20 15:26:05", "elapsed": 3719.155348, "delta": 0.004789}}
{"target": -13.497600082669049, "params": {"colsample_bytree": 0.44570210890880524, "eta": 0.0013010681183959782, "gamma": 743.8583989443864, "max_depth": 6.0, "min_child_weight": 4486.552884863835, "num_boost_round": 27.0, "subsample": 0.33361722471998984}, "datetime": {"datetime": "2024-01-20 15:26:05", "elapsed": 3719.160064, "delta": 0.004716}}
{"target": -13.497586661128013, "params": {"colsample_bytree": 0.44570210890880524, "eta": 0.0013010681183959782, "gamma": 743.8583989443864, "max_depth": 6.0, "min_child_weight": 4486.552884863835, "num_boost_round": 28.0, "subsample": 0.33361722471998984}, "datetime": {"datetime": "2024-01-20 15:26:05", "elapsed": 3719.164903, "delta": 0.004839}}
{"target": -13.497573869635062, "params": {"colsample_bytree": 0.44570210890880524, "eta": 0.0013010681183959782, "gamma": 743.8583989443864, "max_depth": 6.0, "min_child_weight": 4486.552884863835, "num_boost_round": 29.0, "subsample": 0.33361722471998984}, "datetime": {"datetime": "2024-01-20 15:26:05", "elapsed": 3719.169605, "delta": 0.004702}}
{"target": -13.49756420045847, "params": {"colsample_bytree": 0.44570210890880524, "eta": 0.0013010681183959782, "gamma": 743.8583989443864, "max_depth": 6.0, "min_child_weight": 4486.552884863835, "num_boost_round": 30.0, "subsample": 0.33361722471998984}, "datetime": {"datetime": "2024-01-20 15:26:05", "elapsed": 3719.174405, "delta": 0.0048}}
{"target": -13.497546182634292, "params": {"colsample_bytree": 0.44570210890880524, "eta": 0.0013010681183959782, "gamma": 743.8583989443864, "max_depth": 6.0, "min_child_weight": 4486.552884863835, "num_boost_round": 31.0, "subsample": 0.33361722471998984}, "datetime": {"datetime": "2024-01-20 15:26:05", "elapsed": 3719.179092, "delta": 0.004687}}
{"target": -13.497539558489969, "params": {"colsample_bytree": 0.44570210890880524, "eta": 0.0013010681183959782, "gamma": 743.8583989443864, "max_depth": 6.0, "min_child_weight": 4486.552884863835, "num_boost_round": 32.0, "subsample": 0.33361722471998984}, "datetime": {"datetime": "2024-01-20 15:26:05", "elapsed": 3719.185539, "delta": 0.006447}}
{"target": -13.49753185720952, "params": {"colsample_bytree": 0.44570210890880524, "eta": 0.0013010681183959782, "gamma": 743.8583989443864, "max_depth": 6.0, "min_child_weight": 4486.552884863835, "num_boost_round": 33.0, "subsample": 0.33361722471998984}, "datetime": {"datetime": "2024-01-20 15:26:05", "elapsed": 3719.191902, "delta": 0.006363}}
{"target": -13.497522774171166, "params": {"colsample_bytree": 0.44570210890880524, "eta": 0.0013010681183959782, "gamma": 743.8583989443864, "max_depth": 6.0, "min_child_weight": 4486.552884863835, "num_boost_round": 34.0, "subsample": 0.33361722471998984}, "datetime": {"datetime": "2024-01-20 15:26:05", "elapsed": 3719.199131, "delta": 0.007229}}
{"target": -13.497513164025747, "params": {"colsample_bytree": 0.44570210890880524, "eta": 0.0013010681183959782, "gamma": 743.8583989443864, "max_depth": 6.0, "min_child_weight": 4486.552884863835, "num_boost_round": 35.0, "subsample": 0.33361722471998984}, "datetime": {"datetime": "2024-01-20 15:26:05", "elapsed": 3719.204536, "delta": 0.005405}}
{"target": -13.497500670864408, "params": {"colsample_bytree": 0.44570210890880524, "eta": 0.0013010681183959782, "gamma": 743.8583989443864, "max_depth": 6.0, "min_child_weight": 4486.552884863835, "num_boost_round": 36.0, "subsample": 0.33361722471998984}, "datetime": {"datetime": "2024-01-20 15:26:05", "elapsed": 3719.209377, "delta": 0.004841}}
{"target": -13.49748794167029, "params": {"colsample_bytree": 0.44570210890880524, "eta": 0.0013010681183959782, "gamma": 743.8583989443864, "max_depth": 6.0, "min_child_weight": 4486.552884863835, "num_boost_round": 37.0, "subsample": 0.33361722471998984}, "datetime": {"datetime": "2024-01-20 15:26:05", "elapsed": 3719.214206, "delta": 0.004829}}
{"target": -13.497469251529282, "params": {"colsample_bytree": 0.44570210890880524, "eta": 0.0013010681183959782, "gamma": 743.8583989443864, "max_depth": 6.0, "min_child_weight": 4486.552884863835, "num_boost_round": 38.0, "subsample": 0.33361722471998984}, "datetime": {"datetime": "2024-01-20 15:26:05", "elapsed": 3719.218975, "delta": 0.004769}}
{"target": -13.497459425734792, "params": {"colsample_bytree": 0.44570210890880524, "eta": 0.0013010681183959782, "gamma": 743.8583989443864, "max_depth": 6.0, "min_child_weight": 4486.552884863835, "num_boost_round": 39.0, "subsample": 0.33361722471998984}, "datetime": {"datetime": "2024-01-20 15:26:05", "elapsed": 3719.223692, "delta": 0.004717}}
{"target": -13.497443750093575, "params": {"colsample_bytree": 0.44570210890880524, "eta": 0.0013010681183959782, "gamma": 743.8583989443864, "max_depth": 6.0, "min_child_weight": 4486.552884863835, "num_boost_round": 40.0, "subsample": 0.33361722471998984}, "datetime": {"datetime": "2024-01-20 15:26:05", "elapsed": 3719.228544, "delta": 0.004852}}
{"target": -13.497431569323108, "params": {"colsample_bytree": 0.44570210890880524, "eta": 0.0013010681183959782, "gamma": 743.8583989443864, "max_depth": 6.0, "min_child_weight": 4486.552884863835, "num_boost_round": 41.0, "subsample": 0.33361722471998984}, "datetime": {"datetime": "2024-01-20 15:26:05", "elapsed": 3719.233423, "delta": 0.004879}}
{"target": -13.497424880028749, "params": {"colsample_bytree": 0.44570210890880524, "eta": 0.0013010681183959782, "gamma": 743.8583989443864, "max_depth": 6.0, "min_child_weight": 4486.552884863835, "num_boost_round": 42.0, "subsample": 0.33361722471998984}, "datetime": {"datetime": "2024-01-20 15:26:05", "elapsed": 3719.238375, "delta": 0.004952}}
{"target": -13.497415045876949, "params": {"colsample_bytree": 0.44570210890880524, "eta": 0.0013010681183959782, "gamma": 743.8583989443864, "max_depth": 6.0, "min_child_weight": 4486.552884863835, "num_boost_round": 43.0, "subsample": 0.33361722471998984}, "datetime": {"datetime": "2024-01-20 15:26:05", "elapsed": 3719.243281, "delta": 0.004906}}
{"target": -13.497408147008816, "params": {"colsample_bytree": 0.44570210890880524, "eta": 0.0013010681183959782, "gamma": 743.8583989443864, "max_depth": 6.0, "min_child_weight": 4486.552884863835, "num_boost_round": 44.0, "subsample": 0.33361722471998984}, "datetime": {"datetime": "2024-01-20 15:26:05", "elapsed": 3719.247979, "delta": 0.004698}}
{"target": -13.497391466908958, "params": {"colsample_bytree": 0.44570210890880524, "eta": 0.0013010681183959782, "gamma": 743.8583989443864, "max_depth": 6.0, "min_child_weight": 4486.552884863835, "num_boost_round": 45.0, "subsample": 0.33361722471998984}, "datetime": {"datetime": "2024-01-20 15:26:05", "elapsed": 3719.252732, "delta": 0.004753}}
{"target": -13.497383163093453, "params": {"colsample_bytree": 0.44570210890880524, "eta": 0.0013010681183959782, "gamma": 743.8583989443864, "max_depth": 6.0, "min_child_weight": 4486.552884863835, "num_boost_round": 46.0, "subsample": 0.33361722471998984}, "datetime": {"datetime": "2024-01-20 15:26:05", "elapsed": 3719.257758, "delta": 0.005026}}
{"target": -13.497367853112351, "params": {"colsample_bytree": 0.44570210890880524, "eta": 0.0013010681183959782, "gamma": 743.8583989443864, "max_depth": 6.0, "min_child_weight": 4486.552884863835, "num_boost_round": 47.0, "subsample": 0.33361722471998984}, "datetime": {"datetime": "2024-01-20 15:26:06", "elapsed": 3719.549153, "delta": 0.291395}}
{"target": -13.497354365385002, "params": {"colsample_bytree": 0.44570210890880524, "eta": 0.0013010681183959782, "gamma": 743.8583989443864, "max_depth": 6.0, "min_child_weight": 4486.552884863835, "num_boost_round": 48.0, "subsample": 0.33361722471998984}, "datetime": {"datetime": "2024-01-20 15:26:06", "elapsed": 3719.554905, "delta": 0.005752}}
{"target": -13.497346787485988, "params": {"colsample_bytree": 0.44570210890880524, "eta": 0.0013010681183959782, "gamma": 743.8583989443864, "max_depth": 6.0, "min_child_weight": 4486.552884863835, "num_boost_round": 49.0, "subsample": 0.33361722471998984}, "datetime": {"datetime": "2024-01-20 15:26:06", "elapsed": 3719.560039, "delta": 0.005134}}
{"target": -13.497333744459134, "params": {"colsample_bytree": 0.44570210890880524, "eta": 0.0013010681183959782, "gamma": 743.8583989443864, "max_depth": 6.0, "min_child_weight": 4486.552884863835, "num_boost_round": 50.0, "subsample": 0.33361722471998984}, "datetime": {"datetime": "2024-01-20 15:26:06", "elapsed": 3719.564943, "delta": 0.004904}}
{"target": -13.497320609809456, "params": {"colsample_bytree": 0.44570210890880524, "eta": 0.0013010681183959782, "gamma": 743.8583989443864, "max_depth": 6.0, "min_child_weight": 4486.552884863835, "num_boost_round": 51.0, "subsample": 0.33361722471998984}, "datetime": {"datetime": "2024-01-20 15:26:06", "elapsed": 3719.569992, "delta": 0.005049}}
{"target": -13.497309543870164, "params": {"colsample_bytree": 0.44570210890880524, "eta": 0.0013010681183959782, "gamma": 743.8583989443864, "max_depth": 6.0, "min_child_weight": 4486.552884863835, "num_boost_round": 52.0, "subsample": 0.33361722471998984}, "datetime": {"datetime": "2024-01-20 15:26:06", "elapsed": 3719.575149, "delta": 0.005157}}
{"target": -13.497300289681892, "params": {"colsample_bytree": 0.44570210890880524, "eta": 0.0013010681183959782, "gamma": 743.8583989443864, "max_depth": 6.0, "min_child_weight": 4486.552884863835, "num_boost_round": 53.0, "subsample": 0.33361722471998984}, "datetime": {"datetime": "2024-01-20 15:26:06", "elapsed": 3719.58006, "delta": 0.004911}}
{"target": -13.497289318353344, "params": {"colsample_bytree": 0.44570210890880524, "eta": 0.0013010681183959782, "gamma": 743.8583989443864, "max_depth": 6.0, "min_child_weight": 4486.552884863835, "num_boost_round": 54.0, "subsample": 0.33361722471998984}, "datetime": {"datetime": "2024-01-20 15:26:06", "elapsed": 3719.584984, "delta": 0.004924}}
{"target": -13.497280522376794, "params": {"colsample_bytree": 0.44570210890880524, "eta": 0.0013010681183959782, "gamma": 743.8583989443864, "max_depth": 6.0, "min_child_weight": 4486.552884863835, "num_boost_round": 55.0, "subsample": 0.33361722471998984}, "datetime": {"datetime": "2024-01-20 15:26:06", "elapsed": 3719.589902, "delta": 0.004918}}
{"target": -13.497275231464997, "params": {"colsample_bytree": 0.44570210890880524, "eta": 0.0013010681183959782, "gamma": 743.8583989443864, "max_depth": 6.0, "min_child_weight": 4486.552884863835, "num_boost_round": 56.0, "subsample": 0.33361722471998984}, "datetime": {"datetime": "2024-01-20 15:26:06", "elapsed": 3719.59477, "delta": 0.004868}}
{"target": -13.497272043299876, "params": {"colsample_bytree": 0.44570210890880524, "eta": 0.0013010681183959782, "gamma": 743.8583989443864, "max_depth": 6.0, "min_child_weight": 4486.552884863835, "num_boost_round": 57.0, "subsample": 0.33361722471998984}, "datetime": {"datetime": "2024-01-20 15:26:06", "elapsed": 3719.600336, "delta": 0.005566}}
{"target": -13.497261745289027, "params": {"colsample_bytree": 0.44570210890880524, "eta": 0.0013010681183959782, "gamma": 743.8583989443864, "max_depth": 6.0, "min_child_weight": 4486.552884863835, "num_boost_round": 58.0, "subsample": 0.33361722471998984}, "datetime": {"datetime": "2024-01-20 15:26:06", "elapsed": 3719.608388, "delta": 0.008052}}
{"target": -13.497249702232622, "params": {"colsample_bytree": 0.44570210890880524, "eta": 0.0013010681183959782, "gamma": 743.8583989443864, "max_depth": 6.0, "min_child_weight": 4486.552884863835, "num_boost_round": 59.0, "subsample": 0.33361722471998984}, "datetime": {"datetime": "2024-01-20 15:26:06", "elapsed": 3719.616162, "delta": 0.007774}}
{"target": -13.49723605994913, "params": {"colsample_bytree": 0.44570210890880524, "eta": 0.0013010681183959782, "gamma": 743.8583989443864, "max_depth": 6.0, "min_child_weight": 4486.552884863835, "num_boost_round": 60.0, "subsample": 0.33361722471998984}, "datetime": {"datetime": "2024-01-20 15:26:06", "elapsed": 3719.62265, "delta": 0.006488}}
{"target": -13.497512985580382, "params": {"colsample_bytree": 0.7084301660771474, "eta": 0.031529531314319764, "gamma": 908.7285754897288, "max_depth": 6.0, "min_child_weight": 4540.802245164817, "num_boost_round": 1.0, "subsample": 0.6841840861786882}, "datetime": {"datetime": "2024-01-20 15:27:31", "elapsed": 3804.516182, "delta": 84.893532}}
{"target": -13.497359460391404, "params": {"colsample_bytree": 0.7084301660771474, "eta": 0.031529531314319764, "gamma": 908.7285754897288, "max_depth": 6.0, "min_child_weight": 4540.802245164817, "num_boost_round": 2.0, "subsample": 0.6841840861786882}, "datetime": {"datetime": "2024-01-20 15:27:31", "elapsed": 3804.521458, "delta": 0.005276}}
{"target": -13.497336218484648, "params": {"colsample_bytree": 0.7084301660771474, "eta": 0.031529531314319764, "gamma": 908.7285754897288, "max_depth": 6.0, "min_child_weight": 4540.802245164817, "num_boost_round": 3.0, "subsample": 0.6841840861786882}, "datetime": {"datetime": "2024-01-20 15:27:31", "elapsed": 3804.526268, "delta": 0.00481}}
{"target": -13.497467241218569, "params": {"colsample_bytree": 0.7084301660771474, "eta": 0.031529531314319764, "gamma": 908.7285754897288, "max_depth": 6.0, "min_child_weight": 4540.802245164817, "num_boost_round": 4.0, "subsample": 0.6841840861786882}, "datetime": {"datetime": "2024-01-20 15:27:31", "elapsed": 3804.531018, "delta": 0.00475}}
{"target": -13.497353927049051, "params": {"colsample_bytree": 0.7084301660771474, "eta": 0.031529531314319764, "gamma": 908.7285754897288, "max_depth": 6.0, "min_child_weight": 4540.802245164817, "num_boost_round": 5.0, "subsample": 0.6841840861786882}, "datetime": {"datetime": "2024-01-20 15:27:31", "elapsed": 3804.536056, "delta": 0.005038}}
{"target": -13.497120807143679, "params": {"colsample_bytree": 0.7084301660771474, "eta": 0.031529531314319764, "gamma": 908.7285754897288, "max_depth": 6.0, "min_child_weight": 4540.802245164817, "num_boost_round": 6.0, "subsample": 0.6841840861786882}, "datetime": {"datetime": "2024-01-20 15:27:31", "elapsed": 3804.540974, "delta": 0.004918}}
{"target": -13.497172811081025, "params": {"colsample_bytree": 0.7084301660771474, "eta": 0.031529531314319764, "gamma": 908.7285754897288, "max_depth": 6.0, "min_child_weight": 4540.802245164817, "num_boost_round": 7.0, "subsample": 0.6841840861786882}, "datetime": {"datetime": "2024-01-20 15:27:31", "elapsed": 3804.546121, "delta": 0.005147}}
{"target": -13.497086165296013, "params": {"colsample_bytree": 0.7084301660771474, "eta": 0.031529531314319764, "gamma": 908.7285754897288, "max_depth": 6.0, "min_child_weight": 4540.802245164817, "num_boost_round": 8.0, "subsample": 0.6841840861786882}, "datetime": {"datetime": "2024-01-20 15:27:31", "elapsed": 3804.550849, "delta": 0.004728}}
{"target": -13.497099136255398, "params": {"colsample_bytree": 0.7084301660771474, "eta": 0.031529531314319764, "gamma": 908.7285754897288, "max_depth": 6.0, "min_child_weight": 4540.802245164817, "num_boost_round": 9.0, "subsample": 0.6841840861786882}, "datetime": {"datetime": "2024-01-20 15:27:31", "elapsed": 3804.555754, "delta": 0.004905}}
{"target": -13.49710744143762, "params": {"colsample_bytree": 0.7084301660771474, "eta": 0.031529531314319764, "gamma": 908.7285754897288, "max_depth": 6.0, "min_child_weight": 4540.802245164817, "num_boost_round": 10.0, "subsample": 0.6841840861786882}, "datetime": {"datetime": "2024-01-20 15:27:31", "elapsed": 3804.560502, "delta": 0.004748}}
{"target": -13.497117897684582, "params": {"colsample_bytree": 0.7084301660771474, "eta": 0.031529531314319764, "gamma": 908.7285754897288, "max_depth": 6.0, "min_child_weight": 4540.802245164817, "num_boost_round": 11.0, "subsample": 0.6841840861786882}, "datetime": {"datetime": "2024-01-20 15:27:31", "elapsed": 3804.565263, "delta": 0.004761}}
{"target": -13.49725076588851, "params": {"colsample_bytree": 0.7084301660771474, "eta": 0.031529531314319764, "gamma": 908.7285754897288, "max_depth": 6.0, "min_child_weight": 4540.802245164817, "num_boost_round": 12.0, "subsample": 0.6841840861786882}, "datetime": {"datetime": "2024-01-20 15:27:31", "elapsed": 3804.570121, "delta": 0.004858}}
{"target": -13.497301232504787, "params": {"colsample_bytree": 0.7084301660771474, "eta": 0.031529531314319764, "gamma": 908.7285754897288, "max_depth": 6.0, "min_child_weight": 4540.802245164817, "num_boost_round": 13.0, "subsample": 0.6841840861786882}, "datetime": {"datetime": "2024-01-20 15:27:31", "elapsed": 3804.575232, "delta": 0.005111}}
{"target": -13.497285227125353, "params": {"colsample_bytree": 0.7084301660771474, "eta": 0.031529531314319764, "gamma": 908.7285754897288, "max_depth": 6.0, "min_child_weight": 4540.802245164817, "num_boost_round": 14.0, "subsample": 0.6841840861786882}, "datetime": {"datetime": "2024-01-20 15:27:31", "elapsed": 3804.580027, "delta": 0.004795}}
{"target": -13.497243177271717, "params": {"colsample_bytree": 0.7084301660771474, "eta": 0.031529531314319764, "gamma": 908.7285754897288, "max_depth": 6.0, "min_child_weight": 4540.802245164817, "num_boost_round": 15.0, "subsample": 0.6841840861786882}, "datetime": {"datetime": "2024-01-20 15:27:31", "elapsed": 3804.584781, "delta": 0.004754}}
{"target": -13.49730488049287, "params": {"colsample_bytree": 0.7084301660771474, "eta": 0.031529531314319764, "gamma": 908.7285754897288, "max_depth": 6.0, "min_child_weight": 4540.802245164817, "num_boost_round": 16.0, "subsample": 0.6841840861786882}, "datetime": {"datetime": "2024-01-20 15:27:31", "elapsed": 3804.589543, "delta": 0.004762}}
{"target": -13.497298496054196, "params": {"colsample_bytree": 0.7084301660771474, "eta": 0.031529531314319764, "gamma": 908.7285754897288, "max_depth": 6.0, "min_child_weight": 4540.802245164817, "num_boost_round": 17.0, "subsample": 0.6841840861786882}, "datetime": {"datetime": "2024-01-20 15:27:31", "elapsed": 3804.594473, "delta": 0.00493}}
{"target": -13.497360480477528, "params": {"colsample_bytree": 0.7084301660771474, "eta": 0.031529531314319764, "gamma": 908.7285754897288, "max_depth": 6.0, "min_child_weight": 4540.802245164817, "num_boost_round": 18.0, "subsample": 0.6841840861786882}, "datetime": {"datetime": "2024-01-20 15:27:31", "elapsed": 3804.599359, "delta": 0.004886}}
{"target": -13.497409470535331, "params": {"colsample_bytree": 0.7084301660771474, "eta": 0.031529531314319764, "gamma": 908.7285754897288, "max_depth": 6.0, "min_child_weight": 4540.802245164817, "num_boost_round": 19.0, "subsample": 0.6841840861786882}, "datetime": {"datetime": "2024-01-20 15:27:31", "elapsed": 3804.604361, "delta": 0.005002}}
{"target": -13.497477039842831, "params": {"colsample_bytree": 0.7084301660771474, "eta": 0.031529531314319764, "gamma": 908.7285754897288, "max_depth": 6.0, "min_child_weight": 4540.802245164817, "num_boost_round": 20.0, "subsample": 0.6841840861786882}, "datetime": {"datetime": "2024-01-20 15:27:31", "elapsed": 3804.609135, "delta": 0.004774}}
{"target": -13.497600321235549, "params": {"colsample_bytree": 0.7084301660771474, "eta": 0.031529531314319764, "gamma": 908.7285754897288, "max_depth": 6.0, "min_child_weight": 4540.802245164817, "num_boost_round": 21.0, "subsample": 0.6841840861786882}, "datetime": {"datetime": "2024-01-20 15:27:31", "elapsed": 3804.614098, "delta": 0.004963}}
{"target": -13.49778308980219, "params": {"colsample_bytree": 0.7084301660771474, "eta": 0.031529531314319764, "gamma": 908.7285754897288, "max_depth": 6.0, "min_child_weight": 4540.802245164817, "num_boost_round": 22.0, "subsample": 0.6841840861786882}, "datetime": {"datetime": "2024-01-20 15:27:31", "elapsed": 3804.6189, "delta": 0.004802}}
{"target": -13.497899593376381, "params": {"colsample_bytree": 0.7084301660771474, "eta": 0.031529531314319764, "gamma": 908.7285754897288, "max_depth": 6.0, "min_child_weight": 4540.802245164817, "num_boost_round": 23.0, "subsample": 0.6841840861786882}, "datetime": {"datetime": "2024-01-20 15:27:31", "elapsed": 3804.623655, "delta": 0.004755}}
