{"target": -15.162961259174494, "params": {"colsample_bytree": 0.6423277481337497, "eta": 0.09701230178811787, "gamma": 406.28088781922236, "max_depth": 3.0, "min_child_weight": 4391.519620968037, "num_boost_round": 43.0, "subsample": 0.7701227302922297}, "datetime": {"datetime": "2024-01-20 15:02:11", "elapsed": 2289.252523, "delta": 0.003155}}
{"target": -15.163554801762682, "params": {"colsample_bytree": 0.6423277481337497, "eta": 0.09701230178811787, "gamma": 406.28088781922236, "max_depth": 3.0, "min_child_weight": 4391.519620968037, "num_boost_round": 44.0, "subsample": 0.7701227302922297}, "datetime": {"datetime": "2024-01-20 15:02:11", "elapsed": 2289.255563, "delta": 0.00304}}
{"target": -15.16322506281461, "params": {"colsample_bytree": 0.6423277481337497, "eta": 0.09701230178811787, "gamma": 406.28088781922236, "max_depth": 3.0, "min_child_weight": 4391.519620968037, "num_boost_round": 45.0, "subsample": 0.7701227302922297}, "datetime": {"datetime": "2024-01-20 15:02:11", "elapsed": 2289.258628, "delta": 0.003065}}
{"target": -15.16359804519012, "params": {"colsample_bytree": 0.6423277481337497, "eta": 0.09701230178811787, "gamma": 406.28088781922236, "max_depth": 3.0, "min_child_weight": 4391.519620968037, "num_boost_round": 46.0, "subsample": 0.7701227302922297}, "datetime": {"datetime": "2024-01-20 15:02:11", "elapsed": 2289.261803, "delta": 0.003175}}
{"target": -15.1641117700855, "params": {"colsample_bytree": 0.6423277481337497, "eta": 0.09701230178811787, "gamma": 406.28088781922236, "max_depth": 3.0, "min_child_weight": 4391.519620968037, "num_boost_round": 47.0, "subsample": 0.7701227302922297}, "datetime": {"datetime": "2024-01-20 15:02:11", "elapsed": 2289.264854, "delta": 0.003051}}
{"target": -15.16410521697864, "params": {"colsample_bytree": 0.6423277481337497, "eta": 0.09701230178811787, "gamma": 406.28088781922236, "max_depth": 3.0, "min_child_weight": 4391.519620968037, "num_boost_round": 48.0, "subsample": 0.7701227302922297}, "datetime": {"datetime": "2024-01-20 15:02:11", "elapsed": 2289.267899, "delta": 0.003045}}
{"target": -15.164220236468044, "params": {"colsample_bytree": 0.6423277481337497, "eta": 0.09701230178811787, "gamma": 406.28088781922236, "max_depth": 3.0, "min_child_weight": 4391.519620968037, "num_boost_round": 49.0, "subsample": 0.7701227302922297}, "datetime": {"datetime": "2024-01-20 15:02:11", "elapsed": 2289.270961, "delta": 0.003062}}
{"target": -15.16439902407454, "params": {"colsample_bytree": 0.6423277481337497, "eta": 0.09701230178811787, "gamma": 406.28088781922236, "max_depth": 3.0, "min_child_weight": 4391.519620968037, "num_boost_round": 50.0, "subsample": 0.7701227302922297}, "datetime": {"datetime": "2024-01-20 15:02:11", "elapsed": 2289.274096, "delta": 0.003135}}
{"target": -15.16414529552203, "params": {"colsample_bytree": 0.6423277481337497, "eta": 0.09701230178811787, "gamma": 406.28088781922236, "max_depth": 3.0, "min_child_weight": 4391.519620968037, "num_boost_round": 51.0, "subsample": 0.7701227302922297}, "datetime": {"datetime": "2024-01-20 15:02:11", "elapsed": 2289.277169, "delta": 0.003073}}
{"target": -15.163987385852405, "params": {"colsample_bytree": 0.6423277481337497, "eta": 0.09701230178811787, "gamma": 406.28088781922236, "max_depth": 3.0, "min_child_weight": 4391.519620968037, "num_boost_round": 52.0, "subsample": 0.7701227302922297}, "datetime": {"datetime": "2024-01-20 15:02:11", "elapsed": 2289.280339, "delta": 0.00317}}
{"target": -15.164617790406457, "params": {"colsample_bytree": 0.6423277481337497, "eta": 0.09701230178811787, "gamma": 406.28088781922236, "max_depth": 3.0, "min_child_weight": 4391.519620968037, "num_boost_round": 53.0, "subsample": 0.7701227302922297}, "datetime": {"datetime": "2024-01-20 15:02:11", "elapsed": 2289.283509, "delta": 0.00317}}
{"target": -15.164965048282596, "params": {"colsample_bytree": 0.6423277481337497, "eta": 0.09701230178811787, "gamma": 406.28088781922236, "max_depth": 3.0, "min_child_weight": 4391.519620968037, "num_boost_round": 54.0, "subsample": 0.7701227302922297}, "datetime": {"datetime": "2024-01-20 15:02:11", "elapsed": 2289.286576, "delta": 0.003067}}
{"target": -15.165272376689959, "params": {"colsample_bytree": 0.6423277481337497, "eta": 0.09701230178811787, "gamma": 406.28088781922236, "max_depth": 3.0, "min_child_weight": 4391.519620968037, "num_boost_round": 55.0, "subsample": 0.7701227302922297}, "datetime": {"datetime": "2024-01-20 15:02:11", "elapsed": 2289.289633, "delta": 0.003057}}
{"target": -15.165748457423032, "params": {"colsample_bytree": 0.6423277481337497, "eta": 0.09701230178811787, "gamma": 406.28088781922236, "max_depth": 3.0, "min_child_weight": 4391.519620968037, "num_boost_round": 56.0, "subsample": 0.7701227302922297}, "datetime": {"datetime": "2024-01-20 15:02:11", "elapsed": 2289.293008, "delta": 0.003375}}
{"target": -15.165733909219947, "params": {"colsample_bytree": 0.6423277481337497, "eta": 0.09701230178811787, "gamma": 406.28088781922236, "max_depth": 3.0, "min_child_weight": 4391.519620968037, "num_boost_round": 57.0, "subsample": 0.7701227302922297}, "datetime": {"datetime": "2024-01-20 15:02:11", "elapsed": 2289.296204, "delta": 0.003196}}
{"target": -15.166088247649625, "params": {"colsample_bytree": 0.6423277481337497, "eta": 0.09701230178811787, "gamma": 406.28088781922236, "max_depth": 3.0, "min_child_weight": 4391.519620968037, "num_boost_round": 58.0, "subsample": 0.7701227302922297}, "datetime": {"datetime": "2024-01-20 15:02:11", "elapsed": 2289.299484, "delta": 0.00328}}
{"target": -15.171791344120079, "params": {"colsample_bytree": 0.34396550042021645, "eta": 0.05947742095989068, "gamma": 580.893479581657, "max_depth": 8.0, "min_child_weight": 4148.029754428806, "num_boost_round": 1.0, "subsample": 0.9098778892123027}, "datetime": {"datetime": "2024-01-20 15:03:37", "elapsed": 2375.005538, "delta": 85.706054}}
{"target": -15.170561813727726, "params": {"colsample_bytree": 0.34396550042021645, "eta": 0.05947742095989068, "gamma": 580.893479581657, "max_depth": 8.0, "min_child_weight": 4148.029754428806, "num_boost_round": 2.0, "subsample": 0.9098778892123027}, "datetime": {"datetime": "2024-01-20 15:03:37", "elapsed": 2375.011106, "delta": 0.005568}}
{"target": -15.16874906175287, "params": {"colsample_bytree": 0.34396550042021645, "eta": 0.05947742095989068, "gamma": 580.893479581657, "max_depth": 8.0, "min_child_weight": 4148.029754428806, "num_boost_round": 3.0, "subsample": 0.9098778892123027}, "datetime": {"datetime": "2024-01-20 15:03:37", "elapsed": 2375.014667, "delta": 0.003561}}
{"target": -15.168778255984556, "params": {"colsample_bytree": 0.34396550042021645, "eta": 0.05947742095989068, "gamma": 580.893479581657, "max_depth": 8.0, "min_child_weight": 4148.029754428806, "num_boost_round": 4.0, "subsample": 0.9098778892123027}, "datetime": {"datetime": "2024-01-20 15:03:37", "elapsed": 2375.018011, "delta": 0.003344}}
{"target": -15.166032198159481, "params": {"colsample_bytree": 0.34396550042021645, "eta": 0.05947742095989068, "gamma": 580.893479581657, "max_depth": 8.0, "min_child_weight": 4148.029754428806, "num_boost_round": 5.0, "subsample": 0.9098778892123027}, "datetime": {"datetime": "2024-01-20 15:03:37", "elapsed": 2375.021402, "delta": 0.003391}}
{"target": -15.16449185428694, "params": {"colsample_bytree": 0.34396550042021645, "eta": 0.05947742095989068, "gamma": 580.893479581657, "max_depth": 8.0, "min_child_weight": 4148.029754428806, "num_boost_round": 6.0, "subsample": 0.9098778892123027}, "datetime": {"datetime": "2024-01-20 15:03:37", "elapsed": 2375.024673, "delta": 0.003271}}
{"target": -15.162641343103486, "params": {"colsample_bytree": 0.34396550042021645, "eta": 0.05947742095989068, "gamma": 580.893479581657, "max_depth": 8.0, "min_child_weight": 4148.029754428806, "num_boost_round": 7.0, "subsample": 0.9098778892123027}, "datetime": {"datetime": "2024-01-20 15:03:37", "elapsed": 2375.027898, "delta": 0.003225}}
{"target": -15.162108167968565, "params": {"colsample_bytree": 0.34396550042021645, "eta": 0.05947742095989068, "gamma": 580.893479581657, "max_depth": 8.0, "min_child_weight": 4148.029754428806, "num_boost_round": 8.0, "subsample": 0.9098778892123027}, "datetime": {"datetime": "2024-01-20 15:03:37", "elapsed": 2375.031154, "delta": 0.003256}}
{"target": -15.161688050236581, "params": {"colsample_bytree": 0.34396550042021645, "eta": 0.05947742095989068, "gamma": 580.893479581657, "max_depth": 8.0, "min_child_weight": 4148.029754428806, "num_boost_round": 9.0, "subsample": 0.9098778892123027}, "datetime": {"datetime": "2024-01-20 15:03:37", "elapsed": 2375.034478, "delta": 0.003324}}
{"target": -15.16093652823886, "params": {"colsample_bytree": 0.34396550042021645, "eta": 0.05947742095989068, "gamma": 580.893479581657, "max_depth": 8.0, "min_child_weight": 4148.029754428806, "num_boost_round": 10.0, "subsample": 0.9098778892123027}, "datetime": {"datetime": "2024-01-20 15:03:37", "elapsed": 2375.037739, "delta": 0.003261}}
{"target": -15.161096716740992, "params": {"colsample_bytree": 0.34396550042021645, "eta": 0.05947742095989068, "gamma": 580.893479581657, "max_depth": 8.0, "min_child_weight": 4148.029754428806, "num_boost_round": 11.0, "subsample": 0.9098778892123027}, "datetime": {"datetime": "2024-01-20 15:03:37", "elapsed": 2375.041035, "delta": 0.003296}}
{"target": -15.161206079453486, "params": {"colsample_bytree": 0.34396550042021645, "eta": 0.05947742095989068, "gamma": 580.893479581657, "max_depth": 8.0, "min_child_weight": 4148.029754428806, "num_boost_round": 12.0, "subsample": 0.9098778892123027}, "datetime": {"datetime": "2024-01-20 15:03:37", "elapsed": 2375.04451, "delta": 0.003475}}
{"target": -15.161546975096698, "params": {"colsample_bytree": 0.34396550042021645, "eta": 0.05947742095989068, "gamma": 580.893479581657, "max_depth": 8.0, "min_child_weight": 4148.029754428806, "num_boost_round": 13.0, "subsample": 0.9098778892123027}, "datetime": {"datetime": "2024-01-20 15:03:37", "elapsed": 2375.048268, "delta": 0.003758}}
{"target": -15.160683552384814, "params": {"colsample_bytree": 0.34396550042021645, "eta": 0.05947742095989068, "gamma": 580.893479581657, "max_depth": 8.0, "min_child_weight": 4148.029754428806, "num_boost_round": 14.0, "subsample": 0.9098778892123027}, "datetime": {"datetime": "2024-01-20 15:03:37", "elapsed": 2375.051836, "delta": 0.003568}}
{"target": -15.15986114629749, "params": {"colsample_bytree": 0.34396550042021645, "eta": 0.05947742095989068, "gamma": 580.893479581657, "max_depth": 8.0, "min_child_weight": 4148.029754428806, "num_boost_round": 15.0, "subsample": 0.9098778892123027}, "datetime": {"datetime": "2024-01-20 15:03:37", "elapsed": 2375.055071, "delta": 0.003235}}
{"target": -15.160049907345462, "params": {"colsample_bytree": 0.34396550042021645, "eta": 0.05947742095989068, "gamma": 580.893479581657, "max_depth": 8.0, "min_child_weight": 4148.029754428806, "num_boost_round": 16.0, "subsample": 0.9098778892123027}, "datetime": {"datetime": "2024-01-20 15:03:37", "elapsed": 2375.058994, "delta": 0.003923}}
{"target": -15.159410638467051, "params": {"colsample_bytree": 0.34396550042021645, "eta": 0.05947742095989068, "gamma": 580.893479581657, "max_depth": 8.0, "min_child_weight": 4148.029754428806, "num_boost_round": 17.0, "subsample": 0.9098778892123027}, "datetime": {"datetime": "2024-01-20 15:03:37", "elapsed": 2375.063101, "delta": 0.004107}}
{"target": -15.159535078632866, "params": {"colsample_bytree": 0.34396550042021645, "eta": 0.05947742095989068, "gamma": 580.893479581657, "max_depth": 8.0, "min_child_weight": 4148.029754428806, "num_boost_round": 18.0, "subsample": 0.9098778892123027}, "datetime": {"datetime": "2024-01-20 15:03:37", "elapsed": 2375.066415, "delta": 0.003314}}
{"target": -15.158909410442408, "params": {"colsample_bytree": 0.34396550042021645, "eta": 0.05947742095989068, "gamma": 580.893479581657, "max_depth": 8.0, "min_child_weight": 4148.029754428806, "num_boost_round": 19.0, "subsample": 0.9098778892123027}, "datetime": {"datetime": "2024-01-20 15:03:37", "elapsed": 2375.069671, "delta": 0.003256}}
{"target": -15.158692736282076, "params": {"colsample_bytree": 0.34396550042021645, "eta": 0.05947742095989068, "gamma": 580.893479581657, "max_depth": 8.0, "min_child_weight": 4148.029754428806, "num_boost_round": 20.0, "subsample": 0.9098778892123027}, "datetime": {"datetime": "2024-01-20 15:03:37", "elapsed": 2375.073073, "delta": 0.003402}}
{"target": -15.158338676555507, "params": {"colsample_bytree": 0.34396550042021645, "eta": 0.05947742095989068, "gamma": 580.893479581657, "max_depth": 8.0, "min_child_weight": 4148.029754428806, "num_boost_round": 21.0, "subsample": 0.9098778892123027}, "datetime": {"datetime": "2024-01-20 15:03:37", "elapsed": 2375.076326, "delta": 0.003253}}
{"target": -15.158525557141001, "params": {"colsample_bytree": 0.34396550042021645, "eta": 0.05947742095989068, "gamma": 580.893479581657, "max_depth": 8.0, "min_child_weight": 4148.029754428806, "num_boost_round": 22.0, "subsample": 0.9098778892123027}, "datetime": {"datetime": "2024-01-20 15:03:37", "elapsed": 2375.079737, "delta": 0.003411}}
{"target": -15.158776527024912, "params": {"colsample_bytree": 0.34396550042021645, "eta": 0.05947742095989068, "gamma": 580.893479581657, "max_depth": 8.0, "min_child_weight": 4148.029754428806, "num_boost_round": 23.0, "subsample": 0.9098778892123027}, "datetime": {"datetime": "2024-01-20 15:03:37", "elapsed": 2375.083075, "delta": 0.003338}}
{"target": -15.158510312779736, "params": {"colsample_bytree": 0.34396550042021645, "eta": 0.05947742095989068, "gamma": 580.893479581657, "max_depth": 8.0, "min_child_weight": 4148.029754428806, "num_boost_round": 24.0, "subsample": 0.9098778892123027}, "datetime": {"datetime": "2024-01-20 15:03:37", "elapsed": 2375.086369, "delta": 0.003294}}
{"target": -15.158777287799879, "params": {"colsample_bytree": 0.34396550042021645, "eta": 0.05947742095989068, "gamma": 580.893479581657, "max_depth": 8.0, "min_child_weight": 4148.029754428806, "num_boost_round": 25.0, "subsample": 0.9098778892123027}, "datetime": {"datetime": "2024-01-20 15:03:37", "elapsed": 2375.089682, "delta": 0.003313}}
{"target": -15.158410963026622, "params": {"colsample_bytree": 0.34396550042021645, "eta": 0.05947742095989068, "gamma": 580.893479581657, "max_depth": 8.0, "min_child_weight": 4148.029754428806, "num_boost_round": 26.0, "subsample": 0.9098778892123027}, "datetime": {"datetime": "2024-01-20 15:03:37", "elapsed": 2375.093444, "delta": 0.003762}}
{"target": -15.15812580437997, "params": {"colsample_bytree": 0.34396550042021645, "eta": 0.05947742095989068, "gamma": 580.893479581657, "max_depth": 8.0, "min_child_weight": 4148.029754428806, "num_boost_round": 27.0, "subsample": 0.9098778892123027}, "datetime": {"datetime": "2024-01-20 15:03:37", "elapsed": 2375.097015, "delta": 0.003571}}
{"target": -15.15811797495729, "params": {"colsample_bytree": 0.34396550042021645, "eta": 0.05947742095989068, "gamma": 580.893479581657, "max_depth": 8.0, "min_child_weight": 4148.029754428806, "num_boost_round": 28.0, "subsample": 0.9098778892123027}, "datetime": {"datetime": "2024-01-20 15:03:37", "elapsed": 2375.10059, "delta": 0.003575}}
{"target": -15.15713540656036, "params": {"colsample_bytree": 0.34396550042021645, "eta": 0.05947742095989068, "gamma": 580.893479581657, "max_depth": 8.0, "min_child_weight": 4148.029754428806, "num_boost_round": 29.0, "subsample": 0.9098778892123027}, "datetime": {"datetime": "2024-01-20 15:03:37", "elapsed": 2375.104121, "delta": 0.003531}}
{"target": -15.15808586830349, "params": {"colsample_bytree": 0.34396550042021645, "eta": 0.05947742095989068, "gamma": 580.893479581657, "max_depth": 8.0, "min_child_weight": 4148.029754428806, "num_boost_round": 30.0, "subsample": 0.9098778892123027}, "datetime": {"datetime": "2024-01-20 15:03:37", "elapsed": 2375.107604, "delta": 0.003483}}
{"target": -15.158613094453807, "params": {"colsample_bytree": 0.34396550042021645, "eta": 0.05947742095989068, "gamma": 580.893479581657, "max_depth": 8.0, "min_child_weight": 4148.029754428806, "num_boost_round": 31.0, "subsample": 0.9098778892123027}, "datetime": {"datetime": "2024-01-20 15:03:37", "elapsed": 2375.110977, "delta": 0.003373}}
{"target": -15.15877822771185, "params": {"colsample_bytree": 0.34396550042021645, "eta": 0.05947742095989068, "gamma": 580.893479581657, "max_depth": 8.0, "min_child_weight": 4148.029754428806, "num_boost_round": 32.0, "subsample": 0.9098778892123027}, "datetime": {"datetime": "2024-01-20 15:03:37", "elapsed": 2375.114357, "delta": 0.00338}}
{"target": -15.158881138911926, "params": {"colsample_bytree": 0.34396550042021645, "eta": 0.05947742095989068, "gamma": 580.893479581657, "max_depth": 8.0, "min_child_weight": 4148.029754428806, "num_boost_round": 33.0, "subsample": 0.9098778892123027}, "datetime": {"datetime": "2024-01-20 15:03:37", "elapsed": 2375.117697, "delta": 0.00334}}
{"target": -15.159583256939356, "params": {"colsample_bytree": 0.34396550042021645, "eta": 0.05947742095989068, "gamma": 580.893479581657, "max_depth": 8.0, "min_child_weight": 4148.029754428806, "num_boost_round": 34.0, "subsample": 0.9098778892123027}, "datetime": {"datetime": "2024-01-20 15:03:37", "elapsed": 2375.121479, "delta": 0.003782}}
{"target": -15.159790226006852, "params": {"colsample_bytree": 0.34396550042021645, "eta": 0.05947742095989068, "gamma": 580.893479581657, "max_depth": 8.0, "min_child_weight": 4148.029754428806, "num_boost_round": 35.0, "subsample": 0.9098778892123027}, "datetime": {"datetime": "2024-01-20 15:03:37", "elapsed": 2375.124867, "delta": 0.003388}}
{"target": -15.160420254118776, "params": {"colsample_bytree": 0.34396550042021645, "eta": 0.05947742095989068, "gamma": 580.893479581657, "max_depth": 8.0, "min_child_weight": 4148.029754428806, "num_boost_round": 36.0, "subsample": 0.9098778892123027}, "datetime": {"datetime": "2024-01-20 15:03:37", "elapsed": 2375.128229, "delta": 0.003362}}
{"target": -15.160735776966058, "params": {"colsample_bytree": 0.34396550042021645, "eta": 0.05947742095989068, "gamma": 580.893479581657, "max_depth": 8.0, "min_child_weight": 4148.029754428806, "num_boost_round": 37.0, "subsample": 0.9098778892123027}, "datetime": {"datetime": "2024-01-20 15:03:37", "elapsed": 2375.131661, "delta": 0.003432}}
{"target": -15.16087114220292, "params": {"colsample_bytree": 0.34396550042021645, "eta": 0.05947742095989068, "gamma": 580.893479581657, "max_depth": 8.0, "min_child_weight": 4148.029754428806, "num_boost_round": 38.0, "subsample": 0.9098778892123027}, "datetime": {"datetime": "2024-01-20 15:03:37", "elapsed": 2375.135047, "delta": 0.003386}}
{"target": -15.161374329382392, "params": {"colsample_bytree": 0.34396550042021645, "eta": 0.05947742095989068, "gamma": 580.893479581657, "max_depth": 8.0, "min_child_weight": 4148.029754428806, "num_boost_round": 39.0, "subsample": 0.9098778892123027}, "datetime": {"datetime": "2024-01-20 15:03:37", "elapsed": 2375.138435, "delta": 0.003388}}
{"target": -15.161527189497646, "params": {"colsample_bytree": 0.34396550042021645, "eta": 0.05947742095989068, "gamma": 580.893479581657, "max_depth": 8.0, "min_child_weight": 4148.029754428806, "num_boost_round": 40.0, "subsample": 0.9098778892123027}, "datetime": {"datetime": "2024-01-20 15:03:37", "elapsed": 2375.141824, "delta": 0.003389}}
{"target": -15.170647809906807, "params": {"colsample_bytree": 0.11287552272115497, "eta": 0.08991054454968077, "gamma": 541.0813206411075, "max_depth": 3.0, "min_child_weight": 4194.848585177909, "num_boost_round": 1.0, "subsample": 0.7649706595096191}, "datetime": {"datetime": "2024-01-20 15:04:24", "elapsed": 2421.68903, "delta": 46.547206}}
{"target": -15.168960032085177, "params": {"colsample_bytree": 0.11287552272115497, "eta": 0.08991054454968077, "gamma": 541.0813206411075, "max_depth": 3.0, "min_child_weight": 4194.848585177909, "num_boost_round": 2.0, "subsample": 0.7649706595096191}, "datetime": {"datetime": "2024-01-20 15:04:24", "elapsed": 2421.693823, "delta": 0.004793}}
{"target": -15.169099555985841, "params": {"colsample_bytree": 0.11287552272115497, "eta": 0.08991054454968077, "gamma": 541.0813206411075, "max_depth": 3.0, "min_child_weight": 4194.848585177909, "num_boost_round": 3.0, "subsample": 0.7649706595096191}, "datetime": {"datetime": "2024-01-20 15:04:24", "elapsed": 2421.697544, "delta": 0.003721}}
{"target": -15.169676813146339, "params": {"colsample_bytree": 0.11287552272115497, "eta": 0.08991054454968077, "gamma": 541.0813206411075, "max_depth": 3.0, "min_child_weight": 4194.848585177909, "num_boost_round": 4.0, "subsample": 0.7649706595096191}, "datetime": {"datetime": "2024-01-20 15:04:24", "elapsed": 2421.700979, "delta": 0.003435}}
{"target": -15.166967686846515, "params": {"colsample_bytree": 0.11287552272115497, "eta": 0.08991054454968077, "gamma": 541.0813206411075, "max_depth": 3.0, "min_child_weight": 4194.848585177909, "num_boost_round": 5.0, "subsample": 0.7649706595096191}, "datetime": {"datetime": "2024-01-20 15:04:24", "elapsed": 2421.704231, "delta": 0.003252}}
{"target": -15.165074136797159, "params": {"colsample_bytree": 0.11287552272115497, "eta": 0.08991054454968077, "gamma": 541.0813206411075, "max_depth": 3.0, "min_child_weight": 4194.848585177909, "num_boost_round": 6.0, "subsample": 0.7649706595096191}, "datetime": {"datetime": "2024-01-20 15:04:24", "elapsed": 2421.707424, "delta": 0.003193}}
{"target": -15.163688427333724, "params": {"colsample_bytree": 0.11287552272115497, "eta": 0.08991054454968077, "gamma": 541.0813206411075, "max_depth": 3.0, "min_child_weight": 4194.848585177909, "num_boost_round": 7.0, "subsample": 0.7649706595096191}, "datetime": {"datetime": "2024-01-20 15:04:24", "elapsed": 2421.710607, "delta": 0.003183}}
