{"target": -19.162674644518823, "params": {"colsample_bytree": 0.9800604612379563, "eta": 0.09072694953539026, "gamma": 603.5099014507826, "max_depth": 6.0, "min_child_weight": 4551.048013430113, "num_boost_round": 124.0, "subsample": 0.10586385074782204}, "datetime": {"datetime": "2024-01-20 15:31:13", "elapsed": 4041.257905, "delta": 0.003702}}
{"target": -19.16261824196362, "params": {"colsample_bytree": 0.9800604612379563, "eta": 0.09072694953539026, "gamma": 603.5099014507826, "max_depth": 6.0, "min_child_weight": 4551.048013430113, "num_boost_round": 125.0, "subsample": 0.10586385074782204}, "datetime": {"datetime": "2024-01-20 15:31:13", "elapsed": 4041.261602, "delta": 0.003697}}
{"target": -19.16271489255341, "params": {"colsample_bytree": 0.9800604612379563, "eta": 0.09072694953539026, "gamma": 603.5099014507826, "max_depth": 6.0, "min_child_weight": 4551.048013430113, "num_boost_round": 126.0, "subsample": 0.10586385074782204}, "datetime": {"datetime": "2024-01-20 15:31:13", "elapsed": 4041.265375, "delta": 0.003773}}
{"target": -19.162757947321857, "params": {"colsample_bytree": 0.9800604612379563, "eta": 0.09072694953539026, "gamma": 603.5099014507826, "max_depth": 6.0, "min_child_weight": 4551.048013430113, "num_boost_round": 127.0, "subsample": 0.10586385074782204}, "datetime": {"datetime": "2024-01-20 15:31:13", "elapsed": 4041.269093, "delta": 0.003718}}
{"target": -19.16317272089814, "params": {"colsample_bytree": 0.9800604612379563, "eta": 0.09072694953539026, "gamma": 603.5099014507826, "max_depth": 6.0, "min_child_weight": 4551.048013430113, "num_boost_round": 128.0, "subsample": 0.10586385074782204}, "datetime": {"datetime": "2024-01-20 15:31:13", "elapsed": 4041.27281, "delta": 0.003717}}
{"target": -19.163195964956323, "params": {"colsample_bytree": 0.9800604612379563, "eta": 0.09072694953539026, "gamma": 603.5099014507826, "max_depth": 6.0, "min_child_weight": 4551.048013430113, "num_boost_round": 129.0, "subsample": 0.10586385074782204}, "datetime": {"datetime": "2024-01-20 15:31:13", "elapsed": 4041.276614, "delta": 0.003804}}
{"target": -19.163434512595153, "params": {"colsample_bytree": 0.9800604612379563, "eta": 0.09072694953539026, "gamma": 603.5099014507826, "max_depth": 6.0, "min_child_weight": 4551.048013430113, "num_boost_round": 130.0, "subsample": 0.10586385074782204}, "datetime": {"datetime": "2024-01-20 15:31:13", "elapsed": 4041.280352, "delta": 0.003738}}
{"target": -19.163590291051523, "params": {"colsample_bytree": 0.9800604612379563, "eta": 0.09072694953539026, "gamma": 603.5099014507826, "max_depth": 6.0, "min_child_weight": 4551.048013430113, "num_boost_round": 131.0, "subsample": 0.10586385074782204}, "datetime": {"datetime": "2024-01-20 15:31:13", "elapsed": 4041.284066, "delta": 0.003714}}
{"target": -19.164016014712132, "params": {"colsample_bytree": 0.9800604612379563, "eta": 0.09072694953539026, "gamma": 603.5099014507826, "max_depth": 6.0, "min_child_weight": 4551.048013430113, "num_boost_round": 132.0, "subsample": 0.10586385074782204}, "datetime": {"datetime": "2024-01-20 15:31:13", "elapsed": 4041.287844, "delta": 0.003778}}
{"target": -19.16420236358551, "params": {"colsample_bytree": 0.9800604612379563, "eta": 0.09072694953539026, "gamma": 603.5099014507826, "max_depth": 6.0, "min_child_weight": 4551.048013430113, "num_boost_round": 133.0, "subsample": 0.10586385074782204}, "datetime": {"datetime": "2024-01-20 15:31:13", "elapsed": 4041.29155, "delta": 0.003706}}
{"target": -19.16394550850253, "params": {"colsample_bytree": 0.9800604612379563, "eta": 0.09072694953539026, "gamma": 603.5099014507826, "max_depth": 6.0, "min_child_weight": 4551.048013430113, "num_boost_round": 134.0, "subsample": 0.10586385074782204}, "datetime": {"datetime": "2024-01-20 15:31:13", "elapsed": 4041.295272, "delta": 0.003722}}
{"target": -19.164273594503417, "params": {"colsample_bytree": 0.9800604612379563, "eta": 0.09072694953539026, "gamma": 603.5099014507826, "max_depth": 6.0, "min_child_weight": 4551.048013430113, "num_boost_round": 135.0, "subsample": 0.10586385074782204}, "datetime": {"datetime": "2024-01-20 15:31:13", "elapsed": 4041.299043, "delta": 0.003771}}
{"target": -19.164346249062653, "params": {"colsample_bytree": 0.9800604612379563, "eta": 0.09072694953539026, "gamma": 603.5099014507826, "max_depth": 6.0, "min_child_weight": 4551.048013430113, "num_boost_round": 136.0, "subsample": 0.10586385074782204}, "datetime": {"datetime": "2024-01-20 15:31:13", "elapsed": 4041.302762, "delta": 0.003719}}
{"target": -19.164481419629922, "params": {"colsample_bytree": 0.9800604612379563, "eta": 0.09072694953539026, "gamma": 603.5099014507826, "max_depth": 6.0, "min_child_weight": 4551.048013430113, "num_boost_round": 137.0, "subsample": 0.10586385074782204}, "datetime": {"datetime": "2024-01-20 15:31:13", "elapsed": 4041.306478, "delta": 0.003716}}
{"target": -19.164638429966487, "params": {"colsample_bytree": 0.9800604612379563, "eta": 0.09072694953539026, "gamma": 603.5099014507826, "max_depth": 6.0, "min_child_weight": 4551.048013430113, "num_boost_round": 138.0, "subsample": 0.10586385074782204}, "datetime": {"datetime": "2024-01-20 15:31:13", "elapsed": 4041.310253, "delta": 0.003775}}
{"target": -19.164820066030927, "params": {"colsample_bytree": 0.9800604612379563, "eta": 0.09072694953539026, "gamma": 603.5099014507826, "max_depth": 6.0, "min_child_weight": 4551.048013430113, "num_boost_round": 139.0, "subsample": 0.10586385074782204}, "datetime": {"datetime": "2024-01-20 15:31:13", "elapsed": 4041.313976, "delta": 0.003723}}
{"target": -19.16511567328256, "params": {"colsample_bytree": 0.9800604612379563, "eta": 0.09072694953539026, "gamma": 603.5099014507826, "max_depth": 6.0, "min_child_weight": 4551.048013430113, "num_boost_round": 140.0, "subsample": 0.10586385074782204}, "datetime": {"datetime": "2024-01-20 15:31:13", "elapsed": 4041.317689, "delta": 0.003713}}
{"target": -19.165177015221296, "params": {"colsample_bytree": 0.9800604612379563, "eta": 0.09072694953539026, "gamma": 603.5099014507826, "max_depth": 6.0, "min_child_weight": 4551.048013430113, "num_boost_round": 141.0, "subsample": 0.10586385074782204}, "datetime": {"datetime": "2024-01-20 15:31:13", "elapsed": 4041.321512, "delta": 0.003823}}
{"target": -19.1653973150687, "params": {"colsample_bytree": 0.9800604612379563, "eta": 0.09072694953539026, "gamma": 603.5099014507826, "max_depth": 6.0, "min_child_weight": 4551.048013430113, "num_boost_round": 142.0, "subsample": 0.10586385074782204}, "datetime": {"datetime": "2024-01-20 15:31:13", "elapsed": 4041.326078, "delta": 0.004566}}
{"target": -19.16553775926335, "params": {"colsample_bytree": 0.9800604612379563, "eta": 0.09072694953539026, "gamma": 603.5099014507826, "max_depth": 6.0, "min_child_weight": 4551.048013430113, "num_boost_round": 143.0, "subsample": 0.10586385074782204}, "datetime": {"datetime": "2024-01-20 15:31:13", "elapsed": 4041.330092, "delta": 0.004014}}
{"target": -19.16543801704729, "params": {"colsample_bytree": 0.9800604612379563, "eta": 0.09072694953539026, "gamma": 603.5099014507826, "max_depth": 6.0, "min_child_weight": 4551.048013430113, "num_boost_round": 144.0, "subsample": 0.10586385074782204}, "datetime": {"datetime": "2024-01-20 15:31:13", "elapsed": 4041.333994, "delta": 0.003902}}
{"target": -19.165521072277876, "params": {"colsample_bytree": 0.9800604612379563, "eta": 0.09072694953539026, "gamma": 603.5099014507826, "max_depth": 6.0, "min_child_weight": 4551.048013430113, "num_boost_round": 145.0, "subsample": 0.10586385074782204}, "datetime": {"datetime": "2024-01-20 15:31:13", "elapsed": 4041.337835, "delta": 0.003841}}
{"target": -19.165792015783865, "params": {"colsample_bytree": 0.9800604612379563, "eta": 0.09072694953539026, "gamma": 603.5099014507826, "max_depth": 6.0, "min_child_weight": 4551.048013430113, "num_boost_round": 146.0, "subsample": 0.10586385074782204}, "datetime": {"datetime": "2024-01-20 15:31:13", "elapsed": 4041.341564, "delta": 0.003729}}
{"target": -19.165709018549272, "params": {"colsample_bytree": 0.9800604612379563, "eta": 0.09072694953539026, "gamma": 603.5099014507826, "max_depth": 6.0, "min_child_weight": 4551.048013430113, "num_boost_round": 147.0, "subsample": 0.10586385074782204}, "datetime": {"datetime": "2024-01-20 15:31:13", "elapsed": 4041.345369, "delta": 0.003805}}
{"target": -19.16556029863652, "params": {"colsample_bytree": 0.9800604612379563, "eta": 0.09072694953539026, "gamma": 603.5099014507826, "max_depth": 6.0, "min_child_weight": 4551.048013430113, "num_boost_round": 148.0, "subsample": 0.10586385074782204}, "datetime": {"datetime": "2024-01-20 15:31:13", "elapsed": 4041.349103, "delta": 0.003734}}
{"target": -19.16559287864164, "params": {"colsample_bytree": 0.9800604612379563, "eta": 0.09072694953539026, "gamma": 603.5099014507826, "max_depth": 6.0, "min_child_weight": 4551.048013430113, "num_boost_round": 149.0, "subsample": 0.10586385074782204}, "datetime": {"datetime": "2024-01-20 15:31:13", "elapsed": 4041.352856, "delta": 0.003753}}
{"target": -19.165469215015044, "params": {"colsample_bytree": 0.9800604612379563, "eta": 0.09072694953539026, "gamma": 603.5099014507826, "max_depth": 6.0, "min_child_weight": 4551.048013430113, "num_boost_round": 150.0, "subsample": 0.10586385074782204}, "datetime": {"datetime": "2024-01-20 15:31:13", "elapsed": 4041.356709, "delta": 0.003853}}
{"target": -19.16546722405341, "params": {"colsample_bytree": 0.9800604612379563, "eta": 0.09072694953539026, "gamma": 603.5099014507826, "max_depth": 6.0, "min_child_weight": 4551.048013430113, "num_boost_round": 151.0, "subsample": 0.10586385074782204}, "datetime": {"datetime": "2024-01-20 15:31:13", "elapsed": 4041.36055, "delta": 0.003841}}
{"target": -19.16583015658502, "params": {"colsample_bytree": 0.9800604612379563, "eta": 0.09072694953539026, "gamma": 603.5099014507826, "max_depth": 6.0, "min_child_weight": 4551.048013430113, "num_boost_round": 152.0, "subsample": 0.10586385074782204}, "datetime": {"datetime": "2024-01-20 15:31:13", "elapsed": 4041.364305, "delta": 0.003755}}
{"target": -19.16595533255657, "params": {"colsample_bytree": 0.9800604612379563, "eta": 0.09072694953539026, "gamma": 603.5099014507826, "max_depth": 6.0, "min_child_weight": 4551.048013430113, "num_boost_round": 153.0, "subsample": 0.10586385074782204}, "datetime": {"datetime": "2024-01-20 15:31:13", "elapsed": 4041.368145, "delta": 0.00384}}
{"target": -19.165909642807303, "params": {"colsample_bytree": 0.9800604612379563, "eta": 0.09072694953539026, "gamma": 603.5099014507826, "max_depth": 6.0, "min_child_weight": 4551.048013430113, "num_boost_round": 154.0, "subsample": 0.10586385074782204}, "datetime": {"datetime": "2024-01-20 15:31:13", "elapsed": 4041.371891, "delta": 0.003746}}
{"target": -19.166062025350218, "params": {"colsample_bytree": 0.9800604612379563, "eta": 0.09072694953539026, "gamma": 603.5099014507826, "max_depth": 6.0, "min_child_weight": 4551.048013430113, "num_boost_round": 155.0, "subsample": 0.10586385074782204}, "datetime": {"datetime": "2024-01-20 15:31:13", "elapsed": 4041.375664, "delta": 0.003773}}
{"target": -19.166112369155414, "params": {"colsample_bytree": 0.9800604612379563, "eta": 0.09072694953539026, "gamma": 603.5099014507826, "max_depth": 6.0, "min_child_weight": 4551.048013430113, "num_boost_round": 156.0, "subsample": 0.10586385074782204}, "datetime": {"datetime": "2024-01-20 15:31:13", "elapsed": 4041.379485, "delta": 0.003821}}
{"target": -19.16652279929641, "params": {"colsample_bytree": 0.9800604612379563, "eta": 0.09072694953539026, "gamma": 603.5099014507826, "max_depth": 6.0, "min_child_weight": 4551.048013430113, "num_boost_round": 157.0, "subsample": 0.10586385074782204}, "datetime": {"datetime": "2024-01-20 15:31:13", "elapsed": 4041.383254, "delta": 0.003769}}
{"target": -19.16650271248968, "params": {"colsample_bytree": 0.9800604612379563, "eta": 0.09072694953539026, "gamma": 603.5099014507826, "max_depth": 6.0, "min_child_weight": 4551.048013430113, "num_boost_round": 158.0, "subsample": 0.10586385074782204}, "datetime": {"datetime": "2024-01-20 15:31:13", "elapsed": 4041.387019, "delta": 0.003765}}
{"target": -19.166543713206572, "params": {"colsample_bytree": 0.9800604612379563, "eta": 0.09072694953539026, "gamma": 603.5099014507826, "max_depth": 6.0, "min_child_weight": 4551.048013430113, "num_boost_round": 159.0, "subsample": 0.10586385074782204}, "datetime": {"datetime": "2024-01-20 15:31:13", "elapsed": 4041.390844, "delta": 0.003825}}
{"target": -19.16663298742485, "params": {"colsample_bytree": 0.9800604612379563, "eta": 0.09072694953539026, "gamma": 603.5099014507826, "max_depth": 6.0, "min_child_weight": 4551.048013430113, "num_boost_round": 160.0, "subsample": 0.10586385074782204}, "datetime": {"datetime": "2024-01-20 15:31:13", "elapsed": 4041.394601, "delta": 0.003757}}
{"target": -19.166784010827037, "params": {"colsample_bytree": 0.9800604612379563, "eta": 0.09072694953539026, "gamma": 603.5099014507826, "max_depth": 6.0, "min_child_weight": 4551.048013430113, "num_boost_round": 161.0, "subsample": 0.10586385074782204}, "datetime": {"datetime": "2024-01-20 15:31:13", "elapsed": 4041.398368, "delta": 0.003767}}
{"target": -19.143254882315652, "params": {"colsample_bytree": 0.6403314510080612, "eta": 0.01180917684029993, "gamma": 502.9366247690554, "max_depth": 4.0, "min_child_weight": 4466.978925997056, "num_boost_round": 1.0, "subsample": 0.5015078877204708}, "datetime": {"datetime": "2024-01-20 15:32:40", "elapsed": 4128.445038, "delta": 87.04667}}
{"target": -19.143191215418824, "params": {"colsample_bytree": 0.6403314510080612, "eta": 0.01180917684029993, "gamma": 502.9366247690554, "max_depth": 4.0, "min_child_weight": 4466.978925997056, "num_boost_round": 2.0, "subsample": 0.5015078877204708}, "datetime": {"datetime": "2024-01-20 15:32:40", "elapsed": 4128.450004, "delta": 0.004966}}
{"target": -19.143166171264294, "params": {"colsample_bytree": 0.6403314510080612, "eta": 0.01180917684029993, "gamma": 502.9366247690554, "max_depth": 4.0, "min_child_weight": 4466.978925997056, "num_boost_round": 3.0, "subsample": 0.5015078877204708}, "datetime": {"datetime": "2024-01-20 15:32:40", "elapsed": 4128.453789, "delta": 0.003785}}
{"target": -19.143184481036442, "params": {"colsample_bytree": 0.6403314510080612, "eta": 0.01180917684029993, "gamma": 502.9366247690554, "max_depth": 4.0, "min_child_weight": 4466.978925997056, "num_boost_round": 4.0, "subsample": 0.5015078877204708}, "datetime": {"datetime": "2024-01-20 15:32:40", "elapsed": 4128.457568, "delta": 0.003779}}
{"target": -19.143175471784062, "params": {"colsample_bytree": 0.6403314510080612, "eta": 0.01180917684029993, "gamma": 502.9366247690554, "max_depth": 4.0, "min_child_weight": 4466.978925997056, "num_boost_round": 5.0, "subsample": 0.5015078877204708}, "datetime": {"datetime": "2024-01-20 15:32:40", "elapsed": 4128.461263, "delta": 0.003695}}
{"target": -19.1430396123894, "params": {"colsample_bytree": 0.6403314510080612, "eta": 0.01180917684029993, "gamma": 502.9366247690554, "max_depth": 4.0, "min_child_weight": 4466.978925997056, "num_boost_round": 6.0, "subsample": 0.5015078877204708}, "datetime": {"datetime": "2024-01-20 15:32:40", "elapsed": 4128.465063, "delta": 0.0038}}
{"target": -19.142997401167936, "params": {"colsample_bytree": 0.6403314510080612, "eta": 0.01180917684029993, "gamma": 502.9366247690554, "max_depth": 4.0, "min_child_weight": 4466.978925997056, "num_boost_round": 7.0, "subsample": 0.5015078877204708}, "datetime": {"datetime": "2024-01-20 15:32:40", "elapsed": 4128.469029, "delta": 0.003966}}
{"target": -19.142960949536942, "params": {"colsample_bytree": 0.6403314510080612, "eta": 0.01180917684029993, "gamma": 502.9366247690554, "max_depth": 4.0, "min_child_weight": 4466.978925997056, "num_boost_round": 8.0, "subsample": 0.5015078877204708}, "datetime": {"datetime": "2024-01-20 15:32:40", "elapsed": 4128.472842, "delta": 0.003813}}
{"target": -19.14291572898099, "params": {"colsample_bytree": 0.6403314510080612, "eta": 0.01180917684029993, "gamma": 502.9366247690554, "max_depth": 4.0, "min_child_weight": 4466.978925997056, "num_boost_round": 9.0, "subsample": 0.5015078877204708}, "datetime": {"datetime": "2024-01-20 15:32:40", "elapsed": 4128.476617, "delta": 0.003775}}
{"target": -19.14290976830388, "params": {"colsample_bytree": 0.6403314510080612, "eta": 0.01180917684029993, "gamma": 502.9366247690554, "max_depth": 4.0, "min_child_weight": 4466.978925997056, "num_boost_round": 10.0, "subsample": 0.5015078877204708}, "datetime": {"datetime": "2024-01-20 15:32:40", "elapsed": 4128.480369, "delta": 0.003752}}
{"target": -19.142901384213125, "params": {"colsample_bytree": 0.6403314510080612, "eta": 0.01180917684029993, "gamma": 502.9366247690554, "max_depth": 4.0, "min_child_weight": 4466.978925997056, "num_boost_round": 11.0, "subsample": 0.5015078877204708}, "datetime": {"datetime": "2024-01-20 15:32:40", "elapsed": 4128.484099, "delta": 0.00373}}
{"target": -19.14289156947513, "params": {"colsample_bytree": 0.6403314510080612, "eta": 0.01180917684029993, "gamma": 502.9366247690554, "max_depth": 4.0, "min_child_weight": 4466.978925997056, "num_boost_round": 12.0, "subsample": 0.5015078877204708}, "datetime": {"datetime": "2024-01-20 15:32:40", "elapsed": 4128.487895, "delta": 0.003796}}
{"target": -19.142969854616513, "params": {"colsample_bytree": 0.6403314510080612, "eta": 0.01180917684029993, "gamma": 502.9366247690554, "max_depth": 4.0, "min_child_weight": 4466.978925997056, "num_boost_round": 13.0, "subsample": 0.5015078877204708}, "datetime": {"datetime": "2024-01-20 15:32:40", "elapsed": 4128.491624, "delta": 0.003729}}
{"target": -19.143036299336174, "params": {"colsample_bytree": 0.6403314510080612, "eta": 0.01180917684029993, "gamma": 502.9366247690554, "max_depth": 4.0, "min_child_weight": 4466.978925997056, "num_boost_round": 14.0, "subsample": 0.5015078877204708}, "datetime": {"datetime": "2024-01-20 15:32:40", "elapsed": 4128.495363, "delta": 0.003739}}
{"target": -19.143101300536784, "params": {"colsample_bytree": 0.6403314510080612, "eta": 0.01180917684029993, "gamma": 502.9366247690554, "max_depth": 4.0, "min_child_weight": 4466.978925997056, "num_boost_round": 15.0, "subsample": 0.5015078877204708}, "datetime": {"datetime": "2024-01-20 15:32:40", "elapsed": 4128.499054, "delta": 0.003691}}
{"target": -19.143072421465362, "params": {"colsample_bytree": 0.6403314510080612, "eta": 0.01180917684029993, "gamma": 502.9366247690554, "max_depth": 4.0, "min_child_weight": 4466.978925997056, "num_boost_round": 16.0, "subsample": 0.5015078877204708}, "datetime": {"datetime": "2024-01-20 15:32:40", "elapsed": 4128.502799, "delta": 0.003745}}
{"target": -19.14308077161591, "params": {"colsample_bytree": 0.6403314510080612, "eta": 0.01180917684029993, "gamma": 502.9366247690554, "max_depth": 4.0, "min_child_weight": 4466.978925997056, "num_boost_round": 17.0, "subsample": 0.5015078877204708}, "datetime": {"datetime": "2024-01-20 15:32:40", "elapsed": 4128.506537, "delta": 0.003738}}
{"target": -19.14313417937841, "params": {"colsample_bytree": 0.6403314510080612, "eta": 0.01180917684029993, "gamma": 502.9366247690554, "max_depth": 4.0, "min_child_weight": 4466.978925997056, "num_boost_round": 18.0, "subsample": 0.5015078877204708}, "datetime": {"datetime": "2024-01-20 15:32:40", "elapsed": 4128.510214, "delta": 0.003677}}
{"target": -19.143143241392462, "params": {"colsample_bytree": 0.6403314510080612, "eta": 0.01180917684029993, "gamma": 502.9366247690554, "max_depth": 4.0, "min_child_weight": 4466.978925997056, "num_boost_round": 19.0, "subsample": 0.5015078877204708}, "datetime": {"datetime": "2024-01-20 15:32:40", "elapsed": 4128.513934, "delta": 0.00372}}
{"target": -19.14318675199519, "params": {"colsample_bytree": 0.6403314510080612, "eta": 0.01180917684029993, "gamma": 502.9366247690554, "max_depth": 4.0, "min_child_weight": 4466.978925997056, "num_boost_round": 20.0, "subsample": 0.5015078877204708}, "datetime": {"datetime": "2024-01-20 15:32:40", "elapsed": 4128.517687, "delta": 0.003753}}
{"target": -19.14324221148452, "params": {"colsample_bytree": 0.6403314510080612, "eta": 0.01180917684029993, "gamma": 502.9366247690554, "max_depth": 4.0, "min_child_weight": 4466.978925997056, "num_boost_round": 21.0, "subsample": 0.5015078877204708}, "datetime": {"datetime": "2024-01-20 15:32:40", "elapsed": 4128.521411, "delta": 0.003724}}
{"target": -19.14335317293147, "params": {"colsample_bytree": 0.6403314510080612, "eta": 0.01180917684029993, "gamma": 502.9366247690554, "max_depth": 4.0, "min_child_weight": 4466.978925997056, "num_boost_round": 22.0, "subsample": 0.5015078877204708}, "datetime": {"datetime": "2024-01-20 15:32:40", "elapsed": 4128.525197, "delta": 0.003786}}
{"target": -19.14336159339198, "params": {"colsample_bytree": 0.6403314510080612, "eta": 0.01180917684029993, "gamma": 502.9366247690554, "max_depth": 4.0, "min_child_weight": 4466.978925997056, "num_boost_round": 23.0, "subsample": 0.5015078877204708}, "datetime": {"datetime": "2024-01-20 15:32:40", "elapsed": 4128.52894, "delta": 0.003743}}
{"target": -19.143361093482607, "params": {"colsample_bytree": 0.6403314510080612, "eta": 0.01180917684029993, "gamma": 502.9366247690554, "max_depth": 4.0, "min_child_weight": 4466.978925997056, "num_boost_round": 24.0, "subsample": 0.5015078877204708}, "datetime": {"datetime": "2024-01-20 15:32:40", "elapsed": 4128.532611, "delta": 0.003671}}
{"target": -19.14352745412782, "params": {"colsample_bytree": 0.6403314510080612, "eta": 0.01180917684029993, "gamma": 502.9366247690554, "max_depth": 4.0, "min_child_weight": 4466.978925997056, "num_boost_round": 25.0, "subsample": 0.5015078877204708}, "datetime": {"datetime": "2024-01-20 15:32:40", "elapsed": 4128.536398, "delta": 0.003787}}
