{"target": -12.351225661296507, "params": {"colsample_bytree": 0.2801827588623992, "eta": 0.020577664639661496, "gamma": 570.859082242945, "max_depth": 5.0, "min_child_weight": 4215.596789032237, "num_boost_round": 27.0, "subsample": 0.548440759542111}, "datetime": {"datetime": "2024-01-20 16:01:18", "elapsed": 5844.771449, "delta": 0.006268}}
{"target": -12.35118727253893, "params": {"colsample_bytree": 0.2801827588623992, "eta": 0.020577664639661496, "gamma": 570.859082242945, "max_depth": 5.0, "min_child_weight": 4215.596789032237, "num_boost_round": 28.0, "subsample": 0.548440759542111}, "datetime": {"datetime": "2024-01-20 16:01:18", "elapsed": 5844.77751, "delta": 0.006061}}
{"target": -12.351116963877509, "params": {"colsample_bytree": 0.2801827588623992, "eta": 0.020577664639661496, "gamma": 570.859082242945, "max_depth": 5.0, "min_child_weight": 4215.596789032237, "num_boost_round": 29.0, "subsample": 0.548440759542111}, "datetime": {"datetime": "2024-01-20 16:01:18", "elapsed": 5844.783417, "delta": 0.005907}}
{"target": -12.350707520979551, "params": {"colsample_bytree": 0.2801827588623992, "eta": 0.020577664639661496, "gamma": 570.859082242945, "max_depth": 5.0, "min_child_weight": 4215.596789032237, "num_boost_round": 30.0, "subsample": 0.548440759542111}, "datetime": {"datetime": "2024-01-20 16:01:18", "elapsed": 5844.789383, "delta": 0.005966}}
{"target": -12.349961663126464, "params": {"colsample_bytree": 0.2801827588623992, "eta": 0.020577664639661496, "gamma": 570.859082242945, "max_depth": 5.0, "min_child_weight": 4215.596789032237, "num_boost_round": 31.0, "subsample": 0.548440759542111}, "datetime": {"datetime": "2024-01-20 16:01:18", "elapsed": 5844.795502, "delta": 0.006119}}
{"target": -12.34998407187507, "params": {"colsample_bytree": 0.2801827588623992, "eta": 0.020577664639661496, "gamma": 570.859082242945, "max_depth": 5.0, "min_child_weight": 4215.596789032237, "num_boost_round": 32.0, "subsample": 0.548440759542111}, "datetime": {"datetime": "2024-01-20 16:01:18", "elapsed": 5844.80196, "delta": 0.006458}}
{"target": -12.350087507699044, "params": {"colsample_bytree": 0.2801827588623992, "eta": 0.020577664639661496, "gamma": 570.859082242945, "max_depth": 5.0, "min_child_weight": 4215.596789032237, "num_boost_round": 33.0, "subsample": 0.548440759542111}, "datetime": {"datetime": "2024-01-20 16:01:18", "elapsed": 5844.808117, "delta": 0.006157}}
{"target": -12.350132787014886, "params": {"colsample_bytree": 0.2801827588623992, "eta": 0.020577664639661496, "gamma": 570.859082242945, "max_depth": 5.0, "min_child_weight": 4215.596789032237, "num_boost_round": 34.0, "subsample": 0.548440759542111}, "datetime": {"datetime": "2024-01-20 16:01:18", "elapsed": 5844.814128, "delta": 0.006011}}
{"target": -12.350279896230138, "params": {"colsample_bytree": 0.2801827588623992, "eta": 0.020577664639661496, "gamma": 570.859082242945, "max_depth": 5.0, "min_child_weight": 4215.596789032237, "num_boost_round": 35.0, "subsample": 0.548440759542111}, "datetime": {"datetime": "2024-01-20 16:01:18", "elapsed": 5844.820062, "delta": 0.005934}}
{"target": -12.350265739677758, "params": {"colsample_bytree": 0.2801827588623992, "eta": 0.020577664639661496, "gamma": 570.859082242945, "max_depth": 5.0, "min_child_weight": 4215.596789032237, "num_boost_round": 36.0, "subsample": 0.548440759542111}, "datetime": {"datetime": "2024-01-20 16:01:18", "elapsed": 5844.825946, "delta": 0.005884}}
{"target": -12.35037610799796, "params": {"colsample_bytree": 0.2801827588623992, "eta": 0.020577664639661496, "gamma": 570.859082242945, "max_depth": 5.0, "min_child_weight": 4215.596789032237, "num_boost_round": 37.0, "subsample": 0.548440759542111}, "datetime": {"datetime": "2024-01-20 16:01:18", "elapsed": 5844.832011, "delta": 0.006065}}
{"target": -12.35015571332256, "params": {"colsample_bytree": 0.2801827588623992, "eta": 0.020577664639661496, "gamma": 570.859082242945, "max_depth": 5.0, "min_child_weight": 4215.596789032237, "num_boost_round": 38.0, "subsample": 0.548440759542111}, "datetime": {"datetime": "2024-01-20 16:01:18", "elapsed": 5844.838008, "delta": 0.005997}}
{"target": -12.350199760180436, "params": {"colsample_bytree": 0.2801827588623992, "eta": 0.020577664639661496, "gamma": 570.859082242945, "max_depth": 5.0, "min_child_weight": 4215.596789032237, "num_boost_round": 39.0, "subsample": 0.548440759542111}, "datetime": {"datetime": "2024-01-20 16:01:18", "elapsed": 5844.843951, "delta": 0.005943}}
{"target": -12.350118067182596, "params": {"colsample_bytree": 0.2801827588623992, "eta": 0.020577664639661496, "gamma": 570.859082242945, "max_depth": 5.0, "min_child_weight": 4215.596789032237, "num_boost_round": 40.0, "subsample": 0.548440759542111}, "datetime": {"datetime": "2024-01-20 16:01:18", "elapsed": 5844.850673, "delta": 0.006722}}
{"target": -12.349589209630611, "params": {"colsample_bytree": 0.2801827588623992, "eta": 0.020577664639661496, "gamma": 570.859082242945, "max_depth": 5.0, "min_child_weight": 4215.596789032237, "num_boost_round": 41.0, "subsample": 0.548440759542111}, "datetime": {"datetime": "2024-01-20 16:01:18", "elapsed": 5844.860571, "delta": 0.009898}}
{"target": -12.348866003659378, "params": {"colsample_bytree": 0.2801827588623992, "eta": 0.020577664639661496, "gamma": 570.859082242945, "max_depth": 5.0, "min_child_weight": 4215.596789032237, "num_boost_round": 42.0, "subsample": 0.548440759542111}, "datetime": {"datetime": "2024-01-20 16:01:18", "elapsed": 5844.870408, "delta": 0.009837}}
{"target": -12.348922221042915, "params": {"colsample_bytree": 0.2801827588623992, "eta": 0.020577664639661496, "gamma": 570.859082242945, "max_depth": 5.0, "min_child_weight": 4215.596789032237, "num_boost_round": 43.0, "subsample": 0.548440759542111}, "datetime": {"datetime": "2024-01-20 16:01:18", "elapsed": 5844.879285, "delta": 0.008877}}
{"target": -12.349006383835025, "params": {"colsample_bytree": 0.2801827588623992, "eta": 0.020577664639661496, "gamma": 570.859082242945, "max_depth": 5.0, "min_child_weight": 4215.596789032237, "num_boost_round": 44.0, "subsample": 0.548440759542111}, "datetime": {"datetime": "2024-01-20 16:01:18", "elapsed": 5844.886496, "delta": 0.007211}}
{"target": -12.349028678383602, "params": {"colsample_bytree": 0.2801827588623992, "eta": 0.020577664639661496, "gamma": 570.859082242945, "max_depth": 5.0, "min_child_weight": 4215.596789032237, "num_boost_round": 45.0, "subsample": 0.548440759542111}, "datetime": {"datetime": "2024-01-20 16:01:18", "elapsed": 5844.893145, "delta": 0.006649}}
{"target": -12.349197863829097, "params": {"colsample_bytree": 0.2801827588623992, "eta": 0.020577664639661496, "gamma": 570.859082242945, "max_depth": 5.0, "min_child_weight": 4215.596789032237, "num_boost_round": 46.0, "subsample": 0.548440759542111}, "datetime": {"datetime": "2024-01-20 16:01:18", "elapsed": 5844.899636, "delta": 0.006491}}
{"target": -12.349181245522876, "params": {"colsample_bytree": 0.2801827588623992, "eta": 0.020577664639661496, "gamma": 570.859082242945, "max_depth": 5.0, "min_child_weight": 4215.596789032237, "num_boost_round": 47.0, "subsample": 0.548440759542111}, "datetime": {"datetime": "2024-01-20 16:01:18", "elapsed": 5844.906155, "delta": 0.006519}}
{"target": -12.349399324835609, "params": {"colsample_bytree": 0.2801827588623992, "eta": 0.020577664639661496, "gamma": 570.859082242945, "max_depth": 5.0, "min_child_weight": 4215.596789032237, "num_boost_round": 48.0, "subsample": 0.548440759542111}, "datetime": {"datetime": "2024-01-20 16:01:18", "elapsed": 5844.912613, "delta": 0.006458}}
{"target": -12.349477904353373, "params": {"colsample_bytree": 0.2801827588623992, "eta": 0.020577664639661496, "gamma": 570.859082242945, "max_depth": 5.0, "min_child_weight": 4215.596789032237, "num_boost_round": 49.0, "subsample": 0.548440759542111}, "datetime": {"datetime": "2024-01-20 16:01:18", "elapsed": 5844.919118, "delta": 0.006505}}
{"target": -12.349487169088354, "params": {"colsample_bytree": 0.2801827588623992, "eta": 0.020577664639661496, "gamma": 570.859082242945, "max_depth": 5.0, "min_child_weight": 4215.596789032237, "num_boost_round": 50.0, "subsample": 0.548440759542111}, "datetime": {"datetime": "2024-01-20 16:01:18", "elapsed": 5844.925441, "delta": 0.006323}}
{"target": -12.349438844429127, "params": {"colsample_bytree": 0.2801827588623992, "eta": 0.020577664639661496, "gamma": 570.859082242945, "max_depth": 5.0, "min_child_weight": 4215.596789032237, "num_boost_round": 51.0, "subsample": 0.548440759542111}, "datetime": {"datetime": "2024-01-20 16:01:18", "elapsed": 5844.931747, "delta": 0.006306}}
{"target": -12.349479391619802, "params": {"colsample_bytree": 0.2801827588623992, "eta": 0.020577664639661496, "gamma": 570.859082242945, "max_depth": 5.0, "min_child_weight": 4215.596789032237, "num_boost_round": 52.0, "subsample": 0.548440759542111}, "datetime": {"datetime": "2024-01-20 16:01:18", "elapsed": 5844.938109, "delta": 0.006362}}
{"target": -12.349169639888732, "params": {"colsample_bytree": 0.2801827588623992, "eta": 0.020577664639661496, "gamma": 570.859082242945, "max_depth": 5.0, "min_child_weight": 4215.596789032237, "num_boost_round": 53.0, "subsample": 0.548440759542111}, "datetime": {"datetime": "2024-01-20 16:01:18", "elapsed": 5844.944434, "delta": 0.006325}}
{"target": -12.348422348048343, "params": {"colsample_bytree": 0.2801827588623992, "eta": 0.020577664639661496, "gamma": 570.859082242945, "max_depth": 5.0, "min_child_weight": 4215.596789032237, "num_boost_round": 54.0, "subsample": 0.548440759542111}, "datetime": {"datetime": "2024-01-20 16:01:18", "elapsed": 5844.951446, "delta": 0.007012}}
{"target": -12.348428562815648, "params": {"colsample_bytree": 0.2801827588623992, "eta": 0.020577664639661496, "gamma": 570.859082242945, "max_depth": 5.0, "min_child_weight": 4215.596789032237, "num_boost_round": 55.0, "subsample": 0.548440759542111}, "datetime": {"datetime": "2024-01-20 16:01:18", "elapsed": 5844.958132, "delta": 0.006686}}
{"target": -12.34812527284499, "params": {"colsample_bytree": 0.2801827588623992, "eta": 0.020577664639661496, "gamma": 570.859082242945, "max_depth": 5.0, "min_child_weight": 4215.596789032237, "num_boost_round": 56.0, "subsample": 0.548440759542111}, "datetime": {"datetime": "2024-01-20 16:01:18", "elapsed": 5844.964558, "delta": 0.006426}}
{"target": -12.34815879423109, "params": {"colsample_bytree": 0.2801827588623992, "eta": 0.020577664639661496, "gamma": 570.859082242945, "max_depth": 5.0, "min_child_weight": 4215.596789032237, "num_boost_round": 57.0, "subsample": 0.548440759542111}, "datetime": {"datetime": "2024-01-20 16:01:18", "elapsed": 5844.970804, "delta": 0.006246}}
{"target": -12.348257418669768, "params": {"colsample_bytree": 0.2801827588623992, "eta": 0.020577664639661496, "gamma": 570.859082242945, "max_depth": 5.0, "min_child_weight": 4215.596789032237, "num_boost_round": 58.0, "subsample": 0.548440759542111}, "datetime": {"datetime": "2024-01-20 16:01:18", "elapsed": 5844.977035, "delta": 0.006231}}
{"target": -12.347873797244832, "params": {"colsample_bytree": 0.2801827588623992, "eta": 0.020577664639661496, "gamma": 570.859082242945, "max_depth": 5.0, "min_child_weight": 4215.596789032237, "num_boost_round": 59.0, "subsample": 0.548440759542111}, "datetime": {"datetime": "2024-01-20 16:01:18", "elapsed": 5844.985912, "delta": 0.008877}}
{"target": -12.347983863061645, "params": {"colsample_bytree": 0.2801827588623992, "eta": 0.020577664639661496, "gamma": 570.859082242945, "max_depth": 5.0, "min_child_weight": 4215.596789032237, "num_boost_round": 60.0, "subsample": 0.548440759542111}, "datetime": {"datetime": "2024-01-20 16:01:18", "elapsed": 5844.995718, "delta": 0.009806}}
{"target": -12.347984289818102, "params": {"colsample_bytree": 0.2801827588623992, "eta": 0.020577664639661496, "gamma": 570.859082242945, "max_depth": 5.0, "min_child_weight": 4215.596789032237, "num_boost_round": 61.0, "subsample": 0.548440759542111}, "datetime": {"datetime": "2024-01-20 16:01:18", "elapsed": 5845.003508, "delta": 0.00779}}
{"target": -12.347992946865011, "params": {"colsample_bytree": 0.2801827588623992, "eta": 0.020577664639661496, "gamma": 570.859082242945, "max_depth": 5.0, "min_child_weight": 4215.596789032237, "num_boost_round": 62.0, "subsample": 0.548440759542111}, "datetime": {"datetime": "2024-01-20 16:01:18", "elapsed": 5845.009731, "delta": 0.006223}}
{"target": -12.347978054903956, "params": {"colsample_bytree": 0.2801827588623992, "eta": 0.020577664639661496, "gamma": 570.859082242945, "max_depth": 5.0, "min_child_weight": 4215.596789032237, "num_boost_round": 63.0, "subsample": 0.548440759542111}, "datetime": {"datetime": "2024-01-20 16:01:18", "elapsed": 5845.015589, "delta": 0.005858}}
{"target": -12.348110512664423, "params": {"colsample_bytree": 0.2801827588623992, "eta": 0.020577664639661496, "gamma": 570.859082242945, "max_depth": 5.0, "min_child_weight": 4215.596789032237, "num_boost_round": 64.0, "subsample": 0.548440759542111}, "datetime": {"datetime": "2024-01-20 16:01:18", "elapsed": 5845.021379, "delta": 0.00579}}
{"target": -12.347993027522818, "params": {"colsample_bytree": 0.2801827588623992, "eta": 0.020577664639661496, "gamma": 570.859082242945, "max_depth": 5.0, "min_child_weight": 4215.596789032237, "num_boost_round": 65.0, "subsample": 0.548440759542111}, "datetime": {"datetime": "2024-01-20 16:01:18", "elapsed": 5845.027176, "delta": 0.005797}}
{"target": -12.347993389209137, "params": {"colsample_bytree": 0.2801827588623992, "eta": 0.020577664639661496, "gamma": 570.859082242945, "max_depth": 5.0, "min_child_weight": 4215.596789032237, "num_boost_round": 66.0, "subsample": 0.548440759542111}, "datetime": {"datetime": "2024-01-20 16:01:18", "elapsed": 5845.033559, "delta": 0.006383}}
{"target": -12.34800107705163, "params": {"colsample_bytree": 0.2801827588623992, "eta": 0.020577664639661496, "gamma": 570.859082242945, "max_depth": 5.0, "min_child_weight": 4215.596789032237, "num_boost_round": 67.0, "subsample": 0.548440759542111}, "datetime": {"datetime": "2024-01-20 16:01:18", "elapsed": 5845.039493, "delta": 0.005934}}
{"target": -12.348016015670657, "params": {"colsample_bytree": 0.2801827588623992, "eta": 0.020577664639661496, "gamma": 570.859082242945, "max_depth": 5.0, "min_child_weight": 4215.596789032237, "num_boost_round": 68.0, "subsample": 0.548440759542111}, "datetime": {"datetime": "2024-01-20 16:01:18", "elapsed": 5845.045339, "delta": 0.005846}}
{"target": -12.348083938914298, "params": {"colsample_bytree": 0.2801827588623992, "eta": 0.020577664639661496, "gamma": 570.859082242945, "max_depth": 5.0, "min_child_weight": 4215.596789032237, "num_boost_round": 69.0, "subsample": 0.548440759542111}, "datetime": {"datetime": "2024-01-20 16:01:18", "elapsed": 5845.05111, "delta": 0.005771}}
{"target": -12.348257278408171, "params": {"colsample_bytree": 0.2801827588623992, "eta": 0.020577664639661496, "gamma": 570.859082242945, "max_depth": 5.0, "min_child_weight": 4215.596789032237, "num_boost_round": 70.0, "subsample": 0.548440759542111}, "datetime": {"datetime": "2024-01-20 16:01:18", "elapsed": 5845.056964, "delta": 0.005854}}
{"target": -12.34828630899047, "params": {"colsample_bytree": 0.2801827588623992, "eta": 0.020577664639661496, "gamma": 570.859082242945, "max_depth": 5.0, "min_child_weight": 4215.596789032237, "num_boost_round": 71.0, "subsample": 0.548440759542111}, "datetime": {"datetime": "2024-01-20 16:01:18", "elapsed": 5845.062681, "delta": 0.005717}}
{"target": -12.348252219354112, "params": {"colsample_bytree": 0.2801827588623992, "eta": 0.020577664639661496, "gamma": 570.859082242945, "max_depth": 5.0, "min_child_weight": 4215.596789032237, "num_boost_round": 72.0, "subsample": 0.548440759542111}, "datetime": {"datetime": "2024-01-20 16:01:18", "elapsed": 5845.068533, "delta": 0.005852}}
{"target": -12.348238819968092, "params": {"colsample_bytree": 0.2801827588623992, "eta": 0.020577664639661496, "gamma": 570.859082242945, "max_depth": 5.0, "min_child_weight": 4215.596789032237, "num_boost_round": 73.0, "subsample": 0.548440759542111}, "datetime": {"datetime": "2024-01-20 16:01:18", "elapsed": 5845.07431, "delta": 0.005777}}
{"target": -12.347644911280055, "params": {"colsample_bytree": 0.2801827588623992, "eta": 0.020577664639661496, "gamma": 570.859082242945, "max_depth": 5.0, "min_child_weight": 4215.596789032237, "num_boost_round": 74.0, "subsample": 0.548440759542111}, "datetime": {"datetime": "2024-01-20 16:01:18", "elapsed": 5845.080068, "delta": 0.005758}}
{"target": -12.347132675506211, "params": {"colsample_bytree": 0.2801827588623992, "eta": 0.020577664639661496, "gamma": 570.859082242945, "max_depth": 5.0, "min_child_weight": 4215.596789032237, "num_boost_round": 75.0, "subsample": 0.548440759542111}, "datetime": {"datetime": "2024-01-20 16:01:18", "elapsed": 5845.085799, "delta": 0.005731}}
{"target": -12.346852137659116, "params": {"colsample_bytree": 0.2801827588623992, "eta": 0.020577664639661496, "gamma": 570.859082242945, "max_depth": 5.0, "min_child_weight": 4215.596789032237, "num_boost_round": 76.0, "subsample": 0.548440759542111}, "datetime": {"datetime": "2024-01-20 16:01:18", "elapsed": 5845.091605, "delta": 0.005806}}
{"target": -12.346952036563238, "params": {"colsample_bytree": 0.2801827588623992, "eta": 0.020577664639661496, "gamma": 570.859082242945, "max_depth": 5.0, "min_child_weight": 4215.596789032237, "num_boost_round": 77.0, "subsample": 0.548440759542111}, "datetime": {"datetime": "2024-01-20 16:01:18", "elapsed": 5845.09742, "delta": 0.005815}}
{"target": -12.346974831317967, "params": {"colsample_bytree": 0.2801827588623992, "eta": 0.020577664639661496, "gamma": 570.859082242945, "max_depth": 5.0, "min_child_weight": 4215.596789032237, "num_boost_round": 78.0, "subsample": 0.548440759542111}, "datetime": {"datetime": "2024-01-20 16:01:18", "elapsed": 5845.103198, "delta": 0.005778}}
{"target": -12.346752216884234, "params": {"colsample_bytree": 0.2801827588623992, "eta": 0.020577664639661496, "gamma": 570.859082242945, "max_depth": 5.0, "min_child_weight": 4215.596789032237, "num_boost_round": 79.0, "subsample": 0.548440759542111}, "datetime": {"datetime": "2024-01-20 16:01:18", "elapsed": 5845.10893, "delta": 0.005732}}
{"target": -12.346923046455256, "params": {"colsample_bytree": 0.2801827588623992, "eta": 0.020577664639661496, "gamma": 570.859082242945, "max_depth": 5.0, "min_child_weight": 4215.596789032237, "num_boost_round": 80.0, "subsample": 0.548440759542111}, "datetime": {"datetime": "2024-01-20 16:01:18", "elapsed": 5845.114689, "delta": 0.005759}}
{"target": -12.346931976353273, "params": {"colsample_bytree": 0.2801827588623992, "eta": 0.020577664639661496, "gamma": 570.859082242945, "max_depth": 5.0, "min_child_weight": 4215.596789032237, "num_boost_round": 81.0, "subsample": 0.548440759542111}, "datetime": {"datetime": "2024-01-20 16:01:18", "elapsed": 5845.120457, "delta": 0.005768}}
{"target": -12.346653911947062, "params": {"colsample_bytree": 0.2801827588623992, "eta": 0.020577664639661496, "gamma": 570.859082242945, "max_depth": 5.0, "min_child_weight": 4215.596789032237, "num_boost_round": 82.0, "subsample": 0.548440759542111}, "datetime": {"datetime": "2024-01-20 16:01:18", "elapsed": 5845.12626, "delta": 0.005803}}
{"target": -12.346446440002845, "params": {"colsample_bytree": 0.2801827588623992, "eta": 0.020577664639661496, "gamma": 570.859082242945, "max_depth": 5.0, "min_child_weight": 4215.596789032237, "num_boost_round": 83.0, "subsample": 0.548440759542111}, "datetime": {"datetime": "2024-01-20 16:01:18", "elapsed": 5845.132797, "delta": 0.006537}}
{"target": -12.34644613430461, "params": {"colsample_bytree": 0.2801827588623992, "eta": 0.020577664639661496, "gamma": 570.859082242945, "max_depth": 5.0, "min_child_weight": 4215.596789032237, "num_boost_round": 84.0, "subsample": 0.548440759542111}, "datetime": {"datetime": "2024-01-20 16:01:18", "elapsed": 5845.138708, "delta": 0.005911}}
{"target": -12.346145766086241, "params": {"colsample_bytree": 0.2801827588623992, "eta": 0.020577664639661496, "gamma": 570.859082242945, "max_depth": 5.0, "min_child_weight": 4215.596789032237, "num_boost_round": 85.0, "subsample": 0.548440759542111}, "datetime": {"datetime": "2024-01-20 16:01:18", "elapsed": 5845.144431, "delta": 0.005723}}
{"target": -12.357943591475301, "params": {"colsample_bytree": 0.7379510431040827, "eta": 0.022309032034937476, "gamma": 700.374995339363, "max_depth": 4.0, "min_child_weight": 4272.903650031672, "num_boost_round": 1.0, "subsample": 0.8826480224189491}, "datetime": {"datetime": "2024-01-20 16:03:16", "elapsed": 5962.734147, "delta": 117.589716}}
{"target": -12.356709301482557, "params": {"colsample_bytree": 0.7379510431040827, "eta": 0.022309032034937476, "gamma": 700.374995339363, "max_depth": 4.0, "min_child_weight": 4272.903650031672, "num_boost_round": 2.0, "subsample": 0.8826480224189491}, "datetime": {"datetime": "2024-01-20 16:03:16", "elapsed": 5962.740787, "delta": 0.00664}}
{"target": -12.355491558536192, "params": {"colsample_bytree": 0.7379510431040827, "eta": 0.022309032034937476, "gamma": 700.374995339363, "max_depth": 4.0, "min_child_weight": 4272.903650031672, "num_boost_round": 3.0, "subsample": 0.8826480224189491}, "datetime": {"datetime": "2024-01-20 16:03:16", "elapsed": 5962.746519, "delta": 0.005732}}
{"target": -12.355064393269409, "params": {"colsample_bytree": 0.7379510431040827, "eta": 0.022309032034937476, "gamma": 700.374995339363, "max_depth": 4.0, "min_child_weight": 4272.903650031672, "num_boost_round": 4.0, "subsample": 0.8826480224189491}, "datetime": {"datetime": "2024-01-20 16:03:16", "elapsed": 5962.752204, "delta": 0.005685}}
