{"target": -13.49937604354903, "params": {"colsample_bytree": 0.843285493118189, "eta": 0.08114184673628232, "gamma": 258.5826309838184, "max_depth": 6.0, "min_child_weight": 3851.5072087746853, "num_boost_round": 10.0, "subsample": 0.6560214479908019}, "datetime": {"datetime": "2024-01-20 16:36:50", "elapsed": 7963.796603, "delta": 0.007586}}
{"target": -13.499666200271804, "params": {"colsample_bytree": 0.843285493118189, "eta": 0.08114184673628232, "gamma": 258.5826309838184, "max_depth": 6.0, "min_child_weight": 3851.5072087746853, "num_boost_round": 11.0, "subsample": 0.6560214479908019}, "datetime": {"datetime": "2024-01-20 16:36:50", "elapsed": 7963.803186, "delta": 0.006583}}
{"target": -13.500475606223866, "params": {"colsample_bytree": 0.843285493118189, "eta": 0.08114184673628232, "gamma": 258.5826309838184, "max_depth": 6.0, "min_child_weight": 3851.5072087746853, "num_boost_round": 12.0, "subsample": 0.6560214479908019}, "datetime": {"datetime": "2024-01-20 16:36:50", "elapsed": 7963.809911, "delta": 0.006725}}
{"target": -13.500900470643689, "params": {"colsample_bytree": 0.843285493118189, "eta": 0.08114184673628232, "gamma": 258.5826309838184, "max_depth": 6.0, "min_child_weight": 3851.5072087746853, "num_boost_round": 13.0, "subsample": 0.6560214479908019}, "datetime": {"datetime": "2024-01-20 16:36:50", "elapsed": 7963.816887, "delta": 0.006976}}
{"target": -13.501084240898452, "params": {"colsample_bytree": 0.843285493118189, "eta": 0.08114184673628232, "gamma": 258.5826309838184, "max_depth": 6.0, "min_child_weight": 3851.5072087746853, "num_boost_round": 14.0, "subsample": 0.6560214479908019}, "datetime": {"datetime": "2024-01-20 16:36:50", "elapsed": 7963.823687, "delta": 0.0068}}
{"target": -13.50105866415005, "params": {"colsample_bytree": 0.843285493118189, "eta": 0.08114184673628232, "gamma": 258.5826309838184, "max_depth": 6.0, "min_child_weight": 3851.5072087746853, "num_boost_round": 15.0, "subsample": 0.6560214479908019}, "datetime": {"datetime": "2024-01-20 16:36:50", "elapsed": 7963.830305, "delta": 0.006618}}
{"target": -13.50152560860922, "params": {"colsample_bytree": 0.843285493118189, "eta": 0.08114184673628232, "gamma": 258.5826309838184, "max_depth": 6.0, "min_child_weight": 3851.5072087746853, "num_boost_round": 16.0, "subsample": 0.6560214479908019}, "datetime": {"datetime": "2024-01-20 16:36:50", "elapsed": 7963.837116, "delta": 0.006811}}
{"target": -13.501890145814738, "params": {"colsample_bytree": 0.843285493118189, "eta": 0.08114184673628232, "gamma": 258.5826309838184, "max_depth": 6.0, "min_child_weight": 3851.5072087746853, "num_boost_round": 17.0, "subsample": 0.6560214479908019}, "datetime": {"datetime": "2024-01-20 16:36:50", "elapsed": 7963.843715, "delta": 0.006599}}
{"target": -13.502081095746345, "params": {"colsample_bytree": 0.843285493118189, "eta": 0.08114184673628232, "gamma": 258.5826309838184, "max_depth": 6.0, "min_child_weight": 3851.5072087746853, "num_boost_round": 18.0, "subsample": 0.6560214479908019}, "datetime": {"datetime": "2024-01-20 16:36:50", "elapsed": 7963.850471, "delta": 0.006756}}
{"target": -13.502017182304105, "params": {"colsample_bytree": 0.843285493118189, "eta": 0.08114184673628232, "gamma": 258.5826309838184, "max_depth": 6.0, "min_child_weight": 3851.5072087746853, "num_boost_round": 19.0, "subsample": 0.6560214479908019}, "datetime": {"datetime": "2024-01-20 16:36:50", "elapsed": 7963.857626, "delta": 0.007155}}
{"target": -13.502313697835627, "params": {"colsample_bytree": 0.843285493118189, "eta": 0.08114184673628232, "gamma": 258.5826309838184, "max_depth": 6.0, "min_child_weight": 3851.5072087746853, "num_boost_round": 20.0, "subsample": 0.6560214479908019}, "datetime": {"datetime": "2024-01-20 16:36:50", "elapsed": 7963.864459, "delta": 0.006833}}
{"target": -13.502822942172378, "params": {"colsample_bytree": 0.843285493118189, "eta": 0.08114184673628232, "gamma": 258.5826309838184, "max_depth": 6.0, "min_child_weight": 3851.5072087746853, "num_boost_round": 21.0, "subsample": 0.6560214479908019}, "datetime": {"datetime": "2024-01-20 16:36:50", "elapsed": 7963.871154, "delta": 0.006695}}
{"target": -13.503177910182362, "params": {"colsample_bytree": 0.843285493118189, "eta": 0.08114184673628232, "gamma": 258.5826309838184, "max_depth": 6.0, "min_child_weight": 3851.5072087746853, "num_boost_round": 22.0, "subsample": 0.6560214479908019}, "datetime": {"datetime": "2024-01-20 16:36:50", "elapsed": 7963.877689, "delta": 0.006535}}
{"target": -13.50314307849032, "params": {"colsample_bytree": 0.843285493118189, "eta": 0.08114184673628232, "gamma": 258.5826309838184, "max_depth": 6.0, "min_child_weight": 3851.5072087746853, "num_boost_round": 23.0, "subsample": 0.6560214479908019}, "datetime": {"datetime": "2024-01-20 16:36:50", "elapsed": 7963.884165, "delta": 0.006476}}
{"target": -13.503452234773704, "params": {"colsample_bytree": 0.843285493118189, "eta": 0.08114184673628232, "gamma": 258.5826309838184, "max_depth": 6.0, "min_child_weight": 3851.5072087746853, "num_boost_round": 24.0, "subsample": 0.6560214479908019}, "datetime": {"datetime": "2024-01-20 16:36:50", "elapsed": 7963.891692, "delta": 0.007527}}
{"target": -13.503416624513621, "params": {"colsample_bytree": 0.843285493118189, "eta": 0.08114184673628232, "gamma": 258.5826309838184, "max_depth": 6.0, "min_child_weight": 3851.5072087746853, "num_boost_round": 25.0, "subsample": 0.6560214479908019}, "datetime": {"datetime": "2024-01-20 16:36:50", "elapsed": 7963.903507, "delta": 0.011815}}
{"target": -13.503641321510411, "params": {"colsample_bytree": 0.843285493118189, "eta": 0.08114184673628232, "gamma": 258.5826309838184, "max_depth": 6.0, "min_child_weight": 3851.5072087746853, "num_boost_round": 26.0, "subsample": 0.6560214479908019}, "datetime": {"datetime": "2024-01-20 16:36:50", "elapsed": 7963.911694, "delta": 0.008187}}
{"target": -13.503765115987118, "params": {"colsample_bytree": 0.843285493118189, "eta": 0.08114184673628232, "gamma": 258.5826309838184, "max_depth": 6.0, "min_child_weight": 3851.5072087746853, "num_boost_round": 27.0, "subsample": 0.6560214479908019}, "datetime": {"datetime": "2024-01-20 16:36:50", "elapsed": 7963.918962, "delta": 0.007268}}
{"target": -13.504080761620127, "params": {"colsample_bytree": 0.843285493118189, "eta": 0.08114184673628232, "gamma": 258.5826309838184, "max_depth": 6.0, "min_child_weight": 3851.5072087746853, "num_boost_round": 28.0, "subsample": 0.6560214479908019}, "datetime": {"datetime": "2024-01-20 16:36:50", "elapsed": 7963.925654, "delta": 0.006692}}
{"target": -13.504311526062164, "params": {"colsample_bytree": 0.843285493118189, "eta": 0.08114184673628232, "gamma": 258.5826309838184, "max_depth": 6.0, "min_child_weight": 3851.5072087746853, "num_boost_round": 29.0, "subsample": 0.6560214479908019}, "datetime": {"datetime": "2024-01-20 16:36:50", "elapsed": 7963.932168, "delta": 0.006514}}
{"target": -13.504537302637535, "params": {"colsample_bytree": 0.843285493118189, "eta": 0.08114184673628232, "gamma": 258.5826309838184, "max_depth": 6.0, "min_child_weight": 3851.5072087746853, "num_boost_round": 30.0, "subsample": 0.6560214479908019}, "datetime": {"datetime": "2024-01-20 16:36:50", "elapsed": 7963.938633, "delta": 0.006465}}
{"target": -13.504656569656781, "params": {"colsample_bytree": 0.843285493118189, "eta": 0.08114184673628232, "gamma": 258.5826309838184, "max_depth": 6.0, "min_child_weight": 3851.5072087746853, "num_boost_round": 31.0, "subsample": 0.6560214479908019}, "datetime": {"datetime": "2024-01-20 16:36:50", "elapsed": 7963.945694, "delta": 0.007061}}
{"target": -13.504552178650588, "params": {"colsample_bytree": 0.843285493118189, "eta": 0.08114184673628232, "gamma": 258.5826309838184, "max_depth": 6.0, "min_child_weight": 3851.5072087746853, "num_boost_round": 32.0, "subsample": 0.6560214479908019}, "datetime": {"datetime": "2024-01-20 16:36:50", "elapsed": 7963.9526, "delta": 0.006906}}
{"target": -13.504697150738952, "params": {"colsample_bytree": 0.843285493118189, "eta": 0.08114184673628232, "gamma": 258.5826309838184, "max_depth": 6.0, "min_child_weight": 3851.5072087746853, "num_boost_round": 33.0, "subsample": 0.6560214479908019}, "datetime": {"datetime": "2024-01-20 16:36:50", "elapsed": 7963.959305, "delta": 0.006705}}
{"target": -13.505030927370571, "params": {"colsample_bytree": 0.843285493118189, "eta": 0.08114184673628232, "gamma": 258.5826309838184, "max_depth": 6.0, "min_child_weight": 3851.5072087746853, "num_boost_round": 34.0, "subsample": 0.6560214479908019}, "datetime": {"datetime": "2024-01-20 16:36:50", "elapsed": 7963.965869, "delta": 0.006564}}
{"target": -13.50502679362943, "params": {"colsample_bytree": 0.843285493118189, "eta": 0.08114184673628232, "gamma": 258.5826309838184, "max_depth": 6.0, "min_child_weight": 3851.5072087746853, "num_boost_round": 35.0, "subsample": 0.6560214479908019}, "datetime": {"datetime": "2024-01-20 16:36:50", "elapsed": 7963.972394, "delta": 0.006525}}
{"target": -13.5053321316678, "params": {"colsample_bytree": 0.843285493118189, "eta": 0.08114184673628232, "gamma": 258.5826309838184, "max_depth": 6.0, "min_child_weight": 3851.5072087746853, "num_boost_round": 36.0, "subsample": 0.6560214479908019}, "datetime": {"datetime": "2024-01-20 16:36:50", "elapsed": 7963.978899, "delta": 0.006505}}
{"target": -13.505323668133231, "params": {"colsample_bytree": 0.843285493118189, "eta": 0.08114184673628232, "gamma": 258.5826309838184, "max_depth": 6.0, "min_child_weight": 3851.5072087746853, "num_boost_round": 37.0, "subsample": 0.6560214479908019}, "datetime": {"datetime": "2024-01-20 16:36:50", "elapsed": 7963.985952, "delta": 0.007053}}
{"target": -13.50544802780162, "params": {"colsample_bytree": 0.843285493118189, "eta": 0.08114184673628232, "gamma": 258.5826309838184, "max_depth": 6.0, "min_child_weight": 3851.5072087746853, "num_boost_round": 38.0, "subsample": 0.6560214479908019}, "datetime": {"datetime": "2024-01-20 16:36:50", "elapsed": 7963.992824, "delta": 0.006872}}
{"target": -13.505648294882434, "params": {"colsample_bytree": 0.843285493118189, "eta": 0.08114184673628232, "gamma": 258.5826309838184, "max_depth": 6.0, "min_child_weight": 3851.5072087746853, "num_boost_round": 39.0, "subsample": 0.6560214479908019}, "datetime": {"datetime": "2024-01-20 16:36:50", "elapsed": 7963.99952, "delta": 0.006696}}
{"target": -13.506025967609334, "params": {"colsample_bytree": 0.843285493118189, "eta": 0.08114184673628232, "gamma": 258.5826309838184, "max_depth": 6.0, "min_child_weight": 3851.5072087746853, "num_boost_round": 40.0, "subsample": 0.6560214479908019}, "datetime": {"datetime": "2024-01-20 16:36:50", "elapsed": 7964.006043, "delta": 0.006523}}
{"target": -13.506119702703318, "params": {"colsample_bytree": 0.843285493118189, "eta": 0.08114184673628232, "gamma": 258.5826309838184, "max_depth": 6.0, "min_child_weight": 3851.5072087746853, "num_boost_round": 41.0, "subsample": 0.6560214479908019}, "datetime": {"datetime": "2024-01-20 16:36:50", "elapsed": 7964.012565, "delta": 0.006522}}
{"target": -13.50639096242996, "params": {"colsample_bytree": 0.843285493118189, "eta": 0.08114184673628232, "gamma": 258.5826309838184, "max_depth": 6.0, "min_child_weight": 3851.5072087746853, "num_boost_round": 42.0, "subsample": 0.6560214479908019}, "datetime": {"datetime": "2024-01-20 16:36:50", "elapsed": 7964.019064, "delta": 0.006499}}
{"target": -13.506819636147911, "params": {"colsample_bytree": 0.843285493118189, "eta": 0.08114184673628232, "gamma": 258.5826309838184, "max_depth": 6.0, "min_child_weight": 3851.5072087746853, "num_boost_round": 43.0, "subsample": 0.6560214479908019}, "datetime": {"datetime": "2024-01-20 16:36:50", "elapsed": 7964.02671, "delta": 0.007646}}
{"target": -13.506983149457575, "params": {"colsample_bytree": 0.843285493118189, "eta": 0.08114184673628232, "gamma": 258.5826309838184, "max_depth": 6.0, "min_child_weight": 3851.5072087746853, "num_boost_round": 44.0, "subsample": 0.6560214479908019}, "datetime": {"datetime": "2024-01-20 16:36:50", "elapsed": 7964.033817, "delta": 0.007107}}
{"target": -13.507146643563921, "params": {"colsample_bytree": 0.843285493118189, "eta": 0.08114184673628232, "gamma": 258.5826309838184, "max_depth": 6.0, "min_child_weight": 3851.5072087746853, "num_boost_round": 45.0, "subsample": 0.6560214479908019}, "datetime": {"datetime": "2024-01-20 16:36:50", "elapsed": 7964.041578, "delta": 0.007761}}
{"target": -13.507261525555624, "params": {"colsample_bytree": 0.843285493118189, "eta": 0.08114184673628232, "gamma": 258.5826309838184, "max_depth": 6.0, "min_child_weight": 3851.5072087746853, "num_boost_round": 46.0, "subsample": 0.6560214479908019}, "datetime": {"datetime": "2024-01-20 16:36:50", "elapsed": 7964.048654, "delta": 0.007076}}
{"target": -13.507229168711492, "params": {"colsample_bytree": 0.843285493118189, "eta": 0.08114184673628232, "gamma": 258.5826309838184, "max_depth": 6.0, "min_child_weight": 3851.5072087746853, "num_boost_round": 47.0, "subsample": 0.6560214479908019}, "datetime": {"datetime": "2024-01-20 16:36:50", "elapsed": 7964.055305, "delta": 0.006651}}
{"target": -13.507488820295286, "params": {"colsample_bytree": 0.843285493118189, "eta": 0.08114184673628232, "gamma": 258.5826309838184, "max_depth": 6.0, "min_child_weight": 3851.5072087746853, "num_boost_round": 48.0, "subsample": 0.6560214479908019}, "datetime": {"datetime": "2024-01-20 16:36:50", "elapsed": 7964.062027, "delta": 0.006722}}
{"target": -13.507569608572675, "params": {"colsample_bytree": 0.843285493118189, "eta": 0.08114184673628232, "gamma": 258.5826309838184, "max_depth": 6.0, "min_child_weight": 3851.5072087746853, "num_boost_round": 49.0, "subsample": 0.6560214479908019}, "datetime": {"datetime": "2024-01-20 16:36:50", "elapsed": 7964.069369, "delta": 0.007342}}
{"target": -13.507772350900826, "params": {"colsample_bytree": 0.843285493118189, "eta": 0.08114184673628232, "gamma": 258.5826309838184, "max_depth": 6.0, "min_child_weight": 3851.5072087746853, "num_boost_round": 50.0, "subsample": 0.6560214479908019}, "datetime": {"datetime": "2024-01-20 16:36:50", "elapsed": 7964.396381, "delta": 0.327012}}
{"target": -13.50815426835553, "params": {"colsample_bytree": 0.843285493118189, "eta": 0.08114184673628232, "gamma": 258.5826309838184, "max_depth": 6.0, "min_child_weight": 3851.5072087746853, "num_boost_round": 51.0, "subsample": 0.6560214479908019}, "datetime": {"datetime": "2024-01-20 16:36:50", "elapsed": 7964.404744, "delta": 0.008363}}
{"target": -13.50822949570021, "params": {"colsample_bytree": 0.843285493118189, "eta": 0.08114184673628232, "gamma": 258.5826309838184, "max_depth": 6.0, "min_child_weight": 3851.5072087746853, "num_boost_round": 52.0, "subsample": 0.6560214479908019}, "datetime": {"datetime": "2024-01-20 16:36:50", "elapsed": 7964.411618, "delta": 0.006874}}
{"target": -13.50837374157765, "params": {"colsample_bytree": 0.843285493118189, "eta": 0.08114184673628232, "gamma": 258.5826309838184, "max_depth": 6.0, "min_child_weight": 3851.5072087746853, "num_boost_round": 53.0, "subsample": 0.6560214479908019}, "datetime": {"datetime": "2024-01-20 16:36:50", "elapsed": 7964.41837, "delta": 0.006752}}
{"target": -13.508686812988628, "params": {"colsample_bytree": 0.843285493118189, "eta": 0.08114184673628232, "gamma": 258.5826309838184, "max_depth": 6.0, "min_child_weight": 3851.5072087746853, "num_boost_round": 54.0, "subsample": 0.6560214479908019}, "datetime": {"datetime": "2024-01-20 16:36:50", "elapsed": 7964.425085, "delta": 0.006715}}
{"target": -13.508914016492355, "params": {"colsample_bytree": 0.843285493118189, "eta": 0.08114184673628232, "gamma": 258.5826309838184, "max_depth": 6.0, "min_child_weight": 3851.5072087746853, "num_boost_round": 55.0, "subsample": 0.6560214479908019}, "datetime": {"datetime": "2024-01-20 16:36:50", "elapsed": 7964.431776, "delta": 0.006691}}
{"target": -13.509071127310802, "params": {"colsample_bytree": 0.843285493118189, "eta": 0.08114184673628232, "gamma": 258.5826309838184, "max_depth": 6.0, "min_child_weight": 3851.5072087746853, "num_boost_round": 56.0, "subsample": 0.6560214479908019}, "datetime": {"datetime": "2024-01-20 16:36:50", "elapsed": 7964.438951, "delta": 0.007175}}
{"target": -13.509183595567693, "params": {"colsample_bytree": 0.843285493118189, "eta": 0.08114184673628232, "gamma": 258.5826309838184, "max_depth": 6.0, "min_child_weight": 3851.5072087746853, "num_boost_round": 57.0, "subsample": 0.6560214479908019}, "datetime": {"datetime": "2024-01-20 16:36:51", "elapsed": 7964.445928, "delta": 0.006977}}
{"target": -13.509174749924979, "params": {"colsample_bytree": 0.843285493118189, "eta": 0.08114184673628232, "gamma": 258.5826309838184, "max_depth": 6.0, "min_child_weight": 3851.5072087746853, "num_boost_round": 58.0, "subsample": 0.6560214479908019}, "datetime": {"datetime": "2024-01-20 16:36:51", "elapsed": 7964.452702, "delta": 0.006774}}
{"target": -13.509177111489057, "params": {"colsample_bytree": 0.843285493118189, "eta": 0.08114184673628232, "gamma": 258.5826309838184, "max_depth": 6.0, "min_child_weight": 3851.5072087746853, "num_boost_round": 59.0, "subsample": 0.6560214479908019}, "datetime": {"datetime": "2024-01-20 16:36:51", "elapsed": 7964.459438, "delta": 0.006736}}
{"target": -13.509304839851083, "params": {"colsample_bytree": 0.843285493118189, "eta": 0.08114184673628232, "gamma": 258.5826309838184, "max_depth": 6.0, "min_child_weight": 3851.5072087746853, "num_boost_round": 60.0, "subsample": 0.6560214479908019}, "datetime": {"datetime": "2024-01-20 16:36:51", "elapsed": 7964.466248, "delta": 0.00681}}
{"target": -13.509196315848943, "params": {"colsample_bytree": 0.843285493118189, "eta": 0.08114184673628232, "gamma": 258.5826309838184, "max_depth": 6.0, "min_child_weight": 3851.5072087746853, "num_boost_round": 61.0, "subsample": 0.6560214479908019}, "datetime": {"datetime": "2024-01-20 16:36:51", "elapsed": 7964.473029, "delta": 0.006781}}
{"target": -13.50945610645378, "params": {"colsample_bytree": 0.843285493118189, "eta": 0.08114184673628232, "gamma": 258.5826309838184, "max_depth": 6.0, "min_child_weight": 3851.5072087746853, "num_boost_round": 62.0, "subsample": 0.6560214479908019}, "datetime": {"datetime": "2024-01-20 16:36:51", "elapsed": 7964.480969, "delta": 0.00794}}
{"target": -13.509622769133754, "params": {"colsample_bytree": 0.843285493118189, "eta": 0.08114184673628232, "gamma": 258.5826309838184, "max_depth": 6.0, "min_child_weight": 3851.5072087746853, "num_boost_round": 63.0, "subsample": 0.6560214479908019}, "datetime": {"datetime": "2024-01-20 16:36:51", "elapsed": 7964.488149, "delta": 0.00718}}
{"target": -13.509783902475332, "params": {"colsample_bytree": 0.843285493118189, "eta": 0.08114184673628232, "gamma": 258.5826309838184, "max_depth": 6.0, "min_child_weight": 3851.5072087746853, "num_boost_round": 64.0, "subsample": 0.6560214479908019}, "datetime": {"datetime": "2024-01-20 16:36:51", "elapsed": 7964.494823, "delta": 0.006674}}
{"target": -13.509955160248987, "params": {"colsample_bytree": 0.843285493118189, "eta": 0.08114184673628232, "gamma": 258.5826309838184, "max_depth": 6.0, "min_child_weight": 3851.5072087746853, "num_boost_round": 65.0, "subsample": 0.6560214479908019}, "datetime": {"datetime": "2024-01-20 16:36:51", "elapsed": 7964.501587, "delta": 0.006764}}
{"target": -13.510300026846338, "params": {"colsample_bytree": 0.843285493118189, "eta": 0.08114184673628232, "gamma": 258.5826309838184, "max_depth": 6.0, "min_child_weight": 3851.5072087746853, "num_boost_round": 66.0, "subsample": 0.6560214479908019}, "datetime": {"datetime": "2024-01-20 16:36:51", "elapsed": 7964.508585, "delta": 0.006998}}
{"target": -13.510429274900783, "params": {"colsample_bytree": 0.843285493118189, "eta": 0.08114184673628232, "gamma": 258.5826309838184, "max_depth": 6.0, "min_child_weight": 3851.5072087746853, "num_boost_round": 67.0, "subsample": 0.6560214479908019}, "datetime": {"datetime": "2024-01-20 16:36:51", "elapsed": 7964.51526, "delta": 0.006675}}
{"target": -13.510361649477112, "params": {"colsample_bytree": 0.843285493118189, "eta": 0.08114184673628232, "gamma": 258.5826309838184, "max_depth": 6.0, "min_child_weight": 3851.5072087746853, "num_boost_round": 68.0, "subsample": 0.6560214479908019}, "datetime": {"datetime": "2024-01-20 16:36:51", "elapsed": 7964.522356, "delta": 0.007096}}
{"target": -13.51026265850494, "params": {"colsample_bytree": 0.843285493118189, "eta": 0.08114184673628232, "gamma": 258.5826309838184, "max_depth": 6.0, "min_child_weight": 3851.5072087746853, "num_boost_round": 69.0, "subsample": 0.6560214479908019}, "datetime": {"datetime": "2024-01-20 16:36:51", "elapsed": 7964.529282, "delta": 0.006926}}
{"target": -13.510080712440853, "params": {"colsample_bytree": 0.843285493118189, "eta": 0.08114184673628232, "gamma": 258.5826309838184, "max_depth": 6.0, "min_child_weight": 3851.5072087746853, "num_boost_round": 70.0, "subsample": 0.6560214479908019}, "datetime": {"datetime": "2024-01-20 16:36:51", "elapsed": 7964.53602, "delta": 0.006738}}
{"target": -13.510275063186878, "params": {"colsample_bytree": 0.843285493118189, "eta": 0.08114184673628232, "gamma": 258.5826309838184, "max_depth": 6.0, "min_child_weight": 3851.5072087746853, "num_boost_round": 71.0, "subsample": 0.6560214479908019}, "datetime": {"datetime": "2024-01-20 16:36:51", "elapsed": 7964.542663, "delta": 0.006643}}
{"target": -13.51029655342409, "params": {"colsample_bytree": 0.843285493118189, "eta": 0.08114184673628232, "gamma": 258.5826309838184, "max_depth": 6.0, "min_child_weight": 3851.5072087746853, "num_boost_round": 72.0, "subsample": 0.6560214479908019}, "datetime": {"datetime": "2024-01-20 16:36:51", "elapsed": 7964.549359, "delta": 0.006696}}
