{"target": -10.298454733205183, "params": {"colsample_bytree": 0.6803847093539989, "eta": 0.002908107453065151, "gamma": 153.49382665083934, "max_depth": 4.0, "min_child_weight": 3826.8717983319584, "num_boost_round": 62.0, "subsample": 0.27224016961439745}, "datetime": {"datetime": "2024-01-20 15:09:57", "elapsed": 6495.460624, "delta": 0.005813}}
{"target": -10.298453841478755, "params": {"colsample_bytree": 0.6803847093539989, "eta": 0.002908107453065151, "gamma": 153.49382665083934, "max_depth": 4.0, "min_child_weight": 3826.8717983319584, "num_boost_round": 63.0, "subsample": 0.27224016961439745}, "datetime": {"datetime": "2024-01-20 15:09:57", "elapsed": 6495.466375, "delta": 0.005751}}
{"target": -10.298458996064422, "params": {"colsample_bytree": 0.6803847093539989, "eta": 0.002908107453065151, "gamma": 153.49382665083934, "max_depth": 4.0, "min_child_weight": 3826.8717983319584, "num_boost_round": 64.0, "subsample": 0.27224016961439745}, "datetime": {"datetime": "2024-01-20 15:09:57", "elapsed": 6495.472088, "delta": 0.005713}}
{"target": -10.298454559817326, "params": {"colsample_bytree": 0.6803847093539989, "eta": 0.002908107453065151, "gamma": 153.49382665083934, "max_depth": 4.0, "min_child_weight": 3826.8717983319584, "num_boost_round": 65.0, "subsample": 0.27224016961439745}, "datetime": {"datetime": "2024-01-20 15:09:57", "elapsed": 6495.477755, "delta": 0.005667}}
{"target": -10.297594727288615, "params": {"colsample_bytree": 0.5542098848158333, "eta": 0.09160792171634426, "gamma": 94.42690448310952, "max_depth": 4.0, "min_child_weight": 3808.4854850843208, "num_boost_round": 1.0, "subsample": 0.10911933682650488}, "datetime": {"datetime": "2024-01-20 15:11:16", "elapsed": 6573.919536, "delta": 78.441781}}
{"target": -10.297397711049221, "params": {"colsample_bytree": 0.5542098848158333, "eta": 0.09160792171634426, "gamma": 94.42690448310952, "max_depth": 4.0, "min_child_weight": 3808.4854850843208, "num_boost_round": 2.0, "subsample": 0.10911933682650488}, "datetime": {"datetime": "2024-01-20 15:11:16", "elapsed": 6573.926405, "delta": 0.006869}}
{"target": -10.297562212747076, "params": {"colsample_bytree": 0.5542098848158333, "eta": 0.09160792171634426, "gamma": 94.42690448310952, "max_depth": 4.0, "min_child_weight": 3808.4854850843208, "num_boost_round": 3.0, "subsample": 0.10911933682650488}, "datetime": {"datetime": "2024-01-20 15:11:16", "elapsed": 6573.931388, "delta": 0.004983}}
{"target": -10.296986676712296, "params": {"colsample_bytree": 0.5542098848158333, "eta": 0.09160792171634426, "gamma": 94.42690448310952, "max_depth": 4.0, "min_child_weight": 3808.4854850843208, "num_boost_round": 4.0, "subsample": 0.10911933682650488}, "datetime": {"datetime": "2024-01-20 15:11:16", "elapsed": 6573.936386, "delta": 0.004998}}
{"target": -10.296704653854631, "params": {"colsample_bytree": 0.5542098848158333, "eta": 0.09160792171634426, "gamma": 94.42690448310952, "max_depth": 4.0, "min_child_weight": 3808.4854850843208, "num_boost_round": 5.0, "subsample": 0.10911933682650488}, "datetime": {"datetime": "2024-01-20 15:11:16", "elapsed": 6573.943494, "delta": 0.007108}}
{"target": -10.296486501768655, "params": {"colsample_bytree": 0.5542098848158333, "eta": 0.09160792171634426, "gamma": 94.42690448310952, "max_depth": 4.0, "min_child_weight": 3808.4854850843208, "num_boost_round": 6.0, "subsample": 0.10911933682650488}, "datetime": {"datetime": "2024-01-20 15:11:16", "elapsed": 6573.948049, "delta": 0.004555}}
{"target": -10.295941642829384, "params": {"colsample_bytree": 0.5542098848158333, "eta": 0.09160792171634426, "gamma": 94.42690448310952, "max_depth": 4.0, "min_child_weight": 3808.4854850843208, "num_boost_round": 7.0, "subsample": 0.10911933682650488}, "datetime": {"datetime": "2024-01-20 15:11:16", "elapsed": 6573.951766, "delta": 0.003717}}
{"target": -10.295722615172622, "params": {"colsample_bytree": 0.5542098848158333, "eta": 0.09160792171634426, "gamma": 94.42690448310952, "max_depth": 4.0, "min_child_weight": 3808.4854850843208, "num_boost_round": 8.0, "subsample": 0.10911933682650488}, "datetime": {"datetime": "2024-01-20 15:11:16", "elapsed": 6573.955192, "delta": 0.003426}}
{"target": -10.295694554897807, "params": {"colsample_bytree": 0.5542098848158333, "eta": 0.09160792171634426, "gamma": 94.42690448310952, "max_depth": 4.0, "min_child_weight": 3808.4854850843208, "num_boost_round": 9.0, "subsample": 0.10911933682650488}, "datetime": {"datetime": "2024-01-20 15:11:16", "elapsed": 6573.958677, "delta": 0.003485}}
{"target": -10.295772058503044, "params": {"colsample_bytree": 0.5542098848158333, "eta": 0.09160792171634426, "gamma": 94.42690448310952, "max_depth": 4.0, "min_child_weight": 3808.4854850843208, "num_boost_round": 10.0, "subsample": 0.10911933682650488}, "datetime": {"datetime": "2024-01-20 15:11:16", "elapsed": 6573.962381, "delta": 0.003704}}
{"target": -10.295561131333084, "params": {"colsample_bytree": 0.5542098848158333, "eta": 0.09160792171634426, "gamma": 94.42690448310952, "max_depth": 4.0, "min_child_weight": 3808.4854850843208, "num_boost_round": 11.0, "subsample": 0.10911933682650488}, "datetime": {"datetime": "2024-01-20 15:11:16", "elapsed": 6573.96571, "delta": 0.003329}}
{"target": -10.295526136661767, "params": {"colsample_bytree": 0.5542098848158333, "eta": 0.09160792171634426, "gamma": 94.42690448310952, "max_depth": 4.0, "min_child_weight": 3808.4854850843208, "num_boost_round": 12.0, "subsample": 0.10911933682650488}, "datetime": {"datetime": "2024-01-20 15:11:16", "elapsed": 6573.969379, "delta": 0.003669}}
{"target": -10.295342997773194, "params": {"colsample_bytree": 0.5542098848158333, "eta": 0.09160792171634426, "gamma": 94.42690448310952, "max_depth": 4.0, "min_child_weight": 3808.4854850843208, "num_boost_round": 13.0, "subsample": 0.10911933682650488}, "datetime": {"datetime": "2024-01-20 15:11:16", "elapsed": 6573.97294, "delta": 0.003561}}
{"target": -10.295464399796828, "params": {"colsample_bytree": 0.5542098848158333, "eta": 0.09160792171634426, "gamma": 94.42690448310952, "max_depth": 4.0, "min_child_weight": 3808.4854850843208, "num_boost_round": 14.0, "subsample": 0.10911933682650488}, "datetime": {"datetime": "2024-01-20 15:11:16", "elapsed": 6573.976467, "delta": 0.003527}}
{"target": -10.295764501645877, "params": {"colsample_bytree": 0.5542098848158333, "eta": 0.09160792171634426, "gamma": 94.42690448310952, "max_depth": 4.0, "min_child_weight": 3808.4854850843208, "num_boost_round": 15.0, "subsample": 0.10911933682650488}, "datetime": {"datetime": "2024-01-20 15:11:16", "elapsed": 6573.979907, "delta": 0.00344}}
{"target": -10.295957742791547, "params": {"colsample_bytree": 0.5542098848158333, "eta": 0.09160792171634426, "gamma": 94.42690448310952, "max_depth": 4.0, "min_child_weight": 3808.4854850843208, "num_boost_round": 16.0, "subsample": 0.10911933682650488}, "datetime": {"datetime": "2024-01-20 15:11:16", "elapsed": 6573.983302, "delta": 0.003395}}
{"target": -10.296223880311198, "params": {"colsample_bytree": 0.5542098848158333, "eta": 0.09160792171634426, "gamma": 94.42690448310952, "max_depth": 4.0, "min_child_weight": 3808.4854850843208, "num_boost_round": 17.0, "subsample": 0.10911933682650488}, "datetime": {"datetime": "2024-01-20 15:11:16", "elapsed": 6573.986692, "delta": 0.00339}}
{"target": -10.296257218627115, "params": {"colsample_bytree": 0.5542098848158333, "eta": 0.09160792171634426, "gamma": 94.42690448310952, "max_depth": 4.0, "min_child_weight": 3808.4854850843208, "num_boost_round": 18.0, "subsample": 0.10911933682650488}, "datetime": {"datetime": "2024-01-20 15:11:16", "elapsed": 6573.990201, "delta": 0.003509}}
{"target": -10.296324678168727, "params": {"colsample_bytree": 0.5542098848158333, "eta": 0.09160792171634426, "gamma": 94.42690448310952, "max_depth": 4.0, "min_child_weight": 3808.4854850843208, "num_boost_round": 19.0, "subsample": 0.10911933682650488}, "datetime": {"datetime": "2024-01-20 15:11:16", "elapsed": 6573.993646, "delta": 0.003445}}
{"target": -10.296466452583813, "params": {"colsample_bytree": 0.5542098848158333, "eta": 0.09160792171634426, "gamma": 94.42690448310952, "max_depth": 4.0, "min_child_weight": 3808.4854850843208, "num_boost_round": 20.0, "subsample": 0.10911933682650488}, "datetime": {"datetime": "2024-01-20 15:11:16", "elapsed": 6573.997177, "delta": 0.003531}}
{"target": -10.296515345134837, "params": {"colsample_bytree": 0.5542098848158333, "eta": 0.09160792171634426, "gamma": 94.42690448310952, "max_depth": 4.0, "min_child_weight": 3808.4854850843208, "num_boost_round": 21.0, "subsample": 0.10911933682650488}, "datetime": {"datetime": "2024-01-20 15:11:16", "elapsed": 6574.000649, "delta": 0.003472}}
{"target": -10.298419156406691, "params": {"colsample_bytree": 0.8207171894959732, "eta": 0.029143217599199498, "gamma": 134.2871648028867, "max_depth": 6.0, "min_child_weight": 3769.532314367308, "num_boost_round": 1.0, "subsample": 0.3475303548324373}, "datetime": {"datetime": "2024-01-20 15:12:43", "elapsed": 6660.931321, "delta": 86.930672}}
{"target": -10.298390736986704, "params": {"colsample_bytree": 0.8207171894959732, "eta": 0.029143217599199498, "gamma": 134.2871648028867, "max_depth": 6.0, "min_child_weight": 3769.532314367308, "num_boost_round": 2.0, "subsample": 0.3475303548324373}, "datetime": {"datetime": "2024-01-20 15:12:43", "elapsed": 6660.940921, "delta": 0.0096}}
{"target": -10.298391877328758, "params": {"colsample_bytree": 0.8207171894959732, "eta": 0.029143217599199498, "gamma": 134.2871648028867, "max_depth": 6.0, "min_child_weight": 3769.532314367308, "num_boost_round": 3.0, "subsample": 0.3475303548324373}, "datetime": {"datetime": "2024-01-20 15:12:43", "elapsed": 6660.948255, "delta": 0.007334}}
{"target": -10.298425110997776, "params": {"colsample_bytree": 0.8207171894959732, "eta": 0.029143217599199498, "gamma": 134.2871648028867, "max_depth": 6.0, "min_child_weight": 3769.532314367308, "num_boost_round": 4.0, "subsample": 0.3475303548324373}, "datetime": {"datetime": "2024-01-20 15:12:43", "elapsed": 6660.954427, "delta": 0.006172}}
{"target": -10.298482263236242, "params": {"colsample_bytree": 0.8207171894959732, "eta": 0.029143217599199498, "gamma": 134.2871648028867, "max_depth": 6.0, "min_child_weight": 3769.532314367308, "num_boost_round": 5.0, "subsample": 0.3475303548324373}, "datetime": {"datetime": "2024-01-20 15:12:43", "elapsed": 6660.960366, "delta": 0.005939}}
{"target": -10.298634386784208, "params": {"colsample_bytree": 0.8207171894959732, "eta": 0.029143217599199498, "gamma": 134.2871648028867, "max_depth": 6.0, "min_child_weight": 3769.532314367308, "num_boost_round": 6.0, "subsample": 0.3475303548324373}, "datetime": {"datetime": "2024-01-20 15:12:43", "elapsed": 6660.965986, "delta": 0.00562}}
{"target": -10.298727950662014, "params": {"colsample_bytree": 0.8207171894959732, "eta": 0.029143217599199498, "gamma": 134.2871648028867, "max_depth": 6.0, "min_child_weight": 3769.532314367308, "num_boost_round": 7.0, "subsample": 0.3475303548324373}, "datetime": {"datetime": "2024-01-20 15:12:43", "elapsed": 6660.971834, "delta": 0.005848}}
{"target": -10.298714996252293, "params": {"colsample_bytree": 0.8207171894959732, "eta": 0.029143217599199498, "gamma": 134.2871648028867, "max_depth": 6.0, "min_child_weight": 3769.532314367308, "num_boost_round": 8.0, "subsample": 0.3475303548324373}, "datetime": {"datetime": "2024-01-20 15:12:43", "elapsed": 6660.977412, "delta": 0.005578}}
{"target": -10.29878626138381, "params": {"colsample_bytree": 0.8207171894959732, "eta": 0.029143217599199498, "gamma": 134.2871648028867, "max_depth": 6.0, "min_child_weight": 3769.532314367308, "num_boost_round": 9.0, "subsample": 0.3475303548324373}, "datetime": {"datetime": "2024-01-20 15:12:43", "elapsed": 6660.982894, "delta": 0.005482}}
{"target": -10.298996530000132, "params": {"colsample_bytree": 0.8207171894959732, "eta": 0.029143217599199498, "gamma": 134.2871648028867, "max_depth": 6.0, "min_child_weight": 3769.532314367308, "num_boost_round": 10.0, "subsample": 0.3475303548324373}, "datetime": {"datetime": "2024-01-20 15:12:43", "elapsed": 6660.987941, "delta": 0.005047}}
{"target": -10.299107668421417, "params": {"colsample_bytree": 0.8207171894959732, "eta": 0.029143217599199498, "gamma": 134.2871648028867, "max_depth": 6.0, "min_child_weight": 3769.532314367308, "num_boost_round": 11.0, "subsample": 0.3475303548324373}, "datetime": {"datetime": "2024-01-20 15:12:43", "elapsed": 6660.992806, "delta": 0.004865}}
{"target": -10.299260546316845, "params": {"colsample_bytree": 0.8207171894959732, "eta": 0.029143217599199498, "gamma": 134.2871648028867, "max_depth": 6.0, "min_child_weight": 3769.532314367308, "num_boost_round": 12.0, "subsample": 0.3475303548324373}, "datetime": {"datetime": "2024-01-20 15:12:43", "elapsed": 6660.997779, "delta": 0.004973}}
{"target": -10.299338101338682, "params": {"colsample_bytree": 0.8207171894959732, "eta": 0.029143217599199498, "gamma": 134.2871648028867, "max_depth": 6.0, "min_child_weight": 3769.532314367308, "num_boost_round": 13.0, "subsample": 0.3475303548324373}, "datetime": {"datetime": "2024-01-20 15:12:43", "elapsed": 6661.002812, "delta": 0.005033}}
{"target": -10.299585364801336, "params": {"colsample_bytree": 0.8207171894959732, "eta": 0.029143217599199498, "gamma": 134.2871648028867, "max_depth": 6.0, "min_child_weight": 3769.532314367308, "num_boost_round": 14.0, "subsample": 0.3475303548324373}, "datetime": {"datetime": "2024-01-20 15:12:43", "elapsed": 6661.008278, "delta": 0.005466}}
{"target": -10.29971888097292, "params": {"colsample_bytree": 0.8207171894959732, "eta": 0.029143217599199498, "gamma": 134.2871648028867, "max_depth": 6.0, "min_child_weight": 3769.532314367308, "num_boost_round": 15.0, "subsample": 0.3475303548324373}, "datetime": {"datetime": "2024-01-20 15:12:43", "elapsed": 6661.013971, "delta": 0.005693}}
{"target": -10.299900775935782, "params": {"colsample_bytree": 0.8207171894959732, "eta": 0.029143217599199498, "gamma": 134.2871648028867, "max_depth": 6.0, "min_child_weight": 3769.532314367308, "num_boost_round": 16.0, "subsample": 0.3475303548324373}, "datetime": {"datetime": "2024-01-20 15:12:43", "elapsed": 6661.019308, "delta": 0.005337}}
{"target": -10.300097686454663, "params": {"colsample_bytree": 0.8207171894959732, "eta": 0.029143217599199498, "gamma": 134.2871648028867, "max_depth": 6.0, "min_child_weight": 3769.532314367308, "num_boost_round": 17.0, "subsample": 0.3475303548324373}, "datetime": {"datetime": "2024-01-20 15:12:43", "elapsed": 6661.024614, "delta": 0.005306}}
{"target": -10.300165345712273, "params": {"colsample_bytree": 0.8207171894959732, "eta": 0.029143217599199498, "gamma": 134.2871648028867, "max_depth": 6.0, "min_child_weight": 3769.532314367308, "num_boost_round": 18.0, "subsample": 0.3475303548324373}, "datetime": {"datetime": "2024-01-20 15:12:43", "elapsed": 6661.029593, "delta": 0.004979}}
{"target": -10.300383499094867, "params": {"colsample_bytree": 0.8207171894959732, "eta": 0.029143217599199498, "gamma": 134.2871648028867, "max_depth": 6.0, "min_child_weight": 3769.532314367308, "num_boost_round": 19.0, "subsample": 0.3475303548324373}, "datetime": {"datetime": "2024-01-20 15:12:43", "elapsed": 6661.034433, "delta": 0.00484}}
{"target": -10.30057181782392, "params": {"colsample_bytree": 0.8207171894959732, "eta": 0.029143217599199498, "gamma": 134.2871648028867, "max_depth": 6.0, "min_child_weight": 3769.532314367308, "num_boost_round": 20.0, "subsample": 0.3475303548324373}, "datetime": {"datetime": "2024-01-20 15:12:43", "elapsed": 6661.039238, "delta": 0.004805}}
{"target": -10.300729137498013, "params": {"colsample_bytree": 0.8207171894959732, "eta": 0.029143217599199498, "gamma": 134.2871648028867, "max_depth": 6.0, "min_child_weight": 3769.532314367308, "num_boost_round": 21.0, "subsample": 0.3475303548324373}, "datetime": {"datetime": "2024-01-20 15:12:43", "elapsed": 6661.043746, "delta": 0.004508}}
{"target": -10.30085815450184, "params": {"colsample_bytree": 0.8207171894959732, "eta": 0.029143217599199498, "gamma": 134.2871648028867, "max_depth": 6.0, "min_child_weight": 3769.532314367308, "num_boost_round": 22.0, "subsample": 0.3475303548324373}, "datetime": {"datetime": "2024-01-20 15:12:43", "elapsed": 6661.04845, "delta": 0.004704}}
{"target": -10.300923679270852, "params": {"colsample_bytree": 0.8207171894959732, "eta": 0.029143217599199498, "gamma": 134.2871648028867, "max_depth": 6.0, "min_child_weight": 3769.532314367308, "num_boost_round": 23.0, "subsample": 0.3475303548324373}, "datetime": {"datetime": "2024-01-20 15:12:43", "elapsed": 6661.055178, "delta": 0.006728}}
{"target": -10.301069980064561, "params": {"colsample_bytree": 0.8207171894959732, "eta": 0.029143217599199498, "gamma": 134.2871648028867, "max_depth": 6.0, "min_child_weight": 3769.532314367308, "num_boost_round": 24.0, "subsample": 0.3475303548324373}, "datetime": {"datetime": "2024-01-20 15:12:43", "elapsed": 6661.061535, "delta": 0.006357}}
{"target": -10.3013129659786, "params": {"colsample_bytree": 0.8207171894959732, "eta": 0.029143217599199498, "gamma": 134.2871648028867, "max_depth": 6.0, "min_child_weight": 3769.532314367308, "num_boost_round": 25.0, "subsample": 0.3475303548324373}, "datetime": {"datetime": "2024-01-20 15:12:43", "elapsed": 6661.067558, "delta": 0.006023}}
{"target": -10.301521522569306, "params": {"colsample_bytree": 0.8207171894959732, "eta": 0.029143217599199498, "gamma": 134.2871648028867, "max_depth": 6.0, "min_child_weight": 3769.532314367308, "num_boost_round": 26.0, "subsample": 0.3475303548324373}, "datetime": {"datetime": "2024-01-20 15:12:43", "elapsed": 6661.073301, "delta": 0.005743}}
{"target": -10.301722011999578, "params": {"colsample_bytree": 0.8207171894959732, "eta": 0.029143217599199498, "gamma": 134.2871648028867, "max_depth": 6.0, "min_child_weight": 3769.532314367308, "num_boost_round": 27.0, "subsample": 0.3475303548324373}, "datetime": {"datetime": "2024-01-20 15:12:43", "elapsed": 6661.078477, "delta": 0.005176}}
{"target": -10.301902161834048, "params": {"colsample_bytree": 0.8207171894959732, "eta": 0.029143217599199498, "gamma": 134.2871648028867, "max_depth": 6.0, "min_child_weight": 3769.532314367308, "num_boost_round": 28.0, "subsample": 0.3475303548324373}, "datetime": {"datetime": "2024-01-20 15:12:44", "elapsed": 6661.787516, "delta": 0.709039}}
{"target": -10.30211417423553, "params": {"colsample_bytree": 0.8207171894959732, "eta": 0.029143217599199498, "gamma": 134.2871648028867, "max_depth": 6.0, "min_child_weight": 3769.532314367308, "num_boost_round": 29.0, "subsample": 0.3475303548324373}, "datetime": {"datetime": "2024-01-20 15:12:44", "elapsed": 6661.795275, "delta": 0.007759}}
{"target": -10.302216977091897, "params": {"colsample_bytree": 0.8207171894959732, "eta": 0.029143217599199498, "gamma": 134.2871648028867, "max_depth": 6.0, "min_child_weight": 3769.532314367308, "num_boost_round": 30.0, "subsample": 0.3475303548324373}, "datetime": {"datetime": "2024-01-20 15:12:44", "elapsed": 6661.802428, "delta": 0.007153}}
{"target": -10.302353322696103, "params": {"colsample_bytree": 0.8207171894959732, "eta": 0.029143217599199498, "gamma": 134.2871648028867, "max_depth": 6.0, "min_child_weight": 3769.532314367308, "num_boost_round": 31.0, "subsample": 0.3475303548324373}, "datetime": {"datetime": "2024-01-20 15:12:44", "elapsed": 6661.808723, "delta": 0.006295}}
{"target": -10.302564559793641, "params": {"colsample_bytree": 0.8207171894959732, "eta": 0.029143217599199498, "gamma": 134.2871648028867, "max_depth": 6.0, "min_child_weight": 3769.532314367308, "num_boost_round": 32.0, "subsample": 0.3475303548324373}, "datetime": {"datetime": "2024-01-20 15:12:44", "elapsed": 6661.814851, "delta": 0.006128}}
{"target": -10.30282140657334, "params": {"colsample_bytree": 0.8207171894959732, "eta": 0.029143217599199498, "gamma": 134.2871648028867, "max_depth": 6.0, "min_child_weight": 3769.532314367308, "num_boost_round": 33.0, "subsample": 0.3475303548324373}, "datetime": {"datetime": "2024-01-20 15:12:44", "elapsed": 6661.82073, "delta": 0.005879}}
{"target": -10.303026197582493, "params": {"colsample_bytree": 0.8207171894959732, "eta": 0.029143217599199498, "gamma": 134.2871648028867, "max_depth": 6.0, "min_child_weight": 3769.532314367308, "num_boost_round": 34.0, "subsample": 0.3475303548324373}, "datetime": {"datetime": "2024-01-20 15:12:44", "elapsed": 6661.826657, "delta": 0.005927}}
{"target": -10.303097034194757, "params": {"colsample_bytree": 0.8207171894959732, "eta": 0.029143217599199498, "gamma": 134.2871648028867, "max_depth": 6.0, "min_child_weight": 3769.532314367308, "num_boost_round": 35.0, "subsample": 0.3475303548324373}, "datetime": {"datetime": "2024-01-20 15:12:44", "elapsed": 6661.83226, "delta": 0.005603}}
{"target": -10.303247804066057, "params": {"colsample_bytree": 0.8207171894959732, "eta": 0.029143217599199498, "gamma": 134.2871648028867, "max_depth": 6.0, "min_child_weight": 3769.532314367308, "num_boost_round": 36.0, "subsample": 0.3475303548324373}, "datetime": {"datetime": "2024-01-20 15:12:44", "elapsed": 6661.838202, "delta": 0.005942}}
{"target": -10.30331576812183, "params": {"colsample_bytree": 0.8207171894959732, "eta": 0.029143217599199498, "gamma": 134.2871648028867, "max_depth": 6.0, "min_child_weight": 3769.532314367308, "num_boost_round": 37.0, "subsample": 0.3475303548324373}, "datetime": {"datetime": "2024-01-20 15:12:44", "elapsed": 6661.843736, "delta": 0.005534}}
{"target": -10.303383770523464, "params": {"colsample_bytree": 0.8207171894959732, "eta": 0.029143217599199498, "gamma": 134.2871648028867, "max_depth": 6.0, "min_child_weight": 3769.532314367308, "num_boost_round": 38.0, "subsample": 0.3475303548324373}, "datetime": {"datetime": "2024-01-20 15:12:44", "elapsed": 6661.849749, "delta": 0.006013}}
