{"target": -10.300929187955184, "params": {"colsample_bytree": 0.3716493333883508, "eta": 0.09987907031455856, "gamma": 362.6596349822615, "max_depth": 2.0, "min_child_weight": 4156.498885496029, "num_boost_round": 8.0, "subsample": 0.29321594099595505}, "datetime": {"datetime": "2024-01-20 14:09:25", "elapsed": 2863.028681, "delta": 0.001924}}
{"target": -10.301322235952203, "params": {"colsample_bytree": 0.3716493333883508, "eta": 0.09987907031455856, "gamma": 362.6596349822615, "max_depth": 2.0, "min_child_weight": 4156.498885496029, "num_boost_round": 9.0, "subsample": 0.29321594099595505}, "datetime": {"datetime": "2024-01-20 14:09:25", "elapsed": 2863.030594, "delta": 0.001913}}
{"target": -10.298515984438556, "params": {"colsample_bytree": 0.7893835405754812, "eta": 0.04961404649448874, "gamma": 229.9875080671656, "max_depth": 3.0, "min_child_weight": 4239.268791847636, "num_boost_round": 1.0, "subsample": 0.7491601266841144}, "datetime": {"datetime": "2024-01-20 14:10:08", "elapsed": 2906.725502, "delta": 43.694908}}
{"target": -10.298597874049129, "params": {"colsample_bytree": 0.7893835405754812, "eta": 0.04961404649448874, "gamma": 229.9875080671656, "max_depth": 3.0, "min_child_weight": 4239.268791847636, "num_boost_round": 2.0, "subsample": 0.7491601266841144}, "datetime": {"datetime": "2024-01-20 14:10:08", "elapsed": 2906.728232, "delta": 0.00273}}
{"target": -10.298817434174738, "params": {"colsample_bytree": 0.7893835405754812, "eta": 0.04961404649448874, "gamma": 229.9875080671656, "max_depth": 3.0, "min_child_weight": 4239.268791847636, "num_boost_round": 3.0, "subsample": 0.7491601266841144}, "datetime": {"datetime": "2024-01-20 14:10:08", "elapsed": 2906.731936, "delta": 0.003704}}
{"target": -10.299110223796987, "params": {"colsample_bytree": 0.7893835405754812, "eta": 0.04961404649448874, "gamma": 229.9875080671656, "max_depth": 3.0, "min_child_weight": 4239.268791847636, "num_boost_round": 4.0, "subsample": 0.7491601266841144}, "datetime": {"datetime": "2024-01-20 14:10:08", "elapsed": 2906.73404, "delta": 0.002104}}
{"target": -10.299390765859528, "params": {"colsample_bytree": 0.7893835405754812, "eta": 0.04961404649448874, "gamma": 229.9875080671656, "max_depth": 3.0, "min_child_weight": 4239.268791847636, "num_boost_round": 5.0, "subsample": 0.7491601266841144}, "datetime": {"datetime": "2024-01-20 14:10:08", "elapsed": 2906.735975, "delta": 0.001935}}
{"target": -10.299725470943066, "params": {"colsample_bytree": 0.7893835405754812, "eta": 0.04961404649448874, "gamma": 229.9875080671656, "max_depth": 3.0, "min_child_weight": 4239.268791847636, "num_boost_round": 6.0, "subsample": 0.7491601266841144}, "datetime": {"datetime": "2024-01-20 14:10:08", "elapsed": 2906.738075, "delta": 0.0021}}
{"target": -10.300089018735044, "params": {"colsample_bytree": 0.7893835405754812, "eta": 0.04961404649448874, "gamma": 229.9875080671656, "max_depth": 3.0, "min_child_weight": 4239.268791847636, "num_boost_round": 7.0, "subsample": 0.7491601266841144}, "datetime": {"datetime": "2024-01-20 14:10:08", "elapsed": 2906.740041, "delta": 0.001966}}
{"target": -10.300191140091231, "params": {"colsample_bytree": 0.7893835405754812, "eta": 0.04961404649448874, "gamma": 229.9875080671656, "max_depth": 3.0, "min_child_weight": 4239.268791847636, "num_boost_round": 8.0, "subsample": 0.7491601266841144}, "datetime": {"datetime": "2024-01-20 14:10:08", "elapsed": 2906.74196, "delta": 0.001919}}
{"target": -10.300764394273816, "params": {"colsample_bytree": 0.7893835405754812, "eta": 0.04961404649448874, "gamma": 229.9875080671656, "max_depth": 3.0, "min_child_weight": 4239.268791847636, "num_boost_round": 9.0, "subsample": 0.7491601266841144}, "datetime": {"datetime": "2024-01-20 14:10:08", "elapsed": 2906.743838, "delta": 0.001878}}
{"target": -10.301093614222907, "params": {"colsample_bytree": 0.7893835405754812, "eta": 0.04961404649448874, "gamma": 229.9875080671656, "max_depth": 3.0, "min_child_weight": 4239.268791847636, "num_boost_round": 10.0, "subsample": 0.7491601266841144}, "datetime": {"datetime": "2024-01-20 14:10:08", "elapsed": 2906.745663, "delta": 0.001825}}
{"target": -10.30140878996836, "params": {"colsample_bytree": 0.7893835405754812, "eta": 0.04961404649448874, "gamma": 229.9875080671656, "max_depth": 3.0, "min_child_weight": 4239.268791847636, "num_boost_round": 11.0, "subsample": 0.7491601266841144}, "datetime": {"datetime": "2024-01-20 14:10:08", "elapsed": 2906.747488, "delta": 0.001825}}
{"target": -10.301831585676679, "params": {"colsample_bytree": 0.7893835405754812, "eta": 0.04961404649448874, "gamma": 229.9875080671656, "max_depth": 3.0, "min_child_weight": 4239.268791847636, "num_boost_round": 12.0, "subsample": 0.7491601266841144}, "datetime": {"datetime": "2024-01-20 14:10:08", "elapsed": 2906.749351, "delta": 0.001863}}
{"target": -10.302281866062907, "params": {"colsample_bytree": 0.7893835405754812, "eta": 0.04961404649448874, "gamma": 229.9875080671656, "max_depth": 3.0, "min_child_weight": 4239.268791847636, "num_boost_round": 13.0, "subsample": 0.7491601266841144}, "datetime": {"datetime": "2024-01-20 14:10:08", "elapsed": 2906.7512, "delta": 0.001849}}
{"target": -10.302841799965911, "params": {"colsample_bytree": 0.7893835405754812, "eta": 0.04961404649448874, "gamma": 229.9875080671656, "max_depth": 3.0, "min_child_weight": 4239.268791847636, "num_boost_round": 14.0, "subsample": 0.7491601266841144}, "datetime": {"datetime": "2024-01-20 14:10:08", "elapsed": 2906.753026, "delta": 0.001826}}
{"target": -10.303194207075517, "params": {"colsample_bytree": 0.7893835405754812, "eta": 0.04961404649448874, "gamma": 229.9875080671656, "max_depth": 3.0, "min_child_weight": 4239.268791847636, "num_boost_round": 15.0, "subsample": 0.7491601266841144}, "datetime": {"datetime": "2024-01-20 14:10:08", "elapsed": 2906.754852, "delta": 0.001826}}
{"target": -10.303574682216379, "params": {"colsample_bytree": 0.7893835405754812, "eta": 0.04961404649448874, "gamma": 229.9875080671656, "max_depth": 3.0, "min_child_weight": 4239.268791847636, "num_boost_round": 16.0, "subsample": 0.7491601266841144}, "datetime": {"datetime": "2024-01-20 14:10:08", "elapsed": 2906.756657, "delta": 0.001805}}
{"target": -10.304031794604526, "params": {"colsample_bytree": 0.7893835405754812, "eta": 0.04961404649448874, "gamma": 229.9875080671656, "max_depth": 3.0, "min_child_weight": 4239.268791847636, "num_boost_round": 17.0, "subsample": 0.7491601266841144}, "datetime": {"datetime": "2024-01-20 14:10:08", "elapsed": 2906.758538, "delta": 0.001881}}
{"target": -10.304181308239935, "params": {"colsample_bytree": 0.7893835405754812, "eta": 0.04961404649448874, "gamma": 229.9875080671656, "max_depth": 3.0, "min_child_weight": 4239.268791847636, "num_boost_round": 18.0, "subsample": 0.7491601266841144}, "datetime": {"datetime": "2024-01-20 14:10:08", "elapsed": 2906.760351, "delta": 0.001813}}
{"target": -10.30466786962261, "params": {"colsample_bytree": 0.7893835405754812, "eta": 0.04961404649448874, "gamma": 229.9875080671656, "max_depth": 3.0, "min_child_weight": 4239.268791847636, "num_boost_round": 19.0, "subsample": 0.7491601266841144}, "datetime": {"datetime": "2024-01-20 14:10:08", "elapsed": 2906.762259, "delta": 0.001908}}
{"target": -10.304985745894488, "params": {"colsample_bytree": 0.7893835405754812, "eta": 0.04961404649448874, "gamma": 229.9875080671656, "max_depth": 3.0, "min_child_weight": 4239.268791847636, "num_boost_round": 20.0, "subsample": 0.7491601266841144}, "datetime": {"datetime": "2024-01-20 14:10:08", "elapsed": 2906.764225, "delta": 0.001966}}
{"target": -10.305422198975574, "params": {"colsample_bytree": 0.7893835405754812, "eta": 0.04961404649448874, "gamma": 229.9875080671656, "max_depth": 3.0, "min_child_weight": 4239.268791847636, "num_boost_round": 21.0, "subsample": 0.7491601266841144}, "datetime": {"datetime": "2024-01-20 14:10:08", "elapsed": 2906.76621, "delta": 0.001985}}
{"target": -10.305877954171214, "params": {"colsample_bytree": 0.7893835405754812, "eta": 0.04961404649448874, "gamma": 229.9875080671656, "max_depth": 3.0, "min_child_weight": 4239.268791847636, "num_boost_round": 22.0, "subsample": 0.7491601266841144}, "datetime": {"datetime": "2024-01-20 14:10:08", "elapsed": 2906.76804, "delta": 0.00183}}
{"target": -10.298349823419864, "params": {"colsample_bytree": 0.1032371466115916, "eta": 0.04971801475426552, "gamma": 682.5040282359384, "max_depth": 7.0, "min_child_weight": 3874.6059917784287, "num_boost_round": 1.0, "subsample": 0.4278451638417077}, "datetime": {"datetime": "2024-01-20 14:10:39", "elapsed": 2937.24821, "delta": 30.48017}}
{"target": -10.29816859262124, "params": {"colsample_bytree": 0.1032371466115916, "eta": 0.04971801475426552, "gamma": 682.5040282359384, "max_depth": 7.0, "min_child_weight": 3874.6059917784287, "num_boost_round": 2.0, "subsample": 0.4278451638417077}, "datetime": {"datetime": "2024-01-20 14:10:39", "elapsed": 2937.252309, "delta": 0.004099}}
{"target": -10.298178622044539, "params": {"colsample_bytree": 0.2899633114390381, "eta": 0.03658454448707661, "gamma": 375.61851501668997, "max_depth": 9.0, "min_child_weight": 4390.727617041196, "num_boost_round": 1.0, "subsample": 0.9047397888117812}, "datetime": {"datetime": "2024-01-20 14:11:15", "elapsed": 2973.369901, "delta": 36.117592}}
{"target": -10.29814240337982, "params": {"colsample_bytree": 0.2899633114390381, "eta": 0.03658454448707661, "gamma": 375.61851501668997, "max_depth": 9.0, "min_child_weight": 4390.727617041196, "num_boost_round": 2.0, "subsample": 0.9047397888117812}, "datetime": {"datetime": "2024-01-20 14:11:15", "elapsed": 2973.373268, "delta": 0.003367}}
{"target": -10.298225859052554, "params": {"colsample_bytree": 0.2899633114390381, "eta": 0.03658454448707661, "gamma": 375.61851501668997, "max_depth": 9.0, "min_child_weight": 4390.727617041196, "num_boost_round": 3.0, "subsample": 0.9047397888117812}, "datetime": {"datetime": "2024-01-20 14:11:15", "elapsed": 2973.37603, "delta": 0.002762}}
{"target": -10.298152092439278, "params": {"colsample_bytree": 0.2899633114390381, "eta": 0.03658454448707661, "gamma": 375.61851501668997, "max_depth": 9.0, "min_child_weight": 4390.727617041196, "num_boost_round": 4.0, "subsample": 0.9047397888117812}, "datetime": {"datetime": "2024-01-20 14:11:15", "elapsed": 2973.378717, "delta": 0.002687}}
{"target": -10.298381971620836, "params": {"colsample_bytree": 0.2899633114390381, "eta": 0.03658454448707661, "gamma": 375.61851501668997, "max_depth": 9.0, "min_child_weight": 4390.727617041196, "num_boost_round": 5.0, "subsample": 0.9047397888117812}, "datetime": {"datetime": "2024-01-20 14:11:15", "elapsed": 2973.381025, "delta": 0.002308}}
{"target": -10.298551770394404, "params": {"colsample_bytree": 0.2899633114390381, "eta": 0.03658454448707661, "gamma": 375.61851501668997, "max_depth": 9.0, "min_child_weight": 4390.727617041196, "num_boost_round": 6.0, "subsample": 0.9047397888117812}, "datetime": {"datetime": "2024-01-20 14:11:15", "elapsed": 2973.383063, "delta": 0.002038}}
{"target": -10.298591967640613, "params": {"colsample_bytree": 0.2899633114390381, "eta": 0.03658454448707661, "gamma": 375.61851501668997, "max_depth": 9.0, "min_child_weight": 4390.727617041196, "num_boost_round": 7.0, "subsample": 0.9047397888117812}, "datetime": {"datetime": "2024-01-20 14:11:15", "elapsed": 2973.385034, "delta": 0.001971}}
{"target": -10.298699266817055, "params": {"colsample_bytree": 0.2899633114390381, "eta": 0.03658454448707661, "gamma": 375.61851501668997, "max_depth": 9.0, "min_child_weight": 4390.727617041196, "num_boost_round": 8.0, "subsample": 0.9047397888117812}, "datetime": {"datetime": "2024-01-20 14:11:15", "elapsed": 2973.387003, "delta": 0.001969}}
{"target": -10.298749522651418, "params": {"colsample_bytree": 0.2899633114390381, "eta": 0.03658454448707661, "gamma": 375.61851501668997, "max_depth": 9.0, "min_child_weight": 4390.727617041196, "num_boost_round": 9.0, "subsample": 0.9047397888117812}, "datetime": {"datetime": "2024-01-20 14:11:15", "elapsed": 2973.389045, "delta": 0.002042}}
{"target": -10.299060337423091, "params": {"colsample_bytree": 0.2899633114390381, "eta": 0.03658454448707661, "gamma": 375.61851501668997, "max_depth": 9.0, "min_child_weight": 4390.727617041196, "num_boost_round": 10.0, "subsample": 0.9047397888117812}, "datetime": {"datetime": "2024-01-20 14:11:15", "elapsed": 2973.391164, "delta": 0.002119}}
{"target": -10.297956190454187, "params": {"colsample_bytree": 0.33110905583707906, "eta": 0.06473287704083412, "gamma": 667.2308588413113, "max_depth": 7.0, "min_child_weight": 3837.1319748050137, "num_boost_round": 1.0, "subsample": 0.6316602837161795}, "datetime": {"datetime": "2024-01-20 14:12:34", "elapsed": 3052.760145, "delta": 79.368981}}
{"target": -10.297977750049197, "params": {"colsample_bytree": 0.33110905583707906, "eta": 0.06473287704083412, "gamma": 667.2308588413113, "max_depth": 7.0, "min_child_weight": 3837.1319748050137, "num_boost_round": 2.0, "subsample": 0.6316602837161795}, "datetime": {"datetime": "2024-01-20 14:12:34", "elapsed": 3052.763711, "delta": 0.003566}}
{"target": -10.298227481188809, "params": {"colsample_bytree": 0.33110905583707906, "eta": 0.06473287704083412, "gamma": 667.2308588413113, "max_depth": 7.0, "min_child_weight": 3837.1319748050137, "num_boost_round": 3.0, "subsample": 0.6316602837161795}, "datetime": {"datetime": "2024-01-20 14:12:34", "elapsed": 3052.765699, "delta": 0.001988}}
{"target": -10.298306243502093, "params": {"colsample_bytree": 0.33110905583707906, "eta": 0.06473287704083412, "gamma": 667.2308588413113, "max_depth": 7.0, "min_child_weight": 3837.1319748050137, "num_boost_round": 4.0, "subsample": 0.6316602837161795}, "datetime": {"datetime": "2024-01-20 14:12:34", "elapsed": 3052.767557, "delta": 0.001858}}
{"target": -10.298921580548367, "params": {"colsample_bytree": 0.33110905583707906, "eta": 0.06473287704083412, "gamma": 667.2308588413113, "max_depth": 7.0, "min_child_weight": 3837.1319748050137, "num_boost_round": 5.0, "subsample": 0.6316602837161795}, "datetime": {"datetime": "2024-01-20 14:12:34", "elapsed": 3052.769752, "delta": 0.002195}}
{"target": -10.299337307941176, "params": {"colsample_bytree": 0.33110905583707906, "eta": 0.06473287704083412, "gamma": 667.2308588413113, "max_depth": 7.0, "min_child_weight": 3837.1319748050137, "num_boost_round": 6.0, "subsample": 0.6316602837161795}, "datetime": {"datetime": "2024-01-20 14:12:34", "elapsed": 3052.771622, "delta": 0.00187}}
{"target": -10.299753018930112, "params": {"colsample_bytree": 0.33110905583707906, "eta": 0.06473287704083412, "gamma": 667.2308588413113, "max_depth": 7.0, "min_child_weight": 3837.1319748050137, "num_boost_round": 7.0, "subsample": 0.6316602837161795}, "datetime": {"datetime": "2024-01-20 14:12:34", "elapsed": 3052.773494, "delta": 0.001872}}
{"target": -10.3000742993285, "params": {"colsample_bytree": 0.33110905583707906, "eta": 0.06473287704083412, "gamma": 667.2308588413113, "max_depth": 7.0, "min_child_weight": 3837.1319748050137, "num_boost_round": 8.0, "subsample": 0.6316602837161795}, "datetime": {"datetime": "2024-01-20 14:12:34", "elapsed": 3052.775327, "delta": 0.001833}}
{"target": -10.30064327653259, "params": {"colsample_bytree": 0.33110905583707906, "eta": 0.06473287704083412, "gamma": 667.2308588413113, "max_depth": 7.0, "min_child_weight": 3837.1319748050137, "num_boost_round": 9.0, "subsample": 0.6316602837161795}, "datetime": {"datetime": "2024-01-20 14:12:34", "elapsed": 3052.777281, "delta": 0.001954}}
{"target": -10.301416630965626, "params": {"colsample_bytree": 0.33110905583707906, "eta": 0.06473287704083412, "gamma": 667.2308588413113, "max_depth": 7.0, "min_child_weight": 3837.1319748050137, "num_boost_round": 10.0, "subsample": 0.6316602837161795}, "datetime": {"datetime": "2024-01-20 14:12:34", "elapsed": 3052.779132, "delta": 0.001851}}
{"target": -10.30156563114834, "params": {"colsample_bytree": 0.33110905583707906, "eta": 0.06473287704083412, "gamma": 667.2308588413113, "max_depth": 7.0, "min_child_weight": 3837.1319748050137, "num_boost_round": 11.0, "subsample": 0.6316602837161795}, "datetime": {"datetime": "2024-01-20 14:12:35", "elapsed": 3052.781028, "delta": 0.001896}}
{"target": -10.301716897084358, "params": {"colsample_bytree": 0.33110905583707906, "eta": 0.06473287704083412, "gamma": 667.2308588413113, "max_depth": 7.0, "min_child_weight": 3837.1319748050137, "num_boost_round": 12.0, "subsample": 0.6316602837161795}, "datetime": {"datetime": "2024-01-20 14:12:35", "elapsed": 3052.782997, "delta": 0.001969}}
{"target": -10.302090166954088, "params": {"colsample_bytree": 0.33110905583707906, "eta": 0.06473287704083412, "gamma": 667.2308588413113, "max_depth": 7.0, "min_child_weight": 3837.1319748050137, "num_boost_round": 13.0, "subsample": 0.6316602837161795}, "datetime": {"datetime": "2024-01-20 14:12:35", "elapsed": 3052.784883, "delta": 0.001886}}
{"target": -10.302331610828638, "params": {"colsample_bytree": 0.33110905583707906, "eta": 0.06473287704083412, "gamma": 667.2308588413113, "max_depth": 7.0, "min_child_weight": 3837.1319748050137, "num_boost_round": 14.0, "subsample": 0.6316602837161795}, "datetime": {"datetime": "2024-01-20 14:12:35", "elapsed": 3052.78673, "delta": 0.001847}}
{"target": -10.302876770364938, "params": {"colsample_bytree": 0.33110905583707906, "eta": 0.06473287704083412, "gamma": 667.2308588413113, "max_depth": 7.0, "min_child_weight": 3837.1319748050137, "num_boost_round": 15.0, "subsample": 0.6316602837161795}, "datetime": {"datetime": "2024-01-20 14:12:35", "elapsed": 3052.788825, "delta": 0.002095}}
{"target": -10.302886622604854, "params": {"colsample_bytree": 0.33110905583707906, "eta": 0.06473287704083412, "gamma": 667.2308588413113, "max_depth": 7.0, "min_child_weight": 3837.1319748050137, "num_boost_round": 16.0, "subsample": 0.6316602837161795}, "datetime": {"datetime": "2024-01-20 14:12:35", "elapsed": 3052.790826, "delta": 0.002001}}
{"target": -10.303518338165695, "params": {"colsample_bytree": 0.33110905583707906, "eta": 0.06473287704083412, "gamma": 667.2308588413113, "max_depth": 7.0, "min_child_weight": 3837.1319748050137, "num_boost_round": 17.0, "subsample": 0.6316602837161795}, "datetime": {"datetime": "2024-01-20 14:12:35", "elapsed": 3052.792685, "delta": 0.001859}}
{"target": -10.303708877953902, "params": {"colsample_bytree": 0.33110905583707906, "eta": 0.06473287704083412, "gamma": 667.2308588413113, "max_depth": 7.0, "min_child_weight": 3837.1319748050137, "num_boost_round": 18.0, "subsample": 0.6316602837161795}, "datetime": {"datetime": "2024-01-20 14:12:35", "elapsed": 3052.794594, "delta": 0.001909}}
{"target": -10.30405394473348, "params": {"colsample_bytree": 0.33110905583707906, "eta": 0.06473287704083412, "gamma": 667.2308588413113, "max_depth": 7.0, "min_child_weight": 3837.1319748050137, "num_boost_round": 19.0, "subsample": 0.6316602837161795}, "datetime": {"datetime": "2024-01-20 14:12:35", "elapsed": 3052.796442, "delta": 0.001848}}
{"target": -10.304275987912181, "params": {"colsample_bytree": 0.33110905583707906, "eta": 0.06473287704083412, "gamma": 667.2308588413113, "max_depth": 7.0, "min_child_weight": 3837.1319748050137, "num_boost_round": 20.0, "subsample": 0.6316602837161795}, "datetime": {"datetime": "2024-01-20 14:12:35", "elapsed": 3052.798363, "delta": 0.001921}}
{"target": -10.30443225614015, "params": {"colsample_bytree": 0.33110905583707906, "eta": 0.06473287704083412, "gamma": 667.2308588413113, "max_depth": 7.0, "min_child_weight": 3837.1319748050137, "num_boost_round": 21.0, "subsample": 0.6316602837161795}, "datetime": {"datetime": "2024-01-20 14:12:35", "elapsed": 3052.800267, "delta": 0.001904}}
{"target": -10.304737271408168, "params": {"colsample_bytree": 0.33110905583707906, "eta": 0.06473287704083412, "gamma": 667.2308588413113, "max_depth": 7.0, "min_child_weight": 3837.1319748050137, "num_boost_round": 22.0, "subsample": 0.6316602837161795}, "datetime": {"datetime": "2024-01-20 14:12:35", "elapsed": 3052.802269, "delta": 0.002002}}
{"target": -10.305343465222684, "params": {"colsample_bytree": 0.33110905583707906, "eta": 0.06473287704083412, "gamma": 667.2308588413113, "max_depth": 7.0, "min_child_weight": 3837.1319748050137, "num_boost_round": 23.0, "subsample": 0.6316602837161795}, "datetime": {"datetime": "2024-01-20 14:12:35", "elapsed": 3052.804185, "delta": 0.001916}}
{"target": -10.305687388826414, "params": {"colsample_bytree": 0.33110905583707906, "eta": 0.06473287704083412, "gamma": 667.2308588413113, "max_depth": 7.0, "min_child_weight": 3837.1319748050137, "num_boost_round": 24.0, "subsample": 0.6316602837161795}, "datetime": {"datetime": "2024-01-20 14:12:35", "elapsed": 3052.80609, "delta": 0.001905}}
{"target": -10.305909428038461, "params": {"colsample_bytree": 0.33110905583707906, "eta": 0.06473287704083412, "gamma": 667.2308588413113, "max_depth": 7.0, "min_child_weight": 3837.1319748050137, "num_boost_round": 25.0, "subsample": 0.6316602837161795}, "datetime": {"datetime": "2024-01-20 14:12:35", "elapsed": 3052.807963, "delta": 0.001873}}
{"target": -10.306339389628345, "params": {"colsample_bytree": 0.33110905583707906, "eta": 0.06473287704083412, "gamma": 667.2308588413113, "max_depth": 7.0, "min_child_weight": 3837.1319748050137, "num_boost_round": 26.0, "subsample": 0.6316602837161795}, "datetime": {"datetime": "2024-01-20 14:12:35", "elapsed": 3052.809928, "delta": 0.001965}}
{"target": -10.306454254405292, "params": {"colsample_bytree": 0.33110905583707906, "eta": 0.06473287704083412, "gamma": 667.2308588413113, "max_depth": 7.0, "min_child_weight": 3837.1319748050137, "num_boost_round": 27.0, "subsample": 0.6316602837161795}, "datetime": {"datetime": "2024-01-20 14:12:35", "elapsed": 3052.811804, "delta": 0.001876}}
