{"target": -13.495149072881594, "params": {"colsample_bytree": 0.9048931164759028, "eta": 0.03403656359783912, "gamma": 602.6511436883841, "max_depth": 3.0, "min_child_weight": 4389.466035214221, "num_boost_round": 79.0, "subsample": 0.30875364188358956}, "datetime": {"datetime": "2024-01-20 14:46:52", "elapsed": 1366.004617, "delta": 0.002268}}
{"target": -13.495082079722017, "params": {"colsample_bytree": 0.9048931164759028, "eta": 0.03403656359783912, "gamma": 602.6511436883841, "max_depth": 3.0, "min_child_weight": 4389.466035214221, "num_boost_round": 80.0, "subsample": 0.30875364188358956}, "datetime": {"datetime": "2024-01-20 14:46:52", "elapsed": 1366.00688, "delta": 0.002263}}
{"target": -13.495163056242482, "params": {"colsample_bytree": 0.9048931164759028, "eta": 0.03403656359783912, "gamma": 602.6511436883841, "max_depth": 3.0, "min_child_weight": 4389.466035214221, "num_boost_round": 81.0, "subsample": 0.30875364188358956}, "datetime": {"datetime": "2024-01-20 14:46:52", "elapsed": 1366.009147, "delta": 0.002267}}
{"target": -13.495118760299285, "params": {"colsample_bytree": 0.9048931164759028, "eta": 0.03403656359783912, "gamma": 602.6511436883841, "max_depth": 3.0, "min_child_weight": 4389.466035214221, "num_boost_round": 82.0, "subsample": 0.30875364188358956}, "datetime": {"datetime": "2024-01-20 14:46:52", "elapsed": 1366.011389, "delta": 0.002242}}
{"target": -13.49507683181083, "params": {"colsample_bytree": 0.9048931164759028, "eta": 0.03403656359783912, "gamma": 602.6511436883841, "max_depth": 3.0, "min_child_weight": 4389.466035214221, "num_boost_round": 83.0, "subsample": 0.30875364188358956}, "datetime": {"datetime": "2024-01-20 14:46:52", "elapsed": 1366.013654, "delta": 0.002265}}
{"target": -13.495037820823697, "params": {"colsample_bytree": 0.9048931164759028, "eta": 0.03403656359783912, "gamma": 602.6511436883841, "max_depth": 3.0, "min_child_weight": 4389.466035214221, "num_boost_round": 84.0, "subsample": 0.30875364188358956}, "datetime": {"datetime": "2024-01-20 14:46:52", "elapsed": 1366.015929, "delta": 0.002275}}
{"target": -13.495097390803782, "params": {"colsample_bytree": 0.9048931164759028, "eta": 0.03403656359783912, "gamma": 602.6511436883841, "max_depth": 3.0, "min_child_weight": 4389.466035214221, "num_boost_round": 85.0, "subsample": 0.30875364188358956}, "datetime": {"datetime": "2024-01-20 14:46:52", "elapsed": 1366.018177, "delta": 0.002248}}
{"target": -13.495116408357333, "params": {"colsample_bytree": 0.9048931164759028, "eta": 0.03403656359783912, "gamma": 602.6511436883841, "max_depth": 3.0, "min_child_weight": 4389.466035214221, "num_boost_round": 86.0, "subsample": 0.30875364188358956}, "datetime": {"datetime": "2024-01-20 14:46:52", "elapsed": 1366.02042, "delta": 0.002243}}
{"target": -13.495165366059513, "params": {"colsample_bytree": 0.9048931164759028, "eta": 0.03403656359783912, "gamma": 602.6511436883841, "max_depth": 3.0, "min_child_weight": 4389.466035214221, "num_boost_round": 87.0, "subsample": 0.30875364188358956}, "datetime": {"datetime": "2024-01-20 14:46:52", "elapsed": 1366.022691, "delta": 0.002271}}
{"target": -13.495153040958721, "params": {"colsample_bytree": 0.9048931164759028, "eta": 0.03403656359783912, "gamma": 602.6511436883841, "max_depth": 3.0, "min_child_weight": 4389.466035214221, "num_boost_round": 88.0, "subsample": 0.30875364188358956}, "datetime": {"datetime": "2024-01-20 14:46:52", "elapsed": 1366.02495, "delta": 0.002259}}
{"target": -13.495153597872807, "params": {"colsample_bytree": 0.9048931164759028, "eta": 0.03403656359783912, "gamma": 602.6511436883841, "max_depth": 3.0, "min_child_weight": 4389.466035214221, "num_boost_round": 89.0, "subsample": 0.30875364188358956}, "datetime": {"datetime": "2024-01-20 14:46:52", "elapsed": 1366.027221, "delta": 0.002271}}
{"target": -13.495172532090411, "params": {"colsample_bytree": 0.9048931164759028, "eta": 0.03403656359783912, "gamma": 602.6511436883841, "max_depth": 3.0, "min_child_weight": 4389.466035214221, "num_boost_round": 90.0, "subsample": 0.30875364188358956}, "datetime": {"datetime": "2024-01-20 14:46:52", "elapsed": 1366.029495, "delta": 0.002274}}
{"target": -13.495172549533951, "params": {"colsample_bytree": 0.9048931164759028, "eta": 0.03403656359783912, "gamma": 602.6511436883841, "max_depth": 3.0, "min_child_weight": 4389.466035214221, "num_boost_round": 91.0, "subsample": 0.30875364188358956}, "datetime": {"datetime": "2024-01-20 14:46:52", "elapsed": 1366.031752, "delta": 0.002257}}
{"target": -13.495282282762782, "params": {"colsample_bytree": 0.9048931164759028, "eta": 0.03403656359783912, "gamma": 602.6511436883841, "max_depth": 3.0, "min_child_weight": 4389.466035214221, "num_boost_round": 92.0, "subsample": 0.30875364188358956}, "datetime": {"datetime": "2024-01-20 14:46:52", "elapsed": 1366.034012, "delta": 0.00226}}
{"target": -13.495304755465224, "params": {"colsample_bytree": 0.9048931164759028, "eta": 0.03403656359783912, "gamma": 602.6511436883841, "max_depth": 3.0, "min_child_weight": 4389.466035214221, "num_boost_round": 93.0, "subsample": 0.30875364188358956}, "datetime": {"datetime": "2024-01-20 14:46:52", "elapsed": 1366.036278, "delta": 0.002266}}
{"target": -13.495207870304124, "params": {"colsample_bytree": 0.9048931164759028, "eta": 0.03403656359783912, "gamma": 602.6511436883841, "max_depth": 3.0, "min_child_weight": 4389.466035214221, "num_boost_round": 94.0, "subsample": 0.30875364188358956}, "datetime": {"datetime": "2024-01-20 14:46:52", "elapsed": 1366.038544, "delta": 0.002266}}
{"target": -13.495264108700773, "params": {"colsample_bytree": 0.9048931164759028, "eta": 0.03403656359783912, "gamma": 602.6511436883841, "max_depth": 3.0, "min_child_weight": 4389.466035214221, "num_boost_round": 95.0, "subsample": 0.30875364188358956}, "datetime": {"datetime": "2024-01-20 14:46:52", "elapsed": 1366.040824, "delta": 0.00228}}
{"target": -13.495335874905338, "params": {"colsample_bytree": 0.9048931164759028, "eta": 0.03403656359783912, "gamma": 602.6511436883841, "max_depth": 3.0, "min_child_weight": 4389.466035214221, "num_boost_round": 96.0, "subsample": 0.30875364188358956}, "datetime": {"datetime": "2024-01-20 14:46:52", "elapsed": 1366.043152, "delta": 0.002328}}
{"target": -13.49534259598013, "params": {"colsample_bytree": 0.9048931164759028, "eta": 0.03403656359783912, "gamma": 602.6511436883841, "max_depth": 3.0, "min_child_weight": 4389.466035214221, "num_boost_round": 97.0, "subsample": 0.30875364188358956}, "datetime": {"datetime": "2024-01-20 14:46:52", "elapsed": 1366.045432, "delta": 0.00228}}
{"target": -13.495385015111307, "params": {"colsample_bytree": 0.9048931164759028, "eta": 0.03403656359783912, "gamma": 602.6511436883841, "max_depth": 3.0, "min_child_weight": 4389.466035214221, "num_boost_round": 98.0, "subsample": 0.30875364188358956}, "datetime": {"datetime": "2024-01-20 14:46:52", "elapsed": 1366.047685, "delta": 0.002253}}
{"target": -13.495446579831826, "params": {"colsample_bytree": 0.9048931164759028, "eta": 0.03403656359783912, "gamma": 602.6511436883841, "max_depth": 3.0, "min_child_weight": 4389.466035214221, "num_boost_round": 99.0, "subsample": 0.30875364188358956}, "datetime": {"datetime": "2024-01-20 14:46:52", "elapsed": 1366.049969, "delta": 0.002284}}
{"target": -13.495451536391808, "params": {"colsample_bytree": 0.9048931164759028, "eta": 0.03403656359783912, "gamma": 602.6511436883841, "max_depth": 3.0, "min_child_weight": 4389.466035214221, "num_boost_round": 100.0, "subsample": 0.30875364188358956}, "datetime": {"datetime": "2024-01-20 14:46:52", "elapsed": 1366.052242, "delta": 0.002273}}
{"target": -13.495376254790157, "params": {"colsample_bytree": 0.9048931164759028, "eta": 0.03403656359783912, "gamma": 602.6511436883841, "max_depth": 3.0, "min_child_weight": 4389.466035214221, "num_boost_round": 101.0, "subsample": 0.30875364188358956}, "datetime": {"datetime": "2024-01-20 14:46:52", "elapsed": 1366.054511, "delta": 0.002269}}
{"target": -13.495441048870072, "params": {"colsample_bytree": 0.9048931164759028, "eta": 0.03403656359783912, "gamma": 602.6511436883841, "max_depth": 3.0, "min_child_weight": 4389.466035214221, "num_boost_round": 102.0, "subsample": 0.30875364188358956}, "datetime": {"datetime": "2024-01-20 14:46:52", "elapsed": 1366.057404, "delta": 0.002893}}
{"target": -13.49541521808611, "params": {"colsample_bytree": 0.9048931164759028, "eta": 0.03403656359783912, "gamma": 602.6511436883841, "max_depth": 3.0, "min_child_weight": 4389.466035214221, "num_boost_round": 103.0, "subsample": 0.30875364188358956}, "datetime": {"datetime": "2024-01-20 14:46:52", "elapsed": 1366.059788, "delta": 0.002384}}
{"target": -13.495414396577843, "params": {"colsample_bytree": 0.9048931164759028, "eta": 0.03403656359783912, "gamma": 602.6511436883841, "max_depth": 3.0, "min_child_weight": 4389.466035214221, "num_boost_round": 104.0, "subsample": 0.30875364188358956}, "datetime": {"datetime": "2024-01-20 14:46:52", "elapsed": 1366.06214, "delta": 0.002352}}
{"target": -13.495338974714945, "params": {"colsample_bytree": 0.9048931164759028, "eta": 0.03403656359783912, "gamma": 602.6511436883841, "max_depth": 3.0, "min_child_weight": 4389.466035214221, "num_boost_round": 105.0, "subsample": 0.30875364188358956}, "datetime": {"datetime": "2024-01-20 14:46:52", "elapsed": 1366.064481, "delta": 0.002341}}
{"target": -13.49535155886655, "params": {"colsample_bytree": 0.9048931164759028, "eta": 0.03403656359783912, "gamma": 602.6511436883841, "max_depth": 3.0, "min_child_weight": 4389.466035214221, "num_boost_round": 106.0, "subsample": 0.30875364188358956}, "datetime": {"datetime": "2024-01-20 14:46:52", "elapsed": 1366.066728, "delta": 0.002247}}
{"target": -13.495353750239854, "params": {"colsample_bytree": 0.9048931164759028, "eta": 0.03403656359783912, "gamma": 602.6511436883841, "max_depth": 3.0, "min_child_weight": 4389.466035214221, "num_boost_round": 107.0, "subsample": 0.30875364188358956}, "datetime": {"datetime": "2024-01-20 14:46:52", "elapsed": 1366.068988, "delta": 0.00226}}
{"target": -13.495327625893555, "params": {"colsample_bytree": 0.9048931164759028, "eta": 0.03403656359783912, "gamma": 602.6511436883841, "max_depth": 3.0, "min_child_weight": 4389.466035214221, "num_boost_round": 108.0, "subsample": 0.30875364188358956}, "datetime": {"datetime": "2024-01-20 14:46:52", "elapsed": 1366.071213, "delta": 0.002225}}
{"target": -13.495246808007764, "params": {"colsample_bytree": 0.9048931164759028, "eta": 0.03403656359783912, "gamma": 602.6511436883841, "max_depth": 3.0, "min_child_weight": 4389.466035214221, "num_boost_round": 109.0, "subsample": 0.30875364188358956}, "datetime": {"datetime": "2024-01-20 14:46:52", "elapsed": 1366.073528, "delta": 0.002315}}
{"target": -13.495292761819528, "params": {"colsample_bytree": 0.9048931164759028, "eta": 0.03403656359783912, "gamma": 602.6511436883841, "max_depth": 3.0, "min_child_weight": 4389.466035214221, "num_boost_round": 110.0, "subsample": 0.30875364188358956}, "datetime": {"datetime": "2024-01-20 14:46:52", "elapsed": 1366.075838, "delta": 0.00231}}
{"target": -13.495326538968811, "params": {"colsample_bytree": 0.9048931164759028, "eta": 0.03403656359783912, "gamma": 602.6511436883841, "max_depth": 3.0, "min_child_weight": 4389.466035214221, "num_boost_round": 111.0, "subsample": 0.30875364188358956}, "datetime": {"datetime": "2024-01-20 14:46:52", "elapsed": 1366.078142, "delta": 0.002304}}
{"target": -13.495365371366367, "params": {"colsample_bytree": 0.9048931164759028, "eta": 0.03403656359783912, "gamma": 602.6511436883841, "max_depth": 3.0, "min_child_weight": 4389.466035214221, "num_boost_round": 112.0, "subsample": 0.30875364188358956}, "datetime": {"datetime": "2024-01-20 14:46:52", "elapsed": 1366.080457, "delta": 0.002315}}
{"target": -13.495273828971019, "params": {"colsample_bytree": 0.9048931164759028, "eta": 0.03403656359783912, "gamma": 602.6511436883841, "max_depth": 3.0, "min_child_weight": 4389.466035214221, "num_boost_round": 113.0, "subsample": 0.30875364188358956}, "datetime": {"datetime": "2024-01-20 14:46:52", "elapsed": 1366.082751, "delta": 0.002294}}
{"target": -13.495296896591844, "params": {"colsample_bytree": 0.9048931164759028, "eta": 0.03403656359783912, "gamma": 602.6511436883841, "max_depth": 3.0, "min_child_weight": 4389.466035214221, "num_boost_round": 114.0, "subsample": 0.30875364188358956}, "datetime": {"datetime": "2024-01-20 14:46:52", "elapsed": 1366.085059, "delta": 0.002308}}
{"target": -13.495258991104881, "params": {"colsample_bytree": 0.9048931164759028, "eta": 0.03403656359783912, "gamma": 602.6511436883841, "max_depth": 3.0, "min_child_weight": 4389.466035214221, "num_boost_round": 115.0, "subsample": 0.30875364188358956}, "datetime": {"datetime": "2024-01-20 14:46:52", "elapsed": 1366.087349, "delta": 0.00229}}
{"target": -13.495306687036056, "params": {"colsample_bytree": 0.9048931164759028, "eta": 0.03403656359783912, "gamma": 602.6511436883841, "max_depth": 3.0, "min_child_weight": 4389.466035214221, "num_boost_round": 116.0, "subsample": 0.30875364188358956}, "datetime": {"datetime": "2024-01-20 14:46:52", "elapsed": 1366.089629, "delta": 0.00228}}
{"target": -13.495323606373576, "params": {"colsample_bytree": 0.9048931164759028, "eta": 0.03403656359783912, "gamma": 602.6511436883841, "max_depth": 3.0, "min_child_weight": 4389.466035214221, "num_boost_round": 117.0, "subsample": 0.30875364188358956}, "datetime": {"datetime": "2024-01-20 14:46:52", "elapsed": 1366.091938, "delta": 0.002309}}
{"target": -13.495344935304285, "params": {"colsample_bytree": 0.9048931164759028, "eta": 0.03403656359783912, "gamma": 602.6511436883841, "max_depth": 3.0, "min_child_weight": 4389.466035214221, "num_boost_round": 118.0, "subsample": 0.30875364188358956}, "datetime": {"datetime": "2024-01-20 14:46:52", "elapsed": 1366.094224, "delta": 0.002286}}
{"target": -13.497708468604845, "params": {"colsample_bytree": 0.5408457515277975, "eta": 0.06608925094544564, "gamma": 586.8048917885932, "max_depth": 5.0, "min_child_weight": 4330.262312205533, "num_boost_round": 1.0, "subsample": 0.5958561393057527}, "datetime": {"datetime": "2024-01-20 14:48:14", "elapsed": 1448.394124, "delta": 82.2999}}
{"target": -13.497438650925753, "params": {"colsample_bytree": 0.5408457515277975, "eta": 0.06608925094544564, "gamma": 586.8048917885932, "max_depth": 5.0, "min_child_weight": 4330.262312205533, "num_boost_round": 2.0, "subsample": 0.5958561393057527}, "datetime": {"datetime": "2024-01-20 14:48:14", "elapsed": 1448.397327, "delta": 0.003203}}
{"target": -13.497381208335424, "params": {"colsample_bytree": 0.5408457515277975, "eta": 0.06608925094544564, "gamma": 586.8048917885932, "max_depth": 5.0, "min_child_weight": 4330.262312205533, "num_boost_round": 3.0, "subsample": 0.5958561393057527}, "datetime": {"datetime": "2024-01-20 14:48:14", "elapsed": 1448.39995, "delta": 0.002623}}
{"target": -13.49755242630508, "params": {"colsample_bytree": 0.5408457515277975, "eta": 0.06608925094544564, "gamma": 586.8048917885932, "max_depth": 5.0, "min_child_weight": 4330.262312205533, "num_boost_round": 4.0, "subsample": 0.5958561393057527}, "datetime": {"datetime": "2024-01-20 14:48:14", "elapsed": 1448.402205, "delta": 0.002255}}
{"target": -13.49736425377342, "params": {"colsample_bytree": 0.5408457515277975, "eta": 0.06608925094544564, "gamma": 586.8048917885932, "max_depth": 5.0, "min_child_weight": 4330.262312205533, "num_boost_round": 5.0, "subsample": 0.5958561393057527}, "datetime": {"datetime": "2024-01-20 14:48:14", "elapsed": 1448.404378, "delta": 0.002173}}
{"target": -13.497312052129352, "params": {"colsample_bytree": 0.5408457515277975, "eta": 0.06608925094544564, "gamma": 586.8048917885932, "max_depth": 5.0, "min_child_weight": 4330.262312205533, "num_boost_round": 6.0, "subsample": 0.5958561393057527}, "datetime": {"datetime": "2024-01-20 14:48:14", "elapsed": 1448.406559, "delta": 0.002181}}
{"target": -13.497545256009964, "params": {"colsample_bytree": 0.5408457515277975, "eta": 0.06608925094544564, "gamma": 586.8048917885932, "max_depth": 5.0, "min_child_weight": 4330.262312205533, "num_boost_round": 7.0, "subsample": 0.5958561393057527}, "datetime": {"datetime": "2024-01-20 14:48:14", "elapsed": 1448.408726, "delta": 0.002167}}
{"target": -13.49750566566923, "params": {"colsample_bytree": 0.5408457515277975, "eta": 0.06608925094544564, "gamma": 586.8048917885932, "max_depth": 5.0, "min_child_weight": 4330.262312205533, "num_boost_round": 8.0, "subsample": 0.5958561393057527}, "datetime": {"datetime": "2024-01-20 14:48:14", "elapsed": 1448.410896, "delta": 0.00217}}
{"target": -13.497414882488872, "params": {"colsample_bytree": 0.5408457515277975, "eta": 0.06608925094544564, "gamma": 586.8048917885932, "max_depth": 5.0, "min_child_weight": 4330.262312205533, "num_boost_round": 9.0, "subsample": 0.5958561393057527}, "datetime": {"datetime": "2024-01-20 14:48:14", "elapsed": 1448.413201, "delta": 0.002305}}
{"target": -13.497376815935947, "params": {"colsample_bytree": 0.5408457515277975, "eta": 0.06608925094544564, "gamma": 586.8048917885932, "max_depth": 5.0, "min_child_weight": 4330.262312205533, "num_boost_round": 10.0, "subsample": 0.5958561393057527}, "datetime": {"datetime": "2024-01-20 14:48:14", "elapsed": 1448.415501, "delta": 0.0023}}
{"target": -13.497446621985151, "params": {"colsample_bytree": 0.5408457515277975, "eta": 0.06608925094544564, "gamma": 586.8048917885932, "max_depth": 5.0, "min_child_weight": 4330.262312205533, "num_boost_round": 11.0, "subsample": 0.5958561393057527}, "datetime": {"datetime": "2024-01-20 14:48:14", "elapsed": 1448.417835, "delta": 0.002334}}
{"target": -13.497776974239809, "params": {"colsample_bytree": 0.5408457515277975, "eta": 0.06608925094544564, "gamma": 586.8048917885932, "max_depth": 5.0, "min_child_weight": 4330.262312205533, "num_boost_round": 12.0, "subsample": 0.5958561393057527}, "datetime": {"datetime": "2024-01-20 14:48:14", "elapsed": 1448.420116, "delta": 0.002281}}
{"target": -13.49758344308015, "params": {"colsample_bytree": 0.5408457515277975, "eta": 0.06608925094544564, "gamma": 586.8048917885932, "max_depth": 5.0, "min_child_weight": 4330.262312205533, "num_boost_round": 13.0, "subsample": 0.5958561393057527}, "datetime": {"datetime": "2024-01-20 14:48:14", "elapsed": 1448.422393, "delta": 0.002277}}
{"target": -13.497962347137719, "params": {"colsample_bytree": 0.5408457515277975, "eta": 0.06608925094544564, "gamma": 586.8048917885932, "max_depth": 5.0, "min_child_weight": 4330.262312205533, "num_boost_round": 14.0, "subsample": 0.5958561393057527}, "datetime": {"datetime": "2024-01-20 14:48:14", "elapsed": 1448.42457, "delta": 0.002177}}
{"target": -13.49812853395974, "params": {"colsample_bytree": 0.5408457515277975, "eta": 0.06608925094544564, "gamma": 586.8048917885932, "max_depth": 5.0, "min_child_weight": 4330.262312205533, "num_boost_round": 15.0, "subsample": 0.5958561393057527}, "datetime": {"datetime": "2024-01-20 14:48:14", "elapsed": 1448.426738, "delta": 0.002168}}
{"target": -13.498498071279808, "params": {"colsample_bytree": 0.5408457515277975, "eta": 0.06608925094544564, "gamma": 586.8048917885932, "max_depth": 5.0, "min_child_weight": 4330.262312205533, "num_boost_round": 16.0, "subsample": 0.5958561393057527}, "datetime": {"datetime": "2024-01-20 14:48:14", "elapsed": 1448.428934, "delta": 0.002196}}
{"target": -13.498805047793699, "params": {"colsample_bytree": 0.5408457515277975, "eta": 0.06608925094544564, "gamma": 586.8048917885932, "max_depth": 5.0, "min_child_weight": 4330.262312205533, "num_boost_round": 17.0, "subsample": 0.5958561393057527}, "datetime": {"datetime": "2024-01-20 14:48:14", "elapsed": 1448.431163, "delta": 0.002229}}
{"target": -13.499085352304919, "params": {"colsample_bytree": 0.5408457515277975, "eta": 0.06608925094544564, "gamma": 586.8048917885932, "max_depth": 5.0, "min_child_weight": 4330.262312205533, "num_boost_round": 18.0, "subsample": 0.5958561393057527}, "datetime": {"datetime": "2024-01-20 14:48:14", "elapsed": 1448.433375, "delta": 0.002212}}
{"target": -13.499209403560286, "params": {"colsample_bytree": 0.5408457515277975, "eta": 0.06608925094544564, "gamma": 586.8048917885932, "max_depth": 5.0, "min_child_weight": 4330.262312205533, "num_boost_round": 19.0, "subsample": 0.5958561393057527}, "datetime": {"datetime": "2024-01-20 14:48:14", "elapsed": 1448.435603, "delta": 0.002228}}
{"target": -13.499366328244587, "params": {"colsample_bytree": 0.5408457515277975, "eta": 0.06608925094544564, "gamma": 586.8048917885932, "max_depth": 5.0, "min_child_weight": 4330.262312205533, "num_boost_round": 20.0, "subsample": 0.5958561393057527}, "datetime": {"datetime": "2024-01-20 14:48:14", "elapsed": 1448.437804, "delta": 0.002201}}
{"target": -13.49953214015618, "params": {"colsample_bytree": 0.5408457515277975, "eta": 0.06608925094544564, "gamma": 586.8048917885932, "max_depth": 5.0, "min_child_weight": 4330.262312205533, "num_boost_round": 21.0, "subsample": 0.5958561393057527}, "datetime": {"datetime": "2024-01-20 14:48:14", "elapsed": 1448.440052, "delta": 0.002248}}
{"target": -13.499689348509143, "params": {"colsample_bytree": 0.5408457515277975, "eta": 0.06608925094544564, "gamma": 586.8048917885932, "max_depth": 5.0, "min_child_weight": 4330.262312205533, "num_boost_round": 22.0, "subsample": 0.5958561393057527}, "datetime": {"datetime": "2024-01-20 14:48:15", "elapsed": 1448.442301, "delta": 0.002249}}
{"target": -13.49969899427339, "params": {"colsample_bytree": 0.5408457515277975, "eta": 0.06608925094544564, "gamma": 586.8048917885932, "max_depth": 5.0, "min_child_weight": 4330.262312205533, "num_boost_round": 23.0, "subsample": 0.5958561393057527}, "datetime": {"datetime": "2024-01-20 14:48:15", "elapsed": 1448.444529, "delta": 0.002228}}
