{"target": -15.155540404278089, "params": {"colsample_bytree": 0.970428248475239, "eta": 0.03114412873203984, "gamma": 595.5169343290763, "max_depth": 8.0, "min_child_weight": 4154.822656514664, "num_boost_round": 14.0, "subsample": 0.5662410667823582}, "datetime": {"datetime": "2024-01-20 14:38:21", "elapsed": 858.692208, "delta": 0.001655}}
{"target": -15.155308695738126, "params": {"colsample_bytree": 0.970428248475239, "eta": 0.03114412873203984, "gamma": 595.5169343290763, "max_depth": 8.0, "min_child_weight": 4154.822656514664, "num_boost_round": 15.0, "subsample": 0.5662410667823582}, "datetime": {"datetime": "2024-01-20 14:38:21", "elapsed": 858.693804, "delta": 0.001596}}
{"target": -15.154899402865794, "params": {"colsample_bytree": 0.970428248475239, "eta": 0.03114412873203984, "gamma": 595.5169343290763, "max_depth": 8.0, "min_child_weight": 4154.822656514664, "num_boost_round": 16.0, "subsample": 0.5662410667823582}, "datetime": {"datetime": "2024-01-20 14:38:21", "elapsed": 858.695363, "delta": 0.001559}}
{"target": -15.154595921267532, "params": {"colsample_bytree": 0.970428248475239, "eta": 0.03114412873203984, "gamma": 595.5169343290763, "max_depth": 8.0, "min_child_weight": 4154.822656514664, "num_boost_round": 17.0, "subsample": 0.5662410667823582}, "datetime": {"datetime": "2024-01-20 14:38:21", "elapsed": 858.696817, "delta": 0.001454}}
{"target": -15.15440237141538, "params": {"colsample_bytree": 0.970428248475239, "eta": 0.03114412873203984, "gamma": 595.5169343290763, "max_depth": 8.0, "min_child_weight": 4154.822656514664, "num_boost_round": 18.0, "subsample": 0.5662410667823582}, "datetime": {"datetime": "2024-01-20 14:38:21", "elapsed": 858.698301, "delta": 0.001484}}
{"target": -15.154076829455544, "params": {"colsample_bytree": 0.970428248475239, "eta": 0.03114412873203984, "gamma": 595.5169343290763, "max_depth": 8.0, "min_child_weight": 4154.822656514664, "num_boost_round": 19.0, "subsample": 0.5662410667823582}, "datetime": {"datetime": "2024-01-20 14:38:21", "elapsed": 858.69983, "delta": 0.001529}}
{"target": -15.153761667235814, "params": {"colsample_bytree": 0.970428248475239, "eta": 0.03114412873203984, "gamma": 595.5169343290763, "max_depth": 8.0, "min_child_weight": 4154.822656514664, "num_boost_round": 20.0, "subsample": 0.5662410667823582}, "datetime": {"datetime": "2024-01-20 14:38:21", "elapsed": 858.7013, "delta": 0.00147}}
{"target": -15.153559416665564, "params": {"colsample_bytree": 0.970428248475239, "eta": 0.03114412873203984, "gamma": 595.5169343290763, "max_depth": 8.0, "min_child_weight": 4154.822656514664, "num_boost_round": 21.0, "subsample": 0.5662410667823582}, "datetime": {"datetime": "2024-01-20 14:38:21", "elapsed": 858.702848, "delta": 0.001548}}
{"target": -15.15317564996593, "params": {"colsample_bytree": 0.970428248475239, "eta": 0.03114412873203984, "gamma": 595.5169343290763, "max_depth": 8.0, "min_child_weight": 4154.822656514664, "num_boost_round": 22.0, "subsample": 0.5662410667823582}, "datetime": {"datetime": "2024-01-20 14:38:21", "elapsed": 858.704305, "delta": 0.001457}}
{"target": -15.153456234119243, "params": {"colsample_bytree": 0.970428248475239, "eta": 0.03114412873203984, "gamma": 595.5169343290763, "max_depth": 8.0, "min_child_weight": 4154.822656514664, "num_boost_round": 23.0, "subsample": 0.5662410667823582}, "datetime": {"datetime": "2024-01-20 14:38:21", "elapsed": 858.705765, "delta": 0.00146}}
{"target": -15.153243171601723, "params": {"colsample_bytree": 0.970428248475239, "eta": 0.03114412873203984, "gamma": 595.5169343290763, "max_depth": 8.0, "min_child_weight": 4154.822656514664, "num_boost_round": 24.0, "subsample": 0.5662410667823582}, "datetime": {"datetime": "2024-01-20 14:38:21", "elapsed": 858.707224, "delta": 0.001459}}
{"target": -15.15334426622696, "params": {"colsample_bytree": 0.970428248475239, "eta": 0.03114412873203984, "gamma": 595.5169343290763, "max_depth": 8.0, "min_child_weight": 4154.822656514664, "num_boost_round": 25.0, "subsample": 0.5662410667823582}, "datetime": {"datetime": "2024-01-20 14:38:21", "elapsed": 858.708683, "delta": 0.001459}}
{"target": -15.15326592153313, "params": {"colsample_bytree": 0.970428248475239, "eta": 0.03114412873203984, "gamma": 595.5169343290763, "max_depth": 8.0, "min_child_weight": 4154.822656514664, "num_boost_round": 26.0, "subsample": 0.5662410667823582}, "datetime": {"datetime": "2024-01-20 14:38:21", "elapsed": 858.710145, "delta": 0.001462}}
{"target": -15.153560315374637, "params": {"colsample_bytree": 0.970428248475239, "eta": 0.03114412873203984, "gamma": 595.5169343290763, "max_depth": 8.0, "min_child_weight": 4154.822656514664, "num_boost_round": 27.0, "subsample": 0.5662410667823582}, "datetime": {"datetime": "2024-01-20 14:38:21", "elapsed": 858.71174, "delta": 0.001595}}
{"target": -15.153504439836087, "params": {"colsample_bytree": 0.970428248475239, "eta": 0.03114412873203984, "gamma": 595.5169343290763, "max_depth": 8.0, "min_child_weight": 4154.822656514664, "num_boost_round": 28.0, "subsample": 0.5662410667823582}, "datetime": {"datetime": "2024-01-20 14:38:21", "elapsed": 858.713235, "delta": 0.001495}}
{"target": -15.153943397923427, "params": {"colsample_bytree": 0.970428248475239, "eta": 0.03114412873203984, "gamma": 595.5169343290763, "max_depth": 8.0, "min_child_weight": 4154.822656514664, "num_boost_round": 29.0, "subsample": 0.5662410667823582}, "datetime": {"datetime": "2024-01-20 14:38:21", "elapsed": 858.71471, "delta": 0.001475}}
{"target": -15.15414331992179, "params": {"colsample_bytree": 0.970428248475239, "eta": 0.03114412873203984, "gamma": 595.5169343290763, "max_depth": 8.0, "min_child_weight": 4154.822656514664, "num_boost_round": 30.0, "subsample": 0.5662410667823582}, "datetime": {"datetime": "2024-01-20 14:38:21", "elapsed": 858.716178, "delta": 0.001468}}
{"target": -15.154768740673195, "params": {"colsample_bytree": 0.970428248475239, "eta": 0.03114412873203984, "gamma": 595.5169343290763, "max_depth": 8.0, "min_child_weight": 4154.822656514664, "num_boost_round": 31.0, "subsample": 0.5662410667823582}, "datetime": {"datetime": "2024-01-20 14:38:21", "elapsed": 858.717645, "delta": 0.001467}}
{"target": -15.15502839226884, "params": {"colsample_bytree": 0.970428248475239, "eta": 0.03114412873203984, "gamma": 595.5169343290763, "max_depth": 8.0, "min_child_weight": 4154.822656514664, "num_boost_round": 32.0, "subsample": 0.5662410667823582}, "datetime": {"datetime": "2024-01-20 14:38:21", "elapsed": 858.71911, "delta": 0.001465}}
{"target": -15.155053663116426, "params": {"colsample_bytree": 0.970428248475239, "eta": 0.03114412873203984, "gamma": 595.5169343290763, "max_depth": 8.0, "min_child_weight": 4154.822656514664, "num_boost_round": 33.0, "subsample": 0.5662410667823582}, "datetime": {"datetime": "2024-01-20 14:38:21", "elapsed": 858.72068, "delta": 0.00157}}
{"target": -15.155546841703867, "params": {"colsample_bytree": 0.970428248475239, "eta": 0.03114412873203984, "gamma": 595.5169343290763, "max_depth": 8.0, "min_child_weight": 4154.822656514664, "num_boost_round": 34.0, "subsample": 0.5662410667823582}, "datetime": {"datetime": "2024-01-20 14:38:21", "elapsed": 858.7222, "delta": 0.00152}}
{"target": -15.155736556914654, "params": {"colsample_bytree": 0.970428248475239, "eta": 0.03114412873203984, "gamma": 595.5169343290763, "max_depth": 8.0, "min_child_weight": 4154.822656514664, "num_boost_round": 35.0, "subsample": 0.5662410667823582}, "datetime": {"datetime": "2024-01-20 14:38:21", "elapsed": 858.723689, "delta": 0.001489}}
{"target": -15.171867184438813, "params": {"colsample_bytree": 0.28069731713721213, "eta": 0.036572063199555166, "gamma": 611.4326404624471, "max_depth": 2.0, "min_child_weight": 4221.861688032641, "num_boost_round": 1.0, "subsample": 0.7816587913529109}, "datetime": {"datetime": "2024-01-20 14:38:55", "elapsed": 892.650131, "delta": 33.926442}}
{"target": -15.17084371690702, "params": {"colsample_bytree": 0.28069731713721213, "eta": 0.036572063199555166, "gamma": 611.4326404624471, "max_depth": 2.0, "min_child_weight": 4221.861688032641, "num_boost_round": 2.0, "subsample": 0.7816587913529109}, "datetime": {"datetime": "2024-01-20 14:38:55", "elapsed": 892.652366, "delta": 0.002235}}
{"target": -15.169768321878177, "params": {"colsample_bytree": 0.28069731713721213, "eta": 0.036572063199555166, "gamma": 611.4326404624471, "max_depth": 2.0, "min_child_weight": 4221.861688032641, "num_boost_round": 3.0, "subsample": 0.7816587913529109}, "datetime": {"datetime": "2024-01-20 14:38:55", "elapsed": 892.654189, "delta": 0.001823}}
{"target": -15.169707448073396, "params": {"colsample_bytree": 0.28069731713721213, "eta": 0.036572063199555166, "gamma": 611.4326404624471, "max_depth": 2.0, "min_child_weight": 4221.861688032641, "num_boost_round": 4.0, "subsample": 0.7816587913529109}, "datetime": {"datetime": "2024-01-20 14:38:55", "elapsed": 892.65583, "delta": 0.001641}}
{"target": -15.168706045420599, "params": {"colsample_bytree": 0.28069731713721213, "eta": 0.036572063199555166, "gamma": 611.4326404624471, "max_depth": 2.0, "min_child_weight": 4221.861688032641, "num_boost_round": 5.0, "subsample": 0.7816587913529109}, "datetime": {"datetime": "2024-01-20 14:38:55", "elapsed": 892.657532, "delta": 0.001702}}
{"target": -15.16770056461436, "params": {"colsample_bytree": 0.28069731713721213, "eta": 0.036572063199555166, "gamma": 611.4326404624471, "max_depth": 2.0, "min_child_weight": 4221.861688032641, "num_boost_round": 6.0, "subsample": 0.7816587913529109}, "datetime": {"datetime": "2024-01-20 14:38:55", "elapsed": 892.659079, "delta": 0.001547}}
{"target": -15.166777304500762, "params": {"colsample_bytree": 0.28069731713721213, "eta": 0.036572063199555166, "gamma": 611.4326404624471, "max_depth": 2.0, "min_child_weight": 4221.861688032641, "num_boost_round": 7.0, "subsample": 0.7816587913529109}, "datetime": {"datetime": "2024-01-20 14:38:55", "elapsed": 892.660654, "delta": 0.001575}}
{"target": -15.165188685403722, "params": {"colsample_bytree": 0.28069731713721213, "eta": 0.036572063199555166, "gamma": 611.4326404624471, "max_depth": 2.0, "min_child_weight": 4221.861688032641, "num_boost_round": 8.0, "subsample": 0.7816587913529109}, "datetime": {"datetime": "2024-01-20 14:38:55", "elapsed": 892.662187, "delta": 0.001533}}
{"target": -15.16542919177613, "params": {"colsample_bytree": 0.28069731713721213, "eta": 0.036572063199555166, "gamma": 611.4326404624471, "max_depth": 2.0, "min_child_weight": 4221.861688032641, "num_boost_round": 9.0, "subsample": 0.7816587913529109}, "datetime": {"datetime": "2024-01-20 14:38:55", "elapsed": 892.663708, "delta": 0.001521}}
{"target": -15.164641746219441, "params": {"colsample_bytree": 0.28069731713721213, "eta": 0.036572063199555166, "gamma": 611.4326404624471, "max_depth": 2.0, "min_child_weight": 4221.861688032641, "num_boost_round": 10.0, "subsample": 0.7816587913529109}, "datetime": {"datetime": "2024-01-20 14:38:55", "elapsed": 892.665199, "delta": 0.001491}}
{"target": -15.164609086720194, "params": {"colsample_bytree": 0.28069731713721213, "eta": 0.036572063199555166, "gamma": 611.4326404624471, "max_depth": 2.0, "min_child_weight": 4221.861688032641, "num_boost_round": 11.0, "subsample": 0.7816587913529109}, "datetime": {"datetime": "2024-01-20 14:38:55", "elapsed": 892.666705, "delta": 0.001506}}
{"target": -15.164604975654989, "params": {"colsample_bytree": 0.28069731713721213, "eta": 0.036572063199555166, "gamma": 611.4326404624471, "max_depth": 2.0, "min_child_weight": 4221.861688032641, "num_boost_round": 12.0, "subsample": 0.7816587913529109}, "datetime": {"datetime": "2024-01-20 14:38:55", "elapsed": 892.668211, "delta": 0.001506}}
{"target": -15.164740583191467, "params": {"colsample_bytree": 0.28069731713721213, "eta": 0.036572063199555166, "gamma": 611.4326404624471, "max_depth": 2.0, "min_child_weight": 4221.861688032641, "num_boost_round": 13.0, "subsample": 0.7816587913529109}, "datetime": {"datetime": "2024-01-20 14:38:55", "elapsed": 892.669724, "delta": 0.001513}}
{"target": -15.164059807839191, "params": {"colsample_bytree": 0.28069731713721213, "eta": 0.036572063199555166, "gamma": 611.4326404624471, "max_depth": 2.0, "min_child_weight": 4221.861688032641, "num_boost_round": 14.0, "subsample": 0.7816587913529109}, "datetime": {"datetime": "2024-01-20 14:38:55", "elapsed": 892.671363, "delta": 0.001639}}
{"target": -15.16401376806148, "params": {"colsample_bytree": 0.28069731713721213, "eta": 0.036572063199555166, "gamma": 611.4326404624471, "max_depth": 2.0, "min_child_weight": 4221.861688032641, "num_boost_round": 15.0, "subsample": 0.7816587913529109}, "datetime": {"datetime": "2024-01-20 14:38:55", "elapsed": 892.672864, "delta": 0.001501}}
{"target": -15.163370041837855, "params": {"colsample_bytree": 0.28069731713721213, "eta": 0.036572063199555166, "gamma": 611.4326404624471, "max_depth": 2.0, "min_child_weight": 4221.861688032641, "num_boost_round": 16.0, "subsample": 0.7816587913529109}, "datetime": {"datetime": "2024-01-20 14:38:55", "elapsed": 892.674374, "delta": 0.00151}}
{"target": -15.162176273606164, "params": {"colsample_bytree": 0.28069731713721213, "eta": 0.036572063199555166, "gamma": 611.4326404624471, "max_depth": 2.0, "min_child_weight": 4221.861688032641, "num_boost_round": 17.0, "subsample": 0.7816587913529109}, "datetime": {"datetime": "2024-01-20 14:38:55", "elapsed": 892.675881, "delta": 0.001507}}
{"target": -15.162185577849694, "params": {"colsample_bytree": 0.28069731713721213, "eta": 0.036572063199555166, "gamma": 611.4326404624471, "max_depth": 2.0, "min_child_weight": 4221.861688032641, "num_boost_round": 18.0, "subsample": 0.7816587913529109}, "datetime": {"datetime": "2024-01-20 14:38:55", "elapsed": 892.677401, "delta": 0.00152}}
{"target": -15.161300447410108, "params": {"colsample_bytree": 0.28069731713721213, "eta": 0.036572063199555166, "gamma": 611.4326404624471, "max_depth": 2.0, "min_child_weight": 4221.861688032641, "num_boost_round": 19.0, "subsample": 0.7816587913529109}, "datetime": {"datetime": "2024-01-20 14:38:55", "elapsed": 892.678903, "delta": 0.001502}}
{"target": -15.161396375963312, "params": {"colsample_bytree": 0.28069731713721213, "eta": 0.036572063199555166, "gamma": 611.4326404624471, "max_depth": 2.0, "min_child_weight": 4221.861688032641, "num_boost_round": 20.0, "subsample": 0.7816587913529109}, "datetime": {"datetime": "2024-01-20 14:38:55", "elapsed": 892.68045, "delta": 0.001547}}
{"target": -15.160826972940482, "params": {"colsample_bytree": 0.28069731713721213, "eta": 0.036572063199555166, "gamma": 611.4326404624471, "max_depth": 2.0, "min_child_weight": 4221.861688032641, "num_boost_round": 21.0, "subsample": 0.7816587913529109}, "datetime": {"datetime": "2024-01-20 14:38:55", "elapsed": 892.681997, "delta": 0.001547}}
{"target": -15.16084087254951, "params": {"colsample_bytree": 0.28069731713721213, "eta": 0.036572063199555166, "gamma": 611.4326404624471, "max_depth": 2.0, "min_child_weight": 4221.861688032641, "num_boost_round": 22.0, "subsample": 0.7816587913529109}, "datetime": {"datetime": "2024-01-20 14:38:55", "elapsed": 892.683516, "delta": 0.001519}}
{"target": -15.16084097569517, "params": {"colsample_bytree": 0.28069731713721213, "eta": 0.036572063199555166, "gamma": 611.4326404624471, "max_depth": 2.0, "min_child_weight": 4221.861688032641, "num_boost_round": 23.0, "subsample": 0.7816587913529109}, "datetime": {"datetime": "2024-01-20 14:38:55", "elapsed": 892.685023, "delta": 0.001507}}
{"target": -15.160399415056652, "params": {"colsample_bytree": 0.28069731713721213, "eta": 0.036572063199555166, "gamma": 611.4326404624471, "max_depth": 2.0, "min_child_weight": 4221.861688032641, "num_boost_round": 24.0, "subsample": 0.7816587913529109}, "datetime": {"datetime": "2024-01-20 14:38:55", "elapsed": 892.686586, "delta": 0.001563}}
{"target": -15.160404461568756, "params": {"colsample_bytree": 0.28069731713721213, "eta": 0.036572063199555166, "gamma": 611.4326404624471, "max_depth": 2.0, "min_child_weight": 4221.861688032641, "num_boost_round": 25.0, "subsample": 0.7816587913529109}, "datetime": {"datetime": "2024-01-20 14:38:55", "elapsed": 892.688102, "delta": 0.001516}}
{"target": -15.15978431198717, "params": {"colsample_bytree": 0.28069731713721213, "eta": 0.036572063199555166, "gamma": 611.4326404624471, "max_depth": 2.0, "min_child_weight": 4221.861688032641, "num_boost_round": 26.0, "subsample": 0.7816587913529109}, "datetime": {"datetime": "2024-01-20 14:38:55", "elapsed": 892.68963, "delta": 0.001528}}
{"target": -15.159144869315519, "params": {"colsample_bytree": 0.28069731713721213, "eta": 0.036572063199555166, "gamma": 611.4326404624471, "max_depth": 2.0, "min_child_weight": 4221.861688032641, "num_boost_round": 27.0, "subsample": 0.7816587913529109}, "datetime": {"datetime": "2024-01-20 14:38:55", "elapsed": 892.691144, "delta": 0.001514}}
{"target": -15.158714830985334, "params": {"colsample_bytree": 0.28069731713721213, "eta": 0.036572063199555166, "gamma": 611.4326404624471, "max_depth": 2.0, "min_child_weight": 4221.861688032641, "num_boost_round": 28.0, "subsample": 0.7816587913529109}, "datetime": {"datetime": "2024-01-20 14:38:55", "elapsed": 892.692833, "delta": 0.001689}}
{"target": -15.158764769685812, "params": {"colsample_bytree": 0.28069731713721213, "eta": 0.036572063199555166, "gamma": 611.4326404624471, "max_depth": 2.0, "min_child_weight": 4221.861688032641, "num_boost_round": 29.0, "subsample": 0.7816587913529109}, "datetime": {"datetime": "2024-01-20 14:38:55", "elapsed": 892.694531, "delta": 0.001698}}
{"target": -15.158391126618024, "params": {"colsample_bytree": 0.28069731713721213, "eta": 0.036572063199555166, "gamma": 611.4326404624471, "max_depth": 2.0, "min_child_weight": 4221.861688032641, "num_boost_round": 30.0, "subsample": 0.7816587913529109}, "datetime": {"datetime": "2024-01-20 14:38:55", "elapsed": 892.696124, "delta": 0.001593}}
{"target": -15.158673335465888, "params": {"colsample_bytree": 0.28069731713721213, "eta": 0.036572063199555166, "gamma": 611.4326404624471, "max_depth": 2.0, "min_child_weight": 4221.861688032641, "num_boost_round": 31.0, "subsample": 0.7816587913529109}, "datetime": {"datetime": "2024-01-20 14:38:55", "elapsed": 892.697685, "delta": 0.001561}}
{"target": -15.158221236098928, "params": {"colsample_bytree": 0.28069731713721213, "eta": 0.036572063199555166, "gamma": 611.4326404624471, "max_depth": 2.0, "min_child_weight": 4221.861688032641, "num_boost_round": 32.0, "subsample": 0.7816587913529109}, "datetime": {"datetime": "2024-01-20 14:38:55", "elapsed": 892.699288, "delta": 0.001603}}
{"target": -15.15826234083473, "params": {"colsample_bytree": 0.28069731713721213, "eta": 0.036572063199555166, "gamma": 611.4326404624471, "max_depth": 2.0, "min_child_weight": 4221.861688032641, "num_boost_round": 33.0, "subsample": 0.7816587913529109}, "datetime": {"datetime": "2024-01-20 14:38:55", "elapsed": 892.700832, "delta": 0.001544}}
{"target": -15.158360159748764, "params": {"colsample_bytree": 0.28069731713721213, "eta": 0.036572063199555166, "gamma": 611.4326404624471, "max_depth": 2.0, "min_child_weight": 4221.861688032641, "num_boost_round": 34.0, "subsample": 0.7816587913529109}, "datetime": {"datetime": "2024-01-20 14:38:55", "elapsed": 892.702405, "delta": 0.001573}}
{"target": -15.158037102084815, "params": {"colsample_bytree": 0.28069731713721213, "eta": 0.036572063199555166, "gamma": 611.4326404624471, "max_depth": 2.0, "min_child_weight": 4221.861688032641, "num_boost_round": 35.0, "subsample": 0.7816587913529109}, "datetime": {"datetime": "2024-01-20 14:38:55", "elapsed": 892.703924, "delta": 0.001519}}
{"target": -15.158041671715289, "params": {"colsample_bytree": 0.28069731713721213, "eta": 0.036572063199555166, "gamma": 611.4326404624471, "max_depth": 2.0, "min_child_weight": 4221.861688032641, "num_boost_round": 36.0, "subsample": 0.7816587913529109}, "datetime": {"datetime": "2024-01-20 14:38:55", "elapsed": 892.70546, "delta": 0.001536}}
{"target": -15.15722823302227, "params": {"colsample_bytree": 0.28069731713721213, "eta": 0.036572063199555166, "gamma": 611.4326404624471, "max_depth": 2.0, "min_child_weight": 4221.861688032641, "num_boost_round": 37.0, "subsample": 0.7816587913529109}, "datetime": {"datetime": "2024-01-20 14:38:55", "elapsed": 892.706986, "delta": 0.001526}}
{"target": -15.157331146638072, "params": {"colsample_bytree": 0.28069731713721213, "eta": 0.036572063199555166, "gamma": 611.4326404624471, "max_depth": 2.0, "min_child_weight": 4221.861688032641, "num_boost_round": 38.0, "subsample": 0.7816587913529109}, "datetime": {"datetime": "2024-01-20 14:38:55", "elapsed": 892.708516, "delta": 0.00153}}
{"target": -15.157349511612253, "params": {"colsample_bytree": 0.28069731713721213, "eta": 0.036572063199555166, "gamma": 611.4326404624471, "max_depth": 2.0, "min_child_weight": 4221.861688032641, "num_boost_round": 39.0, "subsample": 0.7816587913529109}, "datetime": {"datetime": "2024-01-20 14:38:55", "elapsed": 892.710053, "delta": 0.001537}}
{"target": -15.157376483553891, "params": {"colsample_bytree": 0.28069731713721213, "eta": 0.036572063199555166, "gamma": 611.4326404624471, "max_depth": 2.0, "min_child_weight": 4221.861688032641, "num_boost_round": 40.0, "subsample": 0.7816587913529109}, "datetime": {"datetime": "2024-01-20 14:38:55", "elapsed": 892.711709, "delta": 0.001656}}
{"target": -15.157357878851718, "params": {"colsample_bytree": 0.28069731713721213, "eta": 0.036572063199555166, "gamma": 611.4326404624471, "max_depth": 2.0, "min_child_weight": 4221.861688032641, "num_boost_round": 41.0, "subsample": 0.7816587913529109}, "datetime": {"datetime": "2024-01-20 14:38:55", "elapsed": 892.713256, "delta": 0.001547}}
