{"target": -13.412378730480164, "params": {"colsample_bytree": 0.4604470289407203, "eta": 0.04761900724432739, "gamma": 446.8179838351778, "max_depth": 7.0, "min_child_weight": 4452.640269866493, "num_boost_round": 39.0, "subsample": 0.7546971852405279}, "datetime": {"datetime": "2024-01-20 18:36:07", "elapsed": 15101.807222, "delta": 0.006003}}
{"target": -13.412844798379554, "params": {"colsample_bytree": 0.4604470289407203, "eta": 0.04761900724432739, "gamma": 446.8179838351778, "max_depth": 7.0, "min_child_weight": 4452.640269866493, "num_boost_round": 40.0, "subsample": 0.7546971852405279}, "datetime": {"datetime": "2024-01-20 18:36:07", "elapsed": 15101.813029, "delta": 0.005807}}
{"target": -13.413283291760123, "params": {"colsample_bytree": 0.4604470289407203, "eta": 0.04761900724432739, "gamma": 446.8179838351778, "max_depth": 7.0, "min_child_weight": 4452.640269866493, "num_boost_round": 41.0, "subsample": 0.7546971852405279}, "datetime": {"datetime": "2024-01-20 18:36:07", "elapsed": 15101.822303, "delta": 0.009274}}
{"target": -13.413716531767857, "params": {"colsample_bytree": 0.4604470289407203, "eta": 0.04761900724432739, "gamma": 446.8179838351778, "max_depth": 7.0, "min_child_weight": 4452.640269866493, "num_boost_round": 42.0, "subsample": 0.7546971852405279}, "datetime": {"datetime": "2024-01-20 18:36:07", "elapsed": 15101.832487, "delta": 0.010184}}
{"target": -13.41402185069058, "params": {"colsample_bytree": 0.4604470289407203, "eta": 0.04761900724432739, "gamma": 446.8179838351778, "max_depth": 7.0, "min_child_weight": 4452.640269866493, "num_boost_round": 43.0, "subsample": 0.7546971852405279}, "datetime": {"datetime": "2024-01-20 18:36:07", "elapsed": 15101.840127, "delta": 0.00764}}
{"target": -13.41450592121263, "params": {"colsample_bytree": 0.4604470289407203, "eta": 0.04761900724432739, "gamma": 446.8179838351778, "max_depth": 7.0, "min_child_weight": 4452.640269866493, "num_boost_round": 44.0, "subsample": 0.7546971852405279}, "datetime": {"datetime": "2024-01-20 18:36:07", "elapsed": 15101.84662, "delta": 0.006493}}
{"target": -13.414872758339271, "params": {"colsample_bytree": 0.4604470289407203, "eta": 0.04761900724432739, "gamma": 446.8179838351778, "max_depth": 7.0, "min_child_weight": 4452.640269866493, "num_boost_round": 45.0, "subsample": 0.7546971852405279}, "datetime": {"datetime": "2024-01-20 18:36:07", "elapsed": 15101.852704, "delta": 0.006084}}
{"target": -13.415712545943114, "params": {"colsample_bytree": 0.4604470289407203, "eta": 0.04761900724432739, "gamma": 446.8179838351778, "max_depth": 7.0, "min_child_weight": 4452.640269866493, "num_boost_round": 46.0, "subsample": 0.7546971852405279}, "datetime": {"datetime": "2024-01-20 18:36:07", "elapsed": 15101.858891, "delta": 0.006187}}
{"target": -13.416321865602196, "params": {"colsample_bytree": 0.4604470289407203, "eta": 0.04761900724432739, "gamma": 446.8179838351778, "max_depth": 7.0, "min_child_weight": 4452.640269866493, "num_boost_round": 47.0, "subsample": 0.7546971852405279}, "datetime": {"datetime": "2024-01-20 18:36:07", "elapsed": 15101.864827, "delta": 0.005936}}
{"target": -13.416934855482918, "params": {"colsample_bytree": 0.4604470289407203, "eta": 0.04761900724432739, "gamma": 446.8179838351778, "max_depth": 7.0, "min_child_weight": 4452.640269866493, "num_boost_round": 48.0, "subsample": 0.7546971852405279}, "datetime": {"datetime": "2024-01-20 18:36:07", "elapsed": 15101.870829, "delta": 0.006002}}
{"target": -13.417129066856678, "params": {"colsample_bytree": 0.4604470289407203, "eta": 0.04761900724432739, "gamma": 446.8179838351778, "max_depth": 7.0, "min_child_weight": 4452.640269866493, "num_boost_round": 49.0, "subsample": 0.7546971852405279}, "datetime": {"datetime": "2024-01-20 18:36:07", "elapsed": 15101.876742, "delta": 0.005913}}
{"target": -13.41768678598731, "params": {"colsample_bytree": 0.4604470289407203, "eta": 0.04761900724432739, "gamma": 446.8179838351778, "max_depth": 7.0, "min_child_weight": 4452.640269866493, "num_boost_round": 50.0, "subsample": 0.7546971852405279}, "datetime": {"datetime": "2024-01-20 18:36:07", "elapsed": 15101.882812, "delta": 0.00607}}
{"target": -13.418362788643122, "params": {"colsample_bytree": 0.4604470289407203, "eta": 0.04761900724432739, "gamma": 446.8179838351778, "max_depth": 7.0, "min_child_weight": 4452.640269866493, "num_boost_round": 51.0, "subsample": 0.7546971852405279}, "datetime": {"datetime": "2024-01-20 18:36:07", "elapsed": 15101.889707, "delta": 0.006895}}
{"target": -13.418646234904283, "params": {"colsample_bytree": 0.4604470289407203, "eta": 0.04761900724432739, "gamma": 446.8179838351778, "max_depth": 7.0, "min_child_weight": 4452.640269866493, "num_boost_round": 52.0, "subsample": 0.7546971852405279}, "datetime": {"datetime": "2024-01-20 18:36:07", "elapsed": 15101.896374, "delta": 0.006667}}
{"target": -13.418905275399972, "params": {"colsample_bytree": 0.4604470289407203, "eta": 0.04761900724432739, "gamma": 446.8179838351778, "max_depth": 7.0, "min_child_weight": 4452.640269866493, "num_boost_round": 53.0, "subsample": 0.7546971852405279}, "datetime": {"datetime": "2024-01-20 18:36:07", "elapsed": 15101.9032, "delta": 0.006826}}
{"target": -13.419429716352761, "params": {"colsample_bytree": 0.4604470289407203, "eta": 0.04761900724432739, "gamma": 446.8179838351778, "max_depth": 7.0, "min_child_weight": 4452.640269866493, "num_boost_round": 54.0, "subsample": 0.7546971852405279}, "datetime": {"datetime": "2024-01-20 18:36:07", "elapsed": 15101.909067, "delta": 0.005867}}
{"target": -13.419882301376653, "params": {"colsample_bytree": 0.4604470289407203, "eta": 0.04761900724432739, "gamma": 446.8179838351778, "max_depth": 7.0, "min_child_weight": 4452.640269866493, "num_boost_round": 55.0, "subsample": 0.7546971852405279}, "datetime": {"datetime": "2024-01-20 18:36:07", "elapsed": 15101.914887, "delta": 0.00582}}
{"target": -13.420097556170232, "params": {"colsample_bytree": 0.4604470289407203, "eta": 0.04761900724432739, "gamma": 446.8179838351778, "max_depth": 7.0, "min_child_weight": 4452.640269866493, "num_boost_round": 56.0, "subsample": 0.7546971852405279}, "datetime": {"datetime": "2024-01-20 18:36:07", "elapsed": 15101.920643, "delta": 0.005756}}
{"target": -13.420649071872012, "params": {"colsample_bytree": 0.4604470289407203, "eta": 0.04761900724432739, "gamma": 446.8179838351778, "max_depth": 7.0, "min_child_weight": 4452.640269866493, "num_boost_round": 57.0, "subsample": 0.7546971852405279}, "datetime": {"datetime": "2024-01-20 18:36:07", "elapsed": 15101.926331, "delta": 0.005688}}
{"target": -13.420857901006233, "params": {"colsample_bytree": 0.4604470289407203, "eta": 0.04761900724432739, "gamma": 446.8179838351778, "max_depth": 7.0, "min_child_weight": 4452.640269866493, "num_boost_round": 58.0, "subsample": 0.7546971852405279}, "datetime": {"datetime": "2024-01-20 18:36:07", "elapsed": 15101.932403, "delta": 0.006072}}
{"target": -13.42128514971894, "params": {"colsample_bytree": 0.4604470289407203, "eta": 0.04761900724432739, "gamma": 446.8179838351778, "max_depth": 7.0, "min_child_weight": 4452.640269866493, "num_boost_round": 59.0, "subsample": 0.7546971852405279}, "datetime": {"datetime": "2024-01-20 18:36:07", "elapsed": 15101.938279, "delta": 0.005876}}
{"target": -13.421712758060625, "params": {"colsample_bytree": 0.4604470289407203, "eta": 0.04761900724432739, "gamma": 446.8179838351778, "max_depth": 7.0, "min_child_weight": 4452.640269866493, "num_boost_round": 60.0, "subsample": 0.7546971852405279}, "datetime": {"datetime": "2024-01-20 18:36:07", "elapsed": 15101.944199, "delta": 0.00592}}
{"target": -13.422075505883566, "params": {"colsample_bytree": 0.4604470289407203, "eta": 0.04761900724432739, "gamma": 446.8179838351778, "max_depth": 7.0, "min_child_weight": 4452.640269866493, "num_boost_round": 61.0, "subsample": 0.7546971852405279}, "datetime": {"datetime": "2024-01-20 18:36:07", "elapsed": 15101.949979, "delta": 0.00578}}
{"target": -13.422478522313071, "params": {"colsample_bytree": 0.4604470289407203, "eta": 0.04761900724432739, "gamma": 446.8179838351778, "max_depth": 7.0, "min_child_weight": 4452.640269866493, "num_boost_round": 62.0, "subsample": 0.7546971852405279}, "datetime": {"datetime": "2024-01-20 18:36:07", "elapsed": 15101.958808, "delta": 0.008829}}
{"target": -13.423186205320018, "params": {"colsample_bytree": 0.4604470289407203, "eta": 0.04761900724432739, "gamma": 446.8179838351778, "max_depth": 7.0, "min_child_weight": 4452.640269866493, "num_boost_round": 63.0, "subsample": 0.7546971852405279}, "datetime": {"datetime": "2024-01-20 18:36:07", "elapsed": 15101.968123, "delta": 0.009315}}
{"target": -13.396812015669084, "params": {"colsample_bytree": 0.9917135206806117, "eta": 0.09331848947904693, "gamma": 197.05968239334038, "max_depth": 9.0, "min_child_weight": 4538.4017089880645, "num_boost_round": 1.0, "subsample": 0.1699475430134751}, "datetime": {"datetime": "2024-01-20 18:37:24", "elapsed": 15179.105745, "delta": 77.137622}}
{"target": -13.395861517018115, "params": {"colsample_bytree": 0.9917135206806117, "eta": 0.09331848947904693, "gamma": 197.05968239334038, "max_depth": 9.0, "min_child_weight": 4538.4017089880645, "num_boost_round": 2.0, "subsample": 0.1699475430134751}, "datetime": {"datetime": "2024-01-20 18:37:24", "elapsed": 15179.11309, "delta": 0.007345}}
{"target": -13.395900519752589, "params": {"colsample_bytree": 0.9917135206806117, "eta": 0.09331848947904693, "gamma": 197.05968239334038, "max_depth": 9.0, "min_child_weight": 4538.4017089880645, "num_boost_round": 3.0, "subsample": 0.1699475430134751}, "datetime": {"datetime": "2024-01-20 18:37:24", "elapsed": 15179.119017, "delta": 0.005927}}
{"target": -13.395919518440696, "params": {"colsample_bytree": 0.9917135206806117, "eta": 0.09331848947904693, "gamma": 197.05968239334038, "max_depth": 9.0, "min_child_weight": 4538.4017089880645, "num_boost_round": 4.0, "subsample": 0.1699475430134751}, "datetime": {"datetime": "2024-01-20 18:37:24", "elapsed": 15179.125521, "delta": 0.006504}}
{"target": -13.395763265342975, "params": {"colsample_bytree": 0.9917135206806117, "eta": 0.09331848947904693, "gamma": 197.05968239334038, "max_depth": 9.0, "min_child_weight": 4538.4017089880645, "num_boost_round": 5.0, "subsample": 0.1699475430134751}, "datetime": {"datetime": "2024-01-20 18:37:24", "elapsed": 15179.131383, "delta": 0.005862}}
{"target": -13.397798109361892, "params": {"colsample_bytree": 0.9029069953672443, "eta": 0.08569994416705706, "gamma": 165.2011598444727, "max_depth": 6.0, "min_child_weight": 4473.790598848013, "num_boost_round": 1.0, "subsample": 0.6326486869112333}, "datetime": {"datetime": "2024-01-20 18:39:02", "elapsed": 15277.424275, "delta": 98.292892}}
{"target": -13.397739348721345, "params": {"colsample_bytree": 0.9029069953672443, "eta": 0.08569994416705706, "gamma": 165.2011598444727, "max_depth": 6.0, "min_child_weight": 4473.790598848013, "num_boost_round": 2.0, "subsample": 0.6326486869112333}, "datetime": {"datetime": "2024-01-20 18:39:02", "elapsed": 15277.431876, "delta": 0.007601}}
{"target": -13.39923500374292, "params": {"colsample_bytree": 0.9029069953672443, "eta": 0.08569994416705706, "gamma": 165.2011598444727, "max_depth": 6.0, "min_child_weight": 4473.790598848013, "num_boost_round": 3.0, "subsample": 0.6326486869112333}, "datetime": {"datetime": "2024-01-20 18:39:02", "elapsed": 15277.438629, "delta": 0.006753}}
{"target": -13.400055299587855, "params": {"colsample_bytree": 0.9029069953672443, "eta": 0.08569994416705706, "gamma": 165.2011598444727, "max_depth": 6.0, "min_child_weight": 4473.790598848013, "num_boost_round": 4.0, "subsample": 0.6326486869112333}, "datetime": {"datetime": "2024-01-20 18:39:02", "elapsed": 15277.445113, "delta": 0.006484}}
