{"target": -13.731894151740562, "params": {"colsample_bytree": 0.3448207360690383, "eta": 0.05454326306903403, "gamma": 243.75772699470232, "max_depth": 2.0, "min_child_weight": 3410.9151522030097, "num_boost_round": 2.0, "subsample": 0.6577864986231485}, "datetime": {"datetime": "2024-01-20 15:12:58", "elapsed": 2939.785771, "delta": 0.002821}}
{"target": -13.731925957365675, "params": {"colsample_bytree": 0.3448207360690383, "eta": 0.05454326306903403, "gamma": 243.75772699470232, "max_depth": 2.0, "min_child_weight": 3410.9151522030097, "num_boost_round": 3.0, "subsample": 0.6577864986231485}, "datetime": {"datetime": "2024-01-20 15:12:58", "elapsed": 2939.787802, "delta": 0.002031}}
{"target": -13.732538163767764, "params": {"colsample_bytree": 0.3448207360690383, "eta": 0.05454326306903403, "gamma": 243.75772699470232, "max_depth": 2.0, "min_child_weight": 3410.9151522030097, "num_boost_round": 4.0, "subsample": 0.6577864986231485}, "datetime": {"datetime": "2024-01-20 15:12:58", "elapsed": 2939.789928, "delta": 0.002126}}
{"target": -13.731441778679155, "params": {"colsample_bytree": 0.48928363035495637, "eta": 0.032339432035092895, "gamma": 713.8621414353863, "max_depth": 6.0, "min_child_weight": 4762.060812924534, "num_boost_round": 1.0, "subsample": 0.8451487831884468}, "datetime": {"datetime": "2024-01-20 15:13:17", "elapsed": 2957.947293, "delta": 18.157365}}
{"target": -13.732170944179153, "params": {"colsample_bytree": 0.7274782471796482, "eta": 0.04954612102687033, "gamma": 814.3179595914431, "max_depth": 8.0, "min_child_weight": 3820.163564068973, "num_boost_round": 1.0, "subsample": 0.729474744489206}, "datetime": {"datetime": "2024-01-20 15:13:36", "elapsed": 2977.508978, "delta": 19.561685}}
{"target": -13.733588948435528, "params": {"colsample_bytree": 0.7274782471796482, "eta": 0.04954612102687033, "gamma": 814.3179595914431, "max_depth": 8.0, "min_child_weight": 3820.163564068973, "num_boost_round": 2.0, "subsample": 0.729474744489206}, "datetime": {"datetime": "2024-01-20 15:13:36", "elapsed": 2977.511035, "delta": 0.002057}}
{"target": -13.734860182716577, "params": {"colsample_bytree": 0.7274782471796482, "eta": 0.04954612102687033, "gamma": 814.3179595914431, "max_depth": 8.0, "min_child_weight": 3820.163564068973, "num_boost_round": 3.0, "subsample": 0.729474744489206}, "datetime": {"datetime": "2024-01-20 15:13:36", "elapsed": 2977.512876, "delta": 0.001841}}
{"target": -13.736172832468458, "params": {"colsample_bytree": 0.7274782471796482, "eta": 0.04954612102687033, "gamma": 814.3179595914431, "max_depth": 8.0, "min_child_weight": 3820.163564068973, "num_boost_round": 4.0, "subsample": 0.729474744489206}, "datetime": {"datetime": "2024-01-20 15:13:36", "elapsed": 2977.515113, "delta": 0.002237}}
{"target": -13.737737435522984, "params": {"colsample_bytree": 0.7274782471796482, "eta": 0.04954612102687033, "gamma": 814.3179595914431, "max_depth": 8.0, "min_child_weight": 3820.163564068973, "num_boost_round": 5.0, "subsample": 0.729474744489206}, "datetime": {"datetime": "2024-01-20 15:13:36", "elapsed": 2977.517167, "delta": 0.002054}}
{"target": -13.732272054887524, "params": {"colsample_bytree": 0.5597175312040679, "eta": 0.08617640581406474, "gamma": 564.2277206923347, "max_depth": 7.0, "min_child_weight": 4427.51878123931, "num_boost_round": 1.0, "subsample": 0.5419215048953463}, "datetime": {"datetime": "2024-01-20 15:13:53", "elapsed": 2994.499032, "delta": 16.981865}}
{"target": -13.733443643158646, "params": {"colsample_bytree": 0.5597175312040679, "eta": 0.08617640581406474, "gamma": 564.2277206923347, "max_depth": 7.0, "min_child_weight": 4427.51878123931, "num_boost_round": 2.0, "subsample": 0.5419215048953463}, "datetime": {"datetime": "2024-01-20 15:13:53", "elapsed": 2994.501427, "delta": 0.002395}}
{"target": -13.73516279171616, "params": {"colsample_bytree": 0.5597175312040679, "eta": 0.08617640581406474, "gamma": 564.2277206923347, "max_depth": 7.0, "min_child_weight": 4427.51878123931, "num_boost_round": 3.0, "subsample": 0.5419215048953463}, "datetime": {"datetime": "2024-01-20 15:13:53", "elapsed": 2994.503801, "delta": 0.002374}}
{"target": -13.73711059470688, "params": {"colsample_bytree": 0.5597175312040679, "eta": 0.08617640581406474, "gamma": 564.2277206923347, "max_depth": 7.0, "min_child_weight": 4427.51878123931, "num_boost_round": 4.0, "subsample": 0.5419215048953463}, "datetime": {"datetime": "2024-01-20 15:13:53", "elapsed": 2994.50613, "delta": 0.002329}}
{"target": -13.739402667906523, "params": {"colsample_bytree": 0.5597175312040679, "eta": 0.08617640581406474, "gamma": 564.2277206923347, "max_depth": 7.0, "min_child_weight": 4427.51878123931, "num_boost_round": 5.0, "subsample": 0.5419215048953463}, "datetime": {"datetime": "2024-01-20 15:13:53", "elapsed": 2994.507984, "delta": 0.001854}}
{"target": -13.731465297758934, "params": {"colsample_bytree": 0.3003074200529013, "eta": 0.04150539837809537, "gamma": 933.4537954213015, "max_depth": 3.0, "min_child_weight": 4307.195890866134, "num_boost_round": 1.0, "subsample": 0.38799233882022666}, "datetime": {"datetime": "2024-01-20 15:14:12", "elapsed": 3013.655811, "delta": 19.147827}}
{"target": -13.732385392095638, "params": {"colsample_bytree": 0.7960637873459661, "eta": 0.07527233821737284, "gamma": 821.5925583246193, "max_depth": 5.0, "min_child_weight": 4624.624914797635, "num_boost_round": 1.0, "subsample": 0.7639098774050329}, "datetime": {"datetime": "2024-01-20 15:14:31", "elapsed": 3032.223803, "delta": 18.567992}}
{"target": -13.733906190624172, "params": {"colsample_bytree": 0.7960637873459661, "eta": 0.07527233821737284, "gamma": 821.5925583246193, "max_depth": 5.0, "min_child_weight": 4624.624914797635, "num_boost_round": 2.0, "subsample": 0.7639098774050329}, "datetime": {"datetime": "2024-01-20 15:14:31", "elapsed": 3032.226918, "delta": 0.003115}}
{"target": -13.73539191822057, "params": {"colsample_bytree": 0.7960637873459661, "eta": 0.07527233821737284, "gamma": 821.5925583246193, "max_depth": 5.0, "min_child_weight": 4624.624914797635, "num_boost_round": 3.0, "subsample": 0.7639098774050329}, "datetime": {"datetime": "2024-01-20 15:14:31", "elapsed": 3032.229655, "delta": 0.002737}}
{"target": -13.73755169343105, "params": {"colsample_bytree": 0.7960637873459661, "eta": 0.07527233821737284, "gamma": 821.5925583246193, "max_depth": 5.0, "min_child_weight": 4624.624914797635, "num_boost_round": 4.0, "subsample": 0.7639098774050329}, "datetime": {"datetime": "2024-01-20 15:14:31", "elapsed": 3032.231488, "delta": 0.001833}}
{"target": -13.739867642423643, "params": {"colsample_bytree": 0.7960637873459661, "eta": 0.07527233821737284, "gamma": 821.5925583246193, "max_depth": 5.0, "min_child_weight": 4624.624914797635, "num_boost_round": 5.0, "subsample": 0.7639098774050329}, "datetime": {"datetime": "2024-01-20 15:14:31", "elapsed": 3032.23349, "delta": 0.002002}}
{"target": -13.742507133526832, "params": {"colsample_bytree": 0.7960637873459661, "eta": 0.07527233821737284, "gamma": 821.5925583246193, "max_depth": 5.0, "min_child_weight": 4624.624914797635, "num_boost_round": 6.0, "subsample": 0.7639098774050329}, "datetime": {"datetime": "2024-01-20 15:14:31", "elapsed": 3032.235336, "delta": 0.001846}}
{"target": -13.744366762118865, "params": {"colsample_bytree": 0.7960637873459661, "eta": 0.07527233821737284, "gamma": 821.5925583246193, "max_depth": 5.0, "min_child_weight": 4624.624914797635, "num_boost_round": 7.0, "subsample": 0.7639098774050329}, "datetime": {"datetime": "2024-01-20 15:14:31", "elapsed": 3032.237108, "delta": 0.001772}}
{"target": -13.746283667105226, "params": {"colsample_bytree": 0.7960637873459661, "eta": 0.07527233821737284, "gamma": 821.5925583246193, "max_depth": 5.0, "min_child_weight": 4624.624914797635, "num_boost_round": 8.0, "subsample": 0.7639098774050329}, "datetime": {"datetime": "2024-01-20 15:14:31", "elapsed": 3032.238871, "delta": 0.001763}}
{"target": -13.74808683064844, "params": {"colsample_bytree": 0.7960637873459661, "eta": 0.07527233821737284, "gamma": 821.5925583246193, "max_depth": 5.0, "min_child_weight": 4624.624914797635, "num_boost_round": 9.0, "subsample": 0.7639098774050329}, "datetime": {"datetime": "2024-01-20 15:14:31", "elapsed": 3032.24064, "delta": 0.001769}}
{"target": -13.731233008591815, "params": {"colsample_bytree": 0.23885598266151117, "eta": 0.0292234529873885, "gamma": 324.73942413213706, "max_depth": 4.0, "min_child_weight": 3686.822422285839, "num_boost_round": 1.0, "subsample": 0.3476477660282108}, "datetime": {"datetime": "2024-01-20 15:14:47", "elapsed": 3048.016618, "delta": 15.775978}}
{"target": -13.73212242891671, "params": {"colsample_bytree": 0.7587926690910183, "eta": 0.06946084105532116, "gamma": 88.05664591474415, "max_depth": 4.0, "min_child_weight": 3992.0332410027427, "num_boost_round": 1.0, "subsample": 0.890406417966617}, "datetime": {"datetime": "2024-01-20 15:15:06", "elapsed": 3067.836059, "delta": 19.819441}}
{"target": -13.73286498834726, "params": {"colsample_bytree": 0.7587926690910183, "eta": 0.06946084105532116, "gamma": 88.05664591474415, "max_depth": 4.0, "min_child_weight": 3992.0332410027427, "num_boost_round": 2.0, "subsample": 0.890406417966617}, "datetime": {"datetime": "2024-01-20 15:15:06", "elapsed": 3067.838609, "delta": 0.00255}}
{"target": -13.733746923490163, "params": {"colsample_bytree": 0.7587926690910183, "eta": 0.06946084105532116, "gamma": 88.05664591474415, "max_depth": 4.0, "min_child_weight": 3992.0332410027427, "num_boost_round": 3.0, "subsample": 0.890406417966617}, "datetime": {"datetime": "2024-01-20 15:15:06", "elapsed": 3067.841601, "delta": 0.002992}}
{"target": -13.735023507474288, "params": {"colsample_bytree": 0.7587926690910183, "eta": 0.06946084105532116, "gamma": 88.05664591474415, "max_depth": 4.0, "min_child_weight": 3992.0332410027427, "num_boost_round": 4.0, "subsample": 0.890406417966617}, "datetime": {"datetime": "2024-01-20 15:15:06", "elapsed": 3067.843501, "delta": 0.0019}}
{"target": -13.73688108012199, "params": {"colsample_bytree": 0.7587926690910183, "eta": 0.06946084105532116, "gamma": 88.05664591474415, "max_depth": 4.0, "min_child_weight": 3992.0332410027427, "num_boost_round": 5.0, "subsample": 0.890406417966617}, "datetime": {"datetime": "2024-01-20 15:15:06", "elapsed": 3067.8454, "delta": 0.001899}}
{"target": -13.738662741221134, "params": {"colsample_bytree": 0.7587926690910183, "eta": 0.06946084105532116, "gamma": 88.05664591474415, "max_depth": 4.0, "min_child_weight": 3992.0332410027427, "num_boost_round": 6.0, "subsample": 0.890406417966617}, "datetime": {"datetime": "2024-01-20 15:15:06", "elapsed": 3067.847189, "delta": 0.001789}}
{"target": -13.740183669191282, "params": {"colsample_bytree": 0.7587926690910183, "eta": 0.06946084105532116, "gamma": 88.05664591474415, "max_depth": 4.0, "min_child_weight": 3992.0332410027427, "num_boost_round": 7.0, "subsample": 0.890406417966617}, "datetime": {"datetime": "2024-01-20 15:15:06", "elapsed": 3067.848982, "delta": 0.001793}}
{"target": -13.742289041568505, "params": {"colsample_bytree": 0.7587926690910183, "eta": 0.06946084105532116, "gamma": 88.05664591474415, "max_depth": 4.0, "min_child_weight": 3992.0332410027427, "num_boost_round": 8.0, "subsample": 0.890406417966617}, "datetime": {"datetime": "2024-01-20 15:15:06", "elapsed": 3067.850777, "delta": 0.001795}}
{"target": -13.732117113398527, "params": {"colsample_bytree": 0.7793255552923967, "eta": 0.06676295178967655, "gamma": 375.7288860467233, "max_depth": 6.0, "min_child_weight": 3771.3148775723653, "num_boost_round": 1.0, "subsample": 0.773335580121823}, "datetime": {"datetime": "2024-01-20 15:15:25", "elapsed": 3086.737209, "delta": 18.886432}}
{"target": -13.731420277884514, "params": {"colsample_bytree": 0.24822609669948376, "eta": 0.04004620987296041, "gamma": 239.87726087493155, "max_depth": 7.0, "min_child_weight": 3951.2445633084712, "num_boost_round": 1.0, "subsample": 0.2709941965271644}, "datetime": {"datetime": "2024-01-20 15:15:44", "elapsed": 3104.983163, "delta": 18.245954}}
{"target": -13.731719061905379, "params": {"colsample_bytree": 0.24822609669948376, "eta": 0.04004620987296041, "gamma": 239.87726087493155, "max_depth": 7.0, "min_child_weight": 3951.2445633084712, "num_boost_round": 2.0, "subsample": 0.2709941965271644}, "datetime": {"datetime": "2024-01-20 15:15:44", "elapsed": 3104.986554, "delta": 0.003391}}
{"target": -13.731976524301231, "params": {"colsample_bytree": 0.28837406583126934, "eta": 0.0904691754343376, "gamma": 594.9712920030173, "max_depth": 5.0, "min_child_weight": 3871.8995769793605, "num_boost_round": 1.0, "subsample": 0.2813717440972563}, "datetime": {"datetime": "2024-01-20 15:16:01", "elapsed": 3122.109817, "delta": 17.123263}}
{"target": -13.73274875450004, "params": {"colsample_bytree": 0.28837406583126934, "eta": 0.0904691754343376, "gamma": 594.9712920030173, "max_depth": 5.0, "min_child_weight": 3871.8995769793605, "num_boost_round": 2.0, "subsample": 0.2813717440972563}, "datetime": {"datetime": "2024-01-20 15:16:01", "elapsed": 3122.112433, "delta": 0.002616}}
{"target": -13.731313343870898, "params": {"colsample_bytree": 0.3938965246939984, "eta": 0.020874615366859875, "gamma": 865.4932858090858, "max_depth": 8.0, "min_child_weight": 4405.899463449986, "num_boost_round": 1.0, "subsample": 0.9463035009378534}, "datetime": {"datetime": "2024-01-20 15:16:20", "elapsed": 3141.424138, "delta": 19.311705}}
{"target": -13.731608042541751, "params": {"colsample_bytree": 0.3938965246939984, "eta": 0.020874615366859875, "gamma": 865.4932858090858, "max_depth": 8.0, "min_child_weight": 4405.899463449986, "num_boost_round": 2.0, "subsample": 0.9463035009378534}, "datetime": {"datetime": "2024-01-20 15:16:20", "elapsed": 3141.426335, "delta": 0.002197}}
{"target": -13.731810865806972, "params": {"colsample_bytree": 0.4222607585186906, "eta": 0.049047850770626435, "gamma": 138.41443306278023, "max_depth": 7.0, "min_child_weight": 3675.261282250842, "num_boost_round": 1.0, "subsample": 0.2649392270791625}, "datetime": {"datetime": "2024-01-20 15:16:39", "elapsed": 3160.118246, "delta": 18.691911}}
{"target": -13.732167916646485, "params": {"colsample_bytree": 0.4222607585186906, "eta": 0.049047850770626435, "gamma": 138.41443306278023, "max_depth": 7.0, "min_child_weight": 3675.261282250842, "num_boost_round": 2.0, "subsample": 0.2649392270791625}, "datetime": {"datetime": "2024-01-20 15:16:39", "elapsed": 3160.121186, "delta": 0.00294}}
{"target": -13.732831884495525, "params": {"colsample_bytree": 0.4222607585186906, "eta": 0.049047850770626435, "gamma": 138.41443306278023, "max_depth": 7.0, "min_child_weight": 3675.261282250842, "num_boost_round": 3.0, "subsample": 0.2649392270791625}, "datetime": {"datetime": "2024-01-20 15:16:39", "elapsed": 3160.123609, "delta": 0.002423}}
{"target": -13.733787445044667, "params": {"colsample_bytree": 0.4222607585186906, "eta": 0.049047850770626435, "gamma": 138.41443306278023, "max_depth": 7.0, "min_child_weight": 3675.261282250842, "num_boost_round": 4.0, "subsample": 0.2649392270791625}, "datetime": {"datetime": "2024-01-20 15:16:39", "elapsed": 3160.125488, "delta": 0.001879}}
{"target": -13.73489848446702, "params": {"colsample_bytree": 0.4222607585186906, "eta": 0.049047850770626435, "gamma": 138.41443306278023, "max_depth": 7.0, "min_child_weight": 3675.261282250842, "num_boost_round": 5.0, "subsample": 0.2649392270791625}, "datetime": {"datetime": "2024-01-20 15:16:39", "elapsed": 3160.127318, "delta": 0.00183}}
{"target": -13.736077361586666, "params": {"colsample_bytree": 0.4222607585186906, "eta": 0.049047850770626435, "gamma": 138.41443306278023, "max_depth": 7.0, "min_child_weight": 3675.261282250842, "num_boost_round": 6.0, "subsample": 0.2649392270791625}, "datetime": {"datetime": "2024-01-20 15:16:39", "elapsed": 3160.129134, "delta": 0.001816}}
{"target": -13.736747651992994, "params": {"colsample_bytree": 0.4222607585186906, "eta": 0.049047850770626435, "gamma": 138.41443306278023, "max_depth": 7.0, "min_child_weight": 3675.261282250842, "num_boost_round": 7.0, "subsample": 0.2649392270791625}, "datetime": {"datetime": "2024-01-20 15:16:39", "elapsed": 3160.130915, "delta": 0.001781}}
{"target": -13.731612517930966, "params": {"colsample_bytree": 0.4095086352069217, "eta": 0.05610490125731538, "gamma": 960.3113530648653, "max_depth": 2.0, "min_child_weight": 4441.126455058116, "num_boost_round": 1.0, "subsample": 0.10618902908171651}, "datetime": {"datetime": "2024-01-20 15:16:59", "elapsed": 3180.425581, "delta": 20.294666}}
{"target": -13.731972513191737, "params": {"colsample_bytree": 0.4095086352069217, "eta": 0.05610490125731538, "gamma": 960.3113530648653, "max_depth": 2.0, "min_child_weight": 4441.126455058116, "num_boost_round": 2.0, "subsample": 0.10618902908171651}, "datetime": {"datetime": "2024-01-20 15:16:59", "elapsed": 3180.428349, "delta": 0.002768}}
{"target": -13.732255897861062, "params": {"colsample_bytree": 0.4095086352069217, "eta": 0.05610490125731538, "gamma": 960.3113530648653, "max_depth": 2.0, "min_child_weight": 4441.126455058116, "num_boost_round": 3.0, "subsample": 0.10618902908171651}, "datetime": {"datetime": "2024-01-20 15:16:59", "elapsed": 3180.43044, "delta": 0.002091}}
{"target": -13.73325159074491, "params": {"colsample_bytree": 0.7170848400916765, "eta": 0.07461533149984721, "gamma": 756.5237105988502, "max_depth": 8.0, "min_child_weight": 4731.199210636872, "num_boost_round": 1.0, "subsample": 0.798397226735021}, "datetime": {"datetime": "2024-01-20 15:17:41", "elapsed": 3222.82121, "delta": 42.39077}}
{"target": -13.734948031121634, "params": {"colsample_bytree": 0.7170848400916765, "eta": 0.07461533149984721, "gamma": 756.5237105988502, "max_depth": 8.0, "min_child_weight": 4731.199210636872, "num_boost_round": 2.0, "subsample": 0.798397226735021}, "datetime": {"datetime": "2024-01-20 15:17:41", "elapsed": 3222.825475, "delta": 0.004265}}
{"target": -13.736538481374538, "params": {"colsample_bytree": 0.7170848400916765, "eta": 0.07461533149984721, "gamma": 756.5237105988502, "max_depth": 8.0, "min_child_weight": 4731.199210636872, "num_boost_round": 3.0, "subsample": 0.798397226735021}, "datetime": {"datetime": "2024-01-20 15:17:41", "elapsed": 3222.828016, "delta": 0.002541}}
{"target": -13.73890584097568, "params": {"colsample_bytree": 0.7170848400916765, "eta": 0.07461533149984721, "gamma": 756.5237105988502, "max_depth": 8.0, "min_child_weight": 4731.199210636872, "num_boost_round": 4.0, "subsample": 0.798397226735021}, "datetime": {"datetime": "2024-01-20 15:17:41", "elapsed": 3222.830062, "delta": 0.002046}}
{"target": -13.741694429567744, "params": {"colsample_bytree": 0.7170848400916765, "eta": 0.07461533149984721, "gamma": 756.5237105988502, "max_depth": 8.0, "min_child_weight": 4731.199210636872, "num_boost_round": 5.0, "subsample": 0.798397226735021}, "datetime": {"datetime": "2024-01-20 15:17:41", "elapsed": 3222.831963, "delta": 0.001901}}
{"target": -13.744190977049573, "params": {"colsample_bytree": 0.7170848400916765, "eta": 0.07461533149984721, "gamma": 756.5237105988502, "max_depth": 8.0, "min_child_weight": 4731.199210636872, "num_boost_round": 6.0, "subsample": 0.798397226735021}, "datetime": {"datetime": "2024-01-20 15:17:41", "elapsed": 3222.834018, "delta": 0.002055}}
{"target": -13.746916093658383, "params": {"colsample_bytree": 0.7170848400916765, "eta": 0.07461533149984721, "gamma": 756.5237105988502, "max_depth": 8.0, "min_child_weight": 4731.199210636872, "num_boost_round": 7.0, "subsample": 0.798397226735021}, "datetime": {"datetime": "2024-01-20 15:17:41", "elapsed": 3222.836039, "delta": 0.002021}}
{"target": -13.749529486295264, "params": {"colsample_bytree": 0.7170848400916765, "eta": 0.07461533149984721, "gamma": 756.5237105988502, "max_depth": 8.0, "min_child_weight": 4731.199210636872, "num_boost_round": 8.0, "subsample": 0.798397226735021}, "datetime": {"datetime": "2024-01-20 15:17:41", "elapsed": 3222.837892, "delta": 0.001853}}
{"target": -13.751279540865161, "params": {"colsample_bytree": 0.7170848400916765, "eta": 0.07461533149984721, "gamma": 756.5237105988502, "max_depth": 8.0, "min_child_weight": 4731.199210636872, "num_boost_round": 9.0, "subsample": 0.798397226735021}, "datetime": {"datetime": "2024-01-20 15:17:41", "elapsed": 3222.839714, "delta": 0.001822}}
{"target": -13.75386351158937, "params": {"colsample_bytree": 0.7170848400916765, "eta": 0.07461533149984721, "gamma": 756.5237105988502, "max_depth": 8.0, "min_child_weight": 4731.199210636872, "num_boost_round": 10.0, "subsample": 0.798397226735021}, "datetime": {"datetime": "2024-01-20 15:17:41", "elapsed": 3222.841529, "delta": 0.001815}}
{"target": -13.755818039119674, "params": {"colsample_bytree": 0.7170848400916765, "eta": 0.07461533149984721, "gamma": 756.5237105988502, "max_depth": 8.0, "min_child_weight": 4731.199210636872, "num_boost_round": 11.0, "subsample": 0.798397226735021}, "datetime": {"datetime": "2024-01-20 15:17:41", "elapsed": 3222.843429, "delta": 0.0019}}
{"target": -13.758355482738061, "params": {"colsample_bytree": 0.7170848400916765, "eta": 0.07461533149984721, "gamma": 756.5237105988502, "max_depth": 8.0, "min_child_weight": 4731.199210636872, "num_boost_round": 12.0, "subsample": 0.798397226735021}, "datetime": {"datetime": "2024-01-20 15:17:41", "elapsed": 3222.845369, "delta": 0.00194}}
{"target": -13.759568573831046, "params": {"colsample_bytree": 0.7170848400916765, "eta": 0.07461533149984721, "gamma": 756.5237105988502, "max_depth": 8.0, "min_child_weight": 4731.199210636872, "num_boost_round": 13.0, "subsample": 0.798397226735021}, "datetime": {"datetime": "2024-01-20 15:17:41", "elapsed": 3222.847221, "delta": 0.001852}}
