{"target": -13.503593844426682, "params": {"colsample_bytree": 0.23121526099021936, "eta": 0.06018067129712099, "gamma": 823.266885247951, "max_depth": 8.0, "min_child_weight": 4500.494926196449, "num_boost_round": 74.0, "subsample": 0.8926990213860359}, "datetime": {"datetime": "2024-01-20 15:15:37", "elapsed": 3090.468571, "delta": 0.006471}}
{"target": -13.50376797329563, "params": {"colsample_bytree": 0.23121526099021936, "eta": 0.06018067129712099, "gamma": 823.266885247951, "max_depth": 8.0, "min_child_weight": 4500.494926196449, "num_boost_round": 75.0, "subsample": 0.8926990213860359}, "datetime": {"datetime": "2024-01-20 15:15:37", "elapsed": 3090.479362, "delta": 0.010791}}
{"target": -13.49776469297062, "params": {"colsample_bytree": 0.11658418670096772, "eta": 0.0892331745880334, "gamma": 864.1500690571154, "max_depth": 6.0, "min_child_weight": 4579.932432575523, "num_boost_round": 1.0, "subsample": 0.7258766760567364}, "datetime": {"datetime": "2024-01-20 15:17:08", "elapsed": 3182.431207, "delta": 91.951845}}
{"target": -13.497549438942826, "params": {"colsample_bytree": 0.11658418670096772, "eta": 0.0892331745880334, "gamma": 864.1500690571154, "max_depth": 6.0, "min_child_weight": 4579.932432575523, "num_boost_round": 2.0, "subsample": 0.7258766760567364}, "datetime": {"datetime": "2024-01-20 15:17:08", "elapsed": 3182.436476, "delta": 0.005269}}
{"target": -13.49752957116634, "params": {"colsample_bytree": 0.11658418670096772, "eta": 0.0892331745880334, "gamma": 864.1500690571154, "max_depth": 6.0, "min_child_weight": 4579.932432575523, "num_boost_round": 3.0, "subsample": 0.7258766760567364}, "datetime": {"datetime": "2024-01-20 15:17:08", "elapsed": 3182.44081, "delta": 0.004334}}
{"target": -13.497687774769474, "params": {"colsample_bytree": 0.11658418670096772, "eta": 0.0892331745880334, "gamma": 864.1500690571154, "max_depth": 6.0, "min_child_weight": 4579.932432575523, "num_boost_round": 4.0, "subsample": 0.7258766760567364}, "datetime": {"datetime": "2024-01-20 15:17:09", "elapsed": 3182.445257, "delta": 0.004447}}
{"target": -13.497575663317164, "params": {"colsample_bytree": 0.11658418670096772, "eta": 0.0892331745880334, "gamma": 864.1500690571154, "max_depth": 6.0, "min_child_weight": 4579.932432575523, "num_boost_round": 5.0, "subsample": 0.7258766760567364}, "datetime": {"datetime": "2024-01-20 15:17:09", "elapsed": 3182.44933, "delta": 0.004073}}
{"target": -13.497652159988684, "params": {"colsample_bytree": 0.11658418670096772, "eta": 0.0892331745880334, "gamma": 864.1500690571154, "max_depth": 6.0, "min_child_weight": 4579.932432575523, "num_boost_round": 6.0, "subsample": 0.7258766760567364}, "datetime": {"datetime": "2024-01-20 15:17:09", "elapsed": 3182.453506, "delta": 0.004176}}
{"target": -13.49763556331045, "params": {"colsample_bytree": 0.11658418670096772, "eta": 0.0892331745880334, "gamma": 864.1500690571154, "max_depth": 6.0, "min_child_weight": 4579.932432575523, "num_boost_round": 7.0, "subsample": 0.7258766760567364}, "datetime": {"datetime": "2024-01-20 15:17:09", "elapsed": 3182.457565, "delta": 0.004059}}
{"target": -13.497549460901546, "params": {"colsample_bytree": 0.11658418670096772, "eta": 0.0892331745880334, "gamma": 864.1500690571154, "max_depth": 6.0, "min_child_weight": 4579.932432575523, "num_boost_round": 8.0, "subsample": 0.7258766760567364}, "datetime": {"datetime": "2024-01-20 15:17:09", "elapsed": 3182.461654, "delta": 0.004089}}
{"target": -13.497633059325608, "params": {"colsample_bytree": 0.11658418670096772, "eta": 0.0892331745880334, "gamma": 864.1500690571154, "max_depth": 6.0, "min_child_weight": 4579.932432575523, "num_boost_round": 9.0, "subsample": 0.7258766760567364}, "datetime": {"datetime": "2024-01-20 15:17:09", "elapsed": 3182.465796, "delta": 0.004142}}
{"target": -13.49745018309471, "params": {"colsample_bytree": 0.11658418670096772, "eta": 0.0892331745880334, "gamma": 864.1500690571154, "max_depth": 6.0, "min_child_weight": 4579.932432575523, "num_boost_round": 10.0, "subsample": 0.7258766760567364}, "datetime": {"datetime": "2024-01-20 15:17:09", "elapsed": 3182.470004, "delta": 0.004208}}
{"target": -13.497634026930838, "params": {"colsample_bytree": 0.11658418670096772, "eta": 0.0892331745880334, "gamma": 864.1500690571154, "max_depth": 6.0, "min_child_weight": 4579.932432575523, "num_boost_round": 11.0, "subsample": 0.7258766760567364}, "datetime": {"datetime": "2024-01-20 15:17:09", "elapsed": 3182.474083, "delta": 0.004079}}
{"target": -13.497543891295834, "params": {"colsample_bytree": 0.11658418670096772, "eta": 0.0892331745880334, "gamma": 864.1500690571154, "max_depth": 6.0, "min_child_weight": 4579.932432575523, "num_boost_round": 12.0, "subsample": 0.7258766760567364}, "datetime": {"datetime": "2024-01-20 15:17:09", "elapsed": 3182.478189, "delta": 0.004106}}
{"target": -13.49773678937891, "params": {"colsample_bytree": 0.11658418670096772, "eta": 0.0892331745880334, "gamma": 864.1500690571154, "max_depth": 6.0, "min_child_weight": 4579.932432575523, "num_boost_round": 13.0, "subsample": 0.7258766760567364}, "datetime": {"datetime": "2024-01-20 15:17:09", "elapsed": 3182.48228, "delta": 0.004091}}
{"target": -13.497628815844216, "params": {"colsample_bytree": 0.11658418670096772, "eta": 0.0892331745880334, "gamma": 864.1500690571154, "max_depth": 6.0, "min_child_weight": 4579.932432575523, "num_boost_round": 14.0, "subsample": 0.7258766760567364}, "datetime": {"datetime": "2024-01-20 15:17:09", "elapsed": 3182.486452, "delta": 0.004172}}
{"target": -13.497553896037477, "params": {"colsample_bytree": 0.11658418670096772, "eta": 0.0892331745880334, "gamma": 864.1500690571154, "max_depth": 6.0, "min_child_weight": 4579.932432575523, "num_boost_round": 15.0, "subsample": 0.7258766760567364}, "datetime": {"datetime": "2024-01-20 15:17:09", "elapsed": 3182.490558, "delta": 0.004106}}
{"target": -13.497570045763144, "params": {"colsample_bytree": 0.11658418670096772, "eta": 0.0892331745880334, "gamma": 864.1500690571154, "max_depth": 6.0, "min_child_weight": 4579.932432575523, "num_boost_round": 16.0, "subsample": 0.7258766760567364}, "datetime": {"datetime": "2024-01-20 15:17:09", "elapsed": 3182.494658, "delta": 0.0041}}
{"target": -13.49749868395392, "params": {"colsample_bytree": 0.11658418670096772, "eta": 0.0892331745880334, "gamma": 864.1500690571154, "max_depth": 6.0, "min_child_weight": 4579.932432575523, "num_boost_round": 17.0, "subsample": 0.7258766760567364}, "datetime": {"datetime": "2024-01-20 15:17:09", "elapsed": 3182.498797, "delta": 0.004139}}
{"target": -13.49751541631565, "params": {"colsample_bytree": 0.11658418670096772, "eta": 0.0892331745880334, "gamma": 864.1500690571154, "max_depth": 6.0, "min_child_weight": 4579.932432575523, "num_boost_round": 18.0, "subsample": 0.7258766760567364}, "datetime": {"datetime": "2024-01-20 15:17:09", "elapsed": 3182.503626, "delta": 0.004829}}
{"target": -13.497501204808874, "params": {"colsample_bytree": 0.11658418670096772, "eta": 0.0892331745880334, "gamma": 864.1500690571154, "max_depth": 6.0, "min_child_weight": 4579.932432575523, "num_boost_round": 19.0, "subsample": 0.7258766760567364}, "datetime": {"datetime": "2024-01-20 15:17:09", "elapsed": 3182.509307, "delta": 0.005681}}
{"target": -13.497329140688155, "params": {"colsample_bytree": 0.11658418670096772, "eta": 0.0892331745880334, "gamma": 864.1500690571154, "max_depth": 6.0, "min_child_weight": 4579.932432575523, "num_boost_round": 20.0, "subsample": 0.7258766760567364}, "datetime": {"datetime": "2024-01-20 15:17:09", "elapsed": 3182.514442, "delta": 0.005135}}
{"target": -13.497185987196467, "params": {"colsample_bytree": 0.11658418670096772, "eta": 0.0892331745880334, "gamma": 864.1500690571154, "max_depth": 6.0, "min_child_weight": 4579.932432575523, "num_boost_round": 21.0, "subsample": 0.7258766760567364}, "datetime": {"datetime": "2024-01-20 15:17:09", "elapsed": 3182.518976, "delta": 0.004534}}
{"target": -13.496967809798315, "params": {"colsample_bytree": 0.11658418670096772, "eta": 0.0892331745880334, "gamma": 864.1500690571154, "max_depth": 6.0, "min_child_weight": 4579.932432575523, "num_boost_round": 22.0, "subsample": 0.7258766760567364}, "datetime": {"datetime": "2024-01-20 15:17:09", "elapsed": 3182.523299, "delta": 0.004323}}
{"target": -13.497215089186701, "params": {"colsample_bytree": 0.11658418670096772, "eta": 0.0892331745880334, "gamma": 864.1500690571154, "max_depth": 6.0, "min_child_weight": 4579.932432575523, "num_boost_round": 23.0, "subsample": 0.7258766760567364}, "datetime": {"datetime": "2024-01-20 15:17:09", "elapsed": 3182.527425, "delta": 0.004126}}
{"target": -13.496991168323184, "params": {"colsample_bytree": 0.11658418670096772, "eta": 0.0892331745880334, "gamma": 864.1500690571154, "max_depth": 6.0, "min_child_weight": 4579.932432575523, "num_boost_round": 24.0, "subsample": 0.7258766760567364}, "datetime": {"datetime": "2024-01-20 15:17:09", "elapsed": 3182.532119, "delta": 0.004694}}
{"target": -13.497068484269132, "params": {"colsample_bytree": 0.11658418670096772, "eta": 0.0892331745880334, "gamma": 864.1500690571154, "max_depth": 6.0, "min_child_weight": 4579.932432575523, "num_boost_round": 25.0, "subsample": 0.7258766760567364}, "datetime": {"datetime": "2024-01-20 15:17:09", "elapsed": 3182.53652, "delta": 0.004401}}
{"target": -13.496963232585664, "params": {"colsample_bytree": 0.11658418670096772, "eta": 0.0892331745880334, "gamma": 864.1500690571154, "max_depth": 6.0, "min_child_weight": 4579.932432575523, "num_boost_round": 26.0, "subsample": 0.7258766760567364}, "datetime": {"datetime": "2024-01-20 15:17:09", "elapsed": 3182.540821, "delta": 0.004301}}
{"target": -13.497079208227555, "params": {"colsample_bytree": 0.11658418670096772, "eta": 0.0892331745880334, "gamma": 864.1500690571154, "max_depth": 6.0, "min_child_weight": 4579.932432575523, "num_boost_round": 27.0, "subsample": 0.7258766760567364}, "datetime": {"datetime": "2024-01-20 15:17:09", "elapsed": 3182.544955, "delta": 0.004134}}
{"target": -13.497455201157113, "params": {"colsample_bytree": 0.11658418670096772, "eta": 0.0892331745880334, "gamma": 864.1500690571154, "max_depth": 6.0, "min_child_weight": 4579.932432575523, "num_boost_round": 28.0, "subsample": 0.7258766760567364}, "datetime": {"datetime": "2024-01-20 15:17:09", "elapsed": 3182.549095, "delta": 0.00414}}
{"target": -13.497300545013555, "params": {"colsample_bytree": 0.11658418670096772, "eta": 0.0892331745880334, "gamma": 864.1500690571154, "max_depth": 6.0, "min_child_weight": 4579.932432575523, "num_boost_round": 29.0, "subsample": 0.7258766760567364}, "datetime": {"datetime": "2024-01-20 15:17:09", "elapsed": 3182.553263, "delta": 0.004168}}
{"target": -13.49725140031913, "params": {"colsample_bytree": 0.11658418670096772, "eta": 0.0892331745880334, "gamma": 864.1500690571154, "max_depth": 6.0, "min_child_weight": 4579.932432575523, "num_boost_round": 30.0, "subsample": 0.7258766760567364}, "datetime": {"datetime": "2024-01-20 15:17:09", "elapsed": 3182.55753, "delta": 0.004267}}
{"target": -13.497433777743426, "params": {"colsample_bytree": 0.11658418670096772, "eta": 0.0892331745880334, "gamma": 864.1500690571154, "max_depth": 6.0, "min_child_weight": 4579.932432575523, "num_boost_round": 31.0, "subsample": 0.7258766760567364}, "datetime": {"datetime": "2024-01-20 15:17:09", "elapsed": 3182.561688, "delta": 0.004158}}
{"target": -13.49748862995541, "params": {"colsample_bytree": 0.11658418670096772, "eta": 0.0892331745880334, "gamma": 864.1500690571154, "max_depth": 6.0, "min_child_weight": 4579.932432575523, "num_boost_round": 32.0, "subsample": 0.7258766760567364}, "datetime": {"datetime": "2024-01-20 15:17:09", "elapsed": 3182.565855, "delta": 0.004167}}
{"target": -13.497598956175125, "params": {"colsample_bytree": 0.11658418670096772, "eta": 0.0892331745880334, "gamma": 864.1500690571154, "max_depth": 6.0, "min_child_weight": 4579.932432575523, "num_boost_round": 33.0, "subsample": 0.7258766760567364}, "datetime": {"datetime": "2024-01-20 15:17:09", "elapsed": 3182.570024, "delta": 0.004169}}
{"target": -13.497536545716818, "params": {"colsample_bytree": 0.11658418670096772, "eta": 0.0892331745880334, "gamma": 864.1500690571154, "max_depth": 6.0, "min_child_weight": 4579.932432575523, "num_boost_round": 34.0, "subsample": 0.7258766760567364}, "datetime": {"datetime": "2024-01-20 15:17:09", "elapsed": 3182.574268, "delta": 0.004244}}
{"target": -13.497916681665638, "params": {"colsample_bytree": 0.11658418670096772, "eta": 0.0892331745880334, "gamma": 864.1500690571154, "max_depth": 6.0, "min_child_weight": 4579.932432575523, "num_boost_round": 35.0, "subsample": 0.7258766760567364}, "datetime": {"datetime": "2024-01-20 15:17:09", "elapsed": 3182.578436, "delta": 0.004168}}
{"target": -13.497892094021013, "params": {"colsample_bytree": 0.11658418670096772, "eta": 0.0892331745880334, "gamma": 864.1500690571154, "max_depth": 6.0, "min_child_weight": 4579.932432575523, "num_boost_round": 36.0, "subsample": 0.7258766760567364}, "datetime": {"datetime": "2024-01-20 15:17:09", "elapsed": 3182.582592, "delta": 0.004156}}
{"target": -13.498026196602428, "params": {"colsample_bytree": 0.11658418670096772, "eta": 0.0892331745880334, "gamma": 864.1500690571154, "max_depth": 6.0, "min_child_weight": 4579.932432575523, "num_boost_round": 37.0, "subsample": 0.7258766760567364}, "datetime": {"datetime": "2024-01-20 15:17:09", "elapsed": 3182.586745, "delta": 0.004153}}
{"target": -13.498353430596687, "params": {"colsample_bytree": 0.11658418670096772, "eta": 0.0892331745880334, "gamma": 864.1500690571154, "max_depth": 6.0, "min_child_weight": 4579.932432575523, "num_boost_round": 38.0, "subsample": 0.7258766760567364}, "datetime": {"datetime": "2024-01-20 15:17:09", "elapsed": 3182.590987, "delta": 0.004242}}
{"target": -13.49867701074614, "params": {"colsample_bytree": 0.11658418670096772, "eta": 0.0892331745880334, "gamma": 864.1500690571154, "max_depth": 6.0, "min_child_weight": 4579.932432575523, "num_boost_round": 39.0, "subsample": 0.7258766760567364}, "datetime": {"datetime": "2024-01-20 15:17:09", "elapsed": 3182.595174, "delta": 0.004187}}
{"target": -13.498692227375795, "params": {"colsample_bytree": 0.11658418670096772, "eta": 0.0892331745880334, "gamma": 864.1500690571154, "max_depth": 6.0, "min_child_weight": 4579.932432575523, "num_boost_round": 40.0, "subsample": 0.7258766760567364}, "datetime": {"datetime": "2024-01-20 15:17:09", "elapsed": 3182.599351, "delta": 0.004177}}
{"target": -13.498833339566634, "params": {"colsample_bytree": 0.11658418670096772, "eta": 0.0892331745880334, "gamma": 864.1500690571154, "max_depth": 6.0, "min_child_weight": 4579.932432575523, "num_boost_round": 41.0, "subsample": 0.7258766760567364}, "datetime": {"datetime": "2024-01-20 15:17:09", "elapsed": 3182.603516, "delta": 0.004165}}
{"target": -13.499176591251144, "params": {"colsample_bytree": 0.11658418670096772, "eta": 0.0892331745880334, "gamma": 864.1500690571154, "max_depth": 6.0, "min_child_weight": 4579.932432575523, "num_boost_round": 42.0, "subsample": 0.7258766760567364}, "datetime": {"datetime": "2024-01-20 15:17:09", "elapsed": 3182.607766, "delta": 0.00425}}
{"target": -13.499148177627287, "params": {"colsample_bytree": 0.11658418670096772, "eta": 0.0892331745880334, "gamma": 864.1500690571154, "max_depth": 6.0, "min_child_weight": 4579.932432575523, "num_boost_round": 43.0, "subsample": 0.7258766760567364}, "datetime": {"datetime": "2024-01-20 15:17:09", "elapsed": 3182.612119, "delta": 0.004353}}
{"target": -13.49908185176075, "params": {"colsample_bytree": 0.11658418670096772, "eta": 0.0892331745880334, "gamma": 864.1500690571154, "max_depth": 6.0, "min_child_weight": 4579.932432575523, "num_boost_round": 44.0, "subsample": 0.7258766760567364}, "datetime": {"datetime": "2024-01-20 15:17:09", "elapsed": 3182.616275, "delta": 0.004156}}
{"target": -13.499012238063557, "params": {"colsample_bytree": 0.11658418670096772, "eta": 0.0892331745880334, "gamma": 864.1500690571154, "max_depth": 6.0, "min_child_weight": 4579.932432575523, "num_boost_round": 45.0, "subsample": 0.7258766760567364}, "datetime": {"datetime": "2024-01-20 15:17:09", "elapsed": 3182.620438, "delta": 0.004163}}
{"target": -13.499367141492531, "params": {"colsample_bytree": 0.11658418670096772, "eta": 0.0892331745880334, "gamma": 864.1500690571154, "max_depth": 6.0, "min_child_weight": 4579.932432575523, "num_boost_round": 46.0, "subsample": 0.7258766760567364}, "datetime": {"datetime": "2024-01-20 15:17:09", "elapsed": 3182.624702, "delta": 0.004264}}
{"target": -13.499204698295067, "params": {"colsample_bytree": 0.11658418670096772, "eta": 0.0892331745880334, "gamma": 864.1500690571154, "max_depth": 6.0, "min_child_weight": 4579.932432575523, "num_boost_round": 47.0, "subsample": 0.7258766760567364}, "datetime": {"datetime": "2024-01-20 15:17:09", "elapsed": 3182.628865, "delta": 0.004163}}
{"target": -13.499174488809938, "params": {"colsample_bytree": 0.11658418670096772, "eta": 0.0892331745880334, "gamma": 864.1500690571154, "max_depth": 6.0, "min_child_weight": 4579.932432575523, "num_boost_round": 48.0, "subsample": 0.7258766760567364}, "datetime": {"datetime": "2024-01-20 15:17:09", "elapsed": 3182.63359, "delta": 0.004725}}
{"target": -13.499432599893735, "params": {"colsample_bytree": 0.11658418670096772, "eta": 0.0892331745880334, "gamma": 864.1500690571154, "max_depth": 6.0, "min_child_weight": 4579.932432575523, "num_boost_round": 49.0, "subsample": 0.7258766760567364}, "datetime": {"datetime": "2024-01-20 15:17:09", "elapsed": 3182.637886, "delta": 0.004296}}
{"target": -13.499491029623094, "params": {"colsample_bytree": 0.11658418670096772, "eta": 0.0892331745880334, "gamma": 864.1500690571154, "max_depth": 6.0, "min_child_weight": 4579.932432575523, "num_boost_round": 50.0, "subsample": 0.7258766760567364}, "datetime": {"datetime": "2024-01-20 15:17:09", "elapsed": 3182.642192, "delta": 0.004306}}
{"target": -13.499578165607913, "params": {"colsample_bytree": 0.11658418670096772, "eta": 0.0892331745880334, "gamma": 864.1500690571154, "max_depth": 6.0, "min_child_weight": 4579.932432575523, "num_boost_round": 51.0, "subsample": 0.7258766760567364}, "datetime": {"datetime": "2024-01-20 15:17:09", "elapsed": 3182.646386, "delta": 0.004194}}
{"target": -13.499885044689629, "params": {"colsample_bytree": 0.11658418670096772, "eta": 0.0892331745880334, "gamma": 864.1500690571154, "max_depth": 6.0, "min_child_weight": 4579.932432575523, "num_boost_round": 52.0, "subsample": 0.7258766760567364}, "datetime": {"datetime": "2024-01-20 15:17:09", "elapsed": 3182.650503, "delta": 0.004117}}
{"target": -13.500282792274849, "params": {"colsample_bytree": 0.11658418670096772, "eta": 0.0892331745880334, "gamma": 864.1500690571154, "max_depth": 6.0, "min_child_weight": 4579.932432575523, "num_boost_round": 53.0, "subsample": 0.7258766760567364}, "datetime": {"datetime": "2024-01-20 15:17:09", "elapsed": 3182.654638, "delta": 0.004135}}
{"target": -13.500603518032612, "params": {"colsample_bytree": 0.11658418670096772, "eta": 0.0892331745880334, "gamma": 864.1500690571154, "max_depth": 6.0, "min_child_weight": 4579.932432575523, "num_boost_round": 54.0, "subsample": 0.7258766760567364}, "datetime": {"datetime": "2024-01-20 15:17:09", "elapsed": 3182.658867, "delta": 0.004229}}
{"target": -13.500485584323023, "params": {"colsample_bytree": 0.11658418670096772, "eta": 0.0892331745880334, "gamma": 864.1500690571154, "max_depth": 6.0, "min_child_weight": 4579.932432575523, "num_boost_round": 55.0, "subsample": 0.7258766760567364}, "datetime": {"datetime": "2024-01-20 15:17:09", "elapsed": 3182.663053, "delta": 0.004186}}
{"target": -13.500586986232456, "params": {"colsample_bytree": 0.11658418670096772, "eta": 0.0892331745880334, "gamma": 864.1500690571154, "max_depth": 6.0, "min_child_weight": 4579.932432575523, "num_boost_round": 56.0, "subsample": 0.7258766760567364}, "datetime": {"datetime": "2024-01-20 15:17:09", "elapsed": 3182.667215, "delta": 0.004162}}
{"target": -13.500631417898493, "params": {"colsample_bytree": 0.11658418670096772, "eta": 0.0892331745880334, "gamma": 864.1500690571154, "max_depth": 6.0, "min_child_weight": 4579.932432575523, "num_boost_round": 57.0, "subsample": 0.7258766760567364}, "datetime": {"datetime": "2024-01-20 15:17:09", "elapsed": 3182.671389, "delta": 0.004174}}
{"target": -13.50059520410093, "params": {"colsample_bytree": 0.11658418670096772, "eta": 0.0892331745880334, "gamma": 864.1500690571154, "max_depth": 6.0, "min_child_weight": 4579.932432575523, "num_boost_round": 58.0, "subsample": 0.7258766760567364}, "datetime": {"datetime": "2024-01-20 15:17:09", "elapsed": 3182.675657, "delta": 0.004268}}
{"target": -13.500804872325315, "params": {"colsample_bytree": 0.11658418670096772, "eta": 0.0892331745880334, "gamma": 864.1500690571154, "max_depth": 6.0, "min_child_weight": 4579.932432575523, "num_boost_round": 59.0, "subsample": 0.7258766760567364}, "datetime": {"datetime": "2024-01-20 15:17:09", "elapsed": 3182.679783, "delta": 0.004126}}
{"target": -13.500818697261558, "params": {"colsample_bytree": 0.11658418670096772, "eta": 0.0892331745880334, "gamma": 864.1500690571154, "max_depth": 6.0, "min_child_weight": 4579.932432575523, "num_boost_round": 60.0, "subsample": 0.7258766760567364}, "datetime": {"datetime": "2024-01-20 15:17:09", "elapsed": 3182.683949, "delta": 0.004166}}
{"target": -13.500863358620471, "params": {"colsample_bytree": 0.11658418670096772, "eta": 0.0892331745880334, "gamma": 864.1500690571154, "max_depth": 6.0, "min_child_weight": 4579.932432575523, "num_boost_round": 61.0, "subsample": 0.7258766760567364}, "datetime": {"datetime": "2024-01-20 15:17:09", "elapsed": 3182.688139, "delta": 0.00419}}
