{"target": -12.356749381978256, "params": {"colsample_bytree": 0.42519447621189443, "eta": 0.07038782349092206, "gamma": 497.15904009262255, "max_depth": 6.0, "min_child_weight": 4226.050579890883, "num_boost_round": 126.0, "subsample": 0.5265038248656098}, "datetime": {"datetime": "2024-01-20 16:55:30", "elapsed": 9096.541331, "delta": 0.007597}}
{"target": -12.356503945542432, "params": {"colsample_bytree": 0.42519447621189443, "eta": 0.07038782349092206, "gamma": 497.15904009262255, "max_depth": 6.0, "min_child_weight": 4226.050579890883, "num_boost_round": 127.0, "subsample": 0.5265038248656098}, "datetime": {"datetime": "2024-01-20 16:55:30", "elapsed": 9096.548768, "delta": 0.007437}}
{"target": -12.35655019765434, "params": {"colsample_bytree": 0.42519447621189443, "eta": 0.07038782349092206, "gamma": 497.15904009262255, "max_depth": 6.0, "min_child_weight": 4226.050579890883, "num_boost_round": 128.0, "subsample": 0.5265038248656098}, "datetime": {"datetime": "2024-01-20 16:55:30", "elapsed": 9096.557151, "delta": 0.008383}}
{"target": -12.358749449992164, "params": {"colsample_bytree": 0.17368488499832352, "eta": 0.013770190712125534, "gamma": 588.9909431557759, "max_depth": 9.0, "min_child_weight": 4229.801952170855, "num_boost_round": 1.0, "subsample": 0.786224945829738}, "datetime": {"datetime": "2024-01-20 16:57:50", "elapsed": 9236.295681, "delta": 139.73853}}
{"target": -12.358478434774616, "params": {"colsample_bytree": 0.17368488499832352, "eta": 0.013770190712125534, "gamma": 588.9909431557759, "max_depth": 9.0, "min_child_weight": 4229.801952170855, "num_boost_round": 2.0, "subsample": 0.786224945829738}, "datetime": {"datetime": "2024-01-20 16:57:50", "elapsed": 9236.307597, "delta": 0.011916}}
{"target": -12.358068666481538, "params": {"colsample_bytree": 0.17368488499832352, "eta": 0.013770190712125534, "gamma": 588.9909431557759, "max_depth": 9.0, "min_child_weight": 4229.801952170855, "num_boost_round": 3.0, "subsample": 0.786224945829738}, "datetime": {"datetime": "2024-01-20 16:57:50", "elapsed": 9236.318762, "delta": 0.011165}}
{"target": -12.358129246576382, "params": {"colsample_bytree": 0.17368488499832352, "eta": 0.013770190712125534, "gamma": 588.9909431557759, "max_depth": 9.0, "min_child_weight": 4229.801952170855, "num_boost_round": 4.0, "subsample": 0.786224945829738}, "datetime": {"datetime": "2024-01-20 16:57:50", "elapsed": 9236.329836, "delta": 0.011074}}
{"target": -12.358135583110798, "params": {"colsample_bytree": 0.17368488499832352, "eta": 0.013770190712125534, "gamma": 588.9909431557759, "max_depth": 9.0, "min_child_weight": 4229.801952170855, "num_boost_round": 5.0, "subsample": 0.786224945829738}, "datetime": {"datetime": "2024-01-20 16:57:50", "elapsed": 9236.340522, "delta": 0.010686}}
{"target": -12.358110505025259, "params": {"colsample_bytree": 0.17368488499832352, "eta": 0.013770190712125534, "gamma": 588.9909431557759, "max_depth": 9.0, "min_child_weight": 4229.801952170855, "num_boost_round": 6.0, "subsample": 0.786224945829738}, "datetime": {"datetime": "2024-01-20 16:57:50", "elapsed": 9236.350731, "delta": 0.010209}}
{"target": -12.358074041276122, "params": {"colsample_bytree": 0.17368488499832352, "eta": 0.013770190712125534, "gamma": 588.9909431557759, "max_depth": 9.0, "min_child_weight": 4229.801952170855, "num_boost_round": 7.0, "subsample": 0.786224945829738}, "datetime": {"datetime": "2024-01-20 16:57:50", "elapsed": 9236.363132, "delta": 0.012401}}
{"target": -12.35763636543819, "params": {"colsample_bytree": 0.17368488499832352, "eta": 0.013770190712125534, "gamma": 588.9909431557759, "max_depth": 9.0, "min_child_weight": 4229.801952170855, "num_boost_round": 8.0, "subsample": 0.786224945829738}, "datetime": {"datetime": "2024-01-20 16:57:50", "elapsed": 9236.375988, "delta": 0.012856}}
{"target": -12.357639388430595, "params": {"colsample_bytree": 0.17368488499832352, "eta": 0.013770190712125534, "gamma": 588.9909431557759, "max_depth": 9.0, "min_child_weight": 4229.801952170855, "num_boost_round": 9.0, "subsample": 0.786224945829738}, "datetime": {"datetime": "2024-01-20 16:57:50", "elapsed": 9236.385393, "delta": 0.009405}}
{"target": -12.357379108973937, "params": {"colsample_bytree": 0.17368488499832352, "eta": 0.013770190712125534, "gamma": 588.9909431557759, "max_depth": 9.0, "min_child_weight": 4229.801952170855, "num_boost_round": 10.0, "subsample": 0.786224945829738}, "datetime": {"datetime": "2024-01-20 16:57:50", "elapsed": 9236.394747, "delta": 0.009354}}
{"target": -12.357028339983227, "params": {"colsample_bytree": 0.17368488499832352, "eta": 0.013770190712125534, "gamma": 588.9909431557759, "max_depth": 9.0, "min_child_weight": 4229.801952170855, "num_boost_round": 11.0, "subsample": 0.786224945829738}, "datetime": {"datetime": "2024-01-20 16:57:50", "elapsed": 9236.404379, "delta": 0.009632}}
{"target": -12.356978508750656, "params": {"colsample_bytree": 0.17368488499832352, "eta": 0.013770190712125534, "gamma": 588.9909431557759, "max_depth": 9.0, "min_child_weight": 4229.801952170855, "num_boost_round": 12.0, "subsample": 0.786224945829738}, "datetime": {"datetime": "2024-01-20 16:57:50", "elapsed": 9236.414594, "delta": 0.010215}}
{"target": -12.357075204307034, "params": {"colsample_bytree": 0.17368488499832352, "eta": 0.013770190712125534, "gamma": 588.9909431557759, "max_depth": 9.0, "min_child_weight": 4229.801952170855, "num_boost_round": 13.0, "subsample": 0.786224945829738}, "datetime": {"datetime": "2024-01-20 16:57:50", "elapsed": 9236.425119, "delta": 0.010525}}
{"target": -12.35706227347116, "params": {"colsample_bytree": 0.17368488499832352, "eta": 0.013770190712125534, "gamma": 588.9909431557759, "max_depth": 9.0, "min_child_weight": 4229.801952170855, "num_boost_round": 14.0, "subsample": 0.786224945829738}, "datetime": {"datetime": "2024-01-20 16:57:50", "elapsed": 9236.435207, "delta": 0.010088}}
{"target": -12.356764383016086, "params": {"colsample_bytree": 0.17368488499832352, "eta": 0.013770190712125534, "gamma": 588.9909431557759, "max_depth": 9.0, "min_child_weight": 4229.801952170855, "num_boost_round": 15.0, "subsample": 0.786224945829738}, "datetime": {"datetime": "2024-01-20 16:57:50", "elapsed": 9236.445417, "delta": 0.01021}}
{"target": -12.356721891597296, "params": {"colsample_bytree": 0.17368488499832352, "eta": 0.013770190712125534, "gamma": 588.9909431557759, "max_depth": 9.0, "min_child_weight": 4229.801952170855, "num_boost_round": 16.0, "subsample": 0.786224945829738}, "datetime": {"datetime": "2024-01-20 16:57:50", "elapsed": 9236.456037, "delta": 0.01062}}
{"target": -12.356756504984968, "params": {"colsample_bytree": 0.17368488499832352, "eta": 0.013770190712125534, "gamma": 588.9909431557759, "max_depth": 9.0, "min_child_weight": 4229.801952170855, "num_boost_round": 17.0, "subsample": 0.786224945829738}, "datetime": {"datetime": "2024-01-20 16:57:50", "elapsed": 9236.465935, "delta": 0.009898}}
{"target": -12.356757916009009, "params": {"colsample_bytree": 0.17368488499832352, "eta": 0.013770190712125534, "gamma": 588.9909431557759, "max_depth": 9.0, "min_child_weight": 4229.801952170855, "num_boost_round": 18.0, "subsample": 0.786224945829738}, "datetime": {"datetime": "2024-01-20 16:57:50", "elapsed": 9236.476013, "delta": 0.010078}}
{"target": -12.356689259901296, "params": {"colsample_bytree": 0.17368488499832352, "eta": 0.013770190712125534, "gamma": 588.9909431557759, "max_depth": 9.0, "min_child_weight": 4229.801952170855, "num_boost_round": 19.0, "subsample": 0.786224945829738}, "datetime": {"datetime": "2024-01-20 16:57:50", "elapsed": 9236.48622, "delta": 0.010207}}
{"target": -12.356695885957434, "params": {"colsample_bytree": 0.17368488499832352, "eta": 0.013770190712125534, "gamma": 588.9909431557759, "max_depth": 9.0, "min_child_weight": 4229.801952170855, "num_boost_round": 20.0, "subsample": 0.786224945829738}, "datetime": {"datetime": "2024-01-20 16:57:50", "elapsed": 9236.496536, "delta": 0.010316}}
{"target": -12.35664050698674, "params": {"colsample_bytree": 0.17368488499832352, "eta": 0.013770190712125534, "gamma": 588.9909431557759, "max_depth": 9.0, "min_child_weight": 4229.801952170855, "num_boost_round": 21.0, "subsample": 0.786224945829738}, "datetime": {"datetime": "2024-01-20 16:57:50", "elapsed": 9236.507007, "delta": 0.010471}}
{"target": -12.35663373504736, "params": {"colsample_bytree": 0.17368488499832352, "eta": 0.013770190712125534, "gamma": 588.9909431557759, "max_depth": 9.0, "min_child_weight": 4229.801952170855, "num_boost_round": 22.0, "subsample": 0.786224945829738}, "datetime": {"datetime": "2024-01-20 16:57:50", "elapsed": 9236.51742, "delta": 0.010413}}
{"target": -12.35661611509856, "params": {"colsample_bytree": 0.17368488499832352, "eta": 0.013770190712125534, "gamma": 588.9909431557759, "max_depth": 9.0, "min_child_weight": 4229.801952170855, "num_boost_round": 23.0, "subsample": 0.786224945829738}, "datetime": {"datetime": "2024-01-20 16:57:50", "elapsed": 9236.52773, "delta": 0.01031}}
{"target": -12.356676904252666, "params": {"colsample_bytree": 0.17368488499832352, "eta": 0.013770190712125534, "gamma": 588.9909431557759, "max_depth": 9.0, "min_child_weight": 4229.801952170855, "num_boost_round": 24.0, "subsample": 0.786224945829738}, "datetime": {"datetime": "2024-01-20 16:57:50", "elapsed": 9236.538325, "delta": 0.010595}}
{"target": -12.356329989705864, "params": {"colsample_bytree": 0.17368488499832352, "eta": 0.013770190712125534, "gamma": 588.9909431557759, "max_depth": 9.0, "min_child_weight": 4229.801952170855, "num_boost_round": 25.0, "subsample": 0.786224945829738}, "datetime": {"datetime": "2024-01-20 16:57:50", "elapsed": 9236.548307, "delta": 0.009982}}
{"target": -12.356319967058973, "params": {"colsample_bytree": 0.17368488499832352, "eta": 0.013770190712125534, "gamma": 588.9909431557759, "max_depth": 9.0, "min_child_weight": 4229.801952170855, "num_boost_round": 26.0, "subsample": 0.786224945829738}, "datetime": {"datetime": "2024-01-20 16:57:50", "elapsed": 9236.55839, "delta": 0.010083}}
{"target": -12.356353908739088, "params": {"colsample_bytree": 0.17368488499832352, "eta": 0.013770190712125534, "gamma": 588.9909431557759, "max_depth": 9.0, "min_child_weight": 4229.801952170855, "num_boost_round": 27.0, "subsample": 0.786224945829738}, "datetime": {"datetime": "2024-01-20 16:57:50", "elapsed": 9236.568505, "delta": 0.010115}}
{"target": -12.356356587485678, "params": {"colsample_bytree": 0.17368488499832352, "eta": 0.013770190712125534, "gamma": 588.9909431557759, "max_depth": 9.0, "min_child_weight": 4229.801952170855, "num_boost_round": 28.0, "subsample": 0.786224945829738}, "datetime": {"datetime": "2024-01-20 16:57:50", "elapsed": 9236.579026, "delta": 0.010521}}
{"target": -12.356286661961912, "params": {"colsample_bytree": 0.17368488499832352, "eta": 0.013770190712125534, "gamma": 588.9909431557759, "max_depth": 9.0, "min_child_weight": 4229.801952170855, "num_boost_round": 29.0, "subsample": 0.786224945829738}, "datetime": {"datetime": "2024-01-20 16:57:50", "elapsed": 9236.589082, "delta": 0.010056}}
{"target": -12.355887836224692, "params": {"colsample_bytree": 0.17368488499832352, "eta": 0.013770190712125534, "gamma": 588.9909431557759, "max_depth": 9.0, "min_child_weight": 4229.801952170855, "num_boost_round": 30.0, "subsample": 0.786224945829738}, "datetime": {"datetime": "2024-01-20 16:57:50", "elapsed": 9236.600134, "delta": 0.011052}}
{"target": -12.355152872985041, "params": {"colsample_bytree": 0.17368488499832352, "eta": 0.013770190712125534, "gamma": 588.9909431557759, "max_depth": 9.0, "min_child_weight": 4229.801952170855, "num_boost_round": 31.0, "subsample": 0.786224945829738}, "datetime": {"datetime": "2024-01-20 16:57:50", "elapsed": 9236.610591, "delta": 0.010457}}
{"target": -12.355100691055327, "params": {"colsample_bytree": 0.17368488499832352, "eta": 0.013770190712125534, "gamma": 588.9909431557759, "max_depth": 9.0, "min_child_weight": 4229.801952170855, "num_boost_round": 32.0, "subsample": 0.786224945829738}, "datetime": {"datetime": "2024-01-20 16:57:50", "elapsed": 9236.621116, "delta": 0.010525}}
{"target": -12.355072272883941, "params": {"colsample_bytree": 0.17368488499832352, "eta": 0.013770190712125534, "gamma": 588.9909431557759, "max_depth": 9.0, "min_child_weight": 4229.801952170855, "num_boost_round": 33.0, "subsample": 0.786224945829738}, "datetime": {"datetime": "2024-01-20 16:57:50", "elapsed": 9236.630866, "delta": 0.00975}}
{"target": -12.355083108755686, "params": {"colsample_bytree": 0.17368488499832352, "eta": 0.013770190712125534, "gamma": 588.9909431557759, "max_depth": 9.0, "min_child_weight": 4229.801952170855, "num_boost_round": 34.0, "subsample": 0.786224945829738}, "datetime": {"datetime": "2024-01-20 16:57:50", "elapsed": 9236.64096, "delta": 0.010094}}
{"target": -12.35522216073133, "params": {"colsample_bytree": 0.17368488499832352, "eta": 0.013770190712125534, "gamma": 588.9909431557759, "max_depth": 9.0, "min_child_weight": 4229.801952170855, "num_boost_round": 35.0, "subsample": 0.786224945829738}, "datetime": {"datetime": "2024-01-20 16:57:50", "elapsed": 9236.651108, "delta": 0.010148}}
{"target": -12.355226792075815, "params": {"colsample_bytree": 0.17368488499832352, "eta": 0.013770190712125534, "gamma": 588.9909431557759, "max_depth": 9.0, "min_child_weight": 4229.801952170855, "num_boost_round": 36.0, "subsample": 0.786224945829738}, "datetime": {"datetime": "2024-01-20 16:57:50", "elapsed": 9236.663916, "delta": 0.012808}}
{"target": -12.355366794216701, "params": {"colsample_bytree": 0.17368488499832352, "eta": 0.013770190712125534, "gamma": 588.9909431557759, "max_depth": 9.0, "min_child_weight": 4229.801952170855, "num_boost_round": 37.0, "subsample": 0.786224945829738}, "datetime": {"datetime": "2024-01-20 16:57:50", "elapsed": 9236.677063, "delta": 0.013147}}
{"target": -12.355432482018898, "params": {"colsample_bytree": 0.17368488499832352, "eta": 0.013770190712125534, "gamma": 588.9909431557759, "max_depth": 9.0, "min_child_weight": 4229.801952170855, "num_boost_round": 38.0, "subsample": 0.786224945829738}, "datetime": {"datetime": "2024-01-20 16:57:50", "elapsed": 9236.687986, "delta": 0.010923}}
{"target": -12.355358102329149, "params": {"colsample_bytree": 0.17368488499832352, "eta": 0.013770190712125534, "gamma": 588.9909431557759, "max_depth": 9.0, "min_child_weight": 4229.801952170855, "num_boost_round": 39.0, "subsample": 0.786224945829738}, "datetime": {"datetime": "2024-01-20 16:57:50", "elapsed": 9236.699459, "delta": 0.011473}}
{"target": -12.355295952897235, "params": {"colsample_bytree": 0.17368488499832352, "eta": 0.013770190712125534, "gamma": 588.9909431557759, "max_depth": 9.0, "min_child_weight": 4229.801952170855, "num_boost_round": 40.0, "subsample": 0.786224945829738}, "datetime": {"datetime": "2024-01-20 16:57:50", "elapsed": 9236.709432, "delta": 0.009973}}
{"target": -12.354849876168014, "params": {"colsample_bytree": 0.17368488499832352, "eta": 0.013770190712125534, "gamma": 588.9909431557759, "max_depth": 9.0, "min_child_weight": 4229.801952170855, "num_boost_round": 41.0, "subsample": 0.786224945829738}, "datetime": {"datetime": "2024-01-20 16:57:50", "elapsed": 9236.719669, "delta": 0.010237}}
{"target": -12.35457182290606, "params": {"colsample_bytree": 0.17368488499832352, "eta": 0.013770190712125534, "gamma": 588.9909431557759, "max_depth": 9.0, "min_child_weight": 4229.801952170855, "num_boost_round": 42.0, "subsample": 0.786224945829738}, "datetime": {"datetime": "2024-01-20 16:57:50", "elapsed": 9236.729675, "delta": 0.010006}}
{"target": -12.354566815803068, "params": {"colsample_bytree": 0.17368488499832352, "eta": 0.013770190712125534, "gamma": 588.9909431557759, "max_depth": 9.0, "min_child_weight": 4229.801952170855, "num_boost_round": 43.0, "subsample": 0.786224945829738}, "datetime": {"datetime": "2024-01-20 16:57:50", "elapsed": 9236.740313, "delta": 0.010638}}
{"target": -12.354658934374998, "params": {"colsample_bytree": 0.17368488499832352, "eta": 0.013770190712125534, "gamma": 588.9909431557759, "max_depth": 9.0, "min_child_weight": 4229.801952170855, "num_boost_round": 44.0, "subsample": 0.786224945829738}, "datetime": {"datetime": "2024-01-20 16:57:50", "elapsed": 9236.750096, "delta": 0.009783}}
{"target": -12.354671849303665, "params": {"colsample_bytree": 0.17368488499832352, "eta": 0.013770190712125534, "gamma": 588.9909431557759, "max_depth": 9.0, "min_child_weight": 4229.801952170855, "num_boost_round": 45.0, "subsample": 0.786224945829738}, "datetime": {"datetime": "2024-01-20 16:57:50", "elapsed": 9236.759889, "delta": 0.009793}}
{"target": -12.354670948950202, "params": {"colsample_bytree": 0.17368488499832352, "eta": 0.013770190712125534, "gamma": 588.9909431557759, "max_depth": 9.0, "min_child_weight": 4229.801952170855, "num_boost_round": 46.0, "subsample": 0.786224945829738}, "datetime": {"datetime": "2024-01-20 16:57:50", "elapsed": 9236.769679, "delta": 0.00979}}
{"target": -12.354682302446133, "params": {"colsample_bytree": 0.17368488499832352, "eta": 0.013770190712125534, "gamma": 588.9909431557759, "max_depth": 9.0, "min_child_weight": 4229.801952170855, "num_boost_round": 47.0, "subsample": 0.786224945829738}, "datetime": {"datetime": "2024-01-20 16:57:50", "elapsed": 9236.78015, "delta": 0.010471}}
{"target": -12.354814614319858, "params": {"colsample_bytree": 0.17368488499832352, "eta": 0.013770190712125534, "gamma": 588.9909431557759, "max_depth": 9.0, "min_child_weight": 4229.801952170855, "num_boost_round": 48.0, "subsample": 0.786224945829738}, "datetime": {"datetime": "2024-01-20 16:57:50", "elapsed": 9237.136047, "delta": 0.355897}}
{"target": -12.35481309495843, "params": {"colsample_bytree": 0.17368488499832352, "eta": 0.013770190712125534, "gamma": 588.9909431557759, "max_depth": 9.0, "min_child_weight": 4229.801952170855, "num_boost_round": 49.0, "subsample": 0.786224945829738}, "datetime": {"datetime": "2024-01-20 16:57:50", "elapsed": 9237.147342, "delta": 0.011295}}
{"target": -12.354820719538308, "params": {"colsample_bytree": 0.17368488499832352, "eta": 0.013770190712125534, "gamma": 588.9909431557759, "max_depth": 9.0, "min_child_weight": 4229.801952170855, "num_boost_round": 50.0, "subsample": 0.786224945829738}, "datetime": {"datetime": "2024-01-20 16:57:50", "elapsed": 9237.157604, "delta": 0.010262}}
{"target": -12.354826094951596, "params": {"colsample_bytree": 0.17368488499832352, "eta": 0.013770190712125534, "gamma": 588.9909431557759, "max_depth": 9.0, "min_child_weight": 4229.801952170855, "num_boost_round": 51.0, "subsample": 0.786224945829738}, "datetime": {"datetime": "2024-01-20 16:57:50", "elapsed": 9237.167765, "delta": 0.010161}}
{"target": -12.354866759992788, "params": {"colsample_bytree": 0.17368488499832352, "eta": 0.013770190712125534, "gamma": 588.9909431557759, "max_depth": 9.0, "min_child_weight": 4229.801952170855, "num_boost_round": 52.0, "subsample": 0.786224945829738}, "datetime": {"datetime": "2024-01-20 16:57:50", "elapsed": 9237.178128, "delta": 0.010363}}
{"target": -12.354544692339942, "params": {"colsample_bytree": 0.17368488499832352, "eta": 0.013770190712125534, "gamma": 588.9909431557759, "max_depth": 9.0, "min_child_weight": 4229.801952170855, "num_boost_round": 53.0, "subsample": 0.786224945829738}, "datetime": {"datetime": "2024-01-20 16:57:50", "elapsed": 9237.1885, "delta": 0.010372}}
{"target": -12.353941603463932, "params": {"colsample_bytree": 0.17368488499832352, "eta": 0.013770190712125534, "gamma": 588.9909431557759, "max_depth": 9.0, "min_child_weight": 4229.801952170855, "num_boost_round": 54.0, "subsample": 0.786224945829738}, "datetime": {"datetime": "2024-01-20 16:57:50", "elapsed": 9237.19905, "delta": 0.01055}}
{"target": -12.3539553578571, "params": {"colsample_bytree": 0.17368488499832352, "eta": 0.013770190712125534, "gamma": 588.9909431557759, "max_depth": 9.0, "min_child_weight": 4229.801952170855, "num_boost_round": 55.0, "subsample": 0.786224945829738}, "datetime": {"datetime": "2024-01-20 16:57:50", "elapsed": 9237.210013, "delta": 0.010963}}
{"target": -12.35358131406391, "params": {"colsample_bytree": 0.17368488499832352, "eta": 0.013770190712125534, "gamma": 588.9909431557759, "max_depth": 9.0, "min_child_weight": 4229.801952170855, "num_boost_round": 56.0, "subsample": 0.786224945829738}, "datetime": {"datetime": "2024-01-20 16:57:50", "elapsed": 9237.221765, "delta": 0.011752}}
{"target": -12.353594861081504, "params": {"colsample_bytree": 0.17368488499832352, "eta": 0.013770190712125534, "gamma": 588.9909431557759, "max_depth": 9.0, "min_child_weight": 4229.801952170855, "num_boost_round": 57.0, "subsample": 0.786224945829738}, "datetime": {"datetime": "2024-01-20 16:57:50", "elapsed": 9237.232527, "delta": 0.010762}}
{"target": -12.353624172972584, "params": {"colsample_bytree": 0.17368488499832352, "eta": 0.013770190712125534, "gamma": 588.9909431557759, "max_depth": 9.0, "min_child_weight": 4229.801952170855, "num_boost_round": 58.0, "subsample": 0.786224945829738}, "datetime": {"datetime": "2024-01-20 16:57:50", "elapsed": 9237.245843, "delta": 0.013316}}
{"target": -12.35326866895543, "params": {"colsample_bytree": 0.17368488499832352, "eta": 0.013770190712125534, "gamma": 588.9909431557759, "max_depth": 9.0, "min_child_weight": 4229.801952170855, "num_boost_round": 59.0, "subsample": 0.786224945829738}, "datetime": {"datetime": "2024-01-20 16:57:50", "elapsed": 9237.259322, "delta": 0.013479}}
{"target": -12.35326312998992, "params": {"colsample_bytree": 0.17368488499832352, "eta": 0.013770190712125534, "gamma": 588.9909431557759, "max_depth": 9.0, "min_child_weight": 4229.801952170855, "num_boost_round": 60.0, "subsample": 0.786224945829738}, "datetime": {"datetime": "2024-01-20 16:57:50", "elapsed": 9237.269766, "delta": 0.010444}}
