{"target": -12.343296556069863, "params": {"colsample_bytree": 0.66673552134994, "eta": 0.061814382319634265, "gamma": 576.8913299202935, "max_depth": 4.0, "min_child_weight": 4241.062632751085, "num_boost_round": 50.0, "subsample": 0.42407896003853307}, "datetime": {"datetime": "2024-01-20 15:17:19", "elapsed": 3205.316392, "delta": 0.006731}}
{"target": -12.343369717054202, "params": {"colsample_bytree": 0.66673552134994, "eta": 0.061814382319634265, "gamma": 576.8913299202935, "max_depth": 4.0, "min_child_weight": 4241.062632751085, "num_boost_round": 51.0, "subsample": 0.42407896003853307}, "datetime": {"datetime": "2024-01-20 15:17:19", "elapsed": 3205.321815, "delta": 0.005423}}
{"target": -12.343482098315059, "params": {"colsample_bytree": 0.66673552134994, "eta": 0.061814382319634265, "gamma": 576.8913299202935, "max_depth": 4.0, "min_child_weight": 4241.062632751085, "num_boost_round": 52.0, "subsample": 0.42407896003853307}, "datetime": {"datetime": "2024-01-20 15:17:19", "elapsed": 3205.326286, "delta": 0.004471}}
{"target": -12.343751155796145, "params": {"colsample_bytree": 0.66673552134994, "eta": 0.061814382319634265, "gamma": 576.8913299202935, "max_depth": 4.0, "min_child_weight": 4241.062632751085, "num_boost_round": 53.0, "subsample": 0.42407896003853307}, "datetime": {"datetime": "2024-01-20 15:17:19", "elapsed": 3205.330497, "delta": 0.004211}}
{"target": -12.357915918956671, "params": {"colsample_bytree": 0.2575093973217858, "eta": 0.025408636933726015, "gamma": 530.2931565188339, "max_depth": 2.0, "min_child_weight": 4223.657744823277, "num_boost_round": 1.0, "subsample": 0.7577797570169285}, "datetime": {"datetime": "2024-01-20 15:18:25", "elapsed": 3271.305202, "delta": 65.974705}}
{"target": -12.357343540871208, "params": {"colsample_bytree": 0.2575093973217858, "eta": 0.025408636933726015, "gamma": 530.2931565188339, "max_depth": 2.0, "min_child_weight": 4223.657744823277, "num_boost_round": 2.0, "subsample": 0.7577797570169285}, "datetime": {"datetime": "2024-01-20 15:18:25", "elapsed": 3271.311607, "delta": 0.006405}}
{"target": -12.356011334232692, "params": {"colsample_bytree": 0.2575093973217858, "eta": 0.025408636933726015, "gamma": 530.2931565188339, "max_depth": 2.0, "min_child_weight": 4223.657744823277, "num_boost_round": 3.0, "subsample": 0.7577797570169285}, "datetime": {"datetime": "2024-01-20 15:18:25", "elapsed": 3271.316132, "delta": 0.004525}}
{"target": -12.356187609999761, "params": {"colsample_bytree": 0.2575093973217858, "eta": 0.025408636933726015, "gamma": 530.2931565188339, "max_depth": 2.0, "min_child_weight": 4223.657744823277, "num_boost_round": 4.0, "subsample": 0.7577797570169285}, "datetime": {"datetime": "2024-01-20 15:18:25", "elapsed": 3271.3207, "delta": 0.004568}}
{"target": -12.356252359725751, "params": {"colsample_bytree": 0.2575093973217858, "eta": 0.025408636933726015, "gamma": 530.2931565188339, "max_depth": 2.0, "min_child_weight": 4223.657744823277, "num_boost_round": 5.0, "subsample": 0.7577797570169285}, "datetime": {"datetime": "2024-01-20 15:18:25", "elapsed": 3271.32687, "delta": 0.00617}}
{"target": -12.355590494559433, "params": {"colsample_bytree": 0.2575093973217858, "eta": 0.025408636933726015, "gamma": 530.2931565188339, "max_depth": 2.0, "min_child_weight": 4223.657744823277, "num_boost_round": 6.0, "subsample": 0.7577797570169285}, "datetime": {"datetime": "2024-01-20 15:18:25", "elapsed": 3271.335761, "delta": 0.008891}}
{"target": -12.355751880256534, "params": {"colsample_bytree": 0.2575093973217858, "eta": 0.025408636933726015, "gamma": 530.2931565188339, "max_depth": 2.0, "min_child_weight": 4223.657744823277, "num_boost_round": 7.0, "subsample": 0.7577797570169285}, "datetime": {"datetime": "2024-01-20 15:18:25", "elapsed": 3271.341754, "delta": 0.005993}}
{"target": -12.355132036058848, "params": {"colsample_bytree": 0.2575093973217858, "eta": 0.025408636933726015, "gamma": 530.2931565188339, "max_depth": 2.0, "min_child_weight": 4223.657744823277, "num_boost_round": 8.0, "subsample": 0.7577797570169285}, "datetime": {"datetime": "2024-01-20 15:18:25", "elapsed": 3271.346668, "delta": 0.004914}}
{"target": -12.355171456350458, "params": {"colsample_bytree": 0.2575093973217858, "eta": 0.025408636933726015, "gamma": 530.2931565188339, "max_depth": 2.0, "min_child_weight": 4223.657744823277, "num_boost_round": 9.0, "subsample": 0.7577797570169285}, "datetime": {"datetime": "2024-01-20 15:18:25", "elapsed": 3271.351139, "delta": 0.004471}}
{"target": -12.354670375521689, "params": {"colsample_bytree": 0.2575093973217858, "eta": 0.025408636933726015, "gamma": 530.2931565188339, "max_depth": 2.0, "min_child_weight": 4223.657744823277, "num_boost_round": 10.0, "subsample": 0.7577797570169285}, "datetime": {"datetime": "2024-01-20 15:18:25", "elapsed": 3271.355431, "delta": 0.004292}}
{"target": -12.354111789923415, "params": {"colsample_bytree": 0.2575093973217858, "eta": 0.025408636933726015, "gamma": 530.2931565188339, "max_depth": 2.0, "min_child_weight": 4223.657744823277, "num_boost_round": 11.0, "subsample": 0.7577797570169285}, "datetime": {"datetime": "2024-01-20 15:18:25", "elapsed": 3271.359677, "delta": 0.004246}}
{"target": -12.35371420960968, "params": {"colsample_bytree": 0.2575093973217858, "eta": 0.025408636933726015, "gamma": 530.2931565188339, "max_depth": 2.0, "min_child_weight": 4223.657744823277, "num_boost_round": 12.0, "subsample": 0.7577797570169285}, "datetime": {"datetime": "2024-01-20 15:18:25", "elapsed": 3271.363919, "delta": 0.004242}}
{"target": -12.353833754186052, "params": {"colsample_bytree": 0.2575093973217858, "eta": 0.025408636933726015, "gamma": 530.2931565188339, "max_depth": 2.0, "min_child_weight": 4223.657744823277, "num_boost_round": 13.0, "subsample": 0.7577797570169285}, "datetime": {"datetime": "2024-01-20 15:18:25", "elapsed": 3271.368165, "delta": 0.004246}}
{"target": -12.353871275254008, "params": {"colsample_bytree": 0.2575093973217858, "eta": 0.025408636933726015, "gamma": 530.2931565188339, "max_depth": 2.0, "min_child_weight": 4223.657744823277, "num_boost_round": 14.0, "subsample": 0.7577797570169285}, "datetime": {"datetime": "2024-01-20 15:18:25", "elapsed": 3271.372469, "delta": 0.004304}}
{"target": -12.353260138251457, "params": {"colsample_bytree": 0.2575093973217858, "eta": 0.025408636933726015, "gamma": 530.2931565188339, "max_depth": 2.0, "min_child_weight": 4223.657744823277, "num_boost_round": 15.0, "subsample": 0.7577797570169285}, "datetime": {"datetime": "2024-01-20 15:18:25", "elapsed": 3271.376907, "delta": 0.004438}}
{"target": -12.352708273572798, "params": {"colsample_bytree": 0.2575093973217858, "eta": 0.025408636933726015, "gamma": 530.2931565188339, "max_depth": 2.0, "min_child_weight": 4223.657744823277, "num_boost_round": 16.0, "subsample": 0.7577797570169285}, "datetime": {"datetime": "2024-01-20 15:18:25", "elapsed": 3271.381416, "delta": 0.004509}}
{"target": -12.352830389335583, "params": {"colsample_bytree": 0.2575093973217858, "eta": 0.025408636933726015, "gamma": 530.2931565188339, "max_depth": 2.0, "min_child_weight": 4223.657744823277, "num_boost_round": 17.0, "subsample": 0.7577797570169285}, "datetime": {"datetime": "2024-01-20 15:18:25", "elapsed": 3271.385769, "delta": 0.004353}}
{"target": -12.352849631587496, "params": {"colsample_bytree": 0.2575093973217858, "eta": 0.025408636933726015, "gamma": 530.2931565188339, "max_depth": 2.0, "min_child_weight": 4223.657744823277, "num_boost_round": 18.0, "subsample": 0.7577797570169285}, "datetime": {"datetime": "2024-01-20 15:18:25", "elapsed": 3271.390031, "delta": 0.004262}}
{"target": -12.352862499403926, "params": {"colsample_bytree": 0.2575093973217858, "eta": 0.025408636933726015, "gamma": 530.2931565188339, "max_depth": 2.0, "min_child_weight": 4223.657744823277, "num_boost_round": 19.0, "subsample": 0.7577797570169285}, "datetime": {"datetime": "2024-01-20 15:18:25", "elapsed": 3271.394262, "delta": 0.004231}}
{"target": -12.352844560479875, "params": {"colsample_bytree": 0.2575093973217858, "eta": 0.025408636933726015, "gamma": 530.2931565188339, "max_depth": 2.0, "min_child_weight": 4223.657744823277, "num_boost_round": 20.0, "subsample": 0.7577797570169285}, "datetime": {"datetime": "2024-01-20 15:18:25", "elapsed": 3271.398497, "delta": 0.004235}}
{"target": -12.352913583579483, "params": {"colsample_bytree": 0.2575093973217858, "eta": 0.025408636933726015, "gamma": 530.2931565188339, "max_depth": 2.0, "min_child_weight": 4223.657744823277, "num_boost_round": 21.0, "subsample": 0.7577797570169285}, "datetime": {"datetime": "2024-01-20 15:18:25", "elapsed": 3271.402709, "delta": 0.004212}}
{"target": -12.352955387965679, "params": {"colsample_bytree": 0.2575093973217858, "eta": 0.025408636933726015, "gamma": 530.2931565188339, "max_depth": 2.0, "min_child_weight": 4223.657744823277, "num_boost_round": 22.0, "subsample": 0.7577797570169285}, "datetime": {"datetime": "2024-01-20 15:18:25", "elapsed": 3271.407059, "delta": 0.00435}}
{"target": -12.35298768265437, "params": {"colsample_bytree": 0.2575093973217858, "eta": 0.025408636933726015, "gamma": 530.2931565188339, "max_depth": 2.0, "min_child_weight": 4223.657744823277, "num_boost_round": 23.0, "subsample": 0.7577797570169285}, "datetime": {"datetime": "2024-01-20 15:18:25", "elapsed": 3271.411336, "delta": 0.004277}}
{"target": -12.357819604906211, "params": {"colsample_bytree": 0.28165586511188184, "eta": 0.027493997095847086, "gamma": 561.577936593844, "max_depth": 9.0, "min_child_weight": 4166.7840804756925, "num_boost_round": 1.0, "subsample": 0.4956764766715829}, "datetime": {"datetime": "2024-01-20 15:19:47", "elapsed": 3354.048514, "delta": 82.637178}}
{"target": -12.357169440441815, "params": {"colsample_bytree": 0.28165586511188184, "eta": 0.027493997095847086, "gamma": 561.577936593844, "max_depth": 9.0, "min_child_weight": 4166.7840804756925, "num_boost_round": 2.0, "subsample": 0.4956764766715829}, "datetime": {"datetime": "2024-01-20 15:19:47", "elapsed": 3354.054881, "delta": 0.006367}}
{"target": -12.355472212034499, "params": {"colsample_bytree": 0.28165586511188184, "eta": 0.027493997095847086, "gamma": 561.577936593844, "max_depth": 9.0, "min_child_weight": 4166.7840804756925, "num_boost_round": 3.0, "subsample": 0.4956764766715829}, "datetime": {"datetime": "2024-01-20 15:19:47", "elapsed": 3354.060183, "delta": 0.005302}}
{"target": -12.355567615774092, "params": {"colsample_bytree": 0.28165586511188184, "eta": 0.027493997095847086, "gamma": 561.577936593844, "max_depth": 9.0, "min_child_weight": 4166.7840804756925, "num_boost_round": 4.0, "subsample": 0.4956764766715829}, "datetime": {"datetime": "2024-01-20 15:19:47", "elapsed": 3354.065389, "delta": 0.005206}}
{"target": -12.354800554314897, "params": {"colsample_bytree": 0.28165586511188184, "eta": 0.027493997095847086, "gamma": 561.577936593844, "max_depth": 9.0, "min_child_weight": 4166.7840804756925, "num_boost_round": 5.0, "subsample": 0.4956764766715829}, "datetime": {"datetime": "2024-01-20 15:19:47", "elapsed": 3354.070459, "delta": 0.00507}}
{"target": -12.354034870328373, "params": {"colsample_bytree": 0.28165586511188184, "eta": 0.027493997095847086, "gamma": 561.577936593844, "max_depth": 9.0, "min_child_weight": 4166.7840804756925, "num_boost_round": 6.0, "subsample": 0.4956764766715829}, "datetime": {"datetime": "2024-01-20 15:19:47", "elapsed": 3354.075617, "delta": 0.005158}}
{"target": -12.353968665112653, "params": {"colsample_bytree": 0.28165586511188184, "eta": 0.027493997095847086, "gamma": 561.577936593844, "max_depth": 9.0, "min_child_weight": 4166.7840804756925, "num_boost_round": 7.0, "subsample": 0.4956764766715829}, "datetime": {"datetime": "2024-01-20 15:19:47", "elapsed": 3354.080878, "delta": 0.005261}}
{"target": -12.353291128053257, "params": {"colsample_bytree": 0.28165586511188184, "eta": 0.027493997095847086, "gamma": 561.577936593844, "max_depth": 9.0, "min_child_weight": 4166.7840804756925, "num_boost_round": 8.0, "subsample": 0.4956764766715829}, "datetime": {"datetime": "2024-01-20 15:19:47", "elapsed": 3354.086426, "delta": 0.005548}}
{"target": -12.35327356150876, "params": {"colsample_bytree": 0.28165586511188184, "eta": 0.027493997095847086, "gamma": 561.577936593844, "max_depth": 9.0, "min_child_weight": 4166.7840804756925, "num_boost_round": 9.0, "subsample": 0.4956764766715829}, "datetime": {"datetime": "2024-01-20 15:19:47", "elapsed": 3354.09139, "delta": 0.004964}}
{"target": -12.353004304728273, "params": {"colsample_bytree": 0.28165586511188184, "eta": 0.027493997095847086, "gamma": 561.577936593844, "max_depth": 9.0, "min_child_weight": 4166.7840804756925, "num_boost_round": 10.0, "subsample": 0.4956764766715829}, "datetime": {"datetime": "2024-01-20 15:19:47", "elapsed": 3354.096453, "delta": 0.005063}}
{"target": -12.352472821170185, "params": {"colsample_bytree": 0.28165586511188184, "eta": 0.027493997095847086, "gamma": 561.577936593844, "max_depth": 9.0, "min_child_weight": 4166.7840804756925, "num_boost_round": 11.0, "subsample": 0.4956764766715829}, "datetime": {"datetime": "2024-01-20 15:19:47", "elapsed": 3354.101699, "delta": 0.005246}}
{"target": -12.35209060565721, "params": {"colsample_bytree": 0.28165586511188184, "eta": 0.027493997095847086, "gamma": 561.577936593844, "max_depth": 9.0, "min_child_weight": 4166.7840804756925, "num_boost_round": 12.0, "subsample": 0.4956764766715829}, "datetime": {"datetime": "2024-01-20 15:19:47", "elapsed": 3354.107113, "delta": 0.005414}}
{"target": -12.352178871631004, "params": {"colsample_bytree": 0.28165586511188184, "eta": 0.027493997095847086, "gamma": 561.577936593844, "max_depth": 9.0, "min_child_weight": 4166.7840804756925, "num_boost_round": 13.0, "subsample": 0.4956764766715829}, "datetime": {"datetime": "2024-01-20 15:19:47", "elapsed": 3354.11205, "delta": 0.004937}}
{"target": -12.35165156850416, "params": {"colsample_bytree": 0.28165586511188184, "eta": 0.027493997095847086, "gamma": 561.577936593844, "max_depth": 9.0, "min_child_weight": 4166.7840804756925, "num_boost_round": 14.0, "subsample": 0.4956764766715829}, "datetime": {"datetime": "2024-01-20 15:19:47", "elapsed": 3354.117081, "delta": 0.005031}}
{"target": -12.351050432794136, "params": {"colsample_bytree": 0.28165586511188184, "eta": 0.027493997095847086, "gamma": 561.577936593844, "max_depth": 9.0, "min_child_weight": 4166.7840804756925, "num_boost_round": 15.0, "subsample": 0.4956764766715829}, "datetime": {"datetime": "2024-01-20 15:19:47", "elapsed": 3354.122456, "delta": 0.005375}}
{"target": -12.350541542262976, "params": {"colsample_bytree": 0.28165586511188184, "eta": 0.027493997095847086, "gamma": 561.577936593844, "max_depth": 9.0, "min_child_weight": 4166.7840804756925, "num_boost_round": 16.0, "subsample": 0.4956764766715829}, "datetime": {"datetime": "2024-01-20 15:19:47", "elapsed": 3354.128177, "delta": 0.005721}}
{"target": -12.350661223259252, "params": {"colsample_bytree": 0.28165586511188184, "eta": 0.027493997095847086, "gamma": 561.577936593844, "max_depth": 9.0, "min_child_weight": 4166.7840804756925, "num_boost_round": 17.0, "subsample": 0.4956764766715829}, "datetime": {"datetime": "2024-01-20 15:19:47", "elapsed": 3354.132942, "delta": 0.004765}}
{"target": -12.350573410579088, "params": {"colsample_bytree": 0.28165586511188184, "eta": 0.027493997095847086, "gamma": 561.577936593844, "max_depth": 9.0, "min_child_weight": 4166.7840804756925, "num_boost_round": 18.0, "subsample": 0.4956764766715829}, "datetime": {"datetime": "2024-01-20 15:19:47", "elapsed": 3354.13795, "delta": 0.005008}}
{"target": -12.350452461723041, "params": {"colsample_bytree": 0.28165586511188184, "eta": 0.027493997095847086, "gamma": 561.577936593844, "max_depth": 9.0, "min_child_weight": 4166.7840804756925, "num_boost_round": 19.0, "subsample": 0.4956764766715829}, "datetime": {"datetime": "2024-01-20 15:19:47", "elapsed": 3354.143104, "delta": 0.005154}}
{"target": -12.350004547473727, "params": {"colsample_bytree": 0.28165586511188184, "eta": 0.027493997095847086, "gamma": 561.577936593844, "max_depth": 9.0, "min_child_weight": 4166.7840804756925, "num_boost_round": 20.0, "subsample": 0.4956764766715829}, "datetime": {"datetime": "2024-01-20 15:19:47", "elapsed": 3354.148545, "delta": 0.005441}}
{"target": -12.349856631893925, "params": {"colsample_bytree": 0.28165586511188184, "eta": 0.027493997095847086, "gamma": 561.577936593844, "max_depth": 9.0, "min_child_weight": 4166.7840804756925, "num_boost_round": 21.0, "subsample": 0.4956764766715829}, "datetime": {"datetime": "2024-01-20 15:19:47", "elapsed": 3354.153506, "delta": 0.004961}}
{"target": -12.349811074696168, "params": {"colsample_bytree": 0.28165586511188184, "eta": 0.027493997095847086, "gamma": 561.577936593844, "max_depth": 9.0, "min_child_weight": 4166.7840804756925, "num_boost_round": 22.0, "subsample": 0.4956764766715829}, "datetime": {"datetime": "2024-01-20 15:19:47", "elapsed": 3354.158688, "delta": 0.005182}}
{"target": -12.349172049561574, "params": {"colsample_bytree": 0.28165586511188184, "eta": 0.027493997095847086, "gamma": 561.577936593844, "max_depth": 9.0, "min_child_weight": 4166.7840804756925, "num_boost_round": 23.0, "subsample": 0.4956764766715829}, "datetime": {"datetime": "2024-01-20 15:19:47", "elapsed": 3354.163915, "delta": 0.005227}}
{"target": -12.349296524085288, "params": {"colsample_bytree": 0.28165586511188184, "eta": 0.027493997095847086, "gamma": 561.577936593844, "max_depth": 9.0, "min_child_weight": 4166.7840804756925, "num_boost_round": 24.0, "subsample": 0.4956764766715829}, "datetime": {"datetime": "2024-01-20 15:19:47", "elapsed": 3354.17134, "delta": 0.007425}}
{"target": -12.348325316034696, "params": {"colsample_bytree": 0.28165586511188184, "eta": 0.027493997095847086, "gamma": 561.577936593844, "max_depth": 9.0, "min_child_weight": 4166.7840804756925, "num_boost_round": 25.0, "subsample": 0.4956764766715829}, "datetime": {"datetime": "2024-01-20 15:19:47", "elapsed": 3354.17766, "delta": 0.00632}}
{"target": -12.34832308604934, "params": {"colsample_bytree": 0.28165586511188184, "eta": 0.027493997095847086, "gamma": 561.577936593844, "max_depth": 9.0, "min_child_weight": 4166.7840804756925, "num_boost_round": 26.0, "subsample": 0.4956764766715829}, "datetime": {"datetime": "2024-01-20 15:19:47", "elapsed": 3354.185159, "delta": 0.007499}}
{"target": -12.348407252843637, "params": {"colsample_bytree": 0.28165586511188184, "eta": 0.027493997095847086, "gamma": 561.577936593844, "max_depth": 9.0, "min_child_weight": 4166.7840804756925, "num_boost_round": 27.0, "subsample": 0.4956764766715829}, "datetime": {"datetime": "2024-01-20 15:19:47", "elapsed": 3354.191391, "delta": 0.006232}}
{"target": -12.348340028487273, "params": {"colsample_bytree": 0.28165586511188184, "eta": 0.027493997095847086, "gamma": 561.577936593844, "max_depth": 9.0, "min_child_weight": 4166.7840804756925, "num_boost_round": 28.0, "subsample": 0.4956764766715829}, "datetime": {"datetime": "2024-01-20 15:19:47", "elapsed": 3354.196638, "delta": 0.005247}}
{"target": -12.348262438581648, "params": {"colsample_bytree": 0.28165586511188184, "eta": 0.027493997095847086, "gamma": 561.577936593844, "max_depth": 9.0, "min_child_weight": 4166.7840804756925, "num_boost_round": 29.0, "subsample": 0.4956764766715829}, "datetime": {"datetime": "2024-01-20 15:19:47", "elapsed": 3354.20143, "delta": 0.004792}}
{"target": -12.347764849906909, "params": {"colsample_bytree": 0.28165586511188184, "eta": 0.027493997095847086, "gamma": 561.577936593844, "max_depth": 9.0, "min_child_weight": 4166.7840804756925, "num_boost_round": 30.0, "subsample": 0.4956764766715829}, "datetime": {"datetime": "2024-01-20 15:19:47", "elapsed": 3354.206274, "delta": 0.004844}}
{"target": -12.346880938863125, "params": {"colsample_bytree": 0.28165586511188184, "eta": 0.027493997095847086, "gamma": 561.577936593844, "max_depth": 9.0, "min_child_weight": 4166.7840804756925, "num_boost_round": 31.0, "subsample": 0.4956764766715829}, "datetime": {"datetime": "2024-01-20 15:19:47", "elapsed": 3354.211877, "delta": 0.005603}}
{"target": -12.346847255103771, "params": {"colsample_bytree": 0.28165586511188184, "eta": 0.027493997095847086, "gamma": 561.577936593844, "max_depth": 9.0, "min_child_weight": 4166.7840804756925, "num_boost_round": 32.0, "subsample": 0.4956764766715829}, "datetime": {"datetime": "2024-01-20 15:19:47", "elapsed": 3354.21704, "delta": 0.005163}}
{"target": -12.347019756032571, "params": {"colsample_bytree": 0.28165586511188184, "eta": 0.027493997095847086, "gamma": 561.577936593844, "max_depth": 9.0, "min_child_weight": 4166.7840804756925, "num_boost_round": 33.0, "subsample": 0.4956764766715829}, "datetime": {"datetime": "2024-01-20 15:19:47", "elapsed": 3354.222144, "delta": 0.005104}}
{"target": -12.347077979039245, "params": {"colsample_bytree": 0.28165586511188184, "eta": 0.027493997095847086, "gamma": 561.577936593844, "max_depth": 9.0, "min_child_weight": 4166.7840804756925, "num_boost_round": 34.0, "subsample": 0.4956764766715829}, "datetime": {"datetime": "2024-01-20 15:19:47", "elapsed": 3354.22745, "delta": 0.005306}}
{"target": -12.34738612528955, "params": {"colsample_bytree": 0.28165586511188184, "eta": 0.027493997095847086, "gamma": 561.577936593844, "max_depth": 9.0, "min_child_weight": 4166.7840804756925, "num_boost_round": 35.0, "subsample": 0.4956764766715829}, "datetime": {"datetime": "2024-01-20 15:19:47", "elapsed": 3354.232578, "delta": 0.005128}}
{"target": -12.347365072079949, "params": {"colsample_bytree": 0.28165586511188184, "eta": 0.027493997095847086, "gamma": 561.577936593844, "max_depth": 9.0, "min_child_weight": 4166.7840804756925, "num_boost_round": 36.0, "subsample": 0.4956764766715829}, "datetime": {"datetime": "2024-01-20 15:19:47", "elapsed": 3354.237986, "delta": 0.005408}}
