{"target": -19.143267034194956, "params": {"colsample_bytree": 0.6976881368278182, "eta": 0.034878246951578054, "gamma": 379.60884632427315, "max_depth": 6.0, "min_child_weight": 4504.209780482813, "num_boost_round": 1.0, "subsample": 0.25006162019585354}, "datetime": {"datetime": "2024-01-20 17:03:07", "elapsed": 9554.992254, "delta": 88.880759}}
{"target": -19.143016859717303, "params": {"colsample_bytree": 0.6976881368278182, "eta": 0.034878246951578054, "gamma": 379.60884632427315, "max_depth": 6.0, "min_child_weight": 4504.209780482813, "num_boost_round": 2.0, "subsample": 0.25006162019585354}, "datetime": {"datetime": "2024-01-20 17:03:07", "elapsed": 9554.998711, "delta": 0.006457}}
{"target": -19.142958040624638, "params": {"colsample_bytree": 0.6976881368278182, "eta": 0.034878246951578054, "gamma": 379.60884632427315, "max_depth": 6.0, "min_child_weight": 4504.209780482813, "num_boost_round": 3.0, "subsample": 0.25006162019585354}, "datetime": {"datetime": "2024-01-20 17:03:07", "elapsed": 9555.004633, "delta": 0.005922}}
{"target": -19.14286868675586, "params": {"colsample_bytree": 0.6976881368278182, "eta": 0.034878246951578054, "gamma": 379.60884632427315, "max_depth": 6.0, "min_child_weight": 4504.209780482813, "num_boost_round": 4.0, "subsample": 0.25006162019585354}, "datetime": {"datetime": "2024-01-20 17:03:07", "elapsed": 9555.010366, "delta": 0.005733}}
{"target": -19.142697047219322, "params": {"colsample_bytree": 0.6976881368278182, "eta": 0.034878246951578054, "gamma": 379.60884632427315, "max_depth": 6.0, "min_child_weight": 4504.209780482813, "num_boost_round": 5.0, "subsample": 0.25006162019585354}, "datetime": {"datetime": "2024-01-20 17:03:07", "elapsed": 9555.016251, "delta": 0.005885}}
{"target": -19.14249085312151, "params": {"colsample_bytree": 0.6976881368278182, "eta": 0.034878246951578054, "gamma": 379.60884632427315, "max_depth": 6.0, "min_child_weight": 4504.209780482813, "num_boost_round": 6.0, "subsample": 0.25006162019585354}, "datetime": {"datetime": "2024-01-20 17:03:07", "elapsed": 9555.021891, "delta": 0.00564}}
{"target": -19.142287851058597, "params": {"colsample_bytree": 0.6976881368278182, "eta": 0.034878246951578054, "gamma": 379.60884632427315, "max_depth": 6.0, "min_child_weight": 4504.209780482813, "num_boost_round": 7.0, "subsample": 0.25006162019585354}, "datetime": {"datetime": "2024-01-20 17:03:07", "elapsed": 9555.027606, "delta": 0.005715}}
{"target": -19.14216342064038, "params": {"colsample_bytree": 0.6976881368278182, "eta": 0.034878246951578054, "gamma": 379.60884632427315, "max_depth": 6.0, "min_child_weight": 4504.209780482813, "num_boost_round": 8.0, "subsample": 0.25006162019585354}, "datetime": {"datetime": "2024-01-20 17:03:07", "elapsed": 9555.033327, "delta": 0.005721}}
{"target": -19.14198572478907, "params": {"colsample_bytree": 0.6976881368278182, "eta": 0.034878246951578054, "gamma": 379.60884632427315, "max_depth": 6.0, "min_child_weight": 4504.209780482813, "num_boost_round": 9.0, "subsample": 0.25006162019585354}, "datetime": {"datetime": "2024-01-20 17:03:07", "elapsed": 9555.038918, "delta": 0.005591}}
{"target": -19.142031396577334, "params": {"colsample_bytree": 0.6976881368278182, "eta": 0.034878246951578054, "gamma": 379.60884632427315, "max_depth": 6.0, "min_child_weight": 4504.209780482813, "num_boost_round": 10.0, "subsample": 0.25006162019585354}, "datetime": {"datetime": "2024-01-20 17:03:07", "elapsed": 9555.044643, "delta": 0.005725}}
{"target": -19.142220493828223, "params": {"colsample_bytree": 0.6976881368278182, "eta": 0.034878246951578054, "gamma": 379.60884632427315, "max_depth": 6.0, "min_child_weight": 4504.209780482813, "num_boost_round": 11.0, "subsample": 0.25006162019585354}, "datetime": {"datetime": "2024-01-20 17:03:07", "elapsed": 9555.050671, "delta": 0.006028}}
{"target": -19.14234455348358, "params": {"colsample_bytree": 0.6976881368278182, "eta": 0.034878246951578054, "gamma": 379.60884632427315, "max_depth": 6.0, "min_child_weight": 4504.209780482813, "num_boost_round": 12.0, "subsample": 0.25006162019585354}, "datetime": {"datetime": "2024-01-20 17:03:07", "elapsed": 9555.056703, "delta": 0.006032}}
{"target": -19.14271378389168, "params": {"colsample_bytree": 0.6976881368278182, "eta": 0.034878246951578054, "gamma": 379.60884632427315, "max_depth": 6.0, "min_child_weight": 4504.209780482813, "num_boost_round": 13.0, "subsample": 0.25006162019585354}, "datetime": {"datetime": "2024-01-20 17:03:07", "elapsed": 9555.062731, "delta": 0.006028}}
{"target": -19.142941317660558, "params": {"colsample_bytree": 0.6976881368278182, "eta": 0.034878246951578054, "gamma": 379.60884632427315, "max_depth": 6.0, "min_child_weight": 4504.209780482813, "num_boost_round": 14.0, "subsample": 0.25006162019585354}, "datetime": {"datetime": "2024-01-20 17:03:07", "elapsed": 9555.068788, "delta": 0.006057}}
{"target": -19.143239347623016, "params": {"colsample_bytree": 0.6976881368278182, "eta": 0.034878246951578054, "gamma": 379.60884632427315, "max_depth": 6.0, "min_child_weight": 4504.209780482813, "num_boost_round": 15.0, "subsample": 0.25006162019585354}, "datetime": {"datetime": "2024-01-20 17:03:07", "elapsed": 9555.074764, "delta": 0.005976}}
{"target": -19.143069877503255, "params": {"colsample_bytree": 0.6976881368278182, "eta": 0.034878246951578054, "gamma": 379.60884632427315, "max_depth": 6.0, "min_child_weight": 4504.209780482813, "num_boost_round": 16.0, "subsample": 0.25006162019585354}, "datetime": {"datetime": "2024-01-20 17:03:07", "elapsed": 9555.080491, "delta": 0.005727}}
{"target": -19.1431429299285, "params": {"colsample_bytree": 0.6976881368278182, "eta": 0.034878246951578054, "gamma": 379.60884632427315, "max_depth": 6.0, "min_child_weight": 4504.209780482813, "num_boost_round": 17.0, "subsample": 0.25006162019585354}, "datetime": {"datetime": "2024-01-20 17:03:07", "elapsed": 9555.086217, "delta": 0.005726}}
{"target": -19.143278331886926, "params": {"colsample_bytree": 0.6976881368278182, "eta": 0.034878246951578054, "gamma": 379.60884632427315, "max_depth": 6.0, "min_child_weight": 4504.209780482813, "num_boost_round": 18.0, "subsample": 0.25006162019585354}, "datetime": {"datetime": "2024-01-20 17:03:07", "elapsed": 9555.091901, "delta": 0.005684}}
{"target": -19.143471173787383, "params": {"colsample_bytree": 0.6976881368278182, "eta": 0.034878246951578054, "gamma": 379.60884632427315, "max_depth": 6.0, "min_child_weight": 4504.209780482813, "num_boost_round": 19.0, "subsample": 0.25006162019585354}, "datetime": {"datetime": "2024-01-20 17:03:07", "elapsed": 9555.097558, "delta": 0.005657}}
{"target": -19.143660629823785, "params": {"colsample_bytree": 0.6976881368278182, "eta": 0.034878246951578054, "gamma": 379.60884632427315, "max_depth": 6.0, "min_child_weight": 4504.209780482813, "num_boost_round": 20.0, "subsample": 0.25006162019585354}, "datetime": {"datetime": "2024-01-20 17:03:07", "elapsed": 9555.10321, "delta": 0.005652}}
{"target": -19.14400625876418, "params": {"colsample_bytree": 0.6976881368278182, "eta": 0.034878246951578054, "gamma": 379.60884632427315, "max_depth": 6.0, "min_child_weight": 4504.209780482813, "num_boost_round": 21.0, "subsample": 0.25006162019585354}, "datetime": {"datetime": "2024-01-20 17:03:07", "elapsed": 9555.1089, "delta": 0.00569}}
{"target": -19.144347514284807, "params": {"colsample_bytree": 0.6976881368278182, "eta": 0.034878246951578054, "gamma": 379.60884632427315, "max_depth": 6.0, "min_child_weight": 4504.209780482813, "num_boost_round": 22.0, "subsample": 0.25006162019585354}, "datetime": {"datetime": "2024-01-20 17:03:07", "elapsed": 9555.11465, "delta": 0.00575}}
{"target": -19.143212798198217, "params": {"colsample_bytree": 0.6468222713637143, "eta": 0.006395471713368855, "gamma": 86.61212103743965, "max_depth": 8.0, "min_child_weight": 3921.1923085380276, "num_boost_round": 1.0, "subsample": 0.17694029156855234}, "datetime": {"datetime": "2024-01-20 17:06:02", "elapsed": 9730.018882, "delta": 174.904232}}
{"target": -19.143131176608634, "params": {"colsample_bytree": 0.6468222713637143, "eta": 0.006395471713368855, "gamma": 86.61212103743965, "max_depth": 8.0, "min_child_weight": 3921.1923085380276, "num_boost_round": 2.0, "subsample": 0.17694029156855234}, "datetime": {"datetime": "2024-01-20 17:06:02", "elapsed": 9730.050229, "delta": 0.031347}}
{"target": -19.143735485045926, "params": {"colsample_bytree": 0.7297718793161845, "eta": 0.06702734091435582, "gamma": 476.02175627041044, "max_depth": 5.0, "min_child_weight": 3470.4053122055843, "num_boost_round": 1.0, "subsample": 0.6732993372477704}, "datetime": {"datetime": "2024-01-20 17:08:20", "elapsed": 9868.80743, "delta": 138.757201}}
{"target": -19.143726572759956, "params": {"colsample_bytree": 0.7297718793161845, "eta": 0.06702734091435582, "gamma": 476.02175627041044, "max_depth": 5.0, "min_child_weight": 3470.4053122055843, "num_boost_round": 2.0, "subsample": 0.6732993372477704}, "datetime": {"datetime": "2024-01-20 17:08:20", "elapsed": 9868.814791, "delta": 0.007361}}
{"target": -19.144148648668047, "params": {"colsample_bytree": 0.7297718793161845, "eta": 0.06702734091435582, "gamma": 476.02175627041044, "max_depth": 5.0, "min_child_weight": 3470.4053122055843, "num_boost_round": 3.0, "subsample": 0.6732993372477704}, "datetime": {"datetime": "2024-01-20 17:08:20", "elapsed": 9868.82072, "delta": 0.005929}}
{"target": -19.144649149261436, "params": {"colsample_bytree": 0.7297718793161845, "eta": 0.06702734091435582, "gamma": 476.02175627041044, "max_depth": 5.0, "min_child_weight": 3470.4053122055843, "num_boost_round": 4.0, "subsample": 0.6732993372477704}, "datetime": {"datetime": "2024-01-20 17:08:20", "elapsed": 9868.826434, "delta": 0.005714}}
{"target": -19.145333320759605, "params": {"colsample_bytree": 0.7297718793161845, "eta": 0.06702734091435582, "gamma": 476.02175627041044, "max_depth": 5.0, "min_child_weight": 3470.4053122055843, "num_boost_round": 5.0, "subsample": 0.6732993372477704}, "datetime": {"datetime": "2024-01-20 17:08:20", "elapsed": 9868.832052, "delta": 0.005618}}
{"target": -19.14542164940631, "params": {"colsample_bytree": 0.7297718793161845, "eta": 0.06702734091435582, "gamma": 476.02175627041044, "max_depth": 5.0, "min_child_weight": 3470.4053122055843, "num_boost_round": 6.0, "subsample": 0.6732993372477704}, "datetime": {"datetime": "2024-01-20 17:08:20", "elapsed": 9868.838033, "delta": 0.005981}}
{"target": -19.145691209137333, "params": {"colsample_bytree": 0.7297718793161845, "eta": 0.06702734091435582, "gamma": 476.02175627041044, "max_depth": 5.0, "min_child_weight": 3470.4053122055843, "num_boost_round": 7.0, "subsample": 0.6732993372477704}, "datetime": {"datetime": "2024-01-20 17:08:20", "elapsed": 9868.844129, "delta": 0.006096}}
{"target": -19.146147079103155, "params": {"colsample_bytree": 0.7297718793161845, "eta": 0.06702734091435582, "gamma": 476.02175627041044, "max_depth": 5.0, "min_child_weight": 3470.4053122055843, "num_boost_round": 8.0, "subsample": 0.6732993372477704}, "datetime": {"datetime": "2024-01-20 17:08:20", "elapsed": 9868.850027, "delta": 0.005898}}
{"target": -19.146400794710914, "params": {"colsample_bytree": 0.7297718793161845, "eta": 0.06702734091435582, "gamma": 476.02175627041044, "max_depth": 5.0, "min_child_weight": 3470.4053122055843, "num_boost_round": 9.0, "subsample": 0.6732993372477704}, "datetime": {"datetime": "2024-01-20 17:08:20", "elapsed": 9868.855873, "delta": 0.005846}}
{"target": -19.147065017963172, "params": {"colsample_bytree": 0.7297718793161845, "eta": 0.06702734091435582, "gamma": 476.02175627041044, "max_depth": 5.0, "min_child_weight": 3470.4053122055843, "num_boost_round": 10.0, "subsample": 0.6732993372477704}, "datetime": {"datetime": "2024-01-20 17:08:20", "elapsed": 9868.875451, "delta": 0.019578}}
{"target": -19.147302005363407, "params": {"colsample_bytree": 0.7297718793161845, "eta": 0.06702734091435582, "gamma": 476.02175627041044, "max_depth": 5.0, "min_child_weight": 3470.4053122055843, "num_boost_round": 11.0, "subsample": 0.6732993372477704}, "datetime": {"datetime": "2024-01-20 17:08:20", "elapsed": 9868.881213, "delta": 0.005762}}
{"target": -19.147512025046137, "params": {"colsample_bytree": 0.7297718793161845, "eta": 0.06702734091435582, "gamma": 476.02175627041044, "max_depth": 5.0, "min_child_weight": 3470.4053122055843, "num_boost_round": 12.0, "subsample": 0.6732993372477704}, "datetime": {"datetime": "2024-01-20 17:08:20", "elapsed": 9868.886932, "delta": 0.005719}}
{"target": -19.14853637437507, "params": {"colsample_bytree": 0.7297718793161845, "eta": 0.06702734091435582, "gamma": 476.02175627041044, "max_depth": 5.0, "min_child_weight": 3470.4053122055843, "num_boost_round": 13.0, "subsample": 0.6732993372477704}, "datetime": {"datetime": "2024-01-20 17:08:20", "elapsed": 9868.892563, "delta": 0.005631}}
{"target": -19.149758102466322, "params": {"colsample_bytree": 0.7297718793161845, "eta": 0.06702734091435582, "gamma": 476.02175627041044, "max_depth": 5.0, "min_child_weight": 3470.4053122055843, "num_boost_round": 14.0, "subsample": 0.6732993372477704}, "datetime": {"datetime": "2024-01-20 17:08:20", "elapsed": 9868.898224, "delta": 0.005661}}
{"target": -19.15092154241583, "params": {"colsample_bytree": 0.7297718793161845, "eta": 0.06702734091435582, "gamma": 476.02175627041044, "max_depth": 5.0, "min_child_weight": 3470.4053122055843, "num_boost_round": 15.0, "subsample": 0.6732993372477704}, "datetime": {"datetime": "2024-01-20 17:08:20", "elapsed": 9868.903856, "delta": 0.005632}}
{"target": -19.151614411711055, "params": {"colsample_bytree": 0.7297718793161845, "eta": 0.06702734091435582, "gamma": 476.02175627041044, "max_depth": 5.0, "min_child_weight": 3470.4053122055843, "num_boost_round": 16.0, "subsample": 0.6732993372477704}, "datetime": {"datetime": "2024-01-20 17:08:20", "elapsed": 9868.909478, "delta": 0.005622}}
{"target": -19.14371140265656, "params": {"colsample_bytree": 0.6542029557070728, "eta": 0.07959688149748642, "gamma": 8.193772454910153, "max_depth": 5.0, "min_child_weight": 3531.180080452623, "num_boost_round": 1.0, "subsample": 0.5202519949944915}, "datetime": {"datetime": "2024-01-20 17:10:51", "elapsed": 10019.752907, "delta": 150.843429}}
{"target": -19.143620943882325, "params": {"colsample_bytree": 0.6542029557070728, "eta": 0.07959688149748642, "gamma": 8.193772454910153, "max_depth": 5.0, "min_child_weight": 3531.180080452623, "num_boost_round": 2.0, "subsample": 0.5202519949944915}, "datetime": {"datetime": "2024-01-20 17:10:51", "elapsed": 10019.764769, "delta": 0.011862}}
{"target": -19.143854442043626, "params": {"colsample_bytree": 0.6542029557070728, "eta": 0.07959688149748642, "gamma": 8.193772454910153, "max_depth": 5.0, "min_child_weight": 3531.180080452623, "num_boost_round": 3.0, "subsample": 0.5202519949944915}, "datetime": {"datetime": "2024-01-20 17:10:51", "elapsed": 10019.771731, "delta": 0.006962}}
{"target": -19.144582430594156, "params": {"colsample_bytree": 0.6542029557070728, "eta": 0.07959688149748642, "gamma": 8.193772454910153, "max_depth": 5.0, "min_child_weight": 3531.180080452623, "num_boost_round": 4.0, "subsample": 0.5202519949944915}, "datetime": {"datetime": "2024-01-20 17:10:51", "elapsed": 10019.778633, "delta": 0.006902}}
{"target": -19.14512493805907, "params": {"colsample_bytree": 0.6542029557070728, "eta": 0.07959688149748642, "gamma": 8.193772454910153, "max_depth": 5.0, "min_child_weight": 3531.180080452623, "num_boost_round": 5.0, "subsample": 0.5202519949944915}, "datetime": {"datetime": "2024-01-20 17:10:51", "elapsed": 10019.841533, "delta": 0.0629}}
{"target": -19.144702656666006, "params": {"colsample_bytree": 0.6542029557070728, "eta": 0.07959688149748642, "gamma": 8.193772454910153, "max_depth": 5.0, "min_child_weight": 3531.180080452623, "num_boost_round": 6.0, "subsample": 0.5202519949944915}, "datetime": {"datetime": "2024-01-20 17:10:51", "elapsed": 10019.849924, "delta": 0.008391}}
{"target": -19.143072190253264, "params": {"colsample_bytree": 0.5319551100965813, "eta": 0.08455125375437991, "gamma": 57.9912729353429, "max_depth": 2.0, "min_child_weight": 3460.795191754768, "num_boost_round": 1.0, "subsample": 0.29195737499323443}, "datetime": {"datetime": "2024-01-20 17:12:56", "elapsed": 10144.772666, "delta": 124.922742}}
{"target": -19.142927010439607, "params": {"colsample_bytree": 0.5319551100965813, "eta": 0.08455125375437991, "gamma": 57.9912729353429, "max_depth": 2.0, "min_child_weight": 3460.795191754768, "num_boost_round": 2.0, "subsample": 0.29195737499323443}, "datetime": {"datetime": "2024-01-20 17:12:56", "elapsed": 10144.77949, "delta": 0.006824}}
{"target": -19.142598287586097, "params": {"colsample_bytree": 0.5319551100965813, "eta": 0.08455125375437991, "gamma": 57.9912729353429, "max_depth": 2.0, "min_child_weight": 3460.795191754768, "num_boost_round": 3.0, "subsample": 0.29195737499323443}, "datetime": {"datetime": "2024-01-20 17:12:56", "elapsed": 10144.785726, "delta": 0.006236}}
{"target": -19.142073741376684, "params": {"colsample_bytree": 0.5319551100965813, "eta": 0.08455125375437991, "gamma": 57.9912729353429, "max_depth": 2.0, "min_child_weight": 3460.795191754768, "num_boost_round": 4.0, "subsample": 0.29195737499323443}, "datetime": {"datetime": "2024-01-20 17:12:56", "elapsed": 10144.791744, "delta": 0.006018}}
{"target": -19.14215269271199, "params": {"colsample_bytree": 0.5319551100965813, "eta": 0.08455125375437991, "gamma": 57.9912729353429, "max_depth": 2.0, "min_child_weight": 3460.795191754768, "num_boost_round": 5.0, "subsample": 0.29195737499323443}, "datetime": {"datetime": "2024-01-20 17:12:56", "elapsed": 10144.798011, "delta": 0.006267}}
{"target": -19.14184542370076, "params": {"colsample_bytree": 0.5319551100965813, "eta": 0.08455125375437991, "gamma": 57.9912729353429, "max_depth": 2.0, "min_child_weight": 3460.795191754768, "num_boost_round": 6.0, "subsample": 0.29195737499323443}, "datetime": {"datetime": "2024-01-20 17:12:56", "elapsed": 10144.804005, "delta": 0.005994}}
{"target": -19.141985074307804, "params": {"colsample_bytree": 0.5319551100965813, "eta": 0.08455125375437991, "gamma": 57.9912729353429, "max_depth": 2.0, "min_child_weight": 3460.795191754768, "num_boost_round": 7.0, "subsample": 0.29195737499323443}, "datetime": {"datetime": "2024-01-20 17:12:56", "elapsed": 10144.809766, "delta": 0.005761}}
{"target": -19.142468549962068, "params": {"colsample_bytree": 0.5319551100965813, "eta": 0.08455125375437991, "gamma": 57.9912729353429, "max_depth": 2.0, "min_child_weight": 3460.795191754768, "num_boost_round": 8.0, "subsample": 0.29195737499323443}, "datetime": {"datetime": "2024-01-20 17:12:56", "elapsed": 10144.815836, "delta": 0.00607}}
{"target": -19.142538909098764, "params": {"colsample_bytree": 0.5319551100965813, "eta": 0.08455125375437991, "gamma": 57.9912729353429, "max_depth": 2.0, "min_child_weight": 3460.795191754768, "num_boost_round": 9.0, "subsample": 0.29195737499323443}, "datetime": {"datetime": "2024-01-20 17:12:56", "elapsed": 10144.821725, "delta": 0.005889}}
{"target": -19.14273965109144, "params": {"colsample_bytree": 0.5319551100965813, "eta": 0.08455125375437991, "gamma": 57.9912729353429, "max_depth": 2.0, "min_child_weight": 3460.795191754768, "num_boost_round": 10.0, "subsample": 0.29195737499323443}, "datetime": {"datetime": "2024-01-20 17:12:56", "elapsed": 10144.827489, "delta": 0.005764}}
{"target": -19.14282603273815, "params": {"colsample_bytree": 0.5319551100965813, "eta": 0.08455125375437991, "gamma": 57.9912729353429, "max_depth": 2.0, "min_child_weight": 3460.795191754768, "num_boost_round": 11.0, "subsample": 0.29195737499323443}, "datetime": {"datetime": "2024-01-20 17:12:56", "elapsed": 10144.843994, "delta": 0.016505}}
{"target": -19.142981483970487, "params": {"colsample_bytree": 0.5319551100965813, "eta": 0.08455125375437991, "gamma": 57.9912729353429, "max_depth": 2.0, "min_child_weight": 3460.795191754768, "num_boost_round": 12.0, "subsample": 0.29195737499323443}, "datetime": {"datetime": "2024-01-20 17:12:56", "elapsed": 10144.850774, "delta": 0.00678}}
{"target": -19.143369790721408, "params": {"colsample_bytree": 0.5319551100965813, "eta": 0.08455125375437991, "gamma": 57.9912729353429, "max_depth": 2.0, "min_child_weight": 3460.795191754768, "num_boost_round": 13.0, "subsample": 0.29195737499323443}, "datetime": {"datetime": "2024-01-20 17:12:56", "elapsed": 10144.857021, "delta": 0.006247}}
{"target": -19.14400936732737, "params": {"colsample_bytree": 0.5319551100965813, "eta": 0.08455125375437991, "gamma": 57.9912729353429, "max_depth": 2.0, "min_child_weight": 3460.795191754768, "num_boost_round": 14.0, "subsample": 0.29195737499323443}, "datetime": {"datetime": "2024-01-20 17:12:56", "elapsed": 10144.863395, "delta": 0.006374}}
{"target": -19.14464371266439, "params": {"colsample_bytree": 0.5319551100965813, "eta": 0.08455125375437991, "gamma": 57.9912729353429, "max_depth": 2.0, "min_child_weight": 3460.795191754768, "num_boost_round": 15.0, "subsample": 0.29195737499323443}, "datetime": {"datetime": "2024-01-20 17:12:56", "elapsed": 10144.869609, "delta": 0.006214}}
{"target": -19.14450794108872, "params": {"colsample_bytree": 0.5319551100965813, "eta": 0.08455125375437991, "gamma": 57.9912729353429, "max_depth": 2.0, "min_child_weight": 3460.795191754768, "num_boost_round": 16.0, "subsample": 0.29195737499323443}, "datetime": {"datetime": "2024-01-20 17:12:56", "elapsed": 10144.875672, "delta": 0.006063}}
{"target": -19.14479775710066, "params": {"colsample_bytree": 0.5319551100965813, "eta": 0.08455125375437991, "gamma": 57.9912729353429, "max_depth": 2.0, "min_child_weight": 3460.795191754768, "num_boost_round": 17.0, "subsample": 0.29195737499323443}, "datetime": {"datetime": "2024-01-20 17:12:56", "elapsed": 10144.881643, "delta": 0.005971}}
