{"target": -13.415706501345106, "params": {"colsample_bytree": 0.19776972319573782, "eta": 0.08319747214007348, "gamma": 80.30702425264913, "max_depth": 9.0, "min_child_weight": 3812.4726241717644, "num_boost_round": 35.0, "subsample": 0.7777129043308761}, "datetime": {"datetime": "2024-01-20 15:16:53", "elapsed": 3148.151741, "delta": 0.0029}}
{"target": -13.416906122909086, "params": {"colsample_bytree": 0.19776972319573782, "eta": 0.08319747214007348, "gamma": 80.30702425264913, "max_depth": 9.0, "min_child_weight": 3812.4726241717644, "num_boost_round": 36.0, "subsample": 0.7777129043308761}, "datetime": {"datetime": "2024-01-20 15:16:53", "elapsed": 3148.159821, "delta": 0.00808}}
{"target": -13.417247543034376, "params": {"colsample_bytree": 0.19776972319573782, "eta": 0.08319747214007348, "gamma": 80.30702425264913, "max_depth": 9.0, "min_child_weight": 3812.4726241717644, "num_boost_round": 37.0, "subsample": 0.7777129043308761}, "datetime": {"datetime": "2024-01-20 15:16:53", "elapsed": 3148.162666, "delta": 0.002845}}
{"target": -13.417697764214406, "params": {"colsample_bytree": 0.19776972319573782, "eta": 0.08319747214007348, "gamma": 80.30702425264913, "max_depth": 9.0, "min_child_weight": 3812.4726241717644, "num_boost_round": 38.0, "subsample": 0.7777129043308761}, "datetime": {"datetime": "2024-01-20 15:16:53", "elapsed": 3148.165596, "delta": 0.00293}}
{"target": -13.418311042636391, "params": {"colsample_bytree": 0.19776972319573782, "eta": 0.08319747214007348, "gamma": 80.30702425264913, "max_depth": 9.0, "min_child_weight": 3812.4726241717644, "num_boost_round": 39.0, "subsample": 0.7777129043308761}, "datetime": {"datetime": "2024-01-20 15:16:53", "elapsed": 3148.168491, "delta": 0.002895}}
{"target": -13.418706761617592, "params": {"colsample_bytree": 0.19776972319573782, "eta": 0.08319747214007348, "gamma": 80.30702425264913, "max_depth": 9.0, "min_child_weight": 3812.4726241717644, "num_boost_round": 40.0, "subsample": 0.7777129043308761}, "datetime": {"datetime": "2024-01-20 15:16:53", "elapsed": 3148.17149, "delta": 0.002999}}
{"target": -13.419217426058239, "params": {"colsample_bytree": 0.19776972319573782, "eta": 0.08319747214007348, "gamma": 80.30702425264913, "max_depth": 9.0, "min_child_weight": 3812.4726241717644, "num_boost_round": 41.0, "subsample": 0.7777129043308761}, "datetime": {"datetime": "2024-01-20 15:16:53", "elapsed": 3148.174357, "delta": 0.002867}}
{"target": -13.419752931165805, "params": {"colsample_bytree": 0.19776972319573782, "eta": 0.08319747214007348, "gamma": 80.30702425264913, "max_depth": 9.0, "min_child_weight": 3812.4726241717644, "num_boost_round": 42.0, "subsample": 0.7777129043308761}, "datetime": {"datetime": "2024-01-20 15:16:53", "elapsed": 3148.177303, "delta": 0.002946}}
{"target": -13.420475316388233, "params": {"colsample_bytree": 0.19776972319573782, "eta": 0.08319747214007348, "gamma": 80.30702425264913, "max_depth": 9.0, "min_child_weight": 3812.4726241717644, "num_boost_round": 43.0, "subsample": 0.7777129043308761}, "datetime": {"datetime": "2024-01-20 15:16:53", "elapsed": 3148.180349, "delta": 0.003046}}
{"target": -13.421003987595979, "params": {"colsample_bytree": 0.19776972319573782, "eta": 0.08319747214007348, "gamma": 80.30702425264913, "max_depth": 9.0, "min_child_weight": 3812.4726241717644, "num_boost_round": 44.0, "subsample": 0.7777129043308761}, "datetime": {"datetime": "2024-01-20 15:16:53", "elapsed": 3148.183265, "delta": 0.002916}}
{"target": -13.421393181765616, "params": {"colsample_bytree": 0.19776972319573782, "eta": 0.08319747214007348, "gamma": 80.30702425264913, "max_depth": 9.0, "min_child_weight": 3812.4726241717644, "num_boost_round": 45.0, "subsample": 0.7777129043308761}, "datetime": {"datetime": "2024-01-20 15:16:53", "elapsed": 3148.18617, "delta": 0.002905}}
{"target": -13.422537607089335, "params": {"colsample_bytree": 0.19776972319573782, "eta": 0.08319747214007348, "gamma": 80.30702425264913, "max_depth": 9.0, "min_child_weight": 3812.4726241717644, "num_boost_round": 46.0, "subsample": 0.7777129043308761}, "datetime": {"datetime": "2024-01-20 15:16:53", "elapsed": 3148.189431, "delta": 0.003261}}
{"target": -13.422714427536281, "params": {"colsample_bytree": 0.19776972319573782, "eta": 0.08319747214007348, "gamma": 80.30702425264913, "max_depth": 9.0, "min_child_weight": 3812.4726241717644, "num_boost_round": 47.0, "subsample": 0.7777129043308761}, "datetime": {"datetime": "2024-01-20 15:16:53", "elapsed": 3148.192499, "delta": 0.003068}}
{"target": -13.424115775413098, "params": {"colsample_bytree": 0.19776972319573782, "eta": 0.08319747214007348, "gamma": 80.30702425264913, "max_depth": 9.0, "min_child_weight": 3812.4726241717644, "num_boost_round": 48.0, "subsample": 0.7777129043308761}, "datetime": {"datetime": "2024-01-20 15:16:53", "elapsed": 3148.195628, "delta": 0.003129}}
{"target": -13.424850125626898, "params": {"colsample_bytree": 0.19776972319573782, "eta": 0.08319747214007348, "gamma": 80.30702425264913, "max_depth": 9.0, "min_child_weight": 3812.4726241717644, "num_boost_round": 49.0, "subsample": 0.7777129043308761}, "datetime": {"datetime": "2024-01-20 15:16:53", "elapsed": 3148.198713, "delta": 0.003085}}
{"target": -13.397662832550719, "params": {"colsample_bytree": 0.7353688583372923, "eta": 0.026341822168427585, "gamma": 67.09571236475131, "max_depth": 9.0, "min_child_weight": 3666.5894287872325, "num_boost_round": 1.0, "subsample": 0.36910852501973035}, "datetime": {"datetime": "2024-01-20 15:17:27", "elapsed": 3182.111187, "delta": 33.912474}}
{"target": -13.397408926706103, "params": {"colsample_bytree": 0.7353688583372923, "eta": 0.026341822168427585, "gamma": 67.09571236475131, "max_depth": 9.0, "min_child_weight": 3666.5894287872325, "num_boost_round": 2.0, "subsample": 0.36910852501973035}, "datetime": {"datetime": "2024-01-20 15:17:27", "elapsed": 3182.115595, "delta": 0.004408}}
{"target": -13.397246237974752, "params": {"colsample_bytree": 0.7353688583372923, "eta": 0.026341822168427585, "gamma": 67.09571236475131, "max_depth": 9.0, "min_child_weight": 3666.5894287872325, "num_boost_round": 3.0, "subsample": 0.36910852501973035}, "datetime": {"datetime": "2024-01-20 15:17:27", "elapsed": 3182.118611, "delta": 0.003016}}
{"target": -13.397103553799585, "params": {"colsample_bytree": 0.7353688583372923, "eta": 0.026341822168427585, "gamma": 67.09571236475131, "max_depth": 9.0, "min_child_weight": 3666.5894287872325, "num_boost_round": 4.0, "subsample": 0.36910852501973035}, "datetime": {"datetime": "2024-01-20 15:17:27", "elapsed": 3182.121585, "delta": 0.002974}}
{"target": -13.396701921954358, "params": {"colsample_bytree": 0.7353688583372923, "eta": 0.026341822168427585, "gamma": 67.09571236475131, "max_depth": 9.0, "min_child_weight": 3666.5894287872325, "num_boost_round": 5.0, "subsample": 0.36910852501973035}, "datetime": {"datetime": "2024-01-20 15:17:27", "elapsed": 3182.124507, "delta": 0.002922}}
{"target": -13.39653183927104, "params": {"colsample_bytree": 0.7353688583372923, "eta": 0.026341822168427585, "gamma": 67.09571236475131, "max_depth": 9.0, "min_child_weight": 3666.5894287872325, "num_boost_round": 6.0, "subsample": 0.36910852501973035}, "datetime": {"datetime": "2024-01-20 15:17:27", "elapsed": 3182.127414, "delta": 0.002907}}
{"target": -13.396452392804417, "params": {"colsample_bytree": 0.7353688583372923, "eta": 0.026341822168427585, "gamma": 67.09571236475131, "max_depth": 9.0, "min_child_weight": 3666.5894287872325, "num_boost_round": 7.0, "subsample": 0.36910852501973035}, "datetime": {"datetime": "2024-01-20 15:17:27", "elapsed": 3182.1306, "delta": 0.003186}}
{"target": -13.396427274651874, "params": {"colsample_bytree": 0.7353688583372923, "eta": 0.026341822168427585, "gamma": 67.09571236475131, "max_depth": 9.0, "min_child_weight": 3666.5894287872325, "num_boost_round": 8.0, "subsample": 0.36910852501973035}, "datetime": {"datetime": "2024-01-20 15:17:27", "elapsed": 3182.133595, "delta": 0.002995}}
{"target": -13.396448999721105, "params": {"colsample_bytree": 0.7353688583372923, "eta": 0.026341822168427585, "gamma": 67.09571236475131, "max_depth": 9.0, "min_child_weight": 3666.5894287872325, "num_boost_round": 9.0, "subsample": 0.36910852501973035}, "datetime": {"datetime": "2024-01-20 15:17:27", "elapsed": 3182.136501, "delta": 0.002906}}
{"target": -13.396262215851884, "params": {"colsample_bytree": 0.7353688583372923, "eta": 0.026341822168427585, "gamma": 67.09571236475131, "max_depth": 9.0, "min_child_weight": 3666.5894287872325, "num_boost_round": 10.0, "subsample": 0.36910852501973035}, "datetime": {"datetime": "2024-01-20 15:17:27", "elapsed": 3182.139606, "delta": 0.003105}}
{"target": -13.396250342554094, "params": {"colsample_bytree": 0.7353688583372923, "eta": 0.026341822168427585, "gamma": 67.09571236475131, "max_depth": 9.0, "min_child_weight": 3666.5894287872325, "num_boost_round": 11.0, "subsample": 0.36910852501973035}, "datetime": {"datetime": "2024-01-20 15:17:27", "elapsed": 3182.142575, "delta": 0.002969}}
{"target": -13.396231425983562, "params": {"colsample_bytree": 0.7353688583372923, "eta": 0.026341822168427585, "gamma": 67.09571236475131, "max_depth": 9.0, "min_child_weight": 3666.5894287872325, "num_boost_round": 12.0, "subsample": 0.36910852501973035}, "datetime": {"datetime": "2024-01-20 15:17:27", "elapsed": 3182.14559, "delta": 0.003015}}
{"target": -13.396249846619575, "params": {"colsample_bytree": 0.7353688583372923, "eta": 0.026341822168427585, "gamma": 67.09571236475131, "max_depth": 9.0, "min_child_weight": 3666.5894287872325, "num_boost_round": 13.0, "subsample": 0.36910852501973035}, "datetime": {"datetime": "2024-01-20 15:17:27", "elapsed": 3182.148773, "delta": 0.003183}}
{"target": -13.396221043004386, "params": {"colsample_bytree": 0.7353688583372923, "eta": 0.026341822168427585, "gamma": 67.09571236475131, "max_depth": 9.0, "min_child_weight": 3666.5894287872325, "num_boost_round": 14.0, "subsample": 0.36910852501973035}, "datetime": {"datetime": "2024-01-20 15:17:27", "elapsed": 3182.151785, "delta": 0.003012}}
{"target": -13.398871719256427, "params": {"colsample_bytree": 0.22377514803195314, "eta": 0.09428241107684751, "gamma": 138.68046651023536, "max_depth": 8.0, "min_child_weight": 3697.978471510013, "num_boost_round": 1.0, "subsample": 0.986831003383059}, "datetime": {"datetime": "2024-01-20 15:18:10", "elapsed": 3225.209733, "delta": 43.057948}}
{"target": -13.399124024682603, "params": {"colsample_bytree": 0.22377514803195314, "eta": 0.09428241107684751, "gamma": 138.68046651023536, "max_depth": 8.0, "min_child_weight": 3697.978471510013, "num_boost_round": 2.0, "subsample": 0.986831003383059}, "datetime": {"datetime": "2024-01-20 15:18:10", "elapsed": 3225.213772, "delta": 0.004039}}
{"target": -13.399455498250028, "params": {"colsample_bytree": 0.22377514803195314, "eta": 0.09428241107684751, "gamma": 138.68046651023536, "max_depth": 8.0, "min_child_weight": 3697.978471510013, "num_boost_round": 3.0, "subsample": 0.986831003383059}, "datetime": {"datetime": "2024-01-20 15:18:10", "elapsed": 3225.216839, "delta": 0.003067}}
{"target": -13.400618588100265, "params": {"colsample_bytree": 0.22377514803195314, "eta": 0.09428241107684751, "gamma": 138.68046651023536, "max_depth": 8.0, "min_child_weight": 3697.978471510013, "num_boost_round": 4.0, "subsample": 0.986831003383059}, "datetime": {"datetime": "2024-01-20 15:18:10", "elapsed": 3225.219892, "delta": 0.003053}}
{"target": -13.402319159472569, "params": {"colsample_bytree": 0.22377514803195314, "eta": 0.09428241107684751, "gamma": 138.68046651023536, "max_depth": 8.0, "min_child_weight": 3697.978471510013, "num_boost_round": 5.0, "subsample": 0.986831003383059}, "datetime": {"datetime": "2024-01-20 15:18:10", "elapsed": 3225.222865, "delta": 0.002973}}
{"target": -13.403567716345048, "params": {"colsample_bytree": 0.22377514803195314, "eta": 0.09428241107684751, "gamma": 138.68046651023536, "max_depth": 8.0, "min_child_weight": 3697.978471510013, "num_boost_round": 6.0, "subsample": 0.986831003383059}, "datetime": {"datetime": "2024-01-20 15:18:10", "elapsed": 3225.225783, "delta": 0.002918}}
{"target": -13.405267078706931, "params": {"colsample_bytree": 0.22377514803195314, "eta": 0.09428241107684751, "gamma": 138.68046651023536, "max_depth": 8.0, "min_child_weight": 3697.978471510013, "num_boost_round": 7.0, "subsample": 0.986831003383059}, "datetime": {"datetime": "2024-01-20 15:18:10", "elapsed": 3225.228883, "delta": 0.0031}}
{"target": -13.40595059372602, "params": {"colsample_bytree": 0.22377514803195314, "eta": 0.09428241107684751, "gamma": 138.68046651023536, "max_depth": 8.0, "min_child_weight": 3697.978471510013, "num_boost_round": 8.0, "subsample": 0.986831003383059}, "datetime": {"datetime": "2024-01-20 15:18:10", "elapsed": 3225.231803, "delta": 0.00292}}
{"target": -13.407149197986213, "params": {"colsample_bytree": 0.22377514803195314, "eta": 0.09428241107684751, "gamma": 138.68046651023536, "max_depth": 8.0, "min_child_weight": 3697.978471510013, "num_boost_round": 9.0, "subsample": 0.986831003383059}, "datetime": {"datetime": "2024-01-20 15:18:10", "elapsed": 3225.234681, "delta": 0.002878}}
{"target": -13.408179330677251, "params": {"colsample_bytree": 0.22377514803195314, "eta": 0.09428241107684751, "gamma": 138.68046651023536, "max_depth": 8.0, "min_child_weight": 3697.978471510013, "num_boost_round": 10.0, "subsample": 0.986831003383059}, "datetime": {"datetime": "2024-01-20 15:18:10", "elapsed": 3225.237606, "delta": 0.002925}}
{"target": -13.396340783435868, "params": {"colsample_bytree": 0.9899007653431253, "eta": 0.09596346495082854, "gamma": 30.3161782335577, "max_depth": 9.0, "min_child_weight": 3641.6713208019632, "num_boost_round": 1.0, "subsample": 0.8745407532721968}, "datetime": {"datetime": "2024-01-20 15:19:01", "elapsed": 3275.937011, "delta": 50.699405}}
{"target": -13.396989740463741, "params": {"colsample_bytree": 0.9899007653431253, "eta": 0.09596346495082854, "gamma": 30.3161782335577, "max_depth": 9.0, "min_child_weight": 3641.6713208019632, "num_boost_round": 2.0, "subsample": 0.8745407532721968}, "datetime": {"datetime": "2024-01-20 15:19:01", "elapsed": 3275.941825, "delta": 0.004814}}
{"target": -13.398019152432706, "params": {"colsample_bytree": 0.9899007653431253, "eta": 0.09596346495082854, "gamma": 30.3161782335577, "max_depth": 9.0, "min_child_weight": 3641.6713208019632, "num_boost_round": 3.0, "subsample": 0.8745407532721968}, "datetime": {"datetime": "2024-01-20 15:19:01", "elapsed": 3275.945054, "delta": 0.003229}}
{"target": -13.40015363823247, "params": {"colsample_bytree": 0.9899007653431253, "eta": 0.09596346495082854, "gamma": 30.3161782335577, "max_depth": 9.0, "min_child_weight": 3641.6713208019632, "num_boost_round": 4.0, "subsample": 0.8745407532721968}, "datetime": {"datetime": "2024-01-20 15:19:01", "elapsed": 3275.948118, "delta": 0.003064}}
{"target": -13.402613390346222, "params": {"colsample_bytree": 0.9899007653431253, "eta": 0.09596346495082854, "gamma": 30.3161782335577, "max_depth": 9.0, "min_child_weight": 3641.6713208019632, "num_boost_round": 5.0, "subsample": 0.8745407532721968}, "datetime": {"datetime": "2024-01-20 15:19:01", "elapsed": 3275.951041, "delta": 0.002923}}
{"target": -13.404819394282356, "params": {"colsample_bytree": 0.9899007653431253, "eta": 0.09596346495082854, "gamma": 30.3161782335577, "max_depth": 9.0, "min_child_weight": 3641.6713208019632, "num_boost_round": 6.0, "subsample": 0.8745407532721968}, "datetime": {"datetime": "2024-01-20 15:19:01", "elapsed": 3275.954019, "delta": 0.002978}}
{"target": -13.406712393653995, "params": {"colsample_bytree": 0.9899007653431253, "eta": 0.09596346495082854, "gamma": 30.3161782335577, "max_depth": 9.0, "min_child_weight": 3641.6713208019632, "num_boost_round": 7.0, "subsample": 0.8745407532721968}, "datetime": {"datetime": "2024-01-20 15:19:01", "elapsed": 3275.957004, "delta": 0.002985}}
{"target": -13.410137169663972, "params": {"colsample_bytree": 0.9899007653431253, "eta": 0.09596346495082854, "gamma": 30.3161782335577, "max_depth": 9.0, "min_child_weight": 3641.6713208019632, "num_boost_round": 8.0, "subsample": 0.8745407532721968}, "datetime": {"datetime": "2024-01-20 15:19:01", "elapsed": 3275.960052, "delta": 0.003048}}
{"target": -13.41130230311633, "params": {"colsample_bytree": 0.9899007653431253, "eta": 0.09596346495082854, "gamma": 30.3161782335577, "max_depth": 9.0, "min_child_weight": 3641.6713208019632, "num_boost_round": 9.0, "subsample": 0.8745407532721968}, "datetime": {"datetime": "2024-01-20 15:19:01", "elapsed": 3275.963052, "delta": 0.003}}
{"target": -13.413502251286467, "params": {"colsample_bytree": 0.9899007653431253, "eta": 0.09596346495082854, "gamma": 30.3161782335577, "max_depth": 9.0, "min_child_weight": 3641.6713208019632, "num_boost_round": 10.0, "subsample": 0.8745407532721968}, "datetime": {"datetime": "2024-01-20 15:19:01", "elapsed": 3275.966005, "delta": 0.002953}}
{"target": -13.415322256006023, "params": {"colsample_bytree": 0.9899007653431253, "eta": 0.09596346495082854, "gamma": 30.3161782335577, "max_depth": 9.0, "min_child_weight": 3641.6713208019632, "num_boost_round": 11.0, "subsample": 0.8745407532721968}, "datetime": {"datetime": "2024-01-20 15:19:01", "elapsed": 3275.969088, "delta": 0.003083}}
{"target": -13.416517965067005, "params": {"colsample_bytree": 0.9899007653431253, "eta": 0.09596346495082854, "gamma": 30.3161782335577, "max_depth": 9.0, "min_child_weight": 3641.6713208019632, "num_boost_round": 12.0, "subsample": 0.8745407532721968}, "datetime": {"datetime": "2024-01-20 15:19:01", "elapsed": 3275.972103, "delta": 0.003015}}
{"target": -13.419584974945936, "params": {"colsample_bytree": 0.9899007653431253, "eta": 0.09596346495082854, "gamma": 30.3161782335577, "max_depth": 9.0, "min_child_weight": 3641.6713208019632, "num_boost_round": 13.0, "subsample": 0.8745407532721968}, "datetime": {"datetime": "2024-01-20 15:19:01", "elapsed": 3275.975079, "delta": 0.002976}}
{"target": -13.421020592224615, "params": {"colsample_bytree": 0.9899007653431253, "eta": 0.09596346495082854, "gamma": 30.3161782335577, "max_depth": 9.0, "min_child_weight": 3641.6713208019632, "num_boost_round": 14.0, "subsample": 0.8745407532721968}, "datetime": {"datetime": "2024-01-20 15:19:01", "elapsed": 3275.977983, "delta": 0.002904}}
{"target": -13.423229570167752, "params": {"colsample_bytree": 0.9899007653431253, "eta": 0.09596346495082854, "gamma": 30.3161782335577, "max_depth": 9.0, "min_child_weight": 3641.6713208019632, "num_boost_round": 15.0, "subsample": 0.8745407532721968}, "datetime": {"datetime": "2024-01-20 15:19:01", "elapsed": 3275.981147, "delta": 0.003164}}
{"target": -13.42428663964711, "params": {"colsample_bytree": 0.9899007653431253, "eta": 0.09596346495082854, "gamma": 30.3161782335577, "max_depth": 9.0, "min_child_weight": 3641.6713208019632, "num_boost_round": 16.0, "subsample": 0.8745407532721968}, "datetime": {"datetime": "2024-01-20 15:19:01", "elapsed": 3275.984221, "delta": 0.003074}}
{"target": -13.425230125940297, "params": {"colsample_bytree": 0.9899007653431253, "eta": 0.09596346495082854, "gamma": 30.3161782335577, "max_depth": 9.0, "min_child_weight": 3641.6713208019632, "num_boost_round": 17.0, "subsample": 0.8745407532721968}, "datetime": {"datetime": "2024-01-20 15:19:01", "elapsed": 3275.987272, "delta": 0.003051}}
{"target": -13.427654291587123, "params": {"colsample_bytree": 0.9899007653431253, "eta": 0.09596346495082854, "gamma": 30.3161782335577, "max_depth": 9.0, "min_child_weight": 3641.6713208019632, "num_boost_round": 18.0, "subsample": 0.8745407532721968}, "datetime": {"datetime": "2024-01-20 15:19:01", "elapsed": 3275.990527, "delta": 0.003255}}
{"target": -13.429477058923977, "params": {"colsample_bytree": 0.9899007653431253, "eta": 0.09596346495082854, "gamma": 30.3161782335577, "max_depth": 9.0, "min_child_weight": 3641.6713208019632, "num_boost_round": 19.0, "subsample": 0.8745407532721968}, "datetime": {"datetime": "2024-01-20 15:19:01", "elapsed": 3275.993729, "delta": 0.003202}}
{"target": -13.431798149161084, "params": {"colsample_bytree": 0.9899007653431253, "eta": 0.09596346495082854, "gamma": 30.3161782335577, "max_depth": 9.0, "min_child_weight": 3641.6713208019632, "num_boost_round": 20.0, "subsample": 0.8745407532721968}, "datetime": {"datetime": "2024-01-20 15:19:01", "elapsed": 3275.996814, "delta": 0.003085}}
{"target": -13.433698388863432, "params": {"colsample_bytree": 0.9899007653431253, "eta": 0.09596346495082854, "gamma": 30.3161782335577, "max_depth": 9.0, "min_child_weight": 3641.6713208019632, "num_boost_round": 21.0, "subsample": 0.8745407532721968}, "datetime": {"datetime": "2024-01-20 15:19:01", "elapsed": 3275.999916, "delta": 0.003102}}
{"target": -13.435570050116112, "params": {"colsample_bytree": 0.9899007653431253, "eta": 0.09596346495082854, "gamma": 30.3161782335577, "max_depth": 9.0, "min_child_weight": 3641.6713208019632, "num_boost_round": 22.0, "subsample": 0.8745407532721968}, "datetime": {"datetime": "2024-01-20 15:19:01", "elapsed": 3276.002917, "delta": 0.003001}}
{"target": -13.437341318154981, "params": {"colsample_bytree": 0.9899007653431253, "eta": 0.09596346495082854, "gamma": 30.3161782335577, "max_depth": 9.0, "min_child_weight": 3641.6713208019632, "num_boost_round": 23.0, "subsample": 0.8745407532721968}, "datetime": {"datetime": "2024-01-20 15:19:01", "elapsed": 3276.005938, "delta": 0.003021}}
{"target": -13.43908665102111, "params": {"colsample_bytree": 0.9899007653431253, "eta": 0.09596346495082854, "gamma": 30.3161782335577, "max_depth": 9.0, "min_child_weight": 3641.6713208019632, "num_boost_round": 24.0, "subsample": 0.8745407532721968}, "datetime": {"datetime": "2024-01-20 15:19:01", "elapsed": 3276.008958, "delta": 0.00302}}
