{"target": -12.345182640732329, "params": {"colsample_bytree": 0.30428335044855387, "eta": 0.08887798199687033, "gamma": 605.6643934034079, "max_depth": 4.0, "min_child_weight": 4129.628060201673, "num_boost_round": 59.0, "subsample": 0.6456153990694105}, "datetime": {"datetime": "2024-01-20 15:14:10", "elapsed": 3016.605317, "delta": 0.003909}}
{"target": -12.345383011607662, "params": {"colsample_bytree": 0.30428335044855387, "eta": 0.08887798199687033, "gamma": 605.6643934034079, "max_depth": 4.0, "min_child_weight": 4129.628060201673, "num_boost_round": 60.0, "subsample": 0.6456153990694105}, "datetime": {"datetime": "2024-01-20 15:14:10", "elapsed": 3016.609207, "delta": 0.00389}}
{"target": -12.345558736180426, "params": {"colsample_bytree": 0.30428335044855387, "eta": 0.08887798199687033, "gamma": 605.6643934034079, "max_depth": 4.0, "min_child_weight": 4129.628060201673, "num_boost_round": 61.0, "subsample": 0.6456153990694105}, "datetime": {"datetime": "2024-01-20 15:14:10", "elapsed": 3016.613083, "delta": 0.003876}}
{"target": -12.345585550849, "params": {"colsample_bytree": 0.30428335044855387, "eta": 0.08887798199687033, "gamma": 605.6643934034079, "max_depth": 4.0, "min_child_weight": 4129.628060201673, "num_boost_round": 62.0, "subsample": 0.6456153990694105}, "datetime": {"datetime": "2024-01-20 15:14:10", "elapsed": 3016.621312, "delta": 0.008229}}
{"target": -12.3456870512061, "params": {"colsample_bytree": 0.30428335044855387, "eta": 0.08887798199687033, "gamma": 605.6643934034079, "max_depth": 4.0, "min_child_weight": 4129.628060201673, "num_boost_round": 63.0, "subsample": 0.6456153990694105}, "datetime": {"datetime": "2024-01-20 15:14:10", "elapsed": 3016.625236, "delta": 0.003924}}
{"target": -12.346187904497416, "params": {"colsample_bytree": 0.30428335044855387, "eta": 0.08887798199687033, "gamma": 605.6643934034079, "max_depth": 4.0, "min_child_weight": 4129.628060201673, "num_boost_round": 64.0, "subsample": 0.6456153990694105}, "datetime": {"datetime": "2024-01-20 15:14:10", "elapsed": 3016.629164, "delta": 0.003928}}
{"target": -12.358327647914408, "params": {"colsample_bytree": 0.9459141845401283, "eta": 0.005169728258438646, "gamma": 521.0847726476062, "max_depth": 6.0, "min_child_weight": 4249.297660387846, "num_boost_round": 1.0, "subsample": 0.7475397090527829}, "datetime": {"datetime": "2024-01-20 15:15:10", "elapsed": 3076.462312, "delta": 59.833148}}
{"target": -12.358017168873603, "params": {"colsample_bytree": 0.9459141845401283, "eta": 0.005169728258438646, "gamma": 521.0847726476062, "max_depth": 6.0, "min_child_weight": 4249.297660387846, "num_boost_round": 2.0, "subsample": 0.7475397090527829}, "datetime": {"datetime": "2024-01-20 15:15:10", "elapsed": 3076.468553, "delta": 0.006241}}
{"target": -12.357703645659438, "params": {"colsample_bytree": 0.9459141845401283, "eta": 0.005169728258438646, "gamma": 521.0847726476062, "max_depth": 6.0, "min_child_weight": 4249.297660387846, "num_boost_round": 3.0, "subsample": 0.7475397090527829}, "datetime": {"datetime": "2024-01-20 15:15:10", "elapsed": 3076.473313, "delta": 0.00476}}
{"target": -12.357408729204757, "params": {"colsample_bytree": 0.9459141845401283, "eta": 0.005169728258438646, "gamma": 521.0847726476062, "max_depth": 6.0, "min_child_weight": 4249.297660387846, "num_boost_round": 4.0, "subsample": 0.7475397090527829}, "datetime": {"datetime": "2024-01-20 15:15:10", "elapsed": 3076.477923, "delta": 0.00461}}
{"target": -12.357125811271708, "params": {"colsample_bytree": 0.9459141845401283, "eta": 0.005169728258438646, "gamma": 521.0847726476062, "max_depth": 6.0, "min_child_weight": 4249.297660387846, "num_boost_round": 5.0, "subsample": 0.7475397090527829}, "datetime": {"datetime": "2024-01-20 15:15:10", "elapsed": 3076.48296, "delta": 0.005037}}
{"target": -12.356855648123696, "params": {"colsample_bytree": 0.9459141845401283, "eta": 0.005169728258438646, "gamma": 521.0847726476062, "max_depth": 6.0, "min_child_weight": 4249.297660387846, "num_boost_round": 6.0, "subsample": 0.7475397090527829}, "datetime": {"datetime": "2024-01-20 15:15:10", "elapsed": 3076.488993, "delta": 0.006033}}
{"target": -12.356569018575055, "params": {"colsample_bytree": 0.9459141845401283, "eta": 0.005169728258438646, "gamma": 521.0847726476062, "max_depth": 6.0, "min_child_weight": 4249.297660387846, "num_boost_round": 7.0, "subsample": 0.7475397090527829}, "datetime": {"datetime": "2024-01-20 15:15:10", "elapsed": 3076.496556, "delta": 0.007563}}
{"target": -12.356291289967519, "params": {"colsample_bytree": 0.9459141845401283, "eta": 0.005169728258438646, "gamma": 521.0847726476062, "max_depth": 6.0, "min_child_weight": 4249.297660387846, "num_boost_round": 8.0, "subsample": 0.7475397090527829}, "datetime": {"datetime": "2024-01-20 15:15:10", "elapsed": 3076.502409, "delta": 0.005853}}
{"target": -12.356028102518586, "params": {"colsample_bytree": 0.9459141845401283, "eta": 0.005169728258438646, "gamma": 521.0847726476062, "max_depth": 6.0, "min_child_weight": 4249.297660387846, "num_boost_round": 9.0, "subsample": 0.7475397090527829}, "datetime": {"datetime": "2024-01-20 15:15:10", "elapsed": 3076.507923, "delta": 0.005514}}
{"target": -12.355761885918994, "params": {"colsample_bytree": 0.9459141845401283, "eta": 0.005169728258438646, "gamma": 521.0847726476062, "max_depth": 6.0, "min_child_weight": 4249.297660387846, "num_boost_round": 10.0, "subsample": 0.7475397090527829}, "datetime": {"datetime": "2024-01-20 15:15:10", "elapsed": 3076.512232, "delta": 0.004309}}
{"target": -12.355505167921605, "params": {"colsample_bytree": 0.9459141845401283, "eta": 0.005169728258438646, "gamma": 521.0847726476062, "max_depth": 6.0, "min_child_weight": 4249.297660387846, "num_boost_round": 11.0, "subsample": 0.7475397090527829}, "datetime": {"datetime": "2024-01-20 15:15:10", "elapsed": 3076.516594, "delta": 0.004362}}
{"target": -12.355256637355339, "params": {"colsample_bytree": 0.9459141845401283, "eta": 0.005169728258438646, "gamma": 521.0847726476062, "max_depth": 6.0, "min_child_weight": 4249.297660387846, "num_boost_round": 12.0, "subsample": 0.7475397090527829}, "datetime": {"datetime": "2024-01-20 15:15:10", "elapsed": 3076.521205, "delta": 0.004611}}
{"target": -12.354995835824058, "params": {"colsample_bytree": 0.9459141845401283, "eta": 0.005169728258438646, "gamma": 521.0847726476062, "max_depth": 6.0, "min_child_weight": 4249.297660387846, "num_boost_round": 13.0, "subsample": 0.7475397090527829}, "datetime": {"datetime": "2024-01-20 15:15:10", "elapsed": 3076.525639, "delta": 0.004434}}
{"target": -12.354746096350667, "params": {"colsample_bytree": 0.9459141845401283, "eta": 0.005169728258438646, "gamma": 521.0847726476062, "max_depth": 6.0, "min_child_weight": 4249.297660387846, "num_boost_round": 14.0, "subsample": 0.7475397090527829}, "datetime": {"datetime": "2024-01-20 15:15:10", "elapsed": 3076.529984, "delta": 0.004345}}
{"target": -12.354516801624143, "params": {"colsample_bytree": 0.9459141845401283, "eta": 0.005169728258438646, "gamma": 521.0847726476062, "max_depth": 6.0, "min_child_weight": 4249.297660387846, "num_boost_round": 15.0, "subsample": 0.7475397090527829}, "datetime": {"datetime": "2024-01-20 15:15:10", "elapsed": 3076.53425, "delta": 0.004266}}
{"target": -12.354260472126501, "params": {"colsample_bytree": 0.9459141845401283, "eta": 0.005169728258438646, "gamma": 521.0847726476062, "max_depth": 6.0, "min_child_weight": 4249.297660387846, "num_boost_round": 16.0, "subsample": 0.7475397090527829}, "datetime": {"datetime": "2024-01-20 15:15:10", "elapsed": 3076.538571, "delta": 0.004321}}
{"target": -12.354034464393955, "params": {"colsample_bytree": 0.9459141845401283, "eta": 0.005169728258438646, "gamma": 521.0847726476062, "max_depth": 6.0, "min_child_weight": 4249.297660387846, "num_boost_round": 17.0, "subsample": 0.7475397090527829}, "datetime": {"datetime": "2024-01-20 15:15:10", "elapsed": 3076.542749, "delta": 0.004178}}
{"target": -12.35390000356209, "params": {"colsample_bytree": 0.9459141845401283, "eta": 0.005169728258438646, "gamma": 521.0847726476062, "max_depth": 6.0, "min_child_weight": 4249.297660387846, "num_boost_round": 18.0, "subsample": 0.7475397090527829}, "datetime": {"datetime": "2024-01-20 15:15:10", "elapsed": 3076.546993, "delta": 0.004244}}
{"target": -12.353777972470628, "params": {"colsample_bytree": 0.9459141845401283, "eta": 0.005169728258438646, "gamma": 521.0847726476062, "max_depth": 6.0, "min_child_weight": 4249.297660387846, "num_boost_round": 19.0, "subsample": 0.7475397090527829}, "datetime": {"datetime": "2024-01-20 15:15:10", "elapsed": 3076.551152, "delta": 0.004159}}
{"target": -12.353541835990018, "params": {"colsample_bytree": 0.9459141845401283, "eta": 0.005169728258438646, "gamma": 521.0847726476062, "max_depth": 6.0, "min_child_weight": 4249.297660387846, "num_boost_round": 20.0, "subsample": 0.7475397090527829}, "datetime": {"datetime": "2024-01-20 15:15:10", "elapsed": 3076.555337, "delta": 0.004185}}
{"target": -12.353319011724967, "params": {"colsample_bytree": 0.9459141845401283, "eta": 0.005169728258438646, "gamma": 521.0847726476062, "max_depth": 6.0, "min_child_weight": 4249.297660387846, "num_boost_round": 21.0, "subsample": 0.7475397090527829}, "datetime": {"datetime": "2024-01-20 15:15:10", "elapsed": 3076.559699, "delta": 0.004362}}
{"target": -12.353215698041497, "params": {"colsample_bytree": 0.9459141845401283, "eta": 0.005169728258438646, "gamma": 521.0847726476062, "max_depth": 6.0, "min_child_weight": 4249.297660387846, "num_boost_round": 22.0, "subsample": 0.7475397090527829}, "datetime": {"datetime": "2024-01-20 15:15:10", "elapsed": 3076.563959, "delta": 0.00426}}
{"target": -12.353015692849079, "params": {"colsample_bytree": 0.9459141845401283, "eta": 0.005169728258438646, "gamma": 521.0847726476062, "max_depth": 6.0, "min_child_weight": 4249.297660387846, "num_boost_round": 23.0, "subsample": 0.7475397090527829}, "datetime": {"datetime": "2024-01-20 15:15:10", "elapsed": 3076.568168, "delta": 0.004209}}
{"target": -12.35862435727096, "params": {"colsample_bytree": 0.1178820438578434, "eta": 0.004578967355191332, "gamma": 587.5520628444964, "max_depth": 9.0, "min_child_weight": 4204.4566062457425, "num_boost_round": 1.0, "subsample": 0.6956662873747435}, "datetime": {"datetime": "2024-01-20 15:16:12", "elapsed": 3138.970077, "delta": 62.401909}}
{"target": -12.358543529274638, "params": {"colsample_bytree": 0.1178820438578434, "eta": 0.004578967355191332, "gamma": 587.5520628444964, "max_depth": 9.0, "min_child_weight": 4204.4566062457425, "num_boost_round": 2.0, "subsample": 0.6956662873747435}, "datetime": {"datetime": "2024-01-20 15:16:12", "elapsed": 3138.974817, "delta": 0.00474}}
{"target": -12.358538030427884, "params": {"colsample_bytree": 0.1178820438578434, "eta": 0.004578967355191332, "gamma": 587.5520628444964, "max_depth": 9.0, "min_child_weight": 4204.4566062457425, "num_boost_round": 3.0, "subsample": 0.6956662873747435}, "datetime": {"datetime": "2024-01-20 15:16:12", "elapsed": 3138.979248, "delta": 0.004431}}
{"target": -12.358533305047814, "params": {"colsample_bytree": 0.1178820438578434, "eta": 0.004578967355191332, "gamma": 587.5520628444964, "max_depth": 9.0, "min_child_weight": 4204.4566062457425, "num_boost_round": 4.0, "subsample": 0.6956662873747435}, "datetime": {"datetime": "2024-01-20 15:16:12", "elapsed": 3138.985032, "delta": 0.005784}}
{"target": -12.358536417647814, "params": {"colsample_bytree": 0.1178820438578434, "eta": 0.004578967355191332, "gamma": 587.5520628444964, "max_depth": 9.0, "min_child_weight": 4204.4566062457425, "num_boost_round": 5.0, "subsample": 0.6956662873747435}, "datetime": {"datetime": "2024-01-20 15:16:12", "elapsed": 3138.991218, "delta": 0.006186}}
{"target": -12.358536485842903, "params": {"colsample_bytree": 0.1178820438578434, "eta": 0.004578967355191332, "gamma": 587.5520628444964, "max_depth": 9.0, "min_child_weight": 4204.4566062457425, "num_boost_round": 6.0, "subsample": 0.6956662873747435}, "datetime": {"datetime": "2024-01-20 15:16:12", "elapsed": 3138.997347, "delta": 0.006129}}
{"target": -12.358538202472033, "params": {"colsample_bytree": 0.1178820438578434, "eta": 0.004578967355191332, "gamma": 587.5520628444964, "max_depth": 9.0, "min_child_weight": 4204.4566062457425, "num_boost_round": 7.0, "subsample": 0.6956662873747435}, "datetime": {"datetime": "2024-01-20 15:16:12", "elapsed": 3139.002346, "delta": 0.004999}}
{"target": -12.358397429177058, "params": {"colsample_bytree": 0.1178820438578434, "eta": 0.004578967355191332, "gamma": 587.5520628444964, "max_depth": 9.0, "min_child_weight": 4204.4566062457425, "num_boost_round": 8.0, "subsample": 0.6956662873747435}, "datetime": {"datetime": "2024-01-20 15:16:12", "elapsed": 3139.006352, "delta": 0.004006}}
{"target": -12.358398422318086, "params": {"colsample_bytree": 0.1178820438578434, "eta": 0.004578967355191332, "gamma": 587.5520628444964, "max_depth": 9.0, "min_child_weight": 4204.4566062457425, "num_boost_round": 9.0, "subsample": 0.6956662873747435}, "datetime": {"datetime": "2024-01-20 15:16:12", "elapsed": 3139.010312, "delta": 0.00396}}
{"target": -12.358407499389656, "params": {"colsample_bytree": 0.1178820438578434, "eta": 0.004578967355191332, "gamma": 587.5520628444964, "max_depth": 9.0, "min_child_weight": 4204.4566062457425, "num_boost_round": 10.0, "subsample": 0.6956662873747435}, "datetime": {"datetime": "2024-01-20 15:16:12", "elapsed": 3139.014428, "delta": 0.004116}}
{"target": -12.358275133734612, "params": {"colsample_bytree": 0.1178820438578434, "eta": 0.004578967355191332, "gamma": 587.5520628444964, "max_depth": 9.0, "min_child_weight": 4204.4566062457425, "num_boost_round": 11.0, "subsample": 0.6956662873747435}, "datetime": {"datetime": "2024-01-20 15:16:12", "elapsed": 3139.018613, "delta": 0.004185}}
{"target": -12.358269618358936, "params": {"colsample_bytree": 0.1178820438578434, "eta": 0.004578967355191332, "gamma": 587.5520628444964, "max_depth": 9.0, "min_child_weight": 4204.4566062457425, "num_boost_round": 12.0, "subsample": 0.6956662873747435}, "datetime": {"datetime": "2024-01-20 15:16:12", "elapsed": 3139.022744, "delta": 0.004131}}
{"target": -12.358263537568005, "params": {"colsample_bytree": 0.1178820438578434, "eta": 0.004578967355191332, "gamma": 587.5520628444964, "max_depth": 9.0, "min_child_weight": 4204.4566062457425, "num_boost_round": 13.0, "subsample": 0.6956662873747435}, "datetime": {"datetime": "2024-01-20 15:16:12", "elapsed": 3139.027236, "delta": 0.004492}}
{"target": -12.358260565476279, "params": {"colsample_bytree": 0.1178820438578434, "eta": 0.004578967355191332, "gamma": 587.5520628444964, "max_depth": 9.0, "min_child_weight": 4204.4566062457425, "num_boost_round": 14.0, "subsample": 0.6956662873747435}, "datetime": {"datetime": "2024-01-20 15:16:12", "elapsed": 3139.031453, "delta": 0.004217}}
{"target": -12.358166265759333, "params": {"colsample_bytree": 0.1178820438578434, "eta": 0.004578967355191332, "gamma": 587.5520628444964, "max_depth": 9.0, "min_child_weight": 4204.4566062457425, "num_boost_round": 15.0, "subsample": 0.6956662873747435}, "datetime": {"datetime": "2024-01-20 15:16:12", "elapsed": 3139.035474, "delta": 0.004021}}
{"target": -12.35815926550586, "params": {"colsample_bytree": 0.1178820438578434, "eta": 0.004578967355191332, "gamma": 587.5520628444964, "max_depth": 9.0, "min_child_weight": 4204.4566062457425, "num_boost_round": 16.0, "subsample": 0.6956662873747435}, "datetime": {"datetime": "2024-01-20 15:16:12", "elapsed": 3139.03977, "delta": 0.004296}}
{"target": -12.358166545200131, "params": {"colsample_bytree": 0.1178820438578434, "eta": 0.004578967355191332, "gamma": 587.5520628444964, "max_depth": 9.0, "min_child_weight": 4204.4566062457425, "num_boost_round": 17.0, "subsample": 0.6956662873747435}, "datetime": {"datetime": "2024-01-20 15:16:12", "elapsed": 3139.04379, "delta": 0.00402}}
{"target": -12.358167258323636, "params": {"colsample_bytree": 0.1178820438578434, "eta": 0.004578967355191332, "gamma": 587.5520628444964, "max_depth": 9.0, "min_child_weight": 4204.4566062457425, "num_boost_round": 18.0, "subsample": 0.6956662873747435}, "datetime": {"datetime": "2024-01-20 15:16:12", "elapsed": 3139.047757, "delta": 0.003967}}
{"target": -12.358156440661611, "params": {"colsample_bytree": 0.1178820438578434, "eta": 0.004578967355191332, "gamma": 587.5520628444964, "max_depth": 9.0, "min_child_weight": 4204.4566062457425, "num_boost_round": 19.0, "subsample": 0.6956662873747435}, "datetime": {"datetime": "2024-01-20 15:16:12", "elapsed": 3139.051983, "delta": 0.004226}}
{"target": -12.358160536946144, "params": {"colsample_bytree": 0.1178820438578434, "eta": 0.004578967355191332, "gamma": 587.5520628444964, "max_depth": 9.0, "min_child_weight": 4204.4566062457425, "num_boost_round": 20.0, "subsample": 0.6956662873747435}, "datetime": {"datetime": "2024-01-20 15:16:12", "elapsed": 3139.055952, "delta": 0.003969}}
{"target": -12.358141091342766, "params": {"colsample_bytree": 0.1178820438578434, "eta": 0.004578967355191332, "gamma": 587.5520628444964, "max_depth": 9.0, "min_child_weight": 4204.4566062457425, "num_boost_round": 21.0, "subsample": 0.6956662873747435}, "datetime": {"datetime": "2024-01-20 15:16:12", "elapsed": 3139.059997, "delta": 0.004045}}
{"target": -12.358141258266508, "params": {"colsample_bytree": 0.1178820438578434, "eta": 0.004578967355191332, "gamma": 587.5520628444964, "max_depth": 9.0, "min_child_weight": 4204.4566062457425, "num_boost_round": 22.0, "subsample": 0.6956662873747435}, "datetime": {"datetime": "2024-01-20 15:16:12", "elapsed": 3139.064295, "delta": 0.004298}}
{"target": -12.358140408889692, "params": {"colsample_bytree": 0.1178820438578434, "eta": 0.004578967355191332, "gamma": 587.5520628444964, "max_depth": 9.0, "min_child_weight": 4204.4566062457425, "num_boost_round": 23.0, "subsample": 0.6956662873747435}, "datetime": {"datetime": "2024-01-20 15:16:12", "elapsed": 3139.068242, "delta": 0.003947}}
{"target": -12.358158668826995, "params": {"colsample_bytree": 0.1178820438578434, "eta": 0.004578967355191332, "gamma": 587.5520628444964, "max_depth": 9.0, "min_child_weight": 4204.4566062457425, "num_boost_round": 24.0, "subsample": 0.6956662873747435}, "datetime": {"datetime": "2024-01-20 15:16:12", "elapsed": 3139.072171, "delta": 0.003929}}
{"target": -12.358039486415986, "params": {"colsample_bytree": 0.1178820438578434, "eta": 0.004578967355191332, "gamma": 587.5520628444964, "max_depth": 9.0, "min_child_weight": 4204.4566062457425, "num_boost_round": 25.0, "subsample": 0.6956662873747435}, "datetime": {"datetime": "2024-01-20 15:16:12", "elapsed": 3139.07635, "delta": 0.004179}}
{"target": -12.358036411086617, "params": {"colsample_bytree": 0.1178820438578434, "eta": 0.004578967355191332, "gamma": 587.5520628444964, "max_depth": 9.0, "min_child_weight": 4204.4566062457425, "num_boost_round": 26.0, "subsample": 0.6956662873747435}, "datetime": {"datetime": "2024-01-20 15:16:12", "elapsed": 3139.080374, "delta": 0.004024}}
{"target": -12.358032103817514, "params": {"colsample_bytree": 0.1178820438578434, "eta": 0.004578967355191332, "gamma": 587.5520628444964, "max_depth": 9.0, "min_child_weight": 4204.4566062457425, "num_boost_round": 27.0, "subsample": 0.6956662873747435}, "datetime": {"datetime": "2024-01-20 15:16:12", "elapsed": 3139.084348, "delta": 0.003974}}
{"target": -12.358027630692007, "params": {"colsample_bytree": 0.1178820438578434, "eta": 0.004578967355191332, "gamma": 587.5520628444964, "max_depth": 9.0, "min_child_weight": 4204.4566062457425, "num_boost_round": 28.0, "subsample": 0.6956662873747435}, "datetime": {"datetime": "2024-01-20 15:16:12", "elapsed": 3139.088488, "delta": 0.00414}}
{"target": -12.35801015522274, "params": {"colsample_bytree": 0.1178820438578434, "eta": 0.004578967355191332, "gamma": 587.5520628444964, "max_depth": 9.0, "min_child_weight": 4204.4566062457425, "num_boost_round": 29.0, "subsample": 0.6956662873747435}, "datetime": {"datetime": "2024-01-20 15:16:12", "elapsed": 3139.092402, "delta": 0.003914}}
{"target": -12.35800346685421, "params": {"colsample_bytree": 0.1178820438578434, "eta": 0.004578967355191332, "gamma": 587.5520628444964, "max_depth": 9.0, "min_child_weight": 4204.4566062457425, "num_boost_round": 30.0, "subsample": 0.6956662873747435}, "datetime": {"datetime": "2024-01-20 15:16:12", "elapsed": 3139.096358, "delta": 0.003956}}
{"target": -12.357732611809453, "params": {"colsample_bytree": 0.1178820438578434, "eta": 0.004578967355191332, "gamma": 587.5520628444964, "max_depth": 9.0, "min_child_weight": 4204.4566062457425, "num_boost_round": 31.0, "subsample": 0.6956662873747435}, "datetime": {"datetime": "2024-01-20 15:16:12", "elapsed": 3139.100575, "delta": 0.004217}}
{"target": -12.357742253534289, "params": {"colsample_bytree": 0.1178820438578434, "eta": 0.004578967355191332, "gamma": 587.5520628444964, "max_depth": 9.0, "min_child_weight": 4204.4566062457425, "num_boost_round": 32.0, "subsample": 0.6956662873747435}, "datetime": {"datetime": "2024-01-20 15:16:12", "elapsed": 3139.104516, "delta": 0.003941}}
{"target": -12.357749707205741, "params": {"colsample_bytree": 0.1178820438578434, "eta": 0.004578967355191332, "gamma": 587.5520628444964, "max_depth": 9.0, "min_child_weight": 4204.4566062457425, "num_boost_round": 33.0, "subsample": 0.6956662873747435}, "datetime": {"datetime": "2024-01-20 15:16:12", "elapsed": 3139.108437, "delta": 0.003921}}
{"target": -12.357751331616505, "params": {"colsample_bytree": 0.1178820438578434, "eta": 0.004578967355191332, "gamma": 587.5520628444964, "max_depth": 9.0, "min_child_weight": 4204.4566062457425, "num_boost_round": 34.0, "subsample": 0.6956662873747435}, "datetime": {"datetime": "2024-01-20 15:16:12", "elapsed": 3139.112591, "delta": 0.004154}}
