{"target": -13.733305121407327, "params": {"colsample_bytree": 0.9670181116056566, "eta": 0.0472754459833186, "gamma": 4.573042956992013, "max_depth": 2.0, "min_child_weight": 4521.744128353983, "num_boost_round": 3.0, "subsample": 0.5019490277198133}, "datetime": {"datetime": "2024-01-20 18:07:20", "elapsed": 13401.624898, "delta": 0.004994}}
{"target": -13.73401734398946, "params": {"colsample_bytree": 0.9670181116056566, "eta": 0.0472754459833186, "gamma": 4.573042956992013, "max_depth": 2.0, "min_child_weight": 4521.744128353983, "num_boost_round": 4.0, "subsample": 0.5019490277198133}, "datetime": {"datetime": "2024-01-20 18:07:20", "elapsed": 13401.629992, "delta": 0.005094}}
{"target": -13.734860688871414, "params": {"colsample_bytree": 0.9670181116056566, "eta": 0.0472754459833186, "gamma": 4.573042956992013, "max_depth": 2.0, "min_child_weight": 4521.744128353983, "num_boost_round": 5.0, "subsample": 0.5019490277198133}, "datetime": {"datetime": "2024-01-20 18:07:20", "elapsed": 13401.634351, "delta": 0.004359}}
{"target": -13.735054500473023, "params": {"colsample_bytree": 0.9670181116056566, "eta": 0.0472754459833186, "gamma": 4.573042956992013, "max_depth": 2.0, "min_child_weight": 4521.744128353983, "num_boost_round": 6.0, "subsample": 0.5019490277198133}, "datetime": {"datetime": "2024-01-20 18:07:20", "elapsed": 13401.63865, "delta": 0.004299}}
{"target": -13.735841697093433, "params": {"colsample_bytree": 0.9670181116056566, "eta": 0.0472754459833186, "gamma": 4.573042956992013, "max_depth": 2.0, "min_child_weight": 4521.744128353983, "num_boost_round": 7.0, "subsample": 0.5019490277198133}, "datetime": {"datetime": "2024-01-20 18:07:20", "elapsed": 13401.642622, "delta": 0.003972}}
{"target": -13.73657984694046, "params": {"colsample_bytree": 0.9670181116056566, "eta": 0.0472754459833186, "gamma": 4.573042956992013, "max_depth": 2.0, "min_child_weight": 4521.744128353983, "num_boost_round": 8.0, "subsample": 0.5019490277198133}, "datetime": {"datetime": "2024-01-20 18:07:20", "elapsed": 13401.64673, "delta": 0.004108}}
{"target": -13.737242471887186, "params": {"colsample_bytree": 0.9670181116056566, "eta": 0.0472754459833186, "gamma": 4.573042956992013, "max_depth": 2.0, "min_child_weight": 4521.744128353983, "num_boost_round": 9.0, "subsample": 0.5019490277198133}, "datetime": {"datetime": "2024-01-20 18:07:20", "elapsed": 13401.65106, "delta": 0.00433}}
{"target": -13.737686038339518, "params": {"colsample_bytree": 0.9670181116056566, "eta": 0.0472754459833186, "gamma": 4.573042956992013, "max_depth": 2.0, "min_child_weight": 4521.744128353983, "num_boost_round": 10.0, "subsample": 0.5019490277198133}, "datetime": {"datetime": "2024-01-20 18:07:20", "elapsed": 13401.655806, "delta": 0.004746}}
{"target": -13.738255782765563, "params": {"colsample_bytree": 0.9670181116056566, "eta": 0.0472754459833186, "gamma": 4.573042956992013, "max_depth": 2.0, "min_child_weight": 4521.744128353983, "num_boost_round": 11.0, "subsample": 0.5019490277198133}, "datetime": {"datetime": "2024-01-20 18:07:20", "elapsed": 13401.65983, "delta": 0.004024}}
{"target": -13.738764691021018, "params": {"colsample_bytree": 0.9670181116056566, "eta": 0.0472754459833186, "gamma": 4.573042956992013, "max_depth": 2.0, "min_child_weight": 4521.744128353983, "num_boost_round": 12.0, "subsample": 0.5019490277198133}, "datetime": {"datetime": "2024-01-20 18:07:20", "elapsed": 13401.663696, "delta": 0.003866}}
{"target": -13.739323489202349, "params": {"colsample_bytree": 0.9670181116056566, "eta": 0.0472754459833186, "gamma": 4.573042956992013, "max_depth": 2.0, "min_child_weight": 4521.744128353983, "num_boost_round": 13.0, "subsample": 0.5019490277198133}, "datetime": {"datetime": "2024-01-20 18:07:20", "elapsed": 13401.667869, "delta": 0.004173}}
{"target": -13.739726590347514, "params": {"colsample_bytree": 0.9670181116056566, "eta": 0.0472754459833186, "gamma": 4.573042956992013, "max_depth": 2.0, "min_child_weight": 4521.744128353983, "num_boost_round": 14.0, "subsample": 0.5019490277198133}, "datetime": {"datetime": "2024-01-20 18:07:20", "elapsed": 13401.671685, "delta": 0.003816}}
{"target": -13.740232113299676, "params": {"colsample_bytree": 0.9670181116056566, "eta": 0.0472754459833186, "gamma": 4.573042956992013, "max_depth": 2.0, "min_child_weight": 4521.744128353983, "num_boost_round": 15.0, "subsample": 0.5019490277198133}, "datetime": {"datetime": "2024-01-20 18:07:20", "elapsed": 13401.675585, "delta": 0.0039}}
{"target": -13.740871038968198, "params": {"colsample_bytree": 0.9670181116056566, "eta": 0.0472754459833186, "gamma": 4.573042956992013, "max_depth": 2.0, "min_child_weight": 4521.744128353983, "num_boost_round": 16.0, "subsample": 0.5019490277198133}, "datetime": {"datetime": "2024-01-20 18:07:20", "elapsed": 13401.679569, "delta": 0.003984}}
{"target": -13.741437780381188, "params": {"colsample_bytree": 0.9670181116056566, "eta": 0.0472754459833186, "gamma": 4.573042956992013, "max_depth": 2.0, "min_child_weight": 4521.744128353983, "num_boost_round": 17.0, "subsample": 0.5019490277198133}, "datetime": {"datetime": "2024-01-20 18:07:20", "elapsed": 13401.68359, "delta": 0.004021}}
{"target": -13.731153200967704, "params": {"colsample_bytree": 0.8501386746022513, "eta": 0.008210562013326449, "gamma": 90.09194911275587, "max_depth": 9.0, "min_child_weight": 3291.0898232036097, "num_boost_round": 1.0, "subsample": 0.10349478644706289}, "datetime": {"datetime": "2024-01-20 18:07:59", "elapsed": 13439.890181, "delta": 38.206591}}
{"target": -13.732319043006667, "params": {"colsample_bytree": 0.854026764742545, "eta": 0.07747611142053894, "gamma": 213.45940139671583, "max_depth": 6.0, "min_child_weight": 4132.860587146964, "num_boost_round": 1.0, "subsample": 0.47893095051525847}, "datetime": {"datetime": "2024-01-20 18:08:43", "elapsed": 13484.52981, "delta": 44.639629}}
{"target": -13.734279449748463, "params": {"colsample_bytree": 0.854026764742545, "eta": 0.07747611142053894, "gamma": 213.45940139671583, "max_depth": 6.0, "min_child_weight": 4132.860587146964, "num_boost_round": 2.0, "subsample": 0.47893095051525847}, "datetime": {"datetime": "2024-01-20 18:08:43", "elapsed": 13484.534284, "delta": 0.004474}}
{"target": -13.731616730004353, "params": {"colsample_bytree": 0.9619216148652361, "eta": 0.03589965409556512, "gamma": 573.7869667423033, "max_depth": 8.0, "min_child_weight": 3258.734302992525, "num_boost_round": 1.0, "subsample": 0.8933977355790915}, "datetime": {"datetime": "2024-01-20 18:09:31", "elapsed": 13532.800361, "delta": 48.266077}}
{"target": -13.73265992325413, "params": {"colsample_bytree": 0.9619216148652361, "eta": 0.03589965409556512, "gamma": 573.7869667423033, "max_depth": 8.0, "min_child_weight": 3258.734302992525, "num_boost_round": 2.0, "subsample": 0.8933977355790915}, "datetime": {"datetime": "2024-01-20 18:09:31", "elapsed": 13532.805377, "delta": 0.005016}}
{"target": -13.73371695880385, "params": {"colsample_bytree": 0.9619216148652361, "eta": 0.03589965409556512, "gamma": 573.7869667423033, "max_depth": 8.0, "min_child_weight": 3258.734302992525, "num_boost_round": 3.0, "subsample": 0.8933977355790915}, "datetime": {"datetime": "2024-01-20 18:09:31", "elapsed": 13532.809232, "delta": 0.003855}}
{"target": -13.73447710395276, "params": {"colsample_bytree": 0.9619216148652361, "eta": 0.03589965409556512, "gamma": 573.7869667423033, "max_depth": 8.0, "min_child_weight": 3258.734302992525, "num_boost_round": 4.0, "subsample": 0.8933977355790915}, "datetime": {"datetime": "2024-01-20 18:09:31", "elapsed": 13532.812987, "delta": 0.003755}}
{"target": -13.736111251550449, "params": {"colsample_bytree": 0.9619216148652361, "eta": 0.03589965409556512, "gamma": 573.7869667423033, "max_depth": 8.0, "min_child_weight": 3258.734302992525, "num_boost_round": 5.0, "subsample": 0.8933977355790915}, "datetime": {"datetime": "2024-01-20 18:09:31", "elapsed": 13532.816884, "delta": 0.003897}}
{"target": -13.737273214157822, "params": {"colsample_bytree": 0.9619216148652361, "eta": 0.03589965409556512, "gamma": 573.7869667423033, "max_depth": 8.0, "min_child_weight": 3258.734302992525, "num_boost_round": 6.0, "subsample": 0.8933977355790915}, "datetime": {"datetime": "2024-01-20 18:09:31", "elapsed": 13532.820563, "delta": 0.003679}}
{"target": -13.738915103256645, "params": {"colsample_bytree": 0.9619216148652361, "eta": 0.03589965409556512, "gamma": 573.7869667423033, "max_depth": 8.0, "min_child_weight": 3258.734302992525, "num_boost_round": 7.0, "subsample": 0.8933977355790915}, "datetime": {"datetime": "2024-01-20 18:09:31", "elapsed": 13532.824218, "delta": 0.003655}}
{"target": -13.731621800249084, "params": {"colsample_bytree": 0.6092557499214216, "eta": 0.03302984665548257, "gamma": 632.3608609602521, "max_depth": 6.0, "min_child_weight": 3498.2292079333142, "num_boost_round": 1.0, "subsample": 0.19159092219862306}, "datetime": {"datetime": "2024-01-20 18:10:17", "elapsed": 13578.55037, "delta": 45.726152}}
{"target": -13.732000445215041, "params": {"colsample_bytree": 0.6092557499214216, "eta": 0.03302984665548257, "gamma": 632.3608609602521, "max_depth": 6.0, "min_child_weight": 3498.2292079333142, "num_boost_round": 2.0, "subsample": 0.19159092219862306}, "datetime": {"datetime": "2024-01-20 18:10:17", "elapsed": 13578.555113, "delta": 0.004743}}
{"target": -13.732602680867956, "params": {"colsample_bytree": 0.6092557499214216, "eta": 0.03302984665548257, "gamma": 632.3608609602521, "max_depth": 6.0, "min_child_weight": 3498.2292079333142, "num_boost_round": 3.0, "subsample": 0.19159092219862306}, "datetime": {"datetime": "2024-01-20 18:10:17", "elapsed": 13578.559108, "delta": 0.003995}}
{"target": -13.733266972659319, "params": {"colsample_bytree": 0.6092557499214216, "eta": 0.03302984665548257, "gamma": 632.3608609602521, "max_depth": 6.0, "min_child_weight": 3498.2292079333142, "num_boost_round": 4.0, "subsample": 0.19159092219862306}, "datetime": {"datetime": "2024-01-20 18:10:17", "elapsed": 13578.562895, "delta": 0.003787}}
{"target": -13.734038818352587, "params": {"colsample_bytree": 0.6092557499214216, "eta": 0.03302984665548257, "gamma": 632.3608609602521, "max_depth": 6.0, "min_child_weight": 3498.2292079333142, "num_boost_round": 5.0, "subsample": 0.19159092219862306}, "datetime": {"datetime": "2024-01-20 18:10:17", "elapsed": 13578.566616, "delta": 0.003721}}
{"target": -13.73470687739248, "params": {"colsample_bytree": 0.6092557499214216, "eta": 0.03302984665548257, "gamma": 632.3608609602521, "max_depth": 6.0, "min_child_weight": 3498.2292079333142, "num_boost_round": 6.0, "subsample": 0.19159092219862306}, "datetime": {"datetime": "2024-01-20 18:10:17", "elapsed": 13578.570328, "delta": 0.003712}}
{"target": -13.735379789228336, "params": {"colsample_bytree": 0.6092557499214216, "eta": 0.03302984665548257, "gamma": 632.3608609602521, "max_depth": 6.0, "min_child_weight": 3498.2292079333142, "num_boost_round": 7.0, "subsample": 0.19159092219862306}, "datetime": {"datetime": "2024-01-20 18:10:17", "elapsed": 13578.57417, "delta": 0.003842}}
{"target": -13.736136779733062, "params": {"colsample_bytree": 0.6092557499214216, "eta": 0.03302984665548257, "gamma": 632.3608609602521, "max_depth": 6.0, "min_child_weight": 3498.2292079333142, "num_boost_round": 8.0, "subsample": 0.19159092219862306}, "datetime": {"datetime": "2024-01-20 18:10:17", "elapsed": 13578.577877, "delta": 0.003707}}
{"target": -13.7310305254118, "params": {"colsample_bytree": 0.24818289802079588, "eta": 0.0012896227474228383, "gamma": 732.1968973633643, "max_depth": 3.0, "min_child_weight": 4206.228157002675, "num_boost_round": 1.0, "subsample": 0.3697372509359288}, "datetime": {"datetime": "2024-01-20 18:10:54", "elapsed": 13615.629006, "delta": 37.051129}}
{"target": -13.731039523999131, "params": {"colsample_bytree": 0.24818289802079588, "eta": 0.0012896227474228383, "gamma": 732.1968973633643, "max_depth": 3.0, "min_child_weight": 4206.228157002675, "num_boost_round": 2.0, "subsample": 0.3697372509359288}, "datetime": {"datetime": "2024-01-20 18:10:54", "elapsed": 13615.633779, "delta": 0.004773}}
{"target": -13.731048177299101, "params": {"colsample_bytree": 0.24818289802079588, "eta": 0.0012896227474228383, "gamma": 732.1968973633643, "max_depth": 3.0, "min_child_weight": 4206.228157002675, "num_boost_round": 3.0, "subsample": 0.3697372509359288}, "datetime": {"datetime": "2024-01-20 18:10:54", "elapsed": 13615.637689, "delta": 0.00391}}
{"target": -13.731058082927387, "params": {"colsample_bytree": 0.24818289802079588, "eta": 0.0012896227474228383, "gamma": 732.1968973633643, "max_depth": 3.0, "min_child_weight": 4206.228157002675, "num_boost_round": 4.0, "subsample": 0.3697372509359288}, "datetime": {"datetime": "2024-01-20 18:10:54", "elapsed": 13615.641535, "delta": 0.003846}}
{"target": -13.73107729052297, "params": {"colsample_bytree": 0.24818289802079588, "eta": 0.0012896227474228383, "gamma": 732.1968973633643, "max_depth": 3.0, "min_child_weight": 4206.228157002675, "num_boost_round": 5.0, "subsample": 0.3697372509359288}, "datetime": {"datetime": "2024-01-20 18:10:54", "elapsed": 13615.645385, "delta": 0.00385}}
{"target": -13.731423902336092, "params": {"colsample_bytree": 0.2123886181897115, "eta": 0.038478347362637715, "gamma": 484.2900326988118, "max_depth": 3.0, "min_child_weight": 3357.9441064405482, "num_boost_round": 1.0, "subsample": 0.2684800370760989}, "datetime": {"datetime": "2024-01-20 18:11:44", "elapsed": 13665.090394, "delta": 49.445009}}
{"target": -13.73167889674433, "params": {"colsample_bytree": 0.2123886181897115, "eta": 0.038478347362637715, "gamma": 484.2900326988118, "max_depth": 3.0, "min_child_weight": 3357.9441064405482, "num_boost_round": 2.0, "subsample": 0.2684800370760989}, "datetime": {"datetime": "2024-01-20 18:11:44", "elapsed": 13665.095323, "delta": 0.004929}}
{"target": -13.731910522708128, "params": {"colsample_bytree": 0.2123886181897115, "eta": 0.038478347362637715, "gamma": 484.2900326988118, "max_depth": 3.0, "min_child_weight": 3357.9441064405482, "num_boost_round": 3.0, "subsample": 0.2684800370760989}, "datetime": {"datetime": "2024-01-20 18:11:44", "elapsed": 13665.099172, "delta": 0.003849}}
{"target": -13.732231336452944, "params": {"colsample_bytree": 0.2123886181897115, "eta": 0.038478347362637715, "gamma": 484.2900326988118, "max_depth": 3.0, "min_child_weight": 3357.9441064405482, "num_boost_round": 4.0, "subsample": 0.2684800370760989}, "datetime": {"datetime": "2024-01-20 18:11:44", "elapsed": 13665.102911, "delta": 0.003739}}
{"target": -13.7316698395603, "params": {"colsample_bytree": 0.20882287613363074, "eta": 0.07226977075092554, "gamma": 55.77013766304306, "max_depth": 4.0, "min_child_weight": 3254.3250229278, "num_boost_round": 1.0, "subsample": 0.2781509812164978}, "datetime": {"datetime": "2024-01-20 18:12:28", "elapsed": 13709.772693, "delta": 44.669782}}
{"target": -13.732217837660183, "params": {"colsample_bytree": 0.20882287613363074, "eta": 0.07226977075092554, "gamma": 55.77013766304306, "max_depth": 4.0, "min_child_weight": 3254.3250229278, "num_boost_round": 2.0, "subsample": 0.2781509812164978}, "datetime": {"datetime": "2024-01-20 18:12:28", "elapsed": 13709.779343, "delta": 0.00665}}
{"target": -13.732825188930125, "params": {"colsample_bytree": 0.20882287613363074, "eta": 0.07226977075092554, "gamma": 55.77013766304306, "max_depth": 4.0, "min_child_weight": 3254.3250229278, "num_boost_round": 3.0, "subsample": 0.2781509812164978}, "datetime": {"datetime": "2024-01-20 18:12:28", "elapsed": 13709.785035, "delta": 0.005692}}
{"target": -13.733368445157783, "params": {"colsample_bytree": 0.20882287613363074, "eta": 0.07226977075092554, "gamma": 55.77013766304306, "max_depth": 4.0, "min_child_weight": 3254.3250229278, "num_boost_round": 4.0, "subsample": 0.2781509812164978}, "datetime": {"datetime": "2024-01-20 18:12:28", "elapsed": 13709.790633, "delta": 0.005598}}
{"target": -13.731050857755154, "params": {"colsample_bytree": 0.641693555206704, "eta": 0.0021921080435828902, "gamma": 300.06760893727403, "max_depth": 6.0, "min_child_weight": 4372.505901973978, "num_boost_round": 1.0, "subsample": 0.32201214139809364}, "datetime": {"datetime": "2024-01-20 18:13:14", "elapsed": 13755.499844, "delta": 45.709211}}
{"target": -13.732405738449431, "params": {"colsample_bytree": 0.9729687937571248, "eta": 0.06216621148981717, "gamma": 53.12657003672816, "max_depth": 7.0, "min_child_weight": 4409.693507999896, "num_boost_round": 1.0, "subsample": 0.26057823955914305}, "datetime": {"datetime": "2024-01-20 18:13:58", "elapsed": 13799.602753, "delta": 44.102909}}
{"target": -13.731331914195763, "params": {"colsample_bytree": 0.7116024051942204, "eta": 0.023731716337192503, "gamma": 236.63030543632902, "max_depth": 7.0, "min_child_weight": 4871.529836993011, "num_boost_round": 1.0, "subsample": 0.13862444454333878}, "datetime": {"datetime": "2024-01-20 18:14:45", "elapsed": 13846.318738, "delta": 46.715985}}
{"target": -13.73165875289149, "params": {"colsample_bytree": 0.7116024051942204, "eta": 0.023731716337192503, "gamma": 236.63030543632902, "max_depth": 7.0, "min_child_weight": 4871.529836993011, "num_boost_round": 2.0, "subsample": 0.13862444454333878}, "datetime": {"datetime": "2024-01-20 18:14:45", "elapsed": 13846.322906, "delta": 0.004168}}
{"target": -13.732114918511604, "params": {"colsample_bytree": 0.7440929286468471, "eta": 0.04516082059579532, "gamma": 678.7972513191235, "max_depth": 9.0, "min_child_weight": 3556.718573702538, "num_boost_round": 1.0, "subsample": 0.33558977995425043}, "datetime": {"datetime": "2024-01-20 18:15:23", "elapsed": 13884.026914, "delta": 37.704008}}
{"target": -13.731570705140829, "params": {"colsample_bytree": 0.2564004198036568, "eta": 0.06196267056895654, "gamma": 520.071856159858, "max_depth": 7.0, "min_child_weight": 4355.411905547494, "num_boost_round": 1.0, "subsample": 0.11891089206562516}, "datetime": {"datetime": "2024-01-20 18:16:15", "elapsed": 13936.516672, "delta": 52.489758}}
{"target": -13.731538345061011, "params": {"colsample_bytree": 0.17167085687051575, "eta": 0.059489753389694464, "gamma": 382.79885085990253, "max_depth": 8.0, "min_child_weight": 4166.637484834158, "num_boost_round": 1.0, "subsample": 0.20648146433081283}, "datetime": {"datetime": "2024-01-20 18:16:49", "elapsed": 13969.900212, "delta": 33.38354}}
{"target": -13.731972651714825, "params": {"colsample_bytree": 0.17167085687051575, "eta": 0.059489753389694464, "gamma": 382.79885085990253, "max_depth": 8.0, "min_child_weight": 4166.637484834158, "num_boost_round": 2.0, "subsample": 0.20648146433081283}, "datetime": {"datetime": "2024-01-20 18:16:49", "elapsed": 13969.906372, "delta": 0.00616}}
{"target": -13.732505442516441, "params": {"colsample_bytree": 0.7547549020253661, "eta": 0.0771722555287657, "gamma": 522.3530643943723, "max_depth": 6.0, "min_child_weight": 3702.685305758351, "num_boost_round": 1.0, "subsample": 0.5806185418677939}, "datetime": {"datetime": "2024-01-20 18:17:51", "elapsed": 14032.137027, "delta": 62.230655}}
{"target": -13.73446184882451, "params": {"colsample_bytree": 0.7547549020253661, "eta": 0.0771722555287657, "gamma": 522.3530643943723, "max_depth": 6.0, "min_child_weight": 3702.685305758351, "num_boost_round": 2.0, "subsample": 0.5806185418677939}, "datetime": {"datetime": "2024-01-20 18:17:51", "elapsed": 14032.141896, "delta": 0.004869}}
{"target": -13.736139421389456, "params": {"colsample_bytree": 0.7547549020253661, "eta": 0.0771722555287657, "gamma": 522.3530643943723, "max_depth": 6.0, "min_child_weight": 3702.685305758351, "num_boost_round": 3.0, "subsample": 0.5806185418677939}, "datetime": {"datetime": "2024-01-20 18:17:51", "elapsed": 14032.147348, "delta": 0.005452}}
{"target": -13.738987671378382, "params": {"colsample_bytree": 0.7547549020253661, "eta": 0.0771722555287657, "gamma": 522.3530643943723, "max_depth": 6.0, "min_child_weight": 3702.685305758351, "num_boost_round": 4.0, "subsample": 0.5806185418677939}, "datetime": {"datetime": "2024-01-20 18:17:51", "elapsed": 14032.152632, "delta": 0.005284}}
{"target": -13.740745483594665, "params": {"colsample_bytree": 0.7547549020253661, "eta": 0.0771722555287657, "gamma": 522.3530643943723, "max_depth": 6.0, "min_child_weight": 3702.685305758351, "num_boost_round": 5.0, "subsample": 0.5806185418677939}, "datetime": {"datetime": "2024-01-20 18:17:51", "elapsed": 14032.157044, "delta": 0.004412}}
{"target": -13.74370842435907, "params": {"colsample_bytree": 0.7547549020253661, "eta": 0.0771722555287657, "gamma": 522.3530643943723, "max_depth": 6.0, "min_child_weight": 3702.685305758351, "num_boost_round": 6.0, "subsample": 0.5806185418677939}, "datetime": {"datetime": "2024-01-20 18:17:51", "elapsed": 14032.160826, "delta": 0.003782}}
{"target": -13.74590169257364, "params": {"colsample_bytree": 0.7547549020253661, "eta": 0.0771722555287657, "gamma": 522.3530643943723, "max_depth": 6.0, "min_child_weight": 3702.685305758351, "num_boost_round": 7.0, "subsample": 0.5806185418677939}, "datetime": {"datetime": "2024-01-20 18:17:51", "elapsed": 14032.164586, "delta": 0.00376}}
{"target": -13.748275165935507, "params": {"colsample_bytree": 0.7547549020253661, "eta": 0.0771722555287657, "gamma": 522.3530643943723, "max_depth": 6.0, "min_child_weight": 3702.685305758351, "num_boost_round": 8.0, "subsample": 0.5806185418677939}, "datetime": {"datetime": "2024-01-20 18:17:51", "elapsed": 14032.168286, "delta": 0.0037}}
{"target": -13.750008746991965, "params": {"colsample_bytree": 0.7547549020253661, "eta": 0.0771722555287657, "gamma": 522.3530643943723, "max_depth": 6.0, "min_child_weight": 3702.685305758351, "num_boost_round": 9.0, "subsample": 0.5806185418677939}, "datetime": {"datetime": "2024-01-20 18:17:51", "elapsed": 14032.171997, "delta": 0.003711}}
