{"target": -10.481901617078327, "params": {"colsample_bytree": 0.8510152411830668, "eta": 0.05460475995497491, "gamma": 323.50644541373543, "max_depth": 2.0, "min_child_weight": 4875.49546368617, "num_boost_round": 92.0, "subsample": 0.5067214828919366}, "datetime": {"datetime": "2024-01-20 16:05:39", "elapsed": 9631.491798, "delta": 0.006347}}
{"target": -10.481982671387298, "params": {"colsample_bytree": 0.8510152411830668, "eta": 0.05460475995497491, "gamma": 323.50644541373543, "max_depth": 2.0, "min_child_weight": 4875.49546368617, "num_boost_round": 93.0, "subsample": 0.5067214828919366}, "datetime": {"datetime": "2024-01-20 16:05:39", "elapsed": 9631.498176, "delta": 0.006378}}
{"target": -10.482108348604381, "params": {"colsample_bytree": 0.8510152411830668, "eta": 0.05460475995497491, "gamma": 323.50644541373543, "max_depth": 2.0, "min_child_weight": 4875.49546368617, "num_boost_round": 94.0, "subsample": 0.5067214828919366}, "datetime": {"datetime": "2024-01-20 16:05:39", "elapsed": 9631.504549, "delta": 0.006373}}
{"target": -10.482298921674813, "params": {"colsample_bytree": 0.8510152411830668, "eta": 0.05460475995497491, "gamma": 323.50644541373543, "max_depth": 2.0, "min_child_weight": 4875.49546368617, "num_boost_round": 95.0, "subsample": 0.5067214828919366}, "datetime": {"datetime": "2024-01-20 16:05:39", "elapsed": 9631.510894, "delta": 0.006345}}
{"target": -10.482321725691353, "params": {"colsample_bytree": 0.8510152411830668, "eta": 0.05460475995497491, "gamma": 323.50644541373543, "max_depth": 2.0, "min_child_weight": 4875.49546368617, "num_boost_round": 96.0, "subsample": 0.5067214828919366}, "datetime": {"datetime": "2024-01-20 16:05:39", "elapsed": 9631.517185, "delta": 0.006291}}
{"target": -10.482439613485191, "params": {"colsample_bytree": 0.8510152411830668, "eta": 0.05460475995497491, "gamma": 323.50644541373543, "max_depth": 2.0, "min_child_weight": 4875.49546368617, "num_boost_round": 97.0, "subsample": 0.5067214828919366}, "datetime": {"datetime": "2024-01-20 16:05:39", "elapsed": 9631.523527, "delta": 0.006342}}
{"target": -10.48252539797591, "params": {"colsample_bytree": 0.8510152411830668, "eta": 0.05460475995497491, "gamma": 323.50644541373543, "max_depth": 2.0, "min_child_weight": 4875.49546368617, "num_boost_round": 98.0, "subsample": 0.5067214828919366}, "datetime": {"datetime": "2024-01-20 16:05:39", "elapsed": 9631.530855, "delta": 0.007328}}
{"target": -10.482506154614427, "params": {"colsample_bytree": 0.8510152411830668, "eta": 0.05460475995497491, "gamma": 323.50644541373543, "max_depth": 2.0, "min_child_weight": 4875.49546368617, "num_boost_round": 99.0, "subsample": 0.5067214828919366}, "datetime": {"datetime": "2024-01-20 16:05:39", "elapsed": 9631.537757, "delta": 0.006902}}
{"target": -10.482502833771726, "params": {"colsample_bytree": 0.8510152411830668, "eta": 0.05460475995497491, "gamma": 323.50644541373543, "max_depth": 2.0, "min_child_weight": 4875.49546368617, "num_boost_round": 100.0, "subsample": 0.5067214828919366}, "datetime": {"datetime": "2024-01-20 16:05:39", "elapsed": 9631.544589, "delta": 0.006832}}
{"target": -10.47575054861403, "params": {"colsample_bytree": 0.9525377010685451, "eta": 0.02063506029400895, "gamma": 648.4572495237738, "max_depth": 7.0, "min_child_weight": 4643.992783838669, "num_boost_round": 1.0, "subsample": 0.5603217126881368}, "datetime": {"datetime": "2024-01-20 16:07:50", "elapsed": 9762.658371, "delta": 131.113782}}
{"target": -10.475414138773388, "params": {"colsample_bytree": 0.9525377010685451, "eta": 0.02063506029400895, "gamma": 648.4572495237738, "max_depth": 7.0, "min_child_weight": 4643.992783838669, "num_boost_round": 2.0, "subsample": 0.5603217126881368}, "datetime": {"datetime": "2024-01-20 16:07:50", "elapsed": 9762.668123, "delta": 0.009752}}
{"target": -10.475066246005358, "params": {"colsample_bytree": 0.9525377010685451, "eta": 0.02063506029400895, "gamma": 648.4572495237738, "max_depth": 7.0, "min_child_weight": 4643.992783838669, "num_boost_round": 3.0, "subsample": 0.5603217126881368}, "datetime": {"datetime": "2024-01-20 16:07:50", "elapsed": 9762.675803, "delta": 0.00768}}
{"target": -10.474768413359044, "params": {"colsample_bytree": 0.9525377010685451, "eta": 0.02063506029400895, "gamma": 648.4572495237738, "max_depth": 7.0, "min_child_weight": 4643.992783838669, "num_boost_round": 4.0, "subsample": 0.5603217126881368}, "datetime": {"datetime": "2024-01-20 16:07:50", "elapsed": 9762.682942, "delta": 0.007139}}
{"target": -10.474454614612533, "params": {"colsample_bytree": 0.9525377010685451, "eta": 0.02063506029400895, "gamma": 648.4572495237738, "max_depth": 7.0, "min_child_weight": 4643.992783838669, "num_boost_round": 5.0, "subsample": 0.5603217126881368}, "datetime": {"datetime": "2024-01-20 16:07:50", "elapsed": 9762.690212, "delta": 0.00727}}
{"target": -10.47427220512705, "params": {"colsample_bytree": 0.9525377010685451, "eta": 0.02063506029400895, "gamma": 648.4572495237738, "max_depth": 7.0, "min_child_weight": 4643.992783838669, "num_boost_round": 6.0, "subsample": 0.5603217126881368}, "datetime": {"datetime": "2024-01-20 16:07:50", "elapsed": 9762.697261, "delta": 0.007049}}
{"target": -10.474042083838894, "params": {"colsample_bytree": 0.9525377010685451, "eta": 0.02063506029400895, "gamma": 648.4572495237738, "max_depth": 7.0, "min_child_weight": 4643.992783838669, "num_boost_round": 7.0, "subsample": 0.5603217126881368}, "datetime": {"datetime": "2024-01-20 16:07:50", "elapsed": 9762.704012, "delta": 0.006751}}
{"target": -10.47374733267999, "params": {"colsample_bytree": 0.9525377010685451, "eta": 0.02063506029400895, "gamma": 648.4572495237738, "max_depth": 7.0, "min_child_weight": 4643.992783838669, "num_boost_round": 8.0, "subsample": 0.5603217126881368}, "datetime": {"datetime": "2024-01-20 16:07:50", "elapsed": 9762.710727, "delta": 0.006715}}
{"target": -10.47361922171611, "params": {"colsample_bytree": 0.9525377010685451, "eta": 0.02063506029400895, "gamma": 648.4572495237738, "max_depth": 7.0, "min_child_weight": 4643.992783838669, "num_boost_round": 9.0, "subsample": 0.5603217126881368}, "datetime": {"datetime": "2024-01-20 16:07:50", "elapsed": 9762.717301, "delta": 0.006574}}
{"target": -10.475822655341274, "params": {"colsample_bytree": 0.7861986081021914, "eta": 0.01587946828115511, "gamma": 654.4388718016377, "max_depth": 8.0, "min_child_weight": 4672.306437118871, "num_boost_round": 1.0, "subsample": 0.2933349584249152}, "datetime": {"datetime": "2024-01-20 16:10:28", "elapsed": 9920.567392, "delta": 157.850091}}
{"target": -10.47561930247892, "params": {"colsample_bytree": 0.7861986081021914, "eta": 0.01587946828115511, "gamma": 654.4388718016377, "max_depth": 8.0, "min_child_weight": 4672.306437118871, "num_boost_round": 2.0, "subsample": 0.2933349584249152}, "datetime": {"datetime": "2024-01-20 16:10:28", "elapsed": 9920.576668, "delta": 0.009276}}
{"target": -10.4754475152493, "params": {"colsample_bytree": 0.7861986081021914, "eta": 0.01587946828115511, "gamma": 654.4388718016377, "max_depth": 8.0, "min_child_weight": 4672.306437118871, "num_boost_round": 3.0, "subsample": 0.2933349584249152}, "datetime": {"datetime": "2024-01-20 16:10:28", "elapsed": 9920.584527, "delta": 0.007859}}
{"target": -10.475221766509486, "params": {"colsample_bytree": 0.7861986081021914, "eta": 0.01587946828115511, "gamma": 654.4388718016377, "max_depth": 8.0, "min_child_weight": 4672.306437118871, "num_boost_round": 4.0, "subsample": 0.2933349584249152}, "datetime": {"datetime": "2024-01-20 16:10:28", "elapsed": 9920.591924, "delta": 0.007397}}
{"target": -10.474988007048356, "params": {"colsample_bytree": 0.7861986081021914, "eta": 0.01587946828115511, "gamma": 654.4388718016377, "max_depth": 8.0, "min_child_weight": 4672.306437118871, "num_boost_round": 5.0, "subsample": 0.2933349584249152}, "datetime": {"datetime": "2024-01-20 16:10:28", "elapsed": 9920.599138, "delta": 0.007214}}
{"target": -10.47475219008108, "params": {"colsample_bytree": 0.7861986081021914, "eta": 0.01587946828115511, "gamma": 654.4388718016377, "max_depth": 8.0, "min_child_weight": 4672.306437118871, "num_boost_round": 6.0, "subsample": 0.2933349584249152}, "datetime": {"datetime": "2024-01-20 16:10:28", "elapsed": 9920.606312, "delta": 0.007174}}
{"target": -10.474551630221455, "params": {"colsample_bytree": 0.7861986081021914, "eta": 0.01587946828115511, "gamma": 654.4388718016377, "max_depth": 8.0, "min_child_weight": 4672.306437118871, "num_boost_round": 7.0, "subsample": 0.2933349584249152}, "datetime": {"datetime": "2024-01-20 16:10:28", "elapsed": 9920.613915, "delta": 0.007603}}
{"target": -10.474347244958366, "params": {"colsample_bytree": 0.7861986081021914, "eta": 0.01587946828115511, "gamma": 654.4388718016377, "max_depth": 8.0, "min_child_weight": 4672.306437118871, "num_boost_round": 8.0, "subsample": 0.2933349584249152}, "datetime": {"datetime": "2024-01-20 16:10:28", "elapsed": 9920.6212, "delta": 0.007285}}
{"target": -10.474257365722444, "params": {"colsample_bytree": 0.7861986081021914, "eta": 0.01587946828115511, "gamma": 654.4388718016377, "max_depth": 8.0, "min_child_weight": 4672.306437118871, "num_boost_round": 9.0, "subsample": 0.2933349584249152}, "datetime": {"datetime": "2024-01-20 16:10:28", "elapsed": 9920.628215, "delta": 0.007015}}
{"target": -10.474022855221184, "params": {"colsample_bytree": 0.7861986081021914, "eta": 0.01587946828115511, "gamma": 654.4388718016377, "max_depth": 8.0, "min_child_weight": 4672.306437118871, "num_boost_round": 10.0, "subsample": 0.2933349584249152}, "datetime": {"datetime": "2024-01-20 16:10:28", "elapsed": 9920.635294, "delta": 0.007079}}
{"target": -10.473867403164874, "params": {"colsample_bytree": 0.7861986081021914, "eta": 0.01587946828115511, "gamma": 654.4388718016377, "max_depth": 8.0, "min_child_weight": 4672.306437118871, "num_boost_round": 11.0, "subsample": 0.2933349584249152}, "datetime": {"datetime": "2024-01-20 16:10:28", "elapsed": 9920.642092, "delta": 0.006798}}
{"target": -10.473793189946331, "params": {"colsample_bytree": 0.7861986081021914, "eta": 0.01587946828115511, "gamma": 654.4388718016377, "max_depth": 8.0, "min_child_weight": 4672.306437118871, "num_boost_round": 12.0, "subsample": 0.2933349584249152}, "datetime": {"datetime": "2024-01-20 16:10:28", "elapsed": 9920.648764, "delta": 0.006672}}
{"target": -10.47363249985597, "params": {"colsample_bytree": 0.7861986081021914, "eta": 0.01587946828115511, "gamma": 654.4388718016377, "max_depth": 8.0, "min_child_weight": 4672.306437118871, "num_boost_round": 13.0, "subsample": 0.2933349584249152}, "datetime": {"datetime": "2024-01-20 16:10:28", "elapsed": 9920.655428, "delta": 0.006664}}
{"target": -10.473549035101676, "params": {"colsample_bytree": 0.7861986081021914, "eta": 0.01587946828115511, "gamma": 654.4388718016377, "max_depth": 8.0, "min_child_weight": 4672.306437118871, "num_boost_round": 14.0, "subsample": 0.2933349584249152}, "datetime": {"datetime": "2024-01-20 16:10:28", "elapsed": 9920.662191, "delta": 0.006763}}
{"target": -10.473455149861712, "params": {"colsample_bytree": 0.7861986081021914, "eta": 0.01587946828115511, "gamma": 654.4388718016377, "max_depth": 8.0, "min_child_weight": 4672.306437118871, "num_boost_round": 15.0, "subsample": 0.2933349584249152}, "datetime": {"datetime": "2024-01-20 16:10:28", "elapsed": 9920.668877, "delta": 0.006686}}
{"target": -10.47336610567896, "params": {"colsample_bytree": 0.7861986081021914, "eta": 0.01587946828115511, "gamma": 654.4388718016377, "max_depth": 8.0, "min_child_weight": 4672.306437118871, "num_boost_round": 16.0, "subsample": 0.2933349584249152}, "datetime": {"datetime": "2024-01-20 16:10:28", "elapsed": 9920.675471, "delta": 0.006594}}
{"target": -10.473262986369678, "params": {"colsample_bytree": 0.7861986081021914, "eta": 0.01587946828115511, "gamma": 654.4388718016377, "max_depth": 8.0, "min_child_weight": 4672.306437118871, "num_boost_round": 17.0, "subsample": 0.2933349584249152}, "datetime": {"datetime": "2024-01-20 16:10:28", "elapsed": 9920.68213, "delta": 0.006659}}
{"target": -10.47319669965605, "params": {"colsample_bytree": 0.7861986081021914, "eta": 0.01587946828115511, "gamma": 654.4388718016377, "max_depth": 8.0, "min_child_weight": 4672.306437118871, "num_boost_round": 18.0, "subsample": 0.2933349584249152}, "datetime": {"datetime": "2024-01-20 16:10:28", "elapsed": 9920.690471, "delta": 0.008341}}
{"target": -10.4731393768581, "params": {"colsample_bytree": 0.7861986081021914, "eta": 0.01587946828115511, "gamma": 654.4388718016377, "max_depth": 8.0, "min_child_weight": 4672.306437118871, "num_boost_round": 19.0, "subsample": 0.2933349584249152}, "datetime": {"datetime": "2024-01-20 16:10:28", "elapsed": 9920.697917, "delta": 0.007446}}
{"target": -10.473137681620013, "params": {"colsample_bytree": 0.7861986081021914, "eta": 0.01587946828115511, "gamma": 654.4388718016377, "max_depth": 8.0, "min_child_weight": 4672.306437118871, "num_boost_round": 20.0, "subsample": 0.2933349584249152}, "datetime": {"datetime": "2024-01-20 16:10:28", "elapsed": 9920.705205, "delta": 0.007288}}
{"target": -10.473108211556696, "params": {"colsample_bytree": 0.7861986081021914, "eta": 0.01587946828115511, "gamma": 654.4388718016377, "max_depth": 8.0, "min_child_weight": 4672.306437118871, "num_boost_round": 21.0, "subsample": 0.2933349584249152}, "datetime": {"datetime": "2024-01-20 16:10:28", "elapsed": 9920.712095, "delta": 0.00689}}
{"target": -10.473068259568977, "params": {"colsample_bytree": 0.7861986081021914, "eta": 0.01587946828115511, "gamma": 654.4388718016377, "max_depth": 8.0, "min_child_weight": 4672.306437118871, "num_boost_round": 22.0, "subsample": 0.2933349584249152}, "datetime": {"datetime": "2024-01-20 16:10:28", "elapsed": 9920.71887, "delta": 0.006775}}
{"target": -10.47300056741901, "params": {"colsample_bytree": 0.7861986081021914, "eta": 0.01587946828115511, "gamma": 654.4388718016377, "max_depth": 8.0, "min_child_weight": 4672.306437118871, "num_boost_round": 23.0, "subsample": 0.2933349584249152}, "datetime": {"datetime": "2024-01-20 16:10:28", "elapsed": 9920.725609, "delta": 0.006739}}
{"target": -10.472924955340911, "params": {"colsample_bytree": 0.7861986081021914, "eta": 0.01587946828115511, "gamma": 654.4388718016377, "max_depth": 8.0, "min_child_weight": 4672.306437118871, "num_boost_round": 24.0, "subsample": 0.2933349584249152}, "datetime": {"datetime": "2024-01-20 16:10:28", "elapsed": 9920.732221, "delta": 0.006612}}
{"target": -10.472947314971453, "params": {"colsample_bytree": 0.7861986081021914, "eta": 0.01587946828115511, "gamma": 654.4388718016377, "max_depth": 8.0, "min_child_weight": 4672.306437118871, "num_boost_round": 25.0, "subsample": 0.2933349584249152}, "datetime": {"datetime": "2024-01-20 16:10:28", "elapsed": 9920.738778, "delta": 0.006557}}
{"target": -10.472927580639087, "params": {"colsample_bytree": 0.7861986081021914, "eta": 0.01587946828115511, "gamma": 654.4388718016377, "max_depth": 8.0, "min_child_weight": 4672.306437118871, "num_boost_round": 26.0, "subsample": 0.2933349584249152}, "datetime": {"datetime": "2024-01-20 16:10:28", "elapsed": 9920.745356, "delta": 0.006578}}
{"target": -10.4729061158965, "params": {"colsample_bytree": 0.7861986081021914, "eta": 0.01587946828115511, "gamma": 654.4388718016377, "max_depth": 8.0, "min_child_weight": 4672.306437118871, "num_boost_round": 27.0, "subsample": 0.2933349584249152}, "datetime": {"datetime": "2024-01-20 16:10:28", "elapsed": 9920.751951, "delta": 0.006595}}
{"target": -10.472926867604459, "params": {"colsample_bytree": 0.7861986081021914, "eta": 0.01587946828115511, "gamma": 654.4388718016377, "max_depth": 8.0, "min_child_weight": 4672.306437118871, "num_boost_round": 28.0, "subsample": 0.2933349584249152}, "datetime": {"datetime": "2024-01-20 16:10:28", "elapsed": 9920.758845, "delta": 0.006894}}
{"target": -10.473007771038105, "params": {"colsample_bytree": 0.7861986081021914, "eta": 0.01587946828115511, "gamma": 654.4388718016377, "max_depth": 8.0, "min_child_weight": 4672.306437118871, "num_boost_round": 29.0, "subsample": 0.2933349584249152}, "datetime": {"datetime": "2024-01-20 16:10:28", "elapsed": 9920.765696, "delta": 0.006851}}
{"target": -10.472984067076517, "params": {"colsample_bytree": 0.7861986081021914, "eta": 0.01587946828115511, "gamma": 654.4388718016377, "max_depth": 8.0, "min_child_weight": 4672.306437118871, "num_boost_round": 30.0, "subsample": 0.2933349584249152}, "datetime": {"datetime": "2024-01-20 16:10:28", "elapsed": 9920.772348, "delta": 0.006652}}
{"target": -10.473016026735236, "params": {"colsample_bytree": 0.7861986081021914, "eta": 0.01587946828115511, "gamma": 654.4388718016377, "max_depth": 8.0, "min_child_weight": 4672.306437118871, "num_boost_round": 31.0, "subsample": 0.2933349584249152}, "datetime": {"datetime": "2024-01-20 16:10:28", "elapsed": 9920.779544, "delta": 0.007196}}
{"target": -10.47300880737486, "params": {"colsample_bytree": 0.7861986081021914, "eta": 0.01587946828115511, "gamma": 654.4388718016377, "max_depth": 8.0, "min_child_weight": 4672.306437118871, "num_boost_round": 32.0, "subsample": 0.2933349584249152}, "datetime": {"datetime": "2024-01-20 16:10:28", "elapsed": 9920.786464, "delta": 0.00692}}
{"target": -10.472983526607543, "params": {"colsample_bytree": 0.7861986081021914, "eta": 0.01587946828115511, "gamma": 654.4388718016377, "max_depth": 8.0, "min_child_weight": 4672.306437118871, "num_boost_round": 33.0, "subsample": 0.2933349584249152}, "datetime": {"datetime": "2024-01-20 16:10:28", "elapsed": 9920.793253, "delta": 0.006789}}
{"target": -10.472920267143436, "params": {"colsample_bytree": 0.7861986081021914, "eta": 0.01587946828115511, "gamma": 654.4388718016377, "max_depth": 8.0, "min_child_weight": 4672.306437118871, "num_boost_round": 34.0, "subsample": 0.2933349584249152}, "datetime": {"datetime": "2024-01-20 16:10:28", "elapsed": 9920.799966, "delta": 0.006713}}
{"target": -10.472954087978598, "params": {"colsample_bytree": 0.7861986081021914, "eta": 0.01587946828115511, "gamma": 654.4388718016377, "max_depth": 8.0, "min_child_weight": 4672.306437118871, "num_boost_round": 35.0, "subsample": 0.2933349584249152}, "datetime": {"datetime": "2024-01-20 16:10:28", "elapsed": 9920.806856, "delta": 0.00689}}
{"target": -10.472860972801463, "params": {"colsample_bytree": 0.7861986081021914, "eta": 0.01587946828115511, "gamma": 654.4388718016377, "max_depth": 8.0, "min_child_weight": 4672.306437118871, "num_boost_round": 36.0, "subsample": 0.2933349584249152}, "datetime": {"datetime": "2024-01-20 16:10:28", "elapsed": 9920.813883, "delta": 0.007027}}
{"target": -10.472814967994193, "params": {"colsample_bytree": 0.7861986081021914, "eta": 0.01587946828115511, "gamma": 654.4388718016377, "max_depth": 8.0, "min_child_weight": 4672.306437118871, "num_boost_round": 37.0, "subsample": 0.2933349584249152}, "datetime": {"datetime": "2024-01-20 16:10:28", "elapsed": 9920.820491, "delta": 0.006608}}
{"target": -10.472778976071664, "params": {"colsample_bytree": 0.7861986081021914, "eta": 0.01587946828115511, "gamma": 654.4388718016377, "max_depth": 8.0, "min_child_weight": 4672.306437118871, "num_boost_round": 38.0, "subsample": 0.2933349584249152}, "datetime": {"datetime": "2024-01-20 16:10:28", "elapsed": 9920.827121, "delta": 0.00663}}
{"target": -10.4728258612733, "params": {"colsample_bytree": 0.7861986081021914, "eta": 0.01587946828115511, "gamma": 654.4388718016377, "max_depth": 8.0, "min_child_weight": 4672.306437118871, "num_boost_round": 39.0, "subsample": 0.2933349584249152}, "datetime": {"datetime": "2024-01-20 16:10:28", "elapsed": 9920.833893, "delta": 0.006772}}
{"target": -10.472865937317994, "params": {"colsample_bytree": 0.7861986081021914, "eta": 0.01587946828115511, "gamma": 654.4388718016377, "max_depth": 8.0, "min_child_weight": 4672.306437118871, "num_boost_round": 40.0, "subsample": 0.2933349584249152}, "datetime": {"datetime": "2024-01-20 16:10:28", "elapsed": 9920.840533, "delta": 0.00664}}
{"target": -10.472907537706101, "params": {"colsample_bytree": 0.7861986081021914, "eta": 0.01587946828115511, "gamma": 654.4388718016377, "max_depth": 8.0, "min_child_weight": 4672.306437118871, "num_boost_round": 41.0, "subsample": 0.2933349584249152}, "datetime": {"datetime": "2024-01-20 16:10:28", "elapsed": 9920.847221, "delta": 0.006688}}
{"target": -10.472890796179342, "params": {"colsample_bytree": 0.7861986081021914, "eta": 0.01587946828115511, "gamma": 654.4388718016377, "max_depth": 8.0, "min_child_weight": 4672.306437118871, "num_boost_round": 42.0, "subsample": 0.2933349584249152}, "datetime": {"datetime": "2024-01-20 16:10:28", "elapsed": 9920.853916, "delta": 0.006695}}
{"target": -10.47289349591888, "params": {"colsample_bytree": 0.7861986081021914, "eta": 0.01587946828115511, "gamma": 654.4388718016377, "max_depth": 8.0, "min_child_weight": 4672.306437118871, "num_boost_round": 43.0, "subsample": 0.2933349584249152}, "datetime": {"datetime": "2024-01-20 16:10:28", "elapsed": 9920.861143, "delta": 0.007227}}
{"target": -10.47286825875625, "params": {"colsample_bytree": 0.7861986081021914, "eta": 0.01587946828115511, "gamma": 654.4388718016377, "max_depth": 8.0, "min_child_weight": 4672.306437118871, "num_boost_round": 44.0, "subsample": 0.2933349584249152}, "datetime": {"datetime": "2024-01-20 16:10:28", "elapsed": 9920.868253, "delta": 0.00711}}
{"target": -10.47579603426065, "params": {"colsample_bytree": 0.2878886369421493, "eta": 0.0308104153825408, "gamma": 565.1620163233562, "max_depth": 9.0, "min_child_weight": 4488.164344680247, "num_boost_round": 1.0, "subsample": 0.5173535258497728}, "datetime": {"datetime": "2024-01-20 16:12:27", "elapsed": 10039.512907, "delta": 118.644654}}
