{"target": -15.159748525186883, "params": {"colsample_bytree": 0.6272526846240346, "eta": 0.09472421729549481, "gamma": 568.0480045657813, "max_depth": 2.0, "min_child_weight": 4163.654956586802, "num_boost_round": 13.0, "subsample": 0.600990634926094}, "datetime": {"datetime": "2024-01-20 15:31:27", "elapsed": 4044.874185, "delta": 0.004829}}
{"target": -15.158796200768464, "params": {"colsample_bytree": 0.6272526846240346, "eta": 0.09472421729549481, "gamma": 568.0480045657813, "max_depth": 2.0, "min_child_weight": 4163.654956586802, "num_boost_round": 14.0, "subsample": 0.600990634926094}, "datetime": {"datetime": "2024-01-20 15:31:27", "elapsed": 4044.879095, "delta": 0.00491}}
{"target": -15.158879689010554, "params": {"colsample_bytree": 0.6272526846240346, "eta": 0.09472421729549481, "gamma": 568.0480045657813, "max_depth": 2.0, "min_child_weight": 4163.654956586802, "num_boost_round": 15.0, "subsample": 0.600990634926094}, "datetime": {"datetime": "2024-01-20 15:31:27", "elapsed": 4044.883832, "delta": 0.004737}}
{"target": -15.159149443197483, "params": {"colsample_bytree": 0.6272526846240346, "eta": 0.09472421729549481, "gamma": 568.0480045657813, "max_depth": 2.0, "min_child_weight": 4163.654956586802, "num_boost_round": 16.0, "subsample": 0.600990634926094}, "datetime": {"datetime": "2024-01-20 15:31:27", "elapsed": 4044.888508, "delta": 0.004676}}
{"target": -15.15803079580686, "params": {"colsample_bytree": 0.6272526846240346, "eta": 0.09472421729549481, "gamma": 568.0480045657813, "max_depth": 2.0, "min_child_weight": 4163.654956586802, "num_boost_round": 17.0, "subsample": 0.600990634926094}, "datetime": {"datetime": "2024-01-20 15:31:27", "elapsed": 4044.893324, "delta": 0.004816}}
{"target": -15.15703079342503, "params": {"colsample_bytree": 0.6272526846240346, "eta": 0.09472421729549481, "gamma": 568.0480045657813, "max_depth": 2.0, "min_child_weight": 4163.654956586802, "num_boost_round": 18.0, "subsample": 0.600990634926094}, "datetime": {"datetime": "2024-01-20 15:31:27", "elapsed": 4044.898295, "delta": 0.004971}}
{"target": -15.157206279574684, "params": {"colsample_bytree": 0.6272526846240346, "eta": 0.09472421729549481, "gamma": 568.0480045657813, "max_depth": 2.0, "min_child_weight": 4163.654956586802, "num_boost_round": 19.0, "subsample": 0.600990634926094}, "datetime": {"datetime": "2024-01-20 15:31:27", "elapsed": 4044.903479, "delta": 0.005184}}
{"target": -15.157291017180535, "params": {"colsample_bytree": 0.6272526846240346, "eta": 0.09472421729549481, "gamma": 568.0480045657813, "max_depth": 2.0, "min_child_weight": 4163.654956586802, "num_boost_round": 20.0, "subsample": 0.600990634926094}, "datetime": {"datetime": "2024-01-20 15:31:27", "elapsed": 4044.908089, "delta": 0.00461}}
{"target": -15.156923905473036, "params": {"colsample_bytree": 0.6272526846240346, "eta": 0.09472421729549481, "gamma": 568.0480045657813, "max_depth": 2.0, "min_child_weight": 4163.654956586802, "num_boost_round": 21.0, "subsample": 0.600990634926094}, "datetime": {"datetime": "2024-01-20 15:31:27", "elapsed": 4044.912794, "delta": 0.004705}}
{"target": -15.156464248245202, "params": {"colsample_bytree": 0.6272526846240346, "eta": 0.09472421729549481, "gamma": 568.0480045657813, "max_depth": 2.0, "min_child_weight": 4163.654956586802, "num_boost_round": 22.0, "subsample": 0.600990634926094}, "datetime": {"datetime": "2024-01-20 15:31:27", "elapsed": 4044.917404, "delta": 0.00461}}
{"target": -15.15647735764556, "params": {"colsample_bytree": 0.6272526846240346, "eta": 0.09472421729549481, "gamma": 568.0480045657813, "max_depth": 2.0, "min_child_weight": 4163.654956586802, "num_boost_round": 23.0, "subsample": 0.600990634926094}, "datetime": {"datetime": "2024-01-20 15:31:27", "elapsed": 4044.92229, "delta": 0.004886}}
{"target": -15.156458844748933, "params": {"colsample_bytree": 0.6272526846240346, "eta": 0.09472421729549481, "gamma": 568.0480045657813, "max_depth": 2.0, "min_child_weight": 4163.654956586802, "num_boost_round": 24.0, "subsample": 0.600990634926094}, "datetime": {"datetime": "2024-01-20 15:31:27", "elapsed": 4044.927352, "delta": 0.005062}}
{"target": -15.156774454750392, "params": {"colsample_bytree": 0.6272526846240346, "eta": 0.09472421729549481, "gamma": 568.0480045657813, "max_depth": 2.0, "min_child_weight": 4163.654956586802, "num_boost_round": 25.0, "subsample": 0.600990634926094}, "datetime": {"datetime": "2024-01-20 15:31:27", "elapsed": 4044.932506, "delta": 0.005154}}
{"target": -15.157512072506385, "params": {"colsample_bytree": 0.6272526846240346, "eta": 0.09472421729549481, "gamma": 568.0480045657813, "max_depth": 2.0, "min_child_weight": 4163.654956586802, "num_boost_round": 26.0, "subsample": 0.600990634926094}, "datetime": {"datetime": "2024-01-20 15:31:27", "elapsed": 4044.937105, "delta": 0.004599}}
{"target": -15.15723820539908, "params": {"colsample_bytree": 0.6272526846240346, "eta": 0.09472421729549481, "gamma": 568.0480045657813, "max_depth": 2.0, "min_child_weight": 4163.654956586802, "num_boost_round": 27.0, "subsample": 0.600990634926094}, "datetime": {"datetime": "2024-01-20 15:31:27", "elapsed": 4044.941713, "delta": 0.004608}}
{"target": -15.157235413186246, "params": {"colsample_bytree": 0.6272526846240346, "eta": 0.09472421729549481, "gamma": 568.0480045657813, "max_depth": 2.0, "min_child_weight": 4163.654956586802, "num_boost_round": 28.0, "subsample": 0.600990634926094}, "datetime": {"datetime": "2024-01-20 15:31:27", "elapsed": 4044.94633, "delta": 0.004617}}
{"target": -15.15738124068961, "params": {"colsample_bytree": 0.6272526846240346, "eta": 0.09472421729549481, "gamma": 568.0480045657813, "max_depth": 2.0, "min_child_weight": 4163.654956586802, "num_boost_round": 29.0, "subsample": 0.600990634926094}, "datetime": {"datetime": "2024-01-20 15:31:27", "elapsed": 4044.95093, "delta": 0.0046}}
{"target": -15.157336596566095, "params": {"colsample_bytree": 0.6272526846240346, "eta": 0.09472421729549481, "gamma": 568.0480045657813, "max_depth": 2.0, "min_child_weight": 4163.654956586802, "num_boost_round": 30.0, "subsample": 0.600990634926094}, "datetime": {"datetime": "2024-01-20 15:31:27", "elapsed": 4044.955776, "delta": 0.004846}}
{"target": -15.157791465779184, "params": {"colsample_bytree": 0.6272526846240346, "eta": 0.09472421729549481, "gamma": 568.0480045657813, "max_depth": 2.0, "min_child_weight": 4163.654956586802, "num_boost_round": 31.0, "subsample": 0.600990634926094}, "datetime": {"datetime": "2024-01-20 15:31:27", "elapsed": 4044.960788, "delta": 0.005012}}
{"target": -15.158054247662559, "params": {"colsample_bytree": 0.6272526846240346, "eta": 0.09472421729549481, "gamma": 568.0480045657813, "max_depth": 2.0, "min_child_weight": 4163.654956586802, "num_boost_round": 32.0, "subsample": 0.600990634926094}, "datetime": {"datetime": "2024-01-20 15:31:27", "elapsed": 4044.965449, "delta": 0.004661}}
{"target": -15.158156324104722, "params": {"colsample_bytree": 0.6272526846240346, "eta": 0.09472421729549481, "gamma": 568.0480045657813, "max_depth": 2.0, "min_child_weight": 4163.654956586802, "num_boost_round": 33.0, "subsample": 0.600990634926094}, "datetime": {"datetime": "2024-01-20 15:31:27", "elapsed": 4044.970062, "delta": 0.004613}}
{"target": -15.158791257027962, "params": {"colsample_bytree": 0.6272526846240346, "eta": 0.09472421729549481, "gamma": 568.0480045657813, "max_depth": 2.0, "min_child_weight": 4163.654956586802, "num_boost_round": 34.0, "subsample": 0.600990634926094}, "datetime": {"datetime": "2024-01-20 15:31:27", "elapsed": 4044.974691, "delta": 0.004629}}
{"target": -15.158802936055242, "params": {"colsample_bytree": 0.6272526846240346, "eta": 0.09472421729549481, "gamma": 568.0480045657813, "max_depth": 2.0, "min_child_weight": 4163.654956586802, "num_boost_round": 35.0, "subsample": 0.600990634926094}, "datetime": {"datetime": "2024-01-20 15:31:27", "elapsed": 4044.979377, "delta": 0.004686}}
{"target": -15.158547719738309, "params": {"colsample_bytree": 0.6272526846240346, "eta": 0.09472421729549481, "gamma": 568.0480045657813, "max_depth": 2.0, "min_child_weight": 4163.654956586802, "num_boost_round": 36.0, "subsample": 0.600990634926094}, "datetime": {"datetime": "2024-01-20 15:31:27", "elapsed": 4044.984376, "delta": 0.004999}}
{"target": -15.159070913628915, "params": {"colsample_bytree": 0.6272526846240346, "eta": 0.09472421729549481, "gamma": 568.0480045657813, "max_depth": 2.0, "min_child_weight": 4163.654956586802, "num_boost_round": 37.0, "subsample": 0.600990634926094}, "datetime": {"datetime": "2024-01-20 15:31:27", "elapsed": 4044.989483, "delta": 0.005107}}
{"target": -15.159400194984983, "params": {"colsample_bytree": 0.6272526846240346, "eta": 0.09472421729549481, "gamma": 568.0480045657813, "max_depth": 2.0, "min_child_weight": 4163.654956586802, "num_boost_round": 38.0, "subsample": 0.600990634926094}, "datetime": {"datetime": "2024-01-20 15:31:27", "elapsed": 4044.994147, "delta": 0.004664}}
{"target": -15.159704521965196, "params": {"colsample_bytree": 0.6272526846240346, "eta": 0.09472421729549481, "gamma": 568.0480045657813, "max_depth": 2.0, "min_child_weight": 4163.654956586802, "num_boost_round": 39.0, "subsample": 0.600990634926094}, "datetime": {"datetime": "2024-01-20 15:31:27", "elapsed": 4044.998807, "delta": 0.00466}}
{"target": -15.159790039317016, "params": {"colsample_bytree": 0.6272526846240346, "eta": 0.09472421729549481, "gamma": 568.0480045657813, "max_depth": 2.0, "min_child_weight": 4163.654956586802, "num_boost_round": 40.0, "subsample": 0.600990634926094}, "datetime": {"datetime": "2024-01-20 15:31:27", "elapsed": 4045.003454, "delta": 0.004647}}
{"target": -15.160309433303125, "params": {"colsample_bytree": 0.6272526846240346, "eta": 0.09472421729549481, "gamma": 568.0480045657813, "max_depth": 2.0, "min_child_weight": 4163.654956586802, "num_boost_round": 41.0, "subsample": 0.600990634926094}, "datetime": {"datetime": "2024-01-20 15:31:27", "elapsed": 4045.008119, "delta": 0.004665}}
{"target": -15.160342724263925, "params": {"colsample_bytree": 0.6272526846240346, "eta": 0.09472421729549481, "gamma": 568.0480045657813, "max_depth": 2.0, "min_child_weight": 4163.654956586802, "num_boost_round": 42.0, "subsample": 0.600990634926094}, "datetime": {"datetime": "2024-01-20 15:31:27", "elapsed": 4045.012974, "delta": 0.004855}}
{"target": -15.160331310250404, "params": {"colsample_bytree": 0.6272526846240346, "eta": 0.09472421729549481, "gamma": 568.0480045657813, "max_depth": 2.0, "min_child_weight": 4163.654956586802, "num_boost_round": 43.0, "subsample": 0.600990634926094}, "datetime": {"datetime": "2024-01-20 15:31:27", "elapsed": 4045.01803, "delta": 0.005056}}
{"target": -15.160325217409998, "params": {"colsample_bytree": 0.6272526846240346, "eta": 0.09472421729549481, "gamma": 568.0480045657813, "max_depth": 2.0, "min_child_weight": 4163.654956586802, "num_boost_round": 44.0, "subsample": 0.600990634926094}, "datetime": {"datetime": "2024-01-20 15:31:27", "elapsed": 4045.022651, "delta": 0.004621}}
{"target": -15.160183674841988, "params": {"colsample_bytree": 0.6272526846240346, "eta": 0.09472421729549481, "gamma": 568.0480045657813, "max_depth": 2.0, "min_child_weight": 4163.654956586802, "num_boost_round": 45.0, "subsample": 0.600990634926094}, "datetime": {"datetime": "2024-01-20 15:31:27", "elapsed": 4045.027239, "delta": 0.004588}}
{"target": -15.160672088917575, "params": {"colsample_bytree": 0.6272526846240346, "eta": 0.09472421729549481, "gamma": 568.0480045657813, "max_depth": 2.0, "min_child_weight": 4163.654956586802, "num_boost_round": 46.0, "subsample": 0.600990634926094}, "datetime": {"datetime": "2024-01-20 15:31:27", "elapsed": 4045.031841, "delta": 0.004602}}
{"target": -15.160689319367776, "params": {"colsample_bytree": 0.6272526846240346, "eta": 0.09472421729549481, "gamma": 568.0480045657813, "max_depth": 2.0, "min_child_weight": 4163.654956586802, "num_boost_round": 47.0, "subsample": 0.600990634926094}, "datetime": {"datetime": "2024-01-20 15:31:27", "elapsed": 4045.036485, "delta": 0.004644}}
{"target": -15.172868543983, "params": {"colsample_bytree": 0.5794968618639001, "eta": 0.01187233967240704, "gamma": 514.4356938291014, "max_depth": 2.0, "min_child_weight": 4401.0889663299, "num_boost_round": 1.0, "subsample": 0.11784673453330868}, "datetime": {"datetime": "2024-01-20 15:33:07", "elapsed": 4144.769505, "delta": 99.73302}}
{"target": -15.172736409297276, "params": {"colsample_bytree": 0.5794968618639001, "eta": 0.01187233967240704, "gamma": 514.4356938291014, "max_depth": 2.0, "min_child_weight": 4401.0889663299, "num_boost_round": 2.0, "subsample": 0.11784673453330868}, "datetime": {"datetime": "2024-01-20 15:33:07", "elapsed": 4144.775804, "delta": 0.006299}}
{"target": -15.172491561294928, "params": {"colsample_bytree": 0.5794968618639001, "eta": 0.01187233967240704, "gamma": 514.4356938291014, "max_depth": 2.0, "min_child_weight": 4401.0889663299, "num_boost_round": 3.0, "subsample": 0.11784673453330868}, "datetime": {"datetime": "2024-01-20 15:33:07", "elapsed": 4144.780794, "delta": 0.00499}}
{"target": -15.172306870198607, "params": {"colsample_bytree": 0.5794968618639001, "eta": 0.01187233967240704, "gamma": 514.4356938291014, "max_depth": 2.0, "min_child_weight": 4401.0889663299, "num_boost_round": 4.0, "subsample": 0.11784673453330868}, "datetime": {"datetime": "2024-01-20 15:33:07", "elapsed": 4144.786023, "delta": 0.005229}}
{"target": -15.17195712909519, "params": {"colsample_bytree": 0.5794968618639001, "eta": 0.01187233967240704, "gamma": 514.4356938291014, "max_depth": 2.0, "min_child_weight": 4401.0889663299, "num_boost_round": 5.0, "subsample": 0.11784673453330868}, "datetime": {"datetime": "2024-01-20 15:33:07", "elapsed": 4144.790954, "delta": 0.004931}}
{"target": -15.171809422851247, "params": {"colsample_bytree": 0.5794968618639001, "eta": 0.01187233967240704, "gamma": 514.4356938291014, "max_depth": 2.0, "min_child_weight": 4401.0889663299, "num_boost_round": 6.0, "subsample": 0.11784673453330868}, "datetime": {"datetime": "2024-01-20 15:33:07", "elapsed": 4144.795896, "delta": 0.004942}}
{"target": -15.171690726928087, "params": {"colsample_bytree": 0.5794968618639001, "eta": 0.01187233967240704, "gamma": 514.4356938291014, "max_depth": 2.0, "min_child_weight": 4401.0889663299, "num_boost_round": 7.0, "subsample": 0.11784673453330868}, "datetime": {"datetime": "2024-01-20 15:33:07", "elapsed": 4144.80108, "delta": 0.005184}}
{"target": -15.17134548136697, "params": {"colsample_bytree": 0.5794968618639001, "eta": 0.01187233967240704, "gamma": 514.4356938291014, "max_depth": 2.0, "min_child_weight": 4401.0889663299, "num_boost_round": 8.0, "subsample": 0.11784673453330868}, "datetime": {"datetime": "2024-01-20 15:33:07", "elapsed": 4144.805929, "delta": 0.004849}}
{"target": -15.171187787833226, "params": {"colsample_bytree": 0.5794968618639001, "eta": 0.01187233967240704, "gamma": 514.4356938291014, "max_depth": 2.0, "min_child_weight": 4401.0889663299, "num_boost_round": 9.0, "subsample": 0.11784673453330868}, "datetime": {"datetime": "2024-01-20 15:33:07", "elapsed": 4144.810675, "delta": 0.004746}}
{"target": -15.171031047979014, "params": {"colsample_bytree": 0.5794968618639001, "eta": 0.01187233967240704, "gamma": 514.4356938291014, "max_depth": 2.0, "min_child_weight": 4401.0889663299, "num_boost_round": 10.0, "subsample": 0.11784673453330868}, "datetime": {"datetime": "2024-01-20 15:33:07", "elapsed": 4144.81601, "delta": 0.005335}}
{"target": -15.17102235035388, "params": {"colsample_bytree": 0.5794968618639001, "eta": 0.01187233967240704, "gamma": 514.4356938291014, "max_depth": 2.0, "min_child_weight": 4401.0889663299, "num_boost_round": 11.0, "subsample": 0.11784673453330868}, "datetime": {"datetime": "2024-01-20 15:33:07", "elapsed": 4144.820775, "delta": 0.004765}}
{"target": -15.170859802295936, "params": {"colsample_bytree": 0.5794968618639001, "eta": 0.01187233967240704, "gamma": 514.4356938291014, "max_depth": 2.0, "min_child_weight": 4401.0889663299, "num_boost_round": 12.0, "subsample": 0.11784673453330868}, "datetime": {"datetime": "2024-01-20 15:33:07", "elapsed": 4144.825992, "delta": 0.005217}}
{"target": -15.170807503384012, "params": {"colsample_bytree": 0.5794968618639001, "eta": 0.01187233967240704, "gamma": 514.4356938291014, "max_depth": 2.0, "min_child_weight": 4401.0889663299, "num_boost_round": 13.0, "subsample": 0.11784673453330868}, "datetime": {"datetime": "2024-01-20 15:33:07", "elapsed": 4144.831359, "delta": 0.005367}}
{"target": -15.170546230917584, "params": {"colsample_bytree": 0.5794968618639001, "eta": 0.01187233967240704, "gamma": 514.4356938291014, "max_depth": 2.0, "min_child_weight": 4401.0889663299, "num_boost_round": 14.0, "subsample": 0.11784673453330868}, "datetime": {"datetime": "2024-01-20 15:33:07", "elapsed": 4144.836792, "delta": 0.005433}}
{"target": -15.170457144957098, "params": {"colsample_bytree": 0.5794968618639001, "eta": 0.01187233967240704, "gamma": 514.4356938291014, "max_depth": 2.0, "min_child_weight": 4401.0889663299, "num_boost_round": 15.0, "subsample": 0.11784673453330868}, "datetime": {"datetime": "2024-01-20 15:33:07", "elapsed": 4144.842658, "delta": 0.005866}}
{"target": -15.170401128551056, "params": {"colsample_bytree": 0.5794968618639001, "eta": 0.01187233967240704, "gamma": 514.4356938291014, "max_depth": 2.0, "min_child_weight": 4401.0889663299, "num_boost_round": 16.0, "subsample": 0.11784673453330868}, "datetime": {"datetime": "2024-01-20 15:33:07", "elapsed": 4144.848138, "delta": 0.00548}}
{"target": -15.170134369239989, "params": {"colsample_bytree": 0.5794968618639001, "eta": 0.01187233967240704, "gamma": 514.4356938291014, "max_depth": 2.0, "min_child_weight": 4401.0889663299, "num_boost_round": 17.0, "subsample": 0.11784673453330868}, "datetime": {"datetime": "2024-01-20 15:33:07", "elapsed": 4144.852985, "delta": 0.004847}}
{"target": -15.169988030518866, "params": {"colsample_bytree": 0.5794968618639001, "eta": 0.01187233967240704, "gamma": 514.4356938291014, "max_depth": 2.0, "min_child_weight": 4401.0889663299, "num_boost_round": 18.0, "subsample": 0.11784673453330868}, "datetime": {"datetime": "2024-01-20 15:33:07", "elapsed": 4144.8577, "delta": 0.004715}}
{"target": -15.16968034680173, "params": {"colsample_bytree": 0.5794968618639001, "eta": 0.01187233967240704, "gamma": 514.4356938291014, "max_depth": 2.0, "min_child_weight": 4401.0889663299, "num_boost_round": 19.0, "subsample": 0.11784673453330868}, "datetime": {"datetime": "2024-01-20 15:33:07", "elapsed": 4144.862448, "delta": 0.004748}}
{"target": -15.169575274592411, "params": {"colsample_bytree": 0.5794968618639001, "eta": 0.01187233967240704, "gamma": 514.4356938291014, "max_depth": 2.0, "min_child_weight": 4401.0889663299, "num_boost_round": 20.0, "subsample": 0.11784673453330868}, "datetime": {"datetime": "2024-01-20 15:33:07", "elapsed": 4144.867037, "delta": 0.004589}}
{"target": -15.169343002462314, "params": {"colsample_bytree": 0.5794968618639001, "eta": 0.01187233967240704, "gamma": 514.4356938291014, "max_depth": 2.0, "min_child_weight": 4401.0889663299, "num_boost_round": 21.0, "subsample": 0.11784673453330868}, "datetime": {"datetime": "2024-01-20 15:33:07", "elapsed": 4144.872113, "delta": 0.005076}}
{"target": -15.16925972128971, "params": {"colsample_bytree": 0.5794968618639001, "eta": 0.01187233967240704, "gamma": 514.4356938291014, "max_depth": 2.0, "min_child_weight": 4401.0889663299, "num_boost_round": 22.0, "subsample": 0.11784673453330868}, "datetime": {"datetime": "2024-01-20 15:33:07", "elapsed": 4144.877458, "delta": 0.005345}}
{"target": -15.16901397752487, "params": {"colsample_bytree": 0.5794968618639001, "eta": 0.01187233967240704, "gamma": 514.4356938291014, "max_depth": 2.0, "min_child_weight": 4401.0889663299, "num_boost_round": 23.0, "subsample": 0.11784673453330868}, "datetime": {"datetime": "2024-01-20 15:33:07", "elapsed": 4144.882116, "delta": 0.004658}}
{"target": -15.168826584316278, "params": {"colsample_bytree": 0.5794968618639001, "eta": 0.01187233967240704, "gamma": 514.4356938291014, "max_depth": 2.0, "min_child_weight": 4401.0889663299, "num_boost_round": 24.0, "subsample": 0.11784673453330868}, "datetime": {"datetime": "2024-01-20 15:33:07", "elapsed": 4144.886664, "delta": 0.004548}}
{"target": -15.168711645189603, "params": {"colsample_bytree": 0.5794968618639001, "eta": 0.01187233967240704, "gamma": 514.4356938291014, "max_depth": 2.0, "min_child_weight": 4401.0889663299, "num_boost_round": 25.0, "subsample": 0.11784673453330868}, "datetime": {"datetime": "2024-01-20 15:33:07", "elapsed": 4144.891199, "delta": 0.004535}}
{"target": -15.168687744759932, "params": {"colsample_bytree": 0.5794968618639001, "eta": 0.01187233967240704, "gamma": 514.4356938291014, "max_depth": 2.0, "min_child_weight": 4401.0889663299, "num_boost_round": 26.0, "subsample": 0.11784673453330868}, "datetime": {"datetime": "2024-01-20 15:33:07", "elapsed": 4144.896133, "delta": 0.004934}}
{"target": -15.168589928968677, "params": {"colsample_bytree": 0.5794968618639001, "eta": 0.01187233967240704, "gamma": 514.4356938291014, "max_depth": 2.0, "min_child_weight": 4401.0889663299, "num_boost_round": 27.0, "subsample": 0.11784673453330868}, "datetime": {"datetime": "2024-01-20 15:33:07", "elapsed": 4144.901001, "delta": 0.004868}}
{"target": -15.168440868830967, "params": {"colsample_bytree": 0.5794968618639001, "eta": 0.01187233967240704, "gamma": 514.4356938291014, "max_depth": 2.0, "min_child_weight": 4401.0889663299, "num_boost_round": 28.0, "subsample": 0.11784673453330868}, "datetime": {"datetime": "2024-01-20 15:33:07", "elapsed": 4144.906168, "delta": 0.005167}}
