{"target": -15.171244686095434, "params": {"colsample_bytree": 0.676399512519762, "eta": 0.01558885307254174, "gamma": 481.78398663059005, "max_depth": 6.0, "min_child_weight": 4308.214465107097, "num_boost_round": 3.0, "subsample": 0.30086668582796916}, "datetime": {"datetime": "2024-01-20 15:39:32", "elapsed": 4529.522017, "delta": 0.004953}}
{"target": -15.170651200293122, "params": {"colsample_bytree": 0.676399512519762, "eta": 0.01558885307254174, "gamma": 481.78398663059005, "max_depth": 6.0, "min_child_weight": 4308.214465107097, "num_boost_round": 4.0, "subsample": 0.30086668582796916}, "datetime": {"datetime": "2024-01-20 15:39:32", "elapsed": 4529.526762, "delta": 0.004745}}
{"target": -15.169690961330637, "params": {"colsample_bytree": 0.676399512519762, "eta": 0.01558885307254174, "gamma": 481.78398663059005, "max_depth": 6.0, "min_child_weight": 4308.214465107097, "num_boost_round": 5.0, "subsample": 0.30086668582796916}, "datetime": {"datetime": "2024-01-20 15:39:32", "elapsed": 4529.531701, "delta": 0.004939}}
{"target": -15.169070129436179, "params": {"colsample_bytree": 0.676399512519762, "eta": 0.01558885307254174, "gamma": 481.78398663059005, "max_depth": 6.0, "min_child_weight": 4308.214465107097, "num_boost_round": 6.0, "subsample": 0.30086668582796916}, "datetime": {"datetime": "2024-01-20 15:39:32", "elapsed": 4529.536722, "delta": 0.005021}}
{"target": -15.168547942485386, "params": {"colsample_bytree": 0.676399512519762, "eta": 0.01558885307254174, "gamma": 481.78398663059005, "max_depth": 6.0, "min_child_weight": 4308.214465107097, "num_boost_round": 7.0, "subsample": 0.30086668582796916}, "datetime": {"datetime": "2024-01-20 15:39:32", "elapsed": 4529.541684, "delta": 0.004962}}
{"target": -15.16774539318876, "params": {"colsample_bytree": 0.676399512519762, "eta": 0.01558885307254174, "gamma": 481.78398663059005, "max_depth": 6.0, "min_child_weight": 4308.214465107097, "num_boost_round": 8.0, "subsample": 0.30086668582796916}, "datetime": {"datetime": "2024-01-20 15:39:32", "elapsed": 4529.546658, "delta": 0.004974}}
{"target": -15.167304226222594, "params": {"colsample_bytree": 0.676399512519762, "eta": 0.01558885307254174, "gamma": 481.78398663059005, "max_depth": 6.0, "min_child_weight": 4308.214465107097, "num_boost_round": 9.0, "subsample": 0.30086668582796916}, "datetime": {"datetime": "2024-01-20 15:39:32", "elapsed": 4529.55139, "delta": 0.004732}}
{"target": -15.166854647432935, "params": {"colsample_bytree": 0.676399512519762, "eta": 0.01558885307254174, "gamma": 481.78398663059005, "max_depth": 6.0, "min_child_weight": 4308.214465107097, "num_boost_round": 10.0, "subsample": 0.30086668582796916}, "datetime": {"datetime": "2024-01-20 15:39:32", "elapsed": 4529.555986, "delta": 0.004596}}
{"target": -15.166825924215992, "params": {"colsample_bytree": 0.676399512519762, "eta": 0.01558885307254174, "gamma": 481.78398663059005, "max_depth": 6.0, "min_child_weight": 4308.214465107097, "num_boost_round": 11.0, "subsample": 0.30086668582796916}, "datetime": {"datetime": "2024-01-20 15:39:32", "elapsed": 4529.560665, "delta": 0.004679}}
{"target": -15.166334332427876, "params": {"colsample_bytree": 0.676399512519762, "eta": 0.01558885307254174, "gamma": 481.78398663059005, "max_depth": 6.0, "min_child_weight": 4308.214465107097, "num_boost_round": 12.0, "subsample": 0.30086668582796916}, "datetime": {"datetime": "2024-01-20 15:39:32", "elapsed": 4529.565292, "delta": 0.004627}}
{"target": -15.165970878667569, "params": {"colsample_bytree": 0.676399512519762, "eta": 0.01558885307254174, "gamma": 481.78398663059005, "max_depth": 6.0, "min_child_weight": 4308.214465107097, "num_boost_round": 13.0, "subsample": 0.30086668582796916}, "datetime": {"datetime": "2024-01-20 15:39:32", "elapsed": 4529.569947, "delta": 0.004655}}
{"target": -15.165027729567878, "params": {"colsample_bytree": 0.676399512519762, "eta": 0.01558885307254174, "gamma": 481.78398663059005, "max_depth": 6.0, "min_child_weight": 4308.214465107097, "num_boost_round": 14.0, "subsample": 0.30086668582796916}, "datetime": {"datetime": "2024-01-20 15:39:32", "elapsed": 4529.574882, "delta": 0.004935}}
{"target": -15.164635050810057, "params": {"colsample_bytree": 0.676399512519762, "eta": 0.01558885307254174, "gamma": 481.78398663059005, "max_depth": 6.0, "min_child_weight": 4308.214465107097, "num_boost_round": 15.0, "subsample": 0.30086668582796916}, "datetime": {"datetime": "2024-01-20 15:39:32", "elapsed": 4529.579515, "delta": 0.004633}}
{"target": -15.164336623821441, "params": {"colsample_bytree": 0.676399512519762, "eta": 0.01558885307254174, "gamma": 481.78398663059005, "max_depth": 6.0, "min_child_weight": 4308.214465107097, "num_boost_round": 16.0, "subsample": 0.30086668582796916}, "datetime": {"datetime": "2024-01-20 15:39:32", "elapsed": 4529.584266, "delta": 0.004751}}
{"target": -15.163595983393442, "params": {"colsample_bytree": 0.676399512519762, "eta": 0.01558885307254174, "gamma": 481.78398663059005, "max_depth": 6.0, "min_child_weight": 4308.214465107097, "num_boost_round": 17.0, "subsample": 0.30086668582796916}, "datetime": {"datetime": "2024-01-20 15:39:32", "elapsed": 4529.588935, "delta": 0.004669}}
{"target": -15.163089867426056, "params": {"colsample_bytree": 0.676399512519762, "eta": 0.01558885307254174, "gamma": 481.78398663059005, "max_depth": 6.0, "min_child_weight": 4308.214465107097, "num_boost_round": 18.0, "subsample": 0.30086668582796916}, "datetime": {"datetime": "2024-01-20 15:39:32", "elapsed": 4529.593789, "delta": 0.004854}}
{"target": -15.162419063131896, "params": {"colsample_bytree": 0.676399512519762, "eta": 0.01558885307254174, "gamma": 481.78398663059005, "max_depth": 6.0, "min_child_weight": 4308.214465107097, "num_boost_round": 19.0, "subsample": 0.30086668582796916}, "datetime": {"datetime": "2024-01-20 15:39:32", "elapsed": 4529.598686, "delta": 0.004897}}
{"target": -15.162094537415841, "params": {"colsample_bytree": 0.676399512519762, "eta": 0.01558885307254174, "gamma": 481.78398663059005, "max_depth": 6.0, "min_child_weight": 4308.214465107097, "num_boost_round": 20.0, "subsample": 0.30086668582796916}, "datetime": {"datetime": "2024-01-20 15:39:32", "elapsed": 4529.603661, "delta": 0.004975}}
{"target": -15.161346691202436, "params": {"colsample_bytree": 0.676399512519762, "eta": 0.01558885307254174, "gamma": 481.78398663059005, "max_depth": 6.0, "min_child_weight": 4308.214465107097, "num_boost_round": 21.0, "subsample": 0.30086668582796916}, "datetime": {"datetime": "2024-01-20 15:39:32", "elapsed": 4529.608761, "delta": 0.0051}}
{"target": -15.161051234501993, "params": {"colsample_bytree": 0.676399512519762, "eta": 0.01558885307254174, "gamma": 481.78398663059005, "max_depth": 6.0, "min_child_weight": 4308.214465107097, "num_boost_round": 22.0, "subsample": 0.30086668582796916}, "datetime": {"datetime": "2024-01-20 15:39:32", "elapsed": 4529.614339, "delta": 0.005578}}
{"target": -15.160229538600248, "params": {"colsample_bytree": 0.676399512519762, "eta": 0.01558885307254174, "gamma": 481.78398663059005, "max_depth": 6.0, "min_child_weight": 4308.214465107097, "num_boost_round": 23.0, "subsample": 0.30086668582796916}, "datetime": {"datetime": "2024-01-20 15:39:32", "elapsed": 4529.619124, "delta": 0.004785}}
{"target": -15.15965458203684, "params": {"colsample_bytree": 0.676399512519762, "eta": 0.01558885307254174, "gamma": 481.78398663059005, "max_depth": 6.0, "min_child_weight": 4308.214465107097, "num_boost_round": 24.0, "subsample": 0.30086668582796916}, "datetime": {"datetime": "2024-01-20 15:39:32", "elapsed": 4529.623863, "delta": 0.004739}}
{"target": -15.159437468368266, "params": {"colsample_bytree": 0.676399512519762, "eta": 0.01558885307254174, "gamma": 481.78398663059005, "max_depth": 6.0, "min_child_weight": 4308.214465107097, "num_boost_round": 25.0, "subsample": 0.30086668582796916}, "datetime": {"datetime": "2024-01-20 15:39:32", "elapsed": 4529.628545, "delta": 0.004682}}
{"target": -15.159272455701396, "params": {"colsample_bytree": 0.676399512519762, "eta": 0.01558885307254174, "gamma": 481.78398663059005, "max_depth": 6.0, "min_child_weight": 4308.214465107097, "num_boost_round": 26.0, "subsample": 0.30086668582796916}, "datetime": {"datetime": "2024-01-20 15:39:32", "elapsed": 4529.633395, "delta": 0.00485}}
{"target": -15.158575425721331, "params": {"colsample_bytree": 0.676399512519762, "eta": 0.01558885307254174, "gamma": 481.78398663059005, "max_depth": 6.0, "min_child_weight": 4308.214465107097, "num_boost_round": 27.0, "subsample": 0.30086668582796916}, "datetime": {"datetime": "2024-01-20 15:39:32", "elapsed": 4529.638007, "delta": 0.004612}}
{"target": -15.15782228590388, "params": {"colsample_bytree": 0.676399512519762, "eta": 0.01558885307254174, "gamma": 481.78398663059005, "max_depth": 6.0, "min_child_weight": 4308.214465107097, "num_boost_round": 28.0, "subsample": 0.30086668582796916}, "datetime": {"datetime": "2024-01-20 15:39:32", "elapsed": 4529.642654, "delta": 0.004647}}
{"target": -15.157387446807142, "params": {"colsample_bytree": 0.676399512519762, "eta": 0.01558885307254174, "gamma": 481.78398663059005, "max_depth": 6.0, "min_child_weight": 4308.214465107097, "num_boost_round": 29.0, "subsample": 0.30086668582796916}, "datetime": {"datetime": "2024-01-20 15:39:32", "elapsed": 4529.647279, "delta": 0.004625}}
{"target": -15.157096151638182, "params": {"colsample_bytree": 0.676399512519762, "eta": 0.01558885307254174, "gamma": 481.78398663059005, "max_depth": 6.0, "min_child_weight": 4308.214465107097, "num_boost_round": 30.0, "subsample": 0.30086668582796916}, "datetime": {"datetime": "2024-01-20 15:39:32", "elapsed": 4529.651939, "delta": 0.00466}}
{"target": -15.156822961226396, "params": {"colsample_bytree": 0.676399512519762, "eta": 0.01558885307254174, "gamma": 481.78398663059005, "max_depth": 6.0, "min_child_weight": 4308.214465107097, "num_boost_round": 31.0, "subsample": 0.30086668582796916}, "datetime": {"datetime": "2024-01-20 15:39:32", "elapsed": 4529.656649, "delta": 0.00471}}
{"target": -15.156579918151493, "params": {"colsample_bytree": 0.676399512519762, "eta": 0.01558885307254174, "gamma": 481.78398663059005, "max_depth": 6.0, "min_child_weight": 4308.214465107097, "num_boost_round": 32.0, "subsample": 0.30086668582796916}, "datetime": {"datetime": "2024-01-20 15:39:32", "elapsed": 4529.661515, "delta": 0.004866}}
{"target": -15.156343606184691, "params": {"colsample_bytree": 0.676399512519762, "eta": 0.01558885307254174, "gamma": 481.78398663059005, "max_depth": 6.0, "min_child_weight": 4308.214465107097, "num_boost_round": 33.0, "subsample": 0.30086668582796916}, "datetime": {"datetime": "2024-01-20 15:39:32", "elapsed": 4529.666159, "delta": 0.004644}}
{"target": -15.15585707506563, "params": {"colsample_bytree": 0.676399512519762, "eta": 0.01558885307254174, "gamma": 481.78398663059005, "max_depth": 6.0, "min_child_weight": 4308.214465107097, "num_boost_round": 34.0, "subsample": 0.30086668582796916}, "datetime": {"datetime": "2024-01-20 15:39:32", "elapsed": 4529.67079, "delta": 0.004631}}
{"target": -15.155678030591316, "params": {"colsample_bytree": 0.676399512519762, "eta": 0.01558885307254174, "gamma": 481.78398663059005, "max_depth": 6.0, "min_child_weight": 4308.214465107097, "num_boost_round": 35.0, "subsample": 0.30086668582796916}, "datetime": {"datetime": "2024-01-20 15:39:32", "elapsed": 4529.675448, "delta": 0.004658}}
{"target": -15.155323497224247, "params": {"colsample_bytree": 0.676399512519762, "eta": 0.01558885307254174, "gamma": 481.78398663059005, "max_depth": 6.0, "min_child_weight": 4308.214465107097, "num_boost_round": 36.0, "subsample": 0.30086668582796916}, "datetime": {"datetime": "2024-01-20 15:39:32", "elapsed": 4529.680099, "delta": 0.004651}}
{"target": -15.154954723881842, "params": {"colsample_bytree": 0.676399512519762, "eta": 0.01558885307254174, "gamma": 481.78398663059005, "max_depth": 6.0, "min_child_weight": 4308.214465107097, "num_boost_round": 37.0, "subsample": 0.30086668582796916}, "datetime": {"datetime": "2024-01-20 15:39:32", "elapsed": 4529.684828, "delta": 0.004729}}
{"target": -15.15482459381029, "params": {"colsample_bytree": 0.676399512519762, "eta": 0.01558885307254174, "gamma": 481.78398663059005, "max_depth": 6.0, "min_child_weight": 4308.214465107097, "num_boost_round": 38.0, "subsample": 0.30086668582796916}, "datetime": {"datetime": "2024-01-20 15:39:32", "elapsed": 4529.689668, "delta": 0.00484}}
{"target": -15.15432774922899, "params": {"colsample_bytree": 0.676399512519762, "eta": 0.01558885307254174, "gamma": 481.78398663059005, "max_depth": 6.0, "min_child_weight": 4308.214465107097, "num_boost_round": 39.0, "subsample": 0.30086668582796916}, "datetime": {"datetime": "2024-01-20 15:39:32", "elapsed": 4529.694288, "delta": 0.00462}}
{"target": -15.154080328040378, "params": {"colsample_bytree": 0.676399512519762, "eta": 0.01558885307254174, "gamma": 481.78398663059005, "max_depth": 6.0, "min_child_weight": 4308.214465107097, "num_boost_round": 40.0, "subsample": 0.30086668582796916}, "datetime": {"datetime": "2024-01-20 15:39:32", "elapsed": 4529.69889, "delta": 0.004602}}
{"target": -15.153871738256697, "params": {"colsample_bytree": 0.676399512519762, "eta": 0.01558885307254174, "gamma": 481.78398663059005, "max_depth": 6.0, "min_child_weight": 4308.214465107097, "num_boost_round": 41.0, "subsample": 0.30086668582796916}, "datetime": {"datetime": "2024-01-20 15:39:32", "elapsed": 4529.703652, "delta": 0.004762}}
{"target": -15.153492937986433, "params": {"colsample_bytree": 0.676399512519762, "eta": 0.01558885307254174, "gamma": 481.78398663059005, "max_depth": 6.0, "min_child_weight": 4308.214465107097, "num_boost_round": 42.0, "subsample": 0.30086668582796916}, "datetime": {"datetime": "2024-01-20 15:39:32", "elapsed": 4529.708361, "delta": 0.004709}}
{"target": -15.153363411800008, "params": {"colsample_bytree": 0.676399512519762, "eta": 0.01558885307254174, "gamma": 481.78398663059005, "max_depth": 6.0, "min_child_weight": 4308.214465107097, "num_boost_round": 43.0, "subsample": 0.30086668582796916}, "datetime": {"datetime": "2024-01-20 15:39:32", "elapsed": 4529.713076, "delta": 0.004715}}
{"target": -15.153054004088467, "params": {"colsample_bytree": 0.676399512519762, "eta": 0.01558885307254174, "gamma": 481.78398663059005, "max_depth": 6.0, "min_child_weight": 4308.214465107097, "num_boost_round": 44.0, "subsample": 0.30086668582796916}, "datetime": {"datetime": "2024-01-20 15:39:32", "elapsed": 4529.717997, "delta": 0.004921}}
{"target": -15.153082064607332, "params": {"colsample_bytree": 0.676399512519762, "eta": 0.01558885307254174, "gamma": 481.78398663059005, "max_depth": 6.0, "min_child_weight": 4308.214465107097, "num_boost_round": 45.0, "subsample": 0.30086668582796916}, "datetime": {"datetime": "2024-01-20 15:39:32", "elapsed": 4529.722699, "delta": 0.004702}}
{"target": -15.152865566062252, "params": {"colsample_bytree": 0.676399512519762, "eta": 0.01558885307254174, "gamma": 481.78398663059005, "max_depth": 6.0, "min_child_weight": 4308.214465107097, "num_boost_round": 46.0, "subsample": 0.30086668582796916}, "datetime": {"datetime": "2024-01-20 15:39:32", "elapsed": 4529.727387, "delta": 0.004688}}
{"target": -15.152914071708988, "params": {"colsample_bytree": 0.676399512519762, "eta": 0.01558885307254174, "gamma": 481.78398663059005, "max_depth": 6.0, "min_child_weight": 4308.214465107097, "num_boost_round": 47.0, "subsample": 0.30086668582796916}, "datetime": {"datetime": "2024-01-20 15:39:32", "elapsed": 4529.732086, "delta": 0.004699}}
{"target": -15.153003716940468, "params": {"colsample_bytree": 0.676399512519762, "eta": 0.01558885307254174, "gamma": 481.78398663059005, "max_depth": 6.0, "min_child_weight": 4308.214465107097, "num_boost_round": 48.0, "subsample": 0.30086668582796916}, "datetime": {"datetime": "2024-01-20 15:39:32", "elapsed": 4529.737536, "delta": 0.00545}}
{"target": -15.152840887021064, "params": {"colsample_bytree": 0.676399512519762, "eta": 0.01558885307254174, "gamma": 481.78398663059005, "max_depth": 6.0, "min_child_weight": 4308.214465107097, "num_boost_round": 49.0, "subsample": 0.30086668582796916}, "datetime": {"datetime": "2024-01-20 15:39:32", "elapsed": 4529.742427, "delta": 0.004891}}
{"target": -15.152619469727519, "params": {"colsample_bytree": 0.676399512519762, "eta": 0.01558885307254174, "gamma": 481.78398663059005, "max_depth": 6.0, "min_child_weight": 4308.214465107097, "num_boost_round": 50.0, "subsample": 0.30086668582796916}, "datetime": {"datetime": "2024-01-20 15:39:32", "elapsed": 4529.747508, "delta": 0.005081}}
{"target": -15.170447693536044, "params": {"colsample_bytree": 0.6669259522701216, "eta": 0.09734546493656945, "gamma": 620.5462910444077, "max_depth": 2.0, "min_child_weight": 4150.196100041584, "num_boost_round": 1.0, "subsample": 0.4691460262906787}, "datetime": {"datetime": "2024-01-20 15:40:48", "elapsed": 4605.97014, "delta": 76.222632}}
{"target": -15.168818745097433, "params": {"colsample_bytree": 0.6669259522701216, "eta": 0.09734546493656945, "gamma": 620.5462910444077, "max_depth": 2.0, "min_child_weight": 4150.196100041584, "num_boost_round": 2.0, "subsample": 0.4691460262906787}, "datetime": {"datetime": "2024-01-20 15:40:48", "elapsed": 4605.976647, "delta": 0.006507}}
{"target": -15.166098271692315, "params": {"colsample_bytree": 0.6669259522701216, "eta": 0.09734546493656945, "gamma": 620.5462910444077, "max_depth": 2.0, "min_child_weight": 4150.196100041584, "num_boost_round": 3.0, "subsample": 0.4691460262906787}, "datetime": {"datetime": "2024-01-20 15:40:48", "elapsed": 4605.981565, "delta": 0.004918}}
{"target": -15.16531088262532, "params": {"colsample_bytree": 0.6669259522701216, "eta": 0.09734546493656945, "gamma": 620.5462910444077, "max_depth": 2.0, "min_child_weight": 4150.196100041584, "num_boost_round": 4.0, "subsample": 0.4691460262906787}, "datetime": {"datetime": "2024-01-20 15:40:48", "elapsed": 4605.98629, "delta": 0.004725}}
{"target": -15.162822591226693, "params": {"colsample_bytree": 0.6669259522701216, "eta": 0.09734546493656945, "gamma": 620.5462910444077, "max_depth": 2.0, "min_child_weight": 4150.196100041584, "num_boost_round": 5.0, "subsample": 0.4691460262906787}, "datetime": {"datetime": "2024-01-20 15:40:48", "elapsed": 4605.991092, "delta": 0.004802}}
{"target": -15.162023760235794, "params": {"colsample_bytree": 0.6669259522701216, "eta": 0.09734546493656945, "gamma": 620.5462910444077, "max_depth": 2.0, "min_child_weight": 4150.196100041584, "num_boost_round": 6.0, "subsample": 0.4691460262906787}, "datetime": {"datetime": "2024-01-20 15:40:48", "elapsed": 4605.996194, "delta": 0.005102}}
{"target": -15.161527700076459, "params": {"colsample_bytree": 0.6669259522701216, "eta": 0.09734546493656945, "gamma": 620.5462910444077, "max_depth": 2.0, "min_child_weight": 4150.196100041584, "num_boost_round": 7.0, "subsample": 0.4691460262906787}, "datetime": {"datetime": "2024-01-20 15:40:48", "elapsed": 4606.001197, "delta": 0.005003}}
{"target": -15.15909779351442, "params": {"colsample_bytree": 0.6669259522701216, "eta": 0.09734546493656945, "gamma": 620.5462910444077, "max_depth": 2.0, "min_child_weight": 4150.196100041584, "num_boost_round": 8.0, "subsample": 0.4691460262906787}, "datetime": {"datetime": "2024-01-20 15:40:48", "elapsed": 4606.006285, "delta": 0.005088}}
{"target": -15.159276463719385, "params": {"colsample_bytree": 0.6669259522701216, "eta": 0.09734546493656945, "gamma": 620.5462910444077, "max_depth": 2.0, "min_child_weight": 4150.196100041584, "num_boost_round": 9.0, "subsample": 0.4691460262906787}, "datetime": {"datetime": "2024-01-20 15:40:48", "elapsed": 4606.011185, "delta": 0.0049}}
{"target": -15.159885116484745, "params": {"colsample_bytree": 0.6669259522701216, "eta": 0.09734546493656945, "gamma": 620.5462910444077, "max_depth": 2.0, "min_child_weight": 4150.196100041584, "num_boost_round": 10.0, "subsample": 0.4691460262906787}, "datetime": {"datetime": "2024-01-20 15:40:48", "elapsed": 4606.015967, "delta": 0.004782}}
{"target": -15.160804176945781, "params": {"colsample_bytree": 0.6669259522701216, "eta": 0.09734546493656945, "gamma": 620.5462910444077, "max_depth": 2.0, "min_child_weight": 4150.196100041584, "num_boost_round": 11.0, "subsample": 0.4691460262906787}, "datetime": {"datetime": "2024-01-20 15:40:48", "elapsed": 4606.020881, "delta": 0.004914}}
{"target": -15.159498355480387, "params": {"colsample_bytree": 0.6669259522701216, "eta": 0.09734546493656945, "gamma": 620.5462910444077, "max_depth": 2.0, "min_child_weight": 4150.196100041584, "num_boost_round": 12.0, "subsample": 0.4691460262906787}, "datetime": {"datetime": "2024-01-20 15:40:48", "elapsed": 4606.0259, "delta": 0.005019}}
{"target": -15.159325110373883, "params": {"colsample_bytree": 0.6669259522701216, "eta": 0.09734546493656945, "gamma": 620.5462910444077, "max_depth": 2.0, "min_child_weight": 4150.196100041584, "num_boost_round": 13.0, "subsample": 0.4691460262906787}, "datetime": {"datetime": "2024-01-20 15:40:48", "elapsed": 4606.030805, "delta": 0.004905}}
{"target": -15.15853929122964, "params": {"colsample_bytree": 0.6669259522701216, "eta": 0.09734546493656945, "gamma": 620.5462910444077, "max_depth": 2.0, "min_child_weight": 4150.196100041584, "num_boost_round": 14.0, "subsample": 0.4691460262906787}, "datetime": {"datetime": "2024-01-20 15:40:48", "elapsed": 4606.035611, "delta": 0.004806}}
{"target": -15.158472039494505, "params": {"colsample_bytree": 0.6669259522701216, "eta": 0.09734546493656945, "gamma": 620.5462910444077, "max_depth": 2.0, "min_child_weight": 4150.196100041584, "num_boost_round": 15.0, "subsample": 0.4691460262906787}, "datetime": {"datetime": "2024-01-20 15:40:48", "elapsed": 4606.04043, "delta": 0.004819}}
