{"target": -13.399196801378757, "params": {"colsample_bytree": 0.8388409913546043, "eta": 0.03230976685390108, "gamma": 649.18801069089, "max_depth": 2.0, "min_child_weight": 4470.839394336985, "num_boost_round": 23.0, "subsample": 0.44366663833248365}, "datetime": {"datetime": "2024-01-20 17:41:19", "elapsed": 11814.502373, "delta": 0.00526}}
{"target": -13.399317063938, "params": {"colsample_bytree": 0.8388409913546043, "eta": 0.03230976685390108, "gamma": 649.18801069089, "max_depth": 2.0, "min_child_weight": 4470.839394336985, "num_boost_round": 24.0, "subsample": 0.44366663833248365}, "datetime": {"datetime": "2024-01-20 17:41:19", "elapsed": 11814.508654, "delta": 0.006281}}
{"target": -13.399553752904078, "params": {"colsample_bytree": 0.8388409913546043, "eta": 0.03230976685390108, "gamma": 649.18801069089, "max_depth": 2.0, "min_child_weight": 4470.839394336985, "num_boost_round": 25.0, "subsample": 0.44366663833248365}, "datetime": {"datetime": "2024-01-20 17:41:19", "elapsed": 11814.514327, "delta": 0.005673}}
{"target": -13.399798986288879, "params": {"colsample_bytree": 0.8388409913546043, "eta": 0.03230976685390108, "gamma": 649.18801069089, "max_depth": 2.0, "min_child_weight": 4470.839394336985, "num_boost_round": 26.0, "subsample": 0.44366663833248365}, "datetime": {"datetime": "2024-01-20 17:41:19", "elapsed": 11814.519684, "delta": 0.005357}}
{"target": -13.39997618596532, "params": {"colsample_bytree": 0.8388409913546043, "eta": 0.03230976685390108, "gamma": 649.18801069089, "max_depth": 2.0, "min_child_weight": 4470.839394336985, "num_boost_round": 27.0, "subsample": 0.44366663833248365}, "datetime": {"datetime": "2024-01-20 17:41:19", "elapsed": 11814.524995, "delta": 0.005311}}
{"target": -13.400259859629404, "params": {"colsample_bytree": 0.8388409913546043, "eta": 0.03230976685390108, "gamma": 649.18801069089, "max_depth": 2.0, "min_child_weight": 4470.839394336985, "num_boost_round": 28.0, "subsample": 0.44366663833248365}, "datetime": {"datetime": "2024-01-20 17:41:19", "elapsed": 11814.530305, "delta": 0.00531}}
{"target": -13.400443317471083, "params": {"colsample_bytree": 0.8388409913546043, "eta": 0.03230976685390108, "gamma": 649.18801069089, "max_depth": 2.0, "min_child_weight": 4470.839394336985, "num_boost_round": 29.0, "subsample": 0.44366663833248365}, "datetime": {"datetime": "2024-01-20 17:41:19", "elapsed": 11814.535999, "delta": 0.005694}}
{"target": -13.400699128963986, "params": {"colsample_bytree": 0.8388409913546043, "eta": 0.03230976685390108, "gamma": 649.18801069089, "max_depth": 2.0, "min_child_weight": 4470.839394336985, "num_boost_round": 30.0, "subsample": 0.44366663833248365}, "datetime": {"datetime": "2024-01-20 17:41:19", "elapsed": 11814.541696, "delta": 0.005697}}
{"target": -13.400573922224307, "params": {"colsample_bytree": 0.8388409913546043, "eta": 0.03230976685390108, "gamma": 649.18801069089, "max_depth": 2.0, "min_child_weight": 4470.839394336985, "num_boost_round": 31.0, "subsample": 0.44366663833248365}, "datetime": {"datetime": "2024-01-20 17:41:19", "elapsed": 11814.54745, "delta": 0.005754}}
{"target": -13.400820832359972, "params": {"colsample_bytree": 0.8388409913546043, "eta": 0.03230976685390108, "gamma": 649.18801069089, "max_depth": 2.0, "min_child_weight": 4470.839394336985, "num_boost_round": 32.0, "subsample": 0.44366663833248365}, "datetime": {"datetime": "2024-01-20 17:41:19", "elapsed": 11814.552817, "delta": 0.005367}}
{"target": -13.400934160193525, "params": {"colsample_bytree": 0.8388409913546043, "eta": 0.03230976685390108, "gamma": 649.18801069089, "max_depth": 2.0, "min_child_weight": 4470.839394336985, "num_boost_round": 33.0, "subsample": 0.44366663833248365}, "datetime": {"datetime": "2024-01-20 17:41:19", "elapsed": 11814.558121, "delta": 0.005304}}
{"target": -13.401171601874438, "params": {"colsample_bytree": 0.8388409913546043, "eta": 0.03230976685390108, "gamma": 649.18801069089, "max_depth": 2.0, "min_child_weight": 4470.839394336985, "num_boost_round": 34.0, "subsample": 0.44366663833248365}, "datetime": {"datetime": "2024-01-20 17:41:19", "elapsed": 11814.563473, "delta": 0.005352}}
{"target": -13.401345812902004, "params": {"colsample_bytree": 0.8388409913546043, "eta": 0.03230976685390108, "gamma": 649.18801069089, "max_depth": 2.0, "min_child_weight": 4470.839394336985, "num_boost_round": 35.0, "subsample": 0.44366663833248365}, "datetime": {"datetime": "2024-01-20 17:41:19", "elapsed": 11814.56871, "delta": 0.005237}}
{"target": -13.401505013412294, "params": {"colsample_bytree": 0.8388409913546043, "eta": 0.03230976685390108, "gamma": 649.18801069089, "max_depth": 2.0, "min_child_weight": 4470.839394336985, "num_boost_round": 36.0, "subsample": 0.44366663833248365}, "datetime": {"datetime": "2024-01-20 17:41:19", "elapsed": 11814.575849, "delta": 0.007139}}
{"target": -13.4015155020438, "params": {"colsample_bytree": 0.8388409913546043, "eta": 0.03230976685390108, "gamma": 649.18801069089, "max_depth": 2.0, "min_child_weight": 4470.839394336985, "num_boost_round": 37.0, "subsample": 0.44366663833248365}, "datetime": {"datetime": "2024-01-20 17:41:19", "elapsed": 11814.585302, "delta": 0.009453}}
{"target": -13.401616131511009, "params": {"colsample_bytree": 0.8388409913546043, "eta": 0.03230976685390108, "gamma": 649.18801069089, "max_depth": 2.0, "min_child_weight": 4470.839394336985, "num_boost_round": 38.0, "subsample": 0.44366663833248365}, "datetime": {"datetime": "2024-01-20 17:41:19", "elapsed": 11814.592498, "delta": 0.007196}}
{"target": -13.40167685079182, "params": {"colsample_bytree": 0.8388409913546043, "eta": 0.03230976685390108, "gamma": 649.18801069089, "max_depth": 2.0, "min_child_weight": 4470.839394336985, "num_boost_round": 39.0, "subsample": 0.44366663833248365}, "datetime": {"datetime": "2024-01-20 17:41:19", "elapsed": 11814.598371, "delta": 0.005873}}
{"target": -13.401849707730264, "params": {"colsample_bytree": 0.8388409913546043, "eta": 0.03230976685390108, "gamma": 649.18801069089, "max_depth": 2.0, "min_child_weight": 4470.839394336985, "num_boost_round": 40.0, "subsample": 0.44366663833248365}, "datetime": {"datetime": "2024-01-20 17:41:19", "elapsed": 11814.604795, "delta": 0.006424}}
{"target": -13.401838257368071, "params": {"colsample_bytree": 0.8388409913546043, "eta": 0.03230976685390108, "gamma": 649.18801069089, "max_depth": 2.0, "min_child_weight": 4470.839394336985, "num_boost_round": 41.0, "subsample": 0.44366663833248365}, "datetime": {"datetime": "2024-01-20 17:41:19", "elapsed": 11814.610582, "delta": 0.005787}}
{"target": -13.401718784937263, "params": {"colsample_bytree": 0.8388409913546043, "eta": 0.03230976685390108, "gamma": 649.18801069089, "max_depth": 2.0, "min_child_weight": 4470.839394336985, "num_boost_round": 42.0, "subsample": 0.44366663833248365}, "datetime": {"datetime": "2024-01-20 17:41:19", "elapsed": 11814.61649, "delta": 0.005908}}
{"target": -13.401718499706188, "params": {"colsample_bytree": 0.8388409913546043, "eta": 0.03230976685390108, "gamma": 649.18801069089, "max_depth": 2.0, "min_child_weight": 4470.839394336985, "num_boost_round": 43.0, "subsample": 0.44366663833248365}, "datetime": {"datetime": "2024-01-20 17:41:19", "elapsed": 11814.622336, "delta": 0.005846}}
{"target": -13.40183813339451, "params": {"colsample_bytree": 0.8388409913546043, "eta": 0.03230976685390108, "gamma": 649.18801069089, "max_depth": 2.0, "min_child_weight": 4470.839394336985, "num_boost_round": 44.0, "subsample": 0.44366663833248365}, "datetime": {"datetime": "2024-01-20 17:41:19", "elapsed": 11814.62767, "delta": 0.005334}}
{"target": -13.402003674357369, "params": {"colsample_bytree": 0.8388409913546043, "eta": 0.03230976685390108, "gamma": 649.18801069089, "max_depth": 2.0, "min_child_weight": 4470.839394336985, "num_boost_round": 45.0, "subsample": 0.44366663833248365}, "datetime": {"datetime": "2024-01-20 17:41:19", "elapsed": 11814.6331, "delta": 0.00543}}
{"target": -13.398073719433398, "params": {"colsample_bytree": 0.7517534110086049, "eta": 0.056420564738965374, "gamma": 628.0933887743628, "max_depth": 6.0, "min_child_weight": 4555.762721387436, "num_boost_round": 1.0, "subsample": 0.8141813759516368}, "datetime": {"datetime": "2024-01-20 17:42:37", "elapsed": 11892.599924, "delta": 77.966824}}
{"target": -13.398051313587596, "params": {"colsample_bytree": 0.7517534110086049, "eta": 0.056420564738965374, "gamma": 628.0933887743628, "max_depth": 6.0, "min_child_weight": 4555.762721387436, "num_boost_round": 2.0, "subsample": 0.8141813759516368}, "datetime": {"datetime": "2024-01-20 17:42:37", "elapsed": 11892.606253, "delta": 0.006329}}
{"target": -13.39853963308979, "params": {"colsample_bytree": 0.7517534110086049, "eta": 0.056420564738965374, "gamma": 628.0933887743628, "max_depth": 6.0, "min_child_weight": 4555.762721387436, "num_boost_round": 3.0, "subsample": 0.8141813759516368}, "datetime": {"datetime": "2024-01-20 17:42:37", "elapsed": 11892.611431, "delta": 0.005178}}
{"target": -13.39894392120285, "params": {"colsample_bytree": 0.7517534110086049, "eta": 0.056420564738965374, "gamma": 628.0933887743628, "max_depth": 6.0, "min_child_weight": 4555.762721387436, "num_boost_round": 4.0, "subsample": 0.8141813759516368}, "datetime": {"datetime": "2024-01-20 17:42:37", "elapsed": 11892.617214, "delta": 0.005783}}
{"target": -13.399104782394925, "params": {"colsample_bytree": 0.7517534110086049, "eta": 0.056420564738965374, "gamma": 628.0933887743628, "max_depth": 6.0, "min_child_weight": 4555.762721387436, "num_boost_round": 5.0, "subsample": 0.8141813759516368}, "datetime": {"datetime": "2024-01-20 17:42:37", "elapsed": 11892.622995, "delta": 0.005781}}
{"target": -13.399808973033906, "params": {"colsample_bytree": 0.7517534110086049, "eta": 0.056420564738965374, "gamma": 628.0933887743628, "max_depth": 6.0, "min_child_weight": 4555.762721387436, "num_boost_round": 6.0, "subsample": 0.8141813759516368}, "datetime": {"datetime": "2024-01-20 17:42:37", "elapsed": 11892.628623, "delta": 0.005628}}
{"target": -13.397863087714684, "params": {"colsample_bytree": 0.22138735657580477, "eta": 0.04743931592626994, "gamma": 144.160502298063, "max_depth": 5.0, "min_child_weight": 4351.432801251603, "num_boost_round": 1.0, "subsample": 0.18456908391097926}, "datetime": {"datetime": "2024-01-20 17:43:33", "elapsed": 11948.037197, "delta": 55.408574}}
{"target": -13.397728694055559, "params": {"colsample_bytree": 0.22138735657580477, "eta": 0.04743931592626994, "gamma": 144.160502298063, "max_depth": 5.0, "min_child_weight": 4351.432801251603, "num_boost_round": 2.0, "subsample": 0.18456908391097926}, "datetime": {"datetime": "2024-01-20 17:43:33", "elapsed": 11948.042871, "delta": 0.005674}}
{"target": -13.397587972303054, "params": {"colsample_bytree": 0.22138735657580477, "eta": 0.04743931592626994, "gamma": 144.160502298063, "max_depth": 5.0, "min_child_weight": 4351.432801251603, "num_boost_round": 3.0, "subsample": 0.18456908391097926}, "datetime": {"datetime": "2024-01-20 17:43:33", "elapsed": 11948.048135, "delta": 0.005264}}
{"target": -13.397771541812164, "params": {"colsample_bytree": 0.22138735657580477, "eta": 0.04743931592626994, "gamma": 144.160502298063, "max_depth": 5.0, "min_child_weight": 4351.432801251603, "num_boost_round": 4.0, "subsample": 0.18456908391097926}, "datetime": {"datetime": "2024-01-20 17:43:33", "elapsed": 11948.053499, "delta": 0.005364}}
{"target": -13.397896494875933, "params": {"colsample_bytree": 0.22138735657580477, "eta": 0.04743931592626994, "gamma": 144.160502298063, "max_depth": 5.0, "min_child_weight": 4351.432801251603, "num_boost_round": 5.0, "subsample": 0.18456908391097926}, "datetime": {"datetime": "2024-01-20 17:43:33", "elapsed": 11948.059393, "delta": 0.005894}}
{"target": -13.397746760451406, "params": {"colsample_bytree": 0.22138735657580477, "eta": 0.04743931592626994, "gamma": 144.160502298063, "max_depth": 5.0, "min_child_weight": 4351.432801251603, "num_boost_round": 6.0, "subsample": 0.18456908391097926}, "datetime": {"datetime": "2024-01-20 17:43:33", "elapsed": 11948.064958, "delta": 0.005565}}
{"target": -13.397860682650432, "params": {"colsample_bytree": 0.22138735657580477, "eta": 0.04743931592626994, "gamma": 144.160502298063, "max_depth": 5.0, "min_child_weight": 4351.432801251603, "num_boost_round": 7.0, "subsample": 0.18456908391097926}, "datetime": {"datetime": "2024-01-20 17:43:33", "elapsed": 11948.070335, "delta": 0.005377}}
{"target": -13.397850548721848, "params": {"colsample_bytree": 0.22138735657580477, "eta": 0.04743931592626994, "gamma": 144.160502298063, "max_depth": 5.0, "min_child_weight": 4351.432801251603, "num_boost_round": 8.0, "subsample": 0.18456908391097926}, "datetime": {"datetime": "2024-01-20 17:43:33", "elapsed": 11948.076033, "delta": 0.005698}}
{"target": -13.398014053471725, "params": {"colsample_bytree": 0.22138735657580477, "eta": 0.04743931592626994, "gamma": 144.160502298063, "max_depth": 5.0, "min_child_weight": 4351.432801251603, "num_boost_round": 9.0, "subsample": 0.18456908391097926}, "datetime": {"datetime": "2024-01-20 17:43:33", "elapsed": 11948.081644, "delta": 0.005611}}
{"target": -13.397897136508904, "params": {"colsample_bytree": 0.4250359512241666, "eta": 0.04466671520678036, "gamma": 63.293097549725786, "max_depth": 2.0, "min_child_weight": 4343.752467062781, "num_boost_round": 1.0, "subsample": 0.9707173254613101}, "datetime": {"datetime": "2024-01-20 17:44:43", "elapsed": 12018.530605, "delta": 70.448961}}
{"target": -13.398163844355494, "params": {"colsample_bytree": 0.4250359512241666, "eta": 0.04466671520678036, "gamma": 63.293097549725786, "max_depth": 2.0, "min_child_weight": 4343.752467062781, "num_boost_round": 2.0, "subsample": 0.9707173254613101}, "datetime": {"datetime": "2024-01-20 17:44:43", "elapsed": 12018.536886, "delta": 0.006281}}
{"target": -13.39825930373443, "params": {"colsample_bytree": 0.4250359512241666, "eta": 0.04466671520678036, "gamma": 63.293097549725786, "max_depth": 2.0, "min_child_weight": 4343.752467062781, "num_boost_round": 3.0, "subsample": 0.9707173254613101}, "datetime": {"datetime": "2024-01-20 17:44:43", "elapsed": 12018.542711, "delta": 0.005825}}
{"target": -13.398322323219883, "params": {"colsample_bytree": 0.4250359512241666, "eta": 0.04466671520678036, "gamma": 63.293097549725786, "max_depth": 2.0, "min_child_weight": 4343.752467062781, "num_boost_round": 4.0, "subsample": 0.9707173254613101}, "datetime": {"datetime": "2024-01-20 17:44:43", "elapsed": 12018.548528, "delta": 0.005817}}
{"target": -13.39864215271307, "params": {"colsample_bytree": 0.4250359512241666, "eta": 0.04466671520678036, "gamma": 63.293097549725786, "max_depth": 2.0, "min_child_weight": 4343.752467062781, "num_boost_round": 5.0, "subsample": 0.9707173254613101}, "datetime": {"datetime": "2024-01-20 17:44:43", "elapsed": 12018.554045, "delta": 0.005517}}
{"target": -13.398904841368303, "params": {"colsample_bytree": 0.4250359512241666, "eta": 0.04466671520678036, "gamma": 63.293097549725786, "max_depth": 2.0, "min_child_weight": 4343.752467062781, "num_boost_round": 6.0, "subsample": 0.9707173254613101}, "datetime": {"datetime": "2024-01-20 17:44:43", "elapsed": 12018.559259, "delta": 0.005214}}
{"target": -13.399210911452649, "params": {"colsample_bytree": 0.4250359512241666, "eta": 0.04466671520678036, "gamma": 63.293097549725786, "max_depth": 2.0, "min_child_weight": 4343.752467062781, "num_boost_round": 7.0, "subsample": 0.9707173254613101}, "datetime": {"datetime": "2024-01-20 17:44:43", "elapsed": 12018.564612, "delta": 0.005353}}
{"target": -13.3997369868003, "params": {"colsample_bytree": 0.4250359512241666, "eta": 0.04466671520678036, "gamma": 63.293097549725786, "max_depth": 2.0, "min_child_weight": 4343.752467062781, "num_boost_round": 8.0, "subsample": 0.9707173254613101}, "datetime": {"datetime": "2024-01-20 17:44:43", "elapsed": 12018.569801, "delta": 0.005189}}
{"target": -13.400342645668793, "params": {"colsample_bytree": 0.4250359512241666, "eta": 0.04466671520678036, "gamma": 63.293097549725786, "max_depth": 2.0, "min_child_weight": 4343.752467062781, "num_boost_round": 9.0, "subsample": 0.9707173254613101}, "datetime": {"datetime": "2024-01-20 17:44:43", "elapsed": 12018.575232, "delta": 0.005431}}
{"target": -13.400782595337335, "params": {"colsample_bytree": 0.4250359512241666, "eta": 0.04466671520678036, "gamma": 63.293097549725786, "max_depth": 2.0, "min_child_weight": 4343.752467062781, "num_boost_round": 10.0, "subsample": 0.9707173254613101}, "datetime": {"datetime": "2024-01-20 17:44:43", "elapsed": 12018.58046, "delta": 0.005228}}
{"target": -13.401012557272189, "params": {"colsample_bytree": 0.4250359512241666, "eta": 0.04466671520678036, "gamma": 63.293097549725786, "max_depth": 2.0, "min_child_weight": 4343.752467062781, "num_boost_round": 11.0, "subsample": 0.9707173254613101}, "datetime": {"datetime": "2024-01-20 17:44:43", "elapsed": 12018.58606, "delta": 0.0056}}
{"target": -13.39776900231161, "params": {"colsample_bytree": 0.9286967556691686, "eta": 0.0520864503551769, "gamma": 283.9247090141616, "max_depth": 4.0, "min_child_weight": 4184.429482218094, "num_boost_round": 1.0, "subsample": 0.7325778872834504}, "datetime": {"datetime": "2024-01-20 17:46:07", "elapsed": 12102.440298, "delta": 83.854238}}
{"target": -13.398371264605714, "params": {"colsample_bytree": 0.9286967556691686, "eta": 0.0520864503551769, "gamma": 283.9247090141616, "max_depth": 4.0, "min_child_weight": 4184.429482218094, "num_boost_round": 2.0, "subsample": 0.7325778872834504}, "datetime": {"datetime": "2024-01-20 17:46:07", "elapsed": 12102.447535, "delta": 0.007237}}
{"target": -13.39804039722195, "params": {"colsample_bytree": 0.1051839415398115, "eta": 0.06443824111965588, "gamma": 595.3473692060751, "max_depth": 4.0, "min_child_weight": 4501.60297649916, "num_boost_round": 1.0, "subsample": 0.41004772002305967}, "datetime": {"datetime": "2024-01-20 17:47:25", "elapsed": 12179.709825, "delta": 77.26229}}
{"target": -13.398102108197612, "params": {"colsample_bytree": 0.1051839415398115, "eta": 0.06443824111965588, "gamma": 595.3473692060751, "max_depth": 4.0, "min_child_weight": 4501.60297649916, "num_boost_round": 2.0, "subsample": 0.41004772002305967}, "datetime": {"datetime": "2024-01-20 17:47:25", "elapsed": 12179.71705, "delta": 0.007225}}
{"target": -13.398114209882436, "params": {"colsample_bytree": 0.1051839415398115, "eta": 0.06443824111965588, "gamma": 595.3473692060751, "max_depth": 4.0, "min_child_weight": 4501.60297649916, "num_boost_round": 3.0, "subsample": 0.41004772002305967}, "datetime": {"datetime": "2024-01-20 17:47:25", "elapsed": 12179.722685, "delta": 0.005635}}
{"target": -13.398072556863154, "params": {"colsample_bytree": 0.1051839415398115, "eta": 0.06443824111965588, "gamma": 595.3473692060751, "max_depth": 4.0, "min_child_weight": 4501.60297649916, "num_boost_round": 4.0, "subsample": 0.41004772002305967}, "datetime": {"datetime": "2024-01-20 17:47:25", "elapsed": 12179.728245, "delta": 0.00556}}
{"target": -13.397871702541835, "params": {"colsample_bytree": 0.1051839415398115, "eta": 0.06443824111965588, "gamma": 595.3473692060751, "max_depth": 4.0, "min_child_weight": 4501.60297649916, "num_boost_round": 5.0, "subsample": 0.41004772002305967}, "datetime": {"datetime": "2024-01-20 17:47:25", "elapsed": 12179.7338, "delta": 0.005555}}
{"target": -13.398009150581771, "params": {"colsample_bytree": 0.1051839415398115, "eta": 0.06443824111965588, "gamma": 595.3473692060751, "max_depth": 4.0, "min_child_weight": 4501.60297649916, "num_boost_round": 6.0, "subsample": 0.41004772002305967}, "datetime": {"datetime": "2024-01-20 17:47:25", "elapsed": 12180.08329, "delta": 0.34949}}
{"target": -13.398091065817866, "params": {"colsample_bytree": 0.8660176848546995, "eta": 0.042325137562329994, "gamma": 116.62375963480432, "max_depth": 8.0, "min_child_weight": 4299.95371865701, "num_boost_round": 1.0, "subsample": 0.8830545299773318}, "datetime": {"datetime": "2024-01-20 17:48:48", "elapsed": 12263.06959, "delta": 82.9863}}
{"target": -13.397938110806178, "params": {"colsample_bytree": 0.8660176848546995, "eta": 0.042325137562329994, "gamma": 116.62375963480432, "max_depth": 8.0, "min_child_weight": 4299.95371865701, "num_boost_round": 2.0, "subsample": 0.8830545299773318}, "datetime": {"datetime": "2024-01-20 17:48:48", "elapsed": 12263.076456, "delta": 0.006866}}
{"target": -13.398429335803348, "params": {"colsample_bytree": 0.8660176848546995, "eta": 0.042325137562329994, "gamma": 116.62375963480432, "max_depth": 8.0, "min_child_weight": 4299.95371865701, "num_boost_round": 3.0, "subsample": 0.8830545299773318}, "datetime": {"datetime": "2024-01-20 17:48:48", "elapsed": 12263.082022, "delta": 0.005566}}
{"target": -13.397764059149921, "params": {"colsample_bytree": 0.1404019756186044, "eta": 0.051337524084352104, "gamma": 220.5538964598477, "max_depth": 8.0, "min_child_weight": 4217.424055189557, "num_boost_round": 1.0, "subsample": 0.15576551786510143}, "datetime": {"datetime": "2024-01-20 17:50:17", "elapsed": 12351.723405, "delta": 88.641383}}
{"target": -13.397731696647789, "params": {"colsample_bytree": 0.1404019756186044, "eta": 0.051337524084352104, "gamma": 220.5538964598477, "max_depth": 8.0, "min_child_weight": 4217.424055189557, "num_boost_round": 2.0, "subsample": 0.15576551786510143}, "datetime": {"datetime": "2024-01-20 17:50:17", "elapsed": 12351.734567, "delta": 0.011162}}
{"target": -13.397803635524218, "params": {"colsample_bytree": 0.1404019756186044, "eta": 0.051337524084352104, "gamma": 220.5538964598477, "max_depth": 8.0, "min_child_weight": 4217.424055189557, "num_boost_round": 3.0, "subsample": 0.15576551786510143}, "datetime": {"datetime": "2024-01-20 17:50:17", "elapsed": 12351.739831, "delta": 0.005264}}
