{"target": -13.73669897875383, "params": {"colsample_bytree": 0.48477124716743647, "eta": 0.06431850407864965, "gamma": 29.567343939411074, "max_depth": 7.0, "min_child_weight": 4027.085407977295, "num_boost_round": 5.0, "subsample": 0.6723252403413361}, "datetime": {"datetime": "2024-01-20 16:15:08", "elapsed": 6669.364287, "delta": 0.002709}}
{"target": -13.731284424003263, "params": {"colsample_bytree": 0.6038263856311927, "eta": 0.012085080042881946, "gamma": 134.19944031298203, "max_depth": 8.0, "min_child_weight": 4245.6152486111105, "num_boost_round": 1.0, "subsample": 0.8809443303876555}, "datetime": {"datetime": "2024-01-20 16:15:30", "elapsed": 6691.632509, "delta": 22.268222}}
{"target": -13.731458442146536, "params": {"colsample_bytree": 0.6038263856311927, "eta": 0.012085080042881946, "gamma": 134.19944031298203, "max_depth": 8.0, "min_child_weight": 4245.6152486111105, "num_boost_round": 2.0, "subsample": 0.8809443303876555}, "datetime": {"datetime": "2024-01-20 16:15:30", "elapsed": 6691.636439, "delta": 0.00393}}
{"target": -13.731677554082978, "params": {"colsample_bytree": 0.6038263856311927, "eta": 0.012085080042881946, "gamma": 134.19944031298203, "max_depth": 8.0, "min_child_weight": 4245.6152486111105, "num_boost_round": 3.0, "subsample": 0.8809443303876555}, "datetime": {"datetime": "2024-01-20 16:15:30", "elapsed": 6691.639361, "delta": 0.002922}}
{"target": -13.732592438566872, "params": {"colsample_bytree": 0.3830209646258831, "eta": 0.0878334533478276, "gamma": 743.6761166612586, "max_depth": 8.0, "min_child_weight": 4115.338142553515, "num_boost_round": 1.0, "subsample": 0.6360792179789605}, "datetime": {"datetime": "2024-01-20 16:15:55", "elapsed": 6716.814964, "delta": 25.175603}}
{"target": -13.733916816577157, "params": {"colsample_bytree": 0.3830209646258831, "eta": 0.0878334533478276, "gamma": 743.6761166612586, "max_depth": 8.0, "min_child_weight": 4115.338142553515, "num_boost_round": 2.0, "subsample": 0.6360792179789605}, "datetime": {"datetime": "2024-01-20 16:15:55", "elapsed": 6716.81851, "delta": 0.003546}}
{"target": -13.734723683586946, "params": {"colsample_bytree": 0.3830209646258831, "eta": 0.0878334533478276, "gamma": 743.6761166612586, "max_depth": 8.0, "min_child_weight": 4115.338142553515, "num_boost_round": 3.0, "subsample": 0.6360792179789605}, "datetime": {"datetime": "2024-01-20 16:15:55", "elapsed": 6716.821212, "delta": 0.002702}}
{"target": -13.73594856057717, "params": {"colsample_bytree": 0.3830209646258831, "eta": 0.0878334533478276, "gamma": 743.6761166612586, "max_depth": 8.0, "min_child_weight": 4115.338142553515, "num_boost_round": 4.0, "subsample": 0.6360792179789605}, "datetime": {"datetime": "2024-01-20 16:15:55", "elapsed": 6716.823903, "delta": 0.002691}}
{"target": -13.731313190767024, "params": {"colsample_bytree": 0.6871793953831008, "eta": 0.03239379296891525, "gamma": 679.0111883550892, "max_depth": 2.0, "min_child_weight": 3747.3221493937344, "num_boost_round": 1.0, "subsample": 0.9957900769102118}, "datetime": {"datetime": "2024-01-20 16:16:20", "elapsed": 6741.46424, "delta": 24.640337}}
{"target": -13.731403225585883, "params": {"colsample_bytree": 0.8766581341488062, "eta": 0.03603829912798062, "gamma": 105.39758014924084, "max_depth": 4.0, "min_child_weight": 4299.763607637591, "num_boost_round": 1.0, "subsample": 0.5077996487214828}, "datetime": {"datetime": "2024-01-20 16:16:47", "elapsed": 6768.326599, "delta": 26.862359}}
{"target": -13.731649880505724, "params": {"colsample_bytree": 0.8766581341488062, "eta": 0.03603829912798062, "gamma": 105.39758014924084, "max_depth": 4.0, "min_child_weight": 4299.763607637591, "num_boost_round": 2.0, "subsample": 0.5077996487214828}, "datetime": {"datetime": "2024-01-20 16:16:47", "elapsed": 6768.330839, "delta": 0.00424}}
{"target": -13.732103056111939, "params": {"colsample_bytree": 0.8766581341488062, "eta": 0.03603829912798062, "gamma": 105.39758014924084, "max_depth": 4.0, "min_child_weight": 4299.763607637591, "num_boost_round": 3.0, "subsample": 0.5077996487214828}, "datetime": {"datetime": "2024-01-20 16:16:47", "elapsed": 6768.333717, "delta": 0.002878}}
{"target": -13.732607795721918, "params": {"colsample_bytree": 0.8766581341488062, "eta": 0.03603829912798062, "gamma": 105.39758014924084, "max_depth": 4.0, "min_child_weight": 4299.763607637591, "num_boost_round": 4.0, "subsample": 0.5077996487214828}, "datetime": {"datetime": "2024-01-20 16:16:47", "elapsed": 6768.336425, "delta": 0.002708}}
{"target": -13.733301378601283, "params": {"colsample_bytree": 0.8766581341488062, "eta": 0.03603829912798062, "gamma": 105.39758014924084, "max_depth": 4.0, "min_child_weight": 4299.763607637591, "num_boost_round": 5.0, "subsample": 0.5077996487214828}, "datetime": {"datetime": "2024-01-20 16:16:47", "elapsed": 6768.339138, "delta": 0.002713}}
{"target": -13.734287988509617, "params": {"colsample_bytree": 0.8766581341488062, "eta": 0.03603829912798062, "gamma": 105.39758014924084, "max_depth": 4.0, "min_child_weight": 4299.763607637591, "num_boost_round": 6.0, "subsample": 0.5077996487214828}, "datetime": {"datetime": "2024-01-20 16:16:47", "elapsed": 6768.34192, "delta": 0.002782}}
{"target": -13.734899020259402, "params": {"colsample_bytree": 0.8766581341488062, "eta": 0.03603829912798062, "gamma": 105.39758014924084, "max_depth": 4.0, "min_child_weight": 4299.763607637591, "num_boost_round": 7.0, "subsample": 0.5077996487214828}, "datetime": {"datetime": "2024-01-20 16:16:47", "elapsed": 6768.344601, "delta": 0.002681}}
{"target": -13.73581748463049, "params": {"colsample_bytree": 0.8766581341488062, "eta": 0.03603829912798062, "gamma": 105.39758014924084, "max_depth": 4.0, "min_child_weight": 4299.763607637591, "num_boost_round": 8.0, "subsample": 0.5077996487214828}, "datetime": {"datetime": "2024-01-20 16:16:47", "elapsed": 6768.347279, "delta": 0.002678}}
{"target": -13.736664467128957, "params": {"colsample_bytree": 0.8766581341488062, "eta": 0.03603829912798062, "gamma": 105.39758014924084, "max_depth": 4.0, "min_child_weight": 4299.763607637591, "num_boost_round": 9.0, "subsample": 0.5077996487214828}, "datetime": {"datetime": "2024-01-20 16:16:47", "elapsed": 6768.350413, "delta": 0.003134}}
{"target": -13.737321447686512, "params": {"colsample_bytree": 0.8766581341488062, "eta": 0.03603829912798062, "gamma": 105.39758014924084, "max_depth": 4.0, "min_child_weight": 4299.763607637591, "num_boost_round": 10.0, "subsample": 0.5077996487214828}, "datetime": {"datetime": "2024-01-20 16:16:47", "elapsed": 6768.353376, "delta": 0.002963}}
{"target": -13.73791411023379, "params": {"colsample_bytree": 0.8766581341488062, "eta": 0.03603829912798062, "gamma": 105.39758014924084, "max_depth": 4.0, "min_child_weight": 4299.763607637591, "num_boost_round": 11.0, "subsample": 0.5077996487214828}, "datetime": {"datetime": "2024-01-20 16:16:47", "elapsed": 6768.356102, "delta": 0.002726}}
{"target": -13.738899057787973, "params": {"colsample_bytree": 0.8766581341488062, "eta": 0.03603829912798062, "gamma": 105.39758014924084, "max_depth": 4.0, "min_child_weight": 4299.763607637591, "num_boost_round": 12.0, "subsample": 0.5077996487214828}, "datetime": {"datetime": "2024-01-20 16:16:47", "elapsed": 6768.358824, "delta": 0.002722}}
{"target": -13.73950169475036, "params": {"colsample_bytree": 0.8766581341488062, "eta": 0.03603829912798062, "gamma": 105.39758014924084, "max_depth": 4.0, "min_child_weight": 4299.763607637591, "num_boost_round": 13.0, "subsample": 0.5077996487214828}, "datetime": {"datetime": "2024-01-20 16:16:47", "elapsed": 6768.361684, "delta": 0.00286}}
{"target": -13.740257808202049, "params": {"colsample_bytree": 0.8766581341488062, "eta": 0.03603829912798062, "gamma": 105.39758014924084, "max_depth": 4.0, "min_child_weight": 4299.763607637591, "num_boost_round": 14.0, "subsample": 0.5077996487214828}, "datetime": {"datetime": "2024-01-20 16:16:47", "elapsed": 6768.364394, "delta": 0.00271}}
{"target": -13.741164142907522, "params": {"colsample_bytree": 0.8766581341488062, "eta": 0.03603829912798062, "gamma": 105.39758014924084, "max_depth": 4.0, "min_child_weight": 4299.763607637591, "num_boost_round": 15.0, "subsample": 0.5077996487214828}, "datetime": {"datetime": "2024-01-20 16:16:47", "elapsed": 6768.3673, "delta": 0.002906}}
{"target": -13.741930447881863, "params": {"colsample_bytree": 0.8766581341488062, "eta": 0.03603829912798062, "gamma": 105.39758014924084, "max_depth": 4.0, "min_child_weight": 4299.763607637591, "num_boost_round": 16.0, "subsample": 0.5077996487214828}, "datetime": {"datetime": "2024-01-20 16:16:47", "elapsed": 6768.370171, "delta": 0.002871}}
{"target": -13.74266722330053, "params": {"colsample_bytree": 0.8766581341488062, "eta": 0.03603829912798062, "gamma": 105.39758014924084, "max_depth": 4.0, "min_child_weight": 4299.763607637591, "num_boost_round": 17.0, "subsample": 0.5077996487214828}, "datetime": {"datetime": "2024-01-20 16:16:47", "elapsed": 6768.373047, "delta": 0.002876}}
{"target": -13.743497121104, "params": {"colsample_bytree": 0.8766581341488062, "eta": 0.03603829912798062, "gamma": 105.39758014924084, "max_depth": 4.0, "min_child_weight": 4299.763607637591, "num_boost_round": 18.0, "subsample": 0.5077996487214828}, "datetime": {"datetime": "2024-01-20 16:16:47", "elapsed": 6768.375798, "delta": 0.002751}}
{"target": -13.744458631001052, "params": {"colsample_bytree": 0.8766581341488062, "eta": 0.03603829912798062, "gamma": 105.39758014924084, "max_depth": 4.0, "min_child_weight": 4299.763607637591, "num_boost_round": 19.0, "subsample": 0.5077996487214828}, "datetime": {"datetime": "2024-01-20 16:16:47", "elapsed": 6768.378473, "delta": 0.002675}}
{"target": -13.74495930485998, "params": {"colsample_bytree": 0.8766581341488062, "eta": 0.03603829912798062, "gamma": 105.39758014924084, "max_depth": 4.0, "min_child_weight": 4299.763607637591, "num_boost_round": 20.0, "subsample": 0.5077996487214828}, "datetime": {"datetime": "2024-01-20 16:16:47", "elapsed": 6768.381217, "delta": 0.002744}}
{"target": -13.745715470058338, "params": {"colsample_bytree": 0.8766581341488062, "eta": 0.03603829912798062, "gamma": 105.39758014924084, "max_depth": 4.0, "min_child_weight": 4299.763607637591, "num_boost_round": 21.0, "subsample": 0.5077996487214828}, "datetime": {"datetime": "2024-01-20 16:16:47", "elapsed": 6768.383993, "delta": 0.002776}}
{"target": -13.731876454451662, "params": {"colsample_bytree": 0.6837791437567721, "eta": 0.04482274823806204, "gamma": 414.9013321282742, "max_depth": 7.0, "min_child_weight": 4577.78816168769, "num_boost_round": 1.0, "subsample": 0.8039163930108632}, "datetime": {"datetime": "2024-01-20 16:17:14", "elapsed": 6795.453823, "delta": 27.06983}}
{"target": -13.732103437416788, "params": {"colsample_bytree": 0.666141153303836, "eta": 0.09601302873649031, "gamma": 419.55203210982006, "max_depth": 4.0, "min_child_weight": 4330.197735365294, "num_boost_round": 1.0, "subsample": 0.5461929992369384}, "datetime": {"datetime": "2024-01-20 16:17:39", "elapsed": 6820.883534, "delta": 25.429711}}
{"target": -13.732308820653436, "params": {"colsample_bytree": 0.5901173634056701, "eta": 0.0831266461988599, "gamma": 669.5443856680497, "max_depth": 9.0, "min_child_weight": 3792.983543305544, "num_boost_round": 1.0, "subsample": 0.13260909119935907}, "datetime": {"datetime": "2024-01-20 16:18:04", "elapsed": 6845.793707, "delta": 24.910173}}
{"target": -13.73360102853077, "params": {"colsample_bytree": 0.5901173634056701, "eta": 0.0831266461988599, "gamma": 669.5443856680497, "max_depth": 9.0, "min_child_weight": 3792.983543305544, "num_boost_round": 2.0, "subsample": 0.13260909119935907}, "datetime": {"datetime": "2024-01-20 16:18:04", "elapsed": 6845.797661, "delta": 0.003954}}
{"target": -13.735406060349973, "params": {"colsample_bytree": 0.5901173634056701, "eta": 0.0831266461988599, "gamma": 669.5443856680497, "max_depth": 9.0, "min_child_weight": 3792.983543305544, "num_boost_round": 3.0, "subsample": 0.13260909119935907}, "datetime": {"datetime": "2024-01-20 16:18:04", "elapsed": 6845.80079, "delta": 0.003129}}
{"target": -13.73714728535534, "params": {"colsample_bytree": 0.5901173634056701, "eta": 0.0831266461988599, "gamma": 669.5443856680497, "max_depth": 9.0, "min_child_weight": 3792.983543305544, "num_boost_round": 4.0, "subsample": 0.13260909119935907}, "datetime": {"datetime": "2024-01-20 16:18:04", "elapsed": 6845.803669, "delta": 0.002879}}
{"target": -13.739164961887678, "params": {"colsample_bytree": 0.5901173634056701, "eta": 0.0831266461988599, "gamma": 669.5443856680497, "max_depth": 9.0, "min_child_weight": 3792.983543305544, "num_boost_round": 5.0, "subsample": 0.13260909119935907}, "datetime": {"datetime": "2024-01-20 16:18:04", "elapsed": 6845.806455, "delta": 0.002786}}
{"target": -13.741323108319541, "params": {"colsample_bytree": 0.5901173634056701, "eta": 0.0831266461988599, "gamma": 669.5443856680497, "max_depth": 9.0, "min_child_weight": 3792.983543305544, "num_boost_round": 6.0, "subsample": 0.13260909119935907}, "datetime": {"datetime": "2024-01-20 16:18:04", "elapsed": 6845.809218, "delta": 0.002763}}
{"target": -13.731119166139058, "params": {"colsample_bytree": 0.6226334624348617, "eta": 0.007024982039051385, "gamma": 168.2221058322989, "max_depth": 7.0, "min_child_weight": 4217.23512989073, "num_boost_round": 1.0, "subsample": 0.33246290934201295}, "datetime": {"datetime": "2024-01-20 16:18:51", "elapsed": 6892.159572, "delta": 46.350354}}
{"target": -13.731137777503468, "params": {"colsample_bytree": 0.6226334624348617, "eta": 0.007024982039051385, "gamma": 168.2221058322989, "max_depth": 7.0, "min_child_weight": 4217.23512989073, "num_boost_round": 2.0, "subsample": 0.33246290934201295}, "datetime": {"datetime": "2024-01-20 16:18:51", "elapsed": 6892.163565, "delta": 0.003993}}
{"target": -13.731230711502622, "params": {"colsample_bytree": 0.6226334624348617, "eta": 0.007024982039051385, "gamma": 168.2221058322989, "max_depth": 7.0, "min_child_weight": 4217.23512989073, "num_boost_round": 3.0, "subsample": 0.33246290934201295}, "datetime": {"datetime": "2024-01-20 16:18:51", "elapsed": 6892.166701, "delta": 0.003136}}
{"target": -13.731377681583474, "params": {"colsample_bytree": 0.6226334624348617, "eta": 0.007024982039051385, "gamma": 168.2221058322989, "max_depth": 7.0, "min_child_weight": 4217.23512989073, "num_boost_round": 4.0, "subsample": 0.33246290934201295}, "datetime": {"datetime": "2024-01-20 16:18:51", "elapsed": 6892.169494, "delta": 0.002793}}
{"target": -13.731546002112196, "params": {"colsample_bytree": 0.6226334624348617, "eta": 0.007024982039051385, "gamma": 168.2221058322989, "max_depth": 7.0, "min_child_weight": 4217.23512989073, "num_boost_round": 5.0, "subsample": 0.33246290934201295}, "datetime": {"datetime": "2024-01-20 16:18:51", "elapsed": 6892.172319, "delta": 0.002825}}
{"target": -13.731655959522415, "params": {"colsample_bytree": 0.6226334624348617, "eta": 0.007024982039051385, "gamma": 168.2221058322989, "max_depth": 7.0, "min_child_weight": 4217.23512989073, "num_boost_round": 6.0, "subsample": 0.33246290934201295}, "datetime": {"datetime": "2024-01-20 16:18:51", "elapsed": 6892.17505, "delta": 0.002731}}
{"target": -13.731808223075774, "params": {"colsample_bytree": 0.6226334624348617, "eta": 0.007024982039051385, "gamma": 168.2221058322989, "max_depth": 7.0, "min_child_weight": 4217.23512989073, "num_boost_round": 7.0, "subsample": 0.33246290934201295}, "datetime": {"datetime": "2024-01-20 16:18:51", "elapsed": 6892.177769, "delta": 0.002719}}
{"target": -13.73196048297786, "params": {"colsample_bytree": 0.6226334624348617, "eta": 0.007024982039051385, "gamma": 168.2221058322989, "max_depth": 7.0, "min_child_weight": 4217.23512989073, "num_boost_round": 8.0, "subsample": 0.33246290934201295}, "datetime": {"datetime": "2024-01-20 16:18:51", "elapsed": 6892.18054, "delta": 0.002771}}
{"target": -13.73210974375696, "params": {"colsample_bytree": 0.6226334624348617, "eta": 0.007024982039051385, "gamma": 168.2221058322989, "max_depth": 7.0, "min_child_weight": 4217.23512989073, "num_boost_round": 9.0, "subsample": 0.33246290934201295}, "datetime": {"datetime": "2024-01-20 16:18:51", "elapsed": 6892.183393, "delta": 0.002853}}
{"target": -13.73221309983112, "params": {"colsample_bytree": 0.6226334624348617, "eta": 0.007024982039051385, "gamma": 168.2221058322989, "max_depth": 7.0, "min_child_weight": 4217.23512989073, "num_boost_round": 10.0, "subsample": 0.33246290934201295}, "datetime": {"datetime": "2024-01-20 16:18:51", "elapsed": 6892.186371, "delta": 0.002978}}
{"target": -13.732338390298152, "params": {"colsample_bytree": 0.6226334624348617, "eta": 0.007024982039051385, "gamma": 168.2221058322989, "max_depth": 7.0, "min_child_weight": 4217.23512989073, "num_boost_round": 11.0, "subsample": 0.33246290934201295}, "datetime": {"datetime": "2024-01-20 16:18:51", "elapsed": 6892.189104, "delta": 0.002733}}
{"target": -13.732490538870195, "params": {"colsample_bytree": 0.6226334624348617, "eta": 0.007024982039051385, "gamma": 168.2221058322989, "max_depth": 7.0, "min_child_weight": 4217.23512989073, "num_boost_round": 12.0, "subsample": 0.33246290934201295}, "datetime": {"datetime": "2024-01-20 16:18:51", "elapsed": 6892.191969, "delta": 0.002865}}
{"target": -13.7326433261105, "params": {"colsample_bytree": 0.6226334624348617, "eta": 0.007024982039051385, "gamma": 168.2221058322989, "max_depth": 7.0, "min_child_weight": 4217.23512989073, "num_boost_round": 13.0, "subsample": 0.33246290934201295}, "datetime": {"datetime": "2024-01-20 16:18:51", "elapsed": 6892.194741, "delta": 0.002772}}
{"target": -13.73284598284959, "params": {"colsample_bytree": 0.6226334624348617, "eta": 0.007024982039051385, "gamma": 168.2221058322989, "max_depth": 7.0, "min_child_weight": 4217.23512989073, "num_boost_round": 14.0, "subsample": 0.33246290934201295}, "datetime": {"datetime": "2024-01-20 16:18:51", "elapsed": 6892.197467, "delta": 0.002726}}
{"target": -13.732965482532101, "params": {"colsample_bytree": 0.6226334624348617, "eta": 0.007024982039051385, "gamma": 168.2221058322989, "max_depth": 7.0, "min_child_weight": 4217.23512989073, "num_boost_round": 15.0, "subsample": 0.33246290934201295}, "datetime": {"datetime": "2024-01-20 16:18:51", "elapsed": 6892.200284, "delta": 0.002817}}
{"target": -13.733086657043659, "params": {"colsample_bytree": 0.6226334624348617, "eta": 0.007024982039051385, "gamma": 168.2221058322989, "max_depth": 7.0, "min_child_weight": 4217.23512989073, "num_boost_round": 16.0, "subsample": 0.33246290934201295}, "datetime": {"datetime": "2024-01-20 16:18:51", "elapsed": 6892.203093, "delta": 0.002809}}
{"target": -13.733217287494504, "params": {"colsample_bytree": 0.6226334624348617, "eta": 0.007024982039051385, "gamma": 168.2221058322989, "max_depth": 7.0, "min_child_weight": 4217.23512989073, "num_boost_round": 17.0, "subsample": 0.33246290934201295}, "datetime": {"datetime": "2024-01-20 16:18:51", "elapsed": 6892.205837, "delta": 0.002744}}
{"target": -13.7333404752084, "params": {"colsample_bytree": 0.6226334624348617, "eta": 0.007024982039051385, "gamma": 168.2221058322989, "max_depth": 7.0, "min_child_weight": 4217.23512989073, "num_boost_round": 18.0, "subsample": 0.33246290934201295}, "datetime": {"datetime": "2024-01-20 16:18:51", "elapsed": 6892.208577, "delta": 0.00274}}
{"target": -13.733445741165571, "params": {"colsample_bytree": 0.6226334624348617, "eta": 0.007024982039051385, "gamma": 168.2221058322989, "max_depth": 7.0, "min_child_weight": 4217.23512989073, "num_boost_round": 19.0, "subsample": 0.33246290934201295}, "datetime": {"datetime": "2024-01-20 16:18:51", "elapsed": 6892.211388, "delta": 0.002811}}
{"target": -13.733545807148092, "params": {"colsample_bytree": 0.6226334624348617, "eta": 0.007024982039051385, "gamma": 168.2221058322989, "max_depth": 7.0, "min_child_weight": 4217.23512989073, "num_boost_round": 20.0, "subsample": 0.33246290934201295}, "datetime": {"datetime": "2024-01-20 16:18:51", "elapsed": 6892.214122, "delta": 0.002734}}
{"target": -13.733658214603985, "params": {"colsample_bytree": 0.6226334624348617, "eta": 0.007024982039051385, "gamma": 168.2221058322989, "max_depth": 7.0, "min_child_weight": 4217.23512989073, "num_boost_round": 21.0, "subsample": 0.33246290934201295}, "datetime": {"datetime": "2024-01-20 16:18:51", "elapsed": 6892.216883, "delta": 0.002761}}
{"target": -13.733770443474771, "params": {"colsample_bytree": 0.6226334624348617, "eta": 0.007024982039051385, "gamma": 168.2221058322989, "max_depth": 7.0, "min_child_weight": 4217.23512989073, "num_boost_round": 22.0, "subsample": 0.33246290934201295}, "datetime": {"datetime": "2024-01-20 16:18:51", "elapsed": 6892.219723, "delta": 0.00284}}
{"target": -13.733919419027487, "params": {"colsample_bytree": 0.6226334624348617, "eta": 0.007024982039051385, "gamma": 168.2221058322989, "max_depth": 7.0, "min_child_weight": 4217.23512989073, "num_boost_round": 23.0, "subsample": 0.33246290934201295}, "datetime": {"datetime": "2024-01-20 16:18:51", "elapsed": 6892.222578, "delta": 0.002855}}
{"target": -13.734021782431048, "params": {"colsample_bytree": 0.6226334624348617, "eta": 0.007024982039051385, "gamma": 168.2221058322989, "max_depth": 7.0, "min_child_weight": 4217.23512989073, "num_boost_round": 24.0, "subsample": 0.33246290934201295}, "datetime": {"datetime": "2024-01-20 16:18:51", "elapsed": 6892.2253, "delta": 0.002722}}
{"target": -13.731588629189016, "params": {"colsample_bytree": 0.11607534126992453, "eta": 0.05368630605972484, "gamma": 914.455922093219, "max_depth": 6.0, "min_child_weight": 4162.863123832015, "num_boost_round": 1.0, "subsample": 0.23887253113964907}, "datetime": {"datetime": "2024-01-20 16:19:17", "elapsed": 6918.521187, "delta": 26.295887}}
