{"target": -10.481816609063669, "params": {"colsample_bytree": 0.10348652640453462, "eta": 0.07870041653095701, "gamma": 745.928657018637, "max_depth": 4.0, "min_child_weight": 2173.77348524552, "num_boost_round": 22.0, "subsample": 0.619272163017632}, "datetime": {"datetime": "2024-01-20 14:18:16", "elapsed": 3188.172232, "delta": 0.003636}}
{"target": -10.48230197535323, "params": {"colsample_bytree": 0.10348652640453462, "eta": 0.07870041653095701, "gamma": 745.928657018637, "max_depth": 4.0, "min_child_weight": 2173.77348524552, "num_boost_round": 23.0, "subsample": 0.619272163017632}, "datetime": {"datetime": "2024-01-20 14:18:16", "elapsed": 3188.175758, "delta": 0.003526}}
{"target": -10.475563626463721, "params": {"colsample_bytree": 0.38433016040926804, "eta": 0.078560206124081, "gamma": 912.3678486870722, "max_depth": 7.0, "min_child_weight": 1906.121285816118, "num_boost_round": 1.0, "subsample": 0.2537513812790786}, "datetime": {"datetime": "2024-01-20 14:19:29", "elapsed": 3261.659345, "delta": 73.483587}}
{"target": -10.475175384963798, "params": {"colsample_bytree": 0.38433016040926804, "eta": 0.078560206124081, "gamma": 912.3678486870722, "max_depth": 7.0, "min_child_weight": 1906.121285816118, "num_boost_round": 2.0, "subsample": 0.2537513812790786}, "datetime": {"datetime": "2024-01-20 14:19:29", "elapsed": 3261.663573, "delta": 0.004228}}
{"target": -10.475202419186797, "params": {"colsample_bytree": 0.38433016040926804, "eta": 0.078560206124081, "gamma": 912.3678486870722, "max_depth": 7.0, "min_child_weight": 1906.121285816118, "num_boost_round": 3.0, "subsample": 0.2537513812790786}, "datetime": {"datetime": "2024-01-20 14:19:29", "elapsed": 3261.66741, "delta": 0.003837}}
{"target": -10.474793691674613, "params": {"colsample_bytree": 0.38433016040926804, "eta": 0.078560206124081, "gamma": 912.3678486870722, "max_depth": 7.0, "min_child_weight": 1906.121285816118, "num_boost_round": 4.0, "subsample": 0.2537513812790786}, "datetime": {"datetime": "2024-01-20 14:19:29", "elapsed": 3261.67088, "delta": 0.00347}}
{"target": -10.47439651680773, "params": {"colsample_bytree": 0.38433016040926804, "eta": 0.078560206124081, "gamma": 912.3678486870722, "max_depth": 7.0, "min_child_weight": 1906.121285816118, "num_boost_round": 5.0, "subsample": 0.2537513812790786}, "datetime": {"datetime": "2024-01-20 14:19:29", "elapsed": 3261.674252, "delta": 0.003372}}
{"target": -10.474822414684404, "params": {"colsample_bytree": 0.38433016040926804, "eta": 0.078560206124081, "gamma": 912.3678486870722, "max_depth": 7.0, "min_child_weight": 1906.121285816118, "num_boost_round": 6.0, "subsample": 0.2537513812790786}, "datetime": {"datetime": "2024-01-20 14:19:29", "elapsed": 3261.677726, "delta": 0.003474}}
{"target": -10.474741359043907, "params": {"colsample_bytree": 0.38433016040926804, "eta": 0.078560206124081, "gamma": 912.3678486870722, "max_depth": 7.0, "min_child_weight": 1906.121285816118, "num_boost_round": 7.0, "subsample": 0.2537513812790786}, "datetime": {"datetime": "2024-01-20 14:19:29", "elapsed": 3261.681275, "delta": 0.003549}}
{"target": -10.474586235361791, "params": {"colsample_bytree": 0.38433016040926804, "eta": 0.078560206124081, "gamma": 912.3678486870722, "max_depth": 7.0, "min_child_weight": 1906.121285816118, "num_boost_round": 8.0, "subsample": 0.2537513812790786}, "datetime": {"datetime": "2024-01-20 14:19:29", "elapsed": 3261.684693, "delta": 0.003418}}
{"target": -10.474710185576757, "params": {"colsample_bytree": 0.38433016040926804, "eta": 0.078560206124081, "gamma": 912.3678486870722, "max_depth": 7.0, "min_child_weight": 1906.121285816118, "num_boost_round": 9.0, "subsample": 0.2537513812790786}, "datetime": {"datetime": "2024-01-20 14:19:29", "elapsed": 3261.688112, "delta": 0.003419}}
{"target": -10.47481570352852, "params": {"colsample_bytree": 0.38433016040926804, "eta": 0.078560206124081, "gamma": 912.3678486870722, "max_depth": 7.0, "min_child_weight": 1906.121285816118, "num_boost_round": 10.0, "subsample": 0.2537513812790786}, "datetime": {"datetime": "2024-01-20 14:19:29", "elapsed": 3261.691547, "delta": 0.003435}}
{"target": -10.475465154888969, "params": {"colsample_bytree": 0.38433016040926804, "eta": 0.078560206124081, "gamma": 912.3678486870722, "max_depth": 7.0, "min_child_weight": 1906.121285816118, "num_boost_round": 11.0, "subsample": 0.2537513812790786}, "datetime": {"datetime": "2024-01-20 14:19:29", "elapsed": 3261.694925, "delta": 0.003378}}
{"target": -10.475634098081025, "params": {"colsample_bytree": 0.38433016040926804, "eta": 0.078560206124081, "gamma": 912.3678486870722, "max_depth": 7.0, "min_child_weight": 1906.121285816118, "num_boost_round": 12.0, "subsample": 0.2537513812790786}, "datetime": {"datetime": "2024-01-20 14:19:29", "elapsed": 3261.698393, "delta": 0.003468}}
{"target": -10.475980028625896, "params": {"colsample_bytree": 0.38433016040926804, "eta": 0.078560206124081, "gamma": 912.3678486870722, "max_depth": 7.0, "min_child_weight": 1906.121285816118, "num_boost_round": 13.0, "subsample": 0.2537513812790786}, "datetime": {"datetime": "2024-01-20 14:19:29", "elapsed": 3261.701792, "delta": 0.003399}}
{"target": -10.476022661234657, "params": {"colsample_bytree": 0.38433016040926804, "eta": 0.078560206124081, "gamma": 912.3678486870722, "max_depth": 7.0, "min_child_weight": 1906.121285816118, "num_boost_round": 14.0, "subsample": 0.2537513812790786}, "datetime": {"datetime": "2024-01-20 14:19:29", "elapsed": 3261.70527, "delta": 0.003478}}
{"target": -10.476378413568435, "params": {"colsample_bytree": 0.38433016040926804, "eta": 0.078560206124081, "gamma": 912.3678486870722, "max_depth": 7.0, "min_child_weight": 1906.121285816118, "num_boost_round": 15.0, "subsample": 0.2537513812790786}, "datetime": {"datetime": "2024-01-20 14:19:29", "elapsed": 3261.708814, "delta": 0.003544}}
{"target": -10.476906542230646, "params": {"colsample_bytree": 0.38433016040926804, "eta": 0.078560206124081, "gamma": 912.3678486870722, "max_depth": 7.0, "min_child_weight": 1906.121285816118, "num_boost_round": 16.0, "subsample": 0.2537513812790786}, "datetime": {"datetime": "2024-01-20 14:19:29", "elapsed": 3261.712257, "delta": 0.003443}}
{"target": -10.477531157577157, "params": {"colsample_bytree": 0.38433016040926804, "eta": 0.078560206124081, "gamma": 912.3678486870722, "max_depth": 7.0, "min_child_weight": 1906.121285816118, "num_boost_round": 17.0, "subsample": 0.2537513812790786}, "datetime": {"datetime": "2024-01-20 14:19:29", "elapsed": 3261.715628, "delta": 0.003371}}
{"target": -10.477754437961718, "params": {"colsample_bytree": 0.38433016040926804, "eta": 0.078560206124081, "gamma": 912.3678486870722, "max_depth": 7.0, "min_child_weight": 1906.121285816118, "num_boost_round": 18.0, "subsample": 0.2537513812790786}, "datetime": {"datetime": "2024-01-20 14:19:29", "elapsed": 3261.719131, "delta": 0.003503}}
{"target": -10.478388314348074, "params": {"colsample_bytree": 0.38433016040926804, "eta": 0.078560206124081, "gamma": 912.3678486870722, "max_depth": 7.0, "min_child_weight": 1906.121285816118, "num_boost_round": 19.0, "subsample": 0.2537513812790786}, "datetime": {"datetime": "2024-01-20 14:19:29", "elapsed": 3261.722739, "delta": 0.003608}}
{"target": -10.47873637247479, "params": {"colsample_bytree": 0.38433016040926804, "eta": 0.078560206124081, "gamma": 912.3678486870722, "max_depth": 7.0, "min_child_weight": 1906.121285816118, "num_boost_round": 20.0, "subsample": 0.2537513812790786}, "datetime": {"datetime": "2024-01-20 14:19:29", "elapsed": 3261.72613, "delta": 0.003391}}
{"target": -10.479238247350466, "params": {"colsample_bytree": 0.38433016040926804, "eta": 0.078560206124081, "gamma": 912.3678486870722, "max_depth": 7.0, "min_child_weight": 1906.121285816118, "num_boost_round": 21.0, "subsample": 0.2537513812790786}, "datetime": {"datetime": "2024-01-20 14:19:29", "elapsed": 3261.729559, "delta": 0.003429}}
{"target": -10.478868410137178, "params": {"colsample_bytree": 0.38433016040926804, "eta": 0.078560206124081, "gamma": 912.3678486870722, "max_depth": 7.0, "min_child_weight": 1906.121285816118, "num_boost_round": 22.0, "subsample": 0.2537513812790786}, "datetime": {"datetime": "2024-01-20 14:19:29", "elapsed": 3261.732906, "delta": 0.003347}}
{"target": -10.479186747778531, "params": {"colsample_bytree": 0.38433016040926804, "eta": 0.078560206124081, "gamma": 912.3678486870722, "max_depth": 7.0, "min_child_weight": 1906.121285816118, "num_boost_round": 23.0, "subsample": 0.2537513812790786}, "datetime": {"datetime": "2024-01-20 14:19:29", "elapsed": 3261.736322, "delta": 0.003416}}
{"target": -10.479178558015164, "params": {"colsample_bytree": 0.38433016040926804, "eta": 0.078560206124081, "gamma": 912.3678486870722, "max_depth": 7.0, "min_child_weight": 1906.121285816118, "num_boost_round": 24.0, "subsample": 0.2537513812790786}, "datetime": {"datetime": "2024-01-20 14:19:29", "elapsed": 3261.739784, "delta": 0.003462}}
{"target": -10.479276089874222, "params": {"colsample_bytree": 0.38433016040926804, "eta": 0.078560206124081, "gamma": 912.3678486870722, "max_depth": 7.0, "min_child_weight": 1906.121285816118, "num_boost_round": 25.0, "subsample": 0.2537513812790786}, "datetime": {"datetime": "2024-01-20 14:19:29", "elapsed": 3261.743198, "delta": 0.003414}}
{"target": -10.479518366201077, "params": {"colsample_bytree": 0.38433016040926804, "eta": 0.078560206124081, "gamma": 912.3678486870722, "max_depth": 7.0, "min_child_weight": 1906.121285816118, "num_boost_round": 26.0, "subsample": 0.2537513812790786}, "datetime": {"datetime": "2024-01-20 14:19:29", "elapsed": 3261.746648, "delta": 0.00345}}
{"target": -10.47989642863991, "params": {"colsample_bytree": 0.38433016040926804, "eta": 0.078560206124081, "gamma": 912.3678486870722, "max_depth": 7.0, "min_child_weight": 1906.121285816118, "num_boost_round": 27.0, "subsample": 0.2537513812790786}, "datetime": {"datetime": "2024-01-20 14:19:29", "elapsed": 3261.750092, "delta": 0.003444}}
{"target": -10.480177995238318, "params": {"colsample_bytree": 0.38433016040926804, "eta": 0.078560206124081, "gamma": 912.3678486870722, "max_depth": 7.0, "min_child_weight": 1906.121285816118, "num_boost_round": 28.0, "subsample": 0.2537513812790786}, "datetime": {"datetime": "2024-01-20 14:19:29", "elapsed": 3261.753479, "delta": 0.003387}}
{"target": -10.48038132482494, "params": {"colsample_bytree": 0.38433016040926804, "eta": 0.078560206124081, "gamma": 912.3678486870722, "max_depth": 7.0, "min_child_weight": 1906.121285816118, "num_boost_round": 29.0, "subsample": 0.2537513812790786}, "datetime": {"datetime": "2024-01-20 14:19:29", "elapsed": 3261.756933, "delta": 0.003454}}
{"target": -10.480645376203022, "params": {"colsample_bytree": 0.38433016040926804, "eta": 0.078560206124081, "gamma": 912.3678486870722, "max_depth": 7.0, "min_child_weight": 1906.121285816118, "num_boost_round": 30.0, "subsample": 0.2537513812790786}, "datetime": {"datetime": "2024-01-20 14:19:29", "elapsed": 3261.760577, "delta": 0.003644}}
{"target": -10.480859039406873, "params": {"colsample_bytree": 0.38433016040926804, "eta": 0.078560206124081, "gamma": 912.3678486870722, "max_depth": 7.0, "min_child_weight": 1906.121285816118, "num_boost_round": 31.0, "subsample": 0.2537513812790786}, "datetime": {"datetime": "2024-01-20 14:19:29", "elapsed": 3261.764377, "delta": 0.0038}}
{"target": -10.480857218585983, "params": {"colsample_bytree": 0.38433016040926804, "eta": 0.078560206124081, "gamma": 912.3678486870722, "max_depth": 7.0, "min_child_weight": 1906.121285816118, "num_boost_round": 32.0, "subsample": 0.2537513812790786}, "datetime": {"datetime": "2024-01-20 14:19:29", "elapsed": 3261.767785, "delta": 0.003408}}
{"target": -10.481273682027263, "params": {"colsample_bytree": 0.38433016040926804, "eta": 0.078560206124081, "gamma": 912.3678486870722, "max_depth": 7.0, "min_child_weight": 1906.121285816118, "num_boost_round": 33.0, "subsample": 0.2537513812790786}, "datetime": {"datetime": "2024-01-20 14:19:29", "elapsed": 3261.771267, "delta": 0.003482}}
{"target": -10.481182586188961, "params": {"colsample_bytree": 0.38433016040926804, "eta": 0.078560206124081, "gamma": 912.3678486870722, "max_depth": 7.0, "min_child_weight": 1906.121285816118, "num_boost_round": 34.0, "subsample": 0.2537513812790786}, "datetime": {"datetime": "2024-01-20 14:19:29", "elapsed": 3261.774652, "delta": 0.003385}}
{"target": -10.481803979483344, "params": {"colsample_bytree": 0.38433016040926804, "eta": 0.078560206124081, "gamma": 912.3678486870722, "max_depth": 7.0, "min_child_weight": 1906.121285816118, "num_boost_round": 35.0, "subsample": 0.2537513812790786}, "datetime": {"datetime": "2024-01-20 14:19:29", "elapsed": 3261.778211, "delta": 0.003559}}
{"target": -10.48188916952995, "params": {"colsample_bytree": 0.38433016040926804, "eta": 0.078560206124081, "gamma": 912.3678486870722, "max_depth": 7.0, "min_child_weight": 1906.121285816118, "num_boost_round": 36.0, "subsample": 0.2537513812790786}, "datetime": {"datetime": "2024-01-20 14:19:29", "elapsed": 3261.781616, "delta": 0.003405}}
{"target": -10.482265120149966, "params": {"colsample_bytree": 0.38433016040926804, "eta": 0.078560206124081, "gamma": 912.3678486870722, "max_depth": 7.0, "min_child_weight": 1906.121285816118, "num_boost_round": 37.0, "subsample": 0.2537513812790786}, "datetime": {"datetime": "2024-01-20 14:19:29", "elapsed": 3261.785043, "delta": 0.003427}}
{"target": -10.482525286851539, "params": {"colsample_bytree": 0.38433016040926804, "eta": 0.078560206124081, "gamma": 912.3678486870722, "max_depth": 7.0, "min_child_weight": 1906.121285816118, "num_boost_round": 38.0, "subsample": 0.2537513812790786}, "datetime": {"datetime": "2024-01-20 14:19:29", "elapsed": 3261.788539, "delta": 0.003496}}
{"target": -10.48269253173283, "params": {"colsample_bytree": 0.38433016040926804, "eta": 0.078560206124081, "gamma": 912.3678486870722, "max_depth": 7.0, "min_child_weight": 1906.121285816118, "num_boost_round": 39.0, "subsample": 0.2537513812790786}, "datetime": {"datetime": "2024-01-20 14:19:29", "elapsed": 3261.792015, "delta": 0.003476}}
{"target": -10.475778635515205, "params": {"colsample_bytree": 0.17930365547099583, "eta": 0.07516519842371171, "gamma": 771.9726468128354, "max_depth": 9.0, "min_child_weight": 2064.566579094816, "num_boost_round": 1.0, "subsample": 0.7020220195266926}, "datetime": {"datetime": "2024-01-20 14:20:09", "elapsed": 3301.11693, "delta": 39.324915}}
{"target": -10.475435868147237, "params": {"colsample_bytree": 0.17930365547099583, "eta": 0.07516519842371171, "gamma": 771.9726468128354, "max_depth": 9.0, "min_child_weight": 2064.566579094816, "num_boost_round": 2.0, "subsample": 0.7020220195266926}, "datetime": {"datetime": "2024-01-20 14:20:09", "elapsed": 3301.121446, "delta": 0.004516}}
{"target": -10.47583926766543, "params": {"colsample_bytree": 0.17930365547099583, "eta": 0.07516519842371171, "gamma": 771.9726468128354, "max_depth": 9.0, "min_child_weight": 2064.566579094816, "num_boost_round": 3.0, "subsample": 0.7020220195266926}, "datetime": {"datetime": "2024-01-20 14:20:09", "elapsed": 3301.124979, "delta": 0.003533}}
{"target": -10.476364030306796, "params": {"colsample_bytree": 0.17930365547099583, "eta": 0.07516519842371171, "gamma": 771.9726468128354, "max_depth": 9.0, "min_child_weight": 2064.566579094816, "num_boost_round": 4.0, "subsample": 0.7020220195266926}, "datetime": {"datetime": "2024-01-20 14:20:09", "elapsed": 3301.128516, "delta": 0.003537}}
{"target": -10.476345529591045, "params": {"colsample_bytree": 0.17930365547099583, "eta": 0.07516519842371171, "gamma": 771.9726468128354, "max_depth": 9.0, "min_child_weight": 2064.566579094816, "num_boost_round": 5.0, "subsample": 0.7020220195266926}, "datetime": {"datetime": "2024-01-20 14:20:09", "elapsed": 3301.131969, "delta": 0.003453}}
{"target": -10.477006096255167, "params": {"colsample_bytree": 0.17930365547099583, "eta": 0.07516519842371171, "gamma": 771.9726468128354, "max_depth": 9.0, "min_child_weight": 2064.566579094816, "num_boost_round": 6.0, "subsample": 0.7020220195266926}, "datetime": {"datetime": "2024-01-20 14:20:09", "elapsed": 3301.135483, "delta": 0.003514}}
{"target": -10.477421156709752, "params": {"colsample_bytree": 0.17930365547099583, "eta": 0.07516519842371171, "gamma": 771.9726468128354, "max_depth": 9.0, "min_child_weight": 2064.566579094816, "num_boost_round": 7.0, "subsample": 0.7020220195266926}, "datetime": {"datetime": "2024-01-20 14:20:09", "elapsed": 3301.139052, "delta": 0.003569}}
{"target": -10.477543690442872, "params": {"colsample_bytree": 0.17930365547099583, "eta": 0.07516519842371171, "gamma": 771.9726468128354, "max_depth": 9.0, "min_child_weight": 2064.566579094816, "num_boost_round": 8.0, "subsample": 0.7020220195266926}, "datetime": {"datetime": "2024-01-20 14:20:09", "elapsed": 3301.142564, "delta": 0.003512}}
{"target": -10.477326395064892, "params": {"colsample_bytree": 0.17930365547099583, "eta": 0.07516519842371171, "gamma": 771.9726468128354, "max_depth": 9.0, "min_child_weight": 2064.566579094816, "num_boost_round": 9.0, "subsample": 0.7020220195266926}, "datetime": {"datetime": "2024-01-20 14:20:09", "elapsed": 3301.146266, "delta": 0.003702}}
{"target": -10.478206750882446, "params": {"colsample_bytree": 0.17930365547099583, "eta": 0.07516519842371171, "gamma": 771.9726468128354, "max_depth": 9.0, "min_child_weight": 2064.566579094816, "num_boost_round": 10.0, "subsample": 0.7020220195266926}, "datetime": {"datetime": "2024-01-20 14:20:09", "elapsed": 3301.150059, "delta": 0.003793}}
{"target": -10.475863798822646, "params": {"colsample_bytree": 0.6637900505165443, "eta": 0.019279805061692405, "gamma": 689.3502815464576, "max_depth": 4.0, "min_child_weight": 2242.415564398852, "num_boost_round": 1.0, "subsample": 0.1302434556291591}, "datetime": {"datetime": "2024-01-20 14:20:48", "elapsed": 3340.60099, "delta": 39.450931}}
{"target": -10.475797679658164, "params": {"colsample_bytree": 0.19410859536488181, "eta": 0.07123616704879239, "gamma": 625.4143829294129, "max_depth": 8.0, "min_child_weight": 2179.1294031435905, "num_boost_round": 1.0, "subsample": 0.6701563758274977}, "datetime": {"datetime": "2024-01-20 14:21:55", "elapsed": 3407.573379, "delta": 66.972389}}
{"target": -10.475539334290021, "params": {"colsample_bytree": 0.19410859536488181, "eta": 0.07123616704879239, "gamma": 625.4143829294129, "max_depth": 8.0, "min_child_weight": 2179.1294031435905, "num_boost_round": 2.0, "subsample": 0.6701563758274977}, "datetime": {"datetime": "2024-01-20 14:21:55", "elapsed": 3407.579104, "delta": 0.005725}}
{"target": -10.475888597924346, "params": {"colsample_bytree": 0.19410859536488181, "eta": 0.07123616704879239, "gamma": 625.4143829294129, "max_depth": 8.0, "min_child_weight": 2179.1294031435905, "num_boost_round": 3.0, "subsample": 0.6701563758274977}, "datetime": {"datetime": "2024-01-20 14:21:55", "elapsed": 3407.582842, "delta": 0.003738}}
{"target": -10.476508085814249, "params": {"colsample_bytree": 0.19410859536488181, "eta": 0.07123616704879239, "gamma": 625.4143829294129, "max_depth": 8.0, "min_child_weight": 2179.1294031435905, "num_boost_round": 4.0, "subsample": 0.6701563758274977}, "datetime": {"datetime": "2024-01-20 14:21:55", "elapsed": 3407.586376, "delta": 0.003534}}
{"target": -10.476346901489766, "params": {"colsample_bytree": 0.19410859536488181, "eta": 0.07123616704879239, "gamma": 625.4143829294129, "max_depth": 8.0, "min_child_weight": 2179.1294031435905, "num_boost_round": 5.0, "subsample": 0.6701563758274977}, "datetime": {"datetime": "2024-01-20 14:21:55", "elapsed": 3407.589983, "delta": 0.003607}}
{"target": -10.476891025714437, "params": {"colsample_bytree": 0.19410859536488181, "eta": 0.07123616704879239, "gamma": 625.4143829294129, "max_depth": 8.0, "min_child_weight": 2179.1294031435905, "num_boost_round": 6.0, "subsample": 0.6701563758274977}, "datetime": {"datetime": "2024-01-20 14:21:55", "elapsed": 3407.59344, "delta": 0.003457}}
{"target": -10.477097880767799, "params": {"colsample_bytree": 0.19410859536488181, "eta": 0.07123616704879239, "gamma": 625.4143829294129, "max_depth": 8.0, "min_child_weight": 2179.1294031435905, "num_boost_round": 7.0, "subsample": 0.6701563758274977}, "datetime": {"datetime": "2024-01-20 14:21:55", "elapsed": 3407.59683, "delta": 0.00339}}
{"target": -10.477124948135248, "params": {"colsample_bytree": 0.19410859536488181, "eta": 0.07123616704879239, "gamma": 625.4143829294129, "max_depth": 8.0, "min_child_weight": 2179.1294031435905, "num_boost_round": 8.0, "subsample": 0.6701563758274977}, "datetime": {"datetime": "2024-01-20 14:21:55", "elapsed": 3407.600266, "delta": 0.003436}}
{"target": -10.476946682395202, "params": {"colsample_bytree": 0.19410859536488181, "eta": 0.07123616704879239, "gamma": 625.4143829294129, "max_depth": 8.0, "min_child_weight": 2179.1294031435905, "num_boost_round": 9.0, "subsample": 0.6701563758274977}, "datetime": {"datetime": "2024-01-20 14:21:55", "elapsed": 3407.603758, "delta": 0.003492}}
{"target": -10.477858890094193, "params": {"colsample_bytree": 0.19410859536488181, "eta": 0.07123616704879239, "gamma": 625.4143829294129, "max_depth": 8.0, "min_child_weight": 2179.1294031435905, "num_boost_round": 10.0, "subsample": 0.6701563758274977}, "datetime": {"datetime": "2024-01-20 14:21:55", "elapsed": 3407.607352, "delta": 0.003594}}
{"target": -10.478506662284964, "params": {"colsample_bytree": 0.19410859536488181, "eta": 0.07123616704879239, "gamma": 625.4143829294129, "max_depth": 8.0, "min_child_weight": 2179.1294031435905, "num_boost_round": 11.0, "subsample": 0.6701563758274977}, "datetime": {"datetime": "2024-01-20 14:21:55", "elapsed": 3407.611002, "delta": 0.00365}}
