{"target": -13.500434912130107, "params": {"colsample_bytree": 0.8140483716968531, "eta": 0.09532804345037173, "gamma": 660.461586034606, "max_depth": 2.0, "min_child_weight": 4140.108627419547, "num_boost_round": 33.0, "subsample": 0.5284332051896122}, "datetime": {"datetime": "2024-01-20 14:25:59", "elapsed": 113.341649, "delta": 0.000369}}
{"target": -13.50028234871596, "params": {"colsample_bytree": 0.8140483716968531, "eta": 0.09532804345037173, "gamma": 660.461586034606, "max_depth": 2.0, "min_child_weight": 4140.108627419547, "num_boost_round": 34.0, "subsample": 0.5284332051896122}, "datetime": {"datetime": "2024-01-20 14:25:59", "elapsed": 113.342027, "delta": 0.000378}}
{"target": -13.499907405209544, "params": {"colsample_bytree": 0.8140483716968531, "eta": 0.09532804345037173, "gamma": 660.461586034606, "max_depth": 2.0, "min_child_weight": 4140.108627419547, "num_boost_round": 35.0, "subsample": 0.5284332051896122}, "datetime": {"datetime": "2024-01-20 14:25:59", "elapsed": 113.342399, "delta": 0.000372}}
{"target": -13.500082929485819, "params": {"colsample_bytree": 0.8140483716968531, "eta": 0.09532804345037173, "gamma": 660.461586034606, "max_depth": 2.0, "min_child_weight": 4140.108627419547, "num_boost_round": 36.0, "subsample": 0.5284332051896122}, "datetime": {"datetime": "2024-01-20 14:25:59", "elapsed": 113.34277, "delta": 0.000371}}
{"target": -13.499773440583974, "params": {"colsample_bytree": 0.8140483716968531, "eta": 0.09532804345037173, "gamma": 660.461586034606, "max_depth": 2.0, "min_child_weight": 4140.108627419547, "num_boost_round": 37.0, "subsample": 0.5284332051896122}, "datetime": {"datetime": "2024-01-20 14:25:59", "elapsed": 113.343149, "delta": 0.000379}}
{"target": -13.499663230201374, "params": {"colsample_bytree": 0.8140483716968531, "eta": 0.09532804345037173, "gamma": 660.461586034606, "max_depth": 2.0, "min_child_weight": 4140.108627419547, "num_boost_round": 38.0, "subsample": 0.5284332051896122}, "datetime": {"datetime": "2024-01-20 14:25:59", "elapsed": 113.343523, "delta": 0.000374}}
{"target": -13.499614140967093, "params": {"colsample_bytree": 0.8140483716968531, "eta": 0.09532804345037173, "gamma": 660.461586034606, "max_depth": 2.0, "min_child_weight": 4140.108627419547, "num_boost_round": 39.0, "subsample": 0.5284332051896122}, "datetime": {"datetime": "2024-01-20 14:25:59", "elapsed": 113.343904, "delta": 0.000381}}
{"target": -13.499734846773109, "params": {"colsample_bytree": 0.8140483716968531, "eta": 0.09532804345037173, "gamma": 660.461586034606, "max_depth": 2.0, "min_child_weight": 4140.108627419547, "num_boost_round": 40.0, "subsample": 0.5284332051896122}, "datetime": {"datetime": "2024-01-20 14:25:59", "elapsed": 113.34428, "delta": 0.000376}}
{"target": -13.499791380661907, "params": {"colsample_bytree": 0.8140483716968531, "eta": 0.09532804345037173, "gamma": 660.461586034606, "max_depth": 2.0, "min_child_weight": 4140.108627419547, "num_boost_round": 41.0, "subsample": 0.5284332051896122}, "datetime": {"datetime": "2024-01-20 14:25:59", "elapsed": 113.344656, "delta": 0.000376}}
{"target": -13.49994905447439, "params": {"colsample_bytree": 0.8140483716968531, "eta": 0.09532804345037173, "gamma": 660.461586034606, "max_depth": 2.0, "min_child_weight": 4140.108627419547, "num_boost_round": 42.0, "subsample": 0.5284332051896122}, "datetime": {"datetime": "2024-01-20 14:25:59", "elapsed": 113.345038, "delta": 0.000382}}
{"target": -13.500108800248038, "params": {"colsample_bytree": 0.8140483716968531, "eta": 0.09532804345037173, "gamma": 660.461586034606, "max_depth": 2.0, "min_child_weight": 4140.108627419547, "num_boost_round": 43.0, "subsample": 0.5284332051896122}, "datetime": {"datetime": "2024-01-20 14:25:59", "elapsed": 113.345416, "delta": 0.000378}}
{"target": -13.500012745640625, "params": {"colsample_bytree": 0.8140483716968531, "eta": 0.09532804345037173, "gamma": 660.461586034606, "max_depth": 2.0, "min_child_weight": 4140.108627419547, "num_boost_round": 44.0, "subsample": 0.5284332051896122}, "datetime": {"datetime": "2024-01-20 14:25:59", "elapsed": 113.345793, "delta": 0.000377}}
{"target": -13.500076570212133, "params": {"colsample_bytree": 0.8140483716968531, "eta": 0.09532804345037173, "gamma": 660.461586034606, "max_depth": 2.0, "min_child_weight": 4140.108627419547, "num_boost_round": 45.0, "subsample": 0.5284332051896122}, "datetime": {"datetime": "2024-01-20 14:25:59", "elapsed": 113.346178, "delta": 0.000385}}
{"target": -13.500082584925604, "params": {"colsample_bytree": 0.8140483716968531, "eta": 0.09532804345037173, "gamma": 660.461586034606, "max_depth": 2.0, "min_child_weight": 4140.108627419547, "num_boost_round": 46.0, "subsample": 0.5284332051896122}, "datetime": {"datetime": "2024-01-20 14:25:59", "elapsed": 113.346559, "delta": 0.000381}}
{"target": -13.500020482369894, "params": {"colsample_bytree": 0.8140483716968531, "eta": 0.09532804345037173, "gamma": 660.461586034606, "max_depth": 2.0, "min_child_weight": 4140.108627419547, "num_boost_round": 47.0, "subsample": 0.5284332051896122}, "datetime": {"datetime": "2024-01-20 14:25:59", "elapsed": 113.346948, "delta": 0.000389}}
{"target": -13.499879516310536, "params": {"colsample_bytree": 0.8140483716968531, "eta": 0.09532804345037173, "gamma": 660.461586034606, "max_depth": 2.0, "min_child_weight": 4140.108627419547, "num_boost_round": 48.0, "subsample": 0.5284332051896122}, "datetime": {"datetime": "2024-01-20 14:25:59", "elapsed": 113.347334, "delta": 0.000386}}
{"target": -13.49990146579074, "params": {"colsample_bytree": 0.8140483716968531, "eta": 0.09532804345037173, "gamma": 660.461586034606, "max_depth": 2.0, "min_child_weight": 4140.108627419547, "num_boost_round": 49.0, "subsample": 0.5284332051896122}, "datetime": {"datetime": "2024-01-20 14:25:59", "elapsed": 113.34772, "delta": 0.000386}}
{"target": -13.499709815947615, "params": {"colsample_bytree": 0.8140483716968531, "eta": 0.09532804345037173, "gamma": 660.461586034606, "max_depth": 2.0, "min_child_weight": 4140.108627419547, "num_boost_round": 50.0, "subsample": 0.5284332051896122}, "datetime": {"datetime": "2024-01-20 14:25:59", "elapsed": 113.348118, "delta": 0.000398}}
{"target": -13.499695549958114, "params": {"colsample_bytree": 0.8140483716968531, "eta": 0.09532804345037173, "gamma": 660.461586034606, "max_depth": 2.0, "min_child_weight": 4140.108627419547, "num_boost_round": 51.0, "subsample": 0.5284332051896122}, "datetime": {"datetime": "2024-01-20 14:25:59", "elapsed": 113.348509, "delta": 0.000391}}
{"target": -13.499576450236997, "params": {"colsample_bytree": 0.8140483716968531, "eta": 0.09532804345037173, "gamma": 660.461586034606, "max_depth": 2.0, "min_child_weight": 4140.108627419547, "num_boost_round": 52.0, "subsample": 0.5284332051896122}, "datetime": {"datetime": "2024-01-20 14:25:59", "elapsed": 113.348911, "delta": 0.000402}}
{"target": -13.499851972750609, "params": {"colsample_bytree": 0.8140483716968531, "eta": 0.09532804345037173, "gamma": 660.461586034606, "max_depth": 2.0, "min_child_weight": 4140.108627419547, "num_boost_round": 53.0, "subsample": 0.5284332051896122}, "datetime": {"datetime": "2024-01-20 14:25:59", "elapsed": 113.349305, "delta": 0.000394}}
{"target": -13.499764304639466, "params": {"colsample_bytree": 0.8140483716968531, "eta": 0.09532804345037173, "gamma": 660.461586034606, "max_depth": 2.0, "min_child_weight": 4140.108627419547, "num_boost_round": 54.0, "subsample": 0.5284332051896122}, "datetime": {"datetime": "2024-01-20 14:25:59", "elapsed": 113.349703, "delta": 0.000398}}
{"target": -13.499889605344933, "params": {"colsample_bytree": 0.8140483716968531, "eta": 0.09532804345037173, "gamma": 660.461586034606, "max_depth": 2.0, "min_child_weight": 4140.108627419547, "num_boost_round": 55.0, "subsample": 0.5284332051896122}, "datetime": {"datetime": "2024-01-20 14:25:59", "elapsed": 113.350114, "delta": 0.000411}}
{"target": -13.499935872439831, "params": {"colsample_bytree": 0.8140483716968531, "eta": 0.09532804345037173, "gamma": 660.461586034606, "max_depth": 2.0, "min_child_weight": 4140.108627419547, "num_boost_round": 56.0, "subsample": 0.5284332051896122}, "datetime": {"datetime": "2024-01-20 14:25:59", "elapsed": 113.35051, "delta": 0.000396}}
{"target": -13.500033742092917, "params": {"colsample_bytree": 0.8140483716968531, "eta": 0.09532804345037173, "gamma": 660.461586034606, "max_depth": 2.0, "min_child_weight": 4140.108627419547, "num_boost_round": 57.0, "subsample": 0.5284332051896122}, "datetime": {"datetime": "2024-01-20 14:25:59", "elapsed": 113.350915, "delta": 0.000405}}
{"target": -13.500217767725253, "params": {"colsample_bytree": 0.8140483716968531, "eta": 0.09532804345037173, "gamma": 660.461586034606, "max_depth": 2.0, "min_child_weight": 4140.108627419547, "num_boost_round": 58.0, "subsample": 0.5284332051896122}, "datetime": {"datetime": "2024-01-20 14:25:59", "elapsed": 113.351436, "delta": 0.000521}}
{"target": -13.500144922135823, "params": {"colsample_bytree": 0.8140483716968531, "eta": 0.09532804345037173, "gamma": 660.461586034606, "max_depth": 2.0, "min_child_weight": 4140.108627419547, "num_boost_round": 59.0, "subsample": 0.5284332051896122}, "datetime": {"datetime": "2024-01-20 14:25:59", "elapsed": 113.351852, "delta": 0.000416}}
{"target": -13.500203338230733, "params": {"colsample_bytree": 0.8140483716968531, "eta": 0.09532804345037173, "gamma": 660.461586034606, "max_depth": 2.0, "min_child_weight": 4140.108627419547, "num_boost_round": 60.0, "subsample": 0.5284332051896122}, "datetime": {"datetime": "2024-01-20 14:25:59", "elapsed": 113.352266, "delta": 0.000414}}
{"target": -13.500247005830778, "params": {"colsample_bytree": 0.8140483716968531, "eta": 0.09532804345037173, "gamma": 660.461586034606, "max_depth": 2.0, "min_child_weight": 4140.108627419547, "num_boost_round": 61.0, "subsample": 0.5284332051896122}, "datetime": {"datetime": "2024-01-20 14:25:59", "elapsed": 113.352679, "delta": 0.000413}}
{"target": -13.50025327715911, "params": {"colsample_bytree": 0.8140483716968531, "eta": 0.09532804345037173, "gamma": 660.461586034606, "max_depth": 2.0, "min_child_weight": 4140.108627419547, "num_boost_round": 62.0, "subsample": 0.5284332051896122}, "datetime": {"datetime": "2024-01-20 14:25:59", "elapsed": 113.353094, "delta": 0.000415}}
{"target": -13.500161622911824, "params": {"colsample_bytree": 0.8140483716968531, "eta": 0.09532804345037173, "gamma": 660.461586034606, "max_depth": 2.0, "min_child_weight": 4140.108627419547, "num_boost_round": 63.0, "subsample": 0.5284332051896122}, "datetime": {"datetime": "2024-01-20 14:25:59", "elapsed": 113.35351, "delta": 0.000416}}
{"target": -13.500135480432874, "params": {"colsample_bytree": 0.8140483716968531, "eta": 0.09532804345037173, "gamma": 660.461586034606, "max_depth": 2.0, "min_child_weight": 4140.108627419547, "num_boost_round": 64.0, "subsample": 0.5284332051896122}, "datetime": {"datetime": "2024-01-20 14:25:59", "elapsed": 113.353938, "delta": 0.000428}}
{"target": -13.500169962308, "params": {"colsample_bytree": 0.8140483716968531, "eta": 0.09532804345037173, "gamma": 660.461586034606, "max_depth": 2.0, "min_child_weight": 4140.108627419547, "num_boost_round": 65.0, "subsample": 0.5284332051896122}, "datetime": {"datetime": "2024-01-20 14:25:59", "elapsed": 113.354353, "delta": 0.000415}}
{"target": -13.500131728438229, "params": {"colsample_bytree": 0.8140483716968531, "eta": 0.09532804345037173, "gamma": 660.461586034606, "max_depth": 2.0, "min_child_weight": 4140.108627419547, "num_boost_round": 66.0, "subsample": 0.5284332051896122}, "datetime": {"datetime": "2024-01-20 14:25:59", "elapsed": 113.354808, "delta": 0.000455}}
{"target": -13.500151605693958, "params": {"colsample_bytree": 0.8140483716968531, "eta": 0.09532804345037173, "gamma": 660.461586034606, "max_depth": 2.0, "min_child_weight": 4140.108627419547, "num_boost_round": 67.0, "subsample": 0.5284332051896122}, "datetime": {"datetime": "2024-01-20 14:25:59", "elapsed": 113.355233, "delta": 0.000425}}
{"target": -13.500054274664995, "params": {"colsample_bytree": 0.8140483716968531, "eta": 0.09532804345037173, "gamma": 660.461586034606, "max_depth": 2.0, "min_child_weight": 4140.108627419547, "num_boost_round": 68.0, "subsample": 0.5284332051896122}, "datetime": {"datetime": "2024-01-20 14:25:59", "elapsed": 113.355649, "delta": 0.000416}}
{"target": -13.500225904352313, "params": {"colsample_bytree": 0.8140483716968531, "eta": 0.09532804345037173, "gamma": 660.461586034606, "max_depth": 2.0, "min_child_weight": 4140.108627419547, "num_boost_round": 69.0, "subsample": 0.5284332051896122}, "datetime": {"datetime": "2024-01-20 14:25:59", "elapsed": 113.356071, "delta": 0.000422}}
{"target": -13.500109581016632, "params": {"colsample_bytree": 0.8140483716968531, "eta": 0.09532804345037173, "gamma": 660.461586034606, "max_depth": 2.0, "min_child_weight": 4140.108627419547, "num_boost_round": 70.0, "subsample": 0.5284332051896122}, "datetime": {"datetime": "2024-01-20 14:25:59", "elapsed": 113.35649, "delta": 0.000419}}
{"target": -13.50027218580801, "params": {"colsample_bytree": 0.8140483716968531, "eta": 0.09532804345037173, "gamma": 660.461586034606, "max_depth": 2.0, "min_child_weight": 4140.108627419547, "num_boost_round": 71.0, "subsample": 0.5284332051896122}, "datetime": {"datetime": "2024-01-20 14:25:59", "elapsed": 113.356915, "delta": 0.000425}}
{"target": -13.500126767158486, "params": {"colsample_bytree": 0.8140483716968531, "eta": 0.09532804345037173, "gamma": 660.461586034606, "max_depth": 2.0, "min_child_weight": 4140.108627419547, "num_boost_round": 72.0, "subsample": 0.5284332051896122}, "datetime": {"datetime": "2024-01-20 14:25:59", "elapsed": 113.357334, "delta": 0.000419}}
{"target": -13.500124644231432, "params": {"colsample_bytree": 0.8140483716968531, "eta": 0.09532804345037173, "gamma": 660.461586034606, "max_depth": 2.0, "min_child_weight": 4140.108627419547, "num_boost_round": 73.0, "subsample": 0.5284332051896122}, "datetime": {"datetime": "2024-01-20 14:25:59", "elapsed": 113.357754, "delta": 0.00042}}
{"target": -13.497667971503823, "params": {"colsample_bytree": 0.24262717947178136, "eta": 0.04430137274517235, "gamma": 614.9302031539465, "max_depth": 8.0, "min_child_weight": 4141.803412005131, "num_boost_round": 1.0, "subsample": 0.498409513306141}, "datetime": {"datetime": "2024-01-20 14:26:44", "elapsed": 158.38191, "delta": 45.024156}}
{"target": -13.497508534719973, "params": {"colsample_bytree": 0.24262717947178136, "eta": 0.04430137274517235, "gamma": 614.9302031539465, "max_depth": 8.0, "min_child_weight": 4141.803412005131, "num_boost_round": 2.0, "subsample": 0.498409513306141}, "datetime": {"datetime": "2024-01-20 14:26:44", "elapsed": 158.382894, "delta": 0.000984}}
{"target": -13.497380722624303, "params": {"colsample_bytree": 0.24262717947178136, "eta": 0.04430137274517235, "gamma": 614.9302031539465, "max_depth": 8.0, "min_child_weight": 4141.803412005131, "num_boost_round": 3.0, "subsample": 0.498409513306141}, "datetime": {"datetime": "2024-01-20 14:26:44", "elapsed": 158.383377, "delta": 0.000483}}
{"target": -13.497353315542686, "params": {"colsample_bytree": 0.24262717947178136, "eta": 0.04430137274517235, "gamma": 614.9302031539465, "max_depth": 8.0, "min_child_weight": 4141.803412005131, "num_boost_round": 4.0, "subsample": 0.498409513306141}, "datetime": {"datetime": "2024-01-20 14:26:44", "elapsed": 158.383851, "delta": 0.000474}}
{"target": -13.497197001709907, "params": {"colsample_bytree": 0.24262717947178136, "eta": 0.04430137274517235, "gamma": 614.9302031539465, "max_depth": 8.0, "min_child_weight": 4141.803412005131, "num_boost_round": 5.0, "subsample": 0.498409513306141}, "datetime": {"datetime": "2024-01-20 14:26:44", "elapsed": 158.384312, "delta": 0.000461}}
{"target": -13.497155820518074, "params": {"colsample_bytree": 0.24262717947178136, "eta": 0.04430137274517235, "gamma": 614.9302031539465, "max_depth": 8.0, "min_child_weight": 4141.803412005131, "num_boost_round": 6.0, "subsample": 0.498409513306141}, "datetime": {"datetime": "2024-01-20 14:26:44", "elapsed": 158.38496, "delta": 0.000648}}
{"target": -13.497082123982764, "params": {"colsample_bytree": 0.24262717947178136, "eta": 0.04430137274517235, "gamma": 614.9302031539465, "max_depth": 8.0, "min_child_weight": 4141.803412005131, "num_boost_round": 7.0, "subsample": 0.498409513306141}, "datetime": {"datetime": "2024-01-20 14:26:44", "elapsed": 158.38578, "delta": 0.00082}}
{"target": -13.496941668454346, "params": {"colsample_bytree": 0.24262717947178136, "eta": 0.04430137274517235, "gamma": 614.9302031539465, "max_depth": 8.0, "min_child_weight": 4141.803412005131, "num_boost_round": 8.0, "subsample": 0.498409513306141}, "datetime": {"datetime": "2024-01-20 14:26:44", "elapsed": 158.386259, "delta": 0.000479}}
{"target": -13.496967730897952, "params": {"colsample_bytree": 0.24262717947178136, "eta": 0.04430137274517235, "gamma": 614.9302031539465, "max_depth": 8.0, "min_child_weight": 4141.803412005131, "num_boost_round": 9.0, "subsample": 0.498409513306141}, "datetime": {"datetime": "2024-01-20 14:26:44", "elapsed": 158.38672, "delta": 0.000461}}
{"target": -13.496679928665596, "params": {"colsample_bytree": 0.24262717947178136, "eta": 0.04430137274517235, "gamma": 614.9302031539465, "max_depth": 8.0, "min_child_weight": 4141.803412005131, "num_boost_round": 10.0, "subsample": 0.498409513306141}, "datetime": {"datetime": "2024-01-20 14:26:44", "elapsed": 158.387183, "delta": 0.000463}}
{"target": -13.496625314563605, "params": {"colsample_bytree": 0.24262717947178136, "eta": 0.04430137274517235, "gamma": 614.9302031539465, "max_depth": 8.0, "min_child_weight": 4141.803412005131, "num_boost_round": 11.0, "subsample": 0.498409513306141}, "datetime": {"datetime": "2024-01-20 14:26:44", "elapsed": 158.387644, "delta": 0.000461}}
{"target": -13.496790614824762, "params": {"colsample_bytree": 0.24262717947178136, "eta": 0.04430137274517235, "gamma": 614.9302031539465, "max_depth": 8.0, "min_child_weight": 4141.803412005131, "num_boost_round": 12.0, "subsample": 0.498409513306141}, "datetime": {"datetime": "2024-01-20 14:26:44", "elapsed": 158.388115, "delta": 0.000471}}
{"target": -13.496700840005165, "params": {"colsample_bytree": 0.24262717947178136, "eta": 0.04430137274517235, "gamma": 614.9302031539465, "max_depth": 8.0, "min_child_weight": 4141.803412005131, "num_boost_round": 13.0, "subsample": 0.498409513306141}, "datetime": {"datetime": "2024-01-20 14:26:44", "elapsed": 158.388576, "delta": 0.000461}}
{"target": -13.496434783161444, "params": {"colsample_bytree": 0.24262717947178136, "eta": 0.04430137274517235, "gamma": 614.9302031539465, "max_depth": 8.0, "min_child_weight": 4141.803412005131, "num_boost_round": 14.0, "subsample": 0.498409513306141}, "datetime": {"datetime": "2024-01-20 14:26:44", "elapsed": 158.389086, "delta": 0.00051}}
{"target": -13.496255083197987, "params": {"colsample_bytree": 0.24262717947178136, "eta": 0.04430137274517235, "gamma": 614.9302031539465, "max_depth": 8.0, "min_child_weight": 4141.803412005131, "num_boost_round": 15.0, "subsample": 0.498409513306141}, "datetime": {"datetime": "2024-01-20 14:26:44", "elapsed": 158.389559, "delta": 0.000473}}
{"target": -13.496460801968736, "params": {"colsample_bytree": 0.24262717947178136, "eta": 0.04430137274517235, "gamma": 614.9302031539465, "max_depth": 8.0, "min_child_weight": 4141.803412005131, "num_boost_round": 16.0, "subsample": 0.498409513306141}, "datetime": {"datetime": "2024-01-20 14:26:44", "elapsed": 158.390036, "delta": 0.000477}}
{"target": -13.496542473973388, "params": {"colsample_bytree": 0.24262717947178136, "eta": 0.04430137274517235, "gamma": 614.9302031539465, "max_depth": 8.0, "min_child_weight": 4141.803412005131, "num_boost_round": 17.0, "subsample": 0.498409513306141}, "datetime": {"datetime": "2024-01-20 14:26:44", "elapsed": 158.390505, "delta": 0.000469}}
{"target": -13.496611534994575, "params": {"colsample_bytree": 0.24262717947178136, "eta": 0.04430137274517235, "gamma": 614.9302031539465, "max_depth": 8.0, "min_child_weight": 4141.803412005131, "num_boost_round": 18.0, "subsample": 0.498409513306141}, "datetime": {"datetime": "2024-01-20 14:26:44", "elapsed": 158.390984, "delta": 0.000479}}
{"target": -13.49681732597996, "params": {"colsample_bytree": 0.24262717947178136, "eta": 0.04430137274517235, "gamma": 614.9302031539465, "max_depth": 8.0, "min_child_weight": 4141.803412005131, "num_boost_round": 19.0, "subsample": 0.498409513306141}, "datetime": {"datetime": "2024-01-20 14:26:44", "elapsed": 158.391579, "delta": 0.000595}}
{"target": -13.496619384903756, "params": {"colsample_bytree": 0.24262717947178136, "eta": 0.04430137274517235, "gamma": 614.9302031539465, "max_depth": 8.0, "min_child_weight": 4141.803412005131, "num_boost_round": 20.0, "subsample": 0.498409513306141}, "datetime": {"datetime": "2024-01-20 14:26:44", "elapsed": 158.392064, "delta": 0.000485}}
{"target": -13.496644410926276, "params": {"colsample_bytree": 0.24262717947178136, "eta": 0.04430137274517235, "gamma": 614.9302031539465, "max_depth": 8.0, "min_child_weight": 4141.803412005131, "num_boost_round": 21.0, "subsample": 0.498409513306141}, "datetime": {"datetime": "2024-01-20 14:26:44", "elapsed": 158.392543, "delta": 0.000479}}
{"target": -13.496509722005946, "params": {"colsample_bytree": 0.24262717947178136, "eta": 0.04430137274517235, "gamma": 614.9302031539465, "max_depth": 8.0, "min_child_weight": 4141.803412005131, "num_boost_round": 22.0, "subsample": 0.498409513306141}, "datetime": {"datetime": "2024-01-20 14:26:44", "elapsed": 158.393027, "delta": 0.000484}}
