{"target": -13.503292161919257, "params": {"colsample_bytree": 0.5590172378813685, "eta": 0.07207722883440129, "gamma": 436.59682592493897, "max_depth": 7.0, "min_child_weight": 3966.9182697817387, "num_boost_round": 16.0, "subsample": 0.9338529017452788}, "datetime": {"datetime": "2024-01-20 15:48:34", "elapsed": 5067.715761, "delta": 0.009644}}
{"target": -13.503703721459402, "params": {"colsample_bytree": 0.5590172378813685, "eta": 0.07207722883440129, "gamma": 436.59682592493897, "max_depth": 7.0, "min_child_weight": 3966.9182697817387, "num_boost_round": 17.0, "subsample": 0.9338529017452788}, "datetime": {"datetime": "2024-01-20 15:48:34", "elapsed": 5067.723577, "delta": 0.007816}}
{"target": -13.50418023637729, "params": {"colsample_bytree": 0.5590172378813685, "eta": 0.07207722883440129, "gamma": 436.59682592493897, "max_depth": 7.0, "min_child_weight": 3966.9182697817387, "num_boost_round": 18.0, "subsample": 0.9338529017452788}, "datetime": {"datetime": "2024-01-20 15:48:34", "elapsed": 5067.729691, "delta": 0.006114}}
{"target": -13.504555265195997, "params": {"colsample_bytree": 0.5590172378813685, "eta": 0.07207722883440129, "gamma": 436.59682592493897, "max_depth": 7.0, "min_child_weight": 3966.9182697817387, "num_boost_round": 19.0, "subsample": 0.9338529017452788}, "datetime": {"datetime": "2024-01-20 15:48:34", "elapsed": 5067.735329, "delta": 0.005638}}
{"target": -13.504800845519489, "params": {"colsample_bytree": 0.5590172378813685, "eta": 0.07207722883440129, "gamma": 436.59682592493897, "max_depth": 7.0, "min_child_weight": 3966.9182697817387, "num_boost_round": 20.0, "subsample": 0.9338529017452788}, "datetime": {"datetime": "2024-01-20 15:48:34", "elapsed": 5067.740913, "delta": 0.005584}}
{"target": -13.505055943870751, "params": {"colsample_bytree": 0.5590172378813685, "eta": 0.07207722883440129, "gamma": 436.59682592493897, "max_depth": 7.0, "min_child_weight": 3966.9182697817387, "num_boost_round": 21.0, "subsample": 0.9338529017452788}, "datetime": {"datetime": "2024-01-20 15:48:34", "elapsed": 5067.746561, "delta": 0.005648}}
{"target": -13.5052447439535, "params": {"colsample_bytree": 0.5590172378813685, "eta": 0.07207722883440129, "gamma": 436.59682592493897, "max_depth": 7.0, "min_child_weight": 3966.9182697817387, "num_boost_round": 22.0, "subsample": 0.9338529017452788}, "datetime": {"datetime": "2024-01-20 15:48:34", "elapsed": 5067.753186, "delta": 0.006625}}
{"target": -13.497384733130371, "params": {"colsample_bytree": 0.5611270773463981, "eta": 0.0674795726530944, "gamma": 870.9837245295738, "max_depth": 9.0, "min_child_weight": 4525.9288413792865, "num_boost_round": 1.0, "subsample": 0.4266360899330216}, "datetime": {"datetime": "2024-01-20 15:51:07", "elapsed": 5220.99732, "delta": 153.244134}}
{"target": -13.496822913174949, "params": {"colsample_bytree": 0.5611270773463981, "eta": 0.0674795726530944, "gamma": 870.9837245295738, "max_depth": 9.0, "min_child_weight": 4525.9288413792865, "num_boost_round": 2.0, "subsample": 0.4266360899330216}, "datetime": {"datetime": "2024-01-20 15:51:07", "elapsed": 5221.004324, "delta": 0.007004}}
{"target": -13.496728034720487, "params": {"colsample_bytree": 0.5611270773463981, "eta": 0.0674795726530944, "gamma": 870.9837245295738, "max_depth": 9.0, "min_child_weight": 4525.9288413792865, "num_boost_round": 3.0, "subsample": 0.4266360899330216}, "datetime": {"datetime": "2024-01-20 15:51:07", "elapsed": 5221.010134, "delta": 0.00581}}
{"target": -13.49658709032216, "params": {"colsample_bytree": 0.5611270773463981, "eta": 0.0674795726530944, "gamma": 870.9837245295738, "max_depth": 9.0, "min_child_weight": 4525.9288413792865, "num_boost_round": 4.0, "subsample": 0.4266360899330216}, "datetime": {"datetime": "2024-01-20 15:51:07", "elapsed": 5221.015723, "delta": 0.005589}}
{"target": -13.496172818461588, "params": {"colsample_bytree": 0.5611270773463981, "eta": 0.0674795726530944, "gamma": 870.9837245295738, "max_depth": 9.0, "min_child_weight": 4525.9288413792865, "num_boost_round": 5.0, "subsample": 0.4266360899330216}, "datetime": {"datetime": "2024-01-20 15:51:07", "elapsed": 5221.021205, "delta": 0.005482}}
{"target": -13.49614879228163, "params": {"colsample_bytree": 0.5611270773463981, "eta": 0.0674795726530944, "gamma": 870.9837245295738, "max_depth": 9.0, "min_child_weight": 4525.9288413792865, "num_boost_round": 6.0, "subsample": 0.4266360899330216}, "datetime": {"datetime": "2024-01-20 15:51:07", "elapsed": 5221.026595, "delta": 0.00539}}
{"target": -13.495987436853113, "params": {"colsample_bytree": 0.5611270773463981, "eta": 0.0674795726530944, "gamma": 870.9837245295738, "max_depth": 9.0, "min_child_weight": 4525.9288413792865, "num_boost_round": 7.0, "subsample": 0.4266360899330216}, "datetime": {"datetime": "2024-01-20 15:51:07", "elapsed": 5221.032258, "delta": 0.005663}}
{"target": -13.495755655854456, "params": {"colsample_bytree": 0.5611270773463981, "eta": 0.0674795726530944, "gamma": 870.9837245295738, "max_depth": 9.0, "min_child_weight": 4525.9288413792865, "num_boost_round": 8.0, "subsample": 0.4266360899330216}, "datetime": {"datetime": "2024-01-20 15:51:07", "elapsed": 5221.037767, "delta": 0.005509}}
{"target": -13.49553178919634, "params": {"colsample_bytree": 0.5611270773463981, "eta": 0.0674795726530944, "gamma": 870.9837245295738, "max_depth": 9.0, "min_child_weight": 4525.9288413792865, "num_boost_round": 9.0, "subsample": 0.4266360899330216}, "datetime": {"datetime": "2024-01-20 15:51:07", "elapsed": 5221.043262, "delta": 0.005495}}
{"target": -13.49556116868073, "params": {"colsample_bytree": 0.5611270773463981, "eta": 0.0674795726530944, "gamma": 870.9837245295738, "max_depth": 9.0, "min_child_weight": 4525.9288413792865, "num_boost_round": 10.0, "subsample": 0.4266360899330216}, "datetime": {"datetime": "2024-01-20 15:51:07", "elapsed": 5221.048696, "delta": 0.005434}}
{"target": -13.495595903849683, "params": {"colsample_bytree": 0.5611270773463981, "eta": 0.0674795726530944, "gamma": 870.9837245295738, "max_depth": 9.0, "min_child_weight": 4525.9288413792865, "num_boost_round": 11.0, "subsample": 0.4266360899330216}, "datetime": {"datetime": "2024-01-20 15:51:07", "elapsed": 5221.054312, "delta": 0.005616}}
{"target": -13.495869043177247, "params": {"colsample_bytree": 0.5611270773463981, "eta": 0.0674795726530944, "gamma": 870.9837245295738, "max_depth": 9.0, "min_child_weight": 4525.9288413792865, "num_boost_round": 12.0, "subsample": 0.4266360899330216}, "datetime": {"datetime": "2024-01-20 15:51:07", "elapsed": 5221.059787, "delta": 0.005475}}
{"target": -13.495623796684317, "params": {"colsample_bytree": 0.5611270773463981, "eta": 0.0674795726530944, "gamma": 870.9837245295738, "max_depth": 9.0, "min_child_weight": 4525.9288413792865, "num_boost_round": 13.0, "subsample": 0.4266360899330216}, "datetime": {"datetime": "2024-01-20 15:51:07", "elapsed": 5221.065226, "delta": 0.005439}}
{"target": -13.495919343369962, "params": {"colsample_bytree": 0.5611270773463981, "eta": 0.0674795726530944, "gamma": 870.9837245295738, "max_depth": 9.0, "min_child_weight": 4525.9288413792865, "num_boost_round": 14.0, "subsample": 0.4266360899330216}, "datetime": {"datetime": "2024-01-20 15:51:07", "elapsed": 5221.070644, "delta": 0.005418}}
{"target": -13.496069373461555, "params": {"colsample_bytree": 0.5611270773463981, "eta": 0.0674795726530944, "gamma": 870.9837245295738, "max_depth": 9.0, "min_child_weight": 4525.9288413792865, "num_boost_round": 15.0, "subsample": 0.4266360899330216}, "datetime": {"datetime": "2024-01-20 15:51:07", "elapsed": 5221.076199, "delta": 0.005555}}
{"target": -13.496466321550917, "params": {"colsample_bytree": 0.5611270773463981, "eta": 0.0674795726530944, "gamma": 870.9837245295738, "max_depth": 9.0, "min_child_weight": 4525.9288413792865, "num_boost_round": 16.0, "subsample": 0.4266360899330216}, "datetime": {"datetime": "2024-01-20 15:51:07", "elapsed": 5221.082486, "delta": 0.006287}}
{"target": -13.496800911374905, "params": {"colsample_bytree": 0.5611270773463981, "eta": 0.0674795726530944, "gamma": 870.9837245295738, "max_depth": 9.0, "min_child_weight": 4525.9288413792865, "num_boost_round": 17.0, "subsample": 0.4266360899330216}, "datetime": {"datetime": "2024-01-20 15:51:07", "elapsed": 5221.091755, "delta": 0.009269}}
{"target": -13.496864089695299, "params": {"colsample_bytree": 0.5611270773463981, "eta": 0.0674795726530944, "gamma": 870.9837245295738, "max_depth": 9.0, "min_child_weight": 4525.9288413792865, "num_boost_round": 18.0, "subsample": 0.4266360899330216}, "datetime": {"datetime": "2024-01-20 15:51:07", "elapsed": 5221.099081, "delta": 0.007326}}
{"target": -13.496906189162408, "params": {"colsample_bytree": 0.5611270773463981, "eta": 0.0674795726530944, "gamma": 870.9837245295738, "max_depth": 9.0, "min_child_weight": 4525.9288413792865, "num_boost_round": 19.0, "subsample": 0.4266360899330216}, "datetime": {"datetime": "2024-01-20 15:51:07", "elapsed": 5221.104814, "delta": 0.005733}}
{"target": -13.497224754819158, "params": {"colsample_bytree": 0.5611270773463981, "eta": 0.0674795726530944, "gamma": 870.9837245295738, "max_depth": 9.0, "min_child_weight": 4525.9288413792865, "num_boost_round": 20.0, "subsample": 0.4266360899330216}, "datetime": {"datetime": "2024-01-20 15:51:07", "elapsed": 5221.110263, "delta": 0.005449}}
{"target": -13.49754651146681, "params": {"colsample_bytree": 0.5611270773463981, "eta": 0.0674795726530944, "gamma": 870.9837245295738, "max_depth": 9.0, "min_child_weight": 4525.9288413792865, "num_boost_round": 21.0, "subsample": 0.4266360899330216}, "datetime": {"datetime": "2024-01-20 15:51:07", "elapsed": 5221.115855, "delta": 0.005592}}
{"target": -13.497653813638031, "params": {"colsample_bytree": 0.5611270773463981, "eta": 0.0674795726530944, "gamma": 870.9837245295738, "max_depth": 9.0, "min_child_weight": 4525.9288413792865, "num_boost_round": 22.0, "subsample": 0.4266360899330216}, "datetime": {"datetime": "2024-01-20 15:51:07", "elapsed": 5221.121251, "delta": 0.005396}}
{"target": -13.497982115735983, "params": {"colsample_bytree": 0.5611270773463981, "eta": 0.0674795726530944, "gamma": 870.9837245295738, "max_depth": 9.0, "min_child_weight": 4525.9288413792865, "num_boost_round": 23.0, "subsample": 0.4266360899330216}, "datetime": {"datetime": "2024-01-20 15:51:07", "elapsed": 5221.126652, "delta": 0.005401}}
{"target": -13.49818845370309, "params": {"colsample_bytree": 0.5611270773463981, "eta": 0.0674795726530944, "gamma": 870.9837245295738, "max_depth": 9.0, "min_child_weight": 4525.9288413792865, "num_boost_round": 24.0, "subsample": 0.4266360899330216}, "datetime": {"datetime": "2024-01-20 15:51:07", "elapsed": 5221.132314, "delta": 0.005662}}
{"target": -13.497983662589094, "params": {"colsample_bytree": 0.5611270773463981, "eta": 0.0674795726530944, "gamma": 870.9837245295738, "max_depth": 9.0, "min_child_weight": 4525.9288413792865, "num_boost_round": 25.0, "subsample": 0.4266360899330216}, "datetime": {"datetime": "2024-01-20 15:51:07", "elapsed": 5221.137972, "delta": 0.005658}}
{"target": -13.498124536039839, "params": {"colsample_bytree": 0.5611270773463981, "eta": 0.0674795726530944, "gamma": 870.9837245295738, "max_depth": 9.0, "min_child_weight": 4525.9288413792865, "num_boost_round": 26.0, "subsample": 0.4266360899330216}, "datetime": {"datetime": "2024-01-20 15:51:07", "elapsed": 5221.14349, "delta": 0.005518}}
{"target": -13.498322742654018, "params": {"colsample_bytree": 0.5611270773463981, "eta": 0.0674795726530944, "gamma": 870.9837245295738, "max_depth": 9.0, "min_child_weight": 4525.9288413792865, "num_boost_round": 27.0, "subsample": 0.4266360899330216}, "datetime": {"datetime": "2024-01-20 15:51:07", "elapsed": 5221.148932, "delta": 0.005442}}
{"target": -13.498360256098387, "params": {"colsample_bytree": 0.5611270773463981, "eta": 0.0674795726530944, "gamma": 870.9837245295738, "max_depth": 9.0, "min_child_weight": 4525.9288413792865, "num_boost_round": 28.0, "subsample": 0.4266360899330216}, "datetime": {"datetime": "2024-01-20 15:51:07", "elapsed": 5221.154428, "delta": 0.005496}}
{"target": -13.49847119755173, "params": {"colsample_bytree": 0.5611270773463981, "eta": 0.0674795726530944, "gamma": 870.9837245295738, "max_depth": 9.0, "min_child_weight": 4525.9288413792865, "num_boost_round": 29.0, "subsample": 0.4266360899330216}, "datetime": {"datetime": "2024-01-20 15:51:07", "elapsed": 5221.160022, "delta": 0.005594}}
{"target": -13.49852801214228, "params": {"colsample_bytree": 0.5611270773463981, "eta": 0.0674795726530944, "gamma": 870.9837245295738, "max_depth": 9.0, "min_child_weight": 4525.9288413792865, "num_boost_round": 30.0, "subsample": 0.4266360899330216}, "datetime": {"datetime": "2024-01-20 15:51:07", "elapsed": 5221.165433, "delta": 0.005411}}
{"target": -13.498666706824034, "params": {"colsample_bytree": 0.5611270773463981, "eta": 0.0674795726530944, "gamma": 870.9837245295738, "max_depth": 9.0, "min_child_weight": 4525.9288413792865, "num_boost_round": 31.0, "subsample": 0.4266360899330216}, "datetime": {"datetime": "2024-01-20 15:51:07", "elapsed": 5221.170909, "delta": 0.005476}}
{"target": -13.498765328460639, "params": {"colsample_bytree": 0.5611270773463981, "eta": 0.0674795726530944, "gamma": 870.9837245295738, "max_depth": 9.0, "min_child_weight": 4525.9288413792865, "num_boost_round": 32.0, "subsample": 0.4266360899330216}, "datetime": {"datetime": "2024-01-20 15:51:07", "elapsed": 5221.176364, "delta": 0.005455}}
{"target": -13.498950639196394, "params": {"colsample_bytree": 0.5611270773463981, "eta": 0.0674795726530944, "gamma": 870.9837245295738, "max_depth": 9.0, "min_child_weight": 4525.9288413792865, "num_boost_round": 33.0, "subsample": 0.4266360899330216}, "datetime": {"datetime": "2024-01-20 15:51:07", "elapsed": 5221.181733, "delta": 0.005369}}
{"target": -13.499111657919201, "params": {"colsample_bytree": 0.5611270773463981, "eta": 0.0674795726530944, "gamma": 870.9837245295738, "max_depth": 9.0, "min_child_weight": 4525.9288413792865, "num_boost_round": 34.0, "subsample": 0.4266360899330216}, "datetime": {"datetime": "2024-01-20 15:51:07", "elapsed": 5221.187099, "delta": 0.005366}}
{"target": -13.499263840396726, "params": {"colsample_bytree": 0.5611270773463981, "eta": 0.0674795726530944, "gamma": 870.9837245295738, "max_depth": 9.0, "min_child_weight": 4525.9288413792865, "num_boost_round": 35.0, "subsample": 0.4266360899330216}, "datetime": {"datetime": "2024-01-20 15:51:07", "elapsed": 5221.192577, "delta": 0.005478}}
{"target": -13.499361858314764, "params": {"colsample_bytree": 0.5611270773463981, "eta": 0.0674795726530944, "gamma": 870.9837245295738, "max_depth": 9.0, "min_child_weight": 4525.9288413792865, "num_boost_round": 36.0, "subsample": 0.4266360899330216}, "datetime": {"datetime": "2024-01-20 15:51:07", "elapsed": 5221.197993, "delta": 0.005416}}
{"target": -13.499420303734563, "params": {"colsample_bytree": 0.5611270773463981, "eta": 0.0674795726530944, "gamma": 870.9837245295738, "max_depth": 9.0, "min_child_weight": 4525.9288413792865, "num_boost_round": 37.0, "subsample": 0.4266360899330216}, "datetime": {"datetime": "2024-01-20 15:51:07", "elapsed": 5221.203374, "delta": 0.005381}}
{"target": -13.499539540270575, "params": {"colsample_bytree": 0.5611270773463981, "eta": 0.0674795726530944, "gamma": 870.9837245295738, "max_depth": 9.0, "min_child_weight": 4525.9288413792865, "num_boost_round": 38.0, "subsample": 0.4266360899330216}, "datetime": {"datetime": "2024-01-20 15:51:07", "elapsed": 5221.208745, "delta": 0.005371}}
{"target": -13.499734287235924, "params": {"colsample_bytree": 0.5611270773463981, "eta": 0.0674795726530944, "gamma": 870.9837245295738, "max_depth": 9.0, "min_child_weight": 4525.9288413792865, "num_boost_round": 39.0, "subsample": 0.4266360899330216}, "datetime": {"datetime": "2024-01-20 15:51:07", "elapsed": 5221.21434, "delta": 0.005595}}
{"target": -13.500028641185395, "params": {"colsample_bytree": 0.5611270773463981, "eta": 0.0674795726530944, "gamma": 870.9837245295738, "max_depth": 9.0, "min_child_weight": 4525.9288413792865, "num_boost_round": 40.0, "subsample": 0.4266360899330216}, "datetime": {"datetime": "2024-01-20 15:51:07", "elapsed": 5221.219759, "delta": 0.005419}}
{"target": -13.499933713402188, "params": {"colsample_bytree": 0.5611270773463981, "eta": 0.0674795726530944, "gamma": 870.9837245295738, "max_depth": 9.0, "min_child_weight": 4525.9288413792865, "num_boost_round": 41.0, "subsample": 0.4266360899330216}, "datetime": {"datetime": "2024-01-20 15:51:07", "elapsed": 5221.22517, "delta": 0.005411}}
{"target": -13.500140769185496, "params": {"colsample_bytree": 0.5611270773463981, "eta": 0.0674795726530944, "gamma": 870.9837245295738, "max_depth": 9.0, "min_child_weight": 4525.9288413792865, "num_boost_round": 42.0, "subsample": 0.4266360899330216}, "datetime": {"datetime": "2024-01-20 15:51:07", "elapsed": 5221.230558, "delta": 0.005388}}
{"target": -13.50033305603372, "params": {"colsample_bytree": 0.5611270773463981, "eta": 0.0674795726530944, "gamma": 870.9837245295738, "max_depth": 9.0, "min_child_weight": 4525.9288413792865, "num_boost_round": 43.0, "subsample": 0.4266360899330216}, "datetime": {"datetime": "2024-01-20 15:51:07", "elapsed": 5221.236251, "delta": 0.005693}}
{"target": -13.500447562518836, "params": {"colsample_bytree": 0.5611270773463981, "eta": 0.0674795726530944, "gamma": 870.9837245295738, "max_depth": 9.0, "min_child_weight": 4525.9288413792865, "num_boost_round": 44.0, "subsample": 0.4266360899330216}, "datetime": {"datetime": "2024-01-20 15:51:07", "elapsed": 5221.241795, "delta": 0.005544}}
{"target": -13.500456498558568, "params": {"colsample_bytree": 0.5611270773463981, "eta": 0.0674795726530944, "gamma": 870.9837245295738, "max_depth": 9.0, "min_child_weight": 4525.9288413792865, "num_boost_round": 45.0, "subsample": 0.4266360899330216}, "datetime": {"datetime": "2024-01-20 15:51:07", "elapsed": 5221.247241, "delta": 0.005446}}
{"target": -13.500342072405846, "params": {"colsample_bytree": 0.5611270773463981, "eta": 0.0674795726530944, "gamma": 870.9837245295738, "max_depth": 9.0, "min_child_weight": 4525.9288413792865, "num_boost_round": 46.0, "subsample": 0.4266360899330216}, "datetime": {"datetime": "2024-01-20 15:51:07", "elapsed": 5221.252687, "delta": 0.005446}}
{"target": -13.500521268959115, "params": {"colsample_bytree": 0.5611270773463981, "eta": 0.0674795726530944, "gamma": 870.9837245295738, "max_depth": 9.0, "min_child_weight": 4525.9288413792865, "num_boost_round": 47.0, "subsample": 0.4266360899330216}, "datetime": {"datetime": "2024-01-20 15:51:07", "elapsed": 5221.258082, "delta": 0.005395}}
{"target": -13.500732088598882, "params": {"colsample_bytree": 0.5611270773463981, "eta": 0.0674795726530944, "gamma": 870.9837245295738, "max_depth": 9.0, "min_child_weight": 4525.9288413792865, "num_boost_round": 48.0, "subsample": 0.4266360899330216}, "datetime": {"datetime": "2024-01-20 15:51:07", "elapsed": 5221.26345, "delta": 0.005368}}
{"target": -13.500887875221663, "params": {"colsample_bytree": 0.5611270773463981, "eta": 0.0674795726530944, "gamma": 870.9837245295738, "max_depth": 9.0, "min_child_weight": 4525.9288413792865, "num_boost_round": 49.0, "subsample": 0.4266360899330216}, "datetime": {"datetime": "2024-01-20 15:51:07", "elapsed": 5221.268831, "delta": 0.005381}}
{"target": -13.501026335381818, "params": {"colsample_bytree": 0.5611270773463981, "eta": 0.0674795726530944, "gamma": 870.9837245295738, "max_depth": 9.0, "min_child_weight": 4525.9288413792865, "num_boost_round": 50.0, "subsample": 0.4266360899330216}, "datetime": {"datetime": "2024-01-20 15:51:07", "elapsed": 5221.274294, "delta": 0.005463}}
{"target": -13.501235788514304, "params": {"colsample_bytree": 0.5611270773463981, "eta": 0.0674795726530944, "gamma": 870.9837245295738, "max_depth": 9.0, "min_child_weight": 4525.9288413792865, "num_boost_round": 51.0, "subsample": 0.4266360899330216}, "datetime": {"datetime": "2024-01-20 15:51:07", "elapsed": 5221.279808, "delta": 0.005514}}
{"target": -13.50125620819919, "params": {"colsample_bytree": 0.5611270773463981, "eta": 0.0674795726530944, "gamma": 870.9837245295738, "max_depth": 9.0, "min_child_weight": 4525.9288413792865, "num_boost_round": 52.0, "subsample": 0.4266360899330216}, "datetime": {"datetime": "2024-01-20 15:51:07", "elapsed": 5221.285219, "delta": 0.005411}}
{"target": -13.501409914047834, "params": {"colsample_bytree": 0.5611270773463981, "eta": 0.0674795726530944, "gamma": 870.9837245295738, "max_depth": 9.0, "min_child_weight": 4525.9288413792865, "num_boost_round": 53.0, "subsample": 0.4266360899330216}, "datetime": {"datetime": "2024-01-20 15:51:07", "elapsed": 5221.290719, "delta": 0.0055}}
{"target": -13.50142730133404, "params": {"colsample_bytree": 0.5611270773463981, "eta": 0.0674795726530944, "gamma": 870.9837245295738, "max_depth": 9.0, "min_child_weight": 4525.9288413792865, "num_boost_round": 54.0, "subsample": 0.4266360899330216}, "datetime": {"datetime": "2024-01-20 15:51:07", "elapsed": 5221.296232, "delta": 0.005513}}
{"target": -13.501763477948916, "params": {"colsample_bytree": 0.5611270773463981, "eta": 0.0674795726530944, "gamma": 870.9837245295738, "max_depth": 9.0, "min_child_weight": 4525.9288413792865, "num_boost_round": 55.0, "subsample": 0.4266360899330216}, "datetime": {"datetime": "2024-01-20 15:51:07", "elapsed": 5221.30164, "delta": 0.005408}}
{"target": -13.497545760049992, "params": {"colsample_bytree": 0.9729894974830126, "eta": 0.0925816552186046, "gamma": 335.96455954068307, "max_depth": 4.0, "min_child_weight": 4013.6239688025225, "num_boost_round": 1.0, "subsample": 0.6908807086029979}, "datetime": {"datetime": "2024-01-20 15:53:36", "elapsed": 5369.488059, "delta": 148.186419}}
