{"target": -13.399031030915607, "params": {"colsample_bytree": 0.10433109202922934, "eta": 0.09384620711591316, "gamma": 171.58317384678034, "max_depth": 4.0, "min_child_weight": 3538.443880200704, "num_boost_round": 3.0, "subsample": 0.6957556905414681}, "datetime": {"datetime": "2024-01-20 15:45:25", "elapsed": 4860.454852, "delta": 0.003823}}
{"target": -13.397490265152067, "params": {"colsample_bytree": 0.8553969906238298, "eta": 0.033278953839456255, "gamma": 156.2710974830671, "max_depth": 9.0, "min_child_weight": 3830.717121127789, "num_boost_round": 1.0, "subsample": 0.29688372002356633}, "datetime": {"datetime": "2024-01-20 15:46:06", "elapsed": 4901.180844, "delta": 40.725992}}
{"target": -13.3971287036576, "params": {"colsample_bytree": 0.8553969906238298, "eta": 0.033278953839456255, "gamma": 156.2710974830671, "max_depth": 9.0, "min_child_weight": 3830.717121127789, "num_boost_round": 2.0, "subsample": 0.29688372002356633}, "datetime": {"datetime": "2024-01-20 15:46:06", "elapsed": 4901.184954, "delta": 0.00411}}
{"target": -13.397824092371367, "params": {"colsample_bytree": 0.8548389484756336, "eta": 0.027829978527422417, "gamma": 944.9817262968504, "max_depth": 4.0, "min_child_weight": 3325.6114617328026, "num_boost_round": 1.0, "subsample": 0.3783758774693292}, "datetime": {"datetime": "2024-01-20 15:46:57", "elapsed": 4952.525138, "delta": 51.340184}}
{"target": -13.397744323527531, "params": {"colsample_bytree": 0.8548389484756336, "eta": 0.027829978527422417, "gamma": 944.9817262968504, "max_depth": 4.0, "min_child_weight": 3325.6114617328026, "num_boost_round": 2.0, "subsample": 0.3783758774693292}, "datetime": {"datetime": "2024-01-20 15:46:57", "elapsed": 4952.52934, "delta": 0.004202}}
{"target": -13.397920202882379, "params": {"colsample_bytree": 0.8548389484756336, "eta": 0.027829978527422417, "gamma": 944.9817262968504, "max_depth": 4.0, "min_child_weight": 3325.6114617328026, "num_boost_round": 3.0, "subsample": 0.3783758774693292}, "datetime": {"datetime": "2024-01-20 15:46:57", "elapsed": 4952.533117, "delta": 0.003777}}
{"target": -13.397883345590131, "params": {"colsample_bytree": 0.8548389484756336, "eta": 0.027829978527422417, "gamma": 944.9817262968504, "max_depth": 4.0, "min_child_weight": 3325.6114617328026, "num_boost_round": 4.0, "subsample": 0.3783758774693292}, "datetime": {"datetime": "2024-01-20 15:46:57", "elapsed": 4952.536985, "delta": 0.003868}}
{"target": -13.397951489346337, "params": {"colsample_bytree": 0.8548389484756336, "eta": 0.027829978527422417, "gamma": 944.9817262968504, "max_depth": 4.0, "min_child_weight": 3325.6114617328026, "num_boost_round": 5.0, "subsample": 0.3783758774693292}, "datetime": {"datetime": "2024-01-20 15:46:57", "elapsed": 4952.540691, "delta": 0.003706}}
{"target": -13.397993785090943, "params": {"colsample_bytree": 0.8548389484756336, "eta": 0.027829978527422417, "gamma": 944.9817262968504, "max_depth": 4.0, "min_child_weight": 3325.6114617328026, "num_boost_round": 6.0, "subsample": 0.3783758774693292}, "datetime": {"datetime": "2024-01-20 15:46:57", "elapsed": 4952.544241, "delta": 0.00355}}
{"target": -13.398052809168718, "params": {"colsample_bytree": 0.8548389484756336, "eta": 0.027829978527422417, "gamma": 944.9817262968504, "max_depth": 4.0, "min_child_weight": 3325.6114617328026, "num_boost_round": 7.0, "subsample": 0.3783758774693292}, "datetime": {"datetime": "2024-01-20 15:46:57", "elapsed": 4952.548154, "delta": 0.003913}}
{"target": -13.398163602757117, "params": {"colsample_bytree": 0.8548389484756336, "eta": 0.027829978527422417, "gamma": 944.9817262968504, "max_depth": 4.0, "min_child_weight": 3325.6114617328026, "num_boost_round": 8.0, "subsample": 0.3783758774693292}, "datetime": {"datetime": "2024-01-20 15:46:57", "elapsed": 4952.551874, "delta": 0.00372}}
{"target": -13.397672751056884, "params": {"colsample_bytree": 0.32711960622380665, "eta": 0.09188045431888706, "gamma": 431.518652953902, "max_depth": 6.0, "min_child_weight": 3439.9615553559174, "num_boost_round": 1.0, "subsample": 0.7368235172847373}, "datetime": {"datetime": "2024-01-20 15:47:33", "elapsed": 4987.930382, "delta": 35.378508}}
{"target": -13.396614457871092, "params": {"colsample_bytree": 0.9847189546140275, "eta": 0.0564194438692545, "gamma": 277.33428337491904, "max_depth": 9.0, "min_child_weight": 3368.3449379027393, "num_boost_round": 1.0, "subsample": 0.7841634965905219}, "datetime": {"datetime": "2024-01-20 15:48:16", "elapsed": 5030.907996, "delta": 42.977614}}
{"target": -13.39637772374724, "params": {"colsample_bytree": 0.9847189546140275, "eta": 0.0564194438692545, "gamma": 277.33428337491904, "max_depth": 9.0, "min_child_weight": 3368.3449379027393, "num_boost_round": 2.0, "subsample": 0.7841634965905219}, "datetime": {"datetime": "2024-01-20 15:48:16", "elapsed": 5030.913033, "delta": 0.005037}}
{"target": -13.397815749937838, "params": {"colsample_bytree": 0.1482525339734726, "eta": 0.03442219338062849, "gamma": 474.80122131838345, "max_depth": 5.0, "min_child_weight": 4072.9754031841107, "num_boost_round": 1.0, "subsample": 0.7309149462956357}, "datetime": {"datetime": "2024-01-20 15:49:02", "elapsed": 5076.849786, "delta": 45.936753}}
{"target": -13.397848019896365, "params": {"colsample_bytree": 0.1482525339734726, "eta": 0.03442219338062849, "gamma": 474.80122131838345, "max_depth": 5.0, "min_child_weight": 4072.9754031841107, "num_boost_round": 2.0, "subsample": 0.7309149462956357}, "datetime": {"datetime": "2024-01-20 15:49:02", "elapsed": 5076.854713, "delta": 0.004927}}
{"target": -13.397451289524273, "params": {"colsample_bytree": 0.9186630190933466, "eta": 0.036380536748799916, "gamma": 134.8503004690442, "max_depth": 8.0, "min_child_weight": 3052.1392196570814, "num_boost_round": 1.0, "subsample": 0.589185336025287}, "datetime": {"datetime": "2024-01-20 15:49:49", "elapsed": 5124.273229, "delta": 47.418516}}
{"target": -13.397928352252789, "params": {"colsample_bytree": 0.24319549917707883, "eta": 0.038795735923582986, "gamma": 55.38957066655414, "max_depth": 8.0, "min_child_weight": 3079.622317841342, "num_boost_round": 1.0, "subsample": 0.3988563794416736}, "datetime": {"datetime": "2024-01-20 15:50:33", "elapsed": 5167.878384, "delta": 43.605155}}
{"target": -13.397851866740595, "params": {"colsample_bytree": 0.24319549917707883, "eta": 0.038795735923582986, "gamma": 55.38957066655414, "max_depth": 8.0, "min_child_weight": 3079.622317841342, "num_boost_round": 2.0, "subsample": 0.3988563794416736}, "datetime": {"datetime": "2024-01-20 15:50:33", "elapsed": 5167.883214, "delta": 0.00483}}
{"target": -13.397667789737806, "params": {"colsample_bytree": 0.24319549917707883, "eta": 0.038795735923582986, "gamma": 55.38957066655414, "max_depth": 8.0, "min_child_weight": 3079.622317841342, "num_boost_round": 3.0, "subsample": 0.3988563794416736}, "datetime": {"datetime": "2024-01-20 15:50:33", "elapsed": 5167.887091, "delta": 0.003877}}
{"target": -13.39806424609215, "params": {"colsample_bytree": 0.24319549917707883, "eta": 0.038795735923582986, "gamma": 55.38957066655414, "max_depth": 8.0, "min_child_weight": 3079.622317841342, "num_boost_round": 4.0, "subsample": 0.3988563794416736}, "datetime": {"datetime": "2024-01-20 15:50:33", "elapsed": 5167.890914, "delta": 0.003823}}
{"target": -13.39853804686143, "params": {"colsample_bytree": 0.24319549917707883, "eta": 0.038795735923582986, "gamma": 55.38957066655414, "max_depth": 8.0, "min_child_weight": 3079.622317841342, "num_boost_round": 5.0, "subsample": 0.3988563794416736}, "datetime": {"datetime": "2024-01-20 15:50:33", "elapsed": 5167.894778, "delta": 0.003864}}
{"target": -13.398585389149215, "params": {"colsample_bytree": 0.24319549917707883, "eta": 0.038795735923582986, "gamma": 55.38957066655414, "max_depth": 8.0, "min_child_weight": 3079.622317841342, "num_boost_round": 6.0, "subsample": 0.3988563794416736}, "datetime": {"datetime": "2024-01-20 15:50:33", "elapsed": 5167.89852, "delta": 0.003742}}
{"target": -13.399021266957911, "params": {"colsample_bytree": 0.24319549917707883, "eta": 0.038795735923582986, "gamma": 55.38957066655414, "max_depth": 8.0, "min_child_weight": 3079.622317841342, "num_boost_round": 7.0, "subsample": 0.3988563794416736}, "datetime": {"datetime": "2024-01-20 15:50:33", "elapsed": 5167.902188, "delta": 0.003668}}
{"target": -13.399200916306242, "params": {"colsample_bytree": 0.24319549917707883, "eta": 0.038795735923582986, "gamma": 55.38957066655414, "max_depth": 8.0, "min_child_weight": 3079.622317841342, "num_boost_round": 8.0, "subsample": 0.3988563794416736}, "datetime": {"datetime": "2024-01-20 15:50:33", "elapsed": 5167.905777, "delta": 0.003589}}
{"target": -13.3994511276532, "params": {"colsample_bytree": 0.24319549917707883, "eta": 0.038795735923582986, "gamma": 55.38957066655414, "max_depth": 8.0, "min_child_weight": 3079.622317841342, "num_boost_round": 9.0, "subsample": 0.3988563794416736}, "datetime": {"datetime": "2024-01-20 15:50:33", "elapsed": 5167.909483, "delta": 0.003706}}
{"target": -13.399539002956663, "params": {"colsample_bytree": 0.24319549917707883, "eta": 0.038795735923582986, "gamma": 55.38957066655414, "max_depth": 8.0, "min_child_weight": 3079.622317841342, "num_boost_round": 10.0, "subsample": 0.3988563794416736}, "datetime": {"datetime": "2024-01-20 15:50:33", "elapsed": 5167.91312, "delta": 0.003637}}
{"target": -13.399614624566539, "params": {"colsample_bytree": 0.24319549917707883, "eta": 0.038795735923582986, "gamma": 55.38957066655414, "max_depth": 8.0, "min_child_weight": 3079.622317841342, "num_boost_round": 11.0, "subsample": 0.3988563794416736}, "datetime": {"datetime": "2024-01-20 15:50:33", "elapsed": 5167.916899, "delta": 0.003779}}
{"target": -13.39967681294109, "params": {"colsample_bytree": 0.24319549917707883, "eta": 0.038795735923582986, "gamma": 55.38957066655414, "max_depth": 8.0, "min_child_weight": 3079.622317841342, "num_boost_round": 12.0, "subsample": 0.3988563794416736}, "datetime": {"datetime": "2024-01-20 15:50:33", "elapsed": 5167.920479, "delta": 0.00358}}
{"target": -13.397698136938997, "params": {"colsample_bytree": 0.7850497398410478, "eta": 0.014590904804757547, "gamma": 156.07233466004357, "max_depth": 2.0, "min_child_weight": 3054.2127270522597, "num_boost_round": 1.0, "subsample": 0.25394952754337874}, "datetime": {"datetime": "2024-01-20 15:51:27", "elapsed": 5222.069123, "delta": 54.148644}}
{"target": -13.39765118838515, "params": {"colsample_bytree": 0.7850497398410478, "eta": 0.014590904804757547, "gamma": 156.07233466004357, "max_depth": 2.0, "min_child_weight": 3054.2127270522597, "num_boost_round": 2.0, "subsample": 0.25394952754337874}, "datetime": {"datetime": "2024-01-20 15:51:27", "elapsed": 5222.073389, "delta": 0.004266}}
{"target": -13.397563847213556, "params": {"colsample_bytree": 0.7850497398410478, "eta": 0.014590904804757547, "gamma": 156.07233466004357, "max_depth": 2.0, "min_child_weight": 3054.2127270522597, "num_boost_round": 3.0, "subsample": 0.25394952754337874}, "datetime": {"datetime": "2024-01-20 15:51:27", "elapsed": 5222.077306, "delta": 0.003917}}
{"target": -13.397472244623064, "params": {"colsample_bytree": 0.7850497398410478, "eta": 0.014590904804757547, "gamma": 156.07233466004357, "max_depth": 2.0, "min_child_weight": 3054.2127270522597, "num_boost_round": 4.0, "subsample": 0.25394952754337874}, "datetime": {"datetime": "2024-01-20 15:51:27", "elapsed": 5222.081122, "delta": 0.003816}}
{"target": -13.397436860698209, "params": {"colsample_bytree": 0.7850497398410478, "eta": 0.014590904804757547, "gamma": 156.07233466004357, "max_depth": 2.0, "min_child_weight": 3054.2127270522597, "num_boost_round": 5.0, "subsample": 0.25394952754337874}, "datetime": {"datetime": "2024-01-20 15:51:27", "elapsed": 5222.084868, "delta": 0.003746}}
{"target": -13.39740846110907, "params": {"colsample_bytree": 0.7850497398410478, "eta": 0.014590904804757547, "gamma": 156.07233466004357, "max_depth": 2.0, "min_child_weight": 3054.2127270522597, "num_boost_round": 6.0, "subsample": 0.25394952754337874}, "datetime": {"datetime": "2024-01-20 15:51:27", "elapsed": 5222.088889, "delta": 0.004021}}
{"target": -13.39742214694854, "params": {"colsample_bytree": 0.7850497398410478, "eta": 0.014590904804757547, "gamma": 156.07233466004357, "max_depth": 2.0, "min_child_weight": 3054.2127270522597, "num_boost_round": 7.0, "subsample": 0.25394952754337874}, "datetime": {"datetime": "2024-01-20 15:51:27", "elapsed": 5222.092787, "delta": 0.003898}}
{"target": -13.397482112400716, "params": {"colsample_bytree": 0.7850497398410478, "eta": 0.014590904804757547, "gamma": 156.07233466004357, "max_depth": 2.0, "min_child_weight": 3054.2127270522597, "num_boost_round": 8.0, "subsample": 0.25394952754337874}, "datetime": {"datetime": "2024-01-20 15:51:27", "elapsed": 5222.096744, "delta": 0.003957}}
{"target": -13.397409954979075, "params": {"colsample_bytree": 0.7850497398410478, "eta": 0.014590904804757547, "gamma": 156.07233466004357, "max_depth": 2.0, "min_child_weight": 3054.2127270522597, "num_boost_round": 9.0, "subsample": 0.25394952754337874}, "datetime": {"datetime": "2024-01-20 15:51:27", "elapsed": 5222.100411, "delta": 0.003667}}
{"target": -13.397363464519625, "params": {"colsample_bytree": 0.7850497398410478, "eta": 0.014590904804757547, "gamma": 156.07233466004357, "max_depth": 2.0, "min_child_weight": 3054.2127270522597, "num_boost_round": 10.0, "subsample": 0.25394952754337874}, "datetime": {"datetime": "2024-01-20 15:51:27", "elapsed": 5222.104027, "delta": 0.003616}}
{"target": -13.397344251858133, "params": {"colsample_bytree": 0.7850497398410478, "eta": 0.014590904804757547, "gamma": 156.07233466004357, "max_depth": 2.0, "min_child_weight": 3054.2127270522597, "num_boost_round": 11.0, "subsample": 0.25394952754337874}, "datetime": {"datetime": "2024-01-20 15:51:27", "elapsed": 5222.107839, "delta": 0.003812}}
{"target": -13.397316902950124, "params": {"colsample_bytree": 0.7850497398410478, "eta": 0.014590904804757547, "gamma": 156.07233466004357, "max_depth": 2.0, "min_child_weight": 3054.2127270522597, "num_boost_round": 12.0, "subsample": 0.25394952754337874}, "datetime": {"datetime": "2024-01-20 15:51:27", "elapsed": 5222.111647, "delta": 0.003808}}
{"target": -13.397384840150657, "params": {"colsample_bytree": 0.7850497398410478, "eta": 0.014590904804757547, "gamma": 156.07233466004357, "max_depth": 2.0, "min_child_weight": 3054.2127270522597, "num_boost_round": 13.0, "subsample": 0.25394952754337874}, "datetime": {"datetime": "2024-01-20 15:51:27", "elapsed": 5222.115288, "delta": 0.003641}}
{"target": -13.397350821362263, "params": {"colsample_bytree": 0.7850497398410478, "eta": 0.014590904804757547, "gamma": 156.07233466004357, "max_depth": 2.0, "min_child_weight": 3054.2127270522597, "num_boost_round": 14.0, "subsample": 0.25394952754337874}, "datetime": {"datetime": "2024-01-20 15:51:27", "elapsed": 5222.119212, "delta": 0.003924}}
{"target": -13.39740307639349, "params": {"colsample_bytree": 0.7850497398410478, "eta": 0.014590904804757547, "gamma": 156.07233466004357, "max_depth": 2.0, "min_child_weight": 3054.2127270522597, "num_boost_round": 15.0, "subsample": 0.25394952754337874}, "datetime": {"datetime": "2024-01-20 15:51:27", "elapsed": 5222.122863, "delta": 0.003651}}
{"target": -13.397413831990221, "params": {"colsample_bytree": 0.7850497398410478, "eta": 0.014590904804757547, "gamma": 156.07233466004357, "max_depth": 2.0, "min_child_weight": 3054.2127270522597, "num_boost_round": 16.0, "subsample": 0.25394952754337874}, "datetime": {"datetime": "2024-01-20 15:51:27", "elapsed": 5222.126577, "delta": 0.003714}}
{"target": -13.397454873455349, "params": {"colsample_bytree": 0.7850497398410478, "eta": 0.014590904804757547, "gamma": 156.07233466004357, "max_depth": 2.0, "min_child_weight": 3054.2127270522597, "num_boost_round": 17.0, "subsample": 0.25394952754337874}, "datetime": {"datetime": "2024-01-20 15:51:27", "elapsed": 5222.130567, "delta": 0.00399}}
{"target": -13.397435326871655, "params": {"colsample_bytree": 0.7850497398410478, "eta": 0.014590904804757547, "gamma": 156.07233466004357, "max_depth": 2.0, "min_child_weight": 3054.2127270522597, "num_boost_round": 18.0, "subsample": 0.25394952754337874}, "datetime": {"datetime": "2024-01-20 15:51:27", "elapsed": 5222.134212, "delta": 0.003645}}
{"target": -13.397492377425937, "params": {"colsample_bytree": 0.7850497398410478, "eta": 0.014590904804757547, "gamma": 156.07233466004357, "max_depth": 2.0, "min_child_weight": 3054.2127270522597, "num_boost_round": 19.0, "subsample": 0.25394952754337874}, "datetime": {"datetime": "2024-01-20 15:51:27", "elapsed": 5222.137928, "delta": 0.003716}}
{"target": -13.397497858064611, "params": {"colsample_bytree": 0.7850497398410478, "eta": 0.014590904804757547, "gamma": 156.07233466004357, "max_depth": 2.0, "min_child_weight": 3054.2127270522597, "num_boost_round": 20.0, "subsample": 0.25394952754337874}, "datetime": {"datetime": "2024-01-20 15:51:27", "elapsed": 5222.141619, "delta": 0.003691}}
{"target": -13.397549987090063, "params": {"colsample_bytree": 0.7850497398410478, "eta": 0.014590904804757547, "gamma": 156.07233466004357, "max_depth": 2.0, "min_child_weight": 3054.2127270522597, "num_boost_round": 21.0, "subsample": 0.25394952754337874}, "datetime": {"datetime": "2024-01-20 15:51:27", "elapsed": 5222.145372, "delta": 0.003753}}
{"target": -13.397582383564124, "params": {"colsample_bytree": 0.7850497398410478, "eta": 0.014590904804757547, "gamma": 156.07233466004357, "max_depth": 2.0, "min_child_weight": 3054.2127270522597, "num_boost_round": 22.0, "subsample": 0.25394952754337874}, "datetime": {"datetime": "2024-01-20 15:51:27", "elapsed": 5222.149135, "delta": 0.003763}}
{"target": -13.397608482520507, "params": {"colsample_bytree": 0.7850497398410478, "eta": 0.014590904804757547, "gamma": 156.07233466004357, "max_depth": 2.0, "min_child_weight": 3054.2127270522597, "num_boost_round": 23.0, "subsample": 0.25394952754337874}, "datetime": {"datetime": "2024-01-20 15:51:27", "elapsed": 5222.152964, "delta": 0.003829}}
{"target": -13.397612659035214, "params": {"colsample_bytree": 0.7850497398410478, "eta": 0.014590904804757547, "gamma": 156.07233466004357, "max_depth": 2.0, "min_child_weight": 3054.2127270522597, "num_boost_round": 24.0, "subsample": 0.25394952754337874}, "datetime": {"datetime": "2024-01-20 15:51:27", "elapsed": 5222.156735, "delta": 0.003771}}
{"target": -13.397651957235421, "params": {"colsample_bytree": 0.7850497398410478, "eta": 0.014590904804757547, "gamma": 156.07233466004357, "max_depth": 2.0, "min_child_weight": 3054.2127270522597, "num_boost_round": 25.0, "subsample": 0.25394952754337874}, "datetime": {"datetime": "2024-01-20 15:51:27", "elapsed": 5222.160461, "delta": 0.003726}}
{"target": -13.397770390290791, "params": {"colsample_bytree": 0.7850497398410478, "eta": 0.014590904804757547, "gamma": 156.07233466004357, "max_depth": 2.0, "min_child_weight": 3054.2127270522597, "num_boost_round": 26.0, "subsample": 0.25394952754337874}, "datetime": {"datetime": "2024-01-20 15:51:27", "elapsed": 5222.16417, "delta": 0.003709}}
{"target": -13.397846950681013, "params": {"colsample_bytree": 0.7850497398410478, "eta": 0.014590904804757547, "gamma": 156.07233466004357, "max_depth": 2.0, "min_child_weight": 3054.2127270522597, "num_boost_round": 27.0, "subsample": 0.25394952754337874}, "datetime": {"datetime": "2024-01-20 15:51:27", "elapsed": 5222.167901, "delta": 0.003731}}
{"target": -13.39799170015451, "params": {"colsample_bytree": 0.7850497398410478, "eta": 0.014590904804757547, "gamma": 156.07233466004357, "max_depth": 2.0, "min_child_weight": 3054.2127270522597, "num_boost_round": 28.0, "subsample": 0.25394952754337874}, "datetime": {"datetime": "2024-01-20 15:51:27", "elapsed": 5222.171808, "delta": 0.003907}}
{"target": -13.397997322682896, "params": {"colsample_bytree": 0.7850497398410478, "eta": 0.014590904804757547, "gamma": 156.07233466004357, "max_depth": 2.0, "min_child_weight": 3054.2127270522597, "num_boost_round": 29.0, "subsample": 0.25394952754337874}, "datetime": {"datetime": "2024-01-20 15:51:27", "elapsed": 5222.175622, "delta": 0.003814}}
{"target": -13.398083342643702, "params": {"colsample_bytree": 0.7850497398410478, "eta": 0.014590904804757547, "gamma": 156.07233466004357, "max_depth": 2.0, "min_child_weight": 3054.2127270522597, "num_boost_round": 30.0, "subsample": 0.25394952754337874}, "datetime": {"datetime": "2024-01-20 15:51:27", "elapsed": 5222.179499, "delta": 0.003877}}
{"target": -13.398111305424145, "params": {"colsample_bytree": 0.7850497398410478, "eta": 0.014590904804757547, "gamma": 156.07233466004357, "max_depth": 2.0, "min_child_weight": 3054.2127270522597, "num_boost_round": 31.0, "subsample": 0.25394952754337874}, "datetime": {"datetime": "2024-01-20 15:51:27", "elapsed": 5222.183284, "delta": 0.003785}}
{"target": -13.3981060846317, "params": {"colsample_bytree": 0.7850497398410478, "eta": 0.014590904804757547, "gamma": 156.07233466004357, "max_depth": 2.0, "min_child_weight": 3054.2127270522597, "num_boost_round": 32.0, "subsample": 0.25394952754337874}, "datetime": {"datetime": "2024-01-20 15:51:27", "elapsed": 5222.187297, "delta": 0.004013}}
{"target": -13.39813352445408, "params": {"colsample_bytree": 0.7850497398410478, "eta": 0.014590904804757547, "gamma": 156.07233466004357, "max_depth": 2.0, "min_child_weight": 3054.2127270522597, "num_boost_round": 33.0, "subsample": 0.25394952754337874}, "datetime": {"datetime": "2024-01-20 15:51:27", "elapsed": 5222.191208, "delta": 0.003911}}
{"target": -13.398306645800076, "params": {"colsample_bytree": 0.7850497398410478, "eta": 0.014590904804757547, "gamma": 156.07233466004357, "max_depth": 2.0, "min_child_weight": 3054.2127270522597, "num_boost_round": 34.0, "subsample": 0.25394952754337874}, "datetime": {"datetime": "2024-01-20 15:51:27", "elapsed": 5222.195066, "delta": 0.003858}}
