{"target": -13.73864169177045, "params": {"colsample_bytree": 0.21405892621436184, "eta": 0.011841508203541294, "gamma": 19.914741910106116, "max_depth": 5.0, "min_child_weight": 3948.6053287558025, "num_boost_round": 61.0, "subsample": 0.4980106689228785}, "datetime": {"datetime": "2024-01-20 14:51:11", "elapsed": 1632.7328, "delta": 0.001239}}
{"target": -13.73870309909199, "params": {"colsample_bytree": 0.21405892621436184, "eta": 0.011841508203541294, "gamma": 19.914741910106116, "max_depth": 5.0, "min_child_weight": 3948.6053287558025, "num_boost_round": 62.0, "subsample": 0.4980106689228785}, "datetime": {"datetime": "2024-01-20 14:51:11", "elapsed": 1632.734194, "delta": 0.001394}}
{"target": -13.738913220938244, "params": {"colsample_bytree": 0.21405892621436184, "eta": 0.011841508203541294, "gamma": 19.914741910106116, "max_depth": 5.0, "min_child_weight": 3948.6053287558025, "num_boost_round": 63.0, "subsample": 0.4980106689228785}, "datetime": {"datetime": "2024-01-20 14:51:11", "elapsed": 1632.735698, "delta": 0.001504}}
{"target": -13.739045457330331, "params": {"colsample_bytree": 0.21405892621436184, "eta": 0.011841508203541294, "gamma": 19.914741910106116, "max_depth": 5.0, "min_child_weight": 3948.6053287558025, "num_boost_round": 64.0, "subsample": 0.4980106689228785}, "datetime": {"datetime": "2024-01-20 14:51:11", "elapsed": 1632.736981, "delta": 0.001283}}
{"target": -13.739114532789639, "params": {"colsample_bytree": 0.21405892621436184, "eta": 0.011841508203541294, "gamma": 19.914741910106116, "max_depth": 5.0, "min_child_weight": 3948.6053287558025, "num_boost_round": 65.0, "subsample": 0.4980106689228785}, "datetime": {"datetime": "2024-01-20 14:51:11", "elapsed": 1632.738232, "delta": 0.001251}}
{"target": -13.73188555247896, "params": {"colsample_bytree": 0.40034557665503356, "eta": 0.060323843765088626, "gamma": 75.91063303872969, "max_depth": 9.0, "min_child_weight": 3823.9456244427533, "num_boost_round": 1.0, "subsample": 0.7028242136704885}, "datetime": {"datetime": "2024-01-20 14:51:25", "elapsed": 1646.701044, "delta": 13.962812}}
{"target": -13.731721114188781, "params": {"colsample_bytree": 0.7006239912829556, "eta": 0.050689236192573615, "gamma": 264.0826051058556, "max_depth": 2.0, "min_child_weight": 3676.5915915663154, "num_boost_round": 1.0, "subsample": 0.2817924569360989}, "datetime": {"datetime": "2024-01-20 14:51:42", "elapsed": 1663.699793, "delta": 16.998749}}
{"target": -13.732457248515388, "params": {"colsample_bytree": 0.7006239912829556, "eta": 0.050689236192573615, "gamma": 264.0826051058556, "max_depth": 2.0, "min_child_weight": 3676.5915915663154, "num_boost_round": 2.0, "subsample": 0.2817924569360989}, "datetime": {"datetime": "2024-01-20 14:51:42", "elapsed": 1663.701586, "delta": 0.001793}}
{"target": -13.733170985835521, "params": {"colsample_bytree": 0.7006239912829556, "eta": 0.050689236192573615, "gamma": 264.0826051058556, "max_depth": 2.0, "min_child_weight": 3676.5915915663154, "num_boost_round": 3.0, "subsample": 0.2817924569360989}, "datetime": {"datetime": "2024-01-20 14:51:42", "elapsed": 1663.703548, "delta": 0.001962}}
{"target": -13.73376548888335, "params": {"colsample_bytree": 0.7006239912829556, "eta": 0.050689236192573615, "gamma": 264.0826051058556, "max_depth": 2.0, "min_child_weight": 3676.5915915663154, "num_boost_round": 4.0, "subsample": 0.2817924569360989}, "datetime": {"datetime": "2024-01-20 14:51:42", "elapsed": 1663.704866, "delta": 0.001318}}
{"target": -13.734653928275286, "params": {"colsample_bytree": 0.7006239912829556, "eta": 0.050689236192573615, "gamma": 264.0826051058556, "max_depth": 2.0, "min_child_weight": 3676.5915915663154, "num_boost_round": 5.0, "subsample": 0.2817924569360989}, "datetime": {"datetime": "2024-01-20 14:51:42", "elapsed": 1663.706239, "delta": 0.001373}}
{"target": -13.735507900180664, "params": {"colsample_bytree": 0.7006239912829556, "eta": 0.050689236192573615, "gamma": 264.0826051058556, "max_depth": 2.0, "min_child_weight": 3676.5915915663154, "num_boost_round": 6.0, "subsample": 0.2817924569360989}, "datetime": {"datetime": "2024-01-20 14:51:42", "elapsed": 1663.707558, "delta": 0.001319}}
{"target": -13.736344427221594, "params": {"colsample_bytree": 0.7006239912829556, "eta": 0.050689236192573615, "gamma": 264.0826051058556, "max_depth": 2.0, "min_child_weight": 3676.5915915663154, "num_boost_round": 7.0, "subsample": 0.2817924569360989}, "datetime": {"datetime": "2024-01-20 14:51:42", "elapsed": 1663.70888, "delta": 0.001322}}
{"target": -13.73214666857216, "params": {"colsample_bytree": 0.6207140953338237, "eta": 0.07269832000984111, "gamma": 953.6408566642083, "max_depth": 2.0, "min_child_weight": 4374.502002858543, "num_boost_round": 1.0, "subsample": 0.3129690837853381}, "datetime": {"datetime": "2024-01-20 14:51:59", "elapsed": 1680.005291, "delta": 16.296411}}
{"target": -13.733137610208914, "params": {"colsample_bytree": 0.6207140953338237, "eta": 0.07269832000984111, "gamma": 953.6408566642083, "max_depth": 2.0, "min_child_weight": 4374.502002858543, "num_boost_round": 2.0, "subsample": 0.3129690837853381}, "datetime": {"datetime": "2024-01-20 14:51:59", "elapsed": 1680.007841, "delta": 0.00255}}
{"target": -13.734289085572222, "params": {"colsample_bytree": 0.6207140953338237, "eta": 0.07269832000984111, "gamma": 953.6408566642083, "max_depth": 2.0, "min_child_weight": 4374.502002858543, "num_boost_round": 3.0, "subsample": 0.3129690837853381}, "datetime": {"datetime": "2024-01-20 14:51:59", "elapsed": 1680.009208, "delta": 0.001367}}
{"target": -13.735156392605745, "params": {"colsample_bytree": 0.6207140953338237, "eta": 0.07269832000984111, "gamma": 953.6408566642083, "max_depth": 2.0, "min_child_weight": 4374.502002858543, "num_boost_round": 4.0, "subsample": 0.3129690837853381}, "datetime": {"datetime": "2024-01-20 14:51:59", "elapsed": 1680.010506, "delta": 0.001298}}
{"target": -13.736547658524263, "params": {"colsample_bytree": 0.6207140953338237, "eta": 0.07269832000984111, "gamma": 953.6408566642083, "max_depth": 2.0, "min_child_weight": 4374.502002858543, "num_boost_round": 5.0, "subsample": 0.3129690837853381}, "datetime": {"datetime": "2024-01-20 14:51:59", "elapsed": 1680.011851, "delta": 0.001345}}
{"target": -13.73154335036124, "params": {"colsample_bytree": 0.3636805425390244, "eta": 0.03564322781731773, "gamma": 31.75604962964218, "max_depth": 9.0, "min_child_weight": 3773.366215773119, "num_boost_round": 1.0, "subsample": 0.8153819912259542}, "datetime": {"datetime": "2024-01-20 14:52:24", "elapsed": 1705.112361, "delta": 25.10051}}
{"target": -13.732078421530947, "params": {"colsample_bytree": 0.3636805425390244, "eta": 0.03564322781731773, "gamma": 31.75604962964218, "max_depth": 9.0, "min_child_weight": 3773.366215773119, "num_boost_round": 2.0, "subsample": 0.8153819912259542}, "datetime": {"datetime": "2024-01-20 14:52:24", "elapsed": 1705.114391, "delta": 0.00203}}
{"target": -13.73239688467046, "params": {"colsample_bytree": 0.3636805425390244, "eta": 0.03564322781731773, "gamma": 31.75604962964218, "max_depth": 9.0, "min_child_weight": 3773.366215773119, "num_boost_round": 3.0, "subsample": 0.8153819912259542}, "datetime": {"datetime": "2024-01-20 14:52:24", "elapsed": 1705.117091, "delta": 0.0027}}
{"target": -13.73289462827404, "params": {"colsample_bytree": 0.3636805425390244, "eta": 0.03564322781731773, "gamma": 31.75604962964218, "max_depth": 9.0, "min_child_weight": 3773.366215773119, "num_boost_round": 4.0, "subsample": 0.8153819912259542}, "datetime": {"datetime": "2024-01-20 14:52:24", "elapsed": 1705.118431, "delta": 0.00134}}
{"target": -13.733960449442193, "params": {"colsample_bytree": 0.3636805425390244, "eta": 0.03564322781731773, "gamma": 31.75604962964218, "max_depth": 9.0, "min_child_weight": 3773.366215773119, "num_boost_round": 5.0, "subsample": 0.8153819912259542}, "datetime": {"datetime": "2024-01-20 14:52:24", "elapsed": 1705.119723, "delta": 0.001292}}
{"target": -13.734771670965163, "params": {"colsample_bytree": 0.3636805425390244, "eta": 0.03564322781731773, "gamma": 31.75604962964218, "max_depth": 9.0, "min_child_weight": 3773.366215773119, "num_boost_round": 6.0, "subsample": 0.8153819912259542}, "datetime": {"datetime": "2024-01-20 14:52:24", "elapsed": 1705.12104, "delta": 0.001317}}
{"target": -13.735412971521171, "params": {"colsample_bytree": 0.3636805425390244, "eta": 0.03564322781731773, "gamma": 31.75604962964218, "max_depth": 9.0, "min_child_weight": 3773.366215773119, "num_boost_round": 7.0, "subsample": 0.8153819912259542}, "datetime": {"datetime": "2024-01-20 14:52:24", "elapsed": 1705.1223, "delta": 0.00126}}
{"target": -13.736194326511978, "params": {"colsample_bytree": 0.3636805425390244, "eta": 0.03564322781731773, "gamma": 31.75604962964218, "max_depth": 9.0, "min_child_weight": 3773.366215773119, "num_boost_round": 8.0, "subsample": 0.8153819912259542}, "datetime": {"datetime": "2024-01-20 14:52:24", "elapsed": 1705.123564, "delta": 0.001264}}
{"target": -13.736993403802988, "params": {"colsample_bytree": 0.3636805425390244, "eta": 0.03564322781731773, "gamma": 31.75604962964218, "max_depth": 9.0, "min_child_weight": 3773.366215773119, "num_boost_round": 9.0, "subsample": 0.8153819912259542}, "datetime": {"datetime": "2024-01-20 14:52:24", "elapsed": 1705.124965, "delta": 0.001401}}
{"target": -13.737694189140207, "params": {"colsample_bytree": 0.3636805425390244, "eta": 0.03564322781731773, "gamma": 31.75604962964218, "max_depth": 9.0, "min_child_weight": 3773.366215773119, "num_boost_round": 10.0, "subsample": 0.8153819912259542}, "datetime": {"datetime": "2024-01-20 14:52:24", "elapsed": 1705.126236, "delta": 0.001271}}
{"target": -13.738289145522392, "params": {"colsample_bytree": 0.3636805425390244, "eta": 0.03564322781731773, "gamma": 31.75604962964218, "max_depth": 9.0, "min_child_weight": 3773.366215773119, "num_boost_round": 11.0, "subsample": 0.8153819912259542}, "datetime": {"datetime": "2024-01-20 14:52:24", "elapsed": 1705.1275, "delta": 0.001264}}
{"target": -13.738455047883424, "params": {"colsample_bytree": 0.3636805425390244, "eta": 0.03564322781731773, "gamma": 31.75604962964218, "max_depth": 9.0, "min_child_weight": 3773.366215773119, "num_boost_round": 12.0, "subsample": 0.8153819912259542}, "datetime": {"datetime": "2024-01-20 14:52:24", "elapsed": 1705.128783, "delta": 0.001283}}
{"target": -13.738993595712781, "params": {"colsample_bytree": 0.3636805425390244, "eta": 0.03564322781731773, "gamma": 31.75604962964218, "max_depth": 9.0, "min_child_weight": 3773.366215773119, "num_boost_round": 13.0, "subsample": 0.8153819912259542}, "datetime": {"datetime": "2024-01-20 14:52:24", "elapsed": 1705.130058, "delta": 0.001275}}
{"target": -13.739450252477532, "params": {"colsample_bytree": 0.3636805425390244, "eta": 0.03564322781731773, "gamma": 31.75604962964218, "max_depth": 9.0, "min_child_weight": 3773.366215773119, "num_boost_round": 14.0, "subsample": 0.8153819912259542}, "datetime": {"datetime": "2024-01-20 14:52:24", "elapsed": 1705.131325, "delta": 0.001267}}
{"target": -13.740265920306808, "params": {"colsample_bytree": 0.3636805425390244, "eta": 0.03564322781731773, "gamma": 31.75604962964218, "max_depth": 9.0, "min_child_weight": 3773.366215773119, "num_boost_round": 15.0, "subsample": 0.8153819912259542}, "datetime": {"datetime": "2024-01-20 14:52:24", "elapsed": 1705.132612, "delta": 0.001287}}
{"target": -13.740707375118223, "params": {"colsample_bytree": 0.3636805425390244, "eta": 0.03564322781731773, "gamma": 31.75604962964218, "max_depth": 9.0, "min_child_weight": 3773.366215773119, "num_boost_round": 16.0, "subsample": 0.8153819912259542}, "datetime": {"datetime": "2024-01-20 14:52:24", "elapsed": 1705.133884, "delta": 0.001272}}
{"target": -13.74218274742389, "params": {"colsample_bytree": 0.3636805425390244, "eta": 0.03564322781731773, "gamma": 31.75604962964218, "max_depth": 9.0, "min_child_weight": 3773.366215773119, "num_boost_round": 17.0, "subsample": 0.8153819912259542}, "datetime": {"datetime": "2024-01-20 14:52:24", "elapsed": 1705.13538, "delta": 0.001496}}
{"target": -13.743009580691329, "params": {"colsample_bytree": 0.3636805425390244, "eta": 0.03564322781731773, "gamma": 31.75604962964218, "max_depth": 9.0, "min_child_weight": 3773.366215773119, "num_boost_round": 18.0, "subsample": 0.8153819912259542}, "datetime": {"datetime": "2024-01-20 14:52:24", "elapsed": 1705.136895, "delta": 0.001515}}
{"target": -13.74360817816366, "params": {"colsample_bytree": 0.3636805425390244, "eta": 0.03564322781731773, "gamma": 31.75604962964218, "max_depth": 9.0, "min_child_weight": 3773.366215773119, "num_boost_round": 19.0, "subsample": 0.8153819912259542}, "datetime": {"datetime": "2024-01-20 14:52:24", "elapsed": 1705.13829, "delta": 0.001395}}
{"target": -13.732048455842762, "params": {"colsample_bytree": 0.2428214106201113, "eta": 0.09711906302177155, "gamma": 80.03482135520068, "max_depth": 4.0, "min_child_weight": 4061.7693870582875, "num_boost_round": 1.0, "subsample": 0.4095412852984436}, "datetime": {"datetime": "2024-01-20 14:52:41", "elapsed": 1722.849345, "delta": 17.711055}}
{"target": -13.732941803854704, "params": {"colsample_bytree": 0.2428214106201113, "eta": 0.09711906302177155, "gamma": 80.03482135520068, "max_depth": 4.0, "min_child_weight": 4061.7693870582875, "num_boost_round": 2.0, "subsample": 0.4095412852984436}, "datetime": {"datetime": "2024-01-20 14:52:41", "elapsed": 1722.851777, "delta": 0.002432}}
{"target": -13.733654198607137, "params": {"colsample_bytree": 0.2428214106201113, "eta": 0.09711906302177155, "gamma": 80.03482135520068, "max_depth": 4.0, "min_child_weight": 4061.7693870582875, "num_boost_round": 3.0, "subsample": 0.4095412852984436}, "datetime": {"datetime": "2024-01-20 14:52:41", "elapsed": 1722.853358, "delta": 0.001581}}
{"target": -13.734566638860223, "params": {"colsample_bytree": 0.2428214106201113, "eta": 0.09711906302177155, "gamma": 80.03482135520068, "max_depth": 4.0, "min_child_weight": 4061.7693870582875, "num_boost_round": 4.0, "subsample": 0.4095412852984436}, "datetime": {"datetime": "2024-01-20 14:52:41", "elapsed": 1722.855336, "delta": 0.001978}}
{"target": -13.736501880215286, "params": {"colsample_bytree": 0.2428214106201113, "eta": 0.09711906302177155, "gamma": 80.03482135520068, "max_depth": 4.0, "min_child_weight": 4061.7693870582875, "num_boost_round": 5.0, "subsample": 0.4095412852984436}, "datetime": {"datetime": "2024-01-20 14:52:41", "elapsed": 1722.856717, "delta": 0.001381}}
{"target": -13.738233087301715, "params": {"colsample_bytree": 0.2428214106201113, "eta": 0.09711906302177155, "gamma": 80.03482135520068, "max_depth": 4.0, "min_child_weight": 4061.7693870582875, "num_boost_round": 6.0, "subsample": 0.4095412852984436}, "datetime": {"datetime": "2024-01-20 14:52:41", "elapsed": 1722.858046, "delta": 0.001329}}
{"target": -13.73924470283986, "params": {"colsample_bytree": 0.2428214106201113, "eta": 0.09711906302177155, "gamma": 80.03482135520068, "max_depth": 4.0, "min_child_weight": 4061.7693870582875, "num_boost_round": 7.0, "subsample": 0.4095412852984436}, "datetime": {"datetime": "2024-01-20 14:52:41", "elapsed": 1722.859372, "delta": 0.001326}}
{"target": -13.739570325337677, "params": {"colsample_bytree": 0.2428214106201113, "eta": 0.09711906302177155, "gamma": 80.03482135520068, "max_depth": 4.0, "min_child_weight": 4061.7693870582875, "num_boost_round": 8.0, "subsample": 0.4095412852984436}, "datetime": {"datetime": "2024-01-20 14:52:41", "elapsed": 1722.860677, "delta": 0.001305}}
{"target": -13.740598716998196, "params": {"colsample_bytree": 0.2428214106201113, "eta": 0.09711906302177155, "gamma": 80.03482135520068, "max_depth": 4.0, "min_child_weight": 4061.7693870582875, "num_boost_round": 9.0, "subsample": 0.4095412852984436}, "datetime": {"datetime": "2024-01-20 14:52:41", "elapsed": 1722.862006, "delta": 0.001329}}
{"target": -13.731285898354646, "params": {"colsample_bytree": 0.9637464636029185, "eta": 0.01600722425544966, "gamma": 753.9211979016635, "max_depth": 9.0, "min_child_weight": 4246.74759767767, "num_boost_round": 1.0, "subsample": 0.298052310004607}, "datetime": {"datetime": "2024-01-20 14:52:56", "elapsed": 1737.819428, "delta": 14.957422}}
{"target": -13.731835767696612, "params": {"colsample_bytree": 0.4478984223420719, "eta": 0.09429172974319322, "gamma": 267.71030209209437, "max_depth": 2.0, "min_child_weight": 4387.54291497849, "num_boost_round": 1.0, "subsample": 0.6537266334734348}, "datetime": {"datetime": "2024-01-20 14:53:11", "elapsed": 1752.576287, "delta": 14.756859}}
{"target": -13.732145611678753, "params": {"colsample_bytree": 0.4478984223420719, "eta": 0.09429172974319322, "gamma": 267.71030209209437, "max_depth": 2.0, "min_child_weight": 4387.54291497849, "num_boost_round": 2.0, "subsample": 0.6537266334734348}, "datetime": {"datetime": "2024-01-20 14:53:11", "elapsed": 1752.577886, "delta": 0.001599}}
{"target": -13.731960197414125, "params": {"colsample_bytree": 0.7293525977658101, "eta": 0.08790629807831257, "gamma": 139.82928159576568, "max_depth": 2.0, "min_child_weight": 3719.170025928489, "num_boost_round": 1.0, "subsample": 0.10961080217037783}, "datetime": {"datetime": "2024-01-20 14:53:26", "elapsed": 1767.258599, "delta": 14.680713}}
{"target": -13.731484842081674, "params": {"colsample_bytree": 0.41544593070724833, "eta": 0.04039964893860831, "gamma": 196.53998954164354, "max_depth": 7.0, "min_child_weight": 3642.842826305169, "num_boost_round": 1.0, "subsample": 0.7971728535587953}, "datetime": {"datetime": "2024-01-20 14:53:45", "elapsed": 1786.334385, "delta": 19.075786}}
{"target": -13.731818391746934, "params": {"colsample_bytree": 0.41544593070724833, "eta": 0.04039964893860831, "gamma": 196.53998954164354, "max_depth": 7.0, "min_child_weight": 3642.842826305169, "num_boost_round": 2.0, "subsample": 0.7971728535587953}, "datetime": {"datetime": "2024-01-20 14:53:45", "elapsed": 1786.336384, "delta": 0.001999}}
{"target": -13.732265403944398, "params": {"colsample_bytree": 0.41544593070724833, "eta": 0.04039964893860831, "gamma": 196.53998954164354, "max_depth": 7.0, "min_child_weight": 3642.842826305169, "num_boost_round": 3.0, "subsample": 0.7971728535587953}, "datetime": {"datetime": "2024-01-20 14:53:45", "elapsed": 1786.337776, "delta": 0.001392}}
{"target": -13.732844214418563, "params": {"colsample_bytree": 0.41544593070724833, "eta": 0.04039964893860831, "gamma": 196.53998954164354, "max_depth": 7.0, "min_child_weight": 3642.842826305169, "num_boost_round": 4.0, "subsample": 0.7971728535587953}, "datetime": {"datetime": "2024-01-20 14:53:45", "elapsed": 1786.339978, "delta": 0.002202}}
{"target": -13.734172817988041, "params": {"colsample_bytree": 0.41544593070724833, "eta": 0.04039964893860831, "gamma": 196.53998954164354, "max_depth": 7.0, "min_child_weight": 3642.842826305169, "num_boost_round": 5.0, "subsample": 0.7971728535587953}, "datetime": {"datetime": "2024-01-20 14:53:45", "elapsed": 1786.341323, "delta": 0.001345}}
{"target": -13.73492136665637, "params": {"colsample_bytree": 0.41544593070724833, "eta": 0.04039964893860831, "gamma": 196.53998954164354, "max_depth": 7.0, "min_child_weight": 3642.842826305169, "num_boost_round": 6.0, "subsample": 0.7971728535587953}, "datetime": {"datetime": "2024-01-20 14:53:45", "elapsed": 1786.342709, "delta": 0.001386}}
{"target": -13.73574948178902, "params": {"colsample_bytree": 0.41544593070724833, "eta": 0.04039964893860831, "gamma": 196.53998954164354, "max_depth": 7.0, "min_child_weight": 3642.842826305169, "num_boost_round": 7.0, "subsample": 0.7971728535587953}, "datetime": {"datetime": "2024-01-20 14:53:45", "elapsed": 1786.344115, "delta": 0.001406}}
{"target": -13.736471699356768, "params": {"colsample_bytree": 0.41544593070724833, "eta": 0.04039964893860831, "gamma": 196.53998954164354, "max_depth": 7.0, "min_child_weight": 3642.842826305169, "num_boost_round": 8.0, "subsample": 0.7971728535587953}, "datetime": {"datetime": "2024-01-20 14:53:45", "elapsed": 1786.345515, "delta": 0.0014}}
{"target": -13.7369894041261, "params": {"colsample_bytree": 0.41544593070724833, "eta": 0.04039964893860831, "gamma": 196.53998954164354, "max_depth": 7.0, "min_child_weight": 3642.842826305169, "num_boost_round": 9.0, "subsample": 0.7971728535587953}, "datetime": {"datetime": "2024-01-20 14:53:45", "elapsed": 1786.346841, "delta": 0.001326}}
{"target": -13.737718536094107, "params": {"colsample_bytree": 0.41544593070724833, "eta": 0.04039964893860831, "gamma": 196.53998954164354, "max_depth": 7.0, "min_child_weight": 3642.842826305169, "num_boost_round": 10.0, "subsample": 0.7971728535587953}, "datetime": {"datetime": "2024-01-20 14:53:45", "elapsed": 1786.3482, "delta": 0.001359}}
{"target": -13.731374363636315, "params": {"colsample_bytree": 0.19216545839921967, "eta": 0.059330665886011824, "gamma": 616.8718342237986, "max_depth": 6.0, "min_child_weight": 3823.9674785420334, "num_boost_round": 1.0, "subsample": 0.4698216978361053}, "datetime": {"datetime": "2024-01-20 14:54:02", "elapsed": 1803.276985, "delta": 16.928785}}
{"target": -13.731876657753043, "params": {"colsample_bytree": 0.19216545839921967, "eta": 0.059330665886011824, "gamma": 616.8718342237986, "max_depth": 6.0, "min_child_weight": 3823.9674785420334, "num_boost_round": 2.0, "subsample": 0.4698216978361053}, "datetime": {"datetime": "2024-01-20 14:54:02", "elapsed": 1803.279056, "delta": 0.002071}}
{"target": -13.732161488426975, "params": {"colsample_bytree": 0.19216545839921967, "eta": 0.059330665886011824, "gamma": 616.8718342237986, "max_depth": 6.0, "min_child_weight": 3823.9674785420334, "num_boost_round": 3.0, "subsample": 0.4698216978361053}, "datetime": {"datetime": "2024-01-20 14:54:02", "elapsed": 1803.280863, "delta": 0.001807}}
