{"target": -19.16138017248191, "params": {"colsample_bytree": 0.4141149095385702, "eta": 0.04207258645473308, "gamma": 808.9150874325335, "max_depth": 7.0, "min_child_weight": 4169.910258429765, "num_boost_round": 67.0, "subsample": 0.8853214622252265}, "datetime": {"datetime": "2024-01-20 14:39:02", "elapsed": 910.102001, "delta": 0.001721}}
{"target": -19.161627425648945, "params": {"colsample_bytree": 0.4141149095385702, "eta": 0.04207258645473308, "gamma": 808.9150874325335, "max_depth": 7.0, "min_child_weight": 4169.910258429765, "num_boost_round": 68.0, "subsample": 0.8853214622252265}, "datetime": {"datetime": "2024-01-20 14:39:02", "elapsed": 910.103743, "delta": 0.001742}}
{"target": -19.16190498446802, "params": {"colsample_bytree": 0.4141149095385702, "eta": 0.04207258645473308, "gamma": 808.9150874325335, "max_depth": 7.0, "min_child_weight": 4169.910258429765, "num_boost_round": 69.0, "subsample": 0.8853214622252265}, "datetime": {"datetime": "2024-01-20 14:39:02", "elapsed": 910.106102, "delta": 0.002359}}
{"target": -19.161995668655187, "params": {"colsample_bytree": 0.4141149095385702, "eta": 0.04207258645473308, "gamma": 808.9150874325335, "max_depth": 7.0, "min_child_weight": 4169.910258429765, "num_boost_round": 70.0, "subsample": 0.8853214622252265}, "datetime": {"datetime": "2024-01-20 14:39:02", "elapsed": 910.107947, "delta": 0.001845}}
{"target": -19.162096972983726, "params": {"colsample_bytree": 0.4141149095385702, "eta": 0.04207258645473308, "gamma": 808.9150874325335, "max_depth": 7.0, "min_child_weight": 4169.910258429765, "num_boost_round": 71.0, "subsample": 0.8853214622252265}, "datetime": {"datetime": "2024-01-20 14:39:02", "elapsed": 910.10963, "delta": 0.001683}}
{"target": -19.162251394281554, "params": {"colsample_bytree": 0.4141149095385702, "eta": 0.04207258645473308, "gamma": 808.9150874325335, "max_depth": 7.0, "min_child_weight": 4169.910258429765, "num_boost_round": 72.0, "subsample": 0.8853214622252265}, "datetime": {"datetime": "2024-01-20 14:39:02", "elapsed": 910.111346, "delta": 0.001716}}
{"target": -19.162561232442474, "params": {"colsample_bytree": 0.4141149095385702, "eta": 0.04207258645473308, "gamma": 808.9150874325335, "max_depth": 7.0, "min_child_weight": 4169.910258429765, "num_boost_round": 73.0, "subsample": 0.8853214622252265}, "datetime": {"datetime": "2024-01-20 14:39:02", "elapsed": 910.113052, "delta": 0.001706}}
{"target": -19.16327596176303, "params": {"colsample_bytree": 0.4141149095385702, "eta": 0.04207258645473308, "gamma": 808.9150874325335, "max_depth": 7.0, "min_child_weight": 4169.910258429765, "num_boost_round": 74.0, "subsample": 0.8853214622252265}, "datetime": {"datetime": "2024-01-20 14:39:02", "elapsed": 910.114752, "delta": 0.0017}}
{"target": -19.14349153671521, "params": {"colsample_bytree": 0.43739744318549645, "eta": 0.07261779050866914, "gamma": 784.6595484314197, "max_depth": 9.0, "min_child_weight": 4052.4658896821156, "num_boost_round": 1.0, "subsample": 0.7552185299173878}, "datetime": {"datetime": "2024-01-20 14:39:32", "elapsed": 940.581468, "delta": 30.466716}}
{"target": -19.143803453545946, "params": {"colsample_bytree": 0.43739744318549645, "eta": 0.07261779050866914, "gamma": 784.6595484314197, "max_depth": 9.0, "min_child_weight": 4052.4658896821156, "num_boost_round": 2.0, "subsample": 0.7552185299173878}, "datetime": {"datetime": "2024-01-20 14:39:32", "elapsed": 940.584558, "delta": 0.00309}}
{"target": -19.1445173417137, "params": {"colsample_bytree": 0.43739744318549645, "eta": 0.07261779050866914, "gamma": 784.6595484314197, "max_depth": 9.0, "min_child_weight": 4052.4658896821156, "num_boost_round": 3.0, "subsample": 0.7552185299173878}, "datetime": {"datetime": "2024-01-20 14:39:32", "elapsed": 940.586238, "delta": 0.00168}}
{"target": -19.14416599020438, "params": {"colsample_bytree": 0.43739744318549645, "eta": 0.07261779050866914, "gamma": 784.6595484314197, "max_depth": 9.0, "min_child_weight": 4052.4658896821156, "num_boost_round": 4.0, "subsample": 0.7552185299173878}, "datetime": {"datetime": "2024-01-20 14:39:32", "elapsed": 940.588173, "delta": 0.001935}}
{"target": -19.14613029717654, "params": {"colsample_bytree": 0.43739744318549645, "eta": 0.07261779050866914, "gamma": 784.6595484314197, "max_depth": 9.0, "min_child_weight": 4052.4658896821156, "num_boost_round": 5.0, "subsample": 0.7552185299173878}, "datetime": {"datetime": "2024-01-20 14:39:32", "elapsed": 940.589875, "delta": 0.001702}}
{"target": -19.145727803132896, "params": {"colsample_bytree": 0.43739744318549645, "eta": 0.07261779050866914, "gamma": 784.6595484314197, "max_depth": 9.0, "min_child_weight": 4052.4658896821156, "num_boost_round": 6.0, "subsample": 0.7552185299173878}, "datetime": {"datetime": "2024-01-20 14:39:32", "elapsed": 940.591494, "delta": 0.001619}}
{"target": -19.14655684668439, "params": {"colsample_bytree": 0.43739744318549645, "eta": 0.07261779050866914, "gamma": 784.6595484314197, "max_depth": 9.0, "min_child_weight": 4052.4658896821156, "num_boost_round": 7.0, "subsample": 0.7552185299173878}, "datetime": {"datetime": "2024-01-20 14:39:32", "elapsed": 940.593132, "delta": 0.001638}}
{"target": -19.147597905087718, "params": {"colsample_bytree": 0.43739744318549645, "eta": 0.07261779050866914, "gamma": 784.6595484314197, "max_depth": 9.0, "min_child_weight": 4052.4658896821156, "num_boost_round": 8.0, "subsample": 0.7552185299173878}, "datetime": {"datetime": "2024-01-20 14:39:32", "elapsed": 940.5948, "delta": 0.001668}}
{"target": -19.147580526246195, "params": {"colsample_bytree": 0.43739744318549645, "eta": 0.07261779050866914, "gamma": 784.6595484314197, "max_depth": 9.0, "min_child_weight": 4052.4658896821156, "num_boost_round": 9.0, "subsample": 0.7552185299173878}, "datetime": {"datetime": "2024-01-20 14:39:32", "elapsed": 940.596476, "delta": 0.001676}}
{"target": -19.147892567117978, "params": {"colsample_bytree": 0.43739744318549645, "eta": 0.07261779050866914, "gamma": 784.6595484314197, "max_depth": 9.0, "min_child_weight": 4052.4658896821156, "num_boost_round": 10.0, "subsample": 0.7552185299173878}, "datetime": {"datetime": "2024-01-20 14:39:32", "elapsed": 940.598116, "delta": 0.00164}}
{"target": -19.148188825550726, "params": {"colsample_bytree": 0.43739744318549645, "eta": 0.07261779050866914, "gamma": 784.6595484314197, "max_depth": 9.0, "min_child_weight": 4052.4658896821156, "num_boost_round": 11.0, "subsample": 0.7552185299173878}, "datetime": {"datetime": "2024-01-20 14:39:32", "elapsed": 940.599769, "delta": 0.001653}}
{"target": -19.148686558817055, "params": {"colsample_bytree": 0.43739744318549645, "eta": 0.07261779050866914, "gamma": 784.6595484314197, "max_depth": 9.0, "min_child_weight": 4052.4658896821156, "num_boost_round": 12.0, "subsample": 0.7552185299173878}, "datetime": {"datetime": "2024-01-20 14:39:32", "elapsed": 940.601426, "delta": 0.001657}}
{"target": -19.149292395516873, "params": {"colsample_bytree": 0.43739744318549645, "eta": 0.07261779050866914, "gamma": 784.6595484314197, "max_depth": 9.0, "min_child_weight": 4052.4658896821156, "num_boost_round": 13.0, "subsample": 0.7552185299173878}, "datetime": {"datetime": "2024-01-20 14:39:32", "elapsed": 940.603195, "delta": 0.001769}}
{"target": -19.150566005725665, "params": {"colsample_bytree": 0.43739744318549645, "eta": 0.07261779050866914, "gamma": 784.6595484314197, "max_depth": 9.0, "min_child_weight": 4052.4658896821156, "num_boost_round": 14.0, "subsample": 0.7552185299173878}, "datetime": {"datetime": "2024-01-20 14:39:32", "elapsed": 940.604828, "delta": 0.001633}}
{"target": -19.152070481655407, "params": {"colsample_bytree": 0.43739744318549645, "eta": 0.07261779050866914, "gamma": 784.6595484314197, "max_depth": 9.0, "min_child_weight": 4052.4658896821156, "num_boost_round": 15.0, "subsample": 0.7552185299173878}, "datetime": {"datetime": "2024-01-20 14:39:32", "elapsed": 940.606575, "delta": 0.001747}}
{"target": -19.151913651556256, "params": {"colsample_bytree": 0.43739744318549645, "eta": 0.07261779050866914, "gamma": 784.6595484314197, "max_depth": 9.0, "min_child_weight": 4052.4658896821156, "num_boost_round": 16.0, "subsample": 0.7552185299173878}, "datetime": {"datetime": "2024-01-20 14:39:32", "elapsed": 940.608258, "delta": 0.001683}}
{"target": -19.152948181271544, "params": {"colsample_bytree": 0.43739744318549645, "eta": 0.07261779050866914, "gamma": 784.6595484314197, "max_depth": 9.0, "min_child_weight": 4052.4658896821156, "num_boost_round": 17.0, "subsample": 0.7552185299173878}, "datetime": {"datetime": "2024-01-20 14:39:32", "elapsed": 940.609912, "delta": 0.001654}}
{"target": -19.15323591917911, "params": {"colsample_bytree": 0.43739744318549645, "eta": 0.07261779050866914, "gamma": 784.6595484314197, "max_depth": 9.0, "min_child_weight": 4052.4658896821156, "num_boost_round": 18.0, "subsample": 0.7552185299173878}, "datetime": {"datetime": "2024-01-20 14:39:32", "elapsed": 940.611583, "delta": 0.001671}}
{"target": -19.154228886336693, "params": {"colsample_bytree": 0.43739744318549645, "eta": 0.07261779050866914, "gamma": 784.6595484314197, "max_depth": 9.0, "min_child_weight": 4052.4658896821156, "num_boost_round": 19.0, "subsample": 0.7552185299173878}, "datetime": {"datetime": "2024-01-20 14:39:32", "elapsed": 940.61323, "delta": 0.001647}}
{"target": -19.155217033698122, "params": {"colsample_bytree": 0.43739744318549645, "eta": 0.07261779050866914, "gamma": 784.6595484314197, "max_depth": 9.0, "min_child_weight": 4052.4658896821156, "num_boost_round": 20.0, "subsample": 0.7552185299173878}, "datetime": {"datetime": "2024-01-20 14:39:32", "elapsed": 940.615082, "delta": 0.001852}}
{"target": -19.15621125365341, "params": {"colsample_bytree": 0.43739744318549645, "eta": 0.07261779050866914, "gamma": 784.6595484314197, "max_depth": 9.0, "min_child_weight": 4052.4658896821156, "num_boost_round": 21.0, "subsample": 0.7552185299173878}, "datetime": {"datetime": "2024-01-20 14:39:32", "elapsed": 940.61679, "delta": 0.001708}}
{"target": -19.157431208073064, "params": {"colsample_bytree": 0.43739744318549645, "eta": 0.07261779050866914, "gamma": 784.6595484314197, "max_depth": 9.0, "min_child_weight": 4052.4658896821156, "num_boost_round": 22.0, "subsample": 0.7552185299173878}, "datetime": {"datetime": "2024-01-20 14:39:32", "elapsed": 940.618421, "delta": 0.001631}}
{"target": -19.157186692757257, "params": {"colsample_bytree": 0.43739744318549645, "eta": 0.07261779050866914, "gamma": 784.6595484314197, "max_depth": 9.0, "min_child_weight": 4052.4658896821156, "num_boost_round": 23.0, "subsample": 0.7552185299173878}, "datetime": {"datetime": "2024-01-20 14:39:32", "elapsed": 940.620075, "delta": 0.001654}}
{"target": -19.15805219590179, "params": {"colsample_bytree": 0.43739744318549645, "eta": 0.07261779050866914, "gamma": 784.6595484314197, "max_depth": 9.0, "min_child_weight": 4052.4658896821156, "num_boost_round": 24.0, "subsample": 0.7552185299173878}, "datetime": {"datetime": "2024-01-20 14:39:32", "elapsed": 940.621787, "delta": 0.001712}}
{"target": -19.15899091881991, "params": {"colsample_bytree": 0.43739744318549645, "eta": 0.07261779050866914, "gamma": 784.6595484314197, "max_depth": 9.0, "min_child_weight": 4052.4658896821156, "num_boost_round": 25.0, "subsample": 0.7552185299173878}, "datetime": {"datetime": "2024-01-20 14:39:32", "elapsed": 940.623506, "delta": 0.001719}}
{"target": -19.159382284355786, "params": {"colsample_bytree": 0.43739744318549645, "eta": 0.07261779050866914, "gamma": 784.6595484314197, "max_depth": 9.0, "min_child_weight": 4052.4658896821156, "num_boost_round": 26.0, "subsample": 0.7552185299173878}, "datetime": {"datetime": "2024-01-20 14:39:32", "elapsed": 940.625152, "delta": 0.001646}}
{"target": -19.143329017140978, "params": {"colsample_bytree": 0.9207969021038481, "eta": 0.06870817007771544, "gamma": 564.1740859316889, "max_depth": 4.0, "min_child_weight": 4103.089464351526, "num_boost_round": 1.0, "subsample": 0.6721972764956876}, "datetime": {"datetime": "2024-01-20 14:40:19", "elapsed": 987.726758, "delta": 47.101606}}
{"target": -19.143607194122858, "params": {"colsample_bytree": 0.9207969021038481, "eta": 0.06870817007771544, "gamma": 564.1740859316889, "max_depth": 4.0, "min_child_weight": 4103.089464351526, "num_boost_round": 2.0, "subsample": 0.6721972764956876}, "datetime": {"datetime": "2024-01-20 14:40:19", "elapsed": 987.729597, "delta": 0.002839}}
{"target": -19.144064614349304, "params": {"colsample_bytree": 0.9207969021038481, "eta": 0.06870817007771544, "gamma": 564.1740859316889, "max_depth": 4.0, "min_child_weight": 4103.089464351526, "num_boost_round": 3.0, "subsample": 0.6721972764956876}, "datetime": {"datetime": "2024-01-20 14:40:19", "elapsed": 987.731263, "delta": 0.001666}}
{"target": -19.144273202886442, "params": {"colsample_bytree": 0.9207969021038481, "eta": 0.06870817007771544, "gamma": 564.1740859316889, "max_depth": 4.0, "min_child_weight": 4103.089464351526, "num_boost_round": 4.0, "subsample": 0.6721972764956876}, "datetime": {"datetime": "2024-01-20 14:40:19", "elapsed": 987.733063, "delta": 0.0018}}
{"target": -19.14456635903757, "params": {"colsample_bytree": 0.9207969021038481, "eta": 0.06870817007771544, "gamma": 564.1740859316889, "max_depth": 4.0, "min_child_weight": 4103.089464351526, "num_boost_round": 5.0, "subsample": 0.6721972764956876}, "datetime": {"datetime": "2024-01-20 14:40:19", "elapsed": 987.734749, "delta": 0.001686}}
{"target": -19.14491371856797, "params": {"colsample_bytree": 0.9207969021038481, "eta": 0.06870817007771544, "gamma": 564.1740859316889, "max_depth": 4.0, "min_child_weight": 4103.089464351526, "num_boost_round": 6.0, "subsample": 0.6721972764956876}, "datetime": {"datetime": "2024-01-20 14:40:19", "elapsed": 987.736443, "delta": 0.001694}}
{"target": -19.14530901831361, "params": {"colsample_bytree": 0.9207969021038481, "eta": 0.06870817007771544, "gamma": 564.1740859316889, "max_depth": 4.0, "min_child_weight": 4103.089464351526, "num_boost_round": 7.0, "subsample": 0.6721972764956876}, "datetime": {"datetime": "2024-01-20 14:40:19", "elapsed": 987.73809, "delta": 0.001647}}
{"target": -19.145818506432256, "params": {"colsample_bytree": 0.9207969021038481, "eta": 0.06870817007771544, "gamma": 564.1740859316889, "max_depth": 4.0, "min_child_weight": 4103.089464351526, "num_boost_round": 8.0, "subsample": 0.6721972764956876}, "datetime": {"datetime": "2024-01-20 14:40:19", "elapsed": 987.739744, "delta": 0.001654}}
{"target": -19.146161800873692, "params": {"colsample_bytree": 0.9207969021038481, "eta": 0.06870817007771544, "gamma": 564.1740859316889, "max_depth": 4.0, "min_child_weight": 4103.089464351526, "num_boost_round": 9.0, "subsample": 0.6721972764956876}, "datetime": {"datetime": "2024-01-20 14:40:19", "elapsed": 987.741382, "delta": 0.001638}}
{"target": -19.14658980040089, "params": {"colsample_bytree": 0.9207969021038481, "eta": 0.06870817007771544, "gamma": 564.1740859316889, "max_depth": 4.0, "min_child_weight": 4103.089464351526, "num_boost_round": 10.0, "subsample": 0.6721972764956876}, "datetime": {"datetime": "2024-01-20 14:40:19", "elapsed": 987.743082, "delta": 0.0017}}
{"target": -19.147258255730943, "params": {"colsample_bytree": 0.9207969021038481, "eta": 0.06870817007771544, "gamma": 564.1740859316889, "max_depth": 4.0, "min_child_weight": 4103.089464351526, "num_boost_round": 11.0, "subsample": 0.6721972764956876}, "datetime": {"datetime": "2024-01-20 14:40:19", "elapsed": 987.744739, "delta": 0.001657}}
{"target": -19.14741238427003, "params": {"colsample_bytree": 0.9207969021038481, "eta": 0.06870817007771544, "gamma": 564.1740859316889, "max_depth": 4.0, "min_child_weight": 4103.089464351526, "num_boost_round": 12.0, "subsample": 0.6721972764956876}, "datetime": {"datetime": "2024-01-20 14:40:19", "elapsed": 987.74647, "delta": 0.001731}}
{"target": -19.14794296756183, "params": {"colsample_bytree": 0.9207969021038481, "eta": 0.06870817007771544, "gamma": 564.1740859316889, "max_depth": 4.0, "min_child_weight": 4103.089464351526, "num_boost_round": 13.0, "subsample": 0.6721972764956876}, "datetime": {"datetime": "2024-01-20 14:40:19", "elapsed": 987.748116, "delta": 0.001646}}
{"target": -19.14863181692721, "params": {"colsample_bytree": 0.9207969021038481, "eta": 0.06870817007771544, "gamma": 564.1740859316889, "max_depth": 4.0, "min_child_weight": 4103.089464351526, "num_boost_round": 14.0, "subsample": 0.6721972764956876}, "datetime": {"datetime": "2024-01-20 14:40:19", "elapsed": 987.749763, "delta": 0.001647}}
{"target": -19.14888522228096, "params": {"colsample_bytree": 0.9207969021038481, "eta": 0.06870817007771544, "gamma": 564.1740859316889, "max_depth": 4.0, "min_child_weight": 4103.089464351526, "num_boost_round": 15.0, "subsample": 0.6721972764956876}, "datetime": {"datetime": "2024-01-20 14:40:19", "elapsed": 987.751407, "delta": 0.001644}}
{"target": -19.14913575046182, "params": {"colsample_bytree": 0.9207969021038481, "eta": 0.06870817007771544, "gamma": 564.1740859316889, "max_depth": 4.0, "min_child_weight": 4103.089464351526, "num_boost_round": 16.0, "subsample": 0.6721972764956876}, "datetime": {"datetime": "2024-01-20 14:40:19", "elapsed": 987.753051, "delta": 0.001644}}
{"target": -19.149642079102506, "params": {"colsample_bytree": 0.9207969021038481, "eta": 0.06870817007771544, "gamma": 564.1740859316889, "max_depth": 4.0, "min_child_weight": 4103.089464351526, "num_boost_round": 17.0, "subsample": 0.6721972764956876}, "datetime": {"datetime": "2024-01-20 14:40:19", "elapsed": 987.754693, "delta": 0.001642}}
{"target": -19.150020087826178, "params": {"colsample_bytree": 0.9207969021038481, "eta": 0.06870817007771544, "gamma": 564.1740859316889, "max_depth": 4.0, "min_child_weight": 4103.089464351526, "num_boost_round": 18.0, "subsample": 0.6721972764956876}, "datetime": {"datetime": "2024-01-20 14:40:19", "elapsed": 987.756345, "delta": 0.001652}}
{"target": -19.15064686749308, "params": {"colsample_bytree": 0.9207969021038481, "eta": 0.06870817007771544, "gamma": 564.1740859316889, "max_depth": 4.0, "min_child_weight": 4103.089464351526, "num_boost_round": 19.0, "subsample": 0.6721972764956876}, "datetime": {"datetime": "2024-01-20 14:40:19", "elapsed": 987.758047, "delta": 0.001702}}
{"target": -19.150862439929128, "params": {"colsample_bytree": 0.9207969021038481, "eta": 0.06870817007771544, "gamma": 564.1740859316889, "max_depth": 4.0, "min_child_weight": 4103.089464351526, "num_boost_round": 20.0, "subsample": 0.6721972764956876}, "datetime": {"datetime": "2024-01-20 14:40:19", "elapsed": 987.759693, "delta": 0.001646}}
{"target": -19.15162630033986, "params": {"colsample_bytree": 0.9207969021038481, "eta": 0.06870817007771544, "gamma": 564.1740859316889, "max_depth": 4.0, "min_child_weight": 4103.089464351526, "num_boost_round": 21.0, "subsample": 0.6721972764956876}, "datetime": {"datetime": "2024-01-20 14:40:19", "elapsed": 987.761355, "delta": 0.001662}}
{"target": -19.15178760206175, "params": {"colsample_bytree": 0.9207969021038481, "eta": 0.06870817007771544, "gamma": 564.1740859316889, "max_depth": 4.0, "min_child_weight": 4103.089464351526, "num_boost_round": 22.0, "subsample": 0.6721972764956876}, "datetime": {"datetime": "2024-01-20 14:40:19", "elapsed": 987.763115, "delta": 0.00176}}
{"target": -19.152203755940945, "params": {"colsample_bytree": 0.9207969021038481, "eta": 0.06870817007771544, "gamma": 564.1740859316889, "max_depth": 4.0, "min_child_weight": 4103.089464351526, "num_boost_round": 23.0, "subsample": 0.6721972764956876}, "datetime": {"datetime": "2024-01-20 14:40:19", "elapsed": 987.764776, "delta": 0.001661}}
{"target": -19.15242332619603, "params": {"colsample_bytree": 0.9207969021038481, "eta": 0.06870817007771544, "gamma": 564.1740859316889, "max_depth": 4.0, "min_child_weight": 4103.089464351526, "num_boost_round": 24.0, "subsample": 0.6721972764956876}, "datetime": {"datetime": "2024-01-20 14:40:19", "elapsed": 987.766613, "delta": 0.001837}}
{"target": -19.15270634318141, "params": {"colsample_bytree": 0.9207969021038481, "eta": 0.06870817007771544, "gamma": 564.1740859316889, "max_depth": 4.0, "min_child_weight": 4103.089464351526, "num_boost_round": 25.0, "subsample": 0.6721972764956876}, "datetime": {"datetime": "2024-01-20 14:40:19", "elapsed": 987.768427, "delta": 0.001814}}
{"target": -19.152956141975316, "params": {"colsample_bytree": 0.9207969021038481, "eta": 0.06870817007771544, "gamma": 564.1740859316889, "max_depth": 4.0, "min_child_weight": 4103.089464351526, "num_boost_round": 26.0, "subsample": 0.6721972764956876}, "datetime": {"datetime": "2024-01-20 14:40:19", "elapsed": 987.770172, "delta": 0.001745}}
{"target": -19.153167043280323, "params": {"colsample_bytree": 0.9207969021038481, "eta": 0.06870817007771544, "gamma": 564.1740859316889, "max_depth": 4.0, "min_child_weight": 4103.089464351526, "num_boost_round": 27.0, "subsample": 0.6721972764956876}, "datetime": {"datetime": "2024-01-20 14:40:19", "elapsed": 987.771837, "delta": 0.001665}}
{"target": -19.153544158632723, "params": {"colsample_bytree": 0.9207969021038481, "eta": 0.06870817007771544, "gamma": 564.1740859316889, "max_depth": 4.0, "min_child_weight": 4103.089464351526, "num_boost_round": 28.0, "subsample": 0.6721972764956876}, "datetime": {"datetime": "2024-01-20 14:40:19", "elapsed": 987.773531, "delta": 0.001694}}
{"target": -19.154040980592402, "params": {"colsample_bytree": 0.9207969021038481, "eta": 0.06870817007771544, "gamma": 564.1740859316889, "max_depth": 4.0, "min_child_weight": 4103.089464351526, "num_boost_round": 29.0, "subsample": 0.6721972764956876}, "datetime": {"datetime": "2024-01-20 14:40:19", "elapsed": 987.775255, "delta": 0.001724}}
