{"target": -13.494676245869154, "params": {"colsample_bytree": 0.44902327746250614, "eta": 0.09879155049615772, "gamma": 893.7944374067737, "max_depth": 2.0, "min_child_weight": 4760.164795171731, "num_boost_round": 24.0, "subsample": 0.23832861789879978}, "datetime": {"datetime": "2024-01-20 17:28:45", "elapsed": 11078.701654, "delta": 0.007318}}
{"target": -13.494547520429801, "params": {"colsample_bytree": 0.44902327746250614, "eta": 0.09879155049615772, "gamma": 893.7944374067737, "max_depth": 2.0, "min_child_weight": 4760.164795171731, "num_boost_round": 25.0, "subsample": 0.23832861789879978}, "datetime": {"datetime": "2024-01-20 17:28:45", "elapsed": 11078.709375, "delta": 0.007721}}
{"target": -13.494242979320752, "params": {"colsample_bytree": 0.44902327746250614, "eta": 0.09879155049615772, "gamma": 893.7944374067737, "max_depth": 2.0, "min_child_weight": 4760.164795171731, "num_boost_round": 26.0, "subsample": 0.23832861789879978}, "datetime": {"datetime": "2024-01-20 17:28:45", "elapsed": 11078.716719, "delta": 0.007344}}
{"target": -13.494315998871315, "params": {"colsample_bytree": 0.44902327746250614, "eta": 0.09879155049615772, "gamma": 893.7944374067737, "max_depth": 2.0, "min_child_weight": 4760.164795171731, "num_boost_round": 27.0, "subsample": 0.23832861789879978}, "datetime": {"datetime": "2024-01-20 17:28:45", "elapsed": 11078.724078, "delta": 0.007359}}
{"target": -13.494190692031195, "params": {"colsample_bytree": 0.44902327746250614, "eta": 0.09879155049615772, "gamma": 893.7944374067737, "max_depth": 2.0, "min_child_weight": 4760.164795171731, "num_boost_round": 28.0, "subsample": 0.23832861789879978}, "datetime": {"datetime": "2024-01-20 17:28:45", "elapsed": 11078.731696, "delta": 0.007618}}
{"target": -13.494209461390147, "params": {"colsample_bytree": 0.44902327746250614, "eta": 0.09879155049615772, "gamma": 893.7944374067737, "max_depth": 2.0, "min_child_weight": 4760.164795171731, "num_boost_round": 29.0, "subsample": 0.23832861789879978}, "datetime": {"datetime": "2024-01-20 17:28:45", "elapsed": 11078.739097, "delta": 0.007401}}
{"target": -13.494173684806581, "params": {"colsample_bytree": 0.44902327746250614, "eta": 0.09879155049615772, "gamma": 893.7944374067737, "max_depth": 2.0, "min_child_weight": 4760.164795171731, "num_boost_round": 30.0, "subsample": 0.23832861789879978}, "datetime": {"datetime": "2024-01-20 17:28:45", "elapsed": 11078.746399, "delta": 0.007302}}
{"target": -13.494055059285149, "params": {"colsample_bytree": 0.44902327746250614, "eta": 0.09879155049615772, "gamma": 893.7944374067737, "max_depth": 2.0, "min_child_weight": 4760.164795171731, "num_boost_round": 31.0, "subsample": 0.23832861789879978}, "datetime": {"datetime": "2024-01-20 17:28:45", "elapsed": 11078.754039, "delta": 0.00764}}
{"target": -13.494008172668927, "params": {"colsample_bytree": 0.44902327746250614, "eta": 0.09879155049615772, "gamma": 893.7944374067737, "max_depth": 2.0, "min_child_weight": 4760.164795171731, "num_boost_round": 32.0, "subsample": 0.23832861789879978}, "datetime": {"datetime": "2024-01-20 17:28:45", "elapsed": 11078.761428, "delta": 0.007389}}
{"target": -13.49393666130135, "params": {"colsample_bytree": 0.44902327746250614, "eta": 0.09879155049615772, "gamma": 893.7944374067737, "max_depth": 2.0, "min_child_weight": 4760.164795171731, "num_boost_round": 33.0, "subsample": 0.23832861789879978}, "datetime": {"datetime": "2024-01-20 17:28:45", "elapsed": 11078.768748, "delta": 0.00732}}
{"target": -13.493903348148713, "params": {"colsample_bytree": 0.44902327746250614, "eta": 0.09879155049615772, "gamma": 893.7944374067737, "max_depth": 2.0, "min_child_weight": 4760.164795171731, "num_boost_round": 34.0, "subsample": 0.23832861789879978}, "datetime": {"datetime": "2024-01-20 17:28:45", "elapsed": 11078.776406, "delta": 0.007658}}
{"target": -13.494092678139458, "params": {"colsample_bytree": 0.44902327746250614, "eta": 0.09879155049615772, "gamma": 893.7944374067737, "max_depth": 2.0, "min_child_weight": 4760.164795171731, "num_boost_round": 35.0, "subsample": 0.23832861789879978}, "datetime": {"datetime": "2024-01-20 17:28:45", "elapsed": 11078.783787, "delta": 0.007381}}
{"target": -13.494048307094435, "params": {"colsample_bytree": 0.44902327746250614, "eta": 0.09879155049615772, "gamma": 893.7944374067737, "max_depth": 2.0, "min_child_weight": 4760.164795171731, "num_boost_round": 36.0, "subsample": 0.23832861789879978}, "datetime": {"datetime": "2024-01-20 17:28:45", "elapsed": 11078.791086, "delta": 0.007299}}
{"target": -13.49401960558627, "params": {"colsample_bytree": 0.44902327746250614, "eta": 0.09879155049615772, "gamma": 893.7944374067737, "max_depth": 2.0, "min_child_weight": 4760.164795171731, "num_boost_round": 37.0, "subsample": 0.23832861789879978}, "datetime": {"datetime": "2024-01-20 17:28:45", "elapsed": 11078.798729, "delta": 0.007643}}
{"target": -13.493987010511947, "params": {"colsample_bytree": 0.44902327746250614, "eta": 0.09879155049615772, "gamma": 893.7944374067737, "max_depth": 2.0, "min_child_weight": 4760.164795171731, "num_boost_round": 38.0, "subsample": 0.23832861789879978}, "datetime": {"datetime": "2024-01-20 17:28:45", "elapsed": 11078.806118, "delta": 0.007389}}
{"target": -13.497373326809297, "params": {"colsample_bytree": 0.6726500473868212, "eta": 0.04859374220617102, "gamma": 922.6073799435434, "max_depth": 7.0, "min_child_weight": 4774.776361590527, "num_boost_round": 1.0, "subsample": 0.3985699095145411}, "datetime": {"datetime": "2024-01-20 17:31:19", "elapsed": 11233.069787, "delta": 154.263669}}
{"target": -13.496865227800999, "params": {"colsample_bytree": 0.6726500473868212, "eta": 0.04859374220617102, "gamma": 922.6073799435434, "max_depth": 7.0, "min_child_weight": 4774.776361590527, "num_boost_round": 2.0, "subsample": 0.3985699095145411}, "datetime": {"datetime": "2024-01-20 17:31:19", "elapsed": 11233.077966, "delta": 0.008179}}
{"target": -13.496652954618618, "params": {"colsample_bytree": 0.6726500473868212, "eta": 0.04859374220617102, "gamma": 922.6073799435434, "max_depth": 7.0, "min_child_weight": 4774.776361590527, "num_boost_round": 3.0, "subsample": 0.3985699095145411}, "datetime": {"datetime": "2024-01-20 17:31:19", "elapsed": 11233.085686, "delta": 0.00772}}
{"target": -13.496299628744216, "params": {"colsample_bytree": 0.6726500473868212, "eta": 0.04859374220617102, "gamma": 922.6073799435434, "max_depth": 7.0, "min_child_weight": 4774.776361590527, "num_boost_round": 4.0, "subsample": 0.3985699095145411}, "datetime": {"datetime": "2024-01-20 17:31:19", "elapsed": 11233.092857, "delta": 0.007171}}
{"target": -13.49600773976288, "params": {"colsample_bytree": 0.6726500473868212, "eta": 0.04859374220617102, "gamma": 922.6073799435434, "max_depth": 7.0, "min_child_weight": 4774.776361590527, "num_boost_round": 5.0, "subsample": 0.3985699095145411}, "datetime": {"datetime": "2024-01-20 17:31:19", "elapsed": 11233.100574, "delta": 0.007717}}
{"target": -13.495885728026249, "params": {"colsample_bytree": 0.6726500473868212, "eta": 0.04859374220617102, "gamma": 922.6073799435434, "max_depth": 7.0, "min_child_weight": 4774.776361590527, "num_boost_round": 6.0, "subsample": 0.3985699095145411}, "datetime": {"datetime": "2024-01-20 17:31:19", "elapsed": 11233.108112, "delta": 0.007538}}
{"target": -13.495727303101793, "params": {"colsample_bytree": 0.6726500473868212, "eta": 0.04859374220617102, "gamma": 922.6073799435434, "max_depth": 7.0, "min_child_weight": 4774.776361590527, "num_boost_round": 7.0, "subsample": 0.3985699095145411}, "datetime": {"datetime": "2024-01-20 17:31:19", "elapsed": 11233.115253, "delta": 0.007141}}
{"target": -13.49544397242202, "params": {"colsample_bytree": 0.6726500473868212, "eta": 0.04859374220617102, "gamma": 922.6073799435434, "max_depth": 7.0, "min_child_weight": 4774.776361590527, "num_boost_round": 8.0, "subsample": 0.3985699095145411}, "datetime": {"datetime": "2024-01-20 17:31:19", "elapsed": 11233.122977, "delta": 0.007724}}
{"target": -13.495358547447363, "params": {"colsample_bytree": 0.6726500473868212, "eta": 0.04859374220617102, "gamma": 922.6073799435434, "max_depth": 7.0, "min_child_weight": 4774.776361590527, "num_boost_round": 9.0, "subsample": 0.3985699095145411}, "datetime": {"datetime": "2024-01-20 17:31:19", "elapsed": 11233.130693, "delta": 0.007716}}
{"target": -13.495286176081862, "params": {"colsample_bytree": 0.6726500473868212, "eta": 0.04859374220617102, "gamma": 922.6073799435434, "max_depth": 7.0, "min_child_weight": 4774.776361590527, "num_boost_round": 10.0, "subsample": 0.3985699095145411}, "datetime": {"datetime": "2024-01-20 17:31:19", "elapsed": 11233.138061, "delta": 0.007368}}
{"target": -13.495338043022617, "params": {"colsample_bytree": 0.6726500473868212, "eta": 0.04859374220617102, "gamma": 922.6073799435434, "max_depth": 7.0, "min_child_weight": 4774.776361590527, "num_boost_round": 11.0, "subsample": 0.3985699095145411}, "datetime": {"datetime": "2024-01-20 17:31:19", "elapsed": 11233.146024, "delta": 0.007963}}
{"target": -13.495264208614635, "params": {"colsample_bytree": 0.6726500473868212, "eta": 0.04859374220617102, "gamma": 922.6073799435434, "max_depth": 7.0, "min_child_weight": 4774.776361590527, "num_boost_round": 12.0, "subsample": 0.3985699095145411}, "datetime": {"datetime": "2024-01-20 17:31:19", "elapsed": 11233.153467, "delta": 0.007443}}
{"target": -13.495069736158808, "params": {"colsample_bytree": 0.6726500473868212, "eta": 0.04859374220617102, "gamma": 922.6073799435434, "max_depth": 7.0, "min_child_weight": 4774.776361590527, "num_boost_round": 13.0, "subsample": 0.3985699095145411}, "datetime": {"datetime": "2024-01-20 17:31:19", "elapsed": 11233.16066, "delta": 0.007193}}
{"target": -13.495018936710855, "params": {"colsample_bytree": 0.6726500473868212, "eta": 0.04859374220617102, "gamma": 922.6073799435434, "max_depth": 7.0, "min_child_weight": 4774.776361590527, "num_boost_round": 14.0, "subsample": 0.3985699095145411}, "datetime": {"datetime": "2024-01-20 17:31:19", "elapsed": 11233.168388, "delta": 0.007728}}
{"target": -13.495009284683366, "params": {"colsample_bytree": 0.6726500473868212, "eta": 0.04859374220617102, "gamma": 922.6073799435434, "max_depth": 7.0, "min_child_weight": 4774.776361590527, "num_boost_round": 15.0, "subsample": 0.3985699095145411}, "datetime": {"datetime": "2024-01-20 17:31:19", "elapsed": 11233.175933, "delta": 0.007545}}
{"target": -13.49504941132881, "params": {"colsample_bytree": 0.6726500473868212, "eta": 0.04859374220617102, "gamma": 922.6073799435434, "max_depth": 7.0, "min_child_weight": 4774.776361590527, "num_boost_round": 16.0, "subsample": 0.3985699095145411}, "datetime": {"datetime": "2024-01-20 17:31:19", "elapsed": 11233.183061, "delta": 0.007128}}
{"target": -13.494939822584426, "params": {"colsample_bytree": 0.6726500473868212, "eta": 0.04859374220617102, "gamma": 922.6073799435434, "max_depth": 7.0, "min_child_weight": 4774.776361590527, "num_boost_round": 17.0, "subsample": 0.3985699095145411}, "datetime": {"datetime": "2024-01-20 17:31:19", "elapsed": 11233.190941, "delta": 0.00788}}
{"target": -13.49505559673798, "params": {"colsample_bytree": 0.6726500473868212, "eta": 0.04859374220617102, "gamma": 922.6073799435434, "max_depth": 7.0, "min_child_weight": 4774.776361590527, "num_boost_round": 18.0, "subsample": 0.3985699095145411}, "datetime": {"datetime": "2024-01-20 17:31:19", "elapsed": 11233.198527, "delta": 0.007586}}
{"target": -13.495136768724153, "params": {"colsample_bytree": 0.6726500473868212, "eta": 0.04859374220617102, "gamma": 922.6073799435434, "max_depth": 7.0, "min_child_weight": 4774.776361590527, "num_boost_round": 19.0, "subsample": 0.3985699095145411}, "datetime": {"datetime": "2024-01-20 17:31:19", "elapsed": 11233.205861, "delta": 0.007334}}
{"target": -13.495434976159867, "params": {"colsample_bytree": 0.6726500473868212, "eta": 0.04859374220617102, "gamma": 922.6073799435434, "max_depth": 7.0, "min_child_weight": 4774.776361590527, "num_boost_round": 20.0, "subsample": 0.3985699095145411}, "datetime": {"datetime": "2024-01-20 17:31:19", "elapsed": 11233.21375, "delta": 0.007889}}
{"target": -13.495634836236192, "params": {"colsample_bytree": 0.6726500473868212, "eta": 0.04859374220617102, "gamma": 922.6073799435434, "max_depth": 7.0, "min_child_weight": 4774.776361590527, "num_boost_round": 21.0, "subsample": 0.3985699095145411}, "datetime": {"datetime": "2024-01-20 17:31:19", "elapsed": 11233.221148, "delta": 0.007398}}
{"target": -13.495747420600864, "params": {"colsample_bytree": 0.6726500473868212, "eta": 0.04859374220617102, "gamma": 922.6073799435434, "max_depth": 7.0, "min_child_weight": 4774.776361590527, "num_boost_round": 22.0, "subsample": 0.3985699095145411}, "datetime": {"datetime": "2024-01-20 17:31:19", "elapsed": 11233.228319, "delta": 0.007171}}
{"target": -13.495768569185175, "params": {"colsample_bytree": 0.6726500473868212, "eta": 0.04859374220617102, "gamma": 922.6073799435434, "max_depth": 7.0, "min_child_weight": 4774.776361590527, "num_boost_round": 23.0, "subsample": 0.3985699095145411}, "datetime": {"datetime": "2024-01-20 17:31:19", "elapsed": 11233.236365, "delta": 0.008046}}
{"target": -13.495919870081481, "params": {"colsample_bytree": 0.6726500473868212, "eta": 0.04859374220617102, "gamma": 922.6073799435434, "max_depth": 7.0, "min_child_weight": 4774.776361590527, "num_boost_round": 24.0, "subsample": 0.3985699095145411}, "datetime": {"datetime": "2024-01-20 17:31:19", "elapsed": 11233.24545, "delta": 0.009085}}
{"target": -13.495914665292863, "params": {"colsample_bytree": 0.6726500473868212, "eta": 0.04859374220617102, "gamma": 922.6073799435434, "max_depth": 7.0, "min_child_weight": 4774.776361590527, "num_boost_round": 25.0, "subsample": 0.3985699095145411}, "datetime": {"datetime": "2024-01-20 17:31:19", "elapsed": 11233.258133, "delta": 0.012683}}
{"target": -13.495923069323315, "params": {"colsample_bytree": 0.6726500473868212, "eta": 0.04859374220617102, "gamma": 922.6073799435434, "max_depth": 7.0, "min_child_weight": 4774.776361590527, "num_boost_round": 26.0, "subsample": 0.3985699095145411}, "datetime": {"datetime": "2024-01-20 17:31:19", "elapsed": 11233.26989, "delta": 0.011757}}
{"target": -13.496121226688468, "params": {"colsample_bytree": 0.6726500473868212, "eta": 0.04859374220617102, "gamma": 922.6073799435434, "max_depth": 7.0, "min_child_weight": 4774.776361590527, "num_boost_round": 27.0, "subsample": 0.3985699095145411}, "datetime": {"datetime": "2024-01-20 17:31:19", "elapsed": 11233.277751, "delta": 0.007861}}
{"target": -13.496092519434429, "params": {"colsample_bytree": 0.6726500473868212, "eta": 0.04859374220617102, "gamma": 922.6073799435434, "max_depth": 7.0, "min_child_weight": 4774.776361590527, "num_boost_round": 28.0, "subsample": 0.3985699095145411}, "datetime": {"datetime": "2024-01-20 17:31:19", "elapsed": 11233.285032, "delta": 0.007281}}
{"target": -13.496242378998861, "params": {"colsample_bytree": 0.6726500473868212, "eta": 0.04859374220617102, "gamma": 922.6073799435434, "max_depth": 7.0, "min_child_weight": 4774.776361590527, "num_boost_round": 29.0, "subsample": 0.3985699095145411}, "datetime": {"datetime": "2024-01-20 17:31:19", "elapsed": 11233.292958, "delta": 0.007926}}
{"target": -13.496326214555863, "params": {"colsample_bytree": 0.6726500473868212, "eta": 0.04859374220617102, "gamma": 922.6073799435434, "max_depth": 7.0, "min_child_weight": 4774.776361590527, "num_boost_round": 30.0, "subsample": 0.3985699095145411}, "datetime": {"datetime": "2024-01-20 17:31:19", "elapsed": 11233.300477, "delta": 0.007519}}
{"target": -13.497869609461018, "params": {"colsample_bytree": 0.4629205683994948, "eta": 0.003257004714249961, "gamma": 886.0473087989099, "max_depth": 9.0, "min_child_weight": 4792.2776286739745, "num_boost_round": 1.0, "subsample": 0.3555247083578229}, "datetime": {"datetime": "2024-01-20 17:34:37", "elapsed": 11430.624336, "delta": 197.323859}}
{"target": -13.497818923840743, "params": {"colsample_bytree": 0.4629205683994948, "eta": 0.003257004714249961, "gamma": 886.0473087989099, "max_depth": 9.0, "min_child_weight": 4792.2776286739745, "num_boost_round": 2.0, "subsample": 0.3555247083578229}, "datetime": {"datetime": "2024-01-20 17:34:37", "elapsed": 11430.633762, "delta": 0.009426}}
{"target": -13.497816403637062, "params": {"colsample_bytree": 0.4629205683994948, "eta": 0.003257004714249961, "gamma": 886.0473087989099, "max_depth": 9.0, "min_child_weight": 4792.2776286739745, "num_boost_round": 3.0, "subsample": 0.3555247083578229}, "datetime": {"datetime": "2024-01-20 17:34:37", "elapsed": 11430.641371, "delta": 0.007609}}
{"target": -13.497808630614038, "params": {"colsample_bytree": 0.4629205683994948, "eta": 0.003257004714249961, "gamma": 886.0473087989099, "max_depth": 9.0, "min_child_weight": 4792.2776286739745, "num_boost_round": 4.0, "subsample": 0.3555247083578229}, "datetime": {"datetime": "2024-01-20 17:34:37", "elapsed": 11430.648752, "delta": 0.007381}}
{"target": -13.497755876024435, "params": {"colsample_bytree": 0.4629205683994948, "eta": 0.003257004714249961, "gamma": 886.0473087989099, "max_depth": 9.0, "min_child_weight": 4792.2776286739745, "num_boost_round": 5.0, "subsample": 0.3555247083578229}, "datetime": {"datetime": "2024-01-20 17:34:37", "elapsed": 11430.656608, "delta": 0.007856}}
{"target": -13.497728656796347, "params": {"colsample_bytree": 0.4629205683994948, "eta": 0.003257004714249961, "gamma": 886.0473087989099, "max_depth": 9.0, "min_child_weight": 4792.2776286739745, "num_boost_round": 6.0, "subsample": 0.3555247083578229}, "datetime": {"datetime": "2024-01-20 17:34:37", "elapsed": 11430.664251, "delta": 0.007643}}
{"target": -13.497703824829157, "params": {"colsample_bytree": 0.4629205683994948, "eta": 0.003257004714249961, "gamma": 886.0473087989099, "max_depth": 9.0, "min_child_weight": 4792.2776286739745, "num_boost_round": 7.0, "subsample": 0.3555247083578229}, "datetime": {"datetime": "2024-01-20 17:34:37", "elapsed": 11430.675925, "delta": 0.011674}}
{"target": -13.497669074664314, "params": {"colsample_bytree": 0.4629205683994948, "eta": 0.003257004714249961, "gamma": 886.0473087989099, "max_depth": 9.0, "min_child_weight": 4792.2776286739745, "num_boost_round": 8.0, "subsample": 0.3555247083578229}, "datetime": {"datetime": "2024-01-20 17:34:37", "elapsed": 11430.689505, "delta": 0.01358}}
{"target": -13.497645889451888, "params": {"colsample_bytree": 0.4629205683994948, "eta": 0.003257004714249961, "gamma": 886.0473087989099, "max_depth": 9.0, "min_child_weight": 4792.2776286739745, "num_boost_round": 9.0, "subsample": 0.3555247083578229}, "datetime": {"datetime": "2024-01-20 17:34:37", "elapsed": 11430.698389, "delta": 0.008884}}
{"target": -13.49761642104879, "params": {"colsample_bytree": 0.4629205683994948, "eta": 0.003257004714249961, "gamma": 886.0473087989099, "max_depth": 9.0, "min_child_weight": 4792.2776286739745, "num_boost_round": 10.0, "subsample": 0.3555247083578229}, "datetime": {"datetime": "2024-01-20 17:34:37", "elapsed": 11430.705955, "delta": 0.007566}}
{"target": -13.497591647621192, "params": {"colsample_bytree": 0.4629205683994948, "eta": 0.003257004714249961, "gamma": 886.0473087989099, "max_depth": 9.0, "min_child_weight": 4792.2776286739745, "num_boost_round": 11.0, "subsample": 0.3555247083578229}, "datetime": {"datetime": "2024-01-20 17:34:37", "elapsed": 11430.713925, "delta": 0.00797}}
{"target": -13.49756601017586, "params": {"colsample_bytree": 0.4629205683994948, "eta": 0.003257004714249961, "gamma": 886.0473087989099, "max_depth": 9.0, "min_child_weight": 4792.2776286739745, "num_boost_round": 12.0, "subsample": 0.3555247083578229}, "datetime": {"datetime": "2024-01-20 17:34:37", "elapsed": 11430.721567, "delta": 0.007642}}
{"target": -13.497531328947206, "params": {"colsample_bytree": 0.4629205683994948, "eta": 0.003257004714249961, "gamma": 886.0473087989099, "max_depth": 9.0, "min_child_weight": 4792.2776286739745, "num_boost_round": 13.0, "subsample": 0.3555247083578229}, "datetime": {"datetime": "2024-01-20 17:34:37", "elapsed": 11430.729311, "delta": 0.007744}}
{"target": -13.49751251400923, "params": {"colsample_bytree": 0.4629205683994948, "eta": 0.003257004714249961, "gamma": 886.0473087989099, "max_depth": 9.0, "min_child_weight": 4792.2776286739745, "num_boost_round": 14.0, "subsample": 0.3555247083578229}, "datetime": {"datetime": "2024-01-20 17:34:37", "elapsed": 11430.744257, "delta": 0.014946}}
{"target": -13.497475583823103, "params": {"colsample_bytree": 0.4629205683994948, "eta": 0.003257004714249961, "gamma": 886.0473087989099, "max_depth": 9.0, "min_child_weight": 4792.2776286739745, "num_boost_round": 15.0, "subsample": 0.3555247083578229}, "datetime": {"datetime": "2024-01-20 17:34:37", "elapsed": 11430.753258, "delta": 0.009001}}
{"target": -13.497442822999044, "params": {"colsample_bytree": 0.4629205683994948, "eta": 0.003257004714249961, "gamma": 886.0473087989099, "max_depth": 9.0, "min_child_weight": 4792.2776286739745, "num_boost_round": 16.0, "subsample": 0.3555247083578229}, "datetime": {"datetime": "2024-01-20 17:34:37", "elapsed": 11430.760862, "delta": 0.007604}}
{"target": -13.497416436127669, "params": {"colsample_bytree": 0.4629205683994948, "eta": 0.003257004714249961, "gamma": 886.0473087989099, "max_depth": 9.0, "min_child_weight": 4792.2776286739745, "num_boost_round": 17.0, "subsample": 0.3555247083578229}, "datetime": {"datetime": "2024-01-20 17:34:37", "elapsed": 11430.768866, "delta": 0.008004}}
{"target": -13.4973818518353, "params": {"colsample_bytree": 0.4629205683994948, "eta": 0.003257004714249961, "gamma": 886.0473087989099, "max_depth": 9.0, "min_child_weight": 4792.2776286739745, "num_boost_round": 18.0, "subsample": 0.3555247083578229}, "datetime": {"datetime": "2024-01-20 17:34:37", "elapsed": 11430.77652, "delta": 0.007654}}
