{"target": -13.397421772311406, "params": {"colsample_bytree": 0.8124749757581974, "eta": 0.01268095443116926, "gamma": 377.5130832014487, "max_depth": 6.0, "min_child_weight": 3885.880040944179, "num_boost_round": 13.0, "subsample": 0.46824444766827267}, "datetime": {"datetime": "2024-01-20 14:29:32", "elapsed": 306.774078, "delta": 0.000517}}
{"target": -13.397393405030362, "params": {"colsample_bytree": 0.8124749757581974, "eta": 0.01268095443116926, "gamma": 377.5130832014487, "max_depth": 6.0, "min_child_weight": 3885.880040944179, "num_boost_round": 14.0, "subsample": 0.46824444766827267}, "datetime": {"datetime": "2024-01-20 14:29:32", "elapsed": 306.774639, "delta": 0.000561}}
{"target": -13.397497727917315, "params": {"colsample_bytree": 0.8124749757581974, "eta": 0.01268095443116926, "gamma": 377.5130832014487, "max_depth": 6.0, "min_child_weight": 3885.880040944179, "num_boost_round": 15.0, "subsample": 0.46824444766827267}, "datetime": {"datetime": "2024-01-20 14:29:32", "elapsed": 306.775154, "delta": 0.000515}}
{"target": -13.397528663670661, "params": {"colsample_bytree": 0.8124749757581974, "eta": 0.01268095443116926, "gamma": 377.5130832014487, "max_depth": 6.0, "min_child_weight": 3885.880040944179, "num_boost_round": 16.0, "subsample": 0.46824444766827267}, "datetime": {"datetime": "2024-01-20 14:29:32", "elapsed": 306.775679, "delta": 0.000525}}
{"target": -13.397540068770542, "params": {"colsample_bytree": 0.8124749757581974, "eta": 0.01268095443116926, "gamma": 377.5130832014487, "max_depth": 6.0, "min_child_weight": 3885.880040944179, "num_boost_round": 17.0, "subsample": 0.46824444766827267}, "datetime": {"datetime": "2024-01-20 14:29:32", "elapsed": 306.776198, "delta": 0.000519}}
{"target": -13.397550552111792, "params": {"colsample_bytree": 0.8124749757581974, "eta": 0.01268095443116926, "gamma": 377.5130832014487, "max_depth": 6.0, "min_child_weight": 3885.880040944179, "num_boost_round": 18.0, "subsample": 0.46824444766827267}, "datetime": {"datetime": "2024-01-20 14:29:32", "elapsed": 306.776728, "delta": 0.00053}}
{"target": -13.397607851227434, "params": {"colsample_bytree": 0.8124749757581974, "eta": 0.01268095443116926, "gamma": 377.5130832014487, "max_depth": 6.0, "min_child_weight": 3885.880040944179, "num_boost_round": 19.0, "subsample": 0.46824444766827267}, "datetime": {"datetime": "2024-01-20 14:29:32", "elapsed": 306.777249, "delta": 0.000521}}
{"target": -13.397719433262743, "params": {"colsample_bytree": 0.8124749757581974, "eta": 0.01268095443116926, "gamma": 377.5130832014487, "max_depth": 6.0, "min_child_weight": 3885.880040944179, "num_boost_round": 20.0, "subsample": 0.46824444766827267}, "datetime": {"datetime": "2024-01-20 14:29:32", "elapsed": 306.777768, "delta": 0.000519}}
{"target": -13.397809175643932, "params": {"colsample_bytree": 0.8124749757581974, "eta": 0.01268095443116926, "gamma": 377.5130832014487, "max_depth": 6.0, "min_child_weight": 3885.880040944179, "num_boost_round": 21.0, "subsample": 0.46824444766827267}, "datetime": {"datetime": "2024-01-20 14:29:32", "elapsed": 306.778292, "delta": 0.000524}}
{"target": -13.397857751036998, "params": {"colsample_bytree": 0.8124749757581974, "eta": 0.01268095443116926, "gamma": 377.5130832014487, "max_depth": 6.0, "min_child_weight": 3885.880040944179, "num_boost_round": 22.0, "subsample": 0.46824444766827267}, "datetime": {"datetime": "2024-01-20 14:29:32", "elapsed": 306.779025, "delta": 0.000733}}
{"target": -13.39802621516842, "params": {"colsample_bytree": 0.8124749757581974, "eta": 0.01268095443116926, "gamma": 377.5130832014487, "max_depth": 6.0, "min_child_weight": 3885.880040944179, "num_boost_round": 23.0, "subsample": 0.46824444766827267}, "datetime": {"datetime": "2024-01-20 14:29:32", "elapsed": 306.779657, "delta": 0.000632}}
{"target": -13.398154521945248, "params": {"colsample_bytree": 0.8124749757581974, "eta": 0.01268095443116926, "gamma": 377.5130832014487, "max_depth": 6.0, "min_child_weight": 3885.880040944179, "num_boost_round": 24.0, "subsample": 0.46824444766827267}, "datetime": {"datetime": "2024-01-20 14:29:32", "elapsed": 306.780285, "delta": 0.000628}}
{"target": -13.398261463296517, "params": {"colsample_bytree": 0.8124749757581974, "eta": 0.01268095443116926, "gamma": 377.5130832014487, "max_depth": 6.0, "min_child_weight": 3885.880040944179, "num_boost_round": 25.0, "subsample": 0.46824444766827267}, "datetime": {"datetime": "2024-01-20 14:29:32", "elapsed": 306.780827, "delta": 0.000542}}
{"target": -13.398338842680733, "params": {"colsample_bytree": 0.8124749757581974, "eta": 0.01268095443116926, "gamma": 377.5130832014487, "max_depth": 6.0, "min_child_weight": 3885.880040944179, "num_boost_round": 26.0, "subsample": 0.46824444766827267}, "datetime": {"datetime": "2024-01-20 14:29:32", "elapsed": 306.782406, "delta": 0.001579}}
{"target": -13.398405712559109, "params": {"colsample_bytree": 0.8124749757581974, "eta": 0.01268095443116926, "gamma": 377.5130832014487, "max_depth": 6.0, "min_child_weight": 3885.880040944179, "num_boost_round": 27.0, "subsample": 0.46824444766827267}, "datetime": {"datetime": "2024-01-20 14:29:32", "elapsed": 306.783007, "delta": 0.000601}}
{"target": -13.398592386986152, "params": {"colsample_bytree": 0.8124749757581974, "eta": 0.01268095443116926, "gamma": 377.5130832014487, "max_depth": 6.0, "min_child_weight": 3885.880040944179, "num_boost_round": 28.0, "subsample": 0.46824444766827267}, "datetime": {"datetime": "2024-01-20 14:29:32", "elapsed": 306.783609, "delta": 0.000602}}
{"target": -13.398622628482872, "params": {"colsample_bytree": 0.8124749757581974, "eta": 0.01268095443116926, "gamma": 377.5130832014487, "max_depth": 6.0, "min_child_weight": 3885.880040944179, "num_boost_round": 29.0, "subsample": 0.46824444766827267}, "datetime": {"datetime": "2024-01-20 14:29:32", "elapsed": 306.784215, "delta": 0.000606}}
{"target": -13.39865068487617, "params": {"colsample_bytree": 0.8124749757581974, "eta": 0.01268095443116926, "gamma": 377.5130832014487, "max_depth": 6.0, "min_child_weight": 3885.880040944179, "num_boost_round": 30.0, "subsample": 0.46824444766827267}, "datetime": {"datetime": "2024-01-20 14:29:32", "elapsed": 306.784803, "delta": 0.000588}}
{"target": -13.398801209687623, "params": {"colsample_bytree": 0.8124749757581974, "eta": 0.01268095443116926, "gamma": 377.5130832014487, "max_depth": 6.0, "min_child_weight": 3885.880040944179, "num_boost_round": 31.0, "subsample": 0.46824444766827267}, "datetime": {"datetime": "2024-01-20 14:29:32", "elapsed": 306.785376, "delta": 0.000573}}
{"target": -13.398998615419725, "params": {"colsample_bytree": 0.8124749757581974, "eta": 0.01268095443116926, "gamma": 377.5130832014487, "max_depth": 6.0, "min_child_weight": 3885.880040944179, "num_boost_round": 32.0, "subsample": 0.46824444766827267}, "datetime": {"datetime": "2024-01-20 14:29:32", "elapsed": 306.785988, "delta": 0.000612}}
{"target": -13.399099630132785, "params": {"colsample_bytree": 0.8124749757581974, "eta": 0.01268095443116926, "gamma": 377.5130832014487, "max_depth": 6.0, "min_child_weight": 3885.880040944179, "num_boost_round": 33.0, "subsample": 0.46824444766827267}, "datetime": {"datetime": "2024-01-20 14:29:32", "elapsed": 306.786579, "delta": 0.000591}}
{"target": -13.399205628557347, "params": {"colsample_bytree": 0.8124749757581974, "eta": 0.01268095443116926, "gamma": 377.5130832014487, "max_depth": 6.0, "min_child_weight": 3885.880040944179, "num_boost_round": 34.0, "subsample": 0.46824444766827267}, "datetime": {"datetime": "2024-01-20 14:29:32", "elapsed": 306.787179, "delta": 0.0006}}
{"target": -13.399359088469694, "params": {"colsample_bytree": 0.8124749757581974, "eta": 0.01268095443116926, "gamma": 377.5130832014487, "max_depth": 6.0, "min_child_weight": 3885.880040944179, "num_boost_round": 35.0, "subsample": 0.46824444766827267}, "datetime": {"datetime": "2024-01-20 14:29:32", "elapsed": 306.787797, "delta": 0.000618}}
{"target": -13.399465058870344, "params": {"colsample_bytree": 0.8124749757581974, "eta": 0.01268095443116926, "gamma": 377.5130832014487, "max_depth": 6.0, "min_child_weight": 3885.880040944179, "num_boost_round": 36.0, "subsample": 0.46824444766827267}, "datetime": {"datetime": "2024-01-20 14:29:32", "elapsed": 306.788447, "delta": 0.00065}}
{"target": -13.399491625328665, "params": {"colsample_bytree": 0.8124749757581974, "eta": 0.01268095443116926, "gamma": 377.5130832014487, "max_depth": 6.0, "min_child_weight": 3885.880040944179, "num_boost_round": 37.0, "subsample": 0.46824444766827267}, "datetime": {"datetime": "2024-01-20 14:29:32", "elapsed": 306.789036, "delta": 0.000589}}
{"target": -13.39960264919008, "params": {"colsample_bytree": 0.8124749757581974, "eta": 0.01268095443116926, "gamma": 377.5130832014487, "max_depth": 6.0, "min_child_weight": 3885.880040944179, "num_boost_round": 38.0, "subsample": 0.46824444766827267}, "datetime": {"datetime": "2024-01-20 14:29:32", "elapsed": 306.789629, "delta": 0.000593}}
{"target": -13.399688553924687, "params": {"colsample_bytree": 0.8124749757581974, "eta": 0.01268095443116926, "gamma": 377.5130832014487, "max_depth": 6.0, "min_child_weight": 3885.880040944179, "num_boost_round": 39.0, "subsample": 0.46824444766827267}, "datetime": {"datetime": "2024-01-20 14:29:32", "elapsed": 306.790224, "delta": 0.000595}}
{"target": -13.399765150649227, "params": {"colsample_bytree": 0.8124749757581974, "eta": 0.01268095443116926, "gamma": 377.5130832014487, "max_depth": 6.0, "min_child_weight": 3885.880040944179, "num_boost_round": 40.0, "subsample": 0.46824444766827267}, "datetime": {"datetime": "2024-01-20 14:29:32", "elapsed": 306.790846, "delta": 0.000622}}
{"target": -13.399845264419692, "params": {"colsample_bytree": 0.8124749757581974, "eta": 0.01268095443116926, "gamma": 377.5130832014487, "max_depth": 6.0, "min_child_weight": 3885.880040944179, "num_boost_round": 41.0, "subsample": 0.46824444766827267}, "datetime": {"datetime": "2024-01-20 14:29:32", "elapsed": 306.791458, "delta": 0.000612}}
{"target": -13.400015613834746, "params": {"colsample_bytree": 0.8124749757581974, "eta": 0.01268095443116926, "gamma": 377.5130832014487, "max_depth": 6.0, "min_child_weight": 3885.880040944179, "num_boost_round": 42.0, "subsample": 0.46824444766827267}, "datetime": {"datetime": "2024-01-20 14:29:32", "elapsed": 306.792051, "delta": 0.000593}}
{"target": -13.400105446507396, "params": {"colsample_bytree": 0.8124749757581974, "eta": 0.01268095443116926, "gamma": 377.5130832014487, "max_depth": 6.0, "min_child_weight": 3885.880040944179, "num_boost_round": 43.0, "subsample": 0.46824444766827267}, "datetime": {"datetime": "2024-01-20 14:29:32", "elapsed": 306.79266, "delta": 0.000609}}
{"target": -13.400280173971865, "params": {"colsample_bytree": 0.8124749757581974, "eta": 0.01268095443116926, "gamma": 377.5130832014487, "max_depth": 6.0, "min_child_weight": 3885.880040944179, "num_boost_round": 44.0, "subsample": 0.46824444766827267}, "datetime": {"datetime": "2024-01-20 14:29:32", "elapsed": 306.793285, "delta": 0.000625}}
{"target": -13.4003039756806, "params": {"colsample_bytree": 0.8124749757581974, "eta": 0.01268095443116926, "gamma": 377.5130832014487, "max_depth": 6.0, "min_child_weight": 3885.880040944179, "num_boost_round": 45.0, "subsample": 0.46824444766827267}, "datetime": {"datetime": "2024-01-20 14:29:32", "elapsed": 306.793897, "delta": 0.000612}}
{"target": -13.400449903109177, "params": {"colsample_bytree": 0.8124749757581974, "eta": 0.01268095443116926, "gamma": 377.5130832014487, "max_depth": 6.0, "min_child_weight": 3885.880040944179, "num_boost_round": 46.0, "subsample": 0.46824444766827267}, "datetime": {"datetime": "2024-01-20 14:29:32", "elapsed": 306.794488, "delta": 0.000591}}
{"target": -13.400552330561325, "params": {"colsample_bytree": 0.8124749757581974, "eta": 0.01268095443116926, "gamma": 377.5130832014487, "max_depth": 6.0, "min_child_weight": 3885.880040944179, "num_boost_round": 47.0, "subsample": 0.46824444766827267}, "datetime": {"datetime": "2024-01-20 14:29:32", "elapsed": 306.795075, "delta": 0.000587}}
{"target": -13.40071644061824, "params": {"colsample_bytree": 0.8124749757581974, "eta": 0.01268095443116926, "gamma": 377.5130832014487, "max_depth": 6.0, "min_child_weight": 3885.880040944179, "num_boost_round": 48.0, "subsample": 0.46824444766827267}, "datetime": {"datetime": "2024-01-20 14:29:32", "elapsed": 306.795655, "delta": 0.00058}}
{"target": -13.400931549686295, "params": {"colsample_bytree": 0.8124749757581974, "eta": 0.01268095443116926, "gamma": 377.5130832014487, "max_depth": 6.0, "min_child_weight": 3885.880040944179, "num_boost_round": 49.0, "subsample": 0.46824444766827267}, "datetime": {"datetime": "2024-01-20 14:29:32", "elapsed": 306.796251, "delta": 0.000596}}
{"target": -13.401085921231655, "params": {"colsample_bytree": 0.8124749757581974, "eta": 0.01268095443116926, "gamma": 377.5130832014487, "max_depth": 6.0, "min_child_weight": 3885.880040944179, "num_boost_round": 50.0, "subsample": 0.46824444766827267}, "datetime": {"datetime": "2024-01-20 14:29:32", "elapsed": 306.797295, "delta": 0.001044}}
{"target": -13.401257048945185, "params": {"colsample_bytree": 0.8124749757581974, "eta": 0.01268095443116926, "gamma": 377.5130832014487, "max_depth": 6.0, "min_child_weight": 3885.880040944179, "num_boost_round": 51.0, "subsample": 0.46824444766827267}, "datetime": {"datetime": "2024-01-20 14:29:32", "elapsed": 306.798888, "delta": 0.001593}}
{"target": -13.401379968335341, "params": {"colsample_bytree": 0.8124749757581974, "eta": 0.01268095443116926, "gamma": 377.5130832014487, "max_depth": 6.0, "min_child_weight": 3885.880040944179, "num_boost_round": 52.0, "subsample": 0.46824444766827267}, "datetime": {"datetime": "2024-01-20 14:29:32", "elapsed": 306.799927, "delta": 0.001039}}
{"target": -13.40146834092614, "params": {"colsample_bytree": 0.8124749757581974, "eta": 0.01268095443116926, "gamma": 377.5130832014487, "max_depth": 6.0, "min_child_weight": 3885.880040944179, "num_boost_round": 53.0, "subsample": 0.46824444766827267}, "datetime": {"datetime": "2024-01-20 14:29:32", "elapsed": 306.800583, "delta": 0.000656}}
{"target": -13.401584725677067, "params": {"colsample_bytree": 0.8124749757581974, "eta": 0.01268095443116926, "gamma": 377.5130832014487, "max_depth": 6.0, "min_child_weight": 3885.880040944179, "num_boost_round": 54.0, "subsample": 0.46824444766827267}, "datetime": {"datetime": "2024-01-20 14:29:32", "elapsed": 306.801215, "delta": 0.000632}}
{"target": -13.401608118724493, "params": {"colsample_bytree": 0.8124749757581974, "eta": 0.01268095443116926, "gamma": 377.5130832014487, "max_depth": 6.0, "min_child_weight": 3885.880040944179, "num_boost_round": 55.0, "subsample": 0.46824444766827267}, "datetime": {"datetime": "2024-01-20 14:29:32", "elapsed": 306.801947, "delta": 0.000732}}
{"target": -13.4017018820159, "params": {"colsample_bytree": 0.8124749757581974, "eta": 0.01268095443116926, "gamma": 377.5130832014487, "max_depth": 6.0, "min_child_weight": 3885.880040944179, "num_boost_round": 56.0, "subsample": 0.46824444766827267}, "datetime": {"datetime": "2024-01-20 14:29:32", "elapsed": 306.802567, "delta": 0.00062}}
{"target": -13.401913033218978, "params": {"colsample_bytree": 0.8124749757581974, "eta": 0.01268095443116926, "gamma": 377.5130832014487, "max_depth": 6.0, "min_child_weight": 3885.880040944179, "num_boost_round": 57.0, "subsample": 0.46824444766827267}, "datetime": {"datetime": "2024-01-20 14:29:32", "elapsed": 306.803167, "delta": 0.0006}}
{"target": -13.402033294961301, "params": {"colsample_bytree": 0.8124749757581974, "eta": 0.01268095443116926, "gamma": 377.5130832014487, "max_depth": 6.0, "min_child_weight": 3885.880040944179, "num_boost_round": 58.0, "subsample": 0.46824444766827267}, "datetime": {"datetime": "2024-01-20 14:29:32", "elapsed": 306.803814, "delta": 0.000647}}
{"target": -13.402201877729425, "params": {"colsample_bytree": 0.8124749757581974, "eta": 0.01268095443116926, "gamma": 377.5130832014487, "max_depth": 6.0, "min_child_weight": 3885.880040944179, "num_boost_round": 59.0, "subsample": 0.46824444766827267}, "datetime": {"datetime": "2024-01-20 14:29:32", "elapsed": 306.804375, "delta": 0.000561}}
{"target": -13.402375559017822, "params": {"colsample_bytree": 0.8124749757581974, "eta": 0.01268095443116926, "gamma": 377.5130832014487, "max_depth": 6.0, "min_child_weight": 3885.880040944179, "num_boost_round": 60.0, "subsample": 0.46824444766827267}, "datetime": {"datetime": "2024-01-20 14:29:32", "elapsed": 306.804936, "delta": 0.000561}}
{"target": -13.402571972559985, "params": {"colsample_bytree": 0.8124749757581974, "eta": 0.01268095443116926, "gamma": 377.5130832014487, "max_depth": 6.0, "min_child_weight": 3885.880040944179, "num_boost_round": 61.0, "subsample": 0.46824444766827267}, "datetime": {"datetime": "2024-01-20 14:29:32", "elapsed": 306.80557, "delta": 0.000634}}
{"target": -13.402637942912305, "params": {"colsample_bytree": 0.8124749757581974, "eta": 0.01268095443116926, "gamma": 377.5130832014487, "max_depth": 6.0, "min_child_weight": 3885.880040944179, "num_boost_round": 62.0, "subsample": 0.46824444766827267}, "datetime": {"datetime": "2024-01-20 14:29:32", "elapsed": 306.806172, "delta": 0.000602}}
{"target": -13.402818531876278, "params": {"colsample_bytree": 0.8124749757581974, "eta": 0.01268095443116926, "gamma": 377.5130832014487, "max_depth": 6.0, "min_child_weight": 3885.880040944179, "num_boost_round": 63.0, "subsample": 0.46824444766827267}, "datetime": {"datetime": "2024-01-20 14:29:32", "elapsed": 306.806849, "delta": 0.000677}}
{"target": -13.402896065880826, "params": {"colsample_bytree": 0.8124749757581974, "eta": 0.01268095443116926, "gamma": 377.5130832014487, "max_depth": 6.0, "min_child_weight": 3885.880040944179, "num_boost_round": 64.0, "subsample": 0.46824444766827267}, "datetime": {"datetime": "2024-01-20 14:29:32", "elapsed": 306.80745, "delta": 0.000601}}
{"target": -13.40302306135381, "params": {"colsample_bytree": 0.8124749757581974, "eta": 0.01268095443116926, "gamma": 377.5130832014487, "max_depth": 6.0, "min_child_weight": 3885.880040944179, "num_boost_round": 65.0, "subsample": 0.46824444766827267}, "datetime": {"datetime": "2024-01-20 14:29:32", "elapsed": 306.808133, "delta": 0.000683}}
{"target": -13.397461241042429, "params": {"colsample_bytree": 0.3749761889065215, "eta": 0.04239098517517314, "gamma": 546.0531724005293, "max_depth": 5.0, "min_child_weight": 3717.931925701204, "num_boost_round": 1.0, "subsample": 0.12443256403380056}, "datetime": {"datetime": "2024-01-20 14:30:20", "elapsed": 355.349523, "delta": 48.54139}}
{"target": -13.397395790947117, "params": {"colsample_bytree": 0.3749761889065215, "eta": 0.04239098517517314, "gamma": 546.0531724005293, "max_depth": 5.0, "min_child_weight": 3717.931925701204, "num_boost_round": 2.0, "subsample": 0.12443256403380056}, "datetime": {"datetime": "2024-01-20 14:30:20", "elapsed": 355.350632, "delta": 0.001109}}
{"target": -13.397083995261081, "params": {"colsample_bytree": 0.3749761889065215, "eta": 0.04239098517517314, "gamma": 546.0531724005293, "max_depth": 5.0, "min_child_weight": 3717.931925701204, "num_boost_round": 3.0, "subsample": 0.12443256403380056}, "datetime": {"datetime": "2024-01-20 14:30:20", "elapsed": 355.35138, "delta": 0.000748}}
{"target": -13.397199821476393, "params": {"colsample_bytree": 0.3749761889065215, "eta": 0.04239098517517314, "gamma": 546.0531724005293, "max_depth": 5.0, "min_child_weight": 3717.931925701204, "num_boost_round": 4.0, "subsample": 0.12443256403380056}, "datetime": {"datetime": "2024-01-20 14:30:20", "elapsed": 355.351989, "delta": 0.000609}}
{"target": -13.397410756155981, "params": {"colsample_bytree": 0.3749761889065215, "eta": 0.04239098517517314, "gamma": 546.0531724005293, "max_depth": 5.0, "min_child_weight": 3717.931925701204, "num_boost_round": 5.0, "subsample": 0.12443256403380056}, "datetime": {"datetime": "2024-01-20 14:30:20", "elapsed": 355.352706, "delta": 0.000717}}
{"target": -13.397209714490133, "params": {"colsample_bytree": 0.3749761889065215, "eta": 0.04239098517517314, "gamma": 546.0531724005293, "max_depth": 5.0, "min_child_weight": 3717.931925701204, "num_boost_round": 6.0, "subsample": 0.12443256403380056}, "datetime": {"datetime": "2024-01-20 14:30:20", "elapsed": 355.353302, "delta": 0.000596}}
{"target": -13.397117737500304, "params": {"colsample_bytree": 0.3749761889065215, "eta": 0.04239098517517314, "gamma": 546.0531724005293, "max_depth": 5.0, "min_child_weight": 3717.931925701204, "num_boost_round": 7.0, "subsample": 0.12443256403380056}, "datetime": {"datetime": "2024-01-20 14:30:20", "elapsed": 355.353903, "delta": 0.000601}}
{"target": -13.397287229436731, "params": {"colsample_bytree": 0.3749761889065215, "eta": 0.04239098517517314, "gamma": 546.0531724005293, "max_depth": 5.0, "min_child_weight": 3717.931925701204, "num_boost_round": 8.0, "subsample": 0.12443256403380056}, "datetime": {"datetime": "2024-01-20 14:30:20", "elapsed": 355.354499, "delta": 0.000596}}
{"target": -13.397454559873358, "params": {"colsample_bytree": 0.3749761889065215, "eta": 0.04239098517517314, "gamma": 546.0531724005293, "max_depth": 5.0, "min_child_weight": 3717.931925701204, "num_boost_round": 9.0, "subsample": 0.12443256403380056}, "datetime": {"datetime": "2024-01-20 14:30:20", "elapsed": 355.355087, "delta": 0.000588}}
{"target": -13.39710285224638, "params": {"colsample_bytree": 0.3749761889065215, "eta": 0.04239098517517314, "gamma": 546.0531724005293, "max_depth": 5.0, "min_child_weight": 3717.931925701204, "num_boost_round": 10.0, "subsample": 0.12443256403380056}, "datetime": {"datetime": "2024-01-20 14:30:20", "elapsed": 355.355685, "delta": 0.000598}}
