{"target": -15.163297642274982, "params": {"colsample_bytree": 0.1651819812669053, "eta": 0.050823915520272475, "gamma": 531.2730364932156, "max_depth": 4.0, "min_child_weight": 4150.4492364429525, "num_boost_round": 12.0, "subsample": 0.7579517416474527}, "datetime": {"datetime": "2024-01-20 15:10:18", "elapsed": 2775.605837, "delta": 0.003669}}
{"target": -15.163445216470997, "params": {"colsample_bytree": 0.1651819812669053, "eta": 0.050823915520272475, "gamma": 531.2730364932156, "max_depth": 4.0, "min_child_weight": 4150.4492364429525, "num_boost_round": 13.0, "subsample": 0.7579517416474527}, "datetime": {"datetime": "2024-01-20 15:10:18", "elapsed": 2775.609546, "delta": 0.003709}}
{"target": -15.163372069540678, "params": {"colsample_bytree": 0.1651819812669053, "eta": 0.050823915520272475, "gamma": 531.2730364932156, "max_depth": 4.0, "min_child_weight": 4150.4492364429525, "num_boost_round": 14.0, "subsample": 0.7579517416474527}, "datetime": {"datetime": "2024-01-20 15:10:18", "elapsed": 2775.613165, "delta": 0.003619}}
{"target": -15.163386731195397, "params": {"colsample_bytree": 0.1651819812669053, "eta": 0.050823915520272475, "gamma": 531.2730364932156, "max_depth": 4.0, "min_child_weight": 4150.4492364429525, "num_boost_round": 15.0, "subsample": 0.7579517416474527}, "datetime": {"datetime": "2024-01-20 15:10:18", "elapsed": 2775.616816, "delta": 0.003651}}
{"target": -15.16246167082641, "params": {"colsample_bytree": 0.1651819812669053, "eta": 0.050823915520272475, "gamma": 531.2730364932156, "max_depth": 4.0, "min_child_weight": 4150.4492364429525, "num_boost_round": 16.0, "subsample": 0.7579517416474527}, "datetime": {"datetime": "2024-01-20 15:10:18", "elapsed": 2775.620406, "delta": 0.00359}}
{"target": -15.161456993719884, "params": {"colsample_bytree": 0.1651819812669053, "eta": 0.050823915520272475, "gamma": 531.2730364932156, "max_depth": 4.0, "min_child_weight": 4150.4492364429525, "num_boost_round": 17.0, "subsample": 0.7579517416474527}, "datetime": {"datetime": "2024-01-20 15:10:18", "elapsed": 2775.624021, "delta": 0.003615}}
{"target": -15.16136729127621, "params": {"colsample_bytree": 0.1651819812669053, "eta": 0.050823915520272475, "gamma": 531.2730364932156, "max_depth": 4.0, "min_child_weight": 4150.4492364429525, "num_boost_round": 18.0, "subsample": 0.7579517416474527}, "datetime": {"datetime": "2024-01-20 15:10:18", "elapsed": 2775.62779, "delta": 0.003769}}
{"target": -15.160454683031109, "params": {"colsample_bytree": 0.1651819812669053, "eta": 0.050823915520272475, "gamma": 531.2730364932156, "max_depth": 4.0, "min_child_weight": 4150.4492364429525, "num_boost_round": 19.0, "subsample": 0.7579517416474527}, "datetime": {"datetime": "2024-01-20 15:10:18", "elapsed": 2775.63162, "delta": 0.00383}}
{"target": -15.160546486575456, "params": {"colsample_bytree": 0.1651819812669053, "eta": 0.050823915520272475, "gamma": 531.2730364932156, "max_depth": 4.0, "min_child_weight": 4150.4492364429525, "num_boost_round": 20.0, "subsample": 0.7579517416474527}, "datetime": {"datetime": "2024-01-20 15:10:18", "elapsed": 2775.635226, "delta": 0.003606}}
{"target": -15.159940273318124, "params": {"colsample_bytree": 0.1651819812669053, "eta": 0.050823915520272475, "gamma": 531.2730364932156, "max_depth": 4.0, "min_child_weight": 4150.4492364429525, "num_boost_round": 21.0, "subsample": 0.7579517416474527}, "datetime": {"datetime": "2024-01-20 15:10:18", "elapsed": 2775.638899, "delta": 0.003673}}
{"target": -15.159994982612222, "params": {"colsample_bytree": 0.1651819812669053, "eta": 0.050823915520272475, "gamma": 531.2730364932156, "max_depth": 4.0, "min_child_weight": 4150.4492364429525, "num_boost_round": 22.0, "subsample": 0.7579517416474527}, "datetime": {"datetime": "2024-01-20 15:10:18", "elapsed": 2775.642557, "delta": 0.003658}}
{"target": -15.160100520464, "params": {"colsample_bytree": 0.1651819812669053, "eta": 0.050823915520272475, "gamma": 531.2730364932156, "max_depth": 4.0, "min_child_weight": 4150.4492364429525, "num_boost_round": 23.0, "subsample": 0.7579517416474527}, "datetime": {"datetime": "2024-01-20 15:10:18", "elapsed": 2775.646573, "delta": 0.004016}}
{"target": -15.160050545318065, "params": {"colsample_bytree": 0.1651819812669053, "eta": 0.050823915520272475, "gamma": 531.2730364932156, "max_depth": 4.0, "min_child_weight": 4150.4492364429525, "num_boost_round": 24.0, "subsample": 0.7579517416474527}, "datetime": {"datetime": "2024-01-20 15:10:18", "elapsed": 2775.65034, "delta": 0.003767}}
{"target": -15.16020621959316, "params": {"colsample_bytree": 0.1651819812669053, "eta": 0.050823915520272475, "gamma": 531.2730364932156, "max_depth": 4.0, "min_child_weight": 4150.4492364429525, "num_boost_round": 25.0, "subsample": 0.7579517416474527}, "datetime": {"datetime": "2024-01-20 15:10:18", "elapsed": 2775.653945, "delta": 0.003605}}
{"target": -15.160191806852707, "params": {"colsample_bytree": 0.1651819812669053, "eta": 0.050823915520272475, "gamma": 531.2730364932156, "max_depth": 4.0, "min_child_weight": 4150.4492364429525, "num_boost_round": 26.0, "subsample": 0.7579517416474527}, "datetime": {"datetime": "2024-01-20 15:10:18", "elapsed": 2775.657616, "delta": 0.003671}}
{"target": -15.159564241443004, "params": {"colsample_bytree": 0.1651819812669053, "eta": 0.050823915520272475, "gamma": 531.2730364932156, "max_depth": 4.0, "min_child_weight": 4150.4492364429525, "num_boost_round": 27.0, "subsample": 0.7579517416474527}, "datetime": {"datetime": "2024-01-20 15:10:18", "elapsed": 2775.661406, "delta": 0.00379}}
{"target": -15.159659018634578, "params": {"colsample_bytree": 0.1651819812669053, "eta": 0.050823915520272475, "gamma": 531.2730364932156, "max_depth": 4.0, "min_child_weight": 4150.4492364429525, "num_boost_round": 28.0, "subsample": 0.7579517416474527}, "datetime": {"datetime": "2024-01-20 15:10:18", "elapsed": 2775.665321, "delta": 0.003915}}
{"target": -15.159606878928988, "params": {"colsample_bytree": 0.1651819812669053, "eta": 0.050823915520272475, "gamma": 531.2730364932156, "max_depth": 4.0, "min_child_weight": 4150.4492364429525, "num_boost_round": 29.0, "subsample": 0.7579517416474527}, "datetime": {"datetime": "2024-01-20 15:10:18", "elapsed": 2775.669027, "delta": 0.003706}}
{"target": -15.159752049293441, "params": {"colsample_bytree": 0.1651819812669053, "eta": 0.050823915520272475, "gamma": 531.2730364932156, "max_depth": 4.0, "min_child_weight": 4150.4492364429525, "num_boost_round": 30.0, "subsample": 0.7579517416474527}, "datetime": {"datetime": "2024-01-20 15:10:18", "elapsed": 2775.672616, "delta": 0.003589}}
{"target": -15.160002699512397, "params": {"colsample_bytree": 0.1651819812669053, "eta": 0.050823915520272475, "gamma": 531.2730364932156, "max_depth": 4.0, "min_child_weight": 4150.4492364429525, "num_boost_round": 31.0, "subsample": 0.7579517416474527}, "datetime": {"datetime": "2024-01-20 15:10:18", "elapsed": 2775.676302, "delta": 0.003686}}
{"target": -15.160216594186245, "params": {"colsample_bytree": 0.1651819812669053, "eta": 0.050823915520272475, "gamma": 531.2730364932156, "max_depth": 4.0, "min_child_weight": 4150.4492364429525, "num_boost_round": 32.0, "subsample": 0.7579517416474527}, "datetime": {"datetime": "2024-01-20 15:10:18", "elapsed": 2775.679873, "delta": 0.003571}}
{"target": -15.160216674512935, "params": {"colsample_bytree": 0.1651819812669053, "eta": 0.050823915520272475, "gamma": 531.2730364932156, "max_depth": 4.0, "min_child_weight": 4150.4492364429525, "num_boost_round": 33.0, "subsample": 0.7579517416474527}, "datetime": {"datetime": "2024-01-20 15:10:18", "elapsed": 2775.683492, "delta": 0.003619}}
{"target": -15.160311972739397, "params": {"colsample_bytree": 0.1651819812669053, "eta": 0.050823915520272475, "gamma": 531.2730364932156, "max_depth": 4.0, "min_child_weight": 4150.4492364429525, "num_boost_round": 34.0, "subsample": 0.7579517416474527}, "datetime": {"datetime": "2024-01-20 15:10:18", "elapsed": 2775.687037, "delta": 0.003545}}
{"target": -15.15951657296153, "params": {"colsample_bytree": 0.1651819812669053, "eta": 0.050823915520272475, "gamma": 531.2730364932156, "max_depth": 4.0, "min_child_weight": 4150.4492364429525, "num_boost_round": 35.0, "subsample": 0.7579517416474527}, "datetime": {"datetime": "2024-01-20 15:10:18", "elapsed": 2775.690592, "delta": 0.003555}}
{"target": -15.15944812262816, "params": {"colsample_bytree": 0.1651819812669053, "eta": 0.050823915520272475, "gamma": 531.2730364932156, "max_depth": 4.0, "min_child_weight": 4150.4492364429525, "num_boost_round": 36.0, "subsample": 0.7579517416474527}, "datetime": {"datetime": "2024-01-20 15:10:18", "elapsed": 2775.694163, "delta": 0.003571}}
{"target": -15.158658055512047, "params": {"colsample_bytree": 0.1651819812669053, "eta": 0.050823915520272475, "gamma": 531.2730364932156, "max_depth": 4.0, "min_child_weight": 4150.4492364429525, "num_boost_round": 37.0, "subsample": 0.7579517416474527}, "datetime": {"datetime": "2024-01-20 15:10:18", "elapsed": 2775.698077, "delta": 0.003914}}
{"target": -15.158648299976441, "params": {"colsample_bytree": 0.1651819812669053, "eta": 0.050823915520272475, "gamma": 531.2730364932156, "max_depth": 4.0, "min_child_weight": 4150.4492364429525, "num_boost_round": 38.0, "subsample": 0.7579517416474527}, "datetime": {"datetime": "2024-01-20 15:10:18", "elapsed": 2775.702924, "delta": 0.004847}}
{"target": -15.158681003990303, "params": {"colsample_bytree": 0.1651819812669053, "eta": 0.050823915520272475, "gamma": 531.2730364932156, "max_depth": 4.0, "min_child_weight": 4150.4492364429525, "num_boost_round": 39.0, "subsample": 0.7579517416474527}, "datetime": {"datetime": "2024-01-20 15:10:18", "elapsed": 2775.706844, "delta": 0.00392}}
{"target": -15.158733055261205, "params": {"colsample_bytree": 0.1651819812669053, "eta": 0.050823915520272475, "gamma": 531.2730364932156, "max_depth": 4.0, "min_child_weight": 4150.4492364429525, "num_boost_round": 40.0, "subsample": 0.7579517416474527}, "datetime": {"datetime": "2024-01-20 15:10:18", "elapsed": 2775.710515, "delta": 0.003671}}
{"target": -15.158582477514434, "params": {"colsample_bytree": 0.1651819812669053, "eta": 0.050823915520272475, "gamma": 531.2730364932156, "max_depth": 4.0, "min_child_weight": 4150.4492364429525, "num_boost_round": 41.0, "subsample": 0.7579517416474527}, "datetime": {"datetime": "2024-01-20 15:10:18", "elapsed": 2775.714308, "delta": 0.003793}}
{"target": -15.158841749943319, "params": {"colsample_bytree": 0.1651819812669053, "eta": 0.050823915520272475, "gamma": 531.2730364932156, "max_depth": 4.0, "min_child_weight": 4150.4492364429525, "num_boost_round": 42.0, "subsample": 0.7579517416474527}, "datetime": {"datetime": "2024-01-20 15:10:18", "elapsed": 2775.718244, "delta": 0.003936}}
{"target": -15.158281167532197, "params": {"colsample_bytree": 0.1651819812669053, "eta": 0.050823915520272475, "gamma": 531.2730364932156, "max_depth": 4.0, "min_child_weight": 4150.4492364429525, "num_boost_round": 43.0, "subsample": 0.7579517416474527}, "datetime": {"datetime": "2024-01-20 15:10:18", "elapsed": 2775.72221, "delta": 0.003966}}
{"target": -15.15839944702108, "params": {"colsample_bytree": 0.1651819812669053, "eta": 0.050823915520272475, "gamma": 531.2730364932156, "max_depth": 4.0, "min_child_weight": 4150.4492364429525, "num_boost_round": 44.0, "subsample": 0.7579517416474527}, "datetime": {"datetime": "2024-01-20 15:10:18", "elapsed": 2775.726047, "delta": 0.003837}}
{"target": -15.158502321327344, "params": {"colsample_bytree": 0.1651819812669053, "eta": 0.050823915520272475, "gamma": 531.2730364932156, "max_depth": 4.0, "min_child_weight": 4150.4492364429525, "num_boost_round": 45.0, "subsample": 0.7579517416474527}, "datetime": {"datetime": "2024-01-20 15:10:18", "elapsed": 2775.729879, "delta": 0.003832}}
{"target": -15.15837108919459, "params": {"colsample_bytree": 0.1651819812669053, "eta": 0.050823915520272475, "gamma": 531.2730364932156, "max_depth": 4.0, "min_child_weight": 4150.4492364429525, "num_boost_round": 46.0, "subsample": 0.7579517416474527}, "datetime": {"datetime": "2024-01-20 15:10:18", "elapsed": 2775.733797, "delta": 0.003918}}
{"target": -15.157906128677379, "params": {"colsample_bytree": 0.1651819812669053, "eta": 0.050823915520272475, "gamma": 531.2730364932156, "max_depth": 4.0, "min_child_weight": 4150.4492364429525, "num_boost_round": 47.0, "subsample": 0.7579517416474527}, "datetime": {"datetime": "2024-01-20 15:10:18", "elapsed": 2775.737607, "delta": 0.00381}}
{"target": -15.157990525157643, "params": {"colsample_bytree": 0.1651819812669053, "eta": 0.050823915520272475, "gamma": 531.2730364932156, "max_depth": 4.0, "min_child_weight": 4150.4492364429525, "num_boost_round": 48.0, "subsample": 0.7579517416474527}, "datetime": {"datetime": "2024-01-20 15:10:18", "elapsed": 2775.741428, "delta": 0.003821}}
{"target": -15.158179251963817, "params": {"colsample_bytree": 0.1651819812669053, "eta": 0.050823915520272475, "gamma": 531.2730364932156, "max_depth": 4.0, "min_child_weight": 4150.4492364429525, "num_boost_round": 49.0, "subsample": 0.7579517416474527}, "datetime": {"datetime": "2024-01-20 15:10:18", "elapsed": 2775.745173, "delta": 0.003745}}
{"target": -15.158328268119247, "params": {"colsample_bytree": 0.1651819812669053, "eta": 0.050823915520272475, "gamma": 531.2730364932156, "max_depth": 4.0, "min_child_weight": 4150.4492364429525, "num_boost_round": 50.0, "subsample": 0.7579517416474527}, "datetime": {"datetime": "2024-01-20 15:10:18", "elapsed": 2775.749142, "delta": 0.003969}}
{"target": -15.15848370424466, "params": {"colsample_bytree": 0.1651819812669053, "eta": 0.050823915520272475, "gamma": 531.2730364932156, "max_depth": 4.0, "min_child_weight": 4150.4492364429525, "num_boost_round": 51.0, "subsample": 0.7579517416474527}, "datetime": {"datetime": "2024-01-20 15:10:18", "elapsed": 2775.75324, "delta": 0.004098}}
{"target": -15.158591433675223, "params": {"colsample_bytree": 0.1651819812669053, "eta": 0.050823915520272475, "gamma": 531.2730364932156, "max_depth": 4.0, "min_child_weight": 4150.4492364429525, "num_boost_round": 52.0, "subsample": 0.7579517416474527}, "datetime": {"datetime": "2024-01-20 15:10:18", "elapsed": 2775.757265, "delta": 0.004025}}
{"target": -15.158451973660208, "params": {"colsample_bytree": 0.1651819812669053, "eta": 0.050823915520272475, "gamma": 531.2730364932156, "max_depth": 4.0, "min_child_weight": 4150.4492364429525, "num_boost_round": 53.0, "subsample": 0.7579517416474527}, "datetime": {"datetime": "2024-01-20 15:10:18", "elapsed": 2775.761069, "delta": 0.003804}}
{"target": -15.158389048392255, "params": {"colsample_bytree": 0.1651819812669053, "eta": 0.050823915520272475, "gamma": 531.2730364932156, "max_depth": 4.0, "min_child_weight": 4150.4492364429525, "num_boost_round": 54.0, "subsample": 0.7579517416474527}, "datetime": {"datetime": "2024-01-20 15:10:18", "elapsed": 2775.764795, "delta": 0.003726}}
{"target": -15.158223366955374, "params": {"colsample_bytree": 0.1651819812669053, "eta": 0.050823915520272475, "gamma": 531.2730364932156, "max_depth": 4.0, "min_child_weight": 4150.4492364429525, "num_boost_round": 55.0, "subsample": 0.7579517416474527}, "datetime": {"datetime": "2024-01-20 15:10:18", "elapsed": 2775.768594, "delta": 0.003799}}
{"target": -15.157394071708717, "params": {"colsample_bytree": 0.1651819812669053, "eta": 0.050823915520272475, "gamma": 531.2730364932156, "max_depth": 4.0, "min_child_weight": 4150.4492364429525, "num_boost_round": 56.0, "subsample": 0.7579517416474527}, "datetime": {"datetime": "2024-01-20 15:10:18", "elapsed": 2775.7724, "delta": 0.003806}}
{"target": -15.172894076914558, "params": {"colsample_bytree": 0.1178820438578434, "eta": 0.004578967355191332, "gamma": 587.5520628444964, "max_depth": 9.0, "min_child_weight": 4204.4566062457425, "num_boost_round": 1.0, "subsample": 0.6956662873747435}, "datetime": {"datetime": "2024-01-20 15:11:18", "elapsed": 2836.05071, "delta": 60.27831}}
{"target": -15.172800821019807, "params": {"colsample_bytree": 0.1178820438578434, "eta": 0.004578967355191332, "gamma": 587.5520628444964, "max_depth": 9.0, "min_child_weight": 4204.4566062457425, "num_boost_round": 2.0, "subsample": 0.6956662873747435}, "datetime": {"datetime": "2024-01-20 15:11:18", "elapsed": 2836.056102, "delta": 0.005392}}
{"target": -15.17280620757688, "params": {"colsample_bytree": 0.1178820438578434, "eta": 0.004578967355191332, "gamma": 587.5520628444964, "max_depth": 9.0, "min_child_weight": 4204.4566062457425, "num_boost_round": 3.0, "subsample": 0.6956662873747435}, "datetime": {"datetime": "2024-01-20 15:11:18", "elapsed": 2836.061298, "delta": 0.005196}}
{"target": -15.172831461434715, "params": {"colsample_bytree": 0.1178820438578434, "eta": 0.004578967355191332, "gamma": 587.5520628444964, "max_depth": 9.0, "min_child_weight": 4204.4566062457425, "num_boost_round": 4.0, "subsample": 0.6956662873747435}, "datetime": {"datetime": "2024-01-20 15:11:18", "elapsed": 2836.065895, "delta": 0.004597}}
{"target": -15.172646272729944, "params": {"colsample_bytree": 0.1178820438578434, "eta": 0.004578967355191332, "gamma": 587.5520628444964, "max_depth": 9.0, "min_child_weight": 4204.4566062457425, "num_boost_round": 5.0, "subsample": 0.6956662873747435}, "datetime": {"datetime": "2024-01-20 15:11:18", "elapsed": 2836.070545, "delta": 0.00465}}
{"target": -15.172488936651138, "params": {"colsample_bytree": 0.1178820438578434, "eta": 0.004578967355191332, "gamma": 587.5520628444964, "max_depth": 9.0, "min_child_weight": 4204.4566062457425, "num_boost_round": 6.0, "subsample": 0.6956662873747435}, "datetime": {"datetime": "2024-01-20 15:11:18", "elapsed": 2836.075127, "delta": 0.004582}}
{"target": -15.172356650964378, "params": {"colsample_bytree": 0.1178820438578434, "eta": 0.004578967355191332, "gamma": 587.5520628444964, "max_depth": 9.0, "min_child_weight": 4204.4566062457425, "num_boost_round": 7.0, "subsample": 0.6956662873747435}, "datetime": {"datetime": "2024-01-20 15:11:18", "elapsed": 2836.079268, "delta": 0.004141}}
{"target": -15.172208728558306, "params": {"colsample_bytree": 0.1178820438578434, "eta": 0.004578967355191332, "gamma": 587.5520628444964, "max_depth": 9.0, "min_child_weight": 4204.4566062457425, "num_boost_round": 8.0, "subsample": 0.6956662873747435}, "datetime": {"datetime": "2024-01-20 15:11:18", "elapsed": 2836.083345, "delta": 0.004077}}
{"target": -15.17219962150918, "params": {"colsample_bytree": 0.1178820438578434, "eta": 0.004578967355191332, "gamma": 587.5520628444964, "max_depth": 9.0, "min_child_weight": 4204.4566062457425, "num_boost_round": 9.0, "subsample": 0.6956662873747435}, "datetime": {"datetime": "2024-01-20 15:11:18", "elapsed": 2836.087457, "delta": 0.004112}}
{"target": -15.172077549700347, "params": {"colsample_bytree": 0.1178820438578434, "eta": 0.004578967355191332, "gamma": 587.5520628444964, "max_depth": 9.0, "min_child_weight": 4204.4566062457425, "num_boost_round": 10.0, "subsample": 0.6956662873747435}, "datetime": {"datetime": "2024-01-20 15:11:18", "elapsed": 2836.092519, "delta": 0.005062}}
{"target": -15.17207106706276, "params": {"colsample_bytree": 0.1178820438578434, "eta": 0.004578967355191332, "gamma": 587.5520628444964, "max_depth": 9.0, "min_child_weight": 4204.4566062457425, "num_boost_round": 11.0, "subsample": 0.6956662873747435}, "datetime": {"datetime": "2024-01-20 15:11:18", "elapsed": 2836.097193, "delta": 0.004674}}
{"target": -15.172041932237292, "params": {"colsample_bytree": 0.1178820438578434, "eta": 0.004578967355191332, "gamma": 587.5520628444964, "max_depth": 9.0, "min_child_weight": 4204.4566062457425, "num_boost_round": 12.0, "subsample": 0.6956662873747435}, "datetime": {"datetime": "2024-01-20 15:11:18", "elapsed": 2836.102439, "delta": 0.005246}}
{"target": -15.17206136009828, "params": {"colsample_bytree": 0.1178820438578434, "eta": 0.004578967355191332, "gamma": 587.5520628444964, "max_depth": 9.0, "min_child_weight": 4204.4566062457425, "num_boost_round": 13.0, "subsample": 0.6956662873747435}, "datetime": {"datetime": "2024-01-20 15:11:18", "elapsed": 2836.107132, "delta": 0.004693}}
{"target": -15.172027708426036, "params": {"colsample_bytree": 0.1178820438578434, "eta": 0.004578967355191332, "gamma": 587.5520628444964, "max_depth": 9.0, "min_child_weight": 4204.4566062457425, "num_boost_round": 14.0, "subsample": 0.6956662873747435}, "datetime": {"datetime": "2024-01-20 15:11:18", "elapsed": 2836.111555, "delta": 0.004423}}
{"target": -15.172022654308963, "params": {"colsample_bytree": 0.1178820438578434, "eta": 0.004578967355191332, "gamma": 587.5520628444964, "max_depth": 9.0, "min_child_weight": 4204.4566062457425, "num_boost_round": 15.0, "subsample": 0.6956662873747435}, "datetime": {"datetime": "2024-01-20 15:11:18", "elapsed": 2836.115962, "delta": 0.004407}}
{"target": -15.171892322276799, "params": {"colsample_bytree": 0.1178820438578434, "eta": 0.004578967355191332, "gamma": 587.5520628444964, "max_depth": 9.0, "min_child_weight": 4204.4566062457425, "num_boost_round": 16.0, "subsample": 0.6956662873747435}, "datetime": {"datetime": "2024-01-20 15:11:18", "elapsed": 2836.120268, "delta": 0.004306}}
{"target": -15.171871046079712, "params": {"colsample_bytree": 0.1178820438578434, "eta": 0.004578967355191332, "gamma": 587.5520628444964, "max_depth": 9.0, "min_child_weight": 4204.4566062457425, "num_boost_round": 17.0, "subsample": 0.6956662873747435}, "datetime": {"datetime": "2024-01-20 15:11:18", "elapsed": 2836.124787, "delta": 0.004519}}
{"target": -15.171883774836738, "params": {"colsample_bytree": 0.1178820438578434, "eta": 0.004578967355191332, "gamma": 587.5520628444964, "max_depth": 9.0, "min_child_weight": 4204.4566062457425, "num_boost_round": 18.0, "subsample": 0.6956662873747435}, "datetime": {"datetime": "2024-01-20 15:11:18", "elapsed": 2836.129187, "delta": 0.0044}}
