{"target": -19.152788229716627, "params": {"colsample_bytree": 0.8717986137173235, "eta": 0.015384417182254875, "gamma": 298.7252418857063, "max_depth": 8.0, "min_child_weight": 4170.931208003433, "num_boost_round": 76.0, "subsample": 0.43499053566788215}, "datetime": {"datetime": "2024-01-20 14:44:49", "elapsed": 1257.6353, "delta": 0.001936}}
{"target": -19.152842362441547, "params": {"colsample_bytree": 0.8717986137173235, "eta": 0.015384417182254875, "gamma": 298.7252418857063, "max_depth": 8.0, "min_child_weight": 4170.931208003433, "num_boost_round": 77.0, "subsample": 0.43499053566788215}, "datetime": {"datetime": "2024-01-20 14:44:49", "elapsed": 1257.637284, "delta": 0.001984}}
{"target": -19.153053239858103, "params": {"colsample_bytree": 0.8717986137173235, "eta": 0.015384417182254875, "gamma": 298.7252418857063, "max_depth": 8.0, "min_child_weight": 4170.931208003433, "num_boost_round": 78.0, "subsample": 0.43499053566788215}, "datetime": {"datetime": "2024-01-20 14:44:49", "elapsed": 1257.639213, "delta": 0.001929}}
{"target": -19.153241951245946, "params": {"colsample_bytree": 0.8717986137173235, "eta": 0.015384417182254875, "gamma": 298.7252418857063, "max_depth": 8.0, "min_child_weight": 4170.931208003433, "num_boost_round": 79.0, "subsample": 0.43499053566788215}, "datetime": {"datetime": "2024-01-20 14:44:49", "elapsed": 1257.658078, "delta": 0.018865}}
{"target": -19.153409674943482, "params": {"colsample_bytree": 0.8717986137173235, "eta": 0.015384417182254875, "gamma": 298.7252418857063, "max_depth": 8.0, "min_child_weight": 4170.931208003433, "num_boost_round": 80.0, "subsample": 0.43499053566788215}, "datetime": {"datetime": "2024-01-20 14:44:49", "elapsed": 1257.660107, "delta": 0.002029}}
{"target": -19.153467486976204, "params": {"colsample_bytree": 0.8717986137173235, "eta": 0.015384417182254875, "gamma": 298.7252418857063, "max_depth": 8.0, "min_child_weight": 4170.931208003433, "num_boost_round": 81.0, "subsample": 0.43499053566788215}, "datetime": {"datetime": "2024-01-20 14:44:49", "elapsed": 1257.662063, "delta": 0.001956}}
{"target": -19.153611100999836, "params": {"colsample_bytree": 0.8717986137173235, "eta": 0.015384417182254875, "gamma": 298.7252418857063, "max_depth": 8.0, "min_child_weight": 4170.931208003433, "num_boost_round": 82.0, "subsample": 0.43499053566788215}, "datetime": {"datetime": "2024-01-20 14:44:49", "elapsed": 1257.664097, "delta": 0.002034}}
{"target": -19.153849442608426, "params": {"colsample_bytree": 0.8717986137173235, "eta": 0.015384417182254875, "gamma": 298.7252418857063, "max_depth": 8.0, "min_child_weight": 4170.931208003433, "num_boost_round": 83.0, "subsample": 0.43499053566788215}, "datetime": {"datetime": "2024-01-20 14:44:49", "elapsed": 1257.666141, "delta": 0.002044}}
{"target": -19.154024278055687, "params": {"colsample_bytree": 0.8717986137173235, "eta": 0.015384417182254875, "gamma": 298.7252418857063, "max_depth": 8.0, "min_child_weight": 4170.931208003433, "num_boost_round": 84.0, "subsample": 0.43499053566788215}, "datetime": {"datetime": "2024-01-20 14:44:49", "elapsed": 1257.668191, "delta": 0.00205}}
{"target": -19.154228220869257, "params": {"colsample_bytree": 0.8717986137173235, "eta": 0.015384417182254875, "gamma": 298.7252418857063, "max_depth": 8.0, "min_child_weight": 4170.931208003433, "num_boost_round": 85.0, "subsample": 0.43499053566788215}, "datetime": {"datetime": "2024-01-20 14:44:49", "elapsed": 1257.670344, "delta": 0.002153}}
{"target": -19.1544672490379, "params": {"colsample_bytree": 0.8717986137173235, "eta": 0.015384417182254875, "gamma": 298.7252418857063, "max_depth": 8.0, "min_child_weight": 4170.931208003433, "num_boost_round": 86.0, "subsample": 0.43499053566788215}, "datetime": {"datetime": "2024-01-20 14:44:49", "elapsed": 1257.672305, "delta": 0.001961}}
{"target": -19.143962857500206, "params": {"colsample_bytree": 0.6719942116531288, "eta": 0.08971654290171537, "gamma": 217.59645067127252, "max_depth": 7.0, "min_child_weight": 4165.6834892000215, "num_boost_round": 1.0, "subsample": 0.6201543675336089}, "datetime": {"datetime": "2024-01-20 14:45:14", "elapsed": 1282.938251, "delta": 25.265946}}
{"target": -19.144108826005116, "params": {"colsample_bytree": 0.6719942116531288, "eta": 0.08971654290171537, "gamma": 217.59645067127252, "max_depth": 7.0, "min_child_weight": 4165.6834892000215, "num_boost_round": 2.0, "subsample": 0.6201543675336089}, "datetime": {"datetime": "2024-01-20 14:45:14", "elapsed": 1282.941659, "delta": 0.003408}}
{"target": -19.14485723615084, "params": {"colsample_bytree": 0.6719942116531288, "eta": 0.08971654290171537, "gamma": 217.59645067127252, "max_depth": 7.0, "min_child_weight": 4165.6834892000215, "num_boost_round": 3.0, "subsample": 0.6201543675336089}, "datetime": {"datetime": "2024-01-20 14:45:14", "elapsed": 1282.943818, "delta": 0.002159}}
{"target": -19.145265239460947, "params": {"colsample_bytree": 0.6719942116531288, "eta": 0.08971654290171537, "gamma": 217.59645067127252, "max_depth": 7.0, "min_child_weight": 4165.6834892000215, "num_boost_round": 4.0, "subsample": 0.6201543675336089}, "datetime": {"datetime": "2024-01-20 14:45:14", "elapsed": 1282.945864, "delta": 0.002046}}
{"target": -19.14647404340824, "params": {"colsample_bytree": 0.6719942116531288, "eta": 0.08971654290171537, "gamma": 217.59645067127252, "max_depth": 7.0, "min_child_weight": 4165.6834892000215, "num_boost_round": 5.0, "subsample": 0.6201543675336089}, "datetime": {"datetime": "2024-01-20 14:45:14", "elapsed": 1282.948377, "delta": 0.002513}}
{"target": -19.146244464223926, "params": {"colsample_bytree": 0.6719942116531288, "eta": 0.08971654290171537, "gamma": 217.59645067127252, "max_depth": 7.0, "min_child_weight": 4165.6834892000215, "num_boost_round": 6.0, "subsample": 0.6201543675336089}, "datetime": {"datetime": "2024-01-20 14:45:15", "elapsed": 1282.950343, "delta": 0.001966}}
{"target": -19.147013830318016, "params": {"colsample_bytree": 0.6719942116531288, "eta": 0.08971654290171537, "gamma": 217.59645067127252, "max_depth": 7.0, "min_child_weight": 4165.6834892000215, "num_boost_round": 7.0, "subsample": 0.6201543675336089}, "datetime": {"datetime": "2024-01-20 14:45:15", "elapsed": 1282.95232, "delta": 0.001977}}
{"target": -19.14816545940333, "params": {"colsample_bytree": 0.6719942116531288, "eta": 0.08971654290171537, "gamma": 217.59645067127252, "max_depth": 7.0, "min_child_weight": 4165.6834892000215, "num_boost_round": 8.0, "subsample": 0.6201543675336089}, "datetime": {"datetime": "2024-01-20 14:45:15", "elapsed": 1282.954295, "delta": 0.001975}}
{"target": -19.14873212035587, "params": {"colsample_bytree": 0.6719942116531288, "eta": 0.08971654290171537, "gamma": 217.59645067127252, "max_depth": 7.0, "min_child_weight": 4165.6834892000215, "num_boost_round": 9.0, "subsample": 0.6201543675336089}, "datetime": {"datetime": "2024-01-20 14:45:15", "elapsed": 1282.95631, "delta": 0.002015}}
{"target": -19.149855555443867, "params": {"colsample_bytree": 0.6719942116531288, "eta": 0.08971654290171537, "gamma": 217.59645067127252, "max_depth": 7.0, "min_child_weight": 4165.6834892000215, "num_boost_round": 10.0, "subsample": 0.6201543675336089}, "datetime": {"datetime": "2024-01-20 14:45:15", "elapsed": 1282.958298, "delta": 0.001988}}
{"target": -19.150346310642483, "params": {"colsample_bytree": 0.6719942116531288, "eta": 0.08971654290171537, "gamma": 217.59645067127252, "max_depth": 7.0, "min_child_weight": 4165.6834892000215, "num_boost_round": 11.0, "subsample": 0.6201543675336089}, "datetime": {"datetime": "2024-01-20 14:45:15", "elapsed": 1282.960283, "delta": 0.001985}}
{"target": -19.15067977517584, "params": {"colsample_bytree": 0.6719942116531288, "eta": 0.08971654290171537, "gamma": 217.59645067127252, "max_depth": 7.0, "min_child_weight": 4165.6834892000215, "num_boost_round": 12.0, "subsample": 0.6201543675336089}, "datetime": {"datetime": "2024-01-20 14:45:15", "elapsed": 1282.962264, "delta": 0.001981}}
{"target": -19.15251001776825, "params": {"colsample_bytree": 0.6719942116531288, "eta": 0.08971654290171537, "gamma": 217.59645067127252, "max_depth": 7.0, "min_child_weight": 4165.6834892000215, "num_boost_round": 13.0, "subsample": 0.6201543675336089}, "datetime": {"datetime": "2024-01-20 14:45:15", "elapsed": 1282.964332, "delta": 0.002068}}
{"target": -19.14318103981559, "params": {"colsample_bytree": 0.14972959042071327, "eta": 0.0016596033964705278, "gamma": 176.71783862384194, "max_depth": 2.0, "min_child_weight": 4081.0461058724336, "num_boost_round": 1.0, "subsample": 0.2218572899563373}, "datetime": {"datetime": "2024-01-20 14:45:36", "elapsed": 1304.478059, "delta": 21.513727}}
{"target": -19.143449443582483, "params": {"colsample_bytree": 0.3898221410697216, "eta": 0.07138847728093692, "gamma": 245.11893323750166, "max_depth": 3.0, "min_child_weight": 4059.6371162331443, "num_boost_round": 1.0, "subsample": 0.37172530254574}, "datetime": {"datetime": "2024-01-20 14:46:10", "elapsed": 1338.577599, "delta": 34.09954}}
{"target": -19.143526966541167, "params": {"colsample_bytree": 0.3898221410697216, "eta": 0.07138847728093692, "gamma": 245.11893323750166, "max_depth": 3.0, "min_child_weight": 4059.6371162331443, "num_boost_round": 2.0, "subsample": 0.37172530254574}, "datetime": {"datetime": "2024-01-20 14:46:10", "elapsed": 1338.580797, "delta": 0.003198}}
{"target": -19.143167185651855, "params": {"colsample_bytree": 0.3898221410697216, "eta": 0.07138847728093692, "gamma": 245.11893323750166, "max_depth": 3.0, "min_child_weight": 4059.6371162331443, "num_boost_round": 3.0, "subsample": 0.37172530254574}, "datetime": {"datetime": "2024-01-20 14:46:10", "elapsed": 1338.594295, "delta": 0.013498}}
{"target": -19.14291337843394, "params": {"colsample_bytree": 0.3898221410697216, "eta": 0.07138847728093692, "gamma": 245.11893323750166, "max_depth": 3.0, "min_child_weight": 4059.6371162331443, "num_boost_round": 4.0, "subsample": 0.37172530254574}, "datetime": {"datetime": "2024-01-20 14:46:10", "elapsed": 1338.596422, "delta": 0.002127}}
{"target": -19.143116903372146, "params": {"colsample_bytree": 0.3898221410697216, "eta": 0.07138847728093692, "gamma": 245.11893323750166, "max_depth": 3.0, "min_child_weight": 4059.6371162331443, "num_boost_round": 5.0, "subsample": 0.37172530254574}, "datetime": {"datetime": "2024-01-20 14:46:10", "elapsed": 1338.598395, "delta": 0.001973}}
{"target": -19.142301847515697, "params": {"colsample_bytree": 0.3898221410697216, "eta": 0.07138847728093692, "gamma": 245.11893323750166, "max_depth": 3.0, "min_child_weight": 4059.6371162331443, "num_boost_round": 6.0, "subsample": 0.37172530254574}, "datetime": {"datetime": "2024-01-20 14:46:10", "elapsed": 1338.600368, "delta": 0.001973}}
{"target": -19.142596479125185, "params": {"colsample_bytree": 0.3898221410697216, "eta": 0.07138847728093692, "gamma": 245.11893323750166, "max_depth": 3.0, "min_child_weight": 4059.6371162331443, "num_boost_round": 7.0, "subsample": 0.37172530254574}, "datetime": {"datetime": "2024-01-20 14:46:10", "elapsed": 1338.60241, "delta": 0.002042}}
{"target": -19.14283027518937, "params": {"colsample_bytree": 0.3898221410697216, "eta": 0.07138847728093692, "gamma": 245.11893323750166, "max_depth": 3.0, "min_child_weight": 4059.6371162331443, "num_boost_round": 8.0, "subsample": 0.37172530254574}, "datetime": {"datetime": "2024-01-20 14:46:10", "elapsed": 1338.604393, "delta": 0.001983}}
{"target": -19.143195844773604, "params": {"colsample_bytree": 0.3898221410697216, "eta": 0.07138847728093692, "gamma": 245.11893323750166, "max_depth": 3.0, "min_child_weight": 4059.6371162331443, "num_boost_round": 9.0, "subsample": 0.37172530254574}, "datetime": {"datetime": "2024-01-20 14:46:10", "elapsed": 1338.60637, "delta": 0.001977}}
{"target": -19.143020044375607, "params": {"colsample_bytree": 0.3898221410697216, "eta": 0.07138847728093692, "gamma": 245.11893323750166, "max_depth": 3.0, "min_child_weight": 4059.6371162331443, "num_boost_round": 10.0, "subsample": 0.37172530254574}, "datetime": {"datetime": "2024-01-20 14:46:10", "elapsed": 1338.608446, "delta": 0.002076}}
{"target": -19.14292832569322, "params": {"colsample_bytree": 0.3898221410697216, "eta": 0.07138847728093692, "gamma": 245.11893323750166, "max_depth": 3.0, "min_child_weight": 4059.6371162331443, "num_boost_round": 11.0, "subsample": 0.37172530254574}, "datetime": {"datetime": "2024-01-20 14:46:10", "elapsed": 1338.610408, "delta": 0.001962}}
{"target": -19.14329945618544, "params": {"colsample_bytree": 0.3898221410697216, "eta": 0.07138847728093692, "gamma": 245.11893323750166, "max_depth": 3.0, "min_child_weight": 4059.6371162331443, "num_boost_round": 12.0, "subsample": 0.37172530254574}, "datetime": {"datetime": "2024-01-20 14:46:10", "elapsed": 1338.612375, "delta": 0.001967}}
{"target": -19.143684095763334, "params": {"colsample_bytree": 0.3898221410697216, "eta": 0.07138847728093692, "gamma": 245.11893323750166, "max_depth": 3.0, "min_child_weight": 4059.6371162331443, "num_boost_round": 13.0, "subsample": 0.37172530254574}, "datetime": {"datetime": "2024-01-20 14:46:10", "elapsed": 1338.614354, "delta": 0.001979}}
{"target": -19.144108795880975, "params": {"colsample_bytree": 0.3898221410697216, "eta": 0.07138847728093692, "gamma": 245.11893323750166, "max_depth": 3.0, "min_child_weight": 4059.6371162331443, "num_boost_round": 14.0, "subsample": 0.37172530254574}, "datetime": {"datetime": "2024-01-20 14:46:10", "elapsed": 1338.616539, "delta": 0.002185}}
{"target": -19.144845695734205, "params": {"colsample_bytree": 0.3898221410697216, "eta": 0.07138847728093692, "gamma": 245.11893323750166, "max_depth": 3.0, "min_child_weight": 4059.6371162331443, "num_boost_round": 15.0, "subsample": 0.37172530254574}, "datetime": {"datetime": "2024-01-20 14:46:10", "elapsed": 1338.618765, "delta": 0.002226}}
{"target": -19.14337227765931, "params": {"colsample_bytree": 0.26077744757434596, "eta": 0.09581457410497055, "gamma": 102.5784913975768, "max_depth": 7.0, "min_child_weight": 4094.5235765691655, "num_boost_round": 1.0, "subsample": 0.6025975226506709}, "datetime": {"datetime": "2024-01-20 14:46:47", "elapsed": 1375.785366, "delta": 37.166601}}
{"target": -19.14398120569956, "params": {"colsample_bytree": 0.26077744757434596, "eta": 0.09581457410497055, "gamma": 102.5784913975768, "max_depth": 7.0, "min_child_weight": 4094.5235765691655, "num_boost_round": 2.0, "subsample": 0.6025975226506709}, "datetime": {"datetime": "2024-01-20 14:46:47", "elapsed": 1375.788516, "delta": 0.00315}}
{"target": -19.144282019365008, "params": {"colsample_bytree": 0.26077744757434596, "eta": 0.09581457410497055, "gamma": 102.5784913975768, "max_depth": 7.0, "min_child_weight": 4094.5235765691655, "num_boost_round": 3.0, "subsample": 0.6025975226506709}, "datetime": {"datetime": "2024-01-20 14:46:47", "elapsed": 1375.79172, "delta": 0.003204}}
{"target": -19.143623664251713, "params": {"colsample_bytree": 0.26077744757434596, "eta": 0.09581457410497055, "gamma": 102.5784913975768, "max_depth": 7.0, "min_child_weight": 4094.5235765691655, "num_boost_round": 4.0, "subsample": 0.6025975226506709}, "datetime": {"datetime": "2024-01-20 14:46:47", "elapsed": 1375.794025, "delta": 0.002305}}
{"target": -19.143952866646316, "params": {"colsample_bytree": 0.26077744757434596, "eta": 0.09581457410497055, "gamma": 102.5784913975768, "max_depth": 7.0, "min_child_weight": 4094.5235765691655, "num_boost_round": 5.0, "subsample": 0.6025975226506709}, "datetime": {"datetime": "2024-01-20 14:46:47", "elapsed": 1375.796305, "delta": 0.00228}}
{"target": -19.143792057633213, "params": {"colsample_bytree": 0.26077744757434596, "eta": 0.09581457410497055, "gamma": 102.5784913975768, "max_depth": 7.0, "min_child_weight": 4094.5235765691655, "num_boost_round": 6.0, "subsample": 0.6025975226506709}, "datetime": {"datetime": "2024-01-20 14:46:47", "elapsed": 1375.798553, "delta": 0.002248}}
{"target": -19.144194186618062, "params": {"colsample_bytree": 0.26077744757434596, "eta": 0.09581457410497055, "gamma": 102.5784913975768, "max_depth": 7.0, "min_child_weight": 4094.5235765691655, "num_boost_round": 7.0, "subsample": 0.6025975226506709}, "datetime": {"datetime": "2024-01-20 14:46:47", "elapsed": 1375.80074, "delta": 0.002187}}
{"target": -19.14386423214747, "params": {"colsample_bytree": 0.26077744757434596, "eta": 0.09581457410497055, "gamma": 102.5784913975768, "max_depth": 7.0, "min_child_weight": 4094.5235765691655, "num_boost_round": 8.0, "subsample": 0.6025975226506709}, "datetime": {"datetime": "2024-01-20 14:46:47", "elapsed": 1375.802901, "delta": 0.002161}}
{"target": -19.144523578622128, "params": {"colsample_bytree": 0.26077744757434596, "eta": 0.09581457410497055, "gamma": 102.5784913975768, "max_depth": 7.0, "min_child_weight": 4094.5235765691655, "num_boost_round": 9.0, "subsample": 0.6025975226506709}, "datetime": {"datetime": "2024-01-20 14:46:47", "elapsed": 1375.805366, "delta": 0.002465}}
{"target": -19.14517703596165, "params": {"colsample_bytree": 0.26077744757434596, "eta": 0.09581457410497055, "gamma": 102.5784913975768, "max_depth": 7.0, "min_child_weight": 4094.5235765691655, "num_boost_round": 10.0, "subsample": 0.6025975226506709}, "datetime": {"datetime": "2024-01-20 14:46:47", "elapsed": 1375.80768, "delta": 0.002314}}
{"target": -19.145140582958152, "params": {"colsample_bytree": 0.26077744757434596, "eta": 0.09581457410497055, "gamma": 102.5784913975768, "max_depth": 7.0, "min_child_weight": 4094.5235765691655, "num_boost_round": 11.0, "subsample": 0.6025975226506709}, "datetime": {"datetime": "2024-01-20 14:46:47", "elapsed": 1375.826187, "delta": 0.018507}}
{"target": -19.145681381974416, "params": {"colsample_bytree": 0.26077744757434596, "eta": 0.09581457410497055, "gamma": 102.5784913975768, "max_depth": 7.0, "min_child_weight": 4094.5235765691655, "num_boost_round": 12.0, "subsample": 0.6025975226506709}, "datetime": {"datetime": "2024-01-20 14:46:47", "elapsed": 1375.82873, "delta": 0.002543}}
{"target": -19.146037593623696, "params": {"colsample_bytree": 0.26077744757434596, "eta": 0.09581457410497055, "gamma": 102.5784913975768, "max_depth": 7.0, "min_child_weight": 4094.5235765691655, "num_boost_round": 13.0, "subsample": 0.6025975226506709}, "datetime": {"datetime": "2024-01-20 14:46:47", "elapsed": 1375.830941, "delta": 0.002211}}
{"target": -19.14705119640564, "params": {"colsample_bytree": 0.26077744757434596, "eta": 0.09581457410497055, "gamma": 102.5784913975768, "max_depth": 7.0, "min_child_weight": 4094.5235765691655, "num_boost_round": 14.0, "subsample": 0.6025975226506709}, "datetime": {"datetime": "2024-01-20 14:46:47", "elapsed": 1375.833141, "delta": 0.0022}}
{"target": -19.148770124113184, "params": {"colsample_bytree": 0.26077744757434596, "eta": 0.09581457410497055, "gamma": 102.5784913975768, "max_depth": 7.0, "min_child_weight": 4094.5235765691655, "num_boost_round": 15.0, "subsample": 0.6025975226506709}, "datetime": {"datetime": "2024-01-20 14:46:47", "elapsed": 1375.83538, "delta": 0.002239}}
{"target": -19.14867361869359, "params": {"colsample_bytree": 0.26077744757434596, "eta": 0.09581457410497055, "gamma": 102.5784913975768, "max_depth": 7.0, "min_child_weight": 4094.5235765691655, "num_boost_round": 16.0, "subsample": 0.6025975226506709}, "datetime": {"datetime": "2024-01-20 14:46:47", "elapsed": 1375.837663, "delta": 0.002283}}
{"target": -19.14914384289654, "params": {"colsample_bytree": 0.26077744757434596, "eta": 0.09581457410497055, "gamma": 102.5784913975768, "max_depth": 7.0, "min_child_weight": 4094.5235765691655, "num_boost_round": 17.0, "subsample": 0.6025975226506709}, "datetime": {"datetime": "2024-01-20 14:46:47", "elapsed": 1375.839884, "delta": 0.002221}}
{"target": -19.149182530918736, "params": {"colsample_bytree": 0.26077744757434596, "eta": 0.09581457410497055, "gamma": 102.5784913975768, "max_depth": 7.0, "min_child_weight": 4094.5235765691655, "num_boost_round": 18.0, "subsample": 0.6025975226506709}, "datetime": {"datetime": "2024-01-20 14:46:47", "elapsed": 1375.842153, "delta": 0.002269}}
{"target": -19.149941750419025, "params": {"colsample_bytree": 0.26077744757434596, "eta": 0.09581457410497055, "gamma": 102.5784913975768, "max_depth": 7.0, "min_child_weight": 4094.5235765691655, "num_boost_round": 19.0, "subsample": 0.6025975226506709}, "datetime": {"datetime": "2024-01-20 14:46:47", "elapsed": 1375.844954, "delta": 0.002801}}
{"target": -19.15047421433156, "params": {"colsample_bytree": 0.26077744757434596, "eta": 0.09581457410497055, "gamma": 102.5784913975768, "max_depth": 7.0, "min_child_weight": 4094.5235765691655, "num_boost_round": 20.0, "subsample": 0.6025975226506709}, "datetime": {"datetime": "2024-01-20 14:46:47", "elapsed": 1375.848042, "delta": 0.003088}}
{"target": -19.151416006575566, "params": {"colsample_bytree": 0.26077744757434596, "eta": 0.09581457410497055, "gamma": 102.5784913975768, "max_depth": 7.0, "min_child_weight": 4094.5235765691655, "num_boost_round": 21.0, "subsample": 0.6025975226506709}, "datetime": {"datetime": "2024-01-20 14:46:47", "elapsed": 1375.85035, "delta": 0.002308}}
{"target": -19.152090270841846, "params": {"colsample_bytree": 0.26077744757434596, "eta": 0.09581457410497055, "gamma": 102.5784913975768, "max_depth": 7.0, "min_child_weight": 4094.5235765691655, "num_boost_round": 22.0, "subsample": 0.6025975226506709}, "datetime": {"datetime": "2024-01-20 14:46:47", "elapsed": 1375.852534, "delta": 0.002184}}
{"target": -19.152084018566654, "params": {"colsample_bytree": 0.26077744757434596, "eta": 0.09581457410497055, "gamma": 102.5784913975768, "max_depth": 7.0, "min_child_weight": 4094.5235765691655, "num_boost_round": 23.0, "subsample": 0.6025975226506709}, "datetime": {"datetime": "2024-01-20 14:46:47", "elapsed": 1375.855022, "delta": 0.002488}}
