{"target": -12.346209730918531, "params": {"colsample_bytree": 0.8087026355876548, "eta": 0.051084589070278186, "gamma": 659.0990963716029, "max_depth": 6.0, "min_child_weight": 4253.655068384467, "num_boost_round": 7.0, "subsample": 0.8220672390121027}, "datetime": {"datetime": "2024-01-20 17:03:42", "elapsed": 9588.341016, "delta": 0.007672}}
{"target": -12.345855577769091, "params": {"colsample_bytree": 0.8087026355876548, "eta": 0.051084589070278186, "gamma": 659.0990963716029, "max_depth": 6.0, "min_child_weight": 4253.655068384467, "num_boost_round": 8.0, "subsample": 0.8220672390121027}, "datetime": {"datetime": "2024-01-20 17:03:42", "elapsed": 9588.353805, "delta": 0.012789}}
{"target": -12.345005250002046, "params": {"colsample_bytree": 0.8087026355876548, "eta": 0.051084589070278186, "gamma": 659.0990963716029, "max_depth": 6.0, "min_child_weight": 4253.655068384467, "num_boost_round": 9.0, "subsample": 0.8220672390121027}, "datetime": {"datetime": "2024-01-20 17:03:42", "elapsed": 9588.361438, "delta": 0.007633}}
{"target": -12.344168699170845, "params": {"colsample_bytree": 0.8087026355876548, "eta": 0.051084589070278186, "gamma": 659.0990963716029, "max_depth": 6.0, "min_child_weight": 4253.655068384467, "num_boost_round": 10.0, "subsample": 0.8220672390121027}, "datetime": {"datetime": "2024-01-20 17:03:42", "elapsed": 9588.36884, "delta": 0.007402}}
{"target": -12.343637879683097, "params": {"colsample_bytree": 0.8087026355876548, "eta": 0.051084589070278186, "gamma": 659.0990963716029, "max_depth": 6.0, "min_child_weight": 4253.655068384467, "num_boost_round": 11.0, "subsample": 0.8220672390121027}, "datetime": {"datetime": "2024-01-20 17:03:42", "elapsed": 9588.376865, "delta": 0.008025}}
{"target": -12.343016897065704, "params": {"colsample_bytree": 0.8087026355876548, "eta": 0.051084589070278186, "gamma": 659.0990963716029, "max_depth": 6.0, "min_child_weight": 4253.655068384467, "num_boost_round": 12.0, "subsample": 0.8220672390121027}, "datetime": {"datetime": "2024-01-20 17:03:42", "elapsed": 9588.384484, "delta": 0.007619}}
{"target": -12.342723655510085, "params": {"colsample_bytree": 0.8087026355876548, "eta": 0.051084589070278186, "gamma": 659.0990963716029, "max_depth": 6.0, "min_child_weight": 4253.655068384467, "num_boost_round": 13.0, "subsample": 0.8220672390121027}, "datetime": {"datetime": "2024-01-20 17:03:42", "elapsed": 9588.391878, "delta": 0.007394}}
{"target": -12.342534555749975, "params": {"colsample_bytree": 0.8087026355876548, "eta": 0.051084589070278186, "gamma": 659.0990963716029, "max_depth": 6.0, "min_child_weight": 4253.655068384467, "num_boost_round": 14.0, "subsample": 0.8220672390121027}, "datetime": {"datetime": "2024-01-20 17:03:42", "elapsed": 9588.399831, "delta": 0.007953}}
{"target": -12.342273912004536, "params": {"colsample_bytree": 0.8087026355876548, "eta": 0.051084589070278186, "gamma": 659.0990963716029, "max_depth": 6.0, "min_child_weight": 4253.655068384467, "num_boost_round": 15.0, "subsample": 0.8220672390121027}, "datetime": {"datetime": "2024-01-20 17:03:42", "elapsed": 9588.40748, "delta": 0.007649}}
{"target": -12.342277998411639, "params": {"colsample_bytree": 0.8087026355876548, "eta": 0.051084589070278186, "gamma": 659.0990963716029, "max_depth": 6.0, "min_child_weight": 4253.655068384467, "num_boost_round": 16.0, "subsample": 0.8220672390121027}, "datetime": {"datetime": "2024-01-20 17:03:42", "elapsed": 9588.414872, "delta": 0.007392}}
{"target": -12.34205689364589, "params": {"colsample_bytree": 0.8087026355876548, "eta": 0.051084589070278186, "gamma": 659.0990963716029, "max_depth": 6.0, "min_child_weight": 4253.655068384467, "num_boost_round": 17.0, "subsample": 0.8220672390121027}, "datetime": {"datetime": "2024-01-20 17:03:42", "elapsed": 9588.42283, "delta": 0.007958}}
{"target": -12.341766292172013, "params": {"colsample_bytree": 0.8087026355876548, "eta": 0.051084589070278186, "gamma": 659.0990963716029, "max_depth": 6.0, "min_child_weight": 4253.655068384467, "num_boost_round": 18.0, "subsample": 0.8220672390121027}, "datetime": {"datetime": "2024-01-20 17:03:42", "elapsed": 9588.430407, "delta": 0.007577}}
{"target": -12.341940699110893, "params": {"colsample_bytree": 0.8087026355876548, "eta": 0.051084589070278186, "gamma": 659.0990963716029, "max_depth": 6.0, "min_child_weight": 4253.655068384467, "num_boost_round": 19.0, "subsample": 0.8220672390121027}, "datetime": {"datetime": "2024-01-20 17:03:42", "elapsed": 9588.437756, "delta": 0.007349}}
{"target": -12.34226400267826, "params": {"colsample_bytree": 0.8087026355876548, "eta": 0.051084589070278186, "gamma": 659.0990963716029, "max_depth": 6.0, "min_child_weight": 4253.655068384467, "num_boost_round": 20.0, "subsample": 0.8220672390121027}, "datetime": {"datetime": "2024-01-20 17:03:42", "elapsed": 9588.445707, "delta": 0.007951}}
{"target": -12.342808950940706, "params": {"colsample_bytree": 0.8087026355876548, "eta": 0.051084589070278186, "gamma": 659.0990963716029, "max_depth": 6.0, "min_child_weight": 4253.655068384467, "num_boost_round": 21.0, "subsample": 0.8220672390121027}, "datetime": {"datetime": "2024-01-20 17:03:42", "elapsed": 9588.453904, "delta": 0.008197}}
{"target": -12.342880001547766, "params": {"colsample_bytree": 0.8087026355876548, "eta": 0.051084589070278186, "gamma": 659.0990963716029, "max_depth": 6.0, "min_child_weight": 4253.655068384467, "num_boost_round": 22.0, "subsample": 0.8220672390121027}, "datetime": {"datetime": "2024-01-20 17:03:42", "elapsed": 9588.461321, "delta": 0.007417}}
{"target": -12.342952677954635, "params": {"colsample_bytree": 0.8087026355876548, "eta": 0.051084589070278186, "gamma": 659.0990963716029, "max_depth": 6.0, "min_child_weight": 4253.655068384467, "num_boost_round": 23.0, "subsample": 0.8220672390121027}, "datetime": {"datetime": "2024-01-20 17:03:42", "elapsed": 9588.46926, "delta": 0.007939}}
{"target": -12.343208760582336, "params": {"colsample_bytree": 0.8087026355876548, "eta": 0.051084589070278186, "gamma": 659.0990963716029, "max_depth": 6.0, "min_child_weight": 4253.655068384467, "num_boost_round": 24.0, "subsample": 0.8220672390121027}, "datetime": {"datetime": "2024-01-20 17:03:42", "elapsed": 9588.476889, "delta": 0.007629}}
{"target": -12.343181337150135, "params": {"colsample_bytree": 0.8087026355876548, "eta": 0.051084589070278186, "gamma": 659.0990963716029, "max_depth": 6.0, "min_child_weight": 4253.655068384467, "num_boost_round": 25.0, "subsample": 0.8220672390121027}, "datetime": {"datetime": "2024-01-20 17:03:42", "elapsed": 9588.484279, "delta": 0.00739}}
{"target": -12.34346884189338, "params": {"colsample_bytree": 0.8087026355876548, "eta": 0.051084589070278186, "gamma": 659.0990963716029, "max_depth": 6.0, "min_child_weight": 4253.655068384467, "num_boost_round": 26.0, "subsample": 0.8220672390121027}, "datetime": {"datetime": "2024-01-20 17:03:42", "elapsed": 9588.492365, "delta": 0.008086}}
{"target": -12.343887746611314, "params": {"colsample_bytree": 0.8087026355876548, "eta": 0.051084589070278186, "gamma": 659.0990963716029, "max_depth": 6.0, "min_child_weight": 4253.655068384467, "num_boost_round": 27.0, "subsample": 0.8220672390121027}, "datetime": {"datetime": "2024-01-20 17:03:42", "elapsed": 9588.4999, "delta": 0.007535}}
{"target": -12.343903554153744, "params": {"colsample_bytree": 0.8087026355876548, "eta": 0.051084589070278186, "gamma": 659.0990963716029, "max_depth": 6.0, "min_child_weight": 4253.655068384467, "num_boost_round": 28.0, "subsample": 0.8220672390121027}, "datetime": {"datetime": "2024-01-20 17:03:42", "elapsed": 9588.5072, "delta": 0.0073}}
{"target": -12.343921112148484, "params": {"colsample_bytree": 0.8087026355876548, "eta": 0.051084589070278186, "gamma": 659.0990963716029, "max_depth": 6.0, "min_child_weight": 4253.655068384467, "num_boost_round": 29.0, "subsample": 0.8220672390121027}, "datetime": {"datetime": "2024-01-20 17:03:42", "elapsed": 9588.515169, "delta": 0.007969}}
{"target": -12.343981699430454, "params": {"colsample_bytree": 0.8087026355876548, "eta": 0.051084589070278186, "gamma": 659.0990963716029, "max_depth": 6.0, "min_child_weight": 4253.655068384467, "num_boost_round": 30.0, "subsample": 0.8220672390121027}, "datetime": {"datetime": "2024-01-20 17:03:42", "elapsed": 9588.522791, "delta": 0.007622}}
{"target": -12.344066018510816, "params": {"colsample_bytree": 0.8087026355876548, "eta": 0.051084589070278186, "gamma": 659.0990963716029, "max_depth": 6.0, "min_child_weight": 4253.655068384467, "num_boost_round": 31.0, "subsample": 0.8220672390121027}, "datetime": {"datetime": "2024-01-20 17:03:42", "elapsed": 9588.533946, "delta": 0.011155}}
{"target": -12.344367092802731, "params": {"colsample_bytree": 0.8087026355876548, "eta": 0.051084589070278186, "gamma": 659.0990963716029, "max_depth": 6.0, "min_child_weight": 4253.655068384467, "num_boost_round": 32.0, "subsample": 0.8220672390121027}, "datetime": {"datetime": "2024-01-20 17:03:42", "elapsed": 9588.54782, "delta": 0.013874}}
{"target": -12.34471449601546, "params": {"colsample_bytree": 0.8087026355876548, "eta": 0.051084589070278186, "gamma": 659.0990963716029, "max_depth": 6.0, "min_child_weight": 4253.655068384467, "num_boost_round": 33.0, "subsample": 0.8220672390121027}, "datetime": {"datetime": "2024-01-20 17:03:42", "elapsed": 9588.557008, "delta": 0.009188}}
{"target": -12.344868275305314, "params": {"colsample_bytree": 0.8087026355876548, "eta": 0.051084589070278186, "gamma": 659.0990963716029, "max_depth": 6.0, "min_child_weight": 4253.655068384467, "num_boost_round": 34.0, "subsample": 0.8220672390121027}, "datetime": {"datetime": "2024-01-20 17:03:42", "elapsed": 9588.565569, "delta": 0.008561}}
{"target": -12.34510398032687, "params": {"colsample_bytree": 0.8087026355876548, "eta": 0.051084589070278186, "gamma": 659.0990963716029, "max_depth": 6.0, "min_child_weight": 4253.655068384467, "num_boost_round": 35.0, "subsample": 0.8220672390121027}, "datetime": {"datetime": "2024-01-20 17:03:42", "elapsed": 9588.573939, "delta": 0.00837}}
{"target": -12.345803867689321, "params": {"colsample_bytree": 0.8087026355876548, "eta": 0.051084589070278186, "gamma": 659.0990963716029, "max_depth": 6.0, "min_child_weight": 4253.655068384467, "num_boost_round": 36.0, "subsample": 0.8220672390121027}, "datetime": {"datetime": "2024-01-20 17:03:42", "elapsed": 9588.581679, "delta": 0.00774}}
{"target": -12.346020663457253, "params": {"colsample_bytree": 0.8087026355876548, "eta": 0.051084589070278186, "gamma": 659.0990963716029, "max_depth": 6.0, "min_child_weight": 4253.655068384467, "num_boost_round": 37.0, "subsample": 0.8220672390121027}, "datetime": {"datetime": "2024-01-20 17:03:42", "elapsed": 9588.589186, "delta": 0.007507}}
{"target": -12.346147665122437, "params": {"colsample_bytree": 0.8087026355876548, "eta": 0.051084589070278186, "gamma": 659.0990963716029, "max_depth": 6.0, "min_child_weight": 4253.655068384467, "num_boost_round": 38.0, "subsample": 0.8220672390121027}, "datetime": {"datetime": "2024-01-20 17:03:42", "elapsed": 9588.597356, "delta": 0.00817}}
{"target": -12.346305360381386, "params": {"colsample_bytree": 0.8087026355876548, "eta": 0.051084589070278186, "gamma": 659.0990963716029, "max_depth": 6.0, "min_child_weight": 4253.655068384467, "num_boost_round": 39.0, "subsample": 0.8220672390121027}, "datetime": {"datetime": "2024-01-20 17:03:42", "elapsed": 9588.605231, "delta": 0.007875}}
{"target": -12.346479849318436, "params": {"colsample_bytree": 0.8087026355876548, "eta": 0.051084589070278186, "gamma": 659.0990963716029, "max_depth": 6.0, "min_child_weight": 4253.655068384467, "num_boost_round": 40.0, "subsample": 0.8220672390121027}, "datetime": {"datetime": "2024-01-20 17:03:42", "elapsed": 9588.61283, "delta": 0.007599}}
{"target": -12.346886077235805, "params": {"colsample_bytree": 0.8087026355876548, "eta": 0.051084589070278186, "gamma": 659.0990963716029, "max_depth": 6.0, "min_child_weight": 4253.655068384467, "num_boost_round": 41.0, "subsample": 0.8220672390121027}, "datetime": {"datetime": "2024-01-20 17:03:42", "elapsed": 9588.621005, "delta": 0.008175}}
{"target": -12.347552153284047, "params": {"colsample_bytree": 0.8087026355876548, "eta": 0.051084589070278186, "gamma": 659.0990963716029, "max_depth": 6.0, "min_child_weight": 4253.655068384467, "num_boost_round": 42.0, "subsample": 0.8220672390121027}, "datetime": {"datetime": "2024-01-20 17:03:42", "elapsed": 9588.628859, "delta": 0.007854}}
{"target": -12.34799646193241, "params": {"colsample_bytree": 0.8087026355876548, "eta": 0.051084589070278186, "gamma": 659.0990963716029, "max_depth": 6.0, "min_child_weight": 4253.655068384467, "num_boost_round": 43.0, "subsample": 0.8220672390121027}, "datetime": {"datetime": "2024-01-20 17:03:42", "elapsed": 9588.636404, "delta": 0.007545}}
{"target": -12.358217525209398, "params": {"colsample_bytree": 0.5759233673515511, "eta": 0.01249057051891926, "gamma": 528.1202549787603, "max_depth": 9.0, "min_child_weight": 4303.49774924238, "num_boost_round": 1.0, "subsample": 0.4947339898107421}, "datetime": {"datetime": "2024-01-20 17:06:55", "elapsed": 9781.543718, "delta": 192.907314}}
{"target": -12.357819346738387, "params": {"colsample_bytree": 0.5759233673515511, "eta": 0.01249057051891926, "gamma": 528.1202549787603, "max_depth": 9.0, "min_child_weight": 4303.49774924238, "num_boost_round": 2.0, "subsample": 0.4947339898107421}, "datetime": {"datetime": "2024-01-20 17:06:55", "elapsed": 9781.555071, "delta": 0.011353}}
{"target": -12.356984478383929, "params": {"colsample_bytree": 0.5759233673515511, "eta": 0.01249057051891926, "gamma": 528.1202549787603, "max_depth": 9.0, "min_child_weight": 4303.49774924238, "num_boost_round": 3.0, "subsample": 0.4947339898107421}, "datetime": {"datetime": "2024-01-20 17:06:55", "elapsed": 9781.56381, "delta": 0.008739}}
{"target": -12.357052435804734, "params": {"colsample_bytree": 0.5759233673515511, "eta": 0.01249057051891926, "gamma": 528.1202549787603, "max_depth": 9.0, "min_child_weight": 4303.49774924238, "num_boost_round": 4.0, "subsample": 0.4947339898107421}, "datetime": {"datetime": "2024-01-20 17:06:55", "elapsed": 9781.572208, "delta": 0.008398}}
{"target": -12.356272449074492, "params": {"colsample_bytree": 0.5759233673515511, "eta": 0.01249057051891926, "gamma": 528.1202549787603, "max_depth": 9.0, "min_child_weight": 4303.49774924238, "num_boost_round": 5.0, "subsample": 0.4947339898107421}, "datetime": {"datetime": "2024-01-20 17:06:55", "elapsed": 9781.581381, "delta": 0.009173}}
{"target": -12.355596203613619, "params": {"colsample_bytree": 0.5759233673515511, "eta": 0.01249057051891926, "gamma": 528.1202549787603, "max_depth": 9.0, "min_child_weight": 4303.49774924238, "num_boost_round": 6.0, "subsample": 0.4947339898107421}, "datetime": {"datetime": "2024-01-20 17:06:55", "elapsed": 9781.589869, "delta": 0.008488}}
{"target": -12.355021675933447, "params": {"colsample_bytree": 0.5759233673515511, "eta": 0.01249057051891926, "gamma": 528.1202549787603, "max_depth": 9.0, "min_child_weight": 4303.49774924238, "num_boost_round": 7.0, "subsample": 0.4947339898107421}, "datetime": {"datetime": "2024-01-20 17:06:55", "elapsed": 9781.598329, "delta": 0.00846}}
{"target": -12.354579673852408, "params": {"colsample_bytree": 0.5759233673515511, "eta": 0.01249057051891926, "gamma": 528.1202549787603, "max_depth": 9.0, "min_child_weight": 4303.49774924238, "num_boost_round": 8.0, "subsample": 0.4947339898107421}, "datetime": {"datetime": "2024-01-20 17:06:55", "elapsed": 9781.607309, "delta": 0.00898}}
{"target": -12.354613591963155, "params": {"colsample_bytree": 0.5759233673515511, "eta": 0.01249057051891926, "gamma": 528.1202549787603, "max_depth": 9.0, "min_child_weight": 4303.49774924238, "num_boost_round": 9.0, "subsample": 0.4947339898107421}, "datetime": {"datetime": "2024-01-20 17:06:55", "elapsed": 9781.616806, "delta": 0.009497}}
{"target": -12.354018005493607, "params": {"colsample_bytree": 0.5759233673515511, "eta": 0.01249057051891926, "gamma": 528.1202549787603, "max_depth": 9.0, "min_child_weight": 4303.49774924238, "num_boost_round": 10.0, "subsample": 0.4947339898107421}, "datetime": {"datetime": "2024-01-20 17:06:55", "elapsed": 9781.626877, "delta": 0.010071}}
{"target": -12.353664855696884, "params": {"colsample_bytree": 0.5759233673515511, "eta": 0.01249057051891926, "gamma": 528.1202549787603, "max_depth": 9.0, "min_child_weight": 4303.49774924238, "num_boost_round": 11.0, "subsample": 0.4947339898107421}, "datetime": {"datetime": "2024-01-20 17:06:55", "elapsed": 9781.637691, "delta": 0.010814}}
{"target": -12.353331898026962, "params": {"colsample_bytree": 0.5759233673515511, "eta": 0.01249057051891926, "gamma": 528.1202549787603, "max_depth": 9.0, "min_child_weight": 4303.49774924238, "num_boost_round": 12.0, "subsample": 0.4947339898107421}, "datetime": {"datetime": "2024-01-20 17:06:55", "elapsed": 9781.968706, "delta": 0.331015}}
{"target": -12.353322917436605, "params": {"colsample_bytree": 0.5759233673515511, "eta": 0.01249057051891926, "gamma": 528.1202549787603, "max_depth": 9.0, "min_child_weight": 4303.49774924238, "num_boost_round": 13.0, "subsample": 0.4947339898107421}, "datetime": {"datetime": "2024-01-20 17:06:55", "elapsed": 9781.977681, "delta": 0.008975}}
{"target": -12.35312923220726, "params": {"colsample_bytree": 0.5759233673515511, "eta": 0.01249057051891926, "gamma": 528.1202549787603, "max_depth": 9.0, "min_child_weight": 4303.49774924238, "num_boost_round": 14.0, "subsample": 0.4947339898107421}, "datetime": {"datetime": "2024-01-20 17:06:55", "elapsed": 9781.985725, "delta": 0.008044}}
{"target": -12.352469697500297, "params": {"colsample_bytree": 0.5759233673515511, "eta": 0.01249057051891926, "gamma": 528.1202549787603, "max_depth": 9.0, "min_child_weight": 4303.49774924238, "num_boost_round": 15.0, "subsample": 0.4947339898107421}, "datetime": {"datetime": "2024-01-20 17:06:55", "elapsed": 9781.993817, "delta": 0.008092}}
{"target": -12.3522349679479, "params": {"colsample_bytree": 0.5759233673515511, "eta": 0.01249057051891926, "gamma": 528.1202549787603, "max_depth": 9.0, "min_child_weight": 4303.49774924238, "num_boost_round": 16.0, "subsample": 0.4947339898107421}, "datetime": {"datetime": "2024-01-20 17:06:55", "elapsed": 9782.005434, "delta": 0.011617}}
{"target": -12.351956848509488, "params": {"colsample_bytree": 0.5759233673515511, "eta": 0.01249057051891926, "gamma": 528.1202549787603, "max_depth": 9.0, "min_child_weight": 4303.49774924238, "num_boost_round": 17.0, "subsample": 0.4947339898107421}, "datetime": {"datetime": "2024-01-20 17:06:55", "elapsed": 9782.019019, "delta": 0.013585}}
{"target": -12.351625566348742, "params": {"colsample_bytree": 0.5759233673515511, "eta": 0.01249057051891926, "gamma": 528.1202549787603, "max_depth": 9.0, "min_child_weight": 4303.49774924238, "num_boost_round": 18.0, "subsample": 0.4947339898107421}, "datetime": {"datetime": "2024-01-20 17:06:55", "elapsed": 9782.030287, "delta": 0.011268}}
{"target": -12.351545588862631, "params": {"colsample_bytree": 0.5759233673515511, "eta": 0.01249057051891926, "gamma": 528.1202549787603, "max_depth": 9.0, "min_child_weight": 4303.49774924238, "num_boost_round": 19.0, "subsample": 0.4947339898107421}, "datetime": {"datetime": "2024-01-20 17:06:55", "elapsed": 9782.039365, "delta": 0.009078}}
{"target": -12.351420430091412, "params": {"colsample_bytree": 0.5759233673515511, "eta": 0.01249057051891926, "gamma": 528.1202549787603, "max_depth": 9.0, "min_child_weight": 4303.49774924238, "num_boost_round": 20.0, "subsample": 0.4947339898107421}, "datetime": {"datetime": "2024-01-20 17:06:55", "elapsed": 9782.048149, "delta": 0.008784}}
{"target": -12.35116432859034, "params": {"colsample_bytree": 0.5759233673515511, "eta": 0.01249057051891926, "gamma": 528.1202549787603, "max_depth": 9.0, "min_child_weight": 4303.49774924238, "num_boost_round": 21.0, "subsample": 0.4947339898107421}, "datetime": {"datetime": "2024-01-20 17:06:55", "elapsed": 9782.056936, "delta": 0.008787}}
{"target": -12.351204202774797, "params": {"colsample_bytree": 0.5759233673515511, "eta": 0.01249057051891926, "gamma": 528.1202549787603, "max_depth": 9.0, "min_child_weight": 4303.49774924238, "num_boost_round": 22.0, "subsample": 0.4947339898107421}, "datetime": {"datetime": "2024-01-20 17:06:55", "elapsed": 9782.065218, "delta": 0.008282}}
{"target": -12.35096232166378, "params": {"colsample_bytree": 0.5759233673515511, "eta": 0.01249057051891926, "gamma": 528.1202549787603, "max_depth": 9.0, "min_child_weight": 4303.49774924238, "num_boost_round": 23.0, "subsample": 0.4947339898107421}, "datetime": {"datetime": "2024-01-20 17:06:55", "elapsed": 9782.074141, "delta": 0.008923}}
{"target": -12.3508529893737, "params": {"colsample_bytree": 0.5759233673515511, "eta": 0.01249057051891926, "gamma": 528.1202549787603, "max_depth": 9.0, "min_child_weight": 4303.49774924238, "num_boost_round": 24.0, "subsample": 0.4947339898107421}, "datetime": {"datetime": "2024-01-20 17:06:55", "elapsed": 9782.08294, "delta": 0.008799}}
{"target": -12.350238765658007, "params": {"colsample_bytree": 0.5759233673515511, "eta": 0.01249057051891926, "gamma": 528.1202549787603, "max_depth": 9.0, "min_child_weight": 4303.49774924238, "num_boost_round": 25.0, "subsample": 0.4947339898107421}, "datetime": {"datetime": "2024-01-20 17:06:55", "elapsed": 9782.091368, "delta": 0.008428}}
{"target": -12.34997240039845, "params": {"colsample_bytree": 0.5759233673515511, "eta": 0.01249057051891926, "gamma": 528.1202549787603, "max_depth": 9.0, "min_child_weight": 4303.49774924238, "num_boost_round": 26.0, "subsample": 0.4947339898107421}, "datetime": {"datetime": "2024-01-20 17:06:55", "elapsed": 9782.099686, "delta": 0.008318}}
