{"target": -10.299484805894142, "params": {"colsample_bytree": 0.24490703980012718, "eta": 0.04996499877569349, "gamma": 911.9781518695527, "max_depth": 3.0, "min_child_weight": 3874.348451394727, "num_boost_round": 9.0, "subsample": 0.5249268192242066}, "datetime": {"datetime": "2024-01-20 17:34:41", "elapsed": 15178.97292, "delta": 0.007422}}
{"target": -10.299680741697326, "params": {"colsample_bytree": 0.24490703980012718, "eta": 0.04996499877569349, "gamma": 911.9781518695527, "max_depth": 3.0, "min_child_weight": 3874.348451394727, "num_boost_round": 10.0, "subsample": 0.5249268192242066}, "datetime": {"datetime": "2024-01-20 17:34:41", "elapsed": 15178.981561, "delta": 0.008641}}
{"target": -10.29953467102452, "params": {"colsample_bytree": 0.24490703980012718, "eta": 0.04996499877569349, "gamma": 911.9781518695527, "max_depth": 3.0, "min_child_weight": 3874.348451394727, "num_boost_round": 11.0, "subsample": 0.5249268192242066}, "datetime": {"datetime": "2024-01-20 17:34:41", "elapsed": 15178.989573, "delta": 0.008012}}
{"target": -10.298476219712853, "params": {"colsample_bytree": 0.8176482552616905, "eta": 0.07641442925788941, "gamma": 951.6726631435482, "max_depth": 2.0, "min_child_weight": 3810.655992268186, "num_boost_round": 1.0, "subsample": 0.28687193371393827}, "datetime": {"datetime": "2024-01-20 17:36:35", "elapsed": 15293.595989, "delta": 114.606416}}
{"target": -10.298735705314154, "params": {"colsample_bytree": 0.8176482552616905, "eta": 0.07641442925788941, "gamma": 951.6726631435482, "max_depth": 2.0, "min_child_weight": 3810.655992268186, "num_boost_round": 2.0, "subsample": 0.28687193371393827}, "datetime": {"datetime": "2024-01-20 17:36:35", "elapsed": 15293.609653, "delta": 0.013664}}
{"target": -10.299176586938186, "params": {"colsample_bytree": 0.8176482552616905, "eta": 0.07641442925788941, "gamma": 951.6726631435482, "max_depth": 2.0, "min_child_weight": 3810.655992268186, "num_boost_round": 3.0, "subsample": 0.28687193371393827}, "datetime": {"datetime": "2024-01-20 17:36:35", "elapsed": 15293.622196, "delta": 0.012543}}
{"target": -10.299562090349948, "params": {"colsample_bytree": 0.8176482552616905, "eta": 0.07641442925788941, "gamma": 951.6726631435482, "max_depth": 2.0, "min_child_weight": 3810.655992268186, "num_boost_round": 4.0, "subsample": 0.28687193371393827}, "datetime": {"datetime": "2024-01-20 17:36:35", "elapsed": 15293.633746, "delta": 0.01155}}
{"target": -10.300023914883333, "params": {"colsample_bytree": 0.8176482552616905, "eta": 0.07641442925788941, "gamma": 951.6726631435482, "max_depth": 2.0, "min_child_weight": 3810.655992268186, "num_boost_round": 5.0, "subsample": 0.28687193371393827}, "datetime": {"datetime": "2024-01-20 17:36:35", "elapsed": 15293.645632, "delta": 0.011886}}
{"target": -10.300566588364006, "params": {"colsample_bytree": 0.8176482552616905, "eta": 0.07641442925788941, "gamma": 951.6726631435482, "max_depth": 2.0, "min_child_weight": 3810.655992268186, "num_boost_round": 6.0, "subsample": 0.28687193371393827}, "datetime": {"datetime": "2024-01-20 17:36:35", "elapsed": 15293.657446, "delta": 0.011814}}
{"target": -10.300986605974837, "params": {"colsample_bytree": 0.8176482552616905, "eta": 0.07641442925788941, "gamma": 951.6726631435482, "max_depth": 2.0, "min_child_weight": 3810.655992268186, "num_boost_round": 7.0, "subsample": 0.28687193371393827}, "datetime": {"datetime": "2024-01-20 17:36:35", "elapsed": 15293.669618, "delta": 0.012172}}
