{"target": -19.145336007626284, "params": {"colsample_bytree": 0.9330573096586675, "eta": 0.06188579637118735, "gamma": 265.88460090718, "max_depth": 4.0, "min_child_weight": 4517.640362588632, "num_boost_round": 12.0, "subsample": 0.35458291295252453}, "datetime": {"datetime": "2024-01-20 15:11:32", "elapsed": 2860.420508, "delta": 0.002914}}
{"target": -19.145746369870906, "params": {"colsample_bytree": 0.9330573096586675, "eta": 0.06188579637118735, "gamma": 265.88460090718, "max_depth": 4.0, "min_child_weight": 4517.640362588632, "num_boost_round": 13.0, "subsample": 0.35458291295252453}, "datetime": {"datetime": "2024-01-20 15:11:32", "elapsed": 2860.423403, "delta": 0.002895}}
{"target": -19.145937482185765, "params": {"colsample_bytree": 0.9330573096586675, "eta": 0.06188579637118735, "gamma": 265.88460090718, "max_depth": 4.0, "min_child_weight": 4517.640362588632, "num_boost_round": 14.0, "subsample": 0.35458291295252453}, "datetime": {"datetime": "2024-01-20 15:11:32", "elapsed": 2860.426285, "delta": 0.002882}}
{"target": -19.146437473991064, "params": {"colsample_bytree": 0.9330573096586675, "eta": 0.06188579637118735, "gamma": 265.88460090718, "max_depth": 4.0, "min_child_weight": 4517.640362588632, "num_boost_round": 15.0, "subsample": 0.35458291295252453}, "datetime": {"datetime": "2024-01-20 15:11:32", "elapsed": 2860.429202, "delta": 0.002917}}
{"target": -19.14675955558986, "params": {"colsample_bytree": 0.9330573096586675, "eta": 0.06188579637118735, "gamma": 265.88460090718, "max_depth": 4.0, "min_child_weight": 4517.640362588632, "num_boost_round": 16.0, "subsample": 0.35458291295252453}, "datetime": {"datetime": "2024-01-20 15:11:32", "elapsed": 2860.432054, "delta": 0.002852}}
{"target": -19.14707831066461, "params": {"colsample_bytree": 0.9330573096586675, "eta": 0.06188579637118735, "gamma": 265.88460090718, "max_depth": 4.0, "min_child_weight": 4517.640362588632, "num_boost_round": 17.0, "subsample": 0.35458291295252453}, "datetime": {"datetime": "2024-01-20 15:11:32", "elapsed": 2860.434899, "delta": 0.002845}}
{"target": -19.147391338303116, "params": {"colsample_bytree": 0.9330573096586675, "eta": 0.06188579637118735, "gamma": 265.88460090718, "max_depth": 4.0, "min_child_weight": 4517.640362588632, "num_boost_round": 18.0, "subsample": 0.35458291295252453}, "datetime": {"datetime": "2024-01-20 15:11:32", "elapsed": 2860.437808, "delta": 0.002909}}
{"target": -19.147650608087353, "params": {"colsample_bytree": 0.9330573096586675, "eta": 0.06188579637118735, "gamma": 265.88460090718, "max_depth": 4.0, "min_child_weight": 4517.640362588632, "num_boost_round": 19.0, "subsample": 0.35458291295252453}, "datetime": {"datetime": "2024-01-20 15:11:32", "elapsed": 2860.440872, "delta": 0.003064}}
{"target": -19.14778189685353, "params": {"colsample_bytree": 0.9330573096586675, "eta": 0.06188579637118735, "gamma": 265.88460090718, "max_depth": 4.0, "min_child_weight": 4517.640362588632, "num_boost_round": 20.0, "subsample": 0.35458291295252453}, "datetime": {"datetime": "2024-01-20 15:11:32", "elapsed": 2860.443773, "delta": 0.002901}}
{"target": -19.148315055905652, "params": {"colsample_bytree": 0.9330573096586675, "eta": 0.06188579637118735, "gamma": 265.88460090718, "max_depth": 4.0, "min_child_weight": 4517.640362588632, "num_boost_round": 21.0, "subsample": 0.35458291295252453}, "datetime": {"datetime": "2024-01-20 15:11:32", "elapsed": 2860.446692, "delta": 0.002919}}
{"target": -19.148310011503817, "params": {"colsample_bytree": 0.9330573096586675, "eta": 0.06188579637118735, "gamma": 265.88460090718, "max_depth": 4.0, "min_child_weight": 4517.640362588632, "num_boost_round": 22.0, "subsample": 0.35458291295252453}, "datetime": {"datetime": "2024-01-20 15:11:32", "elapsed": 2860.449573, "delta": 0.002881}}
{"target": -19.14866693330747, "params": {"colsample_bytree": 0.9330573096586675, "eta": 0.06188579637118735, "gamma": 265.88460090718, "max_depth": 4.0, "min_child_weight": 4517.640362588632, "num_boost_round": 23.0, "subsample": 0.35458291295252453}, "datetime": {"datetime": "2024-01-20 15:11:32", "elapsed": 2860.452431, "delta": 0.002858}}
{"target": -19.14885618693883, "params": {"colsample_bytree": 0.9330573096586675, "eta": 0.06188579637118735, "gamma": 265.88460090718, "max_depth": 4.0, "min_child_weight": 4517.640362588632, "num_boost_round": 24.0, "subsample": 0.35458291295252453}, "datetime": {"datetime": "2024-01-20 15:11:32", "elapsed": 2860.455358, "delta": 0.002927}}
{"target": -19.149214287048252, "params": {"colsample_bytree": 0.9330573096586675, "eta": 0.06188579637118735, "gamma": 265.88460090718, "max_depth": 4.0, "min_child_weight": 4517.640362588632, "num_boost_round": 25.0, "subsample": 0.35458291295252453}, "datetime": {"datetime": "2024-01-20 15:11:32", "elapsed": 2860.458252, "delta": 0.002894}}
{"target": -19.149371728202173, "params": {"colsample_bytree": 0.9330573096586675, "eta": 0.06188579637118735, "gamma": 265.88460090718, "max_depth": 4.0, "min_child_weight": 4517.640362588632, "num_boost_round": 26.0, "subsample": 0.35458291295252453}, "datetime": {"datetime": "2024-01-20 15:11:32", "elapsed": 2860.461156, "delta": 0.002904}}
{"target": -19.149848520491787, "params": {"colsample_bytree": 0.9330573096586675, "eta": 0.06188579637118735, "gamma": 265.88460090718, "max_depth": 4.0, "min_child_weight": 4517.640362588632, "num_boost_round": 27.0, "subsample": 0.35458291295252453}, "datetime": {"datetime": "2024-01-20 15:11:32", "elapsed": 2860.4641, "delta": 0.002944}}
{"target": -19.150051859299193, "params": {"colsample_bytree": 0.9330573096586675, "eta": 0.06188579637118735, "gamma": 265.88460090718, "max_depth": 4.0, "min_child_weight": 4517.640362588632, "num_boost_round": 28.0, "subsample": 0.35458291295252453}, "datetime": {"datetime": "2024-01-20 15:11:32", "elapsed": 2860.467206, "delta": 0.003106}}
{"target": -19.15038881364041, "params": {"colsample_bytree": 0.9330573096586675, "eta": 0.06188579637118735, "gamma": 265.88460090718, "max_depth": 4.0, "min_child_weight": 4517.640362588632, "num_boost_round": 29.0, "subsample": 0.35458291295252453}, "datetime": {"datetime": "2024-01-20 15:11:32", "elapsed": 2860.470253, "delta": 0.003047}}
{"target": -19.150602349451404, "params": {"colsample_bytree": 0.9330573096586675, "eta": 0.06188579637118735, "gamma": 265.88460090718, "max_depth": 4.0, "min_child_weight": 4517.640362588632, "num_boost_round": 30.0, "subsample": 0.35458291295252453}, "datetime": {"datetime": "2024-01-20 15:11:32", "elapsed": 2860.473172, "delta": 0.002919}}
{"target": -19.150843419582667, "params": {"colsample_bytree": 0.9330573096586675, "eta": 0.06188579637118735, "gamma": 265.88460090718, "max_depth": 4.0, "min_child_weight": 4517.640362588632, "num_boost_round": 31.0, "subsample": 0.35458291295252453}, "datetime": {"datetime": "2024-01-20 15:11:32", "elapsed": 2860.476308, "delta": 0.003136}}
{"target": -19.151126621294246, "params": {"colsample_bytree": 0.9330573096586675, "eta": 0.06188579637118735, "gamma": 265.88460090718, "max_depth": 4.0, "min_child_weight": 4517.640362588632, "num_boost_round": 32.0, "subsample": 0.35458291295252453}, "datetime": {"datetime": "2024-01-20 15:11:32", "elapsed": 2860.479184, "delta": 0.002876}}
{"target": -19.151472685275586, "params": {"colsample_bytree": 0.9330573096586675, "eta": 0.06188579637118735, "gamma": 265.88460090718, "max_depth": 4.0, "min_child_weight": 4517.640362588632, "num_boost_round": 33.0, "subsample": 0.35458291295252453}, "datetime": {"datetime": "2024-01-20 15:11:32", "elapsed": 2860.482092, "delta": 0.002908}}
{"target": -19.151766041478034, "params": {"colsample_bytree": 0.9330573096586675, "eta": 0.06188579637118735, "gamma": 265.88460090718, "max_depth": 4.0, "min_child_weight": 4517.640362588632, "num_boost_round": 34.0, "subsample": 0.35458291295252453}, "datetime": {"datetime": "2024-01-20 15:11:32", "elapsed": 2860.484969, "delta": 0.002877}}
{"target": -19.152056144789228, "params": {"colsample_bytree": 0.9330573096586675, "eta": 0.06188579637118735, "gamma": 265.88460090718, "max_depth": 4.0, "min_child_weight": 4517.640362588632, "num_boost_round": 35.0, "subsample": 0.35458291295252453}, "datetime": {"datetime": "2024-01-20 15:11:32", "elapsed": 2860.487934, "delta": 0.002965}}
{"target": -19.15234961649753, "params": {"colsample_bytree": 0.9330573096586675, "eta": 0.06188579637118735, "gamma": 265.88460090718, "max_depth": 4.0, "min_child_weight": 4517.640362588632, "num_boost_round": 36.0, "subsample": 0.35458291295252453}, "datetime": {"datetime": "2024-01-20 15:11:32", "elapsed": 2860.490826, "delta": 0.002892}}
{"target": -19.152902030970083, "params": {"colsample_bytree": 0.9330573096586675, "eta": 0.06188579637118735, "gamma": 265.88460090718, "max_depth": 4.0, "min_child_weight": 4517.640362588632, "num_boost_round": 37.0, "subsample": 0.35458291295252453}, "datetime": {"datetime": "2024-01-20 15:11:32", "elapsed": 2860.493728, "delta": 0.002902}}
{"target": -19.15316261563187, "params": {"colsample_bytree": 0.9330573096586675, "eta": 0.06188579637118735, "gamma": 265.88460090718, "max_depth": 4.0, "min_child_weight": 4517.640362588632, "num_boost_round": 38.0, "subsample": 0.35458291295252453}, "datetime": {"datetime": "2024-01-20 15:11:32", "elapsed": 2860.496653, "delta": 0.002925}}
{"target": -19.153469247318945, "params": {"colsample_bytree": 0.9330573096586675, "eta": 0.06188579637118735, "gamma": 265.88460090718, "max_depth": 4.0, "min_child_weight": 4517.640362588632, "num_boost_round": 39.0, "subsample": 0.35458291295252453}, "datetime": {"datetime": "2024-01-20 15:11:32", "elapsed": 2860.49956, "delta": 0.002907}}
{"target": -19.153961717753788, "params": {"colsample_bytree": 0.9330573096586675, "eta": 0.06188579637118735, "gamma": 265.88460090718, "max_depth": 4.0, "min_child_weight": 4517.640362588632, "num_boost_round": 40.0, "subsample": 0.35458291295252453}, "datetime": {"datetime": "2024-01-20 15:11:32", "elapsed": 2860.502476, "delta": 0.002916}}
{"target": -19.15423529202492, "params": {"colsample_bytree": 0.9330573096586675, "eta": 0.06188579637118735, "gamma": 265.88460090718, "max_depth": 4.0, "min_child_weight": 4517.640362588632, "num_boost_round": 41.0, "subsample": 0.35458291295252453}, "datetime": {"datetime": "2024-01-20 15:11:32", "elapsed": 2860.505398, "delta": 0.002922}}
{"target": -19.154459218133667, "params": {"colsample_bytree": 0.9330573096586675, "eta": 0.06188579637118735, "gamma": 265.88460090718, "max_depth": 4.0, "min_child_weight": 4517.640362588632, "num_boost_round": 42.0, "subsample": 0.35458291295252453}, "datetime": {"datetime": "2024-01-20 15:11:32", "elapsed": 2860.508336, "delta": 0.002938}}
{"target": -19.15467542831841, "params": {"colsample_bytree": 0.9330573096586675, "eta": 0.06188579637118735, "gamma": 265.88460090718, "max_depth": 4.0, "min_child_weight": 4517.640362588632, "num_boost_round": 43.0, "subsample": 0.35458291295252453}, "datetime": {"datetime": "2024-01-20 15:11:32", "elapsed": 2860.51141, "delta": 0.003074}}
{"target": -19.154574758039217, "params": {"colsample_bytree": 0.9330573096586675, "eta": 0.06188579637118735, "gamma": 265.88460090718, "max_depth": 4.0, "min_child_weight": 4517.640362588632, "num_boost_round": 44.0, "subsample": 0.35458291295252453}, "datetime": {"datetime": "2024-01-20 15:11:32", "elapsed": 2860.514317, "delta": 0.002907}}
{"target": -19.154950049651887, "params": {"colsample_bytree": 0.9330573096586675, "eta": 0.06188579637118735, "gamma": 265.88460090718, "max_depth": 4.0, "min_child_weight": 4517.640362588632, "num_boost_round": 45.0, "subsample": 0.35458291295252453}, "datetime": {"datetime": "2024-01-20 15:11:32", "elapsed": 2860.51732, "delta": 0.003003}}
{"target": -19.155041092352313, "params": {"colsample_bytree": 0.9330573096586675, "eta": 0.06188579637118735, "gamma": 265.88460090718, "max_depth": 4.0, "min_child_weight": 4517.640362588632, "num_boost_round": 46.0, "subsample": 0.35458291295252453}, "datetime": {"datetime": "2024-01-20 15:11:32", "elapsed": 2860.520194, "delta": 0.002874}}
{"target": -19.15535861114562, "params": {"colsample_bytree": 0.9330573096586675, "eta": 0.06188579637118735, "gamma": 265.88460090718, "max_depth": 4.0, "min_child_weight": 4517.640362588632, "num_boost_round": 47.0, "subsample": 0.35458291295252453}, "datetime": {"datetime": "2024-01-20 15:11:32", "elapsed": 2860.523139, "delta": 0.002945}}
{"target": -19.155481327439816, "params": {"colsample_bytree": 0.9330573096586675, "eta": 0.06188579637118735, "gamma": 265.88460090718, "max_depth": 4.0, "min_child_weight": 4517.640362588632, "num_boost_round": 48.0, "subsample": 0.35458291295252453}, "datetime": {"datetime": "2024-01-20 15:11:32", "elapsed": 2860.526061, "delta": 0.002922}}
{"target": -19.155826540739014, "params": {"colsample_bytree": 0.9330573096586675, "eta": 0.06188579637118735, "gamma": 265.88460090718, "max_depth": 4.0, "min_child_weight": 4517.640362588632, "num_boost_round": 49.0, "subsample": 0.35458291295252453}, "datetime": {"datetime": "2024-01-20 15:11:32", "elapsed": 2860.529028, "delta": 0.002967}}
{"target": -19.15597105298871, "params": {"colsample_bytree": 0.9330573096586675, "eta": 0.06188579637118735, "gamma": 265.88460090718, "max_depth": 4.0, "min_child_weight": 4517.640362588632, "num_boost_round": 50.0, "subsample": 0.35458291295252453}, "datetime": {"datetime": "2024-01-20 15:11:32", "elapsed": 2860.531938, "delta": 0.00291}}
{"target": -19.155933339855196, "params": {"colsample_bytree": 0.9330573096586675, "eta": 0.06188579637118735, "gamma": 265.88460090718, "max_depth": 4.0, "min_child_weight": 4517.640362588632, "num_boost_round": 51.0, "subsample": 0.35458291295252453}, "datetime": {"datetime": "2024-01-20 15:11:32", "elapsed": 2860.534834, "delta": 0.002896}}
{"target": -19.156234247952987, "params": {"colsample_bytree": 0.9330573096586675, "eta": 0.06188579637118735, "gamma": 265.88460090718, "max_depth": 4.0, "min_child_weight": 4517.640362588632, "num_boost_round": 52.0, "subsample": 0.35458291295252453}, "datetime": {"datetime": "2024-01-20 15:11:32", "elapsed": 2860.537785, "delta": 0.002951}}
{"target": -19.15656598712309, "params": {"colsample_bytree": 0.9330573096586675, "eta": 0.06188579637118735, "gamma": 265.88460090718, "max_depth": 4.0, "min_child_weight": 4517.640362588632, "num_boost_round": 53.0, "subsample": 0.35458291295252453}, "datetime": {"datetime": "2024-01-20 15:11:32", "elapsed": 2860.540679, "delta": 0.002894}}
{"target": -19.15660559961114, "params": {"colsample_bytree": 0.9330573096586675, "eta": 0.06188579637118735, "gamma": 265.88460090718, "max_depth": 4.0, "min_child_weight": 4517.640362588632, "num_boost_round": 54.0, "subsample": 0.35458291295252453}, "datetime": {"datetime": "2024-01-20 15:11:32", "elapsed": 2860.543835, "delta": 0.003156}}
{"target": -19.157040050292796, "params": {"colsample_bytree": 0.9330573096586675, "eta": 0.06188579637118735, "gamma": 265.88460090718, "max_depth": 4.0, "min_child_weight": 4517.640362588632, "num_boost_round": 55.0, "subsample": 0.35458291295252453}, "datetime": {"datetime": "2024-01-20 15:11:32", "elapsed": 2860.546824, "delta": 0.002989}}
{"target": -19.157296056577824, "params": {"colsample_bytree": 0.9330573096586675, "eta": 0.06188579637118735, "gamma": 265.88460090718, "max_depth": 4.0, "min_child_weight": 4517.640362588632, "num_boost_round": 56.0, "subsample": 0.35458291295252453}, "datetime": {"datetime": "2024-01-20 15:11:32", "elapsed": 2860.549739, "delta": 0.002915}}
{"target": -19.157459386641893, "params": {"colsample_bytree": 0.9330573096586675, "eta": 0.06188579637118735, "gamma": 265.88460090718, "max_depth": 4.0, "min_child_weight": 4517.640362588632, "num_boost_round": 57.0, "subsample": 0.35458291295252453}, "datetime": {"datetime": "2024-01-20 15:11:32", "elapsed": 2860.552654, "delta": 0.002915}}
{"target": -19.157715396289703, "params": {"colsample_bytree": 0.9330573096586675, "eta": 0.06188579637118735, "gamma": 265.88460090718, "max_depth": 4.0, "min_child_weight": 4517.640362588632, "num_boost_round": 58.0, "subsample": 0.35458291295252453}, "datetime": {"datetime": "2024-01-20 15:11:32", "elapsed": 2860.555609, "delta": 0.002955}}
{"target": -19.157870409797376, "params": {"colsample_bytree": 0.9330573096586675, "eta": 0.06188579637118735, "gamma": 265.88460090718, "max_depth": 4.0, "min_child_weight": 4517.640362588632, "num_boost_round": 59.0, "subsample": 0.35458291295252453}, "datetime": {"datetime": "2024-01-20 15:11:32", "elapsed": 2860.558548, "delta": 0.002939}}
{"target": -19.157971004681812, "params": {"colsample_bytree": 0.9330573096586675, "eta": 0.06188579637118735, "gamma": 265.88460090718, "max_depth": 4.0, "min_child_weight": 4517.640362588632, "num_boost_round": 60.0, "subsample": 0.35458291295252453}, "datetime": {"datetime": "2024-01-20 15:11:32", "elapsed": 2860.561484, "delta": 0.002936}}
{"target": -19.158196381066332, "params": {"colsample_bytree": 0.9330573096586675, "eta": 0.06188579637118735, "gamma": 265.88460090718, "max_depth": 4.0, "min_child_weight": 4517.640362588632, "num_boost_round": 61.0, "subsample": 0.35458291295252453}, "datetime": {"datetime": "2024-01-20 15:11:32", "elapsed": 2860.564465, "delta": 0.002981}}
{"target": -19.143119231388127, "params": {"colsample_bytree": 0.470634755811124, "eta": 0.09037026283262824, "gamma": 137.8164883104288, "max_depth": 2.0, "min_child_weight": 4490.3993343285165, "num_boost_round": 1.0, "subsample": 0.4766040548908518}, "datetime": {"datetime": "2024-01-20 15:12:15", "elapsed": 2903.299747, "delta": 42.735282}}
{"target": -19.142899871269712, "params": {"colsample_bytree": 0.470634755811124, "eta": 0.09037026283262824, "gamma": 137.8164883104288, "max_depth": 2.0, "min_child_weight": 4490.3993343285165, "num_boost_round": 2.0, "subsample": 0.4766040548908518}, "datetime": {"datetime": "2024-01-20 15:12:15", "elapsed": 2903.303858, "delta": 0.004111}}
{"target": -19.14271227190407, "params": {"colsample_bytree": 0.470634755811124, "eta": 0.09037026283262824, "gamma": 137.8164883104288, "max_depth": 2.0, "min_child_weight": 4490.3993343285165, "num_boost_round": 3.0, "subsample": 0.4766040548908518}, "datetime": {"datetime": "2024-01-20 15:12:15", "elapsed": 2903.306905, "delta": 0.003047}}
{"target": -19.142154164788497, "params": {"colsample_bytree": 0.470634755811124, "eta": 0.09037026283262824, "gamma": 137.8164883104288, "max_depth": 2.0, "min_child_weight": 4490.3993343285165, "num_boost_round": 4.0, "subsample": 0.4766040548908518}, "datetime": {"datetime": "2024-01-20 15:12:15", "elapsed": 2903.309807, "delta": 0.002902}}
{"target": -19.142633741578607, "params": {"colsample_bytree": 0.470634755811124, "eta": 0.09037026283262824, "gamma": 137.8164883104288, "max_depth": 2.0, "min_child_weight": 4490.3993343285165, "num_boost_round": 5.0, "subsample": 0.4766040548908518}, "datetime": {"datetime": "2024-01-20 15:12:15", "elapsed": 2903.32696, "delta": 0.017153}}
{"target": -19.14227801814888, "params": {"colsample_bytree": 0.470634755811124, "eta": 0.09037026283262824, "gamma": 137.8164883104288, "max_depth": 2.0, "min_child_weight": 4490.3993343285165, "num_boost_round": 6.0, "subsample": 0.4766040548908518}, "datetime": {"datetime": "2024-01-20 15:12:15", "elapsed": 2903.329888, "delta": 0.002928}}
{"target": -19.14235875839841, "params": {"colsample_bytree": 0.470634755811124, "eta": 0.09037026283262824, "gamma": 137.8164883104288, "max_depth": 2.0, "min_child_weight": 4490.3993343285165, "num_boost_round": 7.0, "subsample": 0.4766040548908518}, "datetime": {"datetime": "2024-01-20 15:12:15", "elapsed": 2903.332801, "delta": 0.002913}}
{"target": -19.142391988124544, "params": {"colsample_bytree": 0.470634755811124, "eta": 0.09037026283262824, "gamma": 137.8164883104288, "max_depth": 2.0, "min_child_weight": 4490.3993343285165, "num_boost_round": 8.0, "subsample": 0.4766040548908518}, "datetime": {"datetime": "2024-01-20 15:12:15", "elapsed": 2903.335703, "delta": 0.002902}}
{"target": -19.142541206150057, "params": {"colsample_bytree": 0.470634755811124, "eta": 0.09037026283262824, "gamma": 137.8164883104288, "max_depth": 2.0, "min_child_weight": 4490.3993343285165, "num_boost_round": 9.0, "subsample": 0.4766040548908518}, "datetime": {"datetime": "2024-01-20 15:12:15", "elapsed": 2903.338665, "delta": 0.002962}}
{"target": -19.142250020014817, "params": {"colsample_bytree": 0.470634755811124, "eta": 0.09037026283262824, "gamma": 137.8164883104288, "max_depth": 2.0, "min_child_weight": 4490.3993343285165, "num_boost_round": 10.0, "subsample": 0.4766040548908518}, "datetime": {"datetime": "2024-01-20 15:12:15", "elapsed": 2903.341609, "delta": 0.002944}}
{"target": -19.142062513028165, "params": {"colsample_bytree": 0.470634755811124, "eta": 0.09037026283262824, "gamma": 137.8164883104288, "max_depth": 2.0, "min_child_weight": 4490.3993343285165, "num_boost_round": 11.0, "subsample": 0.4766040548908518}, "datetime": {"datetime": "2024-01-20 15:12:15", "elapsed": 2903.344546, "delta": 0.002937}}
{"target": -19.142454166980215, "params": {"colsample_bytree": 0.470634755811124, "eta": 0.09037026283262824, "gamma": 137.8164883104288, "max_depth": 2.0, "min_child_weight": 4490.3993343285165, "num_boost_round": 12.0, "subsample": 0.4766040548908518}, "datetime": {"datetime": "2024-01-20 15:12:15", "elapsed": 2903.348281, "delta": 0.003735}}
{"target": -19.142619117609602, "params": {"colsample_bytree": 0.470634755811124, "eta": 0.09037026283262824, "gamma": 137.8164883104288, "max_depth": 2.0, "min_child_weight": 4490.3993343285165, "num_boost_round": 13.0, "subsample": 0.4766040548908518}, "datetime": {"datetime": "2024-01-20 15:12:15", "elapsed": 2903.351521, "delta": 0.00324}}
