{"target": -10.475218754433827, "params": {"colsample_bytree": 0.6834054481515544, "eta": 0.08056311830540797, "gamma": 461.52129653010843, "max_depth": 7.0, "min_child_weight": 4655.7803150114205, "num_boost_round": 9.0, "subsample": 0.1146273747341726}, "datetime": {"datetime": "2024-01-20 15:10:07", "elapsed": 6299.067548, "delta": 0.004939}}
{"target": -10.475308796405333, "params": {"colsample_bytree": 0.6834054481515544, "eta": 0.08056311830540797, "gamma": 461.52129653010843, "max_depth": 7.0, "min_child_weight": 4655.7803150114205, "num_boost_round": 10.0, "subsample": 0.1146273747341726}, "datetime": {"datetime": "2024-01-20 15:10:07", "elapsed": 6299.072804, "delta": 0.005256}}
{"target": -10.475540981636621, "params": {"colsample_bytree": 0.6834054481515544, "eta": 0.08056311830540797, "gamma": 461.52129653010843, "max_depth": 7.0, "min_child_weight": 4655.7803150114205, "num_boost_round": 11.0, "subsample": 0.1146273747341726}, "datetime": {"datetime": "2024-01-20 15:10:07", "elapsed": 6299.077705, "delta": 0.004901}}
{"target": -10.47566051769718, "params": {"colsample_bytree": 0.6834054481515544, "eta": 0.08056311830540797, "gamma": 461.52129653010843, "max_depth": 7.0, "min_child_weight": 4655.7803150114205, "num_boost_round": 12.0, "subsample": 0.1146273747341726}, "datetime": {"datetime": "2024-01-20 15:10:07", "elapsed": 6299.082695, "delta": 0.00499}}
{"target": -10.475732103923935, "params": {"colsample_bytree": 0.6834054481515544, "eta": 0.08056311830540797, "gamma": 461.52129653010843, "max_depth": 7.0, "min_child_weight": 4655.7803150114205, "num_boost_round": 13.0, "subsample": 0.1146273747341726}, "datetime": {"datetime": "2024-01-20 15:10:07", "elapsed": 6299.087692, "delta": 0.004997}}
{"target": -10.47631282606098, "params": {"colsample_bytree": 0.6834054481515544, "eta": 0.08056311830540797, "gamma": 461.52129653010843, "max_depth": 7.0, "min_child_weight": 4655.7803150114205, "num_boost_round": 14.0, "subsample": 0.1146273747341726}, "datetime": {"datetime": "2024-01-20 15:10:07", "elapsed": 6299.092967, "delta": 0.005275}}
{"target": -10.476260550691626, "params": {"colsample_bytree": 0.6834054481515544, "eta": 0.08056311830540797, "gamma": 461.52129653010843, "max_depth": 7.0, "min_child_weight": 4655.7803150114205, "num_boost_round": 15.0, "subsample": 0.1146273747341726}, "datetime": {"datetime": "2024-01-20 15:10:07", "elapsed": 6299.097891, "delta": 0.004924}}
{"target": -10.476444361387227, "params": {"colsample_bytree": 0.6834054481515544, "eta": 0.08056311830540797, "gamma": 461.52129653010843, "max_depth": 7.0, "min_child_weight": 4655.7803150114205, "num_boost_round": 16.0, "subsample": 0.1146273747341726}, "datetime": {"datetime": "2024-01-20 15:10:07", "elapsed": 6299.102848, "delta": 0.004957}}
{"target": -10.476478146561918, "params": {"colsample_bytree": 0.6834054481515544, "eta": 0.08056311830540797, "gamma": 461.52129653010843, "max_depth": 7.0, "min_child_weight": 4655.7803150114205, "num_boost_round": 17.0, "subsample": 0.1146273747341726}, "datetime": {"datetime": "2024-01-20 15:10:07", "elapsed": 6299.107793, "delta": 0.004945}}
{"target": -10.476626929137831, "params": {"colsample_bytree": 0.6834054481515544, "eta": 0.08056311830540797, "gamma": 461.52129653010843, "max_depth": 7.0, "min_child_weight": 4655.7803150114205, "num_boost_round": 18.0, "subsample": 0.1146273747341726}, "datetime": {"datetime": "2024-01-20 15:10:07", "elapsed": 6299.113045, "delta": 0.005252}}
{"target": -10.476798130826857, "params": {"colsample_bytree": 0.6834054481515544, "eta": 0.08056311830540797, "gamma": 461.52129653010843, "max_depth": 7.0, "min_child_weight": 4655.7803150114205, "num_boost_round": 19.0, "subsample": 0.1146273747341726}, "datetime": {"datetime": "2024-01-20 15:10:07", "elapsed": 6299.11802, "delta": 0.004975}}
{"target": -10.476934063378263, "params": {"colsample_bytree": 0.6834054481515544, "eta": 0.08056311830540797, "gamma": 461.52129653010843, "max_depth": 7.0, "min_child_weight": 4655.7803150114205, "num_boost_round": 20.0, "subsample": 0.1146273747341726}, "datetime": {"datetime": "2024-01-20 15:10:07", "elapsed": 6299.122974, "delta": 0.004954}}
{"target": -10.477533863548778, "params": {"colsample_bytree": 0.6834054481515544, "eta": 0.08056311830540797, "gamma": 461.52129653010843, "max_depth": 7.0, "min_child_weight": 4655.7803150114205, "num_boost_round": 21.0, "subsample": 0.1146273747341726}, "datetime": {"datetime": "2024-01-20 15:10:07", "elapsed": 6299.127947, "delta": 0.004973}}
{"target": -10.477764372680582, "params": {"colsample_bytree": 0.6834054481515544, "eta": 0.08056311830540797, "gamma": 461.52129653010843, "max_depth": 7.0, "min_child_weight": 4655.7803150114205, "num_boost_round": 22.0, "subsample": 0.1146273747341726}, "datetime": {"datetime": "2024-01-20 15:10:07", "elapsed": 6299.133135, "delta": 0.005188}}
{"target": -10.478170695647943, "params": {"colsample_bytree": 0.6834054481515544, "eta": 0.08056311830540797, "gamma": 461.52129653010843, "max_depth": 7.0, "min_child_weight": 4655.7803150114205, "num_boost_round": 23.0, "subsample": 0.1146273747341726}, "datetime": {"datetime": "2024-01-20 15:10:07", "elapsed": 6299.138136, "delta": 0.005001}}
{"target": -10.478309814542827, "params": {"colsample_bytree": 0.6834054481515544, "eta": 0.08056311830540797, "gamma": 461.52129653010843, "max_depth": 7.0, "min_child_weight": 4655.7803150114205, "num_boost_round": 24.0, "subsample": 0.1146273747341726}, "datetime": {"datetime": "2024-01-20 15:10:07", "elapsed": 6299.14313, "delta": 0.004994}}
{"target": -10.478437825600135, "params": {"colsample_bytree": 0.6834054481515544, "eta": 0.08056311830540797, "gamma": 461.52129653010843, "max_depth": 7.0, "min_child_weight": 4655.7803150114205, "num_boost_round": 25.0, "subsample": 0.1146273747341726}, "datetime": {"datetime": "2024-01-20 15:10:07", "elapsed": 6299.148, "delta": 0.00487}}
{"target": -10.479033693204762, "params": {"colsample_bytree": 0.6834054481515544, "eta": 0.08056311830540797, "gamma": 461.52129653010843, "max_depth": 7.0, "min_child_weight": 4655.7803150114205, "num_boost_round": 26.0, "subsample": 0.1146273747341726}, "datetime": {"datetime": "2024-01-20 15:10:07", "elapsed": 6299.153251, "delta": 0.005251}}
{"target": -10.479104345356266, "params": {"colsample_bytree": 0.6834054481515544, "eta": 0.08056311830540797, "gamma": 461.52129653010843, "max_depth": 7.0, "min_child_weight": 4655.7803150114205, "num_boost_round": 27.0, "subsample": 0.1146273747341726}, "datetime": {"datetime": "2024-01-20 15:10:07", "elapsed": 6299.158191, "delta": 0.00494}}
{"target": -10.479354938279421, "params": {"colsample_bytree": 0.6834054481515544, "eta": 0.08056311830540797, "gamma": 461.52129653010843, "max_depth": 7.0, "min_child_weight": 4655.7803150114205, "num_boost_round": 28.0, "subsample": 0.1146273747341726}, "datetime": {"datetime": "2024-01-20 15:10:07", "elapsed": 6299.163129, "delta": 0.004938}}
{"target": -10.479173103035516, "params": {"colsample_bytree": 0.6834054481515544, "eta": 0.08056311830540797, "gamma": 461.52129653010843, "max_depth": 7.0, "min_child_weight": 4655.7803150114205, "num_boost_round": 29.0, "subsample": 0.1146273747341726}, "datetime": {"datetime": "2024-01-20 15:10:07", "elapsed": 6299.16808, "delta": 0.004951}}
{"target": -10.479462379932922, "params": {"colsample_bytree": 0.6834054481515544, "eta": 0.08056311830540797, "gamma": 461.52129653010843, "max_depth": 7.0, "min_child_weight": 4655.7803150114205, "num_boost_round": 30.0, "subsample": 0.1146273747341726}, "datetime": {"datetime": "2024-01-20 15:10:07", "elapsed": 6299.173343, "delta": 0.005263}}
{"target": -10.479674303262476, "params": {"colsample_bytree": 0.6834054481515544, "eta": 0.08056311830540797, "gamma": 461.52129653010843, "max_depth": 7.0, "min_child_weight": 4655.7803150114205, "num_boost_round": 31.0, "subsample": 0.1146273747341726}, "datetime": {"datetime": "2024-01-20 15:10:07", "elapsed": 6299.178267, "delta": 0.004924}}
{"target": -10.479554164668293, "params": {"colsample_bytree": 0.6834054481515544, "eta": 0.08056311830540797, "gamma": 461.52129653010843, "max_depth": 7.0, "min_child_weight": 4655.7803150114205, "num_boost_round": 32.0, "subsample": 0.1146273747341726}, "datetime": {"datetime": "2024-01-20 15:10:07", "elapsed": 6299.183208, "delta": 0.004941}}
{"target": -10.47969825384051, "params": {"colsample_bytree": 0.6834054481515544, "eta": 0.08056311830540797, "gamma": 461.52129653010843, "max_depth": 7.0, "min_child_weight": 4655.7803150114205, "num_boost_round": 33.0, "subsample": 0.1146273747341726}, "datetime": {"datetime": "2024-01-20 15:10:07", "elapsed": 6299.188154, "delta": 0.004946}}
{"target": -10.479737821367785, "params": {"colsample_bytree": 0.6834054481515544, "eta": 0.08056311830540797, "gamma": 461.52129653010843, "max_depth": 7.0, "min_child_weight": 4655.7803150114205, "num_boost_round": 34.0, "subsample": 0.1146273747341726}, "datetime": {"datetime": "2024-01-20 15:10:07", "elapsed": 6299.19335, "delta": 0.005196}}
{"target": -10.479842228906008, "params": {"colsample_bytree": 0.6834054481515544, "eta": 0.08056311830540797, "gamma": 461.52129653010843, "max_depth": 7.0, "min_child_weight": 4655.7803150114205, "num_boost_round": 35.0, "subsample": 0.1146273747341726}, "datetime": {"datetime": "2024-01-20 15:10:07", "elapsed": 6299.198262, "delta": 0.004912}}
{"target": -10.480168804004588, "params": {"colsample_bytree": 0.6834054481515544, "eta": 0.08056311830540797, "gamma": 461.52129653010843, "max_depth": 7.0, "min_child_weight": 4655.7803150114205, "num_boost_round": 36.0, "subsample": 0.1146273747341726}, "datetime": {"datetime": "2024-01-20 15:10:07", "elapsed": 6299.20319, "delta": 0.004928}}
{"target": -10.480377274221006, "params": {"colsample_bytree": 0.6834054481515544, "eta": 0.08056311830540797, "gamma": 461.52129653010843, "max_depth": 7.0, "min_child_weight": 4655.7803150114205, "num_boost_round": 37.0, "subsample": 0.1146273747341726}, "datetime": {"datetime": "2024-01-20 15:10:07", "elapsed": 6299.208059, "delta": 0.004869}}
{"target": -10.480711356370968, "params": {"colsample_bytree": 0.6834054481515544, "eta": 0.08056311830540797, "gamma": 461.52129653010843, "max_depth": 7.0, "min_child_weight": 4655.7803150114205, "num_boost_round": 38.0, "subsample": 0.1146273747341726}, "datetime": {"datetime": "2024-01-20 15:10:07", "elapsed": 6299.213301, "delta": 0.005242}}
{"target": -10.480928266355749, "params": {"colsample_bytree": 0.6834054481515544, "eta": 0.08056311830540797, "gamma": 461.52129653010843, "max_depth": 7.0, "min_child_weight": 4655.7803150114205, "num_boost_round": 39.0, "subsample": 0.1146273747341726}, "datetime": {"datetime": "2024-01-20 15:10:07", "elapsed": 6299.219505, "delta": 0.006204}}
{"target": -10.48113173455605, "params": {"colsample_bytree": 0.6834054481515544, "eta": 0.08056311830540797, "gamma": 461.52129653010843, "max_depth": 7.0, "min_child_weight": 4655.7803150114205, "num_boost_round": 40.0, "subsample": 0.1146273747341726}, "datetime": {"datetime": "2024-01-20 15:10:07", "elapsed": 6299.224554, "delta": 0.005049}}
{"target": -10.481253138580989, "params": {"colsample_bytree": 0.6834054481515544, "eta": 0.08056311830540797, "gamma": 461.52129653010843, "max_depth": 7.0, "min_child_weight": 4655.7803150114205, "num_boost_round": 41.0, "subsample": 0.1146273747341726}, "datetime": {"datetime": "2024-01-20 15:10:07", "elapsed": 6299.229516, "delta": 0.004962}}
{"target": -10.481445170767099, "params": {"colsample_bytree": 0.6834054481515544, "eta": 0.08056311830540797, "gamma": 461.52129653010843, "max_depth": 7.0, "min_child_weight": 4655.7803150114205, "num_boost_round": 42.0, "subsample": 0.1146273747341726}, "datetime": {"datetime": "2024-01-20 15:10:07", "elapsed": 6299.234567, "delta": 0.005051}}
{"target": -10.481461921432647, "params": {"colsample_bytree": 0.6834054481515544, "eta": 0.08056311830540797, "gamma": 461.52129653010843, "max_depth": 7.0, "min_child_weight": 4655.7803150114205, "num_boost_round": 43.0, "subsample": 0.1146273747341726}, "datetime": {"datetime": "2024-01-20 15:10:07", "elapsed": 6299.239437, "delta": 0.00487}}
{"target": -10.481504875957617, "params": {"colsample_bytree": 0.6834054481515544, "eta": 0.08056311830540797, "gamma": 461.52129653010843, "max_depth": 7.0, "min_child_weight": 4655.7803150114205, "num_boost_round": 44.0, "subsample": 0.1146273747341726}, "datetime": {"datetime": "2024-01-20 15:10:07", "elapsed": 6299.244338, "delta": 0.004901}}
{"target": -10.481498076751931, "params": {"colsample_bytree": 0.6834054481515544, "eta": 0.08056311830540797, "gamma": 461.52129653010843, "max_depth": 7.0, "min_child_weight": 4655.7803150114205, "num_boost_round": 45.0, "subsample": 0.1146273747341726}, "datetime": {"datetime": "2024-01-20 15:10:07", "elapsed": 6299.249215, "delta": 0.004877}}
{"target": -10.481624124170324, "params": {"colsample_bytree": 0.6834054481515544, "eta": 0.08056311830540797, "gamma": 461.52129653010843, "max_depth": 7.0, "min_child_weight": 4655.7803150114205, "num_boost_round": 46.0, "subsample": 0.1146273747341726}, "datetime": {"datetime": "2024-01-20 15:10:07", "elapsed": 6299.2544, "delta": 0.005185}}
{"target": -10.481625631364764, "params": {"colsample_bytree": 0.6834054481515544, "eta": 0.08056311830540797, "gamma": 461.52129653010843, "max_depth": 7.0, "min_child_weight": 4655.7803150114205, "num_boost_round": 47.0, "subsample": 0.1146273747341726}, "datetime": {"datetime": "2024-01-20 15:10:07", "elapsed": 6299.259331, "delta": 0.004931}}
{"target": -10.481901449158759, "params": {"colsample_bytree": 0.6834054481515544, "eta": 0.08056311830540797, "gamma": 461.52129653010843, "max_depth": 7.0, "min_child_weight": 4655.7803150114205, "num_boost_round": 48.0, "subsample": 0.1146273747341726}, "datetime": {"datetime": "2024-01-20 15:10:07", "elapsed": 6299.26427, "delta": 0.004939}}
{"target": -10.48198583515955, "params": {"colsample_bytree": 0.6834054481515544, "eta": 0.08056311830540797, "gamma": 461.52129653010843, "max_depth": 7.0, "min_child_weight": 4655.7803150114205, "num_boost_round": 49.0, "subsample": 0.1146273747341726}, "datetime": {"datetime": "2024-01-20 15:10:07", "elapsed": 6299.269208, "delta": 0.004938}}
{"target": -10.482260741035335, "params": {"colsample_bytree": 0.6834054481515544, "eta": 0.08056311830540797, "gamma": 461.52129653010843, "max_depth": 7.0, "min_child_weight": 4655.7803150114205, "num_boost_round": 50.0, "subsample": 0.1146273747341726}, "datetime": {"datetime": "2024-01-20 15:10:07", "elapsed": 6299.274395, "delta": 0.005187}}
{"target": -10.482359160446649, "params": {"colsample_bytree": 0.6834054481515544, "eta": 0.08056311830540797, "gamma": 461.52129653010843, "max_depth": 7.0, "min_child_weight": 4655.7803150114205, "num_boost_round": 51.0, "subsample": 0.1146273747341726}, "datetime": {"datetime": "2024-01-20 15:10:07", "elapsed": 6299.279327, "delta": 0.004932}}
{"target": -10.482649775048344, "params": {"colsample_bytree": 0.6834054481515544, "eta": 0.08056311830540797, "gamma": 461.52129653010843, "max_depth": 7.0, "min_child_weight": 4655.7803150114205, "num_boost_round": 52.0, "subsample": 0.1146273747341726}, "datetime": {"datetime": "2024-01-20 15:10:07", "elapsed": 6299.284305, "delta": 0.004978}}
{"target": -10.482998158224587, "params": {"colsample_bytree": 0.6834054481515544, "eta": 0.08056311830540797, "gamma": 461.52129653010843, "max_depth": 7.0, "min_child_weight": 4655.7803150114205, "num_boost_round": 53.0, "subsample": 0.1146273747341726}, "datetime": {"datetime": "2024-01-20 15:10:07", "elapsed": 6299.289286, "delta": 0.004981}}
{"target": -10.483032115210758, "params": {"colsample_bytree": 0.6834054481515544, "eta": 0.08056311830540797, "gamma": 461.52129653010843, "max_depth": 7.0, "min_child_weight": 4655.7803150114205, "num_boost_round": 54.0, "subsample": 0.1146273747341726}, "datetime": {"datetime": "2024-01-20 15:10:07", "elapsed": 6299.294387, "delta": 0.005101}}
{"target": -10.482974152784966, "params": {"colsample_bytree": 0.6834054481515544, "eta": 0.08056311830540797, "gamma": 461.52129653010843, "max_depth": 7.0, "min_child_weight": 4655.7803150114205, "num_boost_round": 55.0, "subsample": 0.1146273747341726}, "datetime": {"datetime": "2024-01-20 15:10:07", "elapsed": 6299.299359, "delta": 0.004972}}
{"target": -10.48329726958712, "params": {"colsample_bytree": 0.6834054481515544, "eta": 0.08056311830540797, "gamma": 461.52129653010843, "max_depth": 7.0, "min_child_weight": 4655.7803150114205, "num_boost_round": 56.0, "subsample": 0.1146273747341726}, "datetime": {"datetime": "2024-01-20 15:10:07", "elapsed": 6299.304248, "delta": 0.004889}}
{"target": -10.483452735533408, "params": {"colsample_bytree": 0.6834054481515544, "eta": 0.08056311830540797, "gamma": 461.52129653010843, "max_depth": 7.0, "min_child_weight": 4655.7803150114205, "num_boost_round": 57.0, "subsample": 0.1146273747341726}, "datetime": {"datetime": "2024-01-20 15:10:07", "elapsed": 6299.309155, "delta": 0.004907}}
{"target": -10.483958668561641, "params": {"colsample_bytree": 0.6834054481515544, "eta": 0.08056311830540797, "gamma": 461.52129653010843, "max_depth": 7.0, "min_child_weight": 4655.7803150114205, "num_boost_round": 58.0, "subsample": 0.1146273747341726}, "datetime": {"datetime": "2024-01-20 15:10:07", "elapsed": 6299.31429, "delta": 0.005135}}
{"target": -10.484057334769698, "params": {"colsample_bytree": 0.6834054481515544, "eta": 0.08056311830540797, "gamma": 461.52129653010843, "max_depth": 7.0, "min_child_weight": 4655.7803150114205, "num_boost_round": 59.0, "subsample": 0.1146273747341726}, "datetime": {"datetime": "2024-01-20 15:10:07", "elapsed": 6299.319173, "delta": 0.004883}}
{"target": -10.484084003681787, "params": {"colsample_bytree": 0.6834054481515544, "eta": 0.08056311830540797, "gamma": 461.52129653010843, "max_depth": 7.0, "min_child_weight": 4655.7803150114205, "num_boost_round": 60.0, "subsample": 0.1146273747341726}, "datetime": {"datetime": "2024-01-20 15:10:07", "elapsed": 6299.324082, "delta": 0.004909}}
{"target": -10.48428260577419, "params": {"colsample_bytree": 0.6834054481515544, "eta": 0.08056311830540797, "gamma": 461.52129653010843, "max_depth": 7.0, "min_child_weight": 4655.7803150114205, "num_boost_round": 61.0, "subsample": 0.1146273747341726}, "datetime": {"datetime": "2024-01-20 15:10:07", "elapsed": 6299.32903, "delta": 0.004948}}
{"target": -10.484112176129319, "params": {"colsample_bytree": 0.6834054481515544, "eta": 0.08056311830540797, "gamma": 461.52129653010843, "max_depth": 7.0, "min_child_weight": 4655.7803150114205, "num_boost_round": 62.0, "subsample": 0.1146273747341726}, "datetime": {"datetime": "2024-01-20 15:10:07", "elapsed": 6299.334195, "delta": 0.005165}}
{"target": -10.484012533580984, "params": {"colsample_bytree": 0.6834054481515544, "eta": 0.08056311830540797, "gamma": 461.52129653010843, "max_depth": 7.0, "min_child_weight": 4655.7803150114205, "num_boost_round": 63.0, "subsample": 0.1146273747341726}, "datetime": {"datetime": "2024-01-20 15:10:07", "elapsed": 6299.339063, "delta": 0.004868}}
{"target": -10.483924729398268, "params": {"colsample_bytree": 0.6834054481515544, "eta": 0.08056311830540797, "gamma": 461.52129653010843, "max_depth": 7.0, "min_child_weight": 4655.7803150114205, "num_boost_round": 64.0, "subsample": 0.1146273747341726}, "datetime": {"datetime": "2024-01-20 15:10:07", "elapsed": 6299.344008, "delta": 0.004945}}
{"target": -10.484041025318762, "params": {"colsample_bytree": 0.6834054481515544, "eta": 0.08056311830540797, "gamma": 461.52129653010843, "max_depth": 7.0, "min_child_weight": 4655.7803150114205, "num_boost_round": 65.0, "subsample": 0.1146273747341726}, "datetime": {"datetime": "2024-01-20 15:10:07", "elapsed": 6299.348912, "delta": 0.004904}}
{"target": -10.484133477626433, "params": {"colsample_bytree": 0.6834054481515544, "eta": 0.08056311830540797, "gamma": 461.52129653010843, "max_depth": 7.0, "min_child_weight": 4655.7803150114205, "num_boost_round": 66.0, "subsample": 0.1146273747341726}, "datetime": {"datetime": "2024-01-20 15:10:07", "elapsed": 6299.353967, "delta": 0.005055}}
{"target": -10.484079162207653, "params": {"colsample_bytree": 0.6834054481515544, "eta": 0.08056311830540797, "gamma": 461.52129653010843, "max_depth": 7.0, "min_child_weight": 4655.7803150114205, "num_boost_round": 67.0, "subsample": 0.1146273747341726}, "datetime": {"datetime": "2024-01-20 15:10:07", "elapsed": 6299.358883, "delta": 0.004916}}
{"target": -10.484026483423992, "params": {"colsample_bytree": 0.6834054481515544, "eta": 0.08056311830540797, "gamma": 461.52129653010843, "max_depth": 7.0, "min_child_weight": 4655.7803150114205, "num_boost_round": 68.0, "subsample": 0.1146273747341726}, "datetime": {"datetime": "2024-01-20 15:10:07", "elapsed": 6299.363835, "delta": 0.004952}}
{"target": -10.48401009025751, "params": {"colsample_bytree": 0.6834054481515544, "eta": 0.08056311830540797, "gamma": 461.52129653010843, "max_depth": 7.0, "min_child_weight": 4655.7803150114205, "num_boost_round": 69.0, "subsample": 0.1146273747341726}, "datetime": {"datetime": "2024-01-20 15:10:07", "elapsed": 6299.368741, "delta": 0.004906}}
{"target": -10.484370590286076, "params": {"colsample_bytree": 0.6834054481515544, "eta": 0.08056311830540797, "gamma": 461.52129653010843, "max_depth": 7.0, "min_child_weight": 4655.7803150114205, "num_boost_round": 70.0, "subsample": 0.1146273747341726}, "datetime": {"datetime": "2024-01-20 15:10:07", "elapsed": 6299.373807, "delta": 0.005066}}
{"target": -10.48474844946383, "params": {"colsample_bytree": 0.6834054481515544, "eta": 0.08056311830540797, "gamma": 461.52129653010843, "max_depth": 7.0, "min_child_weight": 4655.7803150114205, "num_boost_round": 71.0, "subsample": 0.1146273747341726}, "datetime": {"datetime": "2024-01-20 15:10:07", "elapsed": 6299.379751, "delta": 0.005944}}
