{"target": -15.158566088747218, "params": {"colsample_bytree": 0.6669259522701216, "eta": 0.09734546493656945, "gamma": 620.5462910444077, "max_depth": 2.0, "min_child_weight": 4150.196100041584, "num_boost_round": 16.0, "subsample": 0.4691460262906787}, "datetime": {"datetime": "2024-01-20 15:40:48", "elapsed": 4606.045406, "delta": 0.004976}}
{"target": -15.157495903397095, "params": {"colsample_bytree": 0.6669259522701216, "eta": 0.09734546493656945, "gamma": 620.5462910444077, "max_depth": 2.0, "min_child_weight": 4150.196100041584, "num_boost_round": 17.0, "subsample": 0.4691460262906787}, "datetime": {"datetime": "2024-01-20 15:40:48", "elapsed": 4606.054202, "delta": 0.008796}}
{"target": -15.156680676637897, "params": {"colsample_bytree": 0.6669259522701216, "eta": 0.09734546493656945, "gamma": 620.5462910444077, "max_depth": 2.0, "min_child_weight": 4150.196100041584, "num_boost_round": 18.0, "subsample": 0.4691460262906787}, "datetime": {"datetime": "2024-01-20 15:40:48", "elapsed": 4606.05924, "delta": 0.005038}}
{"target": -15.156299106390177, "params": {"colsample_bytree": 0.6669259522701216, "eta": 0.09734546493656945, "gamma": 620.5462910444077, "max_depth": 2.0, "min_child_weight": 4150.196100041584, "num_boost_round": 19.0, "subsample": 0.4691460262906787}, "datetime": {"datetime": "2024-01-20 15:40:48", "elapsed": 4606.064152, "delta": 0.004912}}
{"target": -15.156607886187757, "params": {"colsample_bytree": 0.6669259522701216, "eta": 0.09734546493656945, "gamma": 620.5462910444077, "max_depth": 2.0, "min_child_weight": 4150.196100041584, "num_boost_round": 20.0, "subsample": 0.4691460262906787}, "datetime": {"datetime": "2024-01-20 15:40:48", "elapsed": 4606.068934, "delta": 0.004782}}
{"target": -15.1563155652526, "params": {"colsample_bytree": 0.6669259522701216, "eta": 0.09734546493656945, "gamma": 620.5462910444077, "max_depth": 2.0, "min_child_weight": 4150.196100041584, "num_boost_round": 21.0, "subsample": 0.4691460262906787}, "datetime": {"datetime": "2024-01-20 15:40:48", "elapsed": 4606.073884, "delta": 0.00495}}
{"target": -15.15622511919743, "params": {"colsample_bytree": 0.6669259522701216, "eta": 0.09734546493656945, "gamma": 620.5462910444077, "max_depth": 2.0, "min_child_weight": 4150.196100041584, "num_boost_round": 22.0, "subsample": 0.4691460262906787}, "datetime": {"datetime": "2024-01-20 15:40:48", "elapsed": 4606.078669, "delta": 0.004785}}
{"target": -15.156360400606395, "params": {"colsample_bytree": 0.6669259522701216, "eta": 0.09734546493656945, "gamma": 620.5462910444077, "max_depth": 2.0, "min_child_weight": 4150.196100041584, "num_boost_round": 23.0, "subsample": 0.4691460262906787}, "datetime": {"datetime": "2024-01-20 15:40:48", "elapsed": 4606.083597, "delta": 0.004928}}
{"target": -15.15616982953716, "params": {"colsample_bytree": 0.6669259522701216, "eta": 0.09734546493656945, "gamma": 620.5462910444077, "max_depth": 2.0, "min_child_weight": 4150.196100041584, "num_boost_round": 24.0, "subsample": 0.4691460262906787}, "datetime": {"datetime": "2024-01-20 15:40:48", "elapsed": 4606.088599, "delta": 0.005002}}
{"target": -15.156479303060713, "params": {"colsample_bytree": 0.6669259522701216, "eta": 0.09734546493656945, "gamma": 620.5462910444077, "max_depth": 2.0, "min_child_weight": 4150.196100041584, "num_boost_round": 25.0, "subsample": 0.4691460262906787}, "datetime": {"datetime": "2024-01-20 15:40:48", "elapsed": 4606.093619, "delta": 0.00502}}
{"target": -15.156759680296396, "params": {"colsample_bytree": 0.6669259522701216, "eta": 0.09734546493656945, "gamma": 620.5462910444077, "max_depth": 2.0, "min_child_weight": 4150.196100041584, "num_boost_round": 26.0, "subsample": 0.4691460262906787}, "datetime": {"datetime": "2024-01-20 15:40:48", "elapsed": 4606.098853, "delta": 0.005234}}
{"target": -15.156386723840727, "params": {"colsample_bytree": 0.6669259522701216, "eta": 0.09734546493656945, "gamma": 620.5462910444077, "max_depth": 2.0, "min_child_weight": 4150.196100041584, "num_boost_round": 27.0, "subsample": 0.4691460262906787}, "datetime": {"datetime": "2024-01-20 15:40:48", "elapsed": 4606.104635, "delta": 0.005782}}
{"target": -15.156411099578026, "params": {"colsample_bytree": 0.6669259522701216, "eta": 0.09734546493656945, "gamma": 620.5462910444077, "max_depth": 2.0, "min_child_weight": 4150.196100041584, "num_boost_round": 28.0, "subsample": 0.4691460262906787}, "datetime": {"datetime": "2024-01-20 15:40:48", "elapsed": 4606.109531, "delta": 0.004896}}
{"target": -15.15615574087072, "params": {"colsample_bytree": 0.6669259522701216, "eta": 0.09734546493656945, "gamma": 620.5462910444077, "max_depth": 2.0, "min_child_weight": 4150.196100041584, "num_boost_round": 29.0, "subsample": 0.4691460262906787}, "datetime": {"datetime": "2024-01-20 15:40:48", "elapsed": 4606.114555, "delta": 0.005024}}
{"target": -15.155897211883469, "params": {"colsample_bytree": 0.6669259522701216, "eta": 0.09734546493656945, "gamma": 620.5462910444077, "max_depth": 2.0, "min_child_weight": 4150.196100041584, "num_boost_round": 30.0, "subsample": 0.4691460262906787}, "datetime": {"datetime": "2024-01-20 15:40:48", "elapsed": 4606.1196, "delta": 0.005045}}
{"target": -15.15582427736032, "params": {"colsample_bytree": 0.6669259522701216, "eta": 0.09734546493656945, "gamma": 620.5462910444077, "max_depth": 2.0, "min_child_weight": 4150.196100041584, "num_boost_round": 31.0, "subsample": 0.4691460262906787}, "datetime": {"datetime": "2024-01-20 15:40:48", "elapsed": 4606.124472, "delta": 0.004872}}
{"target": -15.155923273332023, "params": {"colsample_bytree": 0.6669259522701216, "eta": 0.09734546493656945, "gamma": 620.5462910444077, "max_depth": 2.0, "min_child_weight": 4150.196100041584, "num_boost_round": 32.0, "subsample": 0.4691460262906787}, "datetime": {"datetime": "2024-01-20 15:40:48", "elapsed": 4606.12935, "delta": 0.004878}}
{"target": -15.15637539751085, "params": {"colsample_bytree": 0.6669259522701216, "eta": 0.09734546493656945, "gamma": 620.5462910444077, "max_depth": 2.0, "min_child_weight": 4150.196100041584, "num_boost_round": 33.0, "subsample": 0.4691460262906787}, "datetime": {"datetime": "2024-01-20 15:40:48", "elapsed": 4606.134243, "delta": 0.004893}}
{"target": -15.156915026349791, "params": {"colsample_bytree": 0.6669259522701216, "eta": 0.09734546493656945, "gamma": 620.5462910444077, "max_depth": 2.0, "min_child_weight": 4150.196100041584, "num_boost_round": 34.0, "subsample": 0.4691460262906787}, "datetime": {"datetime": "2024-01-20 15:40:48", "elapsed": 4606.139135, "delta": 0.004892}}
{"target": -15.157150580518664, "params": {"colsample_bytree": 0.6669259522701216, "eta": 0.09734546493656945, "gamma": 620.5462910444077, "max_depth": 2.0, "min_child_weight": 4150.196100041584, "num_boost_round": 35.0, "subsample": 0.4691460262906787}, "datetime": {"datetime": "2024-01-20 15:40:49", "elapsed": 4606.464818, "delta": 0.325683}}
{"target": -15.157640029310208, "params": {"colsample_bytree": 0.6669259522701216, "eta": 0.09734546493656945, "gamma": 620.5462910444077, "max_depth": 2.0, "min_child_weight": 4150.196100041584, "num_boost_round": 36.0, "subsample": 0.4691460262906787}, "datetime": {"datetime": "2024-01-20 15:40:49", "elapsed": 4606.471806, "delta": 0.006988}}
{"target": -15.170394027759007, "params": {"colsample_bytree": 0.24717965464287758, "eta": 0.08689893266562201, "gamma": 470.84295408635626, "max_depth": 9.0, "min_child_weight": 4325.09054124944, "num_boost_round": 1.0, "subsample": 0.2036421364994057}, "datetime": {"datetime": "2024-01-20 15:42:03", "elapsed": 4681.20626, "delta": 74.734454}}
{"target": -15.168016822107967, "params": {"colsample_bytree": 0.24717965464287758, "eta": 0.08689893266562201, "gamma": 470.84295408635626, "max_depth": 9.0, "min_child_weight": 4325.09054124944, "num_boost_round": 2.0, "subsample": 0.2036421364994057}, "datetime": {"datetime": "2024-01-20 15:42:03", "elapsed": 4681.211972, "delta": 0.005712}}
{"target": -15.165620026097425, "params": {"colsample_bytree": 0.24717965464287758, "eta": 0.08689893266562201, "gamma": 470.84295408635626, "max_depth": 9.0, "min_child_weight": 4325.09054124944, "num_boost_round": 3.0, "subsample": 0.2036421364994057}, "datetime": {"datetime": "2024-01-20 15:42:03", "elapsed": 4681.217403, "delta": 0.005431}}
{"target": -15.16584088835386, "params": {"colsample_bytree": 0.24717965464287758, "eta": 0.08689893266562201, "gamma": 470.84295408635626, "max_depth": 9.0, "min_child_weight": 4325.09054124944, "num_boost_round": 4.0, "subsample": 0.2036421364994057}, "datetime": {"datetime": "2024-01-20 15:42:03", "elapsed": 4681.222858, "delta": 0.005455}}
{"target": -15.163606938010169, "params": {"colsample_bytree": 0.24717965464287758, "eta": 0.08689893266562201, "gamma": 470.84295408635626, "max_depth": 9.0, "min_child_weight": 4325.09054124944, "num_boost_round": 5.0, "subsample": 0.2036421364994057}, "datetime": {"datetime": "2024-01-20 15:42:03", "elapsed": 4681.228185, "delta": 0.005327}}
{"target": -15.162276414610805, "params": {"colsample_bytree": 0.24717965464287758, "eta": 0.08689893266562201, "gamma": 470.84295408635626, "max_depth": 9.0, "min_child_weight": 4325.09054124944, "num_boost_round": 6.0, "subsample": 0.2036421364994057}, "datetime": {"datetime": "2024-01-20 15:42:03", "elapsed": 4681.233625, "delta": 0.00544}}
{"target": -15.160974090175486, "params": {"colsample_bytree": 0.24717965464287758, "eta": 0.08689893266562201, "gamma": 470.84295408635626, "max_depth": 9.0, "min_child_weight": 4325.09054124944, "num_boost_round": 7.0, "subsample": 0.2036421364994057}, "datetime": {"datetime": "2024-01-20 15:42:03", "elapsed": 4681.239788, "delta": 0.006163}}
{"target": -15.158933817770219, "params": {"colsample_bytree": 0.24717965464287758, "eta": 0.08689893266562201, "gamma": 470.84295408635626, "max_depth": 9.0, "min_child_weight": 4325.09054124944, "num_boost_round": 8.0, "subsample": 0.2036421364994057}, "datetime": {"datetime": "2024-01-20 15:42:03", "elapsed": 4681.245342, "delta": 0.005554}}
{"target": -15.1588878875616, "params": {"colsample_bytree": 0.24717965464287758, "eta": 0.08689893266562201, "gamma": 470.84295408635626, "max_depth": 9.0, "min_child_weight": 4325.09054124944, "num_boost_round": 9.0, "subsample": 0.2036421364994057}, "datetime": {"datetime": "2024-01-20 15:42:03", "elapsed": 4681.250466, "delta": 0.005124}}
{"target": -15.158046311724021, "params": {"colsample_bytree": 0.24717965464287758, "eta": 0.08689893266562201, "gamma": 470.84295408635626, "max_depth": 9.0, "min_child_weight": 4325.09054124944, "num_boost_round": 10.0, "subsample": 0.2036421364994057}, "datetime": {"datetime": "2024-01-20 15:42:03", "elapsed": 4681.255553, "delta": 0.005087}}
{"target": -15.158049020858616, "params": {"colsample_bytree": 0.24717965464287758, "eta": 0.08689893266562201, "gamma": 470.84295408635626, "max_depth": 9.0, "min_child_weight": 4325.09054124944, "num_boost_round": 11.0, "subsample": 0.2036421364994057}, "datetime": {"datetime": "2024-01-20 15:42:03", "elapsed": 4681.260524, "delta": 0.004971}}
{"target": -15.1584893587175, "params": {"colsample_bytree": 0.24717965464287758, "eta": 0.08689893266562201, "gamma": 470.84295408635626, "max_depth": 9.0, "min_child_weight": 4325.09054124944, "num_boost_round": 12.0, "subsample": 0.2036421364994057}, "datetime": {"datetime": "2024-01-20 15:42:03", "elapsed": 4681.26579, "delta": 0.005266}}
{"target": -15.158627741632266, "params": {"colsample_bytree": 0.24717965464287758, "eta": 0.08689893266562201, "gamma": 470.84295408635626, "max_depth": 9.0, "min_child_weight": 4325.09054124944, "num_boost_round": 13.0, "subsample": 0.2036421364994057}, "datetime": {"datetime": "2024-01-20 15:42:03", "elapsed": 4681.271228, "delta": 0.005438}}
{"target": -15.158661545372526, "params": {"colsample_bytree": 0.24717965464287758, "eta": 0.08689893266562201, "gamma": 470.84295408635626, "max_depth": 9.0, "min_child_weight": 4325.09054124944, "num_boost_round": 14.0, "subsample": 0.2036421364994057}, "datetime": {"datetime": "2024-01-20 15:42:03", "elapsed": 4681.276547, "delta": 0.005319}}
{"target": -15.158395562829806, "params": {"colsample_bytree": 0.24717965464287758, "eta": 0.08689893266562201, "gamma": 470.84295408635626, "max_depth": 9.0, "min_child_weight": 4325.09054124944, "num_boost_round": 15.0, "subsample": 0.2036421364994057}, "datetime": {"datetime": "2024-01-20 15:42:03", "elapsed": 4681.282193, "delta": 0.005646}}
{"target": -15.1584760076437, "params": {"colsample_bytree": 0.24717965464287758, "eta": 0.08689893266562201, "gamma": 470.84295408635626, "max_depth": 9.0, "min_child_weight": 4325.09054124944, "num_boost_round": 16.0, "subsample": 0.2036421364994057}, "datetime": {"datetime": "2024-01-20 15:42:03", "elapsed": 4681.287532, "delta": 0.005339}}
{"target": -15.157147951288483, "params": {"colsample_bytree": 0.24717965464287758, "eta": 0.08689893266562201, "gamma": 470.84295408635626, "max_depth": 9.0, "min_child_weight": 4325.09054124944, "num_boost_round": 17.0, "subsample": 0.2036421364994057}, "datetime": {"datetime": "2024-01-20 15:42:03", "elapsed": 4681.293434, "delta": 0.005902}}
{"target": -15.157365476323749, "params": {"colsample_bytree": 0.24717965464287758, "eta": 0.08689893266562201, "gamma": 470.84295408635626, "max_depth": 9.0, "min_child_weight": 4325.09054124944, "num_boost_round": 18.0, "subsample": 0.2036421364994057}, "datetime": {"datetime": "2024-01-20 15:42:03", "elapsed": 4681.299423, "delta": 0.005989}}
{"target": -15.156413992714693, "params": {"colsample_bytree": 0.24717965464287758, "eta": 0.08689893266562201, "gamma": 470.84295408635626, "max_depth": 9.0, "min_child_weight": 4325.09054124944, "num_boost_round": 19.0, "subsample": 0.2036421364994057}, "datetime": {"datetime": "2024-01-20 15:42:03", "elapsed": 4681.305078, "delta": 0.005655}}
{"target": -15.15648337357906, "params": {"colsample_bytree": 0.24717965464287758, "eta": 0.08689893266562201, "gamma": 470.84295408635626, "max_depth": 9.0, "min_child_weight": 4325.09054124944, "num_boost_round": 20.0, "subsample": 0.2036421364994057}, "datetime": {"datetime": "2024-01-20 15:42:03", "elapsed": 4681.310042, "delta": 0.004964}}
{"target": -15.156327172942637, "params": {"colsample_bytree": 0.24717965464287758, "eta": 0.08689893266562201, "gamma": 470.84295408635626, "max_depth": 9.0, "min_child_weight": 4325.09054124944, "num_boost_round": 21.0, "subsample": 0.2036421364994057}, "datetime": {"datetime": "2024-01-20 15:42:03", "elapsed": 4681.315045, "delta": 0.005003}}
{"target": -15.156307713466951, "params": {"colsample_bytree": 0.24717965464287758, "eta": 0.08689893266562201, "gamma": 470.84295408635626, "max_depth": 9.0, "min_child_weight": 4325.09054124944, "num_boost_round": 22.0, "subsample": 0.2036421364994057}, "datetime": {"datetime": "2024-01-20 15:42:03", "elapsed": 4681.320059, "delta": 0.005014}}
{"target": -15.156312562988205, "params": {"colsample_bytree": 0.24717965464287758, "eta": 0.08689893266562201, "gamma": 470.84295408635626, "max_depth": 9.0, "min_child_weight": 4325.09054124944, "num_boost_round": 23.0, "subsample": 0.2036421364994057}, "datetime": {"datetime": "2024-01-20 15:42:03", "elapsed": 4681.325052, "delta": 0.004993}}
{"target": -15.156912707625287, "params": {"colsample_bytree": 0.24717965464287758, "eta": 0.08689893266562201, "gamma": 470.84295408635626, "max_depth": 9.0, "min_child_weight": 4325.09054124944, "num_boost_round": 24.0, "subsample": 0.2036421364994057}, "datetime": {"datetime": "2024-01-20 15:42:03", "elapsed": 4681.330109, "delta": 0.005057}}
{"target": -15.157174628496122, "params": {"colsample_bytree": 0.24717965464287758, "eta": 0.08689893266562201, "gamma": 470.84295408635626, "max_depth": 9.0, "min_child_weight": 4325.09054124944, "num_boost_round": 25.0, "subsample": 0.2036421364994057}, "datetime": {"datetime": "2024-01-20 15:42:03", "elapsed": 4681.3357, "delta": 0.005591}}
{"target": -15.157138519680489, "params": {"colsample_bytree": 0.24717965464287758, "eta": 0.08689893266562201, "gamma": 470.84295408635626, "max_depth": 9.0, "min_child_weight": 4325.09054124944, "num_boost_round": 26.0, "subsample": 0.2036421364994057}, "datetime": {"datetime": "2024-01-20 15:42:03", "elapsed": 4681.340978, "delta": 0.005278}}
{"target": -15.15659645197266, "params": {"colsample_bytree": 0.24717965464287758, "eta": 0.08689893266562201, "gamma": 470.84295408635626, "max_depth": 9.0, "min_child_weight": 4325.09054124944, "num_boost_round": 27.0, "subsample": 0.2036421364994057}, "datetime": {"datetime": "2024-01-20 15:42:03", "elapsed": 4681.346551, "delta": 0.005573}}
{"target": -15.156487452380368, "params": {"colsample_bytree": 0.24717965464287758, "eta": 0.08689893266562201, "gamma": 470.84295408635626, "max_depth": 9.0, "min_child_weight": 4325.09054124944, "num_boost_round": 28.0, "subsample": 0.2036421364994057}, "datetime": {"datetime": "2024-01-20 15:42:03", "elapsed": 4681.351826, "delta": 0.005275}}
{"target": -15.156619886286999, "params": {"colsample_bytree": 0.24717965464287758, "eta": 0.08689893266562201, "gamma": 470.84295408635626, "max_depth": 9.0, "min_child_weight": 4325.09054124944, "num_boost_round": 29.0, "subsample": 0.2036421364994057}, "datetime": {"datetime": "2024-01-20 15:42:03", "elapsed": 4681.356832, "delta": 0.005006}}
{"target": -15.155820484540168, "params": {"colsample_bytree": 0.24717965464287758, "eta": 0.08689893266562201, "gamma": 470.84295408635626, "max_depth": 9.0, "min_child_weight": 4325.09054124944, "num_boost_round": 30.0, "subsample": 0.2036421364994057}, "datetime": {"datetime": "2024-01-20 15:42:03", "elapsed": 4681.361953, "delta": 0.005121}}
{"target": -15.156531807451966, "params": {"colsample_bytree": 0.24717965464287758, "eta": 0.08689893266562201, "gamma": 470.84295408635626, "max_depth": 9.0, "min_child_weight": 4325.09054124944, "num_boost_round": 31.0, "subsample": 0.2036421364994057}, "datetime": {"datetime": "2024-01-20 15:42:03", "elapsed": 4681.367273, "delta": 0.00532}}
{"target": -15.156707205252243, "params": {"colsample_bytree": 0.24717965464287758, "eta": 0.08689893266562201, "gamma": 470.84295408635626, "max_depth": 9.0, "min_child_weight": 4325.09054124944, "num_boost_round": 32.0, "subsample": 0.2036421364994057}, "datetime": {"datetime": "2024-01-20 15:42:03", "elapsed": 4681.372371, "delta": 0.005098}}
{"target": -15.1564604744004, "params": {"colsample_bytree": 0.24717965464287758, "eta": 0.08689893266562201, "gamma": 470.84295408635626, "max_depth": 9.0, "min_child_weight": 4325.09054124944, "num_boost_round": 33.0, "subsample": 0.2036421364994057}, "datetime": {"datetime": "2024-01-20 15:42:03", "elapsed": 4681.377835, "delta": 0.005464}}
{"target": -15.15650926349306, "params": {"colsample_bytree": 0.24717965464287758, "eta": 0.08689893266562201, "gamma": 470.84295408635626, "max_depth": 9.0, "min_child_weight": 4325.09054124944, "num_boost_round": 34.0, "subsample": 0.2036421364994057}, "datetime": {"datetime": "2024-01-20 15:42:03", "elapsed": 4681.383236, "delta": 0.005401}}
{"target": -15.156290887418233, "params": {"colsample_bytree": 0.24717965464287758, "eta": 0.08689893266562201, "gamma": 470.84295408635626, "max_depth": 9.0, "min_child_weight": 4325.09054124944, "num_boost_round": 35.0, "subsample": 0.2036421364994057}, "datetime": {"datetime": "2024-01-20 15:42:03", "elapsed": 4681.388592, "delta": 0.005356}}
{"target": -15.156407029291817, "params": {"colsample_bytree": 0.24717965464287758, "eta": 0.08689893266562201, "gamma": 470.84295408635626, "max_depth": 9.0, "min_child_weight": 4325.09054124944, "num_boost_round": 36.0, "subsample": 0.2036421364994057}, "datetime": {"datetime": "2024-01-20 15:42:03", "elapsed": 4681.394239, "delta": 0.005647}}
{"target": -15.155894421502364, "params": {"colsample_bytree": 0.24717965464287758, "eta": 0.08689893266562201, "gamma": 470.84295408635626, "max_depth": 9.0, "min_child_weight": 4325.09054124944, "num_boost_round": 37.0, "subsample": 0.2036421364994057}, "datetime": {"datetime": "2024-01-20 15:42:03", "elapsed": 4681.40019, "delta": 0.005951}}
{"target": -15.156041085623817, "params": {"colsample_bytree": 0.24717965464287758, "eta": 0.08689893266562201, "gamma": 470.84295408635626, "max_depth": 9.0, "min_child_weight": 4325.09054124944, "num_boost_round": 38.0, "subsample": 0.2036421364994057}, "datetime": {"datetime": "2024-01-20 15:42:03", "elapsed": 4681.40541, "delta": 0.00522}}
{"target": -15.15606241185991, "params": {"colsample_bytree": 0.24717965464287758, "eta": 0.08689893266562201, "gamma": 470.84295408635626, "max_depth": 9.0, "min_child_weight": 4325.09054124944, "num_boost_round": 39.0, "subsample": 0.2036421364994057}, "datetime": {"datetime": "2024-01-20 15:42:03", "elapsed": 4681.410492, "delta": 0.005082}}
{"target": -15.155897212003467, "params": {"colsample_bytree": 0.24717965464287758, "eta": 0.08689893266562201, "gamma": 470.84295408635626, "max_depth": 9.0, "min_child_weight": 4325.09054124944, "num_boost_round": 40.0, "subsample": 0.2036421364994057}, "datetime": {"datetime": "2024-01-20 15:42:03", "elapsed": 4681.415603, "delta": 0.005111}}
{"target": -15.155914866767038, "params": {"colsample_bytree": 0.24717965464287758, "eta": 0.08689893266562201, "gamma": 470.84295408635626, "max_depth": 9.0, "min_child_weight": 4325.09054124944, "num_boost_round": 41.0, "subsample": 0.2036421364994057}, "datetime": {"datetime": "2024-01-20 15:42:03", "elapsed": 4681.420834, "delta": 0.005231}}
{"target": -15.156448771187774, "params": {"colsample_bytree": 0.24717965464287758, "eta": 0.08689893266562201, "gamma": 470.84295408635626, "max_depth": 9.0, "min_child_weight": 4325.09054124944, "num_boost_round": 42.0, "subsample": 0.2036421364994057}, "datetime": {"datetime": "2024-01-20 15:42:03", "elapsed": 4681.426274, "delta": 0.00544}}
