{"target": -19.145182115346323, "params": {"colsample_bytree": 0.793731938766053, "eta": 0.011924738282644018, "gamma": 170.51518865804027, "max_depth": 7.0, "min_child_weight": 3830.4183536745777, "num_boost_round": 22.0, "subsample": 0.7970535316828479}, "datetime": {"datetime": "2024-01-20 16:00:04", "elapsed": 5772.263668, "delta": 0.004441}}
{"target": -19.145210415683458, "params": {"colsample_bytree": 0.793731938766053, "eta": 0.011924738282644018, "gamma": 170.51518865804027, "max_depth": 7.0, "min_child_weight": 3830.4183536745777, "num_boost_round": 23.0, "subsample": 0.7970535316828479}, "datetime": {"datetime": "2024-01-20 16:00:04", "elapsed": 5772.268294, "delta": 0.004626}}
{"target": -19.145307229365958, "params": {"colsample_bytree": 0.793731938766053, "eta": 0.011924738282644018, "gamma": 170.51518865804027, "max_depth": 7.0, "min_child_weight": 3830.4183536745777, "num_boost_round": 24.0, "subsample": 0.7970535316828479}, "datetime": {"datetime": "2024-01-20 16:00:04", "elapsed": 5772.272777, "delta": 0.004483}}
{"target": -19.14542986910947, "params": {"colsample_bytree": 0.793731938766053, "eta": 0.011924738282644018, "gamma": 170.51518865804027, "max_depth": 7.0, "min_child_weight": 3830.4183536745777, "num_boost_round": 25.0, "subsample": 0.7970535316828479}, "datetime": {"datetime": "2024-01-20 16:00:04", "elapsed": 5772.277356, "delta": 0.004579}}
{"target": -19.145407391703834, "params": {"colsample_bytree": 0.793731938766053, "eta": 0.011924738282644018, "gamma": 170.51518865804027, "max_depth": 7.0, "min_child_weight": 3830.4183536745777, "num_boost_round": 26.0, "subsample": 0.7970535316828479}, "datetime": {"datetime": "2024-01-20 16:00:04", "elapsed": 5772.2817, "delta": 0.004344}}
{"target": -19.145678136234935, "params": {"colsample_bytree": 0.793731938766053, "eta": 0.011924738282644018, "gamma": 170.51518865804027, "max_depth": 7.0, "min_child_weight": 3830.4183536745777, "num_boost_round": 27.0, "subsample": 0.7970535316828479}, "datetime": {"datetime": "2024-01-20 16:00:04", "elapsed": 5772.28617, "delta": 0.00447}}
{"target": -19.145818793451888, "params": {"colsample_bytree": 0.793731938766053, "eta": 0.011924738282644018, "gamma": 170.51518865804027, "max_depth": 7.0, "min_child_weight": 3830.4183536745777, "num_boost_round": 28.0, "subsample": 0.7970535316828479}, "datetime": {"datetime": "2024-01-20 16:00:04", "elapsed": 5772.290766, "delta": 0.004596}}
{"target": -19.14583681084673, "params": {"colsample_bytree": 0.793731938766053, "eta": 0.011924738282644018, "gamma": 170.51518865804027, "max_depth": 7.0, "min_child_weight": 3830.4183536745777, "num_boost_round": 29.0, "subsample": 0.7970535316828479}, "datetime": {"datetime": "2024-01-20 16:00:04", "elapsed": 5772.29593, "delta": 0.005164}}
{"target": -19.146089304360178, "params": {"colsample_bytree": 0.793731938766053, "eta": 0.011924738282644018, "gamma": 170.51518865804027, "max_depth": 7.0, "min_child_weight": 3830.4183536745777, "num_boost_round": 30.0, "subsample": 0.7970535316828479}, "datetime": {"datetime": "2024-01-20 16:00:04", "elapsed": 5772.300266, "delta": 0.004336}}
{"target": -19.14620997950903, "params": {"colsample_bytree": 0.793731938766053, "eta": 0.011924738282644018, "gamma": 170.51518865804027, "max_depth": 7.0, "min_child_weight": 3830.4183536745777, "num_boost_round": 31.0, "subsample": 0.7970535316828479}, "datetime": {"datetime": "2024-01-20 16:00:04", "elapsed": 5772.304655, "delta": 0.004389}}
{"target": -19.146265307921134, "params": {"colsample_bytree": 0.793731938766053, "eta": 0.011924738282644018, "gamma": 170.51518865804027, "max_depth": 7.0, "min_child_weight": 3830.4183536745777, "num_boost_round": 32.0, "subsample": 0.7970535316828479}, "datetime": {"datetime": "2024-01-20 16:00:04", "elapsed": 5772.309124, "delta": 0.004469}}
{"target": -19.146292381877792, "params": {"colsample_bytree": 0.793731938766053, "eta": 0.011924738282644018, "gamma": 170.51518865804027, "max_depth": 7.0, "min_child_weight": 3830.4183536745777, "num_boost_round": 33.0, "subsample": 0.7970535316828479}, "datetime": {"datetime": "2024-01-20 16:00:04", "elapsed": 5772.313488, "delta": 0.004364}}
{"target": -19.146504453443423, "params": {"colsample_bytree": 0.793731938766053, "eta": 0.011924738282644018, "gamma": 170.51518865804027, "max_depth": 7.0, "min_child_weight": 3830.4183536745777, "num_boost_round": 34.0, "subsample": 0.7970535316828479}, "datetime": {"datetime": "2024-01-20 16:00:04", "elapsed": 5772.318099, "delta": 0.004611}}
{"target": -19.14671465920785, "params": {"colsample_bytree": 0.793731938766053, "eta": 0.011924738282644018, "gamma": 170.51518865804027, "max_depth": 7.0, "min_child_weight": 3830.4183536745777, "num_boost_round": 35.0, "subsample": 0.7970535316828479}, "datetime": {"datetime": "2024-01-20 16:00:04", "elapsed": 5772.323001, "delta": 0.004902}}
{"target": -19.14688252206436, "params": {"colsample_bytree": 0.793731938766053, "eta": 0.011924738282644018, "gamma": 170.51518865804027, "max_depth": 7.0, "min_child_weight": 3830.4183536745777, "num_boost_round": 36.0, "subsample": 0.7970535316828479}, "datetime": {"datetime": "2024-01-20 16:00:04", "elapsed": 5772.327476, "delta": 0.004475}}
{"target": -19.147147519173505, "params": {"colsample_bytree": 0.793731938766053, "eta": 0.011924738282644018, "gamma": 170.51518865804027, "max_depth": 7.0, "min_child_weight": 3830.4183536745777, "num_boost_round": 37.0, "subsample": 0.7970535316828479}, "datetime": {"datetime": "2024-01-20 16:00:04", "elapsed": 5772.331852, "delta": 0.004376}}
{"target": -19.147270898778437, "params": {"colsample_bytree": 0.793731938766053, "eta": 0.011924738282644018, "gamma": 170.51518865804027, "max_depth": 7.0, "min_child_weight": 3830.4183536745777, "num_boost_round": 38.0, "subsample": 0.7970535316828479}, "datetime": {"datetime": "2024-01-20 16:00:04", "elapsed": 5772.336221, "delta": 0.004369}}
{"target": -19.147492915484914, "params": {"colsample_bytree": 0.793731938766053, "eta": 0.011924738282644018, "gamma": 170.51518865804027, "max_depth": 7.0, "min_child_weight": 3830.4183536745777, "num_boost_round": 39.0, "subsample": 0.7970535316828479}, "datetime": {"datetime": "2024-01-20 16:00:04", "elapsed": 5772.340611, "delta": 0.00439}}
{"target": -19.147619167469067, "params": {"colsample_bytree": 0.793731938766053, "eta": 0.011924738282644018, "gamma": 170.51518865804027, "max_depth": 7.0, "min_child_weight": 3830.4183536745777, "num_boost_round": 40.0, "subsample": 0.7970535316828479}, "datetime": {"datetime": "2024-01-20 16:00:04", "elapsed": 5772.345355, "delta": 0.004744}}
{"target": -19.147677743454754, "params": {"colsample_bytree": 0.793731938766053, "eta": 0.011924738282644018, "gamma": 170.51518865804027, "max_depth": 7.0, "min_child_weight": 3830.4183536745777, "num_boost_round": 41.0, "subsample": 0.7970535316828479}, "datetime": {"datetime": "2024-01-20 16:00:04", "elapsed": 5772.350099, "delta": 0.004744}}
{"target": -19.1477260531878, "params": {"colsample_bytree": 0.793731938766053, "eta": 0.011924738282644018, "gamma": 170.51518865804027, "max_depth": 7.0, "min_child_weight": 3830.4183536745777, "num_boost_round": 42.0, "subsample": 0.7970535316828479}, "datetime": {"datetime": "2024-01-20 16:00:04", "elapsed": 5772.354507, "delta": 0.004408}}
{"target": -19.147863283111636, "params": {"colsample_bytree": 0.793731938766053, "eta": 0.011924738282644018, "gamma": 170.51518865804027, "max_depth": 7.0, "min_child_weight": 3830.4183536745777, "num_boost_round": 43.0, "subsample": 0.7970535316828479}, "datetime": {"datetime": "2024-01-20 16:00:04", "elapsed": 5772.358886, "delta": 0.004379}}
{"target": -19.147941891027266, "params": {"colsample_bytree": 0.793731938766053, "eta": 0.011924738282644018, "gamma": 170.51518865804027, "max_depth": 7.0, "min_child_weight": 3830.4183536745777, "num_boost_round": 44.0, "subsample": 0.7970535316828479}, "datetime": {"datetime": "2024-01-20 16:00:04", "elapsed": 5772.363288, "delta": 0.004402}}
{"target": -19.1480727480288, "params": {"colsample_bytree": 0.793731938766053, "eta": 0.011924738282644018, "gamma": 170.51518865804027, "max_depth": 7.0, "min_child_weight": 3830.4183536745777, "num_boost_round": 45.0, "subsample": 0.7970535316828479}, "datetime": {"datetime": "2024-01-20 16:00:04", "elapsed": 5772.367738, "delta": 0.00445}}
{"target": -19.148159140672064, "params": {"colsample_bytree": 0.793731938766053, "eta": 0.011924738282644018, "gamma": 170.51518865804027, "max_depth": 7.0, "min_child_weight": 3830.4183536745777, "num_boost_round": 46.0, "subsample": 0.7970535316828479}, "datetime": {"datetime": "2024-01-20 16:00:04", "elapsed": 5772.372255, "delta": 0.004517}}
{"target": -19.14829800489922, "params": {"colsample_bytree": 0.793731938766053, "eta": 0.011924738282644018, "gamma": 170.51518865804027, "max_depth": 7.0, "min_child_weight": 3830.4183536745777, "num_boost_round": 47.0, "subsample": 0.7970535316828479}, "datetime": {"datetime": "2024-01-20 16:00:04", "elapsed": 5772.376965, "delta": 0.00471}}
{"target": -19.14846545557281, "params": {"colsample_bytree": 0.793731938766053, "eta": 0.011924738282644018, "gamma": 170.51518865804027, "max_depth": 7.0, "min_child_weight": 3830.4183536745777, "num_boost_round": 48.0, "subsample": 0.7970535316828479}, "datetime": {"datetime": "2024-01-20 16:00:04", "elapsed": 5772.381351, "delta": 0.004386}}
{"target": -19.148727213999788, "params": {"colsample_bytree": 0.793731938766053, "eta": 0.011924738282644018, "gamma": 170.51518865804027, "max_depth": 7.0, "min_child_weight": 3830.4183536745777, "num_boost_round": 49.0, "subsample": 0.7970535316828479}, "datetime": {"datetime": "2024-01-20 16:00:04", "elapsed": 5772.385735, "delta": 0.004384}}
{"target": -19.148805860954223, "params": {"colsample_bytree": 0.793731938766053, "eta": 0.011924738282644018, "gamma": 170.51518865804027, "max_depth": 7.0, "min_child_weight": 3830.4183536745777, "num_boost_round": 50.0, "subsample": 0.7970535316828479}, "datetime": {"datetime": "2024-01-20 16:00:04", "elapsed": 5772.390119, "delta": 0.004384}}
{"target": -19.14883598109091, "params": {"colsample_bytree": 0.793731938766053, "eta": 0.011924738282644018, "gamma": 170.51518865804027, "max_depth": 7.0, "min_child_weight": 3830.4183536745777, "num_boost_round": 51.0, "subsample": 0.7970535316828479}, "datetime": {"datetime": "2024-01-20 16:00:04", "elapsed": 5772.394736, "delta": 0.004617}}
{"target": -19.149008436224815, "params": {"colsample_bytree": 0.793731938766053, "eta": 0.011924738282644018, "gamma": 170.51518865804027, "max_depth": 7.0, "min_child_weight": 3830.4183536745777, "num_boost_round": 52.0, "subsample": 0.7970535316828479}, "datetime": {"datetime": "2024-01-20 16:00:04", "elapsed": 5772.399239, "delta": 0.004503}}
{"target": -19.149128766113463, "params": {"colsample_bytree": 0.793731938766053, "eta": 0.011924738282644018, "gamma": 170.51518865804027, "max_depth": 7.0, "min_child_weight": 3830.4183536745777, "num_boost_round": 53.0, "subsample": 0.7970535316828479}, "datetime": {"datetime": "2024-01-20 16:00:04", "elapsed": 5772.403976, "delta": 0.004737}}
{"target": -19.14924951166052, "params": {"colsample_bytree": 0.793731938766053, "eta": 0.011924738282644018, "gamma": 170.51518865804027, "max_depth": 7.0, "min_child_weight": 3830.4183536745777, "num_boost_round": 54.0, "subsample": 0.7970535316828479}, "datetime": {"datetime": "2024-01-20 16:00:04", "elapsed": 5772.408371, "delta": 0.004395}}
{"target": -19.149500362694127, "params": {"colsample_bytree": 0.793731938766053, "eta": 0.011924738282644018, "gamma": 170.51518865804027, "max_depth": 7.0, "min_child_weight": 3830.4183536745777, "num_boost_round": 55.0, "subsample": 0.7970535316828479}, "datetime": {"datetime": "2024-01-20 16:00:04", "elapsed": 5772.41279, "delta": 0.004419}}
{"target": -19.149619890585555, "params": {"colsample_bytree": 0.793731938766053, "eta": 0.011924738282644018, "gamma": 170.51518865804027, "max_depth": 7.0, "min_child_weight": 3830.4183536745777, "num_boost_round": 56.0, "subsample": 0.7970535316828479}, "datetime": {"datetime": "2024-01-20 16:00:04", "elapsed": 5772.417208, "delta": 0.004418}}
{"target": -19.14968935020329, "params": {"colsample_bytree": 0.793731938766053, "eta": 0.011924738282644018, "gamma": 170.51518865804027, "max_depth": 7.0, "min_child_weight": 3830.4183536745777, "num_boost_round": 57.0, "subsample": 0.7970535316828479}, "datetime": {"datetime": "2024-01-20 16:00:04", "elapsed": 5772.421647, "delta": 0.004439}}
{"target": -19.149864496617628, "params": {"colsample_bytree": 0.793731938766053, "eta": 0.011924738282644018, "gamma": 170.51518865804027, "max_depth": 7.0, "min_child_weight": 3830.4183536745777, "num_boost_round": 58.0, "subsample": 0.7970535316828479}, "datetime": {"datetime": "2024-01-20 16:00:04", "elapsed": 5772.426945, "delta": 0.005298}}
{"target": -19.150088650571554, "params": {"colsample_bytree": 0.793731938766053, "eta": 0.011924738282644018, "gamma": 170.51518865804027, "max_depth": 7.0, "min_child_weight": 3830.4183536745777, "num_boost_round": 59.0, "subsample": 0.7970535316828479}, "datetime": {"datetime": "2024-01-20 16:00:04", "elapsed": 5772.433053, "delta": 0.006108}}
{"target": -19.150216803370792, "params": {"colsample_bytree": 0.793731938766053, "eta": 0.011924738282644018, "gamma": 170.51518865804027, "max_depth": 7.0, "min_child_weight": 3830.4183536745777, "num_boost_round": 60.0, "subsample": 0.7970535316828479}, "datetime": {"datetime": "2024-01-20 16:00:04", "elapsed": 5772.721353, "delta": 0.2883}}
{"target": -19.150345489731514, "params": {"colsample_bytree": 0.793731938766053, "eta": 0.011924738282644018, "gamma": 170.51518865804027, "max_depth": 7.0, "min_child_weight": 3830.4183536745777, "num_boost_round": 61.0, "subsample": 0.7970535316828479}, "datetime": {"datetime": "2024-01-20 16:00:04", "elapsed": 5772.726591, "delta": 0.005238}}
{"target": -19.143571696139134, "params": {"colsample_bytree": 0.5424631822539291, "eta": 0.06374961063722338, "gamma": 216.76426695747097, "max_depth": 5.0, "min_child_weight": 3776.2912545032586, "num_boost_round": 1.0, "subsample": 0.8970286238264975}, "datetime": {"datetime": "2024-01-20 16:00:44", "elapsed": 5812.321543, "delta": 39.594952}}
{"target": -19.143311610147023, "params": {"colsample_bytree": 0.4982545862649823, "eta": 0.02186797554369002, "gamma": 204.67488159737147, "max_depth": 7.0, "min_child_weight": 3896.8060762764685, "num_boost_round": 1.0, "subsample": 0.5479315595333559}, "datetime": {"datetime": "2024-01-20 16:01:31", "elapsed": 5859.939907, "delta": 47.618364}}
{"target": -19.143116371695225, "params": {"colsample_bytree": 0.9517864470150325, "eta": 0.011921115279888619, "gamma": 88.78977111640818, "max_depth": 8.0, "min_child_weight": 3855.4189608655383, "num_boost_round": 1.0, "subsample": 0.2602075878270961}, "datetime": {"datetime": "2024-01-20 16:02:48", "elapsed": 5935.959963, "delta": 76.020056}}
{"target": -19.143096671135567, "params": {"colsample_bytree": 0.9517864470150325, "eta": 0.011921115279888619, "gamma": 88.78977111640818, "max_depth": 8.0, "min_child_weight": 3855.4189608655383, "num_boost_round": 2.0, "subsample": 0.2602075878270961}, "datetime": {"datetime": "2024-01-20 16:02:48", "elapsed": 5935.965668, "delta": 0.005705}}
{"target": -19.14307672262875, "params": {"colsample_bytree": 0.9517864470150325, "eta": 0.011921115279888619, "gamma": 88.78977111640818, "max_depth": 8.0, "min_child_weight": 3855.4189608655383, "num_boost_round": 3.0, "subsample": 0.2602075878270961}, "datetime": {"datetime": "2024-01-20 16:02:48", "elapsed": 5935.970034, "delta": 0.004366}}
{"target": -19.143043352676393, "params": {"colsample_bytree": 0.9517864470150325, "eta": 0.011921115279888619, "gamma": 88.78977111640818, "max_depth": 8.0, "min_child_weight": 3855.4189608655383, "num_boost_round": 4.0, "subsample": 0.2602075878270961}, "datetime": {"datetime": "2024-01-20 16:02:48", "elapsed": 5935.974404, "delta": 0.00437}}
{"target": -19.14301008189804, "params": {"colsample_bytree": 0.9517864470150325, "eta": 0.011921115279888619, "gamma": 88.78977111640818, "max_depth": 8.0, "min_child_weight": 3855.4189608655383, "num_boost_round": 5.0, "subsample": 0.2602075878270961}, "datetime": {"datetime": "2024-01-20 16:02:48", "elapsed": 5935.978706, "delta": 0.004302}}
{"target": -19.14304408385981, "params": {"colsample_bytree": 0.9517864470150325, "eta": 0.011921115279888619, "gamma": 88.78977111640818, "max_depth": 8.0, "min_child_weight": 3855.4189608655383, "num_boost_round": 6.0, "subsample": 0.2602075878270961}, "datetime": {"datetime": "2024-01-20 16:02:48", "elapsed": 5935.983074, "delta": 0.004368}}
{"target": -19.14302426097729, "params": {"colsample_bytree": 0.9517864470150325, "eta": 0.011921115279888619, "gamma": 88.78977111640818, "max_depth": 8.0, "min_child_weight": 3855.4189608655383, "num_boost_round": 7.0, "subsample": 0.2602075878270961}, "datetime": {"datetime": "2024-01-20 16:02:48", "elapsed": 5935.987531, "delta": 0.004457}}
{"target": -19.142985913143345, "params": {"colsample_bytree": 0.9517864470150325, "eta": 0.011921115279888619, "gamma": 88.78977111640818, "max_depth": 8.0, "min_child_weight": 3855.4189608655383, "num_boost_round": 8.0, "subsample": 0.2602075878270961}, "datetime": {"datetime": "2024-01-20 16:02:48", "elapsed": 5935.992001, "delta": 0.00447}}
{"target": -19.142916046706425, "params": {"colsample_bytree": 0.9517864470150325, "eta": 0.011921115279888619, "gamma": 88.78977111640818, "max_depth": 8.0, "min_child_weight": 3855.4189608655383, "num_boost_round": 9.0, "subsample": 0.2602075878270961}, "datetime": {"datetime": "2024-01-20 16:02:48", "elapsed": 5935.99635, "delta": 0.004349}}
{"target": -19.142933572138254, "params": {"colsample_bytree": 0.9517864470150325, "eta": 0.011921115279888619, "gamma": 88.78977111640818, "max_depth": 8.0, "min_child_weight": 3855.4189608655383, "num_boost_round": 10.0, "subsample": 0.2602075878270961}, "datetime": {"datetime": "2024-01-20 16:02:48", "elapsed": 5936.000619, "delta": 0.004269}}
{"target": -19.142995656697266, "params": {"colsample_bytree": 0.9517864470150325, "eta": 0.011921115279888619, "gamma": 88.78977111640818, "max_depth": 8.0, "min_child_weight": 3855.4189608655383, "num_boost_round": 11.0, "subsample": 0.2602075878270961}, "datetime": {"datetime": "2024-01-20 16:02:48", "elapsed": 5936.005053, "delta": 0.004434}}
{"target": -19.14298441096873, "params": {"colsample_bytree": 0.9517864470150325, "eta": 0.011921115279888619, "gamma": 88.78977111640818, "max_depth": 8.0, "min_child_weight": 3855.4189608655383, "num_boost_round": 12.0, "subsample": 0.2602075878270961}, "datetime": {"datetime": "2024-01-20 16:02:48", "elapsed": 5936.035306, "delta": 0.030253}}
{"target": -19.142981053676586, "params": {"colsample_bytree": 0.9517864470150325, "eta": 0.011921115279888619, "gamma": 88.78977111640818, "max_depth": 8.0, "min_child_weight": 3855.4189608655383, "num_boost_round": 13.0, "subsample": 0.2602075878270961}, "datetime": {"datetime": "2024-01-20 16:02:48", "elapsed": 5936.039719, "delta": 0.004413}}
{"target": -19.143050204573534, "params": {"colsample_bytree": 0.9517864470150325, "eta": 0.011921115279888619, "gamma": 88.78977111640818, "max_depth": 8.0, "min_child_weight": 3855.4189608655383, "num_boost_round": 14.0, "subsample": 0.2602075878270961}, "datetime": {"datetime": "2024-01-20 16:02:48", "elapsed": 5936.044283, "delta": 0.004564}}
{"target": -19.14306974055279, "params": {"colsample_bytree": 0.9517864470150325, "eta": 0.011921115279888619, "gamma": 88.78977111640818, "max_depth": 8.0, "min_child_weight": 3855.4189608655383, "num_boost_round": 15.0, "subsample": 0.2602075878270961}, "datetime": {"datetime": "2024-01-20 16:02:48", "elapsed": 5936.048729, "delta": 0.004446}}
{"target": -19.143062128218627, "params": {"colsample_bytree": 0.9517864470150325, "eta": 0.011921115279888619, "gamma": 88.78977111640818, "max_depth": 8.0, "min_child_weight": 3855.4189608655383, "num_boost_round": 16.0, "subsample": 0.2602075878270961}, "datetime": {"datetime": "2024-01-20 16:02:48", "elapsed": 5936.053064, "delta": 0.004335}}
{"target": -19.143093235082155, "params": {"colsample_bytree": 0.9517864470150325, "eta": 0.011921115279888619, "gamma": 88.78977111640818, "max_depth": 8.0, "min_child_weight": 3855.4189608655383, "num_boost_round": 17.0, "subsample": 0.2602075878270961}, "datetime": {"datetime": "2024-01-20 16:02:48", "elapsed": 5936.057434, "delta": 0.00437}}
{"target": -19.14314708309343, "params": {"colsample_bytree": 0.9517864470150325, "eta": 0.011921115279888619, "gamma": 88.78977111640818, "max_depth": 8.0, "min_child_weight": 3855.4189608655383, "num_boost_round": 18.0, "subsample": 0.2602075878270961}, "datetime": {"datetime": "2024-01-20 16:02:48", "elapsed": 5936.061837, "delta": 0.004403}}
{"target": -19.143152479245718, "params": {"colsample_bytree": 0.9517864470150325, "eta": 0.011921115279888619, "gamma": 88.78977111640818, "max_depth": 8.0, "min_child_weight": 3855.4189608655383, "num_boost_round": 19.0, "subsample": 0.2602075878270961}, "datetime": {"datetime": "2024-01-20 16:02:48", "elapsed": 5936.066433, "delta": 0.004596}}
{"target": -19.1431877196762, "params": {"colsample_bytree": 0.9517864470150325, "eta": 0.011921115279888619, "gamma": 88.78977111640818, "max_depth": 8.0, "min_child_weight": 3855.4189608655383, "num_boost_round": 20.0, "subsample": 0.2602075878270961}, "datetime": {"datetime": "2024-01-20 16:02:48", "elapsed": 5936.07111, "delta": 0.004677}}
{"target": -19.143280365306563, "params": {"colsample_bytree": 0.9517864470150325, "eta": 0.011921115279888619, "gamma": 88.78977111640818, "max_depth": 8.0, "min_child_weight": 3855.4189608655383, "num_boost_round": 21.0, "subsample": 0.2602075878270961}, "datetime": {"datetime": "2024-01-20 16:02:48", "elapsed": 5936.075479, "delta": 0.004369}}
