{"target": -15.170660475184926, "params": {"colsample_bytree": 0.5939321535345923, "eta": 0.07152178474357823, "gamma": 602.7633760716438, "max_depth": 6.0, "min_child_weight": 4237.124338589708, "num_boost_round": 1.0, "subsample": 0.49382849013642327}, "datetime": {"datetime": "2024-01-20 14:24:02", "elapsed": 0.0, "delta": 0.0}}
{"target": -15.169009437106114, "params": {"colsample_bytree": 0.5939321535345923, "eta": 0.07152178474357823, "gamma": 602.7633760716438, "max_depth": 6.0, "min_child_weight": 4237.124338589708, "num_boost_round": 2.0, "subsample": 0.49382849013642327}, "datetime": {"datetime": "2024-01-20 14:24:02", "elapsed": 0.000926, "delta": 0.000926}}
{"target": -15.166607891939005, "params": {"colsample_bytree": 0.5939321535345923, "eta": 0.07152178474357823, "gamma": 602.7633760716438, "max_depth": 6.0, "min_child_weight": 4237.124338589708, "num_boost_round": 3.0, "subsample": 0.49382849013642327}, "datetime": {"datetime": "2024-01-20 14:24:02", "elapsed": 0.001098, "delta": 0.000172}}
{"target": -15.165833032012584, "params": {"colsample_bytree": 0.5939321535345923, "eta": 0.07152178474357823, "gamma": 602.7633760716438, "max_depth": 6.0, "min_child_weight": 4237.124338589708, "num_boost_round": 4.0, "subsample": 0.49382849013642327}, "datetime": {"datetime": "2024-01-20 14:24:02", "elapsed": 0.001243, "delta": 0.000145}}
{"target": -15.163584711684024, "params": {"colsample_bytree": 0.5939321535345923, "eta": 0.07152178474357823, "gamma": 602.7633760716438, "max_depth": 6.0, "min_child_weight": 4237.124338589708, "num_boost_round": 5.0, "subsample": 0.49382849013642327}, "datetime": {"datetime": "2024-01-20 14:24:02", "elapsed": 0.001394, "delta": 0.000151}}
{"target": -15.162560688491503, "params": {"colsample_bytree": 0.5939321535345923, "eta": 0.07152178474357823, "gamma": 602.7633760716438, "max_depth": 6.0, "min_child_weight": 4237.124338589708, "num_boost_round": 6.0, "subsample": 0.49382849013642327}, "datetime": {"datetime": "2024-01-20 14:24:02", "elapsed": 0.001537, "delta": 0.000143}}
{"target": -15.161597520993762, "params": {"colsample_bytree": 0.5939321535345923, "eta": 0.07152178474357823, "gamma": 602.7633760716438, "max_depth": 6.0, "min_child_weight": 4237.124338589708, "num_boost_round": 7.0, "subsample": 0.49382849013642327}, "datetime": {"datetime": "2024-01-20 14:24:02", "elapsed": 0.001672, "delta": 0.000135}}
{"target": -15.159872534697088, "params": {"colsample_bytree": 0.5939321535345923, "eta": 0.07152178474357823, "gamma": 602.7633760716438, "max_depth": 6.0, "min_child_weight": 4237.124338589708, "num_boost_round": 8.0, "subsample": 0.49382849013642327}, "datetime": {"datetime": "2024-01-20 14:24:02", "elapsed": 0.00182, "delta": 0.000148}}
{"target": -15.15963102478181, "params": {"colsample_bytree": 0.5939321535345923, "eta": 0.07152178474357823, "gamma": 602.7633760716438, "max_depth": 6.0, "min_child_weight": 4237.124338589708, "num_boost_round": 9.0, "subsample": 0.49382849013642327}, "datetime": {"datetime": "2024-01-20 14:24:02", "elapsed": 0.001967, "delta": 0.000147}}
{"target": -15.159276966507141, "params": {"colsample_bytree": 0.5939321535345923, "eta": 0.07152178474357823, "gamma": 602.7633760716438, "max_depth": 6.0, "min_child_weight": 4237.124338589708, "num_boost_round": 10.0, "subsample": 0.49382849013642327}, "datetime": {"datetime": "2024-01-20 14:24:02", "elapsed": 0.002106, "delta": 0.000139}}
{"target": -15.159905721634626, "params": {"colsample_bytree": 0.5939321535345923, "eta": 0.07152178474357823, "gamma": 602.7633760716438, "max_depth": 6.0, "min_child_weight": 4237.124338589708, "num_boost_round": 11.0, "subsample": 0.49382849013642327}, "datetime": {"datetime": "2024-01-20 14:24:02", "elapsed": 0.002245, "delta": 0.000139}}
{"target": -15.158331712359228, "params": {"colsample_bytree": 0.5939321535345923, "eta": 0.07152178474357823, "gamma": 602.7633760716438, "max_depth": 6.0, "min_child_weight": 4237.124338589708, "num_boost_round": 12.0, "subsample": 0.49382849013642327}, "datetime": {"datetime": "2024-01-20 14:24:02", "elapsed": 0.002389, "delta": 0.000144}}
{"target": -15.159131610959001, "params": {"colsample_bytree": 0.5939321535345923, "eta": 0.07152178474357823, "gamma": 602.7633760716438, "max_depth": 6.0, "min_child_weight": 4237.124338589708, "num_boost_round": 13.0, "subsample": 0.49382849013642327}, "datetime": {"datetime": "2024-01-20 14:24:02", "elapsed": 0.005968, "delta": 0.003579}}
{"target": -15.157283724778416, "params": {"colsample_bytree": 0.5939321535345923, "eta": 0.07152178474357823, "gamma": 602.7633760716438, "max_depth": 6.0, "min_child_weight": 4237.124338589708, "num_boost_round": 14.0, "subsample": 0.49382849013642327}, "datetime": {"datetime": "2024-01-20 14:24:02", "elapsed": 0.006116, "delta": 0.000148}}
{"target": -15.15709388468673, "params": {"colsample_bytree": 0.5939321535345923, "eta": 0.07152178474357823, "gamma": 602.7633760716438, "max_depth": 6.0, "min_child_weight": 4237.124338589708, "num_boost_round": 15.0, "subsample": 0.49382849013642327}, "datetime": {"datetime": "2024-01-20 14:24:02", "elapsed": 0.006256, "delta": 0.00014}}
{"target": -15.15800679484984, "params": {"colsample_bytree": 0.5939321535345923, "eta": 0.07152178474357823, "gamma": 602.7633760716438, "max_depth": 6.0, "min_child_weight": 4237.124338589708, "num_boost_round": 16.0, "subsample": 0.49382849013642327}, "datetime": {"datetime": "2024-01-20 14:24:02", "elapsed": 0.006406, "delta": 0.00015}}
{"target": -15.157490413130528, "params": {"colsample_bytree": 0.5939321535345923, "eta": 0.07152178474357823, "gamma": 602.7633760716438, "max_depth": 6.0, "min_child_weight": 4237.124338589708, "num_boost_round": 17.0, "subsample": 0.49382849013642327}, "datetime": {"datetime": "2024-01-20 14:24:02", "elapsed": 0.006544, "delta": 0.000138}}
{"target": -15.158120358236733, "params": {"colsample_bytree": 0.5939321535345923, "eta": 0.07152178474357823, "gamma": 602.7633760716438, "max_depth": 6.0, "min_child_weight": 4237.124338589708, "num_boost_round": 18.0, "subsample": 0.49382849013642327}, "datetime": {"datetime": "2024-01-20 14:24:02", "elapsed": 0.006679, "delta": 0.000135}}
{"target": -15.157469506665702, "params": {"colsample_bytree": 0.5939321535345923, "eta": 0.07152178474357823, "gamma": 602.7633760716438, "max_depth": 6.0, "min_child_weight": 4237.124338589708, "num_boost_round": 19.0, "subsample": 0.49382849013642327}, "datetime": {"datetime": "2024-01-20 14:24:02", "elapsed": 0.006829, "delta": 0.00015}}
{"target": -15.158011222540711, "params": {"colsample_bytree": 0.5939321535345923, "eta": 0.07152178474357823, "gamma": 602.7633760716438, "max_depth": 6.0, "min_child_weight": 4237.124338589708, "num_boost_round": 20.0, "subsample": 0.49382849013642327}, "datetime": {"datetime": "2024-01-20 14:24:02", "elapsed": 0.007022, "delta": 0.000193}}
{"target": -15.157962027760979, "params": {"colsample_bytree": 0.5939321535345923, "eta": 0.07152178474357823, "gamma": 602.7633760716438, "max_depth": 6.0, "min_child_weight": 4237.124338589708, "num_boost_round": 21.0, "subsample": 0.49382849013642327}, "datetime": {"datetime": "2024-01-20 14:24:02", "elapsed": 0.007171, "delta": 0.000149}}
{"target": -15.157914469106213, "params": {"colsample_bytree": 0.5939321535345923, "eta": 0.07152178474357823, "gamma": 602.7633760716438, "max_depth": 6.0, "min_child_weight": 4237.124338589708, "num_boost_round": 22.0, "subsample": 0.49382849013642327}, "datetime": {"datetime": "2024-01-20 14:24:02", "elapsed": 0.00733, "delta": 0.000159}}
{"target": -15.157338664819616, "params": {"colsample_bytree": 0.5939321535345923, "eta": 0.07152178474357823, "gamma": 602.7633760716438, "max_depth": 6.0, "min_child_weight": 4237.124338589708, "num_boost_round": 23.0, "subsample": 0.49382849013642327}, "datetime": {"datetime": "2024-01-20 14:24:02", "elapsed": 0.00748, "delta": 0.00015}}
{"target": -15.156979559734943, "params": {"colsample_bytree": 0.5939321535345923, "eta": 0.07152178474357823, "gamma": 602.7633760716438, "max_depth": 6.0, "min_child_weight": 4237.124338589708, "num_boost_round": 24.0, "subsample": 0.49382849013642327}, "datetime": {"datetime": "2024-01-20 14:24:02", "elapsed": 0.007628, "delta": 0.000148}}
{"target": -15.157066502596631, "params": {"colsample_bytree": 0.5939321535345923, "eta": 0.07152178474357823, "gamma": 602.7633760716438, "max_depth": 6.0, "min_child_weight": 4237.124338589708, "num_boost_round": 25.0, "subsample": 0.49382849013642327}, "datetime": {"datetime": "2024-01-20 14:24:02", "elapsed": 0.00778, "delta": 0.000152}}
{"target": -15.157182144059917, "params": {"colsample_bytree": 0.5939321535345923, "eta": 0.07152178474357823, "gamma": 602.7633760716438, "max_depth": 6.0, "min_child_weight": 4237.124338589708, "num_boost_round": 26.0, "subsample": 0.49382849013642327}, "datetime": {"datetime": "2024-01-20 14:24:02", "elapsed": 0.007928, "delta": 0.000148}}
{"target": -15.157481924913217, "params": {"colsample_bytree": 0.5939321535345923, "eta": 0.07152178474357823, "gamma": 602.7633760716438, "max_depth": 6.0, "min_child_weight": 4237.124338589708, "num_boost_round": 27.0, "subsample": 0.49382849013642327}, "datetime": {"datetime": "2024-01-20 14:24:02", "elapsed": 0.008074, "delta": 0.000146}}
{"target": -15.157608540592562, "params": {"colsample_bytree": 0.5939321535345923, "eta": 0.07152178474357823, "gamma": 602.7633760716438, "max_depth": 6.0, "min_child_weight": 4237.124338589708, "num_boost_round": 28.0, "subsample": 0.49382849013642327}, "datetime": {"datetime": "2024-01-20 14:24:02", "elapsed": 0.00822, "delta": 0.000146}}
{"target": -15.156984381312844, "params": {"colsample_bytree": 0.5939321535345923, "eta": 0.07152178474357823, "gamma": 602.7633760716438, "max_depth": 6.0, "min_child_weight": 4237.124338589708, "num_boost_round": 29.0, "subsample": 0.49382849013642327}, "datetime": {"datetime": "2024-01-20 14:24:02", "elapsed": 0.008374, "delta": 0.000154}}
{"target": -15.157730863024245, "params": {"colsample_bytree": 0.5939321535345923, "eta": 0.07152178474357823, "gamma": 602.7633760716438, "max_depth": 6.0, "min_child_weight": 4237.124338589708, "num_boost_round": 30.0, "subsample": 0.49382849013642327}, "datetime": {"datetime": "2024-01-20 14:24:02", "elapsed": 0.008529, "delta": 0.000155}}
{"target": -15.157945479272914, "params": {"colsample_bytree": 0.5939321535345923, "eta": 0.07152178474357823, "gamma": 602.7633760716438, "max_depth": 6.0, "min_child_weight": 4237.124338589708, "num_boost_round": 31.0, "subsample": 0.49382849013642327}, "datetime": {"datetime": "2024-01-20 14:24:02", "elapsed": 0.008682, "delta": 0.000153}}
{"target": -15.157938859724428, "params": {"colsample_bytree": 0.5939321535345923, "eta": 0.07152178474357823, "gamma": 602.7633760716438, "max_depth": 6.0, "min_child_weight": 4237.124338589708, "num_boost_round": 32.0, "subsample": 0.49382849013642327}, "datetime": {"datetime": "2024-01-20 14:24:02", "elapsed": 0.008837, "delta": 0.000155}}
{"target": -15.158037245222822, "params": {"colsample_bytree": 0.5939321535345923, "eta": 0.07152178474357823, "gamma": 602.7633760716438, "max_depth": 6.0, "min_child_weight": 4237.124338589708, "num_boost_round": 33.0, "subsample": 0.49382849013642327}, "datetime": {"datetime": "2024-01-20 14:24:02", "elapsed": 0.00899, "delta": 0.000153}}
{"target": -15.158597839009516, "params": {"colsample_bytree": 0.5939321535345923, "eta": 0.07152178474357823, "gamma": 602.7633760716438, "max_depth": 6.0, "min_child_weight": 4237.124338589708, "num_boost_round": 34.0, "subsample": 0.49382849013642327}, "datetime": {"datetime": "2024-01-20 14:24:02", "elapsed": 0.009152, "delta": 0.000162}}
{"target": -15.159080609122483, "params": {"colsample_bytree": 0.5939321535345923, "eta": 0.07152178474357823, "gamma": 602.7633760716438, "max_depth": 6.0, "min_child_weight": 4237.124338589708, "num_boost_round": 35.0, "subsample": 0.49382849013642327}, "datetime": {"datetime": "2024-01-20 14:24:02", "elapsed": 0.009311, "delta": 0.000159}}
{"target": -15.159264343332078, "params": {"colsample_bytree": 0.5939321535345923, "eta": 0.07152178474357823, "gamma": 602.7633760716438, "max_depth": 6.0, "min_child_weight": 4237.124338589708, "num_boost_round": 36.0, "subsample": 0.49382849013642327}, "datetime": {"datetime": "2024-01-20 14:24:02", "elapsed": 0.00949, "delta": 0.000179}}
{"target": -15.159574726493684, "params": {"colsample_bytree": 0.5939321535345923, "eta": 0.07152178474357823, "gamma": 602.7633760716438, "max_depth": 6.0, "min_child_weight": 4237.124338589708, "num_boost_round": 37.0, "subsample": 0.49382849013642327}, "datetime": {"datetime": "2024-01-20 14:24:02", "elapsed": 0.009654, "delta": 0.000164}}
{"target": -15.159376868418923, "params": {"colsample_bytree": 0.5939321535345923, "eta": 0.07152178474357823, "gamma": 602.7633760716438, "max_depth": 6.0, "min_child_weight": 4237.124338589708, "num_boost_round": 38.0, "subsample": 0.49382849013642327}, "datetime": {"datetime": "2024-01-20 14:24:02", "elapsed": 0.009819, "delta": 0.000165}}
{"target": -15.159668139254782, "params": {"colsample_bytree": 0.5939321535345923, "eta": 0.07152178474357823, "gamma": 602.7633760716438, "max_depth": 6.0, "min_child_weight": 4237.124338589708, "num_boost_round": 39.0, "subsample": 0.49382849013642327}, "datetime": {"datetime": "2024-01-20 14:24:02", "elapsed": 0.009983, "delta": 0.000164}}
{"target": -15.159520215463925, "params": {"colsample_bytree": 0.5939321535345923, "eta": 0.07152178474357823, "gamma": 602.7633760716438, "max_depth": 6.0, "min_child_weight": 4237.124338589708, "num_boost_round": 40.0, "subsample": 0.49382849013642327}, "datetime": {"datetime": "2024-01-20 14:24:02", "elapsed": 0.010257, "delta": 0.000274}}
{"target": -15.16001599716007, "params": {"colsample_bytree": 0.5939321535345923, "eta": 0.07152178474357823, "gamma": 602.7633760716438, "max_depth": 6.0, "min_child_weight": 4237.124338589708, "num_boost_round": 41.0, "subsample": 0.49382849013642327}, "datetime": {"datetime": "2024-01-20 14:24:02", "elapsed": 0.010438, "delta": 0.000181}}
{"target": -15.160845693424218, "params": {"colsample_bytree": 0.5939321535345923, "eta": 0.07152178474357823, "gamma": 602.7633760716438, "max_depth": 6.0, "min_child_weight": 4237.124338589708, "num_boost_round": 42.0, "subsample": 0.49382849013642327}, "datetime": {"datetime": "2024-01-20 14:24:02", "elapsed": 0.010613, "delta": 0.000175}}
{"target": -15.16059100356557, "params": {"colsample_bytree": 0.5939321535345923, "eta": 0.07152178474357823, "gamma": 602.7633760716438, "max_depth": 6.0, "min_child_weight": 4237.124338589708, "num_boost_round": 43.0, "subsample": 0.49382849013642327}, "datetime": {"datetime": "2024-01-20 14:24:02", "elapsed": 0.010783, "delta": 0.00017}}
{"target": -15.160652320730955, "params": {"colsample_bytree": 0.5939321535345923, "eta": 0.07152178474357823, "gamma": 602.7633760716438, "max_depth": 6.0, "min_child_weight": 4237.124338589708, "num_boost_round": 44.0, "subsample": 0.49382849013642327}, "datetime": {"datetime": "2024-01-20 14:24:02", "elapsed": 0.010956, "delta": 0.000173}}
{"target": -15.160829021226956, "params": {"colsample_bytree": 0.5939321535345923, "eta": 0.07152178474357823, "gamma": 602.7633760716438, "max_depth": 6.0, "min_child_weight": 4237.124338589708, "num_boost_round": 45.0, "subsample": 0.49382849013642327}, "datetime": {"datetime": "2024-01-20 14:24:02", "elapsed": 0.011128, "delta": 0.000172}}
{"target": -15.161003828977826, "params": {"colsample_bytree": 0.5939321535345923, "eta": 0.07152178474357823, "gamma": 602.7633760716438, "max_depth": 6.0, "min_child_weight": 4237.124338589708, "num_boost_round": 46.0, "subsample": 0.49382849013642327}, "datetime": {"datetime": "2024-01-20 14:24:02", "elapsed": 0.011302, "delta": 0.000174}}
{"target": -15.16126278601916, "params": {"colsample_bytree": 0.5939321535345923, "eta": 0.07152178474357823, "gamma": 602.7633760716438, "max_depth": 6.0, "min_child_weight": 4237.124338589708, "num_boost_round": 47.0, "subsample": 0.49382849013642327}, "datetime": {"datetime": "2024-01-20 14:24:02", "elapsed": 0.011487, "delta": 0.000185}}
{"target": -15.161458441281153, "params": {"colsample_bytree": 0.5939321535345923, "eta": 0.07152178474357823, "gamma": 602.7633760716438, "max_depth": 6.0, "min_child_weight": 4237.124338589708, "num_boost_round": 48.0, "subsample": 0.49382849013642327}, "datetime": {"datetime": "2024-01-20 14:24:02", "elapsed": 0.011662, "delta": 0.000175}}
{"target": -15.161826028334815, "params": {"colsample_bytree": 0.5939321535345923, "eta": 0.07152178474357823, "gamma": 602.7633760716438, "max_depth": 6.0, "min_child_weight": 4237.124338589708, "num_boost_round": 49.0, "subsample": 0.49382849013642327}, "datetime": {"datetime": "2024-01-20 14:24:02", "elapsed": 0.011836, "delta": 0.000174}}
{"target": -15.162024768060546, "params": {"colsample_bytree": 0.5939321535345923, "eta": 0.07152178474357823, "gamma": 602.7633760716438, "max_depth": 6.0, "min_child_weight": 4237.124338589708, "num_boost_round": 50.0, "subsample": 0.49382849013642327}, "datetime": {"datetime": "2024-01-20 14:24:02", "elapsed": 0.012015, "delta": 0.000179}}
{"target": -15.16189592876805, "params": {"colsample_bytree": 0.5939321535345923, "eta": 0.07152178474357823, "gamma": 602.7633760716438, "max_depth": 6.0, "min_child_weight": 4237.124338589708, "num_boost_round": 51.0, "subsample": 0.49382849013642327}, "datetime": {"datetime": "2024-01-20 14:24:02", "elapsed": 0.012195, "delta": 0.00018}}
{"target": -15.162273209710191, "params": {"colsample_bytree": 0.5939321535345923, "eta": 0.07152178474357823, "gamma": 602.7633760716438, "max_depth": 6.0, "min_child_weight": 4237.124338589708, "num_boost_round": 52.0, "subsample": 0.49382849013642327}, "datetime": {"datetime": "2024-01-20 14:24:02", "elapsed": 0.012384, "delta": 0.000189}}
{"target": -15.161936830723075, "params": {"colsample_bytree": 0.5939321535345923, "eta": 0.07152178474357823, "gamma": 602.7633760716438, "max_depth": 6.0, "min_child_weight": 4237.124338589708, "num_boost_round": 53.0, "subsample": 0.49382849013642327}, "datetime": {"datetime": "2024-01-20 14:24:02", "elapsed": 0.012569, "delta": 0.000185}}
{"target": -15.162403748936953, "params": {"colsample_bytree": 0.5939321535345923, "eta": 0.07152178474357823, "gamma": 602.7633760716438, "max_depth": 6.0, "min_child_weight": 4237.124338589708, "num_boost_round": 54.0, "subsample": 0.49382849013642327}, "datetime": {"datetime": "2024-01-20 14:24:02", "elapsed": 0.012757, "delta": 0.000188}}
{"target": -15.1624874510729, "params": {"colsample_bytree": 0.5939321535345923, "eta": 0.07152178474357823, "gamma": 602.7633760716438, "max_depth": 6.0, "min_child_weight": 4237.124338589708, "num_boost_round": 55.0, "subsample": 0.49382849013642327}, "datetime": {"datetime": "2024-01-20 14:24:02", "elapsed": 0.012947, "delta": 0.00019}}
{"target": -15.162654743535043, "params": {"colsample_bytree": 0.5939321535345923, "eta": 0.07152178474357823, "gamma": 602.7633760716438, "max_depth": 6.0, "min_child_weight": 4237.124338589708, "num_boost_round": 56.0, "subsample": 0.49382849013642327}, "datetime": {"datetime": "2024-01-20 14:24:02", "elapsed": 0.013141, "delta": 0.000194}}
{"target": -15.163520581734906, "params": {"colsample_bytree": 0.5939321535345923, "eta": 0.07152178474357823, "gamma": 602.7633760716438, "max_depth": 6.0, "min_child_weight": 4237.124338589708, "num_boost_round": 57.0, "subsample": 0.49382849013642327}, "datetime": {"datetime": "2024-01-20 14:24:02", "elapsed": 0.013333, "delta": 0.000192}}
{"target": -15.164079312550165, "params": {"colsample_bytree": 0.5939321535345923, "eta": 0.07152178474357823, "gamma": 602.7633760716438, "max_depth": 6.0, "min_child_weight": 4237.124338589708, "num_boost_round": 58.0, "subsample": 0.49382849013642327}, "datetime": {"datetime": "2024-01-20 14:24:02", "elapsed": 0.013524, "delta": 0.000191}}
{"target": -15.164034783904164, "params": {"colsample_bytree": 0.5939321535345923, "eta": 0.07152178474357823, "gamma": 602.7633760716438, "max_depth": 6.0, "min_child_weight": 4237.124338589708, "num_boost_round": 59.0, "subsample": 0.49382849013642327}, "datetime": {"datetime": "2024-01-20 14:24:02", "elapsed": 0.01372, "delta": 0.000196}}
{"target": -15.164039919837446, "params": {"colsample_bytree": 0.5939321535345923, "eta": 0.07152178474357823, "gamma": 602.7633760716438, "max_depth": 6.0, "min_child_weight": 4237.124338589708, "num_boost_round": 60.0, "subsample": 0.49382849013642327}, "datetime": {"datetime": "2024-01-20 14:24:02", "elapsed": 0.013915, "delta": 0.000195}}
{"target": -15.1643141796537, "params": {"colsample_bytree": 0.5939321535345923, "eta": 0.07152178474357823, "gamma": 602.7633760716438, "max_depth": 6.0, "min_child_weight": 4237.124338589708, "num_boost_round": 61.0, "subsample": 0.49382849013642327}, "datetime": {"datetime": "2024-01-20 14:24:02", "elapsed": 0.014112, "delta": 0.000197}}
{"target": -15.164632809417286, "params": {"colsample_bytree": 0.5939321535345923, "eta": 0.07152178474357823, "gamma": 602.7633760716438, "max_depth": 6.0, "min_child_weight": 4237.124338589708, "num_boost_round": 62.0, "subsample": 0.49382849013642327}, "datetime": {"datetime": "2024-01-20 14:24:02", "elapsed": 0.014307, "delta": 0.000195}}
{"target": -15.164592935644132, "params": {"colsample_bytree": 0.5939321535345923, "eta": 0.07152178474357823, "gamma": 602.7633760716438, "max_depth": 6.0, "min_child_weight": 4237.124338589708, "num_boost_round": 63.0, "subsample": 0.49382849013642327}, "datetime": {"datetime": "2024-01-20 14:24:02", "elapsed": 0.014513, "delta": 0.000206}}
