{"target": -13.736768640786732, "params": {"colsample_bytree": 0.41196654865092874, "eta": 0.03843289571411461, "gamma": 521.364227288187, "max_depth": 4.0, "min_child_weight": 4659.070435844631, "num_boost_round": 12.0, "subsample": 0.6246194445158799}, "datetime": {"datetime": "2024-01-20 15:07:47", "elapsed": 2628.831249, "delta": 0.001661}}
{"target": -13.737276526354597, "params": {"colsample_bytree": 0.41196654865092874, "eta": 0.03843289571411461, "gamma": 521.364227288187, "max_depth": 4.0, "min_child_weight": 4659.070435844631, "num_boost_round": 13.0, "subsample": 0.6246194445158799}, "datetime": {"datetime": "2024-01-20 15:07:47", "elapsed": 2628.832912, "delta": 0.001663}}
{"target": -13.733168314534364, "params": {"colsample_bytree": 0.5787798418287851, "eta": 0.09192269643183126, "gamma": 575.0901135419152, "max_depth": 9.0, "min_child_weight": 4733.417134157483, "num_boost_round": 1.0, "subsample": 0.5150878674326504}, "datetime": {"datetime": "2024-01-20 15:08:04", "elapsed": 2645.832862, "delta": 16.99995}}
{"target": -13.73468374290982, "params": {"colsample_bytree": 0.5787798418287851, "eta": 0.09192269643183126, "gamma": 575.0901135419152, "max_depth": 9.0, "min_child_weight": 4733.417134157483, "num_boost_round": 2.0, "subsample": 0.5150878674326504}, "datetime": {"datetime": "2024-01-20 15:08:04", "elapsed": 2645.834962, "delta": 0.0021}}
{"target": -13.736999122205528, "params": {"colsample_bytree": 0.5787798418287851, "eta": 0.09192269643183126, "gamma": 575.0901135419152, "max_depth": 9.0, "min_child_weight": 4733.417134157483, "num_boost_round": 3.0, "subsample": 0.5150878674326504}, "datetime": {"datetime": "2024-01-20 15:08:04", "elapsed": 2645.837605, "delta": 0.002643}}
{"target": -13.739699342969924, "params": {"colsample_bytree": 0.5787798418287851, "eta": 0.09192269643183126, "gamma": 575.0901135419152, "max_depth": 9.0, "min_child_weight": 4733.417134157483, "num_boost_round": 4.0, "subsample": 0.5150878674326504}, "datetime": {"datetime": "2024-01-20 15:08:04", "elapsed": 2645.839474, "delta": 0.001869}}
{"target": -13.742603837569755, "params": {"colsample_bytree": 0.5787798418287851, "eta": 0.09192269643183126, "gamma": 575.0901135419152, "max_depth": 9.0, "min_child_weight": 4733.417134157483, "num_boost_round": 5.0, "subsample": 0.5150878674326504}, "datetime": {"datetime": "2024-01-20 15:08:04", "elapsed": 2645.841368, "delta": 0.001894}}
{"target": -13.731095398905008, "params": {"colsample_bytree": 0.17597063723690326, "eta": 0.00965737173209595, "gamma": 902.4998563043517, "max_depth": 2.0, "min_child_weight": 4418.792485210825, "num_boost_round": 1.0, "subsample": 0.7916933948939854}, "datetime": {"datetime": "2024-01-20 15:08:19", "elapsed": 2660.163939, "delta": 14.322571}}
{"target": -13.731111634169592, "params": {"colsample_bytree": 0.8629534924422488, "eta": 0.006419952571440694, "gamma": 418.09213053699233, "max_depth": 5.0, "min_child_weight": 3976.9968511057045, "num_boost_round": 1.0, "subsample": 0.4362865328050862}, "datetime": {"datetime": "2024-01-20 15:08:35", "elapsed": 2676.364238, "delta": 16.200299}}
{"target": -13.73153021019903, "params": {"colsample_bytree": 0.12535993979459872, "eta": 0.06154216859840754, "gamma": 758.3485129728876, "max_depth": 5.0, "min_child_weight": 4698.601956690474, "num_boost_round": 1.0, "subsample": 0.2667666782199757}, "datetime": {"datetime": "2024-01-20 15:08:52", "elapsed": 2693.60831, "delta": 17.244072}}
{"target": -13.73152852077078, "params": {"colsample_bytree": 0.513528123439599, "eta": 0.04336284872218281, "gamma": 510.5480849586945, "max_depth": 2.0, "min_child_weight": 4003.984731925499, "num_boost_round": 1.0, "subsample": 0.3015079767822337}, "datetime": {"datetime": "2024-01-20 15:09:09", "elapsed": 2710.711765, "delta": 17.103455}}
{"target": -13.732031253165289, "params": {"colsample_bytree": 0.513528123439599, "eta": 0.04336284872218281, "gamma": 510.5480849586945, "max_depth": 2.0, "min_child_weight": 4003.984731925499, "num_boost_round": 2.0, "subsample": 0.3015079767822337}, "datetime": {"datetime": "2024-01-20 15:09:09", "elapsed": 2710.71437, "delta": 0.002605}}
{"target": -13.732423466008933, "params": {"colsample_bytree": 0.513528123439599, "eta": 0.04336284872218281, "gamma": 510.5480849586945, "max_depth": 2.0, "min_child_weight": 4003.984731925499, "num_boost_round": 3.0, "subsample": 0.3015079767822337}, "datetime": {"datetime": "2024-01-20 15:09:09", "elapsed": 2710.716378, "delta": 0.002008}}
{"target": -13.732961046260447, "params": {"colsample_bytree": 0.513528123439599, "eta": 0.04336284872218281, "gamma": 510.5480849586945, "max_depth": 2.0, "min_child_weight": 4003.984731925499, "num_boost_round": 4.0, "subsample": 0.3015079767822337}, "datetime": {"datetime": "2024-01-20 15:09:09", "elapsed": 2710.718446, "delta": 0.002068}}
{"target": -13.733086374538141, "params": {"colsample_bytree": 0.7899913229097104, "eta": 0.09894425061024062, "gamma": 718.3596385374766, "max_depth": 5.0, "min_child_weight": 3925.035028061376, "num_boost_round": 1.0, "subsample": 0.702917898832008}, "datetime": {"datetime": "2024-01-20 15:09:25", "elapsed": 2726.747404, "delta": 16.028958}}
{"target": -13.73181038215574, "params": {"colsample_bytree": 0.22423195338318214, "eta": 0.06555270002630964, "gamma": 376.38870253688725, "max_depth": 9.0, "min_child_weight": 4066.977319939935, "num_boost_round": 1.0, "subsample": 0.9935907613564919}, "datetime": {"datetime": "2024-01-20 15:09:42", "elapsed": 2742.998472, "delta": 16.251068}}
{"target": -13.732436844902974, "params": {"colsample_bytree": 0.22423195338318214, "eta": 0.06555270002630964, "gamma": 376.38870253688725, "max_depth": 9.0, "min_child_weight": 4066.977319939935, "num_boost_round": 2.0, "subsample": 0.9935907613564919}, "datetime": {"datetime": "2024-01-20 15:09:42", "elapsed": 2743.000979, "delta": 0.002507}}
{"target": -13.731725272241, "params": {"colsample_bytree": 0.9961101903212497, "eta": 0.03773925305729143, "gamma": 997.6689510860456, "max_depth": 6.0, "min_child_weight": 4152.467529956278, "num_boost_round": 1.0, "subsample": 0.7448474850960388}, "datetime": {"datetime": "2024-01-20 15:10:00", "elapsed": 2760.983362, "delta": 17.982383}}
{"target": -13.732505862030727, "params": {"colsample_bytree": 0.9961101903212497, "eta": 0.03773925305729143, "gamma": 997.6689510860456, "max_depth": 6.0, "min_child_weight": 4152.467529956278, "num_boost_round": 2.0, "subsample": 0.7448474850960388}, "datetime": {"datetime": "2024-01-20 15:10:00", "elapsed": 2760.98667, "delta": 0.003308}}
{"target": -13.733731831117101, "params": {"colsample_bytree": 0.9961101903212497, "eta": 0.03773925305729143, "gamma": 997.6689510860456, "max_depth": 6.0, "min_child_weight": 4152.467529956278, "num_boost_round": 3.0, "subsample": 0.7448474850960388}, "datetime": {"datetime": "2024-01-20 15:10:00", "elapsed": 2760.988976, "delta": 0.002306}}
{"target": -13.731299787415818, "params": {"colsample_bytree": 0.7833029991375366, "eta": 0.01645062474705455, "gamma": 210.77112415379662, "max_depth": 7.0, "min_child_weight": 3450.465843798481, "num_boost_round": 1.0, "subsample": 0.44985701707267545}, "datetime": {"datetime": "2024-01-20 15:10:16", "elapsed": 2777.580855, "delta": 16.591879}}
{"target": -13.73222560709095, "params": {"colsample_bytree": 0.3604656997944484, "eta": 0.09063366130722872, "gamma": 239.04695942053456, "max_depth": 9.0, "min_child_weight": 3629.0890466254086, "num_boost_round": 1.0, "subsample": 0.4293917218317359}, "datetime": {"datetime": "2024-01-20 15:10:34", "elapsed": 2794.974072, "delta": 17.393217}}
{"target": -13.733085240847602, "params": {"colsample_bytree": 0.3604656997944484, "eta": 0.09063366130722872, "gamma": 239.04695942053456, "max_depth": 9.0, "min_child_weight": 3629.0890466254086, "num_boost_round": 2.0, "subsample": 0.4293917218317359}, "datetime": {"datetime": "2024-01-20 15:10:34", "elapsed": 2794.977433, "delta": 0.003361}}
{"target": -13.731542267052841, "params": {"colsample_bytree": 0.9715981292799307, "eta": 0.032149841812933386, "gamma": 863.6042444868839, "max_depth": 5.0, "min_child_weight": 3786.9106588031013, "num_boost_round": 1.0, "subsample": 0.7327895563347586}, "datetime": {"datetime": "2024-01-20 15:10:59", "elapsed": 2819.944325, "delta": 24.966892}}
{"target": -13.732066466992142, "params": {"colsample_bytree": 0.9715981292799307, "eta": 0.032149841812933386, "gamma": 863.6042444868839, "max_depth": 5.0, "min_child_weight": 3786.9106588031013, "num_boost_round": 2.0, "subsample": 0.7327895563347586}, "datetime": {"datetime": "2024-01-20 15:10:59", "elapsed": 2819.946334, "delta": 0.002009}}
{"target": -13.732670680144507, "params": {"colsample_bytree": 0.9715981292799307, "eta": 0.032149841812933386, "gamma": 863.6042444868839, "max_depth": 5.0, "min_child_weight": 3786.9106588031013, "num_boost_round": 3.0, "subsample": 0.7327895563347586}, "datetime": {"datetime": "2024-01-20 15:10:59", "elapsed": 2819.948078, "delta": 0.001744}}
{"target": -13.733380454966854, "params": {"colsample_bytree": 0.9715981292799307, "eta": 0.032149841812933386, "gamma": 863.6042444868839, "max_depth": 5.0, "min_child_weight": 3786.9106588031013, "num_boost_round": 4.0, "subsample": 0.7327895563347586}, "datetime": {"datetime": "2024-01-20 15:10:59", "elapsed": 2819.95013, "delta": 0.002052}}
{"target": -13.734021444217678, "params": {"colsample_bytree": 0.9715981292799307, "eta": 0.032149841812933386, "gamma": 863.6042444868839, "max_depth": 5.0, "min_child_weight": 3786.9106588031013, "num_boost_round": 5.0, "subsample": 0.7327895563347586}, "datetime": {"datetime": "2024-01-20 15:10:59", "elapsed": 2819.951833, "delta": 0.001703}}
{"target": -13.735097193026524, "params": {"colsample_bytree": 0.9715981292799307, "eta": 0.032149841812933386, "gamma": 863.6042444868839, "max_depth": 5.0, "min_child_weight": 3786.9106588031013, "num_boost_round": 6.0, "subsample": 0.7327895563347586}, "datetime": {"datetime": "2024-01-20 15:10:59", "elapsed": 2819.953536, "delta": 0.001703}}
{"target": -13.736070070776133, "params": {"colsample_bytree": 0.9715981292799307, "eta": 0.032149841812933386, "gamma": 863.6042444868839, "max_depth": 5.0, "min_child_weight": 3786.9106588031013, "num_boost_round": 7.0, "subsample": 0.7327895563347586}, "datetime": {"datetime": "2024-01-20 15:10:59", "elapsed": 2819.955245, "delta": 0.001709}}
{"target": -13.737085445657424, "params": {"colsample_bytree": 0.9715981292799307, "eta": 0.032149841812933386, "gamma": 863.6042444868839, "max_depth": 5.0, "min_child_weight": 3786.9106588031013, "num_boost_round": 8.0, "subsample": 0.7327895563347586}, "datetime": {"datetime": "2024-01-20 15:10:59", "elapsed": 2819.95793, "delta": 0.002685}}
{"target": -13.738105471464486, "params": {"colsample_bytree": 0.9715981292799307, "eta": 0.032149841812933386, "gamma": 863.6042444868839, "max_depth": 5.0, "min_child_weight": 3786.9106588031013, "num_boost_round": 9.0, "subsample": 0.7327895563347586}, "datetime": {"datetime": "2024-01-20 15:10:59", "elapsed": 2819.959663, "delta": 0.001733}}
{"target": -13.738985389394207, "params": {"colsample_bytree": 0.9715981292799307, "eta": 0.032149841812933386, "gamma": 863.6042444868839, "max_depth": 5.0, "min_child_weight": 3786.9106588031013, "num_boost_round": 10.0, "subsample": 0.7327895563347586}, "datetime": {"datetime": "2024-01-20 15:10:59", "elapsed": 2819.961353, "delta": 0.00169}}
{"target": -13.739886324087108, "params": {"colsample_bytree": 0.9715981292799307, "eta": 0.032149841812933386, "gamma": 863.6042444868839, "max_depth": 5.0, "min_child_weight": 3786.9106588031013, "num_boost_round": 11.0, "subsample": 0.7327895563347586}, "datetime": {"datetime": "2024-01-20 15:10:59", "elapsed": 2819.963203, "delta": 0.00185}}
{"target": -13.74049414430263, "params": {"colsample_bytree": 0.9715981292799307, "eta": 0.032149841812933386, "gamma": 863.6042444868839, "max_depth": 5.0, "min_child_weight": 3786.9106588031013, "num_boost_round": 12.0, "subsample": 0.7327895563347586}, "datetime": {"datetime": "2024-01-20 15:10:59", "elapsed": 2819.965014, "delta": 0.001811}}
{"target": -13.741157641358864, "params": {"colsample_bytree": 0.9715981292799307, "eta": 0.032149841812933386, "gamma": 863.6042444868839, "max_depth": 5.0, "min_child_weight": 3786.9106588031013, "num_boost_round": 13.0, "subsample": 0.7327895563347586}, "datetime": {"datetime": "2024-01-20 15:10:59", "elapsed": 2819.966727, "delta": 0.001713}}
{"target": -13.741872115822167, "params": {"colsample_bytree": 0.9715981292799307, "eta": 0.032149841812933386, "gamma": 863.6042444868839, "max_depth": 5.0, "min_child_weight": 3786.9106588031013, "num_boost_round": 14.0, "subsample": 0.7327895563347586}, "datetime": {"datetime": "2024-01-20 15:10:59", "elapsed": 2819.968453, "delta": 0.001726}}
{"target": -13.742874202785327, "params": {"colsample_bytree": 0.9715981292799307, "eta": 0.032149841812933386, "gamma": 863.6042444868839, "max_depth": 5.0, "min_child_weight": 3786.9106588031013, "num_boost_round": 15.0, "subsample": 0.7327895563347586}, "datetime": {"datetime": "2024-01-20 15:10:59", "elapsed": 2819.970156, "delta": 0.001703}}
{"target": -13.743734531834063, "params": {"colsample_bytree": 0.9715981292799307, "eta": 0.032149841812933386, "gamma": 863.6042444868839, "max_depth": 5.0, "min_child_weight": 3786.9106588031013, "num_boost_round": 16.0, "subsample": 0.7327895563347586}, "datetime": {"datetime": "2024-01-20 15:10:59", "elapsed": 2819.971938, "delta": 0.001782}}
{"target": -13.744896919252831, "params": {"colsample_bytree": 0.9715981292799307, "eta": 0.032149841812933386, "gamma": 863.6042444868839, "max_depth": 5.0, "min_child_weight": 3786.9106588031013, "num_boost_round": 17.0, "subsample": 0.7327895563347586}, "datetime": {"datetime": "2024-01-20 15:10:59", "elapsed": 2819.973761, "delta": 0.001823}}
{"target": -13.745541090747778, "params": {"colsample_bytree": 0.9715981292799307, "eta": 0.032149841812933386, "gamma": 863.6042444868839, "max_depth": 5.0, "min_child_weight": 3786.9106588031013, "num_boost_round": 18.0, "subsample": 0.7327895563347586}, "datetime": {"datetime": "2024-01-20 15:10:59", "elapsed": 2819.975614, "delta": 0.001853}}
{"target": -13.746627398485494, "params": {"colsample_bytree": 0.9715981292799307, "eta": 0.032149841812933386, "gamma": 863.6042444868839, "max_depth": 5.0, "min_child_weight": 3786.9106588031013, "num_boost_round": 19.0, "subsample": 0.7327895563347586}, "datetime": {"datetime": "2024-01-20 15:10:59", "elapsed": 2819.97733, "delta": 0.001716}}
{"target": -13.747211333474066, "params": {"colsample_bytree": 0.9715981292799307, "eta": 0.032149841812933386, "gamma": 863.6042444868839, "max_depth": 5.0, "min_child_weight": 3786.9106588031013, "num_boost_round": 20.0, "subsample": 0.7327895563347586}, "datetime": {"datetime": "2024-01-20 15:10:59", "elapsed": 2819.979113, "delta": 0.001783}}
{"target": -13.747971894115686, "params": {"colsample_bytree": 0.9715981292799307, "eta": 0.032149841812933386, "gamma": 863.6042444868839, "max_depth": 5.0, "min_child_weight": 3786.9106588031013, "num_boost_round": 21.0, "subsample": 0.7327895563347586}, "datetime": {"datetime": "2024-01-20 15:10:59", "elapsed": 2819.980825, "delta": 0.001712}}
{"target": -13.749109813165294, "params": {"colsample_bytree": 0.9715981292799307, "eta": 0.032149841812933386, "gamma": 863.6042444868839, "max_depth": 5.0, "min_child_weight": 3786.9106588031013, "num_boost_round": 22.0, "subsample": 0.7327895563347586}, "datetime": {"datetime": "2024-01-20 15:10:59", "elapsed": 2819.982526, "delta": 0.001701}}
{"target": -13.750159572592594, "params": {"colsample_bytree": 0.9715981292799307, "eta": 0.032149841812933386, "gamma": 863.6042444868839, "max_depth": 5.0, "min_child_weight": 3786.9106588031013, "num_boost_round": 23.0, "subsample": 0.7327895563347586}, "datetime": {"datetime": "2024-01-20 15:10:59", "elapsed": 2819.98439, "delta": 0.001864}}
{"target": -13.731521990491418, "params": {"colsample_bytree": 0.8852946717289356, "eta": 0.03995672712593119, "gamma": 882.2897220174355, "max_depth": 5.0, "min_child_weight": 4556.106769607923, "num_boost_round": 1.0, "subsample": 0.5967285346835679}, "datetime": {"datetime": "2024-01-20 15:11:15", "elapsed": 2836.60688, "delta": 16.62249}}
{"target": -13.731931143649545, "params": {"colsample_bytree": 0.8852946717289356, "eta": 0.03995672712593119, "gamma": 882.2897220174355, "max_depth": 5.0, "min_child_weight": 4556.106769607923, "num_boost_round": 2.0, "subsample": 0.5967285346835679}, "datetime": {"datetime": "2024-01-20 15:11:15", "elapsed": 2836.610472, "delta": 0.003592}}
{"target": -13.731586765805174, "params": {"colsample_bytree": 0.9085057638100891, "eta": 0.0503510227705664, "gamma": 985.0896037849421, "max_depth": 5.0, "min_child_weight": 4247.92296893183, "num_boost_round": 1.0, "subsample": 0.16623182846788215}, "datetime": {"datetime": "2024-01-20 15:11:33", "elapsed": 2853.901834, "delta": 17.291362}}
{"target": -13.732428092634784, "params": {"colsample_bytree": 0.9085057638100891, "eta": 0.0503510227705664, "gamma": 985.0896037849421, "max_depth": 5.0, "min_child_weight": 4247.92296893183, "num_boost_round": 2.0, "subsample": 0.16623182846788215}, "datetime": {"datetime": "2024-01-20 15:11:33", "elapsed": 2853.904143, "delta": 0.002309}}
{"target": -13.733401082885738, "params": {"colsample_bytree": 0.9085057638100891, "eta": 0.0503510227705664, "gamma": 985.0896037849421, "max_depth": 5.0, "min_child_weight": 4247.92296893183, "num_boost_round": 3.0, "subsample": 0.16623182846788215}, "datetime": {"datetime": "2024-01-20 15:11:33", "elapsed": 2853.906225, "delta": 0.002082}}
{"target": -13.73439124450599, "params": {"colsample_bytree": 0.9085057638100891, "eta": 0.0503510227705664, "gamma": 985.0896037849421, "max_depth": 5.0, "min_child_weight": 4247.92296893183, "num_boost_round": 4.0, "subsample": 0.16623182846788215}, "datetime": {"datetime": "2024-01-20 15:11:33", "elapsed": 2853.908276, "delta": 0.002051}}
{"target": -13.732023670857917, "params": {"colsample_bytree": 0.9555191565373602, "eta": 0.08095813021156033, "gamma": 542.3908917465752, "max_depth": 2.0, "min_child_weight": 3821.9359542703696, "num_boost_round": 1.0, "subsample": 0.4460894847362198}, "datetime": {"datetime": "2024-01-20 15:11:48", "elapsed": 2869.584822, "delta": 15.676546}}
{"target": -13.73333739702243, "params": {"colsample_bytree": 0.9555191565373602, "eta": 0.08095813021156033, "gamma": 542.3908917465752, "max_depth": 2.0, "min_child_weight": 3821.9359542703696, "num_boost_round": 2.0, "subsample": 0.4460894847362198}, "datetime": {"datetime": "2024-01-20 15:11:48", "elapsed": 2869.587249, "delta": 0.002427}}
{"target": -13.732362542376421, "params": {"colsample_bytree": 0.45881311470465724, "eta": 0.09378312630867679, "gamma": 679.6205543333872, "max_depth": 5.0, "min_child_weight": 4071.637882449551, "num_boost_round": 1.0, "subsample": 0.9869088617917869}, "datetime": {"datetime": "2024-01-20 15:12:06", "elapsed": 2887.549057, "delta": 17.961808}}
{"target": -13.73365631694317, "params": {"colsample_bytree": 0.45881311470465724, "eta": 0.09378312630867679, "gamma": 679.6205543333872, "max_depth": 5.0, "min_child_weight": 4071.637882449551, "num_boost_round": 2.0, "subsample": 0.9869088617917869}, "datetime": {"datetime": "2024-01-20 15:12:06", "elapsed": 2887.552178, "delta": 0.003121}}
{"target": -13.73105656184744, "params": {"colsample_bytree": 0.15325325435295006, "eta": 0.014385056563493868, "gamma": 509.46217676767833, "max_depth": 7.0, "min_child_weight": 3873.848447386798, "num_boost_round": 1.0, "subsample": 0.658097665815756}, "datetime": {"datetime": "2024-01-20 15:12:24", "elapsed": 2905.053638, "delta": 17.50146}}
{"target": -13.731165860869908, "params": {"colsample_bytree": 0.15325325435295006, "eta": 0.014385056563493868, "gamma": 509.46217676767833, "max_depth": 7.0, "min_child_weight": 3873.848447386798, "num_boost_round": 2.0, "subsample": 0.658097665815756}, "datetime": {"datetime": "2024-01-20 15:12:24", "elapsed": 2905.05666, "delta": 0.003022}}
{"target": -13.731582736007955, "params": {"colsample_bytree": 0.9534831699450508, "eta": 0.026190265299434273, "gamma": 758.6612182190686, "max_depth": 6.0, "min_child_weight": 3901.932622391227, "num_boost_round": 1.0, "subsample": 0.36423685137547646}, "datetime": {"datetime": "2024-01-20 15:12:42", "elapsed": 2923.334237, "delta": 18.277577}}
{"target": -13.731936220006768, "params": {"colsample_bytree": 0.9534831699450508, "eta": 0.026190265299434273, "gamma": 758.6612182190686, "max_depth": 6.0, "min_child_weight": 3901.932622391227, "num_boost_round": 2.0, "subsample": 0.36423685137547646}, "datetime": {"datetime": "2024-01-20 15:12:42", "elapsed": 2923.337193, "delta": 0.002956}}
{"target": -13.732400153725287, "params": {"colsample_bytree": 0.9534831699450508, "eta": 0.026190265299434273, "gamma": 758.6612182190686, "max_depth": 6.0, "min_child_weight": 3901.932622391227, "num_boost_round": 3.0, "subsample": 0.36423685137547646}, "datetime": {"datetime": "2024-01-20 15:12:42", "elapsed": 2923.339125, "delta": 0.001932}}
{"target": -13.733122911444934, "params": {"colsample_bytree": 0.9534831699450508, "eta": 0.026190265299434273, "gamma": 758.6612182190686, "max_depth": 6.0, "min_child_weight": 3901.932622391227, "num_boost_round": 4.0, "subsample": 0.36423685137547646}, "datetime": {"datetime": "2024-01-20 15:12:42", "elapsed": 2923.341352, "delta": 0.002227}}
{"target": -13.731511217364021, "params": {"colsample_bytree": 0.3448207360690383, "eta": 0.05454326306903403, "gamma": 243.75772699470232, "max_depth": 2.0, "min_child_weight": 3410.9151522030097, "num_boost_round": 1.0, "subsample": 0.6577864986231485}, "datetime": {"datetime": "2024-01-20 15:12:58", "elapsed": 2939.78295, "delta": 16.441598}}
