{"target": -13.503237163001765, "params": {"colsample_bytree": 0.8520921833435969, "eta": 0.08995491558406918, "gamma": 567.4968298131654, "max_depth": 2.0, "min_child_weight": 4394.3896205299725, "num_boost_round": 162.0, "subsample": 0.8393671806221255}, "datetime": {"datetime": "2024-01-20 14:49:47", "elapsed": 1540.923485, "delta": 0.0025}}
{"target": -13.503227132862698, "params": {"colsample_bytree": 0.8520921833435969, "eta": 0.08995491558406918, "gamma": 567.4968298131654, "max_depth": 2.0, "min_child_weight": 4394.3896205299725, "num_boost_round": 163.0, "subsample": 0.8393671806221255}, "datetime": {"datetime": "2024-01-20 14:49:47", "elapsed": 1540.930348, "delta": 0.006863}}
{"target": -13.50329169485643, "params": {"colsample_bytree": 0.8520921833435969, "eta": 0.08995491558406918, "gamma": 567.4968298131654, "max_depth": 2.0, "min_child_weight": 4394.3896205299725, "num_boost_round": 164.0, "subsample": 0.8393671806221255}, "datetime": {"datetime": "2024-01-20 14:49:47", "elapsed": 1540.93337, "delta": 0.003022}}
{"target": -13.503505938379522, "params": {"colsample_bytree": 0.8520921833435969, "eta": 0.08995491558406918, "gamma": 567.4968298131654, "max_depth": 2.0, "min_child_weight": 4394.3896205299725, "num_boost_round": 165.0, "subsample": 0.8393671806221255}, "datetime": {"datetime": "2024-01-20 14:49:47", "elapsed": 1540.935958, "delta": 0.002588}}
{"target": -13.503591867129533, "params": {"colsample_bytree": 0.8520921833435969, "eta": 0.08995491558406918, "gamma": 567.4968298131654, "max_depth": 2.0, "min_child_weight": 4394.3896205299725, "num_boost_round": 166.0, "subsample": 0.8393671806221255}, "datetime": {"datetime": "2024-01-20 14:49:47", "elapsed": 1540.938894, "delta": 0.002936}}
{"target": -13.503686306897444, "params": {"colsample_bytree": 0.8520921833435969, "eta": 0.08995491558406918, "gamma": 567.4968298131654, "max_depth": 2.0, "min_child_weight": 4394.3896205299725, "num_boost_round": 167.0, "subsample": 0.8393671806221255}, "datetime": {"datetime": "2024-01-20 14:49:47", "elapsed": 1540.941503, "delta": 0.002609}}
{"target": -13.503737857568861, "params": {"colsample_bytree": 0.8520921833435969, "eta": 0.08995491558406918, "gamma": 567.4968298131654, "max_depth": 2.0, "min_child_weight": 4394.3896205299725, "num_boost_round": 168.0, "subsample": 0.8393671806221255}, "datetime": {"datetime": "2024-01-20 14:49:47", "elapsed": 1540.944045, "delta": 0.002542}}
{"target": -13.503784895427039, "params": {"colsample_bytree": 0.8520921833435969, "eta": 0.08995491558406918, "gamma": 567.4968298131654, "max_depth": 2.0, "min_child_weight": 4394.3896205299725, "num_boost_round": 169.0, "subsample": 0.8393671806221255}, "datetime": {"datetime": "2024-01-20 14:49:47", "elapsed": 1540.946571, "delta": 0.002526}}
{"target": -13.503765077913197, "params": {"colsample_bytree": 0.8520921833435969, "eta": 0.08995491558406918, "gamma": 567.4968298131654, "max_depth": 2.0, "min_child_weight": 4394.3896205299725, "num_boost_round": 170.0, "subsample": 0.8393671806221255}, "datetime": {"datetime": "2024-01-20 14:49:47", "elapsed": 1540.949041, "delta": 0.00247}}
{"target": -13.503863802382918, "params": {"colsample_bytree": 0.8520921833435969, "eta": 0.08995491558406918, "gamma": 567.4968298131654, "max_depth": 2.0, "min_child_weight": 4394.3896205299725, "num_boost_round": 171.0, "subsample": 0.8393671806221255}, "datetime": {"datetime": "2024-01-20 14:49:47", "elapsed": 1540.95152, "delta": 0.002479}}
{"target": -13.503937351728133, "params": {"colsample_bytree": 0.8520921833435969, "eta": 0.08995491558406918, "gamma": 567.4968298131654, "max_depth": 2.0, "min_child_weight": 4394.3896205299725, "num_boost_round": 172.0, "subsample": 0.8393671806221255}, "datetime": {"datetime": "2024-01-20 14:49:47", "elapsed": 1540.954023, "delta": 0.002503}}
{"target": -13.503969330673566, "params": {"colsample_bytree": 0.8520921833435969, "eta": 0.08995491558406918, "gamma": 567.4968298131654, "max_depth": 2.0, "min_child_weight": 4394.3896205299725, "num_boost_round": 173.0, "subsample": 0.8393671806221255}, "datetime": {"datetime": "2024-01-20 14:49:47", "elapsed": 1540.956585, "delta": 0.002562}}
{"target": -13.503919507517258, "params": {"colsample_bytree": 0.8520921833435969, "eta": 0.08995491558406918, "gamma": 567.4968298131654, "max_depth": 2.0, "min_child_weight": 4394.3896205299725, "num_boost_round": 174.0, "subsample": 0.8393671806221255}, "datetime": {"datetime": "2024-01-20 14:49:47", "elapsed": 1540.959078, "delta": 0.002493}}
{"target": -13.503949855665416, "params": {"colsample_bytree": 0.8520921833435969, "eta": 0.08995491558406918, "gamma": 567.4968298131654, "max_depth": 2.0, "min_child_weight": 4394.3896205299725, "num_boost_round": 175.0, "subsample": 0.8393671806221255}, "datetime": {"datetime": "2024-01-20 14:49:47", "elapsed": 1540.961577, "delta": 0.002499}}
{"target": -13.503957359011533, "params": {"colsample_bytree": 0.8520921833435969, "eta": 0.08995491558406918, "gamma": 567.4968298131654, "max_depth": 2.0, "min_child_weight": 4394.3896205299725, "num_boost_round": 176.0, "subsample": 0.8393671806221255}, "datetime": {"datetime": "2024-01-20 14:49:47", "elapsed": 1540.964061, "delta": 0.002484}}
{"target": -13.503973199438597, "params": {"colsample_bytree": 0.8520921833435969, "eta": 0.08995491558406918, "gamma": 567.4968298131654, "max_depth": 2.0, "min_child_weight": 4394.3896205299725, "num_boost_round": 177.0, "subsample": 0.8393671806221255}, "datetime": {"datetime": "2024-01-20 14:49:47", "elapsed": 1540.966544, "delta": 0.002483}}
{"target": -13.503987370143179, "params": {"colsample_bytree": 0.8520921833435969, "eta": 0.08995491558406918, "gamma": 567.4968298131654, "max_depth": 2.0, "min_child_weight": 4394.3896205299725, "num_boost_round": 178.0, "subsample": 0.8393671806221255}, "datetime": {"datetime": "2024-01-20 14:49:47", "elapsed": 1540.969042, "delta": 0.002498}}
{"target": -13.504067377418217, "params": {"colsample_bytree": 0.8520921833435969, "eta": 0.08995491558406918, "gamma": 567.4968298131654, "max_depth": 2.0, "min_child_weight": 4394.3896205299725, "num_boost_round": 179.0, "subsample": 0.8393671806221255}, "datetime": {"datetime": "2024-01-20 14:49:47", "elapsed": 1540.971809, "delta": 0.002767}}
{"target": -13.504079522746325, "params": {"colsample_bytree": 0.8520921833435969, "eta": 0.08995491558406918, "gamma": 567.4968298131654, "max_depth": 2.0, "min_child_weight": 4394.3896205299725, "num_boost_round": 180.0, "subsample": 0.8393671806221255}, "datetime": {"datetime": "2024-01-20 14:49:47", "elapsed": 1540.975478, "delta": 0.003669}}
{"target": -13.504199450955834, "params": {"colsample_bytree": 0.8520921833435969, "eta": 0.08995491558406918, "gamma": 567.4968298131654, "max_depth": 2.0, "min_child_weight": 4394.3896205299725, "num_boost_round": 181.0, "subsample": 0.8393671806221255}, "datetime": {"datetime": "2024-01-20 14:49:47", "elapsed": 1540.978636, "delta": 0.003158}}
{"target": -13.504132759723497, "params": {"colsample_bytree": 0.8520921833435969, "eta": 0.08995491558406918, "gamma": 567.4968298131654, "max_depth": 2.0, "min_child_weight": 4394.3896205299725, "num_boost_round": 182.0, "subsample": 0.8393671806221255}, "datetime": {"datetime": "2024-01-20 14:49:47", "elapsed": 1540.981638, "delta": 0.003002}}
{"target": -13.50413974462361, "params": {"colsample_bytree": 0.8520921833435969, "eta": 0.08995491558406918, "gamma": 567.4968298131654, "max_depth": 2.0, "min_child_weight": 4394.3896205299725, "num_boost_round": 183.0, "subsample": 0.8393671806221255}, "datetime": {"datetime": "2024-01-20 14:49:47", "elapsed": 1540.984546, "delta": 0.002908}}
{"target": -13.504230066460835, "params": {"colsample_bytree": 0.8520921833435969, "eta": 0.08995491558406918, "gamma": 567.4968298131654, "max_depth": 2.0, "min_child_weight": 4394.3896205299725, "num_boost_round": 184.0, "subsample": 0.8393671806221255}, "datetime": {"datetime": "2024-01-20 14:49:47", "elapsed": 1540.987926, "delta": 0.00338}}
{"target": -13.504216057462251, "params": {"colsample_bytree": 0.8520921833435969, "eta": 0.08995491558406918, "gamma": 567.4968298131654, "max_depth": 2.0, "min_child_weight": 4394.3896205299725, "num_boost_round": 185.0, "subsample": 0.8393671806221255}, "datetime": {"datetime": "2024-01-20 14:49:47", "elapsed": 1540.99076, "delta": 0.002834}}
{"target": -13.504334021991191, "params": {"colsample_bytree": 0.8520921833435969, "eta": 0.08995491558406918, "gamma": 567.4968298131654, "max_depth": 2.0, "min_child_weight": 4394.3896205299725, "num_boost_round": 186.0, "subsample": 0.8393671806221255}, "datetime": {"datetime": "2024-01-20 14:49:47", "elapsed": 1540.99329, "delta": 0.00253}}
{"target": -13.504398205612455, "params": {"colsample_bytree": 0.8520921833435969, "eta": 0.08995491558406918, "gamma": 567.4968298131654, "max_depth": 2.0, "min_child_weight": 4394.3896205299725, "num_boost_round": 187.0, "subsample": 0.8393671806221255}, "datetime": {"datetime": "2024-01-20 14:49:47", "elapsed": 1540.996511, "delta": 0.003221}}
{"target": -13.504495219130986, "params": {"colsample_bytree": 0.8520921833435969, "eta": 0.08995491558406918, "gamma": 567.4968298131654, "max_depth": 2.0, "min_child_weight": 4394.3896205299725, "num_boost_round": 188.0, "subsample": 0.8393671806221255}, "datetime": {"datetime": "2024-01-20 14:49:47", "elapsed": 1540.999182, "delta": 0.002671}}
{"target": -13.504723125809278, "params": {"colsample_bytree": 0.8520921833435969, "eta": 0.08995491558406918, "gamma": 567.4968298131654, "max_depth": 2.0, "min_child_weight": 4394.3896205299725, "num_boost_round": 189.0, "subsample": 0.8393671806221255}, "datetime": {"datetime": "2024-01-20 14:49:47", "elapsed": 1541.001725, "delta": 0.002543}}
{"target": -13.50472946996738, "params": {"colsample_bytree": 0.8520921833435969, "eta": 0.08995491558406918, "gamma": 567.4968298131654, "max_depth": 2.0, "min_child_weight": 4394.3896205299725, "num_boost_round": 190.0, "subsample": 0.8393671806221255}, "datetime": {"datetime": "2024-01-20 14:49:47", "elapsed": 1541.00418, "delta": 0.002455}}
{"target": -13.504787302526049, "params": {"colsample_bytree": 0.8520921833435969, "eta": 0.08995491558406918, "gamma": 567.4968298131654, "max_depth": 2.0, "min_child_weight": 4394.3896205299725, "num_boost_round": 191.0, "subsample": 0.8393671806221255}, "datetime": {"datetime": "2024-01-20 14:49:47", "elapsed": 1541.006617, "delta": 0.002437}}
{"target": -13.49701935845168, "params": {"colsample_bytree": 0.971741066155591, "eta": 0.06113778950670951, "gamma": 655.8412608624491, "max_depth": 5.0, "min_child_weight": 4409.351998353546, "num_boost_round": 1.0, "subsample": 0.26648485555645285}, "datetime": {"datetime": "2024-01-20 14:50:53", "elapsed": 1607.339797, "delta": 66.33318}}
{"target": -13.496382193190193, "params": {"colsample_bytree": 0.971741066155591, "eta": 0.06113778950670951, "gamma": 655.8412608624491, "max_depth": 5.0, "min_child_weight": 4409.351998353546, "num_boost_round": 2.0, "subsample": 0.26648485555645285}, "datetime": {"datetime": "2024-01-20 14:50:53", "elapsed": 1607.34467, "delta": 0.004873}}
{"target": -13.495764474807931, "params": {"colsample_bytree": 0.971741066155591, "eta": 0.06113778950670951, "gamma": 655.8412608624491, "max_depth": 5.0, "min_child_weight": 4409.351998353546, "num_boost_round": 3.0, "subsample": 0.26648485555645285}, "datetime": {"datetime": "2024-01-20 14:50:53", "elapsed": 1607.347548, "delta": 0.002878}}
{"target": -13.495220536698575, "params": {"colsample_bytree": 0.971741066155591, "eta": 0.06113778950670951, "gamma": 655.8412608624491, "max_depth": 5.0, "min_child_weight": 4409.351998353546, "num_boost_round": 4.0, "subsample": 0.26648485555645285}, "datetime": {"datetime": "2024-01-20 14:50:53", "elapsed": 1607.350214, "delta": 0.002666}}
{"target": -13.494864792918035, "params": {"colsample_bytree": 0.971741066155591, "eta": 0.06113778950670951, "gamma": 655.8412608624491, "max_depth": 5.0, "min_child_weight": 4409.351998353546, "num_boost_round": 5.0, "subsample": 0.26648485555645285}, "datetime": {"datetime": "2024-01-20 14:50:53", "elapsed": 1607.352877, "delta": 0.002663}}
{"target": -13.494405253775179, "params": {"colsample_bytree": 0.971741066155591, "eta": 0.06113778950670951, "gamma": 655.8412608624491, "max_depth": 5.0, "min_child_weight": 4409.351998353546, "num_boost_round": 6.0, "subsample": 0.26648485555645285}, "datetime": {"datetime": "2024-01-20 14:50:53", "elapsed": 1607.355412, "delta": 0.002535}}
{"target": -13.494286796066863, "params": {"colsample_bytree": 0.971741066155591, "eta": 0.06113778950670951, "gamma": 655.8412608624491, "max_depth": 5.0, "min_child_weight": 4409.351998353546, "num_boost_round": 7.0, "subsample": 0.26648485555645285}, "datetime": {"datetime": "2024-01-20 14:50:53", "elapsed": 1607.3579, "delta": 0.002488}}
{"target": -13.494060287958519, "params": {"colsample_bytree": 0.971741066155591, "eta": 0.06113778950670951, "gamma": 655.8412608624491, "max_depth": 5.0, "min_child_weight": 4409.351998353546, "num_boost_round": 8.0, "subsample": 0.26648485555645285}, "datetime": {"datetime": "2024-01-20 14:50:53", "elapsed": 1607.360487, "delta": 0.002587}}
{"target": -13.494021311675123, "params": {"colsample_bytree": 0.971741066155591, "eta": 0.06113778950670951, "gamma": 655.8412608624491, "max_depth": 5.0, "min_child_weight": 4409.351998353546, "num_boost_round": 9.0, "subsample": 0.26648485555645285}, "datetime": {"datetime": "2024-01-20 14:50:53", "elapsed": 1607.362986, "delta": 0.002499}}
{"target": -13.494053480638147, "params": {"colsample_bytree": 0.971741066155591, "eta": 0.06113778950670951, "gamma": 655.8412608624491, "max_depth": 5.0, "min_child_weight": 4409.351998353546, "num_boost_round": 10.0, "subsample": 0.26648485555645285}, "datetime": {"datetime": "2024-01-20 14:50:53", "elapsed": 1607.36547, "delta": 0.002484}}
{"target": -13.493828983013483, "params": {"colsample_bytree": 0.971741066155591, "eta": 0.06113778950670951, "gamma": 655.8412608624491, "max_depth": 5.0, "min_child_weight": 4409.351998353546, "num_boost_round": 11.0, "subsample": 0.26648485555645285}, "datetime": {"datetime": "2024-01-20 14:50:53", "elapsed": 1607.367957, "delta": 0.002487}}
{"target": -13.49383334153125, "params": {"colsample_bytree": 0.971741066155591, "eta": 0.06113778950670951, "gamma": 655.8412608624491, "max_depth": 5.0, "min_child_weight": 4409.351998353546, "num_boost_round": 12.0, "subsample": 0.26648485555645285}, "datetime": {"datetime": "2024-01-20 14:50:53", "elapsed": 1607.370437, "delta": 0.00248}}
{"target": -13.493944754581728, "params": {"colsample_bytree": 0.971741066155591, "eta": 0.06113778950670951, "gamma": 655.8412608624491, "max_depth": 5.0, "min_child_weight": 4409.351998353546, "num_boost_round": 13.0, "subsample": 0.26648485555645285}, "datetime": {"datetime": "2024-01-20 14:50:53", "elapsed": 1607.373106, "delta": 0.002669}}
{"target": -13.493873329378522, "params": {"colsample_bytree": 0.971741066155591, "eta": 0.06113778950670951, "gamma": 655.8412608624491, "max_depth": 5.0, "min_child_weight": 4409.351998353546, "num_boost_round": 14.0, "subsample": 0.26648485555645285}, "datetime": {"datetime": "2024-01-20 14:50:53", "elapsed": 1607.375654, "delta": 0.002548}}
{"target": -13.493915798666269, "params": {"colsample_bytree": 0.971741066155591, "eta": 0.06113778950670951, "gamma": 655.8412608624491, "max_depth": 5.0, "min_child_weight": 4409.351998353546, "num_boost_round": 15.0, "subsample": 0.26648485555645285}, "datetime": {"datetime": "2024-01-20 14:50:53", "elapsed": 1607.378156, "delta": 0.002502}}
{"target": -13.493729520508499, "params": {"colsample_bytree": 0.971741066155591, "eta": 0.06113778950670951, "gamma": 655.8412608624491, "max_depth": 5.0, "min_child_weight": 4409.351998353546, "num_boost_round": 16.0, "subsample": 0.26648485555645285}, "datetime": {"datetime": "2024-01-20 14:50:53", "elapsed": 1607.380662, "delta": 0.002506}}
{"target": -13.493421375734366, "params": {"colsample_bytree": 0.971741066155591, "eta": 0.06113778950670951, "gamma": 655.8412608624491, "max_depth": 5.0, "min_child_weight": 4409.351998353546, "num_boost_round": 17.0, "subsample": 0.26648485555645285}, "datetime": {"datetime": "2024-01-20 14:50:53", "elapsed": 1607.383155, "delta": 0.002493}}
{"target": -13.493402124422825, "params": {"colsample_bytree": 0.971741066155591, "eta": 0.06113778950670951, "gamma": 655.8412608624491, "max_depth": 5.0, "min_child_weight": 4409.351998353546, "num_boost_round": 18.0, "subsample": 0.26648485555645285}, "datetime": {"datetime": "2024-01-20 14:50:53", "elapsed": 1607.385647, "delta": 0.002492}}
{"target": -13.493557423312186, "params": {"colsample_bytree": 0.971741066155591, "eta": 0.06113778950670951, "gamma": 655.8412608624491, "max_depth": 5.0, "min_child_weight": 4409.351998353546, "num_boost_round": 19.0, "subsample": 0.26648485555645285}, "datetime": {"datetime": "2024-01-20 14:50:53", "elapsed": 1607.388137, "delta": 0.00249}}
{"target": -13.493591361218266, "params": {"colsample_bytree": 0.971741066155591, "eta": 0.06113778950670951, "gamma": 655.8412608624491, "max_depth": 5.0, "min_child_weight": 4409.351998353546, "num_boost_round": 20.0, "subsample": 0.26648485555645285}, "datetime": {"datetime": "2024-01-20 14:50:53", "elapsed": 1607.390679, "delta": 0.002542}}
{"target": -13.493457278304824, "params": {"colsample_bytree": 0.971741066155591, "eta": 0.06113778950670951, "gamma": 655.8412608624491, "max_depth": 5.0, "min_child_weight": 4409.351998353546, "num_boost_round": 21.0, "subsample": 0.26648485555645285}, "datetime": {"datetime": "2024-01-20 14:50:53", "elapsed": 1607.393267, "delta": 0.002588}}
{"target": -13.493523549813673, "params": {"colsample_bytree": 0.971741066155591, "eta": 0.06113778950670951, "gamma": 655.8412608624491, "max_depth": 5.0, "min_child_weight": 4409.351998353546, "num_boost_round": 22.0, "subsample": 0.26648485555645285}, "datetime": {"datetime": "2024-01-20 14:50:53", "elapsed": 1607.395838, "delta": 0.002571}}
{"target": -13.493341801509391, "params": {"colsample_bytree": 0.971741066155591, "eta": 0.06113778950670951, "gamma": 655.8412608624491, "max_depth": 5.0, "min_child_weight": 4409.351998353546, "num_boost_round": 23.0, "subsample": 0.26648485555645285}, "datetime": {"datetime": "2024-01-20 14:50:53", "elapsed": 1607.398335, "delta": 0.002497}}
{"target": -13.49347010466829, "params": {"colsample_bytree": 0.971741066155591, "eta": 0.06113778950670951, "gamma": 655.8412608624491, "max_depth": 5.0, "min_child_weight": 4409.351998353546, "num_boost_round": 24.0, "subsample": 0.26648485555645285}, "datetime": {"datetime": "2024-01-20 14:50:53", "elapsed": 1607.400834, "delta": 0.002499}}
{"target": -13.493431133788974, "params": {"colsample_bytree": 0.971741066155591, "eta": 0.06113778950670951, "gamma": 655.8412608624491, "max_depth": 5.0, "min_child_weight": 4409.351998353546, "num_boost_round": 25.0, "subsample": 0.26648485555645285}, "datetime": {"datetime": "2024-01-20 14:50:53", "elapsed": 1607.403351, "delta": 0.002517}}
{"target": -13.493332426649932, "params": {"colsample_bytree": 0.971741066155591, "eta": 0.06113778950670951, "gamma": 655.8412608624491, "max_depth": 5.0, "min_child_weight": 4409.351998353546, "num_boost_round": 26.0, "subsample": 0.26648485555645285}, "datetime": {"datetime": "2024-01-20 14:50:53", "elapsed": 1607.405839, "delta": 0.002488}}
{"target": -13.493475760531458, "params": {"colsample_bytree": 0.971741066155591, "eta": 0.06113778950670951, "gamma": 655.8412608624491, "max_depth": 5.0, "min_child_weight": 4409.351998353546, "num_boost_round": 27.0, "subsample": 0.26648485555645285}, "datetime": {"datetime": "2024-01-20 14:50:53", "elapsed": 1607.408344, "delta": 0.002505}}
{"target": -13.493799854862553, "params": {"colsample_bytree": 0.971741066155591, "eta": 0.06113778950670951, "gamma": 655.8412608624491, "max_depth": 5.0, "min_child_weight": 4409.351998353546, "num_boost_round": 28.0, "subsample": 0.26648485555645285}, "datetime": {"datetime": "2024-01-20 14:50:53", "elapsed": 1607.410821, "delta": 0.002477}}
{"target": -13.493931956122823, "params": {"colsample_bytree": 0.971741066155591, "eta": 0.06113778950670951, "gamma": 655.8412608624491, "max_depth": 5.0, "min_child_weight": 4409.351998353546, "num_boost_round": 29.0, "subsample": 0.26648485555645285}, "datetime": {"datetime": "2024-01-20 14:50:53", "elapsed": 1607.413434, "delta": 0.002613}}
{"target": -13.493880613494461, "params": {"colsample_bytree": 0.971741066155591, "eta": 0.06113778950670951, "gamma": 655.8412608624491, "max_depth": 5.0, "min_child_weight": 4409.351998353546, "num_boost_round": 30.0, "subsample": 0.26648485555645285}, "datetime": {"datetime": "2024-01-20 14:50:53", "elapsed": 1607.416018, "delta": 0.002584}}
{"target": -13.49387513973454, "params": {"colsample_bytree": 0.971741066155591, "eta": 0.06113778950670951, "gamma": 655.8412608624491, "max_depth": 5.0, "min_child_weight": 4409.351998353546, "num_boost_round": 31.0, "subsample": 0.26648485555645285}, "datetime": {"datetime": "2024-01-20 14:50:53", "elapsed": 1607.418628, "delta": 0.00261}}
{"target": -13.493970028054413, "params": {"colsample_bytree": 0.971741066155591, "eta": 0.06113778950670951, "gamma": 655.8412608624491, "max_depth": 5.0, "min_child_weight": 4409.351998353546, "num_boost_round": 32.0, "subsample": 0.26648485555645285}, "datetime": {"datetime": "2024-01-20 14:50:53", "elapsed": 1607.421279, "delta": 0.002651}}
{"target": -13.493874978541786, "params": {"colsample_bytree": 0.971741066155591, "eta": 0.06113778950670951, "gamma": 655.8412608624491, "max_depth": 5.0, "min_child_weight": 4409.351998353546, "num_boost_round": 33.0, "subsample": 0.26648485555645285}, "datetime": {"datetime": "2024-01-20 14:50:53", "elapsed": 1607.423875, "delta": 0.002596}}
