{"target": -12.341180827772305, "params": {"colsample_bytree": 0.7802453770256381, "eta": 0.06839154935120997, "gamma": 656.5327552513362, "max_depth": 6.0, "min_child_weight": 4217.299537805839, "num_boost_round": 15.0, "subsample": 0.9016897234371993}, "datetime": {"datetime": "2024-01-20 14:56:54", "elapsed": 1980.884353, "delta": 0.002962}}
{"target": -12.34118908580784, "params": {"colsample_bytree": 0.7802453770256381, "eta": 0.06839154935120997, "gamma": 656.5327552513362, "max_depth": 6.0, "min_child_weight": 4217.299537805839, "num_boost_round": 16.0, "subsample": 0.9016897234371993}, "datetime": {"datetime": "2024-01-20 14:56:54", "elapsed": 1980.887401, "delta": 0.003048}}
{"target": -12.341112675793124, "params": {"colsample_bytree": 0.7802453770256381, "eta": 0.06839154935120997, "gamma": 656.5327552513362, "max_depth": 6.0, "min_child_weight": 4217.299537805839, "num_boost_round": 17.0, "subsample": 0.9016897234371993}, "datetime": {"datetime": "2024-01-20 14:56:54", "elapsed": 1980.890382, "delta": 0.002981}}
{"target": -12.341054726496468, "params": {"colsample_bytree": 0.7802453770256381, "eta": 0.06839154935120997, "gamma": 656.5327552513362, "max_depth": 6.0, "min_child_weight": 4217.299537805839, "num_boost_round": 18.0, "subsample": 0.9016897234371993}, "datetime": {"datetime": "2024-01-20 14:56:54", "elapsed": 1980.893394, "delta": 0.003012}}
{"target": -12.341136678513271, "params": {"colsample_bytree": 0.7802453770256381, "eta": 0.06839154935120997, "gamma": 656.5327552513362, "max_depth": 6.0, "min_child_weight": 4217.299537805839, "num_boost_round": 19.0, "subsample": 0.9016897234371993}, "datetime": {"datetime": "2024-01-20 14:56:54", "elapsed": 1980.896387, "delta": 0.002993}}
{"target": -12.341939198696208, "params": {"colsample_bytree": 0.7802453770256381, "eta": 0.06839154935120997, "gamma": 656.5327552513362, "max_depth": 6.0, "min_child_weight": 4217.299537805839, "num_boost_round": 20.0, "subsample": 0.9016897234371993}, "datetime": {"datetime": "2024-01-20 14:56:54", "elapsed": 1980.899502, "delta": 0.003115}}
{"target": -12.342886863054066, "params": {"colsample_bytree": 0.7802453770256381, "eta": 0.06839154935120997, "gamma": 656.5327552513362, "max_depth": 6.0, "min_child_weight": 4217.299537805839, "num_boost_round": 21.0, "subsample": 0.9016897234371993}, "datetime": {"datetime": "2024-01-20 14:56:54", "elapsed": 1980.90251, "delta": 0.003008}}
{"target": -12.34337478962573, "params": {"colsample_bytree": 0.7802453770256381, "eta": 0.06839154935120997, "gamma": 656.5327552513362, "max_depth": 6.0, "min_child_weight": 4217.299537805839, "num_boost_round": 22.0, "subsample": 0.9016897234371993}, "datetime": {"datetime": "2024-01-20 14:56:54", "elapsed": 1980.905535, "delta": 0.003025}}
{"target": -12.343633662125889, "params": {"colsample_bytree": 0.7802453770256381, "eta": 0.06839154935120997, "gamma": 656.5327552513362, "max_depth": 6.0, "min_child_weight": 4217.299537805839, "num_boost_round": 23.0, "subsample": 0.9016897234371993}, "datetime": {"datetime": "2024-01-20 14:56:54", "elapsed": 1980.908534, "delta": 0.002999}}
{"target": -12.344058817698023, "params": {"colsample_bytree": 0.7802453770256381, "eta": 0.06839154935120997, "gamma": 656.5327552513362, "max_depth": 6.0, "min_child_weight": 4217.299537805839, "num_boost_round": 24.0, "subsample": 0.9016897234371993}, "datetime": {"datetime": "2024-01-20 14:56:54", "elapsed": 1980.911554, "delta": 0.00302}}
{"target": -12.344756105214506, "params": {"colsample_bytree": 0.7802453770256381, "eta": 0.06839154935120997, "gamma": 656.5327552513362, "max_depth": 6.0, "min_child_weight": 4217.299537805839, "num_boost_round": 25.0, "subsample": 0.9016897234371993}, "datetime": {"datetime": "2024-01-20 14:56:54", "elapsed": 1980.914565, "delta": 0.003011}}
{"target": -12.344888896554782, "params": {"colsample_bytree": 0.7802453770256381, "eta": 0.06839154935120997, "gamma": 656.5327552513362, "max_depth": 6.0, "min_child_weight": 4217.299537805839, "num_boost_round": 26.0, "subsample": 0.9016897234371993}, "datetime": {"datetime": "2024-01-20 14:56:54", "elapsed": 1980.917705, "delta": 0.00314}}
{"target": -12.345704126939111, "params": {"colsample_bytree": 0.7802453770256381, "eta": 0.06839154935120997, "gamma": 656.5327552513362, "max_depth": 6.0, "min_child_weight": 4217.299537805839, "num_boost_round": 27.0, "subsample": 0.9016897234371993}, "datetime": {"datetime": "2024-01-20 14:56:54", "elapsed": 1980.920855, "delta": 0.00315}}
{"target": -12.346065368392336, "params": {"colsample_bytree": 0.7802453770256381, "eta": 0.06839154935120997, "gamma": 656.5327552513362, "max_depth": 6.0, "min_child_weight": 4217.299537805839, "num_boost_round": 28.0, "subsample": 0.9016897234371993}, "datetime": {"datetime": "2024-01-20 14:56:54", "elapsed": 1980.924107, "delta": 0.003252}}
{"target": -12.346278521797638, "params": {"colsample_bytree": 0.7802453770256381, "eta": 0.06839154935120997, "gamma": 656.5327552513362, "max_depth": 6.0, "min_child_weight": 4217.299537805839, "num_boost_round": 29.0, "subsample": 0.9016897234371993}, "datetime": {"datetime": "2024-01-20 14:56:54", "elapsed": 1980.927195, "delta": 0.003088}}
{"target": -12.346159692622898, "params": {"colsample_bytree": 0.7802453770256381, "eta": 0.06839154935120997, "gamma": 656.5327552513362, "max_depth": 6.0, "min_child_weight": 4217.299537805839, "num_boost_round": 30.0, "subsample": 0.9016897234371993}, "datetime": {"datetime": "2024-01-20 14:56:54", "elapsed": 1980.93032, "delta": 0.003125}}
{"target": -12.347224916296014, "params": {"colsample_bytree": 0.7802453770256381, "eta": 0.06839154935120997, "gamma": 656.5327552513362, "max_depth": 6.0, "min_child_weight": 4217.299537805839, "num_boost_round": 31.0, "subsample": 0.9016897234371993}, "datetime": {"datetime": "2024-01-20 14:56:54", "elapsed": 1980.933328, "delta": 0.003008}}
{"target": -12.347207981099254, "params": {"colsample_bytree": 0.7802453770256381, "eta": 0.06839154935120997, "gamma": 656.5327552513362, "max_depth": 6.0, "min_child_weight": 4217.299537805839, "num_boost_round": 32.0, "subsample": 0.9016897234371993}, "datetime": {"datetime": "2024-01-20 14:56:54", "elapsed": 1980.936399, "delta": 0.003071}}
{"target": -12.347520649502014, "params": {"colsample_bytree": 0.7802453770256381, "eta": 0.06839154935120997, "gamma": 656.5327552513362, "max_depth": 6.0, "min_child_weight": 4217.299537805839, "num_boost_round": 33.0, "subsample": 0.9016897234371993}, "datetime": {"datetime": "2024-01-20 14:56:54", "elapsed": 1980.939488, "delta": 0.003089}}
{"target": -12.347993337696805, "params": {"colsample_bytree": 0.7802453770256381, "eta": 0.06839154935120997, "gamma": 656.5327552513362, "max_depth": 6.0, "min_child_weight": 4217.299537805839, "num_boost_round": 34.0, "subsample": 0.9016897234371993}, "datetime": {"datetime": "2024-01-20 14:56:54", "elapsed": 1980.942565, "delta": 0.003077}}
{"target": -12.34813680610473, "params": {"colsample_bytree": 0.7802453770256381, "eta": 0.06839154935120997, "gamma": 656.5327552513362, "max_depth": 6.0, "min_child_weight": 4217.299537805839, "num_boost_round": 35.0, "subsample": 0.9016897234371993}, "datetime": {"datetime": "2024-01-20 14:56:54", "elapsed": 1980.945563, "delta": 0.002998}}
{"target": -12.348487340221359, "params": {"colsample_bytree": 0.7802453770256381, "eta": 0.06839154935120997, "gamma": 656.5327552513362, "max_depth": 6.0, "min_child_weight": 4217.299537805839, "num_boost_round": 36.0, "subsample": 0.9016897234371993}, "datetime": {"datetime": "2024-01-20 14:56:54", "elapsed": 1980.948593, "delta": 0.00303}}
{"target": -12.348518161944074, "params": {"colsample_bytree": 0.7802453770256381, "eta": 0.06839154935120997, "gamma": 656.5327552513362, "max_depth": 6.0, "min_child_weight": 4217.299537805839, "num_boost_round": 37.0, "subsample": 0.9016897234371993}, "datetime": {"datetime": "2024-01-20 14:56:54", "elapsed": 1980.951592, "delta": 0.002999}}
{"target": -12.348639654965543, "params": {"colsample_bytree": 0.7802453770256381, "eta": 0.06839154935120997, "gamma": 656.5327552513362, "max_depth": 6.0, "min_child_weight": 4217.299537805839, "num_boost_round": 38.0, "subsample": 0.9016897234371993}, "datetime": {"datetime": "2024-01-20 14:56:54", "elapsed": 1980.954629, "delta": 0.003037}}
{"target": -12.348772605732218, "params": {"colsample_bytree": 0.7802453770256381, "eta": 0.06839154935120997, "gamma": 656.5327552513362, "max_depth": 6.0, "min_child_weight": 4217.299537805839, "num_boost_round": 39.0, "subsample": 0.9016897234371993}, "datetime": {"datetime": "2024-01-20 14:56:54", "elapsed": 1980.957731, "delta": 0.003102}}
{"target": -12.349091135574524, "params": {"colsample_bytree": 0.7802453770256381, "eta": 0.06839154935120997, "gamma": 656.5327552513362, "max_depth": 6.0, "min_child_weight": 4217.299537805839, "num_boost_round": 40.0, "subsample": 0.9016897234371993}, "datetime": {"datetime": "2024-01-20 14:56:54", "elapsed": 1980.960778, "delta": 0.003047}}
{"target": -12.349590357342102, "params": {"colsample_bytree": 0.7802453770256381, "eta": 0.06839154935120997, "gamma": 656.5327552513362, "max_depth": 6.0, "min_child_weight": 4217.299537805839, "num_boost_round": 41.0, "subsample": 0.9016897234371993}, "datetime": {"datetime": "2024-01-20 14:56:54", "elapsed": 1980.963846, "delta": 0.003068}}
{"target": -12.350200093257557, "params": {"colsample_bytree": 0.7802453770256381, "eta": 0.06839154935120997, "gamma": 656.5327552513362, "max_depth": 6.0, "min_child_weight": 4217.299537805839, "num_boost_round": 42.0, "subsample": 0.9016897234371993}, "datetime": {"datetime": "2024-01-20 14:56:54", "elapsed": 1980.966855, "delta": 0.003009}}
{"target": -12.350260709886161, "params": {"colsample_bytree": 0.7802453770256381, "eta": 0.06839154935120997, "gamma": 656.5327552513362, "max_depth": 6.0, "min_child_weight": 4217.299537805839, "num_boost_round": 43.0, "subsample": 0.9016897234371993}, "datetime": {"datetime": "2024-01-20 14:56:54", "elapsed": 1980.969828, "delta": 0.002973}}
{"target": -12.351290979249104, "params": {"colsample_bytree": 0.7802453770256381, "eta": 0.06839154935120997, "gamma": 656.5327552513362, "max_depth": 6.0, "min_child_weight": 4217.299537805839, "num_boost_round": 44.0, "subsample": 0.9016897234371993}, "datetime": {"datetime": "2024-01-20 14:56:54", "elapsed": 1980.972821, "delta": 0.002993}}
{"target": -12.351392232814376, "params": {"colsample_bytree": 0.7802453770256381, "eta": 0.06839154935120997, "gamma": 656.5327552513362, "max_depth": 6.0, "min_child_weight": 4217.299537805839, "num_boost_round": 45.0, "subsample": 0.9016897234371993}, "datetime": {"datetime": "2024-01-20 14:56:54", "elapsed": 1980.975803, "delta": 0.002982}}
{"target": -12.351352830090542, "params": {"colsample_bytree": 0.7802453770256381, "eta": 0.06839154935120997, "gamma": 656.5327552513362, "max_depth": 6.0, "min_child_weight": 4217.299537805839, "num_boost_round": 46.0, "subsample": 0.9016897234371993}, "datetime": {"datetime": "2024-01-20 14:56:54", "elapsed": 1980.978953, "delta": 0.00315}}
{"target": -12.351579698014332, "params": {"colsample_bytree": 0.7802453770256381, "eta": 0.06839154935120997, "gamma": 656.5327552513362, "max_depth": 6.0, "min_child_weight": 4217.299537805839, "num_boost_round": 47.0, "subsample": 0.9016897234371993}, "datetime": {"datetime": "2024-01-20 14:56:54", "elapsed": 1980.982025, "delta": 0.003072}}
{"target": -12.351769789389461, "params": {"colsample_bytree": 0.7802453770256381, "eta": 0.06839154935120997, "gamma": 656.5327552513362, "max_depth": 6.0, "min_child_weight": 4217.299537805839, "num_boost_round": 48.0, "subsample": 0.9016897234371993}, "datetime": {"datetime": "2024-01-20 14:56:54", "elapsed": 1980.985066, "delta": 0.003041}}
{"target": -12.351809505648038, "params": {"colsample_bytree": 0.7802453770256381, "eta": 0.06839154935120997, "gamma": 656.5327552513362, "max_depth": 6.0, "min_child_weight": 4217.299537805839, "num_boost_round": 49.0, "subsample": 0.9016897234371993}, "datetime": {"datetime": "2024-01-20 14:56:54", "elapsed": 1980.988165, "delta": 0.003099}}
{"target": -12.352004512659569, "params": {"colsample_bytree": 0.7802453770256381, "eta": 0.06839154935120997, "gamma": 656.5327552513362, "max_depth": 6.0, "min_child_weight": 4217.299537805839, "num_boost_round": 50.0, "subsample": 0.9016897234371993}, "datetime": {"datetime": "2024-01-20 14:56:54", "elapsed": 1980.991236, "delta": 0.003071}}
{"target": -12.357936457057516, "params": {"colsample_bytree": 0.40490982917448404, "eta": 0.021607946198340482, "gamma": 525.8331565214819, "max_depth": 7.0, "min_child_weight": 4187.527789055462, "num_boost_round": 1.0, "subsample": 0.28043582484726504}, "datetime": {"datetime": "2024-01-20 14:58:01", "elapsed": 2048.175639, "delta": 67.184403}}
{"target": -12.3574286778702, "params": {"colsample_bytree": 0.40490982917448404, "eta": 0.021607946198340482, "gamma": 525.8331565214819, "max_depth": 7.0, "min_child_weight": 4187.527789055462, "num_boost_round": 2.0, "subsample": 0.28043582484726504}, "datetime": {"datetime": "2024-01-20 14:58:01", "elapsed": 2048.180237, "delta": 0.004598}}
{"target": -12.356016286783902, "params": {"colsample_bytree": 0.40490982917448404, "eta": 0.021607946198340482, "gamma": 525.8331565214819, "max_depth": 7.0, "min_child_weight": 4187.527789055462, "num_boost_round": 3.0, "subsample": 0.28043582484726504}, "datetime": {"datetime": "2024-01-20 14:58:01", "elapsed": 2048.183682, "delta": 0.003445}}
{"target": -12.356016432193941, "params": {"colsample_bytree": 0.40490982917448404, "eta": 0.021607946198340482, "gamma": 525.8331565214819, "max_depth": 7.0, "min_child_weight": 4187.527789055462, "num_boost_round": 4.0, "subsample": 0.28043582484726504}, "datetime": {"datetime": "2024-01-20 14:58:01", "elapsed": 2048.187546, "delta": 0.003864}}
{"target": -12.355468326175494, "params": {"colsample_bytree": 0.40490982917448404, "eta": 0.021607946198340482, "gamma": 525.8331565214819, "max_depth": 7.0, "min_child_weight": 4187.527789055462, "num_boost_round": 5.0, "subsample": 0.28043582484726504}, "datetime": {"datetime": "2024-01-20 14:58:01", "elapsed": 2048.1906, "delta": 0.003054}}
{"target": -12.354385903159804, "params": {"colsample_bytree": 0.40490982917448404, "eta": 0.021607946198340482, "gamma": 525.8331565214819, "max_depth": 7.0, "min_child_weight": 4187.527789055462, "num_boost_round": 6.0, "subsample": 0.28043582484726504}, "datetime": {"datetime": "2024-01-20 14:58:01", "elapsed": 2048.193633, "delta": 0.003033}}
{"target": -12.354211680860807, "params": {"colsample_bytree": 0.40490982917448404, "eta": 0.021607946198340482, "gamma": 525.8331565214819, "max_depth": 7.0, "min_child_weight": 4187.527789055462, "num_boost_round": 7.0, "subsample": 0.28043582484726504}, "datetime": {"datetime": "2024-01-20 14:58:01", "elapsed": 2048.196673, "delta": 0.00304}}
{"target": -12.353662504868606, "params": {"colsample_bytree": 0.40490982917448404, "eta": 0.021607946198340482, "gamma": 525.8331565214819, "max_depth": 7.0, "min_child_weight": 4187.527789055462, "num_boost_round": 8.0, "subsample": 0.28043582484726504}, "datetime": {"datetime": "2024-01-20 14:58:01", "elapsed": 2048.199873, "delta": 0.0032}}
{"target": -12.35361102779854, "params": {"colsample_bytree": 0.40490982917448404, "eta": 0.021607946198340482, "gamma": 525.8331565214819, "max_depth": 7.0, "min_child_weight": 4187.527789055462, "num_boost_round": 9.0, "subsample": 0.28043582484726504}, "datetime": {"datetime": "2024-01-20 14:58:01", "elapsed": 2048.202989, "delta": 0.003116}}
{"target": -12.353277350427133, "params": {"colsample_bytree": 0.40490982917448404, "eta": 0.021607946198340482, "gamma": 525.8331565214819, "max_depth": 7.0, "min_child_weight": 4187.527789055462, "num_boost_round": 10.0, "subsample": 0.28043582484726504}, "datetime": {"datetime": "2024-01-20 14:58:01", "elapsed": 2048.206057, "delta": 0.003068}}
{"target": -12.352781723792058, "params": {"colsample_bytree": 0.40490982917448404, "eta": 0.021607946198340482, "gamma": 525.8331565214819, "max_depth": 7.0, "min_child_weight": 4187.527789055462, "num_boost_round": 11.0, "subsample": 0.28043582484726504}, "datetime": {"datetime": "2024-01-20 14:58:01", "elapsed": 2048.209443, "delta": 0.003386}}
{"target": -12.35246705683706, "params": {"colsample_bytree": 0.40490982917448404, "eta": 0.021607946198340482, "gamma": 525.8331565214819, "max_depth": 7.0, "min_child_weight": 4187.527789055462, "num_boost_round": 12.0, "subsample": 0.28043582484726504}, "datetime": {"datetime": "2024-01-20 14:58:01", "elapsed": 2048.213074, "delta": 0.003631}}
{"target": -12.35268480389673, "params": {"colsample_bytree": 0.40490982917448404, "eta": 0.021607946198340482, "gamma": 525.8331565214819, "max_depth": 7.0, "min_child_weight": 4187.527789055462, "num_boost_round": 13.0, "subsample": 0.28043582484726504}, "datetime": {"datetime": "2024-01-20 14:58:01", "elapsed": 2048.216205, "delta": 0.003131}}
{"target": -12.352154941550408, "params": {"colsample_bytree": 0.40490982917448404, "eta": 0.021607946198340482, "gamma": 525.8331565214819, "max_depth": 7.0, "min_child_weight": 4187.527789055462, "num_boost_round": 14.0, "subsample": 0.28043582484726504}, "datetime": {"datetime": "2024-01-20 14:58:01", "elapsed": 2048.21961, "delta": 0.003405}}
{"target": -12.351665204353317, "params": {"colsample_bytree": 0.40490982917448404, "eta": 0.021607946198340482, "gamma": 525.8331565214819, "max_depth": 7.0, "min_child_weight": 4187.527789055462, "num_boost_round": 15.0, "subsample": 0.28043582484726504}, "datetime": {"datetime": "2024-01-20 14:58:01", "elapsed": 2048.222819, "delta": 0.003209}}
{"target": -12.35126740813897, "params": {"colsample_bytree": 0.40490982917448404, "eta": 0.021607946198340482, "gamma": 525.8331565214819, "max_depth": 7.0, "min_child_weight": 4187.527789055462, "num_boost_round": 16.0, "subsample": 0.28043582484726504}, "datetime": {"datetime": "2024-01-20 14:58:01", "elapsed": 2048.226064, "delta": 0.003245}}
{"target": -12.351381536006034, "params": {"colsample_bytree": 0.40490982917448404, "eta": 0.021607946198340482, "gamma": 525.8331565214819, "max_depth": 7.0, "min_child_weight": 4187.527789055462, "num_boost_round": 17.0, "subsample": 0.28043582484726504}, "datetime": {"datetime": "2024-01-20 14:58:01", "elapsed": 2048.229111, "delta": 0.003047}}
{"target": -12.351334685426227, "params": {"colsample_bytree": 0.40490982917448404, "eta": 0.021607946198340482, "gamma": 525.8331565214819, "max_depth": 7.0, "min_child_weight": 4187.527789055462, "num_boost_round": 18.0, "subsample": 0.28043582484726504}, "datetime": {"datetime": "2024-01-20 14:58:01", "elapsed": 2048.232165, "delta": 0.003054}}
{"target": -12.351246602898883, "params": {"colsample_bytree": 0.40490982917448404, "eta": 0.021607946198340482, "gamma": 525.8331565214819, "max_depth": 7.0, "min_child_weight": 4187.527789055462, "num_boost_round": 19.0, "subsample": 0.28043582484726504}, "datetime": {"datetime": "2024-01-20 14:58:01", "elapsed": 2048.235214, "delta": 0.003049}}
{"target": -12.350934821771006, "params": {"colsample_bytree": 0.40490982917448404, "eta": 0.021607946198340482, "gamma": 525.8331565214819, "max_depth": 7.0, "min_child_weight": 4187.527789055462, "num_boost_round": 20.0, "subsample": 0.28043582484726504}, "datetime": {"datetime": "2024-01-20 14:58:01", "elapsed": 2048.238392, "delta": 0.003178}}
{"target": -12.350994630043672, "params": {"colsample_bytree": 0.40490982917448404, "eta": 0.021607946198340482, "gamma": 525.8331565214819, "max_depth": 7.0, "min_child_weight": 4187.527789055462, "num_boost_round": 21.0, "subsample": 0.28043582484726504}, "datetime": {"datetime": "2024-01-20 14:58:01", "elapsed": 2048.241451, "delta": 0.003059}}
{"target": -12.351093130177096, "params": {"colsample_bytree": 0.40490982917448404, "eta": 0.021607946198340482, "gamma": 525.8331565214819, "max_depth": 7.0, "min_child_weight": 4187.527789055462, "num_boost_round": 22.0, "subsample": 0.28043582484726504}, "datetime": {"datetime": "2024-01-20 14:58:01", "elapsed": 2048.244484, "delta": 0.003033}}
{"target": -12.350607669094792, "params": {"colsample_bytree": 0.40490982917448404, "eta": 0.021607946198340482, "gamma": 525.8331565214819, "max_depth": 7.0, "min_child_weight": 4187.527789055462, "num_boost_round": 23.0, "subsample": 0.28043582484726504}, "datetime": {"datetime": "2024-01-20 14:58:01", "elapsed": 2048.247527, "delta": 0.003043}}
{"target": -12.350787217588454, "params": {"colsample_bytree": 0.40490982917448404, "eta": 0.021607946198340482, "gamma": 525.8331565214819, "max_depth": 7.0, "min_child_weight": 4187.527789055462, "num_boost_round": 24.0, "subsample": 0.28043582484726504}, "datetime": {"datetime": "2024-01-20 14:58:01", "elapsed": 2048.250566, "delta": 0.003039}}
{"target": -12.350037567012048, "params": {"colsample_bytree": 0.40490982917448404, "eta": 0.021607946198340482, "gamma": 525.8331565214819, "max_depth": 7.0, "min_child_weight": 4187.527789055462, "num_boost_round": 25.0, "subsample": 0.28043582484726504}, "datetime": {"datetime": "2024-01-20 14:58:01", "elapsed": 2048.253606, "delta": 0.00304}}
{"target": -12.350107750873931, "params": {"colsample_bytree": 0.40490982917448404, "eta": 0.021607946198340482, "gamma": 525.8331565214819, "max_depth": 7.0, "min_child_weight": 4187.527789055462, "num_boost_round": 26.0, "subsample": 0.28043582484726504}, "datetime": {"datetime": "2024-01-20 14:58:01", "elapsed": 2048.256657, "delta": 0.003051}}
{"target": -12.35018040077621, "params": {"colsample_bytree": 0.40490982917448404, "eta": 0.021607946198340482, "gamma": 525.8331565214819, "max_depth": 7.0, "min_child_weight": 4187.527789055462, "num_boost_round": 27.0, "subsample": 0.28043582484726504}, "datetime": {"datetime": "2024-01-20 14:58:01", "elapsed": 2048.259808, "delta": 0.003151}}
