{"target": -10.311226046432274, "params": {"colsample_bytree": 0.5327894070924588, "eta": 0.07848293426048547, "gamma": 687.034849356698, "max_depth": 8.0, "min_child_weight": 4629.4938752931, "num_boost_round": 43.0, "subsample": 0.4460171376073788}, "datetime": {"datetime": "2024-01-20 14:49:56", "elapsed": 5294.708843, "delta": 0.003712}}
{"target": -10.311569269554793, "params": {"colsample_bytree": 0.5327894070924588, "eta": 0.07848293426048547, "gamma": 687.034849356698, "max_depth": 8.0, "min_child_weight": 4629.4938752931, "num_boost_round": 44.0, "subsample": 0.4460171376073788}, "datetime": {"datetime": "2024-01-20 14:49:56", "elapsed": 5294.712435, "delta": 0.003592}}
{"target": -10.311746694851223, "params": {"colsample_bytree": 0.5327894070924588, "eta": 0.07848293426048547, "gamma": 687.034849356698, "max_depth": 8.0, "min_child_weight": 4629.4938752931, "num_boost_round": 45.0, "subsample": 0.4460171376073788}, "datetime": {"datetime": "2024-01-20 14:49:56", "elapsed": 5294.724838, "delta": 0.012403}}
{"target": -10.298514128394778, "params": {"colsample_bytree": 0.6005040509633619, "eta": 0.0015534632781535245, "gamma": 736.137265447055, "max_depth": 8.0, "min_child_weight": 4674.4298239060045, "num_boost_round": 1.0, "subsample": 0.46853570286468726}, "datetime": {"datetime": "2024-01-20 14:51:00", "elapsed": 5358.773529, "delta": 64.048691}}
{"target": -10.298516566454106, "params": {"colsample_bytree": 0.6005040509633619, "eta": 0.0015534632781535245, "gamma": 736.137265447055, "max_depth": 8.0, "min_child_weight": 4674.4298239060045, "num_boost_round": 2.0, "subsample": 0.46853570286468726}, "datetime": {"datetime": "2024-01-20 14:51:01", "elapsed": 5358.779722, "delta": 0.006193}}
{"target": -10.298510582808214, "params": {"colsample_bytree": 0.6005040509633619, "eta": 0.0015534632781535245, "gamma": 736.137265447055, "max_depth": 8.0, "min_child_weight": 4674.4298239060045, "num_boost_round": 3.0, "subsample": 0.46853570286468726}, "datetime": {"datetime": "2024-01-20 14:51:01", "elapsed": 5358.784383, "delta": 0.004661}}
{"target": -10.298511105360681, "params": {"colsample_bytree": 0.6005040509633619, "eta": 0.0015534632781535245, "gamma": 736.137265447055, "max_depth": 8.0, "min_child_weight": 4674.4298239060045, "num_boost_round": 4.0, "subsample": 0.46853570286468726}, "datetime": {"datetime": "2024-01-20 14:51:01", "elapsed": 5358.787965, "delta": 0.003582}}
{"target": -10.298512152004351, "params": {"colsample_bytree": 0.6005040509633619, "eta": 0.0015534632781535245, "gamma": 736.137265447055, "max_depth": 8.0, "min_child_weight": 4674.4298239060045, "num_boost_round": 5.0, "subsample": 0.46853570286468726}, "datetime": {"datetime": "2024-01-20 14:51:01", "elapsed": 5358.791281, "delta": 0.003316}}
{"target": -10.298507412288824, "params": {"colsample_bytree": 0.6005040509633619, "eta": 0.0015534632781535245, "gamma": 736.137265447055, "max_depth": 8.0, "min_child_weight": 4674.4298239060045, "num_boost_round": 6.0, "subsample": 0.46853570286468726}, "datetime": {"datetime": "2024-01-20 14:51:01", "elapsed": 5358.794236, "delta": 0.002955}}
{"target": -10.298501122491809, "params": {"colsample_bytree": 0.6005040509633619, "eta": 0.0015534632781535245, "gamma": 736.137265447055, "max_depth": 8.0, "min_child_weight": 4674.4298239060045, "num_boost_round": 7.0, "subsample": 0.46853570286468726}, "datetime": {"datetime": "2024-01-20 14:51:01", "elapsed": 5358.797251, "delta": 0.003015}}
{"target": -10.29849230904128, "params": {"colsample_bytree": 0.6005040509633619, "eta": 0.0015534632781535245, "gamma": 736.137265447055, "max_depth": 8.0, "min_child_weight": 4674.4298239060045, "num_boost_round": 8.0, "subsample": 0.46853570286468726}, "datetime": {"datetime": "2024-01-20 14:51:01", "elapsed": 5358.800164, "delta": 0.002913}}
{"target": -10.298490759812116, "params": {"colsample_bytree": 0.6005040509633619, "eta": 0.0015534632781535245, "gamma": 736.137265447055, "max_depth": 8.0, "min_child_weight": 4674.4298239060045, "num_boost_round": 9.0, "subsample": 0.46853570286468726}, "datetime": {"datetime": "2024-01-20 14:51:01", "elapsed": 5358.803022, "delta": 0.002858}}
{"target": -10.298485789859788, "params": {"colsample_bytree": 0.6005040509633619, "eta": 0.0015534632781535245, "gamma": 736.137265447055, "max_depth": 8.0, "min_child_weight": 4674.4298239060045, "num_boost_round": 10.0, "subsample": 0.46853570286468726}, "datetime": {"datetime": "2024-01-20 14:51:01", "elapsed": 5358.805797, "delta": 0.002775}}
{"target": -10.298477606813215, "params": {"colsample_bytree": 0.6005040509633619, "eta": 0.0015534632781535245, "gamma": 736.137265447055, "max_depth": 8.0, "min_child_weight": 4674.4298239060045, "num_boost_round": 11.0, "subsample": 0.46853570286468726}, "datetime": {"datetime": "2024-01-20 14:51:01", "elapsed": 5358.808666, "delta": 0.002869}}
{"target": -10.298473554682698, "params": {"colsample_bytree": 0.6005040509633619, "eta": 0.0015534632781535245, "gamma": 736.137265447055, "max_depth": 8.0, "min_child_weight": 4674.4298239060045, "num_boost_round": 12.0, "subsample": 0.46853570286468726}, "datetime": {"datetime": "2024-01-20 14:51:01", "elapsed": 5358.811385, "delta": 0.002719}}
{"target": -10.298458070165461, "params": {"colsample_bytree": 0.6005040509633619, "eta": 0.0015534632781535245, "gamma": 736.137265447055, "max_depth": 8.0, "min_child_weight": 4674.4298239060045, "num_boost_round": 13.0, "subsample": 0.46853570286468726}, "datetime": {"datetime": "2024-01-20 14:51:01", "elapsed": 5358.816251, "delta": 0.004866}}
{"target": -10.298457812219633, "params": {"colsample_bytree": 0.6005040509633619, "eta": 0.0015534632781535245, "gamma": 736.137265447055, "max_depth": 8.0, "min_child_weight": 4674.4298239060045, "num_boost_round": 14.0, "subsample": 0.46853570286468726}, "datetime": {"datetime": "2024-01-20 14:51:01", "elapsed": 5358.820588, "delta": 0.004337}}
{"target": -10.298449847119493, "params": {"colsample_bytree": 0.6005040509633619, "eta": 0.0015534632781535245, "gamma": 736.137265447055, "max_depth": 8.0, "min_child_weight": 4674.4298239060045, "num_boost_round": 15.0, "subsample": 0.46853570286468726}, "datetime": {"datetime": "2024-01-20 14:51:01", "elapsed": 5358.824427, "delta": 0.003839}}
{"target": -10.29843917893028, "params": {"colsample_bytree": 0.6005040509633619, "eta": 0.0015534632781535245, "gamma": 736.137265447055, "max_depth": 8.0, "min_child_weight": 4674.4298239060045, "num_boost_round": 16.0, "subsample": 0.46853570286468726}, "datetime": {"datetime": "2024-01-20 14:51:01", "elapsed": 5358.828154, "delta": 0.003727}}
{"target": -10.298433452651132, "params": {"colsample_bytree": 0.6005040509633619, "eta": 0.0015534632781535245, "gamma": 736.137265447055, "max_depth": 8.0, "min_child_weight": 4674.4298239060045, "num_boost_round": 17.0, "subsample": 0.46853570286468726}, "datetime": {"datetime": "2024-01-20 14:51:01", "elapsed": 5358.832526, "delta": 0.004372}}
{"target": -10.298428761969586, "params": {"colsample_bytree": 0.6005040509633619, "eta": 0.0015534632781535245, "gamma": 736.137265447055, "max_depth": 8.0, "min_child_weight": 4674.4298239060045, "num_boost_round": 18.0, "subsample": 0.46853570286468726}, "datetime": {"datetime": "2024-01-20 14:51:01", "elapsed": 5358.83616, "delta": 0.003634}}
{"target": -10.29842585488593, "params": {"colsample_bytree": 0.6005040509633619, "eta": 0.0015534632781535245, "gamma": 736.137265447055, "max_depth": 8.0, "min_child_weight": 4674.4298239060045, "num_boost_round": 19.0, "subsample": 0.46853570286468726}, "datetime": {"datetime": "2024-01-20 14:51:01", "elapsed": 5358.840247, "delta": 0.004087}}
{"target": -10.29841470317704, "params": {"colsample_bytree": 0.6005040509633619, "eta": 0.0015534632781535245, "gamma": 736.137265447055, "max_depth": 8.0, "min_child_weight": 4674.4298239060045, "num_boost_round": 20.0, "subsample": 0.46853570286468726}, "datetime": {"datetime": "2024-01-20 14:51:01", "elapsed": 5358.846287, "delta": 0.00604}}
{"target": -10.298415716692922, "params": {"colsample_bytree": 0.6005040509633619, "eta": 0.0015534632781535245, "gamma": 736.137265447055, "max_depth": 8.0, "min_child_weight": 4674.4298239060045, "num_boost_round": 21.0, "subsample": 0.46853570286468726}, "datetime": {"datetime": "2024-01-20 14:51:01", "elapsed": 5358.850089, "delta": 0.003802}}
{"target": -10.29839854652603, "params": {"colsample_bytree": 0.6005040509633619, "eta": 0.0015534632781535245, "gamma": 736.137265447055, "max_depth": 8.0, "min_child_weight": 4674.4298239060045, "num_boost_round": 22.0, "subsample": 0.46853570286468726}, "datetime": {"datetime": "2024-01-20 14:51:01", "elapsed": 5358.853831, "delta": 0.003742}}
{"target": -10.298405010366075, "params": {"colsample_bytree": 0.6005040509633619, "eta": 0.0015534632781535245, "gamma": 736.137265447055, "max_depth": 8.0, "min_child_weight": 4674.4298239060045, "num_boost_round": 23.0, "subsample": 0.46853570286468726}, "datetime": {"datetime": "2024-01-20 14:51:01", "elapsed": 5358.85745, "delta": 0.003619}}
{"target": -10.298394701451842, "params": {"colsample_bytree": 0.6005040509633619, "eta": 0.0015534632781535245, "gamma": 736.137265447055, "max_depth": 8.0, "min_child_weight": 4674.4298239060045, "num_boost_round": 24.0, "subsample": 0.46853570286468726}, "datetime": {"datetime": "2024-01-20 14:51:01", "elapsed": 5358.861067, "delta": 0.003617}}
{"target": -10.298400702438347, "params": {"colsample_bytree": 0.6005040509633619, "eta": 0.0015534632781535245, "gamma": 736.137265447055, "max_depth": 8.0, "min_child_weight": 4674.4298239060045, "num_boost_round": 25.0, "subsample": 0.46853570286468726}, "datetime": {"datetime": "2024-01-20 14:51:01", "elapsed": 5358.86455, "delta": 0.003483}}
{"target": -10.298506522863924, "params": {"colsample_bytree": 0.8336278232694126, "eta": 0.026347188331743498, "gamma": 626.9207628201648, "max_depth": 3.0, "min_child_weight": 4469.518200285624, "num_boost_round": 1.0, "subsample": 0.8313040650461316}, "datetime": {"datetime": "2024-01-20 14:51:45", "elapsed": 5403.085643, "delta": 44.221093}}
{"target": -10.298581956663359, "params": {"colsample_bytree": 0.8336278232694126, "eta": 0.026347188331743498, "gamma": 626.9207628201648, "max_depth": 3.0, "min_child_weight": 4469.518200285624, "num_boost_round": 2.0, "subsample": 0.8313040650461316}, "datetime": {"datetime": "2024-01-20 14:51:45", "elapsed": 5403.092375, "delta": 0.006732}}
{"target": -10.298659689539734, "params": {"colsample_bytree": 0.8336278232694126, "eta": 0.026347188331743498, "gamma": 626.9207628201648, "max_depth": 3.0, "min_child_weight": 4469.518200285624, "num_boost_round": 3.0, "subsample": 0.8313040650461316}, "datetime": {"datetime": "2024-01-20 14:51:45", "elapsed": 5403.095886, "delta": 0.003511}}
{"target": -10.298801930082114, "params": {"colsample_bytree": 0.8336278232694126, "eta": 0.026347188331743498, "gamma": 626.9207628201648, "max_depth": 3.0, "min_child_weight": 4469.518200285624, "num_boost_round": 4.0, "subsample": 0.8313040650461316}, "datetime": {"datetime": "2024-01-20 14:51:45", "elapsed": 5403.098775, "delta": 0.002889}}
{"target": -10.298903202711607, "params": {"colsample_bytree": 0.8336278232694126, "eta": 0.026347188331743498, "gamma": 626.9207628201648, "max_depth": 3.0, "min_child_weight": 4469.518200285624, "num_boost_round": 5.0, "subsample": 0.8313040650461316}, "datetime": {"datetime": "2024-01-20 14:51:45", "elapsed": 5403.101788, "delta": 0.003013}}
{"target": -10.299093112182842, "params": {"colsample_bytree": 0.8336278232694126, "eta": 0.026347188331743498, "gamma": 626.9207628201648, "max_depth": 3.0, "min_child_weight": 4469.518200285624, "num_boost_round": 6.0, "subsample": 0.8313040650461316}, "datetime": {"datetime": "2024-01-20 14:51:45", "elapsed": 5403.104541, "delta": 0.002753}}
{"target": -10.299263514375603, "params": {"colsample_bytree": 0.8336278232694126, "eta": 0.026347188331743498, "gamma": 626.9207628201648, "max_depth": 3.0, "min_child_weight": 4469.518200285624, "num_boost_round": 7.0, "subsample": 0.8313040650461316}, "datetime": {"datetime": "2024-01-20 14:51:45", "elapsed": 5403.107564, "delta": 0.003023}}
{"target": -10.299332836090283, "params": {"colsample_bytree": 0.8336278232694126, "eta": 0.026347188331743498, "gamma": 626.9207628201648, "max_depth": 3.0, "min_child_weight": 4469.518200285624, "num_boost_round": 8.0, "subsample": 0.8313040650461316}, "datetime": {"datetime": "2024-01-20 14:51:45", "elapsed": 5403.110948, "delta": 0.003384}}
{"target": -10.299534987709025, "params": {"colsample_bytree": 0.8336278232694126, "eta": 0.026347188331743498, "gamma": 626.9207628201648, "max_depth": 3.0, "min_child_weight": 4469.518200285624, "num_boost_round": 9.0, "subsample": 0.8313040650461316}, "datetime": {"datetime": "2024-01-20 14:51:45", "elapsed": 5403.11384, "delta": 0.002892}}
{"target": -10.299716431356867, "params": {"colsample_bytree": 0.8336278232694126, "eta": 0.026347188331743498, "gamma": 626.9207628201648, "max_depth": 3.0, "min_child_weight": 4469.518200285624, "num_boost_round": 10.0, "subsample": 0.8313040650461316}, "datetime": {"datetime": "2024-01-20 14:51:45", "elapsed": 5403.116649, "delta": 0.002809}}
{"target": -10.299979647142859, "params": {"colsample_bytree": 0.8336278232694126, "eta": 0.026347188331743498, "gamma": 626.9207628201648, "max_depth": 3.0, "min_child_weight": 4469.518200285624, "num_boost_round": 11.0, "subsample": 0.8313040650461316}, "datetime": {"datetime": "2024-01-20 14:51:45", "elapsed": 5403.119496, "delta": 0.002847}}
{"target": -10.300253894011705, "params": {"colsample_bytree": 0.8336278232694126, "eta": 0.026347188331743498, "gamma": 626.9207628201648, "max_depth": 3.0, "min_child_weight": 4469.518200285624, "num_boost_round": 12.0, "subsample": 0.8313040650461316}, "datetime": {"datetime": "2024-01-20 14:51:45", "elapsed": 5403.122352, "delta": 0.002856}}
{"target": -10.3004329381024, "params": {"colsample_bytree": 0.8336278232694126, "eta": 0.026347188331743498, "gamma": 626.9207628201648, "max_depth": 3.0, "min_child_weight": 4469.518200285624, "num_boost_round": 13.0, "subsample": 0.8313040650461316}, "datetime": {"datetime": "2024-01-20 14:51:45", "elapsed": 5403.12527, "delta": 0.002918}}
{"target": -10.300662642157668, "params": {"colsample_bytree": 0.8336278232694126, "eta": 0.026347188331743498, "gamma": 626.9207628201648, "max_depth": 3.0, "min_child_weight": 4469.518200285624, "num_boost_round": 14.0, "subsample": 0.8313040650461316}, "datetime": {"datetime": "2024-01-20 14:51:45", "elapsed": 5403.12818, "delta": 0.00291}}
{"target": -10.298262795115697, "params": {"colsample_bytree": 0.16115741133138653, "eta": 0.06816528776235459, "gamma": 655.2610835190802, "max_depth": 2.0, "min_child_weight": 4692.274171252971, "num_boost_round": 1.0, "subsample": 0.9201907178874575}, "datetime": {"datetime": "2024-01-20 14:52:18", "elapsed": 5436.460395, "delta": 33.332215}}
{"target": -10.298338717326182, "params": {"colsample_bytree": 0.16115741133138653, "eta": 0.06816528776235459, "gamma": 655.2610835190802, "max_depth": 2.0, "min_child_weight": 4692.274171252971, "num_boost_round": 2.0, "subsample": 0.9201907178874575}, "datetime": {"datetime": "2024-01-20 14:52:18", "elapsed": 5436.465991, "delta": 0.005596}}
{"target": -10.2986230695087, "params": {"colsample_bytree": 0.16115741133138653, "eta": 0.06816528776235459, "gamma": 655.2610835190802, "max_depth": 2.0, "min_child_weight": 4692.274171252971, "num_boost_round": 3.0, "subsample": 0.9201907178874575}, "datetime": {"datetime": "2024-01-20 14:52:18", "elapsed": 5436.470581, "delta": 0.00459}}
{"target": -10.29875918974557, "params": {"colsample_bytree": 0.16115741133138653, "eta": 0.06816528776235459, "gamma": 655.2610835190802, "max_depth": 2.0, "min_child_weight": 4692.274171252971, "num_boost_round": 4.0, "subsample": 0.9201907178874575}, "datetime": {"datetime": "2024-01-20 14:52:18", "elapsed": 5436.474642, "delta": 0.004061}}
{"target": -10.298024750321396, "params": {"colsample_bytree": 0.5907785932620159, "eta": 0.03722046301969949, "gamma": 771.6742041136456, "max_depth": 8.0, "min_child_weight": 4529.150339943152, "num_boost_round": 1.0, "subsample": 0.1261323105650766}, "datetime": {"datetime": "2024-01-20 14:52:52", "elapsed": 5470.575262, "delta": 34.10062}}
{"target": -10.298135405947257, "params": {"colsample_bytree": 0.28635484658787774, "eta": 0.05119610340703835, "gamma": 697.8952213781719, "max_depth": 2.0, "min_child_weight": 4722.166933642901, "num_boost_round": 1.0, "subsample": 0.6024815758734153}, "datetime": {"datetime": "2024-01-20 14:54:04", "elapsed": 5542.243431, "delta": 71.668169}}
{"target": -10.298195079087746, "params": {"colsample_bytree": 0.28635484658787774, "eta": 0.05119610340703835, "gamma": 697.8952213781719, "max_depth": 2.0, "min_child_weight": 4722.166933642901, "num_boost_round": 2.0, "subsample": 0.6024815758734153}, "datetime": {"datetime": "2024-01-20 14:54:04", "elapsed": 5542.250268, "delta": 0.006837}}
{"target": -10.29839222108036, "params": {"colsample_bytree": 0.28635484658787774, "eta": 0.05119610340703835, "gamma": 697.8952213781719, "max_depth": 2.0, "min_child_weight": 4722.166933642901, "num_boost_round": 3.0, "subsample": 0.6024815758734153}, "datetime": {"datetime": "2024-01-20 14:54:04", "elapsed": 5542.254575, "delta": 0.004307}}
{"target": -10.2984301485831, "params": {"colsample_bytree": 0.28635484658787774, "eta": 0.05119610340703835, "gamma": 697.8952213781719, "max_depth": 2.0, "min_child_weight": 4722.166933642901, "num_boost_round": 4.0, "subsample": 0.6024815758734153}, "datetime": {"datetime": "2024-01-20 14:54:04", "elapsed": 5542.25881, "delta": 0.004235}}
{"target": -10.298757676710608, "params": {"colsample_bytree": 0.28635484658787774, "eta": 0.05119610340703835, "gamma": 697.8952213781719, "max_depth": 2.0, "min_child_weight": 4722.166933642901, "num_boost_round": 5.0, "subsample": 0.6024815758734153}, "datetime": {"datetime": "2024-01-20 14:54:04", "elapsed": 5542.262143, "delta": 0.003333}}
{"target": -10.299053053727185, "params": {"colsample_bytree": 0.28635484658787774, "eta": 0.05119610340703835, "gamma": 697.8952213781719, "max_depth": 2.0, "min_child_weight": 4722.166933642901, "num_boost_round": 6.0, "subsample": 0.6024815758734153}, "datetime": {"datetime": "2024-01-20 14:54:04", "elapsed": 5542.265188, "delta": 0.003045}}
{"target": -10.299337860907789, "params": {"colsample_bytree": 0.28635484658787774, "eta": 0.05119610340703835, "gamma": 697.8952213781719, "max_depth": 2.0, "min_child_weight": 4722.166933642901, "num_boost_round": 7.0, "subsample": 0.6024815758734153}, "datetime": {"datetime": "2024-01-20 14:54:04", "elapsed": 5542.268393, "delta": 0.003205}}
{"target": -10.299562515990374, "params": {"colsample_bytree": 0.28635484658787774, "eta": 0.05119610340703835, "gamma": 697.8952213781719, "max_depth": 2.0, "min_child_weight": 4722.166933642901, "num_boost_round": 8.0, "subsample": 0.6024815758734153}, "datetime": {"datetime": "2024-01-20 14:54:04", "elapsed": 5542.271303, "delta": 0.00291}}
{"target": -10.299700012808602, "params": {"colsample_bytree": 0.28635484658787774, "eta": 0.05119610340703835, "gamma": 697.8952213781719, "max_depth": 2.0, "min_child_weight": 4722.166933642901, "num_boost_round": 9.0, "subsample": 0.6024815758734153}, "datetime": {"datetime": "2024-01-20 14:54:04", "elapsed": 5542.27423, "delta": 0.002927}}
{"target": -10.300041167740737, "params": {"colsample_bytree": 0.28635484658787774, "eta": 0.05119610340703835, "gamma": 697.8952213781719, "max_depth": 2.0, "min_child_weight": 4722.166933642901, "num_boost_round": 10.0, "subsample": 0.6024815758734153}, "datetime": {"datetime": "2024-01-20 14:54:04", "elapsed": 5542.27714, "delta": 0.00291}}
{"target": -10.299941634183106, "params": {"colsample_bytree": 0.28635484658787774, "eta": 0.05119610340703835, "gamma": 697.8952213781719, "max_depth": 2.0, "min_child_weight": 4722.166933642901, "num_boost_round": 11.0, "subsample": 0.6024815758734153}, "datetime": {"datetime": "2024-01-20 14:54:04", "elapsed": 5542.279908, "delta": 0.002768}}
{"target": -10.300128690027657, "params": {"colsample_bytree": 0.28635484658787774, "eta": 0.05119610340703835, "gamma": 697.8952213781719, "max_depth": 2.0, "min_child_weight": 4722.166933642901, "num_boost_round": 12.0, "subsample": 0.6024815758734153}, "datetime": {"datetime": "2024-01-20 14:54:04", "elapsed": 5542.282756, "delta": 0.002848}}
{"target": -10.30003848358141, "params": {"colsample_bytree": 0.28635484658787774, "eta": 0.05119610340703835, "gamma": 697.8952213781719, "max_depth": 2.0, "min_child_weight": 4722.166933642901, "num_boost_round": 13.0, "subsample": 0.6024815758734153}, "datetime": {"datetime": "2024-01-20 14:54:04", "elapsed": 5542.285511, "delta": 0.002755}}
{"target": -10.30028313121902, "params": {"colsample_bytree": 0.28635484658787774, "eta": 0.05119610340703835, "gamma": 697.8952213781719, "max_depth": 2.0, "min_child_weight": 4722.166933642901, "num_boost_round": 14.0, "subsample": 0.6024815758734153}, "datetime": {"datetime": "2024-01-20 14:54:04", "elapsed": 5542.288536, "delta": 0.003025}}
{"target": -10.300749120430748, "params": {"colsample_bytree": 0.28635484658787774, "eta": 0.05119610340703835, "gamma": 697.8952213781719, "max_depth": 2.0, "min_child_weight": 4722.166933642901, "num_boost_round": 15.0, "subsample": 0.6024815758734153}, "datetime": {"datetime": "2024-01-20 14:54:04", "elapsed": 5542.291544, "delta": 0.003008}}
{"target": -10.300846769888011, "params": {"colsample_bytree": 0.28635484658787774, "eta": 0.05119610340703835, "gamma": 697.8952213781719, "max_depth": 2.0, "min_child_weight": 4722.166933642901, "num_boost_round": 16.0, "subsample": 0.6024815758734153}, "datetime": {"datetime": "2024-01-20 14:54:04", "elapsed": 5542.294345, "delta": 0.002801}}
