{"target": -12.35717619640526, "params": {"colsample_bytree": 0.2541329416897754, "eta": 0.013624744593222798, "gamma": 609.4174168858659, "max_depth": 4.0, "min_child_weight": 4249.1410293451945, "num_boost_round": 3.0, "subsample": 0.8057852926484085}, "datetime": {"datetime": "2024-01-20 14:29:24", "elapsed": 330.870574, "delta": 0.00103}}
{"target": -12.357244304503922, "params": {"colsample_bytree": 0.2541329416897754, "eta": 0.013624744593222798, "gamma": 609.4174168858659, "max_depth": 4.0, "min_child_weight": 4249.1410293451945, "num_boost_round": 4.0, "subsample": 0.8057852926484085}, "datetime": {"datetime": "2024-01-20 14:29:24", "elapsed": 330.871413, "delta": 0.000839}}
{"target": -12.357274487839385, "params": {"colsample_bytree": 0.2541329416897754, "eta": 0.013624744593222798, "gamma": 609.4174168858659, "max_depth": 4.0, "min_child_weight": 4249.1410293451945, "num_boost_round": 5.0, "subsample": 0.8057852926484085}, "datetime": {"datetime": "2024-01-20 14:29:24", "elapsed": 330.87224, "delta": 0.000827}}
{"target": -12.356903972348103, "params": {"colsample_bytree": 0.2541329416897754, "eta": 0.013624744593222798, "gamma": 609.4174168858659, "max_depth": 4.0, "min_child_weight": 4249.1410293451945, "num_boost_round": 6.0, "subsample": 0.8057852926484085}, "datetime": {"datetime": "2024-01-20 14:29:24", "elapsed": 330.873063, "delta": 0.000823}}
{"target": -12.356990306421896, "params": {"colsample_bytree": 0.2541329416897754, "eta": 0.013624744593222798, "gamma": 609.4174168858659, "max_depth": 4.0, "min_child_weight": 4249.1410293451945, "num_boost_round": 7.0, "subsample": 0.8057852926484085}, "datetime": {"datetime": "2024-01-20 14:29:24", "elapsed": 330.873904, "delta": 0.000841}}
{"target": -12.356626690804962, "params": {"colsample_bytree": 0.2541329416897754, "eta": 0.013624744593222798, "gamma": 609.4174168858659, "max_depth": 4.0, "min_child_weight": 4249.1410293451945, "num_boost_round": 8.0, "subsample": 0.8057852926484085}, "datetime": {"datetime": "2024-01-20 14:29:24", "elapsed": 330.874801, "delta": 0.000897}}
{"target": -12.356642273919661, "params": {"colsample_bytree": 0.2541329416897754, "eta": 0.013624744593222798, "gamma": 609.4174168858659, "max_depth": 4.0, "min_child_weight": 4249.1410293451945, "num_boost_round": 9.0, "subsample": 0.8057852926484085}, "datetime": {"datetime": "2024-01-20 14:29:24", "elapsed": 330.875642, "delta": 0.000841}}
{"target": -12.356357398297252, "params": {"colsample_bytree": 0.2541329416897754, "eta": 0.013624744593222798, "gamma": 609.4174168858659, "max_depth": 4.0, "min_child_weight": 4249.1410293451945, "num_boost_round": 10.0, "subsample": 0.8057852926484085}, "datetime": {"datetime": "2024-01-20 14:29:24", "elapsed": 330.876476, "delta": 0.000834}}
{"target": -12.356010088874816, "params": {"colsample_bytree": 0.2541329416897754, "eta": 0.013624744593222798, "gamma": 609.4174168858659, "max_depth": 4.0, "min_child_weight": 4249.1410293451945, "num_boost_round": 11.0, "subsample": 0.8057852926484085}, "datetime": {"datetime": "2024-01-20 14:29:24", "elapsed": 330.877472, "delta": 0.000996}}
{"target": -12.355715220301823, "params": {"colsample_bytree": 0.2541329416897754, "eta": 0.013624744593222798, "gamma": 609.4174168858659, "max_depth": 4.0, "min_child_weight": 4249.1410293451945, "num_boost_round": 12.0, "subsample": 0.8057852926484085}, "datetime": {"datetime": "2024-01-20 14:29:24", "elapsed": 330.878312, "delta": 0.00084}}
{"target": -12.355768611853907, "params": {"colsample_bytree": 0.2541329416897754, "eta": 0.013624744593222798, "gamma": 609.4174168858659, "max_depth": 4.0, "min_child_weight": 4249.1410293451945, "num_boost_round": 13.0, "subsample": 0.8057852926484085}, "datetime": {"datetime": "2024-01-20 14:29:24", "elapsed": 330.879192, "delta": 0.00088}}
{"target": -12.355777722341148, "params": {"colsample_bytree": 0.2541329416897754, "eta": 0.013624744593222798, "gamma": 609.4174168858659, "max_depth": 4.0, "min_child_weight": 4249.1410293451945, "num_boost_round": 14.0, "subsample": 0.8057852926484085}, "datetime": {"datetime": "2024-01-20 14:29:24", "elapsed": 330.88004, "delta": 0.000848}}
{"target": -12.355431348678172, "params": {"colsample_bytree": 0.2541329416897754, "eta": 0.013624744593222798, "gamma": 609.4174168858659, "max_depth": 4.0, "min_child_weight": 4249.1410293451945, "num_boost_round": 15.0, "subsample": 0.8057852926484085}, "datetime": {"datetime": "2024-01-20 14:29:24", "elapsed": 330.880888, "delta": 0.000848}}
{"target": -12.355101062607998, "params": {"colsample_bytree": 0.2541329416897754, "eta": 0.013624744593222798, "gamma": 609.4174168858659, "max_depth": 4.0, "min_child_weight": 4249.1410293451945, "num_boost_round": 16.0, "subsample": 0.8057852926484085}, "datetime": {"datetime": "2024-01-20 14:29:24", "elapsed": 330.881793, "delta": 0.000905}}
{"target": -12.355176009150089, "params": {"colsample_bytree": 0.2541329416897754, "eta": 0.013624744593222798, "gamma": 609.4174168858659, "max_depth": 4.0, "min_child_weight": 4249.1410293451945, "num_boost_round": 17.0, "subsample": 0.8057852926484085}, "datetime": {"datetime": "2024-01-20 14:29:24", "elapsed": 330.882642, "delta": 0.000849}}
{"target": -12.35517828240881, "params": {"colsample_bytree": 0.2541329416897754, "eta": 0.013624744593222798, "gamma": 609.4174168858659, "max_depth": 4.0, "min_child_weight": 4249.1410293451945, "num_boost_round": 18.0, "subsample": 0.8057852926484085}, "datetime": {"datetime": "2024-01-20 14:29:24", "elapsed": 330.883486, "delta": 0.000844}}
{"target": -12.35515162447713, "params": {"colsample_bytree": 0.2541329416897754, "eta": 0.013624744593222798, "gamma": 609.4174168858659, "max_depth": 4.0, "min_child_weight": 4249.1410293451945, "num_boost_round": 19.0, "subsample": 0.8057852926484085}, "datetime": {"datetime": "2024-01-20 14:29:24", "elapsed": 330.884328, "delta": 0.000842}}
{"target": -12.355139127680385, "params": {"colsample_bytree": 0.2541329416897754, "eta": 0.013624744593222798, "gamma": 609.4174168858659, "max_depth": 4.0, "min_child_weight": 4249.1410293451945, "num_boost_round": 20.0, "subsample": 0.8057852926484085}, "datetime": {"datetime": "2024-01-20 14:29:24", "elapsed": 330.885172, "delta": 0.000844}}
{"target": -12.355137424765049, "params": {"colsample_bytree": 0.2541329416897754, "eta": 0.013624744593222798, "gamma": 609.4174168858659, "max_depth": 4.0, "min_child_weight": 4249.1410293451945, "num_boost_round": 21.0, "subsample": 0.8057852926484085}, "datetime": {"datetime": "2024-01-20 14:29:24", "elapsed": 330.886015, "delta": 0.000843}}
{"target": -12.355142656169068, "params": {"colsample_bytree": 0.2541329416897754, "eta": 0.013624744593222798, "gamma": 609.4174168858659, "max_depth": 4.0, "min_child_weight": 4249.1410293451945, "num_boost_round": 22.0, "subsample": 0.8057852926484085}, "datetime": {"datetime": "2024-01-20 14:29:24", "elapsed": 330.886855, "delta": 0.00084}}
{"target": -12.355125361887165, "params": {"colsample_bytree": 0.2541329416897754, "eta": 0.013624744593222798, "gamma": 609.4174168858659, "max_depth": 4.0, "min_child_weight": 4249.1410293451945, "num_boost_round": 23.0, "subsample": 0.8057852926484085}, "datetime": {"datetime": "2024-01-20 14:29:24", "elapsed": 330.887702, "delta": 0.000847}}
{"target": -12.355162340853528, "params": {"colsample_bytree": 0.2541329416897754, "eta": 0.013624744593222798, "gamma": 609.4174168858659, "max_depth": 4.0, "min_child_weight": 4249.1410293451945, "num_boost_round": 24.0, "subsample": 0.8057852926484085}, "datetime": {"datetime": "2024-01-20 14:29:24", "elapsed": 330.888546, "delta": 0.000844}}
{"target": -12.354550959158088, "params": {"colsample_bytree": 0.2541329416897754, "eta": 0.013624744593222798, "gamma": 609.4174168858659, "max_depth": 4.0, "min_child_weight": 4249.1410293451945, "num_boost_round": 25.0, "subsample": 0.8057852926484085}, "datetime": {"datetime": "2024-01-20 14:29:24", "elapsed": 330.889398, "delta": 0.000852}}
{"target": -12.354555290818455, "params": {"colsample_bytree": 0.2541329416897754, "eta": 0.013624744593222798, "gamma": 609.4174168858659, "max_depth": 4.0, "min_child_weight": 4249.1410293451945, "num_boost_round": 26.0, "subsample": 0.8057852926484085}, "datetime": {"datetime": "2024-01-20 14:29:24", "elapsed": 330.89026, "delta": 0.000862}}
{"target": -12.354618573289912, "params": {"colsample_bytree": 0.2541329416897754, "eta": 0.013624744593222798, "gamma": 609.4174168858659, "max_depth": 4.0, "min_child_weight": 4249.1410293451945, "num_boost_round": 27.0, "subsample": 0.8057852926484085}, "datetime": {"datetime": "2024-01-20 14:29:24", "elapsed": 330.891121, "delta": 0.000861}}
{"target": -12.354586126514224, "params": {"colsample_bytree": 0.2541329416897754, "eta": 0.013624744593222798, "gamma": 609.4174168858659, "max_depth": 4.0, "min_child_weight": 4249.1410293451945, "num_boost_round": 28.0, "subsample": 0.8057852926484085}, "datetime": {"datetime": "2024-01-20 14:29:24", "elapsed": 330.891968, "delta": 0.000847}}
{"target": -12.357180884495452, "params": {"colsample_bytree": 0.32954958663254186, "eta": 0.0581358750181343, "gamma": 561.8844912980051, "max_depth": 5.0, "min_child_weight": 4254.445312331072, "num_boost_round": 1.0, "subsample": 0.4569396920762857}, "datetime": {"datetime": "2024-01-20 14:29:54", "elapsed": 361.072574, "delta": 30.180606}}
{"target": -12.356113895517353, "params": {"colsample_bytree": 0.32954958663254186, "eta": 0.0581358750181343, "gamma": 561.8844912980051, "max_depth": 5.0, "min_child_weight": 4254.445312331072, "num_boost_round": 2.0, "subsample": 0.4569396920762857}, "datetime": {"datetime": "2024-01-20 14:29:54", "elapsed": 361.073651, "delta": 0.001077}}
{"target": -12.352785284873164, "params": {"colsample_bytree": 0.32954958663254186, "eta": 0.0581358750181343, "gamma": 561.8844912980051, "max_depth": 5.0, "min_child_weight": 4254.445312331072, "num_boost_round": 3.0, "subsample": 0.4569396920762857}, "datetime": {"datetime": "2024-01-20 14:29:54", "elapsed": 361.075763, "delta": 0.002112}}
{"target": -12.3530644408457, "params": {"colsample_bytree": 0.32954958663254186, "eta": 0.0581358750181343, "gamma": 561.8844912980051, "max_depth": 5.0, "min_child_weight": 4254.445312331072, "num_boost_round": 4.0, "subsample": 0.4569396920762857}, "datetime": {"datetime": "2024-01-20 14:29:54", "elapsed": 361.077054, "delta": 0.001291}}
{"target": -12.351836029586234, "params": {"colsample_bytree": 0.32954958663254186, "eta": 0.0581358750181343, "gamma": 561.8844912980051, "max_depth": 5.0, "min_child_weight": 4254.445312331072, "num_boost_round": 5.0, "subsample": 0.4569396920762857}, "datetime": {"datetime": "2024-01-20 14:29:54", "elapsed": 361.078008, "delta": 0.000954}}
{"target": -12.350741093786771, "params": {"colsample_bytree": 0.32954958663254186, "eta": 0.0581358750181343, "gamma": 561.8844912980051, "max_depth": 5.0, "min_child_weight": 4254.445312331072, "num_boost_round": 6.0, "subsample": 0.4569396920762857}, "datetime": {"datetime": "2024-01-20 14:29:54", "elapsed": 361.078892, "delta": 0.000884}}
{"target": -12.350885297495786, "params": {"colsample_bytree": 0.32954958663254186, "eta": 0.0581358750181343, "gamma": 561.8844912980051, "max_depth": 5.0, "min_child_weight": 4254.445312331072, "num_boost_round": 7.0, "subsample": 0.4569396920762857}, "datetime": {"datetime": "2024-01-20 14:29:54", "elapsed": 361.079771, "delta": 0.000879}}
{"target": -12.349737813613693, "params": {"colsample_bytree": 0.32954958663254186, "eta": 0.0581358750181343, "gamma": 561.8844912980051, "max_depth": 5.0, "min_child_weight": 4254.445312331072, "num_boost_round": 8.0, "subsample": 0.4569396920762857}, "datetime": {"datetime": "2024-01-20 14:29:54", "elapsed": 361.080646, "delta": 0.000875}}
{"target": -12.349722976544598, "params": {"colsample_bytree": 0.32954958663254186, "eta": 0.0581358750181343, "gamma": 561.8844912980051, "max_depth": 5.0, "min_child_weight": 4254.445312331072, "num_boost_round": 9.0, "subsample": 0.4569396920762857}, "datetime": {"datetime": "2024-01-20 14:29:54", "elapsed": 361.081613, "delta": 0.000967}}
{"target": -12.34940103488904, "params": {"colsample_bytree": 0.32954958663254186, "eta": 0.0581358750181343, "gamma": 561.8844912980051, "max_depth": 5.0, "min_child_weight": 4254.445312331072, "num_boost_round": 10.0, "subsample": 0.4569396920762857}, "datetime": {"datetime": "2024-01-20 14:29:54", "elapsed": 361.0825, "delta": 0.000887}}
{"target": -12.348758266246449, "params": {"colsample_bytree": 0.32954958663254186, "eta": 0.0581358750181343, "gamma": 561.8844912980051, "max_depth": 5.0, "min_child_weight": 4254.445312331072, "num_boost_round": 11.0, "subsample": 0.4569396920762857}, "datetime": {"datetime": "2024-01-20 14:29:54", "elapsed": 361.083372, "delta": 0.000872}}
{"target": -12.348426269874782, "params": {"colsample_bytree": 0.32954958663254186, "eta": 0.0581358750181343, "gamma": 561.8844912980051, "max_depth": 5.0, "min_child_weight": 4254.445312331072, "num_boost_round": 12.0, "subsample": 0.4569396920762857}, "datetime": {"datetime": "2024-01-20 14:29:54", "elapsed": 361.084253, "delta": 0.000881}}
{"target": -12.348851370417659, "params": {"colsample_bytree": 0.32954958663254186, "eta": 0.0581358750181343, "gamma": 561.8844912980051, "max_depth": 5.0, "min_child_weight": 4254.445312331072, "num_boost_round": 13.0, "subsample": 0.4569396920762857}, "datetime": {"datetime": "2024-01-20 14:29:54", "elapsed": 361.08514, "delta": 0.000887}}
{"target": -12.348128358893469, "params": {"colsample_bytree": 0.32954958663254186, "eta": 0.0581358750181343, "gamma": 561.8844912980051, "max_depth": 5.0, "min_child_weight": 4254.445312331072, "num_boost_round": 14.0, "subsample": 0.4569396920762857}, "datetime": {"datetime": "2024-01-20 14:29:54", "elapsed": 361.086016, "delta": 0.000876}}
{"target": -12.347254083790983, "params": {"colsample_bytree": 0.32954958663254186, "eta": 0.0581358750181343, "gamma": 561.8844912980051, "max_depth": 5.0, "min_child_weight": 4254.445312331072, "num_boost_round": 15.0, "subsample": 0.4569396920762857}, "datetime": {"datetime": "2024-01-20 14:29:54", "elapsed": 361.086932, "delta": 0.000916}}
{"target": -12.346864286788925, "params": {"colsample_bytree": 0.32954958663254186, "eta": 0.0581358750181343, "gamma": 561.8844912980051, "max_depth": 5.0, "min_child_weight": 4254.445312331072, "num_boost_round": 16.0, "subsample": 0.4569396920762857}, "datetime": {"datetime": "2024-01-20 14:29:54", "elapsed": 361.087826, "delta": 0.000894}}
{"target": -12.347182797064653, "params": {"colsample_bytree": 0.32954958663254186, "eta": 0.0581358750181343, "gamma": 561.8844912980051, "max_depth": 5.0, "min_child_weight": 4254.445312331072, "num_boost_round": 17.0, "subsample": 0.4569396920762857}, "datetime": {"datetime": "2024-01-20 14:29:54", "elapsed": 361.088709, "delta": 0.000883}}
{"target": -12.34711112592014, "params": {"colsample_bytree": 0.32954958663254186, "eta": 0.0581358750181343, "gamma": 561.8844912980051, "max_depth": 5.0, "min_child_weight": 4254.445312331072, "num_boost_round": 18.0, "subsample": 0.4569396920762857}, "datetime": {"datetime": "2024-01-20 14:29:54", "elapsed": 361.08959, "delta": 0.000881}}
{"target": -12.346966998398798, "params": {"colsample_bytree": 0.32954958663254186, "eta": 0.0581358750181343, "gamma": 561.8844912980051, "max_depth": 5.0, "min_child_weight": 4254.445312331072, "num_boost_round": 19.0, "subsample": 0.4569396920762857}, "datetime": {"datetime": "2024-01-20 14:29:54", "elapsed": 361.090478, "delta": 0.000888}}
{"target": -12.346671956757117, "params": {"colsample_bytree": 0.32954958663254186, "eta": 0.0581358750181343, "gamma": 561.8844912980051, "max_depth": 5.0, "min_child_weight": 4254.445312331072, "num_boost_round": 20.0, "subsample": 0.4569396920762857}, "datetime": {"datetime": "2024-01-20 14:29:54", "elapsed": 361.091357, "delta": 0.000879}}
{"target": -12.346515863371678, "params": {"colsample_bytree": 0.32954958663254186, "eta": 0.0581358750181343, "gamma": 561.8844912980051, "max_depth": 5.0, "min_child_weight": 4254.445312331072, "num_boost_round": 21.0, "subsample": 0.4569396920762857}, "datetime": {"datetime": "2024-01-20 14:29:54", "elapsed": 361.092242, "delta": 0.000885}}
{"target": -12.346556624259513, "params": {"colsample_bytree": 0.32954958663254186, "eta": 0.0581358750181343, "gamma": 561.8844912980051, "max_depth": 5.0, "min_child_weight": 4254.445312331072, "num_boost_round": 22.0, "subsample": 0.4569396920762857}, "datetime": {"datetime": "2024-01-20 14:29:54", "elapsed": 361.093118, "delta": 0.000876}}
{"target": -12.345544647694929, "params": {"colsample_bytree": 0.32954958663254186, "eta": 0.0581358750181343, "gamma": 561.8844912980051, "max_depth": 5.0, "min_child_weight": 4254.445312331072, "num_boost_round": 23.0, "subsample": 0.4569396920762857}, "datetime": {"datetime": "2024-01-20 14:29:54", "elapsed": 361.093986, "delta": 0.000868}}
{"target": -12.345969830342893, "params": {"colsample_bytree": 0.32954958663254186, "eta": 0.0581358750181343, "gamma": 561.8844912980051, "max_depth": 5.0, "min_child_weight": 4254.445312331072, "num_boost_round": 24.0, "subsample": 0.4569396920762857}, "datetime": {"datetime": "2024-01-20 14:29:54", "elapsed": 361.094883, "delta": 0.000897}}
{"target": -12.345037540078483, "params": {"colsample_bytree": 0.32954958663254186, "eta": 0.0581358750181343, "gamma": 561.8844912980051, "max_depth": 5.0, "min_child_weight": 4254.445312331072, "num_boost_round": 25.0, "subsample": 0.4569396920762857}, "datetime": {"datetime": "2024-01-20 14:29:54", "elapsed": 361.095764, "delta": 0.000881}}
{"target": -12.345204832776615, "params": {"colsample_bytree": 0.32954958663254186, "eta": 0.0581358750181343, "gamma": 561.8844912980051, "max_depth": 5.0, "min_child_weight": 4254.445312331072, "num_boost_round": 26.0, "subsample": 0.4569396920762857}, "datetime": {"datetime": "2024-01-20 14:29:54", "elapsed": 361.096761, "delta": 0.000997}}
{"target": -12.345544699728183, "params": {"colsample_bytree": 0.32954958663254186, "eta": 0.0581358750181343, "gamma": 561.8844912980051, "max_depth": 5.0, "min_child_weight": 4254.445312331072, "num_boost_round": 27.0, "subsample": 0.4569396920762857}, "datetime": {"datetime": "2024-01-20 14:29:54", "elapsed": 361.097668, "delta": 0.000907}}
{"target": -12.34553312455849, "params": {"colsample_bytree": 0.32954958663254186, "eta": 0.0581358750181343, "gamma": 561.8844912980051, "max_depth": 5.0, "min_child_weight": 4254.445312331072, "num_boost_round": 28.0, "subsample": 0.4569396920762857}, "datetime": {"datetime": "2024-01-20 14:29:54", "elapsed": 361.098631, "delta": 0.000963}}
{"target": -12.345526202163832, "params": {"colsample_bytree": 0.32954958663254186, "eta": 0.0581358750181343, "gamma": 561.8844912980051, "max_depth": 5.0, "min_child_weight": 4254.445312331072, "num_boost_round": 29.0, "subsample": 0.4569396920762857}, "datetime": {"datetime": "2024-01-20 14:29:54", "elapsed": 361.099524, "delta": 0.000893}}
{"target": -12.345088036134051, "params": {"colsample_bytree": 0.32954958663254186, "eta": 0.0581358750181343, "gamma": 561.8844912980051, "max_depth": 5.0, "min_child_weight": 4254.445312331072, "num_boost_round": 30.0, "subsample": 0.4569396920762857}, "datetime": {"datetime": "2024-01-20 14:29:54", "elapsed": 361.100412, "delta": 0.000888}}
{"target": -12.344133937574835, "params": {"colsample_bytree": 0.32954958663254186, "eta": 0.0581358750181343, "gamma": 561.8844912980051, "max_depth": 5.0, "min_child_weight": 4254.445312331072, "num_boost_round": 31.0, "subsample": 0.4569396920762857}, "datetime": {"datetime": "2024-01-20 14:29:54", "elapsed": 361.101298, "delta": 0.000886}}
{"target": -12.344233200526716, "params": {"colsample_bytree": 0.32954958663254186, "eta": 0.0581358750181343, "gamma": 561.8844912980051, "max_depth": 5.0, "min_child_weight": 4254.445312331072, "num_boost_round": 32.0, "subsample": 0.4569396920762857}, "datetime": {"datetime": "2024-01-20 14:29:54", "elapsed": 361.102242, "delta": 0.000944}}
{"target": -12.344616229671754, "params": {"colsample_bytree": 0.32954958663254186, "eta": 0.0581358750181343, "gamma": 561.8844912980051, "max_depth": 5.0, "min_child_weight": 4254.445312331072, "num_boost_round": 33.0, "subsample": 0.4569396920762857}, "datetime": {"datetime": "2024-01-20 14:29:54", "elapsed": 361.103144, "delta": 0.000902}}
{"target": -12.344284986046187, "params": {"colsample_bytree": 0.32954958663254186, "eta": 0.0581358750181343, "gamma": 561.8844912980051, "max_depth": 5.0, "min_child_weight": 4254.445312331072, "num_boost_round": 34.0, "subsample": 0.4569396920762857}, "datetime": {"datetime": "2024-01-20 14:29:54", "elapsed": 361.104034, "delta": 0.00089}}
{"target": -12.343936474181636, "params": {"colsample_bytree": 0.32954958663254186, "eta": 0.0581358750181343, "gamma": 561.8844912980051, "max_depth": 5.0, "min_child_weight": 4254.445312331072, "num_boost_round": 35.0, "subsample": 0.4569396920762857}, "datetime": {"datetime": "2024-01-20 14:29:54", "elapsed": 361.104937, "delta": 0.000903}}
{"target": -12.34392569321262, "params": {"colsample_bytree": 0.32954958663254186, "eta": 0.0581358750181343, "gamma": 561.8844912980051, "max_depth": 5.0, "min_child_weight": 4254.445312331072, "num_boost_round": 36.0, "subsample": 0.4569396920762857}, "datetime": {"datetime": "2024-01-20 14:29:54", "elapsed": 361.105831, "delta": 0.000894}}
{"target": -12.34425283823542, "params": {"colsample_bytree": 0.32954958663254186, "eta": 0.0581358750181343, "gamma": 561.8844912980051, "max_depth": 5.0, "min_child_weight": 4254.445312331072, "num_boost_round": 37.0, "subsample": 0.4569396920762857}, "datetime": {"datetime": "2024-01-20 14:29:54", "elapsed": 361.106723, "delta": 0.000892}}
