{"target": -15.158039217487676, "params": {"colsample_bytree": 0.5441332535200067, "eta": 0.03694261165089778, "gamma": 580.6324885455324, "max_depth": 9.0, "min_child_weight": 4110.2801453901575, "num_boost_round": 16.0, "subsample": 0.2895490807874702}, "datetime": {"datetime": "2024-01-20 16:48:23", "elapsed": 8660.812099, "delta": 0.01131}}
{"target": -15.157386616497892, "params": {"colsample_bytree": 0.5441332535200067, "eta": 0.03694261165089778, "gamma": 580.6324885455324, "max_depth": 9.0, "min_child_weight": 4110.2801453901575, "num_boost_round": 17.0, "subsample": 0.2895490807874702}, "datetime": {"datetime": "2024-01-20 16:48:23", "elapsed": 8660.818991, "delta": 0.006892}}
{"target": -15.157538233055156, "params": {"colsample_bytree": 0.5441332535200067, "eta": 0.03694261165089778, "gamma": 580.6324885455324, "max_depth": 9.0, "min_child_weight": 4110.2801453901575, "num_boost_round": 18.0, "subsample": 0.2895490807874702}, "datetime": {"datetime": "2024-01-20 16:48:23", "elapsed": 8660.825788, "delta": 0.006797}}
{"target": -15.156765952841624, "params": {"colsample_bytree": 0.5441332535200067, "eta": 0.03694261165089778, "gamma": 580.6324885455324, "max_depth": 9.0, "min_child_weight": 4110.2801453901575, "num_boost_round": 19.0, "subsample": 0.2895490807874702}, "datetime": {"datetime": "2024-01-20 16:48:23", "elapsed": 8660.833015, "delta": 0.007227}}
{"target": -15.156656761695501, "params": {"colsample_bytree": 0.5441332535200067, "eta": 0.03694261165089778, "gamma": 580.6324885455324, "max_depth": 9.0, "min_child_weight": 4110.2801453901575, "num_boost_round": 20.0, "subsample": 0.2895490807874702}, "datetime": {"datetime": "2024-01-20 16:48:23", "elapsed": 8660.840921, "delta": 0.007906}}
{"target": -15.155638885481011, "params": {"colsample_bytree": 0.5441332535200067, "eta": 0.03694261165089778, "gamma": 580.6324885455324, "max_depth": 9.0, "min_child_weight": 4110.2801453901575, "num_boost_round": 21.0, "subsample": 0.2895490807874702}, "datetime": {"datetime": "2024-01-20 16:48:23", "elapsed": 8660.848868, "delta": 0.007947}}
{"target": -15.155835077842724, "params": {"colsample_bytree": 0.5441332535200067, "eta": 0.03694261165089778, "gamma": 580.6324885455324, "max_depth": 9.0, "min_child_weight": 4110.2801453901575, "num_boost_round": 22.0, "subsample": 0.2895490807874702}, "datetime": {"datetime": "2024-01-20 16:48:23", "elapsed": 8660.857103, "delta": 0.008235}}
{"target": -15.154648643522016, "params": {"colsample_bytree": 0.5441332535200067, "eta": 0.03694261165089778, "gamma": 580.6324885455324, "max_depth": 9.0, "min_child_weight": 4110.2801453901575, "num_boost_round": 23.0, "subsample": 0.2895490807874702}, "datetime": {"datetime": "2024-01-20 16:48:23", "elapsed": 8660.866969, "delta": 0.009866}}
{"target": -15.17054074117231, "params": {"colsample_bytree": 0.8886744601728006, "eta": 0.08548663894016997, "gamma": 645.9263017280114, "max_depth": 7.0, "min_child_weight": 4132.734500185461, "num_boost_round": 1.0, "subsample": 0.43625715862164693}, "datetime": {"datetime": "2024-01-20 16:50:16", "elapsed": 8773.902551, "delta": 113.035582}}
{"target": -15.167270346933279, "params": {"colsample_bytree": 0.8886744601728006, "eta": 0.08548663894016997, "gamma": 645.9263017280114, "max_depth": 7.0, "min_child_weight": 4132.734500185461, "num_boost_round": 2.0, "subsample": 0.43625715862164693}, "datetime": {"datetime": "2024-01-20 16:50:16", "elapsed": 8773.91069, "delta": 0.008139}}
{"target": -15.161713603909043, "params": {"colsample_bytree": 0.8886744601728006, "eta": 0.08548663894016997, "gamma": 645.9263017280114, "max_depth": 7.0, "min_child_weight": 4132.734500185461, "num_boost_round": 3.0, "subsample": 0.43625715862164693}, "datetime": {"datetime": "2024-01-20 16:50:16", "elapsed": 8773.918084, "delta": 0.007394}}
{"target": -15.160553074484739, "params": {"colsample_bytree": 0.8886744601728006, "eta": 0.08548663894016997, "gamma": 645.9263017280114, "max_depth": 7.0, "min_child_weight": 4132.734500185461, "num_boost_round": 4.0, "subsample": 0.43625715862164693}, "datetime": {"datetime": "2024-01-20 16:50:16", "elapsed": 8773.92515, "delta": 0.007066}}
{"target": -15.156890605973501, "params": {"colsample_bytree": 0.8886744601728006, "eta": 0.08548663894016997, "gamma": 645.9263017280114, "max_depth": 7.0, "min_child_weight": 4132.734500185461, "num_boost_round": 5.0, "subsample": 0.43625715862164693}, "datetime": {"datetime": "2024-01-20 16:50:16", "elapsed": 8773.932527, "delta": 0.007377}}
{"target": -15.155230395338268, "params": {"colsample_bytree": 0.8886744601728006, "eta": 0.08548663894016997, "gamma": 645.9263017280114, "max_depth": 7.0, "min_child_weight": 4132.734500185461, "num_boost_round": 6.0, "subsample": 0.43625715862164693}, "datetime": {"datetime": "2024-01-20 16:50:16", "elapsed": 8773.939558, "delta": 0.007031}}
{"target": -15.153669016923894, "params": {"colsample_bytree": 0.8886744601728006, "eta": 0.08548663894016997, "gamma": 645.9263017280114, "max_depth": 7.0, "min_child_weight": 4132.734500185461, "num_boost_round": 7.0, "subsample": 0.43625715862164693}, "datetime": {"datetime": "2024-01-20 16:50:16", "elapsed": 8773.94635, "delta": 0.006792}}
{"target": -15.152261432361051, "params": {"colsample_bytree": 0.8886744601728006, "eta": 0.08548663894016997, "gamma": 645.9263017280114, "max_depth": 7.0, "min_child_weight": 4132.734500185461, "num_boost_round": 8.0, "subsample": 0.43625715862164693}, "datetime": {"datetime": "2024-01-20 16:50:16", "elapsed": 8773.953025, "delta": 0.006675}}
{"target": -15.15263063619956, "params": {"colsample_bytree": 0.8886744601728006, "eta": 0.08548663894016997, "gamma": 645.9263017280114, "max_depth": 7.0, "min_child_weight": 4132.734500185461, "num_boost_round": 9.0, "subsample": 0.43625715862164693}, "datetime": {"datetime": "2024-01-20 16:50:16", "elapsed": 8773.960331, "delta": 0.007306}}
{"target": -15.151890097095489, "params": {"colsample_bytree": 0.8886744601728006, "eta": 0.08548663894016997, "gamma": 645.9263017280114, "max_depth": 7.0, "min_child_weight": 4132.734500185461, "num_boost_round": 10.0, "subsample": 0.43625715862164693}, "datetime": {"datetime": "2024-01-20 16:50:16", "elapsed": 8773.967207, "delta": 0.006876}}
{"target": -15.152002488700724, "params": {"colsample_bytree": 0.8886744601728006, "eta": 0.08548663894016997, "gamma": 645.9263017280114, "max_depth": 7.0, "min_child_weight": 4132.734500185461, "num_boost_round": 11.0, "subsample": 0.43625715862164693}, "datetime": {"datetime": "2024-01-20 16:50:16", "elapsed": 8773.973851, "delta": 0.006644}}
{"target": -15.151410118230977, "params": {"colsample_bytree": 0.8886744601728006, "eta": 0.08548663894016997, "gamma": 645.9263017280114, "max_depth": 7.0, "min_child_weight": 4132.734500185461, "num_boost_round": 12.0, "subsample": 0.43625715862164693}, "datetime": {"datetime": "2024-01-20 16:50:16", "elapsed": 8773.980467, "delta": 0.006616}}
{"target": -15.152532295544567, "params": {"colsample_bytree": 0.8886744601728006, "eta": 0.08548663894016997, "gamma": 645.9263017280114, "max_depth": 7.0, "min_child_weight": 4132.734500185461, "num_boost_round": 13.0, "subsample": 0.43625715862164693}, "datetime": {"datetime": "2024-01-20 16:50:16", "elapsed": 8773.98756, "delta": 0.007093}}
{"target": -15.151952244682754, "params": {"colsample_bytree": 0.8886744601728006, "eta": 0.08548663894016997, "gamma": 645.9263017280114, "max_depth": 7.0, "min_child_weight": 4132.734500185461, "num_boost_round": 14.0, "subsample": 0.43625715862164693}, "datetime": {"datetime": "2024-01-20 16:50:16", "elapsed": 8773.994386, "delta": 0.006826}}
{"target": -15.151688521615842, "params": {"colsample_bytree": 0.8886744601728006, "eta": 0.08548663894016997, "gamma": 645.9263017280114, "max_depth": 7.0, "min_child_weight": 4132.734500185461, "num_boost_round": 15.0, "subsample": 0.43625715862164693}, "datetime": {"datetime": "2024-01-20 16:50:16", "elapsed": 8774.001181, "delta": 0.006795}}
{"target": -15.15234076238566, "params": {"colsample_bytree": 0.8886744601728006, "eta": 0.08548663894016997, "gamma": 645.9263017280114, "max_depth": 7.0, "min_child_weight": 4132.734500185461, "num_boost_round": 16.0, "subsample": 0.43625715862164693}, "datetime": {"datetime": "2024-01-20 16:50:16", "elapsed": 8774.007858, "delta": 0.006677}}
{"target": -15.17118788002296, "params": {"colsample_bytree": 0.845512957789158, "eta": 0.06160031441018657, "gamma": 642.4421191783267, "max_depth": 4.0, "min_child_weight": 4139.822492553419, "num_boost_round": 1.0, "subsample": 0.6018034074855575}, "datetime": {"datetime": "2024-01-20 16:53:12", "elapsed": 8949.797603, "delta": 175.789745}}
{"target": -15.169840759090611, "params": {"colsample_bytree": 0.845512957789158, "eta": 0.06160031441018657, "gamma": 642.4421191783267, "max_depth": 4.0, "min_child_weight": 4139.822492553419, "num_boost_round": 2.0, "subsample": 0.6018034074855575}, "datetime": {"datetime": "2024-01-20 16:53:12", "elapsed": 8949.80715, "delta": 0.009547}}
{"target": -15.167905115160238, "params": {"colsample_bytree": 0.845512957789158, "eta": 0.06160031441018657, "gamma": 642.4421191783267, "max_depth": 4.0, "min_child_weight": 4139.822492553419, "num_boost_round": 3.0, "subsample": 0.6018034074855575}, "datetime": {"datetime": "2024-01-20 16:53:12", "elapsed": 8949.815861, "delta": 0.008711}}
{"target": -15.16667837859894, "params": {"colsample_bytree": 0.845512957789158, "eta": 0.06160031441018657, "gamma": 642.4421191783267, "max_depth": 4.0, "min_child_weight": 4139.822492553419, "num_boost_round": 4.0, "subsample": 0.6018034074855575}, "datetime": {"datetime": "2024-01-20 16:53:12", "elapsed": 8949.824276, "delta": 0.008415}}
{"target": -15.164104351670854, "params": {"colsample_bytree": 0.845512957789158, "eta": 0.06160031441018657, "gamma": 642.4421191783267, "max_depth": 4.0, "min_child_weight": 4139.822492553419, "num_boost_round": 5.0, "subsample": 0.6018034074855575}, "datetime": {"datetime": "2024-01-20 16:53:12", "elapsed": 8949.833376, "delta": 0.0091}}
{"target": -15.162323925365328, "params": {"colsample_bytree": 0.845512957789158, "eta": 0.06160031441018657, "gamma": 642.4421191783267, "max_depth": 4.0, "min_child_weight": 4139.822492553419, "num_boost_round": 6.0, "subsample": 0.6018034074855575}, "datetime": {"datetime": "2024-01-20 16:53:12", "elapsed": 8949.841494, "delta": 0.008118}}
{"target": -15.160274560687267, "params": {"colsample_bytree": 0.845512957789158, "eta": 0.06160031441018657, "gamma": 642.4421191783267, "max_depth": 4.0, "min_child_weight": 4139.822492553419, "num_boost_round": 7.0, "subsample": 0.6018034074855575}, "datetime": {"datetime": "2024-01-20 16:53:12", "elapsed": 8949.848496, "delta": 0.007002}}
{"target": -15.158963039685366, "params": {"colsample_bytree": 0.845512957789158, "eta": 0.06160031441018657, "gamma": 642.4421191783267, "max_depth": 4.0, "min_child_weight": 4139.822492553419, "num_boost_round": 8.0, "subsample": 0.6018034074855575}, "datetime": {"datetime": "2024-01-20 16:53:12", "elapsed": 8949.855483, "delta": 0.006987}}
{"target": -15.159164264685563, "params": {"colsample_bytree": 0.845512957789158, "eta": 0.06160031441018657, "gamma": 642.4421191783267, "max_depth": 4.0, "min_child_weight": 4139.822492553419, "num_boost_round": 9.0, "subsample": 0.6018034074855575}, "datetime": {"datetime": "2024-01-20 16:53:12", "elapsed": 8949.862674, "delta": 0.007191}}
{"target": -15.158581827118134, "params": {"colsample_bytree": 0.845512957789158, "eta": 0.06160031441018657, "gamma": 642.4421191783267, "max_depth": 4.0, "min_child_weight": 4139.822492553419, "num_boost_round": 10.0, "subsample": 0.6018034074855575}, "datetime": {"datetime": "2024-01-20 16:53:12", "elapsed": 8949.869669, "delta": 0.006995}}
{"target": -15.157808619287882, "params": {"colsample_bytree": 0.845512957789158, "eta": 0.06160031441018657, "gamma": 642.4421191783267, "max_depth": 4.0, "min_child_weight": 4139.822492553419, "num_boost_round": 11.0, "subsample": 0.6018034074855575}, "datetime": {"datetime": "2024-01-20 16:53:12", "elapsed": 8949.87634, "delta": 0.006671}}
{"target": -15.1571458339853, "params": {"colsample_bytree": 0.845512957789158, "eta": 0.06160031441018657, "gamma": 642.4421191783267, "max_depth": 4.0, "min_child_weight": 4139.822492553419, "num_boost_round": 12.0, "subsample": 0.6018034074855575}, "datetime": {"datetime": "2024-01-20 16:53:12", "elapsed": 8949.883152, "delta": 0.006812}}
{"target": -15.157337702910958, "params": {"colsample_bytree": 0.845512957789158, "eta": 0.06160031441018657, "gamma": 642.4421191783267, "max_depth": 4.0, "min_child_weight": 4139.822492553419, "num_boost_round": 13.0, "subsample": 0.6018034074855575}, "datetime": {"datetime": "2024-01-20 16:53:12", "elapsed": 8949.891571, "delta": 0.008419}}
{"target": -15.156976607491965, "params": {"colsample_bytree": 0.845512957789158, "eta": 0.06160031441018657, "gamma": 642.4421191783267, "max_depth": 4.0, "min_child_weight": 4139.822492553419, "num_boost_round": 14.0, "subsample": 0.6018034074855575}, "datetime": {"datetime": "2024-01-20 16:53:12", "elapsed": 8949.899739, "delta": 0.008168}}
{"target": -15.156869108080805, "params": {"colsample_bytree": 0.845512957789158, "eta": 0.06160031441018657, "gamma": 642.4421191783267, "max_depth": 4.0, "min_child_weight": 4139.822492553419, "num_boost_round": 15.0, "subsample": 0.6018034074855575}, "datetime": {"datetime": "2024-01-20 16:53:12", "elapsed": 8949.908029, "delta": 0.00829}}
{"target": -15.15649878808935, "params": {"colsample_bytree": 0.845512957789158, "eta": 0.06160031441018657, "gamma": 642.4421191783267, "max_depth": 4.0, "min_child_weight": 4139.822492553419, "num_boost_round": 16.0, "subsample": 0.6018034074855575}, "datetime": {"datetime": "2024-01-20 16:53:12", "elapsed": 8949.916419, "delta": 0.00839}}
{"target": -15.156453462083425, "params": {"colsample_bytree": 0.845512957789158, "eta": 0.06160031441018657, "gamma": 642.4421191783267, "max_depth": 4.0, "min_child_weight": 4139.822492553419, "num_boost_round": 17.0, "subsample": 0.6018034074855575}, "datetime": {"datetime": "2024-01-20 16:53:12", "elapsed": 8949.925439, "delta": 0.00902}}
{"target": -15.1571158161703, "params": {"colsample_bytree": 0.845512957789158, "eta": 0.06160031441018657, "gamma": 642.4421191783267, "max_depth": 4.0, "min_child_weight": 4139.822492553419, "num_boost_round": 18.0, "subsample": 0.6018034074855575}, "datetime": {"datetime": "2024-01-20 16:53:12", "elapsed": 8949.933903, "delta": 0.008464}}
{"target": -15.157376552439558, "params": {"colsample_bytree": 0.845512957789158, "eta": 0.06160031441018657, "gamma": 642.4421191783267, "max_depth": 4.0, "min_child_weight": 4139.822492553419, "num_boost_round": 19.0, "subsample": 0.6018034074855575}, "datetime": {"datetime": "2024-01-20 16:53:12", "elapsed": 8949.94162, "delta": 0.007717}}
{"target": -15.157815586829196, "params": {"colsample_bytree": 0.845512957789158, "eta": 0.06160031441018657, "gamma": 642.4421191783267, "max_depth": 4.0, "min_child_weight": 4139.822492553419, "num_boost_round": 20.0, "subsample": 0.6018034074855575}, "datetime": {"datetime": "2024-01-20 16:53:12", "elapsed": 8949.949685, "delta": 0.008065}}
{"target": -15.157166774469786, "params": {"colsample_bytree": 0.845512957789158, "eta": 0.06160031441018657, "gamma": 642.4421191783267, "max_depth": 4.0, "min_child_weight": 4139.822492553419, "num_boost_round": 21.0, "subsample": 0.6018034074855575}, "datetime": {"datetime": "2024-01-20 16:53:12", "elapsed": 8949.958157, "delta": 0.008472}}
{"target": -15.157018776926124, "params": {"colsample_bytree": 0.845512957789158, "eta": 0.06160031441018657, "gamma": 642.4421191783267, "max_depth": 4.0, "min_child_weight": 4139.822492553419, "num_boost_round": 22.0, "subsample": 0.6018034074855575}, "datetime": {"datetime": "2024-01-20 16:53:12", "elapsed": 8949.966011, "delta": 0.007854}}
{"target": -15.157300076543786, "params": {"colsample_bytree": 0.845512957789158, "eta": 0.06160031441018657, "gamma": 642.4421191783267, "max_depth": 4.0, "min_child_weight": 4139.822492553419, "num_boost_round": 23.0, "subsample": 0.6018034074855575}, "datetime": {"datetime": "2024-01-20 16:53:12", "elapsed": 8949.973327, "delta": 0.007316}}
{"target": -15.157507228314817, "params": {"colsample_bytree": 0.845512957789158, "eta": 0.06160031441018657, "gamma": 642.4421191783267, "max_depth": 4.0, "min_child_weight": 4139.822492553419, "num_boost_round": 24.0, "subsample": 0.6018034074855575}, "datetime": {"datetime": "2024-01-20 16:53:12", "elapsed": 8949.981585, "delta": 0.008258}}
{"target": -15.15765916203857, "params": {"colsample_bytree": 0.845512957789158, "eta": 0.06160031441018657, "gamma": 642.4421191783267, "max_depth": 4.0, "min_child_weight": 4139.822492553419, "num_boost_round": 25.0, "subsample": 0.6018034074855575}, "datetime": {"datetime": "2024-01-20 16:53:12", "elapsed": 8949.989873, "delta": 0.008288}}
{"target": -15.15753765301063, "params": {"colsample_bytree": 0.845512957789158, "eta": 0.06160031441018657, "gamma": 642.4421191783267, "max_depth": 4.0, "min_child_weight": 4139.822492553419, "num_boost_round": 26.0, "subsample": 0.6018034074855575}, "datetime": {"datetime": "2024-01-20 16:53:12", "elapsed": 8949.997105, "delta": 0.007232}}
{"target": -15.157776484616347, "params": {"colsample_bytree": 0.845512957789158, "eta": 0.06160031441018657, "gamma": 642.4421191783267, "max_depth": 4.0, "min_child_weight": 4139.822492553419, "num_boost_round": 27.0, "subsample": 0.6018034074855575}, "datetime": {"datetime": "2024-01-20 16:53:12", "elapsed": 8950.003961, "delta": 0.006856}}
{"target": -15.157395297048225, "params": {"colsample_bytree": 0.845512957789158, "eta": 0.06160031441018657, "gamma": 642.4421191783267, "max_depth": 4.0, "min_child_weight": 4139.822492553419, "num_boost_round": 28.0, "subsample": 0.6018034074855575}, "datetime": {"datetime": "2024-01-20 16:53:12", "elapsed": 8950.011802, "delta": 0.007841}}
{"target": -15.15716097043062, "params": {"colsample_bytree": 0.845512957789158, "eta": 0.06160031441018657, "gamma": 642.4421191783267, "max_depth": 4.0, "min_child_weight": 4139.822492553419, "num_boost_round": 29.0, "subsample": 0.6018034074855575}, "datetime": {"datetime": "2024-01-20 16:53:12", "elapsed": 8950.02097, "delta": 0.009168}}
{"target": -15.157015407837005, "params": {"colsample_bytree": 0.845512957789158, "eta": 0.06160031441018657, "gamma": 642.4421191783267, "max_depth": 4.0, "min_child_weight": 4139.822492553419, "num_boost_round": 30.0, "subsample": 0.6018034074855575}, "datetime": {"datetime": "2024-01-20 16:53:12", "elapsed": 8950.357165, "delta": 0.336195}}
{"target": -15.157946095758035, "params": {"colsample_bytree": 0.845512957789158, "eta": 0.06160031441018657, "gamma": 642.4421191783267, "max_depth": 4.0, "min_child_weight": 4139.822492553419, "num_boost_round": 31.0, "subsample": 0.6018034074855575}, "datetime": {"datetime": "2024-01-20 16:53:12", "elapsed": 8950.368375, "delta": 0.01121}}
{"target": -15.158144607404042, "params": {"colsample_bytree": 0.845512957789158, "eta": 0.06160031441018657, "gamma": 642.4421191783267, "max_depth": 4.0, "min_child_weight": 4139.822492553419, "num_boost_round": 32.0, "subsample": 0.6018034074855575}, "datetime": {"datetime": "2024-01-20 16:53:12", "elapsed": 8950.377998, "delta": 0.009623}}
{"target": -15.15835141920685, "params": {"colsample_bytree": 0.845512957789158, "eta": 0.06160031441018657, "gamma": 642.4421191783267, "max_depth": 4.0, "min_child_weight": 4139.822492553419, "num_boost_round": 33.0, "subsample": 0.6018034074855575}, "datetime": {"datetime": "2024-01-20 16:53:12", "elapsed": 8950.387952, "delta": 0.009954}}
{"target": -15.158453128662345, "params": {"colsample_bytree": 0.845512957789158, "eta": 0.06160031441018657, "gamma": 642.4421191783267, "max_depth": 4.0, "min_child_weight": 4139.822492553419, "num_boost_round": 34.0, "subsample": 0.6018034074855575}, "datetime": {"datetime": "2024-01-20 16:53:12", "elapsed": 8950.396112, "delta": 0.00816}}
{"target": -15.158255088131536, "params": {"colsample_bytree": 0.845512957789158, "eta": 0.06160031441018657, "gamma": 642.4421191783267, "max_depth": 4.0, "min_child_weight": 4139.822492553419, "num_boost_round": 35.0, "subsample": 0.6018034074855575}, "datetime": {"datetime": "2024-01-20 16:53:12", "elapsed": 8950.403271, "delta": 0.007159}}
{"target": -15.158013439622351, "params": {"colsample_bytree": 0.845512957789158, "eta": 0.06160031441018657, "gamma": 642.4421191783267, "max_depth": 4.0, "min_child_weight": 4139.822492553419, "num_boost_round": 36.0, "subsample": 0.6018034074855575}, "datetime": {"datetime": "2024-01-20 16:53:12", "elapsed": 8950.410496, "delta": 0.007225}}
{"target": -15.158254897024126, "params": {"colsample_bytree": 0.845512957789158, "eta": 0.06160031441018657, "gamma": 642.4421191783267, "max_depth": 4.0, "min_child_weight": 4139.822492553419, "num_boost_round": 37.0, "subsample": 0.6018034074855575}, "datetime": {"datetime": "2024-01-20 16:53:12", "elapsed": 8950.419353, "delta": 0.008857}}
{"target": -15.158108315915294, "params": {"colsample_bytree": 0.845512957789158, "eta": 0.06160031441018657, "gamma": 642.4421191783267, "max_depth": 4.0, "min_child_weight": 4139.822492553419, "num_boost_round": 38.0, "subsample": 0.6018034074855575}, "datetime": {"datetime": "2024-01-20 16:53:12", "elapsed": 8950.427408, "delta": 0.008055}}
{"target": -15.158562069250236, "params": {"colsample_bytree": 0.845512957789158, "eta": 0.06160031441018657, "gamma": 642.4421191783267, "max_depth": 4.0, "min_child_weight": 4139.822492553419, "num_boost_round": 39.0, "subsample": 0.6018034074855575}, "datetime": {"datetime": "2024-01-20 16:53:12", "elapsed": 8950.434576, "delta": 0.007168}}
