{"target": -13.397736025405413, "params": {"colsample_bytree": 0.6816440520627501, "eta": 0.012529703944357056, "gamma": 907.3213440303082, "max_depth": 7.0, "min_child_weight": 3924.221071968614, "num_boost_round": 1.0, "subsample": 0.45319562295756133}, "datetime": {"datetime": "2024-01-20 14:53:10", "elapsed": 1725.648265, "delta": 24.470553}}
{"target": -13.39766992670667, "params": {"colsample_bytree": 0.6816440520627501, "eta": 0.012529703944357056, "gamma": 907.3213440303082, "max_depth": 7.0, "min_child_weight": 3924.221071968614, "num_boost_round": 2.0, "subsample": 0.45319562295756133}, "datetime": {"datetime": "2024-01-20 14:53:10", "elapsed": 1725.650598, "delta": 0.002333}}
{"target": -13.39772859453836, "params": {"colsample_bytree": 0.5135627336515238, "eta": 0.0031268642346394624, "gamma": 742.0485751667755, "max_depth": 5.0, "min_child_weight": 4285.145169334, "num_boost_round": 1.0, "subsample": 0.26693376708131566}, "datetime": {"datetime": "2024-01-20 14:53:33", "elapsed": 1747.86065, "delta": 22.210052}}
{"target": -13.397719572521265, "params": {"colsample_bytree": 0.5135627336515238, "eta": 0.0031268642346394624, "gamma": 742.0485751667755, "max_depth": 5.0, "min_child_weight": 4285.145169334, "num_boost_round": 2.0, "subsample": 0.26693376708131566}, "datetime": {"datetime": "2024-01-20 14:53:33", "elapsed": 1747.863798, "delta": 0.003148}}
{"target": -13.397697730804365, "params": {"colsample_bytree": 0.5135627336515238, "eta": 0.0031268642346394624, "gamma": 742.0485751667755, "max_depth": 5.0, "min_child_weight": 4285.145169334, "num_boost_round": 3.0, "subsample": 0.26693376708131566}, "datetime": {"datetime": "2024-01-20 14:53:33", "elapsed": 1747.866288, "delta": 0.00249}}
{"target": -13.397676004224373, "params": {"colsample_bytree": 0.5135627336515238, "eta": 0.0031268642346394624, "gamma": 742.0485751667755, "max_depth": 5.0, "min_child_weight": 4285.145169334, "num_boost_round": 4.0, "subsample": 0.26693376708131566}, "datetime": {"datetime": "2024-01-20 14:53:33", "elapsed": 1747.868393, "delta": 0.002105}}
{"target": -13.397640037812131, "params": {"colsample_bytree": 0.5135627336515238, "eta": 0.0031268642346394624, "gamma": 742.0485751667755, "max_depth": 5.0, "min_child_weight": 4285.145169334, "num_boost_round": 5.0, "subsample": 0.26693376708131566}, "datetime": {"datetime": "2024-01-20 14:53:33", "elapsed": 1747.870355, "delta": 0.001962}}
{"target": -13.397700286854388, "params": {"colsample_bytree": 0.3061166143189686, "eta": 0.014505644444427554, "gamma": 991.1164082535813, "max_depth": 6.0, "min_child_weight": 3307.9646814021285, "num_boost_round": 1.0, "subsample": 0.6743836451664996}, "datetime": {"datetime": "2024-01-20 14:53:55", "elapsed": 1769.887447, "delta": 22.017092}}
{"target": -13.397685634572564, "params": {"colsample_bytree": 0.3061166143189686, "eta": 0.014505644444427554, "gamma": 991.1164082535813, "max_depth": 6.0, "min_child_weight": 3307.9646814021285, "num_boost_round": 2.0, "subsample": 0.6743836451664996}, "datetime": {"datetime": "2024-01-20 14:53:55", "elapsed": 1769.889655, "delta": 0.002208}}
{"target": -13.397744211104015, "params": {"colsample_bytree": 0.3061166143189686, "eta": 0.014505644444427554, "gamma": 991.1164082535813, "max_depth": 6.0, "min_child_weight": 3307.9646814021285, "num_boost_round": 3.0, "subsample": 0.6743836451664996}, "datetime": {"datetime": "2024-01-20 14:53:55", "elapsed": 1769.891649, "delta": 0.001994}}
{"target": -13.397889667388085, "params": {"colsample_bytree": 0.3061166143189686, "eta": 0.014505644444427554, "gamma": 991.1164082535813, "max_depth": 6.0, "min_child_weight": 3307.9646814021285, "num_boost_round": 4.0, "subsample": 0.6743836451664996}, "datetime": {"datetime": "2024-01-20 14:53:55", "elapsed": 1769.893642, "delta": 0.001993}}
{"target": -13.39806770370192, "params": {"colsample_bytree": 0.3061166143189686, "eta": 0.014505644444427554, "gamma": 991.1164082535813, "max_depth": 6.0, "min_child_weight": 3307.9646814021285, "num_boost_round": 5.0, "subsample": 0.6743836451664996}, "datetime": {"datetime": "2024-01-20 14:53:55", "elapsed": 1769.895908, "delta": 0.002266}}
{"target": -13.398122690616432, "params": {"colsample_bytree": 0.3061166143189686, "eta": 0.014505644444427554, "gamma": 991.1164082535813, "max_depth": 6.0, "min_child_weight": 3307.9646814021285, "num_boost_round": 6.0, "subsample": 0.6743836451664996}, "datetime": {"datetime": "2024-01-20 14:53:55", "elapsed": 1769.898546, "delta": 0.002638}}
{"target": -13.398319342371845, "params": {"colsample_bytree": 0.3061166143189686, "eta": 0.014505644444427554, "gamma": 991.1164082535813, "max_depth": 6.0, "min_child_weight": 3307.9646814021285, "num_boost_round": 7.0, "subsample": 0.6743836451664996}, "datetime": {"datetime": "2024-01-20 14:53:55", "elapsed": 1769.900653, "delta": 0.002107}}
{"target": -13.398461092939785, "params": {"colsample_bytree": 0.3061166143189686, "eta": 0.014505644444427554, "gamma": 991.1164082535813, "max_depth": 6.0, "min_child_weight": 3307.9646814021285, "num_boost_round": 8.0, "subsample": 0.6743836451664996}, "datetime": {"datetime": "2024-01-20 14:53:55", "elapsed": 1769.902779, "delta": 0.002126}}
{"target": -13.398507057970905, "params": {"colsample_bytree": 0.3061166143189686, "eta": 0.014505644444427554, "gamma": 991.1164082535813, "max_depth": 6.0, "min_child_weight": 3307.9646814021285, "num_boost_round": 9.0, "subsample": 0.6743836451664996}, "datetime": {"datetime": "2024-01-20 14:53:55", "elapsed": 1769.904985, "delta": 0.002206}}
{"target": -13.397939128115656, "params": {"colsample_bytree": 0.757687010628963, "eta": 0.02801503129999495, "gamma": 998.0293439671561, "max_depth": 4.0, "min_child_weight": 3196.004392570805, "num_boost_round": 1.0, "subsample": 0.9196407418804691}, "datetime": {"datetime": "2024-01-20 14:54:15", "elapsed": 1790.594706, "delta": 20.689721}}
{"target": -13.397987477426831, "params": {"colsample_bytree": 0.757687010628963, "eta": 0.02801503129999495, "gamma": 998.0293439671561, "max_depth": 4.0, "min_child_weight": 3196.004392570805, "num_boost_round": 2.0, "subsample": 0.9196407418804691}, "datetime": {"datetime": "2024-01-20 14:54:15", "elapsed": 1790.597373, "delta": 0.002667}}
{"target": -13.39806032488671, "params": {"colsample_bytree": 0.757687010628963, "eta": 0.02801503129999495, "gamma": 998.0293439671561, "max_depth": 4.0, "min_child_weight": 3196.004392570805, "num_boost_round": 3.0, "subsample": 0.9196407418804691}, "datetime": {"datetime": "2024-01-20 14:54:15", "elapsed": 1790.599491, "delta": 0.002118}}
{"target": -13.398247650584697, "params": {"colsample_bytree": 0.757687010628963, "eta": 0.02801503129999495, "gamma": 998.0293439671561, "max_depth": 4.0, "min_child_weight": 3196.004392570805, "num_boost_round": 4.0, "subsample": 0.9196407418804691}, "datetime": {"datetime": "2024-01-20 14:54:15", "elapsed": 1790.601695, "delta": 0.002204}}
{"target": -13.39866396733203, "params": {"colsample_bytree": 0.757687010628963, "eta": 0.02801503129999495, "gamma": 998.0293439671561, "max_depth": 4.0, "min_child_weight": 3196.004392570805, "num_boost_round": 5.0, "subsample": 0.9196407418804691}, "datetime": {"datetime": "2024-01-20 14:54:15", "elapsed": 1790.603905, "delta": 0.00221}}
{"target": -13.398492105994581, "params": {"colsample_bytree": 0.5493590189533998, "eta": 0.09999041647649193, "gamma": 867.0219404740843, "max_depth": 3.0, "min_child_weight": 3983.9613800282214, "num_boost_round": 1.0, "subsample": 0.6946511444681619}, "datetime": {"datetime": "2024-01-20 14:54:37", "elapsed": 1812.626725, "delta": 22.02282}}
{"target": -13.399005719156897, "params": {"colsample_bytree": 0.5493590189533998, "eta": 0.09999041647649193, "gamma": 867.0219404740843, "max_depth": 3.0, "min_child_weight": 3983.9613800282214, "num_boost_round": 2.0, "subsample": 0.6946511444681619}, "datetime": {"datetime": "2024-01-20 14:54:37", "elapsed": 1812.629768, "delta": 0.003043}}
{"target": -13.399181050476894, "params": {"colsample_bytree": 0.5493590189533998, "eta": 0.09999041647649193, "gamma": 867.0219404740843, "max_depth": 3.0, "min_child_weight": 3983.9613800282214, "num_boost_round": 3.0, "subsample": 0.6946511444681619}, "datetime": {"datetime": "2024-01-20 14:54:37", "elapsed": 1812.631941, "delta": 0.002173}}
{"target": -13.400443503233943, "params": {"colsample_bytree": 0.5493590189533998, "eta": 0.09999041647649193, "gamma": 867.0219404740843, "max_depth": 3.0, "min_child_weight": 3983.9613800282214, "num_boost_round": 4.0, "subsample": 0.6946511444681619}, "datetime": {"datetime": "2024-01-20 14:54:37", "elapsed": 1812.633939, "delta": 0.001998}}
{"target": -13.401047557117009, "params": {"colsample_bytree": 0.5493590189533998, "eta": 0.09999041647649193, "gamma": 867.0219404740843, "max_depth": 3.0, "min_child_weight": 3983.9613800282214, "num_boost_round": 5.0, "subsample": 0.6946511444681619}, "datetime": {"datetime": "2024-01-20 14:54:37", "elapsed": 1812.636205, "delta": 0.002266}}
{"target": -13.402402698729274, "params": {"colsample_bytree": 0.5493590189533998, "eta": 0.09999041647649193, "gamma": 867.0219404740843, "max_depth": 3.0, "min_child_weight": 3983.9613800282214, "num_boost_round": 6.0, "subsample": 0.6946511444681619}, "datetime": {"datetime": "2024-01-20 14:54:37", "elapsed": 1812.639099, "delta": 0.002894}}
{"target": -13.40351585905361, "params": {"colsample_bytree": 0.5493590189533998, "eta": 0.09999041647649193, "gamma": 867.0219404740843, "max_depth": 3.0, "min_child_weight": 3983.9613800282214, "num_boost_round": 7.0, "subsample": 0.6946511444681619}, "datetime": {"datetime": "2024-01-20 14:54:37", "elapsed": 1812.642042, "delta": 0.002943}}
{"target": -13.403835570807713, "params": {"colsample_bytree": 0.5493590189533998, "eta": 0.09999041647649193, "gamma": 867.0219404740843, "max_depth": 3.0, "min_child_weight": 3983.9613800282214, "num_boost_round": 8.0, "subsample": 0.6946511444681619}, "datetime": {"datetime": "2024-01-20 14:54:37", "elapsed": 1812.6445, "delta": 0.002458}}
{"target": -13.404370923293364, "params": {"colsample_bytree": 0.5493590189533998, "eta": 0.09999041647649193, "gamma": 867.0219404740843, "max_depth": 3.0, "min_child_weight": 3983.9613800282214, "num_boost_round": 9.0, "subsample": 0.6946511444681619}, "datetime": {"datetime": "2024-01-20 14:54:37", "elapsed": 1812.646673, "delta": 0.002173}}
{"target": -13.39697567256583, "params": {"colsample_bytree": 0.8373137159416233, "eta": 0.09338806996697059, "gamma": 747.4842196106516, "max_depth": 5.0, "min_child_weight": 4359.300009473704, "num_boost_round": 1.0, "subsample": 0.44514359182688146}, "datetime": {"datetime": "2024-01-20 14:55:04", "elapsed": 1839.471255, "delta": 26.824582}}
{"target": -13.396647831573201, "params": {"colsample_bytree": 0.8373137159416233, "eta": 0.09338806996697059, "gamma": 747.4842196106516, "max_depth": 5.0, "min_child_weight": 4359.300009473704, "num_boost_round": 2.0, "subsample": 0.44514359182688146}, "datetime": {"datetime": "2024-01-20 14:55:04", "elapsed": 1839.474579, "delta": 0.003324}}
{"target": -13.39688176674211, "params": {"colsample_bytree": 0.8373137159416233, "eta": 0.09338806996697059, "gamma": 747.4842196106516, "max_depth": 5.0, "min_child_weight": 4359.300009473704, "num_boost_round": 3.0, "subsample": 0.44514359182688146}, "datetime": {"datetime": "2024-01-20 14:55:04", "elapsed": 1839.476732, "delta": 0.002153}}
{"target": -13.396105717414482, "params": {"colsample_bytree": 0.8373137159416233, "eta": 0.09338806996697059, "gamma": 747.4842196106516, "max_depth": 5.0, "min_child_weight": 4359.300009473704, "num_boost_round": 4.0, "subsample": 0.44514359182688146}, "datetime": {"datetime": "2024-01-20 14:55:04", "elapsed": 1839.478821, "delta": 0.002089}}
{"target": -13.396600400687255, "params": {"colsample_bytree": 0.8373137159416233, "eta": 0.09338806996697059, "gamma": 747.4842196106516, "max_depth": 5.0, "min_child_weight": 4359.300009473704, "num_boost_round": 5.0, "subsample": 0.44514359182688146}, "datetime": {"datetime": "2024-01-20 14:55:04", "elapsed": 1839.480879, "delta": 0.002058}}
{"target": -13.397835953801037, "params": {"colsample_bytree": 0.8373137159416233, "eta": 0.09338806996697059, "gamma": 747.4842196106516, "max_depth": 5.0, "min_child_weight": 4359.300009473704, "num_boost_round": 6.0, "subsample": 0.44514359182688146}, "datetime": {"datetime": "2024-01-20 14:55:04", "elapsed": 1839.482921, "delta": 0.002042}}
{"target": -13.399374356350176, "params": {"colsample_bytree": 0.8373137159416233, "eta": 0.09338806996697059, "gamma": 747.4842196106516, "max_depth": 5.0, "min_child_weight": 4359.300009473704, "num_boost_round": 7.0, "subsample": 0.44514359182688146}, "datetime": {"datetime": "2024-01-20 14:55:04", "elapsed": 1839.48497, "delta": 0.002049}}
{"target": -13.4001268778512, "params": {"colsample_bytree": 0.8373137159416233, "eta": 0.09338806996697059, "gamma": 747.4842196106516, "max_depth": 5.0, "min_child_weight": 4359.300009473704, "num_boost_round": 8.0, "subsample": 0.44514359182688146}, "datetime": {"datetime": "2024-01-20 14:55:04", "elapsed": 1839.487063, "delta": 0.002093}}
{"target": -13.401247370786457, "params": {"colsample_bytree": 0.8373137159416233, "eta": 0.09338806996697059, "gamma": 747.4842196106516, "max_depth": 5.0, "min_child_weight": 4359.300009473704, "num_boost_round": 9.0, "subsample": 0.44514359182688146}, "datetime": {"datetime": "2024-01-20 14:55:04", "elapsed": 1839.489189, "delta": 0.002126}}
{"target": -13.401595442803615, "params": {"colsample_bytree": 0.8373137159416233, "eta": 0.09338806996697059, "gamma": 747.4842196106516, "max_depth": 5.0, "min_child_weight": 4359.300009473704, "num_boost_round": 10.0, "subsample": 0.44514359182688146}, "datetime": {"datetime": "2024-01-20 14:55:04", "elapsed": 1839.491346, "delta": 0.002157}}
{"target": -13.401848422389907, "params": {"colsample_bytree": 0.8373137159416233, "eta": 0.09338806996697059, "gamma": 747.4842196106516, "max_depth": 5.0, "min_child_weight": 4359.300009473704, "num_boost_round": 11.0, "subsample": 0.44514359182688146}, "datetime": {"datetime": "2024-01-20 14:55:04", "elapsed": 1839.493424, "delta": 0.002078}}
{"target": -13.402481563651744, "params": {"colsample_bytree": 0.8373137159416233, "eta": 0.09338806996697059, "gamma": 747.4842196106516, "max_depth": 5.0, "min_child_weight": 4359.300009473704, "num_boost_round": 12.0, "subsample": 0.44514359182688146}, "datetime": {"datetime": "2024-01-20 14:55:04", "elapsed": 1839.495547, "delta": 0.002123}}
{"target": -13.40313232811899, "params": {"colsample_bytree": 0.8373137159416233, "eta": 0.09338806996697059, "gamma": 747.4842196106516, "max_depth": 5.0, "min_child_weight": 4359.300009473704, "num_boost_round": 13.0, "subsample": 0.44514359182688146}, "datetime": {"datetime": "2024-01-20 14:55:04", "elapsed": 1839.497542, "delta": 0.001995}}
{"target": -13.39765674113665, "params": {"colsample_bytree": 0.4370920602424876, "eta": 0.012819925668386094, "gamma": 525.2793812582163, "max_depth": 9.0, "min_child_weight": 4034.2277858370785, "num_boost_round": 1.0, "subsample": 0.5859420266300807}, "datetime": {"datetime": "2024-01-20 14:55:25", "elapsed": 1860.158317, "delta": 20.660775}}
{"target": -13.39786122770088, "params": {"colsample_bytree": 0.5982257273920623, "eta": 0.054945295948038535, "gamma": 699.8617206341269, "max_depth": 7.0, "min_child_weight": 3660.88497765449, "num_boost_round": 1.0, "subsample": 0.7561939812625215}, "datetime": {"datetime": "2024-01-20 14:55:47", "elapsed": 1882.308379, "delta": 22.150062}}
{"target": -13.39773846366402, "params": {"colsample_bytree": 0.5982257273920623, "eta": 0.054945295948038535, "gamma": 699.8617206341269, "max_depth": 7.0, "min_child_weight": 3660.88497765449, "num_boost_round": 2.0, "subsample": 0.7561939812625215}, "datetime": {"datetime": "2024-01-20 14:55:47", "elapsed": 1882.311419, "delta": 0.00304}}
{"target": -13.397759083957112, "params": {"colsample_bytree": 0.35532787133947563, "eta": 0.03747405560747461, "gamma": 683.6334697218886, "max_depth": 7.0, "min_child_weight": 3718.0111001562746, "num_boost_round": 1.0, "subsample": 0.14321702517759208}, "datetime": {"datetime": "2024-01-20 14:56:45", "elapsed": 1940.005268, "delta": 57.693849}}
{"target": -13.397639936588032, "params": {"colsample_bytree": 0.35532787133947563, "eta": 0.03747405560747461, "gamma": 683.6334697218886, "max_depth": 7.0, "min_child_weight": 3718.0111001562746, "num_boost_round": 2.0, "subsample": 0.14321702517759208}, "datetime": {"datetime": "2024-01-20 14:56:45", "elapsed": 1940.008268, "delta": 0.003}}
{"target": -13.397325072951444, "params": {"colsample_bytree": 0.35532787133947563, "eta": 0.03747405560747461, "gamma": 683.6334697218886, "max_depth": 7.0, "min_child_weight": 3718.0111001562746, "num_boost_round": 3.0, "subsample": 0.14321702517759208}, "datetime": {"datetime": "2024-01-20 14:56:45", "elapsed": 1940.010887, "delta": 0.002619}}
{"target": -13.397454288256824, "params": {"colsample_bytree": 0.35532787133947563, "eta": 0.03747405560747461, "gamma": 683.6334697218886, "max_depth": 7.0, "min_child_weight": 3718.0111001562746, "num_boost_round": 4.0, "subsample": 0.14321702517759208}, "datetime": {"datetime": "2024-01-20 14:56:45", "elapsed": 1940.012954, "delta": 0.002067}}
{"target": -13.397303843096049, "params": {"colsample_bytree": 0.35532787133947563, "eta": 0.03747405560747461, "gamma": 683.6334697218886, "max_depth": 7.0, "min_child_weight": 3718.0111001562746, "num_boost_round": 5.0, "subsample": 0.14321702517759208}, "datetime": {"datetime": "2024-01-20 14:56:45", "elapsed": 1940.014995, "delta": 0.002041}}
{"target": -13.397013226087106, "params": {"colsample_bytree": 0.35532787133947563, "eta": 0.03747405560747461, "gamma": 683.6334697218886, "max_depth": 7.0, "min_child_weight": 3718.0111001562746, "num_boost_round": 6.0, "subsample": 0.14321702517759208}, "datetime": {"datetime": "2024-01-20 14:56:45", "elapsed": 1940.016975, "delta": 0.00198}}
{"target": -13.39696221276539, "params": {"colsample_bytree": 0.35532787133947563, "eta": 0.03747405560747461, "gamma": 683.6334697218886, "max_depth": 7.0, "min_child_weight": 3718.0111001562746, "num_boost_round": 7.0, "subsample": 0.14321702517759208}, "datetime": {"datetime": "2024-01-20 14:56:45", "elapsed": 1940.018967, "delta": 0.001992}}
{"target": -13.396979119243104, "params": {"colsample_bytree": 0.35532787133947563, "eta": 0.03747405560747461, "gamma": 683.6334697218886, "max_depth": 7.0, "min_child_weight": 3718.0111001562746, "num_boost_round": 8.0, "subsample": 0.14321702517759208}, "datetime": {"datetime": "2024-01-20 14:56:45", "elapsed": 1940.020931, "delta": 0.001964}}
{"target": -13.397189894966258, "params": {"colsample_bytree": 0.35532787133947563, "eta": 0.03747405560747461, "gamma": 683.6334697218886, "max_depth": 7.0, "min_child_weight": 3718.0111001562746, "num_boost_round": 9.0, "subsample": 0.14321702517759208}, "datetime": {"datetime": "2024-01-20 14:56:45", "elapsed": 1940.022831, "delta": 0.0019}}
{"target": -13.39676234047641, "params": {"colsample_bytree": 0.35532787133947563, "eta": 0.03747405560747461, "gamma": 683.6334697218886, "max_depth": 7.0, "min_child_weight": 3718.0111001562746, "num_boost_round": 10.0, "subsample": 0.14321702517759208}, "datetime": {"datetime": "2024-01-20 14:56:45", "elapsed": 1940.024799, "delta": 0.001968}}
{"target": -13.39669073226134, "params": {"colsample_bytree": 0.35532787133947563, "eta": 0.03747405560747461, "gamma": 683.6334697218886, "max_depth": 7.0, "min_child_weight": 3718.0111001562746, "num_boost_round": 11.0, "subsample": 0.14321702517759208}, "datetime": {"datetime": "2024-01-20 14:56:45", "elapsed": 1940.026719, "delta": 0.00192}}
{"target": -13.396792185848337, "params": {"colsample_bytree": 0.35532787133947563, "eta": 0.03747405560747461, "gamma": 683.6334697218886, "max_depth": 7.0, "min_child_weight": 3718.0111001562746, "num_boost_round": 12.0, "subsample": 0.14321702517759208}, "datetime": {"datetime": "2024-01-20 14:56:45", "elapsed": 1940.028622, "delta": 0.001903}}
{"target": -13.396626757217172, "params": {"colsample_bytree": 0.35532787133947563, "eta": 0.03747405560747461, "gamma": 683.6334697218886, "max_depth": 7.0, "min_child_weight": 3718.0111001562746, "num_boost_round": 13.0, "subsample": 0.14321702517759208}, "datetime": {"datetime": "2024-01-20 14:56:45", "elapsed": 1940.030783, "delta": 0.002161}}
{"target": -13.39650901046068, "params": {"colsample_bytree": 0.35532787133947563, "eta": 0.03747405560747461, "gamma": 683.6334697218886, "max_depth": 7.0, "min_child_weight": 3718.0111001562746, "num_boost_round": 14.0, "subsample": 0.14321702517759208}, "datetime": {"datetime": "2024-01-20 14:56:45", "elapsed": 1940.032694, "delta": 0.001911}}
{"target": -13.396496526116774, "params": {"colsample_bytree": 0.35532787133947563, "eta": 0.03747405560747461, "gamma": 683.6334697218886, "max_depth": 7.0, "min_child_weight": 3718.0111001562746, "num_boost_round": 15.0, "subsample": 0.14321702517759208}, "datetime": {"datetime": "2024-01-20 14:56:45", "elapsed": 1940.0347, "delta": 0.002006}}
{"target": -13.396659761845036, "params": {"colsample_bytree": 0.35532787133947563, "eta": 0.03747405560747461, "gamma": 683.6334697218886, "max_depth": 7.0, "min_child_weight": 3718.0111001562746, "num_boost_round": 16.0, "subsample": 0.14321702517759208}, "datetime": {"datetime": "2024-01-20 14:56:45", "elapsed": 1940.036616, "delta": 0.001916}}
{"target": -13.396861167192274, "params": {"colsample_bytree": 0.35532787133947563, "eta": 0.03747405560747461, "gamma": 683.6334697218886, "max_depth": 7.0, "min_child_weight": 3718.0111001562746, "num_boost_round": 17.0, "subsample": 0.14321702517759208}, "datetime": {"datetime": "2024-01-20 14:56:45", "elapsed": 1940.038666, "delta": 0.00205}}
