{"target": -15.156747671817495, "params": {"colsample_bytree": 0.7061173460110488, "eta": 0.09909323725737071, "gamma": 423.0447657696551, "max_depth": 7.0, "min_child_weight": 4414.12381454829, "num_boost_round": 33.0, "subsample": 0.2536548705582418}, "datetime": {"datetime": "2024-01-20 16:37:58", "elapsed": 8036.343109, "delta": 0.007391}}
{"target": -15.157222842399047, "params": {"colsample_bytree": 0.7061173460110488, "eta": 0.09909323725737071, "gamma": 423.0447657696551, "max_depth": 7.0, "min_child_weight": 4414.12381454829, "num_boost_round": 34.0, "subsample": 0.2536548705582418}, "datetime": {"datetime": "2024-01-20 16:37:58", "elapsed": 8036.35077, "delta": 0.007661}}
{"target": -15.157290354337576, "params": {"colsample_bytree": 0.7061173460110488, "eta": 0.09909323725737071, "gamma": 423.0447657696551, "max_depth": 7.0, "min_child_weight": 4414.12381454829, "num_boost_round": 35.0, "subsample": 0.2536548705582418}, "datetime": {"datetime": "2024-01-20 16:37:58", "elapsed": 8036.359358, "delta": 0.008588}}
{"target": -15.157613982154633, "params": {"colsample_bytree": 0.7061173460110488, "eta": 0.09909323725737071, "gamma": 423.0447657696551, "max_depth": 7.0, "min_child_weight": 4414.12381454829, "num_boost_round": 36.0, "subsample": 0.2536548705582418}, "datetime": {"datetime": "2024-01-20 16:37:58", "elapsed": 8036.367049, "delta": 0.007691}}
{"target": -15.158175182696265, "params": {"colsample_bytree": 0.7061173460110488, "eta": 0.09909323725737071, "gamma": 423.0447657696551, "max_depth": 7.0, "min_child_weight": 4414.12381454829, "num_boost_round": 37.0, "subsample": 0.2536548705582418}, "datetime": {"datetime": "2024-01-20 16:37:58", "elapsed": 8036.374371, "delta": 0.007322}}
{"target": -15.158405640605096, "params": {"colsample_bytree": 0.7061173460110488, "eta": 0.09909323725737071, "gamma": 423.0447657696551, "max_depth": 7.0, "min_child_weight": 4414.12381454829, "num_boost_round": 38.0, "subsample": 0.2536548705582418}, "datetime": {"datetime": "2024-01-20 16:37:58", "elapsed": 8036.3811, "delta": 0.006729}}
{"target": -15.158068398273084, "params": {"colsample_bytree": 0.7061173460110488, "eta": 0.09909323725737071, "gamma": 423.0447657696551, "max_depth": 7.0, "min_child_weight": 4414.12381454829, "num_boost_round": 39.0, "subsample": 0.2536548705582418}, "datetime": {"datetime": "2024-01-20 16:37:58", "elapsed": 8036.387577, "delta": 0.006477}}
{"target": -15.158458563811708, "params": {"colsample_bytree": 0.7061173460110488, "eta": 0.09909323725737071, "gamma": 423.0447657696551, "max_depth": 7.0, "min_child_weight": 4414.12381454829, "num_boost_round": 40.0, "subsample": 0.2536548705582418}, "datetime": {"datetime": "2024-01-20 16:37:58", "elapsed": 8036.393895, "delta": 0.006318}}
{"target": -15.159597302983027, "params": {"colsample_bytree": 0.7061173460110488, "eta": 0.09909323725737071, "gamma": 423.0447657696551, "max_depth": 7.0, "min_child_weight": 4414.12381454829, "num_boost_round": 41.0, "subsample": 0.2536548705582418}, "datetime": {"datetime": "2024-01-20 16:37:58", "elapsed": 8036.400371, "delta": 0.006476}}
{"target": -15.159755434744035, "params": {"colsample_bytree": 0.7061173460110488, "eta": 0.09909323725737071, "gamma": 423.0447657696551, "max_depth": 7.0, "min_child_weight": 4414.12381454829, "num_boost_round": 42.0, "subsample": 0.2536548705582418}, "datetime": {"datetime": "2024-01-20 16:37:58", "elapsed": 8036.408524, "delta": 0.008153}}
{"target": -15.159953974600302, "params": {"colsample_bytree": 0.7061173460110488, "eta": 0.09909323725737071, "gamma": 423.0447657696551, "max_depth": 7.0, "min_child_weight": 4414.12381454829, "num_boost_round": 43.0, "subsample": 0.2536548705582418}, "datetime": {"datetime": "2024-01-20 16:37:58", "elapsed": 8036.417542, "delta": 0.009018}}
{"target": -15.160093275248233, "params": {"colsample_bytree": 0.7061173460110488, "eta": 0.09909323725737071, "gamma": 423.0447657696551, "max_depth": 7.0, "min_child_weight": 4414.12381454829, "num_boost_round": 44.0, "subsample": 0.2536548705582418}, "datetime": {"datetime": "2024-01-20 16:37:58", "elapsed": 8036.426026, "delta": 0.008484}}
{"target": -15.160221984492804, "params": {"colsample_bytree": 0.7061173460110488, "eta": 0.09909323725737071, "gamma": 423.0447657696551, "max_depth": 7.0, "min_child_weight": 4414.12381454829, "num_boost_round": 45.0, "subsample": 0.2536548705582418}, "datetime": {"datetime": "2024-01-20 16:37:58", "elapsed": 8036.433774, "delta": 0.007748}}
{"target": -15.160663416704722, "params": {"colsample_bytree": 0.7061173460110488, "eta": 0.09909323725737071, "gamma": 423.0447657696551, "max_depth": 7.0, "min_child_weight": 4414.12381454829, "num_boost_round": 46.0, "subsample": 0.2536548705582418}, "datetime": {"datetime": "2024-01-20 16:37:59", "elapsed": 8036.442187, "delta": 0.008413}}
{"target": -15.160472862511632, "params": {"colsample_bytree": 0.7061173460110488, "eta": 0.09909323725737071, "gamma": 423.0447657696551, "max_depth": 7.0, "min_child_weight": 4414.12381454829, "num_boost_round": 47.0, "subsample": 0.2536548705582418}, "datetime": {"datetime": "2024-01-20 16:37:59", "elapsed": 8036.45065, "delta": 0.008463}}
{"target": -15.161210151090451, "params": {"colsample_bytree": 0.7061173460110488, "eta": 0.09909323725737071, "gamma": 423.0447657696551, "max_depth": 7.0, "min_child_weight": 4414.12381454829, "num_boost_round": 48.0, "subsample": 0.2536548705582418}, "datetime": {"datetime": "2024-01-20 16:37:59", "elapsed": 8036.45876, "delta": 0.00811}}
{"target": -15.161647280600693, "params": {"colsample_bytree": 0.7061173460110488, "eta": 0.09909323725737071, "gamma": 423.0447657696551, "max_depth": 7.0, "min_child_weight": 4414.12381454829, "num_boost_round": 49.0, "subsample": 0.2536548705582418}, "datetime": {"datetime": "2024-01-20 16:37:59", "elapsed": 8036.466461, "delta": 0.007701}}
{"target": -15.161567545244953, "params": {"colsample_bytree": 0.7061173460110488, "eta": 0.09909323725737071, "gamma": 423.0447657696551, "max_depth": 7.0, "min_child_weight": 4414.12381454829, "num_boost_round": 50.0, "subsample": 0.2536548705582418}, "datetime": {"datetime": "2024-01-20 16:37:59", "elapsed": 8036.474304, "delta": 0.007843}}
{"target": -15.172933885108396, "params": {"colsample_bytree": 0.31022901270035425, "eta": 0.00688741464260014, "gamma": 624.2427262526627, "max_depth": 3.0, "min_child_weight": 4195.579288058615, "num_boost_round": 1.0, "subsample": 0.12271227354817493}, "datetime": {"datetime": "2024-01-20 16:40:26", "elapsed": 8183.619914, "delta": 147.14561}}
{"target": -15.172809501462535, "params": {"colsample_bytree": 0.31022901270035425, "eta": 0.00688741464260014, "gamma": 624.2427262526627, "max_depth": 3.0, "min_child_weight": 4195.579288058615, "num_boost_round": 2.0, "subsample": 0.12271227354817493}, "datetime": {"datetime": "2024-01-20 16:40:26", "elapsed": 8183.628979, "delta": 0.009065}}
{"target": -15.1726835812116, "params": {"colsample_bytree": 0.31022901270035425, "eta": 0.00688741464260014, "gamma": 624.2427262526627, "max_depth": 3.0, "min_child_weight": 4195.579288058615, "num_boost_round": 3.0, "subsample": 0.12271227354817493}, "datetime": {"datetime": "2024-01-20 16:40:26", "elapsed": 8183.635931, "delta": 0.006952}}
{"target": -15.172660642819045, "params": {"colsample_bytree": 0.31022901270035425, "eta": 0.00688741464260014, "gamma": 624.2427262526627, "max_depth": 3.0, "min_child_weight": 4195.579288058615, "num_boost_round": 4.0, "subsample": 0.12271227354817493}, "datetime": {"datetime": "2024-01-20 16:40:26", "elapsed": 8183.64257, "delta": 0.006639}}
{"target": -15.172396599269543, "params": {"colsample_bytree": 0.31022901270035425, "eta": 0.00688741464260014, "gamma": 624.2427262526627, "max_depth": 3.0, "min_child_weight": 4195.579288058615, "num_boost_round": 5.0, "subsample": 0.12271227354817493}, "datetime": {"datetime": "2024-01-20 16:40:26", "elapsed": 8183.649039, "delta": 0.006469}}
{"target": -15.172276892953285, "params": {"colsample_bytree": 0.31022901270035425, "eta": 0.00688741464260014, "gamma": 624.2427262526627, "max_depth": 3.0, "min_child_weight": 4195.579288058615, "num_boost_round": 6.0, "subsample": 0.12271227354817493}, "datetime": {"datetime": "2024-01-20 16:40:26", "elapsed": 8183.655552, "delta": 0.006513}}
{"target": -15.172182124688558, "params": {"colsample_bytree": 0.31022901270035425, "eta": 0.00688741464260014, "gamma": 624.2427262526627, "max_depth": 3.0, "min_child_weight": 4195.579288058615, "num_boost_round": 7.0, "subsample": 0.12271227354817493}, "datetime": {"datetime": "2024-01-20 16:40:26", "elapsed": 8183.662044, "delta": 0.006492}}
{"target": -15.171939429151696, "params": {"colsample_bytree": 0.31022901270035425, "eta": 0.00688741464260014, "gamma": 624.2427262526627, "max_depth": 3.0, "min_child_weight": 4195.579288058615, "num_boost_round": 8.0, "subsample": 0.12271227354817493}, "datetime": {"datetime": "2024-01-20 16:40:26", "elapsed": 8183.669109, "delta": 0.007065}}
{"target": -15.17193530323582, "params": {"colsample_bytree": 0.31022901270035425, "eta": 0.00688741464260014, "gamma": 624.2427262526627, "max_depth": 3.0, "min_child_weight": 4195.579288058615, "num_boost_round": 9.0, "subsample": 0.12271227354817493}, "datetime": {"datetime": "2024-01-20 16:40:26", "elapsed": 8183.676466, "delta": 0.007357}}
{"target": -15.171818103293994, "params": {"colsample_bytree": 0.31022901270035425, "eta": 0.00688741464260014, "gamma": 624.2427262526627, "max_depth": 3.0, "min_child_weight": 4195.579288058615, "num_boost_round": 10.0, "subsample": 0.12271227354817493}, "datetime": {"datetime": "2024-01-20 16:40:26", "elapsed": 8183.685085, "delta": 0.008619}}
{"target": -15.171777458851755, "params": {"colsample_bytree": 0.31022901270035425, "eta": 0.00688741464260014, "gamma": 624.2427262526627, "max_depth": 3.0, "min_child_weight": 4195.579288058615, "num_boost_round": 11.0, "subsample": 0.12271227354817493}, "datetime": {"datetime": "2024-01-20 16:40:26", "elapsed": 8183.69359, "delta": 0.008505}}
{"target": -15.171767305180136, "params": {"colsample_bytree": 0.31022901270035425, "eta": 0.00688741464260014, "gamma": 624.2427262526627, "max_depth": 3.0, "min_child_weight": 4195.579288058615, "num_boost_round": 12.0, "subsample": 0.12271227354817493}, "datetime": {"datetime": "2024-01-20 16:40:26", "elapsed": 8183.700418, "delta": 0.006828}}
{"target": -15.171764660809504, "params": {"colsample_bytree": 0.31022901270035425, "eta": 0.00688741464260014, "gamma": 624.2427262526627, "max_depth": 3.0, "min_child_weight": 4195.579288058615, "num_boost_round": 13.0, "subsample": 0.12271227354817493}, "datetime": {"datetime": "2024-01-20 16:40:26", "elapsed": 8183.706839, "delta": 0.006421}}
{"target": -15.171628450046127, "params": {"colsample_bytree": 0.31022901270035425, "eta": 0.00688741464260014, "gamma": 624.2427262526627, "max_depth": 3.0, "min_child_weight": 4195.579288058615, "num_boost_round": 14.0, "subsample": 0.12271227354817493}, "datetime": {"datetime": "2024-01-20 16:40:26", "elapsed": 8183.713803, "delta": 0.006964}}
{"target": -15.171586736862558, "params": {"colsample_bytree": 0.31022901270035425, "eta": 0.00688741464260014, "gamma": 624.2427262526627, "max_depth": 3.0, "min_child_weight": 4195.579288058615, "num_boost_round": 15.0, "subsample": 0.12271227354817493}, "datetime": {"datetime": "2024-01-20 16:40:26", "elapsed": 8183.720565, "delta": 0.006762}}
{"target": -15.171480555611652, "params": {"colsample_bytree": 0.31022901270035425, "eta": 0.00688741464260014, "gamma": 624.2427262526627, "max_depth": 3.0, "min_child_weight": 4195.579288058615, "num_boost_round": 16.0, "subsample": 0.12271227354817493}, "datetime": {"datetime": "2024-01-20 16:40:26", "elapsed": 8183.72778, "delta": 0.007215}}
{"target": -15.171230249043603, "params": {"colsample_bytree": 0.31022901270035425, "eta": 0.00688741464260014, "gamma": 624.2427262526627, "max_depth": 3.0, "min_child_weight": 4195.579288058615, "num_boost_round": 17.0, "subsample": 0.12271227354817493}, "datetime": {"datetime": "2024-01-20 16:40:26", "elapsed": 8183.736347, "delta": 0.008567}}
{"target": -15.171205325753494, "params": {"colsample_bytree": 0.31022901270035425, "eta": 0.00688741464260014, "gamma": 624.2427262526627, "max_depth": 3.0, "min_child_weight": 4195.579288058615, "num_boost_round": 18.0, "subsample": 0.12271227354817493}, "datetime": {"datetime": "2024-01-20 16:40:26", "elapsed": 8183.744888, "delta": 0.008541}}
{"target": -15.171049256877012, "params": {"colsample_bytree": 0.31022901270035425, "eta": 0.00688741464260014, "gamma": 624.2427262526627, "max_depth": 3.0, "min_child_weight": 4195.579288058615, "num_boost_round": 19.0, "subsample": 0.12271227354817493}, "datetime": {"datetime": "2024-01-20 16:40:26", "elapsed": 8183.752445, "delta": 0.007557}}
{"target": -15.17091783701494, "params": {"colsample_bytree": 0.31022901270035425, "eta": 0.00688741464260014, "gamma": 624.2427262526627, "max_depth": 3.0, "min_child_weight": 4195.579288058615, "num_boost_round": 20.0, "subsample": 0.12271227354817493}, "datetime": {"datetime": "2024-01-20 16:40:26", "elapsed": 8183.759954, "delta": 0.007509}}
{"target": -15.170802776135195, "params": {"colsample_bytree": 0.31022901270035425, "eta": 0.00688741464260014, "gamma": 624.2427262526627, "max_depth": 3.0, "min_child_weight": 4195.579288058615, "num_boost_round": 21.0, "subsample": 0.12271227354817493}, "datetime": {"datetime": "2024-01-20 16:40:26", "elapsed": 8183.766909, "delta": 0.006955}}
{"target": -15.170763272277954, "params": {"colsample_bytree": 0.31022901270035425, "eta": 0.00688741464260014, "gamma": 624.2427262526627, "max_depth": 3.0, "min_child_weight": 4195.579288058615, "num_boost_round": 22.0, "subsample": 0.12271227354817493}, "datetime": {"datetime": "2024-01-20 16:40:26", "elapsed": 8183.774307, "delta": 0.007398}}
{"target": -15.1706918379274, "params": {"colsample_bytree": 0.31022901270035425, "eta": 0.00688741464260014, "gamma": 624.2427262526627, "max_depth": 3.0, "min_child_weight": 4195.579288058615, "num_boost_round": 23.0, "subsample": 0.12271227354817493}, "datetime": {"datetime": "2024-01-20 16:40:26", "elapsed": 8183.781883, "delta": 0.007576}}
{"target": -15.170562841296269, "params": {"colsample_bytree": 0.31022901270035425, "eta": 0.00688741464260014, "gamma": 624.2427262526627, "max_depth": 3.0, "min_child_weight": 4195.579288058615, "num_boost_round": 24.0, "subsample": 0.12271227354817493}, "datetime": {"datetime": "2024-01-20 16:40:26", "elapsed": 8183.790909, "delta": 0.009026}}
{"target": -15.170551247637311, "params": {"colsample_bytree": 0.31022901270035425, "eta": 0.00688741464260014, "gamma": 624.2427262526627, "max_depth": 3.0, "min_child_weight": 4195.579288058615, "num_boost_round": 25.0, "subsample": 0.12271227354817493}, "datetime": {"datetime": "2024-01-20 16:40:26", "elapsed": 8183.798471, "delta": 0.007562}}
{"target": -15.170487660749838, "params": {"colsample_bytree": 0.31022901270035425, "eta": 0.00688741464260014, "gamma": 624.2427262526627, "max_depth": 3.0, "min_child_weight": 4195.579288058615, "num_boost_round": 26.0, "subsample": 0.12271227354817493}, "datetime": {"datetime": "2024-01-20 16:40:26", "elapsed": 8183.805371, "delta": 0.0069}}
{"target": -15.170385054410694, "params": {"colsample_bytree": 0.31022901270035425, "eta": 0.00688741464260014, "gamma": 624.2427262526627, "max_depth": 3.0, "min_child_weight": 4195.579288058615, "num_boost_round": 27.0, "subsample": 0.12271227354817493}, "datetime": {"datetime": "2024-01-20 16:40:26", "elapsed": 8183.812123, "delta": 0.006752}}
{"target": -15.170279441378662, "params": {"colsample_bytree": 0.31022901270035425, "eta": 0.00688741464260014, "gamma": 624.2427262526627, "max_depth": 3.0, "min_child_weight": 4195.579288058615, "num_boost_round": 28.0, "subsample": 0.12271227354817493}, "datetime": {"datetime": "2024-01-20 16:40:26", "elapsed": 8183.818763, "delta": 0.00664}}
{"target": -15.170157070198766, "params": {"colsample_bytree": 0.31022901270035425, "eta": 0.00688741464260014, "gamma": 624.2427262526627, "max_depth": 3.0, "min_child_weight": 4195.579288058615, "num_boost_round": 29.0, "subsample": 0.12271227354817493}, "datetime": {"datetime": "2024-01-20 16:40:26", "elapsed": 8183.825234, "delta": 0.006471}}
{"target": -15.17003465958334, "params": {"colsample_bytree": 0.31022901270035425, "eta": 0.00688741464260014, "gamma": 624.2427262526627, "max_depth": 3.0, "min_child_weight": 4195.579288058615, "num_boost_round": 30.0, "subsample": 0.12271227354817493}, "datetime": {"datetime": "2024-01-20 16:40:26", "elapsed": 8183.832894, "delta": 0.00766}}
{"target": -15.170052756930588, "params": {"colsample_bytree": 0.31022901270035425, "eta": 0.00688741464260014, "gamma": 624.2427262526627, "max_depth": 3.0, "min_child_weight": 4195.579288058615, "num_boost_round": 31.0, "subsample": 0.12271227354817493}, "datetime": {"datetime": "2024-01-20 16:40:26", "elapsed": 8183.842418, "delta": 0.009524}}
{"target": -15.169949801636832, "params": {"colsample_bytree": 0.31022901270035425, "eta": 0.00688741464260014, "gamma": 624.2427262526627, "max_depth": 3.0, "min_child_weight": 4195.579288058615, "num_boost_round": 32.0, "subsample": 0.12271227354817493}, "datetime": {"datetime": "2024-01-20 16:40:26", "elapsed": 8183.85082, "delta": 0.008402}}
{"target": -15.169910408000376, "params": {"colsample_bytree": 0.31022901270035425, "eta": 0.00688741464260014, "gamma": 624.2427262526627, "max_depth": 3.0, "min_child_weight": 4195.579288058615, "num_boost_round": 33.0, "subsample": 0.12271227354817493}, "datetime": {"datetime": "2024-01-20 16:40:26", "elapsed": 8183.857589, "delta": 0.006769}}
{"target": -15.169936559474706, "params": {"colsample_bytree": 0.31022901270035425, "eta": 0.00688741464260014, "gamma": 624.2427262526627, "max_depth": 3.0, "min_child_weight": 4195.579288058615, "num_boost_round": 34.0, "subsample": 0.12271227354817493}, "datetime": {"datetime": "2024-01-20 16:40:26", "elapsed": 8183.864134, "delta": 0.006545}}
{"target": -15.169855431858949, "params": {"colsample_bytree": 0.31022901270035425, "eta": 0.00688741464260014, "gamma": 624.2427262526627, "max_depth": 3.0, "min_child_weight": 4195.579288058615, "num_boost_round": 35.0, "subsample": 0.12271227354817493}, "datetime": {"datetime": "2024-01-20 16:40:26", "elapsed": 8183.870599, "delta": 0.006465}}
{"target": -15.169827906244215, "params": {"colsample_bytree": 0.31022901270035425, "eta": 0.00688741464260014, "gamma": 624.2427262526627, "max_depth": 3.0, "min_child_weight": 4195.579288058615, "num_boost_round": 36.0, "subsample": 0.12271227354817493}, "datetime": {"datetime": "2024-01-20 16:40:26", "elapsed": 8183.876959, "delta": 0.00636}}
{"target": -15.16966913034011, "params": {"colsample_bytree": 0.31022901270035425, "eta": 0.00688741464260014, "gamma": 624.2427262526627, "max_depth": 3.0, "min_child_weight": 4195.579288058615, "num_boost_round": 37.0, "subsample": 0.12271227354817493}, "datetime": {"datetime": "2024-01-20 16:40:26", "elapsed": 8183.883366, "delta": 0.006407}}
{"target": -15.169570270886624, "params": {"colsample_bytree": 0.31022901270035425, "eta": 0.00688741464260014, "gamma": 624.2427262526627, "max_depth": 3.0, "min_child_weight": 4195.579288058615, "num_boost_round": 38.0, "subsample": 0.12271227354817493}, "datetime": {"datetime": "2024-01-20 16:40:26", "elapsed": 8183.890224, "delta": 0.006858}}
{"target": -15.169557322175859, "params": {"colsample_bytree": 0.31022901270035425, "eta": 0.00688741464260014, "gamma": 624.2427262526627, "max_depth": 3.0, "min_child_weight": 4195.579288058615, "num_boost_round": 39.0, "subsample": 0.12271227354817493}, "datetime": {"datetime": "2024-01-20 16:40:26", "elapsed": 8183.897811, "delta": 0.007587}}
{"target": -15.169525392131668, "params": {"colsample_bytree": 0.31022901270035425, "eta": 0.00688741464260014, "gamma": 624.2427262526627, "max_depth": 3.0, "min_child_weight": 4195.579288058615, "num_boost_round": 40.0, "subsample": 0.12271227354817493}, "datetime": {"datetime": "2024-01-20 16:40:26", "elapsed": 8183.907095, "delta": 0.009284}}
{"target": -15.169398440617625, "params": {"colsample_bytree": 0.31022901270035425, "eta": 0.00688741464260014, "gamma": 624.2427262526627, "max_depth": 3.0, "min_child_weight": 4195.579288058615, "num_boost_round": 41.0, "subsample": 0.12271227354817493}, "datetime": {"datetime": "2024-01-20 16:40:26", "elapsed": 8183.916356, "delta": 0.009261}}
{"target": -15.1692872728386, "params": {"colsample_bytree": 0.31022901270035425, "eta": 0.00688741464260014, "gamma": 624.2427262526627, "max_depth": 3.0, "min_child_weight": 4195.579288058615, "num_boost_round": 42.0, "subsample": 0.12271227354817493}, "datetime": {"datetime": "2024-01-20 16:40:26", "elapsed": 8183.924303, "delta": 0.007947}}
{"target": -15.16917917767025, "params": {"colsample_bytree": 0.31022901270035425, "eta": 0.00688741464260014, "gamma": 624.2427262526627, "max_depth": 3.0, "min_child_weight": 4195.579288058615, "num_boost_round": 43.0, "subsample": 0.12271227354817493}, "datetime": {"datetime": "2024-01-20 16:40:26", "elapsed": 8183.930912, "delta": 0.006609}}
{"target": -15.169086804894626, "params": {"colsample_bytree": 0.31022901270035425, "eta": 0.00688741464260014, "gamma": 624.2427262526627, "max_depth": 3.0, "min_child_weight": 4195.579288058615, "num_boost_round": 44.0, "subsample": 0.12271227354817493}, "datetime": {"datetime": "2024-01-20 16:40:26", "elapsed": 8183.938008, "delta": 0.007096}}
{"target": -15.169085649051755, "params": {"colsample_bytree": 0.31022901270035425, "eta": 0.00688741464260014, "gamma": 624.2427262526627, "max_depth": 3.0, "min_child_weight": 4195.579288058615, "num_boost_round": 45.0, "subsample": 0.12271227354817493}, "datetime": {"datetime": "2024-01-20 16:40:26", "elapsed": 8183.944728, "delta": 0.00672}}
