{"target": -13.408655092271283, "params": {"colsample_bytree": 0.2691853596845618, "eta": 0.0608770147321638, "gamma": 46.327463910938334, "max_depth": 4.0, "min_child_weight": 4216.822601257832, "num_boost_round": 45.0, "subsample": 0.3752618263217651}, "datetime": {"datetime": "2024-01-20 17:55:48", "elapsed": 12683.511326, "delta": 0.005583}}
{"target": -13.408665267822482, "params": {"colsample_bytree": 0.2691853596845618, "eta": 0.0608770147321638, "gamma": 46.327463910938334, "max_depth": 4.0, "min_child_weight": 4216.822601257832, "num_boost_round": 46.0, "subsample": 0.3752618263217651}, "datetime": {"datetime": "2024-01-20 17:55:48", "elapsed": 12683.51673, "delta": 0.005404}}
{"target": -13.408891869366938, "params": {"colsample_bytree": 0.2691853596845618, "eta": 0.0608770147321638, "gamma": 46.327463910938334, "max_depth": 4.0, "min_child_weight": 4216.822601257832, "num_boost_round": 47.0, "subsample": 0.3752618263217651}, "datetime": {"datetime": "2024-01-20 17:55:48", "elapsed": 12683.522246, "delta": 0.005516}}
{"target": -13.40918899934605, "params": {"colsample_bytree": 0.2691853596845618, "eta": 0.0608770147321638, "gamma": 46.327463910938334, "max_depth": 4.0, "min_child_weight": 4216.822601257832, "num_boost_round": 48.0, "subsample": 0.3752618263217651}, "datetime": {"datetime": "2024-01-20 17:55:48", "elapsed": 12683.528768, "delta": 0.006522}}
{"target": -13.409210310794974, "params": {"colsample_bytree": 0.2691853596845618, "eta": 0.0608770147321638, "gamma": 46.327463910938334, "max_depth": 4.0, "min_child_weight": 4216.822601257832, "num_boost_round": 49.0, "subsample": 0.3752618263217651}, "datetime": {"datetime": "2024-01-20 17:55:48", "elapsed": 12683.534401, "delta": 0.005633}}
{"target": -13.409447631445705, "params": {"colsample_bytree": 0.2691853596845618, "eta": 0.0608770147321638, "gamma": 46.327463910938334, "max_depth": 4.0, "min_child_weight": 4216.822601257832, "num_boost_round": 50.0, "subsample": 0.3752618263217651}, "datetime": {"datetime": "2024-01-20 17:55:48", "elapsed": 12683.539752, "delta": 0.005351}}
{"target": -13.409696869106817, "params": {"colsample_bytree": 0.2691853596845618, "eta": 0.0608770147321638, "gamma": 46.327463910938334, "max_depth": 4.0, "min_child_weight": 4216.822601257832, "num_boost_round": 51.0, "subsample": 0.3752618263217651}, "datetime": {"datetime": "2024-01-20 17:55:48", "elapsed": 12683.545018, "delta": 0.005266}}
{"target": -13.39744664382054, "params": {"colsample_bytree": 0.9711763327874536, "eta": 0.024115181601521818, "gamma": 183.21776481694974, "max_depth": 8.0, "min_child_weight": 4152.16830938852, "num_boost_round": 1.0, "subsample": 0.1031461530897666}, "datetime": {"datetime": "2024-01-20 17:56:49", "elapsed": 12744.604873, "delta": 61.059855}}
{"target": -13.397130406636443, "params": {"colsample_bytree": 0.9711763327874536, "eta": 0.024115181601521818, "gamma": 183.21776481694974, "max_depth": 8.0, "min_child_weight": 4152.16830938852, "num_boost_round": 2.0, "subsample": 0.1031461530897666}, "datetime": {"datetime": "2024-01-20 17:56:49", "elapsed": 12744.611607, "delta": 0.006734}}
{"target": -13.396996742735974, "params": {"colsample_bytree": 0.9711763327874536, "eta": 0.024115181601521818, "gamma": 183.21776481694974, "max_depth": 8.0, "min_child_weight": 4152.16830938852, "num_boost_round": 3.0, "subsample": 0.1031461530897666}, "datetime": {"datetime": "2024-01-20 17:56:49", "elapsed": 12744.617849, "delta": 0.006242}}
{"target": -13.396886100015372, "params": {"colsample_bytree": 0.9711763327874536, "eta": 0.024115181601521818, "gamma": 183.21776481694974, "max_depth": 8.0, "min_child_weight": 4152.16830938852, "num_boost_round": 4.0, "subsample": 0.1031461530897666}, "datetime": {"datetime": "2024-01-20 17:56:49", "elapsed": 12744.623568, "delta": 0.005719}}
{"target": -13.396812080197938, "params": {"colsample_bytree": 0.9711763327874536, "eta": 0.024115181601521818, "gamma": 183.21776481694974, "max_depth": 8.0, "min_child_weight": 4152.16830938852, "num_boost_round": 5.0, "subsample": 0.1031461530897666}, "datetime": {"datetime": "2024-01-20 17:56:49", "elapsed": 12744.628924, "delta": 0.005356}}
{"target": -13.39663317324789, "params": {"colsample_bytree": 0.9711763327874536, "eta": 0.024115181601521818, "gamma": 183.21776481694974, "max_depth": 8.0, "min_child_weight": 4152.16830938852, "num_boost_round": 6.0, "subsample": 0.1031461530897666}, "datetime": {"datetime": "2024-01-20 17:56:49", "elapsed": 12744.634431, "delta": 0.005507}}
{"target": -13.396737356437864, "params": {"colsample_bytree": 0.9711763327874536, "eta": 0.024115181601521818, "gamma": 183.21776481694974, "max_depth": 8.0, "min_child_weight": 4152.16830938852, "num_boost_round": 7.0, "subsample": 0.1031461530897666}, "datetime": {"datetime": "2024-01-20 17:56:49", "elapsed": 12744.639966, "delta": 0.005535}}
{"target": -13.396684487274285, "params": {"colsample_bytree": 0.9711763327874536, "eta": 0.024115181601521818, "gamma": 183.21776481694974, "max_depth": 8.0, "min_child_weight": 4152.16830938852, "num_boost_round": 8.0, "subsample": 0.1031461530897666}, "datetime": {"datetime": "2024-01-20 17:56:49", "elapsed": 12744.645679, "delta": 0.005713}}
{"target": -13.39678092627869, "params": {"colsample_bytree": 0.9711763327874536, "eta": 0.024115181601521818, "gamma": 183.21776481694974, "max_depth": 8.0, "min_child_weight": 4152.16830938852, "num_boost_round": 9.0, "subsample": 0.1031461530897666}, "datetime": {"datetime": "2024-01-20 17:56:50", "elapsed": 12744.651259, "delta": 0.00558}}
{"target": -13.396775018832386, "params": {"colsample_bytree": 0.9711763327874536, "eta": 0.024115181601521818, "gamma": 183.21776481694974, "max_depth": 8.0, "min_child_weight": 4152.16830938852, "num_boost_round": 10.0, "subsample": 0.1031461530897666}, "datetime": {"datetime": "2024-01-20 17:56:50", "elapsed": 12744.657246, "delta": 0.005987}}
{"target": -13.396703283049202, "params": {"colsample_bytree": 0.9711763327874536, "eta": 0.024115181601521818, "gamma": 183.21776481694974, "max_depth": 8.0, "min_child_weight": 4152.16830938852, "num_boost_round": 11.0, "subsample": 0.1031461530897666}, "datetime": {"datetime": "2024-01-20 17:56:50", "elapsed": 12744.663263, "delta": 0.006017}}
{"target": -13.398023083976057, "params": {"colsample_bytree": 0.9324433189223273, "eta": 0.08620753300753034, "gamma": 95.05729691745334, "max_depth": 5.0, "min_child_weight": 4129.230611341761, "num_boost_round": 1.0, "subsample": 0.8347328036809182}, "datetime": {"datetime": "2024-01-20 17:58:26", "elapsed": 12840.992981, "delta": 96.329718}}
{"target": -13.398366272918828, "params": {"colsample_bytree": 0.9324433189223273, "eta": 0.08620753300753034, "gamma": 95.05729691745334, "max_depth": 5.0, "min_child_weight": 4129.230611341761, "num_boost_round": 2.0, "subsample": 0.8347328036809182}, "datetime": {"datetime": "2024-01-20 17:58:26", "elapsed": 12840.999583, "delta": 0.006602}}
{"target": -13.398145855252157, "params": {"colsample_bytree": 0.7492844566083499, "eta": 0.05609241845818374, "gamma": 357.5473498710763, "max_depth": 2.0, "min_child_weight": 3052.032956997916, "num_boost_round": 1.0, "subsample": 0.8587747982114232}, "datetime": {"datetime": "2024-01-20 18:00:33", "elapsed": 12968.557458, "delta": 127.557875}}
{"target": -13.397666783579332, "params": {"colsample_bytree": 0.3453574024014804, "eta": 0.04094442172552986, "gamma": 184.49449579225984, "max_depth": 2.0, "min_child_weight": 4392.563141735821, "num_boost_round": 1.0, "subsample": 0.35814498694576924}, "datetime": {"datetime": "2024-01-20 18:02:28", "elapsed": 13083.23962, "delta": 114.682162}}
{"target": -13.397674092892066, "params": {"colsample_bytree": 0.3453574024014804, "eta": 0.04094442172552986, "gamma": 184.49449579225984, "max_depth": 2.0, "min_child_weight": 4392.563141735821, "num_boost_round": 2.0, "subsample": 0.35814498694576924}, "datetime": {"datetime": "2024-01-20 18:02:28", "elapsed": 13083.246588, "delta": 0.006968}}
{"target": -13.39765994697882, "params": {"colsample_bytree": 0.3453574024014804, "eta": 0.04094442172552986, "gamma": 184.49449579225984, "max_depth": 2.0, "min_child_weight": 4392.563141735821, "num_boost_round": 3.0, "subsample": 0.35814498694576924}, "datetime": {"datetime": "2024-01-20 18:02:28", "elapsed": 13083.251999, "delta": 0.005411}}
{"target": -13.398011428468553, "params": {"colsample_bytree": 0.19569981742720258, "eta": 0.030194291508916345, "gamma": 130.60367751147916, "max_depth": 3.0, "min_child_weight": 4431.007745927586, "num_boost_round": 1.0, "subsample": 0.9528125005391047}, "datetime": {"datetime": "2024-01-20 18:03:59", "elapsed": 13173.816308, "delta": 90.564309}}
{"target": -13.398024281284972, "params": {"colsample_bytree": 0.19569981742720258, "eta": 0.030194291508916345, "gamma": 130.60367751147916, "max_depth": 3.0, "min_child_weight": 4431.007745927586, "num_boost_round": 2.0, "subsample": 0.9528125005391047}, "datetime": {"datetime": "2024-01-20 18:03:59", "elapsed": 13173.822941, "delta": 0.006633}}
{"target": -13.398181386424817, "params": {"colsample_bytree": 0.19569981742720258, "eta": 0.030194291508916345, "gamma": 130.60367751147916, "max_depth": 3.0, "min_child_weight": 4431.007745927586, "num_boost_round": 3.0, "subsample": 0.9528125005391047}, "datetime": {"datetime": "2024-01-20 18:03:59", "elapsed": 13173.828295, "delta": 0.005354}}
{"target": -13.398454823059733, "params": {"colsample_bytree": 0.19569981742720258, "eta": 0.030194291508916345, "gamma": 130.60367751147916, "max_depth": 3.0, "min_child_weight": 4431.007745927586, "num_boost_round": 4.0, "subsample": 0.9528125005391047}, "datetime": {"datetime": "2024-01-20 18:03:59", "elapsed": 13173.833776, "delta": 0.005481}}
{"target": -13.398855453508261, "params": {"colsample_bytree": 0.19569981742720258, "eta": 0.030194291508916345, "gamma": 130.60367751147916, "max_depth": 3.0, "min_child_weight": 4431.007745927586, "num_boost_round": 5.0, "subsample": 0.9528125005391047}, "datetime": {"datetime": "2024-01-20 18:03:59", "elapsed": 13173.839268, "delta": 0.005492}}
{"target": -13.399078470064646, "params": {"colsample_bytree": 0.19569981742720258, "eta": 0.030194291508916345, "gamma": 130.60367751147916, "max_depth": 3.0, "min_child_weight": 4431.007745927586, "num_boost_round": 6.0, "subsample": 0.9528125005391047}, "datetime": {"datetime": "2024-01-20 18:03:59", "elapsed": 13173.844879, "delta": 0.005611}}
{"target": -13.399079643610298, "params": {"colsample_bytree": 0.19569981742720258, "eta": 0.030194291508916345, "gamma": 130.60367751147916, "max_depth": 3.0, "min_child_weight": 4431.007745927586, "num_boost_round": 7.0, "subsample": 0.9528125005391047}, "datetime": {"datetime": "2024-01-20 18:03:59", "elapsed": 13173.850162, "delta": 0.005283}}
{"target": -13.399174603093954, "params": {"colsample_bytree": 0.19569981742720258, "eta": 0.030194291508916345, "gamma": 130.60367751147916, "max_depth": 3.0, "min_child_weight": 4431.007745927586, "num_boost_round": 8.0, "subsample": 0.9528125005391047}, "datetime": {"datetime": "2024-01-20 18:03:59", "elapsed": 13173.855536, "delta": 0.005374}}
{"target": -13.399190016860565, "params": {"colsample_bytree": 0.19569981742720258, "eta": 0.030194291508916345, "gamma": 130.60367751147916, "max_depth": 3.0, "min_child_weight": 4431.007745927586, "num_boost_round": 9.0, "subsample": 0.9528125005391047}, "datetime": {"datetime": "2024-01-20 18:03:59", "elapsed": 13173.860761, "delta": 0.005225}}
{"target": -13.399355505587131, "params": {"colsample_bytree": 0.19569981742720258, "eta": 0.030194291508916345, "gamma": 130.60367751147916, "max_depth": 3.0, "min_child_weight": 4431.007745927586, "num_boost_round": 10.0, "subsample": 0.9528125005391047}, "datetime": {"datetime": "2024-01-20 18:03:59", "elapsed": 13173.866171, "delta": 0.00541}}
{"target": -13.399387618650078, "params": {"colsample_bytree": 0.19569981742720258, "eta": 0.030194291508916345, "gamma": 130.60367751147916, "max_depth": 3.0, "min_child_weight": 4431.007745927586, "num_boost_round": 11.0, "subsample": 0.9528125005391047}, "datetime": {"datetime": "2024-01-20 18:03:59", "elapsed": 13173.87148, "delta": 0.005309}}
{"target": -13.39953915337075, "params": {"colsample_bytree": 0.19569981742720258, "eta": 0.030194291508916345, "gamma": 130.60367751147916, "max_depth": 3.0, "min_child_weight": 4431.007745927586, "num_boost_round": 12.0, "subsample": 0.9528125005391047}, "datetime": {"datetime": "2024-01-20 18:03:59", "elapsed": 13173.877163, "delta": 0.005683}}
{"target": -13.399489852917394, "params": {"colsample_bytree": 0.19569981742720258, "eta": 0.030194291508916345, "gamma": 130.60367751147916, "max_depth": 3.0, "min_child_weight": 4431.007745927586, "num_boost_round": 13.0, "subsample": 0.9528125005391047}, "datetime": {"datetime": "2024-01-20 18:03:59", "elapsed": 13173.882702, "delta": 0.005539}}
{"target": -13.39947030498207, "params": {"colsample_bytree": 0.19569981742720258, "eta": 0.030194291508916345, "gamma": 130.60367751147916, "max_depth": 3.0, "min_child_weight": 4431.007745927586, "num_boost_round": 14.0, "subsample": 0.9528125005391047}, "datetime": {"datetime": "2024-01-20 18:03:59", "elapsed": 13173.888344, "delta": 0.005642}}
{"target": -13.399072817615407, "params": {"colsample_bytree": 0.23228111751693659, "eta": 0.09132323420944558, "gamma": 7.318622852835355, "max_depth": 3.0, "min_child_weight": 3284.7387238497968, "num_boost_round": 1.0, "subsample": 0.6224384537765405}, "datetime": {"datetime": "2024-01-20 18:05:20", "elapsed": 13254.660657, "delta": 80.772313}}
{"target": -13.399179955855637, "params": {"colsample_bytree": 0.23228111751693659, "eta": 0.09132323420944558, "gamma": 7.318622852835355, "max_depth": 3.0, "min_child_weight": 3284.7387238497968, "num_boost_round": 2.0, "subsample": 0.6224384537765405}, "datetime": {"datetime": "2024-01-20 18:05:20", "elapsed": 13254.670991, "delta": 0.010334}}
{"target": -13.397763984925255, "params": {"colsample_bytree": 0.801872046739959, "eta": 0.04257095686267834, "gamma": 127.41421904874916, "max_depth": 3.0, "min_child_weight": 4504.466927339462, "num_boost_round": 1.0, "subsample": 0.8424649140645104}, "datetime": {"datetime": "2024-01-20 18:07:02", "elapsed": 13357.063695, "delta": 102.392704}}
{"target": -13.398115372243318, "params": {"colsample_bytree": 0.801872046739959, "eta": 0.04257095686267834, "gamma": 127.41421904874916, "max_depth": 3.0, "min_child_weight": 4504.466927339462, "num_boost_round": 2.0, "subsample": 0.8424649140645104}, "datetime": {"datetime": "2024-01-20 18:07:02", "elapsed": 13357.10508, "delta": 0.041385}}
{"target": -13.397067963483938, "params": {"colsample_bytree": 0.3290737330194931, "eta": 0.09032932820973408, "gamma": 436.412644150039, "max_depth": 7.0, "min_child_weight": 4033.435510190837, "num_boost_round": 1.0, "subsample": 0.37996570170451416}, "datetime": {"datetime": "2024-01-20 18:08:33", "elapsed": 13448.614978, "delta": 91.509898}}
{"target": -13.397163963139716, "params": {"colsample_bytree": 0.3290737330194931, "eta": 0.09032932820973408, "gamma": 436.412644150039, "max_depth": 7.0, "min_child_weight": 4033.435510190837, "num_boost_round": 2.0, "subsample": 0.37996570170451416}, "datetime": {"datetime": "2024-01-20 18:08:33", "elapsed": 13448.623024, "delta": 0.008046}}
{"target": -13.397813352135863, "params": {"colsample_bytree": 0.5507105115509155, "eta": 0.06226669620439527, "gamma": 218.56386233910698, "max_depth": 2.0, "min_child_weight": 4461.705391260516, "num_boost_round": 1.0, "subsample": 0.4798526213532177}, "datetime": {"datetime": "2024-01-20 18:09:56", "elapsed": 13531.520356, "delta": 82.897332}}
{"target": -13.398185235717119, "params": {"colsample_bytree": 0.5507105115509155, "eta": 0.06226669620439527, "gamma": 218.56386233910698, "max_depth": 2.0, "min_child_weight": 4461.705391260516, "num_boost_round": 2.0, "subsample": 0.4798526213532177}, "datetime": {"datetime": "2024-01-20 18:09:56", "elapsed": 13531.526352, "delta": 0.005996}}
{"target": -13.398284751911849, "params": {"colsample_bytree": 0.5507105115509155, "eta": 0.06226669620439527, "gamma": 218.56386233910698, "max_depth": 2.0, "min_child_weight": 4461.705391260516, "num_boost_round": 3.0, "subsample": 0.4798526213532177}, "datetime": {"datetime": "2024-01-20 18:09:56", "elapsed": 13531.531817, "delta": 0.005465}}
{"target": -13.398380497924343, "params": {"colsample_bytree": 0.5507105115509155, "eta": 0.06226669620439527, "gamma": 218.56386233910698, "max_depth": 2.0, "min_child_weight": 4461.705391260516, "num_boost_round": 4.0, "subsample": 0.4798526213532177}, "datetime": {"datetime": "2024-01-20 18:09:56", "elapsed": 13531.537535, "delta": 0.005718}}
{"target": -13.39875733229881, "params": {"colsample_bytree": 0.5507105115509155, "eta": 0.06226669620439527, "gamma": 218.56386233910698, "max_depth": 2.0, "min_child_weight": 4461.705391260516, "num_boost_round": 5.0, "subsample": 0.4798526213532177}, "datetime": {"datetime": "2024-01-20 18:09:56", "elapsed": 13531.543119, "delta": 0.005584}}
{"target": -13.399283089636661, "params": {"colsample_bytree": 0.5507105115509155, "eta": 0.06226669620439527, "gamma": 218.56386233910698, "max_depth": 2.0, "min_child_weight": 4461.705391260516, "num_boost_round": 6.0, "subsample": 0.4798526213532177}, "datetime": {"datetime": "2024-01-20 18:09:56", "elapsed": 13531.548397, "delta": 0.005278}}
{"target": -13.40007081667081, "params": {"colsample_bytree": 0.5507105115509155, "eta": 0.06226669620439527, "gamma": 218.56386233910698, "max_depth": 2.0, "min_child_weight": 4461.705391260516, "num_boost_round": 7.0, "subsample": 0.4798526213532177}, "datetime": {"datetime": "2024-01-20 18:09:56", "elapsed": 13531.553813, "delta": 0.005416}}
{"target": -13.400396397129729, "params": {"colsample_bytree": 0.5507105115509155, "eta": 0.06226669620439527, "gamma": 218.56386233910698, "max_depth": 2.0, "min_child_weight": 4461.705391260516, "num_boost_round": 8.0, "subsample": 0.4798526213532177}, "datetime": {"datetime": "2024-01-20 18:09:56", "elapsed": 13531.559253, "delta": 0.00544}}
{"target": -13.400671802220296, "params": {"colsample_bytree": 0.5507105115509155, "eta": 0.06226669620439527, "gamma": 218.56386233910698, "max_depth": 2.0, "min_child_weight": 4461.705391260516, "num_boost_round": 9.0, "subsample": 0.4798526213532177}, "datetime": {"datetime": "2024-01-20 18:09:56", "elapsed": 13531.609167, "delta": 0.049914}}
{"target": -13.400805152339505, "params": {"colsample_bytree": 0.5507105115509155, "eta": 0.06226669620439527, "gamma": 218.56386233910698, "max_depth": 2.0, "min_child_weight": 4461.705391260516, "num_boost_round": 10.0, "subsample": 0.4798526213532177}, "datetime": {"datetime": "2024-01-20 18:09:56", "elapsed": 13531.614558, "delta": 0.005391}}
{"target": -13.401108734079198, "params": {"colsample_bytree": 0.5507105115509155, "eta": 0.06226669620439527, "gamma": 218.56386233910698, "max_depth": 2.0, "min_child_weight": 4461.705391260516, "num_boost_round": 11.0, "subsample": 0.4798526213532177}, "datetime": {"datetime": "2024-01-20 18:09:56", "elapsed": 13531.619851, "delta": 0.005293}}
{"target": -13.401547379624871, "params": {"colsample_bytree": 0.5507105115509155, "eta": 0.06226669620439527, "gamma": 218.56386233910698, "max_depth": 2.0, "min_child_weight": 4461.705391260516, "num_boost_round": 12.0, "subsample": 0.4798526213532177}, "datetime": {"datetime": "2024-01-20 18:09:56", "elapsed": 13531.625466, "delta": 0.005615}}
{"target": -13.40182363338099, "params": {"colsample_bytree": 0.5507105115509155, "eta": 0.06226669620439527, "gamma": 218.56386233910698, "max_depth": 2.0, "min_child_weight": 4461.705391260516, "num_boost_round": 13.0, "subsample": 0.4798526213532177}, "datetime": {"datetime": "2024-01-20 18:09:56", "elapsed": 13531.630915, "delta": 0.005449}}
{"target": -13.401873846392094, "params": {"colsample_bytree": 0.5507105115509155, "eta": 0.06226669620439527, "gamma": 218.56386233910698, "max_depth": 2.0, "min_child_weight": 4461.705391260516, "num_boost_round": 14.0, "subsample": 0.4798526213532177}, "datetime": {"datetime": "2024-01-20 18:09:56", "elapsed": 13531.636601, "delta": 0.005686}}
{"target": -13.402085021645245, "params": {"colsample_bytree": 0.5507105115509155, "eta": 0.06226669620439527, "gamma": 218.56386233910698, "max_depth": 2.0, "min_child_weight": 4461.705391260516, "num_boost_round": 15.0, "subsample": 0.4798526213532177}, "datetime": {"datetime": "2024-01-20 18:09:56", "elapsed": 13531.642041, "delta": 0.00544}}
{"target": -13.402353234285036, "params": {"colsample_bytree": 0.5507105115509155, "eta": 0.06226669620439527, "gamma": 218.56386233910698, "max_depth": 2.0, "min_child_weight": 4461.705391260516, "num_boost_round": 16.0, "subsample": 0.4798526213532177}, "datetime": {"datetime": "2024-01-20 18:09:56", "elapsed": 13531.647517, "delta": 0.005476}}
{"target": -13.402742137234787, "params": {"colsample_bytree": 0.5507105115509155, "eta": 0.06226669620439527, "gamma": 218.56386233910698, "max_depth": 2.0, "min_child_weight": 4461.705391260516, "num_boost_round": 17.0, "subsample": 0.4798526213532177}, "datetime": {"datetime": "2024-01-20 18:09:57", "elapsed": 13531.652987, "delta": 0.00547}}
{"target": -13.403076180404934, "params": {"colsample_bytree": 0.5507105115509155, "eta": 0.06226669620439527, "gamma": 218.56386233910698, "max_depth": 2.0, "min_child_weight": 4461.705391260516, "num_boost_round": 18.0, "subsample": 0.4798526213532177}, "datetime": {"datetime": "2024-01-20 18:09:57", "elapsed": 13531.658417, "delta": 0.00543}}
{"target": -13.40327746638863, "params": {"colsample_bytree": 0.5507105115509155, "eta": 0.06226669620439527, "gamma": 218.56386233910698, "max_depth": 2.0, "min_child_weight": 4461.705391260516, "num_boost_round": 19.0, "subsample": 0.4798526213532177}, "datetime": {"datetime": "2024-01-20 18:09:57", "elapsed": 13531.663926, "delta": 0.005509}}
