{"target": -15.157333980484864, "params": {"colsample_bytree": 0.7484488347073265, "eta": 0.051005324621074384, "gamma": 550.266843718182, "max_depth": 6.0, "min_child_weight": 4095.600407004326, "num_boost_round": 14.0, "subsample": 0.8339648811474194}, "datetime": {"datetime": "2024-01-20 17:04:47", "elapsed": 9644.805814, "delta": 0.006839}}
{"target": -15.15682920905433, "params": {"colsample_bytree": 0.7484488347073265, "eta": 0.051005324621074384, "gamma": 550.266843718182, "max_depth": 6.0, "min_child_weight": 4095.600407004326, "num_boost_round": 15.0, "subsample": 0.8339648811474194}, "datetime": {"datetime": "2024-01-20 17:04:47", "elapsed": 9644.813223, "delta": 0.007409}}
{"target": -15.156919486156214, "params": {"colsample_bytree": 0.7484488347073265, "eta": 0.051005324621074384, "gamma": 550.266843718182, "max_depth": 6.0, "min_child_weight": 4095.600407004326, "num_boost_round": 16.0, "subsample": 0.8339648811474194}, "datetime": {"datetime": "2024-01-20 17:04:47", "elapsed": 9644.821299, "delta": 0.008076}}
{"target": -15.156341343139625, "params": {"colsample_bytree": 0.7484488347073265, "eta": 0.051005324621074384, "gamma": 550.266843718182, "max_depth": 6.0, "min_child_weight": 4095.600407004326, "num_boost_round": 17.0, "subsample": 0.8339648811474194}, "datetime": {"datetime": "2024-01-20 17:04:47", "elapsed": 9644.829111, "delta": 0.007812}}
{"target": -15.156311324202164, "params": {"colsample_bytree": 0.7484488347073265, "eta": 0.051005324621074384, "gamma": 550.266843718182, "max_depth": 6.0, "min_child_weight": 4095.600407004326, "num_boost_round": 18.0, "subsample": 0.8339648811474194}, "datetime": {"datetime": "2024-01-20 17:04:47", "elapsed": 9644.837293, "delta": 0.008182}}
{"target": -15.156445337370904, "params": {"colsample_bytree": 0.7484488347073265, "eta": 0.051005324621074384, "gamma": 550.266843718182, "max_depth": 6.0, "min_child_weight": 4095.600407004326, "num_boost_round": 19.0, "subsample": 0.8339648811474194}, "datetime": {"datetime": "2024-01-20 17:04:47", "elapsed": 9644.845805, "delta": 0.008512}}
{"target": -15.156524232183042, "params": {"colsample_bytree": 0.7484488347073265, "eta": 0.051005324621074384, "gamma": 550.266843718182, "max_depth": 6.0, "min_child_weight": 4095.600407004326, "num_boost_round": 20.0, "subsample": 0.8339648811474194}, "datetime": {"datetime": "2024-01-20 17:04:47", "elapsed": 9644.853204, "delta": 0.007399}}
{"target": -15.156562355228974, "params": {"colsample_bytree": 0.7484488347073265, "eta": 0.051005324621074384, "gamma": 550.266843718182, "max_depth": 6.0, "min_child_weight": 4095.600407004326, "num_boost_round": 21.0, "subsample": 0.8339648811474194}, "datetime": {"datetime": "2024-01-20 17:04:47", "elapsed": 9644.860065, "delta": 0.006861}}
{"target": -15.156208099354016, "params": {"colsample_bytree": 0.7484488347073265, "eta": 0.051005324621074384, "gamma": 550.266843718182, "max_depth": 6.0, "min_child_weight": 4095.600407004326, "num_boost_round": 22.0, "subsample": 0.8339648811474194}, "datetime": {"datetime": "2024-01-20 17:04:47", "elapsed": 9644.86669, "delta": 0.006625}}
{"target": -15.156573397619244, "params": {"colsample_bytree": 0.7484488347073265, "eta": 0.051005324621074384, "gamma": 550.266843718182, "max_depth": 6.0, "min_child_weight": 4095.600407004326, "num_boost_round": 23.0, "subsample": 0.8339648811474194}, "datetime": {"datetime": "2024-01-20 17:04:47", "elapsed": 9644.87335, "delta": 0.00666}}
{"target": -15.156456030027352, "params": {"colsample_bytree": 0.7484488347073265, "eta": 0.051005324621074384, "gamma": 550.266843718182, "max_depth": 6.0, "min_child_weight": 4095.600407004326, "num_boost_round": 24.0, "subsample": 0.8339648811474194}, "datetime": {"datetime": "2024-01-20 17:04:47", "elapsed": 9644.880281, "delta": 0.006931}}
{"target": -15.157007388743942, "params": {"colsample_bytree": 0.7484488347073265, "eta": 0.051005324621074384, "gamma": 550.266843718182, "max_depth": 6.0, "min_child_weight": 4095.600407004326, "num_boost_round": 25.0, "subsample": 0.8339648811474194}, "datetime": {"datetime": "2024-01-20 17:04:47", "elapsed": 9644.887004, "delta": 0.006723}}
{"target": -15.157318684270841, "params": {"colsample_bytree": 0.7484488347073265, "eta": 0.051005324621074384, "gamma": 550.266843718182, "max_depth": 6.0, "min_child_weight": 4095.600407004326, "num_boost_round": 26.0, "subsample": 0.8339648811474194}, "datetime": {"datetime": "2024-01-20 17:04:47", "elapsed": 9644.893955, "delta": 0.006951}}
{"target": -15.157037326254112, "params": {"colsample_bytree": 0.7484488347073265, "eta": 0.051005324621074384, "gamma": 550.266843718182, "max_depth": 6.0, "min_child_weight": 4095.600407004326, "num_boost_round": 27.0, "subsample": 0.8339648811474194}, "datetime": {"datetime": "2024-01-20 17:04:47", "elapsed": 9644.901896, "delta": 0.007941}}
{"target": -15.15692869985112, "params": {"colsample_bytree": 0.7484488347073265, "eta": 0.051005324621074384, "gamma": 550.266843718182, "max_depth": 6.0, "min_child_weight": 4095.600407004326, "num_boost_round": 28.0, "subsample": 0.8339648811474194}, "datetime": {"datetime": "2024-01-20 17:04:47", "elapsed": 9644.909873, "delta": 0.007977}}
{"target": -15.156800983807049, "params": {"colsample_bytree": 0.7484488347073265, "eta": 0.051005324621074384, "gamma": 550.266843718182, "max_depth": 6.0, "min_child_weight": 4095.600407004326, "num_boost_round": 29.0, "subsample": 0.8339648811474194}, "datetime": {"datetime": "2024-01-20 17:04:47", "elapsed": 9644.918355, "delta": 0.008482}}
{"target": -15.157594859802199, "params": {"colsample_bytree": 0.7484488347073265, "eta": 0.051005324621074384, "gamma": 550.266843718182, "max_depth": 6.0, "min_child_weight": 4095.600407004326, "num_boost_round": 30.0, "subsample": 0.8339648811474194}, "datetime": {"datetime": "2024-01-20 17:04:47", "elapsed": 9644.926802, "delta": 0.008447}}
{"target": -15.157987650731606, "params": {"colsample_bytree": 0.7484488347073265, "eta": 0.051005324621074384, "gamma": 550.266843718182, "max_depth": 6.0, "min_child_weight": 4095.600407004326, "num_boost_round": 31.0, "subsample": 0.8339648811474194}, "datetime": {"datetime": "2024-01-20 17:04:47", "elapsed": 9644.935378, "delta": 0.008576}}
{"target": -15.158152476485474, "params": {"colsample_bytree": 0.7484488347073265, "eta": 0.051005324621074384, "gamma": 550.266843718182, "max_depth": 6.0, "min_child_weight": 4095.600407004326, "num_boost_round": 32.0, "subsample": 0.8339648811474194}, "datetime": {"datetime": "2024-01-20 17:04:47", "elapsed": 9644.943827, "delta": 0.008449}}
{"target": -15.15844485790895, "params": {"colsample_bytree": 0.7484488347073265, "eta": 0.051005324621074384, "gamma": 550.266843718182, "max_depth": 6.0, "min_child_weight": 4095.600407004326, "num_boost_round": 33.0, "subsample": 0.8339648811474194}, "datetime": {"datetime": "2024-01-20 17:04:47", "elapsed": 9644.951849, "delta": 0.008022}}
{"target": -15.158518289897398, "params": {"colsample_bytree": 0.7484488347073265, "eta": 0.051005324621074384, "gamma": 550.266843718182, "max_depth": 6.0, "min_child_weight": 4095.600407004326, "num_boost_round": 34.0, "subsample": 0.8339648811474194}, "datetime": {"datetime": "2024-01-20 17:04:47", "elapsed": 9644.95945, "delta": 0.007601}}
{"target": -15.158871672118387, "params": {"colsample_bytree": 0.7484488347073265, "eta": 0.051005324621074384, "gamma": 550.266843718182, "max_depth": 6.0, "min_child_weight": 4095.600407004326, "num_boost_round": 35.0, "subsample": 0.8339648811474194}, "datetime": {"datetime": "2024-01-20 17:04:47", "elapsed": 9644.967438, "delta": 0.007988}}
{"target": -15.159102297240212, "params": {"colsample_bytree": 0.7484488347073265, "eta": 0.051005324621074384, "gamma": 550.266843718182, "max_depth": 6.0, "min_child_weight": 4095.600407004326, "num_boost_round": 36.0, "subsample": 0.8339648811474194}, "datetime": {"datetime": "2024-01-20 17:04:47", "elapsed": 9644.975482, "delta": 0.008044}}
{"target": -15.171174135903915, "params": {"colsample_bytree": 0.8804845543948634, "eta": 0.058764943450353394, "gamma": 428.08419074643945, "max_depth": 5.0, "min_child_weight": 4356.03651451206, "num_boost_round": 1.0, "subsample": 0.2773121834031218}, "datetime": {"datetime": "2024-01-20 17:06:35", "elapsed": 9752.93846, "delta": 107.962978}}
{"target": -15.169162970588527, "params": {"colsample_bytree": 0.8804845543948634, "eta": 0.058764943450353394, "gamma": 428.08419074643945, "max_depth": 5.0, "min_child_weight": 4356.03651451206, "num_boost_round": 2.0, "subsample": 0.2773121834031218}, "datetime": {"datetime": "2024-01-20 17:06:35", "elapsed": 9752.948033, "delta": 0.009573}}
{"target": -15.165676634755666, "params": {"colsample_bytree": 0.8804845543948634, "eta": 0.058764943450353394, "gamma": 428.08419074643945, "max_depth": 5.0, "min_child_weight": 4356.03651451206, "num_boost_round": 3.0, "subsample": 0.2773121834031218}, "datetime": {"datetime": "2024-01-20 17:06:35", "elapsed": 9752.956773, "delta": 0.00874}}
{"target": -15.164699554410586, "params": {"colsample_bytree": 0.8804845543948634, "eta": 0.058764943450353394, "gamma": 428.08419074643945, "max_depth": 5.0, "min_child_weight": 4356.03651451206, "num_boost_round": 4.0, "subsample": 0.2773121834031218}, "datetime": {"datetime": "2024-01-20 17:06:35", "elapsed": 9752.964215, "delta": 0.007442}}
{"target": -15.161781302472793, "params": {"colsample_bytree": 0.8804845543948634, "eta": 0.058764943450353394, "gamma": 428.08419074643945, "max_depth": 5.0, "min_child_weight": 4356.03651451206, "num_boost_round": 5.0, "subsample": 0.2773121834031218}, "datetime": {"datetime": "2024-01-20 17:06:35", "elapsed": 9752.972369, "delta": 0.008154}}
{"target": -15.159810399637623, "params": {"colsample_bytree": 0.8804845543948634, "eta": 0.058764943450353394, "gamma": 428.08419074643945, "max_depth": 5.0, "min_child_weight": 4356.03651451206, "num_boost_round": 6.0, "subsample": 0.2773121834031218}, "datetime": {"datetime": "2024-01-20 17:06:35", "elapsed": 9752.980077, "delta": 0.007708}}
{"target": -15.157772299610453, "params": {"colsample_bytree": 0.8804845543948634, "eta": 0.058764943450353394, "gamma": 428.08419074643945, "max_depth": 5.0, "min_child_weight": 4356.03651451206, "num_boost_round": 7.0, "subsample": 0.2773121834031218}, "datetime": {"datetime": "2024-01-20 17:06:35", "elapsed": 9752.988445, "delta": 0.008368}}
{"target": -15.155826280415178, "params": {"colsample_bytree": 0.8804845543948634, "eta": 0.058764943450353394, "gamma": 428.08419074643945, "max_depth": 5.0, "min_child_weight": 4356.03651451206, "num_boost_round": 8.0, "subsample": 0.2773121834031218}, "datetime": {"datetime": "2024-01-20 17:06:35", "elapsed": 9752.995787, "delta": 0.007342}}
{"target": -15.154986569050052, "params": {"colsample_bytree": 0.8804845543948634, "eta": 0.058764943450353394, "gamma": 428.08419074643945, "max_depth": 5.0, "min_child_weight": 4356.03651451206, "num_boost_round": 9.0, "subsample": 0.2773121834031218}, "datetime": {"datetime": "2024-01-20 17:06:35", "elapsed": 9753.002962, "delta": 0.007175}}
{"target": -15.153661317146199, "params": {"colsample_bytree": 0.8804845543948634, "eta": 0.058764943450353394, "gamma": 428.08419074643945, "max_depth": 5.0, "min_child_weight": 4356.03651451206, "num_boost_round": 10.0, "subsample": 0.2773121834031218}, "datetime": {"datetime": "2024-01-20 17:06:35", "elapsed": 9753.010597, "delta": 0.007635}}
{"target": -15.15291968126675, "params": {"colsample_bytree": 0.8804845543948634, "eta": 0.058764943450353394, "gamma": 428.08419074643945, "max_depth": 5.0, "min_child_weight": 4356.03651451206, "num_boost_round": 11.0, "subsample": 0.2773121834031218}, "datetime": {"datetime": "2024-01-20 17:06:35", "elapsed": 9753.018807, "delta": 0.00821}}
{"target": -15.152392097374536, "params": {"colsample_bytree": 0.8804845543948634, "eta": 0.058764943450353394, "gamma": 428.08419074643945, "max_depth": 5.0, "min_child_weight": 4356.03651451206, "num_boost_round": 12.0, "subsample": 0.2773121834031218}, "datetime": {"datetime": "2024-01-20 17:06:35", "elapsed": 9753.02633, "delta": 0.007523}}
{"target": -15.151898978856758, "params": {"colsample_bytree": 0.8804845543948634, "eta": 0.058764943450353394, "gamma": 428.08419074643945, "max_depth": 5.0, "min_child_weight": 4356.03651451206, "num_boost_round": 13.0, "subsample": 0.2773121834031218}, "datetime": {"datetime": "2024-01-20 17:06:35", "elapsed": 9753.033225, "delta": 0.006895}}
{"target": -15.15144757147938, "params": {"colsample_bytree": 0.8804845543948634, "eta": 0.058764943450353394, "gamma": 428.08419074643945, "max_depth": 5.0, "min_child_weight": 4356.03651451206, "num_boost_round": 14.0, "subsample": 0.2773121834031218}, "datetime": {"datetime": "2024-01-20 17:06:35", "elapsed": 9753.040187, "delta": 0.006962}}
{"target": -15.151694219931706, "params": {"colsample_bytree": 0.8804845543948634, "eta": 0.058764943450353394, "gamma": 428.08419074643945, "max_depth": 5.0, "min_child_weight": 4356.03651451206, "num_boost_round": 15.0, "subsample": 0.2773121834031218}, "datetime": {"datetime": "2024-01-20 17:06:35", "elapsed": 9753.047356, "delta": 0.007169}}
{"target": -15.151606561883717, "params": {"colsample_bytree": 0.8804845543948634, "eta": 0.058764943450353394, "gamma": 428.08419074643945, "max_depth": 5.0, "min_child_weight": 4356.03651451206, "num_boost_round": 16.0, "subsample": 0.2773121834031218}, "datetime": {"datetime": "2024-01-20 17:06:35", "elapsed": 9753.055927, "delta": 0.008571}}
{"target": -15.151662984833397, "params": {"colsample_bytree": 0.8804845543948634, "eta": 0.058764943450353394, "gamma": 428.08419074643945, "max_depth": 5.0, "min_child_weight": 4356.03651451206, "num_boost_round": 17.0, "subsample": 0.2773121834031218}, "datetime": {"datetime": "2024-01-20 17:06:35", "elapsed": 9753.064836, "delta": 0.008909}}
{"target": -15.151274105613783, "params": {"colsample_bytree": 0.8804845543948634, "eta": 0.058764943450353394, "gamma": 428.08419074643945, "max_depth": 5.0, "min_child_weight": 4356.03651451206, "num_boost_round": 18.0, "subsample": 0.2773121834031218}, "datetime": {"datetime": "2024-01-20 17:06:35", "elapsed": 9753.0726, "delta": 0.007764}}
{"target": -15.151233089678, "params": {"colsample_bytree": 0.8804845543948634, "eta": 0.058764943450353394, "gamma": 428.08419074643945, "max_depth": 5.0, "min_child_weight": 4356.03651451206, "num_boost_round": 19.0, "subsample": 0.2773121834031218}, "datetime": {"datetime": "2024-01-20 17:06:35", "elapsed": 9753.079822, "delta": 0.007222}}
{"target": -15.151654072689784, "params": {"colsample_bytree": 0.8804845543948634, "eta": 0.058764943450353394, "gamma": 428.08419074643945, "max_depth": 5.0, "min_child_weight": 4356.03651451206, "num_boost_round": 20.0, "subsample": 0.2773121834031218}, "datetime": {"datetime": "2024-01-20 17:06:35", "elapsed": 9753.086608, "delta": 0.006786}}
{"target": -15.151338153883014, "params": {"colsample_bytree": 0.8804845543948634, "eta": 0.058764943450353394, "gamma": 428.08419074643945, "max_depth": 5.0, "min_child_weight": 4356.03651451206, "num_boost_round": 21.0, "subsample": 0.2773121834031218}, "datetime": {"datetime": "2024-01-20 17:06:35", "elapsed": 9753.093906, "delta": 0.007298}}
{"target": -15.150376802043219, "params": {"colsample_bytree": 0.8804845543948634, "eta": 0.058764943450353394, "gamma": 428.08419074643945, "max_depth": 5.0, "min_child_weight": 4356.03651451206, "num_boost_round": 22.0, "subsample": 0.2773121834031218}, "datetime": {"datetime": "2024-01-20 17:06:35", "elapsed": 9753.101675, "delta": 0.007769}}
{"target": -15.150451002810644, "params": {"colsample_bytree": 0.8804845543948634, "eta": 0.058764943450353394, "gamma": 428.08419074643945, "max_depth": 5.0, "min_child_weight": 4356.03651451206, "num_boost_round": 23.0, "subsample": 0.2773121834031218}, "datetime": {"datetime": "2024-01-20 17:06:35", "elapsed": 9753.440959, "delta": 0.339284}}
{"target": -15.150620646397874, "params": {"colsample_bytree": 0.8804845543948634, "eta": 0.058764943450353394, "gamma": 428.08419074643945, "max_depth": 5.0, "min_child_weight": 4356.03651451206, "num_boost_round": 24.0, "subsample": 0.2773121834031218}, "datetime": {"datetime": "2024-01-20 17:06:36", "elapsed": 9753.450409, "delta": 0.00945}}
{"target": -15.1506029657922, "params": {"colsample_bytree": 0.8804845543948634, "eta": 0.058764943450353394, "gamma": 428.08419074643945, "max_depth": 5.0, "min_child_weight": 4356.03651451206, "num_boost_round": 25.0, "subsample": 0.2773121834031218}, "datetime": {"datetime": "2024-01-20 17:06:36", "elapsed": 9753.457959, "delta": 0.00755}}
{"target": -15.170974530206585, "params": {"colsample_bytree": 0.413742395998953, "eta": 0.061742298483298444, "gamma": 555.809452872141, "max_depth": 7.0, "min_child_weight": 4082.0245813013107, "num_boost_round": 1.0, "subsample": 0.44182048742913194}, "datetime": {"datetime": "2024-01-20 17:08:53", "elapsed": 9891.387369, "delta": 137.92941}}
{"target": -15.16912110673838, "params": {"colsample_bytree": 0.413742395998953, "eta": 0.061742298483298444, "gamma": 555.809452872141, "max_depth": 7.0, "min_child_weight": 4082.0245813013107, "num_boost_round": 2.0, "subsample": 0.44182048742913194}, "datetime": {"datetime": "2024-01-20 17:08:53", "elapsed": 9891.398443, "delta": 0.011074}}
{"target": -15.167035790826706, "params": {"colsample_bytree": 0.413742395998953, "eta": 0.061742298483298444, "gamma": 555.809452872141, "max_depth": 7.0, "min_child_weight": 4082.0245813013107, "num_boost_round": 3.0, "subsample": 0.44182048742913194}, "datetime": {"datetime": "2024-01-20 17:08:53", "elapsed": 9891.407357, "delta": 0.008914}}
{"target": -15.166874442715258, "params": {"colsample_bytree": 0.413742395998953, "eta": 0.061742298483298444, "gamma": 555.809452872141, "max_depth": 7.0, "min_child_weight": 4082.0245813013107, "num_boost_round": 4.0, "subsample": 0.44182048742913194}, "datetime": {"datetime": "2024-01-20 17:08:53", "elapsed": 9891.414757, "delta": 0.0074}}
{"target": -15.163986841072589, "params": {"colsample_bytree": 0.413742395998953, "eta": 0.061742298483298444, "gamma": 555.809452872141, "max_depth": 7.0, "min_child_weight": 4082.0245813013107, "num_boost_round": 5.0, "subsample": 0.44182048742913194}, "datetime": {"datetime": "2024-01-20 17:08:53", "elapsed": 9891.421736, "delta": 0.006979}}
{"target": -15.162293044056664, "params": {"colsample_bytree": 0.413742395998953, "eta": 0.061742298483298444, "gamma": 555.809452872141, "max_depth": 7.0, "min_child_weight": 4082.0245813013107, "num_boost_round": 6.0, "subsample": 0.44182048742913194}, "datetime": {"datetime": "2024-01-20 17:08:53", "elapsed": 9891.429344, "delta": 0.007608}}
{"target": -15.161240055479002, "params": {"colsample_bytree": 0.413742395998953, "eta": 0.061742298483298444, "gamma": 555.809452872141, "max_depth": 7.0, "min_child_weight": 4082.0245813013107, "num_boost_round": 7.0, "subsample": 0.44182048742913194}, "datetime": {"datetime": "2024-01-20 17:08:53", "elapsed": 9891.436597, "delta": 0.007253}}
{"target": -15.160076877764308, "params": {"colsample_bytree": 0.413742395998953, "eta": 0.061742298483298444, "gamma": 555.809452872141, "max_depth": 7.0, "min_child_weight": 4082.0245813013107, "num_boost_round": 8.0, "subsample": 0.44182048742913194}, "datetime": {"datetime": "2024-01-20 17:08:54", "elapsed": 9891.443486, "delta": 0.006889}}
{"target": -15.15952160038311, "params": {"colsample_bytree": 0.413742395998953, "eta": 0.061742298483298444, "gamma": 555.809452872141, "max_depth": 7.0, "min_child_weight": 4082.0245813013107, "num_boost_round": 9.0, "subsample": 0.44182048742913194}, "datetime": {"datetime": "2024-01-20 17:08:54", "elapsed": 9891.450425, "delta": 0.006939}}
{"target": -15.158587293096078, "params": {"colsample_bytree": 0.413742395998953, "eta": 0.061742298483298444, "gamma": 555.809452872141, "max_depth": 7.0, "min_child_weight": 4082.0245813013107, "num_boost_round": 10.0, "subsample": 0.44182048742913194}, "datetime": {"datetime": "2024-01-20 17:08:54", "elapsed": 9891.45791, "delta": 0.007485}}
{"target": -15.158567858099227, "params": {"colsample_bytree": 0.413742395998953, "eta": 0.061742298483298444, "gamma": 555.809452872141, "max_depth": 7.0, "min_child_weight": 4082.0245813013107, "num_boost_round": 11.0, "subsample": 0.44182048742913194}, "datetime": {"datetime": "2024-01-20 17:08:54", "elapsed": 9891.465079, "delta": 0.007169}}
{"target": -15.158703595247832, "params": {"colsample_bytree": 0.413742395998953, "eta": 0.061742298483298444, "gamma": 555.809452872141, "max_depth": 7.0, "min_child_weight": 4082.0245813013107, "num_boost_round": 12.0, "subsample": 0.44182048742913194}, "datetime": {"datetime": "2024-01-20 17:08:54", "elapsed": 9891.471966, "delta": 0.006887}}
{"target": -15.158775862260498, "params": {"colsample_bytree": 0.413742395998953, "eta": 0.061742298483298444, "gamma": 555.809452872141, "max_depth": 7.0, "min_child_weight": 4082.0245813013107, "num_boost_round": 13.0, "subsample": 0.44182048742913194}, "datetime": {"datetime": "2024-01-20 17:08:54", "elapsed": 9891.478824, "delta": 0.006858}}
{"target": -15.157457037853728, "params": {"colsample_bytree": 0.413742395998953, "eta": 0.061742298483298444, "gamma": 555.809452872141, "max_depth": 7.0, "min_child_weight": 4082.0245813013107, "num_boost_round": 14.0, "subsample": 0.44182048742913194}, "datetime": {"datetime": "2024-01-20 17:08:54", "elapsed": 9891.486283, "delta": 0.007459}}
{"target": -15.156771619350707, "params": {"colsample_bytree": 0.413742395998953, "eta": 0.061742298483298444, "gamma": 555.809452872141, "max_depth": 7.0, "min_child_weight": 4082.0245813013107, "num_boost_round": 15.0, "subsample": 0.44182048742913194}, "datetime": {"datetime": "2024-01-20 17:08:54", "elapsed": 9891.493444, "delta": 0.007161}}
