{"target": -13.397380058062765, "params": {"colsample_bytree": 0.9434336336982151, "eta": 0.0022483282785633837, "gamma": 938.536846452445, "max_depth": 4.0, "min_child_weight": 3602.112750441716, "num_boost_round": 38.0, "subsample": 0.2680722741805985}, "datetime": {"datetime": "2024-01-20 14:46:09", "elapsed": 1303.979905, "delta": 0.001738}}
{"target": -13.397728284815258, "params": {"colsample_bytree": 0.9430181056877125, "eta": 0.008698383123604722, "gamma": 899.2638757783201, "max_depth": 6.0, "min_child_weight": 3670.557612598264, "num_boost_round": 1.0, "subsample": 0.6472975611656326}, "datetime": {"datetime": "2024-01-20 14:46:57", "elapsed": 1352.371836, "delta": 48.391931}}
{"target": -13.397673083295352, "params": {"colsample_bytree": 0.9430181056877125, "eta": 0.008698383123604722, "gamma": 899.2638757783201, "max_depth": 6.0, "min_child_weight": 3670.557612598264, "num_boost_round": 2.0, "subsample": 0.6472975611656326}, "datetime": {"datetime": "2024-01-20 14:46:57", "elapsed": 1352.462022, "delta": 0.090186}}
{"target": -13.39763629075172, "params": {"colsample_bytree": 0.9430181056877125, "eta": 0.008698383123604722, "gamma": 899.2638757783201, "max_depth": 6.0, "min_child_weight": 3670.557612598264, "num_boost_round": 3.0, "subsample": 0.6472975611656326}, "datetime": {"datetime": "2024-01-20 14:46:57", "elapsed": 1352.463663, "delta": 0.001641}}
{"target": -13.39755051892455, "params": {"colsample_bytree": 0.9430181056877125, "eta": 0.008698383123604722, "gamma": 899.2638757783201, "max_depth": 6.0, "min_child_weight": 3670.557612598264, "num_boost_round": 4.0, "subsample": 0.6472975611656326}, "datetime": {"datetime": "2024-01-20 14:46:57", "elapsed": 1352.465603, "delta": 0.00194}}
{"target": -13.397522783514585, "params": {"colsample_bytree": 0.9430181056877125, "eta": 0.008698383123604722, "gamma": 899.2638757783201, "max_depth": 6.0, "min_child_weight": 3670.557612598264, "num_boost_round": 5.0, "subsample": 0.6472975611656326}, "datetime": {"datetime": "2024-01-20 14:46:57", "elapsed": 1352.466994, "delta": 0.001391}}
{"target": -13.397522918765727, "params": {"colsample_bytree": 0.9430181056877125, "eta": 0.008698383123604722, "gamma": 899.2638757783201, "max_depth": 6.0, "min_child_weight": 3670.557612598264, "num_boost_round": 6.0, "subsample": 0.6472975611656326}, "datetime": {"datetime": "2024-01-20 14:46:57", "elapsed": 1352.46849, "delta": 0.001496}}
{"target": -13.397536438156623, "params": {"colsample_bytree": 0.9430181056877125, "eta": 0.008698383123604722, "gamma": 899.2638757783201, "max_depth": 6.0, "min_child_weight": 3670.557612598264, "num_boost_round": 7.0, "subsample": 0.6472975611656326}, "datetime": {"datetime": "2024-01-20 14:46:57", "elapsed": 1352.469814, "delta": 0.001324}}
{"target": -13.397558344560004, "params": {"colsample_bytree": 0.9430181056877125, "eta": 0.008698383123604722, "gamma": 899.2638757783201, "max_depth": 6.0, "min_child_weight": 3670.557612598264, "num_boost_round": 8.0, "subsample": 0.6472975611656326}, "datetime": {"datetime": "2024-01-20 14:46:57", "elapsed": 1352.471191, "delta": 0.001377}}
{"target": -13.397571821930402, "params": {"colsample_bytree": 0.9430181056877125, "eta": 0.008698383123604722, "gamma": 899.2638757783201, "max_depth": 6.0, "min_child_weight": 3670.557612598264, "num_boost_round": 9.0, "subsample": 0.6472975611656326}, "datetime": {"datetime": "2024-01-20 14:46:57", "elapsed": 1352.472655, "delta": 0.001464}}
{"target": -13.397545162562922, "params": {"colsample_bytree": 0.9430181056877125, "eta": 0.008698383123604722, "gamma": 899.2638757783201, "max_depth": 6.0, "min_child_weight": 3670.557612598264, "num_boost_round": 10.0, "subsample": 0.6472975611656326}, "datetime": {"datetime": "2024-01-20 14:46:57", "elapsed": 1352.474143, "delta": 0.001488}}
{"target": -13.397469028662638, "params": {"colsample_bytree": 0.9430181056877125, "eta": 0.008698383123604722, "gamma": 899.2638757783201, "max_depth": 6.0, "min_child_weight": 3670.557612598264, "num_boost_round": 11.0, "subsample": 0.6472975611656326}, "datetime": {"datetime": "2024-01-20 14:46:57", "elapsed": 1352.475594, "delta": 0.001451}}
{"target": -13.397487499711838, "params": {"colsample_bytree": 0.9430181056877125, "eta": 0.008698383123604722, "gamma": 899.2638757783201, "max_depth": 6.0, "min_child_weight": 3670.557612598264, "num_boost_round": 12.0, "subsample": 0.6472975611656326}, "datetime": {"datetime": "2024-01-20 14:46:57", "elapsed": 1352.477, "delta": 0.001406}}
{"target": -13.39758668410326, "params": {"colsample_bytree": 0.9430181056877125, "eta": 0.008698383123604722, "gamma": 899.2638757783201, "max_depth": 6.0, "min_child_weight": 3670.557612598264, "num_boost_round": 13.0, "subsample": 0.6472975611656326}, "datetime": {"datetime": "2024-01-20 14:46:57", "elapsed": 1352.478424, "delta": 0.001424}}
{"target": -13.397550789212108, "params": {"colsample_bytree": 0.9430181056877125, "eta": 0.008698383123604722, "gamma": 899.2638757783201, "max_depth": 6.0, "min_child_weight": 3670.557612598264, "num_boost_round": 14.0, "subsample": 0.6472975611656326}, "datetime": {"datetime": "2024-01-20 14:46:57", "elapsed": 1352.480072, "delta": 0.001648}}
{"target": -13.397577111515798, "params": {"colsample_bytree": 0.9430181056877125, "eta": 0.008698383123604722, "gamma": 899.2638757783201, "max_depth": 6.0, "min_child_weight": 3670.557612598264, "num_boost_round": 15.0, "subsample": 0.6472975611656326}, "datetime": {"datetime": "2024-01-20 14:46:57", "elapsed": 1352.48154, "delta": 0.001468}}
{"target": -13.397633183667182, "params": {"colsample_bytree": 0.9430181056877125, "eta": 0.008698383123604722, "gamma": 899.2638757783201, "max_depth": 6.0, "min_child_weight": 3670.557612598264, "num_boost_round": 16.0, "subsample": 0.6472975611656326}, "datetime": {"datetime": "2024-01-20 14:46:57", "elapsed": 1352.483015, "delta": 0.001475}}
{"target": -13.39763377944843, "params": {"colsample_bytree": 0.9430181056877125, "eta": 0.008698383123604722, "gamma": 899.2638757783201, "max_depth": 6.0, "min_child_weight": 3670.557612598264, "num_boost_round": 17.0, "subsample": 0.6472975611656326}, "datetime": {"datetime": "2024-01-20 14:46:57", "elapsed": 1352.484457, "delta": 0.001442}}
{"target": -13.397702605666888, "params": {"colsample_bytree": 0.9430181056877125, "eta": 0.008698383123604722, "gamma": 899.2638757783201, "max_depth": 6.0, "min_child_weight": 3670.557612598264, "num_boost_round": 18.0, "subsample": 0.6472975611656326}, "datetime": {"datetime": "2024-01-20 14:46:57", "elapsed": 1352.485952, "delta": 0.001495}}
{"target": -13.397731153975782, "params": {"colsample_bytree": 0.9430181056877125, "eta": 0.008698383123604722, "gamma": 899.2638757783201, "max_depth": 6.0, "min_child_weight": 3670.557612598264, "num_boost_round": 19.0, "subsample": 0.6472975611656326}, "datetime": {"datetime": "2024-01-20 14:46:57", "elapsed": 1352.487443, "delta": 0.001491}}
{"target": -13.397750096952418, "params": {"colsample_bytree": 0.9430181056877125, "eta": 0.008698383123604722, "gamma": 899.2638757783201, "max_depth": 6.0, "min_child_weight": 3670.557612598264, "num_boost_round": 20.0, "subsample": 0.6472975611656326}, "datetime": {"datetime": "2024-01-20 14:46:57", "elapsed": 1352.489156, "delta": 0.001713}}
{"target": -13.397872275473816, "params": {"colsample_bytree": 0.9430181056877125, "eta": 0.008698383123604722, "gamma": 899.2638757783201, "max_depth": 6.0, "min_child_weight": 3670.557612598264, "num_boost_round": 21.0, "subsample": 0.6472975611656326}, "datetime": {"datetime": "2024-01-20 14:46:57", "elapsed": 1352.490758, "delta": 0.001602}}
{"target": -13.397906763027546, "params": {"colsample_bytree": 0.9430181056877125, "eta": 0.008698383123604722, "gamma": 899.2638757783201, "max_depth": 6.0, "min_child_weight": 3670.557612598264, "num_boost_round": 22.0, "subsample": 0.6472975611656326}, "datetime": {"datetime": "2024-01-20 14:46:57", "elapsed": 1352.492319, "delta": 0.001561}}
{"target": -13.397935936217689, "params": {"colsample_bytree": 0.9430181056877125, "eta": 0.008698383123604722, "gamma": 899.2638757783201, "max_depth": 6.0, "min_child_weight": 3670.557612598264, "num_boost_round": 23.0, "subsample": 0.6472975611656326}, "datetime": {"datetime": "2024-01-20 14:46:57", "elapsed": 1352.493919, "delta": 0.0016}}
{"target": -13.397983599057547, "params": {"colsample_bytree": 0.9430181056877125, "eta": 0.008698383123604722, "gamma": 899.2638757783201, "max_depth": 6.0, "min_child_weight": 3670.557612598264, "num_boost_round": 24.0, "subsample": 0.6472975611656326}, "datetime": {"datetime": "2024-01-20 14:46:57", "elapsed": 1352.495382, "delta": 0.001463}}
{"target": -13.398045011870089, "params": {"colsample_bytree": 0.9430181056877125, "eta": 0.008698383123604722, "gamma": 899.2638757783201, "max_depth": 6.0, "min_child_weight": 3670.557612598264, "num_boost_round": 25.0, "subsample": 0.6472975611656326}, "datetime": {"datetime": "2024-01-20 14:46:57", "elapsed": 1352.496815, "delta": 0.001433}}
{"target": -13.39813420451727, "params": {"colsample_bytree": 0.9430181056877125, "eta": 0.008698383123604722, "gamma": 899.2638757783201, "max_depth": 6.0, "min_child_weight": 3670.557612598264, "num_boost_round": 26.0, "subsample": 0.6472975611656326}, "datetime": {"datetime": "2024-01-20 14:46:57", "elapsed": 1352.49832, "delta": 0.001505}}
{"target": -13.398216465814343, "params": {"colsample_bytree": 0.9430181056877125, "eta": 0.008698383123604722, "gamma": 899.2638757783201, "max_depth": 6.0, "min_child_weight": 3670.557612598264, "num_boost_round": 27.0, "subsample": 0.6472975611656326}, "datetime": {"datetime": "2024-01-20 14:46:57", "elapsed": 1352.499763, "delta": 0.001443}}
{"target": -13.398316966613443, "params": {"colsample_bytree": 0.9430181056877125, "eta": 0.008698383123604722, "gamma": 899.2638757783201, "max_depth": 6.0, "min_child_weight": 3670.557612598264, "num_boost_round": 28.0, "subsample": 0.6472975611656326}, "datetime": {"datetime": "2024-01-20 14:46:57", "elapsed": 1352.501239, "delta": 0.001476}}
{"target": -13.39832549583835, "params": {"colsample_bytree": 0.9430181056877125, "eta": 0.008698383123604722, "gamma": 899.2638757783201, "max_depth": 6.0, "min_child_weight": 3670.557612598264, "num_boost_round": 29.0, "subsample": 0.6472975611656326}, "datetime": {"datetime": "2024-01-20 14:46:57", "elapsed": 1352.502693, "delta": 0.001454}}
{"target": -13.398373273812876, "params": {"colsample_bytree": 0.9430181056877125, "eta": 0.008698383123604722, "gamma": 899.2638757783201, "max_depth": 6.0, "min_child_weight": 3670.557612598264, "num_boost_round": 30.0, "subsample": 0.6472975611656326}, "datetime": {"datetime": "2024-01-20 14:46:57", "elapsed": 1352.50415, "delta": 0.001457}}
{"target": -13.398465398930028, "params": {"colsample_bytree": 0.9430181056877125, "eta": 0.008698383123604722, "gamma": 899.2638757783201, "max_depth": 6.0, "min_child_weight": 3670.557612598264, "num_boost_round": 31.0, "subsample": 0.6472975611656326}, "datetime": {"datetime": "2024-01-20 14:46:57", "elapsed": 1352.505591, "delta": 0.001441}}
{"target": -13.398511878222058, "params": {"colsample_bytree": 0.9430181056877125, "eta": 0.008698383123604722, "gamma": 899.2638757783201, "max_depth": 6.0, "min_child_weight": 3670.557612598264, "num_boost_round": 32.0, "subsample": 0.6472975611656326}, "datetime": {"datetime": "2024-01-20 14:46:57", "elapsed": 1352.507063, "delta": 0.001472}}
{"target": -13.398628578010662, "params": {"colsample_bytree": 0.9430181056877125, "eta": 0.008698383123604722, "gamma": 899.2638757783201, "max_depth": 6.0, "min_child_weight": 3670.557612598264, "num_boost_round": 33.0, "subsample": 0.6472975611656326}, "datetime": {"datetime": "2024-01-20 14:46:57", "elapsed": 1352.508609, "delta": 0.001546}}
{"target": -13.398658065471913, "params": {"colsample_bytree": 0.9430181056877125, "eta": 0.008698383123604722, "gamma": 899.2638757783201, "max_depth": 6.0, "min_child_weight": 3670.557612598264, "num_boost_round": 34.0, "subsample": 0.6472975611656326}, "datetime": {"datetime": "2024-01-20 14:46:57", "elapsed": 1352.510059, "delta": 0.00145}}
{"target": -13.39873241118569, "params": {"colsample_bytree": 0.9430181056877125, "eta": 0.008698383123604722, "gamma": 899.2638757783201, "max_depth": 6.0, "min_child_weight": 3670.557612598264, "num_boost_round": 35.0, "subsample": 0.6472975611656326}, "datetime": {"datetime": "2024-01-20 14:46:57", "elapsed": 1352.511529, "delta": 0.00147}}
{"target": -13.398815338883965, "params": {"colsample_bytree": 0.9430181056877125, "eta": 0.008698383123604722, "gamma": 899.2638757783201, "max_depth": 6.0, "min_child_weight": 3670.557612598264, "num_boost_round": 36.0, "subsample": 0.6472975611656326}, "datetime": {"datetime": "2024-01-20 14:46:57", "elapsed": 1352.512997, "delta": 0.001468}}
{"target": -13.398894381795788, "params": {"colsample_bytree": 0.9430181056877125, "eta": 0.008698383123604722, "gamma": 899.2638757783201, "max_depth": 6.0, "min_child_weight": 3670.557612598264, "num_boost_round": 37.0, "subsample": 0.6472975611656326}, "datetime": {"datetime": "2024-01-20 14:46:57", "elapsed": 1352.514491, "delta": 0.001494}}
{"target": -13.398993707092552, "params": {"colsample_bytree": 0.9430181056877125, "eta": 0.008698383123604722, "gamma": 899.2638757783201, "max_depth": 6.0, "min_child_weight": 3670.557612598264, "num_boost_round": 38.0, "subsample": 0.6472975611656326}, "datetime": {"datetime": "2024-01-20 14:46:57", "elapsed": 1352.515959, "delta": 0.001468}}
{"target": -13.399103689666578, "params": {"colsample_bytree": 0.9430181056877125, "eta": 0.008698383123604722, "gamma": 899.2638757783201, "max_depth": 6.0, "min_child_weight": 3670.557612598264, "num_boost_round": 39.0, "subsample": 0.6472975611656326}, "datetime": {"datetime": "2024-01-20 14:46:57", "elapsed": 1352.517465, "delta": 0.001506}}
{"target": -13.399165917091352, "params": {"colsample_bytree": 0.9430181056877125, "eta": 0.008698383123604722, "gamma": 899.2638757783201, "max_depth": 6.0, "min_child_weight": 3670.557612598264, "num_boost_round": 40.0, "subsample": 0.6472975611656326}, "datetime": {"datetime": "2024-01-20 14:46:57", "elapsed": 1352.519112, "delta": 0.001647}}
{"target": -13.39927258489908, "params": {"colsample_bytree": 0.9430181056877125, "eta": 0.008698383123604722, "gamma": 899.2638757783201, "max_depth": 6.0, "min_child_weight": 3670.557612598264, "num_boost_round": 41.0, "subsample": 0.6472975611656326}, "datetime": {"datetime": "2024-01-20 14:46:57", "elapsed": 1352.520595, "delta": 0.001483}}
{"target": -13.399395223699472, "params": {"colsample_bytree": 0.9430181056877125, "eta": 0.008698383123604722, "gamma": 899.2638757783201, "max_depth": 6.0, "min_child_weight": 3670.557612598264, "num_boost_round": 42.0, "subsample": 0.6472975611656326}, "datetime": {"datetime": "2024-01-20 14:46:57", "elapsed": 1352.52206, "delta": 0.001465}}
{"target": -13.399514535761828, "params": {"colsample_bytree": 0.9430181056877125, "eta": 0.008698383123604722, "gamma": 899.2638757783201, "max_depth": 6.0, "min_child_weight": 3670.557612598264, "num_boost_round": 43.0, "subsample": 0.6472975611656326}, "datetime": {"datetime": "2024-01-20 14:46:57", "elapsed": 1352.523578, "delta": 0.001518}}
{"target": -13.399657366290393, "params": {"colsample_bytree": 0.9430181056877125, "eta": 0.008698383123604722, "gamma": 899.2638757783201, "max_depth": 6.0, "min_child_weight": 3670.557612598264, "num_boost_round": 44.0, "subsample": 0.6472975611656326}, "datetime": {"datetime": "2024-01-20 14:46:57", "elapsed": 1352.525011, "delta": 0.001433}}
{"target": -13.39976546986938, "params": {"colsample_bytree": 0.9430181056877125, "eta": 0.008698383123604722, "gamma": 899.2638757783201, "max_depth": 6.0, "min_child_weight": 3670.557612598264, "num_boost_round": 45.0, "subsample": 0.6472975611656326}, "datetime": {"datetime": "2024-01-20 14:46:57", "elapsed": 1352.526544, "delta": 0.001533}}
{"target": -13.399908875209103, "params": {"colsample_bytree": 0.9430181056877125, "eta": 0.008698383123604722, "gamma": 899.2638757783201, "max_depth": 6.0, "min_child_weight": 3670.557612598264, "num_boost_round": 46.0, "subsample": 0.6472975611656326}, "datetime": {"datetime": "2024-01-20 14:46:57", "elapsed": 1352.528048, "delta": 0.001504}}
{"target": -13.400005491830239, "params": {"colsample_bytree": 0.9430181056877125, "eta": 0.008698383123604722, "gamma": 899.2638757783201, "max_depth": 6.0, "min_child_weight": 3670.557612598264, "num_boost_round": 47.0, "subsample": 0.6472975611656326}, "datetime": {"datetime": "2024-01-20 14:46:57", "elapsed": 1352.529685, "delta": 0.001637}}
{"target": -13.400169397190872, "params": {"colsample_bytree": 0.9430181056877125, "eta": 0.008698383123604722, "gamma": 899.2638757783201, "max_depth": 6.0, "min_child_weight": 3670.557612598264, "num_boost_round": 48.0, "subsample": 0.6472975611656326}, "datetime": {"datetime": "2024-01-20 14:46:57", "elapsed": 1352.531068, "delta": 0.001383}}
{"target": -13.40035854363237, "params": {"colsample_bytree": 0.9430181056877125, "eta": 0.008698383123604722, "gamma": 899.2638757783201, "max_depth": 6.0, "min_child_weight": 3670.557612598264, "num_boost_round": 49.0, "subsample": 0.6472975611656326}, "datetime": {"datetime": "2024-01-20 14:46:57", "elapsed": 1352.532523, "delta": 0.001455}}
{"target": -13.400488130898403, "params": {"colsample_bytree": 0.9430181056877125, "eta": 0.008698383123604722, "gamma": 899.2638757783201, "max_depth": 6.0, "min_child_weight": 3670.557612598264, "num_boost_round": 50.0, "subsample": 0.6472975611656326}, "datetime": {"datetime": "2024-01-20 14:46:57", "elapsed": 1352.533937, "delta": 0.001414}}
{"target": -13.400589911183307, "params": {"colsample_bytree": 0.9430181056877125, "eta": 0.008698383123604722, "gamma": 899.2638757783201, "max_depth": 6.0, "min_child_weight": 3670.557612598264, "num_boost_round": 51.0, "subsample": 0.6472975611656326}, "datetime": {"datetime": "2024-01-20 14:46:57", "elapsed": 1352.535416, "delta": 0.001479}}
{"target": -13.400718501349244, "params": {"colsample_bytree": 0.9430181056877125, "eta": 0.008698383123604722, "gamma": 899.2638757783201, "max_depth": 6.0, "min_child_weight": 3670.557612598264, "num_boost_round": 52.0, "subsample": 0.6472975611656326}, "datetime": {"datetime": "2024-01-20 14:46:57", "elapsed": 1352.536865, "delta": 0.001449}}
{"target": -13.40082962871642, "params": {"colsample_bytree": 0.9430181056877125, "eta": 0.008698383123604722, "gamma": 899.2638757783201, "max_depth": 6.0, "min_child_weight": 3670.557612598264, "num_boost_round": 53.0, "subsample": 0.6472975611656326}, "datetime": {"datetime": "2024-01-20 14:46:57", "elapsed": 1352.53829, "delta": 0.001425}}
{"target": -13.400950646847628, "params": {"colsample_bytree": 0.9430181056877125, "eta": 0.008698383123604722, "gamma": 899.2638757783201, "max_depth": 6.0, "min_child_weight": 3670.557612598264, "num_boost_round": 54.0, "subsample": 0.6472975611656326}, "datetime": {"datetime": "2024-01-20 14:46:57", "elapsed": 1352.539846, "delta": 0.001556}}
{"target": -13.401125085069204, "params": {"colsample_bytree": 0.9430181056877125, "eta": 0.008698383123604722, "gamma": 899.2638757783201, "max_depth": 6.0, "min_child_weight": 3670.557612598264, "num_boost_round": 55.0, "subsample": 0.6472975611656326}, "datetime": {"datetime": "2024-01-20 14:46:57", "elapsed": 1352.541275, "delta": 0.001429}}
{"target": -13.4012641779509, "params": {"colsample_bytree": 0.9430181056877125, "eta": 0.008698383123604722, "gamma": 899.2638757783201, "max_depth": 6.0, "min_child_weight": 3670.557612598264, "num_boost_round": 56.0, "subsample": 0.6472975611656326}, "datetime": {"datetime": "2024-01-20 14:46:57", "elapsed": 1352.542652, "delta": 0.001377}}
{"target": -13.397790673462172, "params": {"colsample_bytree": 0.5318903107455567, "eta": 0.04065356829407018, "gamma": 622.5963867411102, "max_depth": 8.0, "min_child_weight": 3541.8777680869657, "num_boost_round": 1.0, "subsample": 0.53534752192422}, "datetime": {"datetime": "2024-01-20 14:47:15", "elapsed": 1369.789093, "delta": 17.246441}}
{"target": -13.398551217706899, "params": {"colsample_bytree": 0.23424088525284828, "eta": 0.05753102122477132, "gamma": 894.5438082280999, "max_depth": 9.0, "min_child_weight": 3832.6994793736853, "num_boost_round": 1.0, "subsample": 0.9966420254662838}, "datetime": {"datetime": "2024-01-20 14:47:37", "elapsed": 1391.763319, "delta": 21.974226}}
{"target": -13.398575995592918, "params": {"colsample_bytree": 0.23424088525284828, "eta": 0.05753102122477132, "gamma": 894.5438082280999, "max_depth": 9.0, "min_child_weight": 3832.6994793736853, "num_boost_round": 2.0, "subsample": 0.9966420254662838}, "datetime": {"datetime": "2024-01-20 14:47:37", "elapsed": 1391.766718, "delta": 0.003399}}
{"target": -13.398631053065282, "params": {"colsample_bytree": 0.23424088525284828, "eta": 0.05753102122477132, "gamma": 894.5438082280999, "max_depth": 9.0, "min_child_weight": 3832.6994793736853, "num_boost_round": 3.0, "subsample": 0.9966420254662838}, "datetime": {"datetime": "2024-01-20 14:47:37", "elapsed": 1391.768573, "delta": 0.001855}}
{"target": -13.39912680823101, "params": {"colsample_bytree": 0.23424088525284828, "eta": 0.05753102122477132, "gamma": 894.5438082280999, "max_depth": 9.0, "min_child_weight": 3832.6994793736853, "num_boost_round": 4.0, "subsample": 0.9966420254662838}, "datetime": {"datetime": "2024-01-20 14:47:37", "elapsed": 1391.770186, "delta": 0.001613}}
{"target": -13.399870908026186, "params": {"colsample_bytree": 0.23424088525284828, "eta": 0.05753102122477132, "gamma": 894.5438082280999, "max_depth": 9.0, "min_child_weight": 3832.6994793736853, "num_boost_round": 5.0, "subsample": 0.9966420254662838}, "datetime": {"datetime": "2024-01-20 14:47:37", "elapsed": 1391.771795, "delta": 0.001609}}
