{"target": -10.487990068194202, "params": {"colsample_bytree": 0.24767168417800195, "eta": 0.05333251662013393, "gamma": 991.5719322375664, "max_depth": 8.0, "min_child_weight": 4282.940883940301, "num_boost_round": 52.0, "subsample": 0.9553128528585891}, "datetime": {"datetime": "2024-01-20 14:42:40", "elapsed": 4652.27042, "delta": 0.003989}}
{"target": -10.488474571064714, "params": {"colsample_bytree": 0.24767168417800195, "eta": 0.05333251662013393, "gamma": 991.5719322375664, "max_depth": 8.0, "min_child_weight": 4282.940883940301, "num_boost_round": 53.0, "subsample": 0.9553128528585891}, "datetime": {"datetime": "2024-01-20 14:42:40", "elapsed": 4652.274381, "delta": 0.003961}}
{"target": -10.488606064353307, "params": {"colsample_bytree": 0.24767168417800195, "eta": 0.05333251662013393, "gamma": 991.5719322375664, "max_depth": 8.0, "min_child_weight": 4282.940883940301, "num_boost_round": 54.0, "subsample": 0.9553128528585891}, "datetime": {"datetime": "2024-01-20 14:42:40", "elapsed": 4652.278366, "delta": 0.003985}}
{"target": -10.488751422700346, "params": {"colsample_bytree": 0.24767168417800195, "eta": 0.05333251662013393, "gamma": 991.5719322375664, "max_depth": 8.0, "min_child_weight": 4282.940883940301, "num_boost_round": 55.0, "subsample": 0.9553128528585891}, "datetime": {"datetime": "2024-01-20 14:42:40", "elapsed": 4652.282358, "delta": 0.003992}}
{"target": -10.4890213983188, "params": {"colsample_bytree": 0.24767168417800195, "eta": 0.05333251662013393, "gamma": 991.5719322375664, "max_depth": 8.0, "min_child_weight": 4282.940883940301, "num_boost_round": 56.0, "subsample": 0.9553128528585891}, "datetime": {"datetime": "2024-01-20 14:42:40", "elapsed": 4652.286383, "delta": 0.004025}}
{"target": -10.48905029123366, "params": {"colsample_bytree": 0.24767168417800195, "eta": 0.05333251662013393, "gamma": 991.5719322375664, "max_depth": 8.0, "min_child_weight": 4282.940883940301, "num_boost_round": 57.0, "subsample": 0.9553128528585891}, "datetime": {"datetime": "2024-01-20 14:42:40", "elapsed": 4652.291462, "delta": 0.005079}}
{"target": -10.48958555567609, "params": {"colsample_bytree": 0.24767168417800195, "eta": 0.05333251662013393, "gamma": 991.5719322375664, "max_depth": 8.0, "min_child_weight": 4282.940883940301, "num_boost_round": 58.0, "subsample": 0.9553128528585891}, "datetime": {"datetime": "2024-01-20 14:42:40", "elapsed": 4652.295478, "delta": 0.004016}}
{"target": -10.48997702500036, "params": {"colsample_bytree": 0.24767168417800195, "eta": 0.05333251662013393, "gamma": 991.5719322375664, "max_depth": 8.0, "min_child_weight": 4282.940883940301, "num_boost_round": 59.0, "subsample": 0.9553128528585891}, "datetime": {"datetime": "2024-01-20 14:42:40", "elapsed": 4652.299747, "delta": 0.004269}}
{"target": -10.49035095526141, "params": {"colsample_bytree": 0.24767168417800195, "eta": 0.05333251662013393, "gamma": 991.5719322375664, "max_depth": 8.0, "min_child_weight": 4282.940883940301, "num_boost_round": 60.0, "subsample": 0.9553128528585891}, "datetime": {"datetime": "2024-01-20 14:42:40", "elapsed": 4652.304236, "delta": 0.004489}}
{"target": -10.490740393840678, "params": {"colsample_bytree": 0.24767168417800195, "eta": 0.05333251662013393, "gamma": 991.5719322375664, "max_depth": 8.0, "min_child_weight": 4282.940883940301, "num_boost_round": 61.0, "subsample": 0.9553128528585891}, "datetime": {"datetime": "2024-01-20 14:42:40", "elapsed": 4652.308604, "delta": 0.004368}}
{"target": -10.490821995658434, "params": {"colsample_bytree": 0.24767168417800195, "eta": 0.05333251662013393, "gamma": 991.5719322375664, "max_depth": 8.0, "min_child_weight": 4282.940883940301, "num_boost_round": 62.0, "subsample": 0.9553128528585891}, "datetime": {"datetime": "2024-01-20 14:42:40", "elapsed": 4652.31282, "delta": 0.004216}}
{"target": -10.491347791395592, "params": {"colsample_bytree": 0.24767168417800195, "eta": 0.05333251662013393, "gamma": 991.5719322375664, "max_depth": 8.0, "min_child_weight": 4282.940883940301, "num_boost_round": 63.0, "subsample": 0.9553128528585891}, "datetime": {"datetime": "2024-01-20 14:42:40", "elapsed": 4652.316906, "delta": 0.004086}}
{"target": -10.491669754370953, "params": {"colsample_bytree": 0.24767168417800195, "eta": 0.05333251662013393, "gamma": 991.5719322375664, "max_depth": 8.0, "min_child_weight": 4282.940883940301, "num_boost_round": 64.0, "subsample": 0.9553128528585891}, "datetime": {"datetime": "2024-01-20 14:42:40", "elapsed": 4652.32101, "delta": 0.004104}}
{"target": -10.49201656041776, "params": {"colsample_bytree": 0.24767168417800195, "eta": 0.05333251662013393, "gamma": 991.5719322375664, "max_depth": 8.0, "min_child_weight": 4282.940883940301, "num_boost_round": 65.0, "subsample": 0.9553128528585891}, "datetime": {"datetime": "2024-01-20 14:42:40", "elapsed": 4652.325292, "delta": 0.004282}}
{"target": -10.492084757334316, "params": {"colsample_bytree": 0.24767168417800195, "eta": 0.05333251662013393, "gamma": 991.5719322375664, "max_depth": 8.0, "min_child_weight": 4282.940883940301, "num_boost_round": 66.0, "subsample": 0.9553128528585891}, "datetime": {"datetime": "2024-01-20 14:42:40", "elapsed": 4652.329302, "delta": 0.00401}}
{"target": -10.47594186098141, "params": {"colsample_bytree": 0.6064206019008511, "eta": 0.019702866996138692, "gamma": 353.17951569390647, "max_depth": 5.0, "min_child_weight": 4418.131953491765, "num_boost_round": 1.0, "subsample": 0.445263983263521}, "datetime": {"datetime": "2024-01-20 14:43:29", "elapsed": 4701.828733, "delta": 49.499431}}
{"target": -10.47559168234292, "params": {"colsample_bytree": 0.6064206019008511, "eta": 0.019702866996138692, "gamma": 353.17951569390647, "max_depth": 5.0, "min_child_weight": 4418.131953491765, "num_boost_round": 2.0, "subsample": 0.445263983263521}, "datetime": {"datetime": "2024-01-20 14:43:29", "elapsed": 4701.834121, "delta": 0.005388}}
{"target": -10.475497429281978, "params": {"colsample_bytree": 0.6064206019008511, "eta": 0.019702866996138692, "gamma": 353.17951569390647, "max_depth": 5.0, "min_child_weight": 4418.131953491765, "num_boost_round": 3.0, "subsample": 0.445263983263521}, "datetime": {"datetime": "2024-01-20 14:43:29", "elapsed": 4701.838248, "delta": 0.004127}}
{"target": -10.475325672774588, "params": {"colsample_bytree": 0.6064206019008511, "eta": 0.019702866996138692, "gamma": 353.17951569390647, "max_depth": 5.0, "min_child_weight": 4418.131953491765, "num_boost_round": 4.0, "subsample": 0.445263983263521}, "datetime": {"datetime": "2024-01-20 14:43:29", "elapsed": 4701.842277, "delta": 0.004029}}
{"target": -10.475071948614955, "params": {"colsample_bytree": 0.6064206019008511, "eta": 0.019702866996138692, "gamma": 353.17951569390647, "max_depth": 5.0, "min_child_weight": 4418.131953491765, "num_boost_round": 5.0, "subsample": 0.445263983263521}, "datetime": {"datetime": "2024-01-20 14:43:29", "elapsed": 4701.846515, "delta": 0.004238}}
{"target": -10.474862409411067, "params": {"colsample_bytree": 0.6064206019008511, "eta": 0.019702866996138692, "gamma": 353.17951569390647, "max_depth": 5.0, "min_child_weight": 4418.131953491765, "num_boost_round": 6.0, "subsample": 0.445263983263521}, "datetime": {"datetime": "2024-01-20 14:43:29", "elapsed": 4701.850554, "delta": 0.004039}}
{"target": -10.474742059245408, "params": {"colsample_bytree": 0.6064206019008511, "eta": 0.019702866996138692, "gamma": 353.17951569390647, "max_depth": 5.0, "min_child_weight": 4418.131953491765, "num_boost_round": 7.0, "subsample": 0.445263983263521}, "datetime": {"datetime": "2024-01-20 14:43:29", "elapsed": 4701.854557, "delta": 0.004003}}
{"target": -10.474484757664051, "params": {"colsample_bytree": 0.6064206019008511, "eta": 0.019702866996138692, "gamma": 353.17951569390647, "max_depth": 5.0, "min_child_weight": 4418.131953491765, "num_boost_round": 8.0, "subsample": 0.445263983263521}, "datetime": {"datetime": "2024-01-20 14:43:29", "elapsed": 4701.85889, "delta": 0.004333}}
{"target": -10.474416091391179, "params": {"colsample_bytree": 0.6064206019008511, "eta": 0.019702866996138692, "gamma": 353.17951569390647, "max_depth": 5.0, "min_child_weight": 4418.131953491765, "num_boost_round": 9.0, "subsample": 0.445263983263521}, "datetime": {"datetime": "2024-01-20 14:43:29", "elapsed": 4701.863011, "delta": 0.004121}}
{"target": -10.474153469098752, "params": {"colsample_bytree": 0.6064206019008511, "eta": 0.019702866996138692, "gamma": 353.17951569390647, "max_depth": 5.0, "min_child_weight": 4418.131953491765, "num_boost_round": 10.0, "subsample": 0.445263983263521}, "datetime": {"datetime": "2024-01-20 14:43:29", "elapsed": 4701.867267, "delta": 0.004256}}
{"target": -10.474071197497969, "params": {"colsample_bytree": 0.6064206019008511, "eta": 0.019702866996138692, "gamma": 353.17951569390647, "max_depth": 5.0, "min_child_weight": 4418.131953491765, "num_boost_round": 11.0, "subsample": 0.445263983263521}, "datetime": {"datetime": "2024-01-20 14:43:29", "elapsed": 4701.871598, "delta": 0.004331}}
{"target": -10.474027400760798, "params": {"colsample_bytree": 0.6064206019008511, "eta": 0.019702866996138692, "gamma": 353.17951569390647, "max_depth": 5.0, "min_child_weight": 4418.131953491765, "num_boost_round": 12.0, "subsample": 0.445263983263521}, "datetime": {"datetime": "2024-01-20 14:43:30", "elapsed": 4702.176239, "delta": 0.304641}}
{"target": -10.47397083266408, "params": {"colsample_bytree": 0.6064206019008511, "eta": 0.019702866996138692, "gamma": 353.17951569390647, "max_depth": 5.0, "min_child_weight": 4418.131953491765, "num_boost_round": 13.0, "subsample": 0.445263983263521}, "datetime": {"datetime": "2024-01-20 14:43:30", "elapsed": 4702.181038, "delta": 0.004799}}
{"target": -10.47377544277207, "params": {"colsample_bytree": 0.6064206019008511, "eta": 0.019702866996138692, "gamma": 353.17951569390647, "max_depth": 5.0, "min_child_weight": 4418.131953491765, "num_boost_round": 14.0, "subsample": 0.445263983263521}, "datetime": {"datetime": "2024-01-20 14:43:30", "elapsed": 4702.185528, "delta": 0.00449}}
{"target": -10.475940478971138, "params": {"colsample_bytree": 0.9545495942240467, "eta": 0.061629455687897614, "gamma": 902.6472727444601, "max_depth": 3.0, "min_child_weight": 4580.753901915532, "num_boost_round": 1.0, "subsample": 0.9831151972778599}, "datetime": {"datetime": "2024-01-20 14:44:40", "elapsed": 4772.962347, "delta": 70.776819}}
{"target": -10.475704744937925, "params": {"colsample_bytree": 0.9545495942240467, "eta": 0.061629455687897614, "gamma": 902.6472727444601, "max_depth": 3.0, "min_child_weight": 4580.753901915532, "num_boost_round": 2.0, "subsample": 0.9831151972778599}, "datetime": {"datetime": "2024-01-20 14:44:40", "elapsed": 4772.968512, "delta": 0.006165}}
{"target": -10.475798934036934, "params": {"colsample_bytree": 0.9545495942240467, "eta": 0.061629455687897614, "gamma": 902.6472727444601, "max_depth": 3.0, "min_child_weight": 4580.753901915532, "num_boost_round": 3.0, "subsample": 0.9831151972778599}, "datetime": {"datetime": "2024-01-20 14:44:40", "elapsed": 4772.97279, "delta": 0.004278}}
{"target": -10.475718383876671, "params": {"colsample_bytree": 0.9545495942240467, "eta": 0.061629455687897614, "gamma": 902.6472727444601, "max_depth": 3.0, "min_child_weight": 4580.753901915532, "num_boost_round": 4.0, "subsample": 0.9831151972778599}, "datetime": {"datetime": "2024-01-20 14:44:40", "elapsed": 4772.9768, "delta": 0.00401}}
{"target": -10.475905108338203, "params": {"colsample_bytree": 0.9545495942240467, "eta": 0.061629455687897614, "gamma": 902.6472727444601, "max_depth": 3.0, "min_child_weight": 4580.753901915532, "num_boost_round": 5.0, "subsample": 0.9831151972778599}, "datetime": {"datetime": "2024-01-20 14:44:40", "elapsed": 4772.981012, "delta": 0.004212}}
{"target": -10.47647253437516, "params": {"colsample_bytree": 0.9545495942240467, "eta": 0.061629455687897614, "gamma": 902.6472727444601, "max_depth": 3.0, "min_child_weight": 4580.753901915532, "num_boost_round": 6.0, "subsample": 0.9831151972778599}, "datetime": {"datetime": "2024-01-20 14:44:40", "elapsed": 4772.984993, "delta": 0.003981}}
{"target": -10.476838381308342, "params": {"colsample_bytree": 0.9545495942240467, "eta": 0.061629455687897614, "gamma": 902.6472727444601, "max_depth": 3.0, "min_child_weight": 4580.753901915532, "num_boost_round": 7.0, "subsample": 0.9831151972778599}, "datetime": {"datetime": "2024-01-20 14:44:40", "elapsed": 4772.989, "delta": 0.004007}}
{"target": -10.477025825213872, "params": {"colsample_bytree": 0.9545495942240467, "eta": 0.061629455687897614, "gamma": 902.6472727444601, "max_depth": 3.0, "min_child_weight": 4580.753901915532, "num_boost_round": 8.0, "subsample": 0.9831151972778599}, "datetime": {"datetime": "2024-01-20 14:44:40", "elapsed": 4772.99319, "delta": 0.00419}}
{"target": -10.477372506079513, "params": {"colsample_bytree": 0.9545495942240467, "eta": 0.061629455687897614, "gamma": 902.6472727444601, "max_depth": 3.0, "min_child_weight": 4580.753901915532, "num_boost_round": 9.0, "subsample": 0.9831151972778599}, "datetime": {"datetime": "2024-01-20 14:44:40", "elapsed": 4772.997168, "delta": 0.003978}}
{"target": -10.47791845908717, "params": {"colsample_bytree": 0.9545495942240467, "eta": 0.061629455687897614, "gamma": 902.6472727444601, "max_depth": 3.0, "min_child_weight": 4580.753901915532, "num_boost_round": 10.0, "subsample": 0.9831151972778599}, "datetime": {"datetime": "2024-01-20 14:44:40", "elapsed": 4773.001185, "delta": 0.004017}}
{"target": -10.478190223058593, "params": {"colsample_bytree": 0.9545495942240467, "eta": 0.061629455687897614, "gamma": 902.6472727444601, "max_depth": 3.0, "min_child_weight": 4580.753901915532, "num_boost_round": 11.0, "subsample": 0.9831151972778599}, "datetime": {"datetime": "2024-01-20 14:44:40", "elapsed": 4773.005697, "delta": 0.004512}}
{"target": -10.478498914523342, "params": {"colsample_bytree": 0.9545495942240467, "eta": 0.061629455687897614, "gamma": 902.6472727444601, "max_depth": 3.0, "min_child_weight": 4580.753901915532, "num_boost_round": 12.0, "subsample": 0.9831151972778599}, "datetime": {"datetime": "2024-01-20 14:44:40", "elapsed": 4773.009844, "delta": 0.004147}}
{"target": -10.478590357181929, "params": {"colsample_bytree": 0.9545495942240467, "eta": 0.061629455687897614, "gamma": 902.6472727444601, "max_depth": 3.0, "min_child_weight": 4580.753901915532, "num_boost_round": 13.0, "subsample": 0.9831151972778599}, "datetime": {"datetime": "2024-01-20 14:44:40", "elapsed": 4773.013903, "delta": 0.004059}}
{"target": -10.478649994017271, "params": {"colsample_bytree": 0.9545495942240467, "eta": 0.061629455687897614, "gamma": 902.6472727444601, "max_depth": 3.0, "min_child_weight": 4580.753901915532, "num_boost_round": 14.0, "subsample": 0.9831151972778599}, "datetime": {"datetime": "2024-01-20 14:44:40", "elapsed": 4773.018176, "delta": 0.004273}}
{"target": -10.479235058240642, "params": {"colsample_bytree": 0.9545495942240467, "eta": 0.061629455687897614, "gamma": 902.6472727444601, "max_depth": 3.0, "min_child_weight": 4580.753901915532, "num_boost_round": 15.0, "subsample": 0.9831151972778599}, "datetime": {"datetime": "2024-01-20 14:44:40", "elapsed": 4773.02214, "delta": 0.003964}}
{"target": -10.478809299986935, "params": {"colsample_bytree": 0.9545495942240467, "eta": 0.061629455687897614, "gamma": 902.6472727444601, "max_depth": 3.0, "min_child_weight": 4580.753901915532, "num_boost_round": 16.0, "subsample": 0.9831151972778599}, "datetime": {"datetime": "2024-01-20 14:44:40", "elapsed": 4773.026151, "delta": 0.004011}}
{"target": -10.478985545682868, "params": {"colsample_bytree": 0.9545495942240467, "eta": 0.061629455687897614, "gamma": 902.6472727444601, "max_depth": 3.0, "min_child_weight": 4580.753901915532, "num_boost_round": 17.0, "subsample": 0.9831151972778599}, "datetime": {"datetime": "2024-01-20 14:44:40", "elapsed": 4773.030446, "delta": 0.004295}}
{"target": -10.479239584153962, "params": {"colsample_bytree": 0.9545495942240467, "eta": 0.061629455687897614, "gamma": 902.6472727444601, "max_depth": 3.0, "min_child_weight": 4580.753901915532, "num_boost_round": 18.0, "subsample": 0.9831151972778599}, "datetime": {"datetime": "2024-01-20 14:44:40", "elapsed": 4773.034549, "delta": 0.004103}}
{"target": -10.479306855523522, "params": {"colsample_bytree": 0.9545495942240467, "eta": 0.061629455687897614, "gamma": 902.6472727444601, "max_depth": 3.0, "min_child_weight": 4580.753901915532, "num_boost_round": 19.0, "subsample": 0.9831151972778599}, "datetime": {"datetime": "2024-01-20 14:44:40", "elapsed": 4773.038668, "delta": 0.004119}}
{"target": -10.479499044666937, "params": {"colsample_bytree": 0.9545495942240467, "eta": 0.061629455687897614, "gamma": 902.6472727444601, "max_depth": 3.0, "min_child_weight": 4580.753901915532, "num_boost_round": 20.0, "subsample": 0.9831151972778599}, "datetime": {"datetime": "2024-01-20 14:44:41", "elapsed": 4773.042917, "delta": 0.004249}}
{"target": -10.479934747143803, "params": {"colsample_bytree": 0.9545495942240467, "eta": 0.061629455687897614, "gamma": 902.6472727444601, "max_depth": 3.0, "min_child_weight": 4580.753901915532, "num_boost_round": 21.0, "subsample": 0.9831151972778599}, "datetime": {"datetime": "2024-01-20 14:44:41", "elapsed": 4773.046938, "delta": 0.004021}}
{"target": -10.479778671633381, "params": {"colsample_bytree": 0.9545495942240467, "eta": 0.061629455687897614, "gamma": 902.6472727444601, "max_depth": 3.0, "min_child_weight": 4580.753901915532, "num_boost_round": 22.0, "subsample": 0.9831151972778599}, "datetime": {"datetime": "2024-01-20 14:44:41", "elapsed": 4773.051021, "delta": 0.004083}}
{"target": -10.479570810834678, "params": {"colsample_bytree": 0.9545495942240467, "eta": 0.061629455687897614, "gamma": 902.6472727444601, "max_depth": 3.0, "min_child_weight": 4580.753901915532, "num_boost_round": 23.0, "subsample": 0.9831151972778599}, "datetime": {"datetime": "2024-01-20 14:44:41", "elapsed": 4773.055308, "delta": 0.004287}}
{"target": -10.47967864859495, "params": {"colsample_bytree": 0.9545495942240467, "eta": 0.061629455687897614, "gamma": 902.6472727444601, "max_depth": 3.0, "min_child_weight": 4580.753901915532, "num_boost_round": 24.0, "subsample": 0.9831151972778599}, "datetime": {"datetime": "2024-01-20 14:44:41", "elapsed": 4773.059294, "delta": 0.003986}}
{"target": -10.479803432463992, "params": {"colsample_bytree": 0.9545495942240467, "eta": 0.061629455687897614, "gamma": 902.6472727444601, "max_depth": 3.0, "min_child_weight": 4580.753901915532, "num_boost_round": 25.0, "subsample": 0.9831151972778599}, "datetime": {"datetime": "2024-01-20 14:44:41", "elapsed": 4773.063334, "delta": 0.00404}}
{"target": -10.479988197673194, "params": {"colsample_bytree": 0.9545495942240467, "eta": 0.061629455687897614, "gamma": 902.6472727444601, "max_depth": 3.0, "min_child_weight": 4580.753901915532, "num_boost_round": 26.0, "subsample": 0.9831151972778599}, "datetime": {"datetime": "2024-01-20 14:44:41", "elapsed": 4773.067641, "delta": 0.004307}}
{"target": -10.475644520784863, "params": {"colsample_bytree": 0.9267773265623495, "eta": 0.02406649587647509, "gamma": 341.10585607135965, "max_depth": 8.0, "min_child_weight": 4487.290682080187, "num_boost_round": 1.0, "subsample": 0.7435670754714939}, "datetime": {"datetime": "2024-01-20 14:45:30", "elapsed": 4822.131745, "delta": 49.064104}}
{"target": -10.475274177306375, "params": {"colsample_bytree": 0.9267773265623495, "eta": 0.02406649587647509, "gamma": 341.10585607135965, "max_depth": 8.0, "min_child_weight": 4487.290682080187, "num_boost_round": 2.0, "subsample": 0.7435670754714939}, "datetime": {"datetime": "2024-01-20 14:45:30", "elapsed": 4822.138702, "delta": 0.006957}}
{"target": -10.475041111650548, "params": {"colsample_bytree": 0.9267773265623495, "eta": 0.02406649587647509, "gamma": 341.10585607135965, "max_depth": 8.0, "min_child_weight": 4487.290682080187, "num_boost_round": 3.0, "subsample": 0.7435670754714939}, "datetime": {"datetime": "2024-01-20 14:45:30", "elapsed": 4822.14372, "delta": 0.005018}}
{"target": -10.475954195318414, "params": {"colsample_bytree": 0.37389057465381614, "eta": 0.046271239530316734, "gamma": 341.09796102596266, "max_depth": 3.0, "min_child_weight": 4539.100088454825, "num_boost_round": 1.0, "subsample": 0.49738331831292315}, "datetime": {"datetime": "2024-01-20 14:46:47", "elapsed": 4899.31484, "delta": 77.17112}}
{"target": -10.475769207617839, "params": {"colsample_bytree": 0.37389057465381614, "eta": 0.046271239530316734, "gamma": 341.09796102596266, "max_depth": 3.0, "min_child_weight": 4539.100088454825, "num_boost_round": 2.0, "subsample": 0.49738331831292315}, "datetime": {"datetime": "2024-01-20 14:46:47", "elapsed": 4899.321291, "delta": 0.006451}}
{"target": -10.475824607728825, "params": {"colsample_bytree": 0.37389057465381614, "eta": 0.046271239530316734, "gamma": 341.09796102596266, "max_depth": 3.0, "min_child_weight": 4539.100088454825, "num_boost_round": 3.0, "subsample": 0.49738331831292315}, "datetime": {"datetime": "2024-01-20 14:46:47", "elapsed": 4899.325619, "delta": 0.004328}}
{"target": -10.475479646787015, "params": {"colsample_bytree": 0.37389057465381614, "eta": 0.046271239530316734, "gamma": 341.09796102596266, "max_depth": 3.0, "min_child_weight": 4539.100088454825, "num_boost_round": 4.0, "subsample": 0.49738331831292315}, "datetime": {"datetime": "2024-01-20 14:46:47", "elapsed": 4899.329834, "delta": 0.004215}}
{"target": -10.475262247636774, "params": {"colsample_bytree": 0.37389057465381614, "eta": 0.046271239530316734, "gamma": 341.09796102596266, "max_depth": 3.0, "min_child_weight": 4539.100088454825, "num_boost_round": 5.0, "subsample": 0.49738331831292315}, "datetime": {"datetime": "2024-01-20 14:46:47", "elapsed": 4899.334024, "delta": 0.00419}}
