{"target": -12.345240283750334, "params": {"colsample_bytree": 0.5950621132610413, "eta": 0.07257417622014693, "gamma": 550.0605532433628, "max_depth": 4.0, "min_child_weight": 4223.323360238586, "num_boost_round": 41.0, "subsample": 0.8477033388397448}, "datetime": {"datetime": "2024-01-20 14:25:36", "elapsed": 102.668446, "delta": 0.000487}}
{"target": -12.345593107778495, "params": {"colsample_bytree": 0.5950621132610413, "eta": 0.07257417622014693, "gamma": 550.0605532433628, "max_depth": 4.0, "min_child_weight": 4223.323360238586, "num_boost_round": 42.0, "subsample": 0.8477033388397448}, "datetime": {"datetime": "2024-01-20 14:25:36", "elapsed": 102.668923, "delta": 0.000477}}
{"target": -12.345850200122822, "params": {"colsample_bytree": 0.5950621132610413, "eta": 0.07257417622014693, "gamma": 550.0605532433628, "max_depth": 4.0, "min_child_weight": 4223.323360238586, "num_boost_round": 43.0, "subsample": 0.8477033388397448}, "datetime": {"datetime": "2024-01-20 14:25:36", "elapsed": 102.669404, "delta": 0.000481}}
{"target": -12.346559923113766, "params": {"colsample_bytree": 0.5950621132610413, "eta": 0.07257417622014693, "gamma": 550.0605532433628, "max_depth": 4.0, "min_child_weight": 4223.323360238586, "num_boost_round": 44.0, "subsample": 0.8477033388397448}, "datetime": {"datetime": "2024-01-20 14:25:36", "elapsed": 102.669886, "delta": 0.000482}}
{"target": -12.346449645041002, "params": {"colsample_bytree": 0.5950621132610413, "eta": 0.07257417622014693, "gamma": 550.0605532433628, "max_depth": 4.0, "min_child_weight": 4223.323360238586, "num_boost_round": 45.0, "subsample": 0.8477033388397448}, "datetime": {"datetime": "2024-01-20 14:25:36", "elapsed": 102.670367, "delta": 0.000481}}
{"target": -12.346747827093576, "params": {"colsample_bytree": 0.5950621132610413, "eta": 0.07257417622014693, "gamma": 550.0605532433628, "max_depth": 4.0, "min_child_weight": 4223.323360238586, "num_boost_round": 46.0, "subsample": 0.8477033388397448}, "datetime": {"datetime": "2024-01-20 14:25:36", "elapsed": 102.670845, "delta": 0.000478}}
{"target": -12.346991277172936, "params": {"colsample_bytree": 0.5950621132610413, "eta": 0.07257417622014693, "gamma": 550.0605532433628, "max_depth": 4.0, "min_child_weight": 4223.323360238586, "num_boost_round": 47.0, "subsample": 0.8477033388397448}, "datetime": {"datetime": "2024-01-20 14:25:36", "elapsed": 102.67133, "delta": 0.000485}}
{"target": -12.347016578004572, "params": {"colsample_bytree": 0.5950621132610413, "eta": 0.07257417622014693, "gamma": 550.0605532433628, "max_depth": 4.0, "min_child_weight": 4223.323360238586, "num_boost_round": 48.0, "subsample": 0.8477033388397448}, "datetime": {"datetime": "2024-01-20 14:25:36", "elapsed": 102.671816, "delta": 0.000486}}
{"target": -12.358651727765018, "params": {"colsample_bytree": 0.1135453353185947, "eta": 0.0291670730759769, "gamma": 612.7999724357653, "max_depth": 5.0, "min_child_weight": 4225.696319129127, "num_boost_round": 1.0, "subsample": 0.9488720727091515}, "datetime": {"datetime": "2024-01-20 14:25:54", "elapsed": 121.090488, "delta": 18.418672}}
{"target": -12.358065827608804, "params": {"colsample_bytree": 0.1135453353185947, "eta": 0.0291670730759769, "gamma": 612.7999724357653, "max_depth": 5.0, "min_child_weight": 4225.696319129127, "num_boost_round": 2.0, "subsample": 0.9488720727091515}, "datetime": {"datetime": "2024-01-20 14:25:54", "elapsed": 121.092215, "delta": 0.001727}}
{"target": -12.358047020959063, "params": {"colsample_bytree": 0.1135453353185947, "eta": 0.0291670730759769, "gamma": 612.7999724357653, "max_depth": 5.0, "min_child_weight": 4225.696319129127, "num_boost_round": 3.0, "subsample": 0.9488720727091515}, "datetime": {"datetime": "2024-01-20 14:25:54", "elapsed": 121.092958, "delta": 0.000743}}
{"target": -12.358019817453044, "params": {"colsample_bytree": 0.1135453353185947, "eta": 0.0291670730759769, "gamma": 612.7999724357653, "max_depth": 5.0, "min_child_weight": 4225.696319129127, "num_boost_round": 4.0, "subsample": 0.9488720727091515}, "datetime": {"datetime": "2024-01-20 14:25:54", "elapsed": 121.093861, "delta": 0.000903}}
{"target": -12.358051101367074, "params": {"colsample_bytree": 0.1135453353185947, "eta": 0.0291670730759769, "gamma": 612.7999724357653, "max_depth": 5.0, "min_child_weight": 4225.696319129127, "num_boost_round": 5.0, "subsample": 0.9488720727091515}, "datetime": {"datetime": "2024-01-20 14:25:54", "elapsed": 121.094409, "delta": 0.000548}}
{"target": -12.358093260842109, "params": {"colsample_bytree": 0.1135453353185947, "eta": 0.0291670730759769, "gamma": 612.7999724357653, "max_depth": 5.0, "min_child_weight": 4225.696319129127, "num_boost_round": 6.0, "subsample": 0.9488720727091515}, "datetime": {"datetime": "2024-01-20 14:25:54", "elapsed": 121.094913, "delta": 0.000504}}
{"target": -12.358115375282624, "params": {"colsample_bytree": 0.1135453353185947, "eta": 0.0291670730759769, "gamma": 612.7999724357653, "max_depth": 5.0, "min_child_weight": 4225.696319129127, "num_boost_round": 7.0, "subsample": 0.9488720727091515}, "datetime": {"datetime": "2024-01-20 14:25:54", "elapsed": 121.095419, "delta": 0.000506}}
{"target": -12.357199323317175, "params": {"colsample_bytree": 0.1135453353185947, "eta": 0.0291670730759769, "gamma": 612.7999724357653, "max_depth": 5.0, "min_child_weight": 4225.696319129127, "num_boost_round": 8.0, "subsample": 0.9488720727091515}, "datetime": {"datetime": "2024-01-20 14:25:54", "elapsed": 121.096032, "delta": 0.000613}}
{"target": -12.357208860394866, "params": {"colsample_bytree": 0.1135453353185947, "eta": 0.0291670730759769, "gamma": 612.7999724357653, "max_depth": 5.0, "min_child_weight": 4225.696319129127, "num_boost_round": 9.0, "subsample": 0.9488720727091515}, "datetime": {"datetime": "2024-01-20 14:25:54", "elapsed": 121.096533, "delta": 0.000501}}
{"target": -12.357272639648139, "params": {"colsample_bytree": 0.1135453353185947, "eta": 0.0291670730759769, "gamma": 612.7999724357653, "max_depth": 5.0, "min_child_weight": 4225.696319129127, "num_boost_round": 10.0, "subsample": 0.9488720727091515}, "datetime": {"datetime": "2024-01-20 14:25:54", "elapsed": 121.097172, "delta": 0.000639}}
{"target": -12.356571122331186, "params": {"colsample_bytree": 0.1135453353185947, "eta": 0.0291670730759769, "gamma": 612.7999724357653, "max_depth": 5.0, "min_child_weight": 4225.696319129127, "num_boost_round": 11.0, "subsample": 0.9488720727091515}, "datetime": {"datetime": "2024-01-20 14:25:54", "elapsed": 121.097673, "delta": 0.000501}}
{"target": -12.356566292666717, "params": {"colsample_bytree": 0.1135453353185947, "eta": 0.0291670730759769, "gamma": 612.7999724357653, "max_depth": 5.0, "min_child_weight": 4225.696319129127, "num_boost_round": 12.0, "subsample": 0.9488720727091515}, "datetime": {"datetime": "2024-01-20 14:25:54", "elapsed": 121.098173, "delta": 0.0005}}
{"target": -12.356570390031537, "params": {"colsample_bytree": 0.1135453353185947, "eta": 0.0291670730759769, "gamma": 612.7999724357653, "max_depth": 5.0, "min_child_weight": 4225.696319129127, "num_boost_round": 13.0, "subsample": 0.9488720727091515}, "datetime": {"datetime": "2024-01-20 14:25:54", "elapsed": 121.098667, "delta": 0.000494}}
{"target": -12.356583700887722, "params": {"colsample_bytree": 0.1135453353185947, "eta": 0.0291670730759769, "gamma": 612.7999724357653, "max_depth": 5.0, "min_child_weight": 4225.696319129127, "num_boost_round": 14.0, "subsample": 0.9488720727091515}, "datetime": {"datetime": "2024-01-20 14:25:54", "elapsed": 121.099171, "delta": 0.000504}}
{"target": -12.355817612946577, "params": {"colsample_bytree": 0.1135453353185947, "eta": 0.0291670730759769, "gamma": 612.7999724357653, "max_depth": 5.0, "min_child_weight": 4225.696319129127, "num_boost_round": 15.0, "subsample": 0.9488720727091515}, "datetime": {"datetime": "2024-01-20 14:25:54", "elapsed": 121.099711, "delta": 0.00054}}
{"target": -12.3565315522946, "params": {"colsample_bytree": 0.34476009563832455, "eta": 0.08437100464909443, "gamma": 537.3271715202787, "max_depth": 8.0, "min_child_weight": 4209.201143378049, "num_boost_round": 1.0, "subsample": 0.21712201588767588}, "datetime": {"datetime": "2024-01-20 14:26:51", "elapsed": 177.88125, "delta": 56.781539}}
{"target": -12.354869593801556, "params": {"colsample_bytree": 0.34476009563832455, "eta": 0.08437100464909443, "gamma": 537.3271715202787, "max_depth": 8.0, "min_child_weight": 4209.201143378049, "num_boost_round": 2.0, "subsample": 0.21712201588767588}, "datetime": {"datetime": "2024-01-20 14:26:51", "elapsed": 177.882293, "delta": 0.001043}}
{"target": -12.350640453642033, "params": {"colsample_bytree": 0.34476009563832455, "eta": 0.08437100464909443, "gamma": 537.3271715202787, "max_depth": 8.0, "min_child_weight": 4209.201143378049, "num_boost_round": 3.0, "subsample": 0.21712201588767588}, "datetime": {"datetime": "2024-01-20 14:26:51", "elapsed": 177.883114, "delta": 0.000821}}
{"target": -12.351216086976645, "params": {"colsample_bytree": 0.34476009563832455, "eta": 0.08437100464909443, "gamma": 537.3271715202787, "max_depth": 8.0, "min_child_weight": 4209.201143378049, "num_boost_round": 4.0, "subsample": 0.21712201588767588}, "datetime": {"datetime": "2024-01-20 14:26:51", "elapsed": 177.88364, "delta": 0.000526}}
{"target": -12.349562232041908, "params": {"colsample_bytree": 0.34476009563832455, "eta": 0.08437100464909443, "gamma": 537.3271715202787, "max_depth": 8.0, "min_child_weight": 4209.201143378049, "num_boost_round": 5.0, "subsample": 0.21712201588767588}, "datetime": {"datetime": "2024-01-20 14:26:51", "elapsed": 177.884262, "delta": 0.000622}}
{"target": -12.348404383907239, "params": {"colsample_bytree": 0.34476009563832455, "eta": 0.08437100464909443, "gamma": 537.3271715202787, "max_depth": 8.0, "min_child_weight": 4209.201143378049, "num_boost_round": 6.0, "subsample": 0.21712201588767588}, "datetime": {"datetime": "2024-01-20 14:26:51", "elapsed": 177.884766, "delta": 0.000504}}
{"target": -12.348346331201611, "params": {"colsample_bytree": 0.34476009563832455, "eta": 0.08437100464909443, "gamma": 537.3271715202787, "max_depth": 8.0, "min_child_weight": 4209.201143378049, "num_boost_round": 7.0, "subsample": 0.21712201588767588}, "datetime": {"datetime": "2024-01-20 14:26:51", "elapsed": 177.885398, "delta": 0.000632}}
{"target": -12.346887192689934, "params": {"colsample_bytree": 0.34476009563832455, "eta": 0.08437100464909443, "gamma": 537.3271715202787, "max_depth": 8.0, "min_child_weight": 4209.201143378049, "num_boost_round": 8.0, "subsample": 0.21712201588767588}, "datetime": {"datetime": "2024-01-20 14:26:51", "elapsed": 177.885911, "delta": 0.000513}}
{"target": -12.346931527366355, "params": {"colsample_bytree": 0.34476009563832455, "eta": 0.08437100464909443, "gamma": 537.3271715202787, "max_depth": 8.0, "min_child_weight": 4209.201143378049, "num_boost_round": 9.0, "subsample": 0.21712201588767588}, "datetime": {"datetime": "2024-01-20 14:26:51", "elapsed": 177.886425, "delta": 0.000514}}
{"target": -12.346843980608593, "params": {"colsample_bytree": 0.34476009563832455, "eta": 0.08437100464909443, "gamma": 537.3271715202787, "max_depth": 8.0, "min_child_weight": 4209.201143378049, "num_boost_round": 10.0, "subsample": 0.21712201588767588}, "datetime": {"datetime": "2024-01-20 14:26:51", "elapsed": 177.886925, "delta": 0.0005}}
{"target": -12.346001354105049, "params": {"colsample_bytree": 0.34476009563832455, "eta": 0.08437100464909443, "gamma": 537.3271715202787, "max_depth": 8.0, "min_child_weight": 4209.201143378049, "num_boost_round": 11.0, "subsample": 0.21712201588767588}, "datetime": {"datetime": "2024-01-20 14:26:51", "elapsed": 177.887436, "delta": 0.000511}}
{"target": -12.345878295197789, "params": {"colsample_bytree": 0.34476009563832455, "eta": 0.08437100464909443, "gamma": 537.3271715202787, "max_depth": 8.0, "min_child_weight": 4209.201143378049, "num_boost_round": 12.0, "subsample": 0.21712201588767588}, "datetime": {"datetime": "2024-01-20 14:26:51", "elapsed": 177.88794, "delta": 0.000504}}
{"target": -12.346466014001415, "params": {"colsample_bytree": 0.34476009563832455, "eta": 0.08437100464909443, "gamma": 537.3271715202787, "max_depth": 8.0, "min_child_weight": 4209.201143378049, "num_boost_round": 13.0, "subsample": 0.21712201588767588}, "datetime": {"datetime": "2024-01-20 14:26:51", "elapsed": 177.888445, "delta": 0.000505}}
{"target": -12.34585916951248, "params": {"colsample_bytree": 0.34476009563832455, "eta": 0.08437100464909443, "gamma": 537.3271715202787, "max_depth": 8.0, "min_child_weight": 4209.201143378049, "num_boost_round": 14.0, "subsample": 0.21712201588767588}, "datetime": {"datetime": "2024-01-20 14:26:51", "elapsed": 177.888947, "delta": 0.000502}}
{"target": -12.345084333648357, "params": {"colsample_bytree": 0.34476009563832455, "eta": 0.08437100464909443, "gamma": 537.3271715202787, "max_depth": 8.0, "min_child_weight": 4209.201143378049, "num_boost_round": 15.0, "subsample": 0.21712201588767588}, "datetime": {"datetime": "2024-01-20 14:26:51", "elapsed": 177.889508, "delta": 0.000561}}
{"target": -12.344966993393399, "params": {"colsample_bytree": 0.34476009563832455, "eta": 0.08437100464909443, "gamma": 537.3271715202787, "max_depth": 8.0, "min_child_weight": 4209.201143378049, "num_boost_round": 16.0, "subsample": 0.21712201588767588}, "datetime": {"datetime": "2024-01-20 14:26:51", "elapsed": 177.890018, "delta": 0.00051}}
{"target": -12.345346214840697, "params": {"colsample_bytree": 0.34476009563832455, "eta": 0.08437100464909443, "gamma": 537.3271715202787, "max_depth": 8.0, "min_child_weight": 4209.201143378049, "num_boost_round": 17.0, "subsample": 0.21712201588767588}, "datetime": {"datetime": "2024-01-20 14:26:51", "elapsed": 177.89053, "delta": 0.000512}}
{"target": -12.34531819123372, "params": {"colsample_bytree": 0.34476009563832455, "eta": 0.08437100464909443, "gamma": 537.3271715202787, "max_depth": 8.0, "min_child_weight": 4209.201143378049, "num_boost_round": 18.0, "subsample": 0.21712201588767588}, "datetime": {"datetime": "2024-01-20 14:26:51", "elapsed": 177.89105, "delta": 0.00052}}
{"target": -12.345111270858162, "params": {"colsample_bytree": 0.34476009563832455, "eta": 0.08437100464909443, "gamma": 537.3271715202787, "max_depth": 8.0, "min_child_weight": 4209.201143378049, "num_boost_round": 19.0, "subsample": 0.21712201588767588}, "datetime": {"datetime": "2024-01-20 14:26:51", "elapsed": 177.891573, "delta": 0.000523}}
{"target": -12.345535080990945, "params": {"colsample_bytree": 0.34476009563832455, "eta": 0.08437100464909443, "gamma": 537.3271715202787, "max_depth": 8.0, "min_child_weight": 4209.201143378049, "num_boost_round": 20.0, "subsample": 0.21712201588767588}, "datetime": {"datetime": "2024-01-20 14:26:51", "elapsed": 177.892082, "delta": 0.000509}}
{"target": -12.34563382929735, "params": {"colsample_bytree": 0.34476009563832455, "eta": 0.08437100464909443, "gamma": 537.3271715202787, "max_depth": 8.0, "min_child_weight": 4209.201143378049, "num_boost_round": 21.0, "subsample": 0.21712201588767588}, "datetime": {"datetime": "2024-01-20 14:26:51", "elapsed": 177.892605, "delta": 0.000523}}
{"target": -12.3456535533849, "params": {"colsample_bytree": 0.34476009563832455, "eta": 0.08437100464909443, "gamma": 537.3271715202787, "max_depth": 8.0, "min_child_weight": 4209.201143378049, "num_boost_round": 22.0, "subsample": 0.21712201588767588}, "datetime": {"datetime": "2024-01-20 14:26:51", "elapsed": 177.89313, "delta": 0.000525}}
{"target": -12.344654493165432, "params": {"colsample_bytree": 0.34476009563832455, "eta": 0.08437100464909443, "gamma": 537.3271715202787, "max_depth": 8.0, "min_child_weight": 4209.201143378049, "num_boost_round": 23.0, "subsample": 0.21712201588767588}, "datetime": {"datetime": "2024-01-20 14:26:51", "elapsed": 177.89365, "delta": 0.00052}}
{"target": -12.345298672010829, "params": {"colsample_bytree": 0.34476009563832455, "eta": 0.08437100464909443, "gamma": 537.3271715202787, "max_depth": 8.0, "min_child_weight": 4209.201143378049, "num_boost_round": 24.0, "subsample": 0.21712201588767588}, "datetime": {"datetime": "2024-01-20 14:26:51", "elapsed": 177.894172, "delta": 0.000522}}
{"target": -12.344833955709928, "params": {"colsample_bytree": 0.34476009563832455, "eta": 0.08437100464909443, "gamma": 537.3271715202787, "max_depth": 8.0, "min_child_weight": 4209.201143378049, "num_boost_round": 25.0, "subsample": 0.21712201588767588}, "datetime": {"datetime": "2024-01-20 14:26:51", "elapsed": 177.894689, "delta": 0.000517}}
{"target": -12.345117027074986, "params": {"colsample_bytree": 0.34476009563832455, "eta": 0.08437100464909443, "gamma": 537.3271715202787, "max_depth": 8.0, "min_child_weight": 4209.201143378049, "num_boost_round": 26.0, "subsample": 0.21712201588767588}, "datetime": {"datetime": "2024-01-20 14:26:51", "elapsed": 177.895214, "delta": 0.000525}}
{"target": -12.3453129034379, "params": {"colsample_bytree": 0.34476009563832455, "eta": 0.08437100464909443, "gamma": 537.3271715202787, "max_depth": 8.0, "min_child_weight": 4209.201143378049, "num_boost_round": 27.0, "subsample": 0.21712201588767588}, "datetime": {"datetime": "2024-01-20 14:26:51", "elapsed": 177.895737, "delta": 0.000523}}
{"target": -12.345202103269568, "params": {"colsample_bytree": 0.34476009563832455, "eta": 0.08437100464909443, "gamma": 537.3271715202787, "max_depth": 8.0, "min_child_weight": 4209.201143378049, "num_boost_round": 28.0, "subsample": 0.21712201588767588}, "datetime": {"datetime": "2024-01-20 14:26:51", "elapsed": 177.896262, "delta": 0.000525}}
{"target": -12.345225331147999, "params": {"colsample_bytree": 0.34476009563832455, "eta": 0.08437100464909443, "gamma": 537.3271715202787, "max_depth": 8.0, "min_child_weight": 4209.201143378049, "num_boost_round": 29.0, "subsample": 0.21712201588767588}, "datetime": {"datetime": "2024-01-20 14:26:51", "elapsed": 177.896907, "delta": 0.000645}}
{"target": -12.344844882053625, "params": {"colsample_bytree": 0.34476009563832455, "eta": 0.08437100464909443, "gamma": 537.3271715202787, "max_depth": 8.0, "min_child_weight": 4209.201143378049, "num_boost_round": 30.0, "subsample": 0.21712201588767588}, "datetime": {"datetime": "2024-01-20 14:26:51", "elapsed": 177.897785, "delta": 0.000878}}
{"target": -12.344059754947983, "params": {"colsample_bytree": 0.34476009563832455, "eta": 0.08437100464909443, "gamma": 537.3271715202787, "max_depth": 8.0, "min_child_weight": 4209.201143378049, "num_boost_round": 31.0, "subsample": 0.21712201588767588}, "datetime": {"datetime": "2024-01-20 14:26:51", "elapsed": 177.898365, "delta": 0.00058}}
{"target": -12.344913935824682, "params": {"colsample_bytree": 0.34476009563832455, "eta": 0.08437100464909443, "gamma": 537.3271715202787, "max_depth": 8.0, "min_child_weight": 4209.201143378049, "num_boost_round": 32.0, "subsample": 0.21712201588767588}, "datetime": {"datetime": "2024-01-20 14:26:51", "elapsed": 177.898912, "delta": 0.000547}}
{"target": -12.345280661659753, "params": {"colsample_bytree": 0.34476009563832455, "eta": 0.08437100464909443, "gamma": 537.3271715202787, "max_depth": 8.0, "min_child_weight": 4209.201143378049, "num_boost_round": 33.0, "subsample": 0.21712201588767588}, "datetime": {"datetime": "2024-01-20 14:26:51", "elapsed": 177.899462, "delta": 0.00055}}
{"target": -12.344849203350389, "params": {"colsample_bytree": 0.34476009563832455, "eta": 0.08437100464909443, "gamma": 537.3271715202787, "max_depth": 8.0, "min_child_weight": 4209.201143378049, "num_boost_round": 34.0, "subsample": 0.21712201588767588}, "datetime": {"datetime": "2024-01-20 14:26:51", "elapsed": 177.9, "delta": 0.000538}}
{"target": -12.344648402387383, "params": {"colsample_bytree": 0.34476009563832455, "eta": 0.08437100464909443, "gamma": 537.3271715202787, "max_depth": 8.0, "min_child_weight": 4209.201143378049, "num_boost_round": 35.0, "subsample": 0.21712201588767588}, "datetime": {"datetime": "2024-01-20 14:26:51", "elapsed": 177.900539, "delta": 0.000539}}
{"target": -12.344720730994862, "params": {"colsample_bytree": 0.34476009563832455, "eta": 0.08437100464909443, "gamma": 537.3271715202787, "max_depth": 8.0, "min_child_weight": 4209.201143378049, "num_boost_round": 36.0, "subsample": 0.21712201588767588}, "datetime": {"datetime": "2024-01-20 14:26:51", "elapsed": 177.901132, "delta": 0.000593}}
{"target": -12.345214386511763, "params": {"colsample_bytree": 0.34476009563832455, "eta": 0.08437100464909443, "gamma": 537.3271715202787, "max_depth": 8.0, "min_child_weight": 4209.201143378049, "num_boost_round": 37.0, "subsample": 0.21712201588767588}, "datetime": {"datetime": "2024-01-20 14:26:51", "elapsed": 177.901677, "delta": 0.000545}}
{"target": -12.3451998321759, "params": {"colsample_bytree": 0.34476009563832455, "eta": 0.08437100464909443, "gamma": 537.3271715202787, "max_depth": 8.0, "min_child_weight": 4209.201143378049, "num_boost_round": 38.0, "subsample": 0.21712201588767588}, "datetime": {"datetime": "2024-01-20 14:26:51", "elapsed": 177.902223, "delta": 0.000546}}
{"target": -12.34557592136074, "params": {"colsample_bytree": 0.34476009563832455, "eta": 0.08437100464909443, "gamma": 537.3271715202787, "max_depth": 8.0, "min_child_weight": 4209.201143378049, "num_boost_round": 39.0, "subsample": 0.21712201588767588}, "datetime": {"datetime": "2024-01-20 14:26:51", "elapsed": 177.90277, "delta": 0.000547}}
{"target": -12.345527566567856, "params": {"colsample_bytree": 0.34476009563832455, "eta": 0.08437100464909443, "gamma": 537.3271715202787, "max_depth": 8.0, "min_child_weight": 4209.201143378049, "num_boost_round": 40.0, "subsample": 0.21712201588767588}, "datetime": {"datetime": "2024-01-20 14:26:51", "elapsed": 177.903336, "delta": 0.000566}}
