{"target": -13.496835519215452, "params": {"colsample_bytree": 0.6615553182031882, "eta": 0.00968146108340478, "gamma": 284.32616392894806, "max_depth": 6.0, "min_child_weight": 3895.331401727872, "num_boost_round": 26.0, "subsample": 0.5296127927830764}, "datetime": {"datetime": "2024-01-20 16:21:43", "elapsed": 7056.571734, "delta": 0.006064}}
{"target": -13.496857573691205, "params": {"colsample_bytree": 0.6615553182031882, "eta": 0.00968146108340478, "gamma": 284.32616392894806, "max_depth": 6.0, "min_child_weight": 3895.331401727872, "num_boost_round": 27.0, "subsample": 0.5296127927830764}, "datetime": {"datetime": "2024-01-20 16:21:43", "elapsed": 7056.577779, "delta": 0.006045}}
{"target": -13.496858601709242, "params": {"colsample_bytree": 0.6615553182031882, "eta": 0.00968146108340478, "gamma": 284.32616392894806, "max_depth": 6.0, "min_child_weight": 3895.331401727872, "num_boost_round": 28.0, "subsample": 0.5296127927830764}, "datetime": {"datetime": "2024-01-20 16:21:43", "elapsed": 7056.583839, "delta": 0.00606}}
{"target": -13.49688297913013, "params": {"colsample_bytree": 0.6615553182031882, "eta": 0.00968146108340478, "gamma": 284.32616392894806, "max_depth": 6.0, "min_child_weight": 3895.331401727872, "num_boost_round": 29.0, "subsample": 0.5296127927830764}, "datetime": {"datetime": "2024-01-20 16:21:43", "elapsed": 7056.590287, "delta": 0.006448}}
{"target": -13.49687526030791, "params": {"colsample_bytree": 0.6615553182031882, "eta": 0.00968146108340478, "gamma": 284.32616392894806, "max_depth": 6.0, "min_child_weight": 3895.331401727872, "num_boost_round": 30.0, "subsample": 0.5296127927830764}, "datetime": {"datetime": "2024-01-20 16:21:43", "elapsed": 7056.596708, "delta": 0.006421}}
{"target": -13.496861075379044, "params": {"colsample_bytree": 0.6615553182031882, "eta": 0.00968146108340478, "gamma": 284.32616392894806, "max_depth": 6.0, "min_child_weight": 3895.331401727872, "num_boost_round": 31.0, "subsample": 0.5296127927830764}, "datetime": {"datetime": "2024-01-20 16:21:43", "elapsed": 7056.603047, "delta": 0.006339}}
{"target": -13.496880114312717, "params": {"colsample_bytree": 0.6615553182031882, "eta": 0.00968146108340478, "gamma": 284.32616392894806, "max_depth": 6.0, "min_child_weight": 3895.331401727872, "num_boost_round": 32.0, "subsample": 0.5296127927830764}, "datetime": {"datetime": "2024-01-20 16:21:43", "elapsed": 7056.60931, "delta": 0.006263}}
{"target": -13.496923800041195, "params": {"colsample_bytree": 0.6615553182031882, "eta": 0.00968146108340478, "gamma": 284.32616392894806, "max_depth": 6.0, "min_child_weight": 3895.331401727872, "num_boost_round": 33.0, "subsample": 0.5296127927830764}, "datetime": {"datetime": "2024-01-20 16:21:43", "elapsed": 7056.61544, "delta": 0.00613}}
{"target": -13.496966907766886, "params": {"colsample_bytree": 0.6615553182031882, "eta": 0.00968146108340478, "gamma": 284.32616392894806, "max_depth": 6.0, "min_child_weight": 3895.331401727872, "num_boost_round": 34.0, "subsample": 0.5296127927830764}, "datetime": {"datetime": "2024-01-20 16:21:43", "elapsed": 7056.62151, "delta": 0.00607}}
{"target": -13.496960911051566, "params": {"colsample_bytree": 0.6615553182031882, "eta": 0.00968146108340478, "gamma": 284.32616392894806, "max_depth": 6.0, "min_child_weight": 3895.331401727872, "num_boost_round": 35.0, "subsample": 0.5296127927830764}, "datetime": {"datetime": "2024-01-20 16:21:43", "elapsed": 7056.627519, "delta": 0.006009}}
{"target": -13.4970104760401, "params": {"colsample_bytree": 0.6615553182031882, "eta": 0.00968146108340478, "gamma": 284.32616392894806, "max_depth": 6.0, "min_child_weight": 3895.331401727872, "num_boost_round": 36.0, "subsample": 0.5296127927830764}, "datetime": {"datetime": "2024-01-20 16:21:43", "elapsed": 7056.633569, "delta": 0.00605}}
{"target": -13.497004456533109, "params": {"colsample_bytree": 0.6615553182031882, "eta": 0.00968146108340478, "gamma": 284.32616392894806, "max_depth": 6.0, "min_child_weight": 3895.331401727872, "num_boost_round": 37.0, "subsample": 0.5296127927830764}, "datetime": {"datetime": "2024-01-20 16:21:43", "elapsed": 7056.639642, "delta": 0.006073}}
{"target": -13.496995808562984, "params": {"colsample_bytree": 0.6615553182031882, "eta": 0.00968146108340478, "gamma": 284.32616392894806, "max_depth": 6.0, "min_child_weight": 3895.331401727872, "num_boost_round": 38.0, "subsample": 0.5296127927830764}, "datetime": {"datetime": "2024-01-20 16:21:43", "elapsed": 7056.645915, "delta": 0.006273}}
{"target": -13.496993247732123, "params": {"colsample_bytree": 0.6615553182031882, "eta": 0.00968146108340478, "gamma": 284.32616392894806, "max_depth": 6.0, "min_child_weight": 3895.331401727872, "num_boost_round": 39.0, "subsample": 0.5296127927830764}, "datetime": {"datetime": "2024-01-20 16:21:43", "elapsed": 7056.652019, "delta": 0.006104}}
{"target": -13.496986490026533, "params": {"colsample_bytree": 0.6615553182031882, "eta": 0.00968146108340478, "gamma": 284.32616392894806, "max_depth": 6.0, "min_child_weight": 3895.331401727872, "num_boost_round": 40.0, "subsample": 0.5296127927830764}, "datetime": {"datetime": "2024-01-20 16:21:43", "elapsed": 7056.658566, "delta": 0.006547}}
{"target": -13.496941109412735, "params": {"colsample_bytree": 0.6615553182031882, "eta": 0.00968146108340478, "gamma": 284.32616392894806, "max_depth": 6.0, "min_child_weight": 3895.331401727872, "num_boost_round": 41.0, "subsample": 0.5296127927830764}, "datetime": {"datetime": "2024-01-20 16:21:43", "elapsed": 7056.665088, "delta": 0.006522}}
{"target": -13.496955681217607, "params": {"colsample_bytree": 0.6615553182031882, "eta": 0.00968146108340478, "gamma": 284.32616392894806, "max_depth": 6.0, "min_child_weight": 3895.331401727872, "num_boost_round": 42.0, "subsample": 0.5296127927830764}, "datetime": {"datetime": "2024-01-20 16:21:43", "elapsed": 7056.671418, "delta": 0.00633}}
{"target": -13.496946726642552, "params": {"colsample_bytree": 0.6615553182031882, "eta": 0.00968146108340478, "gamma": 284.32616392894806, "max_depth": 6.0, "min_child_weight": 3895.331401727872, "num_boost_round": 43.0, "subsample": 0.5296127927830764}, "datetime": {"datetime": "2024-01-20 16:21:43", "elapsed": 7056.677706, "delta": 0.006288}}
{"target": -13.496957860487122, "params": {"colsample_bytree": 0.6615553182031882, "eta": 0.00968146108340478, "gamma": 284.32616392894806, "max_depth": 6.0, "min_child_weight": 3895.331401727872, "num_boost_round": 44.0, "subsample": 0.5296127927830764}, "datetime": {"datetime": "2024-01-20 16:21:43", "elapsed": 7056.683935, "delta": 0.006229}}
{"target": -13.49691237291008, "params": {"colsample_bytree": 0.6615553182031882, "eta": 0.00968146108340478, "gamma": 284.32616392894806, "max_depth": 6.0, "min_child_weight": 3895.331401727872, "num_boost_round": 45.0, "subsample": 0.5296127927830764}, "datetime": {"datetime": "2024-01-20 16:21:43", "elapsed": 7056.690065, "delta": 0.00613}}
{"target": -13.497774693052024, "params": {"colsample_bytree": 0.5518952556525885, "eta": 0.08622129199066798, "gamma": 248.43107556057598, "max_depth": 5.0, "min_child_weight": 3932.913873563399, "num_boost_round": 1.0, "subsample": 0.6378067365533931}, "datetime": {"datetime": "2024-01-20 16:24:26", "elapsed": 7219.961559, "delta": 163.271494}}
{"target": -13.497544568626019, "params": {"colsample_bytree": 0.5518952556525885, "eta": 0.08622129199066798, "gamma": 248.43107556057598, "max_depth": 5.0, "min_child_weight": 3932.913873563399, "num_boost_round": 2.0, "subsample": 0.6378067365533931}, "datetime": {"datetime": "2024-01-20 16:24:26", "elapsed": 7219.971291, "delta": 0.009732}}
{"target": -13.497526230924251, "params": {"colsample_bytree": 0.5518952556525885, "eta": 0.08622129199066798, "gamma": 248.43107556057598, "max_depth": 5.0, "min_child_weight": 3932.913873563399, "num_boost_round": 3.0, "subsample": 0.6378067365533931}, "datetime": {"datetime": "2024-01-20 16:24:26", "elapsed": 7219.97769, "delta": 0.006399}}
{"target": -13.497791936937766, "params": {"colsample_bytree": 0.5518952556525885, "eta": 0.08622129199066798, "gamma": 248.43107556057598, "max_depth": 5.0, "min_child_weight": 3932.913873563399, "num_boost_round": 4.0, "subsample": 0.6378067365533931}, "datetime": {"datetime": "2024-01-20 16:24:26", "elapsed": 7219.983848, "delta": 0.006158}}
{"target": -13.497483106604736, "params": {"colsample_bytree": 0.5518952556525885, "eta": 0.08622129199066798, "gamma": 248.43107556057598, "max_depth": 5.0, "min_child_weight": 3932.913873563399, "num_boost_round": 5.0, "subsample": 0.6378067365533931}, "datetime": {"datetime": "2024-01-20 16:24:26", "elapsed": 7219.989958, "delta": 0.00611}}
{"target": -13.497442910408035, "params": {"colsample_bytree": 0.5518952556525885, "eta": 0.08622129199066798, "gamma": 248.43107556057598, "max_depth": 5.0, "min_child_weight": 3932.913873563399, "num_boost_round": 6.0, "subsample": 0.6378067365533931}, "datetime": {"datetime": "2024-01-20 16:24:26", "elapsed": 7219.996073, "delta": 0.006115}}
{"target": -13.497609890224778, "params": {"colsample_bytree": 0.5518952556525885, "eta": 0.08622129199066798, "gamma": 248.43107556057598, "max_depth": 5.0, "min_child_weight": 3932.913873563399, "num_boost_round": 7.0, "subsample": 0.6378067365533931}, "datetime": {"datetime": "2024-01-20 16:24:26", "elapsed": 7220.002186, "delta": 0.006113}}
{"target": -13.497861224237976, "params": {"colsample_bytree": 0.5518952556525885, "eta": 0.08622129199066798, "gamma": 248.43107556057598, "max_depth": 5.0, "min_child_weight": 3932.913873563399, "num_boost_round": 8.0, "subsample": 0.6378067365533931}, "datetime": {"datetime": "2024-01-20 16:24:26", "elapsed": 7220.008395, "delta": 0.006209}}
{"target": -13.497629486147094, "params": {"colsample_bytree": 0.5518952556525885, "eta": 0.08622129199066798, "gamma": 248.43107556057598, "max_depth": 5.0, "min_child_weight": 3932.913873563399, "num_boost_round": 9.0, "subsample": 0.6378067365533931}, "datetime": {"datetime": "2024-01-20 16:24:26", "elapsed": 7220.014506, "delta": 0.006111}}
{"target": -13.49769047990076, "params": {"colsample_bytree": 0.5518952556525885, "eta": 0.08622129199066798, "gamma": 248.43107556057598, "max_depth": 5.0, "min_child_weight": 3932.913873563399, "num_boost_round": 10.0, "subsample": 0.6378067365533931}, "datetime": {"datetime": "2024-01-20 16:24:26", "elapsed": 7220.020572, "delta": 0.006066}}
{"target": -13.49797389527154, "params": {"colsample_bytree": 0.5518952556525885, "eta": 0.08622129199066798, "gamma": 248.43107556057598, "max_depth": 5.0, "min_child_weight": 3932.913873563399, "num_boost_round": 11.0, "subsample": 0.6378067365533931}, "datetime": {"datetime": "2024-01-20 16:24:26", "elapsed": 7220.027055, "delta": 0.006483}}
{"target": -13.498492510281451, "params": {"colsample_bytree": 0.5518952556525885, "eta": 0.08622129199066798, "gamma": 248.43107556057598, "max_depth": 5.0, "min_child_weight": 3932.913873563399, "num_boost_round": 12.0, "subsample": 0.6378067365533931}, "datetime": {"datetime": "2024-01-20 16:24:26", "elapsed": 7220.033552, "delta": 0.006497}}
{"target": -13.498527195748814, "params": {"colsample_bytree": 0.5518952556525885, "eta": 0.08622129199066798, "gamma": 248.43107556057598, "max_depth": 5.0, "min_child_weight": 3932.913873563399, "num_boost_round": 13.0, "subsample": 0.6378067365533931}, "datetime": {"datetime": "2024-01-20 16:24:26", "elapsed": 7220.039922, "delta": 0.00637}}
{"target": -13.498745757399, "params": {"colsample_bytree": 0.5518952556525885, "eta": 0.08622129199066798, "gamma": 248.43107556057598, "max_depth": 5.0, "min_child_weight": 3932.913873563399, "num_boost_round": 14.0, "subsample": 0.6378067365533931}, "datetime": {"datetime": "2024-01-20 16:24:26", "elapsed": 7220.046251, "delta": 0.006329}}
{"target": -13.498400421722005, "params": {"colsample_bytree": 0.5518952556525885, "eta": 0.08622129199066798, "gamma": 248.43107556057598, "max_depth": 5.0, "min_child_weight": 3932.913873563399, "num_boost_round": 15.0, "subsample": 0.6378067365533931}, "datetime": {"datetime": "2024-01-20 16:24:26", "elapsed": 7220.052435, "delta": 0.006184}}
{"target": -13.499086718704385, "params": {"colsample_bytree": 0.5518952556525885, "eta": 0.08622129199066798, "gamma": 248.43107556057598, "max_depth": 5.0, "min_child_weight": 3932.913873563399, "num_boost_round": 16.0, "subsample": 0.6378067365533931}, "datetime": {"datetime": "2024-01-20 16:24:26", "elapsed": 7220.058724, "delta": 0.006289}}
{"target": -13.499451217214611, "params": {"colsample_bytree": 0.5518952556525885, "eta": 0.08622129199066798, "gamma": 248.43107556057598, "max_depth": 5.0, "min_child_weight": 3932.913873563399, "num_boost_round": 17.0, "subsample": 0.6378067365533931}, "datetime": {"datetime": "2024-01-20 16:24:26", "elapsed": 7220.06483, "delta": 0.006106}}
{"target": -13.499752387478264, "params": {"colsample_bytree": 0.5518952556525885, "eta": 0.08622129199066798, "gamma": 248.43107556057598, "max_depth": 5.0, "min_child_weight": 3932.913873563399, "num_boost_round": 18.0, "subsample": 0.6378067365533931}, "datetime": {"datetime": "2024-01-20 16:24:26", "elapsed": 7220.070905, "delta": 0.006075}}
{"target": -13.499761382299905, "params": {"colsample_bytree": 0.5518952556525885, "eta": 0.08622129199066798, "gamma": 248.43107556057598, "max_depth": 5.0, "min_child_weight": 3932.913873563399, "num_boost_round": 19.0, "subsample": 0.6378067365533931}, "datetime": {"datetime": "2024-01-20 16:24:26", "elapsed": 7220.077547, "delta": 0.006642}}
{"target": -13.499937026480486, "params": {"colsample_bytree": 0.5518952556525885, "eta": 0.08622129199066798, "gamma": 248.43107556057598, "max_depth": 5.0, "min_child_weight": 3932.913873563399, "num_boost_round": 20.0, "subsample": 0.6378067365533931}, "datetime": {"datetime": "2024-01-20 16:24:26", "elapsed": 7220.083729, "delta": 0.006182}}
{"target": -13.500269135454296, "params": {"colsample_bytree": 0.5518952556525885, "eta": 0.08622129199066798, "gamma": 248.43107556057598, "max_depth": 5.0, "min_child_weight": 3932.913873563399, "num_boost_round": 21.0, "subsample": 0.6378067365533931}, "datetime": {"datetime": "2024-01-20 16:24:26", "elapsed": 7220.08985, "delta": 0.006121}}
{"target": -13.500317489854314, "params": {"colsample_bytree": 0.5518952556525885, "eta": 0.08622129199066798, "gamma": 248.43107556057598, "max_depth": 5.0, "min_child_weight": 3932.913873563399, "num_boost_round": 22.0, "subsample": 0.6378067365533931}, "datetime": {"datetime": "2024-01-20 16:24:26", "elapsed": 7220.095962, "delta": 0.006112}}
{"target": -13.500297743771448, "params": {"colsample_bytree": 0.5518952556525885, "eta": 0.08622129199066798, "gamma": 248.43107556057598, "max_depth": 5.0, "min_child_weight": 3932.913873563399, "num_boost_round": 23.0, "subsample": 0.6378067365533931}, "datetime": {"datetime": "2024-01-20 16:24:26", "elapsed": 7220.102433, "delta": 0.006471}}
{"target": -13.500442138781306, "params": {"colsample_bytree": 0.5518952556525885, "eta": 0.08622129199066798, "gamma": 248.43107556057598, "max_depth": 5.0, "min_child_weight": 3932.913873563399, "num_boost_round": 24.0, "subsample": 0.6378067365533931}, "datetime": {"datetime": "2024-01-20 16:24:26", "elapsed": 7220.108862, "delta": 0.006429}}
{"target": -13.500112520606525, "params": {"colsample_bytree": 0.5518952556525885, "eta": 0.08622129199066798, "gamma": 248.43107556057598, "max_depth": 5.0, "min_child_weight": 3932.913873563399, "num_boost_round": 25.0, "subsample": 0.6378067365533931}, "datetime": {"datetime": "2024-01-20 16:24:26", "elapsed": 7220.115274, "delta": 0.006412}}
{"target": -13.500153625019374, "params": {"colsample_bytree": 0.5518952556525885, "eta": 0.08622129199066798, "gamma": 248.43107556057598, "max_depth": 5.0, "min_child_weight": 3932.913873563399, "num_boost_round": 26.0, "subsample": 0.6378067365533931}, "datetime": {"datetime": "2024-01-20 16:24:26", "elapsed": 7220.121534, "delta": 0.00626}}
{"target": -13.500748398724667, "params": {"colsample_bytree": 0.5518952556525885, "eta": 0.08622129199066798, "gamma": 248.43107556057598, "max_depth": 5.0, "min_child_weight": 3932.913873563399, "num_boost_round": 27.0, "subsample": 0.6378067365533931}, "datetime": {"datetime": "2024-01-20 16:24:26", "elapsed": 7220.127749, "delta": 0.006215}}
{"target": -13.500738394009398, "params": {"colsample_bytree": 0.5518952556525885, "eta": 0.08622129199066798, "gamma": 248.43107556057598, "max_depth": 5.0, "min_child_weight": 3932.913873563399, "num_boost_round": 28.0, "subsample": 0.6378067365533931}, "datetime": {"datetime": "2024-01-20 16:24:26", "elapsed": 7220.13388, "delta": 0.006131}}
{"target": -13.50112924816172, "params": {"colsample_bytree": 0.5518952556525885, "eta": 0.08622129199066798, "gamma": 248.43107556057598, "max_depth": 5.0, "min_child_weight": 3932.913873563399, "num_boost_round": 29.0, "subsample": 0.6378067365533931}, "datetime": {"datetime": "2024-01-20 16:24:26", "elapsed": 7220.139956, "delta": 0.006076}}
{"target": -13.501234286458445, "params": {"colsample_bytree": 0.5518952556525885, "eta": 0.08622129199066798, "gamma": 248.43107556057598, "max_depth": 5.0, "min_child_weight": 3932.913873563399, "num_boost_round": 30.0, "subsample": 0.6378067365533931}, "datetime": {"datetime": "2024-01-20 16:24:26", "elapsed": 7220.146048, "delta": 0.006092}}
{"target": -13.501200377991683, "params": {"colsample_bytree": 0.5518952556525885, "eta": 0.08622129199066798, "gamma": 248.43107556057598, "max_depth": 5.0, "min_child_weight": 3932.913873563399, "num_boost_round": 31.0, "subsample": 0.6378067365533931}, "datetime": {"datetime": "2024-01-20 16:24:26", "elapsed": 7220.152165, "delta": 0.006117}}
{"target": -13.50110287949329, "params": {"colsample_bytree": 0.5518952556525885, "eta": 0.08622129199066798, "gamma": 248.43107556057598, "max_depth": 5.0, "min_child_weight": 3932.913873563399, "num_boost_round": 32.0, "subsample": 0.6378067365533931}, "datetime": {"datetime": "2024-01-20 16:24:26", "elapsed": 7220.158244, "delta": 0.006079}}
{"target": -13.50123725771643, "params": {"colsample_bytree": 0.5518952556525885, "eta": 0.08622129199066798, "gamma": 248.43107556057598, "max_depth": 5.0, "min_child_weight": 3932.913873563399, "num_boost_round": 33.0, "subsample": 0.6378067365533931}, "datetime": {"datetime": "2024-01-20 16:24:26", "elapsed": 7220.16431, "delta": 0.006066}}
{"target": -13.501257548130098, "params": {"colsample_bytree": 0.5518952556525885, "eta": 0.08622129199066798, "gamma": 248.43107556057598, "max_depth": 5.0, "min_child_weight": 3932.913873563399, "num_boost_round": 34.0, "subsample": 0.6378067365533931}, "datetime": {"datetime": "2024-01-20 16:24:26", "elapsed": 7220.170328, "delta": 0.006018}}
{"target": -13.501027154068968, "params": {"colsample_bytree": 0.5518952556525885, "eta": 0.08622129199066798, "gamma": 248.43107556057598, "max_depth": 5.0, "min_child_weight": 3932.913873563399, "num_boost_round": 35.0, "subsample": 0.6378067365533931}, "datetime": {"datetime": "2024-01-20 16:24:26", "elapsed": 7220.176823, "delta": 0.006495}}
{"target": -13.501255906597908, "params": {"colsample_bytree": 0.5518952556525885, "eta": 0.08622129199066798, "gamma": 248.43107556057598, "max_depth": 5.0, "min_child_weight": 3932.913873563399, "num_boost_round": 36.0, "subsample": 0.6378067365533931}, "datetime": {"datetime": "2024-01-20 16:24:26", "elapsed": 7220.183291, "delta": 0.006468}}
{"target": -13.501110912158945, "params": {"colsample_bytree": 0.5518952556525885, "eta": 0.08622129199066798, "gamma": 248.43107556057598, "max_depth": 5.0, "min_child_weight": 3932.913873563399, "num_boost_round": 37.0, "subsample": 0.6378067365533931}, "datetime": {"datetime": "2024-01-20 16:24:26", "elapsed": 7220.189671, "delta": 0.00638}}
{"target": -13.50103254540916, "params": {"colsample_bytree": 0.5518952556525885, "eta": 0.08622129199066798, "gamma": 248.43107556057598, "max_depth": 5.0, "min_child_weight": 3932.913873563399, "num_boost_round": 38.0, "subsample": 0.6378067365533931}, "datetime": {"datetime": "2024-01-20 16:24:26", "elapsed": 7220.195955, "delta": 0.006284}}
{"target": -13.501102851186596, "params": {"colsample_bytree": 0.5518952556525885, "eta": 0.08622129199066798, "gamma": 248.43107556057598, "max_depth": 5.0, "min_child_weight": 3932.913873563399, "num_boost_round": 39.0, "subsample": 0.6378067365533931}, "datetime": {"datetime": "2024-01-20 16:24:26", "elapsed": 7220.202133, "delta": 0.006178}}
{"target": -13.500994954253041, "params": {"colsample_bytree": 0.5518952556525885, "eta": 0.08622129199066798, "gamma": 248.43107556057598, "max_depth": 5.0, "min_child_weight": 3932.913873563399, "num_boost_round": 40.0, "subsample": 0.6378067365533931}, "datetime": {"datetime": "2024-01-20 16:24:26", "elapsed": 7220.208848, "delta": 0.006715}}
{"target": -13.501030968728326, "params": {"colsample_bytree": 0.5518952556525885, "eta": 0.08622129199066798, "gamma": 248.43107556057598, "max_depth": 5.0, "min_child_weight": 3932.913873563399, "num_boost_round": 41.0, "subsample": 0.6378067365533931}, "datetime": {"datetime": "2024-01-20 16:24:26", "elapsed": 7220.215003, "delta": 0.006155}}
{"target": -13.501084367633412, "params": {"colsample_bytree": 0.5518952556525885, "eta": 0.08622129199066798, "gamma": 248.43107556057598, "max_depth": 5.0, "min_child_weight": 3932.913873563399, "num_boost_round": 42.0, "subsample": 0.6378067365533931}, "datetime": {"datetime": "2024-01-20 16:24:26", "elapsed": 7220.221128, "delta": 0.006125}}
{"target": -13.501060869703888, "params": {"colsample_bytree": 0.5518952556525885, "eta": 0.08622129199066798, "gamma": 248.43107556057598, "max_depth": 5.0, "min_child_weight": 3932.913873563399, "num_boost_round": 43.0, "subsample": 0.6378067365533931}, "datetime": {"datetime": "2024-01-20 16:24:26", "elapsed": 7220.227197, "delta": 0.006069}}
