{"target": -10.47644831082886, "params": {"colsample_bytree": 0.18260933706208987, "eta": 0.00611193762227039, "gamma": 282.95187662148027, "max_depth": 2.0, "min_child_weight": 4899.529305620129, "num_boost_round": 31.0, "subsample": 0.7473746351009771}, "datetime": {"datetime": "2024-01-20 15:54:47", "elapsed": 8979.95956, "delta": 0.006492}}
{"target": -10.476487882770446, "params": {"colsample_bytree": 0.18260933706208987, "eta": 0.00611193762227039, "gamma": 282.95187662148027, "max_depth": 2.0, "min_child_weight": 4899.529305620129, "num_boost_round": 32.0, "subsample": 0.7473746351009771}, "datetime": {"datetime": "2024-01-20 15:54:47", "elapsed": 8979.965949, "delta": 0.006389}}
{"target": -10.476471421635312, "params": {"colsample_bytree": 0.18260933706208987, "eta": 0.00611193762227039, "gamma": 282.95187662148027, "max_depth": 2.0, "min_child_weight": 4899.529305620129, "num_boost_round": 33.0, "subsample": 0.7473746351009771}, "datetime": {"datetime": "2024-01-20 15:54:47", "elapsed": 8979.972265, "delta": 0.006316}}
{"target": -10.476486563230672, "params": {"colsample_bytree": 0.18260933706208987, "eta": 0.00611193762227039, "gamma": 282.95187662148027, "max_depth": 2.0, "min_child_weight": 4899.529305620129, "num_boost_round": 34.0, "subsample": 0.7473746351009771}, "datetime": {"datetime": "2024-01-20 15:54:47", "elapsed": 8979.979877, "delta": 0.007612}}
{"target": -10.476494115036022, "params": {"colsample_bytree": 0.18260933706208987, "eta": 0.00611193762227039, "gamma": 282.95187662148027, "max_depth": 2.0, "min_child_weight": 4899.529305620129, "num_boost_round": 35.0, "subsample": 0.7473746351009771}, "datetime": {"datetime": "2024-01-20 15:54:47", "elapsed": 8979.986312, "delta": 0.006435}}
{"target": -10.47650042053428, "params": {"colsample_bytree": 0.18260933706208987, "eta": 0.00611193762227039, "gamma": 282.95187662148027, "max_depth": 2.0, "min_child_weight": 4899.529305620129, "num_boost_round": 36.0, "subsample": 0.7473746351009771}, "datetime": {"datetime": "2024-01-20 15:54:47", "elapsed": 8979.992646, "delta": 0.006334}}
{"target": -10.476505216880938, "params": {"colsample_bytree": 0.18260933706208987, "eta": 0.00611193762227039, "gamma": 282.95187662148027, "max_depth": 2.0, "min_child_weight": 4899.529305620129, "num_boost_round": 37.0, "subsample": 0.7473746351009771}, "datetime": {"datetime": "2024-01-20 15:54:47", "elapsed": 8979.998832, "delta": 0.006186}}
{"target": -10.475952560701487, "params": {"colsample_bytree": 0.7173589369205445, "eta": 0.015074051465024404, "gamma": 275.0936142393764, "max_depth": 4.0, "min_child_weight": 4801.826637441745, "num_boost_round": 1.0, "subsample": 0.8454889648369798}, "datetime": {"datetime": "2024-01-20 15:57:10", "elapsed": 9122.217023, "delta": 142.218191}}
{"target": -10.475788412716057, "params": {"colsample_bytree": 0.7173589369205445, "eta": 0.015074051465024404, "gamma": 275.0936142393764, "max_depth": 4.0, "min_child_weight": 4801.826637441745, "num_boost_round": 2.0, "subsample": 0.8454889648369798}, "datetime": {"datetime": "2024-01-20 15:57:10", "elapsed": 9122.224149, "delta": 0.007126}}
{"target": -10.47571356363165, "params": {"colsample_bytree": 0.7173589369205445, "eta": 0.015074051465024404, "gamma": 275.0936142393764, "max_depth": 4.0, "min_child_weight": 4801.826637441745, "num_boost_round": 3.0, "subsample": 0.8454889648369798}, "datetime": {"datetime": "2024-01-20 15:57:10", "elapsed": 9122.230016, "delta": 0.005867}}
{"target": -10.47559092148919, "params": {"colsample_bytree": 0.7173589369205445, "eta": 0.015074051465024404, "gamma": 275.0936142393764, "max_depth": 4.0, "min_child_weight": 4801.826637441745, "num_boost_round": 4.0, "subsample": 0.8454889648369798}, "datetime": {"datetime": "2024-01-20 15:57:10", "elapsed": 9122.235882, "delta": 0.005866}}
{"target": -10.475438477651181, "params": {"colsample_bytree": 0.7173589369205445, "eta": 0.015074051465024404, "gamma": 275.0936142393764, "max_depth": 4.0, "min_child_weight": 4801.826637441745, "num_boost_round": 5.0, "subsample": 0.8454889648369798}, "datetime": {"datetime": "2024-01-20 15:57:10", "elapsed": 9122.241673, "delta": 0.005791}}
{"target": -10.475239738542166, "params": {"colsample_bytree": 0.7173589369205445, "eta": 0.015074051465024404, "gamma": 275.0936142393764, "max_depth": 4.0, "min_child_weight": 4801.826637441745, "num_boost_round": 6.0, "subsample": 0.8454889648369798}, "datetime": {"datetime": "2024-01-20 15:57:10", "elapsed": 9122.247439, "delta": 0.005766}}
{"target": -10.475217638028802, "params": {"colsample_bytree": 0.7173589369205445, "eta": 0.015074051465024404, "gamma": 275.0936142393764, "max_depth": 4.0, "min_child_weight": 4801.826637441745, "num_boost_round": 7.0, "subsample": 0.8454889648369798}, "datetime": {"datetime": "2024-01-20 15:57:10", "elapsed": 9122.253197, "delta": 0.005758}}
{"target": -10.475104840138648, "params": {"colsample_bytree": 0.7173589369205445, "eta": 0.015074051465024404, "gamma": 275.0936142393764, "max_depth": 4.0, "min_child_weight": 4801.826637441745, "num_boost_round": 8.0, "subsample": 0.8454889648369798}, "datetime": {"datetime": "2024-01-20 15:57:10", "elapsed": 9122.259176, "delta": 0.005979}}
{"target": -10.475072414440698, "params": {"colsample_bytree": 0.7173589369205445, "eta": 0.015074051465024404, "gamma": 275.0936142393764, "max_depth": 4.0, "min_child_weight": 4801.826637441745, "num_boost_round": 9.0, "subsample": 0.8454889648369798}, "datetime": {"datetime": "2024-01-20 15:57:10", "elapsed": 9122.265143, "delta": 0.005967}}
{"target": -10.474868417692246, "params": {"colsample_bytree": 0.7173589369205445, "eta": 0.015074051465024404, "gamma": 275.0936142393764, "max_depth": 4.0, "min_child_weight": 4801.826637441745, "num_boost_round": 10.0, "subsample": 0.8454889648369798}, "datetime": {"datetime": "2024-01-20 15:57:10", "elapsed": 9122.270995, "delta": 0.005852}}
{"target": -10.474722094168792, "params": {"colsample_bytree": 0.7173589369205445, "eta": 0.015074051465024404, "gamma": 275.0936142393764, "max_depth": 4.0, "min_child_weight": 4801.826637441745, "num_boost_round": 11.0, "subsample": 0.8454889648369798}, "datetime": {"datetime": "2024-01-20 15:57:10", "elapsed": 9122.276903, "delta": 0.005908}}
{"target": -10.47472755366634, "params": {"colsample_bytree": 0.7173589369205445, "eta": 0.015074051465024404, "gamma": 275.0936142393764, "max_depth": 4.0, "min_child_weight": 4801.826637441745, "num_boost_round": 12.0, "subsample": 0.8454889648369798}, "datetime": {"datetime": "2024-01-20 15:57:10", "elapsed": 9122.282741, "delta": 0.005838}}
{"target": -10.474677912036807, "params": {"colsample_bytree": 0.7173589369205445, "eta": 0.015074051465024404, "gamma": 275.0936142393764, "max_depth": 4.0, "min_child_weight": 4801.826637441745, "num_boost_round": 13.0, "subsample": 0.8454889648369798}, "datetime": {"datetime": "2024-01-20 15:57:10", "elapsed": 9122.288552, "delta": 0.005811}}
{"target": -10.4745684036814, "params": {"colsample_bytree": 0.7173589369205445, "eta": 0.015074051465024404, "gamma": 275.0936142393764, "max_depth": 4.0, "min_child_weight": 4801.826637441745, "num_boost_round": 14.0, "subsample": 0.8454889648369798}, "datetime": {"datetime": "2024-01-20 15:57:10", "elapsed": 9122.29448, "delta": 0.005928}}
{"target": -10.474515253012992, "params": {"colsample_bytree": 0.7173589369205445, "eta": 0.015074051465024404, "gamma": 275.0936142393764, "max_depth": 4.0, "min_child_weight": 4801.826637441745, "num_boost_round": 15.0, "subsample": 0.8454889648369798}, "datetime": {"datetime": "2024-01-20 15:57:10", "elapsed": 9122.300206, "delta": 0.005726}}
{"target": -10.474467106436483, "params": {"colsample_bytree": 0.7173589369205445, "eta": 0.015074051465024404, "gamma": 275.0936142393764, "max_depth": 4.0, "min_child_weight": 4801.826637441745, "num_boost_round": 16.0, "subsample": 0.8454889648369798}, "datetime": {"datetime": "2024-01-20 15:57:10", "elapsed": 9122.305969, "delta": 0.005763}}
{"target": -10.474384719634317, "params": {"colsample_bytree": 0.7173589369205445, "eta": 0.015074051465024404, "gamma": 275.0936142393764, "max_depth": 4.0, "min_child_weight": 4801.826637441745, "num_boost_round": 17.0, "subsample": 0.8454889648369798}, "datetime": {"datetime": "2024-01-20 15:57:10", "elapsed": 9122.311844, "delta": 0.005875}}
{"target": -10.47430614298856, "params": {"colsample_bytree": 0.7173589369205445, "eta": 0.015074051465024404, "gamma": 275.0936142393764, "max_depth": 4.0, "min_child_weight": 4801.826637441745, "num_boost_round": 18.0, "subsample": 0.8454889648369798}, "datetime": {"datetime": "2024-01-20 15:57:10", "elapsed": 9122.317726, "delta": 0.005882}}
{"target": -10.47420301025329, "params": {"colsample_bytree": 0.7173589369205445, "eta": 0.015074051465024404, "gamma": 275.0936142393764, "max_depth": 4.0, "min_child_weight": 4801.826637441745, "num_boost_round": 19.0, "subsample": 0.8454889648369798}, "datetime": {"datetime": "2024-01-20 15:57:10", "elapsed": 9122.323521, "delta": 0.005795}}
{"target": -10.474158854349994, "params": {"colsample_bytree": 0.7173589369205445, "eta": 0.015074051465024404, "gamma": 275.0936142393764, "max_depth": 4.0, "min_child_weight": 4801.826637441745, "num_boost_round": 20.0, "subsample": 0.8454889648369798}, "datetime": {"datetime": "2024-01-20 15:57:10", "elapsed": 9122.329268, "delta": 0.005747}}
{"target": -10.47412787660803, "params": {"colsample_bytree": 0.7173589369205445, "eta": 0.015074051465024404, "gamma": 275.0936142393764, "max_depth": 4.0, "min_child_weight": 4801.826637441745, "num_boost_round": 21.0, "subsample": 0.8454889648369798}, "datetime": {"datetime": "2024-01-20 15:57:10", "elapsed": 9122.3352, "delta": 0.005932}}
{"target": -10.474128513639517, "params": {"colsample_bytree": 0.7173589369205445, "eta": 0.015074051465024404, "gamma": 275.0936142393764, "max_depth": 4.0, "min_child_weight": 4801.826637441745, "num_boost_round": 22.0, "subsample": 0.8454889648369798}, "datetime": {"datetime": "2024-01-20 15:57:10", "elapsed": 9122.341078, "delta": 0.005878}}
{"target": -10.474072046060211, "params": {"colsample_bytree": 0.7173589369205445, "eta": 0.015074051465024404, "gamma": 275.0936142393764, "max_depth": 4.0, "min_child_weight": 4801.826637441745, "num_boost_round": 23.0, "subsample": 0.8454889648369798}, "datetime": {"datetime": "2024-01-20 15:57:10", "elapsed": 9122.346906, "delta": 0.005828}}
{"target": -10.474105400875, "params": {"colsample_bytree": 0.7173589369205445, "eta": 0.015074051465024404, "gamma": 275.0936142393764, "max_depth": 4.0, "min_child_weight": 4801.826637441745, "num_boost_round": 24.0, "subsample": 0.8454889648369798}, "datetime": {"datetime": "2024-01-20 15:57:10", "elapsed": 9122.352726, "delta": 0.00582}}
{"target": -10.474159103664197, "params": {"colsample_bytree": 0.7173589369205445, "eta": 0.015074051465024404, "gamma": 275.0936142393764, "max_depth": 4.0, "min_child_weight": 4801.826637441745, "num_boost_round": 25.0, "subsample": 0.8454889648369798}, "datetime": {"datetime": "2024-01-20 15:57:10", "elapsed": 9122.358775, "delta": 0.006049}}
{"target": -10.474265947172494, "params": {"colsample_bytree": 0.7173589369205445, "eta": 0.015074051465024404, "gamma": 275.0936142393764, "max_depth": 4.0, "min_child_weight": 4801.826637441745, "num_boost_round": 26.0, "subsample": 0.8454889648369798}, "datetime": {"datetime": "2024-01-20 15:57:10", "elapsed": 9122.364621, "delta": 0.005846}}
{"target": -10.474317011599979, "params": {"colsample_bytree": 0.7173589369205445, "eta": 0.015074051465024404, "gamma": 275.0936142393764, "max_depth": 4.0, "min_child_weight": 4801.826637441745, "num_boost_round": 27.0, "subsample": 0.8454889648369798}, "datetime": {"datetime": "2024-01-20 15:57:10", "elapsed": 9122.370485, "delta": 0.005864}}
{"target": -10.474362545507764, "params": {"colsample_bytree": 0.7173589369205445, "eta": 0.015074051465024404, "gamma": 275.0936142393764, "max_depth": 4.0, "min_child_weight": 4801.826637441745, "num_boost_round": 28.0, "subsample": 0.8454889648369798}, "datetime": {"datetime": "2024-01-20 15:57:10", "elapsed": 9122.37642, "delta": 0.005935}}
{"target": -10.474392271197612, "params": {"colsample_bytree": 0.7173589369205445, "eta": 0.015074051465024404, "gamma": 275.0936142393764, "max_depth": 4.0, "min_child_weight": 4801.826637441745, "num_boost_round": 29.0, "subsample": 0.8454889648369798}, "datetime": {"datetime": "2024-01-20 15:57:10", "elapsed": 9122.382184, "delta": 0.005764}}
{"target": -10.474411229239726, "params": {"colsample_bytree": 0.7173589369205445, "eta": 0.015074051465024404, "gamma": 275.0936142393764, "max_depth": 4.0, "min_child_weight": 4801.826637441745, "num_boost_round": 30.0, "subsample": 0.8454889648369798}, "datetime": {"datetime": "2024-01-20 15:57:10", "elapsed": 9122.388005, "delta": 0.005821}}
{"target": -10.474443646350608, "params": {"colsample_bytree": 0.7173589369205445, "eta": 0.015074051465024404, "gamma": 275.0936142393764, "max_depth": 4.0, "min_child_weight": 4801.826637441745, "num_boost_round": 31.0, "subsample": 0.8454889648369798}, "datetime": {"datetime": "2024-01-20 15:57:10", "elapsed": 9122.393777, "delta": 0.005772}}
{"target": -10.47447609987901, "params": {"colsample_bytree": 0.7173589369205445, "eta": 0.015074051465024404, "gamma": 275.0936142393764, "max_depth": 4.0, "min_child_weight": 4801.826637441745, "num_boost_round": 32.0, "subsample": 0.8454889648369798}, "datetime": {"datetime": "2024-01-20 15:57:10", "elapsed": 9122.399653, "delta": 0.005876}}
{"target": -10.474451792487855, "params": {"colsample_bytree": 0.7173589369205445, "eta": 0.015074051465024404, "gamma": 275.0936142393764, "max_depth": 4.0, "min_child_weight": 4801.826637441745, "num_boost_round": 33.0, "subsample": 0.8454889648369798}, "datetime": {"datetime": "2024-01-20 15:57:10", "elapsed": 9122.405478, "delta": 0.005825}}
{"target": -10.474425494653659, "params": {"colsample_bytree": 0.7173589369205445, "eta": 0.015074051465024404, "gamma": 275.0936142393764, "max_depth": 4.0, "min_child_weight": 4801.826637441745, "num_boost_round": 34.0, "subsample": 0.8454889648369798}, "datetime": {"datetime": "2024-01-20 15:57:10", "elapsed": 9122.411416, "delta": 0.005938}}
{"target": -10.474467132402596, "params": {"colsample_bytree": 0.7173589369205445, "eta": 0.015074051465024404, "gamma": 275.0936142393764, "max_depth": 4.0, "min_child_weight": 4801.826637441745, "num_boost_round": 35.0, "subsample": 0.8454889648369798}, "datetime": {"datetime": "2024-01-20 15:57:10", "elapsed": 9122.417314, "delta": 0.005898}}
{"target": -10.474436941194678, "params": {"colsample_bytree": 0.7173589369205445, "eta": 0.015074051465024404, "gamma": 275.0936142393764, "max_depth": 4.0, "min_child_weight": 4801.826637441745, "num_boost_round": 36.0, "subsample": 0.8454889648369798}, "datetime": {"datetime": "2024-01-20 15:57:10", "elapsed": 9122.423067, "delta": 0.005753}}
{"target": -10.474531364089295, "params": {"colsample_bytree": 0.7173589369205445, "eta": 0.015074051465024404, "gamma": 275.0936142393764, "max_depth": 4.0, "min_child_weight": 4801.826637441745, "num_boost_round": 37.0, "subsample": 0.8454889648369798}, "datetime": {"datetime": "2024-01-20 15:57:10", "elapsed": 9122.428927, "delta": 0.00586}}
{"target": -10.474536456768512, "params": {"colsample_bytree": 0.7173589369205445, "eta": 0.015074051465024404, "gamma": 275.0936142393764, "max_depth": 4.0, "min_child_weight": 4801.826637441745, "num_boost_round": 38.0, "subsample": 0.8454889648369798}, "datetime": {"datetime": "2024-01-20 15:57:10", "elapsed": 9122.434707, "delta": 0.00578}}
{"target": -10.474556459746305, "params": {"colsample_bytree": 0.7173589369205445, "eta": 0.015074051465024404, "gamma": 275.0936142393764, "max_depth": 4.0, "min_child_weight": 4801.826637441745, "num_boost_round": 39.0, "subsample": 0.8454889648369798}, "datetime": {"datetime": "2024-01-20 15:57:10", "elapsed": 9122.440565, "delta": 0.005858}}
{"target": -10.474667444610827, "params": {"colsample_bytree": 0.7173589369205445, "eta": 0.015074051465024404, "gamma": 275.0936142393764, "max_depth": 4.0, "min_child_weight": 4801.826637441745, "num_boost_round": 40.0, "subsample": 0.8454889648369798}, "datetime": {"datetime": "2024-01-20 15:57:10", "elapsed": 9122.446388, "delta": 0.005823}}
{"target": -10.474673105981275, "params": {"colsample_bytree": 0.7173589369205445, "eta": 0.015074051465024404, "gamma": 275.0936142393764, "max_depth": 4.0, "min_child_weight": 4801.826637441745, "num_boost_round": 41.0, "subsample": 0.8454889648369798}, "datetime": {"datetime": "2024-01-20 15:57:10", "elapsed": 9122.452126, "delta": 0.005738}}
{"target": -10.47471409535105, "params": {"colsample_bytree": 0.7173589369205445, "eta": 0.015074051465024404, "gamma": 275.0936142393764, "max_depth": 4.0, "min_child_weight": 4801.826637441745, "num_boost_round": 42.0, "subsample": 0.8454889648369798}, "datetime": {"datetime": "2024-01-20 15:57:10", "elapsed": 9122.45813, "delta": 0.006004}}
{"target": -10.474860436503782, "params": {"colsample_bytree": 0.7173589369205445, "eta": 0.015074051465024404, "gamma": 275.0936142393764, "max_depth": 4.0, "min_child_weight": 4801.826637441745, "num_boost_round": 43.0, "subsample": 0.8454889648369798}, "datetime": {"datetime": "2024-01-20 15:57:10", "elapsed": 9122.464199, "delta": 0.006069}}
{"target": -10.474821939499995, "params": {"colsample_bytree": 0.7173589369205445, "eta": 0.015074051465024404, "gamma": 275.0936142393764, "max_depth": 4.0, "min_child_weight": 4801.826637441745, "num_boost_round": 44.0, "subsample": 0.8454889648369798}, "datetime": {"datetime": "2024-01-20 15:57:10", "elapsed": 9122.470831, "delta": 0.006632}}
{"target": -10.474809651873286, "params": {"colsample_bytree": 0.7173589369205445, "eta": 0.015074051465024404, "gamma": 275.0936142393764, "max_depth": 4.0, "min_child_weight": 4801.826637441745, "num_boost_round": 45.0, "subsample": 0.8454889648369798}, "datetime": {"datetime": "2024-01-20 15:57:10", "elapsed": 9122.477278, "delta": 0.006447}}
{"target": -10.474879600860564, "params": {"colsample_bytree": 0.7173589369205445, "eta": 0.015074051465024404, "gamma": 275.0936142393764, "max_depth": 4.0, "min_child_weight": 4801.826637441745, "num_boost_round": 46.0, "subsample": 0.8454889648369798}, "datetime": {"datetime": "2024-01-20 15:57:10", "elapsed": 9122.483298, "delta": 0.00602}}
{"target": -10.474949624717244, "params": {"colsample_bytree": 0.7173589369205445, "eta": 0.015074051465024404, "gamma": 275.0936142393764, "max_depth": 4.0, "min_child_weight": 4801.826637441745, "num_boost_round": 47.0, "subsample": 0.8454889648369798}, "datetime": {"datetime": "2024-01-20 15:57:10", "elapsed": 9122.489143, "delta": 0.005845}}
{"target": -10.47499114785544, "params": {"colsample_bytree": 0.7173589369205445, "eta": 0.015074051465024404, "gamma": 275.0936142393764, "max_depth": 4.0, "min_child_weight": 4801.826637441745, "num_boost_round": 48.0, "subsample": 0.8454889648369798}, "datetime": {"datetime": "2024-01-20 15:57:10", "elapsed": 9122.494997, "delta": 0.005854}}
{"target": -10.475017973763126, "params": {"colsample_bytree": 0.7173589369205445, "eta": 0.015074051465024404, "gamma": 275.0936142393764, "max_depth": 4.0, "min_child_weight": 4801.826637441745, "num_boost_round": 49.0, "subsample": 0.8454889648369798}, "datetime": {"datetime": "2024-01-20 15:57:10", "elapsed": 9122.500845, "delta": 0.005848}}
{"target": -10.475098645133624, "params": {"colsample_bytree": 0.7173589369205445, "eta": 0.015074051465024404, "gamma": 275.0936142393764, "max_depth": 4.0, "min_child_weight": 4801.826637441745, "num_boost_round": 50.0, "subsample": 0.8454889648369798}, "datetime": {"datetime": "2024-01-20 15:57:10", "elapsed": 9122.50662, "delta": 0.005775}}
{"target": -10.475116594304726, "params": {"colsample_bytree": 0.7173589369205445, "eta": 0.015074051465024404, "gamma": 275.0936142393764, "max_depth": 4.0, "min_child_weight": 4801.826637441745, "num_boost_round": 51.0, "subsample": 0.8454889648369798}, "datetime": {"datetime": "2024-01-20 15:57:10", "elapsed": 9122.512533, "delta": 0.005913}}
{"target": -10.47513437164303, "params": {"colsample_bytree": 0.7173589369205445, "eta": 0.015074051465024404, "gamma": 275.0936142393764, "max_depth": 4.0, "min_child_weight": 4801.826637441745, "num_boost_round": 52.0, "subsample": 0.8454889648369798}, "datetime": {"datetime": "2024-01-20 15:57:10", "elapsed": 9122.518375, "delta": 0.005842}}
{"target": -10.475154439204267, "params": {"colsample_bytree": 0.7173589369205445, "eta": 0.015074051465024404, "gamma": 275.0936142393764, "max_depth": 4.0, "min_child_weight": 4801.826637441745, "num_boost_round": 53.0, "subsample": 0.8454889648369798}, "datetime": {"datetime": "2024-01-20 15:57:10", "elapsed": 9122.524261, "delta": 0.005886}}
{"target": -10.47510269342624, "params": {"colsample_bytree": 0.7173589369205445, "eta": 0.015074051465024404, "gamma": 275.0936142393764, "max_depth": 4.0, "min_child_weight": 4801.826637441745, "num_boost_round": 54.0, "subsample": 0.8454889648369798}, "datetime": {"datetime": "2024-01-20 15:57:10", "elapsed": 9122.530148, "delta": 0.005887}}
{"target": -10.475138357618928, "params": {"colsample_bytree": 0.7173589369205445, "eta": 0.015074051465024404, "gamma": 275.0936142393764, "max_depth": 4.0, "min_child_weight": 4801.826637441745, "num_boost_round": 55.0, "subsample": 0.8454889648369798}, "datetime": {"datetime": "2024-01-20 15:57:10", "elapsed": 9122.535989, "delta": 0.005841}}
{"target": -10.475165444298028, "params": {"colsample_bytree": 0.7173589369205445, "eta": 0.015074051465024404, "gamma": 275.0936142393764, "max_depth": 4.0, "min_child_weight": 4801.826637441745, "num_boost_round": 56.0, "subsample": 0.8454889648369798}, "datetime": {"datetime": "2024-01-20 15:57:10", "elapsed": 9122.541878, "delta": 0.005889}}
