{"target": -10.475969763193795, "params": {"colsample_bytree": 0.5608736338222592, "eta": 0.015220902296799694, "gamma": 443.35517416333823, "max_depth": 6.0, "min_child_weight": 5076.031592384146, "num_boost_round": 1.0, "subsample": 0.6136043382738328}, "datetime": {"datetime": "2024-01-20 17:21:14", "elapsed": 14166.499473, "delta": 170.723103}}
{"target": -10.475661751701299, "params": {"colsample_bytree": 0.5608736338222592, "eta": 0.015220902296799694, "gamma": 443.35517416333823, "max_depth": 6.0, "min_child_weight": 5076.031592384146, "num_boost_round": 2.0, "subsample": 0.6136043382738328}, "datetime": {"datetime": "2024-01-20 17:21:14", "elapsed": 14166.510652, "delta": 0.011179}}
{"target": -10.475573755117967, "params": {"colsample_bytree": 0.5608736338222592, "eta": 0.015220902296799694, "gamma": 443.35517416333823, "max_depth": 6.0, "min_child_weight": 5076.031592384146, "num_boost_round": 3.0, "subsample": 0.6136043382738328}, "datetime": {"datetime": "2024-01-20 17:21:14", "elapsed": 14166.519552, "delta": 0.0089}}
{"target": -10.47541182282652, "params": {"colsample_bytree": 0.5608736338222592, "eta": 0.015220902296799694, "gamma": 443.35517416333823, "max_depth": 6.0, "min_child_weight": 5076.031592384146, "num_boost_round": 4.0, "subsample": 0.6136043382738328}, "datetime": {"datetime": "2024-01-20 17:21:14", "elapsed": 14166.527531, "delta": 0.007979}}
{"target": -10.475243135914184, "params": {"colsample_bytree": 0.5608736338222592, "eta": 0.015220902296799694, "gamma": 443.35517416333823, "max_depth": 6.0, "min_child_weight": 5076.031592384146, "num_boost_round": 5.0, "subsample": 0.6136043382738328}, "datetime": {"datetime": "2024-01-20 17:21:14", "elapsed": 14166.535816, "delta": 0.008285}}
{"target": -10.47516813713008, "params": {"colsample_bytree": 0.5608736338222592, "eta": 0.015220902296799694, "gamma": 443.35517416333823, "max_depth": 6.0, "min_child_weight": 5076.031592384146, "num_boost_round": 6.0, "subsample": 0.6136043382738328}, "datetime": {"datetime": "2024-01-20 17:21:14", "elapsed": 14166.5436, "delta": 0.007784}}
{"target": -10.475098486041913, "params": {"colsample_bytree": 0.5608736338222592, "eta": 0.015220902296799694, "gamma": 443.35517416333823, "max_depth": 6.0, "min_child_weight": 5076.031592384146, "num_boost_round": 7.0, "subsample": 0.6136043382738328}, "datetime": {"datetime": "2024-01-20 17:21:14", "elapsed": 14166.551411, "delta": 0.007811}}
{"target": -10.47480244317882, "params": {"colsample_bytree": 0.5608736338222592, "eta": 0.015220902296799694, "gamma": 443.35517416333823, "max_depth": 6.0, "min_child_weight": 5076.031592384146, "num_boost_round": 8.0, "subsample": 0.6136043382738328}, "datetime": {"datetime": "2024-01-20 17:21:14", "elapsed": 14166.559469, "delta": 0.008058}}
{"target": -10.474680691189011, "params": {"colsample_bytree": 0.5608736338222592, "eta": 0.015220902296799694, "gamma": 443.35517416333823, "max_depth": 6.0, "min_child_weight": 5076.031592384146, "num_boost_round": 9.0, "subsample": 0.6136043382738328}, "datetime": {"datetime": "2024-01-20 17:21:14", "elapsed": 14166.567152, "delta": 0.007683}}
{"target": -10.474473044765798, "params": {"colsample_bytree": 0.5608736338222592, "eta": 0.015220902296799694, "gamma": 443.35517416333823, "max_depth": 6.0, "min_child_weight": 5076.031592384146, "num_boost_round": 10.0, "subsample": 0.6136043382738328}, "datetime": {"datetime": "2024-01-20 17:21:14", "elapsed": 14166.574884, "delta": 0.007732}}
{"target": -10.474398370344385, "params": {"colsample_bytree": 0.5608736338222592, "eta": 0.015220902296799694, "gamma": 443.35517416333823, "max_depth": 6.0, "min_child_weight": 5076.031592384146, "num_boost_round": 11.0, "subsample": 0.6136043382738328}, "datetime": {"datetime": "2024-01-20 17:21:14", "elapsed": 14166.583033, "delta": 0.008149}}
{"target": -10.474275577963581, "params": {"colsample_bytree": 0.5608736338222592, "eta": 0.015220902296799694, "gamma": 443.35517416333823, "max_depth": 6.0, "min_child_weight": 5076.031592384146, "num_boost_round": 12.0, "subsample": 0.6136043382738328}, "datetime": {"datetime": "2024-01-20 17:21:14", "elapsed": 14166.590807, "delta": 0.007774}}
{"target": -10.475792393142724, "params": {"colsample_bytree": 0.9699224407666946, "eta": 0.056814633661167846, "gamma": 474.891701643916, "max_depth": 3.0, "min_child_weight": 5087.553298227044, "num_boost_round": 1.0, "subsample": 0.8418073723797223}, "datetime": {"datetime": "2024-01-20 17:25:20", "elapsed": 14412.953942, "delta": 246.363135}}
{"target": -10.475500541589653, "params": {"colsample_bytree": 0.9699224407666946, "eta": 0.056814633661167846, "gamma": 474.891701643916, "max_depth": 3.0, "min_child_weight": 5087.553298227044, "num_boost_round": 2.0, "subsample": 0.8418073723797223}, "datetime": {"datetime": "2024-01-20 17:25:20", "elapsed": 14412.96404, "delta": 0.010098}}
{"target": -10.4754219808467, "params": {"colsample_bytree": 0.9699224407666946, "eta": 0.056814633661167846, "gamma": 474.891701643916, "max_depth": 3.0, "min_child_weight": 5087.553298227044, "num_boost_round": 3.0, "subsample": 0.8418073723797223}, "datetime": {"datetime": "2024-01-20 17:25:20", "elapsed": 14412.973803, "delta": 0.009763}}
{"target": -10.475281779324156, "params": {"colsample_bytree": 0.9699224407666946, "eta": 0.056814633661167846, "gamma": 474.891701643916, "max_depth": 3.0, "min_child_weight": 5087.553298227044, "num_boost_round": 4.0, "subsample": 0.8418073723797223}, "datetime": {"datetime": "2024-01-20 17:25:20", "elapsed": 14412.982741, "delta": 0.008938}}
{"target": -10.475502399051084, "params": {"colsample_bytree": 0.9699224407666946, "eta": 0.056814633661167846, "gamma": 474.891701643916, "max_depth": 3.0, "min_child_weight": 5087.553298227044, "num_boost_round": 5.0, "subsample": 0.8418073723797223}, "datetime": {"datetime": "2024-01-20 17:25:20", "elapsed": 14412.990993, "delta": 0.008252}}
{"target": -10.475599854581525, "params": {"colsample_bytree": 0.9699224407666946, "eta": 0.056814633661167846, "gamma": 474.891701643916, "max_depth": 3.0, "min_child_weight": 5087.553298227044, "num_boost_round": 6.0, "subsample": 0.8418073723797223}, "datetime": {"datetime": "2024-01-20 17:25:20", "elapsed": 14412.998721, "delta": 0.007728}}
{"target": -10.47602484499016, "params": {"colsample_bytree": 0.9699224407666946, "eta": 0.056814633661167846, "gamma": 474.891701643916, "max_depth": 3.0, "min_child_weight": 5087.553298227044, "num_boost_round": 7.0, "subsample": 0.8418073723797223}, "datetime": {"datetime": "2024-01-20 17:25:20", "elapsed": 14413.007165, "delta": 0.008444}}
{"target": -10.476130536982371, "params": {"colsample_bytree": 0.9699224407666946, "eta": 0.056814633661167846, "gamma": 474.891701643916, "max_depth": 3.0, "min_child_weight": 5087.553298227044, "num_boost_round": 8.0, "subsample": 0.8418073723797223}, "datetime": {"datetime": "2024-01-20 17:25:20", "elapsed": 14413.015136, "delta": 0.007971}}
{"target": -10.476486404328526, "params": {"colsample_bytree": 0.9699224407666946, "eta": 0.056814633661167846, "gamma": 474.891701643916, "max_depth": 3.0, "min_child_weight": 5087.553298227044, "num_boost_round": 9.0, "subsample": 0.8418073723797223}, "datetime": {"datetime": "2024-01-20 17:25:20", "elapsed": 14413.022877, "delta": 0.007741}}
{"target": -10.476539648059514, "params": {"colsample_bytree": 0.9699224407666946, "eta": 0.056814633661167846, "gamma": 474.891701643916, "max_depth": 3.0, "min_child_weight": 5087.553298227044, "num_boost_round": 10.0, "subsample": 0.8418073723797223}, "datetime": {"datetime": "2024-01-20 17:25:20", "elapsed": 14413.0312, "delta": 0.008323}}
{"target": -10.476564025536142, "params": {"colsample_bytree": 0.9699224407666946, "eta": 0.056814633661167846, "gamma": 474.891701643916, "max_depth": 3.0, "min_child_weight": 5087.553298227044, "num_boost_round": 11.0, "subsample": 0.8418073723797223}, "datetime": {"datetime": "2024-01-20 17:25:20", "elapsed": 14413.039171, "delta": 0.007971}}
{"target": -10.476729885361053, "params": {"colsample_bytree": 0.9699224407666946, "eta": 0.056814633661167846, "gamma": 474.891701643916, "max_depth": 3.0, "min_child_weight": 5087.553298227044, "num_boost_round": 12.0, "subsample": 0.8418073723797223}, "datetime": {"datetime": "2024-01-20 17:25:21", "elapsed": 14413.046794, "delta": 0.007623}}
{"target": -10.476507507030266, "params": {"colsample_bytree": 0.9699224407666946, "eta": 0.056814633661167846, "gamma": 474.891701643916, "max_depth": 3.0, "min_child_weight": 5087.553298227044, "num_boost_round": 13.0, "subsample": 0.8418073723797223}, "datetime": {"datetime": "2024-01-20 17:25:21", "elapsed": 14413.055144, "delta": 0.00835}}
{"target": -10.476431368106251, "params": {"colsample_bytree": 0.9699224407666946, "eta": 0.056814633661167846, "gamma": 474.891701643916, "max_depth": 3.0, "min_child_weight": 5087.553298227044, "num_boost_round": 14.0, "subsample": 0.8418073723797223}, "datetime": {"datetime": "2024-01-20 17:25:21", "elapsed": 14413.063095, "delta": 0.007951}}
{"target": -10.476530024574135, "params": {"colsample_bytree": 0.9699224407666946, "eta": 0.056814633661167846, "gamma": 474.891701643916, "max_depth": 3.0, "min_child_weight": 5087.553298227044, "num_boost_round": 15.0, "subsample": 0.8418073723797223}, "datetime": {"datetime": "2024-01-20 17:25:21", "elapsed": 14413.070826, "delta": 0.007731}}
{"target": -10.476905491148404, "params": {"colsample_bytree": 0.9699224407666946, "eta": 0.056814633661167846, "gamma": 474.891701643916, "max_depth": 3.0, "min_child_weight": 5087.553298227044, "num_boost_round": 16.0, "subsample": 0.8418073723797223}, "datetime": {"datetime": "2024-01-20 17:25:21", "elapsed": 14413.079211, "delta": 0.008385}}
{"target": -10.477241062294087, "params": {"colsample_bytree": 0.9699224407666946, "eta": 0.056814633661167846, "gamma": 474.891701643916, "max_depth": 3.0, "min_child_weight": 5087.553298227044, "num_boost_round": 17.0, "subsample": 0.8418073723797223}, "datetime": {"datetime": "2024-01-20 17:25:21", "elapsed": 14413.087091, "delta": 0.00788}}
{"target": -10.477312333443322, "params": {"colsample_bytree": 0.9699224407666946, "eta": 0.056814633661167846, "gamma": 474.891701643916, "max_depth": 3.0, "min_child_weight": 5087.553298227044, "num_boost_round": 18.0, "subsample": 0.8418073723797223}, "datetime": {"datetime": "2024-01-20 17:25:21", "elapsed": 14413.094724, "delta": 0.007633}}
{"target": -10.477344785512974, "params": {"colsample_bytree": 0.9699224407666946, "eta": 0.056814633661167846, "gamma": 474.891701643916, "max_depth": 3.0, "min_child_weight": 5087.553298227044, "num_boost_round": 19.0, "subsample": 0.8418073723797223}, "datetime": {"datetime": "2024-01-20 17:25:21", "elapsed": 14413.102963, "delta": 0.008239}}
{"target": -10.477608236236907, "params": {"colsample_bytree": 0.9699224407666946, "eta": 0.056814633661167846, "gamma": 474.891701643916, "max_depth": 3.0, "min_child_weight": 5087.553298227044, "num_boost_round": 20.0, "subsample": 0.8418073723797223}, "datetime": {"datetime": "2024-01-20 17:25:21", "elapsed": 14413.110679, "delta": 0.007716}}
{"target": -10.477560008931915, "params": {"colsample_bytree": 0.9699224407666946, "eta": 0.056814633661167846, "gamma": 474.891701643916, "max_depth": 3.0, "min_child_weight": 5087.553298227044, "num_boost_round": 21.0, "subsample": 0.8418073723797223}, "datetime": {"datetime": "2024-01-20 17:25:21", "elapsed": 14413.11824, "delta": 0.007561}}
{"target": -10.47785694302803, "params": {"colsample_bytree": 0.9699224407666946, "eta": 0.056814633661167846, "gamma": 474.891701643916, "max_depth": 3.0, "min_child_weight": 5087.553298227044, "num_boost_round": 22.0, "subsample": 0.8418073723797223}, "datetime": {"datetime": "2024-01-20 17:25:21", "elapsed": 14413.127988, "delta": 0.009748}}
{"target": -10.477763425257525, "params": {"colsample_bytree": 0.9699224407666946, "eta": 0.056814633661167846, "gamma": 474.891701643916, "max_depth": 3.0, "min_child_weight": 5087.553298227044, "num_boost_round": 23.0, "subsample": 0.8418073723797223}, "datetime": {"datetime": "2024-01-20 17:25:21", "elapsed": 14413.135889, "delta": 0.007901}}
{"target": -10.47773955957311, "params": {"colsample_bytree": 0.9699224407666946, "eta": 0.056814633661167846, "gamma": 474.891701643916, "max_depth": 3.0, "min_child_weight": 5087.553298227044, "num_boost_round": 24.0, "subsample": 0.8418073723797223}, "datetime": {"datetime": "2024-01-20 17:25:21", "elapsed": 14413.143615, "delta": 0.007726}}
{"target": -10.477739237390896, "params": {"colsample_bytree": 0.9699224407666946, "eta": 0.056814633661167846, "gamma": 474.891701643916, "max_depth": 3.0, "min_child_weight": 5087.553298227044, "num_boost_round": 25.0, "subsample": 0.8418073723797223}, "datetime": {"datetime": "2024-01-20 17:25:21", "elapsed": 14413.151791, "delta": 0.008176}}
{"target": -10.477801979224171, "params": {"colsample_bytree": 0.9699224407666946, "eta": 0.056814633661167846, "gamma": 474.891701643916, "max_depth": 3.0, "min_child_weight": 5087.553298227044, "num_boost_round": 26.0, "subsample": 0.8418073723797223}, "datetime": {"datetime": "2024-01-20 17:25:21", "elapsed": 14413.15961, "delta": 0.007819}}
{"target": -10.477815625629745, "params": {"colsample_bytree": 0.9699224407666946, "eta": 0.056814633661167846, "gamma": 474.891701643916, "max_depth": 3.0, "min_child_weight": 5087.553298227044, "num_boost_round": 27.0, "subsample": 0.8418073723797223}, "datetime": {"datetime": "2024-01-20 17:25:21", "elapsed": 14413.167258, "delta": 0.007648}}
{"target": -10.478062301099758, "params": {"colsample_bytree": 0.9699224407666946, "eta": 0.056814633661167846, "gamma": 474.891701643916, "max_depth": 3.0, "min_child_weight": 5087.553298227044, "num_boost_round": 28.0, "subsample": 0.8418073723797223}, "datetime": {"datetime": "2024-01-20 17:25:21", "elapsed": 14413.175487, "delta": 0.008229}}
{"target": -10.47820743453898, "params": {"colsample_bytree": 0.9699224407666946, "eta": 0.056814633661167846, "gamma": 474.891701643916, "max_depth": 3.0, "min_child_weight": 5087.553298227044, "num_boost_round": 29.0, "subsample": 0.8418073723797223}, "datetime": {"datetime": "2024-01-20 17:25:21", "elapsed": 14413.183357, "delta": 0.00787}}
{"target": -10.47825581445162, "params": {"colsample_bytree": 0.9699224407666946, "eta": 0.056814633661167846, "gamma": 474.891701643916, "max_depth": 3.0, "min_child_weight": 5087.553298227044, "num_boost_round": 30.0, "subsample": 0.8418073723797223}, "datetime": {"datetime": "2024-01-20 17:25:21", "elapsed": 14413.190978, "delta": 0.007621}}
{"target": -10.478536818139636, "params": {"colsample_bytree": 0.9699224407666946, "eta": 0.056814633661167846, "gamma": 474.891701643916, "max_depth": 3.0, "min_child_weight": 5087.553298227044, "num_boost_round": 31.0, "subsample": 0.8418073723797223}, "datetime": {"datetime": "2024-01-20 17:25:21", "elapsed": 14413.199198, "delta": 0.00822}}
{"target": -10.478945727469746, "params": {"colsample_bytree": 0.9699224407666946, "eta": 0.056814633661167846, "gamma": 474.891701643916, "max_depth": 3.0, "min_child_weight": 5087.553298227044, "num_boost_round": 32.0, "subsample": 0.8418073723797223}, "datetime": {"datetime": "2024-01-20 17:25:21", "elapsed": 14413.207041, "delta": 0.007843}}
{"target": -10.478918929490455, "params": {"colsample_bytree": 0.9699224407666946, "eta": 0.056814633661167846, "gamma": 474.891701643916, "max_depth": 3.0, "min_child_weight": 5087.553298227044, "num_boost_round": 33.0, "subsample": 0.8418073723797223}, "datetime": {"datetime": "2024-01-20 17:25:21", "elapsed": 14413.214613, "delta": 0.007572}}
{"target": -10.479021193226842, "params": {"colsample_bytree": 0.9699224407666946, "eta": 0.056814633661167846, "gamma": 474.891701643916, "max_depth": 3.0, "min_child_weight": 5087.553298227044, "num_boost_round": 34.0, "subsample": 0.8418073723797223}, "datetime": {"datetime": "2024-01-20 17:25:21", "elapsed": 14413.22281, "delta": 0.008197}}
{"target": -10.479279914210508, "params": {"colsample_bytree": 0.9699224407666946, "eta": 0.056814633661167846, "gamma": 474.891701643916, "max_depth": 3.0, "min_child_weight": 5087.553298227044, "num_boost_round": 35.0, "subsample": 0.8418073723797223}, "datetime": {"datetime": "2024-01-20 17:25:21", "elapsed": 14413.230663, "delta": 0.007853}}
{"target": -10.47952924018367, "params": {"colsample_bytree": 0.9699224407666946, "eta": 0.056814633661167846, "gamma": 474.891701643916, "max_depth": 3.0, "min_child_weight": 5087.553298227044, "num_boost_round": 36.0, "subsample": 0.8418073723797223}, "datetime": {"datetime": "2024-01-20 17:25:21", "elapsed": 14413.238282, "delta": 0.007619}}
{"target": -10.479635006347294, "params": {"colsample_bytree": 0.9699224407666946, "eta": 0.056814633661167846, "gamma": 474.891701643916, "max_depth": 3.0, "min_child_weight": 5087.553298227044, "num_boost_round": 37.0, "subsample": 0.8418073723797223}, "datetime": {"datetime": "2024-01-20 17:25:21", "elapsed": 14413.246489, "delta": 0.008207}}
{"target": -10.479748518661937, "params": {"colsample_bytree": 0.9699224407666946, "eta": 0.056814633661167846, "gamma": 474.891701643916, "max_depth": 3.0, "min_child_weight": 5087.553298227044, "num_boost_round": 38.0, "subsample": 0.8418073723797223}, "datetime": {"datetime": "2024-01-20 17:25:21", "elapsed": 14413.611804, "delta": 0.365315}}
{"target": -10.48001042012185, "params": {"colsample_bytree": 0.9699224407666946, "eta": 0.056814633661167846, "gamma": 474.891701643916, "max_depth": 3.0, "min_child_weight": 5087.553298227044, "num_boost_round": 39.0, "subsample": 0.8418073723797223}, "datetime": {"datetime": "2024-01-20 17:25:21", "elapsed": 14413.620682, "delta": 0.008878}}
{"target": -10.480238144665705, "params": {"colsample_bytree": 0.9699224407666946, "eta": 0.056814633661167846, "gamma": 474.891701643916, "max_depth": 3.0, "min_child_weight": 5087.553298227044, "num_boost_round": 40.0, "subsample": 0.8418073723797223}, "datetime": {"datetime": "2024-01-20 17:25:21", "elapsed": 14413.629927, "delta": 0.009245}}
{"target": -10.480341929214433, "params": {"colsample_bytree": 0.9699224407666946, "eta": 0.056814633661167846, "gamma": 474.891701643916, "max_depth": 3.0, "min_child_weight": 5087.553298227044, "num_boost_round": 41.0, "subsample": 0.8418073723797223}, "datetime": {"datetime": "2024-01-20 17:25:21", "elapsed": 14413.63818, "delta": 0.008253}}
{"target": -10.480526790157278, "params": {"colsample_bytree": 0.9699224407666946, "eta": 0.056814633661167846, "gamma": 474.891701643916, "max_depth": 3.0, "min_child_weight": 5087.553298227044, "num_boost_round": 42.0, "subsample": 0.8418073723797223}, "datetime": {"datetime": "2024-01-20 17:25:21", "elapsed": 14413.646122, "delta": 0.007942}}
{"target": -10.480921243457272, "params": {"colsample_bytree": 0.9699224407666946, "eta": 0.056814633661167846, "gamma": 474.891701643916, "max_depth": 3.0, "min_child_weight": 5087.553298227044, "num_boost_round": 43.0, "subsample": 0.8418073723797223}, "datetime": {"datetime": "2024-01-20 17:25:21", "elapsed": 14413.653854, "delta": 0.007732}}
{"target": -10.481285696294938, "params": {"colsample_bytree": 0.9699224407666946, "eta": 0.056814633661167846, "gamma": 474.891701643916, "max_depth": 3.0, "min_child_weight": 5087.553298227044, "num_boost_round": 44.0, "subsample": 0.8418073723797223}, "datetime": {"datetime": "2024-01-20 17:25:21", "elapsed": 14413.661787, "delta": 0.007933}}
{"target": -10.48106528570332, "params": {"colsample_bytree": 0.9699224407666946, "eta": 0.056814633661167846, "gamma": 474.891701643916, "max_depth": 3.0, "min_child_weight": 5087.553298227044, "num_boost_round": 45.0, "subsample": 0.8418073723797223}, "datetime": {"datetime": "2024-01-20 17:25:21", "elapsed": 14413.669555, "delta": 0.007768}}
{"target": -10.481281167290842, "params": {"colsample_bytree": 0.9699224407666946, "eta": 0.056814633661167846, "gamma": 474.891701643916, "max_depth": 3.0, "min_child_weight": 5087.553298227044, "num_boost_round": 46.0, "subsample": 0.8418073723797223}, "datetime": {"datetime": "2024-01-20 17:25:21", "elapsed": 14413.677292, "delta": 0.007737}}
{"target": -10.481341774477958, "params": {"colsample_bytree": 0.9699224407666946, "eta": 0.056814633661167846, "gamma": 474.891701643916, "max_depth": 3.0, "min_child_weight": 5087.553298227044, "num_boost_round": 47.0, "subsample": 0.8418073723797223}, "datetime": {"datetime": "2024-01-20 17:25:21", "elapsed": 14413.68529, "delta": 0.007998}}
{"target": -10.481582156100135, "params": {"colsample_bytree": 0.9699224407666946, "eta": 0.056814633661167846, "gamma": 474.891701643916, "max_depth": 3.0, "min_child_weight": 5087.553298227044, "num_boost_round": 48.0, "subsample": 0.8418073723797223}, "datetime": {"datetime": "2024-01-20 17:25:21", "elapsed": 14413.693102, "delta": 0.007812}}
{"target": -10.481728166259602, "params": {"colsample_bytree": 0.9699224407666946, "eta": 0.056814633661167846, "gamma": 474.891701643916, "max_depth": 3.0, "min_child_weight": 5087.553298227044, "num_boost_round": 49.0, "subsample": 0.8418073723797223}, "datetime": {"datetime": "2024-01-20 17:25:21", "elapsed": 14413.700829, "delta": 0.007727}}
{"target": -10.481860711346703, "params": {"colsample_bytree": 0.9699224407666946, "eta": 0.056814633661167846, "gamma": 474.891701643916, "max_depth": 3.0, "min_child_weight": 5087.553298227044, "num_boost_round": 50.0, "subsample": 0.8418073723797223}, "datetime": {"datetime": "2024-01-20 17:25:21", "elapsed": 14413.708898, "delta": 0.008069}}
{"target": -10.482035415006687, "params": {"colsample_bytree": 0.9699224407666946, "eta": 0.056814633661167846, "gamma": 474.891701643916, "max_depth": 3.0, "min_child_weight": 5087.553298227044, "num_boost_round": 51.0, "subsample": 0.8418073723797223}, "datetime": {"datetime": "2024-01-20 17:25:21", "elapsed": 14413.716618, "delta": 0.00772}}
