{"target": -12.346321318916887, "params": {"colsample_bytree": 0.5462262460985775, "eta": 0.09773236560543495, "gamma": 574.2564279509411, "max_depth": 7.0, "min_child_weight": 4250.192621422879, "num_boost_round": 35.0, "subsample": 0.303933724776451}, "datetime": {"datetime": "2024-01-20 15:51:32", "elapsed": 5258.852004, "delta": 0.006085}}
{"target": -12.346390557796202, "params": {"colsample_bytree": 0.5462262460985775, "eta": 0.09773236560543495, "gamma": 574.2564279509411, "max_depth": 7.0, "min_child_weight": 4250.192621422879, "num_boost_round": 36.0, "subsample": 0.303933724776451}, "datetime": {"datetime": "2024-01-20 15:51:32", "elapsed": 5258.858258, "delta": 0.006254}}
{"target": -12.346736194565022, "params": {"colsample_bytree": 0.5462262460985775, "eta": 0.09773236560543495, "gamma": 574.2564279509411, "max_depth": 7.0, "min_child_weight": 4250.192621422879, "num_boost_round": 37.0, "subsample": 0.303933724776451}, "datetime": {"datetime": "2024-01-20 15:51:32", "elapsed": 5258.863881, "delta": 0.005623}}
{"target": -12.3580382503688, "params": {"colsample_bytree": 0.2647565322357568, "eta": 0.021670975090974806, "gamma": 605.8598389537111, "max_depth": 2.0, "min_child_weight": 4248.043052138612, "num_boost_round": 1.0, "subsample": 0.5958404838353594}, "datetime": {"datetime": "2024-01-20 15:53:05", "elapsed": 5352.244708, "delta": 93.380827}}
{"target": -12.357511787255802, "params": {"colsample_bytree": 0.2647565322357568, "eta": 0.021670975090974806, "gamma": 605.8598389537111, "max_depth": 2.0, "min_child_weight": 4248.043052138612, "num_boost_round": 2.0, "subsample": 0.5958404838353594}, "datetime": {"datetime": "2024-01-20 15:53:05", "elapsed": 5352.251341, "delta": 0.006633}}
{"target": -12.356361552561182, "params": {"colsample_bytree": 0.2647565322357568, "eta": 0.021670975090974806, "gamma": 605.8598389537111, "max_depth": 2.0, "min_child_weight": 4248.043052138612, "num_boost_round": 3.0, "subsample": 0.5958404838353594}, "datetime": {"datetime": "2024-01-20 15:53:06", "elapsed": 5352.574186, "delta": 0.322845}}
{"target": -12.356509776971146, "params": {"colsample_bytree": 0.2647565322357568, "eta": 0.021670975090974806, "gamma": 605.8598389537111, "max_depth": 2.0, "min_child_weight": 4248.043052138612, "num_boost_round": 4.0, "subsample": 0.5958404838353594}, "datetime": {"datetime": "2024-01-20 15:53:06", "elapsed": 5352.581138, "delta": 0.006952}}
{"target": -12.356563318253265, "params": {"colsample_bytree": 0.2647565322357568, "eta": 0.021670975090974806, "gamma": 605.8598389537111, "max_depth": 2.0, "min_child_weight": 4248.043052138612, "num_boost_round": 5.0, "subsample": 0.5958404838353594}, "datetime": {"datetime": "2024-01-20 15:53:06", "elapsed": 5352.588185, "delta": 0.007047}}
{"target": -12.355991831649147, "params": {"colsample_bytree": 0.2647565322357568, "eta": 0.021670975090974806, "gamma": 605.8598389537111, "max_depth": 2.0, "min_child_weight": 4248.043052138612, "num_boost_round": 6.0, "subsample": 0.5958404838353594}, "datetime": {"datetime": "2024-01-20 15:53:06", "elapsed": 5352.597441, "delta": 0.009256}}
{"target": -12.356076505285145, "params": {"colsample_bytree": 0.2647565322357568, "eta": 0.021670975090974806, "gamma": 605.8598389537111, "max_depth": 2.0, "min_child_weight": 4248.043052138612, "num_boost_round": 7.0, "subsample": 0.5958404838353594}, "datetime": {"datetime": "2024-01-20 15:53:06", "elapsed": 5352.60621, "delta": 0.008769}}
{"target": -12.356243989254017, "params": {"colsample_bytree": 0.6434205795080611, "eta": 0.08797696905515909, "gamma": 586.8658239462858, "max_depth": 7.0, "min_child_weight": 4241.909180917668, "num_boost_round": 1.0, "subsample": 0.35564820916409823}, "datetime": {"datetime": "2024-01-20 15:54:55", "elapsed": 5461.289706, "delta": 108.683496}}
{"target": -12.351279875919602, "params": {"colsample_bytree": 0.6434205795080611, "eta": 0.08797696905515909, "gamma": 586.8658239462858, "max_depth": 7.0, "min_child_weight": 4241.909180917668, "num_boost_round": 2.0, "subsample": 0.35564820916409823}, "datetime": {"datetime": "2024-01-20 15:54:55", "elapsed": 5461.296339, "delta": 0.006633}}
{"target": -12.348218855113156, "params": {"colsample_bytree": 0.6434205795080611, "eta": 0.08797696905515909, "gamma": 586.8658239462858, "max_depth": 7.0, "min_child_weight": 4241.909180917668, "num_boost_round": 3.0, "subsample": 0.35564820916409823}, "datetime": {"datetime": "2024-01-20 15:54:55", "elapsed": 5461.303967, "delta": 0.007628}}
{"target": -12.34748741587391, "params": {"colsample_bytree": 0.6434205795080611, "eta": 0.08797696905515909, "gamma": 586.8658239462858, "max_depth": 7.0, "min_child_weight": 4241.909180917668, "num_boost_round": 4.0, "subsample": 0.35564820916409823}, "datetime": {"datetime": "2024-01-20 15:54:55", "elapsed": 5461.309967, "delta": 0.006}}
{"target": -12.34524465570713, "params": {"colsample_bytree": 0.6434205795080611, "eta": 0.08797696905515909, "gamma": 586.8658239462858, "max_depth": 7.0, "min_child_weight": 4241.909180917668, "num_boost_round": 5.0, "subsample": 0.35564820916409823}, "datetime": {"datetime": "2024-01-20 15:54:55", "elapsed": 5461.315465, "delta": 0.005498}}
{"target": -12.343800332814414, "params": {"colsample_bytree": 0.6434205795080611, "eta": 0.08797696905515909, "gamma": 586.8658239462858, "max_depth": 7.0, "min_child_weight": 4241.909180917668, "num_boost_round": 6.0, "subsample": 0.35564820916409823}, "datetime": {"datetime": "2024-01-20 15:54:55", "elapsed": 5461.321296, "delta": 0.005831}}
{"target": -12.34288085965633, "params": {"colsample_bytree": 0.6434205795080611, "eta": 0.08797696905515909, "gamma": 586.8658239462858, "max_depth": 7.0, "min_child_weight": 4241.909180917668, "num_boost_round": 7.0, "subsample": 0.35564820916409823}, "datetime": {"datetime": "2024-01-20 15:54:55", "elapsed": 5461.327213, "delta": 0.005917}}
{"target": -12.34277530213395, "params": {"colsample_bytree": 0.6434205795080611, "eta": 0.08797696905515909, "gamma": 586.8658239462858, "max_depth": 7.0, "min_child_weight": 4241.909180917668, "num_boost_round": 8.0, "subsample": 0.35564820916409823}, "datetime": {"datetime": "2024-01-20 15:54:55", "elapsed": 5461.332907, "delta": 0.005694}}
{"target": -12.341801218871, "params": {"colsample_bytree": 0.6434205795080611, "eta": 0.08797696905515909, "gamma": 586.8658239462858, "max_depth": 7.0, "min_child_weight": 4241.909180917668, "num_boost_round": 9.0, "subsample": 0.35564820916409823}, "datetime": {"datetime": "2024-01-20 15:54:55", "elapsed": 5461.338338, "delta": 0.005431}}
{"target": -12.34215109957125, "params": {"colsample_bytree": 0.6434205795080611, "eta": 0.08797696905515909, "gamma": 586.8658239462858, "max_depth": 7.0, "min_child_weight": 4241.909180917668, "num_boost_round": 10.0, "subsample": 0.35564820916409823}, "datetime": {"datetime": "2024-01-20 15:54:55", "elapsed": 5461.343849, "delta": 0.005511}}
{"target": -12.34151487576937, "params": {"colsample_bytree": 0.6434205795080611, "eta": 0.08797696905515909, "gamma": 586.8658239462858, "max_depth": 7.0, "min_child_weight": 4241.909180917668, "num_boost_round": 11.0, "subsample": 0.35564820916409823}, "datetime": {"datetime": "2024-01-20 15:54:55", "elapsed": 5461.349388, "delta": 0.005539}}
{"target": -12.341837225113146, "params": {"colsample_bytree": 0.6434205795080611, "eta": 0.08797696905515909, "gamma": 586.8658239462858, "max_depth": 7.0, "min_child_weight": 4241.909180917668, "num_boost_round": 12.0, "subsample": 0.35564820916409823}, "datetime": {"datetime": "2024-01-20 15:54:55", "elapsed": 5461.355153, "delta": 0.005765}}
{"target": -12.342254097984767, "params": {"colsample_bytree": 0.6434205795080611, "eta": 0.08797696905515909, "gamma": 586.8658239462858, "max_depth": 7.0, "min_child_weight": 4241.909180917668, "num_boost_round": 13.0, "subsample": 0.35564820916409823}, "datetime": {"datetime": "2024-01-20 15:54:55", "elapsed": 5461.361012, "delta": 0.005859}}
{"target": -12.342430998079767, "params": {"colsample_bytree": 0.6434205795080611, "eta": 0.08797696905515909, "gamma": 586.8658239462858, "max_depth": 7.0, "min_child_weight": 4241.909180917668, "num_boost_round": 14.0, "subsample": 0.35564820916409823}, "datetime": {"datetime": "2024-01-20 15:54:55", "elapsed": 5461.367054, "delta": 0.006042}}
{"target": -12.341650048884942, "params": {"colsample_bytree": 0.6434205795080611, "eta": 0.08797696905515909, "gamma": 586.8658239462858, "max_depth": 7.0, "min_child_weight": 4241.909180917668, "num_boost_round": 15.0, "subsample": 0.35564820916409823}, "datetime": {"datetime": "2024-01-20 15:54:55", "elapsed": 5461.373424, "delta": 0.00637}}
{"target": -12.342095177020118, "params": {"colsample_bytree": 0.6434205795080611, "eta": 0.08797696905515909, "gamma": 586.8658239462858, "max_depth": 7.0, "min_child_weight": 4241.909180917668, "num_boost_round": 16.0, "subsample": 0.35564820916409823}, "datetime": {"datetime": "2024-01-20 15:54:55", "elapsed": 5461.382331, "delta": 0.008907}}
{"target": -12.342285837747461, "params": {"colsample_bytree": 0.6434205795080611, "eta": 0.08797696905515909, "gamma": 586.8658239462858, "max_depth": 7.0, "min_child_weight": 4241.909180917668, "num_boost_round": 17.0, "subsample": 0.35564820916409823}, "datetime": {"datetime": "2024-01-20 15:54:55", "elapsed": 5461.390939, "delta": 0.008608}}
{"target": -12.342274387314752, "params": {"colsample_bytree": 0.6434205795080611, "eta": 0.08797696905515909, "gamma": 586.8658239462858, "max_depth": 7.0, "min_child_weight": 4241.909180917668, "num_boost_round": 18.0, "subsample": 0.35564820916409823}, "datetime": {"datetime": "2024-01-20 15:54:55", "elapsed": 5461.398936, "delta": 0.007997}}
{"target": -12.342345558636717, "params": {"colsample_bytree": 0.6434205795080611, "eta": 0.08797696905515909, "gamma": 586.8658239462858, "max_depth": 7.0, "min_child_weight": 4241.909180917668, "num_boost_round": 19.0, "subsample": 0.35564820916409823}, "datetime": {"datetime": "2024-01-20 15:54:55", "elapsed": 5461.404759, "delta": 0.005823}}
{"target": -12.342922982062124, "params": {"colsample_bytree": 0.6434205795080611, "eta": 0.08797696905515909, "gamma": 586.8658239462858, "max_depth": 7.0, "min_child_weight": 4241.909180917668, "num_boost_round": 20.0, "subsample": 0.35564820916409823}, "datetime": {"datetime": "2024-01-20 15:54:55", "elapsed": 5461.410221, "delta": 0.005462}}
{"target": -12.343576700368596, "params": {"colsample_bytree": 0.6434205795080611, "eta": 0.08797696905515909, "gamma": 586.8658239462858, "max_depth": 7.0, "min_child_weight": 4241.909180917668, "num_boost_round": 21.0, "subsample": 0.35564820916409823}, "datetime": {"datetime": "2024-01-20 15:54:55", "elapsed": 5461.415586, "delta": 0.005365}}
{"target": -12.344199986327968, "params": {"colsample_bytree": 0.6434205795080611, "eta": 0.08797696905515909, "gamma": 586.8658239462858, "max_depth": 7.0, "min_child_weight": 4241.909180917668, "num_boost_round": 22.0, "subsample": 0.35564820916409823}, "datetime": {"datetime": "2024-01-20 15:54:55", "elapsed": 5461.421112, "delta": 0.005526}}
{"target": -12.344340789166921, "params": {"colsample_bytree": 0.6434205795080611, "eta": 0.08797696905515909, "gamma": 586.8658239462858, "max_depth": 7.0, "min_child_weight": 4241.909180917668, "num_boost_round": 23.0, "subsample": 0.35564820916409823}, "datetime": {"datetime": "2024-01-20 15:54:55", "elapsed": 5461.426597, "delta": 0.005485}}
{"target": -12.344441391510504, "params": {"colsample_bytree": 0.6434205795080611, "eta": 0.08797696905515909, "gamma": 586.8658239462858, "max_depth": 7.0, "min_child_weight": 4241.909180917668, "num_boost_round": 24.0, "subsample": 0.35564820916409823}, "datetime": {"datetime": "2024-01-20 15:54:55", "elapsed": 5461.432004, "delta": 0.005407}}
{"target": -12.344027150339752, "params": {"colsample_bytree": 0.6434205795080611, "eta": 0.08797696905515909, "gamma": 586.8658239462858, "max_depth": 7.0, "min_child_weight": 4241.909180917668, "num_boost_round": 25.0, "subsample": 0.35564820916409823}, "datetime": {"datetime": "2024-01-20 15:54:55", "elapsed": 5461.437499, "delta": 0.005495}}
{"target": -12.344187040867057, "params": {"colsample_bytree": 0.6434205795080611, "eta": 0.08797696905515909, "gamma": 586.8658239462858, "max_depth": 7.0, "min_child_weight": 4241.909180917668, "num_boost_round": 26.0, "subsample": 0.35564820916409823}, "datetime": {"datetime": "2024-01-20 15:54:55", "elapsed": 5461.443063, "delta": 0.005564}}
{"target": -12.344351968393344, "params": {"colsample_bytree": 0.6434205795080611, "eta": 0.08797696905515909, "gamma": 586.8658239462858, "max_depth": 7.0, "min_child_weight": 4241.909180917668, "num_boost_round": 27.0, "subsample": 0.35564820916409823}, "datetime": {"datetime": "2024-01-20 15:54:55", "elapsed": 5461.448725, "delta": 0.005662}}
{"target": -12.344055815434318, "params": {"colsample_bytree": 0.6434205795080611, "eta": 0.08797696905515909, "gamma": 586.8658239462858, "max_depth": 7.0, "min_child_weight": 4241.909180917668, "num_boost_round": 28.0, "subsample": 0.35564820916409823}, "datetime": {"datetime": "2024-01-20 15:54:55", "elapsed": 5461.454478, "delta": 0.005753}}
{"target": -12.344654716914459, "params": {"colsample_bytree": 0.6434205795080611, "eta": 0.08797696905515909, "gamma": 586.8658239462858, "max_depth": 7.0, "min_child_weight": 4241.909180917668, "num_boost_round": 29.0, "subsample": 0.35564820916409823}, "datetime": {"datetime": "2024-01-20 15:54:55", "elapsed": 5461.459858, "delta": 0.00538}}
{"target": -12.344808217827904, "params": {"colsample_bytree": 0.6434205795080611, "eta": 0.08797696905515909, "gamma": 586.8658239462858, "max_depth": 7.0, "min_child_weight": 4241.909180917668, "num_boost_round": 30.0, "subsample": 0.35564820916409823}, "datetime": {"datetime": "2024-01-20 15:54:55", "elapsed": 5461.465264, "delta": 0.005406}}
{"target": -12.34523725584126, "params": {"colsample_bytree": 0.6434205795080611, "eta": 0.08797696905515909, "gamma": 586.8658239462858, "max_depth": 7.0, "min_child_weight": 4241.909180917668, "num_boost_round": 31.0, "subsample": 0.35564820916409823}, "datetime": {"datetime": "2024-01-20 15:54:55", "elapsed": 5461.470756, "delta": 0.005492}}
{"target": -12.345365558077946, "params": {"colsample_bytree": 0.6434205795080611, "eta": 0.08797696905515909, "gamma": 586.8658239462858, "max_depth": 7.0, "min_child_weight": 4241.909180917668, "num_boost_round": 32.0, "subsample": 0.35564820916409823}, "datetime": {"datetime": "2024-01-20 15:54:55", "elapsed": 5461.476425, "delta": 0.005669}}
{"target": -12.345724693655495, "params": {"colsample_bytree": 0.6434205795080611, "eta": 0.08797696905515909, "gamma": 586.8658239462858, "max_depth": 7.0, "min_child_weight": 4241.909180917668, "num_boost_round": 33.0, "subsample": 0.35564820916409823}, "datetime": {"datetime": "2024-01-20 15:54:55", "elapsed": 5461.482833, "delta": 0.006408}}
{"target": -12.345771071553598, "params": {"colsample_bytree": 0.6434205795080611, "eta": 0.08797696905515909, "gamma": 586.8658239462858, "max_depth": 7.0, "min_child_weight": 4241.909180917668, "num_boost_round": 34.0, "subsample": 0.35564820916409823}, "datetime": {"datetime": "2024-01-20 15:54:55", "elapsed": 5461.48894, "delta": 0.006107}}
{"target": -12.346428358127618, "params": {"colsample_bytree": 0.6434205795080611, "eta": 0.08797696905515909, "gamma": 586.8658239462858, "max_depth": 7.0, "min_child_weight": 4241.909180917668, "num_boost_round": 35.0, "subsample": 0.35564820916409823}, "datetime": {"datetime": "2024-01-20 15:54:55", "elapsed": 5461.494929, "delta": 0.005989}}
{"target": -12.346225780365831, "params": {"colsample_bytree": 0.6434205795080611, "eta": 0.08797696905515909, "gamma": 586.8658239462858, "max_depth": 7.0, "min_child_weight": 4241.909180917668, "num_boost_round": 36.0, "subsample": 0.35564820916409823}, "datetime": {"datetime": "2024-01-20 15:54:55", "elapsed": 5461.500749, "delta": 0.00582}}
{"target": -12.34656620715964, "params": {"colsample_bytree": 0.6434205795080611, "eta": 0.08797696905515909, "gamma": 586.8658239462858, "max_depth": 7.0, "min_child_weight": 4241.909180917668, "num_boost_round": 37.0, "subsample": 0.35564820916409823}, "datetime": {"datetime": "2024-01-20 15:54:55", "elapsed": 5461.506661, "delta": 0.005912}}
{"target": -12.34709015322975, "params": {"colsample_bytree": 0.6434205795080611, "eta": 0.08797696905515909, "gamma": 586.8658239462858, "max_depth": 7.0, "min_child_weight": 4241.909180917668, "num_boost_round": 38.0, "subsample": 0.35564820916409823}, "datetime": {"datetime": "2024-01-20 15:54:55", "elapsed": 5461.512531, "delta": 0.00587}}
{"target": -12.347280024671663, "params": {"colsample_bytree": 0.6434205795080611, "eta": 0.08797696905515909, "gamma": 586.8658239462858, "max_depth": 7.0, "min_child_weight": 4241.909180917668, "num_boost_round": 39.0, "subsample": 0.35564820916409823}, "datetime": {"datetime": "2024-01-20 15:54:55", "elapsed": 5461.518357, "delta": 0.005826}}
{"target": -12.347453836737072, "params": {"colsample_bytree": 0.6434205795080611, "eta": 0.08797696905515909, "gamma": 586.8658239462858, "max_depth": 7.0, "min_child_weight": 4241.909180917668, "num_boost_round": 40.0, "subsample": 0.35564820916409823}, "datetime": {"datetime": "2024-01-20 15:54:55", "elapsed": 5461.524129, "delta": 0.005772}}
{"target": -12.347678020949413, "params": {"colsample_bytree": 0.6434205795080611, "eta": 0.08797696905515909, "gamma": 586.8658239462858, "max_depth": 7.0, "min_child_weight": 4241.909180917668, "num_boost_round": 41.0, "subsample": 0.35564820916409823}, "datetime": {"datetime": "2024-01-20 15:54:55", "elapsed": 5461.529641, "delta": 0.005512}}
{"target": -12.348067246608998, "params": {"colsample_bytree": 0.6434205795080611, "eta": 0.08797696905515909, "gamma": 586.8658239462858, "max_depth": 7.0, "min_child_weight": 4241.909180917668, "num_boost_round": 42.0, "subsample": 0.35564820916409823}, "datetime": {"datetime": "2024-01-20 15:54:55", "elapsed": 5461.535028, "delta": 0.005387}}
{"target": -12.348099864680442, "params": {"colsample_bytree": 0.6434205795080611, "eta": 0.08797696905515909, "gamma": 586.8658239462858, "max_depth": 7.0, "min_child_weight": 4241.909180917668, "num_boost_round": 43.0, "subsample": 0.35564820916409823}, "datetime": {"datetime": "2024-01-20 15:54:55", "elapsed": 5461.540411, "delta": 0.005383}}
{"target": -12.358570096497838, "params": {"colsample_bytree": 0.284952767188353, "eta": 0.0020172712601784696, "gamma": 503.2295554481253, "max_depth": 8.0, "min_child_weight": 4298.166072362624, "num_boost_round": 1.0, "subsample": 0.8565184699243816}, "datetime": {"datetime": "2024-01-20 15:56:02", "elapsed": 5528.660158, "delta": 67.119747}}
{"target": -12.358513808159074, "params": {"colsample_bytree": 0.284952767188353, "eta": 0.0020172712601784696, "gamma": 503.2295554481253, "max_depth": 8.0, "min_child_weight": 4298.166072362624, "num_boost_round": 2.0, "subsample": 0.8565184699243816}, "datetime": {"datetime": "2024-01-20 15:56:02", "elapsed": 5528.667318, "delta": 0.00716}}
{"target": -12.358377426926147, "params": {"colsample_bytree": 0.284952767188353, "eta": 0.0020172712601784696, "gamma": 503.2295554481253, "max_depth": 8.0, "min_child_weight": 4298.166072362624, "num_boost_round": 3.0, "subsample": 0.8565184699243816}, "datetime": {"datetime": "2024-01-20 15:56:02", "elapsed": 5528.673979, "delta": 0.006661}}
{"target": -12.35838081199196, "params": {"colsample_bytree": 0.284952767188353, "eta": 0.0020172712601784696, "gamma": 503.2295554481253, "max_depth": 8.0, "min_child_weight": 4298.166072362624, "num_boost_round": 4.0, "subsample": 0.8565184699243816}, "datetime": {"datetime": "2024-01-20 15:56:02", "elapsed": 5528.680488, "delta": 0.006509}}
{"target": -12.358314971451819, "params": {"colsample_bytree": 0.284952767188353, "eta": 0.0020172712601784696, "gamma": 503.2295554481253, "max_depth": 8.0, "min_child_weight": 4298.166072362624, "num_boost_round": 5.0, "subsample": 0.8565184699243816}, "datetime": {"datetime": "2024-01-20 15:56:02", "elapsed": 5528.688758, "delta": 0.00827}}
{"target": -12.3582467152998, "params": {"colsample_bytree": 0.284952767188353, "eta": 0.0020172712601784696, "gamma": 503.2295554481253, "max_depth": 8.0, "min_child_weight": 4298.166072362624, "num_boost_round": 6.0, "subsample": 0.8565184699243816}, "datetime": {"datetime": "2024-01-20 15:56:02", "elapsed": 5528.697786, "delta": 0.009028}}
{"target": -12.358236861760158, "params": {"colsample_bytree": 0.284952767188353, "eta": 0.0020172712601784696, "gamma": 503.2295554481253, "max_depth": 8.0, "min_child_weight": 4298.166072362624, "num_boost_round": 7.0, "subsample": 0.8565184699243816}, "datetime": {"datetime": "2024-01-20 15:56:02", "elapsed": 5528.706637, "delta": 0.008851}}
{"target": -12.35817440885568, "params": {"colsample_bytree": 0.284952767188353, "eta": 0.0020172712601784696, "gamma": 503.2295554481253, "max_depth": 8.0, "min_child_weight": 4298.166072362624, "num_boost_round": 8.0, "subsample": 0.8565184699243816}, "datetime": {"datetime": "2024-01-20 15:56:02", "elapsed": 5528.713403, "delta": 0.006766}}
{"target": -12.358173300811252, "params": {"colsample_bytree": 0.284952767188353, "eta": 0.0020172712601784696, "gamma": 503.2295554481253, "max_depth": 8.0, "min_child_weight": 4298.166072362624, "num_boost_round": 9.0, "subsample": 0.8565184699243816}, "datetime": {"datetime": "2024-01-20 15:56:02", "elapsed": 5528.719764, "delta": 0.006361}}
{"target": -12.358134651144665, "params": {"colsample_bytree": 0.284952767188353, "eta": 0.0020172712601784696, "gamma": 503.2295554481253, "max_depth": 8.0, "min_child_weight": 4298.166072362624, "num_boost_round": 10.0, "subsample": 0.8565184699243816}, "datetime": {"datetime": "2024-01-20 15:56:02", "elapsed": 5528.725799, "delta": 0.006035}}
