{"target": -19.14497821100347, "params": {"colsample_bytree": 0.3219853500533292, "eta": 0.02272755252500931, "gamma": 476.8081086370085, "max_depth": 8.0, "min_child_weight": 4576.375263400439, "num_boost_round": 35.0, "subsample": 0.3575301572812224}, "datetime": {"datetime": "2024-01-20 15:21:59", "elapsed": 3487.270984, "delta": 0.003227}}
{"target": -19.144950006149163, "params": {"colsample_bytree": 0.3219853500533292, "eta": 0.02272755252500931, "gamma": 476.8081086370085, "max_depth": 8.0, "min_child_weight": 4576.375263400439, "num_boost_round": 36.0, "subsample": 0.3575301572812224}, "datetime": {"datetime": "2024-01-20 15:21:59", "elapsed": 3487.274193, "delta": 0.003209}}
{"target": -19.144971264328174, "params": {"colsample_bytree": 0.3219853500533292, "eta": 0.02272755252500931, "gamma": 476.8081086370085, "max_depth": 8.0, "min_child_weight": 4576.375263400439, "num_boost_round": 37.0, "subsample": 0.3575301572812224}, "datetime": {"datetime": "2024-01-20 15:21:59", "elapsed": 3487.277607, "delta": 0.003414}}
{"target": -19.14534069277104, "params": {"colsample_bytree": 0.3219853500533292, "eta": 0.02272755252500931, "gamma": 476.8081086370085, "max_depth": 8.0, "min_child_weight": 4576.375263400439, "num_boost_round": 38.0, "subsample": 0.3575301572812224}, "datetime": {"datetime": "2024-01-20 15:21:59", "elapsed": 3487.280808, "delta": 0.003201}}
{"target": -19.145351999357324, "params": {"colsample_bytree": 0.3219853500533292, "eta": 0.02272755252500931, "gamma": 476.8081086370085, "max_depth": 8.0, "min_child_weight": 4576.375263400439, "num_boost_round": 39.0, "subsample": 0.3575301572812224}, "datetime": {"datetime": "2024-01-20 15:21:59", "elapsed": 3487.284066, "delta": 0.003258}}
{"target": -19.145249613563294, "params": {"colsample_bytree": 0.3219853500533292, "eta": 0.02272755252500931, "gamma": 476.8081086370085, "max_depth": 8.0, "min_child_weight": 4576.375263400439, "num_boost_round": 40.0, "subsample": 0.3575301572812224}, "datetime": {"datetime": "2024-01-20 15:21:59", "elapsed": 3487.287357, "delta": 0.003291}}
{"target": -19.145263267349087, "params": {"colsample_bytree": 0.3219853500533292, "eta": 0.02272755252500931, "gamma": 476.8081086370085, "max_depth": 8.0, "min_child_weight": 4576.375263400439, "num_boost_round": 41.0, "subsample": 0.3575301572812224}, "datetime": {"datetime": "2024-01-20 15:21:59", "elapsed": 3487.2906, "delta": 0.003243}}
{"target": -19.145380129550276, "params": {"colsample_bytree": 0.3219853500533292, "eta": 0.02272755252500931, "gamma": 476.8081086370085, "max_depth": 8.0, "min_child_weight": 4576.375263400439, "num_boost_round": 42.0, "subsample": 0.3575301572812224}, "datetime": {"datetime": "2024-01-20 15:21:59", "elapsed": 3487.294356, "delta": 0.003756}}
{"target": -19.14535549652885, "params": {"colsample_bytree": 0.3219853500533292, "eta": 0.02272755252500931, "gamma": 476.8081086370085, "max_depth": 8.0, "min_child_weight": 4576.375263400439, "num_boost_round": 43.0, "subsample": 0.3575301572812224}, "datetime": {"datetime": "2024-01-20 15:21:59", "elapsed": 3487.297592, "delta": 0.003236}}
{"target": -19.14569070505687, "params": {"colsample_bytree": 0.3219853500533292, "eta": 0.02272755252500931, "gamma": 476.8081086370085, "max_depth": 8.0, "min_child_weight": 4576.375263400439, "num_boost_round": 44.0, "subsample": 0.3575301572812224}, "datetime": {"datetime": "2024-01-20 15:21:59", "elapsed": 3487.300916, "delta": 0.003324}}
{"target": -19.14568853250431, "params": {"colsample_bytree": 0.3219853500533292, "eta": 0.02272755252500931, "gamma": 476.8081086370085, "max_depth": 8.0, "min_child_weight": 4576.375263400439, "num_boost_round": 45.0, "subsample": 0.3575301572812224}, "datetime": {"datetime": "2024-01-20 15:21:59", "elapsed": 3487.304379, "delta": 0.003463}}
{"target": -19.14552718573392, "params": {"colsample_bytree": 0.3219853500533292, "eta": 0.02272755252500931, "gamma": 476.8081086370085, "max_depth": 8.0, "min_child_weight": 4576.375263400439, "num_boost_round": 46.0, "subsample": 0.3575301572812224}, "datetime": {"datetime": "2024-01-20 15:21:59", "elapsed": 3487.307711, "delta": 0.003332}}
{"target": -19.14559826750328, "params": {"colsample_bytree": 0.3219853500533292, "eta": 0.02272755252500931, "gamma": 476.8081086370085, "max_depth": 8.0, "min_child_weight": 4576.375263400439, "num_boost_round": 47.0, "subsample": 0.3575301572812224}, "datetime": {"datetime": "2024-01-20 15:21:59", "elapsed": 3487.310957, "delta": 0.003246}}
{"target": -19.14554935780843, "params": {"colsample_bytree": 0.3219853500533292, "eta": 0.02272755252500931, "gamma": 476.8081086370085, "max_depth": 8.0, "min_child_weight": 4576.375263400439, "num_boost_round": 48.0, "subsample": 0.3575301572812224}, "datetime": {"datetime": "2024-01-20 15:21:59", "elapsed": 3487.31418, "delta": 0.003223}}
{"target": -19.14570106767617, "params": {"colsample_bytree": 0.3219853500533292, "eta": 0.02272755252500931, "gamma": 476.8081086370085, "max_depth": 8.0, "min_child_weight": 4576.375263400439, "num_boost_round": 49.0, "subsample": 0.3575301572812224}, "datetime": {"datetime": "2024-01-20 15:21:59", "elapsed": 3487.317688, "delta": 0.003508}}
{"target": -19.145760622405245, "params": {"colsample_bytree": 0.3219853500533292, "eta": 0.02272755252500931, "gamma": 476.8081086370085, "max_depth": 8.0, "min_child_weight": 4576.375263400439, "num_boost_round": 50.0, "subsample": 0.3575301572812224}, "datetime": {"datetime": "2024-01-20 15:21:59", "elapsed": 3487.32113, "delta": 0.003442}}
{"target": -19.145646455430764, "params": {"colsample_bytree": 0.3219853500533292, "eta": 0.02272755252500931, "gamma": 476.8081086370085, "max_depth": 8.0, "min_child_weight": 4576.375263400439, "num_boost_round": 51.0, "subsample": 0.3575301572812224}, "datetime": {"datetime": "2024-01-20 15:21:59", "elapsed": 3487.324511, "delta": 0.003381}}
{"target": -19.145538309442152, "params": {"colsample_bytree": 0.3219853500533292, "eta": 0.02272755252500931, "gamma": 476.8081086370085, "max_depth": 8.0, "min_child_weight": 4576.375263400439, "num_boost_round": 52.0, "subsample": 0.3575301572812224}, "datetime": {"datetime": "2024-01-20 15:21:59", "elapsed": 3487.327769, "delta": 0.003258}}
{"target": -19.145833533558125, "params": {"colsample_bytree": 0.3219853500533292, "eta": 0.02272755252500931, "gamma": 476.8081086370085, "max_depth": 8.0, "min_child_weight": 4576.375263400439, "num_boost_round": 53.0, "subsample": 0.3575301572812224}, "datetime": {"datetime": "2024-01-20 15:21:59", "elapsed": 3487.331023, "delta": 0.003254}}
{"target": -19.14591144691285, "params": {"colsample_bytree": 0.3219853500533292, "eta": 0.02272755252500931, "gamma": 476.8081086370085, "max_depth": 8.0, "min_child_weight": 4576.375263400439, "num_boost_round": 54.0, "subsample": 0.3575301572812224}, "datetime": {"datetime": "2024-01-20 15:21:59", "elapsed": 3487.334263, "delta": 0.00324}}
{"target": -19.145942519297, "params": {"colsample_bytree": 0.3219853500533292, "eta": 0.02272755252500931, "gamma": 476.8081086370085, "max_depth": 8.0, "min_child_weight": 4576.375263400439, "num_boost_round": 55.0, "subsample": 0.3575301572812224}, "datetime": {"datetime": "2024-01-20 15:21:59", "elapsed": 3487.337522, "delta": 0.003259}}
{"target": -19.14612578094521, "params": {"colsample_bytree": 0.3219853500533292, "eta": 0.02272755252500931, "gamma": 476.8081086370085, "max_depth": 8.0, "min_child_weight": 4576.375263400439, "num_boost_round": 56.0, "subsample": 0.3575301572812224}, "datetime": {"datetime": "2024-01-20 15:21:59", "elapsed": 3487.340899, "delta": 0.003377}}
{"target": -19.146176840585916, "params": {"colsample_bytree": 0.3219853500533292, "eta": 0.02272755252500931, "gamma": 476.8081086370085, "max_depth": 8.0, "min_child_weight": 4576.375263400439, "num_boost_round": 57.0, "subsample": 0.3575301572812224}, "datetime": {"datetime": "2024-01-20 15:21:59", "elapsed": 3487.363844, "delta": 0.022945}}
{"target": -19.14612897399913, "params": {"colsample_bytree": 0.3219853500533292, "eta": 0.02272755252500931, "gamma": 476.8081086370085, "max_depth": 8.0, "min_child_weight": 4576.375263400439, "num_boost_round": 58.0, "subsample": 0.3575301572812224}, "datetime": {"datetime": "2024-01-20 15:21:59", "elapsed": 3487.367355, "delta": 0.003511}}
{"target": -19.14632058963548, "params": {"colsample_bytree": 0.3219853500533292, "eta": 0.02272755252500931, "gamma": 476.8081086370085, "max_depth": 8.0, "min_child_weight": 4576.375263400439, "num_boost_round": 59.0, "subsample": 0.3575301572812224}, "datetime": {"datetime": "2024-01-20 15:21:59", "elapsed": 3487.370663, "delta": 0.003308}}
{"target": -19.146420257370824, "params": {"colsample_bytree": 0.3219853500533292, "eta": 0.02272755252500931, "gamma": 476.8081086370085, "max_depth": 8.0, "min_child_weight": 4576.375263400439, "num_boost_round": 60.0, "subsample": 0.3575301572812224}, "datetime": {"datetime": "2024-01-20 15:21:59", "elapsed": 3487.374012, "delta": 0.003349}}
{"target": -19.146568486798547, "params": {"colsample_bytree": 0.3219853500533292, "eta": 0.02272755252500931, "gamma": 476.8081086370085, "max_depth": 8.0, "min_child_weight": 4576.375263400439, "num_boost_round": 61.0, "subsample": 0.3575301572812224}, "datetime": {"datetime": "2024-01-20 15:21:59", "elapsed": 3487.377436, "delta": 0.003424}}
{"target": -19.14659310331769, "params": {"colsample_bytree": 0.3219853500533292, "eta": 0.02272755252500931, "gamma": 476.8081086370085, "max_depth": 8.0, "min_child_weight": 4576.375263400439, "num_boost_round": 62.0, "subsample": 0.3575301572812224}, "datetime": {"datetime": "2024-01-20 15:21:59", "elapsed": 3487.380678, "delta": 0.003242}}
{"target": -19.14671900897943, "params": {"colsample_bytree": 0.3219853500533292, "eta": 0.02272755252500931, "gamma": 476.8081086370085, "max_depth": 8.0, "min_child_weight": 4576.375263400439, "num_boost_round": 63.0, "subsample": 0.3575301572812224}, "datetime": {"datetime": "2024-01-20 15:21:59", "elapsed": 3487.383971, "delta": 0.003293}}
{"target": -19.146816276191075, "params": {"colsample_bytree": 0.3219853500533292, "eta": 0.02272755252500931, "gamma": 476.8081086370085, "max_depth": 8.0, "min_child_weight": 4576.375263400439, "num_boost_round": 64.0, "subsample": 0.3575301572812224}, "datetime": {"datetime": "2024-01-20 15:21:59", "elapsed": 3487.387256, "delta": 0.003285}}
{"target": -19.1468958043917, "params": {"colsample_bytree": 0.3219853500533292, "eta": 0.02272755252500931, "gamma": 476.8081086370085, "max_depth": 8.0, "min_child_weight": 4576.375263400439, "num_boost_round": 65.0, "subsample": 0.3575301572812224}, "datetime": {"datetime": "2024-01-20 15:21:59", "elapsed": 3487.390584, "delta": 0.003328}}
{"target": -19.14698615432357, "params": {"colsample_bytree": 0.3219853500533292, "eta": 0.02272755252500931, "gamma": 476.8081086370085, "max_depth": 8.0, "min_child_weight": 4576.375263400439, "num_boost_round": 66.0, "subsample": 0.3575301572812224}, "datetime": {"datetime": "2024-01-20 15:21:59", "elapsed": 3487.393923, "delta": 0.003339}}
{"target": -19.146952717284414, "params": {"colsample_bytree": 0.3219853500533292, "eta": 0.02272755252500931, "gamma": 476.8081086370085, "max_depth": 8.0, "min_child_weight": 4576.375263400439, "num_boost_round": 67.0, "subsample": 0.3575301572812224}, "datetime": {"datetime": "2024-01-20 15:21:59", "elapsed": 3487.397252, "delta": 0.003329}}
{"target": -19.147011231787687, "params": {"colsample_bytree": 0.3219853500533292, "eta": 0.02272755252500931, "gamma": 476.8081086370085, "max_depth": 8.0, "min_child_weight": 4576.375263400439, "num_boost_round": 68.0, "subsample": 0.3575301572812224}, "datetime": {"datetime": "2024-01-20 15:21:59", "elapsed": 3487.400696, "delta": 0.003444}}
{"target": -19.147056832465186, "params": {"colsample_bytree": 0.3219853500533292, "eta": 0.02272755252500931, "gamma": 476.8081086370085, "max_depth": 8.0, "min_child_weight": 4576.375263400439, "num_boost_round": 69.0, "subsample": 0.3575301572812224}, "datetime": {"datetime": "2024-01-20 15:21:59", "elapsed": 3487.40416, "delta": 0.003464}}
{"target": -19.147097315815287, "params": {"colsample_bytree": 0.3219853500533292, "eta": 0.02272755252500931, "gamma": 476.8081086370085, "max_depth": 8.0, "min_child_weight": 4576.375263400439, "num_boost_round": 70.0, "subsample": 0.3575301572812224}, "datetime": {"datetime": "2024-01-20 15:21:59", "elapsed": 3487.407447, "delta": 0.003287}}
{"target": -19.147182451412526, "params": {"colsample_bytree": 0.3219853500533292, "eta": 0.02272755252500931, "gamma": 476.8081086370085, "max_depth": 8.0, "min_child_weight": 4576.375263400439, "num_boost_round": 71.0, "subsample": 0.3575301572812224}, "datetime": {"datetime": "2024-01-20 15:21:59", "elapsed": 3487.410721, "delta": 0.003274}}
{"target": -19.147267675404105, "params": {"colsample_bytree": 0.3219853500533292, "eta": 0.02272755252500931, "gamma": 476.8081086370085, "max_depth": 8.0, "min_child_weight": 4576.375263400439, "num_boost_round": 72.0, "subsample": 0.3575301572812224}, "datetime": {"datetime": "2024-01-20 15:21:59", "elapsed": 3487.414006, "delta": 0.003285}}
{"target": -19.147346224274358, "params": {"colsample_bytree": 0.3219853500533292, "eta": 0.02272755252500931, "gamma": 476.8081086370085, "max_depth": 8.0, "min_child_weight": 4576.375263400439, "num_boost_round": 73.0, "subsample": 0.3575301572812224}, "datetime": {"datetime": "2024-01-20 15:21:59", "elapsed": 3487.417467, "delta": 0.003461}}
{"target": -19.14755602509568, "params": {"colsample_bytree": 0.3219853500533292, "eta": 0.02272755252500931, "gamma": 476.8081086370085, "max_depth": 8.0, "min_child_weight": 4576.375263400439, "num_boost_round": 74.0, "subsample": 0.3575301572812224}, "datetime": {"datetime": "2024-01-20 15:21:59", "elapsed": 3487.42078, "delta": 0.003313}}
{"target": -19.14792961953262, "params": {"colsample_bytree": 0.3219853500533292, "eta": 0.02272755252500931, "gamma": 476.8081086370085, "max_depth": 8.0, "min_child_weight": 4576.375263400439, "num_boost_round": 75.0, "subsample": 0.3575301572812224}, "datetime": {"datetime": "2024-01-20 15:21:59", "elapsed": 3487.424064, "delta": 0.003284}}
{"target": -19.14786524991777, "params": {"colsample_bytree": 0.3219853500533292, "eta": 0.02272755252500931, "gamma": 476.8081086370085, "max_depth": 8.0, "min_child_weight": 4576.375263400439, "num_boost_round": 76.0, "subsample": 0.3575301572812224}, "datetime": {"datetime": "2024-01-20 15:21:59", "elapsed": 3487.427351, "delta": 0.003287}}
{"target": -19.14806996011263, "params": {"colsample_bytree": 0.3219853500533292, "eta": 0.02272755252500931, "gamma": 476.8081086370085, "max_depth": 8.0, "min_child_weight": 4576.375263400439, "num_boost_round": 77.0, "subsample": 0.3575301572812224}, "datetime": {"datetime": "2024-01-20 15:21:59", "elapsed": 3487.430623, "delta": 0.003272}}
{"target": -19.148187135467886, "params": {"colsample_bytree": 0.3219853500533292, "eta": 0.02272755252500931, "gamma": 476.8081086370085, "max_depth": 8.0, "min_child_weight": 4576.375263400439, "num_boost_round": 78.0, "subsample": 0.3575301572812224}, "datetime": {"datetime": "2024-01-20 15:21:59", "elapsed": 3487.433878, "delta": 0.003255}}
{"target": -19.148316134532188, "params": {"colsample_bytree": 0.3219853500533292, "eta": 0.02272755252500931, "gamma": 476.8081086370085, "max_depth": 8.0, "min_child_weight": 4576.375263400439, "num_boost_round": 79.0, "subsample": 0.3575301572812224}, "datetime": {"datetime": "2024-01-20 15:21:59", "elapsed": 3487.43712, "delta": 0.003242}}
{"target": -19.148639338653826, "params": {"colsample_bytree": 0.3219853500533292, "eta": 0.02272755252500931, "gamma": 476.8081086370085, "max_depth": 8.0, "min_child_weight": 4576.375263400439, "num_boost_round": 80.0, "subsample": 0.3575301572812224}, "datetime": {"datetime": "2024-01-20 15:21:59", "elapsed": 3487.440457, "delta": 0.003337}}
{"target": -19.14354859559599, "params": {"colsample_bytree": 0.474149801231886, "eta": 0.07875233659082317, "gamma": 467.6217167951553, "max_depth": 7.0, "min_child_weight": 4643.621023353439, "num_boost_round": 1.0, "subsample": 0.838017793164173}, "datetime": {"datetime": "2024-01-20 15:22:54", "elapsed": 3542.911364, "delta": 55.470907}}
{"target": -19.14382545690247, "params": {"colsample_bytree": 0.474149801231886, "eta": 0.07875233659082317, "gamma": 467.6217167951553, "max_depth": 7.0, "min_child_weight": 4643.621023353439, "num_boost_round": 2.0, "subsample": 0.838017793164173}, "datetime": {"datetime": "2024-01-20 15:22:55", "elapsed": 3542.999693, "delta": 0.088329}}
{"target": -19.144584891428625, "params": {"colsample_bytree": 0.474149801231886, "eta": 0.07875233659082317, "gamma": 467.6217167951553, "max_depth": 7.0, "min_child_weight": 4643.621023353439, "num_boost_round": 3.0, "subsample": 0.838017793164173}, "datetime": {"datetime": "2024-01-20 15:22:55", "elapsed": 3543.003772, "delta": 0.004079}}
{"target": -19.14406352308457, "params": {"colsample_bytree": 0.474149801231886, "eta": 0.07875233659082317, "gamma": 467.6217167951553, "max_depth": 7.0, "min_child_weight": 4643.621023353439, "num_boost_round": 4.0, "subsample": 0.838017793164173}, "datetime": {"datetime": "2024-01-20 15:22:55", "elapsed": 3543.007593, "delta": 0.003821}}
{"target": -19.145582046439973, "params": {"colsample_bytree": 0.474149801231886, "eta": 0.07875233659082317, "gamma": 467.6217167951553, "max_depth": 7.0, "min_child_weight": 4643.621023353439, "num_boost_round": 5.0, "subsample": 0.838017793164173}, "datetime": {"datetime": "2024-01-20 15:22:55", "elapsed": 3543.011543, "delta": 0.00395}}
{"target": -19.145029669447798, "params": {"colsample_bytree": 0.474149801231886, "eta": 0.07875233659082317, "gamma": 467.6217167951553, "max_depth": 7.0, "min_child_weight": 4643.621023353439, "num_boost_round": 6.0, "subsample": 0.838017793164173}, "datetime": {"datetime": "2024-01-20 15:22:55", "elapsed": 3543.015141, "delta": 0.003598}}
{"target": -19.146067832599293, "params": {"colsample_bytree": 0.474149801231886, "eta": 0.07875233659082317, "gamma": 467.6217167951553, "max_depth": 7.0, "min_child_weight": 4643.621023353439, "num_boost_round": 7.0, "subsample": 0.838017793164173}, "datetime": {"datetime": "2024-01-20 15:22:55", "elapsed": 3543.019068, "delta": 0.003927}}
{"target": -19.147023080516625, "params": {"colsample_bytree": 0.474149801231886, "eta": 0.07875233659082317, "gamma": 467.6217167951553, "max_depth": 7.0, "min_child_weight": 4643.621023353439, "num_boost_round": 8.0, "subsample": 0.838017793164173}, "datetime": {"datetime": "2024-01-20 15:22:55", "elapsed": 3543.022594, "delta": 0.003526}}
{"target": -19.147332231683396, "params": {"colsample_bytree": 0.474149801231886, "eta": 0.07875233659082317, "gamma": 467.6217167951553, "max_depth": 7.0, "min_child_weight": 4643.621023353439, "num_boost_round": 9.0, "subsample": 0.838017793164173}, "datetime": {"datetime": "2024-01-20 15:22:55", "elapsed": 3543.026283, "delta": 0.003689}}
{"target": -19.14799767756173, "params": {"colsample_bytree": 0.474149801231886, "eta": 0.07875233659082317, "gamma": 467.6217167951553, "max_depth": 7.0, "min_child_weight": 4643.621023353439, "num_boost_round": 10.0, "subsample": 0.838017793164173}, "datetime": {"datetime": "2024-01-20 15:22:55", "elapsed": 3543.029856, "delta": 0.003573}}
{"target": -19.148201990484633, "params": {"colsample_bytree": 0.474149801231886, "eta": 0.07875233659082317, "gamma": 467.6217167951553, "max_depth": 7.0, "min_child_weight": 4643.621023353439, "num_boost_round": 11.0, "subsample": 0.838017793164173}, "datetime": {"datetime": "2024-01-20 15:22:55", "elapsed": 3543.033378, "delta": 0.003522}}
{"target": -19.148647479827233, "params": {"colsample_bytree": 0.474149801231886, "eta": 0.07875233659082317, "gamma": 467.6217167951553, "max_depth": 7.0, "min_child_weight": 4643.621023353439, "num_boost_round": 12.0, "subsample": 0.838017793164173}, "datetime": {"datetime": "2024-01-20 15:22:55", "elapsed": 3543.03709, "delta": 0.003712}}
{"target": -19.14943018705886, "params": {"colsample_bytree": 0.474149801231886, "eta": 0.07875233659082317, "gamma": 467.6217167951553, "max_depth": 7.0, "min_child_weight": 4643.621023353439, "num_boost_round": 13.0, "subsample": 0.838017793164173}, "datetime": {"datetime": "2024-01-20 15:22:55", "elapsed": 3543.040738, "delta": 0.003648}}
{"target": -19.1507964304881, "params": {"colsample_bytree": 0.474149801231886, "eta": 0.07875233659082317, "gamma": 467.6217167951553, "max_depth": 7.0, "min_child_weight": 4643.621023353439, "num_boost_round": 14.0, "subsample": 0.838017793164173}, "datetime": {"datetime": "2024-01-20 15:22:55", "elapsed": 3543.044307, "delta": 0.003569}}
{"target": -19.15253104098074, "params": {"colsample_bytree": 0.474149801231886, "eta": 0.07875233659082317, "gamma": 467.6217167951553, "max_depth": 7.0, "min_child_weight": 4643.621023353439, "num_boost_round": 15.0, "subsample": 0.838017793164173}, "datetime": {"datetime": "2024-01-20 15:22:55", "elapsed": 3543.047945, "delta": 0.003638}}
{"target": -19.15251145496639, "params": {"colsample_bytree": 0.474149801231886, "eta": 0.07875233659082317, "gamma": 467.6217167951553, "max_depth": 7.0, "min_child_weight": 4643.621023353439, "num_boost_round": 16.0, "subsample": 0.838017793164173}, "datetime": {"datetime": "2024-01-20 15:22:55", "elapsed": 3543.051529, "delta": 0.003584}}
{"target": -19.153278615814, "params": {"colsample_bytree": 0.474149801231886, "eta": 0.07875233659082317, "gamma": 467.6217167951553, "max_depth": 7.0, "min_child_weight": 4643.621023353439, "num_boost_round": 17.0, "subsample": 0.838017793164173}, "datetime": {"datetime": "2024-01-20 15:22:55", "elapsed": 3543.055333, "delta": 0.003804}}
