{"target": -13.50275262579161, "params": {"colsample_bytree": 0.1265134165247806, "eta": 0.09328897684265822, "gamma": 538.0892188317379, "max_depth": 8.0, "min_child_weight": 4434.967040162856, "num_boost_round": 31.0, "subsample": 0.9400067847694241}, "datetime": {"datetime": "2024-01-20 14:41:20", "elapsed": 1033.554266, "delta": 0.001643}}
{"target": -13.502820262894264, "params": {"colsample_bytree": 0.1265134165247806, "eta": 0.09328897684265822, "gamma": 538.0892188317379, "max_depth": 8.0, "min_child_weight": 4434.967040162856, "num_boost_round": 32.0, "subsample": 0.9400067847694241}, "datetime": {"datetime": "2024-01-20 14:41:20", "elapsed": 1033.556016, "delta": 0.00175}}
{"target": -13.502998508073787, "params": {"colsample_bytree": 0.1265134165247806, "eta": 0.09328897684265822, "gamma": 538.0892188317379, "max_depth": 8.0, "min_child_weight": 4434.967040162856, "num_boost_round": 33.0, "subsample": 0.9400067847694241}, "datetime": {"datetime": "2024-01-20 14:41:20", "elapsed": 1033.557644, "delta": 0.001628}}
{"target": -13.502860634956733, "params": {"colsample_bytree": 0.1265134165247806, "eta": 0.09328897684265822, "gamma": 538.0892188317379, "max_depth": 8.0, "min_child_weight": 4434.967040162856, "num_boost_round": 34.0, "subsample": 0.9400067847694241}, "datetime": {"datetime": "2024-01-20 14:41:20", "elapsed": 1033.564391, "delta": 0.006747}}
{"target": -13.503579418684332, "params": {"colsample_bytree": 0.1265134165247806, "eta": 0.09328897684265822, "gamma": 538.0892188317379, "max_depth": 8.0, "min_child_weight": 4434.967040162856, "num_boost_round": 35.0, "subsample": 0.9400067847694241}, "datetime": {"datetime": "2024-01-20 14:41:20", "elapsed": 1033.566107, "delta": 0.001716}}
{"target": -13.503616325540042, "params": {"colsample_bytree": 0.1265134165247806, "eta": 0.09328897684265822, "gamma": 538.0892188317379, "max_depth": 8.0, "min_child_weight": 4434.967040162856, "num_boost_round": 36.0, "subsample": 0.9400067847694241}, "datetime": {"datetime": "2024-01-20 14:41:20", "elapsed": 1033.567749, "delta": 0.001642}}
{"target": -13.503754241351844, "params": {"colsample_bytree": 0.1265134165247806, "eta": 0.09328897684265822, "gamma": 538.0892188317379, "max_depth": 8.0, "min_child_weight": 4434.967040162856, "num_boost_round": 37.0, "subsample": 0.9400067847694241}, "datetime": {"datetime": "2024-01-20 14:41:20", "elapsed": 1033.569375, "delta": 0.001626}}
{"target": -13.504302356210502, "params": {"colsample_bytree": 0.1265134165247806, "eta": 0.09328897684265822, "gamma": 538.0892188317379, "max_depth": 8.0, "min_child_weight": 4434.967040162856, "num_boost_round": 38.0, "subsample": 0.9400067847694241}, "datetime": {"datetime": "2024-01-20 14:41:20", "elapsed": 1033.57102, "delta": 0.001645}}
{"target": -13.505310773942632, "params": {"colsample_bytree": 0.1265134165247806, "eta": 0.09328897684265822, "gamma": 538.0892188317379, "max_depth": 8.0, "min_child_weight": 4434.967040162856, "num_boost_round": 39.0, "subsample": 0.9400067847694241}, "datetime": {"datetime": "2024-01-20 14:41:20", "elapsed": 1033.572719, "delta": 0.001699}}
{"target": -13.505383090888426, "params": {"colsample_bytree": 0.1265134165247806, "eta": 0.09328897684265822, "gamma": 538.0892188317379, "max_depth": 8.0, "min_child_weight": 4434.967040162856, "num_boost_round": 40.0, "subsample": 0.9400067847694241}, "datetime": {"datetime": "2024-01-20 14:41:20", "elapsed": 1033.574401, "delta": 0.001682}}
{"target": -13.505534492484518, "params": {"colsample_bytree": 0.1265134165247806, "eta": 0.09328897684265822, "gamma": 538.0892188317379, "max_depth": 8.0, "min_child_weight": 4434.967040162856, "num_boost_round": 41.0, "subsample": 0.9400067847694241}, "datetime": {"datetime": "2024-01-20 14:41:20", "elapsed": 1033.576107, "delta": 0.001706}}
{"target": -13.505917680707247, "params": {"colsample_bytree": 0.1265134165247806, "eta": 0.09328897684265822, "gamma": 538.0892188317379, "max_depth": 8.0, "min_child_weight": 4434.967040162856, "num_boost_round": 42.0, "subsample": 0.9400067847694241}, "datetime": {"datetime": "2024-01-20 14:41:20", "elapsed": 1033.577777, "delta": 0.00167}}
{"target": -13.50591812453396, "params": {"colsample_bytree": 0.1265134165247806, "eta": 0.09328897684265822, "gamma": 538.0892188317379, "max_depth": 8.0, "min_child_weight": 4434.967040162856, "num_boost_round": 43.0, "subsample": 0.9400067847694241}, "datetime": {"datetime": "2024-01-20 14:41:20", "elapsed": 1033.579459, "delta": 0.001682}}
{"target": -13.506069300273925, "params": {"colsample_bytree": 0.1265134165247806, "eta": 0.09328897684265822, "gamma": 538.0892188317379, "max_depth": 8.0, "min_child_weight": 4434.967040162856, "num_boost_round": 44.0, "subsample": 0.9400067847694241}, "datetime": {"datetime": "2024-01-20 14:41:20", "elapsed": 1033.581147, "delta": 0.001688}}
{"target": -13.50606921637927, "params": {"colsample_bytree": 0.1265134165247806, "eta": 0.09328897684265822, "gamma": 538.0892188317379, "max_depth": 8.0, "min_child_weight": 4434.967040162856, "num_boost_round": 45.0, "subsample": 0.9400067847694241}, "datetime": {"datetime": "2024-01-20 14:41:20", "elapsed": 1033.582831, "delta": 0.001684}}
{"target": -13.497628467844207, "params": {"colsample_bytree": 0.39279794544512536, "eta": 0.09950605923216445, "gamma": 446.3478572120712, "max_depth": 8.0, "min_child_weight": 4381.87679362326, "num_boost_round": 1.0, "subsample": 0.9263284633861895}, "datetime": {"datetime": "2024-01-20 14:42:15", "elapsed": 1088.880016, "delta": 55.297185}}
{"target": -13.498205616656572, "params": {"colsample_bytree": 0.39279794544512536, "eta": 0.09950605923216445, "gamma": 446.3478572120712, "max_depth": 8.0, "min_child_weight": 4381.87679362326, "num_boost_round": 2.0, "subsample": 0.9263284633861895}, "datetime": {"datetime": "2024-01-20 14:42:15", "elapsed": 1088.882735, "delta": 0.002719}}
{"target": -13.49888034638125, "params": {"colsample_bytree": 0.39279794544512536, "eta": 0.09950605923216445, "gamma": 446.3478572120712, "max_depth": 8.0, "min_child_weight": 4381.87679362326, "num_boost_round": 3.0, "subsample": 0.9263284633861895}, "datetime": {"datetime": "2024-01-20 14:42:15", "elapsed": 1088.884819, "delta": 0.002084}}
{"target": -13.499918001582138, "params": {"colsample_bytree": 0.39279794544512536, "eta": 0.09950605923216445, "gamma": 446.3478572120712, "max_depth": 8.0, "min_child_weight": 4381.87679362326, "num_boost_round": 4.0, "subsample": 0.9263284633861895}, "datetime": {"datetime": "2024-01-20 14:42:15", "elapsed": 1088.88643, "delta": 0.001611}}
{"target": -13.499553750244955, "params": {"colsample_bytree": 0.39279794544512536, "eta": 0.09950605923216445, "gamma": 446.3478572120712, "max_depth": 8.0, "min_child_weight": 4381.87679362326, "num_boost_round": 5.0, "subsample": 0.9263284633861895}, "datetime": {"datetime": "2024-01-20 14:42:15", "elapsed": 1088.888141, "delta": 0.001711}}
{"target": -13.499885104241763, "params": {"colsample_bytree": 0.39279794544512536, "eta": 0.09950605923216445, "gamma": 446.3478572120712, "max_depth": 8.0, "min_child_weight": 4381.87679362326, "num_boost_round": 6.0, "subsample": 0.9263284633861895}, "datetime": {"datetime": "2024-01-20 14:42:15", "elapsed": 1088.889895, "delta": 0.001754}}
{"target": -13.500695672886966, "params": {"colsample_bytree": 0.39279794544512536, "eta": 0.09950605923216445, "gamma": 446.3478572120712, "max_depth": 8.0, "min_child_weight": 4381.87679362326, "num_boost_round": 7.0, "subsample": 0.9263284633861895}, "datetime": {"datetime": "2024-01-20 14:42:15", "elapsed": 1088.891515, "delta": 0.00162}}
{"target": -13.501195535213078, "params": {"colsample_bytree": 0.39279794544512536, "eta": 0.09950605923216445, "gamma": 446.3478572120712, "max_depth": 8.0, "min_child_weight": 4381.87679362326, "num_boost_round": 8.0, "subsample": 0.9263284633861895}, "datetime": {"datetime": "2024-01-20 14:42:15", "elapsed": 1088.893241, "delta": 0.001726}}
{"target": -13.501291570749284, "params": {"colsample_bytree": 0.39279794544512536, "eta": 0.09950605923216445, "gamma": 446.3478572120712, "max_depth": 8.0, "min_child_weight": 4381.87679362326, "num_boost_round": 9.0, "subsample": 0.9263284633861895}, "datetime": {"datetime": "2024-01-20 14:42:15", "elapsed": 1088.894885, "delta": 0.001644}}
{"target": -13.501115478283737, "params": {"colsample_bytree": 0.39279794544512536, "eta": 0.09950605923216445, "gamma": 446.3478572120712, "max_depth": 8.0, "min_child_weight": 4381.87679362326, "num_boost_round": 10.0, "subsample": 0.9263284633861895}, "datetime": {"datetime": "2024-01-20 14:42:15", "elapsed": 1088.896486, "delta": 0.001601}}
{"target": -13.50104548920812, "params": {"colsample_bytree": 0.39279794544512536, "eta": 0.09950605923216445, "gamma": 446.3478572120712, "max_depth": 8.0, "min_child_weight": 4381.87679362326, "num_boost_round": 11.0, "subsample": 0.9263284633861895}, "datetime": {"datetime": "2024-01-20 14:42:15", "elapsed": 1088.898088, "delta": 0.001602}}
{"target": -13.502275526493971, "params": {"colsample_bytree": 0.39279794544512536, "eta": 0.09950605923216445, "gamma": 446.3478572120712, "max_depth": 8.0, "min_child_weight": 4381.87679362326, "num_boost_round": 12.0, "subsample": 0.9263284633861895}, "datetime": {"datetime": "2024-01-20 14:42:15", "elapsed": 1088.899679, "delta": 0.001591}}
{"target": -13.502417316238539, "params": {"colsample_bytree": 0.39279794544512536, "eta": 0.09950605923216445, "gamma": 446.3478572120712, "max_depth": 8.0, "min_child_weight": 4381.87679362326, "num_boost_round": 13.0, "subsample": 0.9263284633861895}, "datetime": {"datetime": "2024-01-20 14:42:15", "elapsed": 1088.901281, "delta": 0.001602}}
{"target": -13.502849031510733, "params": {"colsample_bytree": 0.39279794544512536, "eta": 0.09950605923216445, "gamma": 446.3478572120712, "max_depth": 8.0, "min_child_weight": 4381.87679362326, "num_boost_round": 14.0, "subsample": 0.9263284633861895}, "datetime": {"datetime": "2024-01-20 14:42:15", "elapsed": 1088.902878, "delta": 0.001597}}
{"target": -13.502869685651604, "params": {"colsample_bytree": 0.39279794544512536, "eta": 0.09950605923216445, "gamma": 446.3478572120712, "max_depth": 8.0, "min_child_weight": 4381.87679362326, "num_boost_round": 15.0, "subsample": 0.9263284633861895}, "datetime": {"datetime": "2024-01-20 14:42:15", "elapsed": 1088.904499, "delta": 0.001621}}
{"target": -13.504377317244451, "params": {"colsample_bytree": 0.39279794544512536, "eta": 0.09950605923216445, "gamma": 446.3478572120712, "max_depth": 8.0, "min_child_weight": 4381.87679362326, "num_boost_round": 16.0, "subsample": 0.9263284633861895}, "datetime": {"datetime": "2024-01-20 14:42:15", "elapsed": 1088.9061, "delta": 0.001601}}
{"target": -13.504995855500557, "params": {"colsample_bytree": 0.39279794544512536, "eta": 0.09950605923216445, "gamma": 446.3478572120712, "max_depth": 8.0, "min_child_weight": 4381.87679362326, "num_boost_round": 17.0, "subsample": 0.9263284633861895}, "datetime": {"datetime": "2024-01-20 14:42:15", "elapsed": 1088.907694, "delta": 0.001594}}
{"target": -13.505699456496636, "params": {"colsample_bytree": 0.39279794544512536, "eta": 0.09950605923216445, "gamma": 446.3478572120712, "max_depth": 8.0, "min_child_weight": 4381.87679362326, "num_boost_round": 18.0, "subsample": 0.9263284633861895}, "datetime": {"datetime": "2024-01-20 14:42:15", "elapsed": 1088.909288, "delta": 0.001594}}
{"target": -13.50636879940339, "params": {"colsample_bytree": 0.39279794544512536, "eta": 0.09950605923216445, "gamma": 446.3478572120712, "max_depth": 8.0, "min_child_weight": 4381.87679362326, "num_boost_round": 19.0, "subsample": 0.9263284633861895}, "datetime": {"datetime": "2024-01-20 14:42:15", "elapsed": 1088.910897, "delta": 0.001609}}
{"target": -13.506891251762351, "params": {"colsample_bytree": 0.39279794544512536, "eta": 0.09950605923216445, "gamma": 446.3478572120712, "max_depth": 8.0, "min_child_weight": 4381.87679362326, "num_boost_round": 20.0, "subsample": 0.9263284633861895}, "datetime": {"datetime": "2024-01-20 14:42:15", "elapsed": 1088.912609, "delta": 0.001712}}
{"target": -13.507724853860251, "params": {"colsample_bytree": 0.39279794544512536, "eta": 0.09950605923216445, "gamma": 446.3478572120712, "max_depth": 8.0, "min_child_weight": 4381.87679362326, "num_boost_round": 21.0, "subsample": 0.9263284633861895}, "datetime": {"datetime": "2024-01-20 14:42:15", "elapsed": 1088.914214, "delta": 0.001605}}
{"target": -13.507914452342746, "params": {"colsample_bytree": 0.39279794544512536, "eta": 0.09950605923216445, "gamma": 446.3478572120712, "max_depth": 8.0, "min_child_weight": 4381.87679362326, "num_boost_round": 22.0, "subsample": 0.9263284633861895}, "datetime": {"datetime": "2024-01-20 14:42:15", "elapsed": 1088.916119, "delta": 0.001905}}
{"target": -13.50788835044261, "params": {"colsample_bytree": 0.39279794544512536, "eta": 0.09950605923216445, "gamma": 446.3478572120712, "max_depth": 8.0, "min_child_weight": 4381.87679362326, "num_boost_round": 23.0, "subsample": 0.9263284633861895}, "datetime": {"datetime": "2024-01-20 14:42:15", "elapsed": 1088.917862, "delta": 0.001743}}
{"target": -13.508773626519869, "params": {"colsample_bytree": 0.39279794544512536, "eta": 0.09950605923216445, "gamma": 446.3478572120712, "max_depth": 8.0, "min_child_weight": 4381.87679362326, "num_boost_round": 24.0, "subsample": 0.9263284633861895}, "datetime": {"datetime": "2024-01-20 14:42:15", "elapsed": 1088.919463, "delta": 0.001601}}
{"target": -13.508969896659167, "params": {"colsample_bytree": 0.39279794544512536, "eta": 0.09950605923216445, "gamma": 446.3478572120712, "max_depth": 8.0, "min_child_weight": 4381.87679362326, "num_boost_round": 25.0, "subsample": 0.9263284633861895}, "datetime": {"datetime": "2024-01-20 14:42:15", "elapsed": 1088.921122, "delta": 0.001659}}
{"target": -13.509586621177418, "params": {"colsample_bytree": 0.39279794544512536, "eta": 0.09950605923216445, "gamma": 446.3478572120712, "max_depth": 8.0, "min_child_weight": 4381.87679362326, "num_boost_round": 26.0, "subsample": 0.9263284633861895}, "datetime": {"datetime": "2024-01-20 14:42:15", "elapsed": 1088.922721, "delta": 0.001599}}
{"target": -13.511146328563841, "params": {"colsample_bytree": 0.39279794544512536, "eta": 0.09950605923216445, "gamma": 446.3478572120712, "max_depth": 8.0, "min_child_weight": 4381.87679362326, "num_boost_round": 27.0, "subsample": 0.9263284633861895}, "datetime": {"datetime": "2024-01-20 14:42:15", "elapsed": 1088.92439, "delta": 0.001669}}
{"target": -13.511428083211872, "params": {"colsample_bytree": 0.39279794544512536, "eta": 0.09950605923216445, "gamma": 446.3478572120712, "max_depth": 8.0, "min_child_weight": 4381.87679362326, "num_boost_round": 28.0, "subsample": 0.9263284633861895}, "datetime": {"datetime": "2024-01-20 14:42:15", "elapsed": 1088.926061, "delta": 0.001671}}
{"target": -13.512118915912652, "params": {"colsample_bytree": 0.39279794544512536, "eta": 0.09950605923216445, "gamma": 446.3478572120712, "max_depth": 8.0, "min_child_weight": 4381.87679362326, "num_boost_round": 29.0, "subsample": 0.9263284633861895}, "datetime": {"datetime": "2024-01-20 14:42:15", "elapsed": 1088.927725, "delta": 0.001664}}
{"target": -13.51280353425662, "params": {"colsample_bytree": 0.39279794544512536, "eta": 0.09950605923216445, "gamma": 446.3478572120712, "max_depth": 8.0, "min_child_weight": 4381.87679362326, "num_boost_round": 30.0, "subsample": 0.9263284633861895}, "datetime": {"datetime": "2024-01-20 14:42:15", "elapsed": 1088.929402, "delta": 0.001677}}
{"target": -13.512940460987128, "params": {"colsample_bytree": 0.39279794544512536, "eta": 0.09950605923216445, "gamma": 446.3478572120712, "max_depth": 8.0, "min_child_weight": 4381.87679362326, "num_boost_round": 31.0, "subsample": 0.9263284633861895}, "datetime": {"datetime": "2024-01-20 14:42:15", "elapsed": 1088.931054, "delta": 0.001652}}
{"target": -13.513087789831332, "params": {"colsample_bytree": 0.39279794544512536, "eta": 0.09950605923216445, "gamma": 446.3478572120712, "max_depth": 8.0, "min_child_weight": 4381.87679362326, "num_boost_round": 32.0, "subsample": 0.9263284633861895}, "datetime": {"datetime": "2024-01-20 14:42:15", "elapsed": 1088.932717, "delta": 0.001663}}
{"target": -13.513796985275182, "params": {"colsample_bytree": 0.39279794544512536, "eta": 0.09950605923216445, "gamma": 446.3478572120712, "max_depth": 8.0, "min_child_weight": 4381.87679362326, "num_boost_round": 33.0, "subsample": 0.9263284633861895}, "datetime": {"datetime": "2024-01-20 14:42:15", "elapsed": 1088.934372, "delta": 0.001655}}
{"target": -13.513882004099578, "params": {"colsample_bytree": 0.39279794544512536, "eta": 0.09950605923216445, "gamma": 446.3478572120712, "max_depth": 8.0, "min_child_weight": 4381.87679362326, "num_boost_round": 34.0, "subsample": 0.9263284633861895}, "datetime": {"datetime": "2024-01-20 14:42:15", "elapsed": 1088.936026, "delta": 0.001654}}
{"target": -13.514279200358033, "params": {"colsample_bytree": 0.39279794544512536, "eta": 0.09950605923216445, "gamma": 446.3478572120712, "max_depth": 8.0, "min_child_weight": 4381.87679362326, "num_boost_round": 35.0, "subsample": 0.9263284633861895}, "datetime": {"datetime": "2024-01-20 14:42:15", "elapsed": 1088.937699, "delta": 0.001673}}
{"target": -13.514442536314998, "params": {"colsample_bytree": 0.39279794544512536, "eta": 0.09950605923216445, "gamma": 446.3478572120712, "max_depth": 8.0, "min_child_weight": 4381.87679362326, "num_boost_round": 36.0, "subsample": 0.9263284633861895}, "datetime": {"datetime": "2024-01-20 14:42:15", "elapsed": 1088.939349, "delta": 0.00165}}
{"target": -13.514270567216034, "params": {"colsample_bytree": 0.39279794544512536, "eta": 0.09950605923216445, "gamma": 446.3478572120712, "max_depth": 8.0, "min_child_weight": 4381.87679362326, "num_boost_round": 37.0, "subsample": 0.9263284633861895}, "datetime": {"datetime": "2024-01-20 14:42:15", "elapsed": 1088.941014, "delta": 0.001665}}
{"target": -13.514459696493464, "params": {"colsample_bytree": 0.39279794544512536, "eta": 0.09950605923216445, "gamma": 446.3478572120712, "max_depth": 8.0, "min_child_weight": 4381.87679362326, "num_boost_round": 38.0, "subsample": 0.9263284633861895}, "datetime": {"datetime": "2024-01-20 14:42:15", "elapsed": 1088.942688, "delta": 0.001674}}
{"target": -13.514520886619545, "params": {"colsample_bytree": 0.39279794544512536, "eta": 0.09950605923216445, "gamma": 446.3478572120712, "max_depth": 8.0, "min_child_weight": 4381.87679362326, "num_boost_round": 39.0, "subsample": 0.9263284633861895}, "datetime": {"datetime": "2024-01-20 14:42:15", "elapsed": 1088.944346, "delta": 0.001658}}
{"target": -13.51446843112672, "params": {"colsample_bytree": 0.39279794544512536, "eta": 0.09950605923216445, "gamma": 446.3478572120712, "max_depth": 8.0, "min_child_weight": 4381.87679362326, "num_boost_round": 40.0, "subsample": 0.9263284633861895}, "datetime": {"datetime": "2024-01-20 14:42:15", "elapsed": 1088.946019, "delta": 0.001673}}
{"target": -13.514237456480688, "params": {"colsample_bytree": 0.39279794544512536, "eta": 0.09950605923216445, "gamma": 446.3478572120712, "max_depth": 8.0, "min_child_weight": 4381.87679362326, "num_boost_round": 41.0, "subsample": 0.9263284633861895}, "datetime": {"datetime": "2024-01-20 14:42:15", "elapsed": 1088.947696, "delta": 0.001677}}
{"target": -13.514664419389398, "params": {"colsample_bytree": 0.39279794544512536, "eta": 0.09950605923216445, "gamma": 446.3478572120712, "max_depth": 8.0, "min_child_weight": 4381.87679362326, "num_boost_round": 42.0, "subsample": 0.9263284633861895}, "datetime": {"datetime": "2024-01-20 14:42:15", "elapsed": 1088.949342, "delta": 0.001646}}
{"target": -13.514980484560494, "params": {"colsample_bytree": 0.39279794544512536, "eta": 0.09950605923216445, "gamma": 446.3478572120712, "max_depth": 8.0, "min_child_weight": 4381.87679362326, "num_boost_round": 43.0, "subsample": 0.9263284633861895}, "datetime": {"datetime": "2024-01-20 14:42:15", "elapsed": 1088.951005, "delta": 0.001663}}
{"target": -13.515140054964158, "params": {"colsample_bytree": 0.39279794544512536, "eta": 0.09950605923216445, "gamma": 446.3478572120712, "max_depth": 8.0, "min_child_weight": 4381.87679362326, "num_boost_round": 44.0, "subsample": 0.9263284633861895}, "datetime": {"datetime": "2024-01-20 14:42:15", "elapsed": 1088.952669, "delta": 0.001664}}
{"target": -13.515249648976393, "params": {"colsample_bytree": 0.39279794544512536, "eta": 0.09950605923216445, "gamma": 446.3478572120712, "max_depth": 8.0, "min_child_weight": 4381.87679362326, "num_boost_round": 45.0, "subsample": 0.9263284633861895}, "datetime": {"datetime": "2024-01-20 14:42:15", "elapsed": 1088.95433, "delta": 0.001661}}
{"target": -13.515783596499613, "params": {"colsample_bytree": 0.39279794544512536, "eta": 0.09950605923216445, "gamma": 446.3478572120712, "max_depth": 8.0, "min_child_weight": 4381.87679362326, "num_boost_round": 46.0, "subsample": 0.9263284633861895}, "datetime": {"datetime": "2024-01-20 14:42:15", "elapsed": 1088.956, "delta": 0.00167}}
{"target": -13.515782395684663, "params": {"colsample_bytree": 0.39279794544512536, "eta": 0.09950605923216445, "gamma": 446.3478572120712, "max_depth": 8.0, "min_child_weight": 4381.87679362326, "num_boost_round": 47.0, "subsample": 0.9263284633861895}, "datetime": {"datetime": "2024-01-20 14:42:15", "elapsed": 1088.957665, "delta": 0.001665}}
{"target": -13.51587353285542, "params": {"colsample_bytree": 0.39279794544512536, "eta": 0.09950605923216445, "gamma": 446.3478572120712, "max_depth": 8.0, "min_child_weight": 4381.87679362326, "num_boost_round": 48.0, "subsample": 0.9263284633861895}, "datetime": {"datetime": "2024-01-20 14:42:15", "elapsed": 1088.959809, "delta": 0.002144}}
