{"target": -19.161715920436585, "params": {"colsample_bytree": 0.9275783098917644, "eta": 0.08133491899656486, "gamma": 336.29768405905526, "max_depth": 8.0, "min_child_weight": 3604.680694241128, "num_boost_round": 13.0, "subsample": 0.9265606016253326}, "datetime": {"datetime": "2024-01-20 16:56:01", "elapsed": 9129.110045, "delta": 0.005371}}
{"target": -19.163119032870085, "params": {"colsample_bytree": 0.9275783098917644, "eta": 0.08133491899656486, "gamma": 336.29768405905526, "max_depth": 8.0, "min_child_weight": 3604.680694241128, "num_boost_round": 14.0, "subsample": 0.9265606016253326}, "datetime": {"datetime": "2024-01-20 16:56:01", "elapsed": 9129.11577, "delta": 0.005725}}
{"target": -19.16433595090782, "params": {"colsample_bytree": 0.9275783098917644, "eta": 0.08133491899656486, "gamma": 336.29768405905526, "max_depth": 8.0, "min_child_weight": 3604.680694241128, "num_boost_round": 15.0, "subsample": 0.9265606016253326}, "datetime": {"datetime": "2024-01-20 16:56:01", "elapsed": 9129.12116, "delta": 0.00539}}
{"target": -19.165192937048943, "params": {"colsample_bytree": 0.9275783098917644, "eta": 0.08133491899656486, "gamma": 336.29768405905526, "max_depth": 8.0, "min_child_weight": 3604.680694241128, "num_boost_round": 16.0, "subsample": 0.9265606016253326}, "datetime": {"datetime": "2024-01-20 16:56:01", "elapsed": 9129.126696, "delta": 0.005536}}
{"target": -19.166435476666287, "params": {"colsample_bytree": 0.9275783098917644, "eta": 0.08133491899656486, "gamma": 336.29768405905526, "max_depth": 8.0, "min_child_weight": 3604.680694241128, "num_boost_round": 17.0, "subsample": 0.9265606016253326}, "datetime": {"datetime": "2024-01-20 16:56:01", "elapsed": 9129.132134, "delta": 0.005438}}
{"target": -19.167357870271392, "params": {"colsample_bytree": 0.9275783098917644, "eta": 0.08133491899656486, "gamma": 336.29768405905526, "max_depth": 8.0, "min_child_weight": 3604.680694241128, "num_boost_round": 18.0, "subsample": 0.9265606016253326}, "datetime": {"datetime": "2024-01-20 16:56:01", "elapsed": 9129.137587, "delta": 0.005453}}
{"target": -19.168412655885685, "params": {"colsample_bytree": 0.9275783098917644, "eta": 0.08133491899656486, "gamma": 336.29768405905526, "max_depth": 8.0, "min_child_weight": 3604.680694241128, "num_boost_round": 19.0, "subsample": 0.9265606016253326}, "datetime": {"datetime": "2024-01-20 16:56:01", "elapsed": 9129.143063, "delta": 0.005476}}
{"target": -19.169072373403658, "params": {"colsample_bytree": 0.9275783098917644, "eta": 0.08133491899656486, "gamma": 336.29768405905526, "max_depth": 8.0, "min_child_weight": 3604.680694241128, "num_boost_round": 20.0, "subsample": 0.9265606016253326}, "datetime": {"datetime": "2024-01-20 16:56:01", "elapsed": 9129.148544, "delta": 0.005481}}
{"target": -19.17034506259103, "params": {"colsample_bytree": 0.9275783098917644, "eta": 0.08133491899656486, "gamma": 336.29768405905526, "max_depth": 8.0, "min_child_weight": 3604.680694241128, "num_boost_round": 21.0, "subsample": 0.9265606016253326}, "datetime": {"datetime": "2024-01-20 16:56:01", "elapsed": 9129.154024, "delta": 0.00548}}
{"target": -19.17088575759498, "params": {"colsample_bytree": 0.9275783098917644, "eta": 0.08133491899656486, "gamma": 336.29768405905526, "max_depth": 8.0, "min_child_weight": 3604.680694241128, "num_boost_round": 22.0, "subsample": 0.9265606016253326}, "datetime": {"datetime": "2024-01-20 16:56:01", "elapsed": 9129.159541, "delta": 0.005517}}
{"target": -19.172335569458937, "params": {"colsample_bytree": 0.9275783098917644, "eta": 0.08133491899656486, "gamma": 336.29768405905526, "max_depth": 8.0, "min_child_weight": 3604.680694241128, "num_boost_round": 23.0, "subsample": 0.9265606016253326}, "datetime": {"datetime": "2024-01-20 16:56:01", "elapsed": 9129.165259, "delta": 0.005718}}
{"target": -19.173346850999494, "params": {"colsample_bytree": 0.9275783098917644, "eta": 0.08133491899656486, "gamma": 336.29768405905526, "max_depth": 8.0, "min_child_weight": 3604.680694241128, "num_boost_round": 24.0, "subsample": 0.9265606016253326}, "datetime": {"datetime": "2024-01-20 16:56:01", "elapsed": 9129.170766, "delta": 0.005507}}
{"target": -19.17424374577852, "params": {"colsample_bytree": 0.9275783098917644, "eta": 0.08133491899656486, "gamma": 336.29768405905526, "max_depth": 8.0, "min_child_weight": 3604.680694241128, "num_boost_round": 25.0, "subsample": 0.9265606016253326}, "datetime": {"datetime": "2024-01-20 16:56:01", "elapsed": 9129.176201, "delta": 0.005435}}
{"target": -19.174472330724193, "params": {"colsample_bytree": 0.9275783098917644, "eta": 0.08133491899656486, "gamma": 336.29768405905526, "max_depth": 8.0, "min_child_weight": 3604.680694241128, "num_boost_round": 26.0, "subsample": 0.9265606016253326}, "datetime": {"datetime": "2024-01-20 16:56:01", "elapsed": 9129.181755, "delta": 0.005554}}
{"target": -19.175332169101726, "params": {"colsample_bytree": 0.9275783098917644, "eta": 0.08133491899656486, "gamma": 336.29768405905526, "max_depth": 8.0, "min_child_weight": 3604.680694241128, "num_boost_round": 27.0, "subsample": 0.9265606016253326}, "datetime": {"datetime": "2024-01-20 16:56:01", "elapsed": 9129.18729, "delta": 0.005535}}
{"target": -19.175409406207685, "params": {"colsample_bytree": 0.9275783098917644, "eta": 0.08133491899656486, "gamma": 336.29768405905526, "max_depth": 8.0, "min_child_weight": 3604.680694241128, "num_boost_round": 28.0, "subsample": 0.9265606016253326}, "datetime": {"datetime": "2024-01-20 16:56:01", "elapsed": 9129.192791, "delta": 0.005501}}
{"target": -19.175968662604205, "params": {"colsample_bytree": 0.9275783098917644, "eta": 0.08133491899656486, "gamma": 336.29768405905526, "max_depth": 8.0, "min_child_weight": 3604.680694241128, "num_boost_round": 29.0, "subsample": 0.9265606016253326}, "datetime": {"datetime": "2024-01-20 16:56:01", "elapsed": 9129.198218, "delta": 0.005427}}
{"target": -19.17677350048232, "params": {"colsample_bytree": 0.9275783098917644, "eta": 0.08133491899656486, "gamma": 336.29768405905526, "max_depth": 8.0, "min_child_weight": 3604.680694241128, "num_boost_round": 30.0, "subsample": 0.9265606016253326}, "datetime": {"datetime": "2024-01-20 16:56:01", "elapsed": 9129.203747, "delta": 0.005529}}
{"target": -19.177503147403886, "params": {"colsample_bytree": 0.9275783098917644, "eta": 0.08133491899656486, "gamma": 336.29768405905526, "max_depth": 8.0, "min_child_weight": 3604.680694241128, "num_boost_round": 31.0, "subsample": 0.9265606016253326}, "datetime": {"datetime": "2024-01-20 16:56:01", "elapsed": 9129.209173, "delta": 0.005426}}
{"target": -19.177924614053417, "params": {"colsample_bytree": 0.9275783098917644, "eta": 0.08133491899656486, "gamma": 336.29768405905526, "max_depth": 8.0, "min_child_weight": 3604.680694241128, "num_boost_round": 32.0, "subsample": 0.9265606016253326}, "datetime": {"datetime": "2024-01-20 16:56:01", "elapsed": 9129.214729, "delta": 0.005556}}
{"target": -19.178421352186945, "params": {"colsample_bytree": 0.9275783098917644, "eta": 0.08133491899656486, "gamma": 336.29768405905526, "max_depth": 8.0, "min_child_weight": 3604.680694241128, "num_boost_round": 33.0, "subsample": 0.9265606016253326}, "datetime": {"datetime": "2024-01-20 16:56:01", "elapsed": 9129.220222, "delta": 0.005493}}
{"target": -19.179226583839288, "params": {"colsample_bytree": 0.9275783098917644, "eta": 0.08133491899656486, "gamma": 336.29768405905526, "max_depth": 8.0, "min_child_weight": 3604.680694241128, "num_boost_round": 34.0, "subsample": 0.9265606016253326}, "datetime": {"datetime": "2024-01-20 16:56:01", "elapsed": 9129.225722, "delta": 0.0055}}
{"target": -19.17928181806562, "params": {"colsample_bytree": 0.9275783098917644, "eta": 0.08133491899656486, "gamma": 336.29768405905526, "max_depth": 8.0, "min_child_weight": 3604.680694241128, "num_boost_round": 35.0, "subsample": 0.9265606016253326}, "datetime": {"datetime": "2024-01-20 16:56:01", "elapsed": 9129.231155, "delta": 0.005433}}
{"target": -19.179688241818628, "params": {"colsample_bytree": 0.9275783098917644, "eta": 0.08133491899656486, "gamma": 336.29768405905526, "max_depth": 8.0, "min_child_weight": 3604.680694241128, "num_boost_round": 36.0, "subsample": 0.9265606016253326}, "datetime": {"datetime": "2024-01-20 16:56:01", "elapsed": 9129.236619, "delta": 0.005464}}
{"target": -19.180089353771066, "params": {"colsample_bytree": 0.9275783098917644, "eta": 0.08133491899656486, "gamma": 336.29768405905526, "max_depth": 8.0, "min_child_weight": 3604.680694241128, "num_boost_round": 37.0, "subsample": 0.9265606016253326}, "datetime": {"datetime": "2024-01-20 16:56:01", "elapsed": 9129.242593, "delta": 0.005974}}
{"target": -19.180689999574778, "params": {"colsample_bytree": 0.9275783098917644, "eta": 0.08133491899656486, "gamma": 336.29768405905526, "max_depth": 8.0, "min_child_weight": 3604.680694241128, "num_boost_round": 38.0, "subsample": 0.9265606016253326}, "datetime": {"datetime": "2024-01-20 16:56:01", "elapsed": 9129.248341, "delta": 0.005748}}
{"target": -19.180999757236716, "params": {"colsample_bytree": 0.9275783098917644, "eta": 0.08133491899656486, "gamma": 336.29768405905526, "max_depth": 8.0, "min_child_weight": 3604.680694241128, "num_boost_round": 39.0, "subsample": 0.9265606016253326}, "datetime": {"datetime": "2024-01-20 16:56:01", "elapsed": 9129.253788, "delta": 0.005447}}
{"target": -19.18148885053469, "params": {"colsample_bytree": 0.9275783098917644, "eta": 0.08133491899656486, "gamma": 336.29768405905526, "max_depth": 8.0, "min_child_weight": 3604.680694241128, "num_boost_round": 40.0, "subsample": 0.9265606016253326}, "datetime": {"datetime": "2024-01-20 16:56:01", "elapsed": 9129.259221, "delta": 0.005433}}
{"target": -19.181666636125676, "params": {"colsample_bytree": 0.9275783098917644, "eta": 0.08133491899656486, "gamma": 336.29768405905526, "max_depth": 8.0, "min_child_weight": 3604.680694241128, "num_boost_round": 41.0, "subsample": 0.9265606016253326}, "datetime": {"datetime": "2024-01-20 16:56:01", "elapsed": 9129.264983, "delta": 0.005762}}
{"target": -19.1821862579029, "params": {"colsample_bytree": 0.9275783098917644, "eta": 0.08133491899656486, "gamma": 336.29768405905526, "max_depth": 8.0, "min_child_weight": 3604.680694241128, "num_boost_round": 42.0, "subsample": 0.9265606016253326}, "datetime": {"datetime": "2024-01-20 16:56:01", "elapsed": 9129.270617, "delta": 0.005634}}
{"target": -19.18292566914116, "params": {"colsample_bytree": 0.9275783098917644, "eta": 0.08133491899656486, "gamma": 336.29768405905526, "max_depth": 8.0, "min_child_weight": 3604.680694241128, "num_boost_round": 43.0, "subsample": 0.9265606016253326}, "datetime": {"datetime": "2024-01-20 16:56:01", "elapsed": 9129.276153, "delta": 0.005536}}
{"target": -19.18340766545302, "params": {"colsample_bytree": 0.9275783098917644, "eta": 0.08133491899656486, "gamma": 336.29768405905526, "max_depth": 8.0, "min_child_weight": 3604.680694241128, "num_boost_round": 44.0, "subsample": 0.9265606016253326}, "datetime": {"datetime": "2024-01-20 16:56:01", "elapsed": 9129.281618, "delta": 0.005465}}
{"target": -19.1838493764051, "params": {"colsample_bytree": 0.9275783098917644, "eta": 0.08133491899656486, "gamma": 336.29768405905526, "max_depth": 8.0, "min_child_weight": 3604.680694241128, "num_boost_round": 45.0, "subsample": 0.9265606016253326}, "datetime": {"datetime": "2024-01-20 16:56:01", "elapsed": 9129.287155, "delta": 0.005537}}
{"target": -19.184054902784382, "params": {"colsample_bytree": 0.9275783098917644, "eta": 0.08133491899656486, "gamma": 336.29768405905526, "max_depth": 8.0, "min_child_weight": 3604.680694241128, "num_boost_round": 46.0, "subsample": 0.9265606016253326}, "datetime": {"datetime": "2024-01-20 16:56:01", "elapsed": 9129.292609, "delta": 0.005454}}
{"target": -19.18472307675856, "params": {"colsample_bytree": 0.9275783098917644, "eta": 0.08133491899656486, "gamma": 336.29768405905526, "max_depth": 8.0, "min_child_weight": 3604.680694241128, "num_boost_round": 47.0, "subsample": 0.9265606016253326}, "datetime": {"datetime": "2024-01-20 16:56:01", "elapsed": 9129.298483, "delta": 0.005874}}
{"target": -19.18536507384892, "params": {"colsample_bytree": 0.9275783098917644, "eta": 0.08133491899656486, "gamma": 336.29768405905526, "max_depth": 8.0, "min_child_weight": 3604.680694241128, "num_boost_round": 48.0, "subsample": 0.9265606016253326}, "datetime": {"datetime": "2024-01-20 16:56:01", "elapsed": 9129.30404, "delta": 0.005557}}
{"target": -19.18589954725138, "params": {"colsample_bytree": 0.9275783098917644, "eta": 0.08133491899656486, "gamma": 336.29768405905526, "max_depth": 8.0, "min_child_weight": 3604.680694241128, "num_boost_round": 49.0, "subsample": 0.9265606016253326}, "datetime": {"datetime": "2024-01-20 16:56:01", "elapsed": 9129.309489, "delta": 0.005449}}
{"target": -19.186313786276752, "params": {"colsample_bytree": 0.9275783098917644, "eta": 0.08133491899656486, "gamma": 336.29768405905526, "max_depth": 8.0, "min_child_weight": 3604.680694241128, "num_boost_round": 50.0, "subsample": 0.9265606016253326}, "datetime": {"datetime": "2024-01-20 16:56:01", "elapsed": 9129.315099, "delta": 0.00561}}
{"target": -19.18674188362628, "params": {"colsample_bytree": 0.9275783098917644, "eta": 0.08133491899656486, "gamma": 336.29768405905526, "max_depth": 8.0, "min_child_weight": 3604.680694241128, "num_boost_round": 51.0, "subsample": 0.9265606016253326}, "datetime": {"datetime": "2024-01-20 16:56:01", "elapsed": 9129.320705, "delta": 0.005606}}
{"target": -19.187159364880884, "params": {"colsample_bytree": 0.9275783098917644, "eta": 0.08133491899656486, "gamma": 336.29768405905526, "max_depth": 8.0, "min_child_weight": 3604.680694241128, "num_boost_round": 52.0, "subsample": 0.9265606016253326}, "datetime": {"datetime": "2024-01-20 16:56:01", "elapsed": 9129.326269, "delta": 0.005564}}
{"target": -19.187488423163046, "params": {"colsample_bytree": 0.9275783098917644, "eta": 0.08133491899656486, "gamma": 336.29768405905526, "max_depth": 8.0, "min_child_weight": 3604.680694241128, "num_boost_round": 53.0, "subsample": 0.9265606016253326}, "datetime": {"datetime": "2024-01-20 16:56:01", "elapsed": 9129.331731, "delta": 0.005462}}
{"target": -19.18778066389512, "params": {"colsample_bytree": 0.9275783098917644, "eta": 0.08133491899656486, "gamma": 336.29768405905526, "max_depth": 8.0, "min_child_weight": 3604.680694241128, "num_boost_round": 54.0, "subsample": 0.9265606016253326}, "datetime": {"datetime": "2024-01-20 16:56:01", "elapsed": 9129.337212, "delta": 0.005481}}
{"target": -19.188245183544588, "params": {"colsample_bytree": 0.9275783098917644, "eta": 0.08133491899656486, "gamma": 336.29768405905526, "max_depth": 8.0, "min_child_weight": 3604.680694241128, "num_boost_round": 55.0, "subsample": 0.9265606016253326}, "datetime": {"datetime": "2024-01-20 16:56:01", "elapsed": 9129.342671, "delta": 0.005459}}
{"target": -19.18910086914186, "params": {"colsample_bytree": 0.9275783098917644, "eta": 0.08133491899656486, "gamma": 336.29768405905526, "max_depth": 8.0, "min_child_weight": 3604.680694241128, "num_boost_round": 56.0, "subsample": 0.9265606016253326}, "datetime": {"datetime": "2024-01-20 16:56:01", "elapsed": 9129.348204, "delta": 0.005533}}
{"target": -19.189705288164745, "params": {"colsample_bytree": 0.9275783098917644, "eta": 0.08133491899656486, "gamma": 336.29768405905526, "max_depth": 8.0, "min_child_weight": 3604.680694241128, "num_boost_round": 57.0, "subsample": 0.9265606016253326}, "datetime": {"datetime": "2024-01-20 16:56:01", "elapsed": 9129.353748, "delta": 0.005544}}
{"target": -19.189973640725007, "params": {"colsample_bytree": 0.9275783098917644, "eta": 0.08133491899656486, "gamma": 336.29768405905526, "max_depth": 8.0, "min_child_weight": 3604.680694241128, "num_boost_round": 58.0, "subsample": 0.9265606016253326}, "datetime": {"datetime": "2024-01-20 16:56:01", "elapsed": 9129.359362, "delta": 0.005614}}
{"target": -19.19083414104861, "params": {"colsample_bytree": 0.9275783098917644, "eta": 0.08133491899656486, "gamma": 336.29768405905526, "max_depth": 8.0, "min_child_weight": 3604.680694241128, "num_boost_round": 59.0, "subsample": 0.9265606016253326}, "datetime": {"datetime": "2024-01-20 16:56:01", "elapsed": 9129.364943, "delta": 0.005581}}
{"target": -19.191185581846565, "params": {"colsample_bytree": 0.9275783098917644, "eta": 0.08133491899656486, "gamma": 336.29768405905526, "max_depth": 8.0, "min_child_weight": 3604.680694241128, "num_boost_round": 60.0, "subsample": 0.9265606016253326}, "datetime": {"datetime": "2024-01-20 16:56:01", "elapsed": 9129.370475, "delta": 0.005532}}
{"target": -19.191464931238343, "params": {"colsample_bytree": 0.9275783098917644, "eta": 0.08133491899656486, "gamma": 336.29768405905526, "max_depth": 8.0, "min_child_weight": 3604.680694241128, "num_boost_round": 61.0, "subsample": 0.9265606016253326}, "datetime": {"datetime": "2024-01-20 16:56:01", "elapsed": 9129.376005, "delta": 0.00553}}
{"target": -19.192146833706886, "params": {"colsample_bytree": 0.9275783098917644, "eta": 0.08133491899656486, "gamma": 336.29768405905526, "max_depth": 8.0, "min_child_weight": 3604.680694241128, "num_boost_round": 62.0, "subsample": 0.9265606016253326}, "datetime": {"datetime": "2024-01-20 16:56:01", "elapsed": 9129.381548, "delta": 0.005543}}
{"target": -19.192801624746373, "params": {"colsample_bytree": 0.9275783098917644, "eta": 0.08133491899656486, "gamma": 336.29768405905526, "max_depth": 8.0, "min_child_weight": 3604.680694241128, "num_boost_round": 63.0, "subsample": 0.9265606016253326}, "datetime": {"datetime": "2024-01-20 16:56:01", "elapsed": 9129.387191, "delta": 0.005643}}
{"target": -19.193612076811046, "params": {"colsample_bytree": 0.9275783098917644, "eta": 0.08133491899656486, "gamma": 336.29768405905526, "max_depth": 8.0, "min_child_weight": 3604.680694241128, "num_boost_round": 64.0, "subsample": 0.9265606016253326}, "datetime": {"datetime": "2024-01-20 16:56:01", "elapsed": 9129.392751, "delta": 0.00556}}
{"target": -19.194264832588924, "params": {"colsample_bytree": 0.9275783098917644, "eta": 0.08133491899656486, "gamma": 336.29768405905526, "max_depth": 8.0, "min_child_weight": 3604.680694241128, "num_boost_round": 65.0, "subsample": 0.9265606016253326}, "datetime": {"datetime": "2024-01-20 16:56:01", "elapsed": 9129.398308, "delta": 0.005557}}
{"target": -19.19483076958084, "params": {"colsample_bytree": 0.9275783098917644, "eta": 0.08133491899656486, "gamma": 336.29768405905526, "max_depth": 8.0, "min_child_weight": 3604.680694241128, "num_boost_round": 66.0, "subsample": 0.9265606016253326}, "datetime": {"datetime": "2024-01-20 16:56:01", "elapsed": 9129.403872, "delta": 0.005564}}
{"target": -19.195378978719457, "params": {"colsample_bytree": 0.9275783098917644, "eta": 0.08133491899656486, "gamma": 336.29768405905526, "max_depth": 8.0, "min_child_weight": 3604.680694241128, "num_boost_round": 67.0, "subsample": 0.9265606016253326}, "datetime": {"datetime": "2024-01-20 16:56:01", "elapsed": 9129.409417, "delta": 0.005545}}
{"target": -19.19597622167002, "params": {"colsample_bytree": 0.9275783098917644, "eta": 0.08133491899656486, "gamma": 336.29768405905526, "max_depth": 8.0, "min_child_weight": 3604.680694241128, "num_boost_round": 68.0, "subsample": 0.9265606016253326}, "datetime": {"datetime": "2024-01-20 16:56:01", "elapsed": 9129.414927, "delta": 0.00551}}
{"target": -19.196289437293274, "params": {"colsample_bytree": 0.9275783098917644, "eta": 0.08133491899656486, "gamma": 336.29768405905526, "max_depth": 8.0, "min_child_weight": 3604.680694241128, "num_boost_round": 69.0, "subsample": 0.9265606016253326}, "datetime": {"datetime": "2024-01-20 16:56:01", "elapsed": 9129.420421, "delta": 0.005494}}
{"target": -19.196871243805795, "params": {"colsample_bytree": 0.9275783098917644, "eta": 0.08133491899656486, "gamma": 336.29768405905526, "max_depth": 8.0, "min_child_weight": 3604.680694241128, "num_boost_round": 70.0, "subsample": 0.9265606016253326}, "datetime": {"datetime": "2024-01-20 16:56:01", "elapsed": 9129.42593, "delta": 0.005509}}
{"target": -19.197144680429357, "params": {"colsample_bytree": 0.9275783098917644, "eta": 0.08133491899656486, "gamma": 336.29768405905526, "max_depth": 8.0, "min_child_weight": 3604.680694241128, "num_boost_round": 71.0, "subsample": 0.9265606016253326}, "datetime": {"datetime": "2024-01-20 16:56:01", "elapsed": 9129.431456, "delta": 0.005526}}
{"target": -19.19770244629431, "params": {"colsample_bytree": 0.9275783098917644, "eta": 0.08133491899656486, "gamma": 336.29768405905526, "max_depth": 8.0, "min_child_weight": 3604.680694241128, "num_boost_round": 72.0, "subsample": 0.9265606016253326}, "datetime": {"datetime": "2024-01-20 16:56:01", "elapsed": 9129.436991, "delta": 0.005535}}
{"target": -19.1980986807366, "params": {"colsample_bytree": 0.9275783098917644, "eta": 0.08133491899656486, "gamma": 336.29768405905526, "max_depth": 8.0, "min_child_weight": 3604.680694241128, "num_boost_round": 73.0, "subsample": 0.9265606016253326}, "datetime": {"datetime": "2024-01-20 16:56:01", "elapsed": 9129.44254, "delta": 0.005549}}
{"target": -19.19822256235131, "params": {"colsample_bytree": 0.9275783098917644, "eta": 0.08133491899656486, "gamma": 336.29768405905526, "max_depth": 8.0, "min_child_weight": 3604.680694241128, "num_boost_round": 74.0, "subsample": 0.9265606016253326}, "datetime": {"datetime": "2024-01-20 16:56:01", "elapsed": 9129.448059, "delta": 0.005519}}
{"target": -19.198725651272376, "params": {"colsample_bytree": 0.9275783098917644, "eta": 0.08133491899656486, "gamma": 336.29768405905526, "max_depth": 8.0, "min_child_weight": 3604.680694241128, "num_boost_round": 75.0, "subsample": 0.9265606016253326}, "datetime": {"datetime": "2024-01-20 16:56:01", "elapsed": 9129.453527, "delta": 0.005468}}
