{"target": -19.14770231304324, "params": {"colsample_bytree": 0.4276492115161714, "eta": 0.032311668203220345, "gamma": 520.7409345942322, "max_depth": 9.0, "min_child_weight": 4028.416746395013, "num_boost_round": 25.0, "subsample": 0.7608049493939232}, "datetime": {"datetime": "2024-01-20 14:35:01", "elapsed": 669.460853, "delta": 0.001279}}
{"target": -19.14798367415054, "params": {"colsample_bytree": 0.4276492115161714, "eta": 0.032311668203220345, "gamma": 520.7409345942322, "max_depth": 9.0, "min_child_weight": 4028.416746395013, "num_boost_round": 26.0, "subsample": 0.7608049493939232}, "datetime": {"datetime": "2024-01-20 14:35:01", "elapsed": 669.462108, "delta": 0.001255}}
{"target": -19.148341816112943, "params": {"colsample_bytree": 0.4276492115161714, "eta": 0.032311668203220345, "gamma": 520.7409345942322, "max_depth": 9.0, "min_child_weight": 4028.416746395013, "num_boost_round": 27.0, "subsample": 0.7608049493939232}, "datetime": {"datetime": "2024-01-20 14:35:01", "elapsed": 669.463383, "delta": 0.001275}}
{"target": -19.148574181027733, "params": {"colsample_bytree": 0.4276492115161714, "eta": 0.032311668203220345, "gamma": 520.7409345942322, "max_depth": 9.0, "min_child_weight": 4028.416746395013, "num_boost_round": 28.0, "subsample": 0.7608049493939232}, "datetime": {"datetime": "2024-01-20 14:35:01", "elapsed": 669.464649, "delta": 0.001266}}
{"target": -19.14843413995267, "params": {"colsample_bytree": 0.4276492115161714, "eta": 0.032311668203220345, "gamma": 520.7409345942322, "max_depth": 9.0, "min_child_weight": 4028.416746395013, "num_boost_round": 29.0, "subsample": 0.7608049493939232}, "datetime": {"datetime": "2024-01-20 14:35:01", "elapsed": 669.465929, "delta": 0.00128}}
{"target": -19.148508502497045, "params": {"colsample_bytree": 0.4276492115161714, "eta": 0.032311668203220345, "gamma": 520.7409345942322, "max_depth": 9.0, "min_child_weight": 4028.416746395013, "num_boost_round": 30.0, "subsample": 0.7608049493939232}, "datetime": {"datetime": "2024-01-20 14:35:01", "elapsed": 669.467219, "delta": 0.00129}}
{"target": -19.148973757846488, "params": {"colsample_bytree": 0.4276492115161714, "eta": 0.032311668203220345, "gamma": 520.7409345942322, "max_depth": 9.0, "min_child_weight": 4028.416746395013, "num_boost_round": 31.0, "subsample": 0.7608049493939232}, "datetime": {"datetime": "2024-01-20 14:35:01", "elapsed": 669.46851, "delta": 0.001291}}
{"target": -19.149096162740044, "params": {"colsample_bytree": 0.4276492115161714, "eta": 0.032311668203220345, "gamma": 520.7409345942322, "max_depth": 9.0, "min_child_weight": 4028.416746395013, "num_boost_round": 32.0, "subsample": 0.7608049493939232}, "datetime": {"datetime": "2024-01-20 14:35:01", "elapsed": 669.469823, "delta": 0.001313}}
{"target": -19.149064353920146, "params": {"colsample_bytree": 0.4276492115161714, "eta": 0.032311668203220345, "gamma": 520.7409345942322, "max_depth": 9.0, "min_child_weight": 4028.416746395013, "num_boost_round": 33.0, "subsample": 0.7608049493939232}, "datetime": {"datetime": "2024-01-20 14:35:01", "elapsed": 669.471105, "delta": 0.001282}}
{"target": -19.149470279158248, "params": {"colsample_bytree": 0.4276492115161714, "eta": 0.032311668203220345, "gamma": 520.7409345942322, "max_depth": 9.0, "min_child_weight": 4028.416746395013, "num_boost_round": 34.0, "subsample": 0.7608049493939232}, "datetime": {"datetime": "2024-01-20 14:35:01", "elapsed": 669.472393, "delta": 0.001288}}
{"target": -19.150071630180058, "params": {"colsample_bytree": 0.4276492115161714, "eta": 0.032311668203220345, "gamma": 520.7409345942322, "max_depth": 9.0, "min_child_weight": 4028.416746395013, "num_boost_round": 35.0, "subsample": 0.7608049493939232}, "datetime": {"datetime": "2024-01-20 14:35:01", "elapsed": 669.473668, "delta": 0.001275}}
{"target": -19.150131130755273, "params": {"colsample_bytree": 0.4276492115161714, "eta": 0.032311668203220345, "gamma": 520.7409345942322, "max_depth": 9.0, "min_child_weight": 4028.416746395013, "num_boost_round": 36.0, "subsample": 0.7608049493939232}, "datetime": {"datetime": "2024-01-20 14:35:01", "elapsed": 669.474953, "delta": 0.001285}}
{"target": -19.150208781336488, "params": {"colsample_bytree": 0.4276492115161714, "eta": 0.032311668203220345, "gamma": 520.7409345942322, "max_depth": 9.0, "min_child_weight": 4028.416746395013, "num_boost_round": 37.0, "subsample": 0.7608049493939232}, "datetime": {"datetime": "2024-01-20 14:35:01", "elapsed": 669.47625, "delta": 0.001297}}
{"target": -19.150893647283553, "params": {"colsample_bytree": 0.4276492115161714, "eta": 0.032311668203220345, "gamma": 520.7409345942322, "max_depth": 9.0, "min_child_weight": 4028.416746395013, "num_boost_round": 38.0, "subsample": 0.7608049493939232}, "datetime": {"datetime": "2024-01-20 14:35:01", "elapsed": 669.478152, "delta": 0.001902}}
{"target": -19.151249192030377, "params": {"colsample_bytree": 0.4276492115161714, "eta": 0.032311668203220345, "gamma": 520.7409345942322, "max_depth": 9.0, "min_child_weight": 4028.416746395013, "num_boost_round": 39.0, "subsample": 0.7608049493939232}, "datetime": {"datetime": "2024-01-20 14:35:01", "elapsed": 669.479707, "delta": 0.001555}}
{"target": -19.15130409528441, "params": {"colsample_bytree": 0.4276492115161714, "eta": 0.032311668203220345, "gamma": 520.7409345942322, "max_depth": 9.0, "min_child_weight": 4028.416746395013, "num_boost_round": 40.0, "subsample": 0.7608049493939232}, "datetime": {"datetime": "2024-01-20 14:35:01", "elapsed": 669.481047, "delta": 0.00134}}
{"target": -19.15139113230313, "params": {"colsample_bytree": 0.4276492115161714, "eta": 0.032311668203220345, "gamma": 520.7409345942322, "max_depth": 9.0, "min_child_weight": 4028.416746395013, "num_boost_round": 41.0, "subsample": 0.7608049493939232}, "datetime": {"datetime": "2024-01-20 14:35:01", "elapsed": 669.482285, "delta": 0.001238}}
{"target": -19.151511857953572, "params": {"colsample_bytree": 0.4276492115161714, "eta": 0.032311668203220345, "gamma": 520.7409345942322, "max_depth": 9.0, "min_child_weight": 4028.416746395013, "num_boost_round": 42.0, "subsample": 0.7608049493939232}, "datetime": {"datetime": "2024-01-20 14:35:01", "elapsed": 669.483545, "delta": 0.00126}}
{"target": -19.1515629473964, "params": {"colsample_bytree": 0.4276492115161714, "eta": 0.032311668203220345, "gamma": 520.7409345942322, "max_depth": 9.0, "min_child_weight": 4028.416746395013, "num_boost_round": 43.0, "subsample": 0.7608049493939232}, "datetime": {"datetime": "2024-01-20 14:35:01", "elapsed": 669.484795, "delta": 0.00125}}
{"target": -19.152112034443025, "params": {"colsample_bytree": 0.4276492115161714, "eta": 0.032311668203220345, "gamma": 520.7409345942322, "max_depth": 9.0, "min_child_weight": 4028.416746395013, "num_boost_round": 44.0, "subsample": 0.7608049493939232}, "datetime": {"datetime": "2024-01-20 14:35:01", "elapsed": 669.486056, "delta": 0.001261}}
{"target": -19.152349857156658, "params": {"colsample_bytree": 0.4276492115161714, "eta": 0.032311668203220345, "gamma": 520.7409345942322, "max_depth": 9.0, "min_child_weight": 4028.416746395013, "num_boost_round": 45.0, "subsample": 0.7608049493939232}, "datetime": {"datetime": "2024-01-20 14:35:01", "elapsed": 669.48736, "delta": 0.001304}}
{"target": -19.152458028044173, "params": {"colsample_bytree": 0.4276492115161714, "eta": 0.032311668203220345, "gamma": 520.7409345942322, "max_depth": 9.0, "min_child_weight": 4028.416746395013, "num_boost_round": 46.0, "subsample": 0.7608049493939232}, "datetime": {"datetime": "2024-01-20 14:35:01", "elapsed": 669.488648, "delta": 0.001288}}
{"target": -19.15290119056188, "params": {"colsample_bytree": 0.4276492115161714, "eta": 0.032311668203220345, "gamma": 520.7409345942322, "max_depth": 9.0, "min_child_weight": 4028.416746395013, "num_boost_round": 47.0, "subsample": 0.7608049493939232}, "datetime": {"datetime": "2024-01-20 14:35:01", "elapsed": 669.489957, "delta": 0.001309}}
{"target": -19.152897127683964, "params": {"colsample_bytree": 0.4276492115161714, "eta": 0.032311668203220345, "gamma": 520.7409345942322, "max_depth": 9.0, "min_child_weight": 4028.416746395013, "num_boost_round": 48.0, "subsample": 0.7608049493939232}, "datetime": {"datetime": "2024-01-20 14:35:01", "elapsed": 669.491264, "delta": 0.001307}}
{"target": -19.153174041604768, "params": {"colsample_bytree": 0.4276492115161714, "eta": 0.032311668203220345, "gamma": 520.7409345942322, "max_depth": 9.0, "min_child_weight": 4028.416746395013, "num_boost_round": 49.0, "subsample": 0.7608049493939232}, "datetime": {"datetime": "2024-01-20 14:35:01", "elapsed": 669.492581, "delta": 0.001317}}
{"target": -19.153277825592063, "params": {"colsample_bytree": 0.4276492115161714, "eta": 0.032311668203220345, "gamma": 520.7409345942322, "max_depth": 9.0, "min_child_weight": 4028.416746395013, "num_boost_round": 50.0, "subsample": 0.7608049493939232}, "datetime": {"datetime": "2024-01-20 14:35:01", "elapsed": 669.49388, "delta": 0.001299}}
{"target": -19.153269836168526, "params": {"colsample_bytree": 0.4276492115161714, "eta": 0.032311668203220345, "gamma": 520.7409345942322, "max_depth": 9.0, "min_child_weight": 4028.416746395013, "num_boost_round": 51.0, "subsample": 0.7608049493939232}, "datetime": {"datetime": "2024-01-20 14:35:01", "elapsed": 669.495176, "delta": 0.001296}}
{"target": -19.153492762028343, "params": {"colsample_bytree": 0.4276492115161714, "eta": 0.032311668203220345, "gamma": 520.7409345942322, "max_depth": 9.0, "min_child_weight": 4028.416746395013, "num_boost_round": 52.0, "subsample": 0.7608049493939232}, "datetime": {"datetime": "2024-01-20 14:35:01", "elapsed": 669.496455, "delta": 0.001279}}
{"target": -19.15382392955789, "params": {"colsample_bytree": 0.4276492115161714, "eta": 0.032311668203220345, "gamma": 520.7409345942322, "max_depth": 9.0, "min_child_weight": 4028.416746395013, "num_boost_round": 53.0, "subsample": 0.7608049493939232}, "datetime": {"datetime": "2024-01-20 14:35:01", "elapsed": 669.497757, "delta": 0.001302}}
{"target": -19.154064650065074, "params": {"colsample_bytree": 0.4276492115161714, "eta": 0.032311668203220345, "gamma": 520.7409345942322, "max_depth": 9.0, "min_child_weight": 4028.416746395013, "num_boost_round": 54.0, "subsample": 0.7608049493939232}, "datetime": {"datetime": "2024-01-20 14:35:01", "elapsed": 669.499079, "delta": 0.001322}}
{"target": -19.15419024672679, "params": {"colsample_bytree": 0.4276492115161714, "eta": 0.032311668203220345, "gamma": 520.7409345942322, "max_depth": 9.0, "min_child_weight": 4028.416746395013, "num_boost_round": 55.0, "subsample": 0.7608049493939232}, "datetime": {"datetime": "2024-01-20 14:35:01", "elapsed": 669.500379, "delta": 0.0013}}
{"target": -19.1546572923457, "params": {"colsample_bytree": 0.4276492115161714, "eta": 0.032311668203220345, "gamma": 520.7409345942322, "max_depth": 9.0, "min_child_weight": 4028.416746395013, "num_boost_round": 56.0, "subsample": 0.7608049493939232}, "datetime": {"datetime": "2024-01-20 14:35:01", "elapsed": 669.501675, "delta": 0.001296}}
{"target": -19.154758898650755, "params": {"colsample_bytree": 0.4276492115161714, "eta": 0.032311668203220345, "gamma": 520.7409345942322, "max_depth": 9.0, "min_child_weight": 4028.416746395013, "num_boost_round": 57.0, "subsample": 0.7608049493939232}, "datetime": {"datetime": "2024-01-20 14:35:01", "elapsed": 669.502985, "delta": 0.00131}}
{"target": -19.154919962018177, "params": {"colsample_bytree": 0.4276492115161714, "eta": 0.032311668203220345, "gamma": 520.7409345942322, "max_depth": 9.0, "min_child_weight": 4028.416746395013, "num_boost_round": 58.0, "subsample": 0.7608049493939232}, "datetime": {"datetime": "2024-01-20 14:35:01", "elapsed": 669.504282, "delta": 0.001297}}
{"target": -19.155433681323636, "params": {"colsample_bytree": 0.4276492115161714, "eta": 0.032311668203220345, "gamma": 520.7409345942322, "max_depth": 9.0, "min_child_weight": 4028.416746395013, "num_boost_round": 59.0, "subsample": 0.7608049493939232}, "datetime": {"datetime": "2024-01-20 14:35:01", "elapsed": 669.505585, "delta": 0.001303}}
{"target": -19.15573323914428, "params": {"colsample_bytree": 0.4276492115161714, "eta": 0.032311668203220345, "gamma": 520.7409345942322, "max_depth": 9.0, "min_child_weight": 4028.416746395013, "num_boost_round": 60.0, "subsample": 0.7608049493939232}, "datetime": {"datetime": "2024-01-20 14:35:01", "elapsed": 669.506913, "delta": 0.001328}}
{"target": -19.156002728182116, "params": {"colsample_bytree": 0.4276492115161714, "eta": 0.032311668203220345, "gamma": 520.7409345942322, "max_depth": 9.0, "min_child_weight": 4028.416746395013, "num_boost_round": 61.0, "subsample": 0.7608049493939232}, "datetime": {"datetime": "2024-01-20 14:35:01", "elapsed": 669.508206, "delta": 0.001293}}
{"target": -19.156095406363363, "params": {"colsample_bytree": 0.4276492115161714, "eta": 0.032311668203220345, "gamma": 520.7409345942322, "max_depth": 9.0, "min_child_weight": 4028.416746395013, "num_boost_round": 62.0, "subsample": 0.7608049493939232}, "datetime": {"datetime": "2024-01-20 14:35:01", "elapsed": 669.509512, "delta": 0.001306}}
{"target": -19.15626267803298, "params": {"colsample_bytree": 0.4276492115161714, "eta": 0.032311668203220345, "gamma": 520.7409345942322, "max_depth": 9.0, "min_child_weight": 4028.416746395013, "num_boost_round": 63.0, "subsample": 0.7608049493939232}, "datetime": {"datetime": "2024-01-20 14:35:01", "elapsed": 669.51083, "delta": 0.001318}}
{"target": -19.156475072550396, "params": {"colsample_bytree": 0.4276492115161714, "eta": 0.032311668203220345, "gamma": 520.7409345942322, "max_depth": 9.0, "min_child_weight": 4028.416746395013, "num_boost_round": 64.0, "subsample": 0.7608049493939232}, "datetime": {"datetime": "2024-01-20 14:35:01", "elapsed": 669.512144, "delta": 0.001314}}
{"target": -19.156529382792485, "params": {"colsample_bytree": 0.4276492115161714, "eta": 0.032311668203220345, "gamma": 520.7409345942322, "max_depth": 9.0, "min_child_weight": 4028.416746395013, "num_boost_round": 65.0, "subsample": 0.7608049493939232}, "datetime": {"datetime": "2024-01-20 14:35:01", "elapsed": 669.513451, "delta": 0.001307}}
{"target": -19.15666800700825, "params": {"colsample_bytree": 0.4276492115161714, "eta": 0.032311668203220345, "gamma": 520.7409345942322, "max_depth": 9.0, "min_child_weight": 4028.416746395013, "num_boost_round": 66.0, "subsample": 0.7608049493939232}, "datetime": {"datetime": "2024-01-20 14:35:01", "elapsed": 669.51479, "delta": 0.001339}}
{"target": -19.156840386932693, "params": {"colsample_bytree": 0.4276492115161714, "eta": 0.032311668203220345, "gamma": 520.7409345942322, "max_depth": 9.0, "min_child_weight": 4028.416746395013, "num_boost_round": 67.0, "subsample": 0.7608049493939232}, "datetime": {"datetime": "2024-01-20 14:35:01", "elapsed": 669.51611, "delta": 0.00132}}
{"target": -19.1571124781523, "params": {"colsample_bytree": 0.4276492115161714, "eta": 0.032311668203220345, "gamma": 520.7409345942322, "max_depth": 9.0, "min_child_weight": 4028.416746395013, "num_boost_round": 68.0, "subsample": 0.7608049493939232}, "datetime": {"datetime": "2024-01-20 14:35:01", "elapsed": 669.517424, "delta": 0.001314}}
{"target": -19.157336330060655, "params": {"colsample_bytree": 0.4276492115161714, "eta": 0.032311668203220345, "gamma": 520.7409345942322, "max_depth": 9.0, "min_child_weight": 4028.416746395013, "num_boost_round": 69.0, "subsample": 0.7608049493939232}, "datetime": {"datetime": "2024-01-20 14:35:01", "elapsed": 669.518734, "delta": 0.00131}}
{"target": -19.157401757505692, "params": {"colsample_bytree": 0.4276492115161714, "eta": 0.032311668203220345, "gamma": 520.7409345942322, "max_depth": 9.0, "min_child_weight": 4028.416746395013, "num_boost_round": 70.0, "subsample": 0.7608049493939232}, "datetime": {"datetime": "2024-01-20 14:35:01", "elapsed": 669.520024, "delta": 0.00129}}
{"target": -19.157727116933202, "params": {"colsample_bytree": 0.4276492115161714, "eta": 0.032311668203220345, "gamma": 520.7409345942322, "max_depth": 9.0, "min_child_weight": 4028.416746395013, "num_boost_round": 71.0, "subsample": 0.7608049493939232}, "datetime": {"datetime": "2024-01-20 14:35:01", "elapsed": 669.522022, "delta": 0.001998}}
{"target": -19.157983565664516, "params": {"colsample_bytree": 0.4276492115161714, "eta": 0.032311668203220345, "gamma": 520.7409345942322, "max_depth": 9.0, "min_child_weight": 4028.416746395013, "num_boost_round": 72.0, "subsample": 0.7608049493939232}, "datetime": {"datetime": "2024-01-20 14:35:01", "elapsed": 669.523535, "delta": 0.001513}}
{"target": -19.158256125319106, "params": {"colsample_bytree": 0.4276492115161714, "eta": 0.032311668203220345, "gamma": 520.7409345942322, "max_depth": 9.0, "min_child_weight": 4028.416746395013, "num_boost_round": 73.0, "subsample": 0.7608049493939232}, "datetime": {"datetime": "2024-01-20 14:35:01", "elapsed": 669.524879, "delta": 0.001344}}
{"target": -19.158923781624488, "params": {"colsample_bytree": 0.4276492115161714, "eta": 0.032311668203220345, "gamma": 520.7409345942322, "max_depth": 9.0, "min_child_weight": 4028.416746395013, "num_boost_round": 74.0, "subsample": 0.7608049493939232}, "datetime": {"datetime": "2024-01-20 14:35:01", "elapsed": 669.526237, "delta": 0.001358}}
{"target": -19.159484711378962, "params": {"colsample_bytree": 0.4276492115161714, "eta": 0.032311668203220345, "gamma": 520.7409345942322, "max_depth": 9.0, "min_child_weight": 4028.416746395013, "num_boost_round": 75.0, "subsample": 0.7608049493939232}, "datetime": {"datetime": "2024-01-20 14:35:01", "elapsed": 669.527518, "delta": 0.001281}}
{"target": -19.159514387386352, "params": {"colsample_bytree": 0.4276492115161714, "eta": 0.032311668203220345, "gamma": 520.7409345942322, "max_depth": 9.0, "min_child_weight": 4028.416746395013, "num_boost_round": 76.0, "subsample": 0.7608049493939232}, "datetime": {"datetime": "2024-01-20 14:35:01", "elapsed": 669.528808, "delta": 0.00129}}
{"target": -19.15993010702986, "params": {"colsample_bytree": 0.4276492115161714, "eta": 0.032311668203220345, "gamma": 520.7409345942322, "max_depth": 9.0, "min_child_weight": 4028.416746395013, "num_boost_round": 77.0, "subsample": 0.7608049493939232}, "datetime": {"datetime": "2024-01-20 14:35:01", "elapsed": 669.5301, "delta": 0.001292}}
{"target": -19.160494367706725, "params": {"colsample_bytree": 0.4276492115161714, "eta": 0.032311668203220345, "gamma": 520.7409345942322, "max_depth": 9.0, "min_child_weight": 4028.416746395013, "num_boost_round": 78.0, "subsample": 0.7608049493939232}, "datetime": {"datetime": "2024-01-20 14:35:01", "elapsed": 669.531407, "delta": 0.001307}}
{"target": -19.16071804404741, "params": {"colsample_bytree": 0.4276492115161714, "eta": 0.032311668203220345, "gamma": 520.7409345942322, "max_depth": 9.0, "min_child_weight": 4028.416746395013, "num_boost_round": 79.0, "subsample": 0.7608049493939232}, "datetime": {"datetime": "2024-01-20 14:35:01", "elapsed": 669.532764, "delta": 0.001357}}
{"target": -19.161137188668402, "params": {"colsample_bytree": 0.4276492115161714, "eta": 0.032311668203220345, "gamma": 520.7409345942322, "max_depth": 9.0, "min_child_weight": 4028.416746395013, "num_boost_round": 80.0, "subsample": 0.7608049493939232}, "datetime": {"datetime": "2024-01-20 14:35:01", "elapsed": 669.534098, "delta": 0.001334}}
{"target": -19.16146320858632, "params": {"colsample_bytree": 0.4276492115161714, "eta": 0.032311668203220345, "gamma": 520.7409345942322, "max_depth": 9.0, "min_child_weight": 4028.416746395013, "num_boost_round": 81.0, "subsample": 0.7608049493939232}, "datetime": {"datetime": "2024-01-20 14:35:01", "elapsed": 669.535457, "delta": 0.001359}}
{"target": -19.161628162833093, "params": {"colsample_bytree": 0.4276492115161714, "eta": 0.032311668203220345, "gamma": 520.7409345942322, "max_depth": 9.0, "min_child_weight": 4028.416746395013, "num_boost_round": 82.0, "subsample": 0.7608049493939232}, "datetime": {"datetime": "2024-01-20 14:35:01", "elapsed": 669.536806, "delta": 0.001349}}
{"target": -19.161956582772966, "params": {"colsample_bytree": 0.4276492115161714, "eta": 0.032311668203220345, "gamma": 520.7409345942322, "max_depth": 9.0, "min_child_weight": 4028.416746395013, "num_boost_round": 83.0, "subsample": 0.7608049493939232}, "datetime": {"datetime": "2024-01-20 14:35:01", "elapsed": 669.538145, "delta": 0.001339}}
{"target": -19.162230601451732, "params": {"colsample_bytree": 0.4276492115161714, "eta": 0.032311668203220345, "gamma": 520.7409345942322, "max_depth": 9.0, "min_child_weight": 4028.416746395013, "num_boost_round": 84.0, "subsample": 0.7608049493939232}, "datetime": {"datetime": "2024-01-20 14:35:01", "elapsed": 669.539476, "delta": 0.001331}}
{"target": -19.162584779100534, "params": {"colsample_bytree": 0.4276492115161714, "eta": 0.032311668203220345, "gamma": 520.7409345942322, "max_depth": 9.0, "min_child_weight": 4028.416746395013, "num_boost_round": 85.0, "subsample": 0.7608049493939232}, "datetime": {"datetime": "2024-01-20 14:35:01", "elapsed": 669.540806, "delta": 0.00133}}
{"target": -19.16287112823719, "params": {"colsample_bytree": 0.4276492115161714, "eta": 0.032311668203220345, "gamma": 520.7409345942322, "max_depth": 9.0, "min_child_weight": 4028.416746395013, "num_boost_round": 86.0, "subsample": 0.7608049493939232}, "datetime": {"datetime": "2024-01-20 14:35:01", "elapsed": 669.542133, "delta": 0.001327}}
{"target": -19.163137026786373, "params": {"colsample_bytree": 0.4276492115161714, "eta": 0.032311668203220345, "gamma": 520.7409345942322, "max_depth": 9.0, "min_child_weight": 4028.416746395013, "num_boost_round": 87.0, "subsample": 0.7608049493939232}, "datetime": {"datetime": "2024-01-20 14:35:01", "elapsed": 669.543454, "delta": 0.001321}}
