{"target": -15.154458848297253, "params": {"colsample_bytree": 0.9741893664814825, "eta": 0.06782541987299315, "gamma": 439.970668031059, "max_depth": 6.0, "min_child_weight": 4364.485833343255, "num_boost_round": 7.0, "subsample": 0.35026741463508215}, "datetime": {"datetime": "2024-01-20 14:46:50", "elapsed": 1367.652827, "delta": 0.002095}}
{"target": -15.154107538865084, "params": {"colsample_bytree": 0.9741893664814825, "eta": 0.06782541987299315, "gamma": 439.970668031059, "max_depth": 6.0, "min_child_weight": 4364.485833343255, "num_boost_round": 8.0, "subsample": 0.35026741463508215}, "datetime": {"datetime": "2024-01-20 14:46:50", "elapsed": 1367.654913, "delta": 0.002086}}
{"target": -15.153523148267093, "params": {"colsample_bytree": 0.9741893664814825, "eta": 0.06782541987299315, "gamma": 439.970668031059, "max_depth": 6.0, "min_child_weight": 4364.485833343255, "num_boost_round": 9.0, "subsample": 0.35026741463508215}, "datetime": {"datetime": "2024-01-20 14:46:50", "elapsed": 1367.657078, "delta": 0.002165}}
{"target": -15.152955800557498, "params": {"colsample_bytree": 0.9741893664814825, "eta": 0.06782541987299315, "gamma": 439.970668031059, "max_depth": 6.0, "min_child_weight": 4364.485833343255, "num_boost_round": 10.0, "subsample": 0.35026741463508215}, "datetime": {"datetime": "2024-01-20 14:46:50", "elapsed": 1367.659218, "delta": 0.00214}}
{"target": -15.152579224208733, "params": {"colsample_bytree": 0.9741893664814825, "eta": 0.06782541987299315, "gamma": 439.970668031059, "max_depth": 6.0, "min_child_weight": 4364.485833343255, "num_boost_round": 11.0, "subsample": 0.35026741463508215}, "datetime": {"datetime": "2024-01-20 14:46:50", "elapsed": 1367.661351, "delta": 0.002133}}
{"target": -15.152549058787585, "params": {"colsample_bytree": 0.9741893664814825, "eta": 0.06782541987299315, "gamma": 439.970668031059, "max_depth": 6.0, "min_child_weight": 4364.485833343255, "num_boost_round": 12.0, "subsample": 0.35026741463508215}, "datetime": {"datetime": "2024-01-20 14:46:50", "elapsed": 1367.663501, "delta": 0.00215}}
{"target": -15.153153093256787, "params": {"colsample_bytree": 0.9741893664814825, "eta": 0.06782541987299315, "gamma": 439.970668031059, "max_depth": 6.0, "min_child_weight": 4364.485833343255, "num_boost_round": 13.0, "subsample": 0.35026741463508215}, "datetime": {"datetime": "2024-01-20 14:46:50", "elapsed": 1367.66565, "delta": 0.002149}}
{"target": -15.152394446265617, "params": {"colsample_bytree": 0.9741893664814825, "eta": 0.06782541987299315, "gamma": 439.970668031059, "max_depth": 6.0, "min_child_weight": 4364.485833343255, "num_boost_round": 14.0, "subsample": 0.35026741463508215}, "datetime": {"datetime": "2024-01-20 14:46:50", "elapsed": 1367.667794, "delta": 0.002144}}
{"target": -15.152363969917138, "params": {"colsample_bytree": 0.9741893664814825, "eta": 0.06782541987299315, "gamma": 439.970668031059, "max_depth": 6.0, "min_child_weight": 4364.485833343255, "num_boost_round": 15.0, "subsample": 0.35026741463508215}, "datetime": {"datetime": "2024-01-20 14:46:50", "elapsed": 1367.669922, "delta": 0.002128}}
{"target": -15.152687132540418, "params": {"colsample_bytree": 0.9741893664814825, "eta": 0.06782541987299315, "gamma": 439.970668031059, "max_depth": 6.0, "min_child_weight": 4364.485833343255, "num_boost_round": 16.0, "subsample": 0.35026741463508215}, "datetime": {"datetime": "2024-01-20 14:46:50", "elapsed": 1367.672035, "delta": 0.002113}}
{"target": -15.153361213488141, "params": {"colsample_bytree": 0.9741893664814825, "eta": 0.06782541987299315, "gamma": 439.970668031059, "max_depth": 6.0, "min_child_weight": 4364.485833343255, "num_boost_round": 17.0, "subsample": 0.35026741463508215}, "datetime": {"datetime": "2024-01-20 14:46:50", "elapsed": 1367.674164, "delta": 0.002129}}
{"target": -15.153510323748282, "params": {"colsample_bytree": 0.9741893664814825, "eta": 0.06782541987299315, "gamma": 439.970668031059, "max_depth": 6.0, "min_child_weight": 4364.485833343255, "num_boost_round": 18.0, "subsample": 0.35026741463508215}, "datetime": {"datetime": "2024-01-20 14:46:50", "elapsed": 1367.676295, "delta": 0.002131}}
{"target": -15.154502205351378, "params": {"colsample_bytree": 0.9741893664814825, "eta": 0.06782541987299315, "gamma": 439.970668031059, "max_depth": 6.0, "min_child_weight": 4364.485833343255, "num_boost_round": 19.0, "subsample": 0.35026741463508215}, "datetime": {"datetime": "2024-01-20 14:46:50", "elapsed": 1367.678422, "delta": 0.002127}}
{"target": -15.155444345143149, "params": {"colsample_bytree": 0.9741893664814825, "eta": 0.06782541987299315, "gamma": 439.970668031059, "max_depth": 6.0, "min_child_weight": 4364.485833343255, "num_boost_round": 20.0, "subsample": 0.35026741463508215}, "datetime": {"datetime": "2024-01-20 14:46:50", "elapsed": 1367.680569, "delta": 0.002147}}
{"target": -15.155733921207053, "params": {"colsample_bytree": 0.9741893664814825, "eta": 0.06782541987299315, "gamma": 439.970668031059, "max_depth": 6.0, "min_child_weight": 4364.485833343255, "num_boost_round": 21.0, "subsample": 0.35026741463508215}, "datetime": {"datetime": "2024-01-20 14:46:50", "elapsed": 1367.682706, "delta": 0.002137}}
{"target": -15.154957905315388, "params": {"colsample_bytree": 0.9741893664814825, "eta": 0.06782541987299315, "gamma": 439.970668031059, "max_depth": 6.0, "min_child_weight": 4364.485833343255, "num_boost_round": 22.0, "subsample": 0.35026741463508215}, "datetime": {"datetime": "2024-01-20 14:46:50", "elapsed": 1367.68485, "delta": 0.002144}}
{"target": -15.155956986125915, "params": {"colsample_bytree": 0.9741893664814825, "eta": 0.06782541987299315, "gamma": 439.970668031059, "max_depth": 6.0, "min_child_weight": 4364.485833343255, "num_boost_round": 23.0, "subsample": 0.35026741463508215}, "datetime": {"datetime": "2024-01-20 14:46:50", "elapsed": 1367.686972, "delta": 0.002122}}
{"target": -15.156548451320488, "params": {"colsample_bytree": 0.9741893664814825, "eta": 0.06782541987299315, "gamma": 439.970668031059, "max_depth": 6.0, "min_child_weight": 4364.485833343255, "num_boost_round": 24.0, "subsample": 0.35026741463508215}, "datetime": {"datetime": "2024-01-20 14:46:50", "elapsed": 1367.689118, "delta": 0.002146}}
{"target": -15.156515014560938, "params": {"colsample_bytree": 0.9741893664814825, "eta": 0.06782541987299315, "gamma": 439.970668031059, "max_depth": 6.0, "min_child_weight": 4364.485833343255, "num_boost_round": 25.0, "subsample": 0.35026741463508215}, "datetime": {"datetime": "2024-01-20 14:46:50", "elapsed": 1367.691264, "delta": 0.002146}}
{"target": -15.156608519003367, "params": {"colsample_bytree": 0.9741893664814825, "eta": 0.06782541987299315, "gamma": 439.970668031059, "max_depth": 6.0, "min_child_weight": 4364.485833343255, "num_boost_round": 26.0, "subsample": 0.35026741463508215}, "datetime": {"datetime": "2024-01-20 14:46:50", "elapsed": 1367.693412, "delta": 0.002148}}
{"target": -15.156928577313, "params": {"colsample_bytree": 0.9741893664814825, "eta": 0.06782541987299315, "gamma": 439.970668031059, "max_depth": 6.0, "min_child_weight": 4364.485833343255, "num_boost_round": 27.0, "subsample": 0.35026741463508215}, "datetime": {"datetime": "2024-01-20 14:46:50", "elapsed": 1367.695574, "delta": 0.002162}}
{"target": -15.170427028440727, "params": {"colsample_bytree": 0.47158536506877413, "eta": 0.07120741530202873, "gamma": 528.2170143114846, "max_depth": 7.0, "min_child_weight": 4277.703136797057, "num_boost_round": 1.0, "subsample": 0.30936724691148026}, "datetime": {"datetime": "2024-01-20 14:47:23", "elapsed": 1401.270394, "delta": 33.57482}}
{"target": -15.168588179186731, "params": {"colsample_bytree": 0.47158536506877413, "eta": 0.07120741530202873, "gamma": 528.2170143114846, "max_depth": 7.0, "min_child_weight": 4277.703136797057, "num_boost_round": 2.0, "subsample": 0.30936724691148026}, "datetime": {"datetime": "2024-01-20 14:47:23", "elapsed": 1401.273665, "delta": 0.003271}}
{"target": -15.166164403318628, "params": {"colsample_bytree": 0.47158536506877413, "eta": 0.07120741530202873, "gamma": 528.2170143114846, "max_depth": 7.0, "min_child_weight": 4277.703136797057, "num_boost_round": 3.0, "subsample": 0.30936724691148026}, "datetime": {"datetime": "2024-01-20 14:47:23", "elapsed": 1401.276193, "delta": 0.002528}}
{"target": -15.165695679711728, "params": {"colsample_bytree": 0.47158536506877413, "eta": 0.07120741530202873, "gamma": 528.2170143114846, "max_depth": 7.0, "min_child_weight": 4277.703136797057, "num_boost_round": 4.0, "subsample": 0.30936724691148026}, "datetime": {"datetime": "2024-01-20 14:47:23", "elapsed": 1401.278427, "delta": 0.002234}}
{"target": -15.162339088061117, "params": {"colsample_bytree": 0.47158536506877413, "eta": 0.07120741530202873, "gamma": 528.2170143114846, "max_depth": 7.0, "min_child_weight": 4277.703136797057, "num_boost_round": 5.0, "subsample": 0.30936724691148026}, "datetime": {"datetime": "2024-01-20 14:47:23", "elapsed": 1401.280667, "delta": 0.00224}}
{"target": -15.16062091743709, "params": {"colsample_bytree": 0.47158536506877413, "eta": 0.07120741530202873, "gamma": 528.2170143114846, "max_depth": 7.0, "min_child_weight": 4277.703136797057, "num_boost_round": 6.0, "subsample": 0.30936724691148026}, "datetime": {"datetime": "2024-01-20 14:47:23", "elapsed": 1401.282907, "delta": 0.00224}}
{"target": -15.159312340754074, "params": {"colsample_bytree": 0.47158536506877413, "eta": 0.07120741530202873, "gamma": 528.2170143114846, "max_depth": 7.0, "min_child_weight": 4277.703136797057, "num_boost_round": 7.0, "subsample": 0.30936724691148026}, "datetime": {"datetime": "2024-01-20 14:47:23", "elapsed": 1401.285069, "delta": 0.002162}}
{"target": -15.157569732908437, "params": {"colsample_bytree": 0.47158536506877413, "eta": 0.07120741530202873, "gamma": 528.2170143114846, "max_depth": 7.0, "min_child_weight": 4277.703136797057, "num_boost_round": 8.0, "subsample": 0.30936724691148026}, "datetime": {"datetime": "2024-01-20 14:47:23", "elapsed": 1401.287223, "delta": 0.002154}}
{"target": -15.157006144975412, "params": {"colsample_bytree": 0.47158536506877413, "eta": 0.07120741530202873, "gamma": 528.2170143114846, "max_depth": 7.0, "min_child_weight": 4277.703136797057, "num_boost_round": 9.0, "subsample": 0.30936724691148026}, "datetime": {"datetime": "2024-01-20 14:47:23", "elapsed": 1401.289398, "delta": 0.002175}}
{"target": -15.155959414927057, "params": {"colsample_bytree": 0.47158536506877413, "eta": 0.07120741530202873, "gamma": 528.2170143114846, "max_depth": 7.0, "min_child_weight": 4277.703136797057, "num_boost_round": 10.0, "subsample": 0.30936724691148026}, "datetime": {"datetime": "2024-01-20 14:47:23", "elapsed": 1401.291793, "delta": 0.002395}}
{"target": -15.156184098622893, "params": {"colsample_bytree": 0.47158536506877413, "eta": 0.07120741530202873, "gamma": 528.2170143114846, "max_depth": 7.0, "min_child_weight": 4277.703136797057, "num_boost_round": 11.0, "subsample": 0.30936724691148026}, "datetime": {"datetime": "2024-01-20 14:47:23", "elapsed": 1401.294078, "delta": 0.002285}}
{"target": -15.156349910052324, "params": {"colsample_bytree": 0.47158536506877413, "eta": 0.07120741530202873, "gamma": 528.2170143114846, "max_depth": 7.0, "min_child_weight": 4277.703136797057, "num_boost_round": 12.0, "subsample": 0.30936724691148026}, "datetime": {"datetime": "2024-01-20 14:47:23", "elapsed": 1401.296321, "delta": 0.002243}}
{"target": -15.15649579942221, "params": {"colsample_bytree": 0.47158536506877413, "eta": 0.07120741530202873, "gamma": 528.2170143114846, "max_depth": 7.0, "min_child_weight": 4277.703136797057, "num_boost_round": 13.0, "subsample": 0.30936724691148026}, "datetime": {"datetime": "2024-01-20 14:47:23", "elapsed": 1401.298445, "delta": 0.002124}}
{"target": -15.155218397794943, "params": {"colsample_bytree": 0.47158536506877413, "eta": 0.07120741530202873, "gamma": 528.2170143114846, "max_depth": 7.0, "min_child_weight": 4277.703136797057, "num_boost_round": 14.0, "subsample": 0.30936724691148026}, "datetime": {"datetime": "2024-01-20 14:47:23", "elapsed": 1401.300632, "delta": 0.002187}}
{"target": -15.154756401677991, "params": {"colsample_bytree": 0.47158536506877413, "eta": 0.07120741530202873, "gamma": 528.2170143114846, "max_depth": 7.0, "min_child_weight": 4277.703136797057, "num_boost_round": 15.0, "subsample": 0.30936724691148026}, "datetime": {"datetime": "2024-01-20 14:47:23", "elapsed": 1401.302843, "delta": 0.002211}}
{"target": -15.15557320692725, "params": {"colsample_bytree": 0.47158536506877413, "eta": 0.07120741530202873, "gamma": 528.2170143114846, "max_depth": 7.0, "min_child_weight": 4277.703136797057, "num_boost_round": 16.0, "subsample": 0.30936724691148026}, "datetime": {"datetime": "2024-01-20 14:47:23", "elapsed": 1401.304974, "delta": 0.002131}}
{"target": -15.154574570300476, "params": {"colsample_bytree": 0.47158536506877413, "eta": 0.07120741530202873, "gamma": 528.2170143114846, "max_depth": 7.0, "min_child_weight": 4277.703136797057, "num_boost_round": 17.0, "subsample": 0.30936724691148026}, "datetime": {"datetime": "2024-01-20 14:47:23", "elapsed": 1401.307096, "delta": 0.002122}}
{"target": -15.15469583426647, "params": {"colsample_bytree": 0.47158536506877413, "eta": 0.07120741530202873, "gamma": 528.2170143114846, "max_depth": 7.0, "min_child_weight": 4277.703136797057, "num_boost_round": 18.0, "subsample": 0.30936724691148026}, "datetime": {"datetime": "2024-01-20 14:47:23", "elapsed": 1401.309378, "delta": 0.002282}}
{"target": -15.153974797592316, "params": {"colsample_bytree": 0.47158536506877413, "eta": 0.07120741530202873, "gamma": 528.2170143114846, "max_depth": 7.0, "min_child_weight": 4277.703136797057, "num_boost_round": 19.0, "subsample": 0.30936724691148026}, "datetime": {"datetime": "2024-01-20 14:47:23", "elapsed": 1401.311608, "delta": 0.00223}}
{"target": -15.154003439471442, "params": {"colsample_bytree": 0.47158536506877413, "eta": 0.07120741530202873, "gamma": 528.2170143114846, "max_depth": 7.0, "min_child_weight": 4277.703136797057, "num_boost_round": 20.0, "subsample": 0.30936724691148026}, "datetime": {"datetime": "2024-01-20 14:47:23", "elapsed": 1401.313773, "delta": 0.002165}}
{"target": -15.15377135085025, "params": {"colsample_bytree": 0.47158536506877413, "eta": 0.07120741530202873, "gamma": 528.2170143114846, "max_depth": 7.0, "min_child_weight": 4277.703136797057, "num_boost_round": 21.0, "subsample": 0.30936724691148026}, "datetime": {"datetime": "2024-01-20 14:47:23", "elapsed": 1401.31594, "delta": 0.002167}}
{"target": -15.15390033238408, "params": {"colsample_bytree": 0.47158536506877413, "eta": 0.07120741530202873, "gamma": 528.2170143114846, "max_depth": 7.0, "min_child_weight": 4277.703136797057, "num_boost_round": 22.0, "subsample": 0.30936724691148026}, "datetime": {"datetime": "2024-01-20 14:47:23", "elapsed": 1401.31807, "delta": 0.00213}}
{"target": -15.171965096788007, "params": {"colsample_bytree": 0.3428085415176154, "eta": 0.03817743568174256, "gamma": 495.4645345664196, "max_depth": 2.0, "min_child_weight": 4382.564378055214, "num_boost_round": 1.0, "subsample": 0.3332110549756381}, "datetime": {"datetime": "2024-01-20 14:47:58", "elapsed": 1436.218861, "delta": 34.900791}}
{"target": -15.17097406115923, "params": {"colsample_bytree": 0.3428085415176154, "eta": 0.03817743568174256, "gamma": 495.4645345664196, "max_depth": 2.0, "min_child_weight": 4382.564378055214, "num_boost_round": 2.0, "subsample": 0.3332110549756381}, "datetime": {"datetime": "2024-01-20 14:47:58", "elapsed": 1436.223464, "delta": 0.004603}}
{"target": -15.169842354290866, "params": {"colsample_bytree": 0.3428085415176154, "eta": 0.03817743568174256, "gamma": 495.4645345664196, "max_depth": 2.0, "min_child_weight": 4382.564378055214, "num_boost_round": 3.0, "subsample": 0.3332110549756381}, "datetime": {"datetime": "2024-01-20 14:47:58", "elapsed": 1436.225786, "delta": 0.002322}}
{"target": -15.169773389387792, "params": {"colsample_bytree": 0.3428085415176154, "eta": 0.03817743568174256, "gamma": 495.4645345664196, "max_depth": 2.0, "min_child_weight": 4382.564378055214, "num_boost_round": 4.0, "subsample": 0.3332110549756381}, "datetime": {"datetime": "2024-01-20 14:47:58", "elapsed": 1436.228008, "delta": 0.002222}}
{"target": -15.167825297125821, "params": {"colsample_bytree": 0.3428085415176154, "eta": 0.03817743568174256, "gamma": 495.4645345664196, "max_depth": 2.0, "min_child_weight": 4382.564378055214, "num_boost_round": 5.0, "subsample": 0.3332110549756381}, "datetime": {"datetime": "2024-01-20 14:47:58", "elapsed": 1436.23014, "delta": 0.002132}}
{"target": -15.166992549958898, "params": {"colsample_bytree": 0.3428085415176154, "eta": 0.03817743568174256, "gamma": 495.4645345664196, "max_depth": 2.0, "min_child_weight": 4382.564378055214, "num_boost_round": 6.0, "subsample": 0.3332110549756381}, "datetime": {"datetime": "2024-01-20 14:47:58", "elapsed": 1436.232438, "delta": 0.002298}}
{"target": -15.166209763457541, "params": {"colsample_bytree": 0.3428085415176154, "eta": 0.03817743568174256, "gamma": 495.4645345664196, "max_depth": 2.0, "min_child_weight": 4382.564378055214, "num_boost_round": 7.0, "subsample": 0.3332110549756381}, "datetime": {"datetime": "2024-01-20 14:47:58", "elapsed": 1436.234583, "delta": 0.002145}}
{"target": -15.164647889145492, "params": {"colsample_bytree": 0.3428085415176154, "eta": 0.03817743568174256, "gamma": 495.4645345664196, "max_depth": 2.0, "min_child_weight": 4382.564378055214, "num_boost_round": 8.0, "subsample": 0.3332110549756381}, "datetime": {"datetime": "2024-01-20 14:47:58", "elapsed": 1436.236725, "delta": 0.002142}}
{"target": -15.164729304529025, "params": {"colsample_bytree": 0.3428085415176154, "eta": 0.03817743568174256, "gamma": 495.4645345664196, "max_depth": 2.0, "min_child_weight": 4382.564378055214, "num_boost_round": 9.0, "subsample": 0.3332110549756381}, "datetime": {"datetime": "2024-01-20 14:47:58", "elapsed": 1436.238864, "delta": 0.002139}}
{"target": -15.163949865507456, "params": {"colsample_bytree": 0.3428085415176154, "eta": 0.03817743568174256, "gamma": 495.4645345664196, "max_depth": 2.0, "min_child_weight": 4382.564378055214, "num_boost_round": 10.0, "subsample": 0.3332110549756381}, "datetime": {"datetime": "2024-01-20 14:47:58", "elapsed": 1436.241165, "delta": 0.002301}}
{"target": -15.163783127401253, "params": {"colsample_bytree": 0.3428085415176154, "eta": 0.03817743568174256, "gamma": 495.4645345664196, "max_depth": 2.0, "min_child_weight": 4382.564378055214, "num_boost_round": 11.0, "subsample": 0.3332110549756381}, "datetime": {"datetime": "2024-01-20 14:47:58", "elapsed": 1436.243458, "delta": 0.002293}}
{"target": -15.163832347358975, "params": {"colsample_bytree": 0.3428085415176154, "eta": 0.03817743568174256, "gamma": 495.4645345664196, "max_depth": 2.0, "min_child_weight": 4382.564378055214, "num_boost_round": 12.0, "subsample": 0.3332110549756381}, "datetime": {"datetime": "2024-01-20 14:47:58", "elapsed": 1436.245607, "delta": 0.002149}}
{"target": -15.163825567515872, "params": {"colsample_bytree": 0.3428085415176154, "eta": 0.03817743568174256, "gamma": 495.4645345664196, "max_depth": 2.0, "min_child_weight": 4382.564378055214, "num_boost_round": 13.0, "subsample": 0.3332110549756381}, "datetime": {"datetime": "2024-01-20 14:47:58", "elapsed": 1436.247767, "delta": 0.00216}}
{"target": -15.163012066841066, "params": {"colsample_bytree": 0.3428085415176154, "eta": 0.03817743568174256, "gamma": 495.4645345664196, "max_depth": 2.0, "min_child_weight": 4382.564378055214, "num_boost_round": 14.0, "subsample": 0.3332110549756381}, "datetime": {"datetime": "2024-01-20 14:47:58", "elapsed": 1436.249927, "delta": 0.00216}}
{"target": -15.162420851735398, "params": {"colsample_bytree": 0.3428085415176154, "eta": 0.03817743568174256, "gamma": 495.4645345664196, "max_depth": 2.0, "min_child_weight": 4382.564378055214, "num_boost_round": 15.0, "subsample": 0.3332110549756381}, "datetime": {"datetime": "2024-01-20 14:47:58", "elapsed": 1436.252212, "delta": 0.002285}}
{"target": -15.161808299927355, "params": {"colsample_bytree": 0.3428085415176154, "eta": 0.03817743568174256, "gamma": 495.4645345664196, "max_depth": 2.0, "min_child_weight": 4382.564378055214, "num_boost_round": 16.0, "subsample": 0.3332110549756381}, "datetime": {"datetime": "2024-01-20 14:47:58", "elapsed": 1436.254409, "delta": 0.002197}}
{"target": -15.160556328824208, "params": {"colsample_bytree": 0.3428085415176154, "eta": 0.03817743568174256, "gamma": 495.4645345664196, "max_depth": 2.0, "min_child_weight": 4382.564378055214, "num_boost_round": 17.0, "subsample": 0.3332110549756381}, "datetime": {"datetime": "2024-01-20 14:47:58", "elapsed": 1436.256675, "delta": 0.002266}}
{"target": -15.160498599083944, "params": {"colsample_bytree": 0.3428085415176154, "eta": 0.03817743568174256, "gamma": 495.4645345664196, "max_depth": 2.0, "min_child_weight": 4382.564378055214, "num_boost_round": 18.0, "subsample": 0.3332110549756381}, "datetime": {"datetime": "2024-01-20 14:47:58", "elapsed": 1436.258893, "delta": 0.002218}}
{"target": -15.159692302169084, "params": {"colsample_bytree": 0.3428085415176154, "eta": 0.03817743568174256, "gamma": 495.4645345664196, "max_depth": 2.0, "min_child_weight": 4382.564378055214, "num_boost_round": 19.0, "subsample": 0.3332110549756381}, "datetime": {"datetime": "2024-01-20 14:47:58", "elapsed": 1436.26122, "delta": 0.002327}}
{"target": -15.159047398440661, "params": {"colsample_bytree": 0.3428085415176154, "eta": 0.03817743568174256, "gamma": 495.4645345664196, "max_depth": 2.0, "min_child_weight": 4382.564378055214, "num_boost_round": 20.0, "subsample": 0.3332110549756381}, "datetime": {"datetime": "2024-01-20 14:47:58", "elapsed": 1436.26345, "delta": 0.00223}}
