{"target": -15.168959040474844, "params": {"colsample_bytree": 0.31022901270035425, "eta": 0.00688741464260014, "gamma": 624.2427262526627, "max_depth": 3.0, "min_child_weight": 4195.579288058615, "num_boost_round": 46.0, "subsample": 0.12271227354817493}, "datetime": {"datetime": "2024-01-20 16:40:26", "elapsed": 8183.951246, "delta": 0.006518}}
{"target": -15.168884970635837, "params": {"colsample_bytree": 0.31022901270035425, "eta": 0.00688741464260014, "gamma": 624.2427262526627, "max_depth": 3.0, "min_child_weight": 4195.579288058615, "num_boost_round": 47.0, "subsample": 0.12271227354817493}, "datetime": {"datetime": "2024-01-20 16:40:26", "elapsed": 8183.957711, "delta": 0.006465}}
{"target": -15.168852646571086, "params": {"colsample_bytree": 0.31022901270035425, "eta": 0.00688741464260014, "gamma": 624.2427262526627, "max_depth": 3.0, "min_child_weight": 4195.579288058615, "num_boost_round": 48.0, "subsample": 0.12271227354817493}, "datetime": {"datetime": "2024-01-20 16:40:26", "elapsed": 8183.964164, "delta": 0.006453}}
{"target": -15.168863395679882, "params": {"colsample_bytree": 0.31022901270035425, "eta": 0.00688741464260014, "gamma": 624.2427262526627, "max_depth": 3.0, "min_child_weight": 4195.579288058615, "num_boost_round": 49.0, "subsample": 0.12271227354817493}, "datetime": {"datetime": "2024-01-20 16:40:26", "elapsed": 8183.971043, "delta": 0.006879}}
{"target": -15.168766029290882, "params": {"colsample_bytree": 0.31022901270035425, "eta": 0.00688741464260014, "gamma": 624.2427262526627, "max_depth": 3.0, "min_child_weight": 4195.579288058615, "num_boost_round": 50.0, "subsample": 0.12271227354817493}, "datetime": {"datetime": "2024-01-20 16:40:26", "elapsed": 8183.98016, "delta": 0.009117}}
{"target": -15.168718069797249, "params": {"colsample_bytree": 0.31022901270035425, "eta": 0.00688741464260014, "gamma": 624.2427262526627, "max_depth": 3.0, "min_child_weight": 4195.579288058615, "num_boost_round": 51.0, "subsample": 0.12271227354817493}, "datetime": {"datetime": "2024-01-20 16:40:26", "elapsed": 8184.323328, "delta": 0.343168}}
{"target": -15.168760067455374, "params": {"colsample_bytree": 0.31022901270035425, "eta": 0.00688741464260014, "gamma": 624.2427262526627, "max_depth": 3.0, "min_child_weight": 4195.579288058615, "num_boost_round": 52.0, "subsample": 0.12271227354817493}, "datetime": {"datetime": "2024-01-20 16:40:26", "elapsed": 8184.33115, "delta": 0.007822}}
{"target": -15.168642476439516, "params": {"colsample_bytree": 0.31022901270035425, "eta": 0.00688741464260014, "gamma": 624.2427262526627, "max_depth": 3.0, "min_child_weight": 4195.579288058615, "num_boost_round": 53.0, "subsample": 0.12271227354817493}, "datetime": {"datetime": "2024-01-20 16:40:26", "elapsed": 8184.337925, "delta": 0.006775}}
{"target": -15.168568186184118, "params": {"colsample_bytree": 0.31022901270035425, "eta": 0.00688741464260014, "gamma": 624.2427262526627, "max_depth": 3.0, "min_child_weight": 4195.579288058615, "num_boost_round": 54.0, "subsample": 0.12271227354817493}, "datetime": {"datetime": "2024-01-20 16:40:26", "elapsed": 8184.345233, "delta": 0.007308}}
{"target": -15.16855573827846, "params": {"colsample_bytree": 0.31022901270035425, "eta": 0.00688741464260014, "gamma": 624.2427262526627, "max_depth": 3.0, "min_child_weight": 4195.579288058615, "num_boost_round": 55.0, "subsample": 0.12271227354817493}, "datetime": {"datetime": "2024-01-20 16:40:26", "elapsed": 8184.354618, "delta": 0.009385}}
{"target": -15.168476901631887, "params": {"colsample_bytree": 0.31022901270035425, "eta": 0.00688741464260014, "gamma": 624.2427262526627, "max_depth": 3.0, "min_child_weight": 4195.579288058615, "num_boost_round": 56.0, "subsample": 0.12271227354817493}, "datetime": {"datetime": "2024-01-20 16:40:26", "elapsed": 8184.363856, "delta": 0.009238}}
{"target": -15.168381123859923, "params": {"colsample_bytree": 0.31022901270035425, "eta": 0.00688741464260014, "gamma": 624.2427262526627, "max_depth": 3.0, "min_child_weight": 4195.579288058615, "num_boost_round": 57.0, "subsample": 0.12271227354817493}, "datetime": {"datetime": "2024-01-20 16:40:26", "elapsed": 8184.371996, "delta": 0.00814}}
{"target": -15.16836382265265, "params": {"colsample_bytree": 0.31022901270035425, "eta": 0.00688741464260014, "gamma": 624.2427262526627, "max_depth": 3.0, "min_child_weight": 4195.579288058615, "num_boost_round": 58.0, "subsample": 0.12271227354817493}, "datetime": {"datetime": "2024-01-20 16:40:26", "elapsed": 8184.379506, "delta": 0.00751}}
{"target": -15.168258993948182, "params": {"colsample_bytree": 0.31022901270035425, "eta": 0.00688741464260014, "gamma": 624.2427262526627, "max_depth": 3.0, "min_child_weight": 4195.579288058615, "num_boost_round": 59.0, "subsample": 0.12271227354817493}, "datetime": {"datetime": "2024-01-20 16:40:26", "elapsed": 8184.386824, "delta": 0.007318}}
{"target": -15.168254194571436, "params": {"colsample_bytree": 0.31022901270035425, "eta": 0.00688741464260014, "gamma": 624.2427262526627, "max_depth": 3.0, "min_child_weight": 4195.579288058615, "num_boost_round": 60.0, "subsample": 0.12271227354817493}, "datetime": {"datetime": "2024-01-20 16:40:26", "elapsed": 8184.393439, "delta": 0.006615}}
{"target": -15.168265410649044, "params": {"colsample_bytree": 0.31022901270035425, "eta": 0.00688741464260014, "gamma": 624.2427262526627, "max_depth": 3.0, "min_child_weight": 4195.579288058615, "num_boost_round": 61.0, "subsample": 0.12271227354817493}, "datetime": {"datetime": "2024-01-20 16:40:26", "elapsed": 8184.400331, "delta": 0.006892}}
{"target": -15.168260673318006, "params": {"colsample_bytree": 0.31022901270035425, "eta": 0.00688741464260014, "gamma": 624.2427262526627, "max_depth": 3.0, "min_child_weight": 4195.579288058615, "num_boost_round": 62.0, "subsample": 0.12271227354817493}, "datetime": {"datetime": "2024-01-20 16:40:26", "elapsed": 8184.406992, "delta": 0.006661}}
{"target": -15.168726495936731, "params": {"colsample_bytree": 0.9599153788167786, "eta": 0.06082776468548133, "gamma": 614.9088277518018, "max_depth": 6.0, "min_child_weight": 4207.661867432567, "num_boost_round": 1.0, "subsample": 0.6483843366561662}, "datetime": {"datetime": "2024-01-20 16:43:45", "elapsed": 8382.555299, "delta": 198.148307}}
{"target": -15.165292906715848, "params": {"colsample_bytree": 0.9599153788167786, "eta": 0.06082776468548133, "gamma": 614.9088277518018, "max_depth": 6.0, "min_child_weight": 4207.661867432567, "num_boost_round": 2.0, "subsample": 0.6483843366561662}, "datetime": {"datetime": "2024-01-20 16:43:45", "elapsed": 8382.56293, "delta": 0.007631}}
{"target": -15.16235193893716, "params": {"colsample_bytree": 0.9599153788167786, "eta": 0.06082776468548133, "gamma": 614.9088277518018, "max_depth": 6.0, "min_child_weight": 4207.661867432567, "num_boost_round": 3.0, "subsample": 0.6483843366561662}, "datetime": {"datetime": "2024-01-20 16:43:45", "elapsed": 8382.570068, "delta": 0.007138}}
{"target": -15.160642716870946, "params": {"colsample_bytree": 0.9599153788167786, "eta": 0.06082776468548133, "gamma": 614.9088277518018, "max_depth": 6.0, "min_child_weight": 4207.661867432567, "num_boost_round": 4.0, "subsample": 0.6483843366561662}, "datetime": {"datetime": "2024-01-20 16:43:45", "elapsed": 8382.577637, "delta": 0.007569}}
{"target": -15.158886344152336, "params": {"colsample_bytree": 0.9599153788167786, "eta": 0.06082776468548133, "gamma": 614.9088277518018, "max_depth": 6.0, "min_child_weight": 4207.661867432567, "num_boost_round": 5.0, "subsample": 0.6483843366561662}, "datetime": {"datetime": "2024-01-20 16:43:45", "elapsed": 8382.584911, "delta": 0.007274}}
{"target": -15.157535523480604, "params": {"colsample_bytree": 0.9599153788167786, "eta": 0.06082776468548133, "gamma": 614.9088277518018, "max_depth": 6.0, "min_child_weight": 4207.661867432567, "num_boost_round": 6.0, "subsample": 0.6483843366561662}, "datetime": {"datetime": "2024-01-20 16:43:45", "elapsed": 8382.592204, "delta": 0.007293}}
{"target": -15.157124413248066, "params": {"colsample_bytree": 0.9599153788167786, "eta": 0.06082776468548133, "gamma": 614.9088277518018, "max_depth": 6.0, "min_child_weight": 4207.661867432567, "num_boost_round": 7.0, "subsample": 0.6483843366561662}, "datetime": {"datetime": "2024-01-20 16:43:45", "elapsed": 8382.599989, "delta": 0.007785}}
{"target": -15.156264593126359, "params": {"colsample_bytree": 0.9599153788167786, "eta": 0.06082776468548133, "gamma": 614.9088277518018, "max_depth": 6.0, "min_child_weight": 4207.661867432567, "num_boost_round": 8.0, "subsample": 0.6483843366561662}, "datetime": {"datetime": "2024-01-20 16:43:45", "elapsed": 8382.6078, "delta": 0.007811}}
{"target": -15.155502542646301, "params": {"colsample_bytree": 0.9599153788167786, "eta": 0.06082776468548133, "gamma": 614.9088277518018, "max_depth": 6.0, "min_child_weight": 4207.661867432567, "num_boost_round": 9.0, "subsample": 0.6483843366561662}, "datetime": {"datetime": "2024-01-20 16:43:45", "elapsed": 8382.615424, "delta": 0.007624}}
{"target": -15.155377135355575, "params": {"colsample_bytree": 0.9599153788167786, "eta": 0.06082776468548133, "gamma": 614.9088277518018, "max_depth": 6.0, "min_child_weight": 4207.661867432567, "num_boost_round": 10.0, "subsample": 0.6483843366561662}, "datetime": {"datetime": "2024-01-20 16:43:45", "elapsed": 8382.622401, "delta": 0.006977}}
{"target": -15.155742880756366, "params": {"colsample_bytree": 0.9599153788167786, "eta": 0.06082776468548133, "gamma": 614.9088277518018, "max_depth": 6.0, "min_child_weight": 4207.661867432567, "num_boost_round": 11.0, "subsample": 0.6483843366561662}, "datetime": {"datetime": "2024-01-20 16:43:45", "elapsed": 8382.629421, "delta": 0.00702}}
{"target": -15.156229951256378, "params": {"colsample_bytree": 0.9599153788167786, "eta": 0.06082776468548133, "gamma": 614.9088277518018, "max_depth": 6.0, "min_child_weight": 4207.661867432567, "num_boost_round": 12.0, "subsample": 0.6483843366561662}, "datetime": {"datetime": "2024-01-20 16:43:45", "elapsed": 8382.636153, "delta": 0.006732}}
{"target": -15.156308232217373, "params": {"colsample_bytree": 0.9599153788167786, "eta": 0.06082776468548133, "gamma": 614.9088277518018, "max_depth": 6.0, "min_child_weight": 4207.661867432567, "num_boost_round": 13.0, "subsample": 0.6483843366561662}, "datetime": {"datetime": "2024-01-20 16:43:45", "elapsed": 8382.642819, "delta": 0.006666}}
{"target": -15.15622927649975, "params": {"colsample_bytree": 0.9599153788167786, "eta": 0.06082776468548133, "gamma": 614.9088277518018, "max_depth": 6.0, "min_child_weight": 4207.661867432567, "num_boost_round": 14.0, "subsample": 0.6483843366561662}, "datetime": {"datetime": "2024-01-20 16:43:45", "elapsed": 8382.649461, "delta": 0.006642}}
{"target": -15.156454229559573, "params": {"colsample_bytree": 0.9599153788167786, "eta": 0.06082776468548133, "gamma": 614.9088277518018, "max_depth": 6.0, "min_child_weight": 4207.661867432567, "num_boost_round": 15.0, "subsample": 0.6483843366561662}, "datetime": {"datetime": "2024-01-20 16:43:45", "elapsed": 8382.656462, "delta": 0.007001}}
{"target": -15.15739302256813, "params": {"colsample_bytree": 0.9599153788167786, "eta": 0.06082776468548133, "gamma": 614.9088277518018, "max_depth": 6.0, "min_child_weight": 4207.661867432567, "num_boost_round": 16.0, "subsample": 0.6483843366561662}, "datetime": {"datetime": "2024-01-20 16:43:45", "elapsed": 8382.663294, "delta": 0.006832}}
{"target": -15.157470006663658, "params": {"colsample_bytree": 0.9599153788167786, "eta": 0.06082776468548133, "gamma": 614.9088277518018, "max_depth": 6.0, "min_child_weight": 4207.661867432567, "num_boost_round": 17.0, "subsample": 0.6483843366561662}, "datetime": {"datetime": "2024-01-20 16:43:45", "elapsed": 8382.669911, "delta": 0.006617}}
{"target": -15.157634223379734, "params": {"colsample_bytree": 0.9599153788167786, "eta": 0.06082776468548133, "gamma": 614.9088277518018, "max_depth": 6.0, "min_child_weight": 4207.661867432567, "num_boost_round": 18.0, "subsample": 0.6483843366561662}, "datetime": {"datetime": "2024-01-20 16:43:45", "elapsed": 8382.676459, "delta": 0.006548}}
{"target": -15.159161740251259, "params": {"colsample_bytree": 0.9599153788167786, "eta": 0.06082776468548133, "gamma": 614.9088277518018, "max_depth": 6.0, "min_child_weight": 4207.661867432567, "num_boost_round": 19.0, "subsample": 0.6483843366561662}, "datetime": {"datetime": "2024-01-20 16:43:45", "elapsed": 8382.682937, "delta": 0.006478}}
{"target": -15.159650685296675, "params": {"colsample_bytree": 0.9599153788167786, "eta": 0.06082776468548133, "gamma": 614.9088277518018, "max_depth": 6.0, "min_child_weight": 4207.661867432567, "num_boost_round": 20.0, "subsample": 0.6483843366561662}, "datetime": {"datetime": "2024-01-20 16:43:45", "elapsed": 8382.689466, "delta": 0.006529}}
{"target": -15.160187133579125, "params": {"colsample_bytree": 0.9599153788167786, "eta": 0.06082776468548133, "gamma": 614.9088277518018, "max_depth": 6.0, "min_child_weight": 4207.661867432567, "num_boost_round": 21.0, "subsample": 0.6483843366561662}, "datetime": {"datetime": "2024-01-20 16:43:45", "elapsed": 8382.696443, "delta": 0.006977}}
{"target": -15.159960924427219, "params": {"colsample_bytree": 0.9599153788167786, "eta": 0.06082776468548133, "gamma": 614.9088277518018, "max_depth": 6.0, "min_child_weight": 4207.661867432567, "num_boost_round": 22.0, "subsample": 0.6483843366561662}, "datetime": {"datetime": "2024-01-20 16:43:45", "elapsed": 8382.703215, "delta": 0.006772}}
{"target": -15.160529362977778, "params": {"colsample_bytree": 0.9599153788167786, "eta": 0.06082776468548133, "gamma": 614.9088277518018, "max_depth": 6.0, "min_child_weight": 4207.661867432567, "num_boost_round": 23.0, "subsample": 0.6483843366561662}, "datetime": {"datetime": "2024-01-20 16:43:45", "elapsed": 8382.709834, "delta": 0.006619}}
{"target": -15.160122327273982, "params": {"colsample_bytree": 0.9599153788167786, "eta": 0.06082776468548133, "gamma": 614.9088277518018, "max_depth": 6.0, "min_child_weight": 4207.661867432567, "num_boost_round": 24.0, "subsample": 0.6483843366561662}, "datetime": {"datetime": "2024-01-20 16:43:45", "elapsed": 8382.717231, "delta": 0.007397}}
{"target": -15.16029783263405, "params": {"colsample_bytree": 0.9599153788167786, "eta": 0.06082776468548133, "gamma": 614.9088277518018, "max_depth": 6.0, "min_child_weight": 4207.661867432567, "num_boost_round": 25.0, "subsample": 0.6483843366561662}, "datetime": {"datetime": "2024-01-20 16:43:45", "elapsed": 8382.723978, "delta": 0.006747}}
{"target": -15.160488805263565, "params": {"colsample_bytree": 0.9599153788167786, "eta": 0.06082776468548133, "gamma": 614.9088277518018, "max_depth": 6.0, "min_child_weight": 4207.661867432567, "num_boost_round": 26.0, "subsample": 0.6483843366561662}, "datetime": {"datetime": "2024-01-20 16:43:45", "elapsed": 8382.730573, "delta": 0.006595}}
{"target": -15.160566501998328, "params": {"colsample_bytree": 0.9599153788167786, "eta": 0.06082776468548133, "gamma": 614.9088277518018, "max_depth": 6.0, "min_child_weight": 4207.661867432567, "num_boost_round": 27.0, "subsample": 0.6483843366561662}, "datetime": {"datetime": "2024-01-20 16:43:45", "elapsed": 8382.737484, "delta": 0.006911}}
{"target": -15.160681212953591, "params": {"colsample_bytree": 0.9599153788167786, "eta": 0.06082776468548133, "gamma": 614.9088277518018, "max_depth": 6.0, "min_child_weight": 4207.661867432567, "num_boost_round": 28.0, "subsample": 0.6483843366561662}, "datetime": {"datetime": "2024-01-20 16:43:45", "elapsed": 8382.744239, "delta": 0.006755}}
{"target": -15.161709131785774, "params": {"colsample_bytree": 0.9599153788167786, "eta": 0.06082776468548133, "gamma": 614.9088277518018, "max_depth": 6.0, "min_child_weight": 4207.661867432567, "num_boost_round": 29.0, "subsample": 0.6483843366561662}, "datetime": {"datetime": "2024-01-20 16:43:45", "elapsed": 8382.750828, "delta": 0.006589}}
{"target": -15.162272214269603, "params": {"colsample_bytree": 0.9599153788167786, "eta": 0.06082776468548133, "gamma": 614.9088277518018, "max_depth": 6.0, "min_child_weight": 4207.661867432567, "num_boost_round": 30.0, "subsample": 0.6483843366561662}, "datetime": {"datetime": "2024-01-20 16:43:45", "elapsed": 8382.757396, "delta": 0.006568}}
{"target": -15.162710876179805, "params": {"colsample_bytree": 0.9599153788167786, "eta": 0.06082776468548133, "gamma": 614.9088277518018, "max_depth": 6.0, "min_child_weight": 4207.661867432567, "num_boost_round": 31.0, "subsample": 0.6483843366561662}, "datetime": {"datetime": "2024-01-20 16:43:45", "elapsed": 8382.763918, "delta": 0.006522}}
{"target": -15.163589187090711, "params": {"colsample_bytree": 0.9599153788167786, "eta": 0.06082776468548133, "gamma": 614.9088277518018, "max_depth": 6.0, "min_child_weight": 4207.661867432567, "num_boost_round": 32.0, "subsample": 0.6483843366561662}, "datetime": {"datetime": "2024-01-20 16:43:45", "elapsed": 8382.770453, "delta": 0.006535}}
{"target": -15.163649557242795, "params": {"colsample_bytree": 0.9599153788167786, "eta": 0.06082776468548133, "gamma": 614.9088277518018, "max_depth": 6.0, "min_child_weight": 4207.661867432567, "num_boost_round": 33.0, "subsample": 0.6483843366561662}, "datetime": {"datetime": "2024-01-20 16:43:45", "elapsed": 8382.777583, "delta": 0.00713}}
{"target": -15.164306957781719, "params": {"colsample_bytree": 0.9599153788167786, "eta": 0.06082776468548133, "gamma": 614.9088277518018, "max_depth": 6.0, "min_child_weight": 4207.661867432567, "num_boost_round": 34.0, "subsample": 0.6483843366561662}, "datetime": {"datetime": "2024-01-20 16:43:45", "elapsed": 8382.784364, "delta": 0.006781}}
{"target": -15.164026356013592, "params": {"colsample_bytree": 0.9599153788167786, "eta": 0.06082776468548133, "gamma": 614.9088277518018, "max_depth": 6.0, "min_child_weight": 4207.661867432567, "num_boost_round": 35.0, "subsample": 0.6483843366561662}, "datetime": {"datetime": "2024-01-20 16:43:45", "elapsed": 8382.790945, "delta": 0.006581}}
{"target": -15.164338719640458, "params": {"colsample_bytree": 0.9599153788167786, "eta": 0.06082776468548133, "gamma": 614.9088277518018, "max_depth": 6.0, "min_child_weight": 4207.661867432567, "num_boost_round": 36.0, "subsample": 0.6483843366561662}, "datetime": {"datetime": "2024-01-20 16:43:45", "elapsed": 8382.797476, "delta": 0.006531}}
{"target": -15.16457331467592, "params": {"colsample_bytree": 0.9599153788167786, "eta": 0.06082776468548133, "gamma": 614.9088277518018, "max_depth": 6.0, "min_child_weight": 4207.661867432567, "num_boost_round": 37.0, "subsample": 0.6483843366561662}, "datetime": {"datetime": "2024-01-20 16:43:45", "elapsed": 8382.803962, "delta": 0.006486}}
{"target": -15.164517214944581, "params": {"colsample_bytree": 0.9599153788167786, "eta": 0.06082776468548133, "gamma": 614.9088277518018, "max_depth": 6.0, "min_child_weight": 4207.661867432567, "num_boost_round": 38.0, "subsample": 0.6483843366561662}, "datetime": {"datetime": "2024-01-20 16:43:45", "elapsed": 8382.810486, "delta": 0.006524}}
{"target": -15.164067660440136, "params": {"colsample_bytree": 0.9599153788167786, "eta": 0.06082776468548133, "gamma": 614.9088277518018, "max_depth": 6.0, "min_child_weight": 4207.661867432567, "num_boost_round": 39.0, "subsample": 0.6483843366561662}, "datetime": {"datetime": "2024-01-20 16:43:45", "elapsed": 8382.817385, "delta": 0.006899}}
{"target": -15.164796247597792, "params": {"colsample_bytree": 0.9599153788167786, "eta": 0.06082776468548133, "gamma": 614.9088277518018, "max_depth": 6.0, "min_child_weight": 4207.661867432567, "num_boost_round": 40.0, "subsample": 0.6483843366561662}, "datetime": {"datetime": "2024-01-20 16:43:45", "elapsed": 8382.824071, "delta": 0.006686}}
{"target": -15.16544223666622, "params": {"colsample_bytree": 0.9599153788167786, "eta": 0.06082776468548133, "gamma": 614.9088277518018, "max_depth": 6.0, "min_child_weight": 4207.661867432567, "num_boost_round": 41.0, "subsample": 0.6483843366561662}, "datetime": {"datetime": "2024-01-20 16:43:45", "elapsed": 8382.830594, "delta": 0.006523}}
{"target": -15.165684412535771, "params": {"colsample_bytree": 0.9599153788167786, "eta": 0.06082776468548133, "gamma": 614.9088277518018, "max_depth": 6.0, "min_child_weight": 4207.661867432567, "num_boost_round": 42.0, "subsample": 0.6483843366561662}, "datetime": {"datetime": "2024-01-20 16:43:45", "elapsed": 8382.837856, "delta": 0.007262}}
{"target": -15.165932435655119, "params": {"colsample_bytree": 0.9599153788167786, "eta": 0.06082776468548133, "gamma": 614.9088277518018, "max_depth": 6.0, "min_child_weight": 4207.661867432567, "num_boost_round": 43.0, "subsample": 0.6483843366561662}, "datetime": {"datetime": "2024-01-20 16:43:45", "elapsed": 8382.844468, "delta": 0.006612}}
{"target": -15.166466866608221, "params": {"colsample_bytree": 0.9599153788167786, "eta": 0.06082776468548133, "gamma": 614.9088277518018, "max_depth": 6.0, "min_child_weight": 4207.661867432567, "num_boost_round": 44.0, "subsample": 0.6483843366561662}, "datetime": {"datetime": "2024-01-20 16:43:45", "elapsed": 8382.85096, "delta": 0.006492}}
{"target": -15.166582751712586, "params": {"colsample_bytree": 0.9599153788167786, "eta": 0.06082776468548133, "gamma": 614.9088277518018, "max_depth": 6.0, "min_child_weight": 4207.661867432567, "num_boost_round": 45.0, "subsample": 0.6483843366561662}, "datetime": {"datetime": "2024-01-20 16:43:45", "elapsed": 8382.857687, "delta": 0.006727}}
{"target": -15.166788069778207, "params": {"colsample_bytree": 0.9599153788167786, "eta": 0.06082776468548133, "gamma": 614.9088277518018, "max_depth": 6.0, "min_child_weight": 4207.661867432567, "num_boost_round": 46.0, "subsample": 0.6483843366561662}, "datetime": {"datetime": "2024-01-20 16:43:45", "elapsed": 8382.864533, "delta": 0.006846}}
