{"target": -13.510715525366603, "params": {"colsample_bytree": 0.7181295998762133, "eta": 0.07910962000764749, "gamma": 712.1289494754972, "max_depth": 6.0, "min_child_weight": 4355.146069243018, "num_boost_round": 89.0, "subsample": 0.8669298763148963}, "datetime": {"datetime": "2024-01-20 14:56:34", "elapsed": 1947.871585, "delta": 0.003139}}
{"target": -13.510798024648825, "params": {"colsample_bytree": 0.7181295998762133, "eta": 0.07910962000764749, "gamma": 712.1289494754972, "max_depth": 6.0, "min_child_weight": 4355.146069243018, "num_boost_round": 90.0, "subsample": 0.8669298763148963}, "datetime": {"datetime": "2024-01-20 14:56:34", "elapsed": 1947.874698, "delta": 0.003113}}
{"target": -13.510844913618824, "params": {"colsample_bytree": 0.7181295998762133, "eta": 0.07910962000764749, "gamma": 712.1289494754972, "max_depth": 6.0, "min_child_weight": 4355.146069243018, "num_boost_round": 91.0, "subsample": 0.8669298763148963}, "datetime": {"datetime": "2024-01-20 14:56:34", "elapsed": 1947.877731, "delta": 0.003033}}
{"target": -13.51103907695866, "params": {"colsample_bytree": 0.7181295998762133, "eta": 0.07910962000764749, "gamma": 712.1289494754972, "max_depth": 6.0, "min_child_weight": 4355.146069243018, "num_boost_round": 92.0, "subsample": 0.8669298763148963}, "datetime": {"datetime": "2024-01-20 14:56:34", "elapsed": 1947.880717, "delta": 0.002986}}
{"target": -13.497650262083498, "params": {"colsample_bytree": 0.9744354074833463, "eta": 0.06584560574942709, "gamma": 684.9023818128837, "max_depth": 2.0, "min_child_weight": 4458.823932313012, "num_boost_round": 1.0, "subsample": 0.4637345893492859}, "datetime": {"datetime": "2024-01-20 14:58:17", "elapsed": 2050.610188, "delta": 102.729471}}
{"target": -13.497697026645373, "params": {"colsample_bytree": 0.9744354074833463, "eta": 0.06584560574942709, "gamma": 684.9023818128837, "max_depth": 2.0, "min_child_weight": 4458.823932313012, "num_boost_round": 2.0, "subsample": 0.4637345893492859}, "datetime": {"datetime": "2024-01-20 14:58:17", "elapsed": 2050.614445, "delta": 0.004257}}
{"target": -13.497537034920299, "params": {"colsample_bytree": 0.9744354074833463, "eta": 0.06584560574942709, "gamma": 684.9023818128837, "max_depth": 2.0, "min_child_weight": 4458.823932313012, "num_boost_round": 3.0, "subsample": 0.4637345893492859}, "datetime": {"datetime": "2024-01-20 14:58:17", "elapsed": 2050.617615, "delta": 0.00317}}
{"target": -13.497405113535573, "params": {"colsample_bytree": 0.9744354074833463, "eta": 0.06584560574942709, "gamma": 684.9023818128837, "max_depth": 2.0, "min_child_weight": 4458.823932313012, "num_boost_round": 4.0, "subsample": 0.4637345893492859}, "datetime": {"datetime": "2024-01-20 14:58:17", "elapsed": 2050.62061, "delta": 0.002995}}
{"target": -13.497275966509392, "params": {"colsample_bytree": 0.9744354074833463, "eta": 0.06584560574942709, "gamma": 684.9023818128837, "max_depth": 2.0, "min_child_weight": 4458.823932313012, "num_boost_round": 5.0, "subsample": 0.4637345893492859}, "datetime": {"datetime": "2024-01-20 14:58:17", "elapsed": 2050.623513, "delta": 0.002903}}
{"target": -13.49705748256373, "params": {"colsample_bytree": 0.9744354074833463, "eta": 0.06584560574942709, "gamma": 684.9023818128837, "max_depth": 2.0, "min_child_weight": 4458.823932313012, "num_boost_round": 6.0, "subsample": 0.4637345893492859}, "datetime": {"datetime": "2024-01-20 14:58:17", "elapsed": 2050.626539, "delta": 0.003026}}
{"target": -13.497285076782692, "params": {"colsample_bytree": 0.9744354074833463, "eta": 0.06584560574942709, "gamma": 684.9023818128837, "max_depth": 2.0, "min_child_weight": 4458.823932313012, "num_boost_round": 7.0, "subsample": 0.4637345893492859}, "datetime": {"datetime": "2024-01-20 14:58:17", "elapsed": 2050.629444, "delta": 0.002905}}
{"target": -13.49737776864854, "params": {"colsample_bytree": 0.9744354074833463, "eta": 0.06584560574942709, "gamma": 684.9023818128837, "max_depth": 2.0, "min_child_weight": 4458.823932313012, "num_boost_round": 8.0, "subsample": 0.4637345893492859}, "datetime": {"datetime": "2024-01-20 14:58:17", "elapsed": 2050.632597, "delta": 0.003153}}
{"target": -13.497517298567795, "params": {"colsample_bytree": 0.9744354074833463, "eta": 0.06584560574942709, "gamma": 684.9023818128837, "max_depth": 2.0, "min_child_weight": 4458.823932313012, "num_boost_round": 9.0, "subsample": 0.4637345893492859}, "datetime": {"datetime": "2024-01-20 14:58:17", "elapsed": 2050.635675, "delta": 0.003078}}
{"target": -13.49788437144084, "params": {"colsample_bytree": 0.9744354074833463, "eta": 0.06584560574942709, "gamma": 684.9023818128837, "max_depth": 2.0, "min_child_weight": 4458.823932313012, "num_boost_round": 10.0, "subsample": 0.4637345893492859}, "datetime": {"datetime": "2024-01-20 14:58:17", "elapsed": 2050.638852, "delta": 0.003177}}
{"target": -13.498011479065521, "params": {"colsample_bytree": 0.9744354074833463, "eta": 0.06584560574942709, "gamma": 684.9023818128837, "max_depth": 2.0, "min_child_weight": 4458.823932313012, "num_boost_round": 11.0, "subsample": 0.4637345893492859}, "datetime": {"datetime": "2024-01-20 14:58:17", "elapsed": 2050.641757, "delta": 0.002905}}
{"target": -13.498035335167867, "params": {"colsample_bytree": 0.9744354074833463, "eta": 0.06584560574942709, "gamma": 684.9023818128837, "max_depth": 2.0, "min_child_weight": 4458.823932313012, "num_boost_round": 12.0, "subsample": 0.4637345893492859}, "datetime": {"datetime": "2024-01-20 14:58:17", "elapsed": 2050.64472, "delta": 0.002963}}
{"target": -13.498111010881138, "params": {"colsample_bytree": 0.9744354074833463, "eta": 0.06584560574942709, "gamma": 684.9023818128837, "max_depth": 2.0, "min_child_weight": 4458.823932313012, "num_boost_round": 13.0, "subsample": 0.4637345893492859}, "datetime": {"datetime": "2024-01-20 14:58:17", "elapsed": 2050.64763, "delta": 0.00291}}
{"target": -13.498180608859192, "params": {"colsample_bytree": 0.9744354074833463, "eta": 0.06584560574942709, "gamma": 684.9023818128837, "max_depth": 2.0, "min_child_weight": 4458.823932313012, "num_boost_round": 14.0, "subsample": 0.4637345893492859}, "datetime": {"datetime": "2024-01-20 14:58:17", "elapsed": 2050.650577, "delta": 0.002947}}
{"target": -13.498110680522405, "params": {"colsample_bytree": 0.9744354074833463, "eta": 0.06584560574942709, "gamma": 684.9023818128837, "max_depth": 2.0, "min_child_weight": 4458.823932313012, "num_boost_round": 15.0, "subsample": 0.4637345893492859}, "datetime": {"datetime": "2024-01-20 14:58:17", "elapsed": 2050.653586, "delta": 0.003009}}
{"target": -13.498314294558218, "params": {"colsample_bytree": 0.9744354074833463, "eta": 0.06584560574942709, "gamma": 684.9023818128837, "max_depth": 2.0, "min_child_weight": 4458.823932313012, "num_boost_round": 16.0, "subsample": 0.4637345893492859}, "datetime": {"datetime": "2024-01-20 14:58:17", "elapsed": 2050.656578, "delta": 0.002992}}
{"target": -13.49857107938044, "params": {"colsample_bytree": 0.9744354074833463, "eta": 0.06584560574942709, "gamma": 684.9023818128837, "max_depth": 2.0, "min_child_weight": 4458.823932313012, "num_boost_round": 17.0, "subsample": 0.4637345893492859}, "datetime": {"datetime": "2024-01-20 14:58:17", "elapsed": 2050.659482, "delta": 0.002904}}
{"target": -13.49854852867343, "params": {"colsample_bytree": 0.9744354074833463, "eta": 0.06584560574942709, "gamma": 684.9023818128837, "max_depth": 2.0, "min_child_weight": 4458.823932313012, "num_boost_round": 18.0, "subsample": 0.4637345893492859}, "datetime": {"datetime": "2024-01-20 14:58:17", "elapsed": 2050.662436, "delta": 0.002954}}
{"target": -13.498733762177396, "params": {"colsample_bytree": 0.9744354074833463, "eta": 0.06584560574942709, "gamma": 684.9023818128837, "max_depth": 2.0, "min_child_weight": 4458.823932313012, "num_boost_round": 19.0, "subsample": 0.4637345893492859}, "datetime": {"datetime": "2024-01-20 14:58:17", "elapsed": 2050.665322, "delta": 0.002886}}
{"target": -13.498871490414503, "params": {"colsample_bytree": 0.9744354074833463, "eta": 0.06584560574942709, "gamma": 684.9023818128837, "max_depth": 2.0, "min_child_weight": 4458.823932313012, "num_boost_round": 20.0, "subsample": 0.4637345893492859}, "datetime": {"datetime": "2024-01-20 14:58:17", "elapsed": 2050.66834, "delta": 0.003018}}
{"target": -13.498981689202076, "params": {"colsample_bytree": 0.9744354074833463, "eta": 0.06584560574942709, "gamma": 684.9023818128837, "max_depth": 2.0, "min_child_weight": 4458.823932313012, "num_boost_round": 21.0, "subsample": 0.4637345893492859}, "datetime": {"datetime": "2024-01-20 14:58:17", "elapsed": 2050.671252, "delta": 0.002912}}
{"target": -13.499171425320204, "params": {"colsample_bytree": 0.9744354074833463, "eta": 0.06584560574942709, "gamma": 684.9023818128837, "max_depth": 2.0, "min_child_weight": 4458.823932313012, "num_boost_round": 22.0, "subsample": 0.4637345893492859}, "datetime": {"datetime": "2024-01-20 14:58:17", "elapsed": 2050.674417, "delta": 0.003165}}
{"target": -13.49906602956876, "params": {"colsample_bytree": 0.9744354074833463, "eta": 0.06584560574942709, "gamma": 684.9023818128837, "max_depth": 2.0, "min_child_weight": 4458.823932313012, "num_boost_round": 23.0, "subsample": 0.4637345893492859}, "datetime": {"datetime": "2024-01-20 14:58:17", "elapsed": 2050.677355, "delta": 0.002938}}
{"target": -13.49929394587708, "params": {"colsample_bytree": 0.9744354074833463, "eta": 0.06584560574942709, "gamma": 684.9023818128837, "max_depth": 2.0, "min_child_weight": 4458.823932313012, "num_boost_round": 24.0, "subsample": 0.4637345893492859}, "datetime": {"datetime": "2024-01-20 14:58:17", "elapsed": 2050.680328, "delta": 0.002973}}
{"target": -13.49903907422274, "params": {"colsample_bytree": 0.9744354074833463, "eta": 0.06584560574942709, "gamma": 684.9023818128837, "max_depth": 2.0, "min_child_weight": 4458.823932313012, "num_boost_round": 25.0, "subsample": 0.4637345893492859}, "datetime": {"datetime": "2024-01-20 14:58:17", "elapsed": 2050.683244, "delta": 0.002916}}
{"target": -13.49896355255592, "params": {"colsample_bytree": 0.9744354074833463, "eta": 0.06584560574942709, "gamma": 684.9023818128837, "max_depth": 2.0, "min_child_weight": 4458.823932313012, "num_boost_round": 26.0, "subsample": 0.4637345893492859}, "datetime": {"datetime": "2024-01-20 14:58:17", "elapsed": 2050.686205, "delta": 0.002961}}
{"target": -13.499072605003652, "params": {"colsample_bytree": 0.9744354074833463, "eta": 0.06584560574942709, "gamma": 684.9023818128837, "max_depth": 2.0, "min_child_weight": 4458.823932313012, "num_boost_round": 27.0, "subsample": 0.4637345893492859}, "datetime": {"datetime": "2024-01-20 14:58:17", "elapsed": 2050.689126, "delta": 0.002921}}
{"target": -13.498958450422453, "params": {"colsample_bytree": 0.9744354074833463, "eta": 0.06584560574942709, "gamma": 684.9023818128837, "max_depth": 2.0, "min_child_weight": 4458.823932313012, "num_boost_round": 28.0, "subsample": 0.4637345893492859}, "datetime": {"datetime": "2024-01-20 14:58:17", "elapsed": 2050.692201, "delta": 0.003075}}
{"target": -13.499348424683323, "params": {"colsample_bytree": 0.9744354074833463, "eta": 0.06584560574942709, "gamma": 684.9023818128837, "max_depth": 2.0, "min_child_weight": 4458.823932313012, "num_boost_round": 29.0, "subsample": 0.4637345893492859}, "datetime": {"datetime": "2024-01-20 14:58:17", "elapsed": 2050.695176, "delta": 0.002975}}
{"target": -13.499147009219715, "params": {"colsample_bytree": 0.9744354074833463, "eta": 0.06584560574942709, "gamma": 684.9023818128837, "max_depth": 2.0, "min_child_weight": 4458.823932313012, "num_boost_round": 30.0, "subsample": 0.4637345893492859}, "datetime": {"datetime": "2024-01-20 14:58:17", "elapsed": 2050.698188, "delta": 0.003012}}
{"target": -13.499179765446112, "params": {"colsample_bytree": 0.9744354074833463, "eta": 0.06584560574942709, "gamma": 684.9023818128837, "max_depth": 2.0, "min_child_weight": 4458.823932313012, "num_boost_round": 31.0, "subsample": 0.4637345893492859}, "datetime": {"datetime": "2024-01-20 14:58:17", "elapsed": 2050.701114, "delta": 0.002926}}
{"target": -13.499363006633073, "params": {"colsample_bytree": 0.9744354074833463, "eta": 0.06584560574942709, "gamma": 684.9023818128837, "max_depth": 2.0, "min_child_weight": 4458.823932313012, "num_boost_round": 32.0, "subsample": 0.4637345893492859}, "datetime": {"datetime": "2024-01-20 14:58:17", "elapsed": 2050.704109, "delta": 0.002995}}
{"target": -13.499331788037125, "params": {"colsample_bytree": 0.9744354074833463, "eta": 0.06584560574942709, "gamma": 684.9023818128837, "max_depth": 2.0, "min_child_weight": 4458.823932313012, "num_boost_round": 33.0, "subsample": 0.4637345893492859}, "datetime": {"datetime": "2024-01-20 14:58:17", "elapsed": 2050.707047, "delta": 0.002938}}
{"target": -13.49928173476621, "params": {"colsample_bytree": 0.9744354074833463, "eta": 0.06584560574942709, "gamma": 684.9023818128837, "max_depth": 2.0, "min_child_weight": 4458.823932313012, "num_boost_round": 34.0, "subsample": 0.4637345893492859}, "datetime": {"datetime": "2024-01-20 14:58:17", "elapsed": 2050.710054, "delta": 0.003007}}
{"target": -13.49920807494537, "params": {"colsample_bytree": 0.9744354074833463, "eta": 0.06584560574942709, "gamma": 684.9023818128837, "max_depth": 2.0, "min_child_weight": 4458.823932313012, "num_boost_round": 35.0, "subsample": 0.4637345893492859}, "datetime": {"datetime": "2024-01-20 14:58:17", "elapsed": 2050.713093, "delta": 0.003039}}
{"target": -13.499470749554392, "params": {"colsample_bytree": 0.9744354074833463, "eta": 0.06584560574942709, "gamma": 684.9023818128837, "max_depth": 2.0, "min_child_weight": 4458.823932313012, "num_boost_round": 36.0, "subsample": 0.4637345893492859}, "datetime": {"datetime": "2024-01-20 14:58:17", "elapsed": 2050.716165, "delta": 0.003072}}
{"target": -13.499411252358843, "params": {"colsample_bytree": 0.9744354074833463, "eta": 0.06584560574942709, "gamma": 684.9023818128837, "max_depth": 2.0, "min_child_weight": 4458.823932313012, "num_boost_round": 37.0, "subsample": 0.4637345893492859}, "datetime": {"datetime": "2024-01-20 14:58:17", "elapsed": 2050.719116, "delta": 0.002951}}
{"target": -13.499435284945086, "params": {"colsample_bytree": 0.9744354074833463, "eta": 0.06584560574942709, "gamma": 684.9023818128837, "max_depth": 2.0, "min_child_weight": 4458.823932313012, "num_boost_round": 38.0, "subsample": 0.4637345893492859}, "datetime": {"datetime": "2024-01-20 14:58:17", "elapsed": 2050.722137, "delta": 0.003021}}
{"target": -13.499300903407097, "params": {"colsample_bytree": 0.9744354074833463, "eta": 0.06584560574942709, "gamma": 684.9023818128837, "max_depth": 2.0, "min_child_weight": 4458.823932313012, "num_boost_round": 39.0, "subsample": 0.4637345893492859}, "datetime": {"datetime": "2024-01-20 14:58:17", "elapsed": 2050.725158, "delta": 0.003021}}
{"target": -13.499369457269971, "params": {"colsample_bytree": 0.9744354074833463, "eta": 0.06584560574942709, "gamma": 684.9023818128837, "max_depth": 2.0, "min_child_weight": 4458.823932313012, "num_boost_round": 40.0, "subsample": 0.4637345893492859}, "datetime": {"datetime": "2024-01-20 14:58:17", "elapsed": 2050.728177, "delta": 0.003019}}
{"target": -13.499339081896872, "params": {"colsample_bytree": 0.9744354074833463, "eta": 0.06584560574942709, "gamma": 684.9023818128837, "max_depth": 2.0, "min_child_weight": 4458.823932313012, "num_boost_round": 41.0, "subsample": 0.4637345893492859}, "datetime": {"datetime": "2024-01-20 14:58:17", "elapsed": 2051.013626, "delta": 0.285449}}
{"target": -13.499456655365464, "params": {"colsample_bytree": 0.9744354074833463, "eta": 0.06584560574942709, "gamma": 684.9023818128837, "max_depth": 2.0, "min_child_weight": 4458.823932313012, "num_boost_round": 42.0, "subsample": 0.4637345893492859}, "datetime": {"datetime": "2024-01-20 14:58:17", "elapsed": 2051.017549, "delta": 0.003923}}
{"target": -13.499383545706387, "params": {"colsample_bytree": 0.9744354074833463, "eta": 0.06584560574942709, "gamma": 684.9023818128837, "max_depth": 2.0, "min_child_weight": 4458.823932313012, "num_boost_round": 43.0, "subsample": 0.4637345893492859}, "datetime": {"datetime": "2024-01-20 14:58:17", "elapsed": 2051.020952, "delta": 0.003403}}
{"target": -13.49943110699363, "params": {"colsample_bytree": 0.9744354074833463, "eta": 0.06584560574942709, "gamma": 684.9023818128837, "max_depth": 2.0, "min_child_weight": 4458.823932313012, "num_boost_round": 44.0, "subsample": 0.4637345893492859}, "datetime": {"datetime": "2024-01-20 14:58:17", "elapsed": 2051.024353, "delta": 0.003401}}
{"target": -13.499629949213373, "params": {"colsample_bytree": 0.9744354074833463, "eta": 0.06584560574942709, "gamma": 684.9023818128837, "max_depth": 2.0, "min_child_weight": 4458.823932313012, "num_boost_round": 45.0, "subsample": 0.4637345893492859}, "datetime": {"datetime": "2024-01-20 14:58:17", "elapsed": 2051.027645, "delta": 0.003292}}
{"target": -13.499546874016183, "params": {"colsample_bytree": 0.9744354074833463, "eta": 0.06584560574942709, "gamma": 684.9023818128837, "max_depth": 2.0, "min_child_weight": 4458.823932313012, "num_boost_round": 46.0, "subsample": 0.4637345893492859}, "datetime": {"datetime": "2024-01-20 14:58:17", "elapsed": 2051.030938, "delta": 0.003293}}
{"target": -13.499502587657387, "params": {"colsample_bytree": 0.9744354074833463, "eta": 0.06584560574942709, "gamma": 684.9023818128837, "max_depth": 2.0, "min_child_weight": 4458.823932313012, "num_boost_round": 47.0, "subsample": 0.4637345893492859}, "datetime": {"datetime": "2024-01-20 14:58:17", "elapsed": 2051.034117, "delta": 0.003179}}
{"target": -13.499301196782557, "params": {"colsample_bytree": 0.9744354074833463, "eta": 0.06584560574942709, "gamma": 684.9023818128837, "max_depth": 2.0, "min_child_weight": 4458.823932313012, "num_boost_round": 48.0, "subsample": 0.4637345893492859}, "datetime": {"datetime": "2024-01-20 14:58:17", "elapsed": 2051.037382, "delta": 0.003265}}
{"target": -13.499289044929181, "params": {"colsample_bytree": 0.9744354074833463, "eta": 0.06584560574942709, "gamma": 684.9023818128837, "max_depth": 2.0, "min_child_weight": 4458.823932313012, "num_boost_round": 49.0, "subsample": 0.4637345893492859}, "datetime": {"datetime": "2024-01-20 14:58:17", "elapsed": 2051.040616, "delta": 0.003234}}
{"target": -13.499277265638387, "params": {"colsample_bytree": 0.9744354074833463, "eta": 0.06584560574942709, "gamma": 684.9023818128837, "max_depth": 2.0, "min_child_weight": 4458.823932313012, "num_boost_round": 50.0, "subsample": 0.4637345893492859}, "datetime": {"datetime": "2024-01-20 14:58:17", "elapsed": 2051.043959, "delta": 0.003343}}
{"target": -13.499169217597647, "params": {"colsample_bytree": 0.9744354074833463, "eta": 0.06584560574942709, "gamma": 684.9023818128837, "max_depth": 2.0, "min_child_weight": 4458.823932313012, "num_boost_round": 51.0, "subsample": 0.4637345893492859}, "datetime": {"datetime": "2024-01-20 14:58:17", "elapsed": 2051.047166, "delta": 0.003207}}
{"target": -13.499086985360668, "params": {"colsample_bytree": 0.9744354074833463, "eta": 0.06584560574942709, "gamma": 684.9023818128837, "max_depth": 2.0, "min_child_weight": 4458.823932313012, "num_boost_round": 52.0, "subsample": 0.4637345893492859}, "datetime": {"datetime": "2024-01-20 14:58:17", "elapsed": 2051.050482, "delta": 0.003316}}
{"target": -13.499104371558554, "params": {"colsample_bytree": 0.9744354074833463, "eta": 0.06584560574942709, "gamma": 684.9023818128837, "max_depth": 2.0, "min_child_weight": 4458.823932313012, "num_boost_round": 53.0, "subsample": 0.4637345893492859}, "datetime": {"datetime": "2024-01-20 14:58:17", "elapsed": 2051.053728, "delta": 0.003246}}
{"target": -13.499010327089426, "params": {"colsample_bytree": 0.9744354074833463, "eta": 0.06584560574942709, "gamma": 684.9023818128837, "max_depth": 2.0, "min_child_weight": 4458.823932313012, "num_boost_round": 54.0, "subsample": 0.4637345893492859}, "datetime": {"datetime": "2024-01-20 14:58:17", "elapsed": 2051.057056, "delta": 0.003328}}
{"target": -13.499021677825322, "params": {"colsample_bytree": 0.9744354074833463, "eta": 0.06584560574942709, "gamma": 684.9023818128837, "max_depth": 2.0, "min_child_weight": 4458.823932313012, "num_boost_round": 55.0, "subsample": 0.4637345893492859}, "datetime": {"datetime": "2024-01-20 14:58:17", "elapsed": 2051.060268, "delta": 0.003212}}
{"target": -13.499147906316097, "params": {"colsample_bytree": 0.9744354074833463, "eta": 0.06584560574942709, "gamma": 684.9023818128837, "max_depth": 2.0, "min_child_weight": 4458.823932313012, "num_boost_round": 56.0, "subsample": 0.4637345893492859}, "datetime": {"datetime": "2024-01-20 14:58:17", "elapsed": 2051.063588, "delta": 0.00332}}
{"target": -13.499173983696874, "params": {"colsample_bytree": 0.9744354074833463, "eta": 0.06584560574942709, "gamma": 684.9023818128837, "max_depth": 2.0, "min_child_weight": 4458.823932313012, "num_boost_round": 57.0, "subsample": 0.4637345893492859}, "datetime": {"datetime": "2024-01-20 14:58:17", "elapsed": 2051.066835, "delta": 0.003247}}
{"target": -13.499188114701006, "params": {"colsample_bytree": 0.9744354074833463, "eta": 0.06584560574942709, "gamma": 684.9023818128837, "max_depth": 2.0, "min_child_weight": 4458.823932313012, "num_boost_round": 58.0, "subsample": 0.4637345893492859}, "datetime": {"datetime": "2024-01-20 14:58:17", "elapsed": 2051.070154, "delta": 0.003319}}
{"target": -13.499410882113883, "params": {"colsample_bytree": 0.9744354074833463, "eta": 0.06584560574942709, "gamma": 684.9023818128837, "max_depth": 2.0, "min_child_weight": 4458.823932313012, "num_boost_round": 59.0, "subsample": 0.4637345893492859}, "datetime": {"datetime": "2024-01-20 14:58:17", "elapsed": 2051.073355, "delta": 0.003201}}
