{"target": -10.474354069785162, "params": {"colsample_bytree": 0.973295536564011, "eta": 0.003515666164549594, "gamma": 359.8258857109444, "max_depth": 6.0, "min_child_weight": 5092.213075191557, "num_boost_round": 40.0, "subsample": 0.3113798161721191}, "datetime": {"datetime": "2024-01-20 17:09:01", "elapsed": 13433.394478, "delta": 0.00783}}
{"target": -10.474323192717547, "params": {"colsample_bytree": 0.973295536564011, "eta": 0.003515666164549594, "gamma": 359.8258857109444, "max_depth": 6.0, "min_child_weight": 5092.213075191557, "num_boost_round": 41.0, "subsample": 0.3113798161721191}, "datetime": {"datetime": "2024-01-20 17:09:01", "elapsed": 13433.402746, "delta": 0.008268}}
{"target": -10.47430315583657, "params": {"colsample_bytree": 0.973295536564011, "eta": 0.003515666164549594, "gamma": 359.8258857109444, "max_depth": 6.0, "min_child_weight": 5092.213075191557, "num_boost_round": 42.0, "subsample": 0.3113798161721191}, "datetime": {"datetime": "2024-01-20 17:09:01", "elapsed": 13433.410785, "delta": 0.008039}}
{"target": -10.474261302165143, "params": {"colsample_bytree": 0.973295536564011, "eta": 0.003515666164549594, "gamma": 359.8258857109444, "max_depth": 6.0, "min_child_weight": 5092.213075191557, "num_boost_round": 43.0, "subsample": 0.3113798161721191}, "datetime": {"datetime": "2024-01-20 17:09:01", "elapsed": 13433.418462, "delta": 0.007677}}
{"target": -10.474226649438203, "params": {"colsample_bytree": 0.973295536564011, "eta": 0.003515666164549594, "gamma": 359.8258857109444, "max_depth": 6.0, "min_child_weight": 5092.213075191557, "num_boost_round": 44.0, "subsample": 0.3113798161721191}, "datetime": {"datetime": "2024-01-20 17:09:01", "elapsed": 13433.426176, "delta": 0.007714}}
{"target": -10.47417980988422, "params": {"colsample_bytree": 0.973295536564011, "eta": 0.003515666164549594, "gamma": 359.8258857109444, "max_depth": 6.0, "min_child_weight": 5092.213075191557, "num_boost_round": 45.0, "subsample": 0.3113798161721191}, "datetime": {"datetime": "2024-01-20 17:09:01", "elapsed": 13433.434389, "delta": 0.008213}}
{"target": -10.47415576430031, "params": {"colsample_bytree": 0.973295536564011, "eta": 0.003515666164549594, "gamma": 359.8258857109444, "max_depth": 6.0, "min_child_weight": 5092.213075191557, "num_boost_round": 46.0, "subsample": 0.3113798161721191}, "datetime": {"datetime": "2024-01-20 17:09:01", "elapsed": 13433.443895, "delta": 0.009506}}
{"target": -10.474132899902495, "params": {"colsample_bytree": 0.973295536564011, "eta": 0.003515666164549594, "gamma": 359.8258857109444, "max_depth": 6.0, "min_child_weight": 5092.213075191557, "num_boost_round": 47.0, "subsample": 0.3113798161721191}, "datetime": {"datetime": "2024-01-20 17:09:01", "elapsed": 13433.451783, "delta": 0.007888}}
{"target": -10.474113640080347, "params": {"colsample_bytree": 0.973295536564011, "eta": 0.003515666164549594, "gamma": 359.8258857109444, "max_depth": 6.0, "min_child_weight": 5092.213075191557, "num_boost_round": 48.0, "subsample": 0.3113798161721191}, "datetime": {"datetime": "2024-01-20 17:09:01", "elapsed": 13433.459973, "delta": 0.00819}}
{"target": -10.474075926493605, "params": {"colsample_bytree": 0.973295536564011, "eta": 0.003515666164549594, "gamma": 359.8258857109444, "max_depth": 6.0, "min_child_weight": 5092.213075191557, "num_boost_round": 49.0, "subsample": 0.3113798161721191}, "datetime": {"datetime": "2024-01-20 17:09:01", "elapsed": 13433.468898, "delta": 0.008925}}
{"target": -10.474052164928992, "params": {"colsample_bytree": 0.973295536564011, "eta": 0.003515666164549594, "gamma": 359.8258857109444, "max_depth": 6.0, "min_child_weight": 5092.213075191557, "num_boost_round": 50.0, "subsample": 0.3113798161721191}, "datetime": {"datetime": "2024-01-20 17:09:01", "elapsed": 13433.476948, "delta": 0.00805}}
{"target": -10.47524988341457, "params": {"colsample_bytree": 0.9735768900897078, "eta": 0.09095503430381553, "gamma": 325.9429323127301, "max_depth": 3.0, "min_child_weight": 5136.764062504392, "num_boost_round": 1.0, "subsample": 0.49363442666658297}, "datetime": {"datetime": "2024-01-20 17:11:22", "elapsed": 13574.851602, "delta": 141.374654}}
{"target": -10.47464717923879, "params": {"colsample_bytree": 0.9735768900897078, "eta": 0.09095503430381553, "gamma": 325.9429323127301, "max_depth": 3.0, "min_child_weight": 5136.764062504392, "num_boost_round": 2.0, "subsample": 0.49363442666658297}, "datetime": {"datetime": "2024-01-20 17:11:22", "elapsed": 13574.860198, "delta": 0.008596}}
{"target": -10.47482123342741, "params": {"colsample_bytree": 0.9735768900897078, "eta": 0.09095503430381553, "gamma": 325.9429323127301, "max_depth": 3.0, "min_child_weight": 5136.764062504392, "num_boost_round": 3.0, "subsample": 0.49363442666658297}, "datetime": {"datetime": "2024-01-20 17:11:22", "elapsed": 13574.867641, "delta": 0.007443}}
{"target": -10.474153599511151, "params": {"colsample_bytree": 0.9735768900897078, "eta": 0.09095503430381553, "gamma": 325.9429323127301, "max_depth": 3.0, "min_child_weight": 5136.764062504392, "num_boost_round": 4.0, "subsample": 0.49363442666658297}, "datetime": {"datetime": "2024-01-20 17:11:22", "elapsed": 13574.874805, "delta": 0.007164}}
{"target": -10.474025289214214, "params": {"colsample_bytree": 0.9735768900897078, "eta": 0.09095503430381553, "gamma": 325.9429323127301, "max_depth": 3.0, "min_child_weight": 5136.764062504392, "num_boost_round": 5.0, "subsample": 0.49363442666658297}, "datetime": {"datetime": "2024-01-20 17:11:22", "elapsed": 13574.882222, "delta": 0.007417}}
{"target": -10.47419938546264, "params": {"colsample_bytree": 0.9735768900897078, "eta": 0.09095503430381553, "gamma": 325.9429323127301, "max_depth": 3.0, "min_child_weight": 5136.764062504392, "num_boost_round": 6.0, "subsample": 0.49363442666658297}, "datetime": {"datetime": "2024-01-20 17:11:22", "elapsed": 13574.889916, "delta": 0.007694}}
{"target": -10.474601676263159, "params": {"colsample_bytree": 0.9735768900897078, "eta": 0.09095503430381553, "gamma": 325.9429323127301, "max_depth": 3.0, "min_child_weight": 5136.764062504392, "num_boost_round": 7.0, "subsample": 0.49363442666658297}, "datetime": {"datetime": "2024-01-20 17:11:22", "elapsed": 13574.897152, "delta": 0.007236}}
{"target": -10.474363621566406, "params": {"colsample_bytree": 0.9735768900897078, "eta": 0.09095503430381553, "gamma": 325.9429323127301, "max_depth": 3.0, "min_child_weight": 5136.764062504392, "num_boost_round": 8.0, "subsample": 0.49363442666658297}, "datetime": {"datetime": "2024-01-20 17:11:22", "elapsed": 13574.914229, "delta": 0.017077}}
{"target": -10.474470053311864, "params": {"colsample_bytree": 0.9735768900897078, "eta": 0.09095503430381553, "gamma": 325.9429323127301, "max_depth": 3.0, "min_child_weight": 5136.764062504392, "num_boost_round": 9.0, "subsample": 0.49363442666658297}, "datetime": {"datetime": "2024-01-20 17:11:22", "elapsed": 13574.921902, "delta": 0.007673}}
{"target": -10.474321918150569, "params": {"colsample_bytree": 0.9735768900897078, "eta": 0.09095503430381553, "gamma": 325.9429323127301, "max_depth": 3.0, "min_child_weight": 5136.764062504392, "num_boost_round": 10.0, "subsample": 0.49363442666658297}, "datetime": {"datetime": "2024-01-20 17:11:22", "elapsed": 13574.92949, "delta": 0.007588}}
{"target": -10.474523207864607, "params": {"colsample_bytree": 0.9735768900897078, "eta": 0.09095503430381553, "gamma": 325.9429323127301, "max_depth": 3.0, "min_child_weight": 5136.764062504392, "num_boost_round": 11.0, "subsample": 0.49363442666658297}, "datetime": {"datetime": "2024-01-20 17:11:22", "elapsed": 13574.936729, "delta": 0.007239}}
{"target": -10.47495068271288, "params": {"colsample_bytree": 0.9735768900897078, "eta": 0.09095503430381553, "gamma": 325.9429323127301, "max_depth": 3.0, "min_child_weight": 5136.764062504392, "num_boost_round": 12.0, "subsample": 0.49363442666658297}, "datetime": {"datetime": "2024-01-20 17:11:22", "elapsed": 13574.944006, "delta": 0.007277}}
{"target": -10.474927027309086, "params": {"colsample_bytree": 0.9735768900897078, "eta": 0.09095503430381553, "gamma": 325.9429323127301, "max_depth": 3.0, "min_child_weight": 5136.764062504392, "num_boost_round": 13.0, "subsample": 0.49363442666658297}, "datetime": {"datetime": "2024-01-20 17:11:22", "elapsed": 13574.951696, "delta": 0.00769}}
{"target": -10.47537329516777, "params": {"colsample_bytree": 0.9735768900897078, "eta": 0.09095503430381553, "gamma": 325.9429323127301, "max_depth": 3.0, "min_child_weight": 5136.764062504392, "num_boost_round": 14.0, "subsample": 0.49363442666658297}, "datetime": {"datetime": "2024-01-20 17:11:22", "elapsed": 13574.959349, "delta": 0.007653}}
{"target": -10.4757274818733, "params": {"colsample_bytree": 0.9735768900897078, "eta": 0.09095503430381553, "gamma": 325.9429323127301, "max_depth": 3.0, "min_child_weight": 5136.764062504392, "num_boost_round": 15.0, "subsample": 0.49363442666658297}, "datetime": {"datetime": "2024-01-20 17:11:22", "elapsed": 13574.967245, "delta": 0.007896}}
{"target": -10.476317914827154, "params": {"colsample_bytree": 0.9735768900897078, "eta": 0.09095503430381553, "gamma": 325.9429323127301, "max_depth": 3.0, "min_child_weight": 5136.764062504392, "num_boost_round": 16.0, "subsample": 0.49363442666658297}, "datetime": {"datetime": "2024-01-20 17:11:22", "elapsed": 13574.975228, "delta": 0.007983}}
{"target": -10.476744188886906, "params": {"colsample_bytree": 0.9735768900897078, "eta": 0.09095503430381553, "gamma": 325.9429323127301, "max_depth": 3.0, "min_child_weight": 5136.764062504392, "num_boost_round": 17.0, "subsample": 0.49363442666658297}, "datetime": {"datetime": "2024-01-20 17:11:22", "elapsed": 13574.982991, "delta": 0.007763}}
{"target": -10.476539291712646, "params": {"colsample_bytree": 0.9735768900897078, "eta": 0.09095503430381553, "gamma": 325.9429323127301, "max_depth": 3.0, "min_child_weight": 5136.764062504392, "num_boost_round": 18.0, "subsample": 0.49363442666658297}, "datetime": {"datetime": "2024-01-20 17:11:22", "elapsed": 13574.990482, "delta": 0.007491}}
{"target": -10.47667508445981, "params": {"colsample_bytree": 0.9735768900897078, "eta": 0.09095503430381553, "gamma": 325.9429323127301, "max_depth": 3.0, "min_child_weight": 5136.764062504392, "num_boost_round": 19.0, "subsample": 0.49363442666658297}, "datetime": {"datetime": "2024-01-20 17:11:22", "elapsed": 13574.997739, "delta": 0.007257}}
{"target": -10.477038620537368, "params": {"colsample_bytree": 0.9735768900897078, "eta": 0.09095503430381553, "gamma": 325.9429323127301, "max_depth": 3.0, "min_child_weight": 5136.764062504392, "num_boost_round": 20.0, "subsample": 0.49363442666658297}, "datetime": {"datetime": "2024-01-20 17:11:22", "elapsed": 13575.005326, "delta": 0.007587}}
{"target": -10.477378441146262, "params": {"colsample_bytree": 0.9735768900897078, "eta": 0.09095503430381553, "gamma": 325.9429323127301, "max_depth": 3.0, "min_child_weight": 5136.764062504392, "num_boost_round": 21.0, "subsample": 0.49363442666658297}, "datetime": {"datetime": "2024-01-20 17:11:22", "elapsed": 13575.013024, "delta": 0.007698}}
{"target": -10.477459353278865, "params": {"colsample_bytree": 0.9735768900897078, "eta": 0.09095503430381553, "gamma": 325.9429323127301, "max_depth": 3.0, "min_child_weight": 5136.764062504392, "num_boost_round": 22.0, "subsample": 0.49363442666658297}, "datetime": {"datetime": "2024-01-20 17:11:22", "elapsed": 13575.020497, "delta": 0.007473}}
{"target": -10.477111938386226, "params": {"colsample_bytree": 0.9735768900897078, "eta": 0.09095503430381553, "gamma": 325.9429323127301, "max_depth": 3.0, "min_child_weight": 5136.764062504392, "num_boost_round": 23.0, "subsample": 0.49363442666658297}, "datetime": {"datetime": "2024-01-20 17:11:22", "elapsed": 13575.027834, "delta": 0.007337}}
{"target": -10.477523729950047, "params": {"colsample_bytree": 0.9735768900897078, "eta": 0.09095503430381553, "gamma": 325.9429323127301, "max_depth": 3.0, "min_child_weight": 5136.764062504392, "num_boost_round": 24.0, "subsample": 0.49363442666658297}, "datetime": {"datetime": "2024-01-20 17:11:22", "elapsed": 13575.03514, "delta": 0.007306}}
{"target": -10.477774383910788, "params": {"colsample_bytree": 0.9735768900897078, "eta": 0.09095503430381553, "gamma": 325.9429323127301, "max_depth": 3.0, "min_child_weight": 5136.764062504392, "num_boost_round": 25.0, "subsample": 0.49363442666658297}, "datetime": {"datetime": "2024-01-20 17:11:23", "elapsed": 13575.042806, "delta": 0.007666}}
{"target": -10.47612476724661, "params": {"colsample_bytree": 0.1069746421141199, "eta": 0.001052076348712192, "gamma": 391.1006178130402, "max_depth": 9.0, "min_child_weight": 5129.456225229167, "num_boost_round": 1.0, "subsample": 0.9038660981916448}, "datetime": {"datetime": "2024-01-20 17:15:00", "elapsed": 13792.437912, "delta": 217.395106}}
{"target": -10.476121346516786, "params": {"colsample_bytree": 0.1069746421141199, "eta": 0.001052076348712192, "gamma": 391.1006178130402, "max_depth": 9.0, "min_child_weight": 5129.456225229167, "num_boost_round": 2.0, "subsample": 0.9038660981916448}, "datetime": {"datetime": "2024-01-20 17:15:00", "elapsed": 13792.44815, "delta": 0.010238}}
{"target": -10.476122261496533, "params": {"colsample_bytree": 0.1069746421141199, "eta": 0.001052076348712192, "gamma": 391.1006178130402, "max_depth": 9.0, "min_child_weight": 5129.456225229167, "num_boost_round": 3.0, "subsample": 0.9038660981916448}, "datetime": {"datetime": "2024-01-20 17:15:00", "elapsed": 13792.456259, "delta": 0.008109}}
{"target": -10.47612124586372, "params": {"colsample_bytree": 0.1069746421141199, "eta": 0.001052076348712192, "gamma": 391.1006178130402, "max_depth": 9.0, "min_child_weight": 5129.456225229167, "num_boost_round": 4.0, "subsample": 0.9038660981916448}, "datetime": {"datetime": "2024-01-20 17:15:00", "elapsed": 13792.464652, "delta": 0.008393}}
{"target": -10.476119288246338, "params": {"colsample_bytree": 0.1069746421141199, "eta": 0.001052076348712192, "gamma": 391.1006178130402, "max_depth": 9.0, "min_child_weight": 5129.456225229167, "num_boost_round": 5.0, "subsample": 0.9038660981916448}, "datetime": {"datetime": "2024-01-20 17:15:00", "elapsed": 13792.473046, "delta": 0.008394}}
{"target": -10.476119267102412, "params": {"colsample_bytree": 0.1069746421141199, "eta": 0.001052076348712192, "gamma": 391.1006178130402, "max_depth": 9.0, "min_child_weight": 5129.456225229167, "num_boost_round": 6.0, "subsample": 0.9038660981916448}, "datetime": {"datetime": "2024-01-20 17:15:00", "elapsed": 13792.481196, "delta": 0.00815}}
{"target": -10.476121109458198, "params": {"colsample_bytree": 0.1069746421141199, "eta": 0.001052076348712192, "gamma": 391.1006178130402, "max_depth": 9.0, "min_child_weight": 5129.456225229167, "num_boost_round": 7.0, "subsample": 0.9038660981916448}, "datetime": {"datetime": "2024-01-20 17:15:00", "elapsed": 13792.509219, "delta": 0.028023}}
{"target": -10.476122969311895, "params": {"colsample_bytree": 0.1069746421141199, "eta": 0.001052076348712192, "gamma": 391.1006178130402, "max_depth": 9.0, "min_child_weight": 5129.456225229167, "num_boost_round": 8.0, "subsample": 0.9038660981916448}, "datetime": {"datetime": "2024-01-20 17:15:00", "elapsed": 13792.517319, "delta": 0.0081}}
{"target": -10.476118447236432, "params": {"colsample_bytree": 0.1069746421141199, "eta": 0.001052076348712192, "gamma": 391.1006178130402, "max_depth": 9.0, "min_child_weight": 5129.456225229167, "num_boost_round": 9.0, "subsample": 0.9038660981916448}, "datetime": {"datetime": "2024-01-20 17:15:00", "elapsed": 13792.524703, "delta": 0.007384}}
{"target": -10.476128228691586, "params": {"colsample_bytree": 0.1069746421141199, "eta": 0.001052076348712192, "gamma": 391.1006178130402, "max_depth": 9.0, "min_child_weight": 5129.456225229167, "num_boost_round": 10.0, "subsample": 0.9038660981916448}, "datetime": {"datetime": "2024-01-20 17:15:00", "elapsed": 13792.532047, "delta": 0.007344}}
{"target": -10.47613672516723, "params": {"colsample_bytree": 0.1069746421141199, "eta": 0.001052076348712192, "gamma": 391.1006178130402, "max_depth": 9.0, "min_child_weight": 5129.456225229167, "num_boost_round": 11.0, "subsample": 0.9038660981916448}, "datetime": {"datetime": "2024-01-20 17:15:00", "elapsed": 13792.539758, "delta": 0.007711}}
{"target": -10.476133140055278, "params": {"colsample_bytree": 0.1069746421141199, "eta": 0.001052076348712192, "gamma": 391.1006178130402, "max_depth": 9.0, "min_child_weight": 5129.456225229167, "num_boost_round": 12.0, "subsample": 0.9038660981916448}, "datetime": {"datetime": "2024-01-20 17:15:00", "elapsed": 13792.547209, "delta": 0.007451}}
{"target": -10.476129989159084, "params": {"colsample_bytree": 0.1069746421141199, "eta": 0.001052076348712192, "gamma": 391.1006178130402, "max_depth": 9.0, "min_child_weight": 5129.456225229167, "num_boost_round": 13.0, "subsample": 0.9038660981916448}, "datetime": {"datetime": "2024-01-20 17:15:00", "elapsed": 13792.554567, "delta": 0.007358}}
{"target": -10.47612826320827, "params": {"colsample_bytree": 0.1069746421141199, "eta": 0.001052076348712192, "gamma": 391.1006178130402, "max_depth": 9.0, "min_child_weight": 5129.456225229167, "num_boost_round": 14.0, "subsample": 0.9038660981916448}, "datetime": {"datetime": "2024-01-20 17:15:00", "elapsed": 13792.561901, "delta": 0.007334}}
{"target": -10.476130877117559, "params": {"colsample_bytree": 0.1069746421141199, "eta": 0.001052076348712192, "gamma": 391.1006178130402, "max_depth": 9.0, "min_child_weight": 5129.456225229167, "num_boost_round": 15.0, "subsample": 0.9038660981916448}, "datetime": {"datetime": "2024-01-20 17:15:00", "elapsed": 13792.911179, "delta": 0.349278}}
{"target": -10.476129502049472, "params": {"colsample_bytree": 0.1069746421141199, "eta": 0.001052076348712192, "gamma": 391.1006178130402, "max_depth": 9.0, "min_child_weight": 5129.456225229167, "num_boost_round": 16.0, "subsample": 0.9038660981916448}, "datetime": {"datetime": "2024-01-20 17:15:00", "elapsed": 13792.925341, "delta": 0.014162}}
{"target": -10.4761267971254, "params": {"colsample_bytree": 0.1069746421141199, "eta": 0.001052076348712192, "gamma": 391.1006178130402, "max_depth": 9.0, "min_child_weight": 5129.456225229167, "num_boost_round": 17.0, "subsample": 0.9038660981916448}, "datetime": {"datetime": "2024-01-20 17:15:00", "elapsed": 13792.936467, "delta": 0.011126}}
{"target": -10.476123989829894, "params": {"colsample_bytree": 0.1069746421141199, "eta": 0.001052076348712192, "gamma": 391.1006178130402, "max_depth": 9.0, "min_child_weight": 5129.456225229167, "num_boost_round": 18.0, "subsample": 0.9038660981916448}, "datetime": {"datetime": "2024-01-20 17:15:00", "elapsed": 13792.945079, "delta": 0.008612}}
{"target": -10.4761272181232, "params": {"colsample_bytree": 0.1069746421141199, "eta": 0.001052076348712192, "gamma": 391.1006178130402, "max_depth": 9.0, "min_child_weight": 5129.456225229167, "num_boost_round": 19.0, "subsample": 0.9038660981916448}, "datetime": {"datetime": "2024-01-20 17:15:00", "elapsed": 13792.953197, "delta": 0.008118}}
{"target": -10.476127045200077, "params": {"colsample_bytree": 0.1069746421141199, "eta": 0.001052076348712192, "gamma": 391.1006178130402, "max_depth": 9.0, "min_child_weight": 5129.456225229167, "num_boost_round": 20.0, "subsample": 0.9038660981916448}, "datetime": {"datetime": "2024-01-20 17:15:00", "elapsed": 13792.960803, "delta": 0.007606}}
{"target": -10.476129665374842, "params": {"colsample_bytree": 0.1069746421141199, "eta": 0.001052076348712192, "gamma": 391.1006178130402, "max_depth": 9.0, "min_child_weight": 5129.456225229167, "num_boost_round": 21.0, "subsample": 0.9038660981916448}, "datetime": {"datetime": "2024-01-20 17:15:00", "elapsed": 13792.968295, "delta": 0.007492}}
{"target": -10.476121192649455, "params": {"colsample_bytree": 0.1069746421141199, "eta": 0.001052076348712192, "gamma": 391.1006178130402, "max_depth": 9.0, "min_child_weight": 5129.456225229167, "num_boost_round": 22.0, "subsample": 0.9038660981916448}, "datetime": {"datetime": "2024-01-20 17:15:00", "elapsed": 13792.975643, "delta": 0.007348}}
{"target": -10.476122927285566, "params": {"colsample_bytree": 0.1069746421141199, "eta": 0.001052076348712192, "gamma": 391.1006178130402, "max_depth": 9.0, "min_child_weight": 5129.456225229167, "num_boost_round": 23.0, "subsample": 0.9038660981916448}, "datetime": {"datetime": "2024-01-20 17:15:00", "elapsed": 13792.983443, "delta": 0.0078}}
{"target": -10.476115212850083, "params": {"colsample_bytree": 0.1069746421141199, "eta": 0.001052076348712192, "gamma": 391.1006178130402, "max_depth": 9.0, "min_child_weight": 5129.456225229167, "num_boost_round": 24.0, "subsample": 0.9038660981916448}, "datetime": {"datetime": "2024-01-20 17:15:00", "elapsed": 13792.991002, "delta": 0.007559}}
{"target": -10.47610732761173, "params": {"colsample_bytree": 0.1069746421141199, "eta": 0.001052076348712192, "gamma": 391.1006178130402, "max_depth": 9.0, "min_child_weight": 5129.456225229167, "num_boost_round": 25.0, "subsample": 0.9038660981916448}, "datetime": {"datetime": "2024-01-20 17:15:00", "elapsed": 13792.998469, "delta": 0.007467}}
{"target": -10.476102488767634, "params": {"colsample_bytree": 0.1069746421141199, "eta": 0.001052076348712192, "gamma": 391.1006178130402, "max_depth": 9.0, "min_child_weight": 5129.456225229167, "num_boost_round": 26.0, "subsample": 0.9038660981916448}, "datetime": {"datetime": "2024-01-20 17:15:00", "elapsed": 13793.005868, "delta": 0.007399}}
{"target": -10.476107778747368, "params": {"colsample_bytree": 0.1069746421141199, "eta": 0.001052076348712192, "gamma": 391.1006178130402, "max_depth": 9.0, "min_child_weight": 5129.456225229167, "num_boost_round": 27.0, "subsample": 0.9038660981916448}, "datetime": {"datetime": "2024-01-20 17:15:00", "elapsed": 13793.013698, "delta": 0.00783}}
