{"target": -13.398011318325691, "params": {"colsample_bytree": 0.549402642904217, "eta": 0.06327697977558287, "gamma": 368.17946956198955, "max_depth": 5.0, "min_child_weight": 3396.2968211013344, "num_boost_round": 21.0, "subsample": 0.14648196829713483}, "datetime": {"datetime": "2024-01-20 15:39:39", "elapsed": 4514.451377, "delta": 0.008284}}
{"target": -13.39827852115065, "params": {"colsample_bytree": 0.549402642904217, "eta": 0.06327697977558287, "gamma": 368.17946956198955, "max_depth": 5.0, "min_child_weight": 3396.2968211013344, "num_boost_round": 22.0, "subsample": 0.14648196829713483}, "datetime": {"datetime": "2024-01-20 15:39:39", "elapsed": 4514.454756, "delta": 0.003379}}
{"target": -13.39853940309384, "params": {"colsample_bytree": 0.549402642904217, "eta": 0.06327697977558287, "gamma": 368.17946956198955, "max_depth": 5.0, "min_child_weight": 3396.2968211013344, "num_boost_round": 23.0, "subsample": 0.14648196829713483}, "datetime": {"datetime": "2024-01-20 15:39:39", "elapsed": 4514.458234, "delta": 0.003478}}
{"target": -13.398631472904308, "params": {"colsample_bytree": 0.549402642904217, "eta": 0.06327697977558287, "gamma": 368.17946956198955, "max_depth": 5.0, "min_child_weight": 3396.2968211013344, "num_boost_round": 24.0, "subsample": 0.14648196829713483}, "datetime": {"datetime": "2024-01-20 15:39:39", "elapsed": 4514.461643, "delta": 0.003409}}
{"target": -13.398916166937754, "params": {"colsample_bytree": 0.549402642904217, "eta": 0.06327697977558287, "gamma": 368.17946956198955, "max_depth": 5.0, "min_child_weight": 3396.2968211013344, "num_boost_round": 25.0, "subsample": 0.14648196829713483}, "datetime": {"datetime": "2024-01-20 15:39:39", "elapsed": 4514.464927, "delta": 0.003284}}
{"target": -13.399053316053601, "params": {"colsample_bytree": 0.549402642904217, "eta": 0.06327697977558287, "gamma": 368.17946956198955, "max_depth": 5.0, "min_child_weight": 3396.2968211013344, "num_boost_round": 26.0, "subsample": 0.14648196829713483}, "datetime": {"datetime": "2024-01-20 15:39:39", "elapsed": 4514.468474, "delta": 0.003547}}
{"target": -13.399332219271955, "params": {"colsample_bytree": 0.549402642904217, "eta": 0.06327697977558287, "gamma": 368.17946956198955, "max_depth": 5.0, "min_child_weight": 3396.2968211013344, "num_boost_round": 27.0, "subsample": 0.14648196829713483}, "datetime": {"datetime": "2024-01-20 15:39:39", "elapsed": 4514.471936, "delta": 0.003462}}
{"target": -13.399648747008388, "params": {"colsample_bytree": 0.549402642904217, "eta": 0.06327697977558287, "gamma": 368.17946956198955, "max_depth": 5.0, "min_child_weight": 3396.2968211013344, "num_boost_round": 28.0, "subsample": 0.14648196829713483}, "datetime": {"datetime": "2024-01-20 15:39:39", "elapsed": 4514.475222, "delta": 0.003286}}
{"target": -13.400117124023923, "params": {"colsample_bytree": 0.549402642904217, "eta": 0.06327697977558287, "gamma": 368.17946956198955, "max_depth": 5.0, "min_child_weight": 3396.2968211013344, "num_boost_round": 29.0, "subsample": 0.14648196829713483}, "datetime": {"datetime": "2024-01-20 15:39:39", "elapsed": 4514.478552, "delta": 0.00333}}
{"target": -13.400383933352863, "params": {"colsample_bytree": 0.549402642904217, "eta": 0.06327697977558287, "gamma": 368.17946956198955, "max_depth": 5.0, "min_child_weight": 3396.2968211013344, "num_boost_round": 30.0, "subsample": 0.14648196829713483}, "datetime": {"datetime": "2024-01-20 15:39:39", "elapsed": 4514.482873, "delta": 0.004321}}
{"target": -13.400886596008757, "params": {"colsample_bytree": 0.549402642904217, "eta": 0.06327697977558287, "gamma": 368.17946956198955, "max_depth": 5.0, "min_child_weight": 3396.2968211013344, "num_boost_round": 31.0, "subsample": 0.14648196829713483}, "datetime": {"datetime": "2024-01-20 15:39:39", "elapsed": 4514.487909, "delta": 0.005036}}
{"target": -13.401347889154916, "params": {"colsample_bytree": 0.549402642904217, "eta": 0.06327697977558287, "gamma": 368.17946956198955, "max_depth": 5.0, "min_child_weight": 3396.2968211013344, "num_boost_round": 32.0, "subsample": 0.14648196829713483}, "datetime": {"datetime": "2024-01-20 15:39:39", "elapsed": 4514.493869, "delta": 0.00596}}
{"target": -13.401453755535908, "params": {"colsample_bytree": 0.549402642904217, "eta": 0.06327697977558287, "gamma": 368.17946956198955, "max_depth": 5.0, "min_child_weight": 3396.2968211013344, "num_boost_round": 33.0, "subsample": 0.14648196829713483}, "datetime": {"datetime": "2024-01-20 15:39:39", "elapsed": 4514.498112, "delta": 0.004243}}
{"target": -13.401756786403457, "params": {"colsample_bytree": 0.549402642904217, "eta": 0.06327697977558287, "gamma": 368.17946956198955, "max_depth": 5.0, "min_child_weight": 3396.2968211013344, "num_boost_round": 34.0, "subsample": 0.14648196829713483}, "datetime": {"datetime": "2024-01-20 15:39:39", "elapsed": 4514.501512, "delta": 0.0034}}
{"target": -13.401814689224173, "params": {"colsample_bytree": 0.549402642904217, "eta": 0.06327697977558287, "gamma": 368.17946956198955, "max_depth": 5.0, "min_child_weight": 3396.2968211013344, "num_boost_round": 35.0, "subsample": 0.14648196829713483}, "datetime": {"datetime": "2024-01-20 15:39:39", "elapsed": 4514.504811, "delta": 0.003299}}
{"target": -13.401990987439593, "params": {"colsample_bytree": 0.549402642904217, "eta": 0.06327697977558287, "gamma": 368.17946956198955, "max_depth": 5.0, "min_child_weight": 3396.2968211013344, "num_boost_round": 36.0, "subsample": 0.14648196829713483}, "datetime": {"datetime": "2024-01-20 15:39:39", "elapsed": 4514.508192, "delta": 0.003381}}
{"target": -13.40234158646404, "params": {"colsample_bytree": 0.549402642904217, "eta": 0.06327697977558287, "gamma": 368.17946956198955, "max_depth": 5.0, "min_child_weight": 3396.2968211013344, "num_boost_round": 37.0, "subsample": 0.14648196829713483}, "datetime": {"datetime": "2024-01-20 15:39:39", "elapsed": 4514.511654, "delta": 0.003462}}
{"target": -13.40261701928885, "params": {"colsample_bytree": 0.549402642904217, "eta": 0.06327697977558287, "gamma": 368.17946956198955, "max_depth": 5.0, "min_child_weight": 3396.2968211013344, "num_boost_round": 38.0, "subsample": 0.14648196829713483}, "datetime": {"datetime": "2024-01-20 15:39:39", "elapsed": 4514.514994, "delta": 0.00334}}
{"target": -13.402640481335467, "params": {"colsample_bytree": 0.549402642904217, "eta": 0.06327697977558287, "gamma": 368.17946956198955, "max_depth": 5.0, "min_child_weight": 3396.2968211013344, "num_boost_round": 39.0, "subsample": 0.14648196829713483}, "datetime": {"datetime": "2024-01-20 15:39:39", "elapsed": 4514.518358, "delta": 0.003364}}
{"target": -13.402867902464555, "params": {"colsample_bytree": 0.549402642904217, "eta": 0.06327697977558287, "gamma": 368.17946956198955, "max_depth": 5.0, "min_child_weight": 3396.2968211013344, "num_boost_round": 40.0, "subsample": 0.14648196829713483}, "datetime": {"datetime": "2024-01-20 15:39:39", "elapsed": 4514.521653, "delta": 0.003295}}
{"target": -13.403325803750121, "params": {"colsample_bytree": 0.549402642904217, "eta": 0.06327697977558287, "gamma": 368.17946956198955, "max_depth": 5.0, "min_child_weight": 3396.2968211013344, "num_boost_round": 41.0, "subsample": 0.14648196829713483}, "datetime": {"datetime": "2024-01-20 15:39:39", "elapsed": 4514.525016, "delta": 0.003363}}
{"target": -13.403603280369289, "params": {"colsample_bytree": 0.549402642904217, "eta": 0.06327697977558287, "gamma": 368.17946956198955, "max_depth": 5.0, "min_child_weight": 3396.2968211013344, "num_boost_round": 42.0, "subsample": 0.14648196829713483}, "datetime": {"datetime": "2024-01-20 15:39:39", "elapsed": 4514.528531, "delta": 0.003515}}
{"target": -13.403468649524706, "params": {"colsample_bytree": 0.549402642904217, "eta": 0.06327697977558287, "gamma": 368.17946956198955, "max_depth": 5.0, "min_child_weight": 3396.2968211013344, "num_boost_round": 43.0, "subsample": 0.14648196829713483}, "datetime": {"datetime": "2024-01-20 15:39:39", "elapsed": 4514.532215, "delta": 0.003684}}
{"target": -13.403713837962119, "params": {"colsample_bytree": 0.549402642904217, "eta": 0.06327697977558287, "gamma": 368.17946956198955, "max_depth": 5.0, "min_child_weight": 3396.2968211013344, "num_boost_round": 44.0, "subsample": 0.14648196829713483}, "datetime": {"datetime": "2024-01-20 15:39:39", "elapsed": 4514.535587, "delta": 0.003372}}
{"target": -13.403716774453397, "params": {"colsample_bytree": 0.549402642904217, "eta": 0.06327697977558287, "gamma": 368.17946956198955, "max_depth": 5.0, "min_child_weight": 3396.2968211013344, "num_boost_round": 45.0, "subsample": 0.14648196829713483}, "datetime": {"datetime": "2024-01-20 15:39:39", "elapsed": 4514.539098, "delta": 0.003511}}
{"target": -13.403738715148627, "params": {"colsample_bytree": 0.549402642904217, "eta": 0.06327697977558287, "gamma": 368.17946956198955, "max_depth": 5.0, "min_child_weight": 3396.2968211013344, "num_boost_round": 46.0, "subsample": 0.14648196829713483}, "datetime": {"datetime": "2024-01-20 15:39:39", "elapsed": 4514.542449, "delta": 0.003351}}
{"target": -13.4039387442396, "params": {"colsample_bytree": 0.549402642904217, "eta": 0.06327697977558287, "gamma": 368.17946956198955, "max_depth": 5.0, "min_child_weight": 3396.2968211013344, "num_boost_round": 47.0, "subsample": 0.14648196829713483}, "datetime": {"datetime": "2024-01-20 15:39:39", "elapsed": 4514.545773, "delta": 0.003324}}
{"target": -13.404049250638455, "params": {"colsample_bytree": 0.549402642904217, "eta": 0.06327697977558287, "gamma": 368.17946956198955, "max_depth": 5.0, "min_child_weight": 3396.2968211013344, "num_boost_round": 48.0, "subsample": 0.14648196829713483}, "datetime": {"datetime": "2024-01-20 15:39:39", "elapsed": 4514.549328, "delta": 0.003555}}
{"target": -13.404323620294827, "params": {"colsample_bytree": 0.549402642904217, "eta": 0.06327697977558287, "gamma": 368.17946956198955, "max_depth": 5.0, "min_child_weight": 3396.2968211013344, "num_boost_round": 49.0, "subsample": 0.14648196829713483}, "datetime": {"datetime": "2024-01-20 15:39:39", "elapsed": 4514.552764, "delta": 0.003436}}
{"target": -13.404420035573231, "params": {"colsample_bytree": 0.549402642904217, "eta": 0.06327697977558287, "gamma": 368.17946956198955, "max_depth": 5.0, "min_child_weight": 3396.2968211013344, "num_boost_round": 50.0, "subsample": 0.14648196829713483}, "datetime": {"datetime": "2024-01-20 15:39:39", "elapsed": 4514.556254, "delta": 0.00349}}
{"target": -13.404457026134148, "params": {"colsample_bytree": 0.549402642904217, "eta": 0.06327697977558287, "gamma": 368.17946956198955, "max_depth": 5.0, "min_child_weight": 3396.2968211013344, "num_boost_round": 51.0, "subsample": 0.14648196829713483}, "datetime": {"datetime": "2024-01-20 15:39:39", "elapsed": 4514.559727, "delta": 0.003473}}
{"target": -13.404619188365185, "params": {"colsample_bytree": 0.549402642904217, "eta": 0.06327697977558287, "gamma": 368.17946956198955, "max_depth": 5.0, "min_child_weight": 3396.2968211013344, "num_boost_round": 52.0, "subsample": 0.14648196829713483}, "datetime": {"datetime": "2024-01-20 15:39:39", "elapsed": 4514.563057, "delta": 0.00333}}
{"target": -13.404823396948679, "params": {"colsample_bytree": 0.549402642904217, "eta": 0.06327697977558287, "gamma": 368.17946956198955, "max_depth": 5.0, "min_child_weight": 3396.2968211013344, "num_boost_round": 53.0, "subsample": 0.14648196829713483}, "datetime": {"datetime": "2024-01-20 15:39:39", "elapsed": 4514.566429, "delta": 0.003372}}
{"target": -13.405074259531737, "params": {"colsample_bytree": 0.549402642904217, "eta": 0.06327697977558287, "gamma": 368.17946956198955, "max_depth": 5.0, "min_child_weight": 3396.2968211013344, "num_boost_round": 54.0, "subsample": 0.14648196829713483}, "datetime": {"datetime": "2024-01-20 15:39:39", "elapsed": 4514.569997, "delta": 0.003568}}
{"target": -13.405396864533817, "params": {"colsample_bytree": 0.549402642904217, "eta": 0.06327697977558287, "gamma": 368.17946956198955, "max_depth": 5.0, "min_child_weight": 3396.2968211013344, "num_boost_round": 55.0, "subsample": 0.14648196829713483}, "datetime": {"datetime": "2024-01-20 15:39:39", "elapsed": 4514.573459, "delta": 0.003462}}
{"target": -13.405846870243495, "params": {"colsample_bytree": 0.549402642904217, "eta": 0.06327697977558287, "gamma": 368.17946956198955, "max_depth": 5.0, "min_child_weight": 3396.2968211013344, "num_boost_round": 56.0, "subsample": 0.14648196829713483}, "datetime": {"datetime": "2024-01-20 15:39:39", "elapsed": 4514.576799, "delta": 0.00334}}
{"target": -13.405878548525223, "params": {"colsample_bytree": 0.549402642904217, "eta": 0.06327697977558287, "gamma": 368.17946956198955, "max_depth": 5.0, "min_child_weight": 3396.2968211013344, "num_boost_round": 57.0, "subsample": 0.14648196829713483}, "datetime": {"datetime": "2024-01-20 15:39:39", "elapsed": 4514.58029, "delta": 0.003491}}
{"target": -13.406001138842925, "params": {"colsample_bytree": 0.549402642904217, "eta": 0.06327697977558287, "gamma": 368.17946956198955, "max_depth": 5.0, "min_child_weight": 3396.2968211013344, "num_boost_round": 58.0, "subsample": 0.14648196829713483}, "datetime": {"datetime": "2024-01-20 15:39:39", "elapsed": 4514.583726, "delta": 0.003436}}
{"target": -13.405971711736857, "params": {"colsample_bytree": 0.549402642904217, "eta": 0.06327697977558287, "gamma": 368.17946956198955, "max_depth": 5.0, "min_child_weight": 3396.2968211013344, "num_boost_round": 59.0, "subsample": 0.14648196829713483}, "datetime": {"datetime": "2024-01-20 15:39:39", "elapsed": 4514.587186, "delta": 0.00346}}
{"target": -13.406009210575172, "params": {"colsample_bytree": 0.549402642904217, "eta": 0.06327697977558287, "gamma": 368.17946956198955, "max_depth": 5.0, "min_child_weight": 3396.2968211013344, "num_boost_round": 60.0, "subsample": 0.14648196829713483}, "datetime": {"datetime": "2024-01-20 15:39:39", "elapsed": 4514.590788, "delta": 0.003602}}
{"target": -13.406198479128463, "params": {"colsample_bytree": 0.549402642904217, "eta": 0.06327697977558287, "gamma": 368.17946956198955, "max_depth": 5.0, "min_child_weight": 3396.2968211013344, "num_boost_round": 61.0, "subsample": 0.14648196829713483}, "datetime": {"datetime": "2024-01-20 15:39:39", "elapsed": 4514.594238, "delta": 0.00345}}
{"target": -13.406372139033714, "params": {"colsample_bytree": 0.549402642904217, "eta": 0.06327697977558287, "gamma": 368.17946956198955, "max_depth": 5.0, "min_child_weight": 3396.2968211013344, "num_boost_round": 62.0, "subsample": 0.14648196829713483}, "datetime": {"datetime": "2024-01-20 15:39:39", "elapsed": 4514.597804, "delta": 0.003566}}
{"target": -13.406567034194225, "params": {"colsample_bytree": 0.549402642904217, "eta": 0.06327697977558287, "gamma": 368.17946956198955, "max_depth": 5.0, "min_child_weight": 3396.2968211013344, "num_boost_round": 63.0, "subsample": 0.14648196829713483}, "datetime": {"datetime": "2024-01-20 15:39:39", "elapsed": 4514.601252, "delta": 0.003448}}
{"target": -13.406697856506295, "params": {"colsample_bytree": 0.549402642904217, "eta": 0.06327697977558287, "gamma": 368.17946956198955, "max_depth": 5.0, "min_child_weight": 3396.2968211013344, "num_boost_round": 64.0, "subsample": 0.14648196829713483}, "datetime": {"datetime": "2024-01-20 15:39:39", "elapsed": 4514.604719, "delta": 0.003467}}
{"target": -13.407065366358601, "params": {"colsample_bytree": 0.549402642904217, "eta": 0.06327697977558287, "gamma": 368.17946956198955, "max_depth": 5.0, "min_child_weight": 3396.2968211013344, "num_boost_round": 65.0, "subsample": 0.14648196829713483}, "datetime": {"datetime": "2024-01-20 15:39:39", "elapsed": 4514.608133, "delta": 0.003414}}
{"target": -13.407116142193857, "params": {"colsample_bytree": 0.549402642904217, "eta": 0.06327697977558287, "gamma": 368.17946956198955, "max_depth": 5.0, "min_child_weight": 3396.2968211013344, "num_boost_round": 66.0, "subsample": 0.14648196829713483}, "datetime": {"datetime": "2024-01-20 15:39:39", "elapsed": 4514.611647, "delta": 0.003514}}
{"target": -13.407257827714764, "params": {"colsample_bytree": 0.549402642904217, "eta": 0.06327697977558287, "gamma": 368.17946956198955, "max_depth": 5.0, "min_child_weight": 3396.2968211013344, "num_boost_round": 67.0, "subsample": 0.14648196829713483}, "datetime": {"datetime": "2024-01-20 15:39:39", "elapsed": 4514.615784, "delta": 0.004137}}
{"target": -13.407520275032914, "params": {"colsample_bytree": 0.549402642904217, "eta": 0.06327697977558287, "gamma": 368.17946956198955, "max_depth": 5.0, "min_child_weight": 3396.2968211013344, "num_boost_round": 68.0, "subsample": 0.14648196829713483}, "datetime": {"datetime": "2024-01-20 15:39:39", "elapsed": 4514.619787, "delta": 0.004003}}
{"target": -13.407512681177494, "params": {"colsample_bytree": 0.549402642904217, "eta": 0.06327697977558287, "gamma": 368.17946956198955, "max_depth": 5.0, "min_child_weight": 3396.2968211013344, "num_boost_round": 69.0, "subsample": 0.14648196829713483}, "datetime": {"datetime": "2024-01-20 15:39:39", "elapsed": 4514.623293, "delta": 0.003506}}
{"target": -13.407445633021023, "params": {"colsample_bytree": 0.549402642904217, "eta": 0.06327697977558287, "gamma": 368.17946956198955, "max_depth": 5.0, "min_child_weight": 3396.2968211013344, "num_boost_round": 70.0, "subsample": 0.14648196829713483}, "datetime": {"datetime": "2024-01-20 15:39:39", "elapsed": 4514.626809, "delta": 0.003516}}
{"target": -13.407512156743149, "params": {"colsample_bytree": 0.549402642904217, "eta": 0.06327697977558287, "gamma": 368.17946956198955, "max_depth": 5.0, "min_child_weight": 3396.2968211013344, "num_boost_round": 71.0, "subsample": 0.14648196829713483}, "datetime": {"datetime": "2024-01-20 15:39:39", "elapsed": 4514.630203, "delta": 0.003394}}
{"target": -13.407524637422078, "params": {"colsample_bytree": 0.549402642904217, "eta": 0.06327697977558287, "gamma": 368.17946956198955, "max_depth": 5.0, "min_child_weight": 3396.2968211013344, "num_boost_round": 72.0, "subsample": 0.14648196829713483}, "datetime": {"datetime": "2024-01-20 15:39:39", "elapsed": 4514.63355, "delta": 0.003347}}
{"target": -13.407643425618044, "params": {"colsample_bytree": 0.549402642904217, "eta": 0.06327697977558287, "gamma": 368.17946956198955, "max_depth": 5.0, "min_child_weight": 3396.2968211013344, "num_boost_round": 73.0, "subsample": 0.14648196829713483}, "datetime": {"datetime": "2024-01-20 15:39:39", "elapsed": 4514.636919, "delta": 0.003369}}
{"target": -13.407503131039782, "params": {"colsample_bytree": 0.549402642904217, "eta": 0.06327697977558287, "gamma": 368.17946956198955, "max_depth": 5.0, "min_child_weight": 3396.2968211013344, "num_boost_round": 74.0, "subsample": 0.14648196829713483}, "datetime": {"datetime": "2024-01-20 15:39:39", "elapsed": 4514.640408, "delta": 0.003489}}
{"target": -13.40766053636375, "params": {"colsample_bytree": 0.549402642904217, "eta": 0.06327697977558287, "gamma": 368.17946956198955, "max_depth": 5.0, "min_child_weight": 3396.2968211013344, "num_boost_round": 75.0, "subsample": 0.14648196829713483}, "datetime": {"datetime": "2024-01-20 15:39:39", "elapsed": 4514.64378, "delta": 0.003372}}
{"target": -13.407818823238799, "params": {"colsample_bytree": 0.549402642904217, "eta": 0.06327697977558287, "gamma": 368.17946956198955, "max_depth": 5.0, "min_child_weight": 3396.2968211013344, "num_boost_round": 76.0, "subsample": 0.14648196829713483}, "datetime": {"datetime": "2024-01-20 15:39:39", "elapsed": 4514.647171, "delta": 0.003391}}
{"target": -13.408078808794665, "params": {"colsample_bytree": 0.549402642904217, "eta": 0.06327697977558287, "gamma": 368.17946956198955, "max_depth": 5.0, "min_child_weight": 3396.2968211013344, "num_boost_round": 77.0, "subsample": 0.14648196829713483}, "datetime": {"datetime": "2024-01-20 15:39:39", "elapsed": 4514.65077, "delta": 0.003599}}
{"target": -13.408317356378276, "params": {"colsample_bytree": 0.549402642904217, "eta": 0.06327697977558287, "gamma": 368.17946956198955, "max_depth": 5.0, "min_child_weight": 3396.2968211013344, "num_boost_round": 78.0, "subsample": 0.14648196829713483}, "datetime": {"datetime": "2024-01-20 15:39:40", "elapsed": 4514.654139, "delta": 0.003369}}
{"target": -13.4083062272807, "params": {"colsample_bytree": 0.549402642904217, "eta": 0.06327697977558287, "gamma": 368.17946956198955, "max_depth": 5.0, "min_child_weight": 3396.2968211013344, "num_boost_round": 79.0, "subsample": 0.14648196829713483}, "datetime": {"datetime": "2024-01-20 15:39:40", "elapsed": 4514.657685, "delta": 0.003546}}
{"target": -13.408655123045374, "params": {"colsample_bytree": 0.549402642904217, "eta": 0.06327697977558287, "gamma": 368.17946956198955, "max_depth": 5.0, "min_child_weight": 3396.2968211013344, "num_boost_round": 80.0, "subsample": 0.14648196829713483}, "datetime": {"datetime": "2024-01-20 15:39:40", "elapsed": 4514.661205, "delta": 0.00352}}
{"target": -13.408693093318027, "params": {"colsample_bytree": 0.549402642904217, "eta": 0.06327697977558287, "gamma": 368.17946956198955, "max_depth": 5.0, "min_child_weight": 3396.2968211013344, "num_boost_round": 81.0, "subsample": 0.14648196829713483}, "datetime": {"datetime": "2024-01-20 15:39:40", "elapsed": 4514.664557, "delta": 0.003352}}
{"target": -13.408699654389384, "params": {"colsample_bytree": 0.549402642904217, "eta": 0.06327697977558287, "gamma": 368.17946956198955, "max_depth": 5.0, "min_child_weight": 3396.2968211013344, "num_boost_round": 82.0, "subsample": 0.14648196829713483}, "datetime": {"datetime": "2024-01-20 15:39:40", "elapsed": 4514.668042, "delta": 0.003485}}
{"target": -13.408881684118416, "params": {"colsample_bytree": 0.549402642904217, "eta": 0.06327697977558287, "gamma": 368.17946956198955, "max_depth": 5.0, "min_child_weight": 3396.2968211013344, "num_boost_round": 83.0, "subsample": 0.14648196829713483}, "datetime": {"datetime": "2024-01-20 15:39:40", "elapsed": 4514.671447, "delta": 0.003405}}
