{"target": -10.490612220048963, "params": {"colsample_bytree": 0.11681844040508067, "eta": 0.09287557234988209, "gamma": 840.1754366508293, "max_depth": 6.0, "min_child_weight": 4464.866109681528, "num_boost_round": 60.0, "subsample": 0.5568612989912948}, "datetime": {"datetime": "2024-01-20 13:48:43", "elapsed": 1415.48348, "delta": 0.001855}}
{"target": -10.490791405288721, "params": {"colsample_bytree": 0.11681844040508067, "eta": 0.09287557234988209, "gamma": 840.1754366508293, "max_depth": 6.0, "min_child_weight": 4464.866109681528, "num_boost_round": 61.0, "subsample": 0.5568612989912948}, "datetime": {"datetime": "2024-01-20 13:48:43", "elapsed": 1415.485368, "delta": 0.001888}}
{"target": -10.4908318606818, "params": {"colsample_bytree": 0.11681844040508067, "eta": 0.09287557234988209, "gamma": 840.1754366508293, "max_depth": 6.0, "min_child_weight": 4464.866109681528, "num_boost_round": 62.0, "subsample": 0.5568612989912948}, "datetime": {"datetime": "2024-01-20 13:48:43", "elapsed": 1415.48725, "delta": 0.001882}}
{"target": -10.49114588896197, "params": {"colsample_bytree": 0.11681844040508067, "eta": 0.09287557234988209, "gamma": 840.1754366508293, "max_depth": 6.0, "min_child_weight": 4464.866109681528, "num_boost_round": 63.0, "subsample": 0.5568612989912948}, "datetime": {"datetime": "2024-01-20 13:48:43", "elapsed": 1415.489117, "delta": 0.001867}}
{"target": -10.491488203664122, "params": {"colsample_bytree": 0.11681844040508067, "eta": 0.09287557234988209, "gamma": 840.1754366508293, "max_depth": 6.0, "min_child_weight": 4464.866109681528, "num_boost_round": 64.0, "subsample": 0.5568612989912948}, "datetime": {"datetime": "2024-01-20 13:48:43", "elapsed": 1415.490974, "delta": 0.001857}}
{"target": -10.491523991639562, "params": {"colsample_bytree": 0.11681844040508067, "eta": 0.09287557234988209, "gamma": 840.1754366508293, "max_depth": 6.0, "min_child_weight": 4464.866109681528, "num_boost_round": 65.0, "subsample": 0.5568612989912948}, "datetime": {"datetime": "2024-01-20 13:48:43", "elapsed": 1415.492842, "delta": 0.001868}}
{"target": -10.49173743696141, "params": {"colsample_bytree": 0.11681844040508067, "eta": 0.09287557234988209, "gamma": 840.1754366508293, "max_depth": 6.0, "min_child_weight": 4464.866109681528, "num_boost_round": 66.0, "subsample": 0.5568612989912948}, "datetime": {"datetime": "2024-01-20 13:48:43", "elapsed": 1415.494725, "delta": 0.001883}}
{"target": -10.491962597587795, "params": {"colsample_bytree": 0.11681844040508067, "eta": 0.09287557234988209, "gamma": 840.1754366508293, "max_depth": 6.0, "min_child_weight": 4464.866109681528, "num_boost_round": 67.0, "subsample": 0.5568612989912948}, "datetime": {"datetime": "2024-01-20 13:48:43", "elapsed": 1415.496584, "delta": 0.001859}}
{"target": -10.491875428422864, "params": {"colsample_bytree": 0.11681844040508067, "eta": 0.09287557234988209, "gamma": 840.1754366508293, "max_depth": 6.0, "min_child_weight": 4464.866109681528, "num_boost_round": 68.0, "subsample": 0.5568612989912948}, "datetime": {"datetime": "2024-01-20 13:48:43", "elapsed": 1415.498466, "delta": 0.001882}}
{"target": -10.491918051036295, "params": {"colsample_bytree": 0.11681844040508067, "eta": 0.09287557234988209, "gamma": 840.1754366508293, "max_depth": 6.0, "min_child_weight": 4464.866109681528, "num_boost_round": 69.0, "subsample": 0.5568612989912948}, "datetime": {"datetime": "2024-01-20 13:48:43", "elapsed": 1415.500333, "delta": 0.001867}}
{"target": -10.492245822751178, "params": {"colsample_bytree": 0.11681844040508067, "eta": 0.09287557234988209, "gamma": 840.1754366508293, "max_depth": 6.0, "min_child_weight": 4464.866109681528, "num_boost_round": 70.0, "subsample": 0.5568612989912948}, "datetime": {"datetime": "2024-01-20 13:48:43", "elapsed": 1415.502218, "delta": 0.001885}}
{"target": -10.492919583314883, "params": {"colsample_bytree": 0.11681844040508067, "eta": 0.09287557234988209, "gamma": 840.1754366508293, "max_depth": 6.0, "min_child_weight": 4464.866109681528, "num_boost_round": 71.0, "subsample": 0.5568612989912948}, "datetime": {"datetime": "2024-01-20 13:48:43", "elapsed": 1415.504107, "delta": 0.001889}}
{"target": -10.49300944261853, "params": {"colsample_bytree": 0.11681844040508067, "eta": 0.09287557234988209, "gamma": 840.1754366508293, "max_depth": 6.0, "min_child_weight": 4464.866109681528, "num_boost_round": 72.0, "subsample": 0.5568612989912948}, "datetime": {"datetime": "2024-01-20 13:48:43", "elapsed": 1415.50595, "delta": 0.001843}}
{"target": -10.493062294043671, "params": {"colsample_bytree": 0.11681844040508067, "eta": 0.09287557234988209, "gamma": 840.1754366508293, "max_depth": 6.0, "min_child_weight": 4464.866109681528, "num_boost_round": 73.0, "subsample": 0.5568612989912948}, "datetime": {"datetime": "2024-01-20 13:48:43", "elapsed": 1415.507806, "delta": 0.001856}}
{"target": -10.493025757453696, "params": {"colsample_bytree": 0.11681844040508067, "eta": 0.09287557234988209, "gamma": 840.1754366508293, "max_depth": 6.0, "min_child_weight": 4464.866109681528, "num_boost_round": 74.0, "subsample": 0.5568612989912948}, "datetime": {"datetime": "2024-01-20 13:48:43", "elapsed": 1415.509671, "delta": 0.001865}}
{"target": -10.493058100378915, "params": {"colsample_bytree": 0.11681844040508067, "eta": 0.09287557234988209, "gamma": 840.1754366508293, "max_depth": 6.0, "min_child_weight": 4464.866109681528, "num_boost_round": 75.0, "subsample": 0.5568612989912948}, "datetime": {"datetime": "2024-01-20 13:48:43", "elapsed": 1415.51152, "delta": 0.001849}}
{"target": -10.49321071624642, "params": {"colsample_bytree": 0.11681844040508067, "eta": 0.09287557234988209, "gamma": 840.1754366508293, "max_depth": 6.0, "min_child_weight": 4464.866109681528, "num_boost_round": 76.0, "subsample": 0.5568612989912948}, "datetime": {"datetime": "2024-01-20 13:48:43", "elapsed": 1415.513388, "delta": 0.001868}}
{"target": -10.47604767559821, "params": {"colsample_bytree": 0.492434122221614, "eta": 0.0061446967518043235, "gamma": 913.6370770429427, "max_depth": 8.0, "min_child_weight": 4467.43321831357, "num_boost_round": 1.0, "subsample": 0.876957466911006}, "datetime": {"datetime": "2024-01-20 13:49:15", "elapsed": 1447.233877, "delta": 31.720489}}
{"target": -10.475948094494484, "params": {"colsample_bytree": 0.492434122221614, "eta": 0.0061446967518043235, "gamma": 913.6370770429427, "max_depth": 8.0, "min_child_weight": 4467.43321831357, "num_boost_round": 2.0, "subsample": 0.876957466911006}, "datetime": {"datetime": "2024-01-20 13:49:15", "elapsed": 1447.236412, "delta": 0.002535}}
{"target": -10.475910852482947, "params": {"colsample_bytree": 0.492434122221614, "eta": 0.0061446967518043235, "gamma": 913.6370770429427, "max_depth": 8.0, "min_child_weight": 4467.43321831357, "num_boost_round": 3.0, "subsample": 0.876957466911006}, "datetime": {"datetime": "2024-01-20 13:49:15", "elapsed": 1447.239043, "delta": 0.002631}}
{"target": -10.47581654980062, "params": {"colsample_bytree": 0.492434122221614, "eta": 0.0061446967518043235, "gamma": 913.6370770429427, "max_depth": 8.0, "min_child_weight": 4467.43321831357, "num_boost_round": 4.0, "subsample": 0.876957466911006}, "datetime": {"datetime": "2024-01-20 13:49:15", "elapsed": 1447.240952, "delta": 0.001909}}
{"target": -10.475715931305208, "params": {"colsample_bytree": 0.492434122221614, "eta": 0.0061446967518043235, "gamma": 913.6370770429427, "max_depth": 8.0, "min_child_weight": 4467.43321831357, "num_boost_round": 5.0, "subsample": 0.876957466911006}, "datetime": {"datetime": "2024-01-20 13:49:15", "elapsed": 1447.242875, "delta": 0.001923}}
{"target": -10.475669459781688, "params": {"colsample_bytree": 0.492434122221614, "eta": 0.0061446967518043235, "gamma": 913.6370770429427, "max_depth": 8.0, "min_child_weight": 4467.43321831357, "num_boost_round": 6.0, "subsample": 0.876957466911006}, "datetime": {"datetime": "2024-01-20 13:49:15", "elapsed": 1447.244721, "delta": 0.001846}}
{"target": -10.475573914243167, "params": {"colsample_bytree": 0.492434122221614, "eta": 0.0061446967518043235, "gamma": 913.6370770429427, "max_depth": 8.0, "min_child_weight": 4467.43321831357, "num_boost_round": 7.0, "subsample": 0.876957466911006}, "datetime": {"datetime": "2024-01-20 13:49:15", "elapsed": 1447.246633, "delta": 0.001912}}
{"target": -10.475452910052555, "params": {"colsample_bytree": 0.492434122221614, "eta": 0.0061446967518043235, "gamma": 913.6370770429427, "max_depth": 8.0, "min_child_weight": 4467.43321831357, "num_boost_round": 8.0, "subsample": 0.876957466911006}, "datetime": {"datetime": "2024-01-20 13:49:15", "elapsed": 1447.24852, "delta": 0.001887}}
{"target": -10.475403435232476, "params": {"colsample_bytree": 0.492434122221614, "eta": 0.0061446967518043235, "gamma": 913.6370770429427, "max_depth": 8.0, "min_child_weight": 4467.43321831357, "num_boost_round": 9.0, "subsample": 0.876957466911006}, "datetime": {"datetime": "2024-01-20 13:49:15", "elapsed": 1447.250448, "delta": 0.001928}}
{"target": -10.475292807607005, "params": {"colsample_bytree": 0.492434122221614, "eta": 0.0061446967518043235, "gamma": 913.6370770429427, "max_depth": 8.0, "min_child_weight": 4467.43321831357, "num_boost_round": 10.0, "subsample": 0.876957466911006}, "datetime": {"datetime": "2024-01-20 13:49:15", "elapsed": 1447.252332, "delta": 0.001884}}
{"target": -10.47520824296666, "params": {"colsample_bytree": 0.492434122221614, "eta": 0.0061446967518043235, "gamma": 913.6370770429427, "max_depth": 8.0, "min_child_weight": 4467.43321831357, "num_boost_round": 11.0, "subsample": 0.876957466911006}, "datetime": {"datetime": "2024-01-20 13:49:15", "elapsed": 1447.25424, "delta": 0.001908}}
{"target": -10.475133754852251, "params": {"colsample_bytree": 0.492434122221614, "eta": 0.0061446967518043235, "gamma": 913.6370770429427, "max_depth": 8.0, "min_child_weight": 4467.43321831357, "num_boost_round": 12.0, "subsample": 0.876957466911006}, "datetime": {"datetime": "2024-01-20 13:49:15", "elapsed": 1447.256099, "delta": 0.001859}}
{"target": -10.475099274692088, "params": {"colsample_bytree": 0.492434122221614, "eta": 0.0061446967518043235, "gamma": 913.6370770429427, "max_depth": 8.0, "min_child_weight": 4467.43321831357, "num_boost_round": 13.0, "subsample": 0.876957466911006}, "datetime": {"datetime": "2024-01-20 13:49:15", "elapsed": 1447.258269, "delta": 0.00217}}
{"target": -10.475006229427427, "params": {"colsample_bytree": 0.492434122221614, "eta": 0.0061446967518043235, "gamma": 913.6370770429427, "max_depth": 8.0, "min_child_weight": 4467.43321831357, "num_boost_round": 14.0, "subsample": 0.876957466911006}, "datetime": {"datetime": "2024-01-20 13:49:15", "elapsed": 1447.260239, "delta": 0.00197}}
{"target": -10.474925116976337, "params": {"colsample_bytree": 0.492434122221614, "eta": 0.0061446967518043235, "gamma": 913.6370770429427, "max_depth": 8.0, "min_child_weight": 4467.43321831357, "num_boost_round": 15.0, "subsample": 0.876957466911006}, "datetime": {"datetime": "2024-01-20 13:49:15", "elapsed": 1447.262286, "delta": 0.002047}}
{"target": -10.475480334034877, "params": {"colsample_bytree": 0.5978895533523056, "eta": 0.07207992344792054, "gamma": 983.4102442685233, "max_depth": 7.0, "min_child_weight": 4476.748247050903, "num_boost_round": 1.0, "subsample": 0.14756200773719963}, "datetime": {"datetime": "2024-01-20 13:50:03", "elapsed": 1495.109589, "delta": 47.847303}}
{"target": -10.474682890935043, "params": {"colsample_bytree": 0.5978895533523056, "eta": 0.07207992344792054, "gamma": 983.4102442685233, "max_depth": 7.0, "min_child_weight": 4476.748247050903, "num_boost_round": 2.0, "subsample": 0.14756200773719963}, "datetime": {"datetime": "2024-01-20 13:50:03", "elapsed": 1495.112607, "delta": 0.003018}}
{"target": -10.474438284953509, "params": {"colsample_bytree": 0.5978895533523056, "eta": 0.07207992344792054, "gamma": 983.4102442685233, "max_depth": 7.0, "min_child_weight": 4476.748247050903, "num_boost_round": 3.0, "subsample": 0.14756200773719963}, "datetime": {"datetime": "2024-01-20 13:50:03", "elapsed": 1495.114697, "delta": 0.00209}}
{"target": -10.474291577017079, "params": {"colsample_bytree": 0.5978895533523056, "eta": 0.07207992344792054, "gamma": 983.4102442685233, "max_depth": 7.0, "min_child_weight": 4476.748247050903, "num_boost_round": 4.0, "subsample": 0.14756200773719963}, "datetime": {"datetime": "2024-01-20 13:50:03", "elapsed": 1495.116991, "delta": 0.002294}}
{"target": -10.474201532390566, "params": {"colsample_bytree": 0.5978895533523056, "eta": 0.07207992344792054, "gamma": 983.4102442685233, "max_depth": 7.0, "min_child_weight": 4476.748247050903, "num_boost_round": 5.0, "subsample": 0.14756200773719963}, "datetime": {"datetime": "2024-01-20 13:50:03", "elapsed": 1495.118963, "delta": 0.001972}}
{"target": -10.474058173406858, "params": {"colsample_bytree": 0.5978895533523056, "eta": 0.07207992344792054, "gamma": 983.4102442685233, "max_depth": 7.0, "min_child_weight": 4476.748247050903, "num_boost_round": 6.0, "subsample": 0.14756200773719963}, "datetime": {"datetime": "2024-01-20 13:50:03", "elapsed": 1495.120872, "delta": 0.001909}}
{"target": -10.473983170423173, "params": {"colsample_bytree": 0.5978895533523056, "eta": 0.07207992344792054, "gamma": 983.4102442685233, "max_depth": 7.0, "min_child_weight": 4476.748247050903, "num_boost_round": 7.0, "subsample": 0.14756200773719963}, "datetime": {"datetime": "2024-01-20 13:50:03", "elapsed": 1495.122745, "delta": 0.001873}}
{"target": -10.474015721232778, "params": {"colsample_bytree": 0.5978895533523056, "eta": 0.07207992344792054, "gamma": 983.4102442685233, "max_depth": 7.0, "min_child_weight": 4476.748247050903, "num_boost_round": 8.0, "subsample": 0.14756200773719963}, "datetime": {"datetime": "2024-01-20 13:50:03", "elapsed": 1495.124626, "delta": 0.001881}}
{"target": -10.474207489775242, "params": {"colsample_bytree": 0.5978895533523056, "eta": 0.07207992344792054, "gamma": 983.4102442685233, "max_depth": 7.0, "min_child_weight": 4476.748247050903, "num_boost_round": 9.0, "subsample": 0.14756200773719963}, "datetime": {"datetime": "2024-01-20 13:50:03", "elapsed": 1495.126499, "delta": 0.001873}}
{"target": -10.474121494397545, "params": {"colsample_bytree": 0.5978895533523056, "eta": 0.07207992344792054, "gamma": 983.4102442685233, "max_depth": 7.0, "min_child_weight": 4476.748247050903, "num_boost_round": 10.0, "subsample": 0.14756200773719963}, "datetime": {"datetime": "2024-01-20 13:50:03", "elapsed": 1495.128367, "delta": 0.001868}}
{"target": -10.474308743208216, "params": {"colsample_bytree": 0.5978895533523056, "eta": 0.07207992344792054, "gamma": 983.4102442685233, "max_depth": 7.0, "min_child_weight": 4476.748247050903, "num_boost_round": 11.0, "subsample": 0.14756200773719963}, "datetime": {"datetime": "2024-01-20 13:50:03", "elapsed": 1495.130311, "delta": 0.001944}}
{"target": -10.474648474472612, "params": {"colsample_bytree": 0.5978895533523056, "eta": 0.07207992344792054, "gamma": 983.4102442685233, "max_depth": 7.0, "min_child_weight": 4476.748247050903, "num_boost_round": 12.0, "subsample": 0.14756200773719963}, "datetime": {"datetime": "2024-01-20 13:50:03", "elapsed": 1495.13223, "delta": 0.001919}}
{"target": -10.474701480473541, "params": {"colsample_bytree": 0.5978895533523056, "eta": 0.07207992344792054, "gamma": 983.4102442685233, "max_depth": 7.0, "min_child_weight": 4476.748247050903, "num_boost_round": 13.0, "subsample": 0.14756200773719963}, "datetime": {"datetime": "2024-01-20 13:50:03", "elapsed": 1495.134148, "delta": 0.001918}}
{"target": -10.475056055483183, "params": {"colsample_bytree": 0.5978895533523056, "eta": 0.07207992344792054, "gamma": 983.4102442685233, "max_depth": 7.0, "min_child_weight": 4476.748247050903, "num_boost_round": 14.0, "subsample": 0.14756200773719963}, "datetime": {"datetime": "2024-01-20 13:50:03", "elapsed": 1495.136035, "delta": 0.001887}}
{"target": -10.474870618029989, "params": {"colsample_bytree": 0.5978895533523056, "eta": 0.07207992344792054, "gamma": 983.4102442685233, "max_depth": 7.0, "min_child_weight": 4476.748247050903, "num_boost_round": 15.0, "subsample": 0.14756200773719963}, "datetime": {"datetime": "2024-01-20 13:50:03", "elapsed": 1495.138032, "delta": 0.001997}}
{"target": -10.475099799981631, "params": {"colsample_bytree": 0.5978895533523056, "eta": 0.07207992344792054, "gamma": 983.4102442685233, "max_depth": 7.0, "min_child_weight": 4476.748247050903, "num_boost_round": 16.0, "subsample": 0.14756200773719963}, "datetime": {"datetime": "2024-01-20 13:50:03", "elapsed": 1495.139905, "delta": 0.001873}}
{"target": -10.474981348757908, "params": {"colsample_bytree": 0.5978895533523056, "eta": 0.07207992344792054, "gamma": 983.4102442685233, "max_depth": 7.0, "min_child_weight": 4476.748247050903, "num_boost_round": 17.0, "subsample": 0.14756200773719963}, "datetime": {"datetime": "2024-01-20 13:50:03", "elapsed": 1495.141813, "delta": 0.001908}}
{"target": -10.475168159137837, "params": {"colsample_bytree": 0.5978895533523056, "eta": 0.07207992344792054, "gamma": 983.4102442685233, "max_depth": 7.0, "min_child_weight": 4476.748247050903, "num_boost_round": 18.0, "subsample": 0.14756200773719963}, "datetime": {"datetime": "2024-01-20 13:50:03", "elapsed": 1495.143728, "delta": 0.001915}}
{"target": -10.475373013968198, "params": {"colsample_bytree": 0.5978895533523056, "eta": 0.07207992344792054, "gamma": 983.4102442685233, "max_depth": 7.0, "min_child_weight": 4476.748247050903, "num_boost_round": 19.0, "subsample": 0.14756200773719963}, "datetime": {"datetime": "2024-01-20 13:50:03", "elapsed": 1495.145627, "delta": 0.001899}}
{"target": -10.475606427320002, "params": {"colsample_bytree": 0.5978895533523056, "eta": 0.07207992344792054, "gamma": 983.4102442685233, "max_depth": 7.0, "min_child_weight": 4476.748247050903, "num_boost_round": 20.0, "subsample": 0.14756200773719963}, "datetime": {"datetime": "2024-01-20 13:50:03", "elapsed": 1495.14752, "delta": 0.001893}}
{"target": -10.475973315688819, "params": {"colsample_bytree": 0.5978895533523056, "eta": 0.07207992344792054, "gamma": 983.4102442685233, "max_depth": 7.0, "min_child_weight": 4476.748247050903, "num_boost_round": 21.0, "subsample": 0.14756200773719963}, "datetime": {"datetime": "2024-01-20 13:50:03", "elapsed": 1495.149442, "delta": 0.001922}}
{"target": -10.476039462252244, "params": {"colsample_bytree": 0.5978895533523056, "eta": 0.07207992344792054, "gamma": 983.4102442685233, "max_depth": 7.0, "min_child_weight": 4476.748247050903, "num_boost_round": 22.0, "subsample": 0.14756200773719963}, "datetime": {"datetime": "2024-01-20 13:50:03", "elapsed": 1495.151329, "delta": 0.001887}}
{"target": -10.476339413604446, "params": {"colsample_bytree": 0.5978895533523056, "eta": 0.07207992344792054, "gamma": 983.4102442685233, "max_depth": 7.0, "min_child_weight": 4476.748247050903, "num_boost_round": 23.0, "subsample": 0.14756200773719963}, "datetime": {"datetime": "2024-01-20 13:50:03", "elapsed": 1495.153218, "delta": 0.001889}}
{"target": -10.476613943065722, "params": {"colsample_bytree": 0.5978895533523056, "eta": 0.07207992344792054, "gamma": 983.4102442685233, "max_depth": 7.0, "min_child_weight": 4476.748247050903, "num_boost_round": 24.0, "subsample": 0.14756200773719963}, "datetime": {"datetime": "2024-01-20 13:50:03", "elapsed": 1495.155137, "delta": 0.001919}}
{"target": -10.476925366348656, "params": {"colsample_bytree": 0.5978895533523056, "eta": 0.07207992344792054, "gamma": 983.4102442685233, "max_depth": 7.0, "min_child_weight": 4476.748247050903, "num_boost_round": 25.0, "subsample": 0.14756200773719963}, "datetime": {"datetime": "2024-01-20 13:50:03", "elapsed": 1495.157209, "delta": 0.002072}}
{"target": -10.477126434190012, "params": {"colsample_bytree": 0.5978895533523056, "eta": 0.07207992344792054, "gamma": 983.4102442685233, "max_depth": 7.0, "min_child_weight": 4476.748247050903, "num_boost_round": 26.0, "subsample": 0.14756200773719963}, "datetime": {"datetime": "2024-01-20 13:50:03", "elapsed": 1495.159364, "delta": 0.002155}}
{"target": -10.47741119856446, "params": {"colsample_bytree": 0.5978895533523056, "eta": 0.07207992344792054, "gamma": 983.4102442685233, "max_depth": 7.0, "min_child_weight": 4476.748247050903, "num_boost_round": 27.0, "subsample": 0.14756200773719963}, "datetime": {"datetime": "2024-01-20 13:50:03", "elapsed": 1495.161363, "delta": 0.001999}}
{"target": -10.477506391589682, "params": {"colsample_bytree": 0.5978895533523056, "eta": 0.07207992344792054, "gamma": 983.4102442685233, "max_depth": 7.0, "min_child_weight": 4476.748247050903, "num_boost_round": 28.0, "subsample": 0.14756200773719963}, "datetime": {"datetime": "2024-01-20 13:50:03", "elapsed": 1495.163273, "delta": 0.00191}}
{"target": -10.47745111626972, "params": {"colsample_bytree": 0.5978895533523056, "eta": 0.07207992344792054, "gamma": 983.4102442685233, "max_depth": 7.0, "min_child_weight": 4476.748247050903, "num_boost_round": 29.0, "subsample": 0.14756200773719963}, "datetime": {"datetime": "2024-01-20 13:50:03", "elapsed": 1495.165177, "delta": 0.001904}}
{"target": -10.477381799997385, "params": {"colsample_bytree": 0.5978895533523056, "eta": 0.07207992344792054, "gamma": 983.4102442685233, "max_depth": 7.0, "min_child_weight": 4476.748247050903, "num_boost_round": 30.0, "subsample": 0.14756200773719963}, "datetime": {"datetime": "2024-01-20 13:50:03", "elapsed": 1495.167112, "delta": 0.001935}}
{"target": -10.47773478061504, "params": {"colsample_bytree": 0.5978895533523056, "eta": 0.07207992344792054, "gamma": 983.4102442685233, "max_depth": 7.0, "min_child_weight": 4476.748247050903, "num_boost_round": 31.0, "subsample": 0.14756200773719963}, "datetime": {"datetime": "2024-01-20 13:50:03", "elapsed": 1495.169114, "delta": 0.002002}}
