{"target": -13.402182874964655, "params": {"colsample_bytree": 0.21308064710650929, "eta": 0.09791976795483939, "gamma": 388.7103545342246, "max_depth": 2.0, "min_child_weight": 4003.648418712507, "num_boost_round": 7.0, "subsample": 0.45494081149808974}, "datetime": {"datetime": "2024-01-20 15:30:43", "elapsed": 3978.436259, "delta": 0.003294}}
{"target": -13.402573525500014, "params": {"colsample_bytree": 0.21308064710650929, "eta": 0.09791976795483939, "gamma": 388.7103545342246, "max_depth": 2.0, "min_child_weight": 4003.648418712507, "num_boost_round": 8.0, "subsample": 0.45494081149808974}, "datetime": {"datetime": "2024-01-20 15:30:43", "elapsed": 3978.439708, "delta": 0.003449}}
{"target": -13.402715943146045, "params": {"colsample_bytree": 0.21308064710650929, "eta": 0.09791976795483939, "gamma": 388.7103545342246, "max_depth": 2.0, "min_child_weight": 4003.648418712507, "num_boost_round": 9.0, "subsample": 0.45494081149808974}, "datetime": {"datetime": "2024-01-20 15:30:43", "elapsed": 3978.442904, "delta": 0.003196}}
{"target": -13.403115499115426, "params": {"colsample_bytree": 0.21308064710650929, "eta": 0.09791976795483939, "gamma": 388.7103545342246, "max_depth": 2.0, "min_child_weight": 4003.648418712507, "num_boost_round": 10.0, "subsample": 0.45494081149808974}, "datetime": {"datetime": "2024-01-20 15:30:43", "elapsed": 3978.446094, "delta": 0.00319}}
{"target": -13.403181559270099, "params": {"colsample_bytree": 0.21308064710650929, "eta": 0.09791976795483939, "gamma": 388.7103545342246, "max_depth": 2.0, "min_child_weight": 4003.648418712507, "num_boost_round": 11.0, "subsample": 0.45494081149808974}, "datetime": {"datetime": "2024-01-20 15:30:43", "elapsed": 3978.449496, "delta": 0.003402}}
{"target": -13.403378879030338, "params": {"colsample_bytree": 0.21308064710650929, "eta": 0.09791976795483939, "gamma": 388.7103545342246, "max_depth": 2.0, "min_child_weight": 4003.648418712507, "num_boost_round": 12.0, "subsample": 0.45494081149808974}, "datetime": {"datetime": "2024-01-20 15:30:43", "elapsed": 3978.452876, "delta": 0.00338}}
{"target": -13.403400594572126, "params": {"colsample_bytree": 0.21308064710650929, "eta": 0.09791976795483939, "gamma": 388.7103545342246, "max_depth": 2.0, "min_child_weight": 4003.648418712507, "num_boost_round": 13.0, "subsample": 0.45494081149808974}, "datetime": {"datetime": "2024-01-20 15:30:43", "elapsed": 3978.456208, "delta": 0.003332}}
{"target": -13.403291937266118, "params": {"colsample_bytree": 0.21308064710650929, "eta": 0.09791976795483939, "gamma": 388.7103545342246, "max_depth": 2.0, "min_child_weight": 4003.648418712507, "num_boost_round": 14.0, "subsample": 0.45494081149808974}, "datetime": {"datetime": "2024-01-20 15:30:43", "elapsed": 3978.459618, "delta": 0.00341}}
{"target": -13.403084925805985, "params": {"colsample_bytree": 0.21308064710650929, "eta": 0.09791976795483939, "gamma": 388.7103545342246, "max_depth": 2.0, "min_child_weight": 4003.648418712507, "num_boost_round": 15.0, "subsample": 0.45494081149808974}, "datetime": {"datetime": "2024-01-20 15:30:43", "elapsed": 3978.462989, "delta": 0.003371}}
{"target": -13.403051110221808, "params": {"colsample_bytree": 0.21308064710650929, "eta": 0.09791976795483939, "gamma": 388.7103545342246, "max_depth": 2.0, "min_child_weight": 4003.648418712507, "num_boost_round": 16.0, "subsample": 0.45494081149808974}, "datetime": {"datetime": "2024-01-20 15:30:43", "elapsed": 3978.466189, "delta": 0.0032}}
{"target": -13.40393564455351, "params": {"colsample_bytree": 0.21308064710650929, "eta": 0.09791976795483939, "gamma": 388.7103545342246, "max_depth": 2.0, "min_child_weight": 4003.648418712507, "num_boost_round": 17.0, "subsample": 0.45494081149808974}, "datetime": {"datetime": "2024-01-20 15:30:43", "elapsed": 3978.469788, "delta": 0.003599}}
{"target": -13.404460822030646, "params": {"colsample_bytree": 0.21308064710650929, "eta": 0.09791976795483939, "gamma": 388.7103545342246, "max_depth": 2.0, "min_child_weight": 4003.648418712507, "num_boost_round": 18.0, "subsample": 0.45494081149808974}, "datetime": {"datetime": "2024-01-20 15:30:43", "elapsed": 3978.473004, "delta": 0.003216}}
{"target": -13.404773024412295, "params": {"colsample_bytree": 0.21308064710650929, "eta": 0.09791976795483939, "gamma": 388.7103545342246, "max_depth": 2.0, "min_child_weight": 4003.648418712507, "num_boost_round": 19.0, "subsample": 0.45494081149808974}, "datetime": {"datetime": "2024-01-20 15:30:43", "elapsed": 3978.476328, "delta": 0.003324}}
{"target": -13.405376011274665, "params": {"colsample_bytree": 0.21308064710650929, "eta": 0.09791976795483939, "gamma": 388.7103545342246, "max_depth": 2.0, "min_child_weight": 4003.648418712507, "num_boost_round": 20.0, "subsample": 0.45494081149808974}, "datetime": {"datetime": "2024-01-20 15:30:43", "elapsed": 3978.479742, "delta": 0.003414}}
{"target": -13.405371565731414, "params": {"colsample_bytree": 0.21308064710650929, "eta": 0.09791976795483939, "gamma": 388.7103545342246, "max_depth": 2.0, "min_child_weight": 4003.648418712507, "num_boost_round": 21.0, "subsample": 0.45494081149808974}, "datetime": {"datetime": "2024-01-20 15:30:43", "elapsed": 3978.482984, "delta": 0.003242}}
{"target": -13.405695018032883, "params": {"colsample_bytree": 0.21308064710650929, "eta": 0.09791976795483939, "gamma": 388.7103545342246, "max_depth": 2.0, "min_child_weight": 4003.648418712507, "num_boost_round": 22.0, "subsample": 0.45494081149808974}, "datetime": {"datetime": "2024-01-20 15:30:43", "elapsed": 3978.486238, "delta": 0.003254}}
{"target": -13.405969804954644, "params": {"colsample_bytree": 0.21308064710650929, "eta": 0.09791976795483939, "gamma": 388.7103545342246, "max_depth": 2.0, "min_child_weight": 4003.648418712507, "num_boost_round": 23.0, "subsample": 0.45494081149808974}, "datetime": {"datetime": "2024-01-20 15:30:43", "elapsed": 3978.489779, "delta": 0.003541}}
{"target": -13.40661264085998, "params": {"colsample_bytree": 0.21308064710650929, "eta": 0.09791976795483939, "gamma": 388.7103545342246, "max_depth": 2.0, "min_child_weight": 4003.648418712507, "num_boost_round": 24.0, "subsample": 0.45494081149808974}, "datetime": {"datetime": "2024-01-20 15:30:43", "elapsed": 3978.493191, "delta": 0.003412}}
{"target": -13.406991262576863, "params": {"colsample_bytree": 0.21308064710650929, "eta": 0.09791976795483939, "gamma": 388.7103545342246, "max_depth": 2.0, "min_child_weight": 4003.648418712507, "num_boost_round": 25.0, "subsample": 0.45494081149808974}, "datetime": {"datetime": "2024-01-20 15:30:43", "elapsed": 3978.496656, "delta": 0.003465}}
{"target": -13.407443452486797, "params": {"colsample_bytree": 0.21308064710650929, "eta": 0.09791976795483939, "gamma": 388.7103545342246, "max_depth": 2.0, "min_child_weight": 4003.648418712507, "num_boost_round": 26.0, "subsample": 0.45494081149808974}, "datetime": {"datetime": "2024-01-20 15:30:43", "elapsed": 3978.499943, "delta": 0.003287}}
{"target": -13.407704496981944, "params": {"colsample_bytree": 0.21308064710650929, "eta": 0.09791976795483939, "gamma": 388.7103545342246, "max_depth": 2.0, "min_child_weight": 4003.648418712507, "num_boost_round": 27.0, "subsample": 0.45494081149808974}, "datetime": {"datetime": "2024-01-20 15:30:43", "elapsed": 3978.503247, "delta": 0.003304}}
{"target": -13.39755974007921, "params": {"colsample_bytree": 0.8167984624918654, "eta": 0.022731318509527504, "gamma": 850.7872923939744, "max_depth": 7.0, "min_child_weight": 3722.6940912490045, "num_boost_round": 1.0, "subsample": 0.3705095335505796}, "datetime": {"datetime": "2024-01-20 15:31:17", "elapsed": 4012.041138, "delta": 33.537891}}
{"target": -13.397546118645218, "params": {"colsample_bytree": 0.6790621979892624, "eta": 0.03574160491279387, "gamma": 477.2654098765187, "max_depth": 5.0, "min_child_weight": 3993.3381539295856, "num_boost_round": 1.0, "subsample": 0.31189129624087986}, "datetime": {"datetime": "2024-01-20 15:32:00", "elapsed": 4055.029884, "delta": 42.988746}}
{"target": -13.39744770529439, "params": {"colsample_bytree": 0.6790621979892624, "eta": 0.03574160491279387, "gamma": 477.2654098765187, "max_depth": 5.0, "min_child_weight": 3993.3381539295856, "num_boost_round": 2.0, "subsample": 0.31189129624087986}, "datetime": {"datetime": "2024-01-20 15:32:00", "elapsed": 4055.034287, "delta": 0.004403}}
{"target": -13.397295751503346, "params": {"colsample_bytree": 0.6790621979892624, "eta": 0.03574160491279387, "gamma": 477.2654098765187, "max_depth": 5.0, "min_child_weight": 3993.3381539295856, "num_boost_round": 3.0, "subsample": 0.31189129624087986}, "datetime": {"datetime": "2024-01-20 15:32:00", "elapsed": 4055.037868, "delta": 0.003581}}
{"target": -13.397301406151088, "params": {"colsample_bytree": 0.6790621979892624, "eta": 0.03574160491279387, "gamma": 477.2654098765187, "max_depth": 5.0, "min_child_weight": 3993.3381539295856, "num_boost_round": 4.0, "subsample": 0.31189129624087986}, "datetime": {"datetime": "2024-01-20 15:32:00", "elapsed": 4055.041398, "delta": 0.00353}}
{"target": -13.39716797508601, "params": {"colsample_bytree": 0.6790621979892624, "eta": 0.03574160491279387, "gamma": 477.2654098765187, "max_depth": 5.0, "min_child_weight": 3993.3381539295856, "num_boost_round": 5.0, "subsample": 0.31189129624087986}, "datetime": {"datetime": "2024-01-20 15:32:00", "elapsed": 4055.044753, "delta": 0.003355}}
{"target": -13.396957679975824, "params": {"colsample_bytree": 0.6790621979892624, "eta": 0.03574160491279387, "gamma": 477.2654098765187, "max_depth": 5.0, "min_child_weight": 3993.3381539295856, "num_boost_round": 6.0, "subsample": 0.31189129624087986}, "datetime": {"datetime": "2024-01-20 15:32:00", "elapsed": 4055.048209, "delta": 0.003456}}
{"target": -13.39706100243542, "params": {"colsample_bytree": 0.6790621979892624, "eta": 0.03574160491279387, "gamma": 477.2654098765187, "max_depth": 5.0, "min_child_weight": 3993.3381539295856, "num_boost_round": 7.0, "subsample": 0.31189129624087986}, "datetime": {"datetime": "2024-01-20 15:32:00", "elapsed": 4055.051512, "delta": 0.003303}}
{"target": -13.39709804181745, "params": {"colsample_bytree": 0.962178507873116, "eta": 0.04687294755848765, "gamma": 344.1656131901173, "max_depth": 7.0, "min_child_weight": 3397.1631684586728, "num_boost_round": 1.0, "subsample": 0.25339026037536494}, "datetime": {"datetime": "2024-01-20 15:32:38", "elapsed": 4093.247854, "delta": 38.196342}}
{"target": -13.396713900983485, "params": {"colsample_bytree": 0.962178507873116, "eta": 0.04687294755848765, "gamma": 344.1656131901173, "max_depth": 7.0, "min_child_weight": 3397.1631684586728, "num_boost_round": 2.0, "subsample": 0.25339026037536494}, "datetime": {"datetime": "2024-01-20 15:32:38", "elapsed": 4093.252873, "delta": 0.005019}}
{"target": -13.397713537811343, "params": {"colsample_bytree": 0.3339626389102265, "eta": 0.052277577227475946, "gamma": 828.5394138821637, "max_depth": 8.0, "min_child_weight": 4349.971219556065, "num_boost_round": 1.0, "subsample": 0.14394266463575434}, "datetime": {"datetime": "2024-01-20 15:33:11", "elapsed": 4125.803489, "delta": 32.550616}}
{"target": -13.397757067348202, "params": {"colsample_bytree": 0.7068657162647091, "eta": 0.0034467732134779525, "gamma": 320.6950753087306, "max_depth": 5.0, "min_child_weight": 4063.5402033716437, "num_boost_round": 1.0, "subsample": 0.8619726176806272}, "datetime": {"datetime": "2024-01-20 15:33:52", "elapsed": 4166.978251, "delta": 41.174762}}
{"target": -13.397746183931417, "params": {"colsample_bytree": 0.7068657162647091, "eta": 0.0034467732134779525, "gamma": 320.6950753087306, "max_depth": 5.0, "min_child_weight": 4063.5402033716437, "num_boost_round": 2.0, "subsample": 0.8619726176806272}, "datetime": {"datetime": "2024-01-20 15:33:52", "elapsed": 4166.983254, "delta": 0.005003}}
{"target": -13.397736739573197, "params": {"colsample_bytree": 0.7068657162647091, "eta": 0.0034467732134779525, "gamma": 320.6950753087306, "max_depth": 5.0, "min_child_weight": 4063.5402033716437, "num_boost_round": 3.0, "subsample": 0.8619726176806272}, "datetime": {"datetime": "2024-01-20 15:33:52", "elapsed": 4166.986798, "delta": 0.003544}}
{"target": -13.397745937266338, "params": {"colsample_bytree": 0.7068657162647091, "eta": 0.0034467732134779525, "gamma": 320.6950753087306, "max_depth": 5.0, "min_child_weight": 4063.5402033716437, "num_boost_round": 4.0, "subsample": 0.8619726176806272}, "datetime": {"datetime": "2024-01-20 15:33:52", "elapsed": 4166.990453, "delta": 0.003655}}
{"target": -13.397734422838223, "params": {"colsample_bytree": 0.7068657162647091, "eta": 0.0034467732134779525, "gamma": 320.6950753087306, "max_depth": 5.0, "min_child_weight": 4063.5402033716437, "num_boost_round": 5.0, "subsample": 0.8619726176806272}, "datetime": {"datetime": "2024-01-20 15:33:52", "elapsed": 4166.993923, "delta": 0.00347}}
{"target": -13.397742864706666, "params": {"colsample_bytree": 0.7068657162647091, "eta": 0.0034467732134779525, "gamma": 320.6950753087306, "max_depth": 5.0, "min_child_weight": 4063.5402033716437, "num_boost_round": 6.0, "subsample": 0.8619726176806272}, "datetime": {"datetime": "2024-01-20 15:33:52", "elapsed": 4166.997311, "delta": 0.003388}}
{"target": -13.397770504265269, "params": {"colsample_bytree": 0.7068657162647091, "eta": 0.0034467732134779525, "gamma": 320.6950753087306, "max_depth": 5.0, "min_child_weight": 4063.5402033716437, "num_boost_round": 7.0, "subsample": 0.8619726176806272}, "datetime": {"datetime": "2024-01-20 15:33:52", "elapsed": 4167.00051, "delta": 0.003199}}
{"target": -13.397800465683142, "params": {"colsample_bytree": 0.2683616790797149, "eta": 0.07213114834487197, "gamma": 140.45522780293396, "max_depth": 7.0, "min_child_weight": 3330.3278445473547, "num_boost_round": 1.0, "subsample": 0.5561622117240207}, "datetime": {"datetime": "2024-01-20 15:34:35", "elapsed": 4210.185316, "delta": 43.184806}}
{"target": -13.397712276103158, "params": {"colsample_bytree": 0.2683616790797149, "eta": 0.07213114834487197, "gamma": 140.45522780293396, "max_depth": 7.0, "min_child_weight": 3330.3278445473547, "num_boost_round": 2.0, "subsample": 0.5561622117240207}, "datetime": {"datetime": "2024-01-20 15:34:35", "elapsed": 4210.19024, "delta": 0.004924}}
{"target": -13.398009322872063, "params": {"colsample_bytree": 0.2683616790797149, "eta": 0.07213114834487197, "gamma": 140.45522780293396, "max_depth": 7.0, "min_child_weight": 3330.3278445473547, "num_boost_round": 3.0, "subsample": 0.5561622117240207}, "datetime": {"datetime": "2024-01-20 15:34:35", "elapsed": 4210.193771, "delta": 0.003531}}
{"target": -13.398813263884673, "params": {"colsample_bytree": 0.2683616790797149, "eta": 0.07213114834487197, "gamma": 140.45522780293396, "max_depth": 7.0, "min_child_weight": 3330.3278445473547, "num_boost_round": 4.0, "subsample": 0.5561622117240207}, "datetime": {"datetime": "2024-01-20 15:34:35", "elapsed": 4210.197166, "delta": 0.003395}}
{"target": -13.399549054528507, "params": {"colsample_bytree": 0.2683616790797149, "eta": 0.07213114834487197, "gamma": 140.45522780293396, "max_depth": 7.0, "min_child_weight": 3330.3278445473547, "num_boost_round": 5.0, "subsample": 0.5561622117240207}, "datetime": {"datetime": "2024-01-20 15:34:35", "elapsed": 4210.200547, "delta": 0.003381}}
{"target": -13.399679988684944, "params": {"colsample_bytree": 0.2683616790797149, "eta": 0.07213114834487197, "gamma": 140.45522780293396, "max_depth": 7.0, "min_child_weight": 3330.3278445473547, "num_boost_round": 6.0, "subsample": 0.5561622117240207}, "datetime": {"datetime": "2024-01-20 15:34:35", "elapsed": 4210.203898, "delta": 0.003351}}
{"target": -13.400643478850306, "params": {"colsample_bytree": 0.2683616790797149, "eta": 0.07213114834487197, "gamma": 140.45522780293396, "max_depth": 7.0, "min_child_weight": 3330.3278445473547, "num_boost_round": 7.0, "subsample": 0.5561622117240207}, "datetime": {"datetime": "2024-01-20 15:34:35", "elapsed": 4210.207315, "delta": 0.003417}}
{"target": -13.397568316535116, "params": {"colsample_bytree": 0.9630971708853864, "eta": 0.03266275222318965, "gamma": 798.3780422965302, "max_depth": 2.0, "min_child_weight": 3227.6106583593546, "num_boost_round": 1.0, "subsample": 0.28521968267061043}, "datetime": {"datetime": "2024-01-20 15:35:02", "elapsed": 4237.647551, "delta": 27.440236}}
{"target": -13.39755705151278, "params": {"colsample_bytree": 0.9630971708853864, "eta": 0.03266275222318965, "gamma": 798.3780422965302, "max_depth": 2.0, "min_child_weight": 3227.6106583593546, "num_boost_round": 2.0, "subsample": 0.28521968267061043}, "datetime": {"datetime": "2024-01-20 15:35:03", "elapsed": 4237.652113, "delta": 0.004562}}
{"target": -13.397427105261624, "params": {"colsample_bytree": 0.9630971708853864, "eta": 0.03266275222318965, "gamma": 798.3780422965302, "max_depth": 2.0, "min_child_weight": 3227.6106583593546, "num_boost_round": 3.0, "subsample": 0.28521968267061043}, "datetime": {"datetime": "2024-01-20 15:35:03", "elapsed": 4237.655463, "delta": 0.00335}}
{"target": -13.397305390817525, "params": {"colsample_bytree": 0.9630971708853864, "eta": 0.03266275222318965, "gamma": 798.3780422965302, "max_depth": 2.0, "min_child_weight": 3227.6106583593546, "num_boost_round": 4.0, "subsample": 0.28521968267061043}, "datetime": {"datetime": "2024-01-20 15:35:03", "elapsed": 4237.658882, "delta": 0.003419}}
{"target": -13.397210232959806, "params": {"colsample_bytree": 0.9630971708853864, "eta": 0.03266275222318965, "gamma": 798.3780422965302, "max_depth": 2.0, "min_child_weight": 3227.6106583593546, "num_boost_round": 5.0, "subsample": 0.28521968267061043}, "datetime": {"datetime": "2024-01-20 15:35:03", "elapsed": 4237.662113, "delta": 0.003231}}
{"target": -13.397345427815733, "params": {"colsample_bytree": 0.9630971708853864, "eta": 0.03266275222318965, "gamma": 798.3780422965302, "max_depth": 2.0, "min_child_weight": 3227.6106583593546, "num_boost_round": 6.0, "subsample": 0.28521968267061043}, "datetime": {"datetime": "2024-01-20 15:35:03", "elapsed": 4237.665416, "delta": 0.003303}}
{"target": -13.398003294841768, "params": {"colsample_bytree": 0.5887596626350042, "eta": 0.08765523415313539, "gamma": 250.44462947853074, "max_depth": 6.0, "min_child_weight": 4019.3547919718794, "num_boost_round": 1.0, "subsample": 0.637193348917218}, "datetime": {"datetime": "2024-01-20 15:35:39", "elapsed": 4274.53836, "delta": 36.872944}}
{"target": -13.398047313812157, "params": {"colsample_bytree": 0.5887596626350042, "eta": 0.08765523415313539, "gamma": 250.44462947853074, "max_depth": 6.0, "min_child_weight": 4019.3547919718794, "num_boost_round": 2.0, "subsample": 0.637193348917218}, "datetime": {"datetime": "2024-01-20 15:35:39", "elapsed": 4274.543767, "delta": 0.005407}}
{"target": -13.398197671728248, "params": {"colsample_bytree": 0.5887596626350042, "eta": 0.08765523415313539, "gamma": 250.44462947853074, "max_depth": 6.0, "min_child_weight": 4019.3547919718794, "num_boost_round": 3.0, "subsample": 0.637193348917218}, "datetime": {"datetime": "2024-01-20 15:35:39", "elapsed": 4274.547749, "delta": 0.003982}}
{"target": -13.399180936372812, "params": {"colsample_bytree": 0.5887596626350042, "eta": 0.08765523415313539, "gamma": 250.44462947853074, "max_depth": 6.0, "min_child_weight": 4019.3547919718794, "num_boost_round": 4.0, "subsample": 0.637193348917218}, "datetime": {"datetime": "2024-01-20 15:35:39", "elapsed": 4274.551071, "delta": 0.003322}}
{"target": -13.400501193056005, "params": {"colsample_bytree": 0.5887596626350042, "eta": 0.08765523415313539, "gamma": 250.44462947853074, "max_depth": 6.0, "min_child_weight": 4019.3547919718794, "num_boost_round": 5.0, "subsample": 0.637193348917218}, "datetime": {"datetime": "2024-01-20 15:35:39", "elapsed": 4274.554564, "delta": 0.003493}}
{"target": -13.402112587435028, "params": {"colsample_bytree": 0.5887596626350042, "eta": 0.08765523415313539, "gamma": 250.44462947853074, "max_depth": 6.0, "min_child_weight": 4019.3547919718794, "num_boost_round": 6.0, "subsample": 0.637193348917218}, "datetime": {"datetime": "2024-01-20 15:35:39", "elapsed": 4274.558499, "delta": 0.003935}}
{"target": -13.40398273115684, "params": {"colsample_bytree": 0.5887596626350042, "eta": 0.08765523415313539, "gamma": 250.44462947853074, "max_depth": 6.0, "min_child_weight": 4019.3547919718794, "num_boost_round": 7.0, "subsample": 0.637193348917218}, "datetime": {"datetime": "2024-01-20 15:35:39", "elapsed": 4274.562205, "delta": 0.003706}}
{"target": -13.405210869853907, "params": {"colsample_bytree": 0.5887596626350042, "eta": 0.08765523415313539, "gamma": 250.44462947853074, "max_depth": 6.0, "min_child_weight": 4019.3547919718794, "num_boost_round": 8.0, "subsample": 0.637193348917218}, "datetime": {"datetime": "2024-01-20 15:35:39", "elapsed": 4274.565954, "delta": 0.003749}}
{"target": -13.406131209418572, "params": {"colsample_bytree": 0.5887596626350042, "eta": 0.08765523415313539, "gamma": 250.44462947853074, "max_depth": 6.0, "min_child_weight": 4019.3547919718794, "num_boost_round": 9.0, "subsample": 0.637193348917218}, "datetime": {"datetime": "2024-01-20 15:35:39", "elapsed": 4274.569775, "delta": 0.003821}}
{"target": -13.407132355499641, "params": {"colsample_bytree": 0.5887596626350042, "eta": 0.08765523415313539, "gamma": 250.44462947853074, "max_depth": 6.0, "min_child_weight": 4019.3547919718794, "num_boost_round": 10.0, "subsample": 0.637193348917218}, "datetime": {"datetime": "2024-01-20 15:35:39", "elapsed": 4274.574178, "delta": 0.004403}}
{"target": -13.408120363934659, "params": {"colsample_bytree": 0.5887596626350042, "eta": 0.08765523415313539, "gamma": 250.44462947853074, "max_depth": 6.0, "min_child_weight": 4019.3547919718794, "num_boost_round": 11.0, "subsample": 0.637193348917218}, "datetime": {"datetime": "2024-01-20 15:35:39", "elapsed": 4274.579989, "delta": 0.005811}}
