{"target": -10.305861212027303, "params": {"colsample_bytree": 0.4178079874889358, "eta": 0.06489311719115483, "gamma": 357.0849538408813, "max_depth": 9.0, "min_child_weight": 4874.21598150917, "num_boost_round": 27.0, "subsample": 0.5415396017653893}, "datetime": {"datetime": "2024-01-20 16:53:56", "elapsed": 12734.579299, "delta": 0.00792}}
{"target": -10.306178660608941, "params": {"colsample_bytree": 0.4178079874889358, "eta": 0.06489311719115483, "gamma": 357.0849538408813, "max_depth": 9.0, "min_child_weight": 4874.21598150917, "num_boost_round": 28.0, "subsample": 0.5415396017653893}, "datetime": {"datetime": "2024-01-20 16:53:56", "elapsed": 12734.588832, "delta": 0.009533}}
{"target": -10.306655543124855, "params": {"colsample_bytree": 0.4178079874889358, "eta": 0.06489311719115483, "gamma": 357.0849538408813, "max_depth": 9.0, "min_child_weight": 4874.21598150917, "num_boost_round": 29.0, "subsample": 0.5415396017653893}, "datetime": {"datetime": "2024-01-20 16:53:56", "elapsed": 12734.597667, "delta": 0.008835}}
{"target": -10.30688542039904, "params": {"colsample_bytree": 0.4178079874889358, "eta": 0.06489311719115483, "gamma": 357.0849538408813, "max_depth": 9.0, "min_child_weight": 4874.21598150917, "num_boost_round": 30.0, "subsample": 0.5415396017653893}, "datetime": {"datetime": "2024-01-20 16:53:56", "elapsed": 12734.606571, "delta": 0.008904}}
{"target": -10.307185076632734, "params": {"colsample_bytree": 0.4178079874889358, "eta": 0.06489311719115483, "gamma": 357.0849538408813, "max_depth": 9.0, "min_child_weight": 4874.21598150917, "num_boost_round": 31.0, "subsample": 0.5415396017653893}, "datetime": {"datetime": "2024-01-20 16:53:56", "elapsed": 12734.615022, "delta": 0.008451}}
{"target": -10.307746629058006, "params": {"colsample_bytree": 0.4178079874889358, "eta": 0.06489311719115483, "gamma": 357.0849538408813, "max_depth": 9.0, "min_child_weight": 4874.21598150917, "num_boost_round": 32.0, "subsample": 0.5415396017653893}, "datetime": {"datetime": "2024-01-20 16:53:56", "elapsed": 12734.623598, "delta": 0.008576}}
{"target": -10.308396375512215, "params": {"colsample_bytree": 0.4178079874889358, "eta": 0.06489311719115483, "gamma": 357.0849538408813, "max_depth": 9.0, "min_child_weight": 4874.21598150917, "num_boost_round": 33.0, "subsample": 0.5415396017653893}, "datetime": {"datetime": "2024-01-20 16:53:56", "elapsed": 12734.63209, "delta": 0.008492}}
{"target": -10.308536165339817, "params": {"colsample_bytree": 0.4178079874889358, "eta": 0.06489311719115483, "gamma": 357.0849538408813, "max_depth": 9.0, "min_child_weight": 4874.21598150917, "num_boost_round": 34.0, "subsample": 0.5415396017653893}, "datetime": {"datetime": "2024-01-20 16:53:56", "elapsed": 12734.640368, "delta": 0.008278}}
{"target": -10.308634848924424, "params": {"colsample_bytree": 0.4178079874889358, "eta": 0.06489311719115483, "gamma": 357.0849538408813, "max_depth": 9.0, "min_child_weight": 4874.21598150917, "num_boost_round": 35.0, "subsample": 0.5415396017653893}, "datetime": {"datetime": "2024-01-20 16:53:56", "elapsed": 12734.648485, "delta": 0.008117}}
{"target": -10.298439289226376, "params": {"colsample_bytree": 0.884272423821263, "eta": 0.046881616532340444, "gamma": 411.33860913059203, "max_depth": 2.0, "min_child_weight": 4992.097236114822, "num_boost_round": 1.0, "subsample": 0.34677367995440056}, "datetime": {"datetime": "2024-01-20 16:55:16", "elapsed": 12814.436395, "delta": 79.78791}}
{"target": -10.298305403914846, "params": {"colsample_bytree": 0.884272423821263, "eta": 0.046881616532340444, "gamma": 411.33860913059203, "max_depth": 2.0, "min_child_weight": 4992.097236114822, "num_boost_round": 2.0, "subsample": 0.34677367995440056}, "datetime": {"datetime": "2024-01-20 16:55:16", "elapsed": 12814.446424, "delta": 0.010029}}
{"target": -10.298481783621632, "params": {"colsample_bytree": 0.884272423821263, "eta": 0.046881616532340444, "gamma": 411.33860913059203, "max_depth": 2.0, "min_child_weight": 4992.097236114822, "num_boost_round": 3.0, "subsample": 0.34677367995440056}, "datetime": {"datetime": "2024-01-20 16:55:16", "elapsed": 12814.455488, "delta": 0.009064}}
{"target": -10.29864125158332, "params": {"colsample_bytree": 0.884272423821263, "eta": 0.046881616532340444, "gamma": 411.33860913059203, "max_depth": 2.0, "min_child_weight": 4992.097236114822, "num_boost_round": 4.0, "subsample": 0.34677367995440056}, "datetime": {"datetime": "2024-01-20 16:55:16", "elapsed": 12814.462475, "delta": 0.006987}}
{"target": -10.298860605511809, "params": {"colsample_bytree": 0.884272423821263, "eta": 0.046881616532340444, "gamma": 411.33860913059203, "max_depth": 2.0, "min_child_weight": 4992.097236114822, "num_boost_round": 5.0, "subsample": 0.34677367995440056}, "datetime": {"datetime": "2024-01-20 16:55:16", "elapsed": 12814.469429, "delta": 0.006954}}
{"target": -10.299168151646665, "params": {"colsample_bytree": 0.884272423821263, "eta": 0.046881616532340444, "gamma": 411.33860913059203, "max_depth": 2.0, "min_child_weight": 4992.097236114822, "num_boost_round": 6.0, "subsample": 0.34677367995440056}, "datetime": {"datetime": "2024-01-20 16:55:16", "elapsed": 12814.475927, "delta": 0.006498}}
{"target": -10.299344885972967, "params": {"colsample_bytree": 0.884272423821263, "eta": 0.046881616532340444, "gamma": 411.33860913059203, "max_depth": 2.0, "min_child_weight": 4992.097236114822, "num_boost_round": 7.0, "subsample": 0.34677367995440056}, "datetime": {"datetime": "2024-01-20 16:55:16", "elapsed": 12814.481525, "delta": 0.005598}}
{"target": -10.299607860394389, "params": {"colsample_bytree": 0.884272423821263, "eta": 0.046881616532340444, "gamma": 411.33860913059203, "max_depth": 2.0, "min_child_weight": 4992.097236114822, "num_boost_round": 8.0, "subsample": 0.34677367995440056}, "datetime": {"datetime": "2024-01-20 16:55:16", "elapsed": 12814.486894, "delta": 0.005369}}
{"target": -10.299885455024643, "params": {"colsample_bytree": 0.884272423821263, "eta": 0.046881616532340444, "gamma": 411.33860913059203, "max_depth": 2.0, "min_child_weight": 4992.097236114822, "num_boost_round": 9.0, "subsample": 0.34677367995440056}, "datetime": {"datetime": "2024-01-20 16:55:16", "elapsed": 12814.492177, "delta": 0.005283}}
{"target": -10.300131022354492, "params": {"colsample_bytree": 0.884272423821263, "eta": 0.046881616532340444, "gamma": 411.33860913059203, "max_depth": 2.0, "min_child_weight": 4992.097236114822, "num_boost_round": 10.0, "subsample": 0.34677367995440056}, "datetime": {"datetime": "2024-01-20 16:55:16", "elapsed": 12814.497406, "delta": 0.005229}}
{"target": -10.30047492151363, "params": {"colsample_bytree": 0.884272423821263, "eta": 0.046881616532340444, "gamma": 411.33860913059203, "max_depth": 2.0, "min_child_weight": 4992.097236114822, "num_boost_round": 11.0, "subsample": 0.34677367995440056}, "datetime": {"datetime": "2024-01-20 16:55:16", "elapsed": 12814.503029, "delta": 0.005623}}
{"target": -10.30060129250548, "params": {"colsample_bytree": 0.884272423821263, "eta": 0.046881616532340444, "gamma": 411.33860913059203, "max_depth": 2.0, "min_child_weight": 4992.097236114822, "num_boost_round": 12.0, "subsample": 0.34677367995440056}, "datetime": {"datetime": "2024-01-20 16:55:16", "elapsed": 12814.508743, "delta": 0.005714}}
{"target": -10.300570036692978, "params": {"colsample_bytree": 0.884272423821263, "eta": 0.046881616532340444, "gamma": 411.33860913059203, "max_depth": 2.0, "min_child_weight": 4992.097236114822, "num_boost_round": 13.0, "subsample": 0.34677367995440056}, "datetime": {"datetime": "2024-01-20 16:55:16", "elapsed": 12814.514039, "delta": 0.005296}}
{"target": -10.300653950454036, "params": {"colsample_bytree": 0.884272423821263, "eta": 0.046881616532340444, "gamma": 411.33860913059203, "max_depth": 2.0, "min_child_weight": 4992.097236114822, "num_boost_round": 14.0, "subsample": 0.34677367995440056}, "datetime": {"datetime": "2024-01-20 16:55:16", "elapsed": 12814.519262, "delta": 0.005223}}
{"target": -10.300849318144703, "params": {"colsample_bytree": 0.884272423821263, "eta": 0.046881616532340444, "gamma": 411.33860913059203, "max_depth": 2.0, "min_child_weight": 4992.097236114822, "num_boost_round": 15.0, "subsample": 0.34677367995440056}, "datetime": {"datetime": "2024-01-20 16:55:16", "elapsed": 12814.524512, "delta": 0.00525}}
{"target": -10.300998386445986, "params": {"colsample_bytree": 0.884272423821263, "eta": 0.046881616532340444, "gamma": 411.33860913059203, "max_depth": 2.0, "min_child_weight": 4992.097236114822, "num_boost_round": 16.0, "subsample": 0.34677367995440056}, "datetime": {"datetime": "2024-01-20 16:55:16", "elapsed": 12814.529953, "delta": 0.005441}}
{"target": -10.301336763916929, "params": {"colsample_bytree": 0.884272423821263, "eta": 0.046881616532340444, "gamma": 411.33860913059203, "max_depth": 2.0, "min_child_weight": 4992.097236114822, "num_boost_round": 17.0, "subsample": 0.34677367995440056}, "datetime": {"datetime": "2024-01-20 16:55:16", "elapsed": 12814.535331, "delta": 0.005378}}
{"target": -10.301328073498489, "params": {"colsample_bytree": 0.884272423821263, "eta": 0.046881616532340444, "gamma": 411.33860913059203, "max_depth": 2.0, "min_child_weight": 4992.097236114822, "num_boost_round": 18.0, "subsample": 0.34677367995440056}, "datetime": {"datetime": "2024-01-20 16:55:16", "elapsed": 12814.540882, "delta": 0.005551}}
{"target": -10.301454049119577, "params": {"colsample_bytree": 0.884272423821263, "eta": 0.046881616532340444, "gamma": 411.33860913059203, "max_depth": 2.0, "min_child_weight": 4992.097236114822, "num_boost_round": 19.0, "subsample": 0.34677367995440056}, "datetime": {"datetime": "2024-01-20 16:55:16", "elapsed": 12814.545952, "delta": 0.00507}}
{"target": -10.301565234383565, "params": {"colsample_bytree": 0.884272423821263, "eta": 0.046881616532340444, "gamma": 411.33860913059203, "max_depth": 2.0, "min_child_weight": 4992.097236114822, "num_boost_round": 20.0, "subsample": 0.34677367995440056}, "datetime": {"datetime": "2024-01-20 16:55:16", "elapsed": 12814.551224, "delta": 0.005272}}
{"target": -10.301681926731618, "params": {"colsample_bytree": 0.884272423821263, "eta": 0.046881616532340444, "gamma": 411.33860913059203, "max_depth": 2.0, "min_child_weight": 4992.097236114822, "num_boost_round": 21.0, "subsample": 0.34677367995440056}, "datetime": {"datetime": "2024-01-20 16:55:16", "elapsed": 12814.556543, "delta": 0.005319}}
{"target": -10.298242182901163, "params": {"colsample_bytree": 0.39234805695481256, "eta": 0.0970517695849491, "gamma": 550.5253413737952, "max_depth": 3.0, "min_child_weight": 3453.8977598998977, "num_boost_round": 1.0, "subsample": 0.9408220255824613}, "datetime": {"datetime": "2024-01-20 16:56:30", "elapsed": 12888.378097, "delta": 73.821554}}
{"target": -10.29843218171478, "params": {"colsample_bytree": 0.39234805695481256, "eta": 0.0970517695849491, "gamma": 550.5253413737952, "max_depth": 3.0, "min_child_weight": 3453.8977598998977, "num_boost_round": 2.0, "subsample": 0.9408220255824613}, "datetime": {"datetime": "2024-01-20 16:56:30", "elapsed": 12888.388619, "delta": 0.010522}}
{"target": -10.29881983776002, "params": {"colsample_bytree": 0.39234805695481256, "eta": 0.0970517695849491, "gamma": 550.5253413737952, "max_depth": 3.0, "min_child_weight": 3453.8977598998977, "num_boost_round": 3.0, "subsample": 0.9408220255824613}, "datetime": {"datetime": "2024-01-20 16:56:30", "elapsed": 12888.397244, "delta": 0.008625}}
{"target": -10.299598067871198, "params": {"colsample_bytree": 0.39234805695481256, "eta": 0.0970517695849491, "gamma": 550.5253413737952, "max_depth": 3.0, "min_child_weight": 3453.8977598998977, "num_boost_round": 4.0, "subsample": 0.9408220255824613}, "datetime": {"datetime": "2024-01-20 16:56:30", "elapsed": 12888.405817, "delta": 0.008573}}
{"target": -10.300276589703522, "params": {"colsample_bytree": 0.39234805695481256, "eta": 0.0970517695849491, "gamma": 550.5253413737952, "max_depth": 3.0, "min_child_weight": 3453.8977598998977, "num_boost_round": 5.0, "subsample": 0.9408220255824613}, "datetime": {"datetime": "2024-01-20 16:56:30", "elapsed": 12888.41442, "delta": 0.008603}}
{"target": -10.300405886319563, "params": {"colsample_bytree": 0.39234805695481256, "eta": 0.0970517695849491, "gamma": 550.5253413737952, "max_depth": 3.0, "min_child_weight": 3453.8977598998977, "num_boost_round": 6.0, "subsample": 0.9408220255824613}, "datetime": {"datetime": "2024-01-20 16:56:30", "elapsed": 12888.422872, "delta": 0.008452}}
{"target": -10.30094358447704, "params": {"colsample_bytree": 0.39234805695481256, "eta": 0.0970517695849491, "gamma": 550.5253413737952, "max_depth": 3.0, "min_child_weight": 3453.8977598998977, "num_boost_round": 7.0, "subsample": 0.9408220255824613}, "datetime": {"datetime": "2024-01-20 16:56:30", "elapsed": 12888.431387, "delta": 0.008515}}
{"target": -10.301725610194339, "params": {"colsample_bytree": 0.39234805695481256, "eta": 0.0970517695849491, "gamma": 550.5253413737952, "max_depth": 3.0, "min_child_weight": 3453.8977598998977, "num_boost_round": 8.0, "subsample": 0.9408220255824613}, "datetime": {"datetime": "2024-01-20 16:56:30", "elapsed": 12888.440086, "delta": 0.008699}}
{"target": -10.30220317940346, "params": {"colsample_bytree": 0.39234805695481256, "eta": 0.0970517695849491, "gamma": 550.5253413737952, "max_depth": 3.0, "min_child_weight": 3453.8977598998977, "num_boost_round": 9.0, "subsample": 0.9408220255824613}, "datetime": {"datetime": "2024-01-20 16:56:30", "elapsed": 12888.447883, "delta": 0.007797}}
{"target": -10.30315738855752, "params": {"colsample_bytree": 0.39234805695481256, "eta": 0.0970517695849491, "gamma": 550.5253413737952, "max_depth": 3.0, "min_child_weight": 3453.8977598998977, "num_boost_round": 10.0, "subsample": 0.9408220255824613}, "datetime": {"datetime": "2024-01-20 16:56:30", "elapsed": 12888.455984, "delta": 0.008101}}
{"target": -10.303544567791581, "params": {"colsample_bytree": 0.39234805695481256, "eta": 0.0970517695849491, "gamma": 550.5253413737952, "max_depth": 3.0, "min_child_weight": 3453.8977598998977, "num_boost_round": 11.0, "subsample": 0.9408220255824613}, "datetime": {"datetime": "2024-01-20 16:56:30", "elapsed": 12888.46427, "delta": 0.008286}}
{"target": -10.303975854940225, "params": {"colsample_bytree": 0.39234805695481256, "eta": 0.0970517695849491, "gamma": 550.5253413737952, "max_depth": 3.0, "min_child_weight": 3453.8977598998977, "num_boost_round": 12.0, "subsample": 0.9408220255824613}, "datetime": {"datetime": "2024-01-20 16:56:30", "elapsed": 12888.472357, "delta": 0.008087}}
{"target": -10.298514881568563, "params": {"colsample_bytree": 0.7030556063593382, "eta": 0.0030599898124789235, "gamma": 450.1812362992785, "max_depth": 6.0, "min_child_weight": 3753.5430663878947, "num_boost_round": 1.0, "subsample": 0.8180293249679119}, "datetime": {"datetime": "2024-01-20 16:58:00", "elapsed": 12978.552046, "delta": 90.079689}}
{"target": -10.298517033080934, "params": {"colsample_bytree": 0.7030556063593382, "eta": 0.0030599898124789235, "gamma": 450.1812362992785, "max_depth": 6.0, "min_child_weight": 3753.5430663878947, "num_boost_round": 2.0, "subsample": 0.8180293249679119}, "datetime": {"datetime": "2024-01-20 16:58:00", "elapsed": 12978.566044, "delta": 0.013998}}
{"target": -10.298332233403876, "params": {"colsample_bytree": 0.8672163216670663, "eta": 0.013127634799439847, "gamma": 663.5103116592131, "max_depth": 7.0, "min_child_weight": 4888.458067932625, "num_boost_round": 1.0, "subsample": 0.10215149621618885}, "datetime": {"datetime": "2024-01-20 17:00:25", "elapsed": 13123.45681, "delta": 144.890766}}
{"target": -10.298178372863006, "params": {"colsample_bytree": 0.8672163216670663, "eta": 0.013127634799439847, "gamma": 663.5103116592131, "max_depth": 7.0, "min_child_weight": 4888.458067932625, "num_boost_round": 2.0, "subsample": 0.10215149621618885}, "datetime": {"datetime": "2024-01-20 17:00:25", "elapsed": 13123.467743, "delta": 0.010933}}
{"target": -10.298069668764423, "params": {"colsample_bytree": 0.8672163216670663, "eta": 0.013127634799439847, "gamma": 663.5103116592131, "max_depth": 7.0, "min_child_weight": 4888.458067932625, "num_boost_round": 3.0, "subsample": 0.10215149621618885}, "datetime": {"datetime": "2024-01-20 17:00:25", "elapsed": 13123.478564, "delta": 0.010821}}
{"target": -10.297901446919923, "params": {"colsample_bytree": 0.8672163216670663, "eta": 0.013127634799439847, "gamma": 663.5103116592131, "max_depth": 7.0, "min_child_weight": 4888.458067932625, "num_boost_round": 4.0, "subsample": 0.10215149621618885}, "datetime": {"datetime": "2024-01-20 17:00:25", "elapsed": 13123.488967, "delta": 0.010403}}
{"target": -10.297747166039825, "params": {"colsample_bytree": 0.8672163216670663, "eta": 0.013127634799439847, "gamma": 663.5103116592131, "max_depth": 7.0, "min_child_weight": 4888.458067932625, "num_boost_round": 5.0, "subsample": 0.10215149621618885}, "datetime": {"datetime": "2024-01-20 17:00:25", "elapsed": 13123.498005, "delta": 0.009038}}
{"target": -10.297622412092498, "params": {"colsample_bytree": 0.8672163216670663, "eta": 0.013127634799439847, "gamma": 663.5103116592131, "max_depth": 7.0, "min_child_weight": 4888.458067932625, "num_boost_round": 6.0, "subsample": 0.10215149621618885}, "datetime": {"datetime": "2024-01-20 17:00:25", "elapsed": 13123.506506, "delta": 0.008501}}
{"target": -10.297471279118643, "params": {"colsample_bytree": 0.8672163216670663, "eta": 0.013127634799439847, "gamma": 663.5103116592131, "max_depth": 7.0, "min_child_weight": 4888.458067932625, "num_boost_round": 7.0, "subsample": 0.10215149621618885}, "datetime": {"datetime": "2024-01-20 17:00:25", "elapsed": 13123.515207, "delta": 0.008701}}
{"target": -10.297291272938406, "params": {"colsample_bytree": 0.8672163216670663, "eta": 0.013127634799439847, "gamma": 663.5103116592131, "max_depth": 7.0, "min_child_weight": 4888.458067932625, "num_boost_round": 8.0, "subsample": 0.10215149621618885}, "datetime": {"datetime": "2024-01-20 17:00:25", "elapsed": 13123.525679, "delta": 0.010472}}
{"target": -10.29713631148497, "params": {"colsample_bytree": 0.8672163216670663, "eta": 0.013127634799439847, "gamma": 663.5103116592131, "max_depth": 7.0, "min_child_weight": 4888.458067932625, "num_boost_round": 9.0, "subsample": 0.10215149621618885}, "datetime": {"datetime": "2024-01-20 17:00:25", "elapsed": 13123.535982, "delta": 0.010303}}
{"target": -10.296990813510146, "params": {"colsample_bytree": 0.8672163216670663, "eta": 0.013127634799439847, "gamma": 663.5103116592131, "max_depth": 7.0, "min_child_weight": 4888.458067932625, "num_boost_round": 10.0, "subsample": 0.10215149621618885}, "datetime": {"datetime": "2024-01-20 17:00:25", "elapsed": 13123.54521, "delta": 0.009228}}
{"target": -10.298265994097026, "params": {"colsample_bytree": 0.22483777847481828, "eta": 0.06489113192896097, "gamma": 688.6826216651232, "max_depth": 2.0, "min_child_weight": 4916.70443150397, "num_boost_round": 1.0, "subsample": 0.9576365735447954}, "datetime": {"datetime": "2024-01-20 17:03:36", "elapsed": 13313.934632, "delta": 190.389422}}
{"target": -10.298334450155792, "params": {"colsample_bytree": 0.22483777847481828, "eta": 0.06489113192896097, "gamma": 688.6826216651232, "max_depth": 2.0, "min_child_weight": 4916.70443150397, "num_boost_round": 2.0, "subsample": 0.9576365735447954}, "datetime": {"datetime": "2024-01-20 17:03:36", "elapsed": 13313.948732, "delta": 0.0141}}
{"target": -10.298531665010001, "params": {"colsample_bytree": 0.22483777847481828, "eta": 0.06489113192896097, "gamma": 688.6826216651232, "max_depth": 2.0, "min_child_weight": 4916.70443150397, "num_boost_round": 3.0, "subsample": 0.9576365735447954}, "datetime": {"datetime": "2024-01-20 17:03:36", "elapsed": 13313.960223, "delta": 0.011491}}
{"target": -10.298662195568326, "params": {"colsample_bytree": 0.22483777847481828, "eta": 0.06489113192896097, "gamma": 688.6826216651232, "max_depth": 2.0, "min_child_weight": 4916.70443150397, "num_boost_round": 4.0, "subsample": 0.9576365735447954}, "datetime": {"datetime": "2024-01-20 17:03:36", "elapsed": 13313.972303, "delta": 0.01208}}
{"target": -10.298975057735708, "params": {"colsample_bytree": 0.22483777847481828, "eta": 0.06489113192896097, "gamma": 688.6826216651232, "max_depth": 2.0, "min_child_weight": 4916.70443150397, "num_boost_round": 5.0, "subsample": 0.9576365735447954}, "datetime": {"datetime": "2024-01-20 17:03:36", "elapsed": 13313.983626, "delta": 0.011323}}
{"target": -10.299512811083329, "params": {"colsample_bytree": 0.22483777847481828, "eta": 0.06489113192896097, "gamma": 688.6826216651232, "max_depth": 2.0, "min_child_weight": 4916.70443150397, "num_boost_round": 6.0, "subsample": 0.9576365735447954}, "datetime": {"datetime": "2024-01-20 17:03:36", "elapsed": 13313.993586, "delta": 0.00996}}
{"target": -10.299921906143519, "params": {"colsample_bytree": 0.22483777847481828, "eta": 0.06489113192896097, "gamma": 688.6826216651232, "max_depth": 2.0, "min_child_weight": 4916.70443150397, "num_boost_round": 7.0, "subsample": 0.9576365735447954}, "datetime": {"datetime": "2024-01-20 17:03:36", "elapsed": 13314.003963, "delta": 0.010377}}
{"target": -10.300328852141512, "params": {"colsample_bytree": 0.22483777847481828, "eta": 0.06489113192896097, "gamma": 688.6826216651232, "max_depth": 2.0, "min_child_weight": 4916.70443150397, "num_boost_round": 8.0, "subsample": 0.9576365735447954}, "datetime": {"datetime": "2024-01-20 17:03:36", "elapsed": 13314.015258, "delta": 0.011295}}
{"target": -10.300190378264576, "params": {"colsample_bytree": 0.22483777847481828, "eta": 0.06489113192896097, "gamma": 688.6826216651232, "max_depth": 2.0, "min_child_weight": 4916.70443150397, "num_boost_round": 9.0, "subsample": 0.9576365735447954}, "datetime": {"datetime": "2024-01-20 17:03:36", "elapsed": 13314.026565, "delta": 0.011307}}
