{"target": -13.733969333337615, "params": {"colsample_bytree": 0.8902605089660319, "eta": 0.03847718268625165, "gamma": 1.1091895218263703, "max_depth": 3.0, "min_child_weight": 4616.466551594648, "num_boost_round": 5.0, "subsample": 0.20833616780419165}, "datetime": {"datetime": "2024-01-20 17:17:51", "elapsed": 10432.024548, "delta": 0.003266}}
{"target": -13.734683995247575, "params": {"colsample_bytree": 0.8902605089660319, "eta": 0.03847718268625165, "gamma": 1.1091895218263703, "max_depth": 3.0, "min_child_weight": 4616.466551594648, "num_boost_round": 6.0, "subsample": 0.20833616780419165}, "datetime": {"datetime": "2024-01-20 17:17:51", "elapsed": 10432.027875, "delta": 0.003327}}
{"target": -13.735332645449077, "params": {"colsample_bytree": 0.8902605089660319, "eta": 0.03847718268625165, "gamma": 1.1091895218263703, "max_depth": 3.0, "min_child_weight": 4616.466551594648, "num_boost_round": 7.0, "subsample": 0.20833616780419165}, "datetime": {"datetime": "2024-01-20 17:17:51", "elapsed": 10432.031263, "delta": 0.003388}}
{"target": -13.7359370611324, "params": {"colsample_bytree": 0.8902605089660319, "eta": 0.03847718268625165, "gamma": 1.1091895218263703, "max_depth": 3.0, "min_child_weight": 4616.466551594648, "num_boost_round": 8.0, "subsample": 0.20833616780419165}, "datetime": {"datetime": "2024-01-20 17:17:51", "elapsed": 10432.034601, "delta": 0.003338}}
{"target": -13.7365938433672, "params": {"colsample_bytree": 0.8902605089660319, "eta": 0.03847718268625165, "gamma": 1.1091895218263703, "max_depth": 3.0, "min_child_weight": 4616.466551594648, "num_boost_round": 9.0, "subsample": 0.20833616780419165}, "datetime": {"datetime": "2024-01-20 17:17:51", "elapsed": 10432.038593, "delta": 0.003992}}
{"target": -13.73729042945592, "params": {"colsample_bytree": 0.8902605089660319, "eta": 0.03847718268625165, "gamma": 1.1091895218263703, "max_depth": 3.0, "min_child_weight": 4616.466551594648, "num_boost_round": 10.0, "subsample": 0.20833616780419165}, "datetime": {"datetime": "2024-01-20 17:17:51", "elapsed": 10432.042073, "delta": 0.00348}}
{"target": -13.737830619193062, "params": {"colsample_bytree": 0.8902605089660319, "eta": 0.03847718268625165, "gamma": 1.1091895218263703, "max_depth": 3.0, "min_child_weight": 4616.466551594648, "num_boost_round": 11.0, "subsample": 0.20833616780419165}, "datetime": {"datetime": "2024-01-20 17:17:51", "elapsed": 10432.045604, "delta": 0.003531}}
{"target": -13.738432220692854, "params": {"colsample_bytree": 0.8902605089660319, "eta": 0.03847718268625165, "gamma": 1.1091895218263703, "max_depth": 3.0, "min_child_weight": 4616.466551594648, "num_boost_round": 12.0, "subsample": 0.20833616780419165}, "datetime": {"datetime": "2024-01-20 17:17:51", "elapsed": 10432.048943, "delta": 0.003339}}
{"target": -13.73895063752568, "params": {"colsample_bytree": 0.8902605089660319, "eta": 0.03847718268625165, "gamma": 1.1091895218263703, "max_depth": 3.0, "min_child_weight": 4616.466551594648, "num_boost_round": 13.0, "subsample": 0.20833616780419165}, "datetime": {"datetime": "2024-01-20 17:17:51", "elapsed": 10432.052243, "delta": 0.0033}}
{"target": -13.739458964577937, "params": {"colsample_bytree": 0.8902605089660319, "eta": 0.03847718268625165, "gamma": 1.1091895218263703, "max_depth": 3.0, "min_child_weight": 4616.466551594648, "num_boost_round": 14.0, "subsample": 0.20833616780419165}, "datetime": {"datetime": "2024-01-20 17:17:51", "elapsed": 10432.055576, "delta": 0.003333}}
{"target": -13.740087030432662, "params": {"colsample_bytree": 0.8902605089660319, "eta": 0.03847718268625165, "gamma": 1.1091895218263703, "max_depth": 3.0, "min_child_weight": 4616.466551594648, "num_boost_round": 15.0, "subsample": 0.20833616780419165}, "datetime": {"datetime": "2024-01-20 17:17:51", "elapsed": 10432.058952, "delta": 0.003376}}
{"target": -13.74055277044722, "params": {"colsample_bytree": 0.8902605089660319, "eta": 0.03847718268625165, "gamma": 1.1091895218263703, "max_depth": 3.0, "min_child_weight": 4616.466551594648, "num_boost_round": 16.0, "subsample": 0.20833616780419165}, "datetime": {"datetime": "2024-01-20 17:17:51", "elapsed": 10432.06228, "delta": 0.003328}}
{"target": -13.74098457876699, "params": {"colsample_bytree": 0.8902605089660319, "eta": 0.03847718268625165, "gamma": 1.1091895218263703, "max_depth": 3.0, "min_child_weight": 4616.466551594648, "num_boost_round": 17.0, "subsample": 0.20833616780419165}, "datetime": {"datetime": "2024-01-20 17:17:51", "elapsed": 10432.065585, "delta": 0.003305}}
{"target": -13.741501235662746, "params": {"colsample_bytree": 0.8902605089660319, "eta": 0.03847718268625165, "gamma": 1.1091895218263703, "max_depth": 3.0, "min_child_weight": 4616.466551594648, "num_boost_round": 18.0, "subsample": 0.20833616780419165}, "datetime": {"datetime": "2024-01-20 17:17:51", "elapsed": 10432.068853, "delta": 0.003268}}
{"target": -13.741942744811869, "params": {"colsample_bytree": 0.8902605089660319, "eta": 0.03847718268625165, "gamma": 1.1091895218263703, "max_depth": 3.0, "min_child_weight": 4616.466551594648, "num_boost_round": 19.0, "subsample": 0.20833616780419165}, "datetime": {"datetime": "2024-01-20 17:17:51", "elapsed": 10432.072124, "delta": 0.003271}}
{"target": -13.74251227427556, "params": {"colsample_bytree": 0.8902605089660319, "eta": 0.03847718268625165, "gamma": 1.1091895218263703, "max_depth": 3.0, "min_child_weight": 4616.466551594648, "num_boost_round": 20.0, "subsample": 0.20833616780419165}, "datetime": {"datetime": "2024-01-20 17:17:51", "elapsed": 10432.075426, "delta": 0.003302}}
{"target": -13.742769668075127, "params": {"colsample_bytree": 0.8902605089660319, "eta": 0.03847718268625165, "gamma": 1.1091895218263703, "max_depth": 3.0, "min_child_weight": 4616.466551594648, "num_boost_round": 21.0, "subsample": 0.20833616780419165}, "datetime": {"datetime": "2024-01-20 17:17:51", "elapsed": 10432.078722, "delta": 0.003296}}
{"target": -13.743050154860757, "params": {"colsample_bytree": 0.8902605089660319, "eta": 0.03847718268625165, "gamma": 1.1091895218263703, "max_depth": 3.0, "min_child_weight": 4616.466551594648, "num_boost_round": 22.0, "subsample": 0.20833616780419165}, "datetime": {"datetime": "2024-01-20 17:17:51", "elapsed": 10432.08203, "delta": 0.003308}}
{"target": -13.743527505361387, "params": {"colsample_bytree": 0.8902605089660319, "eta": 0.03847718268625165, "gamma": 1.1091895218263703, "max_depth": 3.0, "min_child_weight": 4616.466551594648, "num_boost_round": 23.0, "subsample": 0.20833616780419165}, "datetime": {"datetime": "2024-01-20 17:17:51", "elapsed": 10432.085324, "delta": 0.003294}}
{"target": -13.744030176398859, "params": {"colsample_bytree": 0.8902605089660319, "eta": 0.03847718268625165, "gamma": 1.1091895218263703, "max_depth": 3.0, "min_child_weight": 4616.466551594648, "num_boost_round": 24.0, "subsample": 0.20833616780419165}, "datetime": {"datetime": "2024-01-20 17:17:51", "elapsed": 10432.088617, "delta": 0.003293}}
{"target": -13.744414001379853, "params": {"colsample_bytree": 0.8902605089660319, "eta": 0.03847718268625165, "gamma": 1.1091895218263703, "max_depth": 3.0, "min_child_weight": 4616.466551594648, "num_boost_round": 25.0, "subsample": 0.20833616780419165}, "datetime": {"datetime": "2024-01-20 17:17:51", "elapsed": 10432.091926, "delta": 0.003309}}
{"target": -13.744861641021222, "params": {"colsample_bytree": 0.8902605089660319, "eta": 0.03847718268625165, "gamma": 1.1091895218263703, "max_depth": 3.0, "min_child_weight": 4616.466551594648, "num_boost_round": 26.0, "subsample": 0.20833616780419165}, "datetime": {"datetime": "2024-01-20 17:17:51", "elapsed": 10432.095218, "delta": 0.003292}}
{"target": -13.74485853778123, "params": {"colsample_bytree": 0.8902605089660319, "eta": 0.03847718268625165, "gamma": 1.1091895218263703, "max_depth": 3.0, "min_child_weight": 4616.466551594648, "num_boost_round": 27.0, "subsample": 0.20833616780419165}, "datetime": {"datetime": "2024-01-20 17:17:51", "elapsed": 10432.09848, "delta": 0.003262}}
{"target": -13.745352583050012, "params": {"colsample_bytree": 0.8902605089660319, "eta": 0.03847718268625165, "gamma": 1.1091895218263703, "max_depth": 3.0, "min_child_weight": 4616.466551594648, "num_boost_round": 28.0, "subsample": 0.20833616780419165}, "datetime": {"datetime": "2024-01-20 17:17:51", "elapsed": 10432.101754, "delta": 0.003274}}
{"target": -13.745682432057656, "params": {"colsample_bytree": 0.8902605089660319, "eta": 0.03847718268625165, "gamma": 1.1091895218263703, "max_depth": 3.0, "min_child_weight": 4616.466551594648, "num_boost_round": 29.0, "subsample": 0.20833616780419165}, "datetime": {"datetime": "2024-01-20 17:17:51", "elapsed": 10432.105052, "delta": 0.003298}}
{"target": -13.745991679207286, "params": {"colsample_bytree": 0.8902605089660319, "eta": 0.03847718268625165, "gamma": 1.1091895218263703, "max_depth": 3.0, "min_child_weight": 4616.466551594648, "num_boost_round": 30.0, "subsample": 0.20833616780419165}, "datetime": {"datetime": "2024-01-20 17:17:51", "elapsed": 10432.108308, "delta": 0.003256}}
{"target": -13.746503349086716, "params": {"colsample_bytree": 0.8902605089660319, "eta": 0.03847718268625165, "gamma": 1.1091895218263703, "max_depth": 3.0, "min_child_weight": 4616.466551594648, "num_boost_round": 31.0, "subsample": 0.20833616780419165}, "datetime": {"datetime": "2024-01-20 17:17:51", "elapsed": 10432.111572, "delta": 0.003264}}
{"target": -13.74682959802751, "params": {"colsample_bytree": 0.8902605089660319, "eta": 0.03847718268625165, "gamma": 1.1091895218263703, "max_depth": 3.0, "min_child_weight": 4616.466551594648, "num_boost_round": 32.0, "subsample": 0.20833616780419165}, "datetime": {"datetime": "2024-01-20 17:17:51", "elapsed": 10432.114876, "delta": 0.003304}}
{"target": -13.74726000676948, "params": {"colsample_bytree": 0.8902605089660319, "eta": 0.03847718268625165, "gamma": 1.1091895218263703, "max_depth": 3.0, "min_child_weight": 4616.466551594648, "num_boost_round": 33.0, "subsample": 0.20833616780419165}, "datetime": {"datetime": "2024-01-20 17:17:51", "elapsed": 10432.118156, "delta": 0.00328}}
{"target": -13.747504354345057, "params": {"colsample_bytree": 0.8902605089660319, "eta": 0.03847718268625165, "gamma": 1.1091895218263703, "max_depth": 3.0, "min_child_weight": 4616.466551594648, "num_boost_round": 34.0, "subsample": 0.20833616780419165}, "datetime": {"datetime": "2024-01-20 17:17:51", "elapsed": 10432.121475, "delta": 0.003319}}
{"target": -13.747963680542746, "params": {"colsample_bytree": 0.8902605089660319, "eta": 0.03847718268625165, "gamma": 1.1091895218263703, "max_depth": 3.0, "min_child_weight": 4616.466551594648, "num_boost_round": 35.0, "subsample": 0.20833616780419165}, "datetime": {"datetime": "2024-01-20 17:17:51", "elapsed": 10432.124753, "delta": 0.003278}}
{"target": -13.748412172477806, "params": {"colsample_bytree": 0.8902605089660319, "eta": 0.03847718268625165, "gamma": 1.1091895218263703, "max_depth": 3.0, "min_child_weight": 4616.466551594648, "num_boost_round": 36.0, "subsample": 0.20833616780419165}, "datetime": {"datetime": "2024-01-20 17:17:51", "elapsed": 10432.128027, "delta": 0.003274}}
{"target": -13.74867496319662, "params": {"colsample_bytree": 0.8902605089660319, "eta": 0.03847718268625165, "gamma": 1.1091895218263703, "max_depth": 3.0, "min_child_weight": 4616.466551594648, "num_boost_round": 37.0, "subsample": 0.20833616780419165}, "datetime": {"datetime": "2024-01-20 17:17:51", "elapsed": 10432.131332, "delta": 0.003305}}
{"target": -13.749221163044178, "params": {"colsample_bytree": 0.8902605089660319, "eta": 0.03847718268625165, "gamma": 1.1091895218263703, "max_depth": 3.0, "min_child_weight": 4616.466551594648, "num_boost_round": 38.0, "subsample": 0.20833616780419165}, "datetime": {"datetime": "2024-01-20 17:17:51", "elapsed": 10432.135558, "delta": 0.004226}}
{"target": -13.749393094272758, "params": {"colsample_bytree": 0.8902605089660319, "eta": 0.03847718268625165, "gamma": 1.1091895218263703, "max_depth": 3.0, "min_child_weight": 4616.466551594648, "num_boost_round": 39.0, "subsample": 0.20833616780419165}, "datetime": {"datetime": "2024-01-20 17:17:51", "elapsed": 10432.139143, "delta": 0.003585}}
{"target": -13.749609310478947, "params": {"colsample_bytree": 0.8902605089660319, "eta": 0.03847718268625165, "gamma": 1.1091895218263703, "max_depth": 3.0, "min_child_weight": 4616.466551594648, "num_boost_round": 40.0, "subsample": 0.20833616780419165}, "datetime": {"datetime": "2024-01-20 17:17:51", "elapsed": 10432.142553, "delta": 0.00341}}
{"target": -13.750030844703335, "params": {"colsample_bytree": 0.8902605089660319, "eta": 0.03847718268625165, "gamma": 1.1091895218263703, "max_depth": 3.0, "min_child_weight": 4616.466551594648, "num_boost_round": 41.0, "subsample": 0.20833616780419165}, "datetime": {"datetime": "2024-01-20 17:17:51", "elapsed": 10432.145875, "delta": 0.003322}}
{"target": -13.750595078254047, "params": {"colsample_bytree": 0.8902605089660319, "eta": 0.03847718268625165, "gamma": 1.1091895218263703, "max_depth": 3.0, "min_child_weight": 4616.466551594648, "num_boost_round": 42.0, "subsample": 0.20833616780419165}, "datetime": {"datetime": "2024-01-20 17:17:51", "elapsed": 10432.149163, "delta": 0.003288}}
{"target": -13.750846498861304, "params": {"colsample_bytree": 0.8902605089660319, "eta": 0.03847718268625165, "gamma": 1.1091895218263703, "max_depth": 3.0, "min_child_weight": 4616.466551594648, "num_boost_round": 43.0, "subsample": 0.20833616780419165}, "datetime": {"datetime": "2024-01-20 17:17:51", "elapsed": 10432.152449, "delta": 0.003286}}
{"target": -13.751161140511444, "params": {"colsample_bytree": 0.8902605089660319, "eta": 0.03847718268625165, "gamma": 1.1091895218263703, "max_depth": 3.0, "min_child_weight": 4616.466551594648, "num_boost_round": 44.0, "subsample": 0.20833616780419165}, "datetime": {"datetime": "2024-01-20 17:17:51", "elapsed": 10432.15588, "delta": 0.003431}}
{"target": -13.751697319389544, "params": {"colsample_bytree": 0.8902605089660319, "eta": 0.03847718268625165, "gamma": 1.1091895218263703, "max_depth": 3.0, "min_child_weight": 4616.466551594648, "num_boost_round": 45.0, "subsample": 0.20833616780419165}, "datetime": {"datetime": "2024-01-20 17:17:51", "elapsed": 10432.159341, "delta": 0.003461}}
{"target": -13.752056444135203, "params": {"colsample_bytree": 0.8902605089660319, "eta": 0.03847718268625165, "gamma": 1.1091895218263703, "max_depth": 3.0, "min_child_weight": 4616.466551594648, "num_boost_round": 46.0, "subsample": 0.20833616780419165}, "datetime": {"datetime": "2024-01-20 17:17:51", "elapsed": 10432.162783, "delta": 0.003442}}
{"target": -13.752442559244784, "params": {"colsample_bytree": 0.8902605089660319, "eta": 0.03847718268625165, "gamma": 1.1091895218263703, "max_depth": 3.0, "min_child_weight": 4616.466551594648, "num_boost_round": 47.0, "subsample": 0.20833616780419165}, "datetime": {"datetime": "2024-01-20 17:17:51", "elapsed": 10432.166186, "delta": 0.003403}}
{"target": -13.752756657259159, "params": {"colsample_bytree": 0.8902605089660319, "eta": 0.03847718268625165, "gamma": 1.1091895218263703, "max_depth": 3.0, "min_child_weight": 4616.466551594648, "num_boost_round": 48.0, "subsample": 0.20833616780419165}, "datetime": {"datetime": "2024-01-20 17:17:51", "elapsed": 10432.169587, "delta": 0.003401}}
{"target": -13.752923834470232, "params": {"colsample_bytree": 0.8902605089660319, "eta": 0.03847718268625165, "gamma": 1.1091895218263703, "max_depth": 3.0, "min_child_weight": 4616.466551594648, "num_boost_round": 49.0, "subsample": 0.20833616780419165}, "datetime": {"datetime": "2024-01-20 17:17:51", "elapsed": 10432.172984, "delta": 0.003397}}
{"target": -13.753184071527281, "params": {"colsample_bytree": 0.8902605089660319, "eta": 0.03847718268625165, "gamma": 1.1091895218263703, "max_depth": 3.0, "min_child_weight": 4616.466551594648, "num_boost_round": 50.0, "subsample": 0.20833616780419165}, "datetime": {"datetime": "2024-01-20 17:17:51", "elapsed": 10432.176375, "delta": 0.003391}}
{"target": -13.731030555792021, "params": {"colsample_bytree": 0.2105847666549175, "eta": 0.0013818237415272577, "gamma": 462.8542923062515, "max_depth": 7.0, "min_child_weight": 4562.980032880654, "num_boost_round": 1.0, "subsample": 0.1004933720250624}, "datetime": {"datetime": "2024-01-20 17:18:22", "elapsed": 10463.660342, "delta": 31.483967}}
{"target": -13.731124151640962, "params": {"colsample_bytree": 0.3146092162120095, "eta": 0.011975186515062877, "gamma": 650.8951260641302, "max_depth": 8.0, "min_child_weight": 3463.9190600082306, "num_boost_round": 1.0, "subsample": 0.28048877560414687}, "datetime": {"datetime": "2024-01-20 17:18:50", "elapsed": 10491.343343, "delta": 27.683001}}
{"target": -13.732662358668321, "params": {"colsample_bytree": 0.7181565834286048, "eta": 0.07815797792308131, "gamma": 248.99759282247703, "max_depth": 4.0, "min_child_weight": 4961.032506453526, "num_boost_round": 1.0, "subsample": 0.5218273832173695}, "datetime": {"datetime": "2024-01-20 17:19:20", "elapsed": 10521.512529, "delta": 30.169186}}
{"target": -13.734086922129233, "params": {"colsample_bytree": 0.7181565834286048, "eta": 0.07815797792308131, "gamma": 248.99759282247703, "max_depth": 4.0, "min_child_weight": 4961.032506453526, "num_boost_round": 2.0, "subsample": 0.5218273832173695}, "datetime": {"datetime": "2024-01-20 17:19:20", "elapsed": 10521.517651, "delta": 0.005122}}
{"target": -13.731473567471571, "params": {"colsample_bytree": 0.3724363620845782, "eta": 0.03342904309893066, "gamma": 778.5591065486016, "max_depth": 3.0, "min_child_weight": 4372.408498082132, "num_boost_round": 1.0, "subsample": 0.41629306098382224}, "datetime": {"datetime": "2024-01-20 17:19:56", "elapsed": 10557.629556, "delta": 36.111905}}
{"target": -13.731889728882773, "params": {"colsample_bytree": 0.5522900358167567, "eta": 0.058980291084939615, "gamma": 114.04967265820565, "max_depth": 7.0, "min_child_weight": 4699.659549310491, "num_boost_round": 1.0, "subsample": 0.1245377627006785}, "datetime": {"datetime": "2024-01-20 17:20:28", "elapsed": 10588.969, "delta": 31.339444}}
{"target": -13.732493032108497, "params": {"colsample_bytree": 0.5522900358167567, "eta": 0.058980291084939615, "gamma": 114.04967265820565, "max_depth": 7.0, "min_child_weight": 4699.659549310491, "num_boost_round": 2.0, "subsample": 0.1245377627006785}, "datetime": {"datetime": "2024-01-20 17:20:28", "elapsed": 10588.973784, "delta": 0.004784}}
{"target": -13.731761843679873, "params": {"colsample_bytree": 0.2662375053766867, "eta": 0.08115065204336502, "gamma": 193.2982029891015, "max_depth": 6.0, "min_child_weight": 4180.919743345678, "num_boost_round": 1.0, "subsample": 0.7241030833866701}, "datetime": {"datetime": "2024-01-20 17:21:08", "elapsed": 10629.191575, "delta": 40.217791}}
{"target": -13.732514127869385, "params": {"colsample_bytree": 0.2662375053766867, "eta": 0.08115065204336502, "gamma": 193.2982029891015, "max_depth": 6.0, "min_child_weight": 4180.919743345678, "num_boost_round": 2.0, "subsample": 0.7241030833866701}, "datetime": {"datetime": "2024-01-20 17:21:08", "elapsed": 10629.196156, "delta": 0.004581}}
{"target": -13.733089788080928, "params": {"colsample_bytree": 0.2662375053766867, "eta": 0.08115065204336502, "gamma": 193.2982029891015, "max_depth": 6.0, "min_child_weight": 4180.919743345678, "num_boost_round": 3.0, "subsample": 0.7241030833866701}, "datetime": {"datetime": "2024-01-20 17:21:08", "elapsed": 10629.199643, "delta": 0.003487}}
{"target": -13.731422956030986, "params": {"colsample_bytree": 0.19000163904220824, "eta": 0.06161442577667874, "gamma": 33.09195915357377, "max_depth": 4.0, "min_child_weight": 4764.036628101155, "num_boost_round": 1.0, "subsample": 0.580381298412755}, "datetime": {"datetime": "2024-01-20 17:21:40", "elapsed": 10661.680905, "delta": 32.481262}}
{"target": -13.731869315079575, "params": {"colsample_bytree": 0.19000163904220824, "eta": 0.06161442577667874, "gamma": 33.09195915357377, "max_depth": 4.0, "min_child_weight": 4764.036628101155, "num_boost_round": 2.0, "subsample": 0.580381298412755}, "datetime": {"datetime": "2024-01-20 17:21:40", "elapsed": 10661.685759, "delta": 0.004854}}
{"target": -13.732208822380947, "params": {"colsample_bytree": 0.19000163904220824, "eta": 0.06161442577667874, "gamma": 33.09195915357377, "max_depth": 4.0, "min_child_weight": 4764.036628101155, "num_boost_round": 3.0, "subsample": 0.580381298412755}, "datetime": {"datetime": "2024-01-20 17:21:40", "elapsed": 10661.691243, "delta": 0.005484}}
{"target": -13.73289381095373, "params": {"colsample_bytree": 0.5791165280417371, "eta": 0.09169832860304787, "gamma": 677.6881876203552, "max_depth": 7.0, "min_child_weight": 3436.5623319456727, "num_boost_round": 1.0, "subsample": 0.8930303684989023}, "datetime": {"datetime": "2024-01-20 17:22:29", "elapsed": 10710.684786, "delta": 48.993543}}
{"target": -13.735130815183656, "params": {"colsample_bytree": 0.5791165280417371, "eta": 0.09169832860304787, "gamma": 677.6881876203552, "max_depth": 7.0, "min_child_weight": 3436.5623319456727, "num_boost_round": 2.0, "subsample": 0.8930303684989023}, "datetime": {"datetime": "2024-01-20 17:22:29", "elapsed": 10710.690385, "delta": 0.005599}}
{"target": -13.737331595477524, "params": {"colsample_bytree": 0.5791165280417371, "eta": 0.09169832860304787, "gamma": 677.6881876203552, "max_depth": 7.0, "min_child_weight": 3436.5623319456727, "num_boost_round": 3.0, "subsample": 0.8930303684989023}, "datetime": {"datetime": "2024-01-20 17:22:29", "elapsed": 10710.694062, "delta": 0.003677}}
{"target": -13.739743557961177, "params": {"colsample_bytree": 0.5791165280417371, "eta": 0.09169832860304787, "gamma": 677.6881876203552, "max_depth": 7.0, "min_child_weight": 3436.5623319456727, "num_boost_round": 4.0, "subsample": 0.8930303684989023}, "datetime": {"datetime": "2024-01-20 17:22:29", "elapsed": 10710.697482, "delta": 0.00342}}
