{"target": -10.482898024024411, "params": {"colsample_bytree": 0.5720324843334953, "eta": 0.05219352204524387, "gamma": 754.6646427519332, "max_depth": 7.0, "min_child_weight": 1796.637590921135, "num_boost_round": 17.0, "subsample": 0.9271797009889207}, "datetime": {"datetime": "2024-01-20 14:31:23", "elapsed": 3975.739223, "delta": 0.003672}}
{"target": -10.475715423501464, "params": {"colsample_bytree": 0.5928562624488457, "eta": 0.03591198037542333, "gamma": 837.3204844133421, "max_depth": 8.0, "min_child_weight": 4337.707508502728, "num_boost_round": 1.0, "subsample": 0.9545432260104733}, "datetime": {"datetime": "2024-01-20 14:32:26", "elapsed": 4038.340698, "delta": 62.601475}}
{"target": -10.47508084471429, "params": {"colsample_bytree": 0.5928562624488457, "eta": 0.03591198037542333, "gamma": 837.3204844133421, "max_depth": 8.0, "min_child_weight": 4337.707508502728, "num_boost_round": 2.0, "subsample": 0.9545432260104733}, "datetime": {"datetime": "2024-01-20 14:32:26", "elapsed": 4038.345245, "delta": 0.004547}}
{"target": -10.474868139312091, "params": {"colsample_bytree": 0.5928562624488457, "eta": 0.03591198037542333, "gamma": 837.3204844133421, "max_depth": 8.0, "min_child_weight": 4337.707508502728, "num_boost_round": 3.0, "subsample": 0.9545432260104733}, "datetime": {"datetime": "2024-01-20 14:32:26", "elapsed": 4038.348877, "delta": 0.003632}}
{"target": -10.474397602519003, "params": {"colsample_bytree": 0.5928562624488457, "eta": 0.03591198037542333, "gamma": 837.3204844133421, "max_depth": 8.0, "min_child_weight": 4337.707508502728, "num_boost_round": 4.0, "subsample": 0.9545432260104733}, "datetime": {"datetime": "2024-01-20 14:32:26", "elapsed": 4038.3524, "delta": 0.003523}}
{"target": -10.473984117580546, "params": {"colsample_bytree": 0.5928562624488457, "eta": 0.03591198037542333, "gamma": 837.3204844133421, "max_depth": 8.0, "min_child_weight": 4337.707508502728, "num_boost_round": 5.0, "subsample": 0.9545432260104733}, "datetime": {"datetime": "2024-01-20 14:32:26", "elapsed": 4038.355964, "delta": 0.003564}}
{"target": -10.473840811219944, "params": {"colsample_bytree": 0.5928562624488457, "eta": 0.03591198037542333, "gamma": 837.3204844133421, "max_depth": 8.0, "min_child_weight": 4337.707508502728, "num_boost_round": 6.0, "subsample": 0.9545432260104733}, "datetime": {"datetime": "2024-01-20 14:32:26", "elapsed": 4038.360198, "delta": 0.004234}}
{"target": -10.473546753562317, "params": {"colsample_bytree": 0.5928562624488457, "eta": 0.03591198037542333, "gamma": 837.3204844133421, "max_depth": 8.0, "min_child_weight": 4337.707508502728, "num_boost_round": 7.0, "subsample": 0.9545432260104733}, "datetime": {"datetime": "2024-01-20 14:32:26", "elapsed": 4038.363862, "delta": 0.003664}}
{"target": -10.473067955056283, "params": {"colsample_bytree": 0.5928562624488457, "eta": 0.03591198037542333, "gamma": 837.3204844133421, "max_depth": 8.0, "min_child_weight": 4337.707508502728, "num_boost_round": 8.0, "subsample": 0.9545432260104733}, "datetime": {"datetime": "2024-01-20 14:32:26", "elapsed": 4038.367377, "delta": 0.003515}}
{"target": -10.473053824957624, "params": {"colsample_bytree": 0.5928562624488457, "eta": 0.03591198037542333, "gamma": 837.3204844133421, "max_depth": 8.0, "min_child_weight": 4337.707508502728, "num_boost_round": 9.0, "subsample": 0.9545432260104733}, "datetime": {"datetime": "2024-01-20 14:32:26", "elapsed": 4038.37096, "delta": 0.003583}}
{"target": -10.475758940637672, "params": {"colsample_bytree": 0.3395108298444684, "eta": 0.0583194557057969, "gamma": 895.547634441168, "max_depth": 9.0, "min_child_weight": 4288.092711929287, "num_boost_round": 1.0, "subsample": 0.4148848856845213}, "datetime": {"datetime": "2024-01-20 14:33:31", "elapsed": 4103.278583, "delta": 64.907623}}
{"target": -10.475420139339137, "params": {"colsample_bytree": 0.3395108298444684, "eta": 0.0583194557057969, "gamma": 895.547634441168, "max_depth": 9.0, "min_child_weight": 4288.092711929287, "num_boost_round": 2.0, "subsample": 0.4148848856845213}, "datetime": {"datetime": "2024-01-20 14:33:31", "elapsed": 4103.283764, "delta": 0.005181}}
{"target": -10.475414958076545, "params": {"colsample_bytree": 0.3395108298444684, "eta": 0.0583194557057969, "gamma": 895.547634441168, "max_depth": 9.0, "min_child_weight": 4288.092711929287, "num_boost_round": 3.0, "subsample": 0.4148848856845213}, "datetime": {"datetime": "2024-01-20 14:33:31", "elapsed": 4103.287477, "delta": 0.003713}}
{"target": -10.474844121547585, "params": {"colsample_bytree": 0.3395108298444684, "eta": 0.0583194557057969, "gamma": 895.547634441168, "max_depth": 9.0, "min_child_weight": 4288.092711929287, "num_boost_round": 4.0, "subsample": 0.4148848856845213}, "datetime": {"datetime": "2024-01-20 14:33:31", "elapsed": 4103.291101, "delta": 0.003624}}
{"target": -10.474531532295478, "params": {"colsample_bytree": 0.3395108298444684, "eta": 0.0583194557057969, "gamma": 895.547634441168, "max_depth": 9.0, "min_child_weight": 4288.092711929287, "num_boost_round": 5.0, "subsample": 0.4148848856845213}, "datetime": {"datetime": "2024-01-20 14:33:31", "elapsed": 4103.294725, "delta": 0.003624}}
{"target": -10.474350112377834, "params": {"colsample_bytree": 0.3395108298444684, "eta": 0.0583194557057969, "gamma": 895.547634441168, "max_depth": 9.0, "min_child_weight": 4288.092711929287, "num_boost_round": 6.0, "subsample": 0.4148848856845213}, "datetime": {"datetime": "2024-01-20 14:33:31", "elapsed": 4103.298368, "delta": 0.003643}}
{"target": -10.474078418897117, "params": {"colsample_bytree": 0.3395108298444684, "eta": 0.0583194557057969, "gamma": 895.547634441168, "max_depth": 9.0, "min_child_weight": 4288.092711929287, "num_boost_round": 7.0, "subsample": 0.4148848856845213}, "datetime": {"datetime": "2024-01-20 14:33:31", "elapsed": 4103.301951, "delta": 0.003583}}
{"target": -10.47397633168154, "params": {"colsample_bytree": 0.3395108298444684, "eta": 0.0583194557057969, "gamma": 895.547634441168, "max_depth": 9.0, "min_child_weight": 4288.092711929287, "num_boost_round": 8.0, "subsample": 0.4148848856845213}, "datetime": {"datetime": "2024-01-20 14:33:31", "elapsed": 4103.305535, "delta": 0.003584}}
{"target": -10.474037867664041, "params": {"colsample_bytree": 0.3395108298444684, "eta": 0.0583194557057969, "gamma": 895.547634441168, "max_depth": 9.0, "min_child_weight": 4288.092711929287, "num_boost_round": 9.0, "subsample": 0.4148848856845213}, "datetime": {"datetime": "2024-01-20 14:33:31", "elapsed": 4103.309189, "delta": 0.003654}}
{"target": -10.476008115097304, "params": {"colsample_bytree": 0.6909687867427472, "eta": 0.007001864435441013, "gamma": 950.4011970926903, "max_depth": 8.0, "min_child_weight": 4281.167841714336, "num_boost_round": 1.0, "subsample": 0.17271007573022132}, "datetime": {"datetime": "2024-01-20 14:34:29", "elapsed": 4161.583043, "delta": 58.273854}}
{"target": -10.475913457185897, "params": {"colsample_bytree": 0.6909687867427472, "eta": 0.007001864435441013, "gamma": 950.4011970926903, "max_depth": 8.0, "min_child_weight": 4281.167841714336, "num_boost_round": 2.0, "subsample": 0.17271007573022132}, "datetime": {"datetime": "2024-01-20 14:34:29", "elapsed": 4161.587316, "delta": 0.004273}}
{"target": -10.47586248178376, "params": {"colsample_bytree": 0.6909687867427472, "eta": 0.007001864435441013, "gamma": 950.4011970926903, "max_depth": 8.0, "min_child_weight": 4281.167841714336, "num_boost_round": 3.0, "subsample": 0.17271007573022132}, "datetime": {"datetime": "2024-01-20 14:34:29", "elapsed": 4161.591105, "delta": 0.003789}}
{"target": -10.475783527361235, "params": {"colsample_bytree": 0.6909687867427472, "eta": 0.007001864435441013, "gamma": 950.4011970926903, "max_depth": 8.0, "min_child_weight": 4281.167841714336, "num_boost_round": 4.0, "subsample": 0.17271007573022132}, "datetime": {"datetime": "2024-01-20 14:34:29", "elapsed": 4161.595011, "delta": 0.003906}}
{"target": -10.475684450769444, "params": {"colsample_bytree": 0.6909687867427472, "eta": 0.007001864435441013, "gamma": 950.4011970926903, "max_depth": 8.0, "min_child_weight": 4281.167841714336, "num_boost_round": 5.0, "subsample": 0.17271007573022132}, "datetime": {"datetime": "2024-01-20 14:34:29", "elapsed": 4161.598695, "delta": 0.003684}}
{"target": -10.475590840318414, "params": {"colsample_bytree": 0.6909687867427472, "eta": 0.007001864435441013, "gamma": 950.4011970926903, "max_depth": 8.0, "min_child_weight": 4281.167841714336, "num_boost_round": 6.0, "subsample": 0.17271007573022132}, "datetime": {"datetime": "2024-01-20 14:34:29", "elapsed": 4161.602401, "delta": 0.003706}}
{"target": -10.475521890634408, "params": {"colsample_bytree": 0.6909687867427472, "eta": 0.007001864435441013, "gamma": 950.4011970926903, "max_depth": 8.0, "min_child_weight": 4281.167841714336, "num_boost_round": 7.0, "subsample": 0.17271007573022132}, "datetime": {"datetime": "2024-01-20 14:34:29", "elapsed": 4161.606037, "delta": 0.003636}}
{"target": -10.475457261610973, "params": {"colsample_bytree": 0.6909687867427472, "eta": 0.007001864435441013, "gamma": 950.4011970926903, "max_depth": 8.0, "min_child_weight": 4281.167841714336, "num_boost_round": 8.0, "subsample": 0.17271007573022132}, "datetime": {"datetime": "2024-01-20 14:34:29", "elapsed": 4161.609769, "delta": 0.003732}}
{"target": -10.47540165529798, "params": {"colsample_bytree": 0.6909687867427472, "eta": 0.007001864435441013, "gamma": 950.4011970926903, "max_depth": 8.0, "min_child_weight": 4281.167841714336, "num_boost_round": 9.0, "subsample": 0.17271007573022132}, "datetime": {"datetime": "2024-01-20 14:34:29", "elapsed": 4161.613435, "delta": 0.003666}}
{"target": -10.475297212051192, "params": {"colsample_bytree": 0.6909687867427472, "eta": 0.007001864435441013, "gamma": 950.4011970926903, "max_depth": 8.0, "min_child_weight": 4281.167841714336, "num_boost_round": 10.0, "subsample": 0.17271007573022132}, "datetime": {"datetime": "2024-01-20 14:34:29", "elapsed": 4161.617169, "delta": 0.003734}}
{"target": -10.475195426337937, "params": {"colsample_bytree": 0.6909687867427472, "eta": 0.007001864435441013, "gamma": 950.4011970926903, "max_depth": 8.0, "min_child_weight": 4281.167841714336, "num_boost_round": 11.0, "subsample": 0.17271007573022132}, "datetime": {"datetime": "2024-01-20 14:34:29", "elapsed": 4161.620958, "delta": 0.003789}}
{"target": -10.47512011020449, "params": {"colsample_bytree": 0.6909687867427472, "eta": 0.007001864435441013, "gamma": 950.4011970926903, "max_depth": 8.0, "min_child_weight": 4281.167841714336, "num_boost_round": 12.0, "subsample": 0.17271007573022132}, "datetime": {"datetime": "2024-01-20 14:34:29", "elapsed": 4161.624617, "delta": 0.003659}}
{"target": -10.47507273133878, "params": {"colsample_bytree": 0.6909687867427472, "eta": 0.007001864435441013, "gamma": 950.4011970926903, "max_depth": 8.0, "min_child_weight": 4281.167841714336, "num_boost_round": 13.0, "subsample": 0.17271007573022132}, "datetime": {"datetime": "2024-01-20 14:34:29", "elapsed": 4161.628298, "delta": 0.003681}}
{"target": -10.474978692739171, "params": {"colsample_bytree": 0.6909687867427472, "eta": 0.007001864435441013, "gamma": 950.4011970926903, "max_depth": 8.0, "min_child_weight": 4281.167841714336, "num_boost_round": 14.0, "subsample": 0.17271007573022132}, "datetime": {"datetime": "2024-01-20 14:34:29", "elapsed": 4161.631999, "delta": 0.003701}}
{"target": -10.474918143234408, "params": {"colsample_bytree": 0.6909687867427472, "eta": 0.007001864435441013, "gamma": 950.4011970926903, "max_depth": 8.0, "min_child_weight": 4281.167841714336, "num_boost_round": 15.0, "subsample": 0.17271007573022132}, "datetime": {"datetime": "2024-01-20 14:34:29", "elapsed": 4161.635731, "delta": 0.003732}}
{"target": -10.474853464063774, "params": {"colsample_bytree": 0.6909687867427472, "eta": 0.007001864435441013, "gamma": 950.4011970926903, "max_depth": 8.0, "min_child_weight": 4281.167841714336, "num_boost_round": 16.0, "subsample": 0.17271007573022132}, "datetime": {"datetime": "2024-01-20 14:34:29", "elapsed": 4161.639551, "delta": 0.00382}}
{"target": -10.474784421368259, "params": {"colsample_bytree": 0.6909687867427472, "eta": 0.007001864435441013, "gamma": 950.4011970926903, "max_depth": 8.0, "min_child_weight": 4281.167841714336, "num_boost_round": 17.0, "subsample": 0.17271007573022132}, "datetime": {"datetime": "2024-01-20 14:34:29", "elapsed": 4161.643242, "delta": 0.003691}}
{"target": -10.474711408898695, "params": {"colsample_bytree": 0.6909687867427472, "eta": 0.007001864435441013, "gamma": 950.4011970926903, "max_depth": 8.0, "min_child_weight": 4281.167841714336, "num_boost_round": 18.0, "subsample": 0.17271007573022132}, "datetime": {"datetime": "2024-01-20 14:34:29", "elapsed": 4161.646976, "delta": 0.003734}}
{"target": -10.47463205293802, "params": {"colsample_bytree": 0.6909687867427472, "eta": 0.007001864435441013, "gamma": 950.4011970926903, "max_depth": 8.0, "min_child_weight": 4281.167841714336, "num_boost_round": 19.0, "subsample": 0.17271007573022132}, "datetime": {"datetime": "2024-01-20 14:34:29", "elapsed": 4161.650659, "delta": 0.003683}}
{"target": -10.474580923119113, "params": {"colsample_bytree": 0.6909687867427472, "eta": 0.007001864435441013, "gamma": 950.4011970926903, "max_depth": 8.0, "min_child_weight": 4281.167841714336, "num_boost_round": 20.0, "subsample": 0.17271007573022132}, "datetime": {"datetime": "2024-01-20 14:34:29", "elapsed": 4161.654362, "delta": 0.003703}}
{"target": -10.474554912052396, "params": {"colsample_bytree": 0.6909687867427472, "eta": 0.007001864435441013, "gamma": 950.4011970926903, "max_depth": 8.0, "min_child_weight": 4281.167841714336, "num_boost_round": 21.0, "subsample": 0.17271007573022132}, "datetime": {"datetime": "2024-01-20 14:34:29", "elapsed": 4161.658049, "delta": 0.003687}}
{"target": -10.47449179890031, "params": {"colsample_bytree": 0.6909687867427472, "eta": 0.007001864435441013, "gamma": 950.4011970926903, "max_depth": 8.0, "min_child_weight": 4281.167841714336, "num_boost_round": 22.0, "subsample": 0.17271007573022132}, "datetime": {"datetime": "2024-01-20 14:34:29", "elapsed": 4161.661726, "delta": 0.003677}}
{"target": -10.47447417997897, "params": {"colsample_bytree": 0.6909687867427472, "eta": 0.007001864435441013, "gamma": 950.4011970926903, "max_depth": 8.0, "min_child_weight": 4281.167841714336, "num_boost_round": 23.0, "subsample": 0.17271007573022132}, "datetime": {"datetime": "2024-01-20 14:34:29", "elapsed": 4161.665471, "delta": 0.003745}}
{"target": -10.474421456369312, "params": {"colsample_bytree": 0.6909687867427472, "eta": 0.007001864435441013, "gamma": 950.4011970926903, "max_depth": 8.0, "min_child_weight": 4281.167841714336, "num_boost_round": 24.0, "subsample": 0.17271007573022132}, "datetime": {"datetime": "2024-01-20 14:34:29", "elapsed": 4161.669152, "delta": 0.003681}}
{"target": -10.474395131069794, "params": {"colsample_bytree": 0.6909687867427472, "eta": 0.007001864435441013, "gamma": 950.4011970926903, "max_depth": 8.0, "min_child_weight": 4281.167841714336, "num_boost_round": 25.0, "subsample": 0.17271007573022132}, "datetime": {"datetime": "2024-01-20 14:34:29", "elapsed": 4161.674346, "delta": 0.005194}}
{"target": -10.474371260716191, "params": {"colsample_bytree": 0.6909687867427472, "eta": 0.007001864435441013, "gamma": 950.4011970926903, "max_depth": 8.0, "min_child_weight": 4281.167841714336, "num_boost_round": 26.0, "subsample": 0.17271007573022132}, "datetime": {"datetime": "2024-01-20 14:34:29", "elapsed": 4161.678131, "delta": 0.003785}}
{"target": -10.474332195645793, "params": {"colsample_bytree": 0.6909687867427472, "eta": 0.007001864435441013, "gamma": 950.4011970926903, "max_depth": 8.0, "min_child_weight": 4281.167841714336, "num_boost_round": 27.0, "subsample": 0.17271007573022132}, "datetime": {"datetime": "2024-01-20 14:34:29", "elapsed": 4161.681816, "delta": 0.003685}}
{"target": -10.474295218322606, "params": {"colsample_bytree": 0.6909687867427472, "eta": 0.007001864435441013, "gamma": 950.4011970926903, "max_depth": 8.0, "min_child_weight": 4281.167841714336, "num_boost_round": 28.0, "subsample": 0.17271007573022132}, "datetime": {"datetime": "2024-01-20 14:34:29", "elapsed": 4161.685711, "delta": 0.003895}}
{"target": -10.474283881997973, "params": {"colsample_bytree": 0.6909687867427472, "eta": 0.007001864435441013, "gamma": 950.4011970926903, "max_depth": 8.0, "min_child_weight": 4281.167841714336, "num_boost_round": 29.0, "subsample": 0.17271007573022132}, "datetime": {"datetime": "2024-01-20 14:34:29", "elapsed": 4161.689412, "delta": 0.003701}}
{"target": -10.474230279581269, "params": {"colsample_bytree": 0.6909687867427472, "eta": 0.007001864435441013, "gamma": 950.4011970926903, "max_depth": 8.0, "min_child_weight": 4281.167841714336, "num_boost_round": 30.0, "subsample": 0.17271007573022132}, "datetime": {"datetime": "2024-01-20 14:34:29", "elapsed": 4161.693078, "delta": 0.003666}}
{"target": -10.475751976435092, "params": {"colsample_bytree": 0.20371678123458184, "eta": 0.08630952287049107, "gamma": 892.2779172017126, "max_depth": 4.0, "min_child_weight": 4235.045855331433, "num_boost_round": 1.0, "subsample": 0.5660694997322259}, "datetime": {"datetime": "2024-01-20 14:35:44", "elapsed": 4236.554784, "delta": 74.861706}}
{"target": -10.475418295558406, "params": {"colsample_bytree": 0.20371678123458184, "eta": 0.08630952287049107, "gamma": 892.2779172017126, "max_depth": 4.0, "min_child_weight": 4235.045855331433, "num_boost_round": 2.0, "subsample": 0.5660694997322259}, "datetime": {"datetime": "2024-01-20 14:35:44", "elapsed": 4236.561168, "delta": 0.006384}}
{"target": -10.475433609879582, "params": {"colsample_bytree": 0.20371678123458184, "eta": 0.08630952287049107, "gamma": 892.2779172017126, "max_depth": 4.0, "min_child_weight": 4235.045855331433, "num_boost_round": 3.0, "subsample": 0.5660694997322259}, "datetime": {"datetime": "2024-01-20 14:35:44", "elapsed": 4236.564963, "delta": 0.003795}}
{"target": -10.47546372806574, "params": {"colsample_bytree": 0.20371678123458184, "eta": 0.08630952287049107, "gamma": 892.2779172017126, "max_depth": 4.0, "min_child_weight": 4235.045855331433, "num_boost_round": 4.0, "subsample": 0.5660694997322259}, "datetime": {"datetime": "2024-01-20 14:35:44", "elapsed": 4236.568742, "delta": 0.003779}}
{"target": -10.475520765645769, "params": {"colsample_bytree": 0.20371678123458184, "eta": 0.08630952287049107, "gamma": 892.2779172017126, "max_depth": 4.0, "min_child_weight": 4235.045855331433, "num_boost_round": 5.0, "subsample": 0.5660694997322259}, "datetime": {"datetime": "2024-01-20 14:35:44", "elapsed": 4236.572451, "delta": 0.003709}}
{"target": -10.475762582202174, "params": {"colsample_bytree": 0.20371678123458184, "eta": 0.08630952287049107, "gamma": 892.2779172017126, "max_depth": 4.0, "min_child_weight": 4235.045855331433, "num_boost_round": 6.0, "subsample": 0.5660694997322259}, "datetime": {"datetime": "2024-01-20 14:35:44", "elapsed": 4236.576136, "delta": 0.003685}}
{"target": -10.476373344218104, "params": {"colsample_bytree": 0.20371678123458184, "eta": 0.08630952287049107, "gamma": 892.2779172017126, "max_depth": 4.0, "min_child_weight": 4235.045855331433, "num_boost_round": 7.0, "subsample": 0.5660694997322259}, "datetime": {"datetime": "2024-01-20 14:35:44", "elapsed": 4236.580121, "delta": 0.003985}}
{"target": -10.476574485931263, "params": {"colsample_bytree": 0.20371678123458184, "eta": 0.08630952287049107, "gamma": 892.2779172017126, "max_depth": 4.0, "min_child_weight": 4235.045855331433, "num_boost_round": 8.0, "subsample": 0.5660694997322259}, "datetime": {"datetime": "2024-01-20 14:35:44", "elapsed": 4236.584028, "delta": 0.003907}}
{"target": -10.476791656645446, "params": {"colsample_bytree": 0.20371678123458184, "eta": 0.08630952287049107, "gamma": 892.2779172017126, "max_depth": 4.0, "min_child_weight": 4235.045855331433, "num_boost_round": 9.0, "subsample": 0.5660694997322259}, "datetime": {"datetime": "2024-01-20 14:35:44", "elapsed": 4236.587835, "delta": 0.003807}}
{"target": -10.477052619485029, "params": {"colsample_bytree": 0.20371678123458184, "eta": 0.08630952287049107, "gamma": 892.2779172017126, "max_depth": 4.0, "min_child_weight": 4235.045855331433, "num_boost_round": 10.0, "subsample": 0.5660694997322259}, "datetime": {"datetime": "2024-01-20 14:35:44", "elapsed": 4236.591627, "delta": 0.003792}}
{"target": -10.477851353009386, "params": {"colsample_bytree": 0.20371678123458184, "eta": 0.08630952287049107, "gamma": 892.2779172017126, "max_depth": 4.0, "min_child_weight": 4235.045855331433, "num_boost_round": 11.0, "subsample": 0.5660694997322259}, "datetime": {"datetime": "2024-01-20 14:35:44", "elapsed": 4236.595318, "delta": 0.003691}}
{"target": -10.478190033684264, "params": {"colsample_bytree": 0.20371678123458184, "eta": 0.08630952287049107, "gamma": 892.2779172017126, "max_depth": 4.0, "min_child_weight": 4235.045855331433, "num_boost_round": 12.0, "subsample": 0.5660694997322259}, "datetime": {"datetime": "2024-01-20 14:35:44", "elapsed": 4236.599064, "delta": 0.003746}}
{"target": -10.47835910067819, "params": {"colsample_bytree": 0.20371678123458184, "eta": 0.08630952287049107, "gamma": 892.2779172017126, "max_depth": 4.0, "min_child_weight": 4235.045855331433, "num_boost_round": 13.0, "subsample": 0.5660694997322259}, "datetime": {"datetime": "2024-01-20 14:35:44", "elapsed": 4236.602778, "delta": 0.003714}}
{"target": -10.47843102672127, "params": {"colsample_bytree": 0.20371678123458184, "eta": 0.08630952287049107, "gamma": 892.2779172017126, "max_depth": 4.0, "min_child_weight": 4235.045855331433, "num_boost_round": 14.0, "subsample": 0.5660694997322259}, "datetime": {"datetime": "2024-01-20 14:35:44", "elapsed": 4236.606527, "delta": 0.003749}}
