{"target": -13.405232216415348, "params": {"colsample_bytree": 0.5627684636655484, "eta": 0.058001869416501345, "gamma": 415.05711598473715, "max_depth": 2.0, "min_child_weight": 4326.312303737243, "num_boost_round": 17.0, "subsample": 0.9756312148593497}, "datetime": {"datetime": "2024-01-20 17:21:27", "elapsed": 10621.942477, "delta": 0.004978}}
{"target": -13.405999331310817, "params": {"colsample_bytree": 0.5627684636655484, "eta": 0.058001869416501345, "gamma": 415.05711598473715, "max_depth": 2.0, "min_child_weight": 4326.312303737243, "num_boost_round": 18.0, "subsample": 0.9756312148593497}, "datetime": {"datetime": "2024-01-20 17:21:27", "elapsed": 10621.947594, "delta": 0.005117}}
{"target": -13.406397815173808, "params": {"colsample_bytree": 0.5627684636655484, "eta": 0.058001869416501345, "gamma": 415.05711598473715, "max_depth": 2.0, "min_child_weight": 4326.312303737243, "num_boost_round": 19.0, "subsample": 0.9756312148593497}, "datetime": {"datetime": "2024-01-20 17:21:27", "elapsed": 10621.952589, "delta": 0.004995}}
{"target": -13.406982599116269, "params": {"colsample_bytree": 0.5627684636655484, "eta": 0.058001869416501345, "gamma": 415.05711598473715, "max_depth": 2.0, "min_child_weight": 4326.312303737243, "num_boost_round": 20.0, "subsample": 0.9756312148593497}, "datetime": {"datetime": "2024-01-20 17:21:27", "elapsed": 10621.957832, "delta": 0.005243}}
{"target": -13.407382782280138, "params": {"colsample_bytree": 0.5627684636655484, "eta": 0.058001869416501345, "gamma": 415.05711598473715, "max_depth": 2.0, "min_child_weight": 4326.312303737243, "num_boost_round": 21.0, "subsample": 0.9756312148593497}, "datetime": {"datetime": "2024-01-20 17:21:27", "elapsed": 10621.96312, "delta": 0.005288}}
{"target": -13.407714443534301, "params": {"colsample_bytree": 0.5627684636655484, "eta": 0.058001869416501345, "gamma": 415.05711598473715, "max_depth": 2.0, "min_child_weight": 4326.312303737243, "num_boost_round": 22.0, "subsample": 0.9756312148593497}, "datetime": {"datetime": "2024-01-20 17:21:27", "elapsed": 10621.968569, "delta": 0.005449}}
{"target": -13.408159003715046, "params": {"colsample_bytree": 0.5627684636655484, "eta": 0.058001869416501345, "gamma": 415.05711598473715, "max_depth": 2.0, "min_child_weight": 4326.312303737243, "num_boost_round": 23.0, "subsample": 0.9756312148593497}, "datetime": {"datetime": "2024-01-20 17:21:27", "elapsed": 10621.973907, "delta": 0.005338}}
{"target": -13.408291605258988, "params": {"colsample_bytree": 0.5627684636655484, "eta": 0.058001869416501345, "gamma": 415.05711598473715, "max_depth": 2.0, "min_child_weight": 4326.312303737243, "num_boost_round": 24.0, "subsample": 0.9756312148593497}, "datetime": {"datetime": "2024-01-20 17:21:27", "elapsed": 10621.9791, "delta": 0.005193}}
{"target": -13.408720802136592, "params": {"colsample_bytree": 0.5627684636655484, "eta": 0.058001869416501345, "gamma": 415.05711598473715, "max_depth": 2.0, "min_child_weight": 4326.312303737243, "num_boost_round": 25.0, "subsample": 0.9756312148593497}, "datetime": {"datetime": "2024-01-20 17:21:27", "elapsed": 10621.984406, "delta": 0.005306}}
{"target": -13.409440928445207, "params": {"colsample_bytree": 0.5627684636655484, "eta": 0.058001869416501345, "gamma": 415.05711598473715, "max_depth": 2.0, "min_child_weight": 4326.312303737243, "num_boost_round": 26.0, "subsample": 0.9756312148593497}, "datetime": {"datetime": "2024-01-20 17:21:27", "elapsed": 10621.989588, "delta": 0.005182}}
{"target": -13.409668890937713, "params": {"colsample_bytree": 0.5627684636655484, "eta": 0.058001869416501345, "gamma": 415.05711598473715, "max_depth": 2.0, "min_child_weight": 4326.312303737243, "num_boost_round": 27.0, "subsample": 0.9756312148593497}, "datetime": {"datetime": "2024-01-20 17:21:27", "elapsed": 10621.994812, "delta": 0.005224}}
{"target": -13.410051648486409, "params": {"colsample_bytree": 0.5627684636655484, "eta": 0.058001869416501345, "gamma": 415.05711598473715, "max_depth": 2.0, "min_child_weight": 4326.312303737243, "num_boost_round": 28.0, "subsample": 0.9756312148593497}, "datetime": {"datetime": "2024-01-20 17:21:27", "elapsed": 10622.000041, "delta": 0.005229}}
{"target": -13.410132542597083, "params": {"colsample_bytree": 0.5627684636655484, "eta": 0.058001869416501345, "gamma": 415.05711598473715, "max_depth": 2.0, "min_child_weight": 4326.312303737243, "num_boost_round": 29.0, "subsample": 0.9756312148593497}, "datetime": {"datetime": "2024-01-20 17:21:27", "elapsed": 10622.005247, "delta": 0.005206}}
{"target": -13.410304346241464, "params": {"colsample_bytree": 0.5627684636655484, "eta": 0.058001869416501345, "gamma": 415.05711598473715, "max_depth": 2.0, "min_child_weight": 4326.312303737243, "num_boost_round": 30.0, "subsample": 0.9756312148593497}, "datetime": {"datetime": "2024-01-20 17:21:27", "elapsed": 10622.010296, "delta": 0.005049}}
{"target": -13.41067763973754, "params": {"colsample_bytree": 0.5627684636655484, "eta": 0.058001869416501345, "gamma": 415.05711598473715, "max_depth": 2.0, "min_child_weight": 4326.312303737243, "num_boost_round": 31.0, "subsample": 0.9756312148593497}, "datetime": {"datetime": "2024-01-20 17:21:27", "elapsed": 10622.015318, "delta": 0.005022}}
{"target": -13.411057605414774, "params": {"colsample_bytree": 0.5627684636655484, "eta": 0.058001869416501345, "gamma": 415.05711598473715, "max_depth": 2.0, "min_child_weight": 4326.312303737243, "num_boost_round": 32.0, "subsample": 0.9756312148593497}, "datetime": {"datetime": "2024-01-20 17:21:27", "elapsed": 10622.020323, "delta": 0.005005}}
{"target": -13.411373889990436, "params": {"colsample_bytree": 0.5627684636655484, "eta": 0.058001869416501345, "gamma": 415.05711598473715, "max_depth": 2.0, "min_child_weight": 4326.312303737243, "num_boost_round": 33.0, "subsample": 0.9756312148593497}, "datetime": {"datetime": "2024-01-20 17:21:27", "elapsed": 10622.025717, "delta": 0.005394}}
{"target": -13.411829137872378, "params": {"colsample_bytree": 0.5627684636655484, "eta": 0.058001869416501345, "gamma": 415.05711598473715, "max_depth": 2.0, "min_child_weight": 4326.312303737243, "num_boost_round": 34.0, "subsample": 0.9756312148593497}, "datetime": {"datetime": "2024-01-20 17:21:27", "elapsed": 10622.03103, "delta": 0.005313}}
{"target": -13.41200117879386, "params": {"colsample_bytree": 0.5627684636655484, "eta": 0.058001869416501345, "gamma": 415.05711598473715, "max_depth": 2.0, "min_child_weight": 4326.312303737243, "num_boost_round": 35.0, "subsample": 0.9756312148593497}, "datetime": {"datetime": "2024-01-20 17:21:27", "elapsed": 10622.036792, "delta": 0.005762}}
{"target": -13.412338981237216, "params": {"colsample_bytree": 0.5627684636655484, "eta": 0.058001869416501345, "gamma": 415.05711598473715, "max_depth": 2.0, "min_child_weight": 4326.312303737243, "num_boost_round": 36.0, "subsample": 0.9756312148593497}, "datetime": {"datetime": "2024-01-20 17:21:27", "elapsed": 10622.041831, "delta": 0.005039}}
{"target": -13.3979346209263, "params": {"colsample_bytree": 0.8825253983794374, "eta": 0.02484375150645626, "gamma": 859.637227229487, "max_depth": 3.0, "min_child_weight": 3000.687346547049, "num_boost_round": 1.0, "subsample": 0.788898368416734}, "datetime": {"datetime": "2024-01-20 17:23:03", "elapsed": 10717.677338, "delta": 95.635507}}
{"target": -13.398116788269334, "params": {"colsample_bytree": 0.8825253983794374, "eta": 0.02484375150645626, "gamma": 859.637227229487, "max_depth": 3.0, "min_child_weight": 3000.687346547049, "num_boost_round": 2.0, "subsample": 0.788898368416734}, "datetime": {"datetime": "2024-01-20 17:23:03", "elapsed": 10717.683281, "delta": 0.005943}}
{"target": -13.39828927478197, "params": {"colsample_bytree": 0.8825253983794374, "eta": 0.02484375150645626, "gamma": 859.637227229487, "max_depth": 3.0, "min_child_weight": 3000.687346547049, "num_boost_round": 3.0, "subsample": 0.788898368416734}, "datetime": {"datetime": "2024-01-20 17:23:03", "elapsed": 10717.688509, "delta": 0.005228}}
{"target": -13.398014205083356, "params": {"colsample_bytree": 0.3639455673948464, "eta": 0.08665015256195006, "gamma": 405.6965275446084, "max_depth": 3.0, "min_child_weight": 4223.051619470558, "num_boost_round": 1.0, "subsample": 0.3659229605969443}, "datetime": {"datetime": "2024-01-20 17:24:28", "elapsed": 10803.373509, "delta": 85.685}}
{"target": -13.39816951052617, "params": {"colsample_bytree": 0.3639455673948464, "eta": 0.08665015256195006, "gamma": 405.6965275446084, "max_depth": 3.0, "min_child_weight": 4223.051619470558, "num_boost_round": 2.0, "subsample": 0.3659229605969443}, "datetime": {"datetime": "2024-01-20 17:24:28", "elapsed": 10803.379125, "delta": 0.005616}}
{"target": -13.398535690382092, "params": {"colsample_bytree": 0.3639455673948464, "eta": 0.08665015256195006, "gamma": 405.6965275446084, "max_depth": 3.0, "min_child_weight": 4223.051619470558, "num_boost_round": 3.0, "subsample": 0.3659229605969443}, "datetime": {"datetime": "2024-01-20 17:24:28", "elapsed": 10803.384544, "delta": 0.005419}}
{"target": -13.399151164060635, "params": {"colsample_bytree": 0.3639455673948464, "eta": 0.08665015256195006, "gamma": 405.6965275446084, "max_depth": 3.0, "min_child_weight": 4223.051619470558, "num_boost_round": 4.0, "subsample": 0.3659229605969443}, "datetime": {"datetime": "2024-01-20 17:24:28", "elapsed": 10803.390002, "delta": 0.005458}}
{"target": -13.399617445689962, "params": {"colsample_bytree": 0.3639455673948464, "eta": 0.08665015256195006, "gamma": 405.6965275446084, "max_depth": 3.0, "min_child_weight": 4223.051619470558, "num_boost_round": 5.0, "subsample": 0.3659229605969443}, "datetime": {"datetime": "2024-01-20 17:24:28", "elapsed": 10803.395348, "delta": 0.005346}}
{"target": -13.399801839108772, "params": {"colsample_bytree": 0.3639455673948464, "eta": 0.08665015256195006, "gamma": 405.6965275446084, "max_depth": 3.0, "min_child_weight": 4223.051619470558, "num_boost_round": 6.0, "subsample": 0.3659229605969443}, "datetime": {"datetime": "2024-01-20 17:24:28", "elapsed": 10803.40067, "delta": 0.005322}}
{"target": -13.400374238602865, "params": {"colsample_bytree": 0.3639455673948464, "eta": 0.08665015256195006, "gamma": 405.6965275446084, "max_depth": 3.0, "min_child_weight": 4223.051619470558, "num_boost_round": 7.0, "subsample": 0.3659229605969443}, "datetime": {"datetime": "2024-01-20 17:24:28", "elapsed": 10803.406169, "delta": 0.005499}}
{"target": -13.400925515291101, "params": {"colsample_bytree": 0.3639455673948464, "eta": 0.08665015256195006, "gamma": 405.6965275446084, "max_depth": 3.0, "min_child_weight": 4223.051619470558, "num_boost_round": 8.0, "subsample": 0.3659229605969443}, "datetime": {"datetime": "2024-01-20 17:24:28", "elapsed": 10803.411073, "delta": 0.004904}}
{"target": -13.40146270420985, "params": {"colsample_bytree": 0.3639455673948464, "eta": 0.08665015256195006, "gamma": 405.6965275446084, "max_depth": 3.0, "min_child_weight": 4223.051619470558, "num_boost_round": 9.0, "subsample": 0.3659229605969443}, "datetime": {"datetime": "2024-01-20 17:24:28", "elapsed": 10803.416296, "delta": 0.005223}}
{"target": -13.401351131066642, "params": {"colsample_bytree": 0.3639455673948464, "eta": 0.08665015256195006, "gamma": 405.6965275446084, "max_depth": 3.0, "min_child_weight": 4223.051619470558, "num_boost_round": 10.0, "subsample": 0.3659229605969443}, "datetime": {"datetime": "2024-01-20 17:24:28", "elapsed": 10803.421295, "delta": 0.004999}}
{"target": -13.401545122455346, "params": {"colsample_bytree": 0.3639455673948464, "eta": 0.08665015256195006, "gamma": 405.6965275446084, "max_depth": 3.0, "min_child_weight": 4223.051619470558, "num_boost_round": 11.0, "subsample": 0.3659229605969443}, "datetime": {"datetime": "2024-01-20 17:24:28", "elapsed": 10803.426441, "delta": 0.005146}}
{"target": -13.402478554023482, "params": {"colsample_bytree": 0.3639455673948464, "eta": 0.08665015256195006, "gamma": 405.6965275446084, "max_depth": 3.0, "min_child_weight": 4223.051619470558, "num_boost_round": 12.0, "subsample": 0.3659229605969443}, "datetime": {"datetime": "2024-01-20 17:24:28", "elapsed": 10803.431542, "delta": 0.005101}}
{"target": -13.402664165910515, "params": {"colsample_bytree": 0.3639455673948464, "eta": 0.08665015256195006, "gamma": 405.6965275446084, "max_depth": 3.0, "min_child_weight": 4223.051619470558, "num_boost_round": 13.0, "subsample": 0.3659229605969443}, "datetime": {"datetime": "2024-01-20 17:24:28", "elapsed": 10803.436634, "delta": 0.005092}}
{"target": -13.402782858400844, "params": {"colsample_bytree": 0.3639455673948464, "eta": 0.08665015256195006, "gamma": 405.6965275446084, "max_depth": 3.0, "min_child_weight": 4223.051619470558, "num_boost_round": 14.0, "subsample": 0.3659229605969443}, "datetime": {"datetime": "2024-01-20 17:24:28", "elapsed": 10803.441552, "delta": 0.004918}}
{"target": -13.402830805983019, "params": {"colsample_bytree": 0.3639455673948464, "eta": 0.08665015256195006, "gamma": 405.6965275446084, "max_depth": 3.0, "min_child_weight": 4223.051619470558, "num_boost_round": 15.0, "subsample": 0.3659229605969443}, "datetime": {"datetime": "2024-01-20 17:24:28", "elapsed": 10803.446673, "delta": 0.005121}}
{"target": -13.40309968863955, "params": {"colsample_bytree": 0.3639455673948464, "eta": 0.08665015256195006, "gamma": 405.6965275446084, "max_depth": 3.0, "min_child_weight": 4223.051619470558, "num_boost_round": 16.0, "subsample": 0.3659229605969443}, "datetime": {"datetime": "2024-01-20 17:24:28", "elapsed": 10803.451723, "delta": 0.00505}}
{"target": -13.403776397245494, "params": {"colsample_bytree": 0.3639455673948464, "eta": 0.08665015256195006, "gamma": 405.6965275446084, "max_depth": 3.0, "min_child_weight": 4223.051619470558, "num_boost_round": 17.0, "subsample": 0.3659229605969443}, "datetime": {"datetime": "2024-01-20 17:24:28", "elapsed": 10803.45703, "delta": 0.005307}}
{"target": -13.404281399425763, "params": {"colsample_bytree": 0.3639455673948464, "eta": 0.08665015256195006, "gamma": 405.6965275446084, "max_depth": 3.0, "min_child_weight": 4223.051619470558, "num_boost_round": 18.0, "subsample": 0.3659229605969443}, "datetime": {"datetime": "2024-01-20 17:24:28", "elapsed": 10803.462357, "delta": 0.005327}}
{"target": -13.404779685773706, "params": {"colsample_bytree": 0.3639455673948464, "eta": 0.08665015256195006, "gamma": 405.6965275446084, "max_depth": 3.0, "min_child_weight": 4223.051619470558, "num_boost_round": 19.0, "subsample": 0.3659229605969443}, "datetime": {"datetime": "2024-01-20 17:24:28", "elapsed": 10803.468062, "delta": 0.005705}}
{"target": -13.404861783018683, "params": {"colsample_bytree": 0.3639455673948464, "eta": 0.08665015256195006, "gamma": 405.6965275446084, "max_depth": 3.0, "min_child_weight": 4223.051619470558, "num_boost_round": 20.0, "subsample": 0.3659229605969443}, "datetime": {"datetime": "2024-01-20 17:24:28", "elapsed": 10803.473125, "delta": 0.005063}}
{"target": -13.404955909297016, "params": {"colsample_bytree": 0.3639455673948464, "eta": 0.08665015256195006, "gamma": 405.6965275446084, "max_depth": 3.0, "min_child_weight": 4223.051619470558, "num_boost_round": 21.0, "subsample": 0.3659229605969443}, "datetime": {"datetime": "2024-01-20 17:24:28", "elapsed": 10803.478318, "delta": 0.005193}}
{"target": -13.405079291865611, "params": {"colsample_bytree": 0.3639455673948464, "eta": 0.08665015256195006, "gamma": 405.6965275446084, "max_depth": 3.0, "min_child_weight": 4223.051619470558, "num_boost_round": 22.0, "subsample": 0.3659229605969443}, "datetime": {"datetime": "2024-01-20 17:24:28", "elapsed": 10803.483392, "delta": 0.005074}}
{"target": -13.405323556301141, "params": {"colsample_bytree": 0.3639455673948464, "eta": 0.08665015256195006, "gamma": 405.6965275446084, "max_depth": 3.0, "min_child_weight": 4223.051619470558, "num_boost_round": 23.0, "subsample": 0.3659229605969443}, "datetime": {"datetime": "2024-01-20 17:24:28", "elapsed": 10803.488593, "delta": 0.005201}}
{"target": -13.405463588965937, "params": {"colsample_bytree": 0.3639455673948464, "eta": 0.08665015256195006, "gamma": 405.6965275446084, "max_depth": 3.0, "min_child_weight": 4223.051619470558, "num_boost_round": 24.0, "subsample": 0.3659229605969443}, "datetime": {"datetime": "2024-01-20 17:24:28", "elapsed": 10803.493748, "delta": 0.005155}}
{"target": -13.405911238751896, "params": {"colsample_bytree": 0.3639455673948464, "eta": 0.08665015256195006, "gamma": 405.6965275446084, "max_depth": 3.0, "min_child_weight": 4223.051619470558, "num_boost_round": 25.0, "subsample": 0.3659229605969443}, "datetime": {"datetime": "2024-01-20 17:24:28", "elapsed": 10803.498907, "delta": 0.005159}}
{"target": -13.406430963739364, "params": {"colsample_bytree": 0.3639455673948464, "eta": 0.08665015256195006, "gamma": 405.6965275446084, "max_depth": 3.0, "min_child_weight": 4223.051619470558, "num_boost_round": 26.0, "subsample": 0.3659229605969443}, "datetime": {"datetime": "2024-01-20 17:24:28", "elapsed": 10803.506853, "delta": 0.007946}}
{"target": -13.40687389773879, "params": {"colsample_bytree": 0.3639455673948464, "eta": 0.08665015256195006, "gamma": 405.6965275446084, "max_depth": 3.0, "min_child_weight": 4223.051619470558, "num_boost_round": 27.0, "subsample": 0.3659229605969443}, "datetime": {"datetime": "2024-01-20 17:24:28", "elapsed": 10803.514868, "delta": 0.008015}}
{"target": -13.407477080977127, "params": {"colsample_bytree": 0.3639455673948464, "eta": 0.08665015256195006, "gamma": 405.6965275446084, "max_depth": 3.0, "min_child_weight": 4223.051619470558, "num_boost_round": 28.0, "subsample": 0.3659229605969443}, "datetime": {"datetime": "2024-01-20 17:24:28", "elapsed": 10803.522515, "delta": 0.007647}}
{"target": -13.40761698566693, "params": {"colsample_bytree": 0.3639455673948464, "eta": 0.08665015256195006, "gamma": 405.6965275446084, "max_depth": 3.0, "min_child_weight": 4223.051619470558, "num_boost_round": 29.0, "subsample": 0.3659229605969443}, "datetime": {"datetime": "2024-01-20 17:24:28", "elapsed": 10803.528596, "delta": 0.006081}}
{"target": -13.407688124891713, "params": {"colsample_bytree": 0.3639455673948464, "eta": 0.08665015256195006, "gamma": 405.6965275446084, "max_depth": 3.0, "min_child_weight": 4223.051619470558, "num_boost_round": 30.0, "subsample": 0.3659229605969443}, "datetime": {"datetime": "2024-01-20 17:24:28", "elapsed": 10803.534238, "delta": 0.005642}}
{"target": -13.408097432892305, "params": {"colsample_bytree": 0.3639455673948464, "eta": 0.08665015256195006, "gamma": 405.6965275446084, "max_depth": 3.0, "min_child_weight": 4223.051619470558, "num_boost_round": 31.0, "subsample": 0.3659229605969443}, "datetime": {"datetime": "2024-01-20 17:24:28", "elapsed": 10803.539702, "delta": 0.005464}}
{"target": -13.408416701616702, "params": {"colsample_bytree": 0.3639455673948464, "eta": 0.08665015256195006, "gamma": 405.6965275446084, "max_depth": 3.0, "min_child_weight": 4223.051619470558, "num_boost_round": 32.0, "subsample": 0.3659229605969443}, "datetime": {"datetime": "2024-01-20 17:24:28", "elapsed": 10803.544752, "delta": 0.00505}}
{"target": -13.408377412762519, "params": {"colsample_bytree": 0.3639455673948464, "eta": 0.08665015256195006, "gamma": 405.6965275446084, "max_depth": 3.0, "min_child_weight": 4223.051619470558, "num_boost_round": 33.0, "subsample": 0.3659229605969443}, "datetime": {"datetime": "2024-01-20 17:24:28", "elapsed": 10803.549645, "delta": 0.004893}}
{"target": -13.4083572852784, "params": {"colsample_bytree": 0.3639455673948464, "eta": 0.08665015256195006, "gamma": 405.6965275446084, "max_depth": 3.0, "min_child_weight": 4223.051619470558, "num_boost_round": 34.0, "subsample": 0.3659229605969443}, "datetime": {"datetime": "2024-01-20 17:24:28", "elapsed": 10803.554789, "delta": 0.005144}}
{"target": -13.408855763026613, "params": {"colsample_bytree": 0.3639455673948464, "eta": 0.08665015256195006, "gamma": 405.6965275446084, "max_depth": 3.0, "min_child_weight": 4223.051619470558, "num_boost_round": 35.0, "subsample": 0.3659229605969443}, "datetime": {"datetime": "2024-01-20 17:24:28", "elapsed": 10803.559859, "delta": 0.00507}}
{"target": -13.409159964930343, "params": {"colsample_bytree": 0.3639455673948464, "eta": 0.08665015256195006, "gamma": 405.6965275446084, "max_depth": 3.0, "min_child_weight": 4223.051619470558, "num_boost_round": 36.0, "subsample": 0.3659229605969443}, "datetime": {"datetime": "2024-01-20 17:24:28", "elapsed": 10803.565061, "delta": 0.005202}}
{"target": -13.409028876240505, "params": {"colsample_bytree": 0.3639455673948464, "eta": 0.08665015256195006, "gamma": 405.6965275446084, "max_depth": 3.0, "min_child_weight": 4223.051619470558, "num_boost_round": 37.0, "subsample": 0.3659229605969443}, "datetime": {"datetime": "2024-01-20 17:24:28", "elapsed": 10803.570159, "delta": 0.005098}}
{"target": -13.4091209326504, "params": {"colsample_bytree": 0.3639455673948464, "eta": 0.08665015256195006, "gamma": 405.6965275446084, "max_depth": 3.0, "min_child_weight": 4223.051619470558, "num_boost_round": 38.0, "subsample": 0.3659229605969443}, "datetime": {"datetime": "2024-01-20 17:24:28", "elapsed": 10803.575236, "delta": 0.005077}}
{"target": -13.409698833929228, "params": {"colsample_bytree": 0.3639455673948464, "eta": 0.08665015256195006, "gamma": 405.6965275446084, "max_depth": 3.0, "min_child_weight": 4223.051619470558, "num_boost_round": 39.0, "subsample": 0.3659229605969443}, "datetime": {"datetime": "2024-01-20 17:24:28", "elapsed": 10803.58026, "delta": 0.005024}}
{"target": -13.409787672325884, "params": {"colsample_bytree": 0.3639455673948464, "eta": 0.08665015256195006, "gamma": 405.6965275446084, "max_depth": 3.0, "min_child_weight": 4223.051619470558, "num_boost_round": 40.0, "subsample": 0.3659229605969443}, "datetime": {"datetime": "2024-01-20 17:24:28", "elapsed": 10803.585578, "delta": 0.005318}}
