{"target": -10.301293776630517, "params": {"colsample_bytree": 0.44875480640247556, "eta": 0.05795510827546156, "gamma": 571.0336276398433, "max_depth": 2.0, "min_child_weight": 4580.386727585876, "num_boost_round": 11.0, "subsample": 0.7124053336593507}, "datetime": {"datetime": "2024-01-20 14:40:05", "elapsed": 4703.559459, "delta": 0.002372}}
{"target": -10.3014708840523, "params": {"colsample_bytree": 0.44875480640247556, "eta": 0.05795510827546156, "gamma": 571.0336276398433, "max_depth": 2.0, "min_child_weight": 4580.386727585876, "num_boost_round": 12.0, "subsample": 0.7124053336593507}, "datetime": {"datetime": "2024-01-20 14:40:05", "elapsed": 4703.562041, "delta": 0.002582}}
{"target": -10.301571450619935, "params": {"colsample_bytree": 0.44875480640247556, "eta": 0.05795510827546156, "gamma": 571.0336276398433, "max_depth": 2.0, "min_child_weight": 4580.386727585876, "num_boost_round": 13.0, "subsample": 0.7124053336593507}, "datetime": {"datetime": "2024-01-20 14:40:05", "elapsed": 4703.564729, "delta": 0.002688}}
{"target": -10.301788375367796, "params": {"colsample_bytree": 0.44875480640247556, "eta": 0.05795510827546156, "gamma": 571.0336276398433, "max_depth": 2.0, "min_child_weight": 4580.386727585876, "num_boost_round": 14.0, "subsample": 0.7124053336593507}, "datetime": {"datetime": "2024-01-20 14:40:05", "elapsed": 4703.567227, "delta": 0.002498}}
{"target": -10.302355236006951, "params": {"colsample_bytree": 0.44875480640247556, "eta": 0.05795510827546156, "gamma": 571.0336276398433, "max_depth": 2.0, "min_child_weight": 4580.386727585876, "num_boost_round": 15.0, "subsample": 0.7124053336593507}, "datetime": {"datetime": "2024-01-20 14:40:05", "elapsed": 4703.569787, "delta": 0.00256}}
{"target": -10.302652133937062, "params": {"colsample_bytree": 0.44875480640247556, "eta": 0.05795510827546156, "gamma": 571.0336276398433, "max_depth": 2.0, "min_child_weight": 4580.386727585876, "num_boost_round": 16.0, "subsample": 0.7124053336593507}, "datetime": {"datetime": "2024-01-20 14:40:05", "elapsed": 4703.572369, "delta": 0.002582}}
{"target": -10.303190937693302, "params": {"colsample_bytree": 0.44875480640247556, "eta": 0.05795510827546156, "gamma": 571.0336276398433, "max_depth": 2.0, "min_child_weight": 4580.386727585876, "num_boost_round": 17.0, "subsample": 0.7124053336593507}, "datetime": {"datetime": "2024-01-20 14:40:05", "elapsed": 4703.574895, "delta": 0.002526}}
{"target": -10.303441103390501, "params": {"colsample_bytree": 0.44875480640247556, "eta": 0.05795510827546156, "gamma": 571.0336276398433, "max_depth": 2.0, "min_child_weight": 4580.386727585876, "num_boost_round": 18.0, "subsample": 0.7124053336593507}, "datetime": {"datetime": "2024-01-20 14:40:05", "elapsed": 4703.578393, "delta": 0.003498}}
{"target": -10.303841117428519, "params": {"colsample_bytree": 0.44875480640247556, "eta": 0.05795510827546156, "gamma": 571.0336276398433, "max_depth": 2.0, "min_child_weight": 4580.386727585876, "num_boost_round": 19.0, "subsample": 0.7124053336593507}, "datetime": {"datetime": "2024-01-20 14:40:05", "elapsed": 4703.581599, "delta": 0.003206}}
{"target": -10.303845046655379, "params": {"colsample_bytree": 0.44875480640247556, "eta": 0.05795510827546156, "gamma": 571.0336276398433, "max_depth": 2.0, "min_child_weight": 4580.386727585876, "num_boost_round": 20.0, "subsample": 0.7124053336593507}, "datetime": {"datetime": "2024-01-20 14:40:05", "elapsed": 4703.58439, "delta": 0.002791}}
{"target": -10.304053193286167, "params": {"colsample_bytree": 0.44875480640247556, "eta": 0.05795510827546156, "gamma": 571.0336276398433, "max_depth": 2.0, "min_child_weight": 4580.386727585876, "num_boost_round": 21.0, "subsample": 0.7124053336593507}, "datetime": {"datetime": "2024-01-20 14:40:05", "elapsed": 4703.587078, "delta": 0.002688}}
{"target": -10.304354475552078, "params": {"colsample_bytree": 0.44875480640247556, "eta": 0.05795510827546156, "gamma": 571.0336276398433, "max_depth": 2.0, "min_child_weight": 4580.386727585876, "num_boost_round": 22.0, "subsample": 0.7124053336593507}, "datetime": {"datetime": "2024-01-20 14:40:05", "elapsed": 4703.590057, "delta": 0.002979}}
{"target": -10.30464004249758, "params": {"colsample_bytree": 0.44875480640247556, "eta": 0.05795510827546156, "gamma": 571.0336276398433, "max_depth": 2.0, "min_child_weight": 4580.386727585876, "num_boost_round": 23.0, "subsample": 0.7124053336593507}, "datetime": {"datetime": "2024-01-20 14:40:05", "elapsed": 4703.592766, "delta": 0.002709}}
{"target": -10.304683010760863, "params": {"colsample_bytree": 0.44875480640247556, "eta": 0.05795510827546156, "gamma": 571.0336276398433, "max_depth": 2.0, "min_child_weight": 4580.386727585876, "num_boost_round": 24.0, "subsample": 0.7124053336593507}, "datetime": {"datetime": "2024-01-20 14:40:05", "elapsed": 4703.595863, "delta": 0.003097}}
{"target": -10.304869912080813, "params": {"colsample_bytree": 0.44875480640247556, "eta": 0.05795510827546156, "gamma": 571.0336276398433, "max_depth": 2.0, "min_child_weight": 4580.386727585876, "num_boost_round": 25.0, "subsample": 0.7124053336593507}, "datetime": {"datetime": "2024-01-20 14:40:05", "elapsed": 4703.598498, "delta": 0.002635}}
{"target": -10.305183045669764, "params": {"colsample_bytree": 0.44875480640247556, "eta": 0.05795510827546156, "gamma": 571.0336276398433, "max_depth": 2.0, "min_child_weight": 4580.386727585876, "num_boost_round": 26.0, "subsample": 0.7124053336593507}, "datetime": {"datetime": "2024-01-20 14:40:05", "elapsed": 4703.601476, "delta": 0.002978}}
{"target": -10.305024200421252, "params": {"colsample_bytree": 0.44875480640247556, "eta": 0.05795510827546156, "gamma": 571.0336276398433, "max_depth": 2.0, "min_child_weight": 4580.386727585876, "num_boost_round": 27.0, "subsample": 0.7124053336593507}, "datetime": {"datetime": "2024-01-20 14:40:05", "elapsed": 4703.60461, "delta": 0.003134}}
{"target": -10.30503559896625, "params": {"colsample_bytree": 0.44875480640247556, "eta": 0.05795510827546156, "gamma": 571.0336276398433, "max_depth": 2.0, "min_child_weight": 4580.386727585876, "num_boost_round": 28.0, "subsample": 0.7124053336593507}, "datetime": {"datetime": "2024-01-20 14:40:05", "elapsed": 4703.607535, "delta": 0.002925}}
{"target": -10.305498548975342, "params": {"colsample_bytree": 0.44875480640247556, "eta": 0.05795510827546156, "gamma": 571.0336276398433, "max_depth": 2.0, "min_child_weight": 4580.386727585876, "num_boost_round": 29.0, "subsample": 0.7124053336593507}, "datetime": {"datetime": "2024-01-20 14:40:05", "elapsed": 4703.610079, "delta": 0.002544}}
{"target": -10.305640728100926, "params": {"colsample_bytree": 0.44875480640247556, "eta": 0.05795510827546156, "gamma": 571.0336276398433, "max_depth": 2.0, "min_child_weight": 4580.386727585876, "num_boost_round": 30.0, "subsample": 0.7124053336593507}, "datetime": {"datetime": "2024-01-20 14:40:05", "elapsed": 4703.612689, "delta": 0.00261}}
{"target": -10.305778697903936, "params": {"colsample_bytree": 0.44875480640247556, "eta": 0.05795510827546156, "gamma": 571.0336276398433, "max_depth": 2.0, "min_child_weight": 4580.386727585876, "num_boost_round": 31.0, "subsample": 0.7124053336593507}, "datetime": {"datetime": "2024-01-20 14:40:05", "elapsed": 4703.61538, "delta": 0.002691}}
{"target": -10.305822772580754, "params": {"colsample_bytree": 0.44875480640247556, "eta": 0.05795510827546156, "gamma": 571.0336276398433, "max_depth": 2.0, "min_child_weight": 4580.386727585876, "num_boost_round": 32.0, "subsample": 0.7124053336593507}, "datetime": {"datetime": "2024-01-20 14:40:05", "elapsed": 4703.617894, "delta": 0.002514}}
{"target": -10.306066914151955, "params": {"colsample_bytree": 0.44875480640247556, "eta": 0.05795510827546156, "gamma": 571.0336276398433, "max_depth": 2.0, "min_child_weight": 4580.386727585876, "num_boost_round": 33.0, "subsample": 0.7124053336593507}, "datetime": {"datetime": "2024-01-20 14:40:05", "elapsed": 4703.620398, "delta": 0.002504}}
{"target": -10.30588921835415, "params": {"colsample_bytree": 0.44875480640247556, "eta": 0.05795510827546156, "gamma": 571.0336276398433, "max_depth": 2.0, "min_child_weight": 4580.386727585876, "num_boost_round": 34.0, "subsample": 0.7124053336593507}, "datetime": {"datetime": "2024-01-20 14:40:05", "elapsed": 4703.622933, "delta": 0.002535}}
{"target": -10.305874302863636, "params": {"colsample_bytree": 0.44875480640247556, "eta": 0.05795510827546156, "gamma": 571.0336276398433, "max_depth": 2.0, "min_child_weight": 4580.386727585876, "num_boost_round": 35.0, "subsample": 0.7124053336593507}, "datetime": {"datetime": "2024-01-20 14:40:05", "elapsed": 4703.625565, "delta": 0.002632}}
{"target": -10.306058972854078, "params": {"colsample_bytree": 0.44875480640247556, "eta": 0.05795510827546156, "gamma": 571.0336276398433, "max_depth": 2.0, "min_child_weight": 4580.386727585876, "num_boost_round": 36.0, "subsample": 0.7124053336593507}, "datetime": {"datetime": "2024-01-20 14:40:05", "elapsed": 4703.628129, "delta": 0.002564}}
{"target": -10.306163367785114, "params": {"colsample_bytree": 0.44875480640247556, "eta": 0.05795510827546156, "gamma": 571.0336276398433, "max_depth": 2.0, "min_child_weight": 4580.386727585876, "num_boost_round": 37.0, "subsample": 0.7124053336593507}, "datetime": {"datetime": "2024-01-20 14:40:05", "elapsed": 4703.630764, "delta": 0.002635}}
{"target": -10.306214921985458, "params": {"colsample_bytree": 0.44875480640247556, "eta": 0.05795510827546156, "gamma": 571.0336276398433, "max_depth": 2.0, "min_child_weight": 4580.386727585876, "num_boost_round": 38.0, "subsample": 0.7124053336593507}, "datetime": {"datetime": "2024-01-20 14:40:05", "elapsed": 4703.633334, "delta": 0.00257}}
{"target": -10.29822871549734, "params": {"colsample_bytree": 0.106737396735411, "eta": 0.05584850691107154, "gamma": 881.9514786247222, "max_depth": 6.0, "min_child_weight": 4273.699506374701, "num_boost_round": 1.0, "subsample": 0.18049399750088585}, "datetime": {"datetime": "2024-01-20 14:40:52", "elapsed": 4749.935653, "delta": 46.302319}}
{"target": -10.297923281309018, "params": {"colsample_bytree": 0.106737396735411, "eta": 0.05584850691107154, "gamma": 881.9514786247222, "max_depth": 6.0, "min_child_weight": 4273.699506374701, "num_boost_round": 2.0, "subsample": 0.18049399750088585}, "datetime": {"datetime": "2024-01-20 14:40:52", "elapsed": 4749.942015, "delta": 0.006362}}
{"target": -10.298121408621167, "params": {"colsample_bytree": 0.106737396735411, "eta": 0.05584850691107154, "gamma": 881.9514786247222, "max_depth": 6.0, "min_child_weight": 4273.699506374701, "num_boost_round": 3.0, "subsample": 0.18049399750088585}, "datetime": {"datetime": "2024-01-20 14:40:52", "elapsed": 4749.947173, "delta": 0.005158}}
{"target": -10.29797326322851, "params": {"colsample_bytree": 0.106737396735411, "eta": 0.05584850691107154, "gamma": 881.9514786247222, "max_depth": 6.0, "min_child_weight": 4273.699506374701, "num_boost_round": 4.0, "subsample": 0.18049399750088585}, "datetime": {"datetime": "2024-01-20 14:40:52", "elapsed": 4749.951393, "delta": 0.00422}}
{"target": -10.297463982338044, "params": {"colsample_bytree": 0.106737396735411, "eta": 0.05584850691107154, "gamma": 881.9514786247222, "max_depth": 6.0, "min_child_weight": 4273.699506374701, "num_boost_round": 5.0, "subsample": 0.18049399750088585}, "datetime": {"datetime": "2024-01-20 14:40:52", "elapsed": 4749.955266, "delta": 0.003873}}
{"target": -10.297974362389597, "params": {"colsample_bytree": 0.106737396735411, "eta": 0.05584850691107154, "gamma": 881.9514786247222, "max_depth": 6.0, "min_child_weight": 4273.699506374701, "num_boost_round": 6.0, "subsample": 0.18049399750088585}, "datetime": {"datetime": "2024-01-20 14:40:52", "elapsed": 4749.95866, "delta": 0.003394}}
{"target": -10.297739671099011, "params": {"colsample_bytree": 0.106737396735411, "eta": 0.05584850691107154, "gamma": 881.9514786247222, "max_depth": 6.0, "min_child_weight": 4273.699506374701, "num_boost_round": 7.0, "subsample": 0.18049399750088585}, "datetime": {"datetime": "2024-01-20 14:40:52", "elapsed": 4749.96193, "delta": 0.00327}}
{"target": -10.297370128598791, "params": {"colsample_bytree": 0.106737396735411, "eta": 0.05584850691107154, "gamma": 881.9514786247222, "max_depth": 6.0, "min_child_weight": 4273.699506374701, "num_boost_round": 8.0, "subsample": 0.18049399750088585}, "datetime": {"datetime": "2024-01-20 14:40:52", "elapsed": 4749.965248, "delta": 0.003318}}
{"target": -10.298308380618945, "params": {"colsample_bytree": 0.3823449560092188, "eta": 0.016733347966352504, "gamma": 924.6218220543192, "max_depth": 7.0, "min_child_weight": 4256.545265508664, "num_boost_round": 1.0, "subsample": 0.4380358190099112}, "datetime": {"datetime": "2024-01-20 14:42:02", "elapsed": 4819.969754, "delta": 70.004506}}
{"target": -10.298292247330618, "params": {"colsample_bytree": 0.3823449560092188, "eta": 0.016733347966352504, "gamma": 924.6218220543192, "max_depth": 7.0, "min_child_weight": 4256.545265508664, "num_boost_round": 2.0, "subsample": 0.4380358190099112}, "datetime": {"datetime": "2024-01-20 14:42:02", "elapsed": 4819.975059, "delta": 0.005305}}
{"target": -10.298333201462171, "params": {"colsample_bytree": 0.3823449560092188, "eta": 0.016733347966352504, "gamma": 924.6218220543192, "max_depth": 7.0, "min_child_weight": 4256.545265508664, "num_boost_round": 3.0, "subsample": 0.4380358190099112}, "datetime": {"datetime": "2024-01-20 14:42:02", "elapsed": 4819.978801, "delta": 0.003742}}
{"target": -10.298356960552237, "params": {"colsample_bytree": 0.3823449560092188, "eta": 0.016733347966352504, "gamma": 924.6218220543192, "max_depth": 7.0, "min_child_weight": 4256.545265508664, "num_boost_round": 4.0, "subsample": 0.4380358190099112}, "datetime": {"datetime": "2024-01-20 14:42:02", "elapsed": 4819.982554, "delta": 0.003753}}
{"target": -10.298396267398104, "params": {"colsample_bytree": 0.3823449560092188, "eta": 0.016733347966352504, "gamma": 924.6218220543192, "max_depth": 7.0, "min_child_weight": 4256.545265508664, "num_boost_round": 5.0, "subsample": 0.4380358190099112}, "datetime": {"datetime": "2024-01-20 14:42:02", "elapsed": 4819.985951, "delta": 0.003397}}
{"target": -10.298436796322289, "params": {"colsample_bytree": 0.3823449560092188, "eta": 0.016733347966352504, "gamma": 924.6218220543192, "max_depth": 7.0, "min_child_weight": 4256.545265508664, "num_boost_round": 6.0, "subsample": 0.4380358190099112}, "datetime": {"datetime": "2024-01-20 14:42:02", "elapsed": 4819.989607, "delta": 0.003656}}
{"target": -10.298430436311838, "params": {"colsample_bytree": 0.3823449560092188, "eta": 0.016733347966352504, "gamma": 924.6218220543192, "max_depth": 7.0, "min_child_weight": 4256.545265508664, "num_boost_round": 7.0, "subsample": 0.4380358190099112}, "datetime": {"datetime": "2024-01-20 14:42:02", "elapsed": 4819.99301, "delta": 0.003403}}
{"target": -10.298398044102008, "params": {"colsample_bytree": 0.3823449560092188, "eta": 0.016733347966352504, "gamma": 924.6218220543192, "max_depth": 7.0, "min_child_weight": 4256.545265508664, "num_boost_round": 8.0, "subsample": 0.4380358190099112}, "datetime": {"datetime": "2024-01-20 14:42:02", "elapsed": 4819.996223, "delta": 0.003213}}
{"target": -10.298389638677744, "params": {"colsample_bytree": 0.3823449560092188, "eta": 0.016733347966352504, "gamma": 924.6218220543192, "max_depth": 7.0, "min_child_weight": 4256.545265508664, "num_boost_round": 9.0, "subsample": 0.4380358190099112}, "datetime": {"datetime": "2024-01-20 14:42:02", "elapsed": 4819.999314, "delta": 0.003091}}
{"target": -10.29844162288744, "params": {"colsample_bytree": 0.3823449560092188, "eta": 0.016733347966352504, "gamma": 924.6218220543192, "max_depth": 7.0, "min_child_weight": 4256.545265508664, "num_boost_round": 10.0, "subsample": 0.4380358190099112}, "datetime": {"datetime": "2024-01-20 14:42:02", "elapsed": 4820.002423, "delta": 0.003109}}
{"target": -10.298370798622058, "params": {"colsample_bytree": 0.3823449560092188, "eta": 0.016733347966352504, "gamma": 924.6218220543192, "max_depth": 7.0, "min_child_weight": 4256.545265508664, "num_boost_round": 11.0, "subsample": 0.4380358190099112}, "datetime": {"datetime": "2024-01-20 14:42:02", "elapsed": 4820.005645, "delta": 0.003222}}
{"target": -10.298470929443466, "params": {"colsample_bytree": 0.3823449560092188, "eta": 0.016733347966352504, "gamma": 924.6218220543192, "max_depth": 7.0, "min_child_weight": 4256.545265508664, "num_boost_round": 12.0, "subsample": 0.4380358190099112}, "datetime": {"datetime": "2024-01-20 14:42:02", "elapsed": 4820.009004, "delta": 0.003359}}
{"target": -10.298344093793665, "params": {"colsample_bytree": 0.3823449560092188, "eta": 0.016733347966352504, "gamma": 924.6218220543192, "max_depth": 7.0, "min_child_weight": 4256.545265508664, "num_boost_round": 13.0, "subsample": 0.4380358190099112}, "datetime": {"datetime": "2024-01-20 14:42:02", "elapsed": 4820.012609, "delta": 0.003605}}
{"target": -10.298390379721775, "params": {"colsample_bytree": 0.3823449560092188, "eta": 0.016733347966352504, "gamma": 924.6218220543192, "max_depth": 7.0, "min_child_weight": 4256.545265508664, "num_boost_round": 14.0, "subsample": 0.4380358190099112}, "datetime": {"datetime": "2024-01-20 14:42:02", "elapsed": 4820.015906, "delta": 0.003297}}
{"target": -10.298441128021334, "params": {"colsample_bytree": 0.3823449560092188, "eta": 0.016733347966352504, "gamma": 924.6218220543192, "max_depth": 7.0, "min_child_weight": 4256.545265508664, "num_boost_round": 15.0, "subsample": 0.4380358190099112}, "datetime": {"datetime": "2024-01-20 14:42:02", "elapsed": 4820.018975, "delta": 0.003069}}
{"target": -10.298382651374148, "params": {"colsample_bytree": 0.3823449560092188, "eta": 0.016733347966352504, "gamma": 924.6218220543192, "max_depth": 7.0, "min_child_weight": 4256.545265508664, "num_boost_round": 16.0, "subsample": 0.4380358190099112}, "datetime": {"datetime": "2024-01-20 14:42:02", "elapsed": 4820.021945, "delta": 0.00297}}
{"target": -10.29839749573912, "params": {"colsample_bytree": 0.3823449560092188, "eta": 0.016733347966352504, "gamma": 924.6218220543192, "max_depth": 7.0, "min_child_weight": 4256.545265508664, "num_boost_round": 17.0, "subsample": 0.4380358190099112}, "datetime": {"datetime": "2024-01-20 14:42:02", "elapsed": 4820.024889, "delta": 0.002944}}
{"target": -10.298459715802839, "params": {"colsample_bytree": 0.3823449560092188, "eta": 0.016733347966352504, "gamma": 924.6218220543192, "max_depth": 7.0, "min_child_weight": 4256.545265508664, "num_boost_round": 18.0, "subsample": 0.4380358190099112}, "datetime": {"datetime": "2024-01-20 14:42:02", "elapsed": 4820.027782, "delta": 0.002893}}
{"target": -10.298490924572437, "params": {"colsample_bytree": 0.3823449560092188, "eta": 0.016733347966352504, "gamma": 924.6218220543192, "max_depth": 7.0, "min_child_weight": 4256.545265508664, "num_boost_round": 19.0, "subsample": 0.4380358190099112}, "datetime": {"datetime": "2024-01-20 14:42:02", "elapsed": 4820.030652, "delta": 0.00287}}
{"target": -10.298410077723872, "params": {"colsample_bytree": 0.3823449560092188, "eta": 0.016733347966352504, "gamma": 924.6218220543192, "max_depth": 7.0, "min_child_weight": 4256.545265508664, "num_boost_round": 20.0, "subsample": 0.4380358190099112}, "datetime": {"datetime": "2024-01-20 14:42:02", "elapsed": 4820.035072, "delta": 0.00442}}
{"target": -10.29842976199038, "params": {"colsample_bytree": 0.3823449560092188, "eta": 0.016733347966352504, "gamma": 924.6218220543192, "max_depth": 7.0, "min_child_weight": 4256.545265508664, "num_boost_round": 21.0, "subsample": 0.4380358190099112}, "datetime": {"datetime": "2024-01-20 14:42:02", "elapsed": 4820.038998, "delta": 0.003926}}
{"target": -10.298470335468203, "params": {"colsample_bytree": 0.3823449560092188, "eta": 0.016733347966352504, "gamma": 924.6218220543192, "max_depth": 7.0, "min_child_weight": 4256.545265508664, "num_boost_round": 22.0, "subsample": 0.4380358190099112}, "datetime": {"datetime": "2024-01-20 14:42:02", "elapsed": 4820.042391, "delta": 0.003393}}
{"target": -10.298650710590568, "params": {"colsample_bytree": 0.3823449560092188, "eta": 0.016733347966352504, "gamma": 924.6218220543192, "max_depth": 7.0, "min_child_weight": 4256.545265508664, "num_boost_round": 23.0, "subsample": 0.4380358190099112}, "datetime": {"datetime": "2024-01-20 14:42:02", "elapsed": 4820.045906, "delta": 0.003515}}
{"target": -10.298651510965144, "params": {"colsample_bytree": 0.3823449560092188, "eta": 0.016733347966352504, "gamma": 924.6218220543192, "max_depth": 7.0, "min_child_weight": 4256.545265508664, "num_boost_round": 24.0, "subsample": 0.4380358190099112}, "datetime": {"datetime": "2024-01-20 14:42:02", "elapsed": 4820.049247, "delta": 0.003341}}
{"target": -10.298673245535833, "params": {"colsample_bytree": 0.3823449560092188, "eta": 0.016733347966352504, "gamma": 924.6218220543192, "max_depth": 7.0, "min_child_weight": 4256.545265508664, "num_boost_round": 25.0, "subsample": 0.4380358190099112}, "datetime": {"datetime": "2024-01-20 14:42:02", "elapsed": 4820.052497, "delta": 0.00325}}
{"target": -10.29880780470313, "params": {"colsample_bytree": 0.3823449560092188, "eta": 0.016733347966352504, "gamma": 924.6218220543192, "max_depth": 7.0, "min_child_weight": 4256.545265508664, "num_boost_round": 26.0, "subsample": 0.4380358190099112}, "datetime": {"datetime": "2024-01-20 14:42:02", "elapsed": 4820.05564, "delta": 0.003143}}
{"target": -10.298760258976841, "params": {"colsample_bytree": 0.3823449560092188, "eta": 0.016733347966352504, "gamma": 924.6218220543192, "max_depth": 7.0, "min_child_weight": 4256.545265508664, "num_boost_round": 27.0, "subsample": 0.4380358190099112}, "datetime": {"datetime": "2024-01-20 14:42:02", "elapsed": 4820.058833, "delta": 0.003193}}
