{"target": -19.143876474295098, "params": {"colsample_bytree": 0.8717986137173235, "eta": 0.015384417182254875, "gamma": 298.7252418857063, "max_depth": 8.0, "min_child_weight": 4170.931208003433, "num_boost_round": 13.0, "subsample": 0.43499053566788215}, "datetime": {"datetime": "2024-01-20 14:44:49", "elapsed": 1257.466635, "delta": 0.001911}}
{"target": -19.143959254079622, "params": {"colsample_bytree": 0.8717986137173235, "eta": 0.015384417182254875, "gamma": 298.7252418857063, "max_depth": 8.0, "min_child_weight": 4170.931208003433, "num_boost_round": 14.0, "subsample": 0.43499053566788215}, "datetime": {"datetime": "2024-01-20 14:44:49", "elapsed": 1257.468663, "delta": 0.002028}}
{"target": -19.14406000985217, "params": {"colsample_bytree": 0.8717986137173235, "eta": 0.015384417182254875, "gamma": 298.7252418857063, "max_depth": 8.0, "min_child_weight": 4170.931208003433, "num_boost_round": 15.0, "subsample": 0.43499053566788215}, "datetime": {"datetime": "2024-01-20 14:44:49", "elapsed": 1257.470661, "delta": 0.001998}}
{"target": -19.14399886597841, "params": {"colsample_bytree": 0.8717986137173235, "eta": 0.015384417182254875, "gamma": 298.7252418857063, "max_depth": 8.0, "min_child_weight": 4170.931208003433, "num_boost_round": 16.0, "subsample": 0.43499053566788215}, "datetime": {"datetime": "2024-01-20 14:44:49", "elapsed": 1257.472639, "delta": 0.001978}}
{"target": -19.14418428244219, "params": {"colsample_bytree": 0.8717986137173235, "eta": 0.015384417182254875, "gamma": 298.7252418857063, "max_depth": 8.0, "min_child_weight": 4170.931208003433, "num_boost_round": 17.0, "subsample": 0.43499053566788215}, "datetime": {"datetime": "2024-01-20 14:44:49", "elapsed": 1257.474567, "delta": 0.001928}}
{"target": -19.14423483082617, "params": {"colsample_bytree": 0.8717986137173235, "eta": 0.015384417182254875, "gamma": 298.7252418857063, "max_depth": 8.0, "min_child_weight": 4170.931208003433, "num_boost_round": 18.0, "subsample": 0.43499053566788215}, "datetime": {"datetime": "2024-01-20 14:44:49", "elapsed": 1257.476502, "delta": 0.001935}}
{"target": -19.144357826986862, "params": {"colsample_bytree": 0.8717986137173235, "eta": 0.015384417182254875, "gamma": 298.7252418857063, "max_depth": 8.0, "min_child_weight": 4170.931208003433, "num_boost_round": 19.0, "subsample": 0.43499053566788215}, "datetime": {"datetime": "2024-01-20 14:44:49", "elapsed": 1257.478376, "delta": 0.001874}}
{"target": -19.144385524701363, "params": {"colsample_bytree": 0.8717986137173235, "eta": 0.015384417182254875, "gamma": 298.7252418857063, "max_depth": 8.0, "min_child_weight": 4170.931208003433, "num_boost_round": 20.0, "subsample": 0.43499053566788215}, "datetime": {"datetime": "2024-01-20 14:44:49", "elapsed": 1257.480775, "delta": 0.002399}}
{"target": -19.144602455942174, "params": {"colsample_bytree": 0.8717986137173235, "eta": 0.015384417182254875, "gamma": 298.7252418857063, "max_depth": 8.0, "min_child_weight": 4170.931208003433, "num_boost_round": 21.0, "subsample": 0.43499053566788215}, "datetime": {"datetime": "2024-01-20 14:44:49", "elapsed": 1257.482701, "delta": 0.001926}}
{"target": -19.14475076510541, "params": {"colsample_bytree": 0.8717986137173235, "eta": 0.015384417182254875, "gamma": 298.7252418857063, "max_depth": 8.0, "min_child_weight": 4170.931208003433, "num_boost_round": 22.0, "subsample": 0.43499053566788215}, "datetime": {"datetime": "2024-01-20 14:44:49", "elapsed": 1257.484593, "delta": 0.001892}}
{"target": -19.144769443771374, "params": {"colsample_bytree": 0.8717986137173235, "eta": 0.015384417182254875, "gamma": 298.7252418857063, "max_depth": 8.0, "min_child_weight": 4170.931208003433, "num_boost_round": 23.0, "subsample": 0.43499053566788215}, "datetime": {"datetime": "2024-01-20 14:44:49", "elapsed": 1257.486471, "delta": 0.001878}}
{"target": -19.144812896521074, "params": {"colsample_bytree": 0.8717986137173235, "eta": 0.015384417182254875, "gamma": 298.7252418857063, "max_depth": 8.0, "min_child_weight": 4170.931208003433, "num_boost_round": 24.0, "subsample": 0.43499053566788215}, "datetime": {"datetime": "2024-01-20 14:44:49", "elapsed": 1257.488485, "delta": 0.002014}}
{"target": -19.145039266748356, "params": {"colsample_bytree": 0.8717986137173235, "eta": 0.015384417182254875, "gamma": 298.7252418857063, "max_depth": 8.0, "min_child_weight": 4170.931208003433, "num_boost_round": 25.0, "subsample": 0.43499053566788215}, "datetime": {"datetime": "2024-01-20 14:44:49", "elapsed": 1257.490381, "delta": 0.001896}}
{"target": -19.145137455694694, "params": {"colsample_bytree": 0.8717986137173235, "eta": 0.015384417182254875, "gamma": 298.7252418857063, "max_depth": 8.0, "min_child_weight": 4170.931208003433, "num_boost_round": 26.0, "subsample": 0.43499053566788215}, "datetime": {"datetime": "2024-01-20 14:44:49", "elapsed": 1257.492286, "delta": 0.001905}}
{"target": -19.145257668373752, "params": {"colsample_bytree": 0.8717986137173235, "eta": 0.015384417182254875, "gamma": 298.7252418857063, "max_depth": 8.0, "min_child_weight": 4170.931208003433, "num_boost_round": 27.0, "subsample": 0.43499053566788215}, "datetime": {"datetime": "2024-01-20 14:44:49", "elapsed": 1257.494177, "delta": 0.001891}}
{"target": -19.14542996085285, "params": {"colsample_bytree": 0.8717986137173235, "eta": 0.015384417182254875, "gamma": 298.7252418857063, "max_depth": 8.0, "min_child_weight": 4170.931208003433, "num_boost_round": 28.0, "subsample": 0.43499053566788215}, "datetime": {"datetime": "2024-01-20 14:44:49", "elapsed": 1257.496081, "delta": 0.001904}}
{"target": -19.145518791722097, "params": {"colsample_bytree": 0.8717986137173235, "eta": 0.015384417182254875, "gamma": 298.7252418857063, "max_depth": 8.0, "min_child_weight": 4170.931208003433, "num_boost_round": 29.0, "subsample": 0.43499053566788215}, "datetime": {"datetime": "2024-01-20 14:44:49", "elapsed": 1257.497973, "delta": 0.001892}}
{"target": -19.145759041773335, "params": {"colsample_bytree": 0.8717986137173235, "eta": 0.015384417182254875, "gamma": 298.7252418857063, "max_depth": 8.0, "min_child_weight": 4170.931208003433, "num_boost_round": 30.0, "subsample": 0.43499053566788215}, "datetime": {"datetime": "2024-01-20 14:44:49", "elapsed": 1257.49987, "delta": 0.001897}}
{"target": -19.1458700241868, "params": {"colsample_bytree": 0.8717986137173235, "eta": 0.015384417182254875, "gamma": 298.7252418857063, "max_depth": 8.0, "min_child_weight": 4170.931208003433, "num_boost_round": 31.0, "subsample": 0.43499053566788215}, "datetime": {"datetime": "2024-01-20 14:44:49", "elapsed": 1257.501771, "delta": 0.001901}}
{"target": -19.145944538010617, "params": {"colsample_bytree": 0.8717986137173235, "eta": 0.015384417182254875, "gamma": 298.7252418857063, "max_depth": 8.0, "min_child_weight": 4170.931208003433, "num_boost_round": 32.0, "subsample": 0.43499053566788215}, "datetime": {"datetime": "2024-01-20 14:44:49", "elapsed": 1257.503912, "delta": 0.002141}}
{"target": -19.146063433723768, "params": {"colsample_bytree": 0.8717986137173235, "eta": 0.015384417182254875, "gamma": 298.7252418857063, "max_depth": 8.0, "min_child_weight": 4170.931208003433, "num_boost_round": 33.0, "subsample": 0.43499053566788215}, "datetime": {"datetime": "2024-01-20 14:44:49", "elapsed": 1257.505826, "delta": 0.001914}}
{"target": -19.146283719962366, "params": {"colsample_bytree": 0.8717986137173235, "eta": 0.015384417182254875, "gamma": 298.7252418857063, "max_depth": 8.0, "min_child_weight": 4170.931208003433, "num_boost_round": 34.0, "subsample": 0.43499053566788215}, "datetime": {"datetime": "2024-01-20 14:44:49", "elapsed": 1257.507793, "delta": 0.001967}}
{"target": -19.146437508734916, "params": {"colsample_bytree": 0.8717986137173235, "eta": 0.015384417182254875, "gamma": 298.7252418857063, "max_depth": 8.0, "min_child_weight": 4170.931208003433, "num_boost_round": 35.0, "subsample": 0.43499053566788215}, "datetime": {"datetime": "2024-01-20 14:44:49", "elapsed": 1257.509674, "delta": 0.001881}}
{"target": -19.146508748548673, "params": {"colsample_bytree": 0.8717986137173235, "eta": 0.015384417182254875, "gamma": 298.7252418857063, "max_depth": 8.0, "min_child_weight": 4170.931208003433, "num_boost_round": 36.0, "subsample": 0.43499053566788215}, "datetime": {"datetime": "2024-01-20 14:44:49", "elapsed": 1257.511568, "delta": 0.001894}}
{"target": -19.146634590710182, "params": {"colsample_bytree": 0.8717986137173235, "eta": 0.015384417182254875, "gamma": 298.7252418857063, "max_depth": 8.0, "min_child_weight": 4170.931208003433, "num_boost_round": 37.0, "subsample": 0.43499053566788215}, "datetime": {"datetime": "2024-01-20 14:44:49", "elapsed": 1257.513442, "delta": 0.001874}}
{"target": -19.14672245242778, "params": {"colsample_bytree": 0.8717986137173235, "eta": 0.015384417182254875, "gamma": 298.7252418857063, "max_depth": 8.0, "min_child_weight": 4170.931208003433, "num_boost_round": 38.0, "subsample": 0.43499053566788215}, "datetime": {"datetime": "2024-01-20 14:44:49", "elapsed": 1257.515322, "delta": 0.00188}}
{"target": -19.14689032269209, "params": {"colsample_bytree": 0.8717986137173235, "eta": 0.015384417182254875, "gamma": 298.7252418857063, "max_depth": 8.0, "min_child_weight": 4170.931208003433, "num_boost_round": 39.0, "subsample": 0.43499053566788215}, "datetime": {"datetime": "2024-01-20 14:44:49", "elapsed": 1257.517349, "delta": 0.002027}}
{"target": -19.147114076668174, "params": {"colsample_bytree": 0.8717986137173235, "eta": 0.015384417182254875, "gamma": 298.7252418857063, "max_depth": 8.0, "min_child_weight": 4170.931208003433, "num_boost_round": 40.0, "subsample": 0.43499053566788215}, "datetime": {"datetime": "2024-01-20 14:44:49", "elapsed": 1257.519289, "delta": 0.00194}}
{"target": -19.14719699479127, "params": {"colsample_bytree": 0.8717986137173235, "eta": 0.015384417182254875, "gamma": 298.7252418857063, "max_depth": 8.0, "min_child_weight": 4170.931208003433, "num_boost_round": 41.0, "subsample": 0.43499053566788215}, "datetime": {"datetime": "2024-01-20 14:44:49", "elapsed": 1257.52118, "delta": 0.001891}}
{"target": -19.147350918836615, "params": {"colsample_bytree": 0.8717986137173235, "eta": 0.015384417182254875, "gamma": 298.7252418857063, "max_depth": 8.0, "min_child_weight": 4170.931208003433, "num_boost_round": 42.0, "subsample": 0.43499053566788215}, "datetime": {"datetime": "2024-01-20 14:44:49", "elapsed": 1257.523121, "delta": 0.001941}}
{"target": -19.14753710450498, "params": {"colsample_bytree": 0.8717986137173235, "eta": 0.015384417182254875, "gamma": 298.7252418857063, "max_depth": 8.0, "min_child_weight": 4170.931208003433, "num_boost_round": 43.0, "subsample": 0.43499053566788215}, "datetime": {"datetime": "2024-01-20 14:44:49", "elapsed": 1257.525012, "delta": 0.001891}}
{"target": -19.147630989635548, "params": {"colsample_bytree": 0.8717986137173235, "eta": 0.015384417182254875, "gamma": 298.7252418857063, "max_depth": 8.0, "min_child_weight": 4170.931208003433, "num_boost_round": 44.0, "subsample": 0.43499053566788215}, "datetime": {"datetime": "2024-01-20 14:44:49", "elapsed": 1257.52723, "delta": 0.002218}}
{"target": -19.147868289433916, "params": {"colsample_bytree": 0.8717986137173235, "eta": 0.015384417182254875, "gamma": 298.7252418857063, "max_depth": 8.0, "min_child_weight": 4170.931208003433, "num_boost_round": 45.0, "subsample": 0.43499053566788215}, "datetime": {"datetime": "2024-01-20 14:44:49", "elapsed": 1257.529116, "delta": 0.001886}}
{"target": -19.14795608823397, "params": {"colsample_bytree": 0.8717986137173235, "eta": 0.015384417182254875, "gamma": 298.7252418857063, "max_depth": 8.0, "min_child_weight": 4170.931208003433, "num_boost_round": 46.0, "subsample": 0.43499053566788215}, "datetime": {"datetime": "2024-01-20 14:44:49", "elapsed": 1257.531022, "delta": 0.001906}}
{"target": -19.148105133052447, "params": {"colsample_bytree": 0.8717986137173235, "eta": 0.015384417182254875, "gamma": 298.7252418857063, "max_depth": 8.0, "min_child_weight": 4170.931208003433, "num_boost_round": 47.0, "subsample": 0.43499053566788215}, "datetime": {"datetime": "2024-01-20 14:44:49", "elapsed": 1257.532931, "delta": 0.001909}}
{"target": -19.14824952966994, "params": {"colsample_bytree": 0.8717986137173235, "eta": 0.015384417182254875, "gamma": 298.7252418857063, "max_depth": 8.0, "min_child_weight": 4170.931208003433, "num_boost_round": 48.0, "subsample": 0.43499053566788215}, "datetime": {"datetime": "2024-01-20 14:44:49", "elapsed": 1257.534839, "delta": 0.001908}}
{"target": -19.148425954947594, "params": {"colsample_bytree": 0.8717986137173235, "eta": 0.015384417182254875, "gamma": 298.7252418857063, "max_depth": 8.0, "min_child_weight": 4170.931208003433, "num_boost_round": 49.0, "subsample": 0.43499053566788215}, "datetime": {"datetime": "2024-01-20 14:44:49", "elapsed": 1257.536778, "delta": 0.001939}}
{"target": -19.148646244778256, "params": {"colsample_bytree": 0.8717986137173235, "eta": 0.015384417182254875, "gamma": 298.7252418857063, "max_depth": 8.0, "min_child_weight": 4170.931208003433, "num_boost_round": 50.0, "subsample": 0.43499053566788215}, "datetime": {"datetime": "2024-01-20 14:44:49", "elapsed": 1257.538677, "delta": 0.001899}}
{"target": -19.148679599213086, "params": {"colsample_bytree": 0.8717986137173235, "eta": 0.015384417182254875, "gamma": 298.7252418857063, "max_depth": 8.0, "min_child_weight": 4170.931208003433, "num_boost_round": 51.0, "subsample": 0.43499053566788215}, "datetime": {"datetime": "2024-01-20 14:44:49", "elapsed": 1257.540577, "delta": 0.0019}}
{"target": -19.148884562224627, "params": {"colsample_bytree": 0.8717986137173235, "eta": 0.015384417182254875, "gamma": 298.7252418857063, "max_depth": 8.0, "min_child_weight": 4170.931208003433, "num_boost_round": 52.0, "subsample": 0.43499053566788215}, "datetime": {"datetime": "2024-01-20 14:44:49", "elapsed": 1257.54248, "delta": 0.001903}}
{"target": -19.1490170852498, "params": {"colsample_bytree": 0.8717986137173235, "eta": 0.015384417182254875, "gamma": 298.7252418857063, "max_depth": 8.0, "min_child_weight": 4170.931208003433, "num_boost_round": 53.0, "subsample": 0.43499053566788215}, "datetime": {"datetime": "2024-01-20 14:44:49", "elapsed": 1257.544443, "delta": 0.001963}}
{"target": -19.149126343899646, "params": {"colsample_bytree": 0.8717986137173235, "eta": 0.015384417182254875, "gamma": 298.7252418857063, "max_depth": 8.0, "min_child_weight": 4170.931208003433, "num_boost_round": 54.0, "subsample": 0.43499053566788215}, "datetime": {"datetime": "2024-01-20 14:44:49", "elapsed": 1257.546348, "delta": 0.001905}}
{"target": -19.149444100184176, "params": {"colsample_bytree": 0.8717986137173235, "eta": 0.015384417182254875, "gamma": 298.7252418857063, "max_depth": 8.0, "min_child_weight": 4170.931208003433, "num_boost_round": 55.0, "subsample": 0.43499053566788215}, "datetime": {"datetime": "2024-01-20 14:44:49", "elapsed": 1257.548343, "delta": 0.001995}}
{"target": -19.149560994230043, "params": {"colsample_bytree": 0.8717986137173235, "eta": 0.015384417182254875, "gamma": 298.7252418857063, "max_depth": 8.0, "min_child_weight": 4170.931208003433, "num_boost_round": 56.0, "subsample": 0.43499053566788215}, "datetime": {"datetime": "2024-01-20 14:44:49", "elapsed": 1257.550487, "delta": 0.002144}}
{"target": -19.149623179620544, "params": {"colsample_bytree": 0.8717986137173235, "eta": 0.015384417182254875, "gamma": 298.7252418857063, "max_depth": 8.0, "min_child_weight": 4170.931208003433, "num_boost_round": 57.0, "subsample": 0.43499053566788215}, "datetime": {"datetime": "2024-01-20 14:44:49", "elapsed": 1257.552403, "delta": 0.001916}}
{"target": -19.149727639289495, "params": {"colsample_bytree": 0.8717986137173235, "eta": 0.015384417182254875, "gamma": 298.7252418857063, "max_depth": 8.0, "min_child_weight": 4170.931208003433, "num_boost_round": 58.0, "subsample": 0.43499053566788215}, "datetime": {"datetime": "2024-01-20 14:44:49", "elapsed": 1257.554323, "delta": 0.00192}}
{"target": -19.1498808168869, "params": {"colsample_bytree": 0.8717986137173235, "eta": 0.015384417182254875, "gamma": 298.7252418857063, "max_depth": 8.0, "min_child_weight": 4170.931208003433, "num_boost_round": 59.0, "subsample": 0.43499053566788215}, "datetime": {"datetime": "2024-01-20 14:44:49", "elapsed": 1257.556293, "delta": 0.00197}}
{"target": -19.149936308319273, "params": {"colsample_bytree": 0.8717986137173235, "eta": 0.015384417182254875, "gamma": 298.7252418857063, "max_depth": 8.0, "min_child_weight": 4170.931208003433, "num_boost_round": 60.0, "subsample": 0.43499053566788215}, "datetime": {"datetime": "2024-01-20 14:44:49", "elapsed": 1257.558221, "delta": 0.001928}}
{"target": -19.15010437222856, "params": {"colsample_bytree": 0.8717986137173235, "eta": 0.015384417182254875, "gamma": 298.7252418857063, "max_depth": 8.0, "min_child_weight": 4170.931208003433, "num_boost_round": 61.0, "subsample": 0.43499053566788215}, "datetime": {"datetime": "2024-01-20 14:44:49", "elapsed": 1257.560141, "delta": 0.00192}}
{"target": -19.150329924827304, "params": {"colsample_bytree": 0.8717986137173235, "eta": 0.015384417182254875, "gamma": 298.7252418857063, "max_depth": 8.0, "min_child_weight": 4170.931208003433, "num_boost_round": 62.0, "subsample": 0.43499053566788215}, "datetime": {"datetime": "2024-01-20 14:44:49", "elapsed": 1257.562064, "delta": 0.001923}}
{"target": -19.150514673762565, "params": {"colsample_bytree": 0.8717986137173235, "eta": 0.015384417182254875, "gamma": 298.7252418857063, "max_depth": 8.0, "min_child_weight": 4170.931208003433, "num_boost_round": 63.0, "subsample": 0.43499053566788215}, "datetime": {"datetime": "2024-01-20 14:44:49", "elapsed": 1257.564061, "delta": 0.001997}}
{"target": -19.150758138023104, "params": {"colsample_bytree": 0.8717986137173235, "eta": 0.015384417182254875, "gamma": 298.7252418857063, "max_depth": 8.0, "min_child_weight": 4170.931208003433, "num_boost_round": 64.0, "subsample": 0.43499053566788215}, "datetime": {"datetime": "2024-01-20 14:44:49", "elapsed": 1257.565979, "delta": 0.001918}}
{"target": -19.150989481774637, "params": {"colsample_bytree": 0.8717986137173235, "eta": 0.015384417182254875, "gamma": 298.7252418857063, "max_depth": 8.0, "min_child_weight": 4170.931208003433, "num_boost_round": 65.0, "subsample": 0.43499053566788215}, "datetime": {"datetime": "2024-01-20 14:44:49", "elapsed": 1257.568156, "delta": 0.002177}}
{"target": -19.15114070891827, "params": {"colsample_bytree": 0.8717986137173235, "eta": 0.015384417182254875, "gamma": 298.7252418857063, "max_depth": 8.0, "min_child_weight": 4170.931208003433, "num_boost_round": 66.0, "subsample": 0.43499053566788215}, "datetime": {"datetime": "2024-01-20 14:44:49", "elapsed": 1257.570176, "delta": 0.00202}}
{"target": -19.151249936984808, "params": {"colsample_bytree": 0.8717986137173235, "eta": 0.015384417182254875, "gamma": 298.7252418857063, "max_depth": 8.0, "min_child_weight": 4170.931208003433, "num_boost_round": 67.0, "subsample": 0.43499053566788215}, "datetime": {"datetime": "2024-01-20 14:44:49", "elapsed": 1257.572161, "delta": 0.001985}}
{"target": -19.15139882251086, "params": {"colsample_bytree": 0.8717986137173235, "eta": 0.015384417182254875, "gamma": 298.7252418857063, "max_depth": 8.0, "min_child_weight": 4170.931208003433, "num_boost_round": 68.0, "subsample": 0.43499053566788215}, "datetime": {"datetime": "2024-01-20 14:44:49", "elapsed": 1257.619533, "delta": 0.047372}}
{"target": -19.151557301804523, "params": {"colsample_bytree": 0.8717986137173235, "eta": 0.015384417182254875, "gamma": 298.7252418857063, "max_depth": 8.0, "min_child_weight": 4170.931208003433, "num_boost_round": 69.0, "subsample": 0.43499053566788215}, "datetime": {"datetime": "2024-01-20 14:44:49", "elapsed": 1257.621566, "delta": 0.002033}}
{"target": -19.151689748015567, "params": {"colsample_bytree": 0.8717986137173235, "eta": 0.015384417182254875, "gamma": 298.7252418857063, "max_depth": 8.0, "min_child_weight": 4170.931208003433, "num_boost_round": 70.0, "subsample": 0.43499053566788215}, "datetime": {"datetime": "2024-01-20 14:44:49", "elapsed": 1257.623606, "delta": 0.00204}}
{"target": -19.151833518048186, "params": {"colsample_bytree": 0.8717986137173235, "eta": 0.015384417182254875, "gamma": 298.7252418857063, "max_depth": 8.0, "min_child_weight": 4170.931208003433, "num_boost_round": 71.0, "subsample": 0.43499053566788215}, "datetime": {"datetime": "2024-01-20 14:44:49", "elapsed": 1257.625539, "delta": 0.001933}}
{"target": -19.152027440788878, "params": {"colsample_bytree": 0.8717986137173235, "eta": 0.015384417182254875, "gamma": 298.7252418857063, "max_depth": 8.0, "min_child_weight": 4170.931208003433, "num_boost_round": 72.0, "subsample": 0.43499053566788215}, "datetime": {"datetime": "2024-01-20 14:44:49", "elapsed": 1257.627547, "delta": 0.002008}}
{"target": -19.152256369219213, "params": {"colsample_bytree": 0.8717986137173235, "eta": 0.015384417182254875, "gamma": 298.7252418857063, "max_depth": 8.0, "min_child_weight": 4170.931208003433, "num_boost_round": 73.0, "subsample": 0.43499053566788215}, "datetime": {"datetime": "2024-01-20 14:44:49", "elapsed": 1257.629486, "delta": 0.001939}}
{"target": -19.1524516650057, "params": {"colsample_bytree": 0.8717986137173235, "eta": 0.015384417182254875, "gamma": 298.7252418857063, "max_depth": 8.0, "min_child_weight": 4170.931208003433, "num_boost_round": 74.0, "subsample": 0.43499053566788215}, "datetime": {"datetime": "2024-01-20 14:44:49", "elapsed": 1257.631443, "delta": 0.001957}}
{"target": -19.152654826000276, "params": {"colsample_bytree": 0.8717986137173235, "eta": 0.015384417182254875, "gamma": 298.7252418857063, "max_depth": 8.0, "min_child_weight": 4170.931208003433, "num_boost_round": 75.0, "subsample": 0.43499053566788215}, "datetime": {"datetime": "2024-01-20 14:44:49", "elapsed": 1257.633364, "delta": 0.001921}}
