{"target": -15.169227415031457, "params": {"colsample_bytree": 0.22931657017530133, "eta": 0.09851421624316072, "gamma": 576.7606250802847, "max_depth": 9.0, "min_child_weight": 4204.759787217601, "num_boost_round": 81.0, "subsample": 0.4761897207779484}, "datetime": {"datetime": "2024-01-20 16:16:54", "elapsed": 6772.259199, "delta": 0.007179}}
{"target": -15.169430822091115, "params": {"colsample_bytree": 0.22931657017530133, "eta": 0.09851421624316072, "gamma": 576.7606250802847, "max_depth": 9.0, "min_child_weight": 4204.759787217601, "num_boost_round": 82.0, "subsample": 0.4761897207779484}, "datetime": {"datetime": "2024-01-20 16:16:54", "elapsed": 6772.265603, "delta": 0.006404}}
{"target": -15.170526240615581, "params": {"colsample_bytree": 0.9662546512637883, "eta": 0.03685113096145834, "gamma": 642.5368310254299, "max_depth": 4.0, "min_child_weight": 4148.642996993766, "num_boost_round": 1.0, "subsample": 0.3252256266758514}, "datetime": {"datetime": "2024-01-20 16:19:34", "elapsed": 6931.473207, "delta": 159.207604}}
{"target": -15.168372960648995, "params": {"colsample_bytree": 0.9662546512637883, "eta": 0.03685113096145834, "gamma": 642.5368310254299, "max_depth": 4.0, "min_child_weight": 4148.642996993766, "num_boost_round": 2.0, "subsample": 0.3252256266758514}, "datetime": {"datetime": "2024-01-20 16:19:34", "elapsed": 6931.480847, "delta": 0.00764}}
{"target": -15.166691374350789, "params": {"colsample_bytree": 0.9662546512637883, "eta": 0.03685113096145834, "gamma": 642.5368310254299, "max_depth": 4.0, "min_child_weight": 4148.642996993766, "num_boost_round": 3.0, "subsample": 0.3252256266758514}, "datetime": {"datetime": "2024-01-20 16:19:34", "elapsed": 6931.487188, "delta": 0.006341}}
{"target": -15.164778889362891, "params": {"colsample_bytree": 0.9662546512637883, "eta": 0.03685113096145834, "gamma": 642.5368310254299, "max_depth": 4.0, "min_child_weight": 4148.642996993766, "num_boost_round": 4.0, "subsample": 0.3252256266758514}, "datetime": {"datetime": "2024-01-20 16:19:34", "elapsed": 6931.493803, "delta": 0.006615}}
{"target": -15.16333433611127, "params": {"colsample_bytree": 0.9662546512637883, "eta": 0.03685113096145834, "gamma": 642.5368310254299, "max_depth": 4.0, "min_child_weight": 4148.642996993766, "num_boost_round": 5.0, "subsample": 0.3252256266758514}, "datetime": {"datetime": "2024-01-20 16:19:34", "elapsed": 6931.5004, "delta": 0.006597}}
{"target": -15.161994164388853, "params": {"colsample_bytree": 0.9662546512637883, "eta": 0.03685113096145834, "gamma": 642.5368310254299, "max_depth": 4.0, "min_child_weight": 4148.642996993766, "num_boost_round": 6.0, "subsample": 0.3252256266758514}, "datetime": {"datetime": "2024-01-20 16:19:34", "elapsed": 6931.506478, "delta": 0.006078}}
{"target": -15.16095454284065, "params": {"colsample_bytree": 0.9662546512637883, "eta": 0.03685113096145834, "gamma": 642.5368310254299, "max_depth": 4.0, "min_child_weight": 4148.642996993766, "num_boost_round": 7.0, "subsample": 0.3252256266758514}, "datetime": {"datetime": "2024-01-20 16:19:34", "elapsed": 6931.512562, "delta": 0.006084}}
{"target": -15.159896250367758, "params": {"colsample_bytree": 0.9662546512637883, "eta": 0.03685113096145834, "gamma": 642.5368310254299, "max_depth": 4.0, "min_child_weight": 4148.642996993766, "num_boost_round": 8.0, "subsample": 0.3252256266758514}, "datetime": {"datetime": "2024-01-20 16:19:34", "elapsed": 6931.518533, "delta": 0.005971}}
{"target": -15.159111566929568, "params": {"colsample_bytree": 0.9662546512637883, "eta": 0.03685113096145834, "gamma": 642.5368310254299, "max_depth": 4.0, "min_child_weight": 4148.642996993766, "num_boost_round": 9.0, "subsample": 0.3252256266758514}, "datetime": {"datetime": "2024-01-20 16:19:34", "elapsed": 6931.524467, "delta": 0.005934}}
{"target": -15.15802444413443, "params": {"colsample_bytree": 0.9662546512637883, "eta": 0.03685113096145834, "gamma": 642.5368310254299, "max_depth": 4.0, "min_child_weight": 4148.642996993766, "num_boost_round": 10.0, "subsample": 0.3252256266758514}, "datetime": {"datetime": "2024-01-20 16:19:34", "elapsed": 6931.530267, "delta": 0.0058}}
{"target": -15.157156716127886, "params": {"colsample_bytree": 0.9662546512637883, "eta": 0.03685113096145834, "gamma": 642.5368310254299, "max_depth": 4.0, "min_child_weight": 4148.642996993766, "num_boost_round": 11.0, "subsample": 0.3252256266758514}, "datetime": {"datetime": "2024-01-20 16:19:34", "elapsed": 6931.536196, "delta": 0.005929}}
{"target": -15.15679791111525, "params": {"colsample_bytree": 0.9662546512637883, "eta": 0.03685113096145834, "gamma": 642.5368310254299, "max_depth": 4.0, "min_child_weight": 4148.642996993766, "num_boost_round": 12.0, "subsample": 0.3252256266758514}, "datetime": {"datetime": "2024-01-20 16:19:34", "elapsed": 6931.542635, "delta": 0.006439}}
{"target": -15.156490883233486, "params": {"colsample_bytree": 0.9662546512637883, "eta": 0.03685113096145834, "gamma": 642.5368310254299, "max_depth": 4.0, "min_child_weight": 4148.642996993766, "num_boost_round": 13.0, "subsample": 0.3252256266758514}, "datetime": {"datetime": "2024-01-20 16:19:34", "elapsed": 6931.549021, "delta": 0.006386}}
{"target": -15.155899103707345, "params": {"colsample_bytree": 0.9662546512637883, "eta": 0.03685113096145834, "gamma": 642.5368310254299, "max_depth": 4.0, "min_child_weight": 4148.642996993766, "num_boost_round": 14.0, "subsample": 0.3252256266758514}, "datetime": {"datetime": "2024-01-20 16:19:34", "elapsed": 6931.555233, "delta": 0.006212}}
{"target": -15.155787771134221, "params": {"colsample_bytree": 0.9662546512637883, "eta": 0.03685113096145834, "gamma": 642.5368310254299, "max_depth": 4.0, "min_child_weight": 4148.642996993766, "num_boost_round": 15.0, "subsample": 0.3252256266758514}, "datetime": {"datetime": "2024-01-20 16:19:34", "elapsed": 6931.561506, "delta": 0.006273}}
{"target": -15.155419470508967, "params": {"colsample_bytree": 0.9662546512637883, "eta": 0.03685113096145834, "gamma": 642.5368310254299, "max_depth": 4.0, "min_child_weight": 4148.642996993766, "num_boost_round": 16.0, "subsample": 0.3252256266758514}, "datetime": {"datetime": "2024-01-20 16:19:34", "elapsed": 6931.567523, "delta": 0.006017}}
{"target": -15.155065762748137, "params": {"colsample_bytree": 0.9662546512637883, "eta": 0.03685113096145834, "gamma": 642.5368310254299, "max_depth": 4.0, "min_child_weight": 4148.642996993766, "num_boost_round": 17.0, "subsample": 0.3252256266758514}, "datetime": {"datetime": "2024-01-20 16:19:34", "elapsed": 6931.573669, "delta": 0.006146}}
{"target": -15.154556440205107, "params": {"colsample_bytree": 0.9662546512637883, "eta": 0.03685113096145834, "gamma": 642.5368310254299, "max_depth": 4.0, "min_child_weight": 4148.642996993766, "num_boost_round": 18.0, "subsample": 0.3252256266758514}, "datetime": {"datetime": "2024-01-20 16:19:34", "elapsed": 6931.579638, "delta": 0.005969}}
{"target": -15.15421808787534, "params": {"colsample_bytree": 0.9662546512637883, "eta": 0.03685113096145834, "gamma": 642.5368310254299, "max_depth": 4.0, "min_child_weight": 4148.642996993766, "num_boost_round": 19.0, "subsample": 0.3252256266758514}, "datetime": {"datetime": "2024-01-20 16:19:34", "elapsed": 6931.585639, "delta": 0.006001}}
{"target": -15.154188617920848, "params": {"colsample_bytree": 0.9662546512637883, "eta": 0.03685113096145834, "gamma": 642.5368310254299, "max_depth": 4.0, "min_child_weight": 4148.642996993766, "num_boost_round": 20.0, "subsample": 0.3252256266758514}, "datetime": {"datetime": "2024-01-20 16:19:34", "elapsed": 6931.591958, "delta": 0.006319}}
{"target": -15.153729060479897, "params": {"colsample_bytree": 0.9662546512637883, "eta": 0.03685113096145834, "gamma": 642.5368310254299, "max_depth": 4.0, "min_child_weight": 4148.642996993766, "num_boost_round": 21.0, "subsample": 0.3252256266758514}, "datetime": {"datetime": "2024-01-20 16:19:34", "elapsed": 6931.598266, "delta": 0.006308}}
{"target": -15.15299336263854, "params": {"colsample_bytree": 0.9662546512637883, "eta": 0.03685113096145834, "gamma": 642.5368310254299, "max_depth": 4.0, "min_child_weight": 4148.642996993766, "num_boost_round": 22.0, "subsample": 0.3252256266758514}, "datetime": {"datetime": "2024-01-20 16:19:34", "elapsed": 6931.606238, "delta": 0.007972}}
{"target": -15.153088476989325, "params": {"colsample_bytree": 0.9662546512637883, "eta": 0.03685113096145834, "gamma": 642.5368310254299, "max_depth": 4.0, "min_child_weight": 4148.642996993766, "num_boost_round": 23.0, "subsample": 0.3252256266758514}, "datetime": {"datetime": "2024-01-20 16:19:34", "elapsed": 6931.613461, "delta": 0.007223}}
{"target": -15.152724679591607, "params": {"colsample_bytree": 0.9662546512637883, "eta": 0.03685113096145834, "gamma": 642.5368310254299, "max_depth": 4.0, "min_child_weight": 4148.642996993766, "num_boost_round": 24.0, "subsample": 0.3252256266758514}, "datetime": {"datetime": "2024-01-20 16:19:34", "elapsed": 6931.620403, "delta": 0.006942}}
{"target": -15.15286043653956, "params": {"colsample_bytree": 0.9662546512637883, "eta": 0.03685113096145834, "gamma": 642.5368310254299, "max_depth": 4.0, "min_child_weight": 4148.642996993766, "num_boost_round": 25.0, "subsample": 0.3252256266758514}, "datetime": {"datetime": "2024-01-20 16:19:34", "elapsed": 6931.626845, "delta": 0.006442}}
{"target": -15.152657108506883, "params": {"colsample_bytree": 0.9662546512637883, "eta": 0.03685113096145834, "gamma": 642.5368310254299, "max_depth": 4.0, "min_child_weight": 4148.642996993766, "num_boost_round": 26.0, "subsample": 0.3252256266758514}, "datetime": {"datetime": "2024-01-20 16:19:34", "elapsed": 6931.63324, "delta": 0.006395}}
{"target": -15.152726246194993, "params": {"colsample_bytree": 0.9662546512637883, "eta": 0.03685113096145834, "gamma": 642.5368310254299, "max_depth": 4.0, "min_child_weight": 4148.642996993766, "num_boost_round": 27.0, "subsample": 0.3252256266758514}, "datetime": {"datetime": "2024-01-20 16:19:34", "elapsed": 6931.639648, "delta": 0.006408}}
{"target": -15.152656627155068, "params": {"colsample_bytree": 0.9662546512637883, "eta": 0.03685113096145834, "gamma": 642.5368310254299, "max_depth": 4.0, "min_child_weight": 4148.642996993766, "num_boost_round": 28.0, "subsample": 0.3252256266758514}, "datetime": {"datetime": "2024-01-20 16:19:34", "elapsed": 6931.645944, "delta": 0.006296}}
{"target": -15.152947090871875, "params": {"colsample_bytree": 0.9662546512637883, "eta": 0.03685113096145834, "gamma": 642.5368310254299, "max_depth": 4.0, "min_child_weight": 4148.642996993766, "num_boost_round": 29.0, "subsample": 0.3252256266758514}, "datetime": {"datetime": "2024-01-20 16:19:34", "elapsed": 6931.652102, "delta": 0.006158}}
{"target": -15.152994314638033, "params": {"colsample_bytree": 0.9662546512637883, "eta": 0.03685113096145834, "gamma": 642.5368310254299, "max_depth": 4.0, "min_child_weight": 4148.642996993766, "num_boost_round": 30.0, "subsample": 0.3252256266758514}, "datetime": {"datetime": "2024-01-20 16:19:34", "elapsed": 6931.658162, "delta": 0.00606}}
{"target": -15.152802975055279, "params": {"colsample_bytree": 0.9662546512637883, "eta": 0.03685113096145834, "gamma": 642.5368310254299, "max_depth": 4.0, "min_child_weight": 4148.642996993766, "num_boost_round": 31.0, "subsample": 0.3252256266758514}, "datetime": {"datetime": "2024-01-20 16:19:34", "elapsed": 6931.664221, "delta": 0.006059}}
{"target": -15.152673258624041, "params": {"colsample_bytree": 0.9662546512637883, "eta": 0.03685113096145834, "gamma": 642.5368310254299, "max_depth": 4.0, "min_child_weight": 4148.642996993766, "num_boost_round": 32.0, "subsample": 0.3252256266758514}, "datetime": {"datetime": "2024-01-20 16:19:34", "elapsed": 6931.670277, "delta": 0.006056}}
{"target": -15.152680437582166, "params": {"colsample_bytree": 0.9662546512637883, "eta": 0.03685113096145834, "gamma": 642.5368310254299, "max_depth": 4.0, "min_child_weight": 4148.642996993766, "num_boost_round": 33.0, "subsample": 0.3252256266758514}, "datetime": {"datetime": "2024-01-20 16:19:34", "elapsed": 6931.676298, "delta": 0.006021}}
{"target": -15.152624984356372, "params": {"colsample_bytree": 0.9662546512637883, "eta": 0.03685113096145834, "gamma": 642.5368310254299, "max_depth": 4.0, "min_child_weight": 4148.642996993766, "num_boost_round": 34.0, "subsample": 0.3252256266758514}, "datetime": {"datetime": "2024-01-20 16:19:34", "elapsed": 6931.682282, "delta": 0.005984}}
{"target": -15.152457418062385, "params": {"colsample_bytree": 0.9662546512637883, "eta": 0.03685113096145834, "gamma": 642.5368310254299, "max_depth": 4.0, "min_child_weight": 4148.642996993766, "num_boost_round": 35.0, "subsample": 0.3252256266758514}, "datetime": {"datetime": "2024-01-20 16:19:34", "elapsed": 6931.688228, "delta": 0.005946}}
{"target": -15.152326600735151, "params": {"colsample_bytree": 0.9662546512637883, "eta": 0.03685113096145834, "gamma": 642.5368310254299, "max_depth": 4.0, "min_child_weight": 4148.642996993766, "num_boost_round": 36.0, "subsample": 0.3252256266758514}, "datetime": {"datetime": "2024-01-20 16:19:34", "elapsed": 6931.69463, "delta": 0.006402}}
{"target": -15.152133244609498, "params": {"colsample_bytree": 0.9662546512637883, "eta": 0.03685113096145834, "gamma": 642.5368310254299, "max_depth": 4.0, "min_child_weight": 4148.642996993766, "num_boost_round": 37.0, "subsample": 0.3252256266758514}, "datetime": {"datetime": "2024-01-20 16:19:34", "elapsed": 6931.701002, "delta": 0.006372}}
{"target": -15.152071171166751, "params": {"colsample_bytree": 0.9662546512637883, "eta": 0.03685113096145834, "gamma": 642.5368310254299, "max_depth": 4.0, "min_child_weight": 4148.642996993766, "num_boost_round": 38.0, "subsample": 0.3252256266758514}, "datetime": {"datetime": "2024-01-20 16:19:34", "elapsed": 6931.707253, "delta": 0.006251}}
{"target": -15.152027729866042, "params": {"colsample_bytree": 0.9662546512637883, "eta": 0.03685113096145834, "gamma": 642.5368310254299, "max_depth": 4.0, "min_child_weight": 4148.642996993766, "num_boost_round": 39.0, "subsample": 0.3252256266758514}, "datetime": {"datetime": "2024-01-20 16:19:34", "elapsed": 6931.713422, "delta": 0.006169}}
{"target": -15.152430792312598, "params": {"colsample_bytree": 0.9662546512637883, "eta": 0.03685113096145834, "gamma": 642.5368310254299, "max_depth": 4.0, "min_child_weight": 4148.642996993766, "num_boost_round": 40.0, "subsample": 0.3252256266758514}, "datetime": {"datetime": "2024-01-20 16:19:34", "elapsed": 6931.719525, "delta": 0.006103}}
{"target": -15.152585926521787, "params": {"colsample_bytree": 0.9662546512637883, "eta": 0.03685113096145834, "gamma": 642.5368310254299, "max_depth": 4.0, "min_child_weight": 4148.642996993766, "num_boost_round": 41.0, "subsample": 0.3252256266758514}, "datetime": {"datetime": "2024-01-20 16:19:34", "elapsed": 6931.726281, "delta": 0.006756}}
{"target": -15.152685030137025, "params": {"colsample_bytree": 0.9662546512637883, "eta": 0.03685113096145834, "gamma": 642.5368310254299, "max_depth": 4.0, "min_child_weight": 4148.642996993766, "num_boost_round": 42.0, "subsample": 0.3252256266758514}, "datetime": {"datetime": "2024-01-20 16:19:34", "elapsed": 6931.732426, "delta": 0.006145}}
{"target": -15.152852658196505, "params": {"colsample_bytree": 0.9662546512637883, "eta": 0.03685113096145834, "gamma": 642.5368310254299, "max_depth": 4.0, "min_child_weight": 4148.642996993766, "num_boost_round": 43.0, "subsample": 0.3252256266758514}, "datetime": {"datetime": "2024-01-20 16:19:34", "elapsed": 6931.738573, "delta": 0.006147}}
{"target": -15.153152596688614, "params": {"colsample_bytree": 0.9662546512637883, "eta": 0.03685113096145834, "gamma": 642.5368310254299, "max_depth": 4.0, "min_child_weight": 4148.642996993766, "num_boost_round": 44.0, "subsample": 0.3252256266758514}, "datetime": {"datetime": "2024-01-20 16:19:34", "elapsed": 6931.744587, "delta": 0.006014}}
{"target": -15.153263332247718, "params": {"colsample_bytree": 0.9662546512637883, "eta": 0.03685113096145834, "gamma": 642.5368310254299, "max_depth": 4.0, "min_child_weight": 4148.642996993766, "num_boost_round": 45.0, "subsample": 0.3252256266758514}, "datetime": {"datetime": "2024-01-20 16:19:34", "elapsed": 6931.7506, "delta": 0.006013}}
{"target": -15.153484212942823, "params": {"colsample_bytree": 0.9662546512637883, "eta": 0.03685113096145834, "gamma": 642.5368310254299, "max_depth": 4.0, "min_child_weight": 4148.642996993766, "num_boost_round": 46.0, "subsample": 0.3252256266758514}, "datetime": {"datetime": "2024-01-20 16:19:34", "elapsed": 6931.756586, "delta": 0.005986}}
{"target": -15.15344301832254, "params": {"colsample_bytree": 0.9662546512637883, "eta": 0.03685113096145834, "gamma": 642.5368310254299, "max_depth": 4.0, "min_child_weight": 4148.642996993766, "num_boost_round": 47.0, "subsample": 0.3252256266758514}, "datetime": {"datetime": "2024-01-20 16:19:34", "elapsed": 6931.762577, "delta": 0.005991}}
{"target": -15.171750057838295, "params": {"colsample_bytree": 0.7723902336229936, "eta": 0.0719569833196182, "gamma": 559.9410187554398, "max_depth": 2.0, "min_child_weight": 4148.351190176322, "num_boost_round": 1.0, "subsample": 0.1418721006940709}, "datetime": {"datetime": "2024-01-20 16:21:49", "elapsed": 7067.302296, "delta": 135.539719}}
{"target": -15.170771576756067, "params": {"colsample_bytree": 0.7723902336229936, "eta": 0.0719569833196182, "gamma": 559.9410187554398, "max_depth": 2.0, "min_child_weight": 4148.351190176322, "num_boost_round": 2.0, "subsample": 0.1418721006940709}, "datetime": {"datetime": "2024-01-20 16:21:49", "elapsed": 7067.310486, "delta": 0.00819}}
{"target": -15.169497041389478, "params": {"colsample_bytree": 0.7723902336229936, "eta": 0.0719569833196182, "gamma": 559.9410187554398, "max_depth": 2.0, "min_child_weight": 4148.351190176322, "num_boost_round": 3.0, "subsample": 0.1418721006940709}, "datetime": {"datetime": "2024-01-20 16:21:49", "elapsed": 7067.317908, "delta": 0.007422}}
{"target": -15.168953922592749, "params": {"colsample_bytree": 0.7723902336229936, "eta": 0.0719569833196182, "gamma": 559.9410187554398, "max_depth": 2.0, "min_child_weight": 4148.351190176322, "num_boost_round": 4.0, "subsample": 0.1418721006940709}, "datetime": {"datetime": "2024-01-20 16:21:49", "elapsed": 7067.324955, "delta": 0.007047}}
{"target": -15.166969468776612, "params": {"colsample_bytree": 0.7723902336229936, "eta": 0.0719569833196182, "gamma": 559.9410187554398, "max_depth": 2.0, "min_child_weight": 4148.351190176322, "num_boost_round": 5.0, "subsample": 0.1418721006940709}, "datetime": {"datetime": "2024-01-20 16:21:49", "elapsed": 7067.331568, "delta": 0.006613}}
{"target": -15.16540288782175, "params": {"colsample_bytree": 0.7723902336229936, "eta": 0.0719569833196182, "gamma": 559.9410187554398, "max_depth": 2.0, "min_child_weight": 4148.351190176322, "num_boost_round": 6.0, "subsample": 0.1418721006940709}, "datetime": {"datetime": "2024-01-20 16:21:49", "elapsed": 7067.337615, "delta": 0.006047}}
{"target": -15.165214483566565, "params": {"colsample_bytree": 0.7723902336229936, "eta": 0.0719569833196182, "gamma": 559.9410187554398, "max_depth": 2.0, "min_child_weight": 4148.351190176322, "num_boost_round": 7.0, "subsample": 0.1418721006940709}, "datetime": {"datetime": "2024-01-20 16:21:49", "elapsed": 7067.3438, "delta": 0.006185}}
{"target": -15.163647407372448, "params": {"colsample_bytree": 0.7723902336229936, "eta": 0.0719569833196182, "gamma": 559.9410187554398, "max_depth": 2.0, "min_child_weight": 4148.351190176322, "num_boost_round": 8.0, "subsample": 0.1418721006940709}, "datetime": {"datetime": "2024-01-20 16:21:49", "elapsed": 7067.349931, "delta": 0.006131}}
{"target": -15.163883479813293, "params": {"colsample_bytree": 0.7723902336229936, "eta": 0.0719569833196182, "gamma": 559.9410187554398, "max_depth": 2.0, "min_child_weight": 4148.351190176322, "num_boost_round": 9.0, "subsample": 0.1418721006940709}, "datetime": {"datetime": "2024-01-20 16:21:49", "elapsed": 7067.356007, "delta": 0.006076}}
{"target": -15.162796211609578, "params": {"colsample_bytree": 0.7723902336229936, "eta": 0.0719569833196182, "gamma": 559.9410187554398, "max_depth": 2.0, "min_child_weight": 4148.351190176322, "num_boost_round": 10.0, "subsample": 0.1418721006940709}, "datetime": {"datetime": "2024-01-20 16:21:49", "elapsed": 7067.362099, "delta": 0.006092}}
{"target": -15.1619594784916, "params": {"colsample_bytree": 0.7723902336229936, "eta": 0.0719569833196182, "gamma": 559.9410187554398, "max_depth": 2.0, "min_child_weight": 4148.351190176322, "num_boost_round": 11.0, "subsample": 0.1418721006940709}, "datetime": {"datetime": "2024-01-20 16:21:49", "elapsed": 7067.368608, "delta": 0.006509}}
{"target": -15.161712465069407, "params": {"colsample_bytree": 0.7723902336229936, "eta": 0.0719569833196182, "gamma": 559.9410187554398, "max_depth": 2.0, "min_child_weight": 4148.351190176322, "num_boost_round": 12.0, "subsample": 0.1418721006940709}, "datetime": {"datetime": "2024-01-20 16:21:49", "elapsed": 7067.375185, "delta": 0.006577}}
{"target": -15.161340440104063, "params": {"colsample_bytree": 0.7723902336229936, "eta": 0.0719569833196182, "gamma": 559.9410187554398, "max_depth": 2.0, "min_child_weight": 4148.351190176322, "num_boost_round": 13.0, "subsample": 0.1418721006940709}, "datetime": {"datetime": "2024-01-20 16:21:49", "elapsed": 7067.381555, "delta": 0.00637}}
{"target": -15.161152561123735, "params": {"colsample_bytree": 0.7723902336229936, "eta": 0.0719569833196182, "gamma": 559.9410187554398, "max_depth": 2.0, "min_child_weight": 4148.351190176322, "num_boost_round": 14.0, "subsample": 0.1418721006940709}, "datetime": {"datetime": "2024-01-20 16:21:49", "elapsed": 7067.387797, "delta": 0.006242}}
