{"target": -12.34702539142414, "params": {"colsample_bytree": 0.459904610293992, "eta": 0.0757842768246726, "gamma": 541.7887891981114, "max_depth": 9.0, "min_child_weight": 4221.979708989546, "num_boost_round": 6.0, "subsample": 0.9108927760902331}, "datetime": {"datetime": "2024-01-20 14:46:38", "elapsed": 1364.572499, "delta": 0.002415}}
{"target": -12.34681569695847, "params": {"colsample_bytree": 0.459904610293992, "eta": 0.0757842768246726, "gamma": 541.7887891981114, "max_depth": 9.0, "min_child_weight": 4221.979708989546, "num_boost_round": 7.0, "subsample": 0.9108927760902331}, "datetime": {"datetime": "2024-01-20 14:46:38", "elapsed": 1364.5749, "delta": 0.002401}}
{"target": -12.345932289227553, "params": {"colsample_bytree": 0.459904610293992, "eta": 0.0757842768246726, "gamma": 541.7887891981114, "max_depth": 9.0, "min_child_weight": 4221.979708989546, "num_boost_round": 8.0, "subsample": 0.9108927760902331}, "datetime": {"datetime": "2024-01-20 14:46:38", "elapsed": 1364.577292, "delta": 0.002392}}
{"target": -12.346205228867305, "params": {"colsample_bytree": 0.459904610293992, "eta": 0.0757842768246726, "gamma": 541.7887891981114, "max_depth": 9.0, "min_child_weight": 4221.979708989546, "num_boost_round": 9.0, "subsample": 0.9108927760902331}, "datetime": {"datetime": "2024-01-20 14:46:38", "elapsed": 1364.579817, "delta": 0.002525}}
{"target": -12.345008008284953, "params": {"colsample_bytree": 0.459904610293992, "eta": 0.0757842768246726, "gamma": 541.7887891981114, "max_depth": 9.0, "min_child_weight": 4221.979708989546, "num_boost_round": 10.0, "subsample": 0.9108927760902331}, "datetime": {"datetime": "2024-01-20 14:46:38", "elapsed": 1364.582253, "delta": 0.002436}}
{"target": -12.344199110128871, "params": {"colsample_bytree": 0.459904610293992, "eta": 0.0757842768246726, "gamma": 541.7887891981114, "max_depth": 9.0, "min_child_weight": 4221.979708989546, "num_boost_round": 11.0, "subsample": 0.9108927760902331}, "datetime": {"datetime": "2024-01-20 14:46:38", "elapsed": 1364.584622, "delta": 0.002369}}
{"target": -12.34396942314213, "params": {"colsample_bytree": 0.459904610293992, "eta": 0.0757842768246726, "gamma": 541.7887891981114, "max_depth": 9.0, "min_child_weight": 4221.979708989546, "num_boost_round": 12.0, "subsample": 0.9108927760902331}, "datetime": {"datetime": "2024-01-20 14:46:38", "elapsed": 1364.587014, "delta": 0.002392}}
{"target": -12.344278531583715, "params": {"colsample_bytree": 0.459904610293992, "eta": 0.0757842768246726, "gamma": 541.7887891981114, "max_depth": 9.0, "min_child_weight": 4221.979708989546, "num_boost_round": 13.0, "subsample": 0.9108927760902331}, "datetime": {"datetime": "2024-01-20 14:46:38", "elapsed": 1364.589398, "delta": 0.002384}}
{"target": -12.344493696312764, "params": {"colsample_bytree": 0.459904610293992, "eta": 0.0757842768246726, "gamma": 541.7887891981114, "max_depth": 9.0, "min_child_weight": 4221.979708989546, "num_boost_round": 14.0, "subsample": 0.9108927760902331}, "datetime": {"datetime": "2024-01-20 14:46:38", "elapsed": 1364.591764, "delta": 0.002366}}
{"target": -12.344410936300639, "params": {"colsample_bytree": 0.459904610293992, "eta": 0.0757842768246726, "gamma": 541.7887891981114, "max_depth": 9.0, "min_child_weight": 4221.979708989546, "num_boost_round": 15.0, "subsample": 0.9108927760902331}, "datetime": {"datetime": "2024-01-20 14:46:38", "elapsed": 1364.594146, "delta": 0.002382}}
{"target": -12.344357012491336, "params": {"colsample_bytree": 0.459904610293992, "eta": 0.0757842768246726, "gamma": 541.7887891981114, "max_depth": 9.0, "min_child_weight": 4221.979708989546, "num_boost_round": 16.0, "subsample": 0.9108927760902331}, "datetime": {"datetime": "2024-01-20 14:46:38", "elapsed": 1364.596531, "delta": 0.002385}}
{"target": -12.344409642590275, "params": {"colsample_bytree": 0.459904610293992, "eta": 0.0757842768246726, "gamma": 541.7887891981114, "max_depth": 9.0, "min_child_weight": 4221.979708989546, "num_boost_round": 17.0, "subsample": 0.9108927760902331}, "datetime": {"datetime": "2024-01-20 14:46:38", "elapsed": 1364.5991, "delta": 0.002569}}
{"target": -12.344502919611028, "params": {"colsample_bytree": 0.459904610293992, "eta": 0.0757842768246726, "gamma": 541.7887891981114, "max_depth": 9.0, "min_child_weight": 4221.979708989546, "num_boost_round": 18.0, "subsample": 0.9108927760902331}, "datetime": {"datetime": "2024-01-20 14:46:38", "elapsed": 1364.601497, "delta": 0.002397}}
{"target": -12.344641799946647, "params": {"colsample_bytree": 0.459904610293992, "eta": 0.0757842768246726, "gamma": 541.7887891981114, "max_depth": 9.0, "min_child_weight": 4221.979708989546, "num_boost_round": 19.0, "subsample": 0.9108927760902331}, "datetime": {"datetime": "2024-01-20 14:46:38", "elapsed": 1364.603934, "delta": 0.002437}}
{"target": -12.345799757709512, "params": {"colsample_bytree": 0.459904610293992, "eta": 0.0757842768246726, "gamma": 541.7887891981114, "max_depth": 9.0, "min_child_weight": 4221.979708989546, "num_boost_round": 20.0, "subsample": 0.9108927760902331}, "datetime": {"datetime": "2024-01-20 14:46:38", "elapsed": 1364.606324, "delta": 0.00239}}
{"target": -12.346023217390856, "params": {"colsample_bytree": 0.459904610293992, "eta": 0.0757842768246726, "gamma": 541.7887891981114, "max_depth": 9.0, "min_child_weight": 4221.979708989546, "num_boost_round": 21.0, "subsample": 0.9108927760902331}, "datetime": {"datetime": "2024-01-20 14:46:38", "elapsed": 1364.608706, "delta": 0.002382}}
{"target": -12.346334423837053, "params": {"colsample_bytree": 0.459904610293992, "eta": 0.0757842768246726, "gamma": 541.7887891981114, "max_depth": 9.0, "min_child_weight": 4221.979708989546, "num_boost_round": 22.0, "subsample": 0.9108927760902331}, "datetime": {"datetime": "2024-01-20 14:46:38", "elapsed": 1364.611087, "delta": 0.002381}}
{"target": -12.345999180083998, "params": {"colsample_bytree": 0.459904610293992, "eta": 0.0757842768246726, "gamma": 541.7887891981114, "max_depth": 9.0, "min_child_weight": 4221.979708989546, "num_boost_round": 23.0, "subsample": 0.9108927760902331}, "datetime": {"datetime": "2024-01-20 14:46:38", "elapsed": 1364.613465, "delta": 0.002378}}
{"target": -12.346486801599088, "params": {"colsample_bytree": 0.459904610293992, "eta": 0.0757842768246726, "gamma": 541.7887891981114, "max_depth": 9.0, "min_child_weight": 4221.979708989546, "num_boost_round": 24.0, "subsample": 0.9108927760902331}, "datetime": {"datetime": "2024-01-20 14:46:38", "elapsed": 1364.615853, "delta": 0.002388}}
{"target": -12.346735541152238, "params": {"colsample_bytree": 0.459904610293992, "eta": 0.0757842768246726, "gamma": 541.7887891981114, "max_depth": 9.0, "min_child_weight": 4221.979708989546, "num_boost_round": 25.0, "subsample": 0.9108927760902331}, "datetime": {"datetime": "2024-01-20 14:46:38", "elapsed": 1364.618448, "delta": 0.002595}}
{"target": -12.347751556654323, "params": {"colsample_bytree": 0.459904610293992, "eta": 0.0757842768246726, "gamma": 541.7887891981114, "max_depth": 9.0, "min_child_weight": 4221.979708989546, "num_boost_round": 26.0, "subsample": 0.9108927760902331}, "datetime": {"datetime": "2024-01-20 14:46:38", "elapsed": 1364.620997, "delta": 0.002549}}
{"target": -12.348270381613322, "params": {"colsample_bytree": 0.459904610293992, "eta": 0.0757842768246726, "gamma": 541.7887891981114, "max_depth": 9.0, "min_child_weight": 4221.979708989546, "num_boost_round": 27.0, "subsample": 0.9108927760902331}, "datetime": {"datetime": "2024-01-20 14:46:38", "elapsed": 1364.623503, "delta": 0.002506}}
{"target": -12.348312609489565, "params": {"colsample_bytree": 0.459904610293992, "eta": 0.0757842768246726, "gamma": 541.7887891981114, "max_depth": 9.0, "min_child_weight": 4221.979708989546, "num_boost_round": 28.0, "subsample": 0.9108927760902331}, "datetime": {"datetime": "2024-01-20 14:46:38", "elapsed": 1364.626062, "delta": 0.002559}}
{"target": -12.348132444330894, "params": {"colsample_bytree": 0.459904610293992, "eta": 0.0757842768246726, "gamma": 541.7887891981114, "max_depth": 9.0, "min_child_weight": 4221.979708989546, "num_boost_round": 29.0, "subsample": 0.9108927760902331}, "datetime": {"datetime": "2024-01-20 14:46:38", "elapsed": 1364.628544, "delta": 0.002482}}
{"target": -12.348043259630147, "params": {"colsample_bytree": 0.459904610293992, "eta": 0.0757842768246726, "gamma": 541.7887891981114, "max_depth": 9.0, "min_child_weight": 4221.979708989546, "num_boost_round": 30.0, "subsample": 0.9108927760902331}, "datetime": {"datetime": "2024-01-20 14:46:38", "elapsed": 1364.630953, "delta": 0.002409}}
{"target": -12.347054988231065, "params": {"colsample_bytree": 0.459904610293992, "eta": 0.0757842768246726, "gamma": 541.7887891981114, "max_depth": 9.0, "min_child_weight": 4221.979708989546, "num_boost_round": 31.0, "subsample": 0.9108927760902331}, "datetime": {"datetime": "2024-01-20 14:46:38", "elapsed": 1364.633366, "delta": 0.002413}}
{"target": -12.347382157093481, "params": {"colsample_bytree": 0.459904610293992, "eta": 0.0757842768246726, "gamma": 541.7887891981114, "max_depth": 9.0, "min_child_weight": 4221.979708989546, "num_boost_round": 32.0, "subsample": 0.9108927760902331}, "datetime": {"datetime": "2024-01-20 14:46:38", "elapsed": 1364.635759, "delta": 0.002393}}
{"target": -12.34744130242208, "params": {"colsample_bytree": 0.459904610293992, "eta": 0.0757842768246726, "gamma": 541.7887891981114, "max_depth": 9.0, "min_child_weight": 4221.979708989546, "num_boost_round": 33.0, "subsample": 0.9108927760902331}, "datetime": {"datetime": "2024-01-20 14:46:38", "elapsed": 1364.638344, "delta": 0.002585}}
{"target": -12.35758982072701, "params": {"colsample_bytree": 0.4242515144465494, "eta": 0.036536565987255375, "gamma": 540.6592616724714, "max_depth": 3.0, "min_child_weight": 4255.814309129581, "num_boost_round": 1.0, "subsample": 0.8077977736718098}, "datetime": {"datetime": "2024-01-20 14:47:17", "elapsed": 1404.159513, "delta": 39.521169}}
{"target": -12.356720985376867, "params": {"colsample_bytree": 0.4242515144465494, "eta": 0.036536565987255375, "gamma": 540.6592616724714, "max_depth": 3.0, "min_child_weight": 4255.814309129581, "num_boost_round": 2.0, "subsample": 0.8077977736718098}, "datetime": {"datetime": "2024-01-20 14:47:17", "elapsed": 1404.164161, "delta": 0.004648}}
{"target": -12.354683981284674, "params": {"colsample_bytree": 0.4242515144465494, "eta": 0.036536565987255375, "gamma": 540.6592616724714, "max_depth": 3.0, "min_child_weight": 4255.814309129581, "num_boost_round": 3.0, "subsample": 0.8077977736718098}, "datetime": {"datetime": "2024-01-20 14:47:17", "elapsed": 1404.1669, "delta": 0.002739}}
{"target": -12.354898937490224, "params": {"colsample_bytree": 0.4242515144465494, "eta": 0.036536565987255375, "gamma": 540.6592616724714, "max_depth": 3.0, "min_child_weight": 4255.814309129581, "num_boost_round": 4.0, "subsample": 0.8077977736718098}, "datetime": {"datetime": "2024-01-20 14:47:17", "elapsed": 1404.169393, "delta": 0.002493}}
{"target": -12.353195823255595, "params": {"colsample_bytree": 0.4242515144465494, "eta": 0.036536565987255375, "gamma": 540.6592616724714, "max_depth": 3.0, "min_child_weight": 4255.814309129581, "num_boost_round": 5.0, "subsample": 0.8077977736718098}, "datetime": {"datetime": "2024-01-20 14:47:17", "elapsed": 1404.172355, "delta": 0.002962}}
{"target": -12.351571542416501, "params": {"colsample_bytree": 0.4242515144465494, "eta": 0.036536565987255375, "gamma": 540.6592616724714, "max_depth": 3.0, "min_child_weight": 4255.814309129581, "num_boost_round": 6.0, "subsample": 0.8077977736718098}, "datetime": {"datetime": "2024-01-20 14:47:17", "elapsed": 1404.174798, "delta": 0.002443}}
{"target": -12.351868756903578, "params": {"colsample_bytree": 0.4242515144465494, "eta": 0.036536565987255375, "gamma": 540.6592616724714, "max_depth": 3.0, "min_child_weight": 4255.814309129581, "num_boost_round": 7.0, "subsample": 0.8077977736718098}, "datetime": {"datetime": "2024-01-20 14:47:17", "elapsed": 1404.177244, "delta": 0.002446}}
{"target": -12.35103985122464, "params": {"colsample_bytree": 0.4242515144465494, "eta": 0.036536565987255375, "gamma": 540.6592616724714, "max_depth": 3.0, "min_child_weight": 4255.814309129581, "num_boost_round": 8.0, "subsample": 0.8077977736718098}, "datetime": {"datetime": "2024-01-20 14:47:17", "elapsed": 1404.179817, "delta": 0.002573}}
{"target": -12.351086260625788, "params": {"colsample_bytree": 0.4242515144465494, "eta": 0.036536565987255375, "gamma": 540.6592616724714, "max_depth": 3.0, "min_child_weight": 4255.814309129581, "num_boost_round": 9.0, "subsample": 0.8077977736718098}, "datetime": {"datetime": "2024-01-20 14:47:17", "elapsed": 1404.182287, "delta": 0.00247}}
{"target": -12.350345622862308, "params": {"colsample_bytree": 0.4242515144465494, "eta": 0.036536565987255375, "gamma": 540.6592616724714, "max_depth": 3.0, "min_child_weight": 4255.814309129581, "num_boost_round": 10.0, "subsample": 0.8077977736718098}, "datetime": {"datetime": "2024-01-20 14:47:17", "elapsed": 1404.18474, "delta": 0.002453}}
{"target": -12.349627137116983, "params": {"colsample_bytree": 0.4242515144465494, "eta": 0.036536565987255375, "gamma": 540.6592616724714, "max_depth": 3.0, "min_child_weight": 4255.814309129581, "num_boost_round": 11.0, "subsample": 0.8077977736718098}, "datetime": {"datetime": "2024-01-20 14:47:17", "elapsed": 1404.187843, "delta": 0.003103}}
{"target": -12.349241014177856, "params": {"colsample_bytree": 0.4242515144465494, "eta": 0.036536565987255375, "gamma": 540.6592616724714, "max_depth": 3.0, "min_child_weight": 4255.814309129581, "num_boost_round": 12.0, "subsample": 0.8077977736718098}, "datetime": {"datetime": "2024-01-20 14:47:17", "elapsed": 1404.190277, "delta": 0.002434}}
{"target": -12.349487287068108, "params": {"colsample_bytree": 0.4242515144465494, "eta": 0.036536565987255375, "gamma": 540.6592616724714, "max_depth": 3.0, "min_child_weight": 4255.814309129581, "num_boost_round": 13.0, "subsample": 0.8077977736718098}, "datetime": {"datetime": "2024-01-20 14:47:17", "elapsed": 1404.192708, "delta": 0.002431}}
{"target": -12.348797461680487, "params": {"colsample_bytree": 0.4242515144465494, "eta": 0.036536565987255375, "gamma": 540.6592616724714, "max_depth": 3.0, "min_child_weight": 4255.814309129581, "num_boost_round": 14.0, "subsample": 0.8077977736718098}, "datetime": {"datetime": "2024-01-20 14:47:17", "elapsed": 1404.19518, "delta": 0.002472}}
{"target": -12.348118419665408, "params": {"colsample_bytree": 0.4242515144465494, "eta": 0.036536565987255375, "gamma": 540.6592616724714, "max_depth": 3.0, "min_child_weight": 4255.814309129581, "num_boost_round": 15.0, "subsample": 0.8077977736718098}, "datetime": {"datetime": "2024-01-20 14:47:17", "elapsed": 1404.197602, "delta": 0.002422}}
{"target": -12.347559586973322, "params": {"colsample_bytree": 0.4242515144465494, "eta": 0.036536565987255375, "gamma": 540.6592616724714, "max_depth": 3.0, "min_child_weight": 4255.814309129581, "num_boost_round": 16.0, "subsample": 0.8077977736718098}, "datetime": {"datetime": "2024-01-20 14:47:17", "elapsed": 1404.200587, "delta": 0.002985}}
{"target": -12.34786036779606, "params": {"colsample_bytree": 0.4242515144465494, "eta": 0.036536565987255375, "gamma": 540.6592616724714, "max_depth": 3.0, "min_child_weight": 4255.814309129581, "num_boost_round": 17.0, "subsample": 0.8077977736718098}, "datetime": {"datetime": "2024-01-20 14:47:17", "elapsed": 1404.203128, "delta": 0.002541}}
{"target": -12.347864317421058, "params": {"colsample_bytree": 0.4242515144465494, "eta": 0.036536565987255375, "gamma": 540.6592616724714, "max_depth": 3.0, "min_child_weight": 4255.814309129581, "num_boost_round": 18.0, "subsample": 0.8077977736718098}, "datetime": {"datetime": "2024-01-20 14:47:17", "elapsed": 1404.205547, "delta": 0.002419}}
{"target": -12.347901695660063, "params": {"colsample_bytree": 0.4242515144465494, "eta": 0.036536565987255375, "gamma": 540.6592616724714, "max_depth": 3.0, "min_child_weight": 4255.814309129581, "num_boost_round": 19.0, "subsample": 0.8077977736718098}, "datetime": {"datetime": "2024-01-20 14:47:17", "elapsed": 1404.208636, "delta": 0.003089}}
{"target": -12.347697011271542, "params": {"colsample_bytree": 0.4242515144465494, "eta": 0.036536565987255375, "gamma": 540.6592616724714, "max_depth": 3.0, "min_child_weight": 4255.814309129581, "num_boost_round": 20.0, "subsample": 0.8077977736718098}, "datetime": {"datetime": "2024-01-20 14:47:17", "elapsed": 1404.2111, "delta": 0.002464}}
{"target": -12.347997435055582, "params": {"colsample_bytree": 0.4242515144465494, "eta": 0.036536565987255375, "gamma": 540.6592616724714, "max_depth": 3.0, "min_child_weight": 4255.814309129581, "num_boost_round": 21.0, "subsample": 0.8077977736718098}, "datetime": {"datetime": "2024-01-20 14:47:17", "elapsed": 1404.213542, "delta": 0.002442}}
{"target": -12.348212632906105, "params": {"colsample_bytree": 0.4242515144465494, "eta": 0.036536565987255375, "gamma": 540.6592616724714, "max_depth": 3.0, "min_child_weight": 4255.814309129581, "num_boost_round": 22.0, "subsample": 0.8077977736718098}, "datetime": {"datetime": "2024-01-20 14:47:17", "elapsed": 1404.215996, "delta": 0.002454}}
{"target": -12.347649856751236, "params": {"colsample_bytree": 0.4242515144465494, "eta": 0.036536565987255375, "gamma": 540.6592616724714, "max_depth": 3.0, "min_child_weight": 4255.814309129581, "num_boost_round": 23.0, "subsample": 0.8077977736718098}, "datetime": {"datetime": "2024-01-20 14:47:17", "elapsed": 1404.218465, "delta": 0.002469}}
{"target": -12.347895459055401, "params": {"colsample_bytree": 0.4242515144465494, "eta": 0.036536565987255375, "gamma": 540.6592616724714, "max_depth": 3.0, "min_child_weight": 4255.814309129581, "num_boost_round": 24.0, "subsample": 0.8077977736718098}, "datetime": {"datetime": "2024-01-20 14:47:17", "elapsed": 1404.221142, "delta": 0.002677}}
{"target": -12.347120096845885, "params": {"colsample_bytree": 0.4242515144465494, "eta": 0.036536565987255375, "gamma": 540.6592616724714, "max_depth": 3.0, "min_child_weight": 4255.814309129581, "num_boost_round": 25.0, "subsample": 0.8077977736718098}, "datetime": {"datetime": "2024-01-20 14:47:17", "elapsed": 1404.223752, "delta": 0.00261}}
{"target": -12.346807999061319, "params": {"colsample_bytree": 0.4242515144465494, "eta": 0.036536565987255375, "gamma": 540.6592616724714, "max_depth": 3.0, "min_child_weight": 4255.814309129581, "num_boost_round": 26.0, "subsample": 0.8077977736718098}, "datetime": {"datetime": "2024-01-20 14:47:17", "elapsed": 1404.226342, "delta": 0.00259}}
{"target": -12.346903279530913, "params": {"colsample_bytree": 0.4242515144465494, "eta": 0.036536565987255375, "gamma": 540.6592616724714, "max_depth": 3.0, "min_child_weight": 4255.814309129581, "num_boost_round": 27.0, "subsample": 0.8077977736718098}, "datetime": {"datetime": "2024-01-20 14:47:17", "elapsed": 1404.228975, "delta": 0.002633}}
{"target": -12.346474329514606, "params": {"colsample_bytree": 0.4242515144465494, "eta": 0.036536565987255375, "gamma": 540.6592616724714, "max_depth": 3.0, "min_child_weight": 4255.814309129581, "num_boost_round": 28.0, "subsample": 0.8077977736718098}, "datetime": {"datetime": "2024-01-20 14:47:17", "elapsed": 1404.246559, "delta": 0.017584}}
{"target": -12.346034903404233, "params": {"colsample_bytree": 0.4242515144465494, "eta": 0.036536565987255375, "gamma": 540.6592616724714, "max_depth": 3.0, "min_child_weight": 4255.814309129581, "num_boost_round": 29.0, "subsample": 0.8077977736718098}, "datetime": {"datetime": "2024-01-20 14:47:17", "elapsed": 1404.249159, "delta": 0.0026}}
{"target": -12.345602260034052, "params": {"colsample_bytree": 0.4242515144465494, "eta": 0.036536565987255375, "gamma": 540.6592616724714, "max_depth": 3.0, "min_child_weight": 4255.814309129581, "num_boost_round": 30.0, "subsample": 0.8077977736718098}, "datetime": {"datetime": "2024-01-20 14:47:17", "elapsed": 1404.251613, "delta": 0.002454}}
{"target": -12.34469084455789, "params": {"colsample_bytree": 0.4242515144465494, "eta": 0.036536565987255375, "gamma": 540.6592616724714, "max_depth": 3.0, "min_child_weight": 4255.814309129581, "num_boost_round": 31.0, "subsample": 0.8077977736718098}, "datetime": {"datetime": "2024-01-20 14:47:17", "elapsed": 1404.254044, "delta": 0.002431}}
{"target": -12.3448170674116, "params": {"colsample_bytree": 0.4242515144465494, "eta": 0.036536565987255375, "gamma": 540.6592616724714, "max_depth": 3.0, "min_child_weight": 4255.814309129581, "num_boost_round": 32.0, "subsample": 0.8077977736718098}, "datetime": {"datetime": "2024-01-20 14:47:17", "elapsed": 1404.256484, "delta": 0.00244}}
{"target": -12.344877194588772, "params": {"colsample_bytree": 0.4242515144465494, "eta": 0.036536565987255375, "gamma": 540.6592616724714, "max_depth": 3.0, "min_child_weight": 4255.814309129581, "num_boost_round": 33.0, "subsample": 0.8077977736718098}, "datetime": {"datetime": "2024-01-20 14:47:17", "elapsed": 1404.25905, "delta": 0.002566}}
{"target": -12.344609219471042, "params": {"colsample_bytree": 0.4242515144465494, "eta": 0.036536565987255375, "gamma": 540.6592616724714, "max_depth": 3.0, "min_child_weight": 4255.814309129581, "num_boost_round": 34.0, "subsample": 0.8077977736718098}, "datetime": {"datetime": "2024-01-20 14:47:17", "elapsed": 1404.261539, "delta": 0.002489}}
{"target": -12.34447465938527, "params": {"colsample_bytree": 0.4242515144465494, "eta": 0.036536565987255375, "gamma": 540.6592616724714, "max_depth": 3.0, "min_child_weight": 4255.814309129581, "num_boost_round": 35.0, "subsample": 0.8077977736718098}, "datetime": {"datetime": "2024-01-20 14:47:17", "elapsed": 1404.26418, "delta": 0.002641}}
