{"target": -12.353940805625701, "params": {"colsample_bytree": 0.7379510431040827, "eta": 0.022309032034937476, "gamma": 700.374995339363, "max_depth": 4.0, "min_child_weight": 4272.903650031672, "num_boost_round": 5.0, "subsample": 0.8826480224189491}, "datetime": {"datetime": "2024-01-20 16:03:16", "elapsed": 5962.760117, "delta": 0.007913}}
{"target": -12.352908763248841, "params": {"colsample_bytree": 0.7379510431040827, "eta": 0.022309032034937476, "gamma": 700.374995339363, "max_depth": 4.0, "min_child_weight": 4272.903650031672, "num_boost_round": 6.0, "subsample": 0.8826480224189491}, "datetime": {"datetime": "2024-01-20 16:03:16", "elapsed": 5962.769945, "delta": 0.009828}}
{"target": -12.351981085441288, "params": {"colsample_bytree": 0.7379510431040827, "eta": 0.022309032034937476, "gamma": 700.374995339363, "max_depth": 4.0, "min_child_weight": 4272.903650031672, "num_boost_round": 7.0, "subsample": 0.8826480224189491}, "datetime": {"datetime": "2024-01-20 16:03:16", "elapsed": 5962.778872, "delta": 0.008927}}
{"target": -12.351571263299327, "params": {"colsample_bytree": 0.7379510431040827, "eta": 0.022309032034937476, "gamma": 700.374995339363, "max_depth": 4.0, "min_child_weight": 4272.903650031672, "num_boost_round": 8.0, "subsample": 0.8826480224189491}, "datetime": {"datetime": "2024-01-20 16:03:16", "elapsed": 5962.786288, "delta": 0.007416}}
{"target": -12.350683204732576, "params": {"colsample_bytree": 0.7379510431040827, "eta": 0.022309032034937476, "gamma": 700.374995339363, "max_depth": 4.0, "min_child_weight": 4272.903650031672, "num_boost_round": 9.0, "subsample": 0.8826480224189491}, "datetime": {"datetime": "2024-01-20 16:03:16", "elapsed": 5962.792616, "delta": 0.006328}}
{"target": -12.349924470895408, "params": {"colsample_bytree": 0.7379510431040827, "eta": 0.022309032034937476, "gamma": 700.374995339363, "max_depth": 4.0, "min_child_weight": 4272.903650031672, "num_boost_round": 10.0, "subsample": 0.8826480224189491}, "datetime": {"datetime": "2024-01-20 16:03:16", "elapsed": 5962.798652, "delta": 0.006036}}
{"target": -12.34948553070016, "params": {"colsample_bytree": 0.7379510431040827, "eta": 0.022309032034937476, "gamma": 700.374995339363, "max_depth": 4.0, "min_child_weight": 4272.903650031672, "num_boost_round": 11.0, "subsample": 0.8826480224189491}, "datetime": {"datetime": "2024-01-20 16:03:16", "elapsed": 5962.804553, "delta": 0.005901}}
{"target": -12.348787987329246, "params": {"colsample_bytree": 0.7379510431040827, "eta": 0.022309032034937476, "gamma": 700.374995339363, "max_depth": 4.0, "min_child_weight": 4272.903650031672, "num_boost_round": 12.0, "subsample": 0.8826480224189491}, "datetime": {"datetime": "2024-01-20 16:03:16", "elapsed": 5962.810356, "delta": 0.005803}}
{"target": -12.348186302186258, "params": {"colsample_bytree": 0.7379510431040827, "eta": 0.022309032034937476, "gamma": 700.374995339363, "max_depth": 4.0, "min_child_weight": 4272.903650031672, "num_boost_round": 13.0, "subsample": 0.8826480224189491}, "datetime": {"datetime": "2024-01-20 16:03:16", "elapsed": 5962.816179, "delta": 0.005823}}
{"target": -12.347653092619261, "params": {"colsample_bytree": 0.7379510431040827, "eta": 0.022309032034937476, "gamma": 700.374995339363, "max_depth": 4.0, "min_child_weight": 4272.903650031672, "num_boost_round": 14.0, "subsample": 0.8826480224189491}, "datetime": {"datetime": "2024-01-20 16:03:16", "elapsed": 5962.821995, "delta": 0.005816}}
{"target": -12.347054240861402, "params": {"colsample_bytree": 0.7379510431040827, "eta": 0.022309032034937476, "gamma": 700.374995339363, "max_depth": 4.0, "min_child_weight": 4272.903650031672, "num_boost_round": 15.0, "subsample": 0.8826480224189491}, "datetime": {"datetime": "2024-01-20 16:03:16", "elapsed": 5962.827771, "delta": 0.005776}}
{"target": -12.346405656676467, "params": {"colsample_bytree": 0.7379510431040827, "eta": 0.022309032034937476, "gamma": 700.374995339363, "max_depth": 4.0, "min_child_weight": 4272.903650031672, "num_boost_round": 16.0, "subsample": 0.8826480224189491}, "datetime": {"datetime": "2024-01-20 16:03:16", "elapsed": 5962.833558, "delta": 0.005787}}
{"target": -12.356293390586387, "params": {"colsample_bytree": 0.5187347376203104, "eta": 0.08179286920209518, "gamma": 506.10778498153417, "max_depth": 2.0, "min_child_weight": 4227.4921900313575, "num_boost_round": 1.0, "subsample": 0.3467782917036192}, "datetime": {"datetime": "2024-01-20 16:05:59", "elapsed": 6125.932753, "delta": 163.099195}}
{"target": -12.354437401144434, "params": {"colsample_bytree": 0.5187347376203104, "eta": 0.08179286920209518, "gamma": 506.10778498153417, "max_depth": 2.0, "min_child_weight": 4227.4921900313575, "num_boost_round": 2.0, "subsample": 0.3467782917036192}, "datetime": {"datetime": "2024-01-20 16:05:59", "elapsed": 6125.940797, "delta": 0.008044}}
{"target": -12.350791587406608, "params": {"colsample_bytree": 0.5187347376203104, "eta": 0.08179286920209518, "gamma": 506.10778498153417, "max_depth": 2.0, "min_child_weight": 4227.4921900313575, "num_boost_round": 3.0, "subsample": 0.3467782917036192}, "datetime": {"datetime": "2024-01-20 16:05:59", "elapsed": 6125.9482, "delta": 0.007403}}
{"target": -12.351603753348387, "params": {"colsample_bytree": 0.5187347376203104, "eta": 0.08179286920209518, "gamma": 506.10778498153417, "max_depth": 2.0, "min_child_weight": 4227.4921900313575, "num_boost_round": 4.0, "subsample": 0.3467782917036192}, "datetime": {"datetime": "2024-01-20 16:05:59", "elapsed": 6125.955446, "delta": 0.007246}}
{"target": -12.348754311352412, "params": {"colsample_bytree": 0.5187347376203104, "eta": 0.08179286920209518, "gamma": 506.10778498153417, "max_depth": 2.0, "min_child_weight": 4227.4921900313575, "num_boost_round": 5.0, "subsample": 0.3467782917036192}, "datetime": {"datetime": "2024-01-20 16:05:59", "elapsed": 6125.962767, "delta": 0.007321}}
{"target": -12.346334699110603, "params": {"colsample_bytree": 0.5187347376203104, "eta": 0.08179286920209518, "gamma": 506.10778498153417, "max_depth": 2.0, "min_child_weight": 4227.4921900313575, "num_boost_round": 6.0, "subsample": 0.3467782917036192}, "datetime": {"datetime": "2024-01-20 16:05:59", "elapsed": 6125.969997, "delta": 0.00723}}
{"target": -12.345686206950013, "params": {"colsample_bytree": 0.5187347376203104, "eta": 0.08179286920209518, "gamma": 506.10778498153417, "max_depth": 2.0, "min_child_weight": 4227.4921900313575, "num_boost_round": 7.0, "subsample": 0.3467782917036192}, "datetime": {"datetime": "2024-01-20 16:05:59", "elapsed": 6125.977434, "delta": 0.007437}}
{"target": -12.344941505883458, "params": {"colsample_bytree": 0.5187347376203104, "eta": 0.08179286920209518, "gamma": 506.10778498153417, "max_depth": 2.0, "min_child_weight": 4227.4921900313575, "num_boost_round": 8.0, "subsample": 0.3467782917036192}, "datetime": {"datetime": "2024-01-20 16:05:59", "elapsed": 6125.984768, "delta": 0.007334}}
{"target": -12.345281739858933, "params": {"colsample_bytree": 0.5187347376203104, "eta": 0.08179286920209518, "gamma": 506.10778498153417, "max_depth": 2.0, "min_child_weight": 4227.4921900313575, "num_boost_round": 9.0, "subsample": 0.3467782917036192}, "datetime": {"datetime": "2024-01-20 16:05:59", "elapsed": 6125.992234, "delta": 0.007466}}
{"target": -12.343605679381772, "params": {"colsample_bytree": 0.5187347376203104, "eta": 0.08179286920209518, "gamma": 506.10778498153417, "max_depth": 2.0, "min_child_weight": 4227.4921900313575, "num_boost_round": 10.0, "subsample": 0.3467782917036192}, "datetime": {"datetime": "2024-01-20 16:05:59", "elapsed": 6125.999585, "delta": 0.007351}}
{"target": -12.342751686325618, "params": {"colsample_bytree": 0.5187347376203104, "eta": 0.08179286920209518, "gamma": 506.10778498153417, "max_depth": 2.0, "min_child_weight": 4227.4921900313575, "num_boost_round": 11.0, "subsample": 0.3467782917036192}, "datetime": {"datetime": "2024-01-20 16:05:59", "elapsed": 6126.007008, "delta": 0.007423}}
{"target": -12.342616429577049, "params": {"colsample_bytree": 0.5187347376203104, "eta": 0.08179286920209518, "gamma": 506.10778498153417, "max_depth": 2.0, "min_child_weight": 4227.4921900313575, "num_boost_round": 12.0, "subsample": 0.3467782917036192}, "datetime": {"datetime": "2024-01-20 16:05:59", "elapsed": 6126.01431, "delta": 0.007302}}
{"target": -12.34315548168107, "params": {"colsample_bytree": 0.5187347376203104, "eta": 0.08179286920209518, "gamma": 506.10778498153417, "max_depth": 2.0, "min_child_weight": 4227.4921900313575, "num_boost_round": 13.0, "subsample": 0.3467782917036192}, "datetime": {"datetime": "2024-01-20 16:05:59", "elapsed": 6126.021996, "delta": 0.007686}}
{"target": -12.342847019037727, "params": {"colsample_bytree": 0.5187347376203104, "eta": 0.08179286920209518, "gamma": 506.10778498153417, "max_depth": 2.0, "min_child_weight": 4227.4921900313575, "num_boost_round": 14.0, "subsample": 0.3467782917036192}, "datetime": {"datetime": "2024-01-20 16:05:59", "elapsed": 6126.029541, "delta": 0.007545}}
{"target": -12.341935447002285, "params": {"colsample_bytree": 0.5187347376203104, "eta": 0.08179286920209518, "gamma": 506.10778498153417, "max_depth": 2.0, "min_child_weight": 4227.4921900313575, "num_boost_round": 15.0, "subsample": 0.3467782917036192}, "datetime": {"datetime": "2024-01-20 16:05:59", "elapsed": 6126.036797, "delta": 0.007256}}
{"target": -12.341658095968105, "params": {"colsample_bytree": 0.5187347376203104, "eta": 0.08179286920209518, "gamma": 506.10778498153417, "max_depth": 2.0, "min_child_weight": 4227.4921900313575, "num_boost_round": 16.0, "subsample": 0.3467782917036192}, "datetime": {"datetime": "2024-01-20 16:05:59", "elapsed": 6126.044248, "delta": 0.007451}}
{"target": -12.341370925514441, "params": {"colsample_bytree": 0.5187347376203104, "eta": 0.08179286920209518, "gamma": 506.10778498153417, "max_depth": 2.0, "min_child_weight": 4227.4921900313575, "num_boost_round": 17.0, "subsample": 0.3467782917036192}, "datetime": {"datetime": "2024-01-20 16:05:59", "elapsed": 6126.051508, "delta": 0.00726}}
{"target": -12.340860196631818, "params": {"colsample_bytree": 0.5187347376203104, "eta": 0.08179286920209518, "gamma": 506.10778498153417, "max_depth": 2.0, "min_child_weight": 4227.4921900313575, "num_boost_round": 18.0, "subsample": 0.3467782917036192}, "datetime": {"datetime": "2024-01-20 16:05:59", "elapsed": 6126.0588, "delta": 0.007292}}
{"target": -12.341015441197532, "params": {"colsample_bytree": 0.5187347376203104, "eta": 0.08179286920209518, "gamma": 506.10778498153417, "max_depth": 2.0, "min_child_weight": 4227.4921900313575, "num_boost_round": 19.0, "subsample": 0.3467782917036192}, "datetime": {"datetime": "2024-01-20 16:05:59", "elapsed": 6126.066375, "delta": 0.007575}}
{"target": -12.340864449955827, "params": {"colsample_bytree": 0.5187347376203104, "eta": 0.08179286920209518, "gamma": 506.10778498153417, "max_depth": 2.0, "min_child_weight": 4227.4921900313575, "num_boost_round": 20.0, "subsample": 0.3467782917036192}, "datetime": {"datetime": "2024-01-20 16:05:59", "elapsed": 6126.073616, "delta": 0.007241}}
{"target": -12.340782123446786, "params": {"colsample_bytree": 0.5187347376203104, "eta": 0.08179286920209518, "gamma": 506.10778498153417, "max_depth": 2.0, "min_child_weight": 4227.4921900313575, "num_boost_round": 21.0, "subsample": 0.3467782917036192}, "datetime": {"datetime": "2024-01-20 16:05:59", "elapsed": 6126.080638, "delta": 0.007022}}
{"target": -12.34126671133548, "params": {"colsample_bytree": 0.5187347376203104, "eta": 0.08179286920209518, "gamma": 506.10778498153417, "max_depth": 2.0, "min_child_weight": 4227.4921900313575, "num_boost_round": 22.0, "subsample": 0.3467782917036192}, "datetime": {"datetime": "2024-01-20 16:05:59", "elapsed": 6126.087799, "delta": 0.007161}}
{"target": -12.341115062494048, "params": {"colsample_bytree": 0.5187347376203104, "eta": 0.08179286920209518, "gamma": 506.10778498153417, "max_depth": 2.0, "min_child_weight": 4227.4921900313575, "num_boost_round": 23.0, "subsample": 0.3467782917036192}, "datetime": {"datetime": "2024-01-20 16:05:59", "elapsed": 6126.095015, "delta": 0.007216}}
{"target": -12.34131158523215, "params": {"colsample_bytree": 0.5187347376203104, "eta": 0.08179286920209518, "gamma": 506.10778498153417, "max_depth": 2.0, "min_child_weight": 4227.4921900313575, "num_boost_round": 24.0, "subsample": 0.3467782917036192}, "datetime": {"datetime": "2024-01-20 16:05:59", "elapsed": 6126.102403, "delta": 0.007388}}
{"target": -12.340926865572438, "params": {"colsample_bytree": 0.5187347376203104, "eta": 0.08179286920209518, "gamma": 506.10778498153417, "max_depth": 2.0, "min_child_weight": 4227.4921900313575, "num_boost_round": 25.0, "subsample": 0.3467782917036192}, "datetime": {"datetime": "2024-01-20 16:05:59", "elapsed": 6126.109655, "delta": 0.007252}}
{"target": -12.34074764882163, "params": {"colsample_bytree": 0.5187347376203104, "eta": 0.08179286920209518, "gamma": 506.10778498153417, "max_depth": 2.0, "min_child_weight": 4227.4921900313575, "num_boost_round": 26.0, "subsample": 0.3467782917036192}, "datetime": {"datetime": "2024-01-20 16:05:59", "elapsed": 6126.116895, "delta": 0.00724}}
{"target": -12.341172121616484, "params": {"colsample_bytree": 0.5187347376203104, "eta": 0.08179286920209518, "gamma": 506.10778498153417, "max_depth": 2.0, "min_child_weight": 4227.4921900313575, "num_boost_round": 27.0, "subsample": 0.3467782917036192}, "datetime": {"datetime": "2024-01-20 16:05:59", "elapsed": 6126.124527, "delta": 0.007632}}
{"target": -12.340593477403608, "params": {"colsample_bytree": 0.5187347376203104, "eta": 0.08179286920209518, "gamma": 506.10778498153417, "max_depth": 2.0, "min_child_weight": 4227.4921900313575, "num_boost_round": 28.0, "subsample": 0.3467782917036192}, "datetime": {"datetime": "2024-01-20 16:05:59", "elapsed": 6126.132002, "delta": 0.007475}}
{"target": -12.34051507425686, "params": {"colsample_bytree": 0.5187347376203104, "eta": 0.08179286920209518, "gamma": 506.10778498153417, "max_depth": 2.0, "min_child_weight": 4227.4921900313575, "num_boost_round": 29.0, "subsample": 0.3467782917036192}, "datetime": {"datetime": "2024-01-20 16:05:59", "elapsed": 6126.139465, "delta": 0.007463}}
{"target": -12.340164701107845, "params": {"colsample_bytree": 0.5187347376203104, "eta": 0.08179286920209518, "gamma": 506.10778498153417, "max_depth": 2.0, "min_child_weight": 4227.4921900313575, "num_boost_round": 30.0, "subsample": 0.3467782917036192}, "datetime": {"datetime": "2024-01-20 16:05:59", "elapsed": 6126.146722, "delta": 0.007257}}
{"target": -12.340166558434563, "params": {"colsample_bytree": 0.5187347376203104, "eta": 0.08179286920209518, "gamma": 506.10778498153417, "max_depth": 2.0, "min_child_weight": 4227.4921900313575, "num_boost_round": 31.0, "subsample": 0.3467782917036192}, "datetime": {"datetime": "2024-01-20 16:05:59", "elapsed": 6126.153999, "delta": 0.007277}}
{"target": -12.34034132676883, "params": {"colsample_bytree": 0.5187347376203104, "eta": 0.08179286920209518, "gamma": 506.10778498153417, "max_depth": 2.0, "min_child_weight": 4227.4921900313575, "num_boost_round": 32.0, "subsample": 0.3467782917036192}, "datetime": {"datetime": "2024-01-20 16:05:59", "elapsed": 6126.161514, "delta": 0.007515}}
{"target": -12.340288755601057, "params": {"colsample_bytree": 0.5187347376203104, "eta": 0.08179286920209518, "gamma": 506.10778498153417, "max_depth": 2.0, "min_child_weight": 4227.4921900313575, "num_boost_round": 33.0, "subsample": 0.3467782917036192}, "datetime": {"datetime": "2024-01-20 16:05:59", "elapsed": 6126.168831, "delta": 0.007317}}
{"target": -12.340181574107948, "params": {"colsample_bytree": 0.5187347376203104, "eta": 0.08179286920209518, "gamma": 506.10778498153417, "max_depth": 2.0, "min_child_weight": 4227.4921900313575, "num_boost_round": 34.0, "subsample": 0.3467782917036192}, "datetime": {"datetime": "2024-01-20 16:05:59", "elapsed": 6126.17825, "delta": 0.009419}}
{"target": -12.340294319422267, "params": {"colsample_bytree": 0.5187347376203104, "eta": 0.08179286920209518, "gamma": 506.10778498153417, "max_depth": 2.0, "min_child_weight": 4227.4921900313575, "num_boost_round": 35.0, "subsample": 0.3467782917036192}, "datetime": {"datetime": "2024-01-20 16:05:59", "elapsed": 6126.187122, "delta": 0.008872}}
{"target": -12.340445078722748, "params": {"colsample_bytree": 0.5187347376203104, "eta": 0.08179286920209518, "gamma": 506.10778498153417, "max_depth": 2.0, "min_child_weight": 4227.4921900313575, "num_boost_round": 36.0, "subsample": 0.3467782917036192}, "datetime": {"datetime": "2024-01-20 16:05:59", "elapsed": 6126.197053, "delta": 0.009931}}
{"target": -12.340643309637418, "params": {"colsample_bytree": 0.5187347376203104, "eta": 0.08179286920209518, "gamma": 506.10778498153417, "max_depth": 2.0, "min_child_weight": 4227.4921900313575, "num_boost_round": 37.0, "subsample": 0.3467782917036192}, "datetime": {"datetime": "2024-01-20 16:05:59", "elapsed": 6126.204589, "delta": 0.007536}}
{"target": -12.34102188431779, "params": {"colsample_bytree": 0.5187347376203104, "eta": 0.08179286920209518, "gamma": 506.10778498153417, "max_depth": 2.0, "min_child_weight": 4227.4921900313575, "num_boost_round": 38.0, "subsample": 0.3467782917036192}, "datetime": {"datetime": "2024-01-20 16:05:59", "elapsed": 6126.212465, "delta": 0.007876}}
{"target": -12.341012129738987, "params": {"colsample_bytree": 0.5187347376203104, "eta": 0.08179286920209518, "gamma": 506.10778498153417, "max_depth": 2.0, "min_child_weight": 4227.4921900313575, "num_boost_round": 39.0, "subsample": 0.3467782917036192}, "datetime": {"datetime": "2024-01-20 16:05:59", "elapsed": 6126.22092, "delta": 0.008455}}
{"target": -12.3404961528637, "params": {"colsample_bytree": 0.5187347376203104, "eta": 0.08179286920209518, "gamma": 506.10778498153417, "max_depth": 2.0, "min_child_weight": 4227.4921900313575, "num_boost_round": 40.0, "subsample": 0.3467782917036192}, "datetime": {"datetime": "2024-01-20 16:05:59", "elapsed": 6126.228982, "delta": 0.008062}}
{"target": -12.34044583736911, "params": {"colsample_bytree": 0.5187347376203104, "eta": 0.08179286920209518, "gamma": 506.10778498153417, "max_depth": 2.0, "min_child_weight": 4227.4921900313575, "num_boost_round": 41.0, "subsample": 0.3467782917036192}, "datetime": {"datetime": "2024-01-20 16:05:59", "elapsed": 6126.236689, "delta": 0.007707}}
{"target": -12.34075651108633, "params": {"colsample_bytree": 0.5187347376203104, "eta": 0.08179286920209518, "gamma": 506.10778498153417, "max_depth": 2.0, "min_child_weight": 4227.4921900313575, "num_boost_round": 42.0, "subsample": 0.3467782917036192}, "datetime": {"datetime": "2024-01-20 16:05:59", "elapsed": 6126.244452, "delta": 0.007763}}
{"target": -12.34047838138644, "params": {"colsample_bytree": 0.5187347376203104, "eta": 0.08179286920209518, "gamma": 506.10778498153417, "max_depth": 2.0, "min_child_weight": 4227.4921900313575, "num_boost_round": 43.0, "subsample": 0.3467782917036192}, "datetime": {"datetime": "2024-01-20 16:05:59", "elapsed": 6126.252174, "delta": 0.007722}}
{"target": -12.340704704722796, "params": {"colsample_bytree": 0.5187347376203104, "eta": 0.08179286920209518, "gamma": 506.10778498153417, "max_depth": 2.0, "min_child_weight": 4227.4921900313575, "num_boost_round": 44.0, "subsample": 0.3467782917036192}, "datetime": {"datetime": "2024-01-20 16:05:59", "elapsed": 6126.25994, "delta": 0.007766}}
{"target": -12.340679906413921, "params": {"colsample_bytree": 0.5187347376203104, "eta": 0.08179286920209518, "gamma": 506.10778498153417, "max_depth": 2.0, "min_child_weight": 4227.4921900313575, "num_boost_round": 45.0, "subsample": 0.3467782917036192}, "datetime": {"datetime": "2024-01-20 16:05:59", "elapsed": 6126.267676, "delta": 0.007736}}
{"target": -12.340981868040181, "params": {"colsample_bytree": 0.5187347376203104, "eta": 0.08179286920209518, "gamma": 506.10778498153417, "max_depth": 2.0, "min_child_weight": 4227.4921900313575, "num_boost_round": 46.0, "subsample": 0.3467782917036192}, "datetime": {"datetime": "2024-01-20 16:05:59", "elapsed": 6126.275653, "delta": 0.007977}}
{"target": -12.34110188095415, "params": {"colsample_bytree": 0.5187347376203104, "eta": 0.08179286920209518, "gamma": 506.10778498153417, "max_depth": 2.0, "min_child_weight": 4227.4921900313575, "num_boost_round": 47.0, "subsample": 0.3467782917036192}, "datetime": {"datetime": "2024-01-20 16:06:00", "elapsed": 6126.283806, "delta": 0.008153}}
{"target": -12.341247566099408, "params": {"colsample_bytree": 0.5187347376203104, "eta": 0.08179286920209518, "gamma": 506.10778498153417, "max_depth": 2.0, "min_child_weight": 4227.4921900313575, "num_boost_round": 48.0, "subsample": 0.3467782917036192}, "datetime": {"datetime": "2024-01-20 16:06:00", "elapsed": 6126.291961, "delta": 0.008155}}
{"target": -12.341338482339665, "params": {"colsample_bytree": 0.5187347376203104, "eta": 0.08179286920209518, "gamma": 506.10778498153417, "max_depth": 2.0, "min_child_weight": 4227.4921900313575, "num_boost_round": 49.0, "subsample": 0.3467782917036192}, "datetime": {"datetime": "2024-01-20 16:06:00", "elapsed": 6126.301349, "delta": 0.009388}}
{"target": -12.341650306261378, "params": {"colsample_bytree": 0.5187347376203104, "eta": 0.08179286920209518, "gamma": 506.10778498153417, "max_depth": 2.0, "min_child_weight": 4227.4921900313575, "num_boost_round": 50.0, "subsample": 0.3467782917036192}, "datetime": {"datetime": "2024-01-20 16:06:00", "elapsed": 6126.311202, "delta": 0.009853}}
{"target": -12.341656650042749, "params": {"colsample_bytree": 0.5187347376203104, "eta": 0.08179286920209518, "gamma": 506.10778498153417, "max_depth": 2.0, "min_child_weight": 4227.4921900313575, "num_boost_round": 51.0, "subsample": 0.3467782917036192}, "datetime": {"datetime": "2024-01-20 16:06:00", "elapsed": 6126.319068, "delta": 0.007866}}
