{"target": -10.306106800421258, "params": {"colsample_bytree": 0.33335152708447824, "eta": 0.09416998359418563, "gamma": 387.23143874318345, "max_depth": 7.0, "min_child_weight": 4527.0134323295115, "num_boost_round": 16.0, "subsample": 0.855572288226839}, "datetime": {"datetime": "2024-01-20 14:17:44", "elapsed": 3362.023892, "delta": 0.002112}}
{"target": -10.306619817323574, "params": {"colsample_bytree": 0.33335152708447824, "eta": 0.09416998359418563, "gamma": 387.23143874318345, "max_depth": 7.0, "min_child_weight": 4527.0134323295115, "num_boost_round": 17.0, "subsample": 0.855572288226839}, "datetime": {"datetime": "2024-01-20 14:17:44", "elapsed": 3362.025986, "delta": 0.002094}}
{"target": -10.307046224562002, "params": {"colsample_bytree": 0.33335152708447824, "eta": 0.09416998359418563, "gamma": 387.23143874318345, "max_depth": 7.0, "min_child_weight": 4527.0134323295115, "num_boost_round": 18.0, "subsample": 0.855572288226839}, "datetime": {"datetime": "2024-01-20 14:17:44", "elapsed": 3362.028064, "delta": 0.002078}}
{"target": -10.30748303701457, "params": {"colsample_bytree": 0.33335152708447824, "eta": 0.09416998359418563, "gamma": 387.23143874318345, "max_depth": 7.0, "min_child_weight": 4527.0134323295115, "num_boost_round": 19.0, "subsample": 0.855572288226839}, "datetime": {"datetime": "2024-01-20 14:17:44", "elapsed": 3362.030154, "delta": 0.00209}}
{"target": -10.307604016530611, "params": {"colsample_bytree": 0.33335152708447824, "eta": 0.09416998359418563, "gamma": 387.23143874318345, "max_depth": 7.0, "min_child_weight": 4527.0134323295115, "num_boost_round": 20.0, "subsample": 0.855572288226839}, "datetime": {"datetime": "2024-01-20 14:17:44", "elapsed": 3362.032187, "delta": 0.002033}}
{"target": -10.30790988641192, "params": {"colsample_bytree": 0.33335152708447824, "eta": 0.09416998359418563, "gamma": 387.23143874318345, "max_depth": 7.0, "min_child_weight": 4527.0134323295115, "num_boost_round": 21.0, "subsample": 0.855572288226839}, "datetime": {"datetime": "2024-01-20 14:17:44", "elapsed": 3362.034171, "delta": 0.001984}}
{"target": -10.308309714126592, "params": {"colsample_bytree": 0.33335152708447824, "eta": 0.09416998359418563, "gamma": 387.23143874318345, "max_depth": 7.0, "min_child_weight": 4527.0134323295115, "num_boost_round": 22.0, "subsample": 0.855572288226839}, "datetime": {"datetime": "2024-01-20 14:17:44", "elapsed": 3362.036346, "delta": 0.002175}}
{"target": -10.309175839740755, "params": {"colsample_bytree": 0.33335152708447824, "eta": 0.09416998359418563, "gamma": 387.23143874318345, "max_depth": 7.0, "min_child_weight": 4527.0134323295115, "num_boost_round": 23.0, "subsample": 0.855572288226839}, "datetime": {"datetime": "2024-01-20 14:17:44", "elapsed": 3362.038485, "delta": 0.002139}}
{"target": -10.309754397790899, "params": {"colsample_bytree": 0.33335152708447824, "eta": 0.09416998359418563, "gamma": 387.23143874318345, "max_depth": 7.0, "min_child_weight": 4527.0134323295115, "num_boost_round": 24.0, "subsample": 0.855572288226839}, "datetime": {"datetime": "2024-01-20 14:17:44", "elapsed": 3362.040611, "delta": 0.002126}}
{"target": -10.310137192042589, "params": {"colsample_bytree": 0.33335152708447824, "eta": 0.09416998359418563, "gamma": 387.23143874318345, "max_depth": 7.0, "min_child_weight": 4527.0134323295115, "num_boost_round": 25.0, "subsample": 0.855572288226839}, "datetime": {"datetime": "2024-01-20 14:17:44", "elapsed": 3362.042616, "delta": 0.002005}}
{"target": -10.310737856316823, "params": {"colsample_bytree": 0.33335152708447824, "eta": 0.09416998359418563, "gamma": 387.23143874318345, "max_depth": 7.0, "min_child_weight": 4527.0134323295115, "num_boost_round": 26.0, "subsample": 0.855572288226839}, "datetime": {"datetime": "2024-01-20 14:17:44", "elapsed": 3362.044659, "delta": 0.002043}}
{"target": -10.31087522198689, "params": {"colsample_bytree": 0.33335152708447824, "eta": 0.09416998359418563, "gamma": 387.23143874318345, "max_depth": 7.0, "min_child_weight": 4527.0134323295115, "num_boost_round": 27.0, "subsample": 0.855572288226839}, "datetime": {"datetime": "2024-01-20 14:17:44", "elapsed": 3362.046675, "delta": 0.002016}}
{"target": -10.311135991550447, "params": {"colsample_bytree": 0.33335152708447824, "eta": 0.09416998359418563, "gamma": 387.23143874318345, "max_depth": 7.0, "min_child_weight": 4527.0134323295115, "num_boost_round": 28.0, "subsample": 0.855572288226839}, "datetime": {"datetime": "2024-01-20 14:17:44", "elapsed": 3362.048791, "delta": 0.002116}}
{"target": -10.298457316589868, "params": {"colsample_bytree": 0.6870975194109598, "eta": 0.005578939544938319, "gamma": 760.1751867730002, "max_depth": 5.0, "min_child_weight": 3982.286084898278, "num_boost_round": 1.0, "subsample": 0.19683589603502966}, "datetime": {"datetime": "2024-01-20 14:18:07", "elapsed": 3385.098663, "delta": 23.049872}}
{"target": -10.29830738024664, "params": {"colsample_bytree": 0.5454383729940899, "eta": 0.08162969575067927, "gamma": 871.6193785618478, "max_depth": 9.0, "min_child_weight": 4359.282266500775, "num_boost_round": 1.0, "subsample": 0.9803739208825224}, "datetime": {"datetime": "2024-01-20 14:18:43", "elapsed": 3420.822392, "delta": 35.723729}}
{"target": -10.29889944045722, "params": {"colsample_bytree": 0.5454383729940899, "eta": 0.08162969575067927, "gamma": 871.6193785618478, "max_depth": 9.0, "min_child_weight": 4359.282266500775, "num_boost_round": 2.0, "subsample": 0.9803739208825224}, "datetime": {"datetime": "2024-01-20 14:18:43", "elapsed": 3420.825469, "delta": 0.003077}}
{"target": -10.299089361796876, "params": {"colsample_bytree": 0.5454383729940899, "eta": 0.08162969575067927, "gamma": 871.6193785618478, "max_depth": 9.0, "min_child_weight": 4359.282266500775, "num_boost_round": 3.0, "subsample": 0.9803739208825224}, "datetime": {"datetime": "2024-01-20 14:18:43", "elapsed": 3420.830485, "delta": 0.005016}}
{"target": -10.299759099628453, "params": {"colsample_bytree": 0.5454383729940899, "eta": 0.08162969575067927, "gamma": 871.6193785618478, "max_depth": 9.0, "min_child_weight": 4359.282266500775, "num_boost_round": 4.0, "subsample": 0.9803739208825224}, "datetime": {"datetime": "2024-01-20 14:18:43", "elapsed": 3420.837451, "delta": 0.006966}}
{"target": -10.300771275388271, "params": {"colsample_bytree": 0.5454383729940899, "eta": 0.08162969575067927, "gamma": 871.6193785618478, "max_depth": 9.0, "min_child_weight": 4359.282266500775, "num_boost_round": 5.0, "subsample": 0.9803739208825224}, "datetime": {"datetime": "2024-01-20 14:18:43", "elapsed": 3420.842254, "delta": 0.004803}}
{"target": -10.30128759742793, "params": {"colsample_bytree": 0.5454383729940899, "eta": 0.08162969575067927, "gamma": 871.6193785618478, "max_depth": 9.0, "min_child_weight": 4359.282266500775, "num_boost_round": 6.0, "subsample": 0.9803739208825224}, "datetime": {"datetime": "2024-01-20 14:18:43", "elapsed": 3420.848219, "delta": 0.005965}}
{"target": -10.301363314844409, "params": {"colsample_bytree": 0.5454383729940899, "eta": 0.08162969575067927, "gamma": 871.6193785618478, "max_depth": 9.0, "min_child_weight": 4359.282266500775, "num_boost_round": 7.0, "subsample": 0.9803739208825224}, "datetime": {"datetime": "2024-01-20 14:18:43", "elapsed": 3420.850616, "delta": 0.002397}}
{"target": -10.301970320170508, "params": {"colsample_bytree": 0.5454383729940899, "eta": 0.08162969575067927, "gamma": 871.6193785618478, "max_depth": 9.0, "min_child_weight": 4359.282266500775, "num_boost_round": 8.0, "subsample": 0.9803739208825224}, "datetime": {"datetime": "2024-01-20 14:18:43", "elapsed": 3420.852937, "delta": 0.002321}}
{"target": -10.302720332362036, "params": {"colsample_bytree": 0.5454383729940899, "eta": 0.08162969575067927, "gamma": 871.6193785618478, "max_depth": 9.0, "min_child_weight": 4359.282266500775, "num_boost_round": 9.0, "subsample": 0.9803739208825224}, "datetime": {"datetime": "2024-01-20 14:18:43", "elapsed": 3420.85496, "delta": 0.002023}}
{"target": -10.298314361274286, "params": {"colsample_bytree": 0.2804009267621912, "eta": 0.02575101488927835, "gamma": 547.6456327216123, "max_depth": 9.0, "min_child_weight": 3937.3165065975763, "num_boost_round": 1.0, "subsample": 0.8872599007029842}, "datetime": {"datetime": "2024-01-20 14:19:10", "elapsed": 3448.747134, "delta": 27.892174}}
{"target": -10.298264787859281, "params": {"colsample_bytree": 0.2804009267621912, "eta": 0.02575101488927835, "gamma": 547.6456327216123, "max_depth": 9.0, "min_child_weight": 3937.3165065975763, "num_boost_round": 2.0, "subsample": 0.8872599007029842}, "datetime": {"datetime": "2024-01-20 14:19:10", "elapsed": 3448.750171, "delta": 0.003037}}
{"target": -10.298402964208137, "params": {"colsample_bytree": 0.11430123064246739, "eta": 0.028804219755801462, "gamma": 851.8164492605998, "max_depth": 5.0, "min_child_weight": 4170.082932122087, "num_boost_round": 1.0, "subsample": 0.8950258981826867}, "datetime": {"datetime": "2024-01-20 14:19:41", "elapsed": 3479.332013, "delta": 30.581842}}
{"target": -10.298295845075467, "params": {"colsample_bytree": 0.11430123064246739, "eta": 0.028804219755801462, "gamma": 851.8164492605998, "max_depth": 5.0, "min_child_weight": 4170.082932122087, "num_boost_round": 2.0, "subsample": 0.8950258981826867}, "datetime": {"datetime": "2024-01-20 14:19:41", "elapsed": 3479.336683, "delta": 0.00467}}
{"target": -10.298451990516552, "params": {"colsample_bytree": 0.11430123064246739, "eta": 0.028804219755801462, "gamma": 851.8164492605998, "max_depth": 5.0, "min_child_weight": 4170.082932122087, "num_boost_round": 3.0, "subsample": 0.8950258981826867}, "datetime": {"datetime": "2024-01-20 14:19:41", "elapsed": 3479.340199, "delta": 0.003516}}
{"target": -10.29829780186916, "params": {"colsample_bytree": 0.1857285836611593, "eta": 0.07017627191768462, "gamma": 51.02660736442666, "max_depth": 3.0, "min_child_weight": 4029.7233462032436, "num_boost_round": 1.0, "subsample": 0.8633302648516823}, "datetime": {"datetime": "2024-01-20 14:20:19", "elapsed": 3517.41593, "delta": 38.075731}}
{"target": -10.29848919620045, "params": {"colsample_bytree": 0.1857285836611593, "eta": 0.07017627191768462, "gamma": 51.02660736442666, "max_depth": 3.0, "min_child_weight": 4029.7233462032436, "num_boost_round": 2.0, "subsample": 0.8633302648516823}, "datetime": {"datetime": "2024-01-20 14:20:19", "elapsed": 3517.425507, "delta": 0.009577}}
{"target": -10.29880370382859, "params": {"colsample_bytree": 0.1857285836611593, "eta": 0.07017627191768462, "gamma": 51.02660736442666, "max_depth": 3.0, "min_child_weight": 4029.7233462032436, "num_boost_round": 3.0, "subsample": 0.8633302648516823}, "datetime": {"datetime": "2024-01-20 14:20:19", "elapsed": 3517.428538, "delta": 0.003031}}
{"target": -10.299047369257472, "params": {"colsample_bytree": 0.1857285836611593, "eta": 0.07017627191768462, "gamma": 51.02660736442666, "max_depth": 3.0, "min_child_weight": 4029.7233462032436, "num_boost_round": 4.0, "subsample": 0.8633302648516823}, "datetime": {"datetime": "2024-01-20 14:20:19", "elapsed": 3517.431071, "delta": 0.002533}}
{"target": -10.29855140855226, "params": {"colsample_bytree": 0.8246756933728301, "eta": 0.0529657917790525, "gamma": 331.6755629933115, "max_depth": 5.0, "min_child_weight": 4220.804673193667, "num_boost_round": 1.0, "subsample": 0.9301367309967072}, "datetime": {"datetime": "2024-01-20 14:20:55", "elapsed": 3553.567389, "delta": 36.136318}}
{"target": -10.29874468209738, "params": {"colsample_bytree": 0.8246756933728301, "eta": 0.0529657917790525, "gamma": 331.6755629933115, "max_depth": 5.0, "min_child_weight": 4220.804673193667, "num_boost_round": 2.0, "subsample": 0.9301367309967072}, "datetime": {"datetime": "2024-01-20 14:20:55", "elapsed": 3553.57381, "delta": 0.006421}}
{"target": -10.298896014244242, "params": {"colsample_bytree": 0.8246756933728301, "eta": 0.0529657917790525, "gamma": 331.6755629933115, "max_depth": 5.0, "min_child_weight": 4220.804673193667, "num_boost_round": 3.0, "subsample": 0.9301367309967072}, "datetime": {"datetime": "2024-01-20 14:20:55", "elapsed": 3553.576724, "delta": 0.002914}}
{"target": -10.299087104430383, "params": {"colsample_bytree": 0.8246756933728301, "eta": 0.0529657917790525, "gamma": 331.6755629933115, "max_depth": 5.0, "min_child_weight": 4220.804673193667, "num_boost_round": 4.0, "subsample": 0.9301367309967072}, "datetime": {"datetime": "2024-01-20 14:20:55", "elapsed": 3553.579413, "delta": 0.002689}}
{"target": -10.299457454031407, "params": {"colsample_bytree": 0.8246756933728301, "eta": 0.0529657917790525, "gamma": 331.6755629933115, "max_depth": 5.0, "min_child_weight": 4220.804673193667, "num_boost_round": 5.0, "subsample": 0.9301367309967072}, "datetime": {"datetime": "2024-01-20 14:20:55", "elapsed": 3553.581795, "delta": 0.002382}}
{"target": -10.299852349530607, "params": {"colsample_bytree": 0.8246756933728301, "eta": 0.0529657917790525, "gamma": 331.6755629933115, "max_depth": 5.0, "min_child_weight": 4220.804673193667, "num_boost_round": 6.0, "subsample": 0.9301367309967072}, "datetime": {"datetime": "2024-01-20 14:20:55", "elapsed": 3553.584077, "delta": 0.002282}}
{"target": -10.298460080019822, "params": {"colsample_bytree": 0.6764898573076165, "eta": 0.016544645063242495, "gamma": 236.20330704955182, "max_depth": 6.0, "min_child_weight": 3991.053396335668, "num_boost_round": 1.0, "subsample": 0.32813114779217345}, "datetime": {"datetime": "2024-01-20 14:21:27", "elapsed": 3585.386454, "delta": 31.802377}}
{"target": -10.298451343978154, "params": {"colsample_bytree": 0.6764898573076165, "eta": 0.016544645063242495, "gamma": 236.20330704955182, "max_depth": 6.0, "min_child_weight": 3991.053396335668, "num_boost_round": 2.0, "subsample": 0.32813114779217345}, "datetime": {"datetime": "2024-01-20 14:21:27", "elapsed": 3585.39116, "delta": 0.004706}}
{"target": -10.298420339496273, "params": {"colsample_bytree": 0.6764898573076165, "eta": 0.016544645063242495, "gamma": 236.20330704955182, "max_depth": 6.0, "min_child_weight": 3991.053396335668, "num_boost_round": 3.0, "subsample": 0.32813114779217345}, "datetime": {"datetime": "2024-01-20 14:21:27", "elapsed": 3585.393955, "delta": 0.002795}}
{"target": -10.2984212361734, "params": {"colsample_bytree": 0.6764898573076165, "eta": 0.016544645063242495, "gamma": 236.20330704955182, "max_depth": 6.0, "min_child_weight": 3991.053396335668, "num_boost_round": 4.0, "subsample": 0.32813114779217345}, "datetime": {"datetime": "2024-01-20 14:21:27", "elapsed": 3585.397052, "delta": 0.003097}}
{"target": -10.298416154320222, "params": {"colsample_bytree": 0.6764898573076165, "eta": 0.016544645063242495, "gamma": 236.20330704955182, "max_depth": 6.0, "min_child_weight": 3991.053396335668, "num_boost_round": 5.0, "subsample": 0.32813114779217345}, "datetime": {"datetime": "2024-01-20 14:21:27", "elapsed": 3585.399343, "delta": 0.002291}}
{"target": -10.298498575296348, "params": {"colsample_bytree": 0.5827878112186422, "eta": 0.017478212555125088, "gamma": 382.06724163332916, "max_depth": 2.0, "min_child_weight": 4002.7963098940018, "num_boost_round": 1.0, "subsample": 0.40140434542341896}, "datetime": {"datetime": "2024-01-20 14:21:52", "elapsed": 3610.529211, "delta": 25.129868}}
{"target": -10.29847578517494, "params": {"colsample_bytree": 0.6659493065365896, "eta": 0.018814037148677385, "gamma": 886.5913310828304, "max_depth": 5.0, "min_child_weight": 4140.69450727331, "num_boost_round": 1.0, "subsample": 0.62213230172904}, "datetime": {"datetime": "2024-01-20 14:22:28", "elapsed": 3645.935964, "delta": 35.406753}}
{"target": -10.29854799033306, "params": {"colsample_bytree": 0.6659493065365896, "eta": 0.018814037148677385, "gamma": 886.5913310828304, "max_depth": 5.0, "min_child_weight": 4140.69450727331, "num_boost_round": 2.0, "subsample": 0.62213230172904}, "datetime": {"datetime": "2024-01-20 14:22:28", "elapsed": 3645.939315, "delta": 0.003351}}
{"target": -10.298565493710928, "params": {"colsample_bytree": 0.6659493065365896, "eta": 0.018814037148677385, "gamma": 886.5913310828304, "max_depth": 5.0, "min_child_weight": 4140.69450727331, "num_boost_round": 3.0, "subsample": 0.62213230172904}, "datetime": {"datetime": "2024-01-20 14:22:28", "elapsed": 3645.942809, "delta": 0.003494}}
{"target": -10.298636565458457, "params": {"colsample_bytree": 0.6659493065365896, "eta": 0.018814037148677385, "gamma": 886.5913310828304, "max_depth": 5.0, "min_child_weight": 4140.69450727331, "num_boost_round": 4.0, "subsample": 0.62213230172904}, "datetime": {"datetime": "2024-01-20 14:22:28", "elapsed": 3645.946318, "delta": 0.003509}}
{"target": -10.29868196749739, "params": {"colsample_bytree": 0.6659493065365896, "eta": 0.018814037148677385, "gamma": 886.5913310828304, "max_depth": 5.0, "min_child_weight": 4140.69450727331, "num_boost_round": 5.0, "subsample": 0.62213230172904}, "datetime": {"datetime": "2024-01-20 14:22:28", "elapsed": 3645.948626, "delta": 0.002308}}
{"target": -10.298707872163076, "params": {"colsample_bytree": 0.6659493065365896, "eta": 0.018814037148677385, "gamma": 886.5913310828304, "max_depth": 5.0, "min_child_weight": 4140.69450727331, "num_boost_round": 6.0, "subsample": 0.62213230172904}, "datetime": {"datetime": "2024-01-20 14:22:28", "elapsed": 3645.95078, "delta": 0.002154}}
{"target": -10.298750746683218, "params": {"colsample_bytree": 0.6659493065365896, "eta": 0.018814037148677385, "gamma": 886.5913310828304, "max_depth": 5.0, "min_child_weight": 4140.69450727331, "num_boost_round": 7.0, "subsample": 0.62213230172904}, "datetime": {"datetime": "2024-01-20 14:22:28", "elapsed": 3645.952973, "delta": 0.002193}}
{"target": -10.298515351487422, "params": {"colsample_bytree": 0.5951232324830515, "eta": 0.014185350937836997, "gamma": 716.1177793499292, "max_depth": 2.0, "min_child_weight": 4234.752999543939, "num_boost_round": 1.0, "subsample": 0.4948092511526654}, "datetime": {"datetime": "2024-01-20 14:22:57", "elapsed": 3675.389163, "delta": 29.43619}}
{"target": -10.298583668707217, "params": {"colsample_bytree": 0.5951232324830515, "eta": 0.014185350937836997, "gamma": 716.1177793499292, "max_depth": 2.0, "min_child_weight": 4234.752999543939, "num_boost_round": 2.0, "subsample": 0.4948092511526654}, "datetime": {"datetime": "2024-01-20 14:22:57", "elapsed": 3675.395934, "delta": 0.006771}}
{"target": -10.298591379544002, "params": {"colsample_bytree": 0.5951232324830515, "eta": 0.014185350937836997, "gamma": 716.1177793499292, "max_depth": 2.0, "min_child_weight": 4234.752999543939, "num_boost_round": 3.0, "subsample": 0.4948092511526654}, "datetime": {"datetime": "2024-01-20 14:22:57", "elapsed": 3675.399875, "delta": 0.003941}}
{"target": -10.298647230306585, "params": {"colsample_bytree": 0.5951232324830515, "eta": 0.014185350937836997, "gamma": 716.1177793499292, "max_depth": 2.0, "min_child_weight": 4234.752999543939, "num_boost_round": 4.0, "subsample": 0.4948092511526654}, "datetime": {"datetime": "2024-01-20 14:22:57", "elapsed": 3675.403223, "delta": 0.003348}}
{"target": -10.298709068207767, "params": {"colsample_bytree": 0.5951232324830515, "eta": 0.014185350937836997, "gamma": 716.1177793499292, "max_depth": 2.0, "min_child_weight": 4234.752999543939, "num_boost_round": 5.0, "subsample": 0.4948092511526654}, "datetime": {"datetime": "2024-01-20 14:22:57", "elapsed": 3675.406107, "delta": 0.002884}}
{"target": -10.298765386439044, "params": {"colsample_bytree": 0.5951232324830515, "eta": 0.014185350937836997, "gamma": 716.1177793499292, "max_depth": 2.0, "min_child_weight": 4234.752999543939, "num_boost_round": 6.0, "subsample": 0.4948092511526654}, "datetime": {"datetime": "2024-01-20 14:22:57", "elapsed": 3675.408975, "delta": 0.002868}}
{"target": -10.298473053186651, "params": {"colsample_bytree": 0.9723414022854189, "eta": 0.02215282921120665, "gamma": 885.3729371816834, "max_depth": 5.0, "min_child_weight": 4211.236783095641, "num_boost_round": 1.0, "subsample": 0.7433964938892617}, "datetime": {"datetime": "2024-01-20 14:23:39", "elapsed": 3716.966256, "delta": 41.557281}}
{"target": -10.298454789818367, "params": {"colsample_bytree": 0.9723414022854189, "eta": 0.02215282921120665, "gamma": 885.3729371816834, "max_depth": 5.0, "min_child_weight": 4211.236783095641, "num_boost_round": 2.0, "subsample": 0.7433964938892617}, "datetime": {"datetime": "2024-01-20 14:23:39", "elapsed": 3716.974136, "delta": 0.00788}}
{"target": -10.298477808087705, "params": {"colsample_bytree": 0.9723414022854189, "eta": 0.02215282921120665, "gamma": 885.3729371816834, "max_depth": 5.0, "min_child_weight": 4211.236783095641, "num_boost_round": 3.0, "subsample": 0.7433964938892617}, "datetime": {"datetime": "2024-01-20 14:23:39", "elapsed": 3716.978689, "delta": 0.004553}}
{"target": -10.29849273144658, "params": {"colsample_bytree": 0.9723414022854189, "eta": 0.02215282921120665, "gamma": 885.3729371816834, "max_depth": 5.0, "min_child_weight": 4211.236783095641, "num_boost_round": 4.0, "subsample": 0.7433964938892617}, "datetime": {"datetime": "2024-01-20 14:23:39", "elapsed": 3716.981407, "delta": 0.002718}}
{"target": -10.298543455178425, "params": {"colsample_bytree": 0.9723414022854189, "eta": 0.02215282921120665, "gamma": 885.3729371816834, "max_depth": 5.0, "min_child_weight": 4211.236783095641, "num_boost_round": 5.0, "subsample": 0.7433964938892617}, "datetime": {"datetime": "2024-01-20 14:23:39", "elapsed": 3716.984004, "delta": 0.002597}}
{"target": -10.298601910718192, "params": {"colsample_bytree": 0.9723414022854189, "eta": 0.02215282921120665, "gamma": 885.3729371816834, "max_depth": 5.0, "min_child_weight": 4211.236783095641, "num_boost_round": 6.0, "subsample": 0.7433964938892617}, "datetime": {"datetime": "2024-01-20 14:23:39", "elapsed": 3716.986496, "delta": 0.002492}}
