{"target": -10.476102174056548, "params": {"colsample_bytree": 0.14524392766088257, "eta": 0.07972282808002662, "gamma": 487.39595237241076, "max_depth": 5.0, "min_child_weight": 4517.105522488446, "num_boost_round": 5.0, "subsample": 0.29573941561680234}, "datetime": {"datetime": "2024-01-20 14:54:06", "elapsed": 5338.215808, "delta": 0.004212}}
{"target": -10.476268625743414, "params": {"colsample_bytree": 0.14524392766088257, "eta": 0.07972282808002662, "gamma": 487.39595237241076, "max_depth": 5.0, "min_child_weight": 4517.105522488446, "num_boost_round": 6.0, "subsample": 0.29573941561680234}, "datetime": {"datetime": "2024-01-20 14:54:06", "elapsed": 5338.220053, "delta": 0.004245}}
{"target": -10.476703476152055, "params": {"colsample_bytree": 0.14524392766088257, "eta": 0.07972282808002662, "gamma": 487.39595237241076, "max_depth": 5.0, "min_child_weight": 4517.105522488446, "num_boost_round": 7.0, "subsample": 0.29573941561680234}, "datetime": {"datetime": "2024-01-20 14:54:06", "elapsed": 5338.224203, "delta": 0.00415}}
{"target": -10.476664710142586, "params": {"colsample_bytree": 0.14524392766088257, "eta": 0.07972282808002662, "gamma": 487.39595237241076, "max_depth": 5.0, "min_child_weight": 4517.105522488446, "num_boost_round": 8.0, "subsample": 0.29573941561680234}, "datetime": {"datetime": "2024-01-20 14:54:06", "elapsed": 5338.228463, "delta": 0.00426}}
{"target": -10.476386245135838, "params": {"colsample_bytree": 0.14524392766088257, "eta": 0.07972282808002662, "gamma": 487.39595237241076, "max_depth": 5.0, "min_child_weight": 4517.105522488446, "num_boost_round": 9.0, "subsample": 0.29573941561680234}, "datetime": {"datetime": "2024-01-20 14:54:06", "elapsed": 5338.232628, "delta": 0.004165}}
{"target": -10.476911771738843, "params": {"colsample_bytree": 0.14524392766088257, "eta": 0.07972282808002662, "gamma": 487.39595237241076, "max_depth": 5.0, "min_child_weight": 4517.105522488446, "num_boost_round": 10.0, "subsample": 0.29573941561680234}, "datetime": {"datetime": "2024-01-20 14:54:06", "elapsed": 5338.236942, "delta": 0.004314}}
{"target": -10.477474012415176, "params": {"colsample_bytree": 0.14524392766088257, "eta": 0.07972282808002662, "gamma": 487.39595237241076, "max_depth": 5.0, "min_child_weight": 4517.105522488446, "num_boost_round": 11.0, "subsample": 0.29573941561680234}, "datetime": {"datetime": "2024-01-20 14:54:06", "elapsed": 5338.241118, "delta": 0.004176}}
{"target": -10.477554576012569, "params": {"colsample_bytree": 0.14524392766088257, "eta": 0.07972282808002662, "gamma": 487.39595237241076, "max_depth": 5.0, "min_child_weight": 4517.105522488446, "num_boost_round": 12.0, "subsample": 0.29573941561680234}, "datetime": {"datetime": "2024-01-20 14:54:06", "elapsed": 5338.245324, "delta": 0.004206}}
{"target": -10.477715671728976, "params": {"colsample_bytree": 0.14524392766088257, "eta": 0.07972282808002662, "gamma": 487.39595237241076, "max_depth": 5.0, "min_child_weight": 4517.105522488446, "num_boost_round": 13.0, "subsample": 0.29573941561680234}, "datetime": {"datetime": "2024-01-20 14:54:06", "elapsed": 5338.249515, "delta": 0.004191}}
{"target": -10.477788886921049, "params": {"colsample_bytree": 0.14524392766088257, "eta": 0.07972282808002662, "gamma": 487.39595237241076, "max_depth": 5.0, "min_child_weight": 4517.105522488446, "num_boost_round": 14.0, "subsample": 0.29573941561680234}, "datetime": {"datetime": "2024-01-20 14:54:06", "elapsed": 5338.253778, "delta": 0.004263}}
{"target": -10.477857065273554, "params": {"colsample_bytree": 0.14524392766088257, "eta": 0.07972282808002662, "gamma": 487.39595237241076, "max_depth": 5.0, "min_child_weight": 4517.105522488446, "num_boost_round": 15.0, "subsample": 0.29573941561680234}, "datetime": {"datetime": "2024-01-20 14:54:06", "elapsed": 5338.258142, "delta": 0.004364}}
{"target": -10.478321501086086, "params": {"colsample_bytree": 0.14524392766088257, "eta": 0.07972282808002662, "gamma": 487.39595237241076, "max_depth": 5.0, "min_child_weight": 4517.105522488446, "num_boost_round": 16.0, "subsample": 0.29573941561680234}, "datetime": {"datetime": "2024-01-20 14:54:06", "elapsed": 5338.262642, "delta": 0.0045}}
{"target": -10.478914050332726, "params": {"colsample_bytree": 0.14524392766088257, "eta": 0.07972282808002662, "gamma": 487.39595237241076, "max_depth": 5.0, "min_child_weight": 4517.105522488446, "num_boost_round": 17.0, "subsample": 0.29573941561680234}, "datetime": {"datetime": "2024-01-20 14:54:06", "elapsed": 5338.266988, "delta": 0.004346}}
{"target": -10.47907845380108, "params": {"colsample_bytree": 0.14524392766088257, "eta": 0.07972282808002662, "gamma": 487.39595237241076, "max_depth": 5.0, "min_child_weight": 4517.105522488446, "num_boost_round": 18.0, "subsample": 0.29573941561680234}, "datetime": {"datetime": "2024-01-20 14:54:06", "elapsed": 5338.271192, "delta": 0.004204}}
{"target": -10.47914968043354, "params": {"colsample_bytree": 0.14524392766088257, "eta": 0.07972282808002662, "gamma": 487.39595237241076, "max_depth": 5.0, "min_child_weight": 4517.105522488446, "num_boost_round": 19.0, "subsample": 0.29573941561680234}, "datetime": {"datetime": "2024-01-20 14:54:06", "elapsed": 5338.27555, "delta": 0.004358}}
{"target": -10.478992448581497, "params": {"colsample_bytree": 0.14524392766088257, "eta": 0.07972282808002662, "gamma": 487.39595237241076, "max_depth": 5.0, "min_child_weight": 4517.105522488446, "num_boost_round": 20.0, "subsample": 0.29573941561680234}, "datetime": {"datetime": "2024-01-20 14:54:06", "elapsed": 5338.27985, "delta": 0.0043}}
{"target": -10.476099550727247, "params": {"colsample_bytree": 0.7965858361800224, "eta": 0.014556991987461576, "gamma": 386.49541703821023, "max_depth": 2.0, "min_child_weight": 4562.523832973943, "num_boost_round": 1.0, "subsample": 0.6867471080840624}, "datetime": {"datetime": "2024-01-20 14:55:23", "elapsed": 5415.528351, "delta": 77.248501}}
{"target": -10.476093524181415, "params": {"colsample_bytree": 0.7965858361800224, "eta": 0.014556991987461576, "gamma": 386.49541703821023, "max_depth": 2.0, "min_child_weight": 4562.523832973943, "num_boost_round": 2.0, "subsample": 0.6867471080840624}, "datetime": {"datetime": "2024-01-20 14:55:23", "elapsed": 5415.534108, "delta": 0.005757}}
{"target": -10.476051625947473, "params": {"colsample_bytree": 0.7965858361800224, "eta": 0.014556991987461576, "gamma": 386.49541703821023, "max_depth": 2.0, "min_child_weight": 4562.523832973943, "num_boost_round": 3.0, "subsample": 0.6867471080840624}, "datetime": {"datetime": "2024-01-20 14:55:23", "elapsed": 5415.538409, "delta": 0.004301}}
{"target": -10.475995649048716, "params": {"colsample_bytree": 0.7965858361800224, "eta": 0.014556991987461576, "gamma": 386.49541703821023, "max_depth": 2.0, "min_child_weight": 4562.523832973943, "num_boost_round": 4.0, "subsample": 0.6867471080840624}, "datetime": {"datetime": "2024-01-20 14:55:23", "elapsed": 5415.542582, "delta": 0.004173}}
{"target": -10.47599273824104, "params": {"colsample_bytree": 0.7965858361800224, "eta": 0.014556991987461576, "gamma": 386.49541703821023, "max_depth": 2.0, "min_child_weight": 4562.523832973943, "num_boost_round": 5.0, "subsample": 0.6867471080840624}, "datetime": {"datetime": "2024-01-20 14:55:23", "elapsed": 5415.546741, "delta": 0.004159}}
{"target": -10.476079775550584, "params": {"colsample_bytree": 0.7965858361800224, "eta": 0.014556991987461576, "gamma": 386.49541703821023, "max_depth": 2.0, "min_child_weight": 4562.523832973943, "num_boost_round": 6.0, "subsample": 0.6867471080840624}, "datetime": {"datetime": "2024-01-20 14:55:23", "elapsed": 5415.550929, "delta": 0.004188}}
{"target": -10.476091790954325, "params": {"colsample_bytree": 0.7965858361800224, "eta": 0.014556991987461576, "gamma": 386.49541703821023, "max_depth": 2.0, "min_child_weight": 4562.523832973943, "num_boost_round": 7.0, "subsample": 0.6867471080840624}, "datetime": {"datetime": "2024-01-20 14:55:23", "elapsed": 5415.555104, "delta": 0.004175}}
{"target": -10.47614962635006, "params": {"colsample_bytree": 0.7965858361800224, "eta": 0.014556991987461576, "gamma": 386.49541703821023, "max_depth": 2.0, "min_child_weight": 4562.523832973943, "num_boost_round": 8.0, "subsample": 0.6867471080840624}, "datetime": {"datetime": "2024-01-20 14:55:23", "elapsed": 5415.559588, "delta": 0.004484}}
{"target": -10.476119542478699, "params": {"colsample_bytree": 0.7965858361800224, "eta": 0.014556991987461576, "gamma": 386.49541703821023, "max_depth": 2.0, "min_child_weight": 4562.523832973943, "num_boost_round": 9.0, "subsample": 0.6867471080840624}, "datetime": {"datetime": "2024-01-20 14:55:23", "elapsed": 5415.564072, "delta": 0.004484}}
{"target": -10.476138355061217, "params": {"colsample_bytree": 0.7965858361800224, "eta": 0.014556991987461576, "gamma": 386.49541703821023, "max_depth": 2.0, "min_child_weight": 4562.523832973943, "num_boost_round": 10.0, "subsample": 0.6867471080840624}, "datetime": {"datetime": "2024-01-20 14:55:23", "elapsed": 5415.568362, "delta": 0.00429}}
{"target": -10.476218787003102, "params": {"colsample_bytree": 0.7965858361800224, "eta": 0.014556991987461576, "gamma": 386.49541703821023, "max_depth": 2.0, "min_child_weight": 4562.523832973943, "num_boost_round": 11.0, "subsample": 0.6867471080840624}, "datetime": {"datetime": "2024-01-20 14:55:23", "elapsed": 5415.572532, "delta": 0.00417}}
{"target": -10.476275092446524, "params": {"colsample_bytree": 0.7965858361800224, "eta": 0.014556991987461576, "gamma": 386.49541703821023, "max_depth": 2.0, "min_child_weight": 4562.523832973943, "num_boost_round": 12.0, "subsample": 0.6867471080840624}, "datetime": {"datetime": "2024-01-20 14:55:23", "elapsed": 5415.577015, "delta": 0.004483}}
{"target": -10.47632769521265, "params": {"colsample_bytree": 0.7965858361800224, "eta": 0.014556991987461576, "gamma": 386.49541703821023, "max_depth": 2.0, "min_child_weight": 4562.523832973943, "num_boost_round": 13.0, "subsample": 0.6867471080840624}, "datetime": {"datetime": "2024-01-20 14:55:23", "elapsed": 5415.581357, "delta": 0.004342}}
{"target": -10.476339003749025, "params": {"colsample_bytree": 0.7965858361800224, "eta": 0.014556991987461576, "gamma": 386.49541703821023, "max_depth": 2.0, "min_child_weight": 4562.523832973943, "num_boost_round": 14.0, "subsample": 0.6867471080840624}, "datetime": {"datetime": "2024-01-20 14:55:23", "elapsed": 5415.585633, "delta": 0.004276}}
{"target": -10.476388591862413, "params": {"colsample_bytree": 0.7965858361800224, "eta": 0.014556991987461576, "gamma": 386.49541703821023, "max_depth": 2.0, "min_child_weight": 4562.523832973943, "num_boost_round": 15.0, "subsample": 0.6867471080840624}, "datetime": {"datetime": "2024-01-20 14:55:23", "elapsed": 5415.590009, "delta": 0.004376}}
{"target": -10.476391968525668, "params": {"colsample_bytree": 0.7965858361800224, "eta": 0.014556991987461576, "gamma": 386.49541703821023, "max_depth": 2.0, "min_child_weight": 4562.523832973943, "num_boost_round": 16.0, "subsample": 0.6867471080840624}, "datetime": {"datetime": "2024-01-20 14:55:23", "elapsed": 5415.594223, "delta": 0.004214}}
{"target": -10.476524810902488, "params": {"colsample_bytree": 0.7965858361800224, "eta": 0.014556991987461576, "gamma": 386.49541703821023, "max_depth": 2.0, "min_child_weight": 4562.523832973943, "num_boost_round": 17.0, "subsample": 0.6867471080840624}, "datetime": {"datetime": "2024-01-20 14:55:23", "elapsed": 5415.598451, "delta": 0.004228}}
{"target": -10.475795911477531, "params": {"colsample_bytree": 0.27867979299813306, "eta": 0.046917165174389965, "gamma": 852.5963143069147, "max_depth": 6.0, "min_child_weight": 2169.8269384096193, "num_boost_round": 1.0, "subsample": 0.32702806163946635}, "datetime": {"datetime": "2024-01-20 14:56:23", "elapsed": 5475.851377, "delta": 60.252926}}
{"target": -10.475600327613176, "params": {"colsample_bytree": 0.27867979299813306, "eta": 0.046917165174389965, "gamma": 852.5963143069147, "max_depth": 6.0, "min_child_weight": 2169.8269384096193, "num_boost_round": 2.0, "subsample": 0.32702806163946635}, "datetime": {"datetime": "2024-01-20 14:56:23", "elapsed": 5475.859401, "delta": 0.008024}}
{"target": -10.475574629683937, "params": {"colsample_bytree": 0.27867979299813306, "eta": 0.046917165174389965, "gamma": 852.5963143069147, "max_depth": 6.0, "min_child_weight": 2169.8269384096193, "num_boost_round": 3.0, "subsample": 0.32702806163946635}, "datetime": {"datetime": "2024-01-20 14:56:23", "elapsed": 5475.864437, "delta": 0.005036}}
{"target": -10.475156957844568, "params": {"colsample_bytree": 0.27867979299813306, "eta": 0.046917165174389965, "gamma": 852.5963143069147, "max_depth": 6.0, "min_child_weight": 2169.8269384096193, "num_boost_round": 4.0, "subsample": 0.32702806163946635}, "datetime": {"datetime": "2024-01-20 14:56:23", "elapsed": 5475.869316, "delta": 0.004879}}
{"target": -10.474875705954789, "params": {"colsample_bytree": 0.27867979299813306, "eta": 0.046917165174389965, "gamma": 852.5963143069147, "max_depth": 6.0, "min_child_weight": 2169.8269384096193, "num_boost_round": 5.0, "subsample": 0.32702806163946635}, "datetime": {"datetime": "2024-01-20 14:56:23", "elapsed": 5475.873761, "delta": 0.004445}}
{"target": -10.475069130811178, "params": {"colsample_bytree": 0.27867979299813306, "eta": 0.046917165174389965, "gamma": 852.5963143069147, "max_depth": 6.0, "min_child_weight": 2169.8269384096193, "num_boost_round": 6.0, "subsample": 0.32702806163946635}, "datetime": {"datetime": "2024-01-20 14:56:23", "elapsed": 5475.878349, "delta": 0.004588}}
{"target": -10.474919328038204, "params": {"colsample_bytree": 0.27867979299813306, "eta": 0.046917165174389965, "gamma": 852.5963143069147, "max_depth": 6.0, "min_child_weight": 2169.8269384096193, "num_boost_round": 7.0, "subsample": 0.32702806163946635}, "datetime": {"datetime": "2024-01-20 14:56:23", "elapsed": 5475.882742, "delta": 0.004393}}
{"target": -10.474820976022443, "params": {"colsample_bytree": 0.27867979299813306, "eta": 0.046917165174389965, "gamma": 852.5963143069147, "max_depth": 6.0, "min_child_weight": 2169.8269384096193, "num_boost_round": 8.0, "subsample": 0.32702806163946635}, "datetime": {"datetime": "2024-01-20 14:56:23", "elapsed": 5475.887339, "delta": 0.004597}}
{"target": -10.474631058531777, "params": {"colsample_bytree": 0.27867979299813306, "eta": 0.046917165174389965, "gamma": 852.5963143069147, "max_depth": 6.0, "min_child_weight": 2169.8269384096193, "num_boost_round": 9.0, "subsample": 0.32702806163946635}, "datetime": {"datetime": "2024-01-20 14:56:23", "elapsed": 5475.891702, "delta": 0.004363}}
{"target": -10.47489448217119, "params": {"colsample_bytree": 0.27867979299813306, "eta": 0.046917165174389965, "gamma": 852.5963143069147, "max_depth": 6.0, "min_child_weight": 2169.8269384096193, "num_boost_round": 10.0, "subsample": 0.32702806163946635}, "datetime": {"datetime": "2024-01-20 14:56:23", "elapsed": 5475.896371, "delta": 0.004669}}
{"target": -10.47507318100634, "params": {"colsample_bytree": 0.27867979299813306, "eta": 0.046917165174389965, "gamma": 852.5963143069147, "max_depth": 6.0, "min_child_weight": 2169.8269384096193, "num_boost_round": 11.0, "subsample": 0.32702806163946635}, "datetime": {"datetime": "2024-01-20 14:56:23", "elapsed": 5475.900907, "delta": 0.004536}}
{"target": -10.475165995293981, "params": {"colsample_bytree": 0.27867979299813306, "eta": 0.046917165174389965, "gamma": 852.5963143069147, "max_depth": 6.0, "min_child_weight": 2169.8269384096193, "num_boost_round": 12.0, "subsample": 0.32702806163946635}, "datetime": {"datetime": "2024-01-20 14:56:23", "elapsed": 5475.905494, "delta": 0.004587}}
{"target": -10.47507891112639, "params": {"colsample_bytree": 0.27867979299813306, "eta": 0.046917165174389965, "gamma": 852.5963143069147, "max_depth": 6.0, "min_child_weight": 2169.8269384096193, "num_boost_round": 13.0, "subsample": 0.32702806163946635}, "datetime": {"datetime": "2024-01-20 14:56:23", "elapsed": 5475.90988, "delta": 0.004386}}
{"target": -10.475926323572903, "params": {"colsample_bytree": 0.9333783731998864, "eta": 0.01026212407961272, "gamma": 457.7463837582869, "max_depth": 7.0, "min_child_weight": 4595.458150454616, "num_boost_round": 1.0, "subsample": 0.22856357187570653}, "datetime": {"datetime": "2024-01-20 14:57:22", "elapsed": 5534.275258, "delta": 58.365378}}
{"target": -10.475785932896319, "params": {"colsample_bytree": 0.9333783731998864, "eta": 0.01026212407961272, "gamma": 457.7463837582869, "max_depth": 7.0, "min_child_weight": 4595.458150454616, "num_boost_round": 2.0, "subsample": 0.22856357187570653}, "datetime": {"datetime": "2024-01-20 14:57:22", "elapsed": 5534.281267, "delta": 0.006009}}
{"target": -10.475678239319292, "params": {"colsample_bytree": 0.9333783731998864, "eta": 0.01026212407961272, "gamma": 457.7463837582869, "max_depth": 7.0, "min_child_weight": 4595.458150454616, "num_boost_round": 3.0, "subsample": 0.22856357187570653}, "datetime": {"datetime": "2024-01-20 14:57:22", "elapsed": 5534.286171, "delta": 0.004904}}
{"target": -10.475523740124368, "params": {"colsample_bytree": 0.9333783731998864, "eta": 0.01026212407961272, "gamma": 457.7463837582869, "max_depth": 7.0, "min_child_weight": 4595.458150454616, "num_boost_round": 4.0, "subsample": 0.22856357187570653}, "datetime": {"datetime": "2024-01-20 14:57:22", "elapsed": 5534.290673, "delta": 0.004502}}
{"target": -10.47535716787094, "params": {"colsample_bytree": 0.9333783731998864, "eta": 0.01026212407961272, "gamma": 457.7463837582869, "max_depth": 7.0, "min_child_weight": 4595.458150454616, "num_boost_round": 5.0, "subsample": 0.22856357187570653}, "datetime": {"datetime": "2024-01-20 14:57:22", "elapsed": 5534.295126, "delta": 0.004453}}
{"target": -10.475199280992111, "params": {"colsample_bytree": 0.9333783731998864, "eta": 0.01026212407961272, "gamma": 457.7463837582869, "max_depth": 7.0, "min_child_weight": 4595.458150454616, "num_boost_round": 6.0, "subsample": 0.22856357187570653}, "datetime": {"datetime": "2024-01-20 14:57:22", "elapsed": 5534.299708, "delta": 0.004582}}
{"target": -10.475064786228323, "params": {"colsample_bytree": 0.9333783731998864, "eta": 0.01026212407961272, "gamma": 457.7463837582869, "max_depth": 7.0, "min_child_weight": 4595.458150454616, "num_boost_round": 7.0, "subsample": 0.22856357187570653}, "datetime": {"datetime": "2024-01-20 14:57:22", "elapsed": 5534.304419, "delta": 0.004711}}
{"target": -10.476058851787307, "params": {"colsample_bytree": 0.3259806350870325, "eta": 0.009213018449483206, "gamma": 466.1259530753018, "max_depth": 8.0, "min_child_weight": 4648.378383789076, "num_boost_round": 1.0, "subsample": 0.35708414237715913}, "datetime": {"datetime": "2024-01-20 14:58:44", "elapsed": 5617.038593, "delta": 82.734174}}
{"target": -10.476020874863467, "params": {"colsample_bytree": 0.3259806350870325, "eta": 0.009213018449483206, "gamma": 466.1259530753018, "max_depth": 8.0, "min_child_weight": 4648.378383789076, "num_boost_round": 2.0, "subsample": 0.35708414237715913}, "datetime": {"datetime": "2024-01-20 14:58:45", "elapsed": 5617.044205, "delta": 0.005612}}
{"target": -10.475993427838976, "params": {"colsample_bytree": 0.3259806350870325, "eta": 0.009213018449483206, "gamma": 466.1259530753018, "max_depth": 8.0, "min_child_weight": 4648.378383789076, "num_boost_round": 3.0, "subsample": 0.35708414237715913}, "datetime": {"datetime": "2024-01-20 14:58:45", "elapsed": 5617.04858, "delta": 0.004375}}
{"target": -10.475897844573325, "params": {"colsample_bytree": 0.3259806350870325, "eta": 0.009213018449483206, "gamma": 466.1259530753018, "max_depth": 8.0, "min_child_weight": 4648.378383789076, "num_boost_round": 4.0, "subsample": 0.35708414237715913}, "datetime": {"datetime": "2024-01-20 14:58:45", "elapsed": 5617.052844, "delta": 0.004264}}
{"target": -10.475814850053172, "params": {"colsample_bytree": 0.3259806350870325, "eta": 0.009213018449483206, "gamma": 466.1259530753018, "max_depth": 8.0, "min_child_weight": 4648.378383789076, "num_boost_round": 5.0, "subsample": 0.35708414237715913}, "datetime": {"datetime": "2024-01-20 14:58:45", "elapsed": 5617.057248, "delta": 0.004404}}
{"target": -10.475763887808105, "params": {"colsample_bytree": 0.3259806350870325, "eta": 0.009213018449483206, "gamma": 466.1259530753018, "max_depth": 8.0, "min_child_weight": 4648.378383789076, "num_boost_round": 6.0, "subsample": 0.35708414237715913}, "datetime": {"datetime": "2024-01-20 14:58:45", "elapsed": 5617.061684, "delta": 0.004436}}
{"target": -10.475673657773367, "params": {"colsample_bytree": 0.3259806350870325, "eta": 0.009213018449483206, "gamma": 466.1259530753018, "max_depth": 8.0, "min_child_weight": 4648.378383789076, "num_boost_round": 7.0, "subsample": 0.35708414237715913}, "datetime": {"datetime": "2024-01-20 14:58:45", "elapsed": 5617.06643, "delta": 0.004746}}
{"target": -10.47562447472117, "params": {"colsample_bytree": 0.3259806350870325, "eta": 0.009213018449483206, "gamma": 466.1259530753018, "max_depth": 8.0, "min_child_weight": 4648.378383789076, "num_boost_round": 8.0, "subsample": 0.35708414237715913}, "datetime": {"datetime": "2024-01-20 14:58:45", "elapsed": 5617.070791, "delta": 0.004361}}
{"target": -10.475593124340246, "params": {"colsample_bytree": 0.3259806350870325, "eta": 0.009213018449483206, "gamma": 466.1259530753018, "max_depth": 8.0, "min_child_weight": 4648.378383789076, "num_boost_round": 9.0, "subsample": 0.35708414237715913}, "datetime": {"datetime": "2024-01-20 14:58:45", "elapsed": 5617.075033, "delta": 0.004242}}
{"target": -10.475584486063516, "params": {"colsample_bytree": 0.3259806350870325, "eta": 0.009213018449483206, "gamma": 466.1259530753018, "max_depth": 8.0, "min_child_weight": 4648.378383789076, "num_boost_round": 10.0, "subsample": 0.35708414237715913}, "datetime": {"datetime": "2024-01-20 14:58:45", "elapsed": 5617.079508, "delta": 0.004475}}
