{"target": -10.476107121838934, "params": {"colsample_bytree": 0.1069746421141199, "eta": 0.001052076348712192, "gamma": 391.1006178130402, "max_depth": 9.0, "min_child_weight": 5129.456225229167, "num_boost_round": 28.0, "subsample": 0.9038660981916448}, "datetime": {"datetime": "2024-01-20 17:15:00", "elapsed": 13793.022565, "delta": 0.008867}}
{"target": -10.476103805611608, "params": {"colsample_bytree": 0.1069746421141199, "eta": 0.001052076348712192, "gamma": 391.1006178130402, "max_depth": 9.0, "min_child_weight": 5129.456225229167, "num_boost_round": 29.0, "subsample": 0.9038660981916448}, "datetime": {"datetime": "2024-01-20 17:15:00", "elapsed": 13793.031004, "delta": 0.008439}}
{"target": -10.476099406913132, "params": {"colsample_bytree": 0.1069746421141199, "eta": 0.001052076348712192, "gamma": 391.1006178130402, "max_depth": 9.0, "min_child_weight": 5129.456225229167, "num_boost_round": 30.0, "subsample": 0.9038660981916448}, "datetime": {"datetime": "2024-01-20 17:15:00", "elapsed": 13793.039722, "delta": 0.008718}}
{"target": -10.4760901130248, "params": {"colsample_bytree": 0.1069746421141199, "eta": 0.001052076348712192, "gamma": 391.1006178130402, "max_depth": 9.0, "min_child_weight": 5129.456225229167, "num_boost_round": 31.0, "subsample": 0.9038660981916448}, "datetime": {"datetime": "2024-01-20 17:15:01", "elapsed": 13793.047466, "delta": 0.007744}}
{"target": -10.47609532084163, "params": {"colsample_bytree": 0.1069746421141199, "eta": 0.001052076348712192, "gamma": 391.1006178130402, "max_depth": 9.0, "min_child_weight": 5129.456225229167, "num_boost_round": 32.0, "subsample": 0.9038660981916448}, "datetime": {"datetime": "2024-01-20 17:15:01", "elapsed": 13793.055052, "delta": 0.007586}}
{"target": -10.476091333255829, "params": {"colsample_bytree": 0.1069746421141199, "eta": 0.001052076348712192, "gamma": 391.1006178130402, "max_depth": 9.0, "min_child_weight": 5129.456225229167, "num_boost_round": 33.0, "subsample": 0.9038660981916448}, "datetime": {"datetime": "2024-01-20 17:15:01", "elapsed": 13793.062524, "delta": 0.007472}}
{"target": -10.476087137532792, "params": {"colsample_bytree": 0.1069746421141199, "eta": 0.001052076348712192, "gamma": 391.1006178130402, "max_depth": 9.0, "min_child_weight": 5129.456225229167, "num_boost_round": 34.0, "subsample": 0.9038660981916448}, "datetime": {"datetime": "2024-01-20 17:15:01", "elapsed": 13793.070598, "delta": 0.008074}}
{"target": -10.476087025380064, "params": {"colsample_bytree": 0.1069746421141199, "eta": 0.001052076348712192, "gamma": 391.1006178130402, "max_depth": 9.0, "min_child_weight": 5129.456225229167, "num_boost_round": 35.0, "subsample": 0.9038660981916448}, "datetime": {"datetime": "2024-01-20 17:15:01", "elapsed": 13793.078236, "delta": 0.007638}}
{"target": -10.476086595305297, "params": {"colsample_bytree": 0.1069746421141199, "eta": 0.001052076348712192, "gamma": 391.1006178130402, "max_depth": 9.0, "min_child_weight": 5129.456225229167, "num_boost_round": 36.0, "subsample": 0.9038660981916448}, "datetime": {"datetime": "2024-01-20 17:15:01", "elapsed": 13793.085663, "delta": 0.007427}}
{"target": -10.476089827400664, "params": {"colsample_bytree": 0.1069746421141199, "eta": 0.001052076348712192, "gamma": 391.1006178130402, "max_depth": 9.0, "min_child_weight": 5129.456225229167, "num_boost_round": 37.0, "subsample": 0.9038660981916448}, "datetime": {"datetime": "2024-01-20 17:15:01", "elapsed": 13793.092954, "delta": 0.007291}}
{"target": -10.47608167403867, "params": {"colsample_bytree": 0.1069746421141199, "eta": 0.001052076348712192, "gamma": 391.1006178130402, "max_depth": 9.0, "min_child_weight": 5129.456225229167, "num_boost_round": 38.0, "subsample": 0.9038660981916448}, "datetime": {"datetime": "2024-01-20 17:15:01", "elapsed": 13793.100816, "delta": 0.007862}}
{"target": -10.47607836434767, "params": {"colsample_bytree": 0.1069746421141199, "eta": 0.001052076348712192, "gamma": 391.1006178130402, "max_depth": 9.0, "min_child_weight": 5129.456225229167, "num_boost_round": 39.0, "subsample": 0.9038660981916448}, "datetime": {"datetime": "2024-01-20 17:15:01", "elapsed": 13793.108419, "delta": 0.007603}}
{"target": -10.476076310746667, "params": {"colsample_bytree": 0.1069746421141199, "eta": 0.001052076348712192, "gamma": 391.1006178130402, "max_depth": 9.0, "min_child_weight": 5129.456225229167, "num_boost_round": 40.0, "subsample": 0.9038660981916448}, "datetime": {"datetime": "2024-01-20 17:15:01", "elapsed": 13793.115726, "delta": 0.007307}}
{"target": -10.476081442491957, "params": {"colsample_bytree": 0.1069746421141199, "eta": 0.001052076348712192, "gamma": 391.1006178130402, "max_depth": 9.0, "min_child_weight": 5129.456225229167, "num_boost_round": 41.0, "subsample": 0.9038660981916448}, "datetime": {"datetime": "2024-01-20 17:15:01", "elapsed": 13793.123083, "delta": 0.007357}}
{"target": -10.476077217484502, "params": {"colsample_bytree": 0.1069746421141199, "eta": 0.001052076348712192, "gamma": 391.1006178130402, "max_depth": 9.0, "min_child_weight": 5129.456225229167, "num_boost_round": 42.0, "subsample": 0.9038660981916448}, "datetime": {"datetime": "2024-01-20 17:15:01", "elapsed": 13793.141526, "delta": 0.018443}}
{"target": -10.47607703237764, "params": {"colsample_bytree": 0.1069746421141199, "eta": 0.001052076348712192, "gamma": 391.1006178130402, "max_depth": 9.0, "min_child_weight": 5129.456225229167, "num_boost_round": 43.0, "subsample": 0.9038660981916448}, "datetime": {"datetime": "2024-01-20 17:15:01", "elapsed": 13793.149315, "delta": 0.007789}}
{"target": -10.47607731461293, "params": {"colsample_bytree": 0.1069746421141199, "eta": 0.001052076348712192, "gamma": 391.1006178130402, "max_depth": 9.0, "min_child_weight": 5129.456225229167, "num_boost_round": 44.0, "subsample": 0.9038660981916448}, "datetime": {"datetime": "2024-01-20 17:15:01", "elapsed": 13793.156668, "delta": 0.007353}}
{"target": -10.476083528095781, "params": {"colsample_bytree": 0.1069746421141199, "eta": 0.001052076348712192, "gamma": 391.1006178130402, "max_depth": 9.0, "min_child_weight": 5129.456225229167, "num_boost_round": 45.0, "subsample": 0.9038660981916448}, "datetime": {"datetime": "2024-01-20 17:15:01", "elapsed": 13793.163973, "delta": 0.007305}}
{"target": -10.47608204633925, "params": {"colsample_bytree": 0.1069746421141199, "eta": 0.001052076348712192, "gamma": 391.1006178130402, "max_depth": 9.0, "min_child_weight": 5129.456225229167, "num_boost_round": 46.0, "subsample": 0.9038660981916448}, "datetime": {"datetime": "2024-01-20 17:15:01", "elapsed": 13793.171942, "delta": 0.007969}}
{"target": -10.476082199677098, "params": {"colsample_bytree": 0.1069746421141199, "eta": 0.001052076348712192, "gamma": 391.1006178130402, "max_depth": 9.0, "min_child_weight": 5129.456225229167, "num_boost_round": 47.0, "subsample": 0.9038660981916448}, "datetime": {"datetime": "2024-01-20 17:15:01", "elapsed": 13793.179561, "delta": 0.007619}}
{"target": -10.47608009904646, "params": {"colsample_bytree": 0.1069746421141199, "eta": 0.001052076348712192, "gamma": 391.1006178130402, "max_depth": 9.0, "min_child_weight": 5129.456225229167, "num_boost_round": 48.0, "subsample": 0.9038660981916448}, "datetime": {"datetime": "2024-01-20 17:15:01", "elapsed": 13793.186991, "delta": 0.00743}}
{"target": -10.476077981478902, "params": {"colsample_bytree": 0.1069746421141199, "eta": 0.001052076348712192, "gamma": 391.1006178130402, "max_depth": 9.0, "min_child_weight": 5129.456225229167, "num_boost_round": 49.0, "subsample": 0.9038660981916448}, "datetime": {"datetime": "2024-01-20 17:15:01", "elapsed": 13793.194396, "delta": 0.007405}}
{"target": -10.47607625913986, "params": {"colsample_bytree": 0.1069746421141199, "eta": 0.001052076348712192, "gamma": 391.1006178130402, "max_depth": 9.0, "min_child_weight": 5129.456225229167, "num_boost_round": 50.0, "subsample": 0.9038660981916448}, "datetime": {"datetime": "2024-01-20 17:15:01", "elapsed": 13793.202311, "delta": 0.007915}}
{"target": -10.476073071403892, "params": {"colsample_bytree": 0.1069746421141199, "eta": 0.001052076348712192, "gamma": 391.1006178130402, "max_depth": 9.0, "min_child_weight": 5129.456225229167, "num_boost_round": 51.0, "subsample": 0.9038660981916448}, "datetime": {"datetime": "2024-01-20 17:15:01", "elapsed": 13793.210046, "delta": 0.007735}}
{"target": -10.476067544597779, "params": {"colsample_bytree": 0.1069746421141199, "eta": 0.001052076348712192, "gamma": 391.1006178130402, "max_depth": 9.0, "min_child_weight": 5129.456225229167, "num_boost_round": 52.0, "subsample": 0.9038660981916448}, "datetime": {"datetime": "2024-01-20 17:15:01", "elapsed": 13793.217494, "delta": 0.007448}}
{"target": -10.476061905361039, "params": {"colsample_bytree": 0.1069746421141199, "eta": 0.001052076348712192, "gamma": 391.1006178130402, "max_depth": 9.0, "min_child_weight": 5129.456225229167, "num_boost_round": 53.0, "subsample": 0.9038660981916448}, "datetime": {"datetime": "2024-01-20 17:15:01", "elapsed": 13793.224907, "delta": 0.007413}}
{"target": -10.476061280401563, "params": {"colsample_bytree": 0.1069746421141199, "eta": 0.001052076348712192, "gamma": 391.1006178130402, "max_depth": 9.0, "min_child_weight": 5129.456225229167, "num_boost_round": 54.0, "subsample": 0.9038660981916448}, "datetime": {"datetime": "2024-01-20 17:15:01", "elapsed": 13793.233045, "delta": 0.008138}}
{"target": -10.476059802030134, "params": {"colsample_bytree": 0.1069746421141199, "eta": 0.001052076348712192, "gamma": 391.1006178130402, "max_depth": 9.0, "min_child_weight": 5129.456225229167, "num_boost_round": 55.0, "subsample": 0.9038660981916448}, "datetime": {"datetime": "2024-01-20 17:15:01", "elapsed": 13793.240764, "delta": 0.007719}}
{"target": -10.476061638596882, "params": {"colsample_bytree": 0.1069746421141199, "eta": 0.001052076348712192, "gamma": 391.1006178130402, "max_depth": 9.0, "min_child_weight": 5129.456225229167, "num_boost_round": 56.0, "subsample": 0.9038660981916448}, "datetime": {"datetime": "2024-01-20 17:15:01", "elapsed": 13793.248237, "delta": 0.007473}}
{"target": -10.476060510666958, "params": {"colsample_bytree": 0.1069746421141199, "eta": 0.001052076348712192, "gamma": 391.1006178130402, "max_depth": 9.0, "min_child_weight": 5129.456225229167, "num_boost_round": 57.0, "subsample": 0.9038660981916448}, "datetime": {"datetime": "2024-01-20 17:15:01", "elapsed": 13793.255553, "delta": 0.007316}}
{"target": -10.476059905305238, "params": {"colsample_bytree": 0.1069746421141199, "eta": 0.001052076348712192, "gamma": 391.1006178130402, "max_depth": 9.0, "min_child_weight": 5129.456225229167, "num_boost_round": 58.0, "subsample": 0.9038660981916448}, "datetime": {"datetime": "2024-01-20 17:15:01", "elapsed": 13793.26349, "delta": 0.007937}}
{"target": -10.476058115779841, "params": {"colsample_bytree": 0.1069746421141199, "eta": 0.001052076348712192, "gamma": 391.1006178130402, "max_depth": 9.0, "min_child_weight": 5129.456225229167, "num_boost_round": 59.0, "subsample": 0.9038660981916448}, "datetime": {"datetime": "2024-01-20 17:15:01", "elapsed": 13793.271121, "delta": 0.007631}}
{"target": -10.476057119294891, "params": {"colsample_bytree": 0.1069746421141199, "eta": 0.001052076348712192, "gamma": 391.1006178130402, "max_depth": 9.0, "min_child_weight": 5129.456225229167, "num_boost_round": 60.0, "subsample": 0.9038660981916448}, "datetime": {"datetime": "2024-01-20 17:15:01", "elapsed": 13793.279291, "delta": 0.00817}}
{"target": -10.476055742279108, "params": {"colsample_bytree": 0.1069746421141199, "eta": 0.001052076348712192, "gamma": 391.1006178130402, "max_depth": 9.0, "min_child_weight": 5129.456225229167, "num_boost_round": 61.0, "subsample": 0.9038660981916448}, "datetime": {"datetime": "2024-01-20 17:15:01", "elapsed": 13793.287369, "delta": 0.008078}}
{"target": -10.476051107120522, "params": {"colsample_bytree": 0.1069746421141199, "eta": 0.001052076348712192, "gamma": 391.1006178130402, "max_depth": 9.0, "min_child_weight": 5129.456225229167, "num_boost_round": 62.0, "subsample": 0.9038660981916448}, "datetime": {"datetime": "2024-01-20 17:15:01", "elapsed": 13793.295311, "delta": 0.007942}}
{"target": -10.476051814703064, "params": {"colsample_bytree": 0.1069746421141199, "eta": 0.001052076348712192, "gamma": 391.1006178130402, "max_depth": 9.0, "min_child_weight": 5129.456225229167, "num_boost_round": 63.0, "subsample": 0.9038660981916448}, "datetime": {"datetime": "2024-01-20 17:15:01", "elapsed": 13793.303184, "delta": 0.007873}}
{"target": -10.476055068605543, "params": {"colsample_bytree": 0.1069746421141199, "eta": 0.001052076348712192, "gamma": 391.1006178130402, "max_depth": 9.0, "min_child_weight": 5129.456225229167, "num_boost_round": 64.0, "subsample": 0.9038660981916448}, "datetime": {"datetime": "2024-01-20 17:15:01", "elapsed": 13793.310822, "delta": 0.007638}}
{"target": -10.476057909242336, "params": {"colsample_bytree": 0.1069746421141199, "eta": 0.001052076348712192, "gamma": 391.1006178130402, "max_depth": 9.0, "min_child_weight": 5129.456225229167, "num_boost_round": 65.0, "subsample": 0.9038660981916448}, "datetime": {"datetime": "2024-01-20 17:15:01", "elapsed": 13793.318178, "delta": 0.007356}}
{"target": -10.47606012097192, "params": {"colsample_bytree": 0.1069746421141199, "eta": 0.001052076348712192, "gamma": 391.1006178130402, "max_depth": 9.0, "min_child_weight": 5129.456225229167, "num_boost_round": 66.0, "subsample": 0.9038660981916448}, "datetime": {"datetime": "2024-01-20 17:15:01", "elapsed": 13793.326161, "delta": 0.007983}}
{"target": -10.476061191380648, "params": {"colsample_bytree": 0.1069746421141199, "eta": 0.001052076348712192, "gamma": 391.1006178130402, "max_depth": 9.0, "min_child_weight": 5129.456225229167, "num_boost_round": 67.0, "subsample": 0.9038660981916448}, "datetime": {"datetime": "2024-01-20 17:15:01", "elapsed": 13793.333753, "delta": 0.007592}}
{"target": -10.475989095547785, "params": {"colsample_bytree": 0.14824126865914633, "eta": 0.07029474212863886, "gamma": 319.9388650161594, "max_depth": 3.0, "min_child_weight": 5102.7433358369935, "num_boost_round": 1.0, "subsample": 0.9685906184831792}, "datetime": {"datetime": "2024-01-20 17:18:22", "elapsed": 13994.74106, "delta": 201.407307}}
{"target": -10.47592147069341, "params": {"colsample_bytree": 0.14824126865914633, "eta": 0.07029474212863886, "gamma": 319.9388650161594, "max_depth": 3.0, "min_child_weight": 5102.7433358369935, "num_boost_round": 2.0, "subsample": 0.9685906184831792}, "datetime": {"datetime": "2024-01-20 17:18:22", "elapsed": 13994.763178, "delta": 0.022118}}
{"target": -10.47607620282464, "params": {"colsample_bytree": 0.14824126865914633, "eta": 0.07029474212863886, "gamma": 319.9388650161594, "max_depth": 3.0, "min_child_weight": 5102.7433358369935, "num_boost_round": 3.0, "subsample": 0.9685906184831792}, "datetime": {"datetime": "2024-01-20 17:18:22", "elapsed": 13994.770587, "delta": 0.007409}}
{"target": -10.47667949164573, "params": {"colsample_bytree": 0.14824126865914633, "eta": 0.07029474212863886, "gamma": 319.9388650161594, "max_depth": 3.0, "min_child_weight": 5102.7433358369935, "num_boost_round": 4.0, "subsample": 0.9685906184831792}, "datetime": {"datetime": "2024-01-20 17:18:22", "elapsed": 13994.77789, "delta": 0.007303}}
{"target": -10.476791009942607, "params": {"colsample_bytree": 0.14824126865914633, "eta": 0.07029474212863886, "gamma": 319.9388650161594, "max_depth": 3.0, "min_child_weight": 5102.7433358369935, "num_boost_round": 5.0, "subsample": 0.9685906184831792}, "datetime": {"datetime": "2024-01-20 17:18:22", "elapsed": 13994.78569, "delta": 0.0078}}
{"target": -10.47696664248478, "params": {"colsample_bytree": 0.14824126865914633, "eta": 0.07029474212863886, "gamma": 319.9388650161594, "max_depth": 3.0, "min_child_weight": 5102.7433358369935, "num_boost_round": 6.0, "subsample": 0.9685906184831792}, "datetime": {"datetime": "2024-01-20 17:18:22", "elapsed": 13994.793376, "delta": 0.007686}}
{"target": -10.477606515452514, "params": {"colsample_bytree": 0.14824126865914633, "eta": 0.07029474212863886, "gamma": 319.9388650161594, "max_depth": 3.0, "min_child_weight": 5102.7433358369935, "num_boost_round": 7.0, "subsample": 0.9685906184831792}, "datetime": {"datetime": "2024-01-20 17:18:22", "elapsed": 13994.800691, "delta": 0.007315}}
{"target": -10.47751223107467, "params": {"colsample_bytree": 0.14824126865914633, "eta": 0.07029474212863886, "gamma": 319.9388650161594, "max_depth": 3.0, "min_child_weight": 5102.7433358369935, "num_boost_round": 8.0, "subsample": 0.9685906184831792}, "datetime": {"datetime": "2024-01-20 17:18:22", "elapsed": 13994.80827, "delta": 0.007579}}
{"target": -10.477334550699942, "params": {"colsample_bytree": 0.14824126865914633, "eta": 0.07029474212863886, "gamma": 319.9388650161594, "max_depth": 3.0, "min_child_weight": 5102.7433358369935, "num_boost_round": 9.0, "subsample": 0.9685906184831792}, "datetime": {"datetime": "2024-01-20 17:18:22", "elapsed": 13994.816109, "delta": 0.007839}}
{"target": -10.478060772329556, "params": {"colsample_bytree": 0.14824126865914633, "eta": 0.07029474212863886, "gamma": 319.9388650161594, "max_depth": 3.0, "min_child_weight": 5102.7433358369935, "num_boost_round": 10.0, "subsample": 0.9685906184831792}, "datetime": {"datetime": "2024-01-20 17:18:23", "elapsed": 13995.143531, "delta": 0.327422}}
{"target": -10.478665001784943, "params": {"colsample_bytree": 0.14824126865914633, "eta": 0.07029474212863886, "gamma": 319.9388650161594, "max_depth": 3.0, "min_child_weight": 5102.7433358369935, "num_boost_round": 11.0, "subsample": 0.9685906184831792}, "datetime": {"datetime": "2024-01-20 17:18:23", "elapsed": 13995.152324, "delta": 0.008793}}
{"target": -10.478728983055142, "params": {"colsample_bytree": 0.14824126865914633, "eta": 0.07029474212863886, "gamma": 319.9388650161594, "max_depth": 3.0, "min_child_weight": 5102.7433358369935, "num_boost_round": 12.0, "subsample": 0.9685906184831792}, "datetime": {"datetime": "2024-01-20 17:18:23", "elapsed": 13995.160271, "delta": 0.007947}}
{"target": -10.478754796485768, "params": {"colsample_bytree": 0.14824126865914633, "eta": 0.07029474212863886, "gamma": 319.9388650161594, "max_depth": 3.0, "min_child_weight": 5102.7433358369935, "num_boost_round": 13.0, "subsample": 0.9685906184831792}, "datetime": {"datetime": "2024-01-20 17:18:23", "elapsed": 13995.168364, "delta": 0.008093}}
{"target": -10.47882050277326, "params": {"colsample_bytree": 0.14824126865914633, "eta": 0.07029474212863886, "gamma": 319.9388650161594, "max_depth": 3.0, "min_child_weight": 5102.7433358369935, "num_boost_round": 14.0, "subsample": 0.9685906184831792}, "datetime": {"datetime": "2024-01-20 17:18:23", "elapsed": 13995.17614, "delta": 0.007776}}
{"target": -10.478917576226806, "params": {"colsample_bytree": 0.14824126865914633, "eta": 0.07029474212863886, "gamma": 319.9388650161594, "max_depth": 3.0, "min_child_weight": 5102.7433358369935, "num_boost_round": 15.0, "subsample": 0.9685906184831792}, "datetime": {"datetime": "2024-01-20 17:18:23", "elapsed": 13995.183673, "delta": 0.007533}}
{"target": -10.479395165603128, "params": {"colsample_bytree": 0.14824126865914633, "eta": 0.07029474212863886, "gamma": 319.9388650161594, "max_depth": 3.0, "min_child_weight": 5102.7433358369935, "num_boost_round": 16.0, "subsample": 0.9685906184831792}, "datetime": {"datetime": "2024-01-20 17:18:23", "elapsed": 13995.191074, "delta": 0.007401}}
{"target": -10.480008315891398, "params": {"colsample_bytree": 0.14824126865914633, "eta": 0.07029474212863886, "gamma": 319.9388650161594, "max_depth": 3.0, "min_child_weight": 5102.7433358369935, "num_boost_round": 17.0, "subsample": 0.9685906184831792}, "datetime": {"datetime": "2024-01-20 17:18:23", "elapsed": 13995.199168, "delta": 0.008094}}
{"target": -10.480355596336526, "params": {"colsample_bytree": 0.14824126865914633, "eta": 0.07029474212863886, "gamma": 319.9388650161594, "max_depth": 3.0, "min_child_weight": 5102.7433358369935, "num_boost_round": 18.0, "subsample": 0.9685906184831792}, "datetime": {"datetime": "2024-01-20 17:18:23", "elapsed": 13995.206923, "delta": 0.007755}}
{"target": -10.48043343294562, "params": {"colsample_bytree": 0.14824126865914633, "eta": 0.07029474212863886, "gamma": 319.9388650161594, "max_depth": 3.0, "min_child_weight": 5102.7433358369935, "num_boost_round": 19.0, "subsample": 0.9685906184831792}, "datetime": {"datetime": "2024-01-20 17:18:23", "elapsed": 13995.214463, "delta": 0.00754}}
{"target": -10.480362592102852, "params": {"colsample_bytree": 0.14824126865914633, "eta": 0.07029474212863886, "gamma": 319.9388650161594, "max_depth": 3.0, "min_child_weight": 5102.7433358369935, "num_boost_round": 20.0, "subsample": 0.9685906184831792}, "datetime": {"datetime": "2024-01-20 17:18:23", "elapsed": 13995.221924, "delta": 0.007461}}
{"target": -10.480461066477865, "params": {"colsample_bytree": 0.14824126865914633, "eta": 0.07029474212863886, "gamma": 319.9388650161594, "max_depth": 3.0, "min_child_weight": 5102.7433358369935, "num_boost_round": 21.0, "subsample": 0.9685906184831792}, "datetime": {"datetime": "2024-01-20 17:18:23", "elapsed": 13995.229885, "delta": 0.007961}}
{"target": -10.480451997317768, "params": {"colsample_bytree": 0.14824126865914633, "eta": 0.07029474212863886, "gamma": 319.9388650161594, "max_depth": 3.0, "min_child_weight": 5102.7433358369935, "num_boost_round": 22.0, "subsample": 0.9685906184831792}, "datetime": {"datetime": "2024-01-20 17:18:23", "elapsed": 13995.237796, "delta": 0.007911}}
{"target": -10.480665303067067, "params": {"colsample_bytree": 0.14824126865914633, "eta": 0.07029474212863886, "gamma": 319.9388650161594, "max_depth": 3.0, "min_child_weight": 5102.7433358369935, "num_boost_round": 23.0, "subsample": 0.9685906184831792}, "datetime": {"datetime": "2024-01-20 17:18:23", "elapsed": 13995.245217, "delta": 0.007421}}
