{"target": -13.397097049749009, "params": {"colsample_bytree": 0.3749761889065215, "eta": 0.04239098517517314, "gamma": 546.0531724005293, "max_depth": 5.0, "min_child_weight": 3717.931925701204, "num_boost_round": 11.0, "subsample": 0.12443256403380056}, "datetime": {"datetime": "2024-01-20 14:30:20", "elapsed": 355.356274, "delta": 0.000589}}
{"target": -13.397291969031269, "params": {"colsample_bytree": 0.3749761889065215, "eta": 0.04239098517517314, "gamma": 546.0531724005293, "max_depth": 5.0, "min_child_weight": 3717.931925701204, "num_boost_round": 12.0, "subsample": 0.12443256403380056}, "datetime": {"datetime": "2024-01-20 14:30:20", "elapsed": 355.362657, "delta": 0.006383}}
{"target": -13.397038495173526, "params": {"colsample_bytree": 0.3749761889065215, "eta": 0.04239098517517314, "gamma": 546.0531724005293, "max_depth": 5.0, "min_child_weight": 3717.931925701204, "num_boost_round": 13.0, "subsample": 0.12443256403380056}, "datetime": {"datetime": "2024-01-20 14:30:20", "elapsed": 355.363571, "delta": 0.000914}}
{"target": -13.39690484661348, "params": {"colsample_bytree": 0.3749761889065215, "eta": 0.04239098517517314, "gamma": 546.0531724005293, "max_depth": 5.0, "min_child_weight": 3717.931925701204, "num_boost_round": 14.0, "subsample": 0.12443256403380056}, "datetime": {"datetime": "2024-01-20 14:30:20", "elapsed": 355.364201, "delta": 0.00063}}
{"target": -13.396915985002703, "params": {"colsample_bytree": 0.3749761889065215, "eta": 0.04239098517517314, "gamma": 546.0531724005293, "max_depth": 5.0, "min_child_weight": 3717.931925701204, "num_boost_round": 15.0, "subsample": 0.12443256403380056}, "datetime": {"datetime": "2024-01-20 14:30:20", "elapsed": 355.364842, "delta": 0.000641}}
{"target": -13.397034039558854, "params": {"colsample_bytree": 0.3749761889065215, "eta": 0.04239098517517314, "gamma": 546.0531724005293, "max_depth": 5.0, "min_child_weight": 3717.931925701204, "num_boost_round": 16.0, "subsample": 0.12443256403380056}, "datetime": {"datetime": "2024-01-20 14:30:20", "elapsed": 355.365478, "delta": 0.000636}}
{"target": -13.397300130920776, "params": {"colsample_bytree": 0.3749761889065215, "eta": 0.04239098517517314, "gamma": 546.0531724005293, "max_depth": 5.0, "min_child_weight": 3717.931925701204, "num_boost_round": 17.0, "subsample": 0.12443256403380056}, "datetime": {"datetime": "2024-01-20 14:30:20", "elapsed": 355.366061, "delta": 0.000583}}
{"target": -13.397396456234901, "params": {"colsample_bytree": 0.3749761889065215, "eta": 0.04239098517517314, "gamma": 546.0531724005293, "max_depth": 5.0, "min_child_weight": 3717.931925701204, "num_boost_round": 18.0, "subsample": 0.12443256403380056}, "datetime": {"datetime": "2024-01-20 14:30:20", "elapsed": 355.367277, "delta": 0.001216}}
{"target": -13.397576558871055, "params": {"colsample_bytree": 0.3749761889065215, "eta": 0.04239098517517314, "gamma": 546.0531724005293, "max_depth": 5.0, "min_child_weight": 3717.931925701204, "num_boost_round": 19.0, "subsample": 0.12443256403380056}, "datetime": {"datetime": "2024-01-20 14:30:20", "elapsed": 355.367903, "delta": 0.000626}}
{"target": -13.397604074121539, "params": {"colsample_bytree": 0.3749761889065215, "eta": 0.04239098517517314, "gamma": 546.0531724005293, "max_depth": 5.0, "min_child_weight": 3717.931925701204, "num_boost_round": 20.0, "subsample": 0.12443256403380056}, "datetime": {"datetime": "2024-01-20 14:30:20", "elapsed": 355.368668, "delta": 0.000765}}
{"target": -13.397592342507284, "params": {"colsample_bytree": 0.3749761889065215, "eta": 0.04239098517517314, "gamma": 546.0531724005293, "max_depth": 5.0, "min_child_weight": 3717.931925701204, "num_boost_round": 21.0, "subsample": 0.12443256403380056}, "datetime": {"datetime": "2024-01-20 14:30:20", "elapsed": 355.369287, "delta": 0.000619}}
{"target": -13.39775978693071, "params": {"colsample_bytree": 0.3749761889065215, "eta": 0.04239098517517314, "gamma": 546.0531724005293, "max_depth": 5.0, "min_child_weight": 3717.931925701204, "num_boost_round": 22.0, "subsample": 0.12443256403380056}, "datetime": {"datetime": "2024-01-20 14:30:20", "elapsed": 355.369882, "delta": 0.000595}}
{"target": -13.397901862014407, "params": {"colsample_bytree": 0.3749761889065215, "eta": 0.04239098517517314, "gamma": 546.0531724005293, "max_depth": 5.0, "min_child_weight": 3717.931925701204, "num_boost_round": 23.0, "subsample": 0.12443256403380056}, "datetime": {"datetime": "2024-01-20 14:30:20", "elapsed": 355.370476, "delta": 0.000594}}
{"target": -13.398009819598386, "params": {"colsample_bytree": 0.3749761889065215, "eta": 0.04239098517517314, "gamma": 546.0531724005293, "max_depth": 5.0, "min_child_weight": 3717.931925701204, "num_boost_round": 24.0, "subsample": 0.12443256403380056}, "datetime": {"datetime": "2024-01-20 14:30:20", "elapsed": 355.371067, "delta": 0.000591}}
{"target": -13.398032245510738, "params": {"colsample_bytree": 0.3749761889065215, "eta": 0.04239098517517314, "gamma": 546.0531724005293, "max_depth": 5.0, "min_child_weight": 3717.931925701204, "num_boost_round": 25.0, "subsample": 0.12443256403380056}, "datetime": {"datetime": "2024-01-20 14:30:20", "elapsed": 355.371668, "delta": 0.000601}}
{"target": -13.39814006651294, "params": {"colsample_bytree": 0.3749761889065215, "eta": 0.04239098517517314, "gamma": 546.0531724005293, "max_depth": 5.0, "min_child_weight": 3717.931925701204, "num_boost_round": 26.0, "subsample": 0.12443256403380056}, "datetime": {"datetime": "2024-01-20 14:30:20", "elapsed": 355.372263, "delta": 0.000595}}
{"target": -13.398462100093571, "params": {"colsample_bytree": 0.3749761889065215, "eta": 0.04239098517517314, "gamma": 546.0531724005293, "max_depth": 5.0, "min_child_weight": 3717.931925701204, "num_boost_round": 27.0, "subsample": 0.12443256403380056}, "datetime": {"datetime": "2024-01-20 14:30:20", "elapsed": 355.372863, "delta": 0.0006}}
{"target": -13.398689889782936, "params": {"colsample_bytree": 0.3749761889065215, "eta": 0.04239098517517314, "gamma": 546.0531724005293, "max_depth": 5.0, "min_child_weight": 3717.931925701204, "num_boost_round": 28.0, "subsample": 0.12443256403380056}, "datetime": {"datetime": "2024-01-20 14:30:20", "elapsed": 355.373457, "delta": 0.000594}}
{"target": -13.398838203222116, "params": {"colsample_bytree": 0.3749761889065215, "eta": 0.04239098517517314, "gamma": 546.0531724005293, "max_depth": 5.0, "min_child_weight": 3717.931925701204, "num_boost_round": 29.0, "subsample": 0.12443256403380056}, "datetime": {"datetime": "2024-01-20 14:30:20", "elapsed": 355.374065, "delta": 0.000608}}
{"target": -13.398972728663978, "params": {"colsample_bytree": 0.3749761889065215, "eta": 0.04239098517517314, "gamma": 546.0531724005293, "max_depth": 5.0, "min_child_weight": 3717.931925701204, "num_boost_round": 30.0, "subsample": 0.12443256403380056}, "datetime": {"datetime": "2024-01-20 14:30:20", "elapsed": 355.374673, "delta": 0.000608}}
{"target": -13.399278019725312, "params": {"colsample_bytree": 0.3749761889065215, "eta": 0.04239098517517314, "gamma": 546.0531724005293, "max_depth": 5.0, "min_child_weight": 3717.931925701204, "num_boost_round": 31.0, "subsample": 0.12443256403380056}, "datetime": {"datetime": "2024-01-20 14:30:20", "elapsed": 355.375265, "delta": 0.000592}}
{"target": -13.399666853698104, "params": {"colsample_bytree": 0.3749761889065215, "eta": 0.04239098517517314, "gamma": 546.0531724005293, "max_depth": 5.0, "min_child_weight": 3717.931925701204, "num_boost_round": 32.0, "subsample": 0.12443256403380056}, "datetime": {"datetime": "2024-01-20 14:30:20", "elapsed": 355.37586, "delta": 0.000595}}
{"target": -13.399870597431027, "params": {"colsample_bytree": 0.3749761889065215, "eta": 0.04239098517517314, "gamma": 546.0531724005293, "max_depth": 5.0, "min_child_weight": 3717.931925701204, "num_boost_round": 33.0, "subsample": 0.12443256403380056}, "datetime": {"datetime": "2024-01-20 14:30:20", "elapsed": 355.376465, "delta": 0.000605}}
{"target": -13.39988145372251, "params": {"colsample_bytree": 0.3749761889065215, "eta": 0.04239098517517314, "gamma": 546.0531724005293, "max_depth": 5.0, "min_child_weight": 3717.931925701204, "num_boost_round": 34.0, "subsample": 0.12443256403380056}, "datetime": {"datetime": "2024-01-20 14:30:20", "elapsed": 355.377066, "delta": 0.000601}}
{"target": -13.399917188578087, "params": {"colsample_bytree": 0.3749761889065215, "eta": 0.04239098517517314, "gamma": 546.0531724005293, "max_depth": 5.0, "min_child_weight": 3717.931925701204, "num_boost_round": 35.0, "subsample": 0.12443256403380056}, "datetime": {"datetime": "2024-01-20 14:30:20", "elapsed": 355.377697, "delta": 0.000631}}
{"target": -13.400029973948122, "params": {"colsample_bytree": 0.3749761889065215, "eta": 0.04239098517517314, "gamma": 546.0531724005293, "max_depth": 5.0, "min_child_weight": 3717.931925701204, "num_boost_round": 36.0, "subsample": 0.12443256403380056}, "datetime": {"datetime": "2024-01-20 14:30:20", "elapsed": 355.378304, "delta": 0.000607}}
{"target": -13.400162769595882, "params": {"colsample_bytree": 0.3749761889065215, "eta": 0.04239098517517314, "gamma": 546.0531724005293, "max_depth": 5.0, "min_child_weight": 3717.931925701204, "num_boost_round": 37.0, "subsample": 0.12443256403380056}, "datetime": {"datetime": "2024-01-20 14:30:20", "elapsed": 355.379059, "delta": 0.000755}}
{"target": -13.400307108515127, "params": {"colsample_bytree": 0.3749761889065215, "eta": 0.04239098517517314, "gamma": 546.0531724005293, "max_depth": 5.0, "min_child_weight": 3717.931925701204, "num_boost_round": 38.0, "subsample": 0.12443256403380056}, "datetime": {"datetime": "2024-01-20 14:30:20", "elapsed": 355.379699, "delta": 0.00064}}
{"target": -13.400372749635213, "params": {"colsample_bytree": 0.3749761889065215, "eta": 0.04239098517517314, "gamma": 546.0531724005293, "max_depth": 5.0, "min_child_weight": 3717.931925701204, "num_boost_round": 39.0, "subsample": 0.12443256403380056}, "datetime": {"datetime": "2024-01-20 14:30:20", "elapsed": 355.38035, "delta": 0.000651}}
{"target": -13.400473001985082, "params": {"colsample_bytree": 0.3749761889065215, "eta": 0.04239098517517314, "gamma": 546.0531724005293, "max_depth": 5.0, "min_child_weight": 3717.931925701204, "num_boost_round": 40.0, "subsample": 0.12443256403380056}, "datetime": {"datetime": "2024-01-20 14:30:20", "elapsed": 355.380995, "delta": 0.000645}}
{"target": -13.400892570629416, "params": {"colsample_bytree": 0.3749761889065215, "eta": 0.04239098517517314, "gamma": 546.0531724005293, "max_depth": 5.0, "min_child_weight": 3717.931925701204, "num_boost_round": 41.0, "subsample": 0.12443256403380056}, "datetime": {"datetime": "2024-01-20 14:30:20", "elapsed": 355.381628, "delta": 0.000633}}
{"target": -13.401037267258134, "params": {"colsample_bytree": 0.3749761889065215, "eta": 0.04239098517517314, "gamma": 546.0531724005293, "max_depth": 5.0, "min_child_weight": 3717.931925701204, "num_boost_round": 42.0, "subsample": 0.12443256403380056}, "datetime": {"datetime": "2024-01-20 14:30:20", "elapsed": 355.382235, "delta": 0.000607}}
{"target": -13.400972544434346, "params": {"colsample_bytree": 0.3749761889065215, "eta": 0.04239098517517314, "gamma": 546.0531724005293, "max_depth": 5.0, "min_child_weight": 3717.931925701204, "num_boost_round": 43.0, "subsample": 0.12443256403380056}, "datetime": {"datetime": "2024-01-20 14:30:20", "elapsed": 355.382879, "delta": 0.000644}}
{"target": -13.401227774559736, "params": {"colsample_bytree": 0.3749761889065215, "eta": 0.04239098517517314, "gamma": 546.0531724005293, "max_depth": 5.0, "min_child_weight": 3717.931925701204, "num_boost_round": 44.0, "subsample": 0.12443256403380056}, "datetime": {"datetime": "2024-01-20 14:30:20", "elapsed": 355.38355, "delta": 0.000671}}
{"target": -13.401434809409437, "params": {"colsample_bytree": 0.3749761889065215, "eta": 0.04239098517517314, "gamma": 546.0531724005293, "max_depth": 5.0, "min_child_weight": 3717.931925701204, "num_boost_round": 45.0, "subsample": 0.12443256403380056}, "datetime": {"datetime": "2024-01-20 14:30:20", "elapsed": 355.384169, "delta": 0.000619}}
{"target": -13.401650842097848, "params": {"colsample_bytree": 0.3749761889065215, "eta": 0.04239098517517314, "gamma": 546.0531724005293, "max_depth": 5.0, "min_child_weight": 3717.931925701204, "num_boost_round": 46.0, "subsample": 0.12443256403380056}, "datetime": {"datetime": "2024-01-20 14:30:20", "elapsed": 355.384845, "delta": 0.000676}}
{"target": -13.40162569147834, "params": {"colsample_bytree": 0.3749761889065215, "eta": 0.04239098517517314, "gamma": 546.0531724005293, "max_depth": 5.0, "min_child_weight": 3717.931925701204, "num_boost_round": 47.0, "subsample": 0.12443256403380056}, "datetime": {"datetime": "2024-01-20 14:30:20", "elapsed": 355.385557, "delta": 0.000712}}
{"target": -13.401723635174722, "params": {"colsample_bytree": 0.3749761889065215, "eta": 0.04239098517517314, "gamma": 546.0531724005293, "max_depth": 5.0, "min_child_weight": 3717.931925701204, "num_boost_round": 48.0, "subsample": 0.12443256403380056}, "datetime": {"datetime": "2024-01-20 14:30:20", "elapsed": 355.386238, "delta": 0.000681}}
{"target": -13.401821359483439, "params": {"colsample_bytree": 0.3749761889065215, "eta": 0.04239098517517314, "gamma": 546.0531724005293, "max_depth": 5.0, "min_child_weight": 3717.931925701204, "num_boost_round": 49.0, "subsample": 0.12443256403380056}, "datetime": {"datetime": "2024-01-20 14:30:20", "elapsed": 355.386871, "delta": 0.000633}}
{"target": -13.401905372263307, "params": {"colsample_bytree": 0.3749761889065215, "eta": 0.04239098517517314, "gamma": 546.0531724005293, "max_depth": 5.0, "min_child_weight": 3717.931925701204, "num_boost_round": 50.0, "subsample": 0.12443256403380056}, "datetime": {"datetime": "2024-01-20 14:30:20", "elapsed": 355.387546, "delta": 0.000675}}
{"target": -13.40207562008022, "params": {"colsample_bytree": 0.3749761889065215, "eta": 0.04239098517517314, "gamma": 546.0531724005293, "max_depth": 5.0, "min_child_weight": 3717.931925701204, "num_boost_round": 51.0, "subsample": 0.12443256403380056}, "datetime": {"datetime": "2024-01-20 14:30:20", "elapsed": 355.388162, "delta": 0.000616}}
{"target": -13.402164644309234, "params": {"colsample_bytree": 0.3749761889065215, "eta": 0.04239098517517314, "gamma": 546.0531724005293, "max_depth": 5.0, "min_child_weight": 3717.931925701204, "num_boost_round": 52.0, "subsample": 0.12443256403380056}, "datetime": {"datetime": "2024-01-20 14:30:20", "elapsed": 355.388855, "delta": 0.000693}}
{"target": -13.402328381357574, "params": {"colsample_bytree": 0.3749761889065215, "eta": 0.04239098517517314, "gamma": 546.0531724005293, "max_depth": 5.0, "min_child_weight": 3717.931925701204, "num_boost_round": 53.0, "subsample": 0.12443256403380056}, "datetime": {"datetime": "2024-01-20 14:30:20", "elapsed": 355.389747, "delta": 0.000892}}
{"target": -13.40263943177728, "params": {"colsample_bytree": 0.3749761889065215, "eta": 0.04239098517517314, "gamma": 546.0531724005293, "max_depth": 5.0, "min_child_weight": 3717.931925701204, "num_boost_round": 54.0, "subsample": 0.12443256403380056}, "datetime": {"datetime": "2024-01-20 14:30:20", "elapsed": 355.390572, "delta": 0.000825}}
{"target": -13.402717753238068, "params": {"colsample_bytree": 0.3749761889065215, "eta": 0.04239098517517314, "gamma": 546.0531724005293, "max_depth": 5.0, "min_child_weight": 3717.931925701204, "num_boost_round": 55.0, "subsample": 0.12443256403380056}, "datetime": {"datetime": "2024-01-20 14:30:20", "elapsed": 355.391421, "delta": 0.000849}}
{"target": -13.402812726320278, "params": {"colsample_bytree": 0.3749761889065215, "eta": 0.04239098517517314, "gamma": 546.0531724005293, "max_depth": 5.0, "min_child_weight": 3717.931925701204, "num_boost_round": 56.0, "subsample": 0.12443256403380056}, "datetime": {"datetime": "2024-01-20 14:30:20", "elapsed": 355.392193, "delta": 0.000772}}
{"target": -13.402932771695397, "params": {"colsample_bytree": 0.3749761889065215, "eta": 0.04239098517517314, "gamma": 546.0531724005293, "max_depth": 5.0, "min_child_weight": 3717.931925701204, "num_boost_round": 57.0, "subsample": 0.12443256403380056}, "datetime": {"datetime": "2024-01-20 14:30:20", "elapsed": 355.392853, "delta": 0.00066}}
{"target": -13.402945909163831, "params": {"colsample_bytree": 0.3749761889065215, "eta": 0.04239098517517314, "gamma": 546.0531724005293, "max_depth": 5.0, "min_child_weight": 3717.931925701204, "num_boost_round": 58.0, "subsample": 0.12443256403380056}, "datetime": {"datetime": "2024-01-20 14:30:20", "elapsed": 355.393559, "delta": 0.000706}}
{"target": -13.403022616945474, "params": {"colsample_bytree": 0.3749761889065215, "eta": 0.04239098517517314, "gamma": 546.0531724005293, "max_depth": 5.0, "min_child_weight": 3717.931925701204, "num_boost_round": 59.0, "subsample": 0.12443256403380056}, "datetime": {"datetime": "2024-01-20 14:30:20", "elapsed": 355.394266, "delta": 0.000707}}
{"target": -13.403069665054526, "params": {"colsample_bytree": 0.3749761889065215, "eta": 0.04239098517517314, "gamma": 546.0531724005293, "max_depth": 5.0, "min_child_weight": 3717.931925701204, "num_boost_round": 60.0, "subsample": 0.12443256403380056}, "datetime": {"datetime": "2024-01-20 14:30:20", "elapsed": 355.394976, "delta": 0.00071}}
{"target": -13.403152121847551, "params": {"colsample_bytree": 0.3749761889065215, "eta": 0.04239098517517314, "gamma": 546.0531724005293, "max_depth": 5.0, "min_child_weight": 3717.931925701204, "num_boost_round": 61.0, "subsample": 0.12443256403380056}, "datetime": {"datetime": "2024-01-20 14:30:20", "elapsed": 355.395646, "delta": 0.00067}}
{"target": -13.403250647015465, "params": {"colsample_bytree": 0.3749761889065215, "eta": 0.04239098517517314, "gamma": 546.0531724005293, "max_depth": 5.0, "min_child_weight": 3717.931925701204, "num_boost_round": 62.0, "subsample": 0.12443256403380056}, "datetime": {"datetime": "2024-01-20 14:30:20", "elapsed": 355.396276, "delta": 0.00063}}
{"target": -13.403508441744883, "params": {"colsample_bytree": 0.3749761889065215, "eta": 0.04239098517517314, "gamma": 546.0531724005293, "max_depth": 5.0, "min_child_weight": 3717.931925701204, "num_boost_round": 63.0, "subsample": 0.12443256403380056}, "datetime": {"datetime": "2024-01-20 14:30:20", "elapsed": 355.396916, "delta": 0.00064}}
{"target": -13.403626239197022, "params": {"colsample_bytree": 0.3749761889065215, "eta": 0.04239098517517314, "gamma": 546.0531724005293, "max_depth": 5.0, "min_child_weight": 3717.931925701204, "num_boost_round": 64.0, "subsample": 0.12443256403380056}, "datetime": {"datetime": "2024-01-20 14:30:20", "elapsed": 355.39755, "delta": 0.000634}}
{"target": -13.403740121274975, "params": {"colsample_bytree": 0.3749761889065215, "eta": 0.04239098517517314, "gamma": 546.0531724005293, "max_depth": 5.0, "min_child_weight": 3717.931925701204, "num_boost_round": 65.0, "subsample": 0.12443256403380056}, "datetime": {"datetime": "2024-01-20 14:30:20", "elapsed": 355.398259, "delta": 0.000709}}
{"target": -13.396614396441908, "params": {"colsample_bytree": 0.9491083200329771, "eta": 0.09042530264552791, "gamma": 395.40109366448286, "max_depth": 7.0, "min_child_weight": 3699.331429740117, "num_boost_round": 1.0, "subsample": 0.16697675700224762}, "datetime": {"datetime": "2024-01-20 14:30:40", "elapsed": 375.421654, "delta": 20.023395}}
{"target": -13.395432276699086, "params": {"colsample_bytree": 0.9491083200329771, "eta": 0.09042530264552791, "gamma": 395.40109366448286, "max_depth": 7.0, "min_child_weight": 3699.331429740117, "num_boost_round": 2.0, "subsample": 0.16697675700224762}, "datetime": {"datetime": "2024-01-20 14:30:40", "elapsed": 375.422985, "delta": 0.001331}}
{"target": -13.395439605295978, "params": {"colsample_bytree": 0.9491083200329771, "eta": 0.09042530264552791, "gamma": 395.40109366448286, "max_depth": 7.0, "min_child_weight": 3699.331429740117, "num_boost_round": 3.0, "subsample": 0.16697675700224762}, "datetime": {"datetime": "2024-01-20 14:30:40", "elapsed": 375.423744, "delta": 0.000759}}
{"target": -13.395260648836654, "params": {"colsample_bytree": 0.9491083200329771, "eta": 0.09042530264552791, "gamma": 395.40109366448286, "max_depth": 7.0, "min_child_weight": 3699.331429740117, "num_boost_round": 4.0, "subsample": 0.16697675700224762}, "datetime": {"datetime": "2024-01-20 14:30:40", "elapsed": 375.424478, "delta": 0.000734}}
{"target": -13.395059046549163, "params": {"colsample_bytree": 0.9491083200329771, "eta": 0.09042530264552791, "gamma": 395.40109366448286, "max_depth": 7.0, "min_child_weight": 3699.331429740117, "num_boost_round": 5.0, "subsample": 0.16697675700224762}, "datetime": {"datetime": "2024-01-20 14:30:40", "elapsed": 375.425347, "delta": 0.000869}}
{"target": -13.394883279818151, "params": {"colsample_bytree": 0.9491083200329771, "eta": 0.09042530264552791, "gamma": 395.40109366448286, "max_depth": 7.0, "min_child_weight": 3699.331429740117, "num_boost_round": 6.0, "subsample": 0.16697675700224762}, "datetime": {"datetime": "2024-01-20 14:30:40", "elapsed": 375.426616, "delta": 0.001269}}
{"target": -13.394964614672212, "params": {"colsample_bytree": 0.9491083200329771, "eta": 0.09042530264552791, "gamma": 395.40109366448286, "max_depth": 7.0, "min_child_weight": 3699.331429740117, "num_boost_round": 7.0, "subsample": 0.16697675700224762}, "datetime": {"datetime": "2024-01-20 14:30:40", "elapsed": 375.427446, "delta": 0.00083}}
{"target": -13.395155656121169, "params": {"colsample_bytree": 0.9491083200329771, "eta": 0.09042530264552791, "gamma": 395.40109366448286, "max_depth": 7.0, "min_child_weight": 3699.331429740117, "num_boost_round": 8.0, "subsample": 0.16697675700224762}, "datetime": {"datetime": "2024-01-20 14:30:40", "elapsed": 375.428218, "delta": 0.000772}}
