{"target": -12.353211573452189, "params": {"colsample_bytree": 0.17368488499832352, "eta": 0.013770190712125534, "gamma": 588.9909431557759, "max_depth": 9.0, "min_child_weight": 4229.801952170855, "num_boost_round": 61.0, "subsample": 0.786224945829738}, "datetime": {"datetime": "2024-01-20 16:57:51", "elapsed": 9237.280185, "delta": 0.010419}}
{"target": -12.353205447972888, "params": {"colsample_bytree": 0.17368488499832352, "eta": 0.013770190712125534, "gamma": 588.9909431557759, "max_depth": 9.0, "min_child_weight": 4229.801952170855, "num_boost_round": 62.0, "subsample": 0.786224945829738}, "datetime": {"datetime": "2024-01-20 16:57:51", "elapsed": 9237.290646, "delta": 0.010461}}
{"target": -12.353235890841251, "params": {"colsample_bytree": 0.17368488499832352, "eta": 0.013770190712125534, "gamma": 588.9909431557759, "max_depth": 9.0, "min_child_weight": 4229.801952170855, "num_boost_round": 63.0, "subsample": 0.786224945829738}, "datetime": {"datetime": "2024-01-20 16:57:51", "elapsed": 9237.301928, "delta": 0.011282}}
{"target": -12.353301136419581, "params": {"colsample_bytree": 0.17368488499832352, "eta": 0.013770190712125534, "gamma": 588.9909431557759, "max_depth": 9.0, "min_child_weight": 4229.801952170855, "num_boost_round": 64.0, "subsample": 0.786224945829738}, "datetime": {"datetime": "2024-01-20 16:57:51", "elapsed": 9237.312685, "delta": 0.010757}}
{"target": -12.359192591540344, "params": {"colsample_bytree": 0.14431474255995327, "eta": 0.07489887552064126, "gamma": 540.8896906525691, "max_depth": 3.0, "min_child_weight": 4287.517011949607, "num_boost_round": 1.0, "subsample": 0.6289832369328143}, "datetime": {"datetime": "2024-01-20 17:01:10", "elapsed": 9437.075119, "delta": 199.762434}}
{"target": -12.357844258347598, "params": {"colsample_bytree": 0.14431474255995327, "eta": 0.07489887552064126, "gamma": 540.8896906525691, "max_depth": 3.0, "min_child_weight": 4287.517011949607, "num_boost_round": 2.0, "subsample": 0.6289832369328143}, "datetime": {"datetime": "2024-01-20 17:01:10", "elapsed": 9437.085293, "delta": 0.010174}}
{"target": -12.356138699585484, "params": {"colsample_bytree": 0.14431474255995327, "eta": 0.07489887552064126, "gamma": 540.8896906525691, "max_depth": 3.0, "min_child_weight": 4287.517011949607, "num_boost_round": 3.0, "subsample": 0.6289832369328143}, "datetime": {"datetime": "2024-01-20 17:01:10", "elapsed": 9437.094235, "delta": 0.008942}}
{"target": -12.356168659867027, "params": {"colsample_bytree": 0.14431474255995327, "eta": 0.07489887552064126, "gamma": 540.8896906525691, "max_depth": 3.0, "min_child_weight": 4287.517011949607, "num_boost_round": 4.0, "subsample": 0.6289832369328143}, "datetime": {"datetime": "2024-01-20 17:01:10", "elapsed": 9437.102779, "delta": 0.008544}}
{"target": -12.356355313055914, "params": {"colsample_bytree": 0.14431474255995327, "eta": 0.07489887552064126, "gamma": 540.8896906525691, "max_depth": 3.0, "min_child_weight": 4287.517011949607, "num_boost_round": 5.0, "subsample": 0.6289832369328143}, "datetime": {"datetime": "2024-01-20 17:01:10", "elapsed": 9437.110912, "delta": 0.008133}}
{"target": -12.356334173202178, "params": {"colsample_bytree": 0.14431474255995327, "eta": 0.07489887552064126, "gamma": 540.8896906525691, "max_depth": 3.0, "min_child_weight": 4287.517011949607, "num_boost_round": 6.0, "subsample": 0.6289832369328143}, "datetime": {"datetime": "2024-01-20 17:01:10", "elapsed": 9437.119119, "delta": 0.008207}}
{"target": -12.356414637528433, "params": {"colsample_bytree": 0.14431474255995327, "eta": 0.07489887552064126, "gamma": 540.8896906525691, "max_depth": 3.0, "min_child_weight": 4287.517011949607, "num_boost_round": 7.0, "subsample": 0.6289832369328143}, "datetime": {"datetime": "2024-01-20 17:01:10", "elapsed": 9437.127374, "delta": 0.008255}}
{"target": -12.354569518038781, "params": {"colsample_bytree": 0.14431474255995327, "eta": 0.07489887552064126, "gamma": 540.8896906525691, "max_depth": 3.0, "min_child_weight": 4287.517011949607, "num_boost_round": 8.0, "subsample": 0.6289832369328143}, "datetime": {"datetime": "2024-01-20 17:01:10", "elapsed": 9437.135233, "delta": 0.007859}}
{"target": -12.354609453591035, "params": {"colsample_bytree": 0.14431474255995327, "eta": 0.07489887552064126, "gamma": 540.8896906525691, "max_depth": 3.0, "min_child_weight": 4287.517011949607, "num_boost_round": 9.0, "subsample": 0.6289832369328143}, "datetime": {"datetime": "2024-01-20 17:01:10", "elapsed": 9437.142841, "delta": 0.007608}}
{"target": -12.353276941865374, "params": {"colsample_bytree": 0.14431474255995327, "eta": 0.07489887552064126, "gamma": 540.8896906525691, "max_depth": 3.0, "min_child_weight": 4287.517011949607, "num_boost_round": 10.0, "subsample": 0.6289832369328143}, "datetime": {"datetime": "2024-01-20 17:01:10", "elapsed": 9437.150372, "delta": 0.007531}}
{"target": -12.35211894417122, "params": {"colsample_bytree": 0.14431474255995327, "eta": 0.07489887552064126, "gamma": 540.8896906525691, "max_depth": 3.0, "min_child_weight": 4287.517011949607, "num_boost_round": 11.0, "subsample": 0.6289832369328143}, "datetime": {"datetime": "2024-01-20 17:01:10", "elapsed": 9437.158332, "delta": 0.00796}}
{"target": -12.35212303086222, "params": {"colsample_bytree": 0.14431474255995327, "eta": 0.07489887552064126, "gamma": 540.8896906525691, "max_depth": 3.0, "min_child_weight": 4287.517011949607, "num_boost_round": 12.0, "subsample": 0.6289832369328143}, "datetime": {"datetime": "2024-01-20 17:01:10", "elapsed": 9437.165871, "delta": 0.007539}}
{"target": -12.352021276725514, "params": {"colsample_bytree": 0.14431474255995327, "eta": 0.07489887552064126, "gamma": 540.8896906525691, "max_depth": 3.0, "min_child_weight": 4287.517011949607, "num_boost_round": 13.0, "subsample": 0.6289832369328143}, "datetime": {"datetime": "2024-01-20 17:01:10", "elapsed": 9437.173317, "delta": 0.007446}}
{"target": -12.352091880256799, "params": {"colsample_bytree": 0.14431474255995327, "eta": 0.07489887552064126, "gamma": 540.8896906525691, "max_depth": 3.0, "min_child_weight": 4287.517011949607, "num_boost_round": 14.0, "subsample": 0.6289832369328143}, "datetime": {"datetime": "2024-01-20 17:01:10", "elapsed": 9437.180652, "delta": 0.007335}}
{"target": -12.35035432859484, "params": {"colsample_bytree": 0.14431474255995327, "eta": 0.07489887552064126, "gamma": 540.8896906525691, "max_depth": 3.0, "min_child_weight": 4287.517011949607, "num_boost_round": 15.0, "subsample": 0.6289832369328143}, "datetime": {"datetime": "2024-01-20 17:01:10", "elapsed": 9437.188195, "delta": 0.007543}}
{"target": -12.350373346337904, "params": {"colsample_bytree": 0.14431474255995327, "eta": 0.07489887552064126, "gamma": 540.8896906525691, "max_depth": 3.0, "min_child_weight": 4287.517011949607, "num_boost_round": 16.0, "subsample": 0.6289832369328143}, "datetime": {"datetime": "2024-01-20 17:01:10", "elapsed": 9437.195553, "delta": 0.007358}}
{"target": -12.350535768250104, "params": {"colsample_bytree": 0.14431474255995327, "eta": 0.07489887552064126, "gamma": 540.8896906525691, "max_depth": 3.0, "min_child_weight": 4287.517011949607, "num_boost_round": 17.0, "subsample": 0.6289832369328143}, "datetime": {"datetime": "2024-01-20 17:01:10", "elapsed": 9437.202667, "delta": 0.007114}}
{"target": -12.350668181818559, "params": {"colsample_bytree": 0.14431474255995327, "eta": 0.07489887552064126, "gamma": 540.8896906525691, "max_depth": 3.0, "min_child_weight": 4287.517011949607, "num_boost_round": 18.0, "subsample": 0.6289832369328143}, "datetime": {"datetime": "2024-01-20 17:01:10", "elapsed": 9437.209739, "delta": 0.007072}}
{"target": -12.350462230645547, "params": {"colsample_bytree": 0.14431474255995327, "eta": 0.07489887552064126, "gamma": 540.8896906525691, "max_depth": 3.0, "min_child_weight": 4287.517011949607, "num_boost_round": 19.0, "subsample": 0.6289832369328143}, "datetime": {"datetime": "2024-01-20 17:01:10", "elapsed": 9437.217433, "delta": 0.007694}}
{"target": -12.350611304538523, "params": {"colsample_bytree": 0.14431474255995327, "eta": 0.07489887552064126, "gamma": 540.8896906525691, "max_depth": 3.0, "min_child_weight": 4287.517011949607, "num_boost_round": 20.0, "subsample": 0.6289832369328143}, "datetime": {"datetime": "2024-01-20 17:01:10", "elapsed": 9437.224999, "delta": 0.007566}}
{"target": -12.350727251258164, "params": {"colsample_bytree": 0.14431474255995327, "eta": 0.07489887552064126, "gamma": 540.8896906525691, "max_depth": 3.0, "min_child_weight": 4287.517011949607, "num_boost_round": 21.0, "subsample": 0.6289832369328143}, "datetime": {"datetime": "2024-01-20 17:01:10", "elapsed": 9437.232276, "delta": 0.007277}}
{"target": -12.350821232706066, "params": {"colsample_bytree": 0.14431474255995327, "eta": 0.07489887552064126, "gamma": 540.8896906525691, "max_depth": 3.0, "min_child_weight": 4287.517011949607, "num_boost_round": 22.0, "subsample": 0.6289832369328143}, "datetime": {"datetime": "2024-01-20 17:01:10", "elapsed": 9437.239989, "delta": 0.007713}}
{"target": -12.350739187206923, "params": {"colsample_bytree": 0.14431474255995327, "eta": 0.07489887552064126, "gamma": 540.8896906525691, "max_depth": 3.0, "min_child_weight": 4287.517011949607, "num_boost_round": 23.0, "subsample": 0.6289832369328143}, "datetime": {"datetime": "2024-01-20 17:01:10", "elapsed": 9437.247556, "delta": 0.007567}}
{"target": -12.350951779200049, "params": {"colsample_bytree": 0.14431474255995327, "eta": 0.07489887552064126, "gamma": 540.8896906525691, "max_depth": 3.0, "min_child_weight": 4287.517011949607, "num_boost_round": 24.0, "subsample": 0.6289832369328143}, "datetime": {"datetime": "2024-01-20 17:01:10", "elapsed": 9437.255018, "delta": 0.007462}}
{"target": -12.349827645901122, "params": {"colsample_bytree": 0.14431474255995327, "eta": 0.07489887552064126, "gamma": 540.8896906525691, "max_depth": 3.0, "min_child_weight": 4287.517011949607, "num_boost_round": 25.0, "subsample": 0.6289832369328143}, "datetime": {"datetime": "2024-01-20 17:01:10", "elapsed": 9437.262367, "delta": 0.007349}}
{"target": -12.349882494868396, "params": {"colsample_bytree": 0.14431474255995327, "eta": 0.07489887552064126, "gamma": 540.8896906525691, "max_depth": 3.0, "min_child_weight": 4287.517011949607, "num_boost_round": 26.0, "subsample": 0.6289832369328143}, "datetime": {"datetime": "2024-01-20 17:01:10", "elapsed": 9437.270279, "delta": 0.007912}}
{"target": -12.350162704659464, "params": {"colsample_bytree": 0.14431474255995327, "eta": 0.07489887552064126, "gamma": 540.8896906525691, "max_depth": 3.0, "min_child_weight": 4287.517011949607, "num_boost_round": 27.0, "subsample": 0.6289832369328143}, "datetime": {"datetime": "2024-01-20 17:01:11", "elapsed": 9437.278117, "delta": 0.007838}}
{"target": -12.350187316712487, "params": {"colsample_bytree": 0.14431474255995327, "eta": 0.07489887552064126, "gamma": 540.8896906525691, "max_depth": 3.0, "min_child_weight": 4287.517011949607, "num_boost_round": 28.0, "subsample": 0.6289832369328143}, "datetime": {"datetime": "2024-01-20 17:01:11", "elapsed": 9437.290505, "delta": 0.012388}}
{"target": -12.350075999597479, "params": {"colsample_bytree": 0.14431474255995327, "eta": 0.07489887552064126, "gamma": 540.8896906525691, "max_depth": 3.0, "min_child_weight": 4287.517011949607, "num_boost_round": 29.0, "subsample": 0.6289832369328143}, "datetime": {"datetime": "2024-01-20 17:01:11", "elapsed": 9437.302701, "delta": 0.012196}}
{"target": -12.349073094537196, "params": {"colsample_bytree": 0.14431474255995327, "eta": 0.07489887552064126, "gamma": 540.8896906525691, "max_depth": 3.0, "min_child_weight": 4287.517011949607, "num_boost_round": 30.0, "subsample": 0.6289832369328143}, "datetime": {"datetime": "2024-01-20 17:01:11", "elapsed": 9437.311385, "delta": 0.008684}}
{"target": -12.347045254767355, "params": {"colsample_bytree": 0.14431474255995327, "eta": 0.07489887552064126, "gamma": 540.8896906525691, "max_depth": 3.0, "min_child_weight": 4287.517011949607, "num_boost_round": 31.0, "subsample": 0.6289832369328143}, "datetime": {"datetime": "2024-01-20 17:01:11", "elapsed": 9437.319562, "delta": 0.008177}}
{"target": -12.347255328166026, "params": {"colsample_bytree": 0.14431474255995327, "eta": 0.07489887552064126, "gamma": 540.8896906525691, "max_depth": 3.0, "min_child_weight": 4287.517011949607, "num_boost_round": 32.0, "subsample": 0.6289832369328143}, "datetime": {"datetime": "2024-01-20 17:01:11", "elapsed": 9437.328517, "delta": 0.008955}}
{"target": -12.34721826788283, "params": {"colsample_bytree": 0.14431474255995327, "eta": 0.07489887552064126, "gamma": 540.8896906525691, "max_depth": 3.0, "min_child_weight": 4287.517011949607, "num_boost_round": 33.0, "subsample": 0.6289832369328143}, "datetime": {"datetime": "2024-01-20 17:01:11", "elapsed": 9437.337278, "delta": 0.008761}}
{"target": -12.347410970823692, "params": {"colsample_bytree": 0.14431474255995327, "eta": 0.07489887552064126, "gamma": 540.8896906525691, "max_depth": 3.0, "min_child_weight": 4287.517011949607, "num_boost_round": 34.0, "subsample": 0.6289832369328143}, "datetime": {"datetime": "2024-01-20 17:01:11", "elapsed": 9437.346235, "delta": 0.008957}}
{"target": -12.347848251879508, "params": {"colsample_bytree": 0.14431474255995327, "eta": 0.07489887552064126, "gamma": 540.8896906525691, "max_depth": 3.0, "min_child_weight": 4287.517011949607, "num_boost_round": 35.0, "subsample": 0.6289832369328143}, "datetime": {"datetime": "2024-01-20 17:01:11", "elapsed": 9437.356595, "delta": 0.01036}}
{"target": -12.348020714041455, "params": {"colsample_bytree": 0.14431474255995327, "eta": 0.07489887552064126, "gamma": 540.8896906525691, "max_depth": 3.0, "min_child_weight": 4287.517011949607, "num_boost_round": 36.0, "subsample": 0.6289832369328143}, "datetime": {"datetime": "2024-01-20 17:01:11", "elapsed": 9437.367146, "delta": 0.010551}}
{"target": -12.34807565664171, "params": {"colsample_bytree": 0.14431474255995327, "eta": 0.07489887552064126, "gamma": 540.8896906525691, "max_depth": 3.0, "min_child_weight": 4287.517011949607, "num_boost_round": 37.0, "subsample": 0.6289832369328143}, "datetime": {"datetime": "2024-01-20 17:01:11", "elapsed": 9437.37738, "delta": 0.010234}}
{"target": -12.348545335341145, "params": {"colsample_bytree": 0.14431474255995327, "eta": 0.07489887552064126, "gamma": 540.8896906525691, "max_depth": 3.0, "min_child_weight": 4287.517011949607, "num_boost_round": 38.0, "subsample": 0.6289832369328143}, "datetime": {"datetime": "2024-01-20 17:01:11", "elapsed": 9437.38728, "delta": 0.0099}}
{"target": -12.34883787426243, "params": {"colsample_bytree": 0.14431474255995327, "eta": 0.07489887552064126, "gamma": 540.8896906525691, "max_depth": 3.0, "min_child_weight": 4287.517011949607, "num_boost_round": 39.0, "subsample": 0.6289832369328143}, "datetime": {"datetime": "2024-01-20 17:01:11", "elapsed": 9437.396542, "delta": 0.009262}}
{"target": -12.348831419153736, "params": {"colsample_bytree": 0.14431474255995327, "eta": 0.07489887552064126, "gamma": 540.8896906525691, "max_depth": 3.0, "min_child_weight": 4287.517011949607, "num_boost_round": 40.0, "subsample": 0.6289832369328143}, "datetime": {"datetime": "2024-01-20 17:01:11", "elapsed": 9437.405843, "delta": 0.009301}}
{"target": -12.34791649520961, "params": {"colsample_bytree": 0.14431474255995327, "eta": 0.07489887552064126, "gamma": 540.8896906525691, "max_depth": 3.0, "min_child_weight": 4287.517011949607, "num_boost_round": 41.0, "subsample": 0.6289832369328143}, "datetime": {"datetime": "2024-01-20 17:01:11", "elapsed": 9437.41843, "delta": 0.012587}}
{"target": -12.34700292017785, "params": {"colsample_bytree": 0.14431474255995327, "eta": 0.07489887552064126, "gamma": 540.8896906525691, "max_depth": 3.0, "min_child_weight": 4287.517011949607, "num_boost_round": 42.0, "subsample": 0.6289832369328143}, "datetime": {"datetime": "2024-01-20 17:01:11", "elapsed": 9437.430532, "delta": 0.012102}}
{"target": -12.347087554234932, "params": {"colsample_bytree": 0.14431474255995327, "eta": 0.07489887552064126, "gamma": 540.8896906525691, "max_depth": 3.0, "min_child_weight": 4287.517011949607, "num_boost_round": 43.0, "subsample": 0.6289832369328143}, "datetime": {"datetime": "2024-01-20 17:01:11", "elapsed": 9437.439185, "delta": 0.008653}}
{"target": -12.347331543658486, "params": {"colsample_bytree": 0.14431474255995327, "eta": 0.07489887552064126, "gamma": 540.8896906525691, "max_depth": 3.0, "min_child_weight": 4287.517011949607, "num_boost_round": 44.0, "subsample": 0.6289832369328143}, "datetime": {"datetime": "2024-01-20 17:01:11", "elapsed": 9437.447169, "delta": 0.007984}}
{"target": -12.347360248798804, "params": {"colsample_bytree": 0.14431474255995327, "eta": 0.07489887552064126, "gamma": 540.8896906525691, "max_depth": 3.0, "min_child_weight": 4287.517011949607, "num_boost_round": 45.0, "subsample": 0.6289832369328143}, "datetime": {"datetime": "2024-01-20 17:01:11", "elapsed": 9437.45466, "delta": 0.007491}}
{"target": -12.347573048888984, "params": {"colsample_bytree": 0.14431474255995327, "eta": 0.07489887552064126, "gamma": 540.8896906525691, "max_depth": 3.0, "min_child_weight": 4287.517011949607, "num_boost_round": 46.0, "subsample": 0.6289832369328143}, "datetime": {"datetime": "2024-01-20 17:01:11", "elapsed": 9437.46214, "delta": 0.00748}}
{"target": -12.347595223744804, "params": {"colsample_bytree": 0.14431474255995327, "eta": 0.07489887552064126, "gamma": 540.8896906525691, "max_depth": 3.0, "min_child_weight": 4287.517011949607, "num_boost_round": 47.0, "subsample": 0.6289832369328143}, "datetime": {"datetime": "2024-01-20 17:01:11", "elapsed": 9437.469954, "delta": 0.007814}}
{"target": -12.347758381936444, "params": {"colsample_bytree": 0.14431474255995327, "eta": 0.07489887552064126, "gamma": 540.8896906525691, "max_depth": 3.0, "min_child_weight": 4287.517011949607, "num_boost_round": 48.0, "subsample": 0.6289832369328143}, "datetime": {"datetime": "2024-01-20 17:01:11", "elapsed": 9437.478281, "delta": 0.008327}}
{"target": -12.347844076915802, "params": {"colsample_bytree": 0.14431474255995327, "eta": 0.07489887552064126, "gamma": 540.8896906525691, "max_depth": 3.0, "min_child_weight": 4287.517011949607, "num_boost_round": 49.0, "subsample": 0.6289832369328143}, "datetime": {"datetime": "2024-01-20 17:01:11", "elapsed": 9437.485976, "delta": 0.007695}}
{"target": -12.347983322725366, "params": {"colsample_bytree": 0.14431474255995327, "eta": 0.07489887552064126, "gamma": 540.8896906525691, "max_depth": 3.0, "min_child_weight": 4287.517011949607, "num_boost_round": 50.0, "subsample": 0.6289832369328143}, "datetime": {"datetime": "2024-01-20 17:01:11", "elapsed": 9437.49363, "delta": 0.007654}}
{"target": -12.34805698940745, "params": {"colsample_bytree": 0.14431474255995327, "eta": 0.07489887552064126, "gamma": 540.8896906525691, "max_depth": 3.0, "min_child_weight": 4287.517011949607, "num_boost_round": 51.0, "subsample": 0.6289832369328143}, "datetime": {"datetime": "2024-01-20 17:01:11", "elapsed": 9437.501099, "delta": 0.007469}}
{"target": -12.348081546421557, "params": {"colsample_bytree": 0.14431474255995327, "eta": 0.07489887552064126, "gamma": 540.8896906525691, "max_depth": 3.0, "min_child_weight": 4287.517011949607, "num_boost_round": 52.0, "subsample": 0.6289832369328143}, "datetime": {"datetime": "2024-01-20 17:01:11", "elapsed": 9437.50859, "delta": 0.007491}}
{"target": -12.347614205875752, "params": {"colsample_bytree": 0.14431474255995327, "eta": 0.07489887552064126, "gamma": 540.8896906525691, "max_depth": 3.0, "min_child_weight": 4287.517011949607, "num_boost_round": 53.0, "subsample": 0.6289832369328143}, "datetime": {"datetime": "2024-01-20 17:01:11", "elapsed": 9437.516405, "delta": 0.007815}}
{"target": -12.355641862200134, "params": {"colsample_bytree": 0.8087026355876548, "eta": 0.051084589070278186, "gamma": 659.0990963716029, "max_depth": 6.0, "min_child_weight": 4253.655068384467, "num_boost_round": 1.0, "subsample": 0.8220672390121027}, "datetime": {"datetime": "2024-01-20 17:03:41", "elapsed": 9587.941758, "delta": 150.425353}}
{"target": -12.35344512596944, "params": {"colsample_bytree": 0.8087026355876548, "eta": 0.051084589070278186, "gamma": 659.0990963716029, "max_depth": 6.0, "min_child_weight": 4253.655068384467, "num_boost_round": 2.0, "subsample": 0.8220672390121027}, "datetime": {"datetime": "2024-01-20 17:03:41", "elapsed": 9587.951072, "delta": 0.009314}}
{"target": -12.351243289722033, "params": {"colsample_bytree": 0.8087026355876548, "eta": 0.051084589070278186, "gamma": 659.0990963716029, "max_depth": 6.0, "min_child_weight": 4253.655068384467, "num_boost_round": 3.0, "subsample": 0.8220672390121027}, "datetime": {"datetime": "2024-01-20 17:03:41", "elapsed": 9587.959309, "delta": 0.008237}}
{"target": -12.349847478672078, "params": {"colsample_bytree": 0.8087026355876548, "eta": 0.051084589070278186, "gamma": 659.0990963716029, "max_depth": 6.0, "min_child_weight": 4253.655068384467, "num_boost_round": 4.0, "subsample": 0.8220672390121027}, "datetime": {"datetime": "2024-01-20 17:03:41", "elapsed": 9587.967097, "delta": 0.007788}}
{"target": -12.348151821684567, "params": {"colsample_bytree": 0.8087026355876548, "eta": 0.051084589070278186, "gamma": 659.0990963716029, "max_depth": 6.0, "min_child_weight": 4253.655068384467, "num_boost_round": 5.0, "subsample": 0.8220672390121027}, "datetime": {"datetime": "2024-01-20 17:03:42", "elapsed": 9588.323489, "delta": 0.356392}}
{"target": -12.346869337222056, "params": {"colsample_bytree": 0.8087026355876548, "eta": 0.051084589070278186, "gamma": 659.0990963716029, "max_depth": 6.0, "min_child_weight": 4253.655068384467, "num_boost_round": 6.0, "subsample": 0.8220672390121027}, "datetime": {"datetime": "2024-01-20 17:03:42", "elapsed": 9588.333344, "delta": 0.009855}}
