{"target": -12.352796215375907, "params": {"colsample_bytree": 0.5174589919391027, "eta": 0.08660010010724103, "gamma": 547.4614271319766, "max_depth": 8.0, "min_child_weight": 4257.697488721959, "num_boost_round": 39.0, "subsample": 0.7856578596548817}, "datetime": {"datetime": "2024-01-20 15:03:48", "elapsed": 2395.037983, "delta": 0.003668}}
{"target": -12.35343118467253, "params": {"colsample_bytree": 0.5174589919391027, "eta": 0.08660010010724103, "gamma": 547.4614271319766, "max_depth": 8.0, "min_child_weight": 4257.697488721959, "num_boost_round": 40.0, "subsample": 0.7856578596548817}, "datetime": {"datetime": "2024-01-20 15:03:48", "elapsed": 2395.043496, "delta": 0.005513}}
{"target": -12.354126963691547, "params": {"colsample_bytree": 0.5174589919391027, "eta": 0.08660010010724103, "gamma": 547.4614271319766, "max_depth": 8.0, "min_child_weight": 4257.697488721959, "num_boost_round": 41.0, "subsample": 0.7856578596548817}, "datetime": {"datetime": "2024-01-20 15:03:48", "elapsed": 2395.048718, "delta": 0.005222}}
{"target": -12.35507191882334, "params": {"colsample_bytree": 0.5174589919391027, "eta": 0.08660010010724103, "gamma": 547.4614271319766, "max_depth": 8.0, "min_child_weight": 4257.697488721959, "num_boost_round": 42.0, "subsample": 0.7856578596548817}, "datetime": {"datetime": "2024-01-20 15:03:48", "elapsed": 2395.054229, "delta": 0.005511}}
{"target": -12.355361144323226, "params": {"colsample_bytree": 0.5174589919391027, "eta": 0.08660010010724103, "gamma": 547.4614271319766, "max_depth": 8.0, "min_child_weight": 4257.697488721959, "num_boost_round": 43.0, "subsample": 0.7856578596548817}, "datetime": {"datetime": "2024-01-20 15:03:48", "elapsed": 2395.059882, "delta": 0.005653}}
{"target": -12.3557320862587, "params": {"colsample_bytree": 0.5174589919391027, "eta": 0.08660010010724103, "gamma": 547.4614271319766, "max_depth": 8.0, "min_child_weight": 4257.697488721959, "num_boost_round": 44.0, "subsample": 0.7856578596548817}, "datetime": {"datetime": "2024-01-20 15:03:48", "elapsed": 2395.064039, "delta": 0.004157}}
{"target": -12.356047998776276, "params": {"colsample_bytree": 0.5174589919391027, "eta": 0.08660010010724103, "gamma": 547.4614271319766, "max_depth": 8.0, "min_child_weight": 4257.697488721959, "num_boost_round": 45.0, "subsample": 0.7856578596548817}, "datetime": {"datetime": "2024-01-20 15:03:48", "elapsed": 2395.067792, "delta": 0.003753}}
{"target": -12.356637347067824, "params": {"colsample_bytree": 0.5174589919391027, "eta": 0.08660010010724103, "gamma": 547.4614271319766, "max_depth": 8.0, "min_child_weight": 4257.697488721959, "num_boost_round": 46.0, "subsample": 0.7856578596548817}, "datetime": {"datetime": "2024-01-20 15:03:48", "elapsed": 2395.071452, "delta": 0.00366}}
{"target": -12.357104224521091, "params": {"colsample_bytree": 0.5174589919391027, "eta": 0.08660010010724103, "gamma": 547.4614271319766, "max_depth": 8.0, "min_child_weight": 4257.697488721959, "num_boost_round": 47.0, "subsample": 0.7856578596548817}, "datetime": {"datetime": "2024-01-20 15:03:48", "elapsed": 2395.075103, "delta": 0.003651}}
{"target": -12.357383688676354, "params": {"colsample_bytree": 0.5174589919391027, "eta": 0.08660010010724103, "gamma": 547.4614271319766, "max_depth": 8.0, "min_child_weight": 4257.697488721959, "num_boost_round": 48.0, "subsample": 0.7856578596548817}, "datetime": {"datetime": "2024-01-20 15:03:48", "elapsed": 2395.078729, "delta": 0.003626}}
{"target": -12.357828957570147, "params": {"colsample_bytree": 0.5174589919391027, "eta": 0.08660010010724103, "gamma": 547.4614271319766, "max_depth": 8.0, "min_child_weight": 4257.697488721959, "num_boost_round": 49.0, "subsample": 0.7856578596548817}, "datetime": {"datetime": "2024-01-20 15:03:48", "elapsed": 2395.083054, "delta": 0.004325}}
{"target": -12.35805863810889, "params": {"colsample_bytree": 0.5174589919391027, "eta": 0.08660010010724103, "gamma": 547.4614271319766, "max_depth": 8.0, "min_child_weight": 4257.697488721959, "num_boost_round": 50.0, "subsample": 0.7856578596548817}, "datetime": {"datetime": "2024-01-20 15:03:48", "elapsed": 2395.086916, "delta": 0.003862}}
{"target": -12.358247572791367, "params": {"colsample_bytree": 0.5174589919391027, "eta": 0.08660010010724103, "gamma": 547.4614271319766, "max_depth": 8.0, "min_child_weight": 4257.697488721959, "num_boost_round": 51.0, "subsample": 0.7856578596548817}, "datetime": {"datetime": "2024-01-20 15:03:48", "elapsed": 2395.09072, "delta": 0.003804}}
{"target": -12.358400261997183, "params": {"colsample_bytree": 0.5174589919391027, "eta": 0.08660010010724103, "gamma": 547.4614271319766, "max_depth": 8.0, "min_child_weight": 4257.697488721959, "num_boost_round": 52.0, "subsample": 0.7856578596548817}, "datetime": {"datetime": "2024-01-20 15:03:48", "elapsed": 2395.094355, "delta": 0.003635}}
{"target": -12.358510625384186, "params": {"colsample_bytree": 0.5174589919391027, "eta": 0.08660010010724103, "gamma": 547.4614271319766, "max_depth": 8.0, "min_child_weight": 4257.697488721959, "num_boost_round": 53.0, "subsample": 0.7856578596548817}, "datetime": {"datetime": "2024-01-20 15:03:48", "elapsed": 2395.097991, "delta": 0.003636}}
{"target": -12.358531913215742, "params": {"colsample_bytree": 0.5174589919391027, "eta": 0.08660010010724103, "gamma": 547.4614271319766, "max_depth": 8.0, "min_child_weight": 4257.697488721959, "num_boost_round": 54.0, "subsample": 0.7856578596548817}, "datetime": {"datetime": "2024-01-20 15:03:48", "elapsed": 2395.101876, "delta": 0.003885}}
{"target": -12.358524039193696, "params": {"colsample_bytree": 0.5174589919391027, "eta": 0.08660010010724103, "gamma": 547.4614271319766, "max_depth": 8.0, "min_child_weight": 4257.697488721959, "num_boost_round": 55.0, "subsample": 0.7856578596548817}, "datetime": {"datetime": "2024-01-20 15:03:48", "elapsed": 2395.105565, "delta": 0.003689}}
{"target": -12.358947428849056, "params": {"colsample_bytree": 0.5174589919391027, "eta": 0.08660010010724103, "gamma": 547.4614271319766, "max_depth": 8.0, "min_child_weight": 4257.697488721959, "num_boost_round": 56.0, "subsample": 0.7856578596548817}, "datetime": {"datetime": "2024-01-20 15:03:48", "elapsed": 2395.109273, "delta": 0.003708}}
{"target": -12.359566817109807, "params": {"colsample_bytree": 0.5174589919391027, "eta": 0.08660010010724103, "gamma": 547.4614271319766, "max_depth": 8.0, "min_child_weight": 4257.697488721959, "num_boost_round": 57.0, "subsample": 0.7856578596548817}, "datetime": {"datetime": "2024-01-20 15:03:48", "elapsed": 2395.112933, "delta": 0.00366}}
{"target": -12.359804343022667, "params": {"colsample_bytree": 0.5174589919391027, "eta": 0.08660010010724103, "gamma": 547.4614271319766, "max_depth": 8.0, "min_child_weight": 4257.697488721959, "num_boost_round": 58.0, "subsample": 0.7856578596548817}, "datetime": {"datetime": "2024-01-20 15:03:48", "elapsed": 2395.116612, "delta": 0.003679}}
{"target": -12.360017060718796, "params": {"colsample_bytree": 0.5174589919391027, "eta": 0.08660010010724103, "gamma": 547.4614271319766, "max_depth": 8.0, "min_child_weight": 4257.697488721959, "num_boost_round": 59.0, "subsample": 0.7856578596548817}, "datetime": {"datetime": "2024-01-20 15:03:48", "elapsed": 2395.120296, "delta": 0.003684}}
{"target": -12.360200929449594, "params": {"colsample_bytree": 0.5174589919391027, "eta": 0.08660010010724103, "gamma": 547.4614271319766, "max_depth": 8.0, "min_child_weight": 4257.697488721959, "num_boost_round": 60.0, "subsample": 0.7856578596548817}, "datetime": {"datetime": "2024-01-20 15:03:48", "elapsed": 2395.12395, "delta": 0.003654}}
{"target": -12.360264133411212, "params": {"colsample_bytree": 0.5174589919391027, "eta": 0.08660010010724103, "gamma": 547.4614271319766, "max_depth": 8.0, "min_child_weight": 4257.697488721959, "num_boost_round": 61.0, "subsample": 0.7856578596548817}, "datetime": {"datetime": "2024-01-20 15:03:48", "elapsed": 2395.127658, "delta": 0.003708}}
{"target": -12.360320406630114, "params": {"colsample_bytree": 0.5174589919391027, "eta": 0.08660010010724103, "gamma": 547.4614271319766, "max_depth": 8.0, "min_child_weight": 4257.697488721959, "num_boost_round": 62.0, "subsample": 0.7856578596548817}, "datetime": {"datetime": "2024-01-20 15:03:48", "elapsed": 2395.131274, "delta": 0.003616}}
{"target": -12.36072083868362, "params": {"colsample_bytree": 0.5174589919391027, "eta": 0.08660010010724103, "gamma": 547.4614271319766, "max_depth": 8.0, "min_child_weight": 4257.697488721959, "num_boost_round": 63.0, "subsample": 0.7856578596548817}, "datetime": {"datetime": "2024-01-20 15:03:48", "elapsed": 2395.13487, "delta": 0.003596}}
{"target": -12.360929747811085, "params": {"colsample_bytree": 0.5174589919391027, "eta": 0.08660010010724103, "gamma": 547.4614271319766, "max_depth": 8.0, "min_child_weight": 4257.697488721959, "num_boost_round": 64.0, "subsample": 0.7856578596548817}, "datetime": {"datetime": "2024-01-20 15:03:48", "elapsed": 2395.138519, "delta": 0.003649}}
{"target": -12.357119844152642, "params": {"colsample_bytree": 0.8428782948291342, "eta": 0.03379386666037771, "gamma": 679.0333436739111, "max_depth": 8.0, "min_child_weight": 4296.622881961824, "num_boost_round": 1.0, "subsample": 0.16427577905251262}, "datetime": {"datetime": "2024-01-20 15:04:26", "elapsed": 2432.939843, "delta": 37.801324}}
{"target": -12.355881280347727, "params": {"colsample_bytree": 0.8428782948291342, "eta": 0.03379386666037771, "gamma": 679.0333436739111, "max_depth": 8.0, "min_child_weight": 4296.622881961824, "num_boost_round": 2.0, "subsample": 0.16427577905251262}, "datetime": {"datetime": "2024-01-20 15:04:26", "elapsed": 2432.944966, "delta": 0.005123}}
{"target": -12.354519934566323, "params": {"colsample_bytree": 0.8428782948291342, "eta": 0.03379386666037771, "gamma": 679.0333436739111, "max_depth": 8.0, "min_child_weight": 4296.622881961824, "num_boost_round": 3.0, "subsample": 0.16427577905251262}, "datetime": {"datetime": "2024-01-20 15:04:26", "elapsed": 2432.948925, "delta": 0.003959}}
{"target": -12.353653383846671, "params": {"colsample_bytree": 0.8428782948291342, "eta": 0.03379386666037771, "gamma": 679.0333436739111, "max_depth": 8.0, "min_child_weight": 4296.622881961824, "num_boost_round": 4.0, "subsample": 0.16427577905251262}, "datetime": {"datetime": "2024-01-20 15:04:26", "elapsed": 2432.952833, "delta": 0.003908}}
{"target": -12.352582483674038, "params": {"colsample_bytree": 0.8428782948291342, "eta": 0.03379386666037771, "gamma": 679.0333436739111, "max_depth": 8.0, "min_child_weight": 4296.622881961824, "num_boost_round": 5.0, "subsample": 0.16427577905251262}, "datetime": {"datetime": "2024-01-20 15:04:26", "elapsed": 2432.956672, "delta": 0.003839}}
{"target": -12.351759572385944, "params": {"colsample_bytree": 0.8428782948291342, "eta": 0.03379386666037771, "gamma": 679.0333436739111, "max_depth": 8.0, "min_child_weight": 4296.622881961824, "num_boost_round": 6.0, "subsample": 0.16427577905251262}, "datetime": {"datetime": "2024-01-20 15:04:26", "elapsed": 2432.960518, "delta": 0.003846}}
{"target": -12.351070331736473, "params": {"colsample_bytree": 0.8428782948291342, "eta": 0.03379386666037771, "gamma": 679.0333436739111, "max_depth": 8.0, "min_child_weight": 4296.622881961824, "num_boost_round": 7.0, "subsample": 0.16427577905251262}, "datetime": {"datetime": "2024-01-20 15:04:26", "elapsed": 2432.964262, "delta": 0.003744}}
{"target": -12.350188737002977, "params": {"colsample_bytree": 0.8428782948291342, "eta": 0.03379386666037771, "gamma": 679.0333436739111, "max_depth": 8.0, "min_child_weight": 4296.622881961824, "num_boost_round": 8.0, "subsample": 0.16427577905251262}, "datetime": {"datetime": "2024-01-20 15:04:26", "elapsed": 2432.967965, "delta": 0.003703}}
{"target": -12.349330812821814, "params": {"colsample_bytree": 0.8428782948291342, "eta": 0.03379386666037771, "gamma": 679.0333436739111, "max_depth": 8.0, "min_child_weight": 4296.622881961824, "num_boost_round": 9.0, "subsample": 0.16427577905251262}, "datetime": {"datetime": "2024-01-20 15:04:26", "elapsed": 2432.971717, "delta": 0.003752}}
{"target": -12.34850343984319, "params": {"colsample_bytree": 0.8428782948291342, "eta": 0.03379386666037771, "gamma": 679.0333436739111, "max_depth": 8.0, "min_child_weight": 4296.622881961824, "num_boost_round": 10.0, "subsample": 0.16427577905251262}, "datetime": {"datetime": "2024-01-20 15:04:26", "elapsed": 2432.975526, "delta": 0.003809}}
{"target": -12.34775504804787, "params": {"colsample_bytree": 0.8428782948291342, "eta": 0.03379386666037771, "gamma": 679.0333436739111, "max_depth": 8.0, "min_child_weight": 4296.622881961824, "num_boost_round": 11.0, "subsample": 0.16427577905251262}, "datetime": {"datetime": "2024-01-20 15:04:26", "elapsed": 2432.97934, "delta": 0.003814}}
{"target": -12.347282077027959, "params": {"colsample_bytree": 0.8428782948291342, "eta": 0.03379386666037771, "gamma": 679.0333436739111, "max_depth": 8.0, "min_child_weight": 4296.622881961824, "num_boost_round": 12.0, "subsample": 0.16427577905251262}, "datetime": {"datetime": "2024-01-20 15:04:26", "elapsed": 2432.983135, "delta": 0.003795}}
{"target": -12.346765101992553, "params": {"colsample_bytree": 0.8428782948291342, "eta": 0.03379386666037771, "gamma": 679.0333436739111, "max_depth": 8.0, "min_child_weight": 4296.622881961824, "num_boost_round": 13.0, "subsample": 0.16427577905251262}, "datetime": {"datetime": "2024-01-20 15:04:26", "elapsed": 2432.986901, "delta": 0.003766}}
{"target": -12.3462721528707, "params": {"colsample_bytree": 0.8428782948291342, "eta": 0.03379386666037771, "gamma": 679.0333436739111, "max_depth": 8.0, "min_child_weight": 4296.622881961824, "num_boost_round": 14.0, "subsample": 0.16427577905251262}, "datetime": {"datetime": "2024-01-20 15:04:26", "elapsed": 2432.990665, "delta": 0.003764}}
{"target": -12.345803186124034, "params": {"colsample_bytree": 0.8428782948291342, "eta": 0.03379386666037771, "gamma": 679.0333436739111, "max_depth": 8.0, "min_child_weight": 4296.622881961824, "num_boost_round": 15.0, "subsample": 0.16427577905251262}, "datetime": {"datetime": "2024-01-20 15:04:26", "elapsed": 2432.994513, "delta": 0.003848}}
{"target": -12.34560323058572, "params": {"colsample_bytree": 0.8428782948291342, "eta": 0.03379386666037771, "gamma": 679.0333436739111, "max_depth": 8.0, "min_child_weight": 4296.622881961824, "num_boost_round": 16.0, "subsample": 0.16427577905251262}, "datetime": {"datetime": "2024-01-20 15:04:26", "elapsed": 2432.998336, "delta": 0.003823}}
{"target": -12.345155133065019, "params": {"colsample_bytree": 0.8428782948291342, "eta": 0.03379386666037771, "gamma": 679.0333436739111, "max_depth": 8.0, "min_child_weight": 4296.622881961824, "num_boost_round": 17.0, "subsample": 0.16427577905251262}, "datetime": {"datetime": "2024-01-20 15:04:26", "elapsed": 2433.002117, "delta": 0.003781}}
{"target": -12.34491282696914, "params": {"colsample_bytree": 0.8428782948291342, "eta": 0.03379386666037771, "gamma": 679.0333436739111, "max_depth": 8.0, "min_child_weight": 4296.622881961824, "num_boost_round": 18.0, "subsample": 0.16427577905251262}, "datetime": {"datetime": "2024-01-20 15:04:26", "elapsed": 2433.005904, "delta": 0.003787}}
{"target": -12.344768244150798, "params": {"colsample_bytree": 0.8428782948291342, "eta": 0.03379386666037771, "gamma": 679.0333436739111, "max_depth": 8.0, "min_child_weight": 4296.622881961824, "num_boost_round": 19.0, "subsample": 0.16427577905251262}, "datetime": {"datetime": "2024-01-20 15:04:26", "elapsed": 2433.009659, "delta": 0.003755}}
{"target": -12.344595545238263, "params": {"colsample_bytree": 0.8428782948291342, "eta": 0.03379386666037771, "gamma": 679.0333436739111, "max_depth": 8.0, "min_child_weight": 4296.622881961824, "num_boost_round": 20.0, "subsample": 0.16427577905251262}, "datetime": {"datetime": "2024-01-20 15:04:26", "elapsed": 2433.013375, "delta": 0.003716}}
{"target": -12.344254252895924, "params": {"colsample_bytree": 0.8428782948291342, "eta": 0.03379386666037771, "gamma": 679.0333436739111, "max_depth": 8.0, "min_child_weight": 4296.622881961824, "num_boost_round": 21.0, "subsample": 0.16427577905251262}, "datetime": {"datetime": "2024-01-20 15:04:26", "elapsed": 2433.017141, "delta": 0.003766}}
{"target": -12.344162656362032, "params": {"colsample_bytree": 0.8428782948291342, "eta": 0.03379386666037771, "gamma": 679.0333436739111, "max_depth": 8.0, "min_child_weight": 4296.622881961824, "num_boost_round": 22.0, "subsample": 0.16427577905251262}, "datetime": {"datetime": "2024-01-20 15:04:26", "elapsed": 2433.021054, "delta": 0.003913}}
{"target": -12.358622963515211, "params": {"colsample_bytree": 0.10634185339635877, "eta": 0.007193376247727477, "gamma": 564.7327881660354, "max_depth": 8.0, "min_child_weight": 4219.646340652563, "num_boost_round": 1.0, "subsample": 0.5509336033431237}, "datetime": {"datetime": "2024-01-20 15:05:16", "elapsed": 2482.933695, "delta": 49.912641}}
{"target": -12.358508301031453, "params": {"colsample_bytree": 0.10634185339635877, "eta": 0.007193376247727477, "gamma": 564.7327881660354, "max_depth": 8.0, "min_child_weight": 4219.646340652563, "num_boost_round": 2.0, "subsample": 0.5509336033431237}, "datetime": {"datetime": "2024-01-20 15:05:16", "elapsed": 2482.939164, "delta": 0.005469}}
{"target": -12.358502639438314, "params": {"colsample_bytree": 0.10634185339635877, "eta": 0.007193376247727477, "gamma": 564.7327881660354, "max_depth": 8.0, "min_child_weight": 4219.646340652563, "num_boost_round": 3.0, "subsample": 0.5509336033431237}, "datetime": {"datetime": "2024-01-20 15:05:16", "elapsed": 2482.943138, "delta": 0.003974}}
{"target": -12.35849695794378, "params": {"colsample_bytree": 0.10634185339635877, "eta": 0.007193376247727477, "gamma": 564.7327881660354, "max_depth": 8.0, "min_child_weight": 4219.646340652563, "num_boost_round": 4.0, "subsample": 0.5509336033431237}, "datetime": {"datetime": "2024-01-20 15:05:16", "elapsed": 2482.946751, "delta": 0.003613}}
{"target": -12.358495542800005, "params": {"colsample_bytree": 0.10634185339635877, "eta": 0.007193376247727477, "gamma": 564.7327881660354, "max_depth": 8.0, "min_child_weight": 4219.646340652563, "num_boost_round": 5.0, "subsample": 0.5509336033431237}, "datetime": {"datetime": "2024-01-20 15:05:16", "elapsed": 2482.950342, "delta": 0.003591}}
{"target": -12.35849980902274, "params": {"colsample_bytree": 0.10634185339635877, "eta": 0.007193376247727477, "gamma": 564.7327881660354, "max_depth": 8.0, "min_child_weight": 4219.646340652563, "num_boost_round": 6.0, "subsample": 0.5509336033431237}, "datetime": {"datetime": "2024-01-20 15:05:16", "elapsed": 2482.953892, "delta": 0.00355}}
{"target": -12.35850642262097, "params": {"colsample_bytree": 0.10634185339635877, "eta": 0.007193376247727477, "gamma": 564.7327881660354, "max_depth": 8.0, "min_child_weight": 4219.646340652563, "num_boost_round": 7.0, "subsample": 0.5509336033431237}, "datetime": {"datetime": "2024-01-20 15:05:16", "elapsed": 2482.957439, "delta": 0.003547}}
{"target": -12.35829918488709, "params": {"colsample_bytree": 0.10634185339635877, "eta": 0.007193376247727477, "gamma": 564.7327881660354, "max_depth": 8.0, "min_child_weight": 4219.646340652563, "num_boost_round": 8.0, "subsample": 0.5509336033431237}, "datetime": {"datetime": "2024-01-20 15:05:16", "elapsed": 2482.96113, "delta": 0.003691}}
{"target": -12.358302377279628, "params": {"colsample_bytree": 0.10634185339635877, "eta": 0.007193376247727477, "gamma": 564.7327881660354, "max_depth": 8.0, "min_child_weight": 4219.646340652563, "num_boost_round": 9.0, "subsample": 0.5509336033431237}, "datetime": {"datetime": "2024-01-20 15:05:16", "elapsed": 2482.964741, "delta": 0.003611}}
{"target": -12.358315184598128, "params": {"colsample_bytree": 0.10634185339635877, "eta": 0.007193376247727477, "gamma": 564.7327881660354, "max_depth": 8.0, "min_child_weight": 4219.646340652563, "num_boost_round": 10.0, "subsample": 0.5509336033431237}, "datetime": {"datetime": "2024-01-20 15:05:16", "elapsed": 2482.968266, "delta": 0.003525}}
{"target": -12.358109326470128, "params": {"colsample_bytree": 0.10634185339635877, "eta": 0.007193376247727477, "gamma": 564.7327881660354, "max_depth": 8.0, "min_child_weight": 4219.646340652563, "num_boost_round": 11.0, "subsample": 0.5509336033431237}, "datetime": {"datetime": "2024-01-20 15:05:16", "elapsed": 2482.971725, "delta": 0.003459}}
{"target": -12.358100339842679, "params": {"colsample_bytree": 0.10634185339635877, "eta": 0.007193376247727477, "gamma": 564.7327881660354, "max_depth": 8.0, "min_child_weight": 4219.646340652563, "num_boost_round": 12.0, "subsample": 0.5509336033431237}, "datetime": {"datetime": "2024-01-20 15:05:16", "elapsed": 2482.975166, "delta": 0.003441}}
{"target": -12.358093665180572, "params": {"colsample_bytree": 0.10634185339635877, "eta": 0.007193376247727477, "gamma": 564.7327881660354, "max_depth": 8.0, "min_child_weight": 4219.646340652563, "num_boost_round": 13.0, "subsample": 0.5509336033431237}, "datetime": {"datetime": "2024-01-20 15:05:16", "elapsed": 2482.978764, "delta": 0.003598}}
{"target": -12.35808883117722, "params": {"colsample_bytree": 0.10634185339635877, "eta": 0.007193376247727477, "gamma": 564.7327881660354, "max_depth": 8.0, "min_child_weight": 4219.646340652563, "num_boost_round": 14.0, "subsample": 0.5509336033431237}, "datetime": {"datetime": "2024-01-20 15:05:16", "elapsed": 2482.982368, "delta": 0.003604}}
{"target": -12.357917164786992, "params": {"colsample_bytree": 0.10634185339635877, "eta": 0.007193376247727477, "gamma": 564.7327881660354, "max_depth": 8.0, "min_child_weight": 4219.646340652563, "num_boost_round": 15.0, "subsample": 0.5509336033431237}, "datetime": {"datetime": "2024-01-20 15:05:16", "elapsed": 2482.985929, "delta": 0.003561}}
