{"target": -19.142999125321545, "params": {"colsample_bytree": 0.470634755811124, "eta": 0.09037026283262824, "gamma": 137.8164883104288, "max_depth": 2.0, "min_child_weight": 4490.3993343285165, "num_boost_round": 14.0, "subsample": 0.4766040548908518}, "datetime": {"datetime": "2024-01-20 15:12:15", "elapsed": 2903.354452, "delta": 0.002931}}
{"target": -19.142946832940815, "params": {"colsample_bytree": 0.22303929203820602, "eta": 0.040535653898467715, "gamma": 176.04019948242245, "max_depth": 6.0, "min_child_weight": 4465.1083186400465, "num_boost_round": 1.0, "subsample": 0.6725335798066532}, "datetime": {"datetime": "2024-01-20 15:12:58", "elapsed": 2946.41075, "delta": 43.056298}}
{"target": -19.14267055603003, "params": {"colsample_bytree": 0.22303929203820602, "eta": 0.040535653898467715, "gamma": 176.04019948242245, "max_depth": 6.0, "min_child_weight": 4465.1083186400465, "num_boost_round": 2.0, "subsample": 0.6725335798066532}, "datetime": {"datetime": "2024-01-20 15:12:58", "elapsed": 2946.415347, "delta": 0.004597}}
{"target": -19.142774713295665, "params": {"colsample_bytree": 0.22303929203820602, "eta": 0.040535653898467715, "gamma": 176.04019948242245, "max_depth": 6.0, "min_child_weight": 4465.1083186400465, "num_boost_round": 3.0, "subsample": 0.6725335798066532}, "datetime": {"datetime": "2024-01-20 15:12:58", "elapsed": 2946.444984, "delta": 0.029637}}
{"target": -19.14236925607357, "params": {"colsample_bytree": 0.22303929203820602, "eta": 0.040535653898467715, "gamma": 176.04019948242245, "max_depth": 6.0, "min_child_weight": 4465.1083186400465, "num_boost_round": 4.0, "subsample": 0.6725335798066532}, "datetime": {"datetime": "2024-01-20 15:12:58", "elapsed": 2946.448088, "delta": 0.003104}}
{"target": -19.14243269882259, "params": {"colsample_bytree": 0.22303929203820602, "eta": 0.040535653898467715, "gamma": 176.04019948242245, "max_depth": 6.0, "min_child_weight": 4465.1083186400465, "num_boost_round": 5.0, "subsample": 0.6725335798066532}, "datetime": {"datetime": "2024-01-20 15:12:58", "elapsed": 2946.451036, "delta": 0.002948}}
{"target": -19.142321040568127, "params": {"colsample_bytree": 0.22303929203820602, "eta": 0.040535653898467715, "gamma": 176.04019948242245, "max_depth": 6.0, "min_child_weight": 4465.1083186400465, "num_boost_round": 6.0, "subsample": 0.6725335798066532}, "datetime": {"datetime": "2024-01-20 15:12:58", "elapsed": 2946.454, "delta": 0.002964}}
{"target": -19.142554662719295, "params": {"colsample_bytree": 0.22303929203820602, "eta": 0.040535653898467715, "gamma": 176.04019948242245, "max_depth": 6.0, "min_child_weight": 4465.1083186400465, "num_boost_round": 7.0, "subsample": 0.6725335798066532}, "datetime": {"datetime": "2024-01-20 15:12:58", "elapsed": 2946.456976, "delta": 0.002976}}
{"target": -19.142195329880586, "params": {"colsample_bytree": 0.22303929203820602, "eta": 0.040535653898467715, "gamma": 176.04019948242245, "max_depth": 6.0, "min_child_weight": 4465.1083186400465, "num_boost_round": 8.0, "subsample": 0.6725335798066532}, "datetime": {"datetime": "2024-01-20 15:12:58", "elapsed": 2946.459947, "delta": 0.002971}}
{"target": -19.14220678376276, "params": {"colsample_bytree": 0.22303929203820602, "eta": 0.040535653898467715, "gamma": 176.04019948242245, "max_depth": 6.0, "min_child_weight": 4465.1083186400465, "num_boost_round": 9.0, "subsample": 0.6725335798066532}, "datetime": {"datetime": "2024-01-20 15:12:58", "elapsed": 2946.462938, "delta": 0.002991}}
{"target": -19.142283408310675, "params": {"colsample_bytree": 0.22303929203820602, "eta": 0.040535653898467715, "gamma": 176.04019948242245, "max_depth": 6.0, "min_child_weight": 4465.1083186400465, "num_boost_round": 10.0, "subsample": 0.6725335798066532}, "datetime": {"datetime": "2024-01-20 15:12:58", "elapsed": 2946.466028, "delta": 0.00309}}
{"target": -19.142061905141198, "params": {"colsample_bytree": 0.22303929203820602, "eta": 0.040535653898467715, "gamma": 176.04019948242245, "max_depth": 6.0, "min_child_weight": 4465.1083186400465, "num_boost_round": 11.0, "subsample": 0.6725335798066532}, "datetime": {"datetime": "2024-01-20 15:12:58", "elapsed": 2946.469107, "delta": 0.003079}}
{"target": -19.142310957006856, "params": {"colsample_bytree": 0.22303929203820602, "eta": 0.040535653898467715, "gamma": 176.04019948242245, "max_depth": 6.0, "min_child_weight": 4465.1083186400465, "num_boost_round": 12.0, "subsample": 0.6725335798066532}, "datetime": {"datetime": "2024-01-20 15:12:58", "elapsed": 2946.766026, "delta": 0.296919}}
{"target": -19.14241322523168, "params": {"colsample_bytree": 0.22303929203820602, "eta": 0.040535653898467715, "gamma": 176.04019948242245, "max_depth": 6.0, "min_child_weight": 4465.1083186400465, "num_boost_round": 13.0, "subsample": 0.6725335798066532}, "datetime": {"datetime": "2024-01-20 15:12:58", "elapsed": 2946.769774, "delta": 0.003748}}
{"target": -19.142320101691624, "params": {"colsample_bytree": 0.22303929203820602, "eta": 0.040535653898467715, "gamma": 176.04019948242245, "max_depth": 6.0, "min_child_weight": 4465.1083186400465, "num_boost_round": 14.0, "subsample": 0.6725335798066532}, "datetime": {"datetime": "2024-01-20 15:12:58", "elapsed": 2946.773482, "delta": 0.003708}}
{"target": -19.142710894466866, "params": {"colsample_bytree": 0.22303929203820602, "eta": 0.040535653898467715, "gamma": 176.04019948242245, "max_depth": 6.0, "min_child_weight": 4465.1083186400465, "num_boost_round": 15.0, "subsample": 0.6725335798066532}, "datetime": {"datetime": "2024-01-20 15:12:58", "elapsed": 2946.776693, "delta": 0.003211}}
{"target": -19.14269010233074, "params": {"colsample_bytree": 0.22303929203820602, "eta": 0.040535653898467715, "gamma": 176.04019948242245, "max_depth": 6.0, "min_child_weight": 4465.1083186400465, "num_boost_round": 16.0, "subsample": 0.6725335798066532}, "datetime": {"datetime": "2024-01-20 15:12:58", "elapsed": 2946.779817, "delta": 0.003124}}
{"target": -19.142806941503014, "params": {"colsample_bytree": 0.22303929203820602, "eta": 0.040535653898467715, "gamma": 176.04019948242245, "max_depth": 6.0, "min_child_weight": 4465.1083186400465, "num_boost_round": 17.0, "subsample": 0.6725335798066532}, "datetime": {"datetime": "2024-01-20 15:12:58", "elapsed": 2946.782967, "delta": 0.00315}}
{"target": -19.142887213180742, "params": {"colsample_bytree": 0.22303929203820602, "eta": 0.040535653898467715, "gamma": 176.04019948242245, "max_depth": 6.0, "min_child_weight": 4465.1083186400465, "num_boost_round": 18.0, "subsample": 0.6725335798066532}, "datetime": {"datetime": "2024-01-20 15:12:58", "elapsed": 2946.786168, "delta": 0.003201}}
{"target": -19.143213549073195, "params": {"colsample_bytree": 0.22303929203820602, "eta": 0.040535653898467715, "gamma": 176.04019948242245, "max_depth": 6.0, "min_child_weight": 4465.1083186400465, "num_boost_round": 19.0, "subsample": 0.6725335798066532}, "datetime": {"datetime": "2024-01-20 15:12:58", "elapsed": 2946.789155, "delta": 0.002987}}
{"target": -19.143407307495867, "params": {"colsample_bytree": 0.22303929203820602, "eta": 0.040535653898467715, "gamma": 176.04019948242245, "max_depth": 6.0, "min_child_weight": 4465.1083186400465, "num_boost_round": 20.0, "subsample": 0.6725335798066532}, "datetime": {"datetime": "2024-01-20 15:12:58", "elapsed": 2946.792719, "delta": 0.003564}}
{"target": -19.143420614116778, "params": {"colsample_bytree": 0.22303929203820602, "eta": 0.040535653898467715, "gamma": 176.04019948242245, "max_depth": 6.0, "min_child_weight": 4465.1083186400465, "num_boost_round": 21.0, "subsample": 0.6725335798066532}, "datetime": {"datetime": "2024-01-20 15:12:58", "elapsed": 2946.795775, "delta": 0.003056}}
{"target": -19.14374912308802, "params": {"colsample_bytree": 0.22303929203820602, "eta": 0.040535653898467715, "gamma": 176.04019948242245, "max_depth": 6.0, "min_child_weight": 4465.1083186400465, "num_boost_round": 22.0, "subsample": 0.6725335798066532}, "datetime": {"datetime": "2024-01-20 15:12:58", "elapsed": 2946.798903, "delta": 0.003128}}
{"target": -19.14368244695609, "params": {"colsample_bytree": 0.22303929203820602, "eta": 0.040535653898467715, "gamma": 176.04019948242245, "max_depth": 6.0, "min_child_weight": 4465.1083186400465, "num_boost_round": 23.0, "subsample": 0.6725335798066532}, "datetime": {"datetime": "2024-01-20 15:12:58", "elapsed": 2946.801958, "delta": 0.003055}}
{"target": -19.14376814197943, "params": {"colsample_bytree": 0.22303929203820602, "eta": 0.040535653898467715, "gamma": 176.04019948242245, "max_depth": 6.0, "min_child_weight": 4465.1083186400465, "num_boost_round": 24.0, "subsample": 0.6725335798066532}, "datetime": {"datetime": "2024-01-20 15:12:58", "elapsed": 2946.805096, "delta": 0.003138}}
{"target": -19.143939048956614, "params": {"colsample_bytree": 0.22303929203820602, "eta": 0.040535653898467715, "gamma": 176.04019948242245, "max_depth": 6.0, "min_child_weight": 4465.1083186400465, "num_boost_round": 25.0, "subsample": 0.6725335798066532}, "datetime": {"datetime": "2024-01-20 15:12:58", "elapsed": 2946.808173, "delta": 0.003077}}
{"target": -19.14436261285483, "params": {"colsample_bytree": 0.22303929203820602, "eta": 0.040535653898467715, "gamma": 176.04019948242245, "max_depth": 6.0, "min_child_weight": 4465.1083186400465, "num_boost_round": 26.0, "subsample": 0.6725335798066532}, "datetime": {"datetime": "2024-01-20 15:12:58", "elapsed": 2946.811308, "delta": 0.003135}}
{"target": -19.142868911299928, "params": {"colsample_bytree": 0.6831187802155576, "eta": 0.03737416720061297, "gamma": 154.8563950731756, "max_depth": 8.0, "min_child_weight": 4557.667186488181, "num_boost_round": 1.0, "subsample": 0.10274897192401539}, "datetime": {"datetime": "2024-01-20 15:13:44", "elapsed": 2992.272094, "delta": 45.460786}}
{"target": -19.142219516676782, "params": {"colsample_bytree": 0.6831187802155576, "eta": 0.03737416720061297, "gamma": 154.8563950731756, "max_depth": 8.0, "min_child_weight": 4557.667186488181, "num_boost_round": 2.0, "subsample": 0.10274897192401539}, "datetime": {"datetime": "2024-01-20 15:13:44", "elapsed": 2992.276719, "delta": 0.004625}}
{"target": -19.14191392646775, "params": {"colsample_bytree": 0.6831187802155576, "eta": 0.03737416720061297, "gamma": 154.8563950731756, "max_depth": 8.0, "min_child_weight": 4557.667186488181, "num_boost_round": 3.0, "subsample": 0.10274897192401539}, "datetime": {"datetime": "2024-01-20 15:13:44", "elapsed": 2992.279834, "delta": 0.003115}}
{"target": -19.141474969625605, "params": {"colsample_bytree": 0.6831187802155576, "eta": 0.03737416720061297, "gamma": 154.8563950731756, "max_depth": 8.0, "min_child_weight": 4557.667186488181, "num_boost_round": 4.0, "subsample": 0.10274897192401539}, "datetime": {"datetime": "2024-01-20 15:13:44", "elapsed": 2992.28301, "delta": 0.003176}}
{"target": -19.141198837020145, "params": {"colsample_bytree": 0.6831187802155576, "eta": 0.03737416720061297, "gamma": 154.8563950731756, "max_depth": 8.0, "min_child_weight": 4557.667186488181, "num_boost_round": 5.0, "subsample": 0.10274897192401539}, "datetime": {"datetime": "2024-01-20 15:13:44", "elapsed": 2992.28619, "delta": 0.00318}}
{"target": -19.140710608350368, "params": {"colsample_bytree": 0.6831187802155576, "eta": 0.03737416720061297, "gamma": 154.8563950731756, "max_depth": 8.0, "min_child_weight": 4557.667186488181, "num_boost_round": 6.0, "subsample": 0.10274897192401539}, "datetime": {"datetime": "2024-01-20 15:13:44", "elapsed": 2992.289282, "delta": 0.003092}}
{"target": -19.140195295761004, "params": {"colsample_bytree": 0.6831187802155576, "eta": 0.03737416720061297, "gamma": 154.8563950731756, "max_depth": 8.0, "min_child_weight": 4557.667186488181, "num_boost_round": 7.0, "subsample": 0.10274897192401539}, "datetime": {"datetime": "2024-01-20 15:13:44", "elapsed": 2992.292805, "delta": 0.003523}}
{"target": -19.140052642434316, "params": {"colsample_bytree": 0.6831187802155576, "eta": 0.03737416720061297, "gamma": 154.8563950731756, "max_depth": 8.0, "min_child_weight": 4557.667186488181, "num_boost_round": 8.0, "subsample": 0.10274897192401539}, "datetime": {"datetime": "2024-01-20 15:13:44", "elapsed": 2992.295957, "delta": 0.003152}}
{"target": -19.13973225962691, "params": {"colsample_bytree": 0.6831187802155576, "eta": 0.03737416720061297, "gamma": 154.8563950731756, "max_depth": 8.0, "min_child_weight": 4557.667186488181, "num_boost_round": 9.0, "subsample": 0.10274897192401539}, "datetime": {"datetime": "2024-01-20 15:13:44", "elapsed": 2992.299023, "delta": 0.003066}}
{"target": -19.13973116710959, "params": {"colsample_bytree": 0.6831187802155576, "eta": 0.03737416720061297, "gamma": 154.8563950731756, "max_depth": 8.0, "min_child_weight": 4557.667186488181, "num_boost_round": 10.0, "subsample": 0.10274897192401539}, "datetime": {"datetime": "2024-01-20 15:13:44", "elapsed": 2992.302173, "delta": 0.00315}}
{"target": -19.13978249864551, "params": {"colsample_bytree": 0.6831187802155576, "eta": 0.03737416720061297, "gamma": 154.8563950731756, "max_depth": 8.0, "min_child_weight": 4557.667186488181, "num_boost_round": 11.0, "subsample": 0.10274897192401539}, "datetime": {"datetime": "2024-01-20 15:13:44", "elapsed": 2992.305248, "delta": 0.003075}}
{"target": -19.1398476203042, "params": {"colsample_bytree": 0.6831187802155576, "eta": 0.03737416720061297, "gamma": 154.8563950731756, "max_depth": 8.0, "min_child_weight": 4557.667186488181, "num_boost_round": 12.0, "subsample": 0.10274897192401539}, "datetime": {"datetime": "2024-01-20 15:13:44", "elapsed": 2992.308394, "delta": 0.003146}}
{"target": -19.139734629185217, "params": {"colsample_bytree": 0.6831187802155576, "eta": 0.03737416720061297, "gamma": 154.8563950731756, "max_depth": 8.0, "min_child_weight": 4557.667186488181, "num_boost_round": 13.0, "subsample": 0.10274897192401539}, "datetime": {"datetime": "2024-01-20 15:13:44", "elapsed": 2992.31145, "delta": 0.003056}}
{"target": -19.139764583516314, "params": {"colsample_bytree": 0.6831187802155576, "eta": 0.03737416720061297, "gamma": 154.8563950731756, "max_depth": 8.0, "min_child_weight": 4557.667186488181, "num_boost_round": 14.0, "subsample": 0.10274897192401539}, "datetime": {"datetime": "2024-01-20 15:13:44", "elapsed": 2992.314488, "delta": 0.003038}}
{"target": -19.13964541330776, "params": {"colsample_bytree": 0.6831187802155576, "eta": 0.03737416720061297, "gamma": 154.8563950731756, "max_depth": 8.0, "min_child_weight": 4557.667186488181, "num_boost_round": 15.0, "subsample": 0.10274897192401539}, "datetime": {"datetime": "2024-01-20 15:13:44", "elapsed": 2992.317679, "delta": 0.003191}}
{"target": -19.143174911379916, "params": {"colsample_bytree": 0.8403873800259962, "eta": 0.02420563045770994, "gamma": 207.4760490429378, "max_depth": 6.0, "min_child_weight": 4594.427429528924, "num_boost_round": 1.0, "subsample": 0.7657750378922217}, "datetime": {"datetime": "2024-01-20 15:14:27", "elapsed": 3035.85518, "delta": 43.537501}}
{"target": -19.143196699777242, "params": {"colsample_bytree": 0.8403873800259962, "eta": 0.02420563045770994, "gamma": 207.4760490429378, "max_depth": 6.0, "min_child_weight": 4594.427429528924, "num_boost_round": 2.0, "subsample": 0.7657750378922217}, "datetime": {"datetime": "2024-01-20 15:14:27", "elapsed": 3035.859664, "delta": 0.004484}}
{"target": -19.143326707190408, "params": {"colsample_bytree": 0.8403873800259962, "eta": 0.02420563045770994, "gamma": 207.4760490429378, "max_depth": 6.0, "min_child_weight": 4594.427429528924, "num_boost_round": 3.0, "subsample": 0.7657750378922217}, "datetime": {"datetime": "2024-01-20 15:14:27", "elapsed": 3035.862759, "delta": 0.003095}}
{"target": -19.14330124835579, "params": {"colsample_bytree": 0.8403873800259962, "eta": 0.02420563045770994, "gamma": 207.4760490429378, "max_depth": 6.0, "min_child_weight": 4594.427429528924, "num_boost_round": 4.0, "subsample": 0.7657750378922217}, "datetime": {"datetime": "2024-01-20 15:14:27", "elapsed": 3035.865964, "delta": 0.003205}}
{"target": -19.143430431996663, "params": {"colsample_bytree": 0.8403873800259962, "eta": 0.02420563045770994, "gamma": 207.4760490429378, "max_depth": 6.0, "min_child_weight": 4594.427429528924, "num_boost_round": 5.0, "subsample": 0.7657750378922217}, "datetime": {"datetime": "2024-01-20 15:14:27", "elapsed": 3035.869013, "delta": 0.003049}}
{"target": -19.14353687666089, "params": {"colsample_bytree": 0.8403873800259962, "eta": 0.02420563045770994, "gamma": 207.4760490429378, "max_depth": 6.0, "min_child_weight": 4594.427429528924, "num_boost_round": 6.0, "subsample": 0.7657750378922217}, "datetime": {"datetime": "2024-01-20 15:14:27", "elapsed": 3035.872142, "delta": 0.003129}}
{"target": -19.14368004649686, "params": {"colsample_bytree": 0.8403873800259962, "eta": 0.02420563045770994, "gamma": 207.4760490429378, "max_depth": 6.0, "min_child_weight": 4594.427429528924, "num_boost_round": 7.0, "subsample": 0.7657750378922217}, "datetime": {"datetime": "2024-01-20 15:14:27", "elapsed": 3035.875095, "delta": 0.002953}}
{"target": -19.143982222517877, "params": {"colsample_bytree": 0.8403873800259962, "eta": 0.02420563045770994, "gamma": 207.4760490429378, "max_depth": 6.0, "min_child_weight": 4594.427429528924, "num_boost_round": 8.0, "subsample": 0.7657750378922217}, "datetime": {"datetime": "2024-01-20 15:14:27", "elapsed": 3035.878125, "delta": 0.00303}}
{"target": -19.144329873869793, "params": {"colsample_bytree": 0.8403873800259962, "eta": 0.02420563045770994, "gamma": 207.4760490429378, "max_depth": 6.0, "min_child_weight": 4594.427429528924, "num_boost_round": 9.0, "subsample": 0.7657750378922217}, "datetime": {"datetime": "2024-01-20 15:14:27", "elapsed": 3035.88108, "delta": 0.002955}}
{"target": -19.144541759415187, "params": {"colsample_bytree": 0.8403873800259962, "eta": 0.02420563045770994, "gamma": 207.4760490429378, "max_depth": 6.0, "min_child_weight": 4594.427429528924, "num_boost_round": 10.0, "subsample": 0.7657750378922217}, "datetime": {"datetime": "2024-01-20 15:14:27", "elapsed": 3035.884123, "delta": 0.003043}}
{"target": -19.144708799421423, "params": {"colsample_bytree": 0.8403873800259962, "eta": 0.02420563045770994, "gamma": 207.4760490429378, "max_depth": 6.0, "min_child_weight": 4594.427429528924, "num_boost_round": 11.0, "subsample": 0.7657750378922217}, "datetime": {"datetime": "2024-01-20 15:14:27", "elapsed": 3035.887087, "delta": 0.002964}}
{"target": -19.144759655089324, "params": {"colsample_bytree": 0.8403873800259962, "eta": 0.02420563045770994, "gamma": 207.4760490429378, "max_depth": 6.0, "min_child_weight": 4594.427429528924, "num_boost_round": 12.0, "subsample": 0.7657750378922217}, "datetime": {"datetime": "2024-01-20 15:14:27", "elapsed": 3035.890175, "delta": 0.003088}}
{"target": -19.14500507092682, "params": {"colsample_bytree": 0.8403873800259962, "eta": 0.02420563045770994, "gamma": 207.4760490429378, "max_depth": 6.0, "min_child_weight": 4594.427429528924, "num_boost_round": 13.0, "subsample": 0.7657750378922217}, "datetime": {"datetime": "2024-01-20 15:14:27", "elapsed": 3035.893382, "delta": 0.003207}}
{"target": -19.145405776764786, "params": {"colsample_bytree": 0.8403873800259962, "eta": 0.02420563045770994, "gamma": 207.4760490429378, "max_depth": 6.0, "min_child_weight": 4594.427429528924, "num_boost_round": 14.0, "subsample": 0.7657750378922217}, "datetime": {"datetime": "2024-01-20 15:14:27", "elapsed": 3035.896479, "delta": 0.003097}}
{"target": -19.14558379403949, "params": {"colsample_bytree": 0.8403873800259962, "eta": 0.02420563045770994, "gamma": 207.4760490429378, "max_depth": 6.0, "min_child_weight": 4594.427429528924, "num_boost_round": 15.0, "subsample": 0.7657750378922217}, "datetime": {"datetime": "2024-01-20 15:14:27", "elapsed": 3035.899433, "delta": 0.002954}}
{"target": -19.14571733973913, "params": {"colsample_bytree": 0.8403873800259962, "eta": 0.02420563045770994, "gamma": 207.4760490429378, "max_depth": 6.0, "min_child_weight": 4594.427429528924, "num_boost_round": 16.0, "subsample": 0.7657750378922217}, "datetime": {"datetime": "2024-01-20 15:14:27", "elapsed": 3035.902519, "delta": 0.003086}}
{"target": -19.145833643622076, "params": {"colsample_bytree": 0.8403873800259962, "eta": 0.02420563045770994, "gamma": 207.4760490429378, "max_depth": 6.0, "min_child_weight": 4594.427429528924, "num_boost_round": 17.0, "subsample": 0.7657750378922217}, "datetime": {"datetime": "2024-01-20 15:14:27", "elapsed": 3035.9055, "delta": 0.002981}}
{"target": -19.14595458977106, "params": {"colsample_bytree": 0.8403873800259962, "eta": 0.02420563045770994, "gamma": 207.4760490429378, "max_depth": 6.0, "min_child_weight": 4594.427429528924, "num_boost_round": 18.0, "subsample": 0.7657750378922217}, "datetime": {"datetime": "2024-01-20 15:14:27", "elapsed": 3035.908577, "delta": 0.003077}}
{"target": -19.14621866154308, "params": {"colsample_bytree": 0.8403873800259962, "eta": 0.02420563045770994, "gamma": 207.4760490429378, "max_depth": 6.0, "min_child_weight": 4594.427429528924, "num_boost_round": 19.0, "subsample": 0.7657750378922217}, "datetime": {"datetime": "2024-01-20 15:14:27", "elapsed": 3035.911568, "delta": 0.002991}}
{"target": -19.146423184949878, "params": {"colsample_bytree": 0.8403873800259962, "eta": 0.02420563045770994, "gamma": 207.4760490429378, "max_depth": 6.0, "min_child_weight": 4594.427429528924, "num_boost_round": 20.0, "subsample": 0.7657750378922217}, "datetime": {"datetime": "2024-01-20 15:14:27", "elapsed": 3035.914655, "delta": 0.003087}}
{"target": -19.14666795652405, "params": {"colsample_bytree": 0.8403873800259962, "eta": 0.02420563045770994, "gamma": 207.4760490429378, "max_depth": 6.0, "min_child_weight": 4594.427429528924, "num_boost_round": 21.0, "subsample": 0.7657750378922217}, "datetime": {"datetime": "2024-01-20 15:14:27", "elapsed": 3035.917658, "delta": 0.003003}}
