{"target": -15.160096058046523, "params": {"colsample_bytree": 0.38158068366691766, "eta": 0.08663891528736445, "gamma": 559.7075331714876, "max_depth": 7.0, "min_child_weight": 4207.94030864073, "num_boost_round": 25.0, "subsample": 0.8816714036129735}, "datetime": {"datetime": "2024-01-20 15:22:15", "elapsed": 3493.375415, "delta": 0.004165}}
{"target": -15.16000131513025, "params": {"colsample_bytree": 0.38158068366691766, "eta": 0.08663891528736445, "gamma": 559.7075331714876, "max_depth": 7.0, "min_child_weight": 4207.94030864073, "num_boost_round": 26.0, "subsample": 0.8816714036129735}, "datetime": {"datetime": "2024-01-20 15:22:15", "elapsed": 3493.379806, "delta": 0.004391}}
{"target": -15.15987332293545, "params": {"colsample_bytree": 0.38158068366691766, "eta": 0.08663891528736445, "gamma": 559.7075331714876, "max_depth": 7.0, "min_child_weight": 4207.94030864073, "num_boost_round": 27.0, "subsample": 0.8816714036129735}, "datetime": {"datetime": "2024-01-20 15:22:15", "elapsed": 3493.383947, "delta": 0.004141}}
{"target": -15.160142088756487, "params": {"colsample_bytree": 0.38158068366691766, "eta": 0.08663891528736445, "gamma": 559.7075331714876, "max_depth": 7.0, "min_child_weight": 4207.94030864073, "num_boost_round": 28.0, "subsample": 0.8816714036129735}, "datetime": {"datetime": "2024-01-20 15:22:15", "elapsed": 3493.38812, "delta": 0.004173}}
{"target": -15.15938732214764, "params": {"colsample_bytree": 0.38158068366691766, "eta": 0.08663891528736445, "gamma": 559.7075331714876, "max_depth": 7.0, "min_child_weight": 4207.94030864073, "num_boost_round": 29.0, "subsample": 0.8816714036129735}, "datetime": {"datetime": "2024-01-20 15:22:15", "elapsed": 3493.392281, "delta": 0.004161}}
{"target": -15.161079524830733, "params": {"colsample_bytree": 0.38158068366691766, "eta": 0.08663891528736445, "gamma": 559.7075331714876, "max_depth": 7.0, "min_child_weight": 4207.94030864073, "num_boost_round": 30.0, "subsample": 0.8816714036129735}, "datetime": {"datetime": "2024-01-20 15:22:15", "elapsed": 3493.396551, "delta": 0.00427}}
{"target": -15.16096435580262, "params": {"colsample_bytree": 0.38158068366691766, "eta": 0.08663891528736445, "gamma": 559.7075331714876, "max_depth": 7.0, "min_child_weight": 4207.94030864073, "num_boost_round": 31.0, "subsample": 0.8816714036129735}, "datetime": {"datetime": "2024-01-20 15:22:15", "elapsed": 3493.400686, "delta": 0.004135}}
{"target": -15.161354448067788, "params": {"colsample_bytree": 0.38158068366691766, "eta": 0.08663891528736445, "gamma": 559.7075331714876, "max_depth": 7.0, "min_child_weight": 4207.94030864073, "num_boost_round": 32.0, "subsample": 0.8816714036129735}, "datetime": {"datetime": "2024-01-20 15:22:15", "elapsed": 3493.404846, "delta": 0.00416}}
{"target": -15.161487583466002, "params": {"colsample_bytree": 0.38158068366691766, "eta": 0.08663891528736445, "gamma": 559.7075331714876, "max_depth": 7.0, "min_child_weight": 4207.94030864073, "num_boost_round": 33.0, "subsample": 0.8816714036129735}, "datetime": {"datetime": "2024-01-20 15:22:15", "elapsed": 3493.409011, "delta": 0.004165}}
{"target": -15.162284338224634, "params": {"colsample_bytree": 0.38158068366691766, "eta": 0.08663891528736445, "gamma": 559.7075331714876, "max_depth": 7.0, "min_child_weight": 4207.94030864073, "num_boost_round": 34.0, "subsample": 0.8816714036129735}, "datetime": {"datetime": "2024-01-20 15:22:15", "elapsed": 3493.413295, "delta": 0.004284}}
{"target": -15.16259713569662, "params": {"colsample_bytree": 0.38158068366691766, "eta": 0.08663891528736445, "gamma": 559.7075331714876, "max_depth": 7.0, "min_child_weight": 4207.94030864073, "num_boost_round": 35.0, "subsample": 0.8816714036129735}, "datetime": {"datetime": "2024-01-20 15:22:15", "elapsed": 3493.41747, "delta": 0.004175}}
{"target": -15.163194895957712, "params": {"colsample_bytree": 0.38158068366691766, "eta": 0.08663891528736445, "gamma": 559.7075331714876, "max_depth": 7.0, "min_child_weight": 4207.94030864073, "num_boost_round": 36.0, "subsample": 0.8816714036129735}, "datetime": {"datetime": "2024-01-20 15:22:15", "elapsed": 3493.421643, "delta": 0.004173}}
{"target": -15.164457325426051, "params": {"colsample_bytree": 0.38158068366691766, "eta": 0.08663891528736445, "gamma": 559.7075331714876, "max_depth": 7.0, "min_child_weight": 4207.94030864073, "num_boost_round": 37.0, "subsample": 0.8816714036129735}, "datetime": {"datetime": "2024-01-20 15:22:15", "elapsed": 3493.425808, "delta": 0.004165}}
{"target": -15.164864325242696, "params": {"colsample_bytree": 0.38158068366691766, "eta": 0.08663891528736445, "gamma": 559.7075331714876, "max_depth": 7.0, "min_child_weight": 4207.94030864073, "num_boost_round": 38.0, "subsample": 0.8816714036129735}, "datetime": {"datetime": "2024-01-20 15:22:15", "elapsed": 3493.43012, "delta": 0.004312}}
{"target": -15.165374036311013, "params": {"colsample_bytree": 0.38158068366691766, "eta": 0.08663891528736445, "gamma": 559.7075331714876, "max_depth": 7.0, "min_child_weight": 4207.94030864073, "num_boost_round": 39.0, "subsample": 0.8816714036129735}, "datetime": {"datetime": "2024-01-20 15:22:15", "elapsed": 3493.434301, "delta": 0.004181}}
{"target": -15.16590280333715, "params": {"colsample_bytree": 0.38158068366691766, "eta": 0.08663891528736445, "gamma": 559.7075331714876, "max_depth": 7.0, "min_child_weight": 4207.94030864073, "num_boost_round": 40.0, "subsample": 0.8816714036129735}, "datetime": {"datetime": "2024-01-20 15:22:15", "elapsed": 3493.438454, "delta": 0.004153}}
{"target": -15.167548499569897, "params": {"colsample_bytree": 0.38158068366691766, "eta": 0.08663891528736445, "gamma": 559.7075331714876, "max_depth": 7.0, "min_child_weight": 4207.94030864073, "num_boost_round": 41.0, "subsample": 0.8816714036129735}, "datetime": {"datetime": "2024-01-20 15:22:16", "elapsed": 3493.442637, "delta": 0.004183}}
{"target": -15.167957320496384, "params": {"colsample_bytree": 0.38158068366691766, "eta": 0.08663891528736445, "gamma": 559.7075331714876, "max_depth": 7.0, "min_child_weight": 4207.94030864073, "num_boost_round": 42.0, "subsample": 0.8816714036129735}, "datetime": {"datetime": "2024-01-20 15:22:16", "elapsed": 3493.44692, "delta": 0.004283}}
{"target": -15.16771296959174, "params": {"colsample_bytree": 0.38158068366691766, "eta": 0.08663891528736445, "gamma": 559.7075331714876, "max_depth": 7.0, "min_child_weight": 4207.94030864073, "num_boost_round": 43.0, "subsample": 0.8816714036129735}, "datetime": {"datetime": "2024-01-20 15:22:16", "elapsed": 3493.451091, "delta": 0.004171}}
{"target": -15.167353566503262, "params": {"colsample_bytree": 0.38158068366691766, "eta": 0.08663891528736445, "gamma": 559.7075331714876, "max_depth": 7.0, "min_child_weight": 4207.94030864073, "num_boost_round": 44.0, "subsample": 0.8816714036129735}, "datetime": {"datetime": "2024-01-20 15:22:16", "elapsed": 3493.455266, "delta": 0.004175}}
{"target": -15.167621806844855, "params": {"colsample_bytree": 0.38158068366691766, "eta": 0.08663891528736445, "gamma": 559.7075331714876, "max_depth": 7.0, "min_child_weight": 4207.94030864073, "num_boost_round": 45.0, "subsample": 0.8816714036129735}, "datetime": {"datetime": "2024-01-20 15:22:16", "elapsed": 3493.460129, "delta": 0.004863}}
{"target": -15.168402955193736, "params": {"colsample_bytree": 0.38158068366691766, "eta": 0.08663891528736445, "gamma": 559.7075331714876, "max_depth": 7.0, "min_child_weight": 4207.94030864073, "num_boost_round": 46.0, "subsample": 0.8816714036129735}, "datetime": {"datetime": "2024-01-20 15:22:16", "elapsed": 3493.464559, "delta": 0.00443}}
{"target": -15.169482432217645, "params": {"colsample_bytree": 0.38158068366691766, "eta": 0.08663891528736445, "gamma": 559.7075331714876, "max_depth": 7.0, "min_child_weight": 4207.94030864073, "num_boost_round": 47.0, "subsample": 0.8816714036129735}, "datetime": {"datetime": "2024-01-20 15:22:16", "elapsed": 3493.468809, "delta": 0.00425}}
{"target": -15.169743069975402, "params": {"colsample_bytree": 0.38158068366691766, "eta": 0.08663891528736445, "gamma": 559.7075331714876, "max_depth": 7.0, "min_child_weight": 4207.94030864073, "num_boost_round": 48.0, "subsample": 0.8816714036129735}, "datetime": {"datetime": "2024-01-20 15:22:16", "elapsed": 3493.472939, "delta": 0.00413}}
{"target": -15.169864048125934, "params": {"colsample_bytree": 0.38158068366691766, "eta": 0.08663891528736445, "gamma": 559.7075331714876, "max_depth": 7.0, "min_child_weight": 4207.94030864073, "num_boost_round": 49.0, "subsample": 0.8816714036129735}, "datetime": {"datetime": "2024-01-20 15:22:16", "elapsed": 3493.477101, "delta": 0.004162}}
{"target": -15.169989311047443, "params": {"colsample_bytree": 0.38158068366691766, "eta": 0.08663891528736445, "gamma": 559.7075331714876, "max_depth": 7.0, "min_child_weight": 4207.94030864073, "num_boost_round": 50.0, "subsample": 0.8816714036129735}, "datetime": {"datetime": "2024-01-20 15:22:16", "elapsed": 3493.481359, "delta": 0.004258}}
{"target": -15.17074401673316, "params": {"colsample_bytree": 0.38158068366691766, "eta": 0.08663891528736445, "gamma": 559.7075331714876, "max_depth": 7.0, "min_child_weight": 4207.94030864073, "num_boost_round": 51.0, "subsample": 0.8816714036129735}, "datetime": {"datetime": "2024-01-20 15:22:16", "elapsed": 3493.48554, "delta": 0.004181}}
{"target": -15.171302435320932, "params": {"colsample_bytree": 0.38158068366691766, "eta": 0.08663891528736445, "gamma": 559.7075331714876, "max_depth": 7.0, "min_child_weight": 4207.94030864073, "num_boost_round": 52.0, "subsample": 0.8816714036129735}, "datetime": {"datetime": "2024-01-20 15:22:16", "elapsed": 3493.489796, "delta": 0.004256}}
{"target": -15.171832043593295, "params": {"colsample_bytree": 0.38158068366691766, "eta": 0.08663891528736445, "gamma": 559.7075331714876, "max_depth": 7.0, "min_child_weight": 4207.94030864073, "num_boost_round": 53.0, "subsample": 0.8816714036129735}, "datetime": {"datetime": "2024-01-20 15:22:16", "elapsed": 3493.494003, "delta": 0.004207}}
{"target": -15.172464673805733, "params": {"colsample_bytree": 0.38158068366691766, "eta": 0.08663891528736445, "gamma": 559.7075331714876, "max_depth": 7.0, "min_child_weight": 4207.94030864073, "num_boost_round": 54.0, "subsample": 0.8816714036129735}, "datetime": {"datetime": "2024-01-20 15:22:16", "elapsed": 3493.498334, "delta": 0.004331}}
{"target": -15.172555964292489, "params": {"colsample_bytree": 0.38158068366691766, "eta": 0.08663891528736445, "gamma": 559.7075331714876, "max_depth": 7.0, "min_child_weight": 4207.94030864073, "num_boost_round": 55.0, "subsample": 0.8816714036129735}, "datetime": {"datetime": "2024-01-20 15:22:16", "elapsed": 3493.502551, "delta": 0.004217}}
{"target": -15.17274737524234, "params": {"colsample_bytree": 0.38158068366691766, "eta": 0.08663891528736445, "gamma": 559.7075331714876, "max_depth": 7.0, "min_child_weight": 4207.94030864073, "num_boost_round": 56.0, "subsample": 0.8816714036129735}, "datetime": {"datetime": "2024-01-20 15:22:16", "elapsed": 3493.506762, "delta": 0.004211}}
{"target": -15.173426052801, "params": {"colsample_bytree": 0.38158068366691766, "eta": 0.08663891528736445, "gamma": 559.7075331714876, "max_depth": 7.0, "min_child_weight": 4207.94030864073, "num_boost_round": 57.0, "subsample": 0.8816714036129735}, "datetime": {"datetime": "2024-01-20 15:22:16", "elapsed": 3493.510964, "delta": 0.004202}}
{"target": -15.173387171275262, "params": {"colsample_bytree": 0.38158068366691766, "eta": 0.08663891528736445, "gamma": 559.7075331714876, "max_depth": 7.0, "min_child_weight": 4207.94030864073, "num_boost_round": 58.0, "subsample": 0.8816714036129735}, "datetime": {"datetime": "2024-01-20 15:22:16", "elapsed": 3493.515296, "delta": 0.004332}}
{"target": -15.173643689512426, "params": {"colsample_bytree": 0.38158068366691766, "eta": 0.08663891528736445, "gamma": 559.7075331714876, "max_depth": 7.0, "min_child_weight": 4207.94030864073, "num_boost_round": 59.0, "subsample": 0.8816714036129735}, "datetime": {"datetime": "2024-01-20 15:22:16", "elapsed": 3493.519447, "delta": 0.004151}}
{"target": -15.173678542453839, "params": {"colsample_bytree": 0.38158068366691766, "eta": 0.08663891528736445, "gamma": 559.7075331714876, "max_depth": 7.0, "min_child_weight": 4207.94030864073, "num_boost_round": 60.0, "subsample": 0.8816714036129735}, "datetime": {"datetime": "2024-01-20 15:22:16", "elapsed": 3493.523655, "delta": 0.004208}}
{"target": -15.174432428680452, "params": {"colsample_bytree": 0.38158068366691766, "eta": 0.08663891528736445, "gamma": 559.7075331714876, "max_depth": 7.0, "min_child_weight": 4207.94030864073, "num_boost_round": 61.0, "subsample": 0.8816714036129735}, "datetime": {"datetime": "2024-01-20 15:22:16", "elapsed": 3493.527844, "delta": 0.004189}}
{"target": -15.174912595669316, "params": {"colsample_bytree": 0.38158068366691766, "eta": 0.08663891528736445, "gamma": 559.7075331714876, "max_depth": 7.0, "min_child_weight": 4207.94030864073, "num_boost_round": 62.0, "subsample": 0.8816714036129735}, "datetime": {"datetime": "2024-01-20 15:22:16", "elapsed": 3493.532138, "delta": 0.004294}}
{"target": -15.175139731571257, "params": {"colsample_bytree": 0.38158068366691766, "eta": 0.08663891528736445, "gamma": 559.7075331714876, "max_depth": 7.0, "min_child_weight": 4207.94030864073, "num_boost_round": 63.0, "subsample": 0.8816714036129735}, "datetime": {"datetime": "2024-01-20 15:22:16", "elapsed": 3493.536363, "delta": 0.004225}}
{"target": -15.175910110039123, "params": {"colsample_bytree": 0.38158068366691766, "eta": 0.08663891528736445, "gamma": 559.7075331714876, "max_depth": 7.0, "min_child_weight": 4207.94030864073, "num_boost_round": 64.0, "subsample": 0.8816714036129735}, "datetime": {"datetime": "2024-01-20 15:22:16", "elapsed": 3493.540544, "delta": 0.004181}}
{"target": -15.17590174715161, "params": {"colsample_bytree": 0.38158068366691766, "eta": 0.08663891528736445, "gamma": 559.7075331714876, "max_depth": 7.0, "min_child_weight": 4207.94030864073, "num_boost_round": 65.0, "subsample": 0.8816714036129735}, "datetime": {"datetime": "2024-01-20 15:22:16", "elapsed": 3493.54473, "delta": 0.004186}}
{"target": -15.177188598943264, "params": {"colsample_bytree": 0.38158068366691766, "eta": 0.08663891528736445, "gamma": 559.7075331714876, "max_depth": 7.0, "min_child_weight": 4207.94030864073, "num_boost_round": 66.0, "subsample": 0.8816714036129735}, "datetime": {"datetime": "2024-01-20 15:22:16", "elapsed": 3493.549036, "delta": 0.004306}}
{"target": -15.17736710810204, "params": {"colsample_bytree": 0.38158068366691766, "eta": 0.08663891528736445, "gamma": 559.7075331714876, "max_depth": 7.0, "min_child_weight": 4207.94030864073, "num_boost_round": 67.0, "subsample": 0.8816714036129735}, "datetime": {"datetime": "2024-01-20 15:22:16", "elapsed": 3493.553226, "delta": 0.00419}}
{"target": -15.17295597148228, "params": {"colsample_bytree": 0.49770426640562704, "eta": 0.002685416189228159, "gamma": 541.5262465800074, "max_depth": 5.0, "min_child_weight": 4151.598569017704, "num_boost_round": 1.0, "subsample": 0.16466914302526492}, "datetime": {"datetime": "2024-01-20 15:23:46", "elapsed": 3583.634604, "delta": 90.081378}}
{"target": -15.172890730236446, "params": {"colsample_bytree": 0.49770426640562704, "eta": 0.002685416189228159, "gamma": 541.5262465800074, "max_depth": 5.0, "min_child_weight": 4151.598569017704, "num_boost_round": 2.0, "subsample": 0.16466914302526492}, "datetime": {"datetime": "2024-01-20 15:23:46", "elapsed": 3583.641471, "delta": 0.006867}}
{"target": -15.172812612323401, "params": {"colsample_bytree": 0.49770426640562704, "eta": 0.002685416189228159, "gamma": 541.5262465800074, "max_depth": 5.0, "min_child_weight": 4151.598569017704, "num_boost_round": 3.0, "subsample": 0.16466914302526492}, "datetime": {"datetime": "2024-01-20 15:23:46", "elapsed": 3583.646392, "delta": 0.004921}}
{"target": -15.17278985226515, "params": {"colsample_bytree": 0.49770426640562704, "eta": 0.002685416189228159, "gamma": 541.5262465800074, "max_depth": 5.0, "min_child_weight": 4151.598569017704, "num_boost_round": 4.0, "subsample": 0.16466914302526492}, "datetime": {"datetime": "2024-01-20 15:23:46", "elapsed": 3583.651019, "delta": 0.004627}}
{"target": -15.172634291406842, "params": {"colsample_bytree": 0.49770426640562704, "eta": 0.002685416189228159, "gamma": 541.5262465800074, "max_depth": 5.0, "min_child_weight": 4151.598569017704, "num_boost_round": 5.0, "subsample": 0.16466914302526492}, "datetime": {"datetime": "2024-01-20 15:23:46", "elapsed": 3583.65542, "delta": 0.004401}}
{"target": -15.172552278613011, "params": {"colsample_bytree": 0.49770426640562704, "eta": 0.002685416189228159, "gamma": 541.5262465800074, "max_depth": 5.0, "min_child_weight": 4151.598569017704, "num_boost_round": 6.0, "subsample": 0.16466914302526492}, "datetime": {"datetime": "2024-01-20 15:23:46", "elapsed": 3583.659858, "delta": 0.004438}}
{"target": -15.172470413641461, "params": {"colsample_bytree": 0.49770426640562704, "eta": 0.002685416189228159, "gamma": 541.5262465800074, "max_depth": 5.0, "min_child_weight": 4151.598569017704, "num_boost_round": 7.0, "subsample": 0.16466914302526492}, "datetime": {"datetime": "2024-01-20 15:23:46", "elapsed": 3583.664324, "delta": 0.004466}}
{"target": -15.172334180713877, "params": {"colsample_bytree": 0.49770426640562704, "eta": 0.002685416189228159, "gamma": 541.5262465800074, "max_depth": 5.0, "min_child_weight": 4151.598569017704, "num_boost_round": 8.0, "subsample": 0.16466914302526492}, "datetime": {"datetime": "2024-01-20 15:23:46", "elapsed": 3583.668863, "delta": 0.004539}}
{"target": -15.172249857495045, "params": {"colsample_bytree": 0.49770426640562704, "eta": 0.002685416189228159, "gamma": 541.5262465800074, "max_depth": 5.0, "min_child_weight": 4151.598569017704, "num_boost_round": 9.0, "subsample": 0.16466914302526492}, "datetime": {"datetime": "2024-01-20 15:23:46", "elapsed": 3583.673148, "delta": 0.004285}}
{"target": -15.17217712556009, "params": {"colsample_bytree": 0.49770426640562704, "eta": 0.002685416189228159, "gamma": 541.5262465800074, "max_depth": 5.0, "min_child_weight": 4151.598569017704, "num_boost_round": 10.0, "subsample": 0.16466914302526492}, "datetime": {"datetime": "2024-01-20 15:23:46", "elapsed": 3583.677379, "delta": 0.004231}}
{"target": -15.17217674158789, "params": {"colsample_bytree": 0.49770426640562704, "eta": 0.002685416189228159, "gamma": 541.5262465800074, "max_depth": 5.0, "min_child_weight": 4151.598569017704, "num_boost_round": 11.0, "subsample": 0.16466914302526492}, "datetime": {"datetime": "2024-01-20 15:23:46", "elapsed": 3583.681636, "delta": 0.004257}}
{"target": -15.172107539638278, "params": {"colsample_bytree": 0.49770426640562704, "eta": 0.002685416189228159, "gamma": 541.5262465800074, "max_depth": 5.0, "min_child_weight": 4151.598569017704, "num_boost_round": 12.0, "subsample": 0.16466914302526492}, "datetime": {"datetime": "2024-01-20 15:23:46", "elapsed": 3583.68604, "delta": 0.004404}}
{"target": -15.172044482723814, "params": {"colsample_bytree": 0.49770426640562704, "eta": 0.002685416189228159, "gamma": 541.5262465800074, "max_depth": 5.0, "min_child_weight": 4151.598569017704, "num_boost_round": 13.0, "subsample": 0.16466914302526492}, "datetime": {"datetime": "2024-01-20 15:23:46", "elapsed": 3583.690245, "delta": 0.004205}}
{"target": -15.171957855959525, "params": {"colsample_bytree": 0.49770426640562704, "eta": 0.002685416189228159, "gamma": 541.5262465800074, "max_depth": 5.0, "min_child_weight": 4151.598569017704, "num_boost_round": 14.0, "subsample": 0.16466914302526492}, "datetime": {"datetime": "2024-01-20 15:23:46", "elapsed": 3583.694498, "delta": 0.004253}}
{"target": -15.171870093465749, "params": {"colsample_bytree": 0.49770426640562704, "eta": 0.002685416189228159, "gamma": 541.5262465800074, "max_depth": 5.0, "min_child_weight": 4151.598569017704, "num_boost_round": 15.0, "subsample": 0.16466914302526492}, "datetime": {"datetime": "2024-01-20 15:23:46", "elapsed": 3583.698721, "delta": 0.004223}}
{"target": -15.171830741704095, "params": {"colsample_bytree": 0.49770426640562704, "eta": 0.002685416189228159, "gamma": 541.5262465800074, "max_depth": 5.0, "min_child_weight": 4151.598569017704, "num_boost_round": 16.0, "subsample": 0.16466914302526492}, "datetime": {"datetime": "2024-01-20 15:23:46", "elapsed": 3583.703108, "delta": 0.004387}}
{"target": -15.171696163754856, "params": {"colsample_bytree": 0.49770426640562704, "eta": 0.002685416189228159, "gamma": 541.5262465800074, "max_depth": 5.0, "min_child_weight": 4151.598569017704, "num_boost_round": 17.0, "subsample": 0.16466914302526492}, "datetime": {"datetime": "2024-01-20 15:23:46", "elapsed": 3583.707335, "delta": 0.004227}}
{"target": -15.171624447056763, "params": {"colsample_bytree": 0.49770426640562704, "eta": 0.002685416189228159, "gamma": 541.5262465800074, "max_depth": 5.0, "min_child_weight": 4151.598569017704, "num_boost_round": 18.0, "subsample": 0.16466914302526492}, "datetime": {"datetime": "2024-01-20 15:23:46", "elapsed": 3583.711599, "delta": 0.004264}}
{"target": -15.171555762622958, "params": {"colsample_bytree": 0.49770426640562704, "eta": 0.002685416189228159, "gamma": 541.5262465800074, "max_depth": 5.0, "min_child_weight": 4151.598569017704, "num_boost_round": 19.0, "subsample": 0.16466914302526492}, "datetime": {"datetime": "2024-01-20 15:23:46", "elapsed": 3583.7159, "delta": 0.004301}}
{"target": -15.171482669654328, "params": {"colsample_bytree": 0.49770426640562704, "eta": 0.002685416189228159, "gamma": 541.5262465800074, "max_depth": 5.0, "min_child_weight": 4151.598569017704, "num_boost_round": 20.0, "subsample": 0.16466914302526492}, "datetime": {"datetime": "2024-01-20 15:23:46", "elapsed": 3583.720419, "delta": 0.004519}}
