{"target": -15.161131494947842, "params": {"colsample_bytree": 0.8725340265761184, "eta": 0.0867505653616999, "gamma": 627.0529884060376, "max_depth": 9.0, "min_child_weight": 4132.072009196721, "num_boost_round": 29.0, "subsample": 0.35796247590872776}, "datetime": {"datetime": "2024-01-20 15:57:03", "elapsed": 5580.446441, "delta": 0.005202}}
{"target": -15.161864017873848, "params": {"colsample_bytree": 0.8725340265761184, "eta": 0.0867505653616999, "gamma": 627.0529884060376, "max_depth": 9.0, "min_child_weight": 4132.072009196721, "num_boost_round": 30.0, "subsample": 0.35796247590872776}, "datetime": {"datetime": "2024-01-20 15:57:03", "elapsed": 5580.451745, "delta": 0.005304}}
{"target": -15.162465454801278, "params": {"colsample_bytree": 0.8725340265761184, "eta": 0.0867505653616999, "gamma": 627.0529884060376, "max_depth": 9.0, "min_child_weight": 4132.072009196721, "num_boost_round": 31.0, "subsample": 0.35796247590872776}, "datetime": {"datetime": "2024-01-20 15:57:03", "elapsed": 5580.457003, "delta": 0.005258}}
{"target": -15.172632758918734, "params": {"colsample_bytree": 0.13450683170048164, "eta": 0.013245616079284189, "gamma": 596.5811582162651, "max_depth": 9.0, "min_child_weight": 4144.991476791924, "num_boost_round": 1.0, "subsample": 0.22068297880402676}, "datetime": {"datetime": "2024-01-20 15:58:52", "elapsed": 5689.754326, "delta": 109.297323}}
{"target": -15.172321288118418, "params": {"colsample_bytree": 0.13450683170048164, "eta": 0.013245616079284189, "gamma": 596.5811582162651, "max_depth": 9.0, "min_child_weight": 4144.991476791924, "num_boost_round": 2.0, "subsample": 0.22068297880402676}, "datetime": {"datetime": "2024-01-20 15:58:52", "elapsed": 5689.762346, "delta": 0.00802}}
{"target": -15.172310840088436, "params": {"colsample_bytree": 0.13450683170048164, "eta": 0.013245616079284189, "gamma": 596.5811582162651, "max_depth": 9.0, "min_child_weight": 4144.991476791924, "num_boost_round": 3.0, "subsample": 0.22068297880402676}, "datetime": {"datetime": "2024-01-20 15:58:52", "elapsed": 5689.768629, "delta": 0.006283}}
{"target": -15.172384094700464, "params": {"colsample_bytree": 0.13450683170048164, "eta": 0.013245616079284189, "gamma": 596.5811582162651, "max_depth": 9.0, "min_child_weight": 4144.991476791924, "num_boost_round": 4.0, "subsample": 0.22068297880402676}, "datetime": {"datetime": "2024-01-20 15:58:52", "elapsed": 5689.774896, "delta": 0.006267}}
{"target": -15.171853732395878, "params": {"colsample_bytree": 0.13450683170048164, "eta": 0.013245616079284189, "gamma": 596.5811582162651, "max_depth": 9.0, "min_child_weight": 4144.991476791924, "num_boost_round": 5.0, "subsample": 0.22068297880402676}, "datetime": {"datetime": "2024-01-20 15:58:52", "elapsed": 5689.781171, "delta": 0.006275}}
{"target": -15.17148363141357, "params": {"colsample_bytree": 0.13450683170048164, "eta": 0.013245616079284189, "gamma": 596.5811582162651, "max_depth": 9.0, "min_child_weight": 4144.991476791924, "num_boost_round": 6.0, "subsample": 0.22068297880402676}, "datetime": {"datetime": "2024-01-20 15:58:52", "elapsed": 5689.787406, "delta": 0.006235}}
{"target": -15.171167978577959, "params": {"colsample_bytree": 0.13450683170048164, "eta": 0.013245616079284189, "gamma": 596.5811582162651, "max_depth": 9.0, "min_child_weight": 4144.991476791924, "num_boost_round": 7.0, "subsample": 0.22068297880402676}, "datetime": {"datetime": "2024-01-20 15:58:52", "elapsed": 5689.794106, "delta": 0.0067}}
{"target": -15.170777083927199, "params": {"colsample_bytree": 0.13450683170048164, "eta": 0.013245616079284189, "gamma": 596.5811582162651, "max_depth": 9.0, "min_child_weight": 4144.991476791924, "num_boost_round": 8.0, "subsample": 0.22068297880402676}, "datetime": {"datetime": "2024-01-20 15:58:52", "elapsed": 5689.800728, "delta": 0.006622}}
{"target": -15.170769121327016, "params": {"colsample_bytree": 0.13450683170048164, "eta": 0.013245616079284189, "gamma": 596.5811582162651, "max_depth": 9.0, "min_child_weight": 4144.991476791924, "num_boost_round": 9.0, "subsample": 0.22068297880402676}, "datetime": {"datetime": "2024-01-20 15:58:52", "elapsed": 5689.807187, "delta": 0.006459}}
{"target": -15.170458518736062, "params": {"colsample_bytree": 0.13450683170048164, "eta": 0.013245616079284189, "gamma": 596.5811582162651, "max_depth": 9.0, "min_child_weight": 4144.991476791924, "num_boost_round": 10.0, "subsample": 0.22068297880402676}, "datetime": {"datetime": "2024-01-20 15:58:52", "elapsed": 5689.813153, "delta": 0.005966}}
{"target": -15.17039464439472, "params": {"colsample_bytree": 0.13450683170048164, "eta": 0.013245616079284189, "gamma": 596.5811582162651, "max_depth": 9.0, "min_child_weight": 4144.991476791924, "num_boost_round": 11.0, "subsample": 0.22068297880402676}, "datetime": {"datetime": "2024-01-20 15:58:52", "elapsed": 5689.818995, "delta": 0.005842}}
{"target": -15.170320656782648, "params": {"colsample_bytree": 0.13450683170048164, "eta": 0.013245616079284189, "gamma": 596.5811582162651, "max_depth": 9.0, "min_child_weight": 4144.991476791924, "num_boost_round": 12.0, "subsample": 0.22068297880402676}, "datetime": {"datetime": "2024-01-20 15:58:52", "elapsed": 5689.824937, "delta": 0.005942}}
{"target": -15.1704007810491, "params": {"colsample_bytree": 0.13450683170048164, "eta": 0.013245616079284189, "gamma": 596.5811582162651, "max_depth": 9.0, "min_child_weight": 4144.991476791924, "num_boost_round": 13.0, "subsample": 0.22068297880402676}, "datetime": {"datetime": "2024-01-20 15:58:52", "elapsed": 5690.173408, "delta": 0.348471}}
{"target": -15.170324583706929, "params": {"colsample_bytree": 0.13450683170048164, "eta": 0.013245616079284189, "gamma": 596.5811582162651, "max_depth": 9.0, "min_child_weight": 4144.991476791924, "num_boost_round": 14.0, "subsample": 0.22068297880402676}, "datetime": {"datetime": "2024-01-20 15:58:52", "elapsed": 5690.181038, "delta": 0.00763}}
{"target": -15.170306912441543, "params": {"colsample_bytree": 0.13450683170048164, "eta": 0.013245616079284189, "gamma": 596.5811582162651, "max_depth": 9.0, "min_child_weight": 4144.991476791924, "num_boost_round": 15.0, "subsample": 0.22068297880402676}, "datetime": {"datetime": "2024-01-20 15:58:52", "elapsed": 5690.188054, "delta": 0.007016}}
{"target": -15.17003775651531, "params": {"colsample_bytree": 0.13450683170048164, "eta": 0.013245616079284189, "gamma": 596.5811582162651, "max_depth": 9.0, "min_child_weight": 4144.991476791924, "num_boost_round": 16.0, "subsample": 0.22068297880402676}, "datetime": {"datetime": "2024-01-20 15:58:52", "elapsed": 5690.194399, "delta": 0.006345}}
{"target": -15.169606537284395, "params": {"colsample_bytree": 0.13450683170048164, "eta": 0.013245616079284189, "gamma": 596.5811582162651, "max_depth": 9.0, "min_child_weight": 4144.991476791924, "num_boost_round": 17.0, "subsample": 0.22068297880402676}, "datetime": {"datetime": "2024-01-20 15:58:52", "elapsed": 5690.200168, "delta": 0.005769}}
{"target": -15.169578767648503, "params": {"colsample_bytree": 0.13450683170048164, "eta": 0.013245616079284189, "gamma": 596.5811582162651, "max_depth": 9.0, "min_child_weight": 4144.991476791924, "num_boost_round": 18.0, "subsample": 0.22068297880402676}, "datetime": {"datetime": "2024-01-20 15:58:52", "elapsed": 5690.205669, "delta": 0.005501}}
{"target": -15.169265109652724, "params": {"colsample_bytree": 0.13450683170048164, "eta": 0.013245616079284189, "gamma": 596.5811582162651, "max_depth": 9.0, "min_child_weight": 4144.991476791924, "num_boost_round": 19.0, "subsample": 0.22068297880402676}, "datetime": {"datetime": "2024-01-20 15:58:52", "elapsed": 5690.21123, "delta": 0.005561}}
{"target": -15.169230428013416, "params": {"colsample_bytree": 0.13450683170048164, "eta": 0.013245616079284189, "gamma": 596.5811582162651, "max_depth": 9.0, "min_child_weight": 4144.991476791924, "num_boost_round": 20.0, "subsample": 0.22068297880402676}, "datetime": {"datetime": "2024-01-20 15:58:52", "elapsed": 5690.216739, "delta": 0.005509}}
{"target": -15.168948327562292, "params": {"colsample_bytree": 0.13450683170048164, "eta": 0.013245616079284189, "gamma": 596.5811582162651, "max_depth": 9.0, "min_child_weight": 4144.991476791924, "num_boost_round": 21.0, "subsample": 0.22068297880402676}, "datetime": {"datetime": "2024-01-20 15:58:52", "elapsed": 5690.222209, "delta": 0.00547}}
{"target": -15.168935531913476, "params": {"colsample_bytree": 0.13450683170048164, "eta": 0.013245616079284189, "gamma": 596.5811582162651, "max_depth": 9.0, "min_child_weight": 4144.991476791924, "num_boost_round": 22.0, "subsample": 0.22068297880402676}, "datetime": {"datetime": "2024-01-20 15:58:52", "elapsed": 5690.227701, "delta": 0.005492}}
{"target": -15.168911128357955, "params": {"colsample_bytree": 0.13450683170048164, "eta": 0.013245616079284189, "gamma": 596.5811582162651, "max_depth": 9.0, "min_child_weight": 4144.991476791924, "num_boost_round": 23.0, "subsample": 0.22068297880402676}, "datetime": {"datetime": "2024-01-20 15:58:52", "elapsed": 5690.23323, "delta": 0.005529}}
{"target": -15.168925683436711, "params": {"colsample_bytree": 0.13450683170048164, "eta": 0.013245616079284189, "gamma": 596.5811582162651, "max_depth": 9.0, "min_child_weight": 4144.991476791924, "num_boost_round": 24.0, "subsample": 0.22068297880402676}, "datetime": {"datetime": "2024-01-20 15:58:52", "elapsed": 5690.238843, "delta": 0.005613}}
{"target": -15.168953837752575, "params": {"colsample_bytree": 0.13450683170048164, "eta": 0.013245616079284189, "gamma": 596.5811582162651, "max_depth": 9.0, "min_child_weight": 4144.991476791924, "num_boost_round": 25.0, "subsample": 0.22068297880402676}, "datetime": {"datetime": "2024-01-20 15:58:52", "elapsed": 5690.244382, "delta": 0.005539}}
{"target": -15.168888219912844, "params": {"colsample_bytree": 0.13450683170048164, "eta": 0.013245616079284189, "gamma": 596.5811582162651, "max_depth": 9.0, "min_child_weight": 4144.991476791924, "num_boost_round": 26.0, "subsample": 0.22068297880402676}, "datetime": {"datetime": "2024-01-20 15:58:52", "elapsed": 5690.249864, "delta": 0.005482}}
{"target": -15.16858273219605, "params": {"colsample_bytree": 0.13450683170048164, "eta": 0.013245616079284189, "gamma": 596.5811582162651, "max_depth": 9.0, "min_child_weight": 4144.991476791924, "num_boost_round": 27.0, "subsample": 0.22068297880402676}, "datetime": {"datetime": "2024-01-20 15:58:52", "elapsed": 5690.255712, "delta": 0.005848}}
{"target": -15.168587399991596, "params": {"colsample_bytree": 0.13450683170048164, "eta": 0.013245616079284189, "gamma": 596.5811582162651, "max_depth": 9.0, "min_child_weight": 4144.991476791924, "num_boost_round": 28.0, "subsample": 0.22068297880402676}, "datetime": {"datetime": "2024-01-20 15:58:52", "elapsed": 5690.261579, "delta": 0.005867}}
{"target": -15.168543422174274, "params": {"colsample_bytree": 0.13450683170048164, "eta": 0.013245616079284189, "gamma": 596.5811582162651, "max_depth": 9.0, "min_child_weight": 4144.991476791924, "num_boost_round": 29.0, "subsample": 0.22068297880402676}, "datetime": {"datetime": "2024-01-20 15:58:52", "elapsed": 5690.267186, "delta": 0.005607}}
{"target": -15.168500535931797, "params": {"colsample_bytree": 0.13450683170048164, "eta": 0.013245616079284189, "gamma": 596.5811582162651, "max_depth": 9.0, "min_child_weight": 4144.991476791924, "num_boost_round": 30.0, "subsample": 0.22068297880402676}, "datetime": {"datetime": "2024-01-20 15:58:52", "elapsed": 5690.272901, "delta": 0.005715}}
{"target": -15.168594544061246, "params": {"colsample_bytree": 0.13450683170048164, "eta": 0.013245616079284189, "gamma": 596.5811582162651, "max_depth": 9.0, "min_child_weight": 4144.991476791924, "num_boost_round": 31.0, "subsample": 0.22068297880402676}, "datetime": {"datetime": "2024-01-20 15:58:52", "elapsed": 5690.278937, "delta": 0.006036}}
{"target": -15.168625181064044, "params": {"colsample_bytree": 0.13450683170048164, "eta": 0.013245616079284189, "gamma": 596.5811582162651, "max_depth": 9.0, "min_child_weight": 4144.991476791924, "num_boost_round": 32.0, "subsample": 0.22068297880402676}, "datetime": {"datetime": "2024-01-20 15:58:52", "elapsed": 5690.284631, "delta": 0.005694}}
{"target": -15.170449667792564, "params": {"colsample_bytree": 0.5010928209786338, "eta": 0.0905379426578925, "gamma": 503.3082047097528, "max_depth": 9.0, "min_child_weight": 4403.977055293888, "num_boost_round": 1.0, "subsample": 0.150266437036711}, "datetime": {"datetime": "2024-01-20 16:00:51", "elapsed": 5808.676714, "delta": 118.392083}}
{"target": -15.168494348203804, "params": {"colsample_bytree": 0.5010928209786338, "eta": 0.0905379426578925, "gamma": 503.3082047097528, "max_depth": 9.0, "min_child_weight": 4403.977055293888, "num_boost_round": 2.0, "subsample": 0.150266437036711}, "datetime": {"datetime": "2024-01-20 16:00:51", "elapsed": 5808.683781, "delta": 0.007067}}
{"target": -15.166250749202904, "params": {"colsample_bytree": 0.5010928209786338, "eta": 0.0905379426578925, "gamma": 503.3082047097528, "max_depth": 9.0, "min_child_weight": 4403.977055293888, "num_boost_round": 3.0, "subsample": 0.150266437036711}, "datetime": {"datetime": "2024-01-20 16:00:51", "elapsed": 5808.689275, "delta": 0.005494}}
{"target": -15.166562688937736, "params": {"colsample_bytree": 0.5010928209786338, "eta": 0.0905379426578925, "gamma": 503.3082047097528, "max_depth": 9.0, "min_child_weight": 4403.977055293888, "num_boost_round": 4.0, "subsample": 0.150266437036711}, "datetime": {"datetime": "2024-01-20 16:00:51", "elapsed": 5808.694934, "delta": 0.005659}}
{"target": -15.163214532668391, "params": {"colsample_bytree": 0.5010928209786338, "eta": 0.0905379426578925, "gamma": 503.3082047097528, "max_depth": 9.0, "min_child_weight": 4403.977055293888, "num_boost_round": 5.0, "subsample": 0.150266437036711}, "datetime": {"datetime": "2024-01-20 16:00:51", "elapsed": 5808.700505, "delta": 0.005571}}
{"target": -15.162210957531727, "params": {"colsample_bytree": 0.5010928209786338, "eta": 0.0905379426578925, "gamma": 503.3082047097528, "max_depth": 9.0, "min_child_weight": 4403.977055293888, "num_boost_round": 6.0, "subsample": 0.150266437036711}, "datetime": {"datetime": "2024-01-20 16:00:51", "elapsed": 5808.706143, "delta": 0.005638}}
{"target": -15.16119327686381, "params": {"colsample_bytree": 0.5010928209786338, "eta": 0.0905379426578925, "gamma": 503.3082047097528, "max_depth": 9.0, "min_child_weight": 4403.977055293888, "num_boost_round": 7.0, "subsample": 0.150266437036711}, "datetime": {"datetime": "2024-01-20 16:00:51", "elapsed": 5808.711677, "delta": 0.005534}}
{"target": -15.159410327093576, "params": {"colsample_bytree": 0.5010928209786338, "eta": 0.0905379426578925, "gamma": 503.3082047097528, "max_depth": 9.0, "min_child_weight": 4403.977055293888, "num_boost_round": 8.0, "subsample": 0.150266437036711}, "datetime": {"datetime": "2024-01-20 16:00:51", "elapsed": 5808.717124, "delta": 0.005447}}
{"target": -15.159070533324112, "params": {"colsample_bytree": 0.5010928209786338, "eta": 0.0905379426578925, "gamma": 503.3082047097528, "max_depth": 9.0, "min_child_weight": 4403.977055293888, "num_boost_round": 9.0, "subsample": 0.150266437036711}, "datetime": {"datetime": "2024-01-20 16:00:51", "elapsed": 5808.723445, "delta": 0.006321}}
{"target": -15.158971004563714, "params": {"colsample_bytree": 0.5010928209786338, "eta": 0.0905379426578925, "gamma": 503.3082047097528, "max_depth": 9.0, "min_child_weight": 4403.977055293888, "num_boost_round": 10.0, "subsample": 0.150266437036711}, "datetime": {"datetime": "2024-01-20 16:00:51", "elapsed": 5808.729806, "delta": 0.006361}}
{"target": -15.1594755649458, "params": {"colsample_bytree": 0.5010928209786338, "eta": 0.0905379426578925, "gamma": 503.3082047097528, "max_depth": 9.0, "min_child_weight": 4403.977055293888, "num_boost_round": 11.0, "subsample": 0.150266437036711}, "datetime": {"datetime": "2024-01-20 16:00:51", "elapsed": 5808.735932, "delta": 0.006126}}
{"target": -15.158560099666179, "params": {"colsample_bytree": 0.5010928209786338, "eta": 0.0905379426578925, "gamma": 503.3082047097528, "max_depth": 9.0, "min_child_weight": 4403.977055293888, "num_boost_round": 12.0, "subsample": 0.150266437036711}, "datetime": {"datetime": "2024-01-20 16:00:51", "elapsed": 5808.742604, "delta": 0.006672}}
{"target": -15.15972531689825, "params": {"colsample_bytree": 0.5010928209786338, "eta": 0.0905379426578925, "gamma": 503.3082047097528, "max_depth": 9.0, "min_child_weight": 4403.977055293888, "num_boost_round": 13.0, "subsample": 0.150266437036711}, "datetime": {"datetime": "2024-01-20 16:00:51", "elapsed": 5808.748981, "delta": 0.006377}}
{"target": -15.158907649719787, "params": {"colsample_bytree": 0.5010928209786338, "eta": 0.0905379426578925, "gamma": 503.3082047097528, "max_depth": 9.0, "min_child_weight": 4403.977055293888, "num_boost_round": 14.0, "subsample": 0.150266437036711}, "datetime": {"datetime": "2024-01-20 16:00:51", "elapsed": 5808.755257, "delta": 0.006276}}
{"target": -15.158907622197766, "params": {"colsample_bytree": 0.5010928209786338, "eta": 0.0905379426578925, "gamma": 503.3082047097528, "max_depth": 9.0, "min_child_weight": 4403.977055293888, "num_boost_round": 15.0, "subsample": 0.150266437036711}, "datetime": {"datetime": "2024-01-20 16:00:51", "elapsed": 5808.760895, "delta": 0.005638}}
{"target": -15.159791041438215, "params": {"colsample_bytree": 0.5010928209786338, "eta": 0.0905379426578925, "gamma": 503.3082047097528, "max_depth": 9.0, "min_child_weight": 4403.977055293888, "num_boost_round": 16.0, "subsample": 0.150266437036711}, "datetime": {"datetime": "2024-01-20 16:00:51", "elapsed": 5808.766307, "delta": 0.005412}}
{"target": -15.159957494773217, "params": {"colsample_bytree": 0.5010928209786338, "eta": 0.0905379426578925, "gamma": 503.3082047097528, "max_depth": 9.0, "min_child_weight": 4403.977055293888, "num_boost_round": 17.0, "subsample": 0.150266437036711}, "datetime": {"datetime": "2024-01-20 16:00:51", "elapsed": 5808.771741, "delta": 0.005434}}
{"target": -15.160163136410237, "params": {"colsample_bytree": 0.5010928209786338, "eta": 0.0905379426578925, "gamma": 503.3082047097528, "max_depth": 9.0, "min_child_weight": 4403.977055293888, "num_boost_round": 18.0, "subsample": 0.150266437036711}, "datetime": {"datetime": "2024-01-20 16:00:51", "elapsed": 5808.777027, "delta": 0.005286}}
{"target": -15.15971559713865, "params": {"colsample_bytree": 0.5010928209786338, "eta": 0.0905379426578925, "gamma": 503.3082047097528, "max_depth": 9.0, "min_child_weight": 4403.977055293888, "num_boost_round": 19.0, "subsample": 0.150266437036711}, "datetime": {"datetime": "2024-01-20 16:00:51", "elapsed": 5808.782457, "delta": 0.00543}}
{"target": -15.15975813630483, "params": {"colsample_bytree": 0.5010928209786338, "eta": 0.0905379426578925, "gamma": 503.3082047097528, "max_depth": 9.0, "min_child_weight": 4403.977055293888, "num_boost_round": 20.0, "subsample": 0.150266437036711}, "datetime": {"datetime": "2024-01-20 16:00:51", "elapsed": 5808.787762, "delta": 0.005305}}
{"target": -15.158888292310873, "params": {"colsample_bytree": 0.5010928209786338, "eta": 0.0905379426578925, "gamma": 503.3082047097528, "max_depth": 9.0, "min_child_weight": 4403.977055293888, "num_boost_round": 21.0, "subsample": 0.150266437036711}, "datetime": {"datetime": "2024-01-20 16:00:51", "elapsed": 5808.793503, "delta": 0.005741}}
{"target": -15.159410742550442, "params": {"colsample_bytree": 0.5010928209786338, "eta": 0.0905379426578925, "gamma": 503.3082047097528, "max_depth": 9.0, "min_child_weight": 4403.977055293888, "num_boost_round": 22.0, "subsample": 0.150266437036711}, "datetime": {"datetime": "2024-01-20 16:00:51", "elapsed": 5808.799509, "delta": 0.006006}}
{"target": -15.158826181329324, "params": {"colsample_bytree": 0.5010928209786338, "eta": 0.0905379426578925, "gamma": 503.3082047097528, "max_depth": 9.0, "min_child_weight": 4403.977055293888, "num_boost_round": 23.0, "subsample": 0.150266437036711}, "datetime": {"datetime": "2024-01-20 16:00:51", "elapsed": 5808.805009, "delta": 0.0055}}
{"target": -15.158822057254554, "params": {"colsample_bytree": 0.5010928209786338, "eta": 0.0905379426578925, "gamma": 503.3082047097528, "max_depth": 9.0, "min_child_weight": 4403.977055293888, "num_boost_round": 24.0, "subsample": 0.150266437036711}, "datetime": {"datetime": "2024-01-20 16:00:51", "elapsed": 5808.810358, "delta": 0.005349}}
{"target": -15.15937849573788, "params": {"colsample_bytree": 0.5010928209786338, "eta": 0.0905379426578925, "gamma": 503.3082047097528, "max_depth": 9.0, "min_child_weight": 4403.977055293888, "num_boost_round": 25.0, "subsample": 0.150266437036711}, "datetime": {"datetime": "2024-01-20 16:00:51", "elapsed": 5808.815881, "delta": 0.005523}}
{"target": -15.16019363050667, "params": {"colsample_bytree": 0.5010928209786338, "eta": 0.0905379426578925, "gamma": 503.3082047097528, "max_depth": 9.0, "min_child_weight": 4403.977055293888, "num_boost_round": 26.0, "subsample": 0.150266437036711}, "datetime": {"datetime": "2024-01-20 16:00:51", "elapsed": 5808.821358, "delta": 0.005477}}
{"target": -15.160548030733755, "params": {"colsample_bytree": 0.5010928209786338, "eta": 0.0905379426578925, "gamma": 503.3082047097528, "max_depth": 9.0, "min_child_weight": 4403.977055293888, "num_boost_round": 27.0, "subsample": 0.150266437036711}, "datetime": {"datetime": "2024-01-20 16:00:51", "elapsed": 5808.826737, "delta": 0.005379}}
{"target": -15.160564808158892, "params": {"colsample_bytree": 0.5010928209786338, "eta": 0.0905379426578925, "gamma": 503.3082047097528, "max_depth": 9.0, "min_child_weight": 4403.977055293888, "num_boost_round": 28.0, "subsample": 0.150266437036711}, "datetime": {"datetime": "2024-01-20 16:00:51", "elapsed": 5808.832153, "delta": 0.005416}}
