{"target": -10.301495894755519, "params": {"colsample_bytree": 0.5535478105518657, "eta": 0.09206679156736201, "gamma": 274.33490579837996, "max_depth": 9.0, "min_child_weight": 4396.9692467925615, "num_boost_round": 8.0, "subsample": 0.45942418792479134}, "datetime": {"datetime": "2024-01-20 14:06:55", "elapsed": 2712.949953, "delta": 0.002128}}
{"target": -10.302289980751464, "params": {"colsample_bytree": 0.5535478105518657, "eta": 0.09206679156736201, "gamma": 274.33490579837996, "max_depth": 9.0, "min_child_weight": 4396.9692467925615, "num_boost_round": 9.0, "subsample": 0.45942418792479134}, "datetime": {"datetime": "2024-01-20 14:06:55", "elapsed": 2712.951884, "delta": 0.001931}}
{"target": -10.303260592084516, "params": {"colsample_bytree": 0.5535478105518657, "eta": 0.09206679156736201, "gamma": 274.33490579837996, "max_depth": 9.0, "min_child_weight": 4396.9692467925615, "num_boost_round": 10.0, "subsample": 0.45942418792479134}, "datetime": {"datetime": "2024-01-20 14:06:55", "elapsed": 2712.962041, "delta": 0.010157}}
{"target": -10.303829031780534, "params": {"colsample_bytree": 0.5535478105518657, "eta": 0.09206679156736201, "gamma": 274.33490579837996, "max_depth": 9.0, "min_child_weight": 4396.9692467925615, "num_boost_round": 11.0, "subsample": 0.45942418792479134}, "datetime": {"datetime": "2024-01-20 14:06:55", "elapsed": 2712.964413, "delta": 0.002372}}
{"target": -10.304679453203823, "params": {"colsample_bytree": 0.5535478105518657, "eta": 0.09206679156736201, "gamma": 274.33490579837996, "max_depth": 9.0, "min_child_weight": 4396.9692467925615, "num_boost_round": 12.0, "subsample": 0.45942418792479134}, "datetime": {"datetime": "2024-01-20 14:06:55", "elapsed": 2712.966553, "delta": 0.00214}}
{"target": -10.305040300865716, "params": {"colsample_bytree": 0.5535478105518657, "eta": 0.09206679156736201, "gamma": 274.33490579837996, "max_depth": 9.0, "min_child_weight": 4396.9692467925615, "num_boost_round": 13.0, "subsample": 0.45942418792479134}, "datetime": {"datetime": "2024-01-20 14:06:55", "elapsed": 2712.968605, "delta": 0.002052}}
{"target": -10.305382317492944, "params": {"colsample_bytree": 0.5535478105518657, "eta": 0.09206679156736201, "gamma": 274.33490579837996, "max_depth": 9.0, "min_child_weight": 4396.9692467925615, "num_boost_round": 14.0, "subsample": 0.45942418792479134}, "datetime": {"datetime": "2024-01-20 14:06:55", "elapsed": 2712.970568, "delta": 0.001963}}
{"target": -10.305930513140845, "params": {"colsample_bytree": 0.5535478105518657, "eta": 0.09206679156736201, "gamma": 274.33490579837996, "max_depth": 9.0, "min_child_weight": 4396.9692467925615, "num_boost_round": 15.0, "subsample": 0.45942418792479134}, "datetime": {"datetime": "2024-01-20 14:06:55", "elapsed": 2712.972389, "delta": 0.001821}}
{"target": -10.306496253984076, "params": {"colsample_bytree": 0.5535478105518657, "eta": 0.09206679156736201, "gamma": 274.33490579837996, "max_depth": 9.0, "min_child_weight": 4396.9692467925615, "num_boost_round": 16.0, "subsample": 0.45942418792479134}, "datetime": {"datetime": "2024-01-20 14:06:55", "elapsed": 2712.974229, "delta": 0.00184}}
{"target": -10.306699373422536, "params": {"colsample_bytree": 0.5535478105518657, "eta": 0.09206679156736201, "gamma": 274.33490579837996, "max_depth": 9.0, "min_child_weight": 4396.9692467925615, "num_boost_round": 17.0, "subsample": 0.45942418792479134}, "datetime": {"datetime": "2024-01-20 14:06:55", "elapsed": 2712.976124, "delta": 0.001895}}
{"target": -10.306904512717486, "params": {"colsample_bytree": 0.5535478105518657, "eta": 0.09206679156736201, "gamma": 274.33490579837996, "max_depth": 9.0, "min_child_weight": 4396.9692467925615, "num_boost_round": 18.0, "subsample": 0.45942418792479134}, "datetime": {"datetime": "2024-01-20 14:06:55", "elapsed": 2712.977976, "delta": 0.001852}}
{"target": -10.307370017968228, "params": {"colsample_bytree": 0.5535478105518657, "eta": 0.09206679156736201, "gamma": 274.33490579837996, "max_depth": 9.0, "min_child_weight": 4396.9692467925615, "num_boost_round": 19.0, "subsample": 0.45942418792479134}, "datetime": {"datetime": "2024-01-20 14:06:55", "elapsed": 2712.979863, "delta": 0.001887}}
{"target": -10.307944612581952, "params": {"colsample_bytree": 0.5535478105518657, "eta": 0.09206679156736201, "gamma": 274.33490579837996, "max_depth": 9.0, "min_child_weight": 4396.9692467925615, "num_boost_round": 20.0, "subsample": 0.45942418792479134}, "datetime": {"datetime": "2024-01-20 14:06:55", "elapsed": 2712.981673, "delta": 0.00181}}
{"target": -10.308232881389266, "params": {"colsample_bytree": 0.5535478105518657, "eta": 0.09206679156736201, "gamma": 274.33490579837996, "max_depth": 9.0, "min_child_weight": 4396.9692467925615, "num_boost_round": 21.0, "subsample": 0.45942418792479134}, "datetime": {"datetime": "2024-01-20 14:06:55", "elapsed": 2712.983469, "delta": 0.001796}}
{"target": -10.308747361601256, "params": {"colsample_bytree": 0.5535478105518657, "eta": 0.09206679156736201, "gamma": 274.33490579837996, "max_depth": 9.0, "min_child_weight": 4396.9692467925615, "num_boost_round": 22.0, "subsample": 0.45942418792479134}, "datetime": {"datetime": "2024-01-20 14:06:55", "elapsed": 2712.985316, "delta": 0.001847}}
{"target": -10.309292560129892, "params": {"colsample_bytree": 0.5535478105518657, "eta": 0.09206679156736201, "gamma": 274.33490579837996, "max_depth": 9.0, "min_child_weight": 4396.9692467925615, "num_boost_round": 23.0, "subsample": 0.45942418792479134}, "datetime": {"datetime": "2024-01-20 14:06:55", "elapsed": 2712.98713, "delta": 0.001814}}
{"target": -10.309584894244832, "params": {"colsample_bytree": 0.5535478105518657, "eta": 0.09206679156736201, "gamma": 274.33490579837996, "max_depth": 9.0, "min_child_weight": 4396.9692467925615, "num_boost_round": 24.0, "subsample": 0.45942418792479134}, "datetime": {"datetime": "2024-01-20 14:06:55", "elapsed": 2712.988906, "delta": 0.001776}}
{"target": -10.309972428589203, "params": {"colsample_bytree": 0.5535478105518657, "eta": 0.09206679156736201, "gamma": 274.33490579837996, "max_depth": 9.0, "min_child_weight": 4396.9692467925615, "num_boost_round": 25.0, "subsample": 0.45942418792479134}, "datetime": {"datetime": "2024-01-20 14:06:55", "elapsed": 2712.990695, "delta": 0.001789}}
{"target": -10.310650320502914, "params": {"colsample_bytree": 0.5535478105518657, "eta": 0.09206679156736201, "gamma": 274.33490579837996, "max_depth": 9.0, "min_child_weight": 4396.9692467925615, "num_boost_round": 26.0, "subsample": 0.45942418792479134}, "datetime": {"datetime": "2024-01-20 14:06:55", "elapsed": 2712.992505, "delta": 0.00181}}
{"target": -10.310940196383582, "params": {"colsample_bytree": 0.5535478105518657, "eta": 0.09206679156736201, "gamma": 274.33490579837996, "max_depth": 9.0, "min_child_weight": 4396.9692467925615, "num_boost_round": 27.0, "subsample": 0.45942418792479134}, "datetime": {"datetime": "2024-01-20 14:06:55", "elapsed": 2712.994259, "delta": 0.001754}}
{"target": -10.31160046176542, "params": {"colsample_bytree": 0.5535478105518657, "eta": 0.09206679156736201, "gamma": 274.33490579837996, "max_depth": 9.0, "min_child_weight": 4396.9692467925615, "num_boost_round": 28.0, "subsample": 0.45942418792479134}, "datetime": {"datetime": "2024-01-20 14:06:55", "elapsed": 2712.996051, "delta": 0.001792}}
{"target": -10.312835198390067, "params": {"colsample_bytree": 0.5535478105518657, "eta": 0.09206679156736201, "gamma": 274.33490579837996, "max_depth": 9.0, "min_child_weight": 4396.9692467925615, "num_boost_round": 29.0, "subsample": 0.45942418792479134}, "datetime": {"datetime": "2024-01-20 14:06:55", "elapsed": 2712.997827, "delta": 0.001776}}
{"target": -10.31326925621591, "params": {"colsample_bytree": 0.5535478105518657, "eta": 0.09206679156736201, "gamma": 274.33490579837996, "max_depth": 9.0, "min_child_weight": 4396.9692467925615, "num_boost_round": 30.0, "subsample": 0.45942418792479134}, "datetime": {"datetime": "2024-01-20 14:06:55", "elapsed": 2712.999606, "delta": 0.001779}}
{"target": -10.31345844447902, "params": {"colsample_bytree": 0.5535478105518657, "eta": 0.09206679156736201, "gamma": 274.33490579837996, "max_depth": 9.0, "min_child_weight": 4396.9692467925615, "num_boost_round": 31.0, "subsample": 0.45942418792479134}, "datetime": {"datetime": "2024-01-20 14:06:55", "elapsed": 2713.001353, "delta": 0.001747}}
{"target": -10.313999178133287, "params": {"colsample_bytree": 0.5535478105518657, "eta": 0.09206679156736201, "gamma": 274.33490579837996, "max_depth": 9.0, "min_child_weight": 4396.9692467925615, "num_boost_round": 32.0, "subsample": 0.45942418792479134}, "datetime": {"datetime": "2024-01-20 14:06:55", "elapsed": 2713.003103, "delta": 0.00175}}
{"target": -10.314421888068141, "params": {"colsample_bytree": 0.5535478105518657, "eta": 0.09206679156736201, "gamma": 274.33490579837996, "max_depth": 9.0, "min_child_weight": 4396.9692467925615, "num_boost_round": 33.0, "subsample": 0.45942418792479134}, "datetime": {"datetime": "2024-01-20 14:06:55", "elapsed": 2713.004836, "delta": 0.001733}}
{"target": -10.31474077525405, "params": {"colsample_bytree": 0.5535478105518657, "eta": 0.09206679156736201, "gamma": 274.33490579837996, "max_depth": 9.0, "min_child_weight": 4396.9692467925615, "num_boost_round": 34.0, "subsample": 0.45942418792479134}, "datetime": {"datetime": "2024-01-20 14:06:55", "elapsed": 2713.006558, "delta": 0.001722}}
{"target": -10.315143795830892, "params": {"colsample_bytree": 0.5535478105518657, "eta": 0.09206679156736201, "gamma": 274.33490579837996, "max_depth": 9.0, "min_child_weight": 4396.9692467925615, "num_boost_round": 35.0, "subsample": 0.45942418792479134}, "datetime": {"datetime": "2024-01-20 14:06:55", "elapsed": 2713.008265, "delta": 0.001707}}
{"target": -10.315435897023256, "params": {"colsample_bytree": 0.5535478105518657, "eta": 0.09206679156736201, "gamma": 274.33490579837996, "max_depth": 9.0, "min_child_weight": 4396.9692467925615, "num_boost_round": 36.0, "subsample": 0.45942418792479134}, "datetime": {"datetime": "2024-01-20 14:06:55", "elapsed": 2713.010007, "delta": 0.001742}}
{"target": -10.315421522379138, "params": {"colsample_bytree": 0.5535478105518657, "eta": 0.09206679156736201, "gamma": 274.33490579837996, "max_depth": 9.0, "min_child_weight": 4396.9692467925615, "num_boost_round": 37.0, "subsample": 0.45942418792479134}, "datetime": {"datetime": "2024-01-20 14:06:55", "elapsed": 2713.011735, "delta": 0.001728}}
{"target": -10.315774015722516, "params": {"colsample_bytree": 0.5535478105518657, "eta": 0.09206679156736201, "gamma": 274.33490579837996, "max_depth": 9.0, "min_child_weight": 4396.9692467925615, "num_boost_round": 38.0, "subsample": 0.45942418792479134}, "datetime": {"datetime": "2024-01-20 14:06:55", "elapsed": 2713.013458, "delta": 0.001723}}
{"target": -10.316570552906395, "params": {"colsample_bytree": 0.5535478105518657, "eta": 0.09206679156736201, "gamma": 274.33490579837996, "max_depth": 9.0, "min_child_weight": 4396.9692467925615, "num_boost_round": 39.0, "subsample": 0.45942418792479134}, "datetime": {"datetime": "2024-01-20 14:06:55", "elapsed": 2713.015207, "delta": 0.001749}}
{"target": -10.317114128878707, "params": {"colsample_bytree": 0.5535478105518657, "eta": 0.09206679156736201, "gamma": 274.33490579837996, "max_depth": 9.0, "min_child_weight": 4396.9692467925615, "num_boost_round": 40.0, "subsample": 0.45942418792479134}, "datetime": {"datetime": "2024-01-20 14:06:55", "elapsed": 2713.016953, "delta": 0.001746}}
{"target": -10.317329013873483, "params": {"colsample_bytree": 0.5535478105518657, "eta": 0.09206679156736201, "gamma": 274.33490579837996, "max_depth": 9.0, "min_child_weight": 4396.9692467925615, "num_boost_round": 41.0, "subsample": 0.45942418792479134}, "datetime": {"datetime": "2024-01-20 14:06:55", "elapsed": 2713.018681, "delta": 0.001728}}
{"target": -10.317680995057215, "params": {"colsample_bytree": 0.5535478105518657, "eta": 0.09206679156736201, "gamma": 274.33490579837996, "max_depth": 9.0, "min_child_weight": 4396.9692467925615, "num_boost_round": 42.0, "subsample": 0.45942418792479134}, "datetime": {"datetime": "2024-01-20 14:06:55", "elapsed": 2713.021291, "delta": 0.00261}}
{"target": -10.29848277042844, "params": {"colsample_bytree": 0.6813356449126319, "eta": 0.00846064750831083, "gamma": 170.09629321489618, "max_depth": 9.0, "min_child_weight": 4171.849324714623, "num_boost_round": 1.0, "subsample": 0.6392391261881557}, "datetime": {"datetime": "2024-01-20 14:07:22", "elapsed": 2740.497779, "delta": 27.476488}}
{"target": -10.298472319609575, "params": {"colsample_bytree": 0.6813356449126319, "eta": 0.00846064750831083, "gamma": 170.09629321489618, "max_depth": 9.0, "min_child_weight": 4171.849324714623, "num_boost_round": 2.0, "subsample": 0.6392391261881557}, "datetime": {"datetime": "2024-01-20 14:07:22", "elapsed": 2740.501951, "delta": 0.004172}}
{"target": -10.298449096504855, "params": {"colsample_bytree": 0.6813356449126319, "eta": 0.00846064750831083, "gamma": 170.09629321489618, "max_depth": 9.0, "min_child_weight": 4171.849324714623, "num_boost_round": 3.0, "subsample": 0.6392391261881557}, "datetime": {"datetime": "2024-01-20 14:07:22", "elapsed": 2740.504502, "delta": 0.002551}}
{"target": -10.29846052081373, "params": {"colsample_bytree": 0.6813356449126319, "eta": 0.00846064750831083, "gamma": 170.09629321489618, "max_depth": 9.0, "min_child_weight": 4171.849324714623, "num_boost_round": 4.0, "subsample": 0.6392391261881557}, "datetime": {"datetime": "2024-01-20 14:07:22", "elapsed": 2740.506741, "delta": 0.002239}}
{"target": -10.298462791213346, "params": {"colsample_bytree": 0.6813356449126319, "eta": 0.00846064750831083, "gamma": 170.09629321489618, "max_depth": 9.0, "min_child_weight": 4171.849324714623, "num_boost_round": 5.0, "subsample": 0.6392391261881557}, "datetime": {"datetime": "2024-01-20 14:07:22", "elapsed": 2740.508726, "delta": 0.001985}}
{"target": -10.298412033007478, "params": {"colsample_bytree": 0.7139769539246617, "eta": 0.044575527967890244, "gamma": 308.86641171753394, "max_depth": 8.0, "min_child_weight": 4298.410823690839, "num_boost_round": 1.0, "subsample": 0.7742810934323777}, "datetime": {"datetime": "2024-01-20 14:08:01", "elapsed": 2778.892246, "delta": 38.38352}}
{"target": -10.298479099314125, "params": {"colsample_bytree": 0.7139769539246617, "eta": 0.044575527967890244, "gamma": 308.86641171753394, "max_depth": 8.0, "min_child_weight": 4298.410823690839, "num_boost_round": 2.0, "subsample": 0.7742810934323777}, "datetime": {"datetime": "2024-01-20 14:08:01", "elapsed": 2778.897859, "delta": 0.005613}}
{"target": -10.298519692316614, "params": {"colsample_bytree": 0.7139769539246617, "eta": 0.044575527967890244, "gamma": 308.86641171753394, "max_depth": 8.0, "min_child_weight": 4298.410823690839, "num_boost_round": 3.0, "subsample": 0.7742810934323777}, "datetime": {"datetime": "2024-01-20 14:08:01", "elapsed": 2778.900072, "delta": 0.002213}}
{"target": -10.298777099923356, "params": {"colsample_bytree": 0.7139769539246617, "eta": 0.044575527967890244, "gamma": 308.86641171753394, "max_depth": 8.0, "min_child_weight": 4298.410823690839, "num_boost_round": 4.0, "subsample": 0.7742810934323777}, "datetime": {"datetime": "2024-01-20 14:08:01", "elapsed": 2778.902086, "delta": 0.002014}}
{"target": -10.29900336620619, "params": {"colsample_bytree": 0.7139769539246617, "eta": 0.044575527967890244, "gamma": 308.86641171753394, "max_depth": 8.0, "min_child_weight": 4298.410823690839, "num_boost_round": 5.0, "subsample": 0.7742810934323777}, "datetime": {"datetime": "2024-01-20 14:08:01", "elapsed": 2778.904121, "delta": 0.002035}}
{"target": -10.29921124804585, "params": {"colsample_bytree": 0.7139769539246617, "eta": 0.044575527967890244, "gamma": 308.86641171753394, "max_depth": 8.0, "min_child_weight": 4298.410823690839, "num_boost_round": 6.0, "subsample": 0.7742810934323777}, "datetime": {"datetime": "2024-01-20 14:08:01", "elapsed": 2778.90607, "delta": 0.001949}}
{"target": -10.299426849472265, "params": {"colsample_bytree": 0.7139769539246617, "eta": 0.044575527967890244, "gamma": 308.86641171753394, "max_depth": 8.0, "min_child_weight": 4298.410823690839, "num_boost_round": 7.0, "subsample": 0.7742810934323777}, "datetime": {"datetime": "2024-01-20 14:08:01", "elapsed": 2778.907971, "delta": 0.001901}}
{"target": -10.299658432334203, "params": {"colsample_bytree": 0.7139769539246617, "eta": 0.044575527967890244, "gamma": 308.86641171753394, "max_depth": 8.0, "min_child_weight": 4298.410823690839, "num_boost_round": 8.0, "subsample": 0.7742810934323777}, "datetime": {"datetime": "2024-01-20 14:08:01", "elapsed": 2778.909815, "delta": 0.001844}}
{"target": -10.300027248492695, "params": {"colsample_bytree": 0.7139769539246617, "eta": 0.044575527967890244, "gamma": 308.86641171753394, "max_depth": 8.0, "min_child_weight": 4298.410823690839, "num_boost_round": 9.0, "subsample": 0.7742810934323777}, "datetime": {"datetime": "2024-01-20 14:08:01", "elapsed": 2778.911655, "delta": 0.00184}}
{"target": -10.30028990398533, "params": {"colsample_bytree": 0.7139769539246617, "eta": 0.044575527967890244, "gamma": 308.86641171753394, "max_depth": 8.0, "min_child_weight": 4298.410823690839, "num_boost_round": 10.0, "subsample": 0.7742810934323777}, "datetime": {"datetime": "2024-01-20 14:08:01", "elapsed": 2778.913438, "delta": 0.001783}}
{"target": -10.297996246283784, "params": {"colsample_bytree": 0.9307849871306813, "eta": 0.05223313482247293, "gamma": 234.76548671614782, "max_depth": 9.0, "min_child_weight": 4287.605333993537, "num_boost_round": 1.0, "subsample": 0.24477327110815664}, "datetime": {"datetime": "2024-01-20 14:08:26", "elapsed": 2804.720437, "delta": 25.806999}}
{"target": -10.297607848408179, "params": {"colsample_bytree": 0.9307849871306813, "eta": 0.05223313482247293, "gamma": 234.76548671614782, "max_depth": 9.0, "min_child_weight": 4287.605333993537, "num_boost_round": 2.0, "subsample": 0.24477327110815664}, "datetime": {"datetime": "2024-01-20 14:08:26", "elapsed": 2804.72582, "delta": 0.005383}}
{"target": -10.298525949088422, "params": {"colsample_bytree": 0.5937493040671178, "eta": 0.054872563306186416, "gamma": 353.47619728255177, "max_depth": 3.0, "min_child_weight": 4260.54790094741, "num_boost_round": 1.0, "subsample": 0.33009373884453636}, "datetime": {"datetime": "2024-01-20 14:08:55", "elapsed": 2832.820932, "delta": 28.095112}}
{"target": -10.29883879229724, "params": {"colsample_bytree": 0.5937493040671178, "eta": 0.054872563306186416, "gamma": 353.47619728255177, "max_depth": 3.0, "min_child_weight": 4260.54790094741, "num_boost_round": 2.0, "subsample": 0.33009373884453636}, "datetime": {"datetime": "2024-01-20 14:08:55", "elapsed": 2832.823669, "delta": 0.002737}}
{"target": -10.298968779041262, "params": {"colsample_bytree": 0.5937493040671178, "eta": 0.054872563306186416, "gamma": 353.47619728255177, "max_depth": 3.0, "min_child_weight": 4260.54790094741, "num_boost_round": 3.0, "subsample": 0.33009373884453636}, "datetime": {"datetime": "2024-01-20 14:08:55", "elapsed": 2832.826161, "delta": 0.002492}}
{"target": -10.29919909516454, "params": {"colsample_bytree": 0.5937493040671178, "eta": 0.054872563306186416, "gamma": 353.47619728255177, "max_depth": 3.0, "min_child_weight": 4260.54790094741, "num_boost_round": 4.0, "subsample": 0.33009373884453636}, "datetime": {"datetime": "2024-01-20 14:08:55", "elapsed": 2832.828648, "delta": 0.002487}}
{"target": -10.297558337639854, "params": {"colsample_bytree": 0.3716493333883508, "eta": 0.09987907031455856, "gamma": 362.6596349822615, "max_depth": 2.0, "min_child_weight": 4156.498885496029, "num_boost_round": 1.0, "subsample": 0.29321594099595505}, "datetime": {"datetime": "2024-01-20 14:09:25", "elapsed": 2863.009215, "delta": 30.180567}}
{"target": -10.297718810449926, "params": {"colsample_bytree": 0.3716493333883508, "eta": 0.09987907031455856, "gamma": 362.6596349822615, "max_depth": 2.0, "min_child_weight": 4156.498885496029, "num_boost_round": 2.0, "subsample": 0.29321594099595505}, "datetime": {"datetime": "2024-01-20 14:09:25", "elapsed": 2863.013297, "delta": 0.004082}}
{"target": -10.29821398837678, "params": {"colsample_bytree": 0.3716493333883508, "eta": 0.09987907031455856, "gamma": 362.6596349822615, "max_depth": 2.0, "min_child_weight": 4156.498885496029, "num_boost_round": 3.0, "subsample": 0.29321594099595505}, "datetime": {"datetime": "2024-01-20 14:09:25", "elapsed": 2863.018132, "delta": 0.004835}}
{"target": -10.298320534150644, "params": {"colsample_bytree": 0.3716493333883508, "eta": 0.09987907031455856, "gamma": 362.6596349822615, "max_depth": 2.0, "min_child_weight": 4156.498885496029, "num_boost_round": 4.0, "subsample": 0.29321594099595505}, "datetime": {"datetime": "2024-01-20 14:09:25", "elapsed": 2863.020786, "delta": 0.002654}}
{"target": -10.298987443128976, "params": {"colsample_bytree": 0.3716493333883508, "eta": 0.09987907031455856, "gamma": 362.6596349822615, "max_depth": 2.0, "min_child_weight": 4156.498885496029, "num_boost_round": 5.0, "subsample": 0.29321594099595505}, "datetime": {"datetime": "2024-01-20 14:09:25", "elapsed": 2863.022973, "delta": 0.002187}}
{"target": -10.2996972770222, "params": {"colsample_bytree": 0.3716493333883508, "eta": 0.09987907031455856, "gamma": 362.6596349822615, "max_depth": 2.0, "min_child_weight": 4156.498885496029, "num_boost_round": 6.0, "subsample": 0.29321594099595505}, "datetime": {"datetime": "2024-01-20 14:09:25", "elapsed": 2863.024879, "delta": 0.001906}}
{"target": -10.30036786788573, "params": {"colsample_bytree": 0.3716493333883508, "eta": 0.09987907031455856, "gamma": 362.6596349822615, "max_depth": 2.0, "min_child_weight": 4156.498885496029, "num_boost_round": 7.0, "subsample": 0.29321594099595505}, "datetime": {"datetime": "2024-01-20 14:09:25", "elapsed": 2863.026757, "delta": 0.001878}}
