{"target": -13.499267977995382, "params": {"colsample_bytree": 0.6732268587275853, "eta": 0.03370938669508766, "gamma": 694.2000294697316, "max_depth": 9.0, "min_child_weight": 3956.996300135585, "num_boost_round": 104.0, "subsample": 0.27573051021457906}, "datetime": {"datetime": "2024-01-20 14:35:37", "elapsed": 691.272624, "delta": 0.001281}}
{"target": -13.499383428563808, "params": {"colsample_bytree": 0.6732268587275853, "eta": 0.03370938669508766, "gamma": 694.2000294697316, "max_depth": 9.0, "min_child_weight": 3956.996300135585, "num_boost_round": 105.0, "subsample": 0.27573051021457906}, "datetime": {"datetime": "2024-01-20 14:35:37", "elapsed": 691.273806, "delta": 0.001182}}
{"target": -13.499433201655865, "params": {"colsample_bytree": 0.6732268587275853, "eta": 0.03370938669508766, "gamma": 694.2000294697316, "max_depth": 9.0, "min_child_weight": 3956.996300135585, "num_boost_round": 106.0, "subsample": 0.27573051021457906}, "datetime": {"datetime": "2024-01-20 14:35:37", "elapsed": 691.275042, "delta": 0.001236}}
{"target": -13.499516469586066, "params": {"colsample_bytree": 0.6732268587275853, "eta": 0.03370938669508766, "gamma": 694.2000294697316, "max_depth": 9.0, "min_child_weight": 3956.996300135585, "num_boost_round": 107.0, "subsample": 0.27573051021457906}, "datetime": {"datetime": "2024-01-20 14:35:37", "elapsed": 691.276225, "delta": 0.001183}}
{"target": -13.499499896524767, "params": {"colsample_bytree": 0.6732268587275853, "eta": 0.03370938669508766, "gamma": 694.2000294697316, "max_depth": 9.0, "min_child_weight": 3956.996300135585, "num_boost_round": 108.0, "subsample": 0.27573051021457906}, "datetime": {"datetime": "2024-01-20 14:35:37", "elapsed": 691.277409, "delta": 0.001184}}
{"target": -13.499576304671512, "params": {"colsample_bytree": 0.6732268587275853, "eta": 0.03370938669508766, "gamma": 694.2000294697316, "max_depth": 9.0, "min_child_weight": 3956.996300135585, "num_boost_round": 109.0, "subsample": 0.27573051021457906}, "datetime": {"datetime": "2024-01-20 14:35:37", "elapsed": 691.278596, "delta": 0.001187}}
{"target": -13.499677483962344, "params": {"colsample_bytree": 0.6732268587275853, "eta": 0.03370938669508766, "gamma": 694.2000294697316, "max_depth": 9.0, "min_child_weight": 3956.996300135585, "num_boost_round": 110.0, "subsample": 0.27573051021457906}, "datetime": {"datetime": "2024-01-20 14:35:37", "elapsed": 691.279811, "delta": 0.001215}}
{"target": -13.499764121813405, "params": {"colsample_bytree": 0.6732268587275853, "eta": 0.03370938669508766, "gamma": 694.2000294697316, "max_depth": 9.0, "min_child_weight": 3956.996300135585, "num_boost_round": 111.0, "subsample": 0.27573051021457906}, "datetime": {"datetime": "2024-01-20 14:35:37", "elapsed": 691.281011, "delta": 0.0012}}
{"target": -13.499799531333135, "params": {"colsample_bytree": 0.6732268587275853, "eta": 0.03370938669508766, "gamma": 694.2000294697316, "max_depth": 9.0, "min_child_weight": 3956.996300135585, "num_boost_round": 112.0, "subsample": 0.27573051021457906}, "datetime": {"datetime": "2024-01-20 14:35:37", "elapsed": 691.282206, "delta": 0.001195}}
{"target": -13.499887089112054, "params": {"colsample_bytree": 0.6732268587275853, "eta": 0.03370938669508766, "gamma": 694.2000294697316, "max_depth": 9.0, "min_child_weight": 3956.996300135585, "num_boost_round": 113.0, "subsample": 0.27573051021457906}, "datetime": {"datetime": "2024-01-20 14:35:37", "elapsed": 691.283396, "delta": 0.00119}}
{"target": -13.499937946850354, "params": {"colsample_bytree": 0.6732268587275853, "eta": 0.03370938669508766, "gamma": 694.2000294697316, "max_depth": 9.0, "min_child_weight": 3956.996300135585, "num_boost_round": 114.0, "subsample": 0.27573051021457906}, "datetime": {"datetime": "2024-01-20 14:35:37", "elapsed": 691.284584, "delta": 0.001188}}
{"target": -13.497798224867958, "params": {"colsample_bytree": 0.8264426589595709, "eta": 0.04955722769559252, "gamma": 744.1308769674797, "max_depth": 2.0, "min_child_weight": 3923.8249832541633, "num_boost_round": 1.0, "subsample": 0.5028526646979594}, "datetime": {"datetime": "2024-01-20 14:35:57", "elapsed": 711.300071, "delta": 20.015487}}
{"target": -13.49789118125643, "params": {"colsample_bytree": 0.8264426589595709, "eta": 0.04955722769559252, "gamma": 744.1308769674797, "max_depth": 2.0, "min_child_weight": 3923.8249832541633, "num_boost_round": 2.0, "subsample": 0.5028526646979594}, "datetime": {"datetime": "2024-01-20 14:35:57", "elapsed": 711.302491, "delta": 0.00242}}
{"target": -13.497936762115796, "params": {"colsample_bytree": 0.8264426589595709, "eta": 0.04955722769559252, "gamma": 744.1308769674797, "max_depth": 2.0, "min_child_weight": 3923.8249832541633, "num_boost_round": 3.0, "subsample": 0.5028526646979594}, "datetime": {"datetime": "2024-01-20 14:35:57", "elapsed": 711.303752, "delta": 0.001261}}
{"target": -13.49783547888095, "params": {"colsample_bytree": 0.8264426589595709, "eta": 0.04955722769559252, "gamma": 744.1308769674797, "max_depth": 2.0, "min_child_weight": 3923.8249832541633, "num_boost_round": 4.0, "subsample": 0.5028526646979594}, "datetime": {"datetime": "2024-01-20 14:35:57", "elapsed": 711.305129, "delta": 0.001377}}
{"target": -13.497799190371573, "params": {"colsample_bytree": 0.8264426589595709, "eta": 0.04955722769559252, "gamma": 744.1308769674797, "max_depth": 2.0, "min_child_weight": 3923.8249832541633, "num_boost_round": 5.0, "subsample": 0.5028526646979594}, "datetime": {"datetime": "2024-01-20 14:35:57", "elapsed": 711.306658, "delta": 0.001529}}
{"target": -13.497792041635554, "params": {"colsample_bytree": 0.8264426589595709, "eta": 0.04955722769559252, "gamma": 744.1308769674797, "max_depth": 2.0, "min_child_weight": 3923.8249832541633, "num_boost_round": 6.0, "subsample": 0.5028526646979594}, "datetime": {"datetime": "2024-01-20 14:35:57", "elapsed": 711.307905, "delta": 0.001247}}
{"target": -13.498025356472624, "params": {"colsample_bytree": 0.8264426589595709, "eta": 0.04955722769559252, "gamma": 744.1308769674797, "max_depth": 2.0, "min_child_weight": 3923.8249832541633, "num_boost_round": 7.0, "subsample": 0.5028526646979594}, "datetime": {"datetime": "2024-01-20 14:35:57", "elapsed": 711.30918, "delta": 0.001275}}
{"target": -13.49802563039638, "params": {"colsample_bytree": 0.8264426589595709, "eta": 0.04955722769559252, "gamma": 744.1308769674797, "max_depth": 2.0, "min_child_weight": 3923.8249832541633, "num_boost_round": 8.0, "subsample": 0.5028526646979594}, "datetime": {"datetime": "2024-01-20 14:35:57", "elapsed": 711.310395, "delta": 0.001215}}
{"target": -13.498138078694364, "params": {"colsample_bytree": 0.8264426589595709, "eta": 0.04955722769559252, "gamma": 744.1308769674797, "max_depth": 2.0, "min_child_weight": 3923.8249832541633, "num_boost_round": 9.0, "subsample": 0.5028526646979594}, "datetime": {"datetime": "2024-01-20 14:35:57", "elapsed": 711.311737, "delta": 0.001342}}
{"target": -13.498465054956057, "params": {"colsample_bytree": 0.8264426589595709, "eta": 0.04955722769559252, "gamma": 744.1308769674797, "max_depth": 2.0, "min_child_weight": 3923.8249832541633, "num_boost_round": 10.0, "subsample": 0.5028526646979594}, "datetime": {"datetime": "2024-01-20 14:35:57", "elapsed": 711.312982, "delta": 0.001245}}
{"target": -13.498656894835456, "params": {"colsample_bytree": 0.8264426589595709, "eta": 0.04955722769559252, "gamma": 744.1308769674797, "max_depth": 2.0, "min_child_weight": 3923.8249832541633, "num_boost_round": 11.0, "subsample": 0.5028526646979594}, "datetime": {"datetime": "2024-01-20 14:35:57", "elapsed": 711.314247, "delta": 0.001265}}
{"target": -13.498695264315266, "params": {"colsample_bytree": 0.8264426589595709, "eta": 0.04955722769559252, "gamma": 744.1308769674797, "max_depth": 2.0, "min_child_weight": 3923.8249832541633, "num_boost_round": 12.0, "subsample": 0.5028526646979594}, "datetime": {"datetime": "2024-01-20 14:35:57", "elapsed": 711.315549, "delta": 0.001302}}
{"target": -13.497710539549612, "params": {"colsample_bytree": 0.9392415756287734, "eta": 0.04058694637804179, "gamma": 598.7306302850801, "max_depth": 8.0, "min_child_weight": 3875.023501401551, "num_boost_round": 1.0, "subsample": 0.5999255460417435}, "datetime": {"datetime": "2024-01-20 14:36:17", "elapsed": 730.648688, "delta": 19.333139}}
{"target": -13.49750998311231, "params": {"colsample_bytree": 0.9392415756287734, "eta": 0.04058694637804179, "gamma": 598.7306302850801, "max_depth": 8.0, "min_child_weight": 3875.023501401551, "num_boost_round": 2.0, "subsample": 0.5999255460417435}, "datetime": {"datetime": "2024-01-20 14:36:17", "elapsed": 730.650123, "delta": 0.001435}}
{"target": -13.497473683719075, "params": {"colsample_bytree": 0.9392415756287734, "eta": 0.04058694637804179, "gamma": 598.7306302850801, "max_depth": 8.0, "min_child_weight": 3875.023501401551, "num_boost_round": 3.0, "subsample": 0.5999255460417435}, "datetime": {"datetime": "2024-01-20 14:36:17", "elapsed": 730.652475, "delta": 0.002352}}
{"target": -13.497514975782696, "params": {"colsample_bytree": 0.9392415756287734, "eta": 0.04058694637804179, "gamma": 598.7306302850801, "max_depth": 8.0, "min_child_weight": 3875.023501401551, "num_boost_round": 4.0, "subsample": 0.5999255460417435}, "datetime": {"datetime": "2024-01-20 14:36:17", "elapsed": 730.653823, "delta": 0.001348}}
{"target": -13.49738102943587, "params": {"colsample_bytree": 0.9392415756287734, "eta": 0.04058694637804179, "gamma": 598.7306302850801, "max_depth": 8.0, "min_child_weight": 3875.023501401551, "num_boost_round": 5.0, "subsample": 0.5999255460417435}, "datetime": {"datetime": "2024-01-20 14:36:17", "elapsed": 730.655111, "delta": 0.001288}}
{"target": -13.497513825469852, "params": {"colsample_bytree": 0.9392415756287734, "eta": 0.04058694637804179, "gamma": 598.7306302850801, "max_depth": 8.0, "min_child_weight": 3875.023501401551, "num_boost_round": 6.0, "subsample": 0.5999255460417435}, "datetime": {"datetime": "2024-01-20 14:36:17", "elapsed": 730.656345, "delta": 0.001234}}
{"target": -13.497880093461209, "params": {"colsample_bytree": 0.44202607729959476, "eta": 0.021637760009739673, "gamma": 495.56529609088517, "max_depth": 4.0, "min_child_weight": 4312.4644208741865, "num_boost_round": 1.0, "subsample": 0.8839893243294997}, "datetime": {"datetime": "2024-01-20 14:36:40", "elapsed": 753.540563, "delta": 22.884218}}
{"target": -13.497855629448196, "params": {"colsample_bytree": 0.44202607729959476, "eta": 0.021637760009739673, "gamma": 495.56529609088517, "max_depth": 4.0, "min_child_weight": 4312.4644208741865, "num_boost_round": 2.0, "subsample": 0.8839893243294997}, "datetime": {"datetime": "2024-01-20 14:36:40", "elapsed": 753.543373, "delta": 0.00281}}
{"target": -13.49785877280259, "params": {"colsample_bytree": 0.44202607729959476, "eta": 0.021637760009739673, "gamma": 495.56529609088517, "max_depth": 4.0, "min_child_weight": 4312.4644208741865, "num_boost_round": 3.0, "subsample": 0.8839893243294997}, "datetime": {"datetime": "2024-01-20 14:36:40", "elapsed": 753.544662, "delta": 0.001289}}
{"target": -13.497957678597928, "params": {"colsample_bytree": 0.44202607729959476, "eta": 0.021637760009739673, "gamma": 495.56529609088517, "max_depth": 4.0, "min_child_weight": 4312.4644208741865, "num_boost_round": 4.0, "subsample": 0.8839893243294997}, "datetime": {"datetime": "2024-01-20 14:36:40", "elapsed": 753.546046, "delta": 0.001384}}
{"target": -13.497905509384907, "params": {"colsample_bytree": 0.44202607729959476, "eta": 0.021637760009739673, "gamma": 495.56529609088517, "max_depth": 4.0, "min_child_weight": 4312.4644208741865, "num_boost_round": 5.0, "subsample": 0.8839893243294997}, "datetime": {"datetime": "2024-01-20 14:36:40", "elapsed": 753.547286, "delta": 0.00124}}
{"target": -13.497955635328024, "params": {"colsample_bytree": 0.44202607729959476, "eta": 0.021637760009739673, "gamma": 495.56529609088517, "max_depth": 4.0, "min_child_weight": 4312.4644208741865, "num_boost_round": 6.0, "subsample": 0.8839893243294997}, "datetime": {"datetime": "2024-01-20 14:36:40", "elapsed": 753.548548, "delta": 0.001262}}
{"target": -13.49803415068973, "params": {"colsample_bytree": 0.44202607729959476, "eta": 0.021637760009739673, "gamma": 495.56529609088517, "max_depth": 4.0, "min_child_weight": 4312.4644208741865, "num_boost_round": 7.0, "subsample": 0.8839893243294997}, "datetime": {"datetime": "2024-01-20 14:36:40", "elapsed": 753.549855, "delta": 0.001307}}
{"target": -13.498039070822472, "params": {"colsample_bytree": 0.44202607729959476, "eta": 0.021637760009739673, "gamma": 495.56529609088517, "max_depth": 4.0, "min_child_weight": 4312.4644208741865, "num_boost_round": 8.0, "subsample": 0.8839893243294997}, "datetime": {"datetime": "2024-01-20 14:36:40", "elapsed": 753.551102, "delta": 0.001247}}
{"target": -13.49793222225663, "params": {"colsample_bytree": 0.44202607729959476, "eta": 0.021637760009739673, "gamma": 495.56529609088517, "max_depth": 4.0, "min_child_weight": 4312.4644208741865, "num_boost_round": 9.0, "subsample": 0.8839893243294997}, "datetime": {"datetime": "2024-01-20 14:36:40", "elapsed": 753.552466, "delta": 0.001364}}
{"target": -13.497981897783852, "params": {"colsample_bytree": 0.44202607729959476, "eta": 0.021637760009739673, "gamma": 495.56529609088517, "max_depth": 4.0, "min_child_weight": 4312.4644208741865, "num_boost_round": 10.0, "subsample": 0.8839893243294997}, "datetime": {"datetime": "2024-01-20 14:36:40", "elapsed": 753.553692, "delta": 0.001226}}
{"target": -13.498015453960186, "params": {"colsample_bytree": 0.44202607729959476, "eta": 0.021637760009739673, "gamma": 495.56529609088517, "max_depth": 4.0, "min_child_weight": 4312.4644208741865, "num_boost_round": 11.0, "subsample": 0.8839893243294997}, "datetime": {"datetime": "2024-01-20 14:36:40", "elapsed": 753.554959, "delta": 0.001267}}
{"target": -13.498114854392298, "params": {"colsample_bytree": 0.44202607729959476, "eta": 0.021637760009739673, "gamma": 495.56529609088517, "max_depth": 4.0, "min_child_weight": 4312.4644208741865, "num_boost_round": 12.0, "subsample": 0.8839893243294997}, "datetime": {"datetime": "2024-01-20 14:36:40", "elapsed": 753.556197, "delta": 0.001238}}
{"target": -13.498060252645917, "params": {"colsample_bytree": 0.44202607729959476, "eta": 0.021637760009739673, "gamma": 495.56529609088517, "max_depth": 4.0, "min_child_weight": 4312.4644208741865, "num_boost_round": 13.0, "subsample": 0.8839893243294997}, "datetime": {"datetime": "2024-01-20 14:36:40", "elapsed": 753.55743, "delta": 0.001233}}
{"target": -13.498157120192118, "params": {"colsample_bytree": 0.44202607729959476, "eta": 0.021637760009739673, "gamma": 495.56529609088517, "max_depth": 4.0, "min_child_weight": 4312.4644208741865, "num_boost_round": 14.0, "subsample": 0.8839893243294997}, "datetime": {"datetime": "2024-01-20 14:36:40", "elapsed": 753.558659, "delta": 0.001229}}
{"target": -13.497803907743176, "params": {"colsample_bytree": 0.3771592140075569, "eta": 0.05810490047785509, "gamma": 531.4430173518077, "max_depth": 5.0, "min_child_weight": 3891.9968543532523, "num_boost_round": 1.0, "subsample": 0.26651269787146303}, "datetime": {"datetime": "2024-01-20 14:37:09", "elapsed": 783.026281, "delta": 29.467622}}
{"target": -13.497299863054202, "params": {"colsample_bytree": 0.3771592140075569, "eta": 0.05810490047785509, "gamma": 531.4430173518077, "max_depth": 5.0, "min_child_weight": 3891.9968543532523, "num_boost_round": 2.0, "subsample": 0.26651269787146303}, "datetime": {"datetime": "2024-01-20 14:37:09", "elapsed": 783.029222, "delta": 0.002941}}
{"target": -13.497152189540696, "params": {"colsample_bytree": 0.3771592140075569, "eta": 0.05810490047785509, "gamma": 531.4430173518077, "max_depth": 5.0, "min_child_weight": 3891.9968543532523, "num_boost_round": 3.0, "subsample": 0.26651269787146303}, "datetime": {"datetime": "2024-01-20 14:37:09", "elapsed": 783.031254, "delta": 0.002032}}
{"target": -13.497055214128144, "params": {"colsample_bytree": 0.3771592140075569, "eta": 0.05810490047785509, "gamma": 531.4430173518077, "max_depth": 5.0, "min_child_weight": 3891.9968543532523, "num_boost_round": 4.0, "subsample": 0.26651269787146303}, "datetime": {"datetime": "2024-01-20 14:37:09", "elapsed": 783.032722, "delta": 0.001468}}
{"target": -13.496401938082146, "params": {"colsample_bytree": 0.3771592140075569, "eta": 0.05810490047785509, "gamma": 531.4430173518077, "max_depth": 5.0, "min_child_weight": 3891.9968543532523, "num_boost_round": 5.0, "subsample": 0.26651269787146303}, "datetime": {"datetime": "2024-01-20 14:37:09", "elapsed": 783.034159, "delta": 0.001437}}
{"target": -13.49605091605351, "params": {"colsample_bytree": 0.3771592140075569, "eta": 0.05810490047785509, "gamma": 531.4430173518077, "max_depth": 5.0, "min_child_weight": 3891.9968543532523, "num_boost_round": 6.0, "subsample": 0.26651269787146303}, "datetime": {"datetime": "2024-01-20 14:37:09", "elapsed": 783.03552, "delta": 0.001361}}
{"target": -13.49587971491171, "params": {"colsample_bytree": 0.3771592140075569, "eta": 0.05810490047785509, "gamma": 531.4430173518077, "max_depth": 5.0, "min_child_weight": 3891.9968543532523, "num_boost_round": 7.0, "subsample": 0.26651269787146303}, "datetime": {"datetime": "2024-01-20 14:37:09", "elapsed": 783.036932, "delta": 0.001412}}
{"target": -13.495686253301194, "params": {"colsample_bytree": 0.3771592140075569, "eta": 0.05810490047785509, "gamma": 531.4430173518077, "max_depth": 5.0, "min_child_weight": 3891.9968543532523, "num_boost_round": 8.0, "subsample": 0.26651269787146303}, "datetime": {"datetime": "2024-01-20 14:37:09", "elapsed": 783.038205, "delta": 0.001273}}
{"target": -13.495683089401584, "params": {"colsample_bytree": 0.3771592140075569, "eta": 0.05810490047785509, "gamma": 531.4430173518077, "max_depth": 5.0, "min_child_weight": 3891.9968543532523, "num_boost_round": 9.0, "subsample": 0.26651269787146303}, "datetime": {"datetime": "2024-01-20 14:37:09", "elapsed": 783.039482, "delta": 0.001277}}
{"target": -13.495473780176187, "params": {"colsample_bytree": 0.3771592140075569, "eta": 0.05810490047785509, "gamma": 531.4430173518077, "max_depth": 5.0, "min_child_weight": 3891.9968543532523, "num_boost_round": 10.0, "subsample": 0.26651269787146303}, "datetime": {"datetime": "2024-01-20 14:37:09", "elapsed": 783.040725, "delta": 0.001243}}
{"target": -13.495412376421033, "params": {"colsample_bytree": 0.3771592140075569, "eta": 0.05810490047785509, "gamma": 531.4430173518077, "max_depth": 5.0, "min_child_weight": 3891.9968543532523, "num_boost_round": 11.0, "subsample": 0.26651269787146303}, "datetime": {"datetime": "2024-01-20 14:37:09", "elapsed": 783.041991, "delta": 0.001266}}
{"target": -13.495274369242502, "params": {"colsample_bytree": 0.3771592140075569, "eta": 0.05810490047785509, "gamma": 531.4430173518077, "max_depth": 5.0, "min_child_weight": 3891.9968543532523, "num_boost_round": 12.0, "subsample": 0.26651269787146303}, "datetime": {"datetime": "2024-01-20 14:37:09", "elapsed": 783.043264, "delta": 0.001273}}
{"target": -13.49509629129868, "params": {"colsample_bytree": 0.3771592140075569, "eta": 0.05810490047785509, "gamma": 531.4430173518077, "max_depth": 5.0, "min_child_weight": 3891.9968543532523, "num_boost_round": 13.0, "subsample": 0.26651269787146303}, "datetime": {"datetime": "2024-01-20 14:37:09", "elapsed": 783.044604, "delta": 0.00134}}
{"target": -13.494982266999365, "params": {"colsample_bytree": 0.3771592140075569, "eta": 0.05810490047785509, "gamma": 531.4430173518077, "max_depth": 5.0, "min_child_weight": 3891.9968543532523, "num_boost_round": 14.0, "subsample": 0.26651269787146303}, "datetime": {"datetime": "2024-01-20 14:37:09", "elapsed": 783.045952, "delta": 0.001348}}
{"target": -13.494848106371478, "params": {"colsample_bytree": 0.3771592140075569, "eta": 0.05810490047785509, "gamma": 531.4430173518077, "max_depth": 5.0, "min_child_weight": 3891.9968543532523, "num_boost_round": 15.0, "subsample": 0.26651269787146303}, "datetime": {"datetime": "2024-01-20 14:37:09", "elapsed": 783.047273, "delta": 0.001321}}
{"target": -13.494807951583645, "params": {"colsample_bytree": 0.3771592140075569, "eta": 0.05810490047785509, "gamma": 531.4430173518077, "max_depth": 5.0, "min_child_weight": 3891.9968543532523, "num_boost_round": 16.0, "subsample": 0.26651269787146303}, "datetime": {"datetime": "2024-01-20 14:37:09", "elapsed": 783.048808, "delta": 0.001535}}
{"target": -13.49449832043853, "params": {"colsample_bytree": 0.3771592140075569, "eta": 0.05810490047785509, "gamma": 531.4430173518077, "max_depth": 5.0, "min_child_weight": 3891.9968543532523, "num_boost_round": 17.0, "subsample": 0.26651269787146303}, "datetime": {"datetime": "2024-01-20 14:37:09", "elapsed": 783.050282, "delta": 0.001474}}
{"target": -13.494489238443327, "params": {"colsample_bytree": 0.3771592140075569, "eta": 0.05810490047785509, "gamma": 531.4430173518077, "max_depth": 5.0, "min_child_weight": 3891.9968543532523, "num_boost_round": 18.0, "subsample": 0.26651269787146303}, "datetime": {"datetime": "2024-01-20 14:37:09", "elapsed": 783.051812, "delta": 0.00153}}
{"target": -13.494534311311504, "params": {"colsample_bytree": 0.3771592140075569, "eta": 0.05810490047785509, "gamma": 531.4430173518077, "max_depth": 5.0, "min_child_weight": 3891.9968543532523, "num_boost_round": 19.0, "subsample": 0.26651269787146303}, "datetime": {"datetime": "2024-01-20 14:37:09", "elapsed": 783.053422, "delta": 0.00161}}
{"target": -13.49443389649006, "params": {"colsample_bytree": 0.3771592140075569, "eta": 0.05810490047785509, "gamma": 531.4430173518077, "max_depth": 5.0, "min_child_weight": 3891.9968543532523, "num_boost_round": 20.0, "subsample": 0.26651269787146303}, "datetime": {"datetime": "2024-01-20 14:37:09", "elapsed": 783.054995, "delta": 0.001573}}
