{"target": -13.49530588353393, "params": {"colsample_bytree": 0.8571597805303479, "eta": 0.06390346336295169, "gamma": 746.3874142756148, "max_depth": 6.0, "min_child_weight": 4412.418004479166, "num_boost_round": 9.0, "subsample": 0.42624582446451165}, "datetime": {"datetime": "2024-01-20 15:03:33", "elapsed": 2367.412338, "delta": 0.003599}}
{"target": -13.49547338876737, "params": {"colsample_bytree": 0.8571597805303479, "eta": 0.06390346336295169, "gamma": 746.3874142756148, "max_depth": 6.0, "min_child_weight": 4412.418004479166, "num_boost_round": 10.0, "subsample": 0.42624582446451165}, "datetime": {"datetime": "2024-01-20 15:03:33", "elapsed": 2367.415917, "delta": 0.003579}}
{"target": -13.49583575624564, "params": {"colsample_bytree": 0.8571597805303479, "eta": 0.06390346336295169, "gamma": 746.3874142756148, "max_depth": 6.0, "min_child_weight": 4412.418004479166, "num_boost_round": 11.0, "subsample": 0.42624582446451165}, "datetime": {"datetime": "2024-01-20 15:03:33", "elapsed": 2367.419557, "delta": 0.00364}}
{"target": -13.49584647995636, "params": {"colsample_bytree": 0.8571597805303479, "eta": 0.06390346336295169, "gamma": 746.3874142756148, "max_depth": 6.0, "min_child_weight": 4412.418004479166, "num_boost_round": 12.0, "subsample": 0.42624582446451165}, "datetime": {"datetime": "2024-01-20 15:03:33", "elapsed": 2367.423211, "delta": 0.003654}}
{"target": -13.495864761275545, "params": {"colsample_bytree": 0.8571597805303479, "eta": 0.06390346336295169, "gamma": 746.3874142756148, "max_depth": 6.0, "min_child_weight": 4412.418004479166, "num_boost_round": 13.0, "subsample": 0.42624582446451165}, "datetime": {"datetime": "2024-01-20 15:03:33", "elapsed": 2367.426794, "delta": 0.003583}}
{"target": -13.495693770783305, "params": {"colsample_bytree": 0.8571597805303479, "eta": 0.06390346336295169, "gamma": 746.3874142756148, "max_depth": 6.0, "min_child_weight": 4412.418004479166, "num_boost_round": 14.0, "subsample": 0.42624582446451165}, "datetime": {"datetime": "2024-01-20 15:03:33", "elapsed": 2367.430296, "delta": 0.003502}}
{"target": -13.496043847186609, "params": {"colsample_bytree": 0.8571597805303479, "eta": 0.06390346336295169, "gamma": 746.3874142756148, "max_depth": 6.0, "min_child_weight": 4412.418004479166, "num_boost_round": 15.0, "subsample": 0.42624582446451165}, "datetime": {"datetime": "2024-01-20 15:03:33", "elapsed": 2367.433776, "delta": 0.00348}}
{"target": -13.49617378906107, "params": {"colsample_bytree": 0.8571597805303479, "eta": 0.06390346336295169, "gamma": 746.3874142756148, "max_depth": 6.0, "min_child_weight": 4412.418004479166, "num_boost_round": 16.0, "subsample": 0.42624582446451165}, "datetime": {"datetime": "2024-01-20 15:03:33", "elapsed": 2367.437269, "delta": 0.003493}}
{"target": -13.496244572792929, "params": {"colsample_bytree": 0.8571597805303479, "eta": 0.06390346336295169, "gamma": 746.3874142756148, "max_depth": 6.0, "min_child_weight": 4412.418004479166, "num_boost_round": 17.0, "subsample": 0.42624582446451165}, "datetime": {"datetime": "2024-01-20 15:03:33", "elapsed": 2367.440828, "delta": 0.003559}}
{"target": -13.496399892362156, "params": {"colsample_bytree": 0.8571597805303479, "eta": 0.06390346336295169, "gamma": 746.3874142756148, "max_depth": 6.0, "min_child_weight": 4412.418004479166, "num_boost_round": 18.0, "subsample": 0.42624582446451165}, "datetime": {"datetime": "2024-01-20 15:03:34", "elapsed": 2367.444356, "delta": 0.003528}}
{"target": -13.496600921106712, "params": {"colsample_bytree": 0.8571597805303479, "eta": 0.06390346336295169, "gamma": 746.3874142756148, "max_depth": 6.0, "min_child_weight": 4412.418004479166, "num_boost_round": 19.0, "subsample": 0.42624582446451165}, "datetime": {"datetime": "2024-01-20 15:03:34", "elapsed": 2367.447944, "delta": 0.003588}}
{"target": -13.496755526150373, "params": {"colsample_bytree": 0.8571597805303479, "eta": 0.06390346336295169, "gamma": 746.3874142756148, "max_depth": 6.0, "min_child_weight": 4412.418004479166, "num_boost_round": 20.0, "subsample": 0.42624582446451165}, "datetime": {"datetime": "2024-01-20 15:03:34", "elapsed": 2367.451472, "delta": 0.003528}}
{"target": -13.49691245561641, "params": {"colsample_bytree": 0.8571597805303479, "eta": 0.06390346336295169, "gamma": 746.3874142756148, "max_depth": 6.0, "min_child_weight": 4412.418004479166, "num_boost_round": 21.0, "subsample": 0.42624582446451165}, "datetime": {"datetime": "2024-01-20 15:03:34", "elapsed": 2367.455024, "delta": 0.003552}}
{"target": -13.497000351195787, "params": {"colsample_bytree": 0.8571597805303479, "eta": 0.06390346336295169, "gamma": 746.3874142756148, "max_depth": 6.0, "min_child_weight": 4412.418004479166, "num_boost_round": 22.0, "subsample": 0.42624582446451165}, "datetime": {"datetime": "2024-01-20 15:03:34", "elapsed": 2367.458545, "delta": 0.003521}}
{"target": -13.497179657937348, "params": {"colsample_bytree": 0.8571597805303479, "eta": 0.06390346336295169, "gamma": 746.3874142756148, "max_depth": 6.0, "min_child_weight": 4412.418004479166, "num_boost_round": 23.0, "subsample": 0.42624582446451165}, "datetime": {"datetime": "2024-01-20 15:03:34", "elapsed": 2367.462078, "delta": 0.003533}}
{"target": -13.497250186619716, "params": {"colsample_bytree": 0.8571597805303479, "eta": 0.06390346336295169, "gamma": 746.3874142756148, "max_depth": 6.0, "min_child_weight": 4412.418004479166, "num_boost_round": 24.0, "subsample": 0.42624582446451165}, "datetime": {"datetime": "2024-01-20 15:03:34", "elapsed": 2367.465686, "delta": 0.003608}}
{"target": -13.497054217885895, "params": {"colsample_bytree": 0.8571597805303479, "eta": 0.06390346336295169, "gamma": 746.3874142756148, "max_depth": 6.0, "min_child_weight": 4412.418004479166, "num_boost_round": 25.0, "subsample": 0.42624582446451165}, "datetime": {"datetime": "2024-01-20 15:03:34", "elapsed": 2367.469211, "delta": 0.003525}}
{"target": -13.496941476879591, "params": {"colsample_bytree": 0.8571597805303479, "eta": 0.06390346336295169, "gamma": 746.3874142756148, "max_depth": 6.0, "min_child_weight": 4412.418004479166, "num_boost_round": 26.0, "subsample": 0.42624582446451165}, "datetime": {"datetime": "2024-01-20 15:03:34", "elapsed": 2367.472726, "delta": 0.003515}}
{"target": -13.49700252069361, "params": {"colsample_bytree": 0.8571597805303479, "eta": 0.06390346336295169, "gamma": 746.3874142756148, "max_depth": 6.0, "min_child_weight": 4412.418004479166, "num_boost_round": 27.0, "subsample": 0.42624582446451165}, "datetime": {"datetime": "2024-01-20 15:03:34", "elapsed": 2367.476255, "delta": 0.003529}}
{"target": -13.497254059111928, "params": {"colsample_bytree": 0.8571597805303479, "eta": 0.06390346336295169, "gamma": 746.3874142756148, "max_depth": 6.0, "min_child_weight": 4412.418004479166, "num_boost_round": 28.0, "subsample": 0.42624582446451165}, "datetime": {"datetime": "2024-01-20 15:03:34", "elapsed": 2367.479777, "delta": 0.003522}}
{"target": -13.497378673178009, "params": {"colsample_bytree": 0.8571597805303479, "eta": 0.06390346336295169, "gamma": 746.3874142756148, "max_depth": 6.0, "min_child_weight": 4412.418004479166, "num_boost_round": 29.0, "subsample": 0.42624582446451165}, "datetime": {"datetime": "2024-01-20 15:03:34", "elapsed": 2367.483297, "delta": 0.00352}}
{"target": -13.497206794958538, "params": {"colsample_bytree": 0.8571597805303479, "eta": 0.06390346336295169, "gamma": 746.3874142756148, "max_depth": 6.0, "min_child_weight": 4412.418004479166, "num_boost_round": 30.0, "subsample": 0.42624582446451165}, "datetime": {"datetime": "2024-01-20 15:03:34", "elapsed": 2367.486825, "delta": 0.003528}}
{"target": -13.497345307449876, "params": {"colsample_bytree": 0.8571597805303479, "eta": 0.06390346336295169, "gamma": 746.3874142756148, "max_depth": 6.0, "min_child_weight": 4412.418004479166, "num_boost_round": 31.0, "subsample": 0.42624582446451165}, "datetime": {"datetime": "2024-01-20 15:03:34", "elapsed": 2367.490437, "delta": 0.003612}}
{"target": -13.497566026491288, "params": {"colsample_bytree": 0.8571597805303479, "eta": 0.06390346336295169, "gamma": 746.3874142756148, "max_depth": 6.0, "min_child_weight": 4412.418004479166, "num_boost_round": 32.0, "subsample": 0.42624582446451165}, "datetime": {"datetime": "2024-01-20 15:03:34", "elapsed": 2367.493998, "delta": 0.003561}}
{"target": -13.497819315289934, "params": {"colsample_bytree": 0.8571597805303479, "eta": 0.06390346336295169, "gamma": 746.3874142756148, "max_depth": 6.0, "min_child_weight": 4412.418004479166, "num_boost_round": 33.0, "subsample": 0.42624582446451165}, "datetime": {"datetime": "2024-01-20 15:03:34", "elapsed": 2367.497537, "delta": 0.003539}}
{"target": -13.497861904211813, "params": {"colsample_bytree": 0.8571597805303479, "eta": 0.06390346336295169, "gamma": 746.3874142756148, "max_depth": 6.0, "min_child_weight": 4412.418004479166, "num_boost_round": 34.0, "subsample": 0.42624582446451165}, "datetime": {"datetime": "2024-01-20 15:03:34", "elapsed": 2367.501079, "delta": 0.003542}}
{"target": -13.497671758217209, "params": {"colsample_bytree": 0.8571597805303479, "eta": 0.06390346336295169, "gamma": 746.3874142756148, "max_depth": 6.0, "min_child_weight": 4412.418004479166, "num_boost_round": 35.0, "subsample": 0.42624582446451165}, "datetime": {"datetime": "2024-01-20 15:03:34", "elapsed": 2367.50463, "delta": 0.003551}}
{"target": -13.497737366062065, "params": {"colsample_bytree": 0.8571597805303479, "eta": 0.06390346336295169, "gamma": 746.3874142756148, "max_depth": 6.0, "min_child_weight": 4412.418004479166, "num_boost_round": 36.0, "subsample": 0.42624582446451165}, "datetime": {"datetime": "2024-01-20 15:03:34", "elapsed": 2367.508275, "delta": 0.003645}}
{"target": -13.497753004398385, "params": {"colsample_bytree": 0.8571597805303479, "eta": 0.06390346336295169, "gamma": 746.3874142756148, "max_depth": 6.0, "min_child_weight": 4412.418004479166, "num_boost_round": 37.0, "subsample": 0.42624582446451165}, "datetime": {"datetime": "2024-01-20 15:03:34", "elapsed": 2367.512408, "delta": 0.004133}}
{"target": -13.49767134896406, "params": {"colsample_bytree": 0.8571597805303479, "eta": 0.06390346336295169, "gamma": 746.3874142756148, "max_depth": 6.0, "min_child_weight": 4412.418004479166, "num_boost_round": 38.0, "subsample": 0.42624582446451165}, "datetime": {"datetime": "2024-01-20 15:03:34", "elapsed": 2367.51694, "delta": 0.004532}}
{"target": -13.497713450397047, "params": {"colsample_bytree": 0.8571597805303479, "eta": 0.06390346336295169, "gamma": 746.3874142756148, "max_depth": 6.0, "min_child_weight": 4412.418004479166, "num_boost_round": 39.0, "subsample": 0.42624582446451165}, "datetime": {"datetime": "2024-01-20 15:03:34", "elapsed": 2367.521055, "delta": 0.004115}}
{"target": -13.49793947135301, "params": {"colsample_bytree": 0.8571597805303479, "eta": 0.06390346336295169, "gamma": 746.3874142756148, "max_depth": 6.0, "min_child_weight": 4412.418004479166, "num_boost_round": 40.0, "subsample": 0.42624582446451165}, "datetime": {"datetime": "2024-01-20 15:03:34", "elapsed": 2367.524747, "delta": 0.003692}}
{"target": -13.497805331436812, "params": {"colsample_bytree": 0.8571597805303479, "eta": 0.06390346336295169, "gamma": 746.3874142756148, "max_depth": 6.0, "min_child_weight": 4412.418004479166, "num_boost_round": 41.0, "subsample": 0.42624582446451165}, "datetime": {"datetime": "2024-01-20 15:03:34", "elapsed": 2367.528496, "delta": 0.003749}}
{"target": -13.498067342508415, "params": {"colsample_bytree": 0.8571597805303479, "eta": 0.06390346336295169, "gamma": 746.3874142756148, "max_depth": 6.0, "min_child_weight": 4412.418004479166, "num_boost_round": 42.0, "subsample": 0.42624582446451165}, "datetime": {"datetime": "2024-01-20 15:03:34", "elapsed": 2367.532071, "delta": 0.003575}}
{"target": -13.498216345917761, "params": {"colsample_bytree": 0.8571597805303479, "eta": 0.06390346336295169, "gamma": 746.3874142756148, "max_depth": 6.0, "min_child_weight": 4412.418004479166, "num_boost_round": 43.0, "subsample": 0.42624582446451165}, "datetime": {"datetime": "2024-01-20 15:03:34", "elapsed": 2367.535663, "delta": 0.003592}}
{"target": -13.498266019071998, "params": {"colsample_bytree": 0.8571597805303479, "eta": 0.06390346336295169, "gamma": 746.3874142756148, "max_depth": 6.0, "min_child_weight": 4412.418004479166, "num_boost_round": 44.0, "subsample": 0.42624582446451165}, "datetime": {"datetime": "2024-01-20 15:03:34", "elapsed": 2367.53919, "delta": 0.003527}}
{"target": -13.49833482503713, "params": {"colsample_bytree": 0.8571597805303479, "eta": 0.06390346336295169, "gamma": 746.3874142756148, "max_depth": 6.0, "min_child_weight": 4412.418004479166, "num_boost_round": 45.0, "subsample": 0.42624582446451165}, "datetime": {"datetime": "2024-01-20 15:03:34", "elapsed": 2367.542686, "delta": 0.003496}}
{"target": -13.498262023581743, "params": {"colsample_bytree": 0.8571597805303479, "eta": 0.06390346336295169, "gamma": 746.3874142756148, "max_depth": 6.0, "min_child_weight": 4412.418004479166, "num_boost_round": 46.0, "subsample": 0.42624582446451165}, "datetime": {"datetime": "2024-01-20 15:03:34", "elapsed": 2367.546266, "delta": 0.00358}}
{"target": -13.498316450749307, "params": {"colsample_bytree": 0.8571597805303479, "eta": 0.06390346336295169, "gamma": 746.3874142756148, "max_depth": 6.0, "min_child_weight": 4412.418004479166, "num_boost_round": 47.0, "subsample": 0.42624582446451165}, "datetime": {"datetime": "2024-01-20 15:03:34", "elapsed": 2367.549759, "delta": 0.003493}}
{"target": -13.498398370968061, "params": {"colsample_bytree": 0.8571597805303479, "eta": 0.06390346336295169, "gamma": 746.3874142756148, "max_depth": 6.0, "min_child_weight": 4412.418004479166, "num_boost_round": 48.0, "subsample": 0.42624582446451165}, "datetime": {"datetime": "2024-01-20 15:03:34", "elapsed": 2367.553284, "delta": 0.003525}}
{"target": -13.498500730221707, "params": {"colsample_bytree": 0.8571597805303479, "eta": 0.06390346336295169, "gamma": 746.3874142756148, "max_depth": 6.0, "min_child_weight": 4412.418004479166, "num_boost_round": 49.0, "subsample": 0.42624582446451165}, "datetime": {"datetime": "2024-01-20 15:03:34", "elapsed": 2367.556781, "delta": 0.003497}}
{"target": -13.498736973255964, "params": {"colsample_bytree": 0.8571597805303479, "eta": 0.06390346336295169, "gamma": 746.3874142756148, "max_depth": 6.0, "min_child_weight": 4412.418004479166, "num_boost_round": 50.0, "subsample": 0.42624582446451165}, "datetime": {"datetime": "2024-01-20 15:03:34", "elapsed": 2367.560267, "delta": 0.003486}}
{"target": -13.498838120976458, "params": {"colsample_bytree": 0.8571597805303479, "eta": 0.06390346336295169, "gamma": 746.3874142756148, "max_depth": 6.0, "min_child_weight": 4412.418004479166, "num_boost_round": 51.0, "subsample": 0.42624582446451165}, "datetime": {"datetime": "2024-01-20 15:03:34", "elapsed": 2367.563747, "delta": 0.00348}}
{"target": -13.499012686679198, "params": {"colsample_bytree": 0.8571597805303479, "eta": 0.06390346336295169, "gamma": 746.3874142756148, "max_depth": 6.0, "min_child_weight": 4412.418004479166, "num_boost_round": 52.0, "subsample": 0.42624582446451165}, "datetime": {"datetime": "2024-01-20 15:03:34", "elapsed": 2367.567255, "delta": 0.003508}}
{"target": -13.499250924624585, "params": {"colsample_bytree": 0.8571597805303479, "eta": 0.06390346336295169, "gamma": 746.3874142756148, "max_depth": 6.0, "min_child_weight": 4412.418004479166, "num_boost_round": 53.0, "subsample": 0.42624582446451165}, "datetime": {"datetime": "2024-01-20 15:03:34", "elapsed": 2367.570849, "delta": 0.003594}}
{"target": -13.499445823954744, "params": {"colsample_bytree": 0.8571597805303479, "eta": 0.06390346336295169, "gamma": 746.3874142756148, "max_depth": 6.0, "min_child_weight": 4412.418004479166, "num_boost_round": 54.0, "subsample": 0.42624582446451165}, "datetime": {"datetime": "2024-01-20 15:03:34", "elapsed": 2367.574342, "delta": 0.003493}}
{"target": -13.49965510961284, "params": {"colsample_bytree": 0.8571597805303479, "eta": 0.06390346336295169, "gamma": 746.3874142756148, "max_depth": 6.0, "min_child_weight": 4412.418004479166, "num_boost_round": 55.0, "subsample": 0.42624582446451165}, "datetime": {"datetime": "2024-01-20 15:03:34", "elapsed": 2367.577887, "delta": 0.003545}}
{"target": -13.49972965667687, "params": {"colsample_bytree": 0.8571597805303479, "eta": 0.06390346336295169, "gamma": 746.3874142756148, "max_depth": 6.0, "min_child_weight": 4412.418004479166, "num_boost_round": 56.0, "subsample": 0.42624582446451165}, "datetime": {"datetime": "2024-01-20 15:03:34", "elapsed": 2367.581388, "delta": 0.003501}}
{"target": -13.499772915454859, "params": {"colsample_bytree": 0.8571597805303479, "eta": 0.06390346336295169, "gamma": 746.3874142756148, "max_depth": 6.0, "min_child_weight": 4412.418004479166, "num_boost_round": 57.0, "subsample": 0.42624582446451165}, "datetime": {"datetime": "2024-01-20 15:03:34", "elapsed": 2367.584898, "delta": 0.00351}}
{"target": -13.49991540280652, "params": {"colsample_bytree": 0.8571597805303479, "eta": 0.06390346336295169, "gamma": 746.3874142756148, "max_depth": 6.0, "min_child_weight": 4412.418004479166, "num_boost_round": 58.0, "subsample": 0.42624582446451165}, "datetime": {"datetime": "2024-01-20 15:03:34", "elapsed": 2367.588405, "delta": 0.003507}}
{"target": -13.50008465976523, "params": {"colsample_bytree": 0.8571597805303479, "eta": 0.06390346336295169, "gamma": 746.3874142756148, "max_depth": 6.0, "min_child_weight": 4412.418004479166, "num_boost_round": 59.0, "subsample": 0.42624582446451165}, "datetime": {"datetime": "2024-01-20 15:03:34", "elapsed": 2367.591906, "delta": 0.003501}}
{"target": -13.500046335946458, "params": {"colsample_bytree": 0.8571597805303479, "eta": 0.06390346336295169, "gamma": 746.3874142756148, "max_depth": 6.0, "min_child_weight": 4412.418004479166, "num_boost_round": 60.0, "subsample": 0.42624582446451165}, "datetime": {"datetime": "2024-01-20 15:03:34", "elapsed": 2367.59546, "delta": 0.003554}}
{"target": -13.500282005627152, "params": {"colsample_bytree": 0.8571597805303479, "eta": 0.06390346336295169, "gamma": 746.3874142756148, "max_depth": 6.0, "min_child_weight": 4412.418004479166, "num_boost_round": 61.0, "subsample": 0.42624582446451165}, "datetime": {"datetime": "2024-01-20 15:03:34", "elapsed": 2367.598969, "delta": 0.003509}}
{"target": -13.500285044857085, "params": {"colsample_bytree": 0.8571597805303479, "eta": 0.06390346336295169, "gamma": 746.3874142756148, "max_depth": 6.0, "min_child_weight": 4412.418004479166, "num_boost_round": 62.0, "subsample": 0.42624582446451165}, "datetime": {"datetime": "2024-01-20 15:03:34", "elapsed": 2367.602476, "delta": 0.003507}}
{"target": -13.500372279126406, "params": {"colsample_bytree": 0.8571597805303479, "eta": 0.06390346336295169, "gamma": 746.3874142756148, "max_depth": 6.0, "min_child_weight": 4412.418004479166, "num_boost_round": 63.0, "subsample": 0.42624582446451165}, "datetime": {"datetime": "2024-01-20 15:03:34", "elapsed": 2367.605999, "delta": 0.003523}}
{"target": -13.500501704614798, "params": {"colsample_bytree": 0.8571597805303479, "eta": 0.06390346336295169, "gamma": 746.3874142756148, "max_depth": 6.0, "min_child_weight": 4412.418004479166, "num_boost_round": 64.0, "subsample": 0.42624582446451165}, "datetime": {"datetime": "2024-01-20 15:03:34", "elapsed": 2367.609521, "delta": 0.003522}}
{"target": -13.500607556611719, "params": {"colsample_bytree": 0.8571597805303479, "eta": 0.06390346336295169, "gamma": 746.3874142756148, "max_depth": 6.0, "min_child_weight": 4412.418004479166, "num_boost_round": 65.0, "subsample": 0.42624582446451165}, "datetime": {"datetime": "2024-01-20 15:03:34", "elapsed": 2367.613124, "delta": 0.003603}}
{"target": -13.500634360733887, "params": {"colsample_bytree": 0.8571597805303479, "eta": 0.06390346336295169, "gamma": 746.3874142756148, "max_depth": 6.0, "min_child_weight": 4412.418004479166, "num_boost_round": 66.0, "subsample": 0.42624582446451165}, "datetime": {"datetime": "2024-01-20 15:03:34", "elapsed": 2367.616632, "delta": 0.003508}}
{"target": -13.500722420577175, "params": {"colsample_bytree": 0.8571597805303479, "eta": 0.06390346336295169, "gamma": 746.3874142756148, "max_depth": 6.0, "min_child_weight": 4412.418004479166, "num_boost_round": 67.0, "subsample": 0.42624582446451165}, "datetime": {"datetime": "2024-01-20 15:03:34", "elapsed": 2367.620705, "delta": 0.004073}}
{"target": -13.500901979428882, "params": {"colsample_bytree": 0.8571597805303479, "eta": 0.06390346336295169, "gamma": 746.3874142756148, "max_depth": 6.0, "min_child_weight": 4412.418004479166, "num_boost_round": 68.0, "subsample": 0.42624582446451165}, "datetime": {"datetime": "2024-01-20 15:03:34", "elapsed": 2367.62434, "delta": 0.003635}}
{"target": -13.501134237810577, "params": {"colsample_bytree": 0.8571597805303479, "eta": 0.06390346336295169, "gamma": 746.3874142756148, "max_depth": 6.0, "min_child_weight": 4412.418004479166, "num_boost_round": 69.0, "subsample": 0.42624582446451165}, "datetime": {"datetime": "2024-01-20 15:03:34", "elapsed": 2367.628002, "delta": 0.003662}}
{"target": -13.501221982116498, "params": {"colsample_bytree": 0.8571597805303479, "eta": 0.06390346336295169, "gamma": 746.3874142756148, "max_depth": 6.0, "min_child_weight": 4412.418004479166, "num_boost_round": 70.0, "subsample": 0.42624582446451165}, "datetime": {"datetime": "2024-01-20 15:03:34", "elapsed": 2367.631638, "delta": 0.003636}}
{"target": -13.501284112864802, "params": {"colsample_bytree": 0.8571597805303479, "eta": 0.06390346336295169, "gamma": 746.3874142756148, "max_depth": 6.0, "min_child_weight": 4412.418004479166, "num_boost_round": 71.0, "subsample": 0.42624582446451165}, "datetime": {"datetime": "2024-01-20 15:03:34", "elapsed": 2367.63514, "delta": 0.003502}}
