{"target": -12.363881998175788, "params": {"colsample_bytree": 0.6828894397726093, "eta": 0.08198106471701358, "gamma": 553.2700436407737, "max_depth": 7.0, "min_child_weight": 4236.988377098406, "num_boost_round": 60.0, "subsample": 0.8708646017233067}, "datetime": {"datetime": "2024-01-20 14:51:35", "elapsed": 1662.219628, "delta": 0.003017}}
{"target": -12.363831718867178, "params": {"colsample_bytree": 0.6828894397726093, "eta": 0.08198106471701358, "gamma": 553.2700436407737, "max_depth": 7.0, "min_child_weight": 4236.988377098406, "num_boost_round": 61.0, "subsample": 0.8708646017233067}, "datetime": {"datetime": "2024-01-20 14:51:35", "elapsed": 1662.222508, "delta": 0.00288}}
{"target": -12.363609622134543, "params": {"colsample_bytree": 0.6828894397726093, "eta": 0.08198106471701358, "gamma": 553.2700436407737, "max_depth": 7.0, "min_child_weight": 4236.988377098406, "num_boost_round": 62.0, "subsample": 0.8708646017233067}, "datetime": {"datetime": "2024-01-20 14:51:35", "elapsed": 1662.22543, "delta": 0.002922}}
{"target": -12.363604302051282, "params": {"colsample_bytree": 0.6828894397726093, "eta": 0.08198106471701358, "gamma": 553.2700436407737, "max_depth": 7.0, "min_child_weight": 4236.988377098406, "num_boost_round": 63.0, "subsample": 0.8708646017233067}, "datetime": {"datetime": "2024-01-20 14:51:35", "elapsed": 1662.228369, "delta": 0.002939}}
{"target": -12.363909146534212, "params": {"colsample_bytree": 0.6828894397726093, "eta": 0.08198106471701358, "gamma": 553.2700436407737, "max_depth": 7.0, "min_child_weight": 4236.988377098406, "num_boost_round": 64.0, "subsample": 0.8708646017233067}, "datetime": {"datetime": "2024-01-20 14:51:35", "elapsed": 1662.231356, "delta": 0.002987}}
{"target": -12.364599843693997, "params": {"colsample_bytree": 0.6828894397726093, "eta": 0.08198106471701358, "gamma": 553.2700436407737, "max_depth": 7.0, "min_child_weight": 4236.988377098406, "num_boost_round": 65.0, "subsample": 0.8708646017233067}, "datetime": {"datetime": "2024-01-20 14:51:35", "elapsed": 1662.234289, "delta": 0.002933}}
{"target": -12.36480560901506, "params": {"colsample_bytree": 0.6828894397726093, "eta": 0.08198106471701358, "gamma": 553.2700436407737, "max_depth": 7.0, "min_child_weight": 4236.988377098406, "num_boost_round": 66.0, "subsample": 0.8708646017233067}, "datetime": {"datetime": "2024-01-20 14:51:35", "elapsed": 1662.237259, "delta": 0.00297}}
{"target": -12.3648719463732, "params": {"colsample_bytree": 0.6828894397726093, "eta": 0.08198106471701358, "gamma": 553.2700436407737, "max_depth": 7.0, "min_child_weight": 4236.988377098406, "num_boost_round": 67.0, "subsample": 0.8708646017233067}, "datetime": {"datetime": "2024-01-20 14:51:35", "elapsed": 1662.24016, "delta": 0.002901}}
{"target": -12.365412289820005, "params": {"colsample_bytree": 0.6828894397726093, "eta": 0.08198106471701358, "gamma": 553.2700436407737, "max_depth": 7.0, "min_child_weight": 4236.988377098406, "num_boost_round": 68.0, "subsample": 0.8708646017233067}, "datetime": {"datetime": "2024-01-20 14:51:35", "elapsed": 1662.243108, "delta": 0.002948}}
{"target": -12.365948136434822, "params": {"colsample_bytree": 0.6828894397726093, "eta": 0.08198106471701358, "gamma": 553.2700436407737, "max_depth": 7.0, "min_child_weight": 4236.988377098406, "num_boost_round": 69.0, "subsample": 0.8708646017233067}, "datetime": {"datetime": "2024-01-20 14:51:35", "elapsed": 1662.246001, "delta": 0.002893}}
{"target": -12.366137020144581, "params": {"colsample_bytree": 0.6828894397726093, "eta": 0.08198106471701358, "gamma": 553.2700436407737, "max_depth": 7.0, "min_child_weight": 4236.988377098406, "num_boost_round": 70.0, "subsample": 0.8708646017233067}, "datetime": {"datetime": "2024-01-20 14:51:35", "elapsed": 1662.249009, "delta": 0.003008}}
{"target": -12.366391581835455, "params": {"colsample_bytree": 0.6828894397726093, "eta": 0.08198106471701358, "gamma": 553.2700436407737, "max_depth": 7.0, "min_child_weight": 4236.988377098406, "num_boost_round": 71.0, "subsample": 0.8708646017233067}, "datetime": {"datetime": "2024-01-20 14:51:35", "elapsed": 1662.251886, "delta": 0.002877}}
{"target": -12.366463695742992, "params": {"colsample_bytree": 0.6828894397726093, "eta": 0.08198106471701358, "gamma": 553.2700436407737, "max_depth": 7.0, "min_child_weight": 4236.988377098406, "num_boost_round": 72.0, "subsample": 0.8708646017233067}, "datetime": {"datetime": "2024-01-20 14:51:35", "elapsed": 1662.254863, "delta": 0.002977}}
{"target": -12.366622802935089, "params": {"colsample_bytree": 0.6828894397726093, "eta": 0.08198106471701358, "gamma": 553.2700436407737, "max_depth": 7.0, "min_child_weight": 4236.988377098406, "num_boost_round": 73.0, "subsample": 0.8708646017233067}, "datetime": {"datetime": "2024-01-20 14:51:35", "elapsed": 1662.257784, "delta": 0.002921}}
{"target": -12.366716892703053, "params": {"colsample_bytree": 0.6828894397726093, "eta": 0.08198106471701358, "gamma": 553.2700436407737, "max_depth": 7.0, "min_child_weight": 4236.988377098406, "num_boost_round": 74.0, "subsample": 0.8708646017233067}, "datetime": {"datetime": "2024-01-20 14:51:35", "elapsed": 1662.260758, "delta": 0.002974}}
{"target": -12.367257800819782, "params": {"colsample_bytree": 0.6828894397726093, "eta": 0.08198106471701358, "gamma": 553.2700436407737, "max_depth": 7.0, "min_child_weight": 4236.988377098406, "num_boost_round": 75.0, "subsample": 0.8708646017233067}, "datetime": {"datetime": "2024-01-20 14:51:35", "elapsed": 1662.263688, "delta": 0.00293}}
{"target": -12.367627540901372, "params": {"colsample_bytree": 0.6828894397726093, "eta": 0.08198106471701358, "gamma": 553.2700436407737, "max_depth": 7.0, "min_child_weight": 4236.988377098406, "num_boost_round": 76.0, "subsample": 0.8708646017233067}, "datetime": {"datetime": "2024-01-20 14:51:35", "elapsed": 1662.266651, "delta": 0.002963}}
{"target": -12.367673588298494, "params": {"colsample_bytree": 0.6828894397726093, "eta": 0.08198106471701358, "gamma": 553.2700436407737, "max_depth": 7.0, "min_child_weight": 4236.988377098406, "num_boost_round": 77.0, "subsample": 0.8708646017233067}, "datetime": {"datetime": "2024-01-20 14:51:35", "elapsed": 1662.270143, "delta": 0.003492}}
{"target": -12.36813709231911, "params": {"colsample_bytree": 0.6828894397726093, "eta": 0.08198106471701358, "gamma": 553.2700436407737, "max_depth": 7.0, "min_child_weight": 4236.988377098406, "num_boost_round": 78.0, "subsample": 0.8708646017233067}, "datetime": {"datetime": "2024-01-20 14:51:35", "elapsed": 1662.274419, "delta": 0.004276}}
{"target": -12.356326899076072, "params": {"colsample_bytree": 0.4515141122073917, "eta": 0.08861261905086887, "gamma": 520.9242498675993, "max_depth": 7.0, "min_child_weight": 4272.556946274695, "num_boost_round": 1.0, "subsample": 0.7564303768037106}, "datetime": {"datetime": "2024-01-20 14:52:29", "elapsed": 1715.725276, "delta": 53.450857}}
{"target": -12.354638887417476, "params": {"colsample_bytree": 0.4515141122073917, "eta": 0.08861261905086887, "gamma": 520.9242498675993, "max_depth": 7.0, "min_child_weight": 4272.556946274695, "num_boost_round": 2.0, "subsample": 0.7564303768037106}, "datetime": {"datetime": "2024-01-20 14:52:29", "elapsed": 1715.729303, "delta": 0.004027}}
{"target": -12.35014707869941, "params": {"colsample_bytree": 0.4515141122073917, "eta": 0.08861261905086887, "gamma": 520.9242498675993, "max_depth": 7.0, "min_child_weight": 4272.556946274695, "num_boost_round": 3.0, "subsample": 0.7564303768037106}, "datetime": {"datetime": "2024-01-20 14:52:29", "elapsed": 1715.732041, "delta": 0.002738}}
{"target": -12.350662229954526, "params": {"colsample_bytree": 0.4515141122073917, "eta": 0.08861261905086887, "gamma": 520.9242498675993, "max_depth": 7.0, "min_child_weight": 4272.556946274695, "num_boost_round": 4.0, "subsample": 0.7564303768037106}, "datetime": {"datetime": "2024-01-20 14:52:29", "elapsed": 1715.734845, "delta": 0.002804}}
{"target": -12.347399973677692, "params": {"colsample_bytree": 0.4515141122073917, "eta": 0.08861261905086887, "gamma": 520.9242498675993, "max_depth": 7.0, "min_child_weight": 4272.556946274695, "num_boost_round": 5.0, "subsample": 0.7564303768037106}, "datetime": {"datetime": "2024-01-20 14:52:29", "elapsed": 1715.737598, "delta": 0.002753}}
{"target": -12.34547251141737, "params": {"colsample_bytree": 0.4515141122073917, "eta": 0.08861261905086887, "gamma": 520.9242498675993, "max_depth": 7.0, "min_child_weight": 4272.556946274695, "num_boost_round": 6.0, "subsample": 0.7564303768037106}, "datetime": {"datetime": "2024-01-20 14:52:29", "elapsed": 1715.740469, "delta": 0.002871}}
{"target": -12.345214503128744, "params": {"colsample_bytree": 0.4515141122073917, "eta": 0.08861261905086887, "gamma": 520.9242498675993, "max_depth": 7.0, "min_child_weight": 4272.556946274695, "num_boost_round": 7.0, "subsample": 0.7564303768037106}, "datetime": {"datetime": "2024-01-20 14:52:29", "elapsed": 1715.743255, "delta": 0.002786}}
{"target": -12.344200438555827, "params": {"colsample_bytree": 0.4515141122073917, "eta": 0.08861261905086887, "gamma": 520.9242498675993, "max_depth": 7.0, "min_child_weight": 4272.556946274695, "num_boost_round": 8.0, "subsample": 0.7564303768037106}, "datetime": {"datetime": "2024-01-20 14:52:29", "elapsed": 1715.745999, "delta": 0.002744}}
{"target": -12.344411310726194, "params": {"colsample_bytree": 0.4515141122073917, "eta": 0.08861261905086887, "gamma": 520.9242498675993, "max_depth": 7.0, "min_child_weight": 4272.556946274695, "num_boost_round": 9.0, "subsample": 0.7564303768037106}, "datetime": {"datetime": "2024-01-20 14:52:29", "elapsed": 1715.74873, "delta": 0.002731}}
{"target": -12.343937971990865, "params": {"colsample_bytree": 0.4515141122073917, "eta": 0.08861261905086887, "gamma": 520.9242498675993, "max_depth": 7.0, "min_child_weight": 4272.556946274695, "num_boost_round": 10.0, "subsample": 0.7564303768037106}, "datetime": {"datetime": "2024-01-20 14:52:29", "elapsed": 1715.751476, "delta": 0.002746}}
{"target": -12.342931415272915, "params": {"colsample_bytree": 0.4515141122073917, "eta": 0.08861261905086887, "gamma": 520.9242498675993, "max_depth": 7.0, "min_child_weight": 4272.556946274695, "num_boost_round": 11.0, "subsample": 0.7564303768037106}, "datetime": {"datetime": "2024-01-20 14:52:29", "elapsed": 1715.754228, "delta": 0.002752}}
{"target": -12.34327827294909, "params": {"colsample_bytree": 0.4515141122073917, "eta": 0.08861261905086887, "gamma": 520.9242498675993, "max_depth": 7.0, "min_child_weight": 4272.556946274695, "num_boost_round": 12.0, "subsample": 0.7564303768037106}, "datetime": {"datetime": "2024-01-20 14:52:29", "elapsed": 1715.756983, "delta": 0.002755}}
{"target": -12.343690059884985, "params": {"colsample_bytree": 0.4515141122073917, "eta": 0.08861261905086887, "gamma": 520.9242498675993, "max_depth": 7.0, "min_child_weight": 4272.556946274695, "num_boost_round": 13.0, "subsample": 0.7564303768037106}, "datetime": {"datetime": "2024-01-20 14:52:29", "elapsed": 1715.759861, "delta": 0.002878}}
{"target": -12.344268435898195, "params": {"colsample_bytree": 0.4515141122073917, "eta": 0.08861261905086887, "gamma": 520.9242498675993, "max_depth": 7.0, "min_child_weight": 4272.556946274695, "num_boost_round": 14.0, "subsample": 0.7564303768037106}, "datetime": {"datetime": "2024-01-20 14:52:29", "elapsed": 1715.762701, "delta": 0.00284}}
{"target": -12.344193387978127, "params": {"colsample_bytree": 0.4515141122073917, "eta": 0.08861261905086887, "gamma": 520.9242498675993, "max_depth": 7.0, "min_child_weight": 4272.556946274695, "num_boost_round": 15.0, "subsample": 0.7564303768037106}, "datetime": {"datetime": "2024-01-20 14:52:29", "elapsed": 1715.765601, "delta": 0.0029}}
{"target": -12.344132502981282, "params": {"colsample_bytree": 0.4515141122073917, "eta": 0.08861261905086887, "gamma": 520.9242498675993, "max_depth": 7.0, "min_child_weight": 4272.556946274695, "num_boost_round": 16.0, "subsample": 0.7564303768037106}, "datetime": {"datetime": "2024-01-20 14:52:29", "elapsed": 1715.768463, "delta": 0.002862}}
{"target": -12.34419019702054, "params": {"colsample_bytree": 0.4515141122073917, "eta": 0.08861261905086887, "gamma": 520.9242498675993, "max_depth": 7.0, "min_child_weight": 4272.556946274695, "num_boost_round": 17.0, "subsample": 0.7564303768037106}, "datetime": {"datetime": "2024-01-20 14:52:29", "elapsed": 1715.771303, "delta": 0.00284}}
{"target": -12.34422854521721, "params": {"colsample_bytree": 0.4515141122073917, "eta": 0.08861261905086887, "gamma": 520.9242498675993, "max_depth": 7.0, "min_child_weight": 4272.556946274695, "num_boost_round": 18.0, "subsample": 0.7564303768037106}, "datetime": {"datetime": "2024-01-20 14:52:29", "elapsed": 1715.774048, "delta": 0.002745}}
{"target": -12.34426765137647, "params": {"colsample_bytree": 0.4515141122073917, "eta": 0.08861261905086887, "gamma": 520.9242498675993, "max_depth": 7.0, "min_child_weight": 4272.556946274695, "num_boost_round": 19.0, "subsample": 0.7564303768037106}, "datetime": {"datetime": "2024-01-20 14:52:29", "elapsed": 1715.776825, "delta": 0.002777}}
{"target": -12.345381681396955, "params": {"colsample_bytree": 0.4515141122073917, "eta": 0.08861261905086887, "gamma": 520.9242498675993, "max_depth": 7.0, "min_child_weight": 4272.556946274695, "num_boost_round": 20.0, "subsample": 0.7564303768037106}, "datetime": {"datetime": "2024-01-20 14:52:29", "elapsed": 1715.779668, "delta": 0.002843}}
{"target": -12.345678097891287, "params": {"colsample_bytree": 0.4515141122073917, "eta": 0.08861261905086887, "gamma": 520.9242498675993, "max_depth": 7.0, "min_child_weight": 4272.556946274695, "num_boost_round": 21.0, "subsample": 0.7564303768037106}, "datetime": {"datetime": "2024-01-20 14:52:29", "elapsed": 1715.782494, "delta": 0.002826}}
{"target": -12.346169986928832, "params": {"colsample_bytree": 0.4515141122073917, "eta": 0.08861261905086887, "gamma": 520.9242498675993, "max_depth": 7.0, "min_child_weight": 4272.556946274695, "num_boost_round": 22.0, "subsample": 0.7564303768037106}, "datetime": {"datetime": "2024-01-20 14:52:29", "elapsed": 1715.785316, "delta": 0.002822}}
{"target": -12.345802414925995, "params": {"colsample_bytree": 0.4515141122073917, "eta": 0.08861261905086887, "gamma": 520.9242498675993, "max_depth": 7.0, "min_child_weight": 4272.556946274695, "num_boost_round": 23.0, "subsample": 0.7564303768037106}, "datetime": {"datetime": "2024-01-20 14:52:29", "elapsed": 1715.788134, "delta": 0.002818}}
{"target": -12.346267699635955, "params": {"colsample_bytree": 0.4515141122073917, "eta": 0.08861261905086887, "gamma": 520.9242498675993, "max_depth": 7.0, "min_child_weight": 4272.556946274695, "num_boost_round": 24.0, "subsample": 0.7564303768037106}, "datetime": {"datetime": "2024-01-20 14:52:29", "elapsed": 1715.79097, "delta": 0.002836}}
{"target": -12.346443638919467, "params": {"colsample_bytree": 0.4515141122073917, "eta": 0.08861261905086887, "gamma": 520.9242498675993, "max_depth": 7.0, "min_child_weight": 4272.556946274695, "num_boost_round": 25.0, "subsample": 0.7564303768037106}, "datetime": {"datetime": "2024-01-20 14:52:29", "elapsed": 1715.793791, "delta": 0.002821}}
{"target": -12.347406766647449, "params": {"colsample_bytree": 0.4515141122073917, "eta": 0.08861261905086887, "gamma": 520.9242498675993, "max_depth": 7.0, "min_child_weight": 4272.556946274695, "num_boost_round": 26.0, "subsample": 0.7564303768037106}, "datetime": {"datetime": "2024-01-20 14:52:29", "elapsed": 1715.796595, "delta": 0.002804}}
{"target": -12.347446374366289, "params": {"colsample_bytree": 0.4515141122073917, "eta": 0.08861261905086887, "gamma": 520.9242498675993, "max_depth": 7.0, "min_child_weight": 4272.556946274695, "num_boost_round": 27.0, "subsample": 0.7564303768037106}, "datetime": {"datetime": "2024-01-20 14:52:29", "elapsed": 1715.79939, "delta": 0.002795}}
{"target": -12.34750125360266, "params": {"colsample_bytree": 0.4515141122073917, "eta": 0.08861261905086887, "gamma": 520.9242498675993, "max_depth": 7.0, "min_child_weight": 4272.556946274695, "num_boost_round": 28.0, "subsample": 0.7564303768037106}, "datetime": {"datetime": "2024-01-20 14:52:29", "elapsed": 1715.802177, "delta": 0.002787}}
{"target": -12.347381927938136, "params": {"colsample_bytree": 0.4515141122073917, "eta": 0.08861261905086887, "gamma": 520.9242498675993, "max_depth": 7.0, "min_child_weight": 4272.556946274695, "num_boost_round": 29.0, "subsample": 0.7564303768037106}, "datetime": {"datetime": "2024-01-20 14:52:29", "elapsed": 1715.804965, "delta": 0.002788}}
{"target": -12.347239378654784, "params": {"colsample_bytree": 0.4515141122073917, "eta": 0.08861261905086887, "gamma": 520.9242498675993, "max_depth": 7.0, "min_child_weight": 4272.556946274695, "num_boost_round": 30.0, "subsample": 0.7564303768037106}, "datetime": {"datetime": "2024-01-20 14:52:29", "elapsed": 1715.80779, "delta": 0.002825}}
{"target": -12.346658326694591, "params": {"colsample_bytree": 0.4515141122073917, "eta": 0.08861261905086887, "gamma": 520.9242498675993, "max_depth": 7.0, "min_child_weight": 4272.556946274695, "num_boost_round": 31.0, "subsample": 0.7564303768037106}, "datetime": {"datetime": "2024-01-20 14:52:29", "elapsed": 1715.810602, "delta": 0.002812}}
{"target": -12.346581039819023, "params": {"colsample_bytree": 0.4515141122073917, "eta": 0.08861261905086887, "gamma": 520.9242498675993, "max_depth": 7.0, "min_child_weight": 4272.556946274695, "num_boost_round": 32.0, "subsample": 0.7564303768037106}, "datetime": {"datetime": "2024-01-20 14:52:29", "elapsed": 1715.813409, "delta": 0.002807}}
{"target": -12.346866283093306, "params": {"colsample_bytree": 0.4515141122073917, "eta": 0.08861261905086887, "gamma": 520.9242498675993, "max_depth": 7.0, "min_child_weight": 4272.556946274695, "num_boost_round": 33.0, "subsample": 0.7564303768037106}, "datetime": {"datetime": "2024-01-20 14:52:29", "elapsed": 1715.816188, "delta": 0.002779}}
{"target": -12.347548159094035, "params": {"colsample_bytree": 0.4515141122073917, "eta": 0.08861261905086887, "gamma": 520.9242498675993, "max_depth": 7.0, "min_child_weight": 4272.556946274695, "num_boost_round": 34.0, "subsample": 0.7564303768037106}, "datetime": {"datetime": "2024-01-20 14:52:29", "elapsed": 1715.81901, "delta": 0.002822}}
{"target": -12.347361177930598, "params": {"colsample_bytree": 0.4515141122073917, "eta": 0.08861261905086887, "gamma": 520.9242498675993, "max_depth": 7.0, "min_child_weight": 4272.556946274695, "num_boost_round": 35.0, "subsample": 0.7564303768037106}, "datetime": {"datetime": "2024-01-20 14:52:29", "elapsed": 1715.821854, "delta": 0.002844}}
{"target": -12.347263123435063, "params": {"colsample_bytree": 0.4515141122073917, "eta": 0.08861261905086887, "gamma": 520.9242498675993, "max_depth": 7.0, "min_child_weight": 4272.556946274695, "num_boost_round": 36.0, "subsample": 0.7564303768037106}, "datetime": {"datetime": "2024-01-20 14:52:29", "elapsed": 1715.824642, "delta": 0.002788}}
{"target": -12.347044467229601, "params": {"colsample_bytree": 0.4515141122073917, "eta": 0.08861261905086887, "gamma": 520.9242498675993, "max_depth": 7.0, "min_child_weight": 4272.556946274695, "num_boost_round": 37.0, "subsample": 0.7564303768037106}, "datetime": {"datetime": "2024-01-20 14:52:29", "elapsed": 1715.82746, "delta": 0.002818}}
{"target": -12.347369285469656, "params": {"colsample_bytree": 0.4515141122073917, "eta": 0.08861261905086887, "gamma": 520.9242498675993, "max_depth": 7.0, "min_child_weight": 4272.556946274695, "num_boost_round": 38.0, "subsample": 0.7564303768037106}, "datetime": {"datetime": "2024-01-20 14:52:29", "elapsed": 1715.830268, "delta": 0.002808}}
{"target": -12.347947565702984, "params": {"colsample_bytree": 0.4515141122073917, "eta": 0.08861261905086887, "gamma": 520.9242498675993, "max_depth": 7.0, "min_child_weight": 4272.556946274695, "num_boost_round": 39.0, "subsample": 0.7564303768037106}, "datetime": {"datetime": "2024-01-20 14:52:29", "elapsed": 1715.833573, "delta": 0.003305}}
{"target": -12.348107803418067, "params": {"colsample_bytree": 0.4515141122073917, "eta": 0.08861261905086887, "gamma": 520.9242498675993, "max_depth": 7.0, "min_child_weight": 4272.556946274695, "num_boost_round": 40.0, "subsample": 0.7564303768037106}, "datetime": {"datetime": "2024-01-20 14:52:29", "elapsed": 1715.83689, "delta": 0.003317}}
{"target": -12.348212477674654, "params": {"colsample_bytree": 0.4515141122073917, "eta": 0.08861261905086887, "gamma": 520.9242498675993, "max_depth": 7.0, "min_child_weight": 4272.556946274695, "num_boost_round": 41.0, "subsample": 0.7564303768037106}, "datetime": {"datetime": "2024-01-20 14:52:29", "elapsed": 1715.840454, "delta": 0.003564}}
{"target": -12.34892932257786, "params": {"colsample_bytree": 0.4515141122073917, "eta": 0.08861261905086887, "gamma": 520.9242498675993, "max_depth": 7.0, "min_child_weight": 4272.556946274695, "num_boost_round": 42.0, "subsample": 0.7564303768037106}, "datetime": {"datetime": "2024-01-20 14:52:29", "elapsed": 1715.843624, "delta": 0.00317}}
{"target": -12.349096860340872, "params": {"colsample_bytree": 0.4515141122073917, "eta": 0.08861261905086887, "gamma": 520.9242498675993, "max_depth": 7.0, "min_child_weight": 4272.556946274695, "num_boost_round": 43.0, "subsample": 0.7564303768037106}, "datetime": {"datetime": "2024-01-20 14:52:29", "elapsed": 1715.84654, "delta": 0.002916}}
{"target": -12.349308320573959, "params": {"colsample_bytree": 0.4515141122073917, "eta": 0.08861261905086887, "gamma": 520.9242498675993, "max_depth": 7.0, "min_child_weight": 4272.556946274695, "num_boost_round": 44.0, "subsample": 0.7564303768037106}, "datetime": {"datetime": "2024-01-20 14:52:29", "elapsed": 1715.849407, "delta": 0.002867}}
