{"target": -19.152189367302633, "params": {"colsample_bytree": 0.26077744757434596, "eta": 0.09581457410497055, "gamma": 102.5784913975768, "max_depth": 7.0, "min_child_weight": 4094.5235765691655, "num_boost_round": 24.0, "subsample": 0.6025975226506709}, "datetime": {"datetime": "2024-01-20 14:46:47", "elapsed": 1375.857338, "delta": 0.002316}}
{"target": -19.152594093368233, "params": {"colsample_bytree": 0.26077744757434596, "eta": 0.09581457410497055, "gamma": 102.5784913975768, "max_depth": 7.0, "min_child_weight": 4094.5235765691655, "num_boost_round": 25.0, "subsample": 0.6025975226506709}, "datetime": {"datetime": "2024-01-20 14:46:47", "elapsed": 1375.859509, "delta": 0.002171}}
{"target": -19.153859982328264, "params": {"colsample_bytree": 0.26077744757434596, "eta": 0.09581457410497055, "gamma": 102.5784913975768, "max_depth": 7.0, "min_child_weight": 4094.5235765691655, "num_boost_round": 26.0, "subsample": 0.6025975226506709}, "datetime": {"datetime": "2024-01-20 14:46:47", "elapsed": 1375.861681, "delta": 0.002172}}
{"target": -19.154302187068634, "params": {"colsample_bytree": 0.26077744757434596, "eta": 0.09581457410497055, "gamma": 102.5784913975768, "max_depth": 7.0, "min_child_weight": 4094.5235765691655, "num_boost_round": 27.0, "subsample": 0.6025975226506709}, "datetime": {"datetime": "2024-01-20 14:46:47", "elapsed": 1375.864222, "delta": 0.002541}}
{"target": -19.15498718252247, "params": {"colsample_bytree": 0.26077744757434596, "eta": 0.09581457410497055, "gamma": 102.5784913975768, "max_depth": 7.0, "min_child_weight": 4094.5235765691655, "num_boost_round": 28.0, "subsample": 0.6025975226506709}, "datetime": {"datetime": "2024-01-20 14:46:47", "elapsed": 1375.866532, "delta": 0.00231}}
{"target": -19.155175863623423, "params": {"colsample_bytree": 0.26077744757434596, "eta": 0.09581457410497055, "gamma": 102.5784913975768, "max_depth": 7.0, "min_child_weight": 4094.5235765691655, "num_boost_round": 29.0, "subsample": 0.6025975226506709}, "datetime": {"datetime": "2024-01-20 14:46:47", "elapsed": 1375.868739, "delta": 0.002207}}
{"target": -19.15533358292254, "params": {"colsample_bytree": 0.26077744757434596, "eta": 0.09581457410497055, "gamma": 102.5784913975768, "max_depth": 7.0, "min_child_weight": 4094.5235765691655, "num_boost_round": 30.0, "subsample": 0.6025975226506709}, "datetime": {"datetime": "2024-01-20 14:46:47", "elapsed": 1375.870998, "delta": 0.002259}}
{"target": -19.15625786990327, "params": {"colsample_bytree": 0.26077744757434596, "eta": 0.09581457410497055, "gamma": 102.5784913975768, "max_depth": 7.0, "min_child_weight": 4094.5235765691655, "num_boost_round": 31.0, "subsample": 0.6025975226506709}, "datetime": {"datetime": "2024-01-20 14:46:47", "elapsed": 1375.873193, "delta": 0.002195}}
{"target": -19.156250677022072, "params": {"colsample_bytree": 0.26077744757434596, "eta": 0.09581457410497055, "gamma": 102.5784913975768, "max_depth": 7.0, "min_child_weight": 4094.5235765691655, "num_boost_round": 32.0, "subsample": 0.6025975226506709}, "datetime": {"datetime": "2024-01-20 14:46:47", "elapsed": 1375.875439, "delta": 0.002246}}
{"target": -19.15611994906621, "params": {"colsample_bytree": 0.26077744757434596, "eta": 0.09581457410497055, "gamma": 102.5784913975768, "max_depth": 7.0, "min_child_weight": 4094.5235765691655, "num_boost_round": 33.0, "subsample": 0.6025975226506709}, "datetime": {"datetime": "2024-01-20 14:46:47", "elapsed": 1375.87775, "delta": 0.002311}}
{"target": -19.143167094633412, "params": {"colsample_bytree": 0.7096016615349621, "eta": 0.0069769462676512115, "gamma": 360.8079264792596, "max_depth": 7.0, "min_child_weight": 4220.866145196239, "num_boost_round": 1.0, "subsample": 0.37401377629492827}, "datetime": {"datetime": "2024-01-20 14:47:14", "elapsed": 1402.424875, "delta": 26.547125}}
{"target": -19.14310380027671, "params": {"colsample_bytree": 0.7096016615349621, "eta": 0.0069769462676512115, "gamma": 360.8079264792596, "max_depth": 7.0, "min_child_weight": 4220.866145196239, "num_boost_round": 2.0, "subsample": 0.37401377629492827}, "datetime": {"datetime": "2024-01-20 14:47:14", "elapsed": 1402.443604, "delta": 0.018729}}
{"target": -19.143092616787634, "params": {"colsample_bytree": 0.7096016615349621, "eta": 0.0069769462676512115, "gamma": 360.8079264792596, "max_depth": 7.0, "min_child_weight": 4220.866145196239, "num_boost_round": 3.0, "subsample": 0.37401377629492827}, "datetime": {"datetime": "2024-01-20 14:47:14", "elapsed": 1402.445794, "delta": 0.00219}}
{"target": -19.14310995732444, "params": {"colsample_bytree": 0.7096016615349621, "eta": 0.0069769462676512115, "gamma": 360.8079264792596, "max_depth": 7.0, "min_child_weight": 4220.866145196239, "num_boost_round": 4.0, "subsample": 0.37401377629492827}, "datetime": {"datetime": "2024-01-20 14:47:14", "elapsed": 1402.447928, "delta": 0.002134}}
{"target": -19.143114210832334, "params": {"colsample_bytree": 0.7096016615349621, "eta": 0.0069769462676512115, "gamma": 360.8079264792596, "max_depth": 7.0, "min_child_weight": 4220.866145196239, "num_boost_round": 5.0, "subsample": 0.37401377629492827}, "datetime": {"datetime": "2024-01-20 14:47:14", "elapsed": 1402.449971, "delta": 0.002043}}
{"target": -19.14306364469578, "params": {"colsample_bytree": 0.7096016615349621, "eta": 0.0069769462676512115, "gamma": 360.8079264792596, "max_depth": 7.0, "min_child_weight": 4220.866145196239, "num_boost_round": 6.0, "subsample": 0.37401377629492827}, "datetime": {"datetime": "2024-01-20 14:47:14", "elapsed": 1402.452006, "delta": 0.002035}}
{"target": -19.14302160789452, "params": {"colsample_bytree": 0.7096016615349621, "eta": 0.0069769462676512115, "gamma": 360.8079264792596, "max_depth": 7.0, "min_child_weight": 4220.866145196239, "num_boost_round": 7.0, "subsample": 0.37401377629492827}, "datetime": {"datetime": "2024-01-20 14:47:14", "elapsed": 1402.454024, "delta": 0.002018}}
{"target": -19.143015184214892, "params": {"colsample_bytree": 0.7096016615349621, "eta": 0.0069769462676512115, "gamma": 360.8079264792596, "max_depth": 7.0, "min_child_weight": 4220.866145196239, "num_boost_round": 8.0, "subsample": 0.37401377629492827}, "datetime": {"datetime": "2024-01-20 14:47:14", "elapsed": 1402.456076, "delta": 0.002052}}
{"target": -19.142956220303986, "params": {"colsample_bytree": 0.7096016615349621, "eta": 0.0069769462676512115, "gamma": 360.8079264792596, "max_depth": 7.0, "min_child_weight": 4220.866145196239, "num_boost_round": 9.0, "subsample": 0.37401377629492827}, "datetime": {"datetime": "2024-01-20 14:47:14", "elapsed": 1402.458105, "delta": 0.002029}}
{"target": -19.142954576682627, "params": {"colsample_bytree": 0.7096016615349621, "eta": 0.0069769462676512115, "gamma": 360.8079264792596, "max_depth": 7.0, "min_child_weight": 4220.866145196239, "num_boost_round": 10.0, "subsample": 0.37401377629492827}, "datetime": {"datetime": "2024-01-20 14:47:14", "elapsed": 1402.460123, "delta": 0.002018}}
{"target": -19.14292096272621, "params": {"colsample_bytree": 0.7096016615349621, "eta": 0.0069769462676512115, "gamma": 360.8079264792596, "max_depth": 7.0, "min_child_weight": 4220.866145196239, "num_boost_round": 11.0, "subsample": 0.37401377629492827}, "datetime": {"datetime": "2024-01-20 14:47:14", "elapsed": 1402.462265, "delta": 0.002142}}
{"target": -19.143494644880978, "params": {"colsample_bytree": 0.7811555727803605, "eta": 0.02822106162431086, "gamma": 316.78015172189475, "max_depth": 7.0, "min_child_weight": 4245.762396869904, "num_boost_round": 1.0, "subsample": 0.40097423149031275}, "datetime": {"datetime": "2024-01-20 14:47:37", "elapsed": 1425.038596, "delta": 22.576331}}
{"target": -19.143210886300388, "params": {"colsample_bytree": 0.912333741720545, "eta": 0.04808180846870574, "gamma": 390.3715868432516, "max_depth": 6.0, "min_child_weight": 4270.608323108251, "num_boost_round": 1.0, "subsample": 0.5246908286625983}, "datetime": {"datetime": "2024-01-20 14:48:09", "elapsed": 1457.65333, "delta": 32.614734}}
{"target": -19.14353523748897, "params": {"colsample_bytree": 0.912333741720545, "eta": 0.04808180846870574, "gamma": 390.3715868432516, "max_depth": 6.0, "min_child_weight": 4270.608323108251, "num_boost_round": 2.0, "subsample": 0.5246908286625983}, "datetime": {"datetime": "2024-01-20 14:48:09", "elapsed": 1457.693945, "delta": 0.040615}}
{"target": -19.143633044716353, "params": {"colsample_bytree": 0.912333741720545, "eta": 0.04808180846870574, "gamma": 390.3715868432516, "max_depth": 6.0, "min_child_weight": 4270.608323108251, "num_boost_round": 3.0, "subsample": 0.5246908286625983}, "datetime": {"datetime": "2024-01-20 14:48:09", "elapsed": 1457.69643, "delta": 0.002485}}
{"target": -19.143934065052576, "params": {"colsample_bytree": 0.912333741720545, "eta": 0.04808180846870574, "gamma": 390.3715868432516, "max_depth": 6.0, "min_child_weight": 4270.608323108251, "num_boost_round": 4.0, "subsample": 0.5246908286625983}, "datetime": {"datetime": "2024-01-20 14:48:09", "elapsed": 1457.698468, "delta": 0.002038}}
{"target": -19.14409897574411, "params": {"colsample_bytree": 0.912333741720545, "eta": 0.04808180846870574, "gamma": 390.3715868432516, "max_depth": 6.0, "min_child_weight": 4270.608323108251, "num_boost_round": 5.0, "subsample": 0.5246908286625983}, "datetime": {"datetime": "2024-01-20 14:48:09", "elapsed": 1457.700493, "delta": 0.002025}}
{"target": -19.144627552525215, "params": {"colsample_bytree": 0.912333741720545, "eta": 0.04808180846870574, "gamma": 390.3715868432516, "max_depth": 6.0, "min_child_weight": 4270.608323108251, "num_boost_round": 6.0, "subsample": 0.5246908286625983}, "datetime": {"datetime": "2024-01-20 14:48:09", "elapsed": 1457.702508, "delta": 0.002015}}
{"target": -19.144738060121803, "params": {"colsample_bytree": 0.912333741720545, "eta": 0.04808180846870574, "gamma": 390.3715868432516, "max_depth": 6.0, "min_child_weight": 4270.608323108251, "num_boost_round": 7.0, "subsample": 0.5246908286625983}, "datetime": {"datetime": "2024-01-20 14:48:09", "elapsed": 1457.704582, "delta": 0.002074}}
{"target": -19.14514749751571, "params": {"colsample_bytree": 0.912333741720545, "eta": 0.04808180846870574, "gamma": 390.3715868432516, "max_depth": 6.0, "min_child_weight": 4270.608323108251, "num_boost_round": 8.0, "subsample": 0.5246908286625983}, "datetime": {"datetime": "2024-01-20 14:48:09", "elapsed": 1457.706716, "delta": 0.002134}}
{"target": -19.145652408931603, "params": {"colsample_bytree": 0.912333741720545, "eta": 0.04808180846870574, "gamma": 390.3715868432516, "max_depth": 6.0, "min_child_weight": 4270.608323108251, "num_boost_round": 9.0, "subsample": 0.5246908286625983}, "datetime": {"datetime": "2024-01-20 14:48:09", "elapsed": 1457.708741, "delta": 0.002025}}
{"target": -19.14615702874451, "params": {"colsample_bytree": 0.912333741720545, "eta": 0.04808180846870574, "gamma": 390.3715868432516, "max_depth": 6.0, "min_child_weight": 4270.608323108251, "num_boost_round": 10.0, "subsample": 0.5246908286625983}, "datetime": {"datetime": "2024-01-20 14:48:09", "elapsed": 1457.710763, "delta": 0.002022}}
{"target": -19.14667095303064, "params": {"colsample_bytree": 0.912333741720545, "eta": 0.04808180846870574, "gamma": 390.3715868432516, "max_depth": 6.0, "min_child_weight": 4270.608323108251, "num_boost_round": 11.0, "subsample": 0.5246908286625983}, "datetime": {"datetime": "2024-01-20 14:48:09", "elapsed": 1457.712787, "delta": 0.002024}}
{"target": -19.146974112826783, "params": {"colsample_bytree": 0.912333741720545, "eta": 0.04808180846870574, "gamma": 390.3715868432516, "max_depth": 6.0, "min_child_weight": 4270.608323108251, "num_boost_round": 12.0, "subsample": 0.5246908286625983}, "datetime": {"datetime": "2024-01-20 14:48:09", "elapsed": 1457.714817, "delta": 0.00203}}
{"target": -19.147683013154513, "params": {"colsample_bytree": 0.912333741720545, "eta": 0.04808180846870574, "gamma": 390.3715868432516, "max_depth": 6.0, "min_child_weight": 4270.608323108251, "num_boost_round": 13.0, "subsample": 0.5246908286625983}, "datetime": {"datetime": "2024-01-20 14:48:09", "elapsed": 1457.716969, "delta": 0.002152}}
{"target": -19.14821391449076, "params": {"colsample_bytree": 0.912333741720545, "eta": 0.04808180846870574, "gamma": 390.3715868432516, "max_depth": 6.0, "min_child_weight": 4270.608323108251, "num_boost_round": 14.0, "subsample": 0.5246908286625983}, "datetime": {"datetime": "2024-01-20 14:48:09", "elapsed": 1457.719249, "delta": 0.00228}}
{"target": -19.14847215505325, "params": {"colsample_bytree": 0.912333741720545, "eta": 0.04808180846870574, "gamma": 390.3715868432516, "max_depth": 6.0, "min_child_weight": 4270.608323108251, "num_boost_round": 15.0, "subsample": 0.5246908286625983}, "datetime": {"datetime": "2024-01-20 14:48:09", "elapsed": 1457.721288, "delta": 0.002039}}
{"target": -19.148999309592426, "params": {"colsample_bytree": 0.912333741720545, "eta": 0.04808180846870574, "gamma": 390.3715868432516, "max_depth": 6.0, "min_child_weight": 4270.608323108251, "num_boost_round": 16.0, "subsample": 0.5246908286625983}, "datetime": {"datetime": "2024-01-20 14:48:09", "elapsed": 1457.723369, "delta": 0.002081}}
{"target": -19.149623123900053, "params": {"colsample_bytree": 0.912333741720545, "eta": 0.04808180846870574, "gamma": 390.3715868432516, "max_depth": 6.0, "min_child_weight": 4270.608323108251, "num_boost_round": 17.0, "subsample": 0.5246908286625983}, "datetime": {"datetime": "2024-01-20 14:48:09", "elapsed": 1457.725409, "delta": 0.00204}}
{"target": -19.14980272206668, "params": {"colsample_bytree": 0.912333741720545, "eta": 0.04808180846870574, "gamma": 390.3715868432516, "max_depth": 6.0, "min_child_weight": 4270.608323108251, "num_boost_round": 18.0, "subsample": 0.5246908286625983}, "datetime": {"datetime": "2024-01-20 14:48:09", "elapsed": 1457.72753, "delta": 0.002121}}
{"target": -19.15027692835784, "params": {"colsample_bytree": 0.912333741720545, "eta": 0.04808180846870574, "gamma": 390.3715868432516, "max_depth": 6.0, "min_child_weight": 4270.608323108251, "num_boost_round": 19.0, "subsample": 0.5246908286625983}, "datetime": {"datetime": "2024-01-20 14:48:09", "elapsed": 1457.729552, "delta": 0.002022}}
{"target": -19.150478920705986, "params": {"colsample_bytree": 0.912333741720545, "eta": 0.04808180846870574, "gamma": 390.3715868432516, "max_depth": 6.0, "min_child_weight": 4270.608323108251, "num_boost_round": 20.0, "subsample": 0.5246908286625983}, "datetime": {"datetime": "2024-01-20 14:48:09", "elapsed": 1457.731571, "delta": 0.002019}}
{"target": -19.14419050555289, "params": {"colsample_bytree": 0.45269445814648446, "eta": 0.09544626340809144, "gamma": 482.8279804362933, "max_depth": 8.0, "min_child_weight": 4261.379608991837, "num_boost_round": 1.0, "subsample": 0.6096100560312476}, "datetime": {"datetime": "2024-01-20 14:48:28", "elapsed": 1476.453123, "delta": 18.721552}}
{"target": -19.144297175924486, "params": {"colsample_bytree": 0.45269445814648446, "eta": 0.09544626340809144, "gamma": 482.8279804362933, "max_depth": 8.0, "min_child_weight": 4261.379608991837, "num_boost_round": 2.0, "subsample": 0.6096100560312476}, "datetime": {"datetime": "2024-01-20 14:48:28", "elapsed": 1476.513557, "delta": 0.060434}}
{"target": -19.144988788122856, "params": {"colsample_bytree": 0.45269445814648446, "eta": 0.09544626340809144, "gamma": 482.8279804362933, "max_depth": 8.0, "min_child_weight": 4261.379608991837, "num_boost_round": 3.0, "subsample": 0.6096100560312476}, "datetime": {"datetime": "2024-01-20 14:48:28", "elapsed": 1476.515999, "delta": 0.002442}}
{"target": -19.144531805301554, "params": {"colsample_bytree": 0.45269445814648446, "eta": 0.09544626340809144, "gamma": 482.8279804362933, "max_depth": 8.0, "min_child_weight": 4261.379608991837, "num_boost_round": 4.0, "subsample": 0.6096100560312476}, "datetime": {"datetime": "2024-01-20 14:48:28", "elapsed": 1476.518196, "delta": 0.002197}}
{"target": -19.14361023284776, "params": {"colsample_bytree": 0.9664844027226885, "eta": 0.07451795926870929, "gamma": 177.97669581879816, "max_depth": 7.0, "min_child_weight": 3998.347301258357, "num_boost_round": 1.0, "subsample": 0.7906444329928264}, "datetime": {"datetime": "2024-01-20 14:48:55", "elapsed": 1503.39527, "delta": 26.877074}}
{"target": -19.14441713499473, "params": {"colsample_bytree": 0.9664844027226885, "eta": 0.07451795926870929, "gamma": 177.97669581879816, "max_depth": 7.0, "min_child_weight": 3998.347301258357, "num_boost_round": 2.0, "subsample": 0.7906444329928264}, "datetime": {"datetime": "2024-01-20 14:48:55", "elapsed": 1503.422702, "delta": 0.027432}}
{"target": -19.1456734128832, "params": {"colsample_bytree": 0.9664844027226885, "eta": 0.07451795926870929, "gamma": 177.97669581879816, "max_depth": 7.0, "min_child_weight": 3998.347301258357, "num_boost_round": 3.0, "subsample": 0.7906444329928264}, "datetime": {"datetime": "2024-01-20 14:48:55", "elapsed": 1503.425002, "delta": 0.0023}}
{"target": -19.146124881045317, "params": {"colsample_bytree": 0.9664844027226885, "eta": 0.07451795926870929, "gamma": 177.97669581879816, "max_depth": 7.0, "min_child_weight": 3998.347301258357, "num_boost_round": 4.0, "subsample": 0.7906444329928264}, "datetime": {"datetime": "2024-01-20 14:48:55", "elapsed": 1503.427295, "delta": 0.002293}}
{"target": -19.147465739963117, "params": {"colsample_bytree": 0.9664844027226885, "eta": 0.07451795926870929, "gamma": 177.97669581879816, "max_depth": 7.0, "min_child_weight": 3998.347301258357, "num_boost_round": 5.0, "subsample": 0.7906444329928264}, "datetime": {"datetime": "2024-01-20 14:48:55", "elapsed": 1503.429389, "delta": 0.002094}}
{"target": -19.148353139214702, "params": {"colsample_bytree": 0.9664844027226885, "eta": 0.07451795926870929, "gamma": 177.97669581879816, "max_depth": 7.0, "min_child_weight": 3998.347301258357, "num_boost_round": 6.0, "subsample": 0.7906444329928264}, "datetime": {"datetime": "2024-01-20 14:48:55", "elapsed": 1503.431474, "delta": 0.002085}}
{"target": -19.14970959263299, "params": {"colsample_bytree": 0.9664844027226885, "eta": 0.07451795926870929, "gamma": 177.97669581879816, "max_depth": 7.0, "min_child_weight": 3998.347301258357, "num_boost_round": 7.0, "subsample": 0.7906444329928264}, "datetime": {"datetime": "2024-01-20 14:48:55", "elapsed": 1503.433598, "delta": 0.002124}}
{"target": -19.150845359391585, "params": {"colsample_bytree": 0.9664844027226885, "eta": 0.07451795926870929, "gamma": 177.97669581879816, "max_depth": 7.0, "min_child_weight": 3998.347301258357, "num_boost_round": 8.0, "subsample": 0.7906444329928264}, "datetime": {"datetime": "2024-01-20 14:48:55", "elapsed": 1503.435716, "delta": 0.002118}}
{"target": -19.1517988253989, "params": {"colsample_bytree": 0.9664844027226885, "eta": 0.07451795926870929, "gamma": 177.97669581879816, "max_depth": 7.0, "min_child_weight": 3998.347301258357, "num_boost_round": 9.0, "subsample": 0.7906444329928264}, "datetime": {"datetime": "2024-01-20 14:48:55", "elapsed": 1503.437822, "delta": 0.002106}}
{"target": -19.15337150133405, "params": {"colsample_bytree": 0.9664844027226885, "eta": 0.07451795926870929, "gamma": 177.97669581879816, "max_depth": 7.0, "min_child_weight": 3998.347301258357, "num_boost_round": 10.0, "subsample": 0.7906444329928264}, "datetime": {"datetime": "2024-01-20 14:48:55", "elapsed": 1503.439941, "delta": 0.002119}}
{"target": -19.154594885535083, "params": {"colsample_bytree": 0.9664844027226885, "eta": 0.07451795926870929, "gamma": 177.97669581879816, "max_depth": 7.0, "min_child_weight": 3998.347301258357, "num_boost_round": 11.0, "subsample": 0.7906444329928264}, "datetime": {"datetime": "2024-01-20 14:48:55", "elapsed": 1503.442022, "delta": 0.002081}}
{"target": -19.155338463057582, "params": {"colsample_bytree": 0.9664844027226885, "eta": 0.07451795926870929, "gamma": 177.97669581879816, "max_depth": 7.0, "min_child_weight": 3998.347301258357, "num_boost_round": 12.0, "subsample": 0.7906444329928264}, "datetime": {"datetime": "2024-01-20 14:48:55", "elapsed": 1503.444158, "delta": 0.002136}}
{"target": -19.143181401192408, "params": {"colsample_bytree": 0.32298987100832366, "eta": 0.010230142760802939, "gamma": 242.10392060239815, "max_depth": 7.0, "min_child_weight": 4265.193156149254, "num_boost_round": 1.0, "subsample": 0.40462029229945906}, "datetime": {"datetime": "2024-01-20 14:49:21", "elapsed": 1529.836, "delta": 26.391842}}
{"target": -19.14318806850602, "params": {"colsample_bytree": 0.32298987100832366, "eta": 0.010230142760802939, "gamma": 242.10392060239815, "max_depth": 7.0, "min_child_weight": 4265.193156149254, "num_boost_round": 2.0, "subsample": 0.40462029229945906}, "datetime": {"datetime": "2024-01-20 14:49:21", "elapsed": 1529.838306, "delta": 0.002306}}
{"target": -19.143173298539654, "params": {"colsample_bytree": 0.32298987100832366, "eta": 0.010230142760802939, "gamma": 242.10392060239815, "max_depth": 7.0, "min_child_weight": 4265.193156149254, "num_boost_round": 3.0, "subsample": 0.40462029229945906}, "datetime": {"datetime": "2024-01-20 14:49:21", "elapsed": 1529.840432, "delta": 0.002126}}
{"target": -19.143109453759585, "params": {"colsample_bytree": 0.32298987100832366, "eta": 0.010230142760802939, "gamma": 242.10392060239815, "max_depth": 7.0, "min_child_weight": 4265.193156149254, "num_boost_round": 4.0, "subsample": 0.40462029229945906}, "datetime": {"datetime": "2024-01-20 14:49:21", "elapsed": 1529.84549, "delta": 0.005058}}
{"target": -19.143156154439346, "params": {"colsample_bytree": 0.32298987100832366, "eta": 0.010230142760802939, "gamma": 242.10392060239815, "max_depth": 7.0, "min_child_weight": 4265.193156149254, "num_boost_round": 5.0, "subsample": 0.40462029229945906}, "datetime": {"datetime": "2024-01-20 14:49:21", "elapsed": 1529.847605, "delta": 0.002115}}
