{"target": -10.300760754335268, "params": {"colsample_bytree": 0.48181423460359607, "eta": 0.049541365519942, "gamma": 504.96016205368755, "max_depth": 2.0, "min_child_weight": 4000.4486745826143, "num_boost_round": 10.0, "subsample": 0.750085658573473}, "datetime": {"datetime": "2024-01-20 13:33:04", "elapsed": 682.629117, "delta": 0.000786}}
{"target": -10.300986851365225, "params": {"colsample_bytree": 0.48181423460359607, "eta": 0.049541365519942, "gamma": 504.96016205368755, "max_depth": 2.0, "min_child_weight": 4000.4486745826143, "num_boost_round": 11.0, "subsample": 0.750085658573473}, "datetime": {"datetime": "2024-01-20 13:33:04", "elapsed": 682.629957, "delta": 0.00084}}
{"target": -10.301378056211625, "params": {"colsample_bytree": 0.48181423460359607, "eta": 0.049541365519942, "gamma": 504.96016205368755, "max_depth": 2.0, "min_child_weight": 4000.4486745826143, "num_boost_round": 12.0, "subsample": 0.750085658573473}, "datetime": {"datetime": "2024-01-20 13:33:04", "elapsed": 682.630746, "delta": 0.000789}}
{"target": -10.30147889795963, "params": {"colsample_bytree": 0.48181423460359607, "eta": 0.049541365519942, "gamma": 504.96016205368755, "max_depth": 2.0, "min_child_weight": 4000.4486745826143, "num_boost_round": 13.0, "subsample": 0.750085658573473}, "datetime": {"datetime": "2024-01-20 13:33:04", "elapsed": 682.631598, "delta": 0.000852}}
{"target": -10.301687619887602, "params": {"colsample_bytree": 0.48181423460359607, "eta": 0.049541365519942, "gamma": 504.96016205368755, "max_depth": 2.0, "min_child_weight": 4000.4486745826143, "num_boost_round": 14.0, "subsample": 0.750085658573473}, "datetime": {"datetime": "2024-01-20 13:33:04", "elapsed": 682.632354, "delta": 0.000756}}
{"target": -10.302246477520805, "params": {"colsample_bytree": 0.48181423460359607, "eta": 0.049541365519942, "gamma": 504.96016205368755, "max_depth": 2.0, "min_child_weight": 4000.4486745826143, "num_boost_round": 15.0, "subsample": 0.750085658573473}, "datetime": {"datetime": "2024-01-20 13:33:04", "elapsed": 682.633139, "delta": 0.000785}}
{"target": -10.302533660942432, "params": {"colsample_bytree": 0.48181423460359607, "eta": 0.049541365519942, "gamma": 504.96016205368755, "max_depth": 2.0, "min_child_weight": 4000.4486745826143, "num_boost_round": 16.0, "subsample": 0.750085658573473}, "datetime": {"datetime": "2024-01-20 13:33:04", "elapsed": 682.633903, "delta": 0.000764}}
{"target": -10.302991766747594, "params": {"colsample_bytree": 0.48181423460359607, "eta": 0.049541365519942, "gamma": 504.96016205368755, "max_depth": 2.0, "min_child_weight": 4000.4486745826143, "num_boost_round": 17.0, "subsample": 0.750085658573473}, "datetime": {"datetime": "2024-01-20 13:33:04", "elapsed": 682.634672, "delta": 0.000769}}
{"target": -10.303273253645434, "params": {"colsample_bytree": 0.48181423460359607, "eta": 0.049541365519942, "gamma": 504.96016205368755, "max_depth": 2.0, "min_child_weight": 4000.4486745826143, "num_boost_round": 18.0, "subsample": 0.750085658573473}, "datetime": {"datetime": "2024-01-20 13:33:04", "elapsed": 682.635447, "delta": 0.000775}}
{"target": -10.30355333832463, "params": {"colsample_bytree": 0.48181423460359607, "eta": 0.049541365519942, "gamma": 504.96016205368755, "max_depth": 2.0, "min_child_weight": 4000.4486745826143, "num_boost_round": 19.0, "subsample": 0.750085658573473}, "datetime": {"datetime": "2024-01-20 13:33:04", "elapsed": 682.636225, "delta": 0.000778}}
{"target": -10.303559016820657, "params": {"colsample_bytree": 0.48181423460359607, "eta": 0.049541365519942, "gamma": 504.96016205368755, "max_depth": 2.0, "min_child_weight": 4000.4486745826143, "num_boost_round": 20.0, "subsample": 0.750085658573473}, "datetime": {"datetime": "2024-01-20 13:33:04", "elapsed": 682.637023, "delta": 0.000798}}
{"target": -10.303675542346205, "params": {"colsample_bytree": 0.48181423460359607, "eta": 0.049541365519942, "gamma": 504.96016205368755, "max_depth": 2.0, "min_child_weight": 4000.4486745826143, "num_boost_round": 21.0, "subsample": 0.750085658573473}, "datetime": {"datetime": "2024-01-20 13:33:04", "elapsed": 682.63795, "delta": 0.000927}}
{"target": -10.303919545589373, "params": {"colsample_bytree": 0.48181423460359607, "eta": 0.049541365519942, "gamma": 504.96016205368755, "max_depth": 2.0, "min_child_weight": 4000.4486745826143, "num_boost_round": 22.0, "subsample": 0.750085658573473}, "datetime": {"datetime": "2024-01-20 13:33:04", "elapsed": 682.638835, "delta": 0.000885}}
{"target": -10.304150474509045, "params": {"colsample_bytree": 0.48181423460359607, "eta": 0.049541365519942, "gamma": 504.96016205368755, "max_depth": 2.0, "min_child_weight": 4000.4486745826143, "num_boost_round": 23.0, "subsample": 0.750085658573473}, "datetime": {"datetime": "2024-01-20 13:33:04", "elapsed": 682.639661, "delta": 0.000826}}
{"target": -10.30419439088792, "params": {"colsample_bytree": 0.48181423460359607, "eta": 0.049541365519942, "gamma": 504.96016205368755, "max_depth": 2.0, "min_child_weight": 4000.4486745826143, "num_boost_round": 24.0, "subsample": 0.750085658573473}, "datetime": {"datetime": "2024-01-20 13:33:04", "elapsed": 682.640427, "delta": 0.000766}}
{"target": -10.298526755419028, "params": {"colsample_bytree": 0.4583138333701565, "eta": 0.09945067695118175, "gamma": 623.8097794454451, "max_depth": 3.0, "min_child_weight": 3944.5069805488542, "num_boost_round": 1.0, "subsample": 0.8801347795264404}, "datetime": {"datetime": "2024-01-20 13:33:49", "elapsed": 726.870462, "delta": 44.230035}}
{"target": -10.298758165756945, "params": {"colsample_bytree": 0.4583138333701565, "eta": 0.09945067695118175, "gamma": 623.8097794454451, "max_depth": 3.0, "min_child_weight": 3944.5069805488542, "num_boost_round": 2.0, "subsample": 0.8801347795264404}, "datetime": {"datetime": "2024-01-20 13:33:49", "elapsed": 726.872384, "delta": 0.001922}}
{"target": -10.29907168431462, "params": {"colsample_bytree": 0.4583138333701565, "eta": 0.09945067695118175, "gamma": 623.8097794454451, "max_depth": 3.0, "min_child_weight": 3944.5069805488542, "num_boost_round": 3.0, "subsample": 0.8801347795264404}, "datetime": {"datetime": "2024-01-20 13:33:49", "elapsed": 726.873559, "delta": 0.001175}}
{"target": -10.29973290936599, "params": {"colsample_bytree": 0.4583138333701565, "eta": 0.09945067695118175, "gamma": 623.8097794454451, "max_depth": 3.0, "min_child_weight": 3944.5069805488542, "num_boost_round": 4.0, "subsample": 0.8801347795264404}, "datetime": {"datetime": "2024-01-20 13:33:49", "elapsed": 726.874498, "delta": 0.000939}}
{"target": -10.300633751548162, "params": {"colsample_bytree": 0.4583138333701565, "eta": 0.09945067695118175, "gamma": 623.8097794454451, "max_depth": 3.0, "min_child_weight": 3944.5069805488542, "num_boost_round": 5.0, "subsample": 0.8801347795264404}, "datetime": {"datetime": "2024-01-20 13:33:49", "elapsed": 726.876924, "delta": 0.002426}}
{"target": -10.301055112874945, "params": {"colsample_bytree": 0.4583138333701565, "eta": 0.09945067695118175, "gamma": 623.8097794454451, "max_depth": 3.0, "min_child_weight": 3944.5069805488542, "num_boost_round": 6.0, "subsample": 0.8801347795264404}, "datetime": {"datetime": "2024-01-20 13:33:49", "elapsed": 726.877784, "delta": 0.00086}}
{"target": -10.301505086253766, "params": {"colsample_bytree": 0.4583138333701565, "eta": 0.09945067695118175, "gamma": 623.8097794454451, "max_depth": 3.0, "min_child_weight": 3944.5069805488542, "num_boost_round": 7.0, "subsample": 0.8801347795264404}, "datetime": {"datetime": "2024-01-20 13:33:49", "elapsed": 726.878608, "delta": 0.000824}}
{"target": -10.302088691546471, "params": {"colsample_bytree": 0.4583138333701565, "eta": 0.09945067695118175, "gamma": 623.8097794454451, "max_depth": 3.0, "min_child_weight": 3944.5069805488542, "num_boost_round": 8.0, "subsample": 0.8801347795264404}, "datetime": {"datetime": "2024-01-20 13:33:49", "elapsed": 726.879385, "delta": 0.000777}}
{"target": -10.302442663861664, "params": {"colsample_bytree": 0.4583138333701565, "eta": 0.09945067695118175, "gamma": 623.8097794454451, "max_depth": 3.0, "min_child_weight": 3944.5069805488542, "num_boost_round": 9.0, "subsample": 0.8801347795264404}, "datetime": {"datetime": "2024-01-20 13:33:49", "elapsed": 726.880249, "delta": 0.000864}}
{"target": -10.303179183071718, "params": {"colsample_bytree": 0.4583138333701565, "eta": 0.09945067695118175, "gamma": 623.8097794454451, "max_depth": 3.0, "min_child_weight": 3944.5069805488542, "num_boost_round": 10.0, "subsample": 0.8801347795264404}, "datetime": {"datetime": "2024-01-20 13:33:49", "elapsed": 726.881084, "delta": 0.000835}}
{"target": -10.30399114830217, "params": {"colsample_bytree": 0.4583138333701565, "eta": 0.09945067695118175, "gamma": 623.8097794454451, "max_depth": 3.0, "min_child_weight": 3944.5069805488542, "num_boost_round": 11.0, "subsample": 0.8801347795264404}, "datetime": {"datetime": "2024-01-20 13:33:49", "elapsed": 726.881939, "delta": 0.000855}}
{"target": -10.304605360855597, "params": {"colsample_bytree": 0.4583138333701565, "eta": 0.09945067695118175, "gamma": 623.8097794454451, "max_depth": 3.0, "min_child_weight": 3944.5069805488542, "num_boost_round": 12.0, "subsample": 0.8801347795264404}, "datetime": {"datetime": "2024-01-20 13:33:49", "elapsed": 726.882798, "delta": 0.000859}}
{"target": -10.304782771096846, "params": {"colsample_bytree": 0.4583138333701565, "eta": 0.09945067695118175, "gamma": 623.8097794454451, "max_depth": 3.0, "min_child_weight": 3944.5069805488542, "num_boost_round": 13.0, "subsample": 0.8801347795264404}, "datetime": {"datetime": "2024-01-20 13:33:49", "elapsed": 726.883669, "delta": 0.000871}}
{"target": -10.30512453502341, "params": {"colsample_bytree": 0.4583138333701565, "eta": 0.09945067695118175, "gamma": 623.8097794454451, "max_depth": 3.0, "min_child_weight": 3944.5069805488542, "num_boost_round": 14.0, "subsample": 0.8801347795264404}, "datetime": {"datetime": "2024-01-20 13:33:49", "elapsed": 726.884534, "delta": 0.000865}}
{"target": -10.305873259016204, "params": {"colsample_bytree": 0.4583138333701565, "eta": 0.09945067695118175, "gamma": 623.8097794454451, "max_depth": 3.0, "min_child_weight": 3944.5069805488542, "num_boost_round": 15.0, "subsample": 0.8801347795264404}, "datetime": {"datetime": "2024-01-20 13:33:49", "elapsed": 726.885389, "delta": 0.000855}}
{"target": -10.305948256189112, "params": {"colsample_bytree": 0.4583138333701565, "eta": 0.09945067695118175, "gamma": 623.8097794454451, "max_depth": 3.0, "min_child_weight": 3944.5069805488542, "num_boost_round": 16.0, "subsample": 0.8801347795264404}, "datetime": {"datetime": "2024-01-20 13:33:49", "elapsed": 726.886249, "delta": 0.00086}}
{"target": -10.3071020288603, "params": {"colsample_bytree": 0.4583138333701565, "eta": 0.09945067695118175, "gamma": 623.8097794454451, "max_depth": 3.0, "min_child_weight": 3944.5069805488542, "num_boost_round": 17.0, "subsample": 0.8801347795264404}, "datetime": {"datetime": "2024-01-20 13:33:49", "elapsed": 726.887075, "delta": 0.000826}}
{"target": -10.307609551921317, "params": {"colsample_bytree": 0.4583138333701565, "eta": 0.09945067695118175, "gamma": 623.8097794454451, "max_depth": 3.0, "min_child_weight": 3944.5069805488542, "num_boost_round": 18.0, "subsample": 0.8801347795264404}, "datetime": {"datetime": "2024-01-20 13:33:49", "elapsed": 726.887926, "delta": 0.000851}}
{"target": -10.308706396424789, "params": {"colsample_bytree": 0.4583138333701565, "eta": 0.09945067695118175, "gamma": 623.8097794454451, "max_depth": 3.0, "min_child_weight": 3944.5069805488542, "num_boost_round": 19.0, "subsample": 0.8801347795264404}, "datetime": {"datetime": "2024-01-20 13:33:49", "elapsed": 726.888771, "delta": 0.000845}}
{"target": -10.30927437928877, "params": {"colsample_bytree": 0.4583138333701565, "eta": 0.09945067695118175, "gamma": 623.8097794454451, "max_depth": 3.0, "min_child_weight": 3944.5069805488542, "num_boost_round": 20.0, "subsample": 0.8801347795264404}, "datetime": {"datetime": "2024-01-20 13:33:49", "elapsed": 726.889626, "delta": 0.000855}}
{"target": -10.309339253222966, "params": {"colsample_bytree": 0.4583138333701565, "eta": 0.09945067695118175, "gamma": 623.8097794454451, "max_depth": 3.0, "min_child_weight": 3944.5069805488542, "num_boost_round": 21.0, "subsample": 0.8801347795264404}, "datetime": {"datetime": "2024-01-20 13:33:49", "elapsed": 726.890491, "delta": 0.000865}}
{"target": -10.309905000128094, "params": {"colsample_bytree": 0.4583138333701565, "eta": 0.09945067695118175, "gamma": 623.8097794454451, "max_depth": 3.0, "min_child_weight": 3944.5069805488542, "num_boost_round": 22.0, "subsample": 0.8801347795264404}, "datetime": {"datetime": "2024-01-20 13:33:49", "elapsed": 726.891335, "delta": 0.000844}}
{"target": -10.310225724996657, "params": {"colsample_bytree": 0.4583138333701565, "eta": 0.09945067695118175, "gamma": 623.8097794454451, "max_depth": 3.0, "min_child_weight": 3944.5069805488542, "num_boost_round": 23.0, "subsample": 0.8801347795264404}, "datetime": {"datetime": "2024-01-20 13:33:49", "elapsed": 726.892208, "delta": 0.000873}}
{"target": -10.310434215968503, "params": {"colsample_bytree": 0.4583138333701565, "eta": 0.09945067695118175, "gamma": 623.8097794454451, "max_depth": 3.0, "min_child_weight": 3944.5069805488542, "num_boost_round": 24.0, "subsample": 0.8801347795264404}, "datetime": {"datetime": "2024-01-20 13:33:49", "elapsed": 726.893055, "delta": 0.000847}}
{"target": -10.310545810412547, "params": {"colsample_bytree": 0.4583138333701565, "eta": 0.09945067695118175, "gamma": 623.8097794454451, "max_depth": 3.0, "min_child_weight": 3944.5069805488542, "num_boost_round": 25.0, "subsample": 0.8801347795264404}, "datetime": {"datetime": "2024-01-20 13:33:49", "elapsed": 726.893883, "delta": 0.000828}}
{"target": -10.310646983991997, "params": {"colsample_bytree": 0.4583138333701565, "eta": 0.09945067695118175, "gamma": 623.8097794454451, "max_depth": 3.0, "min_child_weight": 3944.5069805488542, "num_boost_round": 26.0, "subsample": 0.8801347795264404}, "datetime": {"datetime": "2024-01-20 13:33:49", "elapsed": 726.894729, "delta": 0.000846}}
{"target": -10.310372438579996, "params": {"colsample_bytree": 0.4583138333701565, "eta": 0.09945067695118175, "gamma": 623.8097794454451, "max_depth": 3.0, "min_child_weight": 3944.5069805488542, "num_boost_round": 27.0, "subsample": 0.8801347795264404}, "datetime": {"datetime": "2024-01-20 13:33:49", "elapsed": 726.895567, "delta": 0.000838}}
{"target": -10.310689149693875, "params": {"colsample_bytree": 0.4583138333701565, "eta": 0.09945067695118175, "gamma": 623.8097794454451, "max_depth": 3.0, "min_child_weight": 3944.5069805488542, "num_boost_round": 28.0, "subsample": 0.8801347795264404}, "datetime": {"datetime": "2024-01-20 13:33:49", "elapsed": 726.896406, "delta": 0.000839}}
{"target": -10.311301471332323, "params": {"colsample_bytree": 0.4583138333701565, "eta": 0.09945067695118175, "gamma": 623.8097794454451, "max_depth": 3.0, "min_child_weight": 3944.5069805488542, "num_boost_round": 29.0, "subsample": 0.8801347795264404}, "datetime": {"datetime": "2024-01-20 13:33:49", "elapsed": 726.897263, "delta": 0.000857}}
{"target": -10.298216381651912, "params": {"colsample_bytree": 0.43073830830390414, "eta": 0.0782285078629648, "gamma": 736.6163397132225, "max_depth": 6.0, "min_child_weight": 4073.8931319508583, "num_boost_round": 1.0, "subsample": 0.7394588736889609}, "datetime": {"datetime": "2024-01-20 13:34:15", "elapsed": 753.404332, "delta": 26.507069}}
{"target": -10.298213249718295, "params": {"colsample_bytree": 0.43073830830390414, "eta": 0.0782285078629648, "gamma": 736.6163397132225, "max_depth": 6.0, "min_child_weight": 4073.8931319508583, "num_boost_round": 2.0, "subsample": 0.7394588736889609}, "datetime": {"datetime": "2024-01-20 13:34:15", "elapsed": 753.406562, "delta": 0.00223}}
{"target": -10.298443005909387, "params": {"colsample_bytree": 0.43073830830390414, "eta": 0.0782285078629648, "gamma": 736.6163397132225, "max_depth": 6.0, "min_child_weight": 4073.8931319508583, "num_boost_round": 3.0, "subsample": 0.7394588736889609}, "datetime": {"datetime": "2024-01-20 13:34:15", "elapsed": 753.407516, "delta": 0.000954}}
{"target": -10.29896260784549, "params": {"colsample_bytree": 0.43073830830390414, "eta": 0.0782285078629648, "gamma": 736.6163397132225, "max_depth": 6.0, "min_child_weight": 4073.8931319508583, "num_boost_round": 4.0, "subsample": 0.7394588736889609}, "datetime": {"datetime": "2024-01-20 13:34:15", "elapsed": 753.408684, "delta": 0.001168}}
{"target": -10.299850801918168, "params": {"colsample_bytree": 0.43073830830390414, "eta": 0.0782285078629648, "gamma": 736.6163397132225, "max_depth": 6.0, "min_child_weight": 4073.8931319508583, "num_boost_round": 5.0, "subsample": 0.7394588736889609}, "datetime": {"datetime": "2024-01-20 13:34:15", "elapsed": 753.409555, "delta": 0.000871}}
{"target": -10.300495681814748, "params": {"colsample_bytree": 0.43073830830390414, "eta": 0.0782285078629648, "gamma": 736.6163397132225, "max_depth": 6.0, "min_child_weight": 4073.8931319508583, "num_boost_round": 6.0, "subsample": 0.7394588736889609}, "datetime": {"datetime": "2024-01-20 13:34:15", "elapsed": 753.410645, "delta": 0.00109}}
{"target": -10.301152039845585, "params": {"colsample_bytree": 0.43073830830390414, "eta": 0.0782285078629648, "gamma": 736.6163397132225, "max_depth": 6.0, "min_child_weight": 4073.8931319508583, "num_boost_round": 7.0, "subsample": 0.7394588736889609}, "datetime": {"datetime": "2024-01-20 13:34:15", "elapsed": 753.411491, "delta": 0.000846}}
{"target": -10.298632501012197, "params": {"colsample_bytree": 0.613171609378964, "eta": 0.06454128131654072, "gamma": 563.1273226020068, "max_depth": 3.0, "min_child_weight": 4101.434925987952, "num_boost_round": 1.0, "subsample": 0.9272256416809713}, "datetime": {"datetime": "2024-01-20 13:34:48", "elapsed": 786.246622, "delta": 32.835131}}
{"target": -10.298992701993585, "params": {"colsample_bytree": 0.613171609378964, "eta": 0.06454128131654072, "gamma": 563.1273226020068, "max_depth": 3.0, "min_child_weight": 4101.434925987952, "num_boost_round": 2.0, "subsample": 0.9272256416809713}, "datetime": {"datetime": "2024-01-20 13:34:48", "elapsed": 786.249836, "delta": 0.003214}}
{"target": -10.299134314572385, "params": {"colsample_bytree": 0.613171609378964, "eta": 0.06454128131654072, "gamma": 563.1273226020068, "max_depth": 3.0, "min_child_weight": 4101.434925987952, "num_boost_round": 3.0, "subsample": 0.9272256416809713}, "datetime": {"datetime": "2024-01-20 13:34:48", "elapsed": 786.250802, "delta": 0.000966}}
{"target": -10.29946515797809, "params": {"colsample_bytree": 0.613171609378964, "eta": 0.06454128131654072, "gamma": 563.1273226020068, "max_depth": 3.0, "min_child_weight": 4101.434925987952, "num_boost_round": 4.0, "subsample": 0.9272256416809713}, "datetime": {"datetime": "2024-01-20 13:34:48", "elapsed": 786.251783, "delta": 0.000981}}
{"target": -10.29996816263422, "params": {"colsample_bytree": 0.613171609378964, "eta": 0.06454128131654072, "gamma": 563.1273226020068, "max_depth": 3.0, "min_child_weight": 4101.434925987952, "num_boost_round": 5.0, "subsample": 0.9272256416809713}, "datetime": {"datetime": "2024-01-20 13:34:48", "elapsed": 786.252654, "delta": 0.000871}}
{"target": -10.300237040420075, "params": {"colsample_bytree": 0.613171609378964, "eta": 0.06454128131654072, "gamma": 563.1273226020068, "max_depth": 3.0, "min_child_weight": 4101.434925987952, "num_boost_round": 6.0, "subsample": 0.9272256416809713}, "datetime": {"datetime": "2024-01-20 13:34:48", "elapsed": 786.253608, "delta": 0.000954}}
{"target": -10.300407848617404, "params": {"colsample_bytree": 0.613171609378964, "eta": 0.06454128131654072, "gamma": 563.1273226020068, "max_depth": 3.0, "min_child_weight": 4101.434925987952, "num_boost_round": 7.0, "subsample": 0.9272256416809713}, "datetime": {"datetime": "2024-01-20 13:34:48", "elapsed": 786.254471, "delta": 0.000863}}
{"target": -10.300872202767218, "params": {"colsample_bytree": 0.613171609378964, "eta": 0.06454128131654072, "gamma": 563.1273226020068, "max_depth": 3.0, "min_child_weight": 4101.434925987952, "num_boost_round": 8.0, "subsample": 0.9272256416809713}, "datetime": {"datetime": "2024-01-20 13:34:48", "elapsed": 786.255309, "delta": 0.000838}}
{"target": -10.301314102189442, "params": {"colsample_bytree": 0.613171609378964, "eta": 0.06454128131654072, "gamma": 563.1273226020068, "max_depth": 3.0, "min_child_weight": 4101.434925987952, "num_boost_round": 9.0, "subsample": 0.9272256416809713}, "datetime": {"datetime": "2024-01-20 13:34:48", "elapsed": 786.25615, "delta": 0.000841}}
{"target": -10.301832673035818, "params": {"colsample_bytree": 0.613171609378964, "eta": 0.06454128131654072, "gamma": 563.1273226020068, "max_depth": 3.0, "min_child_weight": 4101.434925987952, "num_boost_round": 10.0, "subsample": 0.9272256416809713}, "datetime": {"datetime": "2024-01-20 13:34:48", "elapsed": 786.256989, "delta": 0.000839}}
{"target": -10.302355287783316, "params": {"colsample_bytree": 0.613171609378964, "eta": 0.06454128131654072, "gamma": 563.1273226020068, "max_depth": 3.0, "min_child_weight": 4101.434925987952, "num_boost_round": 11.0, "subsample": 0.9272256416809713}, "datetime": {"datetime": "2024-01-20 13:34:48", "elapsed": 786.257936, "delta": 0.000947}}
{"target": -10.302637823094365, "params": {"colsample_bytree": 0.613171609378964, "eta": 0.06454128131654072, "gamma": 563.1273226020068, "max_depth": 3.0, "min_child_weight": 4101.434925987952, "num_boost_round": 12.0, "subsample": 0.9272256416809713}, "datetime": {"datetime": "2024-01-20 13:34:48", "elapsed": 786.258794, "delta": 0.000858}}
