{"target": -10.476213954227454, "params": {"colsample_bytree": 0.5326379143308245, "eta": 0.018915984193336247, "gamma": 420.8833271919548, "max_depth": 2.0, "min_child_weight": 5016.133306963915, "num_boost_round": 21.0, "subsample": 0.6094008446999022}, "datetime": {"datetime": "2024-01-20 16:43:50", "elapsed": 11922.554663, "delta": 0.007174}}
{"target": -10.47621932631198, "params": {"colsample_bytree": 0.5326379143308245, "eta": 0.018915984193336247, "gamma": 420.8833271919548, "max_depth": 2.0, "min_child_weight": 5016.133306963915, "num_boost_round": 22.0, "subsample": 0.6094008446999022}, "datetime": {"datetime": "2024-01-20 16:43:50", "elapsed": 11922.561592, "delta": 0.006929}}
{"target": -10.476242492479074, "params": {"colsample_bytree": 0.5326379143308245, "eta": 0.018915984193336247, "gamma": 420.8833271919548, "max_depth": 2.0, "min_child_weight": 5016.133306963915, "num_boost_round": 23.0, "subsample": 0.6094008446999022}, "datetime": {"datetime": "2024-01-20 16:43:50", "elapsed": 11922.568382, "delta": 0.00679}}
{"target": -10.476196984831901, "params": {"colsample_bytree": 0.5326379143308245, "eta": 0.018915984193336247, "gamma": 420.8833271919548, "max_depth": 2.0, "min_child_weight": 5016.133306963915, "num_boost_round": 24.0, "subsample": 0.6094008446999022}, "datetime": {"datetime": "2024-01-20 16:43:50", "elapsed": 11922.575244, "delta": 0.006862}}
{"target": -10.476238336975134, "params": {"colsample_bytree": 0.5326379143308245, "eta": 0.018915984193336247, "gamma": 420.8833271919548, "max_depth": 2.0, "min_child_weight": 5016.133306963915, "num_boost_round": 25.0, "subsample": 0.6094008446999022}, "datetime": {"datetime": "2024-01-20 16:43:50", "elapsed": 11922.582326, "delta": 0.007082}}
{"target": -10.476258007400073, "params": {"colsample_bytree": 0.5326379143308245, "eta": 0.018915984193336247, "gamma": 420.8833271919548, "max_depth": 2.0, "min_child_weight": 5016.133306963915, "num_boost_round": 26.0, "subsample": 0.6094008446999022}, "datetime": {"datetime": "2024-01-20 16:43:50", "elapsed": 11922.589564, "delta": 0.007238}}
{"target": -10.476412049445987, "params": {"colsample_bytree": 0.5326379143308245, "eta": 0.018915984193336247, "gamma": 420.8833271919548, "max_depth": 2.0, "min_child_weight": 5016.133306963915, "num_boost_round": 27.0, "subsample": 0.6094008446999022}, "datetime": {"datetime": "2024-01-20 16:43:50", "elapsed": 11922.596608, "delta": 0.007044}}
{"target": -10.476514499222485, "params": {"colsample_bytree": 0.5326379143308245, "eta": 0.018915984193336247, "gamma": 420.8833271919548, "max_depth": 2.0, "min_child_weight": 5016.133306963915, "num_boost_round": 28.0, "subsample": 0.6094008446999022}, "datetime": {"datetime": "2024-01-20 16:43:50", "elapsed": 11922.603578, "delta": 0.00697}}
{"target": -10.476639513235448, "params": {"colsample_bytree": 0.5326379143308245, "eta": 0.018915984193336247, "gamma": 420.8833271919548, "max_depth": 2.0, "min_child_weight": 5016.133306963915, "num_boost_round": 29.0, "subsample": 0.6094008446999022}, "datetime": {"datetime": "2024-01-20 16:43:50", "elapsed": 11922.610428, "delta": 0.00685}}
{"target": -10.476684665612435, "params": {"colsample_bytree": 0.5326379143308245, "eta": 0.018915984193336247, "gamma": 420.8833271919548, "max_depth": 2.0, "min_child_weight": 5016.133306963915, "num_boost_round": 30.0, "subsample": 0.6094008446999022}, "datetime": {"datetime": "2024-01-20 16:43:50", "elapsed": 11922.617238, "delta": 0.00681}}
{"target": -10.4766606687874, "params": {"colsample_bytree": 0.5326379143308245, "eta": 0.018915984193336247, "gamma": 420.8833271919548, "max_depth": 2.0, "min_child_weight": 5016.133306963915, "num_boost_round": 31.0, "subsample": 0.6094008446999022}, "datetime": {"datetime": "2024-01-20 16:43:50", "elapsed": 11922.623983, "delta": 0.006745}}
{"target": -10.476720654501108, "params": {"colsample_bytree": 0.5326379143308245, "eta": 0.018915984193336247, "gamma": 420.8833271919548, "max_depth": 2.0, "min_child_weight": 5016.133306963915, "num_boost_round": 32.0, "subsample": 0.6094008446999022}, "datetime": {"datetime": "2024-01-20 16:43:50", "elapsed": 11922.631298, "delta": 0.007315}}
{"target": -10.476676788514546, "params": {"colsample_bytree": 0.5326379143308245, "eta": 0.018915984193336247, "gamma": 420.8833271919548, "max_depth": 2.0, "min_child_weight": 5016.133306963915, "num_boost_round": 33.0, "subsample": 0.6094008446999022}, "datetime": {"datetime": "2024-01-20 16:43:50", "elapsed": 11922.63844, "delta": 0.007142}}
{"target": -10.47666558308033, "params": {"colsample_bytree": 0.5326379143308245, "eta": 0.018915984193336247, "gamma": 420.8833271919548, "max_depth": 2.0, "min_child_weight": 5016.133306963915, "num_boost_round": 34.0, "subsample": 0.6094008446999022}, "datetime": {"datetime": "2024-01-20 16:43:50", "elapsed": 11922.64535, "delta": 0.00691}}
{"target": -10.47674370474705, "params": {"colsample_bytree": 0.5326379143308245, "eta": 0.018915984193336247, "gamma": 420.8833271919548, "max_depth": 2.0, "min_child_weight": 5016.133306963915, "num_boost_round": 35.0, "subsample": 0.6094008446999022}, "datetime": {"datetime": "2024-01-20 16:43:50", "elapsed": 11922.652178, "delta": 0.006828}}
{"target": -10.476741647059885, "params": {"colsample_bytree": 0.5326379143308245, "eta": 0.018915984193336247, "gamma": 420.8833271919548, "max_depth": 2.0, "min_child_weight": 5016.133306963915, "num_boost_round": 36.0, "subsample": 0.6094008446999022}, "datetime": {"datetime": "2024-01-20 16:43:50", "elapsed": 11922.658966, "delta": 0.006788}}
{"target": -10.47677696795443, "params": {"colsample_bytree": 0.5326379143308245, "eta": 0.018915984193336247, "gamma": 420.8833271919548, "max_depth": 2.0, "min_child_weight": 5016.133306963915, "num_boost_round": 37.0, "subsample": 0.6094008446999022}, "datetime": {"datetime": "2024-01-20 16:43:50", "elapsed": 11922.684133, "delta": 0.025167}}
{"target": -10.476782549853814, "params": {"colsample_bytree": 0.5326379143308245, "eta": 0.018915984193336247, "gamma": 420.8833271919548, "max_depth": 2.0, "min_child_weight": 5016.133306963915, "num_boost_round": 38.0, "subsample": 0.6094008446999022}, "datetime": {"datetime": "2024-01-20 16:43:50", "elapsed": 11922.691602, "delta": 0.007469}}
{"target": -10.476876431423957, "params": {"colsample_bytree": 0.5326379143308245, "eta": 0.018915984193336247, "gamma": 420.8833271919548, "max_depth": 2.0, "min_child_weight": 5016.133306963915, "num_boost_round": 39.0, "subsample": 0.6094008446999022}, "datetime": {"datetime": "2024-01-20 16:43:50", "elapsed": 11922.698721, "delta": 0.007119}}
{"target": -10.476971695995587, "params": {"colsample_bytree": 0.5326379143308245, "eta": 0.018915984193336247, "gamma": 420.8833271919548, "max_depth": 2.0, "min_child_weight": 5016.133306963915, "num_boost_round": 40.0, "subsample": 0.6094008446999022}, "datetime": {"datetime": "2024-01-20 16:43:50", "elapsed": 11922.705699, "delta": 0.006978}}
{"target": -10.476984640072999, "params": {"colsample_bytree": 0.5326379143308245, "eta": 0.018915984193336247, "gamma": 420.8833271919548, "max_depth": 2.0, "min_child_weight": 5016.133306963915, "num_boost_round": 41.0, "subsample": 0.6094008446999022}, "datetime": {"datetime": "2024-01-20 16:43:50", "elapsed": 11922.712441, "delta": 0.006742}}
{"target": -10.476993508535603, "params": {"colsample_bytree": 0.5326379143308245, "eta": 0.018915984193336247, "gamma": 420.8833271919548, "max_depth": 2.0, "min_child_weight": 5016.133306963915, "num_boost_round": 42.0, "subsample": 0.6094008446999022}, "datetime": {"datetime": "2024-01-20 16:43:50", "elapsed": 11922.719356, "delta": 0.006915}}
{"target": -10.477033033520865, "params": {"colsample_bytree": 0.5326379143308245, "eta": 0.018915984193336247, "gamma": 420.8833271919548, "max_depth": 2.0, "min_child_weight": 5016.133306963915, "num_boost_round": 43.0, "subsample": 0.6094008446999022}, "datetime": {"datetime": "2024-01-20 16:43:50", "elapsed": 11922.726213, "delta": 0.006857}}
{"target": -10.477001079761255, "params": {"colsample_bytree": 0.5326379143308245, "eta": 0.018915984193336247, "gamma": 420.8833271919548, "max_depth": 2.0, "min_child_weight": 5016.133306963915, "num_boost_round": 44.0, "subsample": 0.6094008446999022}, "datetime": {"datetime": "2024-01-20 16:43:50", "elapsed": 11922.733481, "delta": 0.007268}}
{"target": -10.476988219761015, "params": {"colsample_bytree": 0.5326379143308245, "eta": 0.018915984193336247, "gamma": 420.8833271919548, "max_depth": 2.0, "min_child_weight": 5016.133306963915, "num_boost_round": 45.0, "subsample": 0.6094008446999022}, "datetime": {"datetime": "2024-01-20 16:43:50", "elapsed": 11922.740611, "delta": 0.00713}}
{"target": -10.477081202868456, "params": {"colsample_bytree": 0.5326379143308245, "eta": 0.018915984193336247, "gamma": 420.8833271919548, "max_depth": 2.0, "min_child_weight": 5016.133306963915, "num_boost_round": 46.0, "subsample": 0.6094008446999022}, "datetime": {"datetime": "2024-01-20 16:43:50", "elapsed": 11922.747862, "delta": 0.007251}}
{"target": -10.47713001029663, "params": {"colsample_bytree": 0.5326379143308245, "eta": 0.018915984193336247, "gamma": 420.8833271919548, "max_depth": 2.0, "min_child_weight": 5016.133306963915, "num_boost_round": 47.0, "subsample": 0.6094008446999022}, "datetime": {"datetime": "2024-01-20 16:43:50", "elapsed": 11922.754726, "delta": 0.006864}}
{"target": -10.477184723910662, "params": {"colsample_bytree": 0.5326379143308245, "eta": 0.018915984193336247, "gamma": 420.8833271919548, "max_depth": 2.0, "min_child_weight": 5016.133306963915, "num_boost_round": 48.0, "subsample": 0.6094008446999022}, "datetime": {"datetime": "2024-01-20 16:43:50", "elapsed": 11922.761511, "delta": 0.006785}}
{"target": -10.477129898295106, "params": {"colsample_bytree": 0.5326379143308245, "eta": 0.018915984193336247, "gamma": 420.8833271919548, "max_depth": 2.0, "min_child_weight": 5016.133306963915, "num_boost_round": 49.0, "subsample": 0.6094008446999022}, "datetime": {"datetime": "2024-01-20 16:43:50", "elapsed": 11922.768562, "delta": 0.007051}}
{"target": -10.47717022305195, "params": {"colsample_bytree": 0.5326379143308245, "eta": 0.018915984193336247, "gamma": 420.8833271919548, "max_depth": 2.0, "min_child_weight": 5016.133306963915, "num_boost_round": 50.0, "subsample": 0.6094008446999022}, "datetime": {"datetime": "2024-01-20 16:43:50", "elapsed": 11922.775923, "delta": 0.007361}}
{"target": -10.47721019838821, "params": {"colsample_bytree": 0.5326379143308245, "eta": 0.018915984193336247, "gamma": 420.8833271919548, "max_depth": 2.0, "min_child_weight": 5016.133306963915, "num_boost_round": 51.0, "subsample": 0.6094008446999022}, "datetime": {"datetime": "2024-01-20 16:43:50", "elapsed": 11922.783031, "delta": 0.007108}}
{"target": -10.477301120451695, "params": {"colsample_bytree": 0.5326379143308245, "eta": 0.018915984193336247, "gamma": 420.8833271919548, "max_depth": 2.0, "min_child_weight": 5016.133306963915, "num_boost_round": 52.0, "subsample": 0.6094008446999022}, "datetime": {"datetime": "2024-01-20 16:43:50", "elapsed": 11922.789934, "delta": 0.006903}}
{"target": -10.47739221447137, "params": {"colsample_bytree": 0.5326379143308245, "eta": 0.018915984193336247, "gamma": 420.8833271919548, "max_depth": 2.0, "min_child_weight": 5016.133306963915, "num_boost_round": 53.0, "subsample": 0.6094008446999022}, "datetime": {"datetime": "2024-01-20 16:43:50", "elapsed": 11922.796726, "delta": 0.006792}}
{"target": -10.477371652370977, "params": {"colsample_bytree": 0.5326379143308245, "eta": 0.018915984193336247, "gamma": 420.8833271919548, "max_depth": 2.0, "min_child_weight": 5016.133306963915, "num_boost_round": 54.0, "subsample": 0.6094008446999022}, "datetime": {"datetime": "2024-01-20 16:43:50", "elapsed": 11922.803618, "delta": 0.006892}}
{"target": -10.477442578732193, "params": {"colsample_bytree": 0.5326379143308245, "eta": 0.018915984193336247, "gamma": 420.8833271919548, "max_depth": 2.0, "min_child_weight": 5016.133306963915, "num_boost_round": 55.0, "subsample": 0.6094008446999022}, "datetime": {"datetime": "2024-01-20 16:43:50", "elapsed": 11922.810472, "delta": 0.006854}}
{"target": -10.477477979781646, "params": {"colsample_bytree": 0.5326379143308245, "eta": 0.018915984193336247, "gamma": 420.8833271919548, "max_depth": 2.0, "min_child_weight": 5016.133306963915, "num_boost_round": 56.0, "subsample": 0.6094008446999022}, "datetime": {"datetime": "2024-01-20 16:43:50", "elapsed": 11922.81766, "delta": 0.007188}}
{"target": -10.477594655599049, "params": {"colsample_bytree": 0.5326379143308245, "eta": 0.018915984193336247, "gamma": 420.8833271919548, "max_depth": 2.0, "min_child_weight": 5016.133306963915, "num_boost_round": 57.0, "subsample": 0.6094008446999022}, "datetime": {"datetime": "2024-01-20 16:43:51", "elapsed": 11923.167179, "delta": 0.349519}}
{"target": -10.47758950517396, "params": {"colsample_bytree": 0.5326379143308245, "eta": 0.018915984193336247, "gamma": 420.8833271919548, "max_depth": 2.0, "min_child_weight": 5016.133306963915, "num_boost_round": 58.0, "subsample": 0.6094008446999022}, "datetime": {"datetime": "2024-01-20 16:43:51", "elapsed": 11923.175275, "delta": 0.008096}}
{"target": -10.47759834856544, "params": {"colsample_bytree": 0.5326379143308245, "eta": 0.018915984193336247, "gamma": 420.8833271919548, "max_depth": 2.0, "min_child_weight": 5016.133306963915, "num_boost_round": 59.0, "subsample": 0.6094008446999022}, "datetime": {"datetime": "2024-01-20 16:43:51", "elapsed": 11923.182333, "delta": 0.007058}}
{"target": -10.477565719983708, "params": {"colsample_bytree": 0.5326379143308245, "eta": 0.018915984193336247, "gamma": 420.8833271919548, "max_depth": 2.0, "min_child_weight": 5016.133306963915, "num_boost_round": 60.0, "subsample": 0.6094008446999022}, "datetime": {"datetime": "2024-01-20 16:43:51", "elapsed": 11923.190805, "delta": 0.008472}}
{"target": -10.477668919058466, "params": {"colsample_bytree": 0.5326379143308245, "eta": 0.018915984193336247, "gamma": 420.8833271919548, "max_depth": 2.0, "min_child_weight": 5016.133306963915, "num_boost_round": 61.0, "subsample": 0.6094008446999022}, "datetime": {"datetime": "2024-01-20 16:43:51", "elapsed": 11923.197846, "delta": 0.007041}}
{"target": -10.477698346279078, "params": {"colsample_bytree": 0.5326379143308245, "eta": 0.018915984193336247, "gamma": 420.8833271919548, "max_depth": 2.0, "min_child_weight": 5016.133306963915, "num_boost_round": 62.0, "subsample": 0.6094008446999022}, "datetime": {"datetime": "2024-01-20 16:43:51", "elapsed": 11923.206019, "delta": 0.008173}}
{"target": -10.477686165239916, "params": {"colsample_bytree": 0.5326379143308245, "eta": 0.018915984193336247, "gamma": 420.8833271919548, "max_depth": 2.0, "min_child_weight": 5016.133306963915, "num_boost_round": 63.0, "subsample": 0.6094008446999022}, "datetime": {"datetime": "2024-01-20 16:43:51", "elapsed": 11923.213947, "delta": 0.007928}}
{"target": -10.477776205563051, "params": {"colsample_bytree": 0.5326379143308245, "eta": 0.018915984193336247, "gamma": 420.8833271919548, "max_depth": 2.0, "min_child_weight": 5016.133306963915, "num_boost_round": 64.0, "subsample": 0.6094008446999022}, "datetime": {"datetime": "2024-01-20 16:43:51", "elapsed": 11923.221216, "delta": 0.007269}}
{"target": -10.477853690749601, "params": {"colsample_bytree": 0.5326379143308245, "eta": 0.018915984193336247, "gamma": 420.8833271919548, "max_depth": 2.0, "min_child_weight": 5016.133306963915, "num_boost_round": 65.0, "subsample": 0.6094008446999022}, "datetime": {"datetime": "2024-01-20 16:43:51", "elapsed": 11923.228157, "delta": 0.006941}}
{"target": -10.477855389241398, "params": {"colsample_bytree": 0.5326379143308245, "eta": 0.018915984193336247, "gamma": 420.8833271919548, "max_depth": 2.0, "min_child_weight": 5016.133306963915, "num_boost_round": 66.0, "subsample": 0.6094008446999022}, "datetime": {"datetime": "2024-01-20 16:43:51", "elapsed": 11923.235145, "delta": 0.006988}}
{"target": -10.477919355694478, "params": {"colsample_bytree": 0.5326379143308245, "eta": 0.018915984193336247, "gamma": 420.8833271919548, "max_depth": 2.0, "min_child_weight": 5016.133306963915, "num_boost_round": 67.0, "subsample": 0.6094008446999022}, "datetime": {"datetime": "2024-01-20 16:43:51", "elapsed": 11923.242421, "delta": 0.007276}}
{"target": -10.478030134730005, "params": {"colsample_bytree": 0.5326379143308245, "eta": 0.018915984193336247, "gamma": 420.8833271919548, "max_depth": 2.0, "min_child_weight": 5016.133306963915, "num_boost_round": 68.0, "subsample": 0.6094008446999022}, "datetime": {"datetime": "2024-01-20 16:43:51", "elapsed": 11923.249833, "delta": 0.007412}}
{"target": -10.47809065199721, "params": {"colsample_bytree": 0.5326379143308245, "eta": 0.018915984193336247, "gamma": 420.8833271919548, "max_depth": 2.0, "min_child_weight": 5016.133306963915, "num_boost_round": 69.0, "subsample": 0.6094008446999022}, "datetime": {"datetime": "2024-01-20 16:43:51", "elapsed": 11923.25708, "delta": 0.007247}}
{"target": -10.47809985224707, "params": {"colsample_bytree": 0.5326379143308245, "eta": 0.018915984193336247, "gamma": 420.8833271919548, "max_depth": 2.0, "min_child_weight": 5016.133306963915, "num_boost_round": 70.0, "subsample": 0.6094008446999022}, "datetime": {"datetime": "2024-01-20 16:43:51", "elapsed": 11923.263977, "delta": 0.006897}}
{"target": -10.478168714707984, "params": {"colsample_bytree": 0.5326379143308245, "eta": 0.018915984193336247, "gamma": 420.8833271919548, "max_depth": 2.0, "min_child_weight": 5016.133306963915, "num_boost_round": 71.0, "subsample": 0.6094008446999022}, "datetime": {"datetime": "2024-01-20 16:43:51", "elapsed": 11923.27081, "delta": 0.006833}}
{"target": -10.478186287039417, "params": {"colsample_bytree": 0.5326379143308245, "eta": 0.018915984193336247, "gamma": 420.8833271919548, "max_depth": 2.0, "min_child_weight": 5016.133306963915, "num_boost_round": 72.0, "subsample": 0.6094008446999022}, "datetime": {"datetime": "2024-01-20 16:43:51", "elapsed": 11923.278183, "delta": 0.007373}}
{"target": -10.478211558090571, "params": {"colsample_bytree": 0.5326379143308245, "eta": 0.018915984193336247, "gamma": 420.8833271919548, "max_depth": 2.0, "min_child_weight": 5016.133306963915, "num_boost_round": 73.0, "subsample": 0.6094008446999022}, "datetime": {"datetime": "2024-01-20 16:43:51", "elapsed": 11923.285063, "delta": 0.00688}}
{"target": -10.478198823385735, "params": {"colsample_bytree": 0.5326379143308245, "eta": 0.018915984193336247, "gamma": 420.8833271919548, "max_depth": 2.0, "min_child_weight": 5016.133306963915, "num_boost_round": 74.0, "subsample": 0.6094008446999022}, "datetime": {"datetime": "2024-01-20 16:43:51", "elapsed": 11923.292339, "delta": 0.007276}}
{"target": -10.478271413607539, "params": {"colsample_bytree": 0.5326379143308245, "eta": 0.018915984193336247, "gamma": 420.8833271919548, "max_depth": 2.0, "min_child_weight": 5016.133306963915, "num_boost_round": 75.0, "subsample": 0.6094008446999022}, "datetime": {"datetime": "2024-01-20 16:43:51", "elapsed": 11923.299451, "delta": 0.007112}}
{"target": -10.47837932075695, "params": {"colsample_bytree": 0.5326379143308245, "eta": 0.018915984193336247, "gamma": 420.8833271919548, "max_depth": 2.0, "min_child_weight": 5016.133306963915, "num_boost_round": 76.0, "subsample": 0.6094008446999022}, "datetime": {"datetime": "2024-01-20 16:43:51", "elapsed": 11923.306361, "delta": 0.00691}}
{"target": -10.47844268748839, "params": {"colsample_bytree": 0.5326379143308245, "eta": 0.018915984193336247, "gamma": 420.8833271919548, "max_depth": 2.0, "min_child_weight": 5016.133306963915, "num_boost_round": 77.0, "subsample": 0.6094008446999022}, "datetime": {"datetime": "2024-01-20 16:43:51", "elapsed": 11923.31323, "delta": 0.006869}}
{"target": -10.478452681002445, "params": {"colsample_bytree": 0.5326379143308245, "eta": 0.018915984193336247, "gamma": 420.8833271919548, "max_depth": 2.0, "min_child_weight": 5016.133306963915, "num_boost_round": 78.0, "subsample": 0.6094008446999022}, "datetime": {"datetime": "2024-01-20 16:43:51", "elapsed": 11923.320227, "delta": 0.006997}}
{"target": -10.47843511201551, "params": {"colsample_bytree": 0.5326379143308245, "eta": 0.018915984193336247, "gamma": 420.8833271919548, "max_depth": 2.0, "min_child_weight": 5016.133306963915, "num_boost_round": 79.0, "subsample": 0.6094008446999022}, "datetime": {"datetime": "2024-01-20 16:43:51", "elapsed": 11923.327066, "delta": 0.006839}}
{"target": -10.478512661427864, "params": {"colsample_bytree": 0.5326379143308245, "eta": 0.018915984193336247, "gamma": 420.8833271919548, "max_depth": 2.0, "min_child_weight": 5016.133306963915, "num_boost_round": 80.0, "subsample": 0.6094008446999022}, "datetime": {"datetime": "2024-01-20 16:43:51", "elapsed": 11923.334411, "delta": 0.007345}}
{"target": -10.47851060046585, "params": {"colsample_bytree": 0.5326379143308245, "eta": 0.018915984193336247, "gamma": 420.8833271919548, "max_depth": 2.0, "min_child_weight": 5016.133306963915, "num_boost_round": 81.0, "subsample": 0.6094008446999022}, "datetime": {"datetime": "2024-01-20 16:43:51", "elapsed": 11923.341702, "delta": 0.007291}}
{"target": -10.478570545006441, "params": {"colsample_bytree": 0.5326379143308245, "eta": 0.018915984193336247, "gamma": 420.8833271919548, "max_depth": 2.0, "min_child_weight": 5016.133306963915, "num_boost_round": 82.0, "subsample": 0.6094008446999022}, "datetime": {"datetime": "2024-01-20 16:43:51", "elapsed": 11923.348715, "delta": 0.007013}}
{"target": -10.478571140446661, "params": {"colsample_bytree": 0.5326379143308245, "eta": 0.018915984193336247, "gamma": 420.8833271919548, "max_depth": 2.0, "min_child_weight": 5016.133306963915, "num_boost_round": 83.0, "subsample": 0.6094008446999022}, "datetime": {"datetime": "2024-01-20 16:43:51", "elapsed": 11923.355719, "delta": 0.007004}}
