{"target": -19.162406606040896, "params": {"colsample_bytree": 0.6810506054951339, "eta": 0.04530305474421495, "gamma": 342.4944868924201, "max_depth": 6.0, "min_child_weight": 4334.286806232096, "num_boost_round": 57.0, "subsample": 0.6387443647518338}, "datetime": {"datetime": "2024-01-20 14:52:18", "elapsed": 1706.880857, "delta": 0.002918}}
{"target": -19.16272025209517, "params": {"colsample_bytree": 0.6810506054951339, "eta": 0.04530305474421495, "gamma": 342.4944868924201, "max_depth": 6.0, "min_child_weight": 4334.286806232096, "num_boost_round": 58.0, "subsample": 0.6387443647518338}, "datetime": {"datetime": "2024-01-20 14:52:18", "elapsed": 1706.88381, "delta": 0.002953}}
{"target": -19.163184021975788, "params": {"colsample_bytree": 0.6810506054951339, "eta": 0.04530305474421495, "gamma": 342.4944868924201, "max_depth": 6.0, "min_child_weight": 4334.286806232096, "num_boost_round": 59.0, "subsample": 0.6387443647518338}, "datetime": {"datetime": "2024-01-20 14:52:18", "elapsed": 1706.886087, "delta": 0.002277}}
{"target": -19.16344467529708, "params": {"colsample_bytree": 0.6810506054951339, "eta": 0.04530305474421495, "gamma": 342.4944868924201, "max_depth": 6.0, "min_child_weight": 4334.286806232096, "num_boost_round": 60.0, "subsample": 0.6387443647518338}, "datetime": {"datetime": "2024-01-20 14:52:18", "elapsed": 1706.888368, "delta": 0.002281}}
{"target": -19.16371897864329, "params": {"colsample_bytree": 0.6810506054951339, "eta": 0.04530305474421495, "gamma": 342.4944868924201, "max_depth": 6.0, "min_child_weight": 4334.286806232096, "num_boost_round": 61.0, "subsample": 0.6387443647518338}, "datetime": {"datetime": "2024-01-20 14:52:18", "elapsed": 1706.890565, "delta": 0.002197}}
{"target": -19.16407227286161, "params": {"colsample_bytree": 0.6810506054951339, "eta": 0.04530305474421495, "gamma": 342.4944868924201, "max_depth": 6.0, "min_child_weight": 4334.286806232096, "num_boost_round": 62.0, "subsample": 0.6387443647518338}, "datetime": {"datetime": "2024-01-20 14:52:18", "elapsed": 1706.892757, "delta": 0.002192}}
{"target": -19.16454476445879, "params": {"colsample_bytree": 0.6810506054951339, "eta": 0.04530305474421495, "gamma": 342.4944868924201, "max_depth": 6.0, "min_child_weight": 4334.286806232096, "num_boost_round": 63.0, "subsample": 0.6387443647518338}, "datetime": {"datetime": "2024-01-20 14:52:18", "elapsed": 1706.894939, "delta": 0.002182}}
{"target": -19.14311774302521, "params": {"colsample_bytree": 0.5633621331481571, "eta": 0.04430877295634951, "gamma": 309.14554283663233, "max_depth": 9.0, "min_child_weight": 4404.712999992858, "num_boost_round": 1.0, "subsample": 0.14586874186613327}, "datetime": {"datetime": "2024-01-20 14:52:38", "elapsed": 1726.910588, "delta": 20.015649}}
{"target": -19.142955835610667, "params": {"colsample_bytree": 0.5633621331481571, "eta": 0.04430877295634951, "gamma": 309.14554283663233, "max_depth": 9.0, "min_child_weight": 4404.712999992858, "num_boost_round": 2.0, "subsample": 0.14586874186613327}, "datetime": {"datetime": "2024-01-20 14:52:38", "elapsed": 1726.913379, "delta": 0.002791}}
{"target": -19.142927539988328, "params": {"colsample_bytree": 0.7618543524084894, "eta": 0.07019874773752315, "gamma": 331.1801205008089, "max_depth": 6.0, "min_child_weight": 4438.348857041726, "num_boost_round": 1.0, "subsample": 0.12232398472666657}, "datetime": {"datetime": "2024-01-20 14:53:06", "elapsed": 1754.892337, "delta": 27.978958}}
{"target": -19.141865108259072, "params": {"colsample_bytree": 0.7618543524084894, "eta": 0.07019874773752315, "gamma": 331.1801205008089, "max_depth": 6.0, "min_child_weight": 4438.348857041726, "num_boost_round": 2.0, "subsample": 0.12232398472666657}, "datetime": {"datetime": "2024-01-20 14:53:06", "elapsed": 1754.895503, "delta": 0.003166}}
{"target": -19.141690861335757, "params": {"colsample_bytree": 0.7618543524084894, "eta": 0.07019874773752315, "gamma": 331.1801205008089, "max_depth": 6.0, "min_child_weight": 4438.348857041726, "num_boost_round": 3.0, "subsample": 0.12232398472666657}, "datetime": {"datetime": "2024-01-20 14:53:06", "elapsed": 1754.898136, "delta": 0.002633}}
{"target": -19.141253327192274, "params": {"colsample_bytree": 0.7618543524084894, "eta": 0.07019874773752315, "gamma": 331.1801205008089, "max_depth": 6.0, "min_child_weight": 4438.348857041726, "num_boost_round": 4.0, "subsample": 0.12232398472666657}, "datetime": {"datetime": "2024-01-20 14:53:06", "elapsed": 1754.900392, "delta": 0.002256}}
{"target": -19.140802823366187, "params": {"colsample_bytree": 0.7618543524084894, "eta": 0.07019874773752315, "gamma": 331.1801205008089, "max_depth": 6.0, "min_child_weight": 4438.348857041726, "num_boost_round": 5.0, "subsample": 0.12232398472666657}, "datetime": {"datetime": "2024-01-20 14:53:06", "elapsed": 1754.902705, "delta": 0.002313}}
{"target": -19.140781409872076, "params": {"colsample_bytree": 0.7618543524084894, "eta": 0.07019874773752315, "gamma": 331.1801205008089, "max_depth": 6.0, "min_child_weight": 4438.348857041726, "num_boost_round": 6.0, "subsample": 0.12232398472666657}, "datetime": {"datetime": "2024-01-20 14:53:06", "elapsed": 1754.904931, "delta": 0.002226}}
{"target": -19.140308194854477, "params": {"colsample_bytree": 0.7618543524084894, "eta": 0.07019874773752315, "gamma": 331.1801205008089, "max_depth": 6.0, "min_child_weight": 4438.348857041726, "num_boost_round": 7.0, "subsample": 0.12232398472666657}, "datetime": {"datetime": "2024-01-20 14:53:06", "elapsed": 1754.907219, "delta": 0.002288}}
{"target": -19.140021639123404, "params": {"colsample_bytree": 0.7618543524084894, "eta": 0.07019874773752315, "gamma": 331.1801205008089, "max_depth": 6.0, "min_child_weight": 4438.348857041726, "num_boost_round": 8.0, "subsample": 0.12232398472666657}, "datetime": {"datetime": "2024-01-20 14:53:06", "elapsed": 1754.909435, "delta": 0.002216}}
{"target": -19.139778715148317, "params": {"colsample_bytree": 0.7618543524084894, "eta": 0.07019874773752315, "gamma": 331.1801205008089, "max_depth": 6.0, "min_child_weight": 4438.348857041726, "num_boost_round": 9.0, "subsample": 0.12232398472666657}, "datetime": {"datetime": "2024-01-20 14:53:06", "elapsed": 1754.911644, "delta": 0.002209}}
{"target": -19.139740588175822, "params": {"colsample_bytree": 0.7618543524084894, "eta": 0.07019874773752315, "gamma": 331.1801205008089, "max_depth": 6.0, "min_child_weight": 4438.348857041726, "num_boost_round": 10.0, "subsample": 0.12232398472666657}, "datetime": {"datetime": "2024-01-20 14:53:06", "elapsed": 1754.913846, "delta": 0.002202}}
{"target": -19.1397948604083, "params": {"colsample_bytree": 0.7618543524084894, "eta": 0.07019874773752315, "gamma": 331.1801205008089, "max_depth": 6.0, "min_child_weight": 4438.348857041726, "num_boost_round": 11.0, "subsample": 0.12232398472666657}, "datetime": {"datetime": "2024-01-20 14:53:06", "elapsed": 1754.916177, "delta": 0.002331}}
{"target": -19.139775981807595, "params": {"colsample_bytree": 0.7618543524084894, "eta": 0.07019874773752315, "gamma": 331.1801205008089, "max_depth": 6.0, "min_child_weight": 4438.348857041726, "num_boost_round": 12.0, "subsample": 0.12232398472666657}, "datetime": {"datetime": "2024-01-20 14:53:06", "elapsed": 1754.918444, "delta": 0.002267}}
{"target": -19.140058235376294, "params": {"colsample_bytree": 0.7618543524084894, "eta": 0.07019874773752315, "gamma": 331.1801205008089, "max_depth": 6.0, "min_child_weight": 4438.348857041726, "num_boost_round": 13.0, "subsample": 0.12232398472666657}, "datetime": {"datetime": "2024-01-20 14:53:06", "elapsed": 1754.920683, "delta": 0.002239}}
{"target": -19.14052091056933, "params": {"colsample_bytree": 0.7618543524084894, "eta": 0.07019874773752315, "gamma": 331.1801205008089, "max_depth": 6.0, "min_child_weight": 4438.348857041726, "num_boost_round": 14.0, "subsample": 0.12232398472666657}, "datetime": {"datetime": "2024-01-20 14:53:06", "elapsed": 1754.922941, "delta": 0.002258}}
{"target": -19.142847447833656, "params": {"colsample_bytree": 0.17002952133567079, "eta": 0.05223990029982464, "gamma": 504.7260336313638, "max_depth": 7.0, "min_child_weight": 4315.459584974069, "num_boost_round": 1.0, "subsample": 0.287410593747314}, "datetime": {"datetime": "2024-01-20 14:53:34", "elapsed": 1782.503055, "delta": 27.580114}}
{"target": -19.14253857188166, "params": {"colsample_bytree": 0.17002952133567079, "eta": 0.05223990029982464, "gamma": 504.7260336313638, "max_depth": 7.0, "min_child_weight": 4315.459584974069, "num_boost_round": 2.0, "subsample": 0.287410593747314}, "datetime": {"datetime": "2024-01-20 14:53:34", "elapsed": 1782.506618, "delta": 0.003563}}
{"target": -19.14247726632685, "params": {"colsample_bytree": 0.17002952133567079, "eta": 0.05223990029982464, "gamma": 504.7260336313638, "max_depth": 7.0, "min_child_weight": 4315.459584974069, "num_boost_round": 3.0, "subsample": 0.287410593747314}, "datetime": {"datetime": "2024-01-20 14:53:34", "elapsed": 1782.508983, "delta": 0.002365}}
{"target": -19.142041065878033, "params": {"colsample_bytree": 0.17002952133567079, "eta": 0.05223990029982464, "gamma": 504.7260336313638, "max_depth": 7.0, "min_child_weight": 4315.459584974069, "num_boost_round": 4.0, "subsample": 0.287410593747314}, "datetime": {"datetime": "2024-01-20 14:53:34", "elapsed": 1782.511296, "delta": 0.002313}}
{"target": -19.14206443065558, "params": {"colsample_bytree": 0.17002952133567079, "eta": 0.05223990029982464, "gamma": 504.7260336313638, "max_depth": 7.0, "min_child_weight": 4315.459584974069, "num_boost_round": 5.0, "subsample": 0.287410593747314}, "datetime": {"datetime": "2024-01-20 14:53:34", "elapsed": 1782.513572, "delta": 0.002276}}
{"target": -19.141893436012836, "params": {"colsample_bytree": 0.17002952133567079, "eta": 0.05223990029982464, "gamma": 504.7260336313638, "max_depth": 7.0, "min_child_weight": 4315.459584974069, "num_boost_round": 6.0, "subsample": 0.287410593747314}, "datetime": {"datetime": "2024-01-20 14:53:34", "elapsed": 1782.515986, "delta": 0.002414}}
{"target": -19.142206759422628, "params": {"colsample_bytree": 0.17002952133567079, "eta": 0.05223990029982464, "gamma": 504.7260336313638, "max_depth": 7.0, "min_child_weight": 4315.459584974069, "num_boost_round": 7.0, "subsample": 0.287410593747314}, "datetime": {"datetime": "2024-01-20 14:53:34", "elapsed": 1782.518363, "delta": 0.002377}}
{"target": -19.14176618317937, "params": {"colsample_bytree": 0.17002952133567079, "eta": 0.05223990029982464, "gamma": 504.7260336313638, "max_depth": 7.0, "min_child_weight": 4315.459584974069, "num_boost_round": 8.0, "subsample": 0.287410593747314}, "datetime": {"datetime": "2024-01-20 14:53:34", "elapsed": 1782.520629, "delta": 0.002266}}
{"target": -19.141644225854485, "params": {"colsample_bytree": 0.17002952133567079, "eta": 0.05223990029982464, "gamma": 504.7260336313638, "max_depth": 7.0, "min_child_weight": 4315.459584974069, "num_boost_round": 9.0, "subsample": 0.287410593747314}, "datetime": {"datetime": "2024-01-20 14:53:34", "elapsed": 1782.522953, "delta": 0.002324}}
{"target": -19.142147958402017, "params": {"colsample_bytree": 0.17002952133567079, "eta": 0.05223990029982464, "gamma": 504.7260336313638, "max_depth": 7.0, "min_child_weight": 4315.459584974069, "num_boost_round": 10.0, "subsample": 0.287410593747314}, "datetime": {"datetime": "2024-01-20 14:53:34", "elapsed": 1782.525223, "delta": 0.00227}}
{"target": -19.14179816732331, "params": {"colsample_bytree": 0.17002952133567079, "eta": 0.05223990029982464, "gamma": 504.7260336313638, "max_depth": 7.0, "min_child_weight": 4315.459584974069, "num_boost_round": 11.0, "subsample": 0.287410593747314}, "datetime": {"datetime": "2024-01-20 14:53:34", "elapsed": 1782.527571, "delta": 0.002348}}
{"target": -19.1421052757557, "params": {"colsample_bytree": 0.17002952133567079, "eta": 0.05223990029982464, "gamma": 504.7260336313638, "max_depth": 7.0, "min_child_weight": 4315.459584974069, "num_boost_round": 12.0, "subsample": 0.287410593747314}, "datetime": {"datetime": "2024-01-20 14:53:34", "elapsed": 1782.529831, "delta": 0.00226}}
{"target": -19.143305913106413, "params": {"colsample_bytree": 0.8783410924918823, "eta": 0.02753885679008147, "gamma": 165.11474452136764, "max_depth": 9.0, "min_child_weight": 4269.120543701903, "num_boost_round": 1.0, "subsample": 0.6466411317234931}, "datetime": {"datetime": "2024-01-20 14:53:58", "elapsed": 1806.019023, "delta": 23.489192}}
{"target": -19.143275775519484, "params": {"colsample_bytree": 0.8783410924918823, "eta": 0.02753885679008147, "gamma": 165.11474452136764, "max_depth": 9.0, "min_child_weight": 4269.120543701903, "num_boost_round": 2.0, "subsample": 0.6466411317234931}, "datetime": {"datetime": "2024-01-20 14:53:58", "elapsed": 1806.022294, "delta": 0.003271}}
{"target": -19.14342629887296, "params": {"colsample_bytree": 0.644983533471085, "eta": 0.08466527274893842, "gamma": 111.75470982742297, "max_depth": 4.0, "min_child_weight": 4330.748847102185, "num_boost_round": 1.0, "subsample": 0.27790807362754333}, "datetime": {"datetime": "2024-01-20 14:54:27", "elapsed": 1835.359226, "delta": 29.336932}}
{"target": -19.14279448748724, "params": {"colsample_bytree": 0.644983533471085, "eta": 0.08466527274893842, "gamma": 111.75470982742297, "max_depth": 4.0, "min_child_weight": 4330.748847102185, "num_boost_round": 2.0, "subsample": 0.27790807362754333}, "datetime": {"datetime": "2024-01-20 14:54:27", "elapsed": 1835.362773, "delta": 0.003547}}
{"target": -19.14257691562159, "params": {"colsample_bytree": 0.644983533471085, "eta": 0.08466527274893842, "gamma": 111.75470982742297, "max_depth": 4.0, "min_child_weight": 4330.748847102185, "num_boost_round": 3.0, "subsample": 0.27790807362754333}, "datetime": {"datetime": "2024-01-20 14:54:27", "elapsed": 1835.365243, "delta": 0.00247}}
{"target": -19.14260155164169, "params": {"colsample_bytree": 0.644983533471085, "eta": 0.08466527274893842, "gamma": 111.75470982742297, "max_depth": 4.0, "min_child_weight": 4330.748847102185, "num_boost_round": 4.0, "subsample": 0.27790807362754333}, "datetime": {"datetime": "2024-01-20 14:54:27", "elapsed": 1835.367571, "delta": 0.002328}}
{"target": -19.14280673576834, "params": {"colsample_bytree": 0.644983533471085, "eta": 0.08466527274893842, "gamma": 111.75470982742297, "max_depth": 4.0, "min_child_weight": 4330.748847102185, "num_boost_round": 5.0, "subsample": 0.27790807362754333}, "datetime": {"datetime": "2024-01-20 14:54:27", "elapsed": 1835.369888, "delta": 0.002317}}
{"target": -19.142256511904606, "params": {"colsample_bytree": 0.644983533471085, "eta": 0.08466527274893842, "gamma": 111.75470982742297, "max_depth": 4.0, "min_child_weight": 4330.748847102185, "num_boost_round": 6.0, "subsample": 0.27790807362754333}, "datetime": {"datetime": "2024-01-20 14:54:27", "elapsed": 1835.372192, "delta": 0.002304}}
{"target": -19.142475641791854, "params": {"colsample_bytree": 0.644983533471085, "eta": 0.08466527274893842, "gamma": 111.75470982742297, "max_depth": 4.0, "min_child_weight": 4330.748847102185, "num_boost_round": 7.0, "subsample": 0.27790807362754333}, "datetime": {"datetime": "2024-01-20 14:54:27", "elapsed": 1835.374428, "delta": 0.002236}}
{"target": -19.142959710320174, "params": {"colsample_bytree": 0.644983533471085, "eta": 0.08466527274893842, "gamma": 111.75470982742297, "max_depth": 4.0, "min_child_weight": 4330.748847102185, "num_boost_round": 8.0, "subsample": 0.27790807362754333}, "datetime": {"datetime": "2024-01-20 14:54:27", "elapsed": 1835.376665, "delta": 0.002237}}
{"target": -19.142852767314096, "params": {"colsample_bytree": 0.644983533471085, "eta": 0.08466527274893842, "gamma": 111.75470982742297, "max_depth": 4.0, "min_child_weight": 4330.748847102185, "num_boost_round": 9.0, "subsample": 0.27790807362754333}, "datetime": {"datetime": "2024-01-20 14:54:27", "elapsed": 1835.378934, "delta": 0.002269}}
{"target": -19.14320713808158, "params": {"colsample_bytree": 0.644983533471085, "eta": 0.08466527274893842, "gamma": 111.75470982742297, "max_depth": 4.0, "min_child_weight": 4330.748847102185, "num_boost_round": 10.0, "subsample": 0.27790807362754333}, "datetime": {"datetime": "2024-01-20 14:54:27", "elapsed": 1835.381446, "delta": 0.002512}}
{"target": -19.143320504387944, "params": {"colsample_bytree": 0.644983533471085, "eta": 0.08466527274893842, "gamma": 111.75470982742297, "max_depth": 4.0, "min_child_weight": 4330.748847102185, "num_boost_round": 11.0, "subsample": 0.27790807362754333}, "datetime": {"datetime": "2024-01-20 14:54:27", "elapsed": 1835.38375, "delta": 0.002304}}
{"target": -19.143366987471804, "params": {"colsample_bytree": 0.420237433459138, "eta": 0.06126555882179185, "gamma": 113.1358805238829, "max_depth": 8.0, "min_child_weight": 4239.99787798083, "num_boost_round": 1.0, "subsample": 0.38520786755042846}, "datetime": {"datetime": "2024-01-20 14:54:47", "elapsed": 1855.663239, "delta": 20.279489}}
{"target": -19.14321453562553, "params": {"colsample_bytree": 0.420237433459138, "eta": 0.06126555882179185, "gamma": 113.1358805238829, "max_depth": 8.0, "min_child_weight": 4239.99787798083, "num_boost_round": 2.0, "subsample": 0.38520786755042846}, "datetime": {"datetime": "2024-01-20 14:54:47", "elapsed": 1855.666284, "delta": 0.003045}}
{"target": -19.143228391306348, "params": {"colsample_bytree": 0.420237433459138, "eta": 0.06126555882179185, "gamma": 113.1358805238829, "max_depth": 8.0, "min_child_weight": 4239.99787798083, "num_boost_round": 3.0, "subsample": 0.38520786755042846}, "datetime": {"datetime": "2024-01-20 14:54:47", "elapsed": 1855.668751, "delta": 0.002467}}
{"target": -19.143005096610143, "params": {"colsample_bytree": 0.420237433459138, "eta": 0.06126555882179185, "gamma": 113.1358805238829, "max_depth": 8.0, "min_child_weight": 4239.99787798083, "num_boost_round": 4.0, "subsample": 0.38520786755042846}, "datetime": {"datetime": "2024-01-20 14:54:47", "elapsed": 1855.671196, "delta": 0.002445}}
{"target": -19.143546056400076, "params": {"colsample_bytree": 0.6676961918713443, "eta": 0.028713362635559618, "gamma": 560.2235399104989, "max_depth": 9.0, "min_child_weight": 4319.780400498199, "num_boost_round": 1.0, "subsample": 0.8693028706267919}, "datetime": {"datetime": "2024-01-20 14:55:18", "elapsed": 1886.615822, "delta": 30.944626}}
{"target": -19.143574450500438, "params": {"colsample_bytree": 0.6676961918713443, "eta": 0.028713362635559618, "gamma": 560.2235399104989, "max_depth": 9.0, "min_child_weight": 4319.780400498199, "num_boost_round": 2.0, "subsample": 0.8693028706267919}, "datetime": {"datetime": "2024-01-20 14:55:18", "elapsed": 1886.619022, "delta": 0.0032}}
{"target": -19.143848732755412, "params": {"colsample_bytree": 0.6676961918713443, "eta": 0.028713362635559618, "gamma": 560.2235399104989, "max_depth": 9.0, "min_child_weight": 4319.780400498199, "num_boost_round": 3.0, "subsample": 0.8693028706267919}, "datetime": {"datetime": "2024-01-20 14:55:18", "elapsed": 1886.621357, "delta": 0.002335}}
{"target": -19.144209773494886, "params": {"colsample_bytree": 0.6676961918713443, "eta": 0.028713362635559618, "gamma": 560.2235399104989, "max_depth": 9.0, "min_child_weight": 4319.780400498199, "num_boost_round": 4.0, "subsample": 0.8693028706267919}, "datetime": {"datetime": "2024-01-20 14:55:18", "elapsed": 1886.62379, "delta": 0.002433}}
{"target": -19.1444503572227, "params": {"colsample_bytree": 0.6676961918713443, "eta": 0.028713362635559618, "gamma": 560.2235399104989, "max_depth": 9.0, "min_child_weight": 4319.780400498199, "num_boost_round": 5.0, "subsample": 0.8693028706267919}, "datetime": {"datetime": "2024-01-20 14:55:18", "elapsed": 1886.626234, "delta": 0.002444}}
{"target": -19.14442072761447, "params": {"colsample_bytree": 0.6676961918713443, "eta": 0.028713362635559618, "gamma": 560.2235399104989, "max_depth": 9.0, "min_child_weight": 4319.780400498199, "num_boost_round": 6.0, "subsample": 0.8693028706267919}, "datetime": {"datetime": "2024-01-20 14:55:18", "elapsed": 1886.628577, "delta": 0.002343}}
{"target": -19.144540993831143, "params": {"colsample_bytree": 0.6676961918713443, "eta": 0.028713362635559618, "gamma": 560.2235399104989, "max_depth": 9.0, "min_child_weight": 4319.780400498199, "num_boost_round": 7.0, "subsample": 0.8693028706267919}, "datetime": {"datetime": "2024-01-20 14:55:18", "elapsed": 1886.631135, "delta": 0.002558}}
{"target": -19.14473196716508, "params": {"colsample_bytree": 0.6676961918713443, "eta": 0.028713362635559618, "gamma": 560.2235399104989, "max_depth": 9.0, "min_child_weight": 4319.780400498199, "num_boost_round": 8.0, "subsample": 0.8693028706267919}, "datetime": {"datetime": "2024-01-20 14:55:18", "elapsed": 1886.633543, "delta": 0.002408}}
{"target": -19.144768356873044, "params": {"colsample_bytree": 0.6676961918713443, "eta": 0.028713362635559618, "gamma": 560.2235399104989, "max_depth": 9.0, "min_child_weight": 4319.780400498199, "num_boost_round": 9.0, "subsample": 0.8693028706267919}, "datetime": {"datetime": "2024-01-20 14:55:18", "elapsed": 1886.635924, "delta": 0.002381}}
{"target": -19.14513259890476, "params": {"colsample_bytree": 0.6676961918713443, "eta": 0.028713362635559618, "gamma": 560.2235399104989, "max_depth": 9.0, "min_child_weight": 4319.780400498199, "num_boost_round": 10.0, "subsample": 0.8693028706267919}, "datetime": {"datetime": "2024-01-20 14:55:18", "elapsed": 1886.638308, "delta": 0.002384}}
{"target": -19.14522511250365, "params": {"colsample_bytree": 0.6676961918713443, "eta": 0.028713362635559618, "gamma": 560.2235399104989, "max_depth": 9.0, "min_child_weight": 4319.780400498199, "num_boost_round": 11.0, "subsample": 0.8693028706267919}, "datetime": {"datetime": "2024-01-20 14:55:18", "elapsed": 1886.640653, "delta": 0.002345}}
