{"target": -13.406662207240359, "params": {"colsample_bytree": 0.5355158679320471, "eta": 0.027485117774798253, "gamma": 130.44397756884285, "max_depth": 8.0, "min_child_weight": 3253.0257853485173, "num_boost_round": 38.0, "subsample": 0.7770828895274745}, "datetime": {"datetime": "2024-01-20 15:14:38", "elapsed": 3012.99767, "delta": 0.002722}}
{"target": -13.407237176491812, "params": {"colsample_bytree": 0.5355158679320471, "eta": 0.027485117774798253, "gamma": 130.44397756884285, "max_depth": 8.0, "min_child_weight": 3253.0257853485173, "num_boost_round": 39.0, "subsample": 0.7770828895274745}, "datetime": {"datetime": "2024-01-20 15:14:38", "elapsed": 3013.000803, "delta": 0.003133}}
{"target": -13.407546005474156, "params": {"colsample_bytree": 0.5355158679320471, "eta": 0.027485117774798253, "gamma": 130.44397756884285, "max_depth": 8.0, "min_child_weight": 3253.0257853485173, "num_boost_round": 40.0, "subsample": 0.7770828895274745}, "datetime": {"datetime": "2024-01-20 15:14:38", "elapsed": 3013.003688, "delta": 0.002885}}
{"target": -13.407962152771022, "params": {"colsample_bytree": 0.5355158679320471, "eta": 0.027485117774798253, "gamma": 130.44397756884285, "max_depth": 8.0, "min_child_weight": 3253.0257853485173, "num_boost_round": 41.0, "subsample": 0.7770828895274745}, "datetime": {"datetime": "2024-01-20 15:14:38", "elapsed": 3013.006392, "delta": 0.002704}}
{"target": -13.408454439360929, "params": {"colsample_bytree": 0.5355158679320471, "eta": 0.027485117774798253, "gamma": 130.44397756884285, "max_depth": 8.0, "min_child_weight": 3253.0257853485173, "num_boost_round": 42.0, "subsample": 0.7770828895274745}, "datetime": {"datetime": "2024-01-20 15:14:38", "elapsed": 3013.009252, "delta": 0.00286}}
{"target": -13.408928468670158, "params": {"colsample_bytree": 0.5355158679320471, "eta": 0.027485117774798253, "gamma": 130.44397756884285, "max_depth": 8.0, "min_child_weight": 3253.0257853485173, "num_boost_round": 43.0, "subsample": 0.7770828895274745}, "datetime": {"datetime": "2024-01-20 15:14:38", "elapsed": 3013.01201, "delta": 0.002758}}
{"target": -13.409444461986295, "params": {"colsample_bytree": 0.5355158679320471, "eta": 0.027485117774798253, "gamma": 130.44397756884285, "max_depth": 8.0, "min_child_weight": 3253.0257853485173, "num_boost_round": 44.0, "subsample": 0.7770828895274745}, "datetime": {"datetime": "2024-01-20 15:14:38", "elapsed": 3013.014805, "delta": 0.002795}}
{"target": -13.409887055273352, "params": {"colsample_bytree": 0.5355158679320471, "eta": 0.027485117774798253, "gamma": 130.44397756884285, "max_depth": 8.0, "min_child_weight": 3253.0257853485173, "num_boost_round": 45.0, "subsample": 0.7770828895274745}, "datetime": {"datetime": "2024-01-20 15:14:38", "elapsed": 3013.017517, "delta": 0.002712}}
{"target": -13.410393691984059, "params": {"colsample_bytree": 0.5355158679320471, "eta": 0.027485117774798253, "gamma": 130.44397756884285, "max_depth": 8.0, "min_child_weight": 3253.0257853485173, "num_boost_round": 46.0, "subsample": 0.7770828895274745}, "datetime": {"datetime": "2024-01-20 15:14:38", "elapsed": 3013.020372, "delta": 0.002855}}
{"target": -13.410608234520973, "params": {"colsample_bytree": 0.5355158679320471, "eta": 0.027485117774798253, "gamma": 130.44397756884285, "max_depth": 8.0, "min_child_weight": 3253.0257853485173, "num_boost_round": 47.0, "subsample": 0.7770828895274745}, "datetime": {"datetime": "2024-01-20 15:14:38", "elapsed": 3013.023121, "delta": 0.002749}}
{"target": -13.411261840922016, "params": {"colsample_bytree": 0.5355158679320471, "eta": 0.027485117774798253, "gamma": 130.44397756884285, "max_depth": 8.0, "min_child_weight": 3253.0257853485173, "num_boost_round": 48.0, "subsample": 0.7770828895274745}, "datetime": {"datetime": "2024-01-20 15:14:38", "elapsed": 3013.025867, "delta": 0.002746}}
{"target": -13.411735203143657, "params": {"colsample_bytree": 0.5355158679320471, "eta": 0.027485117774798253, "gamma": 130.44397756884285, "max_depth": 8.0, "min_child_weight": 3253.0257853485173, "num_boost_round": 49.0, "subsample": 0.7770828895274745}, "datetime": {"datetime": "2024-01-20 15:14:38", "elapsed": 3013.028802, "delta": 0.002935}}
{"target": -13.41218294360834, "params": {"colsample_bytree": 0.5355158679320471, "eta": 0.027485117774798253, "gamma": 130.44397756884285, "max_depth": 8.0, "min_child_weight": 3253.0257853485173, "num_boost_round": 50.0, "subsample": 0.7770828895274745}, "datetime": {"datetime": "2024-01-20 15:14:38", "elapsed": 3013.031699, "delta": 0.002897}}
{"target": -13.412683961838825, "params": {"colsample_bytree": 0.5355158679320471, "eta": 0.027485117774798253, "gamma": 130.44397756884285, "max_depth": 8.0, "min_child_weight": 3253.0257853485173, "num_boost_round": 51.0, "subsample": 0.7770828895274745}, "datetime": {"datetime": "2024-01-20 15:14:38", "elapsed": 3013.035641, "delta": 0.003942}}
{"target": -13.399008130181887, "params": {"colsample_bytree": 0.24070429202743587, "eta": 0.06488864575332462, "gamma": 258.16859101444254, "max_depth": 7.0, "min_child_weight": 3148.0927371936223, "num_boost_round": 1.0, "subsample": 0.9242423728321963}, "datetime": {"datetime": "2024-01-20 15:15:20", "elapsed": 3055.506617, "delta": 42.470976}}
{"target": -13.399176113223794, "params": {"colsample_bytree": 0.24070429202743587, "eta": 0.06488864575332462, "gamma": 258.16859101444254, "max_depth": 7.0, "min_child_weight": 3148.0927371936223, "num_boost_round": 2.0, "subsample": 0.9242423728321963}, "datetime": {"datetime": "2024-01-20 15:15:20", "elapsed": 3055.511143, "delta": 0.004526}}
{"target": -13.399418300468238, "params": {"colsample_bytree": 0.24070429202743587, "eta": 0.06488864575332462, "gamma": 258.16859101444254, "max_depth": 7.0, "min_child_weight": 3148.0927371936223, "num_boost_round": 3.0, "subsample": 0.9242423728321963}, "datetime": {"datetime": "2024-01-20 15:15:20", "elapsed": 3055.514052, "delta": 0.002909}}
{"target": -13.400226025220965, "params": {"colsample_bytree": 0.24070429202743587, "eta": 0.06488864575332462, "gamma": 258.16859101444254, "max_depth": 7.0, "min_child_weight": 3148.0927371936223, "num_boost_round": 4.0, "subsample": 0.9242423728321963}, "datetime": {"datetime": "2024-01-20 15:15:20", "elapsed": 3055.516933, "delta": 0.002881}}
{"target": -13.40144787355242, "params": {"colsample_bytree": 0.24070429202743587, "eta": 0.06488864575332462, "gamma": 258.16859101444254, "max_depth": 7.0, "min_child_weight": 3148.0927371936223, "num_boost_round": 5.0, "subsample": 0.9242423728321963}, "datetime": {"datetime": "2024-01-20 15:15:20", "elapsed": 3055.519849, "delta": 0.002916}}
{"target": -13.402104920020285, "params": {"colsample_bytree": 0.24070429202743587, "eta": 0.06488864575332462, "gamma": 258.16859101444254, "max_depth": 7.0, "min_child_weight": 3148.0927371936223, "num_boost_round": 6.0, "subsample": 0.9242423728321963}, "datetime": {"datetime": "2024-01-20 15:15:20", "elapsed": 3055.522753, "delta": 0.002904}}
{"target": -13.403204997198312, "params": {"colsample_bytree": 0.24070429202743587, "eta": 0.06488864575332462, "gamma": 258.16859101444254, "max_depth": 7.0, "min_child_weight": 3148.0927371936223, "num_boost_round": 7.0, "subsample": 0.9242423728321963}, "datetime": {"datetime": "2024-01-20 15:15:20", "elapsed": 3055.5256, "delta": 0.002847}}
{"target": -13.403564002478472, "params": {"colsample_bytree": 0.24070429202743587, "eta": 0.06488864575332462, "gamma": 258.16859101444254, "max_depth": 7.0, "min_child_weight": 3148.0927371936223, "num_boost_round": 8.0, "subsample": 0.9242423728321963}, "datetime": {"datetime": "2024-01-20 15:15:20", "elapsed": 3055.528563, "delta": 0.002963}}
{"target": -13.404231215382827, "params": {"colsample_bytree": 0.24070429202743587, "eta": 0.06488864575332462, "gamma": 258.16859101444254, "max_depth": 7.0, "min_child_weight": 3148.0927371936223, "num_boost_round": 9.0, "subsample": 0.9242423728321963}, "datetime": {"datetime": "2024-01-20 15:15:20", "elapsed": 3055.531392, "delta": 0.002829}}
{"target": -13.404767835471759, "params": {"colsample_bytree": 0.24070429202743587, "eta": 0.06488864575332462, "gamma": 258.16859101444254, "max_depth": 7.0, "min_child_weight": 3148.0927371936223, "num_boost_round": 10.0, "subsample": 0.9242423728321963}, "datetime": {"datetime": "2024-01-20 15:15:20", "elapsed": 3055.53443, "delta": 0.003038}}
{"target": -13.4051303292941, "params": {"colsample_bytree": 0.24070429202743587, "eta": 0.06488864575332462, "gamma": 258.16859101444254, "max_depth": 7.0, "min_child_weight": 3148.0927371936223, "num_boost_round": 11.0, "subsample": 0.9242423728321963}, "datetime": {"datetime": "2024-01-20 15:15:20", "elapsed": 3055.537256, "delta": 0.002826}}
{"target": -13.405828159388331, "params": {"colsample_bytree": 0.24070429202743587, "eta": 0.06488864575332462, "gamma": 258.16859101444254, "max_depth": 7.0, "min_child_weight": 3148.0927371936223, "num_boost_round": 12.0, "subsample": 0.9242423728321963}, "datetime": {"datetime": "2024-01-20 15:15:20", "elapsed": 3055.540241, "delta": 0.002985}}
{"target": -13.397827435503688, "params": {"colsample_bytree": 0.736304138993661, "eta": 0.03424098019938276, "gamma": 52.24111083940252, "max_depth": 6.0, "min_child_weight": 3740.4147723006204, "num_boost_round": 1.0, "subsample": 0.46359676427824836}, "datetime": {"datetime": "2024-01-20 15:15:55", "elapsed": 3089.976, "delta": 34.435759}}
{"target": -13.397649044858964, "params": {"colsample_bytree": 0.736304138993661, "eta": 0.03424098019938276, "gamma": 52.24111083940252, "max_depth": 6.0, "min_child_weight": 3740.4147723006204, "num_boost_round": 2.0, "subsample": 0.46359676427824836}, "datetime": {"datetime": "2024-01-20 15:15:55", "elapsed": 3089.980786, "delta": 0.004786}}
{"target": -13.397782592816782, "params": {"colsample_bytree": 0.736304138993661, "eta": 0.03424098019938276, "gamma": 52.24111083940252, "max_depth": 6.0, "min_child_weight": 3740.4147723006204, "num_boost_round": 3.0, "subsample": 0.46359676427824836}, "datetime": {"datetime": "2024-01-20 15:15:55", "elapsed": 3089.983804, "delta": 0.003018}}
{"target": -13.398504057455888, "params": {"colsample_bytree": 0.19776972319573782, "eta": 0.08319747214007348, "gamma": 80.30702425264913, "max_depth": 9.0, "min_child_weight": 3812.4726241717644, "num_boost_round": 1.0, "subsample": 0.7777129043308761}, "datetime": {"datetime": "2024-01-20 15:16:53", "elapsed": 3148.050932, "delta": 58.067128}}
{"target": -13.398405963030003, "params": {"colsample_bytree": 0.19776972319573782, "eta": 0.08319747214007348, "gamma": 80.30702425264913, "max_depth": 9.0, "min_child_weight": 3812.4726241717644, "num_boost_round": 2.0, "subsample": 0.7777129043308761}, "datetime": {"datetime": "2024-01-20 15:16:53", "elapsed": 3148.055097, "delta": 0.004165}}
{"target": -13.398811914118035, "params": {"colsample_bytree": 0.19776972319573782, "eta": 0.08319747214007348, "gamma": 80.30702425264913, "max_depth": 9.0, "min_child_weight": 3812.4726241717644, "num_boost_round": 3.0, "subsample": 0.7777129043308761}, "datetime": {"datetime": "2024-01-20 15:16:53", "elapsed": 3148.058127, "delta": 0.00303}}
{"target": -13.399708761221868, "params": {"colsample_bytree": 0.19776972319573782, "eta": 0.08319747214007348, "gamma": 80.30702425264913, "max_depth": 9.0, "min_child_weight": 3812.4726241717644, "num_boost_round": 4.0, "subsample": 0.7777129043308761}, "datetime": {"datetime": "2024-01-20 15:16:53", "elapsed": 3148.06104, "delta": 0.002913}}
{"target": -13.400684043683576, "params": {"colsample_bytree": 0.19776972319573782, "eta": 0.08319747214007348, "gamma": 80.30702425264913, "max_depth": 9.0, "min_child_weight": 3812.4726241717644, "num_boost_round": 5.0, "subsample": 0.7777129043308761}, "datetime": {"datetime": "2024-01-20 15:16:53", "elapsed": 3148.063886, "delta": 0.002846}}
{"target": -13.401321446906516, "params": {"colsample_bytree": 0.19776972319573782, "eta": 0.08319747214007348, "gamma": 80.30702425264913, "max_depth": 9.0, "min_child_weight": 3812.4726241717644, "num_boost_round": 6.0, "subsample": 0.7777129043308761}, "datetime": {"datetime": "2024-01-20 15:16:53", "elapsed": 3148.066726, "delta": 0.00284}}
{"target": -13.401713838465614, "params": {"colsample_bytree": 0.19776972319573782, "eta": 0.08319747214007348, "gamma": 80.30702425264913, "max_depth": 9.0, "min_child_weight": 3812.4726241717644, "num_boost_round": 7.0, "subsample": 0.7777129043308761}, "datetime": {"datetime": "2024-01-20 15:16:53", "elapsed": 3148.069752, "delta": 0.003026}}
{"target": -13.40241054486479, "params": {"colsample_bytree": 0.19776972319573782, "eta": 0.08319747214007348, "gamma": 80.30702425264913, "max_depth": 9.0, "min_child_weight": 3812.4726241717644, "num_boost_round": 8.0, "subsample": 0.7777129043308761}, "datetime": {"datetime": "2024-01-20 15:16:53", "elapsed": 3148.072627, "delta": 0.002875}}
{"target": -13.402861526378015, "params": {"colsample_bytree": 0.19776972319573782, "eta": 0.08319747214007348, "gamma": 80.30702425264913, "max_depth": 9.0, "min_child_weight": 3812.4726241717644, "num_boost_round": 9.0, "subsample": 0.7777129043308761}, "datetime": {"datetime": "2024-01-20 15:16:53", "elapsed": 3148.075422, "delta": 0.002795}}
{"target": -13.403806264626304, "params": {"colsample_bytree": 0.19776972319573782, "eta": 0.08319747214007348, "gamma": 80.30702425264913, "max_depth": 9.0, "min_child_weight": 3812.4726241717644, "num_boost_round": 10.0, "subsample": 0.7777129043308761}, "datetime": {"datetime": "2024-01-20 15:16:53", "elapsed": 3148.078371, "delta": 0.002949}}
{"target": -13.403892146360654, "params": {"colsample_bytree": 0.19776972319573782, "eta": 0.08319747214007348, "gamma": 80.30702425264913, "max_depth": 9.0, "min_child_weight": 3812.4726241717644, "num_boost_round": 11.0, "subsample": 0.7777129043308761}, "datetime": {"datetime": "2024-01-20 15:16:53", "elapsed": 3148.081305, "delta": 0.002934}}
{"target": -13.404594349502851, "params": {"colsample_bytree": 0.19776972319573782, "eta": 0.08319747214007348, "gamma": 80.30702425264913, "max_depth": 9.0, "min_child_weight": 3812.4726241717644, "num_boost_round": 12.0, "subsample": 0.7777129043308761}, "datetime": {"datetime": "2024-01-20 15:16:53", "elapsed": 3148.084158, "delta": 0.002853}}
{"target": -13.404868040548806, "params": {"colsample_bytree": 0.19776972319573782, "eta": 0.08319747214007348, "gamma": 80.30702425264913, "max_depth": 9.0, "min_child_weight": 3812.4726241717644, "num_boost_round": 13.0, "subsample": 0.7777129043308761}, "datetime": {"datetime": "2024-01-20 15:16:53", "elapsed": 3148.087043, "delta": 0.002885}}
{"target": -13.40488373609438, "params": {"colsample_bytree": 0.19776972319573782, "eta": 0.08319747214007348, "gamma": 80.30702425264913, "max_depth": 9.0, "min_child_weight": 3812.4726241717644, "num_boost_round": 14.0, "subsample": 0.7777129043308761}, "datetime": {"datetime": "2024-01-20 15:16:53", "elapsed": 3148.090163, "delta": 0.00312}}
{"target": -13.40480260996879, "params": {"colsample_bytree": 0.19776972319573782, "eta": 0.08319747214007348, "gamma": 80.30702425264913, "max_depth": 9.0, "min_child_weight": 3812.4726241717644, "num_boost_round": 15.0, "subsample": 0.7777129043308761}, "datetime": {"datetime": "2024-01-20 15:16:53", "elapsed": 3148.093225, "delta": 0.003062}}
{"target": -13.405149500386125, "params": {"colsample_bytree": 0.19776972319573782, "eta": 0.08319747214007348, "gamma": 80.30702425264913, "max_depth": 9.0, "min_child_weight": 3812.4726241717644, "num_boost_round": 16.0, "subsample": 0.7777129043308761}, "datetime": {"datetime": "2024-01-20 15:16:53", "elapsed": 3148.096307, "delta": 0.003082}}
{"target": -13.406024768779893, "params": {"colsample_bytree": 0.19776972319573782, "eta": 0.08319747214007348, "gamma": 80.30702425264913, "max_depth": 9.0, "min_child_weight": 3812.4726241717644, "num_boost_round": 17.0, "subsample": 0.7777129043308761}, "datetime": {"datetime": "2024-01-20 15:16:53", "elapsed": 3148.099293, "delta": 0.002986}}
{"target": -13.406930434332885, "params": {"colsample_bytree": 0.19776972319573782, "eta": 0.08319747214007348, "gamma": 80.30702425264913, "max_depth": 9.0, "min_child_weight": 3812.4726241717644, "num_boost_round": 18.0, "subsample": 0.7777129043308761}, "datetime": {"datetime": "2024-01-20 15:16:53", "elapsed": 3148.102195, "delta": 0.002902}}
{"target": -13.407293846892372, "params": {"colsample_bytree": 0.19776972319573782, "eta": 0.08319747214007348, "gamma": 80.30702425264913, "max_depth": 9.0, "min_child_weight": 3812.4726241717644, "num_boost_round": 19.0, "subsample": 0.7777129043308761}, "datetime": {"datetime": "2024-01-20 15:16:53", "elapsed": 3148.105082, "delta": 0.002887}}
{"target": -13.407833074949894, "params": {"colsample_bytree": 0.19776972319573782, "eta": 0.08319747214007348, "gamma": 80.30702425264913, "max_depth": 9.0, "min_child_weight": 3812.4726241717644, "num_boost_round": 20.0, "subsample": 0.7777129043308761}, "datetime": {"datetime": "2024-01-20 15:16:53", "elapsed": 3148.108117, "delta": 0.003035}}
{"target": -13.407795025199913, "params": {"colsample_bytree": 0.19776972319573782, "eta": 0.08319747214007348, "gamma": 80.30702425264913, "max_depth": 9.0, "min_child_weight": 3812.4726241717644, "num_boost_round": 21.0, "subsample": 0.7777129043308761}, "datetime": {"datetime": "2024-01-20 15:16:53", "elapsed": 3148.110979, "delta": 0.002862}}
{"target": -13.408634626788439, "params": {"colsample_bytree": 0.19776972319573782, "eta": 0.08319747214007348, "gamma": 80.30702425264913, "max_depth": 9.0, "min_child_weight": 3812.4726241717644, "num_boost_round": 22.0, "subsample": 0.7777129043308761}, "datetime": {"datetime": "2024-01-20 15:16:53", "elapsed": 3148.113863, "delta": 0.002884}}
{"target": -13.40943347626608, "params": {"colsample_bytree": 0.19776972319573782, "eta": 0.08319747214007348, "gamma": 80.30702425264913, "max_depth": 9.0, "min_child_weight": 3812.4726241717644, "num_boost_round": 23.0, "subsample": 0.7777129043308761}, "datetime": {"datetime": "2024-01-20 15:16:53", "elapsed": 3148.116767, "delta": 0.002904}}
{"target": -13.410327079483856, "params": {"colsample_bytree": 0.19776972319573782, "eta": 0.08319747214007348, "gamma": 80.30702425264913, "max_depth": 9.0, "min_child_weight": 3812.4726241717644, "num_boost_round": 24.0, "subsample": 0.7777129043308761}, "datetime": {"datetime": "2024-01-20 15:16:53", "elapsed": 3148.119767, "delta": 0.003}}
{"target": -13.411014448350112, "params": {"colsample_bytree": 0.19776972319573782, "eta": 0.08319747214007348, "gamma": 80.30702425264913, "max_depth": 9.0, "min_child_weight": 3812.4726241717644, "num_boost_round": 25.0, "subsample": 0.7777129043308761}, "datetime": {"datetime": "2024-01-20 15:16:53", "elapsed": 3148.122637, "delta": 0.00287}}
{"target": -13.41151262321506, "params": {"colsample_bytree": 0.19776972319573782, "eta": 0.08319747214007348, "gamma": 80.30702425264913, "max_depth": 9.0, "min_child_weight": 3812.4726241717644, "num_boost_round": 26.0, "subsample": 0.7777129043308761}, "datetime": {"datetime": "2024-01-20 15:16:53", "elapsed": 3148.125447, "delta": 0.00281}}
{"target": -13.41176633964551, "params": {"colsample_bytree": 0.19776972319573782, "eta": 0.08319747214007348, "gamma": 80.30702425264913, "max_depth": 9.0, "min_child_weight": 3812.4726241717644, "num_boost_round": 27.0, "subsample": 0.7777129043308761}, "datetime": {"datetime": "2024-01-20 15:16:53", "elapsed": 3148.128448, "delta": 0.003001}}
{"target": -13.4119976980289, "params": {"colsample_bytree": 0.19776972319573782, "eta": 0.08319747214007348, "gamma": 80.30702425264913, "max_depth": 9.0, "min_child_weight": 3812.4726241717644, "num_boost_round": 28.0, "subsample": 0.7777129043308761}, "datetime": {"datetime": "2024-01-20 15:16:53", "elapsed": 3148.131353, "delta": 0.002905}}
{"target": -13.412185206502317, "params": {"colsample_bytree": 0.19776972319573782, "eta": 0.08319747214007348, "gamma": 80.30702425264913, "max_depth": 9.0, "min_child_weight": 3812.4726241717644, "num_boost_round": 29.0, "subsample": 0.7777129043308761}, "datetime": {"datetime": "2024-01-20 15:16:53", "elapsed": 3148.134185, "delta": 0.002832}}
{"target": -13.412955530950711, "params": {"colsample_bytree": 0.19776972319573782, "eta": 0.08319747214007348, "gamma": 80.30702425264913, "max_depth": 9.0, "min_child_weight": 3812.4726241717644, "num_boost_round": 30.0, "subsample": 0.7777129043308761}, "datetime": {"datetime": "2024-01-20 15:16:53", "elapsed": 3148.137071, "delta": 0.002886}}
{"target": -13.413879413418904, "params": {"colsample_bytree": 0.19776972319573782, "eta": 0.08319747214007348, "gamma": 80.30702425264913, "max_depth": 9.0, "min_child_weight": 3812.4726241717644, "num_boost_round": 31.0, "subsample": 0.7777129043308761}, "datetime": {"datetime": "2024-01-20 15:16:53", "elapsed": 3148.140077, "delta": 0.003006}}
{"target": -13.414563878360454, "params": {"colsample_bytree": 0.19776972319573782, "eta": 0.08319747214007348, "gamma": 80.30702425264913, "max_depth": 9.0, "min_child_weight": 3812.4726241717644, "num_boost_round": 32.0, "subsample": 0.7777129043308761}, "datetime": {"datetime": "2024-01-20 15:16:53", "elapsed": 3148.143021, "delta": 0.002944}}
{"target": -13.415348331585646, "params": {"colsample_bytree": 0.19776972319573782, "eta": 0.08319747214007348, "gamma": 80.30702425264913, "max_depth": 9.0, "min_child_weight": 3812.4726241717644, "num_boost_round": 33.0, "subsample": 0.7777129043308761}, "datetime": {"datetime": "2024-01-20 15:16:53", "elapsed": 3148.145855, "delta": 0.002834}}
{"target": -13.415699746387343, "params": {"colsample_bytree": 0.19776972319573782, "eta": 0.08319747214007348, "gamma": 80.30702425264913, "max_depth": 9.0, "min_child_weight": 3812.4726241717644, "num_boost_round": 34.0, "subsample": 0.7777129043308761}, "datetime": {"datetime": "2024-01-20 15:16:53", "elapsed": 3148.148841, "delta": 0.002986}}
