{"target": -12.358368024260745, "params": {"colsample_bytree": 0.3943323452653342, "eta": 0.0011382007408780054, "gamma": 537.1871180267512, "max_depth": 5.0, "min_child_weight": 4200.0031741918465, "num_boost_round": 8.0, "subsample": 0.5000349597876292}, "datetime": {"datetime": "2024-01-20 14:35:37", "elapsed": 703.376879, "delta": 0.001418}}
{"target": -12.358367318825156, "params": {"colsample_bytree": 0.3943323452653342, "eta": 0.0011382007408780054, "gamma": 537.1871180267512, "max_depth": 5.0, "min_child_weight": 4200.0031741918465, "num_boost_round": 9.0, "subsample": 0.5000349597876292}, "datetime": {"datetime": "2024-01-20 14:35:37", "elapsed": 703.378422, "delta": 0.001543}}
{"target": -12.358337969926538, "params": {"colsample_bytree": 0.3943323452653342, "eta": 0.0011382007408780054, "gamma": 537.1871180267512, "max_depth": 5.0, "min_child_weight": 4200.0031741918465, "num_boost_round": 10.0, "subsample": 0.5000349597876292}, "datetime": {"datetime": "2024-01-20 14:35:37", "elapsed": 703.379836, "delta": 0.001414}}
{"target": -12.358303116126244, "params": {"colsample_bytree": 0.3943323452653342, "eta": 0.0011382007408780054, "gamma": 537.1871180267512, "max_depth": 5.0, "min_child_weight": 4200.0031741918465, "num_boost_round": 11.0, "subsample": 0.5000349597876292}, "datetime": {"datetime": "2024-01-20 14:35:37", "elapsed": 703.38125, "delta": 0.001414}}
{"target": -12.358272345195392, "params": {"colsample_bytree": 0.3943323452653342, "eta": 0.0011382007408780054, "gamma": 537.1871180267512, "max_depth": 5.0, "min_child_weight": 4200.0031741918465, "num_boost_round": 12.0, "subsample": 0.5000349597876292}, "datetime": {"datetime": "2024-01-20 14:35:37", "elapsed": 703.38269, "delta": 0.00144}}
{"target": -12.35827777388289, "params": {"colsample_bytree": 0.3943323452653342, "eta": 0.0011382007408780054, "gamma": 537.1871180267512, "max_depth": 5.0, "min_child_weight": 4200.0031741918465, "num_boost_round": 13.0, "subsample": 0.5000349597876292}, "datetime": {"datetime": "2024-01-20 14:35:37", "elapsed": 703.384094, "delta": 0.001404}}
{"target": -12.358242368491318, "params": {"colsample_bytree": 0.3943323452653342, "eta": 0.0011382007408780054, "gamma": 537.1871180267512, "max_depth": 5.0, "min_child_weight": 4200.0031741918465, "num_boost_round": 14.0, "subsample": 0.5000349597876292}, "datetime": {"datetime": "2024-01-20 14:35:37", "elapsed": 703.385518, "delta": 0.001424}}
{"target": -12.358205866530222, "params": {"colsample_bytree": 0.3943323452653342, "eta": 0.0011382007408780054, "gamma": 537.1871180267512, "max_depth": 5.0, "min_child_weight": 4200.0031741918465, "num_boost_round": 15.0, "subsample": 0.5000349597876292}, "datetime": {"datetime": "2024-01-20 14:35:37", "elapsed": 703.38693, "delta": 0.001412}}
{"target": -12.358176517173181, "params": {"colsample_bytree": 0.3943323452653342, "eta": 0.0011382007408780054, "gamma": 537.1871180267512, "max_depth": 5.0, "min_child_weight": 4200.0031741918465, "num_boost_round": 16.0, "subsample": 0.5000349597876292}, "datetime": {"datetime": "2024-01-20 14:35:37", "elapsed": 703.388336, "delta": 0.001406}}
{"target": -12.358182935903008, "params": {"colsample_bytree": 0.3943323452653342, "eta": 0.0011382007408780054, "gamma": 537.1871180267512, "max_depth": 5.0, "min_child_weight": 4200.0031741918465, "num_boost_round": 17.0, "subsample": 0.5000349597876292}, "datetime": {"datetime": "2024-01-20 14:35:37", "elapsed": 703.38973, "delta": 0.001394}}
{"target": -12.358178296512229, "params": {"colsample_bytree": 0.3943323452653342, "eta": 0.0011382007408780054, "gamma": 537.1871180267512, "max_depth": 5.0, "min_child_weight": 4200.0031741918465, "num_boost_round": 18.0, "subsample": 0.5000349597876292}, "datetime": {"datetime": "2024-01-20 14:35:37", "elapsed": 703.391133, "delta": 0.001403}}
{"target": -12.358172407077852, "params": {"colsample_bytree": 0.3943323452653342, "eta": 0.0011382007408780054, "gamma": 537.1871180267512, "max_depth": 5.0, "min_child_weight": 4200.0031741918465, "num_boost_round": 19.0, "subsample": 0.5000349597876292}, "datetime": {"datetime": "2024-01-20 14:35:37", "elapsed": 703.392532, "delta": 0.001399}}
{"target": -12.35813766679571, "params": {"colsample_bytree": 0.3943323452653342, "eta": 0.0011382007408780054, "gamma": 537.1871180267512, "max_depth": 5.0, "min_child_weight": 4200.0031741918465, "num_boost_round": 20.0, "subsample": 0.5000349597876292}, "datetime": {"datetime": "2024-01-20 14:35:37", "elapsed": 703.393958, "delta": 0.001426}}
{"target": -12.35813941159244, "params": {"colsample_bytree": 0.3943323452653342, "eta": 0.0011382007408780054, "gamma": 537.1871180267512, "max_depth": 5.0, "min_child_weight": 4200.0031741918465, "num_boost_round": 21.0, "subsample": 0.5000349597876292}, "datetime": {"datetime": "2024-01-20 14:35:37", "elapsed": 703.395395, "delta": 0.001437}}
{"target": -12.35814346185332, "params": {"colsample_bytree": 0.3943323452653342, "eta": 0.0011382007408780054, "gamma": 537.1871180267512, "max_depth": 5.0, "min_child_weight": 4200.0031741918465, "num_boost_round": 22.0, "subsample": 0.5000349597876292}, "datetime": {"datetime": "2024-01-20 14:35:37", "elapsed": 703.396824, "delta": 0.001429}}
{"target": -12.357573703132514, "params": {"colsample_bytree": 0.6898967704461959, "eta": 0.03385342442477109, "gamma": 537.0095053835192, "max_depth": 9.0, "min_child_weight": 4200.833565199178, "num_boost_round": 1.0, "subsample": 0.7275361659820878}, "datetime": {"datetime": "2024-01-20 14:36:15", "elapsed": 741.970869, "delta": 38.574045}}
{"target": -12.355759607008899, "params": {"colsample_bytree": 0.6898967704461959, "eta": 0.03385342442477109, "gamma": 537.0095053835192, "max_depth": 9.0, "min_child_weight": 4200.833565199178, "num_boost_round": 2.0, "subsample": 0.7275361659820878}, "datetime": {"datetime": "2024-01-20 14:36:15", "elapsed": 741.974575, "delta": 0.003706}}
{"target": -12.35409350052824, "params": {"colsample_bytree": 0.6898967704461959, "eta": 0.03385342442477109, "gamma": 537.0095053835192, "max_depth": 9.0, "min_child_weight": 4200.833565199178, "num_boost_round": 3.0, "subsample": 0.7275361659820878}, "datetime": {"datetime": "2024-01-20 14:36:15", "elapsed": 741.976031, "delta": 0.001456}}
{"target": -12.353611128070249, "params": {"colsample_bytree": 0.6898967704461959, "eta": 0.03385342442477109, "gamma": 537.0095053835192, "max_depth": 9.0, "min_child_weight": 4200.833565199178, "num_boost_round": 4.0, "subsample": 0.7275361659820878}, "datetime": {"datetime": "2024-01-20 14:36:15", "elapsed": 741.977599, "delta": 0.001568}}
{"target": -12.352072389150607, "params": {"colsample_bytree": 0.6898967704461959, "eta": 0.03385342442477109, "gamma": 537.0095053835192, "max_depth": 9.0, "min_child_weight": 4200.833565199178, "num_boost_round": 5.0, "subsample": 0.7275361659820878}, "datetime": {"datetime": "2024-01-20 14:36:15", "elapsed": 741.979029, "delta": 0.00143}}
{"target": -12.350705410747523, "params": {"colsample_bytree": 0.6898967704461959, "eta": 0.03385342442477109, "gamma": 537.0095053835192, "max_depth": 9.0, "min_child_weight": 4200.833565199178, "num_boost_round": 6.0, "subsample": 0.7275361659820878}, "datetime": {"datetime": "2024-01-20 14:36:15", "elapsed": 741.98043, "delta": 0.001401}}
{"target": -12.349594146315189, "params": {"colsample_bytree": 0.6898967704461959, "eta": 0.03385342442477109, "gamma": 537.0095053835192, "max_depth": 9.0, "min_child_weight": 4200.833565199178, "num_boost_round": 7.0, "subsample": 0.7275361659820878}, "datetime": {"datetime": "2024-01-20 14:36:15", "elapsed": 741.981881, "delta": 0.001451}}
{"target": -12.348942194720198, "params": {"colsample_bytree": 0.6898967704461959, "eta": 0.03385342442477109, "gamma": 537.0095053835192, "max_depth": 9.0, "min_child_weight": 4200.833565199178, "num_boost_round": 8.0, "subsample": 0.7275361659820878}, "datetime": {"datetime": "2024-01-20 14:36:15", "elapsed": 741.983306, "delta": 0.001425}}
{"target": -12.347510745021221, "params": {"colsample_bytree": 0.6898967704461959, "eta": 0.03385342442477109, "gamma": 537.0095053835192, "max_depth": 9.0, "min_child_weight": 4200.833565199178, "num_boost_round": 9.0, "subsample": 0.7275361659820878}, "datetime": {"datetime": "2024-01-20 14:36:15", "elapsed": 741.984711, "delta": 0.001405}}
{"target": -12.346928085709903, "params": {"colsample_bytree": 0.6898967704461959, "eta": 0.03385342442477109, "gamma": 537.0095053835192, "max_depth": 9.0, "min_child_weight": 4200.833565199178, "num_boost_round": 10.0, "subsample": 0.7275361659820878}, "datetime": {"datetime": "2024-01-20 14:36:15", "elapsed": 741.986126, "delta": 0.001415}}
{"target": -12.346257252397505, "params": {"colsample_bytree": 0.6898967704461959, "eta": 0.03385342442477109, "gamma": 537.0095053835192, "max_depth": 9.0, "min_child_weight": 4200.833565199178, "num_boost_round": 11.0, "subsample": 0.7275361659820878}, "datetime": {"datetime": "2024-01-20 14:36:15", "elapsed": 741.987547, "delta": 0.001421}}
{"target": -12.345911216538802, "params": {"colsample_bytree": 0.6898967704461959, "eta": 0.03385342442477109, "gamma": 537.0095053835192, "max_depth": 9.0, "min_child_weight": 4200.833565199178, "num_boost_round": 12.0, "subsample": 0.7275361659820878}, "datetime": {"datetime": "2024-01-20 14:36:15", "elapsed": 741.988954, "delta": 0.001407}}
{"target": -12.345386572421603, "params": {"colsample_bytree": 0.6898967704461959, "eta": 0.03385342442477109, "gamma": 537.0095053835192, "max_depth": 9.0, "min_child_weight": 4200.833565199178, "num_boost_round": 13.0, "subsample": 0.7275361659820878}, "datetime": {"datetime": "2024-01-20 14:36:15", "elapsed": 741.99039, "delta": 0.001436}}
{"target": -12.34516286458977, "params": {"colsample_bytree": 0.6898967704461959, "eta": 0.03385342442477109, "gamma": 537.0095053835192, "max_depth": 9.0, "min_child_weight": 4200.833565199178, "num_boost_round": 14.0, "subsample": 0.7275361659820878}, "datetime": {"datetime": "2024-01-20 14:36:15", "elapsed": 741.991985, "delta": 0.001595}}
{"target": -12.34478788082313, "params": {"colsample_bytree": 0.6898967704461959, "eta": 0.03385342442477109, "gamma": 537.0095053835192, "max_depth": 9.0, "min_child_weight": 4200.833565199178, "num_boost_round": 15.0, "subsample": 0.7275361659820878}, "datetime": {"datetime": "2024-01-20 14:36:15", "elapsed": 741.993954, "delta": 0.001969}}
{"target": -12.344232927699125, "params": {"colsample_bytree": 0.6898967704461959, "eta": 0.03385342442477109, "gamma": 537.0095053835192, "max_depth": 9.0, "min_child_weight": 4200.833565199178, "num_boost_round": 16.0, "subsample": 0.7275361659820878}, "datetime": {"datetime": "2024-01-20 14:36:15", "elapsed": 741.995724, "delta": 0.00177}}
{"target": -12.344035570024042, "params": {"colsample_bytree": 0.6898967704461959, "eta": 0.03385342442477109, "gamma": 537.0095053835192, "max_depth": 9.0, "min_child_weight": 4200.833565199178, "num_boost_round": 17.0, "subsample": 0.7275361659820878}, "datetime": {"datetime": "2024-01-20 14:36:15", "elapsed": 741.997644, "delta": 0.00192}}
{"target": -12.34369055998884, "params": {"colsample_bytree": 0.6898967704461959, "eta": 0.03385342442477109, "gamma": 537.0095053835192, "max_depth": 9.0, "min_child_weight": 4200.833565199178, "num_boost_round": 18.0, "subsample": 0.7275361659820878}, "datetime": {"datetime": "2024-01-20 14:36:15", "elapsed": 741.999133, "delta": 0.001489}}
{"target": -12.343558516877948, "params": {"colsample_bytree": 0.6898967704461959, "eta": 0.03385342442477109, "gamma": 537.0095053835192, "max_depth": 9.0, "min_child_weight": 4200.833565199178, "num_boost_round": 19.0, "subsample": 0.7275361659820878}, "datetime": {"datetime": "2024-01-20 14:36:15", "elapsed": 742.000617, "delta": 0.001484}}
{"target": -12.343553402724346, "params": {"colsample_bytree": 0.6898967704461959, "eta": 0.03385342442477109, "gamma": 537.0095053835192, "max_depth": 9.0, "min_child_weight": 4200.833565199178, "num_boost_round": 20.0, "subsample": 0.7275361659820878}, "datetime": {"datetime": "2024-01-20 14:36:15", "elapsed": 742.002251, "delta": 0.001634}}
{"target": -12.343752474625244, "params": {"colsample_bytree": 0.6898967704461959, "eta": 0.03385342442477109, "gamma": 537.0095053835192, "max_depth": 9.0, "min_child_weight": 4200.833565199178, "num_boost_round": 21.0, "subsample": 0.7275361659820878}, "datetime": {"datetime": "2024-01-20 14:36:15", "elapsed": 742.234104, "delta": 0.231853}}
{"target": -12.343602907081305, "params": {"colsample_bytree": 0.6898967704461959, "eta": 0.03385342442477109, "gamma": 537.0095053835192, "max_depth": 9.0, "min_child_weight": 4200.833565199178, "num_boost_round": 22.0, "subsample": 0.7275361659820878}, "datetime": {"datetime": "2024-01-20 14:36:15", "elapsed": 742.236094, "delta": 0.00199}}
{"target": -12.34374692041622, "params": {"colsample_bytree": 0.6898967704461959, "eta": 0.03385342442477109, "gamma": 537.0095053835192, "max_depth": 9.0, "min_child_weight": 4200.833565199178, "num_boost_round": 23.0, "subsample": 0.7275361659820878}, "datetime": {"datetime": "2024-01-20 14:36:15", "elapsed": 742.237881, "delta": 0.001787}}
{"target": -12.34376652906976, "params": {"colsample_bytree": 0.6898967704461959, "eta": 0.03385342442477109, "gamma": 537.0095053835192, "max_depth": 9.0, "min_child_weight": 4200.833565199178, "num_boost_round": 24.0, "subsample": 0.7275361659820878}, "datetime": {"datetime": "2024-01-20 14:36:15", "elapsed": 742.23992, "delta": 0.002039}}
{"target": -12.344046891251654, "params": {"colsample_bytree": 0.6898967704461959, "eta": 0.03385342442477109, "gamma": 537.0095053835192, "max_depth": 9.0, "min_child_weight": 4200.833565199178, "num_boost_round": 25.0, "subsample": 0.7275361659820878}, "datetime": {"datetime": "2024-01-20 14:36:15", "elapsed": 742.242083, "delta": 0.002163}}
{"target": -12.344289792103169, "params": {"colsample_bytree": 0.6898967704461959, "eta": 0.03385342442477109, "gamma": 537.0095053835192, "max_depth": 9.0, "min_child_weight": 4200.833565199178, "num_boost_round": 26.0, "subsample": 0.7275361659820878}, "datetime": {"datetime": "2024-01-20 14:36:15", "elapsed": 742.244107, "delta": 0.002024}}
{"target": -12.344274918481549, "params": {"colsample_bytree": 0.6898967704461959, "eta": 0.03385342442477109, "gamma": 537.0095053835192, "max_depth": 9.0, "min_child_weight": 4200.833565199178, "num_boost_round": 27.0, "subsample": 0.7275361659820878}, "datetime": {"datetime": "2024-01-20 14:36:15", "elapsed": 742.245642, "delta": 0.001535}}
{"target": -12.34362785345771, "params": {"colsample_bytree": 0.6898967704461959, "eta": 0.03385342442477109, "gamma": 537.0095053835192, "max_depth": 9.0, "min_child_weight": 4200.833565199178, "num_boost_round": 28.0, "subsample": 0.7275361659820878}, "datetime": {"datetime": "2024-01-20 14:36:15", "elapsed": 742.247176, "delta": 0.001534}}
{"target": -12.343291780283923, "params": {"colsample_bytree": 0.6898967704461959, "eta": 0.03385342442477109, "gamma": 537.0095053835192, "max_depth": 9.0, "min_child_weight": 4200.833565199178, "num_boost_round": 29.0, "subsample": 0.7275361659820878}, "datetime": {"datetime": "2024-01-20 14:36:15", "elapsed": 742.248709, "delta": 0.001533}}
{"target": -12.343137325257633, "params": {"colsample_bytree": 0.6898967704461959, "eta": 0.03385342442477109, "gamma": 537.0095053835192, "max_depth": 9.0, "min_child_weight": 4200.833565199178, "num_boost_round": 30.0, "subsample": 0.7275361659820878}, "datetime": {"datetime": "2024-01-20 14:36:15", "elapsed": 742.25025, "delta": 0.001541}}
{"target": -12.342783753460278, "params": {"colsample_bytree": 0.6898967704461959, "eta": 0.03385342442477109, "gamma": 537.0095053835192, "max_depth": 9.0, "min_child_weight": 4200.833565199178, "num_boost_round": 31.0, "subsample": 0.7275361659820878}, "datetime": {"datetime": "2024-01-20 14:36:15", "elapsed": 742.251772, "delta": 0.001522}}
{"target": -12.342975885436887, "params": {"colsample_bytree": 0.6898967704461959, "eta": 0.03385342442477109, "gamma": 537.0095053835192, "max_depth": 9.0, "min_child_weight": 4200.833565199178, "num_boost_round": 32.0, "subsample": 0.7275361659820878}, "datetime": {"datetime": "2024-01-20 14:36:15", "elapsed": 742.253324, "delta": 0.001552}}
{"target": -12.343199576826198, "params": {"colsample_bytree": 0.6898967704461959, "eta": 0.03385342442477109, "gamma": 537.0095053835192, "max_depth": 9.0, "min_child_weight": 4200.833565199178, "num_boost_round": 33.0, "subsample": 0.7275361659820878}, "datetime": {"datetime": "2024-01-20 14:36:15", "elapsed": 742.254874, "delta": 0.00155}}
{"target": -12.34334788978369, "params": {"colsample_bytree": 0.6898967704461959, "eta": 0.03385342442477109, "gamma": 537.0095053835192, "max_depth": 9.0, "min_child_weight": 4200.833565199178, "num_boost_round": 34.0, "subsample": 0.7275361659820878}, "datetime": {"datetime": "2024-01-20 14:36:15", "elapsed": 742.256425, "delta": 0.001551}}
{"target": -12.343526811084534, "params": {"colsample_bytree": 0.6898967704461959, "eta": 0.03385342442477109, "gamma": 537.0095053835192, "max_depth": 9.0, "min_child_weight": 4200.833565199178, "num_boost_round": 35.0, "subsample": 0.7275361659820878}, "datetime": {"datetime": "2024-01-20 14:36:15", "elapsed": 742.257961, "delta": 0.001536}}
{"target": -12.343872114938595, "params": {"colsample_bytree": 0.6898967704461959, "eta": 0.03385342442477109, "gamma": 537.0095053835192, "max_depth": 9.0, "min_child_weight": 4200.833565199178, "num_boost_round": 36.0, "subsample": 0.7275361659820878}, "datetime": {"datetime": "2024-01-20 14:36:15", "elapsed": 742.259625, "delta": 0.001664}}
{"target": -12.343916556062382, "params": {"colsample_bytree": 0.6898967704461959, "eta": 0.03385342442477109, "gamma": 537.0095053835192, "max_depth": 9.0, "min_child_weight": 4200.833565199178, "num_boost_round": 37.0, "subsample": 0.7275361659820878}, "datetime": {"datetime": "2024-01-20 14:36:15", "elapsed": 742.26117, "delta": 0.001545}}
{"target": -12.344073019835472, "params": {"colsample_bytree": 0.6898967704461959, "eta": 0.03385342442477109, "gamma": 537.0095053835192, "max_depth": 9.0, "min_child_weight": 4200.833565199178, "num_boost_round": 38.0, "subsample": 0.7275361659820878}, "datetime": {"datetime": "2024-01-20 14:36:15", "elapsed": 742.262936, "delta": 0.001766}}
{"target": -12.344327258436145, "params": {"colsample_bytree": 0.6898967704461959, "eta": 0.03385342442477109, "gamma": 537.0095053835192, "max_depth": 9.0, "min_child_weight": 4200.833565199178, "num_boost_round": 39.0, "subsample": 0.7275361659820878}, "datetime": {"datetime": "2024-01-20 14:36:15", "elapsed": 742.264549, "delta": 0.001613}}
{"target": -12.344415461476224, "params": {"colsample_bytree": 0.6898967704461959, "eta": 0.03385342442477109, "gamma": 537.0095053835192, "max_depth": 9.0, "min_child_weight": 4200.833565199178, "num_boost_round": 40.0, "subsample": 0.7275361659820878}, "datetime": {"datetime": "2024-01-20 14:36:15", "elapsed": 742.266199, "delta": 0.00165}}
{"target": -12.344840781629646, "params": {"colsample_bytree": 0.6898967704461959, "eta": 0.03385342442477109, "gamma": 537.0095053835192, "max_depth": 9.0, "min_child_weight": 4200.833565199178, "num_boost_round": 41.0, "subsample": 0.7275361659820878}, "datetime": {"datetime": "2024-01-20 14:36:15", "elapsed": 742.267753, "delta": 0.001554}}
{"target": -12.345367525836247, "params": {"colsample_bytree": 0.6898967704461959, "eta": 0.03385342442477109, "gamma": 537.0095053835192, "max_depth": 9.0, "min_child_weight": 4200.833565199178, "num_boost_round": 42.0, "subsample": 0.7275361659820878}, "datetime": {"datetime": "2024-01-20 14:36:15", "elapsed": 742.269304, "delta": 0.001551}}
{"target": -12.358649297197399, "params": {"colsample_bytree": 0.17717864544090384, "eta": 0.002760277301857663, "gamma": 609.7560852109737, "max_depth": 9.0, "min_child_weight": 4197.57880344527, "num_boost_round": 1.0, "subsample": 0.8926901907208009}, "datetime": {"datetime": "2024-01-20 14:36:48", "elapsed": 774.950021, "delta": 32.680717}}
{"target": -12.358586429337716, "params": {"colsample_bytree": 0.17717864544090384, "eta": 0.002760277301857663, "gamma": 609.7560852109737, "max_depth": 9.0, "min_child_weight": 4197.57880344527, "num_boost_round": 2.0, "subsample": 0.8926901907208009}, "datetime": {"datetime": "2024-01-20 14:36:48", "elapsed": 774.952904, "delta": 0.002883}}
{"target": -12.358503459494337, "params": {"colsample_bytree": 0.17717864544090384, "eta": 0.002760277301857663, "gamma": 609.7560852109737, "max_depth": 9.0, "min_child_weight": 4197.57880344527, "num_boost_round": 3.0, "subsample": 0.8926901907208009}, "datetime": {"datetime": "2024-01-20 14:36:48", "elapsed": 774.954845, "delta": 0.001941}}
{"target": -12.358513990812977, "params": {"colsample_bytree": 0.17717864544090384, "eta": 0.002760277301857663, "gamma": 609.7560852109737, "max_depth": 9.0, "min_child_weight": 4197.57880344527, "num_boost_round": 4.0, "subsample": 0.8926901907208009}, "datetime": {"datetime": "2024-01-20 14:36:48", "elapsed": 774.956739, "delta": 0.001894}}
{"target": -12.358513085576172, "params": {"colsample_bytree": 0.17717864544090384, "eta": 0.002760277301857663, "gamma": 609.7560852109737, "max_depth": 9.0, "min_child_weight": 4197.57880344527, "num_boost_round": 5.0, "subsample": 0.8926901907208009}, "datetime": {"datetime": "2024-01-20 14:36:48", "elapsed": 774.95841, "delta": 0.001671}}
{"target": -12.35850690838222, "params": {"colsample_bytree": 0.17717864544090384, "eta": 0.002760277301857663, "gamma": 609.7560852109737, "max_depth": 9.0, "min_child_weight": 4197.57880344527, "num_boost_round": 6.0, "subsample": 0.8926901907208009}, "datetime": {"datetime": "2024-01-20 14:36:48", "elapsed": 774.959884, "delta": 0.001474}}
