{"target": -13.739716837755667, "params": {"colsample_bytree": 0.34154021594244227, "eta": 0.075244201396543, "gamma": 284.7338617233629, "max_depth": 4.0, "min_child_weight": 4902.867731334778, "num_boost_round": 8.0, "subsample": 0.573889907039052}, "datetime": {"datetime": "2024-01-20 16:55:02", "elapsed": 9063.320714, "delta": 0.003075}}
{"target": -13.740667790466079, "params": {"colsample_bytree": 0.34154021594244227, "eta": 0.075244201396543, "gamma": 284.7338617233629, "max_depth": 4.0, "min_child_weight": 4902.867731334778, "num_boost_round": 9.0, "subsample": 0.573889907039052}, "datetime": {"datetime": "2024-01-20 16:55:02", "elapsed": 9063.323767, "delta": 0.003053}}
{"target": -13.741608569824376, "params": {"colsample_bytree": 0.34154021594244227, "eta": 0.075244201396543, "gamma": 284.7338617233629, "max_depth": 4.0, "min_child_weight": 4902.867731334778, "num_boost_round": 10.0, "subsample": 0.573889907039052}, "datetime": {"datetime": "2024-01-20 16:55:02", "elapsed": 9063.331296, "delta": 0.007529}}
{"target": -13.743105903945766, "params": {"colsample_bytree": 0.34154021594244227, "eta": 0.075244201396543, "gamma": 284.7338617233629, "max_depth": 4.0, "min_child_weight": 4902.867731334778, "num_boost_round": 11.0, "subsample": 0.573889907039052}, "datetime": {"datetime": "2024-01-20 16:55:02", "elapsed": 9063.334376, "delta": 0.00308}}
{"target": -13.743805155043503, "params": {"colsample_bytree": 0.34154021594244227, "eta": 0.075244201396543, "gamma": 284.7338617233629, "max_depth": 4.0, "min_child_weight": 4902.867731334778, "num_boost_round": 12.0, "subsample": 0.573889907039052}, "datetime": {"datetime": "2024-01-20 16:55:02", "elapsed": 9063.337396, "delta": 0.00302}}
{"target": -13.744652739742278, "params": {"colsample_bytree": 0.34154021594244227, "eta": 0.075244201396543, "gamma": 284.7338617233629, "max_depth": 4.0, "min_child_weight": 4902.867731334778, "num_boost_round": 13.0, "subsample": 0.573889907039052}, "datetime": {"datetime": "2024-01-20 16:55:02", "elapsed": 9063.340636, "delta": 0.00324}}
{"target": -13.745259941558167, "params": {"colsample_bytree": 0.34154021594244227, "eta": 0.075244201396543, "gamma": 284.7338617233629, "max_depth": 4.0, "min_child_weight": 4902.867731334778, "num_boost_round": 14.0, "subsample": 0.573889907039052}, "datetime": {"datetime": "2024-01-20 16:55:02", "elapsed": 9063.343657, "delta": 0.003021}}
{"target": -13.731560729639513, "params": {"colsample_bytree": 0.9530423550720157, "eta": 0.028086048881908045, "gamma": 201.8680226884295, "max_depth": 3.0, "min_child_weight": 4881.32992961492, "num_boost_round": 1.0, "subsample": 0.45688642138223357}, "datetime": {"datetime": "2024-01-20 16:55:31", "elapsed": 9092.774698, "delta": 29.431041}}
{"target": -13.732045056639073, "params": {"colsample_bytree": 0.9530423550720157, "eta": 0.028086048881908045, "gamma": 201.8680226884295, "max_depth": 3.0, "min_child_weight": 4881.32992961492, "num_boost_round": 2.0, "subsample": 0.45688642138223357}, "datetime": {"datetime": "2024-01-20 16:55:31", "elapsed": 9092.778066, "delta": 0.003368}}
{"target": -13.732567041131787, "params": {"colsample_bytree": 0.9530423550720157, "eta": 0.028086048881908045, "gamma": 201.8680226884295, "max_depth": 3.0, "min_child_weight": 4881.32992961492, "num_boost_round": 3.0, "subsample": 0.45688642138223357}, "datetime": {"datetime": "2024-01-20 16:55:31", "elapsed": 9092.781571, "delta": 0.003505}}
{"target": -13.733210767361353, "params": {"colsample_bytree": 0.9530423550720157, "eta": 0.028086048881908045, "gamma": 201.8680226884295, "max_depth": 3.0, "min_child_weight": 4881.32992961492, "num_boost_round": 4.0, "subsample": 0.45688642138223357}, "datetime": {"datetime": "2024-01-20 16:55:31", "elapsed": 9092.784699, "delta": 0.003128}}
{"target": -13.731804261896908, "params": {"colsample_bytree": 0.5524348312821739, "eta": 0.048425567598531775, "gamma": 425.0573305629349, "max_depth": 3.0, "min_child_weight": 4675.180525978529, "num_boost_round": 1.0, "subsample": 0.11955836164687578}, "datetime": {"datetime": "2024-01-20 16:56:12", "elapsed": 9133.859754, "delta": 41.075055}}
{"target": -13.73213239250437, "params": {"colsample_bytree": 0.5524348312821739, "eta": 0.048425567598531775, "gamma": 425.0573305629349, "max_depth": 3.0, "min_child_weight": 4675.180525978529, "num_boost_round": 2.0, "subsample": 0.11955836164687578}, "datetime": {"datetime": "2024-01-20 16:56:12", "elapsed": 9133.863727, "delta": 0.003973}}
{"target": -13.732942662992006, "params": {"colsample_bytree": 0.5524348312821739, "eta": 0.048425567598531775, "gamma": 425.0573305629349, "max_depth": 3.0, "min_child_weight": 4675.180525978529, "num_boost_round": 3.0, "subsample": 0.11955836164687578}, "datetime": {"datetime": "2024-01-20 16:56:12", "elapsed": 9133.867061, "delta": 0.003334}}
{"target": -13.733105561592858, "params": {"colsample_bytree": 0.8348704757978616, "eta": 0.09453323485494503, "gamma": 158.70496474016193, "max_depth": 3.0, "min_child_weight": 4388.653980938318, "num_boost_round": 1.0, "subsample": 0.41931018391707753}, "datetime": {"datetime": "2024-01-20 16:56:46", "elapsed": 9167.574269, "delta": 33.707208}}
{"target": -13.731609757214741, "params": {"colsample_bytree": 0.4607103222566836, "eta": 0.03237230433670861, "gamma": 943.4022716252933, "max_depth": 3.0, "min_child_weight": 3794.7077417511377, "num_boost_round": 1.0, "subsample": 0.25089842722961453}, "datetime": {"datetime": "2024-01-20 16:57:09", "elapsed": 9190.513508, "delta": 22.939239}}
{"target": -13.731458796453108, "params": {"colsample_bytree": 0.3807775588728044, "eta": 0.04123570127167416, "gamma": 59.522451677265664, "max_depth": 5.0, "min_child_weight": 3859.715429329038, "num_boost_round": 1.0, "subsample": 0.643656765998612}, "datetime": {"datetime": "2024-01-20 16:57:35", "elapsed": 9216.76987, "delta": 26.256362}}
{"target": -13.731735569937245, "params": {"colsample_bytree": 0.3807775588728044, "eta": 0.04123570127167416, "gamma": 59.522451677265664, "max_depth": 5.0, "min_child_weight": 3859.715429329038, "num_boost_round": 2.0, "subsample": 0.643656765998612}, "datetime": {"datetime": "2024-01-20 16:57:35", "elapsed": 9216.773773, "delta": 0.003903}}
{"target": -13.732183017535442, "params": {"colsample_bytree": 0.3807775588728044, "eta": 0.04123570127167416, "gamma": 59.522451677265664, "max_depth": 5.0, "min_child_weight": 3859.715429329038, "num_boost_round": 3.0, "subsample": 0.643656765998612}, "datetime": {"datetime": "2024-01-20 16:57:35", "elapsed": 9216.777015, "delta": 0.003242}}
{"target": -13.73268365974041, "params": {"colsample_bytree": 0.3807775588728044, "eta": 0.04123570127167416, "gamma": 59.522451677265664, "max_depth": 5.0, "min_child_weight": 3859.715429329038, "num_boost_round": 4.0, "subsample": 0.643656765998612}, "datetime": {"datetime": "2024-01-20 16:57:35", "elapsed": 9216.780299, "delta": 0.003284}}
{"target": -13.733655101408264, "params": {"colsample_bytree": 0.3807775588728044, "eta": 0.04123570127167416, "gamma": 59.522451677265664, "max_depth": 5.0, "min_child_weight": 3859.715429329038, "num_boost_round": 5.0, "subsample": 0.643656765998612}, "datetime": {"datetime": "2024-01-20 16:57:35", "elapsed": 9216.783588, "delta": 0.003289}}
{"target": -13.731663641050957, "params": {"colsample_bytree": 0.6274809245695638, "eta": 0.04752740643661792, "gamma": 66.78708146547908, "max_depth": 2.0, "min_child_weight": 4708.117137923593, "num_boost_round": 1.0, "subsample": 0.47955870452440386}, "datetime": {"datetime": "2024-01-20 16:58:01", "elapsed": 9242.712755, "delta": 25.929167}}
{"target": -13.73221181587621, "params": {"colsample_bytree": 0.6274809245695638, "eta": 0.04752740643661792, "gamma": 66.78708146547908, "max_depth": 2.0, "min_child_weight": 4708.117137923593, "num_boost_round": 2.0, "subsample": 0.47955870452440386}, "datetime": {"datetime": "2024-01-20 16:58:01", "elapsed": 9242.716918, "delta": 0.004163}}
{"target": -13.73287682070253, "params": {"colsample_bytree": 0.6274809245695638, "eta": 0.04752740643661792, "gamma": 66.78708146547908, "max_depth": 2.0, "min_child_weight": 4708.117137923593, "num_boost_round": 3.0, "subsample": 0.47955870452440386}, "datetime": {"datetime": "2024-01-20 16:58:01", "elapsed": 9242.720206, "delta": 0.003288}}
{"target": -13.733724445088953, "params": {"colsample_bytree": 0.6274809245695638, "eta": 0.04752740643661792, "gamma": 66.78708146547908, "max_depth": 2.0, "min_child_weight": 4708.117137923593, "num_boost_round": 4.0, "subsample": 0.47955870452440386}, "datetime": {"datetime": "2024-01-20 16:58:01", "elapsed": 9242.723304, "delta": 0.003098}}
{"target": -13.734491518139613, "params": {"colsample_bytree": 0.6274809245695638, "eta": 0.04752740643661792, "gamma": 66.78708146547908, "max_depth": 2.0, "min_child_weight": 4708.117137923593, "num_boost_round": 5.0, "subsample": 0.47955870452440386}, "datetime": {"datetime": "2024-01-20 16:58:01", "elapsed": 9242.72641, "delta": 0.003106}}
{"target": -13.735285418927447, "params": {"colsample_bytree": 0.6274809245695638, "eta": 0.04752740643661792, "gamma": 66.78708146547908, "max_depth": 2.0, "min_child_weight": 4708.117137923593, "num_boost_round": 6.0, "subsample": 0.47955870452440386}, "datetime": {"datetime": "2024-01-20 16:58:01", "elapsed": 9242.729727, "delta": 0.003317}}
{"target": -13.736118831659642, "params": {"colsample_bytree": 0.6274809245695638, "eta": 0.04752740643661792, "gamma": 66.78708146547908, "max_depth": 2.0, "min_child_weight": 4708.117137923593, "num_boost_round": 7.0, "subsample": 0.47955870452440386}, "datetime": {"datetime": "2024-01-20 16:58:01", "elapsed": 9242.732933, "delta": 0.003206}}
{"target": -13.736900667402288, "params": {"colsample_bytree": 0.6274809245695638, "eta": 0.04752740643661792, "gamma": 66.78708146547908, "max_depth": 2.0, "min_child_weight": 4708.117137923593, "num_boost_round": 8.0, "subsample": 0.47955870452440386}, "datetime": {"datetime": "2024-01-20 16:58:01", "elapsed": 9242.736088, "delta": 0.003155}}
{"target": -13.737407859071109, "params": {"colsample_bytree": 0.6274809245695638, "eta": 0.04752740643661792, "gamma": 66.78708146547908, "max_depth": 2.0, "min_child_weight": 4708.117137923593, "num_boost_round": 9.0, "subsample": 0.47955870452440386}, "datetime": {"datetime": "2024-01-20 16:58:01", "elapsed": 9242.739273, "delta": 0.003185}}
{"target": -13.738246008595965, "params": {"colsample_bytree": 0.6274809245695638, "eta": 0.04752740643661792, "gamma": 66.78708146547908, "max_depth": 2.0, "min_child_weight": 4708.117137923593, "num_boost_round": 10.0, "subsample": 0.47955870452440386}, "datetime": {"datetime": "2024-01-20 16:58:01", "elapsed": 9242.74244, "delta": 0.003167}}
{"target": -13.731279670523222, "params": {"colsample_bytree": 0.3087753094081601, "eta": 0.023582601755054115, "gamma": 706.8651470477305, "max_depth": 7.0, "min_child_weight": 4390.812408386935, "num_boost_round": 1.0, "subsample": 0.5496217056338798}, "datetime": {"datetime": "2024-01-20 16:58:30", "elapsed": 9271.764747, "delta": 29.022307}}
{"target": -13.731524361828273, "params": {"colsample_bytree": 0.3087753094081601, "eta": 0.023582601755054115, "gamma": 706.8651470477305, "max_depth": 7.0, "min_child_weight": 4390.812408386935, "num_boost_round": 2.0, "subsample": 0.5496217056338798}, "datetime": {"datetime": "2024-01-20 16:58:30", "elapsed": 9271.769008, "delta": 0.004261}}
{"target": -13.731265638805674, "params": {"colsample_bytree": 0.31013016290192774, "eta": 0.01825821386996492, "gamma": 986.6788963525048, "max_depth": 8.0, "min_child_weight": 3813.1271873534474, "num_boost_round": 1.0, "subsample": 0.7308909017180064}, "datetime": {"datetime": "2024-01-20 16:59:09", "elapsed": 9310.409461, "delta": 38.640453}}
{"target": -13.7314439779052, "params": {"colsample_bytree": 0.31013016290192774, "eta": 0.01825821386996492, "gamma": 986.6788963525048, "max_depth": 8.0, "min_child_weight": 3813.1271873534474, "num_boost_round": 2.0, "subsample": 0.7308909017180064}, "datetime": {"datetime": "2024-01-20 16:59:09", "elapsed": 9310.414909, "delta": 0.005448}}
{"target": -13.731642319888504, "params": {"colsample_bytree": 0.31013016290192774, "eta": 0.01825821386996492, "gamma": 986.6788963525048, "max_depth": 8.0, "min_child_weight": 3813.1271873534474, "num_boost_round": 3.0, "subsample": 0.7308909017180064}, "datetime": {"datetime": "2024-01-20 16:59:09", "elapsed": 9310.418346, "delta": 0.003437}}
{"target": -13.733545482614295, "params": {"colsample_bytree": 0.8253914175194215, "eta": 0.08937944120698606, "gamma": 970.0240298067325, "max_depth": 9.0, "min_child_weight": 3840.7493699824176, "num_boost_round": 1.0, "subsample": 0.9361400760259145}, "datetime": {"datetime": "2024-01-20 16:59:42", "elapsed": 9343.644617, "delta": 33.226271}}
{"target": -13.737135355168384, "params": {"colsample_bytree": 0.8253914175194215, "eta": 0.08937944120698606, "gamma": 970.0240298067325, "max_depth": 9.0, "min_child_weight": 3840.7493699824176, "num_boost_round": 2.0, "subsample": 0.9361400760259145}, "datetime": {"datetime": "2024-01-20 16:59:42", "elapsed": 9343.648715, "delta": 0.004098}}
{"target": -13.739860226368243, "params": {"colsample_bytree": 0.8253914175194215, "eta": 0.08937944120698606, "gamma": 970.0240298067325, "max_depth": 9.0, "min_child_weight": 3840.7493699824176, "num_boost_round": 3.0, "subsample": 0.9361400760259145}, "datetime": {"datetime": "2024-01-20 16:59:42", "elapsed": 9343.652784, "delta": 0.004069}}
{"target": -13.742711205641417, "params": {"colsample_bytree": 0.8253914175194215, "eta": 0.08937944120698606, "gamma": 970.0240298067325, "max_depth": 9.0, "min_child_weight": 3840.7493699824176, "num_boost_round": 4.0, "subsample": 0.9361400760259145}, "datetime": {"datetime": "2024-01-20 16:59:42", "elapsed": 9343.656386, "delta": 0.003602}}
{"target": -13.74761033440777, "params": {"colsample_bytree": 0.8253914175194215, "eta": 0.08937944120698606, "gamma": 970.0240298067325, "max_depth": 9.0, "min_child_weight": 3840.7493699824176, "num_boost_round": 5.0, "subsample": 0.9361400760259145}, "datetime": {"datetime": "2024-01-20 16:59:42", "elapsed": 9343.65983, "delta": 0.003444}}
{"target": -13.751219987251712, "params": {"colsample_bytree": 0.8253914175194215, "eta": 0.08937944120698606, "gamma": 970.0240298067325, "max_depth": 9.0, "min_child_weight": 3840.7493699824176, "num_boost_round": 6.0, "subsample": 0.9361400760259145}, "datetime": {"datetime": "2024-01-20 16:59:42", "elapsed": 9343.663057, "delta": 0.003227}}
{"target": -13.754533804163671, "params": {"colsample_bytree": 0.8253914175194215, "eta": 0.08937944120698606, "gamma": 970.0240298067325, "max_depth": 9.0, "min_child_weight": 3840.7493699824176, "num_boost_round": 7.0, "subsample": 0.9361400760259145}, "datetime": {"datetime": "2024-01-20 16:59:42", "elapsed": 9343.666365, "delta": 0.003308}}
{"target": -13.7573503135331, "params": {"colsample_bytree": 0.8253914175194215, "eta": 0.08937944120698606, "gamma": 970.0240298067325, "max_depth": 9.0, "min_child_weight": 3840.7493699824176, "num_boost_round": 8.0, "subsample": 0.9361400760259145}, "datetime": {"datetime": "2024-01-20 16:59:42", "elapsed": 9343.669555, "delta": 0.00319}}
{"target": -13.731642728989687, "params": {"colsample_bytree": 0.1074800020957702, "eta": 0.05885735980407709, "gamma": 85.49000341265057, "max_depth": 3.0, "min_child_weight": 3672.4721125314372, "num_boost_round": 1.0, "subsample": 0.10498650789941252}, "datetime": {"datetime": "2024-01-20 17:00:13", "elapsed": 9374.480822, "delta": 30.811267}}
{"target": -13.73196843464367, "params": {"colsample_bytree": 0.1074800020957702, "eta": 0.05885735980407709, "gamma": 85.49000341265057, "max_depth": 3.0, "min_child_weight": 3672.4721125314372, "num_boost_round": 2.0, "subsample": 0.10498650789941252}, "datetime": {"datetime": "2024-01-20 17:00:13", "elapsed": 9374.485338, "delta": 0.004516}}
{"target": -13.731608147716305, "params": {"colsample_bytree": 0.9071887991746121, "eta": 0.05119772131543017, "gamma": 177.24127042632165, "max_depth": 4.0, "min_child_weight": 3927.321293176574, "num_boost_round": 1.0, "subsample": 0.6267525176844809}, "datetime": {"datetime": "2024-01-20 17:00:49", "elapsed": 9410.060469, "delta": 35.575131}}
{"target": -13.73212392471294, "params": {"colsample_bytree": 0.9071887991746121, "eta": 0.05119772131543017, "gamma": 177.24127042632165, "max_depth": 4.0, "min_child_weight": 3927.321293176574, "num_boost_round": 2.0, "subsample": 0.6267525176844809}, "datetime": {"datetime": "2024-01-20 17:00:49", "elapsed": 9410.065025, "delta": 0.004556}}
{"target": -13.732965723187284, "params": {"colsample_bytree": 0.9071887991746121, "eta": 0.05119772131543017, "gamma": 177.24127042632165, "max_depth": 4.0, "min_child_weight": 3927.321293176574, "num_boost_round": 3.0, "subsample": 0.6267525176844809}, "datetime": {"datetime": "2024-01-20 17:00:49", "elapsed": 9410.068293, "delta": 0.003268}}
{"target": -13.733183084656613, "params": {"colsample_bytree": 0.7700657259135324, "eta": 0.0951615259291195, "gamma": 915.1044553602173, "max_depth": 5.0, "min_child_weight": 4552.977067989242, "num_boost_round": 1.0, "subsample": 0.9639380465463022}, "datetime": {"datetime": "2024-01-20 17:01:17", "elapsed": 9437.908466, "delta": 27.840173}}
{"target": -13.735794631985684, "params": {"colsample_bytree": 0.7700657259135324, "eta": 0.0951615259291195, "gamma": 915.1044553602173, "max_depth": 5.0, "min_child_weight": 4552.977067989242, "num_boost_round": 2.0, "subsample": 0.9639380465463022}, "datetime": {"datetime": "2024-01-20 17:01:17", "elapsed": 9437.912397, "delta": 0.003931}}
{"target": -13.737832581683527, "params": {"colsample_bytree": 0.7700657259135324, "eta": 0.0951615259291195, "gamma": 915.1044553602173, "max_depth": 5.0, "min_child_weight": 4552.977067989242, "num_boost_round": 3.0, "subsample": 0.9639380465463022}, "datetime": {"datetime": "2024-01-20 17:01:17", "elapsed": 9437.9158, "delta": 0.003403}}
{"target": -13.741650526609247, "params": {"colsample_bytree": 0.7700657259135324, "eta": 0.0951615259291195, "gamma": 915.1044553602173, "max_depth": 5.0, "min_child_weight": 4552.977067989242, "num_boost_round": 4.0, "subsample": 0.9639380465463022}, "datetime": {"datetime": "2024-01-20 17:01:17", "elapsed": 9437.919235, "delta": 0.003435}}
{"target": -13.731619030550487, "params": {"colsample_bytree": 0.477570209496167, "eta": 0.0490940907795944, "gamma": 877.8567155900708, "max_depth": 4.0, "min_child_weight": 4004.012362874662, "num_boost_round": 1.0, "subsample": 0.4600320663619093}, "datetime": {"datetime": "2024-01-20 17:01:51", "elapsed": 9472.087347, "delta": 34.168112}}
{"target": -13.731991568029459, "params": {"colsample_bytree": 0.477570209496167, "eta": 0.0490940907795944, "gamma": 877.8567155900708, "max_depth": 4.0, "min_child_weight": 4004.012362874662, "num_boost_round": 2.0, "subsample": 0.4600320663619093}, "datetime": {"datetime": "2024-01-20 17:01:51", "elapsed": 9472.091374, "delta": 0.004027}}
{"target": -13.731118143537012, "params": {"colsample_bytree": 0.8251770743958211, "eta": 0.004453912488825782, "gamma": 493.59168630985016, "max_depth": 9.0, "min_child_weight": 3688.4042920512197, "num_boost_round": 1.0, "subsample": 0.7068502024928509}, "datetime": {"datetime": "2024-01-20 17:02:22", "elapsed": 9503.310713, "delta": 31.219339}}
{"target": -13.73120304974563, "params": {"colsample_bytree": 0.8251770743958211, "eta": 0.004453912488825782, "gamma": 493.59168630985016, "max_depth": 9.0, "min_child_weight": 3688.4042920512197, "num_boost_round": 2.0, "subsample": 0.7068502024928509}, "datetime": {"datetime": "2024-01-20 17:02:22", "elapsed": 9503.314634, "delta": 0.003921}}
{"target": -13.731367034853161, "params": {"colsample_bytree": 0.10743481848651211, "eta": 0.047627999984683915, "gamma": 879.1475266633598, "max_depth": 9.0, "min_child_weight": 4088.734862784141, "num_boost_round": 1.0, "subsample": 0.4509941695617401}, "datetime": {"datetime": "2024-01-20 17:02:51", "elapsed": 9532.293374, "delta": 28.97874}}
{"target": -13.731394809402456, "params": {"colsample_bytree": 0.55291360963742, "eta": 0.0290756941852533, "gamma": 472.27732190366936, "max_depth": 3.0, "min_child_weight": 4716.398339370187, "num_boost_round": 1.0, "subsample": 0.5507290883001454}, "datetime": {"datetime": "2024-01-20 17:03:19", "elapsed": 9560.479221, "delta": 28.185847}}
{"target": -13.731529459028692, "params": {"colsample_bytree": 0.55291360963742, "eta": 0.0290756941852533, "gamma": 472.27732190366936, "max_depth": 3.0, "min_child_weight": 4716.398339370187, "num_boost_round": 2.0, "subsample": 0.5507290883001454}, "datetime": {"datetime": "2024-01-20 17:03:19", "elapsed": 9560.483968, "delta": 0.004747}}
{"target": -13.731400964650877, "params": {"colsample_bytree": 0.9679542359834074, "eta": 0.018897917831902585, "gamma": 716.905870523667, "max_depth": 8.0, "min_child_weight": 4506.831759222062, "num_boost_round": 1.0, "subsample": 0.8267203623192798}, "datetime": {"datetime": "2024-01-20 17:03:54", "elapsed": 9595.29399, "delta": 34.810022}}
{"target": -13.731393998505986, "params": {"colsample_bytree": 0.5078896163464388, "eta": 0.03880863122017948, "gamma": 424.1609341367638, "max_depth": 4.0, "min_child_weight": 4149.595598203029, "num_boost_round": 1.0, "subsample": 0.5409328794398024}, "datetime": {"datetime": "2024-01-20 17:04:28", "elapsed": 9629.090568, "delta": 33.796578}}
{"target": -13.731900994650907, "params": {"colsample_bytree": 0.5078896163464388, "eta": 0.03880863122017948, "gamma": 424.1609341367638, "max_depth": 4.0, "min_child_weight": 4149.595598203029, "num_boost_round": 2.0, "subsample": 0.5409328794398024}, "datetime": {"datetime": "2024-01-20 17:04:28", "elapsed": 9629.096159, "delta": 0.005591}}
