{"target": -10.478678195437201, "params": {"colsample_bytree": 0.3606530387001865, "eta": 0.09640298187325426, "gamma": 356.3214831102554, "max_depth": 3.0, "min_child_weight": 4789.906505170786, "num_boost_round": 33.0, "subsample": 0.30913551460221045}, "datetime": {"datetime": "2024-01-20 16:20:02", "elapsed": 10494.7912, "delta": 0.006935}}
{"target": -10.478449237326975, "params": {"colsample_bytree": 0.3606530387001865, "eta": 0.09640298187325426, "gamma": 356.3214831102554, "max_depth": 3.0, "min_child_weight": 4789.906505170786, "num_boost_round": 34.0, "subsample": 0.30913551460221045}, "datetime": {"datetime": "2024-01-20 16:20:03", "elapsed": 10495.154011, "delta": 0.362811}}
{"target": -10.478677140044063, "params": {"colsample_bytree": 0.3606530387001865, "eta": 0.09640298187325426, "gamma": 356.3214831102554, "max_depth": 3.0, "min_child_weight": 4789.906505170786, "num_boost_round": 35.0, "subsample": 0.30913551460221045}, "datetime": {"datetime": "2024-01-20 16:20:03", "elapsed": 10495.162666, "delta": 0.008655}}
{"target": -10.478719734821933, "params": {"colsample_bytree": 0.3606530387001865, "eta": 0.09640298187325426, "gamma": 356.3214831102554, "max_depth": 3.0, "min_child_weight": 4789.906505170786, "num_boost_round": 36.0, "subsample": 0.30913551460221045}, "datetime": {"datetime": "2024-01-20 16:20:03", "elapsed": 10495.170277, "delta": 0.007611}}
{"target": -10.478896038613499, "params": {"colsample_bytree": 0.3606530387001865, "eta": 0.09640298187325426, "gamma": 356.3214831102554, "max_depth": 3.0, "min_child_weight": 4789.906505170786, "num_boost_round": 37.0, "subsample": 0.30913551460221045}, "datetime": {"datetime": "2024-01-20 16:20:03", "elapsed": 10495.177465, "delta": 0.007188}}
{"target": -10.4791781648971, "params": {"colsample_bytree": 0.3606530387001865, "eta": 0.09640298187325426, "gamma": 356.3214831102554, "max_depth": 3.0, "min_child_weight": 4789.906505170786, "num_boost_round": 38.0, "subsample": 0.30913551460221045}, "datetime": {"datetime": "2024-01-20 16:20:03", "elapsed": 10495.184444, "delta": 0.006979}}
{"target": -10.479240135654893, "params": {"colsample_bytree": 0.3606530387001865, "eta": 0.09640298187325426, "gamma": 356.3214831102554, "max_depth": 3.0, "min_child_weight": 4789.906505170786, "num_boost_round": 39.0, "subsample": 0.30913551460221045}, "datetime": {"datetime": "2024-01-20 16:20:03", "elapsed": 10495.191293, "delta": 0.006849}}
{"target": -10.479468460753411, "params": {"colsample_bytree": 0.3606530387001865, "eta": 0.09640298187325426, "gamma": 356.3214831102554, "max_depth": 3.0, "min_child_weight": 4789.906505170786, "num_boost_round": 40.0, "subsample": 0.30913551460221045}, "datetime": {"datetime": "2024-01-20 16:20:03", "elapsed": 10495.198133, "delta": 0.00684}}
{"target": -10.479694361200828, "params": {"colsample_bytree": 0.3606530387001865, "eta": 0.09640298187325426, "gamma": 356.3214831102554, "max_depth": 3.0, "min_child_weight": 4789.906505170786, "num_boost_round": 41.0, "subsample": 0.30913551460221045}, "datetime": {"datetime": "2024-01-20 16:20:03", "elapsed": 10495.204961, "delta": 0.006828}}
{"target": -10.480087995552907, "params": {"colsample_bytree": 0.3606530387001865, "eta": 0.09640298187325426, "gamma": 356.3214831102554, "max_depth": 3.0, "min_child_weight": 4789.906505170786, "num_boost_round": 42.0, "subsample": 0.30913551460221045}, "datetime": {"datetime": "2024-01-20 16:20:03", "elapsed": 10495.211803, "delta": 0.006842}}
{"target": -10.480253873219706, "params": {"colsample_bytree": 0.3606530387001865, "eta": 0.09640298187325426, "gamma": 356.3214831102554, "max_depth": 3.0, "min_child_weight": 4789.906505170786, "num_boost_round": 43.0, "subsample": 0.30913551460221045}, "datetime": {"datetime": "2024-01-20 16:20:03", "elapsed": 10495.218707, "delta": 0.006904}}
{"target": -10.480361232687525, "params": {"colsample_bytree": 0.3606530387001865, "eta": 0.09640298187325426, "gamma": 356.3214831102554, "max_depth": 3.0, "min_child_weight": 4789.906505170786, "num_boost_round": 44.0, "subsample": 0.30913551460221045}, "datetime": {"datetime": "2024-01-20 16:20:03", "elapsed": 10495.22552, "delta": 0.006813}}
{"target": -10.4802886679072, "params": {"colsample_bytree": 0.3606530387001865, "eta": 0.09640298187325426, "gamma": 356.3214831102554, "max_depth": 3.0, "min_child_weight": 4789.906505170786, "num_boost_round": 45.0, "subsample": 0.30913551460221045}, "datetime": {"datetime": "2024-01-20 16:20:03", "elapsed": 10495.232821, "delta": 0.007301}}
{"target": -10.480477390381052, "params": {"colsample_bytree": 0.3606530387001865, "eta": 0.09640298187325426, "gamma": 356.3214831102554, "max_depth": 3.0, "min_child_weight": 4789.906505170786, "num_boost_round": 46.0, "subsample": 0.30913551460221045}, "datetime": {"datetime": "2024-01-20 16:20:03", "elapsed": 10495.240001, "delta": 0.00718}}
{"target": -10.480603375414997, "params": {"colsample_bytree": 0.3606530387001865, "eta": 0.09640298187325426, "gamma": 356.3214831102554, "max_depth": 3.0, "min_child_weight": 4789.906505170786, "num_boost_round": 47.0, "subsample": 0.30913551460221045}, "datetime": {"datetime": "2024-01-20 16:20:03", "elapsed": 10495.24715, "delta": 0.007149}}
{"target": -10.480700093473768, "params": {"colsample_bytree": 0.3606530387001865, "eta": 0.09640298187325426, "gamma": 356.3214831102554, "max_depth": 3.0, "min_child_weight": 4789.906505170786, "num_boost_round": 48.0, "subsample": 0.30913551460221045}, "datetime": {"datetime": "2024-01-20 16:20:03", "elapsed": 10495.254134, "delta": 0.006984}}
{"target": -10.480655119815506, "params": {"colsample_bytree": 0.3606530387001865, "eta": 0.09640298187325426, "gamma": 356.3214831102554, "max_depth": 3.0, "min_child_weight": 4789.906505170786, "num_boost_round": 49.0, "subsample": 0.30913551460221045}, "datetime": {"datetime": "2024-01-20 16:20:03", "elapsed": 10495.261331, "delta": 0.007197}}
{"target": -10.480778641028383, "params": {"colsample_bytree": 0.3606530387001865, "eta": 0.09640298187325426, "gamma": 356.3214831102554, "max_depth": 3.0, "min_child_weight": 4789.906505170786, "num_boost_round": 50.0, "subsample": 0.30913551460221045}, "datetime": {"datetime": "2024-01-20 16:20:03", "elapsed": 10495.268317, "delta": 0.006986}}
{"target": -10.480801986423202, "params": {"colsample_bytree": 0.3606530387001865, "eta": 0.09640298187325426, "gamma": 356.3214831102554, "max_depth": 3.0, "min_child_weight": 4789.906505170786, "num_boost_round": 51.0, "subsample": 0.30913551460221045}, "datetime": {"datetime": "2024-01-20 16:20:03", "elapsed": 10495.275231, "delta": 0.006914}}
{"target": -10.480814411107971, "params": {"colsample_bytree": 0.3606530387001865, "eta": 0.09640298187325426, "gamma": 356.3214831102554, "max_depth": 3.0, "min_child_weight": 4789.906505170786, "num_boost_round": 52.0, "subsample": 0.30913551460221045}, "datetime": {"datetime": "2024-01-20 16:20:03", "elapsed": 10495.282064, "delta": 0.006833}}
{"target": -10.480873727922722, "params": {"colsample_bytree": 0.3606530387001865, "eta": 0.09640298187325426, "gamma": 356.3214831102554, "max_depth": 3.0, "min_child_weight": 4789.906505170786, "num_boost_round": 53.0, "subsample": 0.30913551460221045}, "datetime": {"datetime": "2024-01-20 16:20:03", "elapsed": 10495.2889, "delta": 0.006836}}
{"target": -10.481083345375945, "params": {"colsample_bytree": 0.3606530387001865, "eta": 0.09640298187325426, "gamma": 356.3214831102554, "max_depth": 3.0, "min_child_weight": 4789.906505170786, "num_boost_round": 54.0, "subsample": 0.30913551460221045}, "datetime": {"datetime": "2024-01-20 16:20:03", "elapsed": 10495.295762, "delta": 0.006862}}
{"target": -10.481024839609619, "params": {"colsample_bytree": 0.3606530387001865, "eta": 0.09640298187325426, "gamma": 356.3214831102554, "max_depth": 3.0, "min_child_weight": 4789.906505170786, "num_boost_round": 55.0, "subsample": 0.30913551460221045}, "datetime": {"datetime": "2024-01-20 16:20:03", "elapsed": 10495.302657, "delta": 0.006895}}
{"target": -10.48107761204438, "params": {"colsample_bytree": 0.3606530387001865, "eta": 0.09640298187325426, "gamma": 356.3214831102554, "max_depth": 3.0, "min_child_weight": 4789.906505170786, "num_boost_round": 56.0, "subsample": 0.30913551460221045}, "datetime": {"datetime": "2024-01-20 16:20:03", "elapsed": 10495.309498, "delta": 0.006841}}
{"target": -10.481085420810162, "params": {"colsample_bytree": 0.3606530387001865, "eta": 0.09640298187325426, "gamma": 356.3214831102554, "max_depth": 3.0, "min_child_weight": 4789.906505170786, "num_boost_round": 57.0, "subsample": 0.30913551460221045}, "datetime": {"datetime": "2024-01-20 16:20:03", "elapsed": 10495.318004, "delta": 0.008506}}
{"target": -10.48110904642136, "params": {"colsample_bytree": 0.3606530387001865, "eta": 0.09640298187325426, "gamma": 356.3214831102554, "max_depth": 3.0, "min_child_weight": 4789.906505170786, "num_boost_round": 58.0, "subsample": 0.30913551460221045}, "datetime": {"datetime": "2024-01-20 16:20:03", "elapsed": 10495.325327, "delta": 0.007323}}
{"target": -10.48136667194683, "params": {"colsample_bytree": 0.3606530387001865, "eta": 0.09640298187325426, "gamma": 356.3214831102554, "max_depth": 3.0, "min_child_weight": 4789.906505170786, "num_boost_round": 59.0, "subsample": 0.30913551460221045}, "datetime": {"datetime": "2024-01-20 16:20:03", "elapsed": 10495.332371, "delta": 0.007044}}
{"target": -10.481718843056278, "params": {"colsample_bytree": 0.3606530387001865, "eta": 0.09640298187325426, "gamma": 356.3214831102554, "max_depth": 3.0, "min_child_weight": 4789.906505170786, "num_boost_round": 60.0, "subsample": 0.30913551460221045}, "datetime": {"datetime": "2024-01-20 16:20:03", "elapsed": 10495.33927, "delta": 0.006899}}
{"target": -10.481878548664332, "params": {"colsample_bytree": 0.3606530387001865, "eta": 0.09640298187325426, "gamma": 356.3214831102554, "max_depth": 3.0, "min_child_weight": 4789.906505170786, "num_boost_round": 61.0, "subsample": 0.30913551460221045}, "datetime": {"datetime": "2024-01-20 16:20:03", "elapsed": 10495.346027, "delta": 0.006757}}
{"target": -10.481860346703893, "params": {"colsample_bytree": 0.3606530387001865, "eta": 0.09640298187325426, "gamma": 356.3214831102554, "max_depth": 3.0, "min_child_weight": 4789.906505170786, "num_boost_round": 62.0, "subsample": 0.30913551460221045}, "datetime": {"datetime": "2024-01-20 16:20:03", "elapsed": 10495.35284, "delta": 0.006813}}
{"target": -10.482001733961535, "params": {"colsample_bytree": 0.3606530387001865, "eta": 0.09640298187325426, "gamma": 356.3214831102554, "max_depth": 3.0, "min_child_weight": 4789.906505170786, "num_boost_round": 63.0, "subsample": 0.30913551460221045}, "datetime": {"datetime": "2024-01-20 16:20:03", "elapsed": 10495.359676, "delta": 0.006836}}
{"target": -10.481985443373226, "params": {"colsample_bytree": 0.3606530387001865, "eta": 0.09640298187325426, "gamma": 356.3214831102554, "max_depth": 3.0, "min_child_weight": 4789.906505170786, "num_boost_round": 64.0, "subsample": 0.30913551460221045}, "datetime": {"datetime": "2024-01-20 16:20:03", "elapsed": 10495.366436, "delta": 0.00676}}
{"target": -10.48225259414614, "params": {"colsample_bytree": 0.3606530387001865, "eta": 0.09640298187325426, "gamma": 356.3214831102554, "max_depth": 3.0, "min_child_weight": 4789.906505170786, "num_boost_round": 65.0, "subsample": 0.30913551460221045}, "datetime": {"datetime": "2024-01-20 16:20:03", "elapsed": 10495.373098, "delta": 0.006662}}
{"target": -10.482343862653622, "params": {"colsample_bytree": 0.3606530387001865, "eta": 0.09640298187325426, "gamma": 356.3214831102554, "max_depth": 3.0, "min_child_weight": 4789.906505170786, "num_boost_round": 66.0, "subsample": 0.30913551460221045}, "datetime": {"datetime": "2024-01-20 16:20:03", "elapsed": 10495.379875, "delta": 0.006777}}
{"target": -10.482373784415056, "params": {"colsample_bytree": 0.3606530387001865, "eta": 0.09640298187325426, "gamma": 356.3214831102554, "max_depth": 3.0, "min_child_weight": 4789.906505170786, "num_boost_round": 67.0, "subsample": 0.30913551460221045}, "datetime": {"datetime": "2024-01-20 16:20:03", "elapsed": 10495.386701, "delta": 0.006826}}
{"target": -10.482455474746434, "params": {"colsample_bytree": 0.3606530387001865, "eta": 0.09640298187325426, "gamma": 356.3214831102554, "max_depth": 3.0, "min_child_weight": 4789.906505170786, "num_boost_round": 68.0, "subsample": 0.30913551460221045}, "datetime": {"datetime": "2024-01-20 16:20:03", "elapsed": 10495.394045, "delta": 0.007344}}
{"target": -10.482534515678033, "params": {"colsample_bytree": 0.3606530387001865, "eta": 0.09640298187325426, "gamma": 356.3214831102554, "max_depth": 3.0, "min_child_weight": 4789.906505170786, "num_boost_round": 69.0, "subsample": 0.30913551460221045}, "datetime": {"datetime": "2024-01-20 16:20:03", "elapsed": 10495.401268, "delta": 0.007223}}
{"target": -10.48272153059142, "params": {"colsample_bytree": 0.3606530387001865, "eta": 0.09640298187325426, "gamma": 356.3214831102554, "max_depth": 3.0, "min_child_weight": 4789.906505170786, "num_boost_round": 70.0, "subsample": 0.30913551460221045}, "datetime": {"datetime": "2024-01-20 16:20:03", "elapsed": 10495.408325, "delta": 0.007057}}
{"target": -10.482826857476857, "params": {"colsample_bytree": 0.3606530387001865, "eta": 0.09640298187325426, "gamma": 356.3214831102554, "max_depth": 3.0, "min_child_weight": 4789.906505170786, "num_boost_round": 71.0, "subsample": 0.30913551460221045}, "datetime": {"datetime": "2024-01-20 16:20:03", "elapsed": 10495.415301, "delta": 0.006976}}
{"target": -10.482718405579355, "params": {"colsample_bytree": 0.3606530387001865, "eta": 0.09640298187325426, "gamma": 356.3214831102554, "max_depth": 3.0, "min_child_weight": 4789.906505170786, "num_boost_round": 72.0, "subsample": 0.30913551460221045}, "datetime": {"datetime": "2024-01-20 16:20:03", "elapsed": 10495.422199, "delta": 0.006898}}
{"target": -10.482779839060651, "params": {"colsample_bytree": 0.3606530387001865, "eta": 0.09640298187325426, "gamma": 356.3214831102554, "max_depth": 3.0, "min_child_weight": 4789.906505170786, "num_boost_round": 73.0, "subsample": 0.30913551460221045}, "datetime": {"datetime": "2024-01-20 16:20:03", "elapsed": 10495.429033, "delta": 0.006834}}
{"target": -10.482985891514373, "params": {"colsample_bytree": 0.3606530387001865, "eta": 0.09640298187325426, "gamma": 356.3214831102554, "max_depth": 3.0, "min_child_weight": 4789.906505170786, "num_boost_round": 74.0, "subsample": 0.30913551460221045}, "datetime": {"datetime": "2024-01-20 16:20:03", "elapsed": 10495.435816, "delta": 0.006783}}
{"target": -10.483022411075652, "params": {"colsample_bytree": 0.3606530387001865, "eta": 0.09640298187325426, "gamma": 356.3214831102554, "max_depth": 3.0, "min_child_weight": 4789.906505170786, "num_boost_round": 75.0, "subsample": 0.30913551460221045}, "datetime": {"datetime": "2024-01-20 16:20:03", "elapsed": 10495.442615, "delta": 0.006799}}
{"target": -10.483128979206857, "params": {"colsample_bytree": 0.3606530387001865, "eta": 0.09640298187325426, "gamma": 356.3214831102554, "max_depth": 3.0, "min_child_weight": 4789.906505170786, "num_boost_round": 76.0, "subsample": 0.30913551460221045}, "datetime": {"datetime": "2024-01-20 16:20:03", "elapsed": 10495.44945, "delta": 0.006835}}
{"target": -10.483101714972754, "params": {"colsample_bytree": 0.3606530387001865, "eta": 0.09640298187325426, "gamma": 356.3214831102554, "max_depth": 3.0, "min_child_weight": 4789.906505170786, "num_boost_round": 77.0, "subsample": 0.30913551460221045}, "datetime": {"datetime": "2024-01-20 16:20:03", "elapsed": 10495.457645, "delta": 0.008195}}
{"target": -10.483280910052843, "params": {"colsample_bytree": 0.3606530387001865, "eta": 0.09640298187325426, "gamma": 356.3214831102554, "max_depth": 3.0, "min_child_weight": 4789.906505170786, "num_boost_round": 78.0, "subsample": 0.30913551460221045}, "datetime": {"datetime": "2024-01-20 16:20:03", "elapsed": 10495.465179, "delta": 0.007534}}
{"target": -10.483165313877839, "params": {"colsample_bytree": 0.3606530387001865, "eta": 0.09640298187325426, "gamma": 356.3214831102554, "max_depth": 3.0, "min_child_weight": 4789.906505170786, "num_boost_round": 79.0, "subsample": 0.30913551460221045}, "datetime": {"datetime": "2024-01-20 16:20:03", "elapsed": 10495.472458, "delta": 0.007279}}
{"target": -10.483256993982385, "params": {"colsample_bytree": 0.3606530387001865, "eta": 0.09640298187325426, "gamma": 356.3214831102554, "max_depth": 3.0, "min_child_weight": 4789.906505170786, "num_boost_round": 80.0, "subsample": 0.30913551460221045}, "datetime": {"datetime": "2024-01-20 16:20:03", "elapsed": 10495.480073, "delta": 0.007615}}
{"target": -10.483332606645806, "params": {"colsample_bytree": 0.3606530387001865, "eta": 0.09640298187325426, "gamma": 356.3214831102554, "max_depth": 3.0, "min_child_weight": 4789.906505170786, "num_boost_round": 81.0, "subsample": 0.30913551460221045}, "datetime": {"datetime": "2024-01-20 16:20:03", "elapsed": 10495.487359, "delta": 0.007286}}
{"target": -10.483295002644159, "params": {"colsample_bytree": 0.3606530387001865, "eta": 0.09640298187325426, "gamma": 356.3214831102554, "max_depth": 3.0, "min_child_weight": 4789.906505170786, "num_boost_round": 82.0, "subsample": 0.30913551460221045}, "datetime": {"datetime": "2024-01-20 16:20:03", "elapsed": 10495.49459, "delta": 0.007231}}
{"target": -10.483252456755244, "params": {"colsample_bytree": 0.3606530387001865, "eta": 0.09640298187325426, "gamma": 356.3214831102554, "max_depth": 3.0, "min_child_weight": 4789.906505170786, "num_boost_round": 83.0, "subsample": 0.30913551460221045}, "datetime": {"datetime": "2024-01-20 16:20:03", "elapsed": 10495.501766, "delta": 0.007176}}
{"target": -10.483229898476772, "params": {"colsample_bytree": 0.3606530387001865, "eta": 0.09640298187325426, "gamma": 356.3214831102554, "max_depth": 3.0, "min_child_weight": 4789.906505170786, "num_boost_round": 84.0, "subsample": 0.30913551460221045}, "datetime": {"datetime": "2024-01-20 16:20:03", "elapsed": 10495.508752, "delta": 0.006986}}
{"target": -10.483243844046896, "params": {"colsample_bytree": 0.3606530387001865, "eta": 0.09640298187325426, "gamma": 356.3214831102554, "max_depth": 3.0, "min_child_weight": 4789.906505170786, "num_boost_round": 85.0, "subsample": 0.30913551460221045}, "datetime": {"datetime": "2024-01-20 16:20:03", "elapsed": 10495.515634, "delta": 0.006882}}
{"target": -10.483297905654693, "params": {"colsample_bytree": 0.3606530387001865, "eta": 0.09640298187325426, "gamma": 356.3214831102554, "max_depth": 3.0, "min_child_weight": 4789.906505170786, "num_boost_round": 86.0, "subsample": 0.30913551460221045}, "datetime": {"datetime": "2024-01-20 16:20:03", "elapsed": 10495.5225, "delta": 0.006866}}
{"target": -10.483582509560872, "params": {"colsample_bytree": 0.3606530387001865, "eta": 0.09640298187325426, "gamma": 356.3214831102554, "max_depth": 3.0, "min_child_weight": 4789.906505170786, "num_boost_round": 87.0, "subsample": 0.30913551460221045}, "datetime": {"datetime": "2024-01-20 16:20:03", "elapsed": 10495.529204, "delta": 0.006704}}
{"target": -10.483683978703151, "params": {"colsample_bytree": 0.3606530387001865, "eta": 0.09640298187325426, "gamma": 356.3214831102554, "max_depth": 3.0, "min_child_weight": 4789.906505170786, "num_boost_round": 88.0, "subsample": 0.30913551460221045}, "datetime": {"datetime": "2024-01-20 16:20:03", "elapsed": 10495.535933, "delta": 0.006729}}
{"target": -10.483643281469938, "params": {"colsample_bytree": 0.3606530387001865, "eta": 0.09640298187325426, "gamma": 356.3214831102554, "max_depth": 3.0, "min_child_weight": 4789.906505170786, "num_boost_round": 89.0, "subsample": 0.30913551460221045}, "datetime": {"datetime": "2024-01-20 16:20:03", "elapsed": 10495.54279, "delta": 0.006857}}
{"target": -10.48378772420364, "params": {"colsample_bytree": 0.3606530387001865, "eta": 0.09640298187325426, "gamma": 356.3214831102554, "max_depth": 3.0, "min_child_weight": 4789.906505170786, "num_boost_round": 90.0, "subsample": 0.30913551460221045}, "datetime": {"datetime": "2024-01-20 16:20:03", "elapsed": 10495.549567, "delta": 0.006777}}
{"target": -10.48345811101122, "params": {"colsample_bytree": 0.3606530387001865, "eta": 0.09640298187325426, "gamma": 356.3214831102554, "max_depth": 3.0, "min_child_weight": 4789.906505170786, "num_boost_round": 91.0, "subsample": 0.30913551460221045}, "datetime": {"datetime": "2024-01-20 16:20:03", "elapsed": 10495.556307, "delta": 0.00674}}
{"target": -10.483100726467285, "params": {"colsample_bytree": 0.3606530387001865, "eta": 0.09640298187325426, "gamma": 356.3214831102554, "max_depth": 3.0, "min_child_weight": 4789.906505170786, "num_boost_round": 92.0, "subsample": 0.30913551460221045}, "datetime": {"datetime": "2024-01-20 16:20:03", "elapsed": 10495.563463, "delta": 0.007156}}
{"target": -10.483122307035504, "params": {"colsample_bytree": 0.3606530387001865, "eta": 0.09640298187325426, "gamma": 356.3214831102554, "max_depth": 3.0, "min_child_weight": 4789.906505170786, "num_boost_round": 93.0, "subsample": 0.30913551460221045}, "datetime": {"datetime": "2024-01-20 16:20:03", "elapsed": 10495.57778, "delta": 0.014317}}
{"target": -10.483155323185414, "params": {"colsample_bytree": 0.3606530387001865, "eta": 0.09640298187325426, "gamma": 356.3214831102554, "max_depth": 3.0, "min_child_weight": 4789.906505170786, "num_boost_round": 94.0, "subsample": 0.30913551460221045}, "datetime": {"datetime": "2024-01-20 16:20:03", "elapsed": 10495.585412, "delta": 0.007632}}
{"target": -10.48329833776457, "params": {"colsample_bytree": 0.3606530387001865, "eta": 0.09640298187325426, "gamma": 356.3214831102554, "max_depth": 3.0, "min_child_weight": 4789.906505170786, "num_boost_round": 95.0, "subsample": 0.30913551460221045}, "datetime": {"datetime": "2024-01-20 16:20:03", "elapsed": 10495.592681, "delta": 0.007269}}
