{"target": -10.472510438021267, "params": {"colsample_bytree": 0.863872060732674, "eta": 0.07999239043536602, "gamma": 379.53256849319905, "max_depth": 8.0, "min_child_weight": 4307.505587562609, "num_boost_round": 6.0, "subsample": 0.5823218377683792}, "datetime": {"datetime": "2024-01-20 13:42:48", "elapsed": 1060.995183, "delta": 0.001591}}
{"target": -10.472536745231995, "params": {"colsample_bytree": 0.863872060732674, "eta": 0.07999239043536602, "gamma": 379.53256849319905, "max_depth": 8.0, "min_child_weight": 4307.505587562609, "num_boost_round": 7.0, "subsample": 0.5823218377683792}, "datetime": {"datetime": "2024-01-20 13:42:48", "elapsed": 1060.996817, "delta": 0.001634}}
{"target": -10.472319154269048, "params": {"colsample_bytree": 0.863872060732674, "eta": 0.07999239043536602, "gamma": 379.53256849319905, "max_depth": 8.0, "min_child_weight": 4307.505587562609, "num_boost_round": 8.0, "subsample": 0.5823218377683792}, "datetime": {"datetime": "2024-01-20 13:42:48", "elapsed": 1060.99849, "delta": 0.001673}}
{"target": -10.475923427163357, "params": {"colsample_bytree": 0.31451337810613456, "eta": 0.02845899304197593, "gamma": 395.74287674148223, "max_depth": 7.0, "min_child_weight": 4304.881719286153, "num_boost_round": 1.0, "subsample": 0.8202958449865029}, "datetime": {"datetime": "2024-01-20 13:43:56", "elapsed": 1128.492763, "delta": 67.494273}}
{"target": -10.475790968234664, "params": {"colsample_bytree": 0.31451337810613456, "eta": 0.02845899304197593, "gamma": 395.74287674148223, "max_depth": 7.0, "min_child_weight": 4304.881719286153, "num_boost_round": 2.0, "subsample": 0.8202958449865029}, "datetime": {"datetime": "2024-01-20 13:43:56", "elapsed": 1128.494836, "delta": 0.002073}}
{"target": -10.475805925404776, "params": {"colsample_bytree": 0.31451337810613456, "eta": 0.02845899304197593, "gamma": 395.74287674148223, "max_depth": 7.0, "min_child_weight": 4304.881719286153, "num_boost_round": 3.0, "subsample": 0.8202958449865029}, "datetime": {"datetime": "2024-01-20 13:43:56", "elapsed": 1128.49649, "delta": 0.001654}}
{"target": -10.475596118321068, "params": {"colsample_bytree": 0.31451337810613456, "eta": 0.02845899304197593, "gamma": 395.74287674148223, "max_depth": 7.0, "min_child_weight": 4304.881719286153, "num_boost_round": 4.0, "subsample": 0.8202958449865029}, "datetime": {"datetime": "2024-01-20 13:43:56", "elapsed": 1128.498213, "delta": 0.001723}}
{"target": -10.475291377955255, "params": {"colsample_bytree": 0.31451337810613456, "eta": 0.02845899304197593, "gamma": 395.74287674148223, "max_depth": 7.0, "min_child_weight": 4304.881719286153, "num_boost_round": 5.0, "subsample": 0.8202958449865029}, "datetime": {"datetime": "2024-01-20 13:43:56", "elapsed": 1128.499774, "delta": 0.001561}}
{"target": -10.47520479757626, "params": {"colsample_bytree": 0.31451337810613456, "eta": 0.02845899304197593, "gamma": 395.74287674148223, "max_depth": 7.0, "min_child_weight": 4304.881719286153, "num_boost_round": 6.0, "subsample": 0.8202958449865029}, "datetime": {"datetime": "2024-01-20 13:43:56", "elapsed": 1128.501324, "delta": 0.00155}}
{"target": -10.474907127676985, "params": {"colsample_bytree": 0.31451337810613456, "eta": 0.02845899304197593, "gamma": 395.74287674148223, "max_depth": 7.0, "min_child_weight": 4304.881719286153, "num_boost_round": 7.0, "subsample": 0.8202958449865029}, "datetime": {"datetime": "2024-01-20 13:43:56", "elapsed": 1128.502893, "delta": 0.001569}}
{"target": -10.474776327118239, "params": {"colsample_bytree": 0.31451337810613456, "eta": 0.02845899304197593, "gamma": 395.74287674148223, "max_depth": 7.0, "min_child_weight": 4304.881719286153, "num_boost_round": 8.0, "subsample": 0.8202958449865029}, "datetime": {"datetime": "2024-01-20 13:43:56", "elapsed": 1128.504455, "delta": 0.001562}}
{"target": -10.474626582730828, "params": {"colsample_bytree": 0.31451337810613456, "eta": 0.02845899304197593, "gamma": 395.74287674148223, "max_depth": 7.0, "min_child_weight": 4304.881719286153, "num_boost_round": 9.0, "subsample": 0.8202958449865029}, "datetime": {"datetime": "2024-01-20 13:43:56", "elapsed": 1128.506012, "delta": 0.001557}}
{"target": -10.474855337218525, "params": {"colsample_bytree": 0.31451337810613456, "eta": 0.02845899304197593, "gamma": 395.74287674148223, "max_depth": 7.0, "min_child_weight": 4304.881719286153, "num_boost_round": 10.0, "subsample": 0.8202958449865029}, "datetime": {"datetime": "2024-01-20 13:43:56", "elapsed": 1128.507563, "delta": 0.001551}}
{"target": -10.47479410091304, "params": {"colsample_bytree": 0.31451337810613456, "eta": 0.02845899304197593, "gamma": 395.74287674148223, "max_depth": 7.0, "min_child_weight": 4304.881719286153, "num_boost_round": 11.0, "subsample": 0.8202958449865029}, "datetime": {"datetime": "2024-01-20 13:43:56", "elapsed": 1128.509122, "delta": 0.001559}}
{"target": -10.474724758968662, "params": {"colsample_bytree": 0.31451337810613456, "eta": 0.02845899304197593, "gamma": 395.74287674148223, "max_depth": 7.0, "min_child_weight": 4304.881719286153, "num_boost_round": 12.0, "subsample": 0.8202958449865029}, "datetime": {"datetime": "2024-01-20 13:43:56", "elapsed": 1128.510851, "delta": 0.001729}}
{"target": -10.474585839882645, "params": {"colsample_bytree": 0.31451337810613456, "eta": 0.02845899304197593, "gamma": 395.74287674148223, "max_depth": 7.0, "min_child_weight": 4304.881719286153, "num_boost_round": 13.0, "subsample": 0.8202958449865029}, "datetime": {"datetime": "2024-01-20 13:43:56", "elapsed": 1128.512603, "delta": 0.001752}}
{"target": -10.474583447177967, "params": {"colsample_bytree": 0.31451337810613456, "eta": 0.02845899304197593, "gamma": 395.74287674148223, "max_depth": 7.0, "min_child_weight": 4304.881719286153, "num_boost_round": 14.0, "subsample": 0.8202958449865029}, "datetime": {"datetime": "2024-01-20 13:43:56", "elapsed": 1128.514228, "delta": 0.001625}}
{"target": -10.474580118408387, "params": {"colsample_bytree": 0.31451337810613456, "eta": 0.02845899304197593, "gamma": 395.74287674148223, "max_depth": 7.0, "min_child_weight": 4304.881719286153, "num_boost_round": 15.0, "subsample": 0.8202958449865029}, "datetime": {"datetime": "2024-01-20 13:43:56", "elapsed": 1128.515907, "delta": 0.001679}}
{"target": -10.474782020543893, "params": {"colsample_bytree": 0.31451337810613456, "eta": 0.02845899304197593, "gamma": 395.74287674148223, "max_depth": 7.0, "min_child_weight": 4304.881719286153, "num_boost_round": 16.0, "subsample": 0.8202958449865029}, "datetime": {"datetime": "2024-01-20 13:43:56", "elapsed": 1128.517521, "delta": 0.001614}}
{"target": -10.474993331292827, "params": {"colsample_bytree": 0.31451337810613456, "eta": 0.02845899304197593, "gamma": 395.74287674148223, "max_depth": 7.0, "min_child_weight": 4304.881719286153, "num_boost_round": 17.0, "subsample": 0.8202958449865029}, "datetime": {"datetime": "2024-01-20 13:43:56", "elapsed": 1128.519102, "delta": 0.001581}}
{"target": -10.47498607178773, "params": {"colsample_bytree": 0.31451337810613456, "eta": 0.02845899304197593, "gamma": 395.74287674148223, "max_depth": 7.0, "min_child_weight": 4304.881719286153, "num_boost_round": 18.0, "subsample": 0.8202958449865029}, "datetime": {"datetime": "2024-01-20 13:43:56", "elapsed": 1128.520662, "delta": 0.00156}}
{"target": -10.474981106654187, "params": {"colsample_bytree": 0.31451337810613456, "eta": 0.02845899304197593, "gamma": 395.74287674148223, "max_depth": 7.0, "min_child_weight": 4304.881719286153, "num_boost_round": 19.0, "subsample": 0.8202958449865029}, "datetime": {"datetime": "2024-01-20 13:43:56", "elapsed": 1128.522248, "delta": 0.001586}}
{"target": -10.474931273867526, "params": {"colsample_bytree": 0.31451337810613456, "eta": 0.02845899304197593, "gamma": 395.74287674148223, "max_depth": 7.0, "min_child_weight": 4304.881719286153, "num_boost_round": 20.0, "subsample": 0.8202958449865029}, "datetime": {"datetime": "2024-01-20 13:43:56", "elapsed": 1128.523899, "delta": 0.001651}}
{"target": -10.475112573068555, "params": {"colsample_bytree": 0.31451337810613456, "eta": 0.02845899304197593, "gamma": 395.74287674148223, "max_depth": 7.0, "min_child_weight": 4304.881719286153, "num_boost_round": 21.0, "subsample": 0.8202958449865029}, "datetime": {"datetime": "2024-01-20 13:43:56", "elapsed": 1128.525547, "delta": 0.001648}}
{"target": -10.475065889126695, "params": {"colsample_bytree": 0.31451337810613456, "eta": 0.02845899304197593, "gamma": 395.74287674148223, "max_depth": 7.0, "min_child_weight": 4304.881719286153, "num_boost_round": 22.0, "subsample": 0.8202958449865029}, "datetime": {"datetime": "2024-01-20 13:43:56", "elapsed": 1128.527237, "delta": 0.00169}}
{"target": -10.475195303695191, "params": {"colsample_bytree": 0.31451337810613456, "eta": 0.02845899304197593, "gamma": 395.74287674148223, "max_depth": 7.0, "min_child_weight": 4304.881719286153, "num_boost_round": 23.0, "subsample": 0.8202958449865029}, "datetime": {"datetime": "2024-01-20 13:43:56", "elapsed": 1128.529045, "delta": 0.001808}}
{"target": -10.475311557191805, "params": {"colsample_bytree": 0.31451337810613456, "eta": 0.02845899304197593, "gamma": 395.74287674148223, "max_depth": 7.0, "min_child_weight": 4304.881719286153, "num_boost_round": 24.0, "subsample": 0.8202958449865029}, "datetime": {"datetime": "2024-01-20 13:43:56", "elapsed": 1128.5308, "delta": 0.001755}}
{"target": -10.47531112073843, "params": {"colsample_bytree": 0.31451337810613456, "eta": 0.02845899304197593, "gamma": 395.74287674148223, "max_depth": 7.0, "min_child_weight": 4304.881719286153, "num_boost_round": 25.0, "subsample": 0.8202958449865029}, "datetime": {"datetime": "2024-01-20 13:43:56", "elapsed": 1128.532439, "delta": 0.001639}}
{"target": -10.475317236890042, "params": {"colsample_bytree": 0.31451337810613456, "eta": 0.02845899304197593, "gamma": 395.74287674148223, "max_depth": 7.0, "min_child_weight": 4304.881719286153, "num_boost_round": 26.0, "subsample": 0.8202958449865029}, "datetime": {"datetime": "2024-01-20 13:43:56", "elapsed": 1128.534077, "delta": 0.001638}}
{"target": -10.475444934895966, "params": {"colsample_bytree": 0.31451337810613456, "eta": 0.02845899304197593, "gamma": 395.74287674148223, "max_depth": 7.0, "min_child_weight": 4304.881719286153, "num_boost_round": 27.0, "subsample": 0.8202958449865029}, "datetime": {"datetime": "2024-01-20 13:43:56", "elapsed": 1128.535755, "delta": 0.001678}}
{"target": -10.475372226266728, "params": {"colsample_bytree": 0.31451337810613456, "eta": 0.02845899304197593, "gamma": 395.74287674148223, "max_depth": 7.0, "min_child_weight": 4304.881719286153, "num_boost_round": 28.0, "subsample": 0.8202958449865029}, "datetime": {"datetime": "2024-01-20 13:43:56", "elapsed": 1128.537426, "delta": 0.001671}}
{"target": -10.475425914855503, "params": {"colsample_bytree": 0.31451337810613456, "eta": 0.02845899304197593, "gamma": 395.74287674148223, "max_depth": 7.0, "min_child_weight": 4304.881719286153, "num_boost_round": 29.0, "subsample": 0.8202958449865029}, "datetime": {"datetime": "2024-01-20 13:43:56", "elapsed": 1128.539068, "delta": 0.001642}}
{"target": -10.475514735020738, "params": {"colsample_bytree": 0.31451337810613456, "eta": 0.02845899304197593, "gamma": 395.74287674148223, "max_depth": 7.0, "min_child_weight": 4304.881719286153, "num_boost_round": 30.0, "subsample": 0.8202958449865029}, "datetime": {"datetime": "2024-01-20 13:43:56", "elapsed": 1128.540724, "delta": 0.001656}}
{"target": -10.475609496663267, "params": {"colsample_bytree": 0.31451337810613456, "eta": 0.02845899304197593, "gamma": 395.74287674148223, "max_depth": 7.0, "min_child_weight": 4304.881719286153, "num_boost_round": 31.0, "subsample": 0.8202958449865029}, "datetime": {"datetime": "2024-01-20 13:43:56", "elapsed": 1128.542346, "delta": 0.001622}}
{"target": -10.475500742034642, "params": {"colsample_bytree": 0.31451337810613456, "eta": 0.02845899304197593, "gamma": 395.74287674148223, "max_depth": 7.0, "min_child_weight": 4304.881719286153, "num_boost_round": 32.0, "subsample": 0.8202958449865029}, "datetime": {"datetime": "2024-01-20 13:43:56", "elapsed": 1128.543997, "delta": 0.001651}}
{"target": -10.475503007397524, "params": {"colsample_bytree": 0.31451337810613456, "eta": 0.02845899304197593, "gamma": 395.74287674148223, "max_depth": 7.0, "min_child_weight": 4304.881719286153, "num_boost_round": 33.0, "subsample": 0.8202958449865029}, "datetime": {"datetime": "2024-01-20 13:43:56", "elapsed": 1128.545639, "delta": 0.001642}}
{"target": -10.475361970676756, "params": {"colsample_bytree": 0.31451337810613456, "eta": 0.02845899304197593, "gamma": 395.74287674148223, "max_depth": 7.0, "min_child_weight": 4304.881719286153, "num_boost_round": 34.0, "subsample": 0.8202958449865029}, "datetime": {"datetime": "2024-01-20 13:43:56", "elapsed": 1128.547292, "delta": 0.001653}}
{"target": -10.47538152180002, "params": {"colsample_bytree": 0.31451337810613456, "eta": 0.02845899304197593, "gamma": 395.74287674148223, "max_depth": 7.0, "min_child_weight": 4304.881719286153, "num_boost_round": 35.0, "subsample": 0.8202958449865029}, "datetime": {"datetime": "2024-01-20 13:43:56", "elapsed": 1128.548934, "delta": 0.001642}}
{"target": -10.475457381439305, "params": {"colsample_bytree": 0.31451337810613456, "eta": 0.02845899304197593, "gamma": 395.74287674148223, "max_depth": 7.0, "min_child_weight": 4304.881719286153, "num_boost_round": 36.0, "subsample": 0.8202958449865029}, "datetime": {"datetime": "2024-01-20 13:43:56", "elapsed": 1128.550583, "delta": 0.001649}}
{"target": -10.475563763028887, "params": {"colsample_bytree": 0.31451337810613456, "eta": 0.02845899304197593, "gamma": 395.74287674148223, "max_depth": 7.0, "min_child_weight": 4304.881719286153, "num_boost_round": 37.0, "subsample": 0.8202958449865029}, "datetime": {"datetime": "2024-01-20 13:43:56", "elapsed": 1128.552235, "delta": 0.001652}}
{"target": -10.47571905462922, "params": {"colsample_bytree": 0.31451337810613456, "eta": 0.02845899304197593, "gamma": 395.74287674148223, "max_depth": 7.0, "min_child_weight": 4304.881719286153, "num_boost_round": 38.0, "subsample": 0.8202958449865029}, "datetime": {"datetime": "2024-01-20 13:43:56", "elapsed": 1128.553863, "delta": 0.001628}}
{"target": -10.475830858356534, "params": {"colsample_bytree": 0.31451337810613456, "eta": 0.02845899304197593, "gamma": 395.74287674148223, "max_depth": 7.0, "min_child_weight": 4304.881719286153, "num_boost_round": 39.0, "subsample": 0.8202958449865029}, "datetime": {"datetime": "2024-01-20 13:43:56", "elapsed": 1128.555498, "delta": 0.001635}}
{"target": -10.476062964729959, "params": {"colsample_bytree": 0.31451337810613456, "eta": 0.02845899304197593, "gamma": 395.74287674148223, "max_depth": 7.0, "min_child_weight": 4304.881719286153, "num_boost_round": 40.0, "subsample": 0.8202958449865029}, "datetime": {"datetime": "2024-01-20 13:43:56", "elapsed": 1128.55718, "delta": 0.001682}}
{"target": -10.476122392047849, "params": {"colsample_bytree": 0.31451337810613456, "eta": 0.02845899304197593, "gamma": 395.74287674148223, "max_depth": 7.0, "min_child_weight": 4304.881719286153, "num_boost_round": 41.0, "subsample": 0.8202958449865029}, "datetime": {"datetime": "2024-01-20 13:43:56", "elapsed": 1128.824241, "delta": 0.267061}}
{"target": -10.476135980064443, "params": {"colsample_bytree": 0.31451337810613456, "eta": 0.02845899304197593, "gamma": 395.74287674148223, "max_depth": 7.0, "min_child_weight": 4304.881719286153, "num_boost_round": 42.0, "subsample": 0.8202958449865029}, "datetime": {"datetime": "2024-01-20 13:43:56", "elapsed": 1128.826265, "delta": 0.002024}}
{"target": -10.476353496994186, "params": {"colsample_bytree": 0.31451337810613456, "eta": 0.02845899304197593, "gamma": 395.74287674148223, "max_depth": 7.0, "min_child_weight": 4304.881719286153, "num_boost_round": 43.0, "subsample": 0.8202958449865029}, "datetime": {"datetime": "2024-01-20 13:43:56", "elapsed": 1128.828016, "delta": 0.001751}}
{"target": -10.47649092616669, "params": {"colsample_bytree": 0.31451337810613456, "eta": 0.02845899304197593, "gamma": 395.74287674148223, "max_depth": 7.0, "min_child_weight": 4304.881719286153, "num_boost_round": 44.0, "subsample": 0.8202958449865029}, "datetime": {"datetime": "2024-01-20 13:43:56", "elapsed": 1128.829724, "delta": 0.001708}}
{"target": -10.476759738451566, "params": {"colsample_bytree": 0.31451337810613456, "eta": 0.02845899304197593, "gamma": 395.74287674148223, "max_depth": 7.0, "min_child_weight": 4304.881719286153, "num_boost_round": 45.0, "subsample": 0.8202958449865029}, "datetime": {"datetime": "2024-01-20 13:43:56", "elapsed": 1128.831503, "delta": 0.001779}}
{"target": -10.476907346434501, "params": {"colsample_bytree": 0.31451337810613456, "eta": 0.02845899304197593, "gamma": 395.74287674148223, "max_depth": 7.0, "min_child_weight": 4304.881719286153, "num_boost_round": 46.0, "subsample": 0.8202958449865029}, "datetime": {"datetime": "2024-01-20 13:43:56", "elapsed": 1128.833201, "delta": 0.001698}}
{"target": -10.477010860238853, "params": {"colsample_bytree": 0.31451337810613456, "eta": 0.02845899304197593, "gamma": 395.74287674148223, "max_depth": 7.0, "min_child_weight": 4304.881719286153, "num_boost_round": 47.0, "subsample": 0.8202958449865029}, "datetime": {"datetime": "2024-01-20 13:43:56", "elapsed": 1128.834897, "delta": 0.001696}}
{"target": -10.477036929612183, "params": {"colsample_bytree": 0.31451337810613456, "eta": 0.02845899304197593, "gamma": 395.74287674148223, "max_depth": 7.0, "min_child_weight": 4304.881719286153, "num_boost_round": 48.0, "subsample": 0.8202958449865029}, "datetime": {"datetime": "2024-01-20 13:43:56", "elapsed": 1128.836601, "delta": 0.001704}}
{"target": -10.477145452070163, "params": {"colsample_bytree": 0.31451337810613456, "eta": 0.02845899304197593, "gamma": 395.74287674148223, "max_depth": 7.0, "min_child_weight": 4304.881719286153, "num_boost_round": 49.0, "subsample": 0.8202958449865029}, "datetime": {"datetime": "2024-01-20 13:43:56", "elapsed": 1128.838327, "delta": 0.001726}}
{"target": -10.477150409969184, "params": {"colsample_bytree": 0.31451337810613456, "eta": 0.02845899304197593, "gamma": 395.74287674148223, "max_depth": 7.0, "min_child_weight": 4304.881719286153, "num_boost_round": 50.0, "subsample": 0.8202958449865029}, "datetime": {"datetime": "2024-01-20 13:43:56", "elapsed": 1128.840063, "delta": 0.001736}}
{"target": -10.477145163502595, "params": {"colsample_bytree": 0.31451337810613456, "eta": 0.02845899304197593, "gamma": 395.74287674148223, "max_depth": 7.0, "min_child_weight": 4304.881719286153, "num_boost_round": 51.0, "subsample": 0.8202958449865029}, "datetime": {"datetime": "2024-01-20 13:43:56", "elapsed": 1128.841775, "delta": 0.001712}}
{"target": -10.477366041834873, "params": {"colsample_bytree": 0.31451337810613456, "eta": 0.02845899304197593, "gamma": 395.74287674148223, "max_depth": 7.0, "min_child_weight": 4304.881719286153, "num_boost_round": 52.0, "subsample": 0.8202958449865029}, "datetime": {"datetime": "2024-01-20 13:43:56", "elapsed": 1128.843521, "delta": 0.001746}}
{"target": -10.477607175235192, "params": {"colsample_bytree": 0.31451337810613456, "eta": 0.02845899304197593, "gamma": 395.74287674148223, "max_depth": 7.0, "min_child_weight": 4304.881719286153, "num_boost_round": 53.0, "subsample": 0.8202958449865029}, "datetime": {"datetime": "2024-01-20 13:43:56", "elapsed": 1128.845249, "delta": 0.001728}}
{"target": -10.477624297724194, "params": {"colsample_bytree": 0.31451337810613456, "eta": 0.02845899304197593, "gamma": 395.74287674148223, "max_depth": 7.0, "min_child_weight": 4304.881719286153, "num_boost_round": 54.0, "subsample": 0.8202958449865029}, "datetime": {"datetime": "2024-01-20 13:43:56", "elapsed": 1128.846968, "delta": 0.001719}}
{"target": -10.477682109564942, "params": {"colsample_bytree": 0.31451337810613456, "eta": 0.02845899304197593, "gamma": 395.74287674148223, "max_depth": 7.0, "min_child_weight": 4304.881719286153, "num_boost_round": 55.0, "subsample": 0.8202958449865029}, "datetime": {"datetime": "2024-01-20 13:43:56", "elapsed": 1128.849531, "delta": 0.002563}}
{"target": -10.477709283533157, "params": {"colsample_bytree": 0.31451337810613456, "eta": 0.02845899304197593, "gamma": 395.74287674148223, "max_depth": 7.0, "min_child_weight": 4304.881719286153, "num_boost_round": 56.0, "subsample": 0.8202958449865029}, "datetime": {"datetime": "2024-01-20 13:43:56", "elapsed": 1128.851227, "delta": 0.001696}}
{"target": -10.477673986602369, "params": {"colsample_bytree": 0.31451337810613456, "eta": 0.02845899304197593, "gamma": 395.74287674148223, "max_depth": 7.0, "min_child_weight": 4304.881719286153, "num_boost_round": 57.0, "subsample": 0.8202958449865029}, "datetime": {"datetime": "2024-01-20 13:43:56", "elapsed": 1128.853299, "delta": 0.002072}}
{"target": -10.477778486019828, "params": {"colsample_bytree": 0.31451337810613456, "eta": 0.02845899304197593, "gamma": 395.74287674148223, "max_depth": 7.0, "min_child_weight": 4304.881719286153, "num_boost_round": 58.0, "subsample": 0.8202958449865029}, "datetime": {"datetime": "2024-01-20 13:43:56", "elapsed": 1128.855053, "delta": 0.001754}}
{"target": -10.477794058815158, "params": {"colsample_bytree": 0.31451337810613456, "eta": 0.02845899304197593, "gamma": 395.74287674148223, "max_depth": 7.0, "min_child_weight": 4304.881719286153, "num_boost_round": 59.0, "subsample": 0.8202958449865029}, "datetime": {"datetime": "2024-01-20 13:43:56", "elapsed": 1128.856813, "delta": 0.00176}}
{"target": -10.477952149705166, "params": {"colsample_bytree": 0.31451337810613456, "eta": 0.02845899304197593, "gamma": 395.74287674148223, "max_depth": 7.0, "min_child_weight": 4304.881719286153, "num_boost_round": 60.0, "subsample": 0.8202958449865029}, "datetime": {"datetime": "2024-01-20 13:43:56", "elapsed": 1128.858606, "delta": 0.001793}}
