{"target": -12.357717793008348, "params": {"colsample_bytree": 0.11328738614188329, "eta": 0.00492254827482383, "gamma": 584.6682651630795, "max_depth": 2.0, "min_child_weight": 4176.760464446724, "num_boost_round": 49.0, "subsample": 0.3396260658674898}, "datetime": {"datetime": "2024-01-20 15:35:59", "elapsed": 4326.016423, "delta": 0.005254}}
{"target": -12.35772096443766, "params": {"colsample_bytree": 0.11328738614188329, "eta": 0.00492254827482383, "gamma": 584.6682651630795, "max_depth": 2.0, "min_child_weight": 4176.760464446724, "num_boost_round": 50.0, "subsample": 0.3396260658674898}, "datetime": {"datetime": "2024-01-20 15:35:59", "elapsed": 4326.022602, "delta": 0.006179}}
{"target": -12.357723246936493, "params": {"colsample_bytree": 0.11328738614188329, "eta": 0.00492254827482383, "gamma": 584.6682651630795, "max_depth": 2.0, "min_child_weight": 4176.760464446724, "num_boost_round": 51.0, "subsample": 0.3396260658674898}, "datetime": {"datetime": "2024-01-20 15:35:59", "elapsed": 4326.02793, "delta": 0.005328}}
{"target": -12.357727142826514, "params": {"colsample_bytree": 0.11328738614188329, "eta": 0.00492254827482383, "gamma": 584.6682651630795, "max_depth": 2.0, "min_child_weight": 4176.760464446724, "num_boost_round": 52.0, "subsample": 0.3396260658674898}, "datetime": {"datetime": "2024-01-20 15:35:59", "elapsed": 4326.033075, "delta": 0.005145}}
{"target": -12.357598938817254, "params": {"colsample_bytree": 0.11328738614188329, "eta": 0.00492254827482383, "gamma": 584.6682651630795, "max_depth": 2.0, "min_child_weight": 4176.760464446724, "num_boost_round": 53.0, "subsample": 0.3396260658674898}, "datetime": {"datetime": "2024-01-20 15:35:59", "elapsed": 4326.038275, "delta": 0.0052}}
{"target": -12.357461879340612, "params": {"colsample_bytree": 0.11328738614188329, "eta": 0.00492254827482383, "gamma": 584.6682651630795, "max_depth": 2.0, "min_child_weight": 4176.760464446724, "num_boost_round": 54.0, "subsample": 0.3396260658674898}, "datetime": {"datetime": "2024-01-20 15:35:59", "elapsed": 4326.04344, "delta": 0.005165}}
{"target": -12.355589591475676, "params": {"colsample_bytree": 0.9728496339740487, "eta": 0.05708705273084109, "gamma": 592.5170649156564, "max_depth": 6.0, "min_child_weight": 4288.089345532769, "num_boost_round": 1.0, "subsample": 0.5974330287980485}, "datetime": {"datetime": "2024-01-20 15:37:50", "elapsed": 4436.955457, "delta": 110.912017}}
{"target": -12.352851986919708, "params": {"colsample_bytree": 0.9728496339740487, "eta": 0.05708705273084109, "gamma": 592.5170649156564, "max_depth": 6.0, "min_child_weight": 4288.089345532769, "num_boost_round": 2.0, "subsample": 0.5974330287980485}, "datetime": {"datetime": "2024-01-20 15:37:50", "elapsed": 4436.963062, "delta": 0.007605}}
{"target": -12.350663944246353, "params": {"colsample_bytree": 0.9728496339740487, "eta": 0.05708705273084109, "gamma": 592.5170649156564, "max_depth": 6.0, "min_child_weight": 4288.089345532769, "num_boost_round": 3.0, "subsample": 0.5974330287980485}, "datetime": {"datetime": "2024-01-20 15:37:50", "elapsed": 4436.968959, "delta": 0.005897}}
{"target": -12.348865774622631, "params": {"colsample_bytree": 0.9728496339740487, "eta": 0.05708705273084109, "gamma": 592.5170649156564, "max_depth": 6.0, "min_child_weight": 4288.089345532769, "num_boost_round": 4.0, "subsample": 0.5974330287980485}, "datetime": {"datetime": "2024-01-20 15:37:50", "elapsed": 4436.974624, "delta": 0.005665}}
{"target": -12.347685713267925, "params": {"colsample_bytree": 0.9728496339740487, "eta": 0.05708705273084109, "gamma": 592.5170649156564, "max_depth": 6.0, "min_child_weight": 4288.089345532769, "num_boost_round": 5.0, "subsample": 0.5974330287980485}, "datetime": {"datetime": "2024-01-20 15:37:50", "elapsed": 4436.980576, "delta": 0.005952}}
{"target": -12.346587466024353, "params": {"colsample_bytree": 0.9728496339740487, "eta": 0.05708705273084109, "gamma": 592.5170649156564, "max_depth": 6.0, "min_child_weight": 4288.089345532769, "num_boost_round": 6.0, "subsample": 0.5974330287980485}, "datetime": {"datetime": "2024-01-20 15:37:50", "elapsed": 4436.985873, "delta": 0.005297}}
{"target": -12.34565939429707, "params": {"colsample_bytree": 0.9728496339740487, "eta": 0.05708705273084109, "gamma": 592.5170649156564, "max_depth": 6.0, "min_child_weight": 4288.089345532769, "num_boost_round": 7.0, "subsample": 0.5974330287980485}, "datetime": {"datetime": "2024-01-20 15:37:50", "elapsed": 4436.990916, "delta": 0.005043}}
{"target": -12.34508246960244, "params": {"colsample_bytree": 0.9728496339740487, "eta": 0.05708705273084109, "gamma": 592.5170649156564, "max_depth": 6.0, "min_child_weight": 4288.089345532769, "num_boost_round": 8.0, "subsample": 0.5974330287980485}, "datetime": {"datetime": "2024-01-20 15:37:50", "elapsed": 4436.995897, "delta": 0.004981}}
{"target": -12.34454466198559, "params": {"colsample_bytree": 0.9728496339740487, "eta": 0.05708705273084109, "gamma": 592.5170649156564, "max_depth": 6.0, "min_child_weight": 4288.089345532769, "num_boost_round": 9.0, "subsample": 0.5974330287980485}, "datetime": {"datetime": "2024-01-20 15:37:50", "elapsed": 4437.000995, "delta": 0.005098}}
{"target": -12.344297373512191, "params": {"colsample_bytree": 0.9728496339740487, "eta": 0.05708705273084109, "gamma": 592.5170649156564, "max_depth": 6.0, "min_child_weight": 4288.089345532769, "num_boost_round": 10.0, "subsample": 0.5974330287980485}, "datetime": {"datetime": "2024-01-20 15:37:50", "elapsed": 4437.006148, "delta": 0.005153}}
{"target": -12.343758123498382, "params": {"colsample_bytree": 0.9728496339740487, "eta": 0.05708705273084109, "gamma": 592.5170649156564, "max_depth": 6.0, "min_child_weight": 4288.089345532769, "num_boost_round": 11.0, "subsample": 0.5974330287980485}, "datetime": {"datetime": "2024-01-20 15:37:50", "elapsed": 4437.011365, "delta": 0.005217}}
{"target": -12.34326786352691, "params": {"colsample_bytree": 0.9728496339740487, "eta": 0.05708705273084109, "gamma": 592.5170649156564, "max_depth": 6.0, "min_child_weight": 4288.089345532769, "num_boost_round": 12.0, "subsample": 0.5974330287980485}, "datetime": {"datetime": "2024-01-20 15:37:50", "elapsed": 4437.016328, "delta": 0.004963}}
{"target": -12.342985450761539, "params": {"colsample_bytree": 0.9728496339740487, "eta": 0.05708705273084109, "gamma": 592.5170649156564, "max_depth": 6.0, "min_child_weight": 4288.089345532769, "num_boost_round": 13.0, "subsample": 0.5974330287980485}, "datetime": {"datetime": "2024-01-20 15:37:50", "elapsed": 4437.021379, "delta": 0.005051}}
{"target": -12.342518466564009, "params": {"colsample_bytree": 0.9728496339740487, "eta": 0.05708705273084109, "gamma": 592.5170649156564, "max_depth": 6.0, "min_child_weight": 4288.089345532769, "num_boost_round": 14.0, "subsample": 0.5974330287980485}, "datetime": {"datetime": "2024-01-20 15:37:50", "elapsed": 4437.02646, "delta": 0.005081}}
{"target": -12.342689099273004, "params": {"colsample_bytree": 0.9728496339740487, "eta": 0.05708705273084109, "gamma": 592.5170649156564, "max_depth": 6.0, "min_child_weight": 4288.089345532769, "num_boost_round": 15.0, "subsample": 0.5974330287980485}, "datetime": {"datetime": "2024-01-20 15:37:50", "elapsed": 4437.03161, "delta": 0.00515}}
{"target": -12.342749906115202, "params": {"colsample_bytree": 0.9728496339740487, "eta": 0.05708705273084109, "gamma": 592.5170649156564, "max_depth": 6.0, "min_child_weight": 4288.089345532769, "num_boost_round": 16.0, "subsample": 0.5974330287980485}, "datetime": {"datetime": "2024-01-20 15:37:50", "elapsed": 4437.036575, "delta": 0.004965}}
{"target": -12.3425303498507, "params": {"colsample_bytree": 0.9728496339740487, "eta": 0.05708705273084109, "gamma": 592.5170649156564, "max_depth": 6.0, "min_child_weight": 4288.089345532769, "num_boost_round": 17.0, "subsample": 0.5974330287980485}, "datetime": {"datetime": "2024-01-20 15:37:50", "elapsed": 4437.041845, "delta": 0.00527}}
{"target": -12.342897794133961, "params": {"colsample_bytree": 0.9728496339740487, "eta": 0.05708705273084109, "gamma": 592.5170649156564, "max_depth": 6.0, "min_child_weight": 4288.089345532769, "num_boost_round": 18.0, "subsample": 0.5974330287980485}, "datetime": {"datetime": "2024-01-20 15:37:50", "elapsed": 4437.046734, "delta": 0.004889}}
{"target": -12.343495037348601, "params": {"colsample_bytree": 0.9728496339740487, "eta": 0.05708705273084109, "gamma": 592.5170649156564, "max_depth": 6.0, "min_child_weight": 4288.089345532769, "num_boost_round": 19.0, "subsample": 0.5974330287980485}, "datetime": {"datetime": "2024-01-20 15:37:50", "elapsed": 4437.051607, "delta": 0.004873}}
{"target": -12.343774734242068, "params": {"colsample_bytree": 0.9728496339740487, "eta": 0.05708705273084109, "gamma": 592.5170649156564, "max_depth": 6.0, "min_child_weight": 4288.089345532769, "num_boost_round": 20.0, "subsample": 0.5974330287980485}, "datetime": {"datetime": "2024-01-20 15:37:50", "elapsed": 4437.05782, "delta": 0.006213}}
{"target": -12.343910007415646, "params": {"colsample_bytree": 0.9728496339740487, "eta": 0.05708705273084109, "gamma": 592.5170649156564, "max_depth": 6.0, "min_child_weight": 4288.089345532769, "num_boost_round": 21.0, "subsample": 0.5974330287980485}, "datetime": {"datetime": "2024-01-20 15:37:50", "elapsed": 4437.065521, "delta": 0.007701}}
{"target": -12.344189268382985, "params": {"colsample_bytree": 0.9728496339740487, "eta": 0.05708705273084109, "gamma": 592.5170649156564, "max_depth": 6.0, "min_child_weight": 4288.089345532769, "num_boost_round": 22.0, "subsample": 0.5974330287980485}, "datetime": {"datetime": "2024-01-20 15:37:50", "elapsed": 4437.073592, "delta": 0.008071}}
{"target": -12.344321270963162, "params": {"colsample_bytree": 0.9728496339740487, "eta": 0.05708705273084109, "gamma": 592.5170649156564, "max_depth": 6.0, "min_child_weight": 4288.089345532769, "num_boost_round": 23.0, "subsample": 0.5974330287980485}, "datetime": {"datetime": "2024-01-20 15:37:50", "elapsed": 4437.079937, "delta": 0.006345}}
{"target": -12.345120252800623, "params": {"colsample_bytree": 0.9728496339740487, "eta": 0.05708705273084109, "gamma": 592.5170649156564, "max_depth": 6.0, "min_child_weight": 4288.089345532769, "num_boost_round": 24.0, "subsample": 0.5974330287980485}, "datetime": {"datetime": "2024-01-20 15:37:50", "elapsed": 4437.085072, "delta": 0.005135}}
{"target": -12.345501111514533, "params": {"colsample_bytree": 0.9728496339740487, "eta": 0.05708705273084109, "gamma": 592.5170649156564, "max_depth": 6.0, "min_child_weight": 4288.089345532769, "num_boost_round": 25.0, "subsample": 0.5974330287980485}, "datetime": {"datetime": "2024-01-20 15:37:50", "elapsed": 4437.090033, "delta": 0.004961}}
{"target": -12.345713403438197, "params": {"colsample_bytree": 0.9728496339740487, "eta": 0.05708705273084109, "gamma": 592.5170649156564, "max_depth": 6.0, "min_child_weight": 4288.089345532769, "num_boost_round": 26.0, "subsample": 0.5974330287980485}, "datetime": {"datetime": "2024-01-20 15:37:50", "elapsed": 4437.09493, "delta": 0.004897}}
{"target": -12.345852542074221, "params": {"colsample_bytree": 0.9728496339740487, "eta": 0.05708705273084109, "gamma": 592.5170649156564, "max_depth": 6.0, "min_child_weight": 4288.089345532769, "num_boost_round": 27.0, "subsample": 0.5974330287980485}, "datetime": {"datetime": "2024-01-20 15:37:50", "elapsed": 4437.099861, "delta": 0.004931}}
{"target": -12.346337216537034, "params": {"colsample_bytree": 0.9728496339740487, "eta": 0.05708705273084109, "gamma": 592.5170649156564, "max_depth": 6.0, "min_child_weight": 4288.089345532769, "num_boost_round": 28.0, "subsample": 0.5974330287980485}, "datetime": {"datetime": "2024-01-20 15:37:50", "elapsed": 4437.104775, "delta": 0.004914}}
{"target": -12.34637290819469, "params": {"colsample_bytree": 0.9728496339740487, "eta": 0.05708705273084109, "gamma": 592.5170649156564, "max_depth": 6.0, "min_child_weight": 4288.089345532769, "num_boost_round": 29.0, "subsample": 0.5974330287980485}, "datetime": {"datetime": "2024-01-20 15:37:50", "elapsed": 4437.109959, "delta": 0.005184}}
{"target": -12.34663179488484, "params": {"colsample_bytree": 0.9728496339740487, "eta": 0.05708705273084109, "gamma": 592.5170649156564, "max_depth": 6.0, "min_child_weight": 4288.089345532769, "num_boost_round": 30.0, "subsample": 0.5974330287980485}, "datetime": {"datetime": "2024-01-20 15:37:50", "elapsed": 4437.114871, "delta": 0.004912}}
{"target": -12.347027480518644, "params": {"colsample_bytree": 0.9728496339740487, "eta": 0.05708705273084109, "gamma": 592.5170649156564, "max_depth": 6.0, "min_child_weight": 4288.089345532769, "num_boost_round": 31.0, "subsample": 0.5974330287980485}, "datetime": {"datetime": "2024-01-20 15:37:50", "elapsed": 4437.119929, "delta": 0.005058}}
{"target": -12.347204293993265, "params": {"colsample_bytree": 0.9728496339740487, "eta": 0.05708705273084109, "gamma": 592.5170649156564, "max_depth": 6.0, "min_child_weight": 4288.089345532769, "num_boost_round": 32.0, "subsample": 0.5974330287980485}, "datetime": {"datetime": "2024-01-20 15:37:50", "elapsed": 4437.124929, "delta": 0.005}}
{"target": -12.347344012835432, "params": {"colsample_bytree": 0.9728496339740487, "eta": 0.05708705273084109, "gamma": 592.5170649156564, "max_depth": 6.0, "min_child_weight": 4288.089345532769, "num_boost_round": 33.0, "subsample": 0.5974330287980485}, "datetime": {"datetime": "2024-01-20 15:37:50", "elapsed": 4437.1301, "delta": 0.005171}}
{"target": -12.348324986273193, "params": {"colsample_bytree": 0.9728496339740487, "eta": 0.05708705273084109, "gamma": 592.5170649156564, "max_depth": 6.0, "min_child_weight": 4288.089345532769, "num_boost_round": 34.0, "subsample": 0.5974330287980485}, "datetime": {"datetime": "2024-01-20 15:37:50", "elapsed": 4437.135006, "delta": 0.004906}}
{"target": -12.348406747281626, "params": {"colsample_bytree": 0.9728496339740487, "eta": 0.05708705273084109, "gamma": 592.5170649156564, "max_depth": 6.0, "min_child_weight": 4288.089345532769, "num_boost_round": 35.0, "subsample": 0.5974330287980485}, "datetime": {"datetime": "2024-01-20 15:37:50", "elapsed": 4437.140303, "delta": 0.005297}}
{"target": -12.348685334940399, "params": {"colsample_bytree": 0.9728496339740487, "eta": 0.05708705273084109, "gamma": 592.5170649156564, "max_depth": 6.0, "min_child_weight": 4288.089345532769, "num_boost_round": 36.0, "subsample": 0.5974330287980485}, "datetime": {"datetime": "2024-01-20 15:37:50", "elapsed": 4437.145241, "delta": 0.004938}}
{"target": -12.349392832515274, "params": {"colsample_bytree": 0.9728496339740487, "eta": 0.05708705273084109, "gamma": 592.5170649156564, "max_depth": 6.0, "min_child_weight": 4288.089345532769, "num_boost_round": 37.0, "subsample": 0.5974330287980485}, "datetime": {"datetime": "2024-01-20 15:37:50", "elapsed": 4437.150175, "delta": 0.004934}}
{"target": -12.34964894169033, "params": {"colsample_bytree": 0.9728496339740487, "eta": 0.05708705273084109, "gamma": 592.5170649156564, "max_depth": 6.0, "min_child_weight": 4288.089345532769, "num_boost_round": 38.0, "subsample": 0.5974330287980485}, "datetime": {"datetime": "2024-01-20 15:37:50", "elapsed": 4437.155054, "delta": 0.004879}}
{"target": -12.35820549815393, "params": {"colsample_bytree": 0.9337311058538136, "eta": 0.007173001801313171, "gamma": 513.609974286563, "max_depth": 2.0, "min_child_weight": 4255.28035603068, "num_boost_round": 1.0, "subsample": 0.8123770737289695}, "datetime": {"datetime": "2024-01-20 15:39:19", "elapsed": 4525.486216, "delta": 88.331162}}
{"target": -12.357797933383715, "params": {"colsample_bytree": 0.9337311058538136, "eta": 0.007173001801313171, "gamma": 513.609974286563, "max_depth": 2.0, "min_child_weight": 4255.28035603068, "num_boost_round": 2.0, "subsample": 0.8123770737289695}, "datetime": {"datetime": "2024-01-20 15:39:19", "elapsed": 4525.493083, "delta": 0.006867}}
{"target": -12.357393302435266, "params": {"colsample_bytree": 0.9337311058538136, "eta": 0.007173001801313171, "gamma": 513.609974286563, "max_depth": 2.0, "min_child_weight": 4255.28035603068, "num_boost_round": 3.0, "subsample": 0.8123770737289695}, "datetime": {"datetime": "2024-01-20 15:39:19", "elapsed": 4525.498572, "delta": 0.005489}}
{"target": -12.3569975710246, "params": {"colsample_bytree": 0.9337311058538136, "eta": 0.007173001801313171, "gamma": 513.609974286563, "max_depth": 2.0, "min_child_weight": 4255.28035603068, "num_boost_round": 4.0, "subsample": 0.8123770737289695}, "datetime": {"datetime": "2024-01-20 15:39:19", "elapsed": 4525.503675, "delta": 0.005103}}
{"target": -12.356620369645356, "params": {"colsample_bytree": 0.9337311058538136, "eta": 0.007173001801313171, "gamma": 513.609974286563, "max_depth": 2.0, "min_child_weight": 4255.28035603068, "num_boost_round": 5.0, "subsample": 0.8123770737289695}, "datetime": {"datetime": "2024-01-20 15:39:19", "elapsed": 4525.509025, "delta": 0.00535}}
{"target": -12.356236844752214, "params": {"colsample_bytree": 0.9337311058538136, "eta": 0.007173001801313171, "gamma": 513.609974286563, "max_depth": 2.0, "min_child_weight": 4255.28035603068, "num_boost_round": 6.0, "subsample": 0.8123770737289695}, "datetime": {"datetime": "2024-01-20 15:39:19", "elapsed": 4525.514336, "delta": 0.005311}}
{"target": -12.355858031051252, "params": {"colsample_bytree": 0.9337311058538136, "eta": 0.007173001801313171, "gamma": 513.609974286563, "max_depth": 2.0, "min_child_weight": 4255.28035603068, "num_boost_round": 7.0, "subsample": 0.8123770737289695}, "datetime": {"datetime": "2024-01-20 15:39:19", "elapsed": 4525.52008, "delta": 0.005744}}
{"target": -12.355487027442287, "params": {"colsample_bytree": 0.9337311058538136, "eta": 0.007173001801313171, "gamma": 513.609974286563, "max_depth": 2.0, "min_child_weight": 4255.28035603068, "num_boost_round": 8.0, "subsample": 0.8123770737289695}, "datetime": {"datetime": "2024-01-20 15:39:19", "elapsed": 4525.525643, "delta": 0.005563}}
{"target": -12.3551184677139, "params": {"colsample_bytree": 0.9337311058538136, "eta": 0.007173001801313171, "gamma": 513.609974286563, "max_depth": 2.0, "min_child_weight": 4255.28035603068, "num_boost_round": 9.0, "subsample": 0.8123770737289695}, "datetime": {"datetime": "2024-01-20 15:39:19", "elapsed": 4525.530856, "delta": 0.005213}}
{"target": -12.354774802114097, "params": {"colsample_bytree": 0.9337311058538136, "eta": 0.007173001801313171, "gamma": 513.609974286563, "max_depth": 2.0, "min_child_weight": 4255.28035603068, "num_boost_round": 10.0, "subsample": 0.8123770737289695}, "datetime": {"datetime": "2024-01-20 15:39:19", "elapsed": 4525.535763, "delta": 0.004907}}
{"target": -12.354418243711649, "params": {"colsample_bytree": 0.9337311058538136, "eta": 0.007173001801313171, "gamma": 513.609974286563, "max_depth": 2.0, "min_child_weight": 4255.28035603068, "num_boost_round": 11.0, "subsample": 0.8123770737289695}, "datetime": {"datetime": "2024-01-20 15:39:19", "elapsed": 4525.540768, "delta": 0.005005}}
{"target": -12.35406889731885, "params": {"colsample_bytree": 0.9337311058538136, "eta": 0.007173001801313171, "gamma": 513.609974286563, "max_depth": 2.0, "min_child_weight": 4255.28035603068, "num_boost_round": 12.0, "subsample": 0.8123770737289695}, "datetime": {"datetime": "2024-01-20 15:39:19", "elapsed": 4525.545655, "delta": 0.004887}}
{"target": -12.353734219313544, "params": {"colsample_bytree": 0.9337311058538136, "eta": 0.007173001801313171, "gamma": 513.609974286563, "max_depth": 2.0, "min_child_weight": 4255.28035603068, "num_boost_round": 13.0, "subsample": 0.8123770737289695}, "datetime": {"datetime": "2024-01-20 15:39:19", "elapsed": 4525.550481, "delta": 0.004826}}
{"target": -12.353404335927815, "params": {"colsample_bytree": 0.9337311058538136, "eta": 0.007173001801313171, "gamma": 513.609974286563, "max_depth": 2.0, "min_child_weight": 4255.28035603068, "num_boost_round": 14.0, "subsample": 0.8123770737289695}, "datetime": {"datetime": "2024-01-20 15:39:19", "elapsed": 4525.555366, "delta": 0.004885}}
{"target": -12.35307109076338, "params": {"colsample_bytree": 0.9337311058538136, "eta": 0.007173001801313171, "gamma": 513.609974286563, "max_depth": 2.0, "min_child_weight": 4255.28035603068, "num_boost_round": 15.0, "subsample": 0.8123770737289695}, "datetime": {"datetime": "2024-01-20 15:39:19", "elapsed": 4525.560645, "delta": 0.005279}}
{"target": -12.352739360385366, "params": {"colsample_bytree": 0.9337311058538136, "eta": 0.007173001801313171, "gamma": 513.609974286563, "max_depth": 2.0, "min_child_weight": 4255.28035603068, "num_boost_round": 16.0, "subsample": 0.8123770737289695}, "datetime": {"datetime": "2024-01-20 15:39:19", "elapsed": 4525.56577, "delta": 0.005125}}
{"target": -12.352423650444631, "params": {"colsample_bytree": 0.9337311058538136, "eta": 0.007173001801313171, "gamma": 513.609974286563, "max_depth": 2.0, "min_child_weight": 4255.28035603068, "num_boost_round": 17.0, "subsample": 0.8123770737289695}, "datetime": {"datetime": "2024-01-20 15:39:19", "elapsed": 4525.570965, "delta": 0.005195}}
{"target": -12.35227407662659, "params": {"colsample_bytree": 0.9337311058538136, "eta": 0.007173001801313171, "gamma": 513.609974286563, "max_depth": 2.0, "min_child_weight": 4255.28035603068, "num_boost_round": 18.0, "subsample": 0.8123770737289695}, "datetime": {"datetime": "2024-01-20 15:39:19", "elapsed": 4525.576236, "delta": 0.005271}}
{"target": -12.352142827649793, "params": {"colsample_bytree": 0.9337311058538136, "eta": 0.007173001801313171, "gamma": 513.609974286563, "max_depth": 2.0, "min_child_weight": 4255.28035603068, "num_boost_round": 19.0, "subsample": 0.8123770737289695}, "datetime": {"datetime": "2024-01-20 15:39:19", "elapsed": 4525.581586, "delta": 0.00535}}
