{"target": -10.306685802699647, "params": {"colsample_bytree": 0.33110905583707906, "eta": 0.06473287704083412, "gamma": 667.2308588413113, "max_depth": 7.0, "min_child_weight": 3837.1319748050137, "num_boost_round": 28.0, "subsample": 0.6316602837161795}, "datetime": {"datetime": "2024-01-20 14:12:35", "elapsed": 3052.813676, "delta": 0.001872}}
{"target": -10.307073005357664, "params": {"colsample_bytree": 0.33110905583707906, "eta": 0.06473287704083412, "gamma": 667.2308588413113, "max_depth": 7.0, "min_child_weight": 3837.1319748050137, "num_boost_round": 29.0, "subsample": 0.6316602837161795}, "datetime": {"datetime": "2024-01-20 14:12:35", "elapsed": 3052.815552, "delta": 0.001876}}
{"target": -10.307263633411901, "params": {"colsample_bytree": 0.33110905583707906, "eta": 0.06473287704083412, "gamma": 667.2308588413113, "max_depth": 7.0, "min_child_weight": 3837.1319748050137, "num_boost_round": 30.0, "subsample": 0.6316602837161795}, "datetime": {"datetime": "2024-01-20 14:12:35", "elapsed": 3052.8175, "delta": 0.001948}}
{"target": -10.307429821075843, "params": {"colsample_bytree": 0.33110905583707906, "eta": 0.06473287704083412, "gamma": 667.2308588413113, "max_depth": 7.0, "min_child_weight": 3837.1319748050137, "num_boost_round": 31.0, "subsample": 0.6316602837161795}, "datetime": {"datetime": "2024-01-20 14:12:35", "elapsed": 3052.819353, "delta": 0.001853}}
{"target": -10.307887929052816, "params": {"colsample_bytree": 0.33110905583707906, "eta": 0.06473287704083412, "gamma": 667.2308588413113, "max_depth": 7.0, "min_child_weight": 3837.1319748050137, "num_boost_round": 32.0, "subsample": 0.6316602837161795}, "datetime": {"datetime": "2024-01-20 14:12:35", "elapsed": 3052.821208, "delta": 0.001855}}
{"target": -10.308323600438296, "params": {"colsample_bytree": 0.33110905583707906, "eta": 0.06473287704083412, "gamma": 667.2308588413113, "max_depth": 7.0, "min_child_weight": 3837.1319748050137, "num_boost_round": 33.0, "subsample": 0.6316602837161795}, "datetime": {"datetime": "2024-01-20 14:12:35", "elapsed": 3052.823226, "delta": 0.002018}}
{"target": -10.308363684022787, "params": {"colsample_bytree": 0.33110905583707906, "eta": 0.06473287704083412, "gamma": 667.2308588413113, "max_depth": 7.0, "min_child_weight": 3837.1319748050137, "num_boost_round": 34.0, "subsample": 0.6316602837161795}, "datetime": {"datetime": "2024-01-20 14:12:35", "elapsed": 3052.825108, "delta": 0.001882}}
{"target": -10.308604738451509, "params": {"colsample_bytree": 0.33110905583707906, "eta": 0.06473287704083412, "gamma": 667.2308588413113, "max_depth": 7.0, "min_child_weight": 3837.1319748050137, "num_boost_round": 35.0, "subsample": 0.6316602837161795}, "datetime": {"datetime": "2024-01-20 14:12:35", "elapsed": 3052.826982, "delta": 0.001874}}
{"target": -10.309090223871213, "params": {"colsample_bytree": 0.33110905583707906, "eta": 0.06473287704083412, "gamma": 667.2308588413113, "max_depth": 7.0, "min_child_weight": 3837.1319748050137, "num_boost_round": 36.0, "subsample": 0.6316602837161795}, "datetime": {"datetime": "2024-01-20 14:12:35", "elapsed": 3052.82971, "delta": 0.002728}}
{"target": -10.309488256532513, "params": {"colsample_bytree": 0.33110905583707906, "eta": 0.06473287704083412, "gamma": 667.2308588413113, "max_depth": 7.0, "min_child_weight": 3837.1319748050137, "num_boost_round": 37.0, "subsample": 0.6316602837161795}, "datetime": {"datetime": "2024-01-20 14:12:35", "elapsed": 3052.831597, "delta": 0.001887}}
{"target": -10.309718477792448, "params": {"colsample_bytree": 0.33110905583707906, "eta": 0.06473287704083412, "gamma": 667.2308588413113, "max_depth": 7.0, "min_child_weight": 3837.1319748050137, "num_boost_round": 38.0, "subsample": 0.6316602837161795}, "datetime": {"datetime": "2024-01-20 14:12:35", "elapsed": 3052.833499, "delta": 0.001902}}
{"target": -10.309945351119088, "params": {"colsample_bytree": 0.33110905583707906, "eta": 0.06473287704083412, "gamma": 667.2308588413113, "max_depth": 7.0, "min_child_weight": 3837.1319748050137, "num_boost_round": 39.0, "subsample": 0.6316602837161795}, "datetime": {"datetime": "2024-01-20 14:12:35", "elapsed": 3052.835365, "delta": 0.001866}}
{"target": -10.3100287714685, "params": {"colsample_bytree": 0.33110905583707906, "eta": 0.06473287704083412, "gamma": 667.2308588413113, "max_depth": 7.0, "min_child_weight": 3837.1319748050137, "num_boost_round": 40.0, "subsample": 0.6316602837161795}, "datetime": {"datetime": "2024-01-20 14:12:35", "elapsed": 3052.838025, "delta": 0.00266}}
{"target": -10.310063020838918, "params": {"colsample_bytree": 0.33110905583707906, "eta": 0.06473287704083412, "gamma": 667.2308588413113, "max_depth": 7.0, "min_child_weight": 3837.1319748050137, "num_boost_round": 41.0, "subsample": 0.6316602837161795}, "datetime": {"datetime": "2024-01-20 14:12:35", "elapsed": 3052.84029, "delta": 0.002265}}
{"target": -10.3103429110596, "params": {"colsample_bytree": 0.33110905583707906, "eta": 0.06473287704083412, "gamma": 667.2308588413113, "max_depth": 7.0, "min_child_weight": 3837.1319748050137, "num_boost_round": 42.0, "subsample": 0.6316602837161795}, "datetime": {"datetime": "2024-01-20 14:12:35", "elapsed": 3052.842367, "delta": 0.002077}}
{"target": -10.310449255876598, "params": {"colsample_bytree": 0.33110905583707906, "eta": 0.06473287704083412, "gamma": 667.2308588413113, "max_depth": 7.0, "min_child_weight": 3837.1319748050137, "num_boost_round": 43.0, "subsample": 0.6316602837161795}, "datetime": {"datetime": "2024-01-20 14:12:35", "elapsed": 3052.844316, "delta": 0.001949}}
{"target": -10.31100288747832, "params": {"colsample_bytree": 0.33110905583707906, "eta": 0.06473287704083412, "gamma": 667.2308588413113, "max_depth": 7.0, "min_child_weight": 3837.1319748050137, "num_boost_round": 44.0, "subsample": 0.6316602837161795}, "datetime": {"datetime": "2024-01-20 14:12:35", "elapsed": 3052.846225, "delta": 0.001909}}
{"target": -10.311432802622535, "params": {"colsample_bytree": 0.33110905583707906, "eta": 0.06473287704083412, "gamma": 667.2308588413113, "max_depth": 7.0, "min_child_weight": 3837.1319748050137, "num_boost_round": 45.0, "subsample": 0.6316602837161795}, "datetime": {"datetime": "2024-01-20 14:12:35", "elapsed": 3052.848195, "delta": 0.00197}}
{"target": -10.311576274726338, "params": {"colsample_bytree": 0.33110905583707906, "eta": 0.06473287704083412, "gamma": 667.2308588413113, "max_depth": 7.0, "min_child_weight": 3837.1319748050137, "num_boost_round": 46.0, "subsample": 0.6316602837161795}, "datetime": {"datetime": "2024-01-20 14:12:35", "elapsed": 3052.850142, "delta": 0.001947}}
{"target": -10.298340977708982, "params": {"colsample_bytree": 0.36321552286769543, "eta": 0.018802762170126528, "gamma": 99.93377292988903, "max_depth": 6.0, "min_child_weight": 4101.418025984384, "num_boost_round": 1.0, "subsample": 0.8644789585117084}, "datetime": {"datetime": "2024-01-20 14:13:06", "elapsed": 3084.332924, "delta": 31.482782}}
{"target": -10.29835920503865, "params": {"colsample_bytree": 0.36321552286769543, "eta": 0.018802762170126528, "gamma": 99.93377292988903, "max_depth": 6.0, "min_child_weight": 4101.418025984384, "num_boost_round": 2.0, "subsample": 0.8644789585117084}, "datetime": {"datetime": "2024-01-20 14:13:06", "elapsed": 3084.337617, "delta": 0.004693}}
{"target": -10.298448728015474, "params": {"colsample_bytree": 0.36321552286769543, "eta": 0.018802762170126528, "gamma": 99.93377292988903, "max_depth": 6.0, "min_child_weight": 4101.418025984384, "num_boost_round": 3.0, "subsample": 0.8644789585117084}, "datetime": {"datetime": "2024-01-20 14:13:06", "elapsed": 3084.340226, "delta": 0.002609}}
{"target": -10.298523566789108, "params": {"colsample_bytree": 0.36321552286769543, "eta": 0.018802762170126528, "gamma": 99.93377292988903, "max_depth": 6.0, "min_child_weight": 4101.418025984384, "num_boost_round": 4.0, "subsample": 0.8644789585117084}, "datetime": {"datetime": "2024-01-20 14:13:06", "elapsed": 3084.343693, "delta": 0.003467}}
{"target": -10.298576286286902, "params": {"colsample_bytree": 0.36321552286769543, "eta": 0.018802762170126528, "gamma": 99.93377292988903, "max_depth": 6.0, "min_child_weight": 4101.418025984384, "num_boost_round": 5.0, "subsample": 0.8644789585117084}, "datetime": {"datetime": "2024-01-20 14:13:06", "elapsed": 3084.346164, "delta": 0.002471}}
{"target": -10.298618580926686, "params": {"colsample_bytree": 0.36321552286769543, "eta": 0.018802762170126528, "gamma": 99.93377292988903, "max_depth": 6.0, "min_child_weight": 4101.418025984384, "num_boost_round": 6.0, "subsample": 0.8644789585117084}, "datetime": {"datetime": "2024-01-20 14:13:06", "elapsed": 3084.34844, "delta": 0.002276}}
{"target": -10.298592844193934, "params": {"colsample_bytree": 0.36321552286769543, "eta": 0.018802762170126528, "gamma": 99.93377292988903, "max_depth": 6.0, "min_child_weight": 4101.418025984384, "num_boost_round": 7.0, "subsample": 0.8644789585117084}, "datetime": {"datetime": "2024-01-20 14:13:06", "elapsed": 3084.350641, "delta": 0.002201}}
{"target": -10.298592224511602, "params": {"colsample_bytree": 0.36321552286769543, "eta": 0.018802762170126528, "gamma": 99.93377292988903, "max_depth": 6.0, "min_child_weight": 4101.418025984384, "num_boost_round": 8.0, "subsample": 0.8644789585117084}, "datetime": {"datetime": "2024-01-20 14:13:06", "elapsed": 3084.352859, "delta": 0.002218}}
{"target": -10.298660331799399, "params": {"colsample_bytree": 0.36321552286769543, "eta": 0.018802762170126528, "gamma": 99.93377292988903, "max_depth": 6.0, "min_child_weight": 4101.418025984384, "num_boost_round": 9.0, "subsample": 0.8644789585117084}, "datetime": {"datetime": "2024-01-20 14:13:06", "elapsed": 3084.355109, "delta": 0.00225}}
{"target": -10.297902306698306, "params": {"colsample_bytree": 0.36037935218881434, "eta": 0.07766286410183894, "gamma": 776.488679380772, "max_depth": 5.0, "min_child_weight": 4251.197959902032, "num_boost_round": 1.0, "subsample": 0.5252555953610032}, "datetime": {"datetime": "2024-01-20 14:13:33", "elapsed": 3111.175446, "delta": 26.820337}}
{"target": -10.29805792982831, "params": {"colsample_bytree": 0.36037935218881434, "eta": 0.07766286410183894, "gamma": 776.488679380772, "max_depth": 5.0, "min_child_weight": 4251.197959902032, "num_boost_round": 2.0, "subsample": 0.5252555953610032}, "datetime": {"datetime": "2024-01-20 14:13:33", "elapsed": 3111.181279, "delta": 0.005833}}
{"target": -10.298449652403711, "params": {"colsample_bytree": 0.6265039637044293, "eta": 0.01736587044359072, "gamma": 836.2510740124835, "max_depth": 8.0, "min_child_weight": 4238.300686583926, "num_boost_round": 1.0, "subsample": 0.37615549395480186}, "datetime": {"datetime": "2024-01-20 14:14:04", "elapsed": 3142.64946, "delta": 31.468181}}
{"target": -10.298488438460877, "params": {"colsample_bytree": 0.6265039637044293, "eta": 0.01736587044359072, "gamma": 836.2510740124835, "max_depth": 8.0, "min_child_weight": 4238.300686583926, "num_boost_round": 2.0, "subsample": 0.37615549395480186}, "datetime": {"datetime": "2024-01-20 14:14:04", "elapsed": 3142.654973, "delta": 0.005513}}
{"target": -10.298437758439682, "params": {"colsample_bytree": 0.6265039637044293, "eta": 0.01736587044359072, "gamma": 836.2510740124835, "max_depth": 8.0, "min_child_weight": 4238.300686583926, "num_boost_round": 3.0, "subsample": 0.37615549395480186}, "datetime": {"datetime": "2024-01-20 14:14:04", "elapsed": 3142.657879, "delta": 0.002906}}
{"target": -10.298397060094006, "params": {"colsample_bytree": 0.9281200077809424, "eta": 0.037443401509394125, "gamma": 794.5308498651107, "max_depth": 5.0, "min_child_weight": 4380.142141481762, "num_boost_round": 1.0, "subsample": 0.9659395573408407}, "datetime": {"datetime": "2024-01-20 14:14:34", "elapsed": 3172.499878, "delta": 29.841999}}
{"target": -10.298398774261866, "params": {"colsample_bytree": 0.9281200077809424, "eta": 0.037443401509394125, "gamma": 794.5308498651107, "max_depth": 5.0, "min_child_weight": 4380.142141481762, "num_boost_round": 2.0, "subsample": 0.9659395573408407}, "datetime": {"datetime": "2024-01-20 14:14:34", "elapsed": 3172.503257, "delta": 0.003379}}
{"target": -10.298487013643248, "params": {"colsample_bytree": 0.7968841513275904, "eta": 0.05163243318927237, "gamma": 508.8420037247656, "max_depth": 2.0, "min_child_weight": 4191.160361138157, "num_boost_round": 1.0, "subsample": 0.32251951973042775}, "datetime": {"datetime": "2024-01-20 14:15:01", "elapsed": 3198.80019, "delta": 26.296933}}
{"target": -10.298551165420996, "params": {"colsample_bytree": 0.7968841513275904, "eta": 0.05163243318927237, "gamma": 508.8420037247656, "max_depth": 2.0, "min_child_weight": 4191.160361138157, "num_boost_round": 2.0, "subsample": 0.32251951973042775}, "datetime": {"datetime": "2024-01-20 14:15:01", "elapsed": 3198.802924, "delta": 0.002734}}
{"target": -10.298822528295219, "params": {"colsample_bytree": 0.7968841513275904, "eta": 0.05163243318927237, "gamma": 508.8420037247656, "max_depth": 2.0, "min_child_weight": 4191.160361138157, "num_boost_round": 3.0, "subsample": 0.32251951973042775}, "datetime": {"datetime": "2024-01-20 14:15:01", "elapsed": 3198.806336, "delta": 0.003412}}
{"target": -10.299041843683813, "params": {"colsample_bytree": 0.7968841513275904, "eta": 0.05163243318927237, "gamma": 508.8420037247656, "max_depth": 2.0, "min_child_weight": 4191.160361138157, "num_boost_round": 4.0, "subsample": 0.32251951973042775}, "datetime": {"datetime": "2024-01-20 14:15:01", "elapsed": 3198.809053, "delta": 0.002717}}
{"target": -10.298497050515419, "params": {"colsample_bytree": 0.5346451113214865, "eta": 0.005910688328856161, "gamma": 251.6432870019396, "max_depth": 3.0, "min_child_weight": 4107.147096133024, "num_boost_round": 1.0, "subsample": 0.7419023076387417}, "datetime": {"datetime": "2024-01-20 14:15:24", "elapsed": 3222.13963, "delta": 23.330577}}
{"target": -10.298491427170127, "params": {"colsample_bytree": 0.5346451113214865, "eta": 0.005910688328856161, "gamma": 251.6432870019396, "max_depth": 3.0, "min_child_weight": 4107.147096133024, "num_boost_round": 2.0, "subsample": 0.7419023076387417}, "datetime": {"datetime": "2024-01-20 14:15:24", "elapsed": 3222.142439, "delta": 0.002809}}
{"target": -10.29821381249375, "params": {"colsample_bytree": 0.1513441923728588, "eta": 0.05316352643011307, "gamma": 387.87851307486864, "max_depth": 5.0, "min_child_weight": 4456.296472529135, "num_boost_round": 1.0, "subsample": 0.41300748648419183}, "datetime": {"datetime": "2024-01-20 14:15:53", "elapsed": 3250.83246, "delta": 28.690021}}
{"target": -10.298377842751858, "params": {"colsample_bytree": 0.9267773265623495, "eta": 0.02406649587647509, "gamma": 341.10585607135965, "max_depth": 8.0, "min_child_weight": 4487.290682080187, "num_boost_round": 1.0, "subsample": 0.7435670754714939}, "datetime": {"datetime": "2024-01-20 14:16:19", "elapsed": 3277.136394, "delta": 26.303934}}
{"target": -10.298312534638608, "params": {"colsample_bytree": 0.9267773265623495, "eta": 0.02406649587647509, "gamma": 341.10585607135965, "max_depth": 8.0, "min_child_weight": 4487.290682080187, "num_boost_round": 2.0, "subsample": 0.7435670754714939}, "datetime": {"datetime": "2024-01-20 14:16:19", "elapsed": 3277.140065, "delta": 0.003671}}
{"target": -10.298323553865401, "params": {"colsample_bytree": 0.9267773265623495, "eta": 0.02406649587647509, "gamma": 341.10585607135965, "max_depth": 8.0, "min_child_weight": 4487.290682080187, "num_boost_round": 3.0, "subsample": 0.7435670754714939}, "datetime": {"datetime": "2024-01-20 14:16:19", "elapsed": 3277.143374, "delta": 0.003309}}
{"target": -10.298258571545059, "params": {"colsample_bytree": 0.3814286018159927, "eta": 0.01945159201556649, "gamma": 440.17271944289547, "max_depth": 8.0, "min_child_weight": 3989.693602507919, "num_boost_round": 1.0, "subsample": 0.27821035582239917}, "datetime": {"datetime": "2024-01-20 14:16:47", "elapsed": 3305.563739, "delta": 28.420365}}
{"target": -10.29824274866949, "params": {"colsample_bytree": 0.3814286018159927, "eta": 0.01945159201556649, "gamma": 440.17271944289547, "max_depth": 8.0, "min_child_weight": 3989.693602507919, "num_boost_round": 2.0, "subsample": 0.27821035582239917}, "datetime": {"datetime": "2024-01-20 14:16:47", "elapsed": 3305.569351, "delta": 0.005612}}
{"target": -10.298272744403171, "params": {"colsample_bytree": 0.3814286018159927, "eta": 0.01945159201556649, "gamma": 440.17271944289547, "max_depth": 8.0, "min_child_weight": 3989.693602507919, "num_boost_round": 3.0, "subsample": 0.27821035582239917}, "datetime": {"datetime": "2024-01-20 14:16:47", "elapsed": 3305.572058, "delta": 0.002707}}
{"target": -10.297864316150246, "params": {"colsample_bytree": 0.33335152708447824, "eta": 0.09416998359418563, "gamma": 387.23143874318345, "max_depth": 7.0, "min_child_weight": 4527.0134323295115, "num_boost_round": 1.0, "subsample": 0.855572288226839}, "datetime": {"datetime": "2024-01-20 14:17:44", "elapsed": 3361.988826, "delta": 56.416768}}
{"target": -10.297911617419782, "params": {"colsample_bytree": 0.33335152708447824, "eta": 0.09416998359418563, "gamma": 387.23143874318345, "max_depth": 7.0, "min_child_weight": 4527.0134323295115, "num_boost_round": 2.0, "subsample": 0.855572288226839}, "datetime": {"datetime": "2024-01-20 14:17:44", "elapsed": 3361.991805, "delta": 0.002979}}
{"target": -10.298332948886209, "params": {"colsample_bytree": 0.33335152708447824, "eta": 0.09416998359418563, "gamma": 387.23143874318345, "max_depth": 7.0, "min_child_weight": 4527.0134323295115, "num_boost_round": 3.0, "subsample": 0.855572288226839}, "datetime": {"datetime": "2024-01-20 14:17:44", "elapsed": 3361.994616, "delta": 0.002811}}
{"target": -10.29878155671116, "params": {"colsample_bytree": 0.33335152708447824, "eta": 0.09416998359418563, "gamma": 387.23143874318345, "max_depth": 7.0, "min_child_weight": 4527.0134323295115, "num_boost_round": 4.0, "subsample": 0.855572288226839}, "datetime": {"datetime": "2024-01-20 14:17:44", "elapsed": 3361.997847, "delta": 0.003231}}
{"target": -10.2998613427201, "params": {"colsample_bytree": 0.33335152708447824, "eta": 0.09416998359418563, "gamma": 387.23143874318345, "max_depth": 7.0, "min_child_weight": 4527.0134323295115, "num_boost_round": 5.0, "subsample": 0.855572288226839}, "datetime": {"datetime": "2024-01-20 14:17:44", "elapsed": 3362.000267, "delta": 0.00242}}
{"target": -10.300716873148666, "params": {"colsample_bytree": 0.33335152708447824, "eta": 0.09416998359418563, "gamma": 387.23143874318345, "max_depth": 7.0, "min_child_weight": 4527.0134323295115, "num_boost_round": 6.0, "subsample": 0.855572288226839}, "datetime": {"datetime": "2024-01-20 14:17:44", "elapsed": 3362.002525, "delta": 0.002258}}
{"target": -10.30154725431338, "params": {"colsample_bytree": 0.33335152708447824, "eta": 0.09416998359418563, "gamma": 387.23143874318345, "max_depth": 7.0, "min_child_weight": 4527.0134323295115, "num_boost_round": 7.0, "subsample": 0.855572288226839}, "datetime": {"datetime": "2024-01-20 14:17:44", "elapsed": 3362.004601, "delta": 0.002076}}
{"target": -10.302116702230327, "params": {"colsample_bytree": 0.33335152708447824, "eta": 0.09416998359418563, "gamma": 387.23143874318345, "max_depth": 7.0, "min_child_weight": 4527.0134323295115, "num_boost_round": 8.0, "subsample": 0.855572288226839}, "datetime": {"datetime": "2024-01-20 14:17:44", "elapsed": 3362.006748, "delta": 0.002147}}
{"target": -10.302985017340315, "params": {"colsample_bytree": 0.33335152708447824, "eta": 0.09416998359418563, "gamma": 387.23143874318345, "max_depth": 7.0, "min_child_weight": 4527.0134323295115, "num_boost_round": 9.0, "subsample": 0.855572288226839}, "datetime": {"datetime": "2024-01-20 14:17:44", "elapsed": 3362.009079, "delta": 0.002331}}
{"target": -10.304044879535844, "params": {"colsample_bytree": 0.33335152708447824, "eta": 0.09416998359418563, "gamma": 387.23143874318345, "max_depth": 7.0, "min_child_weight": 4527.0134323295115, "num_boost_round": 10.0, "subsample": 0.855572288226839}, "datetime": {"datetime": "2024-01-20 14:17:44", "elapsed": 3362.011277, "delta": 0.002198}}
{"target": -10.304431665151155, "params": {"colsample_bytree": 0.33335152708447824, "eta": 0.09416998359418563, "gamma": 387.23143874318345, "max_depth": 7.0, "min_child_weight": 4527.0134323295115, "num_boost_round": 11.0, "subsample": 0.855572288226839}, "datetime": {"datetime": "2024-01-20 14:17:44", "elapsed": 3362.013379, "delta": 0.002102}}
{"target": -10.304883815202743, "params": {"colsample_bytree": 0.33335152708447824, "eta": 0.09416998359418563, "gamma": 387.23143874318345, "max_depth": 7.0, "min_child_weight": 4527.0134323295115, "num_boost_round": 12.0, "subsample": 0.855572288226839}, "datetime": {"datetime": "2024-01-20 14:17:44", "elapsed": 3362.015495, "delta": 0.002116}}
{"target": -10.305170714373403, "params": {"colsample_bytree": 0.33335152708447824, "eta": 0.09416998359418563, "gamma": 387.23143874318345, "max_depth": 7.0, "min_child_weight": 4527.0134323295115, "num_boost_round": 13.0, "subsample": 0.855572288226839}, "datetime": {"datetime": "2024-01-20 14:17:44", "elapsed": 3362.017614, "delta": 0.002119}}
{"target": -10.305583515246068, "params": {"colsample_bytree": 0.33335152708447824, "eta": 0.09416998359418563, "gamma": 387.23143874318345, "max_depth": 7.0, "min_child_weight": 4527.0134323295115, "num_boost_round": 14.0, "subsample": 0.855572288226839}, "datetime": {"datetime": "2024-01-20 14:17:44", "elapsed": 3362.019668, "delta": 0.002054}}
{"target": -10.306269095691954, "params": {"colsample_bytree": 0.33335152708447824, "eta": 0.09416998359418563, "gamma": 387.23143874318345, "max_depth": 7.0, "min_child_weight": 4527.0134323295115, "num_boost_round": 15.0, "subsample": 0.855572288226839}, "datetime": {"datetime": "2024-01-20 14:17:44", "elapsed": 3362.02178, "delta": 0.002112}}
