{"target": -10.476547596518426, "params": {"colsample_bytree": 0.3874331404923843, "eta": 0.028598446865443557, "gamma": 660.0677857102602, "max_depth": 3.0, "min_child_weight": 4621.224490470273, "num_boost_round": 38.0, "subsample": 0.3411017327998196}, "datetime": {"datetime": "2024-01-20 16:16:46", "elapsed": 10298.757821, "delta": 0.00618}}
{"target": -10.47660276372203, "params": {"colsample_bytree": 0.3874331404923843, "eta": 0.028598446865443557, "gamma": 660.0677857102602, "max_depth": 3.0, "min_child_weight": 4621.224490470273, "num_boost_round": 39.0, "subsample": 0.3411017327998196}, "datetime": {"datetime": "2024-01-20 16:16:46", "elapsed": 10298.764071, "delta": 0.00625}}
{"target": -10.476762614367019, "params": {"colsample_bytree": 0.3874331404923843, "eta": 0.028598446865443557, "gamma": 660.0677857102602, "max_depth": 3.0, "min_child_weight": 4621.224490470273, "num_boost_round": 40.0, "subsample": 0.3411017327998196}, "datetime": {"datetime": "2024-01-20 16:16:46", "elapsed": 10298.770294, "delta": 0.006223}}
{"target": -10.476669031354888, "params": {"colsample_bytree": 0.3874331404923843, "eta": 0.028598446865443557, "gamma": 660.0677857102602, "max_depth": 3.0, "min_child_weight": 4621.224490470273, "num_boost_round": 41.0, "subsample": 0.3411017327998196}, "datetime": {"datetime": "2024-01-20 16:16:46", "elapsed": 10298.776453, "delta": 0.006159}}
{"target": -10.476763393740631, "params": {"colsample_bytree": 0.3874331404923843, "eta": 0.028598446865443557, "gamma": 660.0677857102602, "max_depth": 3.0, "min_child_weight": 4621.224490470273, "num_boost_round": 42.0, "subsample": 0.3411017327998196}, "datetime": {"datetime": "2024-01-20 16:16:46", "elapsed": 10298.782683, "delta": 0.00623}}
{"target": -10.476845181834046, "params": {"colsample_bytree": 0.3874331404923843, "eta": 0.028598446865443557, "gamma": 660.0677857102602, "max_depth": 3.0, "min_child_weight": 4621.224490470273, "num_boost_round": 43.0, "subsample": 0.3411017327998196}, "datetime": {"datetime": "2024-01-20 16:16:46", "elapsed": 10298.788951, "delta": 0.006268}}
{"target": -10.476810973336018, "params": {"colsample_bytree": 0.3874331404923843, "eta": 0.028598446865443557, "gamma": 660.0677857102602, "max_depth": 3.0, "min_child_weight": 4621.224490470273, "num_boost_round": 44.0, "subsample": 0.3411017327998196}, "datetime": {"datetime": "2024-01-20 16:16:46", "elapsed": 10298.795604, "delta": 0.006653}}
{"target": -10.476851252151667, "params": {"colsample_bytree": 0.3874331404923843, "eta": 0.028598446865443557, "gamma": 660.0677857102602, "max_depth": 3.0, "min_child_weight": 4621.224490470273, "num_boost_round": 45.0, "subsample": 0.3411017327998196}, "datetime": {"datetime": "2024-01-20 16:16:46", "elapsed": 10298.802157, "delta": 0.006553}}
{"target": -10.476931445246091, "params": {"colsample_bytree": 0.3874331404923843, "eta": 0.028598446865443557, "gamma": 660.0677857102602, "max_depth": 3.0, "min_child_weight": 4621.224490470273, "num_boost_round": 46.0, "subsample": 0.3411017327998196}, "datetime": {"datetime": "2024-01-20 16:16:46", "elapsed": 10298.808568, "delta": 0.006411}}
{"target": -10.47697558021769, "params": {"colsample_bytree": 0.3874331404923843, "eta": 0.028598446865443557, "gamma": 660.0677857102602, "max_depth": 3.0, "min_child_weight": 4621.224490470273, "num_boost_round": 47.0, "subsample": 0.3411017327998196}, "datetime": {"datetime": "2024-01-20 16:16:46", "elapsed": 10298.817303, "delta": 0.008735}}
{"target": -10.476903197083166, "params": {"colsample_bytree": 0.3874331404923843, "eta": 0.028598446865443557, "gamma": 660.0677857102602, "max_depth": 3.0, "min_child_weight": 4621.224490470273, "num_boost_round": 48.0, "subsample": 0.3411017327998196}, "datetime": {"datetime": "2024-01-20 16:16:46", "elapsed": 10298.824944, "delta": 0.007641}}
{"target": -10.477004383622724, "params": {"colsample_bytree": 0.3874331404923843, "eta": 0.028598446865443557, "gamma": 660.0677857102602, "max_depth": 3.0, "min_child_weight": 4621.224490470273, "num_boost_round": 49.0, "subsample": 0.3411017327998196}, "datetime": {"datetime": "2024-01-20 16:16:46", "elapsed": 10298.83135, "delta": 0.006406}}
{"target": -10.477055087563375, "params": {"colsample_bytree": 0.3874331404923843, "eta": 0.028598446865443557, "gamma": 660.0677857102602, "max_depth": 3.0, "min_child_weight": 4621.224490470273, "num_boost_round": 50.0, "subsample": 0.3411017327998196}, "datetime": {"datetime": "2024-01-20 16:16:46", "elapsed": 10298.837701, "delta": 0.006351}}
{"target": -10.477089490848847, "params": {"colsample_bytree": 0.3874331404923843, "eta": 0.028598446865443557, "gamma": 660.0677857102602, "max_depth": 3.0, "min_child_weight": 4621.224490470273, "num_boost_round": 51.0, "subsample": 0.3411017327998196}, "datetime": {"datetime": "2024-01-20 16:16:46", "elapsed": 10298.844046, "delta": 0.006345}}
{"target": -10.477095604209115, "params": {"colsample_bytree": 0.3874331404923843, "eta": 0.028598446865443557, "gamma": 660.0677857102602, "max_depth": 3.0, "min_child_weight": 4621.224490470273, "num_boost_round": 52.0, "subsample": 0.3411017327998196}, "datetime": {"datetime": "2024-01-20 16:16:46", "elapsed": 10298.85059, "delta": 0.006544}}
{"target": -10.477182058938613, "params": {"colsample_bytree": 0.3874331404923843, "eta": 0.028598446865443557, "gamma": 660.0677857102602, "max_depth": 3.0, "min_child_weight": 4621.224490470273, "num_boost_round": 53.0, "subsample": 0.3411017327998196}, "datetime": {"datetime": "2024-01-20 16:16:46", "elapsed": 10298.856848, "delta": 0.006258}}
{"target": -10.4772326967966, "params": {"colsample_bytree": 0.3874331404923843, "eta": 0.028598446865443557, "gamma": 660.0677857102602, "max_depth": 3.0, "min_child_weight": 4621.224490470273, "num_boost_round": 54.0, "subsample": 0.3411017327998196}, "datetime": {"datetime": "2024-01-20 16:16:46", "elapsed": 10298.863136, "delta": 0.006288}}
{"target": -10.47726976448753, "params": {"colsample_bytree": 0.3874331404923843, "eta": 0.028598446865443557, "gamma": 660.0677857102602, "max_depth": 3.0, "min_child_weight": 4621.224490470273, "num_boost_round": 55.0, "subsample": 0.3411017327998196}, "datetime": {"datetime": "2024-01-20 16:16:46", "elapsed": 10298.869325, "delta": 0.006189}}
{"target": -10.477348153200609, "params": {"colsample_bytree": 0.3874331404923843, "eta": 0.028598446865443557, "gamma": 660.0677857102602, "max_depth": 3.0, "min_child_weight": 4621.224490470273, "num_boost_round": 56.0, "subsample": 0.3411017327998196}, "datetime": {"datetime": "2024-01-20 16:16:46", "elapsed": 10298.87593, "delta": 0.006605}}
{"target": -10.477453771000743, "params": {"colsample_bytree": 0.3874331404923843, "eta": 0.028598446865443557, "gamma": 660.0677857102602, "max_depth": 3.0, "min_child_weight": 4621.224490470273, "num_boost_round": 57.0, "subsample": 0.3411017327998196}, "datetime": {"datetime": "2024-01-20 16:16:46", "elapsed": 10298.882505, "delta": 0.006575}}
{"target": -10.47752994702423, "params": {"colsample_bytree": 0.3874331404923843, "eta": 0.028598446865443557, "gamma": 660.0677857102602, "max_depth": 3.0, "min_child_weight": 4621.224490470273, "num_boost_round": 58.0, "subsample": 0.3411017327998196}, "datetime": {"datetime": "2024-01-20 16:16:46", "elapsed": 10298.889083, "delta": 0.006578}}
{"target": -10.477504114314966, "params": {"colsample_bytree": 0.3874331404923843, "eta": 0.028598446865443557, "gamma": 660.0677857102602, "max_depth": 3.0, "min_child_weight": 4621.224490470273, "num_boost_round": 59.0, "subsample": 0.3411017327998196}, "datetime": {"datetime": "2024-01-20 16:16:46", "elapsed": 10298.895526, "delta": 0.006443}}
{"target": -10.477423994090996, "params": {"colsample_bytree": 0.3874331404923843, "eta": 0.028598446865443557, "gamma": 660.0677857102602, "max_depth": 3.0, "min_child_weight": 4621.224490470273, "num_boost_round": 60.0, "subsample": 0.3411017327998196}, "datetime": {"datetime": "2024-01-20 16:16:46", "elapsed": 10298.901952, "delta": 0.006426}}
{"target": -10.477464958514435, "params": {"colsample_bytree": 0.3874331404923843, "eta": 0.028598446865443557, "gamma": 660.0677857102602, "max_depth": 3.0, "min_child_weight": 4621.224490470273, "num_boost_round": 61.0, "subsample": 0.3411017327998196}, "datetime": {"datetime": "2024-01-20 16:16:46", "elapsed": 10298.908211, "delta": 0.006259}}
{"target": -10.477506355932624, "params": {"colsample_bytree": 0.3874331404923843, "eta": 0.028598446865443557, "gamma": 660.0677857102602, "max_depth": 3.0, "min_child_weight": 4621.224490470273, "num_boost_round": 62.0, "subsample": 0.3411017327998196}, "datetime": {"datetime": "2024-01-20 16:16:46", "elapsed": 10298.914461, "delta": 0.00625}}
{"target": -10.477641009424572, "params": {"colsample_bytree": 0.3874331404923843, "eta": 0.028598446865443557, "gamma": 660.0677857102602, "max_depth": 3.0, "min_child_weight": 4621.224490470273, "num_boost_round": 63.0, "subsample": 0.3411017327998196}, "datetime": {"datetime": "2024-01-20 16:16:46", "elapsed": 10298.920763, "delta": 0.006302}}
{"target": -10.477633075465839, "params": {"colsample_bytree": 0.3874331404923843, "eta": 0.028598446865443557, "gamma": 660.0677857102602, "max_depth": 3.0, "min_child_weight": 4621.224490470273, "num_boost_round": 64.0, "subsample": 0.3411017327998196}, "datetime": {"datetime": "2024-01-20 16:16:46", "elapsed": 10298.926965, "delta": 0.006202}}
{"target": -10.477726121881728, "params": {"colsample_bytree": 0.3874331404923843, "eta": 0.028598446865443557, "gamma": 660.0677857102602, "max_depth": 3.0, "min_child_weight": 4621.224490470273, "num_boost_round": 65.0, "subsample": 0.3411017327998196}, "datetime": {"datetime": "2024-01-20 16:16:46", "elapsed": 10298.933236, "delta": 0.006271}}
{"target": -10.477735713446624, "params": {"colsample_bytree": 0.3874331404923843, "eta": 0.028598446865443557, "gamma": 660.0677857102602, "max_depth": 3.0, "min_child_weight": 4621.224490470273, "num_boost_round": 66.0, "subsample": 0.3411017327998196}, "datetime": {"datetime": "2024-01-20 16:16:46", "elapsed": 10298.939516, "delta": 0.00628}}
{"target": -10.477875126156464, "params": {"colsample_bytree": 0.3874331404923843, "eta": 0.028598446865443557, "gamma": 660.0677857102602, "max_depth": 3.0, "min_child_weight": 4621.224490470273, "num_boost_round": 67.0, "subsample": 0.3411017327998196}, "datetime": {"datetime": "2024-01-20 16:16:46", "elapsed": 10298.945698, "delta": 0.006182}}
{"target": -10.477992037863384, "params": {"colsample_bytree": 0.3874331404923843, "eta": 0.028598446865443557, "gamma": 660.0677857102602, "max_depth": 3.0, "min_child_weight": 4621.224490470273, "num_boost_round": 68.0, "subsample": 0.3411017327998196}, "datetime": {"datetime": "2024-01-20 16:16:46", "elapsed": 10298.95238, "delta": 0.006682}}
{"target": -10.476082649143905, "params": {"colsample_bytree": 0.3606530387001865, "eta": 0.09640298187325426, "gamma": 356.3214831102554, "max_depth": 3.0, "min_child_weight": 4789.906505170786, "num_boost_round": 1.0, "subsample": 0.30913551460221045}, "datetime": {"datetime": "2024-01-20 16:20:02", "elapsed": 10494.571711, "delta": 195.619331}}
{"target": -10.47570938401094, "params": {"colsample_bytree": 0.3606530387001865, "eta": 0.09640298187325426, "gamma": 356.3214831102554, "max_depth": 3.0, "min_child_weight": 4789.906505170786, "num_boost_round": 2.0, "subsample": 0.30913551460221045}, "datetime": {"datetime": "2024-01-20 16:20:02", "elapsed": 10494.581003, "delta": 0.009292}}
{"target": -10.475705462273819, "params": {"colsample_bytree": 0.3606530387001865, "eta": 0.09640298187325426, "gamma": 356.3214831102554, "max_depth": 3.0, "min_child_weight": 4789.906505170786, "num_boost_round": 3.0, "subsample": 0.30913551460221045}, "datetime": {"datetime": "2024-01-20 16:20:02", "elapsed": 10494.588731, "delta": 0.007728}}
{"target": -10.47545815536875, "params": {"colsample_bytree": 0.3606530387001865, "eta": 0.09640298187325426, "gamma": 356.3214831102554, "max_depth": 3.0, "min_child_weight": 4789.906505170786, "num_boost_round": 4.0, "subsample": 0.30913551460221045}, "datetime": {"datetime": "2024-01-20 16:20:02", "elapsed": 10494.595728, "delta": 0.006997}}
{"target": -10.475433064867321, "params": {"colsample_bytree": 0.3606530387001865, "eta": 0.09640298187325426, "gamma": 356.3214831102554, "max_depth": 3.0, "min_child_weight": 4789.906505170786, "num_boost_round": 5.0, "subsample": 0.30913551460221045}, "datetime": {"datetime": "2024-01-20 16:20:02", "elapsed": 10494.60254, "delta": 0.006812}}
{"target": -10.475549142177874, "params": {"colsample_bytree": 0.3606530387001865, "eta": 0.09640298187325426, "gamma": 356.3214831102554, "max_depth": 3.0, "min_child_weight": 4789.906505170786, "num_boost_round": 6.0, "subsample": 0.30913551460221045}, "datetime": {"datetime": "2024-01-20 16:20:02", "elapsed": 10494.609231, "delta": 0.006691}}
{"target": -10.475322895345961, "params": {"colsample_bytree": 0.3606530387001865, "eta": 0.09640298187325426, "gamma": 356.3214831102554, "max_depth": 3.0, "min_child_weight": 4789.906505170786, "num_boost_round": 7.0, "subsample": 0.30913551460221045}, "datetime": {"datetime": "2024-01-20 16:20:02", "elapsed": 10494.61586, "delta": 0.006629}}
{"target": -10.475070973851789, "params": {"colsample_bytree": 0.3606530387001865, "eta": 0.09640298187325426, "gamma": 356.3214831102554, "max_depth": 3.0, "min_child_weight": 4789.906505170786, "num_boost_round": 8.0, "subsample": 0.30913551460221045}, "datetime": {"datetime": "2024-01-20 16:20:02", "elapsed": 10494.622544, "delta": 0.006684}}
{"target": -10.475349862781762, "params": {"colsample_bytree": 0.3606530387001865, "eta": 0.09640298187325426, "gamma": 356.3214831102554, "max_depth": 3.0, "min_child_weight": 4789.906505170786, "num_boost_round": 9.0, "subsample": 0.30913551460221045}, "datetime": {"datetime": "2024-01-20 16:20:02", "elapsed": 10494.629521, "delta": 0.006977}}
{"target": -10.475641704643637, "params": {"colsample_bytree": 0.3606530387001865, "eta": 0.09640298187325426, "gamma": 356.3214831102554, "max_depth": 3.0, "min_child_weight": 4789.906505170786, "num_boost_round": 10.0, "subsample": 0.30913551460221045}, "datetime": {"datetime": "2024-01-20 16:20:02", "elapsed": 10494.636446, "delta": 0.006925}}
{"target": -10.476010370461342, "params": {"colsample_bytree": 0.3606530387001865, "eta": 0.09640298187325426, "gamma": 356.3214831102554, "max_depth": 3.0, "min_child_weight": 4789.906505170786, "num_boost_round": 11.0, "subsample": 0.30913551460221045}, "datetime": {"datetime": "2024-01-20 16:20:02", "elapsed": 10494.643234, "delta": 0.006788}}
{"target": -10.476181882658548, "params": {"colsample_bytree": 0.3606530387001865, "eta": 0.09640298187325426, "gamma": 356.3214831102554, "max_depth": 3.0, "min_child_weight": 4789.906505170786, "num_boost_round": 12.0, "subsample": 0.30913551460221045}, "datetime": {"datetime": "2024-01-20 16:20:02", "elapsed": 10494.6499, "delta": 0.006666}}
{"target": -10.476325295895563, "params": {"colsample_bytree": 0.3606530387001865, "eta": 0.09640298187325426, "gamma": 356.3214831102554, "max_depth": 3.0, "min_child_weight": 4789.906505170786, "num_boost_round": 13.0, "subsample": 0.30913551460221045}, "datetime": {"datetime": "2024-01-20 16:20:02", "elapsed": 10494.656546, "delta": 0.006646}}
{"target": -10.477038828696383, "params": {"colsample_bytree": 0.3606530387001865, "eta": 0.09640298187325426, "gamma": 356.3214831102554, "max_depth": 3.0, "min_child_weight": 4789.906505170786, "num_boost_round": 14.0, "subsample": 0.30913551460221045}, "datetime": {"datetime": "2024-01-20 16:20:02", "elapsed": 10494.663116, "delta": 0.00657}}
{"target": -10.477264652991611, "params": {"colsample_bytree": 0.3606530387001865, "eta": 0.09640298187325426, "gamma": 356.3214831102554, "max_depth": 3.0, "min_child_weight": 4789.906505170786, "num_boost_round": 15.0, "subsample": 0.30913551460221045}, "datetime": {"datetime": "2024-01-20 16:20:02", "elapsed": 10494.669748, "delta": 0.006632}}
{"target": -10.477154550358694, "params": {"colsample_bytree": 0.3606530387001865, "eta": 0.09640298187325426, "gamma": 356.3214831102554, "max_depth": 3.0, "min_child_weight": 4789.906505170786, "num_boost_round": 16.0, "subsample": 0.30913551460221045}, "datetime": {"datetime": "2024-01-20 16:20:02", "elapsed": 10494.676281, "delta": 0.006533}}
{"target": -10.477241146844534, "params": {"colsample_bytree": 0.3606530387001865, "eta": 0.09640298187325426, "gamma": 356.3214831102554, "max_depth": 3.0, "min_child_weight": 4789.906505170786, "num_boost_round": 17.0, "subsample": 0.30913551460221045}, "datetime": {"datetime": "2024-01-20 16:20:02", "elapsed": 10494.68282, "delta": 0.006539}}
{"target": -10.477048057909636, "params": {"colsample_bytree": 0.3606530387001865, "eta": 0.09640298187325426, "gamma": 356.3214831102554, "max_depth": 3.0, "min_child_weight": 4789.906505170786, "num_boost_round": 18.0, "subsample": 0.30913551460221045}, "datetime": {"datetime": "2024-01-20 16:20:02", "elapsed": 10494.689348, "delta": 0.006528}}
{"target": -10.477346518342049, "params": {"colsample_bytree": 0.3606530387001865, "eta": 0.09640298187325426, "gamma": 356.3214831102554, "max_depth": 3.0, "min_child_weight": 4789.906505170786, "num_boost_round": 19.0, "subsample": 0.30913551460221045}, "datetime": {"datetime": "2024-01-20 16:20:02", "elapsed": 10494.695782, "delta": 0.006434}}
{"target": -10.477357261625112, "params": {"colsample_bytree": 0.3606530387001865, "eta": 0.09640298187325426, "gamma": 356.3214831102554, "max_depth": 3.0, "min_child_weight": 4789.906505170786, "num_boost_round": 20.0, "subsample": 0.30913551460221045}, "datetime": {"datetime": "2024-01-20 16:20:02", "elapsed": 10494.702315, "delta": 0.006533}}
{"target": -10.477727189816456, "params": {"colsample_bytree": 0.3606530387001865, "eta": 0.09640298187325426, "gamma": 356.3214831102554, "max_depth": 3.0, "min_child_weight": 4789.906505170786, "num_boost_round": 21.0, "subsample": 0.30913551460221045}, "datetime": {"datetime": "2024-01-20 16:20:02", "elapsed": 10494.709314, "delta": 0.006999}}
{"target": -10.47750065126234, "params": {"colsample_bytree": 0.3606530387001865, "eta": 0.09640298187325426, "gamma": 356.3214831102554, "max_depth": 3.0, "min_child_weight": 4789.906505170786, "num_boost_round": 22.0, "subsample": 0.30913551460221045}, "datetime": {"datetime": "2024-01-20 16:20:02", "elapsed": 10494.71611, "delta": 0.006796}}
{"target": -10.477469497372375, "params": {"colsample_bytree": 0.3606530387001865, "eta": 0.09640298187325426, "gamma": 356.3214831102554, "max_depth": 3.0, "min_child_weight": 4789.906505170786, "num_boost_round": 23.0, "subsample": 0.30913551460221045}, "datetime": {"datetime": "2024-01-20 16:20:02", "elapsed": 10494.724145, "delta": 0.008035}}
{"target": -10.477641110703836, "params": {"colsample_bytree": 0.3606530387001865, "eta": 0.09640298187325426, "gamma": 356.3214831102554, "max_depth": 3.0, "min_child_weight": 4789.906505170786, "num_boost_round": 24.0, "subsample": 0.30913551460221045}, "datetime": {"datetime": "2024-01-20 16:20:02", "elapsed": 10494.731337, "delta": 0.007192}}
{"target": -10.47768563057651, "params": {"colsample_bytree": 0.3606530387001865, "eta": 0.09640298187325426, "gamma": 356.3214831102554, "max_depth": 3.0, "min_child_weight": 4789.906505170786, "num_boost_round": 25.0, "subsample": 0.30913551460221045}, "datetime": {"datetime": "2024-01-20 16:20:02", "elapsed": 10494.73808, "delta": 0.006743}}
{"target": -10.47810202850943, "params": {"colsample_bytree": 0.3606530387001865, "eta": 0.09640298187325426, "gamma": 356.3214831102554, "max_depth": 3.0, "min_child_weight": 4789.906505170786, "num_boost_round": 26.0, "subsample": 0.30913551460221045}, "datetime": {"datetime": "2024-01-20 16:20:02", "elapsed": 10494.744748, "delta": 0.006668}}
{"target": -10.47818749964395, "params": {"colsample_bytree": 0.3606530387001865, "eta": 0.09640298187325426, "gamma": 356.3214831102554, "max_depth": 3.0, "min_child_weight": 4789.906505170786, "num_boost_round": 27.0, "subsample": 0.30913551460221045}, "datetime": {"datetime": "2024-01-20 16:20:02", "elapsed": 10494.751284, "delta": 0.006536}}
{"target": -10.478225276425285, "params": {"colsample_bytree": 0.3606530387001865, "eta": 0.09640298187325426, "gamma": 356.3214831102554, "max_depth": 3.0, "min_child_weight": 4789.906505170786, "num_boost_round": 28.0, "subsample": 0.30913551460221045}, "datetime": {"datetime": "2024-01-20 16:20:02", "elapsed": 10494.757966, "delta": 0.006682}}
{"target": -10.478459969410878, "params": {"colsample_bytree": 0.3606530387001865, "eta": 0.09640298187325426, "gamma": 356.3214831102554, "max_depth": 3.0, "min_child_weight": 4789.906505170786, "num_boost_round": 29.0, "subsample": 0.30913551460221045}, "datetime": {"datetime": "2024-01-20 16:20:02", "elapsed": 10494.764679, "delta": 0.006713}}
{"target": -10.478582626919085, "params": {"colsample_bytree": 0.3606530387001865, "eta": 0.09640298187325426, "gamma": 356.3214831102554, "max_depth": 3.0, "min_child_weight": 4789.906505170786, "num_boost_round": 30.0, "subsample": 0.30913551460221045}, "datetime": {"datetime": "2024-01-20 16:20:02", "elapsed": 10494.771168, "delta": 0.006489}}
{"target": -10.478694682940285, "params": {"colsample_bytree": 0.3606530387001865, "eta": 0.09640298187325426, "gamma": 356.3214831102554, "max_depth": 3.0, "min_child_weight": 4789.906505170786, "num_boost_round": 31.0, "subsample": 0.30913551460221045}, "datetime": {"datetime": "2024-01-20 16:20:02", "elapsed": 10494.777786, "delta": 0.006618}}
{"target": -10.478649935870772, "params": {"colsample_bytree": 0.3606530387001865, "eta": 0.09640298187325426, "gamma": 356.3214831102554, "max_depth": 3.0, "min_child_weight": 4789.906505170786, "num_boost_round": 32.0, "subsample": 0.30913551460221045}, "datetime": {"datetime": "2024-01-20 16:20:02", "elapsed": 10494.784265, "delta": 0.006479}}
