{"target": -19.14263533494458, "params": {"colsample_bytree": 0.22640141192739205, "eta": 0.012085838870963237, "gamma": 497.37208250732476, "max_depth": 5.0, "min_child_weight": 4069.0309902031804, "num_boost_round": 15.0, "subsample": 0.1444751853615953}, "datetime": {"datetime": "2024-01-20 14:32:48", "elapsed": 536.755901, "delta": 0.000995}}
{"target": -19.142610012678603, "params": {"colsample_bytree": 0.22640141192739205, "eta": 0.012085838870963237, "gamma": 497.37208250732476, "max_depth": 5.0, "min_child_weight": 4069.0309902031804, "num_boost_round": 16.0, "subsample": 0.1444751853615953}, "datetime": {"datetime": "2024-01-20 14:32:48", "elapsed": 536.756858, "delta": 0.000957}}
{"target": -19.142614757042388, "params": {"colsample_bytree": 0.22640141192739205, "eta": 0.012085838870963237, "gamma": 497.37208250732476, "max_depth": 5.0, "min_child_weight": 4069.0309902031804, "num_boost_round": 17.0, "subsample": 0.1444751853615953}, "datetime": {"datetime": "2024-01-20 14:32:48", "elapsed": 536.757815, "delta": 0.000957}}
{"target": -19.142600529532505, "params": {"colsample_bytree": 0.22640141192739205, "eta": 0.012085838870963237, "gamma": 497.37208250732476, "max_depth": 5.0, "min_child_weight": 4069.0309902031804, "num_boost_round": 18.0, "subsample": 0.1444751853615953}, "datetime": {"datetime": "2024-01-20 14:32:48", "elapsed": 536.758768, "delta": 0.000953}}
{"target": -19.142598459281874, "params": {"colsample_bytree": 0.22640141192739205, "eta": 0.012085838870963237, "gamma": 497.37208250732476, "max_depth": 5.0, "min_child_weight": 4069.0309902031804, "num_boost_round": 19.0, "subsample": 0.1444751853615953}, "datetime": {"datetime": "2024-01-20 14:32:48", "elapsed": 536.759729, "delta": 0.000961}}
{"target": -19.14260168985195, "params": {"colsample_bytree": 0.22640141192739205, "eta": 0.012085838870963237, "gamma": 497.37208250732476, "max_depth": 5.0, "min_child_weight": 4069.0309902031804, "num_boost_round": 20.0, "subsample": 0.1444751853615953}, "datetime": {"datetime": "2024-01-20 14:32:48", "elapsed": 536.760683, "delta": 0.000954}}
{"target": -19.14254903930624, "params": {"colsample_bytree": 0.22640141192739205, "eta": 0.012085838870963237, "gamma": 497.37208250732476, "max_depth": 5.0, "min_child_weight": 4069.0309902031804, "num_boost_round": 21.0, "subsample": 0.1444751853615953}, "datetime": {"datetime": "2024-01-20 14:32:48", "elapsed": 536.761637, "delta": 0.000954}}
{"target": -19.142559074423012, "params": {"colsample_bytree": 0.22640141192739205, "eta": 0.012085838870963237, "gamma": 497.37208250732476, "max_depth": 5.0, "min_child_weight": 4069.0309902031804, "num_boost_round": 22.0, "subsample": 0.1444751853615953}, "datetime": {"datetime": "2024-01-20 14:32:48", "elapsed": 536.762665, "delta": 0.001028}}
{"target": -19.142494254720603, "params": {"colsample_bytree": 0.22640141192739205, "eta": 0.012085838870963237, "gamma": 497.37208250732476, "max_depth": 5.0, "min_child_weight": 4069.0309902031804, "num_boost_round": 23.0, "subsample": 0.1444751853615953}, "datetime": {"datetime": "2024-01-20 14:32:48", "elapsed": 536.763626, "delta": 0.000961}}
{"target": -19.14246742127175, "params": {"colsample_bytree": 0.22640141192739205, "eta": 0.012085838870963237, "gamma": 497.37208250732476, "max_depth": 5.0, "min_child_weight": 4069.0309902031804, "num_boost_round": 24.0, "subsample": 0.1444751853615953}, "datetime": {"datetime": "2024-01-20 14:32:48", "elapsed": 536.764585, "delta": 0.000959}}
{"target": -19.142458300773463, "params": {"colsample_bytree": 0.22640141192739205, "eta": 0.012085838870963237, "gamma": 497.37208250732476, "max_depth": 5.0, "min_child_weight": 4069.0309902031804, "num_boost_round": 25.0, "subsample": 0.1444751853615953}, "datetime": {"datetime": "2024-01-20 14:32:48", "elapsed": 536.765543, "delta": 0.000958}}
{"target": -19.1425601489049, "params": {"colsample_bytree": 0.22640141192739205, "eta": 0.012085838870963237, "gamma": 497.37208250732476, "max_depth": 5.0, "min_child_weight": 4069.0309902031804, "num_boost_round": 26.0, "subsample": 0.1444751853615953}, "datetime": {"datetime": "2024-01-20 14:32:48", "elapsed": 536.766635, "delta": 0.001092}}
{"target": -19.142540244159807, "params": {"colsample_bytree": 0.22640141192739205, "eta": 0.012085838870963237, "gamma": 497.37208250732476, "max_depth": 5.0, "min_child_weight": 4069.0309902031804, "num_boost_round": 27.0, "subsample": 0.1444751853615953}, "datetime": {"datetime": "2024-01-20 14:32:48", "elapsed": 536.76773, "delta": 0.001095}}
{"target": -19.1425524545254, "params": {"colsample_bytree": 0.22640141192739205, "eta": 0.012085838870963237, "gamma": 497.37208250732476, "max_depth": 5.0, "min_child_weight": 4069.0309902031804, "num_boost_round": 28.0, "subsample": 0.1444751853615953}, "datetime": {"datetime": "2024-01-20 14:32:48", "elapsed": 536.768785, "delta": 0.001055}}
{"target": -19.142560556505273, "params": {"colsample_bytree": 0.22640141192739205, "eta": 0.012085838870963237, "gamma": 497.37208250732476, "max_depth": 5.0, "min_child_weight": 4069.0309902031804, "num_boost_round": 29.0, "subsample": 0.1444751853615953}, "datetime": {"datetime": "2024-01-20 14:32:48", "elapsed": 536.7698, "delta": 0.001015}}
{"target": -19.14249507143446, "params": {"colsample_bytree": 0.22640141192739205, "eta": 0.012085838870963237, "gamma": 497.37208250732476, "max_depth": 5.0, "min_child_weight": 4069.0309902031804, "num_boost_round": 30.0, "subsample": 0.1444751853615953}, "datetime": {"datetime": "2024-01-20 14:32:48", "elapsed": 536.770777, "delta": 0.000977}}
{"target": -19.142556600493407, "params": {"colsample_bytree": 0.22640141192739205, "eta": 0.012085838870963237, "gamma": 497.37208250732476, "max_depth": 5.0, "min_child_weight": 4069.0309902031804, "num_boost_round": 31.0, "subsample": 0.1444751853615953}, "datetime": {"datetime": "2024-01-20 14:32:48", "elapsed": 536.771745, "delta": 0.000968}}
{"target": -19.14255230827373, "params": {"colsample_bytree": 0.22640141192739205, "eta": 0.012085838870963237, "gamma": 497.37208250732476, "max_depth": 5.0, "min_child_weight": 4069.0309902031804, "num_boost_round": 32.0, "subsample": 0.1444751853615953}, "datetime": {"datetime": "2024-01-20 14:32:48", "elapsed": 536.772734, "delta": 0.000989}}
{"target": -19.1424802522706, "params": {"colsample_bytree": 0.22640141192739205, "eta": 0.012085838870963237, "gamma": 497.37208250732476, "max_depth": 5.0, "min_child_weight": 4069.0309902031804, "num_boost_round": 33.0, "subsample": 0.1444751853615953}, "datetime": {"datetime": "2024-01-20 14:32:48", "elapsed": 536.773698, "delta": 0.000964}}
{"target": -19.142500938475067, "params": {"colsample_bytree": 0.22640141192739205, "eta": 0.012085838870963237, "gamma": 497.37208250732476, "max_depth": 5.0, "min_child_weight": 4069.0309902031804, "num_boost_round": 34.0, "subsample": 0.1444751853615953}, "datetime": {"datetime": "2024-01-20 14:32:48", "elapsed": 536.774661, "delta": 0.000963}}
{"target": -19.142606111362745, "params": {"colsample_bytree": 0.22640141192739205, "eta": 0.012085838870963237, "gamma": 497.37208250732476, "max_depth": 5.0, "min_child_weight": 4069.0309902031804, "num_boost_round": 35.0, "subsample": 0.1444751853615953}, "datetime": {"datetime": "2024-01-20 14:32:48", "elapsed": 536.775672, "delta": 0.001011}}
{"target": -19.142518294600656, "params": {"colsample_bytree": 0.22640141192739205, "eta": 0.012085838870963237, "gamma": 497.37208250732476, "max_depth": 5.0, "min_child_weight": 4069.0309902031804, "num_boost_round": 36.0, "subsample": 0.1444751853615953}, "datetime": {"datetime": "2024-01-20 14:32:48", "elapsed": 536.776648, "delta": 0.000976}}
{"target": -19.142505396185285, "params": {"colsample_bytree": 0.22640141192739205, "eta": 0.012085838870963237, "gamma": 497.37208250732476, "max_depth": 5.0, "min_child_weight": 4069.0309902031804, "num_boost_round": 37.0, "subsample": 0.1444751853615953}, "datetime": {"datetime": "2024-01-20 14:32:48", "elapsed": 536.77763, "delta": 0.000982}}
{"target": -19.14252498413253, "params": {"colsample_bytree": 0.22640141192739205, "eta": 0.012085838870963237, "gamma": 497.37208250732476, "max_depth": 5.0, "min_child_weight": 4069.0309902031804, "num_boost_round": 38.0, "subsample": 0.1444751853615953}, "datetime": {"datetime": "2024-01-20 14:32:48", "elapsed": 536.778615, "delta": 0.000985}}
{"target": -19.14253817854585, "params": {"colsample_bytree": 0.22640141192739205, "eta": 0.012085838870963237, "gamma": 497.37208250732476, "max_depth": 5.0, "min_child_weight": 4069.0309902031804, "num_boost_round": 39.0, "subsample": 0.1444751853615953}, "datetime": {"datetime": "2024-01-20 14:32:48", "elapsed": 536.779596, "delta": 0.000981}}
{"target": -19.142443541942782, "params": {"colsample_bytree": 0.22640141192739205, "eta": 0.012085838870963237, "gamma": 497.37208250732476, "max_depth": 5.0, "min_child_weight": 4069.0309902031804, "num_boost_round": 40.0, "subsample": 0.1444751853615953}, "datetime": {"datetime": "2024-01-20 14:32:48", "elapsed": 536.780569, "delta": 0.000973}}
{"target": -19.142435493448602, "params": {"colsample_bytree": 0.22640141192739205, "eta": 0.012085838870963237, "gamma": 497.37208250732476, "max_depth": 5.0, "min_child_weight": 4069.0309902031804, "num_boost_round": 41.0, "subsample": 0.1444751853615953}, "datetime": {"datetime": "2024-01-20 14:32:48", "elapsed": 536.781549, "delta": 0.00098}}
{"target": -19.142488585908463, "params": {"colsample_bytree": 0.22640141192739205, "eta": 0.012085838870963237, "gamma": 497.37208250732476, "max_depth": 5.0, "min_child_weight": 4069.0309902031804, "num_boost_round": 42.0, "subsample": 0.1444751853615953}, "datetime": {"datetime": "2024-01-20 14:32:48", "elapsed": 536.782539, "delta": 0.00099}}
{"target": -19.1424838573843, "params": {"colsample_bytree": 0.22640141192739205, "eta": 0.012085838870963237, "gamma": 497.37208250732476, "max_depth": 5.0, "min_child_weight": 4069.0309902031804, "num_boost_round": 43.0, "subsample": 0.1444751853615953}, "datetime": {"datetime": "2024-01-20 14:32:48", "elapsed": 536.783564, "delta": 0.001025}}
{"target": -19.142538456849806, "params": {"colsample_bytree": 0.22640141192739205, "eta": 0.012085838870963237, "gamma": 497.37208250732476, "max_depth": 5.0, "min_child_weight": 4069.0309902031804, "num_boost_round": 44.0, "subsample": 0.1444751853615953}, "datetime": {"datetime": "2024-01-20 14:32:48", "elapsed": 536.784548, "delta": 0.000984}}
{"target": -19.14248185725971, "params": {"colsample_bytree": 0.22640141192739205, "eta": 0.012085838870963237, "gamma": 497.37208250732476, "max_depth": 5.0, "min_child_weight": 4069.0309902031804, "num_boost_round": 45.0, "subsample": 0.1444751853615953}, "datetime": {"datetime": "2024-01-20 14:32:48", "elapsed": 536.785529, "delta": 0.000981}}
{"target": -19.142446765558557, "params": {"colsample_bytree": 0.22640141192739205, "eta": 0.012085838870963237, "gamma": 497.37208250732476, "max_depth": 5.0, "min_child_weight": 4069.0309902031804, "num_boost_round": 46.0, "subsample": 0.1444751853615953}, "datetime": {"datetime": "2024-01-20 14:32:48", "elapsed": 536.786596, "delta": 0.001067}}
{"target": -19.142445101858222, "params": {"colsample_bytree": 0.22640141192739205, "eta": 0.012085838870963237, "gamma": 497.37208250732476, "max_depth": 5.0, "min_child_weight": 4069.0309902031804, "num_boost_round": 47.0, "subsample": 0.1444751853615953}, "datetime": {"datetime": "2024-01-20 14:32:48", "elapsed": 536.787578, "delta": 0.000982}}
{"target": -19.142410096493663, "params": {"colsample_bytree": 0.22640141192739205, "eta": 0.012085838870963237, "gamma": 497.37208250732476, "max_depth": 5.0, "min_child_weight": 4069.0309902031804, "num_boost_round": 48.0, "subsample": 0.1444751853615953}, "datetime": {"datetime": "2024-01-20 14:32:48", "elapsed": 536.788562, "delta": 0.000984}}
{"target": -19.142452349791885, "params": {"colsample_bytree": 0.22640141192739205, "eta": 0.012085838870963237, "gamma": 497.37208250732476, "max_depth": 5.0, "min_child_weight": 4069.0309902031804, "num_boost_round": 49.0, "subsample": 0.1444751853615953}, "datetime": {"datetime": "2024-01-20 14:32:48", "elapsed": 536.789893, "delta": 0.001331}}
{"target": -19.142434300937353, "params": {"colsample_bytree": 0.22640141192739205, "eta": 0.012085838870963237, "gamma": 497.37208250732476, "max_depth": 5.0, "min_child_weight": 4069.0309902031804, "num_boost_round": 50.0, "subsample": 0.1444751853615953}, "datetime": {"datetime": "2024-01-20 14:32:48", "elapsed": 536.790881, "delta": 0.000988}}
{"target": -19.142340134504938, "params": {"colsample_bytree": 0.22640141192739205, "eta": 0.012085838870963237, "gamma": 497.37208250732476, "max_depth": 5.0, "min_child_weight": 4069.0309902031804, "num_boost_round": 51.0, "subsample": 0.1444751853615953}, "datetime": {"datetime": "2024-01-20 14:32:48", "elapsed": 536.791862, "delta": 0.000981}}
{"target": -19.142358948312236, "params": {"colsample_bytree": 0.22640141192739205, "eta": 0.012085838870963237, "gamma": 497.37208250732476, "max_depth": 5.0, "min_child_weight": 4069.0309902031804, "num_boost_round": 52.0, "subsample": 0.1444751853615953}, "datetime": {"datetime": "2024-01-20 14:32:48", "elapsed": 536.792845, "delta": 0.000983}}
{"target": -19.142397070729082, "params": {"colsample_bytree": 0.22640141192739205, "eta": 0.012085838870963237, "gamma": 497.37208250732476, "max_depth": 5.0, "min_child_weight": 4069.0309902031804, "num_boost_round": 53.0, "subsample": 0.1444751853615953}, "datetime": {"datetime": "2024-01-20 14:32:48", "elapsed": 536.793822, "delta": 0.000977}}
{"target": -19.142379474388374, "params": {"colsample_bytree": 0.22640141192739205, "eta": 0.012085838870963237, "gamma": 497.37208250732476, "max_depth": 5.0, "min_child_weight": 4069.0309902031804, "num_boost_round": 54.0, "subsample": 0.1444751853615953}, "datetime": {"datetime": "2024-01-20 14:32:48", "elapsed": 536.794805, "delta": 0.000983}}
{"target": -19.142258383218824, "params": {"colsample_bytree": 0.22640141192739205, "eta": 0.012085838870963237, "gamma": 497.37208250732476, "max_depth": 5.0, "min_child_weight": 4069.0309902031804, "num_boost_round": 55.0, "subsample": 0.1444751853615953}, "datetime": {"datetime": "2024-01-20 14:32:48", "elapsed": 536.795857, "delta": 0.001052}}
{"target": -19.142301514526665, "params": {"colsample_bytree": 0.22640141192739205, "eta": 0.012085838870963237, "gamma": 497.37208250732476, "max_depth": 5.0, "min_child_weight": 4069.0309902031804, "num_boost_round": 56.0, "subsample": 0.1444751853615953}, "datetime": {"datetime": "2024-01-20 14:32:48", "elapsed": 536.796867, "delta": 0.00101}}
{"target": -19.142336232676723, "params": {"colsample_bytree": 0.22640141192739205, "eta": 0.012085838870963237, "gamma": 497.37208250732476, "max_depth": 5.0, "min_child_weight": 4069.0309902031804, "num_boost_round": 57.0, "subsample": 0.1444751853615953}, "datetime": {"datetime": "2024-01-20 14:32:48", "elapsed": 536.797861, "delta": 0.000994}}
{"target": -19.142153623203164, "params": {"colsample_bytree": 0.22640141192739205, "eta": 0.012085838870963237, "gamma": 497.37208250732476, "max_depth": 5.0, "min_child_weight": 4069.0309902031804, "num_boost_round": 58.0, "subsample": 0.1444751853615953}, "datetime": {"datetime": "2024-01-20 14:32:48", "elapsed": 536.798853, "delta": 0.000992}}
{"target": -19.142140719599574, "params": {"colsample_bytree": 0.22640141192739205, "eta": 0.012085838870963237, "gamma": 497.37208250732476, "max_depth": 5.0, "min_child_weight": 4069.0309902031804, "num_boost_round": 59.0, "subsample": 0.1444751853615953}, "datetime": {"datetime": "2024-01-20 14:32:48", "elapsed": 536.799843, "delta": 0.00099}}
{"target": -19.142101300409312, "params": {"colsample_bytree": 0.22640141192739205, "eta": 0.012085838870963237, "gamma": 497.37208250732476, "max_depth": 5.0, "min_child_weight": 4069.0309902031804, "num_boost_round": 60.0, "subsample": 0.1444751853615953}, "datetime": {"datetime": "2024-01-20 14:32:48", "elapsed": 536.800841, "delta": 0.000998}}
{"target": -19.14209218450411, "params": {"colsample_bytree": 0.22640141192739205, "eta": 0.012085838870963237, "gamma": 497.37208250732476, "max_depth": 5.0, "min_child_weight": 4069.0309902031804, "num_boost_round": 61.0, "subsample": 0.1444751853615953}, "datetime": {"datetime": "2024-01-20 14:32:48", "elapsed": 536.801832, "delta": 0.000991}}
{"target": -19.142099109593016, "params": {"colsample_bytree": 0.22640141192739205, "eta": 0.012085838870963237, "gamma": 497.37208250732476, "max_depth": 5.0, "min_child_weight": 4069.0309902031804, "num_boost_round": 62.0, "subsample": 0.1444751853615953}, "datetime": {"datetime": "2024-01-20 14:32:48", "elapsed": 536.802933, "delta": 0.001101}}
{"target": -19.142098078988507, "params": {"colsample_bytree": 0.22640141192739205, "eta": 0.012085838870963237, "gamma": 497.37208250732476, "max_depth": 5.0, "min_child_weight": 4069.0309902031804, "num_boost_round": 63.0, "subsample": 0.1444751853615953}, "datetime": {"datetime": "2024-01-20 14:32:48", "elapsed": 536.80395, "delta": 0.001017}}
{"target": -19.142032188847747, "params": {"colsample_bytree": 0.22640141192739205, "eta": 0.012085838870963237, "gamma": 497.37208250732476, "max_depth": 5.0, "min_child_weight": 4069.0309902031804, "num_boost_round": 64.0, "subsample": 0.1444751853615953}, "datetime": {"datetime": "2024-01-20 14:32:48", "elapsed": 536.804947, "delta": 0.000997}}
{"target": -19.142039105380483, "params": {"colsample_bytree": 0.22640141192739205, "eta": 0.012085838870963237, "gamma": 497.37208250732476, "max_depth": 5.0, "min_child_weight": 4069.0309902031804, "num_boost_round": 65.0, "subsample": 0.1444751853615953}, "datetime": {"datetime": "2024-01-20 14:32:48", "elapsed": 536.806037, "delta": 0.00109}}
{"target": -19.14204226870829, "params": {"colsample_bytree": 0.22640141192739205, "eta": 0.012085838870963237, "gamma": 497.37208250732476, "max_depth": 5.0, "min_child_weight": 4069.0309902031804, "num_boost_round": 66.0, "subsample": 0.1444751853615953}, "datetime": {"datetime": "2024-01-20 14:32:48", "elapsed": 536.807044, "delta": 0.001007}}
{"target": -19.142045838822796, "params": {"colsample_bytree": 0.22640141192739205, "eta": 0.012085838870963237, "gamma": 497.37208250732476, "max_depth": 5.0, "min_child_weight": 4069.0309902031804, "num_boost_round": 67.0, "subsample": 0.1444751853615953}, "datetime": {"datetime": "2024-01-20 14:32:48", "elapsed": 536.808049, "delta": 0.001005}}
{"target": -19.14202027047667, "params": {"colsample_bytree": 0.22640141192739205, "eta": 0.012085838870963237, "gamma": 497.37208250732476, "max_depth": 5.0, "min_child_weight": 4069.0309902031804, "num_boost_round": 68.0, "subsample": 0.1444751853615953}, "datetime": {"datetime": "2024-01-20 14:32:48", "elapsed": 536.809061, "delta": 0.001012}}
{"target": -19.14199339637628, "params": {"colsample_bytree": 0.22640141192739205, "eta": 0.012085838870963237, "gamma": 497.37208250732476, "max_depth": 5.0, "min_child_weight": 4069.0309902031804, "num_boost_round": 69.0, "subsample": 0.1444751853615953}, "datetime": {"datetime": "2024-01-20 14:32:48", "elapsed": 536.810066, "delta": 0.001005}}
{"target": -19.141996868567947, "params": {"colsample_bytree": 0.22640141192739205, "eta": 0.012085838870963237, "gamma": 497.37208250732476, "max_depth": 5.0, "min_child_weight": 4069.0309902031804, "num_boost_round": 70.0, "subsample": 0.1444751853615953}, "datetime": {"datetime": "2024-01-20 14:32:48", "elapsed": 536.811064, "delta": 0.000998}}
{"target": -19.141911436310384, "params": {"colsample_bytree": 0.22640141192739205, "eta": 0.012085838870963237, "gamma": 497.37208250732476, "max_depth": 5.0, "min_child_weight": 4069.0309902031804, "num_boost_round": 71.0, "subsample": 0.1444751853615953}, "datetime": {"datetime": "2024-01-20 14:32:48", "elapsed": 536.812069, "delta": 0.001005}}
{"target": -19.14190289843131, "params": {"colsample_bytree": 0.22640141192739205, "eta": 0.012085838870963237, "gamma": 497.37208250732476, "max_depth": 5.0, "min_child_weight": 4069.0309902031804, "num_boost_round": 72.0, "subsample": 0.1444751853615953}, "datetime": {"datetime": "2024-01-20 14:32:48", "elapsed": 536.81308, "delta": 0.001011}}
{"target": -19.141905771567878, "params": {"colsample_bytree": 0.22640141192739205, "eta": 0.012085838870963237, "gamma": 497.37208250732476, "max_depth": 5.0, "min_child_weight": 4069.0309902031804, "num_boost_round": 73.0, "subsample": 0.1444751853615953}, "datetime": {"datetime": "2024-01-20 14:32:48", "elapsed": 536.814089, "delta": 0.001009}}
{"target": -19.141955184156895, "params": {"colsample_bytree": 0.22640141192739205, "eta": 0.012085838870963237, "gamma": 497.37208250732476, "max_depth": 5.0, "min_child_weight": 4069.0309902031804, "num_boost_round": 74.0, "subsample": 0.1444751853615953}, "datetime": {"datetime": "2024-01-20 14:32:48", "elapsed": 536.815095, "delta": 0.001006}}
{"target": -19.14195627122622, "params": {"colsample_bytree": 0.22640141192739205, "eta": 0.012085838870963237, "gamma": 497.37208250732476, "max_depth": 5.0, "min_child_weight": 4069.0309902031804, "num_boost_round": 75.0, "subsample": 0.1444751853615953}, "datetime": {"datetime": "2024-01-20 14:32:48", "elapsed": 536.816103, "delta": 0.001008}}
{"target": -19.141865275355496, "params": {"colsample_bytree": 0.22640141192739205, "eta": 0.012085838870963237, "gamma": 497.37208250732476, "max_depth": 5.0, "min_child_weight": 4069.0309902031804, "num_boost_round": 76.0, "subsample": 0.1444751853615953}, "datetime": {"datetime": "2024-01-20 14:32:48", "elapsed": 536.817302, "delta": 0.001199}}
