{"target": -10.29991771485749, "params": {"colsample_bytree": 0.9931385031409834, "eta": 0.06248747314691951, "gamma": 816.3036562487275, "max_depth": 8.0, "min_child_weight": 4067.6885658321353, "num_boost_round": 6.0, "subsample": 0.9748545751543103}, "datetime": {"datetime": "2024-01-20 13:48:12", "elapsed": 1590.739943, "delta": 0.001326}}
{"target": -10.300159479290722, "params": {"colsample_bytree": 0.9931385031409834, "eta": 0.06248747314691951, "gamma": 816.3036562487275, "max_depth": 8.0, "min_child_weight": 4067.6885658321353, "num_boost_round": 7.0, "subsample": 0.9748545751543103}, "datetime": {"datetime": "2024-01-20 13:48:12", "elapsed": 1590.741145, "delta": 0.001202}}
{"target": -10.300506681275273, "params": {"colsample_bytree": 0.9931385031409834, "eta": 0.06248747314691951, "gamma": 816.3036562487275, "max_depth": 8.0, "min_child_weight": 4067.6885658321353, "num_boost_round": 8.0, "subsample": 0.9748545751543103}, "datetime": {"datetime": "2024-01-20 13:48:12", "elapsed": 1590.742424, "delta": 0.001279}}
{"target": -10.301012978521797, "params": {"colsample_bytree": 0.9931385031409834, "eta": 0.06248747314691951, "gamma": 816.3036562487275, "max_depth": 8.0, "min_child_weight": 4067.6885658321353, "num_boost_round": 9.0, "subsample": 0.9748545751543103}, "datetime": {"datetime": "2024-01-20 13:48:12", "elapsed": 1590.751305, "delta": 0.008881}}
{"target": -10.301633195786208, "params": {"colsample_bytree": 0.9931385031409834, "eta": 0.06248747314691951, "gamma": 816.3036562487275, "max_depth": 8.0, "min_child_weight": 4067.6885658321353, "num_boost_round": 10.0, "subsample": 0.9748545751543103}, "datetime": {"datetime": "2024-01-20 13:48:12", "elapsed": 1590.752756, "delta": 0.001451}}
{"target": -10.297942472715468, "params": {"colsample_bytree": 0.25174540784045474, "eta": 0.08880575183377132, "gamma": 389.08878214315115, "max_depth": 7.0, "min_child_weight": 3957.7714198284502, "num_boost_round": 1.0, "subsample": 0.32727577153982507}, "datetime": {"datetime": "2024-01-20 13:48:42", "elapsed": 1620.407288, "delta": 29.654532}}
{"target": -10.298071282089293, "params": {"colsample_bytree": 0.25174540784045474, "eta": 0.08880575183377132, "gamma": 389.08878214315115, "max_depth": 7.0, "min_child_weight": 3957.7714198284502, "num_boost_round": 2.0, "subsample": 0.32727577153982507}, "datetime": {"datetime": "2024-01-20 13:48:42", "elapsed": 1620.409445, "delta": 0.002157}}
{"target": -10.298572220610286, "params": {"colsample_bytree": 0.25174540784045474, "eta": 0.08880575183377132, "gamma": 389.08878214315115, "max_depth": 7.0, "min_child_weight": 3957.7714198284502, "num_boost_round": 3.0, "subsample": 0.32727577153982507}, "datetime": {"datetime": "2024-01-20 13:48:42", "elapsed": 1620.411273, "delta": 0.001828}}
{"target": -10.298231122894432, "params": {"colsample_bytree": 0.25174540784045474, "eta": 0.08880575183377132, "gamma": 389.08878214315115, "max_depth": 7.0, "min_child_weight": 3957.7714198284502, "num_boost_round": 4.0, "subsample": 0.32727577153982507}, "datetime": {"datetime": "2024-01-20 13:48:42", "elapsed": 1620.413271, "delta": 0.001998}}
{"target": -10.298635584345975, "params": {"colsample_bytree": 0.25174540784045474, "eta": 0.08880575183377132, "gamma": 389.08878214315115, "max_depth": 7.0, "min_child_weight": 3957.7714198284502, "num_boost_round": 5.0, "subsample": 0.32727577153982507}, "datetime": {"datetime": "2024-01-20 13:48:42", "elapsed": 1620.414548, "delta": 0.001277}}
{"target": -10.299507849938252, "params": {"colsample_bytree": 0.25174540784045474, "eta": 0.08880575183377132, "gamma": 389.08878214315115, "max_depth": 7.0, "min_child_weight": 3957.7714198284502, "num_boost_round": 6.0, "subsample": 0.32727577153982507}, "datetime": {"datetime": "2024-01-20 13:48:42", "elapsed": 1620.415861, "delta": 0.001313}}
{"target": -10.29994079501865, "params": {"colsample_bytree": 0.25174540784045474, "eta": 0.08880575183377132, "gamma": 389.08878214315115, "max_depth": 7.0, "min_child_weight": 3957.7714198284502, "num_boost_round": 7.0, "subsample": 0.32727577153982507}, "datetime": {"datetime": "2024-01-20 13:48:42", "elapsed": 1620.417083, "delta": 0.001222}}
{"target": -10.298233341296555, "params": {"colsample_bytree": 0.37461845342755595, "eta": 0.03580386481737757, "gamma": 614.1948465904861, "max_depth": 4.0, "min_child_weight": 4412.734487549008, "num_boost_round": 1.0, "subsample": 0.7673545242893997}, "datetime": {"datetime": "2024-01-20 13:49:11", "elapsed": 1649.437499, "delta": 29.020416}}
{"target": -10.298208475786295, "params": {"colsample_bytree": 0.37461845342755595, "eta": 0.03580386481737757, "gamma": 614.1948465904861, "max_depth": 4.0, "min_child_weight": 4412.734487549008, "num_boost_round": 2.0, "subsample": 0.7673545242893997}, "datetime": {"datetime": "2024-01-20 13:49:11", "elapsed": 1649.440526, "delta": 0.003027}}
{"target": -10.29840344883286, "params": {"colsample_bytree": 0.37461845342755595, "eta": 0.03580386481737757, "gamma": 614.1948465904861, "max_depth": 4.0, "min_child_weight": 4412.734487549008, "num_boost_round": 3.0, "subsample": 0.7673545242893997}, "datetime": {"datetime": "2024-01-20 13:49:11", "elapsed": 1649.444126, "delta": 0.0036}}
{"target": -10.298615725660868, "params": {"colsample_bytree": 0.37461845342755595, "eta": 0.03580386481737757, "gamma": 614.1948465904861, "max_depth": 4.0, "min_child_weight": 4412.734487549008, "num_boost_round": 4.0, "subsample": 0.7673545242893997}, "datetime": {"datetime": "2024-01-20 13:49:11", "elapsed": 1649.44565, "delta": 0.001524}}
{"target": -10.29884578608809, "params": {"colsample_bytree": 0.37461845342755595, "eta": 0.03580386481737757, "gamma": 614.1948465904861, "max_depth": 4.0, "min_child_weight": 4412.734487549008, "num_boost_round": 5.0, "subsample": 0.7673545242893997}, "datetime": {"datetime": "2024-01-20 13:49:11", "elapsed": 1649.446916, "delta": 0.001266}}
{"target": -10.298979009217867, "params": {"colsample_bytree": 0.37461845342755595, "eta": 0.03580386481737757, "gamma": 614.1948465904861, "max_depth": 4.0, "min_child_weight": 4412.734487549008, "num_boost_round": 6.0, "subsample": 0.7673545242893997}, "datetime": {"datetime": "2024-01-20 13:49:11", "elapsed": 1649.448145, "delta": 0.001229}}
{"target": -10.299148533485155, "params": {"colsample_bytree": 0.37461845342755595, "eta": 0.03580386481737757, "gamma": 614.1948465904861, "max_depth": 4.0, "min_child_weight": 4412.734487549008, "num_boost_round": 7.0, "subsample": 0.7673545242893997}, "datetime": {"datetime": "2024-01-20 13:49:11", "elapsed": 1649.450253, "delta": 0.002108}}
{"target": -10.299218699759535, "params": {"colsample_bytree": 0.37461845342755595, "eta": 0.03580386481737757, "gamma": 614.1948465904861, "max_depth": 4.0, "min_child_weight": 4412.734487549008, "num_boost_round": 8.0, "subsample": 0.7673545242893997}, "datetime": {"datetime": "2024-01-20 13:49:11", "elapsed": 1649.451873, "delta": 0.00162}}
{"target": -10.297293003012781, "params": {"colsample_bytree": 0.39749202499193137, "eta": 0.08936094042471635, "gamma": 324.34968457893063, "max_depth": 6.0, "min_child_weight": 4173.79638818762, "num_boost_round": 1.0, "subsample": 0.10383543219248864}, "datetime": {"datetime": "2024-01-20 13:49:36", "elapsed": 1674.720456, "delta": 25.268583}}
{"target": -10.296910620909907, "params": {"colsample_bytree": 0.39749202499193137, "eta": 0.08936094042471635, "gamma": 324.34968457893063, "max_depth": 6.0, "min_child_weight": 4173.79638818762, "num_boost_round": 2.0, "subsample": 0.10383543219248864}, "datetime": {"datetime": "2024-01-20 13:49:36", "elapsed": 1674.723975, "delta": 0.003519}}
{"target": -10.29701280262552, "params": {"colsample_bytree": 0.39749202499193137, "eta": 0.08936094042471635, "gamma": 324.34968457893063, "max_depth": 6.0, "min_child_weight": 4173.79638818762, "num_boost_round": 3.0, "subsample": 0.10383543219248864}, "datetime": {"datetime": "2024-01-20 13:49:36", "elapsed": 1674.725447, "delta": 0.001472}}
{"target": -10.296634194649016, "params": {"colsample_bytree": 0.39749202499193137, "eta": 0.08936094042471635, "gamma": 324.34968457893063, "max_depth": 6.0, "min_child_weight": 4173.79638818762, "num_boost_round": 4.0, "subsample": 0.10383543219248864}, "datetime": {"datetime": "2024-01-20 13:49:36", "elapsed": 1674.726886, "delta": 0.001439}}
{"target": -10.29831181716257, "params": {"colsample_bytree": 0.610555936127485, "eta": 0.029477118786308692, "gamma": 290.8608534945497, "max_depth": 5.0, "min_child_weight": 4161.956412224533, "num_boost_round": 1.0, "subsample": 0.22145775691848163}, "datetime": {"datetime": "2024-01-20 13:50:34", "elapsed": 1731.81965, "delta": 57.092764}}
{"target": -10.298362239636074, "params": {"colsample_bytree": 0.610555936127485, "eta": 0.029477118786308692, "gamma": 290.8608534945497, "max_depth": 5.0, "min_child_weight": 4161.956412224533, "num_boost_round": 2.0, "subsample": 0.22145775691848163}, "datetime": {"datetime": "2024-01-20 13:50:34", "elapsed": 1731.821828, "delta": 0.002178}}
{"target": -10.29824333496404, "params": {"colsample_bytree": 0.610555936127485, "eta": 0.029477118786308692, "gamma": 290.8608534945497, "max_depth": 5.0, "min_child_weight": 4161.956412224533, "num_boost_round": 3.0, "subsample": 0.22145775691848163}, "datetime": {"datetime": "2024-01-20 13:50:34", "elapsed": 1731.82388, "delta": 0.002052}}
{"target": -10.298217243502087, "params": {"colsample_bytree": 0.610555936127485, "eta": 0.029477118786308692, "gamma": 290.8608534945497, "max_depth": 5.0, "min_child_weight": 4161.956412224533, "num_boost_round": 4.0, "subsample": 0.22145775691848163}, "datetime": {"datetime": "2024-01-20 13:50:34", "elapsed": 1731.825818, "delta": 0.001938}}
{"target": -10.298245858782453, "params": {"colsample_bytree": 0.610555936127485, "eta": 0.029477118786308692, "gamma": 290.8608534945497, "max_depth": 5.0, "min_child_weight": 4161.956412224533, "num_boost_round": 5.0, "subsample": 0.22145775691848163}, "datetime": {"datetime": "2024-01-20 13:50:34", "elapsed": 1731.827523, "delta": 0.001705}}
{"target": -10.298243745864687, "params": {"colsample_bytree": 0.610555936127485, "eta": 0.029477118786308692, "gamma": 290.8608534945497, "max_depth": 5.0, "min_child_weight": 4161.956412224533, "num_boost_round": 6.0, "subsample": 0.22145775691848163}, "datetime": {"datetime": "2024-01-20 13:50:34", "elapsed": 1731.829561, "delta": 0.002038}}
{"target": -10.298222605831128, "params": {"colsample_bytree": 0.610555936127485, "eta": 0.029477118786308692, "gamma": 290.8608534945497, "max_depth": 5.0, "min_child_weight": 4161.956412224533, "num_boost_round": 7.0, "subsample": 0.22145775691848163}, "datetime": {"datetime": "2024-01-20 13:50:34", "elapsed": 1731.830994, "delta": 0.001433}}
{"target": -10.298241524651653, "params": {"colsample_bytree": 0.610555936127485, "eta": 0.029477118786308692, "gamma": 290.8608534945497, "max_depth": 5.0, "min_child_weight": 4161.956412224533, "num_boost_round": 8.0, "subsample": 0.22145775691848163}, "datetime": {"datetime": "2024-01-20 13:50:34", "elapsed": 1731.832278, "delta": 0.001284}}
{"target": -10.298191038614018, "params": {"colsample_bytree": 0.610555936127485, "eta": 0.029477118786308692, "gamma": 290.8608534945497, "max_depth": 5.0, "min_child_weight": 4161.956412224533, "num_boost_round": 9.0, "subsample": 0.22145775691848163}, "datetime": {"datetime": "2024-01-20 13:50:34", "elapsed": 1731.833526, "delta": 0.001248}}
{"target": -10.29816139424927, "params": {"colsample_bytree": 0.610555936127485, "eta": 0.029477118786308692, "gamma": 290.8608534945497, "max_depth": 5.0, "min_child_weight": 4161.956412224533, "num_boost_round": 10.0, "subsample": 0.22145775691848163}, "datetime": {"datetime": "2024-01-20 13:50:34", "elapsed": 1731.834777, "delta": 0.001251}}
{"target": -10.298079360776605, "params": {"colsample_bytree": 0.610555936127485, "eta": 0.029477118786308692, "gamma": 290.8608534945497, "max_depth": 5.0, "min_child_weight": 4161.956412224533, "num_boost_round": 11.0, "subsample": 0.22145775691848163}, "datetime": {"datetime": "2024-01-20 13:50:34", "elapsed": 1731.83653, "delta": 0.001753}}
{"target": -10.298169001778977, "params": {"colsample_bytree": 0.610555936127485, "eta": 0.029477118786308692, "gamma": 290.8608534945497, "max_depth": 5.0, "min_child_weight": 4161.956412224533, "num_boost_round": 12.0, "subsample": 0.22145775691848163}, "datetime": {"datetime": "2024-01-20 13:50:34", "elapsed": 1731.837997, "delta": 0.001467}}
{"target": -10.297901696912211, "params": {"colsample_bytree": 0.610555936127485, "eta": 0.029477118786308692, "gamma": 290.8608534945497, "max_depth": 5.0, "min_child_weight": 4161.956412224533, "num_boost_round": 13.0, "subsample": 0.22145775691848163}, "datetime": {"datetime": "2024-01-20 13:50:34", "elapsed": 1731.839459, "delta": 0.001462}}
{"target": -10.297979188465877, "params": {"colsample_bytree": 0.610555936127485, "eta": 0.029477118786308692, "gamma": 290.8608534945497, "max_depth": 5.0, "min_child_weight": 4161.956412224533, "num_boost_round": 14.0, "subsample": 0.22145775691848163}, "datetime": {"datetime": "2024-01-20 13:50:34", "elapsed": 1731.840785, "delta": 0.001326}}
{"target": -10.29803212149427, "params": {"colsample_bytree": 0.610555936127485, "eta": 0.029477118786308692, "gamma": 290.8608534945497, "max_depth": 5.0, "min_child_weight": 4161.956412224533, "num_boost_round": 15.0, "subsample": 0.22145775691848163}, "datetime": {"datetime": "2024-01-20 13:50:34", "elapsed": 1731.842167, "delta": 0.001382}}
{"target": -10.2979264458094, "params": {"colsample_bytree": 0.610555936127485, "eta": 0.029477118786308692, "gamma": 290.8608534945497, "max_depth": 5.0, "min_child_weight": 4161.956412224533, "num_boost_round": 16.0, "subsample": 0.22145775691848163}, "datetime": {"datetime": "2024-01-20 13:50:34", "elapsed": 1731.84341, "delta": 0.001243}}
{"target": -10.29799780674848, "params": {"colsample_bytree": 0.610555936127485, "eta": 0.029477118786308692, "gamma": 290.8608534945497, "max_depth": 5.0, "min_child_weight": 4161.956412224533, "num_boost_round": 17.0, "subsample": 0.22145775691848163}, "datetime": {"datetime": "2024-01-20 13:50:34", "elapsed": 1731.84466, "delta": 0.00125}}
{"target": -10.297974310139864, "params": {"colsample_bytree": 0.610555936127485, "eta": 0.029477118786308692, "gamma": 290.8608534945497, "max_depth": 5.0, "min_child_weight": 4161.956412224533, "num_boost_round": 18.0, "subsample": 0.22145775691848163}, "datetime": {"datetime": "2024-01-20 13:50:34", "elapsed": 1731.84587, "delta": 0.00121}}
{"target": -10.298114765365455, "params": {"colsample_bytree": 0.610555936127485, "eta": 0.029477118786308692, "gamma": 290.8608534945497, "max_depth": 5.0, "min_child_weight": 4161.956412224533, "num_boost_round": 19.0, "subsample": 0.22145775691848163}, "datetime": {"datetime": "2024-01-20 13:50:34", "elapsed": 1731.847106, "delta": 0.001236}}
{"target": -10.298190681372578, "params": {"colsample_bytree": 0.610555936127485, "eta": 0.029477118786308692, "gamma": 290.8608534945497, "max_depth": 5.0, "min_child_weight": 4161.956412224533, "num_boost_round": 20.0, "subsample": 0.22145775691848163}, "datetime": {"datetime": "2024-01-20 13:50:34", "elapsed": 1731.848371, "delta": 0.001265}}
{"target": -10.29832558517781, "params": {"colsample_bytree": 0.610555936127485, "eta": 0.029477118786308692, "gamma": 290.8608534945497, "max_depth": 5.0, "min_child_weight": 4161.956412224533, "num_boost_round": 21.0, "subsample": 0.22145775691848163}, "datetime": {"datetime": "2024-01-20 13:50:34", "elapsed": 1731.849693, "delta": 0.001322}}
{"target": -10.298276592674005, "params": {"colsample_bytree": 0.610555936127485, "eta": 0.029477118786308692, "gamma": 290.8608534945497, "max_depth": 5.0, "min_child_weight": 4161.956412224533, "num_boost_round": 22.0, "subsample": 0.22145775691848163}, "datetime": {"datetime": "2024-01-20 13:50:34", "elapsed": 1731.850975, "delta": 0.001282}}
{"target": -10.298398362104553, "params": {"colsample_bytree": 0.610555936127485, "eta": 0.029477118786308692, "gamma": 290.8608534945497, "max_depth": 5.0, "min_child_weight": 4161.956412224533, "num_boost_round": 23.0, "subsample": 0.22145775691848163}, "datetime": {"datetime": "2024-01-20 13:50:34", "elapsed": 1731.852263, "delta": 0.001288}}
{"target": -10.29838548203697, "params": {"colsample_bytree": 0.610555936127485, "eta": 0.029477118786308692, "gamma": 290.8608534945497, "max_depth": 5.0, "min_child_weight": 4161.956412224533, "num_boost_round": 24.0, "subsample": 0.22145775691848163}, "datetime": {"datetime": "2024-01-20 13:50:34", "elapsed": 1731.853534, "delta": 0.001271}}
{"target": -10.298512139049537, "params": {"colsample_bytree": 0.610555936127485, "eta": 0.029477118786308692, "gamma": 290.8608534945497, "max_depth": 5.0, "min_child_weight": 4161.956412224533, "num_boost_round": 25.0, "subsample": 0.22145775691848163}, "datetime": {"datetime": "2024-01-20 13:50:34", "elapsed": 1731.85483, "delta": 0.001296}}
{"target": -10.298721178906732, "params": {"colsample_bytree": 0.610555936127485, "eta": 0.029477118786308692, "gamma": 290.8608534945497, "max_depth": 5.0, "min_child_weight": 4161.956412224533, "num_boost_round": 26.0, "subsample": 0.22145775691848163}, "datetime": {"datetime": "2024-01-20 13:50:34", "elapsed": 1731.856131, "delta": 0.001301}}
{"target": -10.298751400098784, "params": {"colsample_bytree": 0.610555936127485, "eta": 0.029477118786308692, "gamma": 290.8608534945497, "max_depth": 5.0, "min_child_weight": 4161.956412224533, "num_boost_round": 27.0, "subsample": 0.22145775691848163}, "datetime": {"datetime": "2024-01-20 13:50:34", "elapsed": 1731.857423, "delta": 0.001292}}
{"target": -10.298887308542536, "params": {"colsample_bytree": 0.610555936127485, "eta": 0.029477118786308692, "gamma": 290.8608534945497, "max_depth": 5.0, "min_child_weight": 4161.956412224533, "num_boost_round": 28.0, "subsample": 0.22145775691848163}, "datetime": {"datetime": "2024-01-20 13:50:34", "elapsed": 1731.858698, "delta": 0.001275}}
{"target": -10.29911243827432, "params": {"colsample_bytree": 0.610555936127485, "eta": 0.029477118786308692, "gamma": 290.8608534945497, "max_depth": 5.0, "min_child_weight": 4161.956412224533, "num_boost_round": 29.0, "subsample": 0.22145775691848163}, "datetime": {"datetime": "2024-01-20 13:50:34", "elapsed": 1731.86, "delta": 0.001302}}
{"target": -10.299335779921488, "params": {"colsample_bytree": 0.610555936127485, "eta": 0.029477118786308692, "gamma": 290.8608534945497, "max_depth": 5.0, "min_child_weight": 4161.956412224533, "num_boost_round": 30.0, "subsample": 0.22145775691848163}, "datetime": {"datetime": "2024-01-20 13:50:34", "elapsed": 1731.861295, "delta": 0.001295}}
{"target": -10.29937225257396, "params": {"colsample_bytree": 0.610555936127485, "eta": 0.029477118786308692, "gamma": 290.8608534945497, "max_depth": 5.0, "min_child_weight": 4161.956412224533, "num_boost_round": 31.0, "subsample": 0.22145775691848163}, "datetime": {"datetime": "2024-01-20 13:50:34", "elapsed": 1731.862571, "delta": 0.001276}}
{"target": -10.299511481331852, "params": {"colsample_bytree": 0.610555936127485, "eta": 0.029477118786308692, "gamma": 290.8608534945497, "max_depth": 5.0, "min_child_weight": 4161.956412224533, "num_boost_round": 32.0, "subsample": 0.22145775691848163}, "datetime": {"datetime": "2024-01-20 13:50:34", "elapsed": 1731.863841, "delta": 0.00127}}
{"target": -10.299542449128701, "params": {"colsample_bytree": 0.610555936127485, "eta": 0.029477118786308692, "gamma": 290.8608534945497, "max_depth": 5.0, "min_child_weight": 4161.956412224533, "num_boost_round": 33.0, "subsample": 0.22145775691848163}, "datetime": {"datetime": "2024-01-20 13:50:34", "elapsed": 1731.865127, "delta": 0.001286}}
{"target": -10.299514460483229, "params": {"colsample_bytree": 0.610555936127485, "eta": 0.029477118786308692, "gamma": 290.8608534945497, "max_depth": 5.0, "min_child_weight": 4161.956412224533, "num_boost_round": 34.0, "subsample": 0.22145775691848163}, "datetime": {"datetime": "2024-01-20 13:50:34", "elapsed": 1731.866441, "delta": 0.001314}}
{"target": -10.29959826377084, "params": {"colsample_bytree": 0.610555936127485, "eta": 0.029477118786308692, "gamma": 290.8608534945497, "max_depth": 5.0, "min_child_weight": 4161.956412224533, "num_boost_round": 35.0, "subsample": 0.22145775691848163}, "datetime": {"datetime": "2024-01-20 13:50:34", "elapsed": 1731.867762, "delta": 0.001321}}
{"target": -10.299664477928207, "params": {"colsample_bytree": 0.610555936127485, "eta": 0.029477118786308692, "gamma": 290.8608534945497, "max_depth": 5.0, "min_child_weight": 4161.956412224533, "num_boost_round": 36.0, "subsample": 0.22145775691848163}, "datetime": {"datetime": "2024-01-20 13:50:34", "elapsed": 1731.869048, "delta": 0.001286}}
{"target": -10.29975220538731, "params": {"colsample_bytree": 0.610555936127485, "eta": 0.029477118786308692, "gamma": 290.8608534945497, "max_depth": 5.0, "min_child_weight": 4161.956412224533, "num_boost_round": 37.0, "subsample": 0.22145775691848163}, "datetime": {"datetime": "2024-01-20 13:50:34", "elapsed": 1731.870332, "delta": 0.001284}}
{"target": -10.298478235210183, "params": {"colsample_bytree": 0.3870857975728058, "eta": 0.008713477557897312, "gamma": 322.76526290067176, "max_depth": 2.0, "min_child_weight": 4128.499510473869, "num_boost_round": 1.0, "subsample": 0.9217941816745134}, "datetime": {"datetime": "2024-01-20 13:51:09", "elapsed": 1767.405915, "delta": 35.535583}}
{"target": -10.298478334179359, "params": {"colsample_bytree": 0.3870857975728058, "eta": 0.008713477557897312, "gamma": 322.76526290067176, "max_depth": 2.0, "min_child_weight": 4128.499510473869, "num_boost_round": 2.0, "subsample": 0.9217941816745134}, "datetime": {"datetime": "2024-01-20 13:51:09", "elapsed": 1767.410232, "delta": 0.004317}}
