{"target": -13.416129663001467, "params": {"colsample_bytree": 0.8353388785716379, "eta": 0.09658087674725857, "gamma": 1.8352566560996264, "max_depth": 7.0, "min_child_weight": 3427.8807008385993, "num_boost_round": 12.0, "subsample": 0.8041557376331909}, "datetime": {"datetime": "2024-01-20 16:49:33", "elapsed": 8708.517861, "delta": 0.00473}}
{"target": -13.417946900459341, "params": {"colsample_bytree": 0.8353388785716379, "eta": 0.09658087674725857, "gamma": 1.8352566560996264, "max_depth": 7.0, "min_child_weight": 3427.8807008385993, "num_boost_round": 13.0, "subsample": 0.8041557376331909}, "datetime": {"datetime": "2024-01-20 16:49:33", "elapsed": 8708.522346, "delta": 0.004485}}
{"target": -13.419117892591652, "params": {"colsample_bytree": 0.8353388785716379, "eta": 0.09658087674725857, "gamma": 1.8352566560996264, "max_depth": 7.0, "min_child_weight": 3427.8807008385993, "num_boost_round": 14.0, "subsample": 0.8041557376331909}, "datetime": {"datetime": "2024-01-20 16:49:33", "elapsed": 8708.52713, "delta": 0.004784}}
{"target": -13.420583328664216, "params": {"colsample_bytree": 0.8353388785716379, "eta": 0.09658087674725857, "gamma": 1.8352566560996264, "max_depth": 7.0, "min_child_weight": 3427.8807008385993, "num_boost_round": 15.0, "subsample": 0.8041557376331909}, "datetime": {"datetime": "2024-01-20 16:49:33", "elapsed": 8708.531781, "delta": 0.004651}}
{"target": -13.422133336209576, "params": {"colsample_bytree": 0.8353388785716379, "eta": 0.09658087674725857, "gamma": 1.8352566560996264, "max_depth": 7.0, "min_child_weight": 3427.8807008385993, "num_boost_round": 16.0, "subsample": 0.8041557376331909}, "datetime": {"datetime": "2024-01-20 16:49:33", "elapsed": 8708.536802, "delta": 0.005021}}
{"target": -13.422873928105183, "params": {"colsample_bytree": 0.8353388785716379, "eta": 0.09658087674725857, "gamma": 1.8352566560996264, "max_depth": 7.0, "min_child_weight": 3427.8807008385993, "num_boost_round": 17.0, "subsample": 0.8041557376331909}, "datetime": {"datetime": "2024-01-20 16:49:33", "elapsed": 8708.541267, "delta": 0.004465}}
{"target": -13.424760608706622, "params": {"colsample_bytree": 0.8353388785716379, "eta": 0.09658087674725857, "gamma": 1.8352566560996264, "max_depth": 7.0, "min_child_weight": 3427.8807008385993, "num_boost_round": 18.0, "subsample": 0.8041557376331909}, "datetime": {"datetime": "2024-01-20 16:49:33", "elapsed": 8708.546078, "delta": 0.004811}}
{"target": -13.425905134786632, "params": {"colsample_bytree": 0.8353388785716379, "eta": 0.09658087674725857, "gamma": 1.8352566560996264, "max_depth": 7.0, "min_child_weight": 3427.8807008385993, "num_boost_round": 19.0, "subsample": 0.8041557376331909}, "datetime": {"datetime": "2024-01-20 16:49:33", "elapsed": 8708.550556, "delta": 0.004478}}
{"target": -13.427284562171405, "params": {"colsample_bytree": 0.8353388785716379, "eta": 0.09658087674725857, "gamma": 1.8352566560996264, "max_depth": 7.0, "min_child_weight": 3427.8807008385993, "num_boost_round": 20.0, "subsample": 0.8041557376331909}, "datetime": {"datetime": "2024-01-20 16:49:33", "elapsed": 8708.555148, "delta": 0.004592}}
{"target": -13.429432290288075, "params": {"colsample_bytree": 0.8353388785716379, "eta": 0.09658087674725857, "gamma": 1.8352566560996264, "max_depth": 7.0, "min_child_weight": 3427.8807008385993, "num_boost_round": 21.0, "subsample": 0.8041557376331909}, "datetime": {"datetime": "2024-01-20 16:49:33", "elapsed": 8708.560109, "delta": 0.004961}}
{"target": -13.43187395041559, "params": {"colsample_bytree": 0.8353388785716379, "eta": 0.09658087674725857, "gamma": 1.8352566560996264, "max_depth": 7.0, "min_child_weight": 3427.8807008385993, "num_boost_round": 22.0, "subsample": 0.8041557376331909}, "datetime": {"datetime": "2024-01-20 16:49:33", "elapsed": 8708.565038, "delta": 0.004929}}
{"target": -13.434062613395433, "params": {"colsample_bytree": 0.8353388785716379, "eta": 0.09658087674725857, "gamma": 1.8352566560996264, "max_depth": 7.0, "min_child_weight": 3427.8807008385993, "num_boost_round": 23.0, "subsample": 0.8041557376331909}, "datetime": {"datetime": "2024-01-20 16:49:33", "elapsed": 8708.56972, "delta": 0.004682}}
{"target": -13.435746107452559, "params": {"colsample_bytree": 0.8353388785716379, "eta": 0.09658087674725857, "gamma": 1.8352566560996264, "max_depth": 7.0, "min_child_weight": 3427.8807008385993, "num_boost_round": 24.0, "subsample": 0.8041557376331909}, "datetime": {"datetime": "2024-01-20 16:49:33", "elapsed": 8708.574193, "delta": 0.004473}}
{"target": -13.437191928522667, "params": {"colsample_bytree": 0.8353388785716379, "eta": 0.09658087674725857, "gamma": 1.8352566560996264, "max_depth": 7.0, "min_child_weight": 3427.8807008385993, "num_boost_round": 25.0, "subsample": 0.8041557376331909}, "datetime": {"datetime": "2024-01-20 16:49:33", "elapsed": 8708.578982, "delta": 0.004789}}
{"target": -13.437684326208336, "params": {"colsample_bytree": 0.8353388785716379, "eta": 0.09658087674725857, "gamma": 1.8352566560996264, "max_depth": 7.0, "min_child_weight": 3427.8807008385993, "num_boost_round": 26.0, "subsample": 0.8041557376331909}, "datetime": {"datetime": "2024-01-20 16:49:33", "elapsed": 8708.583517, "delta": 0.004535}}
{"target": -13.438690762226788, "params": {"colsample_bytree": 0.8353388785716379, "eta": 0.09658087674725857, "gamma": 1.8352566560996264, "max_depth": 7.0, "min_child_weight": 3427.8807008385993, "num_boost_round": 27.0, "subsample": 0.8041557376331909}, "datetime": {"datetime": "2024-01-20 16:49:33", "elapsed": 8708.588379, "delta": 0.004862}}
{"target": -13.439924460349502, "params": {"colsample_bytree": 0.8353388785716379, "eta": 0.09658087674725857, "gamma": 1.8352566560996264, "max_depth": 7.0, "min_child_weight": 3427.8807008385993, "num_boost_round": 28.0, "subsample": 0.8041557376331909}, "datetime": {"datetime": "2024-01-20 16:49:33", "elapsed": 8708.593592, "delta": 0.005213}}
{"target": -13.440295793084612, "params": {"colsample_bytree": 0.8353388785716379, "eta": 0.09658087674725857, "gamma": 1.8352566560996264, "max_depth": 7.0, "min_child_weight": 3427.8807008385993, "num_boost_round": 29.0, "subsample": 0.8041557376331909}, "datetime": {"datetime": "2024-01-20 16:49:33", "elapsed": 8708.598437, "delta": 0.004845}}
{"target": -13.441862251944258, "params": {"colsample_bytree": 0.8353388785716379, "eta": 0.09658087674725857, "gamma": 1.8352566560996264, "max_depth": 7.0, "min_child_weight": 3427.8807008385993, "num_boost_round": 30.0, "subsample": 0.8041557376331909}, "datetime": {"datetime": "2024-01-20 16:49:33", "elapsed": 8708.602994, "delta": 0.004557}}
{"target": -13.442628037300896, "params": {"colsample_bytree": 0.8353388785716379, "eta": 0.09658087674725857, "gamma": 1.8352566560996264, "max_depth": 7.0, "min_child_weight": 3427.8807008385993, "num_boost_round": 31.0, "subsample": 0.8041557376331909}, "datetime": {"datetime": "2024-01-20 16:49:33", "elapsed": 8708.607568, "delta": 0.004574}}
{"target": -13.444380529571177, "params": {"colsample_bytree": 0.8353388785716379, "eta": 0.09658087674725857, "gamma": 1.8352566560996264, "max_depth": 7.0, "min_child_weight": 3427.8807008385993, "num_boost_round": 32.0, "subsample": 0.8041557376331909}, "datetime": {"datetime": "2024-01-20 16:49:33", "elapsed": 8708.612261, "delta": 0.004693}}
{"target": -13.445902130445273, "params": {"colsample_bytree": 0.8353388785716379, "eta": 0.09658087674725857, "gamma": 1.8352566560996264, "max_depth": 7.0, "min_child_weight": 3427.8807008385993, "num_boost_round": 33.0, "subsample": 0.8041557376331909}, "datetime": {"datetime": "2024-01-20 16:49:33", "elapsed": 8708.617065, "delta": 0.004804}}
{"target": -13.44769749296044, "params": {"colsample_bytree": 0.8353388785716379, "eta": 0.09658087674725857, "gamma": 1.8352566560996264, "max_depth": 7.0, "min_child_weight": 3427.8807008385993, "num_boost_round": 34.0, "subsample": 0.8041557376331909}, "datetime": {"datetime": "2024-01-20 16:49:33", "elapsed": 8708.622931, "delta": 0.005866}}
{"target": -13.448978817463313, "params": {"colsample_bytree": 0.8353388785716379, "eta": 0.09658087674725857, "gamma": 1.8352566560996264, "max_depth": 7.0, "min_child_weight": 3427.8807008385993, "num_boost_round": 35.0, "subsample": 0.8041557376331909}, "datetime": {"datetime": "2024-01-20 16:49:33", "elapsed": 8708.628003, "delta": 0.005072}}
{"target": -13.450467186360349, "params": {"colsample_bytree": 0.8353388785716379, "eta": 0.09658087674725857, "gamma": 1.8352566560996264, "max_depth": 7.0, "min_child_weight": 3427.8807008385993, "num_boost_round": 36.0, "subsample": 0.8041557376331909}, "datetime": {"datetime": "2024-01-20 16:49:33", "elapsed": 8708.632582, "delta": 0.004579}}
{"target": -13.451870214135631, "params": {"colsample_bytree": 0.8353388785716379, "eta": 0.09658087674725857, "gamma": 1.8352566560996264, "max_depth": 7.0, "min_child_weight": 3427.8807008385993, "num_boost_round": 37.0, "subsample": 0.8041557376331909}, "datetime": {"datetime": "2024-01-20 16:49:33", "elapsed": 8708.637258, "delta": 0.004676}}
{"target": -13.452867073060347, "params": {"colsample_bytree": 0.8353388785716379, "eta": 0.09658087674725857, "gamma": 1.8352566560996264, "max_depth": 7.0, "min_child_weight": 3427.8807008385993, "num_boost_round": 38.0, "subsample": 0.8041557376331909}, "datetime": {"datetime": "2024-01-20 16:49:33", "elapsed": 8708.641899, "delta": 0.004641}}
{"target": -13.454412601255534, "params": {"colsample_bytree": 0.8353388785716379, "eta": 0.09658087674725857, "gamma": 1.8352566560996264, "max_depth": 7.0, "min_child_weight": 3427.8807008385993, "num_boost_round": 39.0, "subsample": 0.8041557376331909}, "datetime": {"datetime": "2024-01-20 16:49:33", "elapsed": 8708.646943, "delta": 0.005044}}
{"target": -13.455874287567068, "params": {"colsample_bytree": 0.8353388785716379, "eta": 0.09658087674725857, "gamma": 1.8352566560996264, "max_depth": 7.0, "min_child_weight": 3427.8807008385993, "num_boost_round": 40.0, "subsample": 0.8041557376331909}, "datetime": {"datetime": "2024-01-20 16:49:34", "elapsed": 8708.652061, "delta": 0.005118}}
{"target": -13.45714342490951, "params": {"colsample_bytree": 0.8353388785716379, "eta": 0.09658087674725857, "gamma": 1.8352566560996264, "max_depth": 7.0, "min_child_weight": 3427.8807008385993, "num_boost_round": 41.0, "subsample": 0.8041557376331909}, "datetime": {"datetime": "2024-01-20 16:49:34", "elapsed": 8708.99912, "delta": 0.347059}}
{"target": -13.45866009113929, "params": {"colsample_bytree": 0.8353388785716379, "eta": 0.09658087674725857, "gamma": 1.8352566560996264, "max_depth": 7.0, "min_child_weight": 3427.8807008385993, "num_boost_round": 42.0, "subsample": 0.8041557376331909}, "datetime": {"datetime": "2024-01-20 16:49:34", "elapsed": 8709.00482, "delta": 0.0057}}
{"target": -13.459305988464443, "params": {"colsample_bytree": 0.8353388785716379, "eta": 0.09658087674725857, "gamma": 1.8352566560996264, "max_depth": 7.0, "min_child_weight": 3427.8807008385993, "num_boost_round": 43.0, "subsample": 0.8041557376331909}, "datetime": {"datetime": "2024-01-20 16:49:34", "elapsed": 8709.009824, "delta": 0.005004}}
{"target": -13.459685670869435, "params": {"colsample_bytree": 0.8353388785716379, "eta": 0.09658087674725857, "gamma": 1.8352566560996264, "max_depth": 7.0, "min_child_weight": 3427.8807008385993, "num_boost_round": 44.0, "subsample": 0.8041557376331909}, "datetime": {"datetime": "2024-01-20 16:49:34", "elapsed": 8709.014734, "delta": 0.00491}}
{"target": -13.460560813899601, "params": {"colsample_bytree": 0.8353388785716379, "eta": 0.09658087674725857, "gamma": 1.8352566560996264, "max_depth": 7.0, "min_child_weight": 3427.8807008385993, "num_boost_round": 45.0, "subsample": 0.8041557376331909}, "datetime": {"datetime": "2024-01-20 16:49:34", "elapsed": 8709.01981, "delta": 0.005076}}
{"target": -13.462444973385438, "params": {"colsample_bytree": 0.8353388785716379, "eta": 0.09658087674725857, "gamma": 1.8352566560996264, "max_depth": 7.0, "min_child_weight": 3427.8807008385993, "num_boost_round": 46.0, "subsample": 0.8041557376331909}, "datetime": {"datetime": "2024-01-20 16:49:34", "elapsed": 8709.024453, "delta": 0.004643}}
{"target": -13.463208654608987, "params": {"colsample_bytree": 0.8353388785716379, "eta": 0.09658087674725857, "gamma": 1.8352566560996264, "max_depth": 7.0, "min_child_weight": 3427.8807008385993, "num_boost_round": 47.0, "subsample": 0.8041557376331909}, "datetime": {"datetime": "2024-01-20 16:49:34", "elapsed": 8709.029153, "delta": 0.0047}}
{"target": -13.464335827540907, "params": {"colsample_bytree": 0.8353388785716379, "eta": 0.09658087674725857, "gamma": 1.8352566560996264, "max_depth": 7.0, "min_child_weight": 3427.8807008385993, "num_boost_round": 48.0, "subsample": 0.8041557376331909}, "datetime": {"datetime": "2024-01-20 16:49:34", "elapsed": 8709.034082, "delta": 0.004929}}
{"target": -13.397666733076122, "params": {"colsample_bytree": 0.7955160584504601, "eta": 0.013447713404234889, "gamma": 569.6818222972944, "max_depth": 9.0, "min_child_weight": 3763.1956785061366, "num_boost_round": 1.0, "subsample": 0.8337786198385585}, "datetime": {"datetime": "2024-01-20 16:50:52", "elapsed": 8786.809287, "delta": 77.775205}}
{"target": -13.397507824097922, "params": {"colsample_bytree": 0.7955160584504601, "eta": 0.013447713404234889, "gamma": 569.6818222972944, "max_depth": 9.0, "min_child_weight": 3763.1956785061366, "num_boost_round": 2.0, "subsample": 0.8337786198385585}, "datetime": {"datetime": "2024-01-20 16:50:52", "elapsed": 8786.81526, "delta": 0.005973}}
{"target": -13.397314881462515, "params": {"colsample_bytree": 0.26057666849708194, "eta": 0.06886510916592377, "gamma": 840.7328723458799, "max_depth": 8.0, "min_child_weight": 3085.668475080008, "num_boost_round": 1.0, "subsample": 0.4120600463048413}, "datetime": {"datetime": "2024-01-20 16:51:36", "elapsed": 8830.944388, "delta": 44.129128}}
{"target": -13.397210909332372, "params": {"colsample_bytree": 0.26057666849708194, "eta": 0.06886510916592377, "gamma": 840.7328723458799, "max_depth": 8.0, "min_child_weight": 3085.668475080008, "num_boost_round": 2.0, "subsample": 0.4120600463048413}, "datetime": {"datetime": "2024-01-20 16:51:36", "elapsed": 8830.949645, "delta": 0.005257}}
{"target": -13.397071053709901, "params": {"colsample_bytree": 0.26057666849708194, "eta": 0.06886510916592377, "gamma": 840.7328723458799, "max_depth": 8.0, "min_child_weight": 3085.668475080008, "num_boost_round": 3.0, "subsample": 0.4120600463048413}, "datetime": {"datetime": "2024-01-20 16:51:36", "elapsed": 8830.954381, "delta": 0.004736}}
{"target": -13.397885434306868, "params": {"colsample_bytree": 0.26057666849708194, "eta": 0.06886510916592377, "gamma": 840.7328723458799, "max_depth": 8.0, "min_child_weight": 3085.668475080008, "num_boost_round": 4.0, "subsample": 0.4120600463048413}, "datetime": {"datetime": "2024-01-20 16:51:36", "elapsed": 8830.959253, "delta": 0.004872}}
{"target": -13.39769100941956, "params": {"colsample_bytree": 0.8524463007113379, "eta": 0.03887641064103525, "gamma": 344.4225464823265, "max_depth": 7.0, "min_child_weight": 3168.7508606916826, "num_boost_round": 1.0, "subsample": 0.5673870813761264}, "datetime": {"datetime": "2024-01-20 16:52:58", "elapsed": 8913.442493, "delta": 82.48324}}
{"target": -13.39765977387723, "params": {"colsample_bytree": 0.8524463007113379, "eta": 0.03887641064103525, "gamma": 344.4225464823265, "max_depth": 7.0, "min_child_weight": 3168.7508606916826, "num_boost_round": 2.0, "subsample": 0.5673870813761264}, "datetime": {"datetime": "2024-01-20 16:52:58", "elapsed": 8913.448064, "delta": 0.005571}}
{"target": -13.39783260462408, "params": {"colsample_bytree": 0.8524463007113379, "eta": 0.03887641064103525, "gamma": 344.4225464823265, "max_depth": 7.0, "min_child_weight": 3168.7508606916826, "num_boost_round": 3.0, "subsample": 0.5673870813761264}, "datetime": {"datetime": "2024-01-20 16:52:58", "elapsed": 8913.453131, "delta": 0.005067}}
{"target": -13.397696024911076, "params": {"colsample_bytree": 0.8524463007113379, "eta": 0.03887641064103525, "gamma": 344.4225464823265, "max_depth": 7.0, "min_child_weight": 3168.7508606916826, "num_boost_round": 4.0, "subsample": 0.5673870813761264}, "datetime": {"datetime": "2024-01-20 16:52:58", "elapsed": 8913.457739, "delta": 0.004608}}
{"target": -13.397912634025154, "params": {"colsample_bytree": 0.8524463007113379, "eta": 0.03887641064103525, "gamma": 344.4225464823265, "max_depth": 7.0, "min_child_weight": 3168.7508606916826, "num_boost_round": 5.0, "subsample": 0.5673870813761264}, "datetime": {"datetime": "2024-01-20 16:52:58", "elapsed": 8913.4622, "delta": 0.004461}}
{"target": -13.39810525491571, "params": {"colsample_bytree": 0.648176923522414, "eta": 0.07965353617753702, "gamma": 100.17811755326144, "max_depth": 2.0, "min_child_weight": 3867.3402060932203, "num_boost_round": 1.0, "subsample": 0.8271183435042392}, "datetime": {"datetime": "2024-01-20 16:53:52", "elapsed": 8967.150999, "delta": 53.688799}}
{"target": -13.39884797730707, "params": {"colsample_bytree": 0.648176923522414, "eta": 0.07965353617753702, "gamma": 100.17811755326144, "max_depth": 2.0, "min_child_weight": 3867.3402060932203, "num_boost_round": 2.0, "subsample": 0.8271183435042392}, "datetime": {"datetime": "2024-01-20 16:53:52", "elapsed": 8967.156594, "delta": 0.005595}}
{"target": -13.398929639927012, "params": {"colsample_bytree": 0.648176923522414, "eta": 0.07965353617753702, "gamma": 100.17811755326144, "max_depth": 2.0, "min_child_weight": 3867.3402060932203, "num_boost_round": 3.0, "subsample": 0.8271183435042392}, "datetime": {"datetime": "2024-01-20 16:53:52", "elapsed": 8967.161672, "delta": 0.005078}}
{"target": -13.398113445946777, "params": {"colsample_bytree": 0.4764331921158629, "eta": 0.07901601344177286, "gamma": 381.6246328438905, "max_depth": 2.0, "min_child_weight": 3106.700514606454, "num_boost_round": 1.0, "subsample": 0.5843283151496728}, "datetime": {"datetime": "2024-01-20 16:54:47", "elapsed": 9021.840984, "delta": 54.679312}}
{"target": -13.398720267178648, "params": {"colsample_bytree": 0.4764331921158629, "eta": 0.07901601344177286, "gamma": 381.6246328438905, "max_depth": 2.0, "min_child_weight": 3106.700514606454, "num_boost_round": 2.0, "subsample": 0.5843283151496728}, "datetime": {"datetime": "2024-01-20 16:54:47", "elapsed": 9021.846771, "delta": 0.005787}}
{"target": -13.399094016505614, "params": {"colsample_bytree": 0.4764331921158629, "eta": 0.07901601344177286, "gamma": 381.6246328438905, "max_depth": 2.0, "min_child_weight": 3106.700514606454, "num_boost_round": 3.0, "subsample": 0.5843283151496728}, "datetime": {"datetime": "2024-01-20 16:54:47", "elapsed": 9021.853843, "delta": 0.007072}}
{"target": -13.399653283955857, "params": {"colsample_bytree": 0.4764331921158629, "eta": 0.07901601344177286, "gamma": 381.6246328438905, "max_depth": 2.0, "min_child_weight": 3106.700514606454, "num_boost_round": 4.0, "subsample": 0.5843283151496728}, "datetime": {"datetime": "2024-01-20 16:54:47", "elapsed": 9021.861486, "delta": 0.007643}}
{"target": -13.40045478249384, "params": {"colsample_bytree": 0.4764331921158629, "eta": 0.07901601344177286, "gamma": 381.6246328438905, "max_depth": 2.0, "min_child_weight": 3106.700514606454, "num_boost_round": 5.0, "subsample": 0.5843283151496728}, "datetime": {"datetime": "2024-01-20 16:54:47", "elapsed": 9021.867698, "delta": 0.006212}}
{"target": -13.401109615170382, "params": {"colsample_bytree": 0.4764331921158629, "eta": 0.07901601344177286, "gamma": 381.6246328438905, "max_depth": 2.0, "min_child_weight": 3106.700514606454, "num_boost_round": 6.0, "subsample": 0.5843283151496728}, "datetime": {"datetime": "2024-01-20 16:54:47", "elapsed": 9021.872622, "delta": 0.004924}}
{"target": -13.40196421473033, "params": {"colsample_bytree": 0.4764331921158629, "eta": 0.07901601344177286, "gamma": 381.6246328438905, "max_depth": 2.0, "min_child_weight": 3106.700514606454, "num_boost_round": 7.0, "subsample": 0.5843283151496728}, "datetime": {"datetime": "2024-01-20 16:54:47", "elapsed": 9021.877609, "delta": 0.004987}}
{"target": -13.397671460370017, "params": {"colsample_bytree": 0.701545517655566, "eta": 0.07222715956610398, "gamma": 595.5319948865863, "max_depth": 7.0, "min_child_weight": 3208.6080011735526, "num_boost_round": 1.0, "subsample": 0.8612926536151508}, "datetime": {"datetime": "2024-01-20 16:56:05", "elapsed": 9099.929587, "delta": 78.051978}}
{"target": -13.397377322328618, "params": {"colsample_bytree": 0.36192225727139726, "eta": 0.054353379587481036, "gamma": 822.8282899943132, "max_depth": 7.0, "min_child_weight": 3386.395565562795, "num_boost_round": 1.0, "subsample": 0.22936994496317653}, "datetime": {"datetime": "2024-01-20 16:57:30", "elapsed": 9185.08028, "delta": 85.150693}}
{"target": -13.39724417638597, "params": {"colsample_bytree": 0.36192225727139726, "eta": 0.054353379587481036, "gamma": 822.8282899943132, "max_depth": 7.0, "min_child_weight": 3386.395565562795, "num_boost_round": 2.0, "subsample": 0.22936994496317653}, "datetime": {"datetime": "2024-01-20 16:57:30", "elapsed": 9185.086579, "delta": 0.006299}}
{"target": -13.397813210678121, "params": {"colsample_bytree": 0.7058829810766782, "eta": 0.039842346935558264, "gamma": 557.1041993071267, "max_depth": 9.0, "min_child_weight": 3147.845532249085, "num_boost_round": 1.0, "subsample": 0.6225933206368192}, "datetime": {"datetime": "2024-01-20 16:58:36", "elapsed": 9251.354899, "delta": 66.26832}}
{"target": -13.397777166146529, "params": {"colsample_bytree": 0.7058829810766782, "eta": 0.039842346935558264, "gamma": 557.1041993071267, "max_depth": 9.0, "min_child_weight": 3147.845532249085, "num_boost_round": 2.0, "subsample": 0.6225933206368192}, "datetime": {"datetime": "2024-01-20 16:58:36", "elapsed": 9251.361961, "delta": 0.007062}}
