{"target": -13.497442389975003, "params": {"colsample_bytree": 0.10926617168114836, "eta": 0.008604102447144962, "gamma": 495.7021654460341, "max_depth": 3.0, "min_child_weight": 4396.669656219538, "num_boost_round": 23.0, "subsample": 0.11784729090437181}, "datetime": {"datetime": "2024-01-20 14:40:35", "elapsed": 989.261705, "delta": 0.001472}}
{"target": -13.497423910346903, "params": {"colsample_bytree": 0.10926617168114836, "eta": 0.008604102447144962, "gamma": 495.7021654460341, "max_depth": 3.0, "min_child_weight": 4396.669656219538, "num_boost_round": 24.0, "subsample": 0.11784729090437181}, "datetime": {"datetime": "2024-01-20 14:40:35", "elapsed": 989.263186, "delta": 0.001481}}
{"target": -13.497379871984734, "params": {"colsample_bytree": 0.10926617168114836, "eta": 0.008604102447144962, "gamma": 495.7021654460341, "max_depth": 3.0, "min_child_weight": 4396.669656219538, "num_boost_round": 25.0, "subsample": 0.11784729090437181}, "datetime": {"datetime": "2024-01-20 14:40:35", "elapsed": 989.264666, "delta": 0.00148}}
{"target": -13.497315475391542, "params": {"colsample_bytree": 0.10926617168114836, "eta": 0.008604102447144962, "gamma": 495.7021654460341, "max_depth": 3.0, "min_child_weight": 4396.669656219538, "num_boost_round": 26.0, "subsample": 0.11784729090437181}, "datetime": {"datetime": "2024-01-20 14:40:35", "elapsed": 989.266151, "delta": 0.001485}}
{"target": -13.497263075448856, "params": {"colsample_bytree": 0.10926617168114836, "eta": 0.008604102447144962, "gamma": 495.7021654460341, "max_depth": 3.0, "min_child_weight": 4396.669656219538, "num_boost_round": 27.0, "subsample": 0.11784729090437181}, "datetime": {"datetime": "2024-01-20 14:40:35", "elapsed": 989.267633, "delta": 0.001482}}
{"target": -13.497213804419449, "params": {"colsample_bytree": 0.10926617168114836, "eta": 0.008604102447144962, "gamma": 495.7021654460341, "max_depth": 3.0, "min_child_weight": 4396.669656219538, "num_boost_round": 28.0, "subsample": 0.11784729090437181}, "datetime": {"datetime": "2024-01-20 14:40:35", "elapsed": 989.26911, "delta": 0.001477}}
{"target": -13.497202333162143, "params": {"colsample_bytree": 0.10926617168114836, "eta": 0.008604102447144962, "gamma": 495.7021654460341, "max_depth": 3.0, "min_child_weight": 4396.669656219538, "num_boost_round": 29.0, "subsample": 0.11784729090437181}, "datetime": {"datetime": "2024-01-20 14:40:35", "elapsed": 989.270593, "delta": 0.001483}}
{"target": -13.497189752929142, "params": {"colsample_bytree": 0.10926617168114836, "eta": 0.008604102447144962, "gamma": 495.7021654460341, "max_depth": 3.0, "min_child_weight": 4396.669656219538, "num_boost_round": 30.0, "subsample": 0.11784729090437181}, "datetime": {"datetime": "2024-01-20 14:40:35", "elapsed": 989.272182, "delta": 0.001589}}
{"target": -13.497160957808765, "params": {"colsample_bytree": 0.10926617168114836, "eta": 0.008604102447144962, "gamma": 495.7021654460341, "max_depth": 3.0, "min_child_weight": 4396.669656219538, "num_boost_round": 31.0, "subsample": 0.11784729090437181}, "datetime": {"datetime": "2024-01-20 14:40:35", "elapsed": 989.273662, "delta": 0.00148}}
{"target": -13.497156831565722, "params": {"colsample_bytree": 0.10926617168114836, "eta": 0.008604102447144962, "gamma": 495.7021654460341, "max_depth": 3.0, "min_child_weight": 4396.669656219538, "num_boost_round": 32.0, "subsample": 0.11784729090437181}, "datetime": {"datetime": "2024-01-20 14:40:35", "elapsed": 989.275189, "delta": 0.001527}}
{"target": -13.497142267897308, "params": {"colsample_bytree": 0.10926617168114836, "eta": 0.008604102447144962, "gamma": 495.7021654460341, "max_depth": 3.0, "min_child_weight": 4396.669656219538, "num_boost_round": 33.0, "subsample": 0.11784729090437181}, "datetime": {"datetime": "2024-01-20 14:40:35", "elapsed": 989.276679, "delta": 0.00149}}
{"target": -13.4971412132344, "params": {"colsample_bytree": 0.10926617168114836, "eta": 0.008604102447144962, "gamma": 495.7021654460341, "max_depth": 3.0, "min_child_weight": 4396.669656219538, "num_boost_round": 34.0, "subsample": 0.11784729090437181}, "datetime": {"datetime": "2024-01-20 14:40:35", "elapsed": 989.278172, "delta": 0.001493}}
{"target": -13.497108049782788, "params": {"colsample_bytree": 0.10926617168114836, "eta": 0.008604102447144962, "gamma": 495.7021654460341, "max_depth": 3.0, "min_child_weight": 4396.669656219538, "num_boost_round": 35.0, "subsample": 0.11784729090437181}, "datetime": {"datetime": "2024-01-20 14:40:35", "elapsed": 989.279668, "delta": 0.001496}}
{"target": -13.497099187200789, "params": {"colsample_bytree": 0.10926617168114836, "eta": 0.008604102447144962, "gamma": 495.7021654460341, "max_depth": 3.0, "min_child_weight": 4396.669656219538, "num_boost_round": 36.0, "subsample": 0.11784729090437181}, "datetime": {"datetime": "2024-01-20 14:40:35", "elapsed": 989.281172, "delta": 0.001504}}
{"target": -13.497067749472578, "params": {"colsample_bytree": 0.10926617168114836, "eta": 0.008604102447144962, "gamma": 495.7021654460341, "max_depth": 3.0, "min_child_weight": 4396.669656219538, "num_boost_round": 37.0, "subsample": 0.11784729090437181}, "datetime": {"datetime": "2024-01-20 14:40:35", "elapsed": 989.282714, "delta": 0.001542}}
{"target": -13.497025396452143, "params": {"colsample_bytree": 0.10926617168114836, "eta": 0.008604102447144962, "gamma": 495.7021654460341, "max_depth": 3.0, "min_child_weight": 4396.669656219538, "num_boost_round": 38.0, "subsample": 0.11784729090437181}, "datetime": {"datetime": "2024-01-20 14:40:35", "elapsed": 989.28422, "delta": 0.001506}}
{"target": -13.496976084072628, "params": {"colsample_bytree": 0.10926617168114836, "eta": 0.008604102447144962, "gamma": 495.7021654460341, "max_depth": 3.0, "min_child_weight": 4396.669656219538, "num_boost_round": 39.0, "subsample": 0.11784729090437181}, "datetime": {"datetime": "2024-01-20 14:40:35", "elapsed": 989.285729, "delta": 0.001509}}
{"target": -13.496969815007684, "params": {"colsample_bytree": 0.10926617168114836, "eta": 0.008604102447144962, "gamma": 495.7021654460341, "max_depth": 3.0, "min_child_weight": 4396.669656219538, "num_boost_round": 40.0, "subsample": 0.11784729090437181}, "datetime": {"datetime": "2024-01-20 14:40:35", "elapsed": 989.287239, "delta": 0.00151}}
{"target": -13.496983749490877, "params": {"colsample_bytree": 0.10926617168114836, "eta": 0.008604102447144962, "gamma": 495.7021654460341, "max_depth": 3.0, "min_child_weight": 4396.669656219538, "num_boost_round": 41.0, "subsample": 0.11784729090437181}, "datetime": {"datetime": "2024-01-20 14:40:35", "elapsed": 989.288778, "delta": 0.001539}}
{"target": -13.496969500602813, "params": {"colsample_bytree": 0.10926617168114836, "eta": 0.008604102447144962, "gamma": 495.7021654460341, "max_depth": 3.0, "min_child_weight": 4396.669656219538, "num_boost_round": 42.0, "subsample": 0.11784729090437181}, "datetime": {"datetime": "2024-01-20 14:40:35", "elapsed": 989.290298, "delta": 0.00152}}
{"target": -13.496960348189958, "params": {"colsample_bytree": 0.10926617168114836, "eta": 0.008604102447144962, "gamma": 495.7021654460341, "max_depth": 3.0, "min_child_weight": 4396.669656219538, "num_boost_round": 43.0, "subsample": 0.11784729090437181}, "datetime": {"datetime": "2024-01-20 14:40:35", "elapsed": 989.291917, "delta": 0.001619}}
{"target": -13.49695184572218, "params": {"colsample_bytree": 0.10926617168114836, "eta": 0.008604102447144962, "gamma": 495.7021654460341, "max_depth": 3.0, "min_child_weight": 4396.669656219538, "num_boost_round": 44.0, "subsample": 0.11784729090437181}, "datetime": {"datetime": "2024-01-20 14:40:35", "elapsed": 989.293439, "delta": 0.001522}}
{"target": -13.496926147052685, "params": {"colsample_bytree": 0.10926617168114836, "eta": 0.008604102447144962, "gamma": 495.7021654460341, "max_depth": 3.0, "min_child_weight": 4396.669656219538, "num_boost_round": 45.0, "subsample": 0.11784729090437181}, "datetime": {"datetime": "2024-01-20 14:40:35", "elapsed": 989.295045, "delta": 0.001606}}
{"target": -13.496902915550205, "params": {"colsample_bytree": 0.10926617168114836, "eta": 0.008604102447144962, "gamma": 495.7021654460341, "max_depth": 3.0, "min_child_weight": 4396.669656219538, "num_boost_round": 46.0, "subsample": 0.11784729090437181}, "datetime": {"datetime": "2024-01-20 14:40:35", "elapsed": 989.296556, "delta": 0.001511}}
{"target": -13.49690072045948, "params": {"colsample_bytree": 0.10926617168114836, "eta": 0.008604102447144962, "gamma": 495.7021654460341, "max_depth": 3.0, "min_child_weight": 4396.669656219538, "num_boost_round": 47.0, "subsample": 0.11784729090437181}, "datetime": {"datetime": "2024-01-20 14:40:35", "elapsed": 989.298078, "delta": 0.001522}}
{"target": -13.49689195183991, "params": {"colsample_bytree": 0.10926617168114836, "eta": 0.008604102447144962, "gamma": 495.7021654460341, "max_depth": 3.0, "min_child_weight": 4396.669656219538, "num_boost_round": 48.0, "subsample": 0.11784729090437181}, "datetime": {"datetime": "2024-01-20 14:40:35", "elapsed": 989.299591, "delta": 0.001513}}
{"target": -13.496885809746344, "params": {"colsample_bytree": 0.10926617168114836, "eta": 0.008604102447144962, "gamma": 495.7021654460341, "max_depth": 3.0, "min_child_weight": 4396.669656219538, "num_boost_round": 49.0, "subsample": 0.11784729090437181}, "datetime": {"datetime": "2024-01-20 14:40:35", "elapsed": 989.301139, "delta": 0.001548}}
{"target": -13.496843025613174, "params": {"colsample_bytree": 0.10926617168114836, "eta": 0.008604102447144962, "gamma": 495.7021654460341, "max_depth": 3.0, "min_child_weight": 4396.669656219538, "num_boost_round": 50.0, "subsample": 0.11784729090437181}, "datetime": {"datetime": "2024-01-20 14:40:35", "elapsed": 989.30266, "delta": 0.001521}}
{"target": -13.49683130765941, "params": {"colsample_bytree": 0.10926617168114836, "eta": 0.008604102447144962, "gamma": 495.7021654460341, "max_depth": 3.0, "min_child_weight": 4396.669656219538, "num_boost_round": 51.0, "subsample": 0.11784729090437181}, "datetime": {"datetime": "2024-01-20 14:40:35", "elapsed": 989.304182, "delta": 0.001522}}
{"target": -13.496793008581875, "params": {"colsample_bytree": 0.10926617168114836, "eta": 0.008604102447144962, "gamma": 495.7021654460341, "max_depth": 3.0, "min_child_weight": 4396.669656219538, "num_boost_round": 52.0, "subsample": 0.11784729090437181}, "datetime": {"datetime": "2024-01-20 14:40:35", "elapsed": 989.305706, "delta": 0.001524}}
{"target": -13.496756909464306, "params": {"colsample_bytree": 0.10926617168114836, "eta": 0.008604102447144962, "gamma": 495.7021654460341, "max_depth": 3.0, "min_child_weight": 4396.669656219538, "num_boost_round": 53.0, "subsample": 0.11784729090437181}, "datetime": {"datetime": "2024-01-20 14:40:35", "elapsed": 989.307248, "delta": 0.001542}}
{"target": -13.496719951653684, "params": {"colsample_bytree": 0.10926617168114836, "eta": 0.008604102447144962, "gamma": 495.7021654460341, "max_depth": 3.0, "min_child_weight": 4396.669656219538, "num_boost_round": 54.0, "subsample": 0.11784729090437181}, "datetime": {"datetime": "2024-01-20 14:40:35", "elapsed": 989.308774, "delta": 0.001526}}
{"target": -13.496719267103831, "params": {"colsample_bytree": 0.10926617168114836, "eta": 0.008604102447144962, "gamma": 495.7021654460341, "max_depth": 3.0, "min_child_weight": 4396.669656219538, "num_boost_round": 55.0, "subsample": 0.11784729090437181}, "datetime": {"datetime": "2024-01-20 14:40:35", "elapsed": 989.310308, "delta": 0.001534}}
{"target": -13.497722213072226, "params": {"colsample_bytree": 0.1265134165247806, "eta": 0.09328897684265822, "gamma": 538.0892188317379, "max_depth": 8.0, "min_child_weight": 4434.967040162856, "num_boost_round": 1.0, "subsample": 0.9400067847694241}, "datetime": {"datetime": "2024-01-20 14:41:19", "elapsed": 1033.271881, "delta": 43.961573}}
{"target": -13.497918258326589, "params": {"colsample_bytree": 0.1265134165247806, "eta": 0.09328897684265822, "gamma": 538.0892188317379, "max_depth": 8.0, "min_child_weight": 4434.967040162856, "num_boost_round": 2.0, "subsample": 0.9400067847694241}, "datetime": {"datetime": "2024-01-20 14:41:19", "elapsed": 1033.274697, "delta": 0.002816}}
{"target": -13.497892793207964, "params": {"colsample_bytree": 0.1265134165247806, "eta": 0.09328897684265822, "gamma": 538.0892188317379, "max_depth": 8.0, "min_child_weight": 4434.967040162856, "num_boost_round": 3.0, "subsample": 0.9400067847694241}, "datetime": {"datetime": "2024-01-20 14:41:19", "elapsed": 1033.276283, "delta": 0.001586}}
{"target": -13.498349561110821, "params": {"colsample_bytree": 0.1265134165247806, "eta": 0.09328897684265822, "gamma": 538.0892188317379, "max_depth": 8.0, "min_child_weight": 4434.967040162856, "num_boost_round": 4.0, "subsample": 0.9400067847694241}, "datetime": {"datetime": "2024-01-20 14:41:19", "elapsed": 1033.27784, "delta": 0.001557}}
{"target": -13.498849407486068, "params": {"colsample_bytree": 0.1265134165247806, "eta": 0.09328897684265822, "gamma": 538.0892188317379, "max_depth": 8.0, "min_child_weight": 4434.967040162856, "num_boost_round": 5.0, "subsample": 0.9400067847694241}, "datetime": {"datetime": "2024-01-20 14:41:19", "elapsed": 1033.279443, "delta": 0.001603}}
{"target": -13.498958574764227, "params": {"colsample_bytree": 0.1265134165247806, "eta": 0.09328897684265822, "gamma": 538.0892188317379, "max_depth": 8.0, "min_child_weight": 4434.967040162856, "num_boost_round": 6.0, "subsample": 0.9400067847694241}, "datetime": {"datetime": "2024-01-20 14:41:19", "elapsed": 1033.281039, "delta": 0.001596}}
{"target": -13.499396158153658, "params": {"colsample_bytree": 0.1265134165247806, "eta": 0.09328897684265822, "gamma": 538.0892188317379, "max_depth": 8.0, "min_child_weight": 4434.967040162856, "num_boost_round": 7.0, "subsample": 0.9400067847694241}, "datetime": {"datetime": "2024-01-20 14:41:19", "elapsed": 1033.282577, "delta": 0.001538}}
{"target": -13.49942474079722, "params": {"colsample_bytree": 0.1265134165247806, "eta": 0.09328897684265822, "gamma": 538.0892188317379, "max_depth": 8.0, "min_child_weight": 4434.967040162856, "num_boost_round": 8.0, "subsample": 0.9400067847694241}, "datetime": {"datetime": "2024-01-20 14:41:19", "elapsed": 1033.284132, "delta": 0.001555}}
{"target": -13.499537195064619, "params": {"colsample_bytree": 0.1265134165247806, "eta": 0.09328897684265822, "gamma": 538.0892188317379, "max_depth": 8.0, "min_child_weight": 4434.967040162856, "num_boost_round": 9.0, "subsample": 0.9400067847694241}, "datetime": {"datetime": "2024-01-20 14:41:19", "elapsed": 1033.28571, "delta": 0.001578}}
{"target": -13.499381784372215, "params": {"colsample_bytree": 0.1265134165247806, "eta": 0.09328897684265822, "gamma": 538.0892188317379, "max_depth": 8.0, "min_child_weight": 4434.967040162856, "num_boost_round": 10.0, "subsample": 0.9400067847694241}, "datetime": {"datetime": "2024-01-20 14:41:19", "elapsed": 1033.287269, "delta": 0.001559}}
{"target": -13.49949867263465, "params": {"colsample_bytree": 0.1265134165247806, "eta": 0.09328897684265822, "gamma": 538.0892188317379, "max_depth": 8.0, "min_child_weight": 4434.967040162856, "num_boost_round": 11.0, "subsample": 0.9400067847694241}, "datetime": {"datetime": "2024-01-20 14:41:19", "elapsed": 1033.28882, "delta": 0.001551}}
{"target": -13.499584720301073, "params": {"colsample_bytree": 0.1265134165247806, "eta": 0.09328897684265822, "gamma": 538.0892188317379, "max_depth": 8.0, "min_child_weight": 4434.967040162856, "num_boost_round": 12.0, "subsample": 0.9400067847694241}, "datetime": {"datetime": "2024-01-20 14:41:19", "elapsed": 1033.29038, "delta": 0.00156}}
{"target": -13.499820920373825, "params": {"colsample_bytree": 0.1265134165247806, "eta": 0.09328897684265822, "gamma": 538.0892188317379, "max_depth": 8.0, "min_child_weight": 4434.967040162856, "num_boost_round": 13.0, "subsample": 0.9400067847694241}, "datetime": {"datetime": "2024-01-20 14:41:19", "elapsed": 1033.292081, "delta": 0.001701}}
{"target": -13.499616600852175, "params": {"colsample_bytree": 0.1265134165247806, "eta": 0.09328897684265822, "gamma": 538.0892188317379, "max_depth": 8.0, "min_child_weight": 4434.967040162856, "num_boost_round": 14.0, "subsample": 0.9400067847694241}, "datetime": {"datetime": "2024-01-20 14:41:19", "elapsed": 1033.293666, "delta": 0.001585}}
{"target": -13.499610668602092, "params": {"colsample_bytree": 0.1265134165247806, "eta": 0.09328897684265822, "gamma": 538.0892188317379, "max_depth": 8.0, "min_child_weight": 4434.967040162856, "num_boost_round": 15.0, "subsample": 0.9400067847694241}, "datetime": {"datetime": "2024-01-20 14:41:19", "elapsed": 1033.295276, "delta": 0.00161}}
{"target": -13.499637563542912, "params": {"colsample_bytree": 0.1265134165247806, "eta": 0.09328897684265822, "gamma": 538.0892188317379, "max_depth": 8.0, "min_child_weight": 4434.967040162856, "num_boost_round": 16.0, "subsample": 0.9400067847694241}, "datetime": {"datetime": "2024-01-20 14:41:19", "elapsed": 1033.296842, "delta": 0.001566}}
{"target": -13.49964380906211, "params": {"colsample_bytree": 0.1265134165247806, "eta": 0.09328897684265822, "gamma": 538.0892188317379, "max_depth": 8.0, "min_child_weight": 4434.967040162856, "num_boost_round": 17.0, "subsample": 0.9400067847694241}, "datetime": {"datetime": "2024-01-20 14:41:19", "elapsed": 1033.298426, "delta": 0.001584}}
{"target": -13.500347549625577, "params": {"colsample_bytree": 0.1265134165247806, "eta": 0.09328897684265822, "gamma": 538.0892188317379, "max_depth": 8.0, "min_child_weight": 4434.967040162856, "num_boost_round": 18.0, "subsample": 0.9400067847694241}, "datetime": {"datetime": "2024-01-20 14:41:19", "elapsed": 1033.300019, "delta": 0.001593}}
{"target": -13.501087851696132, "params": {"colsample_bytree": 0.1265134165247806, "eta": 0.09328897684265822, "gamma": 538.0892188317379, "max_depth": 8.0, "min_child_weight": 4434.967040162856, "num_boost_round": 19.0, "subsample": 0.9400067847694241}, "datetime": {"datetime": "2024-01-20 14:41:19", "elapsed": 1033.301574, "delta": 0.001555}}
{"target": -13.501498652484674, "params": {"colsample_bytree": 0.1265134165247806, "eta": 0.09328897684265822, "gamma": 538.0892188317379, "max_depth": 8.0, "min_child_weight": 4434.967040162856, "num_boost_round": 20.0, "subsample": 0.9400067847694241}, "datetime": {"datetime": "2024-01-20 14:41:19", "elapsed": 1033.303136, "delta": 0.001562}}
{"target": -13.501420253690581, "params": {"colsample_bytree": 0.1265134165247806, "eta": 0.09328897684265822, "gamma": 538.0892188317379, "max_depth": 8.0, "min_child_weight": 4434.967040162856, "num_boost_round": 21.0, "subsample": 0.9400067847694241}, "datetime": {"datetime": "2024-01-20 14:41:19", "elapsed": 1033.304733, "delta": 0.001597}}
{"target": -13.501158679824574, "params": {"colsample_bytree": 0.1265134165247806, "eta": 0.09328897684265822, "gamma": 538.0892188317379, "max_depth": 8.0, "min_child_weight": 4434.967040162856, "num_boost_round": 22.0, "subsample": 0.9400067847694241}, "datetime": {"datetime": "2024-01-20 14:41:19", "elapsed": 1033.306305, "delta": 0.001572}}
{"target": -13.501754801306625, "params": {"colsample_bytree": 0.1265134165247806, "eta": 0.09328897684265822, "gamma": 538.0892188317379, "max_depth": 8.0, "min_child_weight": 4434.967040162856, "num_boost_round": 23.0, "subsample": 0.9400067847694241}, "datetime": {"datetime": "2024-01-20 14:41:19", "elapsed": 1033.307873, "delta": 0.001568}}
{"target": -13.501584527690035, "params": {"colsample_bytree": 0.1265134165247806, "eta": 0.09328897684265822, "gamma": 538.0892188317379, "max_depth": 8.0, "min_child_weight": 4434.967040162856, "num_boost_round": 24.0, "subsample": 0.9400067847694241}, "datetime": {"datetime": "2024-01-20 14:41:19", "elapsed": 1033.309441, "delta": 0.001568}}
{"target": -13.501915623745406, "params": {"colsample_bytree": 0.1265134165247806, "eta": 0.09328897684265822, "gamma": 538.0892188317379, "max_depth": 8.0, "min_child_weight": 4434.967040162856, "num_boost_round": 25.0, "subsample": 0.9400067847694241}, "datetime": {"datetime": "2024-01-20 14:41:19", "elapsed": 1033.311042, "delta": 0.001601}}
{"target": -13.502096277457957, "params": {"colsample_bytree": 0.1265134165247806, "eta": 0.09328897684265822, "gamma": 538.0892188317379, "max_depth": 8.0, "min_child_weight": 4434.967040162856, "num_boost_round": 26.0, "subsample": 0.9400067847694241}, "datetime": {"datetime": "2024-01-20 14:41:20", "elapsed": 1033.545234, "delta": 0.234192}}
{"target": -13.502511919226954, "params": {"colsample_bytree": 0.1265134165247806, "eta": 0.09328897684265822, "gamma": 538.0892188317379, "max_depth": 8.0, "min_child_weight": 4434.967040162856, "num_boost_round": 27.0, "subsample": 0.9400067847694241}, "datetime": {"datetime": "2024-01-20 14:41:20", "elapsed": 1033.547265, "delta": 0.002031}}
{"target": -13.502950657706482, "params": {"colsample_bytree": 0.1265134165247806, "eta": 0.09328897684265822, "gamma": 538.0892188317379, "max_depth": 8.0, "min_child_weight": 4434.967040162856, "num_boost_round": 28.0, "subsample": 0.9400067847694241}, "datetime": {"datetime": "2024-01-20 14:41:20", "elapsed": 1033.549041, "delta": 0.001776}}
{"target": -13.502679737204957, "params": {"colsample_bytree": 0.1265134165247806, "eta": 0.09328897684265822, "gamma": 538.0892188317379, "max_depth": 8.0, "min_child_weight": 4434.967040162856, "num_boost_round": 29.0, "subsample": 0.9400067847694241}, "datetime": {"datetime": "2024-01-20 14:41:20", "elapsed": 1033.550811, "delta": 0.00177}}
{"target": -13.502645886937893, "params": {"colsample_bytree": 0.1265134165247806, "eta": 0.09328897684265822, "gamma": 538.0892188317379, "max_depth": 8.0, "min_child_weight": 4434.967040162856, "num_boost_round": 30.0, "subsample": 0.9400067847694241}, "datetime": {"datetime": "2024-01-20 14:41:20", "elapsed": 1033.552623, "delta": 0.001812}}
