{"target": -13.39827954434469, "params": {"colsample_bytree": 0.13184520971412106, "eta": 0.07711049575379775, "gamma": 212.97252491273412, "max_depth": 9.0, "min_child_weight": 3403.8708165953526, "num_boost_round": 1.0, "subsample": 0.8376188135667622}, "datetime": {"datetime": "2024-01-20 16:17:17", "elapsed": 6772.54924, "delta": 60.417335}}
{"target": -13.397609485741796, "params": {"colsample_bytree": 0.33563330252325807, "eta": 0.025558833262004584, "gamma": 781.7888192267022, "max_depth": 9.0, "min_child_weight": 4308.726993947408, "num_boost_round": 1.0, "subsample": 0.9590122395028667}, "datetime": {"datetime": "2024-01-20 16:18:55", "elapsed": 6870.145691, "delta": 97.596451}}
{"target": -13.397588267075218, "params": {"colsample_bytree": 0.33563330252325807, "eta": 0.025558833262004584, "gamma": 781.7888192267022, "max_depth": 9.0, "min_child_weight": 4308.726993947408, "num_boost_round": 2.0, "subsample": 0.9590122395028667}, "datetime": {"datetime": "2024-01-20 16:18:55", "elapsed": 6870.151053, "delta": 0.005362}}
{"target": -13.397404147377568, "params": {"colsample_bytree": 0.4104564435500069, "eta": 0.06817405679204362, "gamma": 716.2386986135307, "max_depth": 8.0, "min_child_weight": 3365.152769899586, "num_boost_round": 1.0, "subsample": 0.5166666800670109}, "datetime": {"datetime": "2024-01-20 16:20:03", "elapsed": 6937.976377, "delta": 67.825324}}
{"target": -13.397230201448394, "params": {"colsample_bytree": 0.4104564435500069, "eta": 0.06817405679204362, "gamma": 716.2386986135307, "max_depth": 8.0, "min_child_weight": 3365.152769899586, "num_boost_round": 2.0, "subsample": 0.5166666800670109}, "datetime": {"datetime": "2024-01-20 16:20:03", "elapsed": 6937.982185, "delta": 0.005808}}
{"target": -13.397500561477209, "params": {"colsample_bytree": 0.4104564435500069, "eta": 0.06817405679204362, "gamma": 716.2386986135307, "max_depth": 8.0, "min_child_weight": 3365.152769899586, "num_boost_round": 3.0, "subsample": 0.5166666800670109}, "datetime": {"datetime": "2024-01-20 16:20:03", "elapsed": 6937.98662, "delta": 0.004435}}
{"target": -13.39835427633162, "params": {"colsample_bytree": 0.4104564435500069, "eta": 0.06817405679204362, "gamma": 716.2386986135307, "max_depth": 8.0, "min_child_weight": 3365.152769899586, "num_boost_round": 4.0, "subsample": 0.5166666800670109}, "datetime": {"datetime": "2024-01-20 16:20:03", "elapsed": 6937.991006, "delta": 0.004386}}
{"target": -13.399326281752696, "params": {"colsample_bytree": 0.4104564435500069, "eta": 0.06817405679204362, "gamma": 716.2386986135307, "max_depth": 8.0, "min_child_weight": 3365.152769899586, "num_boost_round": 5.0, "subsample": 0.5166666800670109}, "datetime": {"datetime": "2024-01-20 16:20:03", "elapsed": 6937.995496, "delta": 0.00449}}
{"target": -13.399444598729872, "params": {"colsample_bytree": 0.4104564435500069, "eta": 0.06817405679204362, "gamma": 716.2386986135307, "max_depth": 8.0, "min_child_weight": 3365.152769899586, "num_boost_round": 6.0, "subsample": 0.5166666800670109}, "datetime": {"datetime": "2024-01-20 16:20:03", "elapsed": 6937.999795, "delta": 0.004299}}
{"target": -13.400389076976502, "params": {"colsample_bytree": 0.4104564435500069, "eta": 0.06817405679204362, "gamma": 716.2386986135307, "max_depth": 8.0, "min_child_weight": 3365.152769899586, "num_boost_round": 7.0, "subsample": 0.5166666800670109}, "datetime": {"datetime": "2024-01-20 16:20:03", "elapsed": 6938.004092, "delta": 0.004297}}
{"target": -13.40099723642177, "params": {"colsample_bytree": 0.4104564435500069, "eta": 0.06817405679204362, "gamma": 716.2386986135307, "max_depth": 8.0, "min_child_weight": 3365.152769899586, "num_boost_round": 8.0, "subsample": 0.5166666800670109}, "datetime": {"datetime": "2024-01-20 16:20:03", "elapsed": 6938.008337, "delta": 0.004245}}
{"target": -13.401941424545866, "params": {"colsample_bytree": 0.4104564435500069, "eta": 0.06817405679204362, "gamma": 716.2386986135307, "max_depth": 8.0, "min_child_weight": 3365.152769899586, "num_boost_round": 9.0, "subsample": 0.5166666800670109}, "datetime": {"datetime": "2024-01-20 16:20:03", "elapsed": 6938.012739, "delta": 0.004402}}
{"target": -13.402575488497916, "params": {"colsample_bytree": 0.4104564435500069, "eta": 0.06817405679204362, "gamma": 716.2386986135307, "max_depth": 8.0, "min_child_weight": 3365.152769899586, "num_boost_round": 10.0, "subsample": 0.5166666800670109}, "datetime": {"datetime": "2024-01-20 16:20:03", "elapsed": 6938.017135, "delta": 0.004396}}
{"target": -13.397772201661718, "params": {"colsample_bytree": 0.9093763110475886, "eta": 0.025216284397916382, "gamma": 826.5513448669637, "max_depth": 2.0, "min_child_weight": 3175.1280557405344, "num_boost_round": 1.0, "subsample": 0.4686589973171178}, "datetime": {"datetime": "2024-01-20 16:21:02", "elapsed": 6996.65478, "delta": 58.637645}}
{"target": -13.397978186488162, "params": {"colsample_bytree": 0.33945006517769516, "eta": 0.05261786412112527, "gamma": 920.0189375473548, "max_depth": 4.0, "min_child_weight": 4208.051346262045, "num_boost_round": 1.0, "subsample": 0.8166206890277563}, "datetime": {"datetime": "2024-01-20 16:22:26", "elapsed": 7080.860988, "delta": 84.206208}}
{"target": -13.397985527648318, "params": {"colsample_bytree": 0.33945006517769516, "eta": 0.05261786412112527, "gamma": 920.0189375473548, "max_depth": 4.0, "min_child_weight": 4208.051346262045, "num_boost_round": 2.0, "subsample": 0.8166206890277563}, "datetime": {"datetime": "2024-01-20 16:22:26", "elapsed": 7080.866307, "delta": 0.005319}}
{"target": -13.398127368699377, "params": {"colsample_bytree": 0.33945006517769516, "eta": 0.05261786412112527, "gamma": 920.0189375473548, "max_depth": 4.0, "min_child_weight": 4208.051346262045, "num_boost_round": 3.0, "subsample": 0.8166206890277563}, "datetime": {"datetime": "2024-01-20 16:22:26", "elapsed": 7080.870925, "delta": 0.004618}}
{"target": -13.398689565340725, "params": {"colsample_bytree": 0.33945006517769516, "eta": 0.05261786412112527, "gamma": 920.0189375473548, "max_depth": 4.0, "min_child_weight": 4208.051346262045, "num_boost_round": 4.0, "subsample": 0.8166206890277563}, "datetime": {"datetime": "2024-01-20 16:22:26", "elapsed": 7080.875093, "delta": 0.004168}}
{"target": -13.399240446859965, "params": {"colsample_bytree": 0.33945006517769516, "eta": 0.05261786412112527, "gamma": 920.0189375473548, "max_depth": 4.0, "min_child_weight": 4208.051346262045, "num_boost_round": 5.0, "subsample": 0.8166206890277563}, "datetime": {"datetime": "2024-01-20 16:22:26", "elapsed": 7080.879416, "delta": 0.004323}}
{"target": -13.397744138591094, "params": {"colsample_bytree": 0.7317217181606814, "eta": 0.015881204226307705, "gamma": 530.713587575258, "max_depth": 5.0, "min_child_weight": 3441.309228172473, "num_boost_round": 1.0, "subsample": 0.8667021961018282}, "datetime": {"datetime": "2024-01-20 16:23:21", "elapsed": 7136.245917, "delta": 55.366501}}
{"target": -13.397692549740874, "params": {"colsample_bytree": 0.7317217181606814, "eta": 0.015881204226307705, "gamma": 530.713587575258, "max_depth": 5.0, "min_child_weight": 3441.309228172473, "num_boost_round": 2.0, "subsample": 0.8667021961018282}, "datetime": {"datetime": "2024-01-20 16:23:21", "elapsed": 7136.251806, "delta": 0.005889}}
{"target": -13.397677021519115, "params": {"colsample_bytree": 0.7317217181606814, "eta": 0.015881204226307705, "gamma": 530.713587575258, "max_depth": 5.0, "min_child_weight": 3441.309228172473, "num_boost_round": 3.0, "subsample": 0.8667021961018282}, "datetime": {"datetime": "2024-01-20 16:23:21", "elapsed": 7136.256136, "delta": 0.00433}}
{"target": -13.397678231762786, "params": {"colsample_bytree": 0.7317217181606814, "eta": 0.015881204226307705, "gamma": 530.713587575258, "max_depth": 5.0, "min_child_weight": 3441.309228172473, "num_boost_round": 4.0, "subsample": 0.8667021961018282}, "datetime": {"datetime": "2024-01-20 16:23:21", "elapsed": 7136.260318, "delta": 0.004182}}
{"target": -13.397644450406833, "params": {"colsample_bytree": 0.7317217181606814, "eta": 0.015881204226307705, "gamma": 530.713587575258, "max_depth": 5.0, "min_child_weight": 3441.309228172473, "num_boost_round": 5.0, "subsample": 0.8667021961018282}, "datetime": {"datetime": "2024-01-20 16:23:21", "elapsed": 7136.264697, "delta": 0.004379}}
{"target": -13.39772031065879, "params": {"colsample_bytree": 0.7317217181606814, "eta": 0.015881204226307705, "gamma": 530.713587575258, "max_depth": 5.0, "min_child_weight": 3441.309228172473, "num_boost_round": 6.0, "subsample": 0.8667021961018282}, "datetime": {"datetime": "2024-01-20 16:23:21", "elapsed": 7136.271818, "delta": 0.007121}}
{"target": -13.397812578414102, "params": {"colsample_bytree": 0.7317217181606814, "eta": 0.015881204226307705, "gamma": 530.713587575258, "max_depth": 5.0, "min_child_weight": 3441.309228172473, "num_boost_round": 7.0, "subsample": 0.8667021961018282}, "datetime": {"datetime": "2024-01-20 16:23:21", "elapsed": 7136.278922, "delta": 0.007104}}
{"target": -13.397874723552992, "params": {"colsample_bytree": 0.7317217181606814, "eta": 0.015881204226307705, "gamma": 530.713587575258, "max_depth": 5.0, "min_child_weight": 3441.309228172473, "num_boost_round": 8.0, "subsample": 0.8667021961018282}, "datetime": {"datetime": "2024-01-20 16:23:21", "elapsed": 7136.285962, "delta": 0.00704}}
{"target": -13.398015263513383, "params": {"colsample_bytree": 0.7317217181606814, "eta": 0.015881204226307705, "gamma": 530.713587575258, "max_depth": 5.0, "min_child_weight": 3441.309228172473, "num_boost_round": 9.0, "subsample": 0.8667021961018282}, "datetime": {"datetime": "2024-01-20 16:23:21", "elapsed": 7136.290901, "delta": 0.004939}}
{"target": -13.398164088353411, "params": {"colsample_bytree": 0.7317217181606814, "eta": 0.015881204226307705, "gamma": 530.713587575258, "max_depth": 5.0, "min_child_weight": 3441.309228172473, "num_boost_round": 10.0, "subsample": 0.8667021961018282}, "datetime": {"datetime": "2024-01-20 16:23:21", "elapsed": 7136.295238, "delta": 0.004337}}
{"target": -13.398329308999736, "params": {"colsample_bytree": 0.7317217181606814, "eta": 0.015881204226307705, "gamma": 530.713587575258, "max_depth": 5.0, "min_child_weight": 3441.309228172473, "num_boost_round": 11.0, "subsample": 0.8667021961018282}, "datetime": {"datetime": "2024-01-20 16:23:21", "elapsed": 7136.299582, "delta": 0.004344}}
{"target": -13.398441417159184, "params": {"colsample_bytree": 0.7317217181606814, "eta": 0.015881204226307705, "gamma": 530.713587575258, "max_depth": 5.0, "min_child_weight": 3441.309228172473, "num_boost_round": 12.0, "subsample": 0.8667021961018282}, "datetime": {"datetime": "2024-01-20 16:23:21", "elapsed": 7136.30391, "delta": 0.004328}}
{"target": -13.39863745935437, "params": {"colsample_bytree": 0.7317217181606814, "eta": 0.015881204226307705, "gamma": 530.713587575258, "max_depth": 5.0, "min_child_weight": 3441.309228172473, "num_boost_round": 13.0, "subsample": 0.8667021961018282}, "datetime": {"datetime": "2024-01-20 16:23:21", "elapsed": 7136.308359, "delta": 0.004449}}
{"target": -13.398696297205705, "params": {"colsample_bytree": 0.7317217181606814, "eta": 0.015881204226307705, "gamma": 530.713587575258, "max_depth": 5.0, "min_child_weight": 3441.309228172473, "num_boost_round": 14.0, "subsample": 0.8667021961018282}, "datetime": {"datetime": "2024-01-20 16:23:21", "elapsed": 7136.312667, "delta": 0.004308}}
{"target": -13.39885646305212, "params": {"colsample_bytree": 0.7317217181606814, "eta": 0.015881204226307705, "gamma": 530.713587575258, "max_depth": 5.0, "min_child_weight": 3441.309228172473, "num_boost_round": 15.0, "subsample": 0.8667021961018282}, "datetime": {"datetime": "2024-01-20 16:23:21", "elapsed": 7136.316857, "delta": 0.00419}}
{"target": -13.399036859065856, "params": {"colsample_bytree": 0.7317217181606814, "eta": 0.015881204226307705, "gamma": 530.713587575258, "max_depth": 5.0, "min_child_weight": 3441.309228172473, "num_boost_round": 16.0, "subsample": 0.8667021961018282}, "datetime": {"datetime": "2024-01-20 16:23:21", "elapsed": 7136.3213, "delta": 0.004443}}
{"target": -13.399213243231607, "params": {"colsample_bytree": 0.7317217181606814, "eta": 0.015881204226307705, "gamma": 530.713587575258, "max_depth": 5.0, "min_child_weight": 3441.309228172473, "num_boost_round": 17.0, "subsample": 0.8667021961018282}, "datetime": {"datetime": "2024-01-20 16:23:22", "elapsed": 7136.665018, "delta": 0.343718}}
{"target": -13.399501554897414, "params": {"colsample_bytree": 0.7317217181606814, "eta": 0.015881204226307705, "gamma": 530.713587575258, "max_depth": 5.0, "min_child_weight": 3441.309228172473, "num_boost_round": 18.0, "subsample": 0.8667021961018282}, "datetime": {"datetime": "2024-01-20 16:23:22", "elapsed": 7136.670344, "delta": 0.005326}}
{"target": -13.39972124507302, "params": {"colsample_bytree": 0.7317217181606814, "eta": 0.015881204226307705, "gamma": 530.713587575258, "max_depth": 5.0, "min_child_weight": 3441.309228172473, "num_boost_round": 19.0, "subsample": 0.8667021961018282}, "datetime": {"datetime": "2024-01-20 16:23:22", "elapsed": 7136.677795, "delta": 0.007451}}
{"target": -13.399806359402902, "params": {"colsample_bytree": 0.7317217181606814, "eta": 0.015881204226307705, "gamma": 530.713587575258, "max_depth": 5.0, "min_child_weight": 3441.309228172473, "num_boost_round": 20.0, "subsample": 0.8667021961018282}, "datetime": {"datetime": "2024-01-20 16:23:22", "elapsed": 7136.685106, "delta": 0.007311}}
{"target": -13.400022499195575, "params": {"colsample_bytree": 0.7317217181606814, "eta": 0.015881204226307705, "gamma": 530.713587575258, "max_depth": 5.0, "min_child_weight": 3441.309228172473, "num_boost_round": 21.0, "subsample": 0.8667021961018282}, "datetime": {"datetime": "2024-01-20 16:23:22", "elapsed": 7136.69236, "delta": 0.007254}}
{"target": -13.39764624979567, "params": {"colsample_bytree": 0.4095086352069217, "eta": 0.05610490125731538, "gamma": 960.3113530648653, "max_depth": 2.0, "min_child_weight": 4441.126455058116, "num_boost_round": 1.0, "subsample": 0.10618902908171651}, "datetime": {"datetime": "2024-01-20 16:24:53", "elapsed": 7228.632627, "delta": 91.940267}}
{"target": -13.397591457222692, "params": {"colsample_bytree": 0.4095086352069217, "eta": 0.05610490125731538, "gamma": 960.3113530648653, "max_depth": 2.0, "min_child_weight": 4441.126455058116, "num_boost_round": 2.0, "subsample": 0.10618902908171651}, "datetime": {"datetime": "2024-01-20 16:24:53", "elapsed": 7228.638729, "delta": 0.006102}}
{"target": -13.397565392688545, "params": {"colsample_bytree": 0.4095086352069217, "eta": 0.05610490125731538, "gamma": 960.3113530648653, "max_depth": 2.0, "min_child_weight": 4441.126455058116, "num_boost_round": 3.0, "subsample": 0.10618902908171651}, "datetime": {"datetime": "2024-01-20 16:24:53", "elapsed": 7228.643195, "delta": 0.004466}}
{"target": -13.398038933961374, "params": {"colsample_bytree": 0.12410215327593008, "eta": 0.05015215657496887, "gamma": 259.20952441404233, "max_depth": 8.0, "min_child_weight": 3286.5819089306983, "num_boost_round": 1.0, "subsample": 0.9258051654778536}, "datetime": {"datetime": "2024-01-20 16:26:19", "elapsed": 7314.246841, "delta": 85.603646}}
{"target": -13.398174374310871, "params": {"colsample_bytree": 0.12410215327593008, "eta": 0.05015215657496887, "gamma": 259.20952441404233, "max_depth": 8.0, "min_child_weight": 3286.5819089306983, "num_boost_round": 2.0, "subsample": 0.9258051654778536}, "datetime": {"datetime": "2024-01-20 16:26:19", "elapsed": 7314.252111, "delta": 0.00527}}
{"target": -13.398489689001707, "params": {"colsample_bytree": 0.12410215327593008, "eta": 0.05015215657496887, "gamma": 259.20952441404233, "max_depth": 8.0, "min_child_weight": 3286.5819089306983, "num_boost_round": 3.0, "subsample": 0.9258051654778536}, "datetime": {"datetime": "2024-01-20 16:26:19", "elapsed": 7314.256595, "delta": 0.004484}}
{"target": -13.398487556689178, "params": {"colsample_bytree": 0.12410215327593008, "eta": 0.05015215657496887, "gamma": 259.20952441404233, "max_depth": 8.0, "min_child_weight": 3286.5819089306983, "num_boost_round": 4.0, "subsample": 0.9258051654778536}, "datetime": {"datetime": "2024-01-20 16:26:19", "elapsed": 7314.261285, "delta": 0.00469}}
{"target": -13.398757731901103, "params": {"colsample_bytree": 0.12410215327593008, "eta": 0.05015215657496887, "gamma": 259.20952441404233, "max_depth": 8.0, "min_child_weight": 3286.5819089306983, "num_boost_round": 5.0, "subsample": 0.9258051654778536}, "datetime": {"datetime": "2024-01-20 16:26:19", "elapsed": 7314.265455, "delta": 0.00417}}
{"target": -13.399027237638219, "params": {"colsample_bytree": 0.12410215327593008, "eta": 0.05015215657496887, "gamma": 259.20952441404233, "max_depth": 8.0, "min_child_weight": 3286.5819089306983, "num_boost_round": 6.0, "subsample": 0.9258051654778536}, "datetime": {"datetime": "2024-01-20 16:26:19", "elapsed": 7314.269686, "delta": 0.004231}}
{"target": -13.399122908520162, "params": {"colsample_bytree": 0.12410215327593008, "eta": 0.05015215657496887, "gamma": 259.20952441404233, "max_depth": 8.0, "min_child_weight": 3286.5819089306983, "num_boost_round": 7.0, "subsample": 0.9258051654778536}, "datetime": {"datetime": "2024-01-20 16:26:19", "elapsed": 7314.273917, "delta": 0.004231}}
{"target": -13.399441260851564, "params": {"colsample_bytree": 0.12410215327593008, "eta": 0.05015215657496887, "gamma": 259.20952441404233, "max_depth": 8.0, "min_child_weight": 3286.5819089306983, "num_boost_round": 8.0, "subsample": 0.9258051654778536}, "datetime": {"datetime": "2024-01-20 16:26:19", "elapsed": 7314.278724, "delta": 0.004807}}
{"target": -13.399564301523718, "params": {"colsample_bytree": 0.12410215327593008, "eta": 0.05015215657496887, "gamma": 259.20952441404233, "max_depth": 8.0, "min_child_weight": 3286.5819089306983, "num_boost_round": 9.0, "subsample": 0.9258051654778536}, "datetime": {"datetime": "2024-01-20 16:26:19", "elapsed": 7314.283038, "delta": 0.004314}}
{"target": -13.399905511737039, "params": {"colsample_bytree": 0.12410215327593008, "eta": 0.05015215657496887, "gamma": 259.20952441404233, "max_depth": 8.0, "min_child_weight": 3286.5819089306983, "num_boost_round": 10.0, "subsample": 0.9258051654778536}, "datetime": {"datetime": "2024-01-20 16:26:19", "elapsed": 7314.287388, "delta": 0.00435}}
{"target": -13.399967807373892, "params": {"colsample_bytree": 0.12410215327593008, "eta": 0.05015215657496887, "gamma": 259.20952441404233, "max_depth": 8.0, "min_child_weight": 3286.5819089306983, "num_boost_round": 11.0, "subsample": 0.9258051654778536}, "datetime": {"datetime": "2024-01-20 16:26:19", "elapsed": 7314.29161, "delta": 0.004222}}
{"target": -13.400255239267931, "params": {"colsample_bytree": 0.12410215327593008, "eta": 0.05015215657496887, "gamma": 259.20952441404233, "max_depth": 8.0, "min_child_weight": 3286.5819089306983, "num_boost_round": 12.0, "subsample": 0.9258051654778536}, "datetime": {"datetime": "2024-01-20 16:26:19", "elapsed": 7314.296166, "delta": 0.004556}}
{"target": -13.400212876032409, "params": {"colsample_bytree": 0.12410215327593008, "eta": 0.05015215657496887, "gamma": 259.20952441404233, "max_depth": 8.0, "min_child_weight": 3286.5819089306983, "num_boost_round": 13.0, "subsample": 0.9258051654778536}, "datetime": {"datetime": "2024-01-20 16:26:19", "elapsed": 7314.300396, "delta": 0.00423}}
{"target": -13.400205533314786, "params": {"colsample_bytree": 0.12410215327593008, "eta": 0.05015215657496887, "gamma": 259.20952441404233, "max_depth": 8.0, "min_child_weight": 3286.5819089306983, "num_boost_round": 14.0, "subsample": 0.9258051654778536}, "datetime": {"datetime": "2024-01-20 16:26:19", "elapsed": 7314.304705, "delta": 0.004309}}
{"target": -13.400147221173452, "params": {"colsample_bytree": 0.12410215327593008, "eta": 0.05015215657496887, "gamma": 259.20952441404233, "max_depth": 8.0, "min_child_weight": 3286.5819089306983, "num_boost_round": 15.0, "subsample": 0.9258051654778536}, "datetime": {"datetime": "2024-01-20 16:26:19", "elapsed": 7314.30892, "delta": 0.004215}}
{"target": -13.40027360151706, "params": {"colsample_bytree": 0.12410215327593008, "eta": 0.05015215657496887, "gamma": 259.20952441404233, "max_depth": 8.0, "min_child_weight": 3286.5819089306983, "num_boost_round": 16.0, "subsample": 0.9258051654778536}, "datetime": {"datetime": "2024-01-20 16:26:19", "elapsed": 7314.313636, "delta": 0.004716}}
{"target": -13.400895370763726, "params": {"colsample_bytree": 0.12410215327593008, "eta": 0.05015215657496887, "gamma": 259.20952441404233, "max_depth": 8.0, "min_child_weight": 3286.5819089306983, "num_boost_round": 17.0, "subsample": 0.9258051654778536}, "datetime": {"datetime": "2024-01-20 16:26:19", "elapsed": 7314.31798, "delta": 0.004344}}
{"target": -13.401319398871184, "params": {"colsample_bytree": 0.12410215327593008, "eta": 0.05015215657496887, "gamma": 259.20952441404233, "max_depth": 8.0, "min_child_weight": 3286.5819089306983, "num_boost_round": 18.0, "subsample": 0.9258051654778536}, "datetime": {"datetime": "2024-01-20 16:26:19", "elapsed": 7314.322291, "delta": 0.004311}}
{"target": -13.401475386947233, "params": {"colsample_bytree": 0.12410215327593008, "eta": 0.05015215657496887, "gamma": 259.20952441404233, "max_depth": 8.0, "min_child_weight": 3286.5819089306983, "num_boost_round": 19.0, "subsample": 0.9258051654778536}, "datetime": {"datetime": "2024-01-20 16:26:19", "elapsed": 7314.326576, "delta": 0.004285}}
{"target": -13.40216776541737, "params": {"colsample_bytree": 0.12410215327593008, "eta": 0.05015215657496887, "gamma": 259.20952441404233, "max_depth": 8.0, "min_child_weight": 3286.5819089306983, "num_boost_round": 20.0, "subsample": 0.9258051654778536}, "datetime": {"datetime": "2024-01-20 16:26:19", "elapsed": 7314.331254, "delta": 0.004678}}
