{"target": -10.298888347704992, "params": {"colsample_bytree": 0.5610363875197152, "eta": 0.042753793183970816, "gamma": 878.5125070728006, "max_depth": 4.0, "min_child_weight": 4458.09317959638, "num_boost_round": 4.0, "subsample": 0.6773703456962529}, "datetime": {"datetime": "2024-01-20 14:29:59", "elapsed": 4096.908531, "delta": 0.002503}}
{"target": -10.299097380995555, "params": {"colsample_bytree": 0.5610363875197152, "eta": 0.042753793183970816, "gamma": 878.5125070728006, "max_depth": 4.0, "min_child_weight": 4458.09317959638, "num_boost_round": 5.0, "subsample": 0.6773703456962529}, "datetime": {"datetime": "2024-01-20 14:29:59", "elapsed": 4096.911069, "delta": 0.002538}}
{"target": -10.297846305799574, "params": {"colsample_bytree": 0.238429575166538, "eta": 0.07228483962478827, "gamma": 560.3867267972614, "max_depth": 6.0, "min_child_weight": 4430.16497672786, "num_boost_round": 1.0, "subsample": 0.16438904344448518}, "datetime": {"datetime": "2024-01-20 14:30:31", "elapsed": 4128.945103, "delta": 32.034034}}
{"target": -10.297695342456342, "params": {"colsample_bytree": 0.238429575166538, "eta": 0.07228483962478827, "gamma": 560.3867267972614, "max_depth": 6.0, "min_child_weight": 4430.16497672786, "num_boost_round": 2.0, "subsample": 0.16438904344448518}, "datetime": {"datetime": "2024-01-20 14:30:31", "elapsed": 4128.949718, "delta": 0.004615}}
{"target": -10.298225826557708, "params": {"colsample_bytree": 0.47424544367109467, "eta": 0.06985959414913842, "gamma": 519.7021148663105, "max_depth": 5.0, "min_child_weight": 4443.937648509593, "num_boost_round": 1.0, "subsample": 0.5532739424279856}, "datetime": {"datetime": "2024-01-20 14:31:03", "elapsed": 4160.832339, "delta": 31.882621}}
{"target": -10.298374355615922, "params": {"colsample_bytree": 0.47424544367109467, "eta": 0.06985959414913842, "gamma": 519.7021148663105, "max_depth": 5.0, "min_child_weight": 4443.937648509593, "num_boost_round": 2.0, "subsample": 0.5532739424279856}, "datetime": {"datetime": "2024-01-20 14:31:03", "elapsed": 4160.835661, "delta": 0.003322}}
{"target": -10.298625662332498, "params": {"colsample_bytree": 0.47424544367109467, "eta": 0.06985959414913842, "gamma": 519.7021148663105, "max_depth": 5.0, "min_child_weight": 4443.937648509593, "num_boost_round": 3.0, "subsample": 0.5532739424279856}, "datetime": {"datetime": "2024-01-20 14:31:03", "elapsed": 4160.838465, "delta": 0.002804}}
{"target": -10.298410123194472, "params": {"colsample_bytree": 0.8236255775975609, "eta": 0.028398366219451895, "gamma": 856.0298345713566, "max_depth": 5.0, "min_child_weight": 4550.801537606816, "num_boost_round": 1.0, "subsample": 0.5528471888696317}, "datetime": {"datetime": "2024-01-20 14:31:40", "elapsed": 4198.414526, "delta": 37.576061}}
{"target": -10.298418345199154, "params": {"colsample_bytree": 0.8236255775975609, "eta": 0.028398366219451895, "gamma": 856.0298345713566, "max_depth": 5.0, "min_child_weight": 4550.801537606816, "num_boost_round": 2.0, "subsample": 0.5528471888696317}, "datetime": {"datetime": "2024-01-20 14:31:40", "elapsed": 4198.417817, "delta": 0.003291}}
{"target": -10.298453079984709, "params": {"colsample_bytree": 0.8236255775975609, "eta": 0.028398366219451895, "gamma": 856.0298345713566, "max_depth": 5.0, "min_child_weight": 4550.801537606816, "num_boost_round": 3.0, "subsample": 0.5528471888696317}, "datetime": {"datetime": "2024-01-20 14:31:40", "elapsed": 4198.420361, "delta": 0.002544}}
{"target": -10.298485195807434, "params": {"colsample_bytree": 0.8236255775975609, "eta": 0.028398366219451895, "gamma": 856.0298345713566, "max_depth": 5.0, "min_child_weight": 4550.801537606816, "num_boost_round": 4.0, "subsample": 0.5528471888696317}, "datetime": {"datetime": "2024-01-20 14:31:40", "elapsed": 4198.423027, "delta": 0.002666}}
{"target": -10.29858551073487, "params": {"colsample_bytree": 0.8236255775975609, "eta": 0.028398366219451895, "gamma": 856.0298345713566, "max_depth": 5.0, "min_child_weight": 4550.801537606816, "num_boost_round": 5.0, "subsample": 0.5528471888696317}, "datetime": {"datetime": "2024-01-20 14:31:40", "elapsed": 4198.425458, "delta": 0.002431}}
{"target": -10.298760466318313, "params": {"colsample_bytree": 0.8236255775975609, "eta": 0.028398366219451895, "gamma": 856.0298345713566, "max_depth": 5.0, "min_child_weight": 4550.801537606816, "num_boost_round": 6.0, "subsample": 0.5528471888696317}, "datetime": {"datetime": "2024-01-20 14:31:40", "elapsed": 4198.427869, "delta": 0.002411}}
{"target": -10.298869712696867, "params": {"colsample_bytree": 0.8236255775975609, "eta": 0.028398366219451895, "gamma": 856.0298345713566, "max_depth": 5.0, "min_child_weight": 4550.801537606816, "num_boost_round": 7.0, "subsample": 0.5528471888696317}, "datetime": {"datetime": "2024-01-20 14:31:40", "elapsed": 4198.430239, "delta": 0.00237}}
{"target": -10.298947828020708, "params": {"colsample_bytree": 0.8236255775975609, "eta": 0.028398366219451895, "gamma": 856.0298345713566, "max_depth": 5.0, "min_child_weight": 4550.801537606816, "num_boost_round": 8.0, "subsample": 0.5528471888696317}, "datetime": {"datetime": "2024-01-20 14:31:40", "elapsed": 4198.432545, "delta": 0.002306}}
{"target": -10.299054665651871, "params": {"colsample_bytree": 0.8236255775975609, "eta": 0.028398366219451895, "gamma": 856.0298345713566, "max_depth": 5.0, "min_child_weight": 4550.801537606816, "num_boost_round": 9.0, "subsample": 0.5528471888696317}, "datetime": {"datetime": "2024-01-20 14:31:40", "elapsed": 4198.434822, "delta": 0.002277}}
{"target": -10.299206369422382, "params": {"colsample_bytree": 0.8236255775975609, "eta": 0.028398366219451895, "gamma": 856.0298345713566, "max_depth": 5.0, "min_child_weight": 4550.801537606816, "num_boost_round": 10.0, "subsample": 0.5528471888696317}, "datetime": {"datetime": "2024-01-20 14:31:40", "elapsed": 4198.437351, "delta": 0.002529}}
{"target": -10.299369070546495, "params": {"colsample_bytree": 0.8236255775975609, "eta": 0.028398366219451895, "gamma": 856.0298345713566, "max_depth": 5.0, "min_child_weight": 4550.801537606816, "num_boost_round": 11.0, "subsample": 0.5528471888696317}, "datetime": {"datetime": "2024-01-20 14:31:40", "elapsed": 4198.44042, "delta": 0.003069}}
{"target": -10.299531790870319, "params": {"colsample_bytree": 0.8236255775975609, "eta": 0.028398366219451895, "gamma": 856.0298345713566, "max_depth": 5.0, "min_child_weight": 4550.801537606816, "num_boost_round": 12.0, "subsample": 0.5528471888696317}, "datetime": {"datetime": "2024-01-20 14:31:40", "elapsed": 4198.442814, "delta": 0.002394}}
{"target": -10.299734297113774, "params": {"colsample_bytree": 0.8236255775975609, "eta": 0.028398366219451895, "gamma": 856.0298345713566, "max_depth": 5.0, "min_child_weight": 4550.801537606816, "num_boost_round": 13.0, "subsample": 0.5528471888696317}, "datetime": {"datetime": "2024-01-20 14:31:40", "elapsed": 4198.445177, "delta": 0.002363}}
{"target": -10.299887888016995, "params": {"colsample_bytree": 0.8236255775975609, "eta": 0.028398366219451895, "gamma": 856.0298345713566, "max_depth": 5.0, "min_child_weight": 4550.801537606816, "num_boost_round": 14.0, "subsample": 0.5528471888696317}, "datetime": {"datetime": "2024-01-20 14:31:40", "elapsed": 4198.447463, "delta": 0.002286}}
{"target": -10.300087419991268, "params": {"colsample_bytree": 0.8236255775975609, "eta": 0.028398366219451895, "gamma": 856.0298345713566, "max_depth": 5.0, "min_child_weight": 4550.801537606816, "num_boost_round": 15.0, "subsample": 0.5528471888696317}, "datetime": {"datetime": "2024-01-20 14:31:40", "elapsed": 4198.449821, "delta": 0.002358}}
{"target": -10.30025649484526, "params": {"colsample_bytree": 0.8236255775975609, "eta": 0.028398366219451895, "gamma": 856.0298345713566, "max_depth": 5.0, "min_child_weight": 4550.801537606816, "num_boost_round": 16.0, "subsample": 0.5528471888696317}, "datetime": {"datetime": "2024-01-20 14:31:40", "elapsed": 4198.45208, "delta": 0.002259}}
{"target": -10.298505486927276, "params": {"colsample_bytree": 0.5769991378573828, "eta": 0.005761177481593902, "gamma": 562.2191623446125, "max_depth": 5.0, "min_child_weight": 4500.901188930422, "num_boost_round": 1.0, "subsample": 0.4819519774163701}, "datetime": {"datetime": "2024-01-20 14:32:32", "elapsed": 4249.919711, "delta": 51.467631}}
{"target": -10.29851353012753, "params": {"colsample_bytree": 0.5769991378573828, "eta": 0.005761177481593902, "gamma": 562.2191623446125, "max_depth": 5.0, "min_child_weight": 4500.901188930422, "num_boost_round": 2.0, "subsample": 0.4819519774163701}, "datetime": {"datetime": "2024-01-20 14:32:32", "elapsed": 4249.924914, "delta": 0.005203}}
{"target": -10.29850362329595, "params": {"colsample_bytree": 0.5769991378573828, "eta": 0.005761177481593902, "gamma": 562.2191623446125, "max_depth": 5.0, "min_child_weight": 4500.901188930422, "num_boost_round": 3.0, "subsample": 0.4819519774163701}, "datetime": {"datetime": "2024-01-20 14:32:32", "elapsed": 4249.928646, "delta": 0.003732}}
{"target": -10.298502535034835, "params": {"colsample_bytree": 0.5769991378573828, "eta": 0.005761177481593902, "gamma": 562.2191623446125, "max_depth": 5.0, "min_child_weight": 4500.901188930422, "num_boost_round": 4.0, "subsample": 0.4819519774163701}, "datetime": {"datetime": "2024-01-20 14:32:32", "elapsed": 4249.932242, "delta": 0.003596}}
{"target": -10.298506030905099, "params": {"colsample_bytree": 0.5769991378573828, "eta": 0.005761177481593902, "gamma": 562.2191623446125, "max_depth": 5.0, "min_child_weight": 4500.901188930422, "num_boost_round": 5.0, "subsample": 0.4819519774163701}, "datetime": {"datetime": "2024-01-20 14:32:32", "elapsed": 4249.935578, "delta": 0.003336}}
{"target": -10.298502278061184, "params": {"colsample_bytree": 0.5769991378573828, "eta": 0.005761177481593902, "gamma": 562.2191623446125, "max_depth": 5.0, "min_child_weight": 4500.901188930422, "num_boost_round": 6.0, "subsample": 0.4819519774163701}, "datetime": {"datetime": "2024-01-20 14:32:32", "elapsed": 4249.938943, "delta": 0.003365}}
{"target": -10.298492173608054, "params": {"colsample_bytree": 0.5769991378573828, "eta": 0.005761177481593902, "gamma": 562.2191623446125, "max_depth": 5.0, "min_child_weight": 4500.901188930422, "num_boost_round": 7.0, "subsample": 0.4819519774163701}, "datetime": {"datetime": "2024-01-20 14:32:32", "elapsed": 4249.942759, "delta": 0.003816}}
{"target": -10.29848267957951, "params": {"colsample_bytree": 0.5769991378573828, "eta": 0.005761177481593902, "gamma": 562.2191623446125, "max_depth": 5.0, "min_child_weight": 4500.901188930422, "num_boost_round": 8.0, "subsample": 0.4819519774163701}, "datetime": {"datetime": "2024-01-20 14:32:32", "elapsed": 4249.945642, "delta": 0.002883}}
{"target": -10.298482495602967, "params": {"colsample_bytree": 0.5769991378573828, "eta": 0.005761177481593902, "gamma": 562.2191623446125, "max_depth": 5.0, "min_child_weight": 4500.901188930422, "num_boost_round": 9.0, "subsample": 0.4819519774163701}, "datetime": {"datetime": "2024-01-20 14:32:32", "elapsed": 4249.948444, "delta": 0.002802}}
{"target": -10.298484700815083, "params": {"colsample_bytree": 0.5769991378573828, "eta": 0.005761177481593902, "gamma": 562.2191623446125, "max_depth": 5.0, "min_child_weight": 4500.901188930422, "num_boost_round": 10.0, "subsample": 0.4819519774163701}, "datetime": {"datetime": "2024-01-20 14:32:32", "elapsed": 4249.951062, "delta": 0.002618}}
{"target": -10.298470440519287, "params": {"colsample_bytree": 0.5769991378573828, "eta": 0.005761177481593902, "gamma": 562.2191623446125, "max_depth": 5.0, "min_child_weight": 4500.901188930422, "num_boost_round": 11.0, "subsample": 0.4819519774163701}, "datetime": {"datetime": "2024-01-20 14:32:32", "elapsed": 4249.953559, "delta": 0.002497}}
{"target": -10.298470394412458, "params": {"colsample_bytree": 0.5769991378573828, "eta": 0.005761177481593902, "gamma": 562.2191623446125, "max_depth": 5.0, "min_child_weight": 4500.901188930422, "num_boost_round": 12.0, "subsample": 0.4819519774163701}, "datetime": {"datetime": "2024-01-20 14:32:32", "elapsed": 4249.956123, "delta": 0.002564}}
{"target": -10.29843240464354, "params": {"colsample_bytree": 0.5769991378573828, "eta": 0.005761177481593902, "gamma": 562.2191623446125, "max_depth": 5.0, "min_child_weight": 4500.901188930422, "num_boost_round": 13.0, "subsample": 0.4819519774163701}, "datetime": {"datetime": "2024-01-20 14:32:32", "elapsed": 4249.958595, "delta": 0.002472}}
{"target": -10.298448434710828, "params": {"colsample_bytree": 0.5769991378573828, "eta": 0.005761177481593902, "gamma": 562.2191623446125, "max_depth": 5.0, "min_child_weight": 4500.901188930422, "num_boost_round": 14.0, "subsample": 0.4819519774163701}, "datetime": {"datetime": "2024-01-20 14:32:32", "elapsed": 4249.961081, "delta": 0.002486}}
{"target": -10.298463407103586, "params": {"colsample_bytree": 0.5769991378573828, "eta": 0.005761177481593902, "gamma": 562.2191623446125, "max_depth": 5.0, "min_child_weight": 4500.901188930422, "num_boost_round": 15.0, "subsample": 0.4819519774163701}, "datetime": {"datetime": "2024-01-20 14:32:32", "elapsed": 4249.963729, "delta": 0.002648}}
{"target": -10.298449547741711, "params": {"colsample_bytree": 0.5769991378573828, "eta": 0.005761177481593902, "gamma": 562.2191623446125, "max_depth": 5.0, "min_child_weight": 4500.901188930422, "num_boost_round": 16.0, "subsample": 0.4819519774163701}, "datetime": {"datetime": "2024-01-20 14:32:32", "elapsed": 4249.966592, "delta": 0.002863}}
{"target": -10.298438146368387, "params": {"colsample_bytree": 0.5769991378573828, "eta": 0.005761177481593902, "gamma": 562.2191623446125, "max_depth": 5.0, "min_child_weight": 4500.901188930422, "num_boost_round": 17.0, "subsample": 0.4819519774163701}, "datetime": {"datetime": "2024-01-20 14:32:32", "elapsed": 4249.969106, "delta": 0.002514}}
{"target": -10.29843231365381, "params": {"colsample_bytree": 0.5769991378573828, "eta": 0.005761177481593902, "gamma": 562.2191623446125, "max_depth": 5.0, "min_child_weight": 4500.901188930422, "num_boost_round": 18.0, "subsample": 0.4819519774163701}, "datetime": {"datetime": "2024-01-20 14:32:32", "elapsed": 4249.971796, "delta": 0.00269}}
{"target": -10.298450434640074, "params": {"colsample_bytree": 0.5769991378573828, "eta": 0.005761177481593902, "gamma": 562.2191623446125, "max_depth": 5.0, "min_child_weight": 4500.901188930422, "num_boost_round": 19.0, "subsample": 0.4819519774163701}, "datetime": {"datetime": "2024-01-20 14:32:32", "elapsed": 4249.974389, "delta": 0.002593}}
{"target": -10.29843591163249, "params": {"colsample_bytree": 0.5769991378573828, "eta": 0.005761177481593902, "gamma": 562.2191623446125, "max_depth": 5.0, "min_child_weight": 4500.901188930422, "num_boost_round": 20.0, "subsample": 0.4819519774163701}, "datetime": {"datetime": "2024-01-20 14:32:32", "elapsed": 4249.976942, "delta": 0.002553}}
{"target": -10.298449534107021, "params": {"colsample_bytree": 0.5769991378573828, "eta": 0.005761177481593902, "gamma": 562.2191623446125, "max_depth": 5.0, "min_child_weight": 4500.901188930422, "num_boost_round": 21.0, "subsample": 0.4819519774163701}, "datetime": {"datetime": "2024-01-20 14:32:32", "elapsed": 4249.979473, "delta": 0.002531}}
{"target": -10.298415362100746, "params": {"colsample_bytree": 0.5769991378573828, "eta": 0.005761177481593902, "gamma": 562.2191623446125, "max_depth": 5.0, "min_child_weight": 4500.901188930422, "num_boost_round": 22.0, "subsample": 0.4819519774163701}, "datetime": {"datetime": "2024-01-20 14:32:32", "elapsed": 4249.982096, "delta": 0.002623}}
{"target": -10.2984470591668, "params": {"colsample_bytree": 0.5769991378573828, "eta": 0.005761177481593902, "gamma": 562.2191623446125, "max_depth": 5.0, "min_child_weight": 4500.901188930422, "num_boost_round": 23.0, "subsample": 0.4819519774163701}, "datetime": {"datetime": "2024-01-20 14:32:32", "elapsed": 4249.984777, "delta": 0.002681}}
{"target": -10.298433365723046, "params": {"colsample_bytree": 0.5769991378573828, "eta": 0.005761177481593902, "gamma": 562.2191623446125, "max_depth": 5.0, "min_child_weight": 4500.901188930422, "num_boost_round": 24.0, "subsample": 0.4819519774163701}, "datetime": {"datetime": "2024-01-20 14:32:32", "elapsed": 4249.987341, "delta": 0.002564}}
{"target": -10.298459087317184, "params": {"colsample_bytree": 0.5769991378573828, "eta": 0.005761177481593902, "gamma": 562.2191623446125, "max_depth": 5.0, "min_child_weight": 4500.901188930422, "num_boost_round": 25.0, "subsample": 0.4819519774163701}, "datetime": {"datetime": "2024-01-20 14:32:32", "elapsed": 4249.989833, "delta": 0.002492}}
{"target": -10.298494001765796, "params": {"colsample_bytree": 0.5769991378573828, "eta": 0.005761177481593902, "gamma": 562.2191623446125, "max_depth": 5.0, "min_child_weight": 4500.901188930422, "num_boost_round": 26.0, "subsample": 0.4819519774163701}, "datetime": {"datetime": "2024-01-20 14:32:32", "elapsed": 4249.992372, "delta": 0.002539}}
{"target": -10.298477358858811, "params": {"colsample_bytree": 0.5769991378573828, "eta": 0.005761177481593902, "gamma": 562.2191623446125, "max_depth": 5.0, "min_child_weight": 4500.901188930422, "num_boost_round": 27.0, "subsample": 0.4819519774163701}, "datetime": {"datetime": "2024-01-20 14:32:32", "elapsed": 4249.995, "delta": 0.002628}}
{"target": -10.298464180426883, "params": {"colsample_bytree": 0.6582839857162374, "eta": 0.03776816229379018, "gamma": 903.824944397957, "max_depth": 6.0, "min_child_weight": 4529.315627473164, "num_boost_round": 1.0, "subsample": 0.6089001153794772}, "datetime": {"datetime": "2024-01-20 14:33:06", "elapsed": 4283.828431, "delta": 33.833431}}
{"target": -10.298677469567117, "params": {"colsample_bytree": 0.6582839857162374, "eta": 0.03776816229379018, "gamma": 903.824944397957, "max_depth": 6.0, "min_child_weight": 4529.315627473164, "num_boost_round": 2.0, "subsample": 0.6089001153794772}, "datetime": {"datetime": "2024-01-20 14:33:06", "elapsed": 4283.835323, "delta": 0.006892}}
{"target": -10.298688856132527, "params": {"colsample_bytree": 0.6582839857162374, "eta": 0.03776816229379018, "gamma": 903.824944397957, "max_depth": 6.0, "min_child_weight": 4529.315627473164, "num_boost_round": 3.0, "subsample": 0.6089001153794772}, "datetime": {"datetime": "2024-01-20 14:33:06", "elapsed": 4283.839664, "delta": 0.004341}}
{"target": -10.298884175635248, "params": {"colsample_bytree": 0.6582839857162374, "eta": 0.03776816229379018, "gamma": 903.824944397957, "max_depth": 6.0, "min_child_weight": 4529.315627473164, "num_boost_round": 4.0, "subsample": 0.6089001153794772}, "datetime": {"datetime": "2024-01-20 14:33:06", "elapsed": 4283.843791, "delta": 0.004127}}
{"target": -10.299091040199333, "params": {"colsample_bytree": 0.6582839857162374, "eta": 0.03776816229379018, "gamma": 903.824944397957, "max_depth": 6.0, "min_child_weight": 4529.315627473164, "num_boost_round": 5.0, "subsample": 0.6089001153794772}, "datetime": {"datetime": "2024-01-20 14:33:06", "elapsed": 4283.848356, "delta": 0.004565}}
{"target": -10.299257532164171, "params": {"colsample_bytree": 0.6582839857162374, "eta": 0.03776816229379018, "gamma": 903.824944397957, "max_depth": 6.0, "min_child_weight": 4529.315627473164, "num_boost_round": 6.0, "subsample": 0.6089001153794772}, "datetime": {"datetime": "2024-01-20 14:33:06", "elapsed": 4283.85231, "delta": 0.003954}}
{"target": -10.299403273895457, "params": {"colsample_bytree": 0.6582839857162374, "eta": 0.03776816229379018, "gamma": 903.824944397957, "max_depth": 6.0, "min_child_weight": 4529.315627473164, "num_boost_round": 7.0, "subsample": 0.6089001153794772}, "datetime": {"datetime": "2024-01-20 14:33:06", "elapsed": 4283.855588, "delta": 0.003278}}
{"target": -10.299503828094739, "params": {"colsample_bytree": 0.6582839857162374, "eta": 0.03776816229379018, "gamma": 903.824944397957, "max_depth": 6.0, "min_child_weight": 4529.315627473164, "num_boost_round": 8.0, "subsample": 0.6089001153794772}, "datetime": {"datetime": "2024-01-20 14:33:06", "elapsed": 4283.858648, "delta": 0.00306}}
{"target": -10.298516878104031, "params": {"colsample_bytree": 0.2193554467909244, "eta": 0.001145482605081824, "gamma": 147.49235632707536, "max_depth": 9.0, "min_child_weight": 3959.0956808210635, "num_boost_round": 1.0, "subsample": 0.9078981464331994}, "datetime": {"datetime": "2024-01-20 14:33:39", "elapsed": 4317.263345, "delta": 33.404697}}
{"target": -10.298514485104278, "params": {"colsample_bytree": 0.2193554467909244, "eta": 0.001145482605081824, "gamma": 147.49235632707536, "max_depth": 9.0, "min_child_weight": 3959.0956808210635, "num_boost_round": 2.0, "subsample": 0.9078981464331994}, "datetime": {"datetime": "2024-01-20 14:33:39", "elapsed": 4317.267443, "delta": 0.004098}}
{"target": -10.298518243517554, "params": {"colsample_bytree": 0.2193554467909244, "eta": 0.001145482605081824, "gamma": 147.49235632707536, "max_depth": 9.0, "min_child_weight": 3959.0956808210635, "num_boost_round": 3.0, "subsample": 0.9078981464331994}, "datetime": {"datetime": "2024-01-20 14:33:39", "elapsed": 4317.270484, "delta": 0.003041}}
{"target": -10.298515463201849, "params": {"colsample_bytree": 0.5703436526249838, "eta": 0.02438133130494048, "gamma": 136.65425961780852, "max_depth": 4.0, "min_child_weight": 3906.3678461057675, "num_boost_round": 1.0, "subsample": 0.35640332976348843}, "datetime": {"datetime": "2024-01-20 14:34:07", "elapsed": 4345.264628, "delta": 27.994144}}
{"target": -10.298500532957291, "params": {"colsample_bytree": 0.5703436526249838, "eta": 0.02438133130494048, "gamma": 136.65425961780852, "max_depth": 4.0, "min_child_weight": 3906.3678461057675, "num_boost_round": 2.0, "subsample": 0.35640332976348843}, "datetime": {"datetime": "2024-01-20 14:34:07", "elapsed": 4345.271201, "delta": 0.006573}}
