{"target": -19.154834604308668, "params": {"colsample_bytree": 0.7296572481762986, "eta": 0.05744607664664989, "gamma": 441.27757598995044, "max_depth": 7.0, "min_child_weight": 4519.928101051968, "num_boost_round": 139.0, "subsample": 0.10618315697694908}, "datetime": {"datetime": "2024-01-20 15:45:25", "elapsed": 4893.418802, "delta": 0.004713}}
{"target": -19.155071338837836, "params": {"colsample_bytree": 0.7296572481762986, "eta": 0.05744607664664989, "gamma": 441.27757598995044, "max_depth": 7.0, "min_child_weight": 4519.928101051968, "num_boost_round": 140.0, "subsample": 0.10618315697694908}, "datetime": {"datetime": "2024-01-20 15:45:25", "elapsed": 4893.423607, "delta": 0.004805}}
{"target": -19.1551966724385, "params": {"colsample_bytree": 0.7296572481762986, "eta": 0.05744607664664989, "gamma": 441.27757598995044, "max_depth": 7.0, "min_child_weight": 4519.928101051968, "num_boost_round": 141.0, "subsample": 0.10618315697694908}, "datetime": {"datetime": "2024-01-20 15:45:25", "elapsed": 4893.474514, "delta": 0.050907}}
{"target": -19.15525549251079, "params": {"colsample_bytree": 0.7296572481762986, "eta": 0.05744607664664989, "gamma": 441.27757598995044, "max_depth": 7.0, "min_child_weight": 4519.928101051968, "num_boost_round": 142.0, "subsample": 0.10618315697694908}, "datetime": {"datetime": "2024-01-20 15:45:25", "elapsed": 4893.479511, "delta": 0.004997}}
{"target": -19.155266113263536, "params": {"colsample_bytree": 0.7296572481762986, "eta": 0.05744607664664989, "gamma": 441.27757598995044, "max_depth": 7.0, "min_child_weight": 4519.928101051968, "num_boost_round": 143.0, "subsample": 0.10618315697694908}, "datetime": {"datetime": "2024-01-20 15:45:25", "elapsed": 4893.48414, "delta": 0.004629}}
{"target": -19.155284261335062, "params": {"colsample_bytree": 0.7296572481762986, "eta": 0.05744607664664989, "gamma": 441.27757598995044, "max_depth": 7.0, "min_child_weight": 4519.928101051968, "num_boost_round": 144.0, "subsample": 0.10618315697694908}, "datetime": {"datetime": "2024-01-20 15:45:25", "elapsed": 4893.488989, "delta": 0.004849}}
{"target": -19.15527800067635, "params": {"colsample_bytree": 0.7296572481762986, "eta": 0.05744607664664989, "gamma": 441.27757598995044, "max_depth": 7.0, "min_child_weight": 4519.928101051968, "num_boost_round": 145.0, "subsample": 0.10618315697694908}, "datetime": {"datetime": "2024-01-20 15:45:25", "elapsed": 4893.493536, "delta": 0.004547}}
{"target": -19.144040789262803, "params": {"colsample_bytree": 0.9802063562490987, "eta": 0.0966297619232097, "gamma": 285.3162854945964, "max_depth": 6.0, "min_child_weight": 3908.2022625890677, "num_boost_round": 1.0, "subsample": 0.9202738626505641}, "datetime": {"datetime": "2024-01-20 15:46:07", "elapsed": 4935.393663, "delta": 41.900127}}
{"target": -19.14545321868308, "params": {"colsample_bytree": 0.9802063562490987, "eta": 0.0966297619232097, "gamma": 285.3162854945964, "max_depth": 6.0, "min_child_weight": 3908.2022625890677, "num_boost_round": 2.0, "subsample": 0.9202738626505641}, "datetime": {"datetime": "2024-01-20 15:46:07", "elapsed": 4935.399004, "delta": 0.005341}}
{"target": -19.14318880753995, "params": {"colsample_bytree": 0.9113927247507703, "eta": 0.0029398331963484113, "gamma": 637.3080980379494, "max_depth": 7.0, "min_child_weight": 4319.1996893565465, "num_boost_round": 1.0, "subsample": 0.19313403415915964}, "datetime": {"datetime": "2024-01-20 15:47:11", "elapsed": 4999.696116, "delta": 64.297112}}
{"target": -19.143171248807185, "params": {"colsample_bytree": 0.9113927247507703, "eta": 0.0029398331963484113, "gamma": 637.3080980379494, "max_depth": 7.0, "min_child_weight": 4319.1996893565465, "num_boost_round": 2.0, "subsample": 0.19313403415915964}, "datetime": {"datetime": "2024-01-20 15:47:11", "elapsed": 4999.70086, "delta": 0.004744}}
{"target": -19.143243573678493, "params": {"colsample_bytree": 0.4731548921821226, "eta": 0.028569599038719612, "gamma": 694.019382919108, "max_depth": 3.0, "min_child_weight": 4358.685133907152, "num_boost_round": 1.0, "subsample": 0.7582443616795521}, "datetime": {"datetime": "2024-01-20 15:48:04", "elapsed": 5052.294271, "delta": 52.593411}}
{"target": -19.143010573351102, "params": {"colsample_bytree": 0.8447793919982043, "eta": 0.025918438007209565, "gamma": 707.5157985312775, "max_depth": 8.0, "min_child_weight": 4279.7170481788025, "num_boost_round": 1.0, "subsample": 0.19622558641242643}, "datetime": {"datetime": "2024-01-20 15:50:59", "elapsed": 5227.908817, "delta": 175.614546}}
{"target": -19.14281860739824, "params": {"colsample_bytree": 0.8447793919982043, "eta": 0.025918438007209565, "gamma": 707.5157985312775, "max_depth": 8.0, "min_child_weight": 4279.7170481788025, "num_boost_round": 2.0, "subsample": 0.19622558641242643}, "datetime": {"datetime": "2024-01-20 15:50:59", "elapsed": 5227.931963, "delta": 0.023146}}
{"target": -19.142886299400917, "params": {"colsample_bytree": 0.8447793919982043, "eta": 0.025918438007209565, "gamma": 707.5157985312775, "max_depth": 8.0, "min_child_weight": 4279.7170481788025, "num_boost_round": 3.0, "subsample": 0.19622558641242643}, "datetime": {"datetime": "2024-01-20 15:50:59", "elapsed": 5227.937109, "delta": 0.005146}}
{"target": -19.142873005755312, "params": {"colsample_bytree": 0.8447793919982043, "eta": 0.025918438007209565, "gamma": 707.5157985312775, "max_depth": 8.0, "min_child_weight": 4279.7170481788025, "num_boost_round": 4.0, "subsample": 0.19622558641242643}, "datetime": {"datetime": "2024-01-20 15:50:59", "elapsed": 5227.942035, "delta": 0.004926}}
{"target": -19.142657386369198, "params": {"colsample_bytree": 0.8447793919982043, "eta": 0.025918438007209565, "gamma": 707.5157985312775, "max_depth": 8.0, "min_child_weight": 4279.7170481788025, "num_boost_round": 5.0, "subsample": 0.19622558641242643}, "datetime": {"datetime": "2024-01-20 15:50:59", "elapsed": 5227.947122, "delta": 0.005087}}
{"target": -19.142649648540345, "params": {"colsample_bytree": 0.8447793919982043, "eta": 0.025918438007209565, "gamma": 707.5157985312775, "max_depth": 8.0, "min_child_weight": 4279.7170481788025, "num_boost_round": 6.0, "subsample": 0.19622558641242643}, "datetime": {"datetime": "2024-01-20 15:51:00", "elapsed": 5227.951929, "delta": 0.004807}}
{"target": -19.142439801940906, "params": {"colsample_bytree": 0.8447793919982043, "eta": 0.025918438007209565, "gamma": 707.5157985312775, "max_depth": 8.0, "min_child_weight": 4279.7170481788025, "num_boost_round": 7.0, "subsample": 0.19622558641242643}, "datetime": {"datetime": "2024-01-20 15:51:00", "elapsed": 5227.957197, "delta": 0.005268}}
{"target": -19.142367506498253, "params": {"colsample_bytree": 0.8447793919982043, "eta": 0.025918438007209565, "gamma": 707.5157985312775, "max_depth": 8.0, "min_child_weight": 4279.7170481788025, "num_boost_round": 8.0, "subsample": 0.19622558641242643}, "datetime": {"datetime": "2024-01-20 15:51:00", "elapsed": 5227.9624, "delta": 0.005203}}
{"target": -19.142375086352004, "params": {"colsample_bytree": 0.8447793919982043, "eta": 0.025918438007209565, "gamma": 707.5157985312775, "max_depth": 8.0, "min_child_weight": 4279.7170481788025, "num_boost_round": 9.0, "subsample": 0.19622558641242643}, "datetime": {"datetime": "2024-01-20 15:51:00", "elapsed": 5227.967227, "delta": 0.004827}}
{"target": -19.14223771774341, "params": {"colsample_bytree": 0.8447793919982043, "eta": 0.025918438007209565, "gamma": 707.5157985312775, "max_depth": 8.0, "min_child_weight": 4279.7170481788025, "num_boost_round": 10.0, "subsample": 0.19622558641242643}, "datetime": {"datetime": "2024-01-20 15:51:00", "elapsed": 5227.972635, "delta": 0.005408}}
{"target": -19.14238425186383, "params": {"colsample_bytree": 0.8447793919982043, "eta": 0.025918438007209565, "gamma": 707.5157985312775, "max_depth": 8.0, "min_child_weight": 4279.7170481788025, "num_boost_round": 11.0, "subsample": 0.19622558641242643}, "datetime": {"datetime": "2024-01-20 15:51:00", "elapsed": 5227.977881, "delta": 0.005246}}
{"target": -19.14232971312887, "params": {"colsample_bytree": 0.8447793919982043, "eta": 0.025918438007209565, "gamma": 707.5157985312775, "max_depth": 8.0, "min_child_weight": 4279.7170481788025, "num_boost_round": 12.0, "subsample": 0.19622558641242643}, "datetime": {"datetime": "2024-01-20 15:51:00", "elapsed": 5227.982998, "delta": 0.005117}}
{"target": -19.142559317594067, "params": {"colsample_bytree": 0.8447793919982043, "eta": 0.025918438007209565, "gamma": 707.5157985312775, "max_depth": 8.0, "min_child_weight": 4279.7170481788025, "num_boost_round": 13.0, "subsample": 0.19622558641242643}, "datetime": {"datetime": "2024-01-20 15:51:00", "elapsed": 5227.988173, "delta": 0.005175}}
{"target": -19.142745993182515, "params": {"colsample_bytree": 0.8447793919982043, "eta": 0.025918438007209565, "gamma": 707.5157985312775, "max_depth": 8.0, "min_child_weight": 4279.7170481788025, "num_boost_round": 14.0, "subsample": 0.19622558641242643}, "datetime": {"datetime": "2024-01-20 15:51:00", "elapsed": 5227.993354, "delta": 0.005181}}
{"target": -19.1426778046375, "params": {"colsample_bytree": 0.8447793919982043, "eta": 0.025918438007209565, "gamma": 707.5157985312775, "max_depth": 8.0, "min_child_weight": 4279.7170481788025, "num_boost_round": 15.0, "subsample": 0.19622558641242643}, "datetime": {"datetime": "2024-01-20 15:51:00", "elapsed": 5227.998701, "delta": 0.005347}}
{"target": -19.142853736868936, "params": {"colsample_bytree": 0.8447793919982043, "eta": 0.025918438007209565, "gamma": 707.5157985312775, "max_depth": 8.0, "min_child_weight": 4279.7170481788025, "num_boost_round": 16.0, "subsample": 0.19622558641242643}, "datetime": {"datetime": "2024-01-20 15:51:00", "elapsed": 5228.003679, "delta": 0.004978}}
{"target": -19.14288299843004, "params": {"colsample_bytree": 0.8447793919982043, "eta": 0.025918438007209565, "gamma": 707.5157985312775, "max_depth": 8.0, "min_child_weight": 4279.7170481788025, "num_boost_round": 17.0, "subsample": 0.19622558641242643}, "datetime": {"datetime": "2024-01-20 15:51:00", "elapsed": 5228.008801, "delta": 0.005122}}
{"target": -19.14288611461341, "params": {"colsample_bytree": 0.8447793919982043, "eta": 0.025918438007209565, "gamma": 707.5157985312775, "max_depth": 8.0, "min_child_weight": 4279.7170481788025, "num_boost_round": 18.0, "subsample": 0.19622558641242643}, "datetime": {"datetime": "2024-01-20 15:51:00", "elapsed": 5228.013858, "delta": 0.005057}}
{"target": -19.143020250777184, "params": {"colsample_bytree": 0.8447793919982043, "eta": 0.025918438007209565, "gamma": 707.5157985312775, "max_depth": 8.0, "min_child_weight": 4279.7170481788025, "num_boost_round": 19.0, "subsample": 0.19622558641242643}, "datetime": {"datetime": "2024-01-20 15:51:00", "elapsed": 5228.019055, "delta": 0.005197}}
{"target": -19.14310410979927, "params": {"colsample_bytree": 0.8447793919982043, "eta": 0.025918438007209565, "gamma": 707.5157985312775, "max_depth": 8.0, "min_child_weight": 4279.7170481788025, "num_boost_round": 20.0, "subsample": 0.19622558641242643}, "datetime": {"datetime": "2024-01-20 15:51:00", "elapsed": 5228.02382, "delta": 0.004765}}
{"target": -19.14323020798151, "params": {"colsample_bytree": 0.8447793919982043, "eta": 0.025918438007209565, "gamma": 707.5157985312775, "max_depth": 8.0, "min_child_weight": 4279.7170481788025, "num_boost_round": 21.0, "subsample": 0.19622558641242643}, "datetime": {"datetime": "2024-01-20 15:51:00", "elapsed": 5228.028793, "delta": 0.004973}}
{"target": -19.143211864307496, "params": {"colsample_bytree": 0.7965858361800224, "eta": 0.014556991987461576, "gamma": 386.49541703821023, "max_depth": 2.0, "min_child_weight": 4562.523832973943, "num_boost_round": 1.0, "subsample": 0.6867471080840624}, "datetime": {"datetime": "2024-01-20 15:53:30", "elapsed": 5378.832421, "delta": 150.803628}}
{"target": -19.14314107060323, "params": {"colsample_bytree": 0.7965858361800224, "eta": 0.014556991987461576, "gamma": 386.49541703821023, "max_depth": 2.0, "min_child_weight": 4562.523832973943, "num_boost_round": 2.0, "subsample": 0.6867471080840624}, "datetime": {"datetime": "2024-01-20 15:53:30", "elapsed": 5378.852197, "delta": 0.019776}}
{"target": -19.143118088499506, "params": {"colsample_bytree": 0.7965858361800224, "eta": 0.014556991987461576, "gamma": 386.49541703821023, "max_depth": 2.0, "min_child_weight": 4562.523832973943, "num_boost_round": 3.0, "subsample": 0.6867471080840624}, "datetime": {"datetime": "2024-01-20 15:53:30", "elapsed": 5378.856612, "delta": 0.004415}}
{"target": -19.143086092226863, "params": {"colsample_bytree": 0.7965858361800224, "eta": 0.014556991987461576, "gamma": 386.49541703821023, "max_depth": 2.0, "min_child_weight": 4562.523832973943, "num_boost_round": 4.0, "subsample": 0.6867471080840624}, "datetime": {"datetime": "2024-01-20 15:53:30", "elapsed": 5378.860888, "delta": 0.004276}}
{"target": -19.143046218574582, "params": {"colsample_bytree": 0.7965858361800224, "eta": 0.014556991987461576, "gamma": 386.49541703821023, "max_depth": 2.0, "min_child_weight": 4562.523832973943, "num_boost_round": 5.0, "subsample": 0.6867471080840624}, "datetime": {"datetime": "2024-01-20 15:53:30", "elapsed": 5378.865639, "delta": 0.004751}}
{"target": -19.14302893891786, "params": {"colsample_bytree": 0.7965858361800224, "eta": 0.014556991987461576, "gamma": 386.49541703821023, "max_depth": 2.0, "min_child_weight": 4562.523832973943, "num_boost_round": 6.0, "subsample": 0.6867471080840624}, "datetime": {"datetime": "2024-01-20 15:53:30", "elapsed": 5378.87021, "delta": 0.004571}}
{"target": -19.142984024788376, "params": {"colsample_bytree": 0.7965858361800224, "eta": 0.014556991987461576, "gamma": 386.49541703821023, "max_depth": 2.0, "min_child_weight": 4562.523832973943, "num_boost_round": 7.0, "subsample": 0.6867471080840624}, "datetime": {"datetime": "2024-01-20 15:53:30", "elapsed": 5378.8746, "delta": 0.00439}}
{"target": -19.142986002486914, "params": {"colsample_bytree": 0.7965858361800224, "eta": 0.014556991987461576, "gamma": 386.49541703821023, "max_depth": 2.0, "min_child_weight": 4562.523832973943, "num_boost_round": 8.0, "subsample": 0.6867471080840624}, "datetime": {"datetime": "2024-01-20 15:53:30", "elapsed": 5378.878935, "delta": 0.004335}}
{"target": -19.142955811293913, "params": {"colsample_bytree": 0.7965858361800224, "eta": 0.014556991987461576, "gamma": 386.49541703821023, "max_depth": 2.0, "min_child_weight": 4562.523832973943, "num_boost_round": 9.0, "subsample": 0.6867471080840624}, "datetime": {"datetime": "2024-01-20 15:53:30", "elapsed": 5378.883279, "delta": 0.004344}}
{"target": -19.142922598518165, "params": {"colsample_bytree": 0.7965858361800224, "eta": 0.014556991987461576, "gamma": 386.49541703821023, "max_depth": 2.0, "min_child_weight": 4562.523832973943, "num_boost_round": 10.0, "subsample": 0.6867471080840624}, "datetime": {"datetime": "2024-01-20 15:53:30", "elapsed": 5378.887733, "delta": 0.004454}}
{"target": -19.142977737860676, "params": {"colsample_bytree": 0.7965858361800224, "eta": 0.014556991987461576, "gamma": 386.49541703821023, "max_depth": 2.0, "min_child_weight": 4562.523832973943, "num_boost_round": 11.0, "subsample": 0.6867471080840624}, "datetime": {"datetime": "2024-01-20 15:53:30", "elapsed": 5378.892093, "delta": 0.00436}}
{"target": -19.14298328745794, "params": {"colsample_bytree": 0.7965858361800224, "eta": 0.014556991987461576, "gamma": 386.49541703821023, "max_depth": 2.0, "min_child_weight": 4562.523832973943, "num_boost_round": 12.0, "subsample": 0.6867471080840624}, "datetime": {"datetime": "2024-01-20 15:53:30", "elapsed": 5378.896467, "delta": 0.004374}}
{"target": -19.143040864595797, "params": {"colsample_bytree": 0.7965858361800224, "eta": 0.014556991987461576, "gamma": 386.49541703821023, "max_depth": 2.0, "min_child_weight": 4562.523832973943, "num_boost_round": 13.0, "subsample": 0.6867471080840624}, "datetime": {"datetime": "2024-01-20 15:53:30", "elapsed": 5378.900839, "delta": 0.004372}}
{"target": -19.143048822754302, "params": {"colsample_bytree": 0.7965858361800224, "eta": 0.014556991987461576, "gamma": 386.49541703821023, "max_depth": 2.0, "min_child_weight": 4562.523832973943, "num_boost_round": 14.0, "subsample": 0.6867471080840624}, "datetime": {"datetime": "2024-01-20 15:53:30", "elapsed": 5378.905255, "delta": 0.004416}}
{"target": -19.14305035401224, "params": {"colsample_bytree": 0.7965858361800224, "eta": 0.014556991987461576, "gamma": 386.49541703821023, "max_depth": 2.0, "min_child_weight": 4562.523832973943, "num_boost_round": 15.0, "subsample": 0.6867471080840624}, "datetime": {"datetime": "2024-01-20 15:53:30", "elapsed": 5378.90961, "delta": 0.004355}}
{"target": -19.14305326950501, "params": {"colsample_bytree": 0.7965858361800224, "eta": 0.014556991987461576, "gamma": 386.49541703821023, "max_depth": 2.0, "min_child_weight": 4562.523832973943, "num_boost_round": 16.0, "subsample": 0.6867471080840624}, "datetime": {"datetime": "2024-01-20 15:53:30", "elapsed": 5378.91397, "delta": 0.00436}}
{"target": -19.14304146959894, "params": {"colsample_bytree": 0.7965858361800224, "eta": 0.014556991987461576, "gamma": 386.49541703821023, "max_depth": 2.0, "min_child_weight": 4562.523832973943, "num_boost_round": 17.0, "subsample": 0.6867471080840624}, "datetime": {"datetime": "2024-01-20 15:53:30", "elapsed": 5378.918495, "delta": 0.004525}}
{"target": -19.143162826900436, "params": {"colsample_bytree": 0.5240127534444952, "eta": 0.09126448672393606, "gamma": 774.773489903589, "max_depth": 2.0, "min_child_weight": 4296.897914822439, "num_boost_round": 1.0, "subsample": 0.9990302062099276}, "datetime": {"datetime": "2024-01-20 15:55:05", "elapsed": 5473.108287, "delta": 94.189792}}
{"target": -19.14309075231148, "params": {"colsample_bytree": 0.5240127534444952, "eta": 0.09126448672393606, "gamma": 774.773489903589, "max_depth": 2.0, "min_child_weight": 4296.897914822439, "num_boost_round": 2.0, "subsample": 0.9990302062099276}, "datetime": {"datetime": "2024-01-20 15:55:05", "elapsed": 5473.113682, "delta": 0.005395}}
{"target": -19.142984864007197, "params": {"colsample_bytree": 0.5240127534444952, "eta": 0.09126448672393606, "gamma": 774.773489903589, "max_depth": 2.0, "min_child_weight": 4296.897914822439, "num_boost_round": 3.0, "subsample": 0.9990302062099276}, "datetime": {"datetime": "2024-01-20 15:55:05", "elapsed": 5473.118353, "delta": 0.004671}}
{"target": -19.142572229295407, "params": {"colsample_bytree": 0.5240127534444952, "eta": 0.09126448672393606, "gamma": 774.773489903589, "max_depth": 2.0, "min_child_weight": 4296.897914822439, "num_boost_round": 4.0, "subsample": 0.9990302062099276}, "datetime": {"datetime": "2024-01-20 15:55:05", "elapsed": 5473.12278, "delta": 0.004427}}
{"target": -19.142768550899596, "params": {"colsample_bytree": 0.5240127534444952, "eta": 0.09126448672393606, "gamma": 774.773489903589, "max_depth": 2.0, "min_child_weight": 4296.897914822439, "num_boost_round": 5.0, "subsample": 0.9990302062099276}, "datetime": {"datetime": "2024-01-20 15:55:05", "elapsed": 5473.127252, "delta": 0.004472}}
{"target": -19.14259663606294, "params": {"colsample_bytree": 0.5240127534444952, "eta": 0.09126448672393606, "gamma": 774.773489903589, "max_depth": 2.0, "min_child_weight": 4296.897914822439, "num_boost_round": 6.0, "subsample": 0.9990302062099276}, "datetime": {"datetime": "2024-01-20 15:55:05", "elapsed": 5473.131812, "delta": 0.00456}}
{"target": -19.143009908131077, "params": {"colsample_bytree": 0.5240127534444952, "eta": 0.09126448672393606, "gamma": 774.773489903589, "max_depth": 2.0, "min_child_weight": 4296.897914822439, "num_boost_round": 7.0, "subsample": 0.9990302062099276}, "datetime": {"datetime": "2024-01-20 15:55:05", "elapsed": 5473.136427, "delta": 0.004615}}
{"target": -19.14336172875133, "params": {"colsample_bytree": 0.5240127534444952, "eta": 0.09126448672393606, "gamma": 774.773489903589, "max_depth": 2.0, "min_child_weight": 4296.897914822439, "num_boost_round": 8.0, "subsample": 0.9990302062099276}, "datetime": {"datetime": "2024-01-20 15:55:05", "elapsed": 5473.141023, "delta": 0.004596}}
{"target": -19.143319683369405, "params": {"colsample_bytree": 0.5240127534444952, "eta": 0.09126448672393606, "gamma": 774.773489903589, "max_depth": 2.0, "min_child_weight": 4296.897914822439, "num_boost_round": 9.0, "subsample": 0.9990302062099276}, "datetime": {"datetime": "2024-01-20 15:55:05", "elapsed": 5473.145647, "delta": 0.004624}}
{"target": -19.14397940481853, "params": {"colsample_bytree": 0.5240127534444952, "eta": 0.09126448672393606, "gamma": 774.773489903589, "max_depth": 2.0, "min_child_weight": 4296.897914822439, "num_boost_round": 10.0, "subsample": 0.9990302062099276}, "datetime": {"datetime": "2024-01-20 15:55:05", "elapsed": 5473.150036, "delta": 0.004389}}
{"target": -19.14368160059786, "params": {"colsample_bytree": 0.5240127534444952, "eta": 0.09126448672393606, "gamma": 774.773489903589, "max_depth": 2.0, "min_child_weight": 4296.897914822439, "num_boost_round": 11.0, "subsample": 0.9990302062099276}, "datetime": {"datetime": "2024-01-20 15:55:05", "elapsed": 5473.154468, "delta": 0.004432}}
{"target": -19.144111959604366, "params": {"colsample_bytree": 0.5240127534444952, "eta": 0.09126448672393606, "gamma": 774.773489903589, "max_depth": 2.0, "min_child_weight": 4296.897914822439, "num_boost_round": 12.0, "subsample": 0.9990302062099276}, "datetime": {"datetime": "2024-01-20 15:55:05", "elapsed": 5473.166456, "delta": 0.011988}}
{"target": -19.144936239735074, "params": {"colsample_bytree": 0.5240127534444952, "eta": 0.09126448672393606, "gamma": 774.773489903589, "max_depth": 2.0, "min_child_weight": 4296.897914822439, "num_boost_round": 13.0, "subsample": 0.9990302062099276}, "datetime": {"datetime": "2024-01-20 15:55:05", "elapsed": 5473.171136, "delta": 0.00468}}
