{"target": -10.484022824572566, "params": {"colsample_bytree": 0.7275073334571015, "eta": 0.07622498629527295, "gamma": 844.0678995780023, "max_depth": 6.0, "min_child_weight": 2306.5240450418924, "num_boost_round": 16.0, "subsample": 0.9358356709381047}, "datetime": {"datetime": "2024-01-20 14:13:12", "elapsed": 2884.480506, "delta": 0.003811}}
{"target": -10.484729886048893, "params": {"colsample_bytree": 0.7275073334571015, "eta": 0.07622498629527295, "gamma": 844.0678995780023, "max_depth": 6.0, "min_child_weight": 2306.5240450418924, "num_boost_round": 17.0, "subsample": 0.9358356709381047}, "datetime": {"datetime": "2024-01-20 14:13:12", "elapsed": 2884.483991, "delta": 0.003485}}
{"target": -10.485037955844579, "params": {"colsample_bytree": 0.7275073334571015, "eta": 0.07622498629527295, "gamma": 844.0678995780023, "max_depth": 6.0, "min_child_weight": 2306.5240450418924, "num_boost_round": 18.0, "subsample": 0.9358356709381047}, "datetime": {"datetime": "2024-01-20 14:13:12", "elapsed": 2884.487312, "delta": 0.003321}}
{"target": -10.485464224334775, "params": {"colsample_bytree": 0.7275073334571015, "eta": 0.07622498629527295, "gamma": 844.0678995780023, "max_depth": 6.0, "min_child_weight": 2306.5240450418924, "num_boost_round": 19.0, "subsample": 0.9358356709381047}, "datetime": {"datetime": "2024-01-20 14:13:12", "elapsed": 2884.490621, "delta": 0.003309}}
{"target": -10.485845093584624, "params": {"colsample_bytree": 0.7275073334571015, "eta": 0.07622498629527295, "gamma": 844.0678995780023, "max_depth": 6.0, "min_child_weight": 2306.5240450418924, "num_boost_round": 20.0, "subsample": 0.9358356709381047}, "datetime": {"datetime": "2024-01-20 14:13:12", "elapsed": 2884.493935, "delta": 0.003314}}
{"target": -10.486841235516714, "params": {"colsample_bytree": 0.7275073334571015, "eta": 0.07622498629527295, "gamma": 844.0678995780023, "max_depth": 6.0, "min_child_weight": 2306.5240450418924, "num_boost_round": 21.0, "subsample": 0.9358356709381047}, "datetime": {"datetime": "2024-01-20 14:13:12", "elapsed": 2884.49726, "delta": 0.003325}}
{"target": -10.487827133724307, "params": {"colsample_bytree": 0.7275073334571015, "eta": 0.07622498629527295, "gamma": 844.0678995780023, "max_depth": 6.0, "min_child_weight": 2306.5240450418924, "num_boost_round": 22.0, "subsample": 0.9358356709381047}, "datetime": {"datetime": "2024-01-20 14:13:12", "elapsed": 2884.500573, "delta": 0.003313}}
{"target": -10.488697482561387, "params": {"colsample_bytree": 0.7275073334571015, "eta": 0.07622498629527295, "gamma": 844.0678995780023, "max_depth": 6.0, "min_child_weight": 2306.5240450418924, "num_boost_round": 23.0, "subsample": 0.9358356709381047}, "datetime": {"datetime": "2024-01-20 14:13:12", "elapsed": 2884.503939, "delta": 0.003366}}
{"target": -10.489927460433952, "params": {"colsample_bytree": 0.7275073334571015, "eta": 0.07622498629527295, "gamma": 844.0678995780023, "max_depth": 6.0, "min_child_weight": 2306.5240450418924, "num_boost_round": 24.0, "subsample": 0.9358356709381047}, "datetime": {"datetime": "2024-01-20 14:13:12", "elapsed": 2884.507302, "delta": 0.003363}}
{"target": -10.490654805541396, "params": {"colsample_bytree": 0.7275073334571015, "eta": 0.07622498629527295, "gamma": 844.0678995780023, "max_depth": 6.0, "min_child_weight": 2306.5240450418924, "num_boost_round": 25.0, "subsample": 0.9358356709381047}, "datetime": {"datetime": "2024-01-20 14:13:12", "elapsed": 2884.510601, "delta": 0.003299}}
{"target": -10.491473898159393, "params": {"colsample_bytree": 0.7275073334571015, "eta": 0.07622498629527295, "gamma": 844.0678995780023, "max_depth": 6.0, "min_child_weight": 2306.5240450418924, "num_boost_round": 26.0, "subsample": 0.9358356709381047}, "datetime": {"datetime": "2024-01-20 14:13:12", "elapsed": 2884.513936, "delta": 0.003335}}
{"target": -10.491896036556627, "params": {"colsample_bytree": 0.7275073334571015, "eta": 0.07622498629527295, "gamma": 844.0678995780023, "max_depth": 6.0, "min_child_weight": 2306.5240450418924, "num_boost_round": 27.0, "subsample": 0.9358356709381047}, "datetime": {"datetime": "2024-01-20 14:13:12", "elapsed": 2884.517265, "delta": 0.003329}}
{"target": -10.492425423959936, "params": {"colsample_bytree": 0.7275073334571015, "eta": 0.07622498629527295, "gamma": 844.0678995780023, "max_depth": 6.0, "min_child_weight": 2306.5240450418924, "num_boost_round": 28.0, "subsample": 0.9358356709381047}, "datetime": {"datetime": "2024-01-20 14:13:12", "elapsed": 2884.520611, "delta": 0.003346}}
{"target": -10.493333707574322, "params": {"colsample_bytree": 0.7275073334571015, "eta": 0.07622498629527295, "gamma": 844.0678995780023, "max_depth": 6.0, "min_child_weight": 2306.5240450418924, "num_boost_round": 29.0, "subsample": 0.9358356709381047}, "datetime": {"datetime": "2024-01-20 14:13:12", "elapsed": 2884.523965, "delta": 0.003354}}
{"target": -10.493758584432397, "params": {"colsample_bytree": 0.7275073334571015, "eta": 0.07622498629527295, "gamma": 844.0678995780023, "max_depth": 6.0, "min_child_weight": 2306.5240450418924, "num_boost_round": 30.0, "subsample": 0.9358356709381047}, "datetime": {"datetime": "2024-01-20 14:13:12", "elapsed": 2884.527365, "delta": 0.0034}}
{"target": -10.494577617771098, "params": {"colsample_bytree": 0.7275073334571015, "eta": 0.07622498629527295, "gamma": 844.0678995780023, "max_depth": 6.0, "min_child_weight": 2306.5240450418924, "num_boost_round": 31.0, "subsample": 0.9358356709381047}, "datetime": {"datetime": "2024-01-20 14:13:12", "elapsed": 2884.530724, "delta": 0.003359}}
{"target": -10.495407820219455, "params": {"colsample_bytree": 0.7275073334571015, "eta": 0.07622498629527295, "gamma": 844.0678995780023, "max_depth": 6.0, "min_child_weight": 2306.5240450418924, "num_boost_round": 32.0, "subsample": 0.9358356709381047}, "datetime": {"datetime": "2024-01-20 14:13:12", "elapsed": 2884.534062, "delta": 0.003338}}
{"target": -10.496044684448888, "params": {"colsample_bytree": 0.7275073334571015, "eta": 0.07622498629527295, "gamma": 844.0678995780023, "max_depth": 6.0, "min_child_weight": 2306.5240450418924, "num_boost_round": 33.0, "subsample": 0.9358356709381047}, "datetime": {"datetime": "2024-01-20 14:13:12", "elapsed": 2884.537402, "delta": 0.00334}}
{"target": -10.496632417195002, "params": {"colsample_bytree": 0.7275073334571015, "eta": 0.07622498629527295, "gamma": 844.0678995780023, "max_depth": 6.0, "min_child_weight": 2306.5240450418924, "num_boost_round": 34.0, "subsample": 0.9358356709381047}, "datetime": {"datetime": "2024-01-20 14:13:12", "elapsed": 2884.54072, "delta": 0.003318}}
{"target": -10.497496262316703, "params": {"colsample_bytree": 0.7275073334571015, "eta": 0.07622498629527295, "gamma": 844.0678995780023, "max_depth": 6.0, "min_child_weight": 2306.5240450418924, "num_boost_round": 35.0, "subsample": 0.9358356709381047}, "datetime": {"datetime": "2024-01-20 14:13:12", "elapsed": 2884.54409, "delta": 0.00337}}
{"target": -10.497986534850128, "params": {"colsample_bytree": 0.7275073334571015, "eta": 0.07622498629527295, "gamma": 844.0678995780023, "max_depth": 6.0, "min_child_weight": 2306.5240450418924, "num_boost_round": 36.0, "subsample": 0.9358356709381047}, "datetime": {"datetime": "2024-01-20 14:13:12", "elapsed": 2884.547433, "delta": 0.003343}}
{"target": -10.498756578510308, "params": {"colsample_bytree": 0.7275073334571015, "eta": 0.07622498629527295, "gamma": 844.0678995780023, "max_depth": 6.0, "min_child_weight": 2306.5240450418924, "num_boost_round": 37.0, "subsample": 0.9358356709381047}, "datetime": {"datetime": "2024-01-20 14:13:12", "elapsed": 2884.550777, "delta": 0.003344}}
{"target": -10.499284465567886, "params": {"colsample_bytree": 0.7275073334571015, "eta": 0.07622498629527295, "gamma": 844.0678995780023, "max_depth": 6.0, "min_child_weight": 2306.5240450418924, "num_boost_round": 38.0, "subsample": 0.9358356709381047}, "datetime": {"datetime": "2024-01-20 14:13:12", "elapsed": 2884.554146, "delta": 0.003369}}
{"target": -10.49958588013118, "params": {"colsample_bytree": 0.7275073334571015, "eta": 0.07622498629527295, "gamma": 844.0678995780023, "max_depth": 6.0, "min_child_weight": 2306.5240450418924, "num_boost_round": 39.0, "subsample": 0.9358356709381047}, "datetime": {"datetime": "2024-01-20 14:13:12", "elapsed": 2884.5575, "delta": 0.003354}}
{"target": -10.50054104433078, "params": {"colsample_bytree": 0.7275073334571015, "eta": 0.07622498629527295, "gamma": 844.0678995780023, "max_depth": 6.0, "min_child_weight": 2306.5240450418924, "num_boost_round": 40.0, "subsample": 0.9358356709381047}, "datetime": {"datetime": "2024-01-20 14:13:12", "elapsed": 2884.560904, "delta": 0.003404}}
{"target": -10.500859800193368, "params": {"colsample_bytree": 0.7275073334571015, "eta": 0.07622498629527295, "gamma": 844.0678995780023, "max_depth": 6.0, "min_child_weight": 2306.5240450418924, "num_boost_round": 41.0, "subsample": 0.9358356709381047}, "datetime": {"datetime": "2024-01-20 14:13:12", "elapsed": 2884.564243, "delta": 0.003339}}
{"target": -10.50175612248542, "params": {"colsample_bytree": 0.7275073334571015, "eta": 0.07622498629527295, "gamma": 844.0678995780023, "max_depth": 6.0, "min_child_weight": 2306.5240450418924, "num_boost_round": 42.0, "subsample": 0.9358356709381047}, "datetime": {"datetime": "2024-01-20 14:13:12", "elapsed": 2884.567617, "delta": 0.003374}}
{"target": -10.502036731612792, "params": {"colsample_bytree": 0.7275073334571015, "eta": 0.07622498629527295, "gamma": 844.0678995780023, "max_depth": 6.0, "min_child_weight": 2306.5240450418924, "num_boost_round": 43.0, "subsample": 0.9358356709381047}, "datetime": {"datetime": "2024-01-20 14:13:12", "elapsed": 2884.57095, "delta": 0.003333}}
{"target": -10.502798633034555, "params": {"colsample_bytree": 0.7275073334571015, "eta": 0.07622498629527295, "gamma": 844.0678995780023, "max_depth": 6.0, "min_child_weight": 2306.5240450418924, "num_boost_round": 44.0, "subsample": 0.9358356709381047}, "datetime": {"datetime": "2024-01-20 14:13:12", "elapsed": 2884.574329, "delta": 0.003379}}
{"target": -10.503316534896921, "params": {"colsample_bytree": 0.7275073334571015, "eta": 0.07622498629527295, "gamma": 844.0678995780023, "max_depth": 6.0, "min_child_weight": 2306.5240450418924, "num_boost_round": 45.0, "subsample": 0.9358356709381047}, "datetime": {"datetime": "2024-01-20 14:13:12", "elapsed": 2884.577683, "delta": 0.003354}}
{"target": -10.504078947682423, "params": {"colsample_bytree": 0.7275073334571015, "eta": 0.07622498629527295, "gamma": 844.0678995780023, "max_depth": 6.0, "min_child_weight": 2306.5240450418924, "num_boost_round": 46.0, "subsample": 0.9358356709381047}, "datetime": {"datetime": "2024-01-20 14:13:12", "elapsed": 2884.581062, "delta": 0.003379}}
{"target": -10.504646261162303, "params": {"colsample_bytree": 0.7275073334571015, "eta": 0.07622498629527295, "gamma": 844.0678995780023, "max_depth": 6.0, "min_child_weight": 2306.5240450418924, "num_boost_round": 47.0, "subsample": 0.9358356709381047}, "datetime": {"datetime": "2024-01-20 14:13:12", "elapsed": 2884.584414, "delta": 0.003352}}
{"target": -10.505119217795926, "params": {"colsample_bytree": 0.7275073334571015, "eta": 0.07622498629527295, "gamma": 844.0678995780023, "max_depth": 6.0, "min_child_weight": 2306.5240450418924, "num_boost_round": 48.0, "subsample": 0.9358356709381047}, "datetime": {"datetime": "2024-01-20 14:13:12", "elapsed": 2884.587756, "delta": 0.003342}}
{"target": -10.505703638234827, "params": {"colsample_bytree": 0.7275073334571015, "eta": 0.07622498629527295, "gamma": 844.0678995780023, "max_depth": 6.0, "min_child_weight": 2306.5240450418924, "num_boost_round": 49.0, "subsample": 0.9358356709381047}, "datetime": {"datetime": "2024-01-20 14:13:12", "elapsed": 2884.591105, "delta": 0.003349}}
{"target": -10.50653667591913, "params": {"colsample_bytree": 0.7275073334571015, "eta": 0.07622498629527295, "gamma": 844.0678995780023, "max_depth": 6.0, "min_child_weight": 2306.5240450418924, "num_boost_round": 50.0, "subsample": 0.9358356709381047}, "datetime": {"datetime": "2024-01-20 14:13:12", "elapsed": 2884.594459, "delta": 0.003354}}
{"target": -10.507128518082471, "params": {"colsample_bytree": 0.7275073334571015, "eta": 0.07622498629527295, "gamma": 844.0678995780023, "max_depth": 6.0, "min_child_weight": 2306.5240450418924, "num_boost_round": 51.0, "subsample": 0.9358356709381047}, "datetime": {"datetime": "2024-01-20 14:13:12", "elapsed": 2884.597909, "delta": 0.00345}}
{"target": -10.507792701058754, "params": {"colsample_bytree": 0.7275073334571015, "eta": 0.07622498629527295, "gamma": 844.0678995780023, "max_depth": 6.0, "min_child_weight": 2306.5240450418924, "num_boost_round": 52.0, "subsample": 0.9358356709381047}, "datetime": {"datetime": "2024-01-20 14:13:12", "elapsed": 2884.602315, "delta": 0.004406}}
{"target": -10.508359052495301, "params": {"colsample_bytree": 0.7275073334571015, "eta": 0.07622498629527295, "gamma": 844.0678995780023, "max_depth": 6.0, "min_child_weight": 2306.5240450418924, "num_boost_round": 53.0, "subsample": 0.9358356709381047}, "datetime": {"datetime": "2024-01-20 14:13:12", "elapsed": 2884.605663, "delta": 0.003348}}
{"target": -10.508794747662856, "params": {"colsample_bytree": 0.7275073334571015, "eta": 0.07622498629527295, "gamma": 844.0678995780023, "max_depth": 6.0, "min_child_weight": 2306.5240450418924, "num_boost_round": 54.0, "subsample": 0.9358356709381047}, "datetime": {"datetime": "2024-01-20 14:13:12", "elapsed": 2884.609207, "delta": 0.003544}}
{"target": -10.509244623663534, "params": {"colsample_bytree": 0.7275073334571015, "eta": 0.07622498629527295, "gamma": 844.0678995780023, "max_depth": 6.0, "min_child_weight": 2306.5240450418924, "num_boost_round": 55.0, "subsample": 0.9358356709381047}, "datetime": {"datetime": "2024-01-20 14:13:12", "elapsed": 2884.612501, "delta": 0.003294}}
{"target": -10.509897879674266, "params": {"colsample_bytree": 0.7275073334571015, "eta": 0.07622498629527295, "gamma": 844.0678995780023, "max_depth": 6.0, "min_child_weight": 2306.5240450418924, "num_boost_round": 56.0, "subsample": 0.9358356709381047}, "datetime": {"datetime": "2024-01-20 14:13:12", "elapsed": 2884.615925, "delta": 0.003424}}
{"target": -10.510121418531247, "params": {"colsample_bytree": 0.7275073334571015, "eta": 0.07622498629527295, "gamma": 844.0678995780023, "max_depth": 6.0, "min_child_weight": 2306.5240450418924, "num_boost_round": 57.0, "subsample": 0.9358356709381047}, "datetime": {"datetime": "2024-01-20 14:13:12", "elapsed": 2884.619188, "delta": 0.003263}}
{"target": -10.510577217068462, "params": {"colsample_bytree": 0.7275073334571015, "eta": 0.07622498629527295, "gamma": 844.0678995780023, "max_depth": 6.0, "min_child_weight": 2306.5240450418924, "num_boost_round": 58.0, "subsample": 0.9358356709381047}, "datetime": {"datetime": "2024-01-20 14:13:12", "elapsed": 2884.622622, "delta": 0.003434}}
{"target": -10.510899361586079, "params": {"colsample_bytree": 0.7275073334571015, "eta": 0.07622498629527295, "gamma": 844.0678995780023, "max_depth": 6.0, "min_child_weight": 2306.5240450418924, "num_boost_round": 59.0, "subsample": 0.9358356709381047}, "datetime": {"datetime": "2024-01-20 14:13:12", "elapsed": 2884.625919, "delta": 0.003297}}
{"target": -10.51145307313373, "params": {"colsample_bytree": 0.7275073334571015, "eta": 0.07622498629527295, "gamma": 844.0678995780023, "max_depth": 6.0, "min_child_weight": 2306.5240450418924, "num_boost_round": 60.0, "subsample": 0.9358356709381047}, "datetime": {"datetime": "2024-01-20 14:13:12", "elapsed": 2884.62942, "delta": 0.003501}}
{"target": -10.512177286715213, "params": {"colsample_bytree": 0.7275073334571015, "eta": 0.07622498629527295, "gamma": 844.0678995780023, "max_depth": 6.0, "min_child_weight": 2306.5240450418924, "num_boost_round": 61.0, "subsample": 0.9358356709381047}, "datetime": {"datetime": "2024-01-20 14:13:12", "elapsed": 2884.632746, "delta": 0.003326}}
{"target": -10.512733888261856, "params": {"colsample_bytree": 0.7275073334571015, "eta": 0.07622498629527295, "gamma": 844.0678995780023, "max_depth": 6.0, "min_child_weight": 2306.5240450418924, "num_boost_round": 62.0, "subsample": 0.9358356709381047}, "datetime": {"datetime": "2024-01-20 14:13:12", "elapsed": 2884.636211, "delta": 0.003465}}
{"target": -10.513129788619072, "params": {"colsample_bytree": 0.7275073334571015, "eta": 0.07622498629527295, "gamma": 844.0678995780023, "max_depth": 6.0, "min_child_weight": 2306.5240450418924, "num_boost_round": 63.0, "subsample": 0.9358356709381047}, "datetime": {"datetime": "2024-01-20 14:13:12", "elapsed": 2884.639567, "delta": 0.003356}}
{"target": -10.51327332544806, "params": {"colsample_bytree": 0.7275073334571015, "eta": 0.07622498629527295, "gamma": 844.0678995780023, "max_depth": 6.0, "min_child_weight": 2306.5240450418924, "num_boost_round": 64.0, "subsample": 0.9358356709381047}, "datetime": {"datetime": "2024-01-20 14:13:12", "elapsed": 2884.643053, "delta": 0.003486}}
{"target": -10.513989454577189, "params": {"colsample_bytree": 0.7275073334571015, "eta": 0.07622498629527295, "gamma": 844.0678995780023, "max_depth": 6.0, "min_child_weight": 2306.5240450418924, "num_boost_round": 65.0, "subsample": 0.9358356709381047}, "datetime": {"datetime": "2024-01-20 14:13:12", "elapsed": 2884.646378, "delta": 0.003325}}
{"target": -10.514246902768688, "params": {"colsample_bytree": 0.7275073334571015, "eta": 0.07622498629527295, "gamma": 844.0678995780023, "max_depth": 6.0, "min_child_weight": 2306.5240450418924, "num_boost_round": 66.0, "subsample": 0.9358356709381047}, "datetime": {"datetime": "2024-01-20 14:13:12", "elapsed": 2884.649847, "delta": 0.003469}}
{"target": -10.515204742078511, "params": {"colsample_bytree": 0.7275073334571015, "eta": 0.07622498629527295, "gamma": 844.0678995780023, "max_depth": 6.0, "min_child_weight": 2306.5240450418924, "num_boost_round": 67.0, "subsample": 0.9358356709381047}, "datetime": {"datetime": "2024-01-20 14:13:12", "elapsed": 2884.653161, "delta": 0.003314}}
{"target": -10.47604923433639, "params": {"colsample_bytree": 0.8085605861209649, "eta": 0.00902300200484781, "gamma": 946.5215125012616, "max_depth": 5.0, "min_child_weight": 2047.6865559376272, "num_boost_round": 1.0, "subsample": 0.7114617596684502}, "datetime": {"datetime": "2024-01-20 14:14:11", "elapsed": 2943.486083, "delta": 58.832922}}
{"target": -10.475902644465982, "params": {"colsample_bytree": 0.8085605861209649, "eta": 0.00902300200484781, "gamma": 946.5215125012616, "max_depth": 5.0, "min_child_weight": 2047.6865559376272, "num_boost_round": 2.0, "subsample": 0.7114617596684502}, "datetime": {"datetime": "2024-01-20 14:14:11", "elapsed": 2943.489843, "delta": 0.00376}}
{"target": -10.475892059370635, "params": {"colsample_bytree": 0.8085605861209649, "eta": 0.00902300200484781, "gamma": 946.5215125012616, "max_depth": 5.0, "min_child_weight": 2047.6865559376272, "num_boost_round": 3.0, "subsample": 0.7114617596684502}, "datetime": {"datetime": "2024-01-20 14:14:11", "elapsed": 2943.493015, "delta": 0.003172}}
{"target": -10.475835800894732, "params": {"colsample_bytree": 0.8085605861209649, "eta": 0.00902300200484781, "gamma": 946.5215125012616, "max_depth": 5.0, "min_child_weight": 2047.6865559376272, "num_boost_round": 4.0, "subsample": 0.7114617596684502}, "datetime": {"datetime": "2024-01-20 14:14:11", "elapsed": 2943.496157, "delta": 0.003142}}
{"target": -10.475779053098382, "params": {"colsample_bytree": 0.8085605861209649, "eta": 0.00902300200484781, "gamma": 946.5215125012616, "max_depth": 5.0, "min_child_weight": 2047.6865559376272, "num_boost_round": 5.0, "subsample": 0.7114617596684502}, "datetime": {"datetime": "2024-01-20 14:14:11", "elapsed": 2943.499441, "delta": 0.003284}}
{"target": -10.475768059950063, "params": {"colsample_bytree": 0.8085605861209649, "eta": 0.00902300200484781, "gamma": 946.5215125012616, "max_depth": 5.0, "min_child_weight": 2047.6865559376272, "num_boost_round": 6.0, "subsample": 0.7114617596684502}, "datetime": {"datetime": "2024-01-20 14:14:11", "elapsed": 2943.502565, "delta": 0.003124}}
{"target": -10.475753987298301, "params": {"colsample_bytree": 0.8085605861209649, "eta": 0.00902300200484781, "gamma": 946.5215125012616, "max_depth": 5.0, "min_child_weight": 2047.6865559376272, "num_boost_round": 7.0, "subsample": 0.7114617596684502}, "datetime": {"datetime": "2024-01-20 14:14:11", "elapsed": 2943.505707, "delta": 0.003142}}
{"target": -10.475688526326476, "params": {"colsample_bytree": 0.8085605861209649, "eta": 0.00902300200484781, "gamma": 946.5215125012616, "max_depth": 5.0, "min_child_weight": 2047.6865559376272, "num_boost_round": 8.0, "subsample": 0.7114617596684502}, "datetime": {"datetime": "2024-01-20 14:14:11", "elapsed": 2943.508817, "delta": 0.00311}}
{"target": -10.475684228150133, "params": {"colsample_bytree": 0.8085605861209649, "eta": 0.00902300200484781, "gamma": 946.5215125012616, "max_depth": 5.0, "min_child_weight": 2047.6865559376272, "num_boost_round": 9.0, "subsample": 0.7114617596684502}, "datetime": {"datetime": "2024-01-20 14:14:11", "elapsed": 2943.512112, "delta": 0.003295}}
{"target": -10.475630766546224, "params": {"colsample_bytree": 0.8085605861209649, "eta": 0.00902300200484781, "gamma": 946.5215125012616, "max_depth": 5.0, "min_child_weight": 2047.6865559376272, "num_boost_round": 10.0, "subsample": 0.7114617596684502}, "datetime": {"datetime": "2024-01-20 14:14:11", "elapsed": 2943.515367, "delta": 0.003255}}
{"target": -10.475618327262431, "params": {"colsample_bytree": 0.8085605861209649, "eta": 0.00902300200484781, "gamma": 946.5215125012616, "max_depth": 5.0, "min_child_weight": 2047.6865559376272, "num_boost_round": 11.0, "subsample": 0.7114617596684502}, "datetime": {"datetime": "2024-01-20 14:14:11", "elapsed": 2943.518599, "delta": 0.003232}}
