{"target": -15.160305780568788, "params": {"colsample_bytree": 0.3851667029908712, "eta": 0.07759459442645164, "gamma": 439.51364289966557, "max_depth": 3.0, "min_child_weight": 4394.361851241527, "num_boost_round": 14.0, "subsample": 0.557231032256607}, "datetime": {"datetime": "2024-01-20 14:44:29", "elapsed": 1226.511343, "delta": 0.001971}}
{"target": -15.159728809153458, "params": {"colsample_bytree": 0.3851667029908712, "eta": 0.07759459442645164, "gamma": 439.51364289966557, "max_depth": 3.0, "min_child_weight": 4394.361851241527, "num_boost_round": 15.0, "subsample": 0.557231032256607}, "datetime": {"datetime": "2024-01-20 14:44:29", "elapsed": 1226.513412, "delta": 0.002069}}
{"target": -15.159757902758042, "params": {"colsample_bytree": 0.3851667029908712, "eta": 0.07759459442645164, "gamma": 439.51364289966557, "max_depth": 3.0, "min_child_weight": 4394.361851241527, "num_boost_round": 16.0, "subsample": 0.557231032256607}, "datetime": {"datetime": "2024-01-20 14:44:29", "elapsed": 1226.515369, "delta": 0.001957}}
{"target": -15.158618907629805, "params": {"colsample_bytree": 0.3851667029908712, "eta": 0.07759459442645164, "gamma": 439.51364289966557, "max_depth": 3.0, "min_child_weight": 4394.361851241527, "num_boost_round": 17.0, "subsample": 0.557231032256607}, "datetime": {"datetime": "2024-01-20 14:44:29", "elapsed": 1226.521572, "delta": 0.006203}}
{"target": -15.159494012922831, "params": {"colsample_bytree": 0.3851667029908712, "eta": 0.07759459442645164, "gamma": 439.51364289966557, "max_depth": 3.0, "min_child_weight": 4394.361851241527, "num_boost_round": 18.0, "subsample": 0.557231032256607}, "datetime": {"datetime": "2024-01-20 14:44:29", "elapsed": 1226.523529, "delta": 0.001957}}
{"target": -15.159112330767542, "params": {"colsample_bytree": 0.3851667029908712, "eta": 0.07759459442645164, "gamma": 439.51364289966557, "max_depth": 3.0, "min_child_weight": 4394.361851241527, "num_boost_round": 19.0, "subsample": 0.557231032256607}, "datetime": {"datetime": "2024-01-20 14:44:29", "elapsed": 1226.5255, "delta": 0.001971}}
{"target": -15.159089341610121, "params": {"colsample_bytree": 0.3851667029908712, "eta": 0.07759459442645164, "gamma": 439.51364289966557, "max_depth": 3.0, "min_child_weight": 4394.361851241527, "num_boost_round": 20.0, "subsample": 0.557231032256607}, "datetime": {"datetime": "2024-01-20 14:44:29", "elapsed": 1226.527465, "delta": 0.001965}}
{"target": -15.158933258098758, "params": {"colsample_bytree": 0.3851667029908712, "eta": 0.07759459442645164, "gamma": 439.51364289966557, "max_depth": 3.0, "min_child_weight": 4394.361851241527, "num_boost_round": 21.0, "subsample": 0.557231032256607}, "datetime": {"datetime": "2024-01-20 14:44:29", "elapsed": 1226.529432, "delta": 0.001967}}
{"target": -15.15883013592871, "params": {"colsample_bytree": 0.3851667029908712, "eta": 0.07759459442645164, "gamma": 439.51364289966557, "max_depth": 3.0, "min_child_weight": 4394.361851241527, "num_boost_round": 22.0, "subsample": 0.557231032256607}, "datetime": {"datetime": "2024-01-20 14:44:29", "elapsed": 1226.531429, "delta": 0.001997}}
{"target": -15.159245251323778, "params": {"colsample_bytree": 0.3851667029908712, "eta": 0.07759459442645164, "gamma": 439.51364289966557, "max_depth": 3.0, "min_child_weight": 4394.361851241527, "num_boost_round": 23.0, "subsample": 0.557231032256607}, "datetime": {"datetime": "2024-01-20 14:44:29", "elapsed": 1226.533486, "delta": 0.002057}}
{"target": -15.15859116136918, "params": {"colsample_bytree": 0.3851667029908712, "eta": 0.07759459442645164, "gamma": 439.51364289966557, "max_depth": 3.0, "min_child_weight": 4394.361851241527, "num_boost_round": 24.0, "subsample": 0.557231032256607}, "datetime": {"datetime": "2024-01-20 14:44:29", "elapsed": 1226.535457, "delta": 0.001971}}
{"target": -15.159111875134155, "params": {"colsample_bytree": 0.3851667029908712, "eta": 0.07759459442645164, "gamma": 439.51364289966557, "max_depth": 3.0, "min_child_weight": 4394.361851241527, "num_boost_round": 25.0, "subsample": 0.557231032256607}, "datetime": {"datetime": "2024-01-20 14:44:29", "elapsed": 1226.537417, "delta": 0.00196}}
{"target": -15.159335214728904, "params": {"colsample_bytree": 0.3851667029908712, "eta": 0.07759459442645164, "gamma": 439.51364289966557, "max_depth": 3.0, "min_child_weight": 4394.361851241527, "num_boost_round": 26.0, "subsample": 0.557231032256607}, "datetime": {"datetime": "2024-01-20 14:44:29", "elapsed": 1226.539382, "delta": 0.001965}}
{"target": -15.159454839168951, "params": {"colsample_bytree": 0.3851667029908712, "eta": 0.07759459442645164, "gamma": 439.51364289966557, "max_depth": 3.0, "min_child_weight": 4394.361851241527, "num_boost_round": 27.0, "subsample": 0.557231032256607}, "datetime": {"datetime": "2024-01-20 14:44:29", "elapsed": 1226.541481, "delta": 0.002099}}
{"target": -15.159326701105307, "params": {"colsample_bytree": 0.3851667029908712, "eta": 0.07759459442645164, "gamma": 439.51364289966557, "max_depth": 3.0, "min_child_weight": 4394.361851241527, "num_boost_round": 28.0, "subsample": 0.557231032256607}, "datetime": {"datetime": "2024-01-20 14:44:29", "elapsed": 1226.543523, "delta": 0.002042}}
{"target": -15.158672531564982, "params": {"colsample_bytree": 0.3851667029908712, "eta": 0.07759459442645164, "gamma": 439.51364289966557, "max_depth": 3.0, "min_child_weight": 4394.361851241527, "num_boost_round": 29.0, "subsample": 0.557231032256607}, "datetime": {"datetime": "2024-01-20 14:44:29", "elapsed": 1226.545498, "delta": 0.001975}}
{"target": -15.158226077812404, "params": {"colsample_bytree": 0.3851667029908712, "eta": 0.07759459442645164, "gamma": 439.51364289966557, "max_depth": 3.0, "min_child_weight": 4394.361851241527, "num_boost_round": 30.0, "subsample": 0.557231032256607}, "datetime": {"datetime": "2024-01-20 14:44:29", "elapsed": 1226.547448, "delta": 0.00195}}
{"target": -15.158536401551181, "params": {"colsample_bytree": 0.3851667029908712, "eta": 0.07759459442645164, "gamma": 439.51364289966557, "max_depth": 3.0, "min_child_weight": 4394.361851241527, "num_boost_round": 31.0, "subsample": 0.557231032256607}, "datetime": {"datetime": "2024-01-20 14:44:29", "elapsed": 1226.549412, "delta": 0.001964}}
{"target": -15.158676523972025, "params": {"colsample_bytree": 0.3851667029908712, "eta": 0.07759459442645164, "gamma": 439.51364289966557, "max_depth": 3.0, "min_child_weight": 4394.361851241527, "num_boost_round": 32.0, "subsample": 0.557231032256607}, "datetime": {"datetime": "2024-01-20 14:44:29", "elapsed": 1226.551477, "delta": 0.002065}}
{"target": -15.1586931218188, "params": {"colsample_bytree": 0.3851667029908712, "eta": 0.07759459442645164, "gamma": 439.51364289966557, "max_depth": 3.0, "min_child_weight": 4394.361851241527, "num_boost_round": 33.0, "subsample": 0.557231032256607}, "datetime": {"datetime": "2024-01-20 14:44:29", "elapsed": 1226.553446, "delta": 0.001969}}
{"target": -15.1592462960387, "params": {"colsample_bytree": 0.3851667029908712, "eta": 0.07759459442645164, "gamma": 439.51364289966557, "max_depth": 3.0, "min_child_weight": 4394.361851241527, "num_boost_round": 34.0, "subsample": 0.557231032256607}, "datetime": {"datetime": "2024-01-20 14:44:29", "elapsed": 1226.555431, "delta": 0.001985}}
{"target": -15.159178833592922, "params": {"colsample_bytree": 0.3851667029908712, "eta": 0.07759459442645164, "gamma": 439.51364289966557, "max_depth": 3.0, "min_child_weight": 4394.361851241527, "num_boost_round": 35.0, "subsample": 0.557231032256607}, "datetime": {"datetime": "2024-01-20 14:44:29", "elapsed": 1226.55744, "delta": 0.002009}}
{"target": -15.159578983742085, "params": {"colsample_bytree": 0.3851667029908712, "eta": 0.07759459442645164, "gamma": 439.51364289966557, "max_depth": 3.0, "min_child_weight": 4394.361851241527, "num_boost_round": 36.0, "subsample": 0.557231032256607}, "datetime": {"datetime": "2024-01-20 14:44:29", "elapsed": 1226.559519, "delta": 0.002079}}
{"target": -15.159546017537746, "params": {"colsample_bytree": 0.3851667029908712, "eta": 0.07759459442645164, "gamma": 439.51364289966557, "max_depth": 3.0, "min_child_weight": 4394.361851241527, "num_boost_round": 37.0, "subsample": 0.557231032256607}, "datetime": {"datetime": "2024-01-20 14:44:29", "elapsed": 1226.561519, "delta": 0.002}}
{"target": -15.159719308232372, "params": {"colsample_bytree": 0.3851667029908712, "eta": 0.07759459442645164, "gamma": 439.51364289966557, "max_depth": 3.0, "min_child_weight": 4394.361851241527, "num_boost_round": 38.0, "subsample": 0.557231032256607}, "datetime": {"datetime": "2024-01-20 14:44:29", "elapsed": 1226.56362, "delta": 0.002101}}
{"target": -15.160367185101837, "params": {"colsample_bytree": 0.3851667029908712, "eta": 0.07759459442645164, "gamma": 439.51364289966557, "max_depth": 3.0, "min_child_weight": 4394.361851241527, "num_boost_round": 39.0, "subsample": 0.557231032256607}, "datetime": {"datetime": "2024-01-20 14:44:29", "elapsed": 1226.56561, "delta": 0.00199}}
{"target": -15.160537715902603, "params": {"colsample_bytree": 0.3851667029908712, "eta": 0.07759459442645164, "gamma": 439.51364289966557, "max_depth": 3.0, "min_child_weight": 4394.361851241527, "num_boost_round": 40.0, "subsample": 0.557231032256607}, "datetime": {"datetime": "2024-01-20 14:44:29", "elapsed": 1226.567593, "delta": 0.001983}}
{"target": -15.16016580509801, "params": {"colsample_bytree": 0.3851667029908712, "eta": 0.07759459442645164, "gamma": 439.51364289966557, "max_depth": 3.0, "min_child_weight": 4394.361851241527, "num_boost_round": 41.0, "subsample": 0.557231032256607}, "datetime": {"datetime": "2024-01-20 14:44:29", "elapsed": 1226.569577, "delta": 0.001984}}
{"target": -15.17019602048817, "params": {"colsample_bytree": 0.9407239312350436, "eta": 0.045413986827049814, "gamma": 513.1965049817908, "max_depth": 4.0, "min_child_weight": 4310.203481519031, "num_boost_round": 1.0, "subsample": 0.44764239347151413}, "datetime": {"datetime": "2024-01-20 14:44:53", "elapsed": 1250.622687, "delta": 24.05311}}
{"target": -15.167708038647914, "params": {"colsample_bytree": 0.9407239312350436, "eta": 0.045413986827049814, "gamma": 513.1965049817908, "max_depth": 4.0, "min_child_weight": 4310.203481519031, "num_boost_round": 2.0, "subsample": 0.44764239347151413}, "datetime": {"datetime": "2024-01-20 14:44:53", "elapsed": 1250.626586, "delta": 0.003899}}
{"target": -15.165152378160755, "params": {"colsample_bytree": 0.9407239312350436, "eta": 0.045413986827049814, "gamma": 513.1965049817908, "max_depth": 4.0, "min_child_weight": 4310.203481519031, "num_boost_round": 3.0, "subsample": 0.44764239347151413}, "datetime": {"datetime": "2024-01-20 14:44:53", "elapsed": 1250.628666, "delta": 0.00208}}
{"target": -15.164118546114294, "params": {"colsample_bytree": 0.9407239312350436, "eta": 0.045413986827049814, "gamma": 513.1965049817908, "max_depth": 4.0, "min_child_weight": 4310.203481519031, "num_boost_round": 4.0, "subsample": 0.44764239347151413}, "datetime": {"datetime": "2024-01-20 14:44:53", "elapsed": 1250.63081, "delta": 0.002144}}
{"target": -15.162361347602532, "params": {"colsample_bytree": 0.9407239312350436, "eta": 0.045413986827049814, "gamma": 513.1965049817908, "max_depth": 4.0, "min_child_weight": 4310.203481519031, "num_boost_round": 5.0, "subsample": 0.44764239347151413}, "datetime": {"datetime": "2024-01-20 14:44:53", "elapsed": 1250.63283, "delta": 0.00202}}
{"target": -15.160896778903293, "params": {"colsample_bytree": 0.9407239312350436, "eta": 0.045413986827049814, "gamma": 513.1965049817908, "max_depth": 4.0, "min_child_weight": 4310.203481519031, "num_boost_round": 6.0, "subsample": 0.44764239347151413}, "datetime": {"datetime": "2024-01-20 14:44:53", "elapsed": 1250.634829, "delta": 0.001999}}
{"target": -15.159746292721518, "params": {"colsample_bytree": 0.9407239312350436, "eta": 0.045413986827049814, "gamma": 513.1965049817908, "max_depth": 4.0, "min_child_weight": 4310.203481519031, "num_boost_round": 7.0, "subsample": 0.44764239347151413}, "datetime": {"datetime": "2024-01-20 14:44:53", "elapsed": 1250.636817, "delta": 0.001988}}
{"target": -15.158758413542397, "params": {"colsample_bytree": 0.9407239312350436, "eta": 0.045413986827049814, "gamma": 513.1965049817908, "max_depth": 4.0, "min_child_weight": 4310.203481519031, "num_boost_round": 8.0, "subsample": 0.44764239347151413}, "datetime": {"datetime": "2024-01-20 14:44:53", "elapsed": 1250.638815, "delta": 0.001998}}
{"target": -15.158545875057975, "params": {"colsample_bytree": 0.9407239312350436, "eta": 0.045413986827049814, "gamma": 513.1965049817908, "max_depth": 4.0, "min_child_weight": 4310.203481519031, "num_boost_round": 9.0, "subsample": 0.44764239347151413}, "datetime": {"datetime": "2024-01-20 14:44:53", "elapsed": 1250.64092, "delta": 0.002105}}
{"target": -15.157824386404105, "params": {"colsample_bytree": 0.9407239312350436, "eta": 0.045413986827049814, "gamma": 513.1965049817908, "max_depth": 4.0, "min_child_weight": 4310.203481519031, "num_boost_round": 10.0, "subsample": 0.44764239347151413}, "datetime": {"datetime": "2024-01-20 14:44:53", "elapsed": 1250.643117, "delta": 0.002197}}
{"target": -15.157032316870012, "params": {"colsample_bytree": 0.9407239312350436, "eta": 0.045413986827049814, "gamma": 513.1965049817908, "max_depth": 4.0, "min_child_weight": 4310.203481519031, "num_boost_round": 11.0, "subsample": 0.44764239347151413}, "datetime": {"datetime": "2024-01-20 14:44:53", "elapsed": 1250.645301, "delta": 0.002184}}
{"target": -15.156401551919298, "params": {"colsample_bytree": 0.9407239312350436, "eta": 0.045413986827049814, "gamma": 513.1965049817908, "max_depth": 4.0, "min_child_weight": 4310.203481519031, "num_boost_round": 12.0, "subsample": 0.44764239347151413}, "datetime": {"datetime": "2024-01-20 14:44:53", "elapsed": 1250.647399, "delta": 0.002098}}
{"target": -15.155871361499834, "params": {"colsample_bytree": 0.9407239312350436, "eta": 0.045413986827049814, "gamma": 513.1965049817908, "max_depth": 4.0, "min_child_weight": 4310.203481519031, "num_boost_round": 13.0, "subsample": 0.44764239347151413}, "datetime": {"datetime": "2024-01-20 14:44:53", "elapsed": 1250.649391, "delta": 0.001992}}
{"target": -15.155042767666071, "params": {"colsample_bytree": 0.9407239312350436, "eta": 0.045413986827049814, "gamma": 513.1965049817908, "max_depth": 4.0, "min_child_weight": 4310.203481519031, "num_boost_round": 14.0, "subsample": 0.44764239347151413}, "datetime": {"datetime": "2024-01-20 14:44:53", "elapsed": 1250.65139, "delta": 0.001999}}
{"target": -15.154965364323566, "params": {"colsample_bytree": 0.9407239312350436, "eta": 0.045413986827049814, "gamma": 513.1965049817908, "max_depth": 4.0, "min_child_weight": 4310.203481519031, "num_boost_round": 15.0, "subsample": 0.44764239347151413}, "datetime": {"datetime": "2024-01-20 14:44:53", "elapsed": 1250.653389, "delta": 0.001999}}
{"target": -15.154417710601342, "params": {"colsample_bytree": 0.9407239312350436, "eta": 0.045413986827049814, "gamma": 513.1965049817908, "max_depth": 4.0, "min_child_weight": 4310.203481519031, "num_boost_round": 16.0, "subsample": 0.44764239347151413}, "datetime": {"datetime": "2024-01-20 14:44:53", "elapsed": 1250.655451, "delta": 0.002062}}
{"target": -15.172447805131297, "params": {"colsample_bytree": 0.3970897220323242, "eta": 0.02286094704368044, "gamma": 552.0274199924654, "max_depth": 7.0, "min_child_weight": 4136.866384952591, "num_boost_round": 1.0, "subsample": 0.1353617514227064}, "datetime": {"datetime": "2024-01-20 14:45:30", "elapsed": 1287.503453, "delta": 36.848002}}
{"target": -15.171843201504462, "params": {"colsample_bytree": 0.3970897220323242, "eta": 0.02286094704368044, "gamma": 552.0274199924654, "max_depth": 7.0, "min_child_weight": 4136.866384952591, "num_boost_round": 2.0, "subsample": 0.1353617514227064}, "datetime": {"datetime": "2024-01-20 14:45:30", "elapsed": 1287.506466, "delta": 0.003013}}
{"target": -15.171276953466393, "params": {"colsample_bytree": 0.3970897220323242, "eta": 0.02286094704368044, "gamma": 552.0274199924654, "max_depth": 7.0, "min_child_weight": 4136.866384952591, "num_boost_round": 3.0, "subsample": 0.1353617514227064}, "datetime": {"datetime": "2024-01-20 14:45:30", "elapsed": 1287.508641, "delta": 0.002175}}
{"target": -15.171181678943011, "params": {"colsample_bytree": 0.3970897220323242, "eta": 0.02286094704368044, "gamma": 552.0274199924654, "max_depth": 7.0, "min_child_weight": 4136.866384952591, "num_boost_round": 4.0, "subsample": 0.1353617514227064}, "datetime": {"datetime": "2024-01-20 14:45:30", "elapsed": 1287.510936, "delta": 0.002295}}
{"target": -15.170073930411474, "params": {"colsample_bytree": 0.3970897220323242, "eta": 0.02286094704368044, "gamma": 552.0274199924654, "max_depth": 7.0, "min_child_weight": 4136.866384952591, "num_boost_round": 5.0, "subsample": 0.1353617514227064}, "datetime": {"datetime": "2024-01-20 14:45:30", "elapsed": 1287.513043, "delta": 0.002107}}
{"target": -15.169432484896925, "params": {"colsample_bytree": 0.3970897220323242, "eta": 0.02286094704368044, "gamma": 552.0274199924654, "max_depth": 7.0, "min_child_weight": 4136.866384952591, "num_boost_round": 6.0, "subsample": 0.1353617514227064}, "datetime": {"datetime": "2024-01-20 14:45:30", "elapsed": 1287.515157, "delta": 0.002114}}
{"target": -15.16896848966887, "params": {"colsample_bytree": 0.3970897220323242, "eta": 0.02286094704368044, "gamma": 552.0274199924654, "max_depth": 7.0, "min_child_weight": 4136.866384952591, "num_boost_round": 7.0, "subsample": 0.1353617514227064}, "datetime": {"datetime": "2024-01-20 14:45:30", "elapsed": 1287.517261, "delta": 0.002104}}
{"target": -15.168134897322645, "params": {"colsample_bytree": 0.3970897220323242, "eta": 0.02286094704368044, "gamma": 552.0274199924654, "max_depth": 7.0, "min_child_weight": 4136.866384952591, "num_boost_round": 8.0, "subsample": 0.1353617514227064}, "datetime": {"datetime": "2024-01-20 14:45:30", "elapsed": 1287.519352, "delta": 0.002091}}
{"target": -15.168060505974447, "params": {"colsample_bytree": 0.3970897220323242, "eta": 0.02286094704368044, "gamma": 552.0274199924654, "max_depth": 7.0, "min_child_weight": 4136.866384952591, "num_boost_round": 9.0, "subsample": 0.1353617514227064}, "datetime": {"datetime": "2024-01-20 14:45:30", "elapsed": 1287.52157, "delta": 0.002218}}
{"target": -15.167566848423304, "params": {"colsample_bytree": 0.3970897220323242, "eta": 0.02286094704368044, "gamma": 552.0274199924654, "max_depth": 7.0, "min_child_weight": 4136.866384952591, "num_boost_round": 10.0, "subsample": 0.1353617514227064}, "datetime": {"datetime": "2024-01-20 14:45:30", "elapsed": 1287.523735, "delta": 0.002165}}
{"target": -15.167486057851011, "params": {"colsample_bytree": 0.3970897220323242, "eta": 0.02286094704368044, "gamma": 552.0274199924654, "max_depth": 7.0, "min_child_weight": 4136.866384952591, "num_boost_round": 11.0, "subsample": 0.1353617514227064}, "datetime": {"datetime": "2024-01-20 14:45:30", "elapsed": 1287.525831, "delta": 0.002096}}
{"target": -15.167489382471953, "params": {"colsample_bytree": 0.3970897220323242, "eta": 0.02286094704368044, "gamma": 552.0274199924654, "max_depth": 7.0, "min_child_weight": 4136.866384952591, "num_boost_round": 12.0, "subsample": 0.1353617514227064}, "datetime": {"datetime": "2024-01-20 14:45:30", "elapsed": 1287.527936, "delta": 0.002105}}
{"target": -15.167197717901884, "params": {"colsample_bytree": 0.3970897220323242, "eta": 0.02286094704368044, "gamma": 552.0274199924654, "max_depth": 7.0, "min_child_weight": 4136.866384952591, "num_boost_round": 13.0, "subsample": 0.1353617514227064}, "datetime": {"datetime": "2024-01-20 14:45:30", "elapsed": 1287.530041, "delta": 0.002105}}
{"target": -15.166735092868326, "params": {"colsample_bytree": 0.3970897220323242, "eta": 0.02286094704368044, "gamma": 552.0274199924654, "max_depth": 7.0, "min_child_weight": 4136.866384952591, "num_boost_round": 14.0, "subsample": 0.1353617514227064}, "datetime": {"datetime": "2024-01-20 14:45:30", "elapsed": 1287.532243, "delta": 0.002202}}
{"target": -15.166296972348075, "params": {"colsample_bytree": 0.3970897220323242, "eta": 0.02286094704368044, "gamma": 552.0274199924654, "max_depth": 7.0, "min_child_weight": 4136.866384952591, "num_boost_round": 15.0, "subsample": 0.1353617514227064}, "datetime": {"datetime": "2024-01-20 14:45:30", "elapsed": 1287.53435, "delta": 0.002107}}
{"target": -15.16611367684894, "params": {"colsample_bytree": 0.3970897220323242, "eta": 0.02286094704368044, "gamma": 552.0274199924654, "max_depth": 7.0, "min_child_weight": 4136.866384952591, "num_boost_round": 16.0, "subsample": 0.1353617514227064}, "datetime": {"datetime": "2024-01-20 14:45:30", "elapsed": 1287.536472, "delta": 0.002122}}
{"target": -15.165416807918085, "params": {"colsample_bytree": 0.3970897220323242, "eta": 0.02286094704368044, "gamma": 552.0274199924654, "max_depth": 7.0, "min_child_weight": 4136.866384952591, "num_boost_round": 17.0, "subsample": 0.1353617514227064}, "datetime": {"datetime": "2024-01-20 14:45:30", "elapsed": 1287.538584, "delta": 0.002112}}
{"target": -15.165369604032769, "params": {"colsample_bytree": 0.3970897220323242, "eta": 0.02286094704368044, "gamma": 552.0274199924654, "max_depth": 7.0, "min_child_weight": 4136.866384952591, "num_boost_round": 18.0, "subsample": 0.1353617514227064}, "datetime": {"datetime": "2024-01-20 14:45:30", "elapsed": 1287.540738, "delta": 0.002154}}
{"target": -15.165057183879792, "params": {"colsample_bytree": 0.3970897220323242, "eta": 0.02286094704368044, "gamma": 552.0274199924654, "max_depth": 7.0, "min_child_weight": 4136.866384952591, "num_boost_round": 19.0, "subsample": 0.1353617514227064}, "datetime": {"datetime": "2024-01-20 14:45:30", "elapsed": 1287.542941, "delta": 0.002203}}
