{"target": -13.732030294163144, "params": {"colsample_bytree": 0.7745825785807617, "eta": 0.043534740461965815, "gamma": 687.6375455244172, "max_depth": 2.0, "min_child_weight": 4819.100200036315, "num_boost_round": 2.0, "subsample": 0.1811936611332269}, "datetime": {"datetime": "2024-01-20 15:31:01", "elapsed": 4022.416862, "delta": 0.002835}}
{"target": -13.732714649971438, "params": {"colsample_bytree": 0.7745825785807617, "eta": 0.043534740461965815, "gamma": 687.6375455244172, "max_depth": 2.0, "min_child_weight": 4819.100200036315, "num_boost_round": 3.0, "subsample": 0.1811936611332269}, "datetime": {"datetime": "2024-01-20 15:31:01", "elapsed": 4022.41951, "delta": 0.002648}}
{"target": -13.733418493145669, "params": {"colsample_bytree": 0.7745825785807617, "eta": 0.043534740461965815, "gamma": 687.6375455244172, "max_depth": 2.0, "min_child_weight": 4819.100200036315, "num_boost_round": 4.0, "subsample": 0.1811936611332269}, "datetime": {"datetime": "2024-01-20 15:31:01", "elapsed": 4022.421687, "delta": 0.002177}}
{"target": -13.734122523169741, "params": {"colsample_bytree": 0.7745825785807617, "eta": 0.043534740461965815, "gamma": 687.6375455244172, "max_depth": 2.0, "min_child_weight": 4819.100200036315, "num_boost_round": 5.0, "subsample": 0.1811936611332269}, "datetime": {"datetime": "2024-01-20 15:31:01", "elapsed": 4022.423928, "delta": 0.002241}}
{"target": -13.73464069812048, "params": {"colsample_bytree": 0.7745825785807617, "eta": 0.043534740461965815, "gamma": 687.6375455244172, "max_depth": 2.0, "min_child_weight": 4819.100200036315, "num_boost_round": 6.0, "subsample": 0.1811936611332269}, "datetime": {"datetime": "2024-01-20 15:31:01", "elapsed": 4022.426028, "delta": 0.0021}}
{"target": -13.73523757569353, "params": {"colsample_bytree": 0.7745825785807617, "eta": 0.043534740461965815, "gamma": 687.6375455244172, "max_depth": 2.0, "min_child_weight": 4819.100200036315, "num_boost_round": 7.0, "subsample": 0.1811936611332269}, "datetime": {"datetime": "2024-01-20 15:31:01", "elapsed": 4022.42814, "delta": 0.002112}}
{"target": -13.735623984158341, "params": {"colsample_bytree": 0.7745825785807617, "eta": 0.043534740461965815, "gamma": 687.6375455244172, "max_depth": 2.0, "min_child_weight": 4819.100200036315, "num_boost_round": 8.0, "subsample": 0.1811936611332269}, "datetime": {"datetime": "2024-01-20 15:31:01", "elapsed": 4022.430269, "delta": 0.002129}}
{"target": -13.73603739624117, "params": {"colsample_bytree": 0.7745825785807617, "eta": 0.043534740461965815, "gamma": 687.6375455244172, "max_depth": 2.0, "min_child_weight": 4819.100200036315, "num_boost_round": 9.0, "subsample": 0.1811936611332269}, "datetime": {"datetime": "2024-01-20 15:31:01", "elapsed": 4022.432529, "delta": 0.00226}}
{"target": -13.736463788857176, "params": {"colsample_bytree": 0.7745825785807617, "eta": 0.043534740461965815, "gamma": 687.6375455244172, "max_depth": 2.0, "min_child_weight": 4819.100200036315, "num_boost_round": 10.0, "subsample": 0.1811936611332269}, "datetime": {"datetime": "2024-01-20 15:31:01", "elapsed": 4022.434848, "delta": 0.002319}}
{"target": -13.736870321571253, "params": {"colsample_bytree": 0.7745825785807617, "eta": 0.043534740461965815, "gamma": 687.6375455244172, "max_depth": 2.0, "min_child_weight": 4819.100200036315, "num_boost_round": 11.0, "subsample": 0.1811936611332269}, "datetime": {"datetime": "2024-01-20 15:31:01", "elapsed": 4022.436984, "delta": 0.002136}}
{"target": -13.73727380504215, "params": {"colsample_bytree": 0.7745825785807617, "eta": 0.043534740461965815, "gamma": 687.6375455244172, "max_depth": 2.0, "min_child_weight": 4819.100200036315, "num_boost_round": 12.0, "subsample": 0.1811936611332269}, "datetime": {"datetime": "2024-01-20 15:31:01", "elapsed": 4022.439107, "delta": 0.002123}}
{"target": -13.737722816717199, "params": {"colsample_bytree": 0.7745825785807617, "eta": 0.043534740461965815, "gamma": 687.6375455244172, "max_depth": 2.0, "min_child_weight": 4819.100200036315, "num_boost_round": 13.0, "subsample": 0.1811936611332269}, "datetime": {"datetime": "2024-01-20 15:31:01", "elapsed": 4022.441256, "delta": 0.002149}}
{"target": -13.738150491838207, "params": {"colsample_bytree": 0.7745825785807617, "eta": 0.043534740461965815, "gamma": 687.6375455244172, "max_depth": 2.0, "min_child_weight": 4819.100200036315, "num_boost_round": 14.0, "subsample": 0.1811936611332269}, "datetime": {"datetime": "2024-01-20 15:31:01", "elapsed": 4022.443524, "delta": 0.002268}}
{"target": -13.738731056048174, "params": {"colsample_bytree": 0.7745825785807617, "eta": 0.043534740461965815, "gamma": 687.6375455244172, "max_depth": 2.0, "min_child_weight": 4819.100200036315, "num_boost_round": 15.0, "subsample": 0.1811936611332269}, "datetime": {"datetime": "2024-01-20 15:31:01", "elapsed": 4022.445724, "delta": 0.0022}}
{"target": -13.732025297309113, "params": {"colsample_bytree": 0.4386019961335912, "eta": 0.069615581260892, "gamma": 166.8150742772011, "max_depth": 4.0, "min_child_weight": 3774.986767182682, "num_boost_round": 1.0, "subsample": 0.1283864028608225}, "datetime": {"datetime": "2024-01-20 15:31:19", "elapsed": 4040.716059, "delta": 18.270335}}
{"target": -13.732678290815313, "params": {"colsample_bytree": 0.4386019961335912, "eta": 0.069615581260892, "gamma": 166.8150742772011, "max_depth": 4.0, "min_child_weight": 3774.986767182682, "num_boost_round": 2.0, "subsample": 0.1283864028608225}, "datetime": {"datetime": "2024-01-20 15:31:19", "elapsed": 4040.719158, "delta": 0.003099}}
{"target": -13.733411295214706, "params": {"colsample_bytree": 0.4386019961335912, "eta": 0.069615581260892, "gamma": 166.8150742772011, "max_depth": 4.0, "min_child_weight": 3774.986767182682, "num_boost_round": 3.0, "subsample": 0.1283864028608225}, "datetime": {"datetime": "2024-01-20 15:31:19", "elapsed": 4040.721999, "delta": 0.002841}}
{"target": -13.734405850041632, "params": {"colsample_bytree": 0.4386019961335912, "eta": 0.069615581260892, "gamma": 166.8150742772011, "max_depth": 4.0, "min_child_weight": 3774.986767182682, "num_boost_round": 4.0, "subsample": 0.1283864028608225}, "datetime": {"datetime": "2024-01-20 15:31:19", "elapsed": 4040.724214, "delta": 0.002215}}
{"target": -13.731360773773547, "params": {"colsample_bytree": 0.3700676726471622, "eta": 0.02747892631822328, "gamma": 15.362150657178386, "max_depth": 7.0, "min_child_weight": 3390.1866680711482, "num_boost_round": 1.0, "subsample": 0.35874479378332935}, "datetime": {"datetime": "2024-01-20 15:31:39", "elapsed": 4059.974486, "delta": 19.250272}}
{"target": -13.731676360008318, "params": {"colsample_bytree": 0.3700676726471622, "eta": 0.02747892631822328, "gamma": 15.362150657178386, "max_depth": 7.0, "min_child_weight": 3390.1866680711482, "num_boost_round": 2.0, "subsample": 0.35874479378332935}, "datetime": {"datetime": "2024-01-20 15:31:39", "elapsed": 4059.977702, "delta": 0.003216}}
{"target": -13.731964460821084, "params": {"colsample_bytree": 0.3700676726471622, "eta": 0.02747892631822328, "gamma": 15.362150657178386, "max_depth": 7.0, "min_child_weight": 3390.1866680711482, "num_boost_round": 3.0, "subsample": 0.35874479378332935}, "datetime": {"datetime": "2024-01-20 15:31:39", "elapsed": 4059.980051, "delta": 0.002349}}
{"target": -13.732590473303333, "params": {"colsample_bytree": 0.3700676726471622, "eta": 0.02747892631822328, "gamma": 15.362150657178386, "max_depth": 7.0, "min_child_weight": 3390.1866680711482, "num_boost_round": 4.0, "subsample": 0.35874479378332935}, "datetime": {"datetime": "2024-01-20 15:31:39", "elapsed": 4059.982532, "delta": 0.002481}}
{"target": -13.731469982307352, "params": {"colsample_bytree": 0.2727063852828217, "eta": 0.04488618514109861, "gamma": 116.64941906014859, "max_depth": 6.0, "min_child_weight": 3426.550168436895, "num_boost_round": 1.0, "subsample": 0.22530461915750113}, "datetime": {"datetime": "2024-01-20 15:31:59", "elapsed": 4080.188812, "delta": 20.20628}}
{"target": -13.731515453524704, "params": {"colsample_bytree": 0.7690474488126104, "eta": 0.04584278064206103, "gamma": 598.0954584060366, "max_depth": 2.0, "min_child_weight": 3738.859837447161, "num_boost_round": 1.0, "subsample": 0.47213156349590224}, "datetime": {"datetime": "2024-01-20 15:32:21", "elapsed": 4102.345713, "delta": 22.156901}}
{"target": -13.731399450884336, "params": {"colsample_bytree": 0.771984230077962, "eta": 0.024903550483465, "gamma": 415.07072339617537, "max_depth": 3.0, "min_child_weight": 3615.144493680655, "num_boost_round": 1.0, "subsample": 0.18414620509945692}, "datetime": {"datetime": "2024-01-20 15:32:41", "elapsed": 4122.558229, "delta": 20.212516}}
{"target": -13.73172825804847, "params": {"colsample_bytree": 0.771984230077962, "eta": 0.024903550483465, "gamma": 415.07072339617537, "max_depth": 3.0, "min_child_weight": 3615.144493680655, "num_boost_round": 2.0, "subsample": 0.18414620509945692}, "datetime": {"datetime": "2024-01-20 15:32:41", "elapsed": 4122.561393, "delta": 0.003164}}
{"target": -13.732139039885714, "params": {"colsample_bytree": 0.771984230077962, "eta": 0.024903550483465, "gamma": 415.07072339617537, "max_depth": 3.0, "min_child_weight": 3615.144493680655, "num_boost_round": 3.0, "subsample": 0.18414620509945692}, "datetime": {"datetime": "2024-01-20 15:32:41", "elapsed": 4122.564297, "delta": 0.002904}}
{"target": -13.731430112312935, "params": {"colsample_bytree": 0.850687784124235, "eta": 0.033717559518089524, "gamma": 119.23256544660454, "max_depth": 2.0, "min_child_weight": 3336.478126800253, "num_boost_round": 1.0, "subsample": 0.49247147718262774}, "datetime": {"datetime": "2024-01-20 15:33:03", "elapsed": 4144.359415, "delta": 21.795118}}
{"target": -13.73181668530659, "params": {"colsample_bytree": 0.850687784124235, "eta": 0.033717559518089524, "gamma": 119.23256544660454, "max_depth": 2.0, "min_child_weight": 3336.478126800253, "num_boost_round": 2.0, "subsample": 0.49247147718262774}, "datetime": {"datetime": "2024-01-20 15:33:03", "elapsed": 4144.363188, "delta": 0.003773}}
{"target": -13.732275596835448, "params": {"colsample_bytree": 0.850687784124235, "eta": 0.033717559518089524, "gamma": 119.23256544660454, "max_depth": 2.0, "min_child_weight": 3336.478126800253, "num_boost_round": 3.0, "subsample": 0.49247147718262774}, "datetime": {"datetime": "2024-01-20 15:33:03", "elapsed": 4144.366288, "delta": 0.0031}}
{"target": -13.732727093697385, "params": {"colsample_bytree": 0.850687784124235, "eta": 0.033717559518089524, "gamma": 119.23256544660454, "max_depth": 2.0, "min_child_weight": 3336.478126800253, "num_boost_round": 4.0, "subsample": 0.49247147718262774}, "datetime": {"datetime": "2024-01-20 15:33:03", "elapsed": 4144.368756, "delta": 0.002468}}
{"target": -13.733369812982188, "params": {"colsample_bytree": 0.850687784124235, "eta": 0.033717559518089524, "gamma": 119.23256544660454, "max_depth": 2.0, "min_child_weight": 3336.478126800253, "num_boost_round": 5.0, "subsample": 0.49247147718262774}, "datetime": {"datetime": "2024-01-20 15:33:03", "elapsed": 4144.370991, "delta": 0.002235}}
{"target": -13.733938118503023, "params": {"colsample_bytree": 0.850687784124235, "eta": 0.033717559518089524, "gamma": 119.23256544660454, "max_depth": 2.0, "min_child_weight": 3336.478126800253, "num_boost_round": 6.0, "subsample": 0.49247147718262774}, "datetime": {"datetime": "2024-01-20 15:33:03", "elapsed": 4144.373199, "delta": 0.002208}}
{"target": -13.733363880096777, "params": {"colsample_bytree": 0.9762257106544638, "eta": 0.09514110952555058, "gamma": 623.0471530920588, "max_depth": 7.0, "min_child_weight": 4894.534003572517, "num_boost_round": 1.0, "subsample": 0.6120904052817014}, "datetime": {"datetime": "2024-01-20 15:33:34", "elapsed": 4175.564951, "delta": 31.191752}}
{"target": -13.735928962676159, "params": {"colsample_bytree": 0.9762257106544638, "eta": 0.09514110952555058, "gamma": 623.0471530920588, "max_depth": 7.0, "min_child_weight": 4894.534003572517, "num_boost_round": 2.0, "subsample": 0.6120904052817014}, "datetime": {"datetime": "2024-01-20 15:33:34", "elapsed": 4175.568832, "delta": 0.003881}}
{"target": -13.739067092186094, "params": {"colsample_bytree": 0.9762257106544638, "eta": 0.09514110952555058, "gamma": 623.0471530920588, "max_depth": 7.0, "min_child_weight": 4894.534003572517, "num_boost_round": 3.0, "subsample": 0.6120904052817014}, "datetime": {"datetime": "2024-01-20 15:33:34", "elapsed": 4175.571322, "delta": 0.00249}}
{"target": -13.742300334826535, "params": {"colsample_bytree": 0.9762257106544638, "eta": 0.09514110952555058, "gamma": 623.0471530920588, "max_depth": 7.0, "min_child_weight": 4894.534003572517, "num_boost_round": 4.0, "subsample": 0.6120904052817014}, "datetime": {"datetime": "2024-01-20 15:33:34", "elapsed": 4175.573754, "delta": 0.002432}}
{"target": -13.744902587860459, "params": {"colsample_bytree": 0.9762257106544638, "eta": 0.09514110952555058, "gamma": 623.0471530920588, "max_depth": 7.0, "min_child_weight": 4894.534003572517, "num_boost_round": 5.0, "subsample": 0.6120904052817014}, "datetime": {"datetime": "2024-01-20 15:33:34", "elapsed": 4175.57596, "delta": 0.002206}}
{"target": -13.748542030201595, "params": {"colsample_bytree": 0.9762257106544638, "eta": 0.09514110952555058, "gamma": 623.0471530920588, "max_depth": 7.0, "min_child_weight": 4894.534003572517, "num_boost_round": 6.0, "subsample": 0.6120904052817014}, "datetime": {"datetime": "2024-01-20 15:33:34", "elapsed": 4175.578111, "delta": 0.002151}}
{"target": -13.752580991832703, "params": {"colsample_bytree": 0.9762257106544638, "eta": 0.09514110952555058, "gamma": 623.0471530920588, "max_depth": 7.0, "min_child_weight": 4894.534003572517, "num_boost_round": 7.0, "subsample": 0.6120904052817014}, "datetime": {"datetime": "2024-01-20 15:33:34", "elapsed": 4175.580235, "delta": 0.002124}}
{"target": -13.754950966263586, "params": {"colsample_bytree": 0.9762257106544638, "eta": 0.09514110952555058, "gamma": 623.0471530920588, "max_depth": 7.0, "min_child_weight": 4894.534003572517, "num_boost_round": 8.0, "subsample": 0.6120904052817014}, "datetime": {"datetime": "2024-01-20 15:33:34", "elapsed": 4175.58234, "delta": 0.002105}}
{"target": -13.75812380384939, "params": {"colsample_bytree": 0.9762257106544638, "eta": 0.09514110952555058, "gamma": 623.0471530920588, "max_depth": 7.0, "min_child_weight": 4894.534003572517, "num_boost_round": 9.0, "subsample": 0.6120904052817014}, "datetime": {"datetime": "2024-01-20 15:33:34", "elapsed": 4175.584683, "delta": 0.002343}}
{"target": -13.761048042037961, "params": {"colsample_bytree": 0.9762257106544638, "eta": 0.09514110952555058, "gamma": 623.0471530920588, "max_depth": 7.0, "min_child_weight": 4894.534003572517, "num_boost_round": 10.0, "subsample": 0.6120904052817014}, "datetime": {"datetime": "2024-01-20 15:33:34", "elapsed": 4175.586974, "delta": 0.002291}}
{"target": -13.76314341174648, "params": {"colsample_bytree": 0.9762257106544638, "eta": 0.09514110952555058, "gamma": 623.0471530920588, "max_depth": 7.0, "min_child_weight": 4894.534003572517, "num_boost_round": 11.0, "subsample": 0.6120904052817014}, "datetime": {"datetime": "2024-01-20 15:33:34", "elapsed": 4175.589304, "delta": 0.00233}}
{"target": -13.764967500928165, "params": {"colsample_bytree": 0.9762257106544638, "eta": 0.09514110952555058, "gamma": 623.0471530920588, "max_depth": 7.0, "min_child_weight": 4894.534003572517, "num_boost_round": 12.0, "subsample": 0.6120904052817014}, "datetime": {"datetime": "2024-01-20 15:33:34", "elapsed": 4175.591558, "delta": 0.002254}}
{"target": -13.767116591016, "params": {"colsample_bytree": 0.9762257106544638, "eta": 0.09514110952555058, "gamma": 623.0471530920588, "max_depth": 7.0, "min_child_weight": 4894.534003572517, "num_boost_round": 13.0, "subsample": 0.6120904052817014}, "datetime": {"datetime": "2024-01-20 15:33:34", "elapsed": 4175.593676, "delta": 0.002118}}
{"target": -13.768372017064701, "params": {"colsample_bytree": 0.9762257106544638, "eta": 0.09514110952555058, "gamma": 623.0471530920588, "max_depth": 7.0, "min_child_weight": 4894.534003572517, "num_boost_round": 14.0, "subsample": 0.6120904052817014}, "datetime": {"datetime": "2024-01-20 15:33:34", "elapsed": 4175.595844, "delta": 0.002168}}
{"target": -13.770869338257578, "params": {"colsample_bytree": 0.9762257106544638, "eta": 0.09514110952555058, "gamma": 623.0471530920588, "max_depth": 7.0, "min_child_weight": 4894.534003572517, "num_boost_round": 15.0, "subsample": 0.6120904052817014}, "datetime": {"datetime": "2024-01-20 15:33:34", "elapsed": 4175.597993, "delta": 0.002149}}
{"target": -13.772195944560917, "params": {"colsample_bytree": 0.9762257106544638, "eta": 0.09514110952555058, "gamma": 623.0471530920588, "max_depth": 7.0, "min_child_weight": 4894.534003572517, "num_boost_round": 16.0, "subsample": 0.6120904052817014}, "datetime": {"datetime": "2024-01-20 15:33:34", "elapsed": 4175.600125, "delta": 0.002132}}
{"target": -13.773662389583343, "params": {"colsample_bytree": 0.9762257106544638, "eta": 0.09514110952555058, "gamma": 623.0471530920588, "max_depth": 7.0, "min_child_weight": 4894.534003572517, "num_boost_round": 17.0, "subsample": 0.6120904052817014}, "datetime": {"datetime": "2024-01-20 15:33:34", "elapsed": 4175.60234, "delta": 0.002215}}
{"target": -13.775217547175604, "params": {"colsample_bytree": 0.9762257106544638, "eta": 0.09514110952555058, "gamma": 623.0471530920588, "max_depth": 7.0, "min_child_weight": 4894.534003572517, "num_boost_round": 18.0, "subsample": 0.6120904052817014}, "datetime": {"datetime": "2024-01-20 15:33:34", "elapsed": 4175.604499, "delta": 0.002159}}
{"target": -13.777181927681745, "params": {"colsample_bytree": 0.9762257106544638, "eta": 0.09514110952555058, "gamma": 623.0471530920588, "max_depth": 7.0, "min_child_weight": 4894.534003572517, "num_boost_round": 19.0, "subsample": 0.6120904052817014}, "datetime": {"datetime": "2024-01-20 15:33:34", "elapsed": 4175.606661, "delta": 0.002162}}
{"target": -13.778460389595702, "params": {"colsample_bytree": 0.9762257106544638, "eta": 0.09514110952555058, "gamma": 623.0471530920588, "max_depth": 7.0, "min_child_weight": 4894.534003572517, "num_boost_round": 20.0, "subsample": 0.6120904052817014}, "datetime": {"datetime": "2024-01-20 15:33:34", "elapsed": 4175.608829, "delta": 0.002168}}
{"target": -13.779718358438673, "params": {"colsample_bytree": 0.9762257106544638, "eta": 0.09514110952555058, "gamma": 623.0471530920588, "max_depth": 7.0, "min_child_weight": 4894.534003572517, "num_boost_round": 21.0, "subsample": 0.6120904052817014}, "datetime": {"datetime": "2024-01-20 15:33:34", "elapsed": 4175.610969, "delta": 0.00214}}
{"target": -13.78058104612042, "params": {"colsample_bytree": 0.9762257106544638, "eta": 0.09514110952555058, "gamma": 623.0471530920588, "max_depth": 7.0, "min_child_weight": 4894.534003572517, "num_boost_round": 22.0, "subsample": 0.6120904052817014}, "datetime": {"datetime": "2024-01-20 15:33:34", "elapsed": 4175.613113, "delta": 0.002144}}
{"target": -13.781590075036775, "params": {"colsample_bytree": 0.9762257106544638, "eta": 0.09514110952555058, "gamma": 623.0471530920588, "max_depth": 7.0, "min_child_weight": 4894.534003572517, "num_boost_round": 23.0, "subsample": 0.6120904052817014}, "datetime": {"datetime": "2024-01-20 15:33:34", "elapsed": 4175.615297, "delta": 0.002184}}
{"target": -13.78322121003959, "params": {"colsample_bytree": 0.9762257106544638, "eta": 0.09514110952555058, "gamma": 623.0471530920588, "max_depth": 7.0, "min_child_weight": 4894.534003572517, "num_boost_round": 24.0, "subsample": 0.6120904052817014}, "datetime": {"datetime": "2024-01-20 15:33:34", "elapsed": 4175.617465, "delta": 0.002168}}
{"target": -13.731792808175115, "params": {"colsample_bytree": 0.9036338610360545, "eta": 0.0373303873767162, "gamma": 384.13413477631775, "max_depth": 6.0, "min_child_weight": 4753.3535563347, "num_boost_round": 1.0, "subsample": 0.47357307767815915}, "datetime": {"datetime": "2024-01-20 15:33:55", "elapsed": 4196.763156, "delta": 21.145691}}
{"target": -13.732655857936553, "params": {"colsample_bytree": 0.9036338610360545, "eta": 0.0373303873767162, "gamma": 384.13413477631775, "max_depth": 6.0, "min_child_weight": 4753.3535563347, "num_boost_round": 2.0, "subsample": 0.47357307767815915}, "datetime": {"datetime": "2024-01-20 15:33:55", "elapsed": 4196.766664, "delta": 0.003508}}
{"target": -13.733445587142981, "params": {"colsample_bytree": 0.8934699514034322, "eta": 0.0967122506052362, "gamma": 987.275594390773, "max_depth": 7.0, "min_child_weight": 3987.220450725998, "num_boost_round": 1.0, "subsample": 0.6543124439693564}, "datetime": {"datetime": "2024-01-20 15:34:13", "elapsed": 4214.741408, "delta": 17.974744}}
{"target": -13.737023386198882, "params": {"colsample_bytree": 0.8934699514034322, "eta": 0.0967122506052362, "gamma": 987.275594390773, "max_depth": 7.0, "min_child_weight": 3987.220450725998, "num_boost_round": 2.0, "subsample": 0.6543124439693564}, "datetime": {"datetime": "2024-01-20 15:34:13", "elapsed": 4214.744395, "delta": 0.002987}}
{"target": -13.73925799087639, "params": {"colsample_bytree": 0.8934699514034322, "eta": 0.0967122506052362, "gamma": 987.275594390773, "max_depth": 7.0, "min_child_weight": 3987.220450725998, "num_boost_round": 3.0, "subsample": 0.6543124439693564}, "datetime": {"datetime": "2024-01-20 15:34:13", "elapsed": 4214.747371, "delta": 0.002976}}
{"target": -13.731389177767653, "params": {"colsample_bytree": 0.7690632879440968, "eta": 0.032811835122837696, "gamma": 141.86701494640496, "max_depth": 3.0, "min_child_weight": 3483.7803694493837, "num_boost_round": 1.0, "subsample": 0.993207245266455}, "datetime": {"datetime": "2024-01-20 15:34:32", "elapsed": 4233.037102, "delta": 18.289731}}
