{"target": -19.142544303906284, "params": {"colsample_bytree": 0.4511555647060763, "eta": 0.03731558109767388, "gamma": 595.1056374517461, "max_depth": 2.0, "min_child_weight": 4475.689982581158, "num_boost_round": 62.0, "subsample": 0.2092001522155877}, "datetime": {"datetime": "2024-01-20 15:27:21", "elapsed": 3809.79128, "delta": 0.003899}}
{"target": -19.14255207154535, "params": {"colsample_bytree": 0.4511555647060763, "eta": 0.03731558109767388, "gamma": 595.1056374517461, "max_depth": 2.0, "min_child_weight": 4475.689982581158, "num_boost_round": 63.0, "subsample": 0.2092001522155877}, "datetime": {"datetime": "2024-01-20 15:27:21", "elapsed": 3809.795769, "delta": 0.004489}}
{"target": -19.142599323729296, "params": {"colsample_bytree": 0.4511555647060763, "eta": 0.03731558109767388, "gamma": 595.1056374517461, "max_depth": 2.0, "min_child_weight": 4475.689982581158, "num_boost_round": 64.0, "subsample": 0.2092001522155877}, "datetime": {"datetime": "2024-01-20 15:27:21", "elapsed": 3809.799601, "delta": 0.003832}}
{"target": -19.14256627313982, "params": {"colsample_bytree": 0.4511555647060763, "eta": 0.03731558109767388, "gamma": 595.1056374517461, "max_depth": 2.0, "min_child_weight": 4475.689982581158, "num_boost_round": 65.0, "subsample": 0.2092001522155877}, "datetime": {"datetime": "2024-01-20 15:27:22", "elapsed": 3809.959141, "delta": 0.15954}}
{"target": -19.142695025007782, "params": {"colsample_bytree": 0.4511555647060763, "eta": 0.03731558109767388, "gamma": 595.1056374517461, "max_depth": 2.0, "min_child_weight": 4475.689982581158, "num_boost_round": 66.0, "subsample": 0.2092001522155877}, "datetime": {"datetime": "2024-01-20 15:27:22", "elapsed": 3809.963229, "delta": 0.004088}}
{"target": -19.14258810843701, "params": {"colsample_bytree": 0.4511555647060763, "eta": 0.03731558109767388, "gamma": 595.1056374517461, "max_depth": 2.0, "min_child_weight": 4475.689982581158, "num_boost_round": 67.0, "subsample": 0.2092001522155877}, "datetime": {"datetime": "2024-01-20 15:27:22", "elapsed": 3809.966735, "delta": 0.003506}}
{"target": -19.142729568681446, "params": {"colsample_bytree": 0.4511555647060763, "eta": 0.03731558109767388, "gamma": 595.1056374517461, "max_depth": 2.0, "min_child_weight": 4475.689982581158, "num_boost_round": 68.0, "subsample": 0.2092001522155877}, "datetime": {"datetime": "2024-01-20 15:27:22", "elapsed": 3809.970153, "delta": 0.003418}}
{"target": -19.142721876800877, "params": {"colsample_bytree": 0.4511555647060763, "eta": 0.03731558109767388, "gamma": 595.1056374517461, "max_depth": 2.0, "min_child_weight": 4475.689982581158, "num_boost_round": 69.0, "subsample": 0.2092001522155877}, "datetime": {"datetime": "2024-01-20 15:27:22", "elapsed": 3809.974001, "delta": 0.003848}}
{"target": -19.142669974426667, "params": {"colsample_bytree": 0.4511555647060763, "eta": 0.03731558109767388, "gamma": 595.1056374517461, "max_depth": 2.0, "min_child_weight": 4475.689982581158, "num_boost_round": 70.0, "subsample": 0.2092001522155877}, "datetime": {"datetime": "2024-01-20 15:27:22", "elapsed": 3809.977519, "delta": 0.003518}}
{"target": -19.142612263058837, "params": {"colsample_bytree": 0.4511555647060763, "eta": 0.03731558109767388, "gamma": 595.1056374517461, "max_depth": 2.0, "min_child_weight": 4475.689982581158, "num_boost_round": 71.0, "subsample": 0.2092001522155877}, "datetime": {"datetime": "2024-01-20 15:27:22", "elapsed": 3809.981023, "delta": 0.003504}}
{"target": -19.142657465325527, "params": {"colsample_bytree": 0.4511555647060763, "eta": 0.03731558109767388, "gamma": 595.1056374517461, "max_depth": 2.0, "min_child_weight": 4475.689982581158, "num_boost_round": 72.0, "subsample": 0.2092001522155877}, "datetime": {"datetime": "2024-01-20 15:27:22", "elapsed": 3809.984544, "delta": 0.003521}}
{"target": -19.14268900829761, "params": {"colsample_bytree": 0.4511555647060763, "eta": 0.03731558109767388, "gamma": 595.1056374517461, "max_depth": 2.0, "min_child_weight": 4475.689982581158, "num_boost_round": 73.0, "subsample": 0.2092001522155877}, "datetime": {"datetime": "2024-01-20 15:27:22", "elapsed": 3809.988206, "delta": 0.003662}}
{"target": -19.142865543446447, "params": {"colsample_bytree": 0.4511555647060763, "eta": 0.03731558109767388, "gamma": 595.1056374517461, "max_depth": 2.0, "min_child_weight": 4475.689982581158, "num_boost_round": 74.0, "subsample": 0.2092001522155877}, "datetime": {"datetime": "2024-01-20 15:27:22", "elapsed": 3809.991624, "delta": 0.003418}}
{"target": -19.143082503079462, "params": {"colsample_bytree": 0.4511555647060763, "eta": 0.03731558109767388, "gamma": 595.1056374517461, "max_depth": 2.0, "min_child_weight": 4475.689982581158, "num_boost_round": 75.0, "subsample": 0.2092001522155877}, "datetime": {"datetime": "2024-01-20 15:27:22", "elapsed": 3809.995026, "delta": 0.003402}}
{"target": -19.143043795129707, "params": {"colsample_bytree": 0.4511555647060763, "eta": 0.03731558109767388, "gamma": 595.1056374517461, "max_depth": 2.0, "min_child_weight": 4475.689982581158, "num_boost_round": 76.0, "subsample": 0.2092001522155877}, "datetime": {"datetime": "2024-01-20 15:27:22", "elapsed": 3809.998836, "delta": 0.00381}}
{"target": -19.143114525301005, "params": {"colsample_bytree": 0.4511555647060763, "eta": 0.03731558109767388, "gamma": 595.1056374517461, "max_depth": 2.0, "min_child_weight": 4475.689982581158, "num_boost_round": 77.0, "subsample": 0.2092001522155877}, "datetime": {"datetime": "2024-01-20 15:27:22", "elapsed": 3810.002781, "delta": 0.003945}}
{"target": -19.143215433158595, "params": {"colsample_bytree": 0.4511555647060763, "eta": 0.03731558109767388, "gamma": 595.1056374517461, "max_depth": 2.0, "min_child_weight": 4475.689982581158, "num_boost_round": 78.0, "subsample": 0.2092001522155877}, "datetime": {"datetime": "2024-01-20 15:27:22", "elapsed": 3810.006625, "delta": 0.003844}}
{"target": -19.143209022289422, "params": {"colsample_bytree": 0.4511555647060763, "eta": 0.03731558109767388, "gamma": 595.1056374517461, "max_depth": 2.0, "min_child_weight": 4475.689982581158, "num_boost_round": 79.0, "subsample": 0.2092001522155877}, "datetime": {"datetime": "2024-01-20 15:27:22", "elapsed": 3810.010706, "delta": 0.004081}}
{"target": -19.14324153260057, "params": {"colsample_bytree": 0.4511555647060763, "eta": 0.03731558109767388, "gamma": 595.1056374517461, "max_depth": 2.0, "min_child_weight": 4475.689982581158, "num_boost_round": 80.0, "subsample": 0.2092001522155877}, "datetime": {"datetime": "2024-01-20 15:27:22", "elapsed": 3810.014548, "delta": 0.003842}}
{"target": -19.143295684183606, "params": {"colsample_bytree": 0.4511555647060763, "eta": 0.03731558109767388, "gamma": 595.1056374517461, "max_depth": 2.0, "min_child_weight": 4475.689982581158, "num_boost_round": 81.0, "subsample": 0.2092001522155877}, "datetime": {"datetime": "2024-01-20 15:27:22", "elapsed": 3810.018367, "delta": 0.003819}}
{"target": -19.14327807630677, "params": {"colsample_bytree": 0.4511555647060763, "eta": 0.03731558109767388, "gamma": 595.1056374517461, "max_depth": 2.0, "min_child_weight": 4475.689982581158, "num_boost_round": 82.0, "subsample": 0.2092001522155877}, "datetime": {"datetime": "2024-01-20 15:27:22", "elapsed": 3810.021924, "delta": 0.003557}}
{"target": -19.14328077207664, "params": {"colsample_bytree": 0.4511555647060763, "eta": 0.03731558109767388, "gamma": 595.1056374517461, "max_depth": 2.0, "min_child_weight": 4475.689982581158, "num_boost_round": 83.0, "subsample": 0.2092001522155877}, "datetime": {"datetime": "2024-01-20 15:27:22", "elapsed": 3810.026068, "delta": 0.004144}}
{"target": -19.143244258281207, "params": {"colsample_bytree": 0.4511555647060763, "eta": 0.03731558109767388, "gamma": 595.1056374517461, "max_depth": 2.0, "min_child_weight": 4475.689982581158, "num_boost_round": 84.0, "subsample": 0.2092001522155877}, "datetime": {"datetime": "2024-01-20 15:27:22", "elapsed": 3810.029554, "delta": 0.003486}}
{"target": -19.14320145559082, "params": {"colsample_bytree": 0.4511555647060763, "eta": 0.03731558109767388, "gamma": 595.1056374517461, "max_depth": 2.0, "min_child_weight": 4475.689982581158, "num_boost_round": 85.0, "subsample": 0.2092001522155877}, "datetime": {"datetime": "2024-01-20 15:27:22", "elapsed": 3810.032972, "delta": 0.003418}}
{"target": -19.143301720003407, "params": {"colsample_bytree": 0.4511555647060763, "eta": 0.03731558109767388, "gamma": 595.1056374517461, "max_depth": 2.0, "min_child_weight": 4475.689982581158, "num_boost_round": 86.0, "subsample": 0.2092001522155877}, "datetime": {"datetime": "2024-01-20 15:27:22", "elapsed": 3810.036562, "delta": 0.00359}}
{"target": -19.143307335966345, "params": {"colsample_bytree": 0.4511555647060763, "eta": 0.03731558109767388, "gamma": 595.1056374517461, "max_depth": 2.0, "min_child_weight": 4475.689982581158, "num_boost_round": 87.0, "subsample": 0.2092001522155877}, "datetime": {"datetime": "2024-01-20 15:27:22", "elapsed": 3810.03996, "delta": 0.003398}}
{"target": -19.143339317069504, "params": {"colsample_bytree": 0.4511555647060763, "eta": 0.03731558109767388, "gamma": 595.1056374517461, "max_depth": 2.0, "min_child_weight": 4475.689982581158, "num_boost_round": 88.0, "subsample": 0.2092001522155877}, "datetime": {"datetime": "2024-01-20 15:27:22", "elapsed": 3810.043447, "delta": 0.003487}}
{"target": -19.143346996785827, "params": {"colsample_bytree": 0.4511555647060763, "eta": 0.03731558109767388, "gamma": 595.1056374517461, "max_depth": 2.0, "min_child_weight": 4475.689982581158, "num_boost_round": 89.0, "subsample": 0.2092001522155877}, "datetime": {"datetime": "2024-01-20 15:27:22", "elapsed": 3810.047134, "delta": 0.003687}}
{"target": -19.143318500986794, "params": {"colsample_bytree": 0.4511555647060763, "eta": 0.03731558109767388, "gamma": 595.1056374517461, "max_depth": 2.0, "min_child_weight": 4475.689982581158, "num_boost_round": 90.0, "subsample": 0.2092001522155877}, "datetime": {"datetime": "2024-01-20 15:27:22", "elapsed": 3810.050528, "delta": 0.003394}}
{"target": -19.143334272515474, "params": {"colsample_bytree": 0.4511555647060763, "eta": 0.03731558109767388, "gamma": 595.1056374517461, "max_depth": 2.0, "min_child_weight": 4475.689982581158, "num_boost_round": 91.0, "subsample": 0.2092001522155877}, "datetime": {"datetime": "2024-01-20 15:27:22", "elapsed": 3810.053982, "delta": 0.003454}}
{"target": -19.143329716720128, "params": {"colsample_bytree": 0.4511555647060763, "eta": 0.03731558109767388, "gamma": 595.1056374517461, "max_depth": 2.0, "min_child_weight": 4475.689982581158, "num_boost_round": 92.0, "subsample": 0.2092001522155877}, "datetime": {"datetime": "2024-01-20 15:27:22", "elapsed": 3810.057447, "delta": 0.003465}}
{"target": -19.14327373591604, "params": {"colsample_bytree": 0.4511555647060763, "eta": 0.03731558109767388, "gamma": 595.1056374517461, "max_depth": 2.0, "min_child_weight": 4475.689982581158, "num_boost_round": 93.0, "subsample": 0.2092001522155877}, "datetime": {"datetime": "2024-01-20 15:27:22", "elapsed": 3810.060851, "delta": 0.003404}}
{"target": -19.14344712226967, "params": {"colsample_bytree": 0.4511555647060763, "eta": 0.03731558109767388, "gamma": 595.1056374517461, "max_depth": 2.0, "min_child_weight": 4475.689982581158, "num_boost_round": 94.0, "subsample": 0.2092001522155877}, "datetime": {"datetime": "2024-01-20 15:27:22", "elapsed": 3810.06435, "delta": 0.003499}}
{"target": -19.143472140039766, "params": {"colsample_bytree": 0.4511555647060763, "eta": 0.03731558109767388, "gamma": 595.1056374517461, "max_depth": 2.0, "min_child_weight": 4475.689982581158, "num_boost_round": 95.0, "subsample": 0.2092001522155877}, "datetime": {"datetime": "2024-01-20 15:27:22", "elapsed": 3810.067963, "delta": 0.003613}}
{"target": -19.143539883341642, "params": {"colsample_bytree": 0.4511555647060763, "eta": 0.03731558109767388, "gamma": 595.1056374517461, "max_depth": 2.0, "min_child_weight": 4475.689982581158, "num_boost_round": 96.0, "subsample": 0.2092001522155877}, "datetime": {"datetime": "2024-01-20 15:27:22", "elapsed": 3810.0716, "delta": 0.003637}}
{"target": -19.143657887026144, "params": {"colsample_bytree": 0.4511555647060763, "eta": 0.03731558109767388, "gamma": 595.1056374517461, "max_depth": 2.0, "min_child_weight": 4475.689982581158, "num_boost_round": 97.0, "subsample": 0.2092001522155877}, "datetime": {"datetime": "2024-01-20 15:27:22", "elapsed": 3810.075208, "delta": 0.003608}}
{"target": -19.143733742043054, "params": {"colsample_bytree": 0.4511555647060763, "eta": 0.03731558109767388, "gamma": 595.1056374517461, "max_depth": 2.0, "min_child_weight": 4475.689982581158, "num_boost_round": 98.0, "subsample": 0.2092001522155877}, "datetime": {"datetime": "2024-01-20 15:27:22", "elapsed": 3810.07864, "delta": 0.003432}}
{"target": -19.14371676569398, "params": {"colsample_bytree": 0.4511555647060763, "eta": 0.03731558109767388, "gamma": 595.1056374517461, "max_depth": 2.0, "min_child_weight": 4475.689982581158, "num_boost_round": 99.0, "subsample": 0.2092001522155877}, "datetime": {"datetime": "2024-01-20 15:27:22", "elapsed": 3810.082081, "delta": 0.003441}}
{"target": -19.143719255344028, "params": {"colsample_bytree": 0.4511555647060763, "eta": 0.03731558109767388, "gamma": 595.1056374517461, "max_depth": 2.0, "min_child_weight": 4475.689982581158, "num_boost_round": 100.0, "subsample": 0.2092001522155877}, "datetime": {"datetime": "2024-01-20 15:27:22", "elapsed": 3810.085487, "delta": 0.003406}}
{"target": -19.14381357813064, "params": {"colsample_bytree": 0.4511555647060763, "eta": 0.03731558109767388, "gamma": 595.1056374517461, "max_depth": 2.0, "min_child_weight": 4475.689982581158, "num_boost_round": 101.0, "subsample": 0.2092001522155877}, "datetime": {"datetime": "2024-01-20 15:27:22", "elapsed": 3810.089234, "delta": 0.003747}}
{"target": -19.1438978284513, "params": {"colsample_bytree": 0.4511555647060763, "eta": 0.03731558109767388, "gamma": 595.1056374517461, "max_depth": 2.0, "min_child_weight": 4475.689982581158, "num_boost_round": 102.0, "subsample": 0.2092001522155877}, "datetime": {"datetime": "2024-01-20 15:27:22", "elapsed": 3810.092638, "delta": 0.003404}}
{"target": -19.14387566635876, "params": {"colsample_bytree": 0.4511555647060763, "eta": 0.03731558109767388, "gamma": 595.1056374517461, "max_depth": 2.0, "min_child_weight": 4475.689982581158, "num_boost_round": 103.0, "subsample": 0.2092001522155877}, "datetime": {"datetime": "2024-01-20 15:27:22", "elapsed": 3810.096146, "delta": 0.003508}}
{"target": -19.143843346421633, "params": {"colsample_bytree": 0.4511555647060763, "eta": 0.03731558109767388, "gamma": 595.1056374517461, "max_depth": 2.0, "min_child_weight": 4475.689982581158, "num_boost_round": 104.0, "subsample": 0.2092001522155877}, "datetime": {"datetime": "2024-01-20 15:27:22", "elapsed": 3810.099606, "delta": 0.00346}}
{"target": -19.143795596573305, "params": {"colsample_bytree": 0.4511555647060763, "eta": 0.03731558109767388, "gamma": 595.1056374517461, "max_depth": 2.0, "min_child_weight": 4475.689982581158, "num_boost_round": 105.0, "subsample": 0.2092001522155877}, "datetime": {"datetime": "2024-01-20 15:27:22", "elapsed": 3810.103115, "delta": 0.003509}}
{"target": -19.143735561570175, "params": {"colsample_bytree": 0.4511555647060763, "eta": 0.03731558109767388, "gamma": 595.1056374517461, "max_depth": 2.0, "min_child_weight": 4475.689982581158, "num_boost_round": 106.0, "subsample": 0.2092001522155877}, "datetime": {"datetime": "2024-01-20 15:27:22", "elapsed": 3810.106824, "delta": 0.003709}}
{"target": -19.143809513717223, "params": {"colsample_bytree": 0.4511555647060763, "eta": 0.03731558109767388, "gamma": 595.1056374517461, "max_depth": 2.0, "min_child_weight": 4475.689982581158, "num_boost_round": 107.0, "subsample": 0.2092001522155877}, "datetime": {"datetime": "2024-01-20 15:27:22", "elapsed": 3810.110321, "delta": 0.003497}}
{"target": -19.143864768907935, "params": {"colsample_bytree": 0.4511555647060763, "eta": 0.03731558109767388, "gamma": 595.1056374517461, "max_depth": 2.0, "min_child_weight": 4475.689982581158, "num_boost_round": 108.0, "subsample": 0.2092001522155877}, "datetime": {"datetime": "2024-01-20 15:27:22", "elapsed": 3810.114068, "delta": 0.003747}}
{"target": -19.14393100851449, "params": {"colsample_bytree": 0.4511555647060763, "eta": 0.03731558109767388, "gamma": 595.1056374517461, "max_depth": 2.0, "min_child_weight": 4475.689982581158, "num_boost_round": 109.0, "subsample": 0.2092001522155877}, "datetime": {"datetime": "2024-01-20 15:27:22", "elapsed": 3810.117913, "delta": 0.003845}}
{"target": -19.143938306494185, "params": {"colsample_bytree": 0.4511555647060763, "eta": 0.03731558109767388, "gamma": 595.1056374517461, "max_depth": 2.0, "min_child_weight": 4475.689982581158, "num_boost_round": 110.0, "subsample": 0.2092001522155877}, "datetime": {"datetime": "2024-01-20 15:27:22", "elapsed": 3810.121983, "delta": 0.00407}}
{"target": -19.14390887738073, "params": {"colsample_bytree": 0.4511555647060763, "eta": 0.03731558109767388, "gamma": 595.1056374517461, "max_depth": 2.0, "min_child_weight": 4475.689982581158, "num_boost_round": 111.0, "subsample": 0.2092001522155877}, "datetime": {"datetime": "2024-01-20 15:27:22", "elapsed": 3810.125915, "delta": 0.003932}}
{"target": -19.143955670040143, "params": {"colsample_bytree": 0.4511555647060763, "eta": 0.03731558109767388, "gamma": 595.1056374517461, "max_depth": 2.0, "min_child_weight": 4475.689982581158, "num_boost_round": 112.0, "subsample": 0.2092001522155877}, "datetime": {"datetime": "2024-01-20 15:27:22", "elapsed": 3810.129737, "delta": 0.003822}}
{"target": -19.1439964957879, "params": {"colsample_bytree": 0.4511555647060763, "eta": 0.03731558109767388, "gamma": 595.1056374517461, "max_depth": 2.0, "min_child_weight": 4475.689982581158, "num_boost_round": 113.0, "subsample": 0.2092001522155877}, "datetime": {"datetime": "2024-01-20 15:27:22", "elapsed": 3810.133691, "delta": 0.003954}}
{"target": -19.14390916507522, "params": {"colsample_bytree": 0.4511555647060763, "eta": 0.03731558109767388, "gamma": 595.1056374517461, "max_depth": 2.0, "min_child_weight": 4475.689982581158, "num_boost_round": 114.0, "subsample": 0.2092001522155877}, "datetime": {"datetime": "2024-01-20 15:27:22", "elapsed": 3810.137448, "delta": 0.003757}}
{"target": -19.143920219686073, "params": {"colsample_bytree": 0.4511555647060763, "eta": 0.03731558109767388, "gamma": 595.1056374517461, "max_depth": 2.0, "min_child_weight": 4475.689982581158, "num_boost_round": 115.0, "subsample": 0.2092001522155877}, "datetime": {"datetime": "2024-01-20 15:27:22", "elapsed": 3810.14103, "delta": 0.003582}}
{"target": -19.143924713617402, "params": {"colsample_bytree": 0.4511555647060763, "eta": 0.03731558109767388, "gamma": 595.1056374517461, "max_depth": 2.0, "min_child_weight": 4475.689982581158, "num_boost_round": 116.0, "subsample": 0.2092001522155877}, "datetime": {"datetime": "2024-01-20 15:27:22", "elapsed": 3810.144501, "delta": 0.003471}}
{"target": -19.143966390843453, "params": {"colsample_bytree": 0.4511555647060763, "eta": 0.03731558109767388, "gamma": 595.1056374517461, "max_depth": 2.0, "min_child_weight": 4475.689982581158, "num_boost_round": 117.0, "subsample": 0.2092001522155877}, "datetime": {"datetime": "2024-01-20 15:27:22", "elapsed": 3810.147995, "delta": 0.003494}}
{"target": -19.144097700209667, "params": {"colsample_bytree": 0.4511555647060763, "eta": 0.03731558109767388, "gamma": 595.1056374517461, "max_depth": 2.0, "min_child_weight": 4475.689982581158, "num_boost_round": 118.0, "subsample": 0.2092001522155877}, "datetime": {"datetime": "2024-01-20 15:27:22", "elapsed": 3810.151784, "delta": 0.003789}}
{"target": -19.144120095288358, "params": {"colsample_bytree": 0.4511555647060763, "eta": 0.03731558109767388, "gamma": 595.1056374517461, "max_depth": 2.0, "min_child_weight": 4475.689982581158, "num_boost_round": 119.0, "subsample": 0.2092001522155877}, "datetime": {"datetime": "2024-01-20 15:27:22", "elapsed": 3810.155566, "delta": 0.003782}}
{"target": -19.14397174251214, "params": {"colsample_bytree": 0.4511555647060763, "eta": 0.03731558109767388, "gamma": 595.1056374517461, "max_depth": 2.0, "min_child_weight": 4475.689982581158, "num_boost_round": 120.0, "subsample": 0.2092001522155877}, "datetime": {"datetime": "2024-01-20 15:27:22", "elapsed": 3810.50589, "delta": 0.350324}}
{"target": -19.143979563839153, "params": {"colsample_bytree": 0.4511555647060763, "eta": 0.03731558109767388, "gamma": 595.1056374517461, "max_depth": 2.0, "min_child_weight": 4475.689982581158, "num_boost_round": 121.0, "subsample": 0.2092001522155877}, "datetime": {"datetime": "2024-01-20 15:27:22", "elapsed": 3810.510344, "delta": 0.004454}}
{"target": -19.143997522262232, "params": {"colsample_bytree": 0.4511555647060763, "eta": 0.03731558109767388, "gamma": 595.1056374517461, "max_depth": 2.0, "min_child_weight": 4475.689982581158, "num_boost_round": 122.0, "subsample": 0.2092001522155877}, "datetime": {"datetime": "2024-01-20 15:27:22", "elapsed": 3810.525505, "delta": 0.015161}}
{"target": -19.14395071243011, "params": {"colsample_bytree": 0.4511555647060763, "eta": 0.03731558109767388, "gamma": 595.1056374517461, "max_depth": 2.0, "min_child_weight": 4475.689982581158, "num_boost_round": 123.0, "subsample": 0.2092001522155877}, "datetime": {"datetime": "2024-01-20 15:27:22", "elapsed": 3810.529178, "delta": 0.003673}}
{"target": -19.14406970572516, "params": {"colsample_bytree": 0.4511555647060763, "eta": 0.03731558109767388, "gamma": 595.1056374517461, "max_depth": 2.0, "min_child_weight": 4475.689982581158, "num_boost_round": 124.0, "subsample": 0.2092001522155877}, "datetime": {"datetime": "2024-01-20 15:27:22", "elapsed": 3810.532975, "delta": 0.003797}}
