{"target": -12.345917069955696, "params": {"colsample_bytree": 0.4596863963196226, "eta": 0.0317775181514326, "gamma": 550.5459766577569, "max_depth": 4.0, "min_child_weight": 4184.347298615604, "num_boost_round": 34.0, "subsample": 0.9150405515180505}, "datetime": {"datetime": "2024-01-20 14:34:43", "elapsed": 649.483544, "delta": 0.001319}}
{"target": -12.345576359085557, "params": {"colsample_bytree": 0.4596863963196226, "eta": 0.0317775181514326, "gamma": 550.5459766577569, "max_depth": 4.0, "min_child_weight": 4184.347298615604, "num_boost_round": 35.0, "subsample": 0.9150405515180505}, "datetime": {"datetime": "2024-01-20 14:34:43", "elapsed": 649.484849, "delta": 0.001305}}
{"target": -12.345534405830088, "params": {"colsample_bytree": 0.4596863963196226, "eta": 0.0317775181514326, "gamma": 550.5459766577569, "max_depth": 4.0, "min_child_weight": 4184.347298615604, "num_boost_round": 36.0, "subsample": 0.9150405515180505}, "datetime": {"datetime": "2024-01-20 14:34:43", "elapsed": 649.486175, "delta": 0.001326}}
{"target": -12.345157821931803, "params": {"colsample_bytree": 0.4596863963196226, "eta": 0.0317775181514326, "gamma": 550.5459766577569, "max_depth": 4.0, "min_child_weight": 4184.347298615604, "num_boost_round": 37.0, "subsample": 0.9150405515180505}, "datetime": {"datetime": "2024-01-20 14:34:43", "elapsed": 649.487491, "delta": 0.001316}}
{"target": -12.357272010341589, "params": {"colsample_bytree": 0.5774559693308189, "eta": 0.04554487325263737, "gamma": 604.625568378009, "max_depth": 2.0, "min_child_weight": 4201.666917580372, "num_boost_round": 1.0, "subsample": 0.6053730760099351}, "datetime": {"datetime": "2024-01-20 14:35:13", "elapsed": 679.875117, "delta": 30.387626}}
{"target": -12.356199185654727, "params": {"colsample_bytree": 0.5774559693308189, "eta": 0.04554487325263737, "gamma": 604.625568378009, "max_depth": 2.0, "min_child_weight": 4201.666917580372, "num_boost_round": 2.0, "subsample": 0.6053730760099351}, "datetime": {"datetime": "2024-01-20 14:35:13", "elapsed": 679.87864, "delta": 0.003523}}
{"target": -12.353917246882327, "params": {"colsample_bytree": 0.5774559693308189, "eta": 0.04554487325263737, "gamma": 604.625568378009, "max_depth": 2.0, "min_child_weight": 4201.666917580372, "num_boost_round": 3.0, "subsample": 0.6053730760099351}, "datetime": {"datetime": "2024-01-20 14:35:13", "elapsed": 679.880053, "delta": 0.001413}}
{"target": -12.354344595707062, "params": {"colsample_bytree": 0.5774559693308189, "eta": 0.04554487325263737, "gamma": 604.625568378009, "max_depth": 2.0, "min_child_weight": 4201.666917580372, "num_boost_round": 4.0, "subsample": 0.6053730760099351}, "datetime": {"datetime": "2024-01-20 14:35:13", "elapsed": 679.881443, "delta": 0.00139}}
{"target": -12.352228734208822, "params": {"colsample_bytree": 0.5774559693308189, "eta": 0.04554487325263737, "gamma": 604.625568378009, "max_depth": 2.0, "min_child_weight": 4201.666917580372, "num_boost_round": 5.0, "subsample": 0.6053730760099351}, "datetime": {"datetime": "2024-01-20 14:35:13", "elapsed": 679.882863, "delta": 0.00142}}
{"target": -12.35037508533371, "params": {"colsample_bytree": 0.5774559693308189, "eta": 0.04554487325263737, "gamma": 604.625568378009, "max_depth": 2.0, "min_child_weight": 4201.666917580372, "num_boost_round": 6.0, "subsample": 0.6053730760099351}, "datetime": {"datetime": "2024-01-20 14:35:13", "elapsed": 679.884205, "delta": 0.001342}}
{"target": -12.348875011920533, "params": {"colsample_bytree": 0.5774559693308189, "eta": 0.04554487325263737, "gamma": 604.625568378009, "max_depth": 2.0, "min_child_weight": 4201.666917580372, "num_boost_round": 7.0, "subsample": 0.6053730760099351}, "datetime": {"datetime": "2024-01-20 14:35:13", "elapsed": 679.885533, "delta": 0.001328}}
{"target": -12.348039270410343, "params": {"colsample_bytree": 0.5774559693308189, "eta": 0.04554487325263737, "gamma": 604.625568378009, "max_depth": 2.0, "min_child_weight": 4201.666917580372, "num_boost_round": 8.0, "subsample": 0.6053730760099351}, "datetime": {"datetime": "2024-01-20 14:35:13", "elapsed": 679.886892, "delta": 0.001359}}
{"target": -12.348253461735782, "params": {"colsample_bytree": 0.5774559693308189, "eta": 0.04554487325263737, "gamma": 604.625568378009, "max_depth": 2.0, "min_child_weight": 4201.666917580372, "num_boost_round": 9.0, "subsample": 0.6053730760099351}, "datetime": {"datetime": "2024-01-20 14:35:13", "elapsed": 679.888229, "delta": 0.001337}}
{"target": -12.346866699926967, "params": {"colsample_bytree": 0.5774559693308189, "eta": 0.04554487325263737, "gamma": 604.625568378009, "max_depth": 2.0, "min_child_weight": 4201.666917580372, "num_boost_round": 10.0, "subsample": 0.6053730760099351}, "datetime": {"datetime": "2024-01-20 14:35:13", "elapsed": 679.889564, "delta": 0.001335}}
{"target": -12.346145686417687, "params": {"colsample_bytree": 0.5774559693308189, "eta": 0.04554487325263737, "gamma": 604.625568378009, "max_depth": 2.0, "min_child_weight": 4201.666917580372, "num_boost_round": 11.0, "subsample": 0.6053730760099351}, "datetime": {"datetime": "2024-01-20 14:35:13", "elapsed": 679.89091, "delta": 0.001346}}
{"target": -12.345472366748126, "params": {"colsample_bytree": 0.5774559693308189, "eta": 0.04554487325263737, "gamma": 604.625568378009, "max_depth": 2.0, "min_child_weight": 4201.666917580372, "num_boost_round": 12.0, "subsample": 0.6053730760099351}, "datetime": {"datetime": "2024-01-20 14:35:13", "elapsed": 679.89225, "delta": 0.00134}}
{"target": -12.34577123754611, "params": {"colsample_bytree": 0.5774559693308189, "eta": 0.04554487325263737, "gamma": 604.625568378009, "max_depth": 2.0, "min_child_weight": 4201.666917580372, "num_boost_round": 13.0, "subsample": 0.6053730760099351}, "datetime": {"datetime": "2024-01-20 14:35:13", "elapsed": 679.893577, "delta": 0.001327}}
{"target": -12.34529097524188, "params": {"colsample_bytree": 0.5774559693308189, "eta": 0.04554487325263737, "gamma": 604.625568378009, "max_depth": 2.0, "min_child_weight": 4201.666917580372, "num_boost_round": 14.0, "subsample": 0.6053730760099351}, "datetime": {"datetime": "2024-01-20 14:35:13", "elapsed": 679.894922, "delta": 0.001345}}
{"target": -12.344210236013332, "params": {"colsample_bytree": 0.5774559693308189, "eta": 0.04554487325263737, "gamma": 604.625568378009, "max_depth": 2.0, "min_child_weight": 4201.666917580372, "num_boost_round": 15.0, "subsample": 0.6053730760099351}, "datetime": {"datetime": "2024-01-20 14:35:13", "elapsed": 679.896257, "delta": 0.001335}}
{"target": -12.343805660462236, "params": {"colsample_bytree": 0.5774559693308189, "eta": 0.04554487325263737, "gamma": 604.625568378009, "max_depth": 2.0, "min_child_weight": 4201.666917580372, "num_boost_round": 16.0, "subsample": 0.6053730760099351}, "datetime": {"datetime": "2024-01-20 14:35:13", "elapsed": 679.897741, "delta": 0.001484}}
{"target": -12.343666099225636, "params": {"colsample_bytree": 0.5774559693308189, "eta": 0.04554487325263737, "gamma": 604.625568378009, "max_depth": 2.0, "min_child_weight": 4201.666917580372, "num_boost_round": 17.0, "subsample": 0.6053730760099351}, "datetime": {"datetime": "2024-01-20 14:35:13", "elapsed": 679.8991, "delta": 0.001359}}
{"target": -12.343186420455236, "params": {"colsample_bytree": 0.5774559693308189, "eta": 0.04554487325263737, "gamma": 604.625568378009, "max_depth": 2.0, "min_child_weight": 4201.666917580372, "num_boost_round": 18.0, "subsample": 0.6053730760099351}, "datetime": {"datetime": "2024-01-20 14:35:13", "elapsed": 679.900441, "delta": 0.001341}}
{"target": -12.343232182703698, "params": {"colsample_bytree": 0.5774559693308189, "eta": 0.04554487325263737, "gamma": 604.625568378009, "max_depth": 2.0, "min_child_weight": 4201.666917580372, "num_boost_round": 19.0, "subsample": 0.6053730760099351}, "datetime": {"datetime": "2024-01-20 14:35:13", "elapsed": 679.901843, "delta": 0.001402}}
{"target": -12.342957181503724, "params": {"colsample_bytree": 0.5774559693308189, "eta": 0.04554487325263737, "gamma": 604.625568378009, "max_depth": 2.0, "min_child_weight": 4201.666917580372, "num_boost_round": 20.0, "subsample": 0.6053730760099351}, "datetime": {"datetime": "2024-01-20 14:35:13", "elapsed": 679.903202, "delta": 0.001359}}
{"target": -12.342634351188291, "params": {"colsample_bytree": 0.5774559693308189, "eta": 0.04554487325263737, "gamma": 604.625568378009, "max_depth": 2.0, "min_child_weight": 4201.666917580372, "num_boost_round": 21.0, "subsample": 0.6053730760099351}, "datetime": {"datetime": "2024-01-20 14:35:13", "elapsed": 679.904544, "delta": 0.001342}}
{"target": -12.342953935327621, "params": {"colsample_bytree": 0.5774559693308189, "eta": 0.04554487325263737, "gamma": 604.625568378009, "max_depth": 2.0, "min_child_weight": 4201.666917580372, "num_boost_round": 22.0, "subsample": 0.6053730760099351}, "datetime": {"datetime": "2024-01-20 14:35:13", "elapsed": 679.905883, "delta": 0.001339}}
{"target": -12.34253080942096, "params": {"colsample_bytree": 0.5774559693308189, "eta": 0.04554487325263737, "gamma": 604.625568378009, "max_depth": 2.0, "min_child_weight": 4201.666917580372, "num_boost_round": 23.0, "subsample": 0.6053730760099351}, "datetime": {"datetime": "2024-01-20 14:35:13", "elapsed": 679.907233, "delta": 0.00135}}
{"target": -12.342672701840668, "params": {"colsample_bytree": 0.5774559693308189, "eta": 0.04554487325263737, "gamma": 604.625568378009, "max_depth": 2.0, "min_child_weight": 4201.666917580372, "num_boost_round": 24.0, "subsample": 0.6053730760099351}, "datetime": {"datetime": "2024-01-20 14:35:13", "elapsed": 679.908585, "delta": 0.001352}}
{"target": -12.341928152348622, "params": {"colsample_bytree": 0.5774559693308189, "eta": 0.04554487325263737, "gamma": 604.625568378009, "max_depth": 2.0, "min_child_weight": 4201.666917580372, "num_boost_round": 25.0, "subsample": 0.6053730760099351}, "datetime": {"datetime": "2024-01-20 14:35:13", "elapsed": 679.909932, "delta": 0.001347}}
{"target": -12.341879235053542, "params": {"colsample_bytree": 0.5774559693308189, "eta": 0.04554487325263737, "gamma": 604.625568378009, "max_depth": 2.0, "min_child_weight": 4201.666917580372, "num_boost_round": 26.0, "subsample": 0.6053730760099351}, "datetime": {"datetime": "2024-01-20 14:35:13", "elapsed": 679.911308, "delta": 0.001376}}
{"target": -12.342056772413386, "params": {"colsample_bytree": 0.5774559693308189, "eta": 0.04554487325263737, "gamma": 604.625568378009, "max_depth": 2.0, "min_child_weight": 4201.666917580372, "num_boost_round": 27.0, "subsample": 0.6053730760099351}, "datetime": {"datetime": "2024-01-20 14:35:13", "elapsed": 679.912676, "delta": 0.001368}}
{"target": -12.34123380451526, "params": {"colsample_bytree": 0.5774559693308189, "eta": 0.04554487325263737, "gamma": 604.625568378009, "max_depth": 2.0, "min_child_weight": 4201.666917580372, "num_boost_round": 28.0, "subsample": 0.6053730760099351}, "datetime": {"datetime": "2024-01-20 14:35:13", "elapsed": 679.914032, "delta": 0.001356}}
{"target": -12.340852899021156, "params": {"colsample_bytree": 0.5774559693308189, "eta": 0.04554487325263737, "gamma": 604.625568378009, "max_depth": 2.0, "min_child_weight": 4201.666917580372, "num_boost_round": 29.0, "subsample": 0.6053730760099351}, "datetime": {"datetime": "2024-01-20 14:35:13", "elapsed": 679.915408, "delta": 0.001376}}
{"target": -12.340556722528522, "params": {"colsample_bytree": 0.5774559693308189, "eta": 0.04554487325263737, "gamma": 604.625568378009, "max_depth": 2.0, "min_child_weight": 4201.666917580372, "num_boost_round": 30.0, "subsample": 0.6053730760099351}, "datetime": {"datetime": "2024-01-20 14:35:13", "elapsed": 679.916769, "delta": 0.001361}}
{"target": -12.339901786643647, "params": {"colsample_bytree": 0.5774559693308189, "eta": 0.04554487325263737, "gamma": 604.625568378009, "max_depth": 2.0, "min_child_weight": 4201.666917580372, "num_boost_round": 31.0, "subsample": 0.6053730760099351}, "datetime": {"datetime": "2024-01-20 14:35:13", "elapsed": 679.918322, "delta": 0.001553}}
{"target": -12.340180953498116, "params": {"colsample_bytree": 0.5774559693308189, "eta": 0.04554487325263737, "gamma": 604.625568378009, "max_depth": 2.0, "min_child_weight": 4201.666917580372, "num_boost_round": 32.0, "subsample": 0.6053730760099351}, "datetime": {"datetime": "2024-01-20 14:35:13", "elapsed": 679.919877, "delta": 0.001555}}
{"target": -12.340299654232624, "params": {"colsample_bytree": 0.5774559693308189, "eta": 0.04554487325263737, "gamma": 604.625568378009, "max_depth": 2.0, "min_child_weight": 4201.666917580372, "num_boost_round": 33.0, "subsample": 0.6053730760099351}, "datetime": {"datetime": "2024-01-20 14:35:13", "elapsed": 679.921367, "delta": 0.00149}}
{"target": -12.340263661546986, "params": {"colsample_bytree": 0.5774559693308189, "eta": 0.04554487325263737, "gamma": 604.625568378009, "max_depth": 2.0, "min_child_weight": 4201.666917580372, "num_boost_round": 34.0, "subsample": 0.6053730760099351}, "datetime": {"datetime": "2024-01-20 14:35:13", "elapsed": 679.922946, "delta": 0.001579}}
{"target": -12.34021499098733, "params": {"colsample_bytree": 0.5774559693308189, "eta": 0.04554487325263737, "gamma": 604.625568378009, "max_depth": 2.0, "min_child_weight": 4201.666917580372, "num_boost_round": 35.0, "subsample": 0.6053730760099351}, "datetime": {"datetime": "2024-01-20 14:35:13", "elapsed": 679.924318, "delta": 0.001372}}
{"target": -12.340232368503866, "params": {"colsample_bytree": 0.5774559693308189, "eta": 0.04554487325263737, "gamma": 604.625568378009, "max_depth": 2.0, "min_child_weight": 4201.666917580372, "num_boost_round": 36.0, "subsample": 0.6053730760099351}, "datetime": {"datetime": "2024-01-20 14:35:13", "elapsed": 679.925691, "delta": 0.001373}}
{"target": -12.340215798491757, "params": {"colsample_bytree": 0.5774559693308189, "eta": 0.04554487325263737, "gamma": 604.625568378009, "max_depth": 2.0, "min_child_weight": 4201.666917580372, "num_boost_round": 37.0, "subsample": 0.6053730760099351}, "datetime": {"datetime": "2024-01-20 14:35:13", "elapsed": 679.927065, "delta": 0.001374}}
{"target": -12.340368597326796, "params": {"colsample_bytree": 0.5774559693308189, "eta": 0.04554487325263737, "gamma": 604.625568378009, "max_depth": 2.0, "min_child_weight": 4201.666917580372, "num_boost_round": 38.0, "subsample": 0.6053730760099351}, "datetime": {"datetime": "2024-01-20 14:35:13", "elapsed": 679.928454, "delta": 0.001389}}
{"target": -12.340618790893515, "params": {"colsample_bytree": 0.5774559693308189, "eta": 0.04554487325263737, "gamma": 604.625568378009, "max_depth": 2.0, "min_child_weight": 4201.666917580372, "num_boost_round": 39.0, "subsample": 0.6053730760099351}, "datetime": {"datetime": "2024-01-20 14:35:13", "elapsed": 679.929828, "delta": 0.001374}}
{"target": -12.340348090892519, "params": {"colsample_bytree": 0.5774559693308189, "eta": 0.04554487325263737, "gamma": 604.625568378009, "max_depth": 2.0, "min_child_weight": 4201.666917580372, "num_boost_round": 40.0, "subsample": 0.6053730760099351}, "datetime": {"datetime": "2024-01-20 14:35:13", "elapsed": 679.931199, "delta": 0.001371}}
{"target": -12.340181627590693, "params": {"colsample_bytree": 0.5774559693308189, "eta": 0.04554487325263737, "gamma": 604.625568378009, "max_depth": 2.0, "min_child_weight": 4201.666917580372, "num_boost_round": 41.0, "subsample": 0.6053730760099351}, "datetime": {"datetime": "2024-01-20 14:35:13", "elapsed": 679.932556, "delta": 0.001357}}
{"target": -12.339876339155797, "params": {"colsample_bytree": 0.5774559693308189, "eta": 0.04554487325263737, "gamma": 604.625568378009, "max_depth": 2.0, "min_child_weight": 4201.666917580372, "num_boost_round": 42.0, "subsample": 0.6053730760099351}, "datetime": {"datetime": "2024-01-20 14:35:13", "elapsed": 679.933931, "delta": 0.001375}}
{"target": -12.33972198091045, "params": {"colsample_bytree": 0.5774559693308189, "eta": 0.04554487325263737, "gamma": 604.625568378009, "max_depth": 2.0, "min_child_weight": 4201.666917580372, "num_boost_round": 43.0, "subsample": 0.6053730760099351}, "datetime": {"datetime": "2024-01-20 14:35:13", "elapsed": 679.935299, "delta": 0.001368}}
{"target": -12.339705999022753, "params": {"colsample_bytree": 0.5774559693308189, "eta": 0.04554487325263737, "gamma": 604.625568378009, "max_depth": 2.0, "min_child_weight": 4201.666917580372, "num_boost_round": 44.0, "subsample": 0.6053730760099351}, "datetime": {"datetime": "2024-01-20 14:35:13", "elapsed": 679.936673, "delta": 0.001374}}
{"target": -12.339425841129286, "params": {"colsample_bytree": 0.5774559693308189, "eta": 0.04554487325263737, "gamma": 604.625568378009, "max_depth": 2.0, "min_child_weight": 4201.666917580372, "num_boost_round": 45.0, "subsample": 0.6053730760099351}, "datetime": {"datetime": "2024-01-20 14:35:13", "elapsed": 679.938195, "delta": 0.001522}}
{"target": -12.339411886992368, "params": {"colsample_bytree": 0.5774559693308189, "eta": 0.04554487325263737, "gamma": 604.625568378009, "max_depth": 2.0, "min_child_weight": 4201.666917580372, "num_boost_round": 46.0, "subsample": 0.6053730760099351}, "datetime": {"datetime": "2024-01-20 14:35:13", "elapsed": 679.939571, "delta": 0.001376}}
{"target": -12.339495921390956, "params": {"colsample_bytree": 0.5774559693308189, "eta": 0.04554487325263737, "gamma": 604.625568378009, "max_depth": 2.0, "min_child_weight": 4201.666917580372, "num_boost_round": 47.0, "subsample": 0.6053730760099351}, "datetime": {"datetime": "2024-01-20 14:35:13", "elapsed": 679.940943, "delta": 0.001372}}
{"target": -12.339587301719131, "params": {"colsample_bytree": 0.5774559693308189, "eta": 0.04554487325263737, "gamma": 604.625568378009, "max_depth": 2.0, "min_child_weight": 4201.666917580372, "num_boost_round": 48.0, "subsample": 0.6053730760099351}, "datetime": {"datetime": "2024-01-20 14:35:13", "elapsed": 679.942377, "delta": 0.001434}}
{"target": -12.339485743146565, "params": {"colsample_bytree": 0.5774559693308189, "eta": 0.04554487325263737, "gamma": 604.625568378009, "max_depth": 2.0, "min_child_weight": 4201.666917580372, "num_boost_round": 49.0, "subsample": 0.6053730760099351}, "datetime": {"datetime": "2024-01-20 14:35:13", "elapsed": 679.943767, "delta": 0.00139}}
{"target": -12.339349624232717, "params": {"colsample_bytree": 0.5774559693308189, "eta": 0.04554487325263737, "gamma": 604.625568378009, "max_depth": 2.0, "min_child_weight": 4201.666917580372, "num_boost_round": 50.0, "subsample": 0.6053730760099351}, "datetime": {"datetime": "2024-01-20 14:35:13", "elapsed": 679.945162, "delta": 0.001395}}
{"target": -12.339489996171583, "params": {"colsample_bytree": 0.5774559693308189, "eta": 0.04554487325263737, "gamma": 604.625568378009, "max_depth": 2.0, "min_child_weight": 4201.666917580372, "num_boost_round": 51.0, "subsample": 0.6053730760099351}, "datetime": {"datetime": "2024-01-20 14:35:13", "elapsed": 679.94654, "delta": 0.001378}}
{"target": -12.339503982245208, "params": {"colsample_bytree": 0.5774559693308189, "eta": 0.04554487325263737, "gamma": 604.625568378009, "max_depth": 2.0, "min_child_weight": 4201.666917580372, "num_boost_round": 52.0, "subsample": 0.6053730760099351}, "datetime": {"datetime": "2024-01-20 14:35:13", "elapsed": 679.947925, "delta": 0.001385}}
{"target": -12.358590182241375, "params": {"colsample_bytree": 0.3943323452653342, "eta": 0.0011382007408780054, "gamma": 537.1871180267512, "max_depth": 5.0, "min_child_weight": 4200.0031741918465, "num_boost_round": 1.0, "subsample": 0.5000349597876292}, "datetime": {"datetime": "2024-01-20 14:35:37", "elapsed": 703.364716, "delta": 23.416791}}
{"target": -12.358565707478807, "params": {"colsample_bytree": 0.3943323452653342, "eta": 0.0011382007408780054, "gamma": 537.1871180267512, "max_depth": 5.0, "min_child_weight": 4200.0031741918465, "num_boost_round": 2.0, "subsample": 0.5000349597876292}, "datetime": {"datetime": "2024-01-20 14:35:37", "elapsed": 703.368242, "delta": 0.003526}}
{"target": -12.358496203114871, "params": {"colsample_bytree": 0.3943323452653342, "eta": 0.0011382007408780054, "gamma": 537.1871180267512, "max_depth": 5.0, "min_child_weight": 4200.0031741918465, "num_boost_round": 3.0, "subsample": 0.5000349597876292}, "datetime": {"datetime": "2024-01-20 14:35:37", "elapsed": 703.369818, "delta": 0.001576}}
{"target": -12.358503039211651, "params": {"colsample_bytree": 0.3943323452653342, "eta": 0.0011382007408780054, "gamma": 537.1871180267512, "max_depth": 5.0, "min_child_weight": 4200.0031741918465, "num_boost_round": 4.0, "subsample": 0.5000349597876292}, "datetime": {"datetime": "2024-01-20 14:35:37", "elapsed": 703.371226, "delta": 0.001408}}
{"target": -12.35847007980888, "params": {"colsample_bytree": 0.3943323452653342, "eta": 0.0011382007408780054, "gamma": 537.1871180267512, "max_depth": 5.0, "min_child_weight": 4200.0031741918465, "num_boost_round": 5.0, "subsample": 0.5000349597876292}, "datetime": {"datetime": "2024-01-20 14:35:37", "elapsed": 703.372617, "delta": 0.001391}}
{"target": -12.358403992690594, "params": {"colsample_bytree": 0.3943323452653342, "eta": 0.0011382007408780054, "gamma": 537.1871180267512, "max_depth": 5.0, "min_child_weight": 4200.0031741918465, "num_boost_round": 6.0, "subsample": 0.5000349597876292}, "datetime": {"datetime": "2024-01-20 14:35:37", "elapsed": 703.374048, "delta": 0.001431}}
{"target": -12.358401311981162, "params": {"colsample_bytree": 0.3943323452653342, "eta": 0.0011382007408780054, "gamma": 537.1871180267512, "max_depth": 5.0, "min_child_weight": 4200.0031741918465, "num_boost_round": 7.0, "subsample": 0.5000349597876292}, "datetime": {"datetime": "2024-01-20 14:35:37", "elapsed": 703.375461, "delta": 0.001413}}
