{"target": -13.731773522109563, "params": {"colsample_bytree": 0.6892767456793534, "eta": 0.06883716111827004, "gamma": 914.8284221459753, "max_depth": 4.0, "min_child_weight": 3926.6799350069914, "num_boost_round": 1.0, "subsample": 0.7196801244599844}, "datetime": {"datetime": "2024-01-20 14:41:47", "elapsed": 1067.910075, "delta": 20.813064}}
{"target": -13.73277324337155, "params": {"colsample_bytree": 0.6892767456793534, "eta": 0.06883716111827004, "gamma": 914.8284221459753, "max_depth": 4.0, "min_child_weight": 3926.6799350069914, "num_boost_round": 2.0, "subsample": 0.7196801244599844}, "datetime": {"datetime": "2024-01-20 14:41:47", "elapsed": 1067.911862, "delta": 0.001787}}
{"target": -13.734011788594765, "params": {"colsample_bytree": 0.6892767456793534, "eta": 0.06883716111827004, "gamma": 914.8284221459753, "max_depth": 4.0, "min_child_weight": 3926.6799350069914, "num_boost_round": 3.0, "subsample": 0.7196801244599844}, "datetime": {"datetime": "2024-01-20 14:41:47", "elapsed": 1067.912811, "delta": 0.000949}}
{"target": -13.73567333782125, "params": {"colsample_bytree": 0.6892767456793534, "eta": 0.06883716111827004, "gamma": 914.8284221459753, "max_depth": 4.0, "min_child_weight": 3926.6799350069914, "num_boost_round": 4.0, "subsample": 0.7196801244599844}, "datetime": {"datetime": "2024-01-20 14:41:47", "elapsed": 1067.913725, "delta": 0.000914}}
{"target": -13.737470217900167, "params": {"colsample_bytree": 0.6892767456793534, "eta": 0.06883716111827004, "gamma": 914.8284221459753, "max_depth": 4.0, "min_child_weight": 3926.6799350069914, "num_boost_round": 5.0, "subsample": 0.7196801244599844}, "datetime": {"datetime": "2024-01-20 14:41:47", "elapsed": 1067.914824, "delta": 0.001099}}
{"target": -13.739769380281233, "params": {"colsample_bytree": 0.6892767456793534, "eta": 0.06883716111827004, "gamma": 914.8284221459753, "max_depth": 4.0, "min_child_weight": 3926.6799350069914, "num_boost_round": 6.0, "subsample": 0.7196801244599844}, "datetime": {"datetime": "2024-01-20 14:41:47", "elapsed": 1067.915738, "delta": 0.000914}}
{"target": -13.741166339511103, "params": {"colsample_bytree": 0.6892767456793534, "eta": 0.06883716111827004, "gamma": 914.8284221459753, "max_depth": 4.0, "min_child_weight": 3926.6799350069914, "num_boost_round": 7.0, "subsample": 0.7196801244599844}, "datetime": {"datetime": "2024-01-20 14:41:47", "elapsed": 1067.917307, "delta": 0.001569}}
{"target": -13.742659478501324, "params": {"colsample_bytree": 0.6892767456793534, "eta": 0.06883716111827004, "gamma": 914.8284221459753, "max_depth": 4.0, "min_child_weight": 3926.6799350069914, "num_boost_round": 8.0, "subsample": 0.7196801244599844}, "datetime": {"datetime": "2024-01-20 14:41:47", "elapsed": 1067.918275, "delta": 0.000968}}
{"target": -13.743910061674681, "params": {"colsample_bytree": 0.6892767456793534, "eta": 0.06883716111827004, "gamma": 914.8284221459753, "max_depth": 4.0, "min_child_weight": 3926.6799350069914, "num_boost_round": 9.0, "subsample": 0.7196801244599844}, "datetime": {"datetime": "2024-01-20 14:41:47", "elapsed": 1067.91919, "delta": 0.000915}}
{"target": -13.745589791501713, "params": {"colsample_bytree": 0.6892767456793534, "eta": 0.06883716111827004, "gamma": 914.8284221459753, "max_depth": 4.0, "min_child_weight": 3926.6799350069914, "num_boost_round": 10.0, "subsample": 0.7196801244599844}, "datetime": {"datetime": "2024-01-20 14:41:47", "elapsed": 1067.920104, "delta": 0.000914}}
{"target": -13.746810302399766, "params": {"colsample_bytree": 0.6892767456793534, "eta": 0.06883716111827004, "gamma": 914.8284221459753, "max_depth": 4.0, "min_child_weight": 3926.6799350069914, "num_boost_round": 11.0, "subsample": 0.7196801244599844}, "datetime": {"datetime": "2024-01-20 14:41:47", "elapsed": 1067.921012, "delta": 0.000908}}
{"target": -13.748941896861247, "params": {"colsample_bytree": 0.6892767456793534, "eta": 0.06883716111827004, "gamma": 914.8284221459753, "max_depth": 4.0, "min_child_weight": 3926.6799350069914, "num_boost_round": 12.0, "subsample": 0.7196801244599844}, "datetime": {"datetime": "2024-01-20 14:41:47", "elapsed": 1067.921921, "delta": 0.000909}}
{"target": -13.750245751353741, "params": {"colsample_bytree": 0.6892767456793534, "eta": 0.06883716111827004, "gamma": 914.8284221459753, "max_depth": 4.0, "min_child_weight": 3926.6799350069914, "num_boost_round": 13.0, "subsample": 0.7196801244599844}, "datetime": {"datetime": "2024-01-20 14:41:47", "elapsed": 1067.922833, "delta": 0.000912}}
{"target": -13.752138681621075, "params": {"colsample_bytree": 0.6892767456793534, "eta": 0.06883716111827004, "gamma": 914.8284221459753, "max_depth": 4.0, "min_child_weight": 3926.6799350069914, "num_boost_round": 14.0, "subsample": 0.7196801244599844}, "datetime": {"datetime": "2024-01-20 14:41:47", "elapsed": 1067.923753, "delta": 0.00092}}
{"target": -13.753521485432096, "params": {"colsample_bytree": 0.6892767456793534, "eta": 0.06883716111827004, "gamma": 914.8284221459753, "max_depth": 4.0, "min_child_weight": 3926.6799350069914, "num_boost_round": 15.0, "subsample": 0.7196801244599844}, "datetime": {"datetime": "2024-01-20 14:41:47", "elapsed": 1067.924713, "delta": 0.00096}}
{"target": -13.7549703277232, "params": {"colsample_bytree": 0.6892767456793534, "eta": 0.06883716111827004, "gamma": 914.8284221459753, "max_depth": 4.0, "min_child_weight": 3926.6799350069914, "num_boost_round": 16.0, "subsample": 0.7196801244599844}, "datetime": {"datetime": "2024-01-20 14:41:47", "elapsed": 1067.925627, "delta": 0.000914}}
{"target": -13.756556519779227, "params": {"colsample_bytree": 0.6892767456793534, "eta": 0.06883716111827004, "gamma": 914.8284221459753, "max_depth": 4.0, "min_child_weight": 3926.6799350069914, "num_boost_round": 17.0, "subsample": 0.7196801244599844}, "datetime": {"datetime": "2024-01-20 14:41:47", "elapsed": 1067.926613, "delta": 0.000986}}
{"target": -13.757547207804368, "params": {"colsample_bytree": 0.6892767456793534, "eta": 0.06883716111827004, "gamma": 914.8284221459753, "max_depth": 4.0, "min_child_weight": 3926.6799350069914, "num_boost_round": 18.0, "subsample": 0.7196801244599844}, "datetime": {"datetime": "2024-01-20 14:41:47", "elapsed": 1067.927546, "delta": 0.000933}}
{"target": -13.758557779751229, "params": {"colsample_bytree": 0.6892767456793534, "eta": 0.06883716111827004, "gamma": 914.8284221459753, "max_depth": 4.0, "min_child_weight": 3926.6799350069914, "num_boost_round": 19.0, "subsample": 0.7196801244599844}, "datetime": {"datetime": "2024-01-20 14:41:47", "elapsed": 1067.928479, "delta": 0.000933}}
{"target": -13.732665597519459, "params": {"colsample_bytree": 0.47488432458399366, "eta": 0.08398269686572363, "gamma": 311.36542758655526, "max_depth": 5.0, "min_child_weight": 3881.1490611889085, "num_boost_round": 1.0, "subsample": 0.3837726671885079}, "datetime": {"datetime": "2024-01-20 14:42:01", "elapsed": 1082.271951, "delta": 14.343472}}
{"target": -13.733726980426146, "params": {"colsample_bytree": 0.47488432458399366, "eta": 0.08398269686572363, "gamma": 311.36542758655526, "max_depth": 5.0, "min_child_weight": 3881.1490611889085, "num_boost_round": 2.0, "subsample": 0.3837726671885079}, "datetime": {"datetime": "2024-01-20 14:42:01", "elapsed": 1082.273929, "delta": 0.001978}}
{"target": -13.735207227729045, "params": {"colsample_bytree": 0.47488432458399366, "eta": 0.08398269686572363, "gamma": 311.36542758655526, "max_depth": 5.0, "min_child_weight": 3881.1490611889085, "num_boost_round": 3.0, "subsample": 0.3837726671885079}, "datetime": {"datetime": "2024-01-20 14:42:01", "elapsed": 1082.275102, "delta": 0.001173}}
{"target": -13.73122381559838, "params": {"colsample_bytree": 0.16090650435182144, "eta": 0.025646637726111553, "gamma": 703.8458585644362, "max_depth": 9.0, "min_child_weight": 4292.773829867485, "num_boost_round": 1.0, "subsample": 0.9277042762640146}, "datetime": {"datetime": "2024-01-20 14:42:15", "elapsed": 1096.398772, "delta": 14.12367}}
{"target": -13.731398150635417, "params": {"colsample_bytree": 0.16090650435182144, "eta": 0.025646637726111553, "gamma": 703.8458585644362, "max_depth": 9.0, "min_child_weight": 4292.773829867485, "num_boost_round": 2.0, "subsample": 0.9277042762640146}, "datetime": {"datetime": "2024-01-20 14:42:15", "elapsed": 1096.400758, "delta": 0.001986}}
{"target": -13.731193171058273, "params": {"colsample_bytree": 0.6950115483955633, "eta": 0.01870579149399337, "gamma": 823.405043905569, "max_depth": 4.0, "min_child_weight": 3933.470551128832, "num_boost_round": 1.0, "subsample": 0.5422782984445541}, "datetime": {"datetime": "2024-01-20 14:42:30", "elapsed": 1111.58686, "delta": 15.186102}}
{"target": -13.731420656308934, "params": {"colsample_bytree": 0.6950115483955633, "eta": 0.01870579149399337, "gamma": 823.405043905569, "max_depth": 4.0, "min_child_weight": 3933.470551128832, "num_boost_round": 2.0, "subsample": 0.5422782984445541}, "datetime": {"datetime": "2024-01-20 14:42:30", "elapsed": 1111.588671, "delta": 0.001811}}
{"target": -13.731626264082609, "params": {"colsample_bytree": 0.6950115483955633, "eta": 0.01870579149399337, "gamma": 823.405043905569, "max_depth": 4.0, "min_child_weight": 3933.470551128832, "num_boost_round": 3.0, "subsample": 0.5422782984445541}, "datetime": {"datetime": "2024-01-20 14:42:30", "elapsed": 1111.589735, "delta": 0.001064}}
{"target": -13.731810804338263, "params": {"colsample_bytree": 0.6950115483955633, "eta": 0.01870579149399337, "gamma": 823.405043905569, "max_depth": 4.0, "min_child_weight": 3933.470551128832, "num_boost_round": 4.0, "subsample": 0.5422782984445541}, "datetime": {"datetime": "2024-01-20 14:42:30", "elapsed": 1111.590758, "delta": 0.001023}}
{"target": -13.732033763130666, "params": {"colsample_bytree": 0.6950115483955633, "eta": 0.01870579149399337, "gamma": 823.405043905569, "max_depth": 4.0, "min_child_weight": 3933.470551128832, "num_boost_round": 5.0, "subsample": 0.5422782984445541}, "datetime": {"datetime": "2024-01-20 14:42:30", "elapsed": 1111.591823, "delta": 0.001065}}
{"target": -13.731251983376811, "params": {"colsample_bytree": 0.2985949750197907, "eta": 0.07327668059691028, "gamma": 966.4422719298832, "max_depth": 7.0, "min_child_weight": 4202.344489087349, "num_boost_round": 1.0, "subsample": 0.4370227795299545}, "datetime": {"datetime": "2024-01-20 14:42:45", "elapsed": 1126.530154, "delta": 14.938331}}
{"target": -13.73193889217151, "params": {"colsample_bytree": 0.2985949750197907, "eta": 0.07327668059691028, "gamma": 966.4422719298832, "max_depth": 7.0, "min_child_weight": 4202.344489087349, "num_boost_round": 2.0, "subsample": 0.4370227795299545}, "datetime": {"datetime": "2024-01-20 14:42:45", "elapsed": 1126.532267, "delta": 0.002113}}
{"target": -13.732573834153017, "params": {"colsample_bytree": 0.2985949750197907, "eta": 0.07327668059691028, "gamma": 966.4422719298832, "max_depth": 7.0, "min_child_weight": 4202.344489087349, "num_boost_round": 3.0, "subsample": 0.4370227795299545}, "datetime": {"datetime": "2024-01-20 14:42:45", "elapsed": 1126.533269, "delta": 0.001002}}
{"target": -13.73268247127438, "params": {"colsample_bytree": 0.6510213587033922, "eta": 0.08529202127200218, "gamma": 245.13415725914967, "max_depth": 7.0, "min_child_weight": 4068.802163984428, "num_boost_round": 1.0, "subsample": 0.5357199650584479}, "datetime": {"datetime": "2024-01-20 14:43:03", "elapsed": 1144.66371, "delta": 18.130441}}
{"target": -13.73465693752618, "params": {"colsample_bytree": 0.6510213587033922, "eta": 0.08529202127200218, "gamma": 245.13415725914967, "max_depth": 7.0, "min_child_weight": 4068.802163984428, "num_boost_round": 2.0, "subsample": 0.5357199650584479}, "datetime": {"datetime": "2024-01-20 14:43:03", "elapsed": 1144.66619, "delta": 0.00248}}
{"target": -13.736578532410405, "params": {"colsample_bytree": 0.6510213587033922, "eta": 0.08529202127200218, "gamma": 245.13415725914967, "max_depth": 7.0, "min_child_weight": 4068.802163984428, "num_boost_round": 3.0, "subsample": 0.5357199650584479}, "datetime": {"datetime": "2024-01-20 14:43:03", "elapsed": 1144.667238, "delta": 0.001048}}
{"target": -13.738949012462298, "params": {"colsample_bytree": 0.6510213587033922, "eta": 0.08529202127200218, "gamma": 245.13415725914967, "max_depth": 7.0, "min_child_weight": 4068.802163984428, "num_boost_round": 4.0, "subsample": 0.5357199650584479}, "datetime": {"datetime": "2024-01-20 14:43:03", "elapsed": 1144.668322, "delta": 0.001084}}
{"target": -13.741742759946321, "params": {"colsample_bytree": 0.6510213587033922, "eta": 0.08529202127200218, "gamma": 245.13415725914967, "max_depth": 7.0, "min_child_weight": 4068.802163984428, "num_boost_round": 5.0, "subsample": 0.5357199650584479}, "datetime": {"datetime": "2024-01-20 14:43:03", "elapsed": 1144.669297, "delta": 0.000975}}
{"target": -13.744184709938004, "params": {"colsample_bytree": 0.6510213587033922, "eta": 0.08529202127200218, "gamma": 245.13415725914967, "max_depth": 7.0, "min_child_weight": 4068.802163984428, "num_boost_round": 6.0, "subsample": 0.5357199650584479}, "datetime": {"datetime": "2024-01-20 14:43:03", "elapsed": 1144.670269, "delta": 0.000972}}
{"target": -13.746114297685821, "params": {"colsample_bytree": 0.6510213587033922, "eta": 0.08529202127200218, "gamma": 245.13415725914967, "max_depth": 7.0, "min_child_weight": 4068.802163984428, "num_boost_round": 7.0, "subsample": 0.5357199650584479}, "datetime": {"datetime": "2024-01-20 14:43:03", "elapsed": 1144.671242, "delta": 0.000973}}
{"target": -13.748678636357546, "params": {"colsample_bytree": 0.6510213587033922, "eta": 0.08529202127200218, "gamma": 245.13415725914967, "max_depth": 7.0, "min_child_weight": 4068.802163984428, "num_boost_round": 8.0, "subsample": 0.5357199650584479}, "datetime": {"datetime": "2024-01-20 14:43:03", "elapsed": 1144.672799, "delta": 0.001557}}
{"target": -13.750728526746496, "params": {"colsample_bytree": 0.6510213587033922, "eta": 0.08529202127200218, "gamma": 245.13415725914967, "max_depth": 7.0, "min_child_weight": 4068.802163984428, "num_boost_round": 9.0, "subsample": 0.5357199650584479}, "datetime": {"datetime": "2024-01-20 14:43:03", "elapsed": 1144.673878, "delta": 0.001079}}
{"target": -13.753474585917061, "params": {"colsample_bytree": 0.6510213587033922, "eta": 0.08529202127200218, "gamma": 245.13415725914967, "max_depth": 7.0, "min_child_weight": 4068.802163984428, "num_boost_round": 10.0, "subsample": 0.5357199650584479}, "datetime": {"datetime": "2024-01-20 14:43:03", "elapsed": 1144.674849, "delta": 0.000971}}
{"target": -13.755134136384239, "params": {"colsample_bytree": 0.6510213587033922, "eta": 0.08529202127200218, "gamma": 245.13415725914967, "max_depth": 7.0, "min_child_weight": 4068.802163984428, "num_boost_round": 11.0, "subsample": 0.5357199650584479}, "datetime": {"datetime": "2024-01-20 14:43:03", "elapsed": 1144.675805, "delta": 0.000956}}
{"target": -13.731165881887906, "params": {"colsample_bytree": 0.9965622313257839, "eta": 0.010270041555055051, "gamma": 997.6060263906529, "max_depth": 4.0, "min_child_weight": 4065.6042646905253, "num_boost_round": 1.0, "subsample": 0.16314685783897798}, "datetime": {"datetime": "2024-01-20 14:43:26", "elapsed": 1167.220915, "delta": 22.54511}}
{"target": -13.731318439746346, "params": {"colsample_bytree": 0.9965622313257839, "eta": 0.010270041555055051, "gamma": 997.6060263906529, "max_depth": 4.0, "min_child_weight": 4065.6042646905253, "num_boost_round": 2.0, "subsample": 0.16314685783897798}, "datetime": {"datetime": "2024-01-20 14:43:26", "elapsed": 1167.222957, "delta": 0.002042}}
{"target": -13.731517192260512, "params": {"colsample_bytree": 0.9965622313257839, "eta": 0.010270041555055051, "gamma": 997.6060263906529, "max_depth": 4.0, "min_child_weight": 4065.6042646905253, "num_boost_round": 3.0, "subsample": 0.16314685783897798}, "datetime": {"datetime": "2024-01-20 14:43:26", "elapsed": 1167.224044, "delta": 0.001087}}
{"target": -13.731697272087972, "params": {"colsample_bytree": 0.9965622313257839, "eta": 0.010270041555055051, "gamma": 997.6060263906529, "max_depth": 4.0, "min_child_weight": 4065.6042646905253, "num_boost_round": 4.0, "subsample": 0.16314685783897798}, "datetime": {"datetime": "2024-01-20 14:43:26", "elapsed": 1167.225015, "delta": 0.000971}}
{"target": -13.731846214448101, "params": {"colsample_bytree": 0.9965622313257839, "eta": 0.010270041555055051, "gamma": 997.6060263906529, "max_depth": 4.0, "min_child_weight": 4065.6042646905253, "num_boost_round": 5.0, "subsample": 0.16314685783897798}, "datetime": {"datetime": "2024-01-20 14:43:26", "elapsed": 1167.226153, "delta": 0.001138}}
{"target": -13.732012121005933, "params": {"colsample_bytree": 0.9965622313257839, "eta": 0.010270041555055051, "gamma": 997.6060263906529, "max_depth": 4.0, "min_child_weight": 4065.6042646905253, "num_boost_round": 6.0, "subsample": 0.16314685783897798}, "datetime": {"datetime": "2024-01-20 14:43:26", "elapsed": 1167.227136, "delta": 0.000983}}
{"target": -13.73217261734329, "params": {"colsample_bytree": 0.9965622313257839, "eta": 0.010270041555055051, "gamma": 997.6060263906529, "max_depth": 4.0, "min_child_weight": 4065.6042646905253, "num_boost_round": 7.0, "subsample": 0.16314685783897798}, "datetime": {"datetime": "2024-01-20 14:43:26", "elapsed": 1167.228105, "delta": 0.000969}}
{"target": -13.732370820738534, "params": {"colsample_bytree": 0.9965622313257839, "eta": 0.010270041555055051, "gamma": 997.6060263906529, "max_depth": 4.0, "min_child_weight": 4065.6042646905253, "num_boost_round": 8.0, "subsample": 0.16314685783897798}, "datetime": {"datetime": "2024-01-20 14:43:26", "elapsed": 1167.229067, "delta": 0.000962}}
{"target": -13.73253897042987, "params": {"colsample_bytree": 0.9965622313257839, "eta": 0.010270041555055051, "gamma": 997.6060263906529, "max_depth": 4.0, "min_child_weight": 4065.6042646905253, "num_boost_round": 9.0, "subsample": 0.16314685783897798}, "datetime": {"datetime": "2024-01-20 14:43:26", "elapsed": 1167.230028, "delta": 0.000961}}
{"target": -13.732721140487634, "params": {"colsample_bytree": 0.9965622313257839, "eta": 0.010270041555055051, "gamma": 997.6060263906529, "max_depth": 4.0, "min_child_weight": 4065.6042646905253, "num_boost_round": 10.0, "subsample": 0.16314685783897798}, "datetime": {"datetime": "2024-01-20 14:43:26", "elapsed": 1167.231033, "delta": 0.001005}}
{"target": -13.732871076147756, "params": {"colsample_bytree": 0.9965622313257839, "eta": 0.010270041555055051, "gamma": 997.6060263906529, "max_depth": 4.0, "min_child_weight": 4065.6042646905253, "num_boost_round": 11.0, "subsample": 0.16314685783897798}, "datetime": {"datetime": "2024-01-20 14:43:26", "elapsed": 1167.232225, "delta": 0.001192}}
{"target": -13.733016478096538, "params": {"colsample_bytree": 0.9965622313257839, "eta": 0.010270041555055051, "gamma": 997.6060263906529, "max_depth": 4.0, "min_child_weight": 4065.6042646905253, "num_boost_round": 12.0, "subsample": 0.16314685783897798}, "datetime": {"datetime": "2024-01-20 14:43:26", "elapsed": 1167.233206, "delta": 0.000981}}
{"target": -13.733201998355282, "params": {"colsample_bytree": 0.9965622313257839, "eta": 0.010270041555055051, "gamma": 997.6060263906529, "max_depth": 4.0, "min_child_weight": 4065.6042646905253, "num_boost_round": 13.0, "subsample": 0.16314685783897798}, "datetime": {"datetime": "2024-01-20 14:43:26", "elapsed": 1167.234352, "delta": 0.001146}}
{"target": -13.73341360079856, "params": {"colsample_bytree": 0.9965622313257839, "eta": 0.010270041555055051, "gamma": 997.6060263906529, "max_depth": 4.0, "min_child_weight": 4065.6042646905253, "num_boost_round": 14.0, "subsample": 0.16314685783897798}, "datetime": {"datetime": "2024-01-20 14:43:26", "elapsed": 1167.235468, "delta": 0.001116}}
{"target": -13.733603896160432, "params": {"colsample_bytree": 0.9965622313257839, "eta": 0.010270041555055051, "gamma": 997.6060263906529, "max_depth": 4.0, "min_child_weight": 4065.6042646905253, "num_boost_round": 15.0, "subsample": 0.16314685783897798}, "datetime": {"datetime": "2024-01-20 14:43:26", "elapsed": 1167.236435, "delta": 0.000967}}
{"target": -13.733765025265189, "params": {"colsample_bytree": 0.9965622313257839, "eta": 0.010270041555055051, "gamma": 997.6060263906529, "max_depth": 4.0, "min_child_weight": 4065.6042646905253, "num_boost_round": 16.0, "subsample": 0.16314685783897798}, "datetime": {"datetime": "2024-01-20 14:43:26", "elapsed": 1167.237407, "delta": 0.000972}}
{"target": -13.733961180585391, "params": {"colsample_bytree": 0.9965622313257839, "eta": 0.010270041555055051, "gamma": 997.6060263906529, "max_depth": 4.0, "min_child_weight": 4065.6042646905253, "num_boost_round": 17.0, "subsample": 0.16314685783897798}, "datetime": {"datetime": "2024-01-20 14:43:26", "elapsed": 1167.238381, "delta": 0.000974}}
{"target": -13.734102968847113, "params": {"colsample_bytree": 0.9965622313257839, "eta": 0.010270041555055051, "gamma": 997.6060263906529, "max_depth": 4.0, "min_child_weight": 4065.6042646905253, "num_boost_round": 18.0, "subsample": 0.16314685783897798}, "datetime": {"datetime": "2024-01-20 14:43:26", "elapsed": 1167.239354, "delta": 0.000973}}
{"target": -13.734271948009143, "params": {"colsample_bytree": 0.9965622313257839, "eta": 0.010270041555055051, "gamma": 997.6060263906529, "max_depth": 4.0, "min_child_weight": 4065.6042646905253, "num_boost_round": 19.0, "subsample": 0.16314685783897798}, "datetime": {"datetime": "2024-01-20 14:43:26", "elapsed": 1167.240335, "delta": 0.000981}}
{"target": -13.734461872032599, "params": {"colsample_bytree": 0.9965622313257839, "eta": 0.010270041555055051, "gamma": 997.6060263906529, "max_depth": 4.0, "min_child_weight": 4065.6042646905253, "num_boost_round": 20.0, "subsample": 0.16314685783897798}, "datetime": {"datetime": "2024-01-20 14:43:26", "elapsed": 1167.241307, "delta": 0.000972}}
