{"target": -10.484321161681608, "params": {"colsample_bytree": 0.7747032095125032, "eta": 0.09245191291284316, "gamma": 872.6383227331544, "max_depth": 7.0, "min_child_weight": 4324.882284833213, "num_boost_round": 47.0, "subsample": 0.2444136281743421}, "datetime": {"datetime": "2024-01-20 14:37:10", "elapsed": 4322.395062, "delta": 0.004051}}
{"target": -10.48466647002204, "params": {"colsample_bytree": 0.7747032095125032, "eta": 0.09245191291284316, "gamma": 872.6383227331544, "max_depth": 7.0, "min_child_weight": 4324.882284833213, "num_boost_round": 48.0, "subsample": 0.2444136281743421}, "datetime": {"datetime": "2024-01-20 14:37:10", "elapsed": 4322.399009, "delta": 0.003947}}
{"target": -10.48494374077201, "params": {"colsample_bytree": 0.7747032095125032, "eta": 0.09245191291284316, "gamma": 872.6383227331544, "max_depth": 7.0, "min_child_weight": 4324.882284833213, "num_boost_round": 49.0, "subsample": 0.2444136281743421}, "datetime": {"datetime": "2024-01-20 14:37:10", "elapsed": 4322.402907, "delta": 0.003898}}
{"target": -10.484926437498151, "params": {"colsample_bytree": 0.7747032095125032, "eta": 0.09245191291284316, "gamma": 872.6383227331544, "max_depth": 7.0, "min_child_weight": 4324.882284833213, "num_boost_round": 50.0, "subsample": 0.2444136281743421}, "datetime": {"datetime": "2024-01-20 14:37:10", "elapsed": 4322.40698, "delta": 0.004073}}
{"target": -10.485191682867017, "params": {"colsample_bytree": 0.7747032095125032, "eta": 0.09245191291284316, "gamma": 872.6383227331544, "max_depth": 7.0, "min_child_weight": 4324.882284833213, "num_boost_round": 51.0, "subsample": 0.2444136281743421}, "datetime": {"datetime": "2024-01-20 14:37:10", "elapsed": 4322.410856, "delta": 0.003876}}
{"target": -10.485693233631611, "params": {"colsample_bytree": 0.7747032095125032, "eta": 0.09245191291284316, "gamma": 872.6383227331544, "max_depth": 7.0, "min_child_weight": 4324.882284833213, "num_boost_round": 52.0, "subsample": 0.2444136281743421}, "datetime": {"datetime": "2024-01-20 14:37:10", "elapsed": 4322.414759, "delta": 0.003903}}
{"target": -10.485574177681176, "params": {"colsample_bytree": 0.7747032095125032, "eta": 0.09245191291284316, "gamma": 872.6383227331544, "max_depth": 7.0, "min_child_weight": 4324.882284833213, "num_boost_round": 53.0, "subsample": 0.2444136281743421}, "datetime": {"datetime": "2024-01-20 14:37:10", "elapsed": 4322.418782, "delta": 0.004023}}
{"target": -10.485461643936691, "params": {"colsample_bytree": 0.7747032095125032, "eta": 0.09245191291284316, "gamma": 872.6383227331544, "max_depth": 7.0, "min_child_weight": 4324.882284833213, "num_boost_round": 54.0, "subsample": 0.2444136281743421}, "datetime": {"datetime": "2024-01-20 14:37:10", "elapsed": 4322.422766, "delta": 0.003984}}
{"target": -10.485499941425271, "params": {"colsample_bytree": 0.7747032095125032, "eta": 0.09245191291284316, "gamma": 872.6383227331544, "max_depth": 7.0, "min_child_weight": 4324.882284833213, "num_boost_round": 55.0, "subsample": 0.2444136281743421}, "datetime": {"datetime": "2024-01-20 14:37:10", "elapsed": 4322.426738, "delta": 0.003972}}
{"target": -10.485392329125673, "params": {"colsample_bytree": 0.7747032095125032, "eta": 0.09245191291284316, "gamma": 872.6383227331544, "max_depth": 7.0, "min_child_weight": 4324.882284833213, "num_boost_round": 56.0, "subsample": 0.2444136281743421}, "datetime": {"datetime": "2024-01-20 14:37:10", "elapsed": 4322.430843, "delta": 0.004105}}
{"target": -10.474777753989859, "params": {"colsample_bytree": 0.9296039171352894, "eta": 0.05444140271481784, "gamma": 908.0428435208354, "max_depth": 9.0, "min_child_weight": 2144.9301601540196, "num_boost_round": 1.0, "subsample": 0.6202961079357537}, "datetime": {"datetime": "2024-01-20 14:38:08", "elapsed": 4380.049062, "delta": 57.618219}}
{"target": -10.474141703460816, "params": {"colsample_bytree": 0.9296039171352894, "eta": 0.05444140271481784, "gamma": 908.0428435208354, "max_depth": 9.0, "min_child_weight": 2144.9301601540196, "num_boost_round": 2.0, "subsample": 0.6202961079357537}, "datetime": {"datetime": "2024-01-20 14:38:08", "elapsed": 4380.05469, "delta": 0.005628}}
{"target": -10.473789855300993, "params": {"colsample_bytree": 0.9296039171352894, "eta": 0.05444140271481784, "gamma": 908.0428435208354, "max_depth": 9.0, "min_child_weight": 2144.9301601540196, "num_boost_round": 3.0, "subsample": 0.6202961079357537}, "datetime": {"datetime": "2024-01-20 14:38:08", "elapsed": 4380.058964, "delta": 0.004274}}
{"target": -10.473103283975215, "params": {"colsample_bytree": 0.9296039171352894, "eta": 0.05444140271481784, "gamma": 908.0428435208354, "max_depth": 9.0, "min_child_weight": 2144.9301601540196, "num_boost_round": 4.0, "subsample": 0.6202961079357537}, "datetime": {"datetime": "2024-01-20 14:38:08", "elapsed": 4380.063184, "delta": 0.00422}}
{"target": -10.473299374204153, "params": {"colsample_bytree": 0.9296039171352894, "eta": 0.05444140271481784, "gamma": 908.0428435208354, "max_depth": 9.0, "min_child_weight": 2144.9301601540196, "num_boost_round": 5.0, "subsample": 0.6202961079357537}, "datetime": {"datetime": "2024-01-20 14:38:08", "elapsed": 4380.06713, "delta": 0.003946}}
{"target": -10.473521343439062, "params": {"colsample_bytree": 0.9296039171352894, "eta": 0.05444140271481784, "gamma": 908.0428435208354, "max_depth": 9.0, "min_child_weight": 2144.9301601540196, "num_boost_round": 6.0, "subsample": 0.6202961079357537}, "datetime": {"datetime": "2024-01-20 14:38:08", "elapsed": 4380.071122, "delta": 0.003992}}
{"target": -10.473910906476098, "params": {"colsample_bytree": 0.9296039171352894, "eta": 0.05444140271481784, "gamma": 908.0428435208354, "max_depth": 9.0, "min_child_weight": 2144.9301601540196, "num_boost_round": 7.0, "subsample": 0.6202961079357537}, "datetime": {"datetime": "2024-01-20 14:38:08", "elapsed": 4380.075014, "delta": 0.003892}}
{"target": -10.47378347507971, "params": {"colsample_bytree": 0.9296039171352894, "eta": 0.05444140271481784, "gamma": 908.0428435208354, "max_depth": 9.0, "min_child_weight": 2144.9301601540196, "num_boost_round": 8.0, "subsample": 0.6202961079357537}, "datetime": {"datetime": "2024-01-20 14:38:08", "elapsed": 4380.079284, "delta": 0.00427}}
{"target": -10.475378414729139, "params": {"colsample_bytree": 0.7968578502813732, "eta": 0.026726738823816893, "gamma": 716.3768983409277, "max_depth": 9.0, "min_child_weight": 1902.529612342752, "num_boost_round": 1.0, "subsample": 0.7840195855067795}, "datetime": {"datetime": "2024-01-20 14:39:09", "elapsed": 4441.14568, "delta": 61.066396}}
{"target": -10.474787860990274, "params": {"colsample_bytree": 0.7968578502813732, "eta": 0.026726738823816893, "gamma": 716.3768983409277, "max_depth": 9.0, "min_child_weight": 1902.529612342752, "num_boost_round": 2.0, "subsample": 0.7840195855067795}, "datetime": {"datetime": "2024-01-20 14:39:09", "elapsed": 4441.151064, "delta": 0.005384}}
{"target": -10.474749899925026, "params": {"colsample_bytree": 0.7968578502813732, "eta": 0.026726738823816893, "gamma": 716.3768983409277, "max_depth": 9.0, "min_child_weight": 1902.529612342752, "num_boost_round": 3.0, "subsample": 0.7840195855067795}, "datetime": {"datetime": "2024-01-20 14:39:09", "elapsed": 4441.155064, "delta": 0.004}}
{"target": -10.474525698277478, "params": {"colsample_bytree": 0.7968578502813732, "eta": 0.026726738823816893, "gamma": 716.3768983409277, "max_depth": 9.0, "min_child_weight": 1902.529612342752, "num_boost_round": 4.0, "subsample": 0.7840195855067795}, "datetime": {"datetime": "2024-01-20 14:39:09", "elapsed": 4441.159156, "delta": 0.004092}}
{"target": -10.474290858846194, "params": {"colsample_bytree": 0.7968578502813732, "eta": 0.026726738823816893, "gamma": 716.3768983409277, "max_depth": 9.0, "min_child_weight": 1902.529612342752, "num_boost_round": 5.0, "subsample": 0.7840195855067795}, "datetime": {"datetime": "2024-01-20 14:39:09", "elapsed": 4441.16355, "delta": 0.004394}}
{"target": -10.474213563378783, "params": {"colsample_bytree": 0.7968578502813732, "eta": 0.026726738823816893, "gamma": 716.3768983409277, "max_depth": 9.0, "min_child_weight": 1902.529612342752, "num_boost_round": 6.0, "subsample": 0.7840195855067795}, "datetime": {"datetime": "2024-01-20 14:39:09", "elapsed": 4441.167544, "delta": 0.003994}}
{"target": -10.474159205351517, "params": {"colsample_bytree": 0.7968578502813732, "eta": 0.026726738823816893, "gamma": 716.3768983409277, "max_depth": 9.0, "min_child_weight": 1902.529612342752, "num_boost_round": 7.0, "subsample": 0.7840195855067795}, "datetime": {"datetime": "2024-01-20 14:39:09", "elapsed": 4441.171548, "delta": 0.004004}}
{"target": -10.474034613585044, "params": {"colsample_bytree": 0.7968578502813732, "eta": 0.026726738823816893, "gamma": 716.3768983409277, "max_depth": 9.0, "min_child_weight": 1902.529612342752, "num_boost_round": 8.0, "subsample": 0.7840195855067795}, "datetime": {"datetime": "2024-01-20 14:39:09", "elapsed": 4441.175492, "delta": 0.003944}}
{"target": -10.474096253762113, "params": {"colsample_bytree": 0.7968578502813732, "eta": 0.026726738823816893, "gamma": 716.3768983409277, "max_depth": 9.0, "min_child_weight": 1902.529612342752, "num_boost_round": 9.0, "subsample": 0.7840195855067795}, "datetime": {"datetime": "2024-01-20 14:39:09", "elapsed": 4441.179573, "delta": 0.004081}}
{"target": -10.47393025991997, "params": {"colsample_bytree": 0.7968578502813732, "eta": 0.026726738823816893, "gamma": 716.3768983409277, "max_depth": 9.0, "min_child_weight": 1902.529612342752, "num_boost_round": 10.0, "subsample": 0.7840195855067795}, "datetime": {"datetime": "2024-01-20 14:39:09", "elapsed": 4441.18346, "delta": 0.003887}}
{"target": -10.475643177165148, "params": {"colsample_bytree": 0.2798048072010507, "eta": 0.08843936833027603, "gamma": 669.9107931044077, "max_depth": 4.0, "min_child_weight": 1914.1623548947452, "num_boost_round": 1.0, "subsample": 0.6437837768728475}, "datetime": {"datetime": "2024-01-20 14:40:58", "elapsed": 4550.817895, "delta": 109.634435}}
{"target": -10.47548382541079, "params": {"colsample_bytree": 0.2798048072010507, "eta": 0.08843936833027603, "gamma": 669.9107931044077, "max_depth": 4.0, "min_child_weight": 1914.1623548947452, "num_boost_round": 2.0, "subsample": 0.6437837768728475}, "datetime": {"datetime": "2024-01-20 14:40:58", "elapsed": 4550.823344, "delta": 0.005449}}
{"target": -10.475858656369862, "params": {"colsample_bytree": 0.2798048072010507, "eta": 0.08843936833027603, "gamma": 669.9107931044077, "max_depth": 4.0, "min_child_weight": 1914.1623548947452, "num_boost_round": 3.0, "subsample": 0.6437837768728475}, "datetime": {"datetime": "2024-01-20 14:40:58", "elapsed": 4550.827306, "delta": 0.003962}}
{"target": -10.475993772284273, "params": {"colsample_bytree": 0.2798048072010507, "eta": 0.08843936833027603, "gamma": 669.9107931044077, "max_depth": 4.0, "min_child_weight": 1914.1623548947452, "num_boost_round": 4.0, "subsample": 0.6437837768728475}, "datetime": {"datetime": "2024-01-20 14:40:58", "elapsed": 4550.831283, "delta": 0.003977}}
{"target": -10.475787792482528, "params": {"colsample_bytree": 0.2798048072010507, "eta": 0.08843936833027603, "gamma": 669.9107931044077, "max_depth": 4.0, "min_child_weight": 1914.1623548947452, "num_boost_round": 5.0, "subsample": 0.6437837768728475}, "datetime": {"datetime": "2024-01-20 14:40:58", "elapsed": 4550.835255, "delta": 0.003972}}
{"target": -10.475820710842637, "params": {"colsample_bytree": 0.2798048072010507, "eta": 0.08843936833027603, "gamma": 669.9107931044077, "max_depth": 4.0, "min_child_weight": 1914.1623548947452, "num_boost_round": 6.0, "subsample": 0.6437837768728475}, "datetime": {"datetime": "2024-01-20 14:40:58", "elapsed": 4550.839197, "delta": 0.003942}}
{"target": -10.475937765231228, "params": {"colsample_bytree": 0.2798048072010507, "eta": 0.08843936833027603, "gamma": 669.9107931044077, "max_depth": 4.0, "min_child_weight": 1914.1623548947452, "num_boost_round": 7.0, "subsample": 0.6437837768728475}, "datetime": {"datetime": "2024-01-20 14:40:58", "elapsed": 4550.843047, "delta": 0.00385}}
{"target": -10.476243449957629, "params": {"colsample_bytree": 0.2798048072010507, "eta": 0.08843936833027603, "gamma": 669.9107931044077, "max_depth": 4.0, "min_child_weight": 1914.1623548947452, "num_boost_round": 8.0, "subsample": 0.6437837768728475}, "datetime": {"datetime": "2024-01-20 14:40:58", "elapsed": 4550.847054, "delta": 0.004007}}
{"target": -10.477021034103382, "params": {"colsample_bytree": 0.2798048072010507, "eta": 0.08843936833027603, "gamma": 669.9107931044077, "max_depth": 4.0, "min_child_weight": 1914.1623548947452, "num_boost_round": 9.0, "subsample": 0.6437837768728475}, "datetime": {"datetime": "2024-01-20 14:40:58", "elapsed": 4550.851046, "delta": 0.003992}}
{"target": -10.47765994732813, "params": {"colsample_bytree": 0.2798048072010507, "eta": 0.08843936833027603, "gamma": 669.9107931044077, "max_depth": 4.0, "min_child_weight": 1914.1623548947452, "num_boost_round": 10.0, "subsample": 0.6437837768728475}, "datetime": {"datetime": "2024-01-20 14:40:58", "elapsed": 4550.854884, "delta": 0.003838}}
{"target": -10.47862656409584, "params": {"colsample_bytree": 0.2798048072010507, "eta": 0.08843936833027603, "gamma": 669.9107931044077, "max_depth": 4.0, "min_child_weight": 1914.1623548947452, "num_boost_round": 11.0, "subsample": 0.6437837768728475}, "datetime": {"datetime": "2024-01-20 14:40:58", "elapsed": 4550.859187, "delta": 0.004303}}
{"target": -10.47892013943522, "params": {"colsample_bytree": 0.2798048072010507, "eta": 0.08843936833027603, "gamma": 669.9107931044077, "max_depth": 4.0, "min_child_weight": 1914.1623548947452, "num_boost_round": 12.0, "subsample": 0.6437837768728475}, "datetime": {"datetime": "2024-01-20 14:40:58", "elapsed": 4550.863154, "delta": 0.003967}}
{"target": -10.479261033487823, "params": {"colsample_bytree": 0.2798048072010507, "eta": 0.08843936833027603, "gamma": 669.9107931044077, "max_depth": 4.0, "min_child_weight": 1914.1623548947452, "num_boost_round": 13.0, "subsample": 0.6437837768728475}, "datetime": {"datetime": "2024-01-20 14:40:58", "elapsed": 4550.86707, "delta": 0.003916}}
{"target": -10.480068619677787, "params": {"colsample_bytree": 0.2798048072010507, "eta": 0.08843936833027603, "gamma": 669.9107931044077, "max_depth": 4.0, "min_child_weight": 1914.1623548947452, "num_boost_round": 14.0, "subsample": 0.6437837768728475}, "datetime": {"datetime": "2024-01-20 14:40:58", "elapsed": 4550.871124, "delta": 0.004054}}
{"target": -10.480665737982278, "params": {"colsample_bytree": 0.2798048072010507, "eta": 0.08843936833027603, "gamma": 669.9107931044077, "max_depth": 4.0, "min_child_weight": 1914.1623548947452, "num_boost_round": 15.0, "subsample": 0.6437837768728475}, "datetime": {"datetime": "2024-01-20 14:40:58", "elapsed": 4550.874986, "delta": 0.003862}}
{"target": -10.481611911322766, "params": {"colsample_bytree": 0.2798048072010507, "eta": 0.08843936833027603, "gamma": 669.9107931044077, "max_depth": 4.0, "min_child_weight": 1914.1623548947452, "num_boost_round": 16.0, "subsample": 0.6437837768728475}, "datetime": {"datetime": "2024-01-20 14:40:58", "elapsed": 4550.879006, "delta": 0.00402}}
{"target": -10.482372474658955, "params": {"colsample_bytree": 0.2798048072010507, "eta": 0.08843936833027603, "gamma": 669.9107931044077, "max_depth": 4.0, "min_child_weight": 1914.1623548947452, "num_boost_round": 17.0, "subsample": 0.6437837768728475}, "datetime": {"datetime": "2024-01-20 14:40:58", "elapsed": 4550.88306, "delta": 0.004054}}
{"target": -10.482392064490003, "params": {"colsample_bytree": 0.2798048072010507, "eta": 0.08843936833027603, "gamma": 669.9107931044077, "max_depth": 4.0, "min_child_weight": 1914.1623548947452, "num_boost_round": 18.0, "subsample": 0.6437837768728475}, "datetime": {"datetime": "2024-01-20 14:40:58", "elapsed": 4550.886922, "delta": 0.003862}}
{"target": -10.48300154143324, "params": {"colsample_bytree": 0.2798048072010507, "eta": 0.08843936833027603, "gamma": 669.9107931044077, "max_depth": 4.0, "min_child_weight": 1914.1623548947452, "num_boost_round": 19.0, "subsample": 0.6437837768728475}, "datetime": {"datetime": "2024-01-20 14:40:58", "elapsed": 4550.890833, "delta": 0.003911}}
{"target": -10.483462024114678, "params": {"colsample_bytree": 0.2798048072010507, "eta": 0.08843936833027603, "gamma": 669.9107931044077, "max_depth": 4.0, "min_child_weight": 1914.1623548947452, "num_boost_round": 20.0, "subsample": 0.6437837768728475}, "datetime": {"datetime": "2024-01-20 14:40:58", "elapsed": 4550.894861, "delta": 0.004028}}
{"target": -10.484262213071464, "params": {"colsample_bytree": 0.2798048072010507, "eta": 0.08843936833027603, "gamma": 669.9107931044077, "max_depth": 4.0, "min_child_weight": 1914.1623548947452, "num_boost_round": 21.0, "subsample": 0.6437837768728475}, "datetime": {"datetime": "2024-01-20 14:40:58", "elapsed": 4550.898826, "delta": 0.003965}}
{"target": -10.48438558157424, "params": {"colsample_bytree": 0.2798048072010507, "eta": 0.08843936833027603, "gamma": 669.9107931044077, "max_depth": 4.0, "min_child_weight": 1914.1623548947452, "num_boost_round": 22.0, "subsample": 0.6437837768728475}, "datetime": {"datetime": "2024-01-20 14:40:58", "elapsed": 4550.902708, "delta": 0.003882}}
{"target": -10.484702181369183, "params": {"colsample_bytree": 0.2798048072010507, "eta": 0.08843936833027603, "gamma": 669.9107931044077, "max_depth": 4.0, "min_child_weight": 1914.1623548947452, "num_boost_round": 23.0, "subsample": 0.6437837768728475}, "datetime": {"datetime": "2024-01-20 14:40:58", "elapsed": 4550.906763, "delta": 0.004055}}
{"target": -10.485054717666745, "params": {"colsample_bytree": 0.2798048072010507, "eta": 0.08843936833027603, "gamma": 669.9107931044077, "max_depth": 4.0, "min_child_weight": 1914.1623548947452, "num_boost_round": 24.0, "subsample": 0.6437837768728475}, "datetime": {"datetime": "2024-01-20 14:40:58", "elapsed": 4550.910768, "delta": 0.004005}}
{"target": -10.48575104360166, "params": {"colsample_bytree": 0.2798048072010507, "eta": 0.08843936833027603, "gamma": 669.9107931044077, "max_depth": 4.0, "min_child_weight": 1914.1623548947452, "num_boost_round": 25.0, "subsample": 0.6437837768728475}, "datetime": {"datetime": "2024-01-20 14:40:58", "elapsed": 4550.914704, "delta": 0.003936}}
{"target": -10.486107589552898, "params": {"colsample_bytree": 0.2798048072010507, "eta": 0.08843936833027603, "gamma": 669.9107931044077, "max_depth": 4.0, "min_child_weight": 1914.1623548947452, "num_boost_round": 26.0, "subsample": 0.6437837768728475}, "datetime": {"datetime": "2024-01-20 14:40:58", "elapsed": 4550.918932, "delta": 0.004228}}
{"target": -10.486558885346206, "params": {"colsample_bytree": 0.2798048072010507, "eta": 0.08843936833027603, "gamma": 669.9107931044077, "max_depth": 4.0, "min_child_weight": 1914.1623548947452, "num_boost_round": 27.0, "subsample": 0.6437837768728475}, "datetime": {"datetime": "2024-01-20 14:40:58", "elapsed": 4550.9228, "delta": 0.003868}}
{"target": -10.486655009669349, "params": {"colsample_bytree": 0.2798048072010507, "eta": 0.08843936833027603, "gamma": 669.9107931044077, "max_depth": 4.0, "min_child_weight": 1914.1623548947452, "num_boost_round": 28.0, "subsample": 0.6437837768728475}, "datetime": {"datetime": "2024-01-20 14:40:58", "elapsed": 4550.926677, "delta": 0.003877}}
{"target": -10.487142145755271, "params": {"colsample_bytree": 0.2798048072010507, "eta": 0.08843936833027603, "gamma": 669.9107931044077, "max_depth": 4.0, "min_child_weight": 1914.1623548947452, "num_boost_round": 29.0, "subsample": 0.6437837768728475}, "datetime": {"datetime": "2024-01-20 14:40:58", "elapsed": 4550.93076, "delta": 0.004083}}
{"target": -10.487831350968598, "params": {"colsample_bytree": 0.2798048072010507, "eta": 0.08843936833027603, "gamma": 669.9107931044077, "max_depth": 4.0, "min_child_weight": 1914.1623548947452, "num_boost_round": 30.0, "subsample": 0.6437837768728475}, "datetime": {"datetime": "2024-01-20 14:40:58", "elapsed": 4550.934644, "delta": 0.003884}}
{"target": -10.488161153118298, "params": {"colsample_bytree": 0.2798048072010507, "eta": 0.08843936833027603, "gamma": 669.9107931044077, "max_depth": 4.0, "min_child_weight": 1914.1623548947452, "num_boost_round": 31.0, "subsample": 0.6437837768728475}, "datetime": {"datetime": "2024-01-20 14:40:58", "elapsed": 4550.938598, "delta": 0.003954}}
{"target": -10.488648817972253, "params": {"colsample_bytree": 0.2798048072010507, "eta": 0.08843936833027603, "gamma": 669.9107931044077, "max_depth": 4.0, "min_child_weight": 1914.1623548947452, "num_boost_round": 32.0, "subsample": 0.6437837768728475}, "datetime": {"datetime": "2024-01-20 14:40:58", "elapsed": 4550.942599, "delta": 0.004001}}
{"target": -10.489175359319782, "params": {"colsample_bytree": 0.2798048072010507, "eta": 0.08843936833027603, "gamma": 669.9107931044077, "max_depth": 4.0, "min_child_weight": 1914.1623548947452, "num_boost_round": 33.0, "subsample": 0.6437837768728475}, "datetime": {"datetime": "2024-01-20 14:40:58", "elapsed": 4550.946426, "delta": 0.003827}}
{"target": -10.48933352757619, "params": {"colsample_bytree": 0.2798048072010507, "eta": 0.08843936833027603, "gamma": 669.9107931044077, "max_depth": 4.0, "min_child_weight": 1914.1623548947452, "num_boost_round": 34.0, "subsample": 0.6437837768728475}, "datetime": {"datetime": "2024-01-20 14:40:58", "elapsed": 4550.950353, "delta": 0.003927}}
{"target": -10.489696011860435, "params": {"colsample_bytree": 0.2798048072010507, "eta": 0.08843936833027603, "gamma": 669.9107931044077, "max_depth": 4.0, "min_child_weight": 1914.1623548947452, "num_boost_round": 35.0, "subsample": 0.6437837768728475}, "datetime": {"datetime": "2024-01-20 14:40:58", "elapsed": 4550.954423, "delta": 0.00407}}
