{"target": -10.478047650770186, "params": {"colsample_bytree": 0.5449170442539839, "eta": 0.08332730668087972, "gamma": 757.9130588240479, "max_depth": 8.0, "min_child_weight": 4650.956456341753, "num_boost_round": 19.0, "subsample": 0.6470947217050398}, "datetime": {"datetime": "2024-01-20 13:58:35", "elapsed": 2007.575785, "delta": 0.00233}}
{"target": -10.478323244250827, "params": {"colsample_bytree": 0.5449170442539839, "eta": 0.08332730668087972, "gamma": 757.9130588240479, "max_depth": 8.0, "min_child_weight": 4650.956456341753, "num_boost_round": 20.0, "subsample": 0.6470947217050398}, "datetime": {"datetime": "2024-01-20 13:58:35", "elapsed": 2007.578408, "delta": 0.002623}}
{"target": -10.47898258639052, "params": {"colsample_bytree": 0.5449170442539839, "eta": 0.08332730668087972, "gamma": 757.9130588240479, "max_depth": 8.0, "min_child_weight": 4650.956456341753, "num_boost_round": 21.0, "subsample": 0.6470947217050398}, "datetime": {"datetime": "2024-01-20 13:58:35", "elapsed": 2007.581031, "delta": 0.002623}}
{"target": -10.479242755648823, "params": {"colsample_bytree": 0.5449170442539839, "eta": 0.08332730668087972, "gamma": 757.9130588240479, "max_depth": 8.0, "min_child_weight": 4650.956456341753, "num_boost_round": 22.0, "subsample": 0.6470947217050398}, "datetime": {"datetime": "2024-01-20 13:58:35", "elapsed": 2007.583571, "delta": 0.00254}}
{"target": -10.479659079939914, "params": {"colsample_bytree": 0.5449170442539839, "eta": 0.08332730668087972, "gamma": 757.9130588240479, "max_depth": 8.0, "min_child_weight": 4650.956456341753, "num_boost_round": 23.0, "subsample": 0.6470947217050398}, "datetime": {"datetime": "2024-01-20 13:58:35", "elapsed": 2007.586207, "delta": 0.002636}}
{"target": -10.480269304998028, "params": {"colsample_bytree": 0.5449170442539839, "eta": 0.08332730668087972, "gamma": 757.9130588240479, "max_depth": 8.0, "min_child_weight": 4650.956456341753, "num_boost_round": 24.0, "subsample": 0.6470947217050398}, "datetime": {"datetime": "2024-01-20 13:58:35", "elapsed": 2007.588602, "delta": 0.002395}}
{"target": -10.480621958355474, "params": {"colsample_bytree": 0.5449170442539839, "eta": 0.08332730668087972, "gamma": 757.9130588240479, "max_depth": 8.0, "min_child_weight": 4650.956456341753, "num_boost_round": 25.0, "subsample": 0.6470947217050398}, "datetime": {"datetime": "2024-01-20 13:58:35", "elapsed": 2007.590999, "delta": 0.002397}}
{"target": -10.481038759414744, "params": {"colsample_bytree": 0.5449170442539839, "eta": 0.08332730668087972, "gamma": 757.9130588240479, "max_depth": 8.0, "min_child_weight": 4650.956456341753, "num_boost_round": 26.0, "subsample": 0.6470947217050398}, "datetime": {"datetime": "2024-01-20 13:58:35", "elapsed": 2007.593381, "delta": 0.002382}}
{"target": -10.481711726055796, "params": {"colsample_bytree": 0.5449170442539839, "eta": 0.08332730668087972, "gamma": 757.9130588240479, "max_depth": 8.0, "min_child_weight": 4650.956456341753, "num_boost_round": 27.0, "subsample": 0.6470947217050398}, "datetime": {"datetime": "2024-01-20 13:58:35", "elapsed": 2007.595757, "delta": 0.002376}}
{"target": -10.482329000400345, "params": {"colsample_bytree": 0.5449170442539839, "eta": 0.08332730668087972, "gamma": 757.9130588240479, "max_depth": 8.0, "min_child_weight": 4650.956456341753, "num_boost_round": 28.0, "subsample": 0.6470947217050398}, "datetime": {"datetime": "2024-01-20 13:58:35", "elapsed": 2007.598296, "delta": 0.002539}}
{"target": -10.482593019346599, "params": {"colsample_bytree": 0.5449170442539839, "eta": 0.08332730668087972, "gamma": 757.9130588240479, "max_depth": 8.0, "min_child_weight": 4650.956456341753, "num_boost_round": 29.0, "subsample": 0.6470947217050398}, "datetime": {"datetime": "2024-01-20 13:58:35", "elapsed": 2007.600702, "delta": 0.002406}}
{"target": -10.483050535731941, "params": {"colsample_bytree": 0.5449170442539839, "eta": 0.08332730668087972, "gamma": 757.9130588240479, "max_depth": 8.0, "min_child_weight": 4650.956456341753, "num_boost_round": 30.0, "subsample": 0.6470947217050398}, "datetime": {"datetime": "2024-01-20 13:58:35", "elapsed": 2007.603093, "delta": 0.002391}}
{"target": -10.48326986772613, "params": {"colsample_bytree": 0.5449170442539839, "eta": 0.08332730668087972, "gamma": 757.9130588240479, "max_depth": 8.0, "min_child_weight": 4650.956456341753, "num_boost_round": 31.0, "subsample": 0.6470947217050398}, "datetime": {"datetime": "2024-01-20 13:58:35", "elapsed": 2007.605826, "delta": 0.002733}}
{"target": -10.483695567915815, "params": {"colsample_bytree": 0.5449170442539839, "eta": 0.08332730668087972, "gamma": 757.9130588240479, "max_depth": 8.0, "min_child_weight": 4650.956456341753, "num_boost_round": 32.0, "subsample": 0.6470947217050398}, "datetime": {"datetime": "2024-01-20 13:58:35", "elapsed": 2007.608421, "delta": 0.002595}}
{"target": -10.483919832757437, "params": {"colsample_bytree": 0.5449170442539839, "eta": 0.08332730668087972, "gamma": 757.9130588240479, "max_depth": 8.0, "min_child_weight": 4650.956456341753, "num_boost_round": 33.0, "subsample": 0.6470947217050398}, "datetime": {"datetime": "2024-01-20 13:58:35", "elapsed": 2007.610907, "delta": 0.002486}}
{"target": -10.484578202534307, "params": {"colsample_bytree": 0.5449170442539839, "eta": 0.08332730668087972, "gamma": 757.9130588240479, "max_depth": 8.0, "min_child_weight": 4650.956456341753, "num_boost_round": 34.0, "subsample": 0.6470947217050398}, "datetime": {"datetime": "2024-01-20 13:58:35", "elapsed": 2007.613365, "delta": 0.002458}}
{"target": -10.484794755014764, "params": {"colsample_bytree": 0.5449170442539839, "eta": 0.08332730668087972, "gamma": 757.9130588240479, "max_depth": 8.0, "min_child_weight": 4650.956456341753, "num_boost_round": 35.0, "subsample": 0.6470947217050398}, "datetime": {"datetime": "2024-01-20 13:58:35", "elapsed": 2007.615805, "delta": 0.00244}}
{"target": -10.48529625724431, "params": {"colsample_bytree": 0.5449170442539839, "eta": 0.08332730668087972, "gamma": 757.9130588240479, "max_depth": 8.0, "min_child_weight": 4650.956456341753, "num_boost_round": 36.0, "subsample": 0.6470947217050398}, "datetime": {"datetime": "2024-01-20 13:58:35", "elapsed": 2007.618266, "delta": 0.002461}}
{"target": -10.485761970649468, "params": {"colsample_bytree": 0.5449170442539839, "eta": 0.08332730668087972, "gamma": 757.9130588240479, "max_depth": 8.0, "min_child_weight": 4650.956456341753, "num_boost_round": 37.0, "subsample": 0.6470947217050398}, "datetime": {"datetime": "2024-01-20 13:58:35", "elapsed": 2007.620733, "delta": 0.002467}}
{"target": -10.486219814607374, "params": {"colsample_bytree": 0.5449170442539839, "eta": 0.08332730668087972, "gamma": 757.9130588240479, "max_depth": 8.0, "min_child_weight": 4650.956456341753, "num_boost_round": 38.0, "subsample": 0.6470947217050398}, "datetime": {"datetime": "2024-01-20 13:58:35", "elapsed": 2007.623211, "delta": 0.002478}}
{"target": -10.486333351892654, "params": {"colsample_bytree": 0.5449170442539839, "eta": 0.08332730668087972, "gamma": 757.9130588240479, "max_depth": 8.0, "min_child_weight": 4650.956456341753, "num_boost_round": 39.0, "subsample": 0.6470947217050398}, "datetime": {"datetime": "2024-01-20 13:58:35", "elapsed": 2007.625667, "delta": 0.002456}}
{"target": -10.487392674265966, "params": {"colsample_bytree": 0.5449170442539839, "eta": 0.08332730668087972, "gamma": 757.9130588240479, "max_depth": 8.0, "min_child_weight": 4650.956456341753, "num_boost_round": 40.0, "subsample": 0.6470947217050398}, "datetime": {"datetime": "2024-01-20 13:58:35", "elapsed": 2007.628173, "delta": 0.002506}}
{"target": -10.487677177981237, "params": {"colsample_bytree": 0.5449170442539839, "eta": 0.08332730668087972, "gamma": 757.9130588240479, "max_depth": 8.0, "min_child_weight": 4650.956456341753, "num_boost_round": 41.0, "subsample": 0.6470947217050398}, "datetime": {"datetime": "2024-01-20 13:58:35", "elapsed": 2007.630659, "delta": 0.002486}}
{"target": -10.488370717934504, "params": {"colsample_bytree": 0.5449170442539839, "eta": 0.08332730668087972, "gamma": 757.9130588240479, "max_depth": 8.0, "min_child_weight": 4650.956456341753, "num_boost_round": 42.0, "subsample": 0.6470947217050398}, "datetime": {"datetime": "2024-01-20 13:58:35", "elapsed": 2007.633195, "delta": 0.002536}}
{"target": -10.488890891821836, "params": {"colsample_bytree": 0.5449170442539839, "eta": 0.08332730668087972, "gamma": 757.9130588240479, "max_depth": 8.0, "min_child_weight": 4650.956456341753, "num_boost_round": 43.0, "subsample": 0.6470947217050398}, "datetime": {"datetime": "2024-01-20 13:58:35", "elapsed": 2007.635702, "delta": 0.002507}}
{"target": -10.47558141605764, "params": {"colsample_bytree": 0.5054395899121715, "eta": 0.043485378615278944, "gamma": 840.7586509524771, "max_depth": 8.0, "min_child_weight": 4727.2786371446155, "num_boost_round": 1.0, "subsample": 0.40121132696368134}, "datetime": {"datetime": "2024-01-20 13:59:08", "elapsed": 2040.214769, "delta": 32.579067}}
{"target": -10.474877880915068, "params": {"colsample_bytree": 0.5054395899121715, "eta": 0.043485378615278944, "gamma": 840.7586509524771, "max_depth": 8.0, "min_child_weight": 4727.2786371446155, "num_boost_round": 2.0, "subsample": 0.40121132696368134}, "datetime": {"datetime": "2024-01-20 13:59:08", "elapsed": 2040.217919, "delta": 0.00315}}
{"target": -10.474766726735218, "params": {"colsample_bytree": 0.5054395899121715, "eta": 0.043485378615278944, "gamma": 840.7586509524771, "max_depth": 8.0, "min_child_weight": 4727.2786371446155, "num_boost_round": 3.0, "subsample": 0.40121132696368134}, "datetime": {"datetime": "2024-01-20 13:59:08", "elapsed": 2040.220435, "delta": 0.002516}}
{"target": -10.47435432672895, "params": {"colsample_bytree": 0.5054395899121715, "eta": 0.043485378615278944, "gamma": 840.7586509524771, "max_depth": 8.0, "min_child_weight": 4727.2786371446155, "num_boost_round": 4.0, "subsample": 0.40121132696368134}, "datetime": {"datetime": "2024-01-20 13:59:08", "elapsed": 2040.222926, "delta": 0.002491}}
{"target": -10.474061911384474, "params": {"colsample_bytree": 0.5054395899121715, "eta": 0.043485378615278944, "gamma": 840.7586509524771, "max_depth": 8.0, "min_child_weight": 4727.2786371446155, "num_boost_round": 5.0, "subsample": 0.40121132696368134}, "datetime": {"datetime": "2024-01-20 13:59:08", "elapsed": 2040.225357, "delta": 0.002431}}
{"target": -10.473907133945541, "params": {"colsample_bytree": 0.5054395899121715, "eta": 0.043485378615278944, "gamma": 840.7586509524771, "max_depth": 8.0, "min_child_weight": 4727.2786371446155, "num_boost_round": 6.0, "subsample": 0.40121132696368134}, "datetime": {"datetime": "2024-01-20 13:59:08", "elapsed": 2040.227783, "delta": 0.002426}}
{"target": -10.473712725959308, "params": {"colsample_bytree": 0.5054395899121715, "eta": 0.043485378615278944, "gamma": 840.7586509524771, "max_depth": 8.0, "min_child_weight": 4727.2786371446155, "num_boost_round": 7.0, "subsample": 0.40121132696368134}, "datetime": {"datetime": "2024-01-20 13:59:08", "elapsed": 2040.230285, "delta": 0.002502}}
{"target": -10.473464396163488, "params": {"colsample_bytree": 0.5054395899121715, "eta": 0.043485378615278944, "gamma": 840.7586509524771, "max_depth": 8.0, "min_child_weight": 4727.2786371446155, "num_boost_round": 8.0, "subsample": 0.40121132696368134}, "datetime": {"datetime": "2024-01-20 13:59:08", "elapsed": 2040.232719, "delta": 0.002434}}
{"target": -10.475407575676225, "params": {"colsample_bytree": 0.8587470410456685, "eta": 0.0491325056482306, "gamma": 807.1278598671938, "max_depth": 6.0, "min_child_weight": 4738.155023255015, "num_boost_round": 1.0, "subsample": 0.6611406724273988}, "datetime": {"datetime": "2024-01-20 14:00:08", "elapsed": 2100.238512, "delta": 60.005793}}
{"target": -10.474621161524691, "params": {"colsample_bytree": 0.8587470410456685, "eta": 0.0491325056482306, "gamma": 807.1278598671938, "max_depth": 6.0, "min_child_weight": 4738.155023255015, "num_boost_round": 2.0, "subsample": 0.6611406724273988}, "datetime": {"datetime": "2024-01-20 14:00:08", "elapsed": 2100.241377, "delta": 0.002865}}
{"target": -10.474443505116312, "params": {"colsample_bytree": 0.8587470410456685, "eta": 0.0491325056482306, "gamma": 807.1278598671938, "max_depth": 6.0, "min_child_weight": 4738.155023255015, "num_boost_round": 3.0, "subsample": 0.6611406724273988}, "datetime": {"datetime": "2024-01-20 14:00:08", "elapsed": 2100.243997, "delta": 0.00262}}
{"target": -10.474105073713137, "params": {"colsample_bytree": 0.8587470410456685, "eta": 0.0491325056482306, "gamma": 807.1278598671938, "max_depth": 6.0, "min_child_weight": 4738.155023255015, "num_boost_round": 4.0, "subsample": 0.6611406724273988}, "datetime": {"datetime": "2024-01-20 14:00:08", "elapsed": 2100.246423, "delta": 0.002426}}
{"target": -10.47355198068421, "params": {"colsample_bytree": 0.8587470410456685, "eta": 0.0491325056482306, "gamma": 807.1278598671938, "max_depth": 6.0, "min_child_weight": 4738.155023255015, "num_boost_round": 5.0, "subsample": 0.6611406724273988}, "datetime": {"datetime": "2024-01-20 14:00:08", "elapsed": 2100.248894, "delta": 0.002471}}
{"target": -10.473291088386798, "params": {"colsample_bytree": 0.8587470410456685, "eta": 0.0491325056482306, "gamma": 807.1278598671938, "max_depth": 6.0, "min_child_weight": 4738.155023255015, "num_boost_round": 6.0, "subsample": 0.6611406724273988}, "datetime": {"datetime": "2024-01-20 14:00:08", "elapsed": 2100.251302, "delta": 0.002408}}
{"target": -10.473104529743683, "params": {"colsample_bytree": 0.8587470410456685, "eta": 0.0491325056482306, "gamma": 807.1278598671938, "max_depth": 6.0, "min_child_weight": 4738.155023255015, "num_boost_round": 7.0, "subsample": 0.6611406724273988}, "datetime": {"datetime": "2024-01-20 14:00:08", "elapsed": 2100.253716, "delta": 0.002414}}
{"target": -10.47290726915282, "params": {"colsample_bytree": 0.8587470410456685, "eta": 0.0491325056482306, "gamma": 807.1278598671938, "max_depth": 6.0, "min_child_weight": 4738.155023255015, "num_boost_round": 8.0, "subsample": 0.6611406724273988}, "datetime": {"datetime": "2024-01-20 14:00:08", "elapsed": 2100.256148, "delta": 0.002432}}
{"target": -10.472833594361187, "params": {"colsample_bytree": 0.8587470410456685, "eta": 0.0491325056482306, "gamma": 807.1278598671938, "max_depth": 6.0, "min_child_weight": 4738.155023255015, "num_boost_round": 9.0, "subsample": 0.6611406724273988}, "datetime": {"datetime": "2024-01-20 14:00:08", "elapsed": 2100.258722, "delta": 0.002574}}
{"target": -10.472910774498333, "params": {"colsample_bytree": 0.8587470410456685, "eta": 0.0491325056482306, "gamma": 807.1278598671938, "max_depth": 6.0, "min_child_weight": 4738.155023255015, "num_boost_round": 10.0, "subsample": 0.6611406724273988}, "datetime": {"datetime": "2024-01-20 14:00:08", "elapsed": 2100.261239, "delta": 0.002517}}
{"target": -10.473241691495215, "params": {"colsample_bytree": 0.8587470410456685, "eta": 0.0491325056482306, "gamma": 807.1278598671938, "max_depth": 6.0, "min_child_weight": 4738.155023255015, "num_boost_round": 11.0, "subsample": 0.6611406724273988}, "datetime": {"datetime": "2024-01-20 14:00:08", "elapsed": 2100.263811, "delta": 0.002572}}
{"target": -10.473402166113415, "params": {"colsample_bytree": 0.8587470410456685, "eta": 0.0491325056482306, "gamma": 807.1278598671938, "max_depth": 6.0, "min_child_weight": 4738.155023255015, "num_boost_round": 12.0, "subsample": 0.6611406724273988}, "datetime": {"datetime": "2024-01-20 14:00:08", "elapsed": 2100.266313, "delta": 0.002502}}
{"target": -10.473397953177948, "params": {"colsample_bytree": 0.8587470410456685, "eta": 0.0491325056482306, "gamma": 807.1278598671938, "max_depth": 6.0, "min_child_weight": 4738.155023255015, "num_boost_round": 13.0, "subsample": 0.6611406724273988}, "datetime": {"datetime": "2024-01-20 14:00:08", "elapsed": 2100.268707, "delta": 0.002394}}
{"target": -10.473723604806626, "params": {"colsample_bytree": 0.8587470410456685, "eta": 0.0491325056482306, "gamma": 807.1278598671938, "max_depth": 6.0, "min_child_weight": 4738.155023255015, "num_boost_round": 14.0, "subsample": 0.6611406724273988}, "datetime": {"datetime": "2024-01-20 14:00:08", "elapsed": 2100.271166, "delta": 0.002459}}
{"target": -10.474080952698372, "params": {"colsample_bytree": 0.8587470410456685, "eta": 0.0491325056482306, "gamma": 807.1278598671938, "max_depth": 6.0, "min_child_weight": 4738.155023255015, "num_boost_round": 15.0, "subsample": 0.6611406724273988}, "datetime": {"datetime": "2024-01-20 14:00:08", "elapsed": 2100.273571, "delta": 0.002405}}
{"target": -10.474408445821174, "params": {"colsample_bytree": 0.8587470410456685, "eta": 0.0491325056482306, "gamma": 807.1278598671938, "max_depth": 6.0, "min_child_weight": 4738.155023255015, "num_boost_round": 16.0, "subsample": 0.6611406724273988}, "datetime": {"datetime": "2024-01-20 14:00:08", "elapsed": 2100.275973, "delta": 0.002402}}
{"target": -10.474709349116878, "params": {"colsample_bytree": 0.8587470410456685, "eta": 0.0491325056482306, "gamma": 807.1278598671938, "max_depth": 6.0, "min_child_weight": 4738.155023255015, "num_boost_round": 17.0, "subsample": 0.6611406724273988}, "datetime": {"datetime": "2024-01-20 14:00:08", "elapsed": 2100.278527, "delta": 0.002554}}
{"target": -10.475005060290517, "params": {"colsample_bytree": 0.8587470410456685, "eta": 0.0491325056482306, "gamma": 807.1278598671938, "max_depth": 6.0, "min_child_weight": 4738.155023255015, "num_boost_round": 18.0, "subsample": 0.6611406724273988}, "datetime": {"datetime": "2024-01-20 14:00:08", "elapsed": 2100.280934, "delta": 0.002407}}
{"target": -10.474902980549231, "params": {"colsample_bytree": 0.8587470410456685, "eta": 0.0491325056482306, "gamma": 807.1278598671938, "max_depth": 6.0, "min_child_weight": 4738.155023255015, "num_boost_round": 19.0, "subsample": 0.6611406724273988}, "datetime": {"datetime": "2024-01-20 14:00:08", "elapsed": 2100.283382, "delta": 0.002448}}
{"target": -10.475246535499219, "params": {"colsample_bytree": 0.8587470410456685, "eta": 0.0491325056482306, "gamma": 807.1278598671938, "max_depth": 6.0, "min_child_weight": 4738.155023255015, "num_boost_round": 20.0, "subsample": 0.6611406724273988}, "datetime": {"datetime": "2024-01-20 14:00:08", "elapsed": 2100.285768, "delta": 0.002386}}
{"target": -10.475270131428413, "params": {"colsample_bytree": 0.8587470410456685, "eta": 0.0491325056482306, "gamma": 807.1278598671938, "max_depth": 6.0, "min_child_weight": 4738.155023255015, "num_boost_round": 21.0, "subsample": 0.6611406724273988}, "datetime": {"datetime": "2024-01-20 14:00:08", "elapsed": 2100.288173, "delta": 0.002405}}
{"target": -10.47553536281468, "params": {"colsample_bytree": 0.8587470410456685, "eta": 0.0491325056482306, "gamma": 807.1278598671938, "max_depth": 6.0, "min_child_weight": 4738.155023255015, "num_boost_round": 22.0, "subsample": 0.6611406724273988}, "datetime": {"datetime": "2024-01-20 14:00:08", "elapsed": 2100.290628, "delta": 0.002455}}
{"target": -10.475733076804314, "params": {"colsample_bytree": 0.8587470410456685, "eta": 0.0491325056482306, "gamma": 807.1278598671938, "max_depth": 6.0, "min_child_weight": 4738.155023255015, "num_boost_round": 23.0, "subsample": 0.6611406724273988}, "datetime": {"datetime": "2024-01-20 14:00:08", "elapsed": 2100.293041, "delta": 0.002413}}
{"target": -10.47595770529441, "params": {"colsample_bytree": 0.8587470410456685, "eta": 0.0491325056482306, "gamma": 807.1278598671938, "max_depth": 6.0, "min_child_weight": 4738.155023255015, "num_boost_round": 24.0, "subsample": 0.6611406724273988}, "datetime": {"datetime": "2024-01-20 14:00:08", "elapsed": 2100.295501, "delta": 0.00246}}
{"target": -10.476353008770026, "params": {"colsample_bytree": 0.8587470410456685, "eta": 0.0491325056482306, "gamma": 807.1278598671938, "max_depth": 6.0, "min_child_weight": 4738.155023255015, "num_boost_round": 25.0, "subsample": 0.6611406724273988}, "datetime": {"datetime": "2024-01-20 14:00:08", "elapsed": 2100.298003, "delta": 0.002502}}
{"target": -10.476797091533541, "params": {"colsample_bytree": 0.8587470410456685, "eta": 0.0491325056482306, "gamma": 807.1278598671938, "max_depth": 6.0, "min_child_weight": 4738.155023255015, "num_boost_round": 26.0, "subsample": 0.6611406724273988}, "datetime": {"datetime": "2024-01-20 14:00:08", "elapsed": 2100.300436, "delta": 0.002433}}
{"target": -10.477006146981134, "params": {"colsample_bytree": 0.8587470410456685, "eta": 0.0491325056482306, "gamma": 807.1278598671938, "max_depth": 6.0, "min_child_weight": 4738.155023255015, "num_boost_round": 27.0, "subsample": 0.6611406724273988}, "datetime": {"datetime": "2024-01-20 14:00:08", "elapsed": 2100.302873, "delta": 0.002437}}
{"target": -10.477326300196953, "params": {"colsample_bytree": 0.8587470410456685, "eta": 0.0491325056482306, "gamma": 807.1278598671938, "max_depth": 6.0, "min_child_weight": 4738.155023255015, "num_boost_round": 28.0, "subsample": 0.6611406724273988}, "datetime": {"datetime": "2024-01-20 14:00:08", "elapsed": 2100.305333, "delta": 0.00246}}
{"target": -10.477517793432497, "params": {"colsample_bytree": 0.8587470410456685, "eta": 0.0491325056482306, "gamma": 807.1278598671938, "max_depth": 6.0, "min_child_weight": 4738.155023255015, "num_boost_round": 29.0, "subsample": 0.6611406724273988}, "datetime": {"datetime": "2024-01-20 14:00:08", "elapsed": 2100.307779, "delta": 0.002446}}
{"target": -10.477934827025326, "params": {"colsample_bytree": 0.8587470410456685, "eta": 0.0491325056482306, "gamma": 807.1278598671938, "max_depth": 6.0, "min_child_weight": 4738.155023255015, "num_boost_round": 30.0, "subsample": 0.6611406724273988}, "datetime": {"datetime": "2024-01-20 14:00:08", "elapsed": 2100.310289, "delta": 0.00251}}
