{"target": -12.340493693458605, "params": {"colsample_bytree": 0.8165436539579983, "eta": 0.07106833346103268, "gamma": 596.6311397435388, "max_depth": 5.0, "min_child_weight": 4269.529045449445, "num_boost_round": 18.0, "subsample": 0.9940984679505267}, "datetime": {"datetime": "2024-01-20 15:12:25", "elapsed": 2911.684128, "delta": 0.003964}}
{"target": -12.340926848483633, "params": {"colsample_bytree": 0.8165436539579983, "eta": 0.07106833346103268, "gamma": 596.6311397435388, "max_depth": 5.0, "min_child_weight": 4269.529045449445, "num_boost_round": 19.0, "subsample": 0.9940984679505267}, "datetime": {"datetime": "2024-01-20 15:12:25", "elapsed": 2911.688074, "delta": 0.003946}}
{"target": -12.341941141096473, "params": {"colsample_bytree": 0.8165436539579983, "eta": 0.07106833346103268, "gamma": 596.6311397435388, "max_depth": 5.0, "min_child_weight": 4269.529045449445, "num_boost_round": 20.0, "subsample": 0.9940984679505267}, "datetime": {"datetime": "2024-01-20 15:12:25", "elapsed": 2911.692064, "delta": 0.00399}}
{"target": -12.342505325031237, "params": {"colsample_bytree": 0.8165436539579983, "eta": 0.07106833346103268, "gamma": 596.6311397435388, "max_depth": 5.0, "min_child_weight": 4269.529045449445, "num_boost_round": 21.0, "subsample": 0.9940984679505267}, "datetime": {"datetime": "2024-01-20 15:12:25", "elapsed": 2911.696014, "delta": 0.00395}}
{"target": -12.342650123750527, "params": {"colsample_bytree": 0.8165436539579983, "eta": 0.07106833346103268, "gamma": 596.6311397435388, "max_depth": 5.0, "min_child_weight": 4269.529045449445, "num_boost_round": 22.0, "subsample": 0.9940984679505267}, "datetime": {"datetime": "2024-01-20 15:12:25", "elapsed": 2911.700049, "delta": 0.004035}}
{"target": -12.356300969314896, "params": {"colsample_bytree": 0.30428335044855387, "eta": 0.08887798199687033, "gamma": 605.6643934034079, "max_depth": 4.0, "min_child_weight": 4129.628060201673, "num_boost_round": 1.0, "subsample": 0.6456153990694105}, "datetime": {"datetime": "2024-01-20 15:14:10", "elapsed": 3016.36897, "delta": 104.668921}}
{"target": -12.354426947049973, "params": {"colsample_bytree": 0.30428335044855387, "eta": 0.08887798199687033, "gamma": 605.6643934034079, "max_depth": 4.0, "min_child_weight": 4129.628060201673, "num_boost_round": 2.0, "subsample": 0.6456153990694105}, "datetime": {"datetime": "2024-01-20 15:14:10", "elapsed": 3016.374177, "delta": 0.005207}}
{"target": -12.350402576241365, "params": {"colsample_bytree": 0.30428335044855387, "eta": 0.08887798199687033, "gamma": 605.6643934034079, "max_depth": 4.0, "min_child_weight": 4129.628060201673, "num_boost_round": 3.0, "subsample": 0.6456153990694105}, "datetime": {"datetime": "2024-01-20 15:14:10", "elapsed": 3016.378213, "delta": 0.004036}}
{"target": -12.350864167022376, "params": {"colsample_bytree": 0.30428335044855387, "eta": 0.08887798199687033, "gamma": 605.6643934034079, "max_depth": 4.0, "min_child_weight": 4129.628060201673, "num_boost_round": 4.0, "subsample": 0.6456153990694105}, "datetime": {"datetime": "2024-01-20 15:14:10", "elapsed": 3016.382036, "delta": 0.003823}}
{"target": -12.349579033549581, "params": {"colsample_bytree": 0.30428335044855387, "eta": 0.08887798199687033, "gamma": 605.6643934034079, "max_depth": 4.0, "min_child_weight": 4129.628060201673, "num_boost_round": 5.0, "subsample": 0.6456153990694105}, "datetime": {"datetime": "2024-01-20 15:14:10", "elapsed": 3016.385881, "delta": 0.003845}}
{"target": -12.348500771033304, "params": {"colsample_bytree": 0.30428335044855387, "eta": 0.08887798199687033, "gamma": 605.6643934034079, "max_depth": 4.0, "min_child_weight": 4129.628060201673, "num_boost_round": 6.0, "subsample": 0.6456153990694105}, "datetime": {"datetime": "2024-01-20 15:14:10", "elapsed": 3016.389741, "delta": 0.00386}}
{"target": -12.348680118039093, "params": {"colsample_bytree": 0.30428335044855387, "eta": 0.08887798199687033, "gamma": 605.6643934034079, "max_depth": 4.0, "min_child_weight": 4129.628060201673, "num_boost_round": 7.0, "subsample": 0.6456153990694105}, "datetime": {"datetime": "2024-01-20 15:14:10", "elapsed": 3016.393554, "delta": 0.003813}}
{"target": -12.347343700587258, "params": {"colsample_bytree": 0.30428335044855387, "eta": 0.08887798199687033, "gamma": 605.6643934034079, "max_depth": 4.0, "min_child_weight": 4129.628060201673, "num_boost_round": 8.0, "subsample": 0.6456153990694105}, "datetime": {"datetime": "2024-01-20 15:14:10", "elapsed": 3016.397472, "delta": 0.003918}}
{"target": -12.347549898751744, "params": {"colsample_bytree": 0.30428335044855387, "eta": 0.08887798199687033, "gamma": 605.6643934034079, "max_depth": 4.0, "min_child_weight": 4129.628060201673, "num_boost_round": 9.0, "subsample": 0.6456153990694105}, "datetime": {"datetime": "2024-01-20 15:14:10", "elapsed": 3016.401463, "delta": 0.003991}}
{"target": -12.347112317697515, "params": {"colsample_bytree": 0.30428335044855387, "eta": 0.08887798199687033, "gamma": 605.6643934034079, "max_depth": 4.0, "min_child_weight": 4129.628060201673, "num_boost_round": 10.0, "subsample": 0.6456153990694105}, "datetime": {"datetime": "2024-01-20 15:14:10", "elapsed": 3016.40527, "delta": 0.003807}}
{"target": -12.346262282398142, "params": {"colsample_bytree": 0.30428335044855387, "eta": 0.08887798199687033, "gamma": 605.6643934034079, "max_depth": 4.0, "min_child_weight": 4129.628060201673, "num_boost_round": 11.0, "subsample": 0.6456153990694105}, "datetime": {"datetime": "2024-01-20 15:14:10", "elapsed": 3016.409096, "delta": 0.003826}}
{"target": -12.34599918245689, "params": {"colsample_bytree": 0.30428335044855387, "eta": 0.08887798199687033, "gamma": 605.6643934034079, "max_depth": 4.0, "min_child_weight": 4129.628060201673, "num_boost_round": 12.0, "subsample": 0.6456153990694105}, "datetime": {"datetime": "2024-01-20 15:14:10", "elapsed": 3016.412913, "delta": 0.003817}}
{"target": -12.346744736461806, "params": {"colsample_bytree": 0.30428335044855387, "eta": 0.08887798199687033, "gamma": 605.6643934034079, "max_depth": 4.0, "min_child_weight": 4129.628060201673, "num_boost_round": 13.0, "subsample": 0.6456153990694105}, "datetime": {"datetime": "2024-01-20 15:14:10", "elapsed": 3016.416749, "delta": 0.003836}}
{"target": -12.346059695706527, "params": {"colsample_bytree": 0.30428335044855387, "eta": 0.08887798199687033, "gamma": 605.6643934034079, "max_depth": 4.0, "min_child_weight": 4129.628060201673, "num_boost_round": 14.0, "subsample": 0.6456153990694105}, "datetime": {"datetime": "2024-01-20 15:14:10", "elapsed": 3016.42078, "delta": 0.004031}}
{"target": -12.345152802978479, "params": {"colsample_bytree": 0.30428335044855387, "eta": 0.08887798199687033, "gamma": 605.6643934034079, "max_depth": 4.0, "min_child_weight": 4129.628060201673, "num_boost_round": 15.0, "subsample": 0.6456153990694105}, "datetime": {"datetime": "2024-01-20 15:14:10", "elapsed": 3016.424813, "delta": 0.004033}}
{"target": -12.344950725430284, "params": {"colsample_bytree": 0.30428335044855387, "eta": 0.08887798199687033, "gamma": 605.6643934034079, "max_depth": 4.0, "min_child_weight": 4129.628060201673, "num_boost_round": 16.0, "subsample": 0.6456153990694105}, "datetime": {"datetime": "2024-01-20 15:14:10", "elapsed": 3016.428708, "delta": 0.003895}}
{"target": -12.345445318977088, "params": {"colsample_bytree": 0.30428335044855387, "eta": 0.08887798199687033, "gamma": 605.6643934034079, "max_depth": 4.0, "min_child_weight": 4129.628060201673, "num_boost_round": 17.0, "subsample": 0.6456153990694105}, "datetime": {"datetime": "2024-01-20 15:14:10", "elapsed": 3016.432677, "delta": 0.003969}}
{"target": -12.345272095627763, "params": {"colsample_bytree": 0.30428335044855387, "eta": 0.08887798199687033, "gamma": 605.6643934034079, "max_depth": 4.0, "min_child_weight": 4129.628060201673, "num_boost_round": 18.0, "subsample": 0.6456153990694105}, "datetime": {"datetime": "2024-01-20 15:14:10", "elapsed": 3016.436488, "delta": 0.003811}}
{"target": -12.344976614752943, "params": {"colsample_bytree": 0.30428335044855387, "eta": 0.08887798199687033, "gamma": 605.6643934034079, "max_depth": 4.0, "min_child_weight": 4129.628060201673, "num_boost_round": 19.0, "subsample": 0.6456153990694105}, "datetime": {"datetime": "2024-01-20 15:14:10", "elapsed": 3016.440436, "delta": 0.003948}}
{"target": -12.344809976406445, "params": {"colsample_bytree": 0.30428335044855387, "eta": 0.08887798199687033, "gamma": 605.6643934034079, "max_depth": 4.0, "min_child_weight": 4129.628060201673, "num_boost_round": 20.0, "subsample": 0.6456153990694105}, "datetime": {"datetime": "2024-01-20 15:14:10", "elapsed": 3016.444343, "delta": 0.003907}}
{"target": -12.345017449890097, "params": {"colsample_bytree": 0.30428335044855387, "eta": 0.08887798199687033, "gamma": 605.6643934034079, "max_depth": 4.0, "min_child_weight": 4129.628060201673, "num_boost_round": 21.0, "subsample": 0.6456153990694105}, "datetime": {"datetime": "2024-01-20 15:14:10", "elapsed": 3016.448179, "delta": 0.003836}}
{"target": -12.345109332903874, "params": {"colsample_bytree": 0.30428335044855387, "eta": 0.08887798199687033, "gamma": 605.6643934034079, "max_depth": 4.0, "min_child_weight": 4129.628060201673, "num_boost_round": 22.0, "subsample": 0.6456153990694105}, "datetime": {"datetime": "2024-01-20 15:14:10", "elapsed": 3016.451992, "delta": 0.003813}}
{"target": -12.34432657807611, "params": {"colsample_bytree": 0.30428335044855387, "eta": 0.08887798199687033, "gamma": 605.6643934034079, "max_depth": 4.0, "min_child_weight": 4129.628060201673, "num_boost_round": 23.0, "subsample": 0.6456153990694105}, "datetime": {"datetime": "2024-01-20 15:14:10", "elapsed": 3016.455828, "delta": 0.003836}}
{"target": -12.344569512780993, "params": {"colsample_bytree": 0.30428335044855387, "eta": 0.08887798199687033, "gamma": 605.6643934034079, "max_depth": 4.0, "min_child_weight": 4129.628060201673, "num_boost_round": 24.0, "subsample": 0.6456153990694105}, "datetime": {"datetime": "2024-01-20 15:14:10", "elapsed": 3016.459794, "delta": 0.003966}}
{"target": -12.34360377274445, "params": {"colsample_bytree": 0.30428335044855387, "eta": 0.08887798199687033, "gamma": 605.6643934034079, "max_depth": 4.0, "min_child_weight": 4129.628060201673, "num_boost_round": 25.0, "subsample": 0.6456153990694105}, "datetime": {"datetime": "2024-01-20 15:14:10", "elapsed": 3016.463721, "delta": 0.003927}}
{"target": -12.343860323470377, "params": {"colsample_bytree": 0.30428335044855387, "eta": 0.08887798199687033, "gamma": 605.6643934034079, "max_depth": 4.0, "min_child_weight": 4129.628060201673, "num_boost_round": 26.0, "subsample": 0.6456153990694105}, "datetime": {"datetime": "2024-01-20 15:14:10", "elapsed": 3016.467632, "delta": 0.003911}}
{"target": -12.344367339328961, "params": {"colsample_bytree": 0.30428335044855387, "eta": 0.08887798199687033, "gamma": 605.6643934034079, "max_depth": 4.0, "min_child_weight": 4129.628060201673, "num_boost_round": 27.0, "subsample": 0.6456153990694105}, "datetime": {"datetime": "2024-01-20 15:14:10", "elapsed": 3016.471488, "delta": 0.003856}}
{"target": -12.344255196929831, "params": {"colsample_bytree": 0.30428335044855387, "eta": 0.08887798199687033, "gamma": 605.6643934034079, "max_depth": 4.0, "min_child_weight": 4129.628060201673, "num_boost_round": 28.0, "subsample": 0.6456153990694105}, "datetime": {"datetime": "2024-01-20 15:14:10", "elapsed": 3016.475343, "delta": 0.003855}}
{"target": -12.344273137934842, "params": {"colsample_bytree": 0.30428335044855387, "eta": 0.08887798199687033, "gamma": 605.6643934034079, "max_depth": 4.0, "min_child_weight": 4129.628060201673, "num_boost_round": 29.0, "subsample": 0.6456153990694105}, "datetime": {"datetime": "2024-01-20 15:14:10", "elapsed": 3016.479279, "delta": 0.003936}}
{"target": -12.343823866697683, "params": {"colsample_bytree": 0.30428335044855387, "eta": 0.08887798199687033, "gamma": 605.6643934034079, "max_depth": 4.0, "min_child_weight": 4129.628060201673, "num_boost_round": 30.0, "subsample": 0.6456153990694105}, "datetime": {"datetime": "2024-01-20 15:14:10", "elapsed": 3016.483212, "delta": 0.003933}}
{"target": -12.342936724650944, "params": {"colsample_bytree": 0.30428335044855387, "eta": 0.08887798199687033, "gamma": 605.6643934034079, "max_depth": 4.0, "min_child_weight": 4129.628060201673, "num_boost_round": 31.0, "subsample": 0.6456153990694105}, "datetime": {"datetime": "2024-01-20 15:14:10", "elapsed": 3016.487059, "delta": 0.003847}}
{"target": -12.343476591571854, "params": {"colsample_bytree": 0.30428335044855387, "eta": 0.08887798199687033, "gamma": 605.6643934034079, "max_depth": 4.0, "min_child_weight": 4129.628060201673, "num_boost_round": 32.0, "subsample": 0.6456153990694105}, "datetime": {"datetime": "2024-01-20 15:14:10", "elapsed": 3016.49092, "delta": 0.003861}}
{"target": -12.343811444596792, "params": {"colsample_bytree": 0.30428335044855387, "eta": 0.08887798199687033, "gamma": 605.6643934034079, "max_depth": 4.0, "min_child_weight": 4129.628060201673, "num_boost_round": 33.0, "subsample": 0.6456153990694105}, "datetime": {"datetime": "2024-01-20 15:14:10", "elapsed": 3016.494797, "delta": 0.003877}}
{"target": -12.343914152183718, "params": {"colsample_bytree": 0.30428335044855387, "eta": 0.08887798199687033, "gamma": 605.6643934034079, "max_depth": 4.0, "min_child_weight": 4129.628060201673, "num_boost_round": 34.0, "subsample": 0.6456153990694105}, "datetime": {"datetime": "2024-01-20 15:14:10", "elapsed": 3016.498751, "delta": 0.003954}}
{"target": -12.344318177434747, "params": {"colsample_bytree": 0.30428335044855387, "eta": 0.08887798199687033, "gamma": 605.6643934034079, "max_depth": 4.0, "min_child_weight": 4129.628060201673, "num_boost_round": 35.0, "subsample": 0.6456153990694105}, "datetime": {"datetime": "2024-01-20 15:14:10", "elapsed": 3016.502645, "delta": 0.003894}}
{"target": -12.344323494583868, "params": {"colsample_bytree": 0.30428335044855387, "eta": 0.08887798199687033, "gamma": 605.6643934034079, "max_depth": 4.0, "min_child_weight": 4129.628060201673, "num_boost_round": 36.0, "subsample": 0.6456153990694105}, "datetime": {"datetime": "2024-01-20 15:14:10", "elapsed": 3016.506494, "delta": 0.003849}}
{"target": -12.344851207044297, "params": {"colsample_bytree": 0.30428335044855387, "eta": 0.08887798199687033, "gamma": 605.6643934034079, "max_depth": 4.0, "min_child_weight": 4129.628060201673, "num_boost_round": 37.0, "subsample": 0.6456153990694105}, "datetime": {"datetime": "2024-01-20 15:14:10", "elapsed": 3016.510322, "delta": 0.003828}}
{"target": -12.344756622889182, "params": {"colsample_bytree": 0.30428335044855387, "eta": 0.08887798199687033, "gamma": 605.6643934034079, "max_depth": 4.0, "min_child_weight": 4129.628060201673, "num_boost_round": 38.0, "subsample": 0.6456153990694105}, "datetime": {"datetime": "2024-01-20 15:14:10", "elapsed": 3016.514166, "delta": 0.003844}}
{"target": -12.344735803548904, "params": {"colsample_bytree": 0.30428335044855387, "eta": 0.08887798199687033, "gamma": 605.6643934034079, "max_depth": 4.0, "min_child_weight": 4129.628060201673, "num_boost_round": 39.0, "subsample": 0.6456153990694105}, "datetime": {"datetime": "2024-01-20 15:14:10", "elapsed": 3016.51829, "delta": 0.004124}}
{"target": -12.344694124795602, "params": {"colsample_bytree": 0.30428335044855387, "eta": 0.08887798199687033, "gamma": 605.6643934034079, "max_depth": 4.0, "min_child_weight": 4129.628060201673, "num_boost_round": 40.0, "subsample": 0.6456153990694105}, "datetime": {"datetime": "2024-01-20 15:14:10", "elapsed": 3016.522242, "delta": 0.003952}}
{"target": -12.34409149062811, "params": {"colsample_bytree": 0.30428335044855387, "eta": 0.08887798199687033, "gamma": 605.6643934034079, "max_depth": 4.0, "min_child_weight": 4129.628060201673, "num_boost_round": 41.0, "subsample": 0.6456153990694105}, "datetime": {"datetime": "2024-01-20 15:14:10", "elapsed": 3016.526506, "delta": 0.004264}}
{"target": -12.343566475477864, "params": {"colsample_bytree": 0.30428335044855387, "eta": 0.08887798199687033, "gamma": 605.6643934034079, "max_depth": 4.0, "min_child_weight": 4129.628060201673, "num_boost_round": 42.0, "subsample": 0.6456153990694105}, "datetime": {"datetime": "2024-01-20 15:14:10", "elapsed": 3016.530393, "delta": 0.003887}}
{"target": -12.343799600721496, "params": {"colsample_bytree": 0.30428335044855387, "eta": 0.08887798199687033, "gamma": 605.6643934034079, "max_depth": 4.0, "min_child_weight": 4129.628060201673, "num_boost_round": 43.0, "subsample": 0.6456153990694105}, "datetime": {"datetime": "2024-01-20 15:14:10", "elapsed": 3016.536162, "delta": 0.005769}}
{"target": -12.34382520955968, "params": {"colsample_bytree": 0.30428335044855387, "eta": 0.08887798199687033, "gamma": 605.6643934034079, "max_depth": 4.0, "min_child_weight": 4129.628060201673, "num_boost_round": 44.0, "subsample": 0.6456153990694105}, "datetime": {"datetime": "2024-01-20 15:14:10", "elapsed": 3016.541715, "delta": 0.005553}}
{"target": -12.343804545562506, "params": {"colsample_bytree": 0.30428335044855387, "eta": 0.08887798199687033, "gamma": 605.6643934034079, "max_depth": 4.0, "min_child_weight": 4129.628060201673, "num_boost_round": 45.0, "subsample": 0.6456153990694105}, "datetime": {"datetime": "2024-01-20 15:14:10", "elapsed": 3016.547196, "delta": 0.005481}}
{"target": -12.344323282480556, "params": {"colsample_bytree": 0.30428335044855387, "eta": 0.08887798199687033, "gamma": 605.6643934034079, "max_depth": 4.0, "min_child_weight": 4129.628060201673, "num_boost_round": 46.0, "subsample": 0.6456153990694105}, "datetime": {"datetime": "2024-01-20 15:14:10", "elapsed": 3016.553438, "delta": 0.006242}}
{"target": -12.344366364829668, "params": {"colsample_bytree": 0.30428335044855387, "eta": 0.08887798199687033, "gamma": 605.6643934034079, "max_depth": 4.0, "min_child_weight": 4129.628060201673, "num_boost_round": 47.0, "subsample": 0.6456153990694105}, "datetime": {"datetime": "2024-01-20 15:14:10", "elapsed": 3016.55798, "delta": 0.004542}}
{"target": -12.344937450552699, "params": {"colsample_bytree": 0.30428335044855387, "eta": 0.08887798199687033, "gamma": 605.6643934034079, "max_depth": 4.0, "min_child_weight": 4129.628060201673, "num_boost_round": 48.0, "subsample": 0.6456153990694105}, "datetime": {"datetime": "2024-01-20 15:14:10", "elapsed": 3016.562227, "delta": 0.004247}}
{"target": -12.345466188035946, "params": {"colsample_bytree": 0.30428335044855387, "eta": 0.08887798199687033, "gamma": 605.6643934034079, "max_depth": 4.0, "min_child_weight": 4129.628060201673, "num_boost_round": 49.0, "subsample": 0.6456153990694105}, "datetime": {"datetime": "2024-01-20 15:14:10", "elapsed": 3016.566184, "delta": 0.003957}}
{"target": -12.345521251123554, "params": {"colsample_bytree": 0.30428335044855387, "eta": 0.08887798199687033, "gamma": 605.6643934034079, "max_depth": 4.0, "min_child_weight": 4129.628060201673, "num_boost_round": 50.0, "subsample": 0.6456153990694105}, "datetime": {"datetime": "2024-01-20 15:14:10", "elapsed": 3016.570092, "delta": 0.003908}}
{"target": -12.345464942888285, "params": {"colsample_bytree": 0.30428335044855387, "eta": 0.08887798199687033, "gamma": 605.6643934034079, "max_depth": 4.0, "min_child_weight": 4129.628060201673, "num_boost_round": 51.0, "subsample": 0.6456153990694105}, "datetime": {"datetime": "2024-01-20 15:14:10", "elapsed": 3016.573978, "delta": 0.003886}}
{"target": -12.345590530289268, "params": {"colsample_bytree": 0.30428335044855387, "eta": 0.08887798199687033, "gamma": 605.6643934034079, "max_depth": 4.0, "min_child_weight": 4129.628060201673, "num_boost_round": 52.0, "subsample": 0.6456153990694105}, "datetime": {"datetime": "2024-01-20 15:14:10", "elapsed": 3016.577896, "delta": 0.003918}}
{"target": -12.345457958344827, "params": {"colsample_bytree": 0.30428335044855387, "eta": 0.08887798199687033, "gamma": 605.6643934034079, "max_depth": 4.0, "min_child_weight": 4129.628060201673, "num_boost_round": 53.0, "subsample": 0.6456153990694105}, "datetime": {"datetime": "2024-01-20 15:14:10", "elapsed": 3016.58187, "delta": 0.003974}}
{"target": -12.345213442907124, "params": {"colsample_bytree": 0.30428335044855387, "eta": 0.08887798199687033, "gamma": 605.6643934034079, "max_depth": 4.0, "min_child_weight": 4129.628060201673, "num_boost_round": 54.0, "subsample": 0.6456153990694105}, "datetime": {"datetime": "2024-01-20 15:14:10", "elapsed": 3016.585781, "delta": 0.003911}}
{"target": -12.345240047316409, "params": {"colsample_bytree": 0.30428335044855387, "eta": 0.08887798199687033, "gamma": 605.6643934034079, "max_depth": 4.0, "min_child_weight": 4129.628060201673, "num_boost_round": 55.0, "subsample": 0.6456153990694105}, "datetime": {"datetime": "2024-01-20 15:14:10", "elapsed": 3016.589656, "delta": 0.003875}}
{"target": -12.345307323566885, "params": {"colsample_bytree": 0.30428335044855387, "eta": 0.08887798199687033, "gamma": 605.6643934034079, "max_depth": 4.0, "min_child_weight": 4129.628060201673, "num_boost_round": 56.0, "subsample": 0.6456153990694105}, "datetime": {"datetime": "2024-01-20 15:14:10", "elapsed": 3016.593546, "delta": 0.00389}}
{"target": -12.34546718972369, "params": {"colsample_bytree": 0.30428335044855387, "eta": 0.08887798199687033, "gamma": 605.6643934034079, "max_depth": 4.0, "min_child_weight": 4129.628060201673, "num_boost_round": 57.0, "subsample": 0.6456153990694105}, "datetime": {"datetime": "2024-01-20 15:14:10", "elapsed": 3016.597415, "delta": 0.003869}}
{"target": -12.345451546917378, "params": {"colsample_bytree": 0.30428335044855387, "eta": 0.08887798199687033, "gamma": 605.6643934034079, "max_depth": 4.0, "min_child_weight": 4129.628060201673, "num_boost_round": 58.0, "subsample": 0.6456153990694105}, "datetime": {"datetime": "2024-01-20 15:14:10", "elapsed": 3016.601408, "delta": 0.003993}}
