{"target": -19.17730118884876, "params": {"colsample_bytree": 0.6243236566819453, "eta": 0.08746021219631062, "gamma": 826.1068860122004, "max_depth": 6.0, "min_child_weight": 4373.055544230193, "num_boost_round": 55.0, "subsample": 0.7933012906685718}, "datetime": {"datetime": "2024-01-20 16:46:23", "elapsed": 8551.643003, "delta": 0.005207}}
{"target": -19.177708276632096, "params": {"colsample_bytree": 0.6243236566819453, "eta": 0.08746021219631062, "gamma": 826.1068860122004, "max_depth": 6.0, "min_child_weight": 4373.055544230193, "num_boost_round": 56.0, "subsample": 0.7933012906685718}, "datetime": {"datetime": "2024-01-20 16:46:23", "elapsed": 8551.648254, "delta": 0.005251}}
{"target": -19.178124428959336, "params": {"colsample_bytree": 0.6243236566819453, "eta": 0.08746021219631062, "gamma": 826.1068860122004, "max_depth": 6.0, "min_child_weight": 4373.055544230193, "num_boost_round": 57.0, "subsample": 0.7933012906685718}, "datetime": {"datetime": "2024-01-20 16:46:23", "elapsed": 8551.653477, "delta": 0.005223}}
{"target": -19.17863773021798, "params": {"colsample_bytree": 0.6243236566819453, "eta": 0.08746021219631062, "gamma": 826.1068860122004, "max_depth": 6.0, "min_child_weight": 4373.055544230193, "num_boost_round": 58.0, "subsample": 0.7933012906685718}, "datetime": {"datetime": "2024-01-20 16:46:23", "elapsed": 8551.659643, "delta": 0.006166}}
{"target": -19.179746095254778, "params": {"colsample_bytree": 0.6243236566819453, "eta": 0.08746021219631062, "gamma": 826.1068860122004, "max_depth": 6.0, "min_child_weight": 4373.055544230193, "num_boost_round": 59.0, "subsample": 0.7933012906685718}, "datetime": {"datetime": "2024-01-20 16:46:23", "elapsed": 8551.665166, "delta": 0.005523}}
{"target": -19.180164618363854, "params": {"colsample_bytree": 0.6243236566819453, "eta": 0.08746021219631062, "gamma": 826.1068860122004, "max_depth": 6.0, "min_child_weight": 4373.055544230193, "num_boost_round": 60.0, "subsample": 0.7933012906685718}, "datetime": {"datetime": "2024-01-20 16:46:23", "elapsed": 8551.670557, "delta": 0.005391}}
{"target": -19.18034620314941, "params": {"colsample_bytree": 0.6243236566819453, "eta": 0.08746021219631062, "gamma": 826.1068860122004, "max_depth": 6.0, "min_child_weight": 4373.055544230193, "num_boost_round": 61.0, "subsample": 0.7933012906685718}, "datetime": {"datetime": "2024-01-20 16:46:23", "elapsed": 8551.676038, "delta": 0.005481}}
{"target": -19.180504692048522, "params": {"colsample_bytree": 0.6243236566819453, "eta": 0.08746021219631062, "gamma": 826.1068860122004, "max_depth": 6.0, "min_child_weight": 4373.055544230193, "num_boost_round": 62.0, "subsample": 0.7933012906685718}, "datetime": {"datetime": "2024-01-20 16:46:23", "elapsed": 8551.681619, "delta": 0.005581}}
{"target": -19.180839553521622, "params": {"colsample_bytree": 0.6243236566819453, "eta": 0.08746021219631062, "gamma": 826.1068860122004, "max_depth": 6.0, "min_child_weight": 4373.055544230193, "num_boost_round": 63.0, "subsample": 0.7933012906685718}, "datetime": {"datetime": "2024-01-20 16:46:23", "elapsed": 8551.686809, "delta": 0.00519}}
{"target": -19.181346517960016, "params": {"colsample_bytree": 0.6243236566819453, "eta": 0.08746021219631062, "gamma": 826.1068860122004, "max_depth": 6.0, "min_child_weight": 4373.055544230193, "num_boost_round": 64.0, "subsample": 0.7933012906685718}, "datetime": {"datetime": "2024-01-20 16:46:23", "elapsed": 8551.691994, "delta": 0.005185}}
{"target": -19.181316397901767, "params": {"colsample_bytree": 0.6243236566819453, "eta": 0.08746021219631062, "gamma": 826.1068860122004, "max_depth": 6.0, "min_child_weight": 4373.055544230193, "num_boost_round": 65.0, "subsample": 0.7933012906685718}, "datetime": {"datetime": "2024-01-20 16:46:23", "elapsed": 8551.697255, "delta": 0.005261}}
{"target": -19.181640196653888, "params": {"colsample_bytree": 0.6243236566819453, "eta": 0.08746021219631062, "gamma": 826.1068860122004, "max_depth": 6.0, "min_child_weight": 4373.055544230193, "num_boost_round": 66.0, "subsample": 0.7933012906685718}, "datetime": {"datetime": "2024-01-20 16:46:23", "elapsed": 8551.702545, "delta": 0.00529}}
{"target": -19.18191260479296, "params": {"colsample_bytree": 0.6243236566819453, "eta": 0.08746021219631062, "gamma": 826.1068860122004, "max_depth": 6.0, "min_child_weight": 4373.055544230193, "num_boost_round": 67.0, "subsample": 0.7933012906685718}, "datetime": {"datetime": "2024-01-20 16:46:23", "elapsed": 8551.707813, "delta": 0.005268}}
{"target": -19.182265016271277, "params": {"colsample_bytree": 0.6243236566819453, "eta": 0.08746021219631062, "gamma": 826.1068860122004, "max_depth": 6.0, "min_child_weight": 4373.055544230193, "num_boost_round": 68.0, "subsample": 0.7933012906685718}, "datetime": {"datetime": "2024-01-20 16:46:23", "elapsed": 8551.713127, "delta": 0.005314}}
{"target": -19.18258725542516, "params": {"colsample_bytree": 0.6243236566819453, "eta": 0.08746021219631062, "gamma": 826.1068860122004, "max_depth": 6.0, "min_child_weight": 4373.055544230193, "num_boost_round": 69.0, "subsample": 0.7933012906685718}, "datetime": {"datetime": "2024-01-20 16:46:23", "elapsed": 8551.718351, "delta": 0.005224}}
{"target": -19.18291742744018, "params": {"colsample_bytree": 0.6243236566819453, "eta": 0.08746021219631062, "gamma": 826.1068860122004, "max_depth": 6.0, "min_child_weight": 4373.055544230193, "num_boost_round": 70.0, "subsample": 0.7933012906685718}, "datetime": {"datetime": "2024-01-20 16:46:23", "elapsed": 8551.723656, "delta": 0.005305}}
{"target": -19.183356210028318, "params": {"colsample_bytree": 0.6243236566819453, "eta": 0.08746021219631062, "gamma": 826.1068860122004, "max_depth": 6.0, "min_child_weight": 4373.055544230193, "num_boost_round": 71.0, "subsample": 0.7933012906685718}, "datetime": {"datetime": "2024-01-20 16:46:23", "elapsed": 8551.728949, "delta": 0.005293}}
{"target": -19.183464676819156, "params": {"colsample_bytree": 0.6243236566819453, "eta": 0.08746021219631062, "gamma": 826.1068860122004, "max_depth": 6.0, "min_child_weight": 4373.055544230193, "num_boost_round": 72.0, "subsample": 0.7933012906685718}, "datetime": {"datetime": "2024-01-20 16:46:23", "elapsed": 8551.734228, "delta": 0.005279}}
{"target": -19.183758998635632, "params": {"colsample_bytree": 0.6243236566819453, "eta": 0.08746021219631062, "gamma": 826.1068860122004, "max_depth": 6.0, "min_child_weight": 4373.055544230193, "num_boost_round": 73.0, "subsample": 0.7933012906685718}, "datetime": {"datetime": "2024-01-20 16:46:23", "elapsed": 8551.739572, "delta": 0.005344}}
{"target": -19.184241295189445, "params": {"colsample_bytree": 0.6243236566819453, "eta": 0.08746021219631062, "gamma": 826.1068860122004, "max_depth": 6.0, "min_child_weight": 4373.055544230193, "num_boost_round": 74.0, "subsample": 0.7933012906685718}, "datetime": {"datetime": "2024-01-20 16:46:23", "elapsed": 8551.744881, "delta": 0.005309}}
{"target": -19.184845853402045, "params": {"colsample_bytree": 0.6243236566819453, "eta": 0.08746021219631062, "gamma": 826.1068860122004, "max_depth": 6.0, "min_child_weight": 4373.055544230193, "num_boost_round": 75.0, "subsample": 0.7933012906685718}, "datetime": {"datetime": "2024-01-20 16:46:23", "elapsed": 8551.750173, "delta": 0.005292}}
{"target": -19.185029625499457, "params": {"colsample_bytree": 0.6243236566819453, "eta": 0.08746021219631062, "gamma": 826.1068860122004, "max_depth": 6.0, "min_child_weight": 4373.055544230193, "num_boost_round": 76.0, "subsample": 0.7933012906685718}, "datetime": {"datetime": "2024-01-20 16:46:23", "elapsed": 8551.755469, "delta": 0.005296}}
{"target": -19.185005494933556, "params": {"colsample_bytree": 0.6243236566819453, "eta": 0.08746021219631062, "gamma": 826.1068860122004, "max_depth": 6.0, "min_child_weight": 4373.055544230193, "num_boost_round": 77.0, "subsample": 0.7933012906685718}, "datetime": {"datetime": "2024-01-20 16:46:23", "elapsed": 8551.760777, "delta": 0.005308}}
{"target": -19.185520566834047, "params": {"colsample_bytree": 0.6243236566819453, "eta": 0.08746021219631062, "gamma": 826.1068860122004, "max_depth": 6.0, "min_child_weight": 4373.055544230193, "num_boost_round": 78.0, "subsample": 0.7933012906685718}, "datetime": {"datetime": "2024-01-20 16:46:23", "elapsed": 8551.766124, "delta": 0.005347}}
{"target": -19.185845863912093, "params": {"colsample_bytree": 0.6243236566819453, "eta": 0.08746021219631062, "gamma": 826.1068860122004, "max_depth": 6.0, "min_child_weight": 4373.055544230193, "num_boost_round": 79.0, "subsample": 0.7933012906685718}, "datetime": {"datetime": "2024-01-20 16:46:23", "elapsed": 8551.77147, "delta": 0.005346}}
{"target": -19.18627888163718, "params": {"colsample_bytree": 0.6243236566819453, "eta": 0.08746021219631062, "gamma": 826.1068860122004, "max_depth": 6.0, "min_child_weight": 4373.055544230193, "num_boost_round": 80.0, "subsample": 0.7933012906685718}, "datetime": {"datetime": "2024-01-20 16:46:23", "elapsed": 8551.77726, "delta": 0.00579}}
{"target": -19.18654713529704, "params": {"colsample_bytree": 0.6243236566819453, "eta": 0.08746021219631062, "gamma": 826.1068860122004, "max_depth": 6.0, "min_child_weight": 4373.055544230193, "num_boost_round": 81.0, "subsample": 0.7933012906685718}, "datetime": {"datetime": "2024-01-20 16:46:23", "elapsed": 8551.782617, "delta": 0.005357}}
{"target": -19.18662924002299, "params": {"colsample_bytree": 0.6243236566819453, "eta": 0.08746021219631062, "gamma": 826.1068860122004, "max_depth": 6.0, "min_child_weight": 4373.055544230193, "num_boost_round": 82.0, "subsample": 0.7933012906685718}, "datetime": {"datetime": "2024-01-20 16:46:23", "elapsed": 8551.787863, "delta": 0.005246}}
{"target": -19.187188087866186, "params": {"colsample_bytree": 0.6243236566819453, "eta": 0.08746021219631062, "gamma": 826.1068860122004, "max_depth": 6.0, "min_child_weight": 4373.055544230193, "num_boost_round": 83.0, "subsample": 0.7933012906685718}, "datetime": {"datetime": "2024-01-20 16:46:23", "elapsed": 8551.793115, "delta": 0.005252}}
{"target": -19.187761694606323, "params": {"colsample_bytree": 0.6243236566819453, "eta": 0.08746021219631062, "gamma": 826.1068860122004, "max_depth": 6.0, "min_child_weight": 4373.055544230193, "num_boost_round": 84.0, "subsample": 0.7933012906685718}, "datetime": {"datetime": "2024-01-20 16:46:23", "elapsed": 8551.798381, "delta": 0.005266}}
{"target": -19.187919615145205, "params": {"colsample_bytree": 0.6243236566819453, "eta": 0.08746021219631062, "gamma": 826.1068860122004, "max_depth": 6.0, "min_child_weight": 4373.055544230193, "num_boost_round": 85.0, "subsample": 0.7933012906685718}, "datetime": {"datetime": "2024-01-20 16:46:23", "elapsed": 8551.804553, "delta": 0.006172}}
{"target": -19.18808796117675, "params": {"colsample_bytree": 0.6243236566819453, "eta": 0.08746021219631062, "gamma": 826.1068860122004, "max_depth": 6.0, "min_child_weight": 4373.055544230193, "num_boost_round": 86.0, "subsample": 0.7933012906685718}, "datetime": {"datetime": "2024-01-20 16:46:23", "elapsed": 8551.810006, "delta": 0.005453}}
{"target": -19.188169821119185, "params": {"colsample_bytree": 0.6243236566819453, "eta": 0.08746021219631062, "gamma": 826.1068860122004, "max_depth": 6.0, "min_child_weight": 4373.055544230193, "num_boost_round": 87.0, "subsample": 0.7933012906685718}, "datetime": {"datetime": "2024-01-20 16:46:23", "elapsed": 8551.815402, "delta": 0.005396}}
{"target": -19.188348557944593, "params": {"colsample_bytree": 0.6243236566819453, "eta": 0.08746021219631062, "gamma": 826.1068860122004, "max_depth": 6.0, "min_child_weight": 4373.055544230193, "num_boost_round": 88.0, "subsample": 0.7933012906685718}, "datetime": {"datetime": "2024-01-20 16:46:23", "elapsed": 8551.820634, "delta": 0.005232}}
{"target": -19.188621582325553, "params": {"colsample_bytree": 0.6243236566819453, "eta": 0.08746021219631062, "gamma": 826.1068860122004, "max_depth": 6.0, "min_child_weight": 4373.055544230193, "num_boost_round": 89.0, "subsample": 0.7933012906685718}, "datetime": {"datetime": "2024-01-20 16:46:23", "elapsed": 8551.825844, "delta": 0.00521}}
{"target": -19.189129592460084, "params": {"colsample_bytree": 0.6243236566819453, "eta": 0.08746021219631062, "gamma": 826.1068860122004, "max_depth": 6.0, "min_child_weight": 4373.055544230193, "num_boost_round": 90.0, "subsample": 0.7933012906685718}, "datetime": {"datetime": "2024-01-20 16:46:23", "elapsed": 8551.8311, "delta": 0.005256}}
{"target": -19.189179969640723, "params": {"colsample_bytree": 0.6243236566819453, "eta": 0.08746021219631062, "gamma": 826.1068860122004, "max_depth": 6.0, "min_child_weight": 4373.055544230193, "num_boost_round": 91.0, "subsample": 0.7933012906685718}, "datetime": {"datetime": "2024-01-20 16:46:23", "elapsed": 8551.836328, "delta": 0.005228}}
{"target": -19.189299515087356, "params": {"colsample_bytree": 0.6243236566819453, "eta": 0.08746021219631062, "gamma": 826.1068860122004, "max_depth": 6.0, "min_child_weight": 4373.055544230193, "num_boost_round": 92.0, "subsample": 0.7933012906685718}, "datetime": {"datetime": "2024-01-20 16:46:23", "elapsed": 8551.841589, "delta": 0.005261}}
{"target": -19.18948736710059, "params": {"colsample_bytree": 0.6243236566819453, "eta": 0.08746021219631062, "gamma": 826.1068860122004, "max_depth": 6.0, "min_child_weight": 4373.055544230193, "num_boost_round": 93.0, "subsample": 0.7933012906685718}, "datetime": {"datetime": "2024-01-20 16:46:23", "elapsed": 8551.846907, "delta": 0.005318}}
{"target": -19.189944708011794, "params": {"colsample_bytree": 0.6243236566819453, "eta": 0.08746021219631062, "gamma": 826.1068860122004, "max_depth": 6.0, "min_child_weight": 4373.055544230193, "num_boost_round": 94.0, "subsample": 0.7933012906685718}, "datetime": {"datetime": "2024-01-20 16:46:23", "elapsed": 8551.852236, "delta": 0.005329}}
{"target": -19.19053915525408, "params": {"colsample_bytree": 0.6243236566819453, "eta": 0.08746021219631062, "gamma": 826.1068860122004, "max_depth": 6.0, "min_child_weight": 4373.055544230193, "num_boost_round": 95.0, "subsample": 0.7933012906685718}, "datetime": {"datetime": "2024-01-20 16:46:23", "elapsed": 8551.857497, "delta": 0.005261}}
{"target": -19.190553440548143, "params": {"colsample_bytree": 0.6243236566819453, "eta": 0.08746021219631062, "gamma": 826.1068860122004, "max_depth": 6.0, "min_child_weight": 4373.055544230193, "num_boost_round": 96.0, "subsample": 0.7933012906685718}, "datetime": {"datetime": "2024-01-20 16:46:23", "elapsed": 8551.862819, "delta": 0.005322}}
{"target": -19.19073394219157, "params": {"colsample_bytree": 0.6243236566819453, "eta": 0.08746021219631062, "gamma": 826.1068860122004, "max_depth": 6.0, "min_child_weight": 4373.055544230193, "num_boost_round": 97.0, "subsample": 0.7933012906685718}, "datetime": {"datetime": "2024-01-20 16:46:23", "elapsed": 8551.868158, "delta": 0.005339}}
{"target": -19.19113789827493, "params": {"colsample_bytree": 0.6243236566819453, "eta": 0.08746021219631062, "gamma": 826.1068860122004, "max_depth": 6.0, "min_child_weight": 4373.055544230193, "num_boost_round": 98.0, "subsample": 0.7933012906685718}, "datetime": {"datetime": "2024-01-20 16:46:23", "elapsed": 8551.873416, "delta": 0.005258}}
{"target": -19.191435443846764, "params": {"colsample_bytree": 0.6243236566819453, "eta": 0.08746021219631062, "gamma": 826.1068860122004, "max_depth": 6.0, "min_child_weight": 4373.055544230193, "num_boost_round": 99.0, "subsample": 0.7933012906685718}, "datetime": {"datetime": "2024-01-20 16:46:23", "elapsed": 8551.878702, "delta": 0.005286}}
{"target": -19.191628776952307, "params": {"colsample_bytree": 0.6243236566819453, "eta": 0.08746021219631062, "gamma": 826.1068860122004, "max_depth": 6.0, "min_child_weight": 4373.055544230193, "num_boost_round": 100.0, "subsample": 0.7933012906685718}, "datetime": {"datetime": "2024-01-20 16:46:23", "elapsed": 8551.884098, "delta": 0.005396}}
{"target": -19.191856536463575, "params": {"colsample_bytree": 0.6243236566819453, "eta": 0.08746021219631062, "gamma": 826.1068860122004, "max_depth": 6.0, "min_child_weight": 4373.055544230193, "num_boost_round": 101.0, "subsample": 0.7933012906685718}, "datetime": {"datetime": "2024-01-20 16:46:23", "elapsed": 8551.889369, "delta": 0.005271}}
{"target": -19.191980909043465, "params": {"colsample_bytree": 0.6243236566819453, "eta": 0.08746021219631062, "gamma": 826.1068860122004, "max_depth": 6.0, "min_child_weight": 4373.055544230193, "num_boost_round": 102.0, "subsample": 0.7933012906685718}, "datetime": {"datetime": "2024-01-20 16:46:23", "elapsed": 8551.894675, "delta": 0.005306}}
{"target": -19.192080568529377, "params": {"colsample_bytree": 0.6243236566819453, "eta": 0.08746021219631062, "gamma": 826.1068860122004, "max_depth": 6.0, "min_child_weight": 4373.055544230193, "num_boost_round": 103.0, "subsample": 0.7933012906685718}, "datetime": {"datetime": "2024-01-20 16:46:23", "elapsed": 8551.900023, "delta": 0.005348}}
{"target": -19.192362105892954, "params": {"colsample_bytree": 0.6243236566819453, "eta": 0.08746021219631062, "gamma": 826.1068860122004, "max_depth": 6.0, "min_child_weight": 4373.055544230193, "num_boost_round": 104.0, "subsample": 0.7933012906685718}, "datetime": {"datetime": "2024-01-20 16:46:23", "elapsed": 8551.905313, "delta": 0.00529}}
{"target": -19.192392129371754, "params": {"colsample_bytree": 0.6243236566819453, "eta": 0.08746021219631062, "gamma": 826.1068860122004, "max_depth": 6.0, "min_child_weight": 4373.055544230193, "num_boost_round": 105.0, "subsample": 0.7933012906685718}, "datetime": {"datetime": "2024-01-20 16:46:23", "elapsed": 8551.910573, "delta": 0.00526}}
{"target": -19.19255394549161, "params": {"colsample_bytree": 0.6243236566819453, "eta": 0.08746021219631062, "gamma": 826.1068860122004, "max_depth": 6.0, "min_child_weight": 4373.055544230193, "num_boost_round": 106.0, "subsample": 0.7933012906685718}, "datetime": {"datetime": "2024-01-20 16:46:23", "elapsed": 8551.915973, "delta": 0.0054}}
{"target": -19.192789160611433, "params": {"colsample_bytree": 0.6243236566819453, "eta": 0.08746021219631062, "gamma": 826.1068860122004, "max_depth": 6.0, "min_child_weight": 4373.055544230193, "num_boost_round": 107.0, "subsample": 0.7933012906685718}, "datetime": {"datetime": "2024-01-20 16:46:23", "elapsed": 8551.921223, "delta": 0.00525}}
{"target": -19.192971422294477, "params": {"colsample_bytree": 0.6243236566819453, "eta": 0.08746021219631062, "gamma": 826.1068860122004, "max_depth": 6.0, "min_child_weight": 4373.055544230193, "num_boost_round": 108.0, "subsample": 0.7933012906685718}, "datetime": {"datetime": "2024-01-20 16:46:23", "elapsed": 8551.926516, "delta": 0.005293}}
{"target": -19.19285495407549, "params": {"colsample_bytree": 0.6243236566819453, "eta": 0.08746021219631062, "gamma": 826.1068860122004, "max_depth": 6.0, "min_child_weight": 4373.055544230193, "num_boost_round": 109.0, "subsample": 0.7933012906685718}, "datetime": {"datetime": "2024-01-20 16:46:23", "elapsed": 8551.93187, "delta": 0.005354}}
{"target": -19.193096567456095, "params": {"colsample_bytree": 0.6243236566819453, "eta": 0.08746021219631062, "gamma": 826.1068860122004, "max_depth": 6.0, "min_child_weight": 4373.055544230193, "num_boost_round": 110.0, "subsample": 0.7933012906685718}, "datetime": {"datetime": "2024-01-20 16:46:23", "elapsed": 8551.937117, "delta": 0.005247}}
{"target": -19.19315041495866, "params": {"colsample_bytree": 0.6243236566819453, "eta": 0.08746021219631062, "gamma": 826.1068860122004, "max_depth": 6.0, "min_child_weight": 4373.055544230193, "num_boost_round": 111.0, "subsample": 0.7933012906685718}, "datetime": {"datetime": "2024-01-20 16:46:23", "elapsed": 8551.942417, "delta": 0.0053}}
{"target": -19.19332406582579, "params": {"colsample_bytree": 0.6243236566819453, "eta": 0.08746021219631062, "gamma": 826.1068860122004, "max_depth": 6.0, "min_child_weight": 4373.055544230193, "num_boost_round": 112.0, "subsample": 0.7933012906685718}, "datetime": {"datetime": "2024-01-20 16:46:23", "elapsed": 8551.94864, "delta": 0.006223}}
{"target": -19.19387892095518, "params": {"colsample_bytree": 0.6243236566819453, "eta": 0.08746021219631062, "gamma": 826.1068860122004, "max_depth": 6.0, "min_child_weight": 4373.055544230193, "num_boost_round": 113.0, "subsample": 0.7933012906685718}, "datetime": {"datetime": "2024-01-20 16:46:24", "elapsed": 8552.24535, "delta": 0.29671}}
{"target": -19.19440889495169, "params": {"colsample_bytree": 0.6243236566819453, "eta": 0.08746021219631062, "gamma": 826.1068860122004, "max_depth": 6.0, "min_child_weight": 4373.055544230193, "num_boost_round": 114.0, "subsample": 0.7933012906685718}, "datetime": {"datetime": "2024-01-20 16:46:24", "elapsed": 8552.25282, "delta": 0.00747}}
{"target": -19.195011658751685, "params": {"colsample_bytree": 0.6243236566819453, "eta": 0.08746021219631062, "gamma": 826.1068860122004, "max_depth": 6.0, "min_child_weight": 4373.055544230193, "num_boost_round": 115.0, "subsample": 0.7933012906685718}, "datetime": {"datetime": "2024-01-20 16:46:24", "elapsed": 8552.25877, "delta": 0.00595}}
{"target": -19.195500753537285, "params": {"colsample_bytree": 0.6243236566819453, "eta": 0.08746021219631062, "gamma": 826.1068860122004, "max_depth": 6.0, "min_child_weight": 4373.055544230193, "num_boost_round": 116.0, "subsample": 0.7933012906685718}, "datetime": {"datetime": "2024-01-20 16:46:24", "elapsed": 8552.264303, "delta": 0.005533}}
{"target": -19.195974001077015, "params": {"colsample_bytree": 0.6243236566819453, "eta": 0.08746021219631062, "gamma": 826.1068860122004, "max_depth": 6.0, "min_child_weight": 4373.055544230193, "num_boost_round": 117.0, "subsample": 0.7933012906685718}, "datetime": {"datetime": "2024-01-20 16:46:24", "elapsed": 8552.269927, "delta": 0.005624}}
