{"target": -10.320396080238902, "params": {"colsample_bytree": 0.8379326440692404, "eta": 0.09854345047851588, "gamma": 97.32034651132093, "max_depth": 3.0, "min_child_weight": 4435.81501127761, "num_boost_round": 74.0, "subsample": 0.6247764941055958}, "datetime": {"datetime": "2024-01-20 15:30:15", "elapsed": 7713.630508, "delta": 0.006067}}
{"target": -10.320658258158428, "params": {"colsample_bytree": 0.8379326440692404, "eta": 0.09854345047851588, "gamma": 97.32034651132093, "max_depth": 3.0, "min_child_weight": 4435.81501127761, "num_boost_round": 75.0, "subsample": 0.6247764941055958}, "datetime": {"datetime": "2024-01-20 15:30:15", "elapsed": 7713.635938, "delta": 0.00543}}
{"target": -10.320889714708507, "params": {"colsample_bytree": 0.8379326440692404, "eta": 0.09854345047851588, "gamma": 97.32034651132093, "max_depth": 3.0, "min_child_weight": 4435.81501127761, "num_boost_round": 76.0, "subsample": 0.6247764941055958}, "datetime": {"datetime": "2024-01-20 15:30:15", "elapsed": 7713.641659, "delta": 0.005721}}
{"target": -10.320758623034251, "params": {"colsample_bytree": 0.8379326440692404, "eta": 0.09854345047851588, "gamma": 97.32034651132093, "max_depth": 3.0, "min_child_weight": 4435.81501127761, "num_boost_round": 77.0, "subsample": 0.6247764941055958}, "datetime": {"datetime": "2024-01-20 15:30:15", "elapsed": 7713.647164, "delta": 0.005505}}
{"target": -10.32067654072808, "params": {"colsample_bytree": 0.8379326440692404, "eta": 0.09854345047851588, "gamma": 97.32034651132093, "max_depth": 3.0, "min_child_weight": 4435.81501127761, "num_boost_round": 78.0, "subsample": 0.6247764941055958}, "datetime": {"datetime": "2024-01-20 15:30:15", "elapsed": 7713.652498, "delta": 0.005334}}
{"target": -10.320714232611955, "params": {"colsample_bytree": 0.8379326440692404, "eta": 0.09854345047851588, "gamma": 97.32034651132093, "max_depth": 3.0, "min_child_weight": 4435.81501127761, "num_boost_round": 79.0, "subsample": 0.6247764941055958}, "datetime": {"datetime": "2024-01-20 15:30:15", "elapsed": 7713.657937, "delta": 0.005439}}
{"target": -10.320877749162655, "params": {"colsample_bytree": 0.8379326440692404, "eta": 0.09854345047851588, "gamma": 97.32034651132093, "max_depth": 3.0, "min_child_weight": 4435.81501127761, "num_boost_round": 80.0, "subsample": 0.6247764941055958}, "datetime": {"datetime": "2024-01-20 15:30:15", "elapsed": 7713.663616, "delta": 0.005679}}
{"target": -10.320860492623236, "params": {"colsample_bytree": 0.8379326440692404, "eta": 0.09854345047851588, "gamma": 97.32034651132093, "max_depth": 3.0, "min_child_weight": 4435.81501127761, "num_boost_round": 81.0, "subsample": 0.6247764941055958}, "datetime": {"datetime": "2024-01-20 15:30:15", "elapsed": 7713.669228, "delta": 0.005612}}
{"target": -10.321035343934161, "params": {"colsample_bytree": 0.8379326440692404, "eta": 0.09854345047851588, "gamma": 97.32034651132093, "max_depth": 3.0, "min_child_weight": 4435.81501127761, "num_boost_round": 82.0, "subsample": 0.6247764941055958}, "datetime": {"datetime": "2024-01-20 15:30:15", "elapsed": 7713.674905, "delta": 0.005677}}
{"target": -10.321048743120503, "params": {"colsample_bytree": 0.8379326440692404, "eta": 0.09854345047851588, "gamma": 97.32034651132093, "max_depth": 3.0, "min_child_weight": 4435.81501127761, "num_boost_round": 83.0, "subsample": 0.6247764941055958}, "datetime": {"datetime": "2024-01-20 15:30:15", "elapsed": 7713.680484, "delta": 0.005579}}
{"target": -10.321016588803158, "params": {"colsample_bytree": 0.8379326440692404, "eta": 0.09854345047851588, "gamma": 97.32034651132093, "max_depth": 3.0, "min_child_weight": 4435.81501127761, "num_boost_round": 84.0, "subsample": 0.6247764941055958}, "datetime": {"datetime": "2024-01-20 15:30:15", "elapsed": 7713.686002, "delta": 0.005518}}
{"target": -10.320893892818402, "params": {"colsample_bytree": 0.8379326440692404, "eta": 0.09854345047851588, "gamma": 97.32034651132093, "max_depth": 3.0, "min_child_weight": 4435.81501127761, "num_boost_round": 85.0, "subsample": 0.6247764941055958}, "datetime": {"datetime": "2024-01-20 15:30:15", "elapsed": 7713.691699, "delta": 0.005697}}
{"target": -10.321141734067666, "params": {"colsample_bytree": 0.8379326440692404, "eta": 0.09854345047851588, "gamma": 97.32034651132093, "max_depth": 3.0, "min_child_weight": 4435.81501127761, "num_boost_round": 86.0, "subsample": 0.6247764941055958}, "datetime": {"datetime": "2024-01-20 15:30:15", "elapsed": 7713.697217, "delta": 0.005518}}
{"target": -10.321118296749574, "params": {"colsample_bytree": 0.8379326440692404, "eta": 0.09854345047851588, "gamma": 97.32034651132093, "max_depth": 3.0, "min_child_weight": 4435.81501127761, "num_boost_round": 87.0, "subsample": 0.6247764941055958}, "datetime": {"datetime": "2024-01-20 15:30:15", "elapsed": 7713.70269, "delta": 0.005473}}
{"target": -10.321188518658046, "params": {"colsample_bytree": 0.8379326440692404, "eta": 0.09854345047851588, "gamma": 97.32034651132093, "max_depth": 3.0, "min_child_weight": 4435.81501127761, "num_boost_round": 88.0, "subsample": 0.6247764941055958}, "datetime": {"datetime": "2024-01-20 15:30:15", "elapsed": 7713.709633, "delta": 0.006943}}
{"target": -10.298506245426022, "params": {"colsample_bytree": 0.1141493598302061, "eta": 0.0031091064571662293, "gamma": 576.6089700002558, "max_depth": 7.0, "min_child_weight": 3876.292705669113, "num_boost_round": 1.0, "subsample": 0.3020852028609321}, "datetime": {"datetime": "2024-01-20 15:31:37", "elapsed": 7795.288472, "delta": 81.578839}}
{"target": -10.298489321096696, "params": {"colsample_bytree": 0.1141493598302061, "eta": 0.0031091064571662293, "gamma": 576.6089700002558, "max_depth": 7.0, "min_child_weight": 3876.292705669113, "num_boost_round": 2.0, "subsample": 0.3020852028609321}, "datetime": {"datetime": "2024-01-20 15:31:37", "elapsed": 7795.297953, "delta": 0.009481}}
{"target": -10.298501664211102, "params": {"colsample_bytree": 0.1141493598302061, "eta": 0.0031091064571662293, "gamma": 576.6089700002558, "max_depth": 7.0, "min_child_weight": 3876.292705669113, "num_boost_round": 3.0, "subsample": 0.3020852028609321}, "datetime": {"datetime": "2024-01-20 15:31:37", "elapsed": 7795.30444, "delta": 0.006487}}
{"target": -10.298492365986329, "params": {"colsample_bytree": 0.1141493598302061, "eta": 0.0031091064571662293, "gamma": 576.6089700002558, "max_depth": 7.0, "min_child_weight": 3876.292705669113, "num_boost_round": 4.0, "subsample": 0.3020852028609321}, "datetime": {"datetime": "2024-01-20 15:31:37", "elapsed": 7795.311023, "delta": 0.006583}}
{"target": -10.298464180344425, "params": {"colsample_bytree": 0.1141493598302061, "eta": 0.0031091064571662293, "gamma": 576.6089700002558, "max_depth": 7.0, "min_child_weight": 3876.292705669113, "num_boost_round": 5.0, "subsample": 0.3020852028609321}, "datetime": {"datetime": "2024-01-20 15:31:37", "elapsed": 7795.317944, "delta": 0.006921}}
{"target": -10.29850172715506, "params": {"colsample_bytree": 0.1141493598302061, "eta": 0.0031091064571662293, "gamma": 576.6089700002558, "max_depth": 7.0, "min_child_weight": 3876.292705669113, "num_boost_round": 6.0, "subsample": 0.3020852028609321}, "datetime": {"datetime": "2024-01-20 15:31:37", "elapsed": 7795.324107, "delta": 0.006163}}
{"target": -10.298509977752625, "params": {"colsample_bytree": 0.3248535495774746, "eta": 0.001401956632274579, "gamma": 857.0606016575205, "max_depth": 9.0, "min_child_weight": 3919.681181062609, "num_boost_round": 1.0, "subsample": 0.9572209766502824}, "datetime": {"datetime": "2024-01-20 15:32:39", "elapsed": 7856.966908, "delta": 61.642801}}
{"target": -10.298508874554791, "params": {"colsample_bytree": 0.3248535495774746, "eta": 0.001401956632274579, "gamma": 857.0606016575205, "max_depth": 9.0, "min_child_weight": 3919.681181062609, "num_boost_round": 2.0, "subsample": 0.9572209766502824}, "datetime": {"datetime": "2024-01-20 15:32:39", "elapsed": 7856.977012, "delta": 0.010104}}
{"target": -10.29851317721616, "params": {"colsample_bytree": 0.3248535495774746, "eta": 0.001401956632274579, "gamma": 857.0606016575205, "max_depth": 9.0, "min_child_weight": 3919.681181062609, "num_boost_round": 3.0, "subsample": 0.9572209766502824}, "datetime": {"datetime": "2024-01-20 15:32:39", "elapsed": 7856.983652, "delta": 0.00664}}
{"target": -10.298513594261001, "params": {"colsample_bytree": 0.3248535495774746, "eta": 0.001401956632274579, "gamma": 857.0606016575205, "max_depth": 9.0, "min_child_weight": 3919.681181062609, "num_boost_round": 4.0, "subsample": 0.9572209766502824}, "datetime": {"datetime": "2024-01-20 15:32:39", "elapsed": 7856.98905, "delta": 0.005398}}
{"target": -10.298518605971744, "params": {"colsample_bytree": 0.3248535495774746, "eta": 0.001401956632274579, "gamma": 857.0606016575205, "max_depth": 9.0, "min_child_weight": 3919.681181062609, "num_boost_round": 5.0, "subsample": 0.9572209766502824}, "datetime": {"datetime": "2024-01-20 15:32:39", "elapsed": 7856.994285, "delta": 0.005235}}
{"target": -10.298519435733034, "params": {"colsample_bytree": 0.3248535495774746, "eta": 0.001401956632274579, "gamma": 857.0606016575205, "max_depth": 9.0, "min_child_weight": 3919.681181062609, "num_boost_round": 6.0, "subsample": 0.9572209766502824}, "datetime": {"datetime": "2024-01-20 15:32:39", "elapsed": 7856.999298, "delta": 0.005013}}
{"target": -10.298515895522508, "params": {"colsample_bytree": 0.3248535495774746, "eta": 0.001401956632274579, "gamma": 857.0606016575205, "max_depth": 9.0, "min_child_weight": 3919.681181062609, "num_boost_round": 7.0, "subsample": 0.9572209766502824}, "datetime": {"datetime": "2024-01-20 15:32:39", "elapsed": 7857.003917, "delta": 0.004619}}
{"target": -10.298514208620249, "params": {"colsample_bytree": 0.3248535495774746, "eta": 0.001401956632274579, "gamma": 857.0606016575205, "max_depth": 9.0, "min_child_weight": 3919.681181062609, "num_boost_round": 8.0, "subsample": 0.9572209766502824}, "datetime": {"datetime": "2024-01-20 15:32:39", "elapsed": 7857.008553, "delta": 0.004636}}
{"target": -10.298516305453166, "params": {"colsample_bytree": 0.3248535495774746, "eta": 0.001401956632274579, "gamma": 857.0606016575205, "max_depth": 9.0, "min_child_weight": 3919.681181062609, "num_boost_round": 9.0, "subsample": 0.9572209766502824}, "datetime": {"datetime": "2024-01-20 15:32:39", "elapsed": 7857.013172, "delta": 0.004619}}
{"target": -10.29853678967268, "params": {"colsample_bytree": 0.7018478483105874, "eta": 0.037424864400437206, "gamma": 953.0822977325846, "max_depth": 2.0, "min_child_weight": 4393.966440782356, "num_boost_round": 1.0, "subsample": 0.8950873945466816}, "datetime": {"datetime": "2024-01-20 15:34:21", "elapsed": 7959.498259, "delta": 102.485087}}
{"target": -10.298732239563055, "params": {"colsample_bytree": 0.7018478483105874, "eta": 0.037424864400437206, "gamma": 953.0822977325846, "max_depth": 2.0, "min_child_weight": 4393.966440782356, "num_boost_round": 2.0, "subsample": 0.8950873945466816}, "datetime": {"datetime": "2024-01-20 15:34:21", "elapsed": 7959.505989, "delta": 0.00773}}
{"target": -10.298811261531291, "params": {"colsample_bytree": 0.7018478483105874, "eta": 0.037424864400437206, "gamma": 953.0822977325846, "max_depth": 2.0, "min_child_weight": 4393.966440782356, "num_boost_round": 3.0, "subsample": 0.8950873945466816}, "datetime": {"datetime": "2024-01-20 15:34:21", "elapsed": 7959.511324, "delta": 0.005335}}
{"target": -10.298127782307386, "params": {"colsample_bytree": 0.4556132272794755, "eta": 0.063845793725493, "gamma": 353.57033198698804, "max_depth": 4.0, "min_child_weight": 3895.5191776561537, "num_boost_round": 1.0, "subsample": 0.271450799012718}, "datetime": {"datetime": "2024-01-20 15:35:18", "elapsed": 8015.875052, "delta": 56.363728}}
{"target": -10.298198953944434, "params": {"colsample_bytree": 0.4556132272794755, "eta": 0.063845793725493, "gamma": 353.57033198698804, "max_depth": 4.0, "min_child_weight": 3895.5191776561537, "num_boost_round": 2.0, "subsample": 0.271450799012718}, "datetime": {"datetime": "2024-01-20 15:35:18", "elapsed": 8015.885073, "delta": 0.010021}}
{"target": -10.298449293885966, "params": {"colsample_bytree": 0.4556132272794755, "eta": 0.063845793725493, "gamma": 353.57033198698804, "max_depth": 4.0, "min_child_weight": 3895.5191776561537, "num_boost_round": 3.0, "subsample": 0.271450799012718}, "datetime": {"datetime": "2024-01-20 15:35:18", "elapsed": 8015.890854, "delta": 0.005781}}
{"target": -10.298598698093464, "params": {"colsample_bytree": 0.4556132272794755, "eta": 0.063845793725493, "gamma": 353.57033198698804, "max_depth": 4.0, "min_child_weight": 3895.5191776561537, "num_boost_round": 4.0, "subsample": 0.271450799012718}, "datetime": {"datetime": "2024-01-20 15:35:18", "elapsed": 8015.895992, "delta": 0.005138}}
{"target": -10.298936254945007, "params": {"colsample_bytree": 0.4556132272794755, "eta": 0.063845793725493, "gamma": 353.57033198698804, "max_depth": 4.0, "min_child_weight": 3895.5191776561537, "num_boost_round": 5.0, "subsample": 0.271450799012718}, "datetime": {"datetime": "2024-01-20 15:35:18", "elapsed": 8015.900943, "delta": 0.004951}}
{"target": -10.299152100363582, "params": {"colsample_bytree": 0.4556132272794755, "eta": 0.063845793725493, "gamma": 353.57033198698804, "max_depth": 4.0, "min_child_weight": 3895.5191776561537, "num_boost_round": 6.0, "subsample": 0.271450799012718}, "datetime": {"datetime": "2024-01-20 15:35:18", "elapsed": 8016.517768, "delta": 0.616825}}
{"target": -10.299260694378304, "params": {"colsample_bytree": 0.4556132272794755, "eta": 0.063845793725493, "gamma": 353.57033198698804, "max_depth": 4.0, "min_child_weight": 3895.5191776561537, "num_boost_round": 7.0, "subsample": 0.271450799012718}, "datetime": {"datetime": "2024-01-20 15:35:18", "elapsed": 8016.524413, "delta": 0.006645}}
{"target": -10.299486708266263, "params": {"colsample_bytree": 0.4556132272794755, "eta": 0.063845793725493, "gamma": 353.57033198698804, "max_depth": 4.0, "min_child_weight": 3895.5191776561537, "num_boost_round": 8.0, "subsample": 0.271450799012718}, "datetime": {"datetime": "2024-01-20 15:35:18", "elapsed": 8016.529792, "delta": 0.005379}}
{"target": -10.299762460112994, "params": {"colsample_bytree": 0.4556132272794755, "eta": 0.063845793725493, "gamma": 353.57033198698804, "max_depth": 4.0, "min_child_weight": 3895.5191776561537, "num_boost_round": 9.0, "subsample": 0.271450799012718}, "datetime": {"datetime": "2024-01-20 15:35:18", "elapsed": 8016.534898, "delta": 0.005106}}
{"target": -10.298486583985392, "params": {"colsample_bytree": 0.6224379945347884, "eta": 0.0036039771391595996, "gamma": 90.77104463822772, "max_depth": 6.0, "min_child_weight": 4346.290291768731, "num_boost_round": 1.0, "subsample": 0.18346752024830587}, "datetime": {"datetime": "2024-01-20 15:36:12", "elapsed": 8070.59456, "delta": 54.059662}}
{"target": -10.29846202085244, "params": {"colsample_bytree": 0.17866772129878558, "eta": 0.012134705856169827, "gamma": 534.738808353768, "max_depth": 3.0, "min_child_weight": 3838.4516283557173, "num_boost_round": 1.0, "subsample": 0.45133509065065713}, "datetime": {"datetime": "2024-01-20 15:37:44", "elapsed": 8162.417522, "delta": 91.822962}}
{"target": -10.298467581265871, "params": {"colsample_bytree": 0.17866772129878558, "eta": 0.012134705856169827, "gamma": 534.738808353768, "max_depth": 3.0, "min_child_weight": 3838.4516283557173, "num_boost_round": 2.0, "subsample": 0.45133509065065713}, "datetime": {"datetime": "2024-01-20 15:37:44", "elapsed": 8162.423307, "delta": 0.005785}}
{"target": -10.298530520923402, "params": {"colsample_bytree": 0.17866772129878558, "eta": 0.012134705856169827, "gamma": 534.738808353768, "max_depth": 3.0, "min_child_weight": 3838.4516283557173, "num_boost_round": 3.0, "subsample": 0.45133509065065713}, "datetime": {"datetime": "2024-01-20 15:37:44", "elapsed": 8162.42785, "delta": 0.004543}}
{"target": -10.298543448890014, "params": {"colsample_bytree": 0.17866772129878558, "eta": 0.012134705856169827, "gamma": 534.738808353768, "max_depth": 3.0, "min_child_weight": 3838.4516283557173, "num_boost_round": 4.0, "subsample": 0.45133509065065713}, "datetime": {"datetime": "2024-01-20 15:37:44", "elapsed": 8162.432272, "delta": 0.004422}}
{"target": -10.298554025186, "params": {"colsample_bytree": 0.17866772129878558, "eta": 0.012134705856169827, "gamma": 534.738808353768, "max_depth": 3.0, "min_child_weight": 3838.4516283557173, "num_boost_round": 5.0, "subsample": 0.45133509065065713}, "datetime": {"datetime": "2024-01-20 15:37:44", "elapsed": 8162.436732, "delta": 0.00446}}
{"target": -10.298660567358365, "params": {"colsample_bytree": 0.17866772129878558, "eta": 0.012134705856169827, "gamma": 534.738808353768, "max_depth": 3.0, "min_child_weight": 3838.4516283557173, "num_boost_round": 6.0, "subsample": 0.45133509065065713}, "datetime": {"datetime": "2024-01-20 15:37:44", "elapsed": 8162.445555, "delta": 0.008823}}
{"target": -10.298680276182061, "params": {"colsample_bytree": 0.17866772129878558, "eta": 0.012134705856169827, "gamma": 534.738808353768, "max_depth": 3.0, "min_child_weight": 3838.4516283557173, "num_boost_round": 7.0, "subsample": 0.45133509065065713}, "datetime": {"datetime": "2024-01-20 15:37:44", "elapsed": 8162.450066, "delta": 0.004511}}
{"target": -10.297403075689438, "params": {"colsample_bytree": 0.9412328034775402, "eta": 0.07339391270237983, "gamma": 452.23512207889394, "max_depth": 4.0, "min_child_weight": 4643.313897549097, "num_boost_round": 1.0, "subsample": 0.12288709809915366}, "datetime": {"datetime": "2024-01-20 15:39:25", "elapsed": 8263.719112, "delta": 101.269046}}
{"target": -10.296736730803465, "params": {"colsample_bytree": 0.9412328034775402, "eta": 0.07339391270237983, "gamma": 452.23512207889394, "max_depth": 4.0, "min_child_weight": 4643.313897549097, "num_boost_round": 2.0, "subsample": 0.12288709809915366}, "datetime": {"datetime": "2024-01-20 15:39:25", "elapsed": 8263.727148, "delta": 0.008036}}
{"target": -10.296490818738492, "params": {"colsample_bytree": 0.9412328034775402, "eta": 0.07339391270237983, "gamma": 452.23512207889394, "max_depth": 4.0, "min_child_weight": 4643.313897549097, "num_boost_round": 3.0, "subsample": 0.12288709809915366}, "datetime": {"datetime": "2024-01-20 15:39:25", "elapsed": 8263.732865, "delta": 0.005717}}
{"target": -10.29619930748754, "params": {"colsample_bytree": 0.9412328034775402, "eta": 0.07339391270237983, "gamma": 452.23512207889394, "max_depth": 4.0, "min_child_weight": 4643.313897549097, "num_boost_round": 4.0, "subsample": 0.12288709809915366}, "datetime": {"datetime": "2024-01-20 15:39:25", "elapsed": 8263.737958, "delta": 0.005093}}
{"target": -10.295834815390535, "params": {"colsample_bytree": 0.9412328034775402, "eta": 0.07339391270237983, "gamma": 452.23512207889394, "max_depth": 4.0, "min_child_weight": 4643.313897549097, "num_boost_round": 5.0, "subsample": 0.12288709809915366}, "datetime": {"datetime": "2024-01-20 15:39:25", "elapsed": 8263.742964, "delta": 0.005006}}
{"target": -10.295750977623733, "params": {"colsample_bytree": 0.9412328034775402, "eta": 0.07339391270237983, "gamma": 452.23512207889394, "max_depth": 4.0, "min_child_weight": 4643.313897549097, "num_boost_round": 6.0, "subsample": 0.12288709809915366}, "datetime": {"datetime": "2024-01-20 15:39:25", "elapsed": 8263.74797, "delta": 0.005006}}
{"target": -10.295612125836458, "params": {"colsample_bytree": 0.9412328034775402, "eta": 0.07339391270237983, "gamma": 452.23512207889394, "max_depth": 4.0, "min_child_weight": 4643.313897549097, "num_boost_round": 7.0, "subsample": 0.12288709809915366}, "datetime": {"datetime": "2024-01-20 15:39:25", "elapsed": 8263.752712, "delta": 0.004742}}
{"target": -10.295551439653007, "params": {"colsample_bytree": 0.9412328034775402, "eta": 0.07339391270237983, "gamma": 452.23512207889394, "max_depth": 4.0, "min_child_weight": 4643.313897549097, "num_boost_round": 8.0, "subsample": 0.12288709809915366}, "datetime": {"datetime": "2024-01-20 15:39:25", "elapsed": 8263.757557, "delta": 0.004845}}
{"target": -10.298426666676106, "params": {"colsample_bytree": 0.5561377496110735, "eta": 0.07048111342676613, "gamma": 401.610144270658, "max_depth": 8.0, "min_child_weight": 4674.652307774643, "num_boost_round": 1.0, "subsample": 0.887306979259628}, "datetime": {"datetime": "2024-01-20 15:41:23", "elapsed": 8381.226058, "delta": 117.468501}}
{"target": -10.29876507433232, "params": {"colsample_bytree": 0.5561377496110735, "eta": 0.07048111342676613, "gamma": 401.610144270658, "max_depth": 8.0, "min_child_weight": 4674.652307774643, "num_boost_round": 2.0, "subsample": 0.887306979259628}, "datetime": {"datetime": "2024-01-20 15:41:23", "elapsed": 8381.233898, "delta": 0.00784}}
{"target": -10.298954726503208, "params": {"colsample_bytree": 0.5561377496110735, "eta": 0.07048111342676613, "gamma": 401.610144270658, "max_depth": 8.0, "min_child_weight": 4674.652307774643, "num_boost_round": 3.0, "subsample": 0.887306979259628}, "datetime": {"datetime": "2024-01-20 15:41:23", "elapsed": 8381.239648, "delta": 0.00575}}
{"target": -10.299413317361159, "params": {"colsample_bytree": 0.5561377496110735, "eta": 0.07048111342676613, "gamma": 401.610144270658, "max_depth": 8.0, "min_child_weight": 4674.652307774643, "num_boost_round": 4.0, "subsample": 0.887306979259628}, "datetime": {"datetime": "2024-01-20 15:41:23", "elapsed": 8381.244736, "delta": 0.005088}}
{"target": -10.300139447131105, "params": {"colsample_bytree": 0.5561377496110735, "eta": 0.07048111342676613, "gamma": 401.610144270658, "max_depth": 8.0, "min_child_weight": 4674.652307774643, "num_boost_round": 5.0, "subsample": 0.887306979259628}, "datetime": {"datetime": "2024-01-20 15:41:23", "elapsed": 8381.249885, "delta": 0.005149}}
