{"target": -15.168664445916994, "params": {"colsample_bytree": 0.17368488499832352, "eta": 0.013770190712125534, "gamma": 588.9909431557759, "max_depth": 9.0, "min_child_weight": 4229.801952170855, "num_boost_round": 17.0, "subsample": 0.786224945829738}, "datetime": {"datetime": "2024-01-20 16:45:45", "elapsed": 8502.990181, "delta": 0.006623}}
{"target": -15.168635934464906, "params": {"colsample_bytree": 0.17368488499832352, "eta": 0.013770190712125534, "gamma": 588.9909431557759, "max_depth": 9.0, "min_child_weight": 4229.801952170855, "num_boost_round": 18.0, "subsample": 0.786224945829738}, "datetime": {"datetime": "2024-01-20 16:45:45", "elapsed": 8502.996796, "delta": 0.006615}}
{"target": -15.168202652060398, "params": {"colsample_bytree": 0.17368488499832352, "eta": 0.013770190712125534, "gamma": 588.9909431557759, "max_depth": 9.0, "min_child_weight": 4229.801952170855, "num_boost_round": 19.0, "subsample": 0.786224945829738}, "datetime": {"datetime": "2024-01-20 16:45:45", "elapsed": 8503.003841, "delta": 0.007045}}
{"target": -15.168182590145804, "params": {"colsample_bytree": 0.17368488499832352, "eta": 0.013770190712125534, "gamma": 588.9909431557759, "max_depth": 9.0, "min_child_weight": 4229.801952170855, "num_boost_round": 20.0, "subsample": 0.786224945829738}, "datetime": {"datetime": "2024-01-20 16:45:45", "elapsed": 8503.01069, "delta": 0.006849}}
{"target": -15.167854403352989, "params": {"colsample_bytree": 0.17368488499832352, "eta": 0.013770190712125534, "gamma": 588.9909431557759, "max_depth": 9.0, "min_child_weight": 4229.801952170855, "num_boost_round": 21.0, "subsample": 0.786224945829738}, "datetime": {"datetime": "2024-01-20 16:45:45", "elapsed": 8503.017546, "delta": 0.006856}}
{"target": -15.1678598287226, "params": {"colsample_bytree": 0.17368488499832352, "eta": 0.013770190712125534, "gamma": 588.9909431557759, "max_depth": 9.0, "min_child_weight": 4229.801952170855, "num_boost_round": 22.0, "subsample": 0.786224945829738}, "datetime": {"datetime": "2024-01-20 16:45:45", "elapsed": 8503.024151, "delta": 0.006605}}
{"target": -15.167805127876427, "params": {"colsample_bytree": 0.17368488499832352, "eta": 0.013770190712125534, "gamma": 588.9909431557759, "max_depth": 9.0, "min_child_weight": 4229.801952170855, "num_boost_round": 23.0, "subsample": 0.786224945829738}, "datetime": {"datetime": "2024-01-20 16:45:45", "elapsed": 8503.03089, "delta": 0.006739}}
{"target": -15.16780561648378, "params": {"colsample_bytree": 0.17368488499832352, "eta": 0.013770190712125534, "gamma": 588.9909431557759, "max_depth": 9.0, "min_child_weight": 4229.801952170855, "num_boost_round": 24.0, "subsample": 0.786224945829738}, "datetime": {"datetime": "2024-01-20 16:45:45", "elapsed": 8503.037399, "delta": 0.006509}}
{"target": -15.167772508835004, "params": {"colsample_bytree": 0.17368488499832352, "eta": 0.013770190712125534, "gamma": 588.9909431557759, "max_depth": 9.0, "min_child_weight": 4229.801952170855, "num_boost_round": 25.0, "subsample": 0.786224945829738}, "datetime": {"datetime": "2024-01-20 16:45:45", "elapsed": 8503.044338, "delta": 0.006939}}
{"target": -15.167766699021094, "params": {"colsample_bytree": 0.17368488499832352, "eta": 0.013770190712125534, "gamma": 588.9909431557759, "max_depth": 9.0, "min_child_weight": 4229.801952170855, "num_boost_round": 26.0, "subsample": 0.786224945829738}, "datetime": {"datetime": "2024-01-20 16:45:45", "elapsed": 8503.052023, "delta": 0.007685}}
{"target": -15.167342348334913, "params": {"colsample_bytree": 0.17368488499832352, "eta": 0.013770190712125534, "gamma": 588.9909431557759, "max_depth": 9.0, "min_child_weight": 4229.801952170855, "num_boost_round": 27.0, "subsample": 0.786224945829738}, "datetime": {"datetime": "2024-01-20 16:45:45", "elapsed": 8503.059536, "delta": 0.007513}}
{"target": -15.167315417495377, "params": {"colsample_bytree": 0.17368488499832352, "eta": 0.013770190712125534, "gamma": 588.9909431557759, "max_depth": 9.0, "min_child_weight": 4229.801952170855, "num_boost_round": 28.0, "subsample": 0.786224945829738}, "datetime": {"datetime": "2024-01-20 16:45:45", "elapsed": 8503.066661, "delta": 0.007125}}
{"target": -15.167279031375513, "params": {"colsample_bytree": 0.17368488499832352, "eta": 0.013770190712125534, "gamma": 588.9909431557759, "max_depth": 9.0, "min_child_weight": 4229.801952170855, "num_boost_round": 29.0, "subsample": 0.786224945829738}, "datetime": {"datetime": "2024-01-20 16:45:45", "elapsed": 8503.073787, "delta": 0.007126}}
{"target": -15.166725893303767, "params": {"colsample_bytree": 0.17368488499832352, "eta": 0.013770190712125534, "gamma": 588.9909431557759, "max_depth": 9.0, "min_child_weight": 4229.801952170855, "num_boost_round": 30.0, "subsample": 0.786224945829738}, "datetime": {"datetime": "2024-01-20 16:45:45", "elapsed": 8503.081825, "delta": 0.008038}}
{"target": -15.166843540165612, "params": {"colsample_bytree": 0.17368488499832352, "eta": 0.013770190712125534, "gamma": 588.9909431557759, "max_depth": 9.0, "min_child_weight": 4229.801952170855, "num_boost_round": 31.0, "subsample": 0.786224945829738}, "datetime": {"datetime": "2024-01-20 16:45:45", "elapsed": 8503.090034, "delta": 0.008209}}
{"target": -15.166864773213238, "params": {"colsample_bytree": 0.17368488499832352, "eta": 0.013770190712125534, "gamma": 588.9909431557759, "max_depth": 9.0, "min_child_weight": 4229.801952170855, "num_boost_round": 32.0, "subsample": 0.786224945829738}, "datetime": {"datetime": "2024-01-20 16:45:45", "elapsed": 8503.098475, "delta": 0.008441}}
{"target": -15.166815411706196, "params": {"colsample_bytree": 0.17368488499832352, "eta": 0.013770190712125534, "gamma": 588.9909431557759, "max_depth": 9.0, "min_child_weight": 4229.801952170855, "num_boost_round": 33.0, "subsample": 0.786224945829738}, "datetime": {"datetime": "2024-01-20 16:45:45", "elapsed": 8503.1068, "delta": 0.008325}}
{"target": -15.166797410756272, "params": {"colsample_bytree": 0.17368488499832352, "eta": 0.013770190712125534, "gamma": 588.9909431557759, "max_depth": 9.0, "min_child_weight": 4229.801952170855, "num_boost_round": 34.0, "subsample": 0.786224945829738}, "datetime": {"datetime": "2024-01-20 16:45:45", "elapsed": 8503.114139, "delta": 0.007339}}
{"target": -15.166391906491963, "params": {"colsample_bytree": 0.17368488499832352, "eta": 0.013770190712125534, "gamma": 588.9909431557759, "max_depth": 9.0, "min_child_weight": 4229.801952170855, "num_boost_round": 35.0, "subsample": 0.786224945829738}, "datetime": {"datetime": "2024-01-20 16:45:45", "elapsed": 8503.121462, "delta": 0.007323}}
{"target": -15.166332241847279, "params": {"colsample_bytree": 0.17368488499832352, "eta": 0.013770190712125534, "gamma": 588.9909431557759, "max_depth": 9.0, "min_child_weight": 4229.801952170855, "num_boost_round": 36.0, "subsample": 0.786224945829738}, "datetime": {"datetime": "2024-01-20 16:45:45", "elapsed": 8503.128627, "delta": 0.007165}}
{"target": -15.16586886100323, "params": {"colsample_bytree": 0.17368488499832352, "eta": 0.013770190712125534, "gamma": 588.9909431557759, "max_depth": 9.0, "min_child_weight": 4229.801952170855, "num_boost_round": 37.0, "subsample": 0.786224945829738}, "datetime": {"datetime": "2024-01-20 16:45:45", "elapsed": 8503.136174, "delta": 0.007547}}
{"target": -15.16587359637863, "params": {"colsample_bytree": 0.17368488499832352, "eta": 0.013770190712125534, "gamma": 588.9909431557759, "max_depth": 9.0, "min_child_weight": 4229.801952170855, "num_boost_round": 38.0, "subsample": 0.786224945829738}, "datetime": {"datetime": "2024-01-20 16:45:45", "elapsed": 8503.143348, "delta": 0.007174}}
{"target": -15.165849773915, "params": {"colsample_bytree": 0.17368488499832352, "eta": 0.013770190712125534, "gamma": 588.9909431557759, "max_depth": 9.0, "min_child_weight": 4229.801952170855, "num_boost_round": 39.0, "subsample": 0.786224945829738}, "datetime": {"datetime": "2024-01-20 16:45:45", "elapsed": 8503.150214, "delta": 0.006866}}
{"target": -15.165815718546405, "params": {"colsample_bytree": 0.17368488499832352, "eta": 0.013770190712125534, "gamma": 588.9909431557759, "max_depth": 9.0, "min_child_weight": 4229.801952170855, "num_boost_round": 40.0, "subsample": 0.786224945829738}, "datetime": {"datetime": "2024-01-20 16:45:45", "elapsed": 8503.156847, "delta": 0.006633}}
{"target": -15.165747844074694, "params": {"colsample_bytree": 0.17368488499832352, "eta": 0.013770190712125534, "gamma": 588.9909431557759, "max_depth": 9.0, "min_child_weight": 4229.801952170855, "num_boost_round": 41.0, "subsample": 0.786224945829738}, "datetime": {"datetime": "2024-01-20 16:45:45", "elapsed": 8503.163477, "delta": 0.00663}}
{"target": -15.1656257054346, "params": {"colsample_bytree": 0.17368488499832352, "eta": 0.013770190712125534, "gamma": 588.9909431557759, "max_depth": 9.0, "min_child_weight": 4229.801952170855, "num_boost_round": 42.0, "subsample": 0.786224945829738}, "datetime": {"datetime": "2024-01-20 16:45:45", "elapsed": 8503.169976, "delta": 0.006499}}
{"target": -15.165082120426757, "params": {"colsample_bytree": 0.17368488499832352, "eta": 0.013770190712125534, "gamma": 588.9909431557759, "max_depth": 9.0, "min_child_weight": 4229.801952170855, "num_boost_round": 43.0, "subsample": 0.786224945829738}, "datetime": {"datetime": "2024-01-20 16:45:45", "elapsed": 8503.17679, "delta": 0.006814}}
{"target": -15.165120977251508, "params": {"colsample_bytree": 0.17368488499832352, "eta": 0.013770190712125534, "gamma": 588.9909431557759, "max_depth": 9.0, "min_child_weight": 4229.801952170855, "num_boost_round": 44.0, "subsample": 0.786224945829738}, "datetime": {"datetime": "2024-01-20 16:45:45", "elapsed": 8503.183468, "delta": 0.006678}}
{"target": -15.16506251645894, "params": {"colsample_bytree": 0.17368488499832352, "eta": 0.013770190712125534, "gamma": 588.9909431557759, "max_depth": 9.0, "min_child_weight": 4229.801952170855, "num_boost_round": 45.0, "subsample": 0.786224945829738}, "datetime": {"datetime": "2024-01-20 16:45:45", "elapsed": 8503.190084, "delta": 0.006616}}
{"target": -15.16497818018237, "params": {"colsample_bytree": 0.17368488499832352, "eta": 0.013770190712125534, "gamma": 588.9909431557759, "max_depth": 9.0, "min_child_weight": 4229.801952170855, "num_boost_round": 46.0, "subsample": 0.786224945829738}, "datetime": {"datetime": "2024-01-20 16:45:45", "elapsed": 8503.196619, "delta": 0.006535}}
{"target": -15.164667000859787, "params": {"colsample_bytree": 0.17368488499832352, "eta": 0.013770190712125534, "gamma": 588.9909431557759, "max_depth": 9.0, "min_child_weight": 4229.801952170855, "num_boost_round": 47.0, "subsample": 0.786224945829738}, "datetime": {"datetime": "2024-01-20 16:45:45", "elapsed": 8503.203112, "delta": 0.006493}}
{"target": -15.164721674133009, "params": {"colsample_bytree": 0.17368488499832352, "eta": 0.013770190712125534, "gamma": 588.9909431557759, "max_depth": 9.0, "min_child_weight": 4229.801952170855, "num_boost_round": 48.0, "subsample": 0.786224945829738}, "datetime": {"datetime": "2024-01-20 16:45:45", "elapsed": 8503.209573, "delta": 0.006461}}
{"target": -15.16478250836457, "params": {"colsample_bytree": 0.17368488499832352, "eta": 0.013770190712125534, "gamma": 588.9909431557759, "max_depth": 9.0, "min_child_weight": 4229.801952170855, "num_boost_round": 49.0, "subsample": 0.786224945829738}, "datetime": {"datetime": "2024-01-20 16:45:45", "elapsed": 8503.216407, "delta": 0.006834}}
{"target": -15.164859787972386, "params": {"colsample_bytree": 0.17368488499832352, "eta": 0.013770190712125534, "gamma": 588.9909431557759, "max_depth": 9.0, "min_child_weight": 4229.801952170855, "num_boost_round": 50.0, "subsample": 0.786224945829738}, "datetime": {"datetime": "2024-01-20 16:45:45", "elapsed": 8503.223189, "delta": 0.006782}}
{"target": -15.164816803822518, "params": {"colsample_bytree": 0.17368488499832352, "eta": 0.013770190712125534, "gamma": 588.9909431557759, "max_depth": 9.0, "min_child_weight": 4229.801952170855, "num_boost_round": 51.0, "subsample": 0.786224945829738}, "datetime": {"datetime": "2024-01-20 16:45:45", "elapsed": 8503.229785, "delta": 0.006596}}
{"target": -15.164845900669945, "params": {"colsample_bytree": 0.17368488499832352, "eta": 0.013770190712125534, "gamma": 588.9909431557759, "max_depth": 9.0, "min_child_weight": 4229.801952170855, "num_boost_round": 52.0, "subsample": 0.786224945829738}, "datetime": {"datetime": "2024-01-20 16:45:45", "elapsed": 8503.237064, "delta": 0.007279}}
{"target": -15.164596116136973, "params": {"colsample_bytree": 0.17368488499832352, "eta": 0.013770190712125534, "gamma": 588.9909431557759, "max_depth": 9.0, "min_child_weight": 4229.801952170855, "num_boost_round": 53.0, "subsample": 0.786224945829738}, "datetime": {"datetime": "2024-01-20 16:45:45", "elapsed": 8503.243741, "delta": 0.006677}}
{"target": -15.164544774854676, "params": {"colsample_bytree": 0.17368488499832352, "eta": 0.013770190712125534, "gamma": 588.9909431557759, "max_depth": 9.0, "min_child_weight": 4229.801952170855, "num_boost_round": 54.0, "subsample": 0.786224945829738}, "datetime": {"datetime": "2024-01-20 16:45:45", "elapsed": 8503.250341, "delta": 0.0066}}
{"target": -15.164420470963227, "params": {"colsample_bytree": 0.17368488499832352, "eta": 0.013770190712125534, "gamma": 588.9909431557759, "max_depth": 9.0, "min_child_weight": 4229.801952170855, "num_boost_round": 55.0, "subsample": 0.786224945829738}, "datetime": {"datetime": "2024-01-20 16:45:45", "elapsed": 8503.257119, "delta": 0.006778}}
{"target": -15.163994770148873, "params": {"colsample_bytree": 0.17368488499832352, "eta": 0.013770190712125534, "gamma": 588.9909431557759, "max_depth": 9.0, "min_child_weight": 4229.801952170855, "num_boost_round": 56.0, "subsample": 0.786224945829738}, "datetime": {"datetime": "2024-01-20 16:45:45", "elapsed": 8503.263784, "delta": 0.006665}}
{"target": -15.164101281138631, "params": {"colsample_bytree": 0.17368488499832352, "eta": 0.013770190712125534, "gamma": 588.9909431557759, "max_depth": 9.0, "min_child_weight": 4229.801952170855, "num_boost_round": 57.0, "subsample": 0.786224945829738}, "datetime": {"datetime": "2024-01-20 16:45:45", "elapsed": 8503.270454, "delta": 0.00667}}
{"target": -15.164099944224729, "params": {"colsample_bytree": 0.17368488499832352, "eta": 0.013770190712125534, "gamma": 588.9909431557759, "max_depth": 9.0, "min_child_weight": 4229.801952170855, "num_boost_round": 58.0, "subsample": 0.786224945829738}, "datetime": {"datetime": "2024-01-20 16:45:45", "elapsed": 8503.277428, "delta": 0.006974}}
{"target": -15.163827422788623, "params": {"colsample_bytree": 0.17368488499832352, "eta": 0.013770190712125534, "gamma": 588.9909431557759, "max_depth": 9.0, "min_child_weight": 4229.801952170855, "num_boost_round": 59.0, "subsample": 0.786224945829738}, "datetime": {"datetime": "2024-01-20 16:45:45", "elapsed": 8503.285288, "delta": 0.00786}}
{"target": -15.163771749703951, "params": {"colsample_bytree": 0.17368488499832352, "eta": 0.013770190712125534, "gamma": 588.9909431557759, "max_depth": 9.0, "min_child_weight": 4229.801952170855, "num_boost_round": 60.0, "subsample": 0.786224945829738}, "datetime": {"datetime": "2024-01-20 16:45:45", "elapsed": 8503.293226, "delta": 0.007938}}
{"target": -15.163784420731131, "params": {"colsample_bytree": 0.17368488499832352, "eta": 0.013770190712125534, "gamma": 588.9909431557759, "max_depth": 9.0, "min_child_weight": 4229.801952170855, "num_boost_round": 61.0, "subsample": 0.786224945829738}, "datetime": {"datetime": "2024-01-20 16:45:45", "elapsed": 8503.301576, "delta": 0.00835}}
{"target": -15.163829760966895, "params": {"colsample_bytree": 0.17368488499832352, "eta": 0.013770190712125534, "gamma": 588.9909431557759, "max_depth": 9.0, "min_child_weight": 4229.801952170855, "num_boost_round": 62.0, "subsample": 0.786224945829738}, "datetime": {"datetime": "2024-01-20 16:45:45", "elapsed": 8503.30955, "delta": 0.007974}}
{"target": -15.163770411011406, "params": {"colsample_bytree": 0.17368488499832352, "eta": 0.013770190712125534, "gamma": 588.9909431557759, "max_depth": 9.0, "min_child_weight": 4229.801952170855, "num_boost_round": 63.0, "subsample": 0.786224945829738}, "datetime": {"datetime": "2024-01-20 16:45:45", "elapsed": 8503.316686, "delta": 0.007136}}
{"target": -15.163747416108945, "params": {"colsample_bytree": 0.17368488499832352, "eta": 0.013770190712125534, "gamma": 588.9909431557759, "max_depth": 9.0, "min_child_weight": 4229.801952170855, "num_boost_round": 64.0, "subsample": 0.786224945829738}, "datetime": {"datetime": "2024-01-20 16:45:45", "elapsed": 8503.323274, "delta": 0.006588}}
{"target": -15.171710672204838, "params": {"colsample_bytree": 0.5441332535200067, "eta": 0.03694261165089778, "gamma": 580.6324885455324, "max_depth": 9.0, "min_child_weight": 4110.2801453901575, "num_boost_round": 1.0, "subsample": 0.2895490807874702}, "datetime": {"datetime": "2024-01-20 16:48:22", "elapsed": 8660.358816, "delta": 157.035542}}
{"target": -15.170191062788614, "params": {"colsample_bytree": 0.5441332535200067, "eta": 0.03694261165089778, "gamma": 580.6324885455324, "max_depth": 9.0, "min_child_weight": 4110.2801453901575, "num_boost_round": 2.0, "subsample": 0.2895490807874702}, "datetime": {"datetime": "2024-01-20 16:48:22", "elapsed": 8660.36699, "delta": 0.008174}}
{"target": -15.168740180132708, "params": {"colsample_bytree": 0.5441332535200067, "eta": 0.03694261165089778, "gamma": 580.6324885455324, "max_depth": 9.0, "min_child_weight": 4110.2801453901575, "num_boost_round": 3.0, "subsample": 0.2895490807874702}, "datetime": {"datetime": "2024-01-20 16:48:22", "elapsed": 8660.374105, "delta": 0.007115}}
{"target": -15.167909776193898, "params": {"colsample_bytree": 0.5441332535200067, "eta": 0.03694261165089778, "gamma": 580.6324885455324, "max_depth": 9.0, "min_child_weight": 4110.2801453901575, "num_boost_round": 4.0, "subsample": 0.2895490807874702}, "datetime": {"datetime": "2024-01-20 16:48:22", "elapsed": 8660.381011, "delta": 0.006906}}
{"target": -15.16588883398973, "params": {"colsample_bytree": 0.5441332535200067, "eta": 0.03694261165089778, "gamma": 580.6324885455324, "max_depth": 9.0, "min_child_weight": 4110.2801453901575, "num_boost_round": 5.0, "subsample": 0.2895490807874702}, "datetime": {"datetime": "2024-01-20 16:48:22", "elapsed": 8660.387722, "delta": 0.006711}}
{"target": -15.164789400795485, "params": {"colsample_bytree": 0.5441332535200067, "eta": 0.03694261165089778, "gamma": 580.6324885455324, "max_depth": 9.0, "min_child_weight": 4110.2801453901575, "num_boost_round": 6.0, "subsample": 0.2895490807874702}, "datetime": {"datetime": "2024-01-20 16:48:22", "elapsed": 8660.394643, "delta": 0.006921}}
{"target": -15.163746379286373, "params": {"colsample_bytree": 0.5441332535200067, "eta": 0.03694261165089778, "gamma": 580.6324885455324, "max_depth": 9.0, "min_child_weight": 4110.2801453901575, "num_boost_round": 7.0, "subsample": 0.2895490807874702}, "datetime": {"datetime": "2024-01-20 16:48:23", "elapsed": 8660.73154, "delta": 0.336897}}
{"target": -15.162341918169005, "params": {"colsample_bytree": 0.5441332535200067, "eta": 0.03694261165089778, "gamma": 580.6324885455324, "max_depth": 9.0, "min_child_weight": 4110.2801453901575, "num_boost_round": 8.0, "subsample": 0.2895490807874702}, "datetime": {"datetime": "2024-01-20 16:48:23", "elapsed": 8660.742094, "delta": 0.010554}}
{"target": -15.161839066868197, "params": {"colsample_bytree": 0.5441332535200067, "eta": 0.03694261165089778, "gamma": 580.6324885455324, "max_depth": 9.0, "min_child_weight": 4110.2801453901575, "num_boost_round": 9.0, "subsample": 0.2895490807874702}, "datetime": {"datetime": "2024-01-20 16:48:23", "elapsed": 8660.750789, "delta": 0.008695}}
{"target": -15.160941254667495, "params": {"colsample_bytree": 0.5441332535200067, "eta": 0.03694261165089778, "gamma": 580.6324885455324, "max_depth": 9.0, "min_child_weight": 4110.2801453901575, "num_boost_round": 10.0, "subsample": 0.2895490807874702}, "datetime": {"datetime": "2024-01-20 16:48:23", "elapsed": 8660.759605, "delta": 0.008816}}
{"target": -15.160894375042172, "params": {"colsample_bytree": 0.5441332535200067, "eta": 0.03694261165089778, "gamma": 580.6324885455324, "max_depth": 9.0, "min_child_weight": 4110.2801453901575, "num_boost_round": 11.0, "subsample": 0.2895490807874702}, "datetime": {"datetime": "2024-01-20 16:48:23", "elapsed": 8660.768747, "delta": 0.009142}}
{"target": -15.15984910564795, "params": {"colsample_bytree": 0.5441332535200067, "eta": 0.03694261165089778, "gamma": 580.6324885455324, "max_depth": 9.0, "min_child_weight": 4110.2801453901575, "num_boost_round": 12.0, "subsample": 0.2895490807874702}, "datetime": {"datetime": "2024-01-20 16:48:23", "elapsed": 8660.777269, "delta": 0.008522}}
{"target": -15.159387851540108, "params": {"colsample_bytree": 0.5441332535200067, "eta": 0.03694261165089778, "gamma": 580.6324885455324, "max_depth": 9.0, "min_child_weight": 4110.2801453901575, "num_boost_round": 13.0, "subsample": 0.2895490807874702}, "datetime": {"datetime": "2024-01-20 16:48:23", "elapsed": 8660.785648, "delta": 0.008379}}
{"target": -15.15852756473178, "params": {"colsample_bytree": 0.5441332535200067, "eta": 0.03694261165089778, "gamma": 580.6324885455324, "max_depth": 9.0, "min_child_weight": 4110.2801453901575, "num_boost_round": 14.0, "subsample": 0.2895490807874702}, "datetime": {"datetime": "2024-01-20 16:48:23", "elapsed": 8660.793311, "delta": 0.007663}}
{"target": -15.157980646507212, "params": {"colsample_bytree": 0.5441332535200067, "eta": 0.03694261165089778, "gamma": 580.6324885455324, "max_depth": 9.0, "min_child_weight": 4110.2801453901575, "num_boost_round": 15.0, "subsample": 0.2895490807874702}, "datetime": {"datetime": "2024-01-20 16:48:23", "elapsed": 8660.800789, "delta": 0.007478}}
