{"target": -12.344164710213418, "params": {"colsample_bytree": 0.32954958663254186, "eta": 0.0581358750181343, "gamma": 561.8844912980051, "max_depth": 5.0, "min_child_weight": 4254.445312331072, "num_boost_round": 38.0, "subsample": 0.4569396920762857}, "datetime": {"datetime": "2024-01-20 14:29:54", "elapsed": 361.107626, "delta": 0.000903}}
{"target": -12.357045257737992, "params": {"colsample_bytree": 0.3076785345400933, "eta": 0.07897166998549776, "gamma": 567.4994389311578, "max_depth": 8.0, "min_child_weight": 4263.683527297622, "num_boost_round": 1.0, "subsample": 0.8348052870135073}, "datetime": {"datetime": "2024-01-20 14:30:32", "elapsed": 398.860237, "delta": 37.752611}}
{"target": -12.355438075033927, "params": {"colsample_bytree": 0.3076785345400933, "eta": 0.07897166998549776, "gamma": 567.4994389311578, "max_depth": 8.0, "min_child_weight": 4263.683527297622, "num_boost_round": 2.0, "subsample": 0.8348052870135073}, "datetime": {"datetime": "2024-01-20 14:30:32", "elapsed": 398.86184, "delta": 0.001603}}
{"target": -12.351182313783617, "params": {"colsample_bytree": 0.3076785345400933, "eta": 0.07897166998549776, "gamma": 567.4994389311578, "max_depth": 8.0, "min_child_weight": 4263.683527297622, "num_boost_round": 3.0, "subsample": 0.8348052870135073}, "datetime": {"datetime": "2024-01-20 14:30:32", "elapsed": 398.862913, "delta": 0.001073}}
{"target": -12.351457537706395, "params": {"colsample_bytree": 0.3076785345400933, "eta": 0.07897166998549776, "gamma": 567.4994389311578, "max_depth": 8.0, "min_child_weight": 4263.683527297622, "num_boost_round": 4.0, "subsample": 0.8348052870135073}, "datetime": {"datetime": "2024-01-20 14:30:32", "elapsed": 398.863834, "delta": 0.000921}}
{"target": -12.349733030504188, "params": {"colsample_bytree": 0.3076785345400933, "eta": 0.07897166998549776, "gamma": 567.4994389311578, "max_depth": 8.0, "min_child_weight": 4263.683527297622, "num_boost_round": 5.0, "subsample": 0.8348052870135073}, "datetime": {"datetime": "2024-01-20 14:30:32", "elapsed": 398.865388, "delta": 0.001554}}
{"target": -12.348422695706276, "params": {"colsample_bytree": 0.3076785345400933, "eta": 0.07897166998549776, "gamma": 567.4994389311578, "max_depth": 8.0, "min_child_weight": 4263.683527297622, "num_boost_round": 6.0, "subsample": 0.8348052870135073}, "datetime": {"datetime": "2024-01-20 14:30:32", "elapsed": 398.866315, "delta": 0.000927}}
{"target": -12.348371546105628, "params": {"colsample_bytree": 0.3076785345400933, "eta": 0.07897166998549776, "gamma": 567.4994389311578, "max_depth": 8.0, "min_child_weight": 4263.683527297622, "num_boost_round": 7.0, "subsample": 0.8348052870135073}, "datetime": {"datetime": "2024-01-20 14:30:32", "elapsed": 398.867269, "delta": 0.000954}}
{"target": -12.346834746115535, "params": {"colsample_bytree": 0.3076785345400933, "eta": 0.07897166998549776, "gamma": 567.4994389311578, "max_depth": 8.0, "min_child_weight": 4263.683527297622, "num_boost_round": 8.0, "subsample": 0.8348052870135073}, "datetime": {"datetime": "2024-01-20 14:30:32", "elapsed": 398.868181, "delta": 0.000912}}
{"target": -12.346907042288398, "params": {"colsample_bytree": 0.3076785345400933, "eta": 0.07897166998549776, "gamma": 567.4994389311578, "max_depth": 8.0, "min_child_weight": 4263.683527297622, "num_boost_round": 9.0, "subsample": 0.8348052870135073}, "datetime": {"datetime": "2024-01-20 14:30:32", "elapsed": 398.869082, "delta": 0.000901}}
{"target": -12.347013314241874, "params": {"colsample_bytree": 0.3076785345400933, "eta": 0.07897166998549776, "gamma": 567.4994389311578, "max_depth": 8.0, "min_child_weight": 4263.683527297622, "num_boost_round": 10.0, "subsample": 0.8348052870135073}, "datetime": {"datetime": "2024-01-20 14:30:32", "elapsed": 398.869991, "delta": 0.000909}}
{"target": -12.346531632789901, "params": {"colsample_bytree": 0.3076785345400933, "eta": 0.07897166998549776, "gamma": 567.4994389311578, "max_depth": 8.0, "min_child_weight": 4263.683527297622, "num_boost_round": 11.0, "subsample": 0.8348052870135073}, "datetime": {"datetime": "2024-01-20 14:30:32", "elapsed": 398.870907, "delta": 0.000916}}
{"target": -12.346129236827728, "params": {"colsample_bytree": 0.3076785345400933, "eta": 0.07897166998549776, "gamma": 567.4994389311578, "max_depth": 8.0, "min_child_weight": 4263.683527297622, "num_boost_round": 12.0, "subsample": 0.8348052870135073}, "datetime": {"datetime": "2024-01-20 14:30:32", "elapsed": 398.871816, "delta": 0.000909}}
{"target": -12.346695429913458, "params": {"colsample_bytree": 0.3076785345400933, "eta": 0.07897166998549776, "gamma": 567.4994389311578, "max_depth": 8.0, "min_child_weight": 4263.683527297622, "num_boost_round": 13.0, "subsample": 0.8348052870135073}, "datetime": {"datetime": "2024-01-20 14:30:32", "elapsed": 398.872719, "delta": 0.000903}}
{"target": -12.346168292365636, "params": {"colsample_bytree": 0.3076785345400933, "eta": 0.07897166998549776, "gamma": 567.4994389311578, "max_depth": 8.0, "min_child_weight": 4263.683527297622, "num_boost_round": 14.0, "subsample": 0.8348052870135073}, "datetime": {"datetime": "2024-01-20 14:30:32", "elapsed": 398.873645, "delta": 0.000926}}
{"target": -12.345625726226508, "params": {"colsample_bytree": 0.3076785345400933, "eta": 0.07897166998549776, "gamma": 567.4994389311578, "max_depth": 8.0, "min_child_weight": 4263.683527297622, "num_boost_round": 15.0, "subsample": 0.8348052870135073}, "datetime": {"datetime": "2024-01-20 14:30:32", "elapsed": 398.874579, "delta": 0.000934}}
{"target": -12.34517583914987, "params": {"colsample_bytree": 0.3076785345400933, "eta": 0.07897166998549776, "gamma": 567.4994389311578, "max_depth": 8.0, "min_child_weight": 4263.683527297622, "num_boost_round": 16.0, "subsample": 0.8348052870135073}, "datetime": {"datetime": "2024-01-20 14:30:32", "elapsed": 398.875508, "delta": 0.000929}}
{"target": -12.345716332144043, "params": {"colsample_bytree": 0.3076785345400933, "eta": 0.07897166998549776, "gamma": 567.4994389311578, "max_depth": 8.0, "min_child_weight": 4263.683527297622, "num_boost_round": 17.0, "subsample": 0.8348052870135073}, "datetime": {"datetime": "2024-01-20 14:30:32", "elapsed": 398.876466, "delta": 0.000958}}
{"target": -12.345542792111473, "params": {"colsample_bytree": 0.3076785345400933, "eta": 0.07897166998549776, "gamma": 567.4994389311578, "max_depth": 8.0, "min_child_weight": 4263.683527297622, "num_boost_round": 18.0, "subsample": 0.8348052870135073}, "datetime": {"datetime": "2024-01-20 14:30:32", "elapsed": 398.877562, "delta": 0.001096}}
{"target": -12.345462346507636, "params": {"colsample_bytree": 0.3076785345400933, "eta": 0.07897166998549776, "gamma": 567.4994389311578, "max_depth": 8.0, "min_child_weight": 4263.683527297622, "num_boost_round": 19.0, "subsample": 0.8348052870135073}, "datetime": {"datetime": "2024-01-20 14:30:32", "elapsed": 398.878563, "delta": 0.001001}}
{"target": -12.345307844148948, "params": {"colsample_bytree": 0.3076785345400933, "eta": 0.07897166998549776, "gamma": 567.4994389311578, "max_depth": 8.0, "min_child_weight": 4263.683527297622, "num_boost_round": 20.0, "subsample": 0.8348052870135073}, "datetime": {"datetime": "2024-01-20 14:30:32", "elapsed": 398.879554, "delta": 0.000991}}
{"target": -12.345107516371908, "params": {"colsample_bytree": 0.3076785345400933, "eta": 0.07897166998549776, "gamma": 567.4994389311578, "max_depth": 8.0, "min_child_weight": 4263.683527297622, "num_boost_round": 21.0, "subsample": 0.8348052870135073}, "datetime": {"datetime": "2024-01-20 14:30:32", "elapsed": 398.88049, "delta": 0.000936}}
{"target": -12.34516982334091, "params": {"colsample_bytree": 0.3076785345400933, "eta": 0.07897166998549776, "gamma": 567.4994389311578, "max_depth": 8.0, "min_child_weight": 4263.683527297622, "num_boost_round": 22.0, "subsample": 0.8348052870135073}, "datetime": {"datetime": "2024-01-20 14:30:32", "elapsed": 398.881435, "delta": 0.000945}}
{"target": -12.344132314928673, "params": {"colsample_bytree": 0.3076785345400933, "eta": 0.07897166998549776, "gamma": 567.4994389311578, "max_depth": 8.0, "min_child_weight": 4263.683527297622, "num_boost_round": 23.0, "subsample": 0.8348052870135073}, "datetime": {"datetime": "2024-01-20 14:30:32", "elapsed": 398.882522, "delta": 0.001087}}
{"target": -12.344609618342496, "params": {"colsample_bytree": 0.3076785345400933, "eta": 0.07897166998549776, "gamma": 567.4994389311578, "max_depth": 8.0, "min_child_weight": 4263.683527297622, "num_boost_round": 24.0, "subsample": 0.8348052870135073}, "datetime": {"datetime": "2024-01-20 14:30:32", "elapsed": 398.883602, "delta": 0.00108}}
{"target": -12.343742345967716, "params": {"colsample_bytree": 0.3076785345400933, "eta": 0.07897166998549776, "gamma": 567.4994389311578, "max_depth": 8.0, "min_child_weight": 4263.683527297622, "num_boost_round": 25.0, "subsample": 0.8348052870135073}, "datetime": {"datetime": "2024-01-20 14:30:32", "elapsed": 398.884657, "delta": 0.001055}}
{"target": -12.343965932873331, "params": {"colsample_bytree": 0.3076785345400933, "eta": 0.07897166998549776, "gamma": 567.4994389311578, "max_depth": 8.0, "min_child_weight": 4263.683527297622, "num_boost_round": 26.0, "subsample": 0.8348052870135073}, "datetime": {"datetime": "2024-01-20 14:30:32", "elapsed": 398.885596, "delta": 0.000939}}
{"target": -12.344274717050318, "params": {"colsample_bytree": 0.3076785345400933, "eta": 0.07897166998549776, "gamma": 567.4994389311578, "max_depth": 8.0, "min_child_weight": 4263.683527297622, "num_boost_round": 27.0, "subsample": 0.8348052870135073}, "datetime": {"datetime": "2024-01-20 14:30:32", "elapsed": 398.88653, "delta": 0.000934}}
{"target": -12.344323744819018, "params": {"colsample_bytree": 0.3076785345400933, "eta": 0.07897166998549776, "gamma": 567.4994389311578, "max_depth": 8.0, "min_child_weight": 4263.683527297622, "num_boost_round": 28.0, "subsample": 0.8348052870135073}, "datetime": {"datetime": "2024-01-20 14:30:32", "elapsed": 398.887505, "delta": 0.000975}}
{"target": -12.344282535074377, "params": {"colsample_bytree": 0.3076785345400933, "eta": 0.07897166998549776, "gamma": 567.4994389311578, "max_depth": 8.0, "min_child_weight": 4263.683527297622, "num_boost_round": 29.0, "subsample": 0.8348052870135073}, "datetime": {"datetime": "2024-01-20 14:30:32", "elapsed": 398.888575, "delta": 0.00107}}
{"target": -12.344026858219674, "params": {"colsample_bytree": 0.3076785345400933, "eta": 0.07897166998549776, "gamma": 567.4994389311578, "max_depth": 8.0, "min_child_weight": 4263.683527297622, "num_boost_round": 30.0, "subsample": 0.8348052870135073}, "datetime": {"datetime": "2024-01-20 14:30:32", "elapsed": 398.889709, "delta": 0.001134}}
{"target": -12.34302899161354, "params": {"colsample_bytree": 0.3076785345400933, "eta": 0.07897166998549776, "gamma": 567.4994389311578, "max_depth": 8.0, "min_child_weight": 4263.683527297622, "num_boost_round": 31.0, "subsample": 0.8348052870135073}, "datetime": {"datetime": "2024-01-20 14:30:32", "elapsed": 398.890693, "delta": 0.000984}}
{"target": -12.34325162984415, "params": {"colsample_bytree": 0.3076785345400933, "eta": 0.07897166998549776, "gamma": 567.4994389311578, "max_depth": 8.0, "min_child_weight": 4263.683527297622, "num_boost_round": 32.0, "subsample": 0.8348052870135073}, "datetime": {"datetime": "2024-01-20 14:30:32", "elapsed": 398.891622, "delta": 0.000929}}
{"target": -12.343890601263997, "params": {"colsample_bytree": 0.3076785345400933, "eta": 0.07897166998549776, "gamma": 567.4994389311578, "max_depth": 8.0, "min_child_weight": 4263.683527297622, "num_boost_round": 33.0, "subsample": 0.8348052870135073}, "datetime": {"datetime": "2024-01-20 14:30:32", "elapsed": 398.892559, "delta": 0.000937}}
{"target": -12.344085293476917, "params": {"colsample_bytree": 0.3076785345400933, "eta": 0.07897166998549776, "gamma": 567.4994389311578, "max_depth": 8.0, "min_child_weight": 4263.683527297622, "num_boost_round": 34.0, "subsample": 0.8348052870135073}, "datetime": {"datetime": "2024-01-20 14:30:32", "elapsed": 398.893498, "delta": 0.000939}}
{"target": -12.344764138509383, "params": {"colsample_bytree": 0.3076785345400933, "eta": 0.07897166998549776, "gamma": 567.4994389311578, "max_depth": 8.0, "min_child_weight": 4263.683527297622, "num_boost_round": 35.0, "subsample": 0.8348052870135073}, "datetime": {"datetime": "2024-01-20 14:30:32", "elapsed": 398.894443, "delta": 0.000945}}
{"target": -12.344925227935512, "params": {"colsample_bytree": 0.3076785345400933, "eta": 0.07897166998549776, "gamma": 567.4994389311578, "max_depth": 8.0, "min_child_weight": 4263.683527297622, "num_boost_round": 36.0, "subsample": 0.8348052870135073}, "datetime": {"datetime": "2024-01-20 14:30:32", "elapsed": 398.895377, "delta": 0.000934}}
{"target": -12.34565685211956, "params": {"colsample_bytree": 0.3076785345400933, "eta": 0.07897166998549776, "gamma": 567.4994389311578, "max_depth": 8.0, "min_child_weight": 4263.683527297622, "num_boost_round": 37.0, "subsample": 0.8348052870135073}, "datetime": {"datetime": "2024-01-20 14:30:32", "elapsed": 398.896317, "delta": 0.00094}}
{"target": -12.345565372853002, "params": {"colsample_bytree": 0.3076785345400933, "eta": 0.07897166998549776, "gamma": 567.4994389311578, "max_depth": 8.0, "min_child_weight": 4263.683527297622, "num_boost_round": 38.0, "subsample": 0.8348052870135073}, "datetime": {"datetime": "2024-01-20 14:30:32", "elapsed": 398.897259, "delta": 0.000942}}
{"target": -12.345813135276646, "params": {"colsample_bytree": 0.3076785345400933, "eta": 0.07897166998549776, "gamma": 567.4994389311578, "max_depth": 8.0, "min_child_weight": 4263.683527297622, "num_boost_round": 39.0, "subsample": 0.8348052870135073}, "datetime": {"datetime": "2024-01-20 14:30:32", "elapsed": 398.898328, "delta": 0.001069}}
{"target": -12.346299310903689, "params": {"colsample_bytree": 0.3076785345400933, "eta": 0.07897166998549776, "gamma": 567.4994389311578, "max_depth": 8.0, "min_child_weight": 4263.683527297622, "num_boost_round": 40.0, "subsample": 0.8348052870135073}, "datetime": {"datetime": "2024-01-20 14:30:32", "elapsed": 398.899261, "delta": 0.000933}}
{"target": -12.345474989722469, "params": {"colsample_bytree": 0.3076785345400933, "eta": 0.07897166998549776, "gamma": 567.4994389311578, "max_depth": 8.0, "min_child_weight": 4263.683527297622, "num_boost_round": 41.0, "subsample": 0.8348052870135073}, "datetime": {"datetime": "2024-01-20 14:30:32", "elapsed": 398.900207, "delta": 0.000946}}
{"target": -12.344536194592282, "params": {"colsample_bytree": 0.3076785345400933, "eta": 0.07897166998549776, "gamma": 567.4994389311578, "max_depth": 8.0, "min_child_weight": 4263.683527297622, "num_boost_round": 42.0, "subsample": 0.8348052870135073}, "datetime": {"datetime": "2024-01-20 14:30:32", "elapsed": 398.901145, "delta": 0.000938}}
{"target": -12.344737382397131, "params": {"colsample_bytree": 0.3076785345400933, "eta": 0.07897166998549776, "gamma": 567.4994389311578, "max_depth": 8.0, "min_child_weight": 4263.683527297622, "num_boost_round": 43.0, "subsample": 0.8348052870135073}, "datetime": {"datetime": "2024-01-20 14:30:32", "elapsed": 398.902131, "delta": 0.000986}}
{"target": -12.344975043401753, "params": {"colsample_bytree": 0.3076785345400933, "eta": 0.07897166998549776, "gamma": 567.4994389311578, "max_depth": 8.0, "min_child_weight": 4263.683527297622, "num_boost_round": 44.0, "subsample": 0.8348052870135073}, "datetime": {"datetime": "2024-01-20 14:30:32", "elapsed": 398.903081, "delta": 0.00095}}
{"target": -12.345127264500078, "params": {"colsample_bytree": 0.3076785345400933, "eta": 0.07897166998549776, "gamma": 567.4994389311578, "max_depth": 8.0, "min_child_weight": 4263.683527297622, "num_boost_round": 45.0, "subsample": 0.8348052870135073}, "datetime": {"datetime": "2024-01-20 14:30:32", "elapsed": 398.904024, "delta": 0.000943}}
{"target": -12.345960848841454, "params": {"colsample_bytree": 0.3076785345400933, "eta": 0.07897166998549776, "gamma": 567.4994389311578, "max_depth": 8.0, "min_child_weight": 4263.683527297622, "num_boost_round": 46.0, "subsample": 0.8348052870135073}, "datetime": {"datetime": "2024-01-20 14:30:32", "elapsed": 398.904985, "delta": 0.000961}}
{"target": -12.354638182078956, "params": {"colsample_bytree": 0.9699642159640177, "eta": 0.07375688145744344, "gamma": 543.0765080966389, "max_depth": 3.0, "min_child_weight": 4191.939925971833, "num_boost_round": 1.0, "subsample": 0.9201227861569495}, "datetime": {"datetime": "2024-01-20 14:31:17", "elapsed": 443.859689, "delta": 44.954704}}
{"target": -12.351254254993377, "params": {"colsample_bytree": 0.9699642159640177, "eta": 0.07375688145744344, "gamma": 543.0765080966389, "max_depth": 3.0, "min_child_weight": 4191.939925971833, "num_boost_round": 2.0, "subsample": 0.9201227861569495}, "datetime": {"datetime": "2024-01-20 14:31:17", "elapsed": 443.861546, "delta": 0.001857}}
{"target": -12.348492462081504, "params": {"colsample_bytree": 0.9699642159640177, "eta": 0.07375688145744344, "gamma": 543.0765080966389, "max_depth": 3.0, "min_child_weight": 4191.939925971833, "num_boost_round": 3.0, "subsample": 0.9201227861569495}, "datetime": {"datetime": "2024-01-20 14:31:17", "elapsed": 443.862645, "delta": 0.001099}}
{"target": -12.346672504303221, "params": {"colsample_bytree": 0.9699642159640177, "eta": 0.07375688145744344, "gamma": 543.0765080966389, "max_depth": 3.0, "min_child_weight": 4191.939925971833, "num_boost_round": 4.0, "subsample": 0.9201227861569495}, "datetime": {"datetime": "2024-01-20 14:31:17", "elapsed": 443.863756, "delta": 0.001111}}
{"target": -12.345277257179067, "params": {"colsample_bytree": 0.9699642159640177, "eta": 0.07375688145744344, "gamma": 543.0765080966389, "max_depth": 3.0, "min_child_weight": 4191.939925971833, "num_boost_round": 5.0, "subsample": 0.9201227861569495}, "datetime": {"datetime": "2024-01-20 14:31:17", "elapsed": 443.864709, "delta": 0.000953}}
{"target": -12.344122140260769, "params": {"colsample_bytree": 0.9699642159640177, "eta": 0.07375688145744344, "gamma": 543.0765080966389, "max_depth": 3.0, "min_child_weight": 4191.939925971833, "num_boost_round": 6.0, "subsample": 0.9201227861569495}, "datetime": {"datetime": "2024-01-20 14:31:17", "elapsed": 443.865658, "delta": 0.000949}}
{"target": -12.34291713951081, "params": {"colsample_bytree": 0.9699642159640177, "eta": 0.07375688145744344, "gamma": 543.0765080966389, "max_depth": 3.0, "min_child_weight": 4191.939925971833, "num_boost_round": 7.0, "subsample": 0.9201227861569495}, "datetime": {"datetime": "2024-01-20 14:31:17", "elapsed": 443.866598, "delta": 0.00094}}
{"target": -12.341902483175001, "params": {"colsample_bytree": 0.9699642159640177, "eta": 0.07375688145744344, "gamma": 543.0765080966389, "max_depth": 3.0, "min_child_weight": 4191.939925971833, "num_boost_round": 8.0, "subsample": 0.9201227861569495}, "datetime": {"datetime": "2024-01-20 14:31:17", "elapsed": 443.867536, "delta": 0.000938}}
{"target": -12.340628079854362, "params": {"colsample_bytree": 0.9699642159640177, "eta": 0.07375688145744344, "gamma": 543.0765080966389, "max_depth": 3.0, "min_child_weight": 4191.939925971833, "num_boost_round": 9.0, "subsample": 0.9201227861569495}, "datetime": {"datetime": "2024-01-20 14:31:17", "elapsed": 443.868534, "delta": 0.000998}}
{"target": -12.340197844388058, "params": {"colsample_bytree": 0.9699642159640177, "eta": 0.07375688145744344, "gamma": 543.0765080966389, "max_depth": 3.0, "min_child_weight": 4191.939925971833, "num_boost_round": 10.0, "subsample": 0.9201227861569495}, "datetime": {"datetime": "2024-01-20 14:31:17", "elapsed": 443.869829, "delta": 0.001295}}
{"target": -12.339736086619785, "params": {"colsample_bytree": 0.9699642159640177, "eta": 0.07375688145744344, "gamma": 543.0765080966389, "max_depth": 3.0, "min_child_weight": 4191.939925971833, "num_boost_round": 11.0, "subsample": 0.9201227861569495}, "datetime": {"datetime": "2024-01-20 14:31:17", "elapsed": 443.870804, "delta": 0.000975}}
{"target": -12.339119566619857, "params": {"colsample_bytree": 0.9699642159640177, "eta": 0.07375688145744344, "gamma": 543.0765080966389, "max_depth": 3.0, "min_child_weight": 4191.939925971833, "num_boost_round": 12.0, "subsample": 0.9201227861569495}, "datetime": {"datetime": "2024-01-20 14:31:17", "elapsed": 443.871775, "delta": 0.000971}}
{"target": -12.33906594988392, "params": {"colsample_bytree": 0.9699642159640177, "eta": 0.07375688145744344, "gamma": 543.0765080966389, "max_depth": 3.0, "min_child_weight": 4191.939925971833, "num_boost_round": 13.0, "subsample": 0.9201227861569495}, "datetime": {"datetime": "2024-01-20 14:31:17", "elapsed": 443.872722, "delta": 0.000947}}
{"target": -12.339320319010469, "params": {"colsample_bytree": 0.9699642159640177, "eta": 0.07375688145744344, "gamma": 543.0765080966389, "max_depth": 3.0, "min_child_weight": 4191.939925971833, "num_boost_round": 14.0, "subsample": 0.9201227861569495}, "datetime": {"datetime": "2024-01-20 14:31:17", "elapsed": 443.873681, "delta": 0.000959}}
{"target": -12.339468864185996, "params": {"colsample_bytree": 0.9699642159640177, "eta": 0.07375688145744344, "gamma": 543.0765080966389, "max_depth": 3.0, "min_child_weight": 4191.939925971833, "num_boost_round": 15.0, "subsample": 0.9201227861569495}, "datetime": {"datetime": "2024-01-20 14:31:17", "elapsed": 443.874648, "delta": 0.000967}}
{"target": -12.339747776656848, "params": {"colsample_bytree": 0.9699642159640177, "eta": 0.07375688145744344, "gamma": 543.0765080966389, "max_depth": 3.0, "min_child_weight": 4191.939925971833, "num_boost_round": 16.0, "subsample": 0.9201227861569495}, "datetime": {"datetime": "2024-01-20 14:31:17", "elapsed": 443.87561, "delta": 0.000962}}
