{"target": -15.157294682473648, "params": {"colsample_bytree": 0.28069731713721213, "eta": 0.036572063199555166, "gamma": 611.4326404624471, "max_depth": 2.0, "min_child_weight": 4221.861688032641, "num_boost_round": 42.0, "subsample": 0.7816587913529109}, "datetime": {"datetime": "2024-01-20 14:38:55", "elapsed": 892.714785, "delta": 0.001529}}
{"target": -15.15711324651553, "params": {"colsample_bytree": 0.28069731713721213, "eta": 0.036572063199555166, "gamma": 611.4326404624471, "max_depth": 2.0, "min_child_weight": 4221.861688032641, "num_boost_round": 43.0, "subsample": 0.7816587913529109}, "datetime": {"datetime": "2024-01-20 14:38:55", "elapsed": 892.716312, "delta": 0.001527}}
{"target": -15.157063866539382, "params": {"colsample_bytree": 0.28069731713721213, "eta": 0.036572063199555166, "gamma": 611.4326404624471, "max_depth": 2.0, "min_child_weight": 4221.861688032641, "num_boost_round": 44.0, "subsample": 0.7816587913529109}, "datetime": {"datetime": "2024-01-20 14:38:55", "elapsed": 892.71787, "delta": 0.001558}}
{"target": -15.15730376970583, "params": {"colsample_bytree": 0.28069731713721213, "eta": 0.036572063199555166, "gamma": 611.4326404624471, "max_depth": 2.0, "min_child_weight": 4221.861688032641, "num_boost_round": 45.0, "subsample": 0.7816587913529109}, "datetime": {"datetime": "2024-01-20 14:38:55", "elapsed": 892.7243, "delta": 0.00643}}
{"target": -15.156797952126919, "params": {"colsample_bytree": 0.28069731713721213, "eta": 0.036572063199555166, "gamma": 611.4326404624471, "max_depth": 2.0, "min_child_weight": 4221.861688032641, "num_boost_round": 46.0, "subsample": 0.7816587913529109}, "datetime": {"datetime": "2024-01-20 14:38:55", "elapsed": 892.726127, "delta": 0.001827}}
{"target": -15.156485025619357, "params": {"colsample_bytree": 0.28069731713721213, "eta": 0.036572063199555166, "gamma": 611.4326404624471, "max_depth": 2.0, "min_child_weight": 4221.861688032641, "num_boost_round": 47.0, "subsample": 0.7816587913529109}, "datetime": {"datetime": "2024-01-20 14:38:55", "elapsed": 892.727921, "delta": 0.001794}}
{"target": -15.15647977269084, "params": {"colsample_bytree": 0.28069731713721213, "eta": 0.036572063199555166, "gamma": 611.4326404624471, "max_depth": 2.0, "min_child_weight": 4221.861688032641, "num_boost_round": 48.0, "subsample": 0.7816587913529109}, "datetime": {"datetime": "2024-01-20 14:38:55", "elapsed": 892.72963, "delta": 0.001709}}
{"target": -15.15664797548424, "params": {"colsample_bytree": 0.28069731713721213, "eta": 0.036572063199555166, "gamma": 611.4326404624471, "max_depth": 2.0, "min_child_weight": 4221.861688032641, "num_boost_round": 49.0, "subsample": 0.7816587913529109}, "datetime": {"datetime": "2024-01-20 14:38:55", "elapsed": 892.731332, "delta": 0.001702}}
{"target": -15.156436057073005, "params": {"colsample_bytree": 0.28069731713721213, "eta": 0.036572063199555166, "gamma": 611.4326404624471, "max_depth": 2.0, "min_child_weight": 4221.861688032641, "num_boost_round": 50.0, "subsample": 0.7816587913529109}, "datetime": {"datetime": "2024-01-20 14:38:55", "elapsed": 892.733033, "delta": 0.001701}}
{"target": -15.15626386484018, "params": {"colsample_bytree": 0.28069731713721213, "eta": 0.036572063199555166, "gamma": 611.4326404624471, "max_depth": 2.0, "min_child_weight": 4221.861688032641, "num_boost_round": 51.0, "subsample": 0.7816587913529109}, "datetime": {"datetime": "2024-01-20 14:38:55", "elapsed": 892.734576, "delta": 0.001543}}
{"target": -15.15645400060841, "params": {"colsample_bytree": 0.28069731713721213, "eta": 0.036572063199555166, "gamma": 611.4326404624471, "max_depth": 2.0, "min_child_weight": 4221.861688032641, "num_boost_round": 52.0, "subsample": 0.7816587913529109}, "datetime": {"datetime": "2024-01-20 14:38:55", "elapsed": 892.736111, "delta": 0.001535}}
{"target": -15.15615871040271, "params": {"colsample_bytree": 0.28069731713721213, "eta": 0.036572063199555166, "gamma": 611.4326404624471, "max_depth": 2.0, "min_child_weight": 4221.861688032641, "num_boost_round": 53.0, "subsample": 0.7816587913529109}, "datetime": {"datetime": "2024-01-20 14:38:55", "elapsed": 892.737659, "delta": 0.001548}}
{"target": -15.15588971250871, "params": {"colsample_bytree": 0.28069731713721213, "eta": 0.036572063199555166, "gamma": 611.4326404624471, "max_depth": 2.0, "min_child_weight": 4221.861688032641, "num_boost_round": 54.0, "subsample": 0.7816587913529109}, "datetime": {"datetime": "2024-01-20 14:38:55", "elapsed": 892.7392, "delta": 0.001541}}
{"target": -15.156030663481332, "params": {"colsample_bytree": 0.28069731713721213, "eta": 0.036572063199555166, "gamma": 611.4326404624471, "max_depth": 2.0, "min_child_weight": 4221.861688032641, "num_boost_round": 55.0, "subsample": 0.7816587913529109}, "datetime": {"datetime": "2024-01-20 14:38:55", "elapsed": 892.740807, "delta": 0.001607}}
{"target": -15.166747669627107, "params": {"colsample_bytree": 0.9974384140290249, "eta": 0.09660369225270572, "gamma": 622.5373793977662, "max_depth": 5.0, "min_child_weight": 4220.786096347652, "num_boost_round": 1.0, "subsample": 0.7151716650346259}, "datetime": {"datetime": "2024-01-20 14:39:37", "elapsed": 935.367226, "delta": 42.626419}}
{"target": -15.162525074053365, "params": {"colsample_bytree": 0.9974384140290249, "eta": 0.09660369225270572, "gamma": 622.5373793977662, "max_depth": 5.0, "min_child_weight": 4220.786096347652, "num_boost_round": 2.0, "subsample": 0.7151716650346259}, "datetime": {"datetime": "2024-01-20 14:39:37", "elapsed": 935.369742, "delta": 0.002516}}
{"target": -15.159596636873113, "params": {"colsample_bytree": 0.9974384140290249, "eta": 0.09660369225270572, "gamma": 622.5373793977662, "max_depth": 5.0, "min_child_weight": 4220.786096347652, "num_boost_round": 3.0, "subsample": 0.7151716650346259}, "datetime": {"datetime": "2024-01-20 14:39:37", "elapsed": 935.371617, "delta": 0.001875}}
{"target": -15.158500011143097, "params": {"colsample_bytree": 0.9974384140290249, "eta": 0.09660369225270572, "gamma": 622.5373793977662, "max_depth": 5.0, "min_child_weight": 4220.786096347652, "num_boost_round": 4.0, "subsample": 0.7151716650346259}, "datetime": {"datetime": "2024-01-20 14:39:37", "elapsed": 935.373223, "delta": 0.001606}}
{"target": -15.157316467768043, "params": {"colsample_bytree": 0.9974384140290249, "eta": 0.09660369225270572, "gamma": 622.5373793977662, "max_depth": 5.0, "min_child_weight": 4220.786096347652, "num_boost_round": 5.0, "subsample": 0.7151716650346259}, "datetime": {"datetime": "2024-01-20 14:39:37", "elapsed": 935.374869, "delta": 0.001646}}
{"target": -15.157103266527642, "params": {"colsample_bytree": 0.9974384140290249, "eta": 0.09660369225270572, "gamma": 622.5373793977662, "max_depth": 5.0, "min_child_weight": 4220.786096347652, "num_boost_round": 6.0, "subsample": 0.7151716650346259}, "datetime": {"datetime": "2024-01-20 14:39:37", "elapsed": 935.376502, "delta": 0.001633}}
{"target": -15.156217891615217, "params": {"colsample_bytree": 0.9974384140290249, "eta": 0.09660369225270572, "gamma": 622.5373793977662, "max_depth": 5.0, "min_child_weight": 4220.786096347652, "num_boost_round": 7.0, "subsample": 0.7151716650346259}, "datetime": {"datetime": "2024-01-20 14:39:37", "elapsed": 935.378124, "delta": 0.001622}}
{"target": -15.1559799158691, "params": {"colsample_bytree": 0.9974384140290249, "eta": 0.09660369225270572, "gamma": 622.5373793977662, "max_depth": 5.0, "min_child_weight": 4220.786096347652, "num_boost_round": 8.0, "subsample": 0.7151716650346259}, "datetime": {"datetime": "2024-01-20 14:39:37", "elapsed": 935.379728, "delta": 0.001604}}
{"target": -15.155576067189582, "params": {"colsample_bytree": 0.9974384140290249, "eta": 0.09660369225270572, "gamma": 622.5373793977662, "max_depth": 5.0, "min_child_weight": 4220.786096347652, "num_boost_round": 9.0, "subsample": 0.7151716650346259}, "datetime": {"datetime": "2024-01-20 14:39:37", "elapsed": 935.381406, "delta": 0.001678}}
{"target": -15.157258134041701, "params": {"colsample_bytree": 0.9974384140290249, "eta": 0.09660369225270572, "gamma": 622.5373793977662, "max_depth": 5.0, "min_child_weight": 4220.786096347652, "num_boost_round": 10.0, "subsample": 0.7151716650346259}, "datetime": {"datetime": "2024-01-20 14:39:37", "elapsed": 935.383025, "delta": 0.001619}}
{"target": -15.15852070245397, "params": {"colsample_bytree": 0.9974384140290249, "eta": 0.09660369225270572, "gamma": 622.5373793977662, "max_depth": 5.0, "min_child_weight": 4220.786096347652, "num_boost_round": 11.0, "subsample": 0.7151716650346259}, "datetime": {"datetime": "2024-01-20 14:39:37", "elapsed": 935.384648, "delta": 0.001623}}
{"target": -15.159008508063792, "params": {"colsample_bytree": 0.9974384140290249, "eta": 0.09660369225270572, "gamma": 622.5373793977662, "max_depth": 5.0, "min_child_weight": 4220.786096347652, "num_boost_round": 12.0, "subsample": 0.7151716650346259}, "datetime": {"datetime": "2024-01-20 14:39:37", "elapsed": 935.386246, "delta": 0.001598}}
{"target": -15.160504353387996, "params": {"colsample_bytree": 0.9974384140290249, "eta": 0.09660369225270572, "gamma": 622.5373793977662, "max_depth": 5.0, "min_child_weight": 4220.786096347652, "num_boost_round": 13.0, "subsample": 0.7151716650346259}, "datetime": {"datetime": "2024-01-20 14:39:37", "elapsed": 935.387875, "delta": 0.001629}}
{"target": -15.160768734810226, "params": {"colsample_bytree": 0.9974384140290249, "eta": 0.09660369225270572, "gamma": 622.5373793977662, "max_depth": 5.0, "min_child_weight": 4220.786096347652, "num_boost_round": 14.0, "subsample": 0.7151716650346259}, "datetime": {"datetime": "2024-01-20 14:39:37", "elapsed": 935.389476, "delta": 0.001601}}
{"target": -15.161475217229517, "params": {"colsample_bytree": 0.9974384140290249, "eta": 0.09660369225270572, "gamma": 622.5373793977662, "max_depth": 5.0, "min_child_weight": 4220.786096347652, "num_boost_round": 15.0, "subsample": 0.7151716650346259}, "datetime": {"datetime": "2024-01-20 14:39:37", "elapsed": 935.391097, "delta": 0.001621}}
{"target": -15.162165625863611, "params": {"colsample_bytree": 0.9974384140290249, "eta": 0.09660369225270572, "gamma": 622.5373793977662, "max_depth": 5.0, "min_child_weight": 4220.786096347652, "num_boost_round": 16.0, "subsample": 0.7151716650346259}, "datetime": {"datetime": "2024-01-20 14:39:37", "elapsed": 935.392877, "delta": 0.00178}}
{"target": -15.161955777021731, "params": {"colsample_bytree": 0.9974384140290249, "eta": 0.09660369225270572, "gamma": 622.5373793977662, "max_depth": 5.0, "min_child_weight": 4220.786096347652, "num_boost_round": 17.0, "subsample": 0.7151716650346259}, "datetime": {"datetime": "2024-01-20 14:39:37", "elapsed": 935.394619, "delta": 0.001742}}
{"target": -15.161244911462916, "params": {"colsample_bytree": 0.9974384140290249, "eta": 0.09660369225270572, "gamma": 622.5373793977662, "max_depth": 5.0, "min_child_weight": 4220.786096347652, "num_boost_round": 18.0, "subsample": 0.7151716650346259}, "datetime": {"datetime": "2024-01-20 14:39:37", "elapsed": 935.396332, "delta": 0.001713}}
{"target": -15.162850045733766, "params": {"colsample_bytree": 0.9974384140290249, "eta": 0.09660369225270572, "gamma": 622.5373793977662, "max_depth": 5.0, "min_child_weight": 4220.786096347652, "num_boost_round": 19.0, "subsample": 0.7151716650346259}, "datetime": {"datetime": "2024-01-20 14:39:37", "elapsed": 935.397941, "delta": 0.001609}}
{"target": -15.163764751774234, "params": {"colsample_bytree": 0.9974384140290249, "eta": 0.09660369225270572, "gamma": 622.5373793977662, "max_depth": 5.0, "min_child_weight": 4220.786096347652, "num_boost_round": 20.0, "subsample": 0.7151716650346259}, "datetime": {"datetime": "2024-01-20 14:39:37", "elapsed": 935.39962, "delta": 0.001679}}
{"target": -15.162882931918542, "params": {"colsample_bytree": 0.9974384140290249, "eta": 0.09660369225270572, "gamma": 622.5373793977662, "max_depth": 5.0, "min_child_weight": 4220.786096347652, "num_boost_round": 21.0, "subsample": 0.7151716650346259}, "datetime": {"datetime": "2024-01-20 14:39:37", "elapsed": 935.401234, "delta": 0.001614}}
{"target": -15.163206887373388, "params": {"colsample_bytree": 0.9974384140290249, "eta": 0.09660369225270572, "gamma": 622.5373793977662, "max_depth": 5.0, "min_child_weight": 4220.786096347652, "num_boost_round": 22.0, "subsample": 0.7151716650346259}, "datetime": {"datetime": "2024-01-20 14:39:37", "elapsed": 935.402898, "delta": 0.001664}}
{"target": -15.164026639168867, "params": {"colsample_bytree": 0.9974384140290249, "eta": 0.09660369225270572, "gamma": 622.5373793977662, "max_depth": 5.0, "min_child_weight": 4220.786096347652, "num_boost_round": 23.0, "subsample": 0.7151716650346259}, "datetime": {"datetime": "2024-01-20 14:39:37", "elapsed": 935.404514, "delta": 0.001616}}
{"target": -15.164352933746763, "params": {"colsample_bytree": 0.9974384140290249, "eta": 0.09660369225270572, "gamma": 622.5373793977662, "max_depth": 5.0, "min_child_weight": 4220.786096347652, "num_boost_round": 24.0, "subsample": 0.7151716650346259}, "datetime": {"datetime": "2024-01-20 14:39:37", "elapsed": 935.406121, "delta": 0.001607}}
{"target": -15.16371159942527, "params": {"colsample_bytree": 0.9974384140290249, "eta": 0.09660369225270572, "gamma": 622.5373793977662, "max_depth": 5.0, "min_child_weight": 4220.786096347652, "num_boost_round": 25.0, "subsample": 0.7151716650346259}, "datetime": {"datetime": "2024-01-20 14:39:37", "elapsed": 935.407733, "delta": 0.001612}}
{"target": -15.163437800398818, "params": {"colsample_bytree": 0.9974384140290249, "eta": 0.09660369225270572, "gamma": 622.5373793977662, "max_depth": 5.0, "min_child_weight": 4220.786096347652, "num_boost_round": 26.0, "subsample": 0.7151716650346259}, "datetime": {"datetime": "2024-01-20 14:39:37", "elapsed": 935.409354, "delta": 0.001621}}
{"target": -15.16504622447606, "params": {"colsample_bytree": 0.9974384140290249, "eta": 0.09660369225270572, "gamma": 622.5373793977662, "max_depth": 5.0, "min_child_weight": 4220.786096347652, "num_boost_round": 27.0, "subsample": 0.7151716650346259}, "datetime": {"datetime": "2024-01-20 14:39:37", "elapsed": 935.411059, "delta": 0.001705}}
{"target": -15.164812980134965, "params": {"colsample_bytree": 0.9974384140290249, "eta": 0.09660369225270572, "gamma": 622.5373793977662, "max_depth": 5.0, "min_child_weight": 4220.786096347652, "num_boost_round": 28.0, "subsample": 0.7151716650346259}, "datetime": {"datetime": "2024-01-20 14:39:37", "elapsed": 935.412687, "delta": 0.001628}}
{"target": -15.166315197973779, "params": {"colsample_bytree": 0.9974384140290249, "eta": 0.09660369225270572, "gamma": 622.5373793977662, "max_depth": 5.0, "min_child_weight": 4220.786096347652, "num_boost_round": 29.0, "subsample": 0.7151716650346259}, "datetime": {"datetime": "2024-01-20 14:39:37", "elapsed": 935.4143, "delta": 0.001613}}
{"target": -15.167133244018089, "params": {"colsample_bytree": 0.9974384140290249, "eta": 0.09660369225270572, "gamma": 622.5373793977662, "max_depth": 5.0, "min_child_weight": 4220.786096347652, "num_boost_round": 30.0, "subsample": 0.7151716650346259}, "datetime": {"datetime": "2024-01-20 14:39:37", "elapsed": 935.415919, "delta": 0.001619}}
{"target": -15.167787285965836, "params": {"colsample_bytree": 0.9974384140290249, "eta": 0.09660369225270572, "gamma": 622.5373793977662, "max_depth": 5.0, "min_child_weight": 4220.786096347652, "num_boost_round": 31.0, "subsample": 0.7151716650346259}, "datetime": {"datetime": "2024-01-20 14:39:37", "elapsed": 935.417532, "delta": 0.001613}}
{"target": -15.168672891404473, "params": {"colsample_bytree": 0.9974384140290249, "eta": 0.09660369225270572, "gamma": 622.5373793977662, "max_depth": 5.0, "min_child_weight": 4220.786096347652, "num_boost_round": 32.0, "subsample": 0.7151716650346259}, "datetime": {"datetime": "2024-01-20 14:39:37", "elapsed": 935.419231, "delta": 0.001699}}
{"target": -15.16856288705908, "params": {"colsample_bytree": 0.9974384140290249, "eta": 0.09660369225270572, "gamma": 622.5373793977662, "max_depth": 5.0, "min_child_weight": 4220.786096347652, "num_boost_round": 33.0, "subsample": 0.7151716650346259}, "datetime": {"datetime": "2024-01-20 14:39:37", "elapsed": 935.420851, "delta": 0.00162}}
{"target": -15.168366348558191, "params": {"colsample_bytree": 0.9974384140290249, "eta": 0.09660369225270572, "gamma": 622.5373793977662, "max_depth": 5.0, "min_child_weight": 4220.786096347652, "num_boost_round": 34.0, "subsample": 0.7151716650346259}, "datetime": {"datetime": "2024-01-20 14:39:37", "elapsed": 935.422625, "delta": 0.001774}}
{"target": -15.168615551893115, "params": {"colsample_bytree": 0.9974384140290249, "eta": 0.09660369225270572, "gamma": 622.5373793977662, "max_depth": 5.0, "min_child_weight": 4220.786096347652, "num_boost_round": 35.0, "subsample": 0.7151716650346259}, "datetime": {"datetime": "2024-01-20 14:39:37", "elapsed": 935.424407, "delta": 0.001782}}
{"target": -15.169371364401314, "params": {"colsample_bytree": 0.9974384140290249, "eta": 0.09660369225270572, "gamma": 622.5373793977662, "max_depth": 5.0, "min_child_weight": 4220.786096347652, "num_boost_round": 36.0, "subsample": 0.7151716650346259}, "datetime": {"datetime": "2024-01-20 14:39:37", "elapsed": 935.426042, "delta": 0.001635}}
{"target": -15.170051516433201, "params": {"colsample_bytree": 0.9974384140290249, "eta": 0.09660369225270572, "gamma": 622.5373793977662, "max_depth": 5.0, "min_child_weight": 4220.786096347652, "num_boost_round": 37.0, "subsample": 0.7151716650346259}, "datetime": {"datetime": "2024-01-20 14:39:37", "elapsed": 935.427667, "delta": 0.001625}}
{"target": -15.17059865420781, "params": {"colsample_bytree": 0.9974384140290249, "eta": 0.09660369225270572, "gamma": 622.5373793977662, "max_depth": 5.0, "min_child_weight": 4220.786096347652, "num_boost_round": 38.0, "subsample": 0.7151716650346259}, "datetime": {"datetime": "2024-01-20 14:39:37", "elapsed": 935.429303, "delta": 0.001636}}
{"target": -15.170916970787568, "params": {"colsample_bytree": 0.9974384140290249, "eta": 0.09660369225270572, "gamma": 622.5373793977662, "max_depth": 5.0, "min_child_weight": 4220.786096347652, "num_boost_round": 39.0, "subsample": 0.7151716650346259}, "datetime": {"datetime": "2024-01-20 14:39:37", "elapsed": 935.430924, "delta": 0.001621}}
{"target": -15.171980929682746, "params": {"colsample_bytree": 0.9974384140290249, "eta": 0.09660369225270572, "gamma": 622.5373793977662, "max_depth": 5.0, "min_child_weight": 4220.786096347652, "num_boost_round": 40.0, "subsample": 0.7151716650346259}, "datetime": {"datetime": "2024-01-20 14:39:37", "elapsed": 935.432635, "delta": 0.001711}}
{"target": -15.172106637231604, "params": {"colsample_bytree": 0.9974384140290249, "eta": 0.09660369225270572, "gamma": 622.5373793977662, "max_depth": 5.0, "min_child_weight": 4220.786096347652, "num_boost_round": 41.0, "subsample": 0.7151716650346259}, "datetime": {"datetime": "2024-01-20 14:39:37", "elapsed": 935.434329, "delta": 0.001694}}
{"target": -15.172126875207912, "params": {"colsample_bytree": 0.9974384140290249, "eta": 0.09660369225270572, "gamma": 622.5373793977662, "max_depth": 5.0, "min_child_weight": 4220.786096347652, "num_boost_round": 42.0, "subsample": 0.7151716650346259}, "datetime": {"datetime": "2024-01-20 14:39:37", "elapsed": 935.436005, "delta": 0.001676}}
{"target": -15.172806134254856, "params": {"colsample_bytree": 0.9974384140290249, "eta": 0.09660369225270572, "gamma": 622.5373793977662, "max_depth": 5.0, "min_child_weight": 4220.786096347652, "num_boost_round": 43.0, "subsample": 0.7151716650346259}, "datetime": {"datetime": "2024-01-20 14:39:37", "elapsed": 935.437684, "delta": 0.001679}}
{"target": -15.173256641652744, "params": {"colsample_bytree": 0.9974384140290249, "eta": 0.09660369225270572, "gamma": 622.5373793977662, "max_depth": 5.0, "min_child_weight": 4220.786096347652, "num_boost_round": 44.0, "subsample": 0.7151716650346259}, "datetime": {"datetime": "2024-01-20 14:39:37", "elapsed": 935.439344, "delta": 0.00166}}
{"target": -15.17309103129007, "params": {"colsample_bytree": 0.9974384140290249, "eta": 0.09660369225270572, "gamma": 622.5373793977662, "max_depth": 5.0, "min_child_weight": 4220.786096347652, "num_boost_round": 45.0, "subsample": 0.7151716650346259}, "datetime": {"datetime": "2024-01-20 14:39:37", "elapsed": 935.441035, "delta": 0.001691}}
{"target": -15.173205472269242, "params": {"colsample_bytree": 0.9974384140290249, "eta": 0.09660369225270572, "gamma": 622.5373793977662, "max_depth": 5.0, "min_child_weight": 4220.786096347652, "num_boost_round": 46.0, "subsample": 0.7151716650346259}, "datetime": {"datetime": "2024-01-20 14:39:38", "elapsed": 935.442719, "delta": 0.001684}}
{"target": -15.173805344437968, "params": {"colsample_bytree": 0.9974384140290249, "eta": 0.09660369225270572, "gamma": 622.5373793977662, "max_depth": 5.0, "min_child_weight": 4220.786096347652, "num_boost_round": 47.0, "subsample": 0.7151716650346259}, "datetime": {"datetime": "2024-01-20 14:39:38", "elapsed": 935.444387, "delta": 0.001668}}
{"target": -15.174096565159818, "params": {"colsample_bytree": 0.9974384140290249, "eta": 0.09660369225270572, "gamma": 622.5373793977662, "max_depth": 5.0, "min_child_weight": 4220.786096347652, "num_boost_round": 48.0, "subsample": 0.7151716650346259}, "datetime": {"datetime": "2024-01-20 14:39:38", "elapsed": 935.446053, "delta": 0.001666}}
{"target": -15.175279658045904, "params": {"colsample_bytree": 0.9974384140290249, "eta": 0.09660369225270572, "gamma": 622.5373793977662, "max_depth": 5.0, "min_child_weight": 4220.786096347652, "num_boost_round": 49.0, "subsample": 0.7151716650346259}, "datetime": {"datetime": "2024-01-20 14:39:38", "elapsed": 935.447731, "delta": 0.001678}}
