{"target": -12.357896264722797, "params": {"colsample_bytree": 0.10228671721263217, "eta": 0.038446408485875785, "gamma": 663.0050180127386, "max_depth": 2.0, "min_child_weight": 4243.1310745343035, "num_boost_round": 4.0, "subsample": 0.32071777499442405}, "datetime": {"datetime": "2024-01-20 15:00:55", "elapsed": 2222.062632, "delta": 0.003365}}
{"target": -12.357910462469768, "params": {"colsample_bytree": 0.10228671721263217, "eta": 0.038446408485875785, "gamma": 663.0050180127386, "max_depth": 2.0, "min_child_weight": 4243.1310745343035, "num_boost_round": 5.0, "subsample": 0.32071777499442405}, "datetime": {"datetime": "2024-01-20 15:00:55", "elapsed": 2222.06587, "delta": 0.003238}}
{"target": -12.357927769113719, "params": {"colsample_bytree": 0.10228671721263217, "eta": 0.038446408485875785, "gamma": 663.0050180127386, "max_depth": 2.0, "min_child_weight": 4243.1310745343035, "num_boost_round": 6.0, "subsample": 0.32071777499442405}, "datetime": {"datetime": "2024-01-20 15:00:55", "elapsed": 2222.069158, "delta": 0.003288}}
{"target": -12.357926325612704, "params": {"colsample_bytree": 0.10228671721263217, "eta": 0.038446408485875785, "gamma": 663.0050180127386, "max_depth": 2.0, "min_child_weight": 4243.1310745343035, "num_boost_round": 7.0, "subsample": 0.32071777499442405}, "datetime": {"datetime": "2024-01-20 15:00:55", "elapsed": 2222.072448, "delta": 0.00329}}
{"target": -12.356920522174711, "params": {"colsample_bytree": 0.10228671721263217, "eta": 0.038446408485875785, "gamma": 663.0050180127386, "max_depth": 2.0, "min_child_weight": 4243.1310745343035, "num_boost_round": 8.0, "subsample": 0.32071777499442405}, "datetime": {"datetime": "2024-01-20 15:00:55", "elapsed": 2222.075677, "delta": 0.003229}}
{"target": -12.356942118980761, "params": {"colsample_bytree": 0.10228671721263217, "eta": 0.038446408485875785, "gamma": 663.0050180127386, "max_depth": 2.0, "min_child_weight": 4243.1310745343035, "num_boost_round": 9.0, "subsample": 0.32071777499442405}, "datetime": {"datetime": "2024-01-20 15:00:55", "elapsed": 2222.079024, "delta": 0.003347}}
{"target": -12.357008126133824, "params": {"colsample_bytree": 0.10228671721263217, "eta": 0.038446408485875785, "gamma": 663.0050180127386, "max_depth": 2.0, "min_child_weight": 4243.1310745343035, "num_boost_round": 10.0, "subsample": 0.32071777499442405}, "datetime": {"datetime": "2024-01-20 15:00:55", "elapsed": 2222.082302, "delta": 0.003278}}
{"target": -12.35608038972103, "params": {"colsample_bytree": 0.10228671721263217, "eta": 0.038446408485875785, "gamma": 663.0050180127386, "max_depth": 2.0, "min_child_weight": 4243.1310745343035, "num_boost_round": 11.0, "subsample": 0.32071777499442405}, "datetime": {"datetime": "2024-01-20 15:00:55", "elapsed": 2222.085539, "delta": 0.003237}}
{"target": -12.356118712492561, "params": {"colsample_bytree": 0.10228671721263217, "eta": 0.038446408485875785, "gamma": 663.0050180127386, "max_depth": 2.0, "min_child_weight": 4243.1310745343035, "num_boost_round": 12.0, "subsample": 0.32071777499442405}, "datetime": {"datetime": "2024-01-20 15:00:55", "elapsed": 2222.088882, "delta": 0.003343}}
{"target": -12.356091484891518, "params": {"colsample_bytree": 0.10228671721263217, "eta": 0.038446408485875785, "gamma": 663.0050180127386, "max_depth": 2.0, "min_child_weight": 4243.1310745343035, "num_boost_round": 13.0, "subsample": 0.32071777499442405}, "datetime": {"datetime": "2024-01-20 15:00:55", "elapsed": 2222.092105, "delta": 0.003223}}
{"target": -12.356110988846988, "params": {"colsample_bytree": 0.10228671721263217, "eta": 0.038446408485875785, "gamma": 663.0050180127386, "max_depth": 2.0, "min_child_weight": 4243.1310745343035, "num_boost_round": 14.0, "subsample": 0.32071777499442405}, "datetime": {"datetime": "2024-01-20 15:00:55", "elapsed": 2222.09537, "delta": 0.003265}}
{"target": -12.355177790175777, "params": {"colsample_bytree": 0.10228671721263217, "eta": 0.038446408485875785, "gamma": 663.0050180127386, "max_depth": 2.0, "min_child_weight": 4243.1310745343035, "num_boost_round": 15.0, "subsample": 0.32071777499442405}, "datetime": {"datetime": "2024-01-20 15:00:55", "elapsed": 2222.098703, "delta": 0.003333}}
{"target": -12.355141822214122, "params": {"colsample_bytree": 0.10228671721263217, "eta": 0.038446408485875785, "gamma": 663.0050180127386, "max_depth": 2.0, "min_child_weight": 4243.1310745343035, "num_boost_round": 16.0, "subsample": 0.32071777499442405}, "datetime": {"datetime": "2024-01-20 15:00:55", "elapsed": 2222.101996, "delta": 0.003293}}
{"target": -12.355160769523744, "params": {"colsample_bytree": 0.10228671721263217, "eta": 0.038446408485875785, "gamma": 663.0050180127386, "max_depth": 2.0, "min_child_weight": 4243.1310745343035, "num_boost_round": 17.0, "subsample": 0.32071777499442405}, "datetime": {"datetime": "2024-01-20 15:00:55", "elapsed": 2222.105261, "delta": 0.003265}}
{"target": -12.355218706331875, "params": {"colsample_bytree": 0.10228671721263217, "eta": 0.038446408485875785, "gamma": 663.0050180127386, "max_depth": 2.0, "min_child_weight": 4243.1310745343035, "num_boost_round": 18.0, "subsample": 0.32071777499442405}, "datetime": {"datetime": "2024-01-20 15:00:55", "elapsed": 2222.108497, "delta": 0.003236}}
{"target": -12.355239522564965, "params": {"colsample_bytree": 0.10228671721263217, "eta": 0.038446408485875785, "gamma": 663.0050180127386, "max_depth": 2.0, "min_child_weight": 4243.1310745343035, "num_boost_round": 19.0, "subsample": 0.32071777499442405}, "datetime": {"datetime": "2024-01-20 15:00:55", "elapsed": 2222.1118, "delta": 0.003303}}
{"target": -12.355280362047406, "params": {"colsample_bytree": 0.10228671721263217, "eta": 0.038446408485875785, "gamma": 663.0050180127386, "max_depth": 2.0, "min_child_weight": 4243.1310745343035, "num_boost_round": 20.0, "subsample": 0.32071777499442405}, "datetime": {"datetime": "2024-01-20 15:00:55", "elapsed": 2222.115051, "delta": 0.003251}}
{"target": -12.355286129148059, "params": {"colsample_bytree": 0.10228671721263217, "eta": 0.038446408485875785, "gamma": 663.0050180127386, "max_depth": 2.0, "min_child_weight": 4243.1310745343035, "num_boost_round": 21.0, "subsample": 0.32071777499442405}, "datetime": {"datetime": "2024-01-20 15:00:55", "elapsed": 2222.118507, "delta": 0.003456}}
{"target": -12.355311453338397, "params": {"colsample_bytree": 0.10228671721263217, "eta": 0.038446408485875785, "gamma": 663.0050180127386, "max_depth": 2.0, "min_child_weight": 4243.1310745343035, "num_boost_round": 22.0, "subsample": 0.32071777499442405}, "datetime": {"datetime": "2024-01-20 15:00:55", "elapsed": 2222.122073, "delta": 0.003566}}
{"target": -12.358511371552723, "params": {"colsample_bytree": 0.7325034912852656, "eta": 0.0036983131945054525, "gamma": 662.1604389932462, "max_depth": 3.0, "min_child_weight": 4277.39163380729, "num_boost_round": 1.0, "subsample": 0.8590251791036965}, "datetime": {"datetime": "2024-01-20 15:01:40", "elapsed": 2267.219615, "delta": 45.097542}}
{"target": -12.358290482324236, "params": {"colsample_bytree": 0.7325034912852656, "eta": 0.0036983131945054525, "gamma": 662.1604389932462, "max_depth": 3.0, "min_child_weight": 4277.39163380729, "num_boost_round": 2.0, "subsample": 0.8590251791036965}, "datetime": {"datetime": "2024-01-20 15:01:40", "elapsed": 2267.224333, "delta": 0.004718}}
{"target": -12.35807242133325, "params": {"colsample_bytree": 0.7325034912852656, "eta": 0.0036983131945054525, "gamma": 662.1604389932462, "max_depth": 3.0, "min_child_weight": 4277.39163380729, "num_boost_round": 3.0, "subsample": 0.8590251791036965}, "datetime": {"datetime": "2024-01-20 15:01:40", "elapsed": 2267.227889, "delta": 0.003556}}
{"target": -12.357968795594033, "params": {"colsample_bytree": 0.7325034912852656, "eta": 0.0036983131945054525, "gamma": 662.1604389932462, "max_depth": 3.0, "min_child_weight": 4277.39163380729, "num_boost_round": 4.0, "subsample": 0.8590251791036965}, "datetime": {"datetime": "2024-01-20 15:01:40", "elapsed": 2267.231237, "delta": 0.003348}}
{"target": -12.357749765223303, "params": {"colsample_bytree": 0.7325034912852656, "eta": 0.0036983131945054525, "gamma": 662.1604389932462, "max_depth": 3.0, "min_child_weight": 4277.39163380729, "num_boost_round": 5.0, "subsample": 0.8590251791036965}, "datetime": {"datetime": "2024-01-20 15:01:40", "elapsed": 2267.234633, "delta": 0.003396}}
{"target": -12.357538531837742, "params": {"colsample_bytree": 0.7325034912852656, "eta": 0.0036983131945054525, "gamma": 662.1604389932462, "max_depth": 3.0, "min_child_weight": 4277.39163380729, "num_boost_round": 6.0, "subsample": 0.8590251791036965}, "datetime": {"datetime": "2024-01-20 15:01:40", "elapsed": 2267.23812, "delta": 0.003487}}
{"target": -12.357334249332105, "params": {"colsample_bytree": 0.7325034912852656, "eta": 0.0036983131945054525, "gamma": 662.1604389932462, "max_depth": 3.0, "min_child_weight": 4277.39163380729, "num_boost_round": 7.0, "subsample": 0.8590251791036965}, "datetime": {"datetime": "2024-01-20 15:01:40", "elapsed": 2267.241451, "delta": 0.003331}}
{"target": -12.357229483797067, "params": {"colsample_bytree": 0.7325034912852656, "eta": 0.0036983131945054525, "gamma": 662.1604389932462, "max_depth": 3.0, "min_child_weight": 4277.39163380729, "num_boost_round": 8.0, "subsample": 0.8590251791036965}, "datetime": {"datetime": "2024-01-20 15:01:40", "elapsed": 2267.244772, "delta": 0.003321}}
{"target": -12.357009006444514, "params": {"colsample_bytree": 0.7325034912852656, "eta": 0.0036983131945054525, "gamma": 662.1604389932462, "max_depth": 3.0, "min_child_weight": 4277.39163380729, "num_boost_round": 9.0, "subsample": 0.8590251791036965}, "datetime": {"datetime": "2024-01-20 15:01:40", "elapsed": 2267.248018, "delta": 0.003246}}
{"target": -12.356815989999378, "params": {"colsample_bytree": 0.7325034912852656, "eta": 0.0036983131945054525, "gamma": 662.1604389932462, "max_depth": 3.0, "min_child_weight": 4277.39163380729, "num_boost_round": 10.0, "subsample": 0.8590251791036965}, "datetime": {"datetime": "2024-01-20 15:01:40", "elapsed": 2267.251678, "delta": 0.00366}}
{"target": -12.356711974764773, "params": {"colsample_bytree": 0.7325034912852656, "eta": 0.0036983131945054525, "gamma": 662.1604389932462, "max_depth": 3.0, "min_child_weight": 4277.39163380729, "num_boost_round": 11.0, "subsample": 0.8590251791036965}, "datetime": {"datetime": "2024-01-20 15:01:40", "elapsed": 2267.254958, "delta": 0.00328}}
{"target": -12.356517320023366, "params": {"colsample_bytree": 0.7325034912852656, "eta": 0.0036983131945054525, "gamma": 662.1604389932462, "max_depth": 3.0, "min_child_weight": 4277.39163380729, "num_boost_round": 12.0, "subsample": 0.8590251791036965}, "datetime": {"datetime": "2024-01-20 15:01:40", "elapsed": 2267.258256, "delta": 0.003298}}
{"target": -12.356327991001141, "params": {"colsample_bytree": 0.7325034912852656, "eta": 0.0036983131945054525, "gamma": 662.1604389932462, "max_depth": 3.0, "min_child_weight": 4277.39163380729, "num_boost_round": 13.0, "subsample": 0.8590251791036965}, "datetime": {"datetime": "2024-01-20 15:01:40", "elapsed": 2267.261739, "delta": 0.003483}}
{"target": -12.356137774133092, "params": {"colsample_bytree": 0.7325034912852656, "eta": 0.0036983131945054525, "gamma": 662.1604389932462, "max_depth": 3.0, "min_child_weight": 4277.39163380729, "num_boost_round": 14.0, "subsample": 0.8590251791036965}, "datetime": {"datetime": "2024-01-20 15:01:40", "elapsed": 2267.26518, "delta": 0.003441}}
{"target": -12.355936912242244, "params": {"colsample_bytree": 0.7325034912852656, "eta": 0.0036983131945054525, "gamma": 662.1604389932462, "max_depth": 3.0, "min_child_weight": 4277.39163380729, "num_boost_round": 15.0, "subsample": 0.8590251791036965}, "datetime": {"datetime": "2024-01-20 15:01:40", "elapsed": 2267.268602, "delta": 0.003422}}
{"target": -12.355728014447013, "params": {"colsample_bytree": 0.7325034912852656, "eta": 0.0036983131945054525, "gamma": 662.1604389932462, "max_depth": 3.0, "min_child_weight": 4277.39163380729, "num_boost_round": 16.0, "subsample": 0.8590251791036965}, "datetime": {"datetime": "2024-01-20 15:01:40", "elapsed": 2267.271999, "delta": 0.003397}}
{"target": -12.355637230454821, "params": {"colsample_bytree": 0.7325034912852656, "eta": 0.0036983131945054525, "gamma": 662.1604389932462, "max_depth": 3.0, "min_child_weight": 4277.39163380729, "num_boost_round": 17.0, "subsample": 0.8590251791036965}, "datetime": {"datetime": "2024-01-20 15:01:40", "elapsed": 2267.27536, "delta": 0.003361}}
{"target": -12.355549717399771, "params": {"colsample_bytree": 0.7325034912852656, "eta": 0.0036983131945054525, "gamma": 662.1604389932462, "max_depth": 3.0, "min_child_weight": 4277.39163380729, "num_boost_round": 18.0, "subsample": 0.8590251791036965}, "datetime": {"datetime": "2024-01-20 15:01:41", "elapsed": 2267.278626, "delta": 0.003266}}
{"target": -12.355558817929609, "params": {"colsample_bytree": 0.7325034912852656, "eta": 0.0036983131945054525, "gamma": 662.1604389932462, "max_depth": 3.0, "min_child_weight": 4277.39163380729, "num_boost_round": 19.0, "subsample": 0.8590251791036965}, "datetime": {"datetime": "2024-01-20 15:01:41", "elapsed": 2267.281939, "delta": 0.003313}}
{"target": -12.3554705947943, "params": {"colsample_bytree": 0.7325034912852656, "eta": 0.0036983131945054525, "gamma": 662.1604389932462, "max_depth": 3.0, "min_child_weight": 4277.39163380729, "num_boost_round": 20.0, "subsample": 0.8590251791036965}, "datetime": {"datetime": "2024-01-20 15:01:41", "elapsed": 2267.285237, "delta": 0.003298}}
{"target": -12.355395716374547, "params": {"colsample_bytree": 0.7325034912852656, "eta": 0.0036983131945054525, "gamma": 662.1604389932462, "max_depth": 3.0, "min_child_weight": 4277.39163380729, "num_boost_round": 21.0, "subsample": 0.8590251791036965}, "datetime": {"datetime": "2024-01-20 15:01:41", "elapsed": 2267.288532, "delta": 0.003295}}
{"target": -12.355316582800981, "params": {"colsample_bytree": 0.7325034912852656, "eta": 0.0036983131945054525, "gamma": 662.1604389932462, "max_depth": 3.0, "min_child_weight": 4277.39163380729, "num_boost_round": 22.0, "subsample": 0.8590251791036965}, "datetime": {"datetime": "2024-01-20 15:01:41", "elapsed": 2267.291823, "delta": 0.003291}}
{"target": -12.355238084353598, "params": {"colsample_bytree": 0.7325034912852656, "eta": 0.0036983131945054525, "gamma": 662.1604389932462, "max_depth": 3.0, "min_child_weight": 4277.39163380729, "num_boost_round": 23.0, "subsample": 0.8590251791036965}, "datetime": {"datetime": "2024-01-20 15:01:41", "elapsed": 2267.295169, "delta": 0.003346}}
{"target": -12.35525808776162, "params": {"colsample_bytree": 0.7325034912852656, "eta": 0.0036983131945054525, "gamma": 662.1604389932462, "max_depth": 3.0, "min_child_weight": 4277.39163380729, "num_boost_round": 24.0, "subsample": 0.8590251791036965}, "datetime": {"datetime": "2024-01-20 15:01:41", "elapsed": 2267.298539, "delta": 0.00337}}
{"target": -12.355078454230501, "params": {"colsample_bytree": 0.7325034912852656, "eta": 0.0036983131945054525, "gamma": 662.1604389932462, "max_depth": 3.0, "min_child_weight": 4277.39163380729, "num_boost_round": 25.0, "subsample": 0.8590251791036965}, "datetime": {"datetime": "2024-01-20 15:01:41", "elapsed": 2267.301909, "delta": 0.00337}}
{"target": -12.354998183009782, "params": {"colsample_bytree": 0.7325034912852656, "eta": 0.0036983131945054525, "gamma": 662.1604389932462, "max_depth": 3.0, "min_child_weight": 4277.39163380729, "num_boost_round": 26.0, "subsample": 0.8590251791036965}, "datetime": {"datetime": "2024-01-20 15:01:41", "elapsed": 2267.305303, "delta": 0.003394}}
{"target": -12.356754186947025, "params": {"colsample_bytree": 0.24397747940982262, "eta": 0.07865784560078493, "gamma": 578.6515844979787, "max_depth": 3.0, "min_child_weight": 4188.389151707304, "num_boost_round": 1.0, "subsample": 0.16910211052454488}, "datetime": {"datetime": "2024-01-20 15:02:36", "elapsed": 2322.544402, "delta": 55.239099}}
{"target": -12.355436475308647, "params": {"colsample_bytree": 0.24397747940982262, "eta": 0.07865784560078493, "gamma": 578.6515844979787, "max_depth": 3.0, "min_child_weight": 4188.389151707304, "num_boost_round": 2.0, "subsample": 0.16910211052454488}, "datetime": {"datetime": "2024-01-20 15:02:36", "elapsed": 2322.54962, "delta": 0.005218}}
{"target": -12.352604658512877, "params": {"colsample_bytree": 0.24397747940982262, "eta": 0.07865784560078493, "gamma": 578.6515844979787, "max_depth": 3.0, "min_child_weight": 4188.389151707304, "num_boost_round": 3.0, "subsample": 0.16910211052454488}, "datetime": {"datetime": "2024-01-20 15:02:36", "elapsed": 2322.553783, "delta": 0.004163}}
{"target": -12.353035724301428, "params": {"colsample_bytree": 0.24397747940982262, "eta": 0.07865784560078493, "gamma": 578.6515844979787, "max_depth": 3.0, "min_child_weight": 4188.389151707304, "num_boost_round": 4.0, "subsample": 0.16910211052454488}, "datetime": {"datetime": "2024-01-20 15:02:36", "elapsed": 2322.558483, "delta": 0.0047}}
{"target": -12.353039249948718, "params": {"colsample_bytree": 0.24397747940982262, "eta": 0.07865784560078493, "gamma": 578.6515844979787, "max_depth": 3.0, "min_child_weight": 4188.389151707304, "num_boost_round": 5.0, "subsample": 0.16910211052454488}, "datetime": {"datetime": "2024-01-20 15:02:36", "elapsed": 2322.563732, "delta": 0.005249}}
{"target": -12.352173708497538, "params": {"colsample_bytree": 0.24397747940982262, "eta": 0.07865784560078493, "gamma": 578.6515844979787, "max_depth": 3.0, "min_child_weight": 4188.389151707304, "num_boost_round": 6.0, "subsample": 0.16910211052454488}, "datetime": {"datetime": "2024-01-20 15:02:36", "elapsed": 2322.567727, "delta": 0.003995}}
{"target": -12.352240701771496, "params": {"colsample_bytree": 0.24397747940982262, "eta": 0.07865784560078493, "gamma": 578.6515844979787, "max_depth": 3.0, "min_child_weight": 4188.389151707304, "num_boost_round": 7.0, "subsample": 0.16910211052454488}, "datetime": {"datetime": "2024-01-20 15:02:36", "elapsed": 2322.571303, "delta": 0.003576}}
{"target": -12.35102840253662, "params": {"colsample_bytree": 0.24397747940982262, "eta": 0.07865784560078493, "gamma": 578.6515844979787, "max_depth": 3.0, "min_child_weight": 4188.389151707304, "num_boost_round": 8.0, "subsample": 0.16910211052454488}, "datetime": {"datetime": "2024-01-20 15:02:36", "elapsed": 2322.574781, "delta": 0.003478}}
{"target": -12.351094218375632, "params": {"colsample_bytree": 0.24397747940982262, "eta": 0.07865784560078493, "gamma": 578.6515844979787, "max_depth": 3.0, "min_child_weight": 4188.389151707304, "num_boost_round": 9.0, "subsample": 0.16910211052454488}, "datetime": {"datetime": "2024-01-20 15:02:36", "elapsed": 2322.578318, "delta": 0.003537}}
{"target": -12.350704141226693, "params": {"colsample_bytree": 0.24397747940982262, "eta": 0.07865784560078493, "gamma": 578.6515844979787, "max_depth": 3.0, "min_child_weight": 4188.389151707304, "num_boost_round": 10.0, "subsample": 0.16910211052454488}, "datetime": {"datetime": "2024-01-20 15:02:36", "elapsed": 2322.581741, "delta": 0.003423}}
{"target": -12.350182404344352, "params": {"colsample_bytree": 0.24397747940982262, "eta": 0.07865784560078493, "gamma": 578.6515844979787, "max_depth": 3.0, "min_child_weight": 4188.389151707304, "num_boost_round": 11.0, "subsample": 0.16910211052454488}, "datetime": {"datetime": "2024-01-20 15:02:36", "elapsed": 2322.585052, "delta": 0.003311}}
{"target": -12.349900188252533, "params": {"colsample_bytree": 0.24397747940982262, "eta": 0.07865784560078493, "gamma": 578.6515844979787, "max_depth": 3.0, "min_child_weight": 4188.389151707304, "num_boost_round": 12.0, "subsample": 0.16910211052454488}, "datetime": {"datetime": "2024-01-20 15:02:36", "elapsed": 2322.588376, "delta": 0.003324}}
{"target": -12.350194544681074, "params": {"colsample_bytree": 0.24397747940982262, "eta": 0.07865784560078493, "gamma": 578.6515844979787, "max_depth": 3.0, "min_child_weight": 4188.389151707304, "num_boost_round": 13.0, "subsample": 0.16910211052454488}, "datetime": {"datetime": "2024-01-20 15:02:36", "elapsed": 2322.591673, "delta": 0.003297}}
{"target": -12.350225529359719, "params": {"colsample_bytree": 0.24397747940982262, "eta": 0.07865784560078493, "gamma": 578.6515844979787, "max_depth": 3.0, "min_child_weight": 4188.389151707304, "num_boost_round": 14.0, "subsample": 0.16910211052454488}, "datetime": {"datetime": "2024-01-20 15:02:36", "elapsed": 2322.595002, "delta": 0.003329}}
{"target": -12.349401194139556, "params": {"colsample_bytree": 0.24397747940982262, "eta": 0.07865784560078493, "gamma": 578.6515844979787, "max_depth": 3.0, "min_child_weight": 4188.389151707304, "num_boost_round": 15.0, "subsample": 0.16910211052454488}, "datetime": {"datetime": "2024-01-20 15:02:36", "elapsed": 2322.598511, "delta": 0.003509}}
{"target": -12.348881059154891, "params": {"colsample_bytree": 0.24397747940982262, "eta": 0.07865784560078493, "gamma": 578.6515844979787, "max_depth": 3.0, "min_child_weight": 4188.389151707304, "num_boost_round": 16.0, "subsample": 0.16910211052454488}, "datetime": {"datetime": "2024-01-20 15:02:36", "elapsed": 2322.601875, "delta": 0.003364}}
{"target": -12.34904081367972, "params": {"colsample_bytree": 0.24397747940982262, "eta": 0.07865784560078493, "gamma": 578.6515844979787, "max_depth": 3.0, "min_child_weight": 4188.389151707304, "num_boost_round": 17.0, "subsample": 0.16910211052454488}, "datetime": {"datetime": "2024-01-20 15:02:36", "elapsed": 2322.605221, "delta": 0.003346}}
{"target": -12.34910829921997, "params": {"colsample_bytree": 0.24397747940982262, "eta": 0.07865784560078493, "gamma": 578.6515844979787, "max_depth": 3.0, "min_child_weight": 4188.389151707304, "num_boost_round": 18.0, "subsample": 0.16910211052454488}, "datetime": {"datetime": "2024-01-20 15:02:36", "elapsed": 2322.60853, "delta": 0.003309}}
