{"target": -15.155809014619349, "params": {"colsample_bytree": 0.9373006128029014, "eta": 0.07807840169212404, "gamma": 419.2000173327424, "max_depth": 9.0, "min_child_weight": 4433.582118543376, "num_boost_round": 7.0, "subsample": 0.873405966454599}, "datetime": {"datetime": "2024-01-20 15:36:10", "elapsed": 4327.828044, "delta": 0.00469}}
{"target": -15.1551106144822, "params": {"colsample_bytree": 0.9373006128029014, "eta": 0.07807840169212404, "gamma": 419.2000173327424, "max_depth": 9.0, "min_child_weight": 4433.582118543376, "num_boost_round": 8.0, "subsample": 0.873405966454599}, "datetime": {"datetime": "2024-01-20 15:36:10", "elapsed": 4327.832747, "delta": 0.004703}}
{"target": -15.155984716220111, "params": {"colsample_bytree": 0.9373006128029014, "eta": 0.07807840169212404, "gamma": 419.2000173327424, "max_depth": 9.0, "min_child_weight": 4433.582118543376, "num_boost_round": 9.0, "subsample": 0.873405966454599}, "datetime": {"datetime": "2024-01-20 15:36:10", "elapsed": 4327.83741, "delta": 0.004663}}
{"target": -15.157427697726451, "params": {"colsample_bytree": 0.9373006128029014, "eta": 0.07807840169212404, "gamma": 419.2000173327424, "max_depth": 9.0, "min_child_weight": 4433.582118543376, "num_boost_round": 10.0, "subsample": 0.873405966454599}, "datetime": {"datetime": "2024-01-20 15:36:10", "elapsed": 4327.842204, "delta": 0.004794}}
{"target": -15.158252709664623, "params": {"colsample_bytree": 0.9373006128029014, "eta": 0.07807840169212404, "gamma": 419.2000173327424, "max_depth": 9.0, "min_child_weight": 4433.582118543376, "num_boost_round": 11.0, "subsample": 0.873405966454599}, "datetime": {"datetime": "2024-01-20 15:36:10", "elapsed": 4327.84698, "delta": 0.004776}}
{"target": -15.15877550606926, "params": {"colsample_bytree": 0.9373006128029014, "eta": 0.07807840169212404, "gamma": 419.2000173327424, "max_depth": 9.0, "min_child_weight": 4433.582118543376, "num_boost_round": 12.0, "subsample": 0.873405966454599}, "datetime": {"datetime": "2024-01-20 15:36:10", "elapsed": 4327.851906, "delta": 0.004926}}
{"target": -15.158955107143502, "params": {"colsample_bytree": 0.9373006128029014, "eta": 0.07807840169212404, "gamma": 419.2000173327424, "max_depth": 9.0, "min_child_weight": 4433.582118543376, "num_boost_round": 13.0, "subsample": 0.873405966454599}, "datetime": {"datetime": "2024-01-20 15:36:10", "elapsed": 4327.856542, "delta": 0.004636}}
{"target": -15.15922100357606, "params": {"colsample_bytree": 0.9373006128029014, "eta": 0.07807840169212404, "gamma": 419.2000173327424, "max_depth": 9.0, "min_child_weight": 4433.582118543376, "num_boost_round": 14.0, "subsample": 0.873405966454599}, "datetime": {"datetime": "2024-01-20 15:36:10", "elapsed": 4327.861285, "delta": 0.004743}}
{"target": -15.160162377879459, "params": {"colsample_bytree": 0.9373006128029014, "eta": 0.07807840169212404, "gamma": 419.2000173327424, "max_depth": 9.0, "min_child_weight": 4433.582118543376, "num_boost_round": 15.0, "subsample": 0.873405966454599}, "datetime": {"datetime": "2024-01-20 15:36:10", "elapsed": 4327.865923, "delta": 0.004638}}
{"target": -15.161506619250279, "params": {"colsample_bytree": 0.9373006128029014, "eta": 0.07807840169212404, "gamma": 419.2000173327424, "max_depth": 9.0, "min_child_weight": 4433.582118543376, "num_boost_round": 16.0, "subsample": 0.873405966454599}, "datetime": {"datetime": "2024-01-20 15:36:10", "elapsed": 4327.870576, "delta": 0.004653}}
{"target": -15.16301793518618, "params": {"colsample_bytree": 0.9373006128029014, "eta": 0.07807840169212404, "gamma": 419.2000173327424, "max_depth": 9.0, "min_child_weight": 4433.582118543376, "num_boost_round": 17.0, "subsample": 0.873405966454599}, "datetime": {"datetime": "2024-01-20 15:36:10", "elapsed": 4327.875368, "delta": 0.004792}}
{"target": -15.164556976062926, "params": {"colsample_bytree": 0.9373006128029014, "eta": 0.07807840169212404, "gamma": 419.2000173327424, "max_depth": 9.0, "min_child_weight": 4433.582118543376, "num_boost_round": 18.0, "subsample": 0.873405966454599}, "datetime": {"datetime": "2024-01-20 15:36:10", "elapsed": 4327.88024, "delta": 0.004872}}
{"target": -15.165531945340463, "params": {"colsample_bytree": 0.9373006128029014, "eta": 0.07807840169212404, "gamma": 419.2000173327424, "max_depth": 9.0, "min_child_weight": 4433.582118543376, "num_boost_round": 19.0, "subsample": 0.873405966454599}, "datetime": {"datetime": "2024-01-20 15:36:10", "elapsed": 4327.885018, "delta": 0.004778}}
{"target": -15.166255252994542, "params": {"colsample_bytree": 0.9373006128029014, "eta": 0.07807840169212404, "gamma": 419.2000173327424, "max_depth": 9.0, "min_child_weight": 4433.582118543376, "num_boost_round": 20.0, "subsample": 0.873405966454599}, "datetime": {"datetime": "2024-01-20 15:36:10", "elapsed": 4327.889691, "delta": 0.004673}}
{"target": -15.166831954752244, "params": {"colsample_bytree": 0.9373006128029014, "eta": 0.07807840169212404, "gamma": 419.2000173327424, "max_depth": 9.0, "min_child_weight": 4433.582118543376, "num_boost_round": 21.0, "subsample": 0.873405966454599}, "datetime": {"datetime": "2024-01-20 15:36:10", "elapsed": 4327.894504, "delta": 0.004813}}
{"target": -15.169253476741897, "params": {"colsample_bytree": 0.9373006128029014, "eta": 0.07807840169212404, "gamma": 419.2000173327424, "max_depth": 9.0, "min_child_weight": 4433.582118543376, "num_boost_round": 22.0, "subsample": 0.873405966454599}, "datetime": {"datetime": "2024-01-20 15:36:10", "elapsed": 4327.899341, "delta": 0.004837}}
{"target": -15.170446972421072, "params": {"colsample_bytree": 0.9373006128029014, "eta": 0.07807840169212404, "gamma": 419.2000173327424, "max_depth": 9.0, "min_child_weight": 4433.582118543376, "num_boost_round": 23.0, "subsample": 0.873405966454599}, "datetime": {"datetime": "2024-01-20 15:36:10", "elapsed": 4327.904229, "delta": 0.004888}}
{"target": -15.171502123087434, "params": {"colsample_bytree": 0.9373006128029014, "eta": 0.07807840169212404, "gamma": 419.2000173327424, "max_depth": 9.0, "min_child_weight": 4433.582118543376, "num_boost_round": 24.0, "subsample": 0.873405966454599}, "datetime": {"datetime": "2024-01-20 15:36:10", "elapsed": 4327.909088, "delta": 0.004859}}
{"target": -15.172209089087218, "params": {"colsample_bytree": 0.9373006128029014, "eta": 0.07807840169212404, "gamma": 419.2000173327424, "max_depth": 9.0, "min_child_weight": 4433.582118543376, "num_boost_round": 25.0, "subsample": 0.873405966454599}, "datetime": {"datetime": "2024-01-20 15:36:10", "elapsed": 4327.913841, "delta": 0.004753}}
{"target": -15.172712514694329, "params": {"colsample_bytree": 0.9373006128029014, "eta": 0.07807840169212404, "gamma": 419.2000173327424, "max_depth": 9.0, "min_child_weight": 4433.582118543376, "num_boost_round": 26.0, "subsample": 0.873405966454599}, "datetime": {"datetime": "2024-01-20 15:36:10", "elapsed": 4327.918463, "delta": 0.004622}}
{"target": -15.173704399094383, "params": {"colsample_bytree": 0.9373006128029014, "eta": 0.07807840169212404, "gamma": 419.2000173327424, "max_depth": 9.0, "min_child_weight": 4433.582118543376, "num_boost_round": 27.0, "subsample": 0.873405966454599}, "datetime": {"datetime": "2024-01-20 15:36:10", "elapsed": 4327.923345, "delta": 0.004882}}
{"target": -15.174356618870966, "params": {"colsample_bytree": 0.9373006128029014, "eta": 0.07807840169212404, "gamma": 419.2000173327424, "max_depth": 9.0, "min_child_weight": 4433.582118543376, "num_boost_round": 28.0, "subsample": 0.873405966454599}, "datetime": {"datetime": "2024-01-20 15:36:10", "elapsed": 4327.928116, "delta": 0.004771}}
{"target": -15.17521530836504, "params": {"colsample_bytree": 0.9373006128029014, "eta": 0.07807840169212404, "gamma": 419.2000173327424, "max_depth": 9.0, "min_child_weight": 4433.582118543376, "num_boost_round": 29.0, "subsample": 0.873405966454599}, "datetime": {"datetime": "2024-01-20 15:36:10", "elapsed": 4327.932846, "delta": 0.00473}}
{"target": -15.175999772273357, "params": {"colsample_bytree": 0.9373006128029014, "eta": 0.07807840169212404, "gamma": 419.2000173327424, "max_depth": 9.0, "min_child_weight": 4433.582118543376, "num_boost_round": 30.0, "subsample": 0.873405966454599}, "datetime": {"datetime": "2024-01-20 15:36:10", "elapsed": 4327.937712, "delta": 0.004866}}
{"target": -15.177174802224615, "params": {"colsample_bytree": 0.9373006128029014, "eta": 0.07807840169212404, "gamma": 419.2000173327424, "max_depth": 9.0, "min_child_weight": 4433.582118543376, "num_boost_round": 31.0, "subsample": 0.873405966454599}, "datetime": {"datetime": "2024-01-20 15:36:10", "elapsed": 4327.942329, "delta": 0.004617}}
{"target": -15.177474019976675, "params": {"colsample_bytree": 0.9373006128029014, "eta": 0.07807840169212404, "gamma": 419.2000173327424, "max_depth": 9.0, "min_child_weight": 4433.582118543376, "num_boost_round": 32.0, "subsample": 0.873405966454599}, "datetime": {"datetime": "2024-01-20 15:36:10", "elapsed": 4327.946942, "delta": 0.004613}}
{"target": -15.17862898654487, "params": {"colsample_bytree": 0.9373006128029014, "eta": 0.07807840169212404, "gamma": 419.2000173327424, "max_depth": 9.0, "min_child_weight": 4433.582118543376, "num_boost_round": 33.0, "subsample": 0.873405966454599}, "datetime": {"datetime": "2024-01-20 15:36:10", "elapsed": 4327.951652, "delta": 0.00471}}
{"target": -15.17976641477281, "params": {"colsample_bytree": 0.9373006128029014, "eta": 0.07807840169212404, "gamma": 419.2000173327424, "max_depth": 9.0, "min_child_weight": 4433.582118543376, "num_boost_round": 34.0, "subsample": 0.873405966454599}, "datetime": {"datetime": "2024-01-20 15:36:10", "elapsed": 4327.956336, "delta": 0.004684}}
{"target": -15.180432835096834, "params": {"colsample_bytree": 0.9373006128029014, "eta": 0.07807840169212404, "gamma": 419.2000173327424, "max_depth": 9.0, "min_child_weight": 4433.582118543376, "num_boost_round": 35.0, "subsample": 0.873405966454599}, "datetime": {"datetime": "2024-01-20 15:36:10", "elapsed": 4327.961083, "delta": 0.004747}}
{"target": -15.18139095838679, "params": {"colsample_bytree": 0.9373006128029014, "eta": 0.07807840169212404, "gamma": 419.2000173327424, "max_depth": 9.0, "min_child_weight": 4433.582118543376, "num_boost_round": 36.0, "subsample": 0.873405966454599}, "datetime": {"datetime": "2024-01-20 15:36:10", "elapsed": 4327.966027, "delta": 0.004944}}
{"target": -15.172341683897466, "params": {"colsample_bytree": 0.4708523189894631, "eta": 0.021394228541717696, "gamma": 641.8518306167095, "max_depth": 8.0, "min_child_weight": 4173.724698071535, "num_boost_round": 1.0, "subsample": 0.6397549332651419}, "datetime": {"datetime": "2024-01-20 15:37:34", "elapsed": 4412.088134, "delta": 84.122107}}
{"target": -15.171736920510412, "params": {"colsample_bytree": 0.4708523189894631, "eta": 0.021394228541717696, "gamma": 641.8518306167095, "max_depth": 8.0, "min_child_weight": 4173.724698071535, "num_boost_round": 2.0, "subsample": 0.6397549332651419}, "datetime": {"datetime": "2024-01-20 15:37:34", "elapsed": 4412.095853, "delta": 0.007719}}
{"target": -15.170876797308427, "params": {"colsample_bytree": 0.4708523189894631, "eta": 0.021394228541717696, "gamma": 641.8518306167095, "max_depth": 8.0, "min_child_weight": 4173.724698071535, "num_boost_round": 3.0, "subsample": 0.6397549332651419}, "datetime": {"datetime": "2024-01-20 15:37:34", "elapsed": 4412.101508, "delta": 0.005655}}
{"target": -15.170710270776079, "params": {"colsample_bytree": 0.4708523189894631, "eta": 0.021394228541717696, "gamma": 641.8518306167095, "max_depth": 8.0, "min_child_weight": 4173.724698071535, "num_boost_round": 4.0, "subsample": 0.6397549332651419}, "datetime": {"datetime": "2024-01-20 15:37:34", "elapsed": 4412.106649, "delta": 0.005141}}
{"target": -15.16941772183987, "params": {"colsample_bytree": 0.4708523189894631, "eta": 0.021394228541717696, "gamma": 641.8518306167095, "max_depth": 8.0, "min_child_weight": 4173.724698071535, "num_boost_round": 5.0, "subsample": 0.6397549332651419}, "datetime": {"datetime": "2024-01-20 15:37:34", "elapsed": 4412.111905, "delta": 0.005256}}
{"target": -15.168585551431052, "params": {"colsample_bytree": 0.4708523189894631, "eta": 0.021394228541717696, "gamma": 641.8518306167095, "max_depth": 8.0, "min_child_weight": 4173.724698071535, "num_boost_round": 6.0, "subsample": 0.6397549332651419}, "datetime": {"datetime": "2024-01-20 15:37:34", "elapsed": 4412.116819, "delta": 0.004914}}
{"target": -15.167844816290632, "params": {"colsample_bytree": 0.4708523189894631, "eta": 0.021394228541717696, "gamma": 641.8518306167095, "max_depth": 8.0, "min_child_weight": 4173.724698071535, "num_boost_round": 7.0, "subsample": 0.6397549332651419}, "datetime": {"datetime": "2024-01-20 15:37:34", "elapsed": 4412.121585, "delta": 0.004766}}
{"target": -15.167076088396907, "params": {"colsample_bytree": 0.4708523189894631, "eta": 0.021394228541717696, "gamma": 641.8518306167095, "max_depth": 8.0, "min_child_weight": 4173.724698071535, "num_boost_round": 8.0, "subsample": 0.6397549332651419}, "datetime": {"datetime": "2024-01-20 15:37:34", "elapsed": 4412.126415, "delta": 0.00483}}
{"target": -15.166407524105525, "params": {"colsample_bytree": 0.4708523189894631, "eta": 0.021394228541717696, "gamma": 641.8518306167095, "max_depth": 8.0, "min_child_weight": 4173.724698071535, "num_boost_round": 9.0, "subsample": 0.6397549332651419}, "datetime": {"datetime": "2024-01-20 15:37:34", "elapsed": 4412.131002, "delta": 0.004587}}
{"target": -15.165732083953738, "params": {"colsample_bytree": 0.4708523189894631, "eta": 0.021394228541717696, "gamma": 641.8518306167095, "max_depth": 8.0, "min_child_weight": 4173.724698071535, "num_boost_round": 10.0, "subsample": 0.6397549332651419}, "datetime": {"datetime": "2024-01-20 15:37:34", "elapsed": 4412.13561, "delta": 0.004608}}
{"target": -15.165644872788725, "params": {"colsample_bytree": 0.4708523189894631, "eta": 0.021394228541717696, "gamma": 641.8518306167095, "max_depth": 8.0, "min_child_weight": 4173.724698071535, "num_boost_round": 11.0, "subsample": 0.6397549332651419}, "datetime": {"datetime": "2024-01-20 15:37:34", "elapsed": 4412.140206, "delta": 0.004596}}
{"target": -15.165609055875688, "params": {"colsample_bytree": 0.4708523189894631, "eta": 0.021394228541717696, "gamma": 641.8518306167095, "max_depth": 8.0, "min_child_weight": 4173.724698071535, "num_boost_round": 12.0, "subsample": 0.6397549332651419}, "datetime": {"datetime": "2024-01-20 15:37:34", "elapsed": 4412.144814, "delta": 0.004608}}
{"target": -15.165257714305884, "params": {"colsample_bytree": 0.4708523189894631, "eta": 0.021394228541717696, "gamma": 641.8518306167095, "max_depth": 8.0, "min_child_weight": 4173.724698071535, "num_boost_round": 13.0, "subsample": 0.6397549332651419}, "datetime": {"datetime": "2024-01-20 15:37:34", "elapsed": 4412.149464, "delta": 0.00465}}
{"target": -15.164626361372143, "params": {"colsample_bytree": 0.4708523189894631, "eta": 0.021394228541717696, "gamma": 641.8518306167095, "max_depth": 8.0, "min_child_weight": 4173.724698071535, "num_boost_round": 14.0, "subsample": 0.6397549332651419}, "datetime": {"datetime": "2024-01-20 15:37:34", "elapsed": 4412.154356, "delta": 0.004892}}
{"target": -15.164028673386158, "params": {"colsample_bytree": 0.4708523189894631, "eta": 0.021394228541717696, "gamma": 641.8518306167095, "max_depth": 8.0, "min_child_weight": 4173.724698071535, "num_boost_round": 15.0, "subsample": 0.6397549332651419}, "datetime": {"datetime": "2024-01-20 15:37:34", "elapsed": 4412.15914, "delta": 0.004784}}
{"target": -15.16405701513961, "params": {"colsample_bytree": 0.4708523189894631, "eta": 0.021394228541717696, "gamma": 641.8518306167095, "max_depth": 8.0, "min_child_weight": 4173.724698071535, "num_boost_round": 16.0, "subsample": 0.6397549332651419}, "datetime": {"datetime": "2024-01-20 15:37:34", "elapsed": 4412.163992, "delta": 0.004852}}
{"target": -15.163270124573982, "params": {"colsample_bytree": 0.4708523189894631, "eta": 0.021394228541717696, "gamma": 641.8518306167095, "max_depth": 8.0, "min_child_weight": 4173.724698071535, "num_boost_round": 17.0, "subsample": 0.6397549332651419}, "datetime": {"datetime": "2024-01-20 15:37:34", "elapsed": 4412.168812, "delta": 0.00482}}
{"target": -15.162811436632955, "params": {"colsample_bytree": 0.4708523189894631, "eta": 0.021394228541717696, "gamma": 641.8518306167095, "max_depth": 8.0, "min_child_weight": 4173.724698071535, "num_boost_round": 18.0, "subsample": 0.6397549332651419}, "datetime": {"datetime": "2024-01-20 15:37:34", "elapsed": 4412.173485, "delta": 0.004673}}
{"target": -15.162674266986356, "params": {"colsample_bytree": 0.4708523189894631, "eta": 0.021394228541717696, "gamma": 641.8518306167095, "max_depth": 8.0, "min_child_weight": 4173.724698071535, "num_boost_round": 19.0, "subsample": 0.6397549332651419}, "datetime": {"datetime": "2024-01-20 15:37:34", "elapsed": 4412.178207, "delta": 0.004722}}
{"target": -15.162208824724631, "params": {"colsample_bytree": 0.4708523189894631, "eta": 0.021394228541717696, "gamma": 641.8518306167095, "max_depth": 8.0, "min_child_weight": 4173.724698071535, "num_boost_round": 20.0, "subsample": 0.6397549332651419}, "datetime": {"datetime": "2024-01-20 15:37:34", "elapsed": 4412.183035, "delta": 0.004828}}
{"target": -15.161897108176968, "params": {"colsample_bytree": 0.4708523189894631, "eta": 0.021394228541717696, "gamma": 641.8518306167095, "max_depth": 8.0, "min_child_weight": 4173.724698071535, "num_boost_round": 21.0, "subsample": 0.6397549332651419}, "datetime": {"datetime": "2024-01-20 15:37:34", "elapsed": 4412.187744, "delta": 0.004709}}
{"target": -15.161873286803011, "params": {"colsample_bytree": 0.4708523189894631, "eta": 0.021394228541717696, "gamma": 641.8518306167095, "max_depth": 8.0, "min_child_weight": 4173.724698071535, "num_boost_round": 22.0, "subsample": 0.6397549332651419}, "datetime": {"datetime": "2024-01-20 15:37:34", "elapsed": 4412.19261, "delta": 0.004866}}
{"target": -15.1608127816456, "params": {"colsample_bytree": 0.4708523189894631, "eta": 0.021394228541717696, "gamma": 641.8518306167095, "max_depth": 8.0, "min_child_weight": 4173.724698071535, "num_boost_round": 23.0, "subsample": 0.6397549332651419}, "datetime": {"datetime": "2024-01-20 15:37:34", "elapsed": 4412.197615, "delta": 0.005005}}
{"target": -15.16021059805364, "params": {"colsample_bytree": 0.4708523189894631, "eta": 0.021394228541717696, "gamma": 641.8518306167095, "max_depth": 8.0, "min_child_weight": 4173.724698071535, "num_boost_round": 24.0, "subsample": 0.6397549332651419}, "datetime": {"datetime": "2024-01-20 15:37:34", "elapsed": 4412.202512, "delta": 0.004897}}
{"target": -15.160026141687588, "params": {"colsample_bytree": 0.4708523189894631, "eta": 0.021394228541717696, "gamma": 641.8518306167095, "max_depth": 8.0, "min_child_weight": 4173.724698071535, "num_boost_round": 25.0, "subsample": 0.6397549332651419}, "datetime": {"datetime": "2024-01-20 15:37:34", "elapsed": 4412.208052, "delta": 0.00554}}
{"target": -15.159611077998415, "params": {"colsample_bytree": 0.4708523189894631, "eta": 0.021394228541717696, "gamma": 641.8518306167095, "max_depth": 8.0, "min_child_weight": 4173.724698071535, "num_boost_round": 26.0, "subsample": 0.6397549332651419}, "datetime": {"datetime": "2024-01-20 15:37:34", "elapsed": 4412.21327, "delta": 0.005218}}
{"target": -15.159088578741194, "params": {"colsample_bytree": 0.4708523189894631, "eta": 0.021394228541717696, "gamma": 641.8518306167095, "max_depth": 8.0, "min_child_weight": 4173.724698071535, "num_boost_round": 27.0, "subsample": 0.6397549332651419}, "datetime": {"datetime": "2024-01-20 15:37:34", "elapsed": 4412.218352, "delta": 0.005082}}
{"target": -15.158785868096807, "params": {"colsample_bytree": 0.4708523189894631, "eta": 0.021394228541717696, "gamma": 641.8518306167095, "max_depth": 8.0, "min_child_weight": 4173.724698071535, "num_boost_round": 28.0, "subsample": 0.6397549332651419}, "datetime": {"datetime": "2024-01-20 15:37:34", "elapsed": 4412.223124, "delta": 0.004772}}
{"target": -15.158223674623112, "params": {"colsample_bytree": 0.4708523189894631, "eta": 0.021394228541717696, "gamma": 641.8518306167095, "max_depth": 8.0, "min_child_weight": 4173.724698071535, "num_boost_round": 29.0, "subsample": 0.6397549332651419}, "datetime": {"datetime": "2024-01-20 15:37:34", "elapsed": 4412.227843, "delta": 0.004719}}
{"target": -15.15792591703056, "params": {"colsample_bytree": 0.4708523189894631, "eta": 0.021394228541717696, "gamma": 641.8518306167095, "max_depth": 8.0, "min_child_weight": 4173.724698071535, "num_boost_round": 30.0, "subsample": 0.6397549332651419}, "datetime": {"datetime": "2024-01-20 15:37:34", "elapsed": 4412.232432, "delta": 0.004589}}
{"target": -15.157506836422098, "params": {"colsample_bytree": 0.4708523189894631, "eta": 0.021394228541717696, "gamma": 641.8518306167095, "max_depth": 8.0, "min_child_weight": 4173.724698071535, "num_boost_round": 31.0, "subsample": 0.6397549332651419}, "datetime": {"datetime": "2024-01-20 15:37:34", "elapsed": 4412.237292, "delta": 0.00486}}
{"target": -15.172461420841334, "params": {"colsample_bytree": 0.676399512519762, "eta": 0.01558885307254174, "gamma": 481.78398663059005, "max_depth": 6.0, "min_child_weight": 4308.214465107097, "num_boost_round": 1.0, "subsample": 0.30086668582796916}, "datetime": {"datetime": "2024-01-20 15:39:32", "elapsed": 4529.510509, "delta": 117.273217}}
{"target": -15.171806426628706, "params": {"colsample_bytree": 0.676399512519762, "eta": 0.01558885307254174, "gamma": 481.78398663059005, "max_depth": 6.0, "min_child_weight": 4308.214465107097, "num_boost_round": 2.0, "subsample": 0.30086668582796916}, "datetime": {"datetime": "2024-01-20 15:39:32", "elapsed": 4529.517064, "delta": 0.006555}}
