{"target": -10.47613974746564, "params": {"colsample_bytree": 0.41149132964076485, "eta": 0.012899983481289455, "gamma": 885.0073501300783, "max_depth": 2.0, "min_child_weight": 2204.778669071213, "num_boost_round": 4.0, "subsample": 0.5971743554952468}, "datetime": {"datetime": "2024-01-20 14:09:32", "elapsed": 2664.461092, "delta": 0.003355}}
{"target": -10.476092658962592, "params": {"colsample_bytree": 0.41149132964076485, "eta": 0.012899983481289455, "gamma": 885.0073501300783, "max_depth": 2.0, "min_child_weight": 2204.778669071213, "num_boost_round": 5.0, "subsample": 0.5971743554952468}, "datetime": {"datetime": "2024-01-20 14:09:32", "elapsed": 2664.464256, "delta": 0.003164}}
{"target": -10.4761250224369, "params": {"colsample_bytree": 0.41149132964076485, "eta": 0.012899983481289455, "gamma": 885.0073501300783, "max_depth": 2.0, "min_child_weight": 2204.778669071213, "num_boost_round": 6.0, "subsample": 0.5971743554952468}, "datetime": {"datetime": "2024-01-20 14:09:32", "elapsed": 2664.475291, "delta": 0.011035}}
{"target": -10.476171437490581, "params": {"colsample_bytree": 0.41149132964076485, "eta": 0.012899983481289455, "gamma": 885.0073501300783, "max_depth": 2.0, "min_child_weight": 2204.778669071213, "num_boost_round": 7.0, "subsample": 0.5971743554952468}, "datetime": {"datetime": "2024-01-20 14:09:32", "elapsed": 2664.478331, "delta": 0.00304}}
{"target": -10.476189058532837, "params": {"colsample_bytree": 0.41149132964076485, "eta": 0.012899983481289455, "gamma": 885.0073501300783, "max_depth": 2.0, "min_child_weight": 2204.778669071213, "num_boost_round": 8.0, "subsample": 0.5971743554952468}, "datetime": {"datetime": "2024-01-20 14:09:32", "elapsed": 2664.481294, "delta": 0.002963}}
{"target": -10.476207417436907, "params": {"colsample_bytree": 0.41149132964076485, "eta": 0.012899983481289455, "gamma": 885.0073501300783, "max_depth": 2.0, "min_child_weight": 2204.778669071213, "num_boost_round": 9.0, "subsample": 0.5971743554952468}, "datetime": {"datetime": "2024-01-20 14:09:32", "elapsed": 2664.484275, "delta": 0.002981}}
{"target": -10.476214614664853, "params": {"colsample_bytree": 0.41149132964076485, "eta": 0.012899983481289455, "gamma": 885.0073501300783, "max_depth": 2.0, "min_child_weight": 2204.778669071213, "num_boost_round": 10.0, "subsample": 0.5971743554952468}, "datetime": {"datetime": "2024-01-20 14:09:32", "elapsed": 2664.487234, "delta": 0.002959}}
{"target": -10.476267130357508, "params": {"colsample_bytree": 0.41149132964076485, "eta": 0.012899983481289455, "gamma": 885.0073501300783, "max_depth": 2.0, "min_child_weight": 2204.778669071213, "num_boost_round": 11.0, "subsample": 0.5971743554952468}, "datetime": {"datetime": "2024-01-20 14:09:32", "elapsed": 2664.490213, "delta": 0.002979}}
{"target": -10.476309163412433, "params": {"colsample_bytree": 0.41149132964076485, "eta": 0.012899983481289455, "gamma": 885.0073501300783, "max_depth": 2.0, "min_child_weight": 2204.778669071213, "num_boost_round": 12.0, "subsample": 0.5971743554952468}, "datetime": {"datetime": "2024-01-20 14:09:32", "elapsed": 2664.493187, "delta": 0.002974}}
{"target": -10.47613448580833, "params": {"colsample_bytree": 0.23065564910019254, "eta": 0.006306210911294557, "gamma": 802.1640122231289, "max_depth": 2.0, "min_child_weight": 2210.65018604278, "num_boost_round": 1.0, "subsample": 0.688882296072161}, "datetime": {"datetime": "2024-01-20 14:10:13", "elapsed": 2705.863658, "delta": 41.370471}}
{"target": -10.47613606199113, "params": {"colsample_bytree": 0.23065564910019254, "eta": 0.006306210911294557, "gamma": 802.1640122231289, "max_depth": 2.0, "min_child_weight": 2210.65018604278, "num_boost_round": 2.0, "subsample": 0.688882296072161}, "datetime": {"datetime": "2024-01-20 14:10:13", "elapsed": 2705.868438, "delta": 0.00478}}
{"target": -10.476134819935174, "params": {"colsample_bytree": 0.23065564910019254, "eta": 0.006306210911294557, "gamma": 802.1640122231289, "max_depth": 2.0, "min_child_weight": 2210.65018604278, "num_boost_round": 3.0, "subsample": 0.688882296072161}, "datetime": {"datetime": "2024-01-20 14:10:13", "elapsed": 2705.871533, "delta": 0.003095}}
{"target": -10.476147672497103, "params": {"colsample_bytree": 0.23065564910019254, "eta": 0.006306210911294557, "gamma": 802.1640122231289, "max_depth": 2.0, "min_child_weight": 2210.65018604278, "num_boost_round": 4.0, "subsample": 0.688882296072161}, "datetime": {"datetime": "2024-01-20 14:10:13", "elapsed": 2705.87454, "delta": 0.003007}}
{"target": -10.476135967029023, "params": {"colsample_bytree": 0.23065564910019254, "eta": 0.006306210911294557, "gamma": 802.1640122231289, "max_depth": 2.0, "min_child_weight": 2210.65018604278, "num_boost_round": 5.0, "subsample": 0.688882296072161}, "datetime": {"datetime": "2024-01-20 14:10:13", "elapsed": 2705.877697, "delta": 0.003157}}
{"target": -10.476167079579302, "params": {"colsample_bytree": 0.23065564910019254, "eta": 0.006306210911294557, "gamma": 802.1640122231289, "max_depth": 2.0, "min_child_weight": 2210.65018604278, "num_boost_round": 6.0, "subsample": 0.688882296072161}, "datetime": {"datetime": "2024-01-20 14:10:13", "elapsed": 2705.880692, "delta": 0.002995}}
{"target": -10.476187835718441, "params": {"colsample_bytree": 0.23065564910019254, "eta": 0.006306210911294557, "gamma": 802.1640122231289, "max_depth": 2.0, "min_child_weight": 2210.65018604278, "num_boost_round": 7.0, "subsample": 0.688882296072161}, "datetime": {"datetime": "2024-01-20 14:10:13", "elapsed": 2705.88368, "delta": 0.002988}}
{"target": -10.476196078511165, "params": {"colsample_bytree": 0.23065564910019254, "eta": 0.006306210911294557, "gamma": 802.1640122231289, "max_depth": 2.0, "min_child_weight": 2210.65018604278, "num_boost_round": 8.0, "subsample": 0.688882296072161}, "datetime": {"datetime": "2024-01-20 14:10:13", "elapsed": 2705.886665, "delta": 0.002985}}
{"target": -10.475987693946305, "params": {"colsample_bytree": 0.403860427053764, "eta": 0.0199564886380877, "gamma": 875.5701966707445, "max_depth": 9.0, "min_child_weight": 2276.5871974432293, "num_boost_round": 1.0, "subsample": 0.1520434184750887}, "datetime": {"datetime": "2024-01-20 14:10:58", "elapsed": 2750.713944, "delta": 44.827279}}
{"target": -10.475740440136079, "params": {"colsample_bytree": 0.403860427053764, "eta": 0.0199564886380877, "gamma": 875.5701966707445, "max_depth": 9.0, "min_child_weight": 2276.5871974432293, "num_boost_round": 2.0, "subsample": 0.1520434184750887}, "datetime": {"datetime": "2024-01-20 14:10:58", "elapsed": 2750.717444, "delta": 0.0035}}
{"target": -10.475652114952767, "params": {"colsample_bytree": 0.403860427053764, "eta": 0.0199564886380877, "gamma": 875.5701966707445, "max_depth": 9.0, "min_child_weight": 2276.5871974432293, "num_boost_round": 3.0, "subsample": 0.1520434184750887}, "datetime": {"datetime": "2024-01-20 14:10:58", "elapsed": 2750.720691, "delta": 0.003247}}
{"target": -10.47554947047655, "params": {"colsample_bytree": 0.403860427053764, "eta": 0.0199564886380877, "gamma": 875.5701966707445, "max_depth": 9.0, "min_child_weight": 2276.5871974432293, "num_boost_round": 4.0, "subsample": 0.1520434184750887}, "datetime": {"datetime": "2024-01-20 14:10:58", "elapsed": 2750.723687, "delta": 0.002996}}
{"target": -10.47544375247, "params": {"colsample_bytree": 0.403860427053764, "eta": 0.0199564886380877, "gamma": 875.5701966707445, "max_depth": 9.0, "min_child_weight": 2276.5871974432293, "num_boost_round": 5.0, "subsample": 0.1520434184750887}, "datetime": {"datetime": "2024-01-20 14:10:58", "elapsed": 2750.72673, "delta": 0.003043}}
{"target": -10.475337346275097, "params": {"colsample_bytree": 0.403860427053764, "eta": 0.0199564886380877, "gamma": 875.5701966707445, "max_depth": 9.0, "min_child_weight": 2276.5871974432293, "num_boost_round": 6.0, "subsample": 0.1520434184750887}, "datetime": {"datetime": "2024-01-20 14:10:58", "elapsed": 2750.729774, "delta": 0.003044}}
{"target": -10.475148852189736, "params": {"colsample_bytree": 0.403860427053764, "eta": 0.0199564886380877, "gamma": 875.5701966707445, "max_depth": 9.0, "min_child_weight": 2276.5871974432293, "num_boost_round": 7.0, "subsample": 0.1520434184750887}, "datetime": {"datetime": "2024-01-20 14:10:58", "elapsed": 2750.732838, "delta": 0.003064}}
{"target": -10.475065256521937, "params": {"colsample_bytree": 0.403860427053764, "eta": 0.0199564886380877, "gamma": 875.5701966707445, "max_depth": 9.0, "min_child_weight": 2276.5871974432293, "num_boost_round": 8.0, "subsample": 0.1520434184750887}, "datetime": {"datetime": "2024-01-20 14:10:58", "elapsed": 2750.735854, "delta": 0.003016}}
{"target": -10.475014951081075, "params": {"colsample_bytree": 0.403860427053764, "eta": 0.0199564886380877, "gamma": 875.5701966707445, "max_depth": 9.0, "min_child_weight": 2276.5871974432293, "num_boost_round": 9.0, "subsample": 0.1520434184750887}, "datetime": {"datetime": "2024-01-20 14:10:58", "elapsed": 2750.739014, "delta": 0.00316}}
{"target": -10.474857757349223, "params": {"colsample_bytree": 0.403860427053764, "eta": 0.0199564886380877, "gamma": 875.5701966707445, "max_depth": 9.0, "min_child_weight": 2276.5871974432293, "num_boost_round": 10.0, "subsample": 0.1520434184750887}, "datetime": {"datetime": "2024-01-20 14:10:58", "elapsed": 2750.741995, "delta": 0.002981}}
{"target": -10.474857794156867, "params": {"colsample_bytree": 0.403860427053764, "eta": 0.0199564886380877, "gamma": 875.5701966707445, "max_depth": 9.0, "min_child_weight": 2276.5871974432293, "num_boost_round": 11.0, "subsample": 0.1520434184750887}, "datetime": {"datetime": "2024-01-20 14:10:58", "elapsed": 2750.745021, "delta": 0.003026}}
{"target": -10.474767480073965, "params": {"colsample_bytree": 0.403860427053764, "eta": 0.0199564886380877, "gamma": 875.5701966707445, "max_depth": 9.0, "min_child_weight": 2276.5871974432293, "num_boost_round": 12.0, "subsample": 0.1520434184750887}, "datetime": {"datetime": "2024-01-20 14:10:58", "elapsed": 2750.747956, "delta": 0.002935}}
{"target": -10.47473125196558, "params": {"colsample_bytree": 0.403860427053764, "eta": 0.0199564886380877, "gamma": 875.5701966707445, "max_depth": 9.0, "min_child_weight": 2276.5871974432293, "num_boost_round": 13.0, "subsample": 0.1520434184750887}, "datetime": {"datetime": "2024-01-20 14:10:58", "elapsed": 2750.751043, "delta": 0.003087}}
{"target": -10.474575835163897, "params": {"colsample_bytree": 0.403860427053764, "eta": 0.0199564886380877, "gamma": 875.5701966707445, "max_depth": 9.0, "min_child_weight": 2276.5871974432293, "num_boost_round": 14.0, "subsample": 0.1520434184750887}, "datetime": {"datetime": "2024-01-20 14:10:58", "elapsed": 2750.754046, "delta": 0.003003}}
{"target": -10.474464113139604, "params": {"colsample_bytree": 0.403860427053764, "eta": 0.0199564886380877, "gamma": 875.5701966707445, "max_depth": 9.0, "min_child_weight": 2276.5871974432293, "num_boost_round": 15.0, "subsample": 0.1520434184750887}, "datetime": {"datetime": "2024-01-20 14:10:58", "elapsed": 2750.757285, "delta": 0.003239}}
{"target": -10.47447109649909, "params": {"colsample_bytree": 0.403860427053764, "eta": 0.0199564886380877, "gamma": 875.5701966707445, "max_depth": 9.0, "min_child_weight": 2276.5871974432293, "num_boost_round": 16.0, "subsample": 0.1520434184750887}, "datetime": {"datetime": "2024-01-20 14:10:58", "elapsed": 2750.760454, "delta": 0.003169}}
{"target": -10.474413681448876, "params": {"colsample_bytree": 0.403860427053764, "eta": 0.0199564886380877, "gamma": 875.5701966707445, "max_depth": 9.0, "min_child_weight": 2276.5871974432293, "num_boost_round": 17.0, "subsample": 0.1520434184750887}, "datetime": {"datetime": "2024-01-20 14:10:58", "elapsed": 2750.76369, "delta": 0.003236}}
{"target": -10.474305826171168, "params": {"colsample_bytree": 0.403860427053764, "eta": 0.0199564886380877, "gamma": 875.5701966707445, "max_depth": 9.0, "min_child_weight": 2276.5871974432293, "num_boost_round": 18.0, "subsample": 0.1520434184750887}, "datetime": {"datetime": "2024-01-20 14:10:58", "elapsed": 2750.766713, "delta": 0.003023}}
{"target": -10.474254373933134, "params": {"colsample_bytree": 0.403860427053764, "eta": 0.0199564886380877, "gamma": 875.5701966707445, "max_depth": 9.0, "min_child_weight": 2276.5871974432293, "num_boost_round": 19.0, "subsample": 0.1520434184750887}, "datetime": {"datetime": "2024-01-20 14:10:58", "elapsed": 2750.769817, "delta": 0.003104}}
{"target": -10.474227343796565, "params": {"colsample_bytree": 0.403860427053764, "eta": 0.0199564886380877, "gamma": 875.5701966707445, "max_depth": 9.0, "min_child_weight": 2276.5871974432293, "num_boost_round": 20.0, "subsample": 0.1520434184750887}, "datetime": {"datetime": "2024-01-20 14:10:58", "elapsed": 2750.772809, "delta": 0.002992}}
{"target": -10.476271579734409, "params": {"colsample_bytree": 0.2363434322506595, "eta": 0.06506662264195835, "gamma": 931.3125377115119, "max_depth": 2.0, "min_child_weight": 2267.1898029855442, "num_boost_round": 1.0, "subsample": 0.6456630457450924}, "datetime": {"datetime": "2024-01-20 14:11:40", "elapsed": 2793.002816, "delta": 42.230007}}
{"target": -10.47637298923525, "params": {"colsample_bytree": 0.2363434322506595, "eta": 0.06506662264195835, "gamma": 931.3125377115119, "max_depth": 2.0, "min_child_weight": 2267.1898029855442, "num_boost_round": 2.0, "subsample": 0.6456630457450924}, "datetime": {"datetime": "2024-01-20 14:11:40", "elapsed": 2793.006764, "delta": 0.003948}}
{"target": -10.476458186186157, "params": {"colsample_bytree": 0.2363434322506595, "eta": 0.06506662264195835, "gamma": 931.3125377115119, "max_depth": 2.0, "min_child_weight": 2267.1898029855442, "num_boost_round": 3.0, "subsample": 0.6456630457450924}, "datetime": {"datetime": "2024-01-20 14:11:40", "elapsed": 2793.010336, "delta": 0.003572}}
{"target": -10.476680017508883, "params": {"colsample_bytree": 0.2363434322506595, "eta": 0.06506662264195835, "gamma": 931.3125377115119, "max_depth": 2.0, "min_child_weight": 2267.1898029855442, "num_boost_round": 4.0, "subsample": 0.6456630457450924}, "datetime": {"datetime": "2024-01-20 14:11:40", "elapsed": 2793.013737, "delta": 0.003401}}
{"target": -10.476778453911695, "params": {"colsample_bytree": 0.2363434322506595, "eta": 0.06506662264195835, "gamma": 931.3125377115119, "max_depth": 2.0, "min_child_weight": 2267.1898029855442, "num_boost_round": 5.0, "subsample": 0.6456630457450924}, "datetime": {"datetime": "2024-01-20 14:11:40", "elapsed": 2793.017089, "delta": 0.003352}}
{"target": -10.477151211063148, "params": {"colsample_bytree": 0.2363434322506595, "eta": 0.06506662264195835, "gamma": 931.3125377115119, "max_depth": 2.0, "min_child_weight": 2267.1898029855442, "num_boost_round": 6.0, "subsample": 0.6456630457450924}, "datetime": {"datetime": "2024-01-20 14:11:40", "elapsed": 2793.020175, "delta": 0.003086}}
{"target": -10.47752670933548, "params": {"colsample_bytree": 0.2363434322506595, "eta": 0.06506662264195835, "gamma": 931.3125377115119, "max_depth": 2.0, "min_child_weight": 2267.1898029855442, "num_boost_round": 7.0, "subsample": 0.6456630457450924}, "datetime": {"datetime": "2024-01-20 14:11:40", "elapsed": 2793.023298, "delta": 0.003123}}
{"target": -10.477514222816929, "params": {"colsample_bytree": 0.2363434322506595, "eta": 0.06506662264195835, "gamma": 931.3125377115119, "max_depth": 2.0, "min_child_weight": 2267.1898029855442, "num_boost_round": 8.0, "subsample": 0.6456630457450924}, "datetime": {"datetime": "2024-01-20 14:11:40", "elapsed": 2793.026337, "delta": 0.003039}}
{"target": -10.477591396295452, "params": {"colsample_bytree": 0.2363434322506595, "eta": 0.06506662264195835, "gamma": 931.3125377115119, "max_depth": 2.0, "min_child_weight": 2267.1898029855442, "num_boost_round": 9.0, "subsample": 0.6456630457450924}, "datetime": {"datetime": "2024-01-20 14:11:40", "elapsed": 2793.029466, "delta": 0.003129}}
{"target": -10.477850232899193, "params": {"colsample_bytree": 0.2363434322506595, "eta": 0.06506662264195835, "gamma": 931.3125377115119, "max_depth": 2.0, "min_child_weight": 2267.1898029855442, "num_boost_round": 10.0, "subsample": 0.6456630457450924}, "datetime": {"datetime": "2024-01-20 14:11:40", "elapsed": 2793.032664, "delta": 0.003198}}
{"target": -10.478140408137934, "params": {"colsample_bytree": 0.2363434322506595, "eta": 0.06506662264195835, "gamma": 931.3125377115119, "max_depth": 2.0, "min_child_weight": 2267.1898029855442, "num_boost_round": 11.0, "subsample": 0.6456630457450924}, "datetime": {"datetime": "2024-01-20 14:11:40", "elapsed": 2793.035888, "delta": 0.003224}}
{"target": -10.475698363678848, "params": {"colsample_bytree": 0.7275073334571015, "eta": 0.07622498629527295, "gamma": 844.0678995780023, "max_depth": 6.0, "min_child_weight": 2306.5240450418924, "num_boost_round": 1.0, "subsample": 0.9358356709381047}, "datetime": {"datetime": "2024-01-20 14:13:12", "elapsed": 2884.427363, "delta": 91.391475}}
{"target": -10.47555748671651, "params": {"colsample_bytree": 0.7275073334571015, "eta": 0.07622498629527295, "gamma": 844.0678995780023, "max_depth": 6.0, "min_child_weight": 2306.5240450418924, "num_boost_round": 2.0, "subsample": 0.9358356709381047}, "datetime": {"datetime": "2024-01-20 14:13:12", "elapsed": 2884.432328, "delta": 0.004965}}
{"target": -10.476324236646033, "params": {"colsample_bytree": 0.7275073334571015, "eta": 0.07622498629527295, "gamma": 844.0678995780023, "max_depth": 6.0, "min_child_weight": 2306.5240450418924, "num_boost_round": 3.0, "subsample": 0.9358356709381047}, "datetime": {"datetime": "2024-01-20 14:13:12", "elapsed": 2884.435732, "delta": 0.003404}}
{"target": -10.476510301742087, "params": {"colsample_bytree": 0.7275073334571015, "eta": 0.07622498629527295, "gamma": 844.0678995780023, "max_depth": 6.0, "min_child_weight": 2306.5240450418924, "num_boost_round": 4.0, "subsample": 0.9358356709381047}, "datetime": {"datetime": "2024-01-20 14:13:12", "elapsed": 2884.439089, "delta": 0.003357}}
{"target": -10.476828553353176, "params": {"colsample_bytree": 0.7275073334571015, "eta": 0.07622498629527295, "gamma": 844.0678995780023, "max_depth": 6.0, "min_child_weight": 2306.5240450418924, "num_boost_round": 5.0, "subsample": 0.9358356709381047}, "datetime": {"datetime": "2024-01-20 14:13:12", "elapsed": 2884.442351, "delta": 0.003262}}
{"target": -10.477069914109762, "params": {"colsample_bytree": 0.7275073334571015, "eta": 0.07622498629527295, "gamma": 844.0678995780023, "max_depth": 6.0, "min_child_weight": 2306.5240450418924, "num_boost_round": 6.0, "subsample": 0.9358356709381047}, "datetime": {"datetime": "2024-01-20 14:13:12", "elapsed": 2884.445611, "delta": 0.00326}}
{"target": -10.477744596770338, "params": {"colsample_bytree": 0.7275073334571015, "eta": 0.07622498629527295, "gamma": 844.0678995780023, "max_depth": 6.0, "min_child_weight": 2306.5240450418924, "num_boost_round": 7.0, "subsample": 0.9358356709381047}, "datetime": {"datetime": "2024-01-20 14:13:12", "elapsed": 2884.448888, "delta": 0.003277}}
{"target": -10.477957913842403, "params": {"colsample_bytree": 0.7275073334571015, "eta": 0.07622498629527295, "gamma": 844.0678995780023, "max_depth": 6.0, "min_child_weight": 2306.5240450418924, "num_boost_round": 8.0, "subsample": 0.9358356709381047}, "datetime": {"datetime": "2024-01-20 14:13:12", "elapsed": 2884.452219, "delta": 0.003331}}
{"target": -10.47868637439602, "params": {"colsample_bytree": 0.7275073334571015, "eta": 0.07622498629527295, "gamma": 844.0678995780023, "max_depth": 6.0, "min_child_weight": 2306.5240450418924, "num_boost_round": 9.0, "subsample": 0.9358356709381047}, "datetime": {"datetime": "2024-01-20 14:13:12", "elapsed": 2884.455489, "delta": 0.00327}}
{"target": -10.479563934258664, "params": {"colsample_bytree": 0.7275073334571015, "eta": 0.07622498629527295, "gamma": 844.0678995780023, "max_depth": 6.0, "min_child_weight": 2306.5240450418924, "num_boost_round": 10.0, "subsample": 0.9358356709381047}, "datetime": {"datetime": "2024-01-20 14:13:12", "elapsed": 2884.458904, "delta": 0.003415}}
{"target": -10.480063858006307, "params": {"colsample_bytree": 0.7275073334571015, "eta": 0.07622498629527295, "gamma": 844.0678995780023, "max_depth": 6.0, "min_child_weight": 2306.5240450418924, "num_boost_round": 11.0, "subsample": 0.9358356709381047}, "datetime": {"datetime": "2024-01-20 14:13:12", "elapsed": 2884.462393, "delta": 0.003489}}
{"target": -10.48138750939578, "params": {"colsample_bytree": 0.7275073334571015, "eta": 0.07622498629527295, "gamma": 844.0678995780023, "max_depth": 6.0, "min_child_weight": 2306.5240450418924, "num_boost_round": 12.0, "subsample": 0.9358356709381047}, "datetime": {"datetime": "2024-01-20 14:13:12", "elapsed": 2884.465715, "delta": 0.003322}}
{"target": -10.48204654271904, "params": {"colsample_bytree": 0.7275073334571015, "eta": 0.07622498629527295, "gamma": 844.0678995780023, "max_depth": 6.0, "min_child_weight": 2306.5240450418924, "num_boost_round": 13.0, "subsample": 0.9358356709381047}, "datetime": {"datetime": "2024-01-20 14:13:12", "elapsed": 2884.469169, "delta": 0.003454}}
{"target": -10.482559524634766, "params": {"colsample_bytree": 0.7275073334571015, "eta": 0.07622498629527295, "gamma": 844.0678995780023, "max_depth": 6.0, "min_child_weight": 2306.5240450418924, "num_boost_round": 14.0, "subsample": 0.9358356709381047}, "datetime": {"datetime": "2024-01-20 14:13:12", "elapsed": 2884.472637, "delta": 0.003468}}
{"target": -10.483399276738975, "params": {"colsample_bytree": 0.7275073334571015, "eta": 0.07622498629527295, "gamma": 844.0678995780023, "max_depth": 6.0, "min_child_weight": 2306.5240450418924, "num_boost_round": 15.0, "subsample": 0.9358356709381047}, "datetime": {"datetime": "2024-01-20 14:13:12", "elapsed": 2884.476695, "delta": 0.004058}}
