{"target": -12.350758314179927, "params": {"colsample_bytree": 0.42321010918197843, "eta": 0.07568811595669821, "gamma": 703.965765618546, "max_depth": 9.0, "min_child_weight": 4264.868426700864, "num_boost_round": 4.0, "subsample": 0.8138240330499767}, "datetime": {"datetime": "2024-01-20 16:36:40", "elapsed": 7967.119311, "delta": 0.007055}}
{"target": -12.348194071527471, "params": {"colsample_bytree": 0.42321010918197843, "eta": 0.07568811595669821, "gamma": 703.965765618546, "max_depth": 9.0, "min_child_weight": 4264.868426700864, "num_boost_round": 5.0, "subsample": 0.8138240330499767}, "datetime": {"datetime": "2024-01-20 16:36:40", "elapsed": 7967.126627, "delta": 0.007316}}
{"target": -12.346324067447586, "params": {"colsample_bytree": 0.42321010918197843, "eta": 0.07568811595669821, "gamma": 703.965765618546, "max_depth": 9.0, "min_child_weight": 4264.868426700864, "num_boost_round": 6.0, "subsample": 0.8138240330499767}, "datetime": {"datetime": "2024-01-20 16:36:40", "elapsed": 7967.133729, "delta": 0.007102}}
{"target": -12.345475901893206, "params": {"colsample_bytree": 0.42321010918197843, "eta": 0.07568811595669821, "gamma": 703.965765618546, "max_depth": 9.0, "min_child_weight": 4264.868426700864, "num_boost_round": 7.0, "subsample": 0.8138240330499767}, "datetime": {"datetime": "2024-01-20 16:36:40", "elapsed": 7967.140616, "delta": 0.006887}}
{"target": -12.344515800034252, "params": {"colsample_bytree": 0.42321010918197843, "eta": 0.07568811595669821, "gamma": 703.965765618546, "max_depth": 9.0, "min_child_weight": 4264.868426700864, "num_boost_round": 8.0, "subsample": 0.8138240330499767}, "datetime": {"datetime": "2024-01-20 16:36:40", "elapsed": 7967.14722, "delta": 0.006604}}
{"target": -12.344584668470134, "params": {"colsample_bytree": 0.42321010918197843, "eta": 0.07568811595669821, "gamma": 703.965765618546, "max_depth": 9.0, "min_child_weight": 4264.868426700864, "num_boost_round": 9.0, "subsample": 0.8138240330499767}, "datetime": {"datetime": "2024-01-20 16:36:40", "elapsed": 7967.153787, "delta": 0.006567}}
{"target": -12.344364540228158, "params": {"colsample_bytree": 0.42321010918197843, "eta": 0.07568811595669821, "gamma": 703.965765618546, "max_depth": 9.0, "min_child_weight": 4264.868426700864, "num_boost_round": 10.0, "subsample": 0.8138240330499767}, "datetime": {"datetime": "2024-01-20 16:36:40", "elapsed": 7967.160503, "delta": 0.006716}}
{"target": -12.343558897456894, "params": {"colsample_bytree": 0.42321010918197843, "eta": 0.07568811595669821, "gamma": 703.965765618546, "max_depth": 9.0, "min_child_weight": 4264.868426700864, "num_boost_round": 11.0, "subsample": 0.8138240330499767}, "datetime": {"datetime": "2024-01-20 16:36:40", "elapsed": 7967.167594, "delta": 0.007091}}
{"target": -12.344198962003034, "params": {"colsample_bytree": 0.42321010918197843, "eta": 0.07568811595669821, "gamma": 703.965765618546, "max_depth": 9.0, "min_child_weight": 4264.868426700864, "num_boost_round": 12.0, "subsample": 0.8138240330499767}, "datetime": {"datetime": "2024-01-20 16:36:41", "elapsed": 7967.52245, "delta": 0.354856}}
{"target": -12.344444828596117, "params": {"colsample_bytree": 0.42321010918197843, "eta": 0.07568811595669821, "gamma": 703.965765618546, "max_depth": 9.0, "min_child_weight": 4264.868426700864, "num_boost_round": 13.0, "subsample": 0.8138240330499767}, "datetime": {"datetime": "2024-01-20 16:36:41", "elapsed": 7967.531199, "delta": 0.008749}}
{"target": -12.343747018274485, "params": {"colsample_bytree": 0.42321010918197843, "eta": 0.07568811595669821, "gamma": 703.965765618546, "max_depth": 9.0, "min_child_weight": 4264.868426700864, "num_boost_round": 14.0, "subsample": 0.8138240330499767}, "datetime": {"datetime": "2024-01-20 16:36:41", "elapsed": 7967.539012, "delta": 0.007813}}
{"target": -12.343701686455166, "params": {"colsample_bytree": 0.42321010918197843, "eta": 0.07568811595669821, "gamma": 703.965765618546, "max_depth": 9.0, "min_child_weight": 4264.868426700864, "num_boost_round": 15.0, "subsample": 0.8138240330499767}, "datetime": {"datetime": "2024-01-20 16:36:41", "elapsed": 7967.546774, "delta": 0.007762}}
{"target": -12.343281147345305, "params": {"colsample_bytree": 0.42321010918197843, "eta": 0.07568811595669821, "gamma": 703.965765618546, "max_depth": 9.0, "min_child_weight": 4264.868426700864, "num_boost_round": 16.0, "subsample": 0.8138240330499767}, "datetime": {"datetime": "2024-01-20 16:36:41", "elapsed": 7967.554537, "delta": 0.007763}}
{"target": -12.344055703765136, "params": {"colsample_bytree": 0.42321010918197843, "eta": 0.07568811595669821, "gamma": 703.965765618546, "max_depth": 9.0, "min_child_weight": 4264.868426700864, "num_boost_round": 17.0, "subsample": 0.8138240330499767}, "datetime": {"datetime": "2024-01-20 16:36:41", "elapsed": 7967.562823, "delta": 0.008286}}
{"target": -12.344015970366744, "params": {"colsample_bytree": 0.42321010918197843, "eta": 0.07568811595669821, "gamma": 703.965765618546, "max_depth": 9.0, "min_child_weight": 4264.868426700864, "num_boost_round": 18.0, "subsample": 0.8138240330499767}, "datetime": {"datetime": "2024-01-20 16:36:41", "elapsed": 7967.570694, "delta": 0.007871}}
{"target": -12.344073872974917, "params": {"colsample_bytree": 0.42321010918197843, "eta": 0.07568811595669821, "gamma": 703.965765618546, "max_depth": 9.0, "min_child_weight": 4264.868426700864, "num_boost_round": 19.0, "subsample": 0.8138240330499767}, "datetime": {"datetime": "2024-01-20 16:36:41", "elapsed": 7967.577995, "delta": 0.007301}}
{"target": -12.344960412909781, "params": {"colsample_bytree": 0.42321010918197843, "eta": 0.07568811595669821, "gamma": 703.965765618546, "max_depth": 9.0, "min_child_weight": 4264.868426700864, "num_boost_round": 20.0, "subsample": 0.8138240330499767}, "datetime": {"datetime": "2024-01-20 16:36:41", "elapsed": 7967.584997, "delta": 0.007002}}
{"target": -12.345342812059982, "params": {"colsample_bytree": 0.42321010918197843, "eta": 0.07568811595669821, "gamma": 703.965765618546, "max_depth": 9.0, "min_child_weight": 4264.868426700864, "num_boost_round": 21.0, "subsample": 0.8138240330499767}, "datetime": {"datetime": "2024-01-20 16:36:41", "elapsed": 7967.591988, "delta": 0.006991}}
{"target": -12.345839620479175, "params": {"colsample_bytree": 0.42321010918197843, "eta": 0.07568811595669821, "gamma": 703.965765618546, "max_depth": 9.0, "min_child_weight": 4264.868426700864, "num_boost_round": 22.0, "subsample": 0.8138240330499767}, "datetime": {"datetime": "2024-01-20 16:36:41", "elapsed": 7967.599514, "delta": 0.007526}}
{"target": -12.34544212327582, "params": {"colsample_bytree": 0.42321010918197843, "eta": 0.07568811595669821, "gamma": 703.965765618546, "max_depth": 9.0, "min_child_weight": 4264.868426700864, "num_boost_round": 23.0, "subsample": 0.8138240330499767}, "datetime": {"datetime": "2024-01-20 16:36:41", "elapsed": 7967.607126, "delta": 0.007612}}
{"target": -12.346189194042616, "params": {"colsample_bytree": 0.42321010918197843, "eta": 0.07568811595669821, "gamma": 703.965765618546, "max_depth": 9.0, "min_child_weight": 4264.868426700864, "num_boost_round": 24.0, "subsample": 0.8138240330499767}, "datetime": {"datetime": "2024-01-20 16:36:41", "elapsed": 7967.614321, "delta": 0.007195}}
{"target": -12.345889498131205, "params": {"colsample_bytree": 0.42321010918197843, "eta": 0.07568811595669821, "gamma": 703.965765618546, "max_depth": 9.0, "min_child_weight": 4264.868426700864, "num_boost_round": 25.0, "subsample": 0.8138240330499767}, "datetime": {"datetime": "2024-01-20 16:36:41", "elapsed": 7967.621201, "delta": 0.00688}}
{"target": -12.3466543264685, "params": {"colsample_bytree": 0.42321010918197843, "eta": 0.07568811595669821, "gamma": 703.965765618546, "max_depth": 9.0, "min_child_weight": 4264.868426700864, "num_boost_round": 26.0, "subsample": 0.8138240330499767}, "datetime": {"datetime": "2024-01-20 16:36:41", "elapsed": 7967.628038, "delta": 0.006837}}
{"target": -12.34704200143635, "params": {"colsample_bytree": 0.42321010918197843, "eta": 0.07568811595669821, "gamma": 703.965765618546, "max_depth": 9.0, "min_child_weight": 4264.868426700864, "num_boost_round": 27.0, "subsample": 0.8138240330499767}, "datetime": {"datetime": "2024-01-20 16:36:41", "elapsed": 7967.634815, "delta": 0.006777}}
{"target": -12.346961889940157, "params": {"colsample_bytree": 0.42321010918197843, "eta": 0.07568811595669821, "gamma": 703.965765618546, "max_depth": 9.0, "min_child_weight": 4264.868426700864, "num_boost_round": 28.0, "subsample": 0.8138240330499767}, "datetime": {"datetime": "2024-01-20 16:36:41", "elapsed": 7967.641576, "delta": 0.006761}}
{"target": -12.346865893251444, "params": {"colsample_bytree": 0.42321010918197843, "eta": 0.07568811595669821, "gamma": 703.965765618546, "max_depth": 9.0, "min_child_weight": 4264.868426700864, "num_boost_round": 29.0, "subsample": 0.8138240330499767}, "datetime": {"datetime": "2024-01-20 16:36:41", "elapsed": 7967.648866, "delta": 0.00729}}
{"target": -12.34677073317102, "params": {"colsample_bytree": 0.42321010918197843, "eta": 0.07568811595669821, "gamma": 703.965765618546, "max_depth": 9.0, "min_child_weight": 4264.868426700864, "num_boost_round": 30.0, "subsample": 0.8138240330499767}, "datetime": {"datetime": "2024-01-20 16:36:41", "elapsed": 7967.656102, "delta": 0.007236}}
{"target": -12.34596622467202, "params": {"colsample_bytree": 0.42321010918197843, "eta": 0.07568811595669821, "gamma": 703.965765618546, "max_depth": 9.0, "min_child_weight": 4264.868426700864, "num_boost_round": 31.0, "subsample": 0.8138240330499767}, "datetime": {"datetime": "2024-01-20 16:36:41", "elapsed": 7967.66308, "delta": 0.006978}}
{"target": -12.346372703372566, "params": {"colsample_bytree": 0.42321010918197843, "eta": 0.07568811595669821, "gamma": 703.965765618546, "max_depth": 9.0, "min_child_weight": 4264.868426700864, "num_boost_round": 32.0, "subsample": 0.8138240330499767}, "datetime": {"datetime": "2024-01-20 16:36:41", "elapsed": 7967.669842, "delta": 0.006762}}
{"target": -12.346510437084255, "params": {"colsample_bytree": 0.42321010918197843, "eta": 0.07568811595669821, "gamma": 703.965765618546, "max_depth": 9.0, "min_child_weight": 4264.868426700864, "num_boost_round": 33.0, "subsample": 0.8138240330499767}, "datetime": {"datetime": "2024-01-20 16:36:41", "elapsed": 7967.676602, "delta": 0.00676}}
{"target": -12.346865866067635, "params": {"colsample_bytree": 0.42321010918197843, "eta": 0.07568811595669821, "gamma": 703.965765618546, "max_depth": 9.0, "min_child_weight": 4264.868426700864, "num_boost_round": 34.0, "subsample": 0.8138240330499767}, "datetime": {"datetime": "2024-01-20 16:36:41", "elapsed": 7967.683339, "delta": 0.006737}}
{"target": -12.347015977662597, "params": {"colsample_bytree": 0.42321010918197843, "eta": 0.07568811595669821, "gamma": 703.965765618546, "max_depth": 9.0, "min_child_weight": 4264.868426700864, "num_boost_round": 35.0, "subsample": 0.8138240330499767}, "datetime": {"datetime": "2024-01-20 16:36:41", "elapsed": 7967.691431, "delta": 0.008092}}
{"target": -12.347152870506076, "params": {"colsample_bytree": 0.42321010918197843, "eta": 0.07568811595669821, "gamma": 703.965765618546, "max_depth": 9.0, "min_child_weight": 4264.868426700864, "num_boost_round": 36.0, "subsample": 0.8138240330499767}, "datetime": {"datetime": "2024-01-20 16:36:41", "elapsed": 7967.69876, "delta": 0.007329}}
{"target": -12.347631680232872, "params": {"colsample_bytree": 0.42321010918197843, "eta": 0.07568811595669821, "gamma": 703.965765618546, "max_depth": 9.0, "min_child_weight": 4264.868426700864, "num_boost_round": 37.0, "subsample": 0.8138240330499767}, "datetime": {"datetime": "2024-01-20 16:36:41", "elapsed": 7967.705759, "delta": 0.006999}}
{"target": -12.347868114748515, "params": {"colsample_bytree": 0.42321010918197843, "eta": 0.07568811595669821, "gamma": 703.965765618546, "max_depth": 9.0, "min_child_weight": 4264.868426700864, "num_boost_round": 38.0, "subsample": 0.8138240330499767}, "datetime": {"datetime": "2024-01-20 16:36:41", "elapsed": 7967.7126, "delta": 0.006841}}
{"target": -12.348407180700823, "params": {"colsample_bytree": 0.42321010918197843, "eta": 0.07568811595669821, "gamma": 703.965765618546, "max_depth": 9.0, "min_child_weight": 4264.868426700864, "num_boost_round": 39.0, "subsample": 0.8138240330499767}, "datetime": {"datetime": "2024-01-20 16:36:41", "elapsed": 7967.719394, "delta": 0.006794}}
{"target": -12.349270365261926, "params": {"colsample_bytree": 0.42321010918197843, "eta": 0.07568811595669821, "gamma": 703.965765618546, "max_depth": 9.0, "min_child_weight": 4264.868426700864, "num_boost_round": 40.0, "subsample": 0.8138240330499767}, "datetime": {"datetime": "2024-01-20 16:36:41", "elapsed": 7967.726169, "delta": 0.006775}}
{"target": -12.349575385912454, "params": {"colsample_bytree": 0.42321010918197843, "eta": 0.07568811595669821, "gamma": 703.965765618546, "max_depth": 9.0, "min_child_weight": 4264.868426700864, "num_boost_round": 41.0, "subsample": 0.8138240330499767}, "datetime": {"datetime": "2024-01-20 16:36:41", "elapsed": 7967.733488, "delta": 0.007319}}
{"target": -12.349769675113839, "params": {"colsample_bytree": 0.42321010918197843, "eta": 0.07568811595669821, "gamma": 703.965765618546, "max_depth": 9.0, "min_child_weight": 4264.868426700864, "num_boost_round": 42.0, "subsample": 0.8138240330499767}, "datetime": {"datetime": "2024-01-20 16:36:41", "elapsed": 7967.740655, "delta": 0.007167}}
{"target": -12.350058879313334, "params": {"colsample_bytree": 0.42321010918197843, "eta": 0.07568811595669821, "gamma": 703.965765618546, "max_depth": 9.0, "min_child_weight": 4264.868426700864, "num_boost_round": 43.0, "subsample": 0.8138240330499767}, "datetime": {"datetime": "2024-01-20 16:36:41", "elapsed": 7967.747621, "delta": 0.006966}}
{"target": -12.350158800650519, "params": {"colsample_bytree": 0.42321010918197843, "eta": 0.07568811595669821, "gamma": 703.965765618546, "max_depth": 9.0, "min_child_weight": 4264.868426700864, "num_boost_round": 44.0, "subsample": 0.8138240330499767}, "datetime": {"datetime": "2024-01-20 16:36:41", "elapsed": 7967.754471, "delta": 0.00685}}
{"target": -12.35039397135469, "params": {"colsample_bytree": 0.42321010918197843, "eta": 0.07568811595669821, "gamma": 703.965765618546, "max_depth": 9.0, "min_child_weight": 4264.868426700864, "num_boost_round": 45.0, "subsample": 0.8138240330499767}, "datetime": {"datetime": "2024-01-20 16:36:41", "elapsed": 7967.76135, "delta": 0.006879}}
{"target": -12.351849411979284, "params": {"colsample_bytree": 0.42321010918197843, "eta": 0.07568811595669821, "gamma": 703.965765618546, "max_depth": 9.0, "min_child_weight": 4264.868426700864, "num_boost_round": 46.0, "subsample": 0.8138240330499767}, "datetime": {"datetime": "2024-01-20 16:36:41", "elapsed": 7967.768139, "delta": 0.006789}}
{"target": -12.351987590500116, "params": {"colsample_bytree": 0.42321010918197843, "eta": 0.07568811595669821, "gamma": 703.965765618546, "max_depth": 9.0, "min_child_weight": 4264.868426700864, "num_boost_round": 47.0, "subsample": 0.8138240330499767}, "datetime": {"datetime": "2024-01-20 16:36:41", "elapsed": 7967.77748, "delta": 0.009341}}
{"target": -12.352308439279636, "params": {"colsample_bytree": 0.42321010918197843, "eta": 0.07568811595669821, "gamma": 703.965765618546, "max_depth": 9.0, "min_child_weight": 4264.868426700864, "num_boost_round": 48.0, "subsample": 0.8138240330499767}, "datetime": {"datetime": "2024-01-20 16:36:41", "elapsed": 7967.789749, "delta": 0.012269}}
{"target": -12.352636332762955, "params": {"colsample_bytree": 0.42321010918197843, "eta": 0.07568811595669821, "gamma": 703.965765618546, "max_depth": 9.0, "min_child_weight": 4264.868426700864, "num_boost_round": 49.0, "subsample": 0.8138240330499767}, "datetime": {"datetime": "2024-01-20 16:36:41", "elapsed": 7967.800327, "delta": 0.010578}}
{"target": -12.352836741265547, "params": {"colsample_bytree": 0.42321010918197843, "eta": 0.07568811595669821, "gamma": 703.965765618546, "max_depth": 9.0, "min_child_weight": 4264.868426700864, "num_boost_round": 50.0, "subsample": 0.8138240330499767}, "datetime": {"datetime": "2024-01-20 16:36:41", "elapsed": 7967.808925, "delta": 0.008598}}
{"target": -12.353071285250477, "params": {"colsample_bytree": 0.42321010918197843, "eta": 0.07568811595669821, "gamma": 703.965765618546, "max_depth": 9.0, "min_child_weight": 4264.868426700864, "num_boost_round": 51.0, "subsample": 0.8138240330499767}, "datetime": {"datetime": "2024-01-20 16:36:41", "elapsed": 7967.816625, "delta": 0.0077}}
{"target": -12.353316286508187, "params": {"colsample_bytree": 0.42321010918197843, "eta": 0.07568811595669821, "gamma": 703.965765618546, "max_depth": 9.0, "min_child_weight": 4264.868426700864, "num_boost_round": 52.0, "subsample": 0.8138240330499767}, "datetime": {"datetime": "2024-01-20 16:36:41", "elapsed": 7967.82394, "delta": 0.007315}}
{"target": -12.353519550072237, "params": {"colsample_bytree": 0.42321010918197843, "eta": 0.07568811595669821, "gamma": 703.965765618546, "max_depth": 9.0, "min_child_weight": 4264.868426700864, "num_boost_round": 53.0, "subsample": 0.8138240330499767}, "datetime": {"datetime": "2024-01-20 16:36:41", "elapsed": 7967.831871, "delta": 0.007931}}
{"target": -12.354870142323513, "params": {"colsample_bytree": 0.42321010918197843, "eta": 0.07568811595669821, "gamma": 703.965765618546, "max_depth": 9.0, "min_child_weight": 4264.868426700864, "num_boost_round": 54.0, "subsample": 0.8138240330499767}, "datetime": {"datetime": "2024-01-20 16:36:41", "elapsed": 7967.84017, "delta": 0.008299}}
{"target": -12.355032842736481, "params": {"colsample_bytree": 0.42321010918197843, "eta": 0.07568811595669821, "gamma": 703.965765618546, "max_depth": 9.0, "min_child_weight": 4264.868426700864, "num_boost_round": 55.0, "subsample": 0.8138240330499767}, "datetime": {"datetime": "2024-01-20 16:36:41", "elapsed": 7967.848145, "delta": 0.007975}}
{"target": -12.35433177454375, "params": {"colsample_bytree": 0.9006145820304937, "eta": 0.08554923983072654, "gamma": 562.201813136879, "max_depth": 6.0, "min_child_weight": 4194.956993451109, "num_boost_round": 1.0, "subsample": 0.7457935117159352}, "datetime": {"datetime": "2024-01-20 16:39:01", "elapsed": 8107.284344, "delta": 139.436199}}
{"target": -12.351074558778736, "params": {"colsample_bytree": 0.9006145820304937, "eta": 0.08554923983072654, "gamma": 562.201813136879, "max_depth": 6.0, "min_child_weight": 4194.956993451109, "num_boost_round": 2.0, "subsample": 0.7457935117159352}, "datetime": {"datetime": "2024-01-20 16:39:01", "elapsed": 8107.293475, "delta": 0.009131}}
{"target": -12.348493217713404, "params": {"colsample_bytree": 0.9006145820304937, "eta": 0.08554923983072654, "gamma": 562.201813136879, "max_depth": 6.0, "min_child_weight": 4194.956993451109, "num_boost_round": 3.0, "subsample": 0.7457935117159352}, "datetime": {"datetime": "2024-01-20 16:39:01", "elapsed": 8107.301234, "delta": 0.007759}}
{"target": -12.346741906569163, "params": {"colsample_bytree": 0.9006145820304937, "eta": 0.08554923983072654, "gamma": 562.201813136879, "max_depth": 6.0, "min_child_weight": 4194.956993451109, "num_boost_round": 4.0, "subsample": 0.7457935117159352}, "datetime": {"datetime": "2024-01-20 16:39:01", "elapsed": 8107.3093, "delta": 0.008066}}
{"target": -12.345358582779323, "params": {"colsample_bytree": 0.9006145820304937, "eta": 0.08554923983072654, "gamma": 562.201813136879, "max_depth": 6.0, "min_child_weight": 4194.956993451109, "num_boost_round": 5.0, "subsample": 0.7457935117159352}, "datetime": {"datetime": "2024-01-20 16:39:01", "elapsed": 8107.316928, "delta": 0.007628}}
{"target": -12.344787440104007, "params": {"colsample_bytree": 0.9006145820304937, "eta": 0.08554923983072654, "gamma": 562.201813136879, "max_depth": 6.0, "min_child_weight": 4194.956993451109, "num_boost_round": 6.0, "subsample": 0.7457935117159352}, "datetime": {"datetime": "2024-01-20 16:39:01", "elapsed": 8107.324146, "delta": 0.007218}}
{"target": -12.344860015090415, "params": {"colsample_bytree": 0.9006145820304937, "eta": 0.08554923983072654, "gamma": 562.201813136879, "max_depth": 6.0, "min_child_weight": 4194.956993451109, "num_boost_round": 7.0, "subsample": 0.7457935117159352}, "datetime": {"datetime": "2024-01-20 16:39:01", "elapsed": 8107.331331, "delta": 0.007185}}
{"target": -12.344772067440354, "params": {"colsample_bytree": 0.9006145820304937, "eta": 0.08554923983072654, "gamma": 562.201813136879, "max_depth": 6.0, "min_child_weight": 4194.956993451109, "num_boost_round": 8.0, "subsample": 0.7457935117159352}, "datetime": {"datetime": "2024-01-20 16:39:01", "elapsed": 8107.33838, "delta": 0.007049}}
{"target": -12.344037135894784, "params": {"colsample_bytree": 0.9006145820304937, "eta": 0.08554923983072654, "gamma": 562.201813136879, "max_depth": 6.0, "min_child_weight": 4194.956993451109, "num_boost_round": 9.0, "subsample": 0.7457935117159352}, "datetime": {"datetime": "2024-01-20 16:39:01", "elapsed": 8107.34505, "delta": 0.00667}}
{"target": -12.344150797779191, "params": {"colsample_bytree": 0.9006145820304937, "eta": 0.08554923983072654, "gamma": 562.201813136879, "max_depth": 6.0, "min_child_weight": 4194.956993451109, "num_boost_round": 10.0, "subsample": 0.7457935117159352}, "datetime": {"datetime": "2024-01-20 16:39:01", "elapsed": 8107.35175, "delta": 0.0067}}
{"target": -12.343889824287121, "params": {"colsample_bytree": 0.9006145820304937, "eta": 0.08554923983072654, "gamma": 562.201813136879, "max_depth": 6.0, "min_child_weight": 4194.956993451109, "num_boost_round": 11.0, "subsample": 0.7457935117159352}, "datetime": {"datetime": "2024-01-20 16:39:01", "elapsed": 8107.361168, "delta": 0.009418}}
