{"target": -19.145484828996807, "params": {"colsample_bytree": 0.5240127534444952, "eta": 0.09126448672393606, "gamma": 774.773489903589, "max_depth": 2.0, "min_child_weight": 4296.897914822439, "num_boost_round": 14.0, "subsample": 0.9990302062099276}, "datetime": {"datetime": "2024-01-20 15:55:05", "elapsed": 5473.175779, "delta": 0.004643}}
{"target": -19.146021663474915, "params": {"colsample_bytree": 0.5240127534444952, "eta": 0.09126448672393606, "gamma": 774.773489903589, "max_depth": 2.0, "min_child_weight": 4296.897914822439, "num_boost_round": 15.0, "subsample": 0.9990302062099276}, "datetime": {"datetime": "2024-01-20 15:55:05", "elapsed": 5473.180924, "delta": 0.005145}}
{"target": -19.145684940486046, "params": {"colsample_bytree": 0.5240127534444952, "eta": 0.09126448672393606, "gamma": 774.773489903589, "max_depth": 2.0, "min_child_weight": 4296.897914822439, "num_boost_round": 16.0, "subsample": 0.9990302062099276}, "datetime": {"datetime": "2024-01-20 15:55:05", "elapsed": 5473.186622, "delta": 0.005698}}
{"target": -19.145660234342508, "params": {"colsample_bytree": 0.5240127534444952, "eta": 0.09126448672393606, "gamma": 774.773489903589, "max_depth": 2.0, "min_child_weight": 4296.897914822439, "num_boost_round": 17.0, "subsample": 0.9990302062099276}, "datetime": {"datetime": "2024-01-20 15:55:05", "elapsed": 5473.191895, "delta": 0.005273}}
{"target": -19.14622740067301, "params": {"colsample_bytree": 0.5240127534444952, "eta": 0.09126448672393606, "gamma": 774.773489903589, "max_depth": 2.0, "min_child_weight": 4296.897914822439, "num_boost_round": 18.0, "subsample": 0.9990302062099276}, "datetime": {"datetime": "2024-01-20 15:55:05", "elapsed": 5473.196592, "delta": 0.004697}}
{"target": -19.146114380919943, "params": {"colsample_bytree": 0.5240127534444952, "eta": 0.09126448672393606, "gamma": 774.773489903589, "max_depth": 2.0, "min_child_weight": 4296.897914822439, "num_boost_round": 19.0, "subsample": 0.9990302062099276}, "datetime": {"datetime": "2024-01-20 15:55:05", "elapsed": 5473.201028, "delta": 0.004436}}
{"target": -19.146119750332165, "params": {"colsample_bytree": 0.5240127534444952, "eta": 0.09126448672393606, "gamma": 774.773489903589, "max_depth": 2.0, "min_child_weight": 4296.897914822439, "num_boost_round": 20.0, "subsample": 0.9990302062099276}, "datetime": {"datetime": "2024-01-20 15:55:05", "elapsed": 5473.205413, "delta": 0.004385}}
{"target": -19.14669258433439, "params": {"colsample_bytree": 0.5240127534444952, "eta": 0.09126448672393606, "gamma": 774.773489903589, "max_depth": 2.0, "min_child_weight": 4296.897914822439, "num_boost_round": 21.0, "subsample": 0.9990302062099276}, "datetime": {"datetime": "2024-01-20 15:55:05", "elapsed": 5473.210105, "delta": 0.004692}}
{"target": -19.146870511673036, "params": {"colsample_bytree": 0.5240127534444952, "eta": 0.09126448672393606, "gamma": 774.773489903589, "max_depth": 2.0, "min_child_weight": 4296.897914822439, "num_boost_round": 22.0, "subsample": 0.9990302062099276}, "datetime": {"datetime": "2024-01-20 15:55:05", "elapsed": 5473.214637, "delta": 0.004532}}
{"target": -19.14659670143762, "params": {"colsample_bytree": 0.5240127534444952, "eta": 0.09126448672393606, "gamma": 774.773489903589, "max_depth": 2.0, "min_child_weight": 4296.897914822439, "num_boost_round": 23.0, "subsample": 0.9990302062099276}, "datetime": {"datetime": "2024-01-20 15:55:05", "elapsed": 5473.219097, "delta": 0.00446}}
{"target": -19.146727435652327, "params": {"colsample_bytree": 0.5240127534444952, "eta": 0.09126448672393606, "gamma": 774.773489903589, "max_depth": 2.0, "min_child_weight": 4296.897914822439, "num_boost_round": 24.0, "subsample": 0.9990302062099276}, "datetime": {"datetime": "2024-01-20 15:55:05", "elapsed": 5473.223751, "delta": 0.004654}}
{"target": -19.14735018688242, "params": {"colsample_bytree": 0.5240127534444952, "eta": 0.09126448672393606, "gamma": 774.773489903589, "max_depth": 2.0, "min_child_weight": 4296.897914822439, "num_boost_round": 25.0, "subsample": 0.9990302062099276}, "datetime": {"datetime": "2024-01-20 15:55:05", "elapsed": 5473.228237, "delta": 0.004486}}
{"target": -19.14749031563788, "params": {"colsample_bytree": 0.5240127534444952, "eta": 0.09126448672393606, "gamma": 774.773489903589, "max_depth": 2.0, "min_child_weight": 4296.897914822439, "num_boost_round": 26.0, "subsample": 0.9990302062099276}, "datetime": {"datetime": "2024-01-20 15:55:05", "elapsed": 5473.232588, "delta": 0.004351}}
{"target": -19.14759980413855, "params": {"colsample_bytree": 0.5240127534444952, "eta": 0.09126448672393606, "gamma": 774.773489903589, "max_depth": 2.0, "min_child_weight": 4296.897914822439, "num_boost_round": 27.0, "subsample": 0.9990302062099276}, "datetime": {"datetime": "2024-01-20 15:55:05", "elapsed": 5473.236972, "delta": 0.004384}}
{"target": -19.147740154518033, "params": {"colsample_bytree": 0.5240127534444952, "eta": 0.09126448672393606, "gamma": 774.773489903589, "max_depth": 2.0, "min_child_weight": 4296.897914822439, "num_boost_round": 28.0, "subsample": 0.9990302062099276}, "datetime": {"datetime": "2024-01-20 15:55:05", "elapsed": 5473.241519, "delta": 0.004547}}
{"target": -19.147347459068854, "params": {"colsample_bytree": 0.5240127534444952, "eta": 0.09126448672393606, "gamma": 774.773489903589, "max_depth": 2.0, "min_child_weight": 4296.897914822439, "num_boost_round": 29.0, "subsample": 0.9990302062099276}, "datetime": {"datetime": "2024-01-20 15:55:05", "elapsed": 5473.246203, "delta": 0.004684}}
{"target": -19.14368575546324, "params": {"colsample_bytree": 0.9243989190531561, "eta": 0.08031227472355751, "gamma": 345.7881796573246, "max_depth": 9.0, "min_child_weight": 4629.286802699488, "num_boost_round": 1.0, "subsample": 0.545688289004492}, "datetime": {"datetime": "2024-01-20 15:56:11", "elapsed": 5539.046383, "delta": 65.80018}}
{"target": -19.144498162955156, "params": {"colsample_bytree": 0.9243989190531561, "eta": 0.08031227472355751, "gamma": 345.7881796573246, "max_depth": 9.0, "min_child_weight": 4629.286802699488, "num_boost_round": 2.0, "subsample": 0.545688289004492}, "datetime": {"datetime": "2024-01-20 15:56:11", "elapsed": 5539.051616, "delta": 0.005233}}
{"target": -19.14544650283998, "params": {"colsample_bytree": 0.9243989190531561, "eta": 0.08031227472355751, "gamma": 345.7881796573246, "max_depth": 9.0, "min_child_weight": 4629.286802699488, "num_boost_round": 3.0, "subsample": 0.545688289004492}, "datetime": {"datetime": "2024-01-20 15:56:11", "elapsed": 5539.056091, "delta": 0.004475}}
{"target": -19.146375521320984, "params": {"colsample_bytree": 0.9243989190531561, "eta": 0.08031227472355751, "gamma": 345.7881796573246, "max_depth": 9.0, "min_child_weight": 4629.286802699488, "num_boost_round": 4.0, "subsample": 0.545688289004492}, "datetime": {"datetime": "2024-01-20 15:56:11", "elapsed": 5539.060442, "delta": 0.004351}}
{"target": -19.14681351502589, "params": {"colsample_bytree": 0.9243989190531561, "eta": 0.08031227472355751, "gamma": 345.7881796573246, "max_depth": 9.0, "min_child_weight": 4629.286802699488, "num_boost_round": 5.0, "subsample": 0.545688289004492}, "datetime": {"datetime": "2024-01-20 15:56:11", "elapsed": 5539.065091, "delta": 0.004649}}
{"target": -19.147885538365287, "params": {"colsample_bytree": 0.9243989190531561, "eta": 0.08031227472355751, "gamma": 345.7881796573246, "max_depth": 9.0, "min_child_weight": 4629.286802699488, "num_boost_round": 6.0, "subsample": 0.545688289004492}, "datetime": {"datetime": "2024-01-20 15:56:11", "elapsed": 5539.069799, "delta": 0.004708}}
{"target": -19.14829848674665, "params": {"colsample_bytree": 0.9243989190531561, "eta": 0.08031227472355751, "gamma": 345.7881796573246, "max_depth": 9.0, "min_child_weight": 4629.286802699488, "num_boost_round": 7.0, "subsample": 0.545688289004492}, "datetime": {"datetime": "2024-01-20 15:56:11", "elapsed": 5539.087283, "delta": 0.017484}}
{"target": -19.149894888915107, "params": {"colsample_bytree": 0.9243989190531561, "eta": 0.08031227472355751, "gamma": 345.7881796573246, "max_depth": 9.0, "min_child_weight": 4629.286802699488, "num_boost_round": 8.0, "subsample": 0.545688289004492}, "datetime": {"datetime": "2024-01-20 15:56:11", "elapsed": 5539.091649, "delta": 0.004366}}
{"target": -19.1513769368999, "params": {"colsample_bytree": 0.9243989190531561, "eta": 0.08031227472355751, "gamma": 345.7881796573246, "max_depth": 9.0, "min_child_weight": 4629.286802699488, "num_boost_round": 9.0, "subsample": 0.545688289004492}, "datetime": {"datetime": "2024-01-20 15:56:11", "elapsed": 5539.096008, "delta": 0.004359}}
{"target": -19.152362823759994, "params": {"colsample_bytree": 0.9243989190531561, "eta": 0.08031227472355751, "gamma": 345.7881796573246, "max_depth": 9.0, "min_child_weight": 4629.286802699488, "num_boost_round": 10.0, "subsample": 0.545688289004492}, "datetime": {"datetime": "2024-01-20 15:56:11", "elapsed": 5539.100464, "delta": 0.004456}}
{"target": -19.153605783015436, "params": {"colsample_bytree": 0.9243989190531561, "eta": 0.08031227472355751, "gamma": 345.7881796573246, "max_depth": 9.0, "min_child_weight": 4629.286802699488, "num_boost_round": 11.0, "subsample": 0.545688289004492}, "datetime": {"datetime": "2024-01-20 15:56:11", "elapsed": 5539.104955, "delta": 0.004491}}
{"target": -19.154513680515812, "params": {"colsample_bytree": 0.9243989190531561, "eta": 0.08031227472355751, "gamma": 345.7881796573246, "max_depth": 9.0, "min_child_weight": 4629.286802699488, "num_boost_round": 12.0, "subsample": 0.545688289004492}, "datetime": {"datetime": "2024-01-20 15:56:11", "elapsed": 5539.109367, "delta": 0.004412}}
{"target": -19.155554059953523, "params": {"colsample_bytree": 0.9243989190531561, "eta": 0.08031227472355751, "gamma": 345.7881796573246, "max_depth": 9.0, "min_child_weight": 4629.286802699488, "num_boost_round": 13.0, "subsample": 0.545688289004492}, "datetime": {"datetime": "2024-01-20 15:56:11", "elapsed": 5539.113721, "delta": 0.004354}}
{"target": -19.15660842698938, "params": {"colsample_bytree": 0.9243989190531561, "eta": 0.08031227472355751, "gamma": 345.7881796573246, "max_depth": 9.0, "min_child_weight": 4629.286802699488, "num_boost_round": 14.0, "subsample": 0.545688289004492}, "datetime": {"datetime": "2024-01-20 15:56:11", "elapsed": 5539.118381, "delta": 0.00466}}
{"target": -19.157953203857254, "params": {"colsample_bytree": 0.9243989190531561, "eta": 0.08031227472355751, "gamma": 345.7881796573246, "max_depth": 9.0, "min_child_weight": 4629.286802699488, "num_boost_round": 15.0, "subsample": 0.545688289004492}, "datetime": {"datetime": "2024-01-20 15:56:11", "elapsed": 5539.122765, "delta": 0.004384}}
{"target": -19.158740381858777, "params": {"colsample_bytree": 0.9243989190531561, "eta": 0.08031227472355751, "gamma": 345.7881796573246, "max_depth": 9.0, "min_child_weight": 4629.286802699488, "num_boost_round": 16.0, "subsample": 0.545688289004492}, "datetime": {"datetime": "2024-01-20 15:56:11", "elapsed": 5539.127157, "delta": 0.004392}}
{"target": -19.159784155407902, "params": {"colsample_bytree": 0.9243989190531561, "eta": 0.08031227472355751, "gamma": 345.7881796573246, "max_depth": 9.0, "min_child_weight": 4629.286802699488, "num_boost_round": 17.0, "subsample": 0.545688289004492}, "datetime": {"datetime": "2024-01-20 15:56:11", "elapsed": 5539.131507, "delta": 0.00435}}
{"target": -19.160236085871322, "params": {"colsample_bytree": 0.9243989190531561, "eta": 0.08031227472355751, "gamma": 345.7881796573246, "max_depth": 9.0, "min_child_weight": 4629.286802699488, "num_boost_round": 18.0, "subsample": 0.545688289004492}, "datetime": {"datetime": "2024-01-20 15:56:11", "elapsed": 5539.136011, "delta": 0.004504}}
{"target": -19.16064745684649, "params": {"colsample_bytree": 0.9243989190531561, "eta": 0.08031227472355751, "gamma": 345.7881796573246, "max_depth": 9.0, "min_child_weight": 4629.286802699488, "num_boost_round": 19.0, "subsample": 0.545688289004492}, "datetime": {"datetime": "2024-01-20 15:56:11", "elapsed": 5539.14054, "delta": 0.004529}}
{"target": -19.144141947338326, "params": {"colsample_bytree": 0.7130299777964327, "eta": 0.09428253596233234, "gamma": 234.00481778345085, "max_depth": 6.0, "min_child_weight": 3840.281092846715, "num_boost_round": 1.0, "subsample": 0.4900781767969866}, "datetime": {"datetime": "2024-01-20 15:57:39", "elapsed": 5627.31735, "delta": 88.17681}}
{"target": -19.144142442191022, "params": {"colsample_bytree": 0.7130299777964327, "eta": 0.09428253596233234, "gamma": 234.00481778345085, "max_depth": 6.0, "min_child_weight": 3840.281092846715, "num_boost_round": 2.0, "subsample": 0.4900781767969866}, "datetime": {"datetime": "2024-01-20 15:57:39", "elapsed": 5627.323039, "delta": 0.005689}}
{"target": -19.14439468681349, "params": {"colsample_bytree": 0.7130299777964327, "eta": 0.09428253596233234, "gamma": 234.00481778345085, "max_depth": 6.0, "min_child_weight": 3840.281092846715, "num_boost_round": 3.0, "subsample": 0.4900781767969866}, "datetime": {"datetime": "2024-01-20 15:57:39", "elapsed": 5627.327425, "delta": 0.004386}}
{"target": -19.143013032016402, "params": {"colsample_bytree": 0.19912964612448955, "eta": 0.03023642416551494, "gamma": 161.3193688941207, "max_depth": 4.0, "min_child_weight": 3876.093620499272, "num_boost_round": 1.0, "subsample": 0.7673894138060474}, "datetime": {"datetime": "2024-01-20 15:58:25", "elapsed": 5673.700776, "delta": 46.373351}}
{"target": -19.142815688508435, "params": {"colsample_bytree": 0.19912964612448955, "eta": 0.03023642416551494, "gamma": 161.3193688941207, "max_depth": 4.0, "min_child_weight": 3876.093620499272, "num_boost_round": 2.0, "subsample": 0.7673894138060474}, "datetime": {"datetime": "2024-01-20 15:58:25", "elapsed": 5673.705904, "delta": 0.005128}}
{"target": -19.14280566062732, "params": {"colsample_bytree": 0.19912964612448955, "eta": 0.03023642416551494, "gamma": 161.3193688941207, "max_depth": 4.0, "min_child_weight": 3876.093620499272, "num_boost_round": 3.0, "subsample": 0.7673894138060474}, "datetime": {"datetime": "2024-01-20 15:58:25", "elapsed": 5673.710429, "delta": 0.004525}}
{"target": -19.14252206659579, "params": {"colsample_bytree": 0.19912964612448955, "eta": 0.03023642416551494, "gamma": 161.3193688941207, "max_depth": 4.0, "min_child_weight": 3876.093620499272, "num_boost_round": 4.0, "subsample": 0.7673894138060474}, "datetime": {"datetime": "2024-01-20 15:58:25", "elapsed": 5673.715024, "delta": 0.004595}}
{"target": -19.14327276446138, "params": {"colsample_bytree": 0.793731938766053, "eta": 0.011924738282644018, "gamma": 170.51518865804027, "max_depth": 7.0, "min_child_weight": 3830.4183536745777, "num_boost_round": 1.0, "subsample": 0.7970535316828479}, "datetime": {"datetime": "2024-01-20 16:00:04", "elapsed": 5772.136573, "delta": 98.421549}}
{"target": -19.143255258070866, "params": {"colsample_bytree": 0.793731938766053, "eta": 0.011924738282644018, "gamma": 170.51518865804027, "max_depth": 7.0, "min_child_weight": 3830.4183536745777, "num_boost_round": 2.0, "subsample": 0.7970535316828479}, "datetime": {"datetime": "2024-01-20 16:00:04", "elapsed": 5772.142553, "delta": 0.00598}}
{"target": -19.14336664723745, "params": {"colsample_bytree": 0.793731938766053, "eta": 0.011924738282644018, "gamma": 170.51518865804027, "max_depth": 7.0, "min_child_weight": 3830.4183536745777, "num_boost_round": 3.0, "subsample": 0.7970535316828479}, "datetime": {"datetime": "2024-01-20 16:00:04", "elapsed": 5772.147104, "delta": 0.004551}}
{"target": -19.143433863524663, "params": {"colsample_bytree": 0.793731938766053, "eta": 0.011924738282644018, "gamma": 170.51518865804027, "max_depth": 7.0, "min_child_weight": 3830.4183536745777, "num_boost_round": 4.0, "subsample": 0.7970535316828479}, "datetime": {"datetime": "2024-01-20 16:00:04", "elapsed": 5772.184285, "delta": 0.037181}}
{"target": -19.143495192122067, "params": {"colsample_bytree": 0.793731938766053, "eta": 0.011924738282644018, "gamma": 170.51518865804027, "max_depth": 7.0, "min_child_weight": 3830.4183536745777, "num_boost_round": 5.0, "subsample": 0.7970535316828479}, "datetime": {"datetime": "2024-01-20 16:00:04", "elapsed": 5772.188694, "delta": 0.004409}}
{"target": -19.143608680278575, "params": {"colsample_bytree": 0.793731938766053, "eta": 0.011924738282644018, "gamma": 170.51518865804027, "max_depth": 7.0, "min_child_weight": 3830.4183536745777, "num_boost_round": 6.0, "subsample": 0.7970535316828479}, "datetime": {"datetime": "2024-01-20 16:00:04", "elapsed": 5772.193093, "delta": 0.004399}}
{"target": -19.14364540885871, "params": {"colsample_bytree": 0.793731938766053, "eta": 0.011924738282644018, "gamma": 170.51518865804027, "max_depth": 7.0, "min_child_weight": 3830.4183536745777, "num_boost_round": 7.0, "subsample": 0.7970535316828479}, "datetime": {"datetime": "2024-01-20 16:00:04", "elapsed": 5772.197477, "delta": 0.004384}}
{"target": -19.143788891041677, "params": {"colsample_bytree": 0.793731938766053, "eta": 0.011924738282644018, "gamma": 170.51518865804027, "max_depth": 7.0, "min_child_weight": 3830.4183536745777, "num_boost_round": 8.0, "subsample": 0.7970535316828479}, "datetime": {"datetime": "2024-01-20 16:00:04", "elapsed": 5772.201905, "delta": 0.004428}}
{"target": -19.14379051476449, "params": {"colsample_bytree": 0.793731938766053, "eta": 0.011924738282644018, "gamma": 170.51518865804027, "max_depth": 7.0, "min_child_weight": 3830.4183536745777, "num_boost_round": 9.0, "subsample": 0.7970535316828479}, "datetime": {"datetime": "2024-01-20 16:00:04", "elapsed": 5772.206296, "delta": 0.004391}}
{"target": -19.143866466383784, "params": {"colsample_bytree": 0.793731938766053, "eta": 0.011924738282644018, "gamma": 170.51518865804027, "max_depth": 7.0, "min_child_weight": 3830.4183536745777, "num_boost_round": 10.0, "subsample": 0.7970535316828479}, "datetime": {"datetime": "2024-01-20 16:00:04", "elapsed": 5772.21061, "delta": 0.004314}}
{"target": -19.143932818933045, "params": {"colsample_bytree": 0.793731938766053, "eta": 0.011924738282644018, "gamma": 170.51518865804027, "max_depth": 7.0, "min_child_weight": 3830.4183536745777, "num_boost_round": 11.0, "subsample": 0.7970535316828479}, "datetime": {"datetime": "2024-01-20 16:00:04", "elapsed": 5772.215094, "delta": 0.004484}}
{"target": -19.143976128794456, "params": {"colsample_bytree": 0.793731938766053, "eta": 0.011924738282644018, "gamma": 170.51518865804027, "max_depth": 7.0, "min_child_weight": 3830.4183536745777, "num_boost_round": 12.0, "subsample": 0.7970535316828479}, "datetime": {"datetime": "2024-01-20 16:00:04", "elapsed": 5772.219514, "delta": 0.00442}}
{"target": -19.144068104701027, "params": {"colsample_bytree": 0.793731938766053, "eta": 0.011924738282644018, "gamma": 170.51518865804027, "max_depth": 7.0, "min_child_weight": 3830.4183536745777, "num_boost_round": 13.0, "subsample": 0.7970535316828479}, "datetime": {"datetime": "2024-01-20 16:00:04", "elapsed": 5772.223914, "delta": 0.0044}}
{"target": -19.144289214022905, "params": {"colsample_bytree": 0.793731938766053, "eta": 0.011924738282644018, "gamma": 170.51518865804027, "max_depth": 7.0, "min_child_weight": 3830.4183536745777, "num_boost_round": 14.0, "subsample": 0.7970535316828479}, "datetime": {"datetime": "2024-01-20 16:00:04", "elapsed": 5772.228358, "delta": 0.004444}}
{"target": -19.1443134713897, "params": {"colsample_bytree": 0.793731938766053, "eta": 0.011924738282644018, "gamma": 170.51518865804027, "max_depth": 7.0, "min_child_weight": 3830.4183536745777, "num_boost_round": 15.0, "subsample": 0.7970535316828479}, "datetime": {"datetime": "2024-01-20 16:00:04", "elapsed": 5772.232746, "delta": 0.004388}}
{"target": -19.14441658296061, "params": {"colsample_bytree": 0.793731938766053, "eta": 0.011924738282644018, "gamma": 170.51518865804027, "max_depth": 7.0, "min_child_weight": 3830.4183536745777, "num_boost_round": 16.0, "subsample": 0.7970535316828479}, "datetime": {"datetime": "2024-01-20 16:00:04", "elapsed": 5772.237424, "delta": 0.004678}}
{"target": -19.144480284357034, "params": {"colsample_bytree": 0.793731938766053, "eta": 0.011924738282644018, "gamma": 170.51518865804027, "max_depth": 7.0, "min_child_weight": 3830.4183536745777, "num_boost_round": 17.0, "subsample": 0.7970535316828479}, "datetime": {"datetime": "2024-01-20 16:00:04", "elapsed": 5772.241761, "delta": 0.004337}}
{"target": -19.144576019350687, "params": {"colsample_bytree": 0.793731938766053, "eta": 0.011924738282644018, "gamma": 170.51518865804027, "max_depth": 7.0, "min_child_weight": 3830.4183536745777, "num_boost_round": 18.0, "subsample": 0.7970535316828479}, "datetime": {"datetime": "2024-01-20 16:00:04", "elapsed": 5772.246157, "delta": 0.004396}}
{"target": -19.144694085430327, "params": {"colsample_bytree": 0.793731938766053, "eta": 0.011924738282644018, "gamma": 170.51518865804027, "max_depth": 7.0, "min_child_weight": 3830.4183536745777, "num_boost_round": 19.0, "subsample": 0.7970535316828479}, "datetime": {"datetime": "2024-01-20 16:00:04", "elapsed": 5772.250482, "delta": 0.004325}}
{"target": -19.144819903144047, "params": {"colsample_bytree": 0.793731938766053, "eta": 0.011924738282644018, "gamma": 170.51518865804027, "max_depth": 7.0, "min_child_weight": 3830.4183536745777, "num_boost_round": 20.0, "subsample": 0.7970535316828479}, "datetime": {"datetime": "2024-01-20 16:00:04", "elapsed": 5772.254913, "delta": 0.004431}}
{"target": -19.145038339177432, "params": {"colsample_bytree": 0.793731938766053, "eta": 0.011924738282644018, "gamma": 170.51518865804027, "max_depth": 7.0, "min_child_weight": 3830.4183536745777, "num_boost_round": 21.0, "subsample": 0.7970535316828479}, "datetime": {"datetime": "2024-01-20 16:00:04", "elapsed": 5772.259227, "delta": 0.004314}}
