{"target": -13.409064378221547, "params": {"colsample_bytree": 0.549402642904217, "eta": 0.06327697977558287, "gamma": 368.17946956198955, "max_depth": 5.0, "min_child_weight": 3396.2968211013344, "num_boost_round": 84.0, "subsample": 0.14648196829713483}, "datetime": {"datetime": "2024-01-20 15:39:40", "elapsed": 4514.674918, "delta": 0.003471}}
{"target": -13.409261319326896, "params": {"colsample_bytree": 0.549402642904217, "eta": 0.06327697977558287, "gamma": 368.17946956198955, "max_depth": 5.0, "min_child_weight": 3396.2968211013344, "num_boost_round": 85.0, "subsample": 0.14648196829713483}, "datetime": {"datetime": "2024-01-20 15:39:40", "elapsed": 4514.678352, "delta": 0.003434}}
{"target": -13.409330260065278, "params": {"colsample_bytree": 0.549402642904217, "eta": 0.06327697977558287, "gamma": 368.17946956198955, "max_depth": 5.0, "min_child_weight": 3396.2968211013344, "num_boost_round": 86.0, "subsample": 0.14648196829713483}, "datetime": {"datetime": "2024-01-20 15:39:40", "elapsed": 4514.681834, "delta": 0.003482}}
{"target": -13.409689860164567, "params": {"colsample_bytree": 0.549402642904217, "eta": 0.06327697977558287, "gamma": 368.17946956198955, "max_depth": 5.0, "min_child_weight": 3396.2968211013344, "num_boost_round": 87.0, "subsample": 0.14648196829713483}, "datetime": {"datetime": "2024-01-20 15:39:40", "elapsed": 4514.685211, "delta": 0.003377}}
{"target": -13.409806491650043, "params": {"colsample_bytree": 0.549402642904217, "eta": 0.06327697977558287, "gamma": 368.17946956198955, "max_depth": 5.0, "min_child_weight": 3396.2968211013344, "num_boost_round": 88.0, "subsample": 0.14648196829713483}, "datetime": {"datetime": "2024-01-20 15:39:40", "elapsed": 4514.688844, "delta": 0.003633}}
{"target": -13.410014058800964, "params": {"colsample_bytree": 0.549402642904217, "eta": 0.06327697977558287, "gamma": 368.17946956198955, "max_depth": 5.0, "min_child_weight": 3396.2968211013344, "num_boost_round": 89.0, "subsample": 0.14648196829713483}, "datetime": {"datetime": "2024-01-20 15:39:40", "elapsed": 4514.692404, "delta": 0.00356}}
{"target": -13.409959583954091, "params": {"colsample_bytree": 0.549402642904217, "eta": 0.06327697977558287, "gamma": 368.17946956198955, "max_depth": 5.0, "min_child_weight": 3396.2968211013344, "num_boost_round": 90.0, "subsample": 0.14648196829713483}, "datetime": {"datetime": "2024-01-20 15:39:40", "elapsed": 4514.695884, "delta": 0.00348}}
{"target": -13.409928105337189, "params": {"colsample_bytree": 0.549402642904217, "eta": 0.06327697977558287, "gamma": 368.17946956198955, "max_depth": 5.0, "min_child_weight": 3396.2968211013344, "num_boost_round": 91.0, "subsample": 0.14648196829713483}, "datetime": {"datetime": "2024-01-20 15:39:40", "elapsed": 4514.699485, "delta": 0.003601}}
{"target": -13.41018184920292, "params": {"colsample_bytree": 0.549402642904217, "eta": 0.06327697977558287, "gamma": 368.17946956198955, "max_depth": 5.0, "min_child_weight": 3396.2968211013344, "num_boost_round": 92.0, "subsample": 0.14648196829713483}, "datetime": {"datetime": "2024-01-20 15:39:40", "elapsed": 4514.702842, "delta": 0.003357}}
{"target": -13.410323971252922, "params": {"colsample_bytree": 0.549402642904217, "eta": 0.06327697977558287, "gamma": 368.17946956198955, "max_depth": 5.0, "min_child_weight": 3396.2968211013344, "num_boost_round": 93.0, "subsample": 0.14648196829713483}, "datetime": {"datetime": "2024-01-20 15:39:40", "elapsed": 4514.706256, "delta": 0.003414}}
{"target": -13.410453022210898, "params": {"colsample_bytree": 0.549402642904217, "eta": 0.06327697977558287, "gamma": 368.17946956198955, "max_depth": 5.0, "min_child_weight": 3396.2968211013344, "num_boost_round": 94.0, "subsample": 0.14648196829713483}, "datetime": {"datetime": "2024-01-20 15:39:40", "elapsed": 4514.710173, "delta": 0.003917}}
{"target": -13.41038210960988, "params": {"colsample_bytree": 0.549402642904217, "eta": 0.06327697977558287, "gamma": 368.17946956198955, "max_depth": 5.0, "min_child_weight": 3396.2968211013344, "num_boost_round": 95.0, "subsample": 0.14648196829713483}, "datetime": {"datetime": "2024-01-20 15:39:40", "elapsed": 4514.713543, "delta": 0.00337}}
{"target": -13.410395844962611, "params": {"colsample_bytree": 0.549402642904217, "eta": 0.06327697977558287, "gamma": 368.17946956198955, "max_depth": 5.0, "min_child_weight": 3396.2968211013344, "num_boost_round": 96.0, "subsample": 0.14648196829713483}, "datetime": {"datetime": "2024-01-20 15:39:40", "elapsed": 4514.717054, "delta": 0.003511}}
{"target": -13.39749186907825, "params": {"colsample_bytree": 0.9880347005194579, "eta": 0.021722392859638923, "gamma": 483.7715165011065, "max_depth": 8.0, "min_child_weight": 3586.07465596619, "num_boost_round": 1.0, "subsample": 0.430501032213363}, "datetime": {"datetime": "2024-01-20 15:40:07", "elapsed": 4542.10297, "delta": 27.385916}}
{"target": -13.398130251279326, "params": {"colsample_bytree": 0.6695505525055341, "eta": 0.0949972962759306, "gamma": 316.9597302566429, "max_depth": 3.0, "min_child_weight": 4130.269113119259, "num_boost_round": 1.0, "subsample": 0.745284023473606}, "datetime": {"datetime": "2024-01-20 15:40:55", "elapsed": 4590.42701, "delta": 48.32404}}
{"target": -13.398768807352157, "params": {"colsample_bytree": 0.6695505525055341, "eta": 0.0949972962759306, "gamma": 316.9597302566429, "max_depth": 3.0, "min_child_weight": 4130.269113119259, "num_boost_round": 2.0, "subsample": 0.745284023473606}, "datetime": {"datetime": "2024-01-20 15:40:55", "elapsed": 4590.433515, "delta": 0.006505}}
{"target": -13.398946804952832, "params": {"colsample_bytree": 0.6695505525055341, "eta": 0.0949972962759306, "gamma": 316.9597302566429, "max_depth": 3.0, "min_child_weight": 4130.269113119259, "num_boost_round": 3.0, "subsample": 0.745284023473606}, "datetime": {"datetime": "2024-01-20 15:40:55", "elapsed": 4590.439371, "delta": 0.005856}}
{"target": -13.400185242533006, "params": {"colsample_bytree": 0.6695505525055341, "eta": 0.0949972962759306, "gamma": 316.9597302566429, "max_depth": 3.0, "min_child_weight": 4130.269113119259, "num_boost_round": 4.0, "subsample": 0.745284023473606}, "datetime": {"datetime": "2024-01-20 15:40:55", "elapsed": 4590.443986, "delta": 0.004615}}
{"target": -13.400960133766997, "params": {"colsample_bytree": 0.6695505525055341, "eta": 0.0949972962759306, "gamma": 316.9597302566429, "max_depth": 3.0, "min_child_weight": 4130.269113119259, "num_boost_round": 5.0, "subsample": 0.745284023473606}, "datetime": {"datetime": "2024-01-20 15:40:55", "elapsed": 4590.447662, "delta": 0.003676}}
{"target": -13.401664950168097, "params": {"colsample_bytree": 0.6695505525055341, "eta": 0.0949972962759306, "gamma": 316.9597302566429, "max_depth": 3.0, "min_child_weight": 4130.269113119259, "num_boost_round": 6.0, "subsample": 0.745284023473606}, "datetime": {"datetime": "2024-01-20 15:40:55", "elapsed": 4590.451233, "delta": 0.003571}}
{"target": -13.402984124218502, "params": {"colsample_bytree": 0.6695505525055341, "eta": 0.0949972962759306, "gamma": 316.9597302566429, "max_depth": 3.0, "min_child_weight": 4130.269113119259, "num_boost_round": 7.0, "subsample": 0.745284023473606}, "datetime": {"datetime": "2024-01-20 15:40:55", "elapsed": 4590.454759, "delta": 0.003526}}
{"target": -13.4036172717103, "params": {"colsample_bytree": 0.6695505525055341, "eta": 0.0949972962759306, "gamma": 316.9597302566429, "max_depth": 3.0, "min_child_weight": 4130.269113119259, "num_boost_round": 8.0, "subsample": 0.745284023473606}, "datetime": {"datetime": "2024-01-20 15:40:55", "elapsed": 4590.458331, "delta": 0.003572}}
{"target": -13.404635213579864, "params": {"colsample_bytree": 0.6695505525055341, "eta": 0.0949972962759306, "gamma": 316.9597302566429, "max_depth": 3.0, "min_child_weight": 4130.269113119259, "num_boost_round": 9.0, "subsample": 0.745284023473606}, "datetime": {"datetime": "2024-01-20 15:40:55", "elapsed": 4590.461797, "delta": 0.003466}}
{"target": -13.405441076810895, "params": {"colsample_bytree": 0.6695505525055341, "eta": 0.0949972962759306, "gamma": 316.9597302566429, "max_depth": 3.0, "min_child_weight": 4130.269113119259, "num_boost_round": 10.0, "subsample": 0.745284023473606}, "datetime": {"datetime": "2024-01-20 15:40:55", "elapsed": 4590.465327, "delta": 0.00353}}
{"target": -13.406145062463336, "params": {"colsample_bytree": 0.6695505525055341, "eta": 0.0949972962759306, "gamma": 316.9597302566429, "max_depth": 3.0, "min_child_weight": 4130.269113119259, "num_boost_round": 11.0, "subsample": 0.745284023473606}, "datetime": {"datetime": "2024-01-20 15:40:55", "elapsed": 4590.469063, "delta": 0.003736}}
{"target": -13.405967550963936, "params": {"colsample_bytree": 0.6695505525055341, "eta": 0.0949972962759306, "gamma": 316.9597302566429, "max_depth": 3.0, "min_child_weight": 4130.269113119259, "num_boost_round": 12.0, "subsample": 0.745284023473606}, "datetime": {"datetime": "2024-01-20 15:40:55", "elapsed": 4590.472597, "delta": 0.003534}}
{"target": -13.406733497441612, "params": {"colsample_bytree": 0.6695505525055341, "eta": 0.0949972962759306, "gamma": 316.9597302566429, "max_depth": 3.0, "min_child_weight": 4130.269113119259, "num_boost_round": 13.0, "subsample": 0.745284023473606}, "datetime": {"datetime": "2024-01-20 15:40:55", "elapsed": 4590.476142, "delta": 0.003545}}
{"target": -13.407700799213295, "params": {"colsample_bytree": 0.6695505525055341, "eta": 0.0949972962759306, "gamma": 316.9597302566429, "max_depth": 3.0, "min_child_weight": 4130.269113119259, "num_boost_round": 14.0, "subsample": 0.745284023473606}, "datetime": {"datetime": "2024-01-20 15:40:55", "elapsed": 4590.479732, "delta": 0.00359}}
{"target": -13.407417298961786, "params": {"colsample_bytree": 0.6695505525055341, "eta": 0.0949972962759306, "gamma": 316.9597302566429, "max_depth": 3.0, "min_child_weight": 4130.269113119259, "num_boost_round": 15.0, "subsample": 0.745284023473606}, "datetime": {"datetime": "2024-01-20 15:40:55", "elapsed": 4590.483218, "delta": 0.003486}}
{"target": -13.408040960121369, "params": {"colsample_bytree": 0.6695505525055341, "eta": 0.0949972962759306, "gamma": 316.9597302566429, "max_depth": 3.0, "min_child_weight": 4130.269113119259, "num_boost_round": 16.0, "subsample": 0.745284023473606}, "datetime": {"datetime": "2024-01-20 15:40:55", "elapsed": 4590.486907, "delta": 0.003689}}
{"target": -13.408463393852065, "params": {"colsample_bytree": 0.6695505525055341, "eta": 0.0949972962759306, "gamma": 316.9597302566429, "max_depth": 3.0, "min_child_weight": 4130.269113119259, "num_boost_round": 17.0, "subsample": 0.745284023473606}, "datetime": {"datetime": "2024-01-20 15:40:55", "elapsed": 4590.49066, "delta": 0.003753}}
{"target": -13.410067637949759, "params": {"colsample_bytree": 0.6695505525055341, "eta": 0.0949972962759306, "gamma": 316.9597302566429, "max_depth": 3.0, "min_child_weight": 4130.269113119259, "num_boost_round": 18.0, "subsample": 0.745284023473606}, "datetime": {"datetime": "2024-01-20 15:40:56", "elapsed": 4590.821404, "delta": 0.330744}}
{"target": -13.410587934349945, "params": {"colsample_bytree": 0.6695505525055341, "eta": 0.0949972962759306, "gamma": 316.9597302566429, "max_depth": 3.0, "min_child_weight": 4130.269113119259, "num_boost_round": 19.0, "subsample": 0.745284023473606}, "datetime": {"datetime": "2024-01-20 15:40:56", "elapsed": 4590.825999, "delta": 0.004595}}
{"target": -13.411552130665523, "params": {"colsample_bytree": 0.6695505525055341, "eta": 0.0949972962759306, "gamma": 316.9597302566429, "max_depth": 3.0, "min_child_weight": 4130.269113119259, "num_boost_round": 20.0, "subsample": 0.745284023473606}, "datetime": {"datetime": "2024-01-20 15:40:56", "elapsed": 4590.830273, "delta": 0.004274}}
{"target": -13.412211740910841, "params": {"colsample_bytree": 0.6695505525055341, "eta": 0.0949972962759306, "gamma": 316.9597302566429, "max_depth": 3.0, "min_child_weight": 4130.269113119259, "num_boost_round": 21.0, "subsample": 0.745284023473606}, "datetime": {"datetime": "2024-01-20 15:40:56", "elapsed": 4590.83435, "delta": 0.004077}}
{"target": -13.412879184670116, "params": {"colsample_bytree": 0.6695505525055341, "eta": 0.0949972962759306, "gamma": 316.9597302566429, "max_depth": 3.0, "min_child_weight": 4130.269113119259, "num_boost_round": 22.0, "subsample": 0.745284023473606}, "datetime": {"datetime": "2024-01-20 15:40:56", "elapsed": 4590.838641, "delta": 0.004291}}
{"target": -13.41300930260497, "params": {"colsample_bytree": 0.6695505525055341, "eta": 0.0949972962759306, "gamma": 316.9597302566429, "max_depth": 3.0, "min_child_weight": 4130.269113119259, "num_boost_round": 23.0, "subsample": 0.745284023473606}, "datetime": {"datetime": "2024-01-20 15:40:56", "elapsed": 4590.843008, "delta": 0.004367}}
{"target": -13.413406967086846, "params": {"colsample_bytree": 0.6695505525055341, "eta": 0.0949972962759306, "gamma": 316.9597302566429, "max_depth": 3.0, "min_child_weight": 4130.269113119259, "num_boost_round": 24.0, "subsample": 0.745284023473606}, "datetime": {"datetime": "2024-01-20 15:40:56", "elapsed": 4590.847138, "delta": 0.00413}}
{"target": -13.41367240620457, "params": {"colsample_bytree": 0.6695505525055341, "eta": 0.0949972962759306, "gamma": 316.9597302566429, "max_depth": 3.0, "min_child_weight": 4130.269113119259, "num_boost_round": 25.0, "subsample": 0.745284023473606}, "datetime": {"datetime": "2024-01-20 15:40:56", "elapsed": 4590.85102, "delta": 0.003882}}
{"target": -13.397821382325294, "params": {"colsample_bytree": 0.21273678493006198, "eta": 0.07761508124504356, "gamma": 251.30813737702783, "max_depth": 5.0, "min_child_weight": 3742.4106844294074, "num_boost_round": 1.0, "subsample": 0.11208011729090689}, "datetime": {"datetime": "2024-01-20 15:41:32", "elapsed": 4627.325464, "delta": 36.474444}}
{"target": -13.397656599093004, "params": {"colsample_bytree": 0.21273678493006198, "eta": 0.07761508124504356, "gamma": 251.30813737702783, "max_depth": 5.0, "min_child_weight": 3742.4106844294074, "num_boost_round": 2.0, "subsample": 0.11208011729090689}, "datetime": {"datetime": "2024-01-20 15:41:32", "elapsed": 4627.32963, "delta": 0.004166}}
{"target": -13.397613818761329, "params": {"colsample_bytree": 0.29044113897669566, "eta": 0.07270851761617383, "gamma": 401.51982493076963, "max_depth": 7.0, "min_child_weight": 4082.942604526377, "num_boost_round": 1.0, "subsample": 0.5726751643153368}, "datetime": {"datetime": "2024-01-20 15:42:15", "elapsed": 4669.708392, "delta": 42.378762}}
{"target": -13.397487411266098, "params": {"colsample_bytree": 0.29044113897669566, "eta": 0.07270851761617383, "gamma": 401.51982493076963, "max_depth": 7.0, "min_child_weight": 4082.942604526377, "num_boost_round": 2.0, "subsample": 0.5726751643153368}, "datetime": {"datetime": "2024-01-20 15:42:15", "elapsed": 4669.71233, "delta": 0.003938}}
{"target": -13.398019863742494, "params": {"colsample_bytree": 0.29044113897669566, "eta": 0.07270851761617383, "gamma": 401.51982493076963, "max_depth": 7.0, "min_child_weight": 4082.942604526377, "num_boost_round": 3.0, "subsample": 0.5726751643153368}, "datetime": {"datetime": "2024-01-20 15:42:15", "elapsed": 4669.716559, "delta": 0.004229}}
{"target": -13.398935616488284, "params": {"colsample_bytree": 0.29044113897669566, "eta": 0.07270851761617383, "gamma": 401.51982493076963, "max_depth": 7.0, "min_child_weight": 4082.942604526377, "num_boost_round": 4.0, "subsample": 0.5726751643153368}, "datetime": {"datetime": "2024-01-20 15:42:15", "elapsed": 4669.720135, "delta": 0.003576}}
{"target": -13.399586442091422, "params": {"colsample_bytree": 0.29044113897669566, "eta": 0.07270851761617383, "gamma": 401.51982493076963, "max_depth": 7.0, "min_child_weight": 4082.942604526377, "num_boost_round": 5.0, "subsample": 0.5726751643153368}, "datetime": {"datetime": "2024-01-20 15:42:15", "elapsed": 4669.72362, "delta": 0.003485}}
{"target": -13.399867951564119, "params": {"colsample_bytree": 0.29044113897669566, "eta": 0.07270851761617383, "gamma": 401.51982493076963, "max_depth": 7.0, "min_child_weight": 4082.942604526377, "num_boost_round": 6.0, "subsample": 0.5726751643153368}, "datetime": {"datetime": "2024-01-20 15:42:15", "elapsed": 4669.727234, "delta": 0.003614}}
{"target": -13.400870383144579, "params": {"colsample_bytree": 0.29044113897669566, "eta": 0.07270851761617383, "gamma": 401.51982493076963, "max_depth": 7.0, "min_child_weight": 4082.942604526377, "num_boost_round": 7.0, "subsample": 0.5726751643153368}, "datetime": {"datetime": "2024-01-20 15:42:15", "elapsed": 4669.730866, "delta": 0.003632}}
{"target": -13.401630334690978, "params": {"colsample_bytree": 0.29044113897669566, "eta": 0.07270851761617383, "gamma": 401.51982493076963, "max_depth": 7.0, "min_child_weight": 4082.942604526377, "num_boost_round": 8.0, "subsample": 0.5726751643153368}, "datetime": {"datetime": "2024-01-20 15:42:15", "elapsed": 4669.734306, "delta": 0.00344}}
{"target": -13.398248193719661, "params": {"colsample_bytree": 0.7143206450395378, "eta": 0.09004939041138127, "gamma": 160.82215925052978, "max_depth": 7.0, "min_child_weight": 3118.690637340891, "num_boost_round": 1.0, "subsample": 0.9524195433459519}, "datetime": {"datetime": "2024-01-20 15:42:47", "elapsed": 4701.814815, "delta": 32.080509}}
{"target": -13.398395783743617, "params": {"colsample_bytree": 0.23038877766591365, "eta": 0.06454759059188728, "gamma": 896.5539627796483, "max_depth": 6.0, "min_child_weight": 4400.279682407222, "num_boost_round": 1.0, "subsample": 0.8811797121533642}, "datetime": {"datetime": "2024-01-20 15:43:40", "elapsed": 4754.934355, "delta": 53.11954}}
{"target": -13.398244004974432, "params": {"colsample_bytree": 0.23038877766591365, "eta": 0.06454759059188728, "gamma": 896.5539627796483, "max_depth": 6.0, "min_child_weight": 4400.279682407222, "num_boost_round": 2.0, "subsample": 0.8811797121533642}, "datetime": {"datetime": "2024-01-20 15:43:40", "elapsed": 4754.939391, "delta": 0.005036}}
{"target": -13.398162037388557, "params": {"colsample_bytree": 0.23038877766591365, "eta": 0.06454759059188728, "gamma": 896.5539627796483, "max_depth": 6.0, "min_child_weight": 4400.279682407222, "num_boost_round": 3.0, "subsample": 0.8811797121533642}, "datetime": {"datetime": "2024-01-20 15:43:40", "elapsed": 4754.943355, "delta": 0.003964}}
{"target": -13.397952079170533, "params": {"colsample_bytree": 0.8413535280162975, "eta": 0.06655550811671089, "gamma": 884.9480378401062, "max_depth": 2.0, "min_child_weight": 4434.881695794443, "num_boost_round": 1.0, "subsample": 0.9146629050452053}, "datetime": {"datetime": "2024-01-20 15:44:44", "elapsed": 4819.628532, "delta": 64.685177}}
{"target": -13.398102536674442, "params": {"colsample_bytree": 0.8413535280162975, "eta": 0.06655550811671089, "gamma": 884.9480378401062, "max_depth": 2.0, "min_child_weight": 4434.881695794443, "num_boost_round": 2.0, "subsample": 0.9146629050452053}, "datetime": {"datetime": "2024-01-20 15:44:44", "elapsed": 4819.636995, "delta": 0.008463}}
{"target": -13.398481986360085, "params": {"colsample_bytree": 0.8413535280162975, "eta": 0.06655550811671089, "gamma": 884.9480378401062, "max_depth": 2.0, "min_child_weight": 4434.881695794443, "num_boost_round": 3.0, "subsample": 0.9146629050452053}, "datetime": {"datetime": "2024-01-20 15:44:44", "elapsed": 4819.64212, "delta": 0.005125}}
{"target": -13.398950247686367, "params": {"colsample_bytree": 0.8413535280162975, "eta": 0.06655550811671089, "gamma": 884.9480378401062, "max_depth": 2.0, "min_child_weight": 4434.881695794443, "num_boost_round": 4.0, "subsample": 0.9146629050452053}, "datetime": {"datetime": "2024-01-20 15:44:44", "elapsed": 4819.646029, "delta": 0.003909}}
{"target": -13.399576785718073, "params": {"colsample_bytree": 0.8413535280162975, "eta": 0.06655550811671089, "gamma": 884.9480378401062, "max_depth": 2.0, "min_child_weight": 4434.881695794443, "num_boost_round": 5.0, "subsample": 0.9146629050452053}, "datetime": {"datetime": "2024-01-20 15:44:44", "elapsed": 4819.649958, "delta": 0.003929}}
{"target": -13.400221086709113, "params": {"colsample_bytree": 0.8413535280162975, "eta": 0.06655550811671089, "gamma": 884.9480378401062, "max_depth": 2.0, "min_child_weight": 4434.881695794443, "num_boost_round": 6.0, "subsample": 0.9146629050452053}, "datetime": {"datetime": "2024-01-20 15:44:45", "elapsed": 4819.653661, "delta": 0.003703}}
{"target": -13.40101464256422, "params": {"colsample_bytree": 0.8413535280162975, "eta": 0.06655550811671089, "gamma": 884.9480378401062, "max_depth": 2.0, "min_child_weight": 4434.881695794443, "num_boost_round": 7.0, "subsample": 0.9146629050452053}, "datetime": {"datetime": "2024-01-20 15:44:45", "elapsed": 4819.657338, "delta": 0.003677}}
{"target": -13.40180976744654, "params": {"colsample_bytree": 0.8413535280162975, "eta": 0.06655550811671089, "gamma": 884.9480378401062, "max_depth": 2.0, "min_child_weight": 4434.881695794443, "num_boost_round": 8.0, "subsample": 0.9146629050452053}, "datetime": {"datetime": "2024-01-20 15:44:45", "elapsed": 4819.660911, "delta": 0.003573}}
{"target": -13.402368499783854, "params": {"colsample_bytree": 0.8413535280162975, "eta": 0.06655550811671089, "gamma": 884.9480378401062, "max_depth": 2.0, "min_child_weight": 4434.881695794443, "num_boost_round": 9.0, "subsample": 0.9146629050452053}, "datetime": {"datetime": "2024-01-20 15:44:45", "elapsed": 4819.664423, "delta": 0.003512}}
{"target": -13.402579626563496, "params": {"colsample_bytree": 0.8413535280162975, "eta": 0.06655550811671089, "gamma": 884.9480378401062, "max_depth": 2.0, "min_child_weight": 4434.881695794443, "num_boost_round": 10.0, "subsample": 0.9146629050452053}, "datetime": {"datetime": "2024-01-20 15:44:45", "elapsed": 4819.668123, "delta": 0.0037}}
