{"target": -10.484051345476383, "params": {"colsample_bytree": 0.13436327098634918, "eta": 0.05849210590323465, "gamma": 964.8441879392766, "max_depth": 9.0, "min_child_weight": 4612.816435803957, "num_boost_round": 86.0, "subsample": 0.3855581742406452}, "datetime": {"datetime": "2024-01-20 14:02:45", "elapsed": 2258.025617, "delta": 0.002765}}
{"target": -10.484095447488292, "params": {"colsample_bytree": 0.13436327098634918, "eta": 0.05849210590323465, "gamma": 964.8441879392766, "max_depth": 9.0, "min_child_weight": 4612.816435803957, "num_boost_round": 87.0, "subsample": 0.3855581742406452}, "datetime": {"datetime": "2024-01-20 14:02:45", "elapsed": 2258.028382, "delta": 0.002765}}
{"target": -10.484145874769315, "params": {"colsample_bytree": 0.13436327098634918, "eta": 0.05849210590323465, "gamma": 964.8441879392766, "max_depth": 9.0, "min_child_weight": 4612.816435803957, "num_boost_round": 88.0, "subsample": 0.3855581742406452}, "datetime": {"datetime": "2024-01-20 14:02:45", "elapsed": 2258.031156, "delta": 0.002774}}
{"target": -10.484318541562462, "params": {"colsample_bytree": 0.13436327098634918, "eta": 0.05849210590323465, "gamma": 964.8441879392766, "max_depth": 9.0, "min_child_weight": 4612.816435803957, "num_boost_round": 89.0, "subsample": 0.3855581742406452}, "datetime": {"datetime": "2024-01-20 14:02:45", "elapsed": 2258.033941, "delta": 0.002785}}
{"target": -10.484350185677727, "params": {"colsample_bytree": 0.13436327098634918, "eta": 0.05849210590323465, "gamma": 964.8441879392766, "max_depth": 9.0, "min_child_weight": 4612.816435803957, "num_boost_round": 90.0, "subsample": 0.3855581742406452}, "datetime": {"datetime": "2024-01-20 14:02:45", "elapsed": 2258.036725, "delta": 0.002784}}
{"target": -10.484471023630505, "params": {"colsample_bytree": 0.13436327098634918, "eta": 0.05849210590323465, "gamma": 964.8441879392766, "max_depth": 9.0, "min_child_weight": 4612.816435803957, "num_boost_round": 91.0, "subsample": 0.3855581742406452}, "datetime": {"datetime": "2024-01-20 14:02:45", "elapsed": 2258.0395, "delta": 0.002775}}
{"target": -10.484651700405697, "params": {"colsample_bytree": 0.13436327098634918, "eta": 0.05849210590323465, "gamma": 964.8441879392766, "max_depth": 9.0, "min_child_weight": 4612.816435803957, "num_boost_round": 92.0, "subsample": 0.3855581742406452}, "datetime": {"datetime": "2024-01-20 14:02:46", "elapsed": 2258.042227, "delta": 0.002727}}
{"target": -10.476120311713863, "params": {"colsample_bytree": 0.3025061804737392, "eta": 0.015975386099544422, "gamma": 884.8065557173718, "max_depth": 3.0, "min_child_weight": 4641.749424021621, "num_boost_round": 1.0, "subsample": 0.2644922611063658}, "datetime": {"datetime": "2024-01-20 14:03:49", "elapsed": 2321.916026, "delta": 63.873799}}
{"target": -10.476052769455368, "params": {"colsample_bytree": 0.3025061804737392, "eta": 0.015975386099544422, "gamma": 884.8065557173718, "max_depth": 3.0, "min_child_weight": 4641.749424021621, "num_boost_round": 2.0, "subsample": 0.2644922611063658}, "datetime": {"datetime": "2024-01-20 14:03:49", "elapsed": 2321.919197, "delta": 0.003171}}
{"target": -10.475999998108335, "params": {"colsample_bytree": 0.3025061804737392, "eta": 0.015975386099544422, "gamma": 884.8065557173718, "max_depth": 3.0, "min_child_weight": 4641.749424021621, "num_boost_round": 3.0, "subsample": 0.2644922611063658}, "datetime": {"datetime": "2024-01-20 14:03:49", "elapsed": 2321.921935, "delta": 0.002738}}
{"target": -10.475927288196763, "params": {"colsample_bytree": 0.3025061804737392, "eta": 0.015975386099544422, "gamma": 884.8065557173718, "max_depth": 3.0, "min_child_weight": 4641.749424021621, "num_boost_round": 4.0, "subsample": 0.2644922611063658}, "datetime": {"datetime": "2024-01-20 14:03:49", "elapsed": 2321.924583, "delta": 0.002648}}
{"target": -10.475872401735165, "params": {"colsample_bytree": 0.3025061804737392, "eta": 0.015975386099544422, "gamma": 884.8065557173718, "max_depth": 3.0, "min_child_weight": 4641.749424021621, "num_boost_round": 5.0, "subsample": 0.2644922611063658}, "datetime": {"datetime": "2024-01-20 14:03:49", "elapsed": 2321.927184, "delta": 0.002601}}
{"target": -10.47587585710615, "params": {"colsample_bytree": 0.3025061804737392, "eta": 0.015975386099544422, "gamma": 884.8065557173718, "max_depth": 3.0, "min_child_weight": 4641.749424021621, "num_boost_round": 6.0, "subsample": 0.2644922611063658}, "datetime": {"datetime": "2024-01-20 14:03:49", "elapsed": 2321.929861, "delta": 0.002677}}
{"target": -10.475800592686118, "params": {"colsample_bytree": 0.3025061804737392, "eta": 0.015975386099544422, "gamma": 884.8065557173718, "max_depth": 3.0, "min_child_weight": 4641.749424021621, "num_boost_round": 7.0, "subsample": 0.2644922611063658}, "datetime": {"datetime": "2024-01-20 14:03:49", "elapsed": 2321.932489, "delta": 0.002628}}
{"target": -10.475770308715912, "params": {"colsample_bytree": 0.3025061804737392, "eta": 0.015975386099544422, "gamma": 884.8065557173718, "max_depth": 3.0, "min_child_weight": 4641.749424021621, "num_boost_round": 8.0, "subsample": 0.2644922611063658}, "datetime": {"datetime": "2024-01-20 14:03:49", "elapsed": 2321.935091, "delta": 0.002602}}
{"target": -10.475776862336307, "params": {"colsample_bytree": 0.3025061804737392, "eta": 0.015975386099544422, "gamma": 884.8065557173718, "max_depth": 3.0, "min_child_weight": 4641.749424021621, "num_boost_round": 9.0, "subsample": 0.2644922611063658}, "datetime": {"datetime": "2024-01-20 14:03:49", "elapsed": 2321.937799, "delta": 0.002708}}
{"target": -10.475818501557459, "params": {"colsample_bytree": 0.3025061804737392, "eta": 0.015975386099544422, "gamma": 884.8065557173718, "max_depth": 3.0, "min_child_weight": 4641.749424021621, "num_boost_round": 10.0, "subsample": 0.2644922611063658}, "datetime": {"datetime": "2024-01-20 14:03:49", "elapsed": 2321.940434, "delta": 0.002635}}
{"target": -10.47582953165266, "params": {"colsample_bytree": 0.3025061804737392, "eta": 0.015975386099544422, "gamma": 884.8065557173718, "max_depth": 3.0, "min_child_weight": 4641.749424021621, "num_boost_round": 11.0, "subsample": 0.2644922611063658}, "datetime": {"datetime": "2024-01-20 14:03:49", "elapsed": 2321.943038, "delta": 0.002604}}
{"target": -10.475867014220094, "params": {"colsample_bytree": 0.3025061804737392, "eta": 0.015975386099544422, "gamma": 884.8065557173718, "max_depth": 3.0, "min_child_weight": 4641.749424021621, "num_boost_round": 12.0, "subsample": 0.2644922611063658}, "datetime": {"datetime": "2024-01-20 14:03:49", "elapsed": 2321.945663, "delta": 0.002625}}
{"target": -10.475826726083348, "params": {"colsample_bytree": 0.3025061804737392, "eta": 0.015975386099544422, "gamma": 884.8065557173718, "max_depth": 3.0, "min_child_weight": 4641.749424021621, "num_boost_round": 13.0, "subsample": 0.2644922611063658}, "datetime": {"datetime": "2024-01-20 14:03:49", "elapsed": 2321.948615, "delta": 0.002952}}
{"target": -10.47590614280094, "params": {"colsample_bytree": 0.3025061804737392, "eta": 0.015975386099544422, "gamma": 884.8065557173718, "max_depth": 3.0, "min_child_weight": 4641.749424021621, "num_boost_round": 14.0, "subsample": 0.2644922611063658}, "datetime": {"datetime": "2024-01-20 14:03:49", "elapsed": 2321.9514, "delta": 0.002785}}
{"target": -10.475935037340651, "params": {"colsample_bytree": 0.3025061804737392, "eta": 0.015975386099544422, "gamma": 884.8065557173718, "max_depth": 3.0, "min_child_weight": 4641.749424021621, "num_boost_round": 15.0, "subsample": 0.2644922611063658}, "datetime": {"datetime": "2024-01-20 14:03:49", "elapsed": 2321.954097, "delta": 0.002697}}
{"target": -10.475978850885728, "params": {"colsample_bytree": 0.3025061804737392, "eta": 0.015975386099544422, "gamma": 884.8065557173718, "max_depth": 3.0, "min_child_weight": 4641.749424021621, "num_boost_round": 16.0, "subsample": 0.2644922611063658}, "datetime": {"datetime": "2024-01-20 14:03:49", "elapsed": 2321.956744, "delta": 0.002647}}
{"target": -10.47601483506692, "params": {"colsample_bytree": 0.3025061804737392, "eta": 0.015975386099544422, "gamma": 884.8065557173718, "max_depth": 3.0, "min_child_weight": 4641.749424021621, "num_boost_round": 17.0, "subsample": 0.2644922611063658}, "datetime": {"datetime": "2024-01-20 14:03:49", "elapsed": 2321.959527, "delta": 0.002783}}
{"target": -10.476011369518343, "params": {"colsample_bytree": 0.3025061804737392, "eta": 0.015975386099544422, "gamma": 884.8065557173718, "max_depth": 3.0, "min_child_weight": 4641.749424021621, "num_boost_round": 18.0, "subsample": 0.2644922611063658}, "datetime": {"datetime": "2024-01-20 14:03:49", "elapsed": 2321.973248, "delta": 0.013721}}
{"target": -10.47601665311243, "params": {"colsample_bytree": 0.3025061804737392, "eta": 0.015975386099544422, "gamma": 884.8065557173718, "max_depth": 3.0, "min_child_weight": 4641.749424021621, "num_boost_round": 19.0, "subsample": 0.2644922611063658}, "datetime": {"datetime": "2024-01-20 14:03:49", "elapsed": 2321.976054, "delta": 0.002806}}
{"target": -10.475996171398062, "params": {"colsample_bytree": 0.3025061804737392, "eta": 0.015975386099544422, "gamma": 884.8065557173718, "max_depth": 3.0, "min_child_weight": 4641.749424021621, "num_boost_round": 20.0, "subsample": 0.2644922611063658}, "datetime": {"datetime": "2024-01-20 14:03:49", "elapsed": 2321.978801, "delta": 0.002747}}
{"target": -10.475996721175257, "params": {"colsample_bytree": 0.3025061804737392, "eta": 0.015975386099544422, "gamma": 884.8065557173718, "max_depth": 3.0, "min_child_weight": 4641.749424021621, "num_boost_round": 21.0, "subsample": 0.2644922611063658}, "datetime": {"datetime": "2024-01-20 14:03:49", "elapsed": 2321.981504, "delta": 0.002703}}
{"target": -10.475918492811047, "params": {"colsample_bytree": 0.3025061804737392, "eta": 0.015975386099544422, "gamma": 884.8065557173718, "max_depth": 3.0, "min_child_weight": 4641.749424021621, "num_boost_round": 22.0, "subsample": 0.2644922611063658}, "datetime": {"datetime": "2024-01-20 14:03:49", "elapsed": 2321.984142, "delta": 0.002638}}
{"target": -10.475964415506388, "params": {"colsample_bytree": 0.3025061804737392, "eta": 0.015975386099544422, "gamma": 884.8065557173718, "max_depth": 3.0, "min_child_weight": 4641.749424021621, "num_boost_round": 23.0, "subsample": 0.2644922611063658}, "datetime": {"datetime": "2024-01-20 14:03:49", "elapsed": 2321.986766, "delta": 0.002624}}
{"target": -10.475953668776043, "params": {"colsample_bytree": 0.3025061804737392, "eta": 0.015975386099544422, "gamma": 884.8065557173718, "max_depth": 3.0, "min_child_weight": 4641.749424021621, "num_boost_round": 24.0, "subsample": 0.2644922611063658}, "datetime": {"datetime": "2024-01-20 14:03:49", "elapsed": 2321.989415, "delta": 0.002649}}
{"target": -10.475930755426848, "params": {"colsample_bytree": 0.3025061804737392, "eta": 0.015975386099544422, "gamma": 884.8065557173718, "max_depth": 3.0, "min_child_weight": 4641.749424021621, "num_boost_round": 25.0, "subsample": 0.2644922611063658}, "datetime": {"datetime": "2024-01-20 14:03:49", "elapsed": 2321.992054, "delta": 0.002639}}
{"target": -10.47592251439115, "params": {"colsample_bytree": 0.3025061804737392, "eta": 0.015975386099544422, "gamma": 884.8065557173718, "max_depth": 3.0, "min_child_weight": 4641.749424021621, "num_boost_round": 26.0, "subsample": 0.2644922611063658}, "datetime": {"datetime": "2024-01-20 14:03:49", "elapsed": 2321.994671, "delta": 0.002617}}
{"target": -10.475903174862541, "params": {"colsample_bytree": 0.3025061804737392, "eta": 0.015975386099544422, "gamma": 884.8065557173718, "max_depth": 3.0, "min_child_weight": 4641.749424021621, "num_boost_round": 27.0, "subsample": 0.2644922611063658}, "datetime": {"datetime": "2024-01-20 14:03:49", "elapsed": 2321.997424, "delta": 0.002753}}
{"target": -10.475906702355871, "params": {"colsample_bytree": 0.3025061804737392, "eta": 0.015975386099544422, "gamma": 884.8065557173718, "max_depth": 3.0, "min_child_weight": 4641.749424021621, "num_boost_round": 28.0, "subsample": 0.2644922611063658}, "datetime": {"datetime": "2024-01-20 14:03:49", "elapsed": 2322.000069, "delta": 0.002645}}
{"target": -10.47588134041964, "params": {"colsample_bytree": 0.3025061804737392, "eta": 0.015975386099544422, "gamma": 884.8065557173718, "max_depth": 3.0, "min_child_weight": 4641.749424021621, "num_boost_round": 29.0, "subsample": 0.2644922611063658}, "datetime": {"datetime": "2024-01-20 14:03:49", "elapsed": 2322.002671, "delta": 0.002602}}
{"target": -10.475899501824726, "params": {"colsample_bytree": 0.3025061804737392, "eta": 0.015975386099544422, "gamma": 884.8065557173718, "max_depth": 3.0, "min_child_weight": 4641.749424021621, "num_boost_round": 30.0, "subsample": 0.2644922611063658}, "datetime": {"datetime": "2024-01-20 14:03:49", "elapsed": 2322.005354, "delta": 0.002683}}
{"target": -10.475862889497392, "params": {"colsample_bytree": 0.3025061804737392, "eta": 0.015975386099544422, "gamma": 884.8065557173718, "max_depth": 3.0, "min_child_weight": 4641.749424021621, "num_boost_round": 31.0, "subsample": 0.2644922611063658}, "datetime": {"datetime": "2024-01-20 14:03:49", "elapsed": 2322.008014, "delta": 0.00266}}
{"target": -10.475934367936947, "params": {"colsample_bytree": 0.3025061804737392, "eta": 0.015975386099544422, "gamma": 884.8065557173718, "max_depth": 3.0, "min_child_weight": 4641.749424021621, "num_boost_round": 32.0, "subsample": 0.2644922611063658}, "datetime": {"datetime": "2024-01-20 14:03:49", "elapsed": 2322.010703, "delta": 0.002689}}
{"target": -10.47590011154383, "params": {"colsample_bytree": 0.3025061804737392, "eta": 0.015975386099544422, "gamma": 884.8065557173718, "max_depth": 3.0, "min_child_weight": 4641.749424021621, "num_boost_round": 33.0, "subsample": 0.2644922611063658}, "datetime": {"datetime": "2024-01-20 14:03:49", "elapsed": 2322.01357, "delta": 0.002867}}
{"target": -10.475845581007738, "params": {"colsample_bytree": 0.3025061804737392, "eta": 0.015975386099544422, "gamma": 884.8065557173718, "max_depth": 3.0, "min_child_weight": 4641.749424021621, "num_boost_round": 34.0, "subsample": 0.2644922611063658}, "datetime": {"datetime": "2024-01-20 14:03:49", "elapsed": 2322.016238, "delta": 0.002668}}
{"target": -10.475817351688942, "params": {"colsample_bytree": 0.3025061804737392, "eta": 0.015975386099544422, "gamma": 884.8065557173718, "max_depth": 3.0, "min_child_weight": 4641.749424021621, "num_boost_round": 35.0, "subsample": 0.2644922611063658}, "datetime": {"datetime": "2024-01-20 14:03:49", "elapsed": 2322.018866, "delta": 0.002628}}
{"target": -10.475852199061935, "params": {"colsample_bytree": 0.3025061804737392, "eta": 0.015975386099544422, "gamma": 884.8065557173718, "max_depth": 3.0, "min_child_weight": 4641.749424021621, "num_boost_round": 36.0, "subsample": 0.2644922611063658}, "datetime": {"datetime": "2024-01-20 14:03:49", "elapsed": 2322.021561, "delta": 0.002695}}
{"target": -10.475870060513346, "params": {"colsample_bytree": 0.3025061804737392, "eta": 0.015975386099544422, "gamma": 884.8065557173718, "max_depth": 3.0, "min_child_weight": 4641.749424021621, "num_boost_round": 37.0, "subsample": 0.2644922611063658}, "datetime": {"datetime": "2024-01-20 14:03:49", "elapsed": 2322.02422, "delta": 0.002659}}
{"target": -10.475930395269813, "params": {"colsample_bytree": 0.3025061804737392, "eta": 0.015975386099544422, "gamma": 884.8065557173718, "max_depth": 3.0, "min_child_weight": 4641.749424021621, "num_boost_round": 38.0, "subsample": 0.2644922611063658}, "datetime": {"datetime": "2024-01-20 14:03:49", "elapsed": 2322.026891, "delta": 0.002671}}
{"target": -10.47594078377249, "params": {"colsample_bytree": 0.3025061804737392, "eta": 0.015975386099544422, "gamma": 884.8065557173718, "max_depth": 3.0, "min_child_weight": 4641.749424021621, "num_boost_round": 39.0, "subsample": 0.2644922611063658}, "datetime": {"datetime": "2024-01-20 14:03:49", "elapsed": 2322.029587, "delta": 0.002696}}
{"target": -10.476009721326111, "params": {"colsample_bytree": 0.3025061804737392, "eta": 0.015975386099544422, "gamma": 884.8065557173718, "max_depth": 3.0, "min_child_weight": 4641.749424021621, "num_boost_round": 40.0, "subsample": 0.2644922611063658}, "datetime": {"datetime": "2024-01-20 14:03:49", "elapsed": 2322.032261, "delta": 0.002674}}
{"target": -10.476038586717902, "params": {"colsample_bytree": 0.3025061804737392, "eta": 0.015975386099544422, "gamma": 884.8065557173718, "max_depth": 3.0, "min_child_weight": 4641.749424021621, "num_boost_round": 41.0, "subsample": 0.2644922611063658}, "datetime": {"datetime": "2024-01-20 14:03:49", "elapsed": 2322.034918, "delta": 0.002657}}
{"target": -10.476077491917625, "params": {"colsample_bytree": 0.3025061804737392, "eta": 0.015975386099544422, "gamma": 884.8065557173718, "max_depth": 3.0, "min_child_weight": 4641.749424021621, "num_boost_round": 42.0, "subsample": 0.2644922611063658}, "datetime": {"datetime": "2024-01-20 14:03:49", "elapsed": 2322.037565, "delta": 0.002647}}
{"target": -10.476141742163001, "params": {"colsample_bytree": 0.3025061804737392, "eta": 0.015975386099544422, "gamma": 884.8065557173718, "max_depth": 3.0, "min_child_weight": 4641.749424021621, "num_boost_round": 43.0, "subsample": 0.2644922611063658}, "datetime": {"datetime": "2024-01-20 14:03:49", "elapsed": 2322.040228, "delta": 0.002663}}
{"target": -10.476196500767227, "params": {"colsample_bytree": 0.3025061804737392, "eta": 0.015975386099544422, "gamma": 884.8065557173718, "max_depth": 3.0, "min_child_weight": 4641.749424021621, "num_boost_round": 44.0, "subsample": 0.2644922611063658}, "datetime": {"datetime": "2024-01-20 14:03:50", "elapsed": 2322.042909, "delta": 0.002681}}
{"target": -10.476254209323308, "params": {"colsample_bytree": 0.3025061804737392, "eta": 0.015975386099544422, "gamma": 884.8065557173718, "max_depth": 3.0, "min_child_weight": 4641.749424021621, "num_boost_round": 45.0, "subsample": 0.2644922611063658}, "datetime": {"datetime": "2024-01-20 14:03:50", "elapsed": 2322.045546, "delta": 0.002637}}
{"target": -10.476313581220161, "params": {"colsample_bytree": 0.3025061804737392, "eta": 0.015975386099544422, "gamma": 884.8065557173718, "max_depth": 3.0, "min_child_weight": 4641.749424021621, "num_boost_round": 46.0, "subsample": 0.2644922611063658}, "datetime": {"datetime": "2024-01-20 14:03:50", "elapsed": 2322.048215, "delta": 0.002669}}
{"target": -10.476260863366724, "params": {"colsample_bytree": 0.3025061804737392, "eta": 0.015975386099544422, "gamma": 884.8065557173718, "max_depth": 3.0, "min_child_weight": 4641.749424021621, "num_boost_round": 47.0, "subsample": 0.2644922611063658}, "datetime": {"datetime": "2024-01-20 14:03:50", "elapsed": 2322.050879, "delta": 0.002664}}
{"target": -10.476216895090753, "params": {"colsample_bytree": 0.3025061804737392, "eta": 0.015975386099544422, "gamma": 884.8065557173718, "max_depth": 3.0, "min_child_weight": 4641.749424021621, "num_boost_round": 48.0, "subsample": 0.2644922611063658}, "datetime": {"datetime": "2024-01-20 14:03:50", "elapsed": 2322.053539, "delta": 0.00266}}
{"target": -10.476243407947747, "params": {"colsample_bytree": 0.3025061804737392, "eta": 0.015975386099544422, "gamma": 884.8065557173718, "max_depth": 3.0, "min_child_weight": 4641.749424021621, "num_boost_round": 49.0, "subsample": 0.2644922611063658}, "datetime": {"datetime": "2024-01-20 14:03:50", "elapsed": 2322.056248, "delta": 0.002709}}
{"target": -10.476229339269914, "params": {"colsample_bytree": 0.3025061804737392, "eta": 0.015975386099544422, "gamma": 884.8065557173718, "max_depth": 3.0, "min_child_weight": 4641.749424021621, "num_boost_round": 50.0, "subsample": 0.2644922611063658}, "datetime": {"datetime": "2024-01-20 14:03:50", "elapsed": 2322.058902, "delta": 0.002654}}
{"target": -10.476225072685246, "params": {"colsample_bytree": 0.3025061804737392, "eta": 0.015975386099544422, "gamma": 884.8065557173718, "max_depth": 3.0, "min_child_weight": 4641.749424021621, "num_boost_round": 51.0, "subsample": 0.2644922611063658}, "datetime": {"datetime": "2024-01-20 14:03:50", "elapsed": 2322.061607, "delta": 0.002705}}
{"target": -10.47626573088362, "params": {"colsample_bytree": 0.3025061804737392, "eta": 0.015975386099544422, "gamma": 884.8065557173718, "max_depth": 3.0, "min_child_weight": 4641.749424021621, "num_boost_round": 52.0, "subsample": 0.2644922611063658}, "datetime": {"datetime": "2024-01-20 14:03:50", "elapsed": 2322.06427, "delta": 0.002663}}
{"target": -10.476259466846363, "params": {"colsample_bytree": 0.3025061804737392, "eta": 0.015975386099544422, "gamma": 884.8065557173718, "max_depth": 3.0, "min_child_weight": 4641.749424021621, "num_boost_round": 53.0, "subsample": 0.2644922611063658}, "datetime": {"datetime": "2024-01-20 14:03:50", "elapsed": 2322.066961, "delta": 0.002691}}
{"target": -10.476302753379823, "params": {"colsample_bytree": 0.3025061804737392, "eta": 0.015975386099544422, "gamma": 884.8065557173718, "max_depth": 3.0, "min_child_weight": 4641.749424021621, "num_boost_round": 54.0, "subsample": 0.2644922611063658}, "datetime": {"datetime": "2024-01-20 14:03:50", "elapsed": 2322.069632, "delta": 0.002671}}
{"target": -10.476311928512034, "params": {"colsample_bytree": 0.3025061804737392, "eta": 0.015975386099544422, "gamma": 884.8065557173718, "max_depth": 3.0, "min_child_weight": 4641.749424021621, "num_boost_round": 55.0, "subsample": 0.2644922611063658}, "datetime": {"datetime": "2024-01-20 14:03:50", "elapsed": 2322.072293, "delta": 0.002661}}
{"target": -10.476340465561375, "params": {"colsample_bytree": 0.3025061804737392, "eta": 0.015975386099544422, "gamma": 884.8065557173718, "max_depth": 3.0, "min_child_weight": 4641.749424021621, "num_boost_round": 56.0, "subsample": 0.2644922611063658}, "datetime": {"datetime": "2024-01-20 14:03:50", "elapsed": 2322.074925, "delta": 0.002632}}
