{"target": -10.298618694527152, "params": {"colsample_bytree": 0.9723414022854189, "eta": 0.02215282921120665, "gamma": 885.3729371816834, "max_depth": 5.0, "min_child_weight": 4211.236783095641, "num_boost_round": 7.0, "subsample": 0.7433964938892617}, "datetime": {"datetime": "2024-01-20 14:23:39", "elapsed": 3716.988963, "delta": 0.002467}}
{"target": -10.298684115947074, "params": {"colsample_bytree": 0.9723414022854189, "eta": 0.02215282921120665, "gamma": 885.3729371816834, "max_depth": 5.0, "min_child_weight": 4211.236783095641, "num_boost_round": 8.0, "subsample": 0.7433964938892617}, "datetime": {"datetime": "2024-01-20 14:23:39", "elapsed": 3716.991411, "delta": 0.002448}}
{"target": -10.298761928481394, "params": {"colsample_bytree": 0.9723414022854189, "eta": 0.02215282921120665, "gamma": 885.3729371816834, "max_depth": 5.0, "min_child_weight": 4211.236783095641, "num_boost_round": 9.0, "subsample": 0.7433964938892617}, "datetime": {"datetime": "2024-01-20 14:23:39", "elapsed": 3716.993715, "delta": 0.002304}}
{"target": -10.29888272216094, "params": {"colsample_bytree": 0.9723414022854189, "eta": 0.02215282921120665, "gamma": 885.3729371816834, "max_depth": 5.0, "min_child_weight": 4211.236783095641, "num_boost_round": 10.0, "subsample": 0.7433964938892617}, "datetime": {"datetime": "2024-01-20 14:23:39", "elapsed": 3716.996012, "delta": 0.002297}}
{"target": -10.298977705917443, "params": {"colsample_bytree": 0.9723414022854189, "eta": 0.02215282921120665, "gamma": 885.3729371816834, "max_depth": 5.0, "min_child_weight": 4211.236783095641, "num_boost_round": 11.0, "subsample": 0.7433964938892617}, "datetime": {"datetime": "2024-01-20 14:23:39", "elapsed": 3716.998354, "delta": 0.002342}}
{"target": -10.2991518737773, "params": {"colsample_bytree": 0.9723414022854189, "eta": 0.02215282921120665, "gamma": 885.3729371816834, "max_depth": 5.0, "min_child_weight": 4211.236783095641, "num_boost_round": 12.0, "subsample": 0.7433964938892617}, "datetime": {"datetime": "2024-01-20 14:23:39", "elapsed": 3717.000689, "delta": 0.002335}}
{"target": -10.299262780278543, "params": {"colsample_bytree": 0.9723414022854189, "eta": 0.02215282921120665, "gamma": 885.3729371816834, "max_depth": 5.0, "min_child_weight": 4211.236783095641, "num_boost_round": 13.0, "subsample": 0.7433964938892617}, "datetime": {"datetime": "2024-01-20 14:23:39", "elapsed": 3717.002994, "delta": 0.002305}}
{"target": -10.298110398543837, "params": {"colsample_bytree": 0.9176099239570998, "eta": 0.07145141632970246, "gamma": 119.18643205402901, "max_depth": 7.0, "min_child_weight": 4277.735732718966, "num_boost_round": 1.0, "subsample": 0.3152997302896622}, "datetime": {"datetime": "2024-01-20 14:24:04", "elapsed": 3742.598345, "delta": 25.595351}}
{"target": -10.298044341056986, "params": {"colsample_bytree": 0.9176099239570998, "eta": 0.07145141632970246, "gamma": 119.18643205402901, "max_depth": 7.0, "min_child_weight": 4277.735732718966, "num_boost_round": 2.0, "subsample": 0.3152997302896622}, "datetime": {"datetime": "2024-01-20 14:24:04", "elapsed": 3742.610145, "delta": 0.0118}}
{"target": -10.298495326157843, "params": {"colsample_bytree": 0.5543826214198699, "eta": 0.013126759816902048, "gamma": 634.2603336141143, "max_depth": 4.0, "min_child_weight": 4308.25992830241, "num_boost_round": 1.0, "subsample": 0.9370459581426396}, "datetime": {"datetime": "2024-01-20 14:24:33", "elapsed": 3771.538589, "delta": 28.928444}}
{"target": -10.29853889117786, "params": {"colsample_bytree": 0.5543826214198699, "eta": 0.013126759816902048, "gamma": 634.2603336141143, "max_depth": 4.0, "min_child_weight": 4308.25992830241, "num_boost_round": 2.0, "subsample": 0.9370459581426396}, "datetime": {"datetime": "2024-01-20 14:24:33", "elapsed": 3771.542492, "delta": 0.003903}}
{"target": -10.29858150992428, "params": {"colsample_bytree": 0.7038873789296554, "eta": 0.02927879186961509, "gamma": 478.9724585509081, "max_depth": 6.0, "min_child_weight": 3934.7355464769785, "num_boost_round": 1.0, "subsample": 0.9651031784090128}, "datetime": {"datetime": "2024-01-20 14:25:11", "elapsed": 3809.574381, "delta": 38.031889}}
{"target": -10.298707467079174, "params": {"colsample_bytree": 0.7038873789296554, "eta": 0.02927879186961509, "gamma": 478.9724585509081, "max_depth": 6.0, "min_child_weight": 3934.7355464769785, "num_boost_round": 2.0, "subsample": 0.9651031784090128}, "datetime": {"datetime": "2024-01-20 14:25:11", "elapsed": 3809.580729, "delta": 0.006348}}
{"target": -10.298771967950268, "params": {"colsample_bytree": 0.7038873789296554, "eta": 0.02927879186961509, "gamma": 478.9724585509081, "max_depth": 6.0, "min_child_weight": 3934.7355464769785, "num_boost_round": 3.0, "subsample": 0.9651031784090128}, "datetime": {"datetime": "2024-01-20 14:25:11", "elapsed": 3809.583249, "delta": 0.00252}}
{"target": -10.29888451917095, "params": {"colsample_bytree": 0.7038873789296554, "eta": 0.02927879186961509, "gamma": 478.9724585509081, "max_depth": 6.0, "min_child_weight": 3934.7355464769785, "num_boost_round": 4.0, "subsample": 0.9651031784090128}, "datetime": {"datetime": "2024-01-20 14:25:11", "elapsed": 3809.585438, "delta": 0.002189}}
{"target": -10.299001889722565, "params": {"colsample_bytree": 0.7038873789296554, "eta": 0.02927879186961509, "gamma": 478.9724585509081, "max_depth": 6.0, "min_child_weight": 3934.7355464769785, "num_boost_round": 5.0, "subsample": 0.9651031784090128}, "datetime": {"datetime": "2024-01-20 14:25:11", "elapsed": 3809.587582, "delta": 0.002144}}
{"target": -10.299115045810339, "params": {"colsample_bytree": 0.7038873789296554, "eta": 0.02927879186961509, "gamma": 478.9724585509081, "max_depth": 6.0, "min_child_weight": 3934.7355464769785, "num_boost_round": 6.0, "subsample": 0.9651031784090128}, "datetime": {"datetime": "2024-01-20 14:25:11", "elapsed": 3809.589914, "delta": 0.002332}}
{"target": -10.29914755572716, "params": {"colsample_bytree": 0.7038873789296554, "eta": 0.02927879186961509, "gamma": 478.9724585509081, "max_depth": 6.0, "min_child_weight": 3934.7355464769785, "num_boost_round": 7.0, "subsample": 0.9651031784090128}, "datetime": {"datetime": "2024-01-20 14:25:11", "elapsed": 3809.592169, "delta": 0.002255}}
{"target": -10.299197916262143, "params": {"colsample_bytree": 0.7038873789296554, "eta": 0.02927879186961509, "gamma": 478.9724585509081, "max_depth": 6.0, "min_child_weight": 3934.7355464769785, "num_boost_round": 8.0, "subsample": 0.9651031784090128}, "datetime": {"datetime": "2024-01-20 14:25:11", "elapsed": 3809.594255, "delta": 0.002086}}
{"target": -10.29927228899653, "params": {"colsample_bytree": 0.7038873789296554, "eta": 0.02927879186961509, "gamma": 478.9724585509081, "max_depth": 6.0, "min_child_weight": 3934.7355464769785, "num_boost_round": 9.0, "subsample": 0.9651031784090128}, "datetime": {"datetime": "2024-01-20 14:25:11", "elapsed": 3809.596416, "delta": 0.002161}}
{"target": -10.299356663669624, "params": {"colsample_bytree": 0.7038873789296554, "eta": 0.02927879186961509, "gamma": 478.9724585509081, "max_depth": 6.0, "min_child_weight": 3934.7355464769785, "num_boost_round": 10.0, "subsample": 0.9651031784090128}, "datetime": {"datetime": "2024-01-20 14:25:11", "elapsed": 3809.598491, "delta": 0.002075}}
{"target": -10.298285119440415, "params": {"colsample_bytree": 0.429454619465498, "eta": 0.06494031285861968, "gamma": 824.9288053265112, "max_depth": 6.0, "min_child_weight": 4439.767298948338, "num_boost_round": 1.0, "subsample": 0.8993512017845746}, "datetime": {"datetime": "2024-01-20 14:25:39", "elapsed": 3836.914995, "delta": 27.316504}}
{"target": -10.298520455384622, "params": {"colsample_bytree": 0.7657105116571246, "eta": 0.0011091137433566645, "gamma": 785.5168587320306, "max_depth": 3.0, "min_child_weight": 4185.303848361576, "num_boost_round": 1.0, "subsample": 0.7668281560629676}, "datetime": {"datetime": "2024-01-20 14:26:07", "elapsed": 3865.59013, "delta": 28.675135}}
{"target": -10.298520049418368, "params": {"colsample_bytree": 0.6063941413381889, "eta": 0.0007451023370746092, "gamma": 211.9384244027186, "max_depth": 2.0, "min_child_weight": 4336.8367241167025, "num_boost_round": 1.0, "subsample": 0.35868796005245507}, "datetime": {"datetime": "2024-01-20 14:26:35", "elapsed": 3893.597271, "delta": 28.007141}}
{"target": -10.29839433162895, "params": {"colsample_bytree": 0.7123599969398952, "eta": 0.06442844524757949, "gamma": 763.808627098514, "max_depth": 8.0, "min_child_weight": 4430.199458992487, "num_boost_round": 1.0, "subsample": 0.703944126408794}, "datetime": {"datetime": "2024-01-20 14:27:25", "elapsed": 3942.866245, "delta": 49.268974}}
{"target": -10.29865493965471, "params": {"colsample_bytree": 0.7123599969398952, "eta": 0.06442844524757949, "gamma": 763.808627098514, "max_depth": 8.0, "min_child_weight": 4430.199458992487, "num_boost_round": 2.0, "subsample": 0.703944126408794}, "datetime": {"datetime": "2024-01-20 14:27:25", "elapsed": 3942.869906, "delta": 0.003661}}
{"target": -10.298816499533514, "params": {"colsample_bytree": 0.7123599969398952, "eta": 0.06442844524757949, "gamma": 763.808627098514, "max_depth": 8.0, "min_child_weight": 4430.199458992487, "num_boost_round": 3.0, "subsample": 0.703944126408794}, "datetime": {"datetime": "2024-01-20 14:27:25", "elapsed": 3942.87281, "delta": 0.002904}}
{"target": -10.299348019142329, "params": {"colsample_bytree": 0.7123599969398952, "eta": 0.06442844524757949, "gamma": 763.808627098514, "max_depth": 8.0, "min_child_weight": 4430.199458992487, "num_boost_round": 4.0, "subsample": 0.703944126408794}, "datetime": {"datetime": "2024-01-20 14:27:25", "elapsed": 3942.875428, "delta": 0.002618}}
{"target": -10.299752048521906, "params": {"colsample_bytree": 0.7123599969398952, "eta": 0.06442844524757949, "gamma": 763.808627098514, "max_depth": 8.0, "min_child_weight": 4430.199458992487, "num_boost_round": 5.0, "subsample": 0.703944126408794}, "datetime": {"datetime": "2024-01-20 14:27:25", "elapsed": 3942.877688, "delta": 0.00226}}
{"target": -10.30023504282449, "params": {"colsample_bytree": 0.7123599969398952, "eta": 0.06442844524757949, "gamma": 763.808627098514, "max_depth": 8.0, "min_child_weight": 4430.199458992487, "num_boost_round": 6.0, "subsample": 0.703944126408794}, "datetime": {"datetime": "2024-01-20 14:27:25", "elapsed": 3942.879924, "delta": 0.002236}}
{"target": -10.300611661812965, "params": {"colsample_bytree": 0.7123599969398952, "eta": 0.06442844524757949, "gamma": 763.808627098514, "max_depth": 8.0, "min_child_weight": 4430.199458992487, "num_boost_round": 7.0, "subsample": 0.703944126408794}, "datetime": {"datetime": "2024-01-20 14:27:25", "elapsed": 3942.882009, "delta": 0.002085}}
{"target": -10.300828784858082, "params": {"colsample_bytree": 0.7123599969398952, "eta": 0.06442844524757949, "gamma": 763.808627098514, "max_depth": 8.0, "min_child_weight": 4430.199458992487, "num_boost_round": 8.0, "subsample": 0.703944126408794}, "datetime": {"datetime": "2024-01-20 14:27:25", "elapsed": 3942.884177, "delta": 0.002168}}
{"target": -10.301349201692965, "params": {"colsample_bytree": 0.7123599969398952, "eta": 0.06442844524757949, "gamma": 763.808627098514, "max_depth": 8.0, "min_child_weight": 4430.199458992487, "num_boost_round": 9.0, "subsample": 0.703944126408794}, "datetime": {"datetime": "2024-01-20 14:27:25", "elapsed": 3942.88626, "delta": 0.002083}}
{"target": -10.302097802358986, "params": {"colsample_bytree": 0.7123599969398952, "eta": 0.06442844524757949, "gamma": 763.808627098514, "max_depth": 8.0, "min_child_weight": 4430.199458992487, "num_boost_round": 10.0, "subsample": 0.703944126408794}, "datetime": {"datetime": "2024-01-20 14:27:25", "elapsed": 3942.888509, "delta": 0.002249}}
{"target": -10.302477123894409, "params": {"colsample_bytree": 0.7123599969398952, "eta": 0.06442844524757949, "gamma": 763.808627098514, "max_depth": 8.0, "min_child_weight": 4430.199458992487, "num_boost_round": 11.0, "subsample": 0.703944126408794}, "datetime": {"datetime": "2024-01-20 14:27:25", "elapsed": 3942.890723, "delta": 0.002214}}
{"target": -10.303072395749556, "params": {"colsample_bytree": 0.7123599969398952, "eta": 0.06442844524757949, "gamma": 763.808627098514, "max_depth": 8.0, "min_child_weight": 4430.199458992487, "num_boost_round": 12.0, "subsample": 0.703944126408794}, "datetime": {"datetime": "2024-01-20 14:27:25", "elapsed": 3942.892858, "delta": 0.002135}}
{"target": -10.303441690402657, "params": {"colsample_bytree": 0.7123599969398952, "eta": 0.06442844524757949, "gamma": 763.808627098514, "max_depth": 8.0, "min_child_weight": 4430.199458992487, "num_boost_round": 13.0, "subsample": 0.703944126408794}, "datetime": {"datetime": "2024-01-20 14:27:25", "elapsed": 3942.894949, "delta": 0.002091}}
{"target": -10.304161133216919, "params": {"colsample_bytree": 0.7123599969398952, "eta": 0.06442844524757949, "gamma": 763.808627098514, "max_depth": 8.0, "min_child_weight": 4430.199458992487, "num_boost_round": 14.0, "subsample": 0.703944126408794}, "datetime": {"datetime": "2024-01-20 14:27:25", "elapsed": 3942.897091, "delta": 0.002142}}
{"target": -10.304798523548776, "params": {"colsample_bytree": 0.7123599969398952, "eta": 0.06442844524757949, "gamma": 763.808627098514, "max_depth": 8.0, "min_child_weight": 4430.199458992487, "num_boost_round": 15.0, "subsample": 0.703944126408794}, "datetime": {"datetime": "2024-01-20 14:27:25", "elapsed": 3942.89914, "delta": 0.002049}}
{"target": -10.30488887600057, "params": {"colsample_bytree": 0.7123599969398952, "eta": 0.06442844524757949, "gamma": 763.808627098514, "max_depth": 8.0, "min_child_weight": 4430.199458992487, "num_boost_round": 16.0, "subsample": 0.703944126408794}, "datetime": {"datetime": "2024-01-20 14:27:25", "elapsed": 3942.901198, "delta": 0.002058}}
{"target": -10.305587837649917, "params": {"colsample_bytree": 0.7123599969398952, "eta": 0.06442844524757949, "gamma": 763.808627098514, "max_depth": 8.0, "min_child_weight": 4430.199458992487, "num_boost_round": 17.0, "subsample": 0.703944126408794}, "datetime": {"datetime": "2024-01-20 14:27:25", "elapsed": 3942.90324, "delta": 0.002042}}
{"target": -10.305963212939982, "params": {"colsample_bytree": 0.7123599969398952, "eta": 0.06442844524757949, "gamma": 763.808627098514, "max_depth": 8.0, "min_child_weight": 4430.199458992487, "num_boost_round": 18.0, "subsample": 0.703944126408794}, "datetime": {"datetime": "2024-01-20 14:27:25", "elapsed": 3942.905314, "delta": 0.002074}}
{"target": -10.306213489334738, "params": {"colsample_bytree": 0.7123599969398952, "eta": 0.06442844524757949, "gamma": 763.808627098514, "max_depth": 8.0, "min_child_weight": 4430.199458992487, "num_boost_round": 19.0, "subsample": 0.703944126408794}, "datetime": {"datetime": "2024-01-20 14:27:25", "elapsed": 3942.907493, "delta": 0.002179}}
{"target": -10.298165969412409, "params": {"colsample_bytree": 0.4000323344861464, "eta": 0.05527107178562487, "gamma": 841.4860350869701, "max_depth": 4.0, "min_child_weight": 4124.772051266317, "num_boost_round": 1.0, "subsample": 0.5330725398823872}, "datetime": {"datetime": "2024-01-20 14:27:54", "elapsed": 3971.913752, "delta": 29.006259}}
{"target": -10.29822295161315, "params": {"colsample_bytree": 0.4000323344861464, "eta": 0.05527107178562487, "gamma": 841.4860350869701, "max_depth": 4.0, "min_child_weight": 4124.772051266317, "num_boost_round": 2.0, "subsample": 0.5330725398823872}, "datetime": {"datetime": "2024-01-20 14:27:54", "elapsed": 3971.918807, "delta": 0.005055}}
{"target": -10.298505275723343, "params": {"colsample_bytree": 0.615919536590481, "eta": 0.03152042812358083, "gamma": 505.5347624494435, "max_depth": 3.0, "min_child_weight": 3893.7957757907, "num_boost_round": 1.0, "subsample": 0.44409306031939233}, "datetime": {"datetime": "2024-01-20 14:28:24", "elapsed": 4002.539849, "delta": 30.621042}}
{"target": -10.298644192252677, "params": {"colsample_bytree": 0.615919536590481, "eta": 0.03152042812358083, "gamma": 505.5347624494435, "max_depth": 3.0, "min_child_weight": 3893.7957757907, "num_boost_round": 2.0, "subsample": 0.44409306031939233}, "datetime": {"datetime": "2024-01-20 14:28:24", "elapsed": 4002.542993, "delta": 0.003144}}
{"target": -10.298700646443294, "params": {"colsample_bytree": 0.615919536590481, "eta": 0.03152042812358083, "gamma": 505.5347624494435, "max_depth": 3.0, "min_child_weight": 3893.7957757907, "num_boost_round": 3.0, "subsample": 0.44409306031939233}, "datetime": {"datetime": "2024-01-20 14:28:24", "elapsed": 4002.546824, "delta": 0.003831}}
{"target": -10.298813186751534, "params": {"colsample_bytree": 0.615919536590481, "eta": 0.03152042812358083, "gamma": 505.5347624494435, "max_depth": 3.0, "min_child_weight": 3893.7957757907, "num_boost_round": 4.0, "subsample": 0.44409306031939233}, "datetime": {"datetime": "2024-01-20 14:28:24", "elapsed": 4002.549497, "delta": 0.002673}}
{"target": -10.298930861510067, "params": {"colsample_bytree": 0.615919536590481, "eta": 0.03152042812358083, "gamma": 505.5347624494435, "max_depth": 3.0, "min_child_weight": 3893.7957757907, "num_boost_round": 5.0, "subsample": 0.44409306031939233}, "datetime": {"datetime": "2024-01-20 14:28:24", "elapsed": 4002.552074, "delta": 0.002577}}
{"target": -10.298105932811875, "params": {"colsample_bytree": 0.5397834242731695, "eta": 0.04300490737954474, "gamma": 830.8666473168032, "max_depth": 2.0, "min_child_weight": 4507.342765947131, "num_boost_round": 1.0, "subsample": 0.18686761992452477}, "datetime": {"datetime": "2024-01-20 14:28:54", "elapsed": 4032.053517, "delta": 29.501443}}
{"target": -10.298086107580513, "params": {"colsample_bytree": 0.5397834242731695, "eta": 0.04300490737954474, "gamma": 830.8666473168032, "max_depth": 2.0, "min_child_weight": 4507.342765947131, "num_boost_round": 2.0, "subsample": 0.18686761992452477}, "datetime": {"datetime": "2024-01-20 14:28:54", "elapsed": 4032.056293, "delta": 0.002776}}
{"target": -10.2983306786273, "params": {"colsample_bytree": 0.19931850994543837, "eta": 0.028445495626423366, "gamma": 137.8280766992196, "max_depth": 6.0, "min_child_weight": 4334.7994276098525, "num_boost_round": 1.0, "subsample": 0.2732766991177299}, "datetime": {"datetime": "2024-01-20 14:29:26", "elapsed": 4063.796345, "delta": 31.740052}}
{"target": -10.298299368175407, "params": {"colsample_bytree": 0.19931850994543837, "eta": 0.028445495626423366, "gamma": 137.8280766992196, "max_depth": 6.0, "min_child_weight": 4334.7994276098525, "num_boost_round": 2.0, "subsample": 0.2732766991177299}, "datetime": {"datetime": "2024-01-20 14:29:26", "elapsed": 4063.800984, "delta": 0.004639}}
{"target": -10.298404624323256, "params": {"colsample_bytree": 0.19931850994543837, "eta": 0.028445495626423366, "gamma": 137.8280766992196, "max_depth": 6.0, "min_child_weight": 4334.7994276098525, "num_boost_round": 3.0, "subsample": 0.2732766991177299}, "datetime": {"datetime": "2024-01-20 14:29:26", "elapsed": 4063.80409, "delta": 0.003106}}
{"target": -10.298296105796947, "params": {"colsample_bytree": 0.19931850994543837, "eta": 0.028445495626423366, "gamma": 137.8280766992196, "max_depth": 6.0, "min_child_weight": 4334.7994276098525, "num_boost_round": 4.0, "subsample": 0.2732766991177299}, "datetime": {"datetime": "2024-01-20 14:29:26", "elapsed": 4063.806593, "delta": 0.002503}}
{"target": -10.298283518025464, "params": {"colsample_bytree": 0.19931850994543837, "eta": 0.028445495626423366, "gamma": 137.8280766992196, "max_depth": 6.0, "min_child_weight": 4334.7994276098525, "num_boost_round": 5.0, "subsample": 0.2732766991177299}, "datetime": {"datetime": "2024-01-20 14:29:26", "elapsed": 4063.809101, "delta": 0.002508}}
{"target": -10.29854022702624, "params": {"colsample_bytree": 0.19931850994543837, "eta": 0.028445495626423366, "gamma": 137.8280766992196, "max_depth": 6.0, "min_child_weight": 4334.7994276098525, "num_boost_round": 6.0, "subsample": 0.2732766991177299}, "datetime": {"datetime": "2024-01-20 14:29:26", "elapsed": 4063.811479, "delta": 0.002378}}
{"target": -10.298446902570815, "params": {"colsample_bytree": 0.19931850994543837, "eta": 0.028445495626423366, "gamma": 137.8280766992196, "max_depth": 6.0, "min_child_weight": 4334.7994276098525, "num_boost_round": 7.0, "subsample": 0.2732766991177299}, "datetime": {"datetime": "2024-01-20 14:29:26", "elapsed": 4063.813748, "delta": 0.002269}}
{"target": -10.298454120597906, "params": {"colsample_bytree": 0.19931850994543837, "eta": 0.028445495626423366, "gamma": 137.8280766992196, "max_depth": 6.0, "min_child_weight": 4334.7994276098525, "num_boost_round": 8.0, "subsample": 0.2732766991177299}, "datetime": {"datetime": "2024-01-20 14:29:26", "elapsed": 4063.81618, "delta": 0.002432}}
{"target": -10.298505754812211, "params": {"colsample_bytree": 0.5610363875197152, "eta": 0.042753793183970816, "gamma": 878.5125070728006, "max_depth": 4.0, "min_child_weight": 4458.09317959638, "num_boost_round": 1.0, "subsample": 0.6773703456962529}, "datetime": {"datetime": "2024-01-20 14:29:59", "elapsed": 4096.899088, "delta": 33.082908}}
{"target": -10.298556944745815, "params": {"colsample_bytree": 0.5610363875197152, "eta": 0.042753793183970816, "gamma": 878.5125070728006, "max_depth": 4.0, "min_child_weight": 4458.09317959638, "num_boost_round": 2.0, "subsample": 0.6773703456962529}, "datetime": {"datetime": "2024-01-20 14:29:59", "elapsed": 4096.903384, "delta": 0.004296}}
{"target": -10.298710578703776, "params": {"colsample_bytree": 0.5610363875197152, "eta": 0.042753793183970816, "gamma": 878.5125070728006, "max_depth": 4.0, "min_child_weight": 4458.09317959638, "num_boost_round": 3.0, "subsample": 0.6773703456962529}, "datetime": {"datetime": "2024-01-20 14:29:59", "elapsed": 4096.906028, "delta": 0.002644}}
