{"target": -13.404538432268758, "params": {"colsample_bytree": 0.7433783195717214, "eta": 0.01967756003826875, "gamma": 406.98236682817503, "max_depth": 4.0, "min_child_weight": 3284.7328568133044, "num_boost_round": 33.0, "subsample": 0.7551194623288606}, "datetime": {"datetime": "2024-01-20 15:05:32", "elapsed": 2467.545018, "delta": 0.002524}}
{"target": -13.404758132061033, "params": {"colsample_bytree": 0.7433783195717214, "eta": 0.01967756003826875, "gamma": 406.98236682817503, "max_depth": 4.0, "min_child_weight": 3284.7328568133044, "num_boost_round": 34.0, "subsample": 0.7551194623288606}, "datetime": {"datetime": "2024-01-20 15:05:32", "elapsed": 2467.547522, "delta": 0.002504}}
{"target": -13.404986385085145, "params": {"colsample_bytree": 0.7433783195717214, "eta": 0.01967756003826875, "gamma": 406.98236682817503, "max_depth": 4.0, "min_child_weight": 3284.7328568133044, "num_boost_round": 35.0, "subsample": 0.7551194623288606}, "datetime": {"datetime": "2024-01-20 15:05:32", "elapsed": 2467.550224, "delta": 0.002702}}
{"target": -13.405232124006279, "params": {"colsample_bytree": 0.7433783195717214, "eta": 0.01967756003826875, "gamma": 406.98236682817503, "max_depth": 4.0, "min_child_weight": 3284.7328568133044, "num_boost_round": 36.0, "subsample": 0.7551194623288606}, "datetime": {"datetime": "2024-01-20 15:05:32", "elapsed": 2467.552678, "delta": 0.002454}}
{"target": -13.40548962590941, "params": {"colsample_bytree": 0.7433783195717214, "eta": 0.01967756003826875, "gamma": 406.98236682817503, "max_depth": 4.0, "min_child_weight": 3284.7328568133044, "num_boost_round": 37.0, "subsample": 0.7551194623288606}, "datetime": {"datetime": "2024-01-20 15:05:32", "elapsed": 2467.555144, "delta": 0.002466}}
{"target": -13.405632661549332, "params": {"colsample_bytree": 0.7433783195717214, "eta": 0.01967756003826875, "gamma": 406.98236682817503, "max_depth": 4.0, "min_child_weight": 3284.7328568133044, "num_boost_round": 38.0, "subsample": 0.7551194623288606}, "datetime": {"datetime": "2024-01-20 15:05:32", "elapsed": 2467.557692, "delta": 0.002548}}
{"target": -13.405868978080164, "params": {"colsample_bytree": 0.7433783195717214, "eta": 0.01967756003826875, "gamma": 406.98236682817503, "max_depth": 4.0, "min_child_weight": 3284.7328568133044, "num_boost_round": 39.0, "subsample": 0.7551194623288606}, "datetime": {"datetime": "2024-01-20 15:05:32", "elapsed": 2467.560294, "delta": 0.002602}}
{"target": -13.405980639949679, "params": {"colsample_bytree": 0.7433783195717214, "eta": 0.01967756003826875, "gamma": 406.98236682817503, "max_depth": 4.0, "min_child_weight": 3284.7328568133044, "num_boost_round": 40.0, "subsample": 0.7551194623288606}, "datetime": {"datetime": "2024-01-20 15:05:32", "elapsed": 2467.56275, "delta": 0.002456}}
{"target": -13.406299951488734, "params": {"colsample_bytree": 0.7433783195717214, "eta": 0.01967756003826875, "gamma": 406.98236682817503, "max_depth": 4.0, "min_child_weight": 3284.7328568133044, "num_boost_round": 41.0, "subsample": 0.7551194623288606}, "datetime": {"datetime": "2024-01-20 15:05:32", "elapsed": 2467.565201, "delta": 0.002451}}
{"target": -13.406445391942423, "params": {"colsample_bytree": 0.7433783195717214, "eta": 0.01967756003826875, "gamma": 406.98236682817503, "max_depth": 4.0, "min_child_weight": 3284.7328568133044, "num_boost_round": 42.0, "subsample": 0.7551194623288606}, "datetime": {"datetime": "2024-01-20 15:05:32", "elapsed": 2467.567722, "delta": 0.002521}}
{"target": -13.406648267818497, "params": {"colsample_bytree": 0.7433783195717214, "eta": 0.01967756003826875, "gamma": 406.98236682817503, "max_depth": 4.0, "min_child_weight": 3284.7328568133044, "num_boost_round": 43.0, "subsample": 0.7551194623288606}, "datetime": {"datetime": "2024-01-20 15:05:32", "elapsed": 2467.570389, "delta": 0.002667}}
{"target": -13.406778825148017, "params": {"colsample_bytree": 0.7433783195717214, "eta": 0.01967756003826875, "gamma": 406.98236682817503, "max_depth": 4.0, "min_child_weight": 3284.7328568133044, "num_boost_round": 44.0, "subsample": 0.7551194623288606}, "datetime": {"datetime": "2024-01-20 15:05:32", "elapsed": 2467.572892, "delta": 0.002503}}
{"target": -13.406986875646464, "params": {"colsample_bytree": 0.7433783195717214, "eta": 0.01967756003826875, "gamma": 406.98236682817503, "max_depth": 4.0, "min_child_weight": 3284.7328568133044, "num_boost_round": 45.0, "subsample": 0.7551194623288606}, "datetime": {"datetime": "2024-01-20 15:05:32", "elapsed": 2467.575394, "delta": 0.002502}}
{"target": -13.40733327884239, "params": {"colsample_bytree": 0.7433783195717214, "eta": 0.01967756003826875, "gamma": 406.98236682817503, "max_depth": 4.0, "min_child_weight": 3284.7328568133044, "num_boost_round": 46.0, "subsample": 0.7551194623288606}, "datetime": {"datetime": "2024-01-20 15:05:32", "elapsed": 2467.577853, "delta": 0.002459}}
{"target": -13.407579967844267, "params": {"colsample_bytree": 0.7433783195717214, "eta": 0.01967756003826875, "gamma": 406.98236682817503, "max_depth": 4.0, "min_child_weight": 3284.7328568133044, "num_boost_round": 47.0, "subsample": 0.7551194623288606}, "datetime": {"datetime": "2024-01-20 15:05:32", "elapsed": 2467.580542, "delta": 0.002689}}
{"target": -13.39783065926957, "params": {"colsample_bytree": 0.14339130928070715, "eta": 0.017475868936085607, "gamma": 998.2772473672723, "max_depth": 3.0, "min_child_weight": 4035.3254104253106, "num_boost_round": 1.0, "subsample": 0.9887478747391568}, "datetime": {"datetime": "2024-01-20 15:05:57", "elapsed": 2491.660819, "delta": 24.080277}}
{"target": -13.397863376417073, "params": {"colsample_bytree": 0.14339130928070715, "eta": 0.017475868936085607, "gamma": 998.2772473672723, "max_depth": 3.0, "min_child_weight": 4035.3254104253106, "num_boost_round": 2.0, "subsample": 0.9887478747391568}, "datetime": {"datetime": "2024-01-20 15:05:57", "elapsed": 2491.664627, "delta": 0.003808}}
{"target": -13.397967846101428, "params": {"colsample_bytree": 0.14339130928070715, "eta": 0.017475868936085607, "gamma": 998.2772473672723, "max_depth": 3.0, "min_child_weight": 4035.3254104253106, "num_boost_round": 3.0, "subsample": 0.9887478747391568}, "datetime": {"datetime": "2024-01-20 15:05:57", "elapsed": 2491.667299, "delta": 0.002672}}
{"target": -13.39796805521798, "params": {"colsample_bytree": 0.14339130928070715, "eta": 0.017475868936085607, "gamma": 998.2772473672723, "max_depth": 3.0, "min_child_weight": 4035.3254104253106, "num_boost_round": 4.0, "subsample": 0.9887478747391568}, "datetime": {"datetime": "2024-01-20 15:05:57", "elapsed": 2491.669991, "delta": 0.002692}}
{"target": -13.397646339856827, "params": {"colsample_bytree": 0.35568061081155655, "eta": 0.02435911968952655, "gamma": 306.81977533832696, "max_depth": 9.0, "min_child_weight": 3324.5763887036555, "num_boost_round": 1.0, "subsample": 0.47485379649674475}, "datetime": {"datetime": "2024-01-20 15:06:35", "elapsed": 2529.954698, "delta": 38.284707}}
{"target": -13.397548373991812, "params": {"colsample_bytree": 0.35568061081155655, "eta": 0.02435911968952655, "gamma": 306.81977533832696, "max_depth": 9.0, "min_child_weight": 3324.5763887036555, "num_boost_round": 2.0, "subsample": 0.47485379649674475}, "datetime": {"datetime": "2024-01-20 15:06:35", "elapsed": 2529.958982, "delta": 0.004284}}
{"target": -13.397514516632917, "params": {"colsample_bytree": 0.35568061081155655, "eta": 0.02435911968952655, "gamma": 306.81977533832696, "max_depth": 9.0, "min_child_weight": 3324.5763887036555, "num_boost_round": 3.0, "subsample": 0.47485379649674475}, "datetime": {"datetime": "2024-01-20 15:06:35", "elapsed": 2529.961762, "delta": 0.00278}}
{"target": -13.397771662311682, "params": {"colsample_bytree": 0.35568061081155655, "eta": 0.02435911968952655, "gamma": 306.81977533832696, "max_depth": 9.0, "min_child_weight": 3324.5763887036555, "num_boost_round": 4.0, "subsample": 0.47485379649674475}, "datetime": {"datetime": "2024-01-20 15:06:35", "elapsed": 2529.964598, "delta": 0.002836}}
{"target": -13.397986766495254, "params": {"colsample_bytree": 0.35568061081155655, "eta": 0.02435911968952655, "gamma": 306.81977533832696, "max_depth": 9.0, "min_child_weight": 3324.5763887036555, "num_boost_round": 5.0, "subsample": 0.47485379649674475}, "datetime": {"datetime": "2024-01-20 15:06:35", "elapsed": 2529.967238, "delta": 0.00264}}
{"target": -13.397932022113775, "params": {"colsample_bytree": 0.35568061081155655, "eta": 0.02435911968952655, "gamma": 306.81977533832696, "max_depth": 9.0, "min_child_weight": 3324.5763887036555, "num_boost_round": 6.0, "subsample": 0.47485379649674475}, "datetime": {"datetime": "2024-01-20 15:06:35", "elapsed": 2529.969997, "delta": 0.002759}}
{"target": -13.39807071159785, "params": {"colsample_bytree": 0.35568061081155655, "eta": 0.02435911968952655, "gamma": 306.81977533832696, "max_depth": 9.0, "min_child_weight": 3324.5763887036555, "num_boost_round": 7.0, "subsample": 0.47485379649674475}, "datetime": {"datetime": "2024-01-20 15:06:35", "elapsed": 2529.972616, "delta": 0.002619}}
{"target": -13.39817177405676, "params": {"colsample_bytree": 0.35568061081155655, "eta": 0.02435911968952655, "gamma": 306.81977533832696, "max_depth": 9.0, "min_child_weight": 3324.5763887036555, "num_boost_round": 8.0, "subsample": 0.47485379649674475}, "datetime": {"datetime": "2024-01-20 15:06:35", "elapsed": 2529.975226, "delta": 0.00261}}
{"target": -13.398377775926676, "params": {"colsample_bytree": 0.35568061081155655, "eta": 0.02435911968952655, "gamma": 306.81977533832696, "max_depth": 9.0, "min_child_weight": 3324.5763887036555, "num_boost_round": 9.0, "subsample": 0.47485379649674475}, "datetime": {"datetime": "2024-01-20 15:06:35", "elapsed": 2529.977798, "delta": 0.002572}}
{"target": -13.398374942974627, "params": {"colsample_bytree": 0.35568061081155655, "eta": 0.02435911968952655, "gamma": 306.81977533832696, "max_depth": 9.0, "min_child_weight": 3324.5763887036555, "num_boost_round": 10.0, "subsample": 0.47485379649674475}, "datetime": {"datetime": "2024-01-20 15:06:35", "elapsed": 2529.980563, "delta": 0.002765}}
{"target": -13.39838179054891, "params": {"colsample_bytree": 0.35568061081155655, "eta": 0.02435911968952655, "gamma": 306.81977533832696, "max_depth": 9.0, "min_child_weight": 3324.5763887036555, "num_boost_round": 11.0, "subsample": 0.47485379649674475}, "datetime": {"datetime": "2024-01-20 15:06:35", "elapsed": 2529.98324, "delta": 0.002677}}
{"target": -13.39693330668704, "params": {"colsample_bytree": 0.8438899235499803, "eta": 0.07759865396118958, "gamma": 217.29448057746126, "max_depth": 6.0, "min_child_weight": 3267.650326886507, "num_boost_round": 1.0, "subsample": 0.18164030057556502}, "datetime": {"datetime": "2024-01-20 15:06:56", "elapsed": 2550.849655, "delta": 20.866415}}
{"target": -13.397705695712538, "params": {"colsample_bytree": 0.5337755733925861, "eta": 0.025789668355156104, "gamma": 300.87751407679883, "max_depth": 9.0, "min_child_weight": 3234.410235588759, "num_boost_round": 1.0, "subsample": 0.6932568907046548}, "datetime": {"datetime": "2024-01-20 15:07:37", "elapsed": 2591.746489, "delta": 40.896834}}
{"target": -13.397584857693342, "params": {"colsample_bytree": 0.5337755733925861, "eta": 0.025789668355156104, "gamma": 300.87751407679883, "max_depth": 9.0, "min_child_weight": 3234.410235588759, "num_boost_round": 2.0, "subsample": 0.6932568907046548}, "datetime": {"datetime": "2024-01-20 15:07:37", "elapsed": 2591.750161, "delta": 0.003672}}
{"target": -13.397521000875246, "params": {"colsample_bytree": 0.5337755733925861, "eta": 0.025789668355156104, "gamma": 300.87751407679883, "max_depth": 9.0, "min_child_weight": 3234.410235588759, "num_boost_round": 3.0, "subsample": 0.6932568907046548}, "datetime": {"datetime": "2024-01-20 15:07:37", "elapsed": 2591.752933, "delta": 0.002772}}
{"target": -13.397641306455624, "params": {"colsample_bytree": 0.5337755733925861, "eta": 0.025789668355156104, "gamma": 300.87751407679883, "max_depth": 9.0, "min_child_weight": 3234.410235588759, "num_boost_round": 4.0, "subsample": 0.6932568907046548}, "datetime": {"datetime": "2024-01-20 15:07:37", "elapsed": 2591.755541, "delta": 0.002608}}
{"target": -13.397492676994645, "params": {"colsample_bytree": 0.5337755733925861, "eta": 0.025789668355156104, "gamma": 300.87751407679883, "max_depth": 9.0, "min_child_weight": 3234.410235588759, "num_boost_round": 5.0, "subsample": 0.6932568907046548}, "datetime": {"datetime": "2024-01-20 15:07:37", "elapsed": 2591.758081, "delta": 0.00254}}
{"target": -13.397515870870507, "params": {"colsample_bytree": 0.5337755733925861, "eta": 0.025789668355156104, "gamma": 300.87751407679883, "max_depth": 9.0, "min_child_weight": 3234.410235588759, "num_boost_round": 6.0, "subsample": 0.6932568907046548}, "datetime": {"datetime": "2024-01-20 15:07:37", "elapsed": 2591.760695, "delta": 0.002614}}
{"target": -13.397760451207182, "params": {"colsample_bytree": 0.5337755733925861, "eta": 0.025789668355156104, "gamma": 300.87751407679883, "max_depth": 9.0, "min_child_weight": 3234.410235588759, "num_boost_round": 7.0, "subsample": 0.6932568907046548}, "datetime": {"datetime": "2024-01-20 15:07:37", "elapsed": 2591.763193, "delta": 0.002498}}
{"target": -13.398040542157222, "params": {"colsample_bytree": 0.5337755733925861, "eta": 0.025789668355156104, "gamma": 300.87751407679883, "max_depth": 9.0, "min_child_weight": 3234.410235588759, "num_boost_round": 8.0, "subsample": 0.6932568907046548}, "datetime": {"datetime": "2024-01-20 15:07:37", "elapsed": 2591.765656, "delta": 0.002463}}
{"target": -13.398421342589065, "params": {"colsample_bytree": 0.5337755733925861, "eta": 0.025789668355156104, "gamma": 300.87751407679883, "max_depth": 9.0, "min_child_weight": 3234.410235588759, "num_boost_round": 9.0, "subsample": 0.6932568907046548}, "datetime": {"datetime": "2024-01-20 15:07:37", "elapsed": 2591.768284, "delta": 0.002628}}
{"target": -13.398453724485467, "params": {"colsample_bytree": 0.5337755733925861, "eta": 0.025789668355156104, "gamma": 300.87751407679883, "max_depth": 9.0, "min_child_weight": 3234.410235588759, "num_boost_round": 10.0, "subsample": 0.6932568907046548}, "datetime": {"datetime": "2024-01-20 15:07:37", "elapsed": 2591.770763, "delta": 0.002479}}
{"target": -13.398695239590596, "params": {"colsample_bytree": 0.5337755733925861, "eta": 0.025789668355156104, "gamma": 300.87751407679883, "max_depth": 9.0, "min_child_weight": 3234.410235588759, "num_boost_round": 11.0, "subsample": 0.6932568907046548}, "datetime": {"datetime": "2024-01-20 15:07:37", "elapsed": 2591.77325, "delta": 0.002487}}
{"target": -13.398963550154633, "params": {"colsample_bytree": 0.5337755733925861, "eta": 0.025789668355156104, "gamma": 300.87751407679883, "max_depth": 9.0, "min_child_weight": 3234.410235588759, "num_boost_round": 12.0, "subsample": 0.6932568907046548}, "datetime": {"datetime": "2024-01-20 15:07:37", "elapsed": 2591.775784, "delta": 0.002534}}
{"target": -13.399041221666375, "params": {"colsample_bytree": 0.5337755733925861, "eta": 0.025789668355156104, "gamma": 300.87751407679883, "max_depth": 9.0, "min_child_weight": 3234.410235588759, "num_boost_round": 13.0, "subsample": 0.6932568907046548}, "datetime": {"datetime": "2024-01-20 15:07:37", "elapsed": 2591.778455, "delta": 0.002671}}
{"target": -13.398986087518601, "params": {"colsample_bytree": 0.5337755733925861, "eta": 0.025789668355156104, "gamma": 300.87751407679883, "max_depth": 9.0, "min_child_weight": 3234.410235588759, "num_boost_round": 14.0, "subsample": 0.6932568907046548}, "datetime": {"datetime": "2024-01-20 15:07:37", "elapsed": 2591.781186, "delta": 0.002731}}
{"target": -13.399254411338518, "params": {"colsample_bytree": 0.5337755733925861, "eta": 0.025789668355156104, "gamma": 300.87751407679883, "max_depth": 9.0, "min_child_weight": 3234.410235588759, "num_boost_round": 15.0, "subsample": 0.6932568907046548}, "datetime": {"datetime": "2024-01-20 15:07:37", "elapsed": 2591.783805, "delta": 0.002619}}
{"target": -13.399339718614263, "params": {"colsample_bytree": 0.5337755733925861, "eta": 0.025789668355156104, "gamma": 300.87751407679883, "max_depth": 9.0, "min_child_weight": 3234.410235588759, "num_boost_round": 16.0, "subsample": 0.6932568907046548}, "datetime": {"datetime": "2024-01-20 15:07:37", "elapsed": 2591.786344, "delta": 0.002539}}
{"target": -13.399489116912681, "params": {"colsample_bytree": 0.5337755733925861, "eta": 0.025789668355156104, "gamma": 300.87751407679883, "max_depth": 9.0, "min_child_weight": 3234.410235588759, "num_boost_round": 17.0, "subsample": 0.6932568907046548}, "datetime": {"datetime": "2024-01-20 15:07:37", "elapsed": 2591.788925, "delta": 0.002581}}
{"target": -13.399939237909322, "params": {"colsample_bytree": 0.5337755733925861, "eta": 0.025789668355156104, "gamma": 300.87751407679883, "max_depth": 9.0, "min_child_weight": 3234.410235588759, "num_boost_round": 18.0, "subsample": 0.6932568907046548}, "datetime": {"datetime": "2024-01-20 15:07:37", "elapsed": 2591.791478, "delta": 0.002553}}
{"target": -13.40014281282435, "params": {"colsample_bytree": 0.5337755733925861, "eta": 0.025789668355156104, "gamma": 300.87751407679883, "max_depth": 9.0, "min_child_weight": 3234.410235588759, "num_boost_round": 19.0, "subsample": 0.6932568907046548}, "datetime": {"datetime": "2024-01-20 15:07:37", "elapsed": 2591.794079, "delta": 0.002601}}
{"target": -13.400391319195421, "params": {"colsample_bytree": 0.5337755733925861, "eta": 0.025789668355156104, "gamma": 300.87751407679883, "max_depth": 9.0, "min_child_weight": 3234.410235588759, "num_boost_round": 20.0, "subsample": 0.6932568907046548}, "datetime": {"datetime": "2024-01-20 15:07:37", "elapsed": 2591.796637, "delta": 0.002558}}
{"target": -13.400615814662, "params": {"colsample_bytree": 0.5337755733925861, "eta": 0.025789668355156104, "gamma": 300.87751407679883, "max_depth": 9.0, "min_child_weight": 3234.410235588759, "num_boost_round": 21.0, "subsample": 0.6932568907046548}, "datetime": {"datetime": "2024-01-20 15:07:37", "elapsed": 2591.799197, "delta": 0.00256}}
{"target": -13.40083149286782, "params": {"colsample_bytree": 0.5337755733925861, "eta": 0.025789668355156104, "gamma": 300.87751407679883, "max_depth": 9.0, "min_child_weight": 3234.410235588759, "num_boost_round": 22.0, "subsample": 0.6932568907046548}, "datetime": {"datetime": "2024-01-20 15:07:37", "elapsed": 2591.801737, "delta": 0.00254}}
{"target": -13.401377242668302, "params": {"colsample_bytree": 0.5337755733925861, "eta": 0.025789668355156104, "gamma": 300.87751407679883, "max_depth": 9.0, "min_child_weight": 3234.410235588759, "num_boost_round": 23.0, "subsample": 0.6932568907046548}, "datetime": {"datetime": "2024-01-20 15:07:37", "elapsed": 2591.804353, "delta": 0.002616}}
{"target": -13.401541982102293, "params": {"colsample_bytree": 0.5337755733925861, "eta": 0.025789668355156104, "gamma": 300.87751407679883, "max_depth": 9.0, "min_child_weight": 3234.410235588759, "num_boost_round": 24.0, "subsample": 0.6932568907046548}, "datetime": {"datetime": "2024-01-20 15:07:37", "elapsed": 2591.806905, "delta": 0.002552}}
{"target": -13.401614714773162, "params": {"colsample_bytree": 0.5337755733925861, "eta": 0.025789668355156104, "gamma": 300.87751407679883, "max_depth": 9.0, "min_child_weight": 3234.410235588759, "num_boost_round": 25.0, "subsample": 0.6932568907046548}, "datetime": {"datetime": "2024-01-20 15:07:37", "elapsed": 2591.809474, "delta": 0.002569}}
{"target": -13.39772876912534, "params": {"colsample_bytree": 0.15226881865905806, "eta": 0.026683856565954237, "gamma": 219.9232468622242, "max_depth": 3.0, "min_child_weight": 3334.0573109855877, "num_boost_round": 1.0, "subsample": 0.4965221420749978}, "datetime": {"datetime": "2024-01-20 15:08:20", "elapsed": 2635.495006, "delta": 43.685532}}
{"target": -13.397777254396189, "params": {"colsample_bytree": 0.15226881865905806, "eta": 0.026683856565954237, "gamma": 219.9232468622242, "max_depth": 3.0, "min_child_weight": 3334.0573109855877, "num_boost_round": 2.0, "subsample": 0.4965221420749978}, "datetime": {"datetime": "2024-01-20 15:08:20", "elapsed": 2635.4993, "delta": 0.004294}}
{"target": -13.397892230903615, "params": {"colsample_bytree": 0.15226881865905806, "eta": 0.026683856565954237, "gamma": 219.9232468622242, "max_depth": 3.0, "min_child_weight": 3334.0573109855877, "num_boost_round": 3.0, "subsample": 0.4965221420749978}, "datetime": {"datetime": "2024-01-20 15:08:20", "elapsed": 2635.502582, "delta": 0.003282}}
{"target": -13.398169334946498, "params": {"colsample_bytree": 0.15226881865905806, "eta": 0.026683856565954237, "gamma": 219.9232468622242, "max_depth": 3.0, "min_child_weight": 3334.0573109855877, "num_boost_round": 4.0, "subsample": 0.4965221420749978}, "datetime": {"datetime": "2024-01-20 15:08:20", "elapsed": 2635.50671, "delta": 0.004128}}
{"target": -13.398505389299586, "params": {"colsample_bytree": 0.15226881865905806, "eta": 0.026683856565954237, "gamma": 219.9232468622242, "max_depth": 3.0, "min_child_weight": 3334.0573109855877, "num_boost_round": 5.0, "subsample": 0.4965221420749978}, "datetime": {"datetime": "2024-01-20 15:08:20", "elapsed": 2635.51185, "delta": 0.00514}}
{"target": -13.398623278158567, "params": {"colsample_bytree": 0.15226881865905806, "eta": 0.026683856565954237, "gamma": 219.9232468622242, "max_depth": 3.0, "min_child_weight": 3334.0573109855877, "num_boost_round": 6.0, "subsample": 0.4965221420749978}, "datetime": {"datetime": "2024-01-20 15:08:20", "elapsed": 2635.515326, "delta": 0.003476}}
{"target": -13.398692228114852, "params": {"colsample_bytree": 0.15226881865905806, "eta": 0.026683856565954237, "gamma": 219.9232468622242, "max_depth": 3.0, "min_child_weight": 3334.0573109855877, "num_boost_round": 7.0, "subsample": 0.4965221420749978}, "datetime": {"datetime": "2024-01-20 15:08:20", "elapsed": 2635.518009, "delta": 0.002683}}
