{"target": -19.19946994775758, "params": {"colsample_bytree": 0.9275783098917644, "eta": 0.08133491899656486, "gamma": 336.29768405905526, "max_depth": 8.0, "min_child_weight": 3604.680694241128, "num_boost_round": 76.0, "subsample": 0.9265606016253326}, "datetime": {"datetime": "2024-01-20 16:56:01", "elapsed": 9129.459024, "delta": 0.005497}}
{"target": -19.199537877235226, "params": {"colsample_bytree": 0.9275783098917644, "eta": 0.08133491899656486, "gamma": 336.29768405905526, "max_depth": 8.0, "min_child_weight": 3604.680694241128, "num_boost_round": 77.0, "subsample": 0.9265606016253326}, "datetime": {"datetime": "2024-01-20 16:56:01", "elapsed": 9129.465301, "delta": 0.006277}}
{"target": -19.200045874520832, "params": {"colsample_bytree": 0.9275783098917644, "eta": 0.08133491899656486, "gamma": 336.29768405905526, "max_depth": 8.0, "min_child_weight": 3604.680694241128, "num_boost_round": 78.0, "subsample": 0.9265606016253326}, "datetime": {"datetime": "2024-01-20 16:56:01", "elapsed": 9129.471106, "delta": 0.005805}}
{"target": -19.200544420071424, "params": {"colsample_bytree": 0.9275783098917644, "eta": 0.08133491899656486, "gamma": 336.29768405905526, "max_depth": 8.0, "min_child_weight": 3604.680694241128, "num_boost_round": 79.0, "subsample": 0.9265606016253326}, "datetime": {"datetime": "2024-01-20 16:56:01", "elapsed": 9129.477738, "delta": 0.006632}}
{"target": -19.20095905815436, "params": {"colsample_bytree": 0.9275783098917644, "eta": 0.08133491899656486, "gamma": 336.29768405905526, "max_depth": 8.0, "min_child_weight": 3604.680694241128, "num_boost_round": 80.0, "subsample": 0.9265606016253326}, "datetime": {"datetime": "2024-01-20 16:56:01", "elapsed": 9129.484057, "delta": 0.006319}}
{"target": -19.201233286827538, "params": {"colsample_bytree": 0.9275783098917644, "eta": 0.08133491899656486, "gamma": 336.29768405905526, "max_depth": 8.0, "min_child_weight": 3604.680694241128, "num_boost_round": 81.0, "subsample": 0.9265606016253326}, "datetime": {"datetime": "2024-01-20 16:56:01", "elapsed": 9129.489655, "delta": 0.005598}}
{"target": -19.2020081280419, "params": {"colsample_bytree": 0.9275783098917644, "eta": 0.08133491899656486, "gamma": 336.29768405905526, "max_depth": 8.0, "min_child_weight": 3604.680694241128, "num_boost_round": 82.0, "subsample": 0.9265606016253326}, "datetime": {"datetime": "2024-01-20 16:56:01", "elapsed": 9129.495328, "delta": 0.005673}}
{"target": -19.202405892800293, "params": {"colsample_bytree": 0.9275783098917644, "eta": 0.08133491899656486, "gamma": 336.29768405905526, "max_depth": 8.0, "min_child_weight": 3604.680694241128, "num_boost_round": 83.0, "subsample": 0.9265606016253326}, "datetime": {"datetime": "2024-01-20 16:56:01", "elapsed": 9129.501076, "delta": 0.005748}}
{"target": -19.20290323179761, "params": {"colsample_bytree": 0.9275783098917644, "eta": 0.08133491899656486, "gamma": 336.29768405905526, "max_depth": 8.0, "min_child_weight": 3604.680694241128, "num_boost_round": 84.0, "subsample": 0.9265606016253326}, "datetime": {"datetime": "2024-01-20 16:56:01", "elapsed": 9129.506593, "delta": 0.005517}}
{"target": -19.203332436626617, "params": {"colsample_bytree": 0.9275783098917644, "eta": 0.08133491899656486, "gamma": 336.29768405905526, "max_depth": 8.0, "min_child_weight": 3604.680694241128, "num_boost_round": 85.0, "subsample": 0.9265606016253326}, "datetime": {"datetime": "2024-01-20 16:56:01", "elapsed": 9129.512109, "delta": 0.005516}}
{"target": -19.20404349854727, "params": {"colsample_bytree": 0.9275783098917644, "eta": 0.08133491899656486, "gamma": 336.29768405905526, "max_depth": 8.0, "min_child_weight": 3604.680694241128, "num_boost_round": 86.0, "subsample": 0.9265606016253326}, "datetime": {"datetime": "2024-01-20 16:56:01", "elapsed": 9129.517673, "delta": 0.005564}}
{"target": -19.20426267925796, "params": {"colsample_bytree": 0.9275783098917644, "eta": 0.08133491899656486, "gamma": 336.29768405905526, "max_depth": 8.0, "min_child_weight": 3604.680694241128, "num_boost_round": 87.0, "subsample": 0.9265606016253326}, "datetime": {"datetime": "2024-01-20 16:56:01", "elapsed": 9129.523222, "delta": 0.005549}}
{"target": -19.204531167575595, "params": {"colsample_bytree": 0.9275783098917644, "eta": 0.08133491899656486, "gamma": 336.29768405905526, "max_depth": 8.0, "min_child_weight": 3604.680694241128, "num_boost_round": 88.0, "subsample": 0.9265606016253326}, "datetime": {"datetime": "2024-01-20 16:56:01", "elapsed": 9129.528789, "delta": 0.005567}}
{"target": -19.204820106333344, "params": {"colsample_bytree": 0.9275783098917644, "eta": 0.08133491899656486, "gamma": 336.29768405905526, "max_depth": 8.0, "min_child_weight": 3604.680694241128, "num_boost_round": 89.0, "subsample": 0.9265606016253326}, "datetime": {"datetime": "2024-01-20 16:56:01", "elapsed": 9129.534384, "delta": 0.005595}}
{"target": -19.205335164789112, "params": {"colsample_bytree": 0.9275783098917644, "eta": 0.08133491899656486, "gamma": 336.29768405905526, "max_depth": 8.0, "min_child_weight": 3604.680694241128, "num_boost_round": 90.0, "subsample": 0.9265606016253326}, "datetime": {"datetime": "2024-01-20 16:56:01", "elapsed": 9129.539926, "delta": 0.005542}}
{"target": -19.142958944934204, "params": {"colsample_bytree": 0.12089167066799351, "eta": 0.03546856979043599, "gamma": 433.22260794711843, "max_depth": 5.0, "min_child_weight": 3527.05523838611, "num_boost_round": 1.0, "subsample": 0.46327642089545784}, "datetime": {"datetime": "2024-01-20 16:57:31", "elapsed": 9219.058456, "delta": 89.51853}}
{"target": -19.142714553181484, "params": {"colsample_bytree": 0.12089167066799351, "eta": 0.03546856979043599, "gamma": 433.22260794711843, "max_depth": 5.0, "min_child_weight": 3527.05523838611, "num_boost_round": 2.0, "subsample": 0.46327642089545784}, "datetime": {"datetime": "2024-01-20 16:57:31", "elapsed": 9219.065609, "delta": 0.007153}}
{"target": -19.142539136620556, "params": {"colsample_bytree": 0.12089167066799351, "eta": 0.03546856979043599, "gamma": 433.22260794711843, "max_depth": 5.0, "min_child_weight": 3527.05523838611, "num_boost_round": 3.0, "subsample": 0.46327642089545784}, "datetime": {"datetime": "2024-01-20 16:57:31", "elapsed": 9219.071443, "delta": 0.005834}}
{"target": -19.142296814203434, "params": {"colsample_bytree": 0.12089167066799351, "eta": 0.03546856979043599, "gamma": 433.22260794711843, "max_depth": 5.0, "min_child_weight": 3527.05523838611, "num_boost_round": 4.0, "subsample": 0.46327642089545784}, "datetime": {"datetime": "2024-01-20 16:57:31", "elapsed": 9219.077211, "delta": 0.005768}}
{"target": -19.1423084570924, "params": {"colsample_bytree": 0.12089167066799351, "eta": 0.03546856979043599, "gamma": 433.22260794711843, "max_depth": 5.0, "min_child_weight": 3527.05523838611, "num_boost_round": 5.0, "subsample": 0.46327642089545784}, "datetime": {"datetime": "2024-01-20 16:57:31", "elapsed": 9219.083063, "delta": 0.005852}}
{"target": -19.142214616534947, "params": {"colsample_bytree": 0.12089167066799351, "eta": 0.03546856979043599, "gamma": 433.22260794711843, "max_depth": 5.0, "min_child_weight": 3527.05523838611, "num_boost_round": 6.0, "subsample": 0.46327642089545784}, "datetime": {"datetime": "2024-01-20 16:57:31", "elapsed": 9219.088845, "delta": 0.005782}}
{"target": -19.14208271788489, "params": {"colsample_bytree": 0.12089167066799351, "eta": 0.03546856979043599, "gamma": 433.22260794711843, "max_depth": 5.0, "min_child_weight": 3527.05523838611, "num_boost_round": 7.0, "subsample": 0.46327642089545784}, "datetime": {"datetime": "2024-01-20 16:57:31", "elapsed": 9219.094611, "delta": 0.005766}}
{"target": -19.14182656123288, "params": {"colsample_bytree": 0.12089167066799351, "eta": 0.03546856979043599, "gamma": 433.22260794711843, "max_depth": 5.0, "min_child_weight": 3527.05523838611, "num_boost_round": 8.0, "subsample": 0.46327642089545784}, "datetime": {"datetime": "2024-01-20 16:57:31", "elapsed": 9219.100509, "delta": 0.005898}}
{"target": -19.14181843199505, "params": {"colsample_bytree": 0.12089167066799351, "eta": 0.03546856979043599, "gamma": 433.22260794711843, "max_depth": 5.0, "min_child_weight": 3527.05523838611, "num_boost_round": 9.0, "subsample": 0.46327642089545784}, "datetime": {"datetime": "2024-01-20 16:57:31", "elapsed": 9219.106335, "delta": 0.005826}}
{"target": -19.141925547865604, "params": {"colsample_bytree": 0.12089167066799351, "eta": 0.03546856979043599, "gamma": 433.22260794711843, "max_depth": 5.0, "min_child_weight": 3527.05523838611, "num_boost_round": 10.0, "subsample": 0.46327642089545784}, "datetime": {"datetime": "2024-01-20 16:57:31", "elapsed": 9219.111943, "delta": 0.005608}}
{"target": -19.141809522605854, "params": {"colsample_bytree": 0.12089167066799351, "eta": 0.03546856979043599, "gamma": 433.22260794711843, "max_depth": 5.0, "min_child_weight": 3527.05523838611, "num_boost_round": 11.0, "subsample": 0.46327642089545784}, "datetime": {"datetime": "2024-01-20 16:57:31", "elapsed": 9219.117615, "delta": 0.005672}}
{"target": -19.141902269537304, "params": {"colsample_bytree": 0.12089167066799351, "eta": 0.03546856979043599, "gamma": 433.22260794711843, "max_depth": 5.0, "min_child_weight": 3527.05523838611, "num_boost_round": 12.0, "subsample": 0.46327642089545784}, "datetime": {"datetime": "2024-01-20 16:57:31", "elapsed": 9219.123213, "delta": 0.005598}}
{"target": -19.141915728639546, "params": {"colsample_bytree": 0.12089167066799351, "eta": 0.03546856979043599, "gamma": 433.22260794711843, "max_depth": 5.0, "min_child_weight": 3527.05523838611, "num_boost_round": 13.0, "subsample": 0.46327642089545784}, "datetime": {"datetime": "2024-01-20 16:57:31", "elapsed": 9219.128759, "delta": 0.005546}}
{"target": -19.14190552274283, "params": {"colsample_bytree": 0.12089167066799351, "eta": 0.03546856979043599, "gamma": 433.22260794711843, "max_depth": 5.0, "min_child_weight": 3527.05523838611, "num_boost_round": 14.0, "subsample": 0.46327642089545784}, "datetime": {"datetime": "2024-01-20 16:57:31", "elapsed": 9219.134266, "delta": 0.005507}}
{"target": -19.142117680111337, "params": {"colsample_bytree": 0.12089167066799351, "eta": 0.03546856979043599, "gamma": 433.22260794711843, "max_depth": 5.0, "min_child_weight": 3527.05523838611, "num_boost_round": 15.0, "subsample": 0.46327642089545784}, "datetime": {"datetime": "2024-01-20 16:57:31", "elapsed": 9219.139685, "delta": 0.005419}}
{"target": -19.142133499041805, "params": {"colsample_bytree": 0.12089167066799351, "eta": 0.03546856979043599, "gamma": 433.22260794711843, "max_depth": 5.0, "min_child_weight": 3527.05523838611, "num_boost_round": 16.0, "subsample": 0.46327642089545784}, "datetime": {"datetime": "2024-01-20 16:57:31", "elapsed": 9219.145323, "delta": 0.005638}}
{"target": -19.141959255440668, "params": {"colsample_bytree": 0.12089167066799351, "eta": 0.03546856979043599, "gamma": 433.22260794711843, "max_depth": 5.0, "min_child_weight": 3527.05523838611, "num_boost_round": 17.0, "subsample": 0.46327642089545784}, "datetime": {"datetime": "2024-01-20 16:57:31", "elapsed": 9219.150809, "delta": 0.005486}}
{"target": -19.141990318936696, "params": {"colsample_bytree": 0.12089167066799351, "eta": 0.03546856979043599, "gamma": 433.22260794711843, "max_depth": 5.0, "min_child_weight": 3527.05523838611, "num_boost_round": 18.0, "subsample": 0.46327642089545784}, "datetime": {"datetime": "2024-01-20 16:57:31", "elapsed": 9219.156342, "delta": 0.005533}}
{"target": -19.141932568227386, "params": {"colsample_bytree": 0.12089167066799351, "eta": 0.03546856979043599, "gamma": 433.22260794711843, "max_depth": 5.0, "min_child_weight": 3527.05523838611, "num_boost_round": 19.0, "subsample": 0.46327642089545784}, "datetime": {"datetime": "2024-01-20 16:57:31", "elapsed": 9219.161928, "delta": 0.005586}}
{"target": -19.141950658352215, "params": {"colsample_bytree": 0.12089167066799351, "eta": 0.03546856979043599, "gamma": 433.22260794711843, "max_depth": 5.0, "min_child_weight": 3527.05523838611, "num_boost_round": 20.0, "subsample": 0.46327642089545784}, "datetime": {"datetime": "2024-01-20 16:57:31", "elapsed": 9219.167706, "delta": 0.005778}}
{"target": -19.14195184231687, "params": {"colsample_bytree": 0.12089167066799351, "eta": 0.03546856979043599, "gamma": 433.22260794711843, "max_depth": 5.0, "min_child_weight": 3527.05523838611, "num_boost_round": 21.0, "subsample": 0.46327642089545784}, "datetime": {"datetime": "2024-01-20 16:57:31", "elapsed": 9219.173306, "delta": 0.0056}}
{"target": -19.142112169986227, "params": {"colsample_bytree": 0.12089167066799351, "eta": 0.03546856979043599, "gamma": 433.22260794711843, "max_depth": 5.0, "min_child_weight": 3527.05523838611, "num_boost_round": 22.0, "subsample": 0.46327642089545784}, "datetime": {"datetime": "2024-01-20 16:57:31", "elapsed": 9219.178799, "delta": 0.005493}}
{"target": -19.142171311620096, "params": {"colsample_bytree": 0.12089167066799351, "eta": 0.03546856979043599, "gamma": 433.22260794711843, "max_depth": 5.0, "min_child_weight": 3527.05523838611, "num_boost_round": 23.0, "subsample": 0.46327642089545784}, "datetime": {"datetime": "2024-01-20 16:57:31", "elapsed": 9219.184403, "delta": 0.005604}}
{"target": -19.14214865447029, "params": {"colsample_bytree": 0.12089167066799351, "eta": 0.03546856979043599, "gamma": 433.22260794711843, "max_depth": 5.0, "min_child_weight": 3527.05523838611, "num_boost_round": 24.0, "subsample": 0.46327642089545784}, "datetime": {"datetime": "2024-01-20 16:57:31", "elapsed": 9219.189923, "delta": 0.00552}}
{"target": -19.142218804917732, "params": {"colsample_bytree": 0.12089167066799351, "eta": 0.03546856979043599, "gamma": 433.22260794711843, "max_depth": 5.0, "min_child_weight": 3527.05523838611, "num_boost_round": 25.0, "subsample": 0.46327642089545784}, "datetime": {"datetime": "2024-01-20 16:57:31", "elapsed": 9219.195531, "delta": 0.005608}}
{"target": -19.143871932169155, "params": {"colsample_bytree": 0.6662047837417586, "eta": 0.08944491886127154, "gamma": 380.6227424477822, "max_depth": 7.0, "min_child_weight": 3522.075098223372, "num_boost_round": 1.0, "subsample": 0.225950794839412}, "datetime": {"datetime": "2024-01-20 16:59:40", "elapsed": 9348.448789, "delta": 129.253258}}
{"target": -19.143473459925513, "params": {"colsample_bytree": 0.6662047837417586, "eta": 0.08944491886127154, "gamma": 380.6227424477822, "max_depth": 7.0, "min_child_weight": 3522.075098223372, "num_boost_round": 2.0, "subsample": 0.225950794839412}, "datetime": {"datetime": "2024-01-20 16:59:40", "elapsed": 9348.456503, "delta": 0.007714}}
{"target": -19.143367973197062, "params": {"colsample_bytree": 0.6662047837417586, "eta": 0.08944491886127154, "gamma": 380.6227424477822, "max_depth": 7.0, "min_child_weight": 3522.075098223372, "num_boost_round": 3.0, "subsample": 0.225950794839412}, "datetime": {"datetime": "2024-01-20 16:59:40", "elapsed": 9348.462936, "delta": 0.006433}}
{"target": -19.14397151823465, "params": {"colsample_bytree": 0.6662047837417586, "eta": 0.08944491886127154, "gamma": 380.6227424477822, "max_depth": 7.0, "min_child_weight": 3522.075098223372, "num_boost_round": 4.0, "subsample": 0.225950794839412}, "datetime": {"datetime": "2024-01-20 16:59:40", "elapsed": 9348.46936, "delta": 0.006424}}
{"target": -19.14458149889098, "params": {"colsample_bytree": 0.6662047837417586, "eta": 0.08944491886127154, "gamma": 380.6227424477822, "max_depth": 7.0, "min_child_weight": 3522.075098223372, "num_boost_round": 5.0, "subsample": 0.225950794839412}, "datetime": {"datetime": "2024-01-20 16:59:40", "elapsed": 9348.475651, "delta": 0.006291}}
{"target": -19.143921631690837, "params": {"colsample_bytree": 0.6662047837417586, "eta": 0.08944491886127154, "gamma": 380.6227424477822, "max_depth": 7.0, "min_child_weight": 3522.075098223372, "num_boost_round": 6.0, "subsample": 0.225950794839412}, "datetime": {"datetime": "2024-01-20 16:59:40", "elapsed": 9348.481602, "delta": 0.005951}}
{"target": -19.14395452963121, "params": {"colsample_bytree": 0.6662047837417586, "eta": 0.08944491886127154, "gamma": 380.6227424477822, "max_depth": 7.0, "min_child_weight": 3522.075098223372, "num_boost_round": 7.0, "subsample": 0.225950794839412}, "datetime": {"datetime": "2024-01-20 16:59:40", "elapsed": 9348.487526, "delta": 0.005924}}
{"target": -19.144379230804205, "params": {"colsample_bytree": 0.6662047837417586, "eta": 0.08944491886127154, "gamma": 380.6227424477822, "max_depth": 7.0, "min_child_weight": 3522.075098223372, "num_boost_round": 8.0, "subsample": 0.225950794839412}, "datetime": {"datetime": "2024-01-20 16:59:40", "elapsed": 9348.493365, "delta": 0.005839}}
{"target": -19.144590766065903, "params": {"colsample_bytree": 0.6662047837417586, "eta": 0.08944491886127154, "gamma": 380.6227424477822, "max_depth": 7.0, "min_child_weight": 3522.075098223372, "num_boost_round": 9.0, "subsample": 0.225950794839412}, "datetime": {"datetime": "2024-01-20 16:59:40", "elapsed": 9348.49929, "delta": 0.005925}}
{"target": -19.145508132688853, "params": {"colsample_bytree": 0.6662047837417586, "eta": 0.08944491886127154, "gamma": 380.6227424477822, "max_depth": 7.0, "min_child_weight": 3522.075098223372, "num_boost_round": 10.0, "subsample": 0.225950794839412}, "datetime": {"datetime": "2024-01-20 16:59:40", "elapsed": 9348.505224, "delta": 0.005934}}
{"target": -19.146121069109437, "params": {"colsample_bytree": 0.6662047837417586, "eta": 0.08944491886127154, "gamma": 380.6227424477822, "max_depth": 7.0, "min_child_weight": 3522.075098223372, "num_boost_round": 11.0, "subsample": 0.225950794839412}, "datetime": {"datetime": "2024-01-20 16:59:40", "elapsed": 9348.511089, "delta": 0.005865}}
{"target": -19.146540928043876, "params": {"colsample_bytree": 0.6662047837417586, "eta": 0.08944491886127154, "gamma": 380.6227424477822, "max_depth": 7.0, "min_child_weight": 3522.075098223372, "num_boost_round": 12.0, "subsample": 0.225950794839412}, "datetime": {"datetime": "2024-01-20 16:59:40", "elapsed": 9348.51707, "delta": 0.005981}}
{"target": -19.14717271322641, "params": {"colsample_bytree": 0.6662047837417586, "eta": 0.08944491886127154, "gamma": 380.6227424477822, "max_depth": 7.0, "min_child_weight": 3522.075098223372, "num_boost_round": 13.0, "subsample": 0.225950794839412}, "datetime": {"datetime": "2024-01-20 16:59:40", "elapsed": 9348.523007, "delta": 0.005937}}
{"target": -19.14804679822911, "params": {"colsample_bytree": 0.6662047837417586, "eta": 0.08944491886127154, "gamma": 380.6227424477822, "max_depth": 7.0, "min_child_weight": 3522.075098223372, "num_boost_round": 14.0, "subsample": 0.225950794839412}, "datetime": {"datetime": "2024-01-20 16:59:40", "elapsed": 9348.528975, "delta": 0.005968}}
{"target": -19.149393023895033, "params": {"colsample_bytree": 0.6662047837417586, "eta": 0.08944491886127154, "gamma": 380.6227424477822, "max_depth": 7.0, "min_child_weight": 3522.075098223372, "num_boost_round": 15.0, "subsample": 0.225950794839412}, "datetime": {"datetime": "2024-01-20 16:59:40", "elapsed": 9348.534889, "delta": 0.005914}}
{"target": -19.149640950621155, "params": {"colsample_bytree": 0.6662047837417586, "eta": 0.08944491886127154, "gamma": 380.6227424477822, "max_depth": 7.0, "min_child_weight": 3522.075098223372, "num_boost_round": 16.0, "subsample": 0.225950794839412}, "datetime": {"datetime": "2024-01-20 16:59:40", "elapsed": 9348.54076, "delta": 0.005871}}
{"target": -19.149995164797588, "params": {"colsample_bytree": 0.6662047837417586, "eta": 0.08944491886127154, "gamma": 380.6227424477822, "max_depth": 7.0, "min_child_weight": 3522.075098223372, "num_boost_round": 17.0, "subsample": 0.225950794839412}, "datetime": {"datetime": "2024-01-20 16:59:40", "elapsed": 9348.54669, "delta": 0.00593}}
{"target": -19.150717192589134, "params": {"colsample_bytree": 0.6662047837417586, "eta": 0.08944491886127154, "gamma": 380.6227424477822, "max_depth": 7.0, "min_child_weight": 3522.075098223372, "num_boost_round": 18.0, "subsample": 0.225950794839412}, "datetime": {"datetime": "2024-01-20 16:59:40", "elapsed": 9348.552521, "delta": 0.005831}}
{"target": -19.151200448405135, "params": {"colsample_bytree": 0.6662047837417586, "eta": 0.08944491886127154, "gamma": 380.6227424477822, "max_depth": 7.0, "min_child_weight": 3522.075098223372, "num_boost_round": 19.0, "subsample": 0.225950794839412}, "datetime": {"datetime": "2024-01-20 16:59:40", "elapsed": 9348.55842, "delta": 0.005899}}
{"target": -19.151986886764647, "params": {"colsample_bytree": 0.6662047837417586, "eta": 0.08944491886127154, "gamma": 380.6227424477822, "max_depth": 7.0, "min_child_weight": 3522.075098223372, "num_boost_round": 20.0, "subsample": 0.225950794839412}, "datetime": {"datetime": "2024-01-20 16:59:40", "elapsed": 9348.56459, "delta": 0.00617}}
{"target": -19.153021205301094, "params": {"colsample_bytree": 0.6662047837417586, "eta": 0.08944491886127154, "gamma": 380.6227424477822, "max_depth": 7.0, "min_child_weight": 3522.075098223372, "num_boost_round": 21.0, "subsample": 0.225950794839412}, "datetime": {"datetime": "2024-01-20 16:59:40", "elapsed": 9348.570628, "delta": 0.006038}}
{"target": -19.153541940534936, "params": {"colsample_bytree": 0.6662047837417586, "eta": 0.08944491886127154, "gamma": 380.6227424477822, "max_depth": 7.0, "min_child_weight": 3522.075098223372, "num_boost_round": 22.0, "subsample": 0.225950794839412}, "datetime": {"datetime": "2024-01-20 16:59:40", "elapsed": 9348.576578, "delta": 0.00595}}
{"target": -19.15404465372766, "params": {"colsample_bytree": 0.6662047837417586, "eta": 0.08944491886127154, "gamma": 380.6227424477822, "max_depth": 7.0, "min_child_weight": 3522.075098223372, "num_boost_round": 23.0, "subsample": 0.225950794839412}, "datetime": {"datetime": "2024-01-20 16:59:40", "elapsed": 9348.582505, "delta": 0.005927}}
