{"target": -19.146873979396005, "params": {"colsample_bytree": 0.8403873800259962, "eta": 0.02420563045770994, "gamma": 207.4760490429378, "max_depth": 6.0, "min_child_weight": 4594.427429528924, "num_boost_round": 22.0, "subsample": 0.7657750378922217}, "datetime": {"datetime": "2024-01-20 15:14:27", "elapsed": 3035.920758, "delta": 0.0031}}
{"target": -19.147011854019546, "params": {"colsample_bytree": 0.8403873800259962, "eta": 0.02420563045770994, "gamma": 207.4760490429378, "max_depth": 6.0, "min_child_weight": 4594.427429528924, "num_boost_round": 23.0, "subsample": 0.7657750378922217}, "datetime": {"datetime": "2024-01-20 15:14:27", "elapsed": 3035.923758, "delta": 0.003}}
{"target": -19.147261851439414, "params": {"colsample_bytree": 0.8403873800259962, "eta": 0.02420563045770994, "gamma": 207.4760490429378, "max_depth": 6.0, "min_child_weight": 4594.427429528924, "num_boost_round": 24.0, "subsample": 0.7657750378922217}, "datetime": {"datetime": "2024-01-20 15:14:27", "elapsed": 3035.926856, "delta": 0.003098}}
{"target": -19.143890167467895, "params": {"colsample_bytree": 0.554956081217558, "eta": 0.09802739062421739, "gamma": 154.89224562201542, "max_depth": 5.0, "min_child_weight": 4626.892961784756, "num_boost_round": 1.0, "subsample": 0.9071529384604161}, "datetime": {"datetime": "2024-01-20 15:16:04", "elapsed": 3132.532356, "delta": 96.6055}}
{"target": -19.144388509623465, "params": {"colsample_bytree": 0.554956081217558, "eta": 0.09802739062421739, "gamma": 154.89224562201542, "max_depth": 5.0, "min_child_weight": 4626.892961784756, "num_boost_round": 2.0, "subsample": 0.9071529384604161}, "datetime": {"datetime": "2024-01-20 15:16:04", "elapsed": 3132.549028, "delta": 0.016672}}
{"target": -19.144889775875257, "params": {"colsample_bytree": 0.554956081217558, "eta": 0.09802739062421739, "gamma": 154.89224562201542, "max_depth": 5.0, "min_child_weight": 4626.892961784756, "num_boost_round": 3.0, "subsample": 0.9071529384604161}, "datetime": {"datetime": "2024-01-20 15:16:04", "elapsed": 3132.553176, "delta": 0.004148}}
{"target": -19.145186369836864, "params": {"colsample_bytree": 0.554956081217558, "eta": 0.09802739062421739, "gamma": 154.89224562201542, "max_depth": 5.0, "min_child_weight": 4626.892961784756, "num_boost_round": 4.0, "subsample": 0.9071529384604161}, "datetime": {"datetime": "2024-01-20 15:16:04", "elapsed": 3132.557303, "delta": 0.004127}}
{"target": -19.146553303176482, "params": {"colsample_bytree": 0.554956081217558, "eta": 0.09802739062421739, "gamma": 154.89224562201542, "max_depth": 5.0, "min_child_weight": 4626.892961784756, "num_boost_round": 5.0, "subsample": 0.9071529384604161}, "datetime": {"datetime": "2024-01-20 15:16:04", "elapsed": 3132.56117, "delta": 0.003867}}
{"target": -19.14642976699767, "params": {"colsample_bytree": 0.554956081217558, "eta": 0.09802739062421739, "gamma": 154.89224562201542, "max_depth": 5.0, "min_child_weight": 4626.892961784756, "num_boost_round": 6.0, "subsample": 0.9071529384604161}, "datetime": {"datetime": "2024-01-20 15:16:04", "elapsed": 3132.56528, "delta": 0.00411}}
{"target": -19.14758337246035, "params": {"colsample_bytree": 0.554956081217558, "eta": 0.09802739062421739, "gamma": 154.89224562201542, "max_depth": 5.0, "min_child_weight": 4626.892961784756, "num_boost_round": 7.0, "subsample": 0.9071529384604161}, "datetime": {"datetime": "2024-01-20 15:16:04", "elapsed": 3132.569287, "delta": 0.004007}}
{"target": -19.14850859535004, "params": {"colsample_bytree": 0.554956081217558, "eta": 0.09802739062421739, "gamma": 154.89224562201542, "max_depth": 5.0, "min_child_weight": 4626.892961784756, "num_boost_round": 8.0, "subsample": 0.9071529384604161}, "datetime": {"datetime": "2024-01-20 15:16:04", "elapsed": 3132.573169, "delta": 0.003882}}
{"target": -19.149055132364104, "params": {"colsample_bytree": 0.554956081217558, "eta": 0.09802739062421739, "gamma": 154.89224562201542, "max_depth": 5.0, "min_child_weight": 4626.892961784756, "num_boost_round": 9.0, "subsample": 0.9071529384604161}, "datetime": {"datetime": "2024-01-20 15:16:04", "elapsed": 3132.577831, "delta": 0.004662}}
{"target": -19.14996667706943, "params": {"colsample_bytree": 0.554956081217558, "eta": 0.09802739062421739, "gamma": 154.89224562201542, "max_depth": 5.0, "min_child_weight": 4626.892961784756, "num_boost_round": 10.0, "subsample": 0.9071529384604161}, "datetime": {"datetime": "2024-01-20 15:16:04", "elapsed": 3132.581679, "delta": 0.003848}}
{"target": -19.150343336805733, "params": {"colsample_bytree": 0.554956081217558, "eta": 0.09802739062421739, "gamma": 154.89224562201542, "max_depth": 5.0, "min_child_weight": 4626.892961784756, "num_boost_round": 11.0, "subsample": 0.9071529384604161}, "datetime": {"datetime": "2024-01-20 15:16:04", "elapsed": 3132.5857, "delta": 0.004021}}
{"target": -19.150792040156887, "params": {"colsample_bytree": 0.554956081217558, "eta": 0.09802739062421739, "gamma": 154.89224562201542, "max_depth": 5.0, "min_child_weight": 4626.892961784756, "num_boost_round": 12.0, "subsample": 0.9071529384604161}, "datetime": {"datetime": "2024-01-20 15:16:04", "elapsed": 3132.589674, "delta": 0.003974}}
{"target": -19.15245032654417, "params": {"colsample_bytree": 0.554956081217558, "eta": 0.09802739062421739, "gamma": 154.89224562201542, "max_depth": 5.0, "min_child_weight": 4626.892961784756, "num_boost_round": 13.0, "subsample": 0.9071529384604161}, "datetime": {"datetime": "2024-01-20 15:16:04", "elapsed": 3132.593591, "delta": 0.003917}}
{"target": -19.154606774697676, "params": {"colsample_bytree": 0.554956081217558, "eta": 0.09802739062421739, "gamma": 154.89224562201542, "max_depth": 5.0, "min_child_weight": 4626.892961784756, "num_boost_round": 14.0, "subsample": 0.9071529384604161}, "datetime": {"datetime": "2024-01-20 15:16:04", "elapsed": 3132.59755, "delta": 0.003959}}
{"target": -19.15607772598721, "params": {"colsample_bytree": 0.554956081217558, "eta": 0.09802739062421739, "gamma": 154.89224562201542, "max_depth": 5.0, "min_child_weight": 4626.892961784756, "num_boost_round": 15.0, "subsample": 0.9071529384604161}, "datetime": {"datetime": "2024-01-20 15:16:04", "elapsed": 3132.601477, "delta": 0.003927}}
{"target": -19.156191422218633, "params": {"colsample_bytree": 0.554956081217558, "eta": 0.09802739062421739, "gamma": 154.89224562201542, "max_depth": 5.0, "min_child_weight": 4626.892961784756, "num_boost_round": 16.0, "subsample": 0.9071529384604161}, "datetime": {"datetime": "2024-01-20 15:16:04", "elapsed": 3132.605511, "delta": 0.004034}}
{"target": -19.156774382974465, "params": {"colsample_bytree": 0.554956081217558, "eta": 0.09802739062421739, "gamma": 154.89224562201542, "max_depth": 5.0, "min_child_weight": 4626.892961784756, "num_boost_round": 17.0, "subsample": 0.9071529384604161}, "datetime": {"datetime": "2024-01-20 15:16:04", "elapsed": 3132.609663, "delta": 0.004152}}
{"target": -19.157703847445624, "params": {"colsample_bytree": 0.554956081217558, "eta": 0.09802739062421739, "gamma": 154.89224562201542, "max_depth": 5.0, "min_child_weight": 4626.892961784756, "num_boost_round": 18.0, "subsample": 0.9071529384604161}, "datetime": {"datetime": "2024-01-20 15:16:04", "elapsed": 3132.613612, "delta": 0.003949}}
{"target": -19.15853807380494, "params": {"colsample_bytree": 0.554956081217558, "eta": 0.09802739062421739, "gamma": 154.89224562201542, "max_depth": 5.0, "min_child_weight": 4626.892961784756, "num_boost_round": 19.0, "subsample": 0.9071529384604161}, "datetime": {"datetime": "2024-01-20 15:16:04", "elapsed": 3132.617484, "delta": 0.003872}}
{"target": -19.143551557747934, "params": {"colsample_bytree": 0.6166355152027194, "eta": 0.06462755160432054, "gamma": 271.02979280722275, "max_depth": 2.0, "min_child_weight": 4298.125960980822, "num_boost_round": 1.0, "subsample": 0.5701932823238737}, "datetime": {"datetime": "2024-01-20 15:17:28", "elapsed": 3216.160705, "delta": 83.543221}}
{"target": -19.143413056686217, "params": {"colsample_bytree": 0.6166355152027194, "eta": 0.06462755160432054, "gamma": 271.02979280722275, "max_depth": 2.0, "min_child_weight": 4298.125960980822, "num_boost_round": 2.0, "subsample": 0.5701932823238737}, "datetime": {"datetime": "2024-01-20 15:17:28", "elapsed": 3216.483875, "delta": 0.32317}}
{"target": -19.14329483705609, "params": {"colsample_bytree": 0.6166355152027194, "eta": 0.06462755160432054, "gamma": 271.02979280722275, "max_depth": 2.0, "min_child_weight": 4298.125960980822, "num_boost_round": 3.0, "subsample": 0.5701932823238737}, "datetime": {"datetime": "2024-01-20 15:17:28", "elapsed": 3216.487196, "delta": 0.003321}}
{"target": -19.14317997717921, "params": {"colsample_bytree": 0.6166355152027194, "eta": 0.06462755160432054, "gamma": 271.02979280722275, "max_depth": 2.0, "min_child_weight": 4298.125960980822, "num_boost_round": 4.0, "subsample": 0.5701932823238737}, "datetime": {"datetime": "2024-01-20 15:17:28", "elapsed": 3216.490332, "delta": 0.003136}}
{"target": -19.14327513704805, "params": {"colsample_bytree": 0.6166355152027194, "eta": 0.06462755160432054, "gamma": 271.02979280722275, "max_depth": 2.0, "min_child_weight": 4298.125960980822, "num_boost_round": 5.0, "subsample": 0.5701932823238737}, "datetime": {"datetime": "2024-01-20 15:17:28", "elapsed": 3216.493401, "delta": 0.003069}}
{"target": -19.14298366453564, "params": {"colsample_bytree": 0.6166355152027194, "eta": 0.06462755160432054, "gamma": 271.02979280722275, "max_depth": 2.0, "min_child_weight": 4298.125960980822, "num_boost_round": 6.0, "subsample": 0.5701932823238737}, "datetime": {"datetime": "2024-01-20 15:17:28", "elapsed": 3216.496498, "delta": 0.003097}}
{"target": -19.142974840544248, "params": {"colsample_bytree": 0.6166355152027194, "eta": 0.06462755160432054, "gamma": 271.02979280722275, "max_depth": 2.0, "min_child_weight": 4298.125960980822, "num_boost_round": 7.0, "subsample": 0.5701932823238737}, "datetime": {"datetime": "2024-01-20 15:17:28", "elapsed": 3216.499547, "delta": 0.003049}}
{"target": -19.143194922355477, "params": {"colsample_bytree": 0.656160033669101, "eta": 0.009513878611711653, "gamma": 513.7173175123418, "max_depth": 8.0, "min_child_weight": 4526.1006193441435, "num_boost_round": 1.0, "subsample": 0.20489852079730103}, "datetime": {"datetime": "2024-01-20 15:19:49", "elapsed": 3356.987895, "delta": 140.488348}}
{"target": -19.143084710108937, "params": {"colsample_bytree": 0.656160033669101, "eta": 0.009513878611711653, "gamma": 513.7173175123418, "max_depth": 8.0, "min_child_weight": 4526.1006193441435, "num_boost_round": 2.0, "subsample": 0.20489852079730103}, "datetime": {"datetime": "2024-01-20 15:19:49", "elapsed": 3357.126887, "delta": 0.138992}}
{"target": -19.143054450515557, "params": {"colsample_bytree": 0.656160033669101, "eta": 0.009513878611711653, "gamma": 513.7173175123418, "max_depth": 8.0, "min_child_weight": 4526.1006193441435, "num_boost_round": 3.0, "subsample": 0.20489852079730103}, "datetime": {"datetime": "2024-01-20 15:19:49", "elapsed": 3357.147191, "delta": 0.020304}}
{"target": -19.142998031401888, "params": {"colsample_bytree": 0.656160033669101, "eta": 0.009513878611711653, "gamma": 513.7173175123418, "max_depth": 8.0, "min_child_weight": 4526.1006193441435, "num_boost_round": 4.0, "subsample": 0.20489852079730103}, "datetime": {"datetime": "2024-01-20 15:19:49", "elapsed": 3357.151028, "delta": 0.003837}}
{"target": -19.14295058962771, "params": {"colsample_bytree": 0.656160033669101, "eta": 0.009513878611711653, "gamma": 513.7173175123418, "max_depth": 8.0, "min_child_weight": 4526.1006193441435, "num_boost_round": 5.0, "subsample": 0.20489852079730103}, "datetime": {"datetime": "2024-01-20 15:19:49", "elapsed": 3357.154542, "delta": 0.003514}}
{"target": -19.142833645521993, "params": {"colsample_bytree": 0.656160033669101, "eta": 0.009513878611711653, "gamma": 513.7173175123418, "max_depth": 8.0, "min_child_weight": 4526.1006193441435, "num_boost_round": 6.0, "subsample": 0.20489852079730103}, "datetime": {"datetime": "2024-01-20 15:19:49", "elapsed": 3357.15839, "delta": 0.003848}}
{"target": -19.142730887620743, "params": {"colsample_bytree": 0.656160033669101, "eta": 0.009513878611711653, "gamma": 513.7173175123418, "max_depth": 8.0, "min_child_weight": 4526.1006193441435, "num_boost_round": 7.0, "subsample": 0.20489852079730103}, "datetime": {"datetime": "2024-01-20 15:19:49", "elapsed": 3357.161619, "delta": 0.003229}}
{"target": -19.14264938912484, "params": {"colsample_bytree": 0.656160033669101, "eta": 0.009513878611711653, "gamma": 513.7173175123418, "max_depth": 8.0, "min_child_weight": 4526.1006193441435, "num_boost_round": 8.0, "subsample": 0.20489852079730103}, "datetime": {"datetime": "2024-01-20 15:19:49", "elapsed": 3357.17486, "delta": 0.013241}}
{"target": -19.142567306374893, "params": {"colsample_bytree": 0.656160033669101, "eta": 0.009513878611711653, "gamma": 513.7173175123418, "max_depth": 8.0, "min_child_weight": 4526.1006193441435, "num_boost_round": 9.0, "subsample": 0.20489852079730103}, "datetime": {"datetime": "2024-01-20 15:19:49", "elapsed": 3357.178983, "delta": 0.004123}}
{"target": -19.142536681494942, "params": {"colsample_bytree": 0.656160033669101, "eta": 0.009513878611711653, "gamma": 513.7173175123418, "max_depth": 8.0, "min_child_weight": 4526.1006193441435, "num_boost_round": 10.0, "subsample": 0.20489852079730103}, "datetime": {"datetime": "2024-01-20 15:19:49", "elapsed": 3357.18303, "delta": 0.004047}}
{"target": -19.142529704273937, "params": {"colsample_bytree": 0.656160033669101, "eta": 0.009513878611711653, "gamma": 513.7173175123418, "max_depth": 8.0, "min_child_weight": 4526.1006193441435, "num_boost_round": 11.0, "subsample": 0.20489852079730103}, "datetime": {"datetime": "2024-01-20 15:19:49", "elapsed": 3357.186741, "delta": 0.003711}}
{"target": -19.14249936842701, "params": {"colsample_bytree": 0.656160033669101, "eta": 0.009513878611711653, "gamma": 513.7173175123418, "max_depth": 8.0, "min_child_weight": 4526.1006193441435, "num_boost_round": 12.0, "subsample": 0.20489852079730103}, "datetime": {"datetime": "2024-01-20 15:19:49", "elapsed": 3357.190464, "delta": 0.003723}}
{"target": -19.14252784966645, "params": {"colsample_bytree": 0.656160033669101, "eta": 0.009513878611711653, "gamma": 513.7173175123418, "max_depth": 8.0, "min_child_weight": 4526.1006193441435, "num_boost_round": 13.0, "subsample": 0.20489852079730103}, "datetime": {"datetime": "2024-01-20 15:19:49", "elapsed": 3357.194156, "delta": 0.003692}}
{"target": -19.142509117861813, "params": {"colsample_bytree": 0.656160033669101, "eta": 0.009513878611711653, "gamma": 513.7173175123418, "max_depth": 8.0, "min_child_weight": 4526.1006193441435, "num_boost_round": 14.0, "subsample": 0.20489852079730103}, "datetime": {"datetime": "2024-01-20 15:19:49", "elapsed": 3357.197336, "delta": 0.00318}}
{"target": -19.14255637785809, "params": {"colsample_bytree": 0.656160033669101, "eta": 0.009513878611711653, "gamma": 513.7173175123418, "max_depth": 8.0, "min_child_weight": 4526.1006193441435, "num_boost_round": 15.0, "subsample": 0.20489852079730103}, "datetime": {"datetime": "2024-01-20 15:19:49", "elapsed": 3357.200904, "delta": 0.003568}}
{"target": -19.142484882798097, "params": {"colsample_bytree": 0.656160033669101, "eta": 0.009513878611711653, "gamma": 513.7173175123418, "max_depth": 8.0, "min_child_weight": 4526.1006193441435, "num_boost_round": 16.0, "subsample": 0.20489852079730103}, "datetime": {"datetime": "2024-01-20 15:19:49", "elapsed": 3357.204165, "delta": 0.003261}}
{"target": -19.142442638710044, "params": {"colsample_bytree": 0.656160033669101, "eta": 0.009513878611711653, "gamma": 513.7173175123418, "max_depth": 8.0, "min_child_weight": 4526.1006193441435, "num_boost_round": 17.0, "subsample": 0.20489852079730103}, "datetime": {"datetime": "2024-01-20 15:19:49", "elapsed": 3357.207552, "delta": 0.003387}}
{"target": -19.142429898142105, "params": {"colsample_bytree": 0.656160033669101, "eta": 0.009513878611711653, "gamma": 513.7173175123418, "max_depth": 8.0, "min_child_weight": 4526.1006193441435, "num_boost_round": 18.0, "subsample": 0.20489852079730103}, "datetime": {"datetime": "2024-01-20 15:19:49", "elapsed": 3357.211019, "delta": 0.003467}}
{"target": -19.14245822043473, "params": {"colsample_bytree": 0.656160033669101, "eta": 0.009513878611711653, "gamma": 513.7173175123418, "max_depth": 8.0, "min_child_weight": 4526.1006193441435, "num_boost_round": 19.0, "subsample": 0.20489852079730103}, "datetime": {"datetime": "2024-01-20 15:19:49", "elapsed": 3357.214292, "delta": 0.003273}}
{"target": -19.14248025310249, "params": {"colsample_bytree": 0.656160033669101, "eta": 0.009513878611711653, "gamma": 513.7173175123418, "max_depth": 8.0, "min_child_weight": 4526.1006193441435, "num_boost_round": 20.0, "subsample": 0.20489852079730103}, "datetime": {"datetime": "2024-01-20 15:19:49", "elapsed": 3357.217586, "delta": 0.003294}}
{"target": -19.142589098488934, "params": {"colsample_bytree": 0.656160033669101, "eta": 0.009513878611711653, "gamma": 513.7173175123418, "max_depth": 8.0, "min_child_weight": 4526.1006193441435, "num_boost_round": 21.0, "subsample": 0.20489852079730103}, "datetime": {"datetime": "2024-01-20 15:19:49", "elapsed": 3357.22102, "delta": 0.003434}}
{"target": -19.142643955543253, "params": {"colsample_bytree": 0.656160033669101, "eta": 0.009513878611711653, "gamma": 513.7173175123418, "max_depth": 8.0, "min_child_weight": 4526.1006193441435, "num_boost_round": 22.0, "subsample": 0.20489852079730103}, "datetime": {"datetime": "2024-01-20 15:19:49", "elapsed": 3357.22448, "delta": 0.00346}}
{"target": -19.142613749954002, "params": {"colsample_bytree": 0.656160033669101, "eta": 0.009513878611711653, "gamma": 513.7173175123418, "max_depth": 8.0, "min_child_weight": 4526.1006193441435, "num_boost_round": 23.0, "subsample": 0.20489852079730103}, "datetime": {"datetime": "2024-01-20 15:19:49", "elapsed": 3357.227863, "delta": 0.003383}}
{"target": -19.142558495367794, "params": {"colsample_bytree": 0.656160033669101, "eta": 0.009513878611711653, "gamma": 513.7173175123418, "max_depth": 8.0, "min_child_weight": 4526.1006193441435, "num_boost_round": 24.0, "subsample": 0.20489852079730103}, "datetime": {"datetime": "2024-01-20 15:19:49", "elapsed": 3357.23117, "delta": 0.003307}}
{"target": -19.142652876985828, "params": {"colsample_bytree": 0.656160033669101, "eta": 0.009513878611711653, "gamma": 513.7173175123418, "max_depth": 8.0, "min_child_weight": 4526.1006193441435, "num_boost_round": 25.0, "subsample": 0.20489852079730103}, "datetime": {"datetime": "2024-01-20 15:19:49", "elapsed": 3357.23483, "delta": 0.00366}}
{"target": -19.14263534216939, "params": {"colsample_bytree": 0.656160033669101, "eta": 0.009513878611711653, "gamma": 513.7173175123418, "max_depth": 8.0, "min_child_weight": 4526.1006193441435, "num_boost_round": 26.0, "subsample": 0.20489852079730103}, "datetime": {"datetime": "2024-01-20 15:19:49", "elapsed": 3357.238472, "delta": 0.003642}}
{"target": -19.142645772000616, "params": {"colsample_bytree": 0.656160033669101, "eta": 0.009513878611711653, "gamma": 513.7173175123418, "max_depth": 8.0, "min_child_weight": 4526.1006193441435, "num_boost_round": 27.0, "subsample": 0.20489852079730103}, "datetime": {"datetime": "2024-01-20 15:19:49", "elapsed": 3357.241924, "delta": 0.003452}}
{"target": -19.142676116758377, "params": {"colsample_bytree": 0.656160033669101, "eta": 0.009513878611711653, "gamma": 513.7173175123418, "max_depth": 8.0, "min_child_weight": 4526.1006193441435, "num_boost_round": 28.0, "subsample": 0.20489852079730103}, "datetime": {"datetime": "2024-01-20 15:19:49", "elapsed": 3357.245417, "delta": 0.003493}}
{"target": -19.142570529799727, "params": {"colsample_bytree": 0.656160033669101, "eta": 0.009513878611711653, "gamma": 513.7173175123418, "max_depth": 8.0, "min_child_weight": 4526.1006193441435, "num_boost_round": 29.0, "subsample": 0.20489852079730103}, "datetime": {"datetime": "2024-01-20 15:19:49", "elapsed": 3357.248792, "delta": 0.003375}}
{"target": -19.14252222140832, "params": {"colsample_bytree": 0.656160033669101, "eta": 0.009513878611711653, "gamma": 513.7173175123418, "max_depth": 8.0, "min_child_weight": 4526.1006193441435, "num_boost_round": 30.0, "subsample": 0.20489852079730103}, "datetime": {"datetime": "2024-01-20 15:19:49", "elapsed": 3357.253409, "delta": 0.004617}}
{"target": -19.142540245218004, "params": {"colsample_bytree": 0.656160033669101, "eta": 0.009513878611711653, "gamma": 513.7173175123418, "max_depth": 8.0, "min_child_weight": 4526.1006193441435, "num_boost_round": 31.0, "subsample": 0.20489852079730103}, "datetime": {"datetime": "2024-01-20 15:19:49", "elapsed": 3357.256941, "delta": 0.003532}}
{"target": -19.14251606324199, "params": {"colsample_bytree": 0.656160033669101, "eta": 0.009513878611711653, "gamma": 513.7173175123418, "max_depth": 8.0, "min_child_weight": 4526.1006193441435, "num_boost_round": 32.0, "subsample": 0.20489852079730103}, "datetime": {"datetime": "2024-01-20 15:19:49", "elapsed": 3357.26021, "delta": 0.003269}}
{"target": -19.14248289690587, "params": {"colsample_bytree": 0.656160033669101, "eta": 0.009513878611711653, "gamma": 513.7173175123418, "max_depth": 8.0, "min_child_weight": 4526.1006193441435, "num_boost_round": 33.0, "subsample": 0.20489852079730103}, "datetime": {"datetime": "2024-01-20 15:19:49", "elapsed": 3357.263425, "delta": 0.003215}}
{"target": -19.142461863012528, "params": {"colsample_bytree": 0.656160033669101, "eta": 0.009513878611711653, "gamma": 513.7173175123418, "max_depth": 8.0, "min_child_weight": 4526.1006193441435, "num_boost_round": 34.0, "subsample": 0.20489852079730103}, "datetime": {"datetime": "2024-01-20 15:19:49", "elapsed": 3357.266602, "delta": 0.003177}}
