{"target": -12.35185478701749, "params": {"colsample_bytree": 0.9337311058538136, "eta": 0.007173001801313171, "gamma": 513.609974286563, "max_depth": 2.0, "min_child_weight": 4255.28035603068, "num_boost_round": 20.0, "subsample": 0.8123770737289695}, "datetime": {"datetime": "2024-01-20 15:39:19", "elapsed": 4525.586687, "delta": 0.005101}}
{"target": -12.351558452584786, "params": {"colsample_bytree": 0.9337311058538136, "eta": 0.007173001801313171, "gamma": 513.609974286563, "max_depth": 2.0, "min_child_weight": 4255.28035603068, "num_boost_round": 21.0, "subsample": 0.8123770737289695}, "datetime": {"datetime": "2024-01-20 15:39:19", "elapsed": 4525.591834, "delta": 0.005147}}
{"target": -12.351432695144888, "params": {"colsample_bytree": 0.9337311058538136, "eta": 0.007173001801313171, "gamma": 513.609974286563, "max_depth": 2.0, "min_child_weight": 4255.28035603068, "num_boost_round": 22.0, "subsample": 0.8123770737289695}, "datetime": {"datetime": "2024-01-20 15:39:19", "elapsed": 4525.60107, "delta": 0.009236}}
{"target": -12.351133207403738, "params": {"colsample_bytree": 0.9337311058538136, "eta": 0.007173001801313171, "gamma": 513.609974286563, "max_depth": 2.0, "min_child_weight": 4255.28035603068, "num_boost_round": 23.0, "subsample": 0.8123770737289695}, "datetime": {"datetime": "2024-01-20 15:39:19", "elapsed": 4525.606033, "delta": 0.004963}}
{"target": -12.350845965156399, "params": {"colsample_bytree": 0.9337311058538136, "eta": 0.007173001801313171, "gamma": 513.609974286563, "max_depth": 2.0, "min_child_weight": 4255.28035603068, "num_boost_round": 24.0, "subsample": 0.8123770737289695}, "datetime": {"datetime": "2024-01-20 15:39:19", "elapsed": 4525.610964, "delta": 0.004931}}
{"target": -12.350552413738333, "params": {"colsample_bytree": 0.9337311058538136, "eta": 0.007173001801313171, "gamma": 513.609974286563, "max_depth": 2.0, "min_child_weight": 4255.28035603068, "num_boost_round": 25.0, "subsample": 0.8123770737289695}, "datetime": {"datetime": "2024-01-20 15:39:19", "elapsed": 4525.615853, "delta": 0.004889}}
{"target": -12.350442052908987, "params": {"colsample_bytree": 0.9337311058538136, "eta": 0.007173001801313171, "gamma": 513.609974286563, "max_depth": 2.0, "min_child_weight": 4255.28035603068, "num_boost_round": 26.0, "subsample": 0.8123770737289695}, "datetime": {"datetime": "2024-01-20 15:39:19", "elapsed": 4525.621145, "delta": 0.005292}}
{"target": -12.350161256057131, "params": {"colsample_bytree": 0.9337311058538136, "eta": 0.007173001801313171, "gamma": 513.609974286563, "max_depth": 2.0, "min_child_weight": 4255.28035603068, "num_boost_round": 27.0, "subsample": 0.8123770737289695}, "datetime": {"datetime": "2024-01-20 15:39:19", "elapsed": 4525.62678, "delta": 0.005635}}
{"target": -12.349870311038416, "params": {"colsample_bytree": 0.9337311058538136, "eta": 0.007173001801313171, "gamma": 513.609974286563, "max_depth": 2.0, "min_child_weight": 4255.28035603068, "num_boost_round": 28.0, "subsample": 0.8123770737289695}, "datetime": {"datetime": "2024-01-20 15:39:19", "elapsed": 4525.632324, "delta": 0.005544}}
{"target": -12.349587526257023, "params": {"colsample_bytree": 0.9337311058538136, "eta": 0.007173001801313171, "gamma": 513.609974286563, "max_depth": 2.0, "min_child_weight": 4255.28035603068, "num_boost_round": 29.0, "subsample": 0.8123770737289695}, "datetime": {"datetime": "2024-01-20 15:39:19", "elapsed": 4525.637672, "delta": 0.005348}}
{"target": -12.349477158650824, "params": {"colsample_bytree": 0.9337311058538136, "eta": 0.007173001801313171, "gamma": 513.609974286563, "max_depth": 2.0, "min_child_weight": 4255.28035603068, "num_boost_round": 30.0, "subsample": 0.8123770737289695}, "datetime": {"datetime": "2024-01-20 15:39:19", "elapsed": 4525.642869, "delta": 0.005197}}
{"target": -12.349228925018272, "params": {"colsample_bytree": 0.9337311058538136, "eta": 0.007173001801313171, "gamma": 513.609974286563, "max_depth": 2.0, "min_child_weight": 4255.28035603068, "num_boost_round": 31.0, "subsample": 0.8123770737289695}, "datetime": {"datetime": "2024-01-20 15:39:19", "elapsed": 4525.647843, "delta": 0.004974}}
{"target": -12.348966682422272, "params": {"colsample_bytree": 0.9337311058538136, "eta": 0.007173001801313171, "gamma": 513.609974286563, "max_depth": 2.0, "min_child_weight": 4255.28035603068, "num_boost_round": 32.0, "subsample": 0.8123770737289695}, "datetime": {"datetime": "2024-01-20 15:39:19", "elapsed": 4525.652804, "delta": 0.004961}}
{"target": -12.348867243661772, "params": {"colsample_bytree": 0.9337311058538136, "eta": 0.007173001801313171, "gamma": 513.609974286563, "max_depth": 2.0, "min_child_weight": 4255.28035603068, "num_boost_round": 33.0, "subsample": 0.8123770737289695}, "datetime": {"datetime": "2024-01-20 15:39:19", "elapsed": 4525.658107, "delta": 0.005303}}
{"target": -12.34862816708085, "params": {"colsample_bytree": 0.9337311058538136, "eta": 0.007173001801313171, "gamma": 513.609974286563, "max_depth": 2.0, "min_child_weight": 4255.28035603068, "num_boost_round": 34.0, "subsample": 0.8123770737289695}, "datetime": {"datetime": "2024-01-20 15:39:19", "elapsed": 4525.663087, "delta": 0.00498}}
{"target": -12.348372845169724, "params": {"colsample_bytree": 0.9337311058538136, "eta": 0.007173001801313171, "gamma": 513.609974286563, "max_depth": 2.0, "min_child_weight": 4255.28035603068, "num_boost_round": 35.0, "subsample": 0.8123770737289695}, "datetime": {"datetime": "2024-01-20 15:39:19", "elapsed": 4525.667976, "delta": 0.004889}}
{"target": -12.348119927389543, "params": {"colsample_bytree": 0.9337311058538136, "eta": 0.007173001801313171, "gamma": 513.609974286563, "max_depth": 2.0, "min_child_weight": 4255.28035603068, "num_boost_round": 36.0, "subsample": 0.8123770737289695}, "datetime": {"datetime": "2024-01-20 15:39:19", "elapsed": 4525.672939, "delta": 0.004963}}
{"target": -12.356786398871229, "params": {"colsample_bytree": 0.5019796449587781, "eta": 0.06463439660175568, "gamma": 583.3747177269356, "max_depth": 4.0, "min_child_weight": 4137.7136691517035, "num_boost_round": 1.0, "subsample": 0.466474439636386}, "datetime": {"datetime": "2024-01-20 15:40:47", "elapsed": 4614.008387, "delta": 88.335448}}
{"target": -12.355219484963433, "params": {"colsample_bytree": 0.5019796449587781, "eta": 0.06463439660175568, "gamma": 583.3747177269356, "max_depth": 4.0, "min_child_weight": 4137.7136691517035, "num_boost_round": 2.0, "subsample": 0.466474439636386}, "datetime": {"datetime": "2024-01-20 15:40:47", "elapsed": 4614.016475, "delta": 0.008088}}
{"target": -12.352142894757293, "params": {"colsample_bytree": 0.5019796449587781, "eta": 0.06463439660175568, "gamma": 583.3747177269356, "max_depth": 4.0, "min_child_weight": 4137.7136691517035, "num_boost_round": 3.0, "subsample": 0.466474439636386}, "datetime": {"datetime": "2024-01-20 15:40:47", "elapsed": 4614.023077, "delta": 0.006602}}
{"target": -12.352571411641216, "params": {"colsample_bytree": 0.5019796449587781, "eta": 0.06463439660175568, "gamma": 583.3747177269356, "max_depth": 4.0, "min_child_weight": 4137.7136691517035, "num_boost_round": 4.0, "subsample": 0.466474439636386}, "datetime": {"datetime": "2024-01-20 15:40:47", "elapsed": 4614.028984, "delta": 0.005907}}
{"target": -12.349989596451222, "params": {"colsample_bytree": 0.5019796449587781, "eta": 0.06463439660175568, "gamma": 583.3747177269356, "max_depth": 4.0, "min_child_weight": 4137.7136691517035, "num_boost_round": 5.0, "subsample": 0.466474439636386}, "datetime": {"datetime": "2024-01-20 15:40:47", "elapsed": 4614.034818, "delta": 0.005834}}
{"target": -12.347846257578288, "params": {"colsample_bytree": 0.5019796449587781, "eta": 0.06463439660175568, "gamma": 583.3747177269356, "max_depth": 4.0, "min_child_weight": 4137.7136691517035, "num_boost_round": 6.0, "subsample": 0.466474439636386}, "datetime": {"datetime": "2024-01-20 15:40:47", "elapsed": 4614.04072, "delta": 0.005902}}
{"target": -12.347111801581075, "params": {"colsample_bytree": 0.5019796449587781, "eta": 0.06463439660175568, "gamma": 583.3747177269356, "max_depth": 4.0, "min_child_weight": 4137.7136691517035, "num_boost_round": 7.0, "subsample": 0.466474439636386}, "datetime": {"datetime": "2024-01-20 15:40:47", "elapsed": 4614.046564, "delta": 0.005844}}
{"target": -12.346173920232223, "params": {"colsample_bytree": 0.5019796449587781, "eta": 0.06463439660175568, "gamma": 583.3747177269356, "max_depth": 4.0, "min_child_weight": 4137.7136691517035, "num_boost_round": 8.0, "subsample": 0.466474439636386}, "datetime": {"datetime": "2024-01-20 15:40:47", "elapsed": 4614.052414, "delta": 0.00585}}
{"target": -12.346566524203986, "params": {"colsample_bytree": 0.5019796449587781, "eta": 0.06463439660175568, "gamma": 583.3747177269356, "max_depth": 4.0, "min_child_weight": 4137.7136691517035, "num_boost_round": 9.0, "subsample": 0.466474439636386}, "datetime": {"datetime": "2024-01-20 15:40:48", "elapsed": 4614.428018, "delta": 0.375604}}
{"target": -12.345145974744224, "params": {"colsample_bytree": 0.5019796449587781, "eta": 0.06463439660175568, "gamma": 583.3747177269356, "max_depth": 4.0, "min_child_weight": 4137.7136691517035, "num_boost_round": 10.0, "subsample": 0.466474439636386}, "datetime": {"datetime": "2024-01-20 15:40:48", "elapsed": 4614.4357, "delta": 0.007682}}
{"target": -12.344297211306527, "params": {"colsample_bytree": 0.5019796449587781, "eta": 0.06463439660175568, "gamma": 583.3747177269356, "max_depth": 4.0, "min_child_weight": 4137.7136691517035, "num_boost_round": 11.0, "subsample": 0.466474439636386}, "datetime": {"datetime": "2024-01-20 15:40:48", "elapsed": 4614.442263, "delta": 0.006563}}
{"target": -12.343625486648099, "params": {"colsample_bytree": 0.5019796449587781, "eta": 0.06463439660175568, "gamma": 583.3747177269356, "max_depth": 4.0, "min_child_weight": 4137.7136691517035, "num_boost_round": 12.0, "subsample": 0.466474439636386}, "datetime": {"datetime": "2024-01-20 15:40:48", "elapsed": 4614.448019, "delta": 0.005756}}
{"target": -12.344100718868738, "params": {"colsample_bytree": 0.5019796449587781, "eta": 0.06463439660175568, "gamma": 583.3747177269356, "max_depth": 4.0, "min_child_weight": 4137.7136691517035, "num_boost_round": 13.0, "subsample": 0.466474439636386}, "datetime": {"datetime": "2024-01-20 15:40:48", "elapsed": 4614.453738, "delta": 0.005719}}
{"target": -12.34361796796041, "params": {"colsample_bytree": 0.5019796449587781, "eta": 0.06463439660175568, "gamma": 583.3747177269356, "max_depth": 4.0, "min_child_weight": 4137.7136691517035, "num_boost_round": 14.0, "subsample": 0.466474439636386}, "datetime": {"datetime": "2024-01-20 15:40:48", "elapsed": 4614.459621, "delta": 0.005883}}
{"target": -12.3428970143299, "params": {"colsample_bytree": 0.5019796449587781, "eta": 0.06463439660175568, "gamma": 583.3747177269356, "max_depth": 4.0, "min_child_weight": 4137.7136691517035, "num_boost_round": 15.0, "subsample": 0.466474439636386}, "datetime": {"datetime": "2024-01-20 15:40:48", "elapsed": 4614.465748, "delta": 0.006127}}
{"target": -12.342602400830827, "params": {"colsample_bytree": 0.5019796449587781, "eta": 0.06463439660175568, "gamma": 583.3747177269356, "max_depth": 4.0, "min_child_weight": 4137.7136691517035, "num_boost_round": 16.0, "subsample": 0.466474439636386}, "datetime": {"datetime": "2024-01-20 15:40:48", "elapsed": 4614.471581, "delta": 0.005833}}
{"target": -12.342271773382766, "params": {"colsample_bytree": 0.5019796449587781, "eta": 0.06463439660175568, "gamma": 583.3747177269356, "max_depth": 4.0, "min_child_weight": 4137.7136691517035, "num_boost_round": 17.0, "subsample": 0.466474439636386}, "datetime": {"datetime": "2024-01-20 15:40:48", "elapsed": 4614.477558, "delta": 0.005977}}
{"target": -12.342255032183116, "params": {"colsample_bytree": 0.5019796449587781, "eta": 0.06463439660175568, "gamma": 583.3747177269356, "max_depth": 4.0, "min_child_weight": 4137.7136691517035, "num_boost_round": 18.0, "subsample": 0.466474439636386}, "datetime": {"datetime": "2024-01-20 15:40:48", "elapsed": 4614.483554, "delta": 0.005996}}
{"target": -12.342086422612862, "params": {"colsample_bytree": 0.5019796449587781, "eta": 0.06463439660175568, "gamma": 583.3747177269356, "max_depth": 4.0, "min_child_weight": 4137.7136691517035, "num_boost_round": 19.0, "subsample": 0.466474439636386}, "datetime": {"datetime": "2024-01-20 15:40:48", "elapsed": 4614.489624, "delta": 0.00607}}
{"target": -12.34201562531462, "params": {"colsample_bytree": 0.5019796449587781, "eta": 0.06463439660175568, "gamma": 583.3747177269356, "max_depth": 4.0, "min_child_weight": 4137.7136691517035, "num_boost_round": 20.0, "subsample": 0.466474439636386}, "datetime": {"datetime": "2024-01-20 15:40:48", "elapsed": 4614.495711, "delta": 0.006087}}
{"target": -12.342584900678599, "params": {"colsample_bytree": 0.5019796449587781, "eta": 0.06463439660175568, "gamma": 583.3747177269356, "max_depth": 4.0, "min_child_weight": 4137.7136691517035, "num_boost_round": 21.0, "subsample": 0.466474439636386}, "datetime": {"datetime": "2024-01-20 15:40:48", "elapsed": 4614.501975, "delta": 0.006264}}
{"target": -12.342885561913516, "params": {"colsample_bytree": 0.5019796449587781, "eta": 0.06463439660175568, "gamma": 583.3747177269356, "max_depth": 4.0, "min_child_weight": 4137.7136691517035, "num_boost_round": 22.0, "subsample": 0.466474439636386}, "datetime": {"datetime": "2024-01-20 15:40:48", "elapsed": 4614.509377, "delta": 0.007402}}
{"target": -12.342242393857841, "params": {"colsample_bytree": 0.5019796449587781, "eta": 0.06463439660175568, "gamma": 583.3747177269356, "max_depth": 4.0, "min_child_weight": 4137.7136691517035, "num_boost_round": 23.0, "subsample": 0.466474439636386}, "datetime": {"datetime": "2024-01-20 15:40:48", "elapsed": 4614.515386, "delta": 0.006009}}
{"target": -12.342619317696848, "params": {"colsample_bytree": 0.5019796449587781, "eta": 0.06463439660175568, "gamma": 583.3747177269356, "max_depth": 4.0, "min_child_weight": 4137.7136691517035, "num_boost_round": 24.0, "subsample": 0.466474439636386}, "datetime": {"datetime": "2024-01-20 15:40:48", "elapsed": 4614.521453, "delta": 0.006067}}
{"target": -12.342224741160232, "params": {"colsample_bytree": 0.5019796449587781, "eta": 0.06463439660175568, "gamma": 583.3747177269356, "max_depth": 4.0, "min_child_weight": 4137.7136691517035, "num_boost_round": 25.0, "subsample": 0.466474439636386}, "datetime": {"datetime": "2024-01-20 15:40:48", "elapsed": 4614.52755, "delta": 0.006097}}
{"target": -12.342143464043083, "params": {"colsample_bytree": 0.5019796449587781, "eta": 0.06463439660175568, "gamma": 583.3747177269356, "max_depth": 4.0, "min_child_weight": 4137.7136691517035, "num_boost_round": 26.0, "subsample": 0.466474439636386}, "datetime": {"datetime": "2024-01-20 15:40:48", "elapsed": 4614.533745, "delta": 0.006195}}
{"target": -12.342227374043691, "params": {"colsample_bytree": 0.5019796449587781, "eta": 0.06463439660175568, "gamma": 583.3747177269356, "max_depth": 4.0, "min_child_weight": 4137.7136691517035, "num_boost_round": 27.0, "subsample": 0.466474439636386}, "datetime": {"datetime": "2024-01-20 15:40:48", "elapsed": 4614.540248, "delta": 0.006503}}
{"target": -12.341375181686082, "params": {"colsample_bytree": 0.5019796449587781, "eta": 0.06463439660175568, "gamma": 583.3747177269356, "max_depth": 4.0, "min_child_weight": 4137.7136691517035, "num_boost_round": 28.0, "subsample": 0.466474439636386}, "datetime": {"datetime": "2024-01-20 15:40:48", "elapsed": 4614.546695, "delta": 0.006447}}
{"target": -12.341270610328877, "params": {"colsample_bytree": 0.5019796449587781, "eta": 0.06463439660175568, "gamma": 583.3747177269356, "max_depth": 4.0, "min_child_weight": 4137.7136691517035, "num_boost_round": 29.0, "subsample": 0.466474439636386}, "datetime": {"datetime": "2024-01-20 15:40:48", "elapsed": 4614.552712, "delta": 0.006017}}
{"target": -12.340831367232424, "params": {"colsample_bytree": 0.5019796449587781, "eta": 0.06463439660175568, "gamma": 583.3747177269356, "max_depth": 4.0, "min_child_weight": 4137.7136691517035, "num_boost_round": 30.0, "subsample": 0.466474439636386}, "datetime": {"datetime": "2024-01-20 15:40:48", "elapsed": 4614.558817, "delta": 0.006105}}
{"target": -12.340535511583617, "params": {"colsample_bytree": 0.5019796449587781, "eta": 0.06463439660175568, "gamma": 583.3747177269356, "max_depth": 4.0, "min_child_weight": 4137.7136691517035, "num_boost_round": 31.0, "subsample": 0.466474439636386}, "datetime": {"datetime": "2024-01-20 15:40:48", "elapsed": 4614.565047, "delta": 0.00623}}
{"target": -12.34094876134878, "params": {"colsample_bytree": 0.5019796449587781, "eta": 0.06463439660175568, "gamma": 583.3747177269356, "max_depth": 4.0, "min_child_weight": 4137.7136691517035, "num_boost_round": 32.0, "subsample": 0.466474439636386}, "datetime": {"datetime": "2024-01-20 15:40:48", "elapsed": 4614.571288, "delta": 0.006241}}
{"target": -12.341076177785448, "params": {"colsample_bytree": 0.5019796449587781, "eta": 0.06463439660175568, "gamma": 583.3747177269356, "max_depth": 4.0, "min_child_weight": 4137.7136691517035, "num_boost_round": 33.0, "subsample": 0.466474439636386}, "datetime": {"datetime": "2024-01-20 15:40:48", "elapsed": 4614.578555, "delta": 0.007267}}
{"target": -12.341041140390068, "params": {"colsample_bytree": 0.5019796449587781, "eta": 0.06463439660175568, "gamma": 583.3747177269356, "max_depth": 4.0, "min_child_weight": 4137.7136691517035, "num_boost_round": 34.0, "subsample": 0.466474439636386}, "datetime": {"datetime": "2024-01-20 15:40:48", "elapsed": 4614.585151, "delta": 0.006596}}
{"target": -12.340805942021987, "params": {"colsample_bytree": 0.5019796449587781, "eta": 0.06463439660175568, "gamma": 583.3747177269356, "max_depth": 4.0, "min_child_weight": 4137.7136691517035, "num_boost_round": 35.0, "subsample": 0.466474439636386}, "datetime": {"datetime": "2024-01-20 15:40:48", "elapsed": 4614.591057, "delta": 0.005906}}
{"target": -12.340607686094932, "params": {"colsample_bytree": 0.5019796449587781, "eta": 0.06463439660175568, "gamma": 583.3747177269356, "max_depth": 4.0, "min_child_weight": 4137.7136691517035, "num_boost_round": 36.0, "subsample": 0.466474439636386}, "datetime": {"datetime": "2024-01-20 15:40:48", "elapsed": 4614.596948, "delta": 0.005891}}
{"target": -12.34061535677668, "params": {"colsample_bytree": 0.5019796449587781, "eta": 0.06463439660175568, "gamma": 583.3747177269356, "max_depth": 4.0, "min_child_weight": 4137.7136691517035, "num_boost_round": 37.0, "subsample": 0.466474439636386}, "datetime": {"datetime": "2024-01-20 15:40:48", "elapsed": 4614.60306, "delta": 0.006112}}
{"target": -12.340704751402352, "params": {"colsample_bytree": 0.5019796449587781, "eta": 0.06463439660175568, "gamma": 583.3747177269356, "max_depth": 4.0, "min_child_weight": 4137.7136691517035, "num_boost_round": 38.0, "subsample": 0.466474439636386}, "datetime": {"datetime": "2024-01-20 15:40:48", "elapsed": 4614.609319, "delta": 0.006259}}
{"target": -12.340712240389927, "params": {"colsample_bytree": 0.5019796449587781, "eta": 0.06463439660175568, "gamma": 583.3747177269356, "max_depth": 4.0, "min_child_weight": 4137.7136691517035, "num_boost_round": 39.0, "subsample": 0.466474439636386}, "datetime": {"datetime": "2024-01-20 15:40:48", "elapsed": 4614.615798, "delta": 0.006479}}
{"target": -12.340718554767955, "params": {"colsample_bytree": 0.5019796449587781, "eta": 0.06463439660175568, "gamma": 583.3747177269356, "max_depth": 4.0, "min_child_weight": 4137.7136691517035, "num_boost_round": 40.0, "subsample": 0.466474439636386}, "datetime": {"datetime": "2024-01-20 15:40:48", "elapsed": 4614.622325, "delta": 0.006527}}
{"target": -12.340511219009056, "params": {"colsample_bytree": 0.5019796449587781, "eta": 0.06463439660175568, "gamma": 583.3747177269356, "max_depth": 4.0, "min_child_weight": 4137.7136691517035, "num_boost_round": 41.0, "subsample": 0.466474439636386}, "datetime": {"datetime": "2024-01-20 15:40:48", "elapsed": 4614.628439, "delta": 0.006114}}
{"target": -12.340806894214419, "params": {"colsample_bytree": 0.5019796449587781, "eta": 0.06463439660175568, "gamma": 583.3747177269356, "max_depth": 4.0, "min_child_weight": 4137.7136691517035, "num_boost_round": 42.0, "subsample": 0.466474439636386}, "datetime": {"datetime": "2024-01-20 15:40:48", "elapsed": 4614.63463, "delta": 0.006191}}
{"target": -12.35622501319681, "params": {"colsample_bytree": 0.33812860299072134, "eta": 0.08164472741171898, "gamma": 540.0030241269933, "max_depth": 3.0, "min_child_weight": 4210.329119844216, "num_boost_round": 1.0, "subsample": 0.32273025642721975}, "datetime": {"datetime": "2024-01-20 15:42:57", "elapsed": 4743.900448, "delta": 129.265818}}
{"target": -12.354478031254402, "params": {"colsample_bytree": 0.33812860299072134, "eta": 0.08164472741171898, "gamma": 540.0030241269933, "max_depth": 3.0, "min_child_weight": 4210.329119844216, "num_boost_round": 2.0, "subsample": 0.32273025642721975}, "datetime": {"datetime": "2024-01-20 15:42:57", "elapsed": 4743.906072, "delta": 0.005624}}
{"target": -12.35079704188223, "params": {"colsample_bytree": 0.33812860299072134, "eta": 0.08164472741171898, "gamma": 540.0030241269933, "max_depth": 3.0, "min_child_weight": 4210.329119844216, "num_boost_round": 3.0, "subsample": 0.32273025642721975}, "datetime": {"datetime": "2024-01-20 15:42:57", "elapsed": 4743.911242, "delta": 0.00517}}
{"target": -12.351181487768072, "params": {"colsample_bytree": 0.33812860299072134, "eta": 0.08164472741171898, "gamma": 540.0030241269933, "max_depth": 3.0, "min_child_weight": 4210.329119844216, "num_boost_round": 4.0, "subsample": 0.32273025642721975}, "datetime": {"datetime": "2024-01-20 15:42:57", "elapsed": 4743.916387, "delta": 0.005145}}
