{"target": -13.500325788857216, "params": {"colsample_bytree": 0.9958967214894011, "eta": 0.0674119691816974, "gamma": 700.7928080949722, "max_depth": 4.0, "min_child_weight": 4439.909539139052, "num_boost_round": 18.0, "subsample": 0.581062122546228}, "datetime": {"datetime": "2024-01-20 14:51:40", "elapsed": 1653.884226, "delta": 0.002543}}
{"target": -13.500410889680833, "params": {"colsample_bytree": 0.9958967214894011, "eta": 0.0674119691816974, "gamma": 700.7928080949722, "max_depth": 4.0, "min_child_weight": 4439.909539139052, "num_boost_round": 19.0, "subsample": 0.581062122546228}, "datetime": {"datetime": "2024-01-20 14:51:40", "elapsed": 1653.886751, "delta": 0.002525}}
{"target": -13.50059061300081, "params": {"colsample_bytree": 0.9958967214894011, "eta": 0.0674119691816974, "gamma": 700.7928080949722, "max_depth": 4.0, "min_child_weight": 4439.909539139052, "num_boost_round": 20.0, "subsample": 0.581062122546228}, "datetime": {"datetime": "2024-01-20 14:51:40", "elapsed": 1653.889324, "delta": 0.002573}}
{"target": -13.500795198415545, "params": {"colsample_bytree": 0.9958967214894011, "eta": 0.0674119691816974, "gamma": 700.7928080949722, "max_depth": 4.0, "min_child_weight": 4439.909539139052, "num_boost_round": 21.0, "subsample": 0.581062122546228}, "datetime": {"datetime": "2024-01-20 14:51:40", "elapsed": 1653.891967, "delta": 0.002643}}
{"target": -13.500715872443216, "params": {"colsample_bytree": 0.9958967214894011, "eta": 0.0674119691816974, "gamma": 700.7928080949722, "max_depth": 4.0, "min_child_weight": 4439.909539139052, "num_boost_round": 22.0, "subsample": 0.581062122546228}, "datetime": {"datetime": "2024-01-20 14:51:40", "elapsed": 1653.894512, "delta": 0.002545}}
{"target": -13.50069940853809, "params": {"colsample_bytree": 0.9958967214894011, "eta": 0.0674119691816974, "gamma": 700.7928080949722, "max_depth": 4.0, "min_child_weight": 4439.909539139052, "num_boost_round": 23.0, "subsample": 0.581062122546228}, "datetime": {"datetime": "2024-01-20 14:51:40", "elapsed": 1653.897114, "delta": 0.002602}}
{"target": -13.50064882616326, "params": {"colsample_bytree": 0.9958967214894011, "eta": 0.0674119691816974, "gamma": 700.7928080949722, "max_depth": 4.0, "min_child_weight": 4439.909539139052, "num_boost_round": 24.0, "subsample": 0.581062122546228}, "datetime": {"datetime": "2024-01-20 14:51:40", "elapsed": 1653.899655, "delta": 0.002541}}
{"target": -13.500595094527748, "params": {"colsample_bytree": 0.9958967214894011, "eta": 0.0674119691816974, "gamma": 700.7928080949722, "max_depth": 4.0, "min_child_weight": 4439.909539139052, "num_boost_round": 25.0, "subsample": 0.581062122546228}, "datetime": {"datetime": "2024-01-20 14:51:40", "elapsed": 1653.90219, "delta": 0.002535}}
{"target": -13.50074042898567, "params": {"colsample_bytree": 0.9958967214894011, "eta": 0.0674119691816974, "gamma": 700.7928080949722, "max_depth": 4.0, "min_child_weight": 4439.909539139052, "num_boost_round": 26.0, "subsample": 0.581062122546228}, "datetime": {"datetime": "2024-01-20 14:51:40", "elapsed": 1653.904738, "delta": 0.002548}}
{"target": -13.500876178649346, "params": {"colsample_bytree": 0.9958967214894011, "eta": 0.0674119691816974, "gamma": 700.7928080949722, "max_depth": 4.0, "min_child_weight": 4439.909539139052, "num_boost_round": 27.0, "subsample": 0.581062122546228}, "datetime": {"datetime": "2024-01-20 14:51:40", "elapsed": 1653.907334, "delta": 0.002596}}
{"target": -13.50080040557359, "params": {"colsample_bytree": 0.9958967214894011, "eta": 0.0674119691816974, "gamma": 700.7928080949722, "max_depth": 4.0, "min_child_weight": 4439.909539139052, "num_boost_round": 28.0, "subsample": 0.581062122546228}, "datetime": {"datetime": "2024-01-20 14:51:40", "elapsed": 1653.909887, "delta": 0.002553}}
{"target": -13.500701374821073, "params": {"colsample_bytree": 0.9958967214894011, "eta": 0.0674119691816974, "gamma": 700.7928080949722, "max_depth": 4.0, "min_child_weight": 4439.909539139052, "num_boost_round": 29.0, "subsample": 0.581062122546228}, "datetime": {"datetime": "2024-01-20 14:51:40", "elapsed": 1653.912581, "delta": 0.002694}}
{"target": -13.50062966689243, "params": {"colsample_bytree": 0.9958967214894011, "eta": 0.0674119691816974, "gamma": 700.7928080949722, "max_depth": 4.0, "min_child_weight": 4439.909539139052, "num_boost_round": 30.0, "subsample": 0.581062122546228}, "datetime": {"datetime": "2024-01-20 14:51:40", "elapsed": 1653.915224, "delta": 0.002643}}
{"target": -13.500582172156058, "params": {"colsample_bytree": 0.9958967214894011, "eta": 0.0674119691816974, "gamma": 700.7928080949722, "max_depth": 4.0, "min_child_weight": 4439.909539139052, "num_boost_round": 31.0, "subsample": 0.581062122546228}, "datetime": {"datetime": "2024-01-20 14:51:40", "elapsed": 1653.918061, "delta": 0.002837}}
{"target": -13.500617029074618, "params": {"colsample_bytree": 0.9958967214894011, "eta": 0.0674119691816974, "gamma": 700.7928080949722, "max_depth": 4.0, "min_child_weight": 4439.909539139052, "num_boost_round": 32.0, "subsample": 0.581062122546228}, "datetime": {"datetime": "2024-01-20 14:51:40", "elapsed": 1653.920818, "delta": 0.002757}}
{"target": -13.500718259435684, "params": {"colsample_bytree": 0.9958967214894011, "eta": 0.0674119691816974, "gamma": 700.7928080949722, "max_depth": 4.0, "min_child_weight": 4439.909539139052, "num_boost_round": 33.0, "subsample": 0.581062122546228}, "datetime": {"datetime": "2024-01-20 14:51:40", "elapsed": 1653.923398, "delta": 0.00258}}
{"target": -13.50074176139325, "params": {"colsample_bytree": 0.9958967214894011, "eta": 0.0674119691816974, "gamma": 700.7928080949722, "max_depth": 4.0, "min_child_weight": 4439.909539139052, "num_boost_round": 34.0, "subsample": 0.581062122546228}, "datetime": {"datetime": "2024-01-20 14:51:40", "elapsed": 1653.925987, "delta": 0.002589}}
{"target": -13.500589907658778, "params": {"colsample_bytree": 0.9958967214894011, "eta": 0.0674119691816974, "gamma": 700.7928080949722, "max_depth": 4.0, "min_child_weight": 4439.909539139052, "num_boost_round": 35.0, "subsample": 0.581062122546228}, "datetime": {"datetime": "2024-01-20 14:51:40", "elapsed": 1653.928574, "delta": 0.002587}}
{"target": -13.49706363733384, "params": {"colsample_bytree": 0.8818063129508098, "eta": 0.09700212488783004, "gamma": 637.9110934409808, "max_depth": 9.0, "min_child_weight": 4449.046459218062, "num_boost_round": 1.0, "subsample": 0.4937730814145941}, "datetime": {"datetime": "2024-01-20 14:52:40", "elapsed": 1714.226239, "delta": 60.297665}}
{"target": -13.496607981978844, "params": {"colsample_bytree": 0.8818063129508098, "eta": 0.09700212488783004, "gamma": 637.9110934409808, "max_depth": 9.0, "min_child_weight": 4449.046459218062, "num_boost_round": 2.0, "subsample": 0.4937730814145941}, "datetime": {"datetime": "2024-01-20 14:52:40", "elapsed": 1714.229731, "delta": 0.003492}}
{"target": -13.496759532675972, "params": {"colsample_bytree": 0.8818063129508098, "eta": 0.09700212488783004, "gamma": 637.9110934409808, "max_depth": 9.0, "min_child_weight": 4449.046459218062, "num_boost_round": 3.0, "subsample": 0.4937730814145941}, "datetime": {"datetime": "2024-01-20 14:52:40", "elapsed": 1714.232572, "delta": 0.002841}}
{"target": -13.496665696610428, "params": {"colsample_bytree": 0.8818063129508098, "eta": 0.09700212488783004, "gamma": 637.9110934409808, "max_depth": 9.0, "min_child_weight": 4449.046459218062, "num_boost_round": 4.0, "subsample": 0.4937730814145941}, "datetime": {"datetime": "2024-01-20 14:52:40", "elapsed": 1714.235411, "delta": 0.002839}}
{"target": -13.49691965963206, "params": {"colsample_bytree": 0.8818063129508098, "eta": 0.09700212488783004, "gamma": 637.9110934409808, "max_depth": 9.0, "min_child_weight": 4449.046459218062, "num_boost_round": 5.0, "subsample": 0.4937730814145941}, "datetime": {"datetime": "2024-01-20 14:52:40", "elapsed": 1714.238189, "delta": 0.002778}}
{"target": -13.497270175428733, "params": {"colsample_bytree": 0.8818063129508098, "eta": 0.09700212488783004, "gamma": 637.9110934409808, "max_depth": 9.0, "min_child_weight": 4449.046459218062, "num_boost_round": 6.0, "subsample": 0.4937730814145941}, "datetime": {"datetime": "2024-01-20 14:52:40", "elapsed": 1714.240971, "delta": 0.002782}}
{"target": -13.497690811413815, "params": {"colsample_bytree": 0.8818063129508098, "eta": 0.09700212488783004, "gamma": 637.9110934409808, "max_depth": 9.0, "min_child_weight": 4449.046459218062, "num_boost_round": 7.0, "subsample": 0.4937730814145941}, "datetime": {"datetime": "2024-01-20 14:52:40", "elapsed": 1714.2436, "delta": 0.002629}}
{"target": -13.497886588837478, "params": {"colsample_bytree": 0.8818063129508098, "eta": 0.09700212488783004, "gamma": 637.9110934409808, "max_depth": 9.0, "min_child_weight": 4449.046459218062, "num_boost_round": 8.0, "subsample": 0.4937730814145941}, "datetime": {"datetime": "2024-01-20 14:52:40", "elapsed": 1714.246251, "delta": 0.002651}}
{"target": -13.498208008861113, "params": {"colsample_bytree": 0.8818063129508098, "eta": 0.09700212488783004, "gamma": 637.9110934409808, "max_depth": 9.0, "min_child_weight": 4449.046459218062, "num_boost_round": 9.0, "subsample": 0.4937730814145941}, "datetime": {"datetime": "2024-01-20 14:52:40", "elapsed": 1714.248889, "delta": 0.002638}}
{"target": -13.499039263253216, "params": {"colsample_bytree": 0.8818063129508098, "eta": 0.09700212488783004, "gamma": 637.9110934409808, "max_depth": 9.0, "min_child_weight": 4449.046459218062, "num_boost_round": 10.0, "subsample": 0.4937730814145941}, "datetime": {"datetime": "2024-01-20 14:52:40", "elapsed": 1714.251527, "delta": 0.002638}}
{"target": -13.49974557846268, "params": {"colsample_bytree": 0.8818063129508098, "eta": 0.09700212488783004, "gamma": 637.9110934409808, "max_depth": 9.0, "min_child_weight": 4449.046459218062, "num_boost_round": 11.0, "subsample": 0.4937730814145941}, "datetime": {"datetime": "2024-01-20 14:52:40", "elapsed": 1714.254271, "delta": 0.002744}}
{"target": -13.49995417768623, "params": {"colsample_bytree": 0.8818063129508098, "eta": 0.09700212488783004, "gamma": 637.9110934409808, "max_depth": 9.0, "min_child_weight": 4449.046459218062, "num_boost_round": 12.0, "subsample": 0.4937730814145941}, "datetime": {"datetime": "2024-01-20 14:52:40", "elapsed": 1714.256972, "delta": 0.002701}}
{"target": -13.50069696312029, "params": {"colsample_bytree": 0.8818063129508098, "eta": 0.09700212488783004, "gamma": 637.9110934409808, "max_depth": 9.0, "min_child_weight": 4449.046459218062, "num_boost_round": 13.0, "subsample": 0.4937730814145941}, "datetime": {"datetime": "2024-01-20 14:52:40", "elapsed": 1714.259655, "delta": 0.002683}}
{"target": -13.500427314693802, "params": {"colsample_bytree": 0.8818063129508098, "eta": 0.09700212488783004, "gamma": 637.9110934409808, "max_depth": 9.0, "min_child_weight": 4449.046459218062, "num_boost_round": 14.0, "subsample": 0.4937730814145941}, "datetime": {"datetime": "2024-01-20 14:52:40", "elapsed": 1714.262325, "delta": 0.00267}}
{"target": -13.501187156887367, "params": {"colsample_bytree": 0.8818063129508098, "eta": 0.09700212488783004, "gamma": 637.9110934409808, "max_depth": 9.0, "min_child_weight": 4449.046459218062, "num_boost_round": 15.0, "subsample": 0.4937730814145941}, "datetime": {"datetime": "2024-01-20 14:52:40", "elapsed": 1714.264962, "delta": 0.002637}}
{"target": -13.501350791173628, "params": {"colsample_bytree": 0.8818063129508098, "eta": 0.09700212488783004, "gamma": 637.9110934409808, "max_depth": 9.0, "min_child_weight": 4449.046459218062, "num_boost_round": 16.0, "subsample": 0.4937730814145941}, "datetime": {"datetime": "2024-01-20 14:52:40", "elapsed": 1714.267613, "delta": 0.002651}}
{"target": -13.502004071536131, "params": {"colsample_bytree": 0.8818063129508098, "eta": 0.09700212488783004, "gamma": 637.9110934409808, "max_depth": 9.0, "min_child_weight": 4449.046459218062, "num_boost_round": 17.0, "subsample": 0.4937730814145941}, "datetime": {"datetime": "2024-01-20 14:52:40", "elapsed": 1714.270258, "delta": 0.002645}}
{"target": -13.502443027184597, "params": {"colsample_bytree": 0.8818063129508098, "eta": 0.09700212488783004, "gamma": 637.9110934409808, "max_depth": 9.0, "min_child_weight": 4449.046459218062, "num_boost_round": 18.0, "subsample": 0.4937730814145941}, "datetime": {"datetime": "2024-01-20 14:52:40", "elapsed": 1714.273047, "delta": 0.002789}}
{"target": -13.502954888566485, "params": {"colsample_bytree": 0.8818063129508098, "eta": 0.09700212488783004, "gamma": 637.9110934409808, "max_depth": 9.0, "min_child_weight": 4449.046459218062, "num_boost_round": 19.0, "subsample": 0.4937730814145941}, "datetime": {"datetime": "2024-01-20 14:52:40", "elapsed": 1714.275764, "delta": 0.002717}}
{"target": -13.503816055784728, "params": {"colsample_bytree": 0.8818063129508098, "eta": 0.09700212488783004, "gamma": 637.9110934409808, "max_depth": 9.0, "min_child_weight": 4449.046459218062, "num_boost_round": 20.0, "subsample": 0.4937730814145941}, "datetime": {"datetime": "2024-01-20 14:52:40", "elapsed": 1714.278421, "delta": 0.002657}}
{"target": -13.50483832522524, "params": {"colsample_bytree": 0.8818063129508098, "eta": 0.09700212488783004, "gamma": 637.9110934409808, "max_depth": 9.0, "min_child_weight": 4449.046459218062, "num_boost_round": 21.0, "subsample": 0.4937730814145941}, "datetime": {"datetime": "2024-01-20 14:52:40", "elapsed": 1714.281073, "delta": 0.002652}}
{"target": -13.505231562871131, "params": {"colsample_bytree": 0.8818063129508098, "eta": 0.09700212488783004, "gamma": 637.9110934409808, "max_depth": 9.0, "min_child_weight": 4449.046459218062, "num_boost_round": 22.0, "subsample": 0.4937730814145941}, "datetime": {"datetime": "2024-01-20 14:52:40", "elapsed": 1714.283736, "delta": 0.002663}}
{"target": -13.505717012248098, "params": {"colsample_bytree": 0.8818063129508098, "eta": 0.09700212488783004, "gamma": 637.9110934409808, "max_depth": 9.0, "min_child_weight": 4449.046459218062, "num_boost_round": 23.0, "subsample": 0.4937730814145941}, "datetime": {"datetime": "2024-01-20 14:52:40", "elapsed": 1714.286384, "delta": 0.002648}}
{"target": -13.505720367686212, "params": {"colsample_bytree": 0.8818063129508098, "eta": 0.09700212488783004, "gamma": 637.9110934409808, "max_depth": 9.0, "min_child_weight": 4449.046459218062, "num_boost_round": 24.0, "subsample": 0.4937730814145941}, "datetime": {"datetime": "2024-01-20 14:52:40", "elapsed": 1714.28903, "delta": 0.002646}}
{"target": -13.505950957038007, "params": {"colsample_bytree": 0.8818063129508098, "eta": 0.09700212488783004, "gamma": 637.9110934409808, "max_depth": 9.0, "min_child_weight": 4449.046459218062, "num_boost_round": 25.0, "subsample": 0.4937730814145941}, "datetime": {"datetime": "2024-01-20 14:52:40", "elapsed": 1714.291809, "delta": 0.002779}}
{"target": -13.50604247637034, "params": {"colsample_bytree": 0.8818063129508098, "eta": 0.09700212488783004, "gamma": 637.9110934409808, "max_depth": 9.0, "min_child_weight": 4449.046459218062, "num_boost_round": 26.0, "subsample": 0.4937730814145941}, "datetime": {"datetime": "2024-01-20 14:52:40", "elapsed": 1714.294515, "delta": 0.002706}}
{"target": -13.506511512179223, "params": {"colsample_bytree": 0.8818063129508098, "eta": 0.09700212488783004, "gamma": 637.9110934409808, "max_depth": 9.0, "min_child_weight": 4449.046459218062, "num_boost_round": 27.0, "subsample": 0.4937730814145941}, "datetime": {"datetime": "2024-01-20 14:52:40", "elapsed": 1714.297213, "delta": 0.002698}}
{"target": -13.507007433006278, "params": {"colsample_bytree": 0.8818063129508098, "eta": 0.09700212488783004, "gamma": 637.9110934409808, "max_depth": 9.0, "min_child_weight": 4449.046459218062, "num_boost_round": 28.0, "subsample": 0.4937730814145941}, "datetime": {"datetime": "2024-01-20 14:52:40", "elapsed": 1714.299861, "delta": 0.002648}}
{"target": -13.507146358118234, "params": {"colsample_bytree": 0.8818063129508098, "eta": 0.09700212488783004, "gamma": 637.9110934409808, "max_depth": 9.0, "min_child_weight": 4449.046459218062, "num_boost_round": 29.0, "subsample": 0.4937730814145941}, "datetime": {"datetime": "2024-01-20 14:52:40", "elapsed": 1714.30251, "delta": 0.002649}}
{"target": -13.507395097495845, "params": {"colsample_bytree": 0.8818063129508098, "eta": 0.09700212488783004, "gamma": 637.9110934409808, "max_depth": 9.0, "min_child_weight": 4449.046459218062, "num_boost_round": 30.0, "subsample": 0.4937730814145941}, "datetime": {"datetime": "2024-01-20 14:52:40", "elapsed": 1714.305172, "delta": 0.002662}}
{"target": -13.508187191792711, "params": {"colsample_bytree": 0.8818063129508098, "eta": 0.09700212488783004, "gamma": 637.9110934409808, "max_depth": 9.0, "min_child_weight": 4449.046459218062, "num_boost_round": 31.0, "subsample": 0.4937730814145941}, "datetime": {"datetime": "2024-01-20 14:52:40", "elapsed": 1714.307827, "delta": 0.002655}}
{"target": -13.50855394421857, "params": {"colsample_bytree": 0.8818063129508098, "eta": 0.09700212488783004, "gamma": 637.9110934409808, "max_depth": 9.0, "min_child_weight": 4449.046459218062, "num_boost_round": 32.0, "subsample": 0.4937730814145941}, "datetime": {"datetime": "2024-01-20 14:52:40", "elapsed": 1714.310489, "delta": 0.002662}}
{"target": -13.508559698797995, "params": {"colsample_bytree": 0.8818063129508098, "eta": 0.09700212488783004, "gamma": 637.9110934409808, "max_depth": 9.0, "min_child_weight": 4449.046459218062, "num_boost_round": 33.0, "subsample": 0.4937730814145941}, "datetime": {"datetime": "2024-01-20 14:52:40", "elapsed": 1714.313284, "delta": 0.002795}}
{"target": -13.508859954229264, "params": {"colsample_bytree": 0.8818063129508098, "eta": 0.09700212488783004, "gamma": 637.9110934409808, "max_depth": 9.0, "min_child_weight": 4449.046459218062, "num_boost_round": 34.0, "subsample": 0.4937730814145941}, "datetime": {"datetime": "2024-01-20 14:52:40", "elapsed": 1714.316078, "delta": 0.002794}}
{"target": -13.50890143540336, "params": {"colsample_bytree": 0.8818063129508098, "eta": 0.09700212488783004, "gamma": 637.9110934409808, "max_depth": 9.0, "min_child_weight": 4449.046459218062, "num_boost_round": 35.0, "subsample": 0.4937730814145941}, "datetime": {"datetime": "2024-01-20 14:52:40", "elapsed": 1714.318784, "delta": 0.002706}}
{"target": -13.509418778379995, "params": {"colsample_bytree": 0.8818063129508098, "eta": 0.09700212488783004, "gamma": 637.9110934409808, "max_depth": 9.0, "min_child_weight": 4449.046459218062, "num_boost_round": 36.0, "subsample": 0.4937730814145941}, "datetime": {"datetime": "2024-01-20 14:52:40", "elapsed": 1714.321564, "delta": 0.00278}}
{"target": -13.509923653209654, "params": {"colsample_bytree": 0.8818063129508098, "eta": 0.09700212488783004, "gamma": 637.9110934409808, "max_depth": 9.0, "min_child_weight": 4449.046459218062, "num_boost_round": 37.0, "subsample": 0.4937730814145941}, "datetime": {"datetime": "2024-01-20 14:52:40", "elapsed": 1714.324324, "delta": 0.00276}}
{"target": -13.51007626441042, "params": {"colsample_bytree": 0.8818063129508098, "eta": 0.09700212488783004, "gamma": 637.9110934409808, "max_depth": 9.0, "min_child_weight": 4449.046459218062, "num_boost_round": 38.0, "subsample": 0.4937730814145941}, "datetime": {"datetime": "2024-01-20 14:52:40", "elapsed": 1714.327052, "delta": 0.002728}}
{"target": -13.51037226146757, "params": {"colsample_bytree": 0.8818063129508098, "eta": 0.09700212488783004, "gamma": 637.9110934409808, "max_depth": 9.0, "min_child_weight": 4449.046459218062, "num_boost_round": 39.0, "subsample": 0.4937730814145941}, "datetime": {"datetime": "2024-01-20 14:52:40", "elapsed": 1714.32976, "delta": 0.002708}}
{"target": -13.510617382287101, "params": {"colsample_bytree": 0.8818063129508098, "eta": 0.09700212488783004, "gamma": 637.9110934409808, "max_depth": 9.0, "min_child_weight": 4449.046459218062, "num_boost_round": 40.0, "subsample": 0.4937730814145941}, "datetime": {"datetime": "2024-01-20 14:52:40", "elapsed": 1714.332651, "delta": 0.002891}}
{"target": -13.510863246244918, "params": {"colsample_bytree": 0.8818063129508098, "eta": 0.09700212488783004, "gamma": 637.9110934409808, "max_depth": 9.0, "min_child_weight": 4449.046459218062, "num_boost_round": 41.0, "subsample": 0.4937730814145941}, "datetime": {"datetime": "2024-01-20 14:52:40", "elapsed": 1714.335547, "delta": 0.002896}}
{"target": -13.511268239793147, "params": {"colsample_bytree": 0.8818063129508098, "eta": 0.09700212488783004, "gamma": 637.9110934409808, "max_depth": 9.0, "min_child_weight": 4449.046459218062, "num_boost_round": 42.0, "subsample": 0.4937730814145941}, "datetime": {"datetime": "2024-01-20 14:52:40", "elapsed": 1714.33836, "delta": 0.002813}}
{"target": -13.497463704850166, "params": {"colsample_bytree": 0.502896317926326, "eta": 0.04977467545777071, "gamma": 646.9511731590387, "max_depth": 8.0, "min_child_weight": 4379.876336134047, "num_boost_round": 1.0, "subsample": 0.40673257629500226}, "datetime": {"datetime": "2024-01-20 14:53:48", "elapsed": 1782.361171, "delta": 68.022811}}
{"target": -13.49704625108209, "params": {"colsample_bytree": 0.502896317926326, "eta": 0.04977467545777071, "gamma": 646.9511731590387, "max_depth": 8.0, "min_child_weight": 4379.876336134047, "num_boost_round": 2.0, "subsample": 0.40673257629500226}, "datetime": {"datetime": "2024-01-20 14:53:48", "elapsed": 1782.364565, "delta": 0.003394}}
{"target": -13.496961278242443, "params": {"colsample_bytree": 0.502896317926326, "eta": 0.04977467545777071, "gamma": 646.9511731590387, "max_depth": 8.0, "min_child_weight": 4379.876336134047, "num_boost_round": 3.0, "subsample": 0.40673257629500226}, "datetime": {"datetime": "2024-01-20 14:53:48", "elapsed": 1782.367227, "delta": 0.002662}}
