{"target": -13.402564145552788, "params": {"colsample_bytree": 0.12410215327593008, "eta": 0.05015215657496887, "gamma": 259.20952441404233, "max_depth": 8.0, "min_child_weight": 3286.5819089306983, "num_boost_round": 21.0, "subsample": 0.9258051654778536}, "datetime": {"datetime": "2024-01-20 16:26:19", "elapsed": 7314.33567, "delta": 0.004416}}
{"target": -13.402409247122364, "params": {"colsample_bytree": 0.12410215327593008, "eta": 0.05015215657496887, "gamma": 259.20952441404233, "max_depth": 8.0, "min_child_weight": 3286.5819089306983, "num_boost_round": 22.0, "subsample": 0.9258051654778536}, "datetime": {"datetime": "2024-01-20 16:26:19", "elapsed": 7314.340082, "delta": 0.004412}}
{"target": -13.402709531047028, "params": {"colsample_bytree": 0.12410215327593008, "eta": 0.05015215657496887, "gamma": 259.20952441404233, "max_depth": 8.0, "min_child_weight": 3286.5819089306983, "num_boost_round": 23.0, "subsample": 0.9258051654778536}, "datetime": {"datetime": "2024-01-20 16:26:19", "elapsed": 7314.344571, "delta": 0.004489}}
{"target": -13.403498765888063, "params": {"colsample_bytree": 0.12410215327593008, "eta": 0.05015215657496887, "gamma": 259.20952441404233, "max_depth": 8.0, "min_child_weight": 3286.5819089306983, "num_boost_round": 24.0, "subsample": 0.9258051654778536}, "datetime": {"datetime": "2024-01-20 16:26:19", "elapsed": 7314.349248, "delta": 0.004677}}
{"target": -13.404011421068814, "params": {"colsample_bytree": 0.12410215327593008, "eta": 0.05015215657496887, "gamma": 259.20952441404233, "max_depth": 8.0, "min_child_weight": 3286.5819089306983, "num_boost_round": 25.0, "subsample": 0.9258051654778536}, "datetime": {"datetime": "2024-01-20 16:26:19", "elapsed": 7314.353681, "delta": 0.004433}}
{"target": -13.404141337196693, "params": {"colsample_bytree": 0.12410215327593008, "eta": 0.05015215657496887, "gamma": 259.20952441404233, "max_depth": 8.0, "min_child_weight": 3286.5819089306983, "num_boost_round": 26.0, "subsample": 0.9258051654778536}, "datetime": {"datetime": "2024-01-20 16:26:19", "elapsed": 7314.359226, "delta": 0.005545}}
{"target": -13.398438126736341, "params": {"colsample_bytree": 0.5406814148177839, "eta": 0.08696685200833199, "gamma": 64.9786410995421, "max_depth": 3.0, "min_child_weight": 3301.379765740699, "num_boost_round": 1.0, "subsample": 0.7606859024516716}, "datetime": {"datetime": "2024-01-20 16:27:04", "elapsed": 7358.817408, "delta": 44.458182}}
{"target": -13.398946560485932, "params": {"colsample_bytree": 0.5406814148177839, "eta": 0.08696685200833199, "gamma": 64.9786410995421, "max_depth": 3.0, "min_child_weight": 3301.379765740699, "num_boost_round": 2.0, "subsample": 0.7606859024516716}, "datetime": {"datetime": "2024-01-20 16:27:04", "elapsed": 7358.822997, "delta": 0.005589}}
{"target": -13.398782822754661, "params": {"colsample_bytree": 0.5406814148177839, "eta": 0.08696685200833199, "gamma": 64.9786410995421, "max_depth": 3.0, "min_child_weight": 3301.379765740699, "num_boost_round": 3.0, "subsample": 0.7606859024516716}, "datetime": {"datetime": "2024-01-20 16:27:04", "elapsed": 7358.827611, "delta": 0.004614}}
{"target": -13.40000354771868, "params": {"colsample_bytree": 0.5406814148177839, "eta": 0.08696685200833199, "gamma": 64.9786410995421, "max_depth": 3.0, "min_child_weight": 3301.379765740699, "num_boost_round": 4.0, "subsample": 0.7606859024516716}, "datetime": {"datetime": "2024-01-20 16:27:04", "elapsed": 7358.83191, "delta": 0.004299}}
{"target": -13.400774370706738, "params": {"colsample_bytree": 0.5406814148177839, "eta": 0.08696685200833199, "gamma": 64.9786410995421, "max_depth": 3.0, "min_child_weight": 3301.379765740699, "num_boost_round": 5.0, "subsample": 0.7606859024516716}, "datetime": {"datetime": "2024-01-20 16:27:04", "elapsed": 7358.836613, "delta": 0.004703}}
{"target": -13.397713691332946, "params": {"colsample_bytree": 0.600176266904636, "eta": 0.06835152076986843, "gamma": 453.13322405162046, "max_depth": 9.0, "min_child_weight": 3228.0203537859734, "num_boost_round": 1.0, "subsample": 0.6582651194974118}, "datetime": {"datetime": "2024-01-20 16:27:48", "elapsed": 7403.387144, "delta": 44.550531}}
{"target": -13.39733362680115, "params": {"colsample_bytree": 0.600176266904636, "eta": 0.06835152076986843, "gamma": 453.13322405162046, "max_depth": 9.0, "min_child_weight": 3228.0203537859734, "num_boost_round": 2.0, "subsample": 0.6582651194974118}, "datetime": {"datetime": "2024-01-20 16:27:48", "elapsed": 7403.392961, "delta": 0.005817}}
{"target": -13.397294546650555, "params": {"colsample_bytree": 0.600176266904636, "eta": 0.06835152076986843, "gamma": 453.13322405162046, "max_depth": 9.0, "min_child_weight": 3228.0203537859734, "num_boost_round": 3.0, "subsample": 0.6582651194974118}, "datetime": {"datetime": "2024-01-20 16:27:48", "elapsed": 7403.397351, "delta": 0.00439}}
{"target": -13.39803863683689, "params": {"colsample_bytree": 0.600176266904636, "eta": 0.06835152076986843, "gamma": 453.13322405162046, "max_depth": 9.0, "min_child_weight": 3228.0203537859734, "num_boost_round": 4.0, "subsample": 0.6582651194974118}, "datetime": {"datetime": "2024-01-20 16:27:48", "elapsed": 7403.401662, "delta": 0.004311}}
{"target": -13.398409811578212, "params": {"colsample_bytree": 0.600176266904636, "eta": 0.06835152076986843, "gamma": 453.13322405162046, "max_depth": 9.0, "min_child_weight": 3228.0203537859734, "num_boost_round": 5.0, "subsample": 0.6582651194974118}, "datetime": {"datetime": "2024-01-20 16:27:48", "elapsed": 7403.419097, "delta": 0.017435}}
{"target": -13.399599953050634, "params": {"colsample_bytree": 0.600176266904636, "eta": 0.06835152076986843, "gamma": 453.13322405162046, "max_depth": 9.0, "min_child_weight": 3228.0203537859734, "num_boost_round": 6.0, "subsample": 0.6582651194974118}, "datetime": {"datetime": "2024-01-20 16:27:48", "elapsed": 7403.423324, "delta": 0.004227}}
{"target": -13.40105444300885, "params": {"colsample_bytree": 0.600176266904636, "eta": 0.06835152076986843, "gamma": 453.13322405162046, "max_depth": 9.0, "min_child_weight": 3228.0203537859734, "num_boost_round": 7.0, "subsample": 0.6582651194974118}, "datetime": {"datetime": "2024-01-20 16:27:48", "elapsed": 7403.427813, "delta": 0.004489}}
{"target": -13.40206912828761, "params": {"colsample_bytree": 0.600176266904636, "eta": 0.06835152076986843, "gamma": 453.13322405162046, "max_depth": 9.0, "min_child_weight": 3228.0203537859734, "num_boost_round": 8.0, "subsample": 0.6582651194974118}, "datetime": {"datetime": "2024-01-20 16:27:48", "elapsed": 7403.432028, "delta": 0.004215}}
{"target": -13.402868758309188, "params": {"colsample_bytree": 0.600176266904636, "eta": 0.06835152076986843, "gamma": 453.13322405162046, "max_depth": 9.0, "min_child_weight": 3228.0203537859734, "num_boost_round": 9.0, "subsample": 0.6582651194974118}, "datetime": {"datetime": "2024-01-20 16:27:48", "elapsed": 7403.436401, "delta": 0.004373}}
{"target": -13.404155385822065, "params": {"colsample_bytree": 0.600176266904636, "eta": 0.06835152076986843, "gamma": 453.13322405162046, "max_depth": 9.0, "min_child_weight": 3228.0203537859734, "num_boost_round": 10.0, "subsample": 0.6582651194974118}, "datetime": {"datetime": "2024-01-20 16:27:48", "elapsed": 7403.440529, "delta": 0.004128}}
{"target": -13.405471877951554, "params": {"colsample_bytree": 0.600176266904636, "eta": 0.06835152076986843, "gamma": 453.13322405162046, "max_depth": 9.0, "min_child_weight": 3228.0203537859734, "num_boost_round": 11.0, "subsample": 0.6582651194974118}, "datetime": {"datetime": "2024-01-20 16:27:48", "elapsed": 7403.445489, "delta": 0.00496}}
{"target": -13.397433470816736, "params": {"colsample_bytree": 0.854628036141151, "eta": 0.0834378028061219, "gamma": 548.9734848343089, "max_depth": 5.0, "min_child_weight": 4090.9936929590667, "num_boost_round": 1.0, "subsample": 0.35402053808142453}, "datetime": {"datetime": "2024-01-20 16:29:06", "elapsed": 7481.153825, "delta": 77.708336}}
{"target": -13.396887775328011, "params": {"colsample_bytree": 0.854628036141151, "eta": 0.0834378028061219, "gamma": 548.9734848343089, "max_depth": 5.0, "min_child_weight": 4090.9936929590667, "num_boost_round": 2.0, "subsample": 0.35402053808142453}, "datetime": {"datetime": "2024-01-20 16:29:06", "elapsed": 7481.160617, "delta": 0.006792}}
{"target": -13.396859145639816, "params": {"colsample_bytree": 0.854628036141151, "eta": 0.0834378028061219, "gamma": 548.9734848343089, "max_depth": 5.0, "min_child_weight": 4090.9936929590667, "num_boost_round": 3.0, "subsample": 0.35402053808142453}, "datetime": {"datetime": "2024-01-20 16:29:06", "elapsed": 7481.165186, "delta": 0.004569}}
{"target": -13.396580874589654, "params": {"colsample_bytree": 0.854628036141151, "eta": 0.0834378028061219, "gamma": 548.9734848343089, "max_depth": 5.0, "min_child_weight": 4090.9936929590667, "num_boost_round": 4.0, "subsample": 0.35402053808142453}, "datetime": {"datetime": "2024-01-20 16:29:06", "elapsed": 7481.169864, "delta": 0.004678}}
{"target": -13.397091736175451, "params": {"colsample_bytree": 0.854628036141151, "eta": 0.0834378028061219, "gamma": 548.9734848343089, "max_depth": 5.0, "min_child_weight": 4090.9936929590667, "num_boost_round": 5.0, "subsample": 0.35402053808142453}, "datetime": {"datetime": "2024-01-20 16:29:06", "elapsed": 7481.174619, "delta": 0.004755}}
{"target": -13.397502354301862, "params": {"colsample_bytree": 0.854628036141151, "eta": 0.0834378028061219, "gamma": 548.9734848343089, "max_depth": 5.0, "min_child_weight": 4090.9936929590667, "num_boost_round": 6.0, "subsample": 0.35402053808142453}, "datetime": {"datetime": "2024-01-20 16:29:06", "elapsed": 7481.179063, "delta": 0.004444}}
{"target": -13.398067802528399, "params": {"colsample_bytree": 0.854628036141151, "eta": 0.0834378028061219, "gamma": 548.9734848343089, "max_depth": 5.0, "min_child_weight": 4090.9936929590667, "num_boost_round": 7.0, "subsample": 0.35402053808142453}, "datetime": {"datetime": "2024-01-20 16:29:06", "elapsed": 7481.183329, "delta": 0.004266}}
{"target": -13.399013779514112, "params": {"colsample_bytree": 0.854628036141151, "eta": 0.0834378028061219, "gamma": 548.9734848343089, "max_depth": 5.0, "min_child_weight": 4090.9936929590667, "num_boost_round": 8.0, "subsample": 0.35402053808142453}, "datetime": {"datetime": "2024-01-20 16:29:06", "elapsed": 7481.187981, "delta": 0.004652}}
{"target": -13.397781934622396, "params": {"colsample_bytree": 0.39406542954099244, "eta": 0.041773141523721115, "gamma": 790.5192145270354, "max_depth": 5.0, "min_child_weight": 3431.03515503883, "num_boost_round": 1.0, "subsample": 0.6611045325909912}, "datetime": {"datetime": "2024-01-20 16:29:44", "elapsed": 7519.392776, "delta": 38.204795}}
{"target": -13.39790327630885, "params": {"colsample_bytree": 0.39406542954099244, "eta": 0.041773141523721115, "gamma": 790.5192145270354, "max_depth": 5.0, "min_child_weight": 3431.03515503883, "num_boost_round": 2.0, "subsample": 0.6611045325909912}, "datetime": {"datetime": "2024-01-20 16:29:44", "elapsed": 7519.399325, "delta": 0.006549}}
{"target": -13.397855336176494, "params": {"colsample_bytree": 0.39406542954099244, "eta": 0.041773141523721115, "gamma": 790.5192145270354, "max_depth": 5.0, "min_child_weight": 3431.03515503883, "num_boost_round": 3.0, "subsample": 0.6611045325909912}, "datetime": {"datetime": "2024-01-20 16:29:44", "elapsed": 7519.404063, "delta": 0.004738}}
{"target": -13.397667367968413, "params": {"colsample_bytree": 0.4529190966348985, "eta": 0.02761133497249954, "gamma": 955.7476502865183, "max_depth": 9.0, "min_child_weight": 3446.534212019668, "num_boost_round": 1.0, "subsample": 0.8383024375980991}, "datetime": {"datetime": "2024-01-20 16:30:55", "elapsed": 7590.441674, "delta": 71.037611}}
{"target": -13.39748805989786, "params": {"colsample_bytree": 0.4529190966348985, "eta": 0.02761133497249954, "gamma": 955.7476502865183, "max_depth": 9.0, "min_child_weight": 3446.534212019668, "num_boost_round": 2.0, "subsample": 0.8383024375980991}, "datetime": {"datetime": "2024-01-20 16:30:55", "elapsed": 7590.446266, "delta": 0.004592}}
{"target": -13.39739516607995, "params": {"colsample_bytree": 0.4529190966348985, "eta": 0.02761133497249954, "gamma": 955.7476502865183, "max_depth": 9.0, "min_child_weight": 3446.534212019668, "num_boost_round": 3.0, "subsample": 0.8383024375980991}, "datetime": {"datetime": "2024-01-20 16:30:55", "elapsed": 7590.450678, "delta": 0.004412}}
{"target": -13.39732264376477, "params": {"colsample_bytree": 0.4529190966348985, "eta": 0.02761133497249954, "gamma": 955.7476502865183, "max_depth": 9.0, "min_child_weight": 3446.534212019668, "num_boost_round": 4.0, "subsample": 0.8383024375980991}, "datetime": {"datetime": "2024-01-20 16:30:55", "elapsed": 7590.454914, "delta": 0.004236}}
{"target": -13.39748622025536, "params": {"colsample_bytree": 0.4529190966348985, "eta": 0.02761133497249954, "gamma": 955.7476502865183, "max_depth": 9.0, "min_child_weight": 3446.534212019668, "num_boost_round": 5.0, "subsample": 0.8383024375980991}, "datetime": {"datetime": "2024-01-20 16:30:55", "elapsed": 7590.459368, "delta": 0.004454}}
{"target": -13.3976526538375, "params": {"colsample_bytree": 0.4529190966348985, "eta": 0.02761133497249954, "gamma": 955.7476502865183, "max_depth": 9.0, "min_child_weight": 3446.534212019668, "num_boost_round": 6.0, "subsample": 0.8383024375980991}, "datetime": {"datetime": "2024-01-20 16:30:55", "elapsed": 7590.464134, "delta": 0.004766}}
{"target": -13.39774003938998, "params": {"colsample_bytree": 0.5712948131531178, "eta": 0.010801919711398591, "gamma": 981.8755425359284, "max_depth": 5.0, "min_child_weight": 4511.553826606877, "num_boost_round": 1.0, "subsample": 0.5525567821433262}, "datetime": {"datetime": "2024-01-20 16:32:01", "elapsed": 7656.595883, "delta": 66.131749}}
{"target": -13.397664896468306, "params": {"colsample_bytree": 0.5712948131531178, "eta": 0.010801919711398591, "gamma": 981.8755425359284, "max_depth": 5.0, "min_child_weight": 4511.553826606877, "num_boost_round": 2.0, "subsample": 0.5525567821433262}, "datetime": {"datetime": "2024-01-20 16:32:01", "elapsed": 7656.601877, "delta": 0.005994}}
{"target": -13.397647983861027, "params": {"colsample_bytree": 0.5712948131531178, "eta": 0.010801919711398591, "gamma": 981.8755425359284, "max_depth": 5.0, "min_child_weight": 4511.553826606877, "num_boost_round": 3.0, "subsample": 0.5525567821433262}, "datetime": {"datetime": "2024-01-20 16:32:01", "elapsed": 7656.606389, "delta": 0.004512}}
{"target": -13.397644593138573, "params": {"colsample_bytree": 0.5712948131531178, "eta": 0.010801919711398591, "gamma": 981.8755425359284, "max_depth": 5.0, "min_child_weight": 4511.553826606877, "num_boost_round": 4.0, "subsample": 0.5525567821433262}, "datetime": {"datetime": "2024-01-20 16:32:01", "elapsed": 7656.610644, "delta": 0.004255}}
{"target": -13.397557683369833, "params": {"colsample_bytree": 0.5712948131531178, "eta": 0.010801919711398591, "gamma": 981.8755425359284, "max_depth": 5.0, "min_child_weight": 4511.553826606877, "num_boost_round": 5.0, "subsample": 0.5525567821433262}, "datetime": {"datetime": "2024-01-20 16:32:01", "elapsed": 7656.615589, "delta": 0.004945}}
{"target": -13.397541274662126, "params": {"colsample_bytree": 0.5712948131531178, "eta": 0.010801919711398591, "gamma": 981.8755425359284, "max_depth": 5.0, "min_child_weight": 4511.553826606877, "num_boost_round": 6.0, "subsample": 0.5525567821433262}, "datetime": {"datetime": "2024-01-20 16:32:01", "elapsed": 7656.62041, "delta": 0.004821}}
{"target": -13.39764661595706, "params": {"colsample_bytree": 0.5712948131531178, "eta": 0.010801919711398591, "gamma": 981.8755425359284, "max_depth": 5.0, "min_child_weight": 4511.553826606877, "num_boost_round": 7.0, "subsample": 0.5525567821433262}, "datetime": {"datetime": "2024-01-20 16:32:01", "elapsed": 7656.62484, "delta": 0.00443}}
{"target": -13.397690462134253, "params": {"colsample_bytree": 0.5712948131531178, "eta": 0.010801919711398591, "gamma": 981.8755425359284, "max_depth": 5.0, "min_child_weight": 4511.553826606877, "num_boost_round": 8.0, "subsample": 0.5525567821433262}, "datetime": {"datetime": "2024-01-20 16:32:01", "elapsed": 7656.629213, "delta": 0.004373}}
{"target": -13.397737121872819, "params": {"colsample_bytree": 0.5712948131531178, "eta": 0.010801919711398591, "gamma": 981.8755425359284, "max_depth": 5.0, "min_child_weight": 4511.553826606877, "num_boost_round": 9.0, "subsample": 0.5525567821433262}, "datetime": {"datetime": "2024-01-20 16:32:01", "elapsed": 7656.63356, "delta": 0.004347}}
{"target": -13.39769297587414, "params": {"colsample_bytree": 0.5712948131531178, "eta": 0.010801919711398591, "gamma": 981.8755425359284, "max_depth": 5.0, "min_child_weight": 4511.553826606877, "num_boost_round": 10.0, "subsample": 0.5525567821433262}, "datetime": {"datetime": "2024-01-20 16:32:01", "elapsed": 7656.637927, "delta": 0.004367}}
{"target": -13.39771148157606, "params": {"colsample_bytree": 0.5712948131531178, "eta": 0.010801919711398591, "gamma": 981.8755425359284, "max_depth": 5.0, "min_child_weight": 4511.553826606877, "num_boost_round": 11.0, "subsample": 0.5525567821433262}, "datetime": {"datetime": "2024-01-20 16:32:01", "elapsed": 7656.64226, "delta": 0.004333}}
{"target": -13.39769186949659, "params": {"colsample_bytree": 0.5712948131531178, "eta": 0.010801919711398591, "gamma": 981.8755425359284, "max_depth": 5.0, "min_child_weight": 4511.553826606877, "num_boost_round": 12.0, "subsample": 0.5525567821433262}, "datetime": {"datetime": "2024-01-20 16:32:02", "elapsed": 7656.679908, "delta": 0.037648}}
{"target": -13.397678894524567, "params": {"colsample_bytree": 0.5712948131531178, "eta": 0.010801919711398591, "gamma": 981.8755425359284, "max_depth": 5.0, "min_child_weight": 4511.553826606877, "num_boost_round": 13.0, "subsample": 0.5525567821433262}, "datetime": {"datetime": "2024-01-20 16:32:02", "elapsed": 7656.684544, "delta": 0.004636}}
{"target": -13.397636566404888, "params": {"colsample_bytree": 0.5712948131531178, "eta": 0.010801919711398591, "gamma": 981.8755425359284, "max_depth": 5.0, "min_child_weight": 4511.553826606877, "num_boost_round": 14.0, "subsample": 0.5525567821433262}, "datetime": {"datetime": "2024-01-20 16:32:02", "elapsed": 7656.689075, "delta": 0.004531}}
{"target": -13.397693861834577, "params": {"colsample_bytree": 0.5712948131531178, "eta": 0.010801919711398591, "gamma": 981.8755425359284, "max_depth": 5.0, "min_child_weight": 4511.553826606877, "num_boost_round": 15.0, "subsample": 0.5525567821433262}, "datetime": {"datetime": "2024-01-20 16:32:02", "elapsed": 7656.69352, "delta": 0.004445}}
{"target": -13.397631184863588, "params": {"colsample_bytree": 0.5712948131531178, "eta": 0.010801919711398591, "gamma": 981.8755425359284, "max_depth": 5.0, "min_child_weight": 4511.553826606877, "num_boost_round": 16.0, "subsample": 0.5525567821433262}, "datetime": {"datetime": "2024-01-20 16:32:02", "elapsed": 7656.697938, "delta": 0.004418}}
{"target": -13.397597443362113, "params": {"colsample_bytree": 0.5712948131531178, "eta": 0.010801919711398591, "gamma": 981.8755425359284, "max_depth": 5.0, "min_child_weight": 4511.553826606877, "num_boost_round": 17.0, "subsample": 0.5525567821433262}, "datetime": {"datetime": "2024-01-20 16:32:02", "elapsed": 7656.702302, "delta": 0.004364}}
{"target": -13.397666534754066, "params": {"colsample_bytree": 0.5712948131531178, "eta": 0.010801919711398591, "gamma": 981.8755425359284, "max_depth": 5.0, "min_child_weight": 4511.553826606877, "num_boost_round": 18.0, "subsample": 0.5525567821433262}, "datetime": {"datetime": "2024-01-20 16:32:02", "elapsed": 7656.707055, "delta": 0.004753}}
{"target": -13.397698129232044, "params": {"colsample_bytree": 0.5712948131531178, "eta": 0.010801919711398591, "gamma": 981.8755425359284, "max_depth": 5.0, "min_child_weight": 4511.553826606877, "num_boost_round": 19.0, "subsample": 0.5525567821433262}, "datetime": {"datetime": "2024-01-20 16:32:02", "elapsed": 7656.711773, "delta": 0.004718}}
{"target": -13.397667708227674, "params": {"colsample_bytree": 0.5712948131531178, "eta": 0.010801919711398591, "gamma": 981.8755425359284, "max_depth": 5.0, "min_child_weight": 4511.553826606877, "num_boost_round": 20.0, "subsample": 0.5525567821433262}, "datetime": {"datetime": "2024-01-20 16:32:02", "elapsed": 7656.716013, "delta": 0.00424}}
{"target": -13.397630814229771, "params": {"colsample_bytree": 0.5712948131531178, "eta": 0.010801919711398591, "gamma": 981.8755425359284, "max_depth": 5.0, "min_child_weight": 4511.553826606877, "num_boost_round": 21.0, "subsample": 0.5525567821433262}, "datetime": {"datetime": "2024-01-20 16:32:02", "elapsed": 7656.720208, "delta": 0.004195}}
{"target": -13.397608600687683, "params": {"colsample_bytree": 0.5712948131531178, "eta": 0.010801919711398591, "gamma": 981.8755425359284, "max_depth": 5.0, "min_child_weight": 4511.553826606877, "num_boost_round": 22.0, "subsample": 0.5525567821433262}, "datetime": {"datetime": "2024-01-20 16:32:02", "elapsed": 7656.724413, "delta": 0.004205}}
{"target": -13.397659549215438, "params": {"colsample_bytree": 0.5712948131531178, "eta": 0.010801919711398591, "gamma": 981.8755425359284, "max_depth": 5.0, "min_child_weight": 4511.553826606877, "num_boost_round": 23.0, "subsample": 0.5525567821433262}, "datetime": {"datetime": "2024-01-20 16:32:02", "elapsed": 7656.728825, "delta": 0.004412}}
{"target": -13.397705447315417, "params": {"colsample_bytree": 0.5712948131531178, "eta": 0.010801919711398591, "gamma": 981.8755425359284, "max_depth": 5.0, "min_child_weight": 4511.553826606877, "num_boost_round": 24.0, "subsample": 0.5525567821433262}, "datetime": {"datetime": "2024-01-20 16:32:02", "elapsed": 7656.738617, "delta": 0.009792}}
