{"target": -19.148875157506588, "params": {"colsample_bytree": 0.6089404543308977, "eta": 0.016062771368473346, "gamma": 988.7443000301739, "max_depth": 7.0, "min_child_weight": 4270.471013246247, "num_boost_round": 63.0, "subsample": 0.505898720766173}, "datetime": {"datetime": "2024-01-20 17:23:31", "elapsed": 10779.47194, "delta": 0.006547}}
{"target": -19.14908799333987, "params": {"colsample_bytree": 0.6089404543308977, "eta": 0.016062771368473346, "gamma": 988.7443000301739, "max_depth": 7.0, "min_child_weight": 4270.471013246247, "num_boost_round": 64.0, "subsample": 0.505898720766173}, "datetime": {"datetime": "2024-01-20 17:23:31", "elapsed": 10779.478426, "delta": 0.006486}}
{"target": -19.14391377642466, "params": {"colsample_bytree": 0.3982317754815681, "eta": 0.07599017826129507, "gamma": 51.355611608709275, "max_depth": 4.0, "min_child_weight": 4648.3952639718555, "num_boost_round": 1.0, "subsample": 0.5493246218985779}, "datetime": {"datetime": "2024-01-20 17:27:06", "elapsed": 10994.334528, "delta": 214.856102}}
{"target": -19.144264440342926, "params": {"colsample_bytree": 0.3982317754815681, "eta": 0.07599017826129507, "gamma": 51.355611608709275, "max_depth": 4.0, "min_child_weight": 4648.3952639718555, "num_boost_round": 2.0, "subsample": 0.5493246218985779}, "datetime": {"datetime": "2024-01-20 17:27:06", "elapsed": 10994.353887, "delta": 0.019359}}
{"target": -19.144036288909746, "params": {"colsample_bytree": 0.3982317754815681, "eta": 0.07599017826129507, "gamma": 51.355611608709275, "max_depth": 4.0, "min_child_weight": 4648.3952639718555, "num_boost_round": 3.0, "subsample": 0.5493246218985779}, "datetime": {"datetime": "2024-01-20 17:27:06", "elapsed": 10994.36051, "delta": 0.006623}}
{"target": -19.1437061531347, "params": {"colsample_bytree": 0.3982317754815681, "eta": 0.07599017826129507, "gamma": 51.355611608709275, "max_depth": 4.0, "min_child_weight": 4648.3952639718555, "num_boost_round": 4.0, "subsample": 0.5493246218985779}, "datetime": {"datetime": "2024-01-20 17:27:06", "elapsed": 10994.366992, "delta": 0.006482}}
{"target": -19.144168738274395, "params": {"colsample_bytree": 0.3982317754815681, "eta": 0.07599017826129507, "gamma": 51.355611608709275, "max_depth": 4.0, "min_child_weight": 4648.3952639718555, "num_boost_round": 5.0, "subsample": 0.5493246218985779}, "datetime": {"datetime": "2024-01-20 17:27:06", "elapsed": 10994.37342, "delta": 0.006428}}
{"target": -19.143445922709397, "params": {"colsample_bytree": 0.3982317754815681, "eta": 0.07599017826129507, "gamma": 51.355611608709275, "max_depth": 4.0, "min_child_weight": 4648.3952639718555, "num_boost_round": 6.0, "subsample": 0.5493246218985779}, "datetime": {"datetime": "2024-01-20 17:27:06", "elapsed": 10994.380104, "delta": 0.006684}}
{"target": -19.143968899454098, "params": {"colsample_bytree": 0.3982317754815681, "eta": 0.07599017826129507, "gamma": 51.355611608709275, "max_depth": 4.0, "min_child_weight": 4648.3952639718555, "num_boost_round": 7.0, "subsample": 0.5493246218985779}, "datetime": {"datetime": "2024-01-20 17:27:06", "elapsed": 10994.387854, "delta": 0.00775}}
{"target": -19.143578267168948, "params": {"colsample_bytree": 0.506347310071865, "eta": 0.057206686933320754, "gamma": 40.8649408707723, "max_depth": 7.0, "min_child_weight": 4727.406356216379, "num_boost_round": 1.0, "subsample": 0.6078994809046351}, "datetime": {"datetime": "2024-01-20 17:30:17", "elapsed": 11185.093775, "delta": 190.705921}}
{"target": -19.143662292834676, "params": {"colsample_bytree": 0.506347310071865, "eta": 0.057206686933320754, "gamma": 40.8649408707723, "max_depth": 7.0, "min_child_weight": 4727.406356216379, "num_boost_round": 2.0, "subsample": 0.6078994809046351}, "datetime": {"datetime": "2024-01-20 17:30:17", "elapsed": 11185.116189, "delta": 0.022414}}
{"target": -19.143836079005972, "params": {"colsample_bytree": 0.506347310071865, "eta": 0.057206686933320754, "gamma": 40.8649408707723, "max_depth": 7.0, "min_child_weight": 4727.406356216379, "num_boost_round": 3.0, "subsample": 0.6078994809046351}, "datetime": {"datetime": "2024-01-20 17:30:17", "elapsed": 11185.125259, "delta": 0.00907}}
{"target": -19.14324615621947, "params": {"colsample_bytree": 0.506347310071865, "eta": 0.057206686933320754, "gamma": 40.8649408707723, "max_depth": 7.0, "min_child_weight": 4727.406356216379, "num_boost_round": 4.0, "subsample": 0.6078994809046351}, "datetime": {"datetime": "2024-01-20 17:30:17", "elapsed": 11185.135202, "delta": 0.009943}}
{"target": -19.143533080087746, "params": {"colsample_bytree": 0.506347310071865, "eta": 0.057206686933320754, "gamma": 40.8649408707723, "max_depth": 7.0, "min_child_weight": 4727.406356216379, "num_boost_round": 5.0, "subsample": 0.6078994809046351}, "datetime": {"datetime": "2024-01-20 17:30:17", "elapsed": 11185.14477, "delta": 0.009568}}
{"target": -19.143056576687716, "params": {"colsample_bytree": 0.506347310071865, "eta": 0.057206686933320754, "gamma": 40.8649408707723, "max_depth": 7.0, "min_child_weight": 4727.406356216379, "num_boost_round": 6.0, "subsample": 0.6078994809046351}, "datetime": {"datetime": "2024-01-20 17:30:17", "elapsed": 11185.154047, "delta": 0.009277}}
{"target": -19.143208501892005, "params": {"colsample_bytree": 0.506347310071865, "eta": 0.057206686933320754, "gamma": 40.8649408707723, "max_depth": 7.0, "min_child_weight": 4727.406356216379, "num_boost_round": 7.0, "subsample": 0.6078994809046351}, "datetime": {"datetime": "2024-01-20 17:30:17", "elapsed": 11185.163432, "delta": 0.009385}}
{"target": -19.143711618335985, "params": {"colsample_bytree": 0.506347310071865, "eta": 0.057206686933320754, "gamma": 40.8649408707723, "max_depth": 7.0, "min_child_weight": 4727.406356216379, "num_boost_round": 8.0, "subsample": 0.6078994809046351}, "datetime": {"datetime": "2024-01-20 17:30:17", "elapsed": 11185.172953, "delta": 0.009521}}
{"target": -19.143761855247263, "params": {"colsample_bytree": 0.506347310071865, "eta": 0.057206686933320754, "gamma": 40.8649408707723, "max_depth": 7.0, "min_child_weight": 4727.406356216379, "num_boost_round": 9.0, "subsample": 0.6078994809046351}, "datetime": {"datetime": "2024-01-20 17:30:17", "elapsed": 11185.182211, "delta": 0.009258}}
{"target": -19.14409485076792, "params": {"colsample_bytree": 0.506347310071865, "eta": 0.057206686933320754, "gamma": 40.8649408707723, "max_depth": 7.0, "min_child_weight": 4727.406356216379, "num_boost_round": 10.0, "subsample": 0.6078994809046351}, "datetime": {"datetime": "2024-01-20 17:30:17", "elapsed": 11185.191122, "delta": 0.008911}}
{"target": -19.14419111893737, "params": {"colsample_bytree": 0.506347310071865, "eta": 0.057206686933320754, "gamma": 40.8649408707723, "max_depth": 7.0, "min_child_weight": 4727.406356216379, "num_boost_round": 11.0, "subsample": 0.6078994809046351}, "datetime": {"datetime": "2024-01-20 17:30:17", "elapsed": 11185.200541, "delta": 0.009419}}
{"target": -19.14436885676338, "params": {"colsample_bytree": 0.506347310071865, "eta": 0.057206686933320754, "gamma": 40.8649408707723, "max_depth": 7.0, "min_child_weight": 4727.406356216379, "num_boost_round": 12.0, "subsample": 0.6078994809046351}, "datetime": {"datetime": "2024-01-20 17:30:17", "elapsed": 11185.224548, "delta": 0.024007}}
{"target": -19.145107315677627, "params": {"colsample_bytree": 0.506347310071865, "eta": 0.057206686933320754, "gamma": 40.8649408707723, "max_depth": 7.0, "min_child_weight": 4727.406356216379, "num_boost_round": 13.0, "subsample": 0.6078994809046351}, "datetime": {"datetime": "2024-01-20 17:30:17", "elapsed": 11185.233891, "delta": 0.009343}}
{"target": -19.145873652185323, "params": {"colsample_bytree": 0.506347310071865, "eta": 0.057206686933320754, "gamma": 40.8649408707723, "max_depth": 7.0, "min_child_weight": 4727.406356216379, "num_boost_round": 14.0, "subsample": 0.6078994809046351}, "datetime": {"datetime": "2024-01-20 17:30:17", "elapsed": 11185.243161, "delta": 0.00927}}
{"target": -19.146932806664722, "params": {"colsample_bytree": 0.506347310071865, "eta": 0.057206686933320754, "gamma": 40.8649408707723, "max_depth": 7.0, "min_child_weight": 4727.406356216379, "num_boost_round": 15.0, "subsample": 0.6078994809046351}, "datetime": {"datetime": "2024-01-20 17:30:17", "elapsed": 11185.252589, "delta": 0.009428}}
{"target": -19.14703662034418, "params": {"colsample_bytree": 0.506347310071865, "eta": 0.057206686933320754, "gamma": 40.8649408707723, "max_depth": 7.0, "min_child_weight": 4727.406356216379, "num_boost_round": 16.0, "subsample": 0.6078994809046351}, "datetime": {"datetime": "2024-01-20 17:30:17", "elapsed": 11185.262581, "delta": 0.009992}}
{"target": -19.1474596363163, "params": {"colsample_bytree": 0.506347310071865, "eta": 0.057206686933320754, "gamma": 40.8649408707723, "max_depth": 7.0, "min_child_weight": 4727.406356216379, "num_boost_round": 17.0, "subsample": 0.6078994809046351}, "datetime": {"datetime": "2024-01-20 17:30:17", "elapsed": 11185.272258, "delta": 0.009677}}
{"target": -19.148313321037193, "params": {"colsample_bytree": 0.506347310071865, "eta": 0.057206686933320754, "gamma": 40.8649408707723, "max_depth": 7.0, "min_child_weight": 4727.406356216379, "num_boost_round": 18.0, "subsample": 0.6078994809046351}, "datetime": {"datetime": "2024-01-20 17:30:17", "elapsed": 11185.281561, "delta": 0.009303}}
{"target": -19.148582961663898, "params": {"colsample_bytree": 0.506347310071865, "eta": 0.057206686933320754, "gamma": 40.8649408707723, "max_depth": 7.0, "min_child_weight": 4727.406356216379, "num_boost_round": 19.0, "subsample": 0.6078994809046351}, "datetime": {"datetime": "2024-01-20 17:30:17", "elapsed": 11185.290387, "delta": 0.008826}}
{"target": -19.148757904784645, "params": {"colsample_bytree": 0.506347310071865, "eta": 0.057206686933320754, "gamma": 40.8649408707723, "max_depth": 7.0, "min_child_weight": 4727.406356216379, "num_boost_round": 20.0, "subsample": 0.6078994809046351}, "datetime": {"datetime": "2024-01-20 17:30:17", "elapsed": 11185.300211, "delta": 0.009824}}
{"target": -19.14977306959531, "params": {"colsample_bytree": 0.506347310071865, "eta": 0.057206686933320754, "gamma": 40.8649408707723, "max_depth": 7.0, "min_child_weight": 4727.406356216379, "num_boost_round": 21.0, "subsample": 0.6078994809046351}, "datetime": {"datetime": "2024-01-20 17:30:17", "elapsed": 11185.308968, "delta": 0.008757}}
{"target": -19.15049316145282, "params": {"colsample_bytree": 0.506347310071865, "eta": 0.057206686933320754, "gamma": 40.8649408707723, "max_depth": 7.0, "min_child_weight": 4727.406356216379, "num_boost_round": 22.0, "subsample": 0.6078994809046351}, "datetime": {"datetime": "2024-01-20 17:30:17", "elapsed": 11185.318148, "delta": 0.00918}}
{"target": -19.15058975094779, "params": {"colsample_bytree": 0.506347310071865, "eta": 0.057206686933320754, "gamma": 40.8649408707723, "max_depth": 7.0, "min_child_weight": 4727.406356216379, "num_boost_round": 23.0, "subsample": 0.6078994809046351}, "datetime": {"datetime": "2024-01-20 17:30:17", "elapsed": 11185.327887, "delta": 0.009739}}
{"target": -19.151229291962444, "params": {"colsample_bytree": 0.506347310071865, "eta": 0.057206686933320754, "gamma": 40.8649408707723, "max_depth": 7.0, "min_child_weight": 4727.406356216379, "num_boost_round": 24.0, "subsample": 0.6078994809046351}, "datetime": {"datetime": "2024-01-20 17:30:17", "elapsed": 11185.337291, "delta": 0.009404}}
{"target": -19.151901507041707, "params": {"colsample_bytree": 0.506347310071865, "eta": 0.057206686933320754, "gamma": 40.8649408707723, "max_depth": 7.0, "min_child_weight": 4727.406356216379, "num_boost_round": 25.0, "subsample": 0.6078994809046351}, "datetime": {"datetime": "2024-01-20 17:30:17", "elapsed": 11185.346451, "delta": 0.00916}}
{"target": -19.152157116851605, "params": {"colsample_bytree": 0.506347310071865, "eta": 0.057206686933320754, "gamma": 40.8649408707723, "max_depth": 7.0, "min_child_weight": 4727.406356216379, "num_boost_round": 26.0, "subsample": 0.6078994809046351}, "datetime": {"datetime": "2024-01-20 17:30:17", "elapsed": 11185.35605, "delta": 0.009599}}
{"target": -19.153303207537657, "params": {"colsample_bytree": 0.506347310071865, "eta": 0.057206686933320754, "gamma": 40.8649408707723, "max_depth": 7.0, "min_child_weight": 4727.406356216379, "num_boost_round": 27.0, "subsample": 0.6078994809046351}, "datetime": {"datetime": "2024-01-20 17:30:17", "elapsed": 11185.365296, "delta": 0.009246}}
{"target": -19.153563486528384, "params": {"colsample_bytree": 0.506347310071865, "eta": 0.057206686933320754, "gamma": 40.8649408707723, "max_depth": 7.0, "min_child_weight": 4727.406356216379, "num_boost_round": 28.0, "subsample": 0.6078994809046351}, "datetime": {"datetime": "2024-01-20 17:30:17", "elapsed": 11185.37504, "delta": 0.009744}}
{"target": -19.153516178932882, "params": {"colsample_bytree": 0.506347310071865, "eta": 0.057206686933320754, "gamma": 40.8649408707723, "max_depth": 7.0, "min_child_weight": 4727.406356216379, "num_boost_round": 29.0, "subsample": 0.6078994809046351}, "datetime": {"datetime": "2024-01-20 17:30:17", "elapsed": 11185.384259, "delta": 0.009219}}
{"target": -19.15382554751723, "params": {"colsample_bytree": 0.506347310071865, "eta": 0.057206686933320754, "gamma": 40.8649408707723, "max_depth": 7.0, "min_child_weight": 4727.406356216379, "num_boost_round": 30.0, "subsample": 0.6078994809046351}, "datetime": {"datetime": "2024-01-20 17:30:17", "elapsed": 11185.393305, "delta": 0.009046}}
{"target": -19.154625630126056, "params": {"colsample_bytree": 0.506347310071865, "eta": 0.057206686933320754, "gamma": 40.8649408707723, "max_depth": 7.0, "min_child_weight": 4727.406356216379, "num_boost_round": 31.0, "subsample": 0.6078994809046351}, "datetime": {"datetime": "2024-01-20 17:30:17", "elapsed": 11185.402346, "delta": 0.009041}}
{"target": -19.155181809266367, "params": {"colsample_bytree": 0.506347310071865, "eta": 0.057206686933320754, "gamma": 40.8649408707723, "max_depth": 7.0, "min_child_weight": 4727.406356216379, "num_boost_round": 32.0, "subsample": 0.6078994809046351}, "datetime": {"datetime": "2024-01-20 17:30:17", "elapsed": 11185.411374, "delta": 0.009028}}
{"target": -19.15538638044209, "params": {"colsample_bytree": 0.506347310071865, "eta": 0.057206686933320754, "gamma": 40.8649408707723, "max_depth": 7.0, "min_child_weight": 4727.406356216379, "num_boost_round": 33.0, "subsample": 0.6078994809046351}, "datetime": {"datetime": "2024-01-20 17:30:17", "elapsed": 11185.420232, "delta": 0.008858}}
{"target": -19.155928887796836, "params": {"colsample_bytree": 0.506347310071865, "eta": 0.057206686933320754, "gamma": 40.8649408707723, "max_depth": 7.0, "min_child_weight": 4727.406356216379, "num_boost_round": 34.0, "subsample": 0.6078994809046351}, "datetime": {"datetime": "2024-01-20 17:30:17", "elapsed": 11185.430395, "delta": 0.010163}}
{"target": -19.156601477138196, "params": {"colsample_bytree": 0.506347310071865, "eta": 0.057206686933320754, "gamma": 40.8649408707723, "max_depth": 7.0, "min_child_weight": 4727.406356216379, "num_boost_round": 35.0, "subsample": 0.6078994809046351}, "datetime": {"datetime": "2024-01-20 17:30:17", "elapsed": 11185.442106, "delta": 0.011711}}
{"target": -19.156861975103652, "params": {"colsample_bytree": 0.506347310071865, "eta": 0.057206686933320754, "gamma": 40.8649408707723, "max_depth": 7.0, "min_child_weight": 4727.406356216379, "num_boost_round": 36.0, "subsample": 0.6078994809046351}, "datetime": {"datetime": "2024-01-20 17:30:17", "elapsed": 11185.452078, "delta": 0.009972}}
{"target": -19.157875228995472, "params": {"colsample_bytree": 0.506347310071865, "eta": 0.057206686933320754, "gamma": 40.8649408707723, "max_depth": 7.0, "min_child_weight": 4727.406356216379, "num_boost_round": 37.0, "subsample": 0.6078994809046351}, "datetime": {"datetime": "2024-01-20 17:30:17", "elapsed": 11185.462261, "delta": 0.010183}}
{"target": -19.15818236403573, "params": {"colsample_bytree": 0.506347310071865, "eta": 0.057206686933320754, "gamma": 40.8649408707723, "max_depth": 7.0, "min_child_weight": 4727.406356216379, "num_boost_round": 38.0, "subsample": 0.6078994809046351}, "datetime": {"datetime": "2024-01-20 17:30:17", "elapsed": 11185.47188, "delta": 0.009619}}
{"target": -19.158526986019893, "params": {"colsample_bytree": 0.506347310071865, "eta": 0.057206686933320754, "gamma": 40.8649408707723, "max_depth": 7.0, "min_child_weight": 4727.406356216379, "num_boost_round": 39.0, "subsample": 0.6078994809046351}, "datetime": {"datetime": "2024-01-20 17:30:17", "elapsed": 11185.48134, "delta": 0.00946}}
{"target": -19.158630785879584, "params": {"colsample_bytree": 0.506347310071865, "eta": 0.057206686933320754, "gamma": 40.8649408707723, "max_depth": 7.0, "min_child_weight": 4727.406356216379, "num_boost_round": 40.0, "subsample": 0.6078994809046351}, "datetime": {"datetime": "2024-01-20 17:30:17", "elapsed": 11185.490946, "delta": 0.009606}}
{"target": -19.158775561535954, "params": {"colsample_bytree": 0.506347310071865, "eta": 0.057206686933320754, "gamma": 40.8649408707723, "max_depth": 7.0, "min_child_weight": 4727.406356216379, "num_boost_round": 41.0, "subsample": 0.6078994809046351}, "datetime": {"datetime": "2024-01-20 17:30:17", "elapsed": 11185.500192, "delta": 0.009246}}
{"target": -19.15914375276575, "params": {"colsample_bytree": 0.506347310071865, "eta": 0.057206686933320754, "gamma": 40.8649408707723, "max_depth": 7.0, "min_child_weight": 4727.406356216379, "num_boost_round": 42.0, "subsample": 0.6078994809046351}, "datetime": {"datetime": "2024-01-20 17:30:17", "elapsed": 11185.509203, "delta": 0.009011}}
{"target": -19.159333171393264, "params": {"colsample_bytree": 0.506347310071865, "eta": 0.057206686933320754, "gamma": 40.8649408707723, "max_depth": 7.0, "min_child_weight": 4727.406356216379, "num_boost_round": 43.0, "subsample": 0.6078994809046351}, "datetime": {"datetime": "2024-01-20 17:30:17", "elapsed": 11185.518299, "delta": 0.009096}}
{"target": -19.159919304298285, "params": {"colsample_bytree": 0.506347310071865, "eta": 0.057206686933320754, "gamma": 40.8649408707723, "max_depth": 7.0, "min_child_weight": 4727.406356216379, "num_boost_round": 44.0, "subsample": 0.6078994809046351}, "datetime": {"datetime": "2024-01-20 17:30:17", "elapsed": 11185.527306, "delta": 0.009007}}
{"target": -19.16007831537262, "params": {"colsample_bytree": 0.506347310071865, "eta": 0.057206686933320754, "gamma": 40.8649408707723, "max_depth": 7.0, "min_child_weight": 4727.406356216379, "num_boost_round": 45.0, "subsample": 0.6078994809046351}, "datetime": {"datetime": "2024-01-20 17:30:17", "elapsed": 11185.536314, "delta": 0.009008}}
{"target": -19.16021020022736, "params": {"colsample_bytree": 0.506347310071865, "eta": 0.057206686933320754, "gamma": 40.8649408707723, "max_depth": 7.0, "min_child_weight": 4727.406356216379, "num_boost_round": 46.0, "subsample": 0.6078994809046351}, "datetime": {"datetime": "2024-01-20 17:30:17", "elapsed": 11185.545352, "delta": 0.009038}}
{"target": -19.16046891748382, "params": {"colsample_bytree": 0.506347310071865, "eta": 0.057206686933320754, "gamma": 40.8649408707723, "max_depth": 7.0, "min_child_weight": 4727.406356216379, "num_boost_round": 47.0, "subsample": 0.6078994809046351}, "datetime": {"datetime": "2024-01-20 17:30:17", "elapsed": 11185.556707, "delta": 0.011355}}
{"target": -19.16049187904293, "params": {"colsample_bytree": 0.506347310071865, "eta": 0.057206686933320754, "gamma": 40.8649408707723, "max_depth": 7.0, "min_child_weight": 4727.406356216379, "num_boost_round": 48.0, "subsample": 0.6078994809046351}, "datetime": {"datetime": "2024-01-20 17:30:17", "elapsed": 11185.566206, "delta": 0.009499}}
{"target": -19.161536828242987, "params": {"colsample_bytree": 0.506347310071865, "eta": 0.057206686933320754, "gamma": 40.8649408707723, "max_depth": 7.0, "min_child_weight": 4727.406356216379, "num_boost_round": 49.0, "subsample": 0.6078994809046351}, "datetime": {"datetime": "2024-01-20 17:30:17", "elapsed": 11185.575227, "delta": 0.009021}}
{"target": -19.161728594592535, "params": {"colsample_bytree": 0.506347310071865, "eta": 0.057206686933320754, "gamma": 40.8649408707723, "max_depth": 7.0, "min_child_weight": 4727.406356216379, "num_boost_round": 50.0, "subsample": 0.6078994809046351}, "datetime": {"datetime": "2024-01-20 17:30:17", "elapsed": 11185.584391, "delta": 0.009164}}
{"target": -19.143223431003335, "params": {"colsample_bytree": 0.8477235046528058, "eta": 0.005970970380002972, "gamma": 993.6546242124291, "max_depth": 6.0, "min_child_weight": 4180.162569337198, "num_boost_round": 1.0, "subsample": 0.8726259849534943}, "datetime": {"datetime": "2024-01-20 17:32:46", "elapsed": 11334.069296, "delta": 148.484905}}
{"target": -19.14322265074673, "params": {"colsample_bytree": 0.8477235046528058, "eta": 0.005970970380002972, "gamma": 993.6546242124291, "max_depth": 6.0, "min_child_weight": 4180.162569337198, "num_boost_round": 2.0, "subsample": 0.8726259849534943}, "datetime": {"datetime": "2024-01-20 17:32:46", "elapsed": 11334.079336, "delta": 0.01004}}
{"target": -19.143264023736485, "params": {"colsample_bytree": 0.8477235046528058, "eta": 0.005970970380002972, "gamma": 993.6546242124291, "max_depth": 6.0, "min_child_weight": 4180.162569337198, "num_boost_round": 3.0, "subsample": 0.8726259849534943}, "datetime": {"datetime": "2024-01-20 17:32:46", "elapsed": 11334.089222, "delta": 0.009886}}
{"target": -19.143324452777748, "params": {"colsample_bytree": 0.8477235046528058, "eta": 0.005970970380002972, "gamma": 993.6546242124291, "max_depth": 6.0, "min_child_weight": 4180.162569337198, "num_boost_round": 4.0, "subsample": 0.8726259849534943}, "datetime": {"datetime": "2024-01-20 17:32:46", "elapsed": 11334.098024, "delta": 0.008802}}
