{"target": -15.160698913745305, "params": {"colsample_bytree": 0.8312064703977866, "eta": 0.05658839290326339, "gamma": 617.1062546184264, "max_depth": 6.0, "min_child_weight": 4139.207288521114, "num_boost_round": 6.0, "subsample": 0.47519786843419654}, "datetime": {"datetime": "2024-01-20 16:07:00", "elapsed": 6178.387346, "delta": 0.005571}}
{"target": -15.158463448423927, "params": {"colsample_bytree": 0.8312064703977866, "eta": 0.05658839290326339, "gamma": 617.1062546184264, "max_depth": 6.0, "min_child_weight": 4139.207288521114, "num_boost_round": 7.0, "subsample": 0.47519786843419654}, "datetime": {"datetime": "2024-01-20 16:07:00", "elapsed": 6178.393306, "delta": 0.00596}}
{"target": -15.157568982695356, "params": {"colsample_bytree": 0.8312064703977866, "eta": 0.05658839290326339, "gamma": 617.1062546184264, "max_depth": 6.0, "min_child_weight": 4139.207288521114, "num_boost_round": 8.0, "subsample": 0.47519786843419654}, "datetime": {"datetime": "2024-01-20 16:07:00", "elapsed": 6178.399136, "delta": 0.00583}}
{"target": -15.157576635705134, "params": {"colsample_bytree": 0.8312064703977866, "eta": 0.05658839290326339, "gamma": 617.1062546184264, "max_depth": 6.0, "min_child_weight": 4139.207288521114, "num_boost_round": 9.0, "subsample": 0.47519786843419654}, "datetime": {"datetime": "2024-01-20 16:07:00", "elapsed": 6178.404764, "delta": 0.005628}}
{"target": -15.156583408257802, "params": {"colsample_bytree": 0.8312064703977866, "eta": 0.05658839290326339, "gamma": 617.1062546184264, "max_depth": 6.0, "min_child_weight": 4139.207288521114, "num_boost_round": 10.0, "subsample": 0.47519786843419654}, "datetime": {"datetime": "2024-01-20 16:07:00", "elapsed": 6178.410446, "delta": 0.005682}}
{"target": -15.155973165513362, "params": {"colsample_bytree": 0.8312064703977866, "eta": 0.05658839290326339, "gamma": 617.1062546184264, "max_depth": 6.0, "min_child_weight": 4139.207288521114, "num_boost_round": 11.0, "subsample": 0.47519786843419654}, "datetime": {"datetime": "2024-01-20 16:07:00", "elapsed": 6178.416203, "delta": 0.005757}}
{"target": -15.15521873273066, "params": {"colsample_bytree": 0.8312064703977866, "eta": 0.05658839290326339, "gamma": 617.1062546184264, "max_depth": 6.0, "min_child_weight": 4139.207288521114, "num_boost_round": 12.0, "subsample": 0.47519786843419654}, "datetime": {"datetime": "2024-01-20 16:07:00", "elapsed": 6178.421855, "delta": 0.005652}}
{"target": -15.15526481770956, "params": {"colsample_bytree": 0.8312064703977866, "eta": 0.05658839290326339, "gamma": 617.1062546184264, "max_depth": 6.0, "min_child_weight": 4139.207288521114, "num_boost_round": 13.0, "subsample": 0.47519786843419654}, "datetime": {"datetime": "2024-01-20 16:07:00", "elapsed": 6178.427536, "delta": 0.005681}}
{"target": -15.154407992088027, "params": {"colsample_bytree": 0.8312064703977866, "eta": 0.05658839290326339, "gamma": 617.1062546184264, "max_depth": 6.0, "min_child_weight": 4139.207288521114, "num_boost_round": 14.0, "subsample": 0.47519786843419654}, "datetime": {"datetime": "2024-01-20 16:07:00", "elapsed": 6178.433229, "delta": 0.005693}}
{"target": -15.154076944289631, "params": {"colsample_bytree": 0.8312064703977866, "eta": 0.05658839290326339, "gamma": 617.1062546184264, "max_depth": 6.0, "min_child_weight": 4139.207288521114, "num_boost_round": 15.0, "subsample": 0.47519786843419654}, "datetime": {"datetime": "2024-01-20 16:07:00", "elapsed": 6178.43877, "delta": 0.005541}}
{"target": -15.154484183079663, "params": {"colsample_bytree": 0.8312064703977866, "eta": 0.05658839290326339, "gamma": 617.1062546184264, "max_depth": 6.0, "min_child_weight": 4139.207288521114, "num_boost_round": 16.0, "subsample": 0.47519786843419654}, "datetime": {"datetime": "2024-01-20 16:07:01", "elapsed": 6178.444313, "delta": 0.005543}}
{"target": -15.154593815811742, "params": {"colsample_bytree": 0.8312064703977866, "eta": 0.05658839290326339, "gamma": 617.1062546184264, "max_depth": 6.0, "min_child_weight": 4139.207288521114, "num_boost_round": 17.0, "subsample": 0.47519786843419654}, "datetime": {"datetime": "2024-01-20 16:07:01", "elapsed": 6178.449869, "delta": 0.005556}}
{"target": -15.154496140671974, "params": {"colsample_bytree": 0.8312064703977866, "eta": 0.05658839290326339, "gamma": 617.1062546184264, "max_depth": 6.0, "min_child_weight": 4139.207288521114, "num_boost_round": 18.0, "subsample": 0.47519786843419654}, "datetime": {"datetime": "2024-01-20 16:07:01", "elapsed": 6178.455453, "delta": 0.005584}}
{"target": -15.15462044520877, "params": {"colsample_bytree": 0.8312064703977866, "eta": 0.05658839290326339, "gamma": 617.1062546184264, "max_depth": 6.0, "min_child_weight": 4139.207288521114, "num_boost_round": 19.0, "subsample": 0.47519786843419654}, "datetime": {"datetime": "2024-01-20 16:07:01", "elapsed": 6178.461041, "delta": 0.005588}}
{"target": -15.154686561471081, "params": {"colsample_bytree": 0.8312064703977866, "eta": 0.05658839290326339, "gamma": 617.1062546184264, "max_depth": 6.0, "min_child_weight": 4139.207288521114, "num_boost_round": 20.0, "subsample": 0.47519786843419654}, "datetime": {"datetime": "2024-01-20 16:07:01", "elapsed": 6178.466651, "delta": 0.00561}}
{"target": -15.171945959653169, "params": {"colsample_bytree": 0.6106390316694654, "eta": 0.033135541233180105, "gamma": 588.8911223553325, "max_depth": 5.0, "min_child_weight": 4208.556324971455, "num_boost_round": 1.0, "subsample": 0.34019378442592263}, "datetime": {"datetime": "2024-01-20 16:08:46", "elapsed": 6283.831707, "delta": 105.365056}}
{"target": -15.170603183804378, "params": {"colsample_bytree": 0.6106390316694654, "eta": 0.033135541233180105, "gamma": 588.8911223553325, "max_depth": 5.0, "min_child_weight": 4208.556324971455, "num_boost_round": 2.0, "subsample": 0.34019378442592263}, "datetime": {"datetime": "2024-01-20 16:08:46", "elapsed": 6283.840028, "delta": 0.008321}}
{"target": -15.169458877246221, "params": {"colsample_bytree": 0.6106390316694654, "eta": 0.033135541233180105, "gamma": 588.8911223553325, "max_depth": 5.0, "min_child_weight": 4208.556324971455, "num_boost_round": 3.0, "subsample": 0.34019378442592263}, "datetime": {"datetime": "2024-01-20 16:08:46", "elapsed": 6283.847057, "delta": 0.007029}}
{"target": -15.168559415924125, "params": {"colsample_bytree": 0.6106390316694654, "eta": 0.033135541233180105, "gamma": 588.8911223553325, "max_depth": 5.0, "min_child_weight": 4208.556324971455, "num_boost_round": 4.0, "subsample": 0.34019378442592263}, "datetime": {"datetime": "2024-01-20 16:08:46", "elapsed": 6283.853541, "delta": 0.006484}}
{"target": -15.166771134665536, "params": {"colsample_bytree": 0.6106390316694654, "eta": 0.033135541233180105, "gamma": 588.8911223553325, "max_depth": 5.0, "min_child_weight": 4208.556324971455, "num_boost_round": 5.0, "subsample": 0.34019378442592263}, "datetime": {"datetime": "2024-01-20 16:08:46", "elapsed": 6283.859457, "delta": 0.005916}}
{"target": -15.165759347572912, "params": {"colsample_bytree": 0.6106390316694654, "eta": 0.033135541233180105, "gamma": 588.8911223553325, "max_depth": 5.0, "min_child_weight": 4208.556324971455, "num_boost_round": 6.0, "subsample": 0.34019378442592263}, "datetime": {"datetime": "2024-01-20 16:08:46", "elapsed": 6283.865204, "delta": 0.005747}}
{"target": -15.164864361611407, "params": {"colsample_bytree": 0.6106390316694654, "eta": 0.033135541233180105, "gamma": 588.8911223553325, "max_depth": 5.0, "min_child_weight": 4208.556324971455, "num_boost_round": 7.0, "subsample": 0.34019378442592263}, "datetime": {"datetime": "2024-01-20 16:08:46", "elapsed": 6283.87081, "delta": 0.005606}}
{"target": -15.163503761414795, "params": {"colsample_bytree": 0.6106390316694654, "eta": 0.033135541233180105, "gamma": 588.8911223553325, "max_depth": 5.0, "min_child_weight": 4208.556324971455, "num_boost_round": 8.0, "subsample": 0.34019378442592263}, "datetime": {"datetime": "2024-01-20 16:08:46", "elapsed": 6283.876347, "delta": 0.005537}}
{"target": -15.162957547699087, "params": {"colsample_bytree": 0.6106390316694654, "eta": 0.033135541233180105, "gamma": 588.8911223553325, "max_depth": 5.0, "min_child_weight": 4208.556324971455, "num_boost_round": 9.0, "subsample": 0.34019378442592263}, "datetime": {"datetime": "2024-01-20 16:08:46", "elapsed": 6283.881958, "delta": 0.005611}}
{"target": -15.162448056042283, "params": {"colsample_bytree": 0.6106390316694654, "eta": 0.033135541233180105, "gamma": 588.8911223553325, "max_depth": 5.0, "min_child_weight": 4208.556324971455, "num_boost_round": 10.0, "subsample": 0.34019378442592263}, "datetime": {"datetime": "2024-01-20 16:08:46", "elapsed": 6283.8875, "delta": 0.005542}}
{"target": -15.162531802015089, "params": {"colsample_bytree": 0.6106390316694654, "eta": 0.033135541233180105, "gamma": 588.8911223553325, "max_depth": 5.0, "min_child_weight": 4208.556324971455, "num_boost_round": 11.0, "subsample": 0.34019378442592263}, "datetime": {"datetime": "2024-01-20 16:08:46", "elapsed": 6283.89321, "delta": 0.00571}}
{"target": -15.16170654784095, "params": {"colsample_bytree": 0.6106390316694654, "eta": 0.033135541233180105, "gamma": 588.8911223553325, "max_depth": 5.0, "min_child_weight": 4208.556324971455, "num_boost_round": 12.0, "subsample": 0.34019378442592263}, "datetime": {"datetime": "2024-01-20 16:08:46", "elapsed": 6283.898926, "delta": 0.005716}}
{"target": -15.16140714577575, "params": {"colsample_bytree": 0.6106390316694654, "eta": 0.033135541233180105, "gamma": 588.8911223553325, "max_depth": 5.0, "min_child_weight": 4208.556324971455, "num_boost_round": 13.0, "subsample": 0.34019378442592263}, "datetime": {"datetime": "2024-01-20 16:08:46", "elapsed": 6283.904595, "delta": 0.005669}}
{"target": -15.159982836232656, "params": {"colsample_bytree": 0.6106390316694654, "eta": 0.033135541233180105, "gamma": 588.8911223553325, "max_depth": 5.0, "min_child_weight": 4208.556324971455, "num_boost_round": 14.0, "subsample": 0.34019378442592263}, "datetime": {"datetime": "2024-01-20 16:08:46", "elapsed": 6283.910111, "delta": 0.005516}}
{"target": -15.15937818944435, "params": {"colsample_bytree": 0.6106390316694654, "eta": 0.033135541233180105, "gamma": 588.8911223553325, "max_depth": 5.0, "min_child_weight": 4208.556324971455, "num_boost_round": 15.0, "subsample": 0.34019378442592263}, "datetime": {"datetime": "2024-01-20 16:08:46", "elapsed": 6283.915693, "delta": 0.005582}}
{"target": -15.159120650137723, "params": {"colsample_bytree": 0.6106390316694654, "eta": 0.033135541233180105, "gamma": 588.8911223553325, "max_depth": 5.0, "min_child_weight": 4208.556324971455, "num_boost_round": 16.0, "subsample": 0.34019378442592263}, "datetime": {"datetime": "2024-01-20 16:08:46", "elapsed": 6283.921306, "delta": 0.005613}}
{"target": -15.158198259439924, "params": {"colsample_bytree": 0.6106390316694654, "eta": 0.033135541233180105, "gamma": 588.8911223553325, "max_depth": 5.0, "min_child_weight": 4208.556324971455, "num_boost_round": 17.0, "subsample": 0.34019378442592263}, "datetime": {"datetime": "2024-01-20 16:08:46", "elapsed": 6283.927148, "delta": 0.005842}}
{"target": -15.157505630484005, "params": {"colsample_bytree": 0.6106390316694654, "eta": 0.033135541233180105, "gamma": 588.8911223553325, "max_depth": 5.0, "min_child_weight": 4208.556324971455, "num_boost_round": 18.0, "subsample": 0.34019378442592263}, "datetime": {"datetime": "2024-01-20 16:08:46", "elapsed": 6283.93285, "delta": 0.005702}}
{"target": -15.156887670228755, "params": {"colsample_bytree": 0.6106390316694654, "eta": 0.033135541233180105, "gamma": 588.8911223553325, "max_depth": 5.0, "min_child_weight": 4208.556324971455, "num_boost_round": 19.0, "subsample": 0.34019378442592263}, "datetime": {"datetime": "2024-01-20 16:08:46", "elapsed": 6283.938419, "delta": 0.005569}}
{"target": -15.156787494298184, "params": {"colsample_bytree": 0.6106390316694654, "eta": 0.033135541233180105, "gamma": 588.8911223553325, "max_depth": 5.0, "min_child_weight": 4208.556324971455, "num_boost_round": 20.0, "subsample": 0.34019378442592263}, "datetime": {"datetime": "2024-01-20 16:08:46", "elapsed": 6283.943964, "delta": 0.005545}}
{"target": -15.155800182039162, "params": {"colsample_bytree": 0.6106390316694654, "eta": 0.033135541233180105, "gamma": 588.8911223553325, "max_depth": 5.0, "min_child_weight": 4208.556324971455, "num_boost_round": 21.0, "subsample": 0.34019378442592263}, "datetime": {"datetime": "2024-01-20 16:08:46", "elapsed": 6283.94955, "delta": 0.005586}}
{"target": -15.155547644307658, "params": {"colsample_bytree": 0.6106390316694654, "eta": 0.033135541233180105, "gamma": 588.8911223553325, "max_depth": 5.0, "min_child_weight": 4208.556324971455, "num_boost_round": 22.0, "subsample": 0.34019378442592263}, "datetime": {"datetime": "2024-01-20 16:08:46", "elapsed": 6283.955198, "delta": 0.005648}}
{"target": -15.154573074329273, "params": {"colsample_bytree": 0.6106390316694654, "eta": 0.033135541233180105, "gamma": 588.8911223553325, "max_depth": 5.0, "min_child_weight": 4208.556324971455, "num_boost_round": 23.0, "subsample": 0.34019378442592263}, "datetime": {"datetime": "2024-01-20 16:08:46", "elapsed": 6283.960924, "delta": 0.005726}}
{"target": -15.153901945541895, "params": {"colsample_bytree": 0.6106390316694654, "eta": 0.033135541233180105, "gamma": 588.8911223553325, "max_depth": 5.0, "min_child_weight": 4208.556324971455, "num_boost_round": 24.0, "subsample": 0.34019378442592263}, "datetime": {"datetime": "2024-01-20 16:08:46", "elapsed": 6283.966598, "delta": 0.005674}}
{"target": -15.153887076598098, "params": {"colsample_bytree": 0.6106390316694654, "eta": 0.033135541233180105, "gamma": 588.8911223553325, "max_depth": 5.0, "min_child_weight": 4208.556324971455, "num_boost_round": 25.0, "subsample": 0.34019378442592263}, "datetime": {"datetime": "2024-01-20 16:08:46", "elapsed": 6283.97234, "delta": 0.005742}}
{"target": -15.154077409359138, "params": {"colsample_bytree": 0.6106390316694654, "eta": 0.033135541233180105, "gamma": 588.8911223553325, "max_depth": 5.0, "min_child_weight": 4208.556324971455, "num_boost_round": 26.0, "subsample": 0.34019378442592263}, "datetime": {"datetime": "2024-01-20 16:08:46", "elapsed": 6283.978025, "delta": 0.005685}}
{"target": -15.15327199515757, "params": {"colsample_bytree": 0.6106390316694654, "eta": 0.033135541233180105, "gamma": 588.8911223553325, "max_depth": 5.0, "min_child_weight": 4208.556324971455, "num_boost_round": 27.0, "subsample": 0.34019378442592263}, "datetime": {"datetime": "2024-01-20 16:08:46", "elapsed": 6283.983684, "delta": 0.005659}}
{"target": -15.152980039082044, "params": {"colsample_bytree": 0.6106390316694654, "eta": 0.033135541233180105, "gamma": 588.8911223553325, "max_depth": 5.0, "min_child_weight": 4208.556324971455, "num_boost_round": 28.0, "subsample": 0.34019378442592263}, "datetime": {"datetime": "2024-01-20 16:08:46", "elapsed": 6283.989276, "delta": 0.005592}}
{"target": -15.152474521104372, "params": {"colsample_bytree": 0.6106390316694654, "eta": 0.033135541233180105, "gamma": 588.8911223553325, "max_depth": 5.0, "min_child_weight": 4208.556324971455, "num_boost_round": 29.0, "subsample": 0.34019378442592263}, "datetime": {"datetime": "2024-01-20 16:08:46", "elapsed": 6283.994999, "delta": 0.005723}}
{"target": -15.152323290692912, "params": {"colsample_bytree": 0.6106390316694654, "eta": 0.033135541233180105, "gamma": 588.8911223553325, "max_depth": 5.0, "min_child_weight": 4208.556324971455, "num_boost_round": 30.0, "subsample": 0.34019378442592263}, "datetime": {"datetime": "2024-01-20 16:08:46", "elapsed": 6284.000896, "delta": 0.005897}}
{"target": -15.152255475152078, "params": {"colsample_bytree": 0.6106390316694654, "eta": 0.033135541233180105, "gamma": 588.8911223553325, "max_depth": 5.0, "min_child_weight": 4208.556324971455, "num_boost_round": 31.0, "subsample": 0.34019378442592263}, "datetime": {"datetime": "2024-01-20 16:08:46", "elapsed": 6284.006658, "delta": 0.005762}}
{"target": -15.152111065902849, "params": {"colsample_bytree": 0.6106390316694654, "eta": 0.033135541233180105, "gamma": 588.8911223553325, "max_depth": 5.0, "min_child_weight": 4208.556324971455, "num_boost_round": 32.0, "subsample": 0.34019378442592263}, "datetime": {"datetime": "2024-01-20 16:08:46", "elapsed": 6284.012441, "delta": 0.005783}}
{"target": -15.152216186869687, "params": {"colsample_bytree": 0.6106390316694654, "eta": 0.033135541233180105, "gamma": 588.8911223553325, "max_depth": 5.0, "min_child_weight": 4208.556324971455, "num_boost_round": 33.0, "subsample": 0.34019378442592263}, "datetime": {"datetime": "2024-01-20 16:08:46", "elapsed": 6284.018882, "delta": 0.006441}}
{"target": -15.15176088742399, "params": {"colsample_bytree": 0.6106390316694654, "eta": 0.033135541233180105, "gamma": 588.8911223553325, "max_depth": 5.0, "min_child_weight": 4208.556324971455, "num_boost_round": 34.0, "subsample": 0.34019378442592263}, "datetime": {"datetime": "2024-01-20 16:08:46", "elapsed": 6284.025376, "delta": 0.006494}}
{"target": -15.151716764800028, "params": {"colsample_bytree": 0.6106390316694654, "eta": 0.033135541233180105, "gamma": 588.8911223553325, "max_depth": 5.0, "min_child_weight": 4208.556324971455, "num_boost_round": 35.0, "subsample": 0.34019378442592263}, "datetime": {"datetime": "2024-01-20 16:08:46", "elapsed": 6284.03248, "delta": 0.007104}}
{"target": -15.151376720118858, "params": {"colsample_bytree": 0.6106390316694654, "eta": 0.033135541233180105, "gamma": 588.8911223553325, "max_depth": 5.0, "min_child_weight": 4208.556324971455, "num_boost_round": 36.0, "subsample": 0.34019378442592263}, "datetime": {"datetime": "2024-01-20 16:08:46", "elapsed": 6284.03897, "delta": 0.00649}}
{"target": -15.150973607000488, "params": {"colsample_bytree": 0.6106390316694654, "eta": 0.033135541233180105, "gamma": 588.8911223553325, "max_depth": 5.0, "min_child_weight": 4208.556324971455, "num_boost_round": 37.0, "subsample": 0.34019378442592263}, "datetime": {"datetime": "2024-01-20 16:08:46", "elapsed": 6284.044967, "delta": 0.005997}}
{"target": -15.151078293243295, "params": {"colsample_bytree": 0.6106390316694654, "eta": 0.033135541233180105, "gamma": 588.8911223553325, "max_depth": 5.0, "min_child_weight": 4208.556324971455, "num_boost_round": 38.0, "subsample": 0.34019378442592263}, "datetime": {"datetime": "2024-01-20 16:08:46", "elapsed": 6284.050785, "delta": 0.005818}}
{"target": -15.150978412450911, "params": {"colsample_bytree": 0.6106390316694654, "eta": 0.033135541233180105, "gamma": 588.8911223553325, "max_depth": 5.0, "min_child_weight": 4208.556324971455, "num_boost_round": 39.0, "subsample": 0.34019378442592263}, "datetime": {"datetime": "2024-01-20 16:08:46", "elapsed": 6284.056513, "delta": 0.005728}}
{"target": -15.15079156427341, "params": {"colsample_bytree": 0.6106390316694654, "eta": 0.033135541233180105, "gamma": 588.8911223553325, "max_depth": 5.0, "min_child_weight": 4208.556324971455, "num_boost_round": 40.0, "subsample": 0.34019378442592263}, "datetime": {"datetime": "2024-01-20 16:08:46", "elapsed": 6284.062135, "delta": 0.005622}}
{"target": -15.150859094741294, "params": {"colsample_bytree": 0.6106390316694654, "eta": 0.033135541233180105, "gamma": 588.8911223553325, "max_depth": 5.0, "min_child_weight": 4208.556324971455, "num_boost_round": 41.0, "subsample": 0.34019378442592263}, "datetime": {"datetime": "2024-01-20 16:08:46", "elapsed": 6284.067701, "delta": 0.005566}}
{"target": -15.15085934703757, "params": {"colsample_bytree": 0.6106390316694654, "eta": 0.033135541233180105, "gamma": 588.8911223553325, "max_depth": 5.0, "min_child_weight": 4208.556324971455, "num_boost_round": 42.0, "subsample": 0.34019378442592263}, "datetime": {"datetime": "2024-01-20 16:08:46", "elapsed": 6284.073321, "delta": 0.00562}}
{"target": -15.150799878294055, "params": {"colsample_bytree": 0.6106390316694654, "eta": 0.033135541233180105, "gamma": 588.8911223553325, "max_depth": 5.0, "min_child_weight": 4208.556324971455, "num_boost_round": 43.0, "subsample": 0.34019378442592263}, "datetime": {"datetime": "2024-01-20 16:08:46", "elapsed": 6284.078967, "delta": 0.005646}}
{"target": -15.150721077769767, "params": {"colsample_bytree": 0.6106390316694654, "eta": 0.033135541233180105, "gamma": 588.8911223553325, "max_depth": 5.0, "min_child_weight": 4208.556324971455, "num_boost_round": 44.0, "subsample": 0.34019378442592263}, "datetime": {"datetime": "2024-01-20 16:08:46", "elapsed": 6284.085038, "delta": 0.006071}}
{"target": -15.150819148523873, "params": {"colsample_bytree": 0.6106390316694654, "eta": 0.033135541233180105, "gamma": 588.8911223553325, "max_depth": 5.0, "min_child_weight": 4208.556324971455, "num_boost_round": 45.0, "subsample": 0.34019378442592263}, "datetime": {"datetime": "2024-01-20 16:08:46", "elapsed": 6284.09136, "delta": 0.006322}}
{"target": -15.150822130387393, "params": {"colsample_bytree": 0.6106390316694654, "eta": 0.033135541233180105, "gamma": 588.8911223553325, "max_depth": 5.0, "min_child_weight": 4208.556324971455, "num_boost_round": 46.0, "subsample": 0.34019378442592263}, "datetime": {"datetime": "2024-01-20 16:08:46", "elapsed": 6284.098543, "delta": 0.007183}}
{"target": -15.150831461675274, "params": {"colsample_bytree": 0.6106390316694654, "eta": 0.033135541233180105, "gamma": 588.8911223553325, "max_depth": 5.0, "min_child_weight": 4208.556324971455, "num_boost_round": 47.0, "subsample": 0.34019378442592263}, "datetime": {"datetime": "2024-01-20 16:08:46", "elapsed": 6284.105668, "delta": 0.007125}}
{"target": -15.150936298999765, "params": {"colsample_bytree": 0.6106390316694654, "eta": 0.033135541233180105, "gamma": 588.8911223553325, "max_depth": 5.0, "min_child_weight": 4208.556324971455, "num_boost_round": 48.0, "subsample": 0.34019378442592263}, "datetime": {"datetime": "2024-01-20 16:08:46", "elapsed": 6284.111984, "delta": 0.006316}}
