{"target": -10.30106595042086, "params": {"colsample_bytree": 0.7197115365229716, "eta": 0.06525908461769402, "gamma": 449.1169916566233, "max_depth": 3.0, "min_child_weight": 4252.830006601369, "num_boost_round": 9.0, "subsample": 0.44930165634138386}, "datetime": {"datetime": "2024-01-20 13:27:06", "elapsed": 324.311514, "delta": 0.000467}}
{"target": -10.301705270171908, "params": {"colsample_bytree": 0.7197115365229716, "eta": 0.06525908461769402, "gamma": 449.1169916566233, "max_depth": 3.0, "min_child_weight": 4252.830006601369, "num_boost_round": 10.0, "subsample": 0.44930165634138386}, "datetime": {"datetime": "2024-01-20 13:27:06", "elapsed": 324.311982, "delta": 0.000468}}
{"target": -10.301908505947157, "params": {"colsample_bytree": 0.7197115365229716, "eta": 0.06525908461769402, "gamma": 449.1169916566233, "max_depth": 3.0, "min_child_weight": 4252.830006601369, "num_boost_round": 11.0, "subsample": 0.44930165634138386}, "datetime": {"datetime": "2024-01-20 13:27:06", "elapsed": 324.312448, "delta": 0.000466}}
{"target": -10.30267082439753, "params": {"colsample_bytree": 0.7197115365229716, "eta": 0.06525908461769402, "gamma": 449.1169916566233, "max_depth": 3.0, "min_child_weight": 4252.830006601369, "num_boost_round": 12.0, "subsample": 0.44930165634138386}, "datetime": {"datetime": "2024-01-20 13:27:06", "elapsed": 324.312909, "delta": 0.000461}}
{"target": -10.302932878612637, "params": {"colsample_bytree": 0.7197115365229716, "eta": 0.06525908461769402, "gamma": 449.1169916566233, "max_depth": 3.0, "min_child_weight": 4252.830006601369, "num_boost_round": 13.0, "subsample": 0.44930165634138386}, "datetime": {"datetime": "2024-01-20 13:27:06", "elapsed": 324.313369, "delta": 0.00046}}
{"target": -10.303461652700804, "params": {"colsample_bytree": 0.7197115365229716, "eta": 0.06525908461769402, "gamma": 449.1169916566233, "max_depth": 3.0, "min_child_weight": 4252.830006601369, "num_boost_round": 14.0, "subsample": 0.44930165634138386}, "datetime": {"datetime": "2024-01-20 13:27:06", "elapsed": 324.313834, "delta": 0.000465}}
{"target": -10.303802872631731, "params": {"colsample_bytree": 0.7197115365229716, "eta": 0.06525908461769402, "gamma": 449.1169916566233, "max_depth": 3.0, "min_child_weight": 4252.830006601369, "num_boost_round": 15.0, "subsample": 0.44930165634138386}, "datetime": {"datetime": "2024-01-20 13:27:06", "elapsed": 324.314359, "delta": 0.000525}}
{"target": -10.303915077016157, "params": {"colsample_bytree": 0.7197115365229716, "eta": 0.06525908461769402, "gamma": 449.1169916566233, "max_depth": 3.0, "min_child_weight": 4252.830006601369, "num_boost_round": 16.0, "subsample": 0.44930165634138386}, "datetime": {"datetime": "2024-01-20 13:27:06", "elapsed": 324.314839, "delta": 0.00048}}
{"target": -10.304354766903415, "params": {"colsample_bytree": 0.7197115365229716, "eta": 0.06525908461769402, "gamma": 449.1169916566233, "max_depth": 3.0, "min_child_weight": 4252.830006601369, "num_boost_round": 17.0, "subsample": 0.44930165634138386}, "datetime": {"datetime": "2024-01-20 13:27:06", "elapsed": 324.315308, "delta": 0.000469}}
{"target": -10.304507553332154, "params": {"colsample_bytree": 0.7197115365229716, "eta": 0.06525908461769402, "gamma": 449.1169916566233, "max_depth": 3.0, "min_child_weight": 4252.830006601369, "num_boost_round": 18.0, "subsample": 0.44930165634138386}, "datetime": {"datetime": "2024-01-20 13:27:06", "elapsed": 324.315793, "delta": 0.000485}}
{"target": -10.304938236879085, "params": {"colsample_bytree": 0.7197115365229716, "eta": 0.06525908461769402, "gamma": 449.1169916566233, "max_depth": 3.0, "min_child_weight": 4252.830006601369, "num_boost_round": 19.0, "subsample": 0.44930165634138386}, "datetime": {"datetime": "2024-01-20 13:27:06", "elapsed": 324.316275, "delta": 0.000482}}
{"target": -10.305125573606187, "params": {"colsample_bytree": 0.7197115365229716, "eta": 0.06525908461769402, "gamma": 449.1169916566233, "max_depth": 3.0, "min_child_weight": 4252.830006601369, "num_boost_round": 20.0, "subsample": 0.44930165634138386}, "datetime": {"datetime": "2024-01-20 13:27:06", "elapsed": 324.316762, "delta": 0.000487}}
{"target": -10.305266143122942, "params": {"colsample_bytree": 0.7197115365229716, "eta": 0.06525908461769402, "gamma": 449.1169916566233, "max_depth": 3.0, "min_child_weight": 4252.830006601369, "num_boost_round": 21.0, "subsample": 0.44930165634138386}, "datetime": {"datetime": "2024-01-20 13:27:06", "elapsed": 324.31724, "delta": 0.000478}}
{"target": -10.305344887755535, "params": {"colsample_bytree": 0.7197115365229716, "eta": 0.06525908461769402, "gamma": 449.1169916566233, "max_depth": 3.0, "min_child_weight": 4252.830006601369, "num_boost_round": 22.0, "subsample": 0.44930165634138386}, "datetime": {"datetime": "2024-01-20 13:27:06", "elapsed": 324.317722, "delta": 0.000482}}
{"target": -10.305608935686468, "params": {"colsample_bytree": 0.7197115365229716, "eta": 0.06525908461769402, "gamma": 449.1169916566233, "max_depth": 3.0, "min_child_weight": 4252.830006601369, "num_boost_round": 23.0, "subsample": 0.44930165634138386}, "datetime": {"datetime": "2024-01-20 13:27:06", "elapsed": 324.318209, "delta": 0.000487}}
{"target": -10.305571343598638, "params": {"colsample_bytree": 0.7197115365229716, "eta": 0.06525908461769402, "gamma": 449.1169916566233, "max_depth": 3.0, "min_child_weight": 4252.830006601369, "num_boost_round": 24.0, "subsample": 0.44930165634138386}, "datetime": {"datetime": "2024-01-20 13:27:06", "elapsed": 324.318759, "delta": 0.00055}}
{"target": -10.305743669600071, "params": {"colsample_bytree": 0.7197115365229716, "eta": 0.06525908461769402, "gamma": 449.1169916566233, "max_depth": 3.0, "min_child_weight": 4252.830006601369, "num_boost_round": 25.0, "subsample": 0.44930165634138386}, "datetime": {"datetime": "2024-01-20 13:27:06", "elapsed": 324.319237, "delta": 0.000478}}
{"target": -10.30593892598868, "params": {"colsample_bytree": 0.7197115365229716, "eta": 0.06525908461769402, "gamma": 449.1169916566233, "max_depth": 3.0, "min_child_weight": 4252.830006601369, "num_boost_round": 26.0, "subsample": 0.44930165634138386}, "datetime": {"datetime": "2024-01-20 13:27:06", "elapsed": 324.319726, "delta": 0.000489}}
{"target": -10.30594566359646, "params": {"colsample_bytree": 0.7197115365229716, "eta": 0.06525908461769402, "gamma": 449.1169916566233, "max_depth": 3.0, "min_child_weight": 4252.830006601369, "num_boost_round": 27.0, "subsample": 0.44930165634138386}, "datetime": {"datetime": "2024-01-20 13:27:06", "elapsed": 324.320204, "delta": 0.000478}}
{"target": -10.306123541786217, "params": {"colsample_bytree": 0.7197115365229716, "eta": 0.06525908461769402, "gamma": 449.1169916566233, "max_depth": 3.0, "min_child_weight": 4252.830006601369, "num_boost_round": 28.0, "subsample": 0.44930165634138386}, "datetime": {"datetime": "2024-01-20 13:27:06", "elapsed": 324.32069, "delta": 0.000486}}
{"target": -10.306463574319455, "params": {"colsample_bytree": 0.7197115365229716, "eta": 0.06525908461769402, "gamma": 449.1169916566233, "max_depth": 3.0, "min_child_weight": 4252.830006601369, "num_boost_round": 29.0, "subsample": 0.44930165634138386}, "datetime": {"datetime": "2024-01-20 13:27:06", "elapsed": 324.321169, "delta": 0.000479}}
{"target": -10.306878170623383, "params": {"colsample_bytree": 0.7197115365229716, "eta": 0.06525908461769402, "gamma": 449.1169916566233, "max_depth": 3.0, "min_child_weight": 4252.830006601369, "num_boost_round": 30.0, "subsample": 0.44930165634138386}, "datetime": {"datetime": "2024-01-20 13:27:06", "elapsed": 324.321661, "delta": 0.000492}}
{"target": -10.306874951990913, "params": {"colsample_bytree": 0.7197115365229716, "eta": 0.06525908461769402, "gamma": 449.1169916566233, "max_depth": 3.0, "min_child_weight": 4252.830006601369, "num_boost_round": 31.0, "subsample": 0.44930165634138386}, "datetime": {"datetime": "2024-01-20 13:27:06", "elapsed": 324.322205, "delta": 0.000544}}
{"target": -10.30720460775181, "params": {"colsample_bytree": 0.7197115365229716, "eta": 0.06525908461769402, "gamma": 449.1169916566233, "max_depth": 3.0, "min_child_weight": 4252.830006601369, "num_boost_round": 32.0, "subsample": 0.44930165634138386}, "datetime": {"datetime": "2024-01-20 13:27:06", "elapsed": 324.322706, "delta": 0.000501}}
{"target": -10.307259887276397, "params": {"colsample_bytree": 0.7197115365229716, "eta": 0.06525908461769402, "gamma": 449.1169916566233, "max_depth": 3.0, "min_child_weight": 4252.830006601369, "num_boost_round": 33.0, "subsample": 0.44930165634138386}, "datetime": {"datetime": "2024-01-20 13:27:06", "elapsed": 324.323196, "delta": 0.00049}}
{"target": -10.30716520713138, "params": {"colsample_bytree": 0.7197115365229716, "eta": 0.06525908461769402, "gamma": 449.1169916566233, "max_depth": 3.0, "min_child_weight": 4252.830006601369, "num_boost_round": 34.0, "subsample": 0.44930165634138386}, "datetime": {"datetime": "2024-01-20 13:27:06", "elapsed": 324.323701, "delta": 0.000505}}
{"target": -10.307111307907963, "params": {"colsample_bytree": 0.7197115365229716, "eta": 0.06525908461769402, "gamma": 449.1169916566233, "max_depth": 3.0, "min_child_weight": 4252.830006601369, "num_boost_round": 35.0, "subsample": 0.44930165634138386}, "datetime": {"datetime": "2024-01-20 13:27:06", "elapsed": 324.324229, "delta": 0.000528}}
{"target": -10.307336894145433, "params": {"colsample_bytree": 0.7197115365229716, "eta": 0.06525908461769402, "gamma": 449.1169916566233, "max_depth": 3.0, "min_child_weight": 4252.830006601369, "num_boost_round": 36.0, "subsample": 0.44930165634138386}, "datetime": {"datetime": "2024-01-20 13:27:06", "elapsed": 324.324787, "delta": 0.000558}}
{"target": -10.307492988676538, "params": {"colsample_bytree": 0.7197115365229716, "eta": 0.06525908461769402, "gamma": 449.1169916566233, "max_depth": 3.0, "min_child_weight": 4252.830006601369, "num_boost_round": 37.0, "subsample": 0.44930165634138386}, "datetime": {"datetime": "2024-01-20 13:27:06", "elapsed": 324.325288, "delta": 0.000501}}
{"target": -10.307344778771037, "params": {"colsample_bytree": 0.7197115365229716, "eta": 0.06525908461769402, "gamma": 449.1169916566233, "max_depth": 3.0, "min_child_weight": 4252.830006601369, "num_boost_round": 38.0, "subsample": 0.44930165634138386}, "datetime": {"datetime": "2024-01-20 13:27:06", "elapsed": 324.325927, "delta": 0.000639}}
{"target": -10.307662488024256, "params": {"colsample_bytree": 0.7197115365229716, "eta": 0.06525908461769402, "gamma": 449.1169916566233, "max_depth": 3.0, "min_child_weight": 4252.830006601369, "num_boost_round": 39.0, "subsample": 0.44930165634138386}, "datetime": {"datetime": "2024-01-20 13:27:06", "elapsed": 324.326798, "delta": 0.000871}}
{"target": -10.307930167542628, "params": {"colsample_bytree": 0.7197115365229716, "eta": 0.06525908461769402, "gamma": 449.1169916566233, "max_depth": 3.0, "min_child_weight": 4252.830006601369, "num_boost_round": 40.0, "subsample": 0.44930165634138386}, "datetime": {"datetime": "2024-01-20 13:27:06", "elapsed": 324.327307, "delta": 0.000509}}
{"target": -10.307941873686323, "params": {"colsample_bytree": 0.7197115365229716, "eta": 0.06525908461769402, "gamma": 449.1169916566233, "max_depth": 3.0, "min_child_weight": 4252.830006601369, "num_boost_round": 41.0, "subsample": 0.44930165634138386}, "datetime": {"datetime": "2024-01-20 13:27:06", "elapsed": 324.327811, "delta": 0.000504}}
{"target": -10.307877161439484, "params": {"colsample_bytree": 0.7197115365229716, "eta": 0.06525908461769402, "gamma": 449.1169916566233, "max_depth": 3.0, "min_child_weight": 4252.830006601369, "num_boost_round": 42.0, "subsample": 0.44930165634138386}, "datetime": {"datetime": "2024-01-20 13:27:06", "elapsed": 324.32832, "delta": 0.000509}}
{"target": -10.308320346069799, "params": {"colsample_bytree": 0.7197115365229716, "eta": 0.06525908461769402, "gamma": 449.1169916566233, "max_depth": 3.0, "min_child_weight": 4252.830006601369, "num_boost_round": 43.0, "subsample": 0.44930165634138386}, "datetime": {"datetime": "2024-01-20 13:27:06", "elapsed": 324.328918, "delta": 0.000598}}
{"target": -10.308540391537662, "params": {"colsample_bytree": 0.7197115365229716, "eta": 0.06525908461769402, "gamma": 449.1169916566233, "max_depth": 3.0, "min_child_weight": 4252.830006601369, "num_boost_round": 44.0, "subsample": 0.44930165634138386}, "datetime": {"datetime": "2024-01-20 13:27:06", "elapsed": 324.329436, "delta": 0.000518}}
{"target": -10.308727921528615, "params": {"colsample_bytree": 0.7197115365229716, "eta": 0.06525908461769402, "gamma": 449.1169916566233, "max_depth": 3.0, "min_child_weight": 4252.830006601369, "num_boost_round": 45.0, "subsample": 0.44930165634138386}, "datetime": {"datetime": "2024-01-20 13:27:06", "elapsed": 324.329942, "delta": 0.000506}}
{"target": -10.309162628584915, "params": {"colsample_bytree": 0.7197115365229716, "eta": 0.06525908461769402, "gamma": 449.1169916566233, "max_depth": 3.0, "min_child_weight": 4252.830006601369, "num_boost_round": 46.0, "subsample": 0.44930165634138386}, "datetime": {"datetime": "2024-01-20 13:27:06", "elapsed": 324.330449, "delta": 0.000507}}
{"target": -10.309356207816851, "params": {"colsample_bytree": 0.7197115365229716, "eta": 0.06525908461769402, "gamma": 449.1169916566233, "max_depth": 3.0, "min_child_weight": 4252.830006601369, "num_boost_round": 47.0, "subsample": 0.44930165634138386}, "datetime": {"datetime": "2024-01-20 13:27:06", "elapsed": 324.330962, "delta": 0.000513}}
{"target": -10.309322804351753, "params": {"colsample_bytree": 0.7197115365229716, "eta": 0.06525908461769402, "gamma": 449.1169916566233, "max_depth": 3.0, "min_child_weight": 4252.830006601369, "num_boost_round": 48.0, "subsample": 0.44930165634138386}, "datetime": {"datetime": "2024-01-20 13:27:06", "elapsed": 324.331545, "delta": 0.000583}}
{"target": -10.309333046611433, "params": {"colsample_bytree": 0.7197115365229716, "eta": 0.06525908461769402, "gamma": 449.1169916566233, "max_depth": 3.0, "min_child_weight": 4252.830006601369, "num_boost_round": 49.0, "subsample": 0.44930165634138386}, "datetime": {"datetime": "2024-01-20 13:27:06", "elapsed": 324.332502, "delta": 0.000957}}
{"target": -10.309404434952341, "params": {"colsample_bytree": 0.7197115365229716, "eta": 0.06525908461769402, "gamma": 449.1169916566233, "max_depth": 3.0, "min_child_weight": 4252.830006601369, "num_boost_round": 50.0, "subsample": 0.44930165634138386}, "datetime": {"datetime": "2024-01-20 13:27:06", "elapsed": 324.333073, "delta": 0.000571}}
{"target": -10.309405670671643, "params": {"colsample_bytree": 0.7197115365229716, "eta": 0.06525908461769402, "gamma": 449.1169916566233, "max_depth": 3.0, "min_child_weight": 4252.830006601369, "num_boost_round": 51.0, "subsample": 0.44930165634138386}, "datetime": {"datetime": "2024-01-20 13:27:06", "elapsed": 324.333599, "delta": 0.000526}}
{"target": -10.30942309685176, "params": {"colsample_bytree": 0.7197115365229716, "eta": 0.06525908461769402, "gamma": 449.1169916566233, "max_depth": 3.0, "min_child_weight": 4252.830006601369, "num_boost_round": 52.0, "subsample": 0.44930165634138386}, "datetime": {"datetime": "2024-01-20 13:27:06", "elapsed": 324.334118, "delta": 0.000519}}
{"target": -10.309541128867071, "params": {"colsample_bytree": 0.7197115365229716, "eta": 0.06525908461769402, "gamma": 449.1169916566233, "max_depth": 3.0, "min_child_weight": 4252.830006601369, "num_boost_round": 53.0, "subsample": 0.44930165634138386}, "datetime": {"datetime": "2024-01-20 13:27:06", "elapsed": 324.334647, "delta": 0.000529}}
{"target": -10.309607867424372, "params": {"colsample_bytree": 0.7197115365229716, "eta": 0.06525908461769402, "gamma": 449.1169916566233, "max_depth": 3.0, "min_child_weight": 4252.830006601369, "num_boost_round": 54.0, "subsample": 0.44930165634138386}, "datetime": {"datetime": "2024-01-20 13:27:06", "elapsed": 324.33518, "delta": 0.000533}}
{"target": -10.309925031586062, "params": {"colsample_bytree": 0.7197115365229716, "eta": 0.06525908461769402, "gamma": 449.1169916566233, "max_depth": 3.0, "min_child_weight": 4252.830006601369, "num_boost_round": 55.0, "subsample": 0.44930165634138386}, "datetime": {"datetime": "2024-01-20 13:27:06", "elapsed": 324.336118, "delta": 0.000938}}
{"target": -10.310015770467029, "params": {"colsample_bytree": 0.7197115365229716, "eta": 0.06525908461769402, "gamma": 449.1169916566233, "max_depth": 3.0, "min_child_weight": 4252.830006601369, "num_boost_round": 56.0, "subsample": 0.44930165634138386}, "datetime": {"datetime": "2024-01-20 13:27:06", "elapsed": 324.336702, "delta": 0.000584}}
{"target": -10.29844904809859, "params": {"colsample_bytree": 0.73110968066633, "eta": 0.024885714179205674, "gamma": 608.0284324929978, "max_depth": 8.0, "min_child_weight": 4135.487928164873, "num_boost_round": 1.0, "subsample": 0.7001632161677299}, "datetime": {"datetime": "2024-01-20 13:27:38", "elapsed": 356.068107, "delta": 31.731405}}
{"target": -10.298492482502736, "params": {"colsample_bytree": 0.73110968066633, "eta": 0.024885714179205674, "gamma": 608.0284324929978, "max_depth": 8.0, "min_child_weight": 4135.487928164873, "num_boost_round": 2.0, "subsample": 0.7001632161677299}, "datetime": {"datetime": "2024-01-20 13:27:38", "elapsed": 356.070365, "delta": 0.002258}}
{"target": -10.298491764251068, "params": {"colsample_bytree": 0.73110968066633, "eta": 0.024885714179205674, "gamma": 608.0284324929978, "max_depth": 8.0, "min_child_weight": 4135.487928164873, "num_boost_round": 3.0, "subsample": 0.7001632161677299}, "datetime": {"datetime": "2024-01-20 13:27:38", "elapsed": 356.071128, "delta": 0.000763}}
{"target": -10.298628335426525, "params": {"colsample_bytree": 0.73110968066633, "eta": 0.024885714179205674, "gamma": 608.0284324929978, "max_depth": 8.0, "min_child_weight": 4135.487928164873, "num_boost_round": 4.0, "subsample": 0.7001632161677299}, "datetime": {"datetime": "2024-01-20 13:27:38", "elapsed": 356.071831, "delta": 0.000703}}
{"target": -10.298750771420233, "params": {"colsample_bytree": 0.73110968066633, "eta": 0.024885714179205674, "gamma": 608.0284324929978, "max_depth": 8.0, "min_child_weight": 4135.487928164873, "num_boost_round": 5.0, "subsample": 0.7001632161677299}, "datetime": {"datetime": "2024-01-20 13:27:38", "elapsed": 356.072428, "delta": 0.000597}}
{"target": -10.298805013906698, "params": {"colsample_bytree": 0.73110968066633, "eta": 0.024885714179205674, "gamma": 608.0284324929978, "max_depth": 8.0, "min_child_weight": 4135.487928164873, "num_boost_round": 6.0, "subsample": 0.7001632161677299}, "datetime": {"datetime": "2024-01-20 13:27:38", "elapsed": 356.073146, "delta": 0.000718}}
{"target": -10.298854846532388, "params": {"colsample_bytree": 0.73110968066633, "eta": 0.024885714179205674, "gamma": 608.0284324929978, "max_depth": 8.0, "min_child_weight": 4135.487928164873, "num_boost_round": 7.0, "subsample": 0.7001632161677299}, "datetime": {"datetime": "2024-01-20 13:27:38", "elapsed": 356.073723, "delta": 0.000577}}
{"target": -10.29884488128507, "params": {"colsample_bytree": 0.73110968066633, "eta": 0.024885714179205674, "gamma": 608.0284324929978, "max_depth": 8.0, "min_child_weight": 4135.487928164873, "num_boost_round": 8.0, "subsample": 0.7001632161677299}, "datetime": {"datetime": "2024-01-20 13:27:38", "elapsed": 356.074285, "delta": 0.000562}}
{"target": -10.298916149404487, "params": {"colsample_bytree": 0.73110968066633, "eta": 0.024885714179205674, "gamma": 608.0284324929978, "max_depth": 8.0, "min_child_weight": 4135.487928164873, "num_boost_round": 9.0, "subsample": 0.7001632161677299}, "datetime": {"datetime": "2024-01-20 13:27:38", "elapsed": 356.074851, "delta": 0.000566}}
{"target": -10.299023746271347, "params": {"colsample_bytree": 0.73110968066633, "eta": 0.024885714179205674, "gamma": 608.0284324929978, "max_depth": 8.0, "min_child_weight": 4135.487928164873, "num_boost_round": 10.0, "subsample": 0.7001632161677299}, "datetime": {"datetime": "2024-01-20 13:27:38", "elapsed": 356.075415, "delta": 0.000564}}
{"target": -10.298188234601028, "params": {"colsample_bytree": 0.9614335944914091, "eta": 0.02211149865479454, "gamma": 593.7009541282977, "max_depth": 4.0, "min_child_weight": 4091.7129775533626, "num_boost_round": 1.0, "subsample": 0.12302105639711672}, "datetime": {"datetime": "2024-01-20 13:28:04", "elapsed": 382.021239, "delta": 25.945824}}
{"target": -10.297891773446981, "params": {"colsample_bytree": 0.9614335944914091, "eta": 0.02211149865479454, "gamma": 593.7009541282977, "max_depth": 4.0, "min_child_weight": 4091.7129775533626, "num_boost_round": 2.0, "subsample": 0.12302105639711672}, "datetime": {"datetime": "2024-01-20 13:28:04", "elapsed": 382.024481, "delta": 0.003242}}
{"target": -10.297775202967369, "params": {"colsample_bytree": 0.9614335944914091, "eta": 0.02211149865479454, "gamma": 593.7009541282977, "max_depth": 4.0, "min_child_weight": 4091.7129775533626, "num_boost_round": 3.0, "subsample": 0.12302105639711672}, "datetime": {"datetime": "2024-01-20 13:28:04", "elapsed": 382.025193, "delta": 0.000712}}
{"target": -10.297624982510452, "params": {"colsample_bytree": 0.9614335944914091, "eta": 0.02211149865479454, "gamma": 593.7009541282977, "max_depth": 4.0, "min_child_weight": 4091.7129775533626, "num_boost_round": 4.0, "subsample": 0.12302105639711672}, "datetime": {"datetime": "2024-01-20 13:28:04", "elapsed": 382.026135, "delta": 0.000942}}
{"target": -10.297401138826697, "params": {"colsample_bytree": 0.9614335944914091, "eta": 0.02211149865479454, "gamma": 593.7009541282977, "max_depth": 4.0, "min_child_weight": 4091.7129775533626, "num_boost_round": 5.0, "subsample": 0.12302105639711672}, "datetime": {"datetime": "2024-01-20 13:28:04", "elapsed": 382.02675, "delta": 0.000615}}
