{"target": -15.16501616833446, "params": {"colsample_bytree": 0.5939321535345923, "eta": 0.07152178474357823, "gamma": 602.7633760716438, "max_depth": 6.0, "min_child_weight": 4237.124338589708, "num_boost_round": 64.0, "subsample": 0.49382849013642327}, "datetime": {"datetime": "2024-01-20 14:24:02", "elapsed": 0.014714, "delta": 0.000201}}
{"target": -15.165094923282702, "params": {"colsample_bytree": 0.5939321535345923, "eta": 0.07152178474357823, "gamma": 602.7633760716438, "max_depth": 6.0, "min_child_weight": 4237.124338589708, "num_boost_round": 65.0, "subsample": 0.49382849013642327}, "datetime": {"datetime": "2024-01-20 14:24:02", "elapsed": 0.014917, "delta": 0.000203}}
{"target": -15.16543544029752, "params": {"colsample_bytree": 0.5939321535345923, "eta": 0.07152178474357823, "gamma": 602.7633760716438, "max_depth": 6.0, "min_child_weight": 4237.124338589708, "num_boost_round": 66.0, "subsample": 0.49382849013642327}, "datetime": {"datetime": "2024-01-20 14:24:02", "elapsed": 0.015123, "delta": 0.000206}}
{"target": -15.165568510457172, "params": {"colsample_bytree": 0.5939321535345923, "eta": 0.07152178474357823, "gamma": 602.7633760716438, "max_depth": 6.0, "min_child_weight": 4237.124338589708, "num_boost_round": 67.0, "subsample": 0.49382849013642327}, "datetime": {"datetime": "2024-01-20 14:24:02", "elapsed": 0.015332, "delta": 0.000209}}
{"target": -15.165438183909373, "params": {"colsample_bytree": 0.5939321535345923, "eta": 0.07152178474357823, "gamma": 602.7633760716438, "max_depth": 6.0, "min_child_weight": 4237.124338589708, "num_boost_round": 68.0, "subsample": 0.49382849013642327}, "datetime": {"datetime": "2024-01-20 14:24:02", "elapsed": 0.015542, "delta": 0.00021}}
{"target": -15.165474572974702, "params": {"colsample_bytree": 0.5939321535345923, "eta": 0.07152178474357823, "gamma": 602.7633760716438, "max_depth": 6.0, "min_child_weight": 4237.124338589708, "num_boost_round": 69.0, "subsample": 0.49382849013642327}, "datetime": {"datetime": "2024-01-20 14:24:02", "elapsed": 0.015744, "delta": 0.000202}}
{"target": -15.165653402298002, "params": {"colsample_bytree": 0.5939321535345923, "eta": 0.07152178474357823, "gamma": 602.7633760716438, "max_depth": 6.0, "min_child_weight": 4237.124338589708, "num_boost_round": 70.0, "subsample": 0.49382849013642327}, "datetime": {"datetime": "2024-01-20 14:24:02", "elapsed": 0.015948, "delta": 0.000204}}
{"target": -15.165753470674979, "params": {"colsample_bytree": 0.5939321535345923, "eta": 0.07152178474357823, "gamma": 602.7633760716438, "max_depth": 6.0, "min_child_weight": 4237.124338589708, "num_boost_round": 71.0, "subsample": 0.49382849013642327}, "datetime": {"datetime": "2024-01-20 14:24:02", "elapsed": 0.016153, "delta": 0.000205}}
{"target": -15.166213159044435, "params": {"colsample_bytree": 0.5939321535345923, "eta": 0.07152178474357823, "gamma": 602.7633760716438, "max_depth": 6.0, "min_child_weight": 4237.124338589708, "num_boost_round": 72.0, "subsample": 0.49382849013642327}, "datetime": {"datetime": "2024-01-20 14:24:02", "elapsed": 0.016371, "delta": 0.000218}}
{"target": -15.166462403200764, "params": {"colsample_bytree": 0.5939321535345923, "eta": 0.07152178474357823, "gamma": 602.7633760716438, "max_depth": 6.0, "min_child_weight": 4237.124338589708, "num_boost_round": 73.0, "subsample": 0.49382849013642327}, "datetime": {"datetime": "2024-01-20 14:24:02", "elapsed": 0.016583, "delta": 0.000212}}
{"target": -15.166678137721052, "params": {"colsample_bytree": 0.5939321535345923, "eta": 0.07152178474357823, "gamma": 602.7633760716438, "max_depth": 6.0, "min_child_weight": 4237.124338589708, "num_boost_round": 74.0, "subsample": 0.49382849013642327}, "datetime": {"datetime": "2024-01-20 14:24:02", "elapsed": 0.016793, "delta": 0.00021}}
{"target": -15.16685297741582, "params": {"colsample_bytree": 0.5939321535345923, "eta": 0.07152178474357823, "gamma": 602.7633760716438, "max_depth": 6.0, "min_child_weight": 4237.124338589708, "num_boost_round": 75.0, "subsample": 0.49382849013642327}, "datetime": {"datetime": "2024-01-20 14:24:02", "elapsed": 0.017003, "delta": 0.00021}}
{"target": -15.167125908606545, "params": {"colsample_bytree": 0.5939321535345923, "eta": 0.07152178474357823, "gamma": 602.7633760716438, "max_depth": 6.0, "min_child_weight": 4237.124338589708, "num_boost_round": 76.0, "subsample": 0.49382849013642327}, "datetime": {"datetime": "2024-01-20 14:24:02", "elapsed": 0.017215, "delta": 0.000212}}
{"target": -15.167736590416206, "params": {"colsample_bytree": 0.5939321535345923, "eta": 0.07152178474357823, "gamma": 602.7633760716438, "max_depth": 6.0, "min_child_weight": 4237.124338589708, "num_boost_round": 77.0, "subsample": 0.49382849013642327}, "datetime": {"datetime": "2024-01-20 14:24:02", "elapsed": 0.01744, "delta": 0.000225}}
{"target": -15.167591108154483, "params": {"colsample_bytree": 0.5939321535345923, "eta": 0.07152178474357823, "gamma": 602.7633760716438, "max_depth": 6.0, "min_child_weight": 4237.124338589708, "num_boost_round": 78.0, "subsample": 0.49382849013642327}, "datetime": {"datetime": "2024-01-20 14:24:02", "elapsed": 0.017664, "delta": 0.000224}}
{"target": -15.168123105332434, "params": {"colsample_bytree": 0.5939321535345923, "eta": 0.07152178474357823, "gamma": 602.7633760716438, "max_depth": 6.0, "min_child_weight": 4237.124338589708, "num_boost_round": 79.0, "subsample": 0.49382849013642327}, "datetime": {"datetime": "2024-01-20 14:24:02", "elapsed": 0.017884, "delta": 0.00022}}
{"target": -15.168666205528094, "params": {"colsample_bytree": 0.5939321535345923, "eta": 0.07152178474357823, "gamma": 602.7633760716438, "max_depth": 6.0, "min_child_weight": 4237.124338589708, "num_boost_round": 80.0, "subsample": 0.49382849013642327}, "datetime": {"datetime": "2024-01-20 14:24:02", "elapsed": 0.018104, "delta": 0.00022}}
{"target": -15.169165456249328, "params": {"colsample_bytree": 0.5939321535345923, "eta": 0.07152178474357823, "gamma": 602.7633760716438, "max_depth": 6.0, "min_child_weight": 4237.124338589708, "num_boost_round": 81.0, "subsample": 0.49382849013642327}, "datetime": {"datetime": "2024-01-20 14:24:02", "elapsed": 0.018331, "delta": 0.000227}}
{"target": -15.16900800053811, "params": {"colsample_bytree": 0.5939321535345923, "eta": 0.07152178474357823, "gamma": 602.7633760716438, "max_depth": 6.0, "min_child_weight": 4237.124338589708, "num_boost_round": 82.0, "subsample": 0.49382849013642327}, "datetime": {"datetime": "2024-01-20 14:24:02", "elapsed": 0.018554, "delta": 0.000223}}
{"target": -15.169169977111896, "params": {"colsample_bytree": 0.5939321535345923, "eta": 0.07152178474357823, "gamma": 602.7633760716438, "max_depth": 6.0, "min_child_weight": 4237.124338589708, "num_boost_round": 83.0, "subsample": 0.49382849013642327}, "datetime": {"datetime": "2024-01-20 14:24:02", "elapsed": 0.018777, "delta": 0.000223}}
{"target": -15.169124068234392, "params": {"colsample_bytree": 0.5939321535345923, "eta": 0.07152178474357823, "gamma": 602.7633760716438, "max_depth": 6.0, "min_child_weight": 4237.124338589708, "num_boost_round": 84.0, "subsample": 0.49382849013642327}, "datetime": {"datetime": "2024-01-20 14:24:02", "elapsed": 0.019, "delta": 0.000223}}
{"target": -15.169288502934187, "params": {"colsample_bytree": 0.5939321535345923, "eta": 0.07152178474357823, "gamma": 602.7633760716438, "max_depth": 6.0, "min_child_weight": 4237.124338589708, "num_boost_round": 85.0, "subsample": 0.49382849013642327}, "datetime": {"datetime": "2024-01-20 14:24:02", "elapsed": 0.019229, "delta": 0.000229}}
{"target": -15.169258905644458, "params": {"colsample_bytree": 0.5939321535345923, "eta": 0.07152178474357823, "gamma": 602.7633760716438, "max_depth": 6.0, "min_child_weight": 4237.124338589708, "num_boost_round": 86.0, "subsample": 0.49382849013642327}, "datetime": {"datetime": "2024-01-20 14:24:02", "elapsed": 0.019464, "delta": 0.000235}}
{"target": -15.16938203036784, "params": {"colsample_bytree": 0.5939321535345923, "eta": 0.07152178474357823, "gamma": 602.7633760716438, "max_depth": 6.0, "min_child_weight": 4237.124338589708, "num_boost_round": 87.0, "subsample": 0.49382849013642327}, "datetime": {"datetime": "2024-01-20 14:24:02", "elapsed": 0.0197, "delta": 0.000236}}
{"target": -15.16970522467374, "params": {"colsample_bytree": 0.5939321535345923, "eta": 0.07152178474357823, "gamma": 602.7633760716438, "max_depth": 6.0, "min_child_weight": 4237.124338589708, "num_boost_round": 88.0, "subsample": 0.49382849013642327}, "datetime": {"datetime": "2024-01-20 14:24:02", "elapsed": 0.019935, "delta": 0.000235}}
{"target": -15.16976239426413, "params": {"colsample_bytree": 0.5939321535345923, "eta": 0.07152178474357823, "gamma": 602.7633760716438, "max_depth": 6.0, "min_child_weight": 4237.124338589708, "num_boost_round": 89.0, "subsample": 0.49382849013642327}, "datetime": {"datetime": "2024-01-20 14:24:02", "elapsed": 0.02017, "delta": 0.000235}}
{"target": -15.170116925430115, "params": {"colsample_bytree": 0.5939321535345923, "eta": 0.07152178474357823, "gamma": 602.7633760716438, "max_depth": 6.0, "min_child_weight": 4237.124338589708, "num_boost_round": 90.0, "subsample": 0.49382849013642327}, "datetime": {"datetime": "2024-01-20 14:24:02", "elapsed": 0.02051, "delta": 0.00034}}
{"target": -15.170349799945347, "params": {"colsample_bytree": 0.5939321535345923, "eta": 0.07152178474357823, "gamma": 602.7633760716438, "max_depth": 6.0, "min_child_weight": 4237.124338589708, "num_boost_round": 91.0, "subsample": 0.49382849013642327}, "datetime": {"datetime": "2024-01-20 14:24:02", "elapsed": 0.02075, "delta": 0.00024}}
{"target": -15.17039097446865, "params": {"colsample_bytree": 0.5939321535345923, "eta": 0.07152178474357823, "gamma": 602.7633760716438, "max_depth": 6.0, "min_child_weight": 4237.124338589708, "num_boost_round": 92.0, "subsample": 0.49382849013642327}, "datetime": {"datetime": "2024-01-20 14:24:02", "elapsed": 0.020985, "delta": 0.000235}}
{"target": -15.170697152434805, "params": {"colsample_bytree": 0.5939321535345923, "eta": 0.07152178474357823, "gamma": 602.7633760716438, "max_depth": 6.0, "min_child_weight": 4237.124338589708, "num_boost_round": 93.0, "subsample": 0.49382849013642327}, "datetime": {"datetime": "2024-01-20 14:24:02", "elapsed": 0.021221, "delta": 0.000236}}
{"target": -15.17074176872241, "params": {"colsample_bytree": 0.5939321535345923, "eta": 0.07152178474357823, "gamma": 602.7633760716438, "max_depth": 6.0, "min_child_weight": 4237.124338589708, "num_boost_round": 94.0, "subsample": 0.49382849013642327}, "datetime": {"datetime": "2024-01-20 14:24:02", "elapsed": 0.021472, "delta": 0.000251}}
{"target": -15.17087668676692, "params": {"colsample_bytree": 0.5939321535345923, "eta": 0.07152178474357823, "gamma": 602.7633760716438, "max_depth": 6.0, "min_child_weight": 4237.124338589708, "num_boost_round": 95.0, "subsample": 0.49382849013642327}, "datetime": {"datetime": "2024-01-20 14:24:02", "elapsed": 0.021757, "delta": 0.000285}}
{"target": -15.171573223605332, "params": {"colsample_bytree": 0.5939321535345923, "eta": 0.07152178474357823, "gamma": 602.7633760716438, "max_depth": 6.0, "min_child_weight": 4237.124338589708, "num_boost_round": 96.0, "subsample": 0.49382849013642327}, "datetime": {"datetime": "2024-01-20 14:24:02", "elapsed": 0.022003, "delta": 0.000246}}
{"target": -15.17168286509518, "params": {"colsample_bytree": 0.5939321535345923, "eta": 0.07152178474357823, "gamma": 602.7633760716438, "max_depth": 6.0, "min_child_weight": 4237.124338589708, "num_boost_round": 97.0, "subsample": 0.49382849013642327}, "datetime": {"datetime": "2024-01-20 14:24:02", "elapsed": 0.022248, "delta": 0.000245}}
{"target": -15.171987251652371, "params": {"colsample_bytree": 0.5939321535345923, "eta": 0.07152178474357823, "gamma": 602.7633760716438, "max_depth": 6.0, "min_child_weight": 4237.124338589708, "num_boost_round": 98.0, "subsample": 0.49382849013642327}, "datetime": {"datetime": "2024-01-20 14:24:02", "elapsed": 0.022497, "delta": 0.000249}}
{"target": -15.17193816563773, "params": {"colsample_bytree": 0.5939321535345923, "eta": 0.07152178474357823, "gamma": 602.7633760716438, "max_depth": 6.0, "min_child_weight": 4237.124338589708, "num_boost_round": 99.0, "subsample": 0.49382849013642327}, "datetime": {"datetime": "2024-01-20 14:24:02", "elapsed": 0.022743, "delta": 0.000246}}
{"target": -15.171905496819, "params": {"colsample_bytree": 0.5939321535345923, "eta": 0.07152178474357823, "gamma": 602.7633760716438, "max_depth": 6.0, "min_child_weight": 4237.124338589708, "num_boost_round": 100.0, "subsample": 0.49382849013642327}, "datetime": {"datetime": "2024-01-20 14:24:02", "elapsed": 0.022985, "delta": 0.000242}}
{"target": -15.172213837166272, "params": {"colsample_bytree": 0.5939321535345923, "eta": 0.07152178474357823, "gamma": 602.7633760716438, "max_depth": 6.0, "min_child_weight": 4237.124338589708, "num_boost_round": 101.0, "subsample": 0.49382849013642327}, "datetime": {"datetime": "2024-01-20 14:24:02", "elapsed": 0.023234, "delta": 0.000249}}
{"target": -15.172108517299511, "params": {"colsample_bytree": 0.5939321535345923, "eta": 0.07152178474357823, "gamma": 602.7633760716438, "max_depth": 6.0, "min_child_weight": 4237.124338589708, "num_boost_round": 102.0, "subsample": 0.49382849013642327}, "datetime": {"datetime": "2024-01-20 14:24:02", "elapsed": 0.023489, "delta": 0.000255}}
{"target": -15.172363240439797, "params": {"colsample_bytree": 0.5939321535345923, "eta": 0.07152178474357823, "gamma": 602.7633760716438, "max_depth": 6.0, "min_child_weight": 4237.124338589708, "num_boost_round": 103.0, "subsample": 0.49382849013642327}, "datetime": {"datetime": "2024-01-20 14:24:02", "elapsed": 0.023738, "delta": 0.000249}}
{"target": -15.172538211461669, "params": {"colsample_bytree": 0.5939321535345923, "eta": 0.07152178474357823, "gamma": 602.7633760716438, "max_depth": 6.0, "min_child_weight": 4237.124338589708, "num_boost_round": 104.0, "subsample": 0.49382849013642327}, "datetime": {"datetime": "2024-01-20 14:24:02", "elapsed": 0.023986, "delta": 0.000248}}
{"target": -15.172548251918055, "params": {"colsample_bytree": 0.5939321535345923, "eta": 0.07152178474357823, "gamma": 602.7633760716438, "max_depth": 6.0, "min_child_weight": 4237.124338589708, "num_boost_round": 105.0, "subsample": 0.49382849013642327}, "datetime": {"datetime": "2024-01-20 14:24:02", "elapsed": 0.024238, "delta": 0.000252}}
{"target": -15.17285823712487, "params": {"colsample_bytree": 0.5939321535345923, "eta": 0.07152178474357823, "gamma": 602.7633760716438, "max_depth": 6.0, "min_child_weight": 4237.124338589708, "num_boost_round": 106.0, "subsample": 0.49382849013642327}, "datetime": {"datetime": "2024-01-20 14:24:02", "elapsed": 0.024498, "delta": 0.00026}}
{"target": -15.172944768483124, "params": {"colsample_bytree": 0.5939321535345923, "eta": 0.07152178474357823, "gamma": 602.7633760716438, "max_depth": 6.0, "min_child_weight": 4237.124338589708, "num_boost_round": 107.0, "subsample": 0.49382849013642327}, "datetime": {"datetime": "2024-01-20 14:24:02", "elapsed": 0.024754, "delta": 0.000256}}
{"target": -15.173270364932112, "params": {"colsample_bytree": 0.5939321535345923, "eta": 0.07152178474357823, "gamma": 602.7633760716438, "max_depth": 6.0, "min_child_weight": 4237.124338589708, "num_boost_round": 108.0, "subsample": 0.49382849013642327}, "datetime": {"datetime": "2024-01-20 14:24:02", "elapsed": 0.025015, "delta": 0.000261}}
{"target": -15.173311541796657, "params": {"colsample_bytree": 0.5939321535345923, "eta": 0.07152178474357823, "gamma": 602.7633760716438, "max_depth": 6.0, "min_child_weight": 4237.124338589708, "num_boost_round": 109.0, "subsample": 0.49382849013642327}, "datetime": {"datetime": "2024-01-20 14:24:02", "elapsed": 0.025275, "delta": 0.00026}}
{"target": -15.173563963614074, "params": {"colsample_bytree": 0.5939321535345923, "eta": 0.07152178474357823, "gamma": 602.7633760716438, "max_depth": 6.0, "min_child_weight": 4237.124338589708, "num_boost_round": 110.0, "subsample": 0.49382849013642327}, "datetime": {"datetime": "2024-01-20 14:24:02", "elapsed": 0.025545, "delta": 0.00027}}
{"target": -15.173609859973393, "params": {"colsample_bytree": 0.5939321535345923, "eta": 0.07152178474357823, "gamma": 602.7633760716438, "max_depth": 6.0, "min_child_weight": 4237.124338589708, "num_boost_round": 111.0, "subsample": 0.49382849013642327}, "datetime": {"datetime": "2024-01-20 14:24:02", "elapsed": 0.02581, "delta": 0.000265}}
{"target": -15.174010227571396, "params": {"colsample_bytree": 0.5939321535345923, "eta": 0.07152178474357823, "gamma": 602.7633760716438, "max_depth": 6.0, "min_child_weight": 4237.124338589708, "num_boost_round": 112.0, "subsample": 0.49382849013642327}, "datetime": {"datetime": "2024-01-20 14:24:02", "elapsed": 0.026069, "delta": 0.000259}}
{"target": -15.173828918659124, "params": {"colsample_bytree": 0.5939321535345923, "eta": 0.07152178474357823, "gamma": 602.7633760716438, "max_depth": 6.0, "min_child_weight": 4237.124338589708, "num_boost_round": 113.0, "subsample": 0.49382849013642327}, "datetime": {"datetime": "2024-01-20 14:24:02", "elapsed": 0.026338, "delta": 0.000269}}
{"target": -15.174034355867125, "params": {"colsample_bytree": 0.5939321535345923, "eta": 0.07152178474357823, "gamma": 602.7633760716438, "max_depth": 6.0, "min_child_weight": 4237.124338589708, "num_boost_round": 114.0, "subsample": 0.49382849013642327}, "datetime": {"datetime": "2024-01-20 14:24:02", "elapsed": 0.026605, "delta": 0.000267}}
{"target": -15.174144862127804, "params": {"colsample_bytree": 0.5939321535345923, "eta": 0.07152178474357823, "gamma": 602.7633760716438, "max_depth": 6.0, "min_child_weight": 4237.124338589708, "num_boost_round": 115.0, "subsample": 0.49382849013642327}, "datetime": {"datetime": "2024-01-20 14:24:02", "elapsed": 0.026876, "delta": 0.000271}}
{"target": -15.174438036910718, "params": {"colsample_bytree": 0.5939321535345923, "eta": 0.07152178474357823, "gamma": 602.7633760716438, "max_depth": 6.0, "min_child_weight": 4237.124338589708, "num_boost_round": 116.0, "subsample": 0.49382849013642327}, "datetime": {"datetime": "2024-01-20 14:24:02", "elapsed": 0.027149, "delta": 0.000273}}
{"target": -15.174413408879285, "params": {"colsample_bytree": 0.5939321535345923, "eta": 0.07152178474357823, "gamma": 602.7633760716438, "max_depth": 6.0, "min_child_weight": 4237.124338589708, "num_boost_round": 117.0, "subsample": 0.49382849013642327}, "datetime": {"datetime": "2024-01-20 14:24:02", "elapsed": 0.027425, "delta": 0.000276}}
{"target": -15.174397816170945, "params": {"colsample_bytree": 0.5939321535345923, "eta": 0.07152178474357823, "gamma": 602.7633760716438, "max_depth": 6.0, "min_child_weight": 4237.124338589708, "num_boost_round": 118.0, "subsample": 0.49382849013642327}, "datetime": {"datetime": "2024-01-20 14:24:02", "elapsed": 0.027699, "delta": 0.000274}}
{"target": -15.174535365573679, "params": {"colsample_bytree": 0.5939321535345923, "eta": 0.07152178474357823, "gamma": 602.7633760716438, "max_depth": 6.0, "min_child_weight": 4237.124338589708, "num_boost_round": 119.0, "subsample": 0.49382849013642327}, "datetime": {"datetime": "2024-01-20 14:24:02", "elapsed": 0.02797, "delta": 0.000271}}
{"target": -15.174844381103059, "params": {"colsample_bytree": 0.5939321535345923, "eta": 0.07152178474357823, "gamma": 602.7633760716438, "max_depth": 6.0, "min_child_weight": 4237.124338589708, "num_boost_round": 120.0, "subsample": 0.49382849013642327}, "datetime": {"datetime": "2024-01-20 14:24:02", "elapsed": 0.028246, "delta": 0.000276}}
{"target": -15.17494775626616, "params": {"colsample_bytree": 0.5939321535345923, "eta": 0.07152178474357823, "gamma": 602.7633760716438, "max_depth": 6.0, "min_child_weight": 4237.124338589708, "num_boost_round": 121.0, "subsample": 0.49382849013642327}, "datetime": {"datetime": "2024-01-20 14:24:02", "elapsed": 0.028521, "delta": 0.000275}}
{"target": -15.174909929831042, "params": {"colsample_bytree": 0.5939321535345923, "eta": 0.07152178474357823, "gamma": 602.7633760716438, "max_depth": 6.0, "min_child_weight": 4237.124338589708, "num_boost_round": 122.0, "subsample": 0.49382849013642327}, "datetime": {"datetime": "2024-01-20 14:24:02", "elapsed": 0.028793, "delta": 0.000272}}
{"target": -15.175221637758641, "params": {"colsample_bytree": 0.5939321535345923, "eta": 0.07152178474357823, "gamma": 602.7633760716438, "max_depth": 6.0, "min_child_weight": 4237.124338589708, "num_boost_round": 123.0, "subsample": 0.49382849013642327}, "datetime": {"datetime": "2024-01-20 14:24:02", "elapsed": 0.029066, "delta": 0.000273}}
{"target": -15.175479096170985, "params": {"colsample_bytree": 0.5939321535345923, "eta": 0.07152178474357823, "gamma": 602.7633760716438, "max_depth": 6.0, "min_child_weight": 4237.124338589708, "num_boost_round": 124.0, "subsample": 0.49382849013642327}, "datetime": {"datetime": "2024-01-20 14:24:02", "elapsed": 0.029361, "delta": 0.000295}}
{"target": -15.175796910657356, "params": {"colsample_bytree": 0.5939321535345923, "eta": 0.07152178474357823, "gamma": 602.7633760716438, "max_depth": 6.0, "min_child_weight": 4237.124338589708, "num_boost_round": 125.0, "subsample": 0.49382849013642327}, "datetime": {"datetime": "2024-01-20 14:24:02", "elapsed": 0.029646, "delta": 0.000285}}
{"target": -15.175949859803557, "params": {"colsample_bytree": 0.5939321535345923, "eta": 0.07152178474357823, "gamma": 602.7633760716438, "max_depth": 6.0, "min_child_weight": 4237.124338589708, "num_boost_round": 126.0, "subsample": 0.49382849013642327}, "datetime": {"datetime": "2024-01-20 14:24:02", "elapsed": 0.030007, "delta": 0.000361}}
