{"target": -12.343796048664682, "params": {"colsample_bytree": 0.33812860299072134, "eta": 0.08164472741171898, "gamma": 540.0030241269933, "max_depth": 3.0, "min_child_weight": 4210.329119844216, "num_boost_round": 68.0, "subsample": 0.32273025642721975}, "datetime": {"datetime": "2024-01-20 15:42:57", "elapsed": 4744.265979, "delta": 0.005609}}
{"target": -12.344010834356176, "params": {"colsample_bytree": 0.33812860299072134, "eta": 0.08164472741171898, "gamma": 540.0030241269933, "max_depth": 3.0, "min_child_weight": 4210.329119844216, "num_boost_round": 69.0, "subsample": 0.32273025642721975}, "datetime": {"datetime": "2024-01-20 15:42:57", "elapsed": 4744.271576, "delta": 0.005597}}
{"target": -12.343955443248475, "params": {"colsample_bytree": 0.33812860299072134, "eta": 0.08164472741171898, "gamma": 540.0030241269933, "max_depth": 3.0, "min_child_weight": 4210.329119844216, "num_boost_round": 70.0, "subsample": 0.32273025642721975}, "datetime": {"datetime": "2024-01-20 15:42:58", "elapsed": 4744.277213, "delta": 0.005637}}
{"target": -12.34397888619464, "params": {"colsample_bytree": 0.33812860299072134, "eta": 0.08164472741171898, "gamma": 540.0030241269933, "max_depth": 3.0, "min_child_weight": 4210.329119844216, "num_boost_round": 71.0, "subsample": 0.32273025642721975}, "datetime": {"datetime": "2024-01-20 15:42:58", "elapsed": 4744.282392, "delta": 0.005179}}
{"target": -12.343818516070048, "params": {"colsample_bytree": 0.33812860299072134, "eta": 0.08164472741171898, "gamma": 540.0030241269933, "max_depth": 3.0, "min_child_weight": 4210.329119844216, "num_boost_round": 72.0, "subsample": 0.32273025642721975}, "datetime": {"datetime": "2024-01-20 15:42:58", "elapsed": 4744.287606, "delta": 0.005214}}
{"target": -12.3437826125212, "params": {"colsample_bytree": 0.33812860299072134, "eta": 0.08164472741171898, "gamma": 540.0030241269933, "max_depth": 3.0, "min_child_weight": 4210.329119844216, "num_boost_round": 73.0, "subsample": 0.32273025642721975}, "datetime": {"datetime": "2024-01-20 15:42:58", "elapsed": 4744.292916, "delta": 0.00531}}
{"target": -12.34355438126132, "params": {"colsample_bytree": 0.33812860299072134, "eta": 0.08164472741171898, "gamma": 540.0030241269933, "max_depth": 3.0, "min_child_weight": 4210.329119844216, "num_boost_round": 74.0, "subsample": 0.32273025642721975}, "datetime": {"datetime": "2024-01-20 15:42:58", "elapsed": 4744.30094, "delta": 0.008024}}
{"target": -12.343235032090345, "params": {"colsample_bytree": 0.33812860299072134, "eta": 0.08164472741171898, "gamma": 540.0030241269933, "max_depth": 3.0, "min_child_weight": 4210.329119844216, "num_boost_round": 75.0, "subsample": 0.32273025642721975}, "datetime": {"datetime": "2024-01-20 15:42:58", "elapsed": 4744.309207, "delta": 0.008267}}
{"target": -12.34337491025618, "params": {"colsample_bytree": 0.33812860299072134, "eta": 0.08164472741171898, "gamma": 540.0030241269933, "max_depth": 3.0, "min_child_weight": 4210.329119844216, "num_boost_round": 76.0, "subsample": 0.32273025642721975}, "datetime": {"datetime": "2024-01-20 15:42:58", "elapsed": 4744.315502, "delta": 0.006295}}
{"target": -12.343579745150741, "params": {"colsample_bytree": 0.33812860299072134, "eta": 0.08164472741171898, "gamma": 540.0030241269933, "max_depth": 3.0, "min_child_weight": 4210.329119844216, "num_boost_round": 77.0, "subsample": 0.32273025642721975}, "datetime": {"datetime": "2024-01-20 15:42:58", "elapsed": 4744.32091, "delta": 0.005408}}
{"target": -12.343582556821945, "params": {"colsample_bytree": 0.33812860299072134, "eta": 0.08164472741171898, "gamma": 540.0030241269933, "max_depth": 3.0, "min_child_weight": 4210.329119844216, "num_boost_round": 78.0, "subsample": 0.32273025642721975}, "datetime": {"datetime": "2024-01-20 15:42:58", "elapsed": 4744.326157, "delta": 0.005247}}
{"target": -12.343729702432729, "params": {"colsample_bytree": 0.33812860299072134, "eta": 0.08164472741171898, "gamma": 540.0030241269933, "max_depth": 3.0, "min_child_weight": 4210.329119844216, "num_boost_round": 79.0, "subsample": 0.32273025642721975}, "datetime": {"datetime": "2024-01-20 15:42:58", "elapsed": 4744.33138, "delta": 0.005223}}
{"target": -12.343934772182388, "params": {"colsample_bytree": 0.33812860299072134, "eta": 0.08164472741171898, "gamma": 540.0030241269933, "max_depth": 3.0, "min_child_weight": 4210.329119844216, "num_boost_round": 80.0, "subsample": 0.32273025642721975}, "datetime": {"datetime": "2024-01-20 15:42:58", "elapsed": 4744.337393, "delta": 0.006013}}
{"target": -12.343859418562177, "params": {"colsample_bytree": 0.33812860299072134, "eta": 0.08164472741171898, "gamma": 540.0030241269933, "max_depth": 3.0, "min_child_weight": 4210.329119844216, "num_boost_round": 81.0, "subsample": 0.32273025642721975}, "datetime": {"datetime": "2024-01-20 15:42:58", "elapsed": 4744.343927, "delta": 0.006534}}
{"target": -12.343991671685332, "params": {"colsample_bytree": 0.33812860299072134, "eta": 0.08164472741171898, "gamma": 540.0030241269933, "max_depth": 3.0, "min_child_weight": 4210.329119844216, "num_boost_round": 82.0, "subsample": 0.32273025642721975}, "datetime": {"datetime": "2024-01-20 15:42:58", "elapsed": 4744.350956, "delta": 0.007029}}
{"target": -12.343843321633143, "params": {"colsample_bytree": 0.33812860299072134, "eta": 0.08164472741171898, "gamma": 540.0030241269933, "max_depth": 3.0, "min_child_weight": 4210.329119844216, "num_boost_round": 83.0, "subsample": 0.32273025642721975}, "datetime": {"datetime": "2024-01-20 15:42:58", "elapsed": 4744.356998, "delta": 0.006042}}
{"target": -12.343822672843757, "params": {"colsample_bytree": 0.33812860299072134, "eta": 0.08164472741171898, "gamma": 540.0030241269933, "max_depth": 3.0, "min_child_weight": 4210.329119844216, "num_boost_round": 84.0, "subsample": 0.32273025642721975}, "datetime": {"datetime": "2024-01-20 15:42:58", "elapsed": 4744.362613, "delta": 0.005615}}
{"target": -12.34368568989782, "params": {"colsample_bytree": 0.33812860299072134, "eta": 0.08164472741171898, "gamma": 540.0030241269933, "max_depth": 3.0, "min_child_weight": 4210.329119844216, "num_boost_round": 85.0, "subsample": 0.32273025642721975}, "datetime": {"datetime": "2024-01-20 15:42:58", "elapsed": 4744.368194, "delta": 0.005581}}
{"target": -12.343864798569863, "params": {"colsample_bytree": 0.33812860299072134, "eta": 0.08164472741171898, "gamma": 540.0030241269933, "max_depth": 3.0, "min_child_weight": 4210.329119844216, "num_boost_round": 86.0, "subsample": 0.32273025642721975}, "datetime": {"datetime": "2024-01-20 15:42:58", "elapsed": 4744.373469, "delta": 0.005275}}
{"target": -12.343923482342898, "params": {"colsample_bytree": 0.33812860299072134, "eta": 0.08164472741171898, "gamma": 540.0030241269933, "max_depth": 3.0, "min_child_weight": 4210.329119844216, "num_boost_round": 87.0, "subsample": 0.32273025642721975}, "datetime": {"datetime": "2024-01-20 15:42:58", "elapsed": 4744.378715, "delta": 0.005246}}
{"target": -12.343941498581696, "params": {"colsample_bytree": 0.33812860299072134, "eta": 0.08164472741171898, "gamma": 540.0030241269933, "max_depth": 3.0, "min_child_weight": 4210.329119844216, "num_boost_round": 88.0, "subsample": 0.32273025642721975}, "datetime": {"datetime": "2024-01-20 15:42:58", "elapsed": 4744.383896, "delta": 0.005181}}
{"target": -12.34424831135651, "params": {"colsample_bytree": 0.33812860299072134, "eta": 0.08164472741171898, "gamma": 540.0030241269933, "max_depth": 3.0, "min_child_weight": 4210.329119844216, "num_boost_round": 89.0, "subsample": 0.32273025642721975}, "datetime": {"datetime": "2024-01-20 15:42:58", "elapsed": 4744.389163, "delta": 0.005267}}
{"target": -12.344360253073546, "params": {"colsample_bytree": 0.33812860299072134, "eta": 0.08164472741171898, "gamma": 540.0030241269933, "max_depth": 3.0, "min_child_weight": 4210.329119844216, "num_boost_round": 90.0, "subsample": 0.32273025642721975}, "datetime": {"datetime": "2024-01-20 15:42:58", "elapsed": 4744.394459, "delta": 0.005296}}
{"target": -12.344734525281844, "params": {"colsample_bytree": 0.33812860299072134, "eta": 0.08164472741171898, "gamma": 540.0030241269933, "max_depth": 3.0, "min_child_weight": 4210.329119844216, "num_boost_round": 91.0, "subsample": 0.32273025642721975}, "datetime": {"datetime": "2024-01-20 15:42:58", "elapsed": 4744.399793, "delta": 0.005334}}
{"target": -12.34478355168902, "params": {"colsample_bytree": 0.33812860299072134, "eta": 0.08164472741171898, "gamma": 540.0030241269933, "max_depth": 3.0, "min_child_weight": 4210.329119844216, "num_boost_round": 92.0, "subsample": 0.32273025642721975}, "datetime": {"datetime": "2024-01-20 15:42:58", "elapsed": 4744.405279, "delta": 0.005486}}
{"target": -12.345069371347785, "params": {"colsample_bytree": 0.33812860299072134, "eta": 0.08164472741171898, "gamma": 540.0030241269933, "max_depth": 3.0, "min_child_weight": 4210.329119844216, "num_boost_round": 93.0, "subsample": 0.32273025642721975}, "datetime": {"datetime": "2024-01-20 15:42:58", "elapsed": 4744.410801, "delta": 0.005522}}
{"target": -12.34494487756728, "params": {"colsample_bytree": 0.33812860299072134, "eta": 0.08164472741171898, "gamma": 540.0030241269933, "max_depth": 3.0, "min_child_weight": 4210.329119844216, "num_boost_round": 94.0, "subsample": 0.32273025642721975}, "datetime": {"datetime": "2024-01-20 15:42:58", "elapsed": 4744.416418, "delta": 0.005617}}
{"target": -12.345205853875765, "params": {"colsample_bytree": 0.33812860299072134, "eta": 0.08164472741171898, "gamma": 540.0030241269933, "max_depth": 3.0, "min_child_weight": 4210.329119844216, "num_boost_round": 95.0, "subsample": 0.32273025642721975}, "datetime": {"datetime": "2024-01-20 15:42:58", "elapsed": 4744.421613, "delta": 0.005195}}
{"target": -12.34525036215296, "params": {"colsample_bytree": 0.33812860299072134, "eta": 0.08164472741171898, "gamma": 540.0030241269933, "max_depth": 3.0, "min_child_weight": 4210.329119844216, "num_boost_round": 96.0, "subsample": 0.32273025642721975}, "datetime": {"datetime": "2024-01-20 15:42:58", "elapsed": 4744.426805, "delta": 0.005192}}
{"target": -12.345064192529932, "params": {"colsample_bytree": 0.33812860299072134, "eta": 0.08164472741171898, "gamma": 540.0030241269933, "max_depth": 3.0, "min_child_weight": 4210.329119844216, "num_boost_round": 97.0, "subsample": 0.32273025642721975}, "datetime": {"datetime": "2024-01-20 15:42:58", "elapsed": 4744.432044, "delta": 0.005239}}
{"target": -12.345219345369195, "params": {"colsample_bytree": 0.33812860299072134, "eta": 0.08164472741171898, "gamma": 540.0030241269933, "max_depth": 3.0, "min_child_weight": 4210.329119844216, "num_boost_round": 98.0, "subsample": 0.32273025642721975}, "datetime": {"datetime": "2024-01-20 15:42:58", "elapsed": 4744.438123, "delta": 0.006079}}
{"target": -12.345429109782227, "params": {"colsample_bytree": 0.33812860299072134, "eta": 0.08164472741171898, "gamma": 540.0030241269933, "max_depth": 3.0, "min_child_weight": 4210.329119844216, "num_boost_round": 99.0, "subsample": 0.32273025642721975}, "datetime": {"datetime": "2024-01-20 15:42:58", "elapsed": 4744.443531, "delta": 0.005408}}
{"target": -12.345575453207491, "params": {"colsample_bytree": 0.33812860299072134, "eta": 0.08164472741171898, "gamma": 540.0030241269933, "max_depth": 3.0, "min_child_weight": 4210.329119844216, "num_boost_round": 100.0, "subsample": 0.32273025642721975}, "datetime": {"datetime": "2024-01-20 15:42:58", "elapsed": 4744.448839, "delta": 0.005308}}
{"target": -12.34584592451559, "params": {"colsample_bytree": 0.33812860299072134, "eta": 0.08164472741171898, "gamma": 540.0030241269933, "max_depth": 3.0, "min_child_weight": 4210.329119844216, "num_boost_round": 101.0, "subsample": 0.32273025642721975}, "datetime": {"datetime": "2024-01-20 15:42:58", "elapsed": 4744.454019, "delta": 0.00518}}
{"target": -12.3460020481049, "params": {"colsample_bytree": 0.33812860299072134, "eta": 0.08164472741171898, "gamma": 540.0030241269933, "max_depth": 3.0, "min_child_weight": 4210.329119844216, "num_boost_round": 102.0, "subsample": 0.32273025642721975}, "datetime": {"datetime": "2024-01-20 15:42:58", "elapsed": 4744.459213, "delta": 0.005194}}
{"target": -12.345801721314572, "params": {"colsample_bytree": 0.33812860299072134, "eta": 0.08164472741171898, "gamma": 540.0030241269933, "max_depth": 3.0, "min_child_weight": 4210.329119844216, "num_boost_round": 103.0, "subsample": 0.32273025642721975}, "datetime": {"datetime": "2024-01-20 15:42:58", "elapsed": 4744.464617, "delta": 0.005404}}
{"target": -12.346131825223868, "params": {"colsample_bytree": 0.33812860299072134, "eta": 0.08164472741171898, "gamma": 540.0030241269933, "max_depth": 3.0, "min_child_weight": 4210.329119844216, "num_boost_round": 104.0, "subsample": 0.32273025642721975}, "datetime": {"datetime": "2024-01-20 15:42:58", "elapsed": 4744.470106, "delta": 0.005489}}
{"target": -12.346129696708342, "params": {"colsample_bytree": 0.33812860299072134, "eta": 0.08164472741171898, "gamma": 540.0030241269933, "max_depth": 3.0, "min_child_weight": 4210.329119844216, "num_boost_round": 105.0, "subsample": 0.32273025642721975}, "datetime": {"datetime": "2024-01-20 15:42:58", "elapsed": 4744.475656, "delta": 0.00555}}
{"target": -12.346041975169392, "params": {"colsample_bytree": 0.33812860299072134, "eta": 0.08164472741171898, "gamma": 540.0030241269933, "max_depth": 3.0, "min_child_weight": 4210.329119844216, "num_boost_round": 106.0, "subsample": 0.32273025642721975}, "datetime": {"datetime": "2024-01-20 15:42:58", "elapsed": 4744.48134, "delta": 0.005684}}
{"target": -12.345873017266964, "params": {"colsample_bytree": 0.33812860299072134, "eta": 0.08164472741171898, "gamma": 540.0030241269933, "max_depth": 3.0, "min_child_weight": 4210.329119844216, "num_boost_round": 107.0, "subsample": 0.32273025642721975}, "datetime": {"datetime": "2024-01-20 15:42:58", "elapsed": 4744.486581, "delta": 0.005241}}
{"target": -12.345779324767609, "params": {"colsample_bytree": 0.33812860299072134, "eta": 0.08164472741171898, "gamma": 540.0030241269933, "max_depth": 3.0, "min_child_weight": 4210.329119844216, "num_boost_round": 108.0, "subsample": 0.32273025642721975}, "datetime": {"datetime": "2024-01-20 15:42:58", "elapsed": 4744.491817, "delta": 0.005236}}
{"target": -12.345712280355443, "params": {"colsample_bytree": 0.33812860299072134, "eta": 0.08164472741171898, "gamma": 540.0030241269933, "max_depth": 3.0, "min_child_weight": 4210.329119844216, "num_boost_round": 109.0, "subsample": 0.32273025642721975}, "datetime": {"datetime": "2024-01-20 15:42:58", "elapsed": 4744.497054, "delta": 0.005237}}
{"target": -12.34562368846343, "params": {"colsample_bytree": 0.33812860299072134, "eta": 0.08164472741171898, "gamma": 540.0030241269933, "max_depth": 3.0, "min_child_weight": 4210.329119844216, "num_boost_round": 110.0, "subsample": 0.32273025642721975}, "datetime": {"datetime": "2024-01-20 15:42:58", "elapsed": 4744.502289, "delta": 0.005235}}
{"target": -12.345778723441462, "params": {"colsample_bytree": 0.33812860299072134, "eta": 0.08164472741171898, "gamma": 540.0030241269933, "max_depth": 3.0, "min_child_weight": 4210.329119844216, "num_boost_round": 111.0, "subsample": 0.32273025642721975}, "datetime": {"datetime": "2024-01-20 15:42:58", "elapsed": 4744.507505, "delta": 0.005216}}
{"target": -12.345882348599634, "params": {"colsample_bytree": 0.33812860299072134, "eta": 0.08164472741171898, "gamma": 540.0030241269933, "max_depth": 3.0, "min_child_weight": 4210.329119844216, "num_boost_round": 112.0, "subsample": 0.32273025642721975}, "datetime": {"datetime": "2024-01-20 15:42:58", "elapsed": 4744.512825, "delta": 0.00532}}
{"target": -12.345767726165274, "params": {"colsample_bytree": 0.33812860299072134, "eta": 0.08164472741171898, "gamma": 540.0030241269933, "max_depth": 3.0, "min_child_weight": 4210.329119844216, "num_boost_round": 113.0, "subsample": 0.32273025642721975}, "datetime": {"datetime": "2024-01-20 15:42:58", "elapsed": 4744.518782, "delta": 0.005957}}
{"target": -12.34599085249034, "params": {"colsample_bytree": 0.33812860299072134, "eta": 0.08164472741171898, "gamma": 540.0030241269933, "max_depth": 3.0, "min_child_weight": 4210.329119844216, "num_boost_round": 114.0, "subsample": 0.32273025642721975}, "datetime": {"datetime": "2024-01-20 15:42:58", "elapsed": 4744.524126, "delta": 0.005344}}
{"target": -12.346091416540919, "params": {"colsample_bytree": 0.33812860299072134, "eta": 0.08164472741171898, "gamma": 540.0030241269933, "max_depth": 3.0, "min_child_weight": 4210.329119844216, "num_boost_round": 115.0, "subsample": 0.32273025642721975}, "datetime": {"datetime": "2024-01-20 15:42:58", "elapsed": 4744.529543, "delta": 0.005417}}
{"target": -12.346057754136332, "params": {"colsample_bytree": 0.33812860299072134, "eta": 0.08164472741171898, "gamma": 540.0030241269933, "max_depth": 3.0, "min_child_weight": 4210.329119844216, "num_boost_round": 116.0, "subsample": 0.32273025642721975}, "datetime": {"datetime": "2024-01-20 15:42:58", "elapsed": 4744.535181, "delta": 0.005638}}
{"target": -12.346131666572589, "params": {"colsample_bytree": 0.33812860299072134, "eta": 0.08164472741171898, "gamma": 540.0030241269933, "max_depth": 3.0, "min_child_weight": 4210.329119844216, "num_boost_round": 117.0, "subsample": 0.32273025642721975}, "datetime": {"datetime": "2024-01-20 15:42:58", "elapsed": 4744.888755, "delta": 0.353574}}
{"target": -12.356830781382962, "params": {"colsample_bytree": 0.34483711635427, "eta": 0.05984041808233807, "gamma": 576.7032212215754, "max_depth": 7.0, "min_child_weight": 4108.374104803846, "num_boost_round": 1.0, "subsample": 0.27748144991631396}, "datetime": {"datetime": "2024-01-20 15:45:00", "elapsed": 4866.937629, "delta": 122.048874}}
{"target": -12.35559523871132, "params": {"colsample_bytree": 0.34483711635427, "eta": 0.05984041808233807, "gamma": 576.7032212215754, "max_depth": 7.0, "min_child_weight": 4108.374104803846, "num_boost_round": 2.0, "subsample": 0.27748144991631396}, "datetime": {"datetime": "2024-01-20 15:45:00", "elapsed": 4866.944315, "delta": 0.006686}}
{"target": -12.352072728398726, "params": {"colsample_bytree": 0.34483711635427, "eta": 0.05984041808233807, "gamma": 576.7032212215754, "max_depth": 7.0, "min_child_weight": 4108.374104803846, "num_boost_round": 3.0, "subsample": 0.27748144991631396}, "datetime": {"datetime": "2024-01-20 15:45:00", "elapsed": 4866.949904, "delta": 0.005589}}
{"target": -12.352364314329318, "params": {"colsample_bytree": 0.34483711635427, "eta": 0.05984041808233807, "gamma": 576.7032212215754, "max_depth": 7.0, "min_child_weight": 4108.374104803846, "num_boost_round": 4.0, "subsample": 0.27748144991631396}, "datetime": {"datetime": "2024-01-20 15:45:00", "elapsed": 4866.955451, "delta": 0.005547}}
{"target": -12.351151275636447, "params": {"colsample_bytree": 0.34483711635427, "eta": 0.05984041808233807, "gamma": 576.7032212215754, "max_depth": 7.0, "min_child_weight": 4108.374104803846, "num_boost_round": 5.0, "subsample": 0.27748144991631396}, "datetime": {"datetime": "2024-01-20 15:45:00", "elapsed": 4866.961213, "delta": 0.005762}}
{"target": -12.350093223599313, "params": {"colsample_bytree": 0.34483711635427, "eta": 0.05984041808233807, "gamma": 576.7032212215754, "max_depth": 7.0, "min_child_weight": 4108.374104803846, "num_boost_round": 6.0, "subsample": 0.27748144991631396}, "datetime": {"datetime": "2024-01-20 15:45:00", "elapsed": 4866.96645, "delta": 0.005237}}
{"target": -12.350116269070519, "params": {"colsample_bytree": 0.34483711635427, "eta": 0.05984041808233807, "gamma": 576.7032212215754, "max_depth": 7.0, "min_child_weight": 4108.374104803846, "num_boost_round": 7.0, "subsample": 0.27748144991631396}, "datetime": {"datetime": "2024-01-20 15:45:00", "elapsed": 4866.971573, "delta": 0.005123}}
{"target": -12.3488966550102, "params": {"colsample_bytree": 0.34483711635427, "eta": 0.05984041808233807, "gamma": 576.7032212215754, "max_depth": 7.0, "min_child_weight": 4108.374104803846, "num_boost_round": 8.0, "subsample": 0.27748144991631396}, "datetime": {"datetime": "2024-01-20 15:45:00", "elapsed": 4866.976772, "delta": 0.005199}}
{"target": -12.348848682415552, "params": {"colsample_bytree": 0.34483711635427, "eta": 0.05984041808233807, "gamma": 576.7032212215754, "max_depth": 7.0, "min_child_weight": 4108.374104803846, "num_boost_round": 9.0, "subsample": 0.27748144991631396}, "datetime": {"datetime": "2024-01-20 15:45:00", "elapsed": 4866.982036, "delta": 0.005264}}
{"target": -12.34848465873479, "params": {"colsample_bytree": 0.34483711635427, "eta": 0.05984041808233807, "gamma": 576.7032212215754, "max_depth": 7.0, "min_child_weight": 4108.374104803846, "num_boost_round": 10.0, "subsample": 0.27748144991631396}, "datetime": {"datetime": "2024-01-20 15:45:00", "elapsed": 4866.987155, "delta": 0.005119}}
{"target": -12.347760573108227, "params": {"colsample_bytree": 0.34483711635427, "eta": 0.05984041808233807, "gamma": 576.7032212215754, "max_depth": 7.0, "min_child_weight": 4108.374104803846, "num_boost_round": 11.0, "subsample": 0.27748144991631396}, "datetime": {"datetime": "2024-01-20 15:45:00", "elapsed": 4866.9923, "delta": 0.005145}}
{"target": -12.347505743269334, "params": {"colsample_bytree": 0.34483711635427, "eta": 0.05984041808233807, "gamma": 576.7032212215754, "max_depth": 7.0, "min_child_weight": 4108.374104803846, "num_boost_round": 12.0, "subsample": 0.27748144991631396}, "datetime": {"datetime": "2024-01-20 15:45:00", "elapsed": 4866.997582, "delta": 0.005282}}
{"target": -12.347852422330305, "params": {"colsample_bytree": 0.34483711635427, "eta": 0.05984041808233807, "gamma": 576.7032212215754, "max_depth": 7.0, "min_child_weight": 4108.374104803846, "num_boost_round": 13.0, "subsample": 0.27748144991631396}, "datetime": {"datetime": "2024-01-20 15:45:00", "elapsed": 4867.002896, "delta": 0.005314}}
