{"target": -15.163955970898652, "params": {"colsample_bytree": 0.5811512164233892, "eta": 0.09718580491138468, "gamma": 472.37615490026053, "max_depth": 8.0, "min_child_weight": 4368.412099347431, "num_boost_round": 5.0, "subsample": 0.7512234309399696}, "datetime": {"datetime": "2024-01-20 14:57:39", "elapsed": 2016.735784, "delta": 0.002779}}
{"target": -15.16358189497529, "params": {"colsample_bytree": 0.5811512164233892, "eta": 0.09718580491138468, "gamma": 472.37615490026053, "max_depth": 8.0, "min_child_weight": 4368.412099347431, "num_boost_round": 6.0, "subsample": 0.7512234309399696}, "datetime": {"datetime": "2024-01-20 14:57:39", "elapsed": 2016.738609, "delta": 0.002825}}
{"target": -15.162777931911904, "params": {"colsample_bytree": 0.5811512164233892, "eta": 0.09718580491138468, "gamma": 472.37615490026053, "max_depth": 8.0, "min_child_weight": 4368.412099347431, "num_boost_round": 7.0, "subsample": 0.7512234309399696}, "datetime": {"datetime": "2024-01-20 14:57:39", "elapsed": 2016.741518, "delta": 0.002909}}
{"target": -15.162226016060185, "params": {"colsample_bytree": 0.5811512164233892, "eta": 0.09718580491138468, "gamma": 472.37615490026053, "max_depth": 8.0, "min_child_weight": 4368.412099347431, "num_boost_round": 8.0, "subsample": 0.7512234309399696}, "datetime": {"datetime": "2024-01-20 14:57:39", "elapsed": 2016.7445, "delta": 0.002982}}
{"target": -15.163044689813322, "params": {"colsample_bytree": 0.5811512164233892, "eta": 0.09718580491138468, "gamma": 472.37615490026053, "max_depth": 8.0, "min_child_weight": 4368.412099347431, "num_boost_round": 9.0, "subsample": 0.7512234309399696}, "datetime": {"datetime": "2024-01-20 14:57:39", "elapsed": 2016.747261, "delta": 0.002761}}
{"target": -15.16315007735539, "params": {"colsample_bytree": 0.5811512164233892, "eta": 0.09718580491138468, "gamma": 472.37615490026053, "max_depth": 8.0, "min_child_weight": 4368.412099347431, "num_boost_round": 10.0, "subsample": 0.7512234309399696}, "datetime": {"datetime": "2024-01-20 14:57:39", "elapsed": 2016.750112, "delta": 0.002851}}
{"target": -15.164125392495095, "params": {"colsample_bytree": 0.5811512164233892, "eta": 0.09718580491138468, "gamma": 472.37615490026053, "max_depth": 8.0, "min_child_weight": 4368.412099347431, "num_boost_round": 11.0, "subsample": 0.7512234309399696}, "datetime": {"datetime": "2024-01-20 14:57:39", "elapsed": 2016.753086, "delta": 0.002974}}
{"target": -15.16228694864046, "params": {"colsample_bytree": 0.5811512164233892, "eta": 0.09718580491138468, "gamma": 472.37615490026053, "max_depth": 8.0, "min_child_weight": 4368.412099347431, "num_boost_round": 12.0, "subsample": 0.7512234309399696}, "datetime": {"datetime": "2024-01-20 14:57:39", "elapsed": 2016.756007, "delta": 0.002921}}
{"target": -15.163586535669307, "params": {"colsample_bytree": 0.5811512164233892, "eta": 0.09718580491138468, "gamma": 472.37615490026053, "max_depth": 8.0, "min_child_weight": 4368.412099347431, "num_boost_round": 13.0, "subsample": 0.7512234309399696}, "datetime": {"datetime": "2024-01-20 14:57:39", "elapsed": 2016.758845, "delta": 0.002838}}
{"target": -15.162474997187982, "params": {"colsample_bytree": 0.5811512164233892, "eta": 0.09718580491138468, "gamma": 472.37615490026053, "max_depth": 8.0, "min_child_weight": 4368.412099347431, "num_boost_round": 14.0, "subsample": 0.7512234309399696}, "datetime": {"datetime": "2024-01-20 14:57:39", "elapsed": 2016.761811, "delta": 0.002966}}
{"target": -15.16255631382721, "params": {"colsample_bytree": 0.5811512164233892, "eta": 0.09718580491138468, "gamma": 472.37615490026053, "max_depth": 8.0, "min_child_weight": 4368.412099347431, "num_boost_round": 15.0, "subsample": 0.7512234309399696}, "datetime": {"datetime": "2024-01-20 14:57:39", "elapsed": 2016.7646, "delta": 0.002789}}
{"target": -15.16401813177961, "params": {"colsample_bytree": 0.5811512164233892, "eta": 0.09718580491138468, "gamma": 472.37615490026053, "max_depth": 8.0, "min_child_weight": 4368.412099347431, "num_boost_round": 16.0, "subsample": 0.7512234309399696}, "datetime": {"datetime": "2024-01-20 14:57:39", "elapsed": 2016.767437, "delta": 0.002837}}
{"target": -15.165017452670089, "params": {"colsample_bytree": 0.5811512164233892, "eta": 0.09718580491138468, "gamma": 472.37615490026053, "max_depth": 8.0, "min_child_weight": 4368.412099347431, "num_boost_round": 17.0, "subsample": 0.7512234309399696}, "datetime": {"datetime": "2024-01-20 14:57:39", "elapsed": 2016.770203, "delta": 0.002766}}
{"target": -15.166519169142429, "params": {"colsample_bytree": 0.5811512164233892, "eta": 0.09718580491138468, "gamma": 472.37615490026053, "max_depth": 8.0, "min_child_weight": 4368.412099347431, "num_boost_round": 18.0, "subsample": 0.7512234309399696}, "datetime": {"datetime": "2024-01-20 14:57:39", "elapsed": 2016.773166, "delta": 0.002963}}
{"target": -15.167703866064763, "params": {"colsample_bytree": 0.5811512164233892, "eta": 0.09718580491138468, "gamma": 472.37615490026053, "max_depth": 8.0, "min_child_weight": 4368.412099347431, "num_boost_round": 19.0, "subsample": 0.7512234309399696}, "datetime": {"datetime": "2024-01-20 14:57:39", "elapsed": 2016.775971, "delta": 0.002805}}
{"target": -15.168333325561129, "params": {"colsample_bytree": 0.5811512164233892, "eta": 0.09718580491138468, "gamma": 472.37615490026053, "max_depth": 8.0, "min_child_weight": 4368.412099347431, "num_boost_round": 20.0, "subsample": 0.7512234309399696}, "datetime": {"datetime": "2024-01-20 14:57:39", "elapsed": 2016.778833, "delta": 0.002862}}
{"target": -15.169871594765686, "params": {"colsample_bytree": 0.5811512164233892, "eta": 0.09718580491138468, "gamma": 472.37615490026053, "max_depth": 8.0, "min_child_weight": 4368.412099347431, "num_boost_round": 21.0, "subsample": 0.7512234309399696}, "datetime": {"datetime": "2024-01-20 14:57:39", "elapsed": 2016.781694, "delta": 0.002861}}
{"target": -15.170692739492633, "params": {"colsample_bytree": 0.5811512164233892, "eta": 0.09718580491138468, "gamma": 472.37615490026053, "max_depth": 8.0, "min_child_weight": 4368.412099347431, "num_boost_round": 22.0, "subsample": 0.7512234309399696}, "datetime": {"datetime": "2024-01-20 14:57:39", "elapsed": 2016.784543, "delta": 0.002849}}
{"target": -15.170744198684144, "params": {"colsample_bytree": 0.5811512164233892, "eta": 0.09718580491138468, "gamma": 472.37615490026053, "max_depth": 8.0, "min_child_weight": 4368.412099347431, "num_boost_round": 23.0, "subsample": 0.7512234309399696}, "datetime": {"datetime": "2024-01-20 14:57:39", "elapsed": 2016.7873, "delta": 0.002757}}
{"target": -15.172048514804917, "params": {"colsample_bytree": 0.5811512164233892, "eta": 0.09718580491138468, "gamma": 472.37615490026053, "max_depth": 8.0, "min_child_weight": 4368.412099347431, "num_boost_round": 24.0, "subsample": 0.7512234309399696}, "datetime": {"datetime": "2024-01-20 14:57:39", "elapsed": 2016.790137, "delta": 0.002837}}
{"target": -15.173077347747101, "params": {"colsample_bytree": 0.5811512164233892, "eta": 0.09718580491138468, "gamma": 472.37615490026053, "max_depth": 8.0, "min_child_weight": 4368.412099347431, "num_boost_round": 25.0, "subsample": 0.7512234309399696}, "datetime": {"datetime": "2024-01-20 14:57:39", "elapsed": 2016.793152, "delta": 0.003015}}
{"target": -15.172598524411525, "params": {"colsample_bytree": 0.5811512164233892, "eta": 0.09718580491138468, "gamma": 472.37615490026053, "max_depth": 8.0, "min_child_weight": 4368.412099347431, "num_boost_round": 26.0, "subsample": 0.7512234309399696}, "datetime": {"datetime": "2024-01-20 14:57:39", "elapsed": 2016.796217, "delta": 0.003065}}
{"target": -15.172572532849195, "params": {"colsample_bytree": 0.5811512164233892, "eta": 0.09718580491138468, "gamma": 472.37615490026053, "max_depth": 8.0, "min_child_weight": 4368.412099347431, "num_boost_round": 27.0, "subsample": 0.7512234309399696}, "datetime": {"datetime": "2024-01-20 14:57:39", "elapsed": 2016.799151, "delta": 0.002934}}
{"target": -15.172655666852773, "params": {"colsample_bytree": 0.5811512164233892, "eta": 0.09718580491138468, "gamma": 472.37615490026053, "max_depth": 8.0, "min_child_weight": 4368.412099347431, "num_boost_round": 28.0, "subsample": 0.7512234309399696}, "datetime": {"datetime": "2024-01-20 14:57:39", "elapsed": 2016.802201, "delta": 0.00305}}
{"target": -15.172411127750237, "params": {"colsample_bytree": 0.5811512164233892, "eta": 0.09718580491138468, "gamma": 472.37615490026053, "max_depth": 8.0, "min_child_weight": 4368.412099347431, "num_boost_round": 29.0, "subsample": 0.7512234309399696}, "datetime": {"datetime": "2024-01-20 14:57:39", "elapsed": 2016.80507, "delta": 0.002869}}
{"target": -15.173766579962365, "params": {"colsample_bytree": 0.5811512164233892, "eta": 0.09718580491138468, "gamma": 472.37615490026053, "max_depth": 8.0, "min_child_weight": 4368.412099347431, "num_boost_round": 30.0, "subsample": 0.7512234309399696}, "datetime": {"datetime": "2024-01-20 14:57:39", "elapsed": 2016.807963, "delta": 0.002893}}
{"target": -15.174274555195627, "params": {"colsample_bytree": 0.5811512164233892, "eta": 0.09718580491138468, "gamma": 472.37615490026053, "max_depth": 8.0, "min_child_weight": 4368.412099347431, "num_boost_round": 31.0, "subsample": 0.7512234309399696}, "datetime": {"datetime": "2024-01-20 14:57:39", "elapsed": 2016.810815, "delta": 0.002852}}
{"target": -15.174474965236808, "params": {"colsample_bytree": 0.5811512164233892, "eta": 0.09718580491138468, "gamma": 472.37615490026053, "max_depth": 8.0, "min_child_weight": 4368.412099347431, "num_boost_round": 32.0, "subsample": 0.7512234309399696}, "datetime": {"datetime": "2024-01-20 14:57:39", "elapsed": 2016.813829, "delta": 0.003014}}
{"target": -15.174652285932623, "params": {"colsample_bytree": 0.5811512164233892, "eta": 0.09718580491138468, "gamma": 472.37615490026053, "max_depth": 8.0, "min_child_weight": 4368.412099347431, "num_boost_round": 33.0, "subsample": 0.7512234309399696}, "datetime": {"datetime": "2024-01-20 14:57:39", "elapsed": 2016.816663, "delta": 0.002834}}
{"target": -15.176213660922222, "params": {"colsample_bytree": 0.5811512164233892, "eta": 0.09718580491138468, "gamma": 472.37615490026053, "max_depth": 8.0, "min_child_weight": 4368.412099347431, "num_boost_round": 34.0, "subsample": 0.7512234309399696}, "datetime": {"datetime": "2024-01-20 14:57:39", "elapsed": 2016.819567, "delta": 0.002904}}
{"target": -15.176561128980278, "params": {"colsample_bytree": 0.5811512164233892, "eta": 0.09718580491138468, "gamma": 472.37615490026053, "max_depth": 8.0, "min_child_weight": 4368.412099347431, "num_boost_round": 35.0, "subsample": 0.7512234309399696}, "datetime": {"datetime": "2024-01-20 14:57:39", "elapsed": 2016.822546, "delta": 0.002979}}
{"target": -15.177203573716074, "params": {"colsample_bytree": 0.5811512164233892, "eta": 0.09718580491138468, "gamma": 472.37615490026053, "max_depth": 8.0, "min_child_weight": 4368.412099347431, "num_boost_round": 36.0, "subsample": 0.7512234309399696}, "datetime": {"datetime": "2024-01-20 14:57:39", "elapsed": 2016.825469, "delta": 0.002923}}
{"target": -15.17779269136699, "params": {"colsample_bytree": 0.5811512164233892, "eta": 0.09718580491138468, "gamma": 472.37615490026053, "max_depth": 8.0, "min_child_weight": 4368.412099347431, "num_boost_round": 37.0, "subsample": 0.7512234309399696}, "datetime": {"datetime": "2024-01-20 14:57:39", "elapsed": 2016.828301, "delta": 0.002832}}
{"target": -15.178080825023674, "params": {"colsample_bytree": 0.5811512164233892, "eta": 0.09718580491138468, "gamma": 472.37615490026053, "max_depth": 8.0, "min_child_weight": 4368.412099347431, "num_boost_round": 38.0, "subsample": 0.7512234309399696}, "datetime": {"datetime": "2024-01-20 14:57:39", "elapsed": 2016.831272, "delta": 0.002971}}
{"target": -15.177925958971706, "params": {"colsample_bytree": 0.5811512164233892, "eta": 0.09718580491138468, "gamma": 472.37615490026053, "max_depth": 8.0, "min_child_weight": 4368.412099347431, "num_boost_round": 39.0, "subsample": 0.7512234309399696}, "datetime": {"datetime": "2024-01-20 14:57:39", "elapsed": 2016.834085, "delta": 0.002813}}
{"target": -15.178349456314137, "params": {"colsample_bytree": 0.5811512164233892, "eta": 0.09718580491138468, "gamma": 472.37615490026053, "max_depth": 8.0, "min_child_weight": 4368.412099347431, "num_boost_round": 40.0, "subsample": 0.7512234309399696}, "datetime": {"datetime": "2024-01-20 14:57:39", "elapsed": 2016.836946, "delta": 0.002861}}
{"target": -15.179618631343732, "params": {"colsample_bytree": 0.5811512164233892, "eta": 0.09718580491138468, "gamma": 472.37615490026053, "max_depth": 8.0, "min_child_weight": 4368.412099347431, "num_boost_round": 41.0, "subsample": 0.7512234309399696}, "datetime": {"datetime": "2024-01-20 14:57:39", "elapsed": 2016.839727, "delta": 0.002781}}
{"target": -15.181090072798618, "params": {"colsample_bytree": 0.5811512164233892, "eta": 0.09718580491138468, "gamma": 472.37615490026053, "max_depth": 8.0, "min_child_weight": 4368.412099347431, "num_boost_round": 42.0, "subsample": 0.7512234309399696}, "datetime": {"datetime": "2024-01-20 14:57:39", "elapsed": 2016.84276, "delta": 0.003033}}
{"target": -15.181115965021583, "params": {"colsample_bytree": 0.5811512164233892, "eta": 0.09718580491138468, "gamma": 472.37615490026053, "max_depth": 8.0, "min_child_weight": 4368.412099347431, "num_boost_round": 43.0, "subsample": 0.7512234309399696}, "datetime": {"datetime": "2024-01-20 14:57:39", "elapsed": 2016.845628, "delta": 0.002868}}
{"target": -15.182068395527427, "params": {"colsample_bytree": 0.5811512164233892, "eta": 0.09718580491138468, "gamma": 472.37615490026053, "max_depth": 8.0, "min_child_weight": 4368.412099347431, "num_boost_round": 44.0, "subsample": 0.7512234309399696}, "datetime": {"datetime": "2024-01-20 14:57:39", "elapsed": 2016.848546, "delta": 0.002918}}
{"target": -15.181866387742575, "params": {"colsample_bytree": 0.5811512164233892, "eta": 0.09718580491138468, "gamma": 472.37615490026053, "max_depth": 8.0, "min_child_weight": 4368.412099347431, "num_boost_round": 45.0, "subsample": 0.7512234309399696}, "datetime": {"datetime": "2024-01-20 14:57:39", "elapsed": 2016.851559, "delta": 0.003013}}
{"target": -15.182848306041318, "params": {"colsample_bytree": 0.5811512164233892, "eta": 0.09718580491138468, "gamma": 472.37615490026053, "max_depth": 8.0, "min_child_weight": 4368.412099347431, "num_boost_round": 46.0, "subsample": 0.7512234309399696}, "datetime": {"datetime": "2024-01-20 14:57:39", "elapsed": 2016.854482, "delta": 0.002923}}
{"target": -15.171169191973446, "params": {"colsample_bytree": 0.24397747940982262, "eta": 0.07865784560078493, "gamma": 578.6515844979787, "max_depth": 3.0, "min_child_weight": 4188.389151707304, "num_boost_round": 1.0, "subsample": 0.16910211052454488}, "datetime": {"datetime": "2024-01-20 14:58:25", "elapsed": 2062.938913, "delta": 46.084431}}
{"target": -15.169619798869153, "params": {"colsample_bytree": 0.24397747940982262, "eta": 0.07865784560078493, "gamma": 578.6515844979787, "max_depth": 3.0, "min_child_weight": 4188.389151707304, "num_boost_round": 2.0, "subsample": 0.16910211052454488}, "datetime": {"datetime": "2024-01-20 14:58:25", "elapsed": 2063.261156, "delta": 0.322243}}
{"target": -15.168076962597684, "params": {"colsample_bytree": 0.24397747940982262, "eta": 0.07865784560078493, "gamma": 578.6515844979787, "max_depth": 3.0, "min_child_weight": 4188.389151707304, "num_boost_round": 3.0, "subsample": 0.16910211052454488}, "datetime": {"datetime": "2024-01-20 14:58:25", "elapsed": 2063.264888, "delta": 0.003732}}
{"target": -15.16812022653577, "params": {"colsample_bytree": 0.24397747940982262, "eta": 0.07865784560078493, "gamma": 578.6515844979787, "max_depth": 3.0, "min_child_weight": 4188.389151707304, "num_boost_round": 4.0, "subsample": 0.16910211052454488}, "datetime": {"datetime": "2024-01-20 14:58:25", "elapsed": 2063.268291, "delta": 0.003403}}
{"target": -15.166464507756226, "params": {"colsample_bytree": 0.24397747940982262, "eta": 0.07865784560078493, "gamma": 578.6515844979787, "max_depth": 3.0, "min_child_weight": 4188.389151707304, "num_boost_round": 5.0, "subsample": 0.16910211052454488}, "datetime": {"datetime": "2024-01-20 14:58:25", "elapsed": 2063.271469, "delta": 0.003178}}
{"target": -15.165290595694, "params": {"colsample_bytree": 0.24397747940982262, "eta": 0.07865784560078493, "gamma": 578.6515844979787, "max_depth": 3.0, "min_child_weight": 4188.389151707304, "num_boost_round": 6.0, "subsample": 0.16910211052454488}, "datetime": {"datetime": "2024-01-20 14:58:25", "elapsed": 2063.274561, "delta": 0.003092}}
{"target": -15.164499579898955, "params": {"colsample_bytree": 0.24397747940982262, "eta": 0.07865784560078493, "gamma": 578.6515844979787, "max_depth": 3.0, "min_child_weight": 4188.389151707304, "num_boost_round": 7.0, "subsample": 0.16910211052454488}, "datetime": {"datetime": "2024-01-20 14:58:25", "elapsed": 2063.277607, "delta": 0.003046}}
{"target": -15.162649009256405, "params": {"colsample_bytree": 0.24397747940982262, "eta": 0.07865784560078493, "gamma": 578.6515844979787, "max_depth": 3.0, "min_child_weight": 4188.389151707304, "num_boost_round": 8.0, "subsample": 0.16910211052454488}, "datetime": {"datetime": "2024-01-20 14:58:25", "elapsed": 2063.280659, "delta": 0.003052}}
{"target": -15.162620713861982, "params": {"colsample_bytree": 0.24397747940982262, "eta": 0.07865784560078493, "gamma": 578.6515844979787, "max_depth": 3.0, "min_child_weight": 4188.389151707304, "num_boost_round": 9.0, "subsample": 0.16910211052454488}, "datetime": {"datetime": "2024-01-20 14:58:25", "elapsed": 2063.283661, "delta": 0.003002}}
{"target": -15.16188769595848, "params": {"colsample_bytree": 0.24397747940982262, "eta": 0.07865784560078493, "gamma": 578.6515844979787, "max_depth": 3.0, "min_child_weight": 4188.389151707304, "num_boost_round": 10.0, "subsample": 0.16910211052454488}, "datetime": {"datetime": "2024-01-20 14:58:25", "elapsed": 2063.286767, "delta": 0.003106}}
{"target": -15.16189728008931, "params": {"colsample_bytree": 0.24397747940982262, "eta": 0.07865784560078493, "gamma": 578.6515844979787, "max_depth": 3.0, "min_child_weight": 4188.389151707304, "num_boost_round": 11.0, "subsample": 0.16910211052454488}, "datetime": {"datetime": "2024-01-20 14:58:25", "elapsed": 2063.289806, "delta": 0.003039}}
{"target": -15.161869156599938, "params": {"colsample_bytree": 0.24397747940982262, "eta": 0.07865784560078493, "gamma": 578.6515844979787, "max_depth": 3.0, "min_child_weight": 4188.389151707304, "num_boost_round": 12.0, "subsample": 0.16910211052454488}, "datetime": {"datetime": "2024-01-20 14:58:25", "elapsed": 2063.292905, "delta": 0.003099}}
{"target": -15.161983538275052, "params": {"colsample_bytree": 0.24397747940982262, "eta": 0.07865784560078493, "gamma": 578.6515844979787, "max_depth": 3.0, "min_child_weight": 4188.389151707304, "num_boost_round": 13.0, "subsample": 0.16910211052454488}, "datetime": {"datetime": "2024-01-20 14:58:25", "elapsed": 2063.295963, "delta": 0.003058}}
{"target": -15.161852298490881, "params": {"colsample_bytree": 0.24397747940982262, "eta": 0.07865784560078493, "gamma": 578.6515844979787, "max_depth": 3.0, "min_child_weight": 4188.389151707304, "num_boost_round": 14.0, "subsample": 0.16910211052454488}, "datetime": {"datetime": "2024-01-20 14:58:25", "elapsed": 2063.299081, "delta": 0.003118}}
{"target": -15.161657786386465, "params": {"colsample_bytree": 0.24397747940982262, "eta": 0.07865784560078493, "gamma": 578.6515844979787, "max_depth": 3.0, "min_child_weight": 4188.389151707304, "num_boost_round": 15.0, "subsample": 0.16910211052454488}, "datetime": {"datetime": "2024-01-20 14:58:25", "elapsed": 2063.302133, "delta": 0.003052}}
{"target": -15.16121817374713, "params": {"colsample_bytree": 0.24397747940982262, "eta": 0.07865784560078493, "gamma": 578.6515844979787, "max_depth": 3.0, "min_child_weight": 4188.389151707304, "num_boost_round": 16.0, "subsample": 0.16910211052454488}, "datetime": {"datetime": "2024-01-20 14:58:25", "elapsed": 2063.305211, "delta": 0.003078}}
{"target": -15.159651342396685, "params": {"colsample_bytree": 0.24397747940982262, "eta": 0.07865784560078493, "gamma": 578.6515844979787, "max_depth": 3.0, "min_child_weight": 4188.389151707304, "num_boost_round": 17.0, "subsample": 0.16910211052454488}, "datetime": {"datetime": "2024-01-20 14:58:25", "elapsed": 2063.308263, "delta": 0.003052}}
{"target": -15.159895731926827, "params": {"colsample_bytree": 0.24397747940982262, "eta": 0.07865784560078493, "gamma": 578.6515844979787, "max_depth": 3.0, "min_child_weight": 4188.389151707304, "num_boost_round": 18.0, "subsample": 0.16910211052454488}, "datetime": {"datetime": "2024-01-20 14:58:25", "elapsed": 2063.311331, "delta": 0.003068}}
{"target": -15.158820351691375, "params": {"colsample_bytree": 0.24397747940982262, "eta": 0.07865784560078493, "gamma": 578.6515844979787, "max_depth": 3.0, "min_child_weight": 4188.389151707304, "num_boost_round": 19.0, "subsample": 0.16910211052454488}, "datetime": {"datetime": "2024-01-20 14:58:25", "elapsed": 2063.314395, "delta": 0.003064}}
{"target": -15.158988982089944, "params": {"colsample_bytree": 0.24397747940982262, "eta": 0.07865784560078493, "gamma": 578.6515844979787, "max_depth": 3.0, "min_child_weight": 4188.389151707304, "num_boost_round": 20.0, "subsample": 0.16910211052454488}, "datetime": {"datetime": "2024-01-20 14:58:25", "elapsed": 2063.317486, "delta": 0.003091}}
{"target": -15.158620740302148, "params": {"colsample_bytree": 0.24397747940982262, "eta": 0.07865784560078493, "gamma": 578.6515844979787, "max_depth": 3.0, "min_child_weight": 4188.389151707304, "num_boost_round": 21.0, "subsample": 0.16910211052454488}, "datetime": {"datetime": "2024-01-20 14:58:25", "elapsed": 2063.320565, "delta": 0.003079}}
