{"target": -10.478818405642784, "params": {"colsample_bytree": 0.19410859536488181, "eta": 0.07123616704879239, "gamma": 625.4143829294129, "max_depth": 8.0, "min_child_weight": 2179.1294031435905, "num_boost_round": 12.0, "subsample": 0.6701563758274977}, "datetime": {"datetime": "2024-01-20 14:21:55", "elapsed": 3407.614451, "delta": 0.003449}}
{"target": -10.478630639017572, "params": {"colsample_bytree": 0.19410859536488181, "eta": 0.07123616704879239, "gamma": 625.4143829294129, "max_depth": 8.0, "min_child_weight": 2179.1294031435905, "num_boost_round": 13.0, "subsample": 0.6701563758274977}, "datetime": {"datetime": "2024-01-20 14:21:55", "elapsed": 3407.617862, "delta": 0.003411}}
{"target": -10.478646154995277, "params": {"colsample_bytree": 0.19410859536488181, "eta": 0.07123616704879239, "gamma": 625.4143829294129, "max_depth": 8.0, "min_child_weight": 2179.1294031435905, "num_boost_round": 14.0, "subsample": 0.6701563758274977}, "datetime": {"datetime": "2024-01-20 14:21:55", "elapsed": 3407.621292, "delta": 0.00343}}
{"target": -10.47904384094431, "params": {"colsample_bytree": 0.19410859536488181, "eta": 0.07123616704879239, "gamma": 625.4143829294129, "max_depth": 8.0, "min_child_weight": 2179.1294031435905, "num_boost_round": 15.0, "subsample": 0.6701563758274977}, "datetime": {"datetime": "2024-01-20 14:21:55", "elapsed": 3407.624713, "delta": 0.003421}}
{"target": -10.47994287238091, "params": {"colsample_bytree": 0.19410859536488181, "eta": 0.07123616704879239, "gamma": 625.4143829294129, "max_depth": 8.0, "min_child_weight": 2179.1294031435905, "num_boost_round": 16.0, "subsample": 0.6701563758274977}, "datetime": {"datetime": "2024-01-20 14:21:55", "elapsed": 3407.62814, "delta": 0.003427}}
{"target": -10.480830405112702, "params": {"colsample_bytree": 0.19410859536488181, "eta": 0.07123616704879239, "gamma": 625.4143829294129, "max_depth": 8.0, "min_child_weight": 2179.1294031435905, "num_boost_round": 17.0, "subsample": 0.6701563758274977}, "datetime": {"datetime": "2024-01-20 14:21:55", "elapsed": 3407.631605, "delta": 0.003465}}
{"target": -10.481310142744505, "params": {"colsample_bytree": 0.19410859536488181, "eta": 0.07123616704879239, "gamma": 625.4143829294129, "max_depth": 8.0, "min_child_weight": 2179.1294031435905, "num_boost_round": 18.0, "subsample": 0.6701563758274977}, "datetime": {"datetime": "2024-01-20 14:21:55", "elapsed": 3407.634999, "delta": 0.003394}}
{"target": -10.481676857855298, "params": {"colsample_bytree": 0.19410859536488181, "eta": 0.07123616704879239, "gamma": 625.4143829294129, "max_depth": 8.0, "min_child_weight": 2179.1294031435905, "num_boost_round": 19.0, "subsample": 0.6701563758274977}, "datetime": {"datetime": "2024-01-20 14:21:55", "elapsed": 3407.638407, "delta": 0.003408}}
{"target": -10.481654891587372, "params": {"colsample_bytree": 0.19410859536488181, "eta": 0.07123616704879239, "gamma": 625.4143829294129, "max_depth": 8.0, "min_child_weight": 2179.1294031435905, "num_boost_round": 20.0, "subsample": 0.6701563758274977}, "datetime": {"datetime": "2024-01-20 14:21:55", "elapsed": 3407.641804, "delta": 0.003397}}
{"target": -10.482679126120178, "params": {"colsample_bytree": 0.19410859536488181, "eta": 0.07123616704879239, "gamma": 625.4143829294129, "max_depth": 8.0, "min_child_weight": 2179.1294031435905, "num_boost_round": 21.0, "subsample": 0.6701563758274977}, "datetime": {"datetime": "2024-01-20 14:21:55", "elapsed": 3407.645257, "delta": 0.003453}}
{"target": -10.47568007730948, "params": {"colsample_bytree": 0.9411144453420686, "eta": 0.05594767498743884, "gamma": 658.5031241916436, "max_depth": 3.0, "min_child_weight": 2303.8052123819593, "num_boost_round": 1.0, "subsample": 0.33496753609122687}, "datetime": {"datetime": "2024-01-20 14:22:45", "elapsed": 3457.636611, "delta": 49.991354}}
{"target": -10.475201083567748, "params": {"colsample_bytree": 0.9411144453420686, "eta": 0.05594767498743884, "gamma": 658.5031241916436, "max_depth": 3.0, "min_child_weight": 2303.8052123819593, "num_boost_round": 2.0, "subsample": 0.33496753609122687}, "datetime": {"datetime": "2024-01-20 14:22:45", "elapsed": 3457.641454, "delta": 0.004843}}
{"target": -10.475004943947036, "params": {"colsample_bytree": 0.9411144453420686, "eta": 0.05594767498743884, "gamma": 658.5031241916436, "max_depth": 3.0, "min_child_weight": 2303.8052123819593, "num_boost_round": 3.0, "subsample": 0.33496753609122687}, "datetime": {"datetime": "2024-01-20 14:22:45", "elapsed": 3457.6449, "delta": 0.003446}}
{"target": -10.474797555767374, "params": {"colsample_bytree": 0.9411144453420686, "eta": 0.05594767498743884, "gamma": 658.5031241916436, "max_depth": 3.0, "min_child_weight": 2303.8052123819593, "num_boost_round": 4.0, "subsample": 0.33496753609122687}, "datetime": {"datetime": "2024-01-20 14:22:45", "elapsed": 3457.64834, "delta": 0.00344}}
{"target": -10.474624320943743, "params": {"colsample_bytree": 0.9411144453420686, "eta": 0.05594767498743884, "gamma": 658.5031241916436, "max_depth": 3.0, "min_child_weight": 2303.8052123819593, "num_boost_round": 5.0, "subsample": 0.33496753609122687}, "datetime": {"datetime": "2024-01-20 14:22:45", "elapsed": 3457.651894, "delta": 0.003554}}
{"target": -10.474728428764214, "params": {"colsample_bytree": 0.9411144453420686, "eta": 0.05594767498743884, "gamma": 658.5031241916436, "max_depth": 3.0, "min_child_weight": 2303.8052123819593, "num_boost_round": 6.0, "subsample": 0.33496753609122687}, "datetime": {"datetime": "2024-01-20 14:22:45", "elapsed": 3457.655276, "delta": 0.003382}}
{"target": -10.474827869854407, "params": {"colsample_bytree": 0.9411144453420686, "eta": 0.05594767498743884, "gamma": 658.5031241916436, "max_depth": 3.0, "min_child_weight": 2303.8052123819593, "num_boost_round": 7.0, "subsample": 0.33496753609122687}, "datetime": {"datetime": "2024-01-20 14:22:45", "elapsed": 3457.658888, "delta": 0.003612}}
{"target": -10.474966303841368, "params": {"colsample_bytree": 0.9411144453420686, "eta": 0.05594767498743884, "gamma": 658.5031241916436, "max_depth": 3.0, "min_child_weight": 2303.8052123819593, "num_boost_round": 8.0, "subsample": 0.33496753609122687}, "datetime": {"datetime": "2024-01-20 14:22:45", "elapsed": 3457.662483, "delta": 0.003595}}
{"target": -10.475044644228431, "params": {"colsample_bytree": 0.9411144453420686, "eta": 0.05594767498743884, "gamma": 658.5031241916436, "max_depth": 3.0, "min_child_weight": 2303.8052123819593, "num_boost_round": 9.0, "subsample": 0.33496753609122687}, "datetime": {"datetime": "2024-01-20 14:22:45", "elapsed": 3457.666053, "delta": 0.00357}}
{"target": -10.476120021457774, "params": {"colsample_bytree": 0.24976182937206734, "eta": 0.007435822654392713, "gamma": 585.4245550643496, "max_depth": 3.0, "min_child_weight": 2317.0982374985165, "num_boost_round": 1.0, "subsample": 0.5576488233455125}, "datetime": {"datetime": "2024-01-20 14:23:53", "elapsed": 3525.092406, "delta": 67.426353}}
{"target": -10.47611594069903, "params": {"colsample_bytree": 0.24976182937206734, "eta": 0.007435822654392713, "gamma": 585.4245550643496, "max_depth": 3.0, "min_child_weight": 2317.0982374985165, "num_boost_round": 2.0, "subsample": 0.5576488233455125}, "datetime": {"datetime": "2024-01-20 14:23:53", "elapsed": 3525.104475, "delta": 0.012069}}
{"target": -10.476130488600923, "params": {"colsample_bytree": 0.24976182937206734, "eta": 0.007435822654392713, "gamma": 585.4245550643496, "max_depth": 3.0, "min_child_weight": 2317.0982374985165, "num_boost_round": 3.0, "subsample": 0.5576488233455125}, "datetime": {"datetime": "2024-01-20 14:23:53", "elapsed": 3525.108058, "delta": 0.003583}}
{"target": -10.476120902998373, "params": {"colsample_bytree": 0.24976182937206734, "eta": 0.007435822654392713, "gamma": 585.4245550643496, "max_depth": 3.0, "min_child_weight": 2317.0982374985165, "num_boost_round": 4.0, "subsample": 0.5576488233455125}, "datetime": {"datetime": "2024-01-20 14:23:53", "elapsed": 3525.111598, "delta": 0.00354}}
{"target": -10.476073832709048, "params": {"colsample_bytree": 0.24976182937206734, "eta": 0.007435822654392713, "gamma": 585.4245550643496, "max_depth": 3.0, "min_child_weight": 2317.0982374985165, "num_boost_round": 5.0, "subsample": 0.5576488233455125}, "datetime": {"datetime": "2024-01-20 14:23:53", "elapsed": 3525.115131, "delta": 0.003533}}
{"target": -10.47610633144526, "params": {"colsample_bytree": 0.24976182937206734, "eta": 0.007435822654392713, "gamma": 585.4245550643496, "max_depth": 3.0, "min_child_weight": 2317.0982374985165, "num_boost_round": 6.0, "subsample": 0.5576488233455125}, "datetime": {"datetime": "2024-01-20 14:23:53", "elapsed": 3525.118693, "delta": 0.003562}}
{"target": -10.476110397711977, "params": {"colsample_bytree": 0.24976182937206734, "eta": 0.007435822654392713, "gamma": 585.4245550643496, "max_depth": 3.0, "min_child_weight": 2317.0982374985165, "num_boost_round": 7.0, "subsample": 0.5576488233455125}, "datetime": {"datetime": "2024-01-20 14:23:53", "elapsed": 3525.122141, "delta": 0.003448}}
{"target": -10.476101008257796, "params": {"colsample_bytree": 0.24976182937206734, "eta": 0.007435822654392713, "gamma": 585.4245550643496, "max_depth": 3.0, "min_child_weight": 2317.0982374985165, "num_boost_round": 8.0, "subsample": 0.5576488233455125}, "datetime": {"datetime": "2024-01-20 14:23:53", "elapsed": 3525.420606, "delta": 0.298465}}
{"target": -10.476086706507328, "params": {"colsample_bytree": 0.24976182937206734, "eta": 0.007435822654392713, "gamma": 585.4245550643496, "max_depth": 3.0, "min_child_weight": 2317.0982374985165, "num_boost_round": 9.0, "subsample": 0.5576488233455125}, "datetime": {"datetime": "2024-01-20 14:23:53", "elapsed": 3525.42499, "delta": 0.004384}}
{"target": -10.476128856894878, "params": {"colsample_bytree": 0.24976182937206734, "eta": 0.007435822654392713, "gamma": 585.4245550643496, "max_depth": 3.0, "min_child_weight": 2317.0982374985165, "num_boost_round": 10.0, "subsample": 0.5576488233455125}, "datetime": {"datetime": "2024-01-20 14:23:53", "elapsed": 3525.428932, "delta": 0.003942}}
{"target": -10.476130051097549, "params": {"colsample_bytree": 0.24976182937206734, "eta": 0.007435822654392713, "gamma": 585.4245550643496, "max_depth": 3.0, "min_child_weight": 2317.0982374985165, "num_boost_round": 11.0, "subsample": 0.5576488233455125}, "datetime": {"datetime": "2024-01-20 14:23:53", "elapsed": 3525.433016, "delta": 0.004084}}
{"target": -10.476132328131339, "params": {"colsample_bytree": 0.24976182937206734, "eta": 0.007435822654392713, "gamma": 585.4245550643496, "max_depth": 3.0, "min_child_weight": 2317.0982374985165, "num_boost_round": 12.0, "subsample": 0.5576488233455125}, "datetime": {"datetime": "2024-01-20 14:23:53", "elapsed": 3525.43669, "delta": 0.003674}}
{"target": -10.476143226093395, "params": {"colsample_bytree": 0.24976182937206734, "eta": 0.007435822654392713, "gamma": 585.4245550643496, "max_depth": 3.0, "min_child_weight": 2317.0982374985165, "num_boost_round": 13.0, "subsample": 0.5576488233455125}, "datetime": {"datetime": "2024-01-20 14:23:53", "elapsed": 3525.440374, "delta": 0.003684}}
{"target": -10.476160890670638, "params": {"colsample_bytree": 0.24976182937206734, "eta": 0.007435822654392713, "gamma": 585.4245550643496, "max_depth": 3.0, "min_child_weight": 2317.0982374985165, "num_boost_round": 14.0, "subsample": 0.5576488233455125}, "datetime": {"datetime": "2024-01-20 14:23:53", "elapsed": 3525.444002, "delta": 0.003628}}
{"target": -10.476265022257625, "params": {"colsample_bytree": 0.24976182937206734, "eta": 0.007435822654392713, "gamma": 585.4245550643496, "max_depth": 3.0, "min_child_weight": 2317.0982374985165, "num_boost_round": 15.0, "subsample": 0.5576488233455125}, "datetime": {"datetime": "2024-01-20 14:23:53", "elapsed": 3525.447653, "delta": 0.003651}}
{"target": -10.476293162667144, "params": {"colsample_bytree": 0.24976182937206734, "eta": 0.007435822654392713, "gamma": 585.4245550643496, "max_depth": 3.0, "min_child_weight": 2317.0982374985165, "num_boost_round": 16.0, "subsample": 0.5576488233455125}, "datetime": {"datetime": "2024-01-20 14:23:53", "elapsed": 3525.451247, "delta": 0.003594}}
{"target": -10.476363391498879, "params": {"colsample_bytree": 0.24976182937206734, "eta": 0.007435822654392713, "gamma": 585.4245550643496, "max_depth": 3.0, "min_child_weight": 2317.0982374985165, "num_boost_round": 17.0, "subsample": 0.5576488233455125}, "datetime": {"datetime": "2024-01-20 14:23:53", "elapsed": 3525.454805, "delta": 0.003558}}
{"target": -10.476540204026334, "params": {"colsample_bytree": 0.12771858466617572, "eta": 0.07302517781578628, "gamma": 561.0888479321003, "max_depth": 4.0, "min_child_weight": 2250.768992328738, "num_boost_round": 1.0, "subsample": 0.8801145430147717}, "datetime": {"datetime": "2024-01-20 14:24:37", "elapsed": 3569.177218, "delta": 43.722413}}
{"target": -10.476632788276042, "params": {"colsample_bytree": 0.12771858466617572, "eta": 0.07302517781578628, "gamma": 561.0888479321003, "max_depth": 4.0, "min_child_weight": 2250.768992328738, "num_boost_round": 2.0, "subsample": 0.8801145430147717}, "datetime": {"datetime": "2024-01-20 14:24:37", "elapsed": 3569.182284, "delta": 0.005066}}
{"target": -10.4754150452553, "params": {"colsample_bytree": 0.24192269541827038, "eta": 0.08038661898846118, "gamma": 494.1847435038313, "max_depth": 7.0, "min_child_weight": 2291.6863525551994, "num_boost_round": 1.0, "subsample": 0.2809818490169661}, "datetime": {"datetime": "2024-01-20 14:25:43", "elapsed": 3635.959137, "delta": 66.776853}}
{"target": -10.475010668628649, "params": {"colsample_bytree": 0.24192269541827038, "eta": 0.08038661898846118, "gamma": 494.1847435038313, "max_depth": 7.0, "min_child_weight": 2291.6863525551994, "num_boost_round": 2.0, "subsample": 0.2809818490169661}, "datetime": {"datetime": "2024-01-20 14:25:43", "elapsed": 3635.964779, "delta": 0.005642}}
{"target": -10.474882569589912, "params": {"colsample_bytree": 0.24192269541827038, "eta": 0.08038661898846118, "gamma": 494.1847435038313, "max_depth": 7.0, "min_child_weight": 2291.6863525551994, "num_boost_round": 3.0, "subsample": 0.2809818490169661}, "datetime": {"datetime": "2024-01-20 14:25:43", "elapsed": 3635.968612, "delta": 0.003833}}
{"target": -10.474768405462227, "params": {"colsample_bytree": 0.24192269541827038, "eta": 0.08038661898846118, "gamma": 494.1847435038313, "max_depth": 7.0, "min_child_weight": 2291.6863525551994, "num_boost_round": 4.0, "subsample": 0.2809818490169661}, "datetime": {"datetime": "2024-01-20 14:25:43", "elapsed": 3635.972353, "delta": 0.003741}}
{"target": -10.474642845636234, "params": {"colsample_bytree": 0.24192269541827038, "eta": 0.08038661898846118, "gamma": 494.1847435038313, "max_depth": 7.0, "min_child_weight": 2291.6863525551994, "num_boost_round": 5.0, "subsample": 0.2809818490169661}, "datetime": {"datetime": "2024-01-20 14:25:43", "elapsed": 3635.975989, "delta": 0.003636}}
{"target": -10.47484948752179, "params": {"colsample_bytree": 0.24192269541827038, "eta": 0.08038661898846118, "gamma": 494.1847435038313, "max_depth": 7.0, "min_child_weight": 2291.6863525551994, "num_boost_round": 6.0, "subsample": 0.2809818490169661}, "datetime": {"datetime": "2024-01-20 14:25:43", "elapsed": 3635.97965, "delta": 0.003661}}
{"target": -10.475170053009506, "params": {"colsample_bytree": 0.24192269541827038, "eta": 0.08038661898846118, "gamma": 494.1847435038313, "max_depth": 7.0, "min_child_weight": 2291.6863525551994, "num_boost_round": 7.0, "subsample": 0.2809818490169661}, "datetime": {"datetime": "2024-01-20 14:25:43", "elapsed": 3635.983501, "delta": 0.003851}}
{"target": -10.475192687436142, "params": {"colsample_bytree": 0.24192269541827038, "eta": 0.08038661898846118, "gamma": 494.1847435038313, "max_depth": 7.0, "min_child_weight": 2291.6863525551994, "num_boost_round": 8.0, "subsample": 0.2809818490169661}, "datetime": {"datetime": "2024-01-20 14:25:43", "elapsed": 3635.987167, "delta": 0.003666}}
{"target": -10.47534598417529, "params": {"colsample_bytree": 0.24192269541827038, "eta": 0.08038661898846118, "gamma": 494.1847435038313, "max_depth": 7.0, "min_child_weight": 2291.6863525551994, "num_boost_round": 9.0, "subsample": 0.2809818490169661}, "datetime": {"datetime": "2024-01-20 14:25:43", "elapsed": 3635.990697, "delta": 0.00353}}
{"target": -10.47603738782693, "params": {"colsample_bytree": 0.24192269541827038, "eta": 0.08038661898846118, "gamma": 494.1847435038313, "max_depth": 7.0, "min_child_weight": 2291.6863525551994, "num_boost_round": 10.0, "subsample": 0.2809818490169661}, "datetime": {"datetime": "2024-01-20 14:25:43", "elapsed": 3635.994181, "delta": 0.003484}}
{"target": -10.476708672342296, "params": {"colsample_bytree": 0.24192269541827038, "eta": 0.08038661898846118, "gamma": 494.1847435038313, "max_depth": 7.0, "min_child_weight": 2291.6863525551994, "num_boost_round": 11.0, "subsample": 0.2809818490169661}, "datetime": {"datetime": "2024-01-20 14:25:43", "elapsed": 3635.99765, "delta": 0.003469}}
{"target": -10.477038544477402, "params": {"colsample_bytree": 0.24192269541827038, "eta": 0.08038661898846118, "gamma": 494.1847435038313, "max_depth": 7.0, "min_child_weight": 2291.6863525551994, "num_boost_round": 12.0, "subsample": 0.2809818490169661}, "datetime": {"datetime": "2024-01-20 14:25:43", "elapsed": 3636.001137, "delta": 0.003487}}
{"target": -10.47703789877406, "params": {"colsample_bytree": 0.24192269541827038, "eta": 0.08038661898846118, "gamma": 494.1847435038313, "max_depth": 7.0, "min_child_weight": 2291.6863525551994, "num_boost_round": 13.0, "subsample": 0.2809818490169661}, "datetime": {"datetime": "2024-01-20 14:25:43", "elapsed": 3636.004649, "delta": 0.003512}}
{"target": -10.477001907833982, "params": {"colsample_bytree": 0.24192269541827038, "eta": 0.08038661898846118, "gamma": 494.1847435038313, "max_depth": 7.0, "min_child_weight": 2291.6863525551994, "num_boost_round": 14.0, "subsample": 0.2809818490169661}, "datetime": {"datetime": "2024-01-20 14:25:43", "elapsed": 3636.008303, "delta": 0.003654}}
{"target": -10.477409885904418, "params": {"colsample_bytree": 0.24192269541827038, "eta": 0.08038661898846118, "gamma": 494.1847435038313, "max_depth": 7.0, "min_child_weight": 2291.6863525551994, "num_boost_round": 15.0, "subsample": 0.2809818490169661}, "datetime": {"datetime": "2024-01-20 14:25:43", "elapsed": 3636.011893, "delta": 0.00359}}
{"target": -10.477704425428772, "params": {"colsample_bytree": 0.24192269541827038, "eta": 0.08038661898846118, "gamma": 494.1847435038313, "max_depth": 7.0, "min_child_weight": 2291.6863525551994, "num_boost_round": 16.0, "subsample": 0.2809818490169661}, "datetime": {"datetime": "2024-01-20 14:25:43", "elapsed": 3636.015448, "delta": 0.003555}}
{"target": -10.47833168020505, "params": {"colsample_bytree": 0.24192269541827038, "eta": 0.08038661898846118, "gamma": 494.1847435038313, "max_depth": 7.0, "min_child_weight": 2291.6863525551994, "num_boost_round": 17.0, "subsample": 0.2809818490169661}, "datetime": {"datetime": "2024-01-20 14:25:43", "elapsed": 3636.018955, "delta": 0.003507}}
{"target": -10.47877193849051, "params": {"colsample_bytree": 0.24192269541827038, "eta": 0.08038661898846118, "gamma": 494.1847435038313, "max_depth": 7.0, "min_child_weight": 2291.6863525551994, "num_boost_round": 18.0, "subsample": 0.2809818490169661}, "datetime": {"datetime": "2024-01-20 14:25:43", "elapsed": 3636.022495, "delta": 0.00354}}
{"target": -10.479140651297218, "params": {"colsample_bytree": 0.24192269541827038, "eta": 0.08038661898846118, "gamma": 494.1847435038313, "max_depth": 7.0, "min_child_weight": 2291.6863525551994, "num_boost_round": 19.0, "subsample": 0.2809818490169661}, "datetime": {"datetime": "2024-01-20 14:25:43", "elapsed": 3636.026506, "delta": 0.004011}}
{"target": -10.479397692774503, "params": {"colsample_bytree": 0.24192269541827038, "eta": 0.08038661898846118, "gamma": 494.1847435038313, "max_depth": 7.0, "min_child_weight": 2291.6863525551994, "num_boost_round": 20.0, "subsample": 0.2809818490169661}, "datetime": {"datetime": "2024-01-20 14:25:43", "elapsed": 3636.030057, "delta": 0.003551}}
{"target": -10.480139574027028, "params": {"colsample_bytree": 0.24192269541827038, "eta": 0.08038661898846118, "gamma": 494.1847435038313, "max_depth": 7.0, "min_child_weight": 2291.6863525551994, "num_boost_round": 21.0, "subsample": 0.2809818490169661}, "datetime": {"datetime": "2024-01-20 14:25:43", "elapsed": 3636.033607, "delta": 0.00355}}
{"target": -10.480317412112896, "params": {"colsample_bytree": 0.24192269541827038, "eta": 0.08038661898846118, "gamma": 494.1847435038313, "max_depth": 7.0, "min_child_weight": 2291.6863525551994, "num_boost_round": 22.0, "subsample": 0.2809818490169661}, "datetime": {"datetime": "2024-01-20 14:25:43", "elapsed": 3636.037174, "delta": 0.003567}}
{"target": -10.480438920104064, "params": {"colsample_bytree": 0.24192269541827038, "eta": 0.08038661898846118, "gamma": 494.1847435038313, "max_depth": 7.0, "min_child_weight": 2291.6863525551994, "num_boost_round": 23.0, "subsample": 0.2809818490169661}, "datetime": {"datetime": "2024-01-20 14:25:43", "elapsed": 3636.040745, "delta": 0.003571}}
{"target": -10.480616189452185, "params": {"colsample_bytree": 0.24192269541827038, "eta": 0.08038661898846118, "gamma": 494.1847435038313, "max_depth": 7.0, "min_child_weight": 2291.6863525551994, "num_boost_round": 24.0, "subsample": 0.2809818490169661}, "datetime": {"datetime": "2024-01-20 14:25:44", "elapsed": 3636.04431, "delta": 0.003565}}
{"target": -10.480841230750084, "params": {"colsample_bytree": 0.24192269541827038, "eta": 0.08038661898846118, "gamma": 494.1847435038313, "max_depth": 7.0, "min_child_weight": 2291.6863525551994, "num_boost_round": 25.0, "subsample": 0.2809818490169661}, "datetime": {"datetime": "2024-01-20 14:25:44", "elapsed": 3636.047815, "delta": 0.003505}}
