{"target": -12.351342546677058, "params": {"colsample_bytree": 0.2403538691567272, "eta": 0.0905587679273671, "gamma": 700.7178005387527, "max_depth": 2.0, "min_child_weight": 4291.104144533673, "num_boost_round": 6.0, "subsample": 0.875745859540709}, "datetime": {"datetime": "2024-01-20 16:19:05", "elapsed": 6911.289019, "delta": 0.007796}}
{"target": -12.351653845362558, "params": {"colsample_bytree": 0.2403538691567272, "eta": 0.0905587679273671, "gamma": 700.7178005387527, "max_depth": 2.0, "min_child_weight": 4291.104144533673, "num_boost_round": 7.0, "subsample": 0.875745859540709}, "datetime": {"datetime": "2024-01-20 16:19:05", "elapsed": 6911.297009, "delta": 0.00799}}
{"target": -12.349638988810462, "params": {"colsample_bytree": 0.2403538691567272, "eta": 0.0905587679273671, "gamma": 700.7178005387527, "max_depth": 2.0, "min_child_weight": 4291.104144533673, "num_boost_round": 8.0, "subsample": 0.875745859540709}, "datetime": {"datetime": "2024-01-20 16:19:05", "elapsed": 6911.304956, "delta": 0.007947}}
{"target": -12.349810252116669, "params": {"colsample_bytree": 0.2403538691567272, "eta": 0.0905587679273671, "gamma": 700.7178005387527, "max_depth": 2.0, "min_child_weight": 4291.104144533673, "num_boost_round": 9.0, "subsample": 0.875745859540709}, "datetime": {"datetime": "2024-01-20 16:19:05", "elapsed": 6911.312665, "delta": 0.007709}}
{"target": -12.34896475280405, "params": {"colsample_bytree": 0.2403538691567272, "eta": 0.0905587679273671, "gamma": 700.7178005387527, "max_depth": 2.0, "min_child_weight": 4291.104144533673, "num_boost_round": 10.0, "subsample": 0.875745859540709}, "datetime": {"datetime": "2024-01-20 16:19:05", "elapsed": 6911.320309, "delta": 0.007644}}
{"target": -12.347822822245323, "params": {"colsample_bytree": 0.2403538691567272, "eta": 0.0905587679273671, "gamma": 700.7178005387527, "max_depth": 2.0, "min_child_weight": 4291.104144533673, "num_boost_round": 11.0, "subsample": 0.875745859540709}, "datetime": {"datetime": "2024-01-20 16:19:05", "elapsed": 6911.328918, "delta": 0.008609}}
{"target": -12.347217483739453, "params": {"colsample_bytree": 0.2403538691567272, "eta": 0.0905587679273671, "gamma": 700.7178005387527, "max_depth": 2.0, "min_child_weight": 4291.104144533673, "num_boost_round": 12.0, "subsample": 0.875745859540709}, "datetime": {"datetime": "2024-01-20 16:19:05", "elapsed": 6911.338581, "delta": 0.009663}}
{"target": -12.347640043293787, "params": {"colsample_bytree": 0.2403538691567272, "eta": 0.0905587679273671, "gamma": 700.7178005387527, "max_depth": 2.0, "min_child_weight": 4291.104144533673, "num_boost_round": 13.0, "subsample": 0.875745859540709}, "datetime": {"datetime": "2024-01-20 16:19:05", "elapsed": 6911.688677, "delta": 0.350096}}
{"target": -12.347750419535398, "params": {"colsample_bytree": 0.2403538691567272, "eta": 0.0905587679273671, "gamma": 700.7178005387527, "max_depth": 2.0, "min_child_weight": 4291.104144533673, "num_boost_round": 14.0, "subsample": 0.875745859540709}, "datetime": {"datetime": "2024-01-20 16:19:05", "elapsed": 6911.698184, "delta": 0.009507}}
{"target": -12.346093011648101, "params": {"colsample_bytree": 0.2403538691567272, "eta": 0.0905587679273671, "gamma": 700.7178005387527, "max_depth": 2.0, "min_child_weight": 4291.104144533673, "num_boost_round": 15.0, "subsample": 0.875745859540709}, "datetime": {"datetime": "2024-01-20 16:19:05", "elapsed": 6911.706779, "delta": 0.008595}}
{"target": -12.358581236545394, "params": {"colsample_bytree": 0.4168426463806919, "eta": 0.0016157105813984758, "gamma": 590.7923974209206, "max_depth": 5.0, "min_child_weight": 4105.351489027898, "num_boost_round": 1.0, "subsample": 0.6189450811313374}, "datetime": {"datetime": "2024-01-20 16:20:37", "elapsed": 7004.082924, "delta": 92.376145}}
{"target": -12.35854685772846, "params": {"colsample_bytree": 0.4168426463806919, "eta": 0.0016157105813984758, "gamma": 590.7923974209206, "max_depth": 5.0, "min_child_weight": 4105.351489027898, "num_boost_round": 2.0, "subsample": 0.6189450811313374}, "datetime": {"datetime": "2024-01-20 16:20:37", "elapsed": 7004.090865, "delta": 0.007941}}
{"target": -12.358446959798954, "params": {"colsample_bytree": 0.4168426463806919, "eta": 0.0016157105813984758, "gamma": 590.7923974209206, "max_depth": 5.0, "min_child_weight": 4105.351489027898, "num_boost_round": 3.0, "subsample": 0.6189450811313374}, "datetime": {"datetime": "2024-01-20 16:20:37", "elapsed": 7004.097543, "delta": 0.006678}}
{"target": -12.358455089470318, "params": {"colsample_bytree": 0.4168426463806919, "eta": 0.0016157105813984758, "gamma": 590.7923974209206, "max_depth": 5.0, "min_child_weight": 4105.351489027898, "num_boost_round": 4.0, "subsample": 0.6189450811313374}, "datetime": {"datetime": "2024-01-20 16:20:37", "elapsed": 7004.10389, "delta": 0.006347}}
{"target": -12.358358605118854, "params": {"colsample_bytree": 0.4168426463806919, "eta": 0.0016157105813984758, "gamma": 590.7923974209206, "max_depth": 5.0, "min_child_weight": 4105.351489027898, "num_boost_round": 5.0, "subsample": 0.6189450811313374}, "datetime": {"datetime": "2024-01-20 16:20:37", "elapsed": 7004.110111, "delta": 0.006221}}
{"target": -12.358268628472345, "params": {"colsample_bytree": 0.4168426463806919, "eta": 0.0016157105813984758, "gamma": 590.7923974209206, "max_depth": 5.0, "min_child_weight": 4105.351489027898, "num_boost_round": 6.0, "subsample": 0.6189450811313374}, "datetime": {"datetime": "2024-01-20 16:20:37", "elapsed": 7004.116434, "delta": 0.006323}}
{"target": -12.358267875825081, "params": {"colsample_bytree": 0.4168426463806919, "eta": 0.0016157105813984758, "gamma": 590.7923974209206, "max_depth": 5.0, "min_child_weight": 4105.351489027898, "num_boost_round": 7.0, "subsample": 0.6189450811313374}, "datetime": {"datetime": "2024-01-20 16:20:37", "elapsed": 7004.122908, "delta": 0.006474}}
{"target": -12.358222364974344, "params": {"colsample_bytree": 0.4168426463806919, "eta": 0.0016157105813984758, "gamma": 590.7923974209206, "max_depth": 5.0, "min_child_weight": 4105.351489027898, "num_boost_round": 8.0, "subsample": 0.6189450811313374}, "datetime": {"datetime": "2024-01-20 16:20:37", "elapsed": 7004.129196, "delta": 0.006288}}
{"target": -12.35822247648607, "params": {"colsample_bytree": 0.4168426463806919, "eta": 0.0016157105813984758, "gamma": 590.7923974209206, "max_depth": 5.0, "min_child_weight": 4105.351489027898, "num_boost_round": 9.0, "subsample": 0.6189450811313374}, "datetime": {"datetime": "2024-01-20 16:20:37", "elapsed": 7004.135302, "delta": 0.006106}}
{"target": -12.358188528290272, "params": {"colsample_bytree": 0.4168426463806919, "eta": 0.0016157105813984758, "gamma": 590.7923974209206, "max_depth": 5.0, "min_child_weight": 4105.351489027898, "num_boost_round": 10.0, "subsample": 0.6189450811313374}, "datetime": {"datetime": "2024-01-20 16:20:37", "elapsed": 7004.141539, "delta": 0.006237}}
{"target": -12.358137050217866, "params": {"colsample_bytree": 0.4168426463806919, "eta": 0.0016157105813984758, "gamma": 590.7923974209206, "max_depth": 5.0, "min_child_weight": 4105.351489027898, "num_boost_round": 11.0, "subsample": 0.6189450811313374}, "datetime": {"datetime": "2024-01-20 16:20:37", "elapsed": 7004.147695, "delta": 0.006156}}
{"target": -12.358094208952448, "params": {"colsample_bytree": 0.4168426463806919, "eta": 0.0016157105813984758, "gamma": 590.7923974209206, "max_depth": 5.0, "min_child_weight": 4105.351489027898, "num_boost_round": 12.0, "subsample": 0.6189450811313374}, "datetime": {"datetime": "2024-01-20 16:20:37", "elapsed": 7004.153769, "delta": 0.006074}}
{"target": -12.358096144949787, "params": {"colsample_bytree": 0.4168426463806919, "eta": 0.0016157105813984758, "gamma": 590.7923974209206, "max_depth": 5.0, "min_child_weight": 4105.351489027898, "num_boost_round": 13.0, "subsample": 0.6189450811313374}, "datetime": {"datetime": "2024-01-20 16:20:37", "elapsed": 7004.160551, "delta": 0.006782}}
{"target": -12.358044935465266, "params": {"colsample_bytree": 0.4168426463806919, "eta": 0.0016157105813984758, "gamma": 590.7923974209206, "max_depth": 5.0, "min_child_weight": 4105.351489027898, "num_boost_round": 14.0, "subsample": 0.6189450811313374}, "datetime": {"datetime": "2024-01-20 16:20:37", "elapsed": 7004.167041, "delta": 0.00649}}
{"target": -12.357995115437534, "params": {"colsample_bytree": 0.4168426463806919, "eta": 0.0016157105813984758, "gamma": 590.7923974209206, "max_depth": 5.0, "min_child_weight": 4105.351489027898, "num_boost_round": 15.0, "subsample": 0.6189450811313374}, "datetime": {"datetime": "2024-01-20 16:20:37", "elapsed": 7004.173441, "delta": 0.0064}}
{"target": -12.357952370927563, "params": {"colsample_bytree": 0.4168426463806919, "eta": 0.0016157105813984758, "gamma": 590.7923974209206, "max_depth": 5.0, "min_child_weight": 4105.351489027898, "num_boost_round": 16.0, "subsample": 0.6189450811313374}, "datetime": {"datetime": "2024-01-20 16:20:37", "elapsed": 7004.179922, "delta": 0.006481}}
{"target": -12.357961871869724, "params": {"colsample_bytree": 0.4168426463806919, "eta": 0.0016157105813984758, "gamma": 590.7923974209206, "max_depth": 5.0, "min_child_weight": 4105.351489027898, "num_boost_round": 17.0, "subsample": 0.6189450811313374}, "datetime": {"datetime": "2024-01-20 16:20:37", "elapsed": 7004.186126, "delta": 0.006204}}
{"target": -12.357956571137374, "params": {"colsample_bytree": 0.4168426463806919, "eta": 0.0016157105813984758, "gamma": 590.7923974209206, "max_depth": 5.0, "min_child_weight": 4105.351489027898, "num_boost_round": 18.0, "subsample": 0.6189450811313374}, "datetime": {"datetime": "2024-01-20 16:20:37", "elapsed": 7004.1927, "delta": 0.006574}}
{"target": -12.357950076735651, "params": {"colsample_bytree": 0.4168426463806919, "eta": 0.0016157105813984758, "gamma": 590.7923974209206, "max_depth": 5.0, "min_child_weight": 4105.351489027898, "num_boost_round": 19.0, "subsample": 0.6189450811313374}, "datetime": {"datetime": "2024-01-20 16:20:37", "elapsed": 7004.199274, "delta": 0.006574}}
{"target": -12.35791566714218, "params": {"colsample_bytree": 0.4168426463806919, "eta": 0.0016157105813984758, "gamma": 590.7923974209206, "max_depth": 5.0, "min_child_weight": 4105.351489027898, "num_boost_round": 20.0, "subsample": 0.6189450811313374}, "datetime": {"datetime": "2024-01-20 16:20:37", "elapsed": 7004.205399, "delta": 0.006125}}
{"target": -12.35791719522064, "params": {"colsample_bytree": 0.4168426463806919, "eta": 0.0016157105813984758, "gamma": 590.7923974209206, "max_depth": 5.0, "min_child_weight": 4105.351489027898, "num_boost_round": 21.0, "subsample": 0.6189450811313374}, "datetime": {"datetime": "2024-01-20 16:20:37", "elapsed": 7004.212114, "delta": 0.006715}}
{"target": -12.357923113138943, "params": {"colsample_bytree": 0.4168426463806919, "eta": 0.0016157105813984758, "gamma": 590.7923974209206, "max_depth": 5.0, "min_child_weight": 4105.351489027898, "num_boost_round": 22.0, "subsample": 0.6189450811313374}, "datetime": {"datetime": "2024-01-20 16:20:37", "elapsed": 7004.218507, "delta": 0.006393}}
{"target": -12.35787731143557, "params": {"colsample_bytree": 0.4168426463806919, "eta": 0.0016157105813984758, "gamma": 590.7923974209206, "max_depth": 5.0, "min_child_weight": 4105.351489027898, "num_boost_round": 23.0, "subsample": 0.6189450811313374}, "datetime": {"datetime": "2024-01-20 16:20:37", "elapsed": 7004.224746, "delta": 0.006239}}
{"target": -12.357888053320153, "params": {"colsample_bytree": 0.4168426463806919, "eta": 0.0016157105813984758, "gamma": 590.7923974209206, "max_depth": 5.0, "min_child_weight": 4105.351489027898, "num_boost_round": 24.0, "subsample": 0.6189450811313374}, "datetime": {"datetime": "2024-01-20 16:20:37", "elapsed": 7004.23099, "delta": 0.006244}}
{"target": -12.357801805891999, "params": {"colsample_bytree": 0.4168426463806919, "eta": 0.0016157105813984758, "gamma": 590.7923974209206, "max_depth": 5.0, "min_child_weight": 4105.351489027898, "num_boost_round": 25.0, "subsample": 0.6189450811313374}, "datetime": {"datetime": "2024-01-20 16:20:37", "elapsed": 7004.237759, "delta": 0.006769}}
{"target": -12.357762147720399, "params": {"colsample_bytree": 0.4168426463806919, "eta": 0.0016157105813984758, "gamma": 590.7923974209206, "max_depth": 5.0, "min_child_weight": 4105.351489027898, "num_boost_round": 26.0, "subsample": 0.6189450811313374}, "datetime": {"datetime": "2024-01-20 16:20:37", "elapsed": 7004.244272, "delta": 0.006513}}
{"target": -12.35776581725001, "params": {"colsample_bytree": 0.4168426463806919, "eta": 0.0016157105813984758, "gamma": 590.7923974209206, "max_depth": 5.0, "min_child_weight": 4105.351489027898, "num_boost_round": 27.0, "subsample": 0.6189450811313374}, "datetime": {"datetime": "2024-01-20 16:20:37", "elapsed": 7004.250723, "delta": 0.006451}}
{"target": -12.357719842861652, "params": {"colsample_bytree": 0.4168426463806919, "eta": 0.0016157105813984758, "gamma": 590.7923974209206, "max_depth": 5.0, "min_child_weight": 4105.351489027898, "num_boost_round": 28.0, "subsample": 0.6189450811313374}, "datetime": {"datetime": "2024-01-20 16:20:37", "elapsed": 7004.25698, "delta": 0.006257}}
{"target": -12.357674067617177, "params": {"colsample_bytree": 0.4168426463806919, "eta": 0.0016157105813984758, "gamma": 590.7923974209206, "max_depth": 5.0, "min_child_weight": 4105.351489027898, "num_boost_round": 29.0, "subsample": 0.6189450811313374}, "datetime": {"datetime": "2024-01-20 16:20:37", "elapsed": 7004.263317, "delta": 0.006337}}
{"target": -12.35762525880056, "params": {"colsample_bytree": 0.4168426463806919, "eta": 0.0016157105813984758, "gamma": 590.7923974209206, "max_depth": 5.0, "min_child_weight": 4105.351489027898, "num_boost_round": 30.0, "subsample": 0.6189450811313374}, "datetime": {"datetime": "2024-01-20 16:20:37", "elapsed": 7004.269591, "delta": 0.006274}}
{"target": -12.357527019045648, "params": {"colsample_bytree": 0.4168426463806919, "eta": 0.0016157105813984758, "gamma": 590.7923974209206, "max_depth": 5.0, "min_child_weight": 4105.351489027898, "num_boost_round": 31.0, "subsample": 0.6189450811313374}, "datetime": {"datetime": "2024-01-20 16:20:37", "elapsed": 7004.275856, "delta": 0.006265}}
{"target": -12.357530491252282, "params": {"colsample_bytree": 0.4168426463806919, "eta": 0.0016157105813984758, "gamma": 590.7923974209206, "max_depth": 5.0, "min_child_weight": 4105.351489027898, "num_boost_round": 32.0, "subsample": 0.6189450811313374}, "datetime": {"datetime": "2024-01-20 16:20:38", "elapsed": 7004.281981, "delta": 0.006125}}
{"target": -12.357524602459804, "params": {"colsample_bytree": 0.4168426463806919, "eta": 0.0016157105813984758, "gamma": 590.7923974209206, "max_depth": 5.0, "min_child_weight": 4105.351489027898, "num_boost_round": 33.0, "subsample": 0.6189450811313374}, "datetime": {"datetime": "2024-01-20 16:20:38", "elapsed": 7004.288143, "delta": 0.006162}}
{"target": -12.357476805478274, "params": {"colsample_bytree": 0.4168426463806919, "eta": 0.0016157105813984758, "gamma": 590.7923974209206, "max_depth": 5.0, "min_child_weight": 4105.351489027898, "num_boost_round": 34.0, "subsample": 0.6189450811313374}, "datetime": {"datetime": "2024-01-20 16:20:38", "elapsed": 7004.29773, "delta": 0.009587}}
{"target": -12.357445569773475, "params": {"colsample_bytree": 0.4168426463806919, "eta": 0.0016157105813984758, "gamma": 590.7923974209206, "max_depth": 5.0, "min_child_weight": 4105.351489027898, "num_boost_round": 35.0, "subsample": 0.6189450811313374}, "datetime": {"datetime": "2024-01-20 16:20:38", "elapsed": 7004.308396, "delta": 0.010666}}
{"target": -12.356696173475463, "params": {"colsample_bytree": 0.37072019246966104, "eta": 0.06814266587388611, "gamma": 533.4264012174519, "max_depth": 7.0, "min_child_weight": 4293.944266827061, "num_boost_round": 1.0, "subsample": 0.24667602673390338}, "datetime": {"datetime": "2024-01-20 16:22:11", "elapsed": 7097.687804, "delta": 93.379408}}
{"target": -12.355433296784064, "params": {"colsample_bytree": 0.37072019246966104, "eta": 0.06814266587388611, "gamma": 533.4264012174519, "max_depth": 7.0, "min_child_weight": 4293.944266827061, "num_boost_round": 2.0, "subsample": 0.24667602673390338}, "datetime": {"datetime": "2024-01-20 16:22:11", "elapsed": 7097.696895, "delta": 0.009091}}
{"target": -12.351709735191347, "params": {"colsample_bytree": 0.37072019246966104, "eta": 0.06814266587388611, "gamma": 533.4264012174519, "max_depth": 7.0, "min_child_weight": 4293.944266827061, "num_boost_round": 3.0, "subsample": 0.24667602673390338}, "datetime": {"datetime": "2024-01-20 16:22:11", "elapsed": 7097.705272, "delta": 0.008377}}
{"target": -12.351950755200239, "params": {"colsample_bytree": 0.37072019246966104, "eta": 0.06814266587388611, "gamma": 533.4264012174519, "max_depth": 7.0, "min_child_weight": 4293.944266827061, "num_boost_round": 4.0, "subsample": 0.24667602673390338}, "datetime": {"datetime": "2024-01-20 16:22:11", "elapsed": 7097.71304, "delta": 0.007768}}
{"target": -12.350716632678555, "params": {"colsample_bytree": 0.37072019246966104, "eta": 0.06814266587388611, "gamma": 533.4264012174519, "max_depth": 7.0, "min_child_weight": 4293.944266827061, "num_boost_round": 5.0, "subsample": 0.24667602673390338}, "datetime": {"datetime": "2024-01-20 16:22:11", "elapsed": 7097.721373, "delta": 0.008333}}
{"target": -12.34971693584886, "params": {"colsample_bytree": 0.37072019246966104, "eta": 0.06814266587388611, "gamma": 533.4264012174519, "max_depth": 7.0, "min_child_weight": 4293.944266827061, "num_boost_round": 6.0, "subsample": 0.24667602673390338}, "datetime": {"datetime": "2024-01-20 16:22:11", "elapsed": 7097.729282, "delta": 0.007909}}
{"target": -12.349582472060268, "params": {"colsample_bytree": 0.37072019246966104, "eta": 0.06814266587388611, "gamma": 533.4264012174519, "max_depth": 7.0, "min_child_weight": 4293.944266827061, "num_boost_round": 7.0, "subsample": 0.24667602673390338}, "datetime": {"datetime": "2024-01-20 16:22:11", "elapsed": 7097.736863, "delta": 0.007581}}
{"target": -12.348124391513839, "params": {"colsample_bytree": 0.37072019246966104, "eta": 0.06814266587388611, "gamma": 533.4264012174519, "max_depth": 7.0, "min_child_weight": 4293.944266827061, "num_boost_round": 8.0, "subsample": 0.24667602673390338}, "datetime": {"datetime": "2024-01-20 16:22:11", "elapsed": 7097.74479, "delta": 0.007927}}
{"target": -12.34805005957383, "params": {"colsample_bytree": 0.37072019246966104, "eta": 0.06814266587388611, "gamma": 533.4264012174519, "max_depth": 7.0, "min_child_weight": 4293.944266827061, "num_boost_round": 9.0, "subsample": 0.24667602673390338}, "datetime": {"datetime": "2024-01-20 16:22:11", "elapsed": 7097.752479, "delta": 0.007689}}
{"target": -12.347801767046997, "params": {"colsample_bytree": 0.37072019246966104, "eta": 0.06814266587388611, "gamma": 533.4264012174519, "max_depth": 7.0, "min_child_weight": 4293.944266827061, "num_boost_round": 10.0, "subsample": 0.24667602673390338}, "datetime": {"datetime": "2024-01-20 16:22:11", "elapsed": 7097.760454, "delta": 0.007975}}
{"target": -12.347148512917599, "params": {"colsample_bytree": 0.37072019246966104, "eta": 0.06814266587388611, "gamma": 533.4264012174519, "max_depth": 7.0, "min_child_weight": 4293.944266827061, "num_boost_round": 11.0, "subsample": 0.24667602673390338}, "datetime": {"datetime": "2024-01-20 16:22:11", "elapsed": 7097.768361, "delta": 0.007907}}
{"target": -12.346821383769713, "params": {"colsample_bytree": 0.37072019246966104, "eta": 0.06814266587388611, "gamma": 533.4264012174519, "max_depth": 7.0, "min_child_weight": 4293.944266827061, "num_boost_round": 12.0, "subsample": 0.24667602673390338}, "datetime": {"datetime": "2024-01-20 16:22:11", "elapsed": 7097.776311, "delta": 0.00795}}
{"target": -12.34732854314986, "params": {"colsample_bytree": 0.37072019246966104, "eta": 0.06814266587388611, "gamma": 533.4264012174519, "max_depth": 7.0, "min_child_weight": 4293.944266827061, "num_boost_round": 13.0, "subsample": 0.24667602673390338}, "datetime": {"datetime": "2024-01-20 16:22:11", "elapsed": 7097.784123, "delta": 0.007812}}
{"target": -12.346521807278863, "params": {"colsample_bytree": 0.37072019246966104, "eta": 0.06814266587388611, "gamma": 533.4264012174519, "max_depth": 7.0, "min_child_weight": 4293.944266827061, "num_boost_round": 14.0, "subsample": 0.24667602673390338}, "datetime": {"datetime": "2024-01-20 16:22:11", "elapsed": 7097.792018, "delta": 0.007895}}
{"target": -12.345653418788471, "params": {"colsample_bytree": 0.37072019246966104, "eta": 0.06814266587388611, "gamma": 533.4264012174519, "max_depth": 7.0, "min_child_weight": 4293.944266827061, "num_boost_round": 15.0, "subsample": 0.24667602673390338}, "datetime": {"datetime": "2024-01-20 16:22:11", "elapsed": 7097.800703, "delta": 0.008685}}
{"target": -12.356144778162253, "params": {"colsample_bytree": 0.40116706114411993, "eta": 0.08252366937447915, "gamma": 498.616628512086, "max_depth": 3.0, "min_child_weight": 4234.416328792023, "num_boost_round": 1.0, "subsample": 0.6756745368331591}, "datetime": {"datetime": "2024-01-20 16:23:49", "elapsed": 7195.662567, "delta": 97.861864}}
{"target": -12.354416584729654, "params": {"colsample_bytree": 0.40116706114411993, "eta": 0.08252366937447915, "gamma": 498.616628512086, "max_depth": 3.0, "min_child_weight": 4234.416328792023, "num_boost_round": 2.0, "subsample": 0.6756745368331591}, "datetime": {"datetime": "2024-01-20 16:23:49", "elapsed": 7195.66976, "delta": 0.007193}}
{"target": -12.350547310163284, "params": {"colsample_bytree": 0.40116706114411993, "eta": 0.08252366937447915, "gamma": 498.616628512086, "max_depth": 3.0, "min_child_weight": 4234.416328792023, "num_boost_round": 3.0, "subsample": 0.6756745368331591}, "datetime": {"datetime": "2024-01-20 16:23:49", "elapsed": 7195.676453, "delta": 0.006693}}
