{"target": -13.40945127875376, "params": {"colsample_bytree": 0.555219047644925, "eta": 0.08160576040425079, "gamma": 191.02963098649172, "max_depth": 6.0, "min_child_weight": 2974.477213093737, "num_boost_round": 15.0, "subsample": 0.5938459702734491}, "datetime": {"datetime": "2024-01-20 15:53:22", "elapsed": 5337.444817, "delta": 0.003841}}
{"target": -13.410168694812446, "params": {"colsample_bytree": 0.555219047644925, "eta": 0.08160576040425079, "gamma": 191.02963098649172, "max_depth": 6.0, "min_child_weight": 2974.477213093737, "num_boost_round": 16.0, "subsample": 0.5938459702734491}, "datetime": {"datetime": "2024-01-20 15:53:22", "elapsed": 5337.448942, "delta": 0.004125}}
{"target": -13.410717895031137, "params": {"colsample_bytree": 0.555219047644925, "eta": 0.08160576040425079, "gamma": 191.02963098649172, "max_depth": 6.0, "min_child_weight": 2974.477213093737, "num_boost_round": 17.0, "subsample": 0.5938459702734491}, "datetime": {"datetime": "2024-01-20 15:53:22", "elapsed": 5337.452793, "delta": 0.003851}}
{"target": -13.411918241250602, "params": {"colsample_bytree": 0.555219047644925, "eta": 0.08160576040425079, "gamma": 191.02963098649172, "max_depth": 6.0, "min_child_weight": 2974.477213093737, "num_boost_round": 18.0, "subsample": 0.5938459702734491}, "datetime": {"datetime": "2024-01-20 15:53:22", "elapsed": 5337.456627, "delta": 0.003834}}
{"target": -13.412739703672775, "params": {"colsample_bytree": 0.555219047644925, "eta": 0.08160576040425079, "gamma": 191.02963098649172, "max_depth": 6.0, "min_child_weight": 2974.477213093737, "num_boost_round": 19.0, "subsample": 0.5938459702734491}, "datetime": {"datetime": "2024-01-20 15:53:22", "elapsed": 5337.460615, "delta": 0.003988}}
{"target": -13.413738860354943, "params": {"colsample_bytree": 0.555219047644925, "eta": 0.08160576040425079, "gamma": 191.02963098649172, "max_depth": 6.0, "min_child_weight": 2974.477213093737, "num_boost_round": 20.0, "subsample": 0.5938459702734491}, "datetime": {"datetime": "2024-01-20 15:53:22", "elapsed": 5337.464403, "delta": 0.003788}}
{"target": -13.414378194767895, "params": {"colsample_bytree": 0.555219047644925, "eta": 0.08160576040425079, "gamma": 191.02963098649172, "max_depth": 6.0, "min_child_weight": 2974.477213093737, "num_boost_round": 21.0, "subsample": 0.5938459702734491}, "datetime": {"datetime": "2024-01-20 15:53:22", "elapsed": 5337.470827, "delta": 0.006424}}
{"target": -13.415144357363527, "params": {"colsample_bytree": 0.555219047644925, "eta": 0.08160576040425079, "gamma": 191.02963098649172, "max_depth": 6.0, "min_child_weight": 2974.477213093737, "num_boost_round": 22.0, "subsample": 0.5938459702734491}, "datetime": {"datetime": "2024-01-20 15:53:22", "elapsed": 5337.477025, "delta": 0.006198}}
{"target": -13.416539613996342, "params": {"colsample_bytree": 0.555219047644925, "eta": 0.08160576040425079, "gamma": 191.02963098649172, "max_depth": 6.0, "min_child_weight": 2974.477213093737, "num_boost_round": 23.0, "subsample": 0.5938459702734491}, "datetime": {"datetime": "2024-01-20 15:53:22", "elapsed": 5337.483424, "delta": 0.006399}}
{"target": -13.417575974935964, "params": {"colsample_bytree": 0.555219047644925, "eta": 0.08160576040425079, "gamma": 191.02963098649172, "max_depth": 6.0, "min_child_weight": 2974.477213093737, "num_boost_round": 24.0, "subsample": 0.5938459702734491}, "datetime": {"datetime": "2024-01-20 15:53:22", "elapsed": 5337.48846, "delta": 0.005036}}
{"target": -13.418292245628086, "params": {"colsample_bytree": 0.555219047644925, "eta": 0.08160576040425079, "gamma": 191.02963098649172, "max_depth": 6.0, "min_child_weight": 2974.477213093737, "num_boost_round": 25.0, "subsample": 0.5938459702734491}, "datetime": {"datetime": "2024-01-20 15:53:22", "elapsed": 5337.492688, "delta": 0.004228}}
{"target": -13.419385857848802, "params": {"colsample_bytree": 0.555219047644925, "eta": 0.08160576040425079, "gamma": 191.02963098649172, "max_depth": 6.0, "min_child_weight": 2974.477213093737, "num_boost_round": 26.0, "subsample": 0.5938459702734491}, "datetime": {"datetime": "2024-01-20 15:53:22", "elapsed": 5337.496563, "delta": 0.003875}}
{"target": -13.420274862493931, "params": {"colsample_bytree": 0.555219047644925, "eta": 0.08160576040425079, "gamma": 191.02963098649172, "max_depth": 6.0, "min_child_weight": 2974.477213093737, "num_boost_round": 27.0, "subsample": 0.5938459702734491}, "datetime": {"datetime": "2024-01-20 15:53:22", "elapsed": 5337.500336, "delta": 0.003773}}
{"target": -13.421347226080002, "params": {"colsample_bytree": 0.555219047644925, "eta": 0.08160576040425079, "gamma": 191.02963098649172, "max_depth": 6.0, "min_child_weight": 2974.477213093737, "num_boost_round": 28.0, "subsample": 0.5938459702734491}, "datetime": {"datetime": "2024-01-20 15:53:22", "elapsed": 5337.504262, "delta": 0.003926}}
{"target": -13.421757974675117, "params": {"colsample_bytree": 0.555219047644925, "eta": 0.08160576040425079, "gamma": 191.02963098649172, "max_depth": 6.0, "min_child_weight": 2974.477213093737, "num_boost_round": 29.0, "subsample": 0.5938459702734491}, "datetime": {"datetime": "2024-01-20 15:53:22", "elapsed": 5337.508093, "delta": 0.003831}}
{"target": -13.422528389444206, "params": {"colsample_bytree": 0.555219047644925, "eta": 0.08160576040425079, "gamma": 191.02963098649172, "max_depth": 6.0, "min_child_weight": 2974.477213093737, "num_boost_round": 30.0, "subsample": 0.5938459702734491}, "datetime": {"datetime": "2024-01-20 15:53:22", "elapsed": 5337.511911, "delta": 0.003818}}
{"target": -13.4231485816391, "params": {"colsample_bytree": 0.555219047644925, "eta": 0.08160576040425079, "gamma": 191.02963098649172, "max_depth": 6.0, "min_child_weight": 2974.477213093737, "num_boost_round": 31.0, "subsample": 0.5938459702734491}, "datetime": {"datetime": "2024-01-20 15:53:22", "elapsed": 5337.515826, "delta": 0.003915}}
{"target": -13.423780641301619, "params": {"colsample_bytree": 0.555219047644925, "eta": 0.08160576040425079, "gamma": 191.02963098649172, "max_depth": 6.0, "min_child_weight": 2974.477213093737, "num_boost_round": 32.0, "subsample": 0.5938459702734491}, "datetime": {"datetime": "2024-01-20 15:53:22", "elapsed": 5337.519668, "delta": 0.003842}}
{"target": -13.397944894994783, "params": {"colsample_bytree": 0.23342240498417988, "eta": 0.013299107440178492, "gamma": 316.28187561774433, "max_depth": 3.0, "min_child_weight": 3575.832914175759, "num_boost_round": 1.0, "subsample": 0.4704515689987966}, "datetime": {"datetime": "2024-01-20 15:54:03", "elapsed": 5378.365642, "delta": 40.845974}}
{"target": -13.39795535724515, "params": {"colsample_bytree": 0.23342240498417988, "eta": 0.013299107440178492, "gamma": 316.28187561774433, "max_depth": 3.0, "min_child_weight": 3575.832914175759, "num_boost_round": 2.0, "subsample": 0.4704515689987966}, "datetime": {"datetime": "2024-01-20 15:54:03", "elapsed": 5378.370322, "delta": 0.00468}}
{"target": -13.397985066213943, "params": {"colsample_bytree": 0.23342240498417988, "eta": 0.013299107440178492, "gamma": 316.28187561774433, "max_depth": 3.0, "min_child_weight": 3575.832914175759, "num_boost_round": 3.0, "subsample": 0.4704515689987966}, "datetime": {"datetime": "2024-01-20 15:54:03", "elapsed": 5378.374292, "delta": 0.00397}}
{"target": -13.39851949707745, "params": {"colsample_bytree": 0.21403111707603112, "eta": 0.09132321835738452, "gamma": 3.300563772848042, "max_depth": 6.0, "min_child_weight": 3018.481376348528, "num_boost_round": 1.0, "subsample": 0.6414378444472223}, "datetime": {"datetime": "2024-01-20 15:54:37", "elapsed": 5411.877287, "delta": 33.502995}}
{"target": -13.398550809974989, "params": {"colsample_bytree": 0.21403111707603112, "eta": 0.09132321835738452, "gamma": 3.300563772848042, "max_depth": 6.0, "min_child_weight": 3018.481376348528, "num_boost_round": 2.0, "subsample": 0.6414378444472223}, "datetime": {"datetime": "2024-01-20 15:54:37", "elapsed": 5411.882154, "delta": 0.004867}}
{"target": -13.399029789489749, "params": {"colsample_bytree": 0.21403111707603112, "eta": 0.09132321835738452, "gamma": 3.300563772848042, "max_depth": 6.0, "min_child_weight": 3018.481376348528, "num_boost_round": 3.0, "subsample": 0.6414378444472223}, "datetime": {"datetime": "2024-01-20 15:54:37", "elapsed": 5411.886307, "delta": 0.004153}}
{"target": -13.400023438272251, "params": {"colsample_bytree": 0.21403111707603112, "eta": 0.09132321835738452, "gamma": 3.300563772848042, "max_depth": 6.0, "min_child_weight": 3018.481376348528, "num_boost_round": 4.0, "subsample": 0.6414378444472223}, "datetime": {"datetime": "2024-01-20 15:54:37", "elapsed": 5411.890547, "delta": 0.00424}}
{"target": -13.401273526296077, "params": {"colsample_bytree": 0.21403111707603112, "eta": 0.09132321835738452, "gamma": 3.300563772848042, "max_depth": 6.0, "min_child_weight": 3018.481376348528, "num_boost_round": 5.0, "subsample": 0.6414378444472223}, "datetime": {"datetime": "2024-01-20 15:54:37", "elapsed": 5411.894491, "delta": 0.003944}}
{"target": -13.402136199486065, "params": {"colsample_bytree": 0.21403111707603112, "eta": 0.09132321835738452, "gamma": 3.300563772848042, "max_depth": 6.0, "min_child_weight": 3018.481376348528, "num_boost_round": 6.0, "subsample": 0.6414378444472223}, "datetime": {"datetime": "2024-01-20 15:54:37", "elapsed": 5411.898442, "delta": 0.003951}}
{"target": -13.397739637070593, "params": {"colsample_bytree": 0.9374255472503504, "eta": 0.047214460965913134, "gamma": 204.0182516288107, "max_depth": 2.0, "min_child_weight": 3895.490099681146, "num_boost_round": 1.0, "subsample": 0.9188975011355311}, "datetime": {"datetime": "2024-01-20 15:55:09", "elapsed": 5443.820031, "delta": 31.921589}}
{"target": -13.397882107507794, "params": {"colsample_bytree": 0.9374255472503504, "eta": 0.047214460965913134, "gamma": 204.0182516288107, "max_depth": 2.0, "min_child_weight": 3895.490099681146, "num_boost_round": 2.0, "subsample": 0.9188975011355311}, "datetime": {"datetime": "2024-01-20 15:55:09", "elapsed": 5443.824557, "delta": 0.004526}}
{"target": -13.397565013657209, "params": {"colsample_bytree": 0.5721838227500433, "eta": 0.052177731463540426, "gamma": 277.46225460386165, "max_depth": 4.0, "min_child_weight": 3923.931306642135, "num_boost_round": 1.0, "subsample": 0.3448763867179835}, "datetime": {"datetime": "2024-01-20 15:55:54", "elapsed": 5489.552001, "delta": 45.727444}}
{"target": -13.397418352572675, "params": {"colsample_bytree": 0.5721838227500433, "eta": 0.052177731463540426, "gamma": 277.46225460386165, "max_depth": 4.0, "min_child_weight": 3923.931306642135, "num_boost_round": 2.0, "subsample": 0.3448763867179835}, "datetime": {"datetime": "2024-01-20 15:55:54", "elapsed": 5489.556505, "delta": 0.004504}}
{"target": -13.397797414069867, "params": {"colsample_bytree": 0.8230392584382296, "eta": 0.010291352789677397, "gamma": 92.56701574268611, "max_depth": 5.0, "min_child_weight": 3186.798800985887, "num_boost_round": 1.0, "subsample": 0.5325820011724941}, "datetime": {"datetime": "2024-01-20 15:56:45", "elapsed": 5539.867047, "delta": 50.310542}}
{"target": -13.397781939415943, "params": {"colsample_bytree": 0.8230392584382296, "eta": 0.010291352789677397, "gamma": 92.56701574268611, "max_depth": 5.0, "min_child_weight": 3186.798800985887, "num_boost_round": 2.0, "subsample": 0.5325820011724941}, "datetime": {"datetime": "2024-01-20 15:56:45", "elapsed": 5539.876548, "delta": 0.009501}}
{"target": -13.397221793147935, "params": {"colsample_bytree": 0.8631633173718937, "eta": 0.08210907016514447, "gamma": 142.4187719806599, "max_depth": 6.0, "min_child_weight": 3108.555486232922, "num_boost_round": 1.0, "subsample": 0.3159740563020259}, "datetime": {"datetime": "2024-01-20 15:58:18", "elapsed": 5633.250122, "delta": 93.373574}}
{"target": -13.396770945785871, "params": {"colsample_bytree": 0.8631633173718937, "eta": 0.08210907016514447, "gamma": 142.4187719806599, "max_depth": 6.0, "min_child_weight": 3108.555486232922, "num_boost_round": 2.0, "subsample": 0.3159740563020259}, "datetime": {"datetime": "2024-01-20 15:58:18", "elapsed": 5633.255726, "delta": 0.005604}}
{"target": -13.396352907709801, "params": {"colsample_bytree": 0.8631633173718937, "eta": 0.08210907016514447, "gamma": 142.4187719806599, "max_depth": 6.0, "min_child_weight": 3108.555486232922, "num_boost_round": 3.0, "subsample": 0.3159740563020259}, "datetime": {"datetime": "2024-01-20 15:58:18", "elapsed": 5633.259812, "delta": 0.004086}}
{"target": -13.396357762206296, "params": {"colsample_bytree": 0.8631633173718937, "eta": 0.08210907016514447, "gamma": 142.4187719806599, "max_depth": 6.0, "min_child_weight": 3108.555486232922, "num_boost_round": 4.0, "subsample": 0.3159740563020259}, "datetime": {"datetime": "2024-01-20 15:58:18", "elapsed": 5633.263852, "delta": 0.00404}}
{"target": -13.39619019402757, "params": {"colsample_bytree": 0.8631633173718937, "eta": 0.08210907016514447, "gamma": 142.4187719806599, "max_depth": 6.0, "min_child_weight": 3108.555486232922, "num_boost_round": 5.0, "subsample": 0.3159740563020259}, "datetime": {"datetime": "2024-01-20 15:58:18", "elapsed": 5633.267894, "delta": 0.004042}}
{"target": -13.396297031275289, "params": {"colsample_bytree": 0.8631633173718937, "eta": 0.08210907016514447, "gamma": 142.4187719806599, "max_depth": 6.0, "min_child_weight": 3108.555486232922, "num_boost_round": 6.0, "subsample": 0.3159740563020259}, "datetime": {"datetime": "2024-01-20 15:58:18", "elapsed": 5633.271702, "delta": 0.003808}}
{"target": -13.396850340710994, "params": {"colsample_bytree": 0.8631633173718937, "eta": 0.08210907016514447, "gamma": 142.4187719806599, "max_depth": 6.0, "min_child_weight": 3108.555486232922, "num_boost_round": 7.0, "subsample": 0.3159740563020259}, "datetime": {"datetime": "2024-01-20 15:58:18", "elapsed": 5633.275704, "delta": 0.004002}}
{"target": -13.397195856444824, "params": {"colsample_bytree": 0.8631633173718937, "eta": 0.08210907016514447, "gamma": 142.4187719806599, "max_depth": 6.0, "min_child_weight": 3108.555486232922, "num_boost_round": 8.0, "subsample": 0.3159740563020259}, "datetime": {"datetime": "2024-01-20 15:58:18", "elapsed": 5633.279806, "delta": 0.004102}}
{"target": -13.39817505549592, "params": {"colsample_bytree": 0.8631633173718937, "eta": 0.08210907016514447, "gamma": 142.4187719806599, "max_depth": 6.0, "min_child_weight": 3108.555486232922, "num_boost_round": 9.0, "subsample": 0.3159740563020259}, "datetime": {"datetime": "2024-01-20 15:58:18", "elapsed": 5633.283989, "delta": 0.004183}}
{"target": -13.398549560435459, "params": {"colsample_bytree": 0.8631633173718937, "eta": 0.08210907016514447, "gamma": 142.4187719806599, "max_depth": 6.0, "min_child_weight": 3108.555486232922, "num_boost_round": 10.0, "subsample": 0.3159740563020259}, "datetime": {"datetime": "2024-01-20 15:58:18", "elapsed": 5633.288035, "delta": 0.004046}}
{"target": -13.399211889317723, "params": {"colsample_bytree": 0.8631633173718937, "eta": 0.08210907016514447, "gamma": 142.4187719806599, "max_depth": 6.0, "min_child_weight": 3108.555486232922, "num_boost_round": 11.0, "subsample": 0.3159740563020259}, "datetime": {"datetime": "2024-01-20 15:58:18", "elapsed": 5633.292058, "delta": 0.004023}}
{"target": -13.399944269446875, "params": {"colsample_bytree": 0.8631633173718937, "eta": 0.08210907016514447, "gamma": 142.4187719806599, "max_depth": 6.0, "min_child_weight": 3108.555486232922, "num_boost_round": 12.0, "subsample": 0.3159740563020259}, "datetime": {"datetime": "2024-01-20 15:58:18", "elapsed": 5633.295915, "delta": 0.003857}}
{"target": -13.401144773968861, "params": {"colsample_bytree": 0.8631633173718937, "eta": 0.08210907016514447, "gamma": 142.4187719806599, "max_depth": 6.0, "min_child_weight": 3108.555486232922, "num_boost_round": 13.0, "subsample": 0.3159740563020259}, "datetime": {"datetime": "2024-01-20 15:58:18", "elapsed": 5633.299941, "delta": 0.004026}}
{"target": -13.401478277156407, "params": {"colsample_bytree": 0.8631633173718937, "eta": 0.08210907016514447, "gamma": 142.4187719806599, "max_depth": 6.0, "min_child_weight": 3108.555486232922, "num_boost_round": 14.0, "subsample": 0.3159740563020259}, "datetime": {"datetime": "2024-01-20 15:58:18", "elapsed": 5633.303911, "delta": 0.00397}}
{"target": -13.402010749626108, "params": {"colsample_bytree": 0.8631633173718937, "eta": 0.08210907016514447, "gamma": 142.4187719806599, "max_depth": 6.0, "min_child_weight": 3108.555486232922, "num_boost_round": 15.0, "subsample": 0.3159740563020259}, "datetime": {"datetime": "2024-01-20 15:58:18", "elapsed": 5633.307945, "delta": 0.004034}}
{"target": -13.402637241700756, "params": {"colsample_bytree": 0.8631633173718937, "eta": 0.08210907016514447, "gamma": 142.4187719806599, "max_depth": 6.0, "min_child_weight": 3108.555486232922, "num_boost_round": 16.0, "subsample": 0.3159740563020259}, "datetime": {"datetime": "2024-01-20 15:58:18", "elapsed": 5633.311989, "delta": 0.004044}}
{"target": -13.403516607170143, "params": {"colsample_bytree": 0.8631633173718937, "eta": 0.08210907016514447, "gamma": 142.4187719806599, "max_depth": 6.0, "min_child_weight": 3108.555486232922, "num_boost_round": 17.0, "subsample": 0.3159740563020259}, "datetime": {"datetime": "2024-01-20 15:58:18", "elapsed": 5633.316049, "delta": 0.00406}}
{"target": -13.403732201135568, "params": {"colsample_bytree": 0.8631633173718937, "eta": 0.08210907016514447, "gamma": 142.4187719806599, "max_depth": 6.0, "min_child_weight": 3108.555486232922, "num_boost_round": 18.0, "subsample": 0.3159740563020259}, "datetime": {"datetime": "2024-01-20 15:58:18", "elapsed": 5633.319915, "delta": 0.003866}}
{"target": -13.40469553061533, "params": {"colsample_bytree": 0.8631633173718937, "eta": 0.08210907016514447, "gamma": 142.4187719806599, "max_depth": 6.0, "min_child_weight": 3108.555486232922, "num_boost_round": 19.0, "subsample": 0.3159740563020259}, "datetime": {"datetime": "2024-01-20 15:58:18", "elapsed": 5633.323995, "delta": 0.00408}}
{"target": -13.405767013151063, "params": {"colsample_bytree": 0.8631633173718937, "eta": 0.08210907016514447, "gamma": 142.4187719806599, "max_depth": 6.0, "min_child_weight": 3108.555486232922, "num_boost_round": 20.0, "subsample": 0.3159740563020259}, "datetime": {"datetime": "2024-01-20 15:58:18", "elapsed": 5633.328096, "delta": 0.004101}}
{"target": -13.406330510323755, "params": {"colsample_bytree": 0.8631633173718937, "eta": 0.08210907016514447, "gamma": 142.4187719806599, "max_depth": 6.0, "min_child_weight": 3108.555486232922, "num_boost_round": 21.0, "subsample": 0.3159740563020259}, "datetime": {"datetime": "2024-01-20 15:58:18", "elapsed": 5633.331964, "delta": 0.003868}}
{"target": -13.406548053187933, "params": {"colsample_bytree": 0.8631633173718937, "eta": 0.08210907016514447, "gamma": 142.4187719806599, "max_depth": 6.0, "min_child_weight": 3108.555486232922, "num_boost_round": 22.0, "subsample": 0.3159740563020259}, "datetime": {"datetime": "2024-01-20 15:58:18", "elapsed": 5633.335933, "delta": 0.003969}}
{"target": -13.406945853013784, "params": {"colsample_bytree": 0.8631633173718937, "eta": 0.08210907016514447, "gamma": 142.4187719806599, "max_depth": 6.0, "min_child_weight": 3108.555486232922, "num_boost_round": 23.0, "subsample": 0.3159740563020259}, "datetime": {"datetime": "2024-01-20 15:58:18", "elapsed": 5633.339819, "delta": 0.003886}}
{"target": -13.407479020289184, "params": {"colsample_bytree": 0.8631633173718937, "eta": 0.08210907016514447, "gamma": 142.4187719806599, "max_depth": 6.0, "min_child_weight": 3108.555486232922, "num_boost_round": 24.0, "subsample": 0.3159740563020259}, "datetime": {"datetime": "2024-01-20 15:58:18", "elapsed": 5633.343701, "delta": 0.003882}}
{"target": -13.408090950682586, "params": {"colsample_bytree": 0.8631633173718937, "eta": 0.08210907016514447, "gamma": 142.4187719806599, "max_depth": 6.0, "min_child_weight": 3108.555486232922, "num_boost_round": 25.0, "subsample": 0.3159740563020259}, "datetime": {"datetime": "2024-01-20 15:58:18", "elapsed": 5633.347669, "delta": 0.003968}}
{"target": -13.40844808362525, "params": {"colsample_bytree": 0.8631633173718937, "eta": 0.08210907016514447, "gamma": 142.4187719806599, "max_depth": 6.0, "min_child_weight": 3108.555486232922, "num_boost_round": 26.0, "subsample": 0.3159740563020259}, "datetime": {"datetime": "2024-01-20 15:58:18", "elapsed": 5633.351653, "delta": 0.003984}}
{"target": -13.408890310907825, "params": {"colsample_bytree": 0.8631633173718937, "eta": 0.08210907016514447, "gamma": 142.4187719806599, "max_depth": 6.0, "min_child_weight": 3108.555486232922, "num_boost_round": 27.0, "subsample": 0.3159740563020259}, "datetime": {"datetime": "2024-01-20 15:58:18", "elapsed": 5633.355638, "delta": 0.003985}}
{"target": -13.40936393270254, "params": {"colsample_bytree": 0.8631633173718937, "eta": 0.08210907016514447, "gamma": 142.4187719806599, "max_depth": 6.0, "min_child_weight": 3108.555486232922, "num_boost_round": 28.0, "subsample": 0.3159740563020259}, "datetime": {"datetime": "2024-01-20 15:58:18", "elapsed": 5633.360309, "delta": 0.004671}}
{"target": -13.40946609848446, "params": {"colsample_bytree": 0.8631633173718937, "eta": 0.08210907016514447, "gamma": 142.4187719806599, "max_depth": 6.0, "min_child_weight": 3108.555486232922, "num_boost_round": 29.0, "subsample": 0.3159740563020259}, "datetime": {"datetime": "2024-01-20 15:58:18", "elapsed": 5633.364788, "delta": 0.004479}}
{"target": -13.409823151021548, "params": {"colsample_bytree": 0.8631633173718937, "eta": 0.08210907016514447, "gamma": 142.4187719806599, "max_depth": 6.0, "min_child_weight": 3108.555486232922, "num_boost_round": 30.0, "subsample": 0.3159740563020259}, "datetime": {"datetime": "2024-01-20 15:58:18", "elapsed": 5633.374215, "delta": 0.009427}}
