{"target": -12.358639062106056, "params": {"colsample_bytree": 0.13450683170048164, "eta": 0.013245616079284189, "gamma": 596.5811582162651, "max_depth": 9.0, "min_child_weight": 4144.991476791924, "num_boost_round": 1.0, "subsample": 0.22068297880402676}, "datetime": {"datetime": "2024-01-20 16:08:37", "elapsed": 6283.60703, "delta": 157.287962}}
{"target": -12.358399207116534, "params": {"colsample_bytree": 0.13450683170048164, "eta": 0.013245616079284189, "gamma": 596.5811582162651, "max_depth": 9.0, "min_child_weight": 4144.991476791924, "num_boost_round": 2.0, "subsample": 0.22068297880402676}, "datetime": {"datetime": "2024-01-20 16:08:37", "elapsed": 6283.616332, "delta": 0.009302}}
{"target": -12.358383815366555, "params": {"colsample_bytree": 0.13450683170048164, "eta": 0.013245616079284189, "gamma": 596.5811582162651, "max_depth": 9.0, "min_child_weight": 4144.991476791924, "num_boost_round": 3.0, "subsample": 0.22068297880402676}, "datetime": {"datetime": "2024-01-20 16:08:37", "elapsed": 6283.624129, "delta": 0.007797}}
{"target": -12.358369308058828, "params": {"colsample_bytree": 0.13450683170048164, "eta": 0.013245616079284189, "gamma": 596.5811582162651, "max_depth": 9.0, "min_child_weight": 4144.991476791924, "num_boost_round": 4.0, "subsample": 0.22068297880402676}, "datetime": {"datetime": "2024-01-20 16:08:37", "elapsed": 6283.631577, "delta": 0.007448}}
{"target": -12.358346358956908, "params": {"colsample_bytree": 0.13450683170048164, "eta": 0.013245616079284189, "gamma": 596.5811582162651, "max_depth": 9.0, "min_child_weight": 4144.991476791924, "num_boost_round": 5.0, "subsample": 0.22068297880402676}, "datetime": {"datetime": "2024-01-20 16:08:37", "elapsed": 6283.638908, "delta": 0.007331}}
{"target": -12.358340191563679, "params": {"colsample_bytree": 0.13450683170048164, "eta": 0.013245616079284189, "gamma": 596.5811582162651, "max_depth": 9.0, "min_child_weight": 4144.991476791924, "num_boost_round": 6.0, "subsample": 0.22068297880402676}, "datetime": {"datetime": "2024-01-20 16:08:37", "elapsed": 6283.646186, "delta": 0.007278}}
{"target": -12.358339210553817, "params": {"colsample_bytree": 0.13450683170048164, "eta": 0.013245616079284189, "gamma": 596.5811582162651, "max_depth": 9.0, "min_child_weight": 4144.991476791924, "num_boost_round": 7.0, "subsample": 0.22068297880402676}, "datetime": {"datetime": "2024-01-20 16:08:37", "elapsed": 6283.653338, "delta": 0.007152}}
{"target": -12.357996919782119, "params": {"colsample_bytree": 0.13450683170048164, "eta": 0.013245616079284189, "gamma": 596.5811582162651, "max_depth": 9.0, "min_child_weight": 4144.991476791924, "num_boost_round": 8.0, "subsample": 0.22068297880402676}, "datetime": {"datetime": "2024-01-20 16:08:37", "elapsed": 6283.660618, "delta": 0.00728}}
{"target": -12.357993593987636, "params": {"colsample_bytree": 0.13450683170048164, "eta": 0.013245616079284189, "gamma": 596.5811582162651, "max_depth": 9.0, "min_child_weight": 4144.991476791924, "num_boost_round": 9.0, "subsample": 0.22068297880402676}, "datetime": {"datetime": "2024-01-20 16:08:37", "elapsed": 6283.667766, "delta": 0.007148}}
{"target": -12.358025244478778, "params": {"colsample_bytree": 0.13450683170048164, "eta": 0.013245616079284189, "gamma": 596.5811582162651, "max_depth": 9.0, "min_child_weight": 4144.991476791924, "num_boost_round": 10.0, "subsample": 0.22068297880402676}, "datetime": {"datetime": "2024-01-20 16:08:37", "elapsed": 6283.675165, "delta": 0.007399}}
{"target": -12.357723886930103, "params": {"colsample_bytree": 0.13450683170048164, "eta": 0.013245616079284189, "gamma": 596.5811582162651, "max_depth": 9.0, "min_child_weight": 4144.991476791924, "num_boost_round": 11.0, "subsample": 0.22068297880402676}, "datetime": {"datetime": "2024-01-20 16:08:37", "elapsed": 6283.682416, "delta": 0.007251}}
{"target": -12.35770206077311, "params": {"colsample_bytree": 0.13450683170048164, "eta": 0.013245616079284189, "gamma": 596.5811582162651, "max_depth": 9.0, "min_child_weight": 4144.991476791924, "num_boost_round": 12.0, "subsample": 0.22068297880402676}, "datetime": {"datetime": "2024-01-20 16:08:37", "elapsed": 6283.689523, "delta": 0.007107}}
{"target": -12.35768976975967, "params": {"colsample_bytree": 0.13450683170048164, "eta": 0.013245616079284189, "gamma": 596.5811582162651, "max_depth": 9.0, "min_child_weight": 4144.991476791924, "num_boost_round": 13.0, "subsample": 0.22068297880402676}, "datetime": {"datetime": "2024-01-20 16:08:37", "elapsed": 6283.696786, "delta": 0.007263}}
{"target": -12.3576740560271, "params": {"colsample_bytree": 0.13450683170048164, "eta": 0.013245616079284189, "gamma": 596.5811582162651, "max_depth": 9.0, "min_child_weight": 4144.991476791924, "num_boost_round": 14.0, "subsample": 0.22068297880402676}, "datetime": {"datetime": "2024-01-20 16:08:37", "elapsed": 6283.703892, "delta": 0.007106}}
{"target": -12.357333747584732, "params": {"colsample_bytree": 0.13450683170048164, "eta": 0.013245616079284189, "gamma": 596.5811582162651, "max_depth": 9.0, "min_child_weight": 4144.991476791924, "num_boost_round": 15.0, "subsample": 0.22068297880402676}, "datetime": {"datetime": "2024-01-20 16:08:37", "elapsed": 6283.711009, "delta": 0.007117}}
{"target": -12.357314914013061, "params": {"colsample_bytree": 0.13450683170048164, "eta": 0.013245616079284189, "gamma": 596.5811582162651, "max_depth": 9.0, "min_child_weight": 4144.991476791924, "num_boost_round": 16.0, "subsample": 0.22068297880402676}, "datetime": {"datetime": "2024-01-20 16:08:37", "elapsed": 6283.718282, "delta": 0.007273}}
{"target": -12.357323139759673, "params": {"colsample_bytree": 0.13450683170048164, "eta": 0.013245616079284189, "gamma": 596.5811582162651, "max_depth": 9.0, "min_child_weight": 4144.991476791924, "num_boost_round": 17.0, "subsample": 0.22068297880402676}, "datetime": {"datetime": "2024-01-20 16:08:37", "elapsed": 6283.726168, "delta": 0.007886}}
{"target": -12.35732440705295, "params": {"colsample_bytree": 0.13450683170048164, "eta": 0.013245616079284189, "gamma": 596.5811582162651, "max_depth": 9.0, "min_child_weight": 4144.991476791924, "num_boost_round": 18.0, "subsample": 0.22068297880402676}, "datetime": {"datetime": "2024-01-20 16:08:37", "elapsed": 6283.736125, "delta": 0.009957}}
{"target": -12.357290606404549, "params": {"colsample_bytree": 0.13450683170048164, "eta": 0.013245616079284189, "gamma": 596.5811582162651, "max_depth": 9.0, "min_child_weight": 4144.991476791924, "num_boost_round": 19.0, "subsample": 0.22068297880402676}, "datetime": {"datetime": "2024-01-20 16:08:37", "elapsed": 6283.746276, "delta": 0.010151}}
{"target": -12.35728904440624, "params": {"colsample_bytree": 0.13450683170048164, "eta": 0.013245616079284189, "gamma": 596.5811582162651, "max_depth": 9.0, "min_child_weight": 4144.991476791924, "num_boost_round": 20.0, "subsample": 0.22068297880402676}, "datetime": {"datetime": "2024-01-20 16:08:37", "elapsed": 6283.754127, "delta": 0.007851}}
{"target": -12.35723881852223, "params": {"colsample_bytree": 0.13450683170048164, "eta": 0.013245616079284189, "gamma": 596.5811582162651, "max_depth": 9.0, "min_child_weight": 4144.991476791924, "num_boost_round": 21.0, "subsample": 0.22068297880402676}, "datetime": {"datetime": "2024-01-20 16:08:37", "elapsed": 6283.761296, "delta": 0.007169}}
{"target": -12.357223924742684, "params": {"colsample_bytree": 0.13450683170048164, "eta": 0.013245616079284189, "gamma": 596.5811582162651, "max_depth": 9.0, "min_child_weight": 4144.991476791924, "num_boost_round": 22.0, "subsample": 0.22068297880402676}, "datetime": {"datetime": "2024-01-20 16:08:37", "elapsed": 6283.768636, "delta": 0.00734}}
{"target": -12.357221432143147, "params": {"colsample_bytree": 0.13450683170048164, "eta": 0.013245616079284189, "gamma": 596.5811582162651, "max_depth": 9.0, "min_child_weight": 4144.991476791924, "num_boost_round": 23.0, "subsample": 0.22068297880402676}, "datetime": {"datetime": "2024-01-20 16:08:37", "elapsed": 6283.775725, "delta": 0.007089}}
{"target": -12.357260422105567, "params": {"colsample_bytree": 0.13450683170048164, "eta": 0.013245616079284189, "gamma": 596.5811582162651, "max_depth": 9.0, "min_child_weight": 4144.991476791924, "num_boost_round": 24.0, "subsample": 0.22068297880402676}, "datetime": {"datetime": "2024-01-20 16:08:37", "elapsed": 6283.78273, "delta": 0.007005}}
{"target": -12.356968186369503, "params": {"colsample_bytree": 0.13450683170048164, "eta": 0.013245616079284189, "gamma": 596.5811582162651, "max_depth": 9.0, "min_child_weight": 4144.991476791924, "num_boost_round": 25.0, "subsample": 0.22068297880402676}, "datetime": {"datetime": "2024-01-20 16:08:37", "elapsed": 6283.789781, "delta": 0.007051}}
{"target": -12.356952459722539, "params": {"colsample_bytree": 0.13450683170048164, "eta": 0.013245616079284189, "gamma": 596.5811582162651, "max_depth": 9.0, "min_child_weight": 4144.991476791924, "num_boost_round": 26.0, "subsample": 0.22068297880402676}, "datetime": {"datetime": "2024-01-20 16:08:37", "elapsed": 6283.797021, "delta": 0.00724}}
{"target": -12.356934870100815, "params": {"colsample_bytree": 0.13450683170048164, "eta": 0.013245616079284189, "gamma": 596.5811582162651, "max_depth": 9.0, "min_child_weight": 4144.991476791924, "num_boost_round": 27.0, "subsample": 0.22068297880402676}, "datetime": {"datetime": "2024-01-20 16:08:37", "elapsed": 6283.804342, "delta": 0.007321}}
{"target": -12.356917348730384, "params": {"colsample_bytree": 0.13450683170048164, "eta": 0.013245616079284189, "gamma": 596.5811582162651, "max_depth": 9.0, "min_child_weight": 4144.991476791924, "num_boost_round": 28.0, "subsample": 0.22068297880402676}, "datetime": {"datetime": "2024-01-20 16:08:37", "elapsed": 6283.811379, "delta": 0.007037}}
{"target": -12.35688787403484, "params": {"colsample_bytree": 0.13450683170048164, "eta": 0.013245616079284189, "gamma": 596.5811582162651, "max_depth": 9.0, "min_child_weight": 4144.991476791924, "num_boost_round": 29.0, "subsample": 0.22068297880402676}, "datetime": {"datetime": "2024-01-20 16:08:37", "elapsed": 6283.818401, "delta": 0.007022}}
{"target": -12.356885154228031, "params": {"colsample_bytree": 0.13450683170048164, "eta": 0.013245616079284189, "gamma": 596.5811582162651, "max_depth": 9.0, "min_child_weight": 4144.991476791924, "num_boost_round": 30.0, "subsample": 0.22068297880402676}, "datetime": {"datetime": "2024-01-20 16:08:37", "elapsed": 6283.825424, "delta": 0.007023}}
{"target": -12.356234184449054, "params": {"colsample_bytree": 0.13450683170048164, "eta": 0.013245616079284189, "gamma": 596.5811582162651, "max_depth": 9.0, "min_child_weight": 4144.991476791924, "num_boost_round": 31.0, "subsample": 0.22068297880402676}, "datetime": {"datetime": "2024-01-20 16:08:37", "elapsed": 6283.832555, "delta": 0.007131}}
{"target": -12.356278754028665, "params": {"colsample_bytree": 0.13450683170048164, "eta": 0.013245616079284189, "gamma": 596.5811582162651, "max_depth": 9.0, "min_child_weight": 4144.991476791924, "num_boost_round": 32.0, "subsample": 0.22068297880402676}, "datetime": {"datetime": "2024-01-20 16:08:37", "elapsed": 6283.840372, "delta": 0.007817}}
{"target": -12.3550609069847, "params": {"colsample_bytree": 0.9742163603985978, "eta": 0.06804129126009109, "gamma": 497.08844608657733, "max_depth": 8.0, "min_child_weight": 4237.432167679793, "num_boost_round": 1.0, "subsample": 0.3953371952381225}, "datetime": {"datetime": "2024-01-20 16:10:56", "elapsed": 6422.969356, "delta": 139.128984}}
{"target": -12.351525163466071, "params": {"colsample_bytree": 0.9742163603985978, "eta": 0.06804129126009109, "gamma": 497.08844608657733, "max_depth": 8.0, "min_child_weight": 4237.432167679793, "num_boost_round": 2.0, "subsample": 0.3953371952381225}, "datetime": {"datetime": "2024-01-20 16:10:56", "elapsed": 6422.976421, "delta": 0.007065}}
{"target": -12.348813190647322, "params": {"colsample_bytree": 0.9742163603985978, "eta": 0.06804129126009109, "gamma": 497.08844608657733, "max_depth": 8.0, "min_child_weight": 4237.432167679793, "num_boost_round": 3.0, "subsample": 0.3953371952381225}, "datetime": {"datetime": "2024-01-20 16:10:56", "elapsed": 6422.98243, "delta": 0.006009}}
{"target": -12.346760471486762, "params": {"colsample_bytree": 0.9742163603985978, "eta": 0.06804129126009109, "gamma": 497.08844608657733, "max_depth": 8.0, "min_child_weight": 4237.432167679793, "num_boost_round": 4.0, "subsample": 0.3953371952381225}, "datetime": {"datetime": "2024-01-20 16:10:56", "elapsed": 6422.988236, "delta": 0.005806}}
{"target": -12.345342259427527, "params": {"colsample_bytree": 0.9742163603985978, "eta": 0.06804129126009109, "gamma": 497.08844608657733, "max_depth": 8.0, "min_child_weight": 4237.432167679793, "num_boost_round": 5.0, "subsample": 0.3953371952381225}, "datetime": {"datetime": "2024-01-20 16:10:56", "elapsed": 6422.9945, "delta": 0.006264}}
{"target": -12.344860763358803, "params": {"colsample_bytree": 0.9742163603985978, "eta": 0.06804129126009109, "gamma": 497.08844608657733, "max_depth": 8.0, "min_child_weight": 4237.432167679793, "num_boost_round": 6.0, "subsample": 0.3953371952381225}, "datetime": {"datetime": "2024-01-20 16:10:56", "elapsed": 6423.000453, "delta": 0.005953}}
{"target": -12.344239798450175, "params": {"colsample_bytree": 0.9742163603985978, "eta": 0.06804129126009109, "gamma": 497.08844608657733, "max_depth": 8.0, "min_child_weight": 4237.432167679793, "num_boost_round": 7.0, "subsample": 0.3953371952381225}, "datetime": {"datetime": "2024-01-20 16:10:56", "elapsed": 6423.00631, "delta": 0.005857}}
{"target": -12.343301204272963, "params": {"colsample_bytree": 0.9742163603985978, "eta": 0.06804129126009109, "gamma": 497.08844608657733, "max_depth": 8.0, "min_child_weight": 4237.432167679793, "num_boost_round": 8.0, "subsample": 0.3953371952381225}, "datetime": {"datetime": "2024-01-20 16:10:56", "elapsed": 6423.012126, "delta": 0.005816}}
{"target": -12.342744859007466, "params": {"colsample_bytree": 0.9742163603985978, "eta": 0.06804129126009109, "gamma": 497.08844608657733, "max_depth": 8.0, "min_child_weight": 4237.432167679793, "num_boost_round": 9.0, "subsample": 0.3953371952381225}, "datetime": {"datetime": "2024-01-20 16:10:56", "elapsed": 6423.018297, "delta": 0.006171}}
{"target": -12.342403774646254, "params": {"colsample_bytree": 0.9742163603985978, "eta": 0.06804129126009109, "gamma": 497.08844608657733, "max_depth": 8.0, "min_child_weight": 4237.432167679793, "num_boost_round": 10.0, "subsample": 0.3953371952381225}, "datetime": {"datetime": "2024-01-20 16:10:56", "elapsed": 6423.024444, "delta": 0.006147}}
{"target": -12.34209154743794, "params": {"colsample_bytree": 0.9742163603985978, "eta": 0.06804129126009109, "gamma": 497.08844608657733, "max_depth": 8.0, "min_child_weight": 4237.432167679793, "num_boost_round": 11.0, "subsample": 0.3953371952381225}, "datetime": {"datetime": "2024-01-20 16:10:56", "elapsed": 6423.030216, "delta": 0.005772}}
{"target": -12.342342804164263, "params": {"colsample_bytree": 0.9742163603985978, "eta": 0.06804129126009109, "gamma": 497.08844608657733, "max_depth": 8.0, "min_child_weight": 4237.432167679793, "num_boost_round": 12.0, "subsample": 0.3953371952381225}, "datetime": {"datetime": "2024-01-20 16:10:56", "elapsed": 6423.035964, "delta": 0.005748}}
{"target": -12.342356674344245, "params": {"colsample_bytree": 0.9742163603985978, "eta": 0.06804129126009109, "gamma": 497.08844608657733, "max_depth": 8.0, "min_child_weight": 4237.432167679793, "num_boost_round": 13.0, "subsample": 0.3953371952381225}, "datetime": {"datetime": "2024-01-20 16:10:56", "elapsed": 6423.041849, "delta": 0.005885}}
{"target": -12.342880954094342, "params": {"colsample_bytree": 0.9742163603985978, "eta": 0.06804129126009109, "gamma": 497.08844608657733, "max_depth": 8.0, "min_child_weight": 4237.432167679793, "num_boost_round": 14.0, "subsample": 0.3953371952381225}, "datetime": {"datetime": "2024-01-20 16:10:56", "elapsed": 6423.047639, "delta": 0.00579}}
{"target": -12.343085873235829, "params": {"colsample_bytree": 0.9742163603985978, "eta": 0.06804129126009109, "gamma": 497.08844608657733, "max_depth": 8.0, "min_child_weight": 4237.432167679793, "num_boost_round": 15.0, "subsample": 0.3953371952381225}, "datetime": {"datetime": "2024-01-20 16:10:56", "elapsed": 6423.053343, "delta": 0.005704}}
{"target": -12.343927629771347, "params": {"colsample_bytree": 0.9742163603985978, "eta": 0.06804129126009109, "gamma": 497.08844608657733, "max_depth": 8.0, "min_child_weight": 4237.432167679793, "num_boost_round": 16.0, "subsample": 0.3953371952381225}, "datetime": {"datetime": "2024-01-20 16:10:56", "elapsed": 6423.059176, "delta": 0.005833}}
{"target": -12.344182560122885, "params": {"colsample_bytree": 0.9742163603985978, "eta": 0.06804129126009109, "gamma": 497.08844608657733, "max_depth": 8.0, "min_child_weight": 4237.432167679793, "num_boost_round": 17.0, "subsample": 0.3953371952381225}, "datetime": {"datetime": "2024-01-20 16:10:56", "elapsed": 6423.064929, "delta": 0.005753}}
{"target": -12.344191225744549, "params": {"colsample_bytree": 0.9742163603985978, "eta": 0.06804129126009109, "gamma": 497.08844608657733, "max_depth": 8.0, "min_child_weight": 4237.432167679793, "num_boost_round": 18.0, "subsample": 0.3953371952381225}, "datetime": {"datetime": "2024-01-20 16:10:56", "elapsed": 6423.070644, "delta": 0.005715}}
{"target": -12.344678923205159, "params": {"colsample_bytree": 0.9742163603985978, "eta": 0.06804129126009109, "gamma": 497.08844608657733, "max_depth": 8.0, "min_child_weight": 4237.432167679793, "num_boost_round": 19.0, "subsample": 0.3953371952381225}, "datetime": {"datetime": "2024-01-20 16:10:56", "elapsed": 6423.076315, "delta": 0.005671}}
{"target": -12.345538569539476, "params": {"colsample_bytree": 0.9742163603985978, "eta": 0.06804129126009109, "gamma": 497.08844608657733, "max_depth": 8.0, "min_child_weight": 4237.432167679793, "num_boost_round": 20.0, "subsample": 0.3953371952381225}, "datetime": {"datetime": "2024-01-20 16:10:56", "elapsed": 6423.082161, "delta": 0.005846}}
{"target": -12.345615157204662, "params": {"colsample_bytree": 0.9742163603985978, "eta": 0.06804129126009109, "gamma": 497.08844608657733, "max_depth": 8.0, "min_child_weight": 4237.432167679793, "num_boost_round": 21.0, "subsample": 0.3953371952381225}, "datetime": {"datetime": "2024-01-20 16:10:56", "elapsed": 6423.08799, "delta": 0.005829}}
{"target": -12.346185635302469, "params": {"colsample_bytree": 0.9742163603985978, "eta": 0.06804129126009109, "gamma": 497.08844608657733, "max_depth": 8.0, "min_child_weight": 4237.432167679793, "num_boost_round": 22.0, "subsample": 0.3953371952381225}, "datetime": {"datetime": "2024-01-20 16:10:56", "elapsed": 6423.09373, "delta": 0.00574}}
{"target": -12.346505210124626, "params": {"colsample_bytree": 0.9742163603985978, "eta": 0.06804129126009109, "gamma": 497.08844608657733, "max_depth": 8.0, "min_child_weight": 4237.432167679793, "num_boost_round": 23.0, "subsample": 0.3953371952381225}, "datetime": {"datetime": "2024-01-20 16:10:56", "elapsed": 6423.099612, "delta": 0.005882}}
{"target": -12.34669023419639, "params": {"colsample_bytree": 0.9742163603985978, "eta": 0.06804129126009109, "gamma": 497.08844608657733, "max_depth": 8.0, "min_child_weight": 4237.432167679793, "num_boost_round": 24.0, "subsample": 0.3953371952381225}, "datetime": {"datetime": "2024-01-20 16:10:56", "elapsed": 6423.105414, "delta": 0.005802}}
{"target": -12.347484343290764, "params": {"colsample_bytree": 0.9742163603985978, "eta": 0.06804129126009109, "gamma": 497.08844608657733, "max_depth": 8.0, "min_child_weight": 4237.432167679793, "num_boost_round": 25.0, "subsample": 0.3953371952381225}, "datetime": {"datetime": "2024-01-20 16:10:56", "elapsed": 6423.111232, "delta": 0.005818}}
{"target": -12.347665880185545, "params": {"colsample_bytree": 0.9742163603985978, "eta": 0.06804129126009109, "gamma": 497.08844608657733, "max_depth": 8.0, "min_child_weight": 4237.432167679793, "num_boost_round": 26.0, "subsample": 0.3953371952381225}, "datetime": {"datetime": "2024-01-20 16:10:56", "elapsed": 6423.117161, "delta": 0.005929}}
{"target": -12.34820510161826, "params": {"colsample_bytree": 0.9742163603985978, "eta": 0.06804129126009109, "gamma": 497.08844608657733, "max_depth": 8.0, "min_child_weight": 4237.432167679793, "num_boost_round": 27.0, "subsample": 0.3953371952381225}, "datetime": {"datetime": "2024-01-20 16:10:56", "elapsed": 6423.123406, "delta": 0.006245}}
{"target": -12.348552686530326, "params": {"colsample_bytree": 0.9742163603985978, "eta": 0.06804129126009109, "gamma": 497.08844608657733, "max_depth": 8.0, "min_child_weight": 4237.432167679793, "num_boost_round": 28.0, "subsample": 0.3953371952381225}, "datetime": {"datetime": "2024-01-20 16:10:56", "elapsed": 6423.129297, "delta": 0.005891}}
{"target": -12.348675900506027, "params": {"colsample_bytree": 0.9742163603985978, "eta": 0.06804129126009109, "gamma": 497.08844608657733, "max_depth": 8.0, "min_child_weight": 4237.432167679793, "num_boost_round": 29.0, "subsample": 0.3953371952381225}, "datetime": {"datetime": "2024-01-20 16:10:56", "elapsed": 6423.135063, "delta": 0.005766}}
{"target": -12.348848002935476, "params": {"colsample_bytree": 0.9742163603985978, "eta": 0.06804129126009109, "gamma": 497.08844608657733, "max_depth": 8.0, "min_child_weight": 4237.432167679793, "num_boost_round": 30.0, "subsample": 0.3953371952381225}, "datetime": {"datetime": "2024-01-20 16:10:56", "elapsed": 6423.141012, "delta": 0.005949}}
{"target": -12.349467412292455, "params": {"colsample_bytree": 0.9742163603985978, "eta": 0.06804129126009109, "gamma": 497.08844608657733, "max_depth": 8.0, "min_child_weight": 4237.432167679793, "num_boost_round": 31.0, "subsample": 0.3953371952381225}, "datetime": {"datetime": "2024-01-20 16:10:56", "elapsed": 6423.146783, "delta": 0.005771}}
