{"target": -12.356633190493188, "params": {"colsample_bytree": 0.5939321535345923, "eta": 0.07152178474357823, "gamma": 602.7633760716438, "max_depth": 6.0, "min_child_weight": 4237.124338589708, "num_boost_round": 1.0, "subsample": 0.49382849013642327}, "datetime": {"datetime": "2024-01-20 14:23:53", "elapsed": 0.0, "delta": 0.0}}
{"target": -12.354679996553426, "params": {"colsample_bytree": 0.5939321535345923, "eta": 0.07152178474357823, "gamma": 602.7633760716438, "max_depth": 6.0, "min_child_weight": 4237.124338589708, "num_boost_round": 2.0, "subsample": 0.49382849013642327}, "datetime": {"datetime": "2024-01-20 14:23:53", "elapsed": 0.005868, "delta": 0.005868}}
{"target": -12.351193221717558, "params": {"colsample_bytree": 0.5939321535345923, "eta": 0.07152178474357823, "gamma": 602.7633760716438, "max_depth": 6.0, "min_child_weight": 4237.124338589708, "num_boost_round": 3.0, "subsample": 0.49382849013642327}, "datetime": {"datetime": "2024-01-20 14:23:53", "elapsed": 0.006054, "delta": 0.000186}}
{"target": -12.351887478934824, "params": {"colsample_bytree": 0.5939321535345923, "eta": 0.07152178474357823, "gamma": 602.7633760716438, "max_depth": 6.0, "min_child_weight": 4237.124338589708, "num_boost_round": 4.0, "subsample": 0.49382849013642327}, "datetime": {"datetime": "2024-01-20 14:23:53", "elapsed": 0.006218, "delta": 0.000164}}
{"target": -12.348887747329709, "params": {"colsample_bytree": 0.5939321535345923, "eta": 0.07152178474357823, "gamma": 602.7633760716438, "max_depth": 6.0, "min_child_weight": 4237.124338589708, "num_boost_round": 5.0, "subsample": 0.49382849013642327}, "datetime": {"datetime": "2024-01-20 14:23:53", "elapsed": 0.006361, "delta": 0.000143}}
{"target": -12.346798653322582, "params": {"colsample_bytree": 0.5939321535345923, "eta": 0.07152178474357823, "gamma": 602.7633760716438, "max_depth": 6.0, "min_child_weight": 4237.124338589708, "num_boost_round": 6.0, "subsample": 0.49382849013642327}, "datetime": {"datetime": "2024-01-20 14:23:53", "elapsed": 0.006507, "delta": 0.000146}}
{"target": -12.345366705049576, "params": {"colsample_bytree": 0.5939321535345923, "eta": 0.07152178474357823, "gamma": 602.7633760716438, "max_depth": 6.0, "min_child_weight": 4237.124338589708, "num_boost_round": 7.0, "subsample": 0.49382849013642327}, "datetime": {"datetime": "2024-01-20 14:23:53", "elapsed": 0.006645, "delta": 0.000138}}
{"target": -12.344157693939879, "params": {"colsample_bytree": 0.5939321535345923, "eta": 0.07152178474357823, "gamma": 602.7633760716438, "max_depth": 6.0, "min_child_weight": 4237.124338589708, "num_boost_round": 8.0, "subsample": 0.49382849013642327}, "datetime": {"datetime": "2024-01-20 14:23:53", "elapsed": 0.006796, "delta": 0.000151}}
{"target": -12.343349132883226, "params": {"colsample_bytree": 0.5939321535345923, "eta": 0.07152178474357823, "gamma": 602.7633760716438, "max_depth": 6.0, "min_child_weight": 4237.124338589708, "num_boost_round": 9.0, "subsample": 0.49382849013642327}, "datetime": {"datetime": "2024-01-20 14:23:53", "elapsed": 0.00695, "delta": 0.000154}}
{"target": -12.34273403169929, "params": {"colsample_bytree": 0.5939321535345923, "eta": 0.07152178474357823, "gamma": 602.7633760716438, "max_depth": 6.0, "min_child_weight": 4237.124338589708, "num_boost_round": 10.0, "subsample": 0.49382849013642327}, "datetime": {"datetime": "2024-01-20 14:23:53", "elapsed": 0.007098, "delta": 0.000148}}
{"target": -12.342134922578374, "params": {"colsample_bytree": 0.5939321535345923, "eta": 0.07152178474357823, "gamma": 602.7633760716438, "max_depth": 6.0, "min_child_weight": 4237.124338589708, "num_boost_round": 11.0, "subsample": 0.49382849013642327}, "datetime": {"datetime": "2024-01-20 14:23:53", "elapsed": 0.007241, "delta": 0.000143}}
{"target": -12.341393506438985, "params": {"colsample_bytree": 0.5939321535345923, "eta": 0.07152178474357823, "gamma": 602.7633760716438, "max_depth": 6.0, "min_child_weight": 4237.124338589708, "num_boost_round": 12.0, "subsample": 0.49382849013642327}, "datetime": {"datetime": "2024-01-20 14:23:53", "elapsed": 0.00738, "delta": 0.000139}}
{"target": -12.3416345408803, "params": {"colsample_bytree": 0.5939321535345923, "eta": 0.07152178474357823, "gamma": 602.7633760716438, "max_depth": 6.0, "min_child_weight": 4237.124338589708, "num_boost_round": 13.0, "subsample": 0.49382849013642327}, "datetime": {"datetime": "2024-01-20 14:23:53", "elapsed": 0.013643, "delta": 0.006263}}
{"target": -12.341847653976497, "params": {"colsample_bytree": 0.5939321535345923, "eta": 0.07152178474357823, "gamma": 602.7633760716438, "max_depth": 6.0, "min_child_weight": 4237.124338589708, "num_boost_round": 14.0, "subsample": 0.49382849013642327}, "datetime": {"datetime": "2024-01-20 14:23:53", "elapsed": 0.013809, "delta": 0.000166}}
{"target": -12.340968478588394, "params": {"colsample_bytree": 0.5939321535345923, "eta": 0.07152178474357823, "gamma": 602.7633760716438, "max_depth": 6.0, "min_child_weight": 4237.124338589708, "num_boost_round": 15.0, "subsample": 0.49382849013642327}, "datetime": {"datetime": "2024-01-20 14:23:53", "elapsed": 0.01395, "delta": 0.000141}}
{"target": -12.341067687758681, "params": {"colsample_bytree": 0.5939321535345923, "eta": 0.07152178474357823, "gamma": 602.7633760716438, "max_depth": 6.0, "min_child_weight": 4237.124338589708, "num_boost_round": 16.0, "subsample": 0.49382849013642327}, "datetime": {"datetime": "2024-01-20 14:23:53", "elapsed": 0.014098, "delta": 0.000148}}
{"target": -12.341146815211872, "params": {"colsample_bytree": 0.5939321535345923, "eta": 0.07152178474357823, "gamma": 602.7633760716438, "max_depth": 6.0, "min_child_weight": 4237.124338589708, "num_boost_round": 17.0, "subsample": 0.49382849013642327}, "datetime": {"datetime": "2024-01-20 14:23:53", "elapsed": 0.014243, "delta": 0.000145}}
{"target": -12.340607348368572, "params": {"colsample_bytree": 0.5939321535345923, "eta": 0.07152178474357823, "gamma": 602.7633760716438, "max_depth": 6.0, "min_child_weight": 4237.124338589708, "num_boost_round": 18.0, "subsample": 0.49382849013642327}, "datetime": {"datetime": "2024-01-20 14:23:53", "elapsed": 0.014382, "delta": 0.000139}}
{"target": -12.340651983435716, "params": {"colsample_bytree": 0.5939321535345923, "eta": 0.07152178474357823, "gamma": 602.7633760716438, "max_depth": 6.0, "min_child_weight": 4237.124338589708, "num_boost_round": 19.0, "subsample": 0.49382849013642327}, "datetime": {"datetime": "2024-01-20 14:23:53", "elapsed": 0.014525, "delta": 0.000143}}
{"target": -12.341226910810743, "params": {"colsample_bytree": 0.5939321535345923, "eta": 0.07152178474357823, "gamma": 602.7633760716438, "max_depth": 6.0, "min_child_weight": 4237.124338589708, "num_boost_round": 20.0, "subsample": 0.49382849013642327}, "datetime": {"datetime": "2024-01-20 14:23:53", "elapsed": 0.014672, "delta": 0.000147}}
{"target": -12.341595900682993, "params": {"colsample_bytree": 0.5939321535345923, "eta": 0.07152178474357823, "gamma": 602.7633760716438, "max_depth": 6.0, "min_child_weight": 4237.124338589708, "num_boost_round": 21.0, "subsample": 0.49382849013642327}, "datetime": {"datetime": "2024-01-20 14:23:53", "elapsed": 0.014816, "delta": 0.000144}}
{"target": -12.342144182942473, "params": {"colsample_bytree": 0.5939321535345923, "eta": 0.07152178474357823, "gamma": 602.7633760716438, "max_depth": 6.0, "min_child_weight": 4237.124338589708, "num_boost_round": 22.0, "subsample": 0.49382849013642327}, "datetime": {"datetime": "2024-01-20 14:23:53", "elapsed": 0.014965, "delta": 0.000149}}
{"target": -12.342560667118189, "params": {"colsample_bytree": 0.5939321535345923, "eta": 0.07152178474357823, "gamma": 602.7633760716438, "max_depth": 6.0, "min_child_weight": 4237.124338589708, "num_boost_round": 23.0, "subsample": 0.49382849013642327}, "datetime": {"datetime": "2024-01-20 14:23:53", "elapsed": 0.015132, "delta": 0.000167}}
{"target": -12.342593891437222, "params": {"colsample_bytree": 0.5939321535345923, "eta": 0.07152178474357823, "gamma": 602.7633760716438, "max_depth": 6.0, "min_child_weight": 4237.124338589708, "num_boost_round": 24.0, "subsample": 0.49382849013642327}, "datetime": {"datetime": "2024-01-20 14:23:53", "elapsed": 0.01529, "delta": 0.000158}}
{"target": -12.342324118725164, "params": {"colsample_bytree": 0.5939321535345923, "eta": 0.07152178474357823, "gamma": 602.7633760716438, "max_depth": 6.0, "min_child_weight": 4237.124338589708, "num_boost_round": 25.0, "subsample": 0.49382849013642327}, "datetime": {"datetime": "2024-01-20 14:23:53", "elapsed": 0.015447, "delta": 0.000157}}
{"target": -12.342864047853286, "params": {"colsample_bytree": 0.5939321535345923, "eta": 0.07152178474357823, "gamma": 602.7633760716438, "max_depth": 6.0, "min_child_weight": 4237.124338589708, "num_boost_round": 26.0, "subsample": 0.49382849013642327}, "datetime": {"datetime": "2024-01-20 14:23:53", "elapsed": 0.015603, "delta": 0.000156}}
{"target": -12.342801214705812, "params": {"colsample_bytree": 0.5939321535345923, "eta": 0.07152178474357823, "gamma": 602.7633760716438, "max_depth": 6.0, "min_child_weight": 4237.124338589708, "num_boost_round": 27.0, "subsample": 0.49382849013642327}, "datetime": {"datetime": "2024-01-20 14:23:53", "elapsed": 0.015762, "delta": 0.000159}}
{"target": -12.342466677951219, "params": {"colsample_bytree": 0.5939321535345923, "eta": 0.07152178474357823, "gamma": 602.7633760716438, "max_depth": 6.0, "min_child_weight": 4237.124338589708, "num_boost_round": 28.0, "subsample": 0.49382849013642327}, "datetime": {"datetime": "2024-01-20 14:23:53", "elapsed": 0.015914, "delta": 0.000152}}
{"target": -12.342545613168582, "params": {"colsample_bytree": 0.5939321535345923, "eta": 0.07152178474357823, "gamma": 602.7633760716438, "max_depth": 6.0, "min_child_weight": 4237.124338589708, "num_boost_round": 29.0, "subsample": 0.49382849013642327}, "datetime": {"datetime": "2024-01-20 14:23:53", "elapsed": 0.01607, "delta": 0.000156}}
{"target": -12.342416518549228, "params": {"colsample_bytree": 0.5939321535345923, "eta": 0.07152178474357823, "gamma": 602.7633760716438, "max_depth": 6.0, "min_child_weight": 4237.124338589708, "num_boost_round": 30.0, "subsample": 0.49382849013642327}, "datetime": {"datetime": "2024-01-20 14:23:53", "elapsed": 0.016238, "delta": 0.000168}}
{"target": -12.34268532909475, "params": {"colsample_bytree": 0.5939321535345923, "eta": 0.07152178474357823, "gamma": 602.7633760716438, "max_depth": 6.0, "min_child_weight": 4237.124338589708, "num_boost_round": 31.0, "subsample": 0.49382849013642327}, "datetime": {"datetime": "2024-01-20 14:23:53", "elapsed": 0.016399, "delta": 0.000161}}
{"target": -12.342927350559707, "params": {"colsample_bytree": 0.5939321535345923, "eta": 0.07152178474357823, "gamma": 602.7633760716438, "max_depth": 6.0, "min_child_weight": 4237.124338589708, "num_boost_round": 32.0, "subsample": 0.49382849013642327}, "datetime": {"datetime": "2024-01-20 14:23:53", "elapsed": 0.01656, "delta": 0.000161}}
{"target": -12.343497199922565, "params": {"colsample_bytree": 0.5939321535345923, "eta": 0.07152178474357823, "gamma": 602.7633760716438, "max_depth": 6.0, "min_child_weight": 4237.124338589708, "num_boost_round": 33.0, "subsample": 0.49382849013642327}, "datetime": {"datetime": "2024-01-20 14:23:53", "elapsed": 0.016876, "delta": 0.000316}}
{"target": -12.34379279670027, "params": {"colsample_bytree": 0.5939321535345923, "eta": 0.07152178474357823, "gamma": 602.7633760716438, "max_depth": 6.0, "min_child_weight": 4237.124338589708, "num_boost_round": 34.0, "subsample": 0.49382849013642327}, "datetime": {"datetime": "2024-01-20 14:23:53", "elapsed": 0.017113, "delta": 0.000237}}
{"target": -12.343694435713958, "params": {"colsample_bytree": 0.5939321535345923, "eta": 0.07152178474357823, "gamma": 602.7633760716438, "max_depth": 6.0, "min_child_weight": 4237.124338589708, "num_boost_round": 35.0, "subsample": 0.49382849013642327}, "datetime": {"datetime": "2024-01-20 14:23:53", "elapsed": 0.017393, "delta": 0.00028}}
{"target": -12.343702512367244, "params": {"colsample_bytree": 0.5939321535345923, "eta": 0.07152178474357823, "gamma": 602.7633760716438, "max_depth": 6.0, "min_child_weight": 4237.124338589708, "num_boost_round": 36.0, "subsample": 0.49382849013642327}, "datetime": {"datetime": "2024-01-20 14:23:53", "elapsed": 0.017705, "delta": 0.000312}}
{"target": -12.343724098970302, "params": {"colsample_bytree": 0.5939321535345923, "eta": 0.07152178474357823, "gamma": 602.7633760716438, "max_depth": 6.0, "min_child_weight": 4237.124338589708, "num_boost_round": 37.0, "subsample": 0.49382849013642327}, "datetime": {"datetime": "2024-01-20 14:23:53", "elapsed": 0.017968, "delta": 0.000263}}
{"target": -12.343672690822928, "params": {"colsample_bytree": 0.5939321535345923, "eta": 0.07152178474357823, "gamma": 602.7633760716438, "max_depth": 6.0, "min_child_weight": 4237.124338589708, "num_boost_round": 38.0, "subsample": 0.49382849013642327}, "datetime": {"datetime": "2024-01-20 14:23:53", "elapsed": 0.018149, "delta": 0.000181}}
{"target": -12.343996949718065, "params": {"colsample_bytree": 0.5939321535345923, "eta": 0.07152178474357823, "gamma": 602.7633760716438, "max_depth": 6.0, "min_child_weight": 4237.124338589708, "num_boost_round": 39.0, "subsample": 0.49382849013642327}, "datetime": {"datetime": "2024-01-20 14:23:53", "elapsed": 0.018328, "delta": 0.000179}}
{"target": -12.344107860372848, "params": {"colsample_bytree": 0.5939321535345923, "eta": 0.07152178474357823, "gamma": 602.7633760716438, "max_depth": 6.0, "min_child_weight": 4237.124338589708, "num_boost_round": 40.0, "subsample": 0.49382849013642327}, "datetime": {"datetime": "2024-01-20 14:23:53", "elapsed": 0.018503, "delta": 0.000175}}
{"target": -12.344035876352066, "params": {"colsample_bytree": 0.5939321535345923, "eta": 0.07152178474357823, "gamma": 602.7633760716438, "max_depth": 6.0, "min_child_weight": 4237.124338589708, "num_boost_round": 41.0, "subsample": 0.49382849013642327}, "datetime": {"datetime": "2024-01-20 14:23:53", "elapsed": 0.018681, "delta": 0.000178}}
{"target": -12.34399183256979, "params": {"colsample_bytree": 0.5939321535345923, "eta": 0.07152178474357823, "gamma": 602.7633760716438, "max_depth": 6.0, "min_child_weight": 4237.124338589708, "num_boost_round": 42.0, "subsample": 0.49382849013642327}, "datetime": {"datetime": "2024-01-20 14:23:53", "elapsed": 0.018857, "delta": 0.000176}}
{"target": -12.344198510942878, "params": {"colsample_bytree": 0.5939321535345923, "eta": 0.07152178474357823, "gamma": 602.7633760716438, "max_depth": 6.0, "min_child_weight": 4237.124338589708, "num_boost_round": 43.0, "subsample": 0.49382849013642327}, "datetime": {"datetime": "2024-01-20 14:23:53", "elapsed": 0.019033, "delta": 0.000176}}
{"target": -12.344597371767826, "params": {"colsample_bytree": 0.5939321535345923, "eta": 0.07152178474357823, "gamma": 602.7633760716438, "max_depth": 6.0, "min_child_weight": 4237.124338589708, "num_boost_round": 44.0, "subsample": 0.49382849013642327}, "datetime": {"datetime": "2024-01-20 14:23:53", "elapsed": 0.019222, "delta": 0.000189}}
{"target": -12.344772889901993, "params": {"colsample_bytree": 0.5939321535345923, "eta": 0.07152178474357823, "gamma": 602.7633760716438, "max_depth": 6.0, "min_child_weight": 4237.124338589708, "num_boost_round": 45.0, "subsample": 0.49382849013642327}, "datetime": {"datetime": "2024-01-20 14:23:53", "elapsed": 0.019407, "delta": 0.000185}}
{"target": -12.345178821184017, "params": {"colsample_bytree": 0.5939321535345923, "eta": 0.07152178474357823, "gamma": 602.7633760716438, "max_depth": 6.0, "min_child_weight": 4237.124338589708, "num_boost_round": 46.0, "subsample": 0.49382849013642327}, "datetime": {"datetime": "2024-01-20 14:23:53", "elapsed": 0.019588, "delta": 0.000181}}
{"target": -12.345635139256759, "params": {"colsample_bytree": 0.5939321535345923, "eta": 0.07152178474357823, "gamma": 602.7633760716438, "max_depth": 6.0, "min_child_weight": 4237.124338589708, "num_boost_round": 47.0, "subsample": 0.49382849013642327}, "datetime": {"datetime": "2024-01-20 14:23:53", "elapsed": 0.019769, "delta": 0.000181}}
{"target": -12.345872899753907, "params": {"colsample_bytree": 0.5939321535345923, "eta": 0.07152178474357823, "gamma": 602.7633760716438, "max_depth": 6.0, "min_child_weight": 4237.124338589708, "num_boost_round": 48.0, "subsample": 0.49382849013642327}, "datetime": {"datetime": "2024-01-20 14:23:53", "elapsed": 0.019949, "delta": 0.00018}}
{"target": -12.346090954321838, "params": {"colsample_bytree": 0.5939321535345923, "eta": 0.07152178474357823, "gamma": 602.7633760716438, "max_depth": 6.0, "min_child_weight": 4237.124338589708, "num_boost_round": 49.0, "subsample": 0.49382849013642327}, "datetime": {"datetime": "2024-01-20 14:23:53", "elapsed": 0.020141, "delta": 0.000192}}
{"target": -12.346158083487293, "params": {"colsample_bytree": 0.5939321535345923, "eta": 0.07152178474357823, "gamma": 602.7633760716438, "max_depth": 6.0, "min_child_weight": 4237.124338589708, "num_boost_round": 50.0, "subsample": 0.49382849013642327}, "datetime": {"datetime": "2024-01-20 14:23:53", "elapsed": 0.020337, "delta": 0.000196}}
{"target": -12.346318144128707, "params": {"colsample_bytree": 0.5939321535345923, "eta": 0.07152178474357823, "gamma": 602.7633760716438, "max_depth": 6.0, "min_child_weight": 4237.124338589708, "num_boost_round": 51.0, "subsample": 0.49382849013642327}, "datetime": {"datetime": "2024-01-20 14:23:53", "elapsed": 0.02053, "delta": 0.000193}}
{"target": -12.346532930910543, "params": {"colsample_bytree": 0.5939321535345923, "eta": 0.07152178474357823, "gamma": 602.7633760716438, "max_depth": 6.0, "min_child_weight": 4237.124338589708, "num_boost_round": 52.0, "subsample": 0.49382849013642327}, "datetime": {"datetime": "2024-01-20 14:23:53", "elapsed": 0.02072, "delta": 0.00019}}
{"target": -12.34620804726302, "params": {"colsample_bytree": 0.5939321535345923, "eta": 0.07152178474357823, "gamma": 602.7633760716438, "max_depth": 6.0, "min_child_weight": 4237.124338589708, "num_boost_round": 53.0, "subsample": 0.49382849013642327}, "datetime": {"datetime": "2024-01-20 14:23:53", "elapsed": 0.020912, "delta": 0.000192}}
{"target": -12.346407312239773, "params": {"colsample_bytree": 0.5939321535345923, "eta": 0.07152178474357823, "gamma": 602.7633760716438, "max_depth": 6.0, "min_child_weight": 4237.124338589708, "num_boost_round": 54.0, "subsample": 0.49382849013642327}, "datetime": {"datetime": "2024-01-20 14:23:53", "elapsed": 0.021181, "delta": 0.000269}}
{"target": -12.34643175971649, "params": {"colsample_bytree": 0.5939321535345923, "eta": 0.07152178474357823, "gamma": 602.7633760716438, "max_depth": 6.0, "min_child_weight": 4237.124338589708, "num_boost_round": 55.0, "subsample": 0.49382849013642327}, "datetime": {"datetime": "2024-01-20 14:23:53", "elapsed": 0.021381, "delta": 0.0002}}
{"target": -12.346864147591, "params": {"colsample_bytree": 0.5939321535345923, "eta": 0.07152178474357823, "gamma": 602.7633760716438, "max_depth": 6.0, "min_child_weight": 4237.124338589708, "num_boost_round": 56.0, "subsample": 0.49382849013642327}, "datetime": {"datetime": "2024-01-20 14:23:53", "elapsed": 0.021573, "delta": 0.000192}}
{"target": -12.347046549961021, "params": {"colsample_bytree": 0.5939321535345923, "eta": 0.07152178474357823, "gamma": 602.7633760716438, "max_depth": 6.0, "min_child_weight": 4237.124338589708, "num_boost_round": 57.0, "subsample": 0.49382849013642327}, "datetime": {"datetime": "2024-01-20 14:23:53", "elapsed": 0.021766, "delta": 0.000193}}
{"target": -12.347488461021943, "params": {"colsample_bytree": 0.5939321535345923, "eta": 0.07152178474357823, "gamma": 602.7633760716438, "max_depth": 6.0, "min_child_weight": 4237.124338589708, "num_boost_round": 58.0, "subsample": 0.49382849013642327}, "datetime": {"datetime": "2024-01-20 14:23:53", "elapsed": 0.021965, "delta": 0.000199}}
{"target": -12.347261259081836, "params": {"colsample_bytree": 0.5939321535345923, "eta": 0.07152178474357823, "gamma": 602.7633760716438, "max_depth": 6.0, "min_child_weight": 4237.124338589708, "num_boost_round": 59.0, "subsample": 0.49382849013642327}, "datetime": {"datetime": "2024-01-20 14:23:53", "elapsed": 0.022167, "delta": 0.000202}}
{"target": -12.347408481592925, "params": {"colsample_bytree": 0.5939321535345923, "eta": 0.07152178474357823, "gamma": 602.7633760716438, "max_depth": 6.0, "min_child_weight": 4237.124338589708, "num_boost_round": 60.0, "subsample": 0.49382849013642327}, "datetime": {"datetime": "2024-01-20 14:23:53", "elapsed": 0.022372, "delta": 0.000205}}
{"target": -12.347519328500196, "params": {"colsample_bytree": 0.5939321535345923, "eta": 0.07152178474357823, "gamma": 602.7633760716438, "max_depth": 6.0, "min_child_weight": 4237.124338589708, "num_boost_round": 61.0, "subsample": 0.49382849013642327}, "datetime": {"datetime": "2024-01-20 14:23:53", "elapsed": 0.022577, "delta": 0.000205}}
{"target": -12.347559661935076, "params": {"colsample_bytree": 0.5939321535345923, "eta": 0.07152178474357823, "gamma": 602.7633760716438, "max_depth": 6.0, "min_child_weight": 4237.124338589708, "num_boost_round": 62.0, "subsample": 0.49382849013642327}, "datetime": {"datetime": "2024-01-20 14:23:53", "elapsed": 0.022778, "delta": 0.000201}}
{"target": -12.347758301852366, "params": {"colsample_bytree": 0.5939321535345923, "eta": 0.07152178474357823, "gamma": 602.7633760716438, "max_depth": 6.0, "min_child_weight": 4237.124338589708, "num_boost_round": 63.0, "subsample": 0.49382849013642327}, "datetime": {"datetime": "2024-01-20 14:23:53", "elapsed": 0.022978, "delta": 0.0002}}
