{"target": -10.484482238828207, "params": {"colsample_bytree": 0.42313311154213573, "eta": 0.09996462858037579, "gamma": 139.93378910381426, "max_depth": 4.0, "min_child_weight": 4813.76863724319, "num_boost_round": 37.0, "subsample": 0.7341638981889749}, "datetime": {"datetime": "2024-01-20 16:47:37", "elapsed": 12149.756788, "delta": 0.00747}}
{"target": -10.484583489197757, "params": {"colsample_bytree": 0.42313311154213573, "eta": 0.09996462858037579, "gamma": 139.93378910381426, "max_depth": 4.0, "min_child_weight": 4813.76863724319, "num_boost_round": 38.0, "subsample": 0.7341638981889749}, "datetime": {"datetime": "2024-01-20 16:47:37", "elapsed": 12149.764001, "delta": 0.007213}}
{"target": -10.484964500818409, "params": {"colsample_bytree": 0.42313311154213573, "eta": 0.09996462858037579, "gamma": 139.93378910381426, "max_depth": 4.0, "min_child_weight": 4813.76863724319, "num_boost_round": 39.0, "subsample": 0.7341638981889749}, "datetime": {"datetime": "2024-01-20 16:47:37", "elapsed": 12149.771134, "delta": 0.007133}}
{"target": -10.485313113179666, "params": {"colsample_bytree": 0.42313311154213573, "eta": 0.09996462858037579, "gamma": 139.93378910381426, "max_depth": 4.0, "min_child_weight": 4813.76863724319, "num_boost_round": 40.0, "subsample": 0.7341638981889749}, "datetime": {"datetime": "2024-01-20 16:47:37", "elapsed": 12149.778251, "delta": 0.007117}}
{"target": -10.485670696236907, "params": {"colsample_bytree": 0.42313311154213573, "eta": 0.09996462858037579, "gamma": 139.93378910381426, "max_depth": 4.0, "min_child_weight": 4813.76863724319, "num_boost_round": 41.0, "subsample": 0.7341638981889749}, "datetime": {"datetime": "2024-01-20 16:47:37", "elapsed": 12149.785689, "delta": 0.007438}}
{"target": -10.485994709660414, "params": {"colsample_bytree": 0.42313311154213573, "eta": 0.09996462858037579, "gamma": 139.93378910381426, "max_depth": 4.0, "min_child_weight": 4813.76863724319, "num_boost_round": 42.0, "subsample": 0.7341638981889749}, "datetime": {"datetime": "2024-01-20 16:47:37", "elapsed": 12149.792967, "delta": 0.007278}}
{"target": -10.475391420562586, "params": {"colsample_bytree": 0.6046259222548807, "eta": 0.07803311831737719, "gamma": 469.2011797462956, "max_depth": 8.0, "min_child_weight": 4969.0847813557475, "num_boost_round": 1.0, "subsample": 0.35876518071745456}, "datetime": {"datetime": "2024-01-20 16:51:10", "elapsed": 12362.832462, "delta": 213.039495}}
{"target": -10.474513752240052, "params": {"colsample_bytree": 0.6046259222548807, "eta": 0.07803311831737719, "gamma": 469.2011797462956, "max_depth": 8.0, "min_child_weight": 4969.0847813557475, "num_boost_round": 2.0, "subsample": 0.35876518071745456}, "datetime": {"datetime": "2024-01-20 16:51:10", "elapsed": 12362.840735, "delta": 0.008273}}
{"target": -10.474300787203163, "params": {"colsample_bytree": 0.6046259222548807, "eta": 0.07803311831737719, "gamma": 469.2011797462956, "max_depth": 8.0, "min_child_weight": 4969.0847813557475, "num_boost_round": 3.0, "subsample": 0.35876518071745456}, "datetime": {"datetime": "2024-01-20 16:51:10", "elapsed": 12362.847913, "delta": 0.007178}}
{"target": -10.474064906986278, "params": {"colsample_bytree": 0.6046259222548807, "eta": 0.07803311831737719, "gamma": 469.2011797462956, "max_depth": 8.0, "min_child_weight": 4969.0847813557475, "num_boost_round": 4.0, "subsample": 0.35876518071745456}, "datetime": {"datetime": "2024-01-20 16:51:10", "elapsed": 12362.855638, "delta": 0.007725}}
{"target": -10.47392532477378, "params": {"colsample_bytree": 0.6046259222548807, "eta": 0.07803311831737719, "gamma": 469.2011797462956, "max_depth": 8.0, "min_child_weight": 4969.0847813557475, "num_boost_round": 5.0, "subsample": 0.35876518071745456}, "datetime": {"datetime": "2024-01-20 16:51:10", "elapsed": 12362.863057, "delta": 0.007419}}
{"target": -10.473764186619167, "params": {"colsample_bytree": 0.6046259222548807, "eta": 0.07803311831737719, "gamma": 469.2011797462956, "max_depth": 8.0, "min_child_weight": 4969.0847813557475, "num_boost_round": 6.0, "subsample": 0.35876518071745456}, "datetime": {"datetime": "2024-01-20 16:51:10", "elapsed": 12362.870668, "delta": 0.007611}}
{"target": -10.473447310598376, "params": {"colsample_bytree": 0.6046259222548807, "eta": 0.07803311831737719, "gamma": 469.2011797462956, "max_depth": 8.0, "min_child_weight": 4969.0847813557475, "num_boost_round": 7.0, "subsample": 0.35876518071745456}, "datetime": {"datetime": "2024-01-20 16:51:10", "elapsed": 12362.877658, "delta": 0.00699}}
{"target": -10.473132963770901, "params": {"colsample_bytree": 0.6046259222548807, "eta": 0.07803311831737719, "gamma": 469.2011797462956, "max_depth": 8.0, "min_child_weight": 4969.0847813557475, "num_boost_round": 8.0, "subsample": 0.35876518071745456}, "datetime": {"datetime": "2024-01-20 16:51:10", "elapsed": 12362.885089, "delta": 0.007431}}
{"target": -10.473410780215582, "params": {"colsample_bytree": 0.6046259222548807, "eta": 0.07803311831737719, "gamma": 469.2011797462956, "max_depth": 8.0, "min_child_weight": 4969.0847813557475, "num_boost_round": 9.0, "subsample": 0.35876518071745456}, "datetime": {"datetime": "2024-01-20 16:51:10", "elapsed": 12362.892377, "delta": 0.007288}}
{"target": -10.473374895722392, "params": {"colsample_bytree": 0.6046259222548807, "eta": 0.07803311831737719, "gamma": 469.2011797462956, "max_depth": 8.0, "min_child_weight": 4969.0847813557475, "num_boost_round": 10.0, "subsample": 0.35876518071745456}, "datetime": {"datetime": "2024-01-20 16:51:10", "elapsed": 12362.899888, "delta": 0.007511}}
{"target": -10.473865691479734, "params": {"colsample_bytree": 0.6046259222548807, "eta": 0.07803311831737719, "gamma": 469.2011797462956, "max_depth": 8.0, "min_child_weight": 4969.0847813557475, "num_boost_round": 11.0, "subsample": 0.35876518071745456}, "datetime": {"datetime": "2024-01-20 16:51:10", "elapsed": 12362.906922, "delta": 0.007034}}
{"target": -10.474138273379396, "params": {"colsample_bytree": 0.6046259222548807, "eta": 0.07803311831737719, "gamma": 469.2011797462956, "max_depth": 8.0, "min_child_weight": 4969.0847813557475, "num_boost_round": 12.0, "subsample": 0.35876518071745456}, "datetime": {"datetime": "2024-01-20 16:51:10", "elapsed": 12362.914428, "delta": 0.007506}}
{"target": -10.474633092554637, "params": {"colsample_bytree": 0.6046259222548807, "eta": 0.07803311831737719, "gamma": 469.2011797462956, "max_depth": 8.0, "min_child_weight": 4969.0847813557475, "num_boost_round": 13.0, "subsample": 0.35876518071745456}, "datetime": {"datetime": "2024-01-20 16:51:10", "elapsed": 12362.921549, "delta": 0.007121}}
{"target": -10.474951359428415, "params": {"colsample_bytree": 0.6046259222548807, "eta": 0.07803311831737719, "gamma": 469.2011797462956, "max_depth": 8.0, "min_child_weight": 4969.0847813557475, "num_boost_round": 14.0, "subsample": 0.35876518071745456}, "datetime": {"datetime": "2024-01-20 16:51:10", "elapsed": 12362.928583, "delta": 0.007034}}
{"target": -10.475334393107222, "params": {"colsample_bytree": 0.6046259222548807, "eta": 0.07803311831737719, "gamma": 469.2011797462956, "max_depth": 8.0, "min_child_weight": 4969.0847813557475, "num_boost_round": 15.0, "subsample": 0.35876518071745456}, "datetime": {"datetime": "2024-01-20 16:51:10", "elapsed": 12362.935551, "delta": 0.006968}}
{"target": -10.475904325989047, "params": {"colsample_bytree": 0.6046259222548807, "eta": 0.07803311831737719, "gamma": 469.2011797462956, "max_depth": 8.0, "min_child_weight": 4969.0847813557475, "num_boost_round": 16.0, "subsample": 0.35876518071745456}, "datetime": {"datetime": "2024-01-20 16:51:10", "elapsed": 12362.943003, "delta": 0.007452}}
{"target": -10.47631802263572, "params": {"colsample_bytree": 0.6046259222548807, "eta": 0.07803311831737719, "gamma": 469.2011797462956, "max_depth": 8.0, "min_child_weight": 4969.0847813557475, "num_boost_round": 17.0, "subsample": 0.35876518071745456}, "datetime": {"datetime": "2024-01-20 16:51:10", "elapsed": 12362.950127, "delta": 0.007124}}
{"target": -10.476680358786233, "params": {"colsample_bytree": 0.6046259222548807, "eta": 0.07803311831737719, "gamma": 469.2011797462956, "max_depth": 8.0, "min_child_weight": 4969.0847813557475, "num_boost_round": 18.0, "subsample": 0.35876518071745456}, "datetime": {"datetime": "2024-01-20 16:51:10", "elapsed": 12362.957275, "delta": 0.007148}}
{"target": -10.476966606690283, "params": {"colsample_bytree": 0.6046259222548807, "eta": 0.07803311831737719, "gamma": 469.2011797462956, "max_depth": 8.0, "min_child_weight": 4969.0847813557475, "num_boost_round": 19.0, "subsample": 0.35876518071745456}, "datetime": {"datetime": "2024-01-20 16:51:10", "elapsed": 12362.964774, "delta": 0.007499}}
{"target": -10.477498567459824, "params": {"colsample_bytree": 0.6046259222548807, "eta": 0.07803311831737719, "gamma": 469.2011797462956, "max_depth": 8.0, "min_child_weight": 4969.0847813557475, "num_boost_round": 20.0, "subsample": 0.35876518071745456}, "datetime": {"datetime": "2024-01-20 16:51:10", "elapsed": 12362.973229, "delta": 0.008455}}
{"target": -10.477928811379984, "params": {"colsample_bytree": 0.6046259222548807, "eta": 0.07803311831737719, "gamma": 469.2011797462956, "max_depth": 8.0, "min_child_weight": 4969.0847813557475, "num_boost_round": 21.0, "subsample": 0.35876518071745456}, "datetime": {"datetime": "2024-01-20 16:51:10", "elapsed": 12362.980829, "delta": 0.0076}}
{"target": -10.478500854358689, "params": {"colsample_bytree": 0.6046259222548807, "eta": 0.07803311831737719, "gamma": 469.2011797462956, "max_depth": 8.0, "min_child_weight": 4969.0847813557475, "num_boost_round": 22.0, "subsample": 0.35876518071745456}, "datetime": {"datetime": "2024-01-20 16:51:10", "elapsed": 12362.987963, "delta": 0.007134}}
{"target": -10.478633015104716, "params": {"colsample_bytree": 0.6046259222548807, "eta": 0.07803311831737719, "gamma": 469.2011797462956, "max_depth": 8.0, "min_child_weight": 4969.0847813557475, "num_boost_round": 23.0, "subsample": 0.35876518071745456}, "datetime": {"datetime": "2024-01-20 16:51:10", "elapsed": 12362.994981, "delta": 0.007018}}
{"target": -10.478699524700705, "params": {"colsample_bytree": 0.6046259222548807, "eta": 0.07803311831737719, "gamma": 469.2011797462956, "max_depth": 8.0, "min_child_weight": 4969.0847813557475, "num_boost_round": 24.0, "subsample": 0.35876518071745456}, "datetime": {"datetime": "2024-01-20 16:51:10", "elapsed": 12363.002392, "delta": 0.007411}}
{"target": -10.479392995990573, "params": {"colsample_bytree": 0.6046259222548807, "eta": 0.07803311831737719, "gamma": 469.2011797462956, "max_depth": 8.0, "min_child_weight": 4969.0847813557475, "num_boost_round": 25.0, "subsample": 0.35876518071745456}, "datetime": {"datetime": "2024-01-20 16:51:10", "elapsed": 12363.009511, "delta": 0.007119}}
{"target": -10.47955746608221, "params": {"colsample_bytree": 0.6046259222548807, "eta": 0.07803311831737719, "gamma": 469.2011797462956, "max_depth": 8.0, "min_child_weight": 4969.0847813557475, "num_boost_round": 26.0, "subsample": 0.35876518071745456}, "datetime": {"datetime": "2024-01-20 16:51:10", "elapsed": 12363.016517, "delta": 0.007006}}
{"target": -10.479818128161662, "params": {"colsample_bytree": 0.6046259222548807, "eta": 0.07803311831737719, "gamma": 469.2011797462956, "max_depth": 8.0, "min_child_weight": 4969.0847813557475, "num_boost_round": 27.0, "subsample": 0.35876518071745456}, "datetime": {"datetime": "2024-01-20 16:51:10", "elapsed": 12363.023499, "delta": 0.006982}}
{"target": -10.48006896269987, "params": {"colsample_bytree": 0.6046259222548807, "eta": 0.07803311831737719, "gamma": 469.2011797462956, "max_depth": 8.0, "min_child_weight": 4969.0847813557475, "num_boost_round": 28.0, "subsample": 0.35876518071745456}, "datetime": {"datetime": "2024-01-20 16:51:10", "elapsed": 12363.030932, "delta": 0.007433}}
{"target": -10.48062209388874, "params": {"colsample_bytree": 0.6046259222548807, "eta": 0.07803311831737719, "gamma": 469.2011797462956, "max_depth": 8.0, "min_child_weight": 4969.0847813557475, "num_boost_round": 29.0, "subsample": 0.35876518071745456}, "datetime": {"datetime": "2024-01-20 16:51:10", "elapsed": 12363.038047, "delta": 0.007115}}
{"target": -10.48087974006376, "params": {"colsample_bytree": 0.6046259222548807, "eta": 0.07803311831737719, "gamma": 469.2011797462956, "max_depth": 8.0, "min_child_weight": 4969.0847813557475, "num_boost_round": 30.0, "subsample": 0.35876518071745456}, "datetime": {"datetime": "2024-01-20 16:51:11", "elapsed": 12363.044926, "delta": 0.006879}}
{"target": -10.481105390751004, "params": {"colsample_bytree": 0.6046259222548807, "eta": 0.07803311831737719, "gamma": 469.2011797462956, "max_depth": 8.0, "min_child_weight": 4969.0847813557475, "num_boost_round": 31.0, "subsample": 0.35876518071745456}, "datetime": {"datetime": "2024-01-20 16:51:11", "elapsed": 12363.051877, "delta": 0.006951}}
{"target": -10.47570786847555, "params": {"colsample_bytree": 0.5771991576926653, "eta": 0.0358346176670006, "gamma": 540.3712864285453, "max_depth": 8.0, "min_child_weight": 4470.679062408476, "num_boost_round": 1.0, "subsample": 0.38624336800745684}, "datetime": {"datetime": "2024-01-20 16:54:55", "elapsed": 12588.025372, "delta": 224.973495}}
{"target": -10.475182604051984, "params": {"colsample_bytree": 0.5771991576926653, "eta": 0.0358346176670006, "gamma": 540.3712864285453, "max_depth": 8.0, "min_child_weight": 4470.679062408476, "num_boost_round": 2.0, "subsample": 0.38624336800745684}, "datetime": {"datetime": "2024-01-20 16:54:55", "elapsed": 12588.033956, "delta": 0.008584}}
{"target": -10.475086459752779, "params": {"colsample_bytree": 0.5771991576926653, "eta": 0.0358346176670006, "gamma": 540.3712864285453, "max_depth": 8.0, "min_child_weight": 4470.679062408476, "num_boost_round": 3.0, "subsample": 0.38624336800745684}, "datetime": {"datetime": "2024-01-20 16:54:56", "elapsed": 12588.042078, "delta": 0.008122}}
{"target": -10.47463085797713, "params": {"colsample_bytree": 0.5771991576926653, "eta": 0.0358346176670006, "gamma": 540.3712864285453, "max_depth": 8.0, "min_child_weight": 4470.679062408476, "num_boost_round": 4.0, "subsample": 0.38624336800745684}, "datetime": {"datetime": "2024-01-20 16:54:56", "elapsed": 12588.049844, "delta": 0.007766}}
{"target": -10.474336459012065, "params": {"colsample_bytree": 0.5771991576926653, "eta": 0.0358346176670006, "gamma": 540.3712864285453, "max_depth": 8.0, "min_child_weight": 4470.679062408476, "num_boost_round": 5.0, "subsample": 0.38624336800745684}, "datetime": {"datetime": "2024-01-20 16:54:56", "elapsed": 12588.057528, "delta": 0.007684}}
{"target": -10.474093256418302, "params": {"colsample_bytree": 0.5771991576926653, "eta": 0.0358346176670006, "gamma": 540.3712864285453, "max_depth": 8.0, "min_child_weight": 4470.679062408476, "num_boost_round": 6.0, "subsample": 0.38624336800745684}, "datetime": {"datetime": "2024-01-20 16:54:56", "elapsed": 12588.065006, "delta": 0.007478}}
{"target": -10.473964313017191, "params": {"colsample_bytree": 0.5771991576926653, "eta": 0.0358346176670006, "gamma": 540.3712864285453, "max_depth": 8.0, "min_child_weight": 4470.679062408476, "num_boost_round": 7.0, "subsample": 0.38624336800745684}, "datetime": {"datetime": "2024-01-20 16:54:56", "elapsed": 12588.07243, "delta": 0.007424}}
{"target": -10.473697522538876, "params": {"colsample_bytree": 0.5771991576926653, "eta": 0.0358346176670006, "gamma": 540.3712864285453, "max_depth": 8.0, "min_child_weight": 4470.679062408476, "num_boost_round": 8.0, "subsample": 0.38624336800745684}, "datetime": {"datetime": "2024-01-20 16:54:56", "elapsed": 12588.079766, "delta": 0.007336}}
{"target": -10.47369658016399, "params": {"colsample_bytree": 0.5771991576926653, "eta": 0.0358346176670006, "gamma": 540.3712864285453, "max_depth": 8.0, "min_child_weight": 4470.679062408476, "num_boost_round": 9.0, "subsample": 0.38624336800745684}, "datetime": {"datetime": "2024-01-20 16:54:56", "elapsed": 12588.087487, "delta": 0.007721}}
{"target": -10.473330994741886, "params": {"colsample_bytree": 0.5771991576926653, "eta": 0.0358346176670006, "gamma": 540.3712864285453, "max_depth": 8.0, "min_child_weight": 4470.679062408476, "num_boost_round": 10.0, "subsample": 0.38624336800745684}, "datetime": {"datetime": "2024-01-20 16:54:56", "elapsed": 12588.094863, "delta": 0.007376}}
{"target": -10.473124826739948, "params": {"colsample_bytree": 0.5771991576926653, "eta": 0.0358346176670006, "gamma": 540.3712864285453, "max_depth": 8.0, "min_child_weight": 4470.679062408476, "num_boost_round": 11.0, "subsample": 0.38624336800745684}, "datetime": {"datetime": "2024-01-20 16:54:56", "elapsed": 12588.102262, "delta": 0.007399}}
{"target": -10.473128152689261, "params": {"colsample_bytree": 0.5771991576926653, "eta": 0.0358346176670006, "gamma": 540.3712864285453, "max_depth": 8.0, "min_child_weight": 4470.679062408476, "num_boost_round": 12.0, "subsample": 0.38624336800745684}, "datetime": {"datetime": "2024-01-20 16:54:56", "elapsed": 12588.109423, "delta": 0.007161}}
{"target": -10.473203144520983, "params": {"colsample_bytree": 0.5771991576926653, "eta": 0.0358346176670006, "gamma": 540.3712864285453, "max_depth": 8.0, "min_child_weight": 4470.679062408476, "num_boost_round": 13.0, "subsample": 0.38624336800745684}, "datetime": {"datetime": "2024-01-20 16:54:56", "elapsed": 12588.117116, "delta": 0.007693}}
{"target": -10.47304897993892, "params": {"colsample_bytree": 0.5771991576926653, "eta": 0.0358346176670006, "gamma": 540.3712864285453, "max_depth": 8.0, "min_child_weight": 4470.679062408476, "num_boost_round": 14.0, "subsample": 0.38624336800745684}, "datetime": {"datetime": "2024-01-20 16:54:56", "elapsed": 12588.125688, "delta": 0.008572}}
{"target": -10.472996989927253, "params": {"colsample_bytree": 0.5771991576926653, "eta": 0.0358346176670006, "gamma": 540.3712864285453, "max_depth": 8.0, "min_child_weight": 4470.679062408476, "num_boost_round": 15.0, "subsample": 0.38624336800745684}, "datetime": {"datetime": "2024-01-20 16:54:56", "elapsed": 12588.133766, "delta": 0.008078}}
{"target": -10.473011783268303, "params": {"colsample_bytree": 0.5771991576926653, "eta": 0.0358346176670006, "gamma": 540.3712864285453, "max_depth": 8.0, "min_child_weight": 4470.679062408476, "num_boost_round": 16.0, "subsample": 0.38624336800745684}, "datetime": {"datetime": "2024-01-20 16:54:56", "elapsed": 12588.142193, "delta": 0.008427}}
{"target": -10.473057766116025, "params": {"colsample_bytree": 0.5771991576926653, "eta": 0.0358346176670006, "gamma": 540.3712864285453, "max_depth": 8.0, "min_child_weight": 4470.679062408476, "num_boost_round": 17.0, "subsample": 0.38624336800745684}, "datetime": {"datetime": "2024-01-20 16:54:56", "elapsed": 12588.149984, "delta": 0.007791}}
{"target": -10.473103586011302, "params": {"colsample_bytree": 0.5771991576926653, "eta": 0.0358346176670006, "gamma": 540.3712864285453, "max_depth": 8.0, "min_child_weight": 4470.679062408476, "num_boost_round": 18.0, "subsample": 0.38624336800745684}, "datetime": {"datetime": "2024-01-20 16:54:56", "elapsed": 12588.15782, "delta": 0.007836}}
{"target": -10.47316483997065, "params": {"colsample_bytree": 0.5771991576926653, "eta": 0.0358346176670006, "gamma": 540.3712864285453, "max_depth": 8.0, "min_child_weight": 4470.679062408476, "num_boost_round": 19.0, "subsample": 0.38624336800745684}, "datetime": {"datetime": "2024-01-20 16:54:56", "elapsed": 12588.165277, "delta": 0.007457}}
{"target": -10.47324805414802, "params": {"colsample_bytree": 0.5771991576926653, "eta": 0.0358346176670006, "gamma": 540.3712864285453, "max_depth": 8.0, "min_child_weight": 4470.679062408476, "num_boost_round": 20.0, "subsample": 0.38624336800745684}, "datetime": {"datetime": "2024-01-20 16:54:56", "elapsed": 12588.172689, "delta": 0.007412}}
{"target": -10.473410736988573, "params": {"colsample_bytree": 0.5771991576926653, "eta": 0.0358346176670006, "gamma": 540.3712864285453, "max_depth": 8.0, "min_child_weight": 4470.679062408476, "num_boost_round": 21.0, "subsample": 0.38624336800745684}, "datetime": {"datetime": "2024-01-20 16:54:56", "elapsed": 12588.180458, "delta": 0.007769}}
{"target": -10.473495390533284, "params": {"colsample_bytree": 0.5771991576926653, "eta": 0.0358346176670006, "gamma": 540.3712864285453, "max_depth": 8.0, "min_child_weight": 4470.679062408476, "num_boost_round": 22.0, "subsample": 0.38624336800745684}, "datetime": {"datetime": "2024-01-20 16:54:56", "elapsed": 12588.187929, "delta": 0.007471}}
{"target": -10.473626624335944, "params": {"colsample_bytree": 0.5771991576926653, "eta": 0.0358346176670006, "gamma": 540.3712864285453, "max_depth": 8.0, "min_child_weight": 4470.679062408476, "num_boost_round": 23.0, "subsample": 0.38624336800745684}, "datetime": {"datetime": "2024-01-20 16:54:56", "elapsed": 12588.195232, "delta": 0.007303}}
{"target": -10.473581360666635, "params": {"colsample_bytree": 0.5771991576926653, "eta": 0.0358346176670006, "gamma": 540.3712864285453, "max_depth": 8.0, "min_child_weight": 4470.679062408476, "num_boost_round": 24.0, "subsample": 0.38624336800745684}, "datetime": {"datetime": "2024-01-20 16:54:56", "elapsed": 12588.202515, "delta": 0.007283}}
{"target": -10.473798430247363, "params": {"colsample_bytree": 0.5771991576926653, "eta": 0.0358346176670006, "gamma": 540.3712864285453, "max_depth": 8.0, "min_child_weight": 4470.679062408476, "num_boost_round": 25.0, "subsample": 0.38624336800745684}, "datetime": {"datetime": "2024-01-20 16:54:56", "elapsed": 12588.209978, "delta": 0.007463}}
{"target": -10.47393811819456, "params": {"colsample_bytree": 0.5771991576926653, "eta": 0.0358346176670006, "gamma": 540.3712864285453, "max_depth": 8.0, "min_child_weight": 4470.679062408476, "num_boost_round": 26.0, "subsample": 0.38624336800745684}, "datetime": {"datetime": "2024-01-20 16:54:56", "elapsed": 12588.217312, "delta": 0.007334}}
