{"target": -13.49712438388391, "params": {"colsample_bytree": 0.6199385896424969, "eta": 0.06987966073865284, "gamma": 985.1399124139559, "max_depth": 9.0, "min_child_weight": 4601.570132700201, "num_boost_round": 19.0, "subsample": 0.36005902899521336}, "datetime": {"datetime": "2024-01-20 15:37:52", "elapsed": 4425.684402, "delta": 0.00545}}
{"target": -13.49757994100644, "params": {"colsample_bytree": 0.6199385896424969, "eta": 0.06987966073865284, "gamma": 985.1399124139559, "max_depth": 9.0, "min_child_weight": 4601.570132700201, "num_boost_round": 20.0, "subsample": 0.36005902899521336}, "datetime": {"datetime": "2024-01-20 15:37:52", "elapsed": 4425.689428, "delta": 0.005026}}
{"target": -13.497699486350772, "params": {"colsample_bytree": 0.6199385896424969, "eta": 0.06987966073865284, "gamma": 985.1399124139559, "max_depth": 9.0, "min_child_weight": 4601.570132700201, "num_boost_round": 21.0, "subsample": 0.36005902899521336}, "datetime": {"datetime": "2024-01-20 15:37:52", "elapsed": 4425.69461, "delta": 0.005182}}
{"target": -13.498037355366701, "params": {"colsample_bytree": 0.6199385896424969, "eta": 0.06987966073865284, "gamma": 985.1399124139559, "max_depth": 9.0, "min_child_weight": 4601.570132700201, "num_boost_round": 22.0, "subsample": 0.36005902899521336}, "datetime": {"datetime": "2024-01-20 15:37:52", "elapsed": 4425.700269, "delta": 0.005659}}
{"target": -13.498035168745336, "params": {"colsample_bytree": 0.6199385896424969, "eta": 0.06987966073865284, "gamma": 985.1399124139559, "max_depth": 9.0, "min_child_weight": 4601.570132700201, "num_boost_round": 23.0, "subsample": 0.36005902899521336}, "datetime": {"datetime": "2024-01-20 15:37:52", "elapsed": 4425.705843, "delta": 0.005574}}
{"target": -13.498568388016846, "params": {"colsample_bytree": 0.6199385896424969, "eta": 0.06987966073865284, "gamma": 985.1399124139559, "max_depth": 9.0, "min_child_weight": 4601.570132700201, "num_boost_round": 24.0, "subsample": 0.36005902899521336}, "datetime": {"datetime": "2024-01-20 15:37:52", "elapsed": 4425.711216, "delta": 0.005373}}
{"target": -13.498435730162544, "params": {"colsample_bytree": 0.6199385896424969, "eta": 0.06987966073865284, "gamma": 985.1399124139559, "max_depth": 9.0, "min_child_weight": 4601.570132700201, "num_boost_round": 25.0, "subsample": 0.36005902899521336}, "datetime": {"datetime": "2024-01-20 15:37:52", "elapsed": 4425.716489, "delta": 0.005273}}
{"target": -13.498480003021928, "params": {"colsample_bytree": 0.6199385896424969, "eta": 0.06987966073865284, "gamma": 985.1399124139559, "max_depth": 9.0, "min_child_weight": 4601.570132700201, "num_boost_round": 26.0, "subsample": 0.36005902899521336}, "datetime": {"datetime": "2024-01-20 15:37:52", "elapsed": 4425.721727, "delta": 0.005238}}
{"target": -13.498775737498505, "params": {"colsample_bytree": 0.6199385896424969, "eta": 0.06987966073865284, "gamma": 985.1399124139559, "max_depth": 9.0, "min_child_weight": 4601.570132700201, "num_boost_round": 27.0, "subsample": 0.36005902899521336}, "datetime": {"datetime": "2024-01-20 15:37:52", "elapsed": 4425.726814, "delta": 0.005087}}
{"target": -13.498885744304975, "params": {"colsample_bytree": 0.6199385896424969, "eta": 0.06987966073865284, "gamma": 985.1399124139559, "max_depth": 9.0, "min_child_weight": 4601.570132700201, "num_boost_round": 28.0, "subsample": 0.36005902899521336}, "datetime": {"datetime": "2024-01-20 15:37:52", "elapsed": 4425.732001, "delta": 0.005187}}
{"target": -13.498867707187355, "params": {"colsample_bytree": 0.6199385896424969, "eta": 0.06987966073865284, "gamma": 985.1399124139559, "max_depth": 9.0, "min_child_weight": 4601.570132700201, "num_boost_round": 29.0, "subsample": 0.36005902899521336}, "datetime": {"datetime": "2024-01-20 15:37:52", "elapsed": 4425.737587, "delta": 0.005586}}
{"target": -13.499016543366174, "params": {"colsample_bytree": 0.6199385896424969, "eta": 0.06987966073865284, "gamma": 985.1399124139559, "max_depth": 9.0, "min_child_weight": 4601.570132700201, "num_boost_round": 30.0, "subsample": 0.36005902899521336}, "datetime": {"datetime": "2024-01-20 15:37:52", "elapsed": 4425.743146, "delta": 0.005559}}
{"target": -13.499006985031254, "params": {"colsample_bytree": 0.6199385896424969, "eta": 0.06987966073865284, "gamma": 985.1399124139559, "max_depth": 9.0, "min_child_weight": 4601.570132700201, "num_boost_round": 31.0, "subsample": 0.36005902899521336}, "datetime": {"datetime": "2024-01-20 15:37:52", "elapsed": 4425.748752, "delta": 0.005606}}
{"target": -13.49911696922872, "params": {"colsample_bytree": 0.6199385896424969, "eta": 0.06987966073865284, "gamma": 985.1399124139559, "max_depth": 9.0, "min_child_weight": 4601.570132700201, "num_boost_round": 32.0, "subsample": 0.36005902899521336}, "datetime": {"datetime": "2024-01-20 15:37:52", "elapsed": 4425.753947, "delta": 0.005195}}
{"target": -13.499071653163012, "params": {"colsample_bytree": 0.6199385896424969, "eta": 0.06987966073865284, "gamma": 985.1399124139559, "max_depth": 9.0, "min_child_weight": 4601.570132700201, "num_boost_round": 33.0, "subsample": 0.36005902899521336}, "datetime": {"datetime": "2024-01-20 15:37:52", "elapsed": 4425.759066, "delta": 0.005119}}
{"target": -13.499271039099002, "params": {"colsample_bytree": 0.6199385896424969, "eta": 0.06987966073865284, "gamma": 985.1399124139559, "max_depth": 9.0, "min_child_weight": 4601.570132700201, "num_boost_round": 34.0, "subsample": 0.36005902899521336}, "datetime": {"datetime": "2024-01-20 15:37:52", "elapsed": 4425.764131, "delta": 0.005065}}
{"target": -13.499364645293834, "params": {"colsample_bytree": 0.6199385896424969, "eta": 0.06987966073865284, "gamma": 985.1399124139559, "max_depth": 9.0, "min_child_weight": 4601.570132700201, "num_boost_round": 35.0, "subsample": 0.36005902899521336}, "datetime": {"datetime": "2024-01-20 15:37:52", "elapsed": 4425.769182, "delta": 0.005051}}
{"target": -13.499506874938927, "params": {"colsample_bytree": 0.6199385896424969, "eta": 0.06987966073865284, "gamma": 985.1399124139559, "max_depth": 9.0, "min_child_weight": 4601.570132700201, "num_boost_round": 36.0, "subsample": 0.36005902899521336}, "datetime": {"datetime": "2024-01-20 15:37:52", "elapsed": 4425.774373, "delta": 0.005191}}
{"target": -13.499800023150065, "params": {"colsample_bytree": 0.6199385896424969, "eta": 0.06987966073865284, "gamma": 985.1399124139559, "max_depth": 9.0, "min_child_weight": 4601.570132700201, "num_boost_round": 37.0, "subsample": 0.36005902899521336}, "datetime": {"datetime": "2024-01-20 15:37:52", "elapsed": 4425.779466, "delta": 0.005093}}
{"target": -13.499934155634365, "params": {"colsample_bytree": 0.6199385896424969, "eta": 0.06987966073865284, "gamma": 985.1399124139559, "max_depth": 9.0, "min_child_weight": 4601.570132700201, "num_boost_round": 38.0, "subsample": 0.36005902899521336}, "datetime": {"datetime": "2024-01-20 15:37:52", "elapsed": 4425.784535, "delta": 0.005069}}
{"target": -13.50008780234097, "params": {"colsample_bytree": 0.6199385896424969, "eta": 0.06987966073865284, "gamma": 985.1399124139559, "max_depth": 9.0, "min_child_weight": 4601.570132700201, "num_boost_round": 39.0, "subsample": 0.36005902899521336}, "datetime": {"datetime": "2024-01-20 15:37:52", "elapsed": 4425.789636, "delta": 0.005101}}
{"target": -13.500340624129327, "params": {"colsample_bytree": 0.6199385896424969, "eta": 0.06987966073865284, "gamma": 985.1399124139559, "max_depth": 9.0, "min_child_weight": 4601.570132700201, "num_boost_round": 40.0, "subsample": 0.36005902899521336}, "datetime": {"datetime": "2024-01-20 15:37:52", "elapsed": 4425.794908, "delta": 0.005272}}
{"target": -13.500373451485672, "params": {"colsample_bytree": 0.6199385896424969, "eta": 0.06987966073865284, "gamma": 985.1399124139559, "max_depth": 9.0, "min_child_weight": 4601.570132700201, "num_boost_round": 41.0, "subsample": 0.36005902899521336}, "datetime": {"datetime": "2024-01-20 15:37:52", "elapsed": 4425.80028, "delta": 0.005372}}
{"target": -13.500859314199339, "params": {"colsample_bytree": 0.6199385896424969, "eta": 0.06987966073865284, "gamma": 985.1399124139559, "max_depth": 9.0, "min_child_weight": 4601.570132700201, "num_boost_round": 42.0, "subsample": 0.36005902899521336}, "datetime": {"datetime": "2024-01-20 15:37:52", "elapsed": 4425.805663, "delta": 0.005383}}
{"target": -13.500999304108579, "params": {"colsample_bytree": 0.6199385896424969, "eta": 0.06987966073865284, "gamma": 985.1399124139559, "max_depth": 9.0, "min_child_weight": 4601.570132700201, "num_boost_round": 43.0, "subsample": 0.36005902899521336}, "datetime": {"datetime": "2024-01-20 15:37:52", "elapsed": 4425.811156, "delta": 0.005493}}
{"target": -13.501259851263674, "params": {"colsample_bytree": 0.6199385896424969, "eta": 0.06987966073865284, "gamma": 985.1399124139559, "max_depth": 9.0, "min_child_weight": 4601.570132700201, "num_boost_round": 44.0, "subsample": 0.36005902899521336}, "datetime": {"datetime": "2024-01-20 15:37:52", "elapsed": 4425.816349, "delta": 0.005193}}
{"target": -13.501340831406921, "params": {"colsample_bytree": 0.6199385896424969, "eta": 0.06987966073865284, "gamma": 985.1399124139559, "max_depth": 9.0, "min_child_weight": 4601.570132700201, "num_boost_round": 45.0, "subsample": 0.36005902899521336}, "datetime": {"datetime": "2024-01-20 15:37:52", "elapsed": 4425.821424, "delta": 0.005075}}
{"target": -13.501374720581275, "params": {"colsample_bytree": 0.6199385896424969, "eta": 0.06987966073865284, "gamma": 985.1399124139559, "max_depth": 9.0, "min_child_weight": 4601.570132700201, "num_boost_round": 46.0, "subsample": 0.36005902899521336}, "datetime": {"datetime": "2024-01-20 15:37:52", "elapsed": 4425.826485, "delta": 0.005061}}
{"target": -13.501549231513934, "params": {"colsample_bytree": 0.6199385896424969, "eta": 0.06987966073865284, "gamma": 985.1399124139559, "max_depth": 9.0, "min_child_weight": 4601.570132700201, "num_boost_round": 47.0, "subsample": 0.36005902899521336}, "datetime": {"datetime": "2024-01-20 15:37:52", "elapsed": 4425.831549, "delta": 0.005064}}
{"target": -13.501823605217943, "params": {"colsample_bytree": 0.6199385896424969, "eta": 0.06987966073865284, "gamma": 985.1399124139559, "max_depth": 9.0, "min_child_weight": 4601.570132700201, "num_boost_round": 48.0, "subsample": 0.36005902899521336}, "datetime": {"datetime": "2024-01-20 15:37:52", "elapsed": 4426.117817, "delta": 0.286268}}
{"target": -13.502015285570113, "params": {"colsample_bytree": 0.6199385896424969, "eta": 0.06987966073865284, "gamma": 985.1399124139559, "max_depth": 9.0, "min_child_weight": 4601.570132700201, "num_boost_round": 49.0, "subsample": 0.36005902899521336}, "datetime": {"datetime": "2024-01-20 15:37:52", "elapsed": 4426.124338, "delta": 0.006521}}
{"target": -13.502234296141657, "params": {"colsample_bytree": 0.6199385896424969, "eta": 0.06987966073865284, "gamma": 985.1399124139559, "max_depth": 9.0, "min_child_weight": 4601.570132700201, "num_boost_round": 50.0, "subsample": 0.36005902899521336}, "datetime": {"datetime": "2024-01-20 15:37:52", "elapsed": 4426.130895, "delta": 0.006557}}
{"target": -13.50236938113402, "params": {"colsample_bytree": 0.6199385896424969, "eta": 0.06987966073865284, "gamma": 985.1399124139559, "max_depth": 9.0, "min_child_weight": 4601.570132700201, "num_boost_round": 51.0, "subsample": 0.36005902899521336}, "datetime": {"datetime": "2024-01-20 15:37:52", "elapsed": 4426.13678, "delta": 0.005885}}
{"target": -13.502666654530483, "params": {"colsample_bytree": 0.6199385896424969, "eta": 0.06987966073865284, "gamma": 985.1399124139559, "max_depth": 9.0, "min_child_weight": 4601.570132700201, "num_boost_round": 52.0, "subsample": 0.36005902899521336}, "datetime": {"datetime": "2024-01-20 15:37:52", "elapsed": 4426.142328, "delta": 0.005548}}
{"target": -13.50291006274647, "params": {"colsample_bytree": 0.6199385896424969, "eta": 0.06987966073865284, "gamma": 985.1399124139559, "max_depth": 9.0, "min_child_weight": 4601.570132700201, "num_boost_round": 53.0, "subsample": 0.36005902899521336}, "datetime": {"datetime": "2024-01-20 15:37:52", "elapsed": 4426.147878, "delta": 0.00555}}
{"target": -13.503249180142427, "params": {"colsample_bytree": 0.6199385896424969, "eta": 0.06987966073865284, "gamma": 985.1399124139559, "max_depth": 9.0, "min_child_weight": 4601.570132700201, "num_boost_round": 54.0, "subsample": 0.36005902899521336}, "datetime": {"datetime": "2024-01-20 15:37:52", "elapsed": 4426.153519, "delta": 0.005641}}
{"target": -13.503386291320393, "params": {"colsample_bytree": 0.6199385896424969, "eta": 0.06987966073865284, "gamma": 985.1399124139559, "max_depth": 9.0, "min_child_weight": 4601.570132700201, "num_boost_round": 55.0, "subsample": 0.36005902899521336}, "datetime": {"datetime": "2024-01-20 15:37:52", "elapsed": 4426.158695, "delta": 0.005176}}
{"target": -13.503687529538247, "params": {"colsample_bytree": 0.6199385896424969, "eta": 0.06987966073865284, "gamma": 985.1399124139559, "max_depth": 9.0, "min_child_weight": 4601.570132700201, "num_boost_round": 56.0, "subsample": 0.36005902899521336}, "datetime": {"datetime": "2024-01-20 15:37:52", "elapsed": 4426.16398, "delta": 0.005285}}
{"target": -13.503920560870633, "params": {"colsample_bytree": 0.6199385896424969, "eta": 0.06987966073865284, "gamma": 985.1399124139559, "max_depth": 9.0, "min_child_weight": 4601.570132700201, "num_boost_round": 57.0, "subsample": 0.36005902899521336}, "datetime": {"datetime": "2024-01-20 15:37:52", "elapsed": 4426.169252, "delta": 0.005272}}
{"target": -13.503821450161537, "params": {"colsample_bytree": 0.6199385896424969, "eta": 0.06987966073865284, "gamma": 985.1399124139559, "max_depth": 9.0, "min_child_weight": 4601.570132700201, "num_boost_round": 58.0, "subsample": 0.36005902899521336}, "datetime": {"datetime": "2024-01-20 15:37:52", "elapsed": 4426.174508, "delta": 0.005256}}
{"target": -13.504022883519756, "params": {"colsample_bytree": 0.6199385896424969, "eta": 0.06987966073865284, "gamma": 985.1399124139559, "max_depth": 9.0, "min_child_weight": 4601.570132700201, "num_boost_round": 59.0, "subsample": 0.36005902899521336}, "datetime": {"datetime": "2024-01-20 15:37:52", "elapsed": 4426.179982, "delta": 0.005474}}
{"target": -13.504101690726245, "params": {"colsample_bytree": 0.6199385896424969, "eta": 0.06987966073865284, "gamma": 985.1399124139559, "max_depth": 9.0, "min_child_weight": 4601.570132700201, "num_boost_round": 60.0, "subsample": 0.36005902899521336}, "datetime": {"datetime": "2024-01-20 15:37:52", "elapsed": 4426.185249, "delta": 0.005267}}
{"target": -13.504389332628286, "params": {"colsample_bytree": 0.6199385896424969, "eta": 0.06987966073865284, "gamma": 985.1399124139559, "max_depth": 9.0, "min_child_weight": 4601.570132700201, "num_boost_round": 61.0, "subsample": 0.36005902899521336}, "datetime": {"datetime": "2024-01-20 15:37:52", "elapsed": 4426.190515, "delta": 0.005266}}
{"target": -13.504530102683379, "params": {"colsample_bytree": 0.6199385896424969, "eta": 0.06987966073865284, "gamma": 985.1399124139559, "max_depth": 9.0, "min_child_weight": 4601.570132700201, "num_boost_round": 62.0, "subsample": 0.36005902899521336}, "datetime": {"datetime": "2024-01-20 15:37:52", "elapsed": 4426.195828, "delta": 0.005313}}
{"target": -13.504614410020523, "params": {"colsample_bytree": 0.6199385896424969, "eta": 0.06987966073865284, "gamma": 985.1399124139559, "max_depth": 9.0, "min_child_weight": 4601.570132700201, "num_boost_round": 63.0, "subsample": 0.36005902899521336}, "datetime": {"datetime": "2024-01-20 15:37:52", "elapsed": 4426.201208, "delta": 0.00538}}
{"target": -13.504871863204194, "params": {"colsample_bytree": 0.6199385896424969, "eta": 0.06987966073865284, "gamma": 985.1399124139559, "max_depth": 9.0, "min_child_weight": 4601.570132700201, "num_boost_round": 64.0, "subsample": 0.36005902899521336}, "datetime": {"datetime": "2024-01-20 15:37:52", "elapsed": 4426.209083, "delta": 0.007875}}
{"target": -13.505109819805796, "params": {"colsample_bytree": 0.6199385896424969, "eta": 0.06987966073865284, "gamma": 985.1399124139559, "max_depth": 9.0, "min_child_weight": 4601.570132700201, "num_boost_round": 65.0, "subsample": 0.36005902899521336}, "datetime": {"datetime": "2024-01-20 15:37:52", "elapsed": 4426.21753, "delta": 0.008447}}
{"target": -13.505112853918497, "params": {"colsample_bytree": 0.6199385896424969, "eta": 0.06987966073865284, "gamma": 985.1399124139559, "max_depth": 9.0, "min_child_weight": 4601.570132700201, "num_boost_round": 66.0, "subsample": 0.36005902899521336}, "datetime": {"datetime": "2024-01-20 15:37:52", "elapsed": 4426.224004, "delta": 0.006474}}
{"target": -13.505350442172645, "params": {"colsample_bytree": 0.6199385896424969, "eta": 0.06987966073865284, "gamma": 985.1399124139559, "max_depth": 9.0, "min_child_weight": 4601.570132700201, "num_boost_round": 67.0, "subsample": 0.36005902899521336}, "datetime": {"datetime": "2024-01-20 15:37:52", "elapsed": 4426.22951, "delta": 0.005506}}
{"target": -13.505575213147978, "params": {"colsample_bytree": 0.6199385896424969, "eta": 0.06987966073865284, "gamma": 985.1399124139559, "max_depth": 9.0, "min_child_weight": 4601.570132700201, "num_boost_round": 68.0, "subsample": 0.36005902899521336}, "datetime": {"datetime": "2024-01-20 15:37:52", "elapsed": 4426.234789, "delta": 0.005279}}
{"target": -13.505757374908107, "params": {"colsample_bytree": 0.6199385896424969, "eta": 0.06987966073865284, "gamma": 985.1399124139559, "max_depth": 9.0, "min_child_weight": 4601.570132700201, "num_boost_round": 69.0, "subsample": 0.36005902899521336}, "datetime": {"datetime": "2024-01-20 15:37:52", "elapsed": 4426.240875, "delta": 0.006086}}
{"target": -13.50583297003394, "params": {"colsample_bytree": 0.6199385896424969, "eta": 0.06987966073865284, "gamma": 985.1399124139559, "max_depth": 9.0, "min_child_weight": 4601.570132700201, "num_boost_round": 70.0, "subsample": 0.36005902899521336}, "datetime": {"datetime": "2024-01-20 15:37:52", "elapsed": 4426.246342, "delta": 0.005467}}
{"target": -13.50601322034586, "params": {"colsample_bytree": 0.6199385896424969, "eta": 0.06987966073865284, "gamma": 985.1399124139559, "max_depth": 9.0, "min_child_weight": 4601.570132700201, "num_boost_round": 71.0, "subsample": 0.36005902899521336}, "datetime": {"datetime": "2024-01-20 15:37:52", "elapsed": 4426.251685, "delta": 0.005343}}
{"target": -13.506082373109884, "params": {"colsample_bytree": 0.6199385896424969, "eta": 0.06987966073865284, "gamma": 985.1399124139559, "max_depth": 9.0, "min_child_weight": 4601.570132700201, "num_boost_round": 72.0, "subsample": 0.36005902899521336}, "datetime": {"datetime": "2024-01-20 15:37:52", "elapsed": 4426.257048, "delta": 0.005363}}
{"target": -13.506158926893487, "params": {"colsample_bytree": 0.6199385896424969, "eta": 0.06987966073865284, "gamma": 985.1399124139559, "max_depth": 9.0, "min_child_weight": 4601.570132700201, "num_boost_round": 73.0, "subsample": 0.36005902899521336}, "datetime": {"datetime": "2024-01-20 15:37:52", "elapsed": 4426.26226, "delta": 0.005212}}
{"target": -13.506352507086312, "params": {"colsample_bytree": 0.6199385896424969, "eta": 0.06987966073865284, "gamma": 985.1399124139559, "max_depth": 9.0, "min_child_weight": 4601.570132700201, "num_boost_round": 74.0, "subsample": 0.36005902899521336}, "datetime": {"datetime": "2024-01-20 15:37:52", "elapsed": 4426.267507, "delta": 0.005247}}
{"target": -13.50662309199733, "params": {"colsample_bytree": 0.6199385896424969, "eta": 0.06987966073865284, "gamma": 985.1399124139559, "max_depth": 9.0, "min_child_weight": 4601.570132700201, "num_boost_round": 75.0, "subsample": 0.36005902899521336}, "datetime": {"datetime": "2024-01-20 15:37:52", "elapsed": 4426.272838, "delta": 0.005331}}
{"target": -13.506827835778601, "params": {"colsample_bytree": 0.6199385896424969, "eta": 0.06987966073865284, "gamma": 985.1399124139559, "max_depth": 9.0, "min_child_weight": 4601.570132700201, "num_boost_round": 76.0, "subsample": 0.36005902899521336}, "datetime": {"datetime": "2024-01-20 15:37:52", "elapsed": 4426.278365, "delta": 0.005527}}
{"target": -13.506954458930373, "params": {"colsample_bytree": 0.6199385896424969, "eta": 0.06987966073865284, "gamma": 985.1399124139559, "max_depth": 9.0, "min_child_weight": 4601.570132700201, "num_boost_round": 77.0, "subsample": 0.36005902899521336}, "datetime": {"datetime": "2024-01-20 15:37:52", "elapsed": 4426.283939, "delta": 0.005574}}
{"target": -13.507077308069736, "params": {"colsample_bytree": 0.6199385896424969, "eta": 0.06987966073865284, "gamma": 985.1399124139559, "max_depth": 9.0, "min_child_weight": 4601.570132700201, "num_boost_round": 78.0, "subsample": 0.36005902899521336}, "datetime": {"datetime": "2024-01-20 15:37:52", "elapsed": 4426.289616, "delta": 0.005677}}
{"target": -13.50711902705175, "params": {"colsample_bytree": 0.6199385896424969, "eta": 0.06987966073865284, "gamma": 985.1399124139559, "max_depth": 9.0, "min_child_weight": 4601.570132700201, "num_boost_round": 79.0, "subsample": 0.36005902899521336}, "datetime": {"datetime": "2024-01-20 15:37:52", "elapsed": 4426.294891, "delta": 0.005275}}
{"target": -13.507253420437102, "params": {"colsample_bytree": 0.6199385896424969, "eta": 0.06987966073865284, "gamma": 985.1399124139559, "max_depth": 9.0, "min_child_weight": 4601.570132700201, "num_boost_round": 80.0, "subsample": 0.36005902899521336}, "datetime": {"datetime": "2024-01-20 15:37:52", "elapsed": 4426.300124, "delta": 0.005233}}
{"target": -13.50730884816463, "params": {"colsample_bytree": 0.6199385896424969, "eta": 0.06987966073865284, "gamma": 985.1399124139559, "max_depth": 9.0, "min_child_weight": 4601.570132700201, "num_boost_round": 81.0, "subsample": 0.36005902899521336}, "datetime": {"datetime": "2024-01-20 15:37:52", "elapsed": 4426.305378, "delta": 0.005254}}
