{"target": -19.1482757433186, "params": {"colsample_bytree": 0.3410756376948807, "eta": 0.09895245554766931, "gamma": 5.35358556723442, "max_depth": 2.0, "min_child_weight": 4567.420320281328, "num_boost_round": 31.0, "subsample": 0.8801780455601149}, "datetime": {"datetime": "2024-01-20 15:36:46", "elapsed": 4374.004956, "delta": 0.004163}}
{"target": -19.148661352822536, "params": {"colsample_bytree": 0.3410756376948807, "eta": 0.09895245554766931, "gamma": 5.35358556723442, "max_depth": 2.0, "min_child_weight": 4567.420320281328, "num_boost_round": 32.0, "subsample": 0.8801780455601149}, "datetime": {"datetime": "2024-01-20 15:36:46", "elapsed": 4374.009237, "delta": 0.004281}}
{"target": -19.14873967809958, "params": {"colsample_bytree": 0.3410756376948807, "eta": 0.09895245554766931, "gamma": 5.35358556723442, "max_depth": 2.0, "min_child_weight": 4567.420320281328, "num_boost_round": 33.0, "subsample": 0.8801780455601149}, "datetime": {"datetime": "2024-01-20 15:36:46", "elapsed": 4374.013383, "delta": 0.004146}}
{"target": -19.149067817601008, "params": {"colsample_bytree": 0.3410756376948807, "eta": 0.09895245554766931, "gamma": 5.35358556723442, "max_depth": 2.0, "min_child_weight": 4567.420320281328, "num_boost_round": 34.0, "subsample": 0.8801780455601149}, "datetime": {"datetime": "2024-01-20 15:36:46", "elapsed": 4374.017654, "delta": 0.004271}}
{"target": -19.14985237597946, "params": {"colsample_bytree": 0.3410756376948807, "eta": 0.09895245554766931, "gamma": 5.35358556723442, "max_depth": 2.0, "min_child_weight": 4567.420320281328, "num_boost_round": 35.0, "subsample": 0.8801780455601149}, "datetime": {"datetime": "2024-01-20 15:36:46", "elapsed": 4374.021783, "delta": 0.004129}}
{"target": -19.14980231812656, "params": {"colsample_bytree": 0.3410756376948807, "eta": 0.09895245554766931, "gamma": 5.35358556723442, "max_depth": 2.0, "min_child_weight": 4567.420320281328, "num_boost_round": 36.0, "subsample": 0.8801780455601149}, "datetime": {"datetime": "2024-01-20 15:36:46", "elapsed": 4374.025937, "delta": 0.004154}}
{"target": -19.14990270035715, "params": {"colsample_bytree": 0.3410756376948807, "eta": 0.09895245554766931, "gamma": 5.35358556723442, "max_depth": 2.0, "min_child_weight": 4567.420320281328, "num_boost_round": 37.0, "subsample": 0.8801780455601149}, "datetime": {"datetime": "2024-01-20 15:36:46", "elapsed": 4374.030103, "delta": 0.004166}}
{"target": -19.150428819421936, "params": {"colsample_bytree": 0.3410756376948807, "eta": 0.09895245554766931, "gamma": 5.35358556723442, "max_depth": 2.0, "min_child_weight": 4567.420320281328, "num_boost_round": 38.0, "subsample": 0.8801780455601149}, "datetime": {"datetime": "2024-01-20 15:36:46", "elapsed": 4374.034378, "delta": 0.004275}}
{"target": -19.15052047843922, "params": {"colsample_bytree": 0.3410756376948807, "eta": 0.09895245554766931, "gamma": 5.35358556723442, "max_depth": 2.0, "min_child_weight": 4567.420320281328, "num_boost_round": 39.0, "subsample": 0.8801780455601149}, "datetime": {"datetime": "2024-01-20 15:36:46", "elapsed": 4374.038558, "delta": 0.00418}}
{"target": -19.15028443112419, "params": {"colsample_bytree": 0.3410756376948807, "eta": 0.09895245554766931, "gamma": 5.35358556723442, "max_depth": 2.0, "min_child_weight": 4567.420320281328, "num_boost_round": 40.0, "subsample": 0.8801780455601149}, "datetime": {"datetime": "2024-01-20 15:36:46", "elapsed": 4374.042739, "delta": 0.004181}}
{"target": -19.15037060794618, "params": {"colsample_bytree": 0.3410756376948807, "eta": 0.09895245554766931, "gamma": 5.35358556723442, "max_depth": 2.0, "min_child_weight": 4567.420320281328, "num_boost_round": 41.0, "subsample": 0.8801780455601149}, "datetime": {"datetime": "2024-01-20 15:36:46", "elapsed": 4374.046912, "delta": 0.004173}}
{"target": -19.150426089729223, "params": {"colsample_bytree": 0.3410756376948807, "eta": 0.09895245554766931, "gamma": 5.35358556723442, "max_depth": 2.0, "min_child_weight": 4567.420320281328, "num_boost_round": 42.0, "subsample": 0.8801780455601149}, "datetime": {"datetime": "2024-01-20 15:36:46", "elapsed": 4374.051195, "delta": 0.004283}}
{"target": -19.150649090991685, "params": {"colsample_bytree": 0.3410756376948807, "eta": 0.09895245554766931, "gamma": 5.35358556723442, "max_depth": 2.0, "min_child_weight": 4567.420320281328, "num_boost_round": 43.0, "subsample": 0.8801780455601149}, "datetime": {"datetime": "2024-01-20 15:36:46", "elapsed": 4374.055376, "delta": 0.004181}}
{"target": -19.151261303136213, "params": {"colsample_bytree": 0.3410756376948807, "eta": 0.09895245554766931, "gamma": 5.35358556723442, "max_depth": 2.0, "min_child_weight": 4567.420320281328, "num_boost_round": 44.0, "subsample": 0.8801780455601149}, "datetime": {"datetime": "2024-01-20 15:36:46", "elapsed": 4374.059568, "delta": 0.004192}}
{"target": -19.15127069267139, "params": {"colsample_bytree": 0.3410756376948807, "eta": 0.09895245554766931, "gamma": 5.35358556723442, "max_depth": 2.0, "min_child_weight": 4567.420320281328, "num_boost_round": 45.0, "subsample": 0.8801780455601149}, "datetime": {"datetime": "2024-01-20 15:36:46", "elapsed": 4374.063765, "delta": 0.004197}}
{"target": -19.151329424442586, "params": {"colsample_bytree": 0.3410756376948807, "eta": 0.09895245554766931, "gamma": 5.35358556723442, "max_depth": 2.0, "min_child_weight": 4567.420320281328, "num_boost_round": 46.0, "subsample": 0.8801780455601149}, "datetime": {"datetime": "2024-01-20 15:36:46", "elapsed": 4374.068084, "delta": 0.004319}}
{"target": -19.15152134673766, "params": {"colsample_bytree": 0.3410756376948807, "eta": 0.09895245554766931, "gamma": 5.35358556723442, "max_depth": 2.0, "min_child_weight": 4567.420320281328, "num_boost_round": 47.0, "subsample": 0.8801780455601149}, "datetime": {"datetime": "2024-01-20 15:36:46", "elapsed": 4374.072282, "delta": 0.004198}}
{"target": -19.15157986207118, "params": {"colsample_bytree": 0.3410756376948807, "eta": 0.09895245554766931, "gamma": 5.35358556723442, "max_depth": 2.0, "min_child_weight": 4567.420320281328, "num_boost_round": 48.0, "subsample": 0.8801780455601149}, "datetime": {"datetime": "2024-01-20 15:36:46", "elapsed": 4374.076433, "delta": 0.004151}}
{"target": -19.15198565786008, "params": {"colsample_bytree": 0.3410756376948807, "eta": 0.09895245554766931, "gamma": 5.35358556723442, "max_depth": 2.0, "min_child_weight": 4567.420320281328, "num_boost_round": 49.0, "subsample": 0.8801780455601149}, "datetime": {"datetime": "2024-01-20 15:36:46", "elapsed": 4374.080601, "delta": 0.004168}}
{"target": -19.152063069750746, "params": {"colsample_bytree": 0.3410756376948807, "eta": 0.09895245554766931, "gamma": 5.35358556723442, "max_depth": 2.0, "min_child_weight": 4567.420320281328, "num_boost_round": 50.0, "subsample": 0.8801780455601149}, "datetime": {"datetime": "2024-01-20 15:36:46", "elapsed": 4374.084863, "delta": 0.004262}}
{"target": -19.151943293755274, "params": {"colsample_bytree": 0.3410756376948807, "eta": 0.09895245554766931, "gamma": 5.35358556723442, "max_depth": 2.0, "min_child_weight": 4567.420320281328, "num_boost_round": 51.0, "subsample": 0.8801780455601149}, "datetime": {"datetime": "2024-01-20 15:36:46", "elapsed": 4374.089046, "delta": 0.004183}}
{"target": -19.15174682295558, "params": {"colsample_bytree": 0.3410756376948807, "eta": 0.09895245554766931, "gamma": 5.35358556723442, "max_depth": 2.0, "min_child_weight": 4567.420320281328, "num_boost_round": 52.0, "subsample": 0.8801780455601149}, "datetime": {"datetime": "2024-01-20 15:36:46", "elapsed": 4374.093232, "delta": 0.004186}}
{"target": -19.151982060454067, "params": {"colsample_bytree": 0.3410756376948807, "eta": 0.09895245554766931, "gamma": 5.35358556723442, "max_depth": 2.0, "min_child_weight": 4567.420320281328, "num_boost_round": 53.0, "subsample": 0.8801780455601149}, "datetime": {"datetime": "2024-01-20 15:36:46", "elapsed": 4374.097388, "delta": 0.004156}}
{"target": -19.152132265107458, "params": {"colsample_bytree": 0.3410756376948807, "eta": 0.09895245554766931, "gamma": 5.35358556723442, "max_depth": 2.0, "min_child_weight": 4567.420320281328, "num_boost_round": 54.0, "subsample": 0.8801780455601149}, "datetime": {"datetime": "2024-01-20 15:36:46", "elapsed": 4374.101685, "delta": 0.004297}}
{"target": -19.14337656545734, "params": {"colsample_bytree": 0.575261625138862, "eta": 0.050215535725590704, "gamma": 57.5796939691956, "max_depth": 8.0, "min_child_weight": 4453.64723391387, "num_boost_round": 1.0, "subsample": 0.47750616962057235}, "datetime": {"datetime": "2024-01-20 15:38:07", "elapsed": 4455.108068, "delta": 81.006383}}
{"target": -19.14324137612877, "params": {"colsample_bytree": 0.575261625138862, "eta": 0.050215535725590704, "gamma": 57.5796939691956, "max_depth": 8.0, "min_child_weight": 4453.64723391387, "num_boost_round": 2.0, "subsample": 0.47750616962057235}, "datetime": {"datetime": "2024-01-20 15:38:07", "elapsed": 4455.115513, "delta": 0.007445}}
{"target": -19.143308076461803, "params": {"colsample_bytree": 0.575261625138862, "eta": 0.050215535725590704, "gamma": 57.5796939691956, "max_depth": 8.0, "min_child_weight": 4453.64723391387, "num_boost_round": 3.0, "subsample": 0.47750616962057235}, "datetime": {"datetime": "2024-01-20 15:38:07", "elapsed": 4455.120371, "delta": 0.004858}}
{"target": -19.14357194066488, "params": {"colsample_bytree": 0.575261625138862, "eta": 0.050215535725590704, "gamma": 57.5796939691956, "max_depth": 8.0, "min_child_weight": 4453.64723391387, "num_boost_round": 4.0, "subsample": 0.47750616962057235}, "datetime": {"datetime": "2024-01-20 15:38:07", "elapsed": 4455.124726, "delta": 0.004355}}
{"target": -19.143858867261784, "params": {"colsample_bytree": 0.575261625138862, "eta": 0.050215535725590704, "gamma": 57.5796939691956, "max_depth": 8.0, "min_child_weight": 4453.64723391387, "num_boost_round": 5.0, "subsample": 0.47750616962057235}, "datetime": {"datetime": "2024-01-20 15:38:07", "elapsed": 4455.129001, "delta": 0.004275}}
{"target": -19.143327650990116, "params": {"colsample_bytree": 0.575261625138862, "eta": 0.050215535725590704, "gamma": 57.5796939691956, "max_depth": 8.0, "min_child_weight": 4453.64723391387, "num_boost_round": 6.0, "subsample": 0.47750616962057235}, "datetime": {"datetime": "2024-01-20 15:38:07", "elapsed": 4455.133366, "delta": 0.004365}}
{"target": -19.143590599155196, "params": {"colsample_bytree": 0.575261625138862, "eta": 0.050215535725590704, "gamma": 57.5796939691956, "max_depth": 8.0, "min_child_weight": 4453.64723391387, "num_boost_round": 7.0, "subsample": 0.47750616962057235}, "datetime": {"datetime": "2024-01-20 15:38:07", "elapsed": 4455.13779, "delta": 0.004424}}
{"target": -19.144092662185727, "params": {"colsample_bytree": 0.575261625138862, "eta": 0.050215535725590704, "gamma": 57.5796939691956, "max_depth": 8.0, "min_child_weight": 4453.64723391387, "num_boost_round": 8.0, "subsample": 0.47750616962057235}, "datetime": {"datetime": "2024-01-20 15:38:07", "elapsed": 4455.142251, "delta": 0.004461}}
{"target": -19.14412686748493, "params": {"colsample_bytree": 0.575261625138862, "eta": 0.050215535725590704, "gamma": 57.5796939691956, "max_depth": 8.0, "min_child_weight": 4453.64723391387, "num_boost_round": 9.0, "subsample": 0.47750616962057235}, "datetime": {"datetime": "2024-01-20 15:38:07", "elapsed": 4455.146891, "delta": 0.00464}}
{"target": -19.144552427184806, "params": {"colsample_bytree": 0.575261625138862, "eta": 0.050215535725590704, "gamma": 57.5796939691956, "max_depth": 8.0, "min_child_weight": 4453.64723391387, "num_boost_round": 10.0, "subsample": 0.47750616962057235}, "datetime": {"datetime": "2024-01-20 15:38:07", "elapsed": 4455.151507, "delta": 0.004616}}
{"target": -19.144831694563216, "params": {"colsample_bytree": 0.575261625138862, "eta": 0.050215535725590704, "gamma": 57.5796939691956, "max_depth": 8.0, "min_child_weight": 4453.64723391387, "num_boost_round": 11.0, "subsample": 0.47750616962057235}, "datetime": {"datetime": "2024-01-20 15:38:07", "elapsed": 4455.155918, "delta": 0.004411}}
{"target": -19.145069214007883, "params": {"colsample_bytree": 0.575261625138862, "eta": 0.050215535725590704, "gamma": 57.5796939691956, "max_depth": 8.0, "min_child_weight": 4453.64723391387, "num_boost_round": 12.0, "subsample": 0.47750616962057235}, "datetime": {"datetime": "2024-01-20 15:38:07", "elapsed": 4455.160385, "delta": 0.004467}}
{"target": -19.14577818962228, "params": {"colsample_bytree": 0.575261625138862, "eta": 0.050215535725590704, "gamma": 57.5796939691956, "max_depth": 8.0, "min_child_weight": 4453.64723391387, "num_boost_round": 13.0, "subsample": 0.47750616962057235}, "datetime": {"datetime": "2024-01-20 15:38:07", "elapsed": 4455.165122, "delta": 0.004737}}
{"target": -19.14654371877824, "params": {"colsample_bytree": 0.575261625138862, "eta": 0.050215535725590704, "gamma": 57.5796939691956, "max_depth": 8.0, "min_child_weight": 4453.64723391387, "num_boost_round": 14.0, "subsample": 0.47750616962057235}, "datetime": {"datetime": "2024-01-20 15:38:07", "elapsed": 4455.169792, "delta": 0.00467}}
{"target": -19.147507282499276, "params": {"colsample_bytree": 0.575261625138862, "eta": 0.050215535725590704, "gamma": 57.5796939691956, "max_depth": 8.0, "min_child_weight": 4453.64723391387, "num_boost_round": 15.0, "subsample": 0.47750616962057235}, "datetime": {"datetime": "2024-01-20 15:38:07", "elapsed": 4455.174472, "delta": 0.00468}}
{"target": -19.14314364580032, "params": {"colsample_bytree": 0.324839151607156, "eta": 0.06774270943903657, "gamma": 62.883688808490156, "max_depth": 3.0, "min_child_weight": 4560.632344708666, "num_boost_round": 1.0, "subsample": 0.3304816510600509}, "datetime": {"datetime": "2024-01-20 15:40:10", "elapsed": 4578.31743, "delta": 123.142958}}
{"target": -19.143097649048222, "params": {"colsample_bytree": 0.324839151607156, "eta": 0.06774270943903657, "gamma": 62.883688808490156, "max_depth": 3.0, "min_child_weight": 4560.632344708666, "num_boost_round": 2.0, "subsample": 0.3304816510600509}, "datetime": {"datetime": "2024-01-20 15:40:10", "elapsed": 4578.32397, "delta": 0.00654}}
{"target": -19.142943842144852, "params": {"colsample_bytree": 0.324839151607156, "eta": 0.06774270943903657, "gamma": 62.883688808490156, "max_depth": 3.0, "min_child_weight": 4560.632344708666, "num_boost_round": 3.0, "subsample": 0.3304816510600509}, "datetime": {"datetime": "2024-01-20 15:40:10", "elapsed": 4578.329624, "delta": 0.005654}}
{"target": -19.14277709938832, "params": {"colsample_bytree": 0.324839151607156, "eta": 0.06774270943903657, "gamma": 62.883688808490156, "max_depth": 3.0, "min_child_weight": 4560.632344708666, "num_boost_round": 4.0, "subsample": 0.3304816510600509}, "datetime": {"datetime": "2024-01-20 15:40:10", "elapsed": 4578.335192, "delta": 0.005568}}
{"target": -19.14273612376258, "params": {"colsample_bytree": 0.324839151607156, "eta": 0.06774270943903657, "gamma": 62.883688808490156, "max_depth": 3.0, "min_child_weight": 4560.632344708666, "num_boost_round": 5.0, "subsample": 0.3304816510600509}, "datetime": {"datetime": "2024-01-20 15:40:10", "elapsed": 4578.341335, "delta": 0.006143}}
{"target": -19.142009188959367, "params": {"colsample_bytree": 0.324839151607156, "eta": 0.06774270943903657, "gamma": 62.883688808490156, "max_depth": 3.0, "min_child_weight": 4560.632344708666, "num_boost_round": 6.0, "subsample": 0.3304816510600509}, "datetime": {"datetime": "2024-01-20 15:40:10", "elapsed": 4578.355551, "delta": 0.014216}}
{"target": -19.142093548604993, "params": {"colsample_bytree": 0.324839151607156, "eta": 0.06774270943903657, "gamma": 62.883688808490156, "max_depth": 3.0, "min_child_weight": 4560.632344708666, "num_boost_round": 7.0, "subsample": 0.3304816510600509}, "datetime": {"datetime": "2024-01-20 15:40:10", "elapsed": 4578.361093, "delta": 0.005542}}
{"target": -19.142039902721926, "params": {"colsample_bytree": 0.324839151607156, "eta": 0.06774270943903657, "gamma": 62.883688808490156, "max_depth": 3.0, "min_child_weight": 4560.632344708666, "num_boost_round": 8.0, "subsample": 0.3304816510600509}, "datetime": {"datetime": "2024-01-20 15:40:10", "elapsed": 4578.366393, "delta": 0.0053}}
{"target": -19.14230773488943, "params": {"colsample_bytree": 0.324839151607156, "eta": 0.06774270943903657, "gamma": 62.883688808490156, "max_depth": 3.0, "min_child_weight": 4560.632344708666, "num_boost_round": 9.0, "subsample": 0.3304816510600509}, "datetime": {"datetime": "2024-01-20 15:40:10", "elapsed": 4578.390661, "delta": 0.024268}}
{"target": -19.142141168161046, "params": {"colsample_bytree": 0.324839151607156, "eta": 0.06774270943903657, "gamma": 62.883688808490156, "max_depth": 3.0, "min_child_weight": 4560.632344708666, "num_boost_round": 10.0, "subsample": 0.3304816510600509}, "datetime": {"datetime": "2024-01-20 15:40:10", "elapsed": 4578.395968, "delta": 0.005307}}
{"target": -19.141925466745285, "params": {"colsample_bytree": 0.324839151607156, "eta": 0.06774270943903657, "gamma": 62.883688808490156, "max_depth": 3.0, "min_child_weight": 4560.632344708666, "num_boost_round": 11.0, "subsample": 0.3304816510600509}, "datetime": {"datetime": "2024-01-20 15:40:10", "elapsed": 4578.401069, "delta": 0.005101}}
{"target": -19.142105556459427, "params": {"colsample_bytree": 0.324839151607156, "eta": 0.06774270943903657, "gamma": 62.883688808490156, "max_depth": 3.0, "min_child_weight": 4560.632344708666, "num_boost_round": 12.0, "subsample": 0.3304816510600509}, "datetime": {"datetime": "2024-01-20 15:40:10", "elapsed": 4578.40667, "delta": 0.005601}}
{"target": -19.14286024675139, "params": {"colsample_bytree": 0.7296572481762986, "eta": 0.05744607664664989, "gamma": 441.27757598995044, "max_depth": 7.0, "min_child_weight": 4519.928101051968, "num_boost_round": 1.0, "subsample": 0.10618315697694908}, "datetime": {"datetime": "2024-01-20 15:45:24", "elapsed": 4892.400574, "delta": 313.993904}}
{"target": -19.14191221031553, "params": {"colsample_bytree": 0.7296572481762986, "eta": 0.05744607664664989, "gamma": 441.27757598995044, "max_depth": 7.0, "min_child_weight": 4519.928101051968, "num_boost_round": 2.0, "subsample": 0.10618315697694908}, "datetime": {"datetime": "2024-01-20 15:45:24", "elapsed": 4892.421839, "delta": 0.021265}}
{"target": -19.1416246005938, "params": {"colsample_bytree": 0.7296572481762986, "eta": 0.05744607664664989, "gamma": 441.27757598995044, "max_depth": 7.0, "min_child_weight": 4519.928101051968, "num_boost_round": 3.0, "subsample": 0.10618315697694908}, "datetime": {"datetime": "2024-01-20 15:45:24", "elapsed": 4892.426854, "delta": 0.005015}}
{"target": -19.141060156546217, "params": {"colsample_bytree": 0.7296572481762986, "eta": 0.05744607664664989, "gamma": 441.27757598995044, "max_depth": 7.0, "min_child_weight": 4519.928101051968, "num_boost_round": 4.0, "subsample": 0.10618315697694908}, "datetime": {"datetime": "2024-01-20 15:45:24", "elapsed": 4892.43142, "delta": 0.004566}}
{"target": -19.140583425256324, "params": {"colsample_bytree": 0.7296572481762986, "eta": 0.05744607664664989, "gamma": 441.27757598995044, "max_depth": 7.0, "min_child_weight": 4519.928101051968, "num_boost_round": 5.0, "subsample": 0.10618315697694908}, "datetime": {"datetime": "2024-01-20 15:45:24", "elapsed": 4892.435917, "delta": 0.004497}}
{"target": -19.1400692503098, "params": {"colsample_bytree": 0.7296572481762986, "eta": 0.05744607664664989, "gamma": 441.27757598995044, "max_depth": 7.0, "min_child_weight": 4519.928101051968, "num_boost_round": 6.0, "subsample": 0.10618315697694908}, "datetime": {"datetime": "2024-01-20 15:45:24", "elapsed": 4892.440348, "delta": 0.004431}}
{"target": -19.139468701545187, "params": {"colsample_bytree": 0.7296572481762986, "eta": 0.05744607664664989, "gamma": 441.27757598995044, "max_depth": 7.0, "min_child_weight": 4519.928101051968, "num_boost_round": 7.0, "subsample": 0.10618315697694908}, "datetime": {"datetime": "2024-01-20 15:45:24", "elapsed": 4892.444893, "delta": 0.004545}}
{"target": -19.139262829256445, "params": {"colsample_bytree": 0.7296572481762986, "eta": 0.05744607664664989, "gamma": 441.27757598995044, "max_depth": 7.0, "min_child_weight": 4519.928101051968, "num_boost_round": 8.0, "subsample": 0.10618315697694908}, "datetime": {"datetime": "2024-01-20 15:45:24", "elapsed": 4892.449537, "delta": 0.004644}}
{"target": -19.138965987040933, "params": {"colsample_bytree": 0.7296572481762986, "eta": 0.05744607664664989, "gamma": 441.27757598995044, "max_depth": 7.0, "min_child_weight": 4519.928101051968, "num_boost_round": 9.0, "subsample": 0.10618315697694908}, "datetime": {"datetime": "2024-01-20 15:45:24", "elapsed": 4892.453959, "delta": 0.004422}}
{"target": -19.139023177927623, "params": {"colsample_bytree": 0.7296572481762986, "eta": 0.05744607664664989, "gamma": 441.27757598995044, "max_depth": 7.0, "min_child_weight": 4519.928101051968, "num_boost_round": 10.0, "subsample": 0.10618315697694908}, "datetime": {"datetime": "2024-01-20 15:45:24", "elapsed": 4892.458631, "delta": 0.004672}}
{"target": -19.13912498167364, "params": {"colsample_bytree": 0.7296572481762986, "eta": 0.05744607664664989, "gamma": 441.27757598995044, "max_depth": 7.0, "min_child_weight": 4519.928101051968, "num_boost_round": 11.0, "subsample": 0.10618315697694908}, "datetime": {"datetime": "2024-01-20 15:45:24", "elapsed": 4892.463234, "delta": 0.004603}}
{"target": -19.13917427638978, "params": {"colsample_bytree": 0.7296572481762986, "eta": 0.05744607664664989, "gamma": 441.27757598995044, "max_depth": 7.0, "min_child_weight": 4519.928101051968, "num_boost_round": 12.0, "subsample": 0.10618315697694908}, "datetime": {"datetime": "2024-01-20 15:45:24", "elapsed": 4892.468365, "delta": 0.005131}}
