{"target": -19.14760087077412, "params": {"colsample_bytree": 0.4350379884021859, "eta": 0.03643174663439798, "gamma": 608.5610197435672, "max_depth": 8.0, "min_child_weight": 4557.947735451475, "num_boost_round": 23.0, "subsample": 0.7172089408348906}, "datetime": {"datetime": "2024-01-20 15:04:14", "elapsed": 2422.438153, "delta": 0.003297}}
{"target": -19.14797802882736, "params": {"colsample_bytree": 0.4350379884021859, "eta": 0.03643174663439798, "gamma": 608.5610197435672, "max_depth": 8.0, "min_child_weight": 4557.947735451475, "num_boost_round": 24.0, "subsample": 0.7172089408348906}, "datetime": {"datetime": "2024-01-20 15:04:14", "elapsed": 2422.441337, "delta": 0.003184}}
{"target": -19.14829069083467, "params": {"colsample_bytree": 0.4350379884021859, "eta": 0.03643174663439798, "gamma": 608.5610197435672, "max_depth": 8.0, "min_child_weight": 4557.947735451475, "num_boost_round": 25.0, "subsample": 0.7172089408348906}, "datetime": {"datetime": "2024-01-20 15:04:14", "elapsed": 2422.444567, "delta": 0.00323}}
{"target": -19.143293012967938, "params": {"colsample_bytree": 0.2781632387580017, "eta": 0.08392168903865531, "gamma": 435.9168283908024, "max_depth": 4.0, "min_child_weight": 4197.3820593220935, "num_boost_round": 1.0, "subsample": 0.5799542121634608}, "datetime": {"datetime": "2024-01-20 15:05:25", "elapsed": 2493.946546, "delta": 71.501979}}
{"target": -19.143946346262872, "params": {"colsample_bytree": 0.2781632387580017, "eta": 0.08392168903865531, "gamma": 435.9168283908024, "max_depth": 4.0, "min_child_weight": 4197.3820593220935, "num_boost_round": 2.0, "subsample": 0.5799542121634608}, "datetime": {"datetime": "2024-01-20 15:05:26", "elapsed": 2493.951327, "delta": 0.004781}}
{"target": -19.14343939749297, "params": {"colsample_bytree": 0.36452013607971745, "eta": 0.05262815704310509, "gamma": 655.1574781165324, "max_depth": 3.0, "min_child_weight": 4396.958582850459, "num_boost_round": 1.0, "subsample": 0.5958040840537068}, "datetime": {"datetime": "2024-01-20 15:06:28", "elapsed": 2556.124266, "delta": 62.172939}}
{"target": -19.14371461923637, "params": {"colsample_bytree": 0.36452013607971745, "eta": 0.05262815704310509, "gamma": 655.1574781165324, "max_depth": 3.0, "min_child_weight": 4396.958582850459, "num_boost_round": 2.0, "subsample": 0.5958040840537068}, "datetime": {"datetime": "2024-01-20 15:06:28", "elapsed": 2556.128364, "delta": 0.004098}}
{"target": -19.143502634873563, "params": {"colsample_bytree": 0.36452013607971745, "eta": 0.05262815704310509, "gamma": 655.1574781165324, "max_depth": 3.0, "min_child_weight": 4396.958582850459, "num_boost_round": 3.0, "subsample": 0.5958040840537068}, "datetime": {"datetime": "2024-01-20 15:06:28", "elapsed": 2556.131254, "delta": 0.00289}}
{"target": -19.143419139884912, "params": {"colsample_bytree": 0.36452013607971745, "eta": 0.05262815704310509, "gamma": 655.1574781165324, "max_depth": 3.0, "min_child_weight": 4396.958582850459, "num_boost_round": 4.0, "subsample": 0.5958040840537068}, "datetime": {"datetime": "2024-01-20 15:06:28", "elapsed": 2556.134022, "delta": 0.002768}}
{"target": -19.143466157551668, "params": {"colsample_bytree": 0.36452013607971745, "eta": 0.05262815704310509, "gamma": 655.1574781165324, "max_depth": 3.0, "min_child_weight": 4396.958582850459, "num_boost_round": 5.0, "subsample": 0.5958040840537068}, "datetime": {"datetime": "2024-01-20 15:06:28", "elapsed": 2556.136953, "delta": 0.002931}}
{"target": -19.143604690415938, "params": {"colsample_bytree": 0.9279616874508047, "eta": 0.04835517449494143, "gamma": 702.6338165302851, "max_depth": 9.0, "min_child_weight": 4426.278103123667, "num_boost_round": 1.0, "subsample": 0.9089739465669207}, "datetime": {"datetime": "2024-01-20 15:07:15", "elapsed": 2603.685293, "delta": 47.54834}}
{"target": -19.144254140562765, "params": {"colsample_bytree": 0.9279616874508047, "eta": 0.04835517449494143, "gamma": 702.6338165302851, "max_depth": 9.0, "min_child_weight": 4426.278103123667, "num_boost_round": 2.0, "subsample": 0.9089739465669207}, "datetime": {"datetime": "2024-01-20 15:07:15", "elapsed": 2603.689505, "delta": 0.004212}}
{"target": -19.1448564297936, "params": {"colsample_bytree": 0.9279616874508047, "eta": 0.04835517449494143, "gamma": 702.6338165302851, "max_depth": 9.0, "min_child_weight": 4426.278103123667, "num_boost_round": 3.0, "subsample": 0.9089739465669207}, "datetime": {"datetime": "2024-01-20 15:07:15", "elapsed": 2603.692419, "delta": 0.002914}}
{"target": -19.145530831615865, "params": {"colsample_bytree": 0.9279616874508047, "eta": 0.04835517449494143, "gamma": 702.6338165302851, "max_depth": 9.0, "min_child_weight": 4426.278103123667, "num_boost_round": 4.0, "subsample": 0.9089739465669207}, "datetime": {"datetime": "2024-01-20 15:07:15", "elapsed": 2603.695242, "delta": 0.002823}}
{"target": -19.14646856003826, "params": {"colsample_bytree": 0.9279616874508047, "eta": 0.04835517449494143, "gamma": 702.6338165302851, "max_depth": 9.0, "min_child_weight": 4426.278103123667, "num_boost_round": 5.0, "subsample": 0.9089739465669207}, "datetime": {"datetime": "2024-01-20 15:07:15", "elapsed": 2603.698092, "delta": 0.00285}}
{"target": -19.147502773054388, "params": {"colsample_bytree": 0.9279616874508047, "eta": 0.04835517449494143, "gamma": 702.6338165302851, "max_depth": 9.0, "min_child_weight": 4426.278103123667, "num_boost_round": 6.0, "subsample": 0.9089739465669207}, "datetime": {"datetime": "2024-01-20 15:07:15", "elapsed": 2603.700888, "delta": 0.002796}}
{"target": -19.14826078050148, "params": {"colsample_bytree": 0.9279616874508047, "eta": 0.04835517449494143, "gamma": 702.6338165302851, "max_depth": 9.0, "min_child_weight": 4426.278103123667, "num_boost_round": 7.0, "subsample": 0.9089739465669207}, "datetime": {"datetime": "2024-01-20 15:07:15", "elapsed": 2603.703704, "delta": 0.002816}}
{"target": -19.149148523477244, "params": {"colsample_bytree": 0.9279616874508047, "eta": 0.04835517449494143, "gamma": 702.6338165302851, "max_depth": 9.0, "min_child_weight": 4426.278103123667, "num_boost_round": 8.0, "subsample": 0.9089739465669207}, "datetime": {"datetime": "2024-01-20 15:07:15", "elapsed": 2603.706564, "delta": 0.00286}}
{"target": -19.150090688846422, "params": {"colsample_bytree": 0.9279616874508047, "eta": 0.04835517449494143, "gamma": 702.6338165302851, "max_depth": 9.0, "min_child_weight": 4426.278103123667, "num_boost_round": 9.0, "subsample": 0.9089739465669207}, "datetime": {"datetime": "2024-01-20 15:07:15", "elapsed": 2603.709331, "delta": 0.002767}}
{"target": -19.151081802112692, "params": {"colsample_bytree": 0.9279616874508047, "eta": 0.04835517449494143, "gamma": 702.6338165302851, "max_depth": 9.0, "min_child_weight": 4426.278103123667, "num_boost_round": 10.0, "subsample": 0.9089739465669207}, "datetime": {"datetime": "2024-01-20 15:07:15", "elapsed": 2603.712124, "delta": 0.002793}}
{"target": -19.152028206297878, "params": {"colsample_bytree": 0.9279616874508047, "eta": 0.04835517449494143, "gamma": 702.6338165302851, "max_depth": 9.0, "min_child_weight": 4426.278103123667, "num_boost_round": 11.0, "subsample": 0.9089739465669207}, "datetime": {"datetime": "2024-01-20 15:07:15", "elapsed": 2603.715025, "delta": 0.002901}}
{"target": -19.152630747342478, "params": {"colsample_bytree": 0.9279616874508047, "eta": 0.04835517449494143, "gamma": 702.6338165302851, "max_depth": 9.0, "min_child_weight": 4426.278103123667, "num_boost_round": 12.0, "subsample": 0.9089739465669207}, "datetime": {"datetime": "2024-01-20 15:07:15", "elapsed": 2603.717892, "delta": 0.002867}}
{"target": -19.15349635638749, "params": {"colsample_bytree": 0.9279616874508047, "eta": 0.04835517449494143, "gamma": 702.6338165302851, "max_depth": 9.0, "min_child_weight": 4426.278103123667, "num_boost_round": 13.0, "subsample": 0.9089739465669207}, "datetime": {"datetime": "2024-01-20 15:07:15", "elapsed": 2603.720685, "delta": 0.002793}}
{"target": -19.154466667409537, "params": {"colsample_bytree": 0.9279616874508047, "eta": 0.04835517449494143, "gamma": 702.6338165302851, "max_depth": 9.0, "min_child_weight": 4426.278103123667, "num_boost_round": 14.0, "subsample": 0.9089739465669207}, "datetime": {"datetime": "2024-01-20 15:07:15", "elapsed": 2603.739326, "delta": 0.018641}}
{"target": -19.155492652709583, "params": {"colsample_bytree": 0.9279616874508047, "eta": 0.04835517449494143, "gamma": 702.6338165302851, "max_depth": 9.0, "min_child_weight": 4426.278103123667, "num_boost_round": 15.0, "subsample": 0.9089739465669207}, "datetime": {"datetime": "2024-01-20 15:07:15", "elapsed": 2603.742151, "delta": 0.002825}}
{"target": -19.156136678647094, "params": {"colsample_bytree": 0.9279616874508047, "eta": 0.04835517449494143, "gamma": 702.6338165302851, "max_depth": 9.0, "min_child_weight": 4426.278103123667, "num_boost_round": 16.0, "subsample": 0.9089739465669207}, "datetime": {"datetime": "2024-01-20 15:07:15", "elapsed": 2603.745024, "delta": 0.002873}}
{"target": -19.156999775767936, "params": {"colsample_bytree": 0.9279616874508047, "eta": 0.04835517449494143, "gamma": 702.6338165302851, "max_depth": 9.0, "min_child_weight": 4426.278103123667, "num_boost_round": 17.0, "subsample": 0.9089739465669207}, "datetime": {"datetime": "2024-01-20 15:07:15", "elapsed": 2603.747931, "delta": 0.002907}}
{"target": -19.157392627794685, "params": {"colsample_bytree": 0.9279616874508047, "eta": 0.04835517449494143, "gamma": 702.6338165302851, "max_depth": 9.0, "min_child_weight": 4426.278103123667, "num_boost_round": 18.0, "subsample": 0.9089739465669207}, "datetime": {"datetime": "2024-01-20 15:07:15", "elapsed": 2603.75075, "delta": 0.002819}}
{"target": -19.158512993713387, "params": {"colsample_bytree": 0.9279616874508047, "eta": 0.04835517449494143, "gamma": 702.6338165302851, "max_depth": 9.0, "min_child_weight": 4426.278103123667, "num_boost_round": 19.0, "subsample": 0.9089739465669207}, "datetime": {"datetime": "2024-01-20 15:07:15", "elapsed": 2603.753557, "delta": 0.002807}}
{"target": -19.159255473972497, "params": {"colsample_bytree": 0.9279616874508047, "eta": 0.04835517449494143, "gamma": 702.6338165302851, "max_depth": 9.0, "min_child_weight": 4426.278103123667, "num_boost_round": 20.0, "subsample": 0.9089739465669207}, "datetime": {"datetime": "2024-01-20 15:07:15", "elapsed": 2603.756435, "delta": 0.002878}}
{"target": -19.16027379319815, "params": {"colsample_bytree": 0.9279616874508047, "eta": 0.04835517449494143, "gamma": 702.6338165302851, "max_depth": 9.0, "min_child_weight": 4426.278103123667, "num_boost_round": 21.0, "subsample": 0.9089739465669207}, "datetime": {"datetime": "2024-01-20 15:07:15", "elapsed": 2603.759256, "delta": 0.002821}}
{"target": -19.160895229234583, "params": {"colsample_bytree": 0.9279616874508047, "eta": 0.04835517449494143, "gamma": 702.6338165302851, "max_depth": 9.0, "min_child_weight": 4426.278103123667, "num_boost_round": 22.0, "subsample": 0.9089739465669207}, "datetime": {"datetime": "2024-01-20 15:07:15", "elapsed": 2603.762072, "delta": 0.002816}}
{"target": -19.143190612101396, "params": {"colsample_bytree": 0.9505585807121815, "eta": 0.00200803130429959, "gamma": 211.65023045461817, "max_depth": 9.0, "min_child_weight": 4505.951947398288, "num_boost_round": 1.0, "subsample": 0.4301768140003863}, "datetime": {"datetime": "2024-01-20 15:09:18", "elapsed": 2726.098329, "delta": 122.336257}}
{"target": -19.143193767767436, "params": {"colsample_bytree": 0.9505585807121815, "eta": 0.00200803130429959, "gamma": 211.65023045461817, "max_depth": 9.0, "min_child_weight": 4505.951947398288, "num_boost_round": 2.0, "subsample": 0.4301768140003863}, "datetime": {"datetime": "2024-01-20 15:09:18", "elapsed": 2726.103553, "delta": 0.005224}}
{"target": -19.143199916811092, "params": {"colsample_bytree": 0.9505585807121815, "eta": 0.00200803130429959, "gamma": 211.65023045461817, "max_depth": 9.0, "min_child_weight": 4505.951947398288, "num_boost_round": 3.0, "subsample": 0.4301768140003863}, "datetime": {"datetime": "2024-01-20 15:09:18", "elapsed": 2726.107856, "delta": 0.004303}}
{"target": -19.143194223066015, "params": {"colsample_bytree": 0.9505585807121815, "eta": 0.00200803130429959, "gamma": 211.65023045461817, "max_depth": 9.0, "min_child_weight": 4505.951947398288, "num_boost_round": 4.0, "subsample": 0.4301768140003863}, "datetime": {"datetime": "2024-01-20 15:09:18", "elapsed": 2726.111291, "delta": 0.003435}}
{"target": -19.143186150029564, "params": {"colsample_bytree": 0.9505585807121815, "eta": 0.00200803130429959, "gamma": 211.65023045461817, "max_depth": 9.0, "min_child_weight": 4505.951947398288, "num_boost_round": 5.0, "subsample": 0.4301768140003863}, "datetime": {"datetime": "2024-01-20 15:09:18", "elapsed": 2726.114743, "delta": 0.003452}}
{"target": -19.143196006266706, "params": {"colsample_bytree": 0.9505585807121815, "eta": 0.00200803130429959, "gamma": 211.65023045461817, "max_depth": 9.0, "min_child_weight": 4505.951947398288, "num_boost_round": 6.0, "subsample": 0.4301768140003863}, "datetime": {"datetime": "2024-01-20 15:09:18", "elapsed": 2726.118372, "delta": 0.003629}}
{"target": -19.143184813292805, "params": {"colsample_bytree": 0.9505585807121815, "eta": 0.00200803130429959, "gamma": 211.65023045461817, "max_depth": 9.0, "min_child_weight": 4505.951947398288, "num_boost_round": 7.0, "subsample": 0.4301768140003863}, "datetime": {"datetime": "2024-01-20 15:09:18", "elapsed": 2726.122491, "delta": 0.004119}}
{"target": -19.143184301248603, "params": {"colsample_bytree": 0.9505585807121815, "eta": 0.00200803130429959, "gamma": 211.65023045461817, "max_depth": 9.0, "min_child_weight": 4505.951947398288, "num_boost_round": 8.0, "subsample": 0.4301768140003863}, "datetime": {"datetime": "2024-01-20 15:09:18", "elapsed": 2726.126224, "delta": 0.003733}}
{"target": -19.143168921440665, "params": {"colsample_bytree": 0.9505585807121815, "eta": 0.00200803130429959, "gamma": 211.65023045461817, "max_depth": 9.0, "min_child_weight": 4505.951947398288, "num_boost_round": 9.0, "subsample": 0.4301768140003863}, "datetime": {"datetime": "2024-01-20 15:09:18", "elapsed": 2726.129973, "delta": 0.003749}}
{"target": -19.14315941811914, "params": {"colsample_bytree": 0.9505585807121815, "eta": 0.00200803130429959, "gamma": 211.65023045461817, "max_depth": 9.0, "min_child_weight": 4505.951947398288, "num_boost_round": 10.0, "subsample": 0.4301768140003863}, "datetime": {"datetime": "2024-01-20 15:09:18", "elapsed": 2726.133664, "delta": 0.003691}}
{"target": -19.143169530050066, "params": {"colsample_bytree": 0.9505585807121815, "eta": 0.00200803130429959, "gamma": 211.65023045461817, "max_depth": 9.0, "min_child_weight": 4505.951947398288, "num_boost_round": 11.0, "subsample": 0.4301768140003863}, "datetime": {"datetime": "2024-01-20 15:09:18", "elapsed": 2726.137242, "delta": 0.003578}}
{"target": -19.143155330861532, "params": {"colsample_bytree": 0.9505585807121815, "eta": 0.00200803130429959, "gamma": 211.65023045461817, "max_depth": 9.0, "min_child_weight": 4505.951947398288, "num_boost_round": 12.0, "subsample": 0.4301768140003863}, "datetime": {"datetime": "2024-01-20 15:09:18", "elapsed": 2726.141312, "delta": 0.00407}}
{"target": -19.143153180146644, "params": {"colsample_bytree": 0.9505585807121815, "eta": 0.00200803130429959, "gamma": 211.65023045461817, "max_depth": 9.0, "min_child_weight": 4505.951947398288, "num_boost_round": 13.0, "subsample": 0.4301768140003863}, "datetime": {"datetime": "2024-01-20 15:09:18", "elapsed": 2726.144986, "delta": 0.003674}}
{"target": -19.143145452274602, "params": {"colsample_bytree": 0.9505585807121815, "eta": 0.00200803130429959, "gamma": 211.65023045461817, "max_depth": 9.0, "min_child_weight": 4505.951947398288, "num_boost_round": 14.0, "subsample": 0.4301768140003863}, "datetime": {"datetime": "2024-01-20 15:09:18", "elapsed": 2726.148932, "delta": 0.003946}}
{"target": -19.143150437172366, "params": {"colsample_bytree": 0.9505585807121815, "eta": 0.00200803130429959, "gamma": 211.65023045461817, "max_depth": 9.0, "min_child_weight": 4505.951947398288, "num_boost_round": 15.0, "subsample": 0.4301768140003863}, "datetime": {"datetime": "2024-01-20 15:09:18", "elapsed": 2726.152782, "delta": 0.00385}}
{"target": -19.143129644777428, "params": {"colsample_bytree": 0.9505585807121815, "eta": 0.00200803130429959, "gamma": 211.65023045461817, "max_depth": 9.0, "min_child_weight": 4505.951947398288, "num_boost_round": 16.0, "subsample": 0.4301768140003863}, "datetime": {"datetime": "2024-01-20 15:09:18", "elapsed": 2726.156658, "delta": 0.003876}}
{"target": -19.143132731039103, "params": {"colsample_bytree": 0.9505585807121815, "eta": 0.00200803130429959, "gamma": 211.65023045461817, "max_depth": 9.0, "min_child_weight": 4505.951947398288, "num_boost_round": 17.0, "subsample": 0.4301768140003863}, "datetime": {"datetime": "2024-01-20 15:09:18", "elapsed": 2726.160374, "delta": 0.003716}}
{"target": -19.143122282858734, "params": {"colsample_bytree": 0.9505585807121815, "eta": 0.00200803130429959, "gamma": 211.65023045461817, "max_depth": 9.0, "min_child_weight": 4505.951947398288, "num_boost_round": 18.0, "subsample": 0.4301768140003863}, "datetime": {"datetime": "2024-01-20 15:09:18", "elapsed": 2726.163964, "delta": 0.00359}}
{"target": -19.14314179037789, "params": {"colsample_bytree": 0.9505585807121815, "eta": 0.00200803130429959, "gamma": 211.65023045461817, "max_depth": 9.0, "min_child_weight": 4505.951947398288, "num_boost_round": 19.0, "subsample": 0.4301768140003863}, "datetime": {"datetime": "2024-01-20 15:09:18", "elapsed": 2726.167754, "delta": 0.00379}}
{"target": -19.143135540235406, "params": {"colsample_bytree": 0.9505585807121815, "eta": 0.00200803130429959, "gamma": 211.65023045461817, "max_depth": 9.0, "min_child_weight": 4505.951947398288, "num_boost_round": 20.0, "subsample": 0.4301768140003863}, "datetime": {"datetime": "2024-01-20 15:09:18", "elapsed": 2726.171568, "delta": 0.003814}}
{"target": -19.143260230393814, "params": {"colsample_bytree": 0.9330573096586675, "eta": 0.06188579637118735, "gamma": 265.88460090718, "max_depth": 4.0, "min_child_weight": 4517.640362588632, "num_boost_round": 1.0, "subsample": 0.35458291295252453}, "datetime": {"datetime": "2024-01-20 15:11:32", "elapsed": 2860.386832, "delta": 134.215264}}
{"target": -19.143517281058372, "params": {"colsample_bytree": 0.9330573096586675, "eta": 0.06188579637118735, "gamma": 265.88460090718, "max_depth": 4.0, "min_child_weight": 4517.640362588632, "num_boost_round": 2.0, "subsample": 0.35458291295252453}, "datetime": {"datetime": "2024-01-20 15:11:32", "elapsed": 2860.390627, "delta": 0.003795}}
{"target": -19.143697099478473, "params": {"colsample_bytree": 0.9330573096586675, "eta": 0.06188579637118735, "gamma": 265.88460090718, "max_depth": 4.0, "min_child_weight": 4517.640362588632, "num_boost_round": 3.0, "subsample": 0.35458291295252453}, "datetime": {"datetime": "2024-01-20 15:11:32", "elapsed": 2860.393565, "delta": 0.002938}}
{"target": -19.143814610975156, "params": {"colsample_bytree": 0.9330573096586675, "eta": 0.06188579637118735, "gamma": 265.88460090718, "max_depth": 4.0, "min_child_weight": 4517.640362588632, "num_boost_round": 4.0, "subsample": 0.35458291295252453}, "datetime": {"datetime": "2024-01-20 15:11:32", "elapsed": 2860.396474, "delta": 0.002909}}
{"target": -19.1436086479939, "params": {"colsample_bytree": 0.9330573096586675, "eta": 0.06188579637118735, "gamma": 265.88460090718, "max_depth": 4.0, "min_child_weight": 4517.640362588632, "num_boost_round": 5.0, "subsample": 0.35458291295252453}, "datetime": {"datetime": "2024-01-20 15:11:32", "elapsed": 2860.399354, "delta": 0.00288}}
{"target": -19.143778056411776, "params": {"colsample_bytree": 0.9330573096586675, "eta": 0.06188579637118735, "gamma": 265.88460090718, "max_depth": 4.0, "min_child_weight": 4517.640362588632, "num_boost_round": 6.0, "subsample": 0.35458291295252453}, "datetime": {"datetime": "2024-01-20 15:11:32", "elapsed": 2860.402218, "delta": 0.002864}}
{"target": -19.143668900783446, "params": {"colsample_bytree": 0.9330573096586675, "eta": 0.06188579637118735, "gamma": 265.88460090718, "max_depth": 4.0, "min_child_weight": 4517.640362588632, "num_boost_round": 7.0, "subsample": 0.35458291295252453}, "datetime": {"datetime": "2024-01-20 15:11:32", "elapsed": 2860.405399, "delta": 0.003181}}
{"target": -19.144175212384745, "params": {"colsample_bytree": 0.9330573096586675, "eta": 0.06188579637118735, "gamma": 265.88460090718, "max_depth": 4.0, "min_child_weight": 4517.640362588632, "num_boost_round": 8.0, "subsample": 0.35458291295252453}, "datetime": {"datetime": "2024-01-20 15:11:32", "elapsed": 2860.408853, "delta": 0.003454}}
{"target": -19.144195031662925, "params": {"colsample_bytree": 0.9330573096586675, "eta": 0.06188579637118735, "gamma": 265.88460090718, "max_depth": 4.0, "min_child_weight": 4517.640362588632, "num_boost_round": 9.0, "subsample": 0.35458291295252453}, "datetime": {"datetime": "2024-01-20 15:11:32", "elapsed": 2860.411725, "delta": 0.002872}}
{"target": -19.144462069110133, "params": {"colsample_bytree": 0.9330573096586675, "eta": 0.06188579637118735, "gamma": 265.88460090718, "max_depth": 4.0, "min_child_weight": 4517.640362588632, "num_boost_round": 10.0, "subsample": 0.35458291295252453}, "datetime": {"datetime": "2024-01-20 15:11:32", "elapsed": 2860.41459, "delta": 0.002865}}
{"target": -19.14502266437882, "params": {"colsample_bytree": 0.9330573096586675, "eta": 0.06188579637118735, "gamma": 265.88460090718, "max_depth": 4.0, "min_child_weight": 4517.640362588632, "num_boost_round": 11.0, "subsample": 0.35458291295252453}, "datetime": {"datetime": "2024-01-20 15:11:32", "elapsed": 2860.417594, "delta": 0.003004}}
