{"target": -10.29724490730527, "params": {"colsample_bytree": 0.9614335944914091, "eta": 0.02211149865479454, "gamma": 593.7009541282977, "max_depth": 4.0, "min_child_weight": 4091.7129775533626, "num_boost_round": 6.0, "subsample": 0.12302105639711672}, "datetime": {"datetime": "2024-01-20 13:28:04", "elapsed": 382.027355, "delta": 0.000605}}
{"target": -10.297117400005863, "params": {"colsample_bytree": 0.9614335944914091, "eta": 0.02211149865479454, "gamma": 593.7009541282977, "max_depth": 4.0, "min_child_weight": 4091.7129775533626, "num_boost_round": 7.0, "subsample": 0.12302105639711672}, "datetime": {"datetime": "2024-01-20 13:28:04", "elapsed": 382.027921, "delta": 0.000566}}
{"target": -10.298202969779624, "params": {"colsample_bytree": 0.153604993318403, "eta": 0.06144615322662725, "gamma": 631.6163148979475, "max_depth": 3.0, "min_child_weight": 4058.5364059923986, "num_boost_round": 1.0, "subsample": 0.3830688450023193}, "datetime": {"datetime": "2024-01-20 13:28:42", "elapsed": 419.821196, "delta": 37.793275}}
{"target": -10.298263235299464, "params": {"colsample_bytree": 0.153604993318403, "eta": 0.06144615322662725, "gamma": 631.6163148979475, "max_depth": 3.0, "min_child_weight": 4058.5364059923986, "num_boost_round": 2.0, "subsample": 0.3830688450023193}, "datetime": {"datetime": "2024-01-20 13:28:42", "elapsed": 419.826941, "delta": 0.005745}}
{"target": -10.298569239706293, "params": {"colsample_bytree": 0.153604993318403, "eta": 0.06144615322662725, "gamma": 631.6163148979475, "max_depth": 3.0, "min_child_weight": 4058.5364059923986, "num_boost_round": 3.0, "subsample": 0.3830688450023193}, "datetime": {"datetime": "2024-01-20 13:28:42", "elapsed": 419.827656, "delta": 0.000715}}
{"target": -10.2984511955102, "params": {"colsample_bytree": 0.153604993318403, "eta": 0.06144615322662725, "gamma": 631.6163148979475, "max_depth": 3.0, "min_child_weight": 4058.5364059923986, "num_boost_round": 4.0, "subsample": 0.3830688450023193}, "datetime": {"datetime": "2024-01-20 13:28:42", "elapsed": 419.828291, "delta": 0.000635}}
{"target": -10.298322016990161, "params": {"colsample_bytree": 0.153604993318403, "eta": 0.06144615322662725, "gamma": 631.6163148979475, "max_depth": 3.0, "min_child_weight": 4058.5364059923986, "num_boost_round": 5.0, "subsample": 0.3830688450023193}, "datetime": {"datetime": "2024-01-20 13:28:42", "elapsed": 419.828882, "delta": 0.000591}}
{"target": -10.299124767786939, "params": {"colsample_bytree": 0.153604993318403, "eta": 0.06144615322662725, "gamma": 631.6163148979475, "max_depth": 3.0, "min_child_weight": 4058.5364059923986, "num_boost_round": 6.0, "subsample": 0.3830688450023193}, "datetime": {"datetime": "2024-01-20 13:28:42", "elapsed": 419.829924, "delta": 0.001042}}
{"target": -10.298906587190633, "params": {"colsample_bytree": 0.153604993318403, "eta": 0.06144615322662725, "gamma": 631.6163148979475, "max_depth": 3.0, "min_child_weight": 4058.5364059923986, "num_boost_round": 7.0, "subsample": 0.3830688450023193}, "datetime": {"datetime": "2024-01-20 13:28:42", "elapsed": 419.830548, "delta": 0.000624}}
{"target": -10.298960782201444, "params": {"colsample_bytree": 0.153604993318403, "eta": 0.06144615322662725, "gamma": 631.6163148979475, "max_depth": 3.0, "min_child_weight": 4058.5364059923986, "num_boost_round": 8.0, "subsample": 0.3830688450023193}, "datetime": {"datetime": "2024-01-20 13:28:42", "elapsed": 419.83112, "delta": 0.000572}}
{"target": -10.298814192201608, "params": {"colsample_bytree": 0.153604993318403, "eta": 0.06144615322662725, "gamma": 631.6163148979475, "max_depth": 3.0, "min_child_weight": 4058.5364059923986, "num_boost_round": 9.0, "subsample": 0.3830688450023193}, "datetime": {"datetime": "2024-01-20 13:28:42", "elapsed": 419.831778, "delta": 0.000658}}
{"target": -10.29883283723981, "params": {"colsample_bytree": 0.153604993318403, "eta": 0.06144615322662725, "gamma": 631.6163148979475, "max_depth": 3.0, "min_child_weight": 4058.5364059923986, "num_boost_round": 10.0, "subsample": 0.3830688450023193}, "datetime": {"datetime": "2024-01-20 13:28:42", "elapsed": 419.832352, "delta": 0.000574}}
{"target": -10.298641275572678, "params": {"colsample_bytree": 0.153604993318403, "eta": 0.06144615322662725, "gamma": 631.6163148979475, "max_depth": 3.0, "min_child_weight": 4058.5364059923986, "num_boost_round": 11.0, "subsample": 0.3830688450023193}, "datetime": {"datetime": "2024-01-20 13:28:42", "elapsed": 419.832941, "delta": 0.000589}}
{"target": -10.298637566413065, "params": {"colsample_bytree": 0.153604993318403, "eta": 0.06144615322662725, "gamma": 631.6163148979475, "max_depth": 3.0, "min_child_weight": 4058.5364059923986, "num_boost_round": 12.0, "subsample": 0.3830688450023193}, "datetime": {"datetime": "2024-01-20 13:28:42", "elapsed": 419.833516, "delta": 0.000575}}
{"target": -10.298460957356372, "params": {"colsample_bytree": 0.153604993318403, "eta": 0.06144615322662725, "gamma": 631.6163148979475, "max_depth": 3.0, "min_child_weight": 4058.5364059923986, "num_boost_round": 13.0, "subsample": 0.3830688450023193}, "datetime": {"datetime": "2024-01-20 13:28:42", "elapsed": 419.834095, "delta": 0.000579}}
{"target": -10.298412583865856, "params": {"colsample_bytree": 0.153604993318403, "eta": 0.06144615322662725, "gamma": 631.6163148979475, "max_depth": 3.0, "min_child_weight": 4058.5364059923986, "num_boost_round": 14.0, "subsample": 0.3830688450023193}, "datetime": {"datetime": "2024-01-20 13:28:42", "elapsed": 419.834678, "delta": 0.000583}}
{"target": -10.299218918366321, "params": {"colsample_bytree": 0.153604993318403, "eta": 0.06144615322662725, "gamma": 631.6163148979475, "max_depth": 3.0, "min_child_weight": 4058.5364059923986, "num_boost_round": 15.0, "subsample": 0.3830688450023193}, "datetime": {"datetime": "2024-01-20 13:28:42", "elapsed": 419.835454, "delta": 0.000776}}
{"target": -10.299450256147779, "params": {"colsample_bytree": 0.153604993318403, "eta": 0.06144615322662725, "gamma": 631.6163148979475, "max_depth": 3.0, "min_child_weight": 4058.5364059923986, "num_boost_round": 16.0, "subsample": 0.3830688450023193}, "datetime": {"datetime": "2024-01-20 13:28:42", "elapsed": 419.836573, "delta": 0.001119}}
{"target": -10.300144178273431, "params": {"colsample_bytree": 0.153604993318403, "eta": 0.06144615322662725, "gamma": 631.6163148979475, "max_depth": 3.0, "min_child_weight": 4058.5364059923986, "num_boost_round": 17.0, "subsample": 0.3830688450023193}, "datetime": {"datetime": "2024-01-20 13:28:42", "elapsed": 419.837226, "delta": 0.000653}}
{"target": -10.30015574181743, "params": {"colsample_bytree": 0.153604993318403, "eta": 0.06144615322662725, "gamma": 631.6163148979475, "max_depth": 3.0, "min_child_weight": 4058.5364059923986, "num_boost_round": 18.0, "subsample": 0.3830688450023193}, "datetime": {"datetime": "2024-01-20 13:28:42", "elapsed": 419.838012, "delta": 0.000786}}
{"target": -10.300577073985195, "params": {"colsample_bytree": 0.153604993318403, "eta": 0.06144615322662725, "gamma": 631.6163148979475, "max_depth": 3.0, "min_child_weight": 4058.5364059923986, "num_boost_round": 19.0, "subsample": 0.3830688450023193}, "datetime": {"datetime": "2024-01-20 13:28:42", "elapsed": 419.838845, "delta": 0.000833}}
{"target": -10.300555764861262, "params": {"colsample_bytree": 0.153604993318403, "eta": 0.06144615322662725, "gamma": 631.6163148979475, "max_depth": 3.0, "min_child_weight": 4058.5364059923986, "num_boost_round": 20.0, "subsample": 0.3830688450023193}, "datetime": {"datetime": "2024-01-20 13:28:42", "elapsed": 419.839546, "delta": 0.000701}}
{"target": -10.298124912727086, "params": {"colsample_bytree": 0.33114152822929455, "eta": 0.03130687262902376, "gamma": 686.1021008261238, "max_depth": 8.0, "min_child_weight": 4114.269578823148, "num_boost_round": 1.0, "subsample": 0.3634672770565377}, "datetime": {"datetime": "2024-01-20 13:29:19", "elapsed": 457.202664, "delta": 37.363118}}
{"target": -10.29812216210917, "params": {"colsample_bytree": 0.33114152822929455, "eta": 0.03130687262902376, "gamma": 686.1021008261238, "max_depth": 8.0, "min_child_weight": 4114.269578823148, "num_boost_round": 2.0, "subsample": 0.3634672770565377}, "datetime": {"datetime": "2024-01-20 13:29:19", "elapsed": 457.203818, "delta": 0.001154}}
{"target": -10.2982564412582, "params": {"colsample_bytree": 0.33114152822929455, "eta": 0.03130687262902376, "gamma": 686.1021008261238, "max_depth": 8.0, "min_child_weight": 4114.269578823148, "num_boost_round": 3.0, "subsample": 0.3634672770565377}, "datetime": {"datetime": "2024-01-20 13:29:19", "elapsed": 457.204977, "delta": 0.001159}}
{"target": -10.298220882323479, "params": {"colsample_bytree": 0.33114152822929455, "eta": 0.03130687262902376, "gamma": 686.1021008261238, "max_depth": 8.0, "min_child_weight": 4114.269578823148, "num_boost_round": 4.0, "subsample": 0.3634672770565377}, "datetime": {"datetime": "2024-01-20 13:29:19", "elapsed": 457.205632, "delta": 0.000655}}
{"target": -10.298372412838225, "params": {"colsample_bytree": 0.33114152822929455, "eta": 0.03130687262902376, "gamma": 686.1021008261238, "max_depth": 8.0, "min_child_weight": 4114.269578823148, "num_boost_round": 5.0, "subsample": 0.3634672770565377}, "datetime": {"datetime": "2024-01-20 13:29:19", "elapsed": 457.206281, "delta": 0.000649}}
{"target": -10.298445063679615, "params": {"colsample_bytree": 0.33114152822929455, "eta": 0.03130687262902376, "gamma": 686.1021008261238, "max_depth": 8.0, "min_child_weight": 4114.269578823148, "num_boost_round": 6.0, "subsample": 0.3634672770565377}, "datetime": {"datetime": "2024-01-20 13:29:19", "elapsed": 457.207059, "delta": 0.000778}}
{"target": -10.298509015527637, "params": {"colsample_bytree": 0.33114152822929455, "eta": 0.03130687262902376, "gamma": 686.1021008261238, "max_depth": 8.0, "min_child_weight": 4114.269578823148, "num_boost_round": 7.0, "subsample": 0.3634672770565377}, "datetime": {"datetime": "2024-01-20 13:29:19", "elapsed": 457.207694, "delta": 0.000635}}
{"target": -10.298562510918131, "params": {"colsample_bytree": 0.33114152822929455, "eta": 0.03130687262902376, "gamma": 686.1021008261238, "max_depth": 8.0, "min_child_weight": 4114.269578823148, "num_boost_round": 8.0, "subsample": 0.3634672770565377}, "datetime": {"datetime": "2024-01-20 13:29:19", "elapsed": 457.2083, "delta": 0.000606}}
{"target": -10.298556147001438, "params": {"colsample_bytree": 0.33114152822929455, "eta": 0.03130687262902376, "gamma": 686.1021008261238, "max_depth": 8.0, "min_child_weight": 4114.269578823148, "num_boost_round": 9.0, "subsample": 0.3634672770565377}, "datetime": {"datetime": "2024-01-20 13:29:19", "elapsed": 457.208938, "delta": 0.000638}}
{"target": -10.298732663573215, "params": {"colsample_bytree": 0.33114152822929455, "eta": 0.03130687262902376, "gamma": 686.1021008261238, "max_depth": 8.0, "min_child_weight": 4114.269578823148, "num_boost_round": 10.0, "subsample": 0.3634672770565377}, "datetime": {"datetime": "2024-01-20 13:29:19", "elapsed": 457.209667, "delta": 0.000729}}
{"target": -10.298633913459085, "params": {"colsample_bytree": 0.33114152822929455, "eta": 0.03130687262902376, "gamma": 686.1021008261238, "max_depth": 8.0, "min_child_weight": 4114.269578823148, "num_boost_round": 11.0, "subsample": 0.3634672770565377}, "datetime": {"datetime": "2024-01-20 13:29:19", "elapsed": 457.210285, "delta": 0.000618}}
{"target": -10.298795118886503, "params": {"colsample_bytree": 0.33114152822929455, "eta": 0.03130687262902376, "gamma": 686.1021008261238, "max_depth": 8.0, "min_child_weight": 4114.269578823148, "num_boost_round": 12.0, "subsample": 0.3634672770565377}, "datetime": {"datetime": "2024-01-20 13:29:19", "elapsed": 457.210908, "delta": 0.000623}}
{"target": -10.298634577072495, "params": {"colsample_bytree": 0.33114152822929455, "eta": 0.03130687262902376, "gamma": 686.1021008261238, "max_depth": 8.0, "min_child_weight": 4114.269578823148, "num_boost_round": 13.0, "subsample": 0.3634672770565377}, "datetime": {"datetime": "2024-01-20 13:29:19", "elapsed": 457.21152, "delta": 0.000612}}
{"target": -10.298721867827037, "params": {"colsample_bytree": 0.33114152822929455, "eta": 0.03130687262902376, "gamma": 686.1021008261238, "max_depth": 8.0, "min_child_weight": 4114.269578823148, "num_boost_round": 14.0, "subsample": 0.3634672770565377}, "datetime": {"datetime": "2024-01-20 13:29:19", "elapsed": 457.212122, "delta": 0.000602}}
{"target": -10.298816007282529, "params": {"colsample_bytree": 0.33114152822929455, "eta": 0.03130687262902376, "gamma": 686.1021008261238, "max_depth": 8.0, "min_child_weight": 4114.269578823148, "num_boost_round": 15.0, "subsample": 0.3634672770565377}, "datetime": {"datetime": "2024-01-20 13:29:19", "elapsed": 457.21274, "delta": 0.000618}}
{"target": -10.298743341152113, "params": {"colsample_bytree": 0.33114152822929455, "eta": 0.03130687262902376, "gamma": 686.1021008261238, "max_depth": 8.0, "min_child_weight": 4114.269578823148, "num_boost_round": 16.0, "subsample": 0.3634672770565377}, "datetime": {"datetime": "2024-01-20 13:29:19", "elapsed": 457.213346, "delta": 0.000606}}
{"target": -10.29852865983018, "params": {"colsample_bytree": 0.8467733642511446, "eta": 0.011710347014217302, "gamma": 669.0100671625777, "max_depth": 2.0, "min_child_weight": 4150.5078578645, "num_boost_round": 1.0, "subsample": 0.7360189908286392}, "datetime": {"datetime": "2024-01-20 13:29:43", "elapsed": 481.698911, "delta": 24.485565}}
{"target": -10.29857296668781, "params": {"colsample_bytree": 0.8467733642511446, "eta": 0.011710347014217302, "gamma": 669.0100671625777, "max_depth": 2.0, "min_child_weight": 4150.5078578645, "num_boost_round": 2.0, "subsample": 0.7360189908286392}, "datetime": {"datetime": "2024-01-20 13:29:43", "elapsed": 481.702361, "delta": 0.00345}}
{"target": -10.298606547339023, "params": {"colsample_bytree": 0.8467733642511446, "eta": 0.011710347014217302, "gamma": 669.0100671625777, "max_depth": 2.0, "min_child_weight": 4150.5078578645, "num_boost_round": 3.0, "subsample": 0.7360189908286392}, "datetime": {"datetime": "2024-01-20 13:29:43", "elapsed": 481.703123, "delta": 0.000762}}
{"target": -10.298655139952846, "params": {"colsample_bytree": 0.8467733642511446, "eta": 0.011710347014217302, "gamma": 669.0100671625777, "max_depth": 2.0, "min_child_weight": 4150.5078578645, "num_boost_round": 4.0, "subsample": 0.7360189908286392}, "datetime": {"datetime": "2024-01-20 13:29:43", "elapsed": 481.703796, "delta": 0.000673}}
{"target": -10.29871264055595, "params": {"colsample_bytree": 0.8467733642511446, "eta": 0.011710347014217302, "gamma": 669.0100671625777, "max_depth": 2.0, "min_child_weight": 4150.5078578645, "num_boost_round": 5.0, "subsample": 0.7360189908286392}, "datetime": {"datetime": "2024-01-20 13:29:43", "elapsed": 481.704452, "delta": 0.000656}}
{"target": -10.297986548297903, "params": {"colsample_bytree": 0.6072025962648979, "eta": 0.09745872541425359, "gamma": 504.93919270654686, "max_depth": 7.0, "min_child_weight": 4065.2514893645366, "num_boost_round": 1.0, "subsample": 0.2676062894762218}, "datetime": {"datetime": "2024-01-20 13:30:11", "elapsed": 508.786906, "delta": 27.082454}}
{"target": -10.298255095066196, "params": {"colsample_bytree": 0.6072025962648979, "eta": 0.09745872541425359, "gamma": 504.93919270654686, "max_depth": 7.0, "min_child_weight": 4065.2514893645366, "num_boost_round": 2.0, "subsample": 0.2676062894762218}, "datetime": {"datetime": "2024-01-20 13:30:11", "elapsed": 508.787938, "delta": 0.001032}}
{"target": -10.29815783689402, "params": {"colsample_bytree": 0.6072025962648979, "eta": 0.09745872541425359, "gamma": 504.93919270654686, "max_depth": 7.0, "min_child_weight": 4065.2514893645366, "num_boost_round": 3.0, "subsample": 0.2676062894762218}, "datetime": {"datetime": "2024-01-20 13:30:11", "elapsed": 508.788628, "delta": 0.00069}}
{"target": -10.298312441657526, "params": {"colsample_bytree": 0.6072025962648979, "eta": 0.09745872541425359, "gamma": 504.93919270654686, "max_depth": 7.0, "min_child_weight": 4065.2514893645366, "num_boost_round": 4.0, "subsample": 0.2676062894762218}, "datetime": {"datetime": "2024-01-20 13:30:11", "elapsed": 508.789305, "delta": 0.000677}}
{"target": -10.298832930361595, "params": {"colsample_bytree": 0.6072025962648979, "eta": 0.09745872541425359, "gamma": 504.93919270654686, "max_depth": 7.0, "min_child_weight": 4065.2514893645366, "num_boost_round": 5.0, "subsample": 0.2676062894762218}, "datetime": {"datetime": "2024-01-20 13:30:11", "elapsed": 508.790475, "delta": 0.00117}}
{"target": -10.299123998025692, "params": {"colsample_bytree": 0.6072025962648979, "eta": 0.09745872541425359, "gamma": 504.93919270654686, "max_depth": 7.0, "min_child_weight": 4065.2514893645366, "num_boost_round": 6.0, "subsample": 0.2676062894762218}, "datetime": {"datetime": "2024-01-20 13:30:11", "elapsed": 508.792031, "delta": 0.001556}}
{"target": -10.29950060944148, "params": {"colsample_bytree": 0.6072025962648979, "eta": 0.09745872541425359, "gamma": 504.93919270654686, "max_depth": 7.0, "min_child_weight": 4065.2514893645366, "num_boost_round": 7.0, "subsample": 0.2676062894762218}, "datetime": {"datetime": "2024-01-20 13:30:11", "elapsed": 508.792745, "delta": 0.000714}}
{"target": -10.298472532901343, "params": {"colsample_bytree": 0.9865397710575909, "eta": 0.005106277388523601, "gamma": 563.7474698957058, "max_depth": 9.0, "min_child_weight": 4014.0459720573385, "num_boost_round": 1.0, "subsample": 0.27091993613965804}, "datetime": {"datetime": "2024-01-20 13:30:45", "elapsed": 543.575995, "delta": 34.78325}}
{"target": -10.29843377694839, "params": {"colsample_bytree": 0.9865397710575909, "eta": 0.005106277388523601, "gamma": 563.7474698957058, "max_depth": 9.0, "min_child_weight": 4014.0459720573385, "num_boost_round": 2.0, "subsample": 0.27091993613965804}, "datetime": {"datetime": "2024-01-20 13:30:45", "elapsed": 543.578709, "delta": 0.002714}}
{"target": -10.298410281453464, "params": {"colsample_bytree": 0.9865397710575909, "eta": 0.005106277388523601, "gamma": 563.7474698957058, "max_depth": 9.0, "min_child_weight": 4014.0459720573385, "num_boost_round": 3.0, "subsample": 0.27091993613965804}, "datetime": {"datetime": "2024-01-20 13:30:45", "elapsed": 543.579552, "delta": 0.000843}}
{"target": -10.298357836006033, "params": {"colsample_bytree": 0.9865397710575909, "eta": 0.005106277388523601, "gamma": 563.7474698957058, "max_depth": 9.0, "min_child_weight": 4014.0459720573385, "num_boost_round": 4.0, "subsample": 0.27091993613965804}, "datetime": {"datetime": "2024-01-20 13:30:45", "elapsed": 543.580255, "delta": 0.000703}}
{"target": -10.298314545610138, "params": {"colsample_bytree": 0.9865397710575909, "eta": 0.005106277388523601, "gamma": 563.7474698957058, "max_depth": 9.0, "min_child_weight": 4014.0459720573385, "num_boost_round": 5.0, "subsample": 0.27091993613965804}, "datetime": {"datetime": "2024-01-20 13:30:45", "elapsed": 543.58112, "delta": 0.000865}}
{"target": -10.298267043521799, "params": {"colsample_bytree": 0.9865397710575909, "eta": 0.005106277388523601, "gamma": 563.7474698957058, "max_depth": 9.0, "min_child_weight": 4014.0459720573385, "num_boost_round": 6.0, "subsample": 0.27091993613965804}, "datetime": {"datetime": "2024-01-20 13:30:45", "elapsed": 543.581814, "delta": 0.000694}}
{"target": -10.298232365419029, "params": {"colsample_bytree": 0.9865397710575909, "eta": 0.005106277388523601, "gamma": 563.7474698957058, "max_depth": 9.0, "min_child_weight": 4014.0459720573385, "num_boost_round": 7.0, "subsample": 0.27091993613965804}, "datetime": {"datetime": "2024-01-20 13:30:45", "elapsed": 543.582619, "delta": 0.000805}}
{"target": -10.298182346170208, "params": {"colsample_bytree": 0.9865397710575909, "eta": 0.005106277388523601, "gamma": 563.7474698957058, "max_depth": 9.0, "min_child_weight": 4014.0459720573385, "num_boost_round": 8.0, "subsample": 0.27091993613965804}, "datetime": {"datetime": "2024-01-20 13:30:45", "elapsed": 543.583221, "delta": 0.000602}}
{"target": -10.298158787862278, "params": {"colsample_bytree": 0.9865397710575909, "eta": 0.005106277388523601, "gamma": 563.7474698957058, "max_depth": 9.0, "min_child_weight": 4014.0459720573385, "num_boost_round": 9.0, "subsample": 0.27091993613965804}, "datetime": {"datetime": "2024-01-20 13:30:45", "elapsed": 543.584006, "delta": 0.000785}}
{"target": -10.298121573461996, "params": {"colsample_bytree": 0.9865397710575909, "eta": 0.005106277388523601, "gamma": 563.7474698957058, "max_depth": 9.0, "min_child_weight": 4014.0459720573385, "num_boost_round": 10.0, "subsample": 0.27091993613965804}, "datetime": {"datetime": "2024-01-20 13:30:45", "elapsed": 543.584614, "delta": 0.000608}}
{"target": -10.298086530172064, "params": {"colsample_bytree": 0.9865397710575909, "eta": 0.005106277388523601, "gamma": 563.7474698957058, "max_depth": 9.0, "min_child_weight": 4014.0459720573385, "num_boost_round": 11.0, "subsample": 0.27091993613965804}, "datetime": {"datetime": "2024-01-20 13:30:45", "elapsed": 543.585276, "delta": 0.000662}}
{"target": -10.298345763830262, "params": {"colsample_bytree": 0.9281210365806762, "eta": 0.03605697716979394, "gamma": 752.8440100466015, "max_depth": 9.0, "min_child_weight": 4132.468328812376, "num_boost_round": 1.0, "subsample": 0.5443305809947633}, "datetime": {"datetime": "2024-01-20 13:32:04", "elapsed": 622.651304, "delta": 79.066028}}
{"target": -10.298275235089465, "params": {"colsample_bytree": 0.9281210365806762, "eta": 0.03605697716979394, "gamma": 752.8440100466015, "max_depth": 9.0, "min_child_weight": 4132.468328812376, "num_boost_round": 2.0, "subsample": 0.5443305809947633}, "datetime": {"datetime": "2024-01-20 13:32:04", "elapsed": 622.655686, "delta": 0.004382}}
