{"target": -10.29836739717048, "params": {"colsample_bytree": 0.8116281421058889, "eta": 0.08650616407435817, "gamma": 68.29812157243221, "max_depth": 8.0, "min_child_weight": 3931.44009749794, "num_boost_round": 1.0, "subsample": 0.6875108489437194}, "datetime": {"datetime": "2024-01-20 14:34:45", "elapsed": 4383.630637, "delta": 38.359436}}
{"target": -10.298996070654473, "params": {"colsample_bytree": 0.8116281421058889, "eta": 0.08650616407435817, "gamma": 68.29812157243221, "max_depth": 8.0, "min_child_weight": 3931.44009749794, "num_boost_round": 2.0, "subsample": 0.6875108489437194}, "datetime": {"datetime": "2024-01-20 14:34:45", "elapsed": 4383.634737, "delta": 0.0041}}
{"target": -10.299116401581214, "params": {"colsample_bytree": 0.8116281421058889, "eta": 0.08650616407435817, "gamma": 68.29812157243221, "max_depth": 8.0, "min_child_weight": 3931.44009749794, "num_boost_round": 3.0, "subsample": 0.6875108489437194}, "datetime": {"datetime": "2024-01-20 14:34:45", "elapsed": 4383.646771, "delta": 0.012034}}
{"target": -10.300019659704116, "params": {"colsample_bytree": 0.8116281421058889, "eta": 0.08650616407435817, "gamma": 68.29812157243221, "max_depth": 8.0, "min_child_weight": 3931.44009749794, "num_boost_round": 4.0, "subsample": 0.6875108489437194}, "datetime": {"datetime": "2024-01-20 14:34:45", "elapsed": 4383.649819, "delta": 0.003048}}
{"target": -10.301007856959595, "params": {"colsample_bytree": 0.8116281421058889, "eta": 0.08650616407435817, "gamma": 68.29812157243221, "max_depth": 8.0, "min_child_weight": 3931.44009749794, "num_boost_round": 5.0, "subsample": 0.6875108489437194}, "datetime": {"datetime": "2024-01-20 14:34:45", "elapsed": 4383.652397, "delta": 0.002578}}
{"target": -10.301988287829802, "params": {"colsample_bytree": 0.8116281421058889, "eta": 0.08650616407435817, "gamma": 68.29812157243221, "max_depth": 8.0, "min_child_weight": 3931.44009749794, "num_boost_round": 6.0, "subsample": 0.6875108489437194}, "datetime": {"datetime": "2024-01-20 14:34:45", "elapsed": 4383.654837, "delta": 0.00244}}
{"target": -10.302491585863123, "params": {"colsample_bytree": 0.8116281421058889, "eta": 0.08650616407435817, "gamma": 68.29812157243221, "max_depth": 8.0, "min_child_weight": 3931.44009749794, "num_boost_round": 7.0, "subsample": 0.6875108489437194}, "datetime": {"datetime": "2024-01-20 14:34:45", "elapsed": 4383.657204, "delta": 0.002367}}
{"target": -10.302834760090018, "params": {"colsample_bytree": 0.8116281421058889, "eta": 0.08650616407435817, "gamma": 68.29812157243221, "max_depth": 8.0, "min_child_weight": 3931.44009749794, "num_boost_round": 8.0, "subsample": 0.6875108489437194}, "datetime": {"datetime": "2024-01-20 14:34:45", "elapsed": 4383.659516, "delta": 0.002312}}
{"target": -10.303847493563065, "params": {"colsample_bytree": 0.8116281421058889, "eta": 0.08650616407435817, "gamma": 68.29812157243221, "max_depth": 8.0, "min_child_weight": 3931.44009749794, "num_boost_round": 9.0, "subsample": 0.6875108489437194}, "datetime": {"datetime": "2024-01-20 14:34:45", "elapsed": 4383.661977, "delta": 0.002461}}
{"target": -10.298283387712033, "params": {"colsample_bytree": 0.2937108025795333, "eta": 0.016287260034568995, "gamma": 531.5497412132692, "max_depth": 9.0, "min_child_weight": 4550.165943419148, "num_boost_round": 1.0, "subsample": 0.16228626531510126}, "datetime": {"datetime": "2024-01-20 14:35:53", "elapsed": 4451.152733, "delta": 67.490756}}
{"target": -10.2982460741504, "params": {"colsample_bytree": 0.2937108025795333, "eta": 0.016287260034568995, "gamma": 531.5497412132692, "max_depth": 9.0, "min_child_weight": 4550.165943419148, "num_boost_round": 2.0, "subsample": 0.16228626531510126}, "datetime": {"datetime": "2024-01-20 14:35:53", "elapsed": 4451.159741, "delta": 0.007008}}
{"target": -10.298293260822287, "params": {"colsample_bytree": 0.2937108025795333, "eta": 0.016287260034568995, "gamma": 531.5497412132692, "max_depth": 9.0, "min_child_weight": 4550.165943419148, "num_boost_round": 3.0, "subsample": 0.16228626531510126}, "datetime": {"datetime": "2024-01-20 14:35:53", "elapsed": 4451.16318, "delta": 0.003439}}
{"target": -10.2981702229967, "params": {"colsample_bytree": 0.2937108025795333, "eta": 0.016287260034568995, "gamma": 531.5497412132692, "max_depth": 9.0, "min_child_weight": 4550.165943419148, "num_boost_round": 4.0, "subsample": 0.16228626531510126}, "datetime": {"datetime": "2024-01-20 14:35:53", "elapsed": 4451.16624, "delta": 0.00306}}
{"target": -10.298099194479665, "params": {"colsample_bytree": 0.2937108025795333, "eta": 0.016287260034568995, "gamma": 531.5497412132692, "max_depth": 9.0, "min_child_weight": 4550.165943419148, "num_boost_round": 5.0, "subsample": 0.16228626531510126}, "datetime": {"datetime": "2024-01-20 14:35:53", "elapsed": 4451.169296, "delta": 0.003056}}
{"target": -10.298108525061767, "params": {"colsample_bytree": 0.2937108025795333, "eta": 0.016287260034568995, "gamma": 531.5497412132692, "max_depth": 9.0, "min_child_weight": 4550.165943419148, "num_boost_round": 6.0, "subsample": 0.16228626531510126}, "datetime": {"datetime": "2024-01-20 14:35:53", "elapsed": 4451.172209, "delta": 0.002913}}
{"target": -10.298064060312164, "params": {"colsample_bytree": 0.2937108025795333, "eta": 0.016287260034568995, "gamma": 531.5497412132692, "max_depth": 9.0, "min_child_weight": 4550.165943419148, "num_boost_round": 7.0, "subsample": 0.16228626531510126}, "datetime": {"datetime": "2024-01-20 14:35:53", "elapsed": 4451.174886, "delta": 0.002677}}
{"target": -10.29794730633839, "params": {"colsample_bytree": 0.2937108025795333, "eta": 0.016287260034568995, "gamma": 531.5497412132692, "max_depth": 9.0, "min_child_weight": 4550.165943419148, "num_boost_round": 8.0, "subsample": 0.16228626531510126}, "datetime": {"datetime": "2024-01-20 14:35:53", "elapsed": 4451.177601, "delta": 0.002715}}
{"target": -10.297776735541888, "params": {"colsample_bytree": 0.2937108025795333, "eta": 0.016287260034568995, "gamma": 531.5497412132692, "max_depth": 9.0, "min_child_weight": 4550.165943419148, "num_boost_round": 9.0, "subsample": 0.16228626531510126}, "datetime": {"datetime": "2024-01-20 14:35:53", "elapsed": 4451.180287, "delta": 0.002686}}
{"target": -10.297732062247931, "params": {"colsample_bytree": 0.2937108025795333, "eta": 0.016287260034568995, "gamma": 531.5497412132692, "max_depth": 9.0, "min_child_weight": 4550.165943419148, "num_boost_round": 10.0, "subsample": 0.16228626531510126}, "datetime": {"datetime": "2024-01-20 14:35:53", "elapsed": 4451.183131, "delta": 0.002844}}
{"target": -10.297576257147709, "params": {"colsample_bytree": 0.2937108025795333, "eta": 0.016287260034568995, "gamma": 531.5497412132692, "max_depth": 9.0, "min_child_weight": 4550.165943419148, "num_boost_round": 11.0, "subsample": 0.16228626531510126}, "datetime": {"datetime": "2024-01-20 14:35:53", "elapsed": 4451.185831, "delta": 0.0027}}
{"target": -10.297620519720182, "params": {"colsample_bytree": 0.2937108025795333, "eta": 0.016287260034568995, "gamma": 531.5497412132692, "max_depth": 9.0, "min_child_weight": 4550.165943419148, "num_boost_round": 12.0, "subsample": 0.16228626531510126}, "datetime": {"datetime": "2024-01-20 14:35:53", "elapsed": 4451.188922, "delta": 0.003091}}
{"target": -10.29740409268977, "params": {"colsample_bytree": 0.2937108025795333, "eta": 0.016287260034568995, "gamma": 531.5497412132692, "max_depth": 9.0, "min_child_weight": 4550.165943419148, "num_boost_round": 13.0, "subsample": 0.16228626531510126}, "datetime": {"datetime": "2024-01-20 14:35:53", "elapsed": 4451.191731, "delta": 0.002809}}
{"target": -10.297414186221573, "params": {"colsample_bytree": 0.2937108025795333, "eta": 0.016287260034568995, "gamma": 531.5497412132692, "max_depth": 9.0, "min_child_weight": 4550.165943419148, "num_boost_round": 14.0, "subsample": 0.16228626531510126}, "datetime": {"datetime": "2024-01-20 14:35:53", "elapsed": 4451.194381, "delta": 0.00265}}
{"target": -10.297365080170895, "params": {"colsample_bytree": 0.2937108025795333, "eta": 0.016287260034568995, "gamma": 531.5497412132692, "max_depth": 9.0, "min_child_weight": 4550.165943419148, "num_boost_round": 15.0, "subsample": 0.16228626531510126}, "datetime": {"datetime": "2024-01-20 14:35:53", "elapsed": 4451.197143, "delta": 0.002762}}
{"target": -10.297242365886698, "params": {"colsample_bytree": 0.2937108025795333, "eta": 0.016287260034568995, "gamma": 531.5497412132692, "max_depth": 9.0, "min_child_weight": 4550.165943419148, "num_boost_round": 16.0, "subsample": 0.16228626531510126}, "datetime": {"datetime": "2024-01-20 14:35:53", "elapsed": 4451.199804, "delta": 0.002661}}
{"target": -10.297223972813747, "params": {"colsample_bytree": 0.2937108025795333, "eta": 0.016287260034568995, "gamma": 531.5497412132692, "max_depth": 9.0, "min_child_weight": 4550.165943419148, "num_boost_round": 17.0, "subsample": 0.16228626531510126}, "datetime": {"datetime": "2024-01-20 14:35:53", "elapsed": 4451.202692, "delta": 0.002888}}
{"target": -10.297220063192448, "params": {"colsample_bytree": 0.2937108025795333, "eta": 0.016287260034568995, "gamma": 531.5497412132692, "max_depth": 9.0, "min_child_weight": 4550.165943419148, "num_boost_round": 18.0, "subsample": 0.16228626531510126}, "datetime": {"datetime": "2024-01-20 14:35:53", "elapsed": 4451.205384, "delta": 0.002692}}
{"target": -10.297242741747304, "params": {"colsample_bytree": 0.2937108025795333, "eta": 0.016287260034568995, "gamma": 531.5497412132692, "max_depth": 9.0, "min_child_weight": 4550.165943419148, "num_boost_round": 19.0, "subsample": 0.16228626531510126}, "datetime": {"datetime": "2024-01-20 14:35:53", "elapsed": 4451.208167, "delta": 0.002783}}
{"target": -10.297164778667014, "params": {"colsample_bytree": 0.2937108025795333, "eta": 0.016287260034568995, "gamma": 531.5497412132692, "max_depth": 9.0, "min_child_weight": 4550.165943419148, "num_boost_round": 20.0, "subsample": 0.16228626531510126}, "datetime": {"datetime": "2024-01-20 14:35:53", "elapsed": 4451.210864, "delta": 0.002697}}
{"target": -10.29719138095837, "params": {"colsample_bytree": 0.2937108025795333, "eta": 0.016287260034568995, "gamma": 531.5497412132692, "max_depth": 9.0, "min_child_weight": 4550.165943419148, "num_boost_round": 21.0, "subsample": 0.16228626531510126}, "datetime": {"datetime": "2024-01-20 14:35:53", "elapsed": 4451.213513, "delta": 0.002649}}
{"target": -10.29719300949704, "params": {"colsample_bytree": 0.2937108025795333, "eta": 0.016287260034568995, "gamma": 531.5497412132692, "max_depth": 9.0, "min_child_weight": 4550.165943419148, "num_boost_round": 22.0, "subsample": 0.16228626531510126}, "datetime": {"datetime": "2024-01-20 14:35:53", "elapsed": 4451.217186, "delta": 0.003673}}
{"target": -10.297204923139208, "params": {"colsample_bytree": 0.2937108025795333, "eta": 0.016287260034568995, "gamma": 531.5497412132692, "max_depth": 9.0, "min_child_weight": 4550.165943419148, "num_boost_round": 23.0, "subsample": 0.16228626531510126}, "datetime": {"datetime": "2024-01-20 14:35:53", "elapsed": 4451.221185, "delta": 0.003999}}
{"target": -10.297213335173886, "params": {"colsample_bytree": 0.2937108025795333, "eta": 0.016287260034568995, "gamma": 531.5497412132692, "max_depth": 9.0, "min_child_weight": 4550.165943419148, "num_boost_round": 24.0, "subsample": 0.16228626531510126}, "datetime": {"datetime": "2024-01-20 14:35:53", "elapsed": 4451.224436, "delta": 0.003251}}
{"target": -10.297201212858209, "params": {"colsample_bytree": 0.2937108025795333, "eta": 0.016287260034568995, "gamma": 531.5497412132692, "max_depth": 9.0, "min_child_weight": 4550.165943419148, "num_boost_round": 25.0, "subsample": 0.16228626531510126}, "datetime": {"datetime": "2024-01-20 14:35:53", "elapsed": 4451.227312, "delta": 0.002876}}
{"target": -10.297275470200308, "params": {"colsample_bytree": 0.2937108025795333, "eta": 0.016287260034568995, "gamma": 531.5497412132692, "max_depth": 9.0, "min_child_weight": 4550.165943419148, "num_boost_round": 26.0, "subsample": 0.16228626531510126}, "datetime": {"datetime": "2024-01-20 14:35:53", "elapsed": 4451.229973, "delta": 0.002661}}
{"target": -10.297207314117063, "params": {"colsample_bytree": 0.2937108025795333, "eta": 0.016287260034568995, "gamma": 531.5497412132692, "max_depth": 9.0, "min_child_weight": 4550.165943419148, "num_boost_round": 27.0, "subsample": 0.16228626531510126}, "datetime": {"datetime": "2024-01-20 14:35:53", "elapsed": 4451.232443, "delta": 0.00247}}
{"target": -10.297199663000413, "params": {"colsample_bytree": 0.2937108025795333, "eta": 0.016287260034568995, "gamma": 531.5497412132692, "max_depth": 9.0, "min_child_weight": 4550.165943419148, "num_boost_round": 28.0, "subsample": 0.16228626531510126}, "datetime": {"datetime": "2024-01-20 14:35:53", "elapsed": 4451.234877, "delta": 0.002434}}
{"target": -10.2972487686201, "params": {"colsample_bytree": 0.2937108025795333, "eta": 0.016287260034568995, "gamma": 531.5497412132692, "max_depth": 9.0, "min_child_weight": 4550.165943419148, "num_boost_round": 29.0, "subsample": 0.16228626531510126}, "datetime": {"datetime": "2024-01-20 14:35:53", "elapsed": 4451.237419, "delta": 0.002542}}
{"target": -10.297293387246418, "params": {"colsample_bytree": 0.2937108025795333, "eta": 0.016287260034568995, "gamma": 531.5497412132692, "max_depth": 9.0, "min_child_weight": 4550.165943419148, "num_boost_round": 30.0, "subsample": 0.16228626531510126}, "datetime": {"datetime": "2024-01-20 14:35:53", "elapsed": 4451.239928, "delta": 0.002509}}
{"target": -10.298186941815558, "params": {"colsample_bytree": 0.34137188793704093, "eta": 0.034947692686297764, "gamma": 324.7662530746271, "max_depth": 9.0, "min_child_weight": 4441.2346270316675, "num_boost_round": 1.0, "subsample": 0.9399307808521388}, "datetime": {"datetime": "2024-01-20 14:36:23", "elapsed": 4481.724418, "delta": 30.48449}}
{"target": -10.298208092685702, "params": {"colsample_bytree": 0.34137188793704093, "eta": 0.034947692686297764, "gamma": 324.7662530746271, "max_depth": 9.0, "min_child_weight": 4441.2346270316675, "num_boost_round": 2.0, "subsample": 0.9399307808521388}, "datetime": {"datetime": "2024-01-20 14:36:23", "elapsed": 4481.730486, "delta": 0.006068}}
{"target": -10.298217380455936, "params": {"colsample_bytree": 0.10310085543091783, "eta": 0.07777582981059562, "gamma": 500.9023855225131, "max_depth": 4.0, "min_child_weight": 4514.945421861824, "num_boost_round": 1.0, "subsample": 0.4736272252752479}, "datetime": {"datetime": "2024-01-20 14:37:10", "elapsed": 4528.434098, "delta": 46.703612}}
{"target": -10.297834304704155, "params": {"colsample_bytree": 0.10310085543091783, "eta": 0.07777582981059562, "gamma": 500.9023855225131, "max_depth": 4.0, "min_child_weight": 4514.945421861824, "num_boost_round": 2.0, "subsample": 0.4736272252752479}, "datetime": {"datetime": "2024-01-20 14:37:10", "elapsed": 4528.442898, "delta": 0.0088}}
{"target": -10.298219817830278, "params": {"colsample_bytree": 0.10310085543091783, "eta": 0.07777582981059562, "gamma": 500.9023855225131, "max_depth": 4.0, "min_child_weight": 4514.945421861824, "num_boost_round": 3.0, "subsample": 0.4736272252752479}, "datetime": {"datetime": "2024-01-20 14:37:10", "elapsed": 4528.446118, "delta": 0.00322}}
{"target": -10.298101564417419, "params": {"colsample_bytree": 0.10310085543091783, "eta": 0.07777582981059562, "gamma": 500.9023855225131, "max_depth": 4.0, "min_child_weight": 4514.945421861824, "num_boost_round": 4.0, "subsample": 0.4736272252752479}, "datetime": {"datetime": "2024-01-20 14:37:10", "elapsed": 4528.448988, "delta": 0.00287}}
{"target": -10.29776015936073, "params": {"colsample_bytree": 0.10310085543091783, "eta": 0.07777582981059562, "gamma": 500.9023855225131, "max_depth": 4.0, "min_child_weight": 4514.945421861824, "num_boost_round": 5.0, "subsample": 0.4736272252752479}, "datetime": {"datetime": "2024-01-20 14:37:10", "elapsed": 4528.451627, "delta": 0.002639}}
{"target": -10.298858213506701, "params": {"colsample_bytree": 0.10310085543091783, "eta": 0.07777582981059562, "gamma": 500.9023855225131, "max_depth": 4.0, "min_child_weight": 4514.945421861824, "num_boost_round": 6.0, "subsample": 0.4736272252752479}, "datetime": {"datetime": "2024-01-20 14:37:10", "elapsed": 4528.454108, "delta": 0.002481}}
{"target": -10.298589483807884, "params": {"colsample_bytree": 0.10310085543091783, "eta": 0.07777582981059562, "gamma": 500.9023855225131, "max_depth": 4.0, "min_child_weight": 4514.945421861824, "num_boost_round": 7.0, "subsample": 0.4736272252752479}, "datetime": {"datetime": "2024-01-20 14:37:10", "elapsed": 4528.456636, "delta": 0.002528}}
{"target": -10.298371348482931, "params": {"colsample_bytree": 0.10310085543091783, "eta": 0.07777582981059562, "gamma": 500.9023855225131, "max_depth": 4.0, "min_child_weight": 4514.945421861824, "num_boost_round": 8.0, "subsample": 0.4736272252752479}, "datetime": {"datetime": "2024-01-20 14:37:10", "elapsed": 4528.459007, "delta": 0.002371}}
{"target": -10.298174027871937, "params": {"colsample_bytree": 0.10310085543091783, "eta": 0.07777582981059562, "gamma": 500.9023855225131, "max_depth": 4.0, "min_child_weight": 4514.945421861824, "num_boost_round": 9.0, "subsample": 0.4736272252752479}, "datetime": {"datetime": "2024-01-20 14:37:10", "elapsed": 4528.461428, "delta": 0.002421}}
{"target": -10.29833317340826, "params": {"colsample_bytree": 0.10310085543091783, "eta": 0.07777582981059562, "gamma": 500.9023855225131, "max_depth": 4.0, "min_child_weight": 4514.945421861824, "num_boost_round": 10.0, "subsample": 0.4736272252752479}, "datetime": {"datetime": "2024-01-20 14:37:10", "elapsed": 4528.463954, "delta": 0.002526}}
{"target": -10.298291966437983, "params": {"colsample_bytree": 0.10310085543091783, "eta": 0.07777582981059562, "gamma": 500.9023855225131, "max_depth": 4.0, "min_child_weight": 4514.945421861824, "num_boost_round": 11.0, "subsample": 0.4736272252752479}, "datetime": {"datetime": "2024-01-20 14:37:10", "elapsed": 4528.466711, "delta": 0.002757}}
{"target": -10.298276364221495, "params": {"colsample_bytree": 0.10310085543091783, "eta": 0.07777582981059562, "gamma": 500.9023855225131, "max_depth": 4.0, "min_child_weight": 4514.945421861824, "num_boost_round": 12.0, "subsample": 0.4736272252752479}, "datetime": {"datetime": "2024-01-20 14:37:10", "elapsed": 4528.469187, "delta": 0.002476}}
{"target": -10.298502356368523, "params": {"colsample_bytree": 0.10310085543091783, "eta": 0.07777582981059562, "gamma": 500.9023855225131, "max_depth": 4.0, "min_child_weight": 4514.945421861824, "num_boost_round": 13.0, "subsample": 0.4736272252752479}, "datetime": {"datetime": "2024-01-20 14:37:10", "elapsed": 4528.471736, "delta": 0.002549}}
{"target": -10.298429451968113, "params": {"colsample_bytree": 0.10310085543091783, "eta": 0.07777582981059562, "gamma": 500.9023855225131, "max_depth": 4.0, "min_child_weight": 4514.945421861824, "num_boost_round": 14.0, "subsample": 0.4736272252752479}, "datetime": {"datetime": "2024-01-20 14:37:10", "elapsed": 4528.474022, "delta": 0.002286}}
{"target": -10.298384973702715, "params": {"colsample_bytree": 0.10310085543091783, "eta": 0.07777582981059562, "gamma": 500.9023855225131, "max_depth": 4.0, "min_child_weight": 4514.945421861824, "num_boost_round": 15.0, "subsample": 0.4736272252752479}, "datetime": {"datetime": "2024-01-20 14:37:10", "elapsed": 4528.476319, "delta": 0.002297}}
{"target": -10.298582643150194, "params": {"colsample_bytree": 0.10310085543091783, "eta": 0.07777582981059562, "gamma": 500.9023855225131, "max_depth": 4.0, "min_child_weight": 4514.945421861824, "num_boost_round": 16.0, "subsample": 0.4736272252752479}, "datetime": {"datetime": "2024-01-20 14:37:10", "elapsed": 4528.478656, "delta": 0.002337}}
{"target": -10.298914367478087, "params": {"colsample_bytree": 0.10310085543091783, "eta": 0.07777582981059562, "gamma": 500.9023855225131, "max_depth": 4.0, "min_child_weight": 4514.945421861824, "num_boost_round": 17.0, "subsample": 0.4736272252752479}, "datetime": {"datetime": "2024-01-20 14:37:10", "elapsed": 4528.480972, "delta": 0.002316}}
{"target": -10.29902666779762, "params": {"colsample_bytree": 0.10310085543091783, "eta": 0.07777582981059562, "gamma": 500.9023855225131, "max_depth": 4.0, "min_child_weight": 4514.945421861824, "num_boost_round": 18.0, "subsample": 0.4736272252752479}, "datetime": {"datetime": "2024-01-20 14:37:10", "elapsed": 4528.483499, "delta": 0.002527}}
{"target": -10.297991126011741, "params": {"colsample_bytree": 0.8087366774380105, "eta": 0.08259930919267915, "gamma": 619.0168478802103, "max_depth": 9.0, "min_child_weight": 4536.187715067515, "num_boost_round": 1.0, "subsample": 0.27364048613135983}, "datetime": {"datetime": "2024-01-20 14:37:55", "elapsed": 4572.845108, "delta": 44.361609}}
{"target": -10.297913477782698, "params": {"colsample_bytree": 0.8087366774380105, "eta": 0.08259930919267915, "gamma": 619.0168478802103, "max_depth": 9.0, "min_child_weight": 4536.187715067515, "num_boost_round": 2.0, "subsample": 0.27364048613135983}, "datetime": {"datetime": "2024-01-20 14:37:55", "elapsed": 4572.849779, "delta": 0.004671}}
{"target": -10.298020824228319, "params": {"colsample_bytree": 0.8087366774380105, "eta": 0.08259930919267915, "gamma": 619.0168478802103, "max_depth": 9.0, "min_child_weight": 4536.187715067515, "num_boost_round": 3.0, "subsample": 0.27364048613135983}, "datetime": {"datetime": "2024-01-20 14:37:55", "elapsed": 4572.853713, "delta": 0.003934}}
{"target": -10.298198504695721, "params": {"colsample_bytree": 0.8087366774380105, "eta": 0.08259930919267915, "gamma": 619.0168478802103, "max_depth": 9.0, "min_child_weight": 4536.187715067515, "num_boost_round": 4.0, "subsample": 0.27364048613135983}, "datetime": {"datetime": "2024-01-20 14:37:55", "elapsed": 4572.856664, "delta": 0.002951}}
