{"target": -12.35501141897823, "params": {"colsample_bytree": 0.35766694969795654, "eta": 0.029080570118240622, "gamma": 549.3606719606123, "max_depth": 2.0, "min_child_weight": 4235.47309759774, "num_boost_round": 5.0, "subsample": 0.9045479007913418}, "datetime": {"datetime": "2024-01-20 14:32:14", "elapsed": 500.478693, "delta": 0.001135}}
{"target": -12.354289806582642, "params": {"colsample_bytree": 0.35766694969795654, "eta": 0.029080570118240622, "gamma": 549.3606719606123, "max_depth": 2.0, "min_child_weight": 4235.47309759774, "num_boost_round": 6.0, "subsample": 0.9045479007913418}, "datetime": {"datetime": "2024-01-20 14:32:14", "elapsed": 500.479823, "delta": 0.00113}}
{"target": -12.354500776387894, "params": {"colsample_bytree": 0.35766694969795654, "eta": 0.029080570118240622, "gamma": 549.3606719606123, "max_depth": 2.0, "min_child_weight": 4235.47309759774, "num_boost_round": 7.0, "subsample": 0.9045479007913418}, "datetime": {"datetime": "2024-01-20 14:32:14", "elapsed": 500.480937, "delta": 0.001114}}
{"target": -12.353794611283021, "params": {"colsample_bytree": 0.35766694969795654, "eta": 0.029080570118240622, "gamma": 549.3606719606123, "max_depth": 2.0, "min_child_weight": 4235.47309759774, "num_boost_round": 8.0, "subsample": 0.9045479007913418}, "datetime": {"datetime": "2024-01-20 14:32:14", "elapsed": 500.486736, "delta": 0.005799}}
{"target": -12.353803396503208, "params": {"colsample_bytree": 0.35766694969795654, "eta": 0.029080570118240622, "gamma": 549.3606719606123, "max_depth": 2.0, "min_child_weight": 4235.47309759774, "num_boost_round": 9.0, "subsample": 0.9045479007913418}, "datetime": {"datetime": "2024-01-20 14:32:14", "elapsed": 500.487853, "delta": 0.001117}}
{"target": -12.353231463541633, "params": {"colsample_bytree": 0.35766694969795654, "eta": 0.029080570118240622, "gamma": 549.3606719606123, "max_depth": 2.0, "min_child_weight": 4235.47309759774, "num_boost_round": 10.0, "subsample": 0.9045479007913418}, "datetime": {"datetime": "2024-01-20 14:32:14", "elapsed": 500.488963, "delta": 0.00111}}
{"target": -12.352643018042107, "params": {"colsample_bytree": 0.35766694969795654, "eta": 0.029080570118240622, "gamma": 549.3606719606123, "max_depth": 2.0, "min_child_weight": 4235.47309759774, "num_boost_round": 11.0, "subsample": 0.9045479007913418}, "datetime": {"datetime": "2024-01-20 14:32:14", "elapsed": 500.490106, "delta": 0.001143}}
{"target": -12.352020165364017, "params": {"colsample_bytree": 0.35766694969795654, "eta": 0.029080570118240622, "gamma": 549.3606719606123, "max_depth": 2.0, "min_child_weight": 4235.47309759774, "num_boost_round": 12.0, "subsample": 0.9045479007913418}, "datetime": {"datetime": "2024-01-20 14:32:14", "elapsed": 500.491219, "delta": 0.001113}}
{"target": -12.352257893260216, "params": {"colsample_bytree": 0.35766694969795654, "eta": 0.029080570118240622, "gamma": 549.3606719606123, "max_depth": 2.0, "min_child_weight": 4235.47309759774, "num_boost_round": 13.0, "subsample": 0.9045479007913418}, "datetime": {"datetime": "2024-01-20 14:32:14", "elapsed": 500.492325, "delta": 0.001106}}
{"target": -12.351699191604823, "params": {"colsample_bytree": 0.35766694969795654, "eta": 0.029080570118240622, "gamma": 549.3606719606123, "max_depth": 2.0, "min_child_weight": 4235.47309759774, "num_boost_round": 14.0, "subsample": 0.9045479007913418}, "datetime": {"datetime": "2024-01-20 14:32:14", "elapsed": 500.49345, "delta": 0.001125}}
{"target": -12.3509924850722, "params": {"colsample_bytree": 0.35766694969795654, "eta": 0.029080570118240622, "gamma": 549.3606719606123, "max_depth": 2.0, "min_child_weight": 4235.47309759774, "num_boost_round": 15.0, "subsample": 0.9045479007913418}, "datetime": {"datetime": "2024-01-20 14:32:14", "elapsed": 500.494571, "delta": 0.001121}}
{"target": -12.35046732454589, "params": {"colsample_bytree": 0.35766694969795654, "eta": 0.029080570118240622, "gamma": 549.3606719606123, "max_depth": 2.0, "min_child_weight": 4235.47309759774, "num_boost_round": 16.0, "subsample": 0.9045479007913418}, "datetime": {"datetime": "2024-01-20 14:32:14", "elapsed": 500.495679, "delta": 0.001108}}
{"target": -12.35062179712279, "params": {"colsample_bytree": 0.35766694969795654, "eta": 0.029080570118240622, "gamma": 549.3606719606123, "max_depth": 2.0, "min_child_weight": 4235.47309759774, "num_boost_round": 17.0, "subsample": 0.9045479007913418}, "datetime": {"datetime": "2024-01-20 14:32:14", "elapsed": 500.496802, "delta": 0.001123}}
{"target": -12.35057645745292, "params": {"colsample_bytree": 0.35766694969795654, "eta": 0.029080570118240622, "gamma": 549.3606719606123, "max_depth": 2.0, "min_child_weight": 4235.47309759774, "num_boost_round": 18.0, "subsample": 0.9045479007913418}, "datetime": {"datetime": "2024-01-20 14:32:14", "elapsed": 500.498038, "delta": 0.001236}}
{"target": -12.35062120689913, "params": {"colsample_bytree": 0.35766694969795654, "eta": 0.029080570118240622, "gamma": 549.3606719606123, "max_depth": 2.0, "min_child_weight": 4235.47309759774, "num_boost_round": 19.0, "subsample": 0.9045479007913418}, "datetime": {"datetime": "2024-01-20 14:32:14", "elapsed": 500.499162, "delta": 0.001124}}
{"target": -12.350152509500893, "params": {"colsample_bytree": 0.35766694969795654, "eta": 0.029080570118240622, "gamma": 549.3606719606123, "max_depth": 2.0, "min_child_weight": 4235.47309759774, "num_boost_round": 20.0, "subsample": 0.9045479007913418}, "datetime": {"datetime": "2024-01-20 14:32:14", "elapsed": 500.500357, "delta": 0.001195}}
{"target": -12.350280549290002, "params": {"colsample_bytree": 0.35766694969795654, "eta": 0.029080570118240622, "gamma": 549.3606719606123, "max_depth": 2.0, "min_child_weight": 4235.47309759774, "num_boost_round": 21.0, "subsample": 0.9045479007913418}, "datetime": {"datetime": "2024-01-20 14:32:14", "elapsed": 500.501623, "delta": 0.001266}}
{"target": -12.350351696784916, "params": {"colsample_bytree": 0.35766694969795654, "eta": 0.029080570118240622, "gamma": 549.3606719606123, "max_depth": 2.0, "min_child_weight": 4235.47309759774, "num_boost_round": 22.0, "subsample": 0.9045479007913418}, "datetime": {"datetime": "2024-01-20 14:32:14", "elapsed": 500.503038, "delta": 0.001415}}
{"target": -12.349760731508859, "params": {"colsample_bytree": 0.35766694969795654, "eta": 0.029080570118240622, "gamma": 549.3606719606123, "max_depth": 2.0, "min_child_weight": 4235.47309759774, "num_boost_round": 23.0, "subsample": 0.9045479007913418}, "datetime": {"datetime": "2024-01-20 14:32:14", "elapsed": 500.504447, "delta": 0.001409}}
{"target": -12.349934297813027, "params": {"colsample_bytree": 0.35766694969795654, "eta": 0.029080570118240622, "gamma": 549.3606719606123, "max_depth": 2.0, "min_child_weight": 4235.47309759774, "num_boost_round": 24.0, "subsample": 0.9045479007913418}, "datetime": {"datetime": "2024-01-20 14:32:14", "elapsed": 500.505765, "delta": 0.001318}}
{"target": -12.358369820834014, "params": {"colsample_bytree": 0.725440161156864, "eta": 0.008934941928286467, "gamma": 573.0767819536508, "max_depth": 5.0, "min_child_weight": 4267.625184745363, "num_boost_round": 1.0, "subsample": 0.3817749521298689}, "datetime": {"datetime": "2024-01-20 14:32:45", "elapsed": 532.203743, "delta": 31.697978}}
{"target": -12.357822621338132, "params": {"colsample_bytree": 0.725440161156864, "eta": 0.008934941928286467, "gamma": 573.0767819536508, "max_depth": 5.0, "min_child_weight": 4267.625184745363, "num_boost_round": 2.0, "subsample": 0.3817749521298689}, "datetime": {"datetime": "2024-01-20 14:32:45", "elapsed": 532.205281, "delta": 0.001538}}
{"target": -12.357320240719794, "params": {"colsample_bytree": 0.725440161156864, "eta": 0.008934941928286467, "gamma": 573.0767819536508, "max_depth": 5.0, "min_child_weight": 4267.625184745363, "num_boost_round": 3.0, "subsample": 0.3817749521298689}, "datetime": {"datetime": "2024-01-20 14:32:45", "elapsed": 532.207198, "delta": 0.001917}}
{"target": -12.357140940048303, "params": {"colsample_bytree": 0.725440161156864, "eta": 0.008934941928286467, "gamma": 573.0767819536508, "max_depth": 5.0, "min_child_weight": 4267.625184745363, "num_boost_round": 4.0, "subsample": 0.3817749521298689}, "datetime": {"datetime": "2024-01-20 14:32:45", "elapsed": 532.208626, "delta": 0.001428}}
{"target": -12.356661635289168, "params": {"colsample_bytree": 0.725440161156864, "eta": 0.008934941928286467, "gamma": 573.0767819536508, "max_depth": 5.0, "min_child_weight": 4267.625184745363, "num_boost_round": 5.0, "subsample": 0.3817749521298689}, "datetime": {"datetime": "2024-01-20 14:32:45", "elapsed": 532.210049, "delta": 0.001423}}
{"target": -12.356236744561215, "params": {"colsample_bytree": 0.725440161156864, "eta": 0.008934941928286467, "gamma": 573.0767819536508, "max_depth": 5.0, "min_child_weight": 4267.625184745363, "num_boost_round": 6.0, "subsample": 0.3817749521298689}, "datetime": {"datetime": "2024-01-20 14:32:45", "elapsed": 532.211194, "delta": 0.001145}}
{"target": -12.355815652947614, "params": {"colsample_bytree": 0.725440161156864, "eta": 0.008934941928286467, "gamma": 573.0767819536508, "max_depth": 5.0, "min_child_weight": 4267.625184745363, "num_boost_round": 7.0, "subsample": 0.3817749521298689}, "datetime": {"datetime": "2024-01-20 14:32:45", "elapsed": 532.212337, "delta": 0.001143}}
{"target": -12.355565734945412, "params": {"colsample_bytree": 0.725440161156864, "eta": 0.008934941928286467, "gamma": 573.0767819536508, "max_depth": 5.0, "min_child_weight": 4267.625184745363, "num_boost_round": 8.0, "subsample": 0.3817749521298689}, "datetime": {"datetime": "2024-01-20 14:32:45", "elapsed": 532.213535, "delta": 0.001198}}
{"target": -12.355088797960176, "params": {"colsample_bytree": 0.725440161156864, "eta": 0.008934941928286467, "gamma": 573.0767819536508, "max_depth": 5.0, "min_child_weight": 4267.625184745363, "num_boost_round": 9.0, "subsample": 0.3817749521298689}, "datetime": {"datetime": "2024-01-20 14:32:45", "elapsed": 532.21467, "delta": 0.001135}}
{"target": -12.354657073197789, "params": {"colsample_bytree": 0.725440161156864, "eta": 0.008934941928286467, "gamma": 573.0767819536508, "max_depth": 5.0, "min_child_weight": 4267.625184745363, "num_boost_round": 10.0, "subsample": 0.3817749521298689}, "datetime": {"datetime": "2024-01-20 14:32:45", "elapsed": 532.215804, "delta": 0.001134}}
{"target": -12.354423701516136, "params": {"colsample_bytree": 0.725440161156864, "eta": 0.008934941928286467, "gamma": 573.0767819536508, "max_depth": 5.0, "min_child_weight": 4267.625184745363, "num_boost_round": 11.0, "subsample": 0.3817749521298689}, "datetime": {"datetime": "2024-01-20 14:32:45", "elapsed": 532.216964, "delta": 0.00116}}
{"target": -12.354014448962925, "params": {"colsample_bytree": 0.725440161156864, "eta": 0.008934941928286467, "gamma": 573.0767819536508, "max_depth": 5.0, "min_child_weight": 4267.625184745363, "num_boost_round": 12.0, "subsample": 0.3817749521298689}, "datetime": {"datetime": "2024-01-20 14:32:45", "elapsed": 532.218351, "delta": 0.001387}}
{"target": -12.353594506530996, "params": {"colsample_bytree": 0.725440161156864, "eta": 0.008934941928286467, "gamma": 573.0767819536508, "max_depth": 5.0, "min_child_weight": 4267.625184745363, "num_boost_round": 13.0, "subsample": 0.3817749521298689}, "datetime": {"datetime": "2024-01-20 14:32:45", "elapsed": 532.219609, "delta": 0.001258}}
{"target": -12.35322983421855, "params": {"colsample_bytree": 0.725440161156864, "eta": 0.008934941928286467, "gamma": 573.0767819536508, "max_depth": 5.0, "min_child_weight": 4267.625184745363, "num_boost_round": 14.0, "subsample": 0.3817749521298689}, "datetime": {"datetime": "2024-01-20 14:32:45", "elapsed": 532.220855, "delta": 0.001246}}
{"target": -12.352854069053961, "params": {"colsample_bytree": 0.725440161156864, "eta": 0.008934941928286467, "gamma": 573.0767819536508, "max_depth": 5.0, "min_child_weight": 4267.625184745363, "num_boost_round": 15.0, "subsample": 0.3817749521298689}, "datetime": {"datetime": "2024-01-20 14:32:45", "elapsed": 532.222101, "delta": 0.001246}}
{"target": -12.352446040420702, "params": {"colsample_bytree": 0.725440161156864, "eta": 0.008934941928286467, "gamma": 573.0767819536508, "max_depth": 5.0, "min_child_weight": 4267.625184745363, "num_boost_round": 16.0, "subsample": 0.3817749521298689}, "datetime": {"datetime": "2024-01-20 14:32:45", "elapsed": 532.223353, "delta": 0.001252}}
{"target": -12.352253095743905, "params": {"colsample_bytree": 0.725440161156864, "eta": 0.008934941928286467, "gamma": 573.0767819536508, "max_depth": 5.0, "min_child_weight": 4267.625184745363, "num_boost_round": 17.0, "subsample": 0.3817749521298689}, "datetime": {"datetime": "2024-01-20 14:32:45", "elapsed": 532.224513, "delta": 0.00116}}
{"target": -12.352045800803824, "params": {"colsample_bytree": 0.725440161156864, "eta": 0.008934941928286467, "gamma": 573.0767819536508, "max_depth": 5.0, "min_child_weight": 4267.625184745363, "num_boost_round": 18.0, "subsample": 0.3817749521298689}, "datetime": {"datetime": "2024-01-20 14:32:45", "elapsed": 532.22565, "delta": 0.001137}}
{"target": -12.352035661745866, "params": {"colsample_bytree": 0.725440161156864, "eta": 0.008934941928286467, "gamma": 573.0767819536508, "max_depth": 5.0, "min_child_weight": 4267.625184745363, "num_boost_round": 19.0, "subsample": 0.3817749521298689}, "datetime": {"datetime": "2024-01-20 14:32:45", "elapsed": 532.226789, "delta": 0.001139}}
{"target": -12.351869955715369, "params": {"colsample_bytree": 0.725440161156864, "eta": 0.008934941928286467, "gamma": 573.0767819536508, "max_depth": 5.0, "min_child_weight": 4267.625184745363, "num_boost_round": 20.0, "subsample": 0.3817749521298689}, "datetime": {"datetime": "2024-01-20 14:32:45", "elapsed": 532.227931, "delta": 0.001142}}
{"target": -12.351711811172413, "params": {"colsample_bytree": 0.725440161156864, "eta": 0.008934941928286467, "gamma": 573.0767819536508, "max_depth": 5.0, "min_child_weight": 4267.625184745363, "num_boost_round": 21.0, "subsample": 0.3817749521298689}, "datetime": {"datetime": "2024-01-20 14:32:45", "elapsed": 532.229076, "delta": 0.001145}}
{"target": -12.351541740408427, "params": {"colsample_bytree": 0.725440161156864, "eta": 0.008934941928286467, "gamma": 573.0767819536508, "max_depth": 5.0, "min_child_weight": 4267.625184745363, "num_boost_round": 22.0, "subsample": 0.3817749521298689}, "datetime": {"datetime": "2024-01-20 14:32:45", "elapsed": 532.230219, "delta": 0.001143}}
{"target": -12.351319216787266, "params": {"colsample_bytree": 0.725440161156864, "eta": 0.008934941928286467, "gamma": 573.0767819536508, "max_depth": 5.0, "min_child_weight": 4267.625184745363, "num_boost_round": 23.0, "subsample": 0.3817749521298689}, "datetime": {"datetime": "2024-01-20 14:32:45", "elapsed": 532.231367, "delta": 0.001148}}
{"target": -12.351350462159182, "params": {"colsample_bytree": 0.725440161156864, "eta": 0.008934941928286467, "gamma": 573.0767819536508, "max_depth": 5.0, "min_child_weight": 4267.625184745363, "num_boost_round": 24.0, "subsample": 0.3817749521298689}, "datetime": {"datetime": "2024-01-20 14:32:45", "elapsed": 532.232515, "delta": 0.001148}}
{"target": -12.351011133701006, "params": {"colsample_bytree": 0.725440161156864, "eta": 0.008934941928286467, "gamma": 573.0767819536508, "max_depth": 5.0, "min_child_weight": 4267.625184745363, "num_boost_round": 25.0, "subsample": 0.3817749521298689}, "datetime": {"datetime": "2024-01-20 14:32:45", "elapsed": 532.233659, "delta": 0.001144}}
{"target": -12.350854787226169, "params": {"colsample_bytree": 0.725440161156864, "eta": 0.008934941928286467, "gamma": 573.0767819536508, "max_depth": 5.0, "min_child_weight": 4267.625184745363, "num_boost_round": 26.0, "subsample": 0.3817749521298689}, "datetime": {"datetime": "2024-01-20 14:32:45", "elapsed": 532.234812, "delta": 0.001153}}
{"target": -12.350685666123312, "params": {"colsample_bytree": 0.725440161156864, "eta": 0.008934941928286467, "gamma": 573.0767819536508, "max_depth": 5.0, "min_child_weight": 4267.625184745363, "num_boost_round": 27.0, "subsample": 0.3817749521298689}, "datetime": {"datetime": "2024-01-20 14:32:45", "elapsed": 532.235966, "delta": 0.001154}}
{"target": -12.350298363524793, "params": {"colsample_bytree": 0.725440161156864, "eta": 0.008934941928286467, "gamma": 573.0767819536508, "max_depth": 5.0, "min_child_weight": 4267.625184745363, "num_boost_round": 28.0, "subsample": 0.3817749521298689}, "datetime": {"datetime": "2024-01-20 14:32:45", "elapsed": 532.237126, "delta": 0.00116}}
{"target": -12.349911762015083, "params": {"colsample_bytree": 0.725440161156864, "eta": 0.008934941928286467, "gamma": 573.0767819536508, "max_depth": 5.0, "min_child_weight": 4267.625184745363, "num_boost_round": 29.0, "subsample": 0.3817749521298689}, "datetime": {"datetime": "2024-01-20 14:32:45", "elapsed": 532.238406, "delta": 0.00128}}
{"target": -12.34972820778858, "params": {"colsample_bytree": 0.725440161156864, "eta": 0.008934941928286467, "gamma": 573.0767819536508, "max_depth": 5.0, "min_child_weight": 4267.625184745363, "num_boost_round": 30.0, "subsample": 0.3817749521298689}, "datetime": {"datetime": "2024-01-20 14:32:45", "elapsed": 532.239564, "delta": 0.001158}}
{"target": -12.349395190130402, "params": {"colsample_bytree": 0.725440161156864, "eta": 0.008934941928286467, "gamma": 573.0767819536508, "max_depth": 5.0, "min_child_weight": 4267.625184745363, "num_boost_round": 31.0, "subsample": 0.3817749521298689}, "datetime": {"datetime": "2024-01-20 14:32:45", "elapsed": 532.24072, "delta": 0.001156}}
{"target": -12.349166134425309, "params": {"colsample_bytree": 0.725440161156864, "eta": 0.008934941928286467, "gamma": 573.0767819536508, "max_depth": 5.0, "min_child_weight": 4267.625184745363, "num_boost_round": 32.0, "subsample": 0.3817749521298689}, "datetime": {"datetime": "2024-01-20 14:32:45", "elapsed": 532.241909, "delta": 0.001189}}
{"target": -12.34918675791574, "params": {"colsample_bytree": 0.725440161156864, "eta": 0.008934941928286467, "gamma": 573.0767819536508, "max_depth": 5.0, "min_child_weight": 4267.625184745363, "num_boost_round": 33.0, "subsample": 0.3817749521298689}, "datetime": {"datetime": "2024-01-20 14:32:45", "elapsed": 532.243065, "delta": 0.001156}}
{"target": -12.349097470493128, "params": {"colsample_bytree": 0.725440161156864, "eta": 0.008934941928286467, "gamma": 573.0767819536508, "max_depth": 5.0, "min_child_weight": 4267.625184745363, "num_boost_round": 34.0, "subsample": 0.3817749521298689}, "datetime": {"datetime": "2024-01-20 14:32:45", "elapsed": 532.244231, "delta": 0.001166}}
{"target": -12.348963793362525, "params": {"colsample_bytree": 0.725440161156864, "eta": 0.008934941928286467, "gamma": 573.0767819536508, "max_depth": 5.0, "min_child_weight": 4267.625184745363, "num_boost_round": 35.0, "subsample": 0.3817749521298689}, "datetime": {"datetime": "2024-01-20 14:32:45", "elapsed": 532.245403, "delta": 0.001172}}
{"target": -12.348847567306022, "params": {"colsample_bytree": 0.725440161156864, "eta": 0.008934941928286467, "gamma": 573.0767819536508, "max_depth": 5.0, "min_child_weight": 4267.625184745363, "num_boost_round": 36.0, "subsample": 0.3817749521298689}, "datetime": {"datetime": "2024-01-20 14:32:45", "elapsed": 532.246569, "delta": 0.001166}}
{"target": -12.34875361285474, "params": {"colsample_bytree": 0.725440161156864, "eta": 0.008934941928286467, "gamma": 573.0767819536508, "max_depth": 5.0, "min_child_weight": 4267.625184745363, "num_boost_round": 37.0, "subsample": 0.3817749521298689}, "datetime": {"datetime": "2024-01-20 14:32:45", "elapsed": 532.247724, "delta": 0.001155}}
{"target": -12.348657311815852, "params": {"colsample_bytree": 0.725440161156864, "eta": 0.008934941928286467, "gamma": 573.0767819536508, "max_depth": 5.0, "min_child_weight": 4267.625184745363, "num_boost_round": 38.0, "subsample": 0.3817749521298689}, "datetime": {"datetime": "2024-01-20 14:32:45", "elapsed": 532.2489, "delta": 0.001176}}
{"target": -12.34868294170382, "params": {"colsample_bytree": 0.725440161156864, "eta": 0.008934941928286467, "gamma": 573.0767819536508, "max_depth": 5.0, "min_child_weight": 4267.625184745363, "num_boost_round": 39.0, "subsample": 0.3817749521298689}, "datetime": {"datetime": "2024-01-20 14:32:45", "elapsed": 532.250077, "delta": 0.001177}}
{"target": -12.34852198682093, "params": {"colsample_bytree": 0.725440161156864, "eta": 0.008934941928286467, "gamma": 573.0767819536508, "max_depth": 5.0, "min_child_weight": 4267.625184745363, "num_boost_round": 40.0, "subsample": 0.3817749521298689}, "datetime": {"datetime": "2024-01-20 14:32:45", "elapsed": 532.251241, "delta": 0.001164}}
{"target": -12.34826095337814, "params": {"colsample_bytree": 0.725440161156864, "eta": 0.008934941928286467, "gamma": 573.0767819536508, "max_depth": 5.0, "min_child_weight": 4267.625184745363, "num_boost_round": 41.0, "subsample": 0.3817749521298689}, "datetime": {"datetime": "2024-01-20 14:32:45", "elapsed": 532.252402, "delta": 0.001161}}
{"target": -12.358983224311496, "params": {"colsample_bytree": 0.15473348927302805, "eta": 0.05587155537024568, "gamma": 599.1595559453643, "max_depth": 9.0, "min_child_weight": 4227.602215184823, "num_boost_round": 1.0, "subsample": 0.2739305049775427}, "datetime": {"datetime": "2024-01-20 14:33:16", "elapsed": 563.132709, "delta": 30.880307}}
{"target": -12.358113000165693, "params": {"colsample_bytree": 0.15473348927302805, "eta": 0.05587155537024568, "gamma": 599.1595559453643, "max_depth": 9.0, "min_child_weight": 4227.602215184823, "num_boost_round": 2.0, "subsample": 0.2739305049775427}, "datetime": {"datetime": "2024-01-20 14:33:16", "elapsed": 563.13464, "delta": 0.001931}}
