{"target": -13.408483530305322, "params": {"colsample_bytree": 0.34792284531592843, "eta": 0.08640296595979045, "gamma": 818.2206162480638, "max_depth": 2.0, "min_child_weight": 3765.735023398118, "num_boost_round": 48.0, "subsample": 0.3125008851434474}, "datetime": {"datetime": "2024-01-20 14:44:31", "elapsed": 1206.175754, "delta": 0.001408}}
{"target": -13.40845787452325, "params": {"colsample_bytree": 0.34792284531592843, "eta": 0.08640296595979045, "gamma": 818.2206162480638, "max_depth": 2.0, "min_child_weight": 3765.735023398118, "num_boost_round": 49.0, "subsample": 0.3125008851434474}, "datetime": {"datetime": "2024-01-20 14:44:31", "elapsed": 1206.177164, "delta": 0.00141}}
{"target": -13.408322283115846, "params": {"colsample_bytree": 0.34792284531592843, "eta": 0.08640296595979045, "gamma": 818.2206162480638, "max_depth": 2.0, "min_child_weight": 3765.735023398118, "num_boost_round": 50.0, "subsample": 0.3125008851434474}, "datetime": {"datetime": "2024-01-20 14:44:31", "elapsed": 1206.178893, "delta": 0.001729}}
{"target": -13.408582322825005, "params": {"colsample_bytree": 0.34792284531592843, "eta": 0.08640296595979045, "gamma": 818.2206162480638, "max_depth": 2.0, "min_child_weight": 3765.735023398118, "num_boost_round": 51.0, "subsample": 0.3125008851434474}, "datetime": {"datetime": "2024-01-20 14:44:31", "elapsed": 1206.180373, "delta": 0.00148}}
{"target": -13.3975371109047, "params": {"colsample_bytree": 0.5788030778302375, "eta": 0.0692779454290957, "gamma": 768.9538835741938, "max_depth": 3.0, "min_child_weight": 3826.2815209148735, "num_boost_round": 1.0, "subsample": 0.39284986876065253}, "datetime": {"datetime": "2024-01-20 14:44:56", "elapsed": 1231.091395, "delta": 24.911022}}
{"target": -13.397698767026561, "params": {"colsample_bytree": 0.5788030778302375, "eta": 0.0692779454290957, "gamma": 768.9538835741938, "max_depth": 3.0, "min_child_weight": 3826.2815209148735, "num_boost_round": 2.0, "subsample": 0.39284986876065253}, "datetime": {"datetime": "2024-01-20 14:44:56", "elapsed": 1231.093896, "delta": 0.002501}}
{"target": -13.398041621271986, "params": {"colsample_bytree": 0.5788030778302375, "eta": 0.0692779454290957, "gamma": 768.9538835741938, "max_depth": 3.0, "min_child_weight": 3826.2815209148735, "num_boost_round": 3.0, "subsample": 0.39284986876065253}, "datetime": {"datetime": "2024-01-20 14:44:56", "elapsed": 1231.095703, "delta": 0.001807}}
{"target": -13.398187522811462, "params": {"colsample_bytree": 0.5788030778302375, "eta": 0.0692779454290957, "gamma": 768.9538835741938, "max_depth": 3.0, "min_child_weight": 3826.2815209148735, "num_boost_round": 4.0, "subsample": 0.39284986876065253}, "datetime": {"datetime": "2024-01-20 14:44:56", "elapsed": 1231.097146, "delta": 0.001443}}
{"target": -13.398278301820199, "params": {"colsample_bytree": 0.5788030778302375, "eta": 0.0692779454290957, "gamma": 768.9538835741938, "max_depth": 3.0, "min_child_weight": 3826.2815209148735, "num_boost_round": 5.0, "subsample": 0.39284986876065253}, "datetime": {"datetime": "2024-01-20 14:44:56", "elapsed": 1231.098944, "delta": 0.001798}}
{"target": -13.398242845855435, "params": {"colsample_bytree": 0.5788030778302375, "eta": 0.0692779454290957, "gamma": 768.9538835741938, "max_depth": 3.0, "min_child_weight": 3826.2815209148735, "num_boost_round": 6.0, "subsample": 0.39284986876065253}, "datetime": {"datetime": "2024-01-20 14:44:56", "elapsed": 1231.100443, "delta": 0.001499}}
{"target": -13.398645888995997, "params": {"colsample_bytree": 0.5788030778302375, "eta": 0.0692779454290957, "gamma": 768.9538835741938, "max_depth": 3.0, "min_child_weight": 3826.2815209148735, "num_boost_round": 7.0, "subsample": 0.39284986876065253}, "datetime": {"datetime": "2024-01-20 14:44:56", "elapsed": 1231.101882, "delta": 0.001439}}
{"target": -13.399046845432693, "params": {"colsample_bytree": 0.5788030778302375, "eta": 0.0692779454290957, "gamma": 768.9538835741938, "max_depth": 3.0, "min_child_weight": 3826.2815209148735, "num_boost_round": 8.0, "subsample": 0.39284986876065253}, "datetime": {"datetime": "2024-01-20 14:44:56", "elapsed": 1231.103332, "delta": 0.00145}}
{"target": -13.399620806891814, "params": {"colsample_bytree": 0.5788030778302375, "eta": 0.0692779454290957, "gamma": 768.9538835741938, "max_depth": 3.0, "min_child_weight": 3826.2815209148735, "num_boost_round": 9.0, "subsample": 0.39284986876065253}, "datetime": {"datetime": "2024-01-20 14:44:56", "elapsed": 1231.104761, "delta": 0.001429}}
{"target": -13.399642711430175, "params": {"colsample_bytree": 0.5788030778302375, "eta": 0.0692779454290957, "gamma": 768.9538835741938, "max_depth": 3.0, "min_child_weight": 3826.2815209148735, "num_boost_round": 10.0, "subsample": 0.39284986876065253}, "datetime": {"datetime": "2024-01-20 14:44:56", "elapsed": 1231.106166, "delta": 0.001405}}
{"target": -13.400114638794518, "params": {"colsample_bytree": 0.5788030778302375, "eta": 0.0692779454290957, "gamma": 768.9538835741938, "max_depth": 3.0, "min_child_weight": 3826.2815209148735, "num_boost_round": 11.0, "subsample": 0.39284986876065253}, "datetime": {"datetime": "2024-01-20 14:44:56", "elapsed": 1231.107621, "delta": 0.001455}}
{"target": -13.400948610325479, "params": {"colsample_bytree": 0.5788030778302375, "eta": 0.0692779454290957, "gamma": 768.9538835741938, "max_depth": 3.0, "min_child_weight": 3826.2815209148735, "num_boost_round": 12.0, "subsample": 0.39284986876065253}, "datetime": {"datetime": "2024-01-20 14:44:56", "elapsed": 1231.109133, "delta": 0.001512}}
{"target": -13.401054045298498, "params": {"colsample_bytree": 0.5788030778302375, "eta": 0.0692779454290957, "gamma": 768.9538835741938, "max_depth": 3.0, "min_child_weight": 3826.2815209148735, "num_boost_round": 13.0, "subsample": 0.39284986876065253}, "datetime": {"datetime": "2024-01-20 14:44:56", "elapsed": 1231.110586, "delta": 0.001453}}
{"target": -13.40105951556199, "params": {"colsample_bytree": 0.5788030778302375, "eta": 0.0692779454290957, "gamma": 768.9538835741938, "max_depth": 3.0, "min_child_weight": 3826.2815209148735, "num_boost_round": 14.0, "subsample": 0.39284986876065253}, "datetime": {"datetime": "2024-01-20 14:44:56", "elapsed": 1231.112084, "delta": 0.001498}}
{"target": -13.401580480835, "params": {"colsample_bytree": 0.5788030778302375, "eta": 0.0692779454290957, "gamma": 768.9538835741938, "max_depth": 3.0, "min_child_weight": 3826.2815209148735, "num_boost_round": 15.0, "subsample": 0.39284986876065253}, "datetime": {"datetime": "2024-01-20 14:44:56", "elapsed": 1231.113566, "delta": 0.001482}}
{"target": -13.401797262981999, "params": {"colsample_bytree": 0.5788030778302375, "eta": 0.0692779454290957, "gamma": 768.9538835741938, "max_depth": 3.0, "min_child_weight": 3826.2815209148735, "num_boost_round": 16.0, "subsample": 0.39284986876065253}, "datetime": {"datetime": "2024-01-20 14:44:56", "elapsed": 1231.115043, "delta": 0.001477}}
{"target": -13.397617890132803, "params": {"colsample_bytree": 0.3717787021576686, "eta": 0.078349173503726, "gamma": 783.9223639451709, "max_depth": 7.0, "min_child_weight": 3664.1684521609764, "num_boost_round": 1.0, "subsample": 0.40948357381923295}, "datetime": {"datetime": "2024-01-20 14:45:13", "elapsed": 1248.565254, "delta": 17.450211}}
{"target": -13.397442963690132, "params": {"colsample_bytree": 0.3717787021576686, "eta": 0.078349173503726, "gamma": 783.9223639451709, "max_depth": 7.0, "min_child_weight": 3664.1684521609764, "num_boost_round": 2.0, "subsample": 0.40948357381923295}, "datetime": {"datetime": "2024-01-20 14:45:13", "elapsed": 1248.568414, "delta": 0.00316}}
{"target": -13.397812236685334, "params": {"colsample_bytree": 0.3717787021576686, "eta": 0.078349173503726, "gamma": 783.9223639451709, "max_depth": 7.0, "min_child_weight": 3664.1684521609764, "num_boost_round": 3.0, "subsample": 0.40948357381923295}, "datetime": {"datetime": "2024-01-20 14:45:13", "elapsed": 1248.570137, "delta": 0.001723}}
{"target": -13.39874029091767, "params": {"colsample_bytree": 0.3717787021576686, "eta": 0.078349173503726, "gamma": 783.9223639451709, "max_depth": 7.0, "min_child_weight": 3664.1684521609764, "num_boost_round": 4.0, "subsample": 0.40948357381923295}, "datetime": {"datetime": "2024-01-20 14:45:13", "elapsed": 1248.571664, "delta": 0.001527}}
{"target": -13.397306991561154, "params": {"colsample_bytree": 0.8190449635836021, "eta": 0.05341026615209997, "gamma": 872.646070595178, "max_depth": 7.0, "min_child_weight": 3655.580109700778, "num_boost_round": 1.0, "subsample": 0.25804710724259095}, "datetime": {"datetime": "2024-01-20 14:45:31", "elapsed": 1266.381894, "delta": 17.81023}}
{"target": -13.397017759102155, "params": {"colsample_bytree": 0.8190449635836021, "eta": 0.05341026615209997, "gamma": 872.646070595178, "max_depth": 7.0, "min_child_weight": 3655.580109700778, "num_boost_round": 2.0, "subsample": 0.25804710724259095}, "datetime": {"datetime": "2024-01-20 14:45:31", "elapsed": 1266.384394, "delta": 0.0025}}
{"target": -13.397754696706254, "params": {"colsample_bytree": 0.9434336336982151, "eta": 0.0022483282785633837, "gamma": 938.536846452445, "max_depth": 4.0, "min_child_weight": 3602.112750441716, "num_boost_round": 1.0, "subsample": 0.2680722741805985}, "datetime": {"datetime": "2024-01-20 14:46:08", "elapsed": 1303.644948, "delta": 37.260554}}
{"target": -13.397731607384387, "params": {"colsample_bytree": 0.9434336336982151, "eta": 0.0022483282785633837, "gamma": 938.536846452445, "max_depth": 4.0, "min_child_weight": 3602.112750441716, "num_boost_round": 2.0, "subsample": 0.2680722741805985}, "datetime": {"datetime": "2024-01-20 14:46:08", "elapsed": 1303.648602, "delta": 0.003654}}
{"target": -13.397719697745988, "params": {"colsample_bytree": 0.9434336336982151, "eta": 0.0022483282785633837, "gamma": 938.536846452445, "max_depth": 4.0, "min_child_weight": 3602.112750441716, "num_boost_round": 3.0, "subsample": 0.2680722741805985}, "datetime": {"datetime": "2024-01-20 14:46:08", "elapsed": 1303.65038, "delta": 0.001778}}
{"target": -13.397700929941788, "params": {"colsample_bytree": 0.9434336336982151, "eta": 0.0022483282785633837, "gamma": 938.536846452445, "max_depth": 4.0, "min_child_weight": 3602.112750441716, "num_boost_round": 4.0, "subsample": 0.2680722741805985}, "datetime": {"datetime": "2024-01-20 14:46:09", "elapsed": 1303.651874, "delta": 0.001494}}
{"target": -13.397680641991219, "params": {"colsample_bytree": 0.9434336336982151, "eta": 0.0022483282785633837, "gamma": 938.536846452445, "max_depth": 4.0, "min_child_weight": 3602.112750441716, "num_boost_round": 5.0, "subsample": 0.2680722741805985}, "datetime": {"datetime": "2024-01-20 14:46:09", "elapsed": 1303.653378, "delta": 0.001504}}
{"target": -13.397668545476364, "params": {"colsample_bytree": 0.9434336336982151, "eta": 0.0022483282785633837, "gamma": 938.536846452445, "max_depth": 4.0, "min_child_weight": 3602.112750441716, "num_boost_round": 6.0, "subsample": 0.2680722741805985}, "datetime": {"datetime": "2024-01-20 14:46:09", "elapsed": 1303.654926, "delta": 0.001548}}
{"target": -13.3976418624205, "params": {"colsample_bytree": 0.9434336336982151, "eta": 0.0022483282785633837, "gamma": 938.536846452445, "max_depth": 4.0, "min_child_weight": 3602.112750441716, "num_boost_round": 7.0, "subsample": 0.2680722741805985}, "datetime": {"datetime": "2024-01-20 14:46:09", "elapsed": 1303.922614, "delta": 0.267688}}
{"target": -13.397638296912383, "params": {"colsample_bytree": 0.9434336336982151, "eta": 0.0022483282785633837, "gamma": 938.536846452445, "max_depth": 4.0, "min_child_weight": 3602.112750441716, "num_boost_round": 8.0, "subsample": 0.2680722741805985}, "datetime": {"datetime": "2024-01-20 14:46:09", "elapsed": 1303.924507, "delta": 0.001893}}
{"target": -13.397628893216986, "params": {"colsample_bytree": 0.9434336336982151, "eta": 0.0022483282785633837, "gamma": 938.536846452445, "max_depth": 4.0, "min_child_weight": 3602.112750441716, "num_boost_round": 9.0, "subsample": 0.2680722741805985}, "datetime": {"datetime": "2024-01-20 14:46:09", "elapsed": 1303.926225, "delta": 0.001718}}
{"target": -13.397608017794603, "params": {"colsample_bytree": 0.9434336336982151, "eta": 0.0022483282785633837, "gamma": 938.536846452445, "max_depth": 4.0, "min_child_weight": 3602.112750441716, "num_boost_round": 10.0, "subsample": 0.2680722741805985}, "datetime": {"datetime": "2024-01-20 14:46:09", "elapsed": 1303.927954, "delta": 0.001729}}
{"target": -13.397602274794487, "params": {"colsample_bytree": 0.9434336336982151, "eta": 0.0022483282785633837, "gamma": 938.536846452445, "max_depth": 4.0, "min_child_weight": 3602.112750441716, "num_boost_round": 11.0, "subsample": 0.2680722741805985}, "datetime": {"datetime": "2024-01-20 14:46:09", "elapsed": 1303.929567, "delta": 0.001613}}
{"target": -13.39758313416431, "params": {"colsample_bytree": 0.9434336336982151, "eta": 0.0022483282785633837, "gamma": 938.536846452445, "max_depth": 4.0, "min_child_weight": 3602.112750441716, "num_boost_round": 12.0, "subsample": 0.2680722741805985}, "datetime": {"datetime": "2024-01-20 14:46:09", "elapsed": 1303.931107, "delta": 0.00154}}
{"target": -13.397567531406423, "params": {"colsample_bytree": 0.9434336336982151, "eta": 0.0022483282785633837, "gamma": 938.536846452445, "max_depth": 4.0, "min_child_weight": 3602.112750441716, "num_boost_round": 13.0, "subsample": 0.2680722741805985}, "datetime": {"datetime": "2024-01-20 14:46:09", "elapsed": 1303.932678, "delta": 0.001571}}
{"target": -13.39756591583242, "params": {"colsample_bytree": 0.9434336336982151, "eta": 0.0022483282785633837, "gamma": 938.536846452445, "max_depth": 4.0, "min_child_weight": 3602.112750441716, "num_boost_round": 14.0, "subsample": 0.2680722741805985}, "datetime": {"datetime": "2024-01-20 14:46:09", "elapsed": 1303.934395, "delta": 0.001717}}
{"target": -13.397551873285614, "params": {"colsample_bytree": 0.9434336336982151, "eta": 0.0022483282785633837, "gamma": 938.536846452445, "max_depth": 4.0, "min_child_weight": 3602.112750441716, "num_boost_round": 15.0, "subsample": 0.2680722741805985}, "datetime": {"datetime": "2024-01-20 14:46:09", "elapsed": 1303.936008, "delta": 0.001613}}
{"target": -13.397539883513236, "params": {"colsample_bytree": 0.9434336336982151, "eta": 0.0022483282785633837, "gamma": 938.536846452445, "max_depth": 4.0, "min_child_weight": 3602.112750441716, "num_boost_round": 16.0, "subsample": 0.2680722741805985}, "datetime": {"datetime": "2024-01-20 14:46:09", "elapsed": 1303.93759, "delta": 0.001582}}
{"target": -13.397538791335428, "params": {"colsample_bytree": 0.9434336336982151, "eta": 0.0022483282785633837, "gamma": 938.536846452445, "max_depth": 4.0, "min_child_weight": 3602.112750441716, "num_boost_round": 17.0, "subsample": 0.2680722741805985}, "datetime": {"datetime": "2024-01-20 14:46:09", "elapsed": 1303.939175, "delta": 0.001585}}
{"target": -13.397538373481481, "params": {"colsample_bytree": 0.9434336336982151, "eta": 0.0022483282785633837, "gamma": 938.536846452445, "max_depth": 4.0, "min_child_weight": 3602.112750441716, "num_boost_round": 18.0, "subsample": 0.2680722741805985}, "datetime": {"datetime": "2024-01-20 14:46:09", "elapsed": 1303.94078, "delta": 0.001605}}
{"target": -13.397525818145258, "params": {"colsample_bytree": 0.9434336336982151, "eta": 0.0022483282785633837, "gamma": 938.536846452445, "max_depth": 4.0, "min_child_weight": 3602.112750441716, "num_boost_round": 19.0, "subsample": 0.2680722741805985}, "datetime": {"datetime": "2024-01-20 14:46:09", "elapsed": 1303.942415, "delta": 0.001635}}
{"target": -13.397514767244, "params": {"colsample_bytree": 0.9434336336982151, "eta": 0.0022483282785633837, "gamma": 938.536846452445, "max_depth": 4.0, "min_child_weight": 3602.112750441716, "num_boost_round": 20.0, "subsample": 0.2680722741805985}, "datetime": {"datetime": "2024-01-20 14:46:09", "elapsed": 1303.9441, "delta": 0.001685}}
{"target": -13.397519353802254, "params": {"colsample_bytree": 0.9434336336982151, "eta": 0.0022483282785633837, "gamma": 938.536846452445, "max_depth": 4.0, "min_child_weight": 3602.112750441716, "num_boost_round": 21.0, "subsample": 0.2680722741805985}, "datetime": {"datetime": "2024-01-20 14:46:09", "elapsed": 1303.945806, "delta": 0.001706}}
{"target": -13.397491225013958, "params": {"colsample_bytree": 0.9434336336982151, "eta": 0.0022483282785633837, "gamma": 938.536846452445, "max_depth": 4.0, "min_child_weight": 3602.112750441716, "num_boost_round": 22.0, "subsample": 0.2680722741805985}, "datetime": {"datetime": "2024-01-20 14:46:09", "elapsed": 1303.947415, "delta": 0.001609}}
{"target": -13.397483147788382, "params": {"colsample_bytree": 0.9434336336982151, "eta": 0.0022483282785633837, "gamma": 938.536846452445, "max_depth": 4.0, "min_child_weight": 3602.112750441716, "num_boost_round": 23.0, "subsample": 0.2680722741805985}, "datetime": {"datetime": "2024-01-20 14:46:09", "elapsed": 1303.949135, "delta": 0.00172}}
{"target": -13.397475562810707, "params": {"colsample_bytree": 0.9434336336982151, "eta": 0.0022483282785633837, "gamma": 938.536846452445, "max_depth": 4.0, "min_child_weight": 3602.112750441716, "num_boost_round": 24.0, "subsample": 0.2680722741805985}, "datetime": {"datetime": "2024-01-20 14:46:09", "elapsed": 1303.95074, "delta": 0.001605}}
{"target": -13.397462358409879, "params": {"colsample_bytree": 0.9434336336982151, "eta": 0.0022483282785633837, "gamma": 938.536846452445, "max_depth": 4.0, "min_child_weight": 3602.112750441716, "num_boost_round": 25.0, "subsample": 0.2680722741805985}, "datetime": {"datetime": "2024-01-20 14:46:09", "elapsed": 1303.95237, "delta": 0.00163}}
{"target": -13.397459814157457, "params": {"colsample_bytree": 0.9434336336982151, "eta": 0.0022483282785633837, "gamma": 938.536846452445, "max_depth": 4.0, "min_child_weight": 3602.112750441716, "num_boost_round": 26.0, "subsample": 0.2680722741805985}, "datetime": {"datetime": "2024-01-20 14:46:09", "elapsed": 1303.954013, "delta": 0.001643}}
{"target": -13.39746299741521, "params": {"colsample_bytree": 0.9434336336982151, "eta": 0.0022483282785633837, "gamma": 938.536846452445, "max_depth": 4.0, "min_child_weight": 3602.112750441716, "num_boost_round": 27.0, "subsample": 0.2680722741805985}, "datetime": {"datetime": "2024-01-20 14:46:09", "elapsed": 1303.955693, "delta": 0.00168}}
{"target": -13.397456861504601, "params": {"colsample_bytree": 0.9434336336982151, "eta": 0.0022483282785633837, "gamma": 938.536846452445, "max_depth": 4.0, "min_child_weight": 3602.112750441716, "num_boost_round": 28.0, "subsample": 0.2680722741805985}, "datetime": {"datetime": "2024-01-20 14:46:09", "elapsed": 1303.95758, "delta": 0.001887}}
{"target": -13.39744474445098, "params": {"colsample_bytree": 0.9434336336982151, "eta": 0.0022483282785633837, "gamma": 938.536846452445, "max_depth": 4.0, "min_child_weight": 3602.112750441716, "num_boost_round": 29.0, "subsample": 0.2680722741805985}, "datetime": {"datetime": "2024-01-20 14:46:09", "elapsed": 1303.960114, "delta": 0.002534}}
{"target": -13.397440500309447, "params": {"colsample_bytree": 0.9434336336982151, "eta": 0.0022483282785633837, "gamma": 938.536846452445, "max_depth": 4.0, "min_child_weight": 3602.112750441716, "num_boost_round": 30.0, "subsample": 0.2680722741805985}, "datetime": {"datetime": "2024-01-20 14:46:09", "elapsed": 1303.962568, "delta": 0.002454}}
{"target": -13.397435902864217, "params": {"colsample_bytree": 0.9434336336982151, "eta": 0.0022483282785633837, "gamma": 938.536846452445, "max_depth": 4.0, "min_child_weight": 3602.112750441716, "num_boost_round": 31.0, "subsample": 0.2680722741805985}, "datetime": {"datetime": "2024-01-20 14:46:09", "elapsed": 1303.964583, "delta": 0.002015}}
{"target": -13.397425915471187, "params": {"colsample_bytree": 0.9434336336982151, "eta": 0.0022483282785633837, "gamma": 938.536846452445, "max_depth": 4.0, "min_child_weight": 3602.112750441716, "num_boost_round": 32.0, "subsample": 0.2680722741805985}, "datetime": {"datetime": "2024-01-20 14:46:09", "elapsed": 1303.967344, "delta": 0.002761}}
{"target": -13.397414068434395, "params": {"colsample_bytree": 0.9434336336982151, "eta": 0.0022483282785633837, "gamma": 938.536846452445, "max_depth": 4.0, "min_child_weight": 3602.112750441716, "num_boost_round": 33.0, "subsample": 0.2680722741805985}, "datetime": {"datetime": "2024-01-20 14:46:09", "elapsed": 1303.969688, "delta": 0.002344}}
{"target": -13.397419817075331, "params": {"colsample_bytree": 0.9434336336982151, "eta": 0.0022483282785633837, "gamma": 938.536846452445, "max_depth": 4.0, "min_child_weight": 3602.112750441716, "num_boost_round": 34.0, "subsample": 0.2680722741805985}, "datetime": {"datetime": "2024-01-20 14:46:09", "elapsed": 1303.972156, "delta": 0.002468}}
{"target": -13.397401322762612, "params": {"colsample_bytree": 0.9434336336982151, "eta": 0.0022483282785633837, "gamma": 938.536846452445, "max_depth": 4.0, "min_child_weight": 3602.112750441716, "num_boost_round": 35.0, "subsample": 0.2680722741805985}, "datetime": {"datetime": "2024-01-20 14:46:09", "elapsed": 1303.974742, "delta": 0.002586}}
{"target": -13.397388642547742, "params": {"colsample_bytree": 0.9434336336982151, "eta": 0.0022483282785633837, "gamma": 938.536846452445, "max_depth": 4.0, "min_child_weight": 3602.112750441716, "num_boost_round": 36.0, "subsample": 0.2680722741805985}, "datetime": {"datetime": "2024-01-20 14:46:09", "elapsed": 1303.976553, "delta": 0.001811}}
{"target": -13.39738106366336, "params": {"colsample_bytree": 0.9434336336982151, "eta": 0.0022483282785633837, "gamma": 938.536846452445, "max_depth": 4.0, "min_child_weight": 3602.112750441716, "num_boost_round": 37.0, "subsample": 0.2680722741805985}, "datetime": {"datetime": "2024-01-20 14:46:09", "elapsed": 1303.978167, "delta": 0.001614}}
