{"target": -15.176211196461722, "params": {"colsample_bytree": 0.5939321535345923, "eta": 0.07152178474357823, "gamma": 602.7633760716438, "max_depth": 6.0, "min_child_weight": 4237.124338589708, "num_boost_round": 127.0, "subsample": 0.49382849013642327}, "datetime": {"datetime": "2024-01-20 14:24:02", "elapsed": 0.030295, "delta": 0.000288}}
{"target": -15.176099633966693, "params": {"colsample_bytree": 0.5939321535345923, "eta": 0.07152178474357823, "gamma": 602.7633760716438, "max_depth": 6.0, "min_child_weight": 4237.124338589708, "num_boost_round": 128.0, "subsample": 0.49382849013642327}, "datetime": {"datetime": "2024-01-20 14:24:02", "elapsed": 0.03059, "delta": 0.000295}}
{"target": -15.176245748051425, "params": {"colsample_bytree": 0.5939321535345923, "eta": 0.07152178474357823, "gamma": 602.7633760716438, "max_depth": 6.0, "min_child_weight": 4237.124338589708, "num_boost_round": 129.0, "subsample": 0.49382849013642327}, "datetime": {"datetime": "2024-01-20 14:24:02", "elapsed": 0.030885, "delta": 0.000295}}
{"target": -15.171970032418557, "params": {"colsample_bytree": 0.565392331190367, "eta": 0.04032235969307902, "gamma": 601.2445725542573, "max_depth": 3.0, "min_child_weight": 4206.537115035964, "num_boost_round": 1.0, "subsample": 0.4449761236439116}, "datetime": {"datetime": "2024-01-20 14:24:31", "elapsed": 28.528563, "delta": 28.497678}}
{"target": -15.171006670904166, "params": {"colsample_bytree": 0.565392331190367, "eta": 0.04032235969307902, "gamma": 601.2445725542573, "max_depth": 3.0, "min_child_weight": 4206.537115035964, "num_boost_round": 2.0, "subsample": 0.4449761236439116}, "datetime": {"datetime": "2024-01-20 14:24:31", "elapsed": 28.529088, "delta": 0.000525}}
{"target": -15.169860203776297, "params": {"colsample_bytree": 0.565392331190367, "eta": 0.04032235969307902, "gamma": 601.2445725542573, "max_depth": 3.0, "min_child_weight": 4206.537115035964, "num_boost_round": 3.0, "subsample": 0.4449761236439116}, "datetime": {"datetime": "2024-01-20 14:24:31", "elapsed": 28.529438, "delta": 0.00035}}
{"target": -15.168963972599368, "params": {"colsample_bytree": 0.565392331190367, "eta": 0.04032235969307902, "gamma": 601.2445725542573, "max_depth": 3.0, "min_child_weight": 4206.537115035964, "num_boost_round": 4.0, "subsample": 0.4449761236439116}, "datetime": {"datetime": "2024-01-20 14:24:31", "elapsed": 28.529768, "delta": 0.00033}}
{"target": -15.1673741740308, "params": {"colsample_bytree": 0.565392331190367, "eta": 0.04032235969307902, "gamma": 601.2445725542573, "max_depth": 3.0, "min_child_weight": 4206.537115035964, "num_boost_round": 5.0, "subsample": 0.4449761236439116}, "datetime": {"datetime": "2024-01-20 14:24:31", "elapsed": 28.530306, "delta": 0.000538}}
{"target": -15.166704167753563, "params": {"colsample_bytree": 0.565392331190367, "eta": 0.04032235969307902, "gamma": 601.2445725542573, "max_depth": 3.0, "min_child_weight": 4206.537115035964, "num_boost_round": 6.0, "subsample": 0.4449761236439116}, "datetime": {"datetime": "2024-01-20 14:24:31", "elapsed": 28.531089, "delta": 0.000783}}
{"target": -15.165973407835931, "params": {"colsample_bytree": 0.565392331190367, "eta": 0.04032235969307902, "gamma": 601.2445725542573, "max_depth": 3.0, "min_child_weight": 4206.537115035964, "num_boost_round": 7.0, "subsample": 0.4449761236439116}, "datetime": {"datetime": "2024-01-20 14:24:31", "elapsed": 28.531421, "delta": 0.000332}}
{"target": -15.164828848338729, "params": {"colsample_bytree": 0.565392331190367, "eta": 0.04032235969307902, "gamma": 601.2445725542573, "max_depth": 3.0, "min_child_weight": 4206.537115035964, "num_boost_round": 8.0, "subsample": 0.4449761236439116}, "datetime": {"datetime": "2024-01-20 14:24:31", "elapsed": 28.531741, "delta": 0.00032}}
{"target": -15.164568608370438, "params": {"colsample_bytree": 0.565392331190367, "eta": 0.04032235969307902, "gamma": 601.2445725542573, "max_depth": 3.0, "min_child_weight": 4206.537115035964, "num_boost_round": 9.0, "subsample": 0.4449761236439116}, "datetime": {"datetime": "2024-01-20 14:24:31", "elapsed": 28.532062, "delta": 0.000321}}
{"target": -15.163997763861449, "params": {"colsample_bytree": 0.565392331190367, "eta": 0.04032235969307902, "gamma": 601.2445725542573, "max_depth": 3.0, "min_child_weight": 4206.537115035964, "num_boost_round": 10.0, "subsample": 0.4449761236439116}, "datetime": {"datetime": "2024-01-20 14:24:31", "elapsed": 28.532385, "delta": 0.000323}}
{"target": -15.164210290382652, "params": {"colsample_bytree": 0.565392331190367, "eta": 0.04032235969307902, "gamma": 601.2445725542573, "max_depth": 3.0, "min_child_weight": 4206.537115035964, "num_boost_round": 11.0, "subsample": 0.4449761236439116}, "datetime": {"datetime": "2024-01-20 14:24:31", "elapsed": 28.532705, "delta": 0.00032}}
{"target": -15.163390272632004, "params": {"colsample_bytree": 0.565392331190367, "eta": 0.04032235969307902, "gamma": 601.2445725542573, "max_depth": 3.0, "min_child_weight": 4206.537115035964, "num_boost_round": 12.0, "subsample": 0.4449761236439116}, "datetime": {"datetime": "2024-01-20 14:24:31", "elapsed": 28.533027, "delta": 0.000322}}
{"target": -15.163396829265213, "params": {"colsample_bytree": 0.565392331190367, "eta": 0.04032235969307902, "gamma": 601.2445725542573, "max_depth": 3.0, "min_child_weight": 4206.537115035964, "num_boost_round": 13.0, "subsample": 0.4449761236439116}, "datetime": {"datetime": "2024-01-20 14:24:31", "elapsed": 28.533473, "delta": 0.000446}}
{"target": -15.162657282965405, "params": {"colsample_bytree": 0.565392331190367, "eta": 0.04032235969307902, "gamma": 601.2445725542573, "max_depth": 3.0, "min_child_weight": 4206.537115035964, "num_boost_round": 14.0, "subsample": 0.4449761236439116}, "datetime": {"datetime": "2024-01-20 14:24:31", "elapsed": 28.533799, "delta": 0.000326}}
{"target": -15.162184335767396, "params": {"colsample_bytree": 0.565392331190367, "eta": 0.04032235969307902, "gamma": 601.2445725542573, "max_depth": 3.0, "min_child_weight": 4206.537115035964, "num_boost_round": 15.0, "subsample": 0.4449761236439116}, "datetime": {"datetime": "2024-01-20 14:24:31", "elapsed": 28.534119, "delta": 0.00032}}
{"target": -15.162038627362431, "params": {"colsample_bytree": 0.565392331190367, "eta": 0.04032235969307902, "gamma": 601.2445725542573, "max_depth": 3.0, "min_child_weight": 4206.537115035964, "num_boost_round": 16.0, "subsample": 0.4449761236439116}, "datetime": {"datetime": "2024-01-20 14:24:31", "elapsed": 28.534445, "delta": 0.000326}}
{"target": -15.16138397361847, "params": {"colsample_bytree": 0.565392331190367, "eta": 0.04032235969307902, "gamma": 601.2445725542573, "max_depth": 3.0, "min_child_weight": 4206.537115035964, "num_boost_round": 17.0, "subsample": 0.4449761236439116}, "datetime": {"datetime": "2024-01-20 14:24:31", "elapsed": 28.534771, "delta": 0.000326}}
{"target": -15.16117729031715, "params": {"colsample_bytree": 0.565392331190367, "eta": 0.04032235969307902, "gamma": 601.2445725542573, "max_depth": 3.0, "min_child_weight": 4206.537115035964, "num_boost_round": 18.0, "subsample": 0.4449761236439116}, "datetime": {"datetime": "2024-01-20 14:24:31", "elapsed": 28.535094, "delta": 0.000323}}
{"target": -15.160386656809653, "params": {"colsample_bytree": 0.565392331190367, "eta": 0.04032235969307902, "gamma": 601.2445725542573, "max_depth": 3.0, "min_child_weight": 4206.537115035964, "num_boost_round": 19.0, "subsample": 0.4449761236439116}, "datetime": {"datetime": "2024-01-20 14:24:31", "elapsed": 28.535422, "delta": 0.000328}}
{"target": -15.160424588204553, "params": {"colsample_bytree": 0.565392331190367, "eta": 0.04032235969307902, "gamma": 601.2445725542573, "max_depth": 3.0, "min_child_weight": 4206.537115035964, "num_boost_round": 20.0, "subsample": 0.4449761236439116}, "datetime": {"datetime": "2024-01-20 14:24:31", "elapsed": 28.53575, "delta": 0.000328}}
{"target": -15.15965875597295, "params": {"colsample_bytree": 0.565392331190367, "eta": 0.04032235969307902, "gamma": 601.2445725542573, "max_depth": 3.0, "min_child_weight": 4206.537115035964, "num_boost_round": 21.0, "subsample": 0.4449761236439116}, "datetime": {"datetime": "2024-01-20 14:24:31", "elapsed": 28.536075, "delta": 0.000325}}
{"target": -15.159501105237998, "params": {"colsample_bytree": 0.565392331190367, "eta": 0.04032235969307902, "gamma": 601.2445725542573, "max_depth": 3.0, "min_child_weight": 4206.537115035964, "num_boost_round": 22.0, "subsample": 0.4449761236439116}, "datetime": {"datetime": "2024-01-20 14:24:31", "elapsed": 28.536413, "delta": 0.000338}}
{"target": -15.158962587376116, "params": {"colsample_bytree": 0.565392331190367, "eta": 0.04032235969307902, "gamma": 601.2445725542573, "max_depth": 3.0, "min_child_weight": 4206.537115035964, "num_boost_round": 23.0, "subsample": 0.4449761236439116}, "datetime": {"datetime": "2024-01-20 14:24:31", "elapsed": 28.536748, "delta": 0.000335}}
{"target": -15.158131735839873, "params": {"colsample_bytree": 0.565392331190367, "eta": 0.04032235969307902, "gamma": 601.2445725542573, "max_depth": 3.0, "min_child_weight": 4206.537115035964, "num_boost_round": 24.0, "subsample": 0.4449761236439116}, "datetime": {"datetime": "2024-01-20 14:24:31", "elapsed": 28.53708, "delta": 0.000332}}
{"target": -15.157926219035616, "params": {"colsample_bytree": 0.565392331190367, "eta": 0.04032235969307902, "gamma": 601.2445725542573, "max_depth": 3.0, "min_child_weight": 4206.537115035964, "num_boost_round": 25.0, "subsample": 0.4449761236439116}, "datetime": {"datetime": "2024-01-20 14:24:31", "elapsed": 28.537419, "delta": 0.000339}}
{"target": -15.158150120763686, "params": {"colsample_bytree": 0.565392331190367, "eta": 0.04032235969307902, "gamma": 601.2445725542573, "max_depth": 3.0, "min_child_weight": 4206.537115035964, "num_boost_round": 26.0, "subsample": 0.4449761236439116}, "datetime": {"datetime": "2024-01-20 14:24:31", "elapsed": 28.537802, "delta": 0.000383}}
{"target": -15.157974342909, "params": {"colsample_bytree": 0.565392331190367, "eta": 0.04032235969307902, "gamma": 601.2445725542573, "max_depth": 3.0, "min_child_weight": 4206.537115035964, "num_boost_round": 27.0, "subsample": 0.4449761236439116}, "datetime": {"datetime": "2024-01-20 14:24:31", "elapsed": 28.538143, "delta": 0.000341}}
{"target": -15.157732839189803, "params": {"colsample_bytree": 0.565392331190367, "eta": 0.04032235969307902, "gamma": 601.2445725542573, "max_depth": 3.0, "min_child_weight": 4206.537115035964, "num_boost_round": 28.0, "subsample": 0.4449761236439116}, "datetime": {"datetime": "2024-01-20 14:24:31", "elapsed": 28.538493, "delta": 0.00035}}
{"target": -15.157302203190149, "params": {"colsample_bytree": 0.565392331190367, "eta": 0.04032235969307902, "gamma": 601.2445725542573, "max_depth": 3.0, "min_child_weight": 4206.537115035964, "num_boost_round": 29.0, "subsample": 0.4449761236439116}, "datetime": {"datetime": "2024-01-20 14:24:31", "elapsed": 28.538912, "delta": 0.000419}}
{"target": -15.156838571599602, "params": {"colsample_bytree": 0.565392331190367, "eta": 0.04032235969307902, "gamma": 601.2445725542573, "max_depth": 3.0, "min_child_weight": 4206.537115035964, "num_boost_round": 30.0, "subsample": 0.4449761236439116}, "datetime": {"datetime": "2024-01-20 14:24:31", "elapsed": 28.539256, "delta": 0.000344}}
{"target": -15.156497511035754, "params": {"colsample_bytree": 0.565392331190367, "eta": 0.04032235969307902, "gamma": 601.2445725542573, "max_depth": 3.0, "min_child_weight": 4206.537115035964, "num_boost_round": 31.0, "subsample": 0.4449761236439116}, "datetime": {"datetime": "2024-01-20 14:24:31", "elapsed": 28.539612, "delta": 0.000356}}
{"target": -15.156417770800807, "params": {"colsample_bytree": 0.565392331190367, "eta": 0.04032235969307902, "gamma": 601.2445725542573, "max_depth": 3.0, "min_child_weight": 4206.537115035964, "num_boost_round": 32.0, "subsample": 0.4449761236439116}, "datetime": {"datetime": "2024-01-20 14:24:31", "elapsed": 28.539969, "delta": 0.000357}}
{"target": -15.156295101601266, "params": {"colsample_bytree": 0.565392331190367, "eta": 0.04032235969307902, "gamma": 601.2445725542573, "max_depth": 3.0, "min_child_weight": 4206.537115035964, "num_boost_round": 33.0, "subsample": 0.4449761236439116}, "datetime": {"datetime": "2024-01-20 14:24:31", "elapsed": 28.54032, "delta": 0.000351}}
{"target": -15.156186272237244, "params": {"colsample_bytree": 0.565392331190367, "eta": 0.04032235969307902, "gamma": 601.2445725542573, "max_depth": 3.0, "min_child_weight": 4206.537115035964, "num_boost_round": 34.0, "subsample": 0.4449761236439116}, "datetime": {"datetime": "2024-01-20 14:24:31", "elapsed": 28.540669, "delta": 0.000349}}
{"target": -15.156254231947226, "params": {"colsample_bytree": 0.565392331190367, "eta": 0.04032235969307902, "gamma": 601.2445725542573, "max_depth": 3.0, "min_child_weight": 4206.537115035964, "num_boost_round": 35.0, "subsample": 0.4449761236439116}, "datetime": {"datetime": "2024-01-20 14:24:31", "elapsed": 28.541116, "delta": 0.000447}}
{"target": -15.155999486956134, "params": {"colsample_bytree": 0.565392331190367, "eta": 0.04032235969307902, "gamma": 601.2445725542573, "max_depth": 3.0, "min_child_weight": 4206.537115035964, "num_boost_round": 36.0, "subsample": 0.4449761236439116}, "datetime": {"datetime": "2024-01-20 14:24:31", "elapsed": 28.541558, "delta": 0.000442}}
{"target": -15.15551903288927, "params": {"colsample_bytree": 0.565392331190367, "eta": 0.04032235969307902, "gamma": 601.2445725542573, "max_depth": 3.0, "min_child_weight": 4206.537115035964, "num_boost_round": 37.0, "subsample": 0.4449761236439116}, "datetime": {"datetime": "2024-01-20 14:24:31", "elapsed": 28.541913, "delta": 0.000355}}
{"target": -15.155567895900209, "params": {"colsample_bytree": 0.565392331190367, "eta": 0.04032235969307902, "gamma": 601.2445725542573, "max_depth": 3.0, "min_child_weight": 4206.537115035964, "num_boost_round": 38.0, "subsample": 0.4449761236439116}, "datetime": {"datetime": "2024-01-20 14:24:31", "elapsed": 28.542265, "delta": 0.000352}}
{"target": -15.155532798916555, "params": {"colsample_bytree": 0.565392331190367, "eta": 0.04032235969307902, "gamma": 601.2445725542573, "max_depth": 3.0, "min_child_weight": 4206.537115035964, "num_boost_round": 39.0, "subsample": 0.4449761236439116}, "datetime": {"datetime": "2024-01-20 14:24:31", "elapsed": 28.542624, "delta": 0.000359}}
{"target": -15.155141187999893, "params": {"colsample_bytree": 0.565392331190367, "eta": 0.04032235969307902, "gamma": 601.2445725542573, "max_depth": 3.0, "min_child_weight": 4206.537115035964, "num_boost_round": 40.0, "subsample": 0.4449761236439116}, "datetime": {"datetime": "2024-01-20 14:24:31", "elapsed": 28.542975, "delta": 0.000351}}
{"target": -15.155096883700185, "params": {"colsample_bytree": 0.565392331190367, "eta": 0.04032235969307902, "gamma": 601.2445725542573, "max_depth": 3.0, "min_child_weight": 4206.537115035964, "num_boost_round": 41.0, "subsample": 0.4449761236439116}, "datetime": {"datetime": "2024-01-20 14:24:31", "elapsed": 28.543331, "delta": 0.000356}}
{"target": -15.154794517918141, "params": {"colsample_bytree": 0.565392331190367, "eta": 0.04032235969307902, "gamma": 601.2445725542573, "max_depth": 3.0, "min_child_weight": 4206.537115035964, "num_boost_round": 42.0, "subsample": 0.4449761236439116}, "datetime": {"datetime": "2024-01-20 14:24:31", "elapsed": 28.543689, "delta": 0.000358}}
{"target": -15.154789828039323, "params": {"colsample_bytree": 0.565392331190367, "eta": 0.04032235969307902, "gamma": 601.2445725542573, "max_depth": 3.0, "min_child_weight": 4206.537115035964, "num_boost_round": 43.0, "subsample": 0.4449761236439116}, "datetime": {"datetime": "2024-01-20 14:24:31", "elapsed": 28.544046, "delta": 0.000357}}
{"target": -15.154627642806485, "params": {"colsample_bytree": 0.565392331190367, "eta": 0.04032235969307902, "gamma": 601.2445725542573, "max_depth": 3.0, "min_child_weight": 4206.537115035964, "num_boost_round": 44.0, "subsample": 0.4449761236439116}, "datetime": {"datetime": "2024-01-20 14:24:31", "elapsed": 28.544411, "delta": 0.000365}}
{"target": -15.154603635783367, "params": {"colsample_bytree": 0.565392331190367, "eta": 0.04032235969307902, "gamma": 601.2445725542573, "max_depth": 3.0, "min_child_weight": 4206.537115035964, "num_boost_round": 45.0, "subsample": 0.4449761236439116}, "datetime": {"datetime": "2024-01-20 14:24:31", "elapsed": 28.544772, "delta": 0.000361}}
{"target": -15.171176706286806, "params": {"colsample_bytree": 0.5299197646733784, "eta": 0.05026513240499038, "gamma": 578.6540557161493, "max_depth": 7.0, "min_child_weight": 4244.724180323109, "num_boost_round": 1.0, "subsample": 0.2578829034006089}, "datetime": {"datetime": "2024-01-20 14:24:56", "elapsed": 54.192202, "delta": 25.64743}}
{"target": -15.169375695469036, "params": {"colsample_bytree": 0.5299197646733784, "eta": 0.05026513240499038, "gamma": 578.6540557161493, "max_depth": 7.0, "min_child_weight": 4244.724180323109, "num_boost_round": 2.0, "subsample": 0.2578829034006089}, "datetime": {"datetime": "2024-01-20 14:24:56", "elapsed": 54.19339, "delta": 0.001188}}
{"target": -15.167465993186614, "params": {"colsample_bytree": 0.5299197646733784, "eta": 0.05026513240499038, "gamma": 578.6540557161493, "max_depth": 7.0, "min_child_weight": 4244.724180323109, "num_boost_round": 3.0, "subsample": 0.2578829034006089}, "datetime": {"datetime": "2024-01-20 14:24:56", "elapsed": 54.193774, "delta": 0.000384}}
{"target": -15.166654885109903, "params": {"colsample_bytree": 0.5299197646733784, "eta": 0.05026513240499038, "gamma": 578.6540557161493, "max_depth": 7.0, "min_child_weight": 4244.724180323109, "num_boost_round": 4.0, "subsample": 0.2578829034006089}, "datetime": {"datetime": "2024-01-20 14:24:56", "elapsed": 54.194523, "delta": 0.000749}}
{"target": -15.164374827438943, "params": {"colsample_bytree": 0.5299197646733784, "eta": 0.05026513240499038, "gamma": 578.6540557161493, "max_depth": 7.0, "min_child_weight": 4244.724180323109, "num_boost_round": 5.0, "subsample": 0.2578829034006089}, "datetime": {"datetime": "2024-01-20 14:24:56", "elapsed": 54.194903, "delta": 0.00038}}
{"target": -15.16297247412015, "params": {"colsample_bytree": 0.5299197646733784, "eta": 0.05026513240499038, "gamma": 578.6540557161493, "max_depth": 7.0, "min_child_weight": 4244.724180323109, "num_boost_round": 6.0, "subsample": 0.2578829034006089}, "datetime": {"datetime": "2024-01-20 14:24:56", "elapsed": 54.195382, "delta": 0.000479}}
{"target": -15.161823970195506, "params": {"colsample_bytree": 0.5299197646733784, "eta": 0.05026513240499038, "gamma": 578.6540557161493, "max_depth": 7.0, "min_child_weight": 4244.724180323109, "num_boost_round": 7.0, "subsample": 0.2578829034006089}, "datetime": {"datetime": "2024-01-20 14:24:56", "elapsed": 54.195754, "delta": 0.000372}}
{"target": -15.160130758472047, "params": {"colsample_bytree": 0.5299197646733784, "eta": 0.05026513240499038, "gamma": 578.6540557161493, "max_depth": 7.0, "min_child_weight": 4244.724180323109, "num_boost_round": 8.0, "subsample": 0.2578829034006089}, "datetime": {"datetime": "2024-01-20 14:24:56", "elapsed": 54.19612, "delta": 0.000366}}
{"target": -15.159906920744449, "params": {"colsample_bytree": 0.5299197646733784, "eta": 0.05026513240499038, "gamma": 578.6540557161493, "max_depth": 7.0, "min_child_weight": 4244.724180323109, "num_boost_round": 9.0, "subsample": 0.2578829034006089}, "datetime": {"datetime": "2024-01-20 14:24:56", "elapsed": 54.196501, "delta": 0.000381}}
{"target": -15.159010077610084, "params": {"colsample_bytree": 0.5299197646733784, "eta": 0.05026513240499038, "gamma": 578.6540557161493, "max_depth": 7.0, "min_child_weight": 4244.724180323109, "num_boost_round": 10.0, "subsample": 0.2578829034006089}, "datetime": {"datetime": "2024-01-20 14:24:56", "elapsed": 54.196872, "delta": 0.000371}}
{"target": -15.158995658562585, "params": {"colsample_bytree": 0.5299197646733784, "eta": 0.05026513240499038, "gamma": 578.6540557161493, "max_depth": 7.0, "min_child_weight": 4244.724180323109, "num_boost_round": 11.0, "subsample": 0.2578829034006089}, "datetime": {"datetime": "2024-01-20 14:24:56", "elapsed": 54.19724, "delta": 0.000368}}
{"target": -15.157680826760936, "params": {"colsample_bytree": 0.5299197646733784, "eta": 0.05026513240499038, "gamma": 578.6540557161493, "max_depth": 7.0, "min_child_weight": 4244.724180323109, "num_boost_round": 12.0, "subsample": 0.2578829034006089}, "datetime": {"datetime": "2024-01-20 14:24:56", "elapsed": 54.197735, "delta": 0.000495}}
{"target": -15.157484305273298, "params": {"colsample_bytree": 0.5299197646733784, "eta": 0.05026513240499038, "gamma": 578.6540557161493, "max_depth": 7.0, "min_child_weight": 4244.724180323109, "num_boost_round": 13.0, "subsample": 0.2578829034006089}, "datetime": {"datetime": "2024-01-20 14:24:56", "elapsed": 54.198111, "delta": 0.000376}}
{"target": -15.1563009416896, "params": {"colsample_bytree": 0.5299197646733784, "eta": 0.05026513240499038, "gamma": 578.6540557161493, "max_depth": 7.0, "min_child_weight": 4244.724180323109, "num_boost_round": 14.0, "subsample": 0.2578829034006089}, "datetime": {"datetime": "2024-01-20 14:24:56", "elapsed": 54.198486, "delta": 0.000375}}
{"target": -15.155772855338126, "params": {"colsample_bytree": 0.5299197646733784, "eta": 0.05026513240499038, "gamma": 578.6540557161493, "max_depth": 7.0, "min_child_weight": 4244.724180323109, "num_boost_round": 15.0, "subsample": 0.2578829034006089}, "datetime": {"datetime": "2024-01-20 14:24:56", "elapsed": 54.198934, "delta": 0.000448}}
{"target": -15.156025100412275, "params": {"colsample_bytree": 0.5299197646733784, "eta": 0.05026513240499038, "gamma": 578.6540557161493, "max_depth": 7.0, "min_child_weight": 4244.724180323109, "num_boost_round": 16.0, "subsample": 0.2578829034006089}, "datetime": {"datetime": "2024-01-20 14:24:56", "elapsed": 54.199324, "delta": 0.00039}}
