{"target": -10.304570061460398, "params": {"colsample_bytree": 0.6230893912828944, "eta": 0.06960197663673609, "gamma": 904.7102369921099, "max_depth": 6.0, "min_child_weight": 3954.8754897137806, "num_boost_round": 13.0, "subsample": 0.9099426261121887}, "datetime": {"datetime": "2024-01-20 15:45:59", "elapsed": 8657.093203, "delta": 0.006423}}
{"target": -10.305026666895643, "params": {"colsample_bytree": 0.6230893912828944, "eta": 0.06960197663673609, "gamma": 904.7102369921099, "max_depth": 6.0, "min_child_weight": 3954.8754897137806, "num_boost_round": 14.0, "subsample": 0.9099426261121887}, "datetime": {"datetime": "2024-01-20 15:45:59", "elapsed": 8657.099954, "delta": 0.006751}}
{"target": -10.305659186575042, "params": {"colsample_bytree": 0.6230893912828944, "eta": 0.06960197663673609, "gamma": 904.7102369921099, "max_depth": 6.0, "min_child_weight": 3954.8754897137806, "num_boost_round": 15.0, "subsample": 0.9099426261121887}, "datetime": {"datetime": "2024-01-20 15:45:59", "elapsed": 8657.106467, "delta": 0.006513}}
{"target": -10.30585418640515, "params": {"colsample_bytree": 0.6230893912828944, "eta": 0.06960197663673609, "gamma": 904.7102369921099, "max_depth": 6.0, "min_child_weight": 3954.8754897137806, "num_boost_round": 16.0, "subsample": 0.9099426261121887}, "datetime": {"datetime": "2024-01-20 15:45:59", "elapsed": 8657.112931, "delta": 0.006464}}
{"target": -10.306894274779674, "params": {"colsample_bytree": 0.6230893912828944, "eta": 0.06960197663673609, "gamma": 904.7102369921099, "max_depth": 6.0, "min_child_weight": 3954.8754897137806, "num_boost_round": 17.0, "subsample": 0.9099426261121887}, "datetime": {"datetime": "2024-01-20 15:45:59", "elapsed": 8657.119357, "delta": 0.006426}}
{"target": -10.307235467503297, "params": {"colsample_bytree": 0.6230893912828944, "eta": 0.06960197663673609, "gamma": 904.7102369921099, "max_depth": 6.0, "min_child_weight": 3954.8754897137806, "num_boost_round": 18.0, "subsample": 0.9099426261121887}, "datetime": {"datetime": "2024-01-20 15:45:59", "elapsed": 8657.124808, "delta": 0.005451}}
{"target": -10.307704553372343, "params": {"colsample_bytree": 0.6230893912828944, "eta": 0.06960197663673609, "gamma": 904.7102369921099, "max_depth": 6.0, "min_child_weight": 3954.8754897137806, "num_boost_round": 19.0, "subsample": 0.9099426261121887}, "datetime": {"datetime": "2024-01-20 15:45:59", "elapsed": 8657.130374, "delta": 0.005566}}
{"target": -10.308475977864845, "params": {"colsample_bytree": 0.6230893912828944, "eta": 0.06960197663673609, "gamma": 904.7102369921099, "max_depth": 6.0, "min_child_weight": 3954.8754897137806, "num_boost_round": 20.0, "subsample": 0.9099426261121887}, "datetime": {"datetime": "2024-01-20 15:45:59", "elapsed": 8657.136551, "delta": 0.006177}}
{"target": -10.309118805416723, "params": {"colsample_bytree": 0.6230893912828944, "eta": 0.06960197663673609, "gamma": 904.7102369921099, "max_depth": 6.0, "min_child_weight": 3954.8754897137806, "num_boost_round": 21.0, "subsample": 0.9099426261121887}, "datetime": {"datetime": "2024-01-20 15:45:59", "elapsed": 8657.142219, "delta": 0.005668}}
{"target": -10.309359620453868, "params": {"colsample_bytree": 0.6230893912828944, "eta": 0.06960197663673609, "gamma": 904.7102369921099, "max_depth": 6.0, "min_child_weight": 3954.8754897137806, "num_boost_round": 22.0, "subsample": 0.9099426261121887}, "datetime": {"datetime": "2024-01-20 15:45:59", "elapsed": 8657.148103, "delta": 0.005884}}
{"target": -10.298592206650014, "params": {"colsample_bytree": 0.9651074504258379, "eta": 0.05466483042732377, "gamma": 82.9999452197785, "max_depth": 4.0, "min_child_weight": 3736.698144795948, "num_boost_round": 1.0, "subsample": 0.9892211720376843}, "datetime": {"datetime": "2024-01-20 15:47:42", "elapsed": 8760.097605, "delta": 102.949502}}
{"target": -10.298721718277228, "params": {"colsample_bytree": 0.9651074504258379, "eta": 0.05466483042732377, "gamma": 82.9999452197785, "max_depth": 4.0, "min_child_weight": 3736.698144795948, "num_boost_round": 2.0, "subsample": 0.9892211720376843}, "datetime": {"datetime": "2024-01-20 15:47:42", "elapsed": 8760.107649, "delta": 0.010044}}
{"target": -10.299088488936345, "params": {"colsample_bytree": 0.9651074504258379, "eta": 0.05466483042732377, "gamma": 82.9999452197785, "max_depth": 4.0, "min_child_weight": 3736.698144795948, "num_boost_round": 3.0, "subsample": 0.9892211720376843}, "datetime": {"datetime": "2024-01-20 15:47:42", "elapsed": 8760.114048, "delta": 0.006399}}
{"target": -10.299094498673458, "params": {"colsample_bytree": 0.9651074504258379, "eta": 0.05466483042732377, "gamma": 82.9999452197785, "max_depth": 4.0, "min_child_weight": 3736.698144795948, "num_boost_round": 4.0, "subsample": 0.9892211720376843}, "datetime": {"datetime": "2024-01-20 15:47:42", "elapsed": 8760.120088, "delta": 0.00604}}
{"target": -10.298531157838449, "params": {"colsample_bytree": 0.7900569760290177, "eta": 0.06151267657054015, "gamma": 771.1288801687995, "max_depth": 7.0, "min_child_weight": 3874.397551761807, "num_boost_round": 1.0, "subsample": 0.7305260081187361}, "datetime": {"datetime": "2024-01-20 15:49:18", "elapsed": 8855.795185, "delta": 95.675097}}
{"target": -10.298857833182756, "params": {"colsample_bytree": 0.7900569760290177, "eta": 0.06151267657054015, "gamma": 771.1288801687995, "max_depth": 7.0, "min_child_weight": 3874.397551761807, "num_boost_round": 2.0, "subsample": 0.7305260081187361}, "datetime": {"datetime": "2024-01-20 15:49:18", "elapsed": 8855.802057, "delta": 0.006872}}
{"target": -10.299238143487734, "params": {"colsample_bytree": 0.7900569760290177, "eta": 0.06151267657054015, "gamma": 771.1288801687995, "max_depth": 7.0, "min_child_weight": 3874.397551761807, "num_boost_round": 3.0, "subsample": 0.7305260081187361}, "datetime": {"datetime": "2024-01-20 15:49:18", "elapsed": 8855.807067, "delta": 0.00501}}
{"target": -10.298317997507112, "params": {"colsample_bytree": 0.47026554859953273, "eta": 0.052257302551126164, "gamma": 727.6889139979065, "max_depth": 3.0, "min_child_weight": 3822.28674742426, "num_boost_round": 1.0, "subsample": 0.4251222950490712}, "datetime": {"datetime": "2024-01-20 15:50:16", "elapsed": 8914.389608, "delta": 58.582541}}
{"target": -10.298488065905813, "params": {"colsample_bytree": 0.9904389218512554, "eta": 0.018314491476119032, "gamma": 770.2258700796061, "max_depth": 9.0, "min_child_weight": 3754.6926620271697, "num_boost_round": 1.0, "subsample": 0.5824148536410806}, "datetime": {"datetime": "2024-01-20 15:51:10", "elapsed": 8968.592955, "delta": 54.203347}}
{"target": -10.298194127327996, "params": {"colsample_bytree": 0.19495693507291417, "eta": 0.06515513099717082, "gamma": 937.1572901431614, "max_depth": 4.0, "min_child_weight": 4458.865906903161, "num_boost_round": 1.0, "subsample": 0.7187926567222013}, "datetime": {"datetime": "2024-01-20 15:52:49", "elapsed": 9066.822552, "delta": 98.229597}}
{"target": -10.298360490089156, "params": {"colsample_bytree": 0.9259021949660807, "eta": 0.06446896278339792, "gamma": 780.1342361197411, "max_depth": 4.0, "min_child_weight": 3735.9614428157147, "num_boost_round": 1.0, "subsample": 0.4377641081016588}, "datetime": {"datetime": "2024-01-20 15:54:56", "elapsed": 9194.188431, "delta": 127.365879}}
{"target": -10.298401768326594, "params": {"colsample_bytree": 0.9259021949660807, "eta": 0.06446896278339792, "gamma": 780.1342361197411, "max_depth": 4.0, "min_child_weight": 3735.9614428157147, "num_boost_round": 2.0, "subsample": 0.4377641081016588}, "datetime": {"datetime": "2024-01-20 15:54:56", "elapsed": 9194.196121, "delta": 0.00769}}
{"target": -10.298709455441653, "params": {"colsample_bytree": 0.9259021949660807, "eta": 0.06446896278339792, "gamma": 780.1342361197411, "max_depth": 4.0, "min_child_weight": 3735.9614428157147, "num_boost_round": 3.0, "subsample": 0.4377641081016588}, "datetime": {"datetime": "2024-01-20 15:54:56", "elapsed": 9194.201552, "delta": 0.005431}}
{"target": -10.299081978267742, "params": {"colsample_bytree": 0.9259021949660807, "eta": 0.06446896278339792, "gamma": 780.1342361197411, "max_depth": 4.0, "min_child_weight": 3735.9614428157147, "num_boost_round": 4.0, "subsample": 0.4377641081016588}, "datetime": {"datetime": "2024-01-20 15:54:56", "elapsed": 9194.206375, "delta": 0.004823}}
{"target": -10.29958391411391, "params": {"colsample_bytree": 0.9259021949660807, "eta": 0.06446896278339792, "gamma": 780.1342361197411, "max_depth": 4.0, "min_child_weight": 3735.9614428157147, "num_boost_round": 5.0, "subsample": 0.4377641081016588}, "datetime": {"datetime": "2024-01-20 15:54:56", "elapsed": 9194.2112, "delta": 0.004825}}
{"target": -10.30008398452884, "params": {"colsample_bytree": 0.9259021949660807, "eta": 0.06446896278339792, "gamma": 780.1342361197411, "max_depth": 4.0, "min_child_weight": 3735.9614428157147, "num_boost_round": 6.0, "subsample": 0.4377641081016588}, "datetime": {"datetime": "2024-01-20 15:54:56", "elapsed": 9194.216097, "delta": 0.004897}}
{"target": -10.300555391883531, "params": {"colsample_bytree": 0.9259021949660807, "eta": 0.06446896278339792, "gamma": 780.1342361197411, "max_depth": 4.0, "min_child_weight": 3735.9614428157147, "num_boost_round": 7.0, "subsample": 0.4377641081016588}, "datetime": {"datetime": "2024-01-20 15:54:56", "elapsed": 9194.220897, "delta": 0.0048}}
{"target": -10.30095283089733, "params": {"colsample_bytree": 0.9259021949660807, "eta": 0.06446896278339792, "gamma": 780.1342361197411, "max_depth": 4.0, "min_child_weight": 3735.9614428157147, "num_boost_round": 8.0, "subsample": 0.4377641081016588}, "datetime": {"datetime": "2024-01-20 15:54:56", "elapsed": 9194.225773, "delta": 0.004876}}
{"target": -10.301382130168049, "params": {"colsample_bytree": 0.9259021949660807, "eta": 0.06446896278339792, "gamma": 780.1342361197411, "max_depth": 4.0, "min_child_weight": 3735.9614428157147, "num_boost_round": 9.0, "subsample": 0.4377641081016588}, "datetime": {"datetime": "2024-01-20 15:54:56", "elapsed": 9194.230315, "delta": 0.004542}}
{"target": -10.301983965913111, "params": {"colsample_bytree": 0.9259021949660807, "eta": 0.06446896278339792, "gamma": 780.1342361197411, "max_depth": 4.0, "min_child_weight": 3735.9614428157147, "num_boost_round": 10.0, "subsample": 0.4377641081016588}, "datetime": {"datetime": "2024-01-20 15:54:56", "elapsed": 9194.234781, "delta": 0.004466}}
{"target": -10.30262443580806, "params": {"colsample_bytree": 0.9259021949660807, "eta": 0.06446896278339792, "gamma": 780.1342361197411, "max_depth": 4.0, "min_child_weight": 3735.9614428157147, "num_boost_round": 11.0, "subsample": 0.4377641081016588}, "datetime": {"datetime": "2024-01-20 15:54:56", "elapsed": 9194.239686, "delta": 0.004905}}
{"target": -10.303126540714807, "params": {"colsample_bytree": 0.9259021949660807, "eta": 0.06446896278339792, "gamma": 780.1342361197411, "max_depth": 4.0, "min_child_weight": 3735.9614428157147, "num_boost_round": 12.0, "subsample": 0.4377641081016588}, "datetime": {"datetime": "2024-01-20 15:54:57", "elapsed": 9194.848579, "delta": 0.608893}}
{"target": -10.303617170438637, "params": {"colsample_bytree": 0.9259021949660807, "eta": 0.06446896278339792, "gamma": 780.1342361197411, "max_depth": 4.0, "min_child_weight": 3735.9614428157147, "num_boost_round": 13.0, "subsample": 0.4377641081016588}, "datetime": {"datetime": "2024-01-20 15:54:57", "elapsed": 9194.855935, "delta": 0.007356}}
{"target": -10.304073907614455, "params": {"colsample_bytree": 0.9259021949660807, "eta": 0.06446896278339792, "gamma": 780.1342361197411, "max_depth": 4.0, "min_child_weight": 3735.9614428157147, "num_boost_round": 14.0, "subsample": 0.4377641081016588}, "datetime": {"datetime": "2024-01-20 15:54:57", "elapsed": 9194.862352, "delta": 0.006417}}
{"target": -10.304469383211462, "params": {"colsample_bytree": 0.9259021949660807, "eta": 0.06446896278339792, "gamma": 780.1342361197411, "max_depth": 4.0, "min_child_weight": 3735.9614428157147, "num_boost_round": 15.0, "subsample": 0.4377641081016588}, "datetime": {"datetime": "2024-01-20 15:54:57", "elapsed": 9194.867359, "delta": 0.005007}}
{"target": -10.304601306468186, "params": {"colsample_bytree": 0.9259021949660807, "eta": 0.06446896278339792, "gamma": 780.1342361197411, "max_depth": 4.0, "min_child_weight": 3735.9614428157147, "num_boost_round": 16.0, "subsample": 0.4377641081016588}, "datetime": {"datetime": "2024-01-20 15:54:57", "elapsed": 9194.872019, "delta": 0.00466}}
{"target": -10.30513341841468, "params": {"colsample_bytree": 0.9259021949660807, "eta": 0.06446896278339792, "gamma": 780.1342361197411, "max_depth": 4.0, "min_child_weight": 3735.9614428157147, "num_boost_round": 17.0, "subsample": 0.4377641081016588}, "datetime": {"datetime": "2024-01-20 15:54:57", "elapsed": 9194.876658, "delta": 0.004639}}
{"target": -10.305464235121189, "params": {"colsample_bytree": 0.9259021949660807, "eta": 0.06446896278339792, "gamma": 780.1342361197411, "max_depth": 4.0, "min_child_weight": 3735.9614428157147, "num_boost_round": 18.0, "subsample": 0.4377641081016588}, "datetime": {"datetime": "2024-01-20 15:54:57", "elapsed": 9194.880948, "delta": 0.00429}}
{"target": -10.306000771810215, "params": {"colsample_bytree": 0.9259021949660807, "eta": 0.06446896278339792, "gamma": 780.1342361197411, "max_depth": 4.0, "min_child_weight": 3735.9614428157147, "num_boost_round": 19.0, "subsample": 0.4377641081016588}, "datetime": {"datetime": "2024-01-20 15:54:57", "elapsed": 9194.88522, "delta": 0.004272}}
{"target": -10.306353195996317, "params": {"colsample_bytree": 0.9259021949660807, "eta": 0.06446896278339792, "gamma": 780.1342361197411, "max_depth": 4.0, "min_child_weight": 3735.9614428157147, "num_boost_round": 20.0, "subsample": 0.4377641081016588}, "datetime": {"datetime": "2024-01-20 15:54:57", "elapsed": 9194.889884, "delta": 0.004664}}
{"target": -10.306653750024951, "params": {"colsample_bytree": 0.9259021949660807, "eta": 0.06446896278339792, "gamma": 780.1342361197411, "max_depth": 4.0, "min_child_weight": 3735.9614428157147, "num_boost_round": 21.0, "subsample": 0.4377641081016588}, "datetime": {"datetime": "2024-01-20 15:54:57", "elapsed": 9194.894211, "delta": 0.004327}}
{"target": -10.30670157267248, "params": {"colsample_bytree": 0.9259021949660807, "eta": 0.06446896278339792, "gamma": 780.1342361197411, "max_depth": 4.0, "min_child_weight": 3735.9614428157147, "num_boost_round": 22.0, "subsample": 0.4377641081016588}, "datetime": {"datetime": "2024-01-20 15:54:57", "elapsed": 9194.898636, "delta": 0.004425}}
{"target": -10.30699945923389, "params": {"colsample_bytree": 0.9259021949660807, "eta": 0.06446896278339792, "gamma": 780.1342361197411, "max_depth": 4.0, "min_child_weight": 3735.9614428157147, "num_boost_round": 23.0, "subsample": 0.4377641081016588}, "datetime": {"datetime": "2024-01-20 15:54:57", "elapsed": 9194.903396, "delta": 0.00476}}
{"target": -10.307259798327044, "params": {"colsample_bytree": 0.9259021949660807, "eta": 0.06446896278339792, "gamma": 780.1342361197411, "max_depth": 4.0, "min_child_weight": 3735.9614428157147, "num_boost_round": 24.0, "subsample": 0.4377641081016588}, "datetime": {"datetime": "2024-01-20 15:54:57", "elapsed": 9194.908046, "delta": 0.00465}}
{"target": -10.307544887323285, "params": {"colsample_bytree": 0.9259021949660807, "eta": 0.06446896278339792, "gamma": 780.1342361197411, "max_depth": 4.0, "min_child_weight": 3735.9614428157147, "num_boost_round": 25.0, "subsample": 0.4377641081016588}, "datetime": {"datetime": "2024-01-20 15:54:57", "elapsed": 9194.912655, "delta": 0.004609}}
{"target": -10.307787179118792, "params": {"colsample_bytree": 0.9259021949660807, "eta": 0.06446896278339792, "gamma": 780.1342361197411, "max_depth": 4.0, "min_child_weight": 3735.9614428157147, "num_boost_round": 26.0, "subsample": 0.4377641081016588}, "datetime": {"datetime": "2024-01-20 15:54:57", "elapsed": 9194.917489, "delta": 0.004834}}
{"target": -10.308135969668463, "params": {"colsample_bytree": 0.9259021949660807, "eta": 0.06446896278339792, "gamma": 780.1342361197411, "max_depth": 4.0, "min_child_weight": 3735.9614428157147, "num_boost_round": 27.0, "subsample": 0.4377641081016588}, "datetime": {"datetime": "2024-01-20 15:54:57", "elapsed": 9194.921954, "delta": 0.004465}}
{"target": -10.308466879647565, "params": {"colsample_bytree": 0.9259021949660807, "eta": 0.06446896278339792, "gamma": 780.1342361197411, "max_depth": 4.0, "min_child_weight": 3735.9614428157147, "num_boost_round": 28.0, "subsample": 0.4377641081016588}, "datetime": {"datetime": "2024-01-20 15:54:57", "elapsed": 9194.926526, "delta": 0.004572}}
{"target": -10.308894254933737, "params": {"colsample_bytree": 0.9259021949660807, "eta": 0.06446896278339792, "gamma": 780.1342361197411, "max_depth": 4.0, "min_child_weight": 3735.9614428157147, "num_boost_round": 29.0, "subsample": 0.4377641081016588}, "datetime": {"datetime": "2024-01-20 15:54:57", "elapsed": 9194.931307, "delta": 0.004781}}
{"target": -10.309165251368015, "params": {"colsample_bytree": 0.9259021949660807, "eta": 0.06446896278339792, "gamma": 780.1342361197411, "max_depth": 4.0, "min_child_weight": 3735.9614428157147, "num_boost_round": 30.0, "subsample": 0.4377641081016588}, "datetime": {"datetime": "2024-01-20 15:54:57", "elapsed": 9194.935756, "delta": 0.004449}}
{"target": -10.309502435414858, "params": {"colsample_bytree": 0.9259021949660807, "eta": 0.06446896278339792, "gamma": 780.1342361197411, "max_depth": 4.0, "min_child_weight": 3735.9614428157147, "num_boost_round": 31.0, "subsample": 0.4377641081016588}, "datetime": {"datetime": "2024-01-20 15:54:57", "elapsed": 9194.940229, "delta": 0.004473}}
{"target": -10.309830766478196, "params": {"colsample_bytree": 0.9259021949660807, "eta": 0.06446896278339792, "gamma": 780.1342361197411, "max_depth": 4.0, "min_child_weight": 3735.9614428157147, "num_boost_round": 32.0, "subsample": 0.4377641081016588}, "datetime": {"datetime": "2024-01-20 15:54:57", "elapsed": 9194.945154, "delta": 0.004925}}
{"target": -10.310049374022032, "params": {"colsample_bytree": 0.9259021949660807, "eta": 0.06446896278339792, "gamma": 780.1342361197411, "max_depth": 4.0, "min_child_weight": 3735.9614428157147, "num_boost_round": 33.0, "subsample": 0.4377641081016588}, "datetime": {"datetime": "2024-01-20 15:54:57", "elapsed": 9194.949697, "delta": 0.004543}}
{"target": -10.310413457032109, "params": {"colsample_bytree": 0.9259021949660807, "eta": 0.06446896278339792, "gamma": 780.1342361197411, "max_depth": 4.0, "min_child_weight": 3735.9614428157147, "num_boost_round": 34.0, "subsample": 0.4377641081016588}, "datetime": {"datetime": "2024-01-20 15:54:57", "elapsed": 9194.954366, "delta": 0.004669}}
{"target": -10.310616059805556, "params": {"colsample_bytree": 0.9259021949660807, "eta": 0.06446896278339792, "gamma": 780.1342361197411, "max_depth": 4.0, "min_child_weight": 3735.9614428157147, "num_boost_round": 35.0, "subsample": 0.4377641081016588}, "datetime": {"datetime": "2024-01-20 15:54:57", "elapsed": 9194.959322, "delta": 0.004956}}
{"target": -10.31097423673469, "params": {"colsample_bytree": 0.9259021949660807, "eta": 0.06446896278339792, "gamma": 780.1342361197411, "max_depth": 4.0, "min_child_weight": 3735.9614428157147, "num_boost_round": 36.0, "subsample": 0.4377641081016588}, "datetime": {"datetime": "2024-01-20 15:54:57", "elapsed": 9194.963819, "delta": 0.004497}}
{"target": -10.310988714445, "params": {"colsample_bytree": 0.9259021949660807, "eta": 0.06446896278339792, "gamma": 780.1342361197411, "max_depth": 4.0, "min_child_weight": 3735.9614428157147, "num_boost_round": 37.0, "subsample": 0.4377641081016588}, "datetime": {"datetime": "2024-01-20 15:54:57", "elapsed": 9194.968288, "delta": 0.004469}}
{"target": -10.310972549566328, "params": {"colsample_bytree": 0.9259021949660807, "eta": 0.06446896278339792, "gamma": 780.1342361197411, "max_depth": 4.0, "min_child_weight": 3735.9614428157147, "num_boost_round": 38.0, "subsample": 0.4377641081016588}, "datetime": {"datetime": "2024-01-20 15:54:57", "elapsed": 9194.973116, "delta": 0.004828}}
{"target": -10.311449416380608, "params": {"colsample_bytree": 0.9259021949660807, "eta": 0.06446896278339792, "gamma": 780.1342361197411, "max_depth": 4.0, "min_child_weight": 3735.9614428157147, "num_boost_round": 39.0, "subsample": 0.4377641081016588}, "datetime": {"datetime": "2024-01-20 15:54:57", "elapsed": 9194.980137, "delta": 0.007021}}
{"target": -10.312112633155424, "params": {"colsample_bytree": 0.9259021949660807, "eta": 0.06446896278339792, "gamma": 780.1342361197411, "max_depth": 4.0, "min_child_weight": 3735.9614428157147, "num_boost_round": 40.0, "subsample": 0.4377641081016588}, "datetime": {"datetime": "2024-01-20 15:54:57", "elapsed": 9194.984982, "delta": 0.004845}}
{"target": -10.31206471110642, "params": {"colsample_bytree": 0.9259021949660807, "eta": 0.06446896278339792, "gamma": 780.1342361197411, "max_depth": 4.0, "min_child_weight": 3735.9614428157147, "num_boost_round": 41.0, "subsample": 0.4377641081016588}, "datetime": {"datetime": "2024-01-20 15:54:57", "elapsed": 9194.989955, "delta": 0.004973}}
{"target": -10.311938113389472, "params": {"colsample_bytree": 0.9259021949660807, "eta": 0.06446896278339792, "gamma": 780.1342361197411, "max_depth": 4.0, "min_child_weight": 3735.9614428157147, "num_boost_round": 42.0, "subsample": 0.4377641081016588}, "datetime": {"datetime": "2024-01-20 15:54:57", "elapsed": 9194.994319, "delta": 0.004364}}
{"target": -10.31235836319937, "params": {"colsample_bytree": 0.9259021949660807, "eta": 0.06446896278339792, "gamma": 780.1342361197411, "max_depth": 4.0, "min_child_weight": 3735.9614428157147, "num_boost_round": 43.0, "subsample": 0.4377641081016588}, "datetime": {"datetime": "2024-01-20 15:54:57", "elapsed": 9194.9986, "delta": 0.004281}}
