{"target": -10.303416904592705, "params": {"colsample_bytree": 0.8207171894959732, "eta": 0.029143217599199498, "gamma": 134.2871648028867, "max_depth": 6.0, "min_child_weight": 3769.532314367308, "num_boost_round": 39.0, "subsample": 0.3475303548324373}, "datetime": {"datetime": "2024-01-20 15:12:44", "elapsed": 6661.855413, "delta": 0.005664}}
{"target": -10.303482256555299, "params": {"colsample_bytree": 0.8207171894959732, "eta": 0.029143217599199498, "gamma": 134.2871648028867, "max_depth": 6.0, "min_child_weight": 3769.532314367308, "num_boost_round": 40.0, "subsample": 0.3475303548324373}, "datetime": {"datetime": "2024-01-20 15:12:44", "elapsed": 6661.861309, "delta": 0.005896}}
{"target": -10.303583212943412, "params": {"colsample_bytree": 0.8207171894959732, "eta": 0.029143217599199498, "gamma": 134.2871648028867, "max_depth": 6.0, "min_child_weight": 3769.532314367308, "num_boost_round": 41.0, "subsample": 0.3475303548324373}, "datetime": {"datetime": "2024-01-20 15:12:44", "elapsed": 6661.867413, "delta": 0.006104}}
{"target": -10.30357829307887, "params": {"colsample_bytree": 0.8207171894959732, "eta": 0.029143217599199498, "gamma": 134.2871648028867, "max_depth": 6.0, "min_child_weight": 3769.532314367308, "num_boost_round": 42.0, "subsample": 0.3475303548324373}, "datetime": {"datetime": "2024-01-20 15:12:44", "elapsed": 6661.8732, "delta": 0.005787}}
{"target": -10.303772666341972, "params": {"colsample_bytree": 0.8207171894959732, "eta": 0.029143217599199498, "gamma": 134.2871648028867, "max_depth": 6.0, "min_child_weight": 3769.532314367308, "num_boost_round": 43.0, "subsample": 0.3475303548324373}, "datetime": {"datetime": "2024-01-20 15:12:44", "elapsed": 6661.878835, "delta": 0.005635}}
{"target": -10.298067348341712, "params": {"colsample_bytree": 0.4845894157244871, "eta": 0.05225674875461271, "gamma": 224.2566227279301, "max_depth": 7.0, "min_child_weight": 3829.0709639123947, "num_boost_round": 1.0, "subsample": 0.2664527888780535}, "datetime": {"datetime": "2024-01-20 15:15:05", "elapsed": 6803.767889, "delta": 141.889054}}
{"target": -10.298057038307684, "params": {"colsample_bytree": 0.4845894157244871, "eta": 0.05225674875461271, "gamma": 224.2566227279301, "max_depth": 7.0, "min_child_weight": 3829.0709639123947, "num_boost_round": 2.0, "subsample": 0.2664527888780535}, "datetime": {"datetime": "2024-01-20 15:15:05", "elapsed": 6803.776821, "delta": 0.008932}}
{"target": -10.29812475036095, "params": {"colsample_bytree": 0.4845894157244871, "eta": 0.05225674875461271, "gamma": 224.2566227279301, "max_depth": 7.0, "min_child_weight": 3829.0709639123947, "num_boost_round": 3.0, "subsample": 0.2664527888780535}, "datetime": {"datetime": "2024-01-20 15:15:06", "elapsed": 6803.783625, "delta": 0.006804}}
{"target": -10.298147715877828, "params": {"colsample_bytree": 0.4845894157244871, "eta": 0.05225674875461271, "gamma": 224.2566227279301, "max_depth": 7.0, "min_child_weight": 3829.0709639123947, "num_boost_round": 4.0, "subsample": 0.2664527888780535}, "datetime": {"datetime": "2024-01-20 15:15:06", "elapsed": 6803.789474, "delta": 0.005849}}
{"target": -10.298383441355224, "params": {"colsample_bytree": 0.4845894157244871, "eta": 0.05225674875461271, "gamma": 224.2566227279301, "max_depth": 7.0, "min_child_weight": 3829.0709639123947, "num_boost_round": 5.0, "subsample": 0.2664527888780535}, "datetime": {"datetime": "2024-01-20 15:15:06", "elapsed": 6803.794755, "delta": 0.005281}}
{"target": -10.298447642555299, "params": {"colsample_bytree": 0.4845894157244871, "eta": 0.05225674875461271, "gamma": 224.2566227279301, "max_depth": 7.0, "min_child_weight": 3829.0709639123947, "num_boost_round": 6.0, "subsample": 0.2664527888780535}, "datetime": {"datetime": "2024-01-20 15:15:06", "elapsed": 6803.799526, "delta": 0.004771}}
{"target": -10.298576208993776, "params": {"colsample_bytree": 0.4845894157244871, "eta": 0.05225674875461271, "gamma": 224.2566227279301, "max_depth": 7.0, "min_child_weight": 3829.0709639123947, "num_boost_round": 7.0, "subsample": 0.2664527888780535}, "datetime": {"datetime": "2024-01-20 15:15:06", "elapsed": 6803.80439, "delta": 0.004864}}
{"target": -10.29852898909311, "params": {"colsample_bytree": 0.4845894157244871, "eta": 0.05225674875461271, "gamma": 224.2566227279301, "max_depth": 7.0, "min_child_weight": 3829.0709639123947, "num_boost_round": 8.0, "subsample": 0.2664527888780535}, "datetime": {"datetime": "2024-01-20 15:15:06", "elapsed": 6803.808862, "delta": 0.004472}}
{"target": -10.298736991053097, "params": {"colsample_bytree": 0.4845894157244871, "eta": 0.05225674875461271, "gamma": 224.2566227279301, "max_depth": 7.0, "min_child_weight": 3829.0709639123947, "num_boost_round": 9.0, "subsample": 0.2664527888780535}, "datetime": {"datetime": "2024-01-20 15:15:06", "elapsed": 6803.813245, "delta": 0.004383}}
{"target": -10.299027401704478, "params": {"colsample_bytree": 0.4845894157244871, "eta": 0.05225674875461271, "gamma": 224.2566227279301, "max_depth": 7.0, "min_child_weight": 3829.0709639123947, "num_boost_round": 10.0, "subsample": 0.2664527888780535}, "datetime": {"datetime": "2024-01-20 15:15:06", "elapsed": 6803.817483, "delta": 0.004238}}
{"target": -10.299056182579216, "params": {"colsample_bytree": 0.4845894157244871, "eta": 0.05225674875461271, "gamma": 224.2566227279301, "max_depth": 7.0, "min_child_weight": 3829.0709639123947, "num_boost_round": 11.0, "subsample": 0.2664527888780535}, "datetime": {"datetime": "2024-01-20 15:15:06", "elapsed": 6803.821678, "delta": 0.004195}}
{"target": -10.299459480860968, "params": {"colsample_bytree": 0.4845894157244871, "eta": 0.05225674875461271, "gamma": 224.2566227279301, "max_depth": 7.0, "min_child_weight": 3829.0709639123947, "num_boost_round": 12.0, "subsample": 0.2664527888780535}, "datetime": {"datetime": "2024-01-20 15:15:06", "elapsed": 6803.826617, "delta": 0.004939}}
{"target": -10.29935470054983, "params": {"colsample_bytree": 0.4845894157244871, "eta": 0.05225674875461271, "gamma": 224.2566227279301, "max_depth": 7.0, "min_child_weight": 3829.0709639123947, "num_boost_round": 13.0, "subsample": 0.2664527888780535}, "datetime": {"datetime": "2024-01-20 15:15:06", "elapsed": 6803.830825, "delta": 0.004208}}
{"target": -10.299492164225668, "params": {"colsample_bytree": 0.4845894157244871, "eta": 0.05225674875461271, "gamma": 224.2566227279301, "max_depth": 7.0, "min_child_weight": 3829.0709639123947, "num_boost_round": 14.0, "subsample": 0.2664527888780535}, "datetime": {"datetime": "2024-01-20 15:15:06", "elapsed": 6803.83561, "delta": 0.004785}}
{"target": -10.299732535009529, "params": {"colsample_bytree": 0.4845894157244871, "eta": 0.05225674875461271, "gamma": 224.2566227279301, "max_depth": 7.0, "min_child_weight": 3829.0709639123947, "num_boost_round": 15.0, "subsample": 0.2664527888780535}, "datetime": {"datetime": "2024-01-20 15:15:06", "elapsed": 6803.84045, "delta": 0.00484}}
{"target": -10.299723851507126, "params": {"colsample_bytree": 0.4845894157244871, "eta": 0.05225674875461271, "gamma": 224.2566227279301, "max_depth": 7.0, "min_child_weight": 3829.0709639123947, "num_boost_round": 16.0, "subsample": 0.2664527888780535}, "datetime": {"datetime": "2024-01-20 15:15:06", "elapsed": 6803.845773, "delta": 0.005323}}
{"target": -10.299953098862929, "params": {"colsample_bytree": 0.4845894157244871, "eta": 0.05225674875461271, "gamma": 224.2566227279301, "max_depth": 7.0, "min_child_weight": 3829.0709639123947, "num_boost_round": 17.0, "subsample": 0.2664527888780535}, "datetime": {"datetime": "2024-01-20 15:15:06", "elapsed": 6803.851642, "delta": 0.005869}}
{"target": -10.300069861449945, "params": {"colsample_bytree": 0.4845894157244871, "eta": 0.05225674875461271, "gamma": 224.2566227279301, "max_depth": 7.0, "min_child_weight": 3829.0709639123947, "num_boost_round": 18.0, "subsample": 0.2664527888780535}, "datetime": {"datetime": "2024-01-20 15:15:06", "elapsed": 6803.857845, "delta": 0.006203}}
{"target": -10.300421250298971, "params": {"colsample_bytree": 0.4845894157244871, "eta": 0.05225674875461271, "gamma": 224.2566227279301, "max_depth": 7.0, "min_child_weight": 3829.0709639123947, "num_boost_round": 19.0, "subsample": 0.2664527888780535}, "datetime": {"datetime": "2024-01-20 15:15:06", "elapsed": 6803.86323, "delta": 0.005385}}
{"target": -10.3004105977462, "params": {"colsample_bytree": 0.4845894157244871, "eta": 0.05225674875461271, "gamma": 224.2566227279301, "max_depth": 7.0, "min_child_weight": 3829.0709639123947, "num_boost_round": 20.0, "subsample": 0.2664527888780535}, "datetime": {"datetime": "2024-01-20 15:15:06", "elapsed": 6803.868177, "delta": 0.004947}}
{"target": -10.300460450888316, "params": {"colsample_bytree": 0.4845894157244871, "eta": 0.05225674875461271, "gamma": 224.2566227279301, "max_depth": 7.0, "min_child_weight": 3829.0709639123947, "num_boost_round": 21.0, "subsample": 0.2664527888780535}, "datetime": {"datetime": "2024-01-20 15:15:06", "elapsed": 6803.872833, "delta": 0.004656}}
{"target": -10.30054211924887, "params": {"colsample_bytree": 0.4845894157244871, "eta": 0.05225674875461271, "gamma": 224.2566227279301, "max_depth": 7.0, "min_child_weight": 3829.0709639123947, "num_boost_round": 22.0, "subsample": 0.2664527888780535}, "datetime": {"datetime": "2024-01-20 15:15:06", "elapsed": 6803.877345, "delta": 0.004512}}
{"target": -10.300892403259622, "params": {"colsample_bytree": 0.4845894157244871, "eta": 0.05225674875461271, "gamma": 224.2566227279301, "max_depth": 7.0, "min_child_weight": 3829.0709639123947, "num_boost_round": 23.0, "subsample": 0.2664527888780535}, "datetime": {"datetime": "2024-01-20 15:15:06", "elapsed": 6803.881718, "delta": 0.004373}}
{"target": -10.301025733633992, "params": {"colsample_bytree": 0.4845894157244871, "eta": 0.05225674875461271, "gamma": 224.2566227279301, "max_depth": 7.0, "min_child_weight": 3829.0709639123947, "num_boost_round": 24.0, "subsample": 0.2664527888780535}, "datetime": {"datetime": "2024-01-20 15:15:06", "elapsed": 6803.886046, "delta": 0.004328}}
{"target": -10.301341803650525, "params": {"colsample_bytree": 0.4845894157244871, "eta": 0.05225674875461271, "gamma": 224.2566227279301, "max_depth": 7.0, "min_child_weight": 3829.0709639123947, "num_boost_round": 25.0, "subsample": 0.2664527888780535}, "datetime": {"datetime": "2024-01-20 15:15:06", "elapsed": 6803.890131, "delta": 0.004085}}
{"target": -10.301620565862052, "params": {"colsample_bytree": 0.4845894157244871, "eta": 0.05225674875461271, "gamma": 224.2566227279301, "max_depth": 7.0, "min_child_weight": 3829.0709639123947, "num_boost_round": 26.0, "subsample": 0.2664527888780535}, "datetime": {"datetime": "2024-01-20 15:15:06", "elapsed": 6803.894543, "delta": 0.004412}}
{"target": -10.301647366803813, "params": {"colsample_bytree": 0.4845894157244871, "eta": 0.05225674875461271, "gamma": 224.2566227279301, "max_depth": 7.0, "min_child_weight": 3829.0709639123947, "num_boost_round": 27.0, "subsample": 0.2664527888780535}, "datetime": {"datetime": "2024-01-20 15:15:06", "elapsed": 6803.898675, "delta": 0.004132}}
{"target": -10.301758857432226, "params": {"colsample_bytree": 0.4845894157244871, "eta": 0.05225674875461271, "gamma": 224.2566227279301, "max_depth": 7.0, "min_child_weight": 3829.0709639123947, "num_boost_round": 28.0, "subsample": 0.2664527888780535}, "datetime": {"datetime": "2024-01-20 15:15:06", "elapsed": 6803.902869, "delta": 0.004194}}
{"target": -10.3021860829991, "params": {"colsample_bytree": 0.4845894157244871, "eta": 0.05225674875461271, "gamma": 224.2566227279301, "max_depth": 7.0, "min_child_weight": 3829.0709639123947, "num_boost_round": 29.0, "subsample": 0.2664527888780535}, "datetime": {"datetime": "2024-01-20 15:15:06", "elapsed": 6803.907204, "delta": 0.004335}}
{"target": -10.30228758574479, "params": {"colsample_bytree": 0.4845894157244871, "eta": 0.05225674875461271, "gamma": 224.2566227279301, "max_depth": 7.0, "min_child_weight": 3829.0709639123947, "num_boost_round": 30.0, "subsample": 0.2664527888780535}, "datetime": {"datetime": "2024-01-20 15:15:06", "elapsed": 6803.911672, "delta": 0.004468}}
{"target": -10.302418077403349, "params": {"colsample_bytree": 0.4845894157244871, "eta": 0.05225674875461271, "gamma": 224.2566227279301, "max_depth": 7.0, "min_child_weight": 3829.0709639123947, "num_boost_round": 31.0, "subsample": 0.2664527888780535}, "datetime": {"datetime": "2024-01-20 15:15:06", "elapsed": 6803.916385, "delta": 0.004713}}
{"target": -10.302640306814004, "params": {"colsample_bytree": 0.4845894157244871, "eta": 0.05225674875461271, "gamma": 224.2566227279301, "max_depth": 7.0, "min_child_weight": 3829.0709639123947, "num_boost_round": 32.0, "subsample": 0.2664527888780535}, "datetime": {"datetime": "2024-01-20 15:15:06", "elapsed": 6803.920614, "delta": 0.004229}}
{"target": -10.302793316168186, "params": {"colsample_bytree": 0.4845894157244871, "eta": 0.05225674875461271, "gamma": 224.2566227279301, "max_depth": 7.0, "min_child_weight": 3829.0709639123947, "num_boost_round": 33.0, "subsample": 0.2664527888780535}, "datetime": {"datetime": "2024-01-20 15:15:06", "elapsed": 6803.924934, "delta": 0.00432}}
{"target": -10.302989364353166, "params": {"colsample_bytree": 0.4845894157244871, "eta": 0.05225674875461271, "gamma": 224.2566227279301, "max_depth": 7.0, "min_child_weight": 3829.0709639123947, "num_boost_round": 34.0, "subsample": 0.2664527888780535}, "datetime": {"datetime": "2024-01-20 15:15:06", "elapsed": 6803.929246, "delta": 0.004312}}
{"target": -10.303084918448308, "params": {"colsample_bytree": 0.4845894157244871, "eta": 0.05225674875461271, "gamma": 224.2566227279301, "max_depth": 7.0, "min_child_weight": 3829.0709639123947, "num_boost_round": 35.0, "subsample": 0.2664527888780535}, "datetime": {"datetime": "2024-01-20 15:15:06", "elapsed": 6803.933518, "delta": 0.004272}}
{"target": -10.303288780900662, "params": {"colsample_bytree": 0.4845894157244871, "eta": 0.05225674875461271, "gamma": 224.2566227279301, "max_depth": 7.0, "min_child_weight": 3829.0709639123947, "num_boost_round": 36.0, "subsample": 0.2664527888780535}, "datetime": {"datetime": "2024-01-20 15:15:06", "elapsed": 6803.937664, "delta": 0.004146}}
{"target": -10.303483918777808, "params": {"colsample_bytree": 0.4845894157244871, "eta": 0.05225674875461271, "gamma": 224.2566227279301, "max_depth": 7.0, "min_child_weight": 3829.0709639123947, "num_boost_round": 37.0, "subsample": 0.2664527888780535}, "datetime": {"datetime": "2024-01-20 15:15:06", "elapsed": 6803.941849, "delta": 0.004185}}
{"target": -10.303573493551674, "params": {"colsample_bytree": 0.4845894157244871, "eta": 0.05225674875461271, "gamma": 224.2566227279301, "max_depth": 7.0, "min_child_weight": 3829.0709639123947, "num_boost_round": 38.0, "subsample": 0.2664527888780535}, "datetime": {"datetime": "2024-01-20 15:15:06", "elapsed": 6803.946268, "delta": 0.004419}}
{"target": -10.303676482071523, "params": {"colsample_bytree": 0.4845894157244871, "eta": 0.05225674875461271, "gamma": 224.2566227279301, "max_depth": 7.0, "min_child_weight": 3829.0709639123947, "num_boost_round": 39.0, "subsample": 0.2664527888780535}, "datetime": {"datetime": "2024-01-20 15:15:06", "elapsed": 6803.950386, "delta": 0.004118}}
{"target": -10.303983868181291, "params": {"colsample_bytree": 0.4845894157244871, "eta": 0.05225674875461271, "gamma": 224.2566227279301, "max_depth": 7.0, "min_child_weight": 3829.0709639123947, "num_boost_round": 40.0, "subsample": 0.2664527888780535}, "datetime": {"datetime": "2024-01-20 15:15:06", "elapsed": 6803.954358, "delta": 0.003972}}
{"target": -10.303920448688483, "params": {"colsample_bytree": 0.4845894157244871, "eta": 0.05225674875461271, "gamma": 224.2566227279301, "max_depth": 7.0, "min_child_weight": 3829.0709639123947, "num_boost_round": 41.0, "subsample": 0.2664527888780535}, "datetime": {"datetime": "2024-01-20 15:15:06", "elapsed": 6803.960702, "delta": 0.006344}}
{"target": -10.304014621340354, "params": {"colsample_bytree": 0.4845894157244871, "eta": 0.05225674875461271, "gamma": 224.2566227279301, "max_depth": 7.0, "min_child_weight": 3829.0709639123947, "num_boost_round": 42.0, "subsample": 0.2664527888780535}, "datetime": {"datetime": "2024-01-20 15:15:06", "elapsed": 6803.966299, "delta": 0.005597}}
{"target": -10.304260242433903, "params": {"colsample_bytree": 0.4845894157244871, "eta": 0.05225674875461271, "gamma": 224.2566227279301, "max_depth": 7.0, "min_child_weight": 3829.0709639123947, "num_boost_round": 43.0, "subsample": 0.2664527888780535}, "datetime": {"datetime": "2024-01-20 15:15:06", "elapsed": 6803.973016, "delta": 0.006717}}
{"target": -10.304309865012806, "params": {"colsample_bytree": 0.4845894157244871, "eta": 0.05225674875461271, "gamma": 224.2566227279301, "max_depth": 7.0, "min_child_weight": 3829.0709639123947, "num_boost_round": 44.0, "subsample": 0.2664527888780535}, "datetime": {"datetime": "2024-01-20 15:15:06", "elapsed": 6803.977978, "delta": 0.004962}}
{"target": -10.304329224809337, "params": {"colsample_bytree": 0.4845894157244871, "eta": 0.05225674875461271, "gamma": 224.2566227279301, "max_depth": 7.0, "min_child_weight": 3829.0709639123947, "num_boost_round": 45.0, "subsample": 0.2664527888780535}, "datetime": {"datetime": "2024-01-20 15:15:06", "elapsed": 6803.982782, "delta": 0.004804}}
{"target": -10.304456597034967, "params": {"colsample_bytree": 0.4845894157244871, "eta": 0.05225674875461271, "gamma": 224.2566227279301, "max_depth": 7.0, "min_child_weight": 3829.0709639123947, "num_boost_round": 46.0, "subsample": 0.2664527888780535}, "datetime": {"datetime": "2024-01-20 15:15:06", "elapsed": 6803.987213, "delta": 0.004431}}
{"target": -10.304682290286406, "params": {"colsample_bytree": 0.4845894157244871, "eta": 0.05225674875461271, "gamma": 224.2566227279301, "max_depth": 7.0, "min_child_weight": 3829.0709639123947, "num_boost_round": 47.0, "subsample": 0.2664527888780535}, "datetime": {"datetime": "2024-01-20 15:15:06", "elapsed": 6803.991474, "delta": 0.004261}}
{"target": -10.304632547536018, "params": {"colsample_bytree": 0.4845894157244871, "eta": 0.05225674875461271, "gamma": 224.2566227279301, "max_depth": 7.0, "min_child_weight": 3829.0709639123947, "num_boost_round": 48.0, "subsample": 0.2664527888780535}, "datetime": {"datetime": "2024-01-20 15:15:06", "elapsed": 6803.995704, "delta": 0.00423}}
{"target": -10.30469218603417, "params": {"colsample_bytree": 0.4845894157244871, "eta": 0.05225674875461271, "gamma": 224.2566227279301, "max_depth": 7.0, "min_child_weight": 3829.0709639123947, "num_boost_round": 49.0, "subsample": 0.2664527888780535}, "datetime": {"datetime": "2024-01-20 15:15:06", "elapsed": 6803.999823, "delta": 0.004119}}
{"target": -10.304819288485234, "params": {"colsample_bytree": 0.4845894157244871, "eta": 0.05225674875461271, "gamma": 224.2566227279301, "max_depth": 7.0, "min_child_weight": 3829.0709639123947, "num_boost_round": 50.0, "subsample": 0.2664527888780535}, "datetime": {"datetime": "2024-01-20 15:15:06", "elapsed": 6804.004145, "delta": 0.004322}}
{"target": -10.305144961049418, "params": {"colsample_bytree": 0.4845894157244871, "eta": 0.05225674875461271, "gamma": 224.2566227279301, "max_depth": 7.0, "min_child_weight": 3829.0709639123947, "num_boost_round": 51.0, "subsample": 0.2664527888780535}, "datetime": {"datetime": "2024-01-20 15:15:06", "elapsed": 6804.00844, "delta": 0.004295}}
{"target": -10.305274208146582, "params": {"colsample_bytree": 0.4845894157244871, "eta": 0.05225674875461271, "gamma": 224.2566227279301, "max_depth": 7.0, "min_child_weight": 3829.0709639123947, "num_boost_round": 52.0, "subsample": 0.2664527888780535}, "datetime": {"datetime": "2024-01-20 15:15:06", "elapsed": 6804.012617, "delta": 0.004177}}
{"target": -10.305251522966984, "params": {"colsample_bytree": 0.4845894157244871, "eta": 0.05225674875461271, "gamma": 224.2566227279301, "max_depth": 7.0, "min_child_weight": 3829.0709639123947, "num_boost_round": 53.0, "subsample": 0.2664527888780535}, "datetime": {"datetime": "2024-01-20 15:15:06", "elapsed": 6804.016789, "delta": 0.004172}}
{"target": -10.305289312035011, "params": {"colsample_bytree": 0.4845894157244871, "eta": 0.05225674875461271, "gamma": 224.2566227279301, "max_depth": 7.0, "min_child_weight": 3829.0709639123947, "num_boost_round": 54.0, "subsample": 0.2664527888780535}, "datetime": {"datetime": "2024-01-20 15:15:06", "elapsed": 6804.021014, "delta": 0.004225}}
{"target": -10.305420252356882, "params": {"colsample_bytree": 0.4845894157244871, "eta": 0.05225674875461271, "gamma": 224.2566227279301, "max_depth": 7.0, "min_child_weight": 3829.0709639123947, "num_boost_round": 55.0, "subsample": 0.2664527888780535}, "datetime": {"datetime": "2024-01-20 15:15:06", "elapsed": 6804.025364, "delta": 0.00435}}
{"target": -10.305558701179997, "params": {"colsample_bytree": 0.4845894157244871, "eta": 0.05225674875461271, "gamma": 224.2566227279301, "max_depth": 7.0, "min_child_weight": 3829.0709639123947, "num_boost_round": 56.0, "subsample": 0.2664527888780535}, "datetime": {"datetime": "2024-01-20 15:15:06", "elapsed": 6804.029523, "delta": 0.004159}}
{"target": -10.305789866037685, "params": {"colsample_bytree": 0.4845894157244871, "eta": 0.05225674875461271, "gamma": 224.2566227279301, "max_depth": 7.0, "min_child_weight": 3829.0709639123947, "num_boost_round": 57.0, "subsample": 0.2664527888780535}, "datetime": {"datetime": "2024-01-20 15:15:06", "elapsed": 6804.033652, "delta": 0.004129}}
{"target": -10.305875781321626, "params": {"colsample_bytree": 0.4845894157244871, "eta": 0.05225674875461271, "gamma": 224.2566227279301, "max_depth": 7.0, "min_child_weight": 3829.0709639123947, "num_boost_round": 58.0, "subsample": 0.2664527888780535}, "datetime": {"datetime": "2024-01-20 15:15:06", "elapsed": 6804.037782, "delta": 0.00413}}
