{"target": -13.496707699102744, "params": {"colsample_bytree": 0.25910678112525837, "eta": 0.05153038526904421, "gamma": 697.4945696645344, "max_depth": 2.0, "min_child_weight": 4405.2421454939185, "num_boost_round": 50.0, "subsample": 0.40461549417502396}, "datetime": {"datetime": "2024-01-20 14:59:46", "elapsed": 2140.378753, "delta": 0.003238}}
{"target": -13.496710985227232, "params": {"colsample_bytree": 0.25910678112525837, "eta": 0.05153038526904421, "gamma": 697.4945696645344, "max_depth": 2.0, "min_child_weight": 4405.2421454939185, "num_boost_round": 51.0, "subsample": 0.40461549417502396}, "datetime": {"datetime": "2024-01-20 14:59:46", "elapsed": 2140.381995, "delta": 0.003242}}
{"target": -13.496778018595291, "params": {"colsample_bytree": 0.25910678112525837, "eta": 0.05153038526904421, "gamma": 697.4945696645344, "max_depth": 2.0, "min_child_weight": 4405.2421454939185, "num_boost_round": 52.0, "subsample": 0.40461549417502396}, "datetime": {"datetime": "2024-01-20 14:59:46", "elapsed": 2140.385255, "delta": 0.00326}}
{"target": -13.49683035880589, "params": {"colsample_bytree": 0.25910678112525837, "eta": 0.05153038526904421, "gamma": 697.4945696645344, "max_depth": 2.0, "min_child_weight": 4405.2421454939185, "num_boost_round": 53.0, "subsample": 0.40461549417502396}, "datetime": {"datetime": "2024-01-20 14:59:46", "elapsed": 2140.388508, "delta": 0.003253}}
{"target": -13.496825455747814, "params": {"colsample_bytree": 0.25910678112525837, "eta": 0.05153038526904421, "gamma": 697.4945696645344, "max_depth": 2.0, "min_child_weight": 4405.2421454939185, "num_boost_round": 54.0, "subsample": 0.40461549417502396}, "datetime": {"datetime": "2024-01-20 14:59:46", "elapsed": 2140.391808, "delta": 0.0033}}
{"target": -13.496913177147663, "params": {"colsample_bytree": 0.25910678112525837, "eta": 0.05153038526904421, "gamma": 697.4945696645344, "max_depth": 2.0, "min_child_weight": 4405.2421454939185, "num_boost_round": 55.0, "subsample": 0.40461549417502396}, "datetime": {"datetime": "2024-01-20 14:59:46", "elapsed": 2140.395167, "delta": 0.003359}}
{"target": -13.496989383917498, "params": {"colsample_bytree": 0.25910678112525837, "eta": 0.05153038526904421, "gamma": 697.4945696645344, "max_depth": 2.0, "min_child_weight": 4405.2421454939185, "num_boost_round": 56.0, "subsample": 0.40461549417502396}, "datetime": {"datetime": "2024-01-20 14:59:46", "elapsed": 2140.398424, "delta": 0.003257}}
{"target": -13.497050583717558, "params": {"colsample_bytree": 0.25910678112525837, "eta": 0.05153038526904421, "gamma": 697.4945696645344, "max_depth": 2.0, "min_child_weight": 4405.2421454939185, "num_boost_round": 57.0, "subsample": 0.40461549417502396}, "datetime": {"datetime": "2024-01-20 14:59:46", "elapsed": 2140.401686, "delta": 0.003262}}
{"target": -13.497023033350954, "params": {"colsample_bytree": 0.25910678112525837, "eta": 0.05153038526904421, "gamma": 697.4945696645344, "max_depth": 2.0, "min_child_weight": 4405.2421454939185, "num_boost_round": 58.0, "subsample": 0.40461549417502396}, "datetime": {"datetime": "2024-01-20 14:59:46", "elapsed": 2140.404966, "delta": 0.00328}}
{"target": -13.497055031748223, "params": {"colsample_bytree": 0.25910678112525837, "eta": 0.05153038526904421, "gamma": 697.4945696645344, "max_depth": 2.0, "min_child_weight": 4405.2421454939185, "num_boost_round": 59.0, "subsample": 0.40461549417502396}, "datetime": {"datetime": "2024-01-20 14:59:46", "elapsed": 2140.408331, "delta": 0.003365}}
{"target": -13.497098060494338, "params": {"colsample_bytree": 0.25910678112525837, "eta": 0.05153038526904421, "gamma": 697.4945696645344, "max_depth": 2.0, "min_child_weight": 4405.2421454939185, "num_boost_round": 60.0, "subsample": 0.40461549417502396}, "datetime": {"datetime": "2024-01-20 14:59:46", "elapsed": 2140.411613, "delta": 0.003282}}
{"target": -13.497156920538238, "params": {"colsample_bytree": 0.25910678112525837, "eta": 0.05153038526904421, "gamma": 697.4945696645344, "max_depth": 2.0, "min_child_weight": 4405.2421454939185, "num_boost_round": 61.0, "subsample": 0.40461549417502396}, "datetime": {"datetime": "2024-01-20 14:59:46", "elapsed": 2140.415039, "delta": 0.003426}}
{"target": -13.497169356485117, "params": {"colsample_bytree": 0.25910678112525837, "eta": 0.05153038526904421, "gamma": 697.4945696645344, "max_depth": 2.0, "min_child_weight": 4405.2421454939185, "num_boost_round": 62.0, "subsample": 0.40461549417502396}, "datetime": {"datetime": "2024-01-20 14:59:46", "elapsed": 2140.418374, "delta": 0.003335}}
{"target": -13.497160053692909, "params": {"colsample_bytree": 0.25910678112525837, "eta": 0.05153038526904421, "gamma": 697.4945696645344, "max_depth": 2.0, "min_child_weight": 4405.2421454939185, "num_boost_round": 63.0, "subsample": 0.40461549417502396}, "datetime": {"datetime": "2024-01-20 14:59:46", "elapsed": 2140.421727, "delta": 0.003353}}
{"target": -13.497096246870353, "params": {"colsample_bytree": 0.25910678112525837, "eta": 0.05153038526904421, "gamma": 697.4945696645344, "max_depth": 2.0, "min_child_weight": 4405.2421454939185, "num_boost_round": 64.0, "subsample": 0.40461549417502396}, "datetime": {"datetime": "2024-01-20 14:59:46", "elapsed": 2140.42507, "delta": 0.003343}}
{"target": -13.497068834284047, "params": {"colsample_bytree": 0.25910678112525837, "eta": 0.05153038526904421, "gamma": 697.4945696645344, "max_depth": 2.0, "min_child_weight": 4405.2421454939185, "num_boost_round": 65.0, "subsample": 0.40461549417502396}, "datetime": {"datetime": "2024-01-20 14:59:46", "elapsed": 2140.428474, "delta": 0.003404}}
{"target": -13.497098163649053, "params": {"colsample_bytree": 0.25910678112525837, "eta": 0.05153038526904421, "gamma": 697.4945696645344, "max_depth": 2.0, "min_child_weight": 4405.2421454939185, "num_boost_round": 66.0, "subsample": 0.40461549417502396}, "datetime": {"datetime": "2024-01-20 14:59:46", "elapsed": 2140.433429, "delta": 0.004955}}
{"target": -13.497149841316915, "params": {"colsample_bytree": 0.25910678112525837, "eta": 0.05153038526904421, "gamma": 697.4945696645344, "max_depth": 2.0, "min_child_weight": 4405.2421454939185, "num_boost_round": 67.0, "subsample": 0.40461549417502396}, "datetime": {"datetime": "2024-01-20 14:59:46", "elapsed": 2140.437625, "delta": 0.004196}}
{"target": -13.497222236595139, "params": {"colsample_bytree": 0.25910678112525837, "eta": 0.05153038526904421, "gamma": 697.4945696645344, "max_depth": 2.0, "min_child_weight": 4405.2421454939185, "num_boost_round": 68.0, "subsample": 0.40461549417502396}, "datetime": {"datetime": "2024-01-20 14:59:46", "elapsed": 2140.442179, "delta": 0.004554}}
{"target": -13.49724864444972, "params": {"colsample_bytree": 0.25910678112525837, "eta": 0.05153038526904421, "gamma": 697.4945696645344, "max_depth": 2.0, "min_child_weight": 4405.2421454939185, "num_boost_round": 69.0, "subsample": 0.40461549417502396}, "datetime": {"datetime": "2024-01-20 14:59:47", "elapsed": 2140.446744, "delta": 0.004565}}
{"target": -13.497214877439283, "params": {"colsample_bytree": 0.25910678112525837, "eta": 0.05153038526904421, "gamma": 697.4945696645344, "max_depth": 2.0, "min_child_weight": 4405.2421454939185, "num_boost_round": 70.0, "subsample": 0.40461549417502396}, "datetime": {"datetime": "2024-01-20 14:59:47", "elapsed": 2140.450451, "delta": 0.003707}}
{"target": -13.497087579953696, "params": {"colsample_bytree": 0.25910678112525837, "eta": 0.05153038526904421, "gamma": 697.4945696645344, "max_depth": 2.0, "min_child_weight": 4405.2421454939185, "num_boost_round": 71.0, "subsample": 0.40461549417502396}, "datetime": {"datetime": "2024-01-20 14:59:47", "elapsed": 2140.453914, "delta": 0.003463}}
{"target": -13.497131617543275, "params": {"colsample_bytree": 0.25910678112525837, "eta": 0.05153038526904421, "gamma": 697.4945696645344, "max_depth": 2.0, "min_child_weight": 4405.2421454939185, "num_boost_round": 72.0, "subsample": 0.40461549417502396}, "datetime": {"datetime": "2024-01-20 14:59:47", "elapsed": 2140.457209, "delta": 0.003295}}
{"target": -13.49700325579447, "params": {"colsample_bytree": 0.25910678112525837, "eta": 0.05153038526904421, "gamma": 697.4945696645344, "max_depth": 2.0, "min_child_weight": 4405.2421454939185, "num_boost_round": 73.0, "subsample": 0.40461549417502396}, "datetime": {"datetime": "2024-01-20 14:59:47", "elapsed": 2140.460486, "delta": 0.003277}}
{"target": -13.496985080082867, "params": {"colsample_bytree": 0.25910678112525837, "eta": 0.05153038526904421, "gamma": 697.4945696645344, "max_depth": 2.0, "min_child_weight": 4405.2421454939185, "num_boost_round": 74.0, "subsample": 0.40461549417502396}, "datetime": {"datetime": "2024-01-20 14:59:47", "elapsed": 2140.463734, "delta": 0.003248}}
{"target": -13.49684491404483, "params": {"colsample_bytree": 0.25910678112525837, "eta": 0.05153038526904421, "gamma": 697.4945696645344, "max_depth": 2.0, "min_child_weight": 4405.2421454939185, "num_boost_round": 75.0, "subsample": 0.40461549417502396}, "datetime": {"datetime": "2024-01-20 14:59:47", "elapsed": 2140.467005, "delta": 0.003271}}
{"target": -13.496778075914342, "params": {"colsample_bytree": 0.25910678112525837, "eta": 0.05153038526904421, "gamma": 697.4945696645344, "max_depth": 2.0, "min_child_weight": 4405.2421454939185, "num_boost_round": 76.0, "subsample": 0.40461549417502396}, "datetime": {"datetime": "2024-01-20 14:59:47", "elapsed": 2140.470268, "delta": 0.003263}}
{"target": -13.496708152164182, "params": {"colsample_bytree": 0.25910678112525837, "eta": 0.05153038526904421, "gamma": 697.4945696645344, "max_depth": 2.0, "min_child_weight": 4405.2421454939185, "num_boost_round": 77.0, "subsample": 0.40461549417502396}, "datetime": {"datetime": "2024-01-20 14:59:47", "elapsed": 2140.473531, "delta": 0.003263}}
{"target": -13.49666389318342, "params": {"colsample_bytree": 0.25910678112525837, "eta": 0.05153038526904421, "gamma": 697.4945696645344, "max_depth": 2.0, "min_child_weight": 4405.2421454939185, "num_boost_round": 78.0, "subsample": 0.40461549417502396}, "datetime": {"datetime": "2024-01-20 14:59:47", "elapsed": 2140.476862, "delta": 0.003331}}
{"target": -13.496635373476256, "params": {"colsample_bytree": 0.25910678112525837, "eta": 0.05153038526904421, "gamma": 697.4945696645344, "max_depth": 2.0, "min_child_weight": 4405.2421454939185, "num_boost_round": 79.0, "subsample": 0.40461549417502396}, "datetime": {"datetime": "2024-01-20 14:59:47", "elapsed": 2140.480101, "delta": 0.003239}}
{"target": -13.496719425280883, "params": {"colsample_bytree": 0.25910678112525837, "eta": 0.05153038526904421, "gamma": 697.4945696645344, "max_depth": 2.0, "min_child_weight": 4405.2421454939185, "num_boost_round": 80.0, "subsample": 0.40461549417502396}, "datetime": {"datetime": "2024-01-20 14:59:47", "elapsed": 2140.483335, "delta": 0.003234}}
{"target": -13.496711464173297, "params": {"colsample_bytree": 0.25910678112525837, "eta": 0.05153038526904421, "gamma": 697.4945696645344, "max_depth": 2.0, "min_child_weight": 4405.2421454939185, "num_boost_round": 81.0, "subsample": 0.40461549417502396}, "datetime": {"datetime": "2024-01-20 14:59:47", "elapsed": 2140.486575, "delta": 0.00324}}
{"target": -13.4967107072221, "params": {"colsample_bytree": 0.25910678112525837, "eta": 0.05153038526904421, "gamma": 697.4945696645344, "max_depth": 2.0, "min_child_weight": 4405.2421454939185, "num_boost_round": 82.0, "subsample": 0.40461549417502396}, "datetime": {"datetime": "2024-01-20 14:59:47", "elapsed": 2140.489797, "delta": 0.003222}}
{"target": -13.496745822580497, "params": {"colsample_bytree": 0.25910678112525837, "eta": 0.05153038526904421, "gamma": 697.4945696645344, "max_depth": 2.0, "min_child_weight": 4405.2421454939185, "num_boost_round": 83.0, "subsample": 0.40461549417502396}, "datetime": {"datetime": "2024-01-20 14:59:47", "elapsed": 2140.493128, "delta": 0.003331}}
{"target": -13.496669852152898, "params": {"colsample_bytree": 0.25910678112525837, "eta": 0.05153038526904421, "gamma": 697.4945696645344, "max_depth": 2.0, "min_child_weight": 4405.2421454939185, "num_boost_round": 84.0, "subsample": 0.40461549417502396}, "datetime": {"datetime": "2024-01-20 14:59:47", "elapsed": 2140.496377, "delta": 0.003249}}
{"target": -13.496635193141357, "params": {"colsample_bytree": 0.25910678112525837, "eta": 0.05153038526904421, "gamma": 697.4945696645344, "max_depth": 2.0, "min_child_weight": 4405.2421454939185, "num_boost_round": 85.0, "subsample": 0.40461549417502396}, "datetime": {"datetime": "2024-01-20 14:59:47", "elapsed": 2140.499626, "delta": 0.003249}}
{"target": -13.496672666716357, "params": {"colsample_bytree": 0.25910678112525837, "eta": 0.05153038526904421, "gamma": 697.4945696645344, "max_depth": 2.0, "min_child_weight": 4405.2421454939185, "num_boost_round": 86.0, "subsample": 0.40461549417502396}, "datetime": {"datetime": "2024-01-20 14:59:47", "elapsed": 2140.503436, "delta": 0.00381}}
{"target": -13.496697634440489, "params": {"colsample_bytree": 0.25910678112525837, "eta": 0.05153038526904421, "gamma": 697.4945696645344, "max_depth": 2.0, "min_child_weight": 4405.2421454939185, "num_boost_round": 87.0, "subsample": 0.40461549417502396}, "datetime": {"datetime": "2024-01-20 14:59:47", "elapsed": 2140.506976, "delta": 0.00354}}
{"target": -13.496667464897016, "params": {"colsample_bytree": 0.25910678112525837, "eta": 0.05153038526904421, "gamma": 697.4945696645344, "max_depth": 2.0, "min_child_weight": 4405.2421454939185, "num_boost_round": 88.0, "subsample": 0.40461549417502396}, "datetime": {"datetime": "2024-01-20 14:59:47", "elapsed": 2140.511492, "delta": 0.004516}}
{"target": -13.496681076121693, "params": {"colsample_bytree": 0.25910678112525837, "eta": 0.05153038526904421, "gamma": 697.4945696645344, "max_depth": 2.0, "min_child_weight": 4405.2421454939185, "num_boost_round": 89.0, "subsample": 0.40461549417502396}, "datetime": {"datetime": "2024-01-20 14:59:47", "elapsed": 2140.515078, "delta": 0.003586}}
{"target": -13.496706006128843, "params": {"colsample_bytree": 0.25910678112525837, "eta": 0.05153038526904421, "gamma": 697.4945696645344, "max_depth": 2.0, "min_child_weight": 4405.2421454939185, "num_boost_round": 90.0, "subsample": 0.40461549417502396}, "datetime": {"datetime": "2024-01-20 14:59:47", "elapsed": 2140.518558, "delta": 0.00348}}
{"target": -13.496724468535678, "params": {"colsample_bytree": 0.25910678112525837, "eta": 0.05153038526904421, "gamma": 697.4945696645344, "max_depth": 2.0, "min_child_weight": 4405.2421454939185, "num_boost_round": 91.0, "subsample": 0.40461549417502396}, "datetime": {"datetime": "2024-01-20 14:59:47", "elapsed": 2140.521922, "delta": 0.003364}}
{"target": -13.496677390864523, "params": {"colsample_bytree": 0.25910678112525837, "eta": 0.05153038526904421, "gamma": 697.4945696645344, "max_depth": 2.0, "min_child_weight": 4405.2421454939185, "num_boost_round": 92.0, "subsample": 0.40461549417502396}, "datetime": {"datetime": "2024-01-20 14:59:47", "elapsed": 2140.525329, "delta": 0.003407}}
{"target": -13.496578510211485, "params": {"colsample_bytree": 0.25910678112525837, "eta": 0.05153038526904421, "gamma": 697.4945696645344, "max_depth": 2.0, "min_child_weight": 4405.2421454939185, "num_boost_round": 93.0, "subsample": 0.40461549417502396}, "datetime": {"datetime": "2024-01-20 14:59:47", "elapsed": 2140.528645, "delta": 0.003316}}
{"target": -13.49660818372037, "params": {"colsample_bytree": 0.25910678112525837, "eta": 0.05153038526904421, "gamma": 697.4945696645344, "max_depth": 2.0, "min_child_weight": 4405.2421454939185, "num_boost_round": 94.0, "subsample": 0.40461549417502396}, "datetime": {"datetime": "2024-01-20 14:59:47", "elapsed": 2140.531897, "delta": 0.003252}}
{"target": -13.496609799630988, "params": {"colsample_bytree": 0.25910678112525837, "eta": 0.05153038526904421, "gamma": 697.4945696645344, "max_depth": 2.0, "min_child_weight": 4405.2421454939185, "num_boost_round": 95.0, "subsample": 0.40461549417502396}, "datetime": {"datetime": "2024-01-20 14:59:47", "elapsed": 2140.535227, "delta": 0.00333}}
{"target": -13.496656692113312, "params": {"colsample_bytree": 0.25910678112525837, "eta": 0.05153038526904421, "gamma": 697.4945696645344, "max_depth": 2.0, "min_child_weight": 4405.2421454939185, "num_boost_round": 96.0, "subsample": 0.40461549417502396}, "datetime": {"datetime": "2024-01-20 14:59:47", "elapsed": 2140.538435, "delta": 0.003208}}
{"target": -13.496622291522947, "params": {"colsample_bytree": 0.25910678112525837, "eta": 0.05153038526904421, "gamma": 697.4945696645344, "max_depth": 2.0, "min_child_weight": 4405.2421454939185, "num_boost_round": 97.0, "subsample": 0.40461549417502396}, "datetime": {"datetime": "2024-01-20 14:59:47", "elapsed": 2140.541784, "delta": 0.003349}}
{"target": -13.496683951883954, "params": {"colsample_bytree": 0.25910678112525837, "eta": 0.05153038526904421, "gamma": 697.4945696645344, "max_depth": 2.0, "min_child_weight": 4405.2421454939185, "num_boost_round": 98.0, "subsample": 0.40461549417502396}, "datetime": {"datetime": "2024-01-20 14:59:47", "elapsed": 2140.545065, "delta": 0.003281}}
{"target": -13.4967763910082, "params": {"colsample_bytree": 0.25910678112525837, "eta": 0.05153038526904421, "gamma": 697.4945696645344, "max_depth": 2.0, "min_child_weight": 4405.2421454939185, "num_boost_round": 99.0, "subsample": 0.40461549417502396}, "datetime": {"datetime": "2024-01-20 14:59:47", "elapsed": 2140.548297, "delta": 0.003232}}
{"target": -13.496701689684937, "params": {"colsample_bytree": 0.25910678112525837, "eta": 0.05153038526904421, "gamma": 697.4945696645344, "max_depth": 2.0, "min_child_weight": 4405.2421454939185, "num_boost_round": 100.0, "subsample": 0.40461549417502396}, "datetime": {"datetime": "2024-01-20 14:59:47", "elapsed": 2140.551524, "delta": 0.003227}}
{"target": -13.496716442950447, "params": {"colsample_bytree": 0.25910678112525837, "eta": 0.05153038526904421, "gamma": 697.4945696645344, "max_depth": 2.0, "min_child_weight": 4405.2421454939185, "num_boost_round": 101.0, "subsample": 0.40461549417502396}, "datetime": {"datetime": "2024-01-20 14:59:47", "elapsed": 2140.554824, "delta": 0.0033}}
{"target": -13.496750742802648, "params": {"colsample_bytree": 0.25910678112525837, "eta": 0.05153038526904421, "gamma": 697.4945696645344, "max_depth": 2.0, "min_child_weight": 4405.2421454939185, "num_boost_round": 102.0, "subsample": 0.40461549417502396}, "datetime": {"datetime": "2024-01-20 14:59:47", "elapsed": 2140.558578, "delta": 0.003754}}
{"target": -13.496738725728413, "params": {"colsample_bytree": 0.25910678112525837, "eta": 0.05153038526904421, "gamma": 697.4945696645344, "max_depth": 2.0, "min_child_weight": 4405.2421454939185, "num_boost_round": 103.0, "subsample": 0.40461549417502396}, "datetime": {"datetime": "2024-01-20 14:59:47", "elapsed": 2140.562826, "delta": 0.004248}}
{"target": -13.496721284090551, "params": {"colsample_bytree": 0.25910678112525837, "eta": 0.05153038526904421, "gamma": 697.4945696645344, "max_depth": 2.0, "min_child_weight": 4405.2421454939185, "num_boost_round": 104.0, "subsample": 0.40461549417502396}, "datetime": {"datetime": "2024-01-20 14:59:47", "elapsed": 2140.567239, "delta": 0.004413}}
{"target": -13.496676832779057, "params": {"colsample_bytree": 0.25910678112525837, "eta": 0.05153038526904421, "gamma": 697.4945696645344, "max_depth": 2.0, "min_child_weight": 4405.2421454939185, "num_boost_round": 105.0, "subsample": 0.40461549417502396}, "datetime": {"datetime": "2024-01-20 14:59:47", "elapsed": 2140.570911, "delta": 0.003672}}
{"target": -13.4966868232659, "params": {"colsample_bytree": 0.25910678112525837, "eta": 0.05153038526904421, "gamma": 697.4945696645344, "max_depth": 2.0, "min_child_weight": 4405.2421454939185, "num_boost_round": 106.0, "subsample": 0.40461549417502396}, "datetime": {"datetime": "2024-01-20 14:59:47", "elapsed": 2140.574275, "delta": 0.003364}}
{"target": -13.496632677985957, "params": {"colsample_bytree": 0.25910678112525837, "eta": 0.05153038526904421, "gamma": 697.4945696645344, "max_depth": 2.0, "min_child_weight": 4405.2421454939185, "num_boost_round": 107.0, "subsample": 0.40461549417502396}, "datetime": {"datetime": "2024-01-20 14:59:47", "elapsed": 2140.577639, "delta": 0.003364}}
{"target": -13.496599187048407, "params": {"colsample_bytree": 0.25910678112525837, "eta": 0.05153038526904421, "gamma": 697.4945696645344, "max_depth": 2.0, "min_child_weight": 4405.2421454939185, "num_boost_round": 108.0, "subsample": 0.40461549417502396}, "datetime": {"datetime": "2024-01-20 14:59:47", "elapsed": 2140.580875, "delta": 0.003236}}
{"target": -13.496582152540476, "params": {"colsample_bytree": 0.25910678112525837, "eta": 0.05153038526904421, "gamma": 697.4945696645344, "max_depth": 2.0, "min_child_weight": 4405.2421454939185, "num_boost_round": 109.0, "subsample": 0.40461549417502396}, "datetime": {"datetime": "2024-01-20 14:59:47", "elapsed": 2140.584128, "delta": 0.003253}}
{"target": -13.496624688216013, "params": {"colsample_bytree": 0.25910678112525837, "eta": 0.05153038526904421, "gamma": 697.4945696645344, "max_depth": 2.0, "min_child_weight": 4405.2421454939185, "num_boost_round": 110.0, "subsample": 0.40461549417502396}, "datetime": {"datetime": "2024-01-20 14:59:47", "elapsed": 2140.587372, "delta": 0.003244}}
{"target": -13.496658817776467, "params": {"colsample_bytree": 0.25910678112525837, "eta": 0.05153038526904421, "gamma": 697.4945696645344, "max_depth": 2.0, "min_child_weight": 4405.2421454939185, "num_boost_round": 111.0, "subsample": 0.40461549417502396}, "datetime": {"datetime": "2024-01-20 14:59:47", "elapsed": 2140.590613, "delta": 0.003241}}
