{"target": -13.497323416260866, "params": {"colsample_bytree": 0.32178726156477, "eta": 0.016607368850255717, "gamma": 711.8167829270164, "max_depth": 7.0, "min_child_weight": 4017.5428872282127, "num_boost_round": 6.0, "subsample": 0.3605079730865176}, "datetime": {"datetime": "2024-01-20 14:30:44", "elapsed": 398.19948, "delta": 0.000935}}
{"target": -13.497216681417136, "params": {"colsample_bytree": 0.32178726156477, "eta": 0.016607368850255717, "gamma": 711.8167829270164, "max_depth": 7.0, "min_child_weight": 4017.5428872282127, "num_boost_round": 7.0, "subsample": 0.3605079730865176}, "datetime": {"datetime": "2024-01-20 14:30:44", "elapsed": 398.200305, "delta": 0.000825}}
{"target": -13.497135719644058, "params": {"colsample_bytree": 0.32178726156477, "eta": 0.016607368850255717, "gamma": 711.8167829270164, "max_depth": 7.0, "min_child_weight": 4017.5428872282127, "num_boost_round": 8.0, "subsample": 0.3605079730865176}, "datetime": {"datetime": "2024-01-20 14:30:44", "elapsed": 398.201123, "delta": 0.000818}}
{"target": -13.497126872279766, "params": {"colsample_bytree": 0.32178726156477, "eta": 0.016607368850255717, "gamma": 711.8167829270164, "max_depth": 7.0, "min_child_weight": 4017.5428872282127, "num_boost_round": 9.0, "subsample": 0.3605079730865176}, "datetime": {"datetime": "2024-01-20 14:30:44", "elapsed": 398.201944, "delta": 0.000821}}
{"target": -13.497039435689732, "params": {"colsample_bytree": 0.32178726156477, "eta": 0.016607368850255717, "gamma": 711.8167829270164, "max_depth": 7.0, "min_child_weight": 4017.5428872282127, "num_boost_round": 10.0, "subsample": 0.3605079730865176}, "datetime": {"datetime": "2024-01-20 14:30:44", "elapsed": 398.202754, "delta": 0.00081}}
{"target": -13.4969908798882, "params": {"colsample_bytree": 0.32178726156477, "eta": 0.016607368850255717, "gamma": 711.8167829270164, "max_depth": 7.0, "min_child_weight": 4017.5428872282127, "num_boost_round": 11.0, "subsample": 0.3605079730865176}, "datetime": {"datetime": "2024-01-20 14:30:44", "elapsed": 398.203769, "delta": 0.001015}}
{"target": -13.496929132950797, "params": {"colsample_bytree": 0.32178726156477, "eta": 0.016607368850255717, "gamma": 711.8167829270164, "max_depth": 7.0, "min_child_weight": 4017.5428872282127, "num_boost_round": 12.0, "subsample": 0.3605079730865176}, "datetime": {"datetime": "2024-01-20 14:30:44", "elapsed": 398.204619, "delta": 0.00085}}
{"target": -13.496854804341712, "params": {"colsample_bytree": 0.32178726156477, "eta": 0.016607368850255717, "gamma": 711.8167829270164, "max_depth": 7.0, "min_child_weight": 4017.5428872282127, "num_boost_round": 13.0, "subsample": 0.3605079730865176}, "datetime": {"datetime": "2024-01-20 14:30:44", "elapsed": 398.20546, "delta": 0.000841}}
{"target": -13.496765019680618, "params": {"colsample_bytree": 0.32178726156477, "eta": 0.016607368850255717, "gamma": 711.8167829270164, "max_depth": 7.0, "min_child_weight": 4017.5428872282127, "num_boost_round": 14.0, "subsample": 0.3605079730865176}, "datetime": {"datetime": "2024-01-20 14:30:44", "elapsed": 398.206283, "delta": 0.000823}}
{"target": -13.496646581969408, "params": {"colsample_bytree": 0.32178726156477, "eta": 0.016607368850255717, "gamma": 711.8167829270164, "max_depth": 7.0, "min_child_weight": 4017.5428872282127, "num_boost_round": 15.0, "subsample": 0.3605079730865176}, "datetime": {"datetime": "2024-01-20 14:30:44", "elapsed": 398.207112, "delta": 0.000829}}
{"target": -13.496604467764387, "params": {"colsample_bytree": 0.32178726156477, "eta": 0.016607368850255717, "gamma": 711.8167829270164, "max_depth": 7.0, "min_child_weight": 4017.5428872282127, "num_boost_round": 16.0, "subsample": 0.3605079730865176}, "datetime": {"datetime": "2024-01-20 14:30:44", "elapsed": 398.207939, "delta": 0.000827}}
{"target": -13.496467083373913, "params": {"colsample_bytree": 0.32178726156477, "eta": 0.016607368850255717, "gamma": 711.8167829270164, "max_depth": 7.0, "min_child_weight": 4017.5428872282127, "num_boost_round": 17.0, "subsample": 0.3605079730865176}, "datetime": {"datetime": "2024-01-20 14:30:44", "elapsed": 398.208758, "delta": 0.000819}}
{"target": -13.496391013265173, "params": {"colsample_bytree": 0.32178726156477, "eta": 0.016607368850255717, "gamma": 711.8167829270164, "max_depth": 7.0, "min_child_weight": 4017.5428872282127, "num_boost_round": 18.0, "subsample": 0.3605079730865176}, "datetime": {"datetime": "2024-01-20 14:30:44", "elapsed": 398.20958, "delta": 0.000822}}
{"target": -13.496364301227572, "params": {"colsample_bytree": 0.32178726156477, "eta": 0.016607368850255717, "gamma": 711.8167829270164, "max_depth": 7.0, "min_child_weight": 4017.5428872282127, "num_boost_round": 19.0, "subsample": 0.3605079730865176}, "datetime": {"datetime": "2024-01-20 14:30:44", "elapsed": 398.210412, "delta": 0.000832}}
{"target": -13.496240839262843, "params": {"colsample_bytree": 0.32178726156477, "eta": 0.016607368850255717, "gamma": 711.8167829270164, "max_depth": 7.0, "min_child_weight": 4017.5428872282127, "num_boost_round": 20.0, "subsample": 0.3605079730865176}, "datetime": {"datetime": "2024-01-20 14:30:44", "elapsed": 398.211237, "delta": 0.000825}}
{"target": -13.496157308864774, "params": {"colsample_bytree": 0.32178726156477, "eta": 0.016607368850255717, "gamma": 711.8167829270164, "max_depth": 7.0, "min_child_weight": 4017.5428872282127, "num_boost_round": 21.0, "subsample": 0.3605079730865176}, "datetime": {"datetime": "2024-01-20 14:30:44", "elapsed": 398.212191, "delta": 0.000954}}
{"target": -13.496075486206134, "params": {"colsample_bytree": 0.32178726156477, "eta": 0.016607368850255717, "gamma": 711.8167829270164, "max_depth": 7.0, "min_child_weight": 4017.5428872282127, "num_boost_round": 22.0, "subsample": 0.3605079730865176}, "datetime": {"datetime": "2024-01-20 14:30:44", "elapsed": 398.213031, "delta": 0.00084}}
{"target": -13.496045156001223, "params": {"colsample_bytree": 0.32178726156477, "eta": 0.016607368850255717, "gamma": 711.8167829270164, "max_depth": 7.0, "min_child_weight": 4017.5428872282127, "num_boost_round": 23.0, "subsample": 0.3605079730865176}, "datetime": {"datetime": "2024-01-20 14:30:44", "elapsed": 398.213871, "delta": 0.00084}}
{"target": -13.49598746020543, "params": {"colsample_bytree": 0.32178726156477, "eta": 0.016607368850255717, "gamma": 711.8167829270164, "max_depth": 7.0, "min_child_weight": 4017.5428872282127, "num_boost_round": 24.0, "subsample": 0.3605079730865176}, "datetime": {"datetime": "2024-01-20 14:30:44", "elapsed": 398.214787, "delta": 0.000916}}
{"target": -13.495898965568205, "params": {"colsample_bytree": 0.32178726156477, "eta": 0.016607368850255717, "gamma": 711.8167829270164, "max_depth": 7.0, "min_child_weight": 4017.5428872282127, "num_boost_round": 25.0, "subsample": 0.3605079730865176}, "datetime": {"datetime": "2024-01-20 14:30:44", "elapsed": 398.215638, "delta": 0.000851}}
{"target": -13.495741626465772, "params": {"colsample_bytree": 0.32178726156477, "eta": 0.016607368850255717, "gamma": 711.8167829270164, "max_depth": 7.0, "min_child_weight": 4017.5428872282127, "num_boost_round": 26.0, "subsample": 0.3605079730865176}, "datetime": {"datetime": "2024-01-20 14:30:44", "elapsed": 398.216475, "delta": 0.000837}}
{"target": -13.495697485985286, "params": {"colsample_bytree": 0.32178726156477, "eta": 0.016607368850255717, "gamma": 711.8167829270164, "max_depth": 7.0, "min_child_weight": 4017.5428872282127, "num_boost_round": 27.0, "subsample": 0.3605079730865176}, "datetime": {"datetime": "2024-01-20 14:30:44", "elapsed": 398.217313, "delta": 0.000838}}
{"target": -13.495583168882781, "params": {"colsample_bytree": 0.32178726156477, "eta": 0.016607368850255717, "gamma": 711.8167829270164, "max_depth": 7.0, "min_child_weight": 4017.5428872282127, "num_boost_round": 28.0, "subsample": 0.3605079730865176}, "datetime": {"datetime": "2024-01-20 14:30:44", "elapsed": 398.218154, "delta": 0.000841}}
{"target": -13.495547084394808, "params": {"colsample_bytree": 0.32178726156477, "eta": 0.016607368850255717, "gamma": 711.8167829270164, "max_depth": 7.0, "min_child_weight": 4017.5428872282127, "num_boost_round": 29.0, "subsample": 0.3605079730865176}, "datetime": {"datetime": "2024-01-20 14:30:44", "elapsed": 398.218989, "delta": 0.000835}}
{"target": -13.49764983136862, "params": {"colsample_bytree": 0.5566926312593611, "eta": 0.08853966579002397, "gamma": 713.9154273471605, "max_depth": 6.0, "min_child_weight": 4056.530186077473, "num_boost_round": 1.0, "subsample": 0.938356822064751}, "datetime": {"datetime": "2024-01-20 14:31:25", "elapsed": 438.663953, "delta": 40.444964}}
{"target": -13.497904519260793, "params": {"colsample_bytree": 0.5566926312593611, "eta": 0.08853966579002397, "gamma": 713.9154273471605, "max_depth": 6.0, "min_child_weight": 4056.530186077473, "num_boost_round": 2.0, "subsample": 0.938356822064751}, "datetime": {"datetime": "2024-01-20 14:31:25", "elapsed": 438.665183, "delta": 0.00123}}
{"target": -13.498433181752436, "params": {"colsample_bytree": 0.5566926312593611, "eta": 0.08853966579002397, "gamma": 713.9154273471605, "max_depth": 6.0, "min_child_weight": 4056.530186077473, "num_boost_round": 3.0, "subsample": 0.938356822064751}, "datetime": {"datetime": "2024-01-20 14:31:25", "elapsed": 438.666188, "delta": 0.001005}}
{"target": -13.49969605018421, "params": {"colsample_bytree": 0.5566926312593611, "eta": 0.08853966579002397, "gamma": 713.9154273471605, "max_depth": 6.0, "min_child_weight": 4056.530186077473, "num_boost_round": 4.0, "subsample": 0.938356822064751}, "datetime": {"datetime": "2024-01-20 14:31:25", "elapsed": 438.667056, "delta": 0.000868}}
{"target": -13.499537309553014, "params": {"colsample_bytree": 0.5566926312593611, "eta": 0.08853966579002397, "gamma": 713.9154273471605, "max_depth": 6.0, "min_child_weight": 4056.530186077473, "num_boost_round": 5.0, "subsample": 0.938356822064751}, "datetime": {"datetime": "2024-01-20 14:31:25", "elapsed": 438.667912, "delta": 0.000856}}
{"target": -13.49990569151591, "params": {"colsample_bytree": 0.5566926312593611, "eta": 0.08853966579002397, "gamma": 713.9154273471605, "max_depth": 6.0, "min_child_weight": 4056.530186077473, "num_boost_round": 6.0, "subsample": 0.938356822064751}, "datetime": {"datetime": "2024-01-20 14:31:25", "elapsed": 438.66876, "delta": 0.000848}}
{"target": -13.500232415788195, "params": {"colsample_bytree": 0.5566926312593611, "eta": 0.08853966579002397, "gamma": 713.9154273471605, "max_depth": 6.0, "min_child_weight": 4056.530186077473, "num_boost_round": 7.0, "subsample": 0.938356822064751}, "datetime": {"datetime": "2024-01-20 14:31:25", "elapsed": 438.669974, "delta": 0.001214}}
{"target": -13.500696339229856, "params": {"colsample_bytree": 0.5566926312593611, "eta": 0.08853966579002397, "gamma": 713.9154273471605, "max_depth": 6.0, "min_child_weight": 4056.530186077473, "num_boost_round": 8.0, "subsample": 0.938356822064751}, "datetime": {"datetime": "2024-01-20 14:31:25", "elapsed": 438.670848, "delta": 0.000874}}
{"target": -13.500652173679146, "params": {"colsample_bytree": 0.5566926312593611, "eta": 0.08853966579002397, "gamma": 713.9154273471605, "max_depth": 6.0, "min_child_weight": 4056.530186077473, "num_boost_round": 9.0, "subsample": 0.938356822064751}, "datetime": {"datetime": "2024-01-20 14:31:25", "elapsed": 438.67188, "delta": 0.001032}}
{"target": -13.50112519909955, "params": {"colsample_bytree": 0.5566926312593611, "eta": 0.08853966579002397, "gamma": 713.9154273471605, "max_depth": 6.0, "min_child_weight": 4056.530186077473, "num_boost_round": 10.0, "subsample": 0.938356822064751}, "datetime": {"datetime": "2024-01-20 14:31:25", "elapsed": 438.672736, "delta": 0.000856}}
{"target": -13.50166381272588, "params": {"colsample_bytree": 0.5566926312593611, "eta": 0.08853966579002397, "gamma": 713.9154273471605, "max_depth": 6.0, "min_child_weight": 4056.530186077473, "num_boost_round": 11.0, "subsample": 0.938356822064751}, "datetime": {"datetime": "2024-01-20 14:31:25", "elapsed": 438.673596, "delta": 0.00086}}
{"target": -13.502615177033114, "params": {"colsample_bytree": 0.5566926312593611, "eta": 0.08853966579002397, "gamma": 713.9154273471605, "max_depth": 6.0, "min_child_weight": 4056.530186077473, "num_boost_round": 12.0, "subsample": 0.938356822064751}, "datetime": {"datetime": "2024-01-20 14:31:25", "elapsed": 438.674456, "delta": 0.00086}}
{"target": -13.502656459039756, "params": {"colsample_bytree": 0.5566926312593611, "eta": 0.08853966579002397, "gamma": 713.9154273471605, "max_depth": 6.0, "min_child_weight": 4056.530186077473, "num_boost_round": 13.0, "subsample": 0.938356822064751}, "datetime": {"datetime": "2024-01-20 14:31:25", "elapsed": 438.675358, "delta": 0.000902}}
{"target": -13.503109545111272, "params": {"colsample_bytree": 0.5566926312593611, "eta": 0.08853966579002397, "gamma": 713.9154273471605, "max_depth": 6.0, "min_child_weight": 4056.530186077473, "num_boost_round": 14.0, "subsample": 0.938356822064751}, "datetime": {"datetime": "2024-01-20 14:31:25", "elapsed": 438.676218, "delta": 0.00086}}
{"target": -13.503400021233622, "params": {"colsample_bytree": 0.5566926312593611, "eta": 0.08853966579002397, "gamma": 713.9154273471605, "max_depth": 6.0, "min_child_weight": 4056.530186077473, "num_boost_round": 15.0, "subsample": 0.938356822064751}, "datetime": {"datetime": "2024-01-20 14:31:25", "elapsed": 438.677079, "delta": 0.000861}}
{"target": -13.504587999333447, "params": {"colsample_bytree": 0.5566926312593611, "eta": 0.08853966579002397, "gamma": 713.9154273471605, "max_depth": 6.0, "min_child_weight": 4056.530186077473, "num_boost_round": 16.0, "subsample": 0.938356822064751}, "datetime": {"datetime": "2024-01-20 14:31:25", "elapsed": 438.677943, "delta": 0.000864}}
{"target": -13.505167101334042, "params": {"colsample_bytree": 0.5566926312593611, "eta": 0.08853966579002397, "gamma": 713.9154273471605, "max_depth": 6.0, "min_child_weight": 4056.530186077473, "num_boost_round": 17.0, "subsample": 0.938356822064751}, "datetime": {"datetime": "2024-01-20 14:31:25", "elapsed": 438.678801, "delta": 0.000858}}
{"target": -13.505787601695655, "params": {"colsample_bytree": 0.5566926312593611, "eta": 0.08853966579002397, "gamma": 713.9154273471605, "max_depth": 6.0, "min_child_weight": 4056.530186077473, "num_boost_round": 18.0, "subsample": 0.938356822064751}, "datetime": {"datetime": "2024-01-20 14:31:25", "elapsed": 438.679658, "delta": 0.000857}}
{"target": -13.505851896812507, "params": {"colsample_bytree": 0.5566926312593611, "eta": 0.08853966579002397, "gamma": 713.9154273471605, "max_depth": 6.0, "min_child_weight": 4056.530186077473, "num_boost_round": 19.0, "subsample": 0.938356822064751}, "datetime": {"datetime": "2024-01-20 14:31:25", "elapsed": 438.680538, "delta": 0.00088}}
{"target": -13.506102803876201, "params": {"colsample_bytree": 0.5566926312593611, "eta": 0.08853966579002397, "gamma": 713.9154273471605, "max_depth": 6.0, "min_child_weight": 4056.530186077473, "num_boost_round": 20.0, "subsample": 0.938356822064751}, "datetime": {"datetime": "2024-01-20 14:31:25", "elapsed": 438.681434, "delta": 0.000896}}
{"target": -13.505989255150357, "params": {"colsample_bytree": 0.5566926312593611, "eta": 0.08853966579002397, "gamma": 713.9154273471605, "max_depth": 6.0, "min_child_weight": 4056.530186077473, "num_boost_round": 21.0, "subsample": 0.938356822064751}, "datetime": {"datetime": "2024-01-20 14:31:25", "elapsed": 438.682299, "delta": 0.000865}}
{"target": -13.506092677218478, "params": {"colsample_bytree": 0.5566926312593611, "eta": 0.08853966579002397, "gamma": 713.9154273471605, "max_depth": 6.0, "min_child_weight": 4056.530186077473, "num_boost_round": 22.0, "subsample": 0.938356822064751}, "datetime": {"datetime": "2024-01-20 14:31:25", "elapsed": 438.683187, "delta": 0.000888}}
{"target": -13.506024987777387, "params": {"colsample_bytree": 0.5566926312593611, "eta": 0.08853966579002397, "gamma": 713.9154273471605, "max_depth": 6.0, "min_child_weight": 4056.530186077473, "num_boost_round": 23.0, "subsample": 0.938356822064751}, "datetime": {"datetime": "2024-01-20 14:31:25", "elapsed": 438.68406, "delta": 0.000873}}
{"target": -13.506946001309554, "params": {"colsample_bytree": 0.5566926312593611, "eta": 0.08853966579002397, "gamma": 713.9154273471605, "max_depth": 6.0, "min_child_weight": 4056.530186077473, "num_boost_round": 24.0, "subsample": 0.938356822064751}, "datetime": {"datetime": "2024-01-20 14:31:25", "elapsed": 438.684927, "delta": 0.000867}}
{"target": -13.506847918395922, "params": {"colsample_bytree": 0.5566926312593611, "eta": 0.08853966579002397, "gamma": 713.9154273471605, "max_depth": 6.0, "min_child_weight": 4056.530186077473, "num_boost_round": 25.0, "subsample": 0.938356822064751}, "datetime": {"datetime": "2024-01-20 14:31:25", "elapsed": 438.685788, "delta": 0.000861}}
{"target": -13.50737585508213, "params": {"colsample_bytree": 0.5566926312593611, "eta": 0.08853966579002397, "gamma": 713.9154273471605, "max_depth": 6.0, "min_child_weight": 4056.530186077473, "num_boost_round": 26.0, "subsample": 0.938356822064751}, "datetime": {"datetime": "2024-01-20 14:31:25", "elapsed": 438.686668, "delta": 0.00088}}
{"target": -13.507677212945403, "params": {"colsample_bytree": 0.5566926312593611, "eta": 0.08853966579002397, "gamma": 713.9154273471605, "max_depth": 6.0, "min_child_weight": 4056.530186077473, "num_boost_round": 27.0, "subsample": 0.938356822064751}, "datetime": {"datetime": "2024-01-20 14:31:25", "elapsed": 438.687535, "delta": 0.000867}}
{"target": -13.507720261948164, "params": {"colsample_bytree": 0.5566926312593611, "eta": 0.08853966579002397, "gamma": 713.9154273471605, "max_depth": 6.0, "min_child_weight": 4056.530186077473, "num_boost_round": 28.0, "subsample": 0.938356822064751}, "datetime": {"datetime": "2024-01-20 14:31:25", "elapsed": 438.688408, "delta": 0.000873}}
{"target": -13.507961849556635, "params": {"colsample_bytree": 0.5566926312593611, "eta": 0.08853966579002397, "gamma": 713.9154273471605, "max_depth": 6.0, "min_child_weight": 4056.530186077473, "num_boost_round": 29.0, "subsample": 0.938356822064751}, "datetime": {"datetime": "2024-01-20 14:31:25", "elapsed": 438.68928, "delta": 0.000872}}
{"target": -13.508009078561773, "params": {"colsample_bytree": 0.5566926312593611, "eta": 0.08853966579002397, "gamma": 713.9154273471605, "max_depth": 6.0, "min_child_weight": 4056.530186077473, "num_boost_round": 30.0, "subsample": 0.938356822064751}, "datetime": {"datetime": "2024-01-20 14:31:25", "elapsed": 438.690151, "delta": 0.000871}}
{"target": -13.50777162531677, "params": {"colsample_bytree": 0.5566926312593611, "eta": 0.08853966579002397, "gamma": 713.9154273471605, "max_depth": 6.0, "min_child_weight": 4056.530186077473, "num_boost_round": 31.0, "subsample": 0.938356822064751}, "datetime": {"datetime": "2024-01-20 14:31:25", "elapsed": 438.691044, "delta": 0.000893}}
{"target": -13.507761516026175, "params": {"colsample_bytree": 0.5566926312593611, "eta": 0.08853966579002397, "gamma": 713.9154273471605, "max_depth": 6.0, "min_child_weight": 4056.530186077473, "num_boost_round": 32.0, "subsample": 0.938356822064751}, "datetime": {"datetime": "2024-01-20 14:31:25", "elapsed": 438.692043, "delta": 0.000999}}
{"target": -13.508220703342541, "params": {"colsample_bytree": 0.5566926312593611, "eta": 0.08853966579002397, "gamma": 713.9154273471605, "max_depth": 6.0, "min_child_weight": 4056.530186077473, "num_boost_round": 33.0, "subsample": 0.938356822064751}, "datetime": {"datetime": "2024-01-20 14:31:25", "elapsed": 438.693105, "delta": 0.001062}}
{"target": -13.50836980064605, "params": {"colsample_bytree": 0.5566926312593611, "eta": 0.08853966579002397, "gamma": 713.9154273471605, "max_depth": 6.0, "min_child_weight": 4056.530186077473, "num_boost_round": 34.0, "subsample": 0.938356822064751}, "datetime": {"datetime": "2024-01-20 14:31:25", "elapsed": 438.693987, "delta": 0.000882}}
{"target": -13.508607978850073, "params": {"colsample_bytree": 0.5566926312593611, "eta": 0.08853966579002397, "gamma": 713.9154273471605, "max_depth": 6.0, "min_child_weight": 4056.530186077473, "num_boost_round": 35.0, "subsample": 0.938356822064751}, "datetime": {"datetime": "2024-01-20 14:31:25", "elapsed": 438.69494, "delta": 0.000953}}
{"target": -13.508940895598116, "params": {"colsample_bytree": 0.5566926312593611, "eta": 0.08853966579002397, "gamma": 713.9154273471605, "max_depth": 6.0, "min_child_weight": 4056.530186077473, "num_boost_round": 36.0, "subsample": 0.938356822064751}, "datetime": {"datetime": "2024-01-20 14:31:25", "elapsed": 438.695941, "delta": 0.001001}}
{"target": -13.509101228450085, "params": {"colsample_bytree": 0.5566926312593611, "eta": 0.08853966579002397, "gamma": 713.9154273471605, "max_depth": 6.0, "min_child_weight": 4056.530186077473, "num_boost_round": 37.0, "subsample": 0.938356822064751}, "datetime": {"datetime": "2024-01-20 14:31:25", "elapsed": 438.69681, "delta": 0.000869}}
{"target": -13.509567380261743, "params": {"colsample_bytree": 0.5566926312593611, "eta": 0.08853966579002397, "gamma": 713.9154273471605, "max_depth": 6.0, "min_child_weight": 4056.530186077473, "num_boost_round": 38.0, "subsample": 0.938356822064751}, "datetime": {"datetime": "2024-01-20 14:31:25", "elapsed": 438.697693, "delta": 0.000883}}
{"target": -13.509314292299681, "params": {"colsample_bytree": 0.5566926312593611, "eta": 0.08853966579002397, "gamma": 713.9154273471605, "max_depth": 6.0, "min_child_weight": 4056.530186077473, "num_boost_round": 39.0, "subsample": 0.938356822064751}, "datetime": {"datetime": "2024-01-20 14:31:25", "elapsed": 438.698561, "delta": 0.000868}}
