{"target": -13.400269184188904, "params": {"colsample_bytree": 0.23424088525284828, "eta": 0.05753102122477132, "gamma": 894.5438082280999, "max_depth": 9.0, "min_child_weight": 3832.6994793736853, "num_boost_round": 6.0, "subsample": 0.9966420254662838}, "datetime": {"datetime": "2024-01-20 14:47:37", "elapsed": 1391.773381, "delta": 0.001586}}
{"target": -13.401132893565762, "params": {"colsample_bytree": 0.23424088525284828, "eta": 0.05753102122477132, "gamma": 894.5438082280999, "max_depth": 9.0, "min_child_weight": 3832.6994793736853, "num_boost_round": 7.0, "subsample": 0.9966420254662838}, "datetime": {"datetime": "2024-01-20 14:47:37", "elapsed": 1391.774879, "delta": 0.001498}}
{"target": -13.39783851914561, "params": {"colsample_bytree": 0.9522102321889961, "eta": 0.02078996534995211, "gamma": 986.815901109586, "max_depth": 4.0, "min_child_weight": 3539.1910417944596, "num_boost_round": 1.0, "subsample": 0.727835491463384}, "datetime": {"datetime": "2024-01-20 14:48:34", "elapsed": 1449.505795, "delta": 57.730916}}
{"target": -13.397856351148475, "params": {"colsample_bytree": 0.9522102321889961, "eta": 0.02078996534995211, "gamma": 986.815901109586, "max_depth": 4.0, "min_child_weight": 3539.1910417944596, "num_boost_round": 2.0, "subsample": 0.727835491463384}, "datetime": {"datetime": "2024-01-20 14:48:34", "elapsed": 1449.509281, "delta": 0.003486}}
{"target": -13.397971161492443, "params": {"colsample_bytree": 0.9522102321889961, "eta": 0.02078996534995211, "gamma": 986.815901109586, "max_depth": 4.0, "min_child_weight": 3539.1910417944596, "num_boost_round": 3.0, "subsample": 0.727835491463384}, "datetime": {"datetime": "2024-01-20 14:48:34", "elapsed": 1449.511027, "delta": 0.001746}}
{"target": -13.398040396241097, "params": {"colsample_bytree": 0.9522102321889961, "eta": 0.02078996534995211, "gamma": 986.815901109586, "max_depth": 4.0, "min_child_weight": 3539.1910417944596, "num_boost_round": 4.0, "subsample": 0.727835491463384}, "datetime": {"datetime": "2024-01-20 14:48:34", "elapsed": 1449.51266, "delta": 0.001633}}
{"target": -13.398320073764802, "params": {"colsample_bytree": 0.9522102321889961, "eta": 0.02078996534995211, "gamma": 986.815901109586, "max_depth": 4.0, "min_child_weight": 3539.1910417944596, "num_boost_round": 5.0, "subsample": 0.727835491463384}, "datetime": {"datetime": "2024-01-20 14:48:34", "elapsed": 1449.51431, "delta": 0.00165}}
{"target": -13.398589200060313, "params": {"colsample_bytree": 0.9522102321889961, "eta": 0.02078996534995211, "gamma": 986.815901109586, "max_depth": 4.0, "min_child_weight": 3539.1910417944596, "num_boost_round": 6.0, "subsample": 0.727835491463384}, "datetime": {"datetime": "2024-01-20 14:48:34", "elapsed": 1449.515949, "delta": 0.001639}}
{"target": -13.398693923502972, "params": {"colsample_bytree": 0.9522102321889961, "eta": 0.02078996534995211, "gamma": 986.815901109586, "max_depth": 4.0, "min_child_weight": 3539.1910417944596, "num_boost_round": 7.0, "subsample": 0.727835491463384}, "datetime": {"datetime": "2024-01-20 14:48:34", "elapsed": 1449.517564, "delta": 0.001615}}
{"target": -13.39905307991932, "params": {"colsample_bytree": 0.9522102321889961, "eta": 0.02078996534995211, "gamma": 986.815901109586, "max_depth": 4.0, "min_child_weight": 3539.1910417944596, "num_boost_round": 8.0, "subsample": 0.727835491463384}, "datetime": {"datetime": "2024-01-20 14:48:34", "elapsed": 1449.519208, "delta": 0.001644}}
{"target": -13.399395377231542, "params": {"colsample_bytree": 0.9522102321889961, "eta": 0.02078996534995211, "gamma": 986.815901109586, "max_depth": 4.0, "min_child_weight": 3539.1910417944596, "num_boost_round": 9.0, "subsample": 0.727835491463384}, "datetime": {"datetime": "2024-01-20 14:48:34", "elapsed": 1449.520784, "delta": 0.001576}}
{"target": -13.399689017239975, "params": {"colsample_bytree": 0.9522102321889961, "eta": 0.02078996534995211, "gamma": 986.815901109586, "max_depth": 4.0, "min_child_weight": 3539.1910417944596, "num_boost_round": 10.0, "subsample": 0.727835491463384}, "datetime": {"datetime": "2024-01-20 14:48:34", "elapsed": 1449.522434, "delta": 0.00165}}
{"target": -13.39993197868298, "params": {"colsample_bytree": 0.9522102321889961, "eta": 0.02078996534995211, "gamma": 986.815901109586, "max_depth": 4.0, "min_child_weight": 3539.1910417944596, "num_boost_round": 11.0, "subsample": 0.727835491463384}, "datetime": {"datetime": "2024-01-20 14:48:34", "elapsed": 1449.523961, "delta": 0.001527}}
{"target": -13.400203886394062, "params": {"colsample_bytree": 0.9522102321889961, "eta": 0.02078996534995211, "gamma": 986.815901109586, "max_depth": 4.0, "min_child_weight": 3539.1910417944596, "num_boost_round": 12.0, "subsample": 0.727835491463384}, "datetime": {"datetime": "2024-01-20 14:48:34", "elapsed": 1449.525558, "delta": 0.001597}}
{"target": -13.400539867808428, "params": {"colsample_bytree": 0.9522102321889961, "eta": 0.02078996534995211, "gamma": 986.815901109586, "max_depth": 4.0, "min_child_weight": 3539.1910417944596, "num_boost_round": 13.0, "subsample": 0.727835491463384}, "datetime": {"datetime": "2024-01-20 14:48:34", "elapsed": 1449.527121, "delta": 0.001563}}
{"target": -13.400713830730506, "params": {"colsample_bytree": 0.9522102321889961, "eta": 0.02078996534995211, "gamma": 986.815901109586, "max_depth": 4.0, "min_child_weight": 3539.1910417944596, "num_boost_round": 14.0, "subsample": 0.727835491463384}, "datetime": {"datetime": "2024-01-20 14:48:34", "elapsed": 1449.52866, "delta": 0.001539}}
{"target": -13.400999874487152, "params": {"colsample_bytree": 0.9522102321889961, "eta": 0.02078996534995211, "gamma": 986.815901109586, "max_depth": 4.0, "min_child_weight": 3539.1910417944596, "num_boost_round": 15.0, "subsample": 0.727835491463384}, "datetime": {"datetime": "2024-01-20 14:48:34", "elapsed": 1449.530489, "delta": 0.001829}}
{"target": -13.401302238461044, "params": {"colsample_bytree": 0.9522102321889961, "eta": 0.02078996534995211, "gamma": 986.815901109586, "max_depth": 4.0, "min_child_weight": 3539.1910417944596, "num_boost_round": 16.0, "subsample": 0.727835491463384}, "datetime": {"datetime": "2024-01-20 14:48:34", "elapsed": 1449.532091, "delta": 0.001602}}
{"target": -13.40161888018142, "params": {"colsample_bytree": 0.9522102321889961, "eta": 0.02078996534995211, "gamma": 986.815901109586, "max_depth": 4.0, "min_child_weight": 3539.1910417944596, "num_boost_round": 17.0, "subsample": 0.727835491463384}, "datetime": {"datetime": "2024-01-20 14:48:34", "elapsed": 1449.533698, "delta": 0.001607}}
{"target": -13.401906757459766, "params": {"colsample_bytree": 0.9522102321889961, "eta": 0.02078996534995211, "gamma": 986.815901109586, "max_depth": 4.0, "min_child_weight": 3539.1910417944596, "num_boost_round": 18.0, "subsample": 0.727835491463384}, "datetime": {"datetime": "2024-01-20 14:48:34", "elapsed": 1449.535268, "delta": 0.00157}}
{"target": -13.402224323522352, "params": {"colsample_bytree": 0.9522102321889961, "eta": 0.02078996534995211, "gamma": 986.815901109586, "max_depth": 4.0, "min_child_weight": 3539.1910417944596, "num_boost_round": 19.0, "subsample": 0.727835491463384}, "datetime": {"datetime": "2024-01-20 14:48:34", "elapsed": 1449.536817, "delta": 0.001549}}
{"target": -13.402402570151546, "params": {"colsample_bytree": 0.9522102321889961, "eta": 0.02078996534995211, "gamma": 986.815901109586, "max_depth": 4.0, "min_child_weight": 3539.1910417944596, "num_boost_round": 20.0, "subsample": 0.727835491463384}, "datetime": {"datetime": "2024-01-20 14:48:34", "elapsed": 1449.538391, "delta": 0.001574}}
{"target": -13.402724887635085, "params": {"colsample_bytree": 0.9522102321889961, "eta": 0.02078996534995211, "gamma": 986.815901109586, "max_depth": 4.0, "min_child_weight": 3539.1910417944596, "num_boost_round": 21.0, "subsample": 0.727835491463384}, "datetime": {"datetime": "2024-01-20 14:48:34", "elapsed": 1449.54011, "delta": 0.001719}}
{"target": -13.403001398744628, "params": {"colsample_bytree": 0.9522102321889961, "eta": 0.02078996534995211, "gamma": 986.815901109586, "max_depth": 4.0, "min_child_weight": 3539.1910417944596, "num_boost_round": 22.0, "subsample": 0.727835491463384}, "datetime": {"datetime": "2024-01-20 14:48:34", "elapsed": 1449.54169, "delta": 0.00158}}
{"target": -13.403322841636648, "params": {"colsample_bytree": 0.9522102321889961, "eta": 0.02078996534995211, "gamma": 986.815901109586, "max_depth": 4.0, "min_child_weight": 3539.1910417944596, "num_boost_round": 23.0, "subsample": 0.727835491463384}, "datetime": {"datetime": "2024-01-20 14:48:34", "elapsed": 1449.543289, "delta": 0.001599}}
{"target": -13.403558799919804, "params": {"colsample_bytree": 0.9522102321889961, "eta": 0.02078996534995211, "gamma": 986.815901109586, "max_depth": 4.0, "min_child_weight": 3539.1910417944596, "num_boost_round": 24.0, "subsample": 0.727835491463384}, "datetime": {"datetime": "2024-01-20 14:48:34", "elapsed": 1449.544862, "delta": 0.001573}}
{"target": -13.40383166423497, "params": {"colsample_bytree": 0.9522102321889961, "eta": 0.02078996534995211, "gamma": 986.815901109586, "max_depth": 4.0, "min_child_weight": 3539.1910417944596, "num_boost_round": 25.0, "subsample": 0.727835491463384}, "datetime": {"datetime": "2024-01-20 14:48:34", "elapsed": 1449.546438, "delta": 0.001576}}
{"target": -13.404147331263125, "params": {"colsample_bytree": 0.9522102321889961, "eta": 0.02078996534995211, "gamma": 986.815901109586, "max_depth": 4.0, "min_child_weight": 3539.1910417944596, "num_boost_round": 26.0, "subsample": 0.727835491463384}, "datetime": {"datetime": "2024-01-20 14:48:34", "elapsed": 1449.548043, "delta": 0.001605}}
{"target": -13.404439385010296, "params": {"colsample_bytree": 0.9522102321889961, "eta": 0.02078996534995211, "gamma": 986.815901109586, "max_depth": 4.0, "min_child_weight": 3539.1910417944596, "num_boost_round": 27.0, "subsample": 0.727835491463384}, "datetime": {"datetime": "2024-01-20 14:48:34", "elapsed": 1449.549791, "delta": 0.001748}}
{"target": -13.404732987899905, "params": {"colsample_bytree": 0.9522102321889961, "eta": 0.02078996534995211, "gamma": 986.815901109586, "max_depth": 4.0, "min_child_weight": 3539.1910417944596, "num_boost_round": 28.0, "subsample": 0.727835491463384}, "datetime": {"datetime": "2024-01-20 14:48:34", "elapsed": 1449.551379, "delta": 0.001588}}
{"target": -13.404817432417921, "params": {"colsample_bytree": 0.9522102321889961, "eta": 0.02078996534995211, "gamma": 986.815901109586, "max_depth": 4.0, "min_child_weight": 3539.1910417944596, "num_boost_round": 29.0, "subsample": 0.727835491463384}, "datetime": {"datetime": "2024-01-20 14:48:34", "elapsed": 1449.552937, "delta": 0.001558}}
{"target": -13.404982682006152, "params": {"colsample_bytree": 0.9522102321889961, "eta": 0.02078996534995211, "gamma": 986.815901109586, "max_depth": 4.0, "min_child_weight": 3539.1910417944596, "num_boost_round": 30.0, "subsample": 0.727835491463384}, "datetime": {"datetime": "2024-01-20 14:48:34", "elapsed": 1449.554528, "delta": 0.001591}}
{"target": -13.405269983160348, "params": {"colsample_bytree": 0.9522102321889961, "eta": 0.02078996534995211, "gamma": 986.815901109586, "max_depth": 4.0, "min_child_weight": 3539.1910417944596, "num_boost_round": 31.0, "subsample": 0.727835491463384}, "datetime": {"datetime": "2024-01-20 14:48:34", "elapsed": 1449.556091, "delta": 0.001563}}
{"target": -13.40563046296956, "params": {"colsample_bytree": 0.9522102321889961, "eta": 0.02078996534995211, "gamma": 986.815901109586, "max_depth": 4.0, "min_child_weight": 3539.1910417944596, "num_boost_round": 32.0, "subsample": 0.727835491463384}, "datetime": {"datetime": "2024-01-20 14:48:34", "elapsed": 1449.557717, "delta": 0.001626}}
{"target": -13.405650316310389, "params": {"colsample_bytree": 0.9522102321889961, "eta": 0.02078996534995211, "gamma": 986.815901109586, "max_depth": 4.0, "min_child_weight": 3539.1910417944596, "num_boost_round": 33.0, "subsample": 0.727835491463384}, "datetime": {"datetime": "2024-01-20 14:48:34", "elapsed": 1449.559424, "delta": 0.001707}}
{"target": -13.406016942368986, "params": {"colsample_bytree": 0.9522102321889961, "eta": 0.02078996534995211, "gamma": 986.815901109586, "max_depth": 4.0, "min_child_weight": 3539.1910417944596, "num_boost_round": 34.0, "subsample": 0.727835491463384}, "datetime": {"datetime": "2024-01-20 14:48:34", "elapsed": 1449.561039, "delta": 0.001615}}
{"target": -13.40625211461876, "params": {"colsample_bytree": 0.9522102321889961, "eta": 0.02078996534995211, "gamma": 986.815901109586, "max_depth": 4.0, "min_child_weight": 3539.1910417944596, "num_boost_round": 35.0, "subsample": 0.727835491463384}, "datetime": {"datetime": "2024-01-20 14:48:34", "elapsed": 1449.562603, "delta": 0.001564}}
{"target": -13.406426333617098, "params": {"colsample_bytree": 0.9522102321889961, "eta": 0.02078996534995211, "gamma": 986.815901109586, "max_depth": 4.0, "min_child_weight": 3539.1910417944596, "num_boost_round": 36.0, "subsample": 0.727835491463384}, "datetime": {"datetime": "2024-01-20 14:48:34", "elapsed": 1449.564157, "delta": 0.001554}}
{"target": -13.406686433280901, "params": {"colsample_bytree": 0.9522102321889961, "eta": 0.02078996534995211, "gamma": 986.815901109586, "max_depth": 4.0, "min_child_weight": 3539.1910417944596, "num_boost_round": 37.0, "subsample": 0.727835491463384}, "datetime": {"datetime": "2024-01-20 14:48:34", "elapsed": 1449.565729, "delta": 0.001572}}
{"target": -13.4069026998987, "params": {"colsample_bytree": 0.9522102321889961, "eta": 0.02078996534995211, "gamma": 986.815901109586, "max_depth": 4.0, "min_child_weight": 3539.1910417944596, "num_boost_round": 38.0, "subsample": 0.727835491463384}, "datetime": {"datetime": "2024-01-20 14:48:34", "elapsed": 1449.567306, "delta": 0.001577}}
{"target": -13.407161867674262, "params": {"colsample_bytree": 0.9522102321889961, "eta": 0.02078996534995211, "gamma": 986.815901109586, "max_depth": 4.0, "min_child_weight": 3539.1910417944596, "num_boost_round": 39.0, "subsample": 0.727835491463384}, "datetime": {"datetime": "2024-01-20 14:48:34", "elapsed": 1449.56895, "delta": 0.001644}}
{"target": -13.40736237171818, "params": {"colsample_bytree": 0.9522102321889961, "eta": 0.02078996534995211, "gamma": 986.815901109586, "max_depth": 4.0, "min_child_weight": 3539.1910417944596, "num_boost_round": 40.0, "subsample": 0.727835491463384}, "datetime": {"datetime": "2024-01-20 14:48:34", "elapsed": 1449.570672, "delta": 0.001722}}
{"target": -13.40759259972779, "params": {"colsample_bytree": 0.9522102321889961, "eta": 0.02078996534995211, "gamma": 986.815901109586, "max_depth": 4.0, "min_child_weight": 3539.1910417944596, "num_boost_round": 41.0, "subsample": 0.727835491463384}, "datetime": {"datetime": "2024-01-20 14:48:34", "elapsed": 1449.572239, "delta": 0.001567}}
{"target": -13.407807126952266, "params": {"colsample_bytree": 0.9522102321889961, "eta": 0.02078996534995211, "gamma": 986.815901109586, "max_depth": 4.0, "min_child_weight": 3539.1910417944596, "num_boost_round": 42.0, "subsample": 0.727835491463384}, "datetime": {"datetime": "2024-01-20 14:48:34", "elapsed": 1449.573869, "delta": 0.00163}}
{"target": -13.4081358397518, "params": {"colsample_bytree": 0.9522102321889961, "eta": 0.02078996534995211, "gamma": 986.815901109586, "max_depth": 4.0, "min_child_weight": 3539.1910417944596, "num_boost_round": 43.0, "subsample": 0.727835491463384}, "datetime": {"datetime": "2024-01-20 14:48:34", "elapsed": 1449.575421, "delta": 0.001552}}
{"target": -13.408509783091818, "params": {"colsample_bytree": 0.9522102321889961, "eta": 0.02078996534995211, "gamma": 986.815901109586, "max_depth": 4.0, "min_child_weight": 3539.1910417944596, "num_boost_round": 44.0, "subsample": 0.727835491463384}, "datetime": {"datetime": "2024-01-20 14:48:34", "elapsed": 1449.576995, "delta": 0.001574}}
{"target": -13.408761074131167, "params": {"colsample_bytree": 0.9522102321889961, "eta": 0.02078996534995211, "gamma": 986.815901109586, "max_depth": 4.0, "min_child_weight": 3539.1910417944596, "num_boost_round": 45.0, "subsample": 0.727835491463384}, "datetime": {"datetime": "2024-01-20 14:48:34", "elapsed": 1449.578654, "delta": 0.001659}}
{"target": -13.409039216453253, "params": {"colsample_bytree": 0.9522102321889961, "eta": 0.02078996534995211, "gamma": 986.815901109586, "max_depth": 4.0, "min_child_weight": 3539.1910417944596, "num_boost_round": 46.0, "subsample": 0.727835491463384}, "datetime": {"datetime": "2024-01-20 14:48:34", "elapsed": 1449.580386, "delta": 0.001732}}
{"target": -13.40920981844279, "params": {"colsample_bytree": 0.9522102321889961, "eta": 0.02078996534995211, "gamma": 986.815901109586, "max_depth": 4.0, "min_child_weight": 3539.1910417944596, "num_boost_round": 47.0, "subsample": 0.727835491463384}, "datetime": {"datetime": "2024-01-20 14:48:34", "elapsed": 1449.582001, "delta": 0.001615}}
{"target": -13.409573985163284, "params": {"colsample_bytree": 0.9522102321889961, "eta": 0.02078996534995211, "gamma": 986.815901109586, "max_depth": 4.0, "min_child_weight": 3539.1910417944596, "num_boost_round": 48.0, "subsample": 0.727835491463384}, "datetime": {"datetime": "2024-01-20 14:48:34", "elapsed": 1449.583659, "delta": 0.001658}}
{"target": -13.409937595251328, "params": {"colsample_bytree": 0.9522102321889961, "eta": 0.02078996534995211, "gamma": 986.815901109586, "max_depth": 4.0, "min_child_weight": 3539.1910417944596, "num_boost_round": 49.0, "subsample": 0.727835491463384}, "datetime": {"datetime": "2024-01-20 14:48:34", "elapsed": 1449.585293, "delta": 0.001634}}
{"target": -13.410216151307349, "params": {"colsample_bytree": 0.9522102321889961, "eta": 0.02078996534995211, "gamma": 986.815901109586, "max_depth": 4.0, "min_child_weight": 3539.1910417944596, "num_boost_round": 50.0, "subsample": 0.727835491463384}, "datetime": {"datetime": "2024-01-20 14:48:34", "elapsed": 1449.586942, "delta": 0.001649}}
{"target": -13.410490757764844, "params": {"colsample_bytree": 0.9522102321889961, "eta": 0.02078996534995211, "gamma": 986.815901109586, "max_depth": 4.0, "min_child_weight": 3539.1910417944596, "num_boost_round": 51.0, "subsample": 0.727835491463384}, "datetime": {"datetime": "2024-01-20 14:48:34", "elapsed": 1449.588834, "delta": 0.001892}}
{"target": -13.410782500745642, "params": {"colsample_bytree": 0.9522102321889961, "eta": 0.02078996534995211, "gamma": 986.815901109586, "max_depth": 4.0, "min_child_weight": 3539.1910417944596, "num_boost_round": 52.0, "subsample": 0.727835491463384}, "datetime": {"datetime": "2024-01-20 14:48:34", "elapsed": 1449.59062, "delta": 0.001786}}
{"target": -13.411005132869821, "params": {"colsample_bytree": 0.9522102321889961, "eta": 0.02078996534995211, "gamma": 986.815901109586, "max_depth": 4.0, "min_child_weight": 3539.1910417944596, "num_boost_round": 53.0, "subsample": 0.727835491463384}, "datetime": {"datetime": "2024-01-20 14:48:34", "elapsed": 1449.592467, "delta": 0.001847}}
{"target": -13.411209922991834, "params": {"colsample_bytree": 0.9522102321889961, "eta": 0.02078996534995211, "gamma": 986.815901109586, "max_depth": 4.0, "min_child_weight": 3539.1910417944596, "num_boost_round": 54.0, "subsample": 0.727835491463384}, "datetime": {"datetime": "2024-01-20 14:48:34", "elapsed": 1449.594144, "delta": 0.001677}}
{"target": -13.411346557984416, "params": {"colsample_bytree": 0.9522102321889961, "eta": 0.02078996534995211, "gamma": 986.815901109586, "max_depth": 4.0, "min_child_weight": 3539.1910417944596, "num_boost_round": 55.0, "subsample": 0.727835491463384}, "datetime": {"datetime": "2024-01-20 14:48:34", "elapsed": 1449.595763, "delta": 0.001619}}
{"target": -13.411644561878965, "params": {"colsample_bytree": 0.9522102321889961, "eta": 0.02078996534995211, "gamma": 986.815901109586, "max_depth": 4.0, "min_child_weight": 3539.1910417944596, "num_boost_round": 56.0, "subsample": 0.727835491463384}, "datetime": {"datetime": "2024-01-20 14:48:34", "elapsed": 1449.59742, "delta": 0.001657}}
{"target": -13.411881067324313, "params": {"colsample_bytree": 0.9522102321889961, "eta": 0.02078996534995211, "gamma": 986.815901109586, "max_depth": 4.0, "min_child_weight": 3539.1910417944596, "num_boost_round": 57.0, "subsample": 0.727835491463384}, "datetime": {"datetime": "2024-01-20 14:48:34", "elapsed": 1449.599114, "delta": 0.001694}}
{"target": -13.411894992610723, "params": {"colsample_bytree": 0.9522102321889961, "eta": 0.02078996534995211, "gamma": 986.815901109586, "max_depth": 4.0, "min_child_weight": 3539.1910417944596, "num_boost_round": 58.0, "subsample": 0.727835491463384}, "datetime": {"datetime": "2024-01-20 14:48:34", "elapsed": 1449.600768, "delta": 0.001654}}
{"target": -13.412149537517127, "params": {"colsample_bytree": 0.9522102321889961, "eta": 0.02078996534995211, "gamma": 986.815901109586, "max_depth": 4.0, "min_child_weight": 3539.1910417944596, "num_boost_round": 59.0, "subsample": 0.727835491463384}, "datetime": {"datetime": "2024-01-20 14:48:34", "elapsed": 1449.602353, "delta": 0.001585}}
{"target": -13.412296660625984, "params": {"colsample_bytree": 0.9522102321889961, "eta": 0.02078996534995211, "gamma": 986.815901109586, "max_depth": 4.0, "min_child_weight": 3539.1910417944596, "num_boost_round": 60.0, "subsample": 0.727835491463384}, "datetime": {"datetime": "2024-01-20 14:48:34", "elapsed": 1449.603931, "delta": 0.001578}}
{"target": -13.41251045789331, "params": {"colsample_bytree": 0.9522102321889961, "eta": 0.02078996534995211, "gamma": 986.815901109586, "max_depth": 4.0, "min_child_weight": 3539.1910417944596, "num_boost_round": 61.0, "subsample": 0.727835491463384}, "datetime": {"datetime": "2024-01-20 14:48:34", "elapsed": 1449.605571, "delta": 0.00164}}
