{"target": -10.47526291394431, "params": {"colsample_bytree": 0.7173589369205445, "eta": 0.015074051465024404, "gamma": 275.0936142393764, "max_depth": 4.0, "min_child_weight": 4801.826637441745, "num_boost_round": 57.0, "subsample": 0.8454889648369798}, "datetime": {"datetime": "2024-01-20 15:57:10", "elapsed": 9122.547757, "delta": 0.005879}}
{"target": -10.475315390744537, "params": {"colsample_bytree": 0.7173589369205445, "eta": 0.015074051465024404, "gamma": 275.0936142393764, "max_depth": 4.0, "min_child_weight": 4801.826637441745, "num_boost_round": 58.0, "subsample": 0.8454889648369798}, "datetime": {"datetime": "2024-01-20 15:57:10", "elapsed": 9122.553689, "delta": 0.005932}}
{"target": -10.475329099553019, "params": {"colsample_bytree": 0.7173589369205445, "eta": 0.015074051465024404, "gamma": 275.0936142393764, "max_depth": 4.0, "min_child_weight": 4801.826637441745, "num_boost_round": 59.0, "subsample": 0.8454889648369798}, "datetime": {"datetime": "2024-01-20 15:57:10", "elapsed": 9122.559581, "delta": 0.005892}}
{"target": -10.475438894344352, "params": {"colsample_bytree": 0.7173589369205445, "eta": 0.015074051465024404, "gamma": 275.0936142393764, "max_depth": 4.0, "min_child_weight": 4801.826637441745, "num_boost_round": 60.0, "subsample": 0.8454889648369798}, "datetime": {"datetime": "2024-01-20 15:57:10", "elapsed": 9122.565515, "delta": 0.005934}}
{"target": -10.475490093891397, "params": {"colsample_bytree": 0.7173589369205445, "eta": 0.015074051465024404, "gamma": 275.0936142393764, "max_depth": 4.0, "min_child_weight": 4801.826637441745, "num_boost_round": 61.0, "subsample": 0.8454889648369798}, "datetime": {"datetime": "2024-01-20 15:57:10", "elapsed": 9122.571455, "delta": 0.00594}}
{"target": -10.475510078016397, "params": {"colsample_bytree": 0.7173589369205445, "eta": 0.015074051465024404, "gamma": 275.0936142393764, "max_depth": 4.0, "min_child_weight": 4801.826637441745, "num_boost_round": 62.0, "subsample": 0.8454889648369798}, "datetime": {"datetime": "2024-01-20 15:57:10", "elapsed": 9122.577367, "delta": 0.005912}}
{"target": -10.47564955503591, "params": {"colsample_bytree": 0.7173589369205445, "eta": 0.015074051465024404, "gamma": 275.0936142393764, "max_depth": 4.0, "min_child_weight": 4801.826637441745, "num_boost_round": 63.0, "subsample": 0.8454889648369798}, "datetime": {"datetime": "2024-01-20 15:57:10", "elapsed": 9122.583269, "delta": 0.005902}}
{"target": -10.475740483615981, "params": {"colsample_bytree": 0.7173589369205445, "eta": 0.015074051465024404, "gamma": 275.0936142393764, "max_depth": 4.0, "min_child_weight": 4801.826637441745, "num_boost_round": 64.0, "subsample": 0.8454889648369798}, "datetime": {"datetime": "2024-01-20 15:57:10", "elapsed": 9122.589164, "delta": 0.005895}}
{"target": -10.47586211093001, "params": {"colsample_bytree": 0.7173589369205445, "eta": 0.015074051465024404, "gamma": 275.0936142393764, "max_depth": 4.0, "min_child_weight": 4801.826637441745, "num_boost_round": 65.0, "subsample": 0.8454889648369798}, "datetime": {"datetime": "2024-01-20 15:57:10", "elapsed": 9122.595065, "delta": 0.005901}}
{"target": -10.475983758940663, "params": {"colsample_bytree": 0.7173589369205445, "eta": 0.015074051465024404, "gamma": 275.0936142393764, "max_depth": 4.0, "min_child_weight": 4801.826637441745, "num_boost_round": 66.0, "subsample": 0.8454889648369798}, "datetime": {"datetime": "2024-01-20 15:57:10", "elapsed": 9122.600981, "delta": 0.005916}}
{"target": -10.47605379217461, "params": {"colsample_bytree": 0.7173589369205445, "eta": 0.015074051465024404, "gamma": 275.0936142393764, "max_depth": 4.0, "min_child_weight": 4801.826637441745, "num_boost_round": 67.0, "subsample": 0.8454889648369798}, "datetime": {"datetime": "2024-01-20 15:57:10", "elapsed": 9122.606858, "delta": 0.005877}}
{"target": -10.476106165556121, "params": {"colsample_bytree": 0.7173589369205445, "eta": 0.015074051465024404, "gamma": 275.0936142393764, "max_depth": 4.0, "min_child_weight": 4801.826637441745, "num_boost_round": 68.0, "subsample": 0.8454889648369798}, "datetime": {"datetime": "2024-01-20 15:57:10", "elapsed": 9122.612756, "delta": 0.005898}}
{"target": -10.476145623112863, "params": {"colsample_bytree": 0.7173589369205445, "eta": 0.015074051465024404, "gamma": 275.0936142393764, "max_depth": 4.0, "min_child_weight": 4801.826637441745, "num_boost_round": 69.0, "subsample": 0.8454889648369798}, "datetime": {"datetime": "2024-01-20 15:57:10", "elapsed": 9122.618663, "delta": 0.005907}}
{"target": -10.476247057781219, "params": {"colsample_bytree": 0.7173589369205445, "eta": 0.015074051465024404, "gamma": 275.0936142393764, "max_depth": 4.0, "min_child_weight": 4801.826637441745, "num_boost_round": 70.0, "subsample": 0.8454889648369798}, "datetime": {"datetime": "2024-01-20 15:57:10", "elapsed": 9122.624609, "delta": 0.005946}}
{"target": -10.47628397623225, "params": {"colsample_bytree": 0.7173589369205445, "eta": 0.015074051465024404, "gamma": 275.0936142393764, "max_depth": 4.0, "min_child_weight": 4801.826637441745, "num_boost_round": 71.0, "subsample": 0.8454889648369798}, "datetime": {"datetime": "2024-01-20 15:57:10", "elapsed": 9122.630529, "delta": 0.00592}}
{"target": -10.476375181231411, "params": {"colsample_bytree": 0.7173589369205445, "eta": 0.015074051465024404, "gamma": 275.0936142393764, "max_depth": 4.0, "min_child_weight": 4801.826637441745, "num_boost_round": 72.0, "subsample": 0.8454889648369798}, "datetime": {"datetime": "2024-01-20 15:57:10", "elapsed": 9122.637339, "delta": 0.00681}}
{"target": -10.476417691193099, "params": {"colsample_bytree": 0.7173589369205445, "eta": 0.015074051465024404, "gamma": 275.0936142393764, "max_depth": 4.0, "min_child_weight": 4801.826637441745, "num_boost_round": 73.0, "subsample": 0.8454889648369798}, "datetime": {"datetime": "2024-01-20 15:57:10", "elapsed": 9122.643291, "delta": 0.005952}}
{"target": -10.47643476697639, "params": {"colsample_bytree": 0.7173589369205445, "eta": 0.015074051465024404, "gamma": 275.0936142393764, "max_depth": 4.0, "min_child_weight": 4801.826637441745, "num_boost_round": 74.0, "subsample": 0.8454889648369798}, "datetime": {"datetime": "2024-01-20 15:57:10", "elapsed": 9122.649244, "delta": 0.005953}}
{"target": -10.476420796775555, "params": {"colsample_bytree": 0.7173589369205445, "eta": 0.015074051465024404, "gamma": 275.0936142393764, "max_depth": 4.0, "min_child_weight": 4801.826637441745, "num_boost_round": 75.0, "subsample": 0.8454889648369798}, "datetime": {"datetime": "2024-01-20 15:57:10", "elapsed": 9122.655103, "delta": 0.005859}}
{"target": -10.476462200968559, "params": {"colsample_bytree": 0.7173589369205445, "eta": 0.015074051465024404, "gamma": 275.0936142393764, "max_depth": 4.0, "min_child_weight": 4801.826637441745, "num_boost_round": 76.0, "subsample": 0.8454889648369798}, "datetime": {"datetime": "2024-01-20 15:57:10", "elapsed": 9122.660942, "delta": 0.005839}}
{"target": -10.476574507985987, "params": {"colsample_bytree": 0.7173589369205445, "eta": 0.015074051465024404, "gamma": 275.0936142393764, "max_depth": 4.0, "min_child_weight": 4801.826637441745, "num_boost_round": 77.0, "subsample": 0.8454889648369798}, "datetime": {"datetime": "2024-01-20 15:57:10", "elapsed": 9122.666753, "delta": 0.005811}}
{"target": -10.476693743286507, "params": {"colsample_bytree": 0.7173589369205445, "eta": 0.015074051465024404, "gamma": 275.0936142393764, "max_depth": 4.0, "min_child_weight": 4801.826637441745, "num_boost_round": 78.0, "subsample": 0.8454889648369798}, "datetime": {"datetime": "2024-01-20 15:57:10", "elapsed": 9122.672592, "delta": 0.005839}}
{"target": -10.476826843635344, "params": {"colsample_bytree": 0.7173589369205445, "eta": 0.015074051465024404, "gamma": 275.0936142393764, "max_depth": 4.0, "min_child_weight": 4801.826637441745, "num_boost_round": 79.0, "subsample": 0.8454889648369798}, "datetime": {"datetime": "2024-01-20 15:57:10", "elapsed": 9122.678473, "delta": 0.005881}}
{"target": -10.47690697008818, "params": {"colsample_bytree": 0.7173589369205445, "eta": 0.015074051465024404, "gamma": 275.0936142393764, "max_depth": 4.0, "min_child_weight": 4801.826637441745, "num_boost_round": 80.0, "subsample": 0.8454889648369798}, "datetime": {"datetime": "2024-01-20 15:57:10", "elapsed": 9122.684366, "delta": 0.005893}}
{"target": -10.47692924377705, "params": {"colsample_bytree": 0.7173589369205445, "eta": 0.015074051465024404, "gamma": 275.0936142393764, "max_depth": 4.0, "min_child_weight": 4801.826637441745, "num_boost_round": 81.0, "subsample": 0.8454889648369798}, "datetime": {"datetime": "2024-01-20 15:57:10", "elapsed": 9122.690297, "delta": 0.005931}}
{"target": -10.477003855454821, "params": {"colsample_bytree": 0.7173589369205445, "eta": 0.015074051465024404, "gamma": 275.0936142393764, "max_depth": 4.0, "min_child_weight": 4801.826637441745, "num_boost_round": 82.0, "subsample": 0.8454889648369798}, "datetime": {"datetime": "2024-01-20 15:57:10", "elapsed": 9122.69621, "delta": 0.005913}}
{"target": -10.476997499834122, "params": {"colsample_bytree": 0.7173589369205445, "eta": 0.015074051465024404, "gamma": 275.0936142393764, "max_depth": 4.0, "min_child_weight": 4801.826637441745, "num_boost_round": 83.0, "subsample": 0.8454889648369798}, "datetime": {"datetime": "2024-01-20 15:57:10", "elapsed": 9122.702171, "delta": 0.005961}}
{"target": -10.47707877080499, "params": {"colsample_bytree": 0.7173589369205445, "eta": 0.015074051465024404, "gamma": 275.0936142393764, "max_depth": 4.0, "min_child_weight": 4801.826637441745, "num_boost_round": 84.0, "subsample": 0.8454889648369798}, "datetime": {"datetime": "2024-01-20 15:57:10", "elapsed": 9122.708143, "delta": 0.005972}}
{"target": -10.47717097049643, "params": {"colsample_bytree": 0.7173589369205445, "eta": 0.015074051465024404, "gamma": 275.0936142393764, "max_depth": 4.0, "min_child_weight": 4801.826637441745, "num_boost_round": 85.0, "subsample": 0.8454889648369798}, "datetime": {"datetime": "2024-01-20 15:57:10", "elapsed": 9122.713971, "delta": 0.005828}}
{"target": -10.477225781387142, "params": {"colsample_bytree": 0.7173589369205445, "eta": 0.015074051465024404, "gamma": 275.0936142393764, "max_depth": 4.0, "min_child_weight": 4801.826637441745, "num_boost_round": 86.0, "subsample": 0.8454889648369798}, "datetime": {"datetime": "2024-01-20 15:57:10", "elapsed": 9122.719897, "delta": 0.005926}}
{"target": -10.477261603771826, "params": {"colsample_bytree": 0.7173589369205445, "eta": 0.015074051465024404, "gamma": 275.0936142393764, "max_depth": 4.0, "min_child_weight": 4801.826637441745, "num_boost_round": 87.0, "subsample": 0.8454889648369798}, "datetime": {"datetime": "2024-01-20 15:57:10", "elapsed": 9122.725831, "delta": 0.005934}}
{"target": -10.477315045058408, "params": {"colsample_bytree": 0.7173589369205445, "eta": 0.015074051465024404, "gamma": 275.0936142393764, "max_depth": 4.0, "min_child_weight": 4801.826637441745, "num_boost_round": 88.0, "subsample": 0.8454889648369798}, "datetime": {"datetime": "2024-01-20 15:57:10", "elapsed": 9122.731767, "delta": 0.005936}}
{"target": -10.477364187521411, "params": {"colsample_bytree": 0.7173589369205445, "eta": 0.015074051465024404, "gamma": 275.0936142393764, "max_depth": 4.0, "min_child_weight": 4801.826637441745, "num_boost_round": 89.0, "subsample": 0.8454889648369798}, "datetime": {"datetime": "2024-01-20 15:57:10", "elapsed": 9122.737688, "delta": 0.005921}}
{"target": -10.477347886352158, "params": {"colsample_bytree": 0.7173589369205445, "eta": 0.015074051465024404, "gamma": 275.0936142393764, "max_depth": 4.0, "min_child_weight": 4801.826637441745, "num_boost_round": 90.0, "subsample": 0.8454889648369798}, "datetime": {"datetime": "2024-01-20 15:57:10", "elapsed": 9122.743605, "delta": 0.005917}}
{"target": -10.477360166935565, "params": {"colsample_bytree": 0.7173589369205445, "eta": 0.015074051465024404, "gamma": 275.0936142393764, "max_depth": 4.0, "min_child_weight": 4801.826637441745, "num_boost_round": 91.0, "subsample": 0.8454889648369798}, "datetime": {"datetime": "2024-01-20 15:57:10", "elapsed": 9122.749555, "delta": 0.00595}}
{"target": -10.47742428192917, "params": {"colsample_bytree": 0.7173589369205445, "eta": 0.015074051465024404, "gamma": 275.0936142393764, "max_depth": 4.0, "min_child_weight": 4801.826637441745, "num_boost_round": 92.0, "subsample": 0.8454889648369798}, "datetime": {"datetime": "2024-01-20 15:57:10", "elapsed": 9122.755447, "delta": 0.005892}}
{"target": -10.477381639493867, "params": {"colsample_bytree": 0.7173589369205445, "eta": 0.015074051465024404, "gamma": 275.0936142393764, "max_depth": 4.0, "min_child_weight": 4801.826637441745, "num_boost_round": 93.0, "subsample": 0.8454889648369798}, "datetime": {"datetime": "2024-01-20 15:57:10", "elapsed": 9122.76135, "delta": 0.005903}}
{"target": -10.477452003896914, "params": {"colsample_bytree": 0.7173589369205445, "eta": 0.015074051465024404, "gamma": 275.0936142393764, "max_depth": 4.0, "min_child_weight": 4801.826637441745, "num_boost_round": 94.0, "subsample": 0.8454889648369798}, "datetime": {"datetime": "2024-01-20 15:57:10", "elapsed": 9122.767318, "delta": 0.005968}}
{"target": -10.477531955033385, "params": {"colsample_bytree": 0.7173589369205445, "eta": 0.015074051465024404, "gamma": 275.0936142393764, "max_depth": 4.0, "min_child_weight": 4801.826637441745, "num_boost_round": 95.0, "subsample": 0.8454889648369798}, "datetime": {"datetime": "2024-01-20 15:57:10", "elapsed": 9122.773205, "delta": 0.005887}}
{"target": -10.477568313498445, "params": {"colsample_bytree": 0.7173589369205445, "eta": 0.015074051465024404, "gamma": 275.0936142393764, "max_depth": 4.0, "min_child_weight": 4801.826637441745, "num_boost_round": 96.0, "subsample": 0.8454889648369798}, "datetime": {"datetime": "2024-01-20 15:57:10", "elapsed": 9122.77906, "delta": 0.005855}}
{"target": -10.477632114910154, "params": {"colsample_bytree": 0.7173589369205445, "eta": 0.015074051465024404, "gamma": 275.0936142393764, "max_depth": 4.0, "min_child_weight": 4801.826637441745, "num_boost_round": 97.0, "subsample": 0.8454889648369798}, "datetime": {"datetime": "2024-01-20 15:57:10", "elapsed": 9122.784927, "delta": 0.005867}}
{"target": -10.477672815860233, "params": {"colsample_bytree": 0.7173589369205445, "eta": 0.015074051465024404, "gamma": 275.0936142393764, "max_depth": 4.0, "min_child_weight": 4801.826637441745, "num_boost_round": 98.0, "subsample": 0.8454889648369798}, "datetime": {"datetime": "2024-01-20 15:57:10", "elapsed": 9122.790862, "delta": 0.005935}}
{"target": -10.477802411064612, "params": {"colsample_bytree": 0.7173589369205445, "eta": 0.015074051465024404, "gamma": 275.0936142393764, "max_depth": 4.0, "min_child_weight": 4801.826637441745, "num_boost_round": 99.0, "subsample": 0.8454889648369798}, "datetime": {"datetime": "2024-01-20 15:57:10", "elapsed": 9122.796706, "delta": 0.005844}}
{"target": -10.477780930689995, "params": {"colsample_bytree": 0.7173589369205445, "eta": 0.015074051465024404, "gamma": 275.0936142393764, "max_depth": 4.0, "min_child_weight": 4801.826637441745, "num_boost_round": 100.0, "subsample": 0.8454889648369798}, "datetime": {"datetime": "2024-01-20 15:57:10", "elapsed": 9122.803493, "delta": 0.006787}}
{"target": -10.47787370538404, "params": {"colsample_bytree": 0.7173589369205445, "eta": 0.015074051465024404, "gamma": 275.0936142393764, "max_depth": 4.0, "min_child_weight": 4801.826637441745, "num_boost_round": 101.0, "subsample": 0.8454889648369798}, "datetime": {"datetime": "2024-01-20 15:57:10", "elapsed": 9122.809523, "delta": 0.00603}}
{"target": -10.477940765639104, "params": {"colsample_bytree": 0.7173589369205445, "eta": 0.015074051465024404, "gamma": 275.0936142393764, "max_depth": 4.0, "min_child_weight": 4801.826637441745, "num_boost_round": 102.0, "subsample": 0.8454889648369798}, "datetime": {"datetime": "2024-01-20 15:57:10", "elapsed": 9122.815413, "delta": 0.00589}}
{"target": -10.477946489814995, "params": {"colsample_bytree": 0.7173589369205445, "eta": 0.015074051465024404, "gamma": 275.0936142393764, "max_depth": 4.0, "min_child_weight": 4801.826637441745, "num_boost_round": 103.0, "subsample": 0.8454889648369798}, "datetime": {"datetime": "2024-01-20 15:57:10", "elapsed": 9122.821299, "delta": 0.005886}}
{"target": -10.47802158378883, "params": {"colsample_bytree": 0.7173589369205445, "eta": 0.015074051465024404, "gamma": 275.0936142393764, "max_depth": 4.0, "min_child_weight": 4801.826637441745, "num_boost_round": 104.0, "subsample": 0.8454889648369798}, "datetime": {"datetime": "2024-01-20 15:57:10", "elapsed": 9122.827216, "delta": 0.005917}}
{"target": -10.478010849204335, "params": {"colsample_bytree": 0.7173589369205445, "eta": 0.015074051465024404, "gamma": 275.0936142393764, "max_depth": 4.0, "min_child_weight": 4801.826637441745, "num_boost_round": 105.0, "subsample": 0.8454889648369798}, "datetime": {"datetime": "2024-01-20 15:57:10", "elapsed": 9122.833064, "delta": 0.005848}}
{"target": -10.478072129683294, "params": {"colsample_bytree": 0.7173589369205445, "eta": 0.015074051465024404, "gamma": 275.0936142393764, "max_depth": 4.0, "min_child_weight": 4801.826637441745, "num_boost_round": 106.0, "subsample": 0.8454889648369798}, "datetime": {"datetime": "2024-01-20 15:57:10", "elapsed": 9122.839019, "delta": 0.005955}}
{"target": -10.478150906325943, "params": {"colsample_bytree": 0.7173589369205445, "eta": 0.015074051465024404, "gamma": 275.0936142393764, "max_depth": 4.0, "min_child_weight": 4801.826637441745, "num_boost_round": 107.0, "subsample": 0.8454889648369798}, "datetime": {"datetime": "2024-01-20 15:57:10", "elapsed": 9122.844925, "delta": 0.005906}}
{"target": -10.478176230751359, "params": {"colsample_bytree": 0.7173589369205445, "eta": 0.015074051465024404, "gamma": 275.0936142393764, "max_depth": 4.0, "min_child_weight": 4801.826637441745, "num_boost_round": 108.0, "subsample": 0.8454889648369798}, "datetime": {"datetime": "2024-01-20 15:57:10", "elapsed": 9122.850895, "delta": 0.00597}}
{"target": -10.478114818591704, "params": {"colsample_bytree": 0.7173589369205445, "eta": 0.015074051465024404, "gamma": 275.0936142393764, "max_depth": 4.0, "min_child_weight": 4801.826637441745, "num_boost_round": 109.0, "subsample": 0.8454889648369798}, "datetime": {"datetime": "2024-01-20 15:57:10", "elapsed": 9122.856879, "delta": 0.005984}}
{"target": -10.47816280070346, "params": {"colsample_bytree": 0.7173589369205445, "eta": 0.015074051465024404, "gamma": 275.0936142393764, "max_depth": 4.0, "min_child_weight": 4801.826637441745, "num_boost_round": 110.0, "subsample": 0.8454889648369798}, "datetime": {"datetime": "2024-01-20 15:57:10", "elapsed": 9122.86288, "delta": 0.006001}}
{"target": -10.47828068852725, "params": {"colsample_bytree": 0.7173589369205445, "eta": 0.015074051465024404, "gamma": 275.0936142393764, "max_depth": 4.0, "min_child_weight": 4801.826637441745, "num_boost_round": 111.0, "subsample": 0.8454889648369798}, "datetime": {"datetime": "2024-01-20 15:57:10", "elapsed": 9122.868806, "delta": 0.005926}}
{"target": -10.478287922269452, "params": {"colsample_bytree": 0.7173589369205445, "eta": 0.015074051465024404, "gamma": 275.0936142393764, "max_depth": 4.0, "min_child_weight": 4801.826637441745, "num_boost_round": 112.0, "subsample": 0.8454889648369798}, "datetime": {"datetime": "2024-01-20 15:57:10", "elapsed": 9122.874752, "delta": 0.005946}}
{"target": -10.478301860510562, "params": {"colsample_bytree": 0.7173589369205445, "eta": 0.015074051465024404, "gamma": 275.0936142393764, "max_depth": 4.0, "min_child_weight": 4801.826637441745, "num_boost_round": 113.0, "subsample": 0.8454889648369798}, "datetime": {"datetime": "2024-01-20 15:57:10", "elapsed": 9122.88069, "delta": 0.005938}}
{"target": -10.478296338470813, "params": {"colsample_bytree": 0.7173589369205445, "eta": 0.015074051465024404, "gamma": 275.0936142393764, "max_depth": 4.0, "min_child_weight": 4801.826637441745, "num_boost_round": 114.0, "subsample": 0.8454889648369798}, "datetime": {"datetime": "2024-01-20 15:57:10", "elapsed": 9122.886637, "delta": 0.005947}}
{"target": -10.478254577826036, "params": {"colsample_bytree": 0.7173589369205445, "eta": 0.015074051465024404, "gamma": 275.0936142393764, "max_depth": 4.0, "min_child_weight": 4801.826637441745, "num_boost_round": 115.0, "subsample": 0.8454889648369798}, "datetime": {"datetime": "2024-01-20 15:57:10", "elapsed": 9122.892577, "delta": 0.00594}}
{"target": -10.47825848892392, "params": {"colsample_bytree": 0.7173589369205445, "eta": 0.015074051465024404, "gamma": 275.0936142393764, "max_depth": 4.0, "min_child_weight": 4801.826637441745, "num_boost_round": 116.0, "subsample": 0.8454889648369798}, "datetime": {"datetime": "2024-01-20 15:57:10", "elapsed": 9122.898559, "delta": 0.005982}}
{"target": -10.4759719573171, "params": {"colsample_bytree": 0.9793574986021998, "eta": 0.007332599922258291, "gamma": 312.8050836612174, "max_depth": 7.0, "min_child_weight": 4833.444880032889, "num_boost_round": 1.0, "subsample": 0.9566021448231518}, "datetime": {"datetime": "2024-01-20 15:59:40", "elapsed": 9272.463787, "delta": 149.565228}}
{"target": -10.475813387239047, "params": {"colsample_bytree": 0.9793574986021998, "eta": 0.007332599922258291, "gamma": 312.8050836612174, "max_depth": 7.0, "min_child_weight": 4833.444880032889, "num_boost_round": 2.0, "subsample": 0.9566021448231518}, "datetime": {"datetime": "2024-01-20 15:59:40", "elapsed": 9272.472578, "delta": 0.008791}}
{"target": -10.475732316759373, "params": {"colsample_bytree": 0.9793574986021998, "eta": 0.007332599922258291, "gamma": 312.8050836612174, "max_depth": 7.0, "min_child_weight": 4833.444880032889, "num_boost_round": 3.0, "subsample": 0.9566021448231518}, "datetime": {"datetime": "2024-01-20 15:59:40", "elapsed": 9272.47914, "delta": 0.006562}}
