{"target": -15.176054413548787, "params": {"colsample_bytree": 0.9974384140290249, "eta": 0.09660369225270572, "gamma": 622.5373793977662, "max_depth": 5.0, "min_child_weight": 4220.786096347652, "num_boost_round": 50.0, "subsample": 0.7151716650346259}, "datetime": {"datetime": "2024-01-20 14:39:38", "elapsed": 935.449403, "delta": 0.001672}}
{"target": -15.1763165176724, "params": {"colsample_bytree": 0.9974384140290249, "eta": 0.09660369225270572, "gamma": 622.5373793977662, "max_depth": 5.0, "min_child_weight": 4220.786096347652, "num_boost_round": 51.0, "subsample": 0.7151716650346259}, "datetime": {"datetime": "2024-01-20 14:39:38", "elapsed": 935.451063, "delta": 0.00166}}
{"target": -15.177097902291724, "params": {"colsample_bytree": 0.9974384140290249, "eta": 0.09660369225270572, "gamma": 622.5373793977662, "max_depth": 5.0, "min_child_weight": 4220.786096347652, "num_boost_round": 52.0, "subsample": 0.7151716650346259}, "datetime": {"datetime": "2024-01-20 14:39:38", "elapsed": 935.452754, "delta": 0.001691}}
{"target": -15.177799880530646, "params": {"colsample_bytree": 0.9974384140290249, "eta": 0.09660369225270572, "gamma": 622.5373793977662, "max_depth": 5.0, "min_child_weight": 4220.786096347652, "num_boost_round": 53.0, "subsample": 0.7151716650346259}, "datetime": {"datetime": "2024-01-20 14:39:38", "elapsed": 935.454449, "delta": 0.001695}}
{"target": -15.178025438973702, "params": {"colsample_bytree": 0.9974384140290249, "eta": 0.09660369225270572, "gamma": 622.5373793977662, "max_depth": 5.0, "min_child_weight": 4220.786096347652, "num_boost_round": 54.0, "subsample": 0.7151716650346259}, "datetime": {"datetime": "2024-01-20 14:39:38", "elapsed": 935.456122, "delta": 0.001673}}
{"target": -15.179069271030666, "params": {"colsample_bytree": 0.9974384140290249, "eta": 0.09660369225270572, "gamma": 622.5373793977662, "max_depth": 5.0, "min_child_weight": 4220.786096347652, "num_boost_round": 55.0, "subsample": 0.7151716650346259}, "datetime": {"datetime": "2024-01-20 14:39:38", "elapsed": 935.457821, "delta": 0.001699}}
{"target": -15.179709388820648, "params": {"colsample_bytree": 0.9974384140290249, "eta": 0.09660369225270572, "gamma": 622.5373793977662, "max_depth": 5.0, "min_child_weight": 4220.786096347652, "num_boost_round": 56.0, "subsample": 0.7151716650346259}, "datetime": {"datetime": "2024-01-20 14:39:38", "elapsed": 935.459492, "delta": 0.001671}}
{"target": -15.180405465954433, "params": {"colsample_bytree": 0.9974384140290249, "eta": 0.09660369225270572, "gamma": 622.5373793977662, "max_depth": 5.0, "min_child_weight": 4220.786096347652, "num_boost_round": 57.0, "subsample": 0.7151716650346259}, "datetime": {"datetime": "2024-01-20 14:39:38", "elapsed": 935.461154, "delta": 0.001662}}
{"target": -15.180628785081991, "params": {"colsample_bytree": 0.9974384140290249, "eta": 0.09660369225270572, "gamma": 622.5373793977662, "max_depth": 5.0, "min_child_weight": 4220.786096347652, "num_boost_round": 58.0, "subsample": 0.7151716650346259}, "datetime": {"datetime": "2024-01-20 14:39:38", "elapsed": 935.462854, "delta": 0.0017}}
{"target": -15.172891010588147, "params": {"colsample_bytree": 0.6439241180142907, "eta": 0.0041262393168744835, "gamma": 600.6496062102236, "max_depth": 7.0, "min_child_weight": 4162.606760006024, "num_boost_round": 1.0, "subsample": 0.3290173919423508}, "datetime": {"datetime": "2024-01-20 14:40:13", "elapsed": 971.356755, "delta": 35.893901}}
{"target": -15.172732007189456, "params": {"colsample_bytree": 0.6439241180142907, "eta": 0.0041262393168744835, "gamma": 600.6496062102236, "max_depth": 7.0, "min_child_weight": 4162.606760006024, "num_boost_round": 2.0, "subsample": 0.3290173919423508}, "datetime": {"datetime": "2024-01-20 14:40:13", "elapsed": 971.359444, "delta": 0.002689}}
{"target": -15.172554045171669, "params": {"colsample_bytree": 0.6439241180142907, "eta": 0.0041262393168744835, "gamma": 600.6496062102236, "max_depth": 7.0, "min_child_weight": 4162.606760006024, "num_boost_round": 3.0, "subsample": 0.3290173919423508}, "datetime": {"datetime": "2024-01-20 14:40:13", "elapsed": 971.361771, "delta": 0.002327}}
{"target": -15.17239607444637, "params": {"colsample_bytree": 0.6439241180142907, "eta": 0.0041262393168744835, "gamma": 600.6496062102236, "max_depth": 7.0, "min_child_weight": 4162.606760006024, "num_boost_round": 4.0, "subsample": 0.3290173919423508}, "datetime": {"datetime": "2024-01-20 14:40:13", "elapsed": 971.363433, "delta": 0.001662}}
{"target": -15.17212668964866, "params": {"colsample_bytree": 0.6439241180142907, "eta": 0.0041262393168744835, "gamma": 600.6496062102236, "max_depth": 7.0, "min_child_weight": 4162.606760006024, "num_boost_round": 5.0, "subsample": 0.3290173919423508}, "datetime": {"datetime": "2024-01-20 14:40:13", "elapsed": 971.365124, "delta": 0.001691}}
{"target": -15.171936831685215, "params": {"colsample_bytree": 0.6439241180142907, "eta": 0.0041262393168744835, "gamma": 600.6496062102236, "max_depth": 7.0, "min_child_weight": 4162.606760006024, "num_boost_round": 6.0, "subsample": 0.3290173919423508}, "datetime": {"datetime": "2024-01-20 14:40:13", "elapsed": 971.366774, "delta": 0.00165}}
{"target": -15.171747772257206, "params": {"colsample_bytree": 0.6439241180142907, "eta": 0.0041262393168744835, "gamma": 600.6496062102236, "max_depth": 7.0, "min_child_weight": 4162.606760006024, "num_boost_round": 7.0, "subsample": 0.3290173919423508}, "datetime": {"datetime": "2024-01-20 14:40:13", "elapsed": 971.368437, "delta": 0.001663}}
{"target": -15.171507199080477, "params": {"colsample_bytree": 0.6439241180142907, "eta": 0.0041262393168744835, "gamma": 600.6496062102236, "max_depth": 7.0, "min_child_weight": 4162.606760006024, "num_boost_round": 8.0, "subsample": 0.3290173919423508}, "datetime": {"datetime": "2024-01-20 14:40:13", "elapsed": 971.370089, "delta": 0.001652}}
{"target": -15.171376637424284, "params": {"colsample_bytree": 0.6439241180142907, "eta": 0.0041262393168744835, "gamma": 600.6496062102236, "max_depth": 7.0, "min_child_weight": 4162.606760006024, "num_boost_round": 9.0, "subsample": 0.3290173919423508}, "datetime": {"datetime": "2024-01-20 14:40:13", "elapsed": 971.371853, "delta": 0.001764}}
{"target": -15.171219482431217, "params": {"colsample_bytree": 0.6439241180142907, "eta": 0.0041262393168744835, "gamma": 600.6496062102236, "max_depth": 7.0, "min_child_weight": 4162.606760006024, "num_boost_round": 10.0, "subsample": 0.3290173919423508}, "datetime": {"datetime": "2024-01-20 14:40:13", "elapsed": 971.373524, "delta": 0.001671}}
{"target": -15.171210863943065, "params": {"colsample_bytree": 0.6439241180142907, "eta": 0.0041262393168744835, "gamma": 600.6496062102236, "max_depth": 7.0, "min_child_weight": 4162.606760006024, "num_boost_round": 11.0, "subsample": 0.3290173919423508}, "datetime": {"datetime": "2024-01-20 14:40:13", "elapsed": 971.375183, "delta": 0.001659}}
{"target": -15.171042691826727, "params": {"colsample_bytree": 0.6439241180142907, "eta": 0.0041262393168744835, "gamma": 600.6496062102236, "max_depth": 7.0, "min_child_weight": 4162.606760006024, "num_boost_round": 12.0, "subsample": 0.3290173919423508}, "datetime": {"datetime": "2024-01-20 14:40:13", "elapsed": 971.376853, "delta": 0.00167}}
{"target": -15.170898809926918, "params": {"colsample_bytree": 0.6439241180142907, "eta": 0.0041262393168744835, "gamma": 600.6496062102236, "max_depth": 7.0, "min_child_weight": 4162.606760006024, "num_boost_round": 13.0, "subsample": 0.3290173919423508}, "datetime": {"datetime": "2024-01-20 14:40:13", "elapsed": 971.378511, "delta": 0.001658}}
{"target": -15.170586147295772, "params": {"colsample_bytree": 0.6439241180142907, "eta": 0.0041262393168744835, "gamma": 600.6496062102236, "max_depth": 7.0, "min_child_weight": 4162.606760006024, "num_boost_round": 14.0, "subsample": 0.3290173919423508}, "datetime": {"datetime": "2024-01-20 14:40:13", "elapsed": 971.380241, "delta": 0.00173}}
{"target": -15.170423437849792, "params": {"colsample_bytree": 0.6439241180142907, "eta": 0.0041262393168744835, "gamma": 600.6496062102236, "max_depth": 7.0, "min_child_weight": 4162.606760006024, "num_boost_round": 15.0, "subsample": 0.3290173919423508}, "datetime": {"datetime": "2024-01-20 14:40:13", "elapsed": 971.381953, "delta": 0.001712}}
{"target": -15.170305528511737, "params": {"colsample_bytree": 0.6439241180142907, "eta": 0.0041262393168744835, "gamma": 600.6496062102236, "max_depth": 7.0, "min_child_weight": 4162.606760006024, "num_boost_round": 16.0, "subsample": 0.3290173919423508}, "datetime": {"datetime": "2024-01-20 14:40:13", "elapsed": 971.383631, "delta": 0.001678}}
{"target": -15.170046872888427, "params": {"colsample_bytree": 0.6439241180142907, "eta": 0.0041262393168744835, "gamma": 600.6496062102236, "max_depth": 7.0, "min_child_weight": 4162.606760006024, "num_boost_round": 17.0, "subsample": 0.3290173919423508}, "datetime": {"datetime": "2024-01-20 14:40:13", "elapsed": 971.3853, "delta": 0.001669}}
{"target": -15.16979306028552, "params": {"colsample_bytree": 0.6439241180142907, "eta": 0.0041262393168744835, "gamma": 600.6496062102236, "max_depth": 7.0, "min_child_weight": 4162.606760006024, "num_boost_round": 18.0, "subsample": 0.3290173919423508}, "datetime": {"datetime": "2024-01-20 14:40:13", "elapsed": 971.386972, "delta": 0.001672}}
{"target": -15.169562524867384, "params": {"colsample_bytree": 0.6439241180142907, "eta": 0.0041262393168744835, "gamma": 600.6496062102236, "max_depth": 7.0, "min_child_weight": 4162.606760006024, "num_boost_round": 19.0, "subsample": 0.3290173919423508}, "datetime": {"datetime": "2024-01-20 14:40:13", "elapsed": 971.388641, "delta": 0.001669}}
{"target": -15.169413080568244, "params": {"colsample_bytree": 0.6439241180142907, "eta": 0.0041262393168744835, "gamma": 600.6496062102236, "max_depth": 7.0, "min_child_weight": 4162.606760006024, "num_boost_round": 20.0, "subsample": 0.3290173919423508}, "datetime": {"datetime": "2024-01-20 14:40:13", "elapsed": 971.390332, "delta": 0.001691}}
{"target": -15.169118105414142, "params": {"colsample_bytree": 0.6439241180142907, "eta": 0.0041262393168744835, "gamma": 600.6496062102236, "max_depth": 7.0, "min_child_weight": 4162.606760006024, "num_boost_round": 21.0, "subsample": 0.3290173919423508}, "datetime": {"datetime": "2024-01-20 14:40:13", "elapsed": 971.39225, "delta": 0.001918}}
{"target": -15.168966146618153, "params": {"colsample_bytree": 0.6439241180142907, "eta": 0.0041262393168744835, "gamma": 600.6496062102236, "max_depth": 7.0, "min_child_weight": 4162.606760006024, "num_boost_round": 22.0, "subsample": 0.3290173919423508}, "datetime": {"datetime": "2024-01-20 14:40:13", "elapsed": 971.394027, "delta": 0.001777}}
{"target": -15.16863048909112, "params": {"colsample_bytree": 0.6439241180142907, "eta": 0.0041262393168744835, "gamma": 600.6496062102236, "max_depth": 7.0, "min_child_weight": 4162.606760006024, "num_boost_round": 23.0, "subsample": 0.3290173919423508}, "datetime": {"datetime": "2024-01-20 14:40:13", "elapsed": 971.39576, "delta": 0.001733}}
{"target": -15.168399529799661, "params": {"colsample_bytree": 0.6439241180142907, "eta": 0.0041262393168744835, "gamma": 600.6496062102236, "max_depth": 7.0, "min_child_weight": 4162.606760006024, "num_boost_round": 24.0, "subsample": 0.3290173919423508}, "datetime": {"datetime": "2024-01-20 14:40:13", "elapsed": 971.397451, "delta": 0.001691}}
{"target": -15.168262347878425, "params": {"colsample_bytree": 0.6439241180142907, "eta": 0.0041262393168744835, "gamma": 600.6496062102236, "max_depth": 7.0, "min_child_weight": 4162.606760006024, "num_boost_round": 25.0, "subsample": 0.3290173919423508}, "datetime": {"datetime": "2024-01-20 14:40:13", "elapsed": 971.399125, "delta": 0.001674}}
{"target": -15.168177229046789, "params": {"colsample_bytree": 0.6439241180142907, "eta": 0.0041262393168744835, "gamma": 600.6496062102236, "max_depth": 7.0, "min_child_weight": 4162.606760006024, "num_boost_round": 26.0, "subsample": 0.3290173919423508}, "datetime": {"datetime": "2024-01-20 14:40:13", "elapsed": 971.400861, "delta": 0.001736}}
{"target": -15.167853493653466, "params": {"colsample_bytree": 0.6439241180142907, "eta": 0.0041262393168744835, "gamma": 600.6496062102236, "max_depth": 7.0, "min_child_weight": 4162.606760006024, "num_boost_round": 27.0, "subsample": 0.3290173919423508}, "datetime": {"datetime": "2024-01-20 14:40:13", "elapsed": 971.402596, "delta": 0.001735}}
{"target": -15.16768988060238, "params": {"colsample_bytree": 0.6439241180142907, "eta": 0.0041262393168744835, "gamma": 600.6496062102236, "max_depth": 7.0, "min_child_weight": 4162.606760006024, "num_boost_round": 28.0, "subsample": 0.3290173919423508}, "datetime": {"datetime": "2024-01-20 14:40:13", "elapsed": 971.404302, "delta": 0.001706}}
{"target": -15.16751892559249, "params": {"colsample_bytree": 0.6439241180142907, "eta": 0.0041262393168744835, "gamma": 600.6496062102236, "max_depth": 7.0, "min_child_weight": 4162.606760006024, "num_boost_round": 29.0, "subsample": 0.3290173919423508}, "datetime": {"datetime": "2024-01-20 14:40:13", "elapsed": 971.405985, "delta": 0.001683}}
{"target": -15.167277499976144, "params": {"colsample_bytree": 0.6439241180142907, "eta": 0.0041262393168744835, "gamma": 600.6496062102236, "max_depth": 7.0, "min_child_weight": 4162.606760006024, "num_boost_round": 30.0, "subsample": 0.3290173919423508}, "datetime": {"datetime": "2024-01-20 14:40:13", "elapsed": 971.407666, "delta": 0.001681}}
{"target": -15.167147888331831, "params": {"colsample_bytree": 0.6439241180142907, "eta": 0.0041262393168744835, "gamma": 600.6496062102236, "max_depth": 7.0, "min_child_weight": 4162.606760006024, "num_boost_round": 31.0, "subsample": 0.3290173919423508}, "datetime": {"datetime": "2024-01-20 14:40:13", "elapsed": 971.40935, "delta": 0.001684}}
{"target": -15.170993170554944, "params": {"colsample_bytree": 0.5318080881158983, "eta": 0.06838073600234544, "gamma": 601.348906163163, "max_depth": 9.0, "min_child_weight": 4134.170658188276, "num_boost_round": 1.0, "subsample": 0.12463164120607753}, "datetime": {"datetime": "2024-01-20 14:40:57", "elapsed": 1014.884356, "delta": 43.475006}}
{"target": -15.169325100324382, "params": {"colsample_bytree": 0.5318080881158983, "eta": 0.06838073600234544, "gamma": 601.348906163163, "max_depth": 9.0, "min_child_weight": 4134.170658188276, "num_boost_round": 2.0, "subsample": 0.12463164120607753}, "datetime": {"datetime": "2024-01-20 14:40:57", "elapsed": 1014.886488, "delta": 0.002132}}
{"target": -15.167586809242149, "params": {"colsample_bytree": 0.5318080881158983, "eta": 0.06838073600234544, "gamma": 601.348906163163, "max_depth": 9.0, "min_child_weight": 4134.170658188276, "num_boost_round": 3.0, "subsample": 0.12463164120607753}, "datetime": {"datetime": "2024-01-20 14:40:57", "elapsed": 1014.888939, "delta": 0.002451}}
{"target": -15.167069201065619, "params": {"colsample_bytree": 0.5318080881158983, "eta": 0.06838073600234544, "gamma": 601.348906163163, "max_depth": 9.0, "min_child_weight": 4134.170658188276, "num_boost_round": 4.0, "subsample": 0.12463164120607753}, "datetime": {"datetime": "2024-01-20 14:40:57", "elapsed": 1014.890777, "delta": 0.001838}}
{"target": -15.164866804375958, "params": {"colsample_bytree": 0.5318080881158983, "eta": 0.06838073600234544, "gamma": 601.348906163163, "max_depth": 9.0, "min_child_weight": 4134.170658188276, "num_boost_round": 5.0, "subsample": 0.12463164120607753}, "datetime": {"datetime": "2024-01-20 14:40:57", "elapsed": 1014.892561, "delta": 0.001784}}
{"target": -15.16376941139783, "params": {"colsample_bytree": 0.5318080881158983, "eta": 0.06838073600234544, "gamma": 601.348906163163, "max_depth": 9.0, "min_child_weight": 4134.170658188276, "num_boost_round": 6.0, "subsample": 0.12463164120607753}, "datetime": {"datetime": "2024-01-20 14:40:57", "elapsed": 1014.894293, "delta": 0.001732}}
{"target": -15.163102756511442, "params": {"colsample_bytree": 0.5318080881158983, "eta": 0.06838073600234544, "gamma": 601.348906163163, "max_depth": 9.0, "min_child_weight": 4134.170658188276, "num_boost_round": 7.0, "subsample": 0.12463164120607753}, "datetime": {"datetime": "2024-01-20 14:40:57", "elapsed": 1014.89608, "delta": 0.001787}}
{"target": -15.161019479991644, "params": {"colsample_bytree": 0.5318080881158983, "eta": 0.06838073600234544, "gamma": 601.348906163163, "max_depth": 9.0, "min_child_weight": 4134.170658188276, "num_boost_round": 8.0, "subsample": 0.12463164120607753}, "datetime": {"datetime": "2024-01-20 14:40:57", "elapsed": 1014.897738, "delta": 0.001658}}
{"target": -15.160846934766226, "params": {"colsample_bytree": 0.5318080881158983, "eta": 0.06838073600234544, "gamma": 601.348906163163, "max_depth": 9.0, "min_child_weight": 4134.170658188276, "num_boost_round": 9.0, "subsample": 0.12463164120607753}, "datetime": {"datetime": "2024-01-20 14:40:57", "elapsed": 1014.89939, "delta": 0.001652}}
{"target": -15.160058611690577, "params": {"colsample_bytree": 0.5318080881158983, "eta": 0.06838073600234544, "gamma": 601.348906163163, "max_depth": 9.0, "min_child_weight": 4134.170658188276, "num_boost_round": 10.0, "subsample": 0.12463164120607753}, "datetime": {"datetime": "2024-01-20 14:40:57", "elapsed": 1014.901112, "delta": 0.001722}}
{"target": -15.16011090890498, "params": {"colsample_bytree": 0.5318080881158983, "eta": 0.06838073600234544, "gamma": 601.348906163163, "max_depth": 9.0, "min_child_weight": 4134.170658188276, "num_boost_round": 11.0, "subsample": 0.12463164120607753}, "datetime": {"datetime": "2024-01-20 14:40:57", "elapsed": 1014.902772, "delta": 0.00166}}
{"target": -15.159582062202059, "params": {"colsample_bytree": 0.5318080881158983, "eta": 0.06838073600234544, "gamma": 601.348906163163, "max_depth": 9.0, "min_child_weight": 4134.170658188276, "num_boost_round": 12.0, "subsample": 0.12463164120607753}, "datetime": {"datetime": "2024-01-20 14:40:57", "elapsed": 1014.904436, "delta": 0.001664}}
{"target": -15.159810786720769, "params": {"colsample_bytree": 0.5318080881158983, "eta": 0.06838073600234544, "gamma": 601.348906163163, "max_depth": 9.0, "min_child_weight": 4134.170658188276, "num_boost_round": 13.0, "subsample": 0.12463164120607753}, "datetime": {"datetime": "2024-01-20 14:40:57", "elapsed": 1014.906099, "delta": 0.001663}}
{"target": -15.159059337439508, "params": {"colsample_bytree": 0.5318080881158983, "eta": 0.06838073600234544, "gamma": 601.348906163163, "max_depth": 9.0, "min_child_weight": 4134.170658188276, "num_boost_round": 14.0, "subsample": 0.12463164120607753}, "datetime": {"datetime": "2024-01-20 14:40:57", "elapsed": 1014.907776, "delta": 0.001677}}
{"target": -15.158815972749496, "params": {"colsample_bytree": 0.5318080881158983, "eta": 0.06838073600234544, "gamma": 601.348906163163, "max_depth": 9.0, "min_child_weight": 4134.170658188276, "num_boost_round": 15.0, "subsample": 0.12463164120607753}, "datetime": {"datetime": "2024-01-20 14:40:57", "elapsed": 1014.909446, "delta": 0.00167}}
{"target": -15.159102751324198, "params": {"colsample_bytree": 0.5318080881158983, "eta": 0.06838073600234544, "gamma": 601.348906163163, "max_depth": 9.0, "min_child_weight": 4134.170658188276, "num_boost_round": 16.0, "subsample": 0.12463164120607753}, "datetime": {"datetime": "2024-01-20 14:40:57", "elapsed": 1014.9112, "delta": 0.001754}}
{"target": -15.158669537634252, "params": {"colsample_bytree": 0.5318080881158983, "eta": 0.06838073600234544, "gamma": 601.348906163163, "max_depth": 9.0, "min_child_weight": 4134.170658188276, "num_boost_round": 17.0, "subsample": 0.12463164120607753}, "datetime": {"datetime": "2024-01-20 14:40:57", "elapsed": 1014.912885, "delta": 0.001685}}
{"target": -15.159010212051525, "params": {"colsample_bytree": 0.5318080881158983, "eta": 0.06838073600234544, "gamma": 601.348906163163, "max_depth": 9.0, "min_child_weight": 4134.170658188276, "num_boost_round": 18.0, "subsample": 0.12463164120607753}, "datetime": {"datetime": "2024-01-20 14:40:57", "elapsed": 1014.914553, "delta": 0.001668}}
{"target": -15.15809535577401, "params": {"colsample_bytree": 0.5318080881158983, "eta": 0.06838073600234544, "gamma": 601.348906163163, "max_depth": 9.0, "min_child_weight": 4134.170658188276, "num_boost_round": 19.0, "subsample": 0.12463164120607753}, "datetime": {"datetime": "2024-01-20 14:40:57", "elapsed": 1014.916262, "delta": 0.001709}}
{"target": -15.157770113304185, "params": {"colsample_bytree": 0.5318080881158983, "eta": 0.06838073600234544, "gamma": 601.348906163163, "max_depth": 9.0, "min_child_weight": 4134.170658188276, "num_boost_round": 20.0, "subsample": 0.12463164120607753}, "datetime": {"datetime": "2024-01-20 14:40:57", "elapsed": 1014.917947, "delta": 0.001685}}
{"target": -15.157170669939726, "params": {"colsample_bytree": 0.5318080881158983, "eta": 0.06838073600234544, "gamma": 601.348906163163, "max_depth": 9.0, "min_child_weight": 4134.170658188276, "num_boost_round": 21.0, "subsample": 0.12463164120607753}, "datetime": {"datetime": "2024-01-20 14:40:57", "elapsed": 1014.919691, "delta": 0.001744}}
{"target": -15.157384293619984, "params": {"colsample_bytree": 0.5318080881158983, "eta": 0.06838073600234544, "gamma": 601.348906163163, "max_depth": 9.0, "min_child_weight": 4134.170658188276, "num_boost_round": 22.0, "subsample": 0.12463164120607753}, "datetime": {"datetime": "2024-01-20 14:40:57", "elapsed": 1014.921517, "delta": 0.001826}}
{"target": -15.156808543259165, "params": {"colsample_bytree": 0.5318080881158983, "eta": 0.06838073600234544, "gamma": 601.348906163163, "max_depth": 9.0, "min_child_weight": 4134.170658188276, "num_boost_round": 23.0, "subsample": 0.12463164120607753}, "datetime": {"datetime": "2024-01-20 14:40:57", "elapsed": 1014.923259, "delta": 0.001742}}
