{"target": -13.498044813535156, "params": {"colsample_bytree": 0.5218161599253782, "eta": 0.019528372242606572, "gamma": 415.40842046355607, "max_depth": 9.0, "min_child_weight": 4032.458294525236, "num_boost_round": 17.0, "subsample": 0.9230983456467036}, "datetime": {"datetime": "2024-01-20 15:43:30", "elapsed": 4764.190872, "delta": 0.005679}}
{"target": -13.498081158177673, "params": {"colsample_bytree": 0.5218161599253782, "eta": 0.019528372242606572, "gamma": 415.40842046355607, "max_depth": 9.0, "min_child_weight": 4032.458294525236, "num_boost_round": 18.0, "subsample": 0.9230983456467036}, "datetime": {"datetime": "2024-01-20 15:43:30", "elapsed": 4764.200741, "delta": 0.009869}}
{"target": -13.49816422245043, "params": {"colsample_bytree": 0.5218161599253782, "eta": 0.019528372242606572, "gamma": 415.40842046355607, "max_depth": 9.0, "min_child_weight": 4032.458294525236, "num_boost_round": 19.0, "subsample": 0.9230983456467036}, "datetime": {"datetime": "2024-01-20 15:43:30", "elapsed": 4764.206043, "delta": 0.005302}}
{"target": -13.498141459626037, "params": {"colsample_bytree": 0.5218161599253782, "eta": 0.019528372242606572, "gamma": 415.40842046355607, "max_depth": 9.0, "min_child_weight": 4032.458294525236, "num_boost_round": 20.0, "subsample": 0.9230983456467036}, "datetime": {"datetime": "2024-01-20 15:43:30", "elapsed": 4764.211344, "delta": 0.005301}}
{"target": -13.498212685044091, "params": {"colsample_bytree": 0.5218161599253782, "eta": 0.019528372242606572, "gamma": 415.40842046355607, "max_depth": 9.0, "min_child_weight": 4032.458294525236, "num_boost_round": 21.0, "subsample": 0.9230983456467036}, "datetime": {"datetime": "2024-01-20 15:43:30", "elapsed": 4764.216839, "delta": 0.005495}}
{"target": -13.49811327618279, "params": {"colsample_bytree": 0.5218161599253782, "eta": 0.019528372242606572, "gamma": 415.40842046355607, "max_depth": 9.0, "min_child_weight": 4032.458294525236, "num_boost_round": 22.0, "subsample": 0.9230983456467036}, "datetime": {"datetime": "2024-01-20 15:43:30", "elapsed": 4764.222173, "delta": 0.005334}}
{"target": -13.498154502643303, "params": {"colsample_bytree": 0.5218161599253782, "eta": 0.019528372242606572, "gamma": 415.40842046355607, "max_depth": 9.0, "min_child_weight": 4032.458294525236, "num_boost_round": 23.0, "subsample": 0.9230983456467036}, "datetime": {"datetime": "2024-01-20 15:43:30", "elapsed": 4764.227454, "delta": 0.005281}}
{"target": -13.498255949107024, "params": {"colsample_bytree": 0.5218161599253782, "eta": 0.019528372242606572, "gamma": 415.40842046355607, "max_depth": 9.0, "min_child_weight": 4032.458294525236, "num_boost_round": 24.0, "subsample": 0.9230983456467036}, "datetime": {"datetime": "2024-01-20 15:43:30", "elapsed": 4764.233092, "delta": 0.005638}}
{"target": -13.498231758449892, "params": {"colsample_bytree": 0.5218161599253782, "eta": 0.019528372242606572, "gamma": 415.40842046355607, "max_depth": 9.0, "min_child_weight": 4032.458294525236, "num_boost_round": 25.0, "subsample": 0.9230983456467036}, "datetime": {"datetime": "2024-01-20 15:43:30", "elapsed": 4764.238602, "delta": 0.00551}}
{"target": -13.498470964827472, "params": {"colsample_bytree": 0.5218161599253782, "eta": 0.019528372242606572, "gamma": 415.40842046355607, "max_depth": 9.0, "min_child_weight": 4032.458294525236, "num_boost_round": 26.0, "subsample": 0.9230983456467036}, "datetime": {"datetime": "2024-01-20 15:43:30", "elapsed": 4764.244111, "delta": 0.005509}}
{"target": -13.498699472813545, "params": {"colsample_bytree": 0.5218161599253782, "eta": 0.019528372242606572, "gamma": 415.40842046355607, "max_depth": 9.0, "min_child_weight": 4032.458294525236, "num_boost_round": 27.0, "subsample": 0.9230983456467036}, "datetime": {"datetime": "2024-01-20 15:43:30", "elapsed": 4764.249573, "delta": 0.005462}}
{"target": -13.498653189081672, "params": {"colsample_bytree": 0.5218161599253782, "eta": 0.019528372242606572, "gamma": 415.40842046355607, "max_depth": 9.0, "min_child_weight": 4032.458294525236, "num_boost_round": 28.0, "subsample": 0.9230983456467036}, "datetime": {"datetime": "2024-01-20 15:43:31", "elapsed": 4764.519024, "delta": 0.269451}}
{"target": -13.498824085794691, "params": {"colsample_bytree": 0.5218161599253782, "eta": 0.019528372242606572, "gamma": 415.40842046355607, "max_depth": 9.0, "min_child_weight": 4032.458294525236, "num_boost_round": 29.0, "subsample": 0.9230983456467036}, "datetime": {"datetime": "2024-01-20 15:43:31", "elapsed": 4764.524832, "delta": 0.005808}}
{"target": -13.498843803591553, "params": {"colsample_bytree": 0.5218161599253782, "eta": 0.019528372242606572, "gamma": 415.40842046355607, "max_depth": 9.0, "min_child_weight": 4032.458294525236, "num_boost_round": 30.0, "subsample": 0.9230983456467036}, "datetime": {"datetime": "2024-01-20 15:43:31", "elapsed": 4764.530225, "delta": 0.005393}}
{"target": -13.498899202198698, "params": {"colsample_bytree": 0.5218161599253782, "eta": 0.019528372242606572, "gamma": 415.40842046355607, "max_depth": 9.0, "min_child_weight": 4032.458294525236, "num_boost_round": 31.0, "subsample": 0.9230983456467036}, "datetime": {"datetime": "2024-01-20 15:43:31", "elapsed": 4764.535743, "delta": 0.005518}}
{"target": -13.498977676995516, "params": {"colsample_bytree": 0.5218161599253782, "eta": 0.019528372242606572, "gamma": 415.40842046355607, "max_depth": 9.0, "min_child_weight": 4032.458294525236, "num_boost_round": 32.0, "subsample": 0.9230983456467036}, "datetime": {"datetime": "2024-01-20 15:43:31", "elapsed": 4764.54124, "delta": 0.005497}}
{"target": -13.499144856623046, "params": {"colsample_bytree": 0.5218161599253782, "eta": 0.019528372242606572, "gamma": 415.40842046355607, "max_depth": 9.0, "min_child_weight": 4032.458294525236, "num_boost_round": 33.0, "subsample": 0.9230983456467036}, "datetime": {"datetime": "2024-01-20 15:43:31", "elapsed": 4764.546575, "delta": 0.005335}}
{"target": -13.499175332621244, "params": {"colsample_bytree": 0.5218161599253782, "eta": 0.019528372242606572, "gamma": 415.40842046355607, "max_depth": 9.0, "min_child_weight": 4032.458294525236, "num_boost_round": 34.0, "subsample": 0.9230983456467036}, "datetime": {"datetime": "2024-01-20 15:43:31", "elapsed": 4764.551897, "delta": 0.005322}}
{"target": -13.499303457042231, "params": {"colsample_bytree": 0.5218161599253782, "eta": 0.019528372242606572, "gamma": 415.40842046355607, "max_depth": 9.0, "min_child_weight": 4032.458294525236, "num_boost_round": 35.0, "subsample": 0.9230983456467036}, "datetime": {"datetime": "2024-01-20 15:43:31", "elapsed": 4764.557492, "delta": 0.005595}}
{"target": -13.49761428429652, "params": {"colsample_bytree": 0.488968881119176, "eta": 0.08151626954486149, "gamma": 473.4132545831564, "max_depth": 7.0, "min_child_weight": 4060.384589144106, "num_boost_round": 1.0, "subsample": 0.8804155492765594}, "datetime": {"datetime": "2024-01-20 15:45:04", "elapsed": 4858.205874, "delta": 93.648382}}
{"target": -13.497852319312718, "params": {"colsample_bytree": 0.488968881119176, "eta": 0.08151626954486149, "gamma": 473.4132545831564, "max_depth": 7.0, "min_child_weight": 4060.384589144106, "num_boost_round": 2.0, "subsample": 0.8804155492765594}, "datetime": {"datetime": "2024-01-20 15:45:04", "elapsed": 4858.212367, "delta": 0.006493}}
{"target": -13.498105530783555, "params": {"colsample_bytree": 0.488968881119176, "eta": 0.08151626954486149, "gamma": 473.4132545831564, "max_depth": 7.0, "min_child_weight": 4060.384589144106, "num_boost_round": 3.0, "subsample": 0.8804155492765594}, "datetime": {"datetime": "2024-01-20 15:45:04", "elapsed": 4858.21769, "delta": 0.005323}}
{"target": -13.499055855170862, "params": {"colsample_bytree": 0.488968881119176, "eta": 0.08151626954486149, "gamma": 473.4132545831564, "max_depth": 7.0, "min_child_weight": 4060.384589144106, "num_boost_round": 4.0, "subsample": 0.8804155492765594}, "datetime": {"datetime": "2024-01-20 15:45:04", "elapsed": 4858.222938, "delta": 0.005248}}
{"target": -13.499007992540246, "params": {"colsample_bytree": 0.488968881119176, "eta": 0.08151626954486149, "gamma": 473.4132545831564, "max_depth": 7.0, "min_child_weight": 4060.384589144106, "num_boost_round": 5.0, "subsample": 0.8804155492765594}, "datetime": {"datetime": "2024-01-20 15:45:04", "elapsed": 4858.228226, "delta": 0.005288}}
{"target": -13.499440545214917, "params": {"colsample_bytree": 0.488968881119176, "eta": 0.08151626954486149, "gamma": 473.4132545831564, "max_depth": 7.0, "min_child_weight": 4060.384589144106, "num_boost_round": 6.0, "subsample": 0.8804155492765594}, "datetime": {"datetime": "2024-01-20 15:45:04", "elapsed": 4858.233829, "delta": 0.005603}}
{"target": -13.500140947244226, "params": {"colsample_bytree": 0.488968881119176, "eta": 0.08151626954486149, "gamma": 473.4132545831564, "max_depth": 7.0, "min_child_weight": 4060.384589144106, "num_boost_round": 7.0, "subsample": 0.8804155492765594}, "datetime": {"datetime": "2024-01-20 15:45:04", "elapsed": 4858.239486, "delta": 0.005657}}
{"target": -13.50078469336735, "params": {"colsample_bytree": 0.488968881119176, "eta": 0.08151626954486149, "gamma": 473.4132545831564, "max_depth": 7.0, "min_child_weight": 4060.384589144106, "num_boost_round": 8.0, "subsample": 0.8804155492765594}, "datetime": {"datetime": "2024-01-20 15:45:04", "elapsed": 4858.244774, "delta": 0.005288}}
{"target": -13.500740429608827, "params": {"colsample_bytree": 0.488968881119176, "eta": 0.08151626954486149, "gamma": 473.4132545831564, "max_depth": 7.0, "min_child_weight": 4060.384589144106, "num_boost_round": 9.0, "subsample": 0.8804155492765594}, "datetime": {"datetime": "2024-01-20 15:45:04", "elapsed": 4858.250047, "delta": 0.005273}}
{"target": -13.501009638643538, "params": {"colsample_bytree": 0.488968881119176, "eta": 0.08151626954486149, "gamma": 473.4132545831564, "max_depth": 7.0, "min_child_weight": 4060.384589144106, "num_boost_round": 10.0, "subsample": 0.8804155492765594}, "datetime": {"datetime": "2024-01-20 15:45:04", "elapsed": 4858.255587, "delta": 0.00554}}
{"target": -13.501532555608332, "params": {"colsample_bytree": 0.488968881119176, "eta": 0.08151626954486149, "gamma": 473.4132545831564, "max_depth": 7.0, "min_child_weight": 4060.384589144106, "num_boost_round": 11.0, "subsample": 0.8804155492765594}, "datetime": {"datetime": "2024-01-20 15:45:04", "elapsed": 4858.263645, "delta": 0.008058}}
{"target": -13.502446125869984, "params": {"colsample_bytree": 0.488968881119176, "eta": 0.08151626954486149, "gamma": 473.4132545831564, "max_depth": 7.0, "min_child_weight": 4060.384589144106, "num_boost_round": 12.0, "subsample": 0.8804155492765594}, "datetime": {"datetime": "2024-01-20 15:45:04", "elapsed": 4858.273023, "delta": 0.009378}}
{"target": -13.502562266343688, "params": {"colsample_bytree": 0.488968881119176, "eta": 0.08151626954486149, "gamma": 473.4132545831564, "max_depth": 7.0, "min_child_weight": 4060.384589144106, "num_boost_round": 13.0, "subsample": 0.8804155492765594}, "datetime": {"datetime": "2024-01-20 15:45:04", "elapsed": 4858.280051, "delta": 0.007028}}
{"target": -13.50319709261159, "params": {"colsample_bytree": 0.488968881119176, "eta": 0.08151626954486149, "gamma": 473.4132545831564, "max_depth": 7.0, "min_child_weight": 4060.384589144106, "num_boost_round": 14.0, "subsample": 0.8804155492765594}, "datetime": {"datetime": "2024-01-20 15:45:04", "elapsed": 4858.285912, "delta": 0.005861}}
{"target": -13.503516723915578, "params": {"colsample_bytree": 0.488968881119176, "eta": 0.08151626954486149, "gamma": 473.4132545831564, "max_depth": 7.0, "min_child_weight": 4060.384589144106, "num_boost_round": 15.0, "subsample": 0.8804155492765594}, "datetime": {"datetime": "2024-01-20 15:45:04", "elapsed": 4858.29124, "delta": 0.005328}}
{"target": -13.504298721564655, "params": {"colsample_bytree": 0.488968881119176, "eta": 0.08151626954486149, "gamma": 473.4132545831564, "max_depth": 7.0, "min_child_weight": 4060.384589144106, "num_boost_round": 16.0, "subsample": 0.8804155492765594}, "datetime": {"datetime": "2024-01-20 15:45:04", "elapsed": 4858.296651, "delta": 0.005411}}
{"target": -13.504801911365057, "params": {"colsample_bytree": 0.488968881119176, "eta": 0.08151626954486149, "gamma": 473.4132545831564, "max_depth": 7.0, "min_child_weight": 4060.384589144106, "num_boost_round": 17.0, "subsample": 0.8804155492765594}, "datetime": {"datetime": "2024-01-20 15:45:04", "elapsed": 4858.301955, "delta": 0.005304}}
{"target": -13.505486253039912, "params": {"colsample_bytree": 0.488968881119176, "eta": 0.08151626954486149, "gamma": 473.4132545831564, "max_depth": 7.0, "min_child_weight": 4060.384589144106, "num_boost_round": 18.0, "subsample": 0.8804155492765594}, "datetime": {"datetime": "2024-01-20 15:45:04", "elapsed": 4858.307334, "delta": 0.005379}}
{"target": -13.505504674699779, "params": {"colsample_bytree": 0.488968881119176, "eta": 0.08151626954486149, "gamma": 473.4132545831564, "max_depth": 7.0, "min_child_weight": 4060.384589144106, "num_boost_round": 19.0, "subsample": 0.8804155492765594}, "datetime": {"datetime": "2024-01-20 15:45:04", "elapsed": 4858.312819, "delta": 0.005485}}
{"target": -13.505811487553933, "params": {"colsample_bytree": 0.488968881119176, "eta": 0.08151626954486149, "gamma": 473.4132545831564, "max_depth": 7.0, "min_child_weight": 4060.384589144106, "num_boost_round": 20.0, "subsample": 0.8804155492765594}, "datetime": {"datetime": "2024-01-20 15:45:04", "elapsed": 4858.318274, "delta": 0.005455}}
{"target": -13.50609008972677, "params": {"colsample_bytree": 0.488968881119176, "eta": 0.08151626954486149, "gamma": 473.4132545831564, "max_depth": 7.0, "min_child_weight": 4060.384589144106, "num_boost_round": 21.0, "subsample": 0.8804155492765594}, "datetime": {"datetime": "2024-01-20 15:45:04", "elapsed": 4858.323655, "delta": 0.005381}}
{"target": -13.506356844138692, "params": {"colsample_bytree": 0.488968881119176, "eta": 0.08151626954486149, "gamma": 473.4132545831564, "max_depth": 7.0, "min_child_weight": 4060.384589144106, "num_boost_round": 22.0, "subsample": 0.8804155492765594}, "datetime": {"datetime": "2024-01-20 15:45:04", "elapsed": 4858.329026, "delta": 0.005371}}
{"target": -13.497931708627338, "params": {"colsample_bytree": 0.36047963023629304, "eta": 0.07918718515461112, "gamma": 350.1712842191734, "max_depth": 2.0, "min_child_weight": 3994.5624540461904, "num_boost_round": 1.0, "subsample": 0.36413232868858336}, "datetime": {"datetime": "2024-01-20 15:46:55", "elapsed": 4968.543915, "delta": 110.214889}}
{"target": -13.497602191094595, "params": {"colsample_bytree": 0.36047963023629304, "eta": 0.07918718515461112, "gamma": 350.1712842191734, "max_depth": 2.0, "min_child_weight": 3994.5624540461904, "num_boost_round": 2.0, "subsample": 0.36413232868858336}, "datetime": {"datetime": "2024-01-20 15:46:55", "elapsed": 4968.550475, "delta": 0.00656}}
{"target": -13.497697365944687, "params": {"colsample_bytree": 0.36047963023629304, "eta": 0.07918718515461112, "gamma": 350.1712842191734, "max_depth": 2.0, "min_child_weight": 3994.5624540461904, "num_boost_round": 3.0, "subsample": 0.36413232868858336}, "datetime": {"datetime": "2024-01-20 15:46:55", "elapsed": 4968.556072, "delta": 0.005597}}
{"target": -13.497670831220994, "params": {"colsample_bytree": 0.36047963023629304, "eta": 0.07918718515461112, "gamma": 350.1712842191734, "max_depth": 2.0, "min_child_weight": 3994.5624540461904, "num_boost_round": 4.0, "subsample": 0.36413232868858336}, "datetime": {"datetime": "2024-01-20 15:46:55", "elapsed": 4968.561484, "delta": 0.005412}}
{"target": -13.49724814532638, "params": {"colsample_bytree": 0.36047963023629304, "eta": 0.07918718515461112, "gamma": 350.1712842191734, "max_depth": 2.0, "min_child_weight": 3994.5624540461904, "num_boost_round": 5.0, "subsample": 0.36413232868858336}, "datetime": {"datetime": "2024-01-20 15:46:55", "elapsed": 4968.566951, "delta": 0.005467}}
{"target": -13.497092518553247, "params": {"colsample_bytree": 0.36047963023629304, "eta": 0.07918718515461112, "gamma": 350.1712842191734, "max_depth": 2.0, "min_child_weight": 3994.5624540461904, "num_boost_round": 6.0, "subsample": 0.36413232868858336}, "datetime": {"datetime": "2024-01-20 15:46:55", "elapsed": 4968.572741, "delta": 0.00579}}
{"target": -13.497274676161734, "params": {"colsample_bytree": 0.36047963023629304, "eta": 0.07918718515461112, "gamma": 350.1712842191734, "max_depth": 2.0, "min_child_weight": 3994.5624540461904, "num_boost_round": 7.0, "subsample": 0.36413232868858336}, "datetime": {"datetime": "2024-01-20 15:46:55", "elapsed": 4968.578542, "delta": 0.005801}}
{"target": -13.49780973255828, "params": {"colsample_bytree": 0.5590172378813685, "eta": 0.07207722883440129, "gamma": 436.59682592493897, "max_depth": 7.0, "min_child_weight": 3966.9182697817387, "num_boost_round": 1.0, "subsample": 0.9338529017452788}, "datetime": {"datetime": "2024-01-20 15:48:34", "elapsed": 5067.625612, "delta": 99.04707}}
{"target": -13.497945462342372, "params": {"colsample_bytree": 0.5590172378813685, "eta": 0.07207722883440129, "gamma": 436.59682592493897, "max_depth": 7.0, "min_child_weight": 3966.9182697817387, "num_boost_round": 2.0, "subsample": 0.9338529017452788}, "datetime": {"datetime": "2024-01-20 15:48:34", "elapsed": 5067.632331, "delta": 0.006719}}
{"target": -13.498266585353946, "params": {"colsample_bytree": 0.5590172378813685, "eta": 0.07207722883440129, "gamma": 436.59682592493897, "max_depth": 7.0, "min_child_weight": 3966.9182697817387, "num_boost_round": 3.0, "subsample": 0.9338529017452788}, "datetime": {"datetime": "2024-01-20 15:48:34", "elapsed": 5067.638223, "delta": 0.005892}}
{"target": -13.498971021482726, "params": {"colsample_bytree": 0.5590172378813685, "eta": 0.07207722883440129, "gamma": 436.59682592493897, "max_depth": 7.0, "min_child_weight": 3966.9182697817387, "num_boost_round": 4.0, "subsample": 0.9338529017452788}, "datetime": {"datetime": "2024-01-20 15:48:34", "elapsed": 5067.643815, "delta": 0.005592}}
{"target": -13.498990544319327, "params": {"colsample_bytree": 0.5590172378813685, "eta": 0.07207722883440129, "gamma": 436.59682592493897, "max_depth": 7.0, "min_child_weight": 3966.9182697817387, "num_boost_round": 5.0, "subsample": 0.9338529017452788}, "datetime": {"datetime": "2024-01-20 15:48:34", "elapsed": 5067.649308, "delta": 0.005493}}
{"target": -13.499338795406093, "params": {"colsample_bytree": 0.5590172378813685, "eta": 0.07207722883440129, "gamma": 436.59682592493897, "max_depth": 7.0, "min_child_weight": 3966.9182697817387, "num_boost_round": 6.0, "subsample": 0.9338529017452788}, "datetime": {"datetime": "2024-01-20 15:48:34", "elapsed": 5067.654861, "delta": 0.005553}}
{"target": -13.499597914274961, "params": {"colsample_bytree": 0.5590172378813685, "eta": 0.07207722883440129, "gamma": 436.59682592493897, "max_depth": 7.0, "min_child_weight": 3966.9182697817387, "num_boost_round": 7.0, "subsample": 0.9338529017452788}, "datetime": {"datetime": "2024-01-20 15:48:34", "elapsed": 5067.660359, "delta": 0.005498}}
{"target": -13.500054987001342, "params": {"colsample_bytree": 0.5590172378813685, "eta": 0.07207722883440129, "gamma": 436.59682592493897, "max_depth": 7.0, "min_child_weight": 3966.9182697817387, "num_boost_round": 8.0, "subsample": 0.9338529017452788}, "datetime": {"datetime": "2024-01-20 15:48:34", "elapsed": 5067.665968, "delta": 0.005609}}
{"target": -13.499992309248542, "params": {"colsample_bytree": 0.5590172378813685, "eta": 0.07207722883440129, "gamma": 436.59682592493897, "max_depth": 7.0, "min_child_weight": 3966.9182697817387, "num_boost_round": 9.0, "subsample": 0.9338529017452788}, "datetime": {"datetime": "2024-01-20 15:48:34", "elapsed": 5067.671696, "delta": 0.005728}}
{"target": -13.500475346344286, "params": {"colsample_bytree": 0.5590172378813685, "eta": 0.07207722883440129, "gamma": 436.59682592493897, "max_depth": 7.0, "min_child_weight": 3966.9182697817387, "num_boost_round": 10.0, "subsample": 0.9338529017452788}, "datetime": {"datetime": "2024-01-20 15:48:34", "elapsed": 5067.677503, "delta": 0.005807}}
{"target": -13.500883982827345, "params": {"colsample_bytree": 0.5590172378813685, "eta": 0.07207722883440129, "gamma": 436.59682592493897, "max_depth": 7.0, "min_child_weight": 3966.9182697817387, "num_boost_round": 11.0, "subsample": 0.9338529017452788}, "datetime": {"datetime": "2024-01-20 15:48:34", "elapsed": 5067.683432, "delta": 0.005929}}
{"target": -13.501538871678209, "params": {"colsample_bytree": 0.5590172378813685, "eta": 0.07207722883440129, "gamma": 436.59682592493897, "max_depth": 7.0, "min_child_weight": 3966.9182697817387, "num_boost_round": 12.0, "subsample": 0.9338529017452788}, "datetime": {"datetime": "2024-01-20 15:48:34", "elapsed": 5067.688955, "delta": 0.005523}}
{"target": -13.501853937462707, "params": {"colsample_bytree": 0.5590172378813685, "eta": 0.07207722883440129, "gamma": 436.59682592493897, "max_depth": 7.0, "min_child_weight": 3966.9182697817387, "num_boost_round": 13.0, "subsample": 0.9338529017452788}, "datetime": {"datetime": "2024-01-20 15:48:34", "elapsed": 5067.694464, "delta": 0.005509}}
{"target": -13.502379831801385, "params": {"colsample_bytree": 0.5590172378813685, "eta": 0.07207722883440129, "gamma": 436.59682592493897, "max_depth": 7.0, "min_child_weight": 3966.9182697817387, "num_boost_round": 14.0, "subsample": 0.9338529017452788}, "datetime": {"datetime": "2024-01-20 15:48:34", "elapsed": 5067.699983, "delta": 0.005519}}
{"target": -13.502402824313613, "params": {"colsample_bytree": 0.5590172378813685, "eta": 0.07207722883440129, "gamma": 436.59682592493897, "max_depth": 7.0, "min_child_weight": 3966.9182697817387, "num_boost_round": 15.0, "subsample": 0.9338529017452788}, "datetime": {"datetime": "2024-01-20 15:48:34", "elapsed": 5067.706117, "delta": 0.006134}}
