{"target": -15.158858975475855, "params": {"colsample_bytree": 0.5981336002238707, "eta": 0.041575794943937205, "gamma": 495.8320115763448, "max_depth": 3.0, "min_child_weight": 4408.420177261303, "num_boost_round": 21.0, "subsample": 0.9310698450363706}, "datetime": {"datetime": "2024-01-20 14:55:50", "elapsed": 1908.157693, "delta": 0.00272}}
{"target": -15.158646543021453, "params": {"colsample_bytree": 0.5981336002238707, "eta": 0.041575794943937205, "gamma": 495.8320115763448, "max_depth": 3.0, "min_child_weight": 4408.420177261303, "num_boost_round": 22.0, "subsample": 0.9310698450363706}, "datetime": {"datetime": "2024-01-20 14:55:50", "elapsed": 1908.160438, "delta": 0.002745}}
{"target": -15.157943348245173, "params": {"colsample_bytree": 0.5981336002238707, "eta": 0.041575794943937205, "gamma": 495.8320115763448, "max_depth": 3.0, "min_child_weight": 4408.420177261303, "num_boost_round": 23.0, "subsample": 0.9310698450363706}, "datetime": {"datetime": "2024-01-20 14:55:50", "elapsed": 1908.16319, "delta": 0.002752}}
{"target": -15.157835517704651, "params": {"colsample_bytree": 0.5981336002238707, "eta": 0.041575794943937205, "gamma": 495.8320115763448, "max_depth": 3.0, "min_child_weight": 4408.420177261303, "num_boost_round": 24.0, "subsample": 0.9310698450363706}, "datetime": {"datetime": "2024-01-20 14:55:50", "elapsed": 1908.165931, "delta": 0.002741}}
{"target": -15.158050123747902, "params": {"colsample_bytree": 0.5981336002238707, "eta": 0.041575794943937205, "gamma": 495.8320115763448, "max_depth": 3.0, "min_child_weight": 4408.420177261303, "num_boost_round": 25.0, "subsample": 0.9310698450363706}, "datetime": {"datetime": "2024-01-20 14:55:50", "elapsed": 1908.168682, "delta": 0.002751}}
{"target": -15.15835743499972, "params": {"colsample_bytree": 0.5981336002238707, "eta": 0.041575794943937205, "gamma": 495.8320115763448, "max_depth": 3.0, "min_child_weight": 4408.420177261303, "num_boost_round": 26.0, "subsample": 0.9310698450363706}, "datetime": {"datetime": "2024-01-20 14:55:50", "elapsed": 1908.171428, "delta": 0.002746}}
{"target": -15.15782947163024, "params": {"colsample_bytree": 0.5981336002238707, "eta": 0.041575794943937205, "gamma": 495.8320115763448, "max_depth": 3.0, "min_child_weight": 4408.420177261303, "num_boost_round": 27.0, "subsample": 0.9310698450363706}, "datetime": {"datetime": "2024-01-20 14:55:50", "elapsed": 1908.174889, "delta": 0.003461}}
{"target": -15.157680690359195, "params": {"colsample_bytree": 0.5981336002238707, "eta": 0.041575794943937205, "gamma": 495.8320115763448, "max_depth": 3.0, "min_child_weight": 4408.420177261303, "num_boost_round": 28.0, "subsample": 0.9310698450363706}, "datetime": {"datetime": "2024-01-20 14:55:50", "elapsed": 1908.178277, "delta": 0.003388}}
{"target": -15.15738411349647, "params": {"colsample_bytree": 0.5981336002238707, "eta": 0.041575794943937205, "gamma": 495.8320115763448, "max_depth": 3.0, "min_child_weight": 4408.420177261303, "num_boost_round": 29.0, "subsample": 0.9310698450363706}, "datetime": {"datetime": "2024-01-20 14:55:50", "elapsed": 1908.181795, "delta": 0.003518}}
{"target": -15.157492303747661, "params": {"colsample_bytree": 0.5981336002238707, "eta": 0.041575794943937205, "gamma": 495.8320115763448, "max_depth": 3.0, "min_child_weight": 4408.420177261303, "num_boost_round": 30.0, "subsample": 0.9310698450363706}, "datetime": {"datetime": "2024-01-20 14:55:50", "elapsed": 1908.184686, "delta": 0.002891}}
{"target": -15.15727163196186, "params": {"colsample_bytree": 0.5981336002238707, "eta": 0.041575794943937205, "gamma": 495.8320115763448, "max_depth": 3.0, "min_child_weight": 4408.420177261303, "num_boost_round": 31.0, "subsample": 0.9310698450363706}, "datetime": {"datetime": "2024-01-20 14:55:50", "elapsed": 1908.187481, "delta": 0.002795}}
{"target": -15.15713693268987, "params": {"colsample_bytree": 0.5981336002238707, "eta": 0.041575794943937205, "gamma": 495.8320115763448, "max_depth": 3.0, "min_child_weight": 4408.420177261303, "num_boost_round": 32.0, "subsample": 0.9310698450363706}, "datetime": {"datetime": "2024-01-20 14:55:50", "elapsed": 1908.190325, "delta": 0.002844}}
{"target": -15.157275523298917, "params": {"colsample_bytree": 0.5981336002238707, "eta": 0.041575794943937205, "gamma": 495.8320115763448, "max_depth": 3.0, "min_child_weight": 4408.420177261303, "num_boost_round": 33.0, "subsample": 0.9310698450363706}, "datetime": {"datetime": "2024-01-20 14:55:50", "elapsed": 1908.193041, "delta": 0.002716}}
{"target": -15.157148086535106, "params": {"colsample_bytree": 0.5981336002238707, "eta": 0.041575794943937205, "gamma": 495.8320115763448, "max_depth": 3.0, "min_child_weight": 4408.420177261303, "num_boost_round": 34.0, "subsample": 0.9310698450363706}, "datetime": {"datetime": "2024-01-20 14:55:50", "elapsed": 1908.195775, "delta": 0.002734}}
{"target": -15.157072305223174, "params": {"colsample_bytree": 0.5981336002238707, "eta": 0.041575794943937205, "gamma": 495.8320115763448, "max_depth": 3.0, "min_child_weight": 4408.420177261303, "num_boost_round": 35.0, "subsample": 0.9310698450363706}, "datetime": {"datetime": "2024-01-20 14:55:50", "elapsed": 1908.198531, "delta": 0.002756}}
{"target": -15.156907148058949, "params": {"colsample_bytree": 0.5981336002238707, "eta": 0.041575794943937205, "gamma": 495.8320115763448, "max_depth": 3.0, "min_child_weight": 4408.420177261303, "num_boost_round": 36.0, "subsample": 0.9310698450363706}, "datetime": {"datetime": "2024-01-20 14:55:50", "elapsed": 1908.201367, "delta": 0.002836}}
{"target": -15.156748129261988, "params": {"colsample_bytree": 0.5981336002238707, "eta": 0.041575794943937205, "gamma": 495.8320115763448, "max_depth": 3.0, "min_child_weight": 4408.420177261303, "num_boost_round": 37.0, "subsample": 0.9310698450363706}, "datetime": {"datetime": "2024-01-20 14:55:50", "elapsed": 1908.204146, "delta": 0.002779}}
{"target": -15.172737568907895, "params": {"colsample_bytree": 0.7834398490938134, "eta": 0.012017158877689178, "gamma": 492.03482640604, "max_depth": 7.0, "min_child_weight": 4394.661326784111, "num_boost_round": 1.0, "subsample": 0.7889917231925462}, "datetime": {"datetime": "2024-01-20 14:56:43", "elapsed": 1960.849827, "delta": 52.645681}}
{"target": -15.172134449137078, "params": {"colsample_bytree": 0.7834398490938134, "eta": 0.012017158877689178, "gamma": 492.03482640604, "max_depth": 7.0, "min_child_weight": 4394.661326784111, "num_boost_round": 2.0, "subsample": 0.7889917231925462}, "datetime": {"datetime": "2024-01-20 14:56:43", "elapsed": 1960.854754, "delta": 0.004927}}
{"target": -15.17159870618412, "params": {"colsample_bytree": 0.7834398490938134, "eta": 0.012017158877689178, "gamma": 492.03482640604, "max_depth": 7.0, "min_child_weight": 4394.661326784111, "num_boost_round": 3.0, "subsample": 0.7889917231925462}, "datetime": {"datetime": "2024-01-20 14:56:43", "elapsed": 1960.857614, "delta": 0.00286}}
{"target": -15.171161426063918, "params": {"colsample_bytree": 0.7834398490938134, "eta": 0.012017158877689178, "gamma": 492.03482640604, "max_depth": 7.0, "min_child_weight": 4394.661326784111, "num_boost_round": 4.0, "subsample": 0.7889917231925462}, "datetime": {"datetime": "2024-01-20 14:56:43", "elapsed": 1960.860379, "delta": 0.002765}}
{"target": -15.170501842263977, "params": {"colsample_bytree": 0.7834398490938134, "eta": 0.012017158877689178, "gamma": 492.03482640604, "max_depth": 7.0, "min_child_weight": 4394.661326784111, "num_boost_round": 5.0, "subsample": 0.7889917231925462}, "datetime": {"datetime": "2024-01-20 14:56:43", "elapsed": 1960.863113, "delta": 0.002734}}
{"target": -15.169813390959836, "params": {"colsample_bytree": 0.7834398490938134, "eta": 0.012017158877689178, "gamma": 492.03482640604, "max_depth": 7.0, "min_child_weight": 4394.661326784111, "num_boost_round": 6.0, "subsample": 0.7889917231925462}, "datetime": {"datetime": "2024-01-20 14:56:43", "elapsed": 1960.865784, "delta": 0.002671}}
{"target": -15.169315773250936, "params": {"colsample_bytree": 0.7834398490938134, "eta": 0.012017158877689178, "gamma": 492.03482640604, "max_depth": 7.0, "min_child_weight": 4394.661326784111, "num_boost_round": 7.0, "subsample": 0.7889917231925462}, "datetime": {"datetime": "2024-01-20 14:56:43", "elapsed": 1960.868466, "delta": 0.002682}}
{"target": -15.168704793454857, "params": {"colsample_bytree": 0.7834398490938134, "eta": 0.012017158877689178, "gamma": 492.03482640604, "max_depth": 7.0, "min_child_weight": 4394.661326784111, "num_boost_round": 8.0, "subsample": 0.7889917231925462}, "datetime": {"datetime": "2024-01-20 14:56:43", "elapsed": 1960.871276, "delta": 0.00281}}
{"target": -15.168344158658254, "params": {"colsample_bytree": 0.7834398490938134, "eta": 0.012017158877689178, "gamma": 492.03482640604, "max_depth": 7.0, "min_child_weight": 4394.661326784111, "num_boost_round": 9.0, "subsample": 0.7889917231925462}, "datetime": {"datetime": "2024-01-20 14:56:43", "elapsed": 1960.874026, "delta": 0.00275}}
{"target": -15.167679127914422, "params": {"colsample_bytree": 0.7834398490938134, "eta": 0.012017158877689178, "gamma": 492.03482640604, "max_depth": 7.0, "min_child_weight": 4394.661326784111, "num_boost_round": 10.0, "subsample": 0.7889917231925462}, "datetime": {"datetime": "2024-01-20 14:56:43", "elapsed": 1960.876731, "delta": 0.002705}}
{"target": -15.16697356153551, "params": {"colsample_bytree": 0.7834398490938134, "eta": 0.012017158877689178, "gamma": 492.03482640604, "max_depth": 7.0, "min_child_weight": 4394.661326784111, "num_boost_round": 11.0, "subsample": 0.7889917231925462}, "datetime": {"datetime": "2024-01-20 14:56:43", "elapsed": 1960.879477, "delta": 0.002746}}
{"target": -15.166473766101053, "params": {"colsample_bytree": 0.7834398490938134, "eta": 0.012017158877689178, "gamma": 492.03482640604, "max_depth": 7.0, "min_child_weight": 4394.661326784111, "num_boost_round": 12.0, "subsample": 0.7889917231925462}, "datetime": {"datetime": "2024-01-20 14:56:43", "elapsed": 1960.882213, "delta": 0.002736}}
{"target": -15.165833461026953, "params": {"colsample_bytree": 0.7834398490938134, "eta": 0.012017158877689178, "gamma": 492.03482640604, "max_depth": 7.0, "min_child_weight": 4394.661326784111, "num_boost_round": 13.0, "subsample": 0.7889917231925462}, "datetime": {"datetime": "2024-01-20 14:56:43", "elapsed": 1960.884933, "delta": 0.00272}}
{"target": -15.165155454223552, "params": {"colsample_bytree": 0.7834398490938134, "eta": 0.012017158877689178, "gamma": 492.03482640604, "max_depth": 7.0, "min_child_weight": 4394.661326784111, "num_boost_round": 14.0, "subsample": 0.7889917231925462}, "datetime": {"datetime": "2024-01-20 14:56:43", "elapsed": 1960.887662, "delta": 0.002729}}
{"target": -15.164602570962511, "params": {"colsample_bytree": 0.7834398490938134, "eta": 0.012017158877689178, "gamma": 492.03482640604, "max_depth": 7.0, "min_child_weight": 4394.661326784111, "num_boost_round": 15.0, "subsample": 0.7889917231925462}, "datetime": {"datetime": "2024-01-20 14:56:43", "elapsed": 1960.890392, "delta": 0.00273}}
{"target": -15.164096336710744, "params": {"colsample_bytree": 0.7834398490938134, "eta": 0.012017158877689178, "gamma": 492.03482640604, "max_depth": 7.0, "min_child_weight": 4394.661326784111, "num_boost_round": 16.0, "subsample": 0.7889917231925462}, "datetime": {"datetime": "2024-01-20 14:56:43", "elapsed": 1960.893282, "delta": 0.00289}}
{"target": -15.163447462828884, "params": {"colsample_bytree": 0.7834398490938134, "eta": 0.012017158877689178, "gamma": 492.03482640604, "max_depth": 7.0, "min_child_weight": 4394.661326784111, "num_boost_round": 17.0, "subsample": 0.7889917231925462}, "datetime": {"datetime": "2024-01-20 14:56:43", "elapsed": 1960.89619, "delta": 0.002908}}
{"target": -15.162866164212527, "params": {"colsample_bytree": 0.7834398490938134, "eta": 0.012017158877689178, "gamma": 492.03482640604, "max_depth": 7.0, "min_child_weight": 4394.661326784111, "num_boost_round": 18.0, "subsample": 0.7889917231925462}, "datetime": {"datetime": "2024-01-20 14:56:43", "elapsed": 1960.899087, "delta": 0.002897}}
{"target": -15.162325537201085, "params": {"colsample_bytree": 0.7834398490938134, "eta": 0.012017158877689178, "gamma": 492.03482640604, "max_depth": 7.0, "min_child_weight": 4394.661326784111, "num_boost_round": 19.0, "subsample": 0.7889917231925462}, "datetime": {"datetime": "2024-01-20 14:56:43", "elapsed": 1960.901908, "delta": 0.002821}}
{"target": -15.162068046378288, "params": {"colsample_bytree": 0.7834398490938134, "eta": 0.012017158877689178, "gamma": 492.03482640604, "max_depth": 7.0, "min_child_weight": 4394.661326784111, "num_boost_round": 20.0, "subsample": 0.7889917231925462}, "datetime": {"datetime": "2024-01-20 14:56:43", "elapsed": 1960.904661, "delta": 0.002753}}
{"target": -15.161513666111896, "params": {"colsample_bytree": 0.7834398490938134, "eta": 0.012017158877689178, "gamma": 492.03482640604, "max_depth": 7.0, "min_child_weight": 4394.661326784111, "num_boost_round": 21.0, "subsample": 0.7889917231925462}, "datetime": {"datetime": "2024-01-20 14:56:43", "elapsed": 1960.907447, "delta": 0.002786}}
{"target": -15.16095888906936, "params": {"colsample_bytree": 0.7834398490938134, "eta": 0.012017158877689178, "gamma": 492.03482640604, "max_depth": 7.0, "min_child_weight": 4394.661326784111, "num_boost_round": 22.0, "subsample": 0.7889917231925462}, "datetime": {"datetime": "2024-01-20 14:56:43", "elapsed": 1960.910183, "delta": 0.002736}}
{"target": -15.160445199520762, "params": {"colsample_bytree": 0.7834398490938134, "eta": 0.012017158877689178, "gamma": 492.03482640604, "max_depth": 7.0, "min_child_weight": 4394.661326784111, "num_boost_round": 23.0, "subsample": 0.7889917231925462}, "datetime": {"datetime": "2024-01-20 14:56:43", "elapsed": 1960.913006, "delta": 0.002823}}
{"target": -15.160159614782273, "params": {"colsample_bytree": 0.7834398490938134, "eta": 0.012017158877689178, "gamma": 492.03482640604, "max_depth": 7.0, "min_child_weight": 4394.661326784111, "num_boost_round": 24.0, "subsample": 0.7889917231925462}, "datetime": {"datetime": "2024-01-20 14:56:43", "elapsed": 1960.915811, "delta": 0.002805}}
{"target": -15.159961073297772, "params": {"colsample_bytree": 0.7834398490938134, "eta": 0.012017158877689178, "gamma": 492.03482640604, "max_depth": 7.0, "min_child_weight": 4394.661326784111, "num_boost_round": 25.0, "subsample": 0.7889917231925462}, "datetime": {"datetime": "2024-01-20 14:56:43", "elapsed": 1960.918819, "delta": 0.003008}}
{"target": -15.159696495535892, "params": {"colsample_bytree": 0.7834398490938134, "eta": 0.012017158877689178, "gamma": 492.03482640604, "max_depth": 7.0, "min_child_weight": 4394.661326784111, "num_boost_round": 26.0, "subsample": 0.7889917231925462}, "datetime": {"datetime": "2024-01-20 14:56:43", "elapsed": 1960.921944, "delta": 0.003125}}
{"target": -15.159276947462082, "params": {"colsample_bytree": 0.7834398490938134, "eta": 0.012017158877689178, "gamma": 492.03482640604, "max_depth": 7.0, "min_child_weight": 4394.661326784111, "num_boost_round": 27.0, "subsample": 0.7889917231925462}, "datetime": {"datetime": "2024-01-20 14:56:43", "elapsed": 1960.924928, "delta": 0.002984}}
{"target": -15.158796589061502, "params": {"colsample_bytree": 0.7834398490938134, "eta": 0.012017158877689178, "gamma": 492.03482640604, "max_depth": 7.0, "min_child_weight": 4394.661326784111, "num_boost_round": 28.0, "subsample": 0.7889917231925462}, "datetime": {"datetime": "2024-01-20 14:56:43", "elapsed": 1960.927828, "delta": 0.0029}}
{"target": -15.158450111668445, "params": {"colsample_bytree": 0.7834398490938134, "eta": 0.012017158877689178, "gamma": 492.03482640604, "max_depth": 7.0, "min_child_weight": 4394.661326784111, "num_boost_round": 29.0, "subsample": 0.7889917231925462}, "datetime": {"datetime": "2024-01-20 14:56:43", "elapsed": 1960.930763, "delta": 0.002935}}
{"target": -15.158162558661207, "params": {"colsample_bytree": 0.7834398490938134, "eta": 0.012017158877689178, "gamma": 492.03482640604, "max_depth": 7.0, "min_child_weight": 4394.661326784111, "num_boost_round": 30.0, "subsample": 0.7889917231925462}, "datetime": {"datetime": "2024-01-20 14:56:43", "elapsed": 1960.933563, "delta": 0.0028}}
{"target": -15.158068101438698, "params": {"colsample_bytree": 0.7834398490938134, "eta": 0.012017158877689178, "gamma": 492.03482640604, "max_depth": 7.0, "min_child_weight": 4394.661326784111, "num_boost_round": 31.0, "subsample": 0.7889917231925462}, "datetime": {"datetime": "2024-01-20 14:56:43", "elapsed": 1960.936341, "delta": 0.002778}}
{"target": -15.158064168550613, "params": {"colsample_bytree": 0.7834398490938134, "eta": 0.012017158877689178, "gamma": 492.03482640604, "max_depth": 7.0, "min_child_weight": 4394.661326784111, "num_boost_round": 32.0, "subsample": 0.7889917231925462}, "datetime": {"datetime": "2024-01-20 14:56:43", "elapsed": 1960.939157, "delta": 0.002816}}
{"target": -15.15784702561642, "params": {"colsample_bytree": 0.7834398490938134, "eta": 0.012017158877689178, "gamma": 492.03482640604, "max_depth": 7.0, "min_child_weight": 4394.661326784111, "num_boost_round": 33.0, "subsample": 0.7889917231925462}, "datetime": {"datetime": "2024-01-20 14:56:43", "elapsed": 1960.941942, "delta": 0.002785}}
{"target": -15.157557865248334, "params": {"colsample_bytree": 0.7834398490938134, "eta": 0.012017158877689178, "gamma": 492.03482640604, "max_depth": 7.0, "min_child_weight": 4394.661326784111, "num_boost_round": 34.0, "subsample": 0.7889917231925462}, "datetime": {"datetime": "2024-01-20 14:56:43", "elapsed": 1960.944718, "delta": 0.002776}}
{"target": -15.157430976682704, "params": {"colsample_bytree": 0.7834398490938134, "eta": 0.012017158877689178, "gamma": 492.03482640604, "max_depth": 7.0, "min_child_weight": 4394.661326784111, "num_boost_round": 35.0, "subsample": 0.7889917231925462}, "datetime": {"datetime": "2024-01-20 14:56:43", "elapsed": 1960.947487, "delta": 0.002769}}
{"target": -15.1572972324273, "params": {"colsample_bytree": 0.7834398490938134, "eta": 0.012017158877689178, "gamma": 492.03482640604, "max_depth": 7.0, "min_child_weight": 4394.661326784111, "num_boost_round": 36.0, "subsample": 0.7889917231925462}, "datetime": {"datetime": "2024-01-20 14:56:43", "elapsed": 1960.950239, "delta": 0.002752}}
{"target": -15.156964432627975, "params": {"colsample_bytree": 0.7834398490938134, "eta": 0.012017158877689178, "gamma": 492.03482640604, "max_depth": 7.0, "min_child_weight": 4394.661326784111, "num_boost_round": 37.0, "subsample": 0.7889917231925462}, "datetime": {"datetime": "2024-01-20 14:56:43", "elapsed": 1960.953017, "delta": 0.002778}}
{"target": -15.156916191737906, "params": {"colsample_bytree": 0.7834398490938134, "eta": 0.012017158877689178, "gamma": 492.03482640604, "max_depth": 7.0, "min_child_weight": 4394.661326784111, "num_boost_round": 38.0, "subsample": 0.7889917231925462}, "datetime": {"datetime": "2024-01-20 14:56:43", "elapsed": 1960.955777, "delta": 0.00276}}
{"target": -15.156634095745861, "params": {"colsample_bytree": 0.7834398490938134, "eta": 0.012017158877689178, "gamma": 492.03482640604, "max_depth": 7.0, "min_child_weight": 4394.661326784111, "num_boost_round": 39.0, "subsample": 0.7889917231925462}, "datetime": {"datetime": "2024-01-20 14:56:43", "elapsed": 1960.958547, "delta": 0.00277}}
{"target": -15.156506454665926, "params": {"colsample_bytree": 0.7834398490938134, "eta": 0.012017158877689178, "gamma": 492.03482640604, "max_depth": 7.0, "min_child_weight": 4394.661326784111, "num_boost_round": 40.0, "subsample": 0.7889917231925462}, "datetime": {"datetime": "2024-01-20 14:56:43", "elapsed": 1960.961295, "delta": 0.002748}}
{"target": -15.156305830847035, "params": {"colsample_bytree": 0.7834398490938134, "eta": 0.012017158877689178, "gamma": 492.03482640604, "max_depth": 7.0, "min_child_weight": 4394.661326784111, "num_boost_round": 41.0, "subsample": 0.7889917231925462}, "datetime": {"datetime": "2024-01-20 14:56:43", "elapsed": 1960.964051, "delta": 0.002756}}
{"target": -15.156000004250012, "params": {"colsample_bytree": 0.7834398490938134, "eta": 0.012017158877689178, "gamma": 492.03482640604, "max_depth": 7.0, "min_child_weight": 4394.661326784111, "num_boost_round": 42.0, "subsample": 0.7889917231925462}, "datetime": {"datetime": "2024-01-20 14:56:43", "elapsed": 1960.966839, "delta": 0.002788}}
{"target": -15.171034684943134, "params": {"colsample_bytree": 0.5811512164233892, "eta": 0.09718580491138468, "gamma": 472.37615490026053, "max_depth": 8.0, "min_child_weight": 4368.412099347431, "num_boost_round": 1.0, "subsample": 0.7512234309399696}, "datetime": {"datetime": "2024-01-20 14:57:39", "elapsed": 2016.722261, "delta": 55.755422}}
{"target": -15.168364179866895, "params": {"colsample_bytree": 0.5811512164233892, "eta": 0.09718580491138468, "gamma": 472.37615490026053, "max_depth": 8.0, "min_child_weight": 4368.412099347431, "num_boost_round": 2.0, "subsample": 0.7512234309399696}, "datetime": {"datetime": "2024-01-20 14:57:39", "elapsed": 2016.72695, "delta": 0.004689}}
{"target": -15.16514915902153, "params": {"colsample_bytree": 0.5811512164233892, "eta": 0.09718580491138468, "gamma": 472.37615490026053, "max_depth": 8.0, "min_child_weight": 4368.412099347431, "num_boost_round": 3.0, "subsample": 0.7512234309399696}, "datetime": {"datetime": "2024-01-20 14:57:39", "elapsed": 2016.729964, "delta": 0.003014}}
{"target": -15.164739737756605, "params": {"colsample_bytree": 0.5811512164233892, "eta": 0.09718580491138468, "gamma": 472.37615490026053, "max_depth": 8.0, "min_child_weight": 4368.412099347431, "num_boost_round": 4.0, "subsample": 0.7512234309399696}, "datetime": {"datetime": "2024-01-20 14:57:39", "elapsed": 2016.733005, "delta": 0.003041}}
