{"target": -13.497733213643095, "params": {"colsample_bytree": 0.8379731057293175, "eta": 0.03724320198022017, "gamma": 654.1114648337368, "max_depth": 5.0, "min_child_weight": 4387.1332548378805, "num_boost_round": 13.0, "subsample": 0.7719918846691802}, "datetime": {"datetime": "2024-01-20 15:06:02", "elapsed": 2515.612307, "delta": 0.003759}}
{"target": -13.497981632423832, "params": {"colsample_bytree": 0.8379731057293175, "eta": 0.03724320198022017, "gamma": 654.1114648337368, "max_depth": 5.0, "min_child_weight": 4387.1332548378805, "num_boost_round": 14.0, "subsample": 0.7719918846691802}, "datetime": {"datetime": "2024-01-20 15:06:02", "elapsed": 2515.616088, "delta": 0.003781}}
{"target": -13.498027717559841, "params": {"colsample_bytree": 0.8379731057293175, "eta": 0.03724320198022017, "gamma": 654.1114648337368, "max_depth": 5.0, "min_child_weight": 4387.1332548378805, "num_boost_round": 15.0, "subsample": 0.7719918846691802}, "datetime": {"datetime": "2024-01-20 15:06:02", "elapsed": 2515.619702, "delta": 0.003614}}
{"target": -13.498137671582242, "params": {"colsample_bytree": 0.8379731057293175, "eta": 0.03724320198022017, "gamma": 654.1114648337368, "max_depth": 5.0, "min_child_weight": 4387.1332548378805, "num_boost_round": 16.0, "subsample": 0.7719918846691802}, "datetime": {"datetime": "2024-01-20 15:06:02", "elapsed": 2515.623318, "delta": 0.003616}}
{"target": -13.498261000720017, "params": {"colsample_bytree": 0.8379731057293175, "eta": 0.03724320198022017, "gamma": 654.1114648337368, "max_depth": 5.0, "min_child_weight": 4387.1332548378805, "num_boost_round": 17.0, "subsample": 0.7719918846691802}, "datetime": {"datetime": "2024-01-20 15:06:02", "elapsed": 2515.626936, "delta": 0.003618}}
{"target": -13.498432475506245, "params": {"colsample_bytree": 0.8379731057293175, "eta": 0.03724320198022017, "gamma": 654.1114648337368, "max_depth": 5.0, "min_child_weight": 4387.1332548378805, "num_boost_round": 18.0, "subsample": 0.7719918846691802}, "datetime": {"datetime": "2024-01-20 15:06:02", "elapsed": 2515.630544, "delta": 0.003608}}
{"target": -13.498595840870315, "params": {"colsample_bytree": 0.8379731057293175, "eta": 0.03724320198022017, "gamma": 654.1114648337368, "max_depth": 5.0, "min_child_weight": 4387.1332548378805, "num_boost_round": 19.0, "subsample": 0.7719918846691802}, "datetime": {"datetime": "2024-01-20 15:06:02", "elapsed": 2515.634329, "delta": 0.003785}}
{"target": -13.498776630729058, "params": {"colsample_bytree": 0.8379731057293175, "eta": 0.03724320198022017, "gamma": 654.1114648337368, "max_depth": 5.0, "min_child_weight": 4387.1332548378805, "num_boost_round": 20.0, "subsample": 0.7719918846691802}, "datetime": {"datetime": "2024-01-20 15:06:02", "elapsed": 2515.6381, "delta": 0.003771}}
{"target": -13.499036448533623, "params": {"colsample_bytree": 0.8379731057293175, "eta": 0.03724320198022017, "gamma": 654.1114648337368, "max_depth": 5.0, "min_child_weight": 4387.1332548378805, "num_boost_round": 21.0, "subsample": 0.7719918846691802}, "datetime": {"datetime": "2024-01-20 15:06:02", "elapsed": 2515.641771, "delta": 0.003671}}
{"target": -13.499130235009392, "params": {"colsample_bytree": 0.8379731057293175, "eta": 0.03724320198022017, "gamma": 654.1114648337368, "max_depth": 5.0, "min_child_weight": 4387.1332548378805, "num_boost_round": 22.0, "subsample": 0.7719918846691802}, "datetime": {"datetime": "2024-01-20 15:06:02", "elapsed": 2515.645499, "delta": 0.003728}}
{"target": -13.49942770028855, "params": {"colsample_bytree": 0.8379731057293175, "eta": 0.03724320198022017, "gamma": 654.1114648337368, "max_depth": 5.0, "min_child_weight": 4387.1332548378805, "num_boost_round": 23.0, "subsample": 0.7719918846691802}, "datetime": {"datetime": "2024-01-20 15:06:02", "elapsed": 2515.649191, "delta": 0.003692}}
{"target": -13.49951346950295, "params": {"colsample_bytree": 0.8379731057293175, "eta": 0.03724320198022017, "gamma": 654.1114648337368, "max_depth": 5.0, "min_child_weight": 4387.1332548378805, "num_boost_round": 24.0, "subsample": 0.7719918846691802}, "datetime": {"datetime": "2024-01-20 15:06:02", "elapsed": 2515.652961, "delta": 0.00377}}
{"target": -13.499649128514344, "params": {"colsample_bytree": 0.8379731057293175, "eta": 0.03724320198022017, "gamma": 654.1114648337368, "max_depth": 5.0, "min_child_weight": 4387.1332548378805, "num_boost_round": 25.0, "subsample": 0.7719918846691802}, "datetime": {"datetime": "2024-01-20 15:06:02", "elapsed": 2515.656648, "delta": 0.003687}}
{"target": -13.499571002269832, "params": {"colsample_bytree": 0.8379731057293175, "eta": 0.03724320198022017, "gamma": 654.1114648337368, "max_depth": 5.0, "min_child_weight": 4387.1332548378805, "num_boost_round": 26.0, "subsample": 0.7719918846691802}, "datetime": {"datetime": "2024-01-20 15:06:02", "elapsed": 2515.660323, "delta": 0.003675}}
{"target": -13.499692939552258, "params": {"colsample_bytree": 0.8379731057293175, "eta": 0.03724320198022017, "gamma": 654.1114648337368, "max_depth": 5.0, "min_child_weight": 4387.1332548378805, "num_boost_round": 27.0, "subsample": 0.7719918846691802}, "datetime": {"datetime": "2024-01-20 15:06:02", "elapsed": 2515.66398, "delta": 0.003657}}
{"target": -13.499789033417429, "params": {"colsample_bytree": 0.8379731057293175, "eta": 0.03724320198022017, "gamma": 654.1114648337368, "max_depth": 5.0, "min_child_weight": 4387.1332548378805, "num_boost_round": 28.0, "subsample": 0.7719918846691802}, "datetime": {"datetime": "2024-01-20 15:06:02", "elapsed": 2515.667688, "delta": 0.003708}}
{"target": -13.499858390966548, "params": {"colsample_bytree": 0.8379731057293175, "eta": 0.03724320198022017, "gamma": 654.1114648337368, "max_depth": 5.0, "min_child_weight": 4387.1332548378805, "num_boost_round": 29.0, "subsample": 0.7719918846691802}, "datetime": {"datetime": "2024-01-20 15:06:02", "elapsed": 2515.671365, "delta": 0.003677}}
{"target": -13.500085721037117, "params": {"colsample_bytree": 0.8379731057293175, "eta": 0.03724320198022017, "gamma": 654.1114648337368, "max_depth": 5.0, "min_child_weight": 4387.1332548378805, "num_boost_round": 30.0, "subsample": 0.7719918846691802}, "datetime": {"datetime": "2024-01-20 15:06:02", "elapsed": 2515.675216, "delta": 0.003851}}
{"target": -13.500190681482206, "params": {"colsample_bytree": 0.8379731057293175, "eta": 0.03724320198022017, "gamma": 654.1114648337368, "max_depth": 5.0, "min_child_weight": 4387.1332548378805, "num_boost_round": 31.0, "subsample": 0.7719918846691802}, "datetime": {"datetime": "2024-01-20 15:06:02", "elapsed": 2515.679048, "delta": 0.003832}}
{"target": -13.500446925703134, "params": {"colsample_bytree": 0.8379731057293175, "eta": 0.03724320198022017, "gamma": 654.1114648337368, "max_depth": 5.0, "min_child_weight": 4387.1332548378805, "num_boost_round": 32.0, "subsample": 0.7719918846691802}, "datetime": {"datetime": "2024-01-20 15:06:02", "elapsed": 2515.682696, "delta": 0.003648}}
{"target": -13.500669445096571, "params": {"colsample_bytree": 0.8379731057293175, "eta": 0.03724320198022017, "gamma": 654.1114648337368, "max_depth": 5.0, "min_child_weight": 4387.1332548378805, "num_boost_round": 33.0, "subsample": 0.7719918846691802}, "datetime": {"datetime": "2024-01-20 15:06:02", "elapsed": 2515.686364, "delta": 0.003668}}
{"target": -13.500817725275079, "params": {"colsample_bytree": 0.8379731057293175, "eta": 0.03724320198022017, "gamma": 654.1114648337368, "max_depth": 5.0, "min_child_weight": 4387.1332548378805, "num_boost_round": 34.0, "subsample": 0.7719918846691802}, "datetime": {"datetime": "2024-01-20 15:06:02", "elapsed": 2515.690106, "delta": 0.003742}}
{"target": -13.500890722724805, "params": {"colsample_bytree": 0.8379731057293175, "eta": 0.03724320198022017, "gamma": 654.1114648337368, "max_depth": 5.0, "min_child_weight": 4387.1332548378805, "num_boost_round": 35.0, "subsample": 0.7719918846691802}, "datetime": {"datetime": "2024-01-20 15:06:02", "elapsed": 2515.693924, "delta": 0.003818}}
{"target": -13.500948557379557, "params": {"colsample_bytree": 0.8379731057293175, "eta": 0.03724320198022017, "gamma": 654.1114648337368, "max_depth": 5.0, "min_child_weight": 4387.1332548378805, "num_boost_round": 36.0, "subsample": 0.7719918846691802}, "datetime": {"datetime": "2024-01-20 15:06:02", "elapsed": 2515.697918, "delta": 0.003994}}
{"target": -13.50111125876595, "params": {"colsample_bytree": 0.8379731057293175, "eta": 0.03724320198022017, "gamma": 654.1114648337368, "max_depth": 5.0, "min_child_weight": 4387.1332548378805, "num_boost_round": 37.0, "subsample": 0.7719918846691802}, "datetime": {"datetime": "2024-01-20 15:06:02", "elapsed": 2515.702293, "delta": 0.004375}}
{"target": -13.501150074833216, "params": {"colsample_bytree": 0.8379731057293175, "eta": 0.03724320198022017, "gamma": 654.1114648337368, "max_depth": 5.0, "min_child_weight": 4387.1332548378805, "num_boost_round": 38.0, "subsample": 0.7719918846691802}, "datetime": {"datetime": "2024-01-20 15:06:02", "elapsed": 2515.705991, "delta": 0.003698}}
{"target": -13.50119313362883, "params": {"colsample_bytree": 0.8379731057293175, "eta": 0.03724320198022017, "gamma": 654.1114648337368, "max_depth": 5.0, "min_child_weight": 4387.1332548378805, "num_boost_round": 39.0, "subsample": 0.7719918846691802}, "datetime": {"datetime": "2024-01-20 15:06:02", "elapsed": 2515.709654, "delta": 0.003663}}
{"target": -13.501036270789665, "params": {"colsample_bytree": 0.8379731057293175, "eta": 0.03724320198022017, "gamma": 654.1114648337368, "max_depth": 5.0, "min_child_weight": 4387.1332548378805, "num_boost_round": 40.0, "subsample": 0.7719918846691802}, "datetime": {"datetime": "2024-01-20 15:06:02", "elapsed": 2515.71447, "delta": 0.004816}}
{"target": -13.501010635435975, "params": {"colsample_bytree": 0.8379731057293175, "eta": 0.03724320198022017, "gamma": 654.1114648337368, "max_depth": 5.0, "min_child_weight": 4387.1332548378805, "num_boost_round": 41.0, "subsample": 0.7719918846691802}, "datetime": {"datetime": "2024-01-20 15:06:02", "elapsed": 2515.719724, "delta": 0.005254}}
{"target": -13.501067293455108, "params": {"colsample_bytree": 0.8379731057293175, "eta": 0.03724320198022017, "gamma": 654.1114648337368, "max_depth": 5.0, "min_child_weight": 4387.1332548378805, "num_boost_round": 42.0, "subsample": 0.7719918846691802}, "datetime": {"datetime": "2024-01-20 15:06:02", "elapsed": 2515.72474, "delta": 0.005016}}
{"target": -13.501130457448147, "params": {"colsample_bytree": 0.8379731057293175, "eta": 0.03724320198022017, "gamma": 654.1114648337368, "max_depth": 5.0, "min_child_weight": 4387.1332548378805, "num_boost_round": 43.0, "subsample": 0.7719918846691802}, "datetime": {"datetime": "2024-01-20 15:06:02", "elapsed": 2515.729742, "delta": 0.005002}}
{"target": -13.501173566950438, "params": {"colsample_bytree": 0.8379731057293175, "eta": 0.03724320198022017, "gamma": 654.1114648337368, "max_depth": 5.0, "min_child_weight": 4387.1332548378805, "num_boost_round": 44.0, "subsample": 0.7719918846691802}, "datetime": {"datetime": "2024-01-20 15:06:02", "elapsed": 2515.734345, "delta": 0.004603}}
{"target": -13.501313493826178, "params": {"colsample_bytree": 0.8379731057293175, "eta": 0.03724320198022017, "gamma": 654.1114648337368, "max_depth": 5.0, "min_child_weight": 4387.1332548378805, "num_boost_round": 45.0, "subsample": 0.7719918846691802}, "datetime": {"datetime": "2024-01-20 15:06:02", "elapsed": 2515.738131, "delta": 0.003786}}
{"target": -13.501291524286847, "params": {"colsample_bytree": 0.8379731057293175, "eta": 0.03724320198022017, "gamma": 654.1114648337368, "max_depth": 5.0, "min_child_weight": 4387.1332548378805, "num_boost_round": 46.0, "subsample": 0.7719918846691802}, "datetime": {"datetime": "2024-01-20 15:06:02", "elapsed": 2515.741893, "delta": 0.003762}}
{"target": -13.501260970826035, "params": {"colsample_bytree": 0.8379731057293175, "eta": 0.03724320198022017, "gamma": 654.1114648337368, "max_depth": 5.0, "min_child_weight": 4387.1332548378805, "num_boost_round": 47.0, "subsample": 0.7719918846691802}, "datetime": {"datetime": "2024-01-20 15:06:02", "elapsed": 2515.745559, "delta": 0.003666}}
{"target": -13.501383542657237, "params": {"colsample_bytree": 0.8379731057293175, "eta": 0.03724320198022017, "gamma": 654.1114648337368, "max_depth": 5.0, "min_child_weight": 4387.1332548378805, "num_boost_round": 48.0, "subsample": 0.7719918846691802}, "datetime": {"datetime": "2024-01-20 15:06:02", "elapsed": 2515.749206, "delta": 0.003647}}
{"target": -13.50143870166017, "params": {"colsample_bytree": 0.8379731057293175, "eta": 0.03724320198022017, "gamma": 654.1114648337368, "max_depth": 5.0, "min_child_weight": 4387.1332548378805, "num_boost_round": 49.0, "subsample": 0.7719918846691802}, "datetime": {"datetime": "2024-01-20 15:06:02", "elapsed": 2515.752963, "delta": 0.003757}}
{"target": -13.50138056533159, "params": {"colsample_bytree": 0.8379731057293175, "eta": 0.03724320198022017, "gamma": 654.1114648337368, "max_depth": 5.0, "min_child_weight": 4387.1332548378805, "num_boost_round": 50.0, "subsample": 0.7719918846691802}, "datetime": {"datetime": "2024-01-20 15:06:02", "elapsed": 2515.756741, "delta": 0.003778}}
{"target": -13.501441299147352, "params": {"colsample_bytree": 0.8379731057293175, "eta": 0.03724320198022017, "gamma": 654.1114648337368, "max_depth": 5.0, "min_child_weight": 4387.1332548378805, "num_boost_round": 51.0, "subsample": 0.7719918846691802}, "datetime": {"datetime": "2024-01-20 15:06:02", "elapsed": 2515.760792, "delta": 0.004051}}
{"target": -13.501555846694998, "params": {"colsample_bytree": 0.8379731057293175, "eta": 0.03724320198022017, "gamma": 654.1114648337368, "max_depth": 5.0, "min_child_weight": 4387.1332548378805, "num_boost_round": 52.0, "subsample": 0.7719918846691802}, "datetime": {"datetime": "2024-01-20 15:06:02", "elapsed": 2515.764584, "delta": 0.003792}}
{"target": -13.501553880328249, "params": {"colsample_bytree": 0.8379731057293175, "eta": 0.03724320198022017, "gamma": 654.1114648337368, "max_depth": 5.0, "min_child_weight": 4387.1332548378805, "num_boost_round": 53.0, "subsample": 0.7719918846691802}, "datetime": {"datetime": "2024-01-20 15:06:02", "elapsed": 2515.768249, "delta": 0.003665}}
{"target": -13.501508306928798, "params": {"colsample_bytree": 0.8379731057293175, "eta": 0.03724320198022017, "gamma": 654.1114648337368, "max_depth": 5.0, "min_child_weight": 4387.1332548378805, "num_boost_round": 54.0, "subsample": 0.7719918846691802}, "datetime": {"datetime": "2024-01-20 15:06:02", "elapsed": 2515.772424, "delta": 0.004175}}
{"target": -13.501426897037696, "params": {"colsample_bytree": 0.8379731057293175, "eta": 0.03724320198022017, "gamma": 654.1114648337368, "max_depth": 5.0, "min_child_weight": 4387.1332548378805, "num_boost_round": 55.0, "subsample": 0.7719918846691802}, "datetime": {"datetime": "2024-01-20 15:06:02", "elapsed": 2515.776298, "delta": 0.003874}}
{"target": -13.501397077065803, "params": {"colsample_bytree": 0.8379731057293175, "eta": 0.03724320198022017, "gamma": 654.1114648337368, "max_depth": 5.0, "min_child_weight": 4387.1332548378805, "num_boost_round": 56.0, "subsample": 0.7719918846691802}, "datetime": {"datetime": "2024-01-20 15:06:02", "elapsed": 2515.779951, "delta": 0.003653}}
{"target": -13.501433710386639, "params": {"colsample_bytree": 0.8379731057293175, "eta": 0.03724320198022017, "gamma": 654.1114648337368, "max_depth": 5.0, "min_child_weight": 4387.1332548378805, "num_boost_round": 57.0, "subsample": 0.7719918846691802}, "datetime": {"datetime": "2024-01-20 15:06:02", "elapsed": 2515.783597, "delta": 0.003646}}
{"target": -13.501452157446856, "params": {"colsample_bytree": 0.8379731057293175, "eta": 0.03724320198022017, "gamma": 654.1114648337368, "max_depth": 5.0, "min_child_weight": 4387.1332548378805, "num_boost_round": 58.0, "subsample": 0.7719918846691802}, "datetime": {"datetime": "2024-01-20 15:06:02", "elapsed": 2515.787221, "delta": 0.003624}}
{"target": -13.501361120851428, "params": {"colsample_bytree": 0.8379731057293175, "eta": 0.03724320198022017, "gamma": 654.1114648337368, "max_depth": 5.0, "min_child_weight": 4387.1332548378805, "num_boost_round": 59.0, "subsample": 0.7719918846691802}, "datetime": {"datetime": "2024-01-20 15:06:02", "elapsed": 2515.790862, "delta": 0.003641}}
{"target": -13.501403661329443, "params": {"colsample_bytree": 0.8379731057293175, "eta": 0.03724320198022017, "gamma": 654.1114648337368, "max_depth": 5.0, "min_child_weight": 4387.1332548378805, "num_boost_round": 60.0, "subsample": 0.7719918846691802}, "datetime": {"datetime": "2024-01-20 15:06:02", "elapsed": 2515.79461, "delta": 0.003748}}
{"target": -13.501451105256015, "params": {"colsample_bytree": 0.8379731057293175, "eta": 0.03724320198022017, "gamma": 654.1114648337368, "max_depth": 5.0, "min_child_weight": 4387.1332548378805, "num_boost_round": 61.0, "subsample": 0.7719918846691802}, "datetime": {"datetime": "2024-01-20 15:06:02", "elapsed": 2515.798298, "delta": 0.003688}}
{"target": -13.501527891233852, "params": {"colsample_bytree": 0.8379731057293175, "eta": 0.03724320198022017, "gamma": 654.1114648337368, "max_depth": 5.0, "min_child_weight": 4387.1332548378805, "num_boost_round": 62.0, "subsample": 0.7719918846691802}, "datetime": {"datetime": "2024-01-20 15:06:02", "elapsed": 2515.801966, "delta": 0.003668}}
{"target": -13.501556179950175, "params": {"colsample_bytree": 0.8379731057293175, "eta": 0.03724320198022017, "gamma": 654.1114648337368, "max_depth": 5.0, "min_child_weight": 4387.1332548378805, "num_boost_round": 63.0, "subsample": 0.7719918846691802}, "datetime": {"datetime": "2024-01-20 15:06:02", "elapsed": 2515.805618, "delta": 0.003652}}
{"target": -13.501531351171845, "params": {"colsample_bytree": 0.8379731057293175, "eta": 0.03724320198022017, "gamma": 654.1114648337368, "max_depth": 5.0, "min_child_weight": 4387.1332548378805, "num_boost_round": 64.0, "subsample": 0.7719918846691802}, "datetime": {"datetime": "2024-01-20 15:06:02", "elapsed": 2515.809265, "delta": 0.003647}}
{"target": -13.501740503428142, "params": {"colsample_bytree": 0.8379731057293175, "eta": 0.03724320198022017, "gamma": 654.1114648337368, "max_depth": 5.0, "min_child_weight": 4387.1332548378805, "num_boost_round": 65.0, "subsample": 0.7719918846691802}, "datetime": {"datetime": "2024-01-20 15:06:02", "elapsed": 2515.813049, "delta": 0.003784}}
{"target": -13.501793967638747, "params": {"colsample_bytree": 0.8379731057293175, "eta": 0.03724320198022017, "gamma": 654.1114648337368, "max_depth": 5.0, "min_child_weight": 4387.1332548378805, "num_boost_round": 66.0, "subsample": 0.7719918846691802}, "datetime": {"datetime": "2024-01-20 15:06:02", "elapsed": 2515.816761, "delta": 0.003712}}
{"target": -13.501809617738596, "params": {"colsample_bytree": 0.8379731057293175, "eta": 0.03724320198022017, "gamma": 654.1114648337368, "max_depth": 5.0, "min_child_weight": 4387.1332548378805, "num_boost_round": 67.0, "subsample": 0.7719918846691802}, "datetime": {"datetime": "2024-01-20 15:06:02", "elapsed": 2515.820494, "delta": 0.003733}}
{"target": -13.501877175688215, "params": {"colsample_bytree": 0.8379731057293175, "eta": 0.03724320198022017, "gamma": 654.1114648337368, "max_depth": 5.0, "min_child_weight": 4387.1332548378805, "num_boost_round": 68.0, "subsample": 0.7719918846691802}, "datetime": {"datetime": "2024-01-20 15:06:02", "elapsed": 2515.824255, "delta": 0.003761}}
{"target": -13.50188504315306, "params": {"colsample_bytree": 0.8379731057293175, "eta": 0.03724320198022017, "gamma": 654.1114648337368, "max_depth": 5.0, "min_child_weight": 4387.1332548378805, "num_boost_round": 69.0, "subsample": 0.7719918846691802}, "datetime": {"datetime": "2024-01-20 15:06:02", "elapsed": 2515.827901, "delta": 0.003646}}
{"target": -13.501813594171859, "params": {"colsample_bytree": 0.8379731057293175, "eta": 0.03724320198022017, "gamma": 654.1114648337368, "max_depth": 5.0, "min_child_weight": 4387.1332548378805, "num_boost_round": 70.0, "subsample": 0.7719918846691802}, "datetime": {"datetime": "2024-01-20 15:06:02", "elapsed": 2515.831571, "delta": 0.00367}}
{"target": -13.50172732854255, "params": {"colsample_bytree": 0.8379731057293175, "eta": 0.03724320198022017, "gamma": 654.1114648337368, "max_depth": 5.0, "min_child_weight": 4387.1332548378805, "num_boost_round": 71.0, "subsample": 0.7719918846691802}, "datetime": {"datetime": "2024-01-20 15:06:02", "elapsed": 2515.836008, "delta": 0.004437}}
{"target": -13.501891823259733, "params": {"colsample_bytree": 0.8379731057293175, "eta": 0.03724320198022017, "gamma": 654.1114648337368, "max_depth": 5.0, "min_child_weight": 4387.1332548378805, "num_boost_round": 72.0, "subsample": 0.7719918846691802}, "datetime": {"datetime": "2024-01-20 15:06:02", "elapsed": 2515.840939, "delta": 0.004931}}
{"target": -13.501960196051723, "params": {"colsample_bytree": 0.8379731057293175, "eta": 0.03724320198022017, "gamma": 654.1114648337368, "max_depth": 5.0, "min_child_weight": 4387.1332548378805, "num_boost_round": 73.0, "subsample": 0.7719918846691802}, "datetime": {"datetime": "2024-01-20 15:06:02", "elapsed": 2515.846275, "delta": 0.005336}}
{"target": -13.501978216435196, "params": {"colsample_bytree": 0.8379731057293175, "eta": 0.03724320198022017, "gamma": 654.1114648337368, "max_depth": 5.0, "min_child_weight": 4387.1332548378805, "num_boost_round": 74.0, "subsample": 0.7719918846691802}, "datetime": {"datetime": "2024-01-20 15:06:02", "elapsed": 2515.850415, "delta": 0.00414}}
{"target": -13.501994009079484, "params": {"colsample_bytree": 0.8379731057293175, "eta": 0.03724320198022017, "gamma": 654.1114648337368, "max_depth": 5.0, "min_child_weight": 4387.1332548378805, "num_boost_round": 75.0, "subsample": 0.7719918846691802}, "datetime": {"datetime": "2024-01-20 15:06:02", "elapsed": 2515.85442, "delta": 0.004005}}
