{"target": -10.473702895918926, "params": {"colsample_bytree": 0.7206022821759996, "eta": 0.01729304793358622, "gamma": 607.288964687993, "max_depth": 4.0, "min_child_weight": 4332.37117243706, "num_boost_round": 46.0, "subsample": 0.2541416666288044}, "datetime": {"datetime": "2024-01-20 13:32:33", "elapsed": 445.26588, "delta": 0.000832}}
{"target": -10.473685298945846, "params": {"colsample_bytree": 0.7206022821759996, "eta": 0.01729304793358622, "gamma": 607.288964687993, "max_depth": 4.0, "min_child_weight": 4332.37117243706, "num_boost_round": 47.0, "subsample": 0.2541416666288044}, "datetime": {"datetime": "2024-01-20 13:32:33", "elapsed": 445.266714, "delta": 0.000834}}
{"target": -10.47380281041787, "params": {"colsample_bytree": 0.7206022821759996, "eta": 0.01729304793358622, "gamma": 607.288964687993, "max_depth": 4.0, "min_child_weight": 4332.37117243706, "num_boost_round": 48.0, "subsample": 0.2541416666288044}, "datetime": {"datetime": "2024-01-20 13:32:33", "elapsed": 445.267543, "delta": 0.000829}}
{"target": -10.473827090039386, "params": {"colsample_bytree": 0.7206022821759996, "eta": 0.01729304793358622, "gamma": 607.288964687993, "max_depth": 4.0, "min_child_weight": 4332.37117243706, "num_boost_round": 49.0, "subsample": 0.2541416666288044}, "datetime": {"datetime": "2024-01-20 13:32:33", "elapsed": 445.268373, "delta": 0.00083}}
{"target": -10.473860404260977, "params": {"colsample_bytree": 0.7206022821759996, "eta": 0.01729304793358622, "gamma": 607.288964687993, "max_depth": 4.0, "min_child_weight": 4332.37117243706, "num_boost_round": 50.0, "subsample": 0.2541416666288044}, "datetime": {"datetime": "2024-01-20 13:32:33", "elapsed": 445.269273, "delta": 0.0009}}
{"target": -10.473858378960543, "params": {"colsample_bytree": 0.7206022821759996, "eta": 0.01729304793358622, "gamma": 607.288964687993, "max_depth": 4.0, "min_child_weight": 4332.37117243706, "num_boost_round": 51.0, "subsample": 0.2541416666288044}, "datetime": {"datetime": "2024-01-20 13:32:33", "elapsed": 445.270112, "delta": 0.000839}}
{"target": -10.47387257496078, "params": {"colsample_bytree": 0.7206022821759996, "eta": 0.01729304793358622, "gamma": 607.288964687993, "max_depth": 4.0, "min_child_weight": 4332.37117243706, "num_boost_round": 52.0, "subsample": 0.2541416666288044}, "datetime": {"datetime": "2024-01-20 13:32:33", "elapsed": 445.270945, "delta": 0.000833}}
{"target": -10.475807357401099, "params": {"colsample_bytree": 0.14306572356606861, "eta": 0.040888444201428495, "gamma": 778.2820497821166, "max_depth": 8.0, "min_child_weight": 4341.459463041891, "num_boost_round": 1.0, "subsample": 0.5410253077896117}, "datetime": {"datetime": "2024-01-20 13:34:16", "elapsed": 549.026595, "delta": 103.75565}}
{"target": -10.475560290313126, "params": {"colsample_bytree": 0.14306572356606861, "eta": 0.040888444201428495, "gamma": 778.2820497821166, "max_depth": 8.0, "min_child_weight": 4341.459463041891, "num_boost_round": 2.0, "subsample": 0.5410253077896117}, "datetime": {"datetime": "2024-01-20 13:34:16", "elapsed": 549.028029, "delta": 0.001434}}
{"target": -10.475654108740688, "params": {"colsample_bytree": 0.14306572356606861, "eta": 0.040888444201428495, "gamma": 778.2820497821166, "max_depth": 8.0, "min_child_weight": 4341.459463041891, "num_boost_round": 3.0, "subsample": 0.5410253077896117}, "datetime": {"datetime": "2024-01-20 13:34:16", "elapsed": 549.028929, "delta": 0.0009}}
{"target": -10.475923486237074, "params": {"colsample_bytree": 0.14306572356606861, "eta": 0.040888444201428495, "gamma": 778.2820497821166, "max_depth": 8.0, "min_child_weight": 4341.459463041891, "num_boost_round": 4.0, "subsample": 0.5410253077896117}, "datetime": {"datetime": "2024-01-20 13:34:16", "elapsed": 549.029962, "delta": 0.001033}}
{"target": -10.475872649173809, "params": {"colsample_bytree": 0.14306572356606861, "eta": 0.040888444201428495, "gamma": 778.2820497821166, "max_depth": 8.0, "min_child_weight": 4341.459463041891, "num_boost_round": 5.0, "subsample": 0.5410253077896117}, "datetime": {"datetime": "2024-01-20 13:34:16", "elapsed": 549.030812, "delta": 0.00085}}
{"target": -10.475921383958074, "params": {"colsample_bytree": 0.14306572356606861, "eta": 0.040888444201428495, "gamma": 778.2820497821166, "max_depth": 8.0, "min_child_weight": 4341.459463041891, "num_boost_round": 6.0, "subsample": 0.5410253077896117}, "datetime": {"datetime": "2024-01-20 13:34:16", "elapsed": 549.031672, "delta": 0.00086}}
{"target": -10.476342628038445, "params": {"colsample_bytree": 0.14306572356606861, "eta": 0.040888444201428495, "gamma": 778.2820497821166, "max_depth": 8.0, "min_child_weight": 4341.459463041891, "num_boost_round": 7.0, "subsample": 0.5410253077896117}, "datetime": {"datetime": "2024-01-20 13:34:16", "elapsed": 549.032522, "delta": 0.00085}}
{"target": -10.476052638487978, "params": {"colsample_bytree": 0.14306572356606861, "eta": 0.040888444201428495, "gamma": 778.2820497821166, "max_depth": 8.0, "min_child_weight": 4341.459463041891, "num_boost_round": 8.0, "subsample": 0.5410253077896117}, "datetime": {"datetime": "2024-01-20 13:34:16", "elapsed": 549.033381, "delta": 0.000859}}
{"target": -10.475856895130683, "params": {"colsample_bytree": 0.14306572356606861, "eta": 0.040888444201428495, "gamma": 778.2820497821166, "max_depth": 8.0, "min_child_weight": 4341.459463041891, "num_boost_round": 9.0, "subsample": 0.5410253077896117}, "datetime": {"datetime": "2024-01-20 13:34:16", "elapsed": 549.034278, "delta": 0.000897}}
{"target": -10.476242937245111, "params": {"colsample_bytree": 0.14306572356606861, "eta": 0.040888444201428495, "gamma": 778.2820497821166, "max_depth": 8.0, "min_child_weight": 4341.459463041891, "num_boost_round": 10.0, "subsample": 0.5410253077896117}, "datetime": {"datetime": "2024-01-20 13:34:16", "elapsed": 549.035153, "delta": 0.000875}}
{"target": -10.476646380288843, "params": {"colsample_bytree": 0.14306572356606861, "eta": 0.040888444201428495, "gamma": 778.2820497821166, "max_depth": 8.0, "min_child_weight": 4341.459463041891, "num_boost_round": 11.0, "subsample": 0.5410253077896117}, "datetime": {"datetime": "2024-01-20 13:34:16", "elapsed": 549.036193, "delta": 0.00104}}
{"target": -10.476611404168356, "params": {"colsample_bytree": 0.14306572356606861, "eta": 0.040888444201428495, "gamma": 778.2820497821166, "max_depth": 8.0, "min_child_weight": 4341.459463041891, "num_boost_round": 12.0, "subsample": 0.5410253077896117}, "datetime": {"datetime": "2024-01-20 13:34:16", "elapsed": 549.037173, "delta": 0.00098}}
{"target": -10.476568526240394, "params": {"colsample_bytree": 0.14306572356606861, "eta": 0.040888444201428495, "gamma": 778.2820497821166, "max_depth": 8.0, "min_child_weight": 4341.459463041891, "num_boost_round": 13.0, "subsample": 0.5410253077896117}, "datetime": {"datetime": "2024-01-20 13:34:16", "elapsed": 549.038046, "delta": 0.000873}}
{"target": -10.476501373253909, "params": {"colsample_bytree": 0.14306572356606861, "eta": 0.040888444201428495, "gamma": 778.2820497821166, "max_depth": 8.0, "min_child_weight": 4341.459463041891, "num_boost_round": 14.0, "subsample": 0.5410253077896117}, "datetime": {"datetime": "2024-01-20 13:34:16", "elapsed": 549.038941, "delta": 0.000895}}
{"target": -10.476646547815331, "params": {"colsample_bytree": 0.14306572356606861, "eta": 0.040888444201428495, "gamma": 778.2820497821166, "max_depth": 8.0, "min_child_weight": 4341.459463041891, "num_boost_round": 15.0, "subsample": 0.5410253077896117}, "datetime": {"datetime": "2024-01-20 13:34:16", "elapsed": 549.039818, "delta": 0.000877}}
{"target": -10.477006244415037, "params": {"colsample_bytree": 0.14306572356606861, "eta": 0.040888444201428495, "gamma": 778.2820497821166, "max_depth": 8.0, "min_child_weight": 4341.459463041891, "num_boost_round": 16.0, "subsample": 0.5410253077896117}, "datetime": {"datetime": "2024-01-20 13:34:16", "elapsed": 549.040685, "delta": 0.000867}}
{"target": -10.477465193358123, "params": {"colsample_bytree": 0.14306572356606861, "eta": 0.040888444201428495, "gamma": 778.2820497821166, "max_depth": 8.0, "min_child_weight": 4341.459463041891, "num_boost_round": 17.0, "subsample": 0.5410253077896117}, "datetime": {"datetime": "2024-01-20 13:34:16", "elapsed": 549.041558, "delta": 0.000873}}
{"target": -10.477498439874065, "params": {"colsample_bytree": 0.14306572356606861, "eta": 0.040888444201428495, "gamma": 778.2820497821166, "max_depth": 8.0, "min_child_weight": 4341.459463041891, "num_boost_round": 18.0, "subsample": 0.5410253077896117}, "datetime": {"datetime": "2024-01-20 13:34:17", "elapsed": 549.042431, "delta": 0.000873}}
{"target": -10.477635904601406, "params": {"colsample_bytree": 0.14306572356606861, "eta": 0.040888444201428495, "gamma": 778.2820497821166, "max_depth": 8.0, "min_child_weight": 4341.459463041891, "num_boost_round": 19.0, "subsample": 0.5410253077896117}, "datetime": {"datetime": "2024-01-20 13:34:17", "elapsed": 549.043368, "delta": 0.000937}}
{"target": -10.477508541725854, "params": {"colsample_bytree": 0.14306572356606861, "eta": 0.040888444201428495, "gamma": 778.2820497821166, "max_depth": 8.0, "min_child_weight": 4341.459463041891, "num_boost_round": 20.0, "subsample": 0.5410253077896117}, "datetime": {"datetime": "2024-01-20 13:34:17", "elapsed": 549.044238, "delta": 0.00087}}
{"target": -10.477825768717585, "params": {"colsample_bytree": 0.14306572356606861, "eta": 0.040888444201428495, "gamma": 778.2820497821166, "max_depth": 8.0, "min_child_weight": 4341.459463041891, "num_boost_round": 21.0, "subsample": 0.5410253077896117}, "datetime": {"datetime": "2024-01-20 13:34:17", "elapsed": 549.045118, "delta": 0.00088}}
{"target": -10.477808012194249, "params": {"colsample_bytree": 0.14306572356606861, "eta": 0.040888444201428495, "gamma": 778.2820497821166, "max_depth": 8.0, "min_child_weight": 4341.459463041891, "num_boost_round": 22.0, "subsample": 0.5410253077896117}, "datetime": {"datetime": "2024-01-20 13:34:17", "elapsed": 549.045982, "delta": 0.000864}}
{"target": -10.478001780924831, "params": {"colsample_bytree": 0.14306572356606861, "eta": 0.040888444201428495, "gamma": 778.2820497821166, "max_depth": 8.0, "min_child_weight": 4341.459463041891, "num_boost_round": 23.0, "subsample": 0.5410253077896117}, "datetime": {"datetime": "2024-01-20 13:34:17", "elapsed": 549.046925, "delta": 0.000943}}
{"target": -10.477824135776146, "params": {"colsample_bytree": 0.14306572356606861, "eta": 0.040888444201428495, "gamma": 778.2820497821166, "max_depth": 8.0, "min_child_weight": 4341.459463041891, "num_boost_round": 24.0, "subsample": 0.5410253077896117}, "datetime": {"datetime": "2024-01-20 13:34:17", "elapsed": 549.047829, "delta": 0.000904}}
{"target": -10.477938273578008, "params": {"colsample_bytree": 0.14306572356606861, "eta": 0.040888444201428495, "gamma": 778.2820497821166, "max_depth": 8.0, "min_child_weight": 4341.459463041891, "num_boost_round": 25.0, "subsample": 0.5410253077896117}, "datetime": {"datetime": "2024-01-20 13:34:17", "elapsed": 549.048724, "delta": 0.000895}}
{"target": -10.478134765795474, "params": {"colsample_bytree": 0.14306572356606861, "eta": 0.040888444201428495, "gamma": 778.2820497821166, "max_depth": 8.0, "min_child_weight": 4341.459463041891, "num_boost_round": 26.0, "subsample": 0.5410253077896117}, "datetime": {"datetime": "2024-01-20 13:34:17", "elapsed": 549.049649, "delta": 0.000925}}
{"target": -10.478498501213917, "params": {"colsample_bytree": 0.14306572356606861, "eta": 0.040888444201428495, "gamma": 778.2820497821166, "max_depth": 8.0, "min_child_weight": 4341.459463041891, "num_boost_round": 27.0, "subsample": 0.5410253077896117}, "datetime": {"datetime": "2024-01-20 13:34:17", "elapsed": 549.050545, "delta": 0.000896}}
{"target": -10.478422191331116, "params": {"colsample_bytree": 0.14306572356606861, "eta": 0.040888444201428495, "gamma": 778.2820497821166, "max_depth": 8.0, "min_child_weight": 4341.459463041891, "num_boost_round": 28.0, "subsample": 0.5410253077896117}, "datetime": {"datetime": "2024-01-20 13:34:17", "elapsed": 549.051429, "delta": 0.000884}}
{"target": -10.478478509165665, "params": {"colsample_bytree": 0.14306572356606861, "eta": 0.040888444201428495, "gamma": 778.2820497821166, "max_depth": 8.0, "min_child_weight": 4341.459463041891, "num_boost_round": 29.0, "subsample": 0.5410253077896117}, "datetime": {"datetime": "2024-01-20 13:34:17", "elapsed": 549.052312, "delta": 0.000883}}
{"target": -10.478545784023458, "params": {"colsample_bytree": 0.14306572356606861, "eta": 0.040888444201428495, "gamma": 778.2820497821166, "max_depth": 8.0, "min_child_weight": 4341.459463041891, "num_boost_round": 30.0, "subsample": 0.5410253077896117}, "datetime": {"datetime": "2024-01-20 13:34:17", "elapsed": 549.053192, "delta": 0.00088}}
{"target": -10.478520413183274, "params": {"colsample_bytree": 0.14306572356606861, "eta": 0.040888444201428495, "gamma": 778.2820497821166, "max_depth": 8.0, "min_child_weight": 4341.459463041891, "num_boost_round": 31.0, "subsample": 0.5410253077896117}, "datetime": {"datetime": "2024-01-20 13:34:17", "elapsed": 549.054076, "delta": 0.000884}}
{"target": -10.478894945144706, "params": {"colsample_bytree": 0.14306572356606861, "eta": 0.040888444201428495, "gamma": 778.2820497821166, "max_depth": 8.0, "min_child_weight": 4341.459463041891, "num_boost_round": 32.0, "subsample": 0.5410253077896117}, "datetime": {"datetime": "2024-01-20 13:34:17", "elapsed": 549.054981, "delta": 0.000905}}
{"target": -10.478711396492962, "params": {"colsample_bytree": 0.14306572356606861, "eta": 0.040888444201428495, "gamma": 778.2820497821166, "max_depth": 8.0, "min_child_weight": 4341.459463041891, "num_boost_round": 33.0, "subsample": 0.5410253077896117}, "datetime": {"datetime": "2024-01-20 13:34:17", "elapsed": 549.055875, "delta": 0.000894}}
{"target": -10.478793368208798, "params": {"colsample_bytree": 0.14306572356606861, "eta": 0.040888444201428495, "gamma": 778.2820497821166, "max_depth": 8.0, "min_child_weight": 4341.459463041891, "num_boost_round": 34.0, "subsample": 0.5410253077896117}, "datetime": {"datetime": "2024-01-20 13:34:17", "elapsed": 549.05682, "delta": 0.000945}}
{"target": -10.479159885272933, "params": {"colsample_bytree": 0.14306572356606861, "eta": 0.040888444201428495, "gamma": 778.2820497821166, "max_depth": 8.0, "min_child_weight": 4341.459463041891, "num_boost_round": 35.0, "subsample": 0.5410253077896117}, "datetime": {"datetime": "2024-01-20 13:34:17", "elapsed": 549.057723, "delta": 0.000903}}
{"target": -10.479180215960271, "params": {"colsample_bytree": 0.14306572356606861, "eta": 0.040888444201428495, "gamma": 778.2820497821166, "max_depth": 8.0, "min_child_weight": 4341.459463041891, "num_boost_round": 36.0, "subsample": 0.5410253077896117}, "datetime": {"datetime": "2024-01-20 13:34:17", "elapsed": 549.058747, "delta": 0.001024}}
{"target": -10.479239130485837, "params": {"colsample_bytree": 0.14306572356606861, "eta": 0.040888444201428495, "gamma": 778.2820497821166, "max_depth": 8.0, "min_child_weight": 4341.459463041891, "num_boost_round": 37.0, "subsample": 0.5410253077896117}, "datetime": {"datetime": "2024-01-20 13:34:17", "elapsed": 549.059741, "delta": 0.000994}}
{"target": -10.479084267956836, "params": {"colsample_bytree": 0.14306572356606861, "eta": 0.040888444201428495, "gamma": 778.2820497821166, "max_depth": 8.0, "min_child_weight": 4341.459463041891, "num_boost_round": 38.0, "subsample": 0.5410253077896117}, "datetime": {"datetime": "2024-01-20 13:34:17", "elapsed": 549.060742, "delta": 0.001001}}
{"target": -10.47922683717745, "params": {"colsample_bytree": 0.14306572356606861, "eta": 0.040888444201428495, "gamma": 778.2820497821166, "max_depth": 8.0, "min_child_weight": 4341.459463041891, "num_boost_round": 39.0, "subsample": 0.5410253077896117}, "datetime": {"datetime": "2024-01-20 13:34:17", "elapsed": 549.0617, "delta": 0.000958}}
{"target": -10.479489334677522, "params": {"colsample_bytree": 0.14306572356606861, "eta": 0.040888444201428495, "gamma": 778.2820497821166, "max_depth": 8.0, "min_child_weight": 4341.459463041891, "num_boost_round": 40.0, "subsample": 0.5410253077896117}, "datetime": {"datetime": "2024-01-20 13:34:17", "elapsed": 549.062605, "delta": 0.000905}}
{"target": -10.479540210290185, "params": {"colsample_bytree": 0.14306572356606861, "eta": 0.040888444201428495, "gamma": 778.2820497821166, "max_depth": 8.0, "min_child_weight": 4341.459463041891, "num_boost_round": 41.0, "subsample": 0.5410253077896117}, "datetime": {"datetime": "2024-01-20 13:34:17", "elapsed": 549.063515, "delta": 0.00091}}
{"target": -10.4796119220082, "params": {"colsample_bytree": 0.14306572356606861, "eta": 0.040888444201428495, "gamma": 778.2820497821166, "max_depth": 8.0, "min_child_weight": 4341.459463041891, "num_boost_round": 42.0, "subsample": 0.5410253077896117}, "datetime": {"datetime": "2024-01-20 13:34:17", "elapsed": 549.064419, "delta": 0.000904}}
{"target": -10.479825768252397, "params": {"colsample_bytree": 0.14306572356606861, "eta": 0.040888444201428495, "gamma": 778.2820497821166, "max_depth": 8.0, "min_child_weight": 4341.459463041891, "num_boost_round": 43.0, "subsample": 0.5410253077896117}, "datetime": {"datetime": "2024-01-20 13:34:17", "elapsed": 549.065344, "delta": 0.000925}}
{"target": -10.479858771211987, "params": {"colsample_bytree": 0.14306572356606861, "eta": 0.040888444201428495, "gamma": 778.2820497821166, "max_depth": 8.0, "min_child_weight": 4341.459463041891, "num_boost_round": 44.0, "subsample": 0.5410253077896117}, "datetime": {"datetime": "2024-01-20 13:34:17", "elapsed": 549.066251, "delta": 0.000907}}
{"target": -10.48017525548277, "params": {"colsample_bytree": 0.14306572356606861, "eta": 0.040888444201428495, "gamma": 778.2820497821166, "max_depth": 8.0, "min_child_weight": 4341.459463041891, "num_boost_round": 45.0, "subsample": 0.5410253077896117}, "datetime": {"datetime": "2024-01-20 13:34:17", "elapsed": 549.067161, "delta": 0.00091}}
{"target": -10.480204009239944, "params": {"colsample_bytree": 0.14306572356606861, "eta": 0.040888444201428495, "gamma": 778.2820497821166, "max_depth": 8.0, "min_child_weight": 4341.459463041891, "num_boost_round": 46.0, "subsample": 0.5410253077896117}, "datetime": {"datetime": "2024-01-20 13:34:17", "elapsed": 549.068056, "delta": 0.000895}}
{"target": -10.480209004754487, "params": {"colsample_bytree": 0.14306572356606861, "eta": 0.040888444201428495, "gamma": 778.2820497821166, "max_depth": 8.0, "min_child_weight": 4341.459463041891, "num_boost_round": 47.0, "subsample": 0.5410253077896117}, "datetime": {"datetime": "2024-01-20 13:34:17", "elapsed": 549.069009, "delta": 0.000953}}
{"target": -10.480279321613438, "params": {"colsample_bytree": 0.14306572356606861, "eta": 0.040888444201428495, "gamma": 778.2820497821166, "max_depth": 8.0, "min_child_weight": 4341.459463041891, "num_boost_round": 48.0, "subsample": 0.5410253077896117}, "datetime": {"datetime": "2024-01-20 13:34:17", "elapsed": 549.069923, "delta": 0.000914}}
{"target": -10.480382299669673, "params": {"colsample_bytree": 0.14306572356606861, "eta": 0.040888444201428495, "gamma": 778.2820497821166, "max_depth": 8.0, "min_child_weight": 4341.459463041891, "num_boost_round": 49.0, "subsample": 0.5410253077896117}, "datetime": {"datetime": "2024-01-20 13:34:17", "elapsed": 549.070836, "delta": 0.000913}}
{"target": -10.48040474334477, "params": {"colsample_bytree": 0.14306572356606861, "eta": 0.040888444201428495, "gamma": 778.2820497821166, "max_depth": 8.0, "min_child_weight": 4341.459463041891, "num_boost_round": 50.0, "subsample": 0.5410253077896117}, "datetime": {"datetime": "2024-01-20 13:34:17", "elapsed": 549.071744, "delta": 0.000908}}
{"target": -10.480725609967129, "params": {"colsample_bytree": 0.14306572356606861, "eta": 0.040888444201428495, "gamma": 778.2820497821166, "max_depth": 8.0, "min_child_weight": 4341.459463041891, "num_boost_round": 51.0, "subsample": 0.5410253077896117}, "datetime": {"datetime": "2024-01-20 13:34:17", "elapsed": 549.07265, "delta": 0.000906}}
{"target": -10.480920594525964, "params": {"colsample_bytree": 0.14306572356606861, "eta": 0.040888444201428495, "gamma": 778.2820497821166, "max_depth": 8.0, "min_child_weight": 4341.459463041891, "num_boost_round": 52.0, "subsample": 0.5410253077896117}, "datetime": {"datetime": "2024-01-20 13:34:17", "elapsed": 549.073561, "delta": 0.000911}}
{"target": -10.481024331106862, "params": {"colsample_bytree": 0.14306572356606861, "eta": 0.040888444201428495, "gamma": 778.2820497821166, "max_depth": 8.0, "min_child_weight": 4341.459463041891, "num_boost_round": 53.0, "subsample": 0.5410253077896117}, "datetime": {"datetime": "2024-01-20 13:34:17", "elapsed": 549.074471, "delta": 0.00091}}
{"target": -10.481182342137686, "params": {"colsample_bytree": 0.14306572356606861, "eta": 0.040888444201428495, "gamma": 778.2820497821166, "max_depth": 8.0, "min_child_weight": 4341.459463041891, "num_boost_round": 54.0, "subsample": 0.5410253077896117}, "datetime": {"datetime": "2024-01-20 13:34:17", "elapsed": 549.075384, "delta": 0.000913}}
{"target": -10.481284154864667, "params": {"colsample_bytree": 0.14306572356606861, "eta": 0.040888444201428495, "gamma": 778.2820497821166, "max_depth": 8.0, "min_child_weight": 4341.459463041891, "num_boost_round": 55.0, "subsample": 0.5410253077896117}, "datetime": {"datetime": "2024-01-20 13:34:17", "elapsed": 549.076306, "delta": 0.000922}}
{"target": -10.481350187549015, "params": {"colsample_bytree": 0.14306572356606861, "eta": 0.040888444201428495, "gamma": 778.2820497821166, "max_depth": 8.0, "min_child_weight": 4341.459463041891, "num_boost_round": 56.0, "subsample": 0.5410253077896117}, "datetime": {"datetime": "2024-01-20 13:34:17", "elapsed": 549.07741, "delta": 0.001104}}
