{"target": -15.151150493140452, "params": {"colsample_bytree": 0.6106390316694654, "eta": 0.033135541233180105, "gamma": 588.8911223553325, "max_depth": 5.0, "min_child_weight": 4208.556324971455, "num_boost_round": 49.0, "subsample": 0.34019378442592263}, "datetime": {"datetime": "2024-01-20 16:08:46", "elapsed": 6284.118228, "delta": 0.006244}}
{"target": -15.151135192287882, "params": {"colsample_bytree": 0.6106390316694654, "eta": 0.033135541233180105, "gamma": 588.8911223553325, "max_depth": 5.0, "min_child_weight": 4208.556324971455, "num_boost_round": 50.0, "subsample": 0.34019378442592263}, "datetime": {"datetime": "2024-01-20 16:08:46", "elapsed": 6284.124262, "delta": 0.006034}}
{"target": -15.151138685684419, "params": {"colsample_bytree": 0.6106390316694654, "eta": 0.033135541233180105, "gamma": 588.8911223553325, "max_depth": 5.0, "min_child_weight": 4208.556324971455, "num_boost_round": 51.0, "subsample": 0.34019378442592263}, "datetime": {"datetime": "2024-01-20 16:08:46", "elapsed": 6284.130077, "delta": 0.005815}}
{"target": -15.151266870176663, "params": {"colsample_bytree": 0.6106390316694654, "eta": 0.033135541233180105, "gamma": 588.8911223553325, "max_depth": 5.0, "min_child_weight": 4208.556324971455, "num_boost_round": 52.0, "subsample": 0.34019378442592263}, "datetime": {"datetime": "2024-01-20 16:08:46", "elapsed": 6284.135752, "delta": 0.005675}}
{"target": -15.151279809138696, "params": {"colsample_bytree": 0.6106390316694654, "eta": 0.033135541233180105, "gamma": 588.8911223553325, "max_depth": 5.0, "min_child_weight": 4208.556324971455, "num_boost_round": 53.0, "subsample": 0.34019378442592263}, "datetime": {"datetime": "2024-01-20 16:08:46", "elapsed": 6284.141465, "delta": 0.005713}}
{"target": -15.151451452505155, "params": {"colsample_bytree": 0.6106390316694654, "eta": 0.033135541233180105, "gamma": 588.8911223553325, "max_depth": 5.0, "min_child_weight": 4208.556324971455, "num_boost_round": 54.0, "subsample": 0.34019378442592263}, "datetime": {"datetime": "2024-01-20 16:08:46", "elapsed": 6284.147185, "delta": 0.00572}}
{"target": -15.151516095790832, "params": {"colsample_bytree": 0.6106390316694654, "eta": 0.033135541233180105, "gamma": 588.8911223553325, "max_depth": 5.0, "min_child_weight": 4208.556324971455, "num_boost_round": 55.0, "subsample": 0.34019378442592263}, "datetime": {"datetime": "2024-01-20 16:08:46", "elapsed": 6284.152876, "delta": 0.005691}}
{"target": -15.151561358766854, "params": {"colsample_bytree": 0.6106390316694654, "eta": 0.033135541233180105, "gamma": 588.8911223553325, "max_depth": 5.0, "min_child_weight": 4208.556324971455, "num_boost_round": 56.0, "subsample": 0.34019378442592263}, "datetime": {"datetime": "2024-01-20 16:08:46", "elapsed": 6284.15859, "delta": 0.005714}}
{"target": -15.151420268460733, "params": {"colsample_bytree": 0.6106390316694654, "eta": 0.033135541233180105, "gamma": 588.8911223553325, "max_depth": 5.0, "min_child_weight": 4208.556324971455, "num_boost_round": 57.0, "subsample": 0.34019378442592263}, "datetime": {"datetime": "2024-01-20 16:08:46", "elapsed": 6284.164272, "delta": 0.005682}}
{"target": -15.151518765511234, "params": {"colsample_bytree": 0.6106390316694654, "eta": 0.033135541233180105, "gamma": 588.8911223553325, "max_depth": 5.0, "min_child_weight": 4208.556324971455, "num_boost_round": 58.0, "subsample": 0.34019378442592263}, "datetime": {"datetime": "2024-01-20 16:08:46", "elapsed": 6284.170014, "delta": 0.005742}}
{"target": -15.151631106051527, "params": {"colsample_bytree": 0.6106390316694654, "eta": 0.033135541233180105, "gamma": 588.8911223553325, "max_depth": 5.0, "min_child_weight": 4208.556324971455, "num_boost_round": 59.0, "subsample": 0.34019378442592263}, "datetime": {"datetime": "2024-01-20 16:08:46", "elapsed": 6284.17575, "delta": 0.005736}}
{"target": -15.151751806179703, "params": {"colsample_bytree": 0.6106390316694654, "eta": 0.033135541233180105, "gamma": 588.8911223553325, "max_depth": 5.0, "min_child_weight": 4208.556324971455, "num_boost_round": 60.0, "subsample": 0.34019378442592263}, "datetime": {"datetime": "2024-01-20 16:08:46", "elapsed": 6284.181492, "delta": 0.005742}}
{"target": -15.15195791608829, "params": {"colsample_bytree": 0.6106390316694654, "eta": 0.033135541233180105, "gamma": 588.8911223553325, "max_depth": 5.0, "min_child_weight": 4208.556324971455, "num_boost_round": 61.0, "subsample": 0.34019378442592263}, "datetime": {"datetime": "2024-01-20 16:08:46", "elapsed": 6284.187159, "delta": 0.005667}}
{"target": -15.152007992182424, "params": {"colsample_bytree": 0.6106390316694654, "eta": 0.033135541233180105, "gamma": 588.8911223553325, "max_depth": 5.0, "min_child_weight": 4208.556324971455, "num_boost_round": 62.0, "subsample": 0.34019378442592263}, "datetime": {"datetime": "2024-01-20 16:08:46", "elapsed": 6284.192867, "delta": 0.005708}}
{"target": -15.15197309868925, "params": {"colsample_bytree": 0.6106390316694654, "eta": 0.033135541233180105, "gamma": 588.8911223553325, "max_depth": 5.0, "min_child_weight": 4208.556324971455, "num_boost_round": 63.0, "subsample": 0.34019378442592263}, "datetime": {"datetime": "2024-01-20 16:08:46", "elapsed": 6284.198524, "delta": 0.005657}}
{"target": -15.15217406202977, "params": {"colsample_bytree": 0.6106390316694654, "eta": 0.033135541233180105, "gamma": 588.8911223553325, "max_depth": 5.0, "min_child_weight": 4208.556324971455, "num_boost_round": 64.0, "subsample": 0.34019378442592263}, "datetime": {"datetime": "2024-01-20 16:08:46", "elapsed": 6284.204174, "delta": 0.00565}}
{"target": -15.152185158433, "params": {"colsample_bytree": 0.6106390316694654, "eta": 0.033135541233180105, "gamma": 588.8911223553325, "max_depth": 5.0, "min_child_weight": 4208.556324971455, "num_boost_round": 65.0, "subsample": 0.34019378442592263}, "datetime": {"datetime": "2024-01-20 16:08:46", "elapsed": 6284.210094, "delta": 0.00592}}
{"target": -15.15214476044467, "params": {"colsample_bytree": 0.6106390316694654, "eta": 0.033135541233180105, "gamma": 588.8911223553325, "max_depth": 5.0, "min_child_weight": 4208.556324971455, "num_boost_round": 66.0, "subsample": 0.34019378442592263}, "datetime": {"datetime": "2024-01-20 16:08:46", "elapsed": 6284.216368, "delta": 0.006274}}
{"target": -15.152334574350634, "params": {"colsample_bytree": 0.6106390316694654, "eta": 0.033135541233180105, "gamma": 588.8911223553325, "max_depth": 5.0, "min_child_weight": 4208.556324971455, "num_boost_round": 67.0, "subsample": 0.34019378442592263}, "datetime": {"datetime": "2024-01-20 16:08:46", "elapsed": 6284.22271, "delta": 0.006342}}
{"target": -15.152108283938754, "params": {"colsample_bytree": 0.6106390316694654, "eta": 0.033135541233180105, "gamma": 588.8911223553325, "max_depth": 5.0, "min_child_weight": 4208.556324971455, "num_boost_round": 68.0, "subsample": 0.34019378442592263}, "datetime": {"datetime": "2024-01-20 16:08:46", "elapsed": 6284.229658, "delta": 0.006948}}
{"target": -15.152100507482846, "params": {"colsample_bytree": 0.6106390316694654, "eta": 0.033135541233180105, "gamma": 588.8911223553325, "max_depth": 5.0, "min_child_weight": 4208.556324971455, "num_boost_round": 69.0, "subsample": 0.34019378442592263}, "datetime": {"datetime": "2024-01-20 16:08:46", "elapsed": 6284.235519, "delta": 0.005861}}
{"target": -15.15218463652009, "params": {"colsample_bytree": 0.6106390316694654, "eta": 0.033135541233180105, "gamma": 588.8911223553325, "max_depth": 5.0, "min_child_weight": 4208.556324971455, "num_boost_round": 70.0, "subsample": 0.34019378442592263}, "datetime": {"datetime": "2024-01-20 16:08:46", "elapsed": 6284.241245, "delta": 0.005726}}
{"target": -15.152199538759527, "params": {"colsample_bytree": 0.6106390316694654, "eta": 0.033135541233180105, "gamma": 588.8911223553325, "max_depth": 5.0, "min_child_weight": 4208.556324971455, "num_boost_round": 71.0, "subsample": 0.34019378442592263}, "datetime": {"datetime": "2024-01-20 16:08:46", "elapsed": 6284.24691, "delta": 0.005665}}
{"target": -15.152340626831013, "params": {"colsample_bytree": 0.6106390316694654, "eta": 0.033135541233180105, "gamma": 588.8911223553325, "max_depth": 5.0, "min_child_weight": 4208.556324971455, "num_boost_round": 72.0, "subsample": 0.34019378442592263}, "datetime": {"datetime": "2024-01-20 16:08:46", "elapsed": 6284.25257, "delta": 0.00566}}
{"target": -15.152155287759815, "params": {"colsample_bytree": 0.6106390316694654, "eta": 0.033135541233180105, "gamma": 588.8911223553325, "max_depth": 5.0, "min_child_weight": 4208.556324971455, "num_boost_round": 73.0, "subsample": 0.34019378442592263}, "datetime": {"datetime": "2024-01-20 16:08:46", "elapsed": 6284.25863, "delta": 0.00606}}
{"target": -15.152005182886136, "params": {"colsample_bytree": 0.6106390316694654, "eta": 0.033135541233180105, "gamma": 588.8911223553325, "max_depth": 5.0, "min_child_weight": 4208.556324971455, "num_boost_round": 74.0, "subsample": 0.34019378442592263}, "datetime": {"datetime": "2024-01-20 16:08:46", "elapsed": 6284.264778, "delta": 0.006148}}
{"target": -15.152224142100408, "params": {"colsample_bytree": 0.6106390316694654, "eta": 0.033135541233180105, "gamma": 588.8911223553325, "max_depth": 5.0, "min_child_weight": 4208.556324971455, "num_boost_round": 75.0, "subsample": 0.34019378442592263}, "datetime": {"datetime": "2024-01-20 16:08:46", "elapsed": 6284.271265, "delta": 0.006487}}
{"target": -15.1523255498628, "params": {"colsample_bytree": 0.6106390316694654, "eta": 0.033135541233180105, "gamma": 588.8911223553325, "max_depth": 5.0, "min_child_weight": 4208.556324971455, "num_boost_round": 76.0, "subsample": 0.34019378442592263}, "datetime": {"datetime": "2024-01-20 16:08:46", "elapsed": 6284.277532, "delta": 0.006267}}
{"target": -15.152216061667655, "params": {"colsample_bytree": 0.6106390316694654, "eta": 0.033135541233180105, "gamma": 588.8911223553325, "max_depth": 5.0, "min_child_weight": 4208.556324971455, "num_boost_round": 77.0, "subsample": 0.34019378442592263}, "datetime": {"datetime": "2024-01-20 16:08:46", "elapsed": 6284.283702, "delta": 0.00617}}
{"target": -15.152154396675119, "params": {"colsample_bytree": 0.6106390316694654, "eta": 0.033135541233180105, "gamma": 588.8911223553325, "max_depth": 5.0, "min_child_weight": 4208.556324971455, "num_boost_round": 78.0, "subsample": 0.34019378442592263}, "datetime": {"datetime": "2024-01-20 16:08:46", "elapsed": 6284.28983, "delta": 0.006128}}
{"target": -15.152142547857231, "params": {"colsample_bytree": 0.6106390316694654, "eta": 0.033135541233180105, "gamma": 588.8911223553325, "max_depth": 5.0, "min_child_weight": 4208.556324971455, "num_boost_round": 79.0, "subsample": 0.34019378442592263}, "datetime": {"datetime": "2024-01-20 16:08:46", "elapsed": 6284.295869, "delta": 0.006039}}
{"target": -15.152411376960874, "params": {"colsample_bytree": 0.6106390316694654, "eta": 0.033135541233180105, "gamma": 588.8911223553325, "max_depth": 5.0, "min_child_weight": 4208.556324971455, "num_boost_round": 80.0, "subsample": 0.34019378442592263}, "datetime": {"datetime": "2024-01-20 16:08:46", "elapsed": 6284.30218, "delta": 0.006311}}
{"target": -15.152667257228455, "params": {"colsample_bytree": 0.6106390316694654, "eta": 0.033135541233180105, "gamma": 588.8911223553325, "max_depth": 5.0, "min_child_weight": 4208.556324971455, "num_boost_round": 81.0, "subsample": 0.34019378442592263}, "datetime": {"datetime": "2024-01-20 16:08:46", "elapsed": 6284.308341, "delta": 0.006161}}
{"target": -15.152771805706934, "params": {"colsample_bytree": 0.6106390316694654, "eta": 0.033135541233180105, "gamma": 588.8911223553325, "max_depth": 5.0, "min_child_weight": 4208.556324971455, "num_boost_round": 82.0, "subsample": 0.34019378442592263}, "datetime": {"datetime": "2024-01-20 16:08:46", "elapsed": 6284.315059, "delta": 0.006718}}
{"target": -15.152914568982936, "params": {"colsample_bytree": 0.6106390316694654, "eta": 0.033135541233180105, "gamma": 588.8911223553325, "max_depth": 5.0, "min_child_weight": 4208.556324971455, "num_boost_round": 83.0, "subsample": 0.34019378442592263}, "datetime": {"datetime": "2024-01-20 16:08:46", "elapsed": 6284.321203, "delta": 0.006144}}
{"target": -15.15276919219498, "params": {"colsample_bytree": 0.6106390316694654, "eta": 0.033135541233180105, "gamma": 588.8911223553325, "max_depth": 5.0, "min_child_weight": 4208.556324971455, "num_boost_round": 84.0, "subsample": 0.34019378442592263}, "datetime": {"datetime": "2024-01-20 16:08:46", "elapsed": 6284.327023, "delta": 0.00582}}
{"target": -15.152781778162492, "params": {"colsample_bytree": 0.6106390316694654, "eta": 0.033135541233180105, "gamma": 588.8911223553325, "max_depth": 5.0, "min_child_weight": 4208.556324971455, "num_boost_round": 85.0, "subsample": 0.34019378442592263}, "datetime": {"datetime": "2024-01-20 16:08:46", "elapsed": 6284.332969, "delta": 0.005946}}
{"target": -15.152793354328917, "params": {"colsample_bytree": 0.6106390316694654, "eta": 0.033135541233180105, "gamma": 588.8911223553325, "max_depth": 5.0, "min_child_weight": 4208.556324971455, "num_boost_round": 86.0, "subsample": 0.34019378442592263}, "datetime": {"datetime": "2024-01-20 16:08:46", "elapsed": 6284.339002, "delta": 0.006033}}
{"target": -15.15297059839546, "params": {"colsample_bytree": 0.6106390316694654, "eta": 0.033135541233180105, "gamma": 588.8911223553325, "max_depth": 5.0, "min_child_weight": 4208.556324971455, "num_boost_round": 87.0, "subsample": 0.34019378442592263}, "datetime": {"datetime": "2024-01-20 16:08:46", "elapsed": 6284.344825, "delta": 0.005823}}
{"target": -15.15317891597584, "params": {"colsample_bytree": 0.6106390316694654, "eta": 0.033135541233180105, "gamma": 588.8911223553325, "max_depth": 5.0, "min_child_weight": 4208.556324971455, "num_boost_round": 88.0, "subsample": 0.34019378442592263}, "datetime": {"datetime": "2024-01-20 16:08:46", "elapsed": 6284.350485, "delta": 0.00566}}
{"target": -15.15320204014909, "params": {"colsample_bytree": 0.6106390316694654, "eta": 0.033135541233180105, "gamma": 588.8911223553325, "max_depth": 5.0, "min_child_weight": 4208.556324971455, "num_boost_round": 89.0, "subsample": 0.34019378442592263}, "datetime": {"datetime": "2024-01-20 16:08:46", "elapsed": 6284.356448, "delta": 0.005963}}
{"target": -15.153223008576491, "params": {"colsample_bytree": 0.6106390316694654, "eta": 0.033135541233180105, "gamma": 588.8911223553325, "max_depth": 5.0, "min_child_weight": 4208.556324971455, "num_boost_round": 90.0, "subsample": 0.34019378442592263}, "datetime": {"datetime": "2024-01-20 16:08:46", "elapsed": 6284.362525, "delta": 0.006077}}
{"target": -15.153289541423469, "params": {"colsample_bytree": 0.6106390316694654, "eta": 0.033135541233180105, "gamma": 588.8911223553325, "max_depth": 5.0, "min_child_weight": 4208.556324971455, "num_boost_round": 91.0, "subsample": 0.34019378442592263}, "datetime": {"datetime": "2024-01-20 16:08:46", "elapsed": 6284.368366, "delta": 0.005841}}
{"target": -15.171065421537794, "params": {"colsample_bytree": 0.16375575678586018, "eta": 0.07470165384932119, "gamma": 517.2494027331303, "max_depth": 7.0, "min_child_weight": 4173.687564526755, "num_boost_round": 1.0, "subsample": 0.2403883724503753}, "datetime": {"datetime": "2024-01-20 16:10:30", "elapsed": 6387.480636, "delta": 103.11227}}
{"target": -15.16955262856199, "params": {"colsample_bytree": 0.16375575678586018, "eta": 0.07470165384932119, "gamma": 517.2494027331303, "max_depth": 7.0, "min_child_weight": 4173.687564526755, "num_boost_round": 2.0, "subsample": 0.2403883724503753}, "datetime": {"datetime": "2024-01-20 16:10:30", "elapsed": 6387.4877, "delta": 0.007064}}
{"target": -15.167577383709887, "params": {"colsample_bytree": 0.16375575678586018, "eta": 0.07470165384932119, "gamma": 517.2494027331303, "max_depth": 7.0, "min_child_weight": 4173.687564526755, "num_boost_round": 3.0, "subsample": 0.2403883724503753}, "datetime": {"datetime": "2024-01-20 16:10:30", "elapsed": 6387.493765, "delta": 0.006065}}
{"target": -15.168091940385558, "params": {"colsample_bytree": 0.16375575678586018, "eta": 0.07470165384932119, "gamma": 517.2494027331303, "max_depth": 7.0, "min_child_weight": 4173.687564526755, "num_boost_round": 4.0, "subsample": 0.2403883724503753}, "datetime": {"datetime": "2024-01-20 16:10:30", "elapsed": 6387.499899, "delta": 0.006134}}
{"target": -15.165659821415986, "params": {"colsample_bytree": 0.16375575678586018, "eta": 0.07470165384932119, "gamma": 517.2494027331303, "max_depth": 7.0, "min_child_weight": 4173.687564526755, "num_boost_round": 5.0, "subsample": 0.2403883724503753}, "datetime": {"datetime": "2024-01-20 16:10:30", "elapsed": 6387.505979, "delta": 0.00608}}
{"target": -15.164265604132748, "params": {"colsample_bytree": 0.16375575678586018, "eta": 0.07470165384932119, "gamma": 517.2494027331303, "max_depth": 7.0, "min_child_weight": 4173.687564526755, "num_boost_round": 6.0, "subsample": 0.2403883724503753}, "datetime": {"datetime": "2024-01-20 16:10:30", "elapsed": 6387.512612, "delta": 0.006633}}
{"target": -15.163239852958148, "params": {"colsample_bytree": 0.16375575678586018, "eta": 0.07470165384932119, "gamma": 517.2494027331303, "max_depth": 7.0, "min_child_weight": 4173.687564526755, "num_boost_round": 7.0, "subsample": 0.2403883724503753}, "datetime": {"datetime": "2024-01-20 16:10:30", "elapsed": 6387.519013, "delta": 0.006401}}
{"target": -15.161714884683054, "params": {"colsample_bytree": 0.16375575678586018, "eta": 0.07470165384932119, "gamma": 517.2494027331303, "max_depth": 7.0, "min_child_weight": 4173.687564526755, "num_boost_round": 8.0, "subsample": 0.2403883724503753}, "datetime": {"datetime": "2024-01-20 16:10:30", "elapsed": 6387.525226, "delta": 0.006213}}
{"target": -15.161470865175788, "params": {"colsample_bytree": 0.16375575678586018, "eta": 0.07470165384932119, "gamma": 517.2494027331303, "max_depth": 7.0, "min_child_weight": 4173.687564526755, "num_boost_round": 9.0, "subsample": 0.2403883724503753}, "datetime": {"datetime": "2024-01-20 16:10:30", "elapsed": 6387.531474, "delta": 0.006248}}
{"target": -15.160626662559434, "params": {"colsample_bytree": 0.16375575678586018, "eta": 0.07470165384932119, "gamma": 517.2494027331303, "max_depth": 7.0, "min_child_weight": 4173.687564526755, "num_boost_round": 10.0, "subsample": 0.2403883724503753}, "datetime": {"datetime": "2024-01-20 16:10:30", "elapsed": 6387.537527, "delta": 0.006053}}
{"target": -15.160509135277572, "params": {"colsample_bytree": 0.16375575678586018, "eta": 0.07470165384932119, "gamma": 517.2494027331303, "max_depth": 7.0, "min_child_weight": 4173.687564526755, "num_boost_round": 11.0, "subsample": 0.2403883724503753}, "datetime": {"datetime": "2024-01-20 16:10:30", "elapsed": 6387.543935, "delta": 0.006408}}
{"target": -15.160281330182837, "params": {"colsample_bytree": 0.16375575678586018, "eta": 0.07470165384932119, "gamma": 517.2494027331303, "max_depth": 7.0, "min_child_weight": 4173.687564526755, "num_boost_round": 12.0, "subsample": 0.2403883724503753}, "datetime": {"datetime": "2024-01-20 16:10:30", "elapsed": 6387.550168, "delta": 0.006233}}
{"target": -15.160594136495472, "params": {"colsample_bytree": 0.16375575678586018, "eta": 0.07470165384932119, "gamma": 517.2494027331303, "max_depth": 7.0, "min_child_weight": 4173.687564526755, "num_boost_round": 13.0, "subsample": 0.2403883724503753}, "datetime": {"datetime": "2024-01-20 16:10:30", "elapsed": 6387.556197, "delta": 0.006029}}
{"target": -15.16033779793958, "params": {"colsample_bytree": 0.16375575678586018, "eta": 0.07470165384932119, "gamma": 517.2494027331303, "max_depth": 7.0, "min_child_weight": 4173.687564526755, "num_boost_round": 14.0, "subsample": 0.2403883724503753}, "datetime": {"datetime": "2024-01-20 16:10:30", "elapsed": 6387.562077, "delta": 0.00588}}
{"target": -15.160352167226865, "params": {"colsample_bytree": 0.16375575678586018, "eta": 0.07470165384932119, "gamma": 517.2494027331303, "max_depth": 7.0, "min_child_weight": 4173.687564526755, "num_boost_round": 15.0, "subsample": 0.2403883724503753}, "datetime": {"datetime": "2024-01-20 16:10:30", "elapsed": 6387.567747, "delta": 0.00567}}
{"target": -15.15958299481862, "params": {"colsample_bytree": 0.16375575678586018, "eta": 0.07470165384932119, "gamma": 517.2494027331303, "max_depth": 7.0, "min_child_weight": 4173.687564526755, "num_boost_round": 16.0, "subsample": 0.2403883724503753}, "datetime": {"datetime": "2024-01-20 16:10:30", "elapsed": 6387.573606, "delta": 0.005859}}
{"target": -15.158087043139034, "params": {"colsample_bytree": 0.16375575678586018, "eta": 0.07470165384932119, "gamma": 517.2494027331303, "max_depth": 7.0, "min_child_weight": 4173.687564526755, "num_boost_round": 17.0, "subsample": 0.2403883724503753}, "datetime": {"datetime": "2024-01-20 16:10:30", "elapsed": 6387.579741, "delta": 0.006135}}
{"target": -15.158123775111996, "params": {"colsample_bytree": 0.16375575678586018, "eta": 0.07470165384932119, "gamma": 517.2494027331303, "max_depth": 7.0, "min_child_weight": 4173.687564526755, "num_boost_round": 18.0, "subsample": 0.2403883724503753}, "datetime": {"datetime": "2024-01-20 16:10:30", "elapsed": 6387.585786, "delta": 0.006045}}
{"target": -15.157341261126025, "params": {"colsample_bytree": 0.16375575678586018, "eta": 0.07470165384932119, "gamma": 517.2494027331303, "max_depth": 7.0, "min_child_weight": 4173.687564526755, "num_boost_round": 19.0, "subsample": 0.2403883724503753}, "datetime": {"datetime": "2024-01-20 16:10:30", "elapsed": 6387.591955, "delta": 0.006169}}
{"target": -15.157290302226553, "params": {"colsample_bytree": 0.16375575678586018, "eta": 0.07470165384932119, "gamma": 517.2494027331303, "max_depth": 7.0, "min_child_weight": 4173.687564526755, "num_boost_round": 20.0, "subsample": 0.2403883724503753}, "datetime": {"datetime": "2024-01-20 16:10:30", "elapsed": 6387.59864, "delta": 0.006685}}
