{"target": -13.50208850804404, "params": {"colsample_bytree": 0.8379731057293175, "eta": 0.03724320198022017, "gamma": 654.1114648337368, "max_depth": 5.0, "min_child_weight": 4387.1332548378805, "num_boost_round": 76.0, "subsample": 0.7719918846691802}, "datetime": {"datetime": "2024-01-20 15:06:02", "elapsed": 2515.858165, "delta": 0.003745}}
{"target": -13.502107388374156, "params": {"colsample_bytree": 0.8379731057293175, "eta": 0.03724320198022017, "gamma": 654.1114648337368, "max_depth": 5.0, "min_child_weight": 4387.1332548378805, "num_boost_round": 77.0, "subsample": 0.7719918846691802}, "datetime": {"datetime": "2024-01-20 15:06:02", "elapsed": 2515.861973, "delta": 0.003808}}
{"target": -13.50200089846135, "params": {"colsample_bytree": 0.8379731057293175, "eta": 0.03724320198022017, "gamma": 654.1114648337368, "max_depth": 5.0, "min_child_weight": 4387.1332548378805, "num_boost_round": 78.0, "subsample": 0.7719918846691802}, "datetime": {"datetime": "2024-01-20 15:06:02", "elapsed": 2515.865799, "delta": 0.003826}}
{"target": -13.502054678699182, "params": {"colsample_bytree": 0.8379731057293175, "eta": 0.03724320198022017, "gamma": 654.1114648337368, "max_depth": 5.0, "min_child_weight": 4387.1332548378805, "num_boost_round": 79.0, "subsample": 0.7719918846691802}, "datetime": {"datetime": "2024-01-20 15:06:02", "elapsed": 2515.869579, "delta": 0.00378}}
{"target": -13.502099124284513, "params": {"colsample_bytree": 0.8379731057293175, "eta": 0.03724320198022017, "gamma": 654.1114648337368, "max_depth": 5.0, "min_child_weight": 4387.1332548378805, "num_boost_round": 80.0, "subsample": 0.7719918846691802}, "datetime": {"datetime": "2024-01-20 15:06:02", "elapsed": 2515.873457, "delta": 0.003878}}
{"target": -13.50233892356746, "params": {"colsample_bytree": 0.8379731057293175, "eta": 0.03724320198022017, "gamma": 654.1114648337368, "max_depth": 5.0, "min_child_weight": 4387.1332548378805, "num_boost_round": 81.0, "subsample": 0.7719918846691802}, "datetime": {"datetime": "2024-01-20 15:06:02", "elapsed": 2515.877175, "delta": 0.003718}}
{"target": -13.502449504010798, "params": {"colsample_bytree": 0.8379731057293175, "eta": 0.03724320198022017, "gamma": 654.1114648337368, "max_depth": 5.0, "min_child_weight": 4387.1332548378805, "num_boost_round": 82.0, "subsample": 0.7719918846691802}, "datetime": {"datetime": "2024-01-20 15:06:02", "elapsed": 2515.880922, "delta": 0.003747}}
{"target": -13.502522965674284, "params": {"colsample_bytree": 0.8379731057293175, "eta": 0.03724320198022017, "gamma": 654.1114648337368, "max_depth": 5.0, "min_child_weight": 4387.1332548378805, "num_boost_round": 83.0, "subsample": 0.7719918846691802}, "datetime": {"datetime": "2024-01-20 15:06:02", "elapsed": 2515.884628, "delta": 0.003706}}
{"target": -13.502457278099314, "params": {"colsample_bytree": 0.8379731057293175, "eta": 0.03724320198022017, "gamma": 654.1114648337368, "max_depth": 5.0, "min_child_weight": 4387.1332548378805, "num_boost_round": 84.0, "subsample": 0.7719918846691802}, "datetime": {"datetime": "2024-01-20 15:06:02", "elapsed": 2515.88831, "delta": 0.003682}}
{"target": -13.50253234564908, "params": {"colsample_bytree": 0.8379731057293175, "eta": 0.03724320198022017, "gamma": 654.1114648337368, "max_depth": 5.0, "min_child_weight": 4387.1332548378805, "num_boost_round": 85.0, "subsample": 0.7719918846691802}, "datetime": {"datetime": "2024-01-20 15:06:02", "elapsed": 2515.891988, "delta": 0.003678}}
{"target": -13.502617240962868, "params": {"colsample_bytree": 0.8379731057293175, "eta": 0.03724320198022017, "gamma": 654.1114648337368, "max_depth": 5.0, "min_child_weight": 4387.1332548378805, "num_boost_round": 86.0, "subsample": 0.7719918846691802}, "datetime": {"datetime": "2024-01-20 15:06:02", "elapsed": 2515.895806, "delta": 0.003818}}
{"target": -13.502690530967325, "params": {"colsample_bytree": 0.8379731057293175, "eta": 0.03724320198022017, "gamma": 654.1114648337368, "max_depth": 5.0, "min_child_weight": 4387.1332548378805, "num_boost_round": 87.0, "subsample": 0.7719918846691802}, "datetime": {"datetime": "2024-01-20 15:06:02", "elapsed": 2515.899505, "delta": 0.003699}}
{"target": -13.502801432640656, "params": {"colsample_bytree": 0.8379731057293175, "eta": 0.03724320198022017, "gamma": 654.1114648337368, "max_depth": 5.0, "min_child_weight": 4387.1332548378805, "num_boost_round": 88.0, "subsample": 0.7719918846691802}, "datetime": {"datetime": "2024-01-20 15:06:02", "elapsed": 2515.903175, "delta": 0.00367}}
{"target": -13.50291807517186, "params": {"colsample_bytree": 0.8379731057293175, "eta": 0.03724320198022017, "gamma": 654.1114648337368, "max_depth": 5.0, "min_child_weight": 4387.1332548378805, "num_boost_round": 89.0, "subsample": 0.7719918846691802}, "datetime": {"datetime": "2024-01-20 15:06:02", "elapsed": 2515.906879, "delta": 0.003704}}
{"target": -13.5029714626478, "params": {"colsample_bytree": 0.8379731057293175, "eta": 0.03724320198022017, "gamma": 654.1114648337368, "max_depth": 5.0, "min_child_weight": 4387.1332548378805, "num_boost_round": 90.0, "subsample": 0.7719918846691802}, "datetime": {"datetime": "2024-01-20 15:06:02", "elapsed": 2515.910647, "delta": 0.003768}}
{"target": -13.502905216310594, "params": {"colsample_bytree": 0.8379731057293175, "eta": 0.03724320198022017, "gamma": 654.1114648337368, "max_depth": 5.0, "min_child_weight": 4387.1332548378805, "num_boost_round": 91.0, "subsample": 0.7719918846691802}, "datetime": {"datetime": "2024-01-20 15:06:02", "elapsed": 2515.914441, "delta": 0.003794}}
{"target": -13.503025063537741, "params": {"colsample_bytree": 0.8379731057293175, "eta": 0.03724320198022017, "gamma": 654.1114648337368, "max_depth": 5.0, "min_child_weight": 4387.1332548378805, "num_boost_round": 92.0, "subsample": 0.7719918846691802}, "datetime": {"datetime": "2024-01-20 15:06:02", "elapsed": 2515.918526, "delta": 0.004085}}
{"target": -13.503030908451905, "params": {"colsample_bytree": 0.8379731057293175, "eta": 0.03724320198022017, "gamma": 654.1114648337368, "max_depth": 5.0, "min_child_weight": 4387.1332548378805, "num_boost_round": 93.0, "subsample": 0.7719918846691802}, "datetime": {"datetime": "2024-01-20 15:06:02", "elapsed": 2515.922363, "delta": 0.003837}}
{"target": -13.503139603531555, "params": {"colsample_bytree": 0.8379731057293175, "eta": 0.03724320198022017, "gamma": 654.1114648337368, "max_depth": 5.0, "min_child_weight": 4387.1332548378805, "num_boost_round": 94.0, "subsample": 0.7719918846691802}, "datetime": {"datetime": "2024-01-20 15:06:02", "elapsed": 2515.926068, "delta": 0.003705}}
{"target": -13.503140992346262, "params": {"colsample_bytree": 0.8379731057293175, "eta": 0.03724320198022017, "gamma": 654.1114648337368, "max_depth": 5.0, "min_child_weight": 4387.1332548378805, "num_boost_round": 95.0, "subsample": 0.7719918846691802}, "datetime": {"datetime": "2024-01-20 15:06:02", "elapsed": 2515.929759, "delta": 0.003691}}
{"target": -13.503178045743898, "params": {"colsample_bytree": 0.8379731057293175, "eta": 0.03724320198022017, "gamma": 654.1114648337368, "max_depth": 5.0, "min_child_weight": 4387.1332548378805, "num_boost_round": 96.0, "subsample": 0.7719918846691802}, "datetime": {"datetime": "2024-01-20 15:06:02", "elapsed": 2515.933485, "delta": 0.003726}}
{"target": -13.503294731106548, "params": {"colsample_bytree": 0.8379731057293175, "eta": 0.03724320198022017, "gamma": 654.1114648337368, "max_depth": 5.0, "min_child_weight": 4387.1332548378805, "num_boost_round": 97.0, "subsample": 0.7719918846691802}, "datetime": {"datetime": "2024-01-20 15:06:02", "elapsed": 2515.937208, "delta": 0.003723}}
{"target": -13.503359611767593, "params": {"colsample_bytree": 0.8379731057293175, "eta": 0.03724320198022017, "gamma": 654.1114648337368, "max_depth": 5.0, "min_child_weight": 4387.1332548378805, "num_boost_round": 98.0, "subsample": 0.7719918846691802}, "datetime": {"datetime": "2024-01-20 15:06:02", "elapsed": 2515.940988, "delta": 0.00378}}
{"target": -13.503424060780809, "params": {"colsample_bytree": 0.8379731057293175, "eta": 0.03724320198022017, "gamma": 654.1114648337368, "max_depth": 5.0, "min_child_weight": 4387.1332548378805, "num_boost_round": 99.0, "subsample": 0.7719918846691802}, "datetime": {"datetime": "2024-01-20 15:06:02", "elapsed": 2515.944707, "delta": 0.003719}}
{"target": -13.503364406770233, "params": {"colsample_bytree": 0.8379731057293175, "eta": 0.03724320198022017, "gamma": 654.1114648337368, "max_depth": 5.0, "min_child_weight": 4387.1332548378805, "num_boost_round": 100.0, "subsample": 0.7719918846691802}, "datetime": {"datetime": "2024-01-20 15:06:02", "elapsed": 2515.948446, "delta": 0.003739}}
{"target": -13.503354349803043, "params": {"colsample_bytree": 0.8379731057293175, "eta": 0.03724320198022017, "gamma": 654.1114648337368, "max_depth": 5.0, "min_child_weight": 4387.1332548378805, "num_boost_round": 101.0, "subsample": 0.7719918846691802}, "datetime": {"datetime": "2024-01-20 15:06:02", "elapsed": 2515.952222, "delta": 0.003776}}
{"target": -13.503406026462557, "params": {"colsample_bytree": 0.8379731057293175, "eta": 0.03724320198022017, "gamma": 654.1114648337368, "max_depth": 5.0, "min_child_weight": 4387.1332548378805, "num_boost_round": 102.0, "subsample": 0.7719918846691802}, "datetime": {"datetime": "2024-01-20 15:06:02", "elapsed": 2515.955975, "delta": 0.003753}}
{"target": -13.503399422011817, "params": {"colsample_bytree": 0.8379731057293175, "eta": 0.03724320198022017, "gamma": 654.1114648337368, "max_depth": 5.0, "min_child_weight": 4387.1332548378805, "num_boost_round": 103.0, "subsample": 0.7719918846691802}, "datetime": {"datetime": "2024-01-20 15:06:02", "elapsed": 2515.959715, "delta": 0.00374}}
{"target": -13.503460627962232, "params": {"colsample_bytree": 0.8379731057293175, "eta": 0.03724320198022017, "gamma": 654.1114648337368, "max_depth": 5.0, "min_child_weight": 4387.1332548378805, "num_boost_round": 104.0, "subsample": 0.7719918846691802}, "datetime": {"datetime": "2024-01-20 15:06:02", "elapsed": 2515.963444, "delta": 0.003729}}
{"target": -13.50356495750543, "params": {"colsample_bytree": 0.8379731057293175, "eta": 0.03724320198022017, "gamma": 654.1114648337368, "max_depth": 5.0, "min_child_weight": 4387.1332548378805, "num_boost_round": 105.0, "subsample": 0.7719918846691802}, "datetime": {"datetime": "2024-01-20 15:06:02", "elapsed": 2515.967152, "delta": 0.003708}}
{"target": -13.503609187598805, "params": {"colsample_bytree": 0.8379731057293175, "eta": 0.03724320198022017, "gamma": 654.1114648337368, "max_depth": 5.0, "min_child_weight": 4387.1332548378805, "num_boost_round": 106.0, "subsample": 0.7719918846691802}, "datetime": {"datetime": "2024-01-20 15:06:02", "elapsed": 2515.970838, "delta": 0.003686}}
{"target": -13.503624881911488, "params": {"colsample_bytree": 0.8379731057293175, "eta": 0.03724320198022017, "gamma": 654.1114648337368, "max_depth": 5.0, "min_child_weight": 4387.1332548378805, "num_boost_round": 107.0, "subsample": 0.7719918846691802}, "datetime": {"datetime": "2024-01-20 15:06:02", "elapsed": 2515.974577, "delta": 0.003739}}
{"target": -13.503665551742014, "params": {"colsample_bytree": 0.8379731057293175, "eta": 0.03724320198022017, "gamma": 654.1114648337368, "max_depth": 5.0, "min_child_weight": 4387.1332548378805, "num_boost_round": 108.0, "subsample": 0.7719918846691802}, "datetime": {"datetime": "2024-01-20 15:06:02", "elapsed": 2515.978308, "delta": 0.003731}}
{"target": -13.503648921987335, "params": {"colsample_bytree": 0.8379731057293175, "eta": 0.03724320198022017, "gamma": 654.1114648337368, "max_depth": 5.0, "min_child_weight": 4387.1332548378805, "num_boost_round": 109.0, "subsample": 0.7719918846691802}, "datetime": {"datetime": "2024-01-20 15:06:02", "elapsed": 2515.982048, "delta": 0.00374}}
{"target": -13.503634166666023, "params": {"colsample_bytree": 0.8379731057293175, "eta": 0.03724320198022017, "gamma": 654.1114648337368, "max_depth": 5.0, "min_child_weight": 4387.1332548378805, "num_boost_round": 110.0, "subsample": 0.7719918846691802}, "datetime": {"datetime": "2024-01-20 15:06:02", "elapsed": 2515.985788, "delta": 0.00374}}
{"target": -13.503676494226069, "params": {"colsample_bytree": 0.8379731057293175, "eta": 0.03724320198022017, "gamma": 654.1114648337368, "max_depth": 5.0, "min_child_weight": 4387.1332548378805, "num_boost_round": 111.0, "subsample": 0.7719918846691802}, "datetime": {"datetime": "2024-01-20 15:06:02", "elapsed": 2515.989526, "delta": 0.003738}}
{"target": -13.503744135005604, "params": {"colsample_bytree": 0.8379731057293175, "eta": 0.03724320198022017, "gamma": 654.1114648337368, "max_depth": 5.0, "min_child_weight": 4387.1332548378805, "num_boost_round": 112.0, "subsample": 0.7719918846691802}, "datetime": {"datetime": "2024-01-20 15:06:02", "elapsed": 2515.993246, "delta": 0.00372}}
{"target": -13.50374749951087, "params": {"colsample_bytree": 0.8379731057293175, "eta": 0.03724320198022017, "gamma": 654.1114648337368, "max_depth": 5.0, "min_child_weight": 4387.1332548378805, "num_boost_round": 113.0, "subsample": 0.7719918846691802}, "datetime": {"datetime": "2024-01-20 15:06:02", "elapsed": 2515.996978, "delta": 0.003732}}
{"target": -13.503715188071649, "params": {"colsample_bytree": 0.8379731057293175, "eta": 0.03724320198022017, "gamma": 654.1114648337368, "max_depth": 5.0, "min_child_weight": 4387.1332548378805, "num_boost_round": 114.0, "subsample": 0.7719918846691802}, "datetime": {"datetime": "2024-01-20 15:06:02", "elapsed": 2516.000698, "delta": 0.00372}}
{"target": -13.503689883335438, "params": {"colsample_bytree": 0.8379731057293175, "eta": 0.03724320198022017, "gamma": 654.1114648337368, "max_depth": 5.0, "min_child_weight": 4387.1332548378805, "num_boost_round": 115.0, "subsample": 0.7719918846691802}, "datetime": {"datetime": "2024-01-20 15:06:02", "elapsed": 2516.004413, "delta": 0.003715}}
{"target": -13.503651809453704, "params": {"colsample_bytree": 0.8379731057293175, "eta": 0.03724320198022017, "gamma": 654.1114648337368, "max_depth": 5.0, "min_child_weight": 4387.1332548378805, "num_boost_round": 116.0, "subsample": 0.7719918846691802}, "datetime": {"datetime": "2024-01-20 15:06:02", "elapsed": 2516.008173, "delta": 0.00376}}
{"target": -13.503741500289696, "params": {"colsample_bytree": 0.8379731057293175, "eta": 0.03724320198022017, "gamma": 654.1114648337368, "max_depth": 5.0, "min_child_weight": 4387.1332548378805, "num_boost_round": 117.0, "subsample": 0.7719918846691802}, "datetime": {"datetime": "2024-01-20 15:06:02", "elapsed": 2516.011903, "delta": 0.00373}}
{"target": -13.503803757794689, "params": {"colsample_bytree": 0.8379731057293175, "eta": 0.03724320198022017, "gamma": 654.1114648337368, "max_depth": 5.0, "min_child_weight": 4387.1332548378805, "num_boost_round": 118.0, "subsample": 0.7719918846691802}, "datetime": {"datetime": "2024-01-20 15:06:02", "elapsed": 2516.016216, "delta": 0.004313}}
{"target": -13.5038297758779, "params": {"colsample_bytree": 0.8379731057293175, "eta": 0.03724320198022017, "gamma": 654.1114648337368, "max_depth": 5.0, "min_child_weight": 4387.1332548378805, "num_boost_round": 119.0, "subsample": 0.7719918846691802}, "datetime": {"datetime": "2024-01-20 15:06:02", "elapsed": 2516.020699, "delta": 0.004483}}
{"target": -13.503949626508387, "params": {"colsample_bytree": 0.8379731057293175, "eta": 0.03724320198022017, "gamma": 654.1114648337368, "max_depth": 5.0, "min_child_weight": 4387.1332548378805, "num_boost_round": 120.0, "subsample": 0.7719918846691802}, "datetime": {"datetime": "2024-01-20 15:06:02", "elapsed": 2516.02503, "delta": 0.004331}}
{"target": -13.504068829395935, "params": {"colsample_bytree": 0.8379731057293175, "eta": 0.03724320198022017, "gamma": 654.1114648337368, "max_depth": 5.0, "min_child_weight": 4387.1332548378805, "num_boost_round": 121.0, "subsample": 0.7719918846691802}, "datetime": {"datetime": "2024-01-20 15:06:02", "elapsed": 2516.029013, "delta": 0.003983}}
{"target": -13.504019720335506, "params": {"colsample_bytree": 0.8379731057293175, "eta": 0.03724320198022017, "gamma": 654.1114648337368, "max_depth": 5.0, "min_child_weight": 4387.1332548378805, "num_boost_round": 122.0, "subsample": 0.7719918846691802}, "datetime": {"datetime": "2024-01-20 15:06:02", "elapsed": 2516.032822, "delta": 0.003809}}
{"target": -13.50406099724972, "params": {"colsample_bytree": 0.8379731057293175, "eta": 0.03724320198022017, "gamma": 654.1114648337368, "max_depth": 5.0, "min_child_weight": 4387.1332548378805, "num_boost_round": 123.0, "subsample": 0.7719918846691802}, "datetime": {"datetime": "2024-01-20 15:06:02", "elapsed": 2516.03669, "delta": 0.003868}}
{"target": -13.5041696700426, "params": {"colsample_bytree": 0.8379731057293175, "eta": 0.03724320198022017, "gamma": 654.1114648337368, "max_depth": 5.0, "min_child_weight": 4387.1332548378805, "num_boost_round": 124.0, "subsample": 0.7719918846691802}, "datetime": {"datetime": "2024-01-20 15:06:02", "elapsed": 2516.040544, "delta": 0.003854}}
{"target": -13.504235289072675, "params": {"colsample_bytree": 0.8379731057293175, "eta": 0.03724320198022017, "gamma": 654.1114648337368, "max_depth": 5.0, "min_child_weight": 4387.1332548378805, "num_boost_round": 125.0, "subsample": 0.7719918846691802}, "datetime": {"datetime": "2024-01-20 15:06:02", "elapsed": 2516.044377, "delta": 0.003833}}
{"target": -13.504261266064125, "params": {"colsample_bytree": 0.8379731057293175, "eta": 0.03724320198022017, "gamma": 654.1114648337368, "max_depth": 5.0, "min_child_weight": 4387.1332548378805, "num_boost_round": 126.0, "subsample": 0.7719918846691802}, "datetime": {"datetime": "2024-01-20 15:06:02", "elapsed": 2516.048094, "delta": 0.003717}}
{"target": -13.50422131352638, "params": {"colsample_bytree": 0.8379731057293175, "eta": 0.03724320198022017, "gamma": 654.1114648337368, "max_depth": 5.0, "min_child_weight": 4387.1332548378805, "num_boost_round": 127.0, "subsample": 0.7719918846691802}, "datetime": {"datetime": "2024-01-20 15:06:02", "elapsed": 2516.051818, "delta": 0.003724}}
{"target": -13.504232511173814, "params": {"colsample_bytree": 0.8379731057293175, "eta": 0.03724320198022017, "gamma": 654.1114648337368, "max_depth": 5.0, "min_child_weight": 4387.1332548378805, "num_boost_round": 128.0, "subsample": 0.7719918846691802}, "datetime": {"datetime": "2024-01-20 15:06:02", "elapsed": 2516.055562, "delta": 0.003744}}
{"target": -13.50429655338377, "params": {"colsample_bytree": 0.8379731057293175, "eta": 0.03724320198022017, "gamma": 654.1114648337368, "max_depth": 5.0, "min_child_weight": 4387.1332548378805, "num_boost_round": 129.0, "subsample": 0.7719918846691802}, "datetime": {"datetime": "2024-01-20 15:06:02", "elapsed": 2516.059286, "delta": 0.003724}}
{"target": -13.504333698537664, "params": {"colsample_bytree": 0.8379731057293175, "eta": 0.03724320198022017, "gamma": 654.1114648337368, "max_depth": 5.0, "min_child_weight": 4387.1332548378805, "num_boost_round": 130.0, "subsample": 0.7719918846691802}, "datetime": {"datetime": "2024-01-20 15:06:02", "elapsed": 2516.063003, "delta": 0.003717}}
{"target": -13.504529730082709, "params": {"colsample_bytree": 0.8379731057293175, "eta": 0.03724320198022017, "gamma": 654.1114648337368, "max_depth": 5.0, "min_child_weight": 4387.1332548378805, "num_boost_round": 131.0, "subsample": 0.7719918846691802}, "datetime": {"datetime": "2024-01-20 15:06:02", "elapsed": 2516.066734, "delta": 0.003731}}
{"target": -13.504689448725717, "params": {"colsample_bytree": 0.8379731057293175, "eta": 0.03724320198022017, "gamma": 654.1114648337368, "max_depth": 5.0, "min_child_weight": 4387.1332548378805, "num_boost_round": 132.0, "subsample": 0.7719918846691802}, "datetime": {"datetime": "2024-01-20 15:06:02", "elapsed": 2516.070472, "delta": 0.003738}}
{"target": -13.504676320121686, "params": {"colsample_bytree": 0.8379731057293175, "eta": 0.03724320198022017, "gamma": 654.1114648337368, "max_depth": 5.0, "min_child_weight": 4387.1332548378805, "num_boost_round": 133.0, "subsample": 0.7719918846691802}, "datetime": {"datetime": "2024-01-20 15:06:02", "elapsed": 2516.074211, "delta": 0.003739}}
{"target": -13.50472001674644, "params": {"colsample_bytree": 0.8379731057293175, "eta": 0.03724320198022017, "gamma": 654.1114648337368, "max_depth": 5.0, "min_child_weight": 4387.1332548378805, "num_boost_round": 134.0, "subsample": 0.7719918846691802}, "datetime": {"datetime": "2024-01-20 15:06:02", "elapsed": 2516.077949, "delta": 0.003738}}
{"target": -13.50468989531885, "params": {"colsample_bytree": 0.8379731057293175, "eta": 0.03724320198022017, "gamma": 654.1114648337368, "max_depth": 5.0, "min_child_weight": 4387.1332548378805, "num_boost_round": 135.0, "subsample": 0.7719918846691802}, "datetime": {"datetime": "2024-01-20 15:06:02", "elapsed": 2516.081698, "delta": 0.003749}}
{"target": -13.504708966712503, "params": {"colsample_bytree": 0.8379731057293175, "eta": 0.03724320198022017, "gamma": 654.1114648337368, "max_depth": 5.0, "min_child_weight": 4387.1332548378805, "num_boost_round": 136.0, "subsample": 0.7719918846691802}, "datetime": {"datetime": "2024-01-20 15:06:02", "elapsed": 2516.085418, "delta": 0.00372}}
{"target": -13.504732662152634, "params": {"colsample_bytree": 0.8379731057293175, "eta": 0.03724320198022017, "gamma": 654.1114648337368, "max_depth": 5.0, "min_child_weight": 4387.1332548378805, "num_boost_round": 137.0, "subsample": 0.7719918846691802}, "datetime": {"datetime": "2024-01-20 15:06:02", "elapsed": 2516.089163, "delta": 0.003745}}
{"target": -13.504722189490167, "params": {"colsample_bytree": 0.8379731057293175, "eta": 0.03724320198022017, "gamma": 654.1114648337368, "max_depth": 5.0, "min_child_weight": 4387.1332548378805, "num_boost_round": 138.0, "subsample": 0.7719918846691802}, "datetime": {"datetime": "2024-01-20 15:06:02", "elapsed": 2516.092917, "delta": 0.003754}}
