{"target": -13.772691296614246, "params": {"colsample_bytree": 0.47646931845919127, "eta": 0.0864128804397871, "gamma": 557.3831249805027, "max_depth": 7.0, "min_child_weight": 4577.512576686437, "num_boost_round": 32.0, "subsample": 0.3057401207630499}, "datetime": {"datetime": "2024-01-20 16:40:50", "elapsed": 8211.315369, "delta": 0.002935}}
{"target": -13.773798993686224, "params": {"colsample_bytree": 0.47646931845919127, "eta": 0.0864128804397871, "gamma": 557.3831249805027, "max_depth": 7.0, "min_child_weight": 4577.512576686437, "num_boost_round": 33.0, "subsample": 0.3057401207630499}, "datetime": {"datetime": "2024-01-20 16:40:50", "elapsed": 8211.31829, "delta": 0.002921}}
{"target": -13.774457149176717, "params": {"colsample_bytree": 0.47646931845919127, "eta": 0.0864128804397871, "gamma": 557.3831249805027, "max_depth": 7.0, "min_child_weight": 4577.512576686437, "num_boost_round": 34.0, "subsample": 0.3057401207630499}, "datetime": {"datetime": "2024-01-20 16:40:50", "elapsed": 8211.321296, "delta": 0.003006}}
{"target": -13.775217085390853, "params": {"colsample_bytree": 0.47646931845919127, "eta": 0.0864128804397871, "gamma": 557.3831249805027, "max_depth": 7.0, "min_child_weight": 4577.512576686437, "num_boost_round": 35.0, "subsample": 0.3057401207630499}, "datetime": {"datetime": "2024-01-20 16:40:50", "elapsed": 8211.324244, "delta": 0.002948}}
{"target": -13.731622603810234, "params": {"colsample_bytree": 0.48968771750233653, "eta": 0.048492008611809044, "gamma": 228.96148487589986, "max_depth": 5.0, "min_child_weight": 3373.202515488116, "num_boost_round": 1.0, "subsample": 0.9471976505303293}, "datetime": {"datetime": "2024-01-20 16:41:12", "elapsed": 8233.408044, "delta": 22.0838}}
{"target": -13.732427500702524, "params": {"colsample_bytree": 0.6136456184883663, "eta": 0.09087072355206058, "gamma": 999.5301669632446, "max_depth": 2.0, "min_child_weight": 4351.007321076836, "num_boost_round": 1.0, "subsample": 0.9328780416628915}, "datetime": {"datetime": "2024-01-20 16:41:47", "elapsed": 8268.222824, "delta": 34.81478}}
{"target": -13.731820147590517, "params": {"colsample_bytree": 0.534744036628018, "eta": 0.07528542754251971, "gamma": 226.48568056148943, "max_depth": 5.0, "min_child_weight": 4217.090829295743, "num_boost_round": 1.0, "subsample": 0.15714196575920306}, "datetime": {"datetime": "2024-01-20 16:42:35", "elapsed": 8315.998687, "delta": 47.775863}}
{"target": -13.732547708219643, "params": {"colsample_bytree": 0.534744036628018, "eta": 0.07528542754251971, "gamma": 226.48568056148943, "max_depth": 5.0, "min_child_weight": 4217.090829295743, "num_boost_round": 2.0, "subsample": 0.15714196575920306}, "datetime": {"datetime": "2024-01-20 16:42:35", "elapsed": 8316.002231, "delta": 0.003544}}
{"target": -13.732269197908588, "params": {"colsample_bytree": 0.7043084709549465, "eta": 0.09018950415674586, "gamma": 470.1695349799395, "max_depth": 4.0, "min_child_weight": 3763.189939251978, "num_boost_round": 1.0, "subsample": 0.6862750000711517}, "datetime": {"datetime": "2024-01-20 16:42:59", "elapsed": 8339.972918, "delta": 23.970687}}
{"target": -13.733842121009456, "params": {"colsample_bytree": 0.7043084709549465, "eta": 0.09018950415674586, "gamma": 470.1695349799395, "max_depth": 4.0, "min_child_weight": 3763.189939251978, "num_boost_round": 2.0, "subsample": 0.6862750000711517}, "datetime": {"datetime": "2024-01-20 16:42:59", "elapsed": 8339.978372, "delta": 0.005454}}
{"target": -13.731451192249931, "params": {"colsample_bytree": 0.4164424356843256, "eta": 0.06307145268398, "gamma": 130.04790715236058, "max_depth": 2.0, "min_child_weight": 4370.267982864152, "num_boost_round": 1.0, "subsample": 0.9945017871431132}, "datetime": {"datetime": "2024-01-20 16:43:28", "elapsed": 8369.698594, "delta": 29.720222}}
{"target": -13.73131639025668, "params": {"colsample_bytree": 0.3165016824999083, "eta": 0.034022980219726016, "gamma": 874.8857315589688, "max_depth": 6.0, "min_child_weight": 3906.8388843114835, "num_boost_round": 1.0, "subsample": 0.5189727701826228}, "datetime": {"datetime": "2024-01-20 16:43:55", "elapsed": 8396.357601, "delta": 26.659007}}
{"target": -13.73197885432528, "params": {"colsample_bytree": 0.36177857526155655, "eta": 0.08775694642383686, "gamma": 639.5588169936947, "max_depth": 5.0, "min_child_weight": 3569.7498003780365, "num_boost_round": 1.0, "subsample": 0.44106339365890845}, "datetime": {"datetime": "2024-01-20 16:44:21", "elapsed": 8422.325474, "delta": 25.967873}}
{"target": -13.733168253132543, "params": {"colsample_bytree": 0.36177857526155655, "eta": 0.08775694642383686, "gamma": 639.5588169936947, "max_depth": 5.0, "min_child_weight": 3569.7498003780365, "num_boost_round": 2.0, "subsample": 0.44106339365890845}, "datetime": {"datetime": "2024-01-20 16:44:21", "elapsed": 8422.329906, "delta": 0.004432}}
{"target": -13.731231244448313, "params": {"colsample_bytree": 0.16965826989615573, "eta": 0.03143035750826839, "gamma": 437.9916818574686, "max_depth": 6.0, "min_child_weight": 3571.535761145881, "num_boost_round": 1.0, "subsample": 0.45308747844977204}, "datetime": {"datetime": "2024-01-20 16:44:44", "elapsed": 8444.94339, "delta": 22.613484}}
{"target": -13.73105408722013, "params": {"colsample_bytree": 0.5112242952677044, "eta": 0.002684333260577291, "gamma": 461.8263014950008, "max_depth": 5.0, "min_child_weight": 4378.151804402945, "num_boost_round": 1.0, "subsample": 0.9304355188577633}, "datetime": {"datetime": "2024-01-20 16:45:16", "elapsed": 8477.432172, "delta": 32.488782}}
{"target": -13.731211707524473, "params": {"colsample_bytree": 0.8808162155736955, "eta": 0.022363292348373927, "gamma": 891.4381660391682, "max_depth": 2.0, "min_child_weight": 3841.163902090721, "num_boost_round": 1.0, "subsample": 0.9466737116516728}, "datetime": {"datetime": "2024-01-20 16:45:43", "elapsed": 8504.742882, "delta": 27.31071}}
{"target": -13.732369224731416, "params": {"colsample_bytree": 0.3919198703280097, "eta": 0.08976229255751136, "gamma": 159.36284563994008, "max_depth": 5.0, "min_child_weight": 4886.239703673348, "num_boost_round": 1.0, "subsample": 0.46452676230092305}, "datetime": {"datetime": "2024-01-20 16:46:22", "elapsed": 8543.069736, "delta": 38.326854}}
{"target": -13.731095511022268, "params": {"colsample_bytree": 0.8444849399286094, "eta": 0.007596562294219837, "gamma": 621.584448172842, "max_depth": 5.0, "min_child_weight": 4735.990795104515, "num_boost_round": 1.0, "subsample": 0.1145689010969203}, "datetime": {"datetime": "2024-01-20 16:46:56", "elapsed": 8577.800525, "delta": 34.730789}}
{"target": -13.731340284642318, "params": {"colsample_bytree": 0.215610940705104, "eta": 0.03982921990112753, "gamma": 899.4706431351901, "max_depth": 3.0, "min_child_weight": 4607.560928879052, "num_boost_round": 1.0, "subsample": 0.75310425548427}, "datetime": {"datetime": "2024-01-20 16:47:19", "elapsed": 8600.60644, "delta": 22.805915}}
{"target": -13.731131761063544, "params": {"colsample_bytree": 0.3618610883011194, "eta": 0.01044265338870045, "gamma": 726.0304934044148, "max_depth": 5.0, "min_child_weight": 4625.6282500085745, "num_boost_round": 1.0, "subsample": 0.6578771987601387}, "datetime": {"datetime": "2024-01-20 16:47:43", "elapsed": 8624.030751, "delta": 23.424311}}
{"target": -13.731216730202746, "params": {"colsample_bytree": 0.3618610883011194, "eta": 0.01044265338870045, "gamma": 726.0304934044148, "max_depth": 5.0, "min_child_weight": 4625.6282500085745, "num_boost_round": 2.0, "subsample": 0.6578771987601387}, "datetime": {"datetime": "2024-01-20 16:47:43", "elapsed": 8624.034426, "delta": 0.003675}}
{"target": -13.731863209307372, "params": {"colsample_bytree": 0.1791042588150067, "eta": 0.09562016652306128, "gamma": 320.3336884944882, "max_depth": 4.0, "min_child_weight": 3599.4556133593615, "num_boost_round": 1.0, "subsample": 0.34291273784901233}, "datetime": {"datetime": "2024-01-20 16:48:04", "elapsed": 8645.758244, "delta": 21.723818}}
{"target": -13.7310440016948, "params": {"colsample_bytree": 0.171030208295462, "eta": 0.0033889196017608397, "gamma": 229.181940437288, "max_depth": 4.0, "min_child_weight": 4905.931212707986, "num_boost_round": 1.0, "subsample": 0.5075552282418563}, "datetime": {"datetime": "2024-01-20 16:48:38", "elapsed": 8678.946987, "delta": 33.188743}}
{"target": -13.731067328283288, "params": {"colsample_bytree": 0.171030208295462, "eta": 0.0033889196017608397, "gamma": 229.181940437288, "max_depth": 4.0, "min_child_weight": 4905.931212707986, "num_boost_round": 2.0, "subsample": 0.5075552282418563}, "datetime": {"datetime": "2024-01-20 16:48:38", "elapsed": 8678.951201, "delta": 0.004214}}
{"target": -13.731094672911752, "params": {"colsample_bytree": 0.171030208295462, "eta": 0.0033889196017608397, "gamma": 229.181940437288, "max_depth": 4.0, "min_child_weight": 4905.931212707986, "num_boost_round": 3.0, "subsample": 0.5075552282418563}, "datetime": {"datetime": "2024-01-20 16:48:38", "elapsed": 8678.955777, "delta": 0.004576}}
{"target": -13.731119695349381, "params": {"colsample_bytree": 0.171030208295462, "eta": 0.0033889196017608397, "gamma": 229.181940437288, "max_depth": 4.0, "min_child_weight": 4905.931212707986, "num_boost_round": 4.0, "subsample": 0.5075552282418563}, "datetime": {"datetime": "2024-01-20 16:48:38", "elapsed": 8678.959393, "delta": 0.003616}}
{"target": -13.73114081290277, "params": {"colsample_bytree": 0.171030208295462, "eta": 0.0033889196017608397, "gamma": 229.181940437288, "max_depth": 4.0, "min_child_weight": 4905.931212707986, "num_boost_round": 5.0, "subsample": 0.5075552282418563}, "datetime": {"datetime": "2024-01-20 16:48:38", "elapsed": 8678.963231, "delta": 0.003838}}
{"target": -13.731764501672139, "params": {"colsample_bytree": 0.2550987625718189, "eta": 0.0539142682167364, "gamma": 633.5936200180349, "max_depth": 6.0, "min_child_weight": 4075.610371368023, "num_boost_round": 1.0, "subsample": 0.8786928885715806}, "datetime": {"datetime": "2024-01-20 16:49:08", "elapsed": 8709.206349, "delta": 30.243118}}
{"target": -13.732083196707089, "params": {"colsample_bytree": 0.535643015247725, "eta": 0.04136063034223913, "gamma": 177.42622511632223, "max_depth": 9.0, "min_child_weight": 3733.7618647461068, "num_boost_round": 1.0, "subsample": 0.6360179767425032}, "datetime": {"datetime": "2024-01-20 16:49:36", "elapsed": 8737.468775, "delta": 28.262426}}
{"target": -13.73277338651094, "params": {"colsample_bytree": 0.535643015247725, "eta": 0.04136063034223913, "gamma": 177.42622511632223, "max_depth": 9.0, "min_child_weight": 3733.7618647461068, "num_boost_round": 2.0, "subsample": 0.6360179767425032}, "datetime": {"datetime": "2024-01-20 16:49:36", "elapsed": 8737.473265, "delta": 0.00449}}
{"target": -13.73208426420287, "params": {"colsample_bytree": 0.2791430167828867, "eta": 0.09982405314858611, "gamma": 785.3030810775525, "max_depth": 2.0, "min_child_weight": 3918.8682873128155, "num_boost_round": 1.0, "subsample": 0.3327903393355104}, "datetime": {"datetime": "2024-01-20 16:49:59", "elapsed": 8760.089357, "delta": 22.616092}}
{"target": -13.732361736384796, "params": {"colsample_bytree": 0.764422176592151, "eta": 0.08103675841054757, "gamma": 997.8088443154826, "max_depth": 5.0, "min_child_weight": 4396.116821036772, "num_boost_round": 1.0, "subsample": 0.4928131026342255}, "datetime": {"datetime": "2024-01-20 16:50:28", "elapsed": 8789.036359, "delta": 28.947002}}
{"target": -13.734215589027855, "params": {"colsample_bytree": 0.764422176592151, "eta": 0.08103675841054757, "gamma": 997.8088443154826, "max_depth": 5.0, "min_child_weight": 4396.116821036772, "num_boost_round": 2.0, "subsample": 0.4928131026342255}, "datetime": {"datetime": "2024-01-20 16:50:28", "elapsed": 8789.040468, "delta": 0.004109}}
{"target": -13.7320275671613, "params": {"colsample_bytree": 0.38452427495843533, "eta": 0.09544669005087261, "gamma": 382.9666588179025, "max_depth": 3.0, "min_child_weight": 3676.5533764322267, "num_boost_round": 1.0, "subsample": 0.9475579740742696}, "datetime": {"datetime": "2024-01-20 16:50:51", "elapsed": 8812.083805, "delta": 23.043337}}
{"target": -13.731355622960098, "params": {"colsample_bytree": 0.3992471452004529, "eta": 0.050035065055613906, "gamma": 198.5589718015116, "max_depth": 2.0, "min_child_weight": 4924.382141737117, "num_boost_round": 1.0, "subsample": 0.9573692822452373}, "datetime": {"datetime": "2024-01-20 16:51:23", "elapsed": 8844.683592, "delta": 32.599787}}
{"target": -13.731595268084039, "params": {"colsample_bytree": 0.3992471452004529, "eta": 0.050035065055613906, "gamma": 198.5589718015116, "max_depth": 2.0, "min_child_weight": 4924.382141737117, "num_boost_round": 2.0, "subsample": 0.9573692822452373}, "datetime": {"datetime": "2024-01-20 16:51:23", "elapsed": 8844.687786, "delta": 0.004194}}
{"target": -13.731755081583284, "params": {"colsample_bytree": 0.3992471452004529, "eta": 0.050035065055613906, "gamma": 198.5589718015116, "max_depth": 2.0, "min_child_weight": 4924.382141737117, "num_boost_round": 3.0, "subsample": 0.9573692822452373}, "datetime": {"datetime": "2024-01-20 16:51:23", "elapsed": 8844.692325, "delta": 0.004539}}
{"target": -13.732482468629831, "params": {"colsample_bytree": 0.3992471452004529, "eta": 0.050035065055613906, "gamma": 198.5589718015116, "max_depth": 2.0, "min_child_weight": 4924.382141737117, "num_boost_round": 4.0, "subsample": 0.9573692822452373}, "datetime": {"datetime": "2024-01-20 16:51:23", "elapsed": 8844.696122, "delta": 0.003797}}
{"target": -13.733304397079891, "params": {"colsample_bytree": 0.3992471452004529, "eta": 0.050035065055613906, "gamma": 198.5589718015116, "max_depth": 2.0, "min_child_weight": 4924.382141737117, "num_boost_round": 5.0, "subsample": 0.9573692822452373}, "datetime": {"datetime": "2024-01-20 16:51:23", "elapsed": 8844.699326, "delta": 0.003204}}
{"target": -13.733881363774799, "params": {"colsample_bytree": 0.3992471452004529, "eta": 0.050035065055613906, "gamma": 198.5589718015116, "max_depth": 2.0, "min_child_weight": 4924.382141737117, "num_boost_round": 6.0, "subsample": 0.9573692822452373}, "datetime": {"datetime": "2024-01-20 16:51:23", "elapsed": 8844.702551, "delta": 0.003225}}
{"target": -13.734584470603046, "params": {"colsample_bytree": 0.3992471452004529, "eta": 0.050035065055613906, "gamma": 198.5589718015116, "max_depth": 2.0, "min_child_weight": 4924.382141737117, "num_boost_round": 7.0, "subsample": 0.9573692822452373}, "datetime": {"datetime": "2024-01-20 16:51:23", "elapsed": 8844.705995, "delta": 0.003444}}
{"target": -13.734968329794999, "params": {"colsample_bytree": 0.3992471452004529, "eta": 0.050035065055613906, "gamma": 198.5589718015116, "max_depth": 2.0, "min_child_weight": 4924.382141737117, "num_boost_round": 8.0, "subsample": 0.9573692822452373}, "datetime": {"datetime": "2024-01-20 16:51:23", "elapsed": 8844.709407, "delta": 0.003412}}
{"target": -13.735531464730993, "params": {"colsample_bytree": 0.3992471452004529, "eta": 0.050035065055613906, "gamma": 198.5589718015116, "max_depth": 2.0, "min_child_weight": 4924.382141737117, "num_boost_round": 9.0, "subsample": 0.9573692822452373}, "datetime": {"datetime": "2024-01-20 16:51:23", "elapsed": 8844.712701, "delta": 0.003294}}
{"target": -13.732897898248567, "params": {"colsample_bytree": 0.769309210260255, "eta": 0.05550444550039558, "gamma": 468.2912938981701, "max_depth": 9.0, "min_child_weight": 3473.3789824561413, "num_boost_round": 1.0, "subsample": 0.5826027713861948}, "datetime": {"datetime": "2024-01-20 16:51:49", "elapsed": 8870.799153, "delta": 26.086452}}
{"target": -13.73158937269242, "params": {"colsample_bytree": 0.12134253017118958, "eta": 0.06448240977064024, "gamma": 691.2922342746776, "max_depth": 5.0, "min_child_weight": 3592.4198365690304, "num_boost_round": 1.0, "subsample": 0.9694793449085056}, "datetime": {"datetime": "2024-01-20 16:52:15", "elapsed": 8896.28621, "delta": 25.487057}}
{"target": -13.732046097609944, "params": {"colsample_bytree": 0.12134253017118958, "eta": 0.06448240977064024, "gamma": 691.2922342746776, "max_depth": 5.0, "min_child_weight": 3592.4198365690304, "num_boost_round": 2.0, "subsample": 0.9694793449085056}, "datetime": {"datetime": "2024-01-20 16:52:15", "elapsed": 8896.290878, "delta": 0.004668}}
{"target": -13.732533755479704, "params": {"colsample_bytree": 0.12134253017118958, "eta": 0.06448240977064024, "gamma": 691.2922342746776, "max_depth": 5.0, "min_child_weight": 3592.4198365690304, "num_boost_round": 3.0, "subsample": 0.9694793449085056}, "datetime": {"datetime": "2024-01-20 16:52:15", "elapsed": 8896.294615, "delta": 0.003737}}
{"target": -13.732477400266738, "params": {"colsample_bytree": 0.5001418996946386, "eta": 0.0950201870020115, "gamma": 639.7532898570277, "max_depth": 5.0, "min_child_weight": 4159.110949034799, "num_boost_round": 1.0, "subsample": 0.6114994014471551}, "datetime": {"datetime": "2024-01-20 16:52:44", "elapsed": 8925.726892, "delta": 29.432277}}
{"target": -13.731463054650892, "params": {"colsample_bytree": 0.13075997240368614, "eta": 0.05111668534699462, "gamma": 157.09539973022768, "max_depth": 3.0, "min_child_weight": 4650.723163526942, "num_boost_round": 1.0, "subsample": 0.30959855179819246}, "datetime": {"datetime": "2024-01-20 16:53:07", "elapsed": 8948.300113, "delta": 22.573221}}
{"target": -13.731586780164704, "params": {"colsample_bytree": 0.11336534914907968, "eta": 0.05096976667623093, "gamma": 336.7360853328357, "max_depth": 6.0, "min_child_weight": 3984.4754208733502, "num_boost_round": 1.0, "subsample": 0.16482941374578658}, "datetime": {"datetime": "2024-01-20 16:53:32", "elapsed": 8972.92248, "delta": 24.622367}}
{"target": -13.731973296768857, "params": {"colsample_bytree": 0.11336534914907968, "eta": 0.05096976667623093, "gamma": 336.7360853328357, "max_depth": 6.0, "min_child_weight": 3984.4754208733502, "num_boost_round": 2.0, "subsample": 0.16482941374578658}, "datetime": {"datetime": "2024-01-20 16:53:32", "elapsed": 8972.927282, "delta": 0.004802}}
{"target": -13.732381303914789, "params": {"colsample_bytree": 0.11336534914907968, "eta": 0.05096976667623093, "gamma": 336.7360853328357, "max_depth": 6.0, "min_child_weight": 3984.4754208733502, "num_boost_round": 3.0, "subsample": 0.16482941374578658}, "datetime": {"datetime": "2024-01-20 16:53:32", "elapsed": 8972.931405, "delta": 0.004123}}
{"target": -13.731550666152403, "params": {"colsample_bytree": 0.33297417125865164, "eta": 0.060664984310191475, "gamma": 382.65521151137006, "max_depth": 4.0, "min_child_weight": 4702.784535053776, "num_boost_round": 1.0, "subsample": 0.3644968852311724}, "datetime": {"datetime": "2024-01-20 16:54:00", "elapsed": 9001.303201, "delta": 28.371796}}
{"target": -13.73237994985779, "params": {"colsample_bytree": 0.33297417125865164, "eta": 0.060664984310191475, "gamma": 382.65521151137006, "max_depth": 4.0, "min_child_weight": 4702.784535053776, "num_boost_round": 2.0, "subsample": 0.3644968852311724}, "datetime": {"datetime": "2024-01-20 16:54:00", "elapsed": 9001.307713, "delta": 0.004512}}
{"target": -13.731075468047134, "params": {"colsample_bytree": 0.20689441566092764, "eta": 0.011544080159963659, "gamma": 101.84915569309972, "max_depth": 8.0, "min_child_weight": 4744.376303416064, "num_boost_round": 1.0, "subsample": 0.612382656552769}, "datetime": {"datetime": "2024-01-20 16:54:25", "elapsed": 9026.064969, "delta": 24.757256}}
{"target": -13.73187570993256, "params": {"colsample_bytree": 0.34154021594244227, "eta": 0.075244201396543, "gamma": 284.7338617233629, "max_depth": 4.0, "min_child_weight": 4902.867731334778, "num_boost_round": 1.0, "subsample": 0.573889907039052}, "datetime": {"datetime": "2024-01-20 16:55:02", "elapsed": 9063.298778, "delta": 37.233809}}
{"target": -13.732497018993067, "params": {"colsample_bytree": 0.34154021594244227, "eta": 0.075244201396543, "gamma": 284.7338617233629, "max_depth": 4.0, "min_child_weight": 4902.867731334778, "num_boost_round": 2.0, "subsample": 0.573889907039052}, "datetime": {"datetime": "2024-01-20 16:55:02", "elapsed": 9063.302209, "delta": 0.003431}}
{"target": -13.733099656167028, "params": {"colsample_bytree": 0.34154021594244227, "eta": 0.075244201396543, "gamma": 284.7338617233629, "max_depth": 4.0, "min_child_weight": 4902.867731334778, "num_boost_round": 3.0, "subsample": 0.573889907039052}, "datetime": {"datetime": "2024-01-20 16:55:02", "elapsed": 9063.305414, "delta": 0.003205}}
{"target": -13.734250135087592, "params": {"colsample_bytree": 0.34154021594244227, "eta": 0.075244201396543, "gamma": 284.7338617233629, "max_depth": 4.0, "min_child_weight": 4902.867731334778, "num_boost_round": 4.0, "subsample": 0.573889907039052}, "datetime": {"datetime": "2024-01-20 16:55:02", "elapsed": 9063.308526, "delta": 0.003112}}
{"target": -13.73590722907892, "params": {"colsample_bytree": 0.34154021594244227, "eta": 0.075244201396543, "gamma": 284.7338617233629, "max_depth": 4.0, "min_child_weight": 4902.867731334778, "num_boost_round": 5.0, "subsample": 0.573889907039052}, "datetime": {"datetime": "2024-01-20 16:55:02", "elapsed": 9063.311617, "delta": 0.003091}}
{"target": -13.73752191862261, "params": {"colsample_bytree": 0.34154021594244227, "eta": 0.075244201396543, "gamma": 284.7338617233629, "max_depth": 4.0, "min_child_weight": 4902.867731334778, "num_boost_round": 6.0, "subsample": 0.573889907039052}, "datetime": {"datetime": "2024-01-20 16:55:02", "elapsed": 9063.314595, "delta": 0.002978}}
{"target": -13.738426522549865, "params": {"colsample_bytree": 0.34154021594244227, "eta": 0.075244201396543, "gamma": 284.7338617233629, "max_depth": 4.0, "min_child_weight": 4902.867731334778, "num_boost_round": 7.0, "subsample": 0.573889907039052}, "datetime": {"datetime": "2024-01-20 16:55:02", "elapsed": 9063.317639, "delta": 0.003044}}
