{"target": -12.339741845809602, "params": {"colsample_bytree": 0.9699642159640177, "eta": 0.07375688145744344, "gamma": 543.0765080966389, "max_depth": 3.0, "min_child_weight": 4191.939925971833, "num_boost_round": 17.0, "subsample": 0.9201227861569495}, "datetime": {"datetime": "2024-01-20 14:31:17", "elapsed": 443.876651, "delta": 0.001041}}
{"target": -12.340107098158665, "params": {"colsample_bytree": 0.9699642159640177, "eta": 0.07375688145744344, "gamma": 543.0765080966389, "max_depth": 3.0, "min_child_weight": 4191.939925971833, "num_boost_round": 18.0, "subsample": 0.9201227861569495}, "datetime": {"datetime": "2024-01-20 14:31:17", "elapsed": 443.877604, "delta": 0.000953}}
{"target": -12.339868642116464, "params": {"colsample_bytree": 0.9699642159640177, "eta": 0.07375688145744344, "gamma": 543.0765080966389, "max_depth": 3.0, "min_child_weight": 4191.939925971833, "num_boost_round": 19.0, "subsample": 0.9201227861569495}, "datetime": {"datetime": "2024-01-20 14:31:17", "elapsed": 443.878667, "delta": 0.001063}}
{"target": -12.340500502140097, "params": {"colsample_bytree": 0.9699642159640177, "eta": 0.07375688145744344, "gamma": 543.0765080966389, "max_depth": 3.0, "min_child_weight": 4191.939925971833, "num_boost_round": 20.0, "subsample": 0.9201227861569495}, "datetime": {"datetime": "2024-01-20 14:31:17", "elapsed": 443.879652, "delta": 0.000985}}
{"target": -12.340865307619069, "params": {"colsample_bytree": 0.9699642159640177, "eta": 0.07375688145744344, "gamma": 543.0765080966389, "max_depth": 3.0, "min_child_weight": 4191.939925971833, "num_boost_round": 21.0, "subsample": 0.9201227861569495}, "datetime": {"datetime": "2024-01-20 14:31:17", "elapsed": 443.880671, "delta": 0.001019}}
{"target": -12.341278749859473, "params": {"colsample_bytree": 0.9699642159640177, "eta": 0.07375688145744344, "gamma": 543.0765080966389, "max_depth": 3.0, "min_child_weight": 4191.939925971833, "num_boost_round": 22.0, "subsample": 0.9201227861569495}, "datetime": {"datetime": "2024-01-20 14:31:17", "elapsed": 443.881639, "delta": 0.000968}}
{"target": -12.341765887847668, "params": {"colsample_bytree": 0.9699642159640177, "eta": 0.07375688145744344, "gamma": 543.0765080966389, "max_depth": 3.0, "min_child_weight": 4191.939925971833, "num_boost_round": 23.0, "subsample": 0.9201227861569495}, "datetime": {"datetime": "2024-01-20 14:31:17", "elapsed": 443.882606, "delta": 0.000967}}
{"target": -12.341900447041368, "params": {"colsample_bytree": 0.9699642159640177, "eta": 0.07375688145744344, "gamma": 543.0765080966389, "max_depth": 3.0, "min_child_weight": 4191.939925971833, "num_boost_round": 24.0, "subsample": 0.9201227861569495}, "datetime": {"datetime": "2024-01-20 14:31:17", "elapsed": 443.883566, "delta": 0.00096}}
{"target": -12.342482320728674, "params": {"colsample_bytree": 0.9699642159640177, "eta": 0.07375688145744344, "gamma": 543.0765080966389, "max_depth": 3.0, "min_child_weight": 4191.939925971833, "num_boost_round": 25.0, "subsample": 0.9201227861569495}, "datetime": {"datetime": "2024-01-20 14:31:17", "elapsed": 443.88453, "delta": 0.000964}}
{"target": -12.342667946070687, "params": {"colsample_bytree": 0.9699642159640177, "eta": 0.07375688145744344, "gamma": 543.0765080966389, "max_depth": 3.0, "min_child_weight": 4191.939925971833, "num_boost_round": 26.0, "subsample": 0.9201227861569495}, "datetime": {"datetime": "2024-01-20 14:31:17", "elapsed": 443.885488, "delta": 0.000958}}
{"target": -12.343222665974938, "params": {"colsample_bytree": 0.9699642159640177, "eta": 0.07375688145744344, "gamma": 543.0765080966389, "max_depth": 3.0, "min_child_weight": 4191.939925971833, "num_boost_round": 27.0, "subsample": 0.9201227861569495}, "datetime": {"datetime": "2024-01-20 14:31:17", "elapsed": 443.886453, "delta": 0.000965}}
{"target": -12.343387355746035, "params": {"colsample_bytree": 0.9699642159640177, "eta": 0.07375688145744344, "gamma": 543.0765080966389, "max_depth": 3.0, "min_child_weight": 4191.939925971833, "num_boost_round": 28.0, "subsample": 0.9201227861569495}, "datetime": {"datetime": "2024-01-20 14:31:17", "elapsed": 443.887434, "delta": 0.000981}}
{"target": -12.343199475668454, "params": {"colsample_bytree": 0.9699642159640177, "eta": 0.07375688145744344, "gamma": 543.0765080966389, "max_depth": 3.0, "min_child_weight": 4191.939925971833, "num_boost_round": 29.0, "subsample": 0.9201227861569495}, "datetime": {"datetime": "2024-01-20 14:31:17", "elapsed": 443.888401, "delta": 0.000967}}
{"target": -12.343841476357765, "params": {"colsample_bytree": 0.9699642159640177, "eta": 0.07375688145744344, "gamma": 543.0765080966389, "max_depth": 3.0, "min_child_weight": 4191.939925971833, "num_boost_round": 30.0, "subsample": 0.9201227861569495}, "datetime": {"datetime": "2024-01-20 14:31:17", "elapsed": 443.889386, "delta": 0.000985}}
{"target": -12.344579745228717, "params": {"colsample_bytree": 0.9699642159640177, "eta": 0.07375688145744344, "gamma": 543.0765080966389, "max_depth": 3.0, "min_child_weight": 4191.939925971833, "num_boost_round": 31.0, "subsample": 0.9201227861569495}, "datetime": {"datetime": "2024-01-20 14:31:17", "elapsed": 443.89035, "delta": 0.000964}}
{"target": -12.34460883975237, "params": {"colsample_bytree": 0.9699642159640177, "eta": 0.07375688145744344, "gamma": 543.0765080966389, "max_depth": 3.0, "min_child_weight": 4191.939925971833, "num_boost_round": 32.0, "subsample": 0.9201227861569495}, "datetime": {"datetime": "2024-01-20 14:31:17", "elapsed": 443.891336, "delta": 0.000986}}
{"target": -12.345090195262483, "params": {"colsample_bytree": 0.9699642159640177, "eta": 0.07375688145744344, "gamma": 543.0765080966389, "max_depth": 3.0, "min_child_weight": 4191.939925971833, "num_boost_round": 33.0, "subsample": 0.9201227861569495}, "datetime": {"datetime": "2024-01-20 14:31:17", "elapsed": 443.892317, "delta": 0.000981}}
{"target": -12.345574817902769, "params": {"colsample_bytree": 0.9699642159640177, "eta": 0.07375688145744344, "gamma": 543.0765080966389, "max_depth": 3.0, "min_child_weight": 4191.939925971833, "num_boost_round": 34.0, "subsample": 0.9201227861569495}, "datetime": {"datetime": "2024-01-20 14:31:17", "elapsed": 443.893297, "delta": 0.00098}}
{"target": -12.34623685661621, "params": {"colsample_bytree": 0.9699642159640177, "eta": 0.07375688145744344, "gamma": 543.0765080966389, "max_depth": 3.0, "min_child_weight": 4191.939925971833, "num_boost_round": 35.0, "subsample": 0.9201227861569495}, "datetime": {"datetime": "2024-01-20 14:31:17", "elapsed": 443.894293, "delta": 0.000996}}
{"target": -12.346561458159684, "params": {"colsample_bytree": 0.9699642159640177, "eta": 0.07375688145744344, "gamma": 543.0765080966389, "max_depth": 3.0, "min_child_weight": 4191.939925971833, "num_boost_round": 36.0, "subsample": 0.9201227861569495}, "datetime": {"datetime": "2024-01-20 14:31:17", "elapsed": 443.895263, "delta": 0.00097}}
{"target": -12.346620524502438, "params": {"colsample_bytree": 0.9699642159640177, "eta": 0.07375688145744344, "gamma": 543.0765080966389, "max_depth": 3.0, "min_child_weight": 4191.939925971833, "num_boost_round": 37.0, "subsample": 0.9201227861569495}, "datetime": {"datetime": "2024-01-20 14:31:17", "elapsed": 443.896241, "delta": 0.000978}}
{"target": -12.347071931853197, "params": {"colsample_bytree": 0.9699642159640177, "eta": 0.07375688145744344, "gamma": 543.0765080966389, "max_depth": 3.0, "min_child_weight": 4191.939925971833, "num_boost_round": 38.0, "subsample": 0.9201227861569495}, "datetime": {"datetime": "2024-01-20 14:31:17", "elapsed": 443.897353, "delta": 0.001112}}
{"target": -12.347082509630331, "params": {"colsample_bytree": 0.9699642159640177, "eta": 0.07375688145744344, "gamma": 543.0765080966389, "max_depth": 3.0, "min_child_weight": 4191.939925971833, "num_boost_round": 39.0, "subsample": 0.9201227861569495}, "datetime": {"datetime": "2024-01-20 14:31:17", "elapsed": 443.898345, "delta": 0.000992}}
{"target": -12.347371649561438, "params": {"colsample_bytree": 0.9699642159640177, "eta": 0.07375688145744344, "gamma": 543.0765080966389, "max_depth": 3.0, "min_child_weight": 4191.939925971833, "num_boost_round": 40.0, "subsample": 0.9201227861569495}, "datetime": {"datetime": "2024-01-20 14:31:17", "elapsed": 443.899327, "delta": 0.000982}}
{"target": -12.347864898452212, "params": {"colsample_bytree": 0.9699642159640177, "eta": 0.07375688145744344, "gamma": 543.0765080966389, "max_depth": 3.0, "min_child_weight": 4191.939925971833, "num_boost_round": 41.0, "subsample": 0.9201227861569495}, "datetime": {"datetime": "2024-01-20 14:31:17", "elapsed": 443.900323, "delta": 0.000996}}
{"target": -12.347689085392712, "params": {"colsample_bytree": 0.9699642159640177, "eta": 0.07375688145744344, "gamma": 543.0765080966389, "max_depth": 3.0, "min_child_weight": 4191.939925971833, "num_boost_round": 42.0, "subsample": 0.9201227861569495}, "datetime": {"datetime": "2024-01-20 14:31:17", "elapsed": 443.901368, "delta": 0.001045}}
{"target": -12.348305487313148, "params": {"colsample_bytree": 0.9699642159640177, "eta": 0.07375688145744344, "gamma": 543.0765080966389, "max_depth": 3.0, "min_child_weight": 4191.939925971833, "num_boost_round": 43.0, "subsample": 0.9201227861569495}, "datetime": {"datetime": "2024-01-20 14:31:17", "elapsed": 443.902355, "delta": 0.000987}}
{"target": -12.348591917893556, "params": {"colsample_bytree": 0.9699642159640177, "eta": 0.07375688145744344, "gamma": 543.0765080966389, "max_depth": 3.0, "min_child_weight": 4191.939925971833, "num_boost_round": 44.0, "subsample": 0.9201227861569495}, "datetime": {"datetime": "2024-01-20 14:31:17", "elapsed": 443.903343, "delta": 0.000988}}
{"target": -12.348528847811743, "params": {"colsample_bytree": 0.9699642159640177, "eta": 0.07375688145744344, "gamma": 543.0765080966389, "max_depth": 3.0, "min_child_weight": 4191.939925971833, "num_boost_round": 45.0, "subsample": 0.9201227861569495}, "datetime": {"datetime": "2024-01-20 14:31:17", "elapsed": 443.904319, "delta": 0.000976}}
{"target": -12.348725317833868, "params": {"colsample_bytree": 0.9699642159640177, "eta": 0.07375688145744344, "gamma": 543.0765080966389, "max_depth": 3.0, "min_child_weight": 4191.939925971833, "num_boost_round": 46.0, "subsample": 0.9201227861569495}, "datetime": {"datetime": "2024-01-20 14:31:17", "elapsed": 443.905299, "delta": 0.00098}}
{"target": -12.34915745453863, "params": {"colsample_bytree": 0.9699642159640177, "eta": 0.07375688145744344, "gamma": 543.0765080966389, "max_depth": 3.0, "min_child_weight": 4191.939925971833, "num_boost_round": 47.0, "subsample": 0.9201227861569495}, "datetime": {"datetime": "2024-01-20 14:31:17", "elapsed": 443.90628, "delta": 0.000981}}
{"target": -12.34935143210443, "params": {"colsample_bytree": 0.9699642159640177, "eta": 0.07375688145744344, "gamma": 543.0765080966389, "max_depth": 3.0, "min_child_weight": 4191.939925971833, "num_boost_round": 48.0, "subsample": 0.9201227861569495}, "datetime": {"datetime": "2024-01-20 14:31:17", "elapsed": 443.907264, "delta": 0.000984}}
{"target": -12.349908312335636, "params": {"colsample_bytree": 0.9699642159640177, "eta": 0.07375688145744344, "gamma": 543.0765080966389, "max_depth": 3.0, "min_child_weight": 4191.939925971833, "num_boost_round": 49.0, "subsample": 0.9201227861569495}, "datetime": {"datetime": "2024-01-20 14:31:17", "elapsed": 443.908235, "delta": 0.000971}}
{"target": -12.350078261628994, "params": {"colsample_bytree": 0.9699642159640177, "eta": 0.07375688145744344, "gamma": 543.0765080966389, "max_depth": 3.0, "min_child_weight": 4191.939925971833, "num_boost_round": 50.0, "subsample": 0.9201227861569495}, "datetime": {"datetime": "2024-01-20 14:31:17", "elapsed": 443.909219, "delta": 0.000984}}
{"target": -12.350570521683903, "params": {"colsample_bytree": 0.9699642159640177, "eta": 0.07375688145744344, "gamma": 543.0765080966389, "max_depth": 3.0, "min_child_weight": 4191.939925971833, "num_boost_round": 51.0, "subsample": 0.9201227861569495}, "datetime": {"datetime": "2024-01-20 14:31:17", "elapsed": 443.9102, "delta": 0.000981}}
{"target": -12.35083770343558, "params": {"colsample_bytree": 0.9699642159640177, "eta": 0.07375688145744344, "gamma": 543.0765080966389, "max_depth": 3.0, "min_child_weight": 4191.939925971833, "num_boost_round": 52.0, "subsample": 0.9201227861569495}, "datetime": {"datetime": "2024-01-20 14:31:17", "elapsed": 443.911194, "delta": 0.000994}}
{"target": -12.351057269768685, "params": {"colsample_bytree": 0.9699642159640177, "eta": 0.07375688145744344, "gamma": 543.0765080966389, "max_depth": 3.0, "min_child_weight": 4191.939925971833, "num_boost_round": 53.0, "subsample": 0.9201227861569495}, "datetime": {"datetime": "2024-01-20 14:31:17", "elapsed": 443.912175, "delta": 0.000981}}
{"target": -12.350913657331624, "params": {"colsample_bytree": 0.9699642159640177, "eta": 0.07375688145744344, "gamma": 543.0765080966389, "max_depth": 3.0, "min_child_weight": 4191.939925971833, "num_boost_round": 54.0, "subsample": 0.9201227861569495}, "datetime": {"datetime": "2024-01-20 14:31:17", "elapsed": 443.913174, "delta": 0.000999}}
{"target": -12.351091801524582, "params": {"colsample_bytree": 0.9699642159640177, "eta": 0.07375688145744344, "gamma": 543.0765080966389, "max_depth": 3.0, "min_child_weight": 4191.939925971833, "num_boost_round": 55.0, "subsample": 0.9201227861569495}, "datetime": {"datetime": "2024-01-20 14:31:17", "elapsed": 443.914158, "delta": 0.000984}}
{"target": -12.351184682390468, "params": {"colsample_bytree": 0.9699642159640177, "eta": 0.07375688145744344, "gamma": 543.0765080966389, "max_depth": 3.0, "min_child_weight": 4191.939925971833, "num_boost_round": 56.0, "subsample": 0.9201227861569495}, "datetime": {"datetime": "2024-01-20 14:31:17", "elapsed": 443.915158, "delta": 0.001}}
{"target": -12.351440110755922, "params": {"colsample_bytree": 0.9699642159640177, "eta": 0.07375688145744344, "gamma": 543.0765080966389, "max_depth": 3.0, "min_child_weight": 4191.939925971833, "num_boost_round": 57.0, "subsample": 0.9201227861569495}, "datetime": {"datetime": "2024-01-20 14:31:17", "elapsed": 443.916153, "delta": 0.000995}}
{"target": -12.351660286017452, "params": {"colsample_bytree": 0.9699642159640177, "eta": 0.07375688145744344, "gamma": 543.0765080966389, "max_depth": 3.0, "min_child_weight": 4191.939925971833, "num_boost_round": 58.0, "subsample": 0.9201227861569495}, "datetime": {"datetime": "2024-01-20 14:31:17", "elapsed": 443.917142, "delta": 0.000989}}
{"target": -12.352039282876143, "params": {"colsample_bytree": 0.9699642159640177, "eta": 0.07375688145744344, "gamma": 543.0765080966389, "max_depth": 3.0, "min_child_weight": 4191.939925971833, "num_boost_round": 59.0, "subsample": 0.9201227861569495}, "datetime": {"datetime": "2024-01-20 14:31:17", "elapsed": 443.918359, "delta": 0.001217}}
{"target": -12.351908862628704, "params": {"colsample_bytree": 0.9699642159640177, "eta": 0.07375688145744344, "gamma": 543.0765080966389, "max_depth": 3.0, "min_child_weight": 4191.939925971833, "num_boost_round": 60.0, "subsample": 0.9201227861569495}, "datetime": {"datetime": "2024-01-20 14:31:17", "elapsed": 443.919536, "delta": 0.001177}}
{"target": -12.352269123533514, "params": {"colsample_bytree": 0.9699642159640177, "eta": 0.07375688145744344, "gamma": 543.0765080966389, "max_depth": 3.0, "min_child_weight": 4191.939925971833, "num_boost_round": 61.0, "subsample": 0.9201227861569495}, "datetime": {"datetime": "2024-01-20 14:31:17", "elapsed": 443.920765, "delta": 0.001229}}
{"target": -12.352211251420192, "params": {"colsample_bytree": 0.9699642159640177, "eta": 0.07375688145744344, "gamma": 543.0765080966389, "max_depth": 3.0, "min_child_weight": 4191.939925971833, "num_boost_round": 62.0, "subsample": 0.9201227861569495}, "datetime": {"datetime": "2024-01-20 14:31:17", "elapsed": 443.921775, "delta": 0.00101}}
{"target": -12.35249651675792, "params": {"colsample_bytree": 0.9699642159640177, "eta": 0.07375688145744344, "gamma": 543.0765080966389, "max_depth": 3.0, "min_child_weight": 4191.939925971833, "num_boost_round": 63.0, "subsample": 0.9201227861569495}, "datetime": {"datetime": "2024-01-20 14:31:17", "elapsed": 443.922795, "delta": 0.00102}}
{"target": -12.352810967849177, "params": {"colsample_bytree": 0.9699642159640177, "eta": 0.07375688145744344, "gamma": 543.0765080966389, "max_depth": 3.0, "min_child_weight": 4191.939925971833, "num_boost_round": 64.0, "subsample": 0.9201227861569495}, "datetime": {"datetime": "2024-01-20 14:31:17", "elapsed": 443.923809, "delta": 0.001014}}
{"target": -12.352932003510704, "params": {"colsample_bytree": 0.9699642159640177, "eta": 0.07375688145744344, "gamma": 543.0765080966389, "max_depth": 3.0, "min_child_weight": 4191.939925971833, "num_boost_round": 65.0, "subsample": 0.9201227861569495}, "datetime": {"datetime": "2024-01-20 14:31:17", "elapsed": 443.924828, "delta": 0.001019}}
{"target": -12.353316588997778, "params": {"colsample_bytree": 0.9699642159640177, "eta": 0.07375688145744344, "gamma": 543.0765080966389, "max_depth": 3.0, "min_child_weight": 4191.939925971833, "num_boost_round": 66.0, "subsample": 0.9201227861569495}, "datetime": {"datetime": "2024-01-20 14:31:17", "elapsed": 443.925837, "delta": 0.001009}}
{"target": -12.353174929555717, "params": {"colsample_bytree": 0.9699642159640177, "eta": 0.07375688145744344, "gamma": 543.0765080966389, "max_depth": 3.0, "min_child_weight": 4191.939925971833, "num_boost_round": 67.0, "subsample": 0.9201227861569495}, "datetime": {"datetime": "2024-01-20 14:31:17", "elapsed": 443.926851, "delta": 0.001014}}
{"target": -12.353336356754557, "params": {"colsample_bytree": 0.9699642159640177, "eta": 0.07375688145744344, "gamma": 543.0765080966389, "max_depth": 3.0, "min_child_weight": 4191.939925971833, "num_boost_round": 68.0, "subsample": 0.9201227861569495}, "datetime": {"datetime": "2024-01-20 14:31:17", "elapsed": 443.927863, "delta": 0.001012}}
{"target": -12.353354488722736, "params": {"colsample_bytree": 0.9699642159640177, "eta": 0.07375688145744344, "gamma": 543.0765080966389, "max_depth": 3.0, "min_child_weight": 4191.939925971833, "num_boost_round": 69.0, "subsample": 0.9201227861569495}, "datetime": {"datetime": "2024-01-20 14:31:17", "elapsed": 443.928871, "delta": 0.001008}}
{"target": -12.353504217844616, "params": {"colsample_bytree": 0.9699642159640177, "eta": 0.07375688145744344, "gamma": 543.0765080966389, "max_depth": 3.0, "min_child_weight": 4191.939925971833, "num_boost_round": 70.0, "subsample": 0.9201227861569495}, "datetime": {"datetime": "2024-01-20 14:31:17", "elapsed": 443.929902, "delta": 0.001031}}
{"target": -12.353589662934711, "params": {"colsample_bytree": 0.9699642159640177, "eta": 0.07375688145744344, "gamma": 543.0765080966389, "max_depth": 3.0, "min_child_weight": 4191.939925971833, "num_boost_round": 71.0, "subsample": 0.9201227861569495}, "datetime": {"datetime": "2024-01-20 14:31:17", "elapsed": 443.930938, "delta": 0.001036}}
{"target": -12.35376883272394, "params": {"colsample_bytree": 0.9699642159640177, "eta": 0.07375688145744344, "gamma": 543.0765080966389, "max_depth": 3.0, "min_child_weight": 4191.939925971833, "num_boost_round": 72.0, "subsample": 0.9201227861569495}, "datetime": {"datetime": "2024-01-20 14:31:17", "elapsed": 443.931969, "delta": 0.001031}}
{"target": -12.35372905254445, "params": {"colsample_bytree": 0.9699642159640177, "eta": 0.07375688145744344, "gamma": 543.0765080966389, "max_depth": 3.0, "min_child_weight": 4191.939925971833, "num_boost_round": 73.0, "subsample": 0.9201227861569495}, "datetime": {"datetime": "2024-01-20 14:31:17", "elapsed": 443.932987, "delta": 0.001018}}
{"target": -12.353810096526594, "params": {"colsample_bytree": 0.9699642159640177, "eta": 0.07375688145744344, "gamma": 543.0765080966389, "max_depth": 3.0, "min_child_weight": 4191.939925971833, "num_boost_round": 74.0, "subsample": 0.9201227861569495}, "datetime": {"datetime": "2024-01-20 14:31:17", "elapsed": 443.934022, "delta": 0.001035}}
{"target": -12.353748335132018, "params": {"colsample_bytree": 0.9699642159640177, "eta": 0.07375688145744344, "gamma": 543.0765080966389, "max_depth": 3.0, "min_child_weight": 4191.939925971833, "num_boost_round": 75.0, "subsample": 0.9201227861569495}, "datetime": {"datetime": "2024-01-20 14:31:17", "elapsed": 443.935047, "delta": 0.001025}}
{"target": -12.354042626719902, "params": {"colsample_bytree": 0.9699642159640177, "eta": 0.07375688145744344, "gamma": 543.0765080966389, "max_depth": 3.0, "min_child_weight": 4191.939925971833, "num_boost_round": 76.0, "subsample": 0.9201227861569495}, "datetime": {"datetime": "2024-01-20 14:31:17", "elapsed": 443.936071, "delta": 0.001024}}
{"target": -12.354152491911304, "params": {"colsample_bytree": 0.9699642159640177, "eta": 0.07375688145744344, "gamma": 543.0765080966389, "max_depth": 3.0, "min_child_weight": 4191.939925971833, "num_boost_round": 77.0, "subsample": 0.9201227861569495}, "datetime": {"datetime": "2024-01-20 14:31:17", "elapsed": 443.937229, "delta": 0.001158}}
{"target": -12.354265977944412, "params": {"colsample_bytree": 0.9699642159640177, "eta": 0.07375688145744344, "gamma": 543.0765080966389, "max_depth": 3.0, "min_child_weight": 4191.939925971833, "num_boost_round": 78.0, "subsample": 0.9201227861569495}, "datetime": {"datetime": "2024-01-20 14:31:17", "elapsed": 443.938252, "delta": 0.001023}}
{"target": -12.354314658599016, "params": {"colsample_bytree": 0.9699642159640177, "eta": 0.07375688145744344, "gamma": 543.0765080966389, "max_depth": 3.0, "min_child_weight": 4191.939925971833, "num_boost_round": 79.0, "subsample": 0.9201227861569495}, "datetime": {"datetime": "2024-01-20 14:31:17", "elapsed": 443.93927, "delta": 0.001018}}
