{"target": -13.402009296341838, "params": {"colsample_bytree": 0.5037766922606632, "eta": 0.061889980980993006, "gamma": 272.3207495687924, "max_depth": 4.0, "min_child_weight": 4375.893568861256, "num_boost_round": 11.0, "subsample": 0.5257017539952229}, "datetime": {"datetime": "2024-01-20 17:34:28", "elapsed": 11403.233142, "delta": 0.004989}}
{"target": -13.40264058487629, "params": {"colsample_bytree": 0.5037766922606632, "eta": 0.061889980980993006, "gamma": 272.3207495687924, "max_depth": 4.0, "min_child_weight": 4375.893568861256, "num_boost_round": 12.0, "subsample": 0.5257017539952229}, "datetime": {"datetime": "2024-01-20 17:34:28", "elapsed": 11403.238423, "delta": 0.005281}}
{"target": -13.402841786829832, "params": {"colsample_bytree": 0.5037766922606632, "eta": 0.061889980980993006, "gamma": 272.3207495687924, "max_depth": 4.0, "min_child_weight": 4375.893568861256, "num_boost_round": 13.0, "subsample": 0.5257017539952229}, "datetime": {"datetime": "2024-01-20 17:34:28", "elapsed": 11403.243767, "delta": 0.005344}}
{"target": -13.40318599436073, "params": {"colsample_bytree": 0.5037766922606632, "eta": 0.061889980980993006, "gamma": 272.3207495687924, "max_depth": 4.0, "min_child_weight": 4375.893568861256, "num_boost_round": 14.0, "subsample": 0.5257017539952229}, "datetime": {"datetime": "2024-01-20 17:34:28", "elapsed": 11403.249049, "delta": 0.005282}}
{"target": -13.403747370045961, "params": {"colsample_bytree": 0.5037766922606632, "eta": 0.061889980980993006, "gamma": 272.3207495687924, "max_depth": 4.0, "min_child_weight": 4375.893568861256, "num_boost_round": 15.0, "subsample": 0.5257017539952229}, "datetime": {"datetime": "2024-01-20 17:34:28", "elapsed": 11403.254002, "delta": 0.004953}}
{"target": -13.404008479782172, "params": {"colsample_bytree": 0.5037766922606632, "eta": 0.061889980980993006, "gamma": 272.3207495687924, "max_depth": 4.0, "min_child_weight": 4375.893568861256, "num_boost_round": 16.0, "subsample": 0.5257017539952229}, "datetime": {"datetime": "2024-01-20 17:34:28", "elapsed": 11403.258883, "delta": 0.004881}}
{"target": -13.40444676118948, "params": {"colsample_bytree": 0.5037766922606632, "eta": 0.061889980980993006, "gamma": 272.3207495687924, "max_depth": 4.0, "min_child_weight": 4375.893568861256, "num_boost_round": 17.0, "subsample": 0.5257017539952229}, "datetime": {"datetime": "2024-01-20 17:34:28", "elapsed": 11403.263832, "delta": 0.004949}}
{"target": -13.404859232972282, "params": {"colsample_bytree": 0.5037766922606632, "eta": 0.061889980980993006, "gamma": 272.3207495687924, "max_depth": 4.0, "min_child_weight": 4375.893568861256, "num_boost_round": 18.0, "subsample": 0.5257017539952229}, "datetime": {"datetime": "2024-01-20 17:34:28", "elapsed": 11403.268954, "delta": 0.005122}}
{"target": -13.405298061824087, "params": {"colsample_bytree": 0.5037766922606632, "eta": 0.061889980980993006, "gamma": 272.3207495687924, "max_depth": 4.0, "min_child_weight": 4375.893568861256, "num_boost_round": 19.0, "subsample": 0.5257017539952229}, "datetime": {"datetime": "2024-01-20 17:34:28", "elapsed": 11403.273994, "delta": 0.00504}}
{"target": -13.405765482528512, "params": {"colsample_bytree": 0.5037766922606632, "eta": 0.061889980980993006, "gamma": 272.3207495687924, "max_depth": 4.0, "min_child_weight": 4375.893568861256, "num_boost_round": 20.0, "subsample": 0.5257017539952229}, "datetime": {"datetime": "2024-01-20 17:34:28", "elapsed": 11403.279342, "delta": 0.005348}}
{"target": -13.406013739308346, "params": {"colsample_bytree": 0.5037766922606632, "eta": 0.061889980980993006, "gamma": 272.3207495687924, "max_depth": 4.0, "min_child_weight": 4375.893568861256, "num_boost_round": 21.0, "subsample": 0.5257017539952229}, "datetime": {"datetime": "2024-01-20 17:34:28", "elapsed": 11403.284835, "delta": 0.005493}}
{"target": -13.406336215332626, "params": {"colsample_bytree": 0.5037766922606632, "eta": 0.061889980980993006, "gamma": 272.3207495687924, "max_depth": 4.0, "min_child_weight": 4375.893568861256, "num_boost_round": 22.0, "subsample": 0.5257017539952229}, "datetime": {"datetime": "2024-01-20 17:34:28", "elapsed": 11403.290028, "delta": 0.005193}}
{"target": -13.406728062826339, "params": {"colsample_bytree": 0.5037766922606632, "eta": 0.061889980980993006, "gamma": 272.3207495687924, "max_depth": 4.0, "min_child_weight": 4375.893568861256, "num_boost_round": 23.0, "subsample": 0.5257017539952229}, "datetime": {"datetime": "2024-01-20 17:34:28", "elapsed": 11403.295307, "delta": 0.005279}}
{"target": -13.407149416859333, "params": {"colsample_bytree": 0.5037766922606632, "eta": 0.061889980980993006, "gamma": 272.3207495687924, "max_depth": 4.0, "min_child_weight": 4375.893568861256, "num_boost_round": 24.0, "subsample": 0.5257017539952229}, "datetime": {"datetime": "2024-01-20 17:34:28", "elapsed": 11403.300596, "delta": 0.005289}}
{"target": -13.407806184218245, "params": {"colsample_bytree": 0.5037766922606632, "eta": 0.061889980980993006, "gamma": 272.3207495687924, "max_depth": 4.0, "min_child_weight": 4375.893568861256, "num_boost_round": 25.0, "subsample": 0.5257017539952229}, "datetime": {"datetime": "2024-01-20 17:34:28", "elapsed": 11403.306171, "delta": 0.005575}}
{"target": -13.408109860263826, "params": {"colsample_bytree": 0.5037766922606632, "eta": 0.061889980980993006, "gamma": 272.3207495687924, "max_depth": 4.0, "min_child_weight": 4375.893568861256, "num_boost_round": 26.0, "subsample": 0.5257017539952229}, "datetime": {"datetime": "2024-01-20 17:34:28", "elapsed": 11403.311642, "delta": 0.005471}}
{"target": -13.408578882279174, "params": {"colsample_bytree": 0.5037766922606632, "eta": 0.061889980980993006, "gamma": 272.3207495687924, "max_depth": 4.0, "min_child_weight": 4375.893568861256, "num_boost_round": 27.0, "subsample": 0.5257017539952229}, "datetime": {"datetime": "2024-01-20 17:34:28", "elapsed": 11403.316674, "delta": 0.005032}}
{"target": -13.40916002211553, "params": {"colsample_bytree": 0.5037766922606632, "eta": 0.061889980980993006, "gamma": 272.3207495687924, "max_depth": 4.0, "min_child_weight": 4375.893568861256, "num_boost_round": 28.0, "subsample": 0.5257017539952229}, "datetime": {"datetime": "2024-01-20 17:34:28", "elapsed": 11403.321647, "delta": 0.004973}}
{"target": -13.409389980320697, "params": {"colsample_bytree": 0.5037766922606632, "eta": 0.061889980980993006, "gamma": 272.3207495687924, "max_depth": 4.0, "min_child_weight": 4375.893568861256, "num_boost_round": 29.0, "subsample": 0.5257017539952229}, "datetime": {"datetime": "2024-01-20 17:34:28", "elapsed": 11403.326683, "delta": 0.005036}}
{"target": -13.409592676237848, "params": {"colsample_bytree": 0.5037766922606632, "eta": 0.061889980980993006, "gamma": 272.3207495687924, "max_depth": 4.0, "min_child_weight": 4375.893568861256, "num_boost_round": 30.0, "subsample": 0.5257017539952229}, "datetime": {"datetime": "2024-01-20 17:34:28", "elapsed": 11403.331806, "delta": 0.005123}}
{"target": -13.41051560660541, "params": {"colsample_bytree": 0.5037766922606632, "eta": 0.061889980980993006, "gamma": 272.3207495687924, "max_depth": 4.0, "min_child_weight": 4375.893568861256, "num_boost_round": 31.0, "subsample": 0.5257017539952229}, "datetime": {"datetime": "2024-01-20 17:34:28", "elapsed": 11403.336906, "delta": 0.0051}}
{"target": -13.410679028160436, "params": {"colsample_bytree": 0.5037766922606632, "eta": 0.061889980980993006, "gamma": 272.3207495687924, "max_depth": 4.0, "min_child_weight": 4375.893568861256, "num_boost_round": 32.0, "subsample": 0.5257017539952229}, "datetime": {"datetime": "2024-01-20 17:34:28", "elapsed": 11403.34195, "delta": 0.005044}}
{"target": -13.410716347771912, "params": {"colsample_bytree": 0.5037766922606632, "eta": 0.061889980980993006, "gamma": 272.3207495687924, "max_depth": 4.0, "min_child_weight": 4375.893568861256, "num_boost_round": 33.0, "subsample": 0.5257017539952229}, "datetime": {"datetime": "2024-01-20 17:34:28", "elapsed": 11403.347098, "delta": 0.005148}}
{"target": -13.397432217855094, "params": {"colsample_bytree": 0.24741160730354375, "eta": 0.08476474634795819, "gamma": 371.76667683592746, "max_depth": 5.0, "min_child_weight": 3950.7421520384923, "num_boost_round": 1.0, "subsample": 0.19590666113460686}, "datetime": {"datetime": "2024-01-20 17:35:57", "elapsed": 11492.59425, "delta": 89.247152}}
{"target": -13.397324107466916, "params": {"colsample_bytree": 0.24741160730354375, "eta": 0.08476474634795819, "gamma": 371.76667683592746, "max_depth": 5.0, "min_child_weight": 3950.7421520384923, "num_boost_round": 2.0, "subsample": 0.19590666113460686}, "datetime": {"datetime": "2024-01-20 17:35:57", "elapsed": 11492.600496, "delta": 0.006246}}
{"target": -13.397097555980892, "params": {"colsample_bytree": 0.24741160730354375, "eta": 0.08476474634795819, "gamma": 371.76667683592746, "max_depth": 5.0, "min_child_weight": 3950.7421520384923, "num_boost_round": 3.0, "subsample": 0.19590666113460686}, "datetime": {"datetime": "2024-01-20 17:35:57", "elapsed": 11492.605777, "delta": 0.005281}}
{"target": -13.397675214963298, "params": {"colsample_bytree": 0.24741160730354375, "eta": 0.08476474634795819, "gamma": 371.76667683592746, "max_depth": 5.0, "min_child_weight": 3950.7421520384923, "num_boost_round": 4.0, "subsample": 0.19590666113460686}, "datetime": {"datetime": "2024-01-20 17:35:57", "elapsed": 11492.611045, "delta": 0.005268}}
{"target": -13.398042139747538, "params": {"colsample_bytree": 0.24741160730354375, "eta": 0.08476474634795819, "gamma": 371.76667683592746, "max_depth": 5.0, "min_child_weight": 3950.7421520384923, "num_boost_round": 5.0, "subsample": 0.19590666113460686}, "datetime": {"datetime": "2024-01-20 17:35:57", "elapsed": 11492.616525, "delta": 0.00548}}
{"target": -13.397434206868681, "params": {"colsample_bytree": 0.5904957939151838, "eta": 0.09445146763580141, "gamma": 321.99924862013074, "max_depth": 2.0, "min_child_weight": 3113.996540430418, "num_boost_round": 1.0, "subsample": 0.18663824793218642}, "datetime": {"datetime": "2024-01-20 17:36:58", "elapsed": 11553.372493, "delta": 60.755968}}
{"target": -13.39769756061407, "params": {"colsample_bytree": 0.5904957939151838, "eta": 0.09445146763580141, "gamma": 321.99924862013074, "max_depth": 2.0, "min_child_weight": 3113.996540430418, "num_boost_round": 2.0, "subsample": 0.18663824793218642}, "datetime": {"datetime": "2024-01-20 17:36:58", "elapsed": 11553.379758, "delta": 0.007265}}
{"target": -13.397631564944462, "params": {"colsample_bytree": 0.5904957939151838, "eta": 0.09445146763580141, "gamma": 321.99924862013074, "max_depth": 2.0, "min_child_weight": 3113.996540430418, "num_boost_round": 3.0, "subsample": 0.18663824793218642}, "datetime": {"datetime": "2024-01-20 17:36:58", "elapsed": 11553.385283, "delta": 0.005525}}
{"target": -13.397373117553988, "params": {"colsample_bytree": 0.5904957939151838, "eta": 0.09445146763580141, "gamma": 321.99924862013074, "max_depth": 2.0, "min_child_weight": 3113.996540430418, "num_boost_round": 4.0, "subsample": 0.18663824793218642}, "datetime": {"datetime": "2024-01-20 17:36:58", "elapsed": 11553.390857, "delta": 0.005574}}
{"target": -13.397725454554907, "params": {"colsample_bytree": 0.5049973506796877, "eta": 0.03648800937462459, "gamma": 214.9340410153593, "max_depth": 4.0, "min_child_weight": 4295.97296263973, "num_boost_round": 1.0, "subsample": 0.4991624709150555}, "datetime": {"datetime": "2024-01-20 17:38:16", "elapsed": 11631.570731, "delta": 78.179874}}
{"target": -13.397762044142748, "params": {"colsample_bytree": 0.5049973506796877, "eta": 0.03648800937462459, "gamma": 214.9340410153593, "max_depth": 4.0, "min_child_weight": 4295.97296263973, "num_boost_round": 2.0, "subsample": 0.4991624709150555}, "datetime": {"datetime": "2024-01-20 17:38:16", "elapsed": 11631.578434, "delta": 0.007703}}
{"target": -13.397809325828746, "params": {"colsample_bytree": 0.5049973506796877, "eta": 0.03648800937462459, "gamma": 214.9340410153593, "max_depth": 4.0, "min_child_weight": 4295.97296263973, "num_boost_round": 3.0, "subsample": 0.4991624709150555}, "datetime": {"datetime": "2024-01-20 17:38:16", "elapsed": 11631.583681, "delta": 0.005247}}
{"target": -13.397823351845485, "params": {"colsample_bytree": 0.5049973506796877, "eta": 0.03648800937462459, "gamma": 214.9340410153593, "max_depth": 4.0, "min_child_weight": 4295.97296263973, "num_boost_round": 4.0, "subsample": 0.4991624709150555}, "datetime": {"datetime": "2024-01-20 17:38:16", "elapsed": 11631.589041, "delta": 0.00536}}
{"target": -13.39806425786013, "params": {"colsample_bytree": 0.5049973506796877, "eta": 0.03648800937462459, "gamma": 214.9340410153593, "max_depth": 4.0, "min_child_weight": 4295.97296263973, "num_boost_round": 5.0, "subsample": 0.4991624709150555}, "datetime": {"datetime": "2024-01-20 17:38:16", "elapsed": 11631.594339, "delta": 0.005298}}
{"target": -13.398220225439829, "params": {"colsample_bytree": 0.5049973506796877, "eta": 0.03648800937462459, "gamma": 214.9340410153593, "max_depth": 4.0, "min_child_weight": 4295.97296263973, "num_boost_round": 6.0, "subsample": 0.4991624709150555}, "datetime": {"datetime": "2024-01-20 17:38:16", "elapsed": 11631.599505, "delta": 0.005166}}
{"target": -13.398627789401594, "params": {"colsample_bytree": 0.5049973506796877, "eta": 0.03648800937462459, "gamma": 214.9340410153593, "max_depth": 4.0, "min_child_weight": 4295.97296263973, "num_boost_round": 7.0, "subsample": 0.4991624709150555}, "datetime": {"datetime": "2024-01-20 17:38:16", "elapsed": 11631.604854, "delta": 0.005349}}
{"target": -13.398868401440058, "params": {"colsample_bytree": 0.5049973506796877, "eta": 0.03648800937462459, "gamma": 214.9340410153593, "max_depth": 4.0, "min_child_weight": 4295.97296263973, "num_boost_round": 8.0, "subsample": 0.4991624709150555}, "datetime": {"datetime": "2024-01-20 17:38:16", "elapsed": 11631.6103, "delta": 0.005446}}
{"target": -13.398042220197524, "params": {"colsample_bytree": 0.507495988201917, "eta": 0.09209434442212062, "gamma": 678.8013868453961, "max_depth": 8.0, "min_child_weight": 4498.329812062656, "num_boost_round": 1.0, "subsample": 0.5896587763927263}, "datetime": {"datetime": "2024-01-20 17:39:36", "elapsed": 11711.496115, "delta": 79.885815}}
{"target": -13.397634369773847, "params": {"colsample_bytree": 0.8388409913546043, "eta": 0.03230976685390108, "gamma": 649.18801069089, "max_depth": 2.0, "min_child_weight": 4470.839394336985, "num_boost_round": 1.0, "subsample": 0.44366663833248365}, "datetime": {"datetime": "2024-01-20 17:41:19", "elapsed": 11814.029637, "delta": 102.533522}}
{"target": -13.397513883736845, "params": {"colsample_bytree": 0.8388409913546043, "eta": 0.03230976685390108, "gamma": 649.18801069089, "max_depth": 2.0, "min_child_weight": 4470.839394336985, "num_boost_round": 2.0, "subsample": 0.44366663833248365}, "datetime": {"datetime": "2024-01-20 17:41:19", "elapsed": 11814.036313, "delta": 0.006676}}
{"target": -13.397360268176413, "params": {"colsample_bytree": 0.8388409913546043, "eta": 0.03230976685390108, "gamma": 649.18801069089, "max_depth": 2.0, "min_child_weight": 4470.839394336985, "num_boost_round": 3.0, "subsample": 0.44366663833248365}, "datetime": {"datetime": "2024-01-20 17:41:19", "elapsed": 11814.041737, "delta": 0.005424}}
{"target": -13.397294267526924, "params": {"colsample_bytree": 0.8388409913546043, "eta": 0.03230976685390108, "gamma": 649.18801069089, "max_depth": 2.0, "min_child_weight": 4470.839394336985, "num_boost_round": 4.0, "subsample": 0.44366663833248365}, "datetime": {"datetime": "2024-01-20 17:41:19", "elapsed": 11814.047157, "delta": 0.00542}}
{"target": -13.397225160653754, "params": {"colsample_bytree": 0.8388409913546043, "eta": 0.03230976685390108, "gamma": 649.18801069089, "max_depth": 2.0, "min_child_weight": 4470.839394336985, "num_boost_round": 5.0, "subsample": 0.44366663833248365}, "datetime": {"datetime": "2024-01-20 17:41:19", "elapsed": 11814.052443, "delta": 0.005286}}
{"target": -13.397204662073923, "params": {"colsample_bytree": 0.8388409913546043, "eta": 0.03230976685390108, "gamma": 649.18801069089, "max_depth": 2.0, "min_child_weight": 4470.839394336985, "num_boost_round": 6.0, "subsample": 0.44366663833248365}, "datetime": {"datetime": "2024-01-20 17:41:19", "elapsed": 11814.05808, "delta": 0.005637}}
{"target": -13.397395914360091, "params": {"colsample_bytree": 0.8388409913546043, "eta": 0.03230976685390108, "gamma": 649.18801069089, "max_depth": 2.0, "min_child_weight": 4470.839394336985, "num_boost_round": 7.0, "subsample": 0.44366663833248365}, "datetime": {"datetime": "2024-01-20 17:41:19", "elapsed": 11814.063581, "delta": 0.005501}}
{"target": -13.397549695870696, "params": {"colsample_bytree": 0.8388409913546043, "eta": 0.03230976685390108, "gamma": 649.18801069089, "max_depth": 2.0, "min_child_weight": 4470.839394336985, "num_boost_round": 8.0, "subsample": 0.44366663833248365}, "datetime": {"datetime": "2024-01-20 17:41:19", "elapsed": 11814.408565, "delta": 0.344984}}
{"target": -13.397612415505044, "params": {"colsample_bytree": 0.8388409913546043, "eta": 0.03230976685390108, "gamma": 649.18801069089, "max_depth": 2.0, "min_child_weight": 4470.839394336985, "num_boost_round": 9.0, "subsample": 0.44366663833248365}, "datetime": {"datetime": "2024-01-20 17:41:19", "elapsed": 11814.414902, "delta": 0.006337}}
{"target": -13.397603911894528, "params": {"colsample_bytree": 0.8388409913546043, "eta": 0.03230976685390108, "gamma": 649.18801069089, "max_depth": 2.0, "min_child_weight": 4470.839394336985, "num_boost_round": 10.0, "subsample": 0.44366663833248365}, "datetime": {"datetime": "2024-01-20 17:41:19", "elapsed": 11814.420532, "delta": 0.00563}}
{"target": -13.397700284283207, "params": {"colsample_bytree": 0.8388409913546043, "eta": 0.03230976685390108, "gamma": 649.18801069089, "max_depth": 2.0, "min_child_weight": 4470.839394336985, "num_boost_round": 11.0, "subsample": 0.44366663833248365}, "datetime": {"datetime": "2024-01-20 17:41:19", "elapsed": 11814.425971, "delta": 0.005439}}
{"target": -13.397833248950548, "params": {"colsample_bytree": 0.8388409913546043, "eta": 0.03230976685390108, "gamma": 649.18801069089, "max_depth": 2.0, "min_child_weight": 4470.839394336985, "num_boost_round": 12.0, "subsample": 0.44366663833248365}, "datetime": {"datetime": "2024-01-20 17:41:19", "elapsed": 11814.431554, "delta": 0.005583}}
{"target": -13.398051601731135, "params": {"colsample_bytree": 0.8388409913546043, "eta": 0.03230976685390108, "gamma": 649.18801069089, "max_depth": 2.0, "min_child_weight": 4470.839394336985, "num_boost_round": 13.0, "subsample": 0.44366663833248365}, "datetime": {"datetime": "2024-01-20 17:41:19", "elapsed": 11814.436895, "delta": 0.005341}}
{"target": -13.398083179837982, "params": {"colsample_bytree": 0.8388409913546043, "eta": 0.03230976685390108, "gamma": 649.18801069089, "max_depth": 2.0, "min_child_weight": 4470.839394336985, "num_boost_round": 14.0, "subsample": 0.44366663833248365}, "datetime": {"datetime": "2024-01-20 17:41:19", "elapsed": 11814.442499, "delta": 0.005604}}
{"target": -13.398082501679415, "params": {"colsample_bytree": 0.8388409913546043, "eta": 0.03230976685390108, "gamma": 649.18801069089, "max_depth": 2.0, "min_child_weight": 4470.839394336985, "num_boost_round": 15.0, "subsample": 0.44366663833248365}, "datetime": {"datetime": "2024-01-20 17:41:19", "elapsed": 11814.451381, "delta": 0.008882}}
{"target": -13.398059461604415, "params": {"colsample_bytree": 0.8388409913546043, "eta": 0.03230976685390108, "gamma": 649.18801069089, "max_depth": 2.0, "min_child_weight": 4470.839394336985, "num_boost_round": 16.0, "subsample": 0.44366663833248365}, "datetime": {"datetime": "2024-01-20 17:41:19", "elapsed": 11814.46093, "delta": 0.009549}}
{"target": -13.398149639511676, "params": {"colsample_bytree": 0.8388409913546043, "eta": 0.03230976685390108, "gamma": 649.18801069089, "max_depth": 2.0, "min_child_weight": 4470.839394336985, "num_boost_round": 17.0, "subsample": 0.44366663833248365}, "datetime": {"datetime": "2024-01-20 17:41:19", "elapsed": 11814.468308, "delta": 0.007378}}
{"target": -13.398320311039804, "params": {"colsample_bytree": 0.8388409913546043, "eta": 0.03230976685390108, "gamma": 649.18801069089, "max_depth": 2.0, "min_child_weight": 4470.839394336985, "num_boost_round": 18.0, "subsample": 0.44366663833248365}, "datetime": {"datetime": "2024-01-20 17:41:19", "elapsed": 11814.474584, "delta": 0.006276}}
{"target": -13.398673377967544, "params": {"colsample_bytree": 0.8388409913546043, "eta": 0.03230976685390108, "gamma": 649.18801069089, "max_depth": 2.0, "min_child_weight": 4470.839394336985, "num_boost_round": 19.0, "subsample": 0.44366663833248365}, "datetime": {"datetime": "2024-01-20 17:41:19", "elapsed": 11814.480637, "delta": 0.006053}}
{"target": -13.398841843442385, "params": {"colsample_bytree": 0.8388409913546043, "eta": 0.03230976685390108, "gamma": 649.18801069089, "max_depth": 2.0, "min_child_weight": 4470.839394336985, "num_boost_round": 20.0, "subsample": 0.44366663833248365}, "datetime": {"datetime": "2024-01-20 17:41:19", "elapsed": 11814.486211, "delta": 0.005574}}
{"target": -13.398974056602235, "params": {"colsample_bytree": 0.8388409913546043, "eta": 0.03230976685390108, "gamma": 649.18801069089, "max_depth": 2.0, "min_child_weight": 4470.839394336985, "num_boost_round": 21.0, "subsample": 0.44366663833248365}, "datetime": {"datetime": "2024-01-20 17:41:19", "elapsed": 11814.491587, "delta": 0.005376}}
{"target": -13.399080677773917, "params": {"colsample_bytree": 0.8388409913546043, "eta": 0.03230976685390108, "gamma": 649.18801069089, "max_depth": 2.0, "min_child_weight": 4470.839394336985, "num_boost_round": 22.0, "subsample": 0.44366663833248365}, "datetime": {"datetime": "2024-01-20 17:41:19", "elapsed": 11814.497113, "delta": 0.005526}}
