{"target": -19.154694538061868, "params": {"colsample_bytree": 0.6662047837417586, "eta": 0.08944491886127154, "gamma": 380.6227424477822, "max_depth": 7.0, "min_child_weight": 3522.075098223372, "num_boost_round": 24.0, "subsample": 0.225950794839412}, "datetime": {"datetime": "2024-01-20 16:59:40", "elapsed": 9348.588502, "delta": 0.005997}}
{"target": -19.155743703032872, "params": {"colsample_bytree": 0.6662047837417586, "eta": 0.08944491886127154, "gamma": 380.6227424477822, "max_depth": 7.0, "min_child_weight": 3522.075098223372, "num_boost_round": 25.0, "subsample": 0.225950794839412}, "datetime": {"datetime": "2024-01-20 16:59:40", "elapsed": 9348.598103, "delta": 0.009601}}
{"target": -19.155903171861276, "params": {"colsample_bytree": 0.6662047837417586, "eta": 0.08944491886127154, "gamma": 380.6227424477822, "max_depth": 7.0, "min_child_weight": 3522.075098223372, "num_boost_round": 26.0, "subsample": 0.225950794839412}, "datetime": {"datetime": "2024-01-20 16:59:40", "elapsed": 9348.604139, "delta": 0.006036}}
{"target": -19.156813359161294, "params": {"colsample_bytree": 0.6662047837417586, "eta": 0.08944491886127154, "gamma": 380.6227424477822, "max_depth": 7.0, "min_child_weight": 3522.075098223372, "num_boost_round": 27.0, "subsample": 0.225950794839412}, "datetime": {"datetime": "2024-01-20 16:59:40", "elapsed": 9348.610061, "delta": 0.005922}}
{"target": -19.157416144929936, "params": {"colsample_bytree": 0.6662047837417586, "eta": 0.08944491886127154, "gamma": 380.6227424477822, "max_depth": 7.0, "min_child_weight": 3522.075098223372, "num_boost_round": 28.0, "subsample": 0.225950794839412}, "datetime": {"datetime": "2024-01-20 16:59:40", "elapsed": 9348.616105, "delta": 0.006044}}
{"target": -19.15740662102496, "params": {"colsample_bytree": 0.6662047837417586, "eta": 0.08944491886127154, "gamma": 380.6227424477822, "max_depth": 7.0, "min_child_weight": 3522.075098223372, "num_boost_round": 29.0, "subsample": 0.225950794839412}, "datetime": {"datetime": "2024-01-20 16:59:40", "elapsed": 9348.921574, "delta": 0.305469}}
{"target": -19.15781782384558, "params": {"colsample_bytree": 0.6662047837417586, "eta": 0.08944491886127154, "gamma": 380.6227424477822, "max_depth": 7.0, "min_child_weight": 3522.075098223372, "num_boost_round": 30.0, "subsample": 0.225950794839412}, "datetime": {"datetime": "2024-01-20 16:59:40", "elapsed": 9348.928832, "delta": 0.007258}}
{"target": -19.1583945339346, "params": {"colsample_bytree": 0.6662047837417586, "eta": 0.08944491886127154, "gamma": 380.6227424477822, "max_depth": 7.0, "min_child_weight": 3522.075098223372, "num_boost_round": 31.0, "subsample": 0.225950794839412}, "datetime": {"datetime": "2024-01-20 16:59:40", "elapsed": 9348.934977, "delta": 0.006145}}
{"target": -19.158888943481514, "params": {"colsample_bytree": 0.6662047837417586, "eta": 0.08944491886127154, "gamma": 380.6227424477822, "max_depth": 7.0, "min_child_weight": 3522.075098223372, "num_boost_round": 32.0, "subsample": 0.225950794839412}, "datetime": {"datetime": "2024-01-20 16:59:40", "elapsed": 9348.941031, "delta": 0.006054}}
{"target": -19.159043292249947, "params": {"colsample_bytree": 0.6662047837417586, "eta": 0.08944491886127154, "gamma": 380.6227424477822, "max_depth": 7.0, "min_child_weight": 3522.075098223372, "num_boost_round": 33.0, "subsample": 0.225950794839412}, "datetime": {"datetime": "2024-01-20 16:59:40", "elapsed": 9348.94714, "delta": 0.006109}}
{"target": -19.159352925632426, "params": {"colsample_bytree": 0.6662047837417586, "eta": 0.08944491886127154, "gamma": 380.6227424477822, "max_depth": 7.0, "min_child_weight": 3522.075098223372, "num_boost_round": 34.0, "subsample": 0.225950794839412}, "datetime": {"datetime": "2024-01-20 16:59:41", "elapsed": 9348.953137, "delta": 0.005997}}
{"target": -19.159829142937486, "params": {"colsample_bytree": 0.6662047837417586, "eta": 0.08944491886127154, "gamma": 380.6227424477822, "max_depth": 7.0, "min_child_weight": 3522.075098223372, "num_boost_round": 35.0, "subsample": 0.225950794839412}, "datetime": {"datetime": "2024-01-20 16:59:41", "elapsed": 9348.959069, "delta": 0.005932}}
{"target": -19.160415921272723, "params": {"colsample_bytree": 0.6662047837417586, "eta": 0.08944491886127154, "gamma": 380.6227424477822, "max_depth": 7.0, "min_child_weight": 3522.075098223372, "num_boost_round": 36.0, "subsample": 0.225950794839412}, "datetime": {"datetime": "2024-01-20 16:59:41", "elapsed": 9348.965014, "delta": 0.005945}}
{"target": -19.16118866346447, "params": {"colsample_bytree": 0.6662047837417586, "eta": 0.08944491886127154, "gamma": 380.6227424477822, "max_depth": 7.0, "min_child_weight": 3522.075098223372, "num_boost_round": 37.0, "subsample": 0.225950794839412}, "datetime": {"datetime": "2024-01-20 16:59:41", "elapsed": 9348.971035, "delta": 0.006021}}
{"target": -19.161176477346515, "params": {"colsample_bytree": 0.6662047837417586, "eta": 0.08944491886127154, "gamma": 380.6227424477822, "max_depth": 7.0, "min_child_weight": 3522.075098223372, "num_boost_round": 38.0, "subsample": 0.225950794839412}, "datetime": {"datetime": "2024-01-20 16:59:41", "elapsed": 9348.977035, "delta": 0.006}}
{"target": -19.161668491525685, "params": {"colsample_bytree": 0.6662047837417586, "eta": 0.08944491886127154, "gamma": 380.6227424477822, "max_depth": 7.0, "min_child_weight": 3522.075098223372, "num_boost_round": 39.0, "subsample": 0.225950794839412}, "datetime": {"datetime": "2024-01-20 16:59:41", "elapsed": 9348.98305, "delta": 0.006015}}
{"target": -19.162075608924788, "params": {"colsample_bytree": 0.6662047837417586, "eta": 0.08944491886127154, "gamma": 380.6227424477822, "max_depth": 7.0, "min_child_weight": 3522.075098223372, "num_boost_round": 40.0, "subsample": 0.225950794839412}, "datetime": {"datetime": "2024-01-20 16:59:41", "elapsed": 9348.989084, "delta": 0.006034}}
{"target": -19.162363893176042, "params": {"colsample_bytree": 0.6662047837417586, "eta": 0.08944491886127154, "gamma": 380.6227424477822, "max_depth": 7.0, "min_child_weight": 3522.075098223372, "num_boost_round": 41.0, "subsample": 0.225950794839412}, "datetime": {"datetime": "2024-01-20 16:59:41", "elapsed": 9348.995185, "delta": 0.006101}}
{"target": -19.16238332495761, "params": {"colsample_bytree": 0.6662047837417586, "eta": 0.08944491886127154, "gamma": 380.6227424477822, "max_depth": 7.0, "min_child_weight": 3522.075098223372, "num_boost_round": 42.0, "subsample": 0.225950794839412}, "datetime": {"datetime": "2024-01-20 16:59:41", "elapsed": 9349.00146, "delta": 0.006275}}
{"target": -19.162797564255317, "params": {"colsample_bytree": 0.6662047837417586, "eta": 0.08944491886127154, "gamma": 380.6227424477822, "max_depth": 7.0, "min_child_weight": 3522.075098223372, "num_boost_round": 43.0, "subsample": 0.225950794839412}, "datetime": {"datetime": "2024-01-20 16:59:41", "elapsed": 9349.007532, "delta": 0.006072}}
{"target": -19.163122065412992, "params": {"colsample_bytree": 0.6662047837417586, "eta": 0.08944491886127154, "gamma": 380.6227424477822, "max_depth": 7.0, "min_child_weight": 3522.075098223372, "num_boost_round": 44.0, "subsample": 0.225950794839412}, "datetime": {"datetime": "2024-01-20 16:59:41", "elapsed": 9349.013543, "delta": 0.006011}}
{"target": -19.163445369269034, "params": {"colsample_bytree": 0.6662047837417586, "eta": 0.08944491886127154, "gamma": 380.6227424477822, "max_depth": 7.0, "min_child_weight": 3522.075098223372, "num_boost_round": 45.0, "subsample": 0.225950794839412}, "datetime": {"datetime": "2024-01-20 16:59:41", "elapsed": 9349.019536, "delta": 0.005993}}
{"target": -19.164119377720464, "params": {"colsample_bytree": 0.6662047837417586, "eta": 0.08944491886127154, "gamma": 380.6227424477822, "max_depth": 7.0, "min_child_weight": 3522.075098223372, "num_boost_round": 46.0, "subsample": 0.225950794839412}, "datetime": {"datetime": "2024-01-20 16:59:41", "elapsed": 9349.02553, "delta": 0.005994}}
{"target": -19.16494498975291, "params": {"colsample_bytree": 0.6662047837417586, "eta": 0.08944491886127154, "gamma": 380.6227424477822, "max_depth": 7.0, "min_child_weight": 3522.075098223372, "num_boost_round": 47.0, "subsample": 0.225950794839412}, "datetime": {"datetime": "2024-01-20 16:59:41", "elapsed": 9349.031534, "delta": 0.006004}}
{"target": -19.165417095623514, "params": {"colsample_bytree": 0.6662047837417586, "eta": 0.08944491886127154, "gamma": 380.6227424477822, "max_depth": 7.0, "min_child_weight": 3522.075098223372, "num_boost_round": 48.0, "subsample": 0.225950794839412}, "datetime": {"datetime": "2024-01-20 16:59:41", "elapsed": 9349.037546, "delta": 0.006012}}
{"target": -19.165608004654295, "params": {"colsample_bytree": 0.6662047837417586, "eta": 0.08944491886127154, "gamma": 380.6227424477822, "max_depth": 7.0, "min_child_weight": 3522.075098223372, "num_boost_round": 49.0, "subsample": 0.225950794839412}, "datetime": {"datetime": "2024-01-20 16:59:41", "elapsed": 9349.043565, "delta": 0.006019}}
{"target": -19.165758184238644, "params": {"colsample_bytree": 0.6662047837417586, "eta": 0.08944491886127154, "gamma": 380.6227424477822, "max_depth": 7.0, "min_child_weight": 3522.075098223372, "num_boost_round": 50.0, "subsample": 0.225950794839412}, "datetime": {"datetime": "2024-01-20 16:59:41", "elapsed": 9349.049523, "delta": 0.005958}}
{"target": -19.165978250123953, "params": {"colsample_bytree": 0.6662047837417586, "eta": 0.08944491886127154, "gamma": 380.6227424477822, "max_depth": 7.0, "min_child_weight": 3522.075098223372, "num_boost_round": 51.0, "subsample": 0.225950794839412}, "datetime": {"datetime": "2024-01-20 16:59:41", "elapsed": 9349.055466, "delta": 0.005943}}
{"target": -19.166290742534567, "params": {"colsample_bytree": 0.6662047837417586, "eta": 0.08944491886127154, "gamma": 380.6227424477822, "max_depth": 7.0, "min_child_weight": 3522.075098223372, "num_boost_round": 52.0, "subsample": 0.225950794839412}, "datetime": {"datetime": "2024-01-20 16:59:41", "elapsed": 9349.06149, "delta": 0.006024}}
{"target": -19.166439350560715, "params": {"colsample_bytree": 0.6662047837417586, "eta": 0.08944491886127154, "gamma": 380.6227424477822, "max_depth": 7.0, "min_child_weight": 3522.075098223372, "num_boost_round": 53.0, "subsample": 0.225950794839412}, "datetime": {"datetime": "2024-01-20 16:59:41", "elapsed": 9349.067506, "delta": 0.006016}}
{"target": -19.16669806505824, "params": {"colsample_bytree": 0.6662047837417586, "eta": 0.08944491886127154, "gamma": 380.6227424477822, "max_depth": 7.0, "min_child_weight": 3522.075098223372, "num_boost_round": 54.0, "subsample": 0.225950794839412}, "datetime": {"datetime": "2024-01-20 16:59:41", "elapsed": 9349.07348, "delta": 0.005974}}
{"target": -19.167639025028215, "params": {"colsample_bytree": 0.6662047837417586, "eta": 0.08944491886127154, "gamma": 380.6227424477822, "max_depth": 7.0, "min_child_weight": 3522.075098223372, "num_boost_round": 55.0, "subsample": 0.225950794839412}, "datetime": {"datetime": "2024-01-20 16:59:41", "elapsed": 9349.079449, "delta": 0.005969}}
{"target": -19.167934627734002, "params": {"colsample_bytree": 0.6662047837417586, "eta": 0.08944491886127154, "gamma": 380.6227424477822, "max_depth": 7.0, "min_child_weight": 3522.075098223372, "num_boost_round": 56.0, "subsample": 0.225950794839412}, "datetime": {"datetime": "2024-01-20 16:59:41", "elapsed": 9349.085422, "delta": 0.005973}}
{"target": -19.16815703380417, "params": {"colsample_bytree": 0.6662047837417586, "eta": 0.08944491886127154, "gamma": 380.6227424477822, "max_depth": 7.0, "min_child_weight": 3522.075098223372, "num_boost_round": 57.0, "subsample": 0.225950794839412}, "datetime": {"datetime": "2024-01-20 16:59:41", "elapsed": 9349.092097, "delta": 0.006675}}
{"target": -19.16843896128051, "params": {"colsample_bytree": 0.6662047837417586, "eta": 0.08944491886127154, "gamma": 380.6227424477822, "max_depth": 7.0, "min_child_weight": 3522.075098223372, "num_boost_round": 58.0, "subsample": 0.225950794839412}, "datetime": {"datetime": "2024-01-20 16:59:41", "elapsed": 9349.098127, "delta": 0.00603}}
{"target": -19.143002288031404, "params": {"colsample_bytree": 0.9033258517409949, "eta": 0.0634783536224812, "gamma": 476.85791138521273, "max_depth": 9.0, "min_child_weight": 3549.1650600920484, "num_boost_round": 1.0, "subsample": 0.24806046582222374}, "datetime": {"datetime": "2024-01-20 17:01:37", "elapsed": 9465.651833, "delta": 116.553706}}
{"target": -19.14289142209206, "params": {"colsample_bytree": 0.9033258517409949, "eta": 0.0634783536224812, "gamma": 476.85791138521273, "max_depth": 9.0, "min_child_weight": 3549.1650600920484, "num_boost_round": 2.0, "subsample": 0.24806046582222374}, "datetime": {"datetime": "2024-01-20 17:01:37", "elapsed": 9465.658439, "delta": 0.006606}}
{"target": -19.143046646719558, "params": {"colsample_bytree": 0.9033258517409949, "eta": 0.0634783536224812, "gamma": 476.85791138521273, "max_depth": 9.0, "min_child_weight": 3549.1650600920484, "num_boost_round": 3.0, "subsample": 0.24806046582222374}, "datetime": {"datetime": "2024-01-20 17:01:37", "elapsed": 9465.664957, "delta": 0.006518}}
{"target": -19.1428578657774, "params": {"colsample_bytree": 0.9033258517409949, "eta": 0.0634783536224812, "gamma": 476.85791138521273, "max_depth": 9.0, "min_child_weight": 3549.1650600920484, "num_boost_round": 4.0, "subsample": 0.24806046582222374}, "datetime": {"datetime": "2024-01-20 17:01:37", "elapsed": 9465.671291, "delta": 0.006334}}
{"target": -19.143082969116037, "params": {"colsample_bytree": 0.9033258517409949, "eta": 0.0634783536224812, "gamma": 476.85791138521273, "max_depth": 9.0, "min_child_weight": 3549.1650600920484, "num_boost_round": 5.0, "subsample": 0.24806046582222374}, "datetime": {"datetime": "2024-01-20 17:01:37", "elapsed": 9465.677487, "delta": 0.006196}}
{"target": -19.14359472308907, "params": {"colsample_bytree": 0.9033258517409949, "eta": 0.0634783536224812, "gamma": 476.85791138521273, "max_depth": 9.0, "min_child_weight": 3549.1650600920484, "num_boost_round": 6.0, "subsample": 0.24806046582222374}, "datetime": {"datetime": "2024-01-20 17:01:37", "elapsed": 9465.683663, "delta": 0.006176}}
{"target": -19.143889497419952, "params": {"colsample_bytree": 0.9033258517409949, "eta": 0.0634783536224812, "gamma": 476.85791138521273, "max_depth": 9.0, "min_child_weight": 3549.1650600920484, "num_boost_round": 7.0, "subsample": 0.24806046582222374}, "datetime": {"datetime": "2024-01-20 17:01:37", "elapsed": 9465.689942, "delta": 0.006279}}
{"target": -19.144327297300997, "params": {"colsample_bytree": 0.9033258517409949, "eta": 0.0634783536224812, "gamma": 476.85791138521273, "max_depth": 9.0, "min_child_weight": 3549.1650600920484, "num_boost_round": 8.0, "subsample": 0.24806046582222374}, "datetime": {"datetime": "2024-01-20 17:01:37", "elapsed": 9465.696115, "delta": 0.006173}}
{"target": -19.144937232089255, "params": {"colsample_bytree": 0.9033258517409949, "eta": 0.0634783536224812, "gamma": 476.85791138521273, "max_depth": 9.0, "min_child_weight": 3549.1650600920484, "num_boost_round": 9.0, "subsample": 0.24806046582222374}, "datetime": {"datetime": "2024-01-20 17:01:37", "elapsed": 9465.702302, "delta": 0.006187}}
{"target": -19.145360506923332, "params": {"colsample_bytree": 0.9033258517409949, "eta": 0.0634783536224812, "gamma": 476.85791138521273, "max_depth": 9.0, "min_child_weight": 3549.1650600920484, "num_boost_round": 10.0, "subsample": 0.24806046582222374}, "datetime": {"datetime": "2024-01-20 17:01:37", "elapsed": 9465.708539, "delta": 0.006237}}
{"target": -19.146293680195043, "params": {"colsample_bytree": 0.9033258517409949, "eta": 0.0634783536224812, "gamma": 476.85791138521273, "max_depth": 9.0, "min_child_weight": 3549.1650600920484, "num_boost_round": 11.0, "subsample": 0.24806046582222374}, "datetime": {"datetime": "2024-01-20 17:01:37", "elapsed": 9465.714963, "delta": 0.006424}}
{"target": -19.14668654540511, "params": {"colsample_bytree": 0.9033258517409949, "eta": 0.0634783536224812, "gamma": 476.85791138521273, "max_depth": 9.0, "min_child_weight": 3549.1650600920484, "num_boost_round": 12.0, "subsample": 0.24806046582222374}, "datetime": {"datetime": "2024-01-20 17:01:37", "elapsed": 9465.721211, "delta": 0.006248}}
{"target": -19.147755904973522, "params": {"colsample_bytree": 0.9033258517409949, "eta": 0.0634783536224812, "gamma": 476.85791138521273, "max_depth": 9.0, "min_child_weight": 3549.1650600920484, "num_boost_round": 13.0, "subsample": 0.24806046582222374}, "datetime": {"datetime": "2024-01-20 17:01:38", "elapsed": 9466.018561, "delta": 0.29735}}
{"target": -19.148132205845677, "params": {"colsample_bytree": 0.9033258517409949, "eta": 0.0634783536224812, "gamma": 476.85791138521273, "max_depth": 9.0, "min_child_weight": 3549.1650600920484, "num_boost_round": 14.0, "subsample": 0.24806046582222374}, "datetime": {"datetime": "2024-01-20 17:01:38", "elapsed": 9466.02696, "delta": 0.008399}}
{"target": -19.148873710196966, "params": {"colsample_bytree": 0.9033258517409949, "eta": 0.0634783536224812, "gamma": 476.85791138521273, "max_depth": 9.0, "min_child_weight": 3549.1650600920484, "num_boost_round": 15.0, "subsample": 0.24806046582222374}, "datetime": {"datetime": "2024-01-20 17:01:38", "elapsed": 9466.033503, "delta": 0.006543}}
{"target": -19.149489168853634, "params": {"colsample_bytree": 0.9033258517409949, "eta": 0.0634783536224812, "gamma": 476.85791138521273, "max_depth": 9.0, "min_child_weight": 3549.1650600920484, "num_boost_round": 16.0, "subsample": 0.24806046582222374}, "datetime": {"datetime": "2024-01-20 17:01:38", "elapsed": 9466.03945, "delta": 0.005947}}
{"target": -19.150330039456193, "params": {"colsample_bytree": 0.9033258517409949, "eta": 0.0634783536224812, "gamma": 476.85791138521273, "max_depth": 9.0, "min_child_weight": 3549.1650600920484, "num_boost_round": 17.0, "subsample": 0.24806046582222374}, "datetime": {"datetime": "2024-01-20 17:01:38", "elapsed": 9466.04537, "delta": 0.00592}}
{"target": -19.15071662193052, "params": {"colsample_bytree": 0.9033258517409949, "eta": 0.0634783536224812, "gamma": 476.85791138521273, "max_depth": 9.0, "min_child_weight": 3549.1650600920484, "num_boost_round": 18.0, "subsample": 0.24806046582222374}, "datetime": {"datetime": "2024-01-20 17:01:38", "elapsed": 9466.051237, "delta": 0.005867}}
{"target": -19.151409645250126, "params": {"colsample_bytree": 0.9033258517409949, "eta": 0.0634783536224812, "gamma": 476.85791138521273, "max_depth": 9.0, "min_child_weight": 3549.1650600920484, "num_boost_round": 19.0, "subsample": 0.24806046582222374}, "datetime": {"datetime": "2024-01-20 17:01:38", "elapsed": 9466.057068, "delta": 0.005831}}
{"target": -19.152003069135247, "params": {"colsample_bytree": 0.9033258517409949, "eta": 0.0634783536224812, "gamma": 476.85791138521273, "max_depth": 9.0, "min_child_weight": 3549.1650600920484, "num_boost_round": 20.0, "subsample": 0.24806046582222374}, "datetime": {"datetime": "2024-01-20 17:01:38", "elapsed": 9466.062937, "delta": 0.005869}}
{"target": -19.152595698534817, "params": {"colsample_bytree": 0.9033258517409949, "eta": 0.0634783536224812, "gamma": 476.85791138521273, "max_depth": 9.0, "min_child_weight": 3549.1650600920484, "num_boost_round": 21.0, "subsample": 0.24806046582222374}, "datetime": {"datetime": "2024-01-20 17:01:38", "elapsed": 9466.068845, "delta": 0.005908}}
{"target": -19.153347909393673, "params": {"colsample_bytree": 0.9033258517409949, "eta": 0.0634783536224812, "gamma": 476.85791138521273, "max_depth": 9.0, "min_child_weight": 3549.1650600920484, "num_boost_round": 22.0, "subsample": 0.24806046582222374}, "datetime": {"datetime": "2024-01-20 17:01:38", "elapsed": 9466.07473, "delta": 0.005885}}
{"target": -19.153709967430338, "params": {"colsample_bytree": 0.9033258517409949, "eta": 0.0634783536224812, "gamma": 476.85791138521273, "max_depth": 9.0, "min_child_weight": 3549.1650600920484, "num_boost_round": 23.0, "subsample": 0.24806046582222374}, "datetime": {"datetime": "2024-01-20 17:01:38", "elapsed": 9466.080614, "delta": 0.005884}}
{"target": -19.154168109075012, "params": {"colsample_bytree": 0.9033258517409949, "eta": 0.0634783536224812, "gamma": 476.85791138521273, "max_depth": 9.0, "min_child_weight": 3549.1650600920484, "num_boost_round": 24.0, "subsample": 0.24806046582222374}, "datetime": {"datetime": "2024-01-20 17:01:38", "elapsed": 9466.086504, "delta": 0.00589}}
{"target": -19.155003782807995, "params": {"colsample_bytree": 0.9033258517409949, "eta": 0.0634783536224812, "gamma": 476.85791138521273, "max_depth": 9.0, "min_child_weight": 3549.1650600920484, "num_boost_round": 25.0, "subsample": 0.24806046582222374}, "datetime": {"datetime": "2024-01-20 17:01:38", "elapsed": 9466.092864, "delta": 0.00636}}
{"target": -19.15522097588369, "params": {"colsample_bytree": 0.9033258517409949, "eta": 0.0634783536224812, "gamma": 476.85791138521273, "max_depth": 9.0, "min_child_weight": 3549.1650600920484, "num_boost_round": 26.0, "subsample": 0.24806046582222374}, "datetime": {"datetime": "2024-01-20 17:01:38", "elapsed": 9466.099161, "delta": 0.006297}}
{"target": -19.155792427440563, "params": {"colsample_bytree": 0.9033258517409949, "eta": 0.0634783536224812, "gamma": 476.85791138521273, "max_depth": 9.0, "min_child_weight": 3549.1650600920484, "num_boost_round": 27.0, "subsample": 0.24806046582222374}, "datetime": {"datetime": "2024-01-20 17:01:38", "elapsed": 9466.105376, "delta": 0.006215}}
{"target": -19.156209932794383, "params": {"colsample_bytree": 0.9033258517409949, "eta": 0.0634783536224812, "gamma": 476.85791138521273, "max_depth": 9.0, "min_child_weight": 3549.1650600920484, "num_boost_round": 28.0, "subsample": 0.24806046582222374}, "datetime": {"datetime": "2024-01-20 17:01:38", "elapsed": 9466.111495, "delta": 0.006119}}
