{"target": -15.163263120943535, "params": {"colsample_bytree": 0.5673086720783941, "eta": 0.0751319576936472, "gamma": 620.5796208545115, "max_depth": 3.0, "min_child_weight": 4175.027192806869, "num_boost_round": 5.0, "subsample": 0.9304626337432756}, "datetime": {"datetime": "2024-01-20 14:54:02", "elapsed": 1800.415462, "delta": 0.002682}}
{"target": -15.162016076130637, "params": {"colsample_bytree": 0.5673086720783941, "eta": 0.0751319576936472, "gamma": 620.5796208545115, "max_depth": 3.0, "min_child_weight": 4175.027192806869, "num_boost_round": 6.0, "subsample": 0.9304626337432756}, "datetime": {"datetime": "2024-01-20 14:54:02", "elapsed": 1800.418112, "delta": 0.00265}}
{"target": -15.161596557685122, "params": {"colsample_bytree": 0.5673086720783941, "eta": 0.0751319576936472, "gamma": 620.5796208545115, "max_depth": 3.0, "min_child_weight": 4175.027192806869, "num_boost_round": 7.0, "subsample": 0.9304626337432756}, "datetime": {"datetime": "2024-01-20 14:54:02", "elapsed": 1800.42084, "delta": 0.002728}}
{"target": -15.159488673915842, "params": {"colsample_bytree": 0.5673086720783941, "eta": 0.0751319576936472, "gamma": 620.5796208545115, "max_depth": 3.0, "min_child_weight": 4175.027192806869, "num_boost_round": 8.0, "subsample": 0.9304626337432756}, "datetime": {"datetime": "2024-01-20 14:54:02", "elapsed": 1800.423665, "delta": 0.002825}}
{"target": -15.159732779215142, "params": {"colsample_bytree": 0.5673086720783941, "eta": 0.0751319576936472, "gamma": 620.5796208545115, "max_depth": 3.0, "min_child_weight": 4175.027192806869, "num_boost_round": 9.0, "subsample": 0.9304626337432756}, "datetime": {"datetime": "2024-01-20 14:54:02", "elapsed": 1800.42641, "delta": 0.002745}}
{"target": -15.159281182005557, "params": {"colsample_bytree": 0.5673086720783941, "eta": 0.0751319576936472, "gamma": 620.5796208545115, "max_depth": 3.0, "min_child_weight": 4175.027192806869, "num_boost_round": 10.0, "subsample": 0.9304626337432756}, "datetime": {"datetime": "2024-01-20 14:54:02", "elapsed": 1800.428998, "delta": 0.002588}}
{"target": -15.159537299857766, "params": {"colsample_bytree": 0.5673086720783941, "eta": 0.0751319576936472, "gamma": 620.5796208545115, "max_depth": 3.0, "min_child_weight": 4175.027192806869, "num_boost_round": 11.0, "subsample": 0.9304626337432756}, "datetime": {"datetime": "2024-01-20 14:54:02", "elapsed": 1800.431611, "delta": 0.002613}}
{"target": -15.158615701734117, "params": {"colsample_bytree": 0.5673086720783941, "eta": 0.0751319576936472, "gamma": 620.5796208545115, "max_depth": 3.0, "min_child_weight": 4175.027192806869, "num_boost_round": 12.0, "subsample": 0.9304626337432756}, "datetime": {"datetime": "2024-01-20 14:54:02", "elapsed": 1800.434203, "delta": 0.002592}}
{"target": -15.159476743798312, "params": {"colsample_bytree": 0.5673086720783941, "eta": 0.0751319576936472, "gamma": 620.5796208545115, "max_depth": 3.0, "min_child_weight": 4175.027192806869, "num_boost_round": 13.0, "subsample": 0.9304626337432756}, "datetime": {"datetime": "2024-01-20 14:54:02", "elapsed": 1800.436834, "delta": 0.002631}}
{"target": -15.158707539861012, "params": {"colsample_bytree": 0.5673086720783941, "eta": 0.0751319576936472, "gamma": 620.5796208545115, "max_depth": 3.0, "min_child_weight": 4175.027192806869, "num_boost_round": 14.0, "subsample": 0.9304626337432756}, "datetime": {"datetime": "2024-01-20 14:54:03", "elapsed": 1800.753961, "delta": 0.317127}}
{"target": -15.158683928230577, "params": {"colsample_bytree": 0.5673086720783941, "eta": 0.0751319576936472, "gamma": 620.5796208545115, "max_depth": 3.0, "min_child_weight": 4175.027192806869, "num_boost_round": 15.0, "subsample": 0.9304626337432756}, "datetime": {"datetime": "2024-01-20 14:54:03", "elapsed": 1800.757446, "delta": 0.003485}}
{"target": -15.158996029432076, "params": {"colsample_bytree": 0.5673086720783941, "eta": 0.0751319576936472, "gamma": 620.5796208545115, "max_depth": 3.0, "min_child_weight": 4175.027192806869, "num_boost_round": 16.0, "subsample": 0.9304626337432756}, "datetime": {"datetime": "2024-01-20 14:54:03", "elapsed": 1800.760596, "delta": 0.00315}}
{"target": -15.158637853260307, "params": {"colsample_bytree": 0.5673086720783941, "eta": 0.0751319576936472, "gamma": 620.5796208545115, "max_depth": 3.0, "min_child_weight": 4175.027192806869, "num_boost_round": 17.0, "subsample": 0.9304626337432756}, "datetime": {"datetime": "2024-01-20 14:54:03", "elapsed": 1800.763614, "delta": 0.003018}}
{"target": -15.1585010020397, "params": {"colsample_bytree": 0.5673086720783941, "eta": 0.0751319576936472, "gamma": 620.5796208545115, "max_depth": 3.0, "min_child_weight": 4175.027192806869, "num_boost_round": 18.0, "subsample": 0.9304626337432756}, "datetime": {"datetime": "2024-01-20 14:54:03", "elapsed": 1800.766559, "delta": 0.002945}}
{"target": -15.157671846111317, "params": {"colsample_bytree": 0.5673086720783941, "eta": 0.0751319576936472, "gamma": 620.5796208545115, "max_depth": 3.0, "min_child_weight": 4175.027192806869, "num_boost_round": 19.0, "subsample": 0.9304626337432756}, "datetime": {"datetime": "2024-01-20 14:54:03", "elapsed": 1800.76942, "delta": 0.002861}}
{"target": -15.157792117604384, "params": {"colsample_bytree": 0.5673086720783941, "eta": 0.0751319576936472, "gamma": 620.5796208545115, "max_depth": 3.0, "min_child_weight": 4175.027192806869, "num_boost_round": 20.0, "subsample": 0.9304626337432756}, "datetime": {"datetime": "2024-01-20 14:54:03", "elapsed": 1800.772398, "delta": 0.002978}}
{"target": -15.156879090412172, "params": {"colsample_bytree": 0.5673086720783941, "eta": 0.0751319576936472, "gamma": 620.5796208545115, "max_depth": 3.0, "min_child_weight": 4175.027192806869, "num_boost_round": 21.0, "subsample": 0.9304626337432756}, "datetime": {"datetime": "2024-01-20 14:54:03", "elapsed": 1800.775321, "delta": 0.002923}}
{"target": -15.157295271101457, "params": {"colsample_bytree": 0.5673086720783941, "eta": 0.0751319576936472, "gamma": 620.5796208545115, "max_depth": 3.0, "min_child_weight": 4175.027192806869, "num_boost_round": 22.0, "subsample": 0.9304626337432756}, "datetime": {"datetime": "2024-01-20 14:54:03", "elapsed": 1800.778233, "delta": 0.002912}}
{"target": -15.157403312679154, "params": {"colsample_bytree": 0.5673086720783941, "eta": 0.0751319576936472, "gamma": 620.5796208545115, "max_depth": 3.0, "min_child_weight": 4175.027192806869, "num_boost_round": 23.0, "subsample": 0.9304626337432756}, "datetime": {"datetime": "2024-01-20 14:54:03", "elapsed": 1800.781231, "delta": 0.002998}}
{"target": -15.15664454532611, "params": {"colsample_bytree": 0.5673086720783941, "eta": 0.0751319576936472, "gamma": 620.5796208545115, "max_depth": 3.0, "min_child_weight": 4175.027192806869, "num_boost_round": 24.0, "subsample": 0.9304626337432756}, "datetime": {"datetime": "2024-01-20 14:54:03", "elapsed": 1800.784251, "delta": 0.00302}}
{"target": -15.15732688131465, "params": {"colsample_bytree": 0.5673086720783941, "eta": 0.0751319576936472, "gamma": 620.5796208545115, "max_depth": 3.0, "min_child_weight": 4175.027192806869, "num_boost_round": 25.0, "subsample": 0.9304626337432756}, "datetime": {"datetime": "2024-01-20 14:54:03", "elapsed": 1800.78718, "delta": 0.002929}}
{"target": -15.157971781935125, "params": {"colsample_bytree": 0.5673086720783941, "eta": 0.0751319576936472, "gamma": 620.5796208545115, "max_depth": 3.0, "min_child_weight": 4175.027192806869, "num_boost_round": 26.0, "subsample": 0.9304626337432756}, "datetime": {"datetime": "2024-01-20 14:54:03", "elapsed": 1800.790178, "delta": 0.002998}}
{"target": -15.157886495915797, "params": {"colsample_bytree": 0.5673086720783941, "eta": 0.0751319576936472, "gamma": 620.5796208545115, "max_depth": 3.0, "min_child_weight": 4175.027192806869, "num_boost_round": 27.0, "subsample": 0.9304626337432756}, "datetime": {"datetime": "2024-01-20 14:54:03", "elapsed": 1800.793059, "delta": 0.002881}}
{"target": -15.15796351769081, "params": {"colsample_bytree": 0.5673086720783941, "eta": 0.0751319576936472, "gamma": 620.5796208545115, "max_depth": 3.0, "min_child_weight": 4175.027192806869, "num_boost_round": 28.0, "subsample": 0.9304626337432756}, "datetime": {"datetime": "2024-01-20 14:54:03", "elapsed": 1800.795941, "delta": 0.002882}}
{"target": -15.15762321059749, "params": {"colsample_bytree": 0.5673086720783941, "eta": 0.0751319576936472, "gamma": 620.5796208545115, "max_depth": 3.0, "min_child_weight": 4175.027192806869, "num_boost_round": 29.0, "subsample": 0.9304626337432756}, "datetime": {"datetime": "2024-01-20 14:54:03", "elapsed": 1800.798897, "delta": 0.002956}}
{"target": -15.158293977701527, "params": {"colsample_bytree": 0.5673086720783941, "eta": 0.0751319576936472, "gamma": 620.5796208545115, "max_depth": 3.0, "min_child_weight": 4175.027192806869, "num_boost_round": 30.0, "subsample": 0.9304626337432756}, "datetime": {"datetime": "2024-01-20 14:54:03", "elapsed": 1800.801885, "delta": 0.002988}}
{"target": -15.158335536588137, "params": {"colsample_bytree": 0.5673086720783941, "eta": 0.0751319576936472, "gamma": 620.5796208545115, "max_depth": 3.0, "min_child_weight": 4175.027192806869, "num_boost_round": 31.0, "subsample": 0.9304626337432756}, "datetime": {"datetime": "2024-01-20 14:54:03", "elapsed": 1800.805525, "delta": 0.00364}}
{"target": -15.158409852591351, "params": {"colsample_bytree": 0.5673086720783941, "eta": 0.0751319576936472, "gamma": 620.5796208545115, "max_depth": 3.0, "min_child_weight": 4175.027192806869, "num_boost_round": 32.0, "subsample": 0.9304626337432756}, "datetime": {"datetime": "2024-01-20 14:54:03", "elapsed": 1800.808679, "delta": 0.003154}}
{"target": -15.158162478359738, "params": {"colsample_bytree": 0.5673086720783941, "eta": 0.0751319576936472, "gamma": 620.5796208545115, "max_depth": 3.0, "min_child_weight": 4175.027192806869, "num_boost_round": 33.0, "subsample": 0.9304626337432756}, "datetime": {"datetime": "2024-01-20 14:54:03", "elapsed": 1800.812784, "delta": 0.004105}}
{"target": -15.158161183252176, "params": {"colsample_bytree": 0.5673086720783941, "eta": 0.0751319576936472, "gamma": 620.5796208545115, "max_depth": 3.0, "min_child_weight": 4175.027192806869, "num_boost_round": 34.0, "subsample": 0.9304626337432756}, "datetime": {"datetime": "2024-01-20 14:54:03", "elapsed": 1800.816121, "delta": 0.003337}}
{"target": -15.172388756794959, "params": {"colsample_bytree": 0.12244108281348891, "eta": 0.02059285346158614, "gamma": 450.12263666172305, "max_depth": 5.0, "min_child_weight": 4389.472091412409, "num_boost_round": 1.0, "subsample": 0.6062846509865657}, "datetime": {"datetime": "2024-01-20 14:55:10", "elapsed": 1868.337099, "delta": 67.520978}}
{"target": -15.171840960173881, "params": {"colsample_bytree": 0.12244108281348891, "eta": 0.02059285346158614, "gamma": 450.12263666172305, "max_depth": 5.0, "min_child_weight": 4389.472091412409, "num_boost_round": 2.0, "subsample": 0.6062846509865657}, "datetime": {"datetime": "2024-01-20 14:55:10", "elapsed": 1868.34175, "delta": 0.004651}}
{"target": -15.171851462772814, "params": {"colsample_bytree": 0.12244108281348891, "eta": 0.02059285346158614, "gamma": 450.12263666172305, "max_depth": 5.0, "min_child_weight": 4389.472091412409, "num_boost_round": 3.0, "subsample": 0.6062846509865657}, "datetime": {"datetime": "2024-01-20 14:55:10", "elapsed": 1868.344733, "delta": 0.002983}}
{"target": -15.171938686264497, "params": {"colsample_bytree": 0.12244108281348891, "eta": 0.02059285346158614, "gamma": 450.12263666172305, "max_depth": 5.0, "min_child_weight": 4389.472091412409, "num_boost_round": 4.0, "subsample": 0.6062846509865657}, "datetime": {"datetime": "2024-01-20 14:55:10", "elapsed": 1868.347656, "delta": 0.002923}}
{"target": -15.171148951269316, "params": {"colsample_bytree": 0.12244108281348891, "eta": 0.02059285346158614, "gamma": 450.12263666172305, "max_depth": 5.0, "min_child_weight": 4389.472091412409, "num_boost_round": 5.0, "subsample": 0.6062846509865657}, "datetime": {"datetime": "2024-01-20 14:55:10", "elapsed": 1868.350495, "delta": 0.002839}}
{"target": -15.170553942905535, "params": {"colsample_bytree": 0.12244108281348891, "eta": 0.02059285346158614, "gamma": 450.12263666172305, "max_depth": 5.0, "min_child_weight": 4389.472091412409, "num_boost_round": 6.0, "subsample": 0.6062846509865657}, "datetime": {"datetime": "2024-01-20 14:55:10", "elapsed": 1868.353426, "delta": 0.002931}}
{"target": -15.170038587238313, "params": {"colsample_bytree": 0.12244108281348891, "eta": 0.02059285346158614, "gamma": 450.12263666172305, "max_depth": 5.0, "min_child_weight": 4389.472091412409, "num_boost_round": 7.0, "subsample": 0.6062846509865657}, "datetime": {"datetime": "2024-01-20 14:55:10", "elapsed": 1868.35611, "delta": 0.002684}}
{"target": -15.169453887311267, "params": {"colsample_bytree": 0.12244108281348891, "eta": 0.02059285346158614, "gamma": 450.12263666172305, "max_depth": 5.0, "min_child_weight": 4389.472091412409, "num_boost_round": 8.0, "subsample": 0.6062846509865657}, "datetime": {"datetime": "2024-01-20 14:55:10", "elapsed": 1868.358822, "delta": 0.002712}}
{"target": -15.169453505402032, "params": {"colsample_bytree": 0.12244108281348891, "eta": 0.02059285346158614, "gamma": 450.12263666172305, "max_depth": 5.0, "min_child_weight": 4389.472091412409, "num_boost_round": 9.0, "subsample": 0.6062846509865657}, "datetime": {"datetime": "2024-01-20 14:55:10", "elapsed": 1868.361635, "delta": 0.002813}}
{"target": -15.168953812538152, "params": {"colsample_bytree": 0.12244108281348891, "eta": 0.02059285346158614, "gamma": 450.12263666172305, "max_depth": 5.0, "min_child_weight": 4389.472091412409, "num_boost_round": 10.0, "subsample": 0.6062846509865657}, "datetime": {"datetime": "2024-01-20 14:55:10", "elapsed": 1868.364358, "delta": 0.002723}}
{"target": -15.168897250860951, "params": {"colsample_bytree": 0.12244108281348891, "eta": 0.02059285346158614, "gamma": 450.12263666172305, "max_depth": 5.0, "min_child_weight": 4389.472091412409, "num_boost_round": 11.0, "subsample": 0.6062846509865657}, "datetime": {"datetime": "2024-01-20 14:55:10", "elapsed": 1868.367059, "delta": 0.002701}}
{"target": -15.168788383147572, "params": {"colsample_bytree": 0.12244108281348891, "eta": 0.02059285346158614, "gamma": 450.12263666172305, "max_depth": 5.0, "min_child_weight": 4389.472091412409, "num_boost_round": 12.0, "subsample": 0.6062846509865657}, "datetime": {"datetime": "2024-01-20 14:55:10", "elapsed": 1868.369807, "delta": 0.002748}}
{"target": -15.16883279812472, "params": {"colsample_bytree": 0.12244108281348891, "eta": 0.02059285346158614, "gamma": 450.12263666172305, "max_depth": 5.0, "min_child_weight": 4389.472091412409, "num_boost_round": 13.0, "subsample": 0.6062846509865657}, "datetime": {"datetime": "2024-01-20 14:55:10", "elapsed": 1868.372868, "delta": 0.003061}}
{"target": -15.168750361116746, "params": {"colsample_bytree": 0.12244108281348891, "eta": 0.02059285346158614, "gamma": 450.12263666172305, "max_depth": 5.0, "min_child_weight": 4389.472091412409, "num_boost_round": 14.0, "subsample": 0.6062846509865657}, "datetime": {"datetime": "2024-01-20 14:55:10", "elapsed": 1868.375638, "delta": 0.00277}}
{"target": -15.16871580545675, "params": {"colsample_bytree": 0.12244108281348891, "eta": 0.02059285346158614, "gamma": 450.12263666172305, "max_depth": 5.0, "min_child_weight": 4389.472091412409, "num_boost_round": 15.0, "subsample": 0.6062846509865657}, "datetime": {"datetime": "2024-01-20 14:55:10", "elapsed": 1868.37842, "delta": 0.002782}}
{"target": -15.168253187722405, "params": {"colsample_bytree": 0.12244108281348891, "eta": 0.02059285346158614, "gamma": 450.12263666172305, "max_depth": 5.0, "min_child_weight": 4389.472091412409, "num_boost_round": 16.0, "subsample": 0.6062846509865657}, "datetime": {"datetime": "2024-01-20 14:55:10", "elapsed": 1868.381209, "delta": 0.002789}}
{"target": -15.167651827872639, "params": {"colsample_bytree": 0.12244108281348891, "eta": 0.02059285346158614, "gamma": 450.12263666172305, "max_depth": 5.0, "min_child_weight": 4389.472091412409, "num_boost_round": 17.0, "subsample": 0.6062846509865657}, "datetime": {"datetime": "2024-01-20 14:55:10", "elapsed": 1868.383892, "delta": 0.002683}}
{"target": -15.16762532540352, "params": {"colsample_bytree": 0.12244108281348891, "eta": 0.02059285346158614, "gamma": 450.12263666172305, "max_depth": 5.0, "min_child_weight": 4389.472091412409, "num_boost_round": 18.0, "subsample": 0.6062846509865657}, "datetime": {"datetime": "2024-01-20 14:55:10", "elapsed": 1868.386567, "delta": 0.002675}}
{"target": -15.167090146503313, "params": {"colsample_bytree": 0.12244108281348891, "eta": 0.02059285346158614, "gamma": 450.12263666172305, "max_depth": 5.0, "min_child_weight": 4389.472091412409, "num_boost_round": 19.0, "subsample": 0.6062846509865657}, "datetime": {"datetime": "2024-01-20 14:55:10", "elapsed": 1868.389254, "delta": 0.002687}}
{"target": -15.167077511495876, "params": {"colsample_bytree": 0.12244108281348891, "eta": 0.02059285346158614, "gamma": 450.12263666172305, "max_depth": 5.0, "min_child_weight": 4389.472091412409, "num_boost_round": 20.0, "subsample": 0.6062846509865657}, "datetime": {"datetime": "2024-01-20 14:55:10", "elapsed": 1868.392091, "delta": 0.002837}}
{"target": -15.16658962490168, "params": {"colsample_bytree": 0.12244108281348891, "eta": 0.02059285346158614, "gamma": 450.12263666172305, "max_depth": 5.0, "min_child_weight": 4389.472091412409, "num_boost_round": 21.0, "subsample": 0.6062846509865657}, "datetime": {"datetime": "2024-01-20 14:55:10", "elapsed": 1868.394973, "delta": 0.002882}}
{"target": -15.166583589711692, "params": {"colsample_bytree": 0.12244108281348891, "eta": 0.02059285346158614, "gamma": 450.12263666172305, "max_depth": 5.0, "min_child_weight": 4389.472091412409, "num_boost_round": 22.0, "subsample": 0.6062846509865657}, "datetime": {"datetime": "2024-01-20 14:55:10", "elapsed": 1868.397774, "delta": 0.002801}}
{"target": -15.166567567363344, "params": {"colsample_bytree": 0.12244108281348891, "eta": 0.02059285346158614, "gamma": 450.12263666172305, "max_depth": 5.0, "min_child_weight": 4389.472091412409, "num_boost_round": 23.0, "subsample": 0.6062846509865657}, "datetime": {"datetime": "2024-01-20 14:55:10", "elapsed": 1868.400607, "delta": 0.002833}}
{"target": -15.166593212208815, "params": {"colsample_bytree": 0.12244108281348891, "eta": 0.02059285346158614, "gamma": 450.12263666172305, "max_depth": 5.0, "min_child_weight": 4389.472091412409, "num_boost_round": 24.0, "subsample": 0.6062846509865657}, "datetime": {"datetime": "2024-01-20 14:55:10", "elapsed": 1868.403527, "delta": 0.00292}}
{"target": -15.166609897561731, "params": {"colsample_bytree": 0.12244108281348891, "eta": 0.02059285346158614, "gamma": 450.12263666172305, "max_depth": 5.0, "min_child_weight": 4389.472091412409, "num_boost_round": 25.0, "subsample": 0.6062846509865657}, "datetime": {"datetime": "2024-01-20 14:55:10", "elapsed": 1868.406288, "delta": 0.002761}}
{"target": -15.166543886109528, "params": {"colsample_bytree": 0.12244108281348891, "eta": 0.02059285346158614, "gamma": 450.12263666172305, "max_depth": 5.0, "min_child_weight": 4389.472091412409, "num_boost_round": 26.0, "subsample": 0.6062846509865657}, "datetime": {"datetime": "2024-01-20 14:55:10", "elapsed": 1868.408925, "delta": 0.002637}}
{"target": -15.166116304302573, "params": {"colsample_bytree": 0.12244108281348891, "eta": 0.02059285346158614, "gamma": 450.12263666172305, "max_depth": 5.0, "min_child_weight": 4389.472091412409, "num_boost_round": 27.0, "subsample": 0.6062846509865657}, "datetime": {"datetime": "2024-01-20 14:55:10", "elapsed": 1868.411644, "delta": 0.002719}}
{"target": -15.166138690091213, "params": {"colsample_bytree": 0.12244108281348891, "eta": 0.02059285346158614, "gamma": 450.12263666172305, "max_depth": 5.0, "min_child_weight": 4389.472091412409, "num_boost_round": 28.0, "subsample": 0.6062846509865657}, "datetime": {"datetime": "2024-01-20 14:55:10", "elapsed": 1868.414305, "delta": 0.002661}}
{"target": -15.166135313710113, "params": {"colsample_bytree": 0.12244108281348891, "eta": 0.02059285346158614, "gamma": 450.12263666172305, "max_depth": 5.0, "min_child_weight": 4389.472091412409, "num_boost_round": 29.0, "subsample": 0.6062846509865657}, "datetime": {"datetime": "2024-01-20 14:55:10", "elapsed": 1868.416959, "delta": 0.002654}}
{"target": -15.16608121642101, "params": {"colsample_bytree": 0.12244108281348891, "eta": 0.02059285346158614, "gamma": 450.12263666172305, "max_depth": 5.0, "min_child_weight": 4389.472091412409, "num_boost_round": 30.0, "subsample": 0.6062846509865657}, "datetime": {"datetime": "2024-01-20 14:55:10", "elapsed": 1868.419735, "delta": 0.002776}}
{"target": -15.166267357018182, "params": {"colsample_bytree": 0.12244108281348891, "eta": 0.02059285346158614, "gamma": 450.12263666172305, "max_depth": 5.0, "min_child_weight": 4389.472091412409, "num_boost_round": 31.0, "subsample": 0.6062846509865657}, "datetime": {"datetime": "2024-01-20 14:55:10", "elapsed": 1868.422531, "delta": 0.002796}}
{"target": -15.166346913145116, "params": {"colsample_bytree": 0.12244108281348891, "eta": 0.02059285346158614, "gamma": 450.12263666172305, "max_depth": 5.0, "min_child_weight": 4389.472091412409, "num_boost_round": 32.0, "subsample": 0.6062846509865657}, "datetime": {"datetime": "2024-01-20 14:55:10", "elapsed": 1868.425337, "delta": 0.002806}}
{"target": -15.166315034098037, "params": {"colsample_bytree": 0.12244108281348891, "eta": 0.02059285346158614, "gamma": 450.12263666172305, "max_depth": 5.0, "min_child_weight": 4389.472091412409, "num_boost_round": 33.0, "subsample": 0.6062846509865657}, "datetime": {"datetime": "2024-01-20 14:55:10", "elapsed": 1868.428013, "delta": 0.002676}}
