{"target": -13.495501602277223, "params": {"colsample_bytree": 0.29426274088434323, "eta": 0.012213883182755896, "gamma": 552.2759628901109, "max_depth": 9.0, "min_child_weight": 4371.700437267131, "num_boost_round": 45.0, "subsample": 0.39819628962467946}, "datetime": {"datetime": "2024-01-20 14:43:23", "elapsed": 1156.961262, "delta": 0.001742}}
{"target": -13.49548277099061, "params": {"colsample_bytree": 0.29426274088434323, "eta": 0.012213883182755896, "gamma": 552.2759628901109, "max_depth": 9.0, "min_child_weight": 4371.700437267131, "num_boost_round": 46.0, "subsample": 0.39819628962467946}, "datetime": {"datetime": "2024-01-20 14:43:23", "elapsed": 1156.963491, "delta": 0.002229}}
{"target": -13.495392271237407, "params": {"colsample_bytree": 0.29426274088434323, "eta": 0.012213883182755896, "gamma": 552.2759628901109, "max_depth": 9.0, "min_child_weight": 4371.700437267131, "num_boost_round": 47.0, "subsample": 0.39819628962467946}, "datetime": {"datetime": "2024-01-20 14:43:23", "elapsed": 1156.965903, "delta": 0.002412}}
{"target": -13.495345832532774, "params": {"colsample_bytree": 0.29426274088434323, "eta": 0.012213883182755896, "gamma": 552.2759628901109, "max_depth": 9.0, "min_child_weight": 4371.700437267131, "num_boost_round": 48.0, "subsample": 0.39819628962467946}, "datetime": {"datetime": "2024-01-20 14:43:23", "elapsed": 1156.968376, "delta": 0.002473}}
{"target": -13.495315489757544, "params": {"colsample_bytree": 0.29426274088434323, "eta": 0.012213883182755896, "gamma": 552.2759628901109, "max_depth": 9.0, "min_child_weight": 4371.700437267131, "num_boost_round": 49.0, "subsample": 0.39819628962467946}, "datetime": {"datetime": "2024-01-20 14:43:23", "elapsed": 1156.970296, "delta": 0.00192}}
{"target": -13.49527609140923, "params": {"colsample_bytree": 0.29426274088434323, "eta": 0.012213883182755896, "gamma": 552.2759628901109, "max_depth": 9.0, "min_child_weight": 4371.700437267131, "num_boost_round": 50.0, "subsample": 0.39819628962467946}, "datetime": {"datetime": "2024-01-20 14:43:23", "elapsed": 1156.972129, "delta": 0.001833}}
{"target": -13.495239382303211, "params": {"colsample_bytree": 0.29426274088434323, "eta": 0.012213883182755896, "gamma": 552.2759628901109, "max_depth": 9.0, "min_child_weight": 4371.700437267131, "num_boost_round": 51.0, "subsample": 0.39819628962467946}, "datetime": {"datetime": "2024-01-20 14:43:23", "elapsed": 1156.973946, "delta": 0.001817}}
{"target": -13.495221484206382, "params": {"colsample_bytree": 0.29426274088434323, "eta": 0.012213883182755896, "gamma": 552.2759628901109, "max_depth": 9.0, "min_child_weight": 4371.700437267131, "num_boost_round": 52.0, "subsample": 0.39819628962467946}, "datetime": {"datetime": "2024-01-20 14:43:23", "elapsed": 1156.975774, "delta": 0.001828}}
{"target": -13.495241001994843, "params": {"colsample_bytree": 0.29426274088434323, "eta": 0.012213883182755896, "gamma": 552.2759628901109, "max_depth": 9.0, "min_child_weight": 4371.700437267131, "num_boost_round": 53.0, "subsample": 0.39819628962467946}, "datetime": {"datetime": "2024-01-20 14:43:23", "elapsed": 1156.977503, "delta": 0.001729}}
{"target": -13.4952140786223, "params": {"colsample_bytree": 0.29426274088434323, "eta": 0.012213883182755896, "gamma": 552.2759628901109, "max_depth": 9.0, "min_child_weight": 4371.700437267131, "num_boost_round": 54.0, "subsample": 0.39819628962467946}, "datetime": {"datetime": "2024-01-20 14:43:23", "elapsed": 1156.979244, "delta": 0.001741}}
{"target": -13.495196460019699, "params": {"colsample_bytree": 0.29426274088434323, "eta": 0.012213883182755896, "gamma": 552.2759628901109, "max_depth": 9.0, "min_child_weight": 4371.700437267131, "num_boost_round": 55.0, "subsample": 0.39819628962467946}, "datetime": {"datetime": "2024-01-20 14:43:23", "elapsed": 1156.981028, "delta": 0.001784}}
{"target": -13.495198109485518, "params": {"colsample_bytree": 0.29426274088434323, "eta": 0.012213883182755896, "gamma": 552.2759628901109, "max_depth": 9.0, "min_child_weight": 4371.700437267131, "num_boost_round": 56.0, "subsample": 0.39819628962467946}, "datetime": {"datetime": "2024-01-20 14:43:23", "elapsed": 1156.982803, "delta": 0.001775}}
{"target": -13.495191877630084, "params": {"colsample_bytree": 0.29426274088434323, "eta": 0.012213883182755896, "gamma": 552.2759628901109, "max_depth": 9.0, "min_child_weight": 4371.700437267131, "num_boost_round": 57.0, "subsample": 0.39819628962467946}, "datetime": {"datetime": "2024-01-20 14:43:23", "elapsed": 1156.984557, "delta": 0.001754}}
{"target": -13.495159124563074, "params": {"colsample_bytree": 0.29426274088434323, "eta": 0.012213883182755896, "gamma": 552.2759628901109, "max_depth": 9.0, "min_child_weight": 4371.700437267131, "num_boost_round": 58.0, "subsample": 0.39819628962467946}, "datetime": {"datetime": "2024-01-20 14:43:23", "elapsed": 1156.986329, "delta": 0.001772}}
{"target": -13.495146198848861, "params": {"colsample_bytree": 0.29426274088434323, "eta": 0.012213883182755896, "gamma": 552.2759628901109, "max_depth": 9.0, "min_child_weight": 4371.700437267131, "num_boost_round": 59.0, "subsample": 0.39819628962467946}, "datetime": {"datetime": "2024-01-20 14:43:23", "elapsed": 1156.988102, "delta": 0.001773}}
{"target": -13.495146156480601, "params": {"colsample_bytree": 0.29426274088434323, "eta": 0.012213883182755896, "gamma": 552.2759628901109, "max_depth": 9.0, "min_child_weight": 4371.700437267131, "num_boost_round": 60.0, "subsample": 0.39819628962467946}, "datetime": {"datetime": "2024-01-20 14:43:23", "elapsed": 1156.989864, "delta": 0.001762}}
{"target": -13.495104893543147, "params": {"colsample_bytree": 0.29426274088434323, "eta": 0.012213883182755896, "gamma": 552.2759628901109, "max_depth": 9.0, "min_child_weight": 4371.700437267131, "num_boost_round": 61.0, "subsample": 0.39819628962467946}, "datetime": {"datetime": "2024-01-20 14:43:23", "elapsed": 1156.991619, "delta": 0.001755}}
{"target": -13.495074133189604, "params": {"colsample_bytree": 0.29426274088434323, "eta": 0.012213883182755896, "gamma": 552.2759628901109, "max_depth": 9.0, "min_child_weight": 4371.700437267131, "num_boost_round": 62.0, "subsample": 0.39819628962467946}, "datetime": {"datetime": "2024-01-20 14:43:23", "elapsed": 1156.993385, "delta": 0.001766}}
{"target": -13.495059873663607, "params": {"colsample_bytree": 0.29426274088434323, "eta": 0.012213883182755896, "gamma": 552.2759628901109, "max_depth": 9.0, "min_child_weight": 4371.700437267131, "num_boost_round": 63.0, "subsample": 0.39819628962467946}, "datetime": {"datetime": "2024-01-20 14:43:23", "elapsed": 1156.995145, "delta": 0.00176}}
{"target": -13.495024497108677, "params": {"colsample_bytree": 0.29426274088434323, "eta": 0.012213883182755896, "gamma": 552.2759628901109, "max_depth": 9.0, "min_child_weight": 4371.700437267131, "num_boost_round": 64.0, "subsample": 0.39819628962467946}, "datetime": {"datetime": "2024-01-20 14:43:23", "elapsed": 1156.99691, "delta": 0.001765}}
{"target": -13.494986356868564, "params": {"colsample_bytree": 0.29426274088434323, "eta": 0.012213883182755896, "gamma": 552.2759628901109, "max_depth": 9.0, "min_child_weight": 4371.700437267131, "num_boost_round": 65.0, "subsample": 0.39819628962467946}, "datetime": {"datetime": "2024-01-20 14:43:23", "elapsed": 1156.99866, "delta": 0.00175}}
{"target": -13.494964104268279, "params": {"colsample_bytree": 0.29426274088434323, "eta": 0.012213883182755896, "gamma": 552.2759628901109, "max_depth": 9.0, "min_child_weight": 4371.700437267131, "num_boost_round": 66.0, "subsample": 0.39819628962467946}, "datetime": {"datetime": "2024-01-20 14:43:23", "elapsed": 1157.00042, "delta": 0.00176}}
{"target": -13.494989208145329, "params": {"colsample_bytree": 0.29426274088434323, "eta": 0.012213883182755896, "gamma": 552.2759628901109, "max_depth": 9.0, "min_child_weight": 4371.700437267131, "num_boost_round": 67.0, "subsample": 0.39819628962467946}, "datetime": {"datetime": "2024-01-20 14:43:23", "elapsed": 1157.002192, "delta": 0.001772}}
{"target": -13.495004866050813, "params": {"colsample_bytree": 0.29426274088434323, "eta": 0.012213883182755896, "gamma": 552.2759628901109, "max_depth": 9.0, "min_child_weight": 4371.700437267131, "num_boost_round": 68.0, "subsample": 0.39819628962467946}, "datetime": {"datetime": "2024-01-20 14:43:23", "elapsed": 1157.003959, "delta": 0.001767}}
{"target": -13.494957453911088, "params": {"colsample_bytree": 0.29426274088434323, "eta": 0.012213883182755896, "gamma": 552.2759628901109, "max_depth": 9.0, "min_child_weight": 4371.700437267131, "num_boost_round": 69.0, "subsample": 0.39819628962467946}, "datetime": {"datetime": "2024-01-20 14:43:23", "elapsed": 1157.005699, "delta": 0.00174}}
{"target": -13.494916958625527, "params": {"colsample_bytree": 0.29426274088434323, "eta": 0.012213883182755896, "gamma": 552.2759628901109, "max_depth": 9.0, "min_child_weight": 4371.700437267131, "num_boost_round": 70.0, "subsample": 0.39819628962467946}, "datetime": {"datetime": "2024-01-20 14:43:23", "elapsed": 1157.007474, "delta": 0.001775}}
{"target": -13.494882482304293, "params": {"colsample_bytree": 0.29426274088434323, "eta": 0.012213883182755896, "gamma": 552.2759628901109, "max_depth": 9.0, "min_child_weight": 4371.700437267131, "num_boost_round": 71.0, "subsample": 0.39819628962467946}, "datetime": {"datetime": "2024-01-20 14:43:23", "elapsed": 1157.009223, "delta": 0.001749}}
{"target": -13.494891167364386, "params": {"colsample_bytree": 0.29426274088434323, "eta": 0.012213883182755896, "gamma": 552.2759628901109, "max_depth": 9.0, "min_child_weight": 4371.700437267131, "num_boost_round": 72.0, "subsample": 0.39819628962467946}, "datetime": {"datetime": "2024-01-20 14:43:23", "elapsed": 1157.010996, "delta": 0.001773}}
{"target": -13.49492410345545, "params": {"colsample_bytree": 0.29426274088434323, "eta": 0.012213883182755896, "gamma": 552.2759628901109, "max_depth": 9.0, "min_child_weight": 4371.700437267131, "num_boost_round": 73.0, "subsample": 0.39819628962467946}, "datetime": {"datetime": "2024-01-20 14:43:23", "elapsed": 1157.012766, "delta": 0.00177}}
{"target": -13.494854130119451, "params": {"colsample_bytree": 0.29426274088434323, "eta": 0.012213883182755896, "gamma": 552.2759628901109, "max_depth": 9.0, "min_child_weight": 4371.700437267131, "num_boost_round": 74.0, "subsample": 0.39819628962467946}, "datetime": {"datetime": "2024-01-20 14:43:23", "elapsed": 1157.015031, "delta": 0.002265}}
{"target": -13.494840923900298, "params": {"colsample_bytree": 0.29426274088434323, "eta": 0.012213883182755896, "gamma": 552.2759628901109, "max_depth": 9.0, "min_child_weight": 4371.700437267131, "num_boost_round": 75.0, "subsample": 0.39819628962467946}, "datetime": {"datetime": "2024-01-20 14:43:23", "elapsed": 1157.016939, "delta": 0.001908}}
{"target": -13.494796084530499, "params": {"colsample_bytree": 0.29426274088434323, "eta": 0.012213883182755896, "gamma": 552.2759628901109, "max_depth": 9.0, "min_child_weight": 4371.700437267131, "num_boost_round": 76.0, "subsample": 0.39819628962467946}, "datetime": {"datetime": "2024-01-20 14:43:23", "elapsed": 1157.018769, "delta": 0.00183}}
{"target": -13.494766307244536, "params": {"colsample_bytree": 0.29426274088434323, "eta": 0.012213883182755896, "gamma": 552.2759628901109, "max_depth": 9.0, "min_child_weight": 4371.700437267131, "num_boost_round": 77.0, "subsample": 0.39819628962467946}, "datetime": {"datetime": "2024-01-20 14:43:23", "elapsed": 1157.02049, "delta": 0.001721}}
{"target": -13.494705719538125, "params": {"colsample_bytree": 0.29426274088434323, "eta": 0.012213883182755896, "gamma": 552.2759628901109, "max_depth": 9.0, "min_child_weight": 4371.700437267131, "num_boost_round": 78.0, "subsample": 0.39819628962467946}, "datetime": {"datetime": "2024-01-20 14:43:23", "elapsed": 1157.022239, "delta": 0.001749}}
{"target": -13.494691771580957, "params": {"colsample_bytree": 0.29426274088434323, "eta": 0.012213883182755896, "gamma": 552.2759628901109, "max_depth": 9.0, "min_child_weight": 4371.700437267131, "num_boost_round": 79.0, "subsample": 0.39819628962467946}, "datetime": {"datetime": "2024-01-20 14:43:23", "elapsed": 1157.024019, "delta": 0.00178}}
{"target": -13.497884724922354, "params": {"colsample_bytree": 0.8463044852105919, "eta": 0.001589645401489977, "gamma": 532.5426805569733, "max_depth": 3.0, "min_child_weight": 4331.124904576266, "num_boost_round": 1.0, "subsample": 0.27006730316474964}, "datetime": {"datetime": "2024-01-20 14:44:17", "elapsed": 1211.221961, "delta": 54.197942}}
{"target": -13.497868590062112, "params": {"colsample_bytree": 0.8463044852105919, "eta": 0.001589645401489977, "gamma": 532.5426805569733, "max_depth": 3.0, "min_child_weight": 4331.124904576266, "num_boost_round": 2.0, "subsample": 0.27006730316474964}, "datetime": {"datetime": "2024-01-20 14:44:17", "elapsed": 1211.224851, "delta": 0.00289}}
{"target": -13.49785191438704, "params": {"colsample_bytree": 0.8463044852105919, "eta": 0.001589645401489977, "gamma": 532.5426805569733, "max_depth": 3.0, "min_child_weight": 4331.124904576266, "num_boost_round": 3.0, "subsample": 0.27006730316474964}, "datetime": {"datetime": "2024-01-20 14:44:17", "elapsed": 1211.227292, "delta": 0.002441}}
{"target": -13.497834458518142, "params": {"colsample_bytree": 0.8463044852105919, "eta": 0.001589645401489977, "gamma": 532.5426805569733, "max_depth": 3.0, "min_child_weight": 4331.124904576266, "num_boost_round": 4.0, "subsample": 0.27006730316474964}, "datetime": {"datetime": "2024-01-20 14:44:17", "elapsed": 1211.229061, "delta": 0.001769}}
{"target": -13.497815665283017, "params": {"colsample_bytree": 0.8463044852105919, "eta": 0.001589645401489977, "gamma": 532.5426805569733, "max_depth": 3.0, "min_child_weight": 4331.124904576266, "num_boost_round": 5.0, "subsample": 0.27006730316474964}, "datetime": {"datetime": "2024-01-20 14:44:17", "elapsed": 1211.230857, "delta": 0.001796}}
{"target": -13.49779462902754, "params": {"colsample_bytree": 0.8463044852105919, "eta": 0.001589645401489977, "gamma": 532.5426805569733, "max_depth": 3.0, "min_child_weight": 4331.124904576266, "num_boost_round": 6.0, "subsample": 0.27006730316474964}, "datetime": {"datetime": "2024-01-20 14:44:17", "elapsed": 1211.232792, "delta": 0.001935}}
{"target": -13.497777951860849, "params": {"colsample_bytree": 0.8463044852105919, "eta": 0.001589645401489977, "gamma": 532.5426805569733, "max_depth": 3.0, "min_child_weight": 4331.124904576266, "num_boost_round": 7.0, "subsample": 0.27006730316474964}, "datetime": {"datetime": "2024-01-20 14:44:17", "elapsed": 1211.234731, "delta": 0.001939}}
{"target": -13.497758309106757, "params": {"colsample_bytree": 0.8463044852105919, "eta": 0.001589645401489977, "gamma": 532.5426805569733, "max_depth": 3.0, "min_child_weight": 4331.124904576266, "num_boost_round": 8.0, "subsample": 0.27006730316474964}, "datetime": {"datetime": "2024-01-20 14:44:17", "elapsed": 1211.236626, "delta": 0.001895}}
{"target": -13.497745043482453, "params": {"colsample_bytree": 0.8463044852105919, "eta": 0.001589645401489977, "gamma": 532.5426805569733, "max_depth": 3.0, "min_child_weight": 4331.124904576266, "num_boost_round": 9.0, "subsample": 0.27006730316474964}, "datetime": {"datetime": "2024-01-20 14:44:17", "elapsed": 1211.238485, "delta": 0.001859}}
{"target": -13.497728666722683, "params": {"colsample_bytree": 0.8463044852105919, "eta": 0.001589645401489977, "gamma": 532.5426805569733, "max_depth": 3.0, "min_child_weight": 4331.124904576266, "num_boost_round": 10.0, "subsample": 0.27006730316474964}, "datetime": {"datetime": "2024-01-20 14:44:17", "elapsed": 1211.240233, "delta": 0.001748}}
{"target": -13.49771776153682, "params": {"colsample_bytree": 0.8463044852105919, "eta": 0.001589645401489977, "gamma": 532.5426805569733, "max_depth": 3.0, "min_child_weight": 4331.124904576266, "num_boost_round": 11.0, "subsample": 0.27006730316474964}, "datetime": {"datetime": "2024-01-20 14:44:17", "elapsed": 1211.241981, "delta": 0.001748}}
{"target": -13.497703064871931, "params": {"colsample_bytree": 0.8463044852105919, "eta": 0.001589645401489977, "gamma": 532.5426805569733, "max_depth": 3.0, "min_child_weight": 4331.124904576266, "num_boost_round": 12.0, "subsample": 0.27006730316474964}, "datetime": {"datetime": "2024-01-20 14:44:17", "elapsed": 1211.243716, "delta": 0.001735}}
{"target": -13.497689171387307, "params": {"colsample_bytree": 0.8463044852105919, "eta": 0.001589645401489977, "gamma": 532.5426805569733, "max_depth": 3.0, "min_child_weight": 4331.124904576266, "num_boost_round": 13.0, "subsample": 0.27006730316474964}, "datetime": {"datetime": "2024-01-20 14:44:17", "elapsed": 1211.245459, "delta": 0.001743}}
{"target": -13.497672097069822, "params": {"colsample_bytree": 0.8463044852105919, "eta": 0.001589645401489977, "gamma": 532.5426805569733, "max_depth": 3.0, "min_child_weight": 4331.124904576266, "num_boost_round": 14.0, "subsample": 0.27006730316474964}, "datetime": {"datetime": "2024-01-20 14:44:17", "elapsed": 1211.247218, "delta": 0.001759}}
{"target": -13.497657187419758, "params": {"colsample_bytree": 0.8463044852105919, "eta": 0.001589645401489977, "gamma": 532.5426805569733, "max_depth": 3.0, "min_child_weight": 4331.124904576266, "num_boost_round": 15.0, "subsample": 0.27006730316474964}, "datetime": {"datetime": "2024-01-20 14:44:17", "elapsed": 1211.248984, "delta": 0.001766}}
{"target": -13.497642063794462, "params": {"colsample_bytree": 0.8463044852105919, "eta": 0.001589645401489977, "gamma": 532.5426805569733, "max_depth": 3.0, "min_child_weight": 4331.124904576266, "num_boost_round": 16.0, "subsample": 0.27006730316474964}, "datetime": {"datetime": "2024-01-20 14:44:17", "elapsed": 1211.250776, "delta": 0.001792}}
{"target": -13.497622503685347, "params": {"colsample_bytree": 0.8463044852105919, "eta": 0.001589645401489977, "gamma": 532.5426805569733, "max_depth": 3.0, "min_child_weight": 4331.124904576266, "num_boost_round": 17.0, "subsample": 0.27006730316474964}, "datetime": {"datetime": "2024-01-20 14:44:17", "elapsed": 1211.252653, "delta": 0.001877}}
{"target": -13.497607341203455, "params": {"colsample_bytree": 0.8463044852105919, "eta": 0.001589645401489977, "gamma": 532.5426805569733, "max_depth": 3.0, "min_child_weight": 4331.124904576266, "num_boost_round": 18.0, "subsample": 0.27006730316474964}, "datetime": {"datetime": "2024-01-20 14:44:17", "elapsed": 1211.254409, "delta": 0.001756}}
{"target": -13.497593242215425, "params": {"colsample_bytree": 0.8463044852105919, "eta": 0.001589645401489977, "gamma": 532.5426805569733, "max_depth": 3.0, "min_child_weight": 4331.124904576266, "num_boost_round": 19.0, "subsample": 0.27006730316474964}, "datetime": {"datetime": "2024-01-20 14:44:17", "elapsed": 1211.256202, "delta": 0.001793}}
{"target": -13.497577865949527, "params": {"colsample_bytree": 0.8463044852105919, "eta": 0.001589645401489977, "gamma": 532.5426805569733, "max_depth": 3.0, "min_child_weight": 4331.124904576266, "num_boost_round": 20.0, "subsample": 0.27006730316474964}, "datetime": {"datetime": "2024-01-20 14:44:17", "elapsed": 1211.258013, "delta": 0.001811}}
{"target": -13.497559803113692, "params": {"colsample_bytree": 0.8463044852105919, "eta": 0.001589645401489977, "gamma": 532.5426805569733, "max_depth": 3.0, "min_child_weight": 4331.124904576266, "num_boost_round": 21.0, "subsample": 0.27006730316474964}, "datetime": {"datetime": "2024-01-20 14:44:17", "elapsed": 1211.259775, "delta": 0.001762}}
{"target": -13.497546288195888, "params": {"colsample_bytree": 0.8463044852105919, "eta": 0.001589645401489977, "gamma": 532.5426805569733, "max_depth": 3.0, "min_child_weight": 4331.124904576266, "num_boost_round": 22.0, "subsample": 0.27006730316474964}, "datetime": {"datetime": "2024-01-20 14:44:17", "elapsed": 1211.261527, "delta": 0.001752}}
{"target": -13.497527765484847, "params": {"colsample_bytree": 0.8463044852105919, "eta": 0.001589645401489977, "gamma": 532.5426805569733, "max_depth": 3.0, "min_child_weight": 4331.124904576266, "num_boost_round": 23.0, "subsample": 0.27006730316474964}, "datetime": {"datetime": "2024-01-20 14:44:17", "elapsed": 1211.263282, "delta": 0.001755}}
{"target": -13.497517561193336, "params": {"colsample_bytree": 0.8463044852105919, "eta": 0.001589645401489977, "gamma": 532.5426805569733, "max_depth": 3.0, "min_child_weight": 4331.124904576266, "num_boost_round": 24.0, "subsample": 0.27006730316474964}, "datetime": {"datetime": "2024-01-20 14:44:17", "elapsed": 1211.265039, "delta": 0.001757}}
{"target": -13.497505157833103, "params": {"colsample_bytree": 0.8463044852105919, "eta": 0.001589645401489977, "gamma": 532.5426805569733, "max_depth": 3.0, "min_child_weight": 4331.124904576266, "num_boost_round": 25.0, "subsample": 0.27006730316474964}, "datetime": {"datetime": "2024-01-20 14:44:17", "elapsed": 1211.266795, "delta": 0.001756}}
{"target": -13.49748734729557, "params": {"colsample_bytree": 0.8463044852105919, "eta": 0.001589645401489977, "gamma": 532.5426805569733, "max_depth": 3.0, "min_child_weight": 4331.124904576266, "num_boost_round": 26.0, "subsample": 0.27006730316474964}, "datetime": {"datetime": "2024-01-20 14:44:17", "elapsed": 1211.268561, "delta": 0.001766}}
{"target": -13.497474965380304, "params": {"colsample_bytree": 0.8463044852105919, "eta": 0.001589645401489977, "gamma": 532.5426805569733, "max_depth": 3.0, "min_child_weight": 4331.124904576266, "num_boost_round": 27.0, "subsample": 0.27006730316474964}, "datetime": {"datetime": "2024-01-20 14:44:17", "elapsed": 1211.270326, "delta": 0.001765}}
{"target": -13.497457595659043, "params": {"colsample_bytree": 0.8463044852105919, "eta": 0.001589645401489977, "gamma": 532.5426805569733, "max_depth": 3.0, "min_child_weight": 4331.124904576266, "num_boost_round": 28.0, "subsample": 0.27006730316474964}, "datetime": {"datetime": "2024-01-20 14:44:17", "elapsed": 1211.272176, "delta": 0.00185}}
