{"target": -15.156338608329811, "params": {"colsample_bytree": 0.32954958663254186, "eta": 0.0581358750181343, "gamma": 561.8844912980051, "max_depth": 5.0, "min_child_weight": 4254.445312331072, "num_boost_round": 19.0, "subsample": 0.4569396920762857}, "datetime": {"datetime": "2024-01-20 14:29:43", "elapsed": 340.828226, "delta": 0.000807}}
{"target": -15.155900528790164, "params": {"colsample_bytree": 0.32954958663254186, "eta": 0.0581358750181343, "gamma": 561.8844912980051, "max_depth": 5.0, "min_child_weight": 4254.445312331072, "num_boost_round": 20.0, "subsample": 0.4569396920762857}, "datetime": {"datetime": "2024-01-20 14:29:43", "elapsed": 340.829038, "delta": 0.000812}}
{"target": -15.155578505350359, "params": {"colsample_bytree": 0.32954958663254186, "eta": 0.0581358750181343, "gamma": 561.8844912980051, "max_depth": 5.0, "min_child_weight": 4254.445312331072, "num_boost_round": 21.0, "subsample": 0.4569396920762857}, "datetime": {"datetime": "2024-01-20 14:29:43", "elapsed": 340.829853, "delta": 0.000815}}
{"target": -15.155580678773035, "params": {"colsample_bytree": 0.32954958663254186, "eta": 0.0581358750181343, "gamma": 561.8844912980051, "max_depth": 5.0, "min_child_weight": 4254.445312331072, "num_boost_round": 22.0, "subsample": 0.4569396920762857}, "datetime": {"datetime": "2024-01-20 14:29:43", "elapsed": 340.830664, "delta": 0.000811}}
{"target": -15.155720803298886, "params": {"colsample_bytree": 0.32954958663254186, "eta": 0.0581358750181343, "gamma": 561.8844912980051, "max_depth": 5.0, "min_child_weight": 4254.445312331072, "num_boost_round": 23.0, "subsample": 0.4569396920762857}, "datetime": {"datetime": "2024-01-20 14:29:43", "elapsed": 340.831476, "delta": 0.000812}}
{"target": -15.155199328635419, "params": {"colsample_bytree": 0.32954958663254186, "eta": 0.0581358750181343, "gamma": 561.8844912980051, "max_depth": 5.0, "min_child_weight": 4254.445312331072, "num_boost_round": 24.0, "subsample": 0.4569396920762857}, "datetime": {"datetime": "2024-01-20 14:29:43", "elapsed": 340.832391, "delta": 0.000915}}
{"target": -15.15528321071655, "params": {"colsample_bytree": 0.32954958663254186, "eta": 0.0581358750181343, "gamma": 561.8844912980051, "max_depth": 5.0, "min_child_weight": 4254.445312331072, "num_boost_round": 25.0, "subsample": 0.4569396920762857}, "datetime": {"datetime": "2024-01-20 14:29:43", "elapsed": 340.833191, "delta": 0.0008}}
{"target": -15.154972657397701, "params": {"colsample_bytree": 0.32954958663254186, "eta": 0.0581358750181343, "gamma": 561.8844912980051, "max_depth": 5.0, "min_child_weight": 4254.445312331072, "num_boost_round": 26.0, "subsample": 0.4569396920762857}, "datetime": {"datetime": "2024-01-20 14:29:43", "elapsed": 340.834023, "delta": 0.000832}}
{"target": -15.15476745473995, "params": {"colsample_bytree": 0.32954958663254186, "eta": 0.0581358750181343, "gamma": 561.8844912980051, "max_depth": 5.0, "min_child_weight": 4254.445312331072, "num_boost_round": 27.0, "subsample": 0.4569396920762857}, "datetime": {"datetime": "2024-01-20 14:29:43", "elapsed": 340.834835, "delta": 0.000812}}
{"target": -15.154598743279218, "params": {"colsample_bytree": 0.32954958663254186, "eta": 0.0581358750181343, "gamma": 561.8844912980051, "max_depth": 5.0, "min_child_weight": 4254.445312331072, "num_boost_round": 28.0, "subsample": 0.4569396920762857}, "datetime": {"datetime": "2024-01-20 14:29:43", "elapsed": 340.835647, "delta": 0.000812}}
{"target": -15.15353845595407, "params": {"colsample_bytree": 0.32954958663254186, "eta": 0.0581358750181343, "gamma": 561.8844912980051, "max_depth": 5.0, "min_child_weight": 4254.445312331072, "num_boost_round": 29.0, "subsample": 0.4569396920762857}, "datetime": {"datetime": "2024-01-20 14:29:43", "elapsed": 340.836473, "delta": 0.000826}}
{"target": -15.153008658051863, "params": {"colsample_bytree": 0.32954958663254186, "eta": 0.0581358750181343, "gamma": 561.8844912980051, "max_depth": 5.0, "min_child_weight": 4254.445312331072, "num_boost_round": 30.0, "subsample": 0.4569396920762857}, "datetime": {"datetime": "2024-01-20 14:29:43", "elapsed": 340.837286, "delta": 0.000813}}
{"target": -15.153422549903016, "params": {"colsample_bytree": 0.32954958663254186, "eta": 0.0581358750181343, "gamma": 561.8844912980051, "max_depth": 5.0, "min_child_weight": 4254.445312331072, "num_boost_round": 31.0, "subsample": 0.4569396920762857}, "datetime": {"datetime": "2024-01-20 14:29:43", "elapsed": 340.838108, "delta": 0.000822}}
{"target": -15.153236532428998, "params": {"colsample_bytree": 0.32954958663254186, "eta": 0.0581358750181343, "gamma": 561.8844912980051, "max_depth": 5.0, "min_child_weight": 4254.445312331072, "num_boost_round": 32.0, "subsample": 0.4569396920762857}, "datetime": {"datetime": "2024-01-20 14:29:43", "elapsed": 340.838927, "delta": 0.000819}}
{"target": -15.153120101798054, "params": {"colsample_bytree": 0.32954958663254186, "eta": 0.0581358750181343, "gamma": 561.8844912980051, "max_depth": 5.0, "min_child_weight": 4254.445312331072, "num_boost_round": 33.0, "subsample": 0.4569396920762857}, "datetime": {"datetime": "2024-01-20 14:29:43", "elapsed": 340.839796, "delta": 0.000869}}
{"target": -15.153678468295723, "params": {"colsample_bytree": 0.32954958663254186, "eta": 0.0581358750181343, "gamma": 561.8844912980051, "max_depth": 5.0, "min_child_weight": 4254.445312331072, "num_boost_round": 34.0, "subsample": 0.4569396920762857}, "datetime": {"datetime": "2024-01-20 14:29:43", "elapsed": 340.840651, "delta": 0.000855}}
{"target": -15.153390614823454, "params": {"colsample_bytree": 0.32954958663254186, "eta": 0.0581358750181343, "gamma": 561.8844912980051, "max_depth": 5.0, "min_child_weight": 4254.445312331072, "num_boost_round": 35.0, "subsample": 0.4569396920762857}, "datetime": {"datetime": "2024-01-20 14:29:43", "elapsed": 340.841617, "delta": 0.000966}}
{"target": -15.15348538369221, "params": {"colsample_bytree": 0.32954958663254186, "eta": 0.0581358750181343, "gamma": 561.8844912980051, "max_depth": 5.0, "min_child_weight": 4254.445312331072, "num_boost_round": 36.0, "subsample": 0.4569396920762857}, "datetime": {"datetime": "2024-01-20 14:29:43", "elapsed": 340.842544, "delta": 0.000927}}
{"target": -15.152981099040153, "params": {"colsample_bytree": 0.32954958663254186, "eta": 0.0581358750181343, "gamma": 561.8844912980051, "max_depth": 5.0, "min_child_weight": 4254.445312331072, "num_boost_round": 37.0, "subsample": 0.4569396920762857}, "datetime": {"datetime": "2024-01-20 14:29:43", "elapsed": 340.843399, "delta": 0.000855}}
{"target": -15.15314049778601, "params": {"colsample_bytree": 0.32954958663254186, "eta": 0.0581358750181343, "gamma": 561.8844912980051, "max_depth": 5.0, "min_child_weight": 4254.445312331072, "num_boost_round": 38.0, "subsample": 0.4569396920762857}, "datetime": {"datetime": "2024-01-20 14:29:43", "elapsed": 340.84423, "delta": 0.000831}}
{"target": -15.171571724360208, "params": {"colsample_bytree": 0.3076785345400933, "eta": 0.07897166998549776, "gamma": 567.4994389311578, "max_depth": 8.0, "min_child_weight": 4263.683527297622, "num_boost_round": 1.0, "subsample": 0.8348052870135073}, "datetime": {"datetime": "2024-01-20 14:30:23", "elapsed": 380.653181, "delta": 39.808951}}
{"target": -15.169969868015924, "params": {"colsample_bytree": 0.3076785345400933, "eta": 0.07897166998549776, "gamma": 567.4994389311578, "max_depth": 8.0, "min_child_weight": 4263.683527297622, "num_boost_round": 2.0, "subsample": 0.8348052870135073}, "datetime": {"datetime": "2024-01-20 14:30:23", "elapsed": 380.65471, "delta": 0.001529}}
{"target": -15.1676301094566, "params": {"colsample_bytree": 0.3076785345400933, "eta": 0.07897166998549776, "gamma": 567.4994389311578, "max_depth": 8.0, "min_child_weight": 4263.683527297622, "num_boost_round": 3.0, "subsample": 0.8348052870135073}, "datetime": {"datetime": "2024-01-20 14:30:23", "elapsed": 380.655604, "delta": 0.000894}}
{"target": -15.167646607963635, "params": {"colsample_bytree": 0.3076785345400933, "eta": 0.07897166998549776, "gamma": 567.4994389311578, "max_depth": 8.0, "min_child_weight": 4263.683527297622, "num_boost_round": 4.0, "subsample": 0.8348052870135073}, "datetime": {"datetime": "2024-01-20 14:30:23", "elapsed": 380.657075, "delta": 0.001471}}
{"target": -15.164376178285305, "params": {"colsample_bytree": 0.3076785345400933, "eta": 0.07897166998549776, "gamma": 567.4994389311578, "max_depth": 8.0, "min_child_weight": 4263.683527297622, "num_boost_round": 5.0, "subsample": 0.8348052870135073}, "datetime": {"datetime": "2024-01-20 14:30:23", "elapsed": 380.658229, "delta": 0.001154}}
{"target": -15.162651058730575, "params": {"colsample_bytree": 0.3076785345400933, "eta": 0.07897166998549776, "gamma": 567.4994389311578, "max_depth": 8.0, "min_child_weight": 4263.683527297622, "num_boost_round": 6.0, "subsample": 0.8348052870135073}, "datetime": {"datetime": "2024-01-20 14:30:23", "elapsed": 380.659193, "delta": 0.000964}}
{"target": -15.161916168572176, "params": {"colsample_bytree": 0.3076785345400933, "eta": 0.07897166998549776, "gamma": 567.4994389311578, "max_depth": 8.0, "min_child_weight": 4263.683527297622, "num_boost_round": 7.0, "subsample": 0.8348052870135073}, "datetime": {"datetime": "2024-01-20 14:30:23", "elapsed": 380.660079, "delta": 0.000886}}
{"target": -15.161770509722938, "params": {"colsample_bytree": 0.3076785345400933, "eta": 0.07897166998549776, "gamma": 567.4994389311578, "max_depth": 8.0, "min_child_weight": 4263.683527297622, "num_boost_round": 8.0, "subsample": 0.8348052870135073}, "datetime": {"datetime": "2024-01-20 14:30:23", "elapsed": 380.660954, "delta": 0.000875}}
{"target": -15.16153149681713, "params": {"colsample_bytree": 0.3076785345400933, "eta": 0.07897166998549776, "gamma": 567.4994389311578, "max_depth": 8.0, "min_child_weight": 4263.683527297622, "num_boost_round": 9.0, "subsample": 0.8348052870135073}, "datetime": {"datetime": "2024-01-20 14:30:23", "elapsed": 380.661925, "delta": 0.000971}}
{"target": -15.16091300370844, "params": {"colsample_bytree": 0.3076785345400933, "eta": 0.07897166998549776, "gamma": 567.4994389311578, "max_depth": 8.0, "min_child_weight": 4263.683527297622, "num_boost_round": 10.0, "subsample": 0.8348052870135073}, "datetime": {"datetime": "2024-01-20 14:30:23", "elapsed": 380.662813, "delta": 0.000888}}
{"target": -15.160966482489389, "params": {"colsample_bytree": 0.3076785345400933, "eta": 0.07897166998549776, "gamma": 567.4994389311578, "max_depth": 8.0, "min_child_weight": 4263.683527297622, "num_boost_round": 11.0, "subsample": 0.8348052870135073}, "datetime": {"datetime": "2024-01-20 14:30:23", "elapsed": 380.663693, "delta": 0.00088}}
{"target": -15.161240587526532, "params": {"colsample_bytree": 0.3076785345400933, "eta": 0.07897166998549776, "gamma": 567.4994389311578, "max_depth": 8.0, "min_child_weight": 4263.683527297622, "num_boost_round": 12.0, "subsample": 0.8348052870135073}, "datetime": {"datetime": "2024-01-20 14:30:23", "elapsed": 380.664574, "delta": 0.000881}}
{"target": -15.161448065641551, "params": {"colsample_bytree": 0.3076785345400933, "eta": 0.07897166998549776, "gamma": 567.4994389311578, "max_depth": 8.0, "min_child_weight": 4263.683527297622, "num_boost_round": 13.0, "subsample": 0.8348052870135073}, "datetime": {"datetime": "2024-01-20 14:30:23", "elapsed": 380.665477, "delta": 0.000903}}
{"target": -15.16058138399963, "params": {"colsample_bytree": 0.3076785345400933, "eta": 0.07897166998549776, "gamma": 567.4994389311578, "max_depth": 8.0, "min_child_weight": 4263.683527297622, "num_boost_round": 14.0, "subsample": 0.8348052870135073}, "datetime": {"datetime": "2024-01-20 14:30:23", "elapsed": 380.666361, "delta": 0.000884}}
{"target": -15.160421086251958, "params": {"colsample_bytree": 0.3076785345400933, "eta": 0.07897166998549776, "gamma": 567.4994389311578, "max_depth": 8.0, "min_child_weight": 4263.683527297622, "num_boost_round": 15.0, "subsample": 0.8348052870135073}, "datetime": {"datetime": "2024-01-20 14:30:23", "elapsed": 380.667231, "delta": 0.00087}}
{"target": -15.16120349124201, "params": {"colsample_bytree": 0.3076785345400933, "eta": 0.07897166998549776, "gamma": 567.4994389311578, "max_depth": 8.0, "min_child_weight": 4263.683527297622, "num_boost_round": 16.0, "subsample": 0.8348052870135073}, "datetime": {"datetime": "2024-01-20 14:30:23", "elapsed": 380.668139, "delta": 0.000908}}
{"target": -15.160545201865906, "params": {"colsample_bytree": 0.3076785345400933, "eta": 0.07897166998549776, "gamma": 567.4994389311578, "max_depth": 8.0, "min_child_weight": 4263.683527297622, "num_boost_round": 17.0, "subsample": 0.8348052870135073}, "datetime": {"datetime": "2024-01-20 14:30:23", "elapsed": 380.669036, "delta": 0.000897}}
{"target": -15.160667720990425, "params": {"colsample_bytree": 0.3076785345400933, "eta": 0.07897166998549776, "gamma": 567.4994389311578, "max_depth": 8.0, "min_child_weight": 4263.683527297622, "num_boost_round": 18.0, "subsample": 0.8348052870135073}, "datetime": {"datetime": "2024-01-20 14:30:23", "elapsed": 380.670058, "delta": 0.001022}}
{"target": -15.159817345630671, "params": {"colsample_bytree": 0.3076785345400933, "eta": 0.07897166998549776, "gamma": 567.4994389311578, "max_depth": 8.0, "min_child_weight": 4263.683527297622, "num_boost_round": 19.0, "subsample": 0.8348052870135073}, "datetime": {"datetime": "2024-01-20 14:30:23", "elapsed": 380.670945, "delta": 0.000887}}
{"target": -15.16047795025176, "params": {"colsample_bytree": 0.3076785345400933, "eta": 0.07897166998549776, "gamma": 567.4994389311578, "max_depth": 8.0, "min_child_weight": 4263.683527297622, "num_boost_round": 20.0, "subsample": 0.8348052870135073}, "datetime": {"datetime": "2024-01-20 14:30:23", "elapsed": 380.671913, "delta": 0.000968}}
{"target": -15.161205565749576, "params": {"colsample_bytree": 0.3076785345400933, "eta": 0.07897166998549776, "gamma": 567.4994389311578, "max_depth": 8.0, "min_child_weight": 4263.683527297622, "num_boost_round": 21.0, "subsample": 0.8348052870135073}, "datetime": {"datetime": "2024-01-20 14:30:23", "elapsed": 380.672799, "delta": 0.000886}}
{"target": -15.161534554104183, "params": {"colsample_bytree": 0.3076785345400933, "eta": 0.07897166998549776, "gamma": 567.4994389311578, "max_depth": 8.0, "min_child_weight": 4263.683527297622, "num_boost_round": 22.0, "subsample": 0.8348052870135073}, "datetime": {"datetime": "2024-01-20 14:30:23", "elapsed": 380.673694, "delta": 0.000895}}
{"target": -15.161530387903277, "params": {"colsample_bytree": 0.3076785345400933, "eta": 0.07897166998549776, "gamma": 567.4994389311578, "max_depth": 8.0, "min_child_weight": 4263.683527297622, "num_boost_round": 23.0, "subsample": 0.8348052870135073}, "datetime": {"datetime": "2024-01-20 14:30:23", "elapsed": 380.674588, "delta": 0.000894}}
{"target": -15.161178755038085, "params": {"colsample_bytree": 0.3076785345400933, "eta": 0.07897166998549776, "gamma": 567.4994389311578, "max_depth": 8.0, "min_child_weight": 4263.683527297622, "num_boost_round": 24.0, "subsample": 0.8348052870135073}, "datetime": {"datetime": "2024-01-20 14:30:23", "elapsed": 380.675507, "delta": 0.000919}}
{"target": -15.161410260462324, "params": {"colsample_bytree": 0.3076785345400933, "eta": 0.07897166998549776, "gamma": 567.4994389311578, "max_depth": 8.0, "min_child_weight": 4263.683527297622, "num_boost_round": 25.0, "subsample": 0.8348052870135073}, "datetime": {"datetime": "2024-01-20 14:30:23", "elapsed": 380.676407, "delta": 0.0009}}
{"target": -15.161270555365839, "params": {"colsample_bytree": 0.3076785345400933, "eta": 0.07897166998549776, "gamma": 567.4994389311578, "max_depth": 8.0, "min_child_weight": 4263.683527297622, "num_boost_round": 26.0, "subsample": 0.8348052870135073}, "datetime": {"datetime": "2024-01-20 14:30:23", "elapsed": 380.677293, "delta": 0.000886}}
{"target": -15.160987993079043, "params": {"colsample_bytree": 0.3076785345400933, "eta": 0.07897166998549776, "gamma": 567.4994389311578, "max_depth": 8.0, "min_child_weight": 4263.683527297622, "num_boost_round": 27.0, "subsample": 0.8348052870135073}, "datetime": {"datetime": "2024-01-20 14:30:23", "elapsed": 380.678189, "delta": 0.000896}}
{"target": -15.160991960261091, "params": {"colsample_bytree": 0.3076785345400933, "eta": 0.07897166998549776, "gamma": 567.4994389311578, "max_depth": 8.0, "min_child_weight": 4263.683527297622, "num_boost_round": 28.0, "subsample": 0.8348052870135073}, "datetime": {"datetime": "2024-01-20 14:30:23", "elapsed": 380.679088, "delta": 0.000899}}
{"target": -15.161214019165943, "params": {"colsample_bytree": 0.3076785345400933, "eta": 0.07897166998549776, "gamma": 567.4994389311578, "max_depth": 8.0, "min_child_weight": 4263.683527297622, "num_boost_round": 29.0, "subsample": 0.8348052870135073}, "datetime": {"datetime": "2024-01-20 14:30:23", "elapsed": 380.680029, "delta": 0.000941}}
{"target": -15.160894098096993, "params": {"colsample_bytree": 0.3076785345400933, "eta": 0.07897166998549776, "gamma": 567.4994389311578, "max_depth": 8.0, "min_child_weight": 4263.683527297622, "num_boost_round": 30.0, "subsample": 0.8348052870135073}, "datetime": {"datetime": "2024-01-20 14:30:23", "elapsed": 380.680924, "delta": 0.000895}}
{"target": -15.161586781085475, "params": {"colsample_bytree": 0.3076785345400933, "eta": 0.07897166998549776, "gamma": 567.4994389311578, "max_depth": 8.0, "min_child_weight": 4263.683527297622, "num_boost_round": 31.0, "subsample": 0.8348052870135073}, "datetime": {"datetime": "2024-01-20 14:30:23", "elapsed": 380.681849, "delta": 0.000925}}
{"target": -15.161742211818332, "params": {"colsample_bytree": 0.3076785345400933, "eta": 0.07897166998549776, "gamma": 567.4994389311578, "max_depth": 8.0, "min_child_weight": 4263.683527297622, "num_boost_round": 32.0, "subsample": 0.8348052870135073}, "datetime": {"datetime": "2024-01-20 14:30:23", "elapsed": 380.682765, "delta": 0.000916}}
{"target": -15.161889504039674, "params": {"colsample_bytree": 0.3076785345400933, "eta": 0.07897166998549776, "gamma": 567.4994389311578, "max_depth": 8.0, "min_child_weight": 4263.683527297622, "num_boost_round": 33.0, "subsample": 0.8348052870135073}, "datetime": {"datetime": "2024-01-20 14:30:23", "elapsed": 380.68367, "delta": 0.000905}}
{"target": -15.162914812184509, "params": {"colsample_bytree": 0.3076785345400933, "eta": 0.07897166998549776, "gamma": 567.4994389311578, "max_depth": 8.0, "min_child_weight": 4263.683527297622, "num_boost_round": 34.0, "subsample": 0.8348052870135073}, "datetime": {"datetime": "2024-01-20 14:30:23", "elapsed": 380.684572, "delta": 0.000902}}
{"target": -15.163047123524144, "params": {"colsample_bytree": 0.3076785345400933, "eta": 0.07897166998549776, "gamma": 567.4994389311578, "max_depth": 8.0, "min_child_weight": 4263.683527297622, "num_boost_round": 35.0, "subsample": 0.8348052870135073}, "datetime": {"datetime": "2024-01-20 14:30:23", "elapsed": 380.68547, "delta": 0.000898}}
{"target": -15.163236861358484, "params": {"colsample_bytree": 0.3076785345400933, "eta": 0.07897166998549776, "gamma": 567.4994389311578, "max_depth": 8.0, "min_child_weight": 4263.683527297622, "num_boost_round": 36.0, "subsample": 0.8348052870135073}, "datetime": {"datetime": "2024-01-20 14:30:23", "elapsed": 380.686367, "delta": 0.000897}}
{"target": -15.16402975257083, "params": {"colsample_bytree": 0.3076785345400933, "eta": 0.07897166998549776, "gamma": 567.4994389311578, "max_depth": 8.0, "min_child_weight": 4263.683527297622, "num_boost_round": 37.0, "subsample": 0.8348052870135073}, "datetime": {"datetime": "2024-01-20 14:30:23", "elapsed": 380.687261, "delta": 0.000894}}
{"target": -15.164107453805725, "params": {"colsample_bytree": 0.3076785345400933, "eta": 0.07897166998549776, "gamma": 567.4994389311578, "max_depth": 8.0, "min_child_weight": 4263.683527297622, "num_boost_round": 38.0, "subsample": 0.8348052870135073}, "datetime": {"datetime": "2024-01-20 14:30:23", "elapsed": 380.688158, "delta": 0.000897}}
{"target": -15.164602682823629, "params": {"colsample_bytree": 0.3076785345400933, "eta": 0.07897166998549776, "gamma": 567.4994389311578, "max_depth": 8.0, "min_child_weight": 4263.683527297622, "num_boost_round": 39.0, "subsample": 0.8348052870135073}, "datetime": {"datetime": "2024-01-20 14:30:23", "elapsed": 380.689058, "delta": 0.0009}}
{"target": -15.165022880105411, "params": {"colsample_bytree": 0.3076785345400933, "eta": 0.07897166998549776, "gamma": 567.4994389311578, "max_depth": 8.0, "min_child_weight": 4263.683527297622, "num_boost_round": 40.0, "subsample": 0.8348052870135073}, "datetime": {"datetime": "2024-01-20 14:30:23", "elapsed": 380.689963, "delta": 0.000905}}
{"target": -15.165012745017362, "params": {"colsample_bytree": 0.3076785345400933, "eta": 0.07897166998549776, "gamma": 567.4994389311578, "max_depth": 8.0, "min_child_weight": 4263.683527297622, "num_boost_round": 41.0, "subsample": 0.8348052870135073}, "datetime": {"datetime": "2024-01-20 14:30:23", "elapsed": 380.690868, "delta": 0.000905}}
{"target": -15.16633039746663, "params": {"colsample_bytree": 0.3076785345400933, "eta": 0.07897166998549776, "gamma": 567.4994389311578, "max_depth": 8.0, "min_child_weight": 4263.683527297622, "num_boost_round": 42.0, "subsample": 0.8348052870135073}, "datetime": {"datetime": "2024-01-20 14:30:23", "elapsed": 380.691798, "delta": 0.00093}}
{"target": -15.166366485157099, "params": {"colsample_bytree": 0.3076785345400933, "eta": 0.07897166998549776, "gamma": 567.4994389311578, "max_depth": 8.0, "min_child_weight": 4263.683527297622, "num_boost_round": 43.0, "subsample": 0.8348052870135073}, "datetime": {"datetime": "2024-01-20 14:30:23", "elapsed": 380.692978, "delta": 0.00118}}
