{"target": -13.499559438705953, "params": {"colsample_bytree": 0.660288388992385, "eta": 0.010404722419103691, "gamma": 535.6211283082883, "max_depth": 2.0, "min_child_weight": 3923.7545515652437, "num_boost_round": 51.0, "subsample": 0.8044606475373004}, "datetime": {"datetime": "2024-01-20 14:39:00", "elapsed": 893.966212, "delta": 0.001416}}
{"target": -13.499674066975778, "params": {"colsample_bytree": 0.660288388992385, "eta": 0.010404722419103691, "gamma": 535.6211283082883, "max_depth": 2.0, "min_child_weight": 3923.7545515652437, "num_boost_round": 52.0, "subsample": 0.8044606475373004}, "datetime": {"datetime": "2024-01-20 14:39:00", "elapsed": 893.967614, "delta": 0.001402}}
{"target": -13.499746071915858, "params": {"colsample_bytree": 0.660288388992385, "eta": 0.010404722419103691, "gamma": 535.6211283082883, "max_depth": 2.0, "min_child_weight": 3923.7545515652437, "num_boost_round": 53.0, "subsample": 0.8044606475373004}, "datetime": {"datetime": "2024-01-20 14:39:00", "elapsed": 893.969051, "delta": 0.001437}}
{"target": -13.499799681898182, "params": {"colsample_bytree": 0.660288388992385, "eta": 0.010404722419103691, "gamma": 535.6211283082883, "max_depth": 2.0, "min_child_weight": 3923.7545515652437, "num_boost_round": 54.0, "subsample": 0.8044606475373004}, "datetime": {"datetime": "2024-01-20 14:39:00", "elapsed": 893.970526, "delta": 0.001475}}
{"target": -13.49984589799218, "params": {"colsample_bytree": 0.660288388992385, "eta": 0.010404722419103691, "gamma": 535.6211283082883, "max_depth": 2.0, "min_child_weight": 3923.7545515652437, "num_boost_round": 55.0, "subsample": 0.8044606475373004}, "datetime": {"datetime": "2024-01-20 14:39:00", "elapsed": 893.971989, "delta": 0.001463}}
{"target": -13.499858002709125, "params": {"colsample_bytree": 0.660288388992385, "eta": 0.010404722419103691, "gamma": 535.6211283082883, "max_depth": 2.0, "min_child_weight": 3923.7545515652437, "num_boost_round": 56.0, "subsample": 0.8044606475373004}, "datetime": {"datetime": "2024-01-20 14:39:00", "elapsed": 893.973455, "delta": 0.001466}}
{"target": -13.499921870447084, "params": {"colsample_bytree": 0.660288388992385, "eta": 0.010404722419103691, "gamma": 535.6211283082883, "max_depth": 2.0, "min_child_weight": 3923.7545515652437, "num_boost_round": 57.0, "subsample": 0.8044606475373004}, "datetime": {"datetime": "2024-01-20 14:39:00", "elapsed": 893.974906, "delta": 0.001451}}
{"target": -13.49767516139555, "params": {"colsample_bytree": 0.9166504601797918, "eta": 0.04767746782615581, "gamma": 466.2690533193053, "max_depth": 6.0, "min_child_weight": 4265.129047381145, "num_boost_round": 1.0, "subsample": 0.6196225681373523}, "datetime": {"datetime": "2024-01-20 14:39:30", "elapsed": 923.547866, "delta": 29.57296}}
{"target": -13.497487440906873, "params": {"colsample_bytree": 0.9166504601797918, "eta": 0.04767746782615581, "gamma": 466.2690533193053, "max_depth": 6.0, "min_child_weight": 4265.129047381145, "num_boost_round": 2.0, "subsample": 0.6196225681373523}, "datetime": {"datetime": "2024-01-20 14:39:30", "elapsed": 923.551151, "delta": 0.003285}}
{"target": -13.497590672109606, "params": {"colsample_bytree": 0.9166504601797918, "eta": 0.04767746782615581, "gamma": 466.2690533193053, "max_depth": 6.0, "min_child_weight": 4265.129047381145, "num_boost_round": 3.0, "subsample": 0.6196225681373523}, "datetime": {"datetime": "2024-01-20 14:39:30", "elapsed": 923.552887, "delta": 0.001736}}
{"target": -13.497659473675192, "params": {"colsample_bytree": 0.9166504601797918, "eta": 0.04767746782615581, "gamma": 466.2690533193053, "max_depth": 6.0, "min_child_weight": 4265.129047381145, "num_boost_round": 4.0, "subsample": 0.6196225681373523}, "datetime": {"datetime": "2024-01-20 14:39:30", "elapsed": 923.55434, "delta": 0.001453}}
{"target": -13.497655437364337, "params": {"colsample_bytree": 0.9166504601797918, "eta": 0.04767746782615581, "gamma": 466.2690533193053, "max_depth": 6.0, "min_child_weight": 4265.129047381145, "num_boost_round": 5.0, "subsample": 0.6196225681373523}, "datetime": {"datetime": "2024-01-20 14:39:30", "elapsed": 923.555871, "delta": 0.001531}}
{"target": -13.497749007561024, "params": {"colsample_bytree": 0.9166504601797918, "eta": 0.04767746782615581, "gamma": 466.2690533193053, "max_depth": 6.0, "min_child_weight": 4265.129047381145, "num_boost_round": 6.0, "subsample": 0.6196225681373523}, "datetime": {"datetime": "2024-01-20 14:39:30", "elapsed": 923.557381, "delta": 0.00151}}
{"target": -13.497645925855597, "params": {"colsample_bytree": 0.9166504601797918, "eta": 0.04767746782615581, "gamma": 466.2690533193053, "max_depth": 6.0, "min_child_weight": 4265.129047381145, "num_boost_round": 7.0, "subsample": 0.6196225681373523}, "datetime": {"datetime": "2024-01-20 14:39:30", "elapsed": 923.55885, "delta": 0.001469}}
{"target": -13.497671432722044, "params": {"colsample_bytree": 0.9166504601797918, "eta": 0.04767746782615581, "gamma": 466.2690533193053, "max_depth": 6.0, "min_child_weight": 4265.129047381145, "num_boost_round": 8.0, "subsample": 0.6196225681373523}, "datetime": {"datetime": "2024-01-20 14:39:30", "elapsed": 923.560339, "delta": 0.001489}}
{"target": -13.497822681040805, "params": {"colsample_bytree": 0.9166504601797918, "eta": 0.04767746782615581, "gamma": 466.2690533193053, "max_depth": 6.0, "min_child_weight": 4265.129047381145, "num_boost_round": 9.0, "subsample": 0.6196225681373523}, "datetime": {"datetime": "2024-01-20 14:39:30", "elapsed": 923.561799, "delta": 0.00146}}
{"target": -13.497997003827157, "params": {"colsample_bytree": 0.9166504601797918, "eta": 0.04767746782615581, "gamma": 466.2690533193053, "max_depth": 6.0, "min_child_weight": 4265.129047381145, "num_boost_round": 10.0, "subsample": 0.6196225681373523}, "datetime": {"datetime": "2024-01-20 14:39:30", "elapsed": 923.563268, "delta": 0.001469}}
{"target": -13.49800972627509, "params": {"colsample_bytree": 0.9166504601797918, "eta": 0.04767746782615581, "gamma": 466.2690533193053, "max_depth": 6.0, "min_child_weight": 4265.129047381145, "num_boost_round": 11.0, "subsample": 0.6196225681373523}, "datetime": {"datetime": "2024-01-20 14:39:30", "elapsed": 923.564741, "delta": 0.001473}}
{"target": -13.498290650984213, "params": {"colsample_bytree": 0.9166504601797918, "eta": 0.04767746782615581, "gamma": 466.2690533193053, "max_depth": 6.0, "min_child_weight": 4265.129047381145, "num_boost_round": 12.0, "subsample": 0.6196225681373523}, "datetime": {"datetime": "2024-01-20 14:39:30", "elapsed": 923.566215, "delta": 0.001474}}
{"target": -13.49854309993395, "params": {"colsample_bytree": 0.9166504601797918, "eta": 0.04767746782615581, "gamma": 466.2690533193053, "max_depth": 6.0, "min_child_weight": 4265.129047381145, "num_boost_round": 13.0, "subsample": 0.6196225681373523}, "datetime": {"datetime": "2024-01-20 14:39:30", "elapsed": 923.567691, "delta": 0.001476}}
{"target": -13.498580268879227, "params": {"colsample_bytree": 0.9166504601797918, "eta": 0.04767746782615581, "gamma": 466.2690533193053, "max_depth": 6.0, "min_child_weight": 4265.129047381145, "num_boost_round": 14.0, "subsample": 0.6196225681373523}, "datetime": {"datetime": "2024-01-20 14:39:30", "elapsed": 923.569171, "delta": 0.00148}}
{"target": -13.498370610161517, "params": {"colsample_bytree": 0.9166504601797918, "eta": 0.04767746782615581, "gamma": 466.2690533193053, "max_depth": 6.0, "min_child_weight": 4265.129047381145, "num_boost_round": 15.0, "subsample": 0.6196225681373523}, "datetime": {"datetime": "2024-01-20 14:39:30", "elapsed": 923.570646, "delta": 0.001475}}
{"target": -13.498620862692395, "params": {"colsample_bytree": 0.9166504601797918, "eta": 0.04767746782615581, "gamma": 466.2690533193053, "max_depth": 6.0, "min_child_weight": 4265.129047381145, "num_boost_round": 16.0, "subsample": 0.6196225681373523}, "datetime": {"datetime": "2024-01-20 14:39:30", "elapsed": 923.57224, "delta": 0.001594}}
{"target": -13.498780119600395, "params": {"colsample_bytree": 0.9166504601797918, "eta": 0.04767746782615581, "gamma": 466.2690533193053, "max_depth": 6.0, "min_child_weight": 4265.129047381145, "num_boost_round": 17.0, "subsample": 0.6196225681373523}, "datetime": {"datetime": "2024-01-20 14:39:30", "elapsed": 923.573714, "delta": 0.001474}}
{"target": -13.499116006052711, "params": {"colsample_bytree": 0.9166504601797918, "eta": 0.04767746782615581, "gamma": 466.2690533193053, "max_depth": 6.0, "min_child_weight": 4265.129047381145, "num_boost_round": 18.0, "subsample": 0.6196225681373523}, "datetime": {"datetime": "2024-01-20 14:39:30", "elapsed": 923.575237, "delta": 0.001523}}
{"target": -13.499339972946764, "params": {"colsample_bytree": 0.9166504601797918, "eta": 0.04767746782615581, "gamma": 466.2690533193053, "max_depth": 6.0, "min_child_weight": 4265.129047381145, "num_boost_round": 19.0, "subsample": 0.6196225681373523}, "datetime": {"datetime": "2024-01-20 14:39:30", "elapsed": 923.576714, "delta": 0.001477}}
{"target": -13.4994952944074, "params": {"colsample_bytree": 0.9166504601797918, "eta": 0.04767746782615581, "gamma": 466.2690533193053, "max_depth": 6.0, "min_child_weight": 4265.129047381145, "num_boost_round": 20.0, "subsample": 0.6196225681373523}, "datetime": {"datetime": "2024-01-20 14:39:30", "elapsed": 923.578198, "delta": 0.001484}}
{"target": -13.499821494592439, "params": {"colsample_bytree": 0.9166504601797918, "eta": 0.04767746782615581, "gamma": 466.2690533193053, "max_depth": 6.0, "min_child_weight": 4265.129047381145, "num_boost_round": 21.0, "subsample": 0.6196225681373523}, "datetime": {"datetime": "2024-01-20 14:39:30", "elapsed": 923.579678, "delta": 0.00148}}
{"target": -13.500067600550796, "params": {"colsample_bytree": 0.9166504601797918, "eta": 0.04767746782615581, "gamma": 466.2690533193053, "max_depth": 6.0, "min_child_weight": 4265.129047381145, "num_boost_round": 22.0, "subsample": 0.6196225681373523}, "datetime": {"datetime": "2024-01-20 14:39:30", "elapsed": 923.581205, "delta": 0.001527}}
{"target": -13.500236396999561, "params": {"colsample_bytree": 0.9166504601797918, "eta": 0.04767746782615581, "gamma": 466.2690533193053, "max_depth": 6.0, "min_child_weight": 4265.129047381145, "num_boost_round": 23.0, "subsample": 0.6196225681373523}, "datetime": {"datetime": "2024-01-20 14:39:30", "elapsed": 923.582686, "delta": 0.001481}}
{"target": -13.497801445827113, "params": {"colsample_bytree": 0.28049755311523006, "eta": 0.019772363725241365, "gamma": 549.4650327473456, "max_depth": 5.0, "min_child_weight": 4380.122357587942, "num_boost_round": 1.0, "subsample": 0.22826810223360616}, "datetime": {"datetime": "2024-01-20 14:39:52", "elapsed": 946.155729, "delta": 22.573043}}
{"target": -13.49756222347074, "params": {"colsample_bytree": 0.28049755311523006, "eta": 0.019772363725241365, "gamma": 549.4650327473456, "max_depth": 5.0, "min_child_weight": 4380.122357587942, "num_boost_round": 2.0, "subsample": 0.22826810223360616}, "datetime": {"datetime": "2024-01-20 14:39:52", "elapsed": 946.158449, "delta": 0.00272}}
{"target": -13.497543083883622, "params": {"colsample_bytree": 0.28049755311523006, "eta": 0.019772363725241365, "gamma": 549.4650327473456, "max_depth": 5.0, "min_child_weight": 4380.122357587942, "num_boost_round": 3.0, "subsample": 0.22826810223360616}, "datetime": {"datetime": "2024-01-20 14:39:52", "elapsed": 946.160034, "delta": 0.001585}}
{"target": -13.497465566106364, "params": {"colsample_bytree": 0.28049755311523006, "eta": 0.019772363725241365, "gamma": 549.4650327473456, "max_depth": 5.0, "min_child_weight": 4380.122357587942, "num_boost_round": 4.0, "subsample": 0.22826810223360616}, "datetime": {"datetime": "2024-01-20 14:39:52", "elapsed": 946.161473, "delta": 0.001439}}
{"target": -13.497257257445032, "params": {"colsample_bytree": 0.28049755311523006, "eta": 0.019772363725241365, "gamma": 549.4650327473456, "max_depth": 5.0, "min_child_weight": 4380.122357587942, "num_boost_round": 5.0, "subsample": 0.22826810223360616}, "datetime": {"datetime": "2024-01-20 14:39:52", "elapsed": 946.162933, "delta": 0.00146}}
{"target": -13.497161423616479, "params": {"colsample_bytree": 0.28049755311523006, "eta": 0.019772363725241365, "gamma": 549.4650327473456, "max_depth": 5.0, "min_child_weight": 4380.122357587942, "num_boost_round": 6.0, "subsample": 0.22826810223360616}, "datetime": {"datetime": "2024-01-20 14:39:52", "elapsed": 946.164416, "delta": 0.001483}}
{"target": -13.49706304379208, "params": {"colsample_bytree": 0.28049755311523006, "eta": 0.019772363725241365, "gamma": 549.4650327473456, "max_depth": 5.0, "min_child_weight": 4380.122357587942, "num_boost_round": 7.0, "subsample": 0.22826810223360616}, "datetime": {"datetime": "2024-01-20 14:39:52", "elapsed": 946.165946, "delta": 0.00153}}
{"target": -13.496967455612403, "params": {"colsample_bytree": 0.28049755311523006, "eta": 0.019772363725241365, "gamma": 549.4650327473456, "max_depth": 5.0, "min_child_weight": 4380.122357587942, "num_boost_round": 8.0, "subsample": 0.22826810223360616}, "datetime": {"datetime": "2024-01-20 14:39:52", "elapsed": 946.16742, "delta": 0.001474}}
{"target": -13.496955910084267, "params": {"colsample_bytree": 0.28049755311523006, "eta": 0.019772363725241365, "gamma": 549.4650327473456, "max_depth": 5.0, "min_child_weight": 4380.122357587942, "num_boost_round": 9.0, "subsample": 0.22826810223360616}, "datetime": {"datetime": "2024-01-20 14:39:52", "elapsed": 946.168875, "delta": 0.001455}}
{"target": -13.496877760466178, "params": {"colsample_bytree": 0.28049755311523006, "eta": 0.019772363725241365, "gamma": 549.4650327473456, "max_depth": 5.0, "min_child_weight": 4380.122357587942, "num_boost_round": 10.0, "subsample": 0.22826810223360616}, "datetime": {"datetime": "2024-01-20 14:39:52", "elapsed": 946.170312, "delta": 0.001437}}
{"target": -13.496848107844274, "params": {"colsample_bytree": 0.28049755311523006, "eta": 0.019772363725241365, "gamma": 549.4650327473456, "max_depth": 5.0, "min_child_weight": 4380.122357587942, "num_boost_round": 11.0, "subsample": 0.22826810223360616}, "datetime": {"datetime": "2024-01-20 14:39:52", "elapsed": 946.171857, "delta": 0.001545}}
{"target": -13.497881411519192, "params": {"colsample_bytree": 0.10926617168114836, "eta": 0.008604102447144962, "gamma": 495.7021654460341, "max_depth": 3.0, "min_child_weight": 4396.669656219538, "num_boost_round": 1.0, "subsample": 0.11784729090437181}, "datetime": {"datetime": "2024-01-20 14:40:35", "elapsed": 989.227078, "delta": 43.055221}}
{"target": -13.497776912098395, "params": {"colsample_bytree": 0.10926617168114836, "eta": 0.008604102447144962, "gamma": 495.7021654460341, "max_depth": 3.0, "min_child_weight": 4396.669656219538, "num_boost_round": 2.0, "subsample": 0.11784729090437181}, "datetime": {"datetime": "2024-01-20 14:40:35", "elapsed": 989.229967, "delta": 0.002889}}
{"target": -13.497779467176773, "params": {"colsample_bytree": 0.10926617168114836, "eta": 0.008604102447144962, "gamma": 495.7021654460341, "max_depth": 3.0, "min_child_weight": 4396.669656219538, "num_boost_round": 3.0, "subsample": 0.11784729090437181}, "datetime": {"datetime": "2024-01-20 14:40:35", "elapsed": 989.231469, "delta": 0.001502}}
{"target": -13.497785255793215, "params": {"colsample_bytree": 0.10926617168114836, "eta": 0.008604102447144962, "gamma": 495.7021654460341, "max_depth": 3.0, "min_child_weight": 4396.669656219538, "num_boost_round": 4.0, "subsample": 0.11784729090437181}, "datetime": {"datetime": "2024-01-20 14:40:35", "elapsed": 989.233136, "delta": 0.001667}}
{"target": -13.497732039196762, "params": {"colsample_bytree": 0.10926617168114836, "eta": 0.008604102447144962, "gamma": 495.7021654460341, "max_depth": 3.0, "min_child_weight": 4396.669656219538, "num_boost_round": 5.0, "subsample": 0.11784729090437181}, "datetime": {"datetime": "2024-01-20 14:40:35", "elapsed": 989.234749, "delta": 0.001613}}
{"target": -13.497735555945658, "params": {"colsample_bytree": 0.10926617168114836, "eta": 0.008604102447144962, "gamma": 495.7021654460341, "max_depth": 3.0, "min_child_weight": 4396.669656219538, "num_boost_round": 6.0, "subsample": 0.11784729090437181}, "datetime": {"datetime": "2024-01-20 14:40:35", "elapsed": 989.236355, "delta": 0.001606}}
{"target": -13.497726777668714, "params": {"colsample_bytree": 0.10926617168114836, "eta": 0.008604102447144962, "gamma": 495.7021654460341, "max_depth": 3.0, "min_child_weight": 4396.669656219538, "num_boost_round": 7.0, "subsample": 0.11784729090437181}, "datetime": {"datetime": "2024-01-20 14:40:35", "elapsed": 989.237974, "delta": 0.001619}}
{"target": -13.497672693372522, "params": {"colsample_bytree": 0.10926617168114836, "eta": 0.008604102447144962, "gamma": 495.7021654460341, "max_depth": 3.0, "min_child_weight": 4396.669656219538, "num_boost_round": 8.0, "subsample": 0.11784729090437181}, "datetime": {"datetime": "2024-01-20 14:40:35", "elapsed": 989.23948, "delta": 0.001506}}
{"target": -13.497671201183184, "params": {"colsample_bytree": 0.10926617168114836, "eta": 0.008604102447144962, "gamma": 495.7021654460341, "max_depth": 3.0, "min_child_weight": 4396.669656219538, "num_boost_round": 9.0, "subsample": 0.11784729090437181}, "datetime": {"datetime": "2024-01-20 14:40:35", "elapsed": 989.240952, "delta": 0.001472}}
{"target": -13.497648305441656, "params": {"colsample_bytree": 0.10926617168114836, "eta": 0.008604102447144962, "gamma": 495.7021654460341, "max_depth": 3.0, "min_child_weight": 4396.669656219538, "num_boost_round": 10.0, "subsample": 0.11784729090437181}, "datetime": {"datetime": "2024-01-20 14:40:35", "elapsed": 989.242421, "delta": 0.001469}}
{"target": -13.49765727271302, "params": {"colsample_bytree": 0.10926617168114836, "eta": 0.008604102447144962, "gamma": 495.7021654460341, "max_depth": 3.0, "min_child_weight": 4396.669656219538, "num_boost_round": 11.0, "subsample": 0.11784729090437181}, "datetime": {"datetime": "2024-01-20 14:40:35", "elapsed": 989.243893, "delta": 0.001472}}
{"target": -13.49764363134484, "params": {"colsample_bytree": 0.10926617168114836, "eta": 0.008604102447144962, "gamma": 495.7021654460341, "max_depth": 3.0, "min_child_weight": 4396.669656219538, "num_boost_round": 12.0, "subsample": 0.11784729090437181}, "datetime": {"datetime": "2024-01-20 14:40:35", "elapsed": 989.245355, "delta": 0.001462}}
{"target": -13.497641051437322, "params": {"colsample_bytree": 0.10926617168114836, "eta": 0.008604102447144962, "gamma": 495.7021654460341, "max_depth": 3.0, "min_child_weight": 4396.669656219538, "num_boost_round": 13.0, "subsample": 0.11784729090437181}, "datetime": {"datetime": "2024-01-20 14:40:35", "elapsed": 989.246819, "delta": 0.001464}}
{"target": -13.497632183291541, "params": {"colsample_bytree": 0.10926617168114836, "eta": 0.008604102447144962, "gamma": 495.7021654460341, "max_depth": 3.0, "min_child_weight": 4396.669656219538, "num_boost_round": 14.0, "subsample": 0.11784729090437181}, "datetime": {"datetime": "2024-01-20 14:40:35", "elapsed": 989.248288, "delta": 0.001469}}
{"target": -13.497596316902357, "params": {"colsample_bytree": 0.10926617168114836, "eta": 0.008604102447144962, "gamma": 495.7021654460341, "max_depth": 3.0, "min_child_weight": 4396.669656219538, "num_boost_round": 15.0, "subsample": 0.11784729090437181}, "datetime": {"datetime": "2024-01-20 14:40:35", "elapsed": 989.249761, "delta": 0.001473}}
{"target": -13.49759518314401, "params": {"colsample_bytree": 0.10926617168114836, "eta": 0.008604102447144962, "gamma": 495.7021654460341, "max_depth": 3.0, "min_child_weight": 4396.669656219538, "num_boost_round": 16.0, "subsample": 0.11784729090437181}, "datetime": {"datetime": "2024-01-20 14:40:35", "elapsed": 989.251232, "delta": 0.001471}}
{"target": -13.497578125274757, "params": {"colsample_bytree": 0.10926617168114836, "eta": 0.008604102447144962, "gamma": 495.7021654460341, "max_depth": 3.0, "min_child_weight": 4396.669656219538, "num_boost_round": 17.0, "subsample": 0.11784729090437181}, "datetime": {"datetime": "2024-01-20 14:40:35", "elapsed": 989.252792, "delta": 0.00156}}
{"target": -13.497561713852196, "params": {"colsample_bytree": 0.10926617168114836, "eta": 0.008604102447144962, "gamma": 495.7021654460341, "max_depth": 3.0, "min_child_weight": 4396.669656219538, "num_boost_round": 18.0, "subsample": 0.11784729090437181}, "datetime": {"datetime": "2024-01-20 14:40:35", "elapsed": 989.254272, "delta": 0.00148}}
{"target": -13.497555077791981, "params": {"colsample_bytree": 0.10926617168114836, "eta": 0.008604102447144962, "gamma": 495.7021654460341, "max_depth": 3.0, "min_child_weight": 4396.669656219538, "num_boost_round": 19.0, "subsample": 0.11784729090437181}, "datetime": {"datetime": "2024-01-20 14:40:35", "elapsed": 989.255784, "delta": 0.001512}}
{"target": -13.497499898822266, "params": {"colsample_bytree": 0.10926617168114836, "eta": 0.008604102447144962, "gamma": 495.7021654460341, "max_depth": 3.0, "min_child_weight": 4396.669656219538, "num_boost_round": 20.0, "subsample": 0.11784729090437181}, "datetime": {"datetime": "2024-01-20 14:40:35", "elapsed": 989.257273, "delta": 0.001489}}
{"target": -13.49749361275089, "params": {"colsample_bytree": 0.10926617168114836, "eta": 0.008604102447144962, "gamma": 495.7021654460341, "max_depth": 3.0, "min_child_weight": 4396.669656219538, "num_boost_round": 21.0, "subsample": 0.11784729090437181}, "datetime": {"datetime": "2024-01-20 14:40:35", "elapsed": 989.258752, "delta": 0.001479}}
{"target": -13.497486957519456, "params": {"colsample_bytree": 0.10926617168114836, "eta": 0.008604102447144962, "gamma": 495.7021654460341, "max_depth": 3.0, "min_child_weight": 4396.669656219538, "num_boost_round": 22.0, "subsample": 0.11784729090437181}, "datetime": {"datetime": "2024-01-20 14:40:35", "elapsed": 989.260233, "delta": 0.001481}}
