{"target": -10.475710333006907, "params": {"colsample_bytree": 0.25225627333296324, "eta": 0.010874188753468789, "gamma": 924.3808419382667, "max_depth": 5.0, "min_child_weight": 4632.22154524599, "num_boost_round": 7.0, "subsample": 0.41803035784303344}, "datetime": {"datetime": "2024-01-20 13:55:05", "elapsed": 1797.5041, "delta": 0.002119}}
{"target": -10.475663282142527, "params": {"colsample_bytree": 0.25225627333296324, "eta": 0.010874188753468789, "gamma": 924.3808419382667, "max_depth": 5.0, "min_child_weight": 4632.22154524599, "num_boost_round": 8.0, "subsample": 0.41803035784303344}, "datetime": {"datetime": "2024-01-20 13:55:05", "elapsed": 1797.506204, "delta": 0.002104}}
{"target": -10.47561756571559, "params": {"colsample_bytree": 0.25225627333296324, "eta": 0.010874188753468789, "gamma": 924.3808419382667, "max_depth": 5.0, "min_child_weight": 4632.22154524599, "num_boost_round": 9.0, "subsample": 0.41803035784303344}, "datetime": {"datetime": "2024-01-20 13:55:05", "elapsed": 1797.50831, "delta": 0.002106}}
{"target": -10.475668914381165, "params": {"colsample_bytree": 0.25225627333296324, "eta": 0.010874188753468789, "gamma": 924.3808419382667, "max_depth": 5.0, "min_child_weight": 4632.22154524599, "num_boost_round": 10.0, "subsample": 0.41803035784303344}, "datetime": {"datetime": "2024-01-20 13:55:05", "elapsed": 1797.510562, "delta": 0.002252}}
{"target": -10.475644899642516, "params": {"colsample_bytree": 0.25225627333296324, "eta": 0.010874188753468789, "gamma": 924.3808419382667, "max_depth": 5.0, "min_child_weight": 4632.22154524599, "num_boost_round": 11.0, "subsample": 0.41803035784303344}, "datetime": {"datetime": "2024-01-20 13:55:05", "elapsed": 1797.512783, "delta": 0.002221}}
{"target": -10.475648419415759, "params": {"colsample_bytree": 0.25225627333296324, "eta": 0.010874188753468789, "gamma": 924.3808419382667, "max_depth": 5.0, "min_child_weight": 4632.22154524599, "num_boost_round": 12.0, "subsample": 0.41803035784303344}, "datetime": {"datetime": "2024-01-20 13:55:05", "elapsed": 1797.515045, "delta": 0.002262}}
{"target": -10.475602568621394, "params": {"colsample_bytree": 0.25225627333296324, "eta": 0.010874188753468789, "gamma": 924.3808419382667, "max_depth": 5.0, "min_child_weight": 4632.22154524599, "num_boost_round": 13.0, "subsample": 0.41803035784303344}, "datetime": {"datetime": "2024-01-20 13:55:05", "elapsed": 1797.517144, "delta": 0.002099}}
{"target": -10.475602294624974, "params": {"colsample_bytree": 0.25225627333296324, "eta": 0.010874188753468789, "gamma": 924.3808419382667, "max_depth": 5.0, "min_child_weight": 4632.22154524599, "num_boost_round": 14.0, "subsample": 0.41803035784303344}, "datetime": {"datetime": "2024-01-20 13:55:05", "elapsed": 1797.519243, "delta": 0.002099}}
{"target": -10.475620795564554, "params": {"colsample_bytree": 0.25225627333296324, "eta": 0.010874188753468789, "gamma": 924.3808419382667, "max_depth": 5.0, "min_child_weight": 4632.22154524599, "num_boost_round": 15.0, "subsample": 0.41803035784303344}, "datetime": {"datetime": "2024-01-20 13:55:05", "elapsed": 1797.521361, "delta": 0.002118}}
{"target": -10.475633476105433, "params": {"colsample_bytree": 0.25225627333296324, "eta": 0.010874188753468789, "gamma": 924.3808419382667, "max_depth": 5.0, "min_child_weight": 4632.22154524599, "num_boost_round": 16.0, "subsample": 0.41803035784303344}, "datetime": {"datetime": "2024-01-20 13:55:05", "elapsed": 1797.523472, "delta": 0.002111}}
{"target": -10.475674637864302, "params": {"colsample_bytree": 0.25225627333296324, "eta": 0.010874188753468789, "gamma": 924.3808419382667, "max_depth": 5.0, "min_child_weight": 4632.22154524599, "num_boost_round": 17.0, "subsample": 0.41803035784303344}, "datetime": {"datetime": "2024-01-20 13:55:05", "elapsed": 1797.52561, "delta": 0.002138}}
{"target": -10.475652329497162, "params": {"colsample_bytree": 0.25225627333296324, "eta": 0.010874188753468789, "gamma": 924.3808419382667, "max_depth": 5.0, "min_child_weight": 4632.22154524599, "num_boost_round": 18.0, "subsample": 0.41803035784303344}, "datetime": {"datetime": "2024-01-20 13:55:05", "elapsed": 1797.527797, "delta": 0.002187}}
{"target": -10.475630402844395, "params": {"colsample_bytree": 0.25225627333296324, "eta": 0.010874188753468789, "gamma": 924.3808419382667, "max_depth": 5.0, "min_child_weight": 4632.22154524599, "num_boost_round": 19.0, "subsample": 0.41803035784303344}, "datetime": {"datetime": "2024-01-20 13:55:05", "elapsed": 1797.529974, "delta": 0.002177}}
{"target": -10.475603060909012, "params": {"colsample_bytree": 0.25225627333296324, "eta": 0.010874188753468789, "gamma": 924.3808419382667, "max_depth": 5.0, "min_child_weight": 4632.22154524599, "num_boost_round": 20.0, "subsample": 0.41803035784303344}, "datetime": {"datetime": "2024-01-20 13:55:05", "elapsed": 1797.532166, "delta": 0.002192}}
{"target": -10.475558942177472, "params": {"colsample_bytree": 0.25225627333296324, "eta": 0.010874188753468789, "gamma": 924.3808419382667, "max_depth": 5.0, "min_child_weight": 4632.22154524599, "num_boost_round": 21.0, "subsample": 0.41803035784303344}, "datetime": {"datetime": "2024-01-20 13:55:05", "elapsed": 1797.534344, "delta": 0.002178}}
{"target": -10.475510946767422, "params": {"colsample_bytree": 0.25225627333296324, "eta": 0.010874188753468789, "gamma": 924.3808419382667, "max_depth": 5.0, "min_child_weight": 4632.22154524599, "num_boost_round": 22.0, "subsample": 0.41803035784303344}, "datetime": {"datetime": "2024-01-20 13:55:05", "elapsed": 1797.536511, "delta": 0.002167}}
{"target": -10.475512457802234, "params": {"colsample_bytree": 0.25225627333296324, "eta": 0.010874188753468789, "gamma": 924.3808419382667, "max_depth": 5.0, "min_child_weight": 4632.22154524599, "num_boost_round": 23.0, "subsample": 0.41803035784303344}, "datetime": {"datetime": "2024-01-20 13:55:05", "elapsed": 1797.538634, "delta": 0.002123}}
{"target": -10.475534267132213, "params": {"colsample_bytree": 0.25225627333296324, "eta": 0.010874188753468789, "gamma": 924.3808419382667, "max_depth": 5.0, "min_child_weight": 4632.22154524599, "num_boost_round": 24.0, "subsample": 0.41803035784303344}, "datetime": {"datetime": "2024-01-20 13:55:05", "elapsed": 1797.540794, "delta": 0.00216}}
{"target": -10.475500378159163, "params": {"colsample_bytree": 0.25225627333296324, "eta": 0.010874188753468789, "gamma": 924.3808419382667, "max_depth": 5.0, "min_child_weight": 4632.22154524599, "num_boost_round": 25.0, "subsample": 0.41803035784303344}, "datetime": {"datetime": "2024-01-20 13:55:05", "elapsed": 1797.542964, "delta": 0.00217}}
{"target": -10.475480100118666, "params": {"colsample_bytree": 0.25225627333296324, "eta": 0.010874188753468789, "gamma": 924.3808419382667, "max_depth": 5.0, "min_child_weight": 4632.22154524599, "num_boost_round": 26.0, "subsample": 0.41803035784303344}, "datetime": {"datetime": "2024-01-20 13:55:05", "elapsed": 1797.54513, "delta": 0.002166}}
{"target": -10.4754592413922, "params": {"colsample_bytree": 0.25225627333296324, "eta": 0.010874188753468789, "gamma": 924.3808419382667, "max_depth": 5.0, "min_child_weight": 4632.22154524599, "num_boost_round": 27.0, "subsample": 0.41803035784303344}, "datetime": {"datetime": "2024-01-20 13:55:05", "elapsed": 1797.547288, "delta": 0.002158}}
{"target": -10.475396256170791, "params": {"colsample_bytree": 0.25225627333296324, "eta": 0.010874188753468789, "gamma": 924.3808419382667, "max_depth": 5.0, "min_child_weight": 4632.22154524599, "num_boost_round": 28.0, "subsample": 0.41803035784303344}, "datetime": {"datetime": "2024-01-20 13:55:05", "elapsed": 1797.54944, "delta": 0.002152}}
{"target": -10.475394344157628, "params": {"colsample_bytree": 0.25225627333296324, "eta": 0.010874188753468789, "gamma": 924.3808419382667, "max_depth": 5.0, "min_child_weight": 4632.22154524599, "num_boost_round": 29.0, "subsample": 0.41803035784303344}, "datetime": {"datetime": "2024-01-20 13:55:05", "elapsed": 1797.551604, "delta": 0.002164}}
{"target": -10.475415711540602, "params": {"colsample_bytree": 0.25225627333296324, "eta": 0.010874188753468789, "gamma": 924.3808419382667, "max_depth": 5.0, "min_child_weight": 4632.22154524599, "num_boost_round": 30.0, "subsample": 0.41803035784303344}, "datetime": {"datetime": "2024-01-20 13:55:05", "elapsed": 1797.553787, "delta": 0.002183}}
{"target": -10.475392341586286, "params": {"colsample_bytree": 0.25225627333296324, "eta": 0.010874188753468789, "gamma": 924.3808419382667, "max_depth": 5.0, "min_child_weight": 4632.22154524599, "num_boost_round": 31.0, "subsample": 0.41803035784303344}, "datetime": {"datetime": "2024-01-20 13:55:05", "elapsed": 1797.555934, "delta": 0.002147}}
{"target": -10.475299346075833, "params": {"colsample_bytree": 0.25225627333296324, "eta": 0.010874188753468789, "gamma": 924.3808419382667, "max_depth": 5.0, "min_child_weight": 4632.22154524599, "num_boost_round": 32.0, "subsample": 0.41803035784303344}, "datetime": {"datetime": "2024-01-20 13:55:05", "elapsed": 1797.558084, "delta": 0.00215}}
{"target": -10.475252345508526, "params": {"colsample_bytree": 0.25225627333296324, "eta": 0.010874188753468789, "gamma": 924.3808419382667, "max_depth": 5.0, "min_child_weight": 4632.22154524599, "num_boost_round": 33.0, "subsample": 0.41803035784303344}, "datetime": {"datetime": "2024-01-20 13:55:05", "elapsed": 1797.56025, "delta": 0.002166}}
{"target": -10.475148026342552, "params": {"colsample_bytree": 0.25225627333296324, "eta": 0.010874188753468789, "gamma": 924.3808419382667, "max_depth": 5.0, "min_child_weight": 4632.22154524599, "num_boost_round": 34.0, "subsample": 0.41803035784303344}, "datetime": {"datetime": "2024-01-20 13:55:05", "elapsed": 1797.562424, "delta": 0.002174}}
{"target": -10.475115906816136, "params": {"colsample_bytree": 0.25225627333296324, "eta": 0.010874188753468789, "gamma": 924.3808419382667, "max_depth": 5.0, "min_child_weight": 4632.22154524599, "num_boost_round": 35.0, "subsample": 0.41803035784303344}, "datetime": {"datetime": "2024-01-20 13:55:05", "elapsed": 1797.564562, "delta": 0.002138}}
{"target": -10.4751407417354, "params": {"colsample_bytree": 0.25225627333296324, "eta": 0.010874188753468789, "gamma": 924.3808419382667, "max_depth": 5.0, "min_child_weight": 4632.22154524599, "num_boost_round": 36.0, "subsample": 0.41803035784303344}, "datetime": {"datetime": "2024-01-20 13:55:05", "elapsed": 1797.566723, "delta": 0.002161}}
{"target": -10.475166386307702, "params": {"colsample_bytree": 0.25225627333296324, "eta": 0.010874188753468789, "gamma": 924.3808419382667, "max_depth": 5.0, "min_child_weight": 4632.22154524599, "num_boost_round": 37.0, "subsample": 0.41803035784303344}, "datetime": {"datetime": "2024-01-20 13:55:05", "elapsed": 1797.568884, "delta": 0.002161}}
{"target": -10.475191695077292, "params": {"colsample_bytree": 0.25225627333296324, "eta": 0.010874188753468789, "gamma": 924.3808419382667, "max_depth": 5.0, "min_child_weight": 4632.22154524599, "num_boost_round": 38.0, "subsample": 0.41803035784303344}, "datetime": {"datetime": "2024-01-20 13:55:05", "elapsed": 1797.571044, "delta": 0.00216}}
{"target": -10.475152274313675, "params": {"colsample_bytree": 0.25225627333296324, "eta": 0.010874188753468789, "gamma": 924.3808419382667, "max_depth": 5.0, "min_child_weight": 4632.22154524599, "num_boost_round": 39.0, "subsample": 0.41803035784303344}, "datetime": {"datetime": "2024-01-20 13:55:05", "elapsed": 1797.573253, "delta": 0.002209}}
{"target": -10.475172374014953, "params": {"colsample_bytree": 0.25225627333296324, "eta": 0.010874188753468789, "gamma": 924.3808419382667, "max_depth": 5.0, "min_child_weight": 4632.22154524599, "num_boost_round": 40.0, "subsample": 0.41803035784303344}, "datetime": {"datetime": "2024-01-20 13:55:05", "elapsed": 1797.575423, "delta": 0.00217}}
{"target": -10.475141823464352, "params": {"colsample_bytree": 0.25225627333296324, "eta": 0.010874188753468789, "gamma": 924.3808419382667, "max_depth": 5.0, "min_child_weight": 4632.22154524599, "num_boost_round": 41.0, "subsample": 0.41803035784303344}, "datetime": {"datetime": "2024-01-20 13:55:05", "elapsed": 1797.577591, "delta": 0.002168}}
{"target": -10.475128895484545, "params": {"colsample_bytree": 0.25225627333296324, "eta": 0.010874188753468789, "gamma": 924.3808419382667, "max_depth": 5.0, "min_child_weight": 4632.22154524599, "num_boost_round": 42.0, "subsample": 0.41803035784303344}, "datetime": {"datetime": "2024-01-20 13:55:05", "elapsed": 1797.579746, "delta": 0.002155}}
{"target": -10.475158506875035, "params": {"colsample_bytree": 0.25225627333296324, "eta": 0.010874188753468789, "gamma": 924.3808419382667, "max_depth": 5.0, "min_child_weight": 4632.22154524599, "num_boost_round": 43.0, "subsample": 0.41803035784303344}, "datetime": {"datetime": "2024-01-20 13:55:05", "elapsed": 1797.581928, "delta": 0.002182}}
{"target": -10.475167578102894, "params": {"colsample_bytree": 0.25225627333296324, "eta": 0.010874188753468789, "gamma": 924.3808419382667, "max_depth": 5.0, "min_child_weight": 4632.22154524599, "num_boost_round": 44.0, "subsample": 0.41803035784303344}, "datetime": {"datetime": "2024-01-20 13:55:05", "elapsed": 1797.584091, "delta": 0.002163}}
{"target": -10.475197293568968, "params": {"colsample_bytree": 0.25225627333296324, "eta": 0.010874188753468789, "gamma": 924.3808419382667, "max_depth": 5.0, "min_child_weight": 4632.22154524599, "num_boost_round": 45.0, "subsample": 0.41803035784303344}, "datetime": {"datetime": "2024-01-20 13:55:05", "elapsed": 1797.58627, "delta": 0.002179}}
{"target": -10.475242554004797, "params": {"colsample_bytree": 0.25225627333296324, "eta": 0.010874188753468789, "gamma": 924.3808419382667, "max_depth": 5.0, "min_child_weight": 4632.22154524599, "num_boost_round": 46.0, "subsample": 0.41803035784303344}, "datetime": {"datetime": "2024-01-20 13:55:05", "elapsed": 1797.588444, "delta": 0.002174}}
{"target": -10.475228975551653, "params": {"colsample_bytree": 0.25225627333296324, "eta": 0.010874188753468789, "gamma": 924.3808419382667, "max_depth": 5.0, "min_child_weight": 4632.22154524599, "num_boost_round": 47.0, "subsample": 0.41803035784303344}, "datetime": {"datetime": "2024-01-20 13:55:05", "elapsed": 1797.59125, "delta": 0.002806}}
{"target": -10.475203951098674, "params": {"colsample_bytree": 0.25225627333296324, "eta": 0.010874188753468789, "gamma": 924.3808419382667, "max_depth": 5.0, "min_child_weight": 4632.22154524599, "num_boost_round": 48.0, "subsample": 0.41803035784303344}, "datetime": {"datetime": "2024-01-20 13:55:05", "elapsed": 1797.593788, "delta": 0.002538}}
{"target": -10.475193884835612, "params": {"colsample_bytree": 0.25225627333296324, "eta": 0.010874188753468789, "gamma": 924.3808419382667, "max_depth": 5.0, "min_child_weight": 4632.22154524599, "num_boost_round": 49.0, "subsample": 0.41803035784303344}, "datetime": {"datetime": "2024-01-20 13:55:05", "elapsed": 1797.596126, "delta": 0.002338}}
{"target": -10.475163938619453, "params": {"colsample_bytree": 0.25225627333296324, "eta": 0.010874188753468789, "gamma": 924.3808419382667, "max_depth": 5.0, "min_child_weight": 4632.22154524599, "num_boost_round": 50.0, "subsample": 0.41803035784303344}, "datetime": {"datetime": "2024-01-20 13:55:05", "elapsed": 1797.59831, "delta": 0.002184}}
{"target": -10.47514766905272, "params": {"colsample_bytree": 0.25225627333296324, "eta": 0.010874188753468789, "gamma": 924.3808419382667, "max_depth": 5.0, "min_child_weight": 4632.22154524599, "num_boost_round": 51.0, "subsample": 0.41803035784303344}, "datetime": {"datetime": "2024-01-20 13:55:05", "elapsed": 1797.600546, "delta": 0.002236}}
{"target": -10.475729262532479, "params": {"colsample_bytree": 0.760733570541701, "eta": 0.06681947111839075, "gamma": 931.3924933290649, "max_depth": 3.0, "min_child_weight": 4682.752754127649, "num_boost_round": 1.0, "subsample": 0.9653256492595118}, "datetime": {"datetime": "2024-01-20 13:55:47", "elapsed": 1839.776759, "delta": 42.176213}}
{"target": -10.475438080668031, "params": {"colsample_bytree": 0.760733570541701, "eta": 0.06681947111839075, "gamma": 931.3924933290649, "max_depth": 3.0, "min_child_weight": 4682.752754127649, "num_boost_round": 2.0, "subsample": 0.9653256492595118}, "datetime": {"datetime": "2024-01-20 13:55:47", "elapsed": 1839.779878, "delta": 0.003119}}
{"target": -10.4756352813755, "params": {"colsample_bytree": 0.760733570541701, "eta": 0.06681947111839075, "gamma": 931.3924933290649, "max_depth": 3.0, "min_child_weight": 4682.752754127649, "num_boost_round": 3.0, "subsample": 0.9653256492595118}, "datetime": {"datetime": "2024-01-20 13:55:47", "elapsed": 1839.782599, "delta": 0.002721}}
{"target": -10.475660656408412, "params": {"colsample_bytree": 0.760733570541701, "eta": 0.06681947111839075, "gamma": 931.3924933290649, "max_depth": 3.0, "min_child_weight": 4682.752754127649, "num_boost_round": 4.0, "subsample": 0.9653256492595118}, "datetime": {"datetime": "2024-01-20 13:55:47", "elapsed": 1839.784894, "delta": 0.002295}}
{"target": -10.475857399018675, "params": {"colsample_bytree": 0.760733570541701, "eta": 0.06681947111839075, "gamma": 931.3924933290649, "max_depth": 3.0, "min_child_weight": 4682.752754127649, "num_boost_round": 5.0, "subsample": 0.9653256492595118}, "datetime": {"datetime": "2024-01-20 13:55:47", "elapsed": 1839.78713, "delta": 0.002236}}
{"target": -10.476097227361889, "params": {"colsample_bytree": 0.760733570541701, "eta": 0.06681947111839075, "gamma": 931.3924933290649, "max_depth": 3.0, "min_child_weight": 4682.752754127649, "num_boost_round": 6.0, "subsample": 0.9653256492595118}, "datetime": {"datetime": "2024-01-20 13:55:47", "elapsed": 1839.789422, "delta": 0.002292}}
{"target": -10.476400171099597, "params": {"colsample_bytree": 0.760733570541701, "eta": 0.06681947111839075, "gamma": 931.3924933290649, "max_depth": 3.0, "min_child_weight": 4682.752754127649, "num_boost_round": 7.0, "subsample": 0.9653256492595118}, "datetime": {"datetime": "2024-01-20 13:55:47", "elapsed": 1839.791666, "delta": 0.002244}}
{"target": -10.476463047647215, "params": {"colsample_bytree": 0.760733570541701, "eta": 0.06681947111839075, "gamma": 931.3924933290649, "max_depth": 3.0, "min_child_weight": 4682.752754127649, "num_boost_round": 8.0, "subsample": 0.9653256492595118}, "datetime": {"datetime": "2024-01-20 13:55:47", "elapsed": 1839.793881, "delta": 0.002215}}
{"target": -10.476548097356137, "params": {"colsample_bytree": 0.760733570541701, "eta": 0.06681947111839075, "gamma": 931.3924933290649, "max_depth": 3.0, "min_child_weight": 4682.752754127649, "num_boost_round": 9.0, "subsample": 0.9653256492595118}, "datetime": {"datetime": "2024-01-20 13:55:47", "elapsed": 1839.796125, "delta": 0.002244}}
{"target": -10.476749236081787, "params": {"colsample_bytree": 0.760733570541701, "eta": 0.06681947111839075, "gamma": 931.3924933290649, "max_depth": 3.0, "min_child_weight": 4682.752754127649, "num_boost_round": 10.0, "subsample": 0.9653256492595118}, "datetime": {"datetime": "2024-01-20 13:55:47", "elapsed": 1839.798442, "delta": 0.002317}}
{"target": -10.476850405071026, "params": {"colsample_bytree": 0.760733570541701, "eta": 0.06681947111839075, "gamma": 931.3924933290649, "max_depth": 3.0, "min_child_weight": 4682.752754127649, "num_boost_round": 11.0, "subsample": 0.9653256492595118}, "datetime": {"datetime": "2024-01-20 13:55:47", "elapsed": 1839.800647, "delta": 0.002205}}
{"target": -10.477325409899223, "params": {"colsample_bytree": 0.760733570541701, "eta": 0.06681947111839075, "gamma": 931.3924933290649, "max_depth": 3.0, "min_child_weight": 4682.752754127649, "num_boost_round": 12.0, "subsample": 0.9653256492595118}, "datetime": {"datetime": "2024-01-20 13:55:47", "elapsed": 1839.802859, "delta": 0.002212}}
{"target": -10.477415055769269, "params": {"colsample_bytree": 0.760733570541701, "eta": 0.06681947111839075, "gamma": 931.3924933290649, "max_depth": 3.0, "min_child_weight": 4682.752754127649, "num_boost_round": 13.0, "subsample": 0.9653256492595118}, "datetime": {"datetime": "2024-01-20 13:55:47", "elapsed": 1839.805077, "delta": 0.002218}}
{"target": -10.477808513610276, "params": {"colsample_bytree": 0.760733570541701, "eta": 0.06681947111839075, "gamma": 931.3924933290649, "max_depth": 3.0, "min_child_weight": 4682.752754127649, "num_boost_round": 14.0, "subsample": 0.9653256492595118}, "datetime": {"datetime": "2024-01-20 13:55:47", "elapsed": 1839.807294, "delta": 0.002217}}
{"target": -10.478012024158742, "params": {"colsample_bytree": 0.760733570541701, "eta": 0.06681947111839075, "gamma": 931.3924933290649, "max_depth": 3.0, "min_child_weight": 4682.752754127649, "num_boost_round": 15.0, "subsample": 0.9653256492595118}, "datetime": {"datetime": "2024-01-20 13:55:47", "elapsed": 1839.809688, "delta": 0.002394}}
{"target": -10.478288459217264, "params": {"colsample_bytree": 0.760733570541701, "eta": 0.06681947111839075, "gamma": 931.3924933290649, "max_depth": 3.0, "min_child_weight": 4682.752754127649, "num_boost_round": 16.0, "subsample": 0.9653256492595118}, "datetime": {"datetime": "2024-01-20 13:55:47", "elapsed": 1839.811929, "delta": 0.002241}}
{"target": -10.478510428983764, "params": {"colsample_bytree": 0.760733570541701, "eta": 0.06681947111839075, "gamma": 931.3924933290649, "max_depth": 3.0, "min_child_weight": 4682.752754127649, "num_boost_round": 17.0, "subsample": 0.9653256492595118}, "datetime": {"datetime": "2024-01-20 13:55:47", "elapsed": 1839.814161, "delta": 0.002232}}
{"target": -10.47863898380579, "params": {"colsample_bytree": 0.760733570541701, "eta": 0.06681947111839075, "gamma": 931.3924933290649, "max_depth": 3.0, "min_child_weight": 4682.752754127649, "num_boost_round": 18.0, "subsample": 0.9653256492595118}, "datetime": {"datetime": "2024-01-20 13:55:47", "elapsed": 1839.816385, "delta": 0.002224}}
