{"target": -13.809949674632005, "params": {"colsample_bytree": 0.5939321535345923, "eta": 0.07152178474357823, "gamma": 602.7633760716438, "max_depth": 6.0, "min_child_weight": 4237.124338589708, "num_boost_round": 127.0, "subsample": 0.49382849013642327}, "datetime": {"datetime": "2024-01-20 14:23:59", "elapsed": 0.042735, "delta": 0.000338}}
{"target": -13.810578684883644, "params": {"colsample_bytree": 0.5939321535345923, "eta": 0.07152178474357823, "gamma": 602.7633760716438, "max_depth": 6.0, "min_child_weight": 4237.124338589708, "num_boost_round": 128.0, "subsample": 0.49382849013642327}, "datetime": {"datetime": "2024-01-20 14:23:59", "elapsed": 0.043073, "delta": 0.000338}}
{"target": -13.810925163623915, "params": {"colsample_bytree": 0.5939321535345923, "eta": 0.07152178474357823, "gamma": 602.7633760716438, "max_depth": 6.0, "min_child_weight": 4237.124338589708, "num_boost_round": 129.0, "subsample": 0.49382849013642327}, "datetime": {"datetime": "2024-01-20 14:23:59", "elapsed": 0.043396, "delta": 0.000323}}
{"target": -13.731671650109146, "params": {"colsample_bytree": 0.846283470748462, "eta": 0.0594922003087002, "gamma": 544.096840454264, "max_depth": 2.0, "min_child_weight": 4223.579207445085, "num_boost_round": 1.0, "subsample": 0.5101316235845991}, "datetime": {"datetime": "2024-01-20 14:24:12", "elapsed": 13.744792, "delta": 13.701396}}
{"target": -13.732397085313956, "params": {"colsample_bytree": 0.846283470748462, "eta": 0.0594922003087002, "gamma": 544.096840454264, "max_depth": 2.0, "min_child_weight": 4223.579207445085, "num_boost_round": 2.0, "subsample": 0.5101316235845991}, "datetime": {"datetime": "2024-01-20 14:24:12", "elapsed": 13.75055, "delta": 0.005758}}
{"target": -13.733050640161727, "params": {"colsample_bytree": 0.846283470748462, "eta": 0.0594922003087002, "gamma": 544.096840454264, "max_depth": 2.0, "min_child_weight": 4223.579207445085, "num_boost_round": 3.0, "subsample": 0.5101316235845991}, "datetime": {"datetime": "2024-01-20 14:24:12", "elapsed": 13.750902, "delta": 0.000352}}
{"target": -13.733855272692406, "params": {"colsample_bytree": 0.846283470748462, "eta": 0.0594922003087002, "gamma": 544.096840454264, "max_depth": 2.0, "min_child_weight": 4223.579207445085, "num_boost_round": 4.0, "subsample": 0.5101316235845991}, "datetime": {"datetime": "2024-01-20 14:24:12", "elapsed": 13.751231, "delta": 0.000329}}
{"target": -13.731059202510934, "params": {"colsample_bytree": 0.12060397875406838, "eta": 0.008555535543170283, "gamma": 587.9141145969669, "max_depth": 7.0, "min_child_weight": 4184.48349432121, "num_boost_round": 1.0, "subsample": 0.8584896260193808}, "datetime": {"datetime": "2024-01-20 14:24:27", "elapsed": 28.753569, "delta": 15.002338}}
{"target": -13.73112425570951, "params": {"colsample_bytree": 0.12060397875406838, "eta": 0.008555535543170283, "gamma": 587.9141145969669, "max_depth": 7.0, "min_child_weight": 4184.48349432121, "num_boost_round": 2.0, "subsample": 0.8584896260193808}, "datetime": {"datetime": "2024-01-20 14:24:27", "elapsed": 28.754359, "delta": 0.00079}}
{"target": -13.731152130138078, "params": {"colsample_bytree": 0.12060397875406838, "eta": 0.008555535543170283, "gamma": 587.9141145969669, "max_depth": 7.0, "min_child_weight": 4184.48349432121, "num_boost_round": 3.0, "subsample": 0.8584896260193808}, "datetime": {"datetime": "2024-01-20 14:24:27", "elapsed": 28.754842, "delta": 0.000483}}
{"target": -13.731163230440767, "params": {"colsample_bytree": 0.12060397875406838, "eta": 0.008555535543170283, "gamma": 587.9141145969669, "max_depth": 7.0, "min_child_weight": 4184.48349432121, "num_boost_round": 4.0, "subsample": 0.8584896260193808}, "datetime": {"datetime": "2024-01-20 14:24:27", "elapsed": 28.755176, "delta": 0.000334}}
{"target": -13.731178923234493, "params": {"colsample_bytree": 0.12060397875406838, "eta": 0.008555535543170283, "gamma": 587.9141145969669, "max_depth": 7.0, "min_child_weight": 4184.48349432121, "num_boost_round": 5.0, "subsample": 0.8584896260193808}, "datetime": {"datetime": "2024-01-20 14:24:27", "elapsed": 28.755488, "delta": 0.000312}}
{"target": -13.731700291736935, "params": {"colsample_bytree": 0.7908369380760759, "eta": 0.04934901053905056, "gamma": 513.4187022530317, "max_depth": 5.0, "min_child_weight": 4178.518113679008, "num_boost_round": 1.0, "subsample": 0.959106607821373}, "datetime": {"datetime": "2024-01-20 14:24:45", "elapsed": 46.521392, "delta": 17.765904}}
{"target": -13.73264103849726, "params": {"colsample_bytree": 0.7908369380760759, "eta": 0.04934901053905056, "gamma": 513.4187022530317, "max_depth": 5.0, "min_child_weight": 4178.518113679008, "num_boost_round": 2.0, "subsample": 0.959106607821373}, "datetime": {"datetime": "2024-01-20 14:24:45", "elapsed": 46.522669, "delta": 0.001277}}
{"target": -13.733800054822304, "params": {"colsample_bytree": 0.7908369380760759, "eta": 0.04934901053905056, "gamma": 513.4187022530317, "max_depth": 5.0, "min_child_weight": 4178.518113679008, "num_boost_round": 3.0, "subsample": 0.959106607821373}, "datetime": {"datetime": "2024-01-20 14:24:45", "elapsed": 46.52303, "delta": 0.000361}}
{"target": -13.734998488473051, "params": {"colsample_bytree": 0.7908369380760759, "eta": 0.04934901053905056, "gamma": 513.4187022530317, "max_depth": 5.0, "min_child_weight": 4178.518113679008, "num_boost_round": 4.0, "subsample": 0.959106607821373}, "datetime": {"datetime": "2024-01-20 14:24:45", "elapsed": 46.523365, "delta": 0.000335}}
{"target": -13.736510136518252, "params": {"colsample_bytree": 0.7908369380760759, "eta": 0.04934901053905056, "gamma": 513.4187022530317, "max_depth": 5.0, "min_child_weight": 4178.518113679008, "num_boost_round": 5.0, "subsample": 0.959106607821373}, "datetime": {"datetime": "2024-01-20 14:24:45", "elapsed": 46.523705, "delta": 0.00034}}
{"target": -13.737689973141913, "params": {"colsample_bytree": 0.7908369380760759, "eta": 0.04934901053905056, "gamma": 513.4187022530317, "max_depth": 5.0, "min_child_weight": 4178.518113679008, "num_boost_round": 6.0, "subsample": 0.959106607821373}, "datetime": {"datetime": "2024-01-20 14:24:45", "elapsed": 46.524408, "delta": 0.000703}}
{"target": -13.739150826523339, "params": {"colsample_bytree": 0.7908369380760759, "eta": 0.04934901053905056, "gamma": 513.4187022530317, "max_depth": 5.0, "min_child_weight": 4178.518113679008, "num_boost_round": 7.0, "subsample": 0.959106607821373}, "datetime": {"datetime": "2024-01-20 14:24:45", "elapsed": 46.524749, "delta": 0.000341}}
{"target": -13.740614612034069, "params": {"colsample_bytree": 0.7908369380760759, "eta": 0.04934901053905056, "gamma": 513.4187022530317, "max_depth": 5.0, "min_child_weight": 4178.518113679008, "num_boost_round": 8.0, "subsample": 0.959106607821373}, "datetime": {"datetime": "2024-01-20 14:24:45", "elapsed": 46.52508, "delta": 0.000331}}
{"target": -13.74192158503432, "params": {"colsample_bytree": 0.7908369380760759, "eta": 0.04934901053905056, "gamma": 513.4187022530317, "max_depth": 5.0, "min_child_weight": 4178.518113679008, "num_boost_round": 9.0, "subsample": 0.959106607821373}, "datetime": {"datetime": "2024-01-20 14:24:45", "elapsed": 46.525479, "delta": 0.000399}}
{"target": -13.742688036638121, "params": {"colsample_bytree": 0.7908369380760759, "eta": 0.04934901053905056, "gamma": 513.4187022530317, "max_depth": 5.0, "min_child_weight": 4178.518113679008, "num_boost_round": 10.0, "subsample": 0.959106607821373}, "datetime": {"datetime": "2024-01-20 14:24:45", "elapsed": 46.525816, "delta": 0.000337}}
{"target": -13.74411779572854, "params": {"colsample_bytree": 0.7908369380760759, "eta": 0.04934901053905056, "gamma": 513.4187022530317, "max_depth": 5.0, "min_child_weight": 4178.518113679008, "num_boost_round": 11.0, "subsample": 0.959106607821373}, "datetime": {"datetime": "2024-01-20 14:24:45", "elapsed": 46.526143, "delta": 0.000327}}
{"target": -13.744823071048039, "params": {"colsample_bytree": 0.7908369380760759, "eta": 0.04934901053905056, "gamma": 513.4187022530317, "max_depth": 5.0, "min_child_weight": 4178.518113679008, "num_boost_round": 12.0, "subsample": 0.959106607821373}, "datetime": {"datetime": "2024-01-20 14:24:45", "elapsed": 46.52647, "delta": 0.000327}}
{"target": -13.745622268802283, "params": {"colsample_bytree": 0.7908369380760759, "eta": 0.04934901053905056, "gamma": 513.4187022530317, "max_depth": 5.0, "min_child_weight": 4178.518113679008, "num_boost_round": 13.0, "subsample": 0.959106607821373}, "datetime": {"datetime": "2024-01-20 14:24:45", "elapsed": 46.526958, "delta": 0.000488}}
{"target": -13.731592111259143, "params": {"colsample_bytree": 0.6374215049252724, "eta": 0.03052884598741843, "gamma": 535.5532155145972, "max_depth": 9.0, "min_child_weight": 4144.037938734344, "num_boost_round": 1.0, "subsample": 0.22473427500915805}, "datetime": {"datetime": "2024-01-20 14:24:59", "elapsed": 60.628457, "delta": 14.101499}}
{"target": -13.73207893391735, "params": {"colsample_bytree": 0.6374215049252724, "eta": 0.03052884598741843, "gamma": 535.5532155145972, "max_depth": 9.0, "min_child_weight": 4144.037938734344, "num_boost_round": 2.0, "subsample": 0.22473427500915805}, "datetime": {"datetime": "2024-01-20 14:24:59", "elapsed": 60.628952, "delta": 0.000495}}
{"target": -13.73258925870903, "params": {"colsample_bytree": 0.6374215049252724, "eta": 0.03052884598741843, "gamma": 535.5532155145972, "max_depth": 9.0, "min_child_weight": 4144.037938734344, "num_boost_round": 3.0, "subsample": 0.22473427500915805}, "datetime": {"datetime": "2024-01-20 14:24:59", "elapsed": 60.6293, "delta": 0.000348}}
{"target": -13.732442626720335, "params": {"colsample_bytree": 0.7357677796318814, "eta": 0.09155927784912685, "gamma": 635.5215463092463, "max_depth": 8.0, "min_child_weight": 4116.721017374027, "num_boost_round": 1.0, "subsample": 0.12962246697814078}, "datetime": {"datetime": "2024-01-20 14:25:18", "elapsed": 79.746636, "delta": 19.117336}}
{"target": -13.734224011101873, "params": {"colsample_bytree": 0.7357677796318814, "eta": 0.09155927784912685, "gamma": 635.5215463092463, "max_depth": 8.0, "min_child_weight": 4116.721017374027, "num_boost_round": 2.0, "subsample": 0.12962246697814078}, "datetime": {"datetime": "2024-01-20 14:25:18", "elapsed": 79.74714, "delta": 0.000504}}
{"target": -13.73626158708728, "params": {"colsample_bytree": 0.7357677796318814, "eta": 0.09155927784912685, "gamma": 635.5215463092463, "max_depth": 8.0, "min_child_weight": 4116.721017374027, "num_boost_round": 3.0, "subsample": 0.12962246697814078}, "datetime": {"datetime": "2024-01-20 14:25:18", "elapsed": 79.747507, "delta": 0.000367}}
{"target": -13.73873314199367, "params": {"colsample_bytree": 0.7357677796318814, "eta": 0.09155927784912685, "gamma": 635.5215463092463, "max_depth": 8.0, "min_child_weight": 4116.721017374027, "num_boost_round": 4.0, "subsample": 0.12962246697814078}, "datetime": {"datetime": "2024-01-20 14:25:18", "elapsed": 79.747873, "delta": 0.000366}}
{"target": -13.740869664553, "params": {"colsample_bytree": 0.7357677796318814, "eta": 0.09155927784912685, "gamma": 635.5215463092463, "max_depth": 8.0, "min_child_weight": 4116.721017374027, "num_boost_round": 5.0, "subsample": 0.12962246697814078}, "datetime": {"datetime": "2024-01-20 14:25:18", "elapsed": 79.748222, "delta": 0.000349}}
{"target": -13.742682832732765, "params": {"colsample_bytree": 0.7357677796318814, "eta": 0.09155927784912685, "gamma": 635.5215463092463, "max_depth": 8.0, "min_child_weight": 4116.721017374027, "num_boost_round": 6.0, "subsample": 0.12962246697814078}, "datetime": {"datetime": "2024-01-20 14:25:18", "elapsed": 79.748912, "delta": 0.00069}}
{"target": -13.744283752148384, "params": {"colsample_bytree": 0.7357677796318814, "eta": 0.09155927784912685, "gamma": 635.5215463092463, "max_depth": 8.0, "min_child_weight": 4116.721017374027, "num_boost_round": 7.0, "subsample": 0.12962246697814078}, "datetime": {"datetime": "2024-01-20 14:25:18", "elapsed": 79.749468, "delta": 0.000556}}
{"target": -13.74673794541985, "params": {"colsample_bytree": 0.7357677796318814, "eta": 0.09155927784912685, "gamma": 635.5215463092463, "max_depth": 8.0, "min_child_weight": 4116.721017374027, "num_boost_round": 8.0, "subsample": 0.12962246697814078}, "datetime": {"datetime": "2024-01-20 14:25:18", "elapsed": 79.749824, "delta": 0.000356}}
{"target": -13.748025712556895, "params": {"colsample_bytree": 0.7357677796318814, "eta": 0.09155927784912685, "gamma": 635.5215463092463, "max_depth": 8.0, "min_child_weight": 4116.721017374027, "num_boost_round": 9.0, "subsample": 0.12962246697814078}, "datetime": {"datetime": "2024-01-20 14:25:18", "elapsed": 79.750168, "delta": 0.000344}}
{"target": -13.749061786012971, "params": {"colsample_bytree": 0.7357677796318814, "eta": 0.09155927784912685, "gamma": 635.5215463092463, "max_depth": 8.0, "min_child_weight": 4116.721017374027, "num_boost_round": 10.0, "subsample": 0.12962246697814078}, "datetime": {"datetime": "2024-01-20 14:25:18", "elapsed": 79.750512, "delta": 0.000344}}
{"target": -13.750647640550518, "params": {"colsample_bytree": 0.7357677796318814, "eta": 0.09155927784912685, "gamma": 635.5215463092463, "max_depth": 8.0, "min_child_weight": 4116.721017374027, "num_boost_round": 11.0, "subsample": 0.12962246697814078}, "datetime": {"datetime": "2024-01-20 14:25:18", "elapsed": 79.750859, "delta": 0.000347}}
{"target": -13.752102763109363, "params": {"colsample_bytree": 0.7357677796318814, "eta": 0.09155927784912685, "gamma": 635.5215463092463, "max_depth": 8.0, "min_child_weight": 4116.721017374027, "num_boost_round": 12.0, "subsample": 0.12962246697814078}, "datetime": {"datetime": "2024-01-20 14:25:18", "elapsed": 79.751202, "delta": 0.000343}}
{"target": -13.753999136773654, "params": {"colsample_bytree": 0.7357677796318814, "eta": 0.09155927784912685, "gamma": 635.5215463092463, "max_depth": 8.0, "min_child_weight": 4116.721017374027, "num_boost_round": 13.0, "subsample": 0.12962246697814078}, "datetime": {"datetime": "2024-01-20 14:25:18", "elapsed": 79.751685, "delta": 0.000483}}
{"target": -13.75484343264645, "params": {"colsample_bytree": 0.7357677796318814, "eta": 0.09155927784912685, "gamma": 635.5215463092463, "max_depth": 8.0, "min_child_weight": 4116.721017374027, "num_boost_round": 14.0, "subsample": 0.12962246697814078}, "datetime": {"datetime": "2024-01-20 14:25:18", "elapsed": 79.752036, "delta": 0.000351}}
{"target": -13.73109037830391, "params": {"colsample_bytree": 0.12639407279759102, "eta": 0.015164043487666642, "gamma": 583.0858991540391, "max_depth": 7.0, "min_child_weight": 4154.047426931399, "num_boost_round": 1.0, "subsample": 0.24909261057715715}, "datetime": {"datetime": "2024-01-20 14:25:31", "elapsed": 92.407549, "delta": 12.655513}}
{"target": -13.732151370762018, "params": {"colsample_bytree": 0.7005458471811512, "eta": 0.041990823684284494, "gamma": 487.74045268351017, "max_depth": 8.0, "min_child_weight": 4243.415447965445, "num_boost_round": 1.0, "subsample": 0.7576566351816046}, "datetime": {"datetime": "2024-01-20 14:25:44", "elapsed": 105.196576, "delta": 12.789027}}
{"target": -13.731579883703333, "params": {"colsample_bytree": 0.9921443368253128, "eta": 0.03808265025175665, "gamma": 571.5594606276703, "max_depth": 5.0, "min_child_weight": 4324.01922810355, "num_boost_round": 1.0, "subsample": 0.7130148759211506}, "datetime": {"datetime": "2024-01-20 14:25:58", "elapsed": 119.880742, "delta": 14.684166}}
{"target": -13.732167532415577, "params": {"colsample_bytree": 0.9921443368253128, "eta": 0.03808265025175665, "gamma": 571.5594606276703, "max_depth": 5.0, "min_child_weight": 4324.01922810355, "num_boost_round": 2.0, "subsample": 0.7130148759211506}, "datetime": {"datetime": "2024-01-20 14:25:58", "elapsed": 119.881369, "delta": 0.000627}}
{"target": -13.73289168548676, "params": {"colsample_bytree": 0.9921443368253128, "eta": 0.03808265025175665, "gamma": 571.5594606276703, "max_depth": 5.0, "min_child_weight": 4324.01922810355, "num_boost_round": 3.0, "subsample": 0.7130148759211506}, "datetime": {"datetime": "2024-01-20 14:25:58", "elapsed": 119.881765, "delta": 0.000396}}
{"target": -13.733743963558638, "params": {"colsample_bytree": 0.9921443368253128, "eta": 0.03808265025175665, "gamma": 571.5594606276703, "max_depth": 5.0, "min_child_weight": 4324.01922810355, "num_boost_round": 4.0, "subsample": 0.7130148759211506}, "datetime": {"datetime": "2024-01-20 14:25:58", "elapsed": 119.8822, "delta": 0.000435}}
{"target": -13.734856412609393, "params": {"colsample_bytree": 0.9921443368253128, "eta": 0.03808265025175665, "gamma": 571.5594606276703, "max_depth": 5.0, "min_child_weight": 4324.01922810355, "num_boost_round": 5.0, "subsample": 0.7130148759211506}, "datetime": {"datetime": "2024-01-20 14:25:58", "elapsed": 119.88258, "delta": 0.00038}}
{"target": -13.73603258473861, "params": {"colsample_bytree": 0.9921443368253128, "eta": 0.03808265025175665, "gamma": 571.5594606276703, "max_depth": 5.0, "min_child_weight": 4324.01922810355, "num_boost_round": 6.0, "subsample": 0.7130148759211506}, "datetime": {"datetime": "2024-01-20 14:25:58", "elapsed": 119.883547, "delta": 0.000967}}
{"target": -13.731389074724381, "params": {"colsample_bytree": 0.5383418787090176, "eta": 0.026008979392962685, "gamma": 502.67546095201686, "max_depth": 5.0, "min_child_weight": 4324.876544548471, "num_boost_round": 1.0, "subsample": 0.8063418113942592}, "datetime": {"datetime": "2024-01-20 14:26:15", "elapsed": 136.451608, "delta": 16.568061}}
{"target": -13.731740978611526, "params": {"colsample_bytree": 0.5383418787090176, "eta": 0.026008979392962685, "gamma": 502.67546095201686, "max_depth": 5.0, "min_child_weight": 4324.876544548471, "num_boost_round": 2.0, "subsample": 0.8063418113942592}, "datetime": {"datetime": "2024-01-20 14:26:15", "elapsed": 136.452679, "delta": 0.001071}}
{"target": -13.732062453917765, "params": {"colsample_bytree": 0.5383418787090176, "eta": 0.026008979392962685, "gamma": 502.67546095201686, "max_depth": 5.0, "min_child_weight": 4324.876544548471, "num_boost_round": 3.0, "subsample": 0.8063418113942592}, "datetime": {"datetime": "2024-01-20 14:26:15", "elapsed": 136.453072, "delta": 0.000393}}
{"target": -13.732573285439226, "params": {"colsample_bytree": 0.5383418787090176, "eta": 0.026008979392962685, "gamma": 502.67546095201686, "max_depth": 5.0, "min_child_weight": 4324.876544548471, "num_boost_round": 4.0, "subsample": 0.8063418113942592}, "datetime": {"datetime": "2024-01-20 14:26:15", "elapsed": 136.453446, "delta": 0.000374}}
{"target": -13.733120222453152, "params": {"colsample_bytree": 0.5383418787090176, "eta": 0.026008979392962685, "gamma": 502.67546095201686, "max_depth": 5.0, "min_child_weight": 4324.876544548471, "num_boost_round": 5.0, "subsample": 0.8063418113942592}, "datetime": {"datetime": "2024-01-20 14:26:15", "elapsed": 136.453821, "delta": 0.000375}}
{"target": -13.733716039139669, "params": {"colsample_bytree": 0.5383418787090176, "eta": 0.026008979392962685, "gamma": 502.67546095201686, "max_depth": 5.0, "min_child_weight": 4324.876544548471, "num_boost_round": 6.0, "subsample": 0.8063418113942592}, "datetime": {"datetime": "2024-01-20 14:26:15", "elapsed": 136.454188, "delta": 0.000367}}
{"target": -13.734005192364675, "params": {"colsample_bytree": 0.5383418787090176, "eta": 0.026008979392962685, "gamma": 502.67546095201686, "max_depth": 5.0, "min_child_weight": 4324.876544548471, "num_boost_round": 7.0, "subsample": 0.8063418113942592}, "datetime": {"datetime": "2024-01-20 14:26:15", "elapsed": 136.45466, "delta": 0.000472}}
{"target": -13.734451000341092, "params": {"colsample_bytree": 0.5383418787090176, "eta": 0.026008979392962685, "gamma": 502.67546095201686, "max_depth": 5.0, "min_child_weight": 4324.876544548471, "num_boost_round": 8.0, "subsample": 0.8063418113942592}, "datetime": {"datetime": "2024-01-20 14:26:15", "elapsed": 136.455032, "delta": 0.000372}}
{"target": -13.734903635247603, "params": {"colsample_bytree": 0.5383418787090176, "eta": 0.026008979392962685, "gamma": 502.67546095201686, "max_depth": 5.0, "min_child_weight": 4324.876544548471, "num_boost_round": 9.0, "subsample": 0.8063418113942592}, "datetime": {"datetime": "2024-01-20 14:26:15", "elapsed": 136.455397, "delta": 0.000365}}
{"target": -13.731900493289611, "params": {"colsample_bytree": 0.2599113270878119, "eta": 0.09941842486286045, "gamma": 550.5083872013448, "max_depth": 3.0, "min_child_weight": 4365.653022719107, "num_boost_round": 1.0, "subsample": 0.9851551638424587}, "datetime": {"datetime": "2024-01-20 14:26:28", "elapsed": 149.191785, "delta": 12.736388}}
{"target": -13.732558923418551, "params": {"colsample_bytree": 0.2599113270878119, "eta": 0.09941842486286045, "gamma": 550.5083872013448, "max_depth": 3.0, "min_child_weight": 4365.653022719107, "num_boost_round": 2.0, "subsample": 0.9851551638424587}, "datetime": {"datetime": "2024-01-20 14:26:28", "elapsed": 149.192719, "delta": 0.000934}}
{"target": -13.7310878479772, "params": {"colsample_bytree": 0.6663687590736994, "eta": 0.006873250899824457, "gamma": 652.70611212752, "max_depth": 2.0, "min_child_weight": 4202.976975112829, "num_boost_round": 1.0, "subsample": 0.6151863509124926}, "datetime": {"datetime": "2024-01-20 14:26:42", "elapsed": 163.800936, "delta": 14.608217}}
{"target": -13.731149064315842, "params": {"colsample_bytree": 0.6663687590736994, "eta": 0.006873250899824457, "gamma": 652.70611212752, "max_depth": 2.0, "min_child_weight": 4202.976975112829, "num_boost_round": 2.0, "subsample": 0.6151863509124926}, "datetime": {"datetime": "2024-01-20 14:26:42", "elapsed": 163.801466, "delta": 0.00053}}
