{"target": -10.476368807388383, "params": {"colsample_bytree": 0.7320890567149994, "eta": 0.053561110436890616, "gamma": 734.3512535488857, "max_depth": 2.0, "min_child_weight": 4302.884302473974, "num_boost_round": 20.0, "subsample": 0.38758538289332767}, "datetime": {"datetime": "2024-01-20 13:31:11", "elapsed": 363.956818, "delta": 0.00109}}
{"target": -10.476433010329508, "params": {"colsample_bytree": 0.7320890567149994, "eta": 0.053561110436890616, "gamma": 734.3512535488857, "max_depth": 2.0, "min_child_weight": 4302.884302473974, "num_boost_round": 21.0, "subsample": 0.38758538289332767}, "datetime": {"datetime": "2024-01-20 13:31:11", "elapsed": 363.957973, "delta": 0.001155}}
{"target": -10.476537643939567, "params": {"colsample_bytree": 0.7320890567149994, "eta": 0.053561110436890616, "gamma": 734.3512535488857, "max_depth": 2.0, "min_child_weight": 4302.884302473974, "num_boost_round": 22.0, "subsample": 0.38758538289332767}, "datetime": {"datetime": "2024-01-20 13:31:11", "elapsed": 363.965849, "delta": 0.007876}}
{"target": -10.47649265791723, "params": {"colsample_bytree": 0.7320890567149994, "eta": 0.053561110436890616, "gamma": 734.3512535488857, "max_depth": 2.0, "min_child_weight": 4302.884302473974, "num_boost_round": 23.0, "subsample": 0.38758538289332767}, "datetime": {"datetime": "2024-01-20 13:31:11", "elapsed": 363.966538, "delta": 0.000689}}
{"target": -10.476279078599099, "params": {"colsample_bytree": 0.7320890567149994, "eta": 0.053561110436890616, "gamma": 734.3512535488857, "max_depth": 2.0, "min_child_weight": 4302.884302473974, "num_boost_round": 24.0, "subsample": 0.38758538289332767}, "datetime": {"datetime": "2024-01-20 13:31:11", "elapsed": 363.96721, "delta": 0.000672}}
{"target": -10.476379831446419, "params": {"colsample_bytree": 0.7320890567149994, "eta": 0.053561110436890616, "gamma": 734.3512535488857, "max_depth": 2.0, "min_child_weight": 4302.884302473974, "num_boost_round": 25.0, "subsample": 0.38758538289332767}, "datetime": {"datetime": "2024-01-20 13:31:11", "elapsed": 363.967882, "delta": 0.000672}}
{"target": -10.476391972523537, "params": {"colsample_bytree": 0.7320890567149994, "eta": 0.053561110436890616, "gamma": 734.3512535488857, "max_depth": 2.0, "min_child_weight": 4302.884302473974, "num_boost_round": 26.0, "subsample": 0.38758538289332767}, "datetime": {"datetime": "2024-01-20 13:31:11", "elapsed": 363.96848, "delta": 0.000598}}
{"target": -10.47648704930208, "params": {"colsample_bytree": 0.7320890567149994, "eta": 0.053561110436890616, "gamma": 734.3512535488857, "max_depth": 2.0, "min_child_weight": 4302.884302473974, "num_boost_round": 27.0, "subsample": 0.38758538289332767}, "datetime": {"datetime": "2024-01-20 13:31:11", "elapsed": 363.969191, "delta": 0.000711}}
{"target": -10.476723942257845, "params": {"colsample_bytree": 0.7320890567149994, "eta": 0.053561110436890616, "gamma": 734.3512535488857, "max_depth": 2.0, "min_child_weight": 4302.884302473974, "num_boost_round": 28.0, "subsample": 0.38758538289332767}, "datetime": {"datetime": "2024-01-20 13:31:11", "elapsed": 363.969927, "delta": 0.000736}}
{"target": -10.476903671328259, "params": {"colsample_bytree": 0.7320890567149994, "eta": 0.053561110436890616, "gamma": 734.3512535488857, "max_depth": 2.0, "min_child_weight": 4302.884302473974, "num_boost_round": 29.0, "subsample": 0.38758538289332767}, "datetime": {"datetime": "2024-01-20 13:31:11", "elapsed": 363.970674, "delta": 0.000747}}
{"target": -10.476868939044556, "params": {"colsample_bytree": 0.7320890567149994, "eta": 0.053561110436890616, "gamma": 734.3512535488857, "max_depth": 2.0, "min_child_weight": 4302.884302473974, "num_boost_round": 30.0, "subsample": 0.38758538289332767}, "datetime": {"datetime": "2024-01-20 13:31:11", "elapsed": 363.971439, "delta": 0.000765}}
{"target": -10.476853997736107, "params": {"colsample_bytree": 0.7320890567149994, "eta": 0.053561110436890616, "gamma": 734.3512535488857, "max_depth": 2.0, "min_child_weight": 4302.884302473974, "num_boost_round": 31.0, "subsample": 0.38758538289332767}, "datetime": {"datetime": "2024-01-20 13:31:11", "elapsed": 363.972189, "delta": 0.00075}}
{"target": -10.476925115914547, "params": {"colsample_bytree": 0.7320890567149994, "eta": 0.053561110436890616, "gamma": 734.3512535488857, "max_depth": 2.0, "min_child_weight": 4302.884302473974, "num_boost_round": 32.0, "subsample": 0.38758538289332767}, "datetime": {"datetime": "2024-01-20 13:31:11", "elapsed": 363.972909, "delta": 0.00072}}
{"target": -10.477028164920817, "params": {"colsample_bytree": 0.7320890567149994, "eta": 0.053561110436890616, "gamma": 734.3512535488857, "max_depth": 2.0, "min_child_weight": 4302.884302473974, "num_boost_round": 33.0, "subsample": 0.38758538289332767}, "datetime": {"datetime": "2024-01-20 13:31:11", "elapsed": 363.973881, "delta": 0.000972}}
{"target": -10.476981605569607, "params": {"colsample_bytree": 0.7320890567149994, "eta": 0.053561110436890616, "gamma": 734.3512535488857, "max_depth": 2.0, "min_child_weight": 4302.884302473974, "num_boost_round": 34.0, "subsample": 0.38758538289332767}, "datetime": {"datetime": "2024-01-20 13:31:11", "elapsed": 363.974638, "delta": 0.000757}}
{"target": -10.477310852651893, "params": {"colsample_bytree": 0.7320890567149994, "eta": 0.053561110436890616, "gamma": 734.3512535488857, "max_depth": 2.0, "min_child_weight": 4302.884302473974, "num_boost_round": 35.0, "subsample": 0.38758538289332767}, "datetime": {"datetime": "2024-01-20 13:31:11", "elapsed": 363.975378, "delta": 0.00074}}
{"target": -10.47738661875797, "params": {"colsample_bytree": 0.7320890567149994, "eta": 0.053561110436890616, "gamma": 734.3512535488857, "max_depth": 2.0, "min_child_weight": 4302.884302473974, "num_boost_round": 36.0, "subsample": 0.38758538289332767}, "datetime": {"datetime": "2024-01-20 13:31:11", "elapsed": 363.9761, "delta": 0.000722}}
{"target": -10.477249102467574, "params": {"colsample_bytree": 0.7320890567149994, "eta": 0.053561110436890616, "gamma": 734.3512535488857, "max_depth": 2.0, "min_child_weight": 4302.884302473974, "num_boost_round": 37.0, "subsample": 0.38758538289332767}, "datetime": {"datetime": "2024-01-20 13:31:11", "elapsed": 363.976832, "delta": 0.000732}}
{"target": -10.477132379611668, "params": {"colsample_bytree": 0.7320890567149994, "eta": 0.053561110436890616, "gamma": 734.3512535488857, "max_depth": 2.0, "min_child_weight": 4302.884302473974, "num_boost_round": 38.0, "subsample": 0.38758538289332767}, "datetime": {"datetime": "2024-01-20 13:31:11", "elapsed": 363.977587, "delta": 0.000755}}
{"target": -10.477347780563399, "params": {"colsample_bytree": 0.7320890567149994, "eta": 0.053561110436890616, "gamma": 734.3512535488857, "max_depth": 2.0, "min_child_weight": 4302.884302473974, "num_boost_round": 39.0, "subsample": 0.38758538289332767}, "datetime": {"datetime": "2024-01-20 13:31:11", "elapsed": 363.978326, "delta": 0.000739}}
{"target": -10.477655076607046, "params": {"colsample_bytree": 0.7320890567149994, "eta": 0.053561110436890616, "gamma": 734.3512535488857, "max_depth": 2.0, "min_child_weight": 4302.884302473974, "num_boost_round": 40.0, "subsample": 0.38758538289332767}, "datetime": {"datetime": "2024-01-20 13:31:11", "elapsed": 363.979056, "delta": 0.00073}}
{"target": -10.477646109837018, "params": {"colsample_bytree": 0.7320890567149994, "eta": 0.053561110436890616, "gamma": 734.3512535488857, "max_depth": 2.0, "min_child_weight": 4302.884302473974, "num_boost_round": 41.0, "subsample": 0.38758538289332767}, "datetime": {"datetime": "2024-01-20 13:31:11", "elapsed": 363.97981, "delta": 0.000754}}
{"target": -10.477857201087332, "params": {"colsample_bytree": 0.7320890567149994, "eta": 0.053561110436890616, "gamma": 734.3512535488857, "max_depth": 2.0, "min_child_weight": 4302.884302473974, "num_boost_round": 42.0, "subsample": 0.38758538289332767}, "datetime": {"datetime": "2024-01-20 13:31:11", "elapsed": 363.98056, "delta": 0.00075}}
{"target": -10.477973055745226, "params": {"colsample_bytree": 0.7320890567149994, "eta": 0.053561110436890616, "gamma": 734.3512535488857, "max_depth": 2.0, "min_child_weight": 4302.884302473974, "num_boost_round": 43.0, "subsample": 0.38758538289332767}, "datetime": {"datetime": "2024-01-20 13:31:11", "elapsed": 363.981318, "delta": 0.000758}}
{"target": -10.477875986437251, "params": {"colsample_bytree": 0.7320890567149994, "eta": 0.053561110436890616, "gamma": 734.3512535488857, "max_depth": 2.0, "min_child_weight": 4302.884302473974, "num_boost_round": 44.0, "subsample": 0.38758538289332767}, "datetime": {"datetime": "2024-01-20 13:31:11", "elapsed": 363.982041, "delta": 0.000723}}
{"target": -10.477847175849776, "params": {"colsample_bytree": 0.7320890567149994, "eta": 0.053561110436890616, "gamma": 734.3512535488857, "max_depth": 2.0, "min_child_weight": 4302.884302473974, "num_boost_round": 45.0, "subsample": 0.38758538289332767}, "datetime": {"datetime": "2024-01-20 13:31:11", "elapsed": 363.982808, "delta": 0.000767}}
{"target": -10.477977085161138, "params": {"colsample_bytree": 0.7320890567149994, "eta": 0.053561110436890616, "gamma": 734.3512535488857, "max_depth": 2.0, "min_child_weight": 4302.884302473974, "num_boost_round": 46.0, "subsample": 0.38758538289332767}, "datetime": {"datetime": "2024-01-20 13:31:11", "elapsed": 363.983534, "delta": 0.000726}}
{"target": -10.477953682927799, "params": {"colsample_bytree": 0.7320890567149994, "eta": 0.053561110436890616, "gamma": 734.3512535488857, "max_depth": 2.0, "min_child_weight": 4302.884302473974, "num_boost_round": 47.0, "subsample": 0.38758538289332767}, "datetime": {"datetime": "2024-01-20 13:31:11", "elapsed": 363.984265, "delta": 0.000731}}
{"target": -10.478056273747079, "params": {"colsample_bytree": 0.7320890567149994, "eta": 0.053561110436890616, "gamma": 734.3512535488857, "max_depth": 2.0, "min_child_weight": 4302.884302473974, "num_boost_round": 48.0, "subsample": 0.38758538289332767}, "datetime": {"datetime": "2024-01-20 13:31:11", "elapsed": 363.985015, "delta": 0.00075}}
{"target": -10.477997473356691, "params": {"colsample_bytree": 0.7320890567149994, "eta": 0.053561110436890616, "gamma": 734.3512535488857, "max_depth": 2.0, "min_child_weight": 4302.884302473974, "num_boost_round": 49.0, "subsample": 0.38758538289332767}, "datetime": {"datetime": "2024-01-20 13:31:11", "elapsed": 363.985767, "delta": 0.000752}}
{"target": -10.478095626174163, "params": {"colsample_bytree": 0.7320890567149994, "eta": 0.053561110436890616, "gamma": 734.3512535488857, "max_depth": 2.0, "min_child_weight": 4302.884302473974, "num_boost_round": 50.0, "subsample": 0.38758538289332767}, "datetime": {"datetime": "2024-01-20 13:31:11", "elapsed": 363.986517, "delta": 0.00075}}
{"target": -10.47834613711688, "params": {"colsample_bytree": 0.7320890567149994, "eta": 0.053561110436890616, "gamma": 734.3512535488857, "max_depth": 2.0, "min_child_weight": 4302.884302473974, "num_boost_round": 51.0, "subsample": 0.38758538289332767}, "datetime": {"datetime": "2024-01-20 13:31:11", "elapsed": 363.987267, "delta": 0.00075}}
{"target": -10.47853783116398, "params": {"colsample_bytree": 0.7320890567149994, "eta": 0.053561110436890616, "gamma": 734.3512535488857, "max_depth": 2.0, "min_child_weight": 4302.884302473974, "num_boost_round": 52.0, "subsample": 0.38758538289332767}, "datetime": {"datetime": "2024-01-20 13:31:11", "elapsed": 363.987999, "delta": 0.000732}}
{"target": -10.478704302830515, "params": {"colsample_bytree": 0.7320890567149994, "eta": 0.053561110436890616, "gamma": 734.3512535488857, "max_depth": 2.0, "min_child_weight": 4302.884302473974, "num_boost_round": 53.0, "subsample": 0.38758538289332767}, "datetime": {"datetime": "2024-01-20 13:31:11", "elapsed": 363.988756, "delta": 0.000757}}
{"target": -10.478628280765786, "params": {"colsample_bytree": 0.7320890567149994, "eta": 0.053561110436890616, "gamma": 734.3512535488857, "max_depth": 2.0, "min_child_weight": 4302.884302473974, "num_boost_round": 54.0, "subsample": 0.38758538289332767}, "datetime": {"datetime": "2024-01-20 13:31:11", "elapsed": 363.989516, "delta": 0.00076}}
{"target": -10.478510108174277, "params": {"colsample_bytree": 0.7320890567149994, "eta": 0.053561110436890616, "gamma": 734.3512535488857, "max_depth": 2.0, "min_child_weight": 4302.884302473974, "num_boost_round": 55.0, "subsample": 0.38758538289332767}, "datetime": {"datetime": "2024-01-20 13:31:11", "elapsed": 363.990249, "delta": 0.000733}}
{"target": -10.47872537315602, "params": {"colsample_bytree": 0.7320890567149994, "eta": 0.053561110436890616, "gamma": 734.3512535488857, "max_depth": 2.0, "min_child_weight": 4302.884302473974, "num_boost_round": 56.0, "subsample": 0.38758538289332767}, "datetime": {"datetime": "2024-01-20 13:31:11", "elapsed": 363.990998, "delta": 0.000749}}
{"target": -10.478857628424663, "params": {"colsample_bytree": 0.7320890567149994, "eta": 0.053561110436890616, "gamma": 734.3512535488857, "max_depth": 2.0, "min_child_weight": 4302.884302473974, "num_boost_round": 57.0, "subsample": 0.38758538289332767}, "datetime": {"datetime": "2024-01-20 13:31:11", "elapsed": 363.991742, "delta": 0.000744}}
{"target": -10.478996656253887, "params": {"colsample_bytree": 0.7320890567149994, "eta": 0.053561110436890616, "gamma": 734.3512535488857, "max_depth": 2.0, "min_child_weight": 4302.884302473974, "num_boost_round": 58.0, "subsample": 0.38758538289332767}, "datetime": {"datetime": "2024-01-20 13:31:11", "elapsed": 363.99251, "delta": 0.000768}}
{"target": -10.479240398207827, "params": {"colsample_bytree": 0.7320890567149994, "eta": 0.053561110436890616, "gamma": 734.3512535488857, "max_depth": 2.0, "min_child_weight": 4302.884302473974, "num_boost_round": 59.0, "subsample": 0.38758538289332767}, "datetime": {"datetime": "2024-01-20 13:31:11", "elapsed": 363.993283, "delta": 0.000773}}
{"target": -10.479275637791226, "params": {"colsample_bytree": 0.7320890567149994, "eta": 0.053561110436890616, "gamma": 734.3512535488857, "max_depth": 2.0, "min_child_weight": 4302.884302473974, "num_boost_round": 60.0, "subsample": 0.38758538289332767}, "datetime": {"datetime": "2024-01-20 13:31:11", "elapsed": 363.994046, "delta": 0.000763}}
{"target": -10.479586831741573, "params": {"colsample_bytree": 0.7320890567149994, "eta": 0.053561110436890616, "gamma": 734.3512535488857, "max_depth": 2.0, "min_child_weight": 4302.884302473974, "num_boost_round": 61.0, "subsample": 0.38758538289332767}, "datetime": {"datetime": "2024-01-20 13:31:11", "elapsed": 363.994797, "delta": 0.000751}}
{"target": -10.47955173122795, "params": {"colsample_bytree": 0.7320890567149994, "eta": 0.053561110436890616, "gamma": 734.3512535488857, "max_depth": 2.0, "min_child_weight": 4302.884302473974, "num_boost_round": 62.0, "subsample": 0.38758538289332767}, "datetime": {"datetime": "2024-01-20 13:31:11", "elapsed": 363.996413, "delta": 0.001616}}
{"target": -10.479469631553293, "params": {"colsample_bytree": 0.7320890567149994, "eta": 0.053561110436890616, "gamma": 734.3512535488857, "max_depth": 2.0, "min_child_weight": 4302.884302473974, "num_boost_round": 63.0, "subsample": 0.38758538289332767}, "datetime": {"datetime": "2024-01-20 13:31:11", "elapsed": 363.997179, "delta": 0.000766}}
{"target": -10.479367350623821, "params": {"colsample_bytree": 0.7320890567149994, "eta": 0.053561110436890616, "gamma": 734.3512535488857, "max_depth": 2.0, "min_child_weight": 4302.884302473974, "num_boost_round": 64.0, "subsample": 0.38758538289332767}, "datetime": {"datetime": "2024-01-20 13:31:11", "elapsed": 363.998122, "delta": 0.000943}}
{"target": -10.479231879043287, "params": {"colsample_bytree": 0.7320890567149994, "eta": 0.053561110436890616, "gamma": 734.3512535488857, "max_depth": 2.0, "min_child_weight": 4302.884302473974, "num_boost_round": 65.0, "subsample": 0.38758538289332767}, "datetime": {"datetime": "2024-01-20 13:31:11", "elapsed": 363.99897, "delta": 0.000848}}
{"target": -10.475383132635226, "params": {"colsample_bytree": 0.7180255919259522, "eta": 0.08853871705551782, "gamma": 787.1738800238796, "max_depth": 5.0, "min_child_weight": 4257.573154094515, "num_boost_round": 1.0, "subsample": 0.6086348681901596}, "datetime": {"datetime": "2024-01-20 13:31:48", "elapsed": 400.722377, "delta": 36.723407}}
{"target": -10.474202426863195, "params": {"colsample_bytree": 0.7180255919259522, "eta": 0.08853871705551782, "gamma": 787.1738800238796, "max_depth": 5.0, "min_child_weight": 4257.573154094515, "num_boost_round": 2.0, "subsample": 0.6086348681901596}, "datetime": {"datetime": "2024-01-20 13:31:48", "elapsed": 400.724475, "delta": 0.002098}}
{"target": -10.474331023712894, "params": {"colsample_bytree": 0.7180255919259522, "eta": 0.08853871705551782, "gamma": 787.1738800238796, "max_depth": 5.0, "min_child_weight": 4257.573154094515, "num_boost_round": 3.0, "subsample": 0.6086348681901596}, "datetime": {"datetime": "2024-01-20 13:31:48", "elapsed": 400.725996, "delta": 0.001521}}
{"target": -10.473798644162638, "params": {"colsample_bytree": 0.7180255919259522, "eta": 0.08853871705551782, "gamma": 787.1738800238796, "max_depth": 5.0, "min_child_weight": 4257.573154094515, "num_boost_round": 4.0, "subsample": 0.6086348681901596}, "datetime": {"datetime": "2024-01-20 13:31:48", "elapsed": 400.72679, "delta": 0.000794}}
{"target": -10.473984307118064, "params": {"colsample_bytree": 0.7180255919259522, "eta": 0.08853871705551782, "gamma": 787.1738800238796, "max_depth": 5.0, "min_child_weight": 4257.573154094515, "num_boost_round": 5.0, "subsample": 0.6086348681901596}, "datetime": {"datetime": "2024-01-20 13:31:48", "elapsed": 400.727898, "delta": 0.001108}}
{"target": -10.474323919823782, "params": {"colsample_bytree": 0.7180255919259522, "eta": 0.08853871705551782, "gamma": 787.1738800238796, "max_depth": 5.0, "min_child_weight": 4257.573154094515, "num_boost_round": 6.0, "subsample": 0.6086348681901596}, "datetime": {"datetime": "2024-01-20 13:31:48", "elapsed": 400.728674, "delta": 0.000776}}
{"target": -10.47476223305132, "params": {"colsample_bytree": 0.7180255919259522, "eta": 0.08853871705551782, "gamma": 787.1738800238796, "max_depth": 5.0, "min_child_weight": 4257.573154094515, "num_boost_round": 7.0, "subsample": 0.6086348681901596}, "datetime": {"datetime": "2024-01-20 13:31:48", "elapsed": 400.729601, "delta": 0.000927}}
{"target": -10.47416197396208, "params": {"colsample_bytree": 0.7180255919259522, "eta": 0.08853871705551782, "gamma": 787.1738800238796, "max_depth": 5.0, "min_child_weight": 4257.573154094515, "num_boost_round": 8.0, "subsample": 0.6086348681901596}, "datetime": {"datetime": "2024-01-20 13:31:48", "elapsed": 400.730846, "delta": 0.001245}}
{"target": -10.47460052448983, "params": {"colsample_bytree": 0.7180255919259522, "eta": 0.08853871705551782, "gamma": 787.1738800238796, "max_depth": 5.0, "min_child_weight": 4257.573154094515, "num_boost_round": 9.0, "subsample": 0.6086348681901596}, "datetime": {"datetime": "2024-01-20 13:31:48", "elapsed": 400.73175, "delta": 0.000904}}
{"target": -10.47514456080413, "params": {"colsample_bytree": 0.7180255919259522, "eta": 0.08853871705551782, "gamma": 787.1738800238796, "max_depth": 5.0, "min_child_weight": 4257.573154094515, "num_boost_round": 10.0, "subsample": 0.6086348681901596}, "datetime": {"datetime": "2024-01-20 13:31:48", "elapsed": 400.732526, "delta": 0.000776}}
{"target": -10.47521678067795, "params": {"colsample_bytree": 0.7180255919259522, "eta": 0.08853871705551782, "gamma": 787.1738800238796, "max_depth": 5.0, "min_child_weight": 4257.573154094515, "num_boost_round": 11.0, "subsample": 0.6086348681901596}, "datetime": {"datetime": "2024-01-20 13:31:48", "elapsed": 400.733316, "delta": 0.00079}}
{"target": -10.475428950669441, "params": {"colsample_bytree": 0.7180255919259522, "eta": 0.08853871705551782, "gamma": 787.1738800238796, "max_depth": 5.0, "min_child_weight": 4257.573154094515, "num_boost_round": 12.0, "subsample": 0.6086348681901596}, "datetime": {"datetime": "2024-01-20 13:31:48", "elapsed": 400.734111, "delta": 0.000795}}
{"target": -10.476273946598177, "params": {"colsample_bytree": 0.7180255919259522, "eta": 0.08853871705551782, "gamma": 787.1738800238796, "max_depth": 5.0, "min_child_weight": 4257.573154094515, "num_boost_round": 13.0, "subsample": 0.6086348681901596}, "datetime": {"datetime": "2024-01-20 13:31:48", "elapsed": 400.734884, "delta": 0.000773}}
{"target": -10.476429250960738, "params": {"colsample_bytree": 0.7180255919259522, "eta": 0.08853871705551782, "gamma": 787.1738800238796, "max_depth": 5.0, "min_child_weight": 4257.573154094515, "num_boost_round": 14.0, "subsample": 0.6086348681901596}, "datetime": {"datetime": "2024-01-20 13:31:48", "elapsed": 400.735654, "delta": 0.00077}}
{"target": -10.476994639394627, "params": {"colsample_bytree": 0.7180255919259522, "eta": 0.08853871705551782, "gamma": 787.1738800238796, "max_depth": 5.0, "min_child_weight": 4257.573154094515, "num_boost_round": 15.0, "subsample": 0.6086348681901596}, "datetime": {"datetime": "2024-01-20 13:31:48", "elapsed": 400.736444, "delta": 0.00079}}
{"target": -10.477193845800063, "params": {"colsample_bytree": 0.7180255919259522, "eta": 0.08853871705551782, "gamma": 787.1738800238796, "max_depth": 5.0, "min_child_weight": 4257.573154094515, "num_boost_round": 16.0, "subsample": 0.6086348681901596}, "datetime": {"datetime": "2024-01-20 13:31:48", "elapsed": 400.737469, "delta": 0.001025}}
{"target": -10.478029061118493, "params": {"colsample_bytree": 0.7180255919259522, "eta": 0.08853871705551782, "gamma": 787.1738800238796, "max_depth": 5.0, "min_child_weight": 4257.573154094515, "num_boost_round": 17.0, "subsample": 0.6086348681901596}, "datetime": {"datetime": "2024-01-20 13:31:48", "elapsed": 400.738249, "delta": 0.00078}}
