{"target": -13.733040489815396, "params": {"colsample_bytree": 0.6665913316971642, "eta": 0.04076660555922966, "gamma": 179.25385335381873, "max_depth": 5.0, "min_child_weight": 3825.672964161848, "num_boost_round": 3.0, "subsample": 0.7074772954769719}, "datetime": {"datetime": "2024-01-20 14:47:33", "elapsed": 1414.848459, "delta": 0.001617}}
{"target": -13.73394455961656, "params": {"colsample_bytree": 0.6665913316971642, "eta": 0.04076660555922966, "gamma": 179.25385335381873, "max_depth": 5.0, "min_child_weight": 3825.672964161848, "num_boost_round": 4.0, "subsample": 0.7074772954769719}, "datetime": {"datetime": "2024-01-20 14:47:33", "elapsed": 1414.849735, "delta": 0.001276}}
{"target": -13.734915220835735, "params": {"colsample_bytree": 0.6665913316971642, "eta": 0.04076660555922966, "gamma": 179.25385335381873, "max_depth": 5.0, "min_child_weight": 3825.672964161848, "num_boost_round": 5.0, "subsample": 0.7074772954769719}, "datetime": {"datetime": "2024-01-20 14:47:33", "elapsed": 1414.85182, "delta": 0.002085}}
{"target": -13.736220601303149, "params": {"colsample_bytree": 0.6665913316971642, "eta": 0.04076660555922966, "gamma": 179.25385335381873, "max_depth": 5.0, "min_child_weight": 3825.672964161848, "num_boost_round": 6.0, "subsample": 0.7074772954769719}, "datetime": {"datetime": "2024-01-20 14:47:33", "elapsed": 1414.852913, "delta": 0.001093}}
{"target": -13.737509942545575, "params": {"colsample_bytree": 0.6665913316971642, "eta": 0.04076660555922966, "gamma": 179.25385335381873, "max_depth": 5.0, "min_child_weight": 3825.672964161848, "num_boost_round": 7.0, "subsample": 0.7074772954769719}, "datetime": {"datetime": "2024-01-20 14:47:33", "elapsed": 1414.854118, "delta": 0.001205}}
{"target": -13.738705892870115, "params": {"colsample_bytree": 0.6665913316971642, "eta": 0.04076660555922966, "gamma": 179.25385335381873, "max_depth": 5.0, "min_child_weight": 3825.672964161848, "num_boost_round": 8.0, "subsample": 0.7074772954769719}, "datetime": {"datetime": "2024-01-20 14:47:33", "elapsed": 1414.85519, "delta": 0.001072}}
{"target": -13.739605288219806, "params": {"colsample_bytree": 0.6665913316971642, "eta": 0.04076660555922966, "gamma": 179.25385335381873, "max_depth": 5.0, "min_child_weight": 3825.672964161848, "num_boost_round": 9.0, "subsample": 0.7074772954769719}, "datetime": {"datetime": "2024-01-20 14:47:33", "elapsed": 1414.856266, "delta": 0.001076}}
{"target": -13.740395448911926, "params": {"colsample_bytree": 0.6665913316971642, "eta": 0.04076660555922966, "gamma": 179.25385335381873, "max_depth": 5.0, "min_child_weight": 3825.672964161848, "num_boost_round": 10.0, "subsample": 0.7074772954769719}, "datetime": {"datetime": "2024-01-20 14:47:33", "elapsed": 1414.857338, "delta": 0.001072}}
{"target": -13.741395550667683, "params": {"colsample_bytree": 0.6665913316971642, "eta": 0.04076660555922966, "gamma": 179.25385335381873, "max_depth": 5.0, "min_child_weight": 3825.672964161848, "num_boost_round": 11.0, "subsample": 0.7074772954769719}, "datetime": {"datetime": "2024-01-20 14:47:33", "elapsed": 1414.858406, "delta": 0.001068}}
{"target": -13.742551758831452, "params": {"colsample_bytree": 0.6665913316971642, "eta": 0.04076660555922966, "gamma": 179.25385335381873, "max_depth": 5.0, "min_child_weight": 3825.672964161848, "num_boost_round": 12.0, "subsample": 0.7074772954769719}, "datetime": {"datetime": "2024-01-20 14:47:33", "elapsed": 1414.859483, "delta": 0.001077}}
{"target": -13.731244616822439, "params": {"colsample_bytree": 0.1486008612374814, "eta": 0.03440793930418355, "gamma": 226.8250301170719, "max_depth": 2.0, "min_child_weight": 3739.5172595525737, "num_boost_round": 1.0, "subsample": 0.8367006516011859}, "datetime": {"datetime": "2024-01-20 14:47:50", "elapsed": 1431.334866, "delta": 16.475383}}
{"target": -13.731384902309722, "params": {"colsample_bytree": 0.1486008612374814, "eta": 0.03440793930418355, "gamma": 226.8250301170719, "max_depth": 2.0, "min_child_weight": 3739.5172595525737, "num_boost_round": 2.0, "subsample": 0.8367006516011859}, "datetime": {"datetime": "2024-01-20 14:47:50", "elapsed": 1431.336987, "delta": 0.002121}}
{"target": -13.73141616130907, "params": {"colsample_bytree": 0.1486008612374814, "eta": 0.03440793930418355, "gamma": 226.8250301170719, "max_depth": 2.0, "min_child_weight": 3739.5172595525737, "num_boost_round": 3.0, "subsample": 0.8367006516011859}, "datetime": {"datetime": "2024-01-20 14:47:50", "elapsed": 1431.338656, "delta": 0.001669}}
{"target": -13.731609400838035, "params": {"colsample_bytree": 0.1486008612374814, "eta": 0.03440793930418355, "gamma": 226.8250301170719, "max_depth": 2.0, "min_child_weight": 3739.5172595525737, "num_boost_round": 4.0, "subsample": 0.8367006516011859}, "datetime": {"datetime": "2024-01-20 14:47:50", "elapsed": 1431.340661, "delta": 0.002005}}
{"target": -13.731763666766003, "params": {"colsample_bytree": 0.1486008612374814, "eta": 0.03440793930418355, "gamma": 226.8250301170719, "max_depth": 2.0, "min_child_weight": 3739.5172595525737, "num_boost_round": 5.0, "subsample": 0.8367006516011859}, "datetime": {"datetime": "2024-01-20 14:47:50", "elapsed": 1431.341914, "delta": 0.001253}}
{"target": -13.7318874750762, "params": {"colsample_bytree": 0.1486008612374814, "eta": 0.03440793930418355, "gamma": 226.8250301170719, "max_depth": 2.0, "min_child_weight": 3739.5172595525737, "num_boost_round": 6.0, "subsample": 0.8367006516011859}, "datetime": {"datetime": "2024-01-20 14:47:50", "elapsed": 1431.343013, "delta": 0.001099}}
{"target": -13.732451334153794, "params": {"colsample_bytree": 0.1486008612374814, "eta": 0.03440793930418355, "gamma": 226.8250301170719, "max_depth": 2.0, "min_child_weight": 3739.5172595525737, "num_boost_round": 7.0, "subsample": 0.8367006516011859}, "datetime": {"datetime": "2024-01-20 14:47:50", "elapsed": 1431.344201, "delta": 0.001188}}
{"target": -13.732468916956755, "params": {"colsample_bytree": 0.1486008612374814, "eta": 0.03440793930418355, "gamma": 226.8250301170719, "max_depth": 2.0, "min_child_weight": 3739.5172595525737, "num_boost_round": 8.0, "subsample": 0.8367006516011859}, "datetime": {"datetime": "2024-01-20 14:47:50", "elapsed": 1431.345355, "delta": 0.001154}}
{"target": -13.732604478014085, "params": {"colsample_bytree": 0.1486008612374814, "eta": 0.03440793930418355, "gamma": 226.8250301170719, "max_depth": 2.0, "min_child_weight": 3739.5172595525737, "num_boost_round": 9.0, "subsample": 0.8367006516011859}, "datetime": {"datetime": "2024-01-20 14:47:50", "elapsed": 1431.346448, "delta": 0.001093}}
{"target": -13.73129327560876, "params": {"colsample_bytree": 0.965153816650257, "eta": 0.016700837186631318, "gamma": 586.6518857795834, "max_depth": 4.0, "min_child_weight": 4002.980805433261, "num_boost_round": 1.0, "subsample": 0.4136550661826144}, "datetime": {"datetime": "2024-01-20 14:48:06", "elapsed": 1447.084457, "delta": 15.738009}}
{"target": -13.731656073014697, "params": {"colsample_bytree": 0.965153816650257, "eta": 0.016700837186631318, "gamma": 586.6518857795834, "max_depth": 4.0, "min_child_weight": 4002.980805433261, "num_boost_round": 2.0, "subsample": 0.4136550661826144}, "datetime": {"datetime": "2024-01-20 14:48:06", "elapsed": 1447.085777, "delta": 0.00132}}
{"target": -13.731967179555383, "params": {"colsample_bytree": 0.965153816650257, "eta": 0.016700837186631318, "gamma": 586.6518857795834, "max_depth": 4.0, "min_child_weight": 4002.980805433261, "num_boost_round": 3.0, "subsample": 0.4136550661826144}, "datetime": {"datetime": "2024-01-20 14:48:06", "elapsed": 1447.08692, "delta": 0.001143}}
{"target": -13.73232130586683, "params": {"colsample_bytree": 0.965153816650257, "eta": 0.016700837186631318, "gamma": 586.6518857795834, "max_depth": 4.0, "min_child_weight": 4002.980805433261, "num_boost_round": 4.0, "subsample": 0.4136550661826144}, "datetime": {"datetime": "2024-01-20 14:48:06", "elapsed": 1447.088035, "delta": 0.001115}}
{"target": -13.732642550099378, "params": {"colsample_bytree": 0.965153816650257, "eta": 0.016700837186631318, "gamma": 586.6518857795834, "max_depth": 4.0, "min_child_weight": 4002.980805433261, "num_boost_round": 5.0, "subsample": 0.4136550661826144}, "datetime": {"datetime": "2024-01-20 14:48:06", "elapsed": 1447.089142, "delta": 0.001107}}
{"target": -13.731328743301805, "params": {"colsample_bytree": 0.1382676578342336, "eta": 0.049923449917789194, "gamma": 134.73580507658446, "max_depth": 4.0, "min_child_weight": 3903.2949109918873, "num_boost_round": 1.0, "subsample": 0.46171251845932393}, "datetime": {"datetime": "2024-01-20 14:48:21", "elapsed": 1462.761481, "delta": 15.672339}}
{"target": -13.731702788546551, "params": {"colsample_bytree": 0.1382676578342336, "eta": 0.049923449917789194, "gamma": 134.73580507658446, "max_depth": 4.0, "min_child_weight": 3903.2949109918873, "num_boost_round": 2.0, "subsample": 0.46171251845932393}, "datetime": {"datetime": "2024-01-20 14:48:21", "elapsed": 1462.763574, "delta": 0.002093}}
{"target": -13.731939675693805, "params": {"colsample_bytree": 0.1382676578342336, "eta": 0.049923449917789194, "gamma": 134.73580507658446, "max_depth": 4.0, "min_child_weight": 3903.2949109918873, "num_boost_round": 3.0, "subsample": 0.46171251845932393}, "datetime": {"datetime": "2024-01-20 14:48:21", "elapsed": 1462.765176, "delta": 0.001602}}
{"target": -13.732195196204657, "params": {"colsample_bytree": 0.1382676578342336, "eta": 0.049923449917789194, "gamma": 134.73580507658446, "max_depth": 4.0, "min_child_weight": 3903.2949109918873, "num_boost_round": 4.0, "subsample": 0.46171251845932393}, "datetime": {"datetime": "2024-01-20 14:48:21", "elapsed": 1462.766347, "delta": 0.001171}}
{"target": -13.73124624450788, "params": {"colsample_bytree": 0.874442279989884, "eta": 0.012276774659607423, "gamma": 514.0680490228448, "max_depth": 8.0, "min_child_weight": 3777.480341643951, "num_boost_round": 1.0, "subsample": 0.5252301913651741}, "datetime": {"datetime": "2024-01-20 14:48:38", "elapsed": 1479.002038, "delta": 16.235691}}
{"target": -13.731448959732743, "params": {"colsample_bytree": 0.874442279989884, "eta": 0.012276774659607423, "gamma": 514.0680490228448, "max_depth": 8.0, "min_child_weight": 3777.480341643951, "num_boost_round": 2.0, "subsample": 0.5252301913651741}, "datetime": {"datetime": "2024-01-20 14:48:38", "elapsed": 1479.004349, "delta": 0.002311}}
{"target": -13.7316262755843, "params": {"colsample_bytree": 0.874442279989884, "eta": 0.012276774659607423, "gamma": 514.0680490228448, "max_depth": 8.0, "min_child_weight": 3777.480341643951, "num_boost_round": 3.0, "subsample": 0.5252301913651741}, "datetime": {"datetime": "2024-01-20 14:48:38", "elapsed": 1479.006041, "delta": 0.001692}}
{"target": -13.731857277290977, "params": {"colsample_bytree": 0.874442279989884, "eta": 0.012276774659607423, "gamma": 514.0680490228448, "max_depth": 8.0, "min_child_weight": 3777.480341643951, "num_boost_round": 4.0, "subsample": 0.5252301913651741}, "datetime": {"datetime": "2024-01-20 14:48:38", "elapsed": 1479.007277, "delta": 0.001236}}
{"target": -13.73225505357285, "params": {"colsample_bytree": 0.874442279989884, "eta": 0.012276774659607423, "gamma": 514.0680490228448, "max_depth": 8.0, "min_child_weight": 3777.480341643951, "num_boost_round": 5.0, "subsample": 0.5252301913651741}, "datetime": {"datetime": "2024-01-20 14:48:38", "elapsed": 1479.00838, "delta": 0.001103}}
{"target": -13.731145619204668, "params": {"colsample_bytree": 0.6767884428709784, "eta": 0.01450779959188214, "gamma": 454.27722679214224, "max_depth": 2.0, "min_child_weight": 4119.514849886591, "num_boost_round": 1.0, "subsample": 0.9941705563532359}, "datetime": {"datetime": "2024-01-20 14:48:51", "elapsed": 1492.823465, "delta": 13.815085}}
{"target": -13.731357630144405, "params": {"colsample_bytree": 0.6767884428709784, "eta": 0.01450779959188214, "gamma": 454.27722679214224, "max_depth": 2.0, "min_child_weight": 4119.514849886591, "num_boost_round": 2.0, "subsample": 0.9941705563532359}, "datetime": {"datetime": "2024-01-20 14:48:51", "elapsed": 1492.825409, "delta": 0.001944}}
{"target": -13.732491092519863, "params": {"colsample_bytree": 0.3620060690034339, "eta": 0.09513889475527135, "gamma": 689.5563582659229, "max_depth": 9.0, "min_child_weight": 4174.888571957445, "num_boost_round": 1.0, "subsample": 0.49812983637206354}, "datetime": {"datetime": "2024-01-20 14:49:07", "elapsed": 1508.88533, "delta": 16.059921}}
{"target": -13.733392215561363, "params": {"colsample_bytree": 0.3620060690034339, "eta": 0.09513889475527135, "gamma": 689.5563582659229, "max_depth": 9.0, "min_child_weight": 4174.888571957445, "num_boost_round": 2.0, "subsample": 0.49812983637206354}, "datetime": {"datetime": "2024-01-20 14:49:08", "elapsed": 1508.887433, "delta": 0.002103}}
{"target": -13.734532968550702, "params": {"colsample_bytree": 0.3620060690034339, "eta": 0.09513889475527135, "gamma": 689.5563582659229, "max_depth": 9.0, "min_child_weight": 4174.888571957445, "num_boost_round": 3.0, "subsample": 0.49812983637206354}, "datetime": {"datetime": "2024-01-20 14:49:08", "elapsed": 1508.888787, "delta": 0.001354}}
{"target": -13.736080739408862, "params": {"colsample_bytree": 0.3620060690034339, "eta": 0.09513889475527135, "gamma": 689.5563582659229, "max_depth": 9.0, "min_child_weight": 4174.888571957445, "num_boost_round": 4.0, "subsample": 0.49812983637206354}, "datetime": {"datetime": "2024-01-20 14:49:08", "elapsed": 1508.890058, "delta": 0.001271}}
{"target": -13.731801145457384, "params": {"colsample_bytree": 0.8156642480835902, "eta": 0.06058447942243512, "gamma": 73.74844839792283, "max_depth": 6.0, "min_child_weight": 3895.8198014776262, "num_boost_round": 1.0, "subsample": 0.8979283249254707}, "datetime": {"datetime": "2024-01-20 14:49:21", "elapsed": 1522.700179, "delta": 13.810121}}
{"target": -13.731346465041247, "params": {"colsample_bytree": 0.17088516895076405, "eta": 0.046664766881086256, "gamma": 128.8672267803087, "max_depth": 5.0, "min_child_weight": 3965.2234552615914, "num_boost_round": 1.0, "subsample": 0.4834039775634694}, "datetime": {"datetime": "2024-01-20 14:49:42", "elapsed": 1543.725817, "delta": 21.025638}}
{"target": -13.731702046437718, "params": {"colsample_bytree": 0.17088516895076405, "eta": 0.046664766881086256, "gamma": 128.8672267803087, "max_depth": 5.0, "min_child_weight": 3965.2234552615914, "num_boost_round": 2.0, "subsample": 0.4834039775634694}, "datetime": {"datetime": "2024-01-20 14:49:42", "elapsed": 1543.729057, "delta": 0.00324}}
{"target": -13.732034008177806, "params": {"colsample_bytree": 0.17088516895076405, "eta": 0.046664766881086256, "gamma": 128.8672267803087, "max_depth": 5.0, "min_child_weight": 3965.2234552615914, "num_boost_round": 3.0, "subsample": 0.4834039775634694}, "datetime": {"datetime": "2024-01-20 14:49:42", "elapsed": 1543.730434, "delta": 0.001377}}
{"target": -13.732383640362407, "params": {"colsample_bytree": 0.17088516895076405, "eta": 0.046664766881086256, "gamma": 128.8672267803087, "max_depth": 5.0, "min_child_weight": 3965.2234552615914, "num_boost_round": 4.0, "subsample": 0.4834039775634694}, "datetime": {"datetime": "2024-01-20 14:49:42", "elapsed": 1543.731641, "delta": 0.001207}}
{"target": -13.732647354385065, "params": {"colsample_bytree": 0.17088516895076405, "eta": 0.046664766881086256, "gamma": 128.8672267803087, "max_depth": 5.0, "min_child_weight": 3965.2234552615914, "num_boost_round": 5.0, "subsample": 0.4834039775634694}, "datetime": {"datetime": "2024-01-20 14:49:42", "elapsed": 1543.732812, "delta": 0.001171}}
{"target": -13.733066014089278, "params": {"colsample_bytree": 0.17088516895076405, "eta": 0.046664766881086256, "gamma": 128.8672267803087, "max_depth": 5.0, "min_child_weight": 3965.2234552615914, "num_boost_round": 6.0, "subsample": 0.4834039775634694}, "datetime": {"datetime": "2024-01-20 14:49:42", "elapsed": 1543.734177, "delta": 0.001365}}
{"target": -13.733783885525174, "params": {"colsample_bytree": 0.17088516895076405, "eta": 0.046664766881086256, "gamma": 128.8672267803087, "max_depth": 5.0, "min_child_weight": 3965.2234552615914, "num_boost_round": 7.0, "subsample": 0.4834039775634694}, "datetime": {"datetime": "2024-01-20 14:49:42", "elapsed": 1543.735511, "delta": 0.001334}}
{"target": -13.73388862801777, "params": {"colsample_bytree": 0.17088516895076405, "eta": 0.046664766881086256, "gamma": 128.8672267803087, "max_depth": 5.0, "min_child_weight": 3965.2234552615914, "num_boost_round": 8.0, "subsample": 0.4834039775634694}, "datetime": {"datetime": "2024-01-20 14:49:42", "elapsed": 1543.736699, "delta": 0.001188}}
{"target": -13.73427248185819, "params": {"colsample_bytree": 0.17088516895076405, "eta": 0.046664766881086256, "gamma": 128.8672267803087, "max_depth": 5.0, "min_child_weight": 3965.2234552615914, "num_boost_round": 9.0, "subsample": 0.4834039775634694}, "datetime": {"datetime": "2024-01-20 14:49:42", "elapsed": 1543.737867, "delta": 0.001168}}
{"target": -13.734828093507874, "params": {"colsample_bytree": 0.17088516895076405, "eta": 0.046664766881086256, "gamma": 128.8672267803087, "max_depth": 5.0, "min_child_weight": 3965.2234552615914, "num_boost_round": 10.0, "subsample": 0.4834039775634694}, "datetime": {"datetime": "2024-01-20 14:49:42", "elapsed": 1543.739026, "delta": 0.001159}}
{"target": -13.735355825852395, "params": {"colsample_bytree": 0.17088516895076405, "eta": 0.046664766881086256, "gamma": 128.8672267803087, "max_depth": 5.0, "min_child_weight": 3965.2234552615914, "num_boost_round": 11.0, "subsample": 0.4834039775634694}, "datetime": {"datetime": "2024-01-20 14:49:42", "elapsed": 1543.740183, "delta": 0.001157}}
{"target": -13.73541119865638, "params": {"colsample_bytree": 0.17088516895076405, "eta": 0.046664766881086256, "gamma": 128.8672267803087, "max_depth": 5.0, "min_child_weight": 3965.2234552615914, "num_boost_round": 12.0, "subsample": 0.4834039775634694}, "datetime": {"datetime": "2024-01-20 14:49:42", "elapsed": 1543.74135, "delta": 0.001167}}
{"target": -13.735617627083103, "params": {"colsample_bytree": 0.17088516895076405, "eta": 0.046664766881086256, "gamma": 128.8672267803087, "max_depth": 5.0, "min_child_weight": 3965.2234552615914, "num_boost_round": 13.0, "subsample": 0.4834039775634694}, "datetime": {"datetime": "2024-01-20 14:49:42", "elapsed": 1543.742528, "delta": 0.001178}}
{"target": -13.736242010782663, "params": {"colsample_bytree": 0.17088516895076405, "eta": 0.046664766881086256, "gamma": 128.8672267803087, "max_depth": 5.0, "min_child_weight": 3965.2234552615914, "num_boost_round": 14.0, "subsample": 0.4834039775634694}, "datetime": {"datetime": "2024-01-20 14:49:42", "elapsed": 1543.743762, "delta": 0.001234}}
{"target": -13.736172460107104, "params": {"colsample_bytree": 0.17088516895076405, "eta": 0.046664766881086256, "gamma": 128.8672267803087, "max_depth": 5.0, "min_child_weight": 3965.2234552615914, "num_boost_round": 15.0, "subsample": 0.4834039775634694}, "datetime": {"datetime": "2024-01-20 14:49:42", "elapsed": 1543.744999, "delta": 0.001237}}
{"target": -13.731982848716646, "params": {"colsample_bytree": 0.8312056821063107, "eta": 0.07455632944306173, "gamma": 971.1725544450363, "max_depth": 2.0, "min_child_weight": 4308.366932261501, "num_boost_round": 1.0, "subsample": 0.16386415880104405}, "datetime": {"datetime": "2024-01-20 14:49:57", "elapsed": 1558.41647, "delta": 14.671471}}
{"target": -13.731359961774228, "params": {"colsample_bytree": 0.6140037289808727, "eta": 0.03575613765310988, "gamma": 41.242421381986084, "max_depth": 4.0, "min_child_weight": 3983.1979910312493, "num_boost_round": 1.0, "subsample": 0.4850826821620021}, "datetime": {"datetime": "2024-01-20 14:50:10", "elapsed": 1571.764601, "delta": 13.348131}}
{"target": -13.731973907328108, "params": {"colsample_bytree": 0.9329180611051465, "eta": 0.0650527682675004, "gamma": 371.8049057935018, "max_depth": 3.0, "min_child_weight": 3723.5396787077016, "num_boost_round": 1.0, "subsample": 0.5232020490144611}, "datetime": {"datetime": "2024-01-20 14:50:26", "elapsed": 1587.746264, "delta": 15.981663}}
{"target": -13.73290322698496, "params": {"colsample_bytree": 0.9329180611051465, "eta": 0.0650527682675004, "gamma": 371.8049057935018, "max_depth": 3.0, "min_child_weight": 3723.5396787077016, "num_boost_round": 2.0, "subsample": 0.5232020490144611}, "datetime": {"datetime": "2024-01-20 14:50:26", "elapsed": 1587.748199, "delta": 0.001935}}
{"target": -13.734193018930121, "params": {"colsample_bytree": 0.9329180611051465, "eta": 0.0650527682675004, "gamma": 371.8049057935018, "max_depth": 3.0, "min_child_weight": 3723.5396787077016, "num_boost_round": 3.0, "subsample": 0.5232020490144611}, "datetime": {"datetime": "2024-01-20 14:50:26", "elapsed": 1587.749534, "delta": 0.001335}}
{"target": -13.735509565409814, "params": {"colsample_bytree": 0.9329180611051465, "eta": 0.0650527682675004, "gamma": 371.8049057935018, "max_depth": 3.0, "min_child_weight": 3723.5396787077016, "num_boost_round": 4.0, "subsample": 0.5232020490144611}, "datetime": {"datetime": "2024-01-20 14:50:26", "elapsed": 1587.750707, "delta": 0.001173}}
{"target": -13.736979805460777, "params": {"colsample_bytree": 0.9329180611051465, "eta": 0.0650527682675004, "gamma": 371.8049057935018, "max_depth": 3.0, "min_child_weight": 3723.5396787077016, "num_boost_round": 5.0, "subsample": 0.5232020490144611}, "datetime": {"datetime": "2024-01-20 14:50:26", "elapsed": 1587.751874, "delta": 0.001167}}
{"target": -13.738640781346732, "params": {"colsample_bytree": 0.9329180611051465, "eta": 0.0650527682675004, "gamma": 371.8049057935018, "max_depth": 3.0, "min_child_weight": 3723.5396787077016, "num_boost_round": 6.0, "subsample": 0.5232020490144611}, "datetime": {"datetime": "2024-01-20 14:50:26", "elapsed": 1587.753228, "delta": 0.001354}}
