{"target": -10.479559622900762, "params": {"colsample_bytree": 0.5056355193867738, "eta": 0.08396293696103244, "gamma": 628.56223994278, "max_depth": 2.0, "min_child_weight": 4733.306829923592, "num_boost_round": 74.0, "subsample": 0.12208013047068762}, "datetime": {"datetime": "2024-01-20 15:17:38", "elapsed": 6750.146632, "delta": 0.005193}}
{"target": -10.479619085618584, "params": {"colsample_bytree": 0.5056355193867738, "eta": 0.08396293696103244, "gamma": 628.56223994278, "max_depth": 2.0, "min_child_weight": 4733.306829923592, "num_boost_round": 75.0, "subsample": 0.12208013047068762}, "datetime": {"datetime": "2024-01-20 15:17:38", "elapsed": 6750.151572, "delta": 0.00494}}
{"target": -10.479542795236064, "params": {"colsample_bytree": 0.5056355193867738, "eta": 0.08396293696103244, "gamma": 628.56223994278, "max_depth": 2.0, "min_child_weight": 4733.306829923592, "num_boost_round": 76.0, "subsample": 0.12208013047068762}, "datetime": {"datetime": "2024-01-20 15:17:38", "elapsed": 6750.156415, "delta": 0.004843}}
{"target": -10.479549520217176, "params": {"colsample_bytree": 0.5056355193867738, "eta": 0.08396293696103244, "gamma": 628.56223994278, "max_depth": 2.0, "min_child_weight": 4733.306829923592, "num_boost_round": 77.0, "subsample": 0.12208013047068762}, "datetime": {"datetime": "2024-01-20 15:17:38", "elapsed": 6750.161348, "delta": 0.004933}}
{"target": -10.479560535896264, "params": {"colsample_bytree": 0.5056355193867738, "eta": 0.08396293696103244, "gamma": 628.56223994278, "max_depth": 2.0, "min_child_weight": 4733.306829923592, "num_boost_round": 78.0, "subsample": 0.12208013047068762}, "datetime": {"datetime": "2024-01-20 15:17:38", "elapsed": 6750.166307, "delta": 0.004959}}
{"target": -10.479528565193807, "params": {"colsample_bytree": 0.5056355193867738, "eta": 0.08396293696103244, "gamma": 628.56223994278, "max_depth": 2.0, "min_child_weight": 4733.306829923592, "num_boost_round": 79.0, "subsample": 0.12208013047068762}, "datetime": {"datetime": "2024-01-20 15:17:38", "elapsed": 6750.171302, "delta": 0.004995}}
{"target": -10.479597219230643, "params": {"colsample_bytree": 0.5056355193867738, "eta": 0.08396293696103244, "gamma": 628.56223994278, "max_depth": 2.0, "min_child_weight": 4733.306829923592, "num_boost_round": 80.0, "subsample": 0.12208013047068762}, "datetime": {"datetime": "2024-01-20 15:17:38", "elapsed": 6750.176477, "delta": 0.005175}}
{"target": -10.479693661784147, "params": {"colsample_bytree": 0.5056355193867738, "eta": 0.08396293696103244, "gamma": 628.56223994278, "max_depth": 2.0, "min_child_weight": 4733.306829923592, "num_boost_round": 81.0, "subsample": 0.12208013047068762}, "datetime": {"datetime": "2024-01-20 15:17:38", "elapsed": 6750.181374, "delta": 0.004897}}
{"target": -10.475527047612285, "params": {"colsample_bytree": 0.6748766166413703, "eta": 0.03521936159600213, "gamma": 590.312657419295, "max_depth": 6.0, "min_child_weight": 4807.026037322982, "num_boost_round": 1.0, "subsample": 0.41759717024662923}, "datetime": {"datetime": "2024-01-20 15:19:23", "elapsed": 6855.524691, "delta": 105.343317}}
{"target": -10.474998232232764, "params": {"colsample_bytree": 0.6748766166413703, "eta": 0.03521936159600213, "gamma": 590.312657419295, "max_depth": 6.0, "min_child_weight": 4807.026037322982, "num_boost_round": 2.0, "subsample": 0.41759717024662923}, "datetime": {"datetime": "2024-01-20 15:19:23", "elapsed": 6855.531932, "delta": 0.007241}}
{"target": -10.474971700354647, "params": {"colsample_bytree": 0.6748766166413703, "eta": 0.03521936159600213, "gamma": 590.312657419295, "max_depth": 6.0, "min_child_weight": 4807.026037322982, "num_boost_round": 3.0, "subsample": 0.41759717024662923}, "datetime": {"datetime": "2024-01-20 15:19:23", "elapsed": 6855.53765, "delta": 0.005718}}
{"target": -10.474708625517383, "params": {"colsample_bytree": 0.6748766166413703, "eta": 0.03521936159600213, "gamma": 590.312657419295, "max_depth": 6.0, "min_child_weight": 4807.026037322982, "num_boost_round": 4.0, "subsample": 0.41759717024662923}, "datetime": {"datetime": "2024-01-20 15:19:23", "elapsed": 6855.542908, "delta": 0.005258}}
{"target": -10.47436541782027, "params": {"colsample_bytree": 0.6748766166413703, "eta": 0.03521936159600213, "gamma": 590.312657419295, "max_depth": 6.0, "min_child_weight": 4807.026037322982, "num_boost_round": 5.0, "subsample": 0.41759717024662923}, "datetime": {"datetime": "2024-01-20 15:19:23", "elapsed": 6855.548412, "delta": 0.005504}}
{"target": -10.47396051200366, "params": {"colsample_bytree": 0.6748766166413703, "eta": 0.03521936159600213, "gamma": 590.312657419295, "max_depth": 6.0, "min_child_weight": 4807.026037322982, "num_boost_round": 6.0, "subsample": 0.41759717024662923}, "datetime": {"datetime": "2024-01-20 15:19:23", "elapsed": 6855.553627, "delta": 0.005215}}
{"target": -10.47371206717812, "params": {"colsample_bytree": 0.6748766166413703, "eta": 0.03521936159600213, "gamma": 590.312657419295, "max_depth": 6.0, "min_child_weight": 4807.026037322982, "num_boost_round": 7.0, "subsample": 0.41759717024662923}, "datetime": {"datetime": "2024-01-20 15:19:23", "elapsed": 6855.558804, "delta": 0.005177}}
{"target": -10.473375189171442, "params": {"colsample_bytree": 0.6748766166413703, "eta": 0.03521936159600213, "gamma": 590.312657419295, "max_depth": 6.0, "min_child_weight": 4807.026037322982, "num_boost_round": 8.0, "subsample": 0.41759717024662923}, "datetime": {"datetime": "2024-01-20 15:19:23", "elapsed": 6855.563911, "delta": 0.005107}}
{"target": -10.473217579661613, "params": {"colsample_bytree": 0.6748766166413703, "eta": 0.03521936159600213, "gamma": 590.312657419295, "max_depth": 6.0, "min_child_weight": 4807.026037322982, "num_boost_round": 9.0, "subsample": 0.41759717024662923}, "datetime": {"datetime": "2024-01-20 15:19:23", "elapsed": 6855.568986, "delta": 0.005075}}
{"target": -10.47294194325088, "params": {"colsample_bytree": 0.6748766166413703, "eta": 0.03521936159600213, "gamma": 590.312657419295, "max_depth": 6.0, "min_child_weight": 4807.026037322982, "num_boost_round": 10.0, "subsample": 0.41759717024662923}, "datetime": {"datetime": "2024-01-20 15:19:23", "elapsed": 6855.574097, "delta": 0.005111}}
{"target": -10.472728421060845, "params": {"colsample_bytree": 0.6748766166413703, "eta": 0.03521936159600213, "gamma": 590.312657419295, "max_depth": 6.0, "min_child_weight": 4807.026037322982, "num_boost_round": 11.0, "subsample": 0.41759717024662923}, "datetime": {"datetime": "2024-01-20 15:19:23", "elapsed": 6855.579439, "delta": 0.005342}}
{"target": -10.47280759830334, "params": {"colsample_bytree": 0.6748766166413703, "eta": 0.03521936159600213, "gamma": 590.312657419295, "max_depth": 6.0, "min_child_weight": 4807.026037322982, "num_boost_round": 12.0, "subsample": 0.41759717024662923}, "datetime": {"datetime": "2024-01-20 15:19:23", "elapsed": 6855.584506, "delta": 0.005067}}
{"target": -10.472706635664029, "params": {"colsample_bytree": 0.6748766166413703, "eta": 0.03521936159600213, "gamma": 590.312657419295, "max_depth": 6.0, "min_child_weight": 4807.026037322982, "num_boost_round": 13.0, "subsample": 0.41759717024662923}, "datetime": {"datetime": "2024-01-20 15:19:23", "elapsed": 6855.589653, "delta": 0.005147}}
{"target": -10.47262546004231, "params": {"colsample_bytree": 0.6748766166413703, "eta": 0.03521936159600213, "gamma": 590.312657419295, "max_depth": 6.0, "min_child_weight": 4807.026037322982, "num_boost_round": 14.0, "subsample": 0.41759717024662923}, "datetime": {"datetime": "2024-01-20 15:19:23", "elapsed": 6855.594818, "delta": 0.005165}}
{"target": -10.476110542213616, "params": {"colsample_bytree": 0.30726458507762355, "eta": 0.07008385780439419, "gamma": 592.9682562630487, "max_depth": 2.0, "min_child_weight": 4886.593183516283, "num_boost_round": 1.0, "subsample": 0.5396945372967529}, "datetime": {"datetime": "2024-01-20 15:21:00", "elapsed": 6952.813154, "delta": 97.218336}}
{"target": -10.476032280371538, "params": {"colsample_bytree": 0.30726458507762355, "eta": 0.07008385780439419, "gamma": 592.9682562630487, "max_depth": 2.0, "min_child_weight": 4886.593183516283, "num_boost_round": 2.0, "subsample": 0.5396945372967529}, "datetime": {"datetime": "2024-01-20 15:21:00", "elapsed": 6952.820406, "delta": 0.007252}}
{"target": -10.475940659316937, "params": {"colsample_bytree": 0.30726458507762355, "eta": 0.07008385780439419, "gamma": 592.9682562630487, "max_depth": 2.0, "min_child_weight": 4886.593183516283, "num_boost_round": 3.0, "subsample": 0.5396945372967529}, "datetime": {"datetime": "2024-01-20 15:21:00", "elapsed": 6952.826144, "delta": 0.005738}}
{"target": -10.475487793539696, "params": {"colsample_bytree": 0.30726458507762355, "eta": 0.07008385780439419, "gamma": 592.9682562630487, "max_depth": 2.0, "min_child_weight": 4886.593183516283, "num_boost_round": 4.0, "subsample": 0.5396945372967529}, "datetime": {"datetime": "2024-01-20 15:21:00", "elapsed": 6952.831447, "delta": 0.005303}}
{"target": -10.475422501882033, "params": {"colsample_bytree": 0.30726458507762355, "eta": 0.07008385780439419, "gamma": 592.9682562630487, "max_depth": 2.0, "min_child_weight": 4886.593183516283, "num_boost_round": 5.0, "subsample": 0.5396945372967529}, "datetime": {"datetime": "2024-01-20 15:21:00", "elapsed": 6952.836642, "delta": 0.005195}}
{"target": -10.47555625270672, "params": {"colsample_bytree": 0.30726458507762355, "eta": 0.07008385780439419, "gamma": 592.9682562630487, "max_depth": 2.0, "min_child_weight": 4886.593183516283, "num_boost_round": 6.0, "subsample": 0.5396945372967529}, "datetime": {"datetime": "2024-01-20 15:21:00", "elapsed": 6952.84171, "delta": 0.005068}}
{"target": -10.475674924556987, "params": {"colsample_bytree": 0.30726458507762355, "eta": 0.07008385780439419, "gamma": 592.9682562630487, "max_depth": 2.0, "min_child_weight": 4886.593183516283, "num_boost_round": 7.0, "subsample": 0.5396945372967529}, "datetime": {"datetime": "2024-01-20 15:21:00", "elapsed": 6952.846753, "delta": 0.005043}}
{"target": -10.47566722258069, "params": {"colsample_bytree": 0.30726458507762355, "eta": 0.07008385780439419, "gamma": 592.9682562630487, "max_depth": 2.0, "min_child_weight": 4886.593183516283, "num_boost_round": 8.0, "subsample": 0.5396945372967529}, "datetime": {"datetime": "2024-01-20 15:21:00", "elapsed": 6952.851975, "delta": 0.005222}}
{"target": -10.475824545431534, "params": {"colsample_bytree": 0.30726458507762355, "eta": 0.07008385780439419, "gamma": 592.9682562630487, "max_depth": 2.0, "min_child_weight": 4886.593183516283, "num_boost_round": 9.0, "subsample": 0.5396945372967529}, "datetime": {"datetime": "2024-01-20 15:21:00", "elapsed": 6952.85764, "delta": 0.005665}}
{"target": -10.476003361730106, "params": {"colsample_bytree": 0.30726458507762355, "eta": 0.07008385780439419, "gamma": 592.9682562630487, "max_depth": 2.0, "min_child_weight": 4886.593183516283, "num_boost_round": 10.0, "subsample": 0.5396945372967529}, "datetime": {"datetime": "2024-01-20 15:21:00", "elapsed": 6952.862822, "delta": 0.005182}}
{"target": -10.47646747844274, "params": {"colsample_bytree": 0.30726458507762355, "eta": 0.07008385780439419, "gamma": 592.9682562630487, "max_depth": 2.0, "min_child_weight": 4886.593183516283, "num_boost_round": 11.0, "subsample": 0.5396945372967529}, "datetime": {"datetime": "2024-01-20 15:21:00", "elapsed": 6952.867889, "delta": 0.005067}}
{"target": -10.476813478480967, "params": {"colsample_bytree": 0.30726458507762355, "eta": 0.07008385780439419, "gamma": 592.9682562630487, "max_depth": 2.0, "min_child_weight": 4886.593183516283, "num_boost_round": 12.0, "subsample": 0.5396945372967529}, "datetime": {"datetime": "2024-01-20 15:21:00", "elapsed": 6952.872998, "delta": 0.005109}}
{"target": -10.476880255916473, "params": {"colsample_bytree": 0.30726458507762355, "eta": 0.07008385780439419, "gamma": 592.9682562630487, "max_depth": 2.0, "min_child_weight": 4886.593183516283, "num_boost_round": 13.0, "subsample": 0.5396945372967529}, "datetime": {"datetime": "2024-01-20 15:21:00", "elapsed": 6952.87824, "delta": 0.005242}}
{"target": -10.47733062584036, "params": {"colsample_bytree": 0.30726458507762355, "eta": 0.07008385780439419, "gamma": 592.9682562630487, "max_depth": 2.0, "min_child_weight": 4886.593183516283, "num_boost_round": 14.0, "subsample": 0.5396945372967529}, "datetime": {"datetime": "2024-01-20 15:21:00", "elapsed": 6952.883376, "delta": 0.005136}}
{"target": -10.477617653873882, "params": {"colsample_bytree": 0.30726458507762355, "eta": 0.07008385780439419, "gamma": 592.9682562630487, "max_depth": 2.0, "min_child_weight": 4886.593183516283, "num_boost_round": 15.0, "subsample": 0.5396945372967529}, "datetime": {"datetime": "2024-01-20 15:21:00", "elapsed": 6952.888852, "delta": 0.005476}}
{"target": -10.477816780596681, "params": {"colsample_bytree": 0.30726458507762355, "eta": 0.07008385780439419, "gamma": 592.9682562630487, "max_depth": 2.0, "min_child_weight": 4886.593183516283, "num_boost_round": 16.0, "subsample": 0.5396945372967529}, "datetime": {"datetime": "2024-01-20 15:21:00", "elapsed": 6952.893891, "delta": 0.005039}}
{"target": -10.477962526578445, "params": {"colsample_bytree": 0.30726458507762355, "eta": 0.07008385780439419, "gamma": 592.9682562630487, "max_depth": 2.0, "min_child_weight": 4886.593183516283, "num_boost_round": 17.0, "subsample": 0.5396945372967529}, "datetime": {"datetime": "2024-01-20 15:21:00", "elapsed": 6952.899042, "delta": 0.005151}}
{"target": -10.477938850497983, "params": {"colsample_bytree": 0.30726458507762355, "eta": 0.07008385780439419, "gamma": 592.9682562630487, "max_depth": 2.0, "min_child_weight": 4886.593183516283, "num_boost_round": 18.0, "subsample": 0.5396945372967529}, "datetime": {"datetime": "2024-01-20 15:21:00", "elapsed": 6952.904143, "delta": 0.005101}}
{"target": -10.478333899317557, "params": {"colsample_bytree": 0.30726458507762355, "eta": 0.07008385780439419, "gamma": 592.9682562630487, "max_depth": 2.0, "min_child_weight": 4886.593183516283, "num_boost_round": 19.0, "subsample": 0.5396945372967529}, "datetime": {"datetime": "2024-01-20 15:21:00", "elapsed": 6952.909398, "delta": 0.005255}}
{"target": -10.478295700404267, "params": {"colsample_bytree": 0.30726458507762355, "eta": 0.07008385780439419, "gamma": 592.9682562630487, "max_depth": 2.0, "min_child_weight": 4886.593183516283, "num_boost_round": 20.0, "subsample": 0.5396945372967529}, "datetime": {"datetime": "2024-01-20 15:21:00", "elapsed": 6952.914644, "delta": 0.005246}}
{"target": -10.478290019992706, "params": {"colsample_bytree": 0.30726458507762355, "eta": 0.07008385780439419, "gamma": 592.9682562630487, "max_depth": 2.0, "min_child_weight": 4886.593183516283, "num_boost_round": 21.0, "subsample": 0.5396945372967529}, "datetime": {"datetime": "2024-01-20 15:21:00", "elapsed": 6952.920192, "delta": 0.005548}}
{"target": -10.478281497093489, "params": {"colsample_bytree": 0.30726458507762355, "eta": 0.07008385780439419, "gamma": 592.9682562630487, "max_depth": 2.0, "min_child_weight": 4886.593183516283, "num_boost_round": 22.0, "subsample": 0.5396945372967529}, "datetime": {"datetime": "2024-01-20 15:21:00", "elapsed": 6952.925277, "delta": 0.005085}}
{"target": -10.478439601136401, "params": {"colsample_bytree": 0.30726458507762355, "eta": 0.07008385780439419, "gamma": 592.9682562630487, "max_depth": 2.0, "min_child_weight": 4886.593183516283, "num_boost_round": 23.0, "subsample": 0.5396945372967529}, "datetime": {"datetime": "2024-01-20 15:21:00", "elapsed": 6952.930386, "delta": 0.005109}}
{"target": -10.478765536896436, "params": {"colsample_bytree": 0.30726458507762355, "eta": 0.07008385780439419, "gamma": 592.9682562630487, "max_depth": 2.0, "min_child_weight": 4886.593183516283, "num_boost_round": 24.0, "subsample": 0.5396945372967529}, "datetime": {"datetime": "2024-01-20 15:21:00", "elapsed": 6952.935502, "delta": 0.005116}}
{"target": -10.478845159329794, "params": {"colsample_bytree": 0.30726458507762355, "eta": 0.07008385780439419, "gamma": 592.9682562630487, "max_depth": 2.0, "min_child_weight": 4886.593183516283, "num_boost_round": 25.0, "subsample": 0.5396945372967529}, "datetime": {"datetime": "2024-01-20 15:21:00", "elapsed": 6952.94073, "delta": 0.005228}}
{"target": -10.478917404713414, "params": {"colsample_bytree": 0.30726458507762355, "eta": 0.07008385780439419, "gamma": 592.9682562630487, "max_depth": 2.0, "min_child_weight": 4886.593183516283, "num_boost_round": 26.0, "subsample": 0.5396945372967529}, "datetime": {"datetime": "2024-01-20 15:21:00", "elapsed": 6952.945943, "delta": 0.005213}}
{"target": -10.475653073578735, "params": {"colsample_bytree": 0.6017078463750254, "eta": 0.08669102507909011, "gamma": 539.8305863481236, "max_depth": 6.0, "min_child_weight": 4842.208791214624, "num_boost_round": 1.0, "subsample": 0.7258245877082907}, "datetime": {"datetime": "2024-01-20 15:22:29", "elapsed": 7041.131718, "delta": 88.185775}}
{"target": -10.475231343345142, "params": {"colsample_bytree": 0.9116140056139368, "eta": 0.09107435376088584, "gamma": 526.6078385051901, "max_depth": 3.0, "min_child_weight": 4859.548526299696, "num_boost_round": 1.0, "subsample": 0.4932027183036559}, "datetime": {"datetime": "2024-01-20 15:24:02", "elapsed": 7134.930112, "delta": 93.798394}}
{"target": -10.474621908013997, "params": {"colsample_bytree": 0.9116140056139368, "eta": 0.09107435376088584, "gamma": 526.6078385051901, "max_depth": 3.0, "min_child_weight": 4859.548526299696, "num_boost_round": 2.0, "subsample": 0.4932027183036559}, "datetime": {"datetime": "2024-01-20 15:24:02", "elapsed": 7134.938467, "delta": 0.008355}}
{"target": -10.474363512172378, "params": {"colsample_bytree": 0.9116140056139368, "eta": 0.09107435376088584, "gamma": 526.6078385051901, "max_depth": 3.0, "min_child_weight": 4859.548526299696, "num_boost_round": 3.0, "subsample": 0.4932027183036559}, "datetime": {"datetime": "2024-01-20 15:24:02", "elapsed": 7134.944375, "delta": 0.005908}}
{"target": -10.47480048298345, "params": {"colsample_bytree": 0.9116140056139368, "eta": 0.09107435376088584, "gamma": 526.6078385051901, "max_depth": 3.0, "min_child_weight": 4859.548526299696, "num_boost_round": 4.0, "subsample": 0.4932027183036559}, "datetime": {"datetime": "2024-01-20 15:24:02", "elapsed": 7134.949959, "delta": 0.005584}}
{"target": -10.474738275492761, "params": {"colsample_bytree": 0.9116140056139368, "eta": 0.09107435376088584, "gamma": 526.6078385051901, "max_depth": 3.0, "min_child_weight": 4859.548526299696, "num_boost_round": 5.0, "subsample": 0.4932027183036559}, "datetime": {"datetime": "2024-01-20 15:24:02", "elapsed": 7134.955396, "delta": 0.005437}}
{"target": -10.474569292242283, "params": {"colsample_bytree": 0.9116140056139368, "eta": 0.09107435376088584, "gamma": 526.6078385051901, "max_depth": 3.0, "min_child_weight": 4859.548526299696, "num_boost_round": 6.0, "subsample": 0.4932027183036559}, "datetime": {"datetime": "2024-01-20 15:24:02", "elapsed": 7134.961594, "delta": 0.006198}}
{"target": -10.474509137976533, "params": {"colsample_bytree": 0.9116140056139368, "eta": 0.09107435376088584, "gamma": 526.6078385051901, "max_depth": 3.0, "min_child_weight": 4859.548526299696, "num_boost_round": 7.0, "subsample": 0.4932027183036559}, "datetime": {"datetime": "2024-01-20 15:24:02", "elapsed": 7134.967281, "delta": 0.005687}}
{"target": -10.474788803604415, "params": {"colsample_bytree": 0.9116140056139368, "eta": 0.09107435376088584, "gamma": 526.6078385051901, "max_depth": 3.0, "min_child_weight": 4859.548526299696, "num_boost_round": 8.0, "subsample": 0.4932027183036559}, "datetime": {"datetime": "2024-01-20 15:24:02", "elapsed": 7134.974244, "delta": 0.006963}}
{"target": -10.475054695144731, "params": {"colsample_bytree": 0.9116140056139368, "eta": 0.09107435376088584, "gamma": 526.6078385051901, "max_depth": 3.0, "min_child_weight": 4859.548526299696, "num_boost_round": 9.0, "subsample": 0.4932027183036559}, "datetime": {"datetime": "2024-01-20 15:24:02", "elapsed": 7134.980889, "delta": 0.006645}}
{"target": -10.47512611717211, "params": {"colsample_bytree": 0.9116140056139368, "eta": 0.09107435376088584, "gamma": 526.6078385051901, "max_depth": 3.0, "min_child_weight": 4859.548526299696, "num_boost_round": 10.0, "subsample": 0.4932027183036559}, "datetime": {"datetime": "2024-01-20 15:24:02", "elapsed": 7134.986322, "delta": 0.005433}}
{"target": -10.475405580950092, "params": {"colsample_bytree": 0.9116140056139368, "eta": 0.09107435376088584, "gamma": 526.6078385051901, "max_depth": 3.0, "min_child_weight": 4859.548526299696, "num_boost_round": 11.0, "subsample": 0.4932027183036559}, "datetime": {"datetime": "2024-01-20 15:24:02", "elapsed": 7134.991751, "delta": 0.005429}}
{"target": -10.47551227643358, "params": {"colsample_bytree": 0.9116140056139368, "eta": 0.09107435376088584, "gamma": 526.6078385051901, "max_depth": 3.0, "min_child_weight": 4859.548526299696, "num_boost_round": 12.0, "subsample": 0.4932027183036559}, "datetime": {"datetime": "2024-01-20 15:24:02", "elapsed": 7134.997388, "delta": 0.005637}}
{"target": -10.47563095399287, "params": {"colsample_bytree": 0.9116140056139368, "eta": 0.09107435376088584, "gamma": 526.6078385051901, "max_depth": 3.0, "min_child_weight": 4859.548526299696, "num_boost_round": 13.0, "subsample": 0.4932027183036559}, "datetime": {"datetime": "2024-01-20 15:24:02", "elapsed": 7135.002585, "delta": 0.005197}}
{"target": -10.475915294939531, "params": {"colsample_bytree": 0.9116140056139368, "eta": 0.09107435376088584, "gamma": 526.6078385051901, "max_depth": 3.0, "min_child_weight": 4859.548526299696, "num_boost_round": 14.0, "subsample": 0.4932027183036559}, "datetime": {"datetime": "2024-01-20 15:24:02", "elapsed": 7135.007795, "delta": 0.00521}}
