{"target": -10.490029130627011, "params": {"colsample_bytree": 0.2798048072010507, "eta": 0.08843936833027603, "gamma": 669.9107931044077, "max_depth": 4.0, "min_child_weight": 1914.1623548947452, "num_boost_round": 36.0, "subsample": 0.6437837768728475}, "datetime": {"datetime": "2024-01-20 14:40:58", "elapsed": 4550.958465, "delta": 0.004042}}
{"target": -10.49063078249775, "params": {"colsample_bytree": 0.2798048072010507, "eta": 0.08843936833027603, "gamma": 669.9107931044077, "max_depth": 4.0, "min_child_weight": 1914.1623548947452, "num_boost_round": 37.0, "subsample": 0.6437837768728475}, "datetime": {"datetime": "2024-01-20 14:40:58", "elapsed": 4550.962574, "delta": 0.004109}}
{"target": -10.491355396865805, "params": {"colsample_bytree": 0.2798048072010507, "eta": 0.08843936833027603, "gamma": 669.9107931044077, "max_depth": 4.0, "min_child_weight": 1914.1623548947452, "num_boost_round": 38.0, "subsample": 0.6437837768728475}, "datetime": {"datetime": "2024-01-20 14:40:58", "elapsed": 4550.966871, "delta": 0.004297}}
{"target": -10.491500349761587, "params": {"colsample_bytree": 0.2798048072010507, "eta": 0.08843936833027603, "gamma": 669.9107931044077, "max_depth": 4.0, "min_child_weight": 1914.1623548947452, "num_boost_round": 39.0, "subsample": 0.6437837768728475}, "datetime": {"datetime": "2024-01-20 14:40:58", "elapsed": 4550.971635, "delta": 0.004764}}
{"target": -10.492059276968451, "params": {"colsample_bytree": 0.2798048072010507, "eta": 0.08843936833027603, "gamma": 669.9107931044077, "max_depth": 4.0, "min_child_weight": 1914.1623548947452, "num_boost_round": 40.0, "subsample": 0.6437837768728475}, "datetime": {"datetime": "2024-01-20 14:40:58", "elapsed": 4550.975919, "delta": 0.004284}}
{"target": -10.492337152934095, "params": {"colsample_bytree": 0.2798048072010507, "eta": 0.08843936833027603, "gamma": 669.9107931044077, "max_depth": 4.0, "min_child_weight": 1914.1623548947452, "num_boost_round": 41.0, "subsample": 0.6437837768728475}, "datetime": {"datetime": "2024-01-20 14:40:58", "elapsed": 4550.980447, "delta": 0.004528}}
{"target": -10.492879692004665, "params": {"colsample_bytree": 0.2798048072010507, "eta": 0.08843936833027603, "gamma": 669.9107931044077, "max_depth": 4.0, "min_child_weight": 1914.1623548947452, "num_boost_round": 42.0, "subsample": 0.6437837768728475}, "datetime": {"datetime": "2024-01-20 14:40:58", "elapsed": 4550.984516, "delta": 0.004069}}
{"target": -10.493312921784582, "params": {"colsample_bytree": 0.2798048072010507, "eta": 0.08843936833027603, "gamma": 669.9107931044077, "max_depth": 4.0, "min_child_weight": 1914.1623548947452, "num_boost_round": 43.0, "subsample": 0.6437837768728475}, "datetime": {"datetime": "2024-01-20 14:40:58", "elapsed": 4550.988385, "delta": 0.003869}}
{"target": -10.493542904575929, "params": {"colsample_bytree": 0.2798048072010507, "eta": 0.08843936833027603, "gamma": 669.9107931044077, "max_depth": 4.0, "min_child_weight": 1914.1623548947452, "num_boost_round": 44.0, "subsample": 0.6437837768728475}, "datetime": {"datetime": "2024-01-20 14:40:58", "elapsed": 4550.992462, "delta": 0.004077}}
{"target": -10.49410194993598, "params": {"colsample_bytree": 0.2798048072010507, "eta": 0.08843936833027603, "gamma": 669.9107931044077, "max_depth": 4.0, "min_child_weight": 1914.1623548947452, "num_boost_round": 45.0, "subsample": 0.6437837768728475}, "datetime": {"datetime": "2024-01-20 14:40:58", "elapsed": 4550.996423, "delta": 0.003961}}
{"target": -10.494572678258933, "params": {"colsample_bytree": 0.2798048072010507, "eta": 0.08843936833027603, "gamma": 669.9107931044077, "max_depth": 4.0, "min_child_weight": 1914.1623548947452, "num_boost_round": 46.0, "subsample": 0.6437837768728475}, "datetime": {"datetime": "2024-01-20 14:40:58", "elapsed": 4551.000344, "delta": 0.003921}}
{"target": -10.494928050273966, "params": {"colsample_bytree": 0.2798048072010507, "eta": 0.08843936833027603, "gamma": 669.9107931044077, "max_depth": 4.0, "min_child_weight": 1914.1623548947452, "num_boost_round": 47.0, "subsample": 0.6437837768728475}, "datetime": {"datetime": "2024-01-20 14:40:58", "elapsed": 4551.004365, "delta": 0.004021}}
{"target": -10.475760969823716, "params": {"colsample_bytree": 0.24767168417800195, "eta": 0.05333251662013393, "gamma": 991.5719322375664, "max_depth": 8.0, "min_child_weight": 4282.940883940301, "num_boost_round": 1.0, "subsample": 0.9553128528585891}, "datetime": {"datetime": "2024-01-20 14:42:40", "elapsed": 4652.065479, "delta": 101.061114}}
{"target": -10.475484579925864, "params": {"colsample_bytree": 0.24767168417800195, "eta": 0.05333251662013393, "gamma": 991.5719322375664, "max_depth": 8.0, "min_child_weight": 4282.940883940301, "num_boost_round": 2.0, "subsample": 0.9553128528585891}, "datetime": {"datetime": "2024-01-20 14:42:40", "elapsed": 4652.070782, "delta": 0.005303}}
{"target": -10.475461426656725, "params": {"colsample_bytree": 0.24767168417800195, "eta": 0.05333251662013393, "gamma": 991.5719322375664, "max_depth": 8.0, "min_child_weight": 4282.940883940301, "num_boost_round": 3.0, "subsample": 0.9553128528585891}, "datetime": {"datetime": "2024-01-20 14:42:40", "elapsed": 4652.074783, "delta": 0.004001}}
{"target": -10.475347957700876, "params": {"colsample_bytree": 0.24767168417800195, "eta": 0.05333251662013393, "gamma": 991.5719322375664, "max_depth": 8.0, "min_child_weight": 4282.940883940301, "num_boost_round": 4.0, "subsample": 0.9553128528585891}, "datetime": {"datetime": "2024-01-20 14:42:40", "elapsed": 4652.078901, "delta": 0.004118}}
{"target": -10.475224895114401, "params": {"colsample_bytree": 0.24767168417800195, "eta": 0.05333251662013393, "gamma": 991.5719322375664, "max_depth": 8.0, "min_child_weight": 4282.940883940301, "num_boost_round": 5.0, "subsample": 0.9553128528585891}, "datetime": {"datetime": "2024-01-20 14:42:40", "elapsed": 4652.083015, "delta": 0.004114}}
{"target": -10.47530521110933, "params": {"colsample_bytree": 0.24767168417800195, "eta": 0.05333251662013393, "gamma": 991.5719322375664, "max_depth": 8.0, "min_child_weight": 4282.940883940301, "num_boost_round": 6.0, "subsample": 0.9553128528585891}, "datetime": {"datetime": "2024-01-20 14:42:40", "elapsed": 4652.087061, "delta": 0.004046}}
{"target": -10.475366739015737, "params": {"colsample_bytree": 0.24767168417800195, "eta": 0.05333251662013393, "gamma": 991.5719322375664, "max_depth": 8.0, "min_child_weight": 4282.940883940301, "num_boost_round": 7.0, "subsample": 0.9553128528585891}, "datetime": {"datetime": "2024-01-20 14:42:40", "elapsed": 4652.091103, "delta": 0.004042}}
{"target": -10.475265708876723, "params": {"colsample_bytree": 0.24767168417800195, "eta": 0.05333251662013393, "gamma": 991.5719322375664, "max_depth": 8.0, "min_child_weight": 4282.940883940301, "num_boost_round": 8.0, "subsample": 0.9553128528585891}, "datetime": {"datetime": "2024-01-20 14:42:40", "elapsed": 4652.095055, "delta": 0.003952}}
{"target": -10.47518524340461, "params": {"colsample_bytree": 0.24767168417800195, "eta": 0.05333251662013393, "gamma": 991.5719322375664, "max_depth": 8.0, "min_child_weight": 4282.940883940301, "num_boost_round": 9.0, "subsample": 0.9553128528585891}, "datetime": {"datetime": "2024-01-20 14:42:40", "elapsed": 4652.099061, "delta": 0.004006}}
{"target": -10.475629462769604, "params": {"colsample_bytree": 0.24767168417800195, "eta": 0.05333251662013393, "gamma": 991.5719322375664, "max_depth": 8.0, "min_child_weight": 4282.940883940301, "num_boost_round": 10.0, "subsample": 0.9553128528585891}, "datetime": {"datetime": "2024-01-20 14:42:40", "elapsed": 4652.103063, "delta": 0.004002}}
{"target": -10.475957540805762, "params": {"colsample_bytree": 0.24767168417800195, "eta": 0.05333251662013393, "gamma": 991.5719322375664, "max_depth": 8.0, "min_child_weight": 4282.940883940301, "num_boost_round": 11.0, "subsample": 0.9553128528585891}, "datetime": {"datetime": "2024-01-20 14:42:40", "elapsed": 4652.107018, "delta": 0.003955}}
{"target": -10.476063026733687, "params": {"colsample_bytree": 0.24767168417800195, "eta": 0.05333251662013393, "gamma": 991.5719322375664, "max_depth": 8.0, "min_child_weight": 4282.940883940301, "num_boost_round": 12.0, "subsample": 0.9553128528585891}, "datetime": {"datetime": "2024-01-20 14:42:40", "elapsed": 4652.110981, "delta": 0.003963}}
{"target": -10.476026308759774, "params": {"colsample_bytree": 0.24767168417800195, "eta": 0.05333251662013393, "gamma": 991.5719322375664, "max_depth": 8.0, "min_child_weight": 4282.940883940301, "num_boost_round": 13.0, "subsample": 0.9553128528585891}, "datetime": {"datetime": "2024-01-20 14:42:40", "elapsed": 4652.114927, "delta": 0.003946}}
{"target": -10.476055214548602, "params": {"colsample_bytree": 0.24767168417800195, "eta": 0.05333251662013393, "gamma": 991.5719322375664, "max_depth": 8.0, "min_child_weight": 4282.940883940301, "num_boost_round": 14.0, "subsample": 0.9553128528585891}, "datetime": {"datetime": "2024-01-20 14:42:40", "elapsed": 4652.11892, "delta": 0.003993}}
{"target": -10.476796548218385, "params": {"colsample_bytree": 0.24767168417800195, "eta": 0.05333251662013393, "gamma": 991.5719322375664, "max_depth": 8.0, "min_child_weight": 4282.940883940301, "num_boost_round": 15.0, "subsample": 0.9553128528585891}, "datetime": {"datetime": "2024-01-20 14:42:40", "elapsed": 4652.122899, "delta": 0.003979}}
{"target": -10.477316444002081, "params": {"colsample_bytree": 0.24767168417800195, "eta": 0.05333251662013393, "gamma": 991.5719322375664, "max_depth": 8.0, "min_child_weight": 4282.940883940301, "num_boost_round": 16.0, "subsample": 0.9553128528585891}, "datetime": {"datetime": "2024-01-20 14:42:40", "elapsed": 4652.126916, "delta": 0.004017}}
{"target": -10.477788032833207, "params": {"colsample_bytree": 0.24767168417800195, "eta": 0.05333251662013393, "gamma": 991.5719322375664, "max_depth": 8.0, "min_child_weight": 4282.940883940301, "num_boost_round": 17.0, "subsample": 0.9553128528585891}, "datetime": {"datetime": "2024-01-20 14:42:40", "elapsed": 4652.130891, "delta": 0.003975}}
{"target": -10.478160782751994, "params": {"colsample_bytree": 0.24767168417800195, "eta": 0.05333251662013393, "gamma": 991.5719322375664, "max_depth": 8.0, "min_child_weight": 4282.940883940301, "num_boost_round": 18.0, "subsample": 0.9553128528585891}, "datetime": {"datetime": "2024-01-20 14:42:40", "elapsed": 4652.134859, "delta": 0.003968}}
{"target": -10.47846517082705, "params": {"colsample_bytree": 0.24767168417800195, "eta": 0.05333251662013393, "gamma": 991.5719322375664, "max_depth": 8.0, "min_child_weight": 4282.940883940301, "num_boost_round": 19.0, "subsample": 0.9553128528585891}, "datetime": {"datetime": "2024-01-20 14:42:40", "elapsed": 4652.138832, "delta": 0.003973}}
{"target": -10.47885516746041, "params": {"colsample_bytree": 0.24767168417800195, "eta": 0.05333251662013393, "gamma": 991.5719322375664, "max_depth": 8.0, "min_child_weight": 4282.940883940301, "num_boost_round": 20.0, "subsample": 0.9553128528585891}, "datetime": {"datetime": "2024-01-20 14:42:40", "elapsed": 4652.142757, "delta": 0.003925}}
{"target": -10.479432410723277, "params": {"colsample_bytree": 0.24767168417800195, "eta": 0.05333251662013393, "gamma": 991.5719322375664, "max_depth": 8.0, "min_child_weight": 4282.940883940301, "num_boost_round": 21.0, "subsample": 0.9553128528585891}, "datetime": {"datetime": "2024-01-20 14:42:40", "elapsed": 4652.146743, "delta": 0.003986}}
{"target": -10.479433227718296, "params": {"colsample_bytree": 0.24767168417800195, "eta": 0.05333251662013393, "gamma": 991.5719322375664, "max_depth": 8.0, "min_child_weight": 4282.940883940301, "num_boost_round": 22.0, "subsample": 0.9553128528585891}, "datetime": {"datetime": "2024-01-20 14:42:40", "elapsed": 4652.150693, "delta": 0.00395}}
{"target": -10.479826592228992, "params": {"colsample_bytree": 0.24767168417800195, "eta": 0.05333251662013393, "gamma": 991.5719322375664, "max_depth": 8.0, "min_child_weight": 4282.940883940301, "num_boost_round": 23.0, "subsample": 0.9553128528585891}, "datetime": {"datetime": "2024-01-20 14:42:40", "elapsed": 4652.154637, "delta": 0.003944}}
{"target": -10.480028569432346, "params": {"colsample_bytree": 0.24767168417800195, "eta": 0.05333251662013393, "gamma": 991.5719322375664, "max_depth": 8.0, "min_child_weight": 4282.940883940301, "num_boost_round": 24.0, "subsample": 0.9553128528585891}, "datetime": {"datetime": "2024-01-20 14:42:40", "elapsed": 4652.15857, "delta": 0.003933}}
{"target": -10.480285615285517, "params": {"colsample_bytree": 0.24767168417800195, "eta": 0.05333251662013393, "gamma": 991.5719322375664, "max_depth": 8.0, "min_child_weight": 4282.940883940301, "num_boost_round": 25.0, "subsample": 0.9553128528585891}, "datetime": {"datetime": "2024-01-20 14:42:40", "elapsed": 4652.16256, "delta": 0.00399}}
{"target": -10.480655486035868, "params": {"colsample_bytree": 0.24767168417800195, "eta": 0.05333251662013393, "gamma": 991.5719322375664, "max_depth": 8.0, "min_child_weight": 4282.940883940301, "num_boost_round": 26.0, "subsample": 0.9553128528585891}, "datetime": {"datetime": "2024-01-20 14:42:40", "elapsed": 4652.166579, "delta": 0.004019}}
{"target": -10.481181544740018, "params": {"colsample_bytree": 0.24767168417800195, "eta": 0.05333251662013393, "gamma": 991.5719322375664, "max_depth": 8.0, "min_child_weight": 4282.940883940301, "num_boost_round": 27.0, "subsample": 0.9553128528585891}, "datetime": {"datetime": "2024-01-20 14:42:40", "elapsed": 4652.170551, "delta": 0.003972}}
{"target": -10.481165912987164, "params": {"colsample_bytree": 0.24767168417800195, "eta": 0.05333251662013393, "gamma": 991.5719322375664, "max_depth": 8.0, "min_child_weight": 4282.940883940301, "num_boost_round": 28.0, "subsample": 0.9553128528585891}, "datetime": {"datetime": "2024-01-20 14:42:40", "elapsed": 4652.174493, "delta": 0.003942}}
{"target": -10.481610810705064, "params": {"colsample_bytree": 0.24767168417800195, "eta": 0.05333251662013393, "gamma": 991.5719322375664, "max_depth": 8.0, "min_child_weight": 4282.940883940301, "num_boost_round": 29.0, "subsample": 0.9553128528585891}, "datetime": {"datetime": "2024-01-20 14:42:40", "elapsed": 4652.178472, "delta": 0.003979}}
{"target": -10.482055859111846, "params": {"colsample_bytree": 0.24767168417800195, "eta": 0.05333251662013393, "gamma": 991.5719322375664, "max_depth": 8.0, "min_child_weight": 4282.940883940301, "num_boost_round": 30.0, "subsample": 0.9553128528585891}, "datetime": {"datetime": "2024-01-20 14:42:40", "elapsed": 4652.182416, "delta": 0.003944}}
{"target": -10.482145083433359, "params": {"colsample_bytree": 0.24767168417800195, "eta": 0.05333251662013393, "gamma": 991.5719322375664, "max_depth": 8.0, "min_child_weight": 4282.940883940301, "num_boost_round": 31.0, "subsample": 0.9553128528585891}, "datetime": {"datetime": "2024-01-20 14:42:40", "elapsed": 4652.18641, "delta": 0.003994}}
{"target": -10.48246764832296, "params": {"colsample_bytree": 0.24767168417800195, "eta": 0.05333251662013393, "gamma": 991.5719322375664, "max_depth": 8.0, "min_child_weight": 4282.940883940301, "num_boost_round": 32.0, "subsample": 0.9553128528585891}, "datetime": {"datetime": "2024-01-20 14:42:40", "elapsed": 4652.190396, "delta": 0.003986}}
{"target": -10.482640961806156, "params": {"colsample_bytree": 0.24767168417800195, "eta": 0.05333251662013393, "gamma": 991.5719322375664, "max_depth": 8.0, "min_child_weight": 4282.940883940301, "num_boost_round": 33.0, "subsample": 0.9553128528585891}, "datetime": {"datetime": "2024-01-20 14:42:40", "elapsed": 4652.194401, "delta": 0.004005}}
{"target": -10.482574080257816, "params": {"colsample_bytree": 0.24767168417800195, "eta": 0.05333251662013393, "gamma": 991.5719322375664, "max_depth": 8.0, "min_child_weight": 4282.940883940301, "num_boost_round": 34.0, "subsample": 0.9553128528585891}, "datetime": {"datetime": "2024-01-20 14:42:40", "elapsed": 4652.198408, "delta": 0.004007}}
{"target": -10.48313462067031, "params": {"colsample_bytree": 0.24767168417800195, "eta": 0.05333251662013393, "gamma": 991.5719322375664, "max_depth": 8.0, "min_child_weight": 4282.940883940301, "num_boost_round": 35.0, "subsample": 0.9553128528585891}, "datetime": {"datetime": "2024-01-20 14:42:40", "elapsed": 4652.202372, "delta": 0.003964}}
{"target": -10.483324166748709, "params": {"colsample_bytree": 0.24767168417800195, "eta": 0.05333251662013393, "gamma": 991.5719322375664, "max_depth": 8.0, "min_child_weight": 4282.940883940301, "num_boost_round": 36.0, "subsample": 0.9553128528585891}, "datetime": {"datetime": "2024-01-20 14:42:40", "elapsed": 4652.206388, "delta": 0.004016}}
{"target": -10.483561190534836, "params": {"colsample_bytree": 0.24767168417800195, "eta": 0.05333251662013393, "gamma": 991.5719322375664, "max_depth": 8.0, "min_child_weight": 4282.940883940301, "num_boost_round": 37.0, "subsample": 0.9553128528585891}, "datetime": {"datetime": "2024-01-20 14:42:40", "elapsed": 4652.210347, "delta": 0.003959}}
{"target": -10.483986573580188, "params": {"colsample_bytree": 0.24767168417800195, "eta": 0.05333251662013393, "gamma": 991.5719322375664, "max_depth": 8.0, "min_child_weight": 4282.940883940301, "num_boost_round": 38.0, "subsample": 0.9553128528585891}, "datetime": {"datetime": "2024-01-20 14:42:40", "elapsed": 4652.214323, "delta": 0.003976}}
{"target": -10.484518078772071, "params": {"colsample_bytree": 0.24767168417800195, "eta": 0.05333251662013393, "gamma": 991.5719322375664, "max_depth": 8.0, "min_child_weight": 4282.940883940301, "num_boost_round": 39.0, "subsample": 0.9553128528585891}, "datetime": {"datetime": "2024-01-20 14:42:40", "elapsed": 4652.218318, "delta": 0.003995}}
{"target": -10.48484049878435, "params": {"colsample_bytree": 0.24767168417800195, "eta": 0.05333251662013393, "gamma": 991.5719322375664, "max_depth": 8.0, "min_child_weight": 4282.940883940301, "num_boost_round": 40.0, "subsample": 0.9553128528585891}, "datetime": {"datetime": "2024-01-20 14:42:40", "elapsed": 4652.222279, "delta": 0.003961}}
{"target": -10.485137779889648, "params": {"colsample_bytree": 0.24767168417800195, "eta": 0.05333251662013393, "gamma": 991.5719322375664, "max_depth": 8.0, "min_child_weight": 4282.940883940301, "num_boost_round": 41.0, "subsample": 0.9553128528585891}, "datetime": {"datetime": "2024-01-20 14:42:40", "elapsed": 4652.226263, "delta": 0.003984}}
{"target": -10.485212439035056, "params": {"colsample_bytree": 0.24767168417800195, "eta": 0.05333251662013393, "gamma": 991.5719322375664, "max_depth": 8.0, "min_child_weight": 4282.940883940301, "num_boost_round": 42.0, "subsample": 0.9553128528585891}, "datetime": {"datetime": "2024-01-20 14:42:40", "elapsed": 4652.230221, "delta": 0.003958}}
{"target": -10.485725699999394, "params": {"colsample_bytree": 0.24767168417800195, "eta": 0.05333251662013393, "gamma": 991.5719322375664, "max_depth": 8.0, "min_child_weight": 4282.940883940301, "num_boost_round": 43.0, "subsample": 0.9553128528585891}, "datetime": {"datetime": "2024-01-20 14:42:40", "elapsed": 4652.234181, "delta": 0.00396}}
{"target": -10.486133629655068, "params": {"colsample_bytree": 0.24767168417800195, "eta": 0.05333251662013393, "gamma": 991.5719322375664, "max_depth": 8.0, "min_child_weight": 4282.940883940301, "num_boost_round": 44.0, "subsample": 0.9553128528585891}, "datetime": {"datetime": "2024-01-20 14:42:40", "elapsed": 4652.238379, "delta": 0.004198}}
{"target": -10.486605346199866, "params": {"colsample_bytree": 0.24767168417800195, "eta": 0.05333251662013393, "gamma": 991.5719322375664, "max_depth": 8.0, "min_child_weight": 4282.940883940301, "num_boost_round": 45.0, "subsample": 0.9553128528585891}, "datetime": {"datetime": "2024-01-20 14:42:40", "elapsed": 4652.242455, "delta": 0.004076}}
{"target": -10.486886517274074, "params": {"colsample_bytree": 0.24767168417800195, "eta": 0.05333251662013393, "gamma": 991.5719322375664, "max_depth": 8.0, "min_child_weight": 4282.940883940301, "num_boost_round": 46.0, "subsample": 0.9553128528585891}, "datetime": {"datetime": "2024-01-20 14:42:40", "elapsed": 4652.246421, "delta": 0.003966}}
{"target": -10.487138922061389, "params": {"colsample_bytree": 0.24767168417800195, "eta": 0.05333251662013393, "gamma": 991.5719322375664, "max_depth": 8.0, "min_child_weight": 4282.940883940301, "num_boost_round": 47.0, "subsample": 0.9553128528585891}, "datetime": {"datetime": "2024-01-20 14:42:40", "elapsed": 4652.250403, "delta": 0.003982}}
{"target": -10.487171966860213, "params": {"colsample_bytree": 0.24767168417800195, "eta": 0.05333251662013393, "gamma": 991.5719322375664, "max_depth": 8.0, "min_child_weight": 4282.940883940301, "num_boost_round": 48.0, "subsample": 0.9553128528585891}, "datetime": {"datetime": "2024-01-20 14:42:40", "elapsed": 4652.254381, "delta": 0.003978}}
{"target": -10.487350110063424, "params": {"colsample_bytree": 0.24767168417800195, "eta": 0.05333251662013393, "gamma": 991.5719322375664, "max_depth": 8.0, "min_child_weight": 4282.940883940301, "num_boost_round": 49.0, "subsample": 0.9553128528585891}, "datetime": {"datetime": "2024-01-20 14:42:40", "elapsed": 4652.258353, "delta": 0.003972}}
{"target": -10.487384684005, "params": {"colsample_bytree": 0.24767168417800195, "eta": 0.05333251662013393, "gamma": 991.5719322375664, "max_depth": 8.0, "min_child_weight": 4282.940883940301, "num_boost_round": 50.0, "subsample": 0.9553128528585891}, "datetime": {"datetime": "2024-01-20 14:42:40", "elapsed": 4652.262392, "delta": 0.004039}}
{"target": -10.487559663957715, "params": {"colsample_bytree": 0.24767168417800195, "eta": 0.05333251662013393, "gamma": 991.5719322375664, "max_depth": 8.0, "min_child_weight": 4282.940883940301, "num_boost_round": 51.0, "subsample": 0.9553128528585891}, "datetime": {"datetime": "2024-01-20 14:42:40", "elapsed": 4652.266431, "delta": 0.004039}}
