{"target": -13.496317204006615, "params": {"colsample_bytree": 0.6179517114897873, "eta": 0.034532892108020574, "gamma": 465.4147754124727, "max_depth": 7.0, "min_child_weight": 4536.438389415124, "num_boost_round": 8.0, "subsample": 0.48473384949471143}, "datetime": {"datetime": "2024-01-20 16:02:51", "elapsed": 5925.341301, "delta": 0.00598}}
{"target": -13.496326774081947, "params": {"colsample_bytree": 0.6179517114897873, "eta": 0.034532892108020574, "gamma": 465.4147754124727, "max_depth": 7.0, "min_child_weight": 4536.438389415124, "num_boost_round": 9.0, "subsample": 0.48473384949471143}, "datetime": {"datetime": "2024-01-20 16:02:51", "elapsed": 5925.347128, "delta": 0.005827}}
{"target": -13.496367719595828, "params": {"colsample_bytree": 0.6179517114897873, "eta": 0.034532892108020574, "gamma": 465.4147754124727, "max_depth": 7.0, "min_child_weight": 4536.438389415124, "num_boost_round": 10.0, "subsample": 0.48473384949471143}, "datetime": {"datetime": "2024-01-20 16:02:51", "elapsed": 5925.353001, "delta": 0.005873}}
{"target": -13.496328096689417, "params": {"colsample_bytree": 0.6179517114897873, "eta": 0.034532892108020574, "gamma": 465.4147754124727, "max_depth": 7.0, "min_child_weight": 4536.438389415124, "num_boost_round": 11.0, "subsample": 0.48473384949471143}, "datetime": {"datetime": "2024-01-20 16:02:51", "elapsed": 5925.360719, "delta": 0.007718}}
{"target": -13.496307865617108, "params": {"colsample_bytree": 0.6179517114897873, "eta": 0.034532892108020574, "gamma": 465.4147754124727, "max_depth": 7.0, "min_child_weight": 4536.438389415124, "num_boost_round": 12.0, "subsample": 0.48473384949471143}, "datetime": {"datetime": "2024-01-20 16:02:51", "elapsed": 5925.369676, "delta": 0.008957}}
{"target": -13.49622589058368, "params": {"colsample_bytree": 0.6179517114897873, "eta": 0.034532892108020574, "gamma": 465.4147754124727, "max_depth": 7.0, "min_child_weight": 4536.438389415124, "num_boost_round": 13.0, "subsample": 0.48473384949471143}, "datetime": {"datetime": "2024-01-20 16:02:51", "elapsed": 5925.376406, "delta": 0.00673}}
{"target": -13.496124942970258, "params": {"colsample_bytree": 0.6179517114897873, "eta": 0.034532892108020574, "gamma": 465.4147754124727, "max_depth": 7.0, "min_child_weight": 4536.438389415124, "num_boost_round": 14.0, "subsample": 0.48473384949471143}, "datetime": {"datetime": "2024-01-20 16:02:51", "elapsed": 5925.382357, "delta": 0.005951}}
{"target": -13.496186071905917, "params": {"colsample_bytree": 0.6179517114897873, "eta": 0.034532892108020574, "gamma": 465.4147754124727, "max_depth": 7.0, "min_child_weight": 4536.438389415124, "num_boost_round": 15.0, "subsample": 0.48473384949471143}, "datetime": {"datetime": "2024-01-20 16:02:51", "elapsed": 5925.388185, "delta": 0.005828}}
{"target": -13.496222027160899, "params": {"colsample_bytree": 0.6179517114897873, "eta": 0.034532892108020574, "gamma": 465.4147754124727, "max_depth": 7.0, "min_child_weight": 4536.438389415124, "num_boost_round": 16.0, "subsample": 0.48473384949471143}, "datetime": {"datetime": "2024-01-20 16:02:51", "elapsed": 5925.394106, "delta": 0.005921}}
{"target": -13.4961287930909, "params": {"colsample_bytree": 0.6179517114897873, "eta": 0.034532892108020574, "gamma": 465.4147754124727, "max_depth": 7.0, "min_child_weight": 4536.438389415124, "num_boost_round": 17.0, "subsample": 0.48473384949471143}, "datetime": {"datetime": "2024-01-20 16:02:51", "elapsed": 5925.399954, "delta": 0.005848}}
{"target": -13.49617312097884, "params": {"colsample_bytree": 0.6179517114897873, "eta": 0.034532892108020574, "gamma": 465.4147754124727, "max_depth": 7.0, "min_child_weight": 4536.438389415124, "num_boost_round": 18.0, "subsample": 0.48473384949471143}, "datetime": {"datetime": "2024-01-20 16:02:51", "elapsed": 5925.405732, "delta": 0.005778}}
{"target": -13.496280045153913, "params": {"colsample_bytree": 0.6179517114897873, "eta": 0.034532892108020574, "gamma": 465.4147754124727, "max_depth": 7.0, "min_child_weight": 4536.438389415124, "num_boost_round": 19.0, "subsample": 0.48473384949471143}, "datetime": {"datetime": "2024-01-20 16:02:51", "elapsed": 5925.411685, "delta": 0.005953}}
{"target": -13.496479401011698, "params": {"colsample_bytree": 0.6179517114897873, "eta": 0.034532892108020574, "gamma": 465.4147754124727, "max_depth": 7.0, "min_child_weight": 4536.438389415124, "num_boost_round": 20.0, "subsample": 0.48473384949471143}, "datetime": {"datetime": "2024-01-20 16:02:51", "elapsed": 5925.417463, "delta": 0.005778}}
{"target": -13.49651363748557, "params": {"colsample_bytree": 0.6179517114897873, "eta": 0.034532892108020574, "gamma": 465.4147754124727, "max_depth": 7.0, "min_child_weight": 4536.438389415124, "num_boost_round": 21.0, "subsample": 0.48473384949471143}, "datetime": {"datetime": "2024-01-20 16:02:51", "elapsed": 5925.423424, "delta": 0.005961}}
{"target": -13.496634302290737, "params": {"colsample_bytree": 0.6179517114897873, "eta": 0.034532892108020574, "gamma": 465.4147754124727, "max_depth": 7.0, "min_child_weight": 4536.438389415124, "num_boost_round": 22.0, "subsample": 0.48473384949471143}, "datetime": {"datetime": "2024-01-20 16:02:51", "elapsed": 5925.429373, "delta": 0.005949}}
{"target": -13.496673748696754, "params": {"colsample_bytree": 0.6179517114897873, "eta": 0.034532892108020574, "gamma": 465.4147754124727, "max_depth": 7.0, "min_child_weight": 4536.438389415124, "num_boost_round": 23.0, "subsample": 0.48473384949471143}, "datetime": {"datetime": "2024-01-20 16:02:51", "elapsed": 5925.435169, "delta": 0.005796}}
{"target": -13.496636387917697, "params": {"colsample_bytree": 0.6179517114897873, "eta": 0.034532892108020574, "gamma": 465.4147754124727, "max_depth": 7.0, "min_child_weight": 4536.438389415124, "num_boost_round": 24.0, "subsample": 0.48473384949471143}, "datetime": {"datetime": "2024-01-20 16:02:51", "elapsed": 5925.440932, "delta": 0.005763}}
{"target": -13.496540870034641, "params": {"colsample_bytree": 0.6179517114897873, "eta": 0.034532892108020574, "gamma": 465.4147754124727, "max_depth": 7.0, "min_child_weight": 4536.438389415124, "num_boost_round": 25.0, "subsample": 0.48473384949471143}, "datetime": {"datetime": "2024-01-20 16:02:52", "elapsed": 5925.446713, "delta": 0.005781}}
{"target": -13.49660987582303, "params": {"colsample_bytree": 0.6179517114897873, "eta": 0.034532892108020574, "gamma": 465.4147754124727, "max_depth": 7.0, "min_child_weight": 4536.438389415124, "num_boost_round": 26.0, "subsample": 0.48473384949471143}, "datetime": {"datetime": "2024-01-20 16:02:52", "elapsed": 5925.452525, "delta": 0.005812}}
{"target": -13.496783773983484, "params": {"colsample_bytree": 0.6179517114897873, "eta": 0.034532892108020574, "gamma": 465.4147754124727, "max_depth": 7.0, "min_child_weight": 4536.438389415124, "num_boost_round": 27.0, "subsample": 0.48473384949471143}, "datetime": {"datetime": "2024-01-20 16:02:52", "elapsed": 5925.458325, "delta": 0.0058}}
{"target": -13.497838269160521, "params": {"colsample_bytree": 0.1659516115000693, "eta": 0.0263352625808604, "gamma": 487.16416952714593, "max_depth": 4.0, "min_child_weight": 4501.184928415467, "num_boost_round": 1.0, "subsample": 0.7639982117228544}, "datetime": {"datetime": "2024-01-20 16:05:40", "elapsed": 6094.235025, "delta": 168.7767}}
{"target": -13.497762414021906, "params": {"colsample_bytree": 0.1659516115000693, "eta": 0.0263352625808604, "gamma": 487.16416952714593, "max_depth": 4.0, "min_child_weight": 4501.184928415467, "num_boost_round": 2.0, "subsample": 0.7639982117228544}, "datetime": {"datetime": "2024-01-20 16:05:40", "elapsed": 6094.242538, "delta": 0.007513}}
{"target": -13.49774506043384, "params": {"colsample_bytree": 0.1659516115000693, "eta": 0.0263352625808604, "gamma": 487.16416952714593, "max_depth": 4.0, "min_child_weight": 4501.184928415467, "num_boost_round": 3.0, "subsample": 0.7639982117228544}, "datetime": {"datetime": "2024-01-20 16:05:40", "elapsed": 6094.248537, "delta": 0.005999}}
{"target": -13.497766585986998, "params": {"colsample_bytree": 0.1659516115000693, "eta": 0.0263352625808604, "gamma": 487.16416952714593, "max_depth": 4.0, "min_child_weight": 4501.184928415467, "num_boost_round": 4.0, "subsample": 0.7639982117228544}, "datetime": {"datetime": "2024-01-20 16:05:40", "elapsed": 6094.254665, "delta": 0.006128}}
{"target": -13.497747717402783, "params": {"colsample_bytree": 0.1659516115000693, "eta": 0.0263352625808604, "gamma": 487.16416952714593, "max_depth": 4.0, "min_child_weight": 4501.184928415467, "num_boost_round": 5.0, "subsample": 0.7639982117228544}, "datetime": {"datetime": "2024-01-20 16:05:40", "elapsed": 6094.260573, "delta": 0.005908}}
{"target": -13.49776819972222, "params": {"colsample_bytree": 0.1659516115000693, "eta": 0.0263352625808604, "gamma": 487.16416952714593, "max_depth": 4.0, "min_child_weight": 4501.184928415467, "num_boost_round": 6.0, "subsample": 0.7639982117228544}, "datetime": {"datetime": "2024-01-20 16:05:40", "elapsed": 6094.266475, "delta": 0.005902}}
{"target": -13.497767030285985, "params": {"colsample_bytree": 0.1659516115000693, "eta": 0.0263352625808604, "gamma": 487.16416952714593, "max_depth": 4.0, "min_child_weight": 4501.184928415467, "num_boost_round": 7.0, "subsample": 0.7639982117228544}, "datetime": {"datetime": "2024-01-20 16:05:40", "elapsed": 6094.272545, "delta": 0.00607}}
{"target": -13.497666803114733, "params": {"colsample_bytree": 0.1659516115000693, "eta": 0.0263352625808604, "gamma": 487.16416952714593, "max_depth": 4.0, "min_child_weight": 4501.184928415467, "num_boost_round": 8.0, "subsample": 0.7639982117228544}, "datetime": {"datetime": "2024-01-20 16:05:41", "elapsed": 6094.576442, "delta": 0.303897}}
{"target": -13.497688724638975, "params": {"colsample_bytree": 0.1659516115000693, "eta": 0.0263352625808604, "gamma": 487.16416952714593, "max_depth": 4.0, "min_child_weight": 4501.184928415467, "num_boost_round": 9.0, "subsample": 0.7639982117228544}, "datetime": {"datetime": "2024-01-20 16:05:41", "elapsed": 6094.583804, "delta": 0.007362}}
{"target": -13.497591052294522, "params": {"colsample_bytree": 0.1659516115000693, "eta": 0.0263352625808604, "gamma": 487.16416952714593, "max_depth": 4.0, "min_child_weight": 4501.184928415467, "num_boost_round": 10.0, "subsample": 0.7639982117228544}, "datetime": {"datetime": "2024-01-20 16:05:41", "elapsed": 6094.590204, "delta": 0.0064}}
{"target": -13.497588113851684, "params": {"colsample_bytree": 0.1659516115000693, "eta": 0.0263352625808604, "gamma": 487.16416952714593, "max_depth": 4.0, "min_child_weight": 4501.184928415467, "num_boost_round": 11.0, "subsample": 0.7639982117228544}, "datetime": {"datetime": "2024-01-20 16:05:41", "elapsed": 6094.596278, "delta": 0.006074}}
{"target": -13.497574398576937, "params": {"colsample_bytree": 0.1659516115000693, "eta": 0.0263352625808604, "gamma": 487.16416952714593, "max_depth": 4.0, "min_child_weight": 4501.184928415467, "num_boost_round": 12.0, "subsample": 0.7639982117228544}, "datetime": {"datetime": "2024-01-20 16:05:41", "elapsed": 6094.602315, "delta": 0.006037}}
{"target": -13.49762514483553, "params": {"colsample_bytree": 0.1659516115000693, "eta": 0.0263352625808604, "gamma": 487.16416952714593, "max_depth": 4.0, "min_child_weight": 4501.184928415467, "num_boost_round": 13.0, "subsample": 0.7639982117228544}, "datetime": {"datetime": "2024-01-20 16:05:41", "elapsed": 6094.608365, "delta": 0.00605}}
{"target": -13.497592126939313, "params": {"colsample_bytree": 0.1659516115000693, "eta": 0.0263352625808604, "gamma": 487.16416952714593, "max_depth": 4.0, "min_child_weight": 4501.184928415467, "num_boost_round": 14.0, "subsample": 0.7639982117228544}, "datetime": {"datetime": "2024-01-20 16:05:41", "elapsed": 6094.614369, "delta": 0.006004}}
{"target": -13.497529997025275, "params": {"colsample_bytree": 0.1659516115000693, "eta": 0.0263352625808604, "gamma": 487.16416952714593, "max_depth": 4.0, "min_child_weight": 4501.184928415467, "num_boost_round": 15.0, "subsample": 0.7639982117228544}, "datetime": {"datetime": "2024-01-20 16:05:41", "elapsed": 6094.622192, "delta": 0.007823}}
{"target": -13.497507480853317, "params": {"colsample_bytree": 0.1659516115000693, "eta": 0.0263352625808604, "gamma": 487.16416952714593, "max_depth": 4.0, "min_child_weight": 4501.184928415467, "num_boost_round": 16.0, "subsample": 0.7639982117228544}, "datetime": {"datetime": "2024-01-20 16:05:41", "elapsed": 6094.631281, "delta": 0.009089}}
{"target": -13.497477423054342, "params": {"colsample_bytree": 0.1659516115000693, "eta": 0.0263352625808604, "gamma": 487.16416952714593, "max_depth": 4.0, "min_child_weight": 4501.184928415467, "num_boost_round": 17.0, "subsample": 0.7639982117228544}, "datetime": {"datetime": "2024-01-20 16:05:41", "elapsed": 6094.640068, "delta": 0.008787}}
{"target": -13.4974454862207, "params": {"colsample_bytree": 0.1659516115000693, "eta": 0.0263352625808604, "gamma": 487.16416952714593, "max_depth": 4.0, "min_child_weight": 4501.184928415467, "num_boost_round": 18.0, "subsample": 0.7639982117228544}, "datetime": {"datetime": "2024-01-20 16:05:41", "elapsed": 6094.646658, "delta": 0.00659}}
{"target": -13.497428256490316, "params": {"colsample_bytree": 0.1659516115000693, "eta": 0.0263352625808604, "gamma": 487.16416952714593, "max_depth": 4.0, "min_child_weight": 4501.184928415467, "num_boost_round": 19.0, "subsample": 0.7639982117228544}, "datetime": {"datetime": "2024-01-20 16:05:41", "elapsed": 6094.652817, "delta": 0.006159}}
{"target": -13.497390807213906, "params": {"colsample_bytree": 0.1659516115000693, "eta": 0.0263352625808604, "gamma": 487.16416952714593, "max_depth": 4.0, "min_child_weight": 4501.184928415467, "num_boost_round": 20.0, "subsample": 0.7639982117228544}, "datetime": {"datetime": "2024-01-20 16:05:41", "elapsed": 6094.658924, "delta": 0.006107}}
{"target": -13.497334390813602, "params": {"colsample_bytree": 0.1659516115000693, "eta": 0.0263352625808604, "gamma": 487.16416952714593, "max_depth": 4.0, "min_child_weight": 4501.184928415467, "num_boost_round": 21.0, "subsample": 0.7639982117228544}, "datetime": {"datetime": "2024-01-20 16:05:41", "elapsed": 6094.664974, "delta": 0.00605}}
{"target": -13.49724307352468, "params": {"colsample_bytree": 0.1659516115000693, "eta": 0.0263352625808604, "gamma": 487.16416952714593, "max_depth": 4.0, "min_child_weight": 4501.184928415467, "num_boost_round": 22.0, "subsample": 0.7639982117228544}, "datetime": {"datetime": "2024-01-20 16:05:41", "elapsed": 6094.671055, "delta": 0.006081}}
{"target": -13.497294231929219, "params": {"colsample_bytree": 0.1659516115000693, "eta": 0.0263352625808604, "gamma": 487.16416952714593, "max_depth": 4.0, "min_child_weight": 4501.184928415467, "num_boost_round": 23.0, "subsample": 0.7639982117228544}, "datetime": {"datetime": "2024-01-20 16:05:41", "elapsed": 6094.677188, "delta": 0.006133}}
{"target": -13.497231622607131, "params": {"colsample_bytree": 0.1659516115000693, "eta": 0.0263352625808604, "gamma": 487.16416952714593, "max_depth": 4.0, "min_child_weight": 4501.184928415467, "num_boost_round": 24.0, "subsample": 0.7639982117228544}, "datetime": {"datetime": "2024-01-20 16:05:41", "elapsed": 6094.683283, "delta": 0.006095}}
{"target": -13.497227276296456, "params": {"colsample_bytree": 0.1659516115000693, "eta": 0.0263352625808604, "gamma": 487.16416952714593, "max_depth": 4.0, "min_child_weight": 4501.184928415467, "num_boost_round": 25.0, "subsample": 0.7639982117228544}, "datetime": {"datetime": "2024-01-20 16:05:41", "elapsed": 6094.689352, "delta": 0.006069}}
{"target": -13.49715383879884, "params": {"colsample_bytree": 0.1659516115000693, "eta": 0.0263352625808604, "gamma": 487.16416952714593, "max_depth": 4.0, "min_child_weight": 4501.184928415467, "num_boost_round": 26.0, "subsample": 0.7639982117228544}, "datetime": {"datetime": "2024-01-20 16:05:41", "elapsed": 6094.695469, "delta": 0.006117}}
{"target": -13.497093102390924, "params": {"colsample_bytree": 0.1659516115000693, "eta": 0.0263352625808604, "gamma": 487.16416952714593, "max_depth": 4.0, "min_child_weight": 4501.184928415467, "num_boost_round": 27.0, "subsample": 0.7639982117228544}, "datetime": {"datetime": "2024-01-20 16:05:41", "elapsed": 6094.702242, "delta": 0.006773}}
{"target": -13.497075161393997, "params": {"colsample_bytree": 0.1659516115000693, "eta": 0.0263352625808604, "gamma": 487.16416952714593, "max_depth": 4.0, "min_child_weight": 4501.184928415467, "num_boost_round": 28.0, "subsample": 0.7639982117228544}, "datetime": {"datetime": "2024-01-20 16:05:41", "elapsed": 6094.708584, "delta": 0.006342}}
{"target": -13.497001642609298, "params": {"colsample_bytree": 0.1659516115000693, "eta": 0.0263352625808604, "gamma": 487.16416952714593, "max_depth": 4.0, "min_child_weight": 4501.184928415467, "num_boost_round": 29.0, "subsample": 0.7639982117228544}, "datetime": {"datetime": "2024-01-20 16:05:41", "elapsed": 6094.714727, "delta": 0.006143}}
{"target": -13.49699427031538, "params": {"colsample_bytree": 0.1659516115000693, "eta": 0.0263352625808604, "gamma": 487.16416952714593, "max_depth": 4.0, "min_child_weight": 4501.184928415467, "num_boost_round": 30.0, "subsample": 0.7639982117228544}, "datetime": {"datetime": "2024-01-20 16:05:41", "elapsed": 6094.720778, "delta": 0.006051}}
{"target": -13.496989709078598, "params": {"colsample_bytree": 0.1659516115000693, "eta": 0.0263352625808604, "gamma": 487.16416952714593, "max_depth": 4.0, "min_child_weight": 4501.184928415467, "num_boost_round": 31.0, "subsample": 0.7639982117228544}, "datetime": {"datetime": "2024-01-20 16:05:41", "elapsed": 6094.72688, "delta": 0.006102}}
{"target": -13.49698420519002, "params": {"colsample_bytree": 0.1659516115000693, "eta": 0.0263352625808604, "gamma": 487.16416952714593, "max_depth": 4.0, "min_child_weight": 4501.184928415467, "num_boost_round": 32.0, "subsample": 0.7639982117228544}, "datetime": {"datetime": "2024-01-20 16:05:41", "elapsed": 6094.732933, "delta": 0.006053}}
{"target": -13.497009661053642, "params": {"colsample_bytree": 0.1659516115000693, "eta": 0.0263352625808604, "gamma": 487.16416952714593, "max_depth": 4.0, "min_child_weight": 4501.184928415467, "num_boost_round": 33.0, "subsample": 0.7639982117228544}, "datetime": {"datetime": "2024-01-20 16:05:41", "elapsed": 6094.739032, "delta": 0.006099}}
{"target": -13.496970364490549, "params": {"colsample_bytree": 0.1659516115000693, "eta": 0.0263352625808604, "gamma": 487.16416952714593, "max_depth": 4.0, "min_child_weight": 4501.184928415467, "num_boost_round": 34.0, "subsample": 0.7639982117228544}, "datetime": {"datetime": "2024-01-20 16:05:41", "elapsed": 6094.74514, "delta": 0.006108}}
{"target": -13.497055240858806, "params": {"colsample_bytree": 0.1659516115000693, "eta": 0.0263352625808604, "gamma": 487.16416952714593, "max_depth": 4.0, "min_child_weight": 4501.184928415467, "num_boost_round": 35.0, "subsample": 0.7639982117228544}, "datetime": {"datetime": "2024-01-20 16:05:41", "elapsed": 6094.751396, "delta": 0.006256}}
{"target": -13.497038415403937, "params": {"colsample_bytree": 0.1659516115000693, "eta": 0.0263352625808604, "gamma": 487.16416952714593, "max_depth": 4.0, "min_child_weight": 4501.184928415467, "num_boost_round": 36.0, "subsample": 0.7639982117228544}, "datetime": {"datetime": "2024-01-20 16:05:41", "elapsed": 6094.761133, "delta": 0.009737}}
{"target": -13.497018069647222, "params": {"colsample_bytree": 0.1659516115000693, "eta": 0.0263352625808604, "gamma": 487.16416952714593, "max_depth": 4.0, "min_child_weight": 4501.184928415467, "num_boost_round": 37.0, "subsample": 0.7639982117228544}, "datetime": {"datetime": "2024-01-20 16:05:41", "elapsed": 6094.76975, "delta": 0.008617}}
{"target": -13.497022866537066, "params": {"colsample_bytree": 0.1659516115000693, "eta": 0.0263352625808604, "gamma": 487.16416952714593, "max_depth": 4.0, "min_child_weight": 4501.184928415467, "num_boost_round": 38.0, "subsample": 0.7639982117228544}, "datetime": {"datetime": "2024-01-20 16:05:41", "elapsed": 6094.776445, "delta": 0.006695}}
{"target": -13.497156632736269, "params": {"colsample_bytree": 0.1659516115000693, "eta": 0.0263352625808604, "gamma": 487.16416952714593, "max_depth": 4.0, "min_child_weight": 4501.184928415467, "num_boost_round": 39.0, "subsample": 0.7639982117228544}, "datetime": {"datetime": "2024-01-20 16:05:41", "elapsed": 6094.782624, "delta": 0.006179}}
{"target": -13.497157779846813, "params": {"colsample_bytree": 0.1659516115000693, "eta": 0.0263352625808604, "gamma": 487.16416952714593, "max_depth": 4.0, "min_child_weight": 4501.184928415467, "num_boost_round": 40.0, "subsample": 0.7639982117228544}, "datetime": {"datetime": "2024-01-20 16:05:41", "elapsed": 6094.788659, "delta": 0.006035}}
{"target": -13.49718247792041, "params": {"colsample_bytree": 0.1659516115000693, "eta": 0.0263352625808604, "gamma": 487.16416952714593, "max_depth": 4.0, "min_child_weight": 4501.184928415467, "num_boost_round": 41.0, "subsample": 0.7639982117228544}, "datetime": {"datetime": "2024-01-20 16:05:41", "elapsed": 6094.794695, "delta": 0.006036}}
{"target": -13.49723235717276, "params": {"colsample_bytree": 0.1659516115000693, "eta": 0.0263352625808604, "gamma": 487.16416952714593, "max_depth": 4.0, "min_child_weight": 4501.184928415467, "num_boost_round": 42.0, "subsample": 0.7639982117228544}, "datetime": {"datetime": "2024-01-20 16:05:41", "elapsed": 6094.80072, "delta": 0.006025}}
{"target": -13.497220716597942, "params": {"colsample_bytree": 0.1659516115000693, "eta": 0.0263352625808604, "gamma": 487.16416952714593, "max_depth": 4.0, "min_child_weight": 4501.184928415467, "num_boost_round": 43.0, "subsample": 0.7639982117228544}, "datetime": {"datetime": "2024-01-20 16:05:41", "elapsed": 6094.806816, "delta": 0.006096}}
