{"target": -19.14995678635075, "params": {"colsample_bytree": 0.4769740282454191, "eta": 0.039199839232823455, "gamma": 441.52532157851067, "max_depth": 8.0, "min_child_weight": 4092.33168574522, "num_boost_round": 23.0, "subsample": 0.9031393512892153}, "datetime": {"datetime": "2024-01-20 14:36:17", "elapsed": 745.351857, "delta": 0.001312}}
{"target": -19.15021249169071, "params": {"colsample_bytree": 0.4769740282454191, "eta": 0.039199839232823455, "gamma": 441.52532157851067, "max_depth": 8.0, "min_child_weight": 4092.33168574522, "num_boost_round": 24.0, "subsample": 0.9031393512892153}, "datetime": {"datetime": "2024-01-20 14:36:17", "elapsed": 745.353162, "delta": 0.001305}}
{"target": -19.15059190877058, "params": {"colsample_bytree": 0.4769740282454191, "eta": 0.039199839232823455, "gamma": 441.52532157851067, "max_depth": 8.0, "min_child_weight": 4092.33168574522, "num_boost_round": 25.0, "subsample": 0.9031393512892153}, "datetime": {"datetime": "2024-01-20 14:36:17", "elapsed": 745.354465, "delta": 0.001303}}
{"target": -19.15090175790654, "params": {"colsample_bytree": 0.4769740282454191, "eta": 0.039199839232823455, "gamma": 441.52532157851067, "max_depth": 8.0, "min_child_weight": 4092.33168574522, "num_boost_round": 26.0, "subsample": 0.9031393512892153}, "datetime": {"datetime": "2024-01-20 14:36:17", "elapsed": 745.355774, "delta": 0.001309}}
{"target": -19.15176982837944, "params": {"colsample_bytree": 0.4769740282454191, "eta": 0.039199839232823455, "gamma": 441.52532157851067, "max_depth": 8.0, "min_child_weight": 4092.33168574522, "num_boost_round": 27.0, "subsample": 0.9031393512892153}, "datetime": {"datetime": "2024-01-20 14:36:17", "elapsed": 745.357125, "delta": 0.001351}}
{"target": -19.151947265823217, "params": {"colsample_bytree": 0.4769740282454191, "eta": 0.039199839232823455, "gamma": 441.52532157851067, "max_depth": 8.0, "min_child_weight": 4092.33168574522, "num_boost_round": 28.0, "subsample": 0.9031393512892153}, "datetime": {"datetime": "2024-01-20 14:36:17", "elapsed": 745.358431, "delta": 0.001306}}
{"target": -19.152014322445538, "params": {"colsample_bytree": 0.4769740282454191, "eta": 0.039199839232823455, "gamma": 441.52532157851067, "max_depth": 8.0, "min_child_weight": 4092.33168574522, "num_boost_round": 29.0, "subsample": 0.9031393512892153}, "datetime": {"datetime": "2024-01-20 14:36:17", "elapsed": 745.359741, "delta": 0.00131}}
{"target": -19.152167683653545, "params": {"colsample_bytree": 0.4769740282454191, "eta": 0.039199839232823455, "gamma": 441.52532157851067, "max_depth": 8.0, "min_child_weight": 4092.33168574522, "num_boost_round": 30.0, "subsample": 0.9031393512892153}, "datetime": {"datetime": "2024-01-20 14:36:17", "elapsed": 745.361048, "delta": 0.001307}}
{"target": -19.152951006923647, "params": {"colsample_bytree": 0.4769740282454191, "eta": 0.039199839232823455, "gamma": 441.52532157851067, "max_depth": 8.0, "min_child_weight": 4092.33168574522, "num_boost_round": 31.0, "subsample": 0.9031393512892153}, "datetime": {"datetime": "2024-01-20 14:36:17", "elapsed": 745.362489, "delta": 0.001441}}
{"target": -19.15328956007523, "params": {"colsample_bytree": 0.4769740282454191, "eta": 0.039199839232823455, "gamma": 441.52532157851067, "max_depth": 8.0, "min_child_weight": 4092.33168574522, "num_boost_round": 32.0, "subsample": 0.9031393512892153}, "datetime": {"datetime": "2024-01-20 14:36:17", "elapsed": 745.363925, "delta": 0.001436}}
{"target": -19.15344168048786, "params": {"colsample_bytree": 0.4769740282454191, "eta": 0.039199839232823455, "gamma": 441.52532157851067, "max_depth": 8.0, "min_child_weight": 4092.33168574522, "num_boost_round": 33.0, "subsample": 0.9031393512892153}, "datetime": {"datetime": "2024-01-20 14:36:17", "elapsed": 745.365308, "delta": 0.001383}}
{"target": -19.15407618895945, "params": {"colsample_bytree": 0.4769740282454191, "eta": 0.039199839232823455, "gamma": 441.52532157851067, "max_depth": 8.0, "min_child_weight": 4092.33168574522, "num_boost_round": 34.0, "subsample": 0.9031393512892153}, "datetime": {"datetime": "2024-01-20 14:36:17", "elapsed": 745.36671, "delta": 0.001402}}
{"target": -19.15482441395558, "params": {"colsample_bytree": 0.4769740282454191, "eta": 0.039199839232823455, "gamma": 441.52532157851067, "max_depth": 8.0, "min_child_weight": 4092.33168574522, "num_boost_round": 35.0, "subsample": 0.9031393512892153}, "datetime": {"datetime": "2024-01-20 14:36:17", "elapsed": 745.368025, "delta": 0.001315}}
{"target": -19.155149574781, "params": {"colsample_bytree": 0.4769740282454191, "eta": 0.039199839232823455, "gamma": 441.52532157851067, "max_depth": 8.0, "min_child_weight": 4092.33168574522, "num_boost_round": 36.0, "subsample": 0.9031393512892153}, "datetime": {"datetime": "2024-01-20 14:36:17", "elapsed": 745.36934, "delta": 0.001315}}
{"target": -19.155545740312085, "params": {"colsample_bytree": 0.4769740282454191, "eta": 0.039199839232823455, "gamma": 441.52532157851067, "max_depth": 8.0, "min_child_weight": 4092.33168574522, "num_boost_round": 37.0, "subsample": 0.9031393512892153}, "datetime": {"datetime": "2024-01-20 14:36:17", "elapsed": 745.370649, "delta": 0.001309}}
{"target": -19.156312827593645, "params": {"colsample_bytree": 0.4769740282454191, "eta": 0.039199839232823455, "gamma": 441.52532157851067, "max_depth": 8.0, "min_child_weight": 4092.33168574522, "num_boost_round": 38.0, "subsample": 0.9031393512892153}, "datetime": {"datetime": "2024-01-20 14:36:17", "elapsed": 745.371999, "delta": 0.00135}}
{"target": -19.156524403644163, "params": {"colsample_bytree": 0.4769740282454191, "eta": 0.039199839232823455, "gamma": 441.52532157851067, "max_depth": 8.0, "min_child_weight": 4092.33168574522, "num_boost_round": 39.0, "subsample": 0.9031393512892153}, "datetime": {"datetime": "2024-01-20 14:36:17", "elapsed": 745.373385, "delta": 0.001386}}
{"target": -19.156691771068303, "params": {"colsample_bytree": 0.4769740282454191, "eta": 0.039199839232823455, "gamma": 441.52532157851067, "max_depth": 8.0, "min_child_weight": 4092.33168574522, "num_boost_round": 40.0, "subsample": 0.9031393512892153}, "datetime": {"datetime": "2024-01-20 14:36:17", "elapsed": 745.374752, "delta": 0.001367}}
{"target": -19.156878589021257, "params": {"colsample_bytree": 0.4769740282454191, "eta": 0.039199839232823455, "gamma": 441.52532157851067, "max_depth": 8.0, "min_child_weight": 4092.33168574522, "num_boost_round": 41.0, "subsample": 0.9031393512892153}, "datetime": {"datetime": "2024-01-20 14:36:17", "elapsed": 745.376137, "delta": 0.001385}}
{"target": -19.156963102448124, "params": {"colsample_bytree": 0.4769740282454191, "eta": 0.039199839232823455, "gamma": 441.52532157851067, "max_depth": 8.0, "min_child_weight": 4092.33168574522, "num_boost_round": 42.0, "subsample": 0.9031393512892153}, "datetime": {"datetime": "2024-01-20 14:36:17", "elapsed": 745.377519, "delta": 0.001382}}
{"target": -19.157128843720088, "params": {"colsample_bytree": 0.4769740282454191, "eta": 0.039199839232823455, "gamma": 441.52532157851067, "max_depth": 8.0, "min_child_weight": 4092.33168574522, "num_boost_round": 43.0, "subsample": 0.9031393512892153}, "datetime": {"datetime": "2024-01-20 14:36:17", "elapsed": 745.378894, "delta": 0.001375}}
{"target": -19.1578802783784, "params": {"colsample_bytree": 0.4769740282454191, "eta": 0.039199839232823455, "gamma": 441.52532157851067, "max_depth": 8.0, "min_child_weight": 4092.33168574522, "num_boost_round": 44.0, "subsample": 0.9031393512892153}, "datetime": {"datetime": "2024-01-20 14:36:17", "elapsed": 745.380271, "delta": 0.001377}}
{"target": -19.158088295179304, "params": {"colsample_bytree": 0.4769740282454191, "eta": 0.039199839232823455, "gamma": 441.52532157851067, "max_depth": 8.0, "min_child_weight": 4092.33168574522, "num_boost_round": 45.0, "subsample": 0.9031393512892153}, "datetime": {"datetime": "2024-01-20 14:36:17", "elapsed": 745.381628, "delta": 0.001357}}
{"target": -19.158223574435127, "params": {"colsample_bytree": 0.4769740282454191, "eta": 0.039199839232823455, "gamma": 441.52532157851067, "max_depth": 8.0, "min_child_weight": 4092.33168574522, "num_boost_round": 46.0, "subsample": 0.9031393512892153}, "datetime": {"datetime": "2024-01-20 14:36:17", "elapsed": 745.38302, "delta": 0.001392}}
{"target": -19.15883462981055, "params": {"colsample_bytree": 0.4769740282454191, "eta": 0.039199839232823455, "gamma": 441.52532157851067, "max_depth": 8.0, "min_child_weight": 4092.33168574522, "num_boost_round": 47.0, "subsample": 0.9031393512892153}, "datetime": {"datetime": "2024-01-20 14:36:17", "elapsed": 745.384395, "delta": 0.001375}}
{"target": -19.15926261015826, "params": {"colsample_bytree": 0.4769740282454191, "eta": 0.039199839232823455, "gamma": 441.52532157851067, "max_depth": 8.0, "min_child_weight": 4092.33168574522, "num_boost_round": 48.0, "subsample": 0.9031393512892153}, "datetime": {"datetime": "2024-01-20 14:36:17", "elapsed": 745.385767, "delta": 0.001372}}
{"target": -19.159945024239583, "params": {"colsample_bytree": 0.4769740282454191, "eta": 0.039199839232823455, "gamma": 441.52532157851067, "max_depth": 8.0, "min_child_weight": 4092.33168574522, "num_boost_round": 49.0, "subsample": 0.9031393512892153}, "datetime": {"datetime": "2024-01-20 14:36:17", "elapsed": 745.387143, "delta": 0.001376}}
{"target": -19.160134186875492, "params": {"colsample_bytree": 0.4769740282454191, "eta": 0.039199839232823455, "gamma": 441.52532157851067, "max_depth": 8.0, "min_child_weight": 4092.33168574522, "num_boost_round": 50.0, "subsample": 0.9031393512892153}, "datetime": {"datetime": "2024-01-20 14:36:17", "elapsed": 745.388522, "delta": 0.001379}}
{"target": -19.16040704027209, "params": {"colsample_bytree": 0.4769740282454191, "eta": 0.039199839232823455, "gamma": 441.52532157851067, "max_depth": 8.0, "min_child_weight": 4092.33168574522, "num_boost_round": 51.0, "subsample": 0.9031393512892153}, "datetime": {"datetime": "2024-01-20 14:36:17", "elapsed": 745.389914, "delta": 0.001392}}
{"target": -19.160752000380253, "params": {"colsample_bytree": 0.4769740282454191, "eta": 0.039199839232823455, "gamma": 441.52532157851067, "max_depth": 8.0, "min_child_weight": 4092.33168574522, "num_boost_round": 52.0, "subsample": 0.9031393512892153}, "datetime": {"datetime": "2024-01-20 14:36:17", "elapsed": 745.391285, "delta": 0.001371}}
{"target": -19.16128047116085, "params": {"colsample_bytree": 0.4769740282454191, "eta": 0.039199839232823455, "gamma": 441.52532157851067, "max_depth": 8.0, "min_child_weight": 4092.33168574522, "num_boost_round": 53.0, "subsample": 0.9031393512892153}, "datetime": {"datetime": "2024-01-20 14:36:17", "elapsed": 745.392666, "delta": 0.001381}}
{"target": -19.161464091220104, "params": {"colsample_bytree": 0.4769740282454191, "eta": 0.039199839232823455, "gamma": 441.52532157851067, "max_depth": 8.0, "min_child_weight": 4092.33168574522, "num_boost_round": 54.0, "subsample": 0.9031393512892153}, "datetime": {"datetime": "2024-01-20 14:36:17", "elapsed": 745.394023, "delta": 0.001357}}
{"target": -19.161766057888855, "params": {"colsample_bytree": 0.4769740282454191, "eta": 0.039199839232823455, "gamma": 441.52532157851067, "max_depth": 8.0, "min_child_weight": 4092.33168574522, "num_boost_round": 55.0, "subsample": 0.9031393512892153}, "datetime": {"datetime": "2024-01-20 14:36:17", "elapsed": 745.395394, "delta": 0.001371}}
{"target": -19.162005756766526, "params": {"colsample_bytree": 0.4769740282454191, "eta": 0.039199839232823455, "gamma": 441.52532157851067, "max_depth": 8.0, "min_child_weight": 4092.33168574522, "num_boost_round": 56.0, "subsample": 0.9031393512892153}, "datetime": {"datetime": "2024-01-20 14:36:17", "elapsed": 745.396768, "delta": 0.001374}}
{"target": -19.16209286585127, "params": {"colsample_bytree": 0.4769740282454191, "eta": 0.039199839232823455, "gamma": 441.52532157851067, "max_depth": 8.0, "min_child_weight": 4092.33168574522, "num_boost_round": 57.0, "subsample": 0.9031393512892153}, "datetime": {"datetime": "2024-01-20 14:36:17", "elapsed": 745.398114, "delta": 0.001346}}
{"target": -19.16240095050067, "params": {"colsample_bytree": 0.4769740282454191, "eta": 0.039199839232823455, "gamma": 441.52532157851067, "max_depth": 8.0, "min_child_weight": 4092.33168574522, "num_boost_round": 58.0, "subsample": 0.9031393512892153}, "datetime": {"datetime": "2024-01-20 14:36:17", "elapsed": 745.39948, "delta": 0.001366}}
{"target": -19.163026066309705, "params": {"colsample_bytree": 0.4769740282454191, "eta": 0.039199839232823455, "gamma": 441.52532157851067, "max_depth": 8.0, "min_child_weight": 4092.33168574522, "num_boost_round": 59.0, "subsample": 0.9031393512892153}, "datetime": {"datetime": "2024-01-20 14:36:17", "elapsed": 745.400854, "delta": 0.001374}}
{"target": -19.16352978444027, "params": {"colsample_bytree": 0.4769740282454191, "eta": 0.039199839232823455, "gamma": 441.52532157851067, "max_depth": 8.0, "min_child_weight": 4092.33168574522, "num_boost_round": 60.0, "subsample": 0.9031393512892153}, "datetime": {"datetime": "2024-01-20 14:36:17", "elapsed": 745.402247, "delta": 0.001393}}
{"target": -19.163925292776597, "params": {"colsample_bytree": 0.4769740282454191, "eta": 0.039199839232823455, "gamma": 441.52532157851067, "max_depth": 8.0, "min_child_weight": 4092.33168574522, "num_boost_round": 61.0, "subsample": 0.9031393512892153}, "datetime": {"datetime": "2024-01-20 14:36:17", "elapsed": 745.403631, "delta": 0.001384}}
{"target": -19.16406744247289, "params": {"colsample_bytree": 0.4769740282454191, "eta": 0.039199839232823455, "gamma": 441.52532157851067, "max_depth": 8.0, "min_child_weight": 4092.33168574522, "num_boost_round": 62.0, "subsample": 0.9031393512892153}, "datetime": {"datetime": "2024-01-20 14:36:17", "elapsed": 745.405015, "delta": 0.001384}}
{"target": -19.164475637562703, "params": {"colsample_bytree": 0.4769740282454191, "eta": 0.039199839232823455, "gamma": 441.52532157851067, "max_depth": 8.0, "min_child_weight": 4092.33168574522, "num_boost_round": 63.0, "subsample": 0.9031393512892153}, "datetime": {"datetime": "2024-01-20 14:36:17", "elapsed": 745.406388, "delta": 0.001373}}
{"target": -19.1647700006817, "params": {"colsample_bytree": 0.4769740282454191, "eta": 0.039199839232823455, "gamma": 441.52532157851067, "max_depth": 8.0, "min_child_weight": 4092.33168574522, "num_boost_round": 64.0, "subsample": 0.9031393512892153}, "datetime": {"datetime": "2024-01-20 14:36:17", "elapsed": 745.407762, "delta": 0.001374}}
{"target": -19.16507530117606, "params": {"colsample_bytree": 0.4769740282454191, "eta": 0.039199839232823455, "gamma": 441.52532157851067, "max_depth": 8.0, "min_child_weight": 4092.33168574522, "num_boost_round": 65.0, "subsample": 0.9031393512892153}, "datetime": {"datetime": "2024-01-20 14:36:17", "elapsed": 745.409131, "delta": 0.001369}}
{"target": -19.165468742818984, "params": {"colsample_bytree": 0.4769740282454191, "eta": 0.039199839232823455, "gamma": 441.52532157851067, "max_depth": 8.0, "min_child_weight": 4092.33168574522, "num_boost_round": 66.0, "subsample": 0.9031393512892153}, "datetime": {"datetime": "2024-01-20 14:36:17", "elapsed": 745.41118, "delta": 0.002049}}
{"target": -19.165547147147805, "params": {"colsample_bytree": 0.4769740282454191, "eta": 0.039199839232823455, "gamma": 441.52532157851067, "max_depth": 8.0, "min_child_weight": 4092.33168574522, "num_boost_round": 67.0, "subsample": 0.9031393512892153}, "datetime": {"datetime": "2024-01-20 14:36:17", "elapsed": 745.413182, "delta": 0.002002}}
{"target": -19.165826590978376, "params": {"colsample_bytree": 0.4769740282454191, "eta": 0.039199839232823455, "gamma": 441.52532157851067, "max_depth": 8.0, "min_child_weight": 4092.33168574522, "num_boost_round": 68.0, "subsample": 0.9031393512892153}, "datetime": {"datetime": "2024-01-20 14:36:17", "elapsed": 745.415124, "delta": 0.001942}}
{"target": -19.1659228222301, "params": {"colsample_bytree": 0.4769740282454191, "eta": 0.039199839232823455, "gamma": 441.52532157851067, "max_depth": 8.0, "min_child_weight": 4092.33168574522, "num_boost_round": 69.0, "subsample": 0.9031393512892153}, "datetime": {"datetime": "2024-01-20 14:36:17", "elapsed": 745.416697, "delta": 0.001573}}
{"target": -19.166139740764415, "params": {"colsample_bytree": 0.4769740282454191, "eta": 0.039199839232823455, "gamma": 441.52532157851067, "max_depth": 8.0, "min_child_weight": 4092.33168574522, "num_boost_round": 70.0, "subsample": 0.9031393512892153}, "datetime": {"datetime": "2024-01-20 14:36:17", "elapsed": 745.418166, "delta": 0.001469}}
{"target": -19.166327063589122, "params": {"colsample_bytree": 0.4769740282454191, "eta": 0.039199839232823455, "gamma": 441.52532157851067, "max_depth": 8.0, "min_child_weight": 4092.33168574522, "num_boost_round": 71.0, "subsample": 0.9031393512892153}, "datetime": {"datetime": "2024-01-20 14:36:17", "elapsed": 745.419604, "delta": 0.001438}}
{"target": -19.166475534277957, "params": {"colsample_bytree": 0.4769740282454191, "eta": 0.039199839232823455, "gamma": 441.52532157851067, "max_depth": 8.0, "min_child_weight": 4092.33168574522, "num_boost_round": 72.0, "subsample": 0.9031393512892153}, "datetime": {"datetime": "2024-01-20 14:36:17", "elapsed": 745.421067, "delta": 0.001463}}
{"target": -19.16677601180448, "params": {"colsample_bytree": 0.4769740282454191, "eta": 0.039199839232823455, "gamma": 441.52532157851067, "max_depth": 8.0, "min_child_weight": 4092.33168574522, "num_boost_round": 73.0, "subsample": 0.9031393512892153}, "datetime": {"datetime": "2024-01-20 14:36:17", "elapsed": 745.422437, "delta": 0.00137}}
{"target": -19.167316130439808, "params": {"colsample_bytree": 0.4769740282454191, "eta": 0.039199839232823455, "gamma": 441.52532157851067, "max_depth": 8.0, "min_child_weight": 4092.33168574522, "num_boost_round": 74.0, "subsample": 0.9031393512892153}, "datetime": {"datetime": "2024-01-20 14:36:17", "elapsed": 745.423798, "delta": 0.001361}}
{"target": -19.167763348958395, "params": {"colsample_bytree": 0.4769740282454191, "eta": 0.039199839232823455, "gamma": 441.52532157851067, "max_depth": 8.0, "min_child_weight": 4092.33168574522, "num_boost_round": 75.0, "subsample": 0.9031393512892153}, "datetime": {"datetime": "2024-01-20 14:36:17", "elapsed": 745.425168, "delta": 0.00137}}
{"target": -19.167918081286455, "params": {"colsample_bytree": 0.4769740282454191, "eta": 0.039199839232823455, "gamma": 441.52532157851067, "max_depth": 8.0, "min_child_weight": 4092.33168574522, "num_boost_round": 76.0, "subsample": 0.9031393512892153}, "datetime": {"datetime": "2024-01-20 14:36:17", "elapsed": 745.426526, "delta": 0.001358}}
{"target": -19.168482213964545, "params": {"colsample_bytree": 0.4769740282454191, "eta": 0.039199839232823455, "gamma": 441.52532157851067, "max_depth": 8.0, "min_child_weight": 4092.33168574522, "num_boost_round": 77.0, "subsample": 0.9031393512892153}, "datetime": {"datetime": "2024-01-20 14:36:17", "elapsed": 745.427906, "delta": 0.00138}}
{"target": -19.169016919694712, "params": {"colsample_bytree": 0.4769740282454191, "eta": 0.039199839232823455, "gamma": 441.52532157851067, "max_depth": 8.0, "min_child_weight": 4092.33168574522, "num_boost_round": 78.0, "subsample": 0.9031393512892153}, "datetime": {"datetime": "2024-01-20 14:36:17", "elapsed": 745.429333, "delta": 0.001427}}
{"target": -19.16952983331777, "params": {"colsample_bytree": 0.4769740282454191, "eta": 0.039199839232823455, "gamma": 441.52532157851067, "max_depth": 8.0, "min_child_weight": 4092.33168574522, "num_boost_round": 79.0, "subsample": 0.9031393512892153}, "datetime": {"datetime": "2024-01-20 14:36:17", "elapsed": 745.430753, "delta": 0.00142}}
{"target": -19.17006034409751, "params": {"colsample_bytree": 0.4769740282454191, "eta": 0.039199839232823455, "gamma": 441.52532157851067, "max_depth": 8.0, "min_child_weight": 4092.33168574522, "num_boost_round": 80.0, "subsample": 0.9031393512892153}, "datetime": {"datetime": "2024-01-20 14:36:17", "elapsed": 745.432175, "delta": 0.001422}}
{"target": -19.17039464863248, "params": {"colsample_bytree": 0.4769740282454191, "eta": 0.039199839232823455, "gamma": 441.52532157851067, "max_depth": 8.0, "min_child_weight": 4092.33168574522, "num_boost_round": 81.0, "subsample": 0.9031393512892153}, "datetime": {"datetime": "2024-01-20 14:36:17", "elapsed": 745.433572, "delta": 0.001397}}
{"target": -19.17055494940105, "params": {"colsample_bytree": 0.4769740282454191, "eta": 0.039199839232823455, "gamma": 441.52532157851067, "max_depth": 8.0, "min_child_weight": 4092.33168574522, "num_boost_round": 82.0, "subsample": 0.9031393512892153}, "datetime": {"datetime": "2024-01-20 14:36:17", "elapsed": 745.434988, "delta": 0.001416}}
{"target": -19.170793010866824, "params": {"colsample_bytree": 0.4769740282454191, "eta": 0.039199839232823455, "gamma": 441.52532157851067, "max_depth": 8.0, "min_child_weight": 4092.33168574522, "num_boost_round": 83.0, "subsample": 0.9031393512892153}, "datetime": {"datetime": "2024-01-20 14:36:17", "elapsed": 745.436393, "delta": 0.001405}}
{"target": -19.170881895319233, "params": {"colsample_bytree": 0.4769740282454191, "eta": 0.039199839232823455, "gamma": 441.52532157851067, "max_depth": 8.0, "min_child_weight": 4092.33168574522, "num_boost_round": 84.0, "subsample": 0.9031393512892153}, "datetime": {"datetime": "2024-01-20 14:36:17", "elapsed": 745.4378, "delta": 0.001407}}
{"target": -19.171324948605267, "params": {"colsample_bytree": 0.4769740282454191, "eta": 0.039199839232823455, "gamma": 441.52532157851067, "max_depth": 8.0, "min_child_weight": 4092.33168574522, "num_boost_round": 85.0, "subsample": 0.9031393512892153}, "datetime": {"datetime": "2024-01-20 14:36:17", "elapsed": 745.439196, "delta": 0.001396}}
