{"target": -10.29858706710667, "params": {"colsample_bytree": 0.38691052665170556, "eta": 0.0014369910165162518, "gamma": 853.8577249432901, "max_depth": 4.0, "min_child_weight": 4253.284182398619, "num_boost_round": 28.0, "subsample": 0.9406017933759324}, "datetime": {"datetime": "2024-01-20 14:45:20", "elapsed": 5017.991117, "delta": 0.002726}}
{"target": -10.29859827994225, "params": {"colsample_bytree": 0.38691052665170556, "eta": 0.0014369910165162518, "gamma": 853.8577249432901, "max_depth": 4.0, "min_child_weight": 4253.284182398619, "num_boost_round": 29.0, "subsample": 0.9406017933759324}, "datetime": {"datetime": "2024-01-20 14:45:20", "elapsed": 5017.993855, "delta": 0.002738}}
{"target": -10.29860146163129, "params": {"colsample_bytree": 0.38691052665170556, "eta": 0.0014369910165162518, "gamma": 853.8577249432901, "max_depth": 4.0, "min_child_weight": 4253.284182398619, "num_boost_round": 30.0, "subsample": 0.9406017933759324}, "datetime": {"datetime": "2024-01-20 14:45:20", "elapsed": 5017.996618, "delta": 0.002763}}
{"target": -10.298598657992375, "params": {"colsample_bytree": 0.38691052665170556, "eta": 0.0014369910165162518, "gamma": 853.8577249432901, "max_depth": 4.0, "min_child_weight": 4253.284182398619, "num_boost_round": 31.0, "subsample": 0.9406017933759324}, "datetime": {"datetime": "2024-01-20 14:45:20", "elapsed": 5017.999393, "delta": 0.002775}}
{"target": -10.29860259978516, "params": {"colsample_bytree": 0.38691052665170556, "eta": 0.0014369910165162518, "gamma": 853.8577249432901, "max_depth": 4.0, "min_child_weight": 4253.284182398619, "num_boost_round": 32.0, "subsample": 0.9406017933759324}, "datetime": {"datetime": "2024-01-20 14:45:20", "elapsed": 5018.002119, "delta": 0.002726}}
{"target": -10.298605070995837, "params": {"colsample_bytree": 0.38691052665170556, "eta": 0.0014369910165162518, "gamma": 853.8577249432901, "max_depth": 4.0, "min_child_weight": 4253.284182398619, "num_boost_round": 33.0, "subsample": 0.9406017933759324}, "datetime": {"datetime": "2024-01-20 14:45:20", "elapsed": 5018.004823, "delta": 0.002704}}
{"target": -10.298600291528967, "params": {"colsample_bytree": 0.38691052665170556, "eta": 0.0014369910165162518, "gamma": 853.8577249432901, "max_depth": 4.0, "min_child_weight": 4253.284182398619, "num_boost_round": 34.0, "subsample": 0.9406017933759324}, "datetime": {"datetime": "2024-01-20 14:45:20", "elapsed": 5018.007593, "delta": 0.00277}}
{"target": -10.298599818540094, "params": {"colsample_bytree": 0.38691052665170556, "eta": 0.0014369910165162518, "gamma": 853.8577249432901, "max_depth": 4.0, "min_child_weight": 4253.284182398619, "num_boost_round": 35.0, "subsample": 0.9406017933759324}, "datetime": {"datetime": "2024-01-20 14:45:20", "elapsed": 5018.010412, "delta": 0.002819}}
{"target": -10.298597176328766, "params": {"colsample_bytree": 0.38691052665170556, "eta": 0.0014369910165162518, "gamma": 853.8577249432901, "max_depth": 4.0, "min_child_weight": 4253.284182398619, "num_boost_round": 36.0, "subsample": 0.9406017933759324}, "datetime": {"datetime": "2024-01-20 14:45:20", "elapsed": 5018.013096, "delta": 0.002684}}
{"target": -10.298603168860044, "params": {"colsample_bytree": 0.38691052665170556, "eta": 0.0014369910165162518, "gamma": 853.8577249432901, "max_depth": 4.0, "min_child_weight": 4253.284182398619, "num_boost_round": 37.0, "subsample": 0.9406017933759324}, "datetime": {"datetime": "2024-01-20 14:45:20", "elapsed": 5018.015816, "delta": 0.00272}}
{"target": -10.298604132011366, "params": {"colsample_bytree": 0.38691052665170556, "eta": 0.0014369910165162518, "gamma": 853.8577249432901, "max_depth": 4.0, "min_child_weight": 4253.284182398619, "num_boost_round": 38.0, "subsample": 0.9406017933759324}, "datetime": {"datetime": "2024-01-20 14:45:20", "elapsed": 5018.018528, "delta": 0.002712}}
{"target": -10.298599348120163, "params": {"colsample_bytree": 0.38691052665170556, "eta": 0.0014369910165162518, "gamma": 853.8577249432901, "max_depth": 4.0, "min_child_weight": 4253.284182398619, "num_boost_round": 39.0, "subsample": 0.9406017933759324}, "datetime": {"datetime": "2024-01-20 14:45:20", "elapsed": 5018.021287, "delta": 0.002759}}
{"target": -10.298602468494458, "params": {"colsample_bytree": 0.38691052665170556, "eta": 0.0014369910165162518, "gamma": 853.8577249432901, "max_depth": 4.0, "min_child_weight": 4253.284182398619, "num_boost_round": 40.0, "subsample": 0.9406017933759324}, "datetime": {"datetime": "2024-01-20 14:45:20", "elapsed": 5018.023995, "delta": 0.002708}}
{"target": -10.298596945226222, "params": {"colsample_bytree": 0.38691052665170556, "eta": 0.0014369910165162518, "gamma": 853.8577249432901, "max_depth": 4.0, "min_child_weight": 4253.284182398619, "num_boost_round": 41.0, "subsample": 0.9406017933759324}, "datetime": {"datetime": "2024-01-20 14:45:20", "elapsed": 5018.026711, "delta": 0.002716}}
{"target": -10.298605374533881, "params": {"colsample_bytree": 0.38691052665170556, "eta": 0.0014369910165162518, "gamma": 853.8577249432901, "max_depth": 4.0, "min_child_weight": 4253.284182398619, "num_boost_round": 42.0, "subsample": 0.9406017933759324}, "datetime": {"datetime": "2024-01-20 14:45:20", "elapsed": 5018.029382, "delta": 0.002671}}
{"target": -10.298607333443178, "params": {"colsample_bytree": 0.38691052665170556, "eta": 0.0014369910165162518, "gamma": 853.8577249432901, "max_depth": 4.0, "min_child_weight": 4253.284182398619, "num_boost_round": 43.0, "subsample": 0.9406017933759324}, "datetime": {"datetime": "2024-01-20 14:45:20", "elapsed": 5018.033285, "delta": 0.003903}}
{"target": -10.298615097316715, "params": {"colsample_bytree": 0.38691052665170556, "eta": 0.0014369910165162518, "gamma": 853.8577249432901, "max_depth": 4.0, "min_child_weight": 4253.284182398619, "num_boost_round": 44.0, "subsample": 0.9406017933759324}, "datetime": {"datetime": "2024-01-20 14:45:20", "elapsed": 5018.036218, "delta": 0.002933}}
{"target": -10.298618019876278, "params": {"colsample_bytree": 0.38691052665170556, "eta": 0.0014369910165162518, "gamma": 853.8577249432901, "max_depth": 4.0, "min_child_weight": 4253.284182398619, "num_boost_round": 45.0, "subsample": 0.9406017933759324}, "datetime": {"datetime": "2024-01-20 14:45:20", "elapsed": 5018.039422, "delta": 0.003204}}
{"target": -10.298617876445936, "params": {"colsample_bytree": 0.38691052665170556, "eta": 0.0014369910165162518, "gamma": 853.8577249432901, "max_depth": 4.0, "min_child_weight": 4253.284182398619, "num_boost_round": 46.0, "subsample": 0.9406017933759324}, "datetime": {"datetime": "2024-01-20 14:45:20", "elapsed": 5018.042379, "delta": 0.002957}}
{"target": -10.29862306802912, "params": {"colsample_bytree": 0.38691052665170556, "eta": 0.0014369910165162518, "gamma": 853.8577249432901, "max_depth": 4.0, "min_child_weight": 4253.284182398619, "num_boost_round": 47.0, "subsample": 0.9406017933759324}, "datetime": {"datetime": "2024-01-20 14:45:20", "elapsed": 5018.04517, "delta": 0.002791}}
{"target": -10.298612796539874, "params": {"colsample_bytree": 0.38691052665170556, "eta": 0.0014369910165162518, "gamma": 853.8577249432901, "max_depth": 4.0, "min_child_weight": 4253.284182398619, "num_boost_round": 48.0, "subsample": 0.9406017933759324}, "datetime": {"datetime": "2024-01-20 14:45:20", "elapsed": 5018.047926, "delta": 0.002756}}
{"target": -10.298617376131624, "params": {"colsample_bytree": 0.38691052665170556, "eta": 0.0014369910165162518, "gamma": 853.8577249432901, "max_depth": 4.0, "min_child_weight": 4253.284182398619, "num_boost_round": 49.0, "subsample": 0.9406017933759324}, "datetime": {"datetime": "2024-01-20 14:45:20", "elapsed": 5018.050707, "delta": 0.002781}}
{"target": -10.29863075179949, "params": {"colsample_bytree": 0.38691052665170556, "eta": 0.0014369910165162518, "gamma": 853.8577249432901, "max_depth": 4.0, "min_child_weight": 4253.284182398619, "num_boost_round": 50.0, "subsample": 0.9406017933759324}, "datetime": {"datetime": "2024-01-20 14:45:20", "elapsed": 5018.053545, "delta": 0.002838}}
{"target": -10.298628923216606, "params": {"colsample_bytree": 0.38691052665170556, "eta": 0.0014369910165162518, "gamma": 853.8577249432901, "max_depth": 4.0, "min_child_weight": 4253.284182398619, "num_boost_round": 51.0, "subsample": 0.9406017933759324}, "datetime": {"datetime": "2024-01-20 14:45:20", "elapsed": 5018.056281, "delta": 0.002736}}
{"target": -10.29862226146447, "params": {"colsample_bytree": 0.38691052665170556, "eta": 0.0014369910165162518, "gamma": 853.8577249432901, "max_depth": 4.0, "min_child_weight": 4253.284182398619, "num_boost_round": 52.0, "subsample": 0.9406017933759324}, "datetime": {"datetime": "2024-01-20 14:45:20", "elapsed": 5018.059068, "delta": 0.002787}}
{"target": -10.29862422704845, "params": {"colsample_bytree": 0.38691052665170556, "eta": 0.0014369910165162518, "gamma": 853.8577249432901, "max_depth": 4.0, "min_child_weight": 4253.284182398619, "num_boost_round": 53.0, "subsample": 0.9406017933759324}, "datetime": {"datetime": "2024-01-20 14:45:20", "elapsed": 5018.061946, "delta": 0.002878}}
{"target": -10.29863033701117, "params": {"colsample_bytree": 0.38691052665170556, "eta": 0.0014369910165162518, "gamma": 853.8577249432901, "max_depth": 4.0, "min_child_weight": 4253.284182398619, "num_boost_round": 54.0, "subsample": 0.9406017933759324}, "datetime": {"datetime": "2024-01-20 14:45:20", "elapsed": 5018.064801, "delta": 0.002855}}
{"target": -10.298638561764694, "params": {"colsample_bytree": 0.38691052665170556, "eta": 0.0014369910165162518, "gamma": 853.8577249432901, "max_depth": 4.0, "min_child_weight": 4253.284182398619, "num_boost_round": 55.0, "subsample": 0.9406017933759324}, "datetime": {"datetime": "2024-01-20 14:45:20", "elapsed": 5018.067678, "delta": 0.002877}}
{"target": -10.298637390096282, "params": {"colsample_bytree": 0.38691052665170556, "eta": 0.0014369910165162518, "gamma": 853.8577249432901, "max_depth": 4.0, "min_child_weight": 4253.284182398619, "num_boost_round": 56.0, "subsample": 0.9406017933759324}, "datetime": {"datetime": "2024-01-20 14:45:20", "elapsed": 5018.070512, "delta": 0.002834}}
{"target": -10.298635984485419, "params": {"colsample_bytree": 0.38691052665170556, "eta": 0.0014369910165162518, "gamma": 853.8577249432901, "max_depth": 4.0, "min_child_weight": 4253.284182398619, "num_boost_round": 57.0, "subsample": 0.9406017933759324}, "datetime": {"datetime": "2024-01-20 14:45:20", "elapsed": 5018.07323, "delta": 0.002718}}
{"target": -10.29862643195397, "params": {"colsample_bytree": 0.38691052665170556, "eta": 0.0014369910165162518, "gamma": 853.8577249432901, "max_depth": 4.0, "min_child_weight": 4253.284182398619, "num_boost_round": 58.0, "subsample": 0.9406017933759324}, "datetime": {"datetime": "2024-01-20 14:45:20", "elapsed": 5018.076009, "delta": 0.002779}}
{"target": -10.298627609633463, "params": {"colsample_bytree": 0.38691052665170556, "eta": 0.0014369910165162518, "gamma": 853.8577249432901, "max_depth": 4.0, "min_child_weight": 4253.284182398619, "num_boost_round": 59.0, "subsample": 0.9406017933759324}, "datetime": {"datetime": "2024-01-20 14:45:20", "elapsed": 5018.078763, "delta": 0.002754}}
{"target": -10.298627821486267, "params": {"colsample_bytree": 0.38691052665170556, "eta": 0.0014369910165162518, "gamma": 853.8577249432901, "max_depth": 4.0, "min_child_weight": 4253.284182398619, "num_boost_round": 60.0, "subsample": 0.9406017933759324}, "datetime": {"datetime": "2024-01-20 14:45:20", "elapsed": 5018.081545, "delta": 0.002782}}
{"target": -10.298626723197975, "params": {"colsample_bytree": 0.38691052665170556, "eta": 0.0014369910165162518, "gamma": 853.8577249432901, "max_depth": 4.0, "min_child_weight": 4253.284182398619, "num_boost_round": 61.0, "subsample": 0.9406017933759324}, "datetime": {"datetime": "2024-01-20 14:45:20", "elapsed": 5018.084368, "delta": 0.002823}}
{"target": -10.29862725945305, "params": {"colsample_bytree": 0.38691052665170556, "eta": 0.0014369910165162518, "gamma": 853.8577249432901, "max_depth": 4.0, "min_child_weight": 4253.284182398619, "num_boost_round": 62.0, "subsample": 0.9406017933759324}, "datetime": {"datetime": "2024-01-20 14:45:20", "elapsed": 5018.087359, "delta": 0.002991}}
{"target": -10.298508431327333, "params": {"colsample_bytree": 0.8112763033561421, "eta": 0.005814625285697596, "gamma": 711.4013954466767, "max_depth": 5.0, "min_child_weight": 4575.446815900856, "num_boost_round": 1.0, "subsample": 0.8489840347083442}, "datetime": {"datetime": "2024-01-20 14:46:06", "elapsed": 5064.004545, "delta": 45.917186}}
{"target": -10.29850204939783, "params": {"colsample_bytree": 0.8112763033561421, "eta": 0.005814625285697596, "gamma": 711.4013954466767, "max_depth": 5.0, "min_child_weight": 4575.446815900856, "num_boost_round": 2.0, "subsample": 0.8489840347083442}, "datetime": {"datetime": "2024-01-20 14:46:06", "elapsed": 5064.011382, "delta": 0.006837}}
{"target": -10.298503240201303, "params": {"colsample_bytree": 0.8112763033561421, "eta": 0.005814625285697596, "gamma": 711.4013954466767, "max_depth": 5.0, "min_child_weight": 4575.446815900856, "num_boost_round": 3.0, "subsample": 0.8489840347083442}, "datetime": {"datetime": "2024-01-20 14:46:06", "elapsed": 5064.01512, "delta": 0.003738}}
{"target": -10.29850080591008, "params": {"colsample_bytree": 0.8112763033561421, "eta": 0.005814625285697596, "gamma": 711.4013954466767, "max_depth": 5.0, "min_child_weight": 4575.446815900856, "num_boost_round": 4.0, "subsample": 0.8489840347083442}, "datetime": {"datetime": "2024-01-20 14:46:06", "elapsed": 5064.018693, "delta": 0.003573}}
{"target": -10.298505269482309, "params": {"colsample_bytree": 0.8112763033561421, "eta": 0.005814625285697596, "gamma": 711.4013954466767, "max_depth": 5.0, "min_child_weight": 4575.446815900856, "num_boost_round": 5.0, "subsample": 0.8489840347083442}, "datetime": {"datetime": "2024-01-20 14:46:06", "elapsed": 5064.022108, "delta": 0.003415}}
{"target": -10.298510629927057, "params": {"colsample_bytree": 0.8112763033561421, "eta": 0.005814625285697596, "gamma": 711.4013954466767, "max_depth": 5.0, "min_child_weight": 4575.446815900856, "num_boost_round": 6.0, "subsample": 0.8489840347083442}, "datetime": {"datetime": "2024-01-20 14:46:06", "elapsed": 5064.02525, "delta": 0.003142}}
{"target": -10.298520456403729, "params": {"colsample_bytree": 0.8112763033561421, "eta": 0.005814625285697596, "gamma": 711.4013954466767, "max_depth": 5.0, "min_child_weight": 4575.446815900856, "num_boost_round": 7.0, "subsample": 0.8489840347083442}, "datetime": {"datetime": "2024-01-20 14:46:06", "elapsed": 5064.028627, "delta": 0.003377}}
{"target": -10.298508803063413, "params": {"colsample_bytree": 0.8112763033561421, "eta": 0.005814625285697596, "gamma": 711.4013954466767, "max_depth": 5.0, "min_child_weight": 4575.446815900856, "num_boost_round": 8.0, "subsample": 0.8489840347083442}, "datetime": {"datetime": "2024-01-20 14:46:06", "elapsed": 5064.031914, "delta": 0.003287}}
{"target": -10.29851345929578, "params": {"colsample_bytree": 0.8112763033561421, "eta": 0.005814625285697596, "gamma": 711.4013954466767, "max_depth": 5.0, "min_child_weight": 4575.446815900856, "num_boost_round": 9.0, "subsample": 0.8489840347083442}, "datetime": {"datetime": "2024-01-20 14:46:06", "elapsed": 5064.035271, "delta": 0.003357}}
{"target": -10.298517116429931, "params": {"colsample_bytree": 0.8112763033561421, "eta": 0.005814625285697596, "gamma": 711.4013954466767, "max_depth": 5.0, "min_child_weight": 4575.446815900856, "num_boost_round": 10.0, "subsample": 0.8489840347083442}, "datetime": {"datetime": "2024-01-20 14:46:06", "elapsed": 5064.039283, "delta": 0.004012}}
{"target": -10.298525115993222, "params": {"colsample_bytree": 0.8112763033561421, "eta": 0.005814625285697596, "gamma": 711.4013954466767, "max_depth": 5.0, "min_child_weight": 4575.446815900856, "num_boost_round": 11.0, "subsample": 0.8489840347083442}, "datetime": {"datetime": "2024-01-20 14:46:06", "elapsed": 5064.043128, "delta": 0.003845}}
{"target": -10.298531992520338, "params": {"colsample_bytree": 0.8112763033561421, "eta": 0.005814625285697596, "gamma": 711.4013954466767, "max_depth": 5.0, "min_child_weight": 4575.446815900856, "num_boost_round": 12.0, "subsample": 0.8489840347083442}, "datetime": {"datetime": "2024-01-20 14:46:06", "elapsed": 5064.046573, "delta": 0.003445}}
{"target": -10.2985384282722, "params": {"colsample_bytree": 0.8112763033561421, "eta": 0.005814625285697596, "gamma": 711.4013954466767, "max_depth": 5.0, "min_child_weight": 4575.446815900856, "num_boost_round": 13.0, "subsample": 0.8489840347083442}, "datetime": {"datetime": "2024-01-20 14:46:06", "elapsed": 5064.050192, "delta": 0.003619}}
{"target": -10.298555212077641, "params": {"colsample_bytree": 0.8112763033561421, "eta": 0.005814625285697596, "gamma": 711.4013954466767, "max_depth": 5.0, "min_child_weight": 4575.446815900856, "num_boost_round": 14.0, "subsample": 0.8489840347083442}, "datetime": {"datetime": "2024-01-20 14:46:06", "elapsed": 5064.053716, "delta": 0.003524}}
{"target": -10.298560582464987, "params": {"colsample_bytree": 0.8112763033561421, "eta": 0.005814625285697596, "gamma": 711.4013954466767, "max_depth": 5.0, "min_child_weight": 4575.446815900856, "num_boost_round": 15.0, "subsample": 0.8489840347083442}, "datetime": {"datetime": "2024-01-20 14:46:06", "elapsed": 5064.057195, "delta": 0.003479}}
{"target": -10.298556985954505, "params": {"colsample_bytree": 0.8112763033561421, "eta": 0.005814625285697596, "gamma": 711.4013954466767, "max_depth": 5.0, "min_child_weight": 4575.446815900856, "num_boost_round": 16.0, "subsample": 0.8489840347083442}, "datetime": {"datetime": "2024-01-20 14:46:06", "elapsed": 5064.060659, "delta": 0.003464}}
{"target": -10.298442084349318, "params": {"colsample_bytree": 0.10582645764383303, "eta": 0.014397982286540158, "gamma": 764.0540479481967, "max_depth": 2.0, "min_child_weight": 4617.225985362005, "num_boost_round": 1.0, "subsample": 0.2982126650735523}, "datetime": {"datetime": "2024-01-20 14:46:54", "elapsed": 5111.81489, "delta": 47.754231}}
{"target": -10.29838117963224, "params": {"colsample_bytree": 0.10582645764383303, "eta": 0.014397982286540158, "gamma": 764.0540479481967, "max_depth": 2.0, "min_child_weight": 4617.225985362005, "num_boost_round": 2.0, "subsample": 0.2982126650735523}, "datetime": {"datetime": "2024-01-20 14:46:54", "elapsed": 5111.81991, "delta": 0.00502}}
{"target": -10.298448647044244, "params": {"colsample_bytree": 0.10582645764383303, "eta": 0.014397982286540158, "gamma": 764.0540479481967, "max_depth": 2.0, "min_child_weight": 4617.225985362005, "num_boost_round": 3.0, "subsample": 0.2982126650735523}, "datetime": {"datetime": "2024-01-20 14:46:54", "elapsed": 5111.824284, "delta": 0.004374}}
{"target": -10.298428500056772, "params": {"colsample_bytree": 0.10582645764383303, "eta": 0.014397982286540158, "gamma": 764.0540479481967, "max_depth": 2.0, "min_child_weight": 4617.225985362005, "num_boost_round": 4.0, "subsample": 0.2982126650735523}, "datetime": {"datetime": "2024-01-20 14:46:54", "elapsed": 5111.828082, "delta": 0.003798}}
{"target": -10.298293798460627, "params": {"colsample_bytree": 0.10582645764383303, "eta": 0.014397982286540158, "gamma": 764.0540479481967, "max_depth": 2.0, "min_child_weight": 4617.225985362005, "num_boost_round": 5.0, "subsample": 0.2982126650735523}, "datetime": {"datetime": "2024-01-20 14:46:54", "elapsed": 5111.832058, "delta": 0.003976}}
{"target": -10.298406824769565, "params": {"colsample_bytree": 0.10582645764383303, "eta": 0.014397982286540158, "gamma": 764.0540479481967, "max_depth": 2.0, "min_child_weight": 4617.225985362005, "num_boost_round": 6.0, "subsample": 0.2982126650735523}, "datetime": {"datetime": "2024-01-20 14:46:54", "elapsed": 5111.835952, "delta": 0.003894}}
{"target": -10.298333091557996, "params": {"colsample_bytree": 0.10582645764383303, "eta": 0.014397982286540158, "gamma": 764.0540479481967, "max_depth": 2.0, "min_child_weight": 4617.225985362005, "num_boost_round": 7.0, "subsample": 0.2982126650735523}, "datetime": {"datetime": "2024-01-20 14:46:54", "elapsed": 5111.839844, "delta": 0.003892}}
{"target": -10.298237791921096, "params": {"colsample_bytree": 0.10582645764383303, "eta": 0.014397982286540158, "gamma": 764.0540479481967, "max_depth": 2.0, "min_child_weight": 4617.225985362005, "num_boost_round": 8.0, "subsample": 0.2982126650735523}, "datetime": {"datetime": "2024-01-20 14:46:54", "elapsed": 5111.844461, "delta": 0.004617}}
{"target": -10.298111152930414, "params": {"colsample_bytree": 0.10582645764383303, "eta": 0.014397982286540158, "gamma": 764.0540479481967, "max_depth": 2.0, "min_child_weight": 4617.225985362005, "num_boost_round": 9.0, "subsample": 0.2982126650735523}, "datetime": {"datetime": "2024-01-20 14:46:54", "elapsed": 5111.848367, "delta": 0.003906}}
{"target": -10.298054780391576, "params": {"colsample_bytree": 0.10582645764383303, "eta": 0.014397982286540158, "gamma": 764.0540479481967, "max_depth": 2.0, "min_child_weight": 4617.225985362005, "num_boost_round": 10.0, "subsample": 0.2982126650735523}, "datetime": {"datetime": "2024-01-20 14:46:54", "elapsed": 5111.851823, "delta": 0.003456}}
{"target": -10.29795058487245, "params": {"colsample_bytree": 0.10582645764383303, "eta": 0.014397982286540158, "gamma": 764.0540479481967, "max_depth": 2.0, "min_child_weight": 4617.225985362005, "num_boost_round": 11.0, "subsample": 0.2982126650735523}, "datetime": {"datetime": "2024-01-20 14:46:54", "elapsed": 5111.855072, "delta": 0.003249}}
{"target": -10.297948056659736, "params": {"colsample_bytree": 0.10582645764383303, "eta": 0.014397982286540158, "gamma": 764.0540479481967, "max_depth": 2.0, "min_child_weight": 4617.225985362005, "num_boost_round": 12.0, "subsample": 0.2982126650735523}, "datetime": {"datetime": "2024-01-20 14:46:54", "elapsed": 5111.858188, "delta": 0.003116}}
