{"target": -10.298206669712108, "params": {"colsample_bytree": 0.3987534114772531, "eta": 0.01422353934794491, "gamma": 138.44380891790863, "max_depth": 4.0, "min_child_weight": 3660.970435746156, "num_boost_round": 12.0, "subsample": 0.20747678682481435}, "datetime": {"datetime": "2024-01-20 17:11:53", "elapsed": 13811.287712, "delta": 0.010991}}
{"target": -10.298039230065775, "params": {"colsample_bytree": 0.3987534114772531, "eta": 0.01422353934794491, "gamma": 138.44380891790863, "max_depth": 4.0, "min_child_weight": 3660.970435746156, "num_boost_round": 13.0, "subsample": 0.20747678682481435}, "datetime": {"datetime": "2024-01-20 17:11:53", "elapsed": 13811.298971, "delta": 0.011259}}
{"target": -10.298063786708951, "params": {"colsample_bytree": 0.3987534114772531, "eta": 0.01422353934794491, "gamma": 138.44380891790863, "max_depth": 4.0, "min_child_weight": 3660.970435746156, "num_boost_round": 14.0, "subsample": 0.20747678682481435}, "datetime": {"datetime": "2024-01-20 17:11:53", "elapsed": 13811.309339, "delta": 0.010368}}
{"target": -10.298699432945906, "params": {"colsample_bytree": 0.8509279470107306, "eta": 0.08358770978547762, "gamma": 92.21208026911853, "max_depth": 3.0, "min_child_weight": 3597.9332924239206, "num_boost_round": 1.0, "subsample": 0.9005920572924131}, "datetime": {"datetime": "2024-01-20 17:13:20", "elapsed": 13898.110675, "delta": 86.801336}}
{"target": -10.299154853884728, "params": {"colsample_bytree": 0.8509279470107306, "eta": 0.08358770978547762, "gamma": 92.21208026911853, "max_depth": 3.0, "min_child_weight": 3597.9332924239206, "num_boost_round": 2.0, "subsample": 0.9005920572924131}, "datetime": {"datetime": "2024-01-20 17:13:20", "elapsed": 13898.124484, "delta": 0.013809}}
{"target": -10.299290300598713, "params": {"colsample_bytree": 0.8509279470107306, "eta": 0.08358770978547762, "gamma": 92.21208026911853, "max_depth": 3.0, "min_child_weight": 3597.9332924239206, "num_boost_round": 3.0, "subsample": 0.9005920572924131}, "datetime": {"datetime": "2024-01-20 17:13:20", "elapsed": 13898.136511, "delta": 0.012027}}
{"target": -10.300015617167922, "params": {"colsample_bytree": 0.8509279470107306, "eta": 0.08358770978547762, "gamma": 92.21208026911853, "max_depth": 3.0, "min_child_weight": 3597.9332924239206, "num_boost_round": 4.0, "subsample": 0.9005920572924131}, "datetime": {"datetime": "2024-01-20 17:13:20", "elapsed": 13898.145478, "delta": 0.008967}}
{"target": -10.30051153399146, "params": {"colsample_bytree": 0.8509279470107306, "eta": 0.08358770978547762, "gamma": 92.21208026911853, "max_depth": 3.0, "min_child_weight": 3597.9332924239206, "num_boost_round": 5.0, "subsample": 0.9005920572924131}, "datetime": {"datetime": "2024-01-20 17:13:20", "elapsed": 13898.154209, "delta": 0.008731}}
{"target": -10.300801541245882, "params": {"colsample_bytree": 0.8509279470107306, "eta": 0.08358770978547762, "gamma": 92.21208026911853, "max_depth": 3.0, "min_child_weight": 3597.9332924239206, "num_boost_round": 6.0, "subsample": 0.9005920572924131}, "datetime": {"datetime": "2024-01-20 17:13:20", "elapsed": 13898.163495, "delta": 0.009286}}
{"target": -10.301449403560563, "params": {"colsample_bytree": 0.8509279470107306, "eta": 0.08358770978547762, "gamma": 92.21208026911853, "max_depth": 3.0, "min_child_weight": 3597.9332924239206, "num_boost_round": 7.0, "subsample": 0.9005920572924131}, "datetime": {"datetime": "2024-01-20 17:13:20", "elapsed": 13898.17311, "delta": 0.009615}}
{"target": -10.301606046529354, "params": {"colsample_bytree": 0.8509279470107306, "eta": 0.08358770978547762, "gamma": 92.21208026911853, "max_depth": 3.0, "min_child_weight": 3597.9332924239206, "num_boost_round": 8.0, "subsample": 0.9005920572924131}, "datetime": {"datetime": "2024-01-20 17:13:20", "elapsed": 13898.183368, "delta": 0.010258}}
{"target": -10.298118881355425, "params": {"colsample_bytree": 0.2441016836937805, "eta": 0.06680126404341906, "gamma": 896.9198518076811, "max_depth": 9.0, "min_child_weight": 3811.738984320795, "num_boost_round": 1.0, "subsample": 0.7257996964217017}, "datetime": {"datetime": "2024-01-20 17:15:47", "elapsed": 14045.630136, "delta": 147.446768}}
{"target": -10.298069928671072, "params": {"colsample_bytree": 0.2441016836937805, "eta": 0.06680126404341906, "gamma": 896.9198518076811, "max_depth": 9.0, "min_child_weight": 3811.738984320795, "num_boost_round": 2.0, "subsample": 0.7257996964217017}, "datetime": {"datetime": "2024-01-20 17:15:47", "elapsed": 14045.63835, "delta": 0.008214}}
{"target": -10.29834843966351, "params": {"colsample_bytree": 0.2441016836937805, "eta": 0.06680126404341906, "gamma": 896.9198518076811, "max_depth": 9.0, "min_child_weight": 3811.738984320795, "num_boost_round": 3.0, "subsample": 0.7257996964217017}, "datetime": {"datetime": "2024-01-20 17:15:47", "elapsed": 14045.643335, "delta": 0.004985}}
{"target": -10.298280557433678, "params": {"colsample_bytree": 0.2441016836937805, "eta": 0.06680126404341906, "gamma": 896.9198518076811, "max_depth": 9.0, "min_child_weight": 3811.738984320795, "num_boost_round": 4.0, "subsample": 0.7257996964217017}, "datetime": {"datetime": "2024-01-20 17:15:47", "elapsed": 14045.648328, "delta": 0.004993}}
{"target": -10.298440270772948, "params": {"colsample_bytree": 0.8140628546636456, "eta": 0.07828772505555297, "gamma": 200.46416914829868, "max_depth": 5.0, "min_child_weight": 3656.4057465839464, "num_boost_round": 1.0, "subsample": 0.652918291614883}, "datetime": {"datetime": "2024-01-20 17:17:29", "elapsed": 14147.659297, "delta": 102.010969}}
{"target": -10.298735449640098, "params": {"colsample_bytree": 0.8140628546636456, "eta": 0.07828772505555297, "gamma": 200.46416914829868, "max_depth": 5.0, "min_child_weight": 3656.4057465839464, "num_boost_round": 2.0, "subsample": 0.652918291614883}, "datetime": {"datetime": "2024-01-20 17:17:29", "elapsed": 14147.674467, "delta": 0.01517}}
{"target": -10.298859680640646, "params": {"colsample_bytree": 0.8140628546636456, "eta": 0.07828772505555297, "gamma": 200.46416914829868, "max_depth": 5.0, "min_child_weight": 3656.4057465839464, "num_boost_round": 3.0, "subsample": 0.652918291614883}, "datetime": {"datetime": "2024-01-20 17:17:29", "elapsed": 14147.686609, "delta": 0.012142}}
{"target": -10.299459351410867, "params": {"colsample_bytree": 0.8140628546636456, "eta": 0.07828772505555297, "gamma": 200.46416914829868, "max_depth": 5.0, "min_child_weight": 3656.4057465839464, "num_boost_round": 4.0, "subsample": 0.652918291614883}, "datetime": {"datetime": "2024-01-20 17:17:29", "elapsed": 14147.698475, "delta": 0.011866}}
{"target": -10.300042399187312, "params": {"colsample_bytree": 0.8140628546636456, "eta": 0.07828772505555297, "gamma": 200.46416914829868, "max_depth": 5.0, "min_child_weight": 3656.4057465839464, "num_boost_round": 5.0, "subsample": 0.652918291614883}, "datetime": {"datetime": "2024-01-20 17:17:29", "elapsed": 14147.711198, "delta": 0.012723}}
{"target": -10.30057455322292, "params": {"colsample_bytree": 0.8140628546636456, "eta": 0.07828772505555297, "gamma": 200.46416914829868, "max_depth": 5.0, "min_child_weight": 3656.4057465839464, "num_boost_round": 6.0, "subsample": 0.652918291614883}, "datetime": {"datetime": "2024-01-20 17:17:30", "elapsed": 14148.419588, "delta": 0.70839}}
{"target": -10.30122015898782, "params": {"colsample_bytree": 0.8140628546636456, "eta": 0.07828772505555297, "gamma": 200.46416914829868, "max_depth": 5.0, "min_child_weight": 3656.4057465839464, "num_boost_round": 7.0, "subsample": 0.652918291614883}, "datetime": {"datetime": "2024-01-20 17:17:30", "elapsed": 14148.432154, "delta": 0.012566}}
{"target": -10.30171345118748, "params": {"colsample_bytree": 0.8140628546636456, "eta": 0.07828772505555297, "gamma": 200.46416914829868, "max_depth": 5.0, "min_child_weight": 3656.4057465839464, "num_boost_round": 8.0, "subsample": 0.652918291614883}, "datetime": {"datetime": "2024-01-20 17:17:30", "elapsed": 14148.442481, "delta": 0.010327}}
{"target": -10.302329013507535, "params": {"colsample_bytree": 0.8140628546636456, "eta": 0.07828772505555297, "gamma": 200.46416914829868, "max_depth": 5.0, "min_child_weight": 3656.4057465839464, "num_boost_round": 9.0, "subsample": 0.652918291614883}, "datetime": {"datetime": "2024-01-20 17:17:30", "elapsed": 14148.452377, "delta": 0.009896}}
{"target": -10.303640427722954, "params": {"colsample_bytree": 0.8140628546636456, "eta": 0.07828772505555297, "gamma": 200.46416914829868, "max_depth": 5.0, "min_child_weight": 3656.4057465839464, "num_boost_round": 10.0, "subsample": 0.652918291614883}, "datetime": {"datetime": "2024-01-20 17:17:30", "elapsed": 14148.462324, "delta": 0.009947}}
{"target": -10.304231870003495, "params": {"colsample_bytree": 0.8140628546636456, "eta": 0.07828772505555297, "gamma": 200.46416914829868, "max_depth": 5.0, "min_child_weight": 3656.4057465839464, "num_boost_round": 11.0, "subsample": 0.652918291614883}, "datetime": {"datetime": "2024-01-20 17:17:30", "elapsed": 14148.472136, "delta": 0.009812}}
{"target": -10.304499445806465, "params": {"colsample_bytree": 0.8140628546636456, "eta": 0.07828772505555297, "gamma": 200.46416914829868, "max_depth": 5.0, "min_child_weight": 3656.4057465839464, "num_boost_round": 12.0, "subsample": 0.652918291614883}, "datetime": {"datetime": "2024-01-20 17:17:30", "elapsed": 14148.481617, "delta": 0.009481}}
{"target": -10.305154887576858, "params": {"colsample_bytree": 0.8140628546636456, "eta": 0.07828772505555297, "gamma": 200.46416914829868, "max_depth": 5.0, "min_child_weight": 3656.4057465839464, "num_boost_round": 13.0, "subsample": 0.652918291614883}, "datetime": {"datetime": "2024-01-20 17:17:30", "elapsed": 14148.49103, "delta": 0.009413}}
{"target": -10.305758582766646, "params": {"colsample_bytree": 0.8140628546636456, "eta": 0.07828772505555297, "gamma": 200.46416914829868, "max_depth": 5.0, "min_child_weight": 3656.4057465839464, "num_boost_round": 14.0, "subsample": 0.652918291614883}, "datetime": {"datetime": "2024-01-20 17:17:30", "elapsed": 14148.50076, "delta": 0.00973}}
{"target": -10.306254462306045, "params": {"colsample_bytree": 0.8140628546636456, "eta": 0.07828772505555297, "gamma": 200.46416914829868, "max_depth": 5.0, "min_child_weight": 3656.4057465839464, "num_boost_round": 15.0, "subsample": 0.652918291614883}, "datetime": {"datetime": "2024-01-20 17:17:30", "elapsed": 14148.509799, "delta": 0.009039}}
{"target": -10.306641788594398, "params": {"colsample_bytree": 0.8140628546636456, "eta": 0.07828772505555297, "gamma": 200.46416914829868, "max_depth": 5.0, "min_child_weight": 3656.4057465839464, "num_boost_round": 16.0, "subsample": 0.652918291614883}, "datetime": {"datetime": "2024-01-20 17:17:30", "elapsed": 14148.519142, "delta": 0.009343}}
{"target": -10.307011945590691, "params": {"colsample_bytree": 0.8140628546636456, "eta": 0.07828772505555297, "gamma": 200.46416914829868, "max_depth": 5.0, "min_child_weight": 3656.4057465839464, "num_boost_round": 17.0, "subsample": 0.652918291614883}, "datetime": {"datetime": "2024-01-20 17:17:30", "elapsed": 14148.528628, "delta": 0.009486}}
{"target": -10.307399425612989, "params": {"colsample_bytree": 0.8140628546636456, "eta": 0.07828772505555297, "gamma": 200.46416914829868, "max_depth": 5.0, "min_child_weight": 3656.4057465839464, "num_boost_round": 18.0, "subsample": 0.652918291614883}, "datetime": {"datetime": "2024-01-20 17:17:30", "elapsed": 14148.537922, "delta": 0.009294}}
{"target": -10.308118626120248, "params": {"colsample_bytree": 0.8140628546636456, "eta": 0.07828772505555297, "gamma": 200.46416914829868, "max_depth": 5.0, "min_child_weight": 3656.4057465839464, "num_boost_round": 19.0, "subsample": 0.652918291614883}, "datetime": {"datetime": "2024-01-20 17:17:30", "elapsed": 14148.547229, "delta": 0.009307}}
{"target": -10.308794605366028, "params": {"colsample_bytree": 0.8140628546636456, "eta": 0.07828772505555297, "gamma": 200.46416914829868, "max_depth": 5.0, "min_child_weight": 3656.4057465839464, "num_boost_round": 20.0, "subsample": 0.652918291614883}, "datetime": {"datetime": "2024-01-20 17:17:30", "elapsed": 14148.555985, "delta": 0.008756}}
{"target": -10.309057418190715, "params": {"colsample_bytree": 0.8140628546636456, "eta": 0.07828772505555297, "gamma": 200.46416914829868, "max_depth": 5.0, "min_child_weight": 3656.4057465839464, "num_boost_round": 21.0, "subsample": 0.652918291614883}, "datetime": {"datetime": "2024-01-20 17:17:30", "elapsed": 14148.564173, "delta": 0.008188}}
{"target": -10.309467703483254, "params": {"colsample_bytree": 0.8140628546636456, "eta": 0.07828772505555297, "gamma": 200.46416914829868, "max_depth": 5.0, "min_child_weight": 3656.4057465839464, "num_boost_round": 22.0, "subsample": 0.652918291614883}, "datetime": {"datetime": "2024-01-20 17:17:30", "elapsed": 14148.575816, "delta": 0.011643}}
{"target": -10.310018928664544, "params": {"colsample_bytree": 0.8140628546636456, "eta": 0.07828772505555297, "gamma": 200.46416914829868, "max_depth": 5.0, "min_child_weight": 3656.4057465839464, "num_boost_round": 23.0, "subsample": 0.652918291614883}, "datetime": {"datetime": "2024-01-20 17:17:30", "elapsed": 14148.585504, "delta": 0.009688}}
{"target": -10.310091206871032, "params": {"colsample_bytree": 0.8140628546636456, "eta": 0.07828772505555297, "gamma": 200.46416914829868, "max_depth": 5.0, "min_child_weight": 3656.4057465839464, "num_boost_round": 24.0, "subsample": 0.652918291614883}, "datetime": {"datetime": "2024-01-20 17:17:30", "elapsed": 14148.595032, "delta": 0.009528}}
{"target": -10.310210033452812, "params": {"colsample_bytree": 0.8140628546636456, "eta": 0.07828772505555297, "gamma": 200.46416914829868, "max_depth": 5.0, "min_child_weight": 3656.4057465839464, "num_boost_round": 25.0, "subsample": 0.652918291614883}, "datetime": {"datetime": "2024-01-20 17:17:30", "elapsed": 14148.604217, "delta": 0.009185}}
{"target": -10.310989470716214, "params": {"colsample_bytree": 0.8140628546636456, "eta": 0.07828772505555297, "gamma": 200.46416914829868, "max_depth": 5.0, "min_child_weight": 3656.4057465839464, "num_boost_round": 26.0, "subsample": 0.652918291614883}, "datetime": {"datetime": "2024-01-20 17:17:30", "elapsed": 14148.613507, "delta": 0.00929}}
{"target": -10.311364800933346, "params": {"colsample_bytree": 0.8140628546636456, "eta": 0.07828772505555297, "gamma": 200.46416914829868, "max_depth": 5.0, "min_child_weight": 3656.4057465839464, "num_boost_round": 27.0, "subsample": 0.652918291614883}, "datetime": {"datetime": "2024-01-20 17:17:30", "elapsed": 14148.621432, "delta": 0.007925}}
{"target": -10.311847771238313, "params": {"colsample_bytree": 0.8140628546636456, "eta": 0.07828772505555297, "gamma": 200.46416914829868, "max_depth": 5.0, "min_child_weight": 3656.4057465839464, "num_boost_round": 28.0, "subsample": 0.652918291614883}, "datetime": {"datetime": "2024-01-20 17:17:30", "elapsed": 14148.630221, "delta": 0.008789}}
{"target": -10.31278037030891, "params": {"colsample_bytree": 0.8140628546636456, "eta": 0.07828772505555297, "gamma": 200.46416914829868, "max_depth": 5.0, "min_child_weight": 3656.4057465839464, "num_boost_round": 29.0, "subsample": 0.652918291614883}, "datetime": {"datetime": "2024-01-20 17:17:30", "elapsed": 14148.639146, "delta": 0.008925}}
{"target": -10.312870254351015, "params": {"colsample_bytree": 0.8140628546636456, "eta": 0.07828772505555297, "gamma": 200.46416914829868, "max_depth": 5.0, "min_child_weight": 3656.4057465839464, "num_boost_round": 30.0, "subsample": 0.652918291614883}, "datetime": {"datetime": "2024-01-20 17:17:30", "elapsed": 14148.647463, "delta": 0.008317}}
{"target": -10.298056053349963, "params": {"colsample_bytree": 0.38868621018196226, "eta": 0.07115452211939712, "gamma": 687.1219244680118, "max_depth": 3.0, "min_child_weight": 3481.777422729044, "num_boost_round": 1.0, "subsample": 0.454474111196545}, "datetime": {"datetime": "2024-01-20 17:19:42", "elapsed": 14279.940933, "delta": 131.29347}}
{"target": -10.298106743537112, "params": {"colsample_bytree": 0.38868621018196226, "eta": 0.07115452211939712, "gamma": 687.1219244680118, "max_depth": 3.0, "min_child_weight": 3481.777422729044, "num_boost_round": 2.0, "subsample": 0.454474111196545}, "datetime": {"datetime": "2024-01-20 17:19:42", "elapsed": 14279.954248, "delta": 0.013315}}
{"target": -10.298450354067592, "params": {"colsample_bytree": 0.38868621018196226, "eta": 0.07115452211939712, "gamma": 687.1219244680118, "max_depth": 3.0, "min_child_weight": 3481.777422729044, "num_boost_round": 3.0, "subsample": 0.454474111196545}, "datetime": {"datetime": "2024-01-20 17:19:42", "elapsed": 14279.966158, "delta": 0.01191}}
{"target": -10.298725202361988, "params": {"colsample_bytree": 0.38868621018196226, "eta": 0.07115452211939712, "gamma": 687.1219244680118, "max_depth": 3.0, "min_child_weight": 3481.777422729044, "num_boost_round": 4.0, "subsample": 0.454474111196545}, "datetime": {"datetime": "2024-01-20 17:19:42", "elapsed": 14279.978049, "delta": 0.011891}}
{"target": -10.299232903656138, "params": {"colsample_bytree": 0.38868621018196226, "eta": 0.07115452211939712, "gamma": 687.1219244680118, "max_depth": 3.0, "min_child_weight": 3481.777422729044, "num_boost_round": 5.0, "subsample": 0.454474111196545}, "datetime": {"datetime": "2024-01-20 17:19:42", "elapsed": 14279.989604, "delta": 0.011555}}
{"target": -10.299761604072401, "params": {"colsample_bytree": 0.38868621018196226, "eta": 0.07115452211939712, "gamma": 687.1219244680118, "max_depth": 3.0, "min_child_weight": 3481.777422729044, "num_boost_round": 6.0, "subsample": 0.454474111196545}, "datetime": {"datetime": "2024-01-20 17:19:42", "elapsed": 14280.001486, "delta": 0.011882}}
{"target": -10.300288377092315, "params": {"colsample_bytree": 0.38868621018196226, "eta": 0.07115452211939712, "gamma": 687.1219244680118, "max_depth": 3.0, "min_child_weight": 3481.777422729044, "num_boost_round": 7.0, "subsample": 0.454474111196545}, "datetime": {"datetime": "2024-01-20 17:19:42", "elapsed": 14280.013078, "delta": 0.011592}}
{"target": -10.300718802179748, "params": {"colsample_bytree": 0.38868621018196226, "eta": 0.07115452211939712, "gamma": 687.1219244680118, "max_depth": 3.0, "min_child_weight": 3481.777422729044, "num_boost_round": 8.0, "subsample": 0.454474111196545}, "datetime": {"datetime": "2024-01-20 17:19:42", "elapsed": 14280.024485, "delta": 0.011407}}
{"target": -10.297423480263596, "params": {"colsample_bytree": 0.4089583355210694, "eta": 0.0898083610430009, "gamma": 409.70708033666483, "max_depth": 4.0, "min_child_weight": 4930.554698216425, "num_boost_round": 1.0, "subsample": 0.21892402579265494}, "datetime": {"datetime": "2024-01-20 17:22:29", "elapsed": 14447.033221, "delta": 167.008736}}
{"target": -10.297379797857165, "params": {"colsample_bytree": 0.4089583355210694, "eta": 0.0898083610430009, "gamma": 409.70708033666483, "max_depth": 4.0, "min_child_weight": 4930.554698216425, "num_boost_round": 2.0, "subsample": 0.21892402579265494}, "datetime": {"datetime": "2024-01-20 17:22:29", "elapsed": 14447.045383, "delta": 0.012162}}
{"target": -10.29758494077224, "params": {"colsample_bytree": 0.4089583355210694, "eta": 0.0898083610430009, "gamma": 409.70708033666483, "max_depth": 4.0, "min_child_weight": 4930.554698216425, "num_boost_round": 3.0, "subsample": 0.21892402579265494}, "datetime": {"datetime": "2024-01-20 17:22:29", "elapsed": 14447.056362, "delta": 0.010979}}
{"target": -10.297513978120435, "params": {"colsample_bytree": 0.4089583355210694, "eta": 0.0898083610430009, "gamma": 409.70708033666483, "max_depth": 4.0, "min_child_weight": 4930.554698216425, "num_boost_round": 4.0, "subsample": 0.21892402579265494}, "datetime": {"datetime": "2024-01-20 17:22:29", "elapsed": 14447.06752, "delta": 0.011158}}
{"target": -10.29783652240836, "params": {"colsample_bytree": 0.4089583355210694, "eta": 0.0898083610430009, "gamma": 409.70708033666483, "max_depth": 4.0, "min_child_weight": 4930.554698216425, "num_boost_round": 5.0, "subsample": 0.21892402579265494}, "datetime": {"datetime": "2024-01-20 17:22:29", "elapsed": 14447.078272, "delta": 0.010752}}
{"target": -10.298011307771093, "params": {"colsample_bytree": 0.4089583355210694, "eta": 0.0898083610430009, "gamma": 409.70708033666483, "max_depth": 4.0, "min_child_weight": 4930.554698216425, "num_boost_round": 6.0, "subsample": 0.21892402579265494}, "datetime": {"datetime": "2024-01-20 17:22:29", "elapsed": 14447.088953, "delta": 0.010681}}
{"target": -10.298355110365135, "params": {"colsample_bytree": 0.4089583355210694, "eta": 0.0898083610430009, "gamma": 409.70708033666483, "max_depth": 4.0, "min_child_weight": 4930.554698216425, "num_boost_round": 7.0, "subsample": 0.21892402579265494}, "datetime": {"datetime": "2024-01-20 17:22:29", "elapsed": 14447.099883, "delta": 0.01093}}
{"target": -10.298680410479356, "params": {"colsample_bytree": 0.4089583355210694, "eta": 0.0898083610430009, "gamma": 409.70708033666483, "max_depth": 4.0, "min_child_weight": 4930.554698216425, "num_boost_round": 8.0, "subsample": 0.21892402579265494}, "datetime": {"datetime": "2024-01-20 17:22:29", "elapsed": 14447.109681, "delta": 0.009798}}
{"target": -10.298568414380487, "params": {"colsample_bytree": 0.4089583355210694, "eta": 0.0898083610430009, "gamma": 409.70708033666483, "max_depth": 4.0, "min_child_weight": 4930.554698216425, "num_boost_round": 9.0, "subsample": 0.21892402579265494}, "datetime": {"datetime": "2024-01-20 17:22:29", "elapsed": 14447.128008, "delta": 0.018327}}
{"target": -10.29865687874188, "params": {"colsample_bytree": 0.4089583355210694, "eta": 0.0898083610430009, "gamma": 409.70708033666483, "max_depth": 4.0, "min_child_weight": 4930.554698216425, "num_boost_round": 10.0, "subsample": 0.21892402579265494}, "datetime": {"datetime": "2024-01-20 17:22:29", "elapsed": 14447.138959, "delta": 0.010951}}
