{"target": -15.161121145227021, "params": {"colsample_bytree": 0.7723902336229936, "eta": 0.0719569833196182, "gamma": 559.9410187554398, "max_depth": 2.0, "min_child_weight": 4148.351190176322, "num_boost_round": 15.0, "subsample": 0.1418721006940709}, "datetime": {"datetime": "2024-01-20 16:21:49", "elapsed": 7067.394208, "delta": 0.006411}}
{"target": -15.160582382835084, "params": {"colsample_bytree": 0.7723902336229936, "eta": 0.0719569833196182, "gamma": 559.9410187554398, "max_depth": 2.0, "min_child_weight": 4148.351190176322, "num_boost_round": 16.0, "subsample": 0.1418721006940709}, "datetime": {"datetime": "2024-01-20 16:21:49", "elapsed": 7067.400355, "delta": 0.006147}}
{"target": -15.160336661138173, "params": {"colsample_bytree": 0.7723902336229936, "eta": 0.0719569833196182, "gamma": 559.9410187554398, "max_depth": 2.0, "min_child_weight": 4148.351190176322, "num_boost_round": 17.0, "subsample": 0.1418721006940709}, "datetime": {"datetime": "2024-01-20 16:21:49", "elapsed": 7067.406556, "delta": 0.006201}}
{"target": -15.160269407279387, "params": {"colsample_bytree": 0.7723902336229936, "eta": 0.0719569833196182, "gamma": 559.9410187554398, "max_depth": 2.0, "min_child_weight": 4148.351190176322, "num_boost_round": 18.0, "subsample": 0.1418721006940709}, "datetime": {"datetime": "2024-01-20 16:21:49", "elapsed": 7067.412564, "delta": 0.006008}}
{"target": -15.160470641513687, "params": {"colsample_bytree": 0.7723902336229936, "eta": 0.0719569833196182, "gamma": 559.9410187554398, "max_depth": 2.0, "min_child_weight": 4148.351190176322, "num_boost_round": 19.0, "subsample": 0.1418721006940709}, "datetime": {"datetime": "2024-01-20 16:21:49", "elapsed": 7067.418515, "delta": 0.005951}}
{"target": -15.16036682610747, "params": {"colsample_bytree": 0.7723902336229936, "eta": 0.0719569833196182, "gamma": 559.9410187554398, "max_depth": 2.0, "min_child_weight": 4148.351190176322, "num_boost_round": 20.0, "subsample": 0.1418721006940709}, "datetime": {"datetime": "2024-01-20 16:21:49", "elapsed": 7067.424605, "delta": 0.00609}}
{"target": -15.15983042657622, "params": {"colsample_bytree": 0.7723902336229936, "eta": 0.0719569833196182, "gamma": 559.9410187554398, "max_depth": 2.0, "min_child_weight": 4148.351190176322, "num_boost_round": 21.0, "subsample": 0.1418721006940709}, "datetime": {"datetime": "2024-01-20 16:21:49", "elapsed": 7067.430696, "delta": 0.006091}}
{"target": -15.160072416155366, "params": {"colsample_bytree": 0.7723902336229936, "eta": 0.0719569833196182, "gamma": 559.9410187554398, "max_depth": 2.0, "min_child_weight": 4148.351190176322, "num_boost_round": 22.0, "subsample": 0.1418721006940709}, "datetime": {"datetime": "2024-01-20 16:21:49", "elapsed": 7067.4367, "delta": 0.006004}}
{"target": -15.160139659614163, "params": {"colsample_bytree": 0.7723902336229936, "eta": 0.0719569833196182, "gamma": 559.9410187554398, "max_depth": 2.0, "min_child_weight": 4148.351190176322, "num_boost_round": 23.0, "subsample": 0.1418721006940709}, "datetime": {"datetime": "2024-01-20 16:21:50", "elapsed": 7067.443044, "delta": 0.006344}}
{"target": -15.160266174377096, "params": {"colsample_bytree": 0.7723902336229936, "eta": 0.0719569833196182, "gamma": 559.9410187554398, "max_depth": 2.0, "min_child_weight": 4148.351190176322, "num_boost_round": 24.0, "subsample": 0.1418721006940709}, "datetime": {"datetime": "2024-01-20 16:21:50", "elapsed": 7067.777124, "delta": 0.33408}}
{"target": -15.160544894393613, "params": {"colsample_bytree": 0.7723902336229936, "eta": 0.0719569833196182, "gamma": 559.9410187554398, "max_depth": 2.0, "min_child_weight": 4148.351190176322, "num_boost_round": 25.0, "subsample": 0.1418721006940709}, "datetime": {"datetime": "2024-01-20 16:21:50", "elapsed": 7067.785255, "delta": 0.008131}}
{"target": -15.160430959218669, "params": {"colsample_bytree": 0.7723902336229936, "eta": 0.0719569833196182, "gamma": 559.9410187554398, "max_depth": 2.0, "min_child_weight": 4148.351190176322, "num_boost_round": 26.0, "subsample": 0.1418721006940709}, "datetime": {"datetime": "2024-01-20 16:21:50", "elapsed": 7067.791784, "delta": 0.006529}}
{"target": -15.160204772849685, "params": {"colsample_bytree": 0.7723902336229936, "eta": 0.0719569833196182, "gamma": 559.9410187554398, "max_depth": 2.0, "min_child_weight": 4148.351190176322, "num_boost_round": 27.0, "subsample": 0.1418721006940709}, "datetime": {"datetime": "2024-01-20 16:21:50", "elapsed": 7067.798147, "delta": 0.006363}}
{"target": -15.16034585421679, "params": {"colsample_bytree": 0.7723902336229936, "eta": 0.0719569833196182, "gamma": 559.9410187554398, "max_depth": 2.0, "min_child_weight": 4148.351190176322, "num_boost_round": 28.0, "subsample": 0.1418721006940709}, "datetime": {"datetime": "2024-01-20 16:21:50", "elapsed": 7067.804376, "delta": 0.006229}}
{"target": -15.160277952793988, "params": {"colsample_bytree": 0.7723902336229936, "eta": 0.0719569833196182, "gamma": 559.9410187554398, "max_depth": 2.0, "min_child_weight": 4148.351190176322, "num_boost_round": 29.0, "subsample": 0.1418721006940709}, "datetime": {"datetime": "2024-01-20 16:21:50", "elapsed": 7067.810456, "delta": 0.00608}}
{"target": -15.160529638412514, "params": {"colsample_bytree": 0.7723902336229936, "eta": 0.0719569833196182, "gamma": 559.9410187554398, "max_depth": 2.0, "min_child_weight": 4148.351190176322, "num_boost_round": 30.0, "subsample": 0.1418721006940709}, "datetime": {"datetime": "2024-01-20 16:21:50", "elapsed": 7067.816509, "delta": 0.006053}}
{"target": -15.161041189612764, "params": {"colsample_bytree": 0.7723902336229936, "eta": 0.0719569833196182, "gamma": 559.9410187554398, "max_depth": 2.0, "min_child_weight": 4148.351190176322, "num_boost_round": 31.0, "subsample": 0.1418721006940709}, "datetime": {"datetime": "2024-01-20 16:21:50", "elapsed": 7067.822601, "delta": 0.006092}}
{"target": -15.161549969336352, "params": {"colsample_bytree": 0.7723902336229936, "eta": 0.0719569833196182, "gamma": 559.9410187554398, "max_depth": 2.0, "min_child_weight": 4148.351190176322, "num_boost_round": 32.0, "subsample": 0.1418721006940709}, "datetime": {"datetime": "2024-01-20 16:21:50", "elapsed": 7067.828671, "delta": 0.00607}}
{"target": -15.161535365692803, "params": {"colsample_bytree": 0.7723902336229936, "eta": 0.0719569833196182, "gamma": 559.9410187554398, "max_depth": 2.0, "min_child_weight": 4148.351190176322, "num_boost_round": 33.0, "subsample": 0.1418721006940709}, "datetime": {"datetime": "2024-01-20 16:21:50", "elapsed": 7067.834754, "delta": 0.006083}}
{"target": -15.161368479017518, "params": {"colsample_bytree": 0.7723902336229936, "eta": 0.0719569833196182, "gamma": 559.9410187554398, "max_depth": 2.0, "min_child_weight": 4148.351190176322, "num_boost_round": 34.0, "subsample": 0.1418721006940709}, "datetime": {"datetime": "2024-01-20 16:21:50", "elapsed": 7067.841065, "delta": 0.006311}}
{"target": -15.16149518333005, "params": {"colsample_bytree": 0.7723902336229936, "eta": 0.0719569833196182, "gamma": 559.9410187554398, "max_depth": 2.0, "min_child_weight": 4148.351190176322, "num_boost_round": 35.0, "subsample": 0.1418721006940709}, "datetime": {"datetime": "2024-01-20 16:21:50", "elapsed": 7067.847135, "delta": 0.00607}}
{"target": -15.161161966060035, "params": {"colsample_bytree": 0.7723902336229936, "eta": 0.0719569833196182, "gamma": 559.9410187554398, "max_depth": 2.0, "min_child_weight": 4148.351190176322, "num_boost_round": 36.0, "subsample": 0.1418721006940709}, "datetime": {"datetime": "2024-01-20 16:21:50", "elapsed": 7067.853661, "delta": 0.006526}}
{"target": -15.160827726344621, "params": {"colsample_bytree": 0.7723902336229936, "eta": 0.0719569833196182, "gamma": 559.9410187554398, "max_depth": 2.0, "min_child_weight": 4148.351190176322, "num_boost_round": 37.0, "subsample": 0.1418721006940709}, "datetime": {"datetime": "2024-01-20 16:21:50", "elapsed": 7067.860147, "delta": 0.006486}}
{"target": -15.161236961385185, "params": {"colsample_bytree": 0.7723902336229936, "eta": 0.0719569833196182, "gamma": 559.9410187554398, "max_depth": 2.0, "min_child_weight": 4148.351190176322, "num_boost_round": 38.0, "subsample": 0.1418721006940709}, "datetime": {"datetime": "2024-01-20 16:21:50", "elapsed": 7067.866503, "delta": 0.006356}}
{"target": -15.161175595878637, "params": {"colsample_bytree": 0.7723902336229936, "eta": 0.0719569833196182, "gamma": 559.9410187554398, "max_depth": 2.0, "min_child_weight": 4148.351190176322, "num_boost_round": 39.0, "subsample": 0.1418721006940709}, "datetime": {"datetime": "2024-01-20 16:21:50", "elapsed": 7067.872784, "delta": 0.006281}}
{"target": -15.16133104140091, "params": {"colsample_bytree": 0.7723902336229936, "eta": 0.0719569833196182, "gamma": 559.9410187554398, "max_depth": 2.0, "min_child_weight": 4148.351190176322, "num_boost_round": 40.0, "subsample": 0.1418721006940709}, "datetime": {"datetime": "2024-01-20 16:21:50", "elapsed": 7067.878973, "delta": 0.006189}}
{"target": -15.161563481850525, "params": {"colsample_bytree": 0.7723902336229936, "eta": 0.0719569833196182, "gamma": 559.9410187554398, "max_depth": 2.0, "min_child_weight": 4148.351190176322, "num_boost_round": 41.0, "subsample": 0.1418721006940709}, "datetime": {"datetime": "2024-01-20 16:21:50", "elapsed": 7067.886005, "delta": 0.007032}}
{"target": -15.161700472946944, "params": {"colsample_bytree": 0.7723902336229936, "eta": 0.0719569833196182, "gamma": 559.9410187554398, "max_depth": 2.0, "min_child_weight": 4148.351190176322, "num_boost_round": 42.0, "subsample": 0.1418721006940709}, "datetime": {"datetime": "2024-01-20 16:21:50", "elapsed": 7067.89301, "delta": 0.007005}}
{"target": -15.161768734585678, "params": {"colsample_bytree": 0.7723902336229936, "eta": 0.0719569833196182, "gamma": 559.9410187554398, "max_depth": 2.0, "min_child_weight": 4148.351190176322, "num_boost_round": 43.0, "subsample": 0.1418721006940709}, "datetime": {"datetime": "2024-01-20 16:21:50", "elapsed": 7067.899667, "delta": 0.006657}}
{"target": -15.161991551510061, "params": {"colsample_bytree": 0.7723902336229936, "eta": 0.0719569833196182, "gamma": 559.9410187554398, "max_depth": 2.0, "min_child_weight": 4148.351190176322, "num_boost_round": 44.0, "subsample": 0.1418721006940709}, "datetime": {"datetime": "2024-01-20 16:21:50", "elapsed": 7067.906159, "delta": 0.006492}}
{"target": -15.172570370891343, "params": {"colsample_bytree": 0.5672176598204061, "eta": 0.015052590552864708, "gamma": 433.5010766215326, "max_depth": 7.0, "min_child_weight": 4405.248516533127, "num_boost_round": 1.0, "subsample": 0.3760667589482042}, "datetime": {"datetime": "2024-01-20 16:23:35", "elapsed": 7172.558979, "delta": 104.65282}}
{"target": -15.171977153750255, "params": {"colsample_bytree": 0.5672176598204061, "eta": 0.015052590552864708, "gamma": 433.5010766215326, "max_depth": 7.0, "min_child_weight": 4405.248516533127, "num_boost_round": 2.0, "subsample": 0.3760667589482042}, "datetime": {"datetime": "2024-01-20 16:23:35", "elapsed": 7172.566218, "delta": 0.007239}}
{"target": -15.171377876441046, "params": {"colsample_bytree": 0.5672176598204061, "eta": 0.015052590552864708, "gamma": 433.5010766215326, "max_depth": 7.0, "min_child_weight": 4405.248516533127, "num_boost_round": 3.0, "subsample": 0.3760667589482042}, "datetime": {"datetime": "2024-01-20 16:23:35", "elapsed": 7172.572409, "delta": 0.006191}}
{"target": -15.170894261662736, "params": {"colsample_bytree": 0.5672176598204061, "eta": 0.015052590552864708, "gamma": 433.5010766215326, "max_depth": 7.0, "min_child_weight": 4405.248516533127, "num_boost_round": 4.0, "subsample": 0.3760667589482042}, "datetime": {"datetime": "2024-01-20 16:23:35", "elapsed": 7172.57903, "delta": 0.006621}}
{"target": -15.170121487656864, "params": {"colsample_bytree": 0.5672176598204061, "eta": 0.015052590552864708, "gamma": 433.5010766215326, "max_depth": 7.0, "min_child_weight": 4405.248516533127, "num_boost_round": 5.0, "subsample": 0.3760667589482042}, "datetime": {"datetime": "2024-01-20 16:23:35", "elapsed": 7172.585353, "delta": 0.006323}}
{"target": -15.169539089481226, "params": {"colsample_bytree": 0.5672176598204061, "eta": 0.015052590552864708, "gamma": 433.5010766215326, "max_depth": 7.0, "min_child_weight": 4405.248516533127, "num_boost_round": 6.0, "subsample": 0.3760667589482042}, "datetime": {"datetime": "2024-01-20 16:23:35", "elapsed": 7172.591927, "delta": 0.006574}}
{"target": -15.168928412463247, "params": {"colsample_bytree": 0.5672176598204061, "eta": 0.015052590552864708, "gamma": 433.5010766215326, "max_depth": 7.0, "min_child_weight": 4405.248516533127, "num_boost_round": 7.0, "subsample": 0.3760667589482042}, "datetime": {"datetime": "2024-01-20 16:23:35", "elapsed": 7172.598855, "delta": 0.006928}}
{"target": -15.168162828648247, "params": {"colsample_bytree": 0.5672176598204061, "eta": 0.015052590552864708, "gamma": 433.5010766215326, "max_depth": 7.0, "min_child_weight": 4405.248516533127, "num_boost_round": 8.0, "subsample": 0.3760667589482042}, "datetime": {"datetime": "2024-01-20 16:23:35", "elapsed": 7172.605737, "delta": 0.006882}}
{"target": -15.16781014229759, "params": {"colsample_bytree": 0.5672176598204061, "eta": 0.015052590552864708, "gamma": 433.5010766215326, "max_depth": 7.0, "min_child_weight": 4405.248516533127, "num_boost_round": 9.0, "subsample": 0.3760667589482042}, "datetime": {"datetime": "2024-01-20 16:23:35", "elapsed": 7172.611912, "delta": 0.006175}}
{"target": -15.167373171975502, "params": {"colsample_bytree": 0.5672176598204061, "eta": 0.015052590552864708, "gamma": 433.5010766215326, "max_depth": 7.0, "min_child_weight": 4405.248516533127, "num_boost_round": 10.0, "subsample": 0.3760667589482042}, "datetime": {"datetime": "2024-01-20 16:23:35", "elapsed": 7172.618806, "delta": 0.006894}}
{"target": -15.167356043095422, "params": {"colsample_bytree": 0.5672176598204061, "eta": 0.015052590552864708, "gamma": 433.5010766215326, "max_depth": 7.0, "min_child_weight": 4405.248516533127, "num_boost_round": 11.0, "subsample": 0.3760667589482042}, "datetime": {"datetime": "2024-01-20 16:23:35", "elapsed": 7172.625815, "delta": 0.007009}}
{"target": -15.166815685039271, "params": {"colsample_bytree": 0.5672176598204061, "eta": 0.015052590552864708, "gamma": 433.5010766215326, "max_depth": 7.0, "min_child_weight": 4405.248516533127, "num_boost_round": 12.0, "subsample": 0.3760667589482042}, "datetime": {"datetime": "2024-01-20 16:23:35", "elapsed": 7172.63345, "delta": 0.007635}}
{"target": -15.166476287694575, "params": {"colsample_bytree": 0.5672176598204061, "eta": 0.015052590552864708, "gamma": 433.5010766215326, "max_depth": 7.0, "min_child_weight": 4405.248516533127, "num_boost_round": 13.0, "subsample": 0.3760667589482042}, "datetime": {"datetime": "2024-01-20 16:23:35", "elapsed": 7172.640676, "delta": 0.007226}}
{"target": -15.165904860549814, "params": {"colsample_bytree": 0.5672176598204061, "eta": 0.015052590552864708, "gamma": 433.5010766215326, "max_depth": 7.0, "min_child_weight": 4405.248516533127, "num_boost_round": 14.0, "subsample": 0.3760667589482042}, "datetime": {"datetime": "2024-01-20 16:23:35", "elapsed": 7172.648041, "delta": 0.007365}}
{"target": -15.16549237176298, "params": {"colsample_bytree": 0.5672176598204061, "eta": 0.015052590552864708, "gamma": 433.5010766215326, "max_depth": 7.0, "min_child_weight": 4405.248516533127, "num_boost_round": 15.0, "subsample": 0.3760667589482042}, "datetime": {"datetime": "2024-01-20 16:23:35", "elapsed": 7172.655267, "delta": 0.007226}}
{"target": -15.165207085867578, "params": {"colsample_bytree": 0.5672176598204061, "eta": 0.015052590552864708, "gamma": 433.5010766215326, "max_depth": 7.0, "min_child_weight": 4405.248516533127, "num_boost_round": 16.0, "subsample": 0.3760667589482042}, "datetime": {"datetime": "2024-01-20 16:23:35", "elapsed": 7172.66218, "delta": 0.006913}}
{"target": -15.164507606988808, "params": {"colsample_bytree": 0.5672176598204061, "eta": 0.015052590552864708, "gamma": 433.5010766215326, "max_depth": 7.0, "min_child_weight": 4405.248516533127, "num_boost_round": 17.0, "subsample": 0.3760667589482042}, "datetime": {"datetime": "2024-01-20 16:23:35", "elapsed": 7172.669204, "delta": 0.007024}}
{"target": -15.16433511344993, "params": {"colsample_bytree": 0.5672176598204061, "eta": 0.015052590552864708, "gamma": 433.5010766215326, "max_depth": 7.0, "min_child_weight": 4405.248516533127, "num_boost_round": 18.0, "subsample": 0.3760667589482042}, "datetime": {"datetime": "2024-01-20 16:23:35", "elapsed": 7172.675815, "delta": 0.006611}}
{"target": -15.163714712743293, "params": {"colsample_bytree": 0.5672176598204061, "eta": 0.015052590552864708, "gamma": 433.5010766215326, "max_depth": 7.0, "min_child_weight": 4405.248516533127, "num_boost_round": 19.0, "subsample": 0.3760667589482042}, "datetime": {"datetime": "2024-01-20 16:23:35", "elapsed": 7172.681901, "delta": 0.006086}}
{"target": -15.163413887830755, "params": {"colsample_bytree": 0.5672176598204061, "eta": 0.015052590552864708, "gamma": 433.5010766215326, "max_depth": 7.0, "min_child_weight": 4405.248516533127, "num_boost_round": 20.0, "subsample": 0.3760667589482042}, "datetime": {"datetime": "2024-01-20 16:23:35", "elapsed": 7172.687962, "delta": 0.006061}}
{"target": -15.162659047334762, "params": {"colsample_bytree": 0.5672176598204061, "eta": 0.015052590552864708, "gamma": 433.5010766215326, "max_depth": 7.0, "min_child_weight": 4405.248516533127, "num_boost_round": 21.0, "subsample": 0.3760667589482042}, "datetime": {"datetime": "2024-01-20 16:23:35", "elapsed": 7172.694, "delta": 0.006038}}
{"target": -15.162305680546753, "params": {"colsample_bytree": 0.5672176598204061, "eta": 0.015052590552864708, "gamma": 433.5010766215326, "max_depth": 7.0, "min_child_weight": 4405.248516533127, "num_boost_round": 22.0, "subsample": 0.3760667589482042}, "datetime": {"datetime": "2024-01-20 16:23:35", "elapsed": 7172.701073, "delta": 0.007073}}
{"target": -15.161476453075526, "params": {"colsample_bytree": 0.5672176598204061, "eta": 0.015052590552864708, "gamma": 433.5010766215326, "max_depth": 7.0, "min_child_weight": 4405.248516533127, "num_boost_round": 23.0, "subsample": 0.3760667589482042}, "datetime": {"datetime": "2024-01-20 16:23:35", "elapsed": 7172.707658, "delta": 0.006585}}
{"target": -15.160817868841587, "params": {"colsample_bytree": 0.5672176598204061, "eta": 0.015052590552864708, "gamma": 433.5010766215326, "max_depth": 7.0, "min_child_weight": 4405.248516533127, "num_boost_round": 24.0, "subsample": 0.3760667589482042}, "datetime": {"datetime": "2024-01-20 16:23:35", "elapsed": 7172.713982, "delta": 0.006324}}
{"target": -15.160518730554323, "params": {"colsample_bytree": 0.5672176598204061, "eta": 0.015052590552864708, "gamma": 433.5010766215326, "max_depth": 7.0, "min_child_weight": 4405.248516533127, "num_boost_round": 25.0, "subsample": 0.3760667589482042}, "datetime": {"datetime": "2024-01-20 16:23:35", "elapsed": 7172.720186, "delta": 0.006204}}
{"target": -15.160414187979942, "params": {"colsample_bytree": 0.5672176598204061, "eta": 0.015052590552864708, "gamma": 433.5010766215326, "max_depth": 7.0, "min_child_weight": 4405.248516533127, "num_boost_round": 26.0, "subsample": 0.3760667589482042}, "datetime": {"datetime": "2024-01-20 16:23:35", "elapsed": 7172.726283, "delta": 0.006097}}
{"target": -15.160076809169237, "params": {"colsample_bytree": 0.5672176598204061, "eta": 0.015052590552864708, "gamma": 433.5010766215326, "max_depth": 7.0, "min_child_weight": 4405.248516533127, "num_boost_round": 27.0, "subsample": 0.3760667589482042}, "datetime": {"datetime": "2024-01-20 16:23:35", "elapsed": 7172.73314, "delta": 0.006857}}
{"target": -15.159751465601822, "params": {"colsample_bytree": 0.5672176598204061, "eta": 0.015052590552864708, "gamma": 433.5010766215326, "max_depth": 7.0, "min_child_weight": 4405.248516533127, "num_boost_round": 28.0, "subsample": 0.3760667589482042}, "datetime": {"datetime": "2024-01-20 16:23:35", "elapsed": 7172.739792, "delta": 0.006652}}
{"target": -15.159294620280413, "params": {"colsample_bytree": 0.5672176598204061, "eta": 0.015052590552864708, "gamma": 433.5010766215326, "max_depth": 7.0, "min_child_weight": 4405.248516533127, "num_boost_round": 29.0, "subsample": 0.3760667589482042}, "datetime": {"datetime": "2024-01-20 16:23:35", "elapsed": 7172.746025, "delta": 0.006233}}
{"target": -15.158754975028899, "params": {"colsample_bytree": 0.5672176598204061, "eta": 0.015052590552864708, "gamma": 433.5010766215326, "max_depth": 7.0, "min_child_weight": 4405.248516533127, "num_boost_round": 30.0, "subsample": 0.3760667589482042}, "datetime": {"datetime": "2024-01-20 16:23:35", "elapsed": 7172.752214, "delta": 0.006189}}
{"target": -15.158470293204408, "params": {"colsample_bytree": 0.5672176598204061, "eta": 0.015052590552864708, "gamma": 433.5010766215326, "max_depth": 7.0, "min_child_weight": 4405.248516533127, "num_boost_round": 31.0, "subsample": 0.3760667589482042}, "datetime": {"datetime": "2024-01-20 16:23:35", "elapsed": 7172.759056, "delta": 0.006842}}
{"target": -15.158243572884189, "params": {"colsample_bytree": 0.5672176598204061, "eta": 0.015052590552864708, "gamma": 433.5010766215326, "max_depth": 7.0, "min_child_weight": 4405.248516533127, "num_boost_round": 32.0, "subsample": 0.3760667589482042}, "datetime": {"datetime": "2024-01-20 16:23:35", "elapsed": 7172.765557, "delta": 0.006501}}
{"target": -15.158189890621632, "params": {"colsample_bytree": 0.5672176598204061, "eta": 0.015052590552864708, "gamma": 433.5010766215326, "max_depth": 7.0, "min_child_weight": 4405.248516533127, "num_boost_round": 33.0, "subsample": 0.3760667589482042}, "datetime": {"datetime": "2024-01-20 16:23:35", "elapsed": 7172.77194, "delta": 0.006383}}
