{"target": -13.506406044379549, "params": {"colsample_bytree": 0.3646591706603064, "eta": 0.09456606927917846, "gamma": 521.5216159938035, "max_depth": 5.0, "min_child_weight": 4363.958055858137, "num_boost_round": 71.0, "subsample": 0.7948693468445714}, "datetime": {"datetime": "2024-01-20 15:01:35", "elapsed": 2248.598821, "delta": 0.004061}}
{"target": -13.506621237336798, "params": {"colsample_bytree": 0.3646591706603064, "eta": 0.09456606927917846, "gamma": 521.5216159938035, "max_depth": 5.0, "min_child_weight": 4363.958055858137, "num_boost_round": 72.0, "subsample": 0.7948693468445714}, "datetime": {"datetime": "2024-01-20 15:01:35", "elapsed": 2248.60234, "delta": 0.003519}}
{"target": -13.506909403793621, "params": {"colsample_bytree": 0.3646591706603064, "eta": 0.09456606927917846, "gamma": 521.5216159938035, "max_depth": 5.0, "min_child_weight": 4363.958055858137, "num_boost_round": 73.0, "subsample": 0.7948693468445714}, "datetime": {"datetime": "2024-01-20 15:01:35", "elapsed": 2248.605744, "delta": 0.003404}}
{"target": -13.506773826183377, "params": {"colsample_bytree": 0.3646591706603064, "eta": 0.09456606927917846, "gamma": 521.5216159938035, "max_depth": 5.0, "min_child_weight": 4363.958055858137, "num_boost_round": 74.0, "subsample": 0.7948693468445714}, "datetime": {"datetime": "2024-01-20 15:01:35", "elapsed": 2248.609248, "delta": 0.003504}}
{"target": -13.506791825776338, "params": {"colsample_bytree": 0.3646591706603064, "eta": 0.09456606927917846, "gamma": 521.5216159938035, "max_depth": 5.0, "min_child_weight": 4363.958055858137, "num_boost_round": 75.0, "subsample": 0.7948693468445714}, "datetime": {"datetime": "2024-01-20 15:01:35", "elapsed": 2248.612557, "delta": 0.003309}}
{"target": -13.506688087450453, "params": {"colsample_bytree": 0.3646591706603064, "eta": 0.09456606927917846, "gamma": 521.5216159938035, "max_depth": 5.0, "min_child_weight": 4363.958055858137, "num_boost_round": 76.0, "subsample": 0.7948693468445714}, "datetime": {"datetime": "2024-01-20 15:01:35", "elapsed": 2248.615883, "delta": 0.003326}}
{"target": -13.50685920840726, "params": {"colsample_bytree": 0.3646591706603064, "eta": 0.09456606927917846, "gamma": 521.5216159938035, "max_depth": 5.0, "min_child_weight": 4363.958055858137, "num_boost_round": 77.0, "subsample": 0.7948693468445714}, "datetime": {"datetime": "2024-01-20 15:01:35", "elapsed": 2248.619232, "delta": 0.003349}}
{"target": -13.50663358712088, "params": {"colsample_bytree": 0.3646591706603064, "eta": 0.09456606927917846, "gamma": 521.5216159938035, "max_depth": 5.0, "min_child_weight": 4363.958055858137, "num_boost_round": 78.0, "subsample": 0.7948693468445714}, "datetime": {"datetime": "2024-01-20 15:01:35", "elapsed": 2248.622633, "delta": 0.003401}}
{"target": -13.506750051421957, "params": {"colsample_bytree": 0.3646591706603064, "eta": 0.09456606927917846, "gamma": 521.5216159938035, "max_depth": 5.0, "min_child_weight": 4363.958055858137, "num_boost_round": 79.0, "subsample": 0.7948693468445714}, "datetime": {"datetime": "2024-01-20 15:01:35", "elapsed": 2248.626012, "delta": 0.003379}}
{"target": -13.506861747797235, "params": {"colsample_bytree": 0.3646591706603064, "eta": 0.09456606927917846, "gamma": 521.5216159938035, "max_depth": 5.0, "min_child_weight": 4363.958055858137, "num_boost_round": 80.0, "subsample": 0.7948693468445714}, "datetime": {"datetime": "2024-01-20 15:01:35", "elapsed": 2248.629401, "delta": 0.003389}}
{"target": -13.506945580618712, "params": {"colsample_bytree": 0.3646591706603064, "eta": 0.09456606927917846, "gamma": 521.5216159938035, "max_depth": 5.0, "min_child_weight": 4363.958055858137, "num_boost_round": 81.0, "subsample": 0.7948693468445714}, "datetime": {"datetime": "2024-01-20 15:01:35", "elapsed": 2248.632823, "delta": 0.003422}}
{"target": -13.506976869851147, "params": {"colsample_bytree": 0.3646591706603064, "eta": 0.09456606927917846, "gamma": 521.5216159938035, "max_depth": 5.0, "min_child_weight": 4363.958055858137, "num_boost_round": 82.0, "subsample": 0.7948693468445714}, "datetime": {"datetime": "2024-01-20 15:01:35", "elapsed": 2248.636175, "delta": 0.003352}}
{"target": -13.507218421540852, "params": {"colsample_bytree": 0.3646591706603064, "eta": 0.09456606927917846, "gamma": 521.5216159938035, "max_depth": 5.0, "min_child_weight": 4363.958055858137, "num_boost_round": 83.0, "subsample": 0.7948693468445714}, "datetime": {"datetime": "2024-01-20 15:01:35", "elapsed": 2248.639534, "delta": 0.003359}}
{"target": -13.50718927633068, "params": {"colsample_bytree": 0.3646591706603064, "eta": 0.09456606927917846, "gamma": 521.5216159938035, "max_depth": 5.0, "min_child_weight": 4363.958055858137, "num_boost_round": 84.0, "subsample": 0.7948693468445714}, "datetime": {"datetime": "2024-01-20 15:01:35", "elapsed": 2248.642918, "delta": 0.003384}}
{"target": -13.507308735514108, "params": {"colsample_bytree": 0.3646591706603064, "eta": 0.09456606927917846, "gamma": 521.5216159938035, "max_depth": 5.0, "min_child_weight": 4363.958055858137, "num_boost_round": 85.0, "subsample": 0.7948693468445714}, "datetime": {"datetime": "2024-01-20 15:01:35", "elapsed": 2248.646276, "delta": 0.003358}}
{"target": -13.507652147562066, "params": {"colsample_bytree": 0.3646591706603064, "eta": 0.09456606927917846, "gamma": 521.5216159938035, "max_depth": 5.0, "min_child_weight": 4363.958055858137, "num_boost_round": 86.0, "subsample": 0.7948693468445714}, "datetime": {"datetime": "2024-01-20 15:01:35", "elapsed": 2248.64972, "delta": 0.003444}}
{"target": -13.507891816713173, "params": {"colsample_bytree": 0.3646591706603064, "eta": 0.09456606927917846, "gamma": 521.5216159938035, "max_depth": 5.0, "min_child_weight": 4363.958055858137, "num_boost_round": 87.0, "subsample": 0.7948693468445714}, "datetime": {"datetime": "2024-01-20 15:01:35", "elapsed": 2248.65311, "delta": 0.00339}}
{"target": -13.508085013691733, "params": {"colsample_bytree": 0.3646591706603064, "eta": 0.09456606927917846, "gamma": 521.5216159938035, "max_depth": 5.0, "min_child_weight": 4363.958055858137, "num_boost_round": 88.0, "subsample": 0.7948693468445714}, "datetime": {"datetime": "2024-01-20 15:01:35", "elapsed": 2248.656965, "delta": 0.003855}}
{"target": -13.508061048293252, "params": {"colsample_bytree": 0.3646591706603064, "eta": 0.09456606927917846, "gamma": 521.5216159938035, "max_depth": 5.0, "min_child_weight": 4363.958055858137, "num_boost_round": 89.0, "subsample": 0.7948693468445714}, "datetime": {"datetime": "2024-01-20 15:01:35", "elapsed": 2248.661268, "delta": 0.004303}}
{"target": -13.50812951311758, "params": {"colsample_bytree": 0.3646591706603064, "eta": 0.09456606927917846, "gamma": 521.5216159938035, "max_depth": 5.0, "min_child_weight": 4363.958055858137, "num_boost_round": 90.0, "subsample": 0.7948693468445714}, "datetime": {"datetime": "2024-01-20 15:01:35", "elapsed": 2248.665857, "delta": 0.004589}}
{"target": -13.5080669695421, "params": {"colsample_bytree": 0.3646591706603064, "eta": 0.09456606927917846, "gamma": 521.5216159938035, "max_depth": 5.0, "min_child_weight": 4363.958055858137, "num_boost_round": 91.0, "subsample": 0.7948693468445714}, "datetime": {"datetime": "2024-01-20 15:01:35", "elapsed": 2248.669704, "delta": 0.003847}}
{"target": -13.508149560104682, "params": {"colsample_bytree": 0.3646591706603064, "eta": 0.09456606927917846, "gamma": 521.5216159938035, "max_depth": 5.0, "min_child_weight": 4363.958055858137, "num_boost_round": 92.0, "subsample": 0.7948693468445714}, "datetime": {"datetime": "2024-01-20 15:01:35", "elapsed": 2248.673309, "delta": 0.003605}}
{"target": -13.508435742216903, "params": {"colsample_bytree": 0.3646591706603064, "eta": 0.09456606927917846, "gamma": 521.5216159938035, "max_depth": 5.0, "min_child_weight": 4363.958055858137, "num_boost_round": 93.0, "subsample": 0.7948693468445714}, "datetime": {"datetime": "2024-01-20 15:01:35", "elapsed": 2248.676764, "delta": 0.003455}}
{"target": -13.508542649202582, "params": {"colsample_bytree": 0.3646591706603064, "eta": 0.09456606927917846, "gamma": 521.5216159938035, "max_depth": 5.0, "min_child_weight": 4363.958055858137, "num_boost_round": 94.0, "subsample": 0.7948693468445714}, "datetime": {"datetime": "2024-01-20 15:01:35", "elapsed": 2248.680154, "delta": 0.00339}}
{"target": -13.508630499290511, "params": {"colsample_bytree": 0.3646591706603064, "eta": 0.09456606927917846, "gamma": 521.5216159938035, "max_depth": 5.0, "min_child_weight": 4363.958055858137, "num_boost_round": 95.0, "subsample": 0.7948693468445714}, "datetime": {"datetime": "2024-01-20 15:01:35", "elapsed": 2248.684421, "delta": 0.004267}}
{"target": -13.509050674152707, "params": {"colsample_bytree": 0.3646591706603064, "eta": 0.09456606927917846, "gamma": 521.5216159938035, "max_depth": 5.0, "min_child_weight": 4363.958055858137, "num_boost_round": 96.0, "subsample": 0.7948693468445714}, "datetime": {"datetime": "2024-01-20 15:01:35", "elapsed": 2248.687884, "delta": 0.003463}}
{"target": -13.509312912814526, "params": {"colsample_bytree": 0.3646591706603064, "eta": 0.09456606927917846, "gamma": 521.5216159938035, "max_depth": 5.0, "min_child_weight": 4363.958055858137, "num_boost_round": 97.0, "subsample": 0.7948693468445714}, "datetime": {"datetime": "2024-01-20 15:01:35", "elapsed": 2248.691357, "delta": 0.003473}}
{"target": -13.509229668482163, "params": {"colsample_bytree": 0.3646591706603064, "eta": 0.09456606927917846, "gamma": 521.5216159938035, "max_depth": 5.0, "min_child_weight": 4363.958055858137, "num_boost_round": 98.0, "subsample": 0.7948693468445714}, "datetime": {"datetime": "2024-01-20 15:01:35", "elapsed": 2248.694812, "delta": 0.003455}}
{"target": -13.509600228543079, "params": {"colsample_bytree": 0.3646591706603064, "eta": 0.09456606927917846, "gamma": 521.5216159938035, "max_depth": 5.0, "min_child_weight": 4363.958055858137, "num_boost_round": 99.0, "subsample": 0.7948693468445714}, "datetime": {"datetime": "2024-01-20 15:01:35", "elapsed": 2248.698172, "delta": 0.00336}}
{"target": -13.50997537554405, "params": {"colsample_bytree": 0.3646591706603064, "eta": 0.09456606927917846, "gamma": 521.5216159938035, "max_depth": 5.0, "min_child_weight": 4363.958055858137, "num_boost_round": 100.0, "subsample": 0.7948693468445714}, "datetime": {"datetime": "2024-01-20 15:01:35", "elapsed": 2248.701537, "delta": 0.003365}}
{"target": -13.510173000615538, "params": {"colsample_bytree": 0.3646591706603064, "eta": 0.09456606927917846, "gamma": 521.5216159938035, "max_depth": 5.0, "min_child_weight": 4363.958055858137, "num_boost_round": 101.0, "subsample": 0.7948693468445714}, "datetime": {"datetime": "2024-01-20 15:01:35", "elapsed": 2248.704957, "delta": 0.00342}}
{"target": -13.510176438683036, "params": {"colsample_bytree": 0.3646591706603064, "eta": 0.09456606927917846, "gamma": 521.5216159938035, "max_depth": 5.0, "min_child_weight": 4363.958055858137, "num_boost_round": 102.0, "subsample": 0.7948693468445714}, "datetime": {"datetime": "2024-01-20 15:01:35", "elapsed": 2248.708373, "delta": 0.003416}}
{"target": -13.510246870264915, "params": {"colsample_bytree": 0.3646591706603064, "eta": 0.09456606927917846, "gamma": 521.5216159938035, "max_depth": 5.0, "min_child_weight": 4363.958055858137, "num_boost_round": 103.0, "subsample": 0.7948693468445714}, "datetime": {"datetime": "2024-01-20 15:01:35", "elapsed": 2248.711731, "delta": 0.003358}}
{"target": -13.510214849288346, "params": {"colsample_bytree": 0.3646591706603064, "eta": 0.09456606927917846, "gamma": 521.5216159938035, "max_depth": 5.0, "min_child_weight": 4363.958055858137, "num_boost_round": 104.0, "subsample": 0.7948693468445714}, "datetime": {"datetime": "2024-01-20 15:01:35", "elapsed": 2248.715139, "delta": 0.003408}}
{"target": -13.51014984051693, "params": {"colsample_bytree": 0.3646591706603064, "eta": 0.09456606927917846, "gamma": 521.5216159938035, "max_depth": 5.0, "min_child_weight": 4363.958055858137, "num_boost_round": 105.0, "subsample": 0.7948693468445714}, "datetime": {"datetime": "2024-01-20 15:01:35", "elapsed": 2248.718563, "delta": 0.003424}}
{"target": -13.510143472147512, "params": {"colsample_bytree": 0.3646591706603064, "eta": 0.09456606927917846, "gamma": 521.5216159938035, "max_depth": 5.0, "min_child_weight": 4363.958055858137, "num_boost_round": 106.0, "subsample": 0.7948693468445714}, "datetime": {"datetime": "2024-01-20 15:01:35", "elapsed": 2248.721982, "delta": 0.003419}}
{"target": -13.510237713304317, "params": {"colsample_bytree": 0.3646591706603064, "eta": 0.09456606927917846, "gamma": 521.5216159938035, "max_depth": 5.0, "min_child_weight": 4363.958055858137, "num_boost_round": 107.0, "subsample": 0.7948693468445714}, "datetime": {"datetime": "2024-01-20 15:01:35", "elapsed": 2248.725375, "delta": 0.003393}}
{"target": -13.510267799273207, "params": {"colsample_bytree": 0.3646591706603064, "eta": 0.09456606927917846, "gamma": 521.5216159938035, "max_depth": 5.0, "min_child_weight": 4363.958055858137, "num_boost_round": 108.0, "subsample": 0.7948693468445714}, "datetime": {"datetime": "2024-01-20 15:01:35", "elapsed": 2248.728734, "delta": 0.003359}}
{"target": -13.5105875638333, "params": {"colsample_bytree": 0.3646591706603064, "eta": 0.09456606927917846, "gamma": 521.5216159938035, "max_depth": 5.0, "min_child_weight": 4363.958055858137, "num_boost_round": 109.0, "subsample": 0.7948693468445714}, "datetime": {"datetime": "2024-01-20 15:01:35", "elapsed": 2248.732134, "delta": 0.0034}}
{"target": -13.51093961449319, "params": {"colsample_bytree": 0.3646591706603064, "eta": 0.09456606927917846, "gamma": 521.5216159938035, "max_depth": 5.0, "min_child_weight": 4363.958055858137, "num_boost_round": 110.0, "subsample": 0.7948693468445714}, "datetime": {"datetime": "2024-01-20 15:01:35", "elapsed": 2248.7356, "delta": 0.003466}}
{"target": -13.511111033657908, "params": {"colsample_bytree": 0.3646591706603064, "eta": 0.09456606927917846, "gamma": 521.5216159938035, "max_depth": 5.0, "min_child_weight": 4363.958055858137, "num_boost_round": 111.0, "subsample": 0.7948693468445714}, "datetime": {"datetime": "2024-01-20 15:01:35", "elapsed": 2248.738969, "delta": 0.003369}}
{"target": -13.511047914718155, "params": {"colsample_bytree": 0.3646591706603064, "eta": 0.09456606927917846, "gamma": 521.5216159938035, "max_depth": 5.0, "min_child_weight": 4363.958055858137, "num_boost_round": 112.0, "subsample": 0.7948693468445714}, "datetime": {"datetime": "2024-01-20 15:01:35", "elapsed": 2248.742363, "delta": 0.003394}}
{"target": -13.511141862831316, "params": {"colsample_bytree": 0.3646591706603064, "eta": 0.09456606927917846, "gamma": 521.5216159938035, "max_depth": 5.0, "min_child_weight": 4363.958055858137, "num_boost_round": 113.0, "subsample": 0.7948693468445714}, "datetime": {"datetime": "2024-01-20 15:01:35", "elapsed": 2248.745747, "delta": 0.003384}}
{"target": -13.511317227099335, "params": {"colsample_bytree": 0.3646591706603064, "eta": 0.09456606927917846, "gamma": 521.5216159938035, "max_depth": 5.0, "min_child_weight": 4363.958055858137, "num_boost_round": 114.0, "subsample": 0.7948693468445714}, "datetime": {"datetime": "2024-01-20 15:01:35", "elapsed": 2248.749128, "delta": 0.003381}}
{"target": -13.511486566711593, "params": {"colsample_bytree": 0.3646591706603064, "eta": 0.09456606927917846, "gamma": 521.5216159938035, "max_depth": 5.0, "min_child_weight": 4363.958055858137, "num_boost_round": 115.0, "subsample": 0.7948693468445714}, "datetime": {"datetime": "2024-01-20 15:01:35", "elapsed": 2248.752528, "delta": 0.0034}}
{"target": -13.511539859943962, "params": {"colsample_bytree": 0.3646591706603064, "eta": 0.09456606927917846, "gamma": 521.5216159938035, "max_depth": 5.0, "min_child_weight": 4363.958055858137, "num_boost_round": 116.0, "subsample": 0.7948693468445714}, "datetime": {"datetime": "2024-01-20 15:01:35", "elapsed": 2248.755921, "delta": 0.003393}}
{"target": -13.511559368035375, "params": {"colsample_bytree": 0.3646591706603064, "eta": 0.09456606927917846, "gamma": 521.5216159938035, "max_depth": 5.0, "min_child_weight": 4363.958055858137, "num_boost_round": 117.0, "subsample": 0.7948693468445714}, "datetime": {"datetime": "2024-01-20 15:01:35", "elapsed": 2248.759363, "delta": 0.003442}}
{"target": -13.511663434209678, "params": {"colsample_bytree": 0.3646591706603064, "eta": 0.09456606927917846, "gamma": 521.5216159938035, "max_depth": 5.0, "min_child_weight": 4363.958055858137, "num_boost_round": 118.0, "subsample": 0.7948693468445714}, "datetime": {"datetime": "2024-01-20 15:01:35", "elapsed": 2248.762732, "delta": 0.003369}}
{"target": -13.51183143986962, "params": {"colsample_bytree": 0.3646591706603064, "eta": 0.09456606927917846, "gamma": 521.5216159938035, "max_depth": 5.0, "min_child_weight": 4363.958055858137, "num_boost_round": 119.0, "subsample": 0.7948693468445714}, "datetime": {"datetime": "2024-01-20 15:01:35", "elapsed": 2248.766123, "delta": 0.003391}}
{"target": -13.511734265366947, "params": {"colsample_bytree": 0.3646591706603064, "eta": 0.09456606927917846, "gamma": 521.5216159938035, "max_depth": 5.0, "min_child_weight": 4363.958055858137, "num_boost_round": 120.0, "subsample": 0.7948693468445714}, "datetime": {"datetime": "2024-01-20 15:01:35", "elapsed": 2248.769525, "delta": 0.003402}}
{"target": -13.51174989654714, "params": {"colsample_bytree": 0.3646591706603064, "eta": 0.09456606927917846, "gamma": 521.5216159938035, "max_depth": 5.0, "min_child_weight": 4363.958055858137, "num_boost_round": 121.0, "subsample": 0.7948693468445714}, "datetime": {"datetime": "2024-01-20 15:01:35", "elapsed": 2248.772902, "delta": 0.003377}}
{"target": -13.511780656102545, "params": {"colsample_bytree": 0.3646591706603064, "eta": 0.09456606927917846, "gamma": 521.5216159938035, "max_depth": 5.0, "min_child_weight": 4363.958055858137, "num_boost_round": 122.0, "subsample": 0.7948693468445714}, "datetime": {"datetime": "2024-01-20 15:01:35", "elapsed": 2248.777047, "delta": 0.004145}}
{"target": -13.511864250703473, "params": {"colsample_bytree": 0.3646591706603064, "eta": 0.09456606927917846, "gamma": 521.5216159938035, "max_depth": 5.0, "min_child_weight": 4363.958055858137, "num_boost_round": 123.0, "subsample": 0.7948693468445714}, "datetime": {"datetime": "2024-01-20 15:01:35", "elapsed": 2248.780617, "delta": 0.00357}}
{"target": -13.51214489793517, "params": {"colsample_bytree": 0.3646591706603064, "eta": 0.09456606927917846, "gamma": 521.5216159938035, "max_depth": 5.0, "min_child_weight": 4363.958055858137, "num_boost_round": 124.0, "subsample": 0.7948693468445714}, "datetime": {"datetime": "2024-01-20 15:01:35", "elapsed": 2248.784102, "delta": 0.003485}}
{"target": -13.512288374314974, "params": {"colsample_bytree": 0.3646591706603064, "eta": 0.09456606927917846, "gamma": 521.5216159938035, "max_depth": 5.0, "min_child_weight": 4363.958055858137, "num_boost_round": 125.0, "subsample": 0.7948693468445714}, "datetime": {"datetime": "2024-01-20 15:01:35", "elapsed": 2248.787586, "delta": 0.003484}}
{"target": -13.49690711305546, "params": {"colsample_bytree": 0.8571597805303479, "eta": 0.06390346336295169, "gamma": 746.3874142756148, "max_depth": 6.0, "min_child_weight": 4412.418004479166, "num_boost_round": 1.0, "subsample": 0.42624582446451165}, "datetime": {"datetime": "2024-01-20 15:03:33", "elapsed": 2367.382375, "delta": 118.594789}}
{"target": -13.496418496675073, "params": {"colsample_bytree": 0.8571597805303479, "eta": 0.06390346336295169, "gamma": 746.3874142756148, "max_depth": 6.0, "min_child_weight": 4412.418004479166, "num_boost_round": 2.0, "subsample": 0.42624582446451165}, "datetime": {"datetime": "2024-01-20 15:03:33", "elapsed": 2367.387505, "delta": 0.00513}}
{"target": -13.496123550173007, "params": {"colsample_bytree": 0.8571597805303479, "eta": 0.06390346336295169, "gamma": 746.3874142756148, "max_depth": 6.0, "min_child_weight": 4412.418004479166, "num_boost_round": 3.0, "subsample": 0.42624582446451165}, "datetime": {"datetime": "2024-01-20 15:03:33", "elapsed": 2367.391028, "delta": 0.003523}}
{"target": -13.495794943057135, "params": {"colsample_bytree": 0.8571597805303479, "eta": 0.06390346336295169, "gamma": 746.3874142756148, "max_depth": 6.0, "min_child_weight": 4412.418004479166, "num_boost_round": 4.0, "subsample": 0.42624582446451165}, "datetime": {"datetime": "2024-01-20 15:03:33", "elapsed": 2367.394629, "delta": 0.003601}}
{"target": -13.49554328543536, "params": {"colsample_bytree": 0.8571597805303479, "eta": 0.06390346336295169, "gamma": 746.3874142756148, "max_depth": 6.0, "min_child_weight": 4412.418004479166, "num_boost_round": 5.0, "subsample": 0.42624582446451165}, "datetime": {"datetime": "2024-01-20 15:03:33", "elapsed": 2367.398197, "delta": 0.003568}}
{"target": -13.495474750115644, "params": {"colsample_bytree": 0.8571597805303479, "eta": 0.06390346336295169, "gamma": 746.3874142756148, "max_depth": 6.0, "min_child_weight": 4412.418004479166, "num_boost_round": 6.0, "subsample": 0.42624582446451165}, "datetime": {"datetime": "2024-01-20 15:03:33", "elapsed": 2367.401676, "delta": 0.003479}}
{"target": -13.495406031420236, "params": {"colsample_bytree": 0.8571597805303479, "eta": 0.06390346336295169, "gamma": 746.3874142756148, "max_depth": 6.0, "min_child_weight": 4412.418004479166, "num_boost_round": 7.0, "subsample": 0.42624582446451165}, "datetime": {"datetime": "2024-01-20 15:03:33", "elapsed": 2367.405244, "delta": 0.003568}}
{"target": -13.495237326324872, "params": {"colsample_bytree": 0.8571597805303479, "eta": 0.06390346336295169, "gamma": 746.3874142756148, "max_depth": 6.0, "min_child_weight": 4412.418004479166, "num_boost_round": 8.0, "subsample": 0.42624582446451165}, "datetime": {"datetime": "2024-01-20 15:03:33", "elapsed": 2367.408739, "delta": 0.003495}}
