{"target": -15.159127948928742, "params": {"colsample_bytree": 0.4868563681142586, "eta": 0.03521988429049058, "gamma": 484.9174190721667, "max_depth": 9.0, "min_child_weight": 4374.501388450489, "num_boost_round": 19.0, "subsample": 0.6616909898634091}, "datetime": {"datetime": "2024-01-20 14:32:41", "elapsed": 519.414546, "delta": 0.001004}}
{"target": -15.158681961821735, "params": {"colsample_bytree": 0.4868563681142586, "eta": 0.03521988429049058, "gamma": 484.9174190721667, "max_depth": 9.0, "min_child_weight": 4374.501388450489, "num_boost_round": 20.0, "subsample": 0.6616909898634091}, "datetime": {"datetime": "2024-01-20 14:32:41", "elapsed": 519.415545, "delta": 0.000999}}
{"target": -15.15803086697293, "params": {"colsample_bytree": 0.4868563681142586, "eta": 0.03521988429049058, "gamma": 484.9174190721667, "max_depth": 9.0, "min_child_weight": 4374.501388450489, "num_boost_round": 21.0, "subsample": 0.6616909898634091}, "datetime": {"datetime": "2024-01-20 14:32:41", "elapsed": 519.416559, "delta": 0.001014}}
{"target": -15.15815022897306, "params": {"colsample_bytree": 0.4868563681142586, "eta": 0.03521988429049058, "gamma": 484.9174190721667, "max_depth": 9.0, "min_child_weight": 4374.501388450489, "num_boost_round": 22.0, "subsample": 0.6616909898634091}, "datetime": {"datetime": "2024-01-20 14:32:41", "elapsed": 519.417571, "delta": 0.001012}}
{"target": -15.15709553564246, "params": {"colsample_bytree": 0.4868563681142586, "eta": 0.03521988429049058, "gamma": 484.9174190721667, "max_depth": 9.0, "min_child_weight": 4374.501388450489, "num_boost_round": 23.0, "subsample": 0.6616909898634091}, "datetime": {"datetime": "2024-01-20 14:32:41", "elapsed": 519.418583, "delta": 0.001012}}
{"target": -15.156878637852802, "params": {"colsample_bytree": 0.4868563681142586, "eta": 0.03521988429049058, "gamma": 484.9174190721667, "max_depth": 9.0, "min_child_weight": 4374.501388450489, "num_boost_round": 24.0, "subsample": 0.6616909898634091}, "datetime": {"datetime": "2024-01-20 14:32:41", "elapsed": 519.419625, "delta": 0.001042}}
{"target": -15.156871259701017, "params": {"colsample_bytree": 0.4868563681142586, "eta": 0.03521988429049058, "gamma": 484.9174190721667, "max_depth": 9.0, "min_child_weight": 4374.501388450489, "num_boost_round": 25.0, "subsample": 0.6616909898634091}, "datetime": {"datetime": "2024-01-20 14:32:41", "elapsed": 519.42088, "delta": 0.001255}}
{"target": -15.15704361962728, "params": {"colsample_bytree": 0.4868563681142586, "eta": 0.03521988429049058, "gamma": 484.9174190721667, "max_depth": 9.0, "min_child_weight": 4374.501388450489, "num_boost_round": 26.0, "subsample": 0.6616909898634091}, "datetime": {"datetime": "2024-01-20 14:32:41", "elapsed": 519.422003, "delta": 0.001123}}
{"target": -15.156610530114591, "params": {"colsample_bytree": 0.4868563681142586, "eta": 0.03521988429049058, "gamma": 484.9174190721667, "max_depth": 9.0, "min_child_weight": 4374.501388450489, "num_boost_round": 27.0, "subsample": 0.6616909898634091}, "datetime": {"datetime": "2024-01-20 14:32:41", "elapsed": 519.423124, "delta": 0.001121}}
{"target": -15.156363373164886, "params": {"colsample_bytree": 0.4868563681142586, "eta": 0.03521988429049058, "gamma": 484.9174190721667, "max_depth": 9.0, "min_child_weight": 4374.501388450489, "num_boost_round": 28.0, "subsample": 0.6616909898634091}, "datetime": {"datetime": "2024-01-20 14:32:41", "elapsed": 519.424145, "delta": 0.001021}}
{"target": -15.155654794484768, "params": {"colsample_bytree": 0.4868563681142586, "eta": 0.03521988429049058, "gamma": 484.9174190721667, "max_depth": 9.0, "min_child_weight": 4374.501388450489, "num_boost_round": 29.0, "subsample": 0.6616909898634091}, "datetime": {"datetime": "2024-01-20 14:32:41", "elapsed": 519.42518, "delta": 0.001035}}
{"target": -15.155892835235473, "params": {"colsample_bytree": 0.4868563681142586, "eta": 0.03521988429049058, "gamma": 484.9174190721667, "max_depth": 9.0, "min_child_weight": 4374.501388450489, "num_boost_round": 30.0, "subsample": 0.6616909898634091}, "datetime": {"datetime": "2024-01-20 14:32:41", "elapsed": 519.426216, "delta": 0.001036}}
{"target": -15.155599855568756, "params": {"colsample_bytree": 0.4868563681142586, "eta": 0.03521988429049058, "gamma": 484.9174190721667, "max_depth": 9.0, "min_child_weight": 4374.501388450489, "num_boost_round": 31.0, "subsample": 0.6616909898634091}, "datetime": {"datetime": "2024-01-20 14:32:41", "elapsed": 519.427325, "delta": 0.001109}}
{"target": -15.155613177792892, "params": {"colsample_bytree": 0.4868563681142586, "eta": 0.03521988429049058, "gamma": 484.9174190721667, "max_depth": 9.0, "min_child_weight": 4374.501388450489, "num_boost_round": 32.0, "subsample": 0.6616909898634091}, "datetime": {"datetime": "2024-01-20 14:32:41", "elapsed": 519.428404, "delta": 0.001079}}
{"target": -15.15562256735684, "params": {"colsample_bytree": 0.4868563681142586, "eta": 0.03521988429049058, "gamma": 484.9174190721667, "max_depth": 9.0, "min_child_weight": 4374.501388450489, "num_boost_round": 33.0, "subsample": 0.6616909898634091}, "datetime": {"datetime": "2024-01-20 14:32:41", "elapsed": 519.429483, "delta": 0.001079}}
{"target": -15.155736548809074, "params": {"colsample_bytree": 0.4868563681142586, "eta": 0.03521988429049058, "gamma": 484.9174190721667, "max_depth": 9.0, "min_child_weight": 4374.501388450489, "num_boost_round": 34.0, "subsample": 0.6616909898634091}, "datetime": {"datetime": "2024-01-20 14:32:41", "elapsed": 519.430554, "delta": 0.001071}}
{"target": -15.155897042210448, "params": {"colsample_bytree": 0.4868563681142586, "eta": 0.03521988429049058, "gamma": 484.9174190721667, "max_depth": 9.0, "min_child_weight": 4374.501388450489, "num_boost_round": 35.0, "subsample": 0.6616909898634091}, "datetime": {"datetime": "2024-01-20 14:32:41", "elapsed": 519.431632, "delta": 0.001078}}
{"target": -15.155782275527077, "params": {"colsample_bytree": 0.4868563681142586, "eta": 0.03521988429049058, "gamma": 484.9174190721667, "max_depth": 9.0, "min_child_weight": 4374.501388450489, "num_boost_round": 36.0, "subsample": 0.6616909898634091}, "datetime": {"datetime": "2024-01-20 14:32:41", "elapsed": 519.432728, "delta": 0.001096}}
{"target": -15.155871875713995, "params": {"colsample_bytree": 0.4868563681142586, "eta": 0.03521988429049058, "gamma": 484.9174190721667, "max_depth": 9.0, "min_child_weight": 4374.501388450489, "num_boost_round": 37.0, "subsample": 0.6616909898634091}, "datetime": {"datetime": "2024-01-20 14:32:41", "elapsed": 519.43383, "delta": 0.001102}}
{"target": -15.172596362971857, "params": {"colsample_bytree": 0.4321600519309361, "eta": 0.012907541997738418, "gamma": 489.202269976915, "max_depth": 5.0, "min_child_weight": 4343.469825566115, "num_boost_round": 1.0, "subsample": 0.5307055390913803}, "datetime": {"datetime": "2024-01-20 14:33:15", "elapsed": 552.929075, "delta": 33.495245}}
{"target": -15.172117968713929, "params": {"colsample_bytree": 0.4321600519309361, "eta": 0.012907541997738418, "gamma": 489.202269976915, "max_depth": 5.0, "min_child_weight": 4343.469825566115, "num_boost_round": 2.0, "subsample": 0.5307055390913803}, "datetime": {"datetime": "2024-01-20 14:33:15", "elapsed": 552.93088, "delta": 0.001805}}
{"target": -15.171636228909833, "params": {"colsample_bytree": 0.4321600519309361, "eta": 0.012907541997738418, "gamma": 489.202269976915, "max_depth": 5.0, "min_child_weight": 4343.469825566115, "num_boost_round": 3.0, "subsample": 0.5307055390913803}, "datetime": {"datetime": "2024-01-20 14:33:15", "elapsed": 552.932, "delta": 0.00112}}
{"target": -15.171581144607483, "params": {"colsample_bytree": 0.4321600519309361, "eta": 0.012907541997738418, "gamma": 489.202269976915, "max_depth": 5.0, "min_child_weight": 4343.469825566115, "num_boost_round": 4.0, "subsample": 0.5307055390913803}, "datetime": {"datetime": "2024-01-20 14:33:15", "elapsed": 552.93312, "delta": 0.00112}}
{"target": -15.17078531072882, "params": {"colsample_bytree": 0.4321600519309361, "eta": 0.012907541997738418, "gamma": 489.202269976915, "max_depth": 5.0, "min_child_weight": 4343.469825566115, "num_boost_round": 5.0, "subsample": 0.5307055390913803}, "datetime": {"datetime": "2024-01-20 14:33:15", "elapsed": 552.93435, "delta": 0.00123}}
{"target": -15.170295130449418, "params": {"colsample_bytree": 0.4321600519309361, "eta": 0.012907541997738418, "gamma": 489.202269976915, "max_depth": 5.0, "min_child_weight": 4343.469825566115, "num_boost_round": 6.0, "subsample": 0.5307055390913803}, "datetime": {"datetime": "2024-01-20 14:33:15", "elapsed": 552.935436, "delta": 0.001086}}
{"target": -15.169908018949396, "params": {"colsample_bytree": 0.4321600519309361, "eta": 0.012907541997738418, "gamma": 489.202269976915, "max_depth": 5.0, "min_child_weight": 4343.469825566115, "num_boost_round": 7.0, "subsample": 0.5307055390913803}, "datetime": {"datetime": "2024-01-20 14:33:15", "elapsed": 552.936533, "delta": 0.001097}}
{"target": -15.169316720769807, "params": {"colsample_bytree": 0.4321600519309361, "eta": 0.012907541997738418, "gamma": 489.202269976915, "max_depth": 5.0, "min_child_weight": 4343.469825566115, "num_boost_round": 8.0, "subsample": 0.5307055390913803}, "datetime": {"datetime": "2024-01-20 14:33:15", "elapsed": 552.937652, "delta": 0.001119}}
{"target": -15.16894308799492, "params": {"colsample_bytree": 0.4321600519309361, "eta": 0.012907541997738418, "gamma": 489.202269976915, "max_depth": 5.0, "min_child_weight": 4343.469825566115, "num_boost_round": 9.0, "subsample": 0.5307055390913803}, "datetime": {"datetime": "2024-01-20 14:33:15", "elapsed": 552.938734, "delta": 0.001082}}
{"target": -15.168567058605802, "params": {"colsample_bytree": 0.4321600519309361, "eta": 0.012907541997738418, "gamma": 489.202269976915, "max_depth": 5.0, "min_child_weight": 4343.469825566115, "num_boost_round": 10.0, "subsample": 0.5307055390913803}, "datetime": {"datetime": "2024-01-20 14:33:15", "elapsed": 552.940195, "delta": 0.001461}}
{"target": -15.168549668765175, "params": {"colsample_bytree": 0.4321600519309361, "eta": 0.012907541997738418, "gamma": 489.202269976915, "max_depth": 5.0, "min_child_weight": 4343.469825566115, "num_boost_round": 11.0, "subsample": 0.5307055390913803}, "datetime": {"datetime": "2024-01-20 14:33:15", "elapsed": 552.941444, "delta": 0.001249}}
{"target": -15.168550211355218, "params": {"colsample_bytree": 0.4321600519309361, "eta": 0.012907541997738418, "gamma": 489.202269976915, "max_depth": 5.0, "min_child_weight": 4343.469825566115, "num_boost_round": 12.0, "subsample": 0.5307055390913803}, "datetime": {"datetime": "2024-01-20 14:33:15", "elapsed": 552.942753, "delta": 0.001309}}
{"target": -15.168203833534276, "params": {"colsample_bytree": 0.4321600519309361, "eta": 0.012907541997738418, "gamma": 489.202269976915, "max_depth": 5.0, "min_child_weight": 4343.469825566115, "num_boost_round": 13.0, "subsample": 0.5307055390913803}, "datetime": {"datetime": "2024-01-20 14:33:15", "elapsed": 552.943932, "delta": 0.001179}}
{"target": -15.167837583692608, "params": {"colsample_bytree": 0.4321600519309361, "eta": 0.012907541997738418, "gamma": 489.202269976915, "max_depth": 5.0, "min_child_weight": 4343.469825566115, "num_boost_round": 14.0, "subsample": 0.5307055390913803}, "datetime": {"datetime": "2024-01-20 14:33:15", "elapsed": 552.945082, "delta": 0.00115}}
{"target": -15.167440193123483, "params": {"colsample_bytree": 0.4321600519309361, "eta": 0.012907541997738418, "gamma": 489.202269976915, "max_depth": 5.0, "min_child_weight": 4343.469825566115, "num_boost_round": 15.0, "subsample": 0.5307055390913803}, "datetime": {"datetime": "2024-01-20 14:33:15", "elapsed": 552.94617, "delta": 0.001088}}
{"target": -15.167285140447806, "params": {"colsample_bytree": 0.4321600519309361, "eta": 0.012907541997738418, "gamma": 489.202269976915, "max_depth": 5.0, "min_child_weight": 4343.469825566115, "num_boost_round": 16.0, "subsample": 0.5307055390913803}, "datetime": {"datetime": "2024-01-20 14:33:15", "elapsed": 552.947268, "delta": 0.001098}}
{"target": -15.166617966666738, "params": {"colsample_bytree": 0.4321600519309361, "eta": 0.012907541997738418, "gamma": 489.202269976915, "max_depth": 5.0, "min_child_weight": 4343.469825566115, "num_boost_round": 17.0, "subsample": 0.5307055390913803}, "datetime": {"datetime": "2024-01-20 14:33:15", "elapsed": 552.948357, "delta": 0.001089}}
{"target": -15.16657167075802, "params": {"colsample_bytree": 0.4321600519309361, "eta": 0.012907541997738418, "gamma": 489.202269976915, "max_depth": 5.0, "min_child_weight": 4343.469825566115, "num_boost_round": 18.0, "subsample": 0.5307055390913803}, "datetime": {"datetime": "2024-01-20 14:33:15", "elapsed": 552.949452, "delta": 0.001095}}
{"target": -15.166262072757867, "params": {"colsample_bytree": 0.4321600519309361, "eta": 0.012907541997738418, "gamma": 489.202269976915, "max_depth": 5.0, "min_child_weight": 4343.469825566115, "num_boost_round": 19.0, "subsample": 0.5307055390913803}, "datetime": {"datetime": "2024-01-20 14:33:15", "elapsed": 552.950655, "delta": 0.001203}}
{"target": -15.165938093705279, "params": {"colsample_bytree": 0.4321600519309361, "eta": 0.012907541997738418, "gamma": 489.202269976915, "max_depth": 5.0, "min_child_weight": 4343.469825566115, "num_boost_round": 20.0, "subsample": 0.5307055390913803}, "datetime": {"datetime": "2024-01-20 14:33:15", "elapsed": 552.951742, "delta": 0.001087}}
{"target": -15.165661271969558, "params": {"colsample_bytree": 0.4321600519309361, "eta": 0.012907541997738418, "gamma": 489.202269976915, "max_depth": 5.0, "min_child_weight": 4343.469825566115, "num_boost_round": 21.0, "subsample": 0.5307055390913803}, "datetime": {"datetime": "2024-01-20 14:33:15", "elapsed": 552.952844, "delta": 0.001102}}
{"target": -15.165635984080131, "params": {"colsample_bytree": 0.4321600519309361, "eta": 0.012907541997738418, "gamma": 489.202269976915, "max_depth": 5.0, "min_child_weight": 4343.469825566115, "num_boost_round": 22.0, "subsample": 0.5307055390913803}, "datetime": {"datetime": "2024-01-20 14:33:15", "elapsed": 552.953965, "delta": 0.001121}}
{"target": -15.165246159710685, "params": {"colsample_bytree": 0.4321600519309361, "eta": 0.012907541997738418, "gamma": 489.202269976915, "max_depth": 5.0, "min_child_weight": 4343.469825566115, "num_boost_round": 23.0, "subsample": 0.5307055390913803}, "datetime": {"datetime": "2024-01-20 14:33:15", "elapsed": 552.955084, "delta": 0.001119}}
{"target": -15.164618394825478, "params": {"colsample_bytree": 0.4321600519309361, "eta": 0.012907541997738418, "gamma": 489.202269976915, "max_depth": 5.0, "min_child_weight": 4343.469825566115, "num_boost_round": 24.0, "subsample": 0.5307055390913803}, "datetime": {"datetime": "2024-01-20 14:33:15", "elapsed": 552.956201, "delta": 0.001117}}
{"target": -15.1643006882849, "params": {"colsample_bytree": 0.4321600519309361, "eta": 0.012907541997738418, "gamma": 489.202269976915, "max_depth": 5.0, "min_child_weight": 4343.469825566115, "num_boost_round": 25.0, "subsample": 0.5307055390913803}, "datetime": {"datetime": "2024-01-20 14:33:15", "elapsed": 552.957328, "delta": 0.001127}}
{"target": -15.164060266911427, "params": {"colsample_bytree": 0.4321600519309361, "eta": 0.012907541997738418, "gamma": 489.202269976915, "max_depth": 5.0, "min_child_weight": 4343.469825566115, "num_boost_round": 26.0, "subsample": 0.5307055390913803}, "datetime": {"datetime": "2024-01-20 14:33:15", "elapsed": 552.958452, "delta": 0.001124}}
{"target": -15.163776899014174, "params": {"colsample_bytree": 0.4321600519309361, "eta": 0.012907541997738418, "gamma": 489.202269976915, "max_depth": 5.0, "min_child_weight": 4343.469825566115, "num_boost_round": 27.0, "subsample": 0.5307055390913803}, "datetime": {"datetime": "2024-01-20 14:33:15", "elapsed": 552.95959, "delta": 0.001138}}
{"target": -15.163477030322031, "params": {"colsample_bytree": 0.4321600519309361, "eta": 0.012907541997738418, "gamma": 489.202269976915, "max_depth": 5.0, "min_child_weight": 4343.469825566115, "num_boost_round": 28.0, "subsample": 0.5307055390913803}, "datetime": {"datetime": "2024-01-20 14:33:15", "elapsed": 552.960715, "delta": 0.001125}}
{"target": -15.163032441841754, "params": {"colsample_bytree": 0.4321600519309361, "eta": 0.012907541997738418, "gamma": 489.202269976915, "max_depth": 5.0, "min_child_weight": 4343.469825566115, "num_boost_round": 29.0, "subsample": 0.5307055390913803}, "datetime": {"datetime": "2024-01-20 14:33:15", "elapsed": 552.961941, "delta": 0.001226}}
{"target": -15.162559299064457, "params": {"colsample_bytree": 0.4321600519309361, "eta": 0.012907541997738418, "gamma": 489.202269976915, "max_depth": 5.0, "min_child_weight": 4343.469825566115, "num_boost_round": 30.0, "subsample": 0.5307055390913803}, "datetime": {"datetime": "2024-01-20 14:33:15", "elapsed": 552.963069, "delta": 0.001128}}
{"target": -15.162330471064967, "params": {"colsample_bytree": 0.4321600519309361, "eta": 0.012907541997738418, "gamma": 489.202269976915, "max_depth": 5.0, "min_child_weight": 4343.469825566115, "num_boost_round": 31.0, "subsample": 0.5307055390913803}, "datetime": {"datetime": "2024-01-20 14:33:15", "elapsed": 552.964214, "delta": 0.001145}}
{"target": -15.16208824822378, "params": {"colsample_bytree": 0.4321600519309361, "eta": 0.012907541997738418, "gamma": 489.202269976915, "max_depth": 5.0, "min_child_weight": 4343.469825566115, "num_boost_round": 32.0, "subsample": 0.5307055390913803}, "datetime": {"datetime": "2024-01-20 14:33:15", "elapsed": 552.965356, "delta": 0.001142}}
{"target": -15.162028997130744, "params": {"colsample_bytree": 0.4321600519309361, "eta": 0.012907541997738418, "gamma": 489.202269976915, "max_depth": 5.0, "min_child_weight": 4343.469825566115, "num_boost_round": 33.0, "subsample": 0.5307055390913803}, "datetime": {"datetime": "2024-01-20 14:33:15", "elapsed": 552.966494, "delta": 0.001138}}
{"target": -15.161943411641259, "params": {"colsample_bytree": 0.4321600519309361, "eta": 0.012907541997738418, "gamma": 489.202269976915, "max_depth": 5.0, "min_child_weight": 4343.469825566115, "num_boost_round": 34.0, "subsample": 0.5307055390913803}, "datetime": {"datetime": "2024-01-20 14:33:15", "elapsed": 552.967625, "delta": 0.001131}}
{"target": -15.161726011219564, "params": {"colsample_bytree": 0.4321600519309361, "eta": 0.012907541997738418, "gamma": 489.202269976915, "max_depth": 5.0, "min_child_weight": 4343.469825566115, "num_boost_round": 35.0, "subsample": 0.5307055390913803}, "datetime": {"datetime": "2024-01-20 14:33:15", "elapsed": 552.968775, "delta": 0.00115}}
{"target": -15.161702941597106, "params": {"colsample_bytree": 0.4321600519309361, "eta": 0.012907541997738418, "gamma": 489.202269976915, "max_depth": 5.0, "min_child_weight": 4343.469825566115, "num_boost_round": 36.0, "subsample": 0.5307055390913803}, "datetime": {"datetime": "2024-01-20 14:33:15", "elapsed": 552.969904, "delta": 0.001129}}
{"target": -15.161250766928797, "params": {"colsample_bytree": 0.4321600519309361, "eta": 0.012907541997738418, "gamma": 489.202269976915, "max_depth": 5.0, "min_child_weight": 4343.469825566115, "num_boost_round": 37.0, "subsample": 0.5307055390913803}, "datetime": {"datetime": "2024-01-20 14:33:15", "elapsed": 552.971044, "delta": 0.00114}}
{"target": -15.161071708170486, "params": {"colsample_bytree": 0.4321600519309361, "eta": 0.012907541997738418, "gamma": 489.202269976915, "max_depth": 5.0, "min_child_weight": 4343.469825566115, "num_boost_round": 38.0, "subsample": 0.5307055390913803}, "datetime": {"datetime": "2024-01-20 14:33:15", "elapsed": 552.97227, "delta": 0.001226}}
{"target": -15.161053092684064, "params": {"colsample_bytree": 0.4321600519309361, "eta": 0.012907541997738418, "gamma": 489.202269976915, "max_depth": 5.0, "min_child_weight": 4343.469825566115, "num_boost_round": 39.0, "subsample": 0.5307055390913803}, "datetime": {"datetime": "2024-01-20 14:33:15", "elapsed": 552.973417, "delta": 0.001147}}
{"target": -15.17299038831348, "params": {"colsample_bytree": 0.8992407190512434, "eta": 0.0019190073573534165, "gamma": 507.70482825774985, "max_depth": 2.0, "min_child_weight": 4355.295433151813, "num_boost_round": 1.0, "subsample": 0.5568946718008039}, "datetime": {"datetime": "2024-01-20 14:33:47", "elapsed": 585.118716, "delta": 32.145299}}
{"target": -15.172940955409253, "params": {"colsample_bytree": 0.8992407190512434, "eta": 0.0019190073573534165, "gamma": 507.70482825774985, "max_depth": 2.0, "min_child_weight": 4355.295433151813, "num_boost_round": 2.0, "subsample": 0.5568946718008039}, "datetime": {"datetime": "2024-01-20 14:33:47", "elapsed": 585.121049, "delta": 0.002333}}
{"target": -15.17282498128695, "params": {"colsample_bytree": 0.8992407190512434, "eta": 0.0019190073573534165, "gamma": 507.70482825774985, "max_depth": 2.0, "min_child_weight": 4355.295433151813, "num_boost_round": 3.0, "subsample": 0.5568946718008039}, "datetime": {"datetime": "2024-01-20 14:33:47", "elapsed": 585.122355, "delta": 0.001306}}
{"target": -15.172779238619757, "params": {"colsample_bytree": 0.8992407190512434, "eta": 0.0019190073573534165, "gamma": 507.70482825774985, "max_depth": 2.0, "min_child_weight": 4355.295433151813, "num_boost_round": 4.0, "subsample": 0.5568946718008039}, "datetime": {"datetime": "2024-01-20 14:33:47", "elapsed": 585.123474, "delta": 0.001119}}
{"target": -15.172680429943359, "params": {"colsample_bytree": 0.8992407190512434, "eta": 0.0019190073573534165, "gamma": 507.70482825774985, "max_depth": 2.0, "min_child_weight": 4355.295433151813, "num_boost_round": 5.0, "subsample": 0.5568946718008039}, "datetime": {"datetime": "2024-01-20 14:33:47", "elapsed": 585.124592, "delta": 0.001118}}
