{"target": -19.152932993999435, "params": {"colsample_bytree": 0.9800604612379563, "eta": 0.09072694953539026, "gamma": 603.5099014507826, "max_depth": 6.0, "min_child_weight": 4551.048013430113, "num_boost_round": 61.0, "subsample": 0.10586385074782204}, "datetime": {"datetime": "2024-01-20 15:31:13", "elapsed": 4041.024179, "delta": 0.003577}}
{"target": -19.152997417874303, "params": {"colsample_bytree": 0.9800604612379563, "eta": 0.09072694953539026, "gamma": 603.5099014507826, "max_depth": 6.0, "min_child_weight": 4551.048013430113, "num_boost_round": 62.0, "subsample": 0.10586385074782204}, "datetime": {"datetime": "2024-01-20 15:31:13", "elapsed": 4041.027777, "delta": 0.003598}}
{"target": -19.15319770794241, "params": {"colsample_bytree": 0.9800604612379563, "eta": 0.09072694953539026, "gamma": 603.5099014507826, "max_depth": 6.0, "min_child_weight": 4551.048013430113, "num_boost_round": 63.0, "subsample": 0.10586385074782204}, "datetime": {"datetime": "2024-01-20 15:31:13", "elapsed": 4041.031442, "delta": 0.003665}}
{"target": -19.15317661082701, "params": {"colsample_bytree": 0.9800604612379563, "eta": 0.09072694953539026, "gamma": 603.5099014507826, "max_depth": 6.0, "min_child_weight": 4551.048013430113, "num_boost_round": 64.0, "subsample": 0.10586385074782204}, "datetime": {"datetime": "2024-01-20 15:31:13", "elapsed": 4041.035041, "delta": 0.003599}}
{"target": -19.153314065550138, "params": {"colsample_bytree": 0.9800604612379563, "eta": 0.09072694953539026, "gamma": 603.5099014507826, "max_depth": 6.0, "min_child_weight": 4551.048013430113, "num_boost_round": 65.0, "subsample": 0.10586385074782204}, "datetime": {"datetime": "2024-01-20 15:31:13", "elapsed": 4041.038616, "delta": 0.003575}}
{"target": -19.15373560793369, "params": {"colsample_bytree": 0.9800604612379563, "eta": 0.09072694953539026, "gamma": 603.5099014507826, "max_depth": 6.0, "min_child_weight": 4551.048013430113, "num_boost_round": 66.0, "subsample": 0.10586385074782204}, "datetime": {"datetime": "2024-01-20 15:31:13", "elapsed": 4041.04224, "delta": 0.003624}}
{"target": -19.153856791178896, "params": {"colsample_bytree": 0.9800604612379563, "eta": 0.09072694953539026, "gamma": 603.5099014507826, "max_depth": 6.0, "min_child_weight": 4551.048013430113, "num_boost_round": 67.0, "subsample": 0.10586385074782204}, "datetime": {"datetime": "2024-01-20 15:31:13", "elapsed": 4041.045867, "delta": 0.003627}}
{"target": -19.154158963181448, "params": {"colsample_bytree": 0.9800604612379563, "eta": 0.09072694953539026, "gamma": 603.5099014507826, "max_depth": 6.0, "min_child_weight": 4551.048013430113, "num_boost_round": 68.0, "subsample": 0.10586385074782204}, "datetime": {"datetime": "2024-01-20 15:31:13", "elapsed": 4041.049655, "delta": 0.003788}}
{"target": -19.15455583023568, "params": {"colsample_bytree": 0.9800604612379563, "eta": 0.09072694953539026, "gamma": 603.5099014507826, "max_depth": 6.0, "min_child_weight": 4551.048013430113, "num_boost_round": 69.0, "subsample": 0.10586385074782204}, "datetime": {"datetime": "2024-01-20 15:31:13", "elapsed": 4041.053248, "delta": 0.003593}}
{"target": -19.154440818947368, "params": {"colsample_bytree": 0.9800604612379563, "eta": 0.09072694953539026, "gamma": 603.5099014507826, "max_depth": 6.0, "min_child_weight": 4551.048013430113, "num_boost_round": 70.0, "subsample": 0.10586385074782204}, "datetime": {"datetime": "2024-01-20 15:31:13", "elapsed": 4041.056864, "delta": 0.003616}}
{"target": -19.15476356569922, "params": {"colsample_bytree": 0.9800604612379563, "eta": 0.09072694953539026, "gamma": 603.5099014507826, "max_depth": 6.0, "min_child_weight": 4551.048013430113, "num_boost_round": 71.0, "subsample": 0.10586385074782204}, "datetime": {"datetime": "2024-01-20 15:31:13", "elapsed": 4041.060481, "delta": 0.003617}}
{"target": -19.154901568220534, "params": {"colsample_bytree": 0.9800604612379563, "eta": 0.09072694953539026, "gamma": 603.5099014507826, "max_depth": 6.0, "min_child_weight": 4551.048013430113, "num_boost_round": 72.0, "subsample": 0.10586385074782204}, "datetime": {"datetime": "2024-01-20 15:31:13", "elapsed": 4041.0641, "delta": 0.003619}}
{"target": -19.155312577054843, "params": {"colsample_bytree": 0.9800604612379563, "eta": 0.09072694953539026, "gamma": 603.5099014507826, "max_depth": 6.0, "min_child_weight": 4551.048013430113, "num_boost_round": 73.0, "subsample": 0.10586385074782204}, "datetime": {"datetime": "2024-01-20 15:31:13", "elapsed": 4041.068566, "delta": 0.004466}}
{"target": -19.155613865178594, "params": {"colsample_bytree": 0.9800604612379563, "eta": 0.09072694953539026, "gamma": 603.5099014507826, "max_depth": 6.0, "min_child_weight": 4551.048013430113, "num_boost_round": 74.0, "subsample": 0.10586385074782204}, "datetime": {"datetime": "2024-01-20 15:31:13", "elapsed": 4041.072388, "delta": 0.003822}}
{"target": -19.155751342966923, "params": {"colsample_bytree": 0.9800604612379563, "eta": 0.09072694953539026, "gamma": 603.5099014507826, "max_depth": 6.0, "min_child_weight": 4551.048013430113, "num_boost_round": 75.0, "subsample": 0.10586385074782204}, "datetime": {"datetime": "2024-01-20 15:31:13", "elapsed": 4041.076269, "delta": 0.003881}}
{"target": -19.155819615093346, "params": {"colsample_bytree": 0.9800604612379563, "eta": 0.09072694953539026, "gamma": 603.5099014507826, "max_depth": 6.0, "min_child_weight": 4551.048013430113, "num_boost_round": 76.0, "subsample": 0.10586385074782204}, "datetime": {"datetime": "2024-01-20 15:31:13", "elapsed": 4041.079971, "delta": 0.003702}}
{"target": -19.155875973866443, "params": {"colsample_bytree": 0.9800604612379563, "eta": 0.09072694953539026, "gamma": 603.5099014507826, "max_depth": 6.0, "min_child_weight": 4551.048013430113, "num_boost_round": 77.0, "subsample": 0.10586385074782204}, "datetime": {"datetime": "2024-01-20 15:31:13", "elapsed": 4041.083694, "delta": 0.003723}}
{"target": -19.15593568934953, "params": {"colsample_bytree": 0.9800604612379563, "eta": 0.09072694953539026, "gamma": 603.5099014507826, "max_depth": 6.0, "min_child_weight": 4551.048013430113, "num_boost_round": 78.0, "subsample": 0.10586385074782204}, "datetime": {"datetime": "2024-01-20 15:31:13", "elapsed": 4041.087315, "delta": 0.003621}}
{"target": -19.156285395755035, "params": {"colsample_bytree": 0.9800604612379563, "eta": 0.09072694953539026, "gamma": 603.5099014507826, "max_depth": 6.0, "min_child_weight": 4551.048013430113, "num_boost_round": 79.0, "subsample": 0.10586385074782204}, "datetime": {"datetime": "2024-01-20 15:31:13", "elapsed": 4041.090945, "delta": 0.00363}}
{"target": -19.15643885462456, "params": {"colsample_bytree": 0.9800604612379563, "eta": 0.09072694953539026, "gamma": 603.5099014507826, "max_depth": 6.0, "min_child_weight": 4551.048013430113, "num_boost_round": 80.0, "subsample": 0.10586385074782204}, "datetime": {"datetime": "2024-01-20 15:31:13", "elapsed": 4041.094722, "delta": 0.003777}}
{"target": -19.15666878401066, "params": {"colsample_bytree": 0.9800604612379563, "eta": 0.09072694953539026, "gamma": 603.5099014507826, "max_depth": 6.0, "min_child_weight": 4551.048013430113, "num_boost_round": 81.0, "subsample": 0.10586385074782204}, "datetime": {"datetime": "2024-01-20 15:31:13", "elapsed": 4041.09833, "delta": 0.003608}}
{"target": -19.15674812603895, "params": {"colsample_bytree": 0.9800604612379563, "eta": 0.09072694953539026, "gamma": 603.5099014507826, "max_depth": 6.0, "min_child_weight": 4551.048013430113, "num_boost_round": 82.0, "subsample": 0.10586385074782204}, "datetime": {"datetime": "2024-01-20 15:31:13", "elapsed": 4041.102014, "delta": 0.003684}}
{"target": -19.157230185455127, "params": {"colsample_bytree": 0.9800604612379563, "eta": 0.09072694953539026, "gamma": 603.5099014507826, "max_depth": 6.0, "min_child_weight": 4551.048013430113, "num_boost_round": 83.0, "subsample": 0.10586385074782204}, "datetime": {"datetime": "2024-01-20 15:31:13", "elapsed": 4041.105695, "delta": 0.003681}}
{"target": -19.15730725235315, "params": {"colsample_bytree": 0.9800604612379563, "eta": 0.09072694953539026, "gamma": 603.5099014507826, "max_depth": 6.0, "min_child_weight": 4551.048013430113, "num_boost_round": 84.0, "subsample": 0.10586385074782204}, "datetime": {"datetime": "2024-01-20 15:31:13", "elapsed": 4041.10932, "delta": 0.003625}}
{"target": -19.15745398720634, "params": {"colsample_bytree": 0.9800604612379563, "eta": 0.09072694953539026, "gamma": 603.5099014507826, "max_depth": 6.0, "min_child_weight": 4551.048013430113, "num_boost_round": 85.0, "subsample": 0.10586385074782204}, "datetime": {"datetime": "2024-01-20 15:31:13", "elapsed": 4041.112969, "delta": 0.003649}}
{"target": -19.157860996539274, "params": {"colsample_bytree": 0.9800604612379563, "eta": 0.09072694953539026, "gamma": 603.5099014507826, "max_depth": 6.0, "min_child_weight": 4551.048013430113, "num_boost_round": 86.0, "subsample": 0.10586385074782204}, "datetime": {"datetime": "2024-01-20 15:31:13", "elapsed": 4041.116625, "delta": 0.003656}}
{"target": -19.157845713412435, "params": {"colsample_bytree": 0.9800604612379563, "eta": 0.09072694953539026, "gamma": 603.5099014507826, "max_depth": 6.0, "min_child_weight": 4551.048013430113, "num_boost_round": 87.0, "subsample": 0.10586385074782204}, "datetime": {"datetime": "2024-01-20 15:31:13", "elapsed": 4041.120356, "delta": 0.003731}}
{"target": -19.15798026968486, "params": {"colsample_bytree": 0.9800604612379563, "eta": 0.09072694953539026, "gamma": 603.5099014507826, "max_depth": 6.0, "min_child_weight": 4551.048013430113, "num_boost_round": 88.0, "subsample": 0.10586385074782204}, "datetime": {"datetime": "2024-01-20 15:31:13", "elapsed": 4041.124032, "delta": 0.003676}}
{"target": -19.15794706404605, "params": {"colsample_bytree": 0.9800604612379563, "eta": 0.09072694953539026, "gamma": 603.5099014507826, "max_depth": 6.0, "min_child_weight": 4551.048013430113, "num_boost_round": 89.0, "subsample": 0.10586385074782204}, "datetime": {"datetime": "2024-01-20 15:31:13", "elapsed": 4041.127676, "delta": 0.003644}}
{"target": -19.158031191744186, "params": {"colsample_bytree": 0.9800604612379563, "eta": 0.09072694953539026, "gamma": 603.5099014507826, "max_depth": 6.0, "min_child_weight": 4551.048013430113, "num_boost_round": 90.0, "subsample": 0.10586385074782204}, "datetime": {"datetime": "2024-01-20 15:31:13", "elapsed": 4041.131325, "delta": 0.003649}}
{"target": -19.158199294811727, "params": {"colsample_bytree": 0.9800604612379563, "eta": 0.09072694953539026, "gamma": 603.5099014507826, "max_depth": 6.0, "min_child_weight": 4551.048013430113, "num_boost_round": 91.0, "subsample": 0.10586385074782204}, "datetime": {"datetime": "2024-01-20 15:31:13", "elapsed": 4041.135017, "delta": 0.003692}}
{"target": -19.158392329532187, "params": {"colsample_bytree": 0.9800604612379563, "eta": 0.09072694953539026, "gamma": 603.5099014507826, "max_depth": 6.0, "min_child_weight": 4551.048013430113, "num_boost_round": 92.0, "subsample": 0.10586385074782204}, "datetime": {"datetime": "2024-01-20 15:31:13", "elapsed": 4041.138827, "delta": 0.00381}}
{"target": -19.158230122965808, "params": {"colsample_bytree": 0.9800604612379563, "eta": 0.09072694953539026, "gamma": 603.5099014507826, "max_depth": 6.0, "min_child_weight": 4551.048013430113, "num_boost_round": 93.0, "subsample": 0.10586385074782204}, "datetime": {"datetime": "2024-01-20 15:31:13", "elapsed": 4041.14247, "delta": 0.003643}}
{"target": -19.15834620787963, "params": {"colsample_bytree": 0.9800604612379563, "eta": 0.09072694953539026, "gamma": 603.5099014507826, "max_depth": 6.0, "min_child_weight": 4551.048013430113, "num_boost_round": 94.0, "subsample": 0.10586385074782204}, "datetime": {"datetime": "2024-01-20 15:31:13", "elapsed": 4041.146177, "delta": 0.003707}}
{"target": -19.15835733948269, "params": {"colsample_bytree": 0.9800604612379563, "eta": 0.09072694953539026, "gamma": 603.5099014507826, "max_depth": 6.0, "min_child_weight": 4551.048013430113, "num_boost_round": 95.0, "subsample": 0.10586385074782204}, "datetime": {"datetime": "2024-01-20 15:31:13", "elapsed": 4041.14983, "delta": 0.003653}}
{"target": -19.15846579958305, "params": {"colsample_bytree": 0.9800604612379563, "eta": 0.09072694953539026, "gamma": 603.5099014507826, "max_depth": 6.0, "min_child_weight": 4551.048013430113, "num_boost_round": 96.0, "subsample": 0.10586385074782204}, "datetime": {"datetime": "2024-01-20 15:31:13", "elapsed": 4041.153495, "delta": 0.003665}}
{"target": -19.15877158475974, "params": {"colsample_bytree": 0.9800604612379563, "eta": 0.09072694953539026, "gamma": 603.5099014507826, "max_depth": 6.0, "min_child_weight": 4551.048013430113, "num_boost_round": 97.0, "subsample": 0.10586385074782204}, "datetime": {"datetime": "2024-01-20 15:31:13", "elapsed": 4041.157195, "delta": 0.0037}}
{"target": -19.158812577856153, "params": {"colsample_bytree": 0.9800604612379563, "eta": 0.09072694953539026, "gamma": 603.5099014507826, "max_depth": 6.0, "min_child_weight": 4551.048013430113, "num_boost_round": 98.0, "subsample": 0.10586385074782204}, "datetime": {"datetime": "2024-01-20 15:31:13", "elapsed": 4041.160845, "delta": 0.00365}}
{"target": -19.15890264598659, "params": {"colsample_bytree": 0.9800604612379563, "eta": 0.09072694953539026, "gamma": 603.5099014507826, "max_depth": 6.0, "min_child_weight": 4551.048013430113, "num_boost_round": 99.0, "subsample": 0.10586385074782204}, "datetime": {"datetime": "2024-01-20 15:31:13", "elapsed": 4041.164572, "delta": 0.003727}}
{"target": -19.159036386454574, "params": {"colsample_bytree": 0.9800604612379563, "eta": 0.09072694953539026, "gamma": 603.5099014507826, "max_depth": 6.0, "min_child_weight": 4551.048013430113, "num_boost_round": 100.0, "subsample": 0.10586385074782204}, "datetime": {"datetime": "2024-01-20 15:31:13", "elapsed": 4041.168382, "delta": 0.00381}}
{"target": -19.159050815741324, "params": {"colsample_bytree": 0.9800604612379563, "eta": 0.09072694953539026, "gamma": 603.5099014507826, "max_depth": 6.0, "min_child_weight": 4551.048013430113, "num_boost_round": 101.0, "subsample": 0.10586385074782204}, "datetime": {"datetime": "2024-01-20 15:31:13", "elapsed": 4041.172059, "delta": 0.003677}}
{"target": -19.159273959147363, "params": {"colsample_bytree": 0.9800604612379563, "eta": 0.09072694953539026, "gamma": 603.5099014507826, "max_depth": 6.0, "min_child_weight": 4551.048013430113, "num_boost_round": 102.0, "subsample": 0.10586385074782204}, "datetime": {"datetime": "2024-01-20 15:31:13", "elapsed": 4041.175717, "delta": 0.003658}}
{"target": -19.159385857551882, "params": {"colsample_bytree": 0.9800604612379563, "eta": 0.09072694953539026, "gamma": 603.5099014507826, "max_depth": 6.0, "min_child_weight": 4551.048013430113, "num_boost_round": 103.0, "subsample": 0.10586385074782204}, "datetime": {"datetime": "2024-01-20 15:31:13", "elapsed": 4041.179356, "delta": 0.003639}}
{"target": -19.159666395152634, "params": {"colsample_bytree": 0.9800604612379563, "eta": 0.09072694953539026, "gamma": 603.5099014507826, "max_depth": 6.0, "min_child_weight": 4551.048013430113, "num_boost_round": 104.0, "subsample": 0.10586385074782204}, "datetime": {"datetime": "2024-01-20 15:31:13", "elapsed": 4041.18307, "delta": 0.003714}}
{"target": -19.1599576382794, "params": {"colsample_bytree": 0.9800604612379563, "eta": 0.09072694953539026, "gamma": 603.5099014507826, "max_depth": 6.0, "min_child_weight": 4551.048013430113, "num_boost_round": 105.0, "subsample": 0.10586385074782204}, "datetime": {"datetime": "2024-01-20 15:31:13", "elapsed": 4041.186706, "delta": 0.003636}}
{"target": -19.16020330992739, "params": {"colsample_bytree": 0.9800604612379563, "eta": 0.09072694953539026, "gamma": 603.5099014507826, "max_depth": 6.0, "min_child_weight": 4551.048013430113, "num_boost_round": 106.0, "subsample": 0.10586385074782204}, "datetime": {"datetime": "2024-01-20 15:31:13", "elapsed": 4041.190369, "delta": 0.003663}}
{"target": -19.160590020727298, "params": {"colsample_bytree": 0.9800604612379563, "eta": 0.09072694953539026, "gamma": 603.5099014507826, "max_depth": 6.0, "min_child_weight": 4551.048013430113, "num_boost_round": 107.0, "subsample": 0.10586385074782204}, "datetime": {"datetime": "2024-01-20 15:31:13", "elapsed": 4041.194034, "delta": 0.003665}}
{"target": -19.16054985167402, "params": {"colsample_bytree": 0.9800604612379563, "eta": 0.09072694953539026, "gamma": 603.5099014507826, "max_depth": 6.0, "min_child_weight": 4551.048013430113, "num_boost_round": 108.0, "subsample": 0.10586385074782204}, "datetime": {"datetime": "2024-01-20 15:31:13", "elapsed": 4041.197686, "delta": 0.003652}}
{"target": -19.161160460269734, "params": {"colsample_bytree": 0.9800604612379563, "eta": 0.09072694953539026, "gamma": 603.5099014507826, "max_depth": 6.0, "min_child_weight": 4551.048013430113, "num_boost_round": 109.0, "subsample": 0.10586385074782204}, "datetime": {"datetime": "2024-01-20 15:31:13", "elapsed": 4041.201489, "delta": 0.003803}}
{"target": -19.16108986387029, "params": {"colsample_bytree": 0.9800604612379563, "eta": 0.09072694953539026, "gamma": 603.5099014507826, "max_depth": 6.0, "min_child_weight": 4551.048013430113, "num_boost_round": 110.0, "subsample": 0.10586385074782204}, "datetime": {"datetime": "2024-01-20 15:31:13", "elapsed": 4041.205903, "delta": 0.004414}}
{"target": -19.16109248969783, "params": {"colsample_bytree": 0.9800604612379563, "eta": 0.09072694953539026, "gamma": 603.5099014507826, "max_depth": 6.0, "min_child_weight": 4551.048013430113, "num_boost_round": 111.0, "subsample": 0.10586385074782204}, "datetime": {"datetime": "2024-01-20 15:31:13", "elapsed": 4041.209761, "delta": 0.003858}}
{"target": -19.160909269060532, "params": {"colsample_bytree": 0.9800604612379563, "eta": 0.09072694953539026, "gamma": 603.5099014507826, "max_depth": 6.0, "min_child_weight": 4551.048013430113, "num_boost_round": 112.0, "subsample": 0.10586385074782204}, "datetime": {"datetime": "2024-01-20 15:31:13", "elapsed": 4041.213514, "delta": 0.003753}}
{"target": -19.16103258117268, "params": {"colsample_bytree": 0.9800604612379563, "eta": 0.09072694953539026, "gamma": 603.5099014507826, "max_depth": 6.0, "min_child_weight": 4551.048013430113, "num_boost_round": 113.0, "subsample": 0.10586385074782204}, "datetime": {"datetime": "2024-01-20 15:31:13", "elapsed": 4041.217157, "delta": 0.003643}}
{"target": -19.16108663920927, "params": {"colsample_bytree": 0.9800604612379563, "eta": 0.09072694953539026, "gamma": 603.5099014507826, "max_depth": 6.0, "min_child_weight": 4551.048013430113, "num_boost_round": 114.0, "subsample": 0.10586385074782204}, "datetime": {"datetime": "2024-01-20 15:31:13", "elapsed": 4041.220804, "delta": 0.003647}}
{"target": -19.161309769994418, "params": {"colsample_bytree": 0.9800604612379563, "eta": 0.09072694953539026, "gamma": 603.5099014507826, "max_depth": 6.0, "min_child_weight": 4551.048013430113, "num_boost_round": 115.0, "subsample": 0.10586385074782204}, "datetime": {"datetime": "2024-01-20 15:31:13", "elapsed": 4041.224436, "delta": 0.003632}}
{"target": -19.161399465375677, "params": {"colsample_bytree": 0.9800604612379563, "eta": 0.09072694953539026, "gamma": 603.5099014507826, "max_depth": 6.0, "min_child_weight": 4551.048013430113, "num_boost_round": 116.0, "subsample": 0.10586385074782204}, "datetime": {"datetime": "2024-01-20 15:31:13", "elapsed": 4041.228147, "delta": 0.003711}}
{"target": -19.161758211850135, "params": {"colsample_bytree": 0.9800604612379563, "eta": 0.09072694953539026, "gamma": 603.5099014507826, "max_depth": 6.0, "min_child_weight": 4551.048013430113, "num_boost_round": 117.0, "subsample": 0.10586385074782204}, "datetime": {"datetime": "2024-01-20 15:31:13", "elapsed": 4041.231828, "delta": 0.003681}}
{"target": -19.161798999615566, "params": {"colsample_bytree": 0.9800604612379563, "eta": 0.09072694953539026, "gamma": 603.5099014507826, "max_depth": 6.0, "min_child_weight": 4551.048013430113, "num_boost_round": 118.0, "subsample": 0.10586385074782204}, "datetime": {"datetime": "2024-01-20 15:31:13", "elapsed": 4041.235584, "delta": 0.003756}}
{"target": -19.16209498459441, "params": {"colsample_bytree": 0.9800604612379563, "eta": 0.09072694953539026, "gamma": 603.5099014507826, "max_depth": 6.0, "min_child_weight": 4551.048013430113, "num_boost_round": 119.0, "subsample": 0.10586385074782204}, "datetime": {"datetime": "2024-01-20 15:31:13", "elapsed": 4041.239283, "delta": 0.003699}}
{"target": -19.162217061888157, "params": {"colsample_bytree": 0.9800604612379563, "eta": 0.09072694953539026, "gamma": 603.5099014507826, "max_depth": 6.0, "min_child_weight": 4551.048013430113, "num_boost_round": 120.0, "subsample": 0.10586385074782204}, "datetime": {"datetime": "2024-01-20 15:31:13", "elapsed": 4041.242997, "delta": 0.003714}}
{"target": -19.162168786039608, "params": {"colsample_bytree": 0.9800604612379563, "eta": 0.09072694953539026, "gamma": 603.5099014507826, "max_depth": 6.0, "min_child_weight": 4551.048013430113, "num_boost_round": 121.0, "subsample": 0.10586385074782204}, "datetime": {"datetime": "2024-01-20 15:31:13", "elapsed": 4041.246839, "delta": 0.003842}}
{"target": -19.16231324371055, "params": {"colsample_bytree": 0.9800604612379563, "eta": 0.09072694953539026, "gamma": 603.5099014507826, "max_depth": 6.0, "min_child_weight": 4551.048013430113, "num_boost_round": 122.0, "subsample": 0.10586385074782204}, "datetime": {"datetime": "2024-01-20 15:31:13", "elapsed": 4041.25051, "delta": 0.003671}}
{"target": -19.16264656382903, "params": {"colsample_bytree": 0.9800604612379563, "eta": 0.09072694953539026, "gamma": 603.5099014507826, "max_depth": 6.0, "min_child_weight": 4551.048013430113, "num_boost_round": 123.0, "subsample": 0.10586385074782204}, "datetime": {"datetime": "2024-01-20 15:31:13", "elapsed": 4041.254203, "delta": 0.003693}}
