{"target": -15.164244701290254, "params": {"colsample_bytree": 0.3892686042468415, "eta": 0.01906951616540103, "gamma": 521.2484953946533, "max_depth": 5.0, "min_child_weight": 4138.999124386863, "num_boost_round": 31.0, "subsample": 0.10824914925025804}, "datetime": {"datetime": "2024-01-20 15:14:49", "elapsed": 3046.668444, "delta": 0.004098}}
{"target": -15.164139658172674, "params": {"colsample_bytree": 0.3892686042468415, "eta": 0.01906951616540103, "gamma": 521.2484953946533, "max_depth": 5.0, "min_child_weight": 4138.999124386863, "num_boost_round": 32.0, "subsample": 0.10824914925025804}, "datetime": {"datetime": "2024-01-20 15:14:49", "elapsed": 3046.67236, "delta": 0.003916}}
{"target": -15.164043429413283, "params": {"colsample_bytree": 0.3892686042468415, "eta": 0.01906951616540103, "gamma": 521.2484953946533, "max_depth": 5.0, "min_child_weight": 4138.999124386863, "num_boost_round": 33.0, "subsample": 0.10824914925025804}, "datetime": {"datetime": "2024-01-20 15:14:49", "elapsed": 3046.676429, "delta": 0.004069}}
{"target": -15.164121953919743, "params": {"colsample_bytree": 0.3892686042468415, "eta": 0.01906951616540103, "gamma": 521.2484953946533, "max_depth": 5.0, "min_child_weight": 4138.999124386863, "num_boost_round": 34.0, "subsample": 0.10824914925025804}, "datetime": {"datetime": "2024-01-20 15:14:49", "elapsed": 3046.680265, "delta": 0.003836}}
{"target": -15.16403167421535, "params": {"colsample_bytree": 0.3892686042468415, "eta": 0.01906951616540103, "gamma": 521.2484953946533, "max_depth": 5.0, "min_child_weight": 4138.999124386863, "num_boost_round": 35.0, "subsample": 0.10824914925025804}, "datetime": {"datetime": "2024-01-20 15:14:49", "elapsed": 3046.684087, "delta": 0.003822}}
{"target": -15.164071492418405, "params": {"colsample_bytree": 0.3892686042468415, "eta": 0.01906951616540103, "gamma": 521.2484953946533, "max_depth": 5.0, "min_child_weight": 4138.999124386863, "num_boost_round": 36.0, "subsample": 0.10824914925025804}, "datetime": {"datetime": "2024-01-20 15:14:49", "elapsed": 3046.688126, "delta": 0.004039}}
{"target": -15.163739619292725, "params": {"colsample_bytree": 0.3892686042468415, "eta": 0.01906951616540103, "gamma": 521.2484953946533, "max_depth": 5.0, "min_child_weight": 4138.999124386863, "num_boost_round": 37.0, "subsample": 0.10824914925025804}, "datetime": {"datetime": "2024-01-20 15:14:49", "elapsed": 3046.69204, "delta": 0.003914}}
{"target": -15.163654156958192, "params": {"colsample_bytree": 0.3892686042468415, "eta": 0.01906951616540103, "gamma": 521.2484953946533, "max_depth": 5.0, "min_child_weight": 4138.999124386863, "num_boost_round": 38.0, "subsample": 0.10824914925025804}, "datetime": {"datetime": "2024-01-20 15:14:49", "elapsed": 3046.696015, "delta": 0.003975}}
{"target": -15.163696398317281, "params": {"colsample_bytree": 0.3892686042468415, "eta": 0.01906951616540103, "gamma": 521.2484953946533, "max_depth": 5.0, "min_child_weight": 4138.999124386863, "num_boost_round": 39.0, "subsample": 0.10824914925025804}, "datetime": {"datetime": "2024-01-20 15:14:49", "elapsed": 3046.700191, "delta": 0.004176}}
{"target": -15.16361774496315, "params": {"colsample_bytree": 0.3892686042468415, "eta": 0.01906951616540103, "gamma": 521.2484953946533, "max_depth": 5.0, "min_child_weight": 4138.999124386863, "num_boost_round": 40.0, "subsample": 0.10824914925025804}, "datetime": {"datetime": "2024-01-20 15:14:49", "elapsed": 3046.704084, "delta": 0.003893}}
{"target": -15.163188419950792, "params": {"colsample_bytree": 0.3892686042468415, "eta": 0.01906951616540103, "gamma": 521.2484953946533, "max_depth": 5.0, "min_child_weight": 4138.999124386863, "num_boost_round": 41.0, "subsample": 0.10824914925025804}, "datetime": {"datetime": "2024-01-20 15:14:49", "elapsed": 3046.708119, "delta": 0.004035}}
{"target": -15.16282207254043, "params": {"colsample_bytree": 0.3892686042468415, "eta": 0.01906951616540103, "gamma": 521.2484953946533, "max_depth": 5.0, "min_child_weight": 4138.999124386863, "num_boost_round": 42.0, "subsample": 0.10824914925025804}, "datetime": {"datetime": "2024-01-20 15:14:49", "elapsed": 3046.712483, "delta": 0.004364}}
{"target": -15.162634482081453, "params": {"colsample_bytree": 0.3892686042468415, "eta": 0.01906951616540103, "gamma": 521.2484953946533, "max_depth": 5.0, "min_child_weight": 4138.999124386863, "num_boost_round": 43.0, "subsample": 0.10824914925025804}, "datetime": {"datetime": "2024-01-20 15:14:49", "elapsed": 3046.717671, "delta": 0.005188}}
{"target": -15.16251111836264, "params": {"colsample_bytree": 0.3892686042468415, "eta": 0.01906951616540103, "gamma": 521.2484953946533, "max_depth": 5.0, "min_child_weight": 4138.999124386863, "num_boost_round": 44.0, "subsample": 0.10824914925025804}, "datetime": {"datetime": "2024-01-20 15:14:49", "elapsed": 3046.721955, "delta": 0.004284}}
{"target": -15.162416885544989, "params": {"colsample_bytree": 0.3892686042468415, "eta": 0.01906951616540103, "gamma": 521.2484953946533, "max_depth": 5.0, "min_child_weight": 4138.999124386863, "num_boost_round": 45.0, "subsample": 0.10824914925025804}, "datetime": {"datetime": "2024-01-20 15:14:49", "elapsed": 3046.72611, "delta": 0.004155}}
{"target": -15.1622299462208, "params": {"colsample_bytree": 0.3892686042468415, "eta": 0.01906951616540103, "gamma": 521.2484953946533, "max_depth": 5.0, "min_child_weight": 4138.999124386863, "num_boost_round": 46.0, "subsample": 0.10824914925025804}, "datetime": {"datetime": "2024-01-20 15:14:49", "elapsed": 3046.730005, "delta": 0.003895}}
{"target": -15.162204045413063, "params": {"colsample_bytree": 0.3892686042468415, "eta": 0.01906951616540103, "gamma": 521.2484953946533, "max_depth": 5.0, "min_child_weight": 4138.999124386863, "num_boost_round": 47.0, "subsample": 0.10824914925025804}, "datetime": {"datetime": "2024-01-20 15:14:49", "elapsed": 3046.734102, "delta": 0.004097}}
{"target": -15.162142574003877, "params": {"colsample_bytree": 0.3892686042468415, "eta": 0.01906951616540103, "gamma": 521.2484953946533, "max_depth": 5.0, "min_child_weight": 4138.999124386863, "num_boost_round": 48.0, "subsample": 0.10824914925025804}, "datetime": {"datetime": "2024-01-20 15:14:49", "elapsed": 3046.738234, "delta": 0.004132}}
{"target": -15.16212716630928, "params": {"colsample_bytree": 0.3892686042468415, "eta": 0.01906951616540103, "gamma": 521.2484953946533, "max_depth": 5.0, "min_child_weight": 4138.999124386863, "num_boost_round": 49.0, "subsample": 0.10824914925025804}, "datetime": {"datetime": "2024-01-20 15:14:49", "elapsed": 3046.742213, "delta": 0.003979}}
{"target": -15.162067537943004, "params": {"colsample_bytree": 0.3892686042468415, "eta": 0.01906951616540103, "gamma": 521.2484953946533, "max_depth": 5.0, "min_child_weight": 4138.999124386863, "num_boost_round": 50.0, "subsample": 0.10824914925025804}, "datetime": {"datetime": "2024-01-20 15:14:49", "elapsed": 3046.746176, "delta": 0.003963}}
{"target": -15.161977868672285, "params": {"colsample_bytree": 0.3892686042468415, "eta": 0.01906951616540103, "gamma": 521.2484953946533, "max_depth": 5.0, "min_child_weight": 4138.999124386863, "num_boost_round": 51.0, "subsample": 0.10824914925025804}, "datetime": {"datetime": "2024-01-20 15:14:49", "elapsed": 3046.750621, "delta": 0.004445}}
{"target": -15.162062017876558, "params": {"colsample_bytree": 0.3892686042468415, "eta": 0.01906951616540103, "gamma": 521.2484953946533, "max_depth": 5.0, "min_child_weight": 4138.999124386863, "num_boost_round": 52.0, "subsample": 0.10824914925025804}, "datetime": {"datetime": "2024-01-20 15:14:49", "elapsed": 3046.754739, "delta": 0.004118}}
{"target": -15.161822730623701, "params": {"colsample_bytree": 0.3892686042468415, "eta": 0.01906951616540103, "gamma": 521.2484953946533, "max_depth": 5.0, "min_child_weight": 4138.999124386863, "num_boost_round": 53.0, "subsample": 0.10824914925025804}, "datetime": {"datetime": "2024-01-20 15:14:49", "elapsed": 3046.758951, "delta": 0.004212}}
{"target": -15.161823989966615, "params": {"colsample_bytree": 0.3892686042468415, "eta": 0.01906951616540103, "gamma": 521.2484953946533, "max_depth": 5.0, "min_child_weight": 4138.999124386863, "num_boost_round": 54.0, "subsample": 0.10824914925025804}, "datetime": {"datetime": "2024-01-20 15:14:49", "elapsed": 3046.763218, "delta": 0.004267}}
{"target": -15.161816517146603, "params": {"colsample_bytree": 0.3892686042468415, "eta": 0.01906951616540103, "gamma": 521.2484953946533, "max_depth": 5.0, "min_child_weight": 4138.999124386863, "num_boost_round": 55.0, "subsample": 0.10824914925025804}, "datetime": {"datetime": "2024-01-20 15:14:49", "elapsed": 3046.767102, "delta": 0.003884}}
{"target": -15.161719813076544, "params": {"colsample_bytree": 0.3892686042468415, "eta": 0.01906951616540103, "gamma": 521.2484953946533, "max_depth": 5.0, "min_child_weight": 4138.999124386863, "num_boost_round": 56.0, "subsample": 0.10824914925025804}, "datetime": {"datetime": "2024-01-20 15:14:49", "elapsed": 3046.770965, "delta": 0.003863}}
{"target": -15.161604235282944, "params": {"colsample_bytree": 0.3892686042468415, "eta": 0.01906951616540103, "gamma": 521.2484953946533, "max_depth": 5.0, "min_child_weight": 4138.999124386863, "num_boost_round": 57.0, "subsample": 0.10824914925025804}, "datetime": {"datetime": "2024-01-20 15:14:49", "elapsed": 3046.7752, "delta": 0.004235}}
{"target": -15.161560011280006, "params": {"colsample_bytree": 0.3892686042468415, "eta": 0.01906951616540103, "gamma": 521.2484953946533, "max_depth": 5.0, "min_child_weight": 4138.999124386863, "num_boost_round": 58.0, "subsample": 0.10824914925025804}, "datetime": {"datetime": "2024-01-20 15:14:49", "elapsed": 3046.779256, "delta": 0.004056}}
{"target": -15.161362100606594, "params": {"colsample_bytree": 0.3892686042468415, "eta": 0.01906951616540103, "gamma": 521.2484953946533, "max_depth": 5.0, "min_child_weight": 4138.999124386863, "num_boost_round": 59.0, "subsample": 0.10824914925025804}, "datetime": {"datetime": "2024-01-20 15:14:49", "elapsed": 3046.783276, "delta": 0.00402}}
{"target": -15.161403430840778, "params": {"colsample_bytree": 0.3892686042468415, "eta": 0.01906951616540103, "gamma": 521.2484953946533, "max_depth": 5.0, "min_child_weight": 4138.999124386863, "num_boost_round": 60.0, "subsample": 0.10824914925025804}, "datetime": {"datetime": "2024-01-20 15:14:49", "elapsed": 3046.787478, "delta": 0.004202}}
{"target": -15.161440416828578, "params": {"colsample_bytree": 0.3892686042468415, "eta": 0.01906951616540103, "gamma": 521.2484953946533, "max_depth": 5.0, "min_child_weight": 4138.999124386863, "num_boost_round": 61.0, "subsample": 0.10824914925025804}, "datetime": {"datetime": "2024-01-20 15:14:49", "elapsed": 3046.791401, "delta": 0.003923}}
{"target": -15.161346362738009, "params": {"colsample_bytree": 0.3892686042468415, "eta": 0.01906951616540103, "gamma": 521.2484953946533, "max_depth": 5.0, "min_child_weight": 4138.999124386863, "num_boost_round": 62.0, "subsample": 0.10824914925025804}, "datetime": {"datetime": "2024-01-20 15:14:49", "elapsed": 3046.795393, "delta": 0.003992}}
{"target": -15.161321754650762, "params": {"colsample_bytree": 0.3892686042468415, "eta": 0.01906951616540103, "gamma": 521.2484953946533, "max_depth": 5.0, "min_child_weight": 4138.999124386863, "num_boost_round": 63.0, "subsample": 0.10824914925025804}, "datetime": {"datetime": "2024-01-20 15:14:49", "elapsed": 3046.799652, "delta": 0.004259}}
{"target": -15.161456061335425, "params": {"colsample_bytree": 0.3892686042468415, "eta": 0.01906951616540103, "gamma": 521.2484953946533, "max_depth": 5.0, "min_child_weight": 4138.999124386863, "num_boost_round": 64.0, "subsample": 0.10824914925025804}, "datetime": {"datetime": "2024-01-20 15:14:49", "elapsed": 3046.803577, "delta": 0.003925}}
{"target": -15.16144051913595, "params": {"colsample_bytree": 0.3892686042468415, "eta": 0.01906951616540103, "gamma": 521.2484953946533, "max_depth": 5.0, "min_child_weight": 4138.999124386863, "num_boost_round": 65.0, "subsample": 0.10824914925025804}, "datetime": {"datetime": "2024-01-20 15:14:49", "elapsed": 3046.807676, "delta": 0.004099}}
{"target": -15.172913566881153, "params": {"colsample_bytree": 0.7104111525019409, "eta": 0.004739143621879756, "gamma": 544.9581299695517, "max_depth": 2.0, "min_child_weight": 4165.565487947842, "num_boost_round": 1.0, "subsample": 0.23617606144722214}, "datetime": {"datetime": "2024-01-20 15:16:04", "elapsed": 3122.436152, "delta": 75.628476}}
{"target": -15.172797947323923, "params": {"colsample_bytree": 0.7104111525019409, "eta": 0.004739143621879756, "gamma": 544.9581299695517, "max_depth": 2.0, "min_child_weight": 4165.565487947842, "num_boost_round": 2.0, "subsample": 0.23617606144722214}, "datetime": {"datetime": "2024-01-20 15:16:05", "elapsed": 3122.441722, "delta": 0.00557}}
{"target": -15.17266832903452, "params": {"colsample_bytree": 0.7104111525019409, "eta": 0.004739143621879756, "gamma": 544.9581299695517, "max_depth": 2.0, "min_child_weight": 4165.565487947842, "num_boost_round": 3.0, "subsample": 0.23617606144722214}, "datetime": {"datetime": "2024-01-20 15:16:05", "elapsed": 3122.446249, "delta": 0.004527}}
{"target": -15.172565825051922, "params": {"colsample_bytree": 0.7104111525019409, "eta": 0.004739143621879756, "gamma": 544.9581299695517, "max_depth": 2.0, "min_child_weight": 4165.565487947842, "num_boost_round": 4.0, "subsample": 0.23617606144722214}, "datetime": {"datetime": "2024-01-20 15:16:05", "elapsed": 3122.450567, "delta": 0.004318}}
{"target": -15.172327918873606, "params": {"colsample_bytree": 0.7104111525019409, "eta": 0.004739143621879756, "gamma": 544.9581299695517, "max_depth": 2.0, "min_child_weight": 4165.565487947842, "num_boost_round": 5.0, "subsample": 0.23617606144722214}, "datetime": {"datetime": "2024-01-20 15:16:05", "elapsed": 3122.454874, "delta": 0.004307}}
{"target": -15.17221869194903, "params": {"colsample_bytree": 0.7104111525019409, "eta": 0.004739143621879756, "gamma": 544.9581299695517, "max_depth": 2.0, "min_child_weight": 4165.565487947842, "num_boost_round": 6.0, "subsample": 0.23617606144722214}, "datetime": {"datetime": "2024-01-20 15:16:05", "elapsed": 3122.458917, "delta": 0.004043}}
{"target": -15.172133857755773, "params": {"colsample_bytree": 0.7104111525019409, "eta": 0.004739143621879756, "gamma": 544.9581299695517, "max_depth": 2.0, "min_child_weight": 4165.565487947842, "num_boost_round": 7.0, "subsample": 0.23617606144722214}, "datetime": {"datetime": "2024-01-20 15:16:05", "elapsed": 3122.462829, "delta": 0.003912}}
{"target": -15.171892749490599, "params": {"colsample_bytree": 0.7104111525019409, "eta": 0.004739143621879756, "gamma": 544.9581299695517, "max_depth": 2.0, "min_child_weight": 4165.565487947842, "num_boost_round": 8.0, "subsample": 0.23617606144722214}, "datetime": {"datetime": "2024-01-20 15:16:05", "elapsed": 3122.466637, "delta": 0.003808}}
{"target": -15.171786404187333, "params": {"colsample_bytree": 0.7104111525019409, "eta": 0.004739143621879756, "gamma": 544.9581299695517, "max_depth": 2.0, "min_child_weight": 4165.565487947842, "num_boost_round": 9.0, "subsample": 0.23617606144722214}, "datetime": {"datetime": "2024-01-20 15:16:05", "elapsed": 3122.470828, "delta": 0.004191}}
{"target": -15.171550264461317, "params": {"colsample_bytree": 0.7104111525019409, "eta": 0.004739143621879756, "gamma": 544.9581299695517, "max_depth": 2.0, "min_child_weight": 4165.565487947842, "num_boost_round": 10.0, "subsample": 0.23617606144722214}, "datetime": {"datetime": "2024-01-20 15:16:05", "elapsed": 3122.475245, "delta": 0.004417}}
{"target": -15.171562060162287, "params": {"colsample_bytree": 0.7104111525019409, "eta": 0.004739143621879756, "gamma": 544.9581299695517, "max_depth": 2.0, "min_child_weight": 4165.565487947842, "num_boost_round": 11.0, "subsample": 0.23617606144722214}, "datetime": {"datetime": "2024-01-20 15:16:05", "elapsed": 3122.479268, "delta": 0.004023}}
{"target": -15.171443372150074, "params": {"colsample_bytree": 0.7104111525019409, "eta": 0.004739143621879756, "gamma": 544.9581299695517, "max_depth": 2.0, "min_child_weight": 4165.565487947842, "num_boost_round": 12.0, "subsample": 0.23617606144722214}, "datetime": {"datetime": "2024-01-20 15:16:05", "elapsed": 3122.825275, "delta": 0.346007}}
{"target": -15.171373302276212, "params": {"colsample_bytree": 0.7104111525019409, "eta": 0.004739143621879756, "gamma": 544.9581299695517, "max_depth": 2.0, "min_child_weight": 4165.565487947842, "num_boost_round": 13.0, "subsample": 0.23617606144722214}, "datetime": {"datetime": "2024-01-20 15:16:05", "elapsed": 3122.830588, "delta": 0.005313}}
{"target": -15.171160447323526, "params": {"colsample_bytree": 0.7104111525019409, "eta": 0.004739143621879756, "gamma": 544.9581299695517, "max_depth": 2.0, "min_child_weight": 4165.565487947842, "num_boost_round": 14.0, "subsample": 0.23617606144722214}, "datetime": {"datetime": "2024-01-20 15:16:05", "elapsed": 3122.835561, "delta": 0.004973}}
{"target": -15.171060768409658, "params": {"colsample_bytree": 0.7104111525019409, "eta": 0.004739143621879756, "gamma": 544.9581299695517, "max_depth": 2.0, "min_child_weight": 4165.565487947842, "num_boost_round": 15.0, "subsample": 0.23617606144722214}, "datetime": {"datetime": "2024-01-20 15:16:05", "elapsed": 3122.839983, "delta": 0.004422}}
{"target": -15.170955755191766, "params": {"colsample_bytree": 0.7104111525019409, "eta": 0.004739143621879756, "gamma": 544.9581299695517, "max_depth": 2.0, "min_child_weight": 4165.565487947842, "num_boost_round": 16.0, "subsample": 0.23617606144722214}, "datetime": {"datetime": "2024-01-20 15:16:05", "elapsed": 3122.843949, "delta": 0.003966}}
{"target": -15.170737456252084, "params": {"colsample_bytree": 0.7104111525019409, "eta": 0.004739143621879756, "gamma": 544.9581299695517, "max_depth": 2.0, "min_child_weight": 4165.565487947842, "num_boost_round": 17.0, "subsample": 0.23617606144722214}, "datetime": {"datetime": "2024-01-20 15:16:05", "elapsed": 3122.847857, "delta": 0.003908}}
{"target": -15.170536560546928, "params": {"colsample_bytree": 0.7104111525019409, "eta": 0.004739143621879756, "gamma": 544.9581299695517, "max_depth": 2.0, "min_child_weight": 4165.565487947842, "num_boost_round": 18.0, "subsample": 0.23617606144722214}, "datetime": {"datetime": "2024-01-20 15:16:05", "elapsed": 3122.851923, "delta": 0.004066}}
{"target": -15.170324459101149, "params": {"colsample_bytree": 0.7104111525019409, "eta": 0.004739143621879756, "gamma": 544.9581299695517, "max_depth": 2.0, "min_child_weight": 4165.565487947842, "num_boost_round": 19.0, "subsample": 0.23617606144722214}, "datetime": {"datetime": "2024-01-20 15:16:05", "elapsed": 3122.855999, "delta": 0.004076}}
{"target": -15.170205920877885, "params": {"colsample_bytree": 0.7104111525019409, "eta": 0.004739143621879756, "gamma": 544.9581299695517, "max_depth": 2.0, "min_child_weight": 4165.565487947842, "num_boost_round": 20.0, "subsample": 0.23617606144722214}, "datetime": {"datetime": "2024-01-20 15:16:05", "elapsed": 3122.859951, "delta": 0.003952}}
{"target": -15.170011744434927, "params": {"colsample_bytree": 0.7104111525019409, "eta": 0.004739143621879756, "gamma": 544.9581299695517, "max_depth": 2.0, "min_child_weight": 4165.565487947842, "num_boost_round": 21.0, "subsample": 0.23617606144722214}, "datetime": {"datetime": "2024-01-20 15:16:05", "elapsed": 3122.864011, "delta": 0.00406}}
{"target": -15.169923834013268, "params": {"colsample_bytree": 0.7104111525019409, "eta": 0.004739143621879756, "gamma": 544.9581299695517, "max_depth": 2.0, "min_child_weight": 4165.565487947842, "num_boost_round": 22.0, "subsample": 0.23617606144722214}, "datetime": {"datetime": "2024-01-20 15:16:05", "elapsed": 3122.867937, "delta": 0.003926}}
{"target": -15.169723069274363, "params": {"colsample_bytree": 0.7104111525019409, "eta": 0.004739143621879756, "gamma": 544.9581299695517, "max_depth": 2.0, "min_child_weight": 4165.565487947842, "num_boost_round": 23.0, "subsample": 0.23617606144722214}, "datetime": {"datetime": "2024-01-20 15:16:05", "elapsed": 3122.872046, "delta": 0.004109}}
{"target": -15.169486973830665, "params": {"colsample_bytree": 0.7104111525019409, "eta": 0.004739143621879756, "gamma": 544.9581299695517, "max_depth": 2.0, "min_child_weight": 4165.565487947842, "num_boost_round": 24.0, "subsample": 0.23617606144722214}, "datetime": {"datetime": "2024-01-20 15:16:05", "elapsed": 3122.876132, "delta": 0.004086}}
{"target": -15.169402313502903, "params": {"colsample_bytree": 0.7104111525019409, "eta": 0.004739143621879756, "gamma": 544.9581299695517, "max_depth": 2.0, "min_child_weight": 4165.565487947842, "num_boost_round": 25.0, "subsample": 0.23617606144722214}, "datetime": {"datetime": "2024-01-20 15:16:05", "elapsed": 3122.880308, "delta": 0.004176}}
{"target": -15.169202627642612, "params": {"colsample_bytree": 0.7104111525019409, "eta": 0.004739143621879756, "gamma": 544.9581299695517, "max_depth": 2.0, "min_child_weight": 4165.565487947842, "num_boost_round": 26.0, "subsample": 0.23617606144722214}, "datetime": {"datetime": "2024-01-20 15:16:05", "elapsed": 3122.884481, "delta": 0.004173}}
{"target": -15.168989097091004, "params": {"colsample_bytree": 0.7104111525019409, "eta": 0.004739143621879756, "gamma": 544.9581299695517, "max_depth": 2.0, "min_child_weight": 4165.565487947842, "num_boost_round": 27.0, "subsample": 0.23617606144722214}, "datetime": {"datetime": "2024-01-20 15:16:05", "elapsed": 3122.888736, "delta": 0.004255}}
{"target": -15.16879879554622, "params": {"colsample_bytree": 0.7104111525019409, "eta": 0.004739143621879756, "gamma": 544.9581299695517, "max_depth": 2.0, "min_child_weight": 4165.565487947842, "num_boost_round": 28.0, "subsample": 0.23617606144722214}, "datetime": {"datetime": "2024-01-20 15:16:05", "elapsed": 3122.892714, "delta": 0.003978}}
