{"target": -12.34792783546714, "params": {"colsample_bytree": 0.34396550042021645, "eta": 0.05947742095989068, "gamma": 580.893479581657, "max_depth": 8.0, "min_child_weight": 4148.029754428806, "num_boost_round": 10.0, "subsample": 0.9098778892123027}, "datetime": {"datetime": "2024-01-20 15:08:17", "elapsed": 2664.178741, "delta": 0.004074}}
{"target": -12.347099797797082, "params": {"colsample_bytree": 0.34396550042021645, "eta": 0.05947742095989068, "gamma": 580.893479581657, "max_depth": 8.0, "min_child_weight": 4148.029754428806, "num_boost_round": 11.0, "subsample": 0.9098778892123027}, "datetime": {"datetime": "2024-01-20 15:08:17", "elapsed": 2664.182516, "delta": 0.003775}}
{"target": -12.346799174141921, "params": {"colsample_bytree": 0.34396550042021645, "eta": 0.05947742095989068, "gamma": 580.893479581657, "max_depth": 8.0, "min_child_weight": 4148.029754428806, "num_boost_round": 12.0, "subsample": 0.9098778892123027}, "datetime": {"datetime": "2024-01-20 15:08:17", "elapsed": 2664.186418, "delta": 0.003902}}
{"target": -12.347285083284895, "params": {"colsample_bytree": 0.34396550042021645, "eta": 0.05947742095989068, "gamma": 580.893479581657, "max_depth": 8.0, "min_child_weight": 4148.029754428806, "num_boost_round": 13.0, "subsample": 0.9098778892123027}, "datetime": {"datetime": "2024-01-20 15:08:17", "elapsed": 2664.190932, "delta": 0.004514}}
{"target": -12.346539422688583, "params": {"colsample_bytree": 0.34396550042021645, "eta": 0.05947742095989068, "gamma": 580.893479581657, "max_depth": 8.0, "min_child_weight": 4148.029754428806, "num_boost_round": 14.0, "subsample": 0.9098778892123027}, "datetime": {"datetime": "2024-01-20 15:08:17", "elapsed": 2664.194717, "delta": 0.003785}}
{"target": -12.34583323527648, "params": {"colsample_bytree": 0.34396550042021645, "eta": 0.05947742095989068, "gamma": 580.893479581657, "max_depth": 8.0, "min_child_weight": 4148.029754428806, "num_boost_round": 15.0, "subsample": 0.9098778892123027}, "datetime": {"datetime": "2024-01-20 15:08:17", "elapsed": 2664.19888, "delta": 0.004163}}
{"target": -12.345397431071742, "params": {"colsample_bytree": 0.34396550042021645, "eta": 0.05947742095989068, "gamma": 580.893479581657, "max_depth": 8.0, "min_child_weight": 4148.029754428806, "num_boost_round": 16.0, "subsample": 0.9098778892123027}, "datetime": {"datetime": "2024-01-20 15:08:17", "elapsed": 2664.202654, "delta": 0.003774}}
{"target": -12.345854468008703, "params": {"colsample_bytree": 0.34396550042021645, "eta": 0.05947742095989068, "gamma": 580.893479581657, "max_depth": 8.0, "min_child_weight": 4148.029754428806, "num_boost_round": 17.0, "subsample": 0.9098778892123027}, "datetime": {"datetime": "2024-01-20 15:08:17", "elapsed": 2664.206382, "delta": 0.003728}}
{"target": -12.345783267189123, "params": {"colsample_bytree": 0.34396550042021645, "eta": 0.05947742095989068, "gamma": 580.893479581657, "max_depth": 8.0, "min_child_weight": 4148.029754428806, "num_boost_round": 18.0, "subsample": 0.9098778892123027}, "datetime": {"datetime": "2024-01-20 15:08:17", "elapsed": 2664.211042, "delta": 0.00466}}
{"target": -12.345761865071749, "params": {"colsample_bytree": 0.34396550042021645, "eta": 0.05947742095989068, "gamma": 580.893479581657, "max_depth": 8.0, "min_child_weight": 4148.029754428806, "num_boost_round": 19.0, "subsample": 0.9098778892123027}, "datetime": {"datetime": "2024-01-20 15:08:18", "elapsed": 2664.558988, "delta": 0.347946}}
{"target": -12.34581760602559, "params": {"colsample_bytree": 0.34396550042021645, "eta": 0.05947742095989068, "gamma": 580.893479581657, "max_depth": 8.0, "min_child_weight": 4148.029754428806, "num_boost_round": 20.0, "subsample": 0.9098778892123027}, "datetime": {"datetime": "2024-01-20 15:08:18", "elapsed": 2664.564079, "delta": 0.005091}}
{"target": -12.345842559256983, "params": {"colsample_bytree": 0.34396550042021645, "eta": 0.05947742095989068, "gamma": 580.893479581657, "max_depth": 8.0, "min_child_weight": 4148.029754428806, "num_boost_round": 21.0, "subsample": 0.9098778892123027}, "datetime": {"datetime": "2024-01-20 15:08:18", "elapsed": 2664.568526, "delta": 0.004447}}
{"target": -12.34591947018794, "params": {"colsample_bytree": 0.34396550042021645, "eta": 0.05947742095989068, "gamma": 580.893479581657, "max_depth": 8.0, "min_child_weight": 4148.029754428806, "num_boost_round": 22.0, "subsample": 0.9098778892123027}, "datetime": {"datetime": "2024-01-20 15:08:18", "elapsed": 2664.572547, "delta": 0.004021}}
{"target": -12.345050974468094, "params": {"colsample_bytree": 0.34396550042021645, "eta": 0.05947742095989068, "gamma": 580.893479581657, "max_depth": 8.0, "min_child_weight": 4148.029754428806, "num_boost_round": 23.0, "subsample": 0.9098778892123027}, "datetime": {"datetime": "2024-01-20 15:08:18", "elapsed": 2664.576643, "delta": 0.004096}}
{"target": -12.345603166213994, "params": {"colsample_bytree": 0.34396550042021645, "eta": 0.05947742095989068, "gamma": 580.893479581657, "max_depth": 8.0, "min_child_weight": 4148.029754428806, "num_boost_round": 24.0, "subsample": 0.9098778892123027}, "datetime": {"datetime": "2024-01-20 15:08:18", "elapsed": 2664.580599, "delta": 0.003956}}
{"target": -12.34515918122474, "params": {"colsample_bytree": 0.34396550042021645, "eta": 0.05947742095989068, "gamma": 580.893479581657, "max_depth": 8.0, "min_child_weight": 4148.029754428806, "num_boost_round": 25.0, "subsample": 0.9098778892123027}, "datetime": {"datetime": "2024-01-20 15:08:18", "elapsed": 2664.58465, "delta": 0.004051}}
{"target": -12.345507442066875, "params": {"colsample_bytree": 0.34396550042021645, "eta": 0.05947742095989068, "gamma": 580.893479581657, "max_depth": 8.0, "min_child_weight": 4148.029754428806, "num_boost_round": 26.0, "subsample": 0.9098778892123027}, "datetime": {"datetime": "2024-01-20 15:08:18", "elapsed": 2664.588686, "delta": 0.004036}}
{"target": -12.345709600471507, "params": {"colsample_bytree": 0.34396550042021645, "eta": 0.05947742095989068, "gamma": 580.893479581657, "max_depth": 8.0, "min_child_weight": 4148.029754428806, "num_boost_round": 27.0, "subsample": 0.9098778892123027}, "datetime": {"datetime": "2024-01-20 15:08:18", "elapsed": 2664.5927, "delta": 0.004014}}
{"target": -12.34585611418314, "params": {"colsample_bytree": 0.34396550042021645, "eta": 0.05947742095989068, "gamma": 580.893479581657, "max_depth": 8.0, "min_child_weight": 4148.029754428806, "num_boost_round": 28.0, "subsample": 0.9098778892123027}, "datetime": {"datetime": "2024-01-20 15:08:18", "elapsed": 2664.596657, "delta": 0.003957}}
{"target": -12.34578602790941, "params": {"colsample_bytree": 0.34396550042021645, "eta": 0.05947742095989068, "gamma": 580.893479581657, "max_depth": 8.0, "min_child_weight": 4148.029754428806, "num_boost_round": 29.0, "subsample": 0.9098778892123027}, "datetime": {"datetime": "2024-01-20 15:08:18", "elapsed": 2664.600662, "delta": 0.004005}}
{"target": -12.34550255517565, "params": {"colsample_bytree": 0.34396550042021645, "eta": 0.05947742095989068, "gamma": 580.893479581657, "max_depth": 8.0, "min_child_weight": 4148.029754428806, "num_boost_round": 30.0, "subsample": 0.9098778892123027}, "datetime": {"datetime": "2024-01-20 15:08:18", "elapsed": 2664.604622, "delta": 0.00396}}
{"target": -12.344424888122276, "params": {"colsample_bytree": 0.34396550042021645, "eta": 0.05947742095989068, "gamma": 580.893479581657, "max_depth": 8.0, "min_child_weight": 4148.029754428806, "num_boost_round": 31.0, "subsample": 0.9098778892123027}, "datetime": {"datetime": "2024-01-20 15:08:18", "elapsed": 2664.608587, "delta": 0.003965}}
{"target": -12.344694416584446, "params": {"colsample_bytree": 0.34396550042021645, "eta": 0.05947742095989068, "gamma": 580.893479581657, "max_depth": 8.0, "min_child_weight": 4148.029754428806, "num_boost_round": 32.0, "subsample": 0.9098778892123027}, "datetime": {"datetime": "2024-01-20 15:08:18", "elapsed": 2664.61257, "delta": 0.003983}}
{"target": -12.345126669140335, "params": {"colsample_bytree": 0.34396550042021645, "eta": 0.05947742095989068, "gamma": 580.893479581657, "max_depth": 8.0, "min_child_weight": 4148.029754428806, "num_boost_round": 33.0, "subsample": 0.9098778892123027}, "datetime": {"datetime": "2024-01-20 15:08:18", "elapsed": 2664.616483, "delta": 0.003913}}
{"target": -12.344831906909425, "params": {"colsample_bytree": 0.34396550042021645, "eta": 0.05947742095989068, "gamma": 580.893479581657, "max_depth": 8.0, "min_child_weight": 4148.029754428806, "num_boost_round": 34.0, "subsample": 0.9098778892123027}, "datetime": {"datetime": "2024-01-20 15:08:18", "elapsed": 2664.620349, "delta": 0.003866}}
{"target": -12.344528389186905, "params": {"colsample_bytree": 0.34396550042021645, "eta": 0.05947742095989068, "gamma": 580.893479581657, "max_depth": 8.0, "min_child_weight": 4148.029754428806, "num_boost_round": 35.0, "subsample": 0.9098778892123027}, "datetime": {"datetime": "2024-01-20 15:08:18", "elapsed": 2664.624236, "delta": 0.003887}}
{"target": -12.344631857560268, "params": {"colsample_bytree": 0.34396550042021645, "eta": 0.05947742095989068, "gamma": 580.893479581657, "max_depth": 8.0, "min_child_weight": 4148.029754428806, "num_boost_round": 36.0, "subsample": 0.9098778892123027}, "datetime": {"datetime": "2024-01-20 15:08:18", "elapsed": 2664.628066, "delta": 0.00383}}
{"target": -12.34514427053112, "params": {"colsample_bytree": 0.34396550042021645, "eta": 0.05947742095989068, "gamma": 580.893479581657, "max_depth": 8.0, "min_child_weight": 4148.029754428806, "num_boost_round": 37.0, "subsample": 0.9098778892123027}, "datetime": {"datetime": "2024-01-20 15:08:18", "elapsed": 2664.632117, "delta": 0.004051}}
{"target": -12.34500047345588, "params": {"colsample_bytree": 0.34396550042021645, "eta": 0.05947742095989068, "gamma": 580.893479581657, "max_depth": 8.0, "min_child_weight": 4148.029754428806, "num_boost_round": 38.0, "subsample": 0.9098778892123027}, "datetime": {"datetime": "2024-01-20 15:08:18", "elapsed": 2664.636297, "delta": 0.00418}}
{"target": -12.344905055264828, "params": {"colsample_bytree": 0.34396550042021645, "eta": 0.05947742095989068, "gamma": 580.893479581657, "max_depth": 8.0, "min_child_weight": 4148.029754428806, "num_boost_round": 39.0, "subsample": 0.9098778892123027}, "datetime": {"datetime": "2024-01-20 15:08:18", "elapsed": 2664.640439, "delta": 0.004142}}
{"target": -12.344433548499165, "params": {"colsample_bytree": 0.34396550042021645, "eta": 0.05947742095989068, "gamma": 580.893479581657, "max_depth": 8.0, "min_child_weight": 4148.029754428806, "num_boost_round": 40.0, "subsample": 0.9098778892123027}, "datetime": {"datetime": "2024-01-20 15:08:18", "elapsed": 2664.645221, "delta": 0.004782}}
{"target": -12.357371401999078, "params": {"colsample_bytree": 0.9008918698349337, "eta": 0.022210031427693424, "gamma": 597.5771873593593, "max_depth": 6.0, "min_child_weight": 4260.047382481334, "num_boost_round": 1.0, "subsample": 0.44648970167638047}, "datetime": {"datetime": "2024-01-20 15:09:04", "elapsed": 2710.479086, "delta": 45.833865}}
{"target": -12.356059030567845, "params": {"colsample_bytree": 0.9008918698349337, "eta": 0.022210031427693424, "gamma": 597.5771873593593, "max_depth": 6.0, "min_child_weight": 4260.047382481334, "num_boost_round": 2.0, "subsample": 0.44648970167638047}, "datetime": {"datetime": "2024-01-20 15:09:04", "elapsed": 2710.483918, "delta": 0.004832}}
{"target": -12.354813452679707, "params": {"colsample_bytree": 0.9008918698349337, "eta": 0.022210031427693424, "gamma": 597.5771873593593, "max_depth": 6.0, "min_child_weight": 4260.047382481334, "num_boost_round": 3.0, "subsample": 0.44648970167638047}, "datetime": {"datetime": "2024-01-20 15:09:04", "elapsed": 2710.487945, "delta": 0.004027}}
{"target": -12.35372695889595, "params": {"colsample_bytree": 0.9008918698349337, "eta": 0.022210031427693424, "gamma": 597.5771873593593, "max_depth": 6.0, "min_child_weight": 4260.047382481334, "num_boost_round": 4.0, "subsample": 0.44648970167638047}, "datetime": {"datetime": "2024-01-20 15:09:04", "elapsed": 2710.491671, "delta": 0.003726}}
{"target": -12.352834412441652, "params": {"colsample_bytree": 0.9008918698349337, "eta": 0.022210031427693424, "gamma": 597.5771873593593, "max_depth": 6.0, "min_child_weight": 4260.047382481334, "num_boost_round": 5.0, "subsample": 0.44648970167638047}, "datetime": {"datetime": "2024-01-20 15:09:04", "elapsed": 2710.495388, "delta": 0.003717}}
{"target": -12.356836205475352, "params": {"colsample_bytree": 0.3662857276558953, "eta": 0.061175371911254016, "gamma": 510.4333462643348, "max_depth": 3.0, "min_child_weight": 4222.5744755664155, "num_boost_round": 1.0, "subsample": 0.8537301740933692}, "datetime": {"datetime": "2024-01-20 15:09:47", "elapsed": 2754.22013, "delta": 43.724742}}
{"target": -12.355410809757288, "params": {"colsample_bytree": 0.3662857276558953, "eta": 0.061175371911254016, "gamma": 510.4333462643348, "max_depth": 3.0, "min_child_weight": 4222.5744755664155, "num_boost_round": 2.0, "subsample": 0.8537301740933692}, "datetime": {"datetime": "2024-01-20 15:09:47", "elapsed": 2754.224072, "delta": 0.003942}}
{"target": -12.352247230557499, "params": {"colsample_bytree": 0.3662857276558953, "eta": 0.061175371911254016, "gamma": 510.4333462643348, "max_depth": 3.0, "min_child_weight": 4222.5744755664155, "num_boost_round": 3.0, "subsample": 0.8537301740933692}, "datetime": {"datetime": "2024-01-20 15:09:47", "elapsed": 2754.228313, "delta": 0.004241}}
{"target": -12.3526168375632, "params": {"colsample_bytree": 0.3662857276558953, "eta": 0.061175371911254016, "gamma": 510.4333462643348, "max_depth": 3.0, "min_child_weight": 4222.5744755664155, "num_boost_round": 4.0, "subsample": 0.8537301740933692}, "datetime": {"datetime": "2024-01-20 15:09:47", "elapsed": 2754.232038, "delta": 0.003725}}
{"target": -12.351450177779476, "params": {"colsample_bytree": 0.3662857276558953, "eta": 0.061175371911254016, "gamma": 510.4333462643348, "max_depth": 3.0, "min_child_weight": 4222.5744755664155, "num_boost_round": 5.0, "subsample": 0.8537301740933692}, "datetime": {"datetime": "2024-01-20 15:09:47", "elapsed": 2754.235666, "delta": 0.003628}}
{"target": -12.350373286614294, "params": {"colsample_bytree": 0.3662857276558953, "eta": 0.061175371911254016, "gamma": 510.4333462643348, "max_depth": 3.0, "min_child_weight": 4222.5744755664155, "num_boost_round": 6.0, "subsample": 0.8537301740933692}, "datetime": {"datetime": "2024-01-20 15:09:47", "elapsed": 2754.239381, "delta": 0.003715}}
{"target": -12.350818646061445, "params": {"colsample_bytree": 0.3662857276558953, "eta": 0.061175371911254016, "gamma": 510.4333462643348, "max_depth": 3.0, "min_child_weight": 4222.5744755664155, "num_boost_round": 7.0, "subsample": 0.8537301740933692}, "datetime": {"datetime": "2024-01-20 15:09:47", "elapsed": 2754.243145, "delta": 0.003764}}
{"target": -12.349553469387853, "params": {"colsample_bytree": 0.3662857276558953, "eta": 0.061175371911254016, "gamma": 510.4333462643348, "max_depth": 3.0, "min_child_weight": 4222.5744755664155, "num_boost_round": 8.0, "subsample": 0.8537301740933692}, "datetime": {"datetime": "2024-01-20 15:09:47", "elapsed": 2754.246814, "delta": 0.003669}}
{"target": -12.349561892870263, "params": {"colsample_bytree": 0.3662857276558953, "eta": 0.061175371911254016, "gamma": 510.4333462643348, "max_depth": 3.0, "min_child_weight": 4222.5744755664155, "num_boost_round": 9.0, "subsample": 0.8537301740933692}, "datetime": {"datetime": "2024-01-20 15:09:47", "elapsed": 2754.250414, "delta": 0.0036}}
{"target": -12.348851456414042, "params": {"colsample_bytree": 0.3662857276558953, "eta": 0.061175371911254016, "gamma": 510.4333462643348, "max_depth": 3.0, "min_child_weight": 4222.5744755664155, "num_boost_round": 10.0, "subsample": 0.8537301740933692}, "datetime": {"datetime": "2024-01-20 15:09:47", "elapsed": 2754.254127, "delta": 0.003713}}
{"target": -12.348165882837892, "params": {"colsample_bytree": 0.3662857276558953, "eta": 0.061175371911254016, "gamma": 510.4333462643348, "max_depth": 3.0, "min_child_weight": 4222.5744755664155, "num_boost_round": 11.0, "subsample": 0.8537301740933692}, "datetime": {"datetime": "2024-01-20 15:09:47", "elapsed": 2754.257743, "delta": 0.003616}}
{"target": -12.34791118761575, "params": {"colsample_bytree": 0.3662857276558953, "eta": 0.061175371911254016, "gamma": 510.4333462643348, "max_depth": 3.0, "min_child_weight": 4222.5744755664155, "num_boost_round": 12.0, "subsample": 0.8537301740933692}, "datetime": {"datetime": "2024-01-20 15:09:47", "elapsed": 2754.261556, "delta": 0.003813}}
{"target": -12.348291904934467, "params": {"colsample_bytree": 0.3662857276558953, "eta": 0.061175371911254016, "gamma": 510.4333462643348, "max_depth": 3.0, "min_child_weight": 4222.5744755664155, "num_boost_round": 13.0, "subsample": 0.8537301740933692}, "datetime": {"datetime": "2024-01-20 15:09:47", "elapsed": 2754.265401, "delta": 0.003845}}
{"target": -12.347392285254676, "params": {"colsample_bytree": 0.3662857276558953, "eta": 0.061175371911254016, "gamma": 510.4333462643348, "max_depth": 3.0, "min_child_weight": 4222.5744755664155, "num_boost_round": 14.0, "subsample": 0.8537301740933692}, "datetime": {"datetime": "2024-01-20 15:09:47", "elapsed": 2754.26916, "delta": 0.003759}}
{"target": -12.34628228992944, "params": {"colsample_bytree": 0.3662857276558953, "eta": 0.061175371911254016, "gamma": 510.4333462643348, "max_depth": 3.0, "min_child_weight": 4222.5744755664155, "num_boost_round": 15.0, "subsample": 0.8537301740933692}, "datetime": {"datetime": "2024-01-20 15:09:47", "elapsed": 2754.272798, "delta": 0.003638}}
{"target": -12.34574467469595, "params": {"colsample_bytree": 0.3662857276558953, "eta": 0.061175371911254016, "gamma": 510.4333462643348, "max_depth": 3.0, "min_child_weight": 4222.5744755664155, "num_boost_round": 16.0, "subsample": 0.8537301740933692}, "datetime": {"datetime": "2024-01-20 15:09:48", "elapsed": 2754.276578, "delta": 0.00378}}
{"target": -12.346033214589283, "params": {"colsample_bytree": 0.3662857276558953, "eta": 0.061175371911254016, "gamma": 510.4333462643348, "max_depth": 3.0, "min_child_weight": 4222.5744755664155, "num_boost_round": 17.0, "subsample": 0.8537301740933692}, "datetime": {"datetime": "2024-01-20 15:09:48", "elapsed": 2754.280219, "delta": 0.003641}}
{"target": -12.34597525380942, "params": {"colsample_bytree": 0.3662857276558953, "eta": 0.061175371911254016, "gamma": 510.4333462643348, "max_depth": 3.0, "min_child_weight": 4222.5744755664155, "num_boost_round": 18.0, "subsample": 0.8537301740933692}, "datetime": {"datetime": "2024-01-20 15:09:48", "elapsed": 2754.283888, "delta": 0.003669}}
{"target": -12.345904835835173, "params": {"colsample_bytree": 0.3662857276558953, "eta": 0.061175371911254016, "gamma": 510.4333462643348, "max_depth": 3.0, "min_child_weight": 4222.5744755664155, "num_boost_round": 19.0, "subsample": 0.8537301740933692}, "datetime": {"datetime": "2024-01-20 15:09:48", "elapsed": 2754.287655, "delta": 0.003767}}
{"target": -12.345358780000863, "params": {"colsample_bytree": 0.3662857276558953, "eta": 0.061175371911254016, "gamma": 510.4333462643348, "max_depth": 3.0, "min_child_weight": 4222.5744755664155, "num_boost_round": 20.0, "subsample": 0.8537301740933692}, "datetime": {"datetime": "2024-01-20 15:09:48", "elapsed": 2754.291322, "delta": 0.003667}}
{"target": -12.345459683917678, "params": {"colsample_bytree": 0.3662857276558953, "eta": 0.061175371911254016, "gamma": 510.4333462643348, "max_depth": 3.0, "min_child_weight": 4222.5744755664155, "num_boost_round": 21.0, "subsample": 0.8537301740933692}, "datetime": {"datetime": "2024-01-20 15:09:48", "elapsed": 2754.295024, "delta": 0.003702}}
{"target": -12.345616803292316, "params": {"colsample_bytree": 0.3662857276558953, "eta": 0.061175371911254016, "gamma": 510.4333462643348, "max_depth": 3.0, "min_child_weight": 4222.5744755664155, "num_boost_round": 22.0, "subsample": 0.8537301740933692}, "datetime": {"datetime": "2024-01-20 15:09:48", "elapsed": 2754.298782, "delta": 0.003758}}
{"target": -12.344897860060069, "params": {"colsample_bytree": 0.3662857276558953, "eta": 0.061175371911254016, "gamma": 510.4333462643348, "max_depth": 3.0, "min_child_weight": 4222.5744755664155, "num_boost_round": 23.0, "subsample": 0.8537301740933692}, "datetime": {"datetime": "2024-01-20 15:09:48", "elapsed": 2754.302471, "delta": 0.003689}}
{"target": -12.345296983693832, "params": {"colsample_bytree": 0.3662857276558953, "eta": 0.061175371911254016, "gamma": 510.4333462643348, "max_depth": 3.0, "min_child_weight": 4222.5744755664155, "num_boost_round": 24.0, "subsample": 0.8537301740933692}, "datetime": {"datetime": "2024-01-20 15:09:48", "elapsed": 2754.306118, "delta": 0.003647}}
{"target": -12.344099451087605, "params": {"colsample_bytree": 0.3662857276558953, "eta": 0.061175371911254016, "gamma": 510.4333462643348, "max_depth": 3.0, "min_child_weight": 4222.5744755664155, "num_boost_round": 25.0, "subsample": 0.8537301740933692}, "datetime": {"datetime": "2024-01-20 15:09:48", "elapsed": 2754.309864, "delta": 0.003746}}
{"target": -12.344356550595476, "params": {"colsample_bytree": 0.3662857276558953, "eta": 0.061175371911254016, "gamma": 510.4333462643348, "max_depth": 3.0, "min_child_weight": 4222.5744755664155, "num_boost_round": 26.0, "subsample": 0.8537301740933692}, "datetime": {"datetime": "2024-01-20 15:09:48", "elapsed": 2754.313496, "delta": 0.003632}}
{"target": -12.344548920199736, "params": {"colsample_bytree": 0.3662857276558953, "eta": 0.061175371911254016, "gamma": 510.4333462643348, "max_depth": 3.0, "min_child_weight": 4222.5744755664155, "num_boost_round": 27.0, "subsample": 0.8537301740933692}, "datetime": {"datetime": "2024-01-20 15:09:48", "elapsed": 2754.317133, "delta": 0.003637}}
