{"target": -10.306141837946114, "params": {"colsample_bytree": 0.8379326440692404, "eta": 0.09854345047851588, "gamma": 97.32034651132093, "max_depth": 3.0, "min_child_weight": 4435.81501127761, "num_boost_round": 11.0, "subsample": 0.6247764941055958}, "datetime": {"datetime": "2024-01-20 15:30:15", "elapsed": 7713.270118, "delta": 0.005491}}
{"target": -10.306625485961227, "params": {"colsample_bytree": 0.8379326440692404, "eta": 0.09854345047851588, "gamma": 97.32034651132093, "max_depth": 3.0, "min_child_weight": 4435.81501127761, "num_boost_round": 12.0, "subsample": 0.6247764941055958}, "datetime": {"datetime": "2024-01-20 15:30:15", "elapsed": 7713.275497, "delta": 0.005379}}
{"target": -10.306958787337065, "params": {"colsample_bytree": 0.8379326440692404, "eta": 0.09854345047851588, "gamma": 97.32034651132093, "max_depth": 3.0, "min_child_weight": 4435.81501127761, "num_boost_round": 13.0, "subsample": 0.6247764941055958}, "datetime": {"datetime": "2024-01-20 15:30:15", "elapsed": 7713.280881, "delta": 0.005384}}
{"target": -10.30755545152813, "params": {"colsample_bytree": 0.8379326440692404, "eta": 0.09854345047851588, "gamma": 97.32034651132093, "max_depth": 3.0, "min_child_weight": 4435.81501127761, "num_boost_round": 14.0, "subsample": 0.6247764941055958}, "datetime": {"datetime": "2024-01-20 15:30:15", "elapsed": 7713.286284, "delta": 0.005403}}
{"target": -10.307572114674992, "params": {"colsample_bytree": 0.8379326440692404, "eta": 0.09854345047851588, "gamma": 97.32034651132093, "max_depth": 3.0, "min_child_weight": 4435.81501127761, "num_boost_round": 15.0, "subsample": 0.6247764941055958}, "datetime": {"datetime": "2024-01-20 15:30:15", "elapsed": 7713.291968, "delta": 0.005684}}
{"target": -10.307614740025993, "params": {"colsample_bytree": 0.8379326440692404, "eta": 0.09854345047851588, "gamma": 97.32034651132093, "max_depth": 3.0, "min_child_weight": 4435.81501127761, "num_boost_round": 16.0, "subsample": 0.6247764941055958}, "datetime": {"datetime": "2024-01-20 15:30:15", "elapsed": 7713.297473, "delta": 0.005505}}
{"target": -10.307886084906979, "params": {"colsample_bytree": 0.8379326440692404, "eta": 0.09854345047851588, "gamma": 97.32034651132093, "max_depth": 3.0, "min_child_weight": 4435.81501127761, "num_boost_round": 17.0, "subsample": 0.6247764941055958}, "datetime": {"datetime": "2024-01-20 15:30:15", "elapsed": 7713.303127, "delta": 0.005654}}
{"target": -10.308074755923343, "params": {"colsample_bytree": 0.8379326440692404, "eta": 0.09854345047851588, "gamma": 97.32034651132093, "max_depth": 3.0, "min_child_weight": 4435.81501127761, "num_boost_round": 18.0, "subsample": 0.6247764941055958}, "datetime": {"datetime": "2024-01-20 15:30:15", "elapsed": 7713.308624, "delta": 0.005497}}
{"target": -10.308415046029188, "params": {"colsample_bytree": 0.8379326440692404, "eta": 0.09854345047851588, "gamma": 97.32034651132093, "max_depth": 3.0, "min_child_weight": 4435.81501127761, "num_boost_round": 19.0, "subsample": 0.6247764941055958}, "datetime": {"datetime": "2024-01-20 15:30:15", "elapsed": 7713.313972, "delta": 0.005348}}
{"target": -10.308467379376156, "params": {"colsample_bytree": 0.8379326440692404, "eta": 0.09854345047851588, "gamma": 97.32034651132093, "max_depth": 3.0, "min_child_weight": 4435.81501127761, "num_boost_round": 20.0, "subsample": 0.6247764941055958}, "datetime": {"datetime": "2024-01-20 15:30:15", "elapsed": 7713.319327, "delta": 0.005355}}
{"target": -10.308700204659624, "params": {"colsample_bytree": 0.8379326440692404, "eta": 0.09854345047851588, "gamma": 97.32034651132093, "max_depth": 3.0, "min_child_weight": 4435.81501127761, "num_boost_round": 21.0, "subsample": 0.6247764941055958}, "datetime": {"datetime": "2024-01-20 15:30:15", "elapsed": 7713.324726, "delta": 0.005399}}
{"target": -10.309005452431148, "params": {"colsample_bytree": 0.8379326440692404, "eta": 0.09854345047851588, "gamma": 97.32034651132093, "max_depth": 3.0, "min_child_weight": 4435.81501127761, "num_boost_round": 22.0, "subsample": 0.6247764941055958}, "datetime": {"datetime": "2024-01-20 15:30:15", "elapsed": 7713.330262, "delta": 0.005536}}
{"target": -10.309241530532415, "params": {"colsample_bytree": 0.8379326440692404, "eta": 0.09854345047851588, "gamma": 97.32034651132093, "max_depth": 3.0, "min_child_weight": 4435.81501127761, "num_boost_round": 23.0, "subsample": 0.6247764941055958}, "datetime": {"datetime": "2024-01-20 15:30:15", "elapsed": 7713.336607, "delta": 0.006345}}
{"target": -10.309321188364096, "params": {"colsample_bytree": 0.8379326440692404, "eta": 0.09854345047851588, "gamma": 97.32034651132093, "max_depth": 3.0, "min_child_weight": 4435.81501127761, "num_boost_round": 24.0, "subsample": 0.6247764941055958}, "datetime": {"datetime": "2024-01-20 15:30:15", "elapsed": 7713.343069, "delta": 0.006462}}
{"target": -10.309471051624126, "params": {"colsample_bytree": 0.8379326440692404, "eta": 0.09854345047851588, "gamma": 97.32034651132093, "max_depth": 3.0, "min_child_weight": 4435.81501127761, "num_boost_round": 25.0, "subsample": 0.6247764941055958}, "datetime": {"datetime": "2024-01-20 15:30:15", "elapsed": 7713.348955, "delta": 0.005886}}
{"target": -10.309600038639145, "params": {"colsample_bytree": 0.8379326440692404, "eta": 0.09854345047851588, "gamma": 97.32034651132093, "max_depth": 3.0, "min_child_weight": 4435.81501127761, "num_boost_round": 26.0, "subsample": 0.6247764941055958}, "datetime": {"datetime": "2024-01-20 15:30:15", "elapsed": 7713.354832, "delta": 0.005877}}
{"target": -10.310426374931627, "params": {"colsample_bytree": 0.8379326440692404, "eta": 0.09854345047851588, "gamma": 97.32034651132093, "max_depth": 3.0, "min_child_weight": 4435.81501127761, "num_boost_round": 27.0, "subsample": 0.6247764941055958}, "datetime": {"datetime": "2024-01-20 15:30:15", "elapsed": 7713.360432, "delta": 0.0056}}
{"target": -10.310714020855407, "params": {"colsample_bytree": 0.8379326440692404, "eta": 0.09854345047851588, "gamma": 97.32034651132093, "max_depth": 3.0, "min_child_weight": 4435.81501127761, "num_boost_round": 28.0, "subsample": 0.6247764941055958}, "datetime": {"datetime": "2024-01-20 15:30:15", "elapsed": 7713.365984, "delta": 0.005552}}
{"target": -10.31120559717024, "params": {"colsample_bytree": 0.8379326440692404, "eta": 0.09854345047851588, "gamma": 97.32034651132093, "max_depth": 3.0, "min_child_weight": 4435.81501127761, "num_boost_round": 29.0, "subsample": 0.6247764941055958}, "datetime": {"datetime": "2024-01-20 15:30:15", "elapsed": 7713.371777, "delta": 0.005793}}
{"target": -10.311181820382025, "params": {"colsample_bytree": 0.8379326440692404, "eta": 0.09854345047851588, "gamma": 97.32034651132093, "max_depth": 3.0, "min_child_weight": 4435.81501127761, "num_boost_round": 30.0, "subsample": 0.6247764941055958}, "datetime": {"datetime": "2024-01-20 15:30:15", "elapsed": 7713.377284, "delta": 0.005507}}
{"target": -10.311429126292744, "params": {"colsample_bytree": 0.8379326440692404, "eta": 0.09854345047851588, "gamma": 97.32034651132093, "max_depth": 3.0, "min_child_weight": 4435.81501127761, "num_boost_round": 31.0, "subsample": 0.6247764941055958}, "datetime": {"datetime": "2024-01-20 15:30:15", "elapsed": 7713.382763, "delta": 0.005479}}
{"target": -10.312184077847592, "params": {"colsample_bytree": 0.8379326440692404, "eta": 0.09854345047851588, "gamma": 97.32034651132093, "max_depth": 3.0, "min_child_weight": 4435.81501127761, "num_boost_round": 32.0, "subsample": 0.6247764941055958}, "datetime": {"datetime": "2024-01-20 15:30:15", "elapsed": 7713.388376, "delta": 0.005613}}
{"target": -10.31249640556348, "params": {"colsample_bytree": 0.8379326440692404, "eta": 0.09854345047851588, "gamma": 97.32034651132093, "max_depth": 3.0, "min_child_weight": 4435.81501127761, "num_boost_round": 33.0, "subsample": 0.6247764941055958}, "datetime": {"datetime": "2024-01-20 15:30:15", "elapsed": 7713.393852, "delta": 0.005476}}
{"target": -10.312846369211176, "params": {"colsample_bytree": 0.8379326440692404, "eta": 0.09854345047851588, "gamma": 97.32034651132093, "max_depth": 3.0, "min_child_weight": 4435.81501127761, "num_boost_round": 34.0, "subsample": 0.6247764941055958}, "datetime": {"datetime": "2024-01-20 15:30:15", "elapsed": 7713.399517, "delta": 0.005665}}
{"target": -10.31284405128467, "params": {"colsample_bytree": 0.8379326440692404, "eta": 0.09854345047851588, "gamma": 97.32034651132093, "max_depth": 3.0, "min_child_weight": 4435.81501127761, "num_boost_round": 35.0, "subsample": 0.6247764941055958}, "datetime": {"datetime": "2024-01-20 15:30:15", "elapsed": 7713.40482, "delta": 0.005303}}
{"target": -10.313140734206335, "params": {"colsample_bytree": 0.8379326440692404, "eta": 0.09854345047851588, "gamma": 97.32034651132093, "max_depth": 3.0, "min_child_weight": 4435.81501127761, "num_boost_round": 36.0, "subsample": 0.6247764941055958}, "datetime": {"datetime": "2024-01-20 15:30:15", "elapsed": 7713.410409, "delta": 0.005589}}
{"target": -10.313423698506371, "params": {"colsample_bytree": 0.8379326440692404, "eta": 0.09854345047851588, "gamma": 97.32034651132093, "max_depth": 3.0, "min_child_weight": 4435.81501127761, "num_boost_round": 37.0, "subsample": 0.6247764941055958}, "datetime": {"datetime": "2024-01-20 15:30:15", "elapsed": 7713.415936, "delta": 0.005527}}
{"target": -10.313382706434787, "params": {"colsample_bytree": 0.8379326440692404, "eta": 0.09854345047851588, "gamma": 97.32034651132093, "max_depth": 3.0, "min_child_weight": 4435.81501127761, "num_boost_round": 38.0, "subsample": 0.6247764941055958}, "datetime": {"datetime": "2024-01-20 15:30:15", "elapsed": 7713.421566, "delta": 0.00563}}
{"target": -10.313530169096625, "params": {"colsample_bytree": 0.8379326440692404, "eta": 0.09854345047851588, "gamma": 97.32034651132093, "max_depth": 3.0, "min_child_weight": 4435.81501127761, "num_boost_round": 39.0, "subsample": 0.6247764941055958}, "datetime": {"datetime": "2024-01-20 15:30:15", "elapsed": 7713.426986, "delta": 0.00542}}
{"target": -10.314423624479982, "params": {"colsample_bytree": 0.8379326440692404, "eta": 0.09854345047851588, "gamma": 97.32034651132093, "max_depth": 3.0, "min_child_weight": 4435.81501127761, "num_boost_round": 40.0, "subsample": 0.6247764941055958}, "datetime": {"datetime": "2024-01-20 15:30:15", "elapsed": 7713.434403, "delta": 0.007417}}
{"target": -10.314390443705483, "params": {"colsample_bytree": 0.8379326440692404, "eta": 0.09854345047851588, "gamma": 97.32034651132093, "max_depth": 3.0, "min_child_weight": 4435.81501127761, "num_boost_round": 41.0, "subsample": 0.6247764941055958}, "datetime": {"datetime": "2024-01-20 15:30:15", "elapsed": 7713.440451, "delta": 0.006048}}
{"target": -10.314397687950486, "params": {"colsample_bytree": 0.8379326440692404, "eta": 0.09854345047851588, "gamma": 97.32034651132093, "max_depth": 3.0, "min_child_weight": 4435.81501127761, "num_boost_round": 42.0, "subsample": 0.6247764941055958}, "datetime": {"datetime": "2024-01-20 15:30:15", "elapsed": 7713.446143, "delta": 0.005692}}
{"target": -10.314776166877861, "params": {"colsample_bytree": 0.8379326440692404, "eta": 0.09854345047851588, "gamma": 97.32034651132093, "max_depth": 3.0, "min_child_weight": 4435.81501127761, "num_boost_round": 43.0, "subsample": 0.6247764941055958}, "datetime": {"datetime": "2024-01-20 15:30:15", "elapsed": 7713.451662, "delta": 0.005519}}
{"target": -10.31466080720112, "params": {"colsample_bytree": 0.8379326440692404, "eta": 0.09854345047851588, "gamma": 97.32034651132093, "max_depth": 3.0, "min_child_weight": 4435.81501127761, "num_boost_round": 44.0, "subsample": 0.6247764941055958}, "datetime": {"datetime": "2024-01-20 15:30:15", "elapsed": 7713.457101, "delta": 0.005439}}
{"target": -10.315116988896992, "params": {"colsample_bytree": 0.8379326440692404, "eta": 0.09854345047851588, "gamma": 97.32034651132093, "max_depth": 3.0, "min_child_weight": 4435.81501127761, "num_boost_round": 45.0, "subsample": 0.6247764941055958}, "datetime": {"datetime": "2024-01-20 15:30:15", "elapsed": 7713.462614, "delta": 0.005513}}
{"target": -10.315765387508751, "params": {"colsample_bytree": 0.8379326440692404, "eta": 0.09854345047851588, "gamma": 97.32034651132093, "max_depth": 3.0, "min_child_weight": 4435.81501127761, "num_boost_round": 46.0, "subsample": 0.6247764941055958}, "datetime": {"datetime": "2024-01-20 15:30:15", "elapsed": 7713.468222, "delta": 0.005608}}
{"target": -10.31582429458405, "params": {"colsample_bytree": 0.8379326440692404, "eta": 0.09854345047851588, "gamma": 97.32034651132093, "max_depth": 3.0, "min_child_weight": 4435.81501127761, "num_boost_round": 47.0, "subsample": 0.6247764941055958}, "datetime": {"datetime": "2024-01-20 15:30:15", "elapsed": 7713.473766, "delta": 0.005544}}
{"target": -10.315654744192017, "params": {"colsample_bytree": 0.8379326440692404, "eta": 0.09854345047851588, "gamma": 97.32034651132093, "max_depth": 3.0, "min_child_weight": 4435.81501127761, "num_boost_round": 48.0, "subsample": 0.6247764941055958}, "datetime": {"datetime": "2024-01-20 15:30:15", "elapsed": 7713.479328, "delta": 0.005562}}
{"target": -10.31600082367791, "params": {"colsample_bytree": 0.8379326440692404, "eta": 0.09854345047851588, "gamma": 97.32034651132093, "max_depth": 3.0, "min_child_weight": 4435.81501127761, "num_boost_round": 49.0, "subsample": 0.6247764941055958}, "datetime": {"datetime": "2024-01-20 15:30:15", "elapsed": 7713.485022, "delta": 0.005694}}
{"target": -10.316011805208028, "params": {"colsample_bytree": 0.8379326440692404, "eta": 0.09854345047851588, "gamma": 97.32034651132093, "max_depth": 3.0, "min_child_weight": 4435.81501127761, "num_boost_round": 50.0, "subsample": 0.6247764941055958}, "datetime": {"datetime": "2024-01-20 15:30:15", "elapsed": 7713.490514, "delta": 0.005492}}
{"target": -10.316387114590828, "params": {"colsample_bytree": 0.8379326440692404, "eta": 0.09854345047851588, "gamma": 97.32034651132093, "max_depth": 3.0, "min_child_weight": 4435.81501127761, "num_boost_round": 51.0, "subsample": 0.6247764941055958}, "datetime": {"datetime": "2024-01-20 15:30:15", "elapsed": 7713.496176, "delta": 0.005662}}
{"target": -10.316445833025398, "params": {"colsample_bytree": 0.8379326440692404, "eta": 0.09854345047851588, "gamma": 97.32034651132093, "max_depth": 3.0, "min_child_weight": 4435.81501127761, "num_boost_round": 52.0, "subsample": 0.6247764941055958}, "datetime": {"datetime": "2024-01-20 15:30:15", "elapsed": 7713.501791, "delta": 0.005615}}
{"target": -10.317022259118046, "params": {"colsample_bytree": 0.8379326440692404, "eta": 0.09854345047851588, "gamma": 97.32034651132093, "max_depth": 3.0, "min_child_weight": 4435.81501127761, "num_boost_round": 53.0, "subsample": 0.6247764941055958}, "datetime": {"datetime": "2024-01-20 15:30:15", "elapsed": 7713.507314, "delta": 0.005523}}
{"target": -10.317259681400834, "params": {"colsample_bytree": 0.8379326440692404, "eta": 0.09854345047851588, "gamma": 97.32034651132093, "max_depth": 3.0, "min_child_weight": 4435.81501127761, "num_boost_round": 54.0, "subsample": 0.6247764941055958}, "datetime": {"datetime": "2024-01-20 15:30:15", "elapsed": 7713.512739, "delta": 0.005425}}
{"target": -10.317503107735995, "params": {"colsample_bytree": 0.8379326440692404, "eta": 0.09854345047851588, "gamma": 97.32034651132093, "max_depth": 3.0, "min_child_weight": 4435.81501127761, "num_boost_round": 55.0, "subsample": 0.6247764941055958}, "datetime": {"datetime": "2024-01-20 15:30:15", "elapsed": 7713.518303, "delta": 0.005564}}
{"target": -10.317852119718946, "params": {"colsample_bytree": 0.8379326440692404, "eta": 0.09854345047851588, "gamma": 97.32034651132093, "max_depth": 3.0, "min_child_weight": 4435.81501127761, "num_boost_round": 56.0, "subsample": 0.6247764941055958}, "datetime": {"datetime": "2024-01-20 15:30:15", "elapsed": 7713.523883, "delta": 0.00558}}
{"target": -10.318023798452174, "params": {"colsample_bytree": 0.8379326440692404, "eta": 0.09854345047851588, "gamma": 97.32034651132093, "max_depth": 3.0, "min_child_weight": 4435.81501127761, "num_boost_round": 57.0, "subsample": 0.6247764941055958}, "datetime": {"datetime": "2024-01-20 15:30:15", "elapsed": 7713.53154, "delta": 0.007657}}
{"target": -10.318171112139293, "params": {"colsample_bytree": 0.8379326440692404, "eta": 0.09854345047851588, "gamma": 97.32034651132093, "max_depth": 3.0, "min_child_weight": 4435.81501127761, "num_boost_round": 58.0, "subsample": 0.6247764941055958}, "datetime": {"datetime": "2024-01-20 15:30:15", "elapsed": 7713.537512, "delta": 0.005972}}
{"target": -10.318347923836358, "params": {"colsample_bytree": 0.8379326440692404, "eta": 0.09854345047851588, "gamma": 97.32034651132093, "max_depth": 3.0, "min_child_weight": 4435.81501127761, "num_boost_round": 59.0, "subsample": 0.6247764941055958}, "datetime": {"datetime": "2024-01-20 15:30:15", "elapsed": 7713.543118, "delta": 0.005606}}
{"target": -10.318522243324793, "params": {"colsample_bytree": 0.8379326440692404, "eta": 0.09854345047851588, "gamma": 97.32034651132093, "max_depth": 3.0, "min_child_weight": 4435.81501127761, "num_boost_round": 60.0, "subsample": 0.6247764941055958}, "datetime": {"datetime": "2024-01-20 15:30:15", "elapsed": 7713.548623, "delta": 0.005505}}
{"target": -10.318818430765718, "params": {"colsample_bytree": 0.8379326440692404, "eta": 0.09854345047851588, "gamma": 97.32034651132093, "max_depth": 3.0, "min_child_weight": 4435.81501127761, "num_boost_round": 61.0, "subsample": 0.6247764941055958}, "datetime": {"datetime": "2024-01-20 15:30:15", "elapsed": 7713.554219, "delta": 0.005596}}
{"target": -10.318941935109796, "params": {"colsample_bytree": 0.8379326440692404, "eta": 0.09854345047851588, "gamma": 97.32034651132093, "max_depth": 3.0, "min_child_weight": 4435.81501127761, "num_boost_round": 62.0, "subsample": 0.6247764941055958}, "datetime": {"datetime": "2024-01-20 15:30:15", "elapsed": 7713.55982, "delta": 0.005601}}
{"target": -10.318922870977506, "params": {"colsample_bytree": 0.8379326440692404, "eta": 0.09854345047851588, "gamma": 97.32034651132093, "max_depth": 3.0, "min_child_weight": 4435.81501127761, "num_boost_round": 63.0, "subsample": 0.6247764941055958}, "datetime": {"datetime": "2024-01-20 15:30:15", "elapsed": 7713.565597, "delta": 0.005777}}
{"target": -10.318657371044944, "params": {"colsample_bytree": 0.8379326440692404, "eta": 0.09854345047851588, "gamma": 97.32034651132093, "max_depth": 3.0, "min_child_weight": 4435.81501127761, "num_boost_round": 64.0, "subsample": 0.6247764941055958}, "datetime": {"datetime": "2024-01-20 15:30:15", "elapsed": 7713.571186, "delta": 0.005589}}
{"target": -10.31902345164989, "params": {"colsample_bytree": 0.8379326440692404, "eta": 0.09854345047851588, "gamma": 97.32034651132093, "max_depth": 3.0, "min_child_weight": 4435.81501127761, "num_boost_round": 65.0, "subsample": 0.6247764941055958}, "datetime": {"datetime": "2024-01-20 15:30:15", "elapsed": 7713.576796, "delta": 0.00561}}
{"target": -10.31908791725928, "params": {"colsample_bytree": 0.8379326440692404, "eta": 0.09854345047851588, "gamma": 97.32034651132093, "max_depth": 3.0, "min_child_weight": 4435.81501127761, "num_boost_round": 66.0, "subsample": 0.6247764941055958}, "datetime": {"datetime": "2024-01-20 15:30:15", "elapsed": 7713.58244, "delta": 0.005644}}
{"target": -10.319318564439893, "params": {"colsample_bytree": 0.8379326440692404, "eta": 0.09854345047851588, "gamma": 97.32034651132093, "max_depth": 3.0, "min_child_weight": 4435.81501127761, "num_boost_round": 67.0, "subsample": 0.6247764941055958}, "datetime": {"datetime": "2024-01-20 15:30:15", "elapsed": 7713.587948, "delta": 0.005508}}
{"target": -10.31935289156015, "params": {"colsample_bytree": 0.8379326440692404, "eta": 0.09854345047851588, "gamma": 97.32034651132093, "max_depth": 3.0, "min_child_weight": 4435.81501127761, "num_boost_round": 68.0, "subsample": 0.6247764941055958}, "datetime": {"datetime": "2024-01-20 15:30:15", "elapsed": 7713.593489, "delta": 0.005541}}
{"target": -10.319478032455354, "params": {"colsample_bytree": 0.8379326440692404, "eta": 0.09854345047851588, "gamma": 97.32034651132093, "max_depth": 3.0, "min_child_weight": 4435.81501127761, "num_boost_round": 69.0, "subsample": 0.6247764941055958}, "datetime": {"datetime": "2024-01-20 15:30:15", "elapsed": 7713.59921, "delta": 0.005721}}
{"target": -10.319893312614886, "params": {"colsample_bytree": 0.8379326440692404, "eta": 0.09854345047851588, "gamma": 97.32034651132093, "max_depth": 3.0, "min_child_weight": 4435.81501127761, "num_boost_round": 70.0, "subsample": 0.6247764941055958}, "datetime": {"datetime": "2024-01-20 15:30:15", "elapsed": 7713.604893, "delta": 0.005683}}
{"target": -10.319938144582359, "params": {"colsample_bytree": 0.8379326440692404, "eta": 0.09854345047851588, "gamma": 97.32034651132093, "max_depth": 3.0, "min_child_weight": 4435.81501127761, "num_boost_round": 71.0, "subsample": 0.6247764941055958}, "datetime": {"datetime": "2024-01-20 15:30:15", "elapsed": 7713.610551, "delta": 0.005658}}
{"target": -10.31980640677957, "params": {"colsample_bytree": 0.8379326440692404, "eta": 0.09854345047851588, "gamma": 97.32034651132093, "max_depth": 3.0, "min_child_weight": 4435.81501127761, "num_boost_round": 72.0, "subsample": 0.6247764941055958}, "datetime": {"datetime": "2024-01-20 15:30:15", "elapsed": 7713.616068, "delta": 0.005517}}
{"target": -10.320252430937455, "params": {"colsample_bytree": 0.8379326440692404, "eta": 0.09854345047851588, "gamma": 97.32034651132093, "max_depth": 3.0, "min_child_weight": 4435.81501127761, "num_boost_round": 73.0, "subsample": 0.6247764941055958}, "datetime": {"datetime": "2024-01-20 15:30:15", "elapsed": 7713.624441, "delta": 0.008373}}
