{"target": -12.350889138434482, "params": {"colsample_bytree": 0.17748203446722477, "eta": 0.08504816984700428, "gamma": 523.5895676447483, "max_depth": 9.0, "min_child_weight": 4218.051700204107, "num_boost_round": 29.0, "subsample": 0.2946940604601244}, "datetime": {"datetime": "2024-01-20 14:42:05", "elapsed": 1091.720572, "delta": 0.002055}}
{"target": -12.349781038504421, "params": {"colsample_bytree": 0.17748203446722477, "eta": 0.08504816984700428, "gamma": 523.5895676447483, "max_depth": 9.0, "min_child_weight": 4218.051700204107, "num_boost_round": 30.0, "subsample": 0.2946940604601244}, "datetime": {"datetime": "2024-01-20 14:42:05", "elapsed": 1091.722575, "delta": 0.002003}}
{"target": -12.347915890236486, "params": {"colsample_bytree": 0.17748203446722477, "eta": 0.08504816984700428, "gamma": 523.5895676447483, "max_depth": 9.0, "min_child_weight": 4218.051700204107, "num_boost_round": 31.0, "subsample": 0.2946940604601244}, "datetime": {"datetime": "2024-01-20 14:42:05", "elapsed": 1091.724594, "delta": 0.002019}}
{"target": -12.348172069195765, "params": {"colsample_bytree": 0.17748203446722477, "eta": 0.08504816984700428, "gamma": 523.5895676447483, "max_depth": 9.0, "min_child_weight": 4218.051700204107, "num_boost_round": 32.0, "subsample": 0.2946940604601244}, "datetime": {"datetime": "2024-01-20 14:42:05", "elapsed": 1091.726642, "delta": 0.002048}}
{"target": -12.348239042014711, "params": {"colsample_bytree": 0.17748203446722477, "eta": 0.08504816984700428, "gamma": 523.5895676447483, "max_depth": 9.0, "min_child_weight": 4218.051700204107, "num_boost_round": 33.0, "subsample": 0.2946940604601244}, "datetime": {"datetime": "2024-01-20 14:42:05", "elapsed": 1091.728576, "delta": 0.001934}}
{"target": -12.348418540196697, "params": {"colsample_bytree": 0.17748203446722477, "eta": 0.08504816984700428, "gamma": 523.5895676447483, "max_depth": 9.0, "min_child_weight": 4218.051700204107, "num_boost_round": 34.0, "subsample": 0.2946940604601244}, "datetime": {"datetime": "2024-01-20 14:42:05", "elapsed": 1091.730518, "delta": 0.001942}}
{"target": -12.348963678431346, "params": {"colsample_bytree": 0.17748203446722477, "eta": 0.08504816984700428, "gamma": 523.5895676447483, "max_depth": 9.0, "min_child_weight": 4218.051700204107, "num_boost_round": 35.0, "subsample": 0.2946940604601244}, "datetime": {"datetime": "2024-01-20 14:42:05", "elapsed": 1091.732441, "delta": 0.001923}}
{"target": -12.349045840639484, "params": {"colsample_bytree": 0.17748203446722477, "eta": 0.08504816984700428, "gamma": 523.5895676447483, "max_depth": 9.0, "min_child_weight": 4218.051700204107, "num_boost_round": 36.0, "subsample": 0.2946940604601244}, "datetime": {"datetime": "2024-01-20 14:42:05", "elapsed": 1091.734381, "delta": 0.00194}}
{"target": -12.350022375149141, "params": {"colsample_bytree": 0.17748203446722477, "eta": 0.08504816984700428, "gamma": 523.5895676447483, "max_depth": 9.0, "min_child_weight": 4218.051700204107, "num_boost_round": 37.0, "subsample": 0.2946940604601244}, "datetime": {"datetime": "2024-01-20 14:42:05", "elapsed": 1091.736313, "delta": 0.001932}}
{"target": -12.350497528040751, "params": {"colsample_bytree": 0.17748203446722477, "eta": 0.08504816984700428, "gamma": 523.5895676447483, "max_depth": 9.0, "min_child_weight": 4218.051700204107, "num_boost_round": 38.0, "subsample": 0.2946940604601244}, "datetime": {"datetime": "2024-01-20 14:42:05", "elapsed": 1091.73836, "delta": 0.002047}}
{"target": -12.349910956303845, "params": {"colsample_bytree": 0.17748203446722477, "eta": 0.08504816984700428, "gamma": 523.5895676447483, "max_depth": 9.0, "min_child_weight": 4218.051700204107, "num_boost_round": 39.0, "subsample": 0.2946940604601244}, "datetime": {"datetime": "2024-01-20 14:42:05", "elapsed": 1091.740266, "delta": 0.001906}}
{"target": -12.349867601283332, "params": {"colsample_bytree": 0.17748203446722477, "eta": 0.08504816984700428, "gamma": 523.5895676447483, "max_depth": 9.0, "min_child_weight": 4218.051700204107, "num_boost_round": 40.0, "subsample": 0.2946940604601244}, "datetime": {"datetime": "2024-01-20 14:42:05", "elapsed": 1091.742229, "delta": 0.001963}}
{"target": -12.348560623375985, "params": {"colsample_bytree": 0.17748203446722477, "eta": 0.08504816984700428, "gamma": 523.5895676447483, "max_depth": 9.0, "min_child_weight": 4218.051700204107, "num_boost_round": 41.0, "subsample": 0.2946940604601244}, "datetime": {"datetime": "2024-01-20 14:42:05", "elapsed": 1091.744151, "delta": 0.001922}}
{"target": -12.348057719646807, "params": {"colsample_bytree": 0.17748203446722477, "eta": 0.08504816984700428, "gamma": 523.5895676447483, "max_depth": 9.0, "min_child_weight": 4218.051700204107, "num_boost_round": 42.0, "subsample": 0.2946940604601244}, "datetime": {"datetime": "2024-01-20 14:42:05", "elapsed": 1091.746077, "delta": 0.001926}}
{"target": -12.347942722325655, "params": {"colsample_bytree": 0.17748203446722477, "eta": 0.08504816984700428, "gamma": 523.5895676447483, "max_depth": 9.0, "min_child_weight": 4218.051700204107, "num_boost_round": 43.0, "subsample": 0.2946940604601244}, "datetime": {"datetime": "2024-01-20 14:42:05", "elapsed": 1091.74801, "delta": 0.001933}}
{"target": -12.348565205362608, "params": {"colsample_bytree": 0.17748203446722477, "eta": 0.08504816984700428, "gamma": 523.5895676447483, "max_depth": 9.0, "min_child_weight": 4218.051700204107, "num_boost_round": 44.0, "subsample": 0.2946940604601244}, "datetime": {"datetime": "2024-01-20 14:42:05", "elapsed": 1091.74994, "delta": 0.00193}}
{"target": -12.348689160699632, "params": {"colsample_bytree": 0.17748203446722477, "eta": 0.08504816984700428, "gamma": 523.5895676447483, "max_depth": 9.0, "min_child_weight": 4218.051700204107, "num_boost_round": 45.0, "subsample": 0.2946940604601244}, "datetime": {"datetime": "2024-01-20 14:42:05", "elapsed": 1091.751864, "delta": 0.001924}}
{"target": -12.349081908194002, "params": {"colsample_bytree": 0.17748203446722477, "eta": 0.08504816984700428, "gamma": 523.5895676447483, "max_depth": 9.0, "min_child_weight": 4218.051700204107, "num_boost_round": 46.0, "subsample": 0.2946940604601244}, "datetime": {"datetime": "2024-01-20 14:42:05", "elapsed": 1091.753789, "delta": 0.001925}}
{"target": -12.349166699449922, "params": {"colsample_bytree": 0.17748203446722477, "eta": 0.08504816984700428, "gamma": 523.5895676447483, "max_depth": 9.0, "min_child_weight": 4218.051700204107, "num_boost_round": 47.0, "subsample": 0.2946940604601244}, "datetime": {"datetime": "2024-01-20 14:42:05", "elapsed": 1091.755702, "delta": 0.001913}}
{"target": -12.349871894922755, "params": {"colsample_bytree": 0.17748203446722477, "eta": 0.08504816984700428, "gamma": 523.5895676447483, "max_depth": 9.0, "min_child_weight": 4218.051700204107, "num_boost_round": 48.0, "subsample": 0.2946940604601244}, "datetime": {"datetime": "2024-01-20 14:42:05", "elapsed": 1091.75773, "delta": 0.002028}}
{"target": -12.349904206655689, "params": {"colsample_bytree": 0.17748203446722477, "eta": 0.08504816984700428, "gamma": 523.5895676447483, "max_depth": 9.0, "min_child_weight": 4218.051700204107, "num_boost_round": 49.0, "subsample": 0.2946940604601244}, "datetime": {"datetime": "2024-01-20 14:42:05", "elapsed": 1091.759686, "delta": 0.001956}}
{"target": -12.350049485383714, "params": {"colsample_bytree": 0.17748203446722477, "eta": 0.08504816984700428, "gamma": 523.5895676447483, "max_depth": 9.0, "min_child_weight": 4218.051700204107, "num_boost_round": 50.0, "subsample": 0.2946940604601244}, "datetime": {"datetime": "2024-01-20 14:42:05", "elapsed": 1091.761626, "delta": 0.00194}}
{"target": -12.350052361570445, "params": {"colsample_bytree": 0.17748203446722477, "eta": 0.08504816984700428, "gamma": 523.5895676447483, "max_depth": 9.0, "min_child_weight": 4218.051700204107, "num_boost_round": 51.0, "subsample": 0.2946940604601244}, "datetime": {"datetime": "2024-01-20 14:42:05", "elapsed": 1091.763751, "delta": 0.002125}}
{"target": -12.350171927731527, "params": {"colsample_bytree": 0.17748203446722477, "eta": 0.08504816984700428, "gamma": 523.5895676447483, "max_depth": 9.0, "min_child_weight": 4218.051700204107, "num_boost_round": 52.0, "subsample": 0.2946940604601244}, "datetime": {"datetime": "2024-01-20 14:42:05", "elapsed": 1091.765824, "delta": 0.002073}}
{"target": -12.349617651109558, "params": {"colsample_bytree": 0.17748203446722477, "eta": 0.08504816984700428, "gamma": 523.5895676447483, "max_depth": 9.0, "min_child_weight": 4218.051700204107, "num_boost_round": 53.0, "subsample": 0.2946940604601244}, "datetime": {"datetime": "2024-01-20 14:42:05", "elapsed": 1091.767861, "delta": 0.002037}}
{"target": -12.348296328819142, "params": {"colsample_bytree": 0.17748203446722477, "eta": 0.08504816984700428, "gamma": 523.5895676447483, "max_depth": 9.0, "min_child_weight": 4218.051700204107, "num_boost_round": 54.0, "subsample": 0.2946940604601244}, "datetime": {"datetime": "2024-01-20 14:42:05", "elapsed": 1091.769813, "delta": 0.001952}}
{"target": -12.348323036147093, "params": {"colsample_bytree": 0.17748203446722477, "eta": 0.08504816984700428, "gamma": 523.5895676447483, "max_depth": 9.0, "min_child_weight": 4218.051700204107, "num_boost_round": 55.0, "subsample": 0.2946940604601244}, "datetime": {"datetime": "2024-01-20 14:42:05", "elapsed": 1091.771773, "delta": 0.00196}}
{"target": -12.34775741693076, "params": {"colsample_bytree": 0.17748203446722477, "eta": 0.08504816984700428, "gamma": 523.5895676447483, "max_depth": 9.0, "min_child_weight": 4218.051700204107, "num_boost_round": 56.0, "subsample": 0.2946940604601244}, "datetime": {"datetime": "2024-01-20 14:42:05", "elapsed": 1091.773808, "delta": 0.002035}}
{"target": -12.34788283796021, "params": {"colsample_bytree": 0.17748203446722477, "eta": 0.08504816984700428, "gamma": 523.5895676447483, "max_depth": 9.0, "min_child_weight": 4218.051700204107, "num_boost_round": 57.0, "subsample": 0.2946940604601244}, "datetime": {"datetime": "2024-01-20 14:42:05", "elapsed": 1091.775996, "delta": 0.002188}}
{"target": -12.347922990630849, "params": {"colsample_bytree": 0.17748203446722477, "eta": 0.08504816984700428, "gamma": 523.5895676447483, "max_depth": 9.0, "min_child_weight": 4218.051700204107, "num_boost_round": 58.0, "subsample": 0.2946940604601244}, "datetime": {"datetime": "2024-01-20 14:42:05", "elapsed": 1091.77816, "delta": 0.002164}}
{"target": -12.347226022655116, "params": {"colsample_bytree": 0.17748203446722477, "eta": 0.08504816984700428, "gamma": 523.5895676447483, "max_depth": 9.0, "min_child_weight": 4218.051700204107, "num_boost_round": 59.0, "subsample": 0.2946940604601244}, "datetime": {"datetime": "2024-01-20 14:42:05", "elapsed": 1091.7804, "delta": 0.00224}}
{"target": -12.347293479177122, "params": {"colsample_bytree": 0.17748203446722477, "eta": 0.08504816984700428, "gamma": 523.5895676447483, "max_depth": 9.0, "min_child_weight": 4218.051700204107, "num_boost_round": 60.0, "subsample": 0.2946940604601244}, "datetime": {"datetime": "2024-01-20 14:42:05", "elapsed": 1091.782659, "delta": 0.002259}}
{"target": -12.347160534736123, "params": {"colsample_bytree": 0.17748203446722477, "eta": 0.08504816984700428, "gamma": 523.5895676447483, "max_depth": 9.0, "min_child_weight": 4218.051700204107, "num_boost_round": 61.0, "subsample": 0.2946940604601244}, "datetime": {"datetime": "2024-01-20 14:42:05", "elapsed": 1091.785309, "delta": 0.00265}}
{"target": -12.347168148885707, "params": {"colsample_bytree": 0.17748203446722477, "eta": 0.08504816984700428, "gamma": 523.5895676447483, "max_depth": 9.0, "min_child_weight": 4218.051700204107, "num_boost_round": 62.0, "subsample": 0.2946940604601244}, "datetime": {"datetime": "2024-01-20 14:42:05", "elapsed": 1091.787639, "delta": 0.00233}}
{"target": -12.347238899867602, "params": {"colsample_bytree": 0.17748203446722477, "eta": 0.08504816984700428, "gamma": 523.5895676447483, "max_depth": 9.0, "min_child_weight": 4218.051700204107, "num_boost_round": 63.0, "subsample": 0.2946940604601244}, "datetime": {"datetime": "2024-01-20 14:42:05", "elapsed": 1091.790619, "delta": 0.00298}}
{"target": -12.347679684765954, "params": {"colsample_bytree": 0.17748203446722477, "eta": 0.08504816984700428, "gamma": 523.5895676447483, "max_depth": 9.0, "min_child_weight": 4218.051700204107, "num_boost_round": 64.0, "subsample": 0.2946940604601244}, "datetime": {"datetime": "2024-01-20 14:42:05", "elapsed": 1091.793025, "delta": 0.002406}}
{"target": -12.347296662929196, "params": {"colsample_bytree": 0.17748203446722477, "eta": 0.08504816984700428, "gamma": 523.5895676447483, "max_depth": 9.0, "min_child_weight": 4218.051700204107, "num_boost_round": 65.0, "subsample": 0.2946940604601244}, "datetime": {"datetime": "2024-01-20 14:42:05", "elapsed": 1091.795181, "delta": 0.002156}}
{"target": -12.347454939210728, "params": {"colsample_bytree": 0.17748203446722477, "eta": 0.08504816984700428, "gamma": 523.5895676447483, "max_depth": 9.0, "min_child_weight": 4218.051700204107, "num_boost_round": 66.0, "subsample": 0.2946940604601244}, "datetime": {"datetime": "2024-01-20 14:42:05", "elapsed": 1091.797327, "delta": 0.002146}}
{"target": -12.34744388340291, "params": {"colsample_bytree": 0.17748203446722477, "eta": 0.08504816984700428, "gamma": 523.5895676447483, "max_depth": 9.0, "min_child_weight": 4218.051700204107, "num_boost_round": 67.0, "subsample": 0.2946940604601244}, "datetime": {"datetime": "2024-01-20 14:42:05", "elapsed": 1091.799351, "delta": 0.002024}}
{"target": -12.347478281510316, "params": {"colsample_bytree": 0.17748203446722477, "eta": 0.08504816984700428, "gamma": 523.5895676447483, "max_depth": 9.0, "min_child_weight": 4218.051700204107, "num_boost_round": 68.0, "subsample": 0.2946940604601244}, "datetime": {"datetime": "2024-01-20 14:42:05", "elapsed": 1091.801916, "delta": 0.002565}}
{"target": -12.347553071557279, "params": {"colsample_bytree": 0.17748203446722477, "eta": 0.08504816984700428, "gamma": 523.5895676447483, "max_depth": 9.0, "min_child_weight": 4218.051700204107, "num_boost_round": 69.0, "subsample": 0.2946940604601244}, "datetime": {"datetime": "2024-01-20 14:42:05", "elapsed": 1091.804422, "delta": 0.002506}}
{"target": -12.348075064978898, "params": {"colsample_bytree": 0.17748203446722477, "eta": 0.08504816984700428, "gamma": 523.5895676447483, "max_depth": 9.0, "min_child_weight": 4218.051700204107, "num_boost_round": 70.0, "subsample": 0.2946940604601244}, "datetime": {"datetime": "2024-01-20 14:42:05", "elapsed": 1091.807095, "delta": 0.002673}}
{"target": -12.348152719648155, "params": {"colsample_bytree": 0.17748203446722477, "eta": 0.08504816984700428, "gamma": 523.5895676447483, "max_depth": 9.0, "min_child_weight": 4218.051700204107, "num_boost_round": 71.0, "subsample": 0.2946940604601244}, "datetime": {"datetime": "2024-01-20 14:42:05", "elapsed": 1091.809708, "delta": 0.002613}}
{"target": -12.348178243948109, "params": {"colsample_bytree": 0.17748203446722477, "eta": 0.08504816984700428, "gamma": 523.5895676447483, "max_depth": 9.0, "min_child_weight": 4218.051700204107, "num_boost_round": 72.0, "subsample": 0.2946940604601244}, "datetime": {"datetime": "2024-01-20 14:42:05", "elapsed": 1091.812043, "delta": 0.002335}}
{"target": -12.348316298230586, "params": {"colsample_bytree": 0.17748203446722477, "eta": 0.08504816984700428, "gamma": 523.5895676447483, "max_depth": 9.0, "min_child_weight": 4218.051700204107, "num_boost_round": 73.0, "subsample": 0.2946940604601244}, "datetime": {"datetime": "2024-01-20 14:42:05", "elapsed": 1091.81405, "delta": 0.002007}}
{"target": -12.34789007146073, "params": {"colsample_bytree": 0.17748203446722477, "eta": 0.08504816984700428, "gamma": 523.5895676447483, "max_depth": 9.0, "min_child_weight": 4218.051700204107, "num_boost_round": 74.0, "subsample": 0.2946940604601244}, "datetime": {"datetime": "2024-01-20 14:42:05", "elapsed": 1091.816025, "delta": 0.001975}}
{"target": -12.34860793068474, "params": {"colsample_bytree": 0.17748203446722477, "eta": 0.08504816984700428, "gamma": 523.5895676447483, "max_depth": 9.0, "min_child_weight": 4218.051700204107, "num_boost_round": 75.0, "subsample": 0.2946940604601244}, "datetime": {"datetime": "2024-01-20 14:42:05", "elapsed": 1091.818181, "delta": 0.002156}}
{"target": -12.348689646849579, "params": {"colsample_bytree": 0.17748203446722477, "eta": 0.08504816984700428, "gamma": 523.5895676447483, "max_depth": 9.0, "min_child_weight": 4218.051700204107, "num_boost_round": 76.0, "subsample": 0.2946940604601244}, "datetime": {"datetime": "2024-01-20 14:42:05", "elapsed": 1091.820285, "delta": 0.002104}}
{"target": -12.35754300739477, "params": {"colsample_bytree": 0.4415673819857272, "eta": 0.046045125164196905, "gamma": 572.3713766638158, "max_depth": 2.0, "min_child_weight": 4178.8240436166925, "num_boost_round": 1.0, "subsample": 0.19078050327468013}, "datetime": {"datetime": "2024-01-20 14:42:32", "elapsed": 1118.742703, "delta": 26.922418}}
{"target": -12.35666167054711, "params": {"colsample_bytree": 0.4415673819857272, "eta": 0.046045125164196905, "gamma": 572.3713766638158, "max_depth": 2.0, "min_child_weight": 4178.8240436166925, "num_boost_round": 2.0, "subsample": 0.19078050327468013}, "datetime": {"datetime": "2024-01-20 14:42:32", "elapsed": 1118.746616, "delta": 0.003913}}
{"target": -12.355028640997123, "params": {"colsample_bytree": 0.4415673819857272, "eta": 0.046045125164196905, "gamma": 572.3713766638158, "max_depth": 2.0, "min_child_weight": 4178.8240436166925, "num_boost_round": 3.0, "subsample": 0.19078050327468013}, "datetime": {"datetime": "2024-01-20 14:42:32", "elapsed": 1118.748793, "delta": 0.002177}}
{"target": -12.355303263073031, "params": {"colsample_bytree": 0.4415673819857272, "eta": 0.046045125164196905, "gamma": 572.3713766638158, "max_depth": 2.0, "min_child_weight": 4178.8240436166925, "num_boost_round": 4.0, "subsample": 0.19078050327468013}, "datetime": {"datetime": "2024-01-20 14:42:32", "elapsed": 1118.750828, "delta": 0.002035}}
{"target": -12.353668846953514, "params": {"colsample_bytree": 0.4415673819857272, "eta": 0.046045125164196905, "gamma": 572.3713766638158, "max_depth": 2.0, "min_child_weight": 4178.8240436166925, "num_boost_round": 5.0, "subsample": 0.19078050327468013}, "datetime": {"datetime": "2024-01-20 14:42:32", "elapsed": 1118.752835, "delta": 0.002007}}
{"target": -12.352239322050522, "params": {"colsample_bytree": 0.4415673819857272, "eta": 0.046045125164196905, "gamma": 572.3713766638158, "max_depth": 2.0, "min_child_weight": 4178.8240436166925, "num_boost_round": 6.0, "subsample": 0.19078050327468013}, "datetime": {"datetime": "2024-01-20 14:42:32", "elapsed": 1118.754813, "delta": 0.001978}}
{"target": -12.352501675566474, "params": {"colsample_bytree": 0.4415673819857272, "eta": 0.046045125164196905, "gamma": 572.3713766638158, "max_depth": 2.0, "min_child_weight": 4178.8240436166925, "num_boost_round": 7.0, "subsample": 0.19078050327468013}, "datetime": {"datetime": "2024-01-20 14:42:32", "elapsed": 1118.756793, "delta": 0.00198}}
{"target": -12.351788167249275, "params": {"colsample_bytree": 0.4415673819857272, "eta": 0.046045125164196905, "gamma": 572.3713766638158, "max_depth": 2.0, "min_child_weight": 4178.8240436166925, "num_boost_round": 8.0, "subsample": 0.19078050327468013}, "datetime": {"datetime": "2024-01-20 14:42:32", "elapsed": 1118.758911, "delta": 0.002118}}
{"target": -12.35186020132193, "params": {"colsample_bytree": 0.4415673819857272, "eta": 0.046045125164196905, "gamma": 572.3713766638158, "max_depth": 2.0, "min_child_weight": 4178.8240436166925, "num_boost_round": 9.0, "subsample": 0.19078050327468013}, "datetime": {"datetime": "2024-01-20 14:42:32", "elapsed": 1118.761023, "delta": 0.002112}}
{"target": -12.351266746815995, "params": {"colsample_bytree": 0.4415673819857272, "eta": 0.046045125164196905, "gamma": 572.3713766638158, "max_depth": 2.0, "min_child_weight": 4178.8240436166925, "num_boost_round": 10.0, "subsample": 0.19078050327468013}, "datetime": {"datetime": "2024-01-20 14:42:32", "elapsed": 1118.762989, "delta": 0.001966}}
{"target": -12.350671168882752, "params": {"colsample_bytree": 0.4415673819857272, "eta": 0.046045125164196905, "gamma": 572.3713766638158, "max_depth": 2.0, "min_child_weight": 4178.8240436166925, "num_boost_round": 11.0, "subsample": 0.19078050327468013}, "datetime": {"datetime": "2024-01-20 14:42:32", "elapsed": 1118.765147, "delta": 0.002158}}
{"target": -12.350453514457623, "params": {"colsample_bytree": 0.4415673819857272, "eta": 0.046045125164196905, "gamma": 572.3713766638158, "max_depth": 2.0, "min_child_weight": 4178.8240436166925, "num_boost_round": 12.0, "subsample": 0.19078050327468013}, "datetime": {"datetime": "2024-01-20 14:42:32", "elapsed": 1118.767185, "delta": 0.002038}}
{"target": -12.350489139840747, "params": {"colsample_bytree": 0.4415673819857272, "eta": 0.046045125164196905, "gamma": 572.3713766638158, "max_depth": 2.0, "min_child_weight": 4178.8240436166925, "num_boost_round": 13.0, "subsample": 0.19078050327468013}, "datetime": {"datetime": "2024-01-20 14:42:32", "elapsed": 1118.769254, "delta": 0.002069}}
{"target": -12.350043775898612, "params": {"colsample_bytree": 0.4415673819857272, "eta": 0.046045125164196905, "gamma": 572.3713766638158, "max_depth": 2.0, "min_child_weight": 4178.8240436166925, "num_boost_round": 14.0, "subsample": 0.19078050327468013}, "datetime": {"datetime": "2024-01-20 14:42:32", "elapsed": 1118.771227, "delta": 0.001973}}
{"target": -12.34941419283544, "params": {"colsample_bytree": 0.4415673819857272, "eta": 0.046045125164196905, "gamma": 572.3713766638158, "max_depth": 2.0, "min_child_weight": 4178.8240436166925, "num_boost_round": 15.0, "subsample": 0.19078050327468013}, "datetime": {"datetime": "2024-01-20 14:42:32", "elapsed": 1118.773194, "delta": 0.001967}}
