{"target": -13.734169997567124, "params": {"colsample_bytree": 0.5192906304418992, "eta": 0.060104728900181384, "gamma": 355.1732416918778, "max_depth": 9.0, "min_child_weight": 3566.0645872489413, "num_boost_round": 3.0, "subsample": 0.11165145755454126}, "datetime": {"datetime": "2024-01-20 14:58:11", "elapsed": 2052.794188, "delta": 0.001437}}
{"target": -13.735443100638268, "params": {"colsample_bytree": 0.5192906304418992, "eta": 0.060104728900181384, "gamma": 355.1732416918778, "max_depth": 9.0, "min_child_weight": 3566.0645872489413, "num_boost_round": 4.0, "subsample": 0.11165145755454126}, "datetime": {"datetime": "2024-01-20 14:58:11", "elapsed": 2052.795603, "delta": 0.001415}}
{"target": -13.736794328796258, "params": {"colsample_bytree": 0.5192906304418992, "eta": 0.060104728900181384, "gamma": 355.1732416918778, "max_depth": 9.0, "min_child_weight": 3566.0645872489413, "num_boost_round": 5.0, "subsample": 0.11165145755454126}, "datetime": {"datetime": "2024-01-20 14:58:11", "elapsed": 2052.797521, "delta": 0.001918}}
{"target": -13.737857648243098, "params": {"colsample_bytree": 0.5192906304418992, "eta": 0.060104728900181384, "gamma": 355.1732416918778, "max_depth": 9.0, "min_child_weight": 3566.0645872489413, "num_boost_round": 6.0, "subsample": 0.11165145755454126}, "datetime": {"datetime": "2024-01-20 14:58:11", "elapsed": 2052.798935, "delta": 0.001414}}
{"target": -13.73856724724603, "params": {"colsample_bytree": 0.5192906304418992, "eta": 0.060104728900181384, "gamma": 355.1732416918778, "max_depth": 9.0, "min_child_weight": 3566.0645872489413, "num_boost_round": 7.0, "subsample": 0.11165145755454126}, "datetime": {"datetime": "2024-01-20 14:58:11", "elapsed": 2052.800728, "delta": 0.001793}}
{"target": -13.74008284863928, "params": {"colsample_bytree": 0.5192906304418992, "eta": 0.060104728900181384, "gamma": 355.1732416918778, "max_depth": 9.0, "min_child_weight": 3566.0645872489413, "num_boost_round": 8.0, "subsample": 0.11165145755454126}, "datetime": {"datetime": "2024-01-20 14:58:11", "elapsed": 2052.802806, "delta": 0.002078}}
{"target": -13.741137411160857, "params": {"colsample_bytree": 0.5192906304418992, "eta": 0.060104728900181384, "gamma": 355.1732416918778, "max_depth": 9.0, "min_child_weight": 3566.0645872489413, "num_boost_round": 9.0, "subsample": 0.11165145755454126}, "datetime": {"datetime": "2024-01-20 14:58:11", "elapsed": 2052.804287, "delta": 0.001481}}
{"target": -13.742157801455603, "params": {"colsample_bytree": 0.5192906304418992, "eta": 0.060104728900181384, "gamma": 355.1732416918778, "max_depth": 9.0, "min_child_weight": 3566.0645872489413, "num_boost_round": 10.0, "subsample": 0.11165145755454126}, "datetime": {"datetime": "2024-01-20 14:58:11", "elapsed": 2052.805775, "delta": 0.001488}}
{"target": -13.731459006817694, "params": {"colsample_bytree": 0.7746546156695522, "eta": 0.03919851142254284, "gamma": 730.0632606578554, "max_depth": 2.0, "min_child_weight": 4072.536907506565, "num_boost_round": 1.0, "subsample": 0.10859948250147276}, "datetime": {"datetime": "2024-01-20 14:58:27", "elapsed": 2068.024877, "delta": 15.219102}}
{"target": -13.731981860173368, "params": {"colsample_bytree": 0.7746546156695522, "eta": 0.03919851142254284, "gamma": 730.0632606578554, "max_depth": 2.0, "min_child_weight": 4072.536907506565, "num_boost_round": 2.0, "subsample": 0.10859948250147276}, "datetime": {"datetime": "2024-01-20 14:58:27", "elapsed": 2068.028124, "delta": 0.003247}}
{"target": -13.73197088687516, "params": {"colsample_bytree": 0.35459201246133487, "eta": 0.06699165923111067, "gamma": 497.8997955051524, "max_depth": 3.0, "min_child_weight": 3731.3918323616276, "num_boost_round": 1.0, "subsample": 0.7695405675251051}, "datetime": {"datetime": "2024-01-20 14:58:42", "elapsed": 2082.992089, "delta": 14.963965}}
{"target": -13.732205537334757, "params": {"colsample_bytree": 0.24629146082900671, "eta": 0.07120729304761376, "gamma": 233.37403430390603, "max_depth": 8.0, "min_child_weight": 3501.7791823060943, "num_boost_round": 1.0, "subsample": 0.7361881203995061}, "datetime": {"datetime": "2024-01-20 14:58:59", "elapsed": 2100.175477, "delta": 17.183388}}
{"target": -13.73289073568742, "params": {"colsample_bytree": 0.24629146082900671, "eta": 0.07120729304761376, "gamma": 233.37403430390603, "max_depth": 8.0, "min_child_weight": 3501.7791823060943, "num_boost_round": 2.0, "subsample": 0.7361881203995061}, "datetime": {"datetime": "2024-01-20 14:58:59", "elapsed": 2100.177486, "delta": 0.002009}}
{"target": -13.733413429567044, "params": {"colsample_bytree": 0.24629146082900671, "eta": 0.07120729304761376, "gamma": 233.37403430390603, "max_depth": 8.0, "min_child_weight": 3501.7791823060943, "num_boost_round": 3.0, "subsample": 0.7361881203995061}, "datetime": {"datetime": "2024-01-20 14:58:59", "elapsed": 2100.179408, "delta": 0.001922}}
{"target": -13.733891060786515, "params": {"colsample_bytree": 0.24629146082900671, "eta": 0.07120729304761376, "gamma": 233.37403430390603, "max_depth": 8.0, "min_child_weight": 3501.7791823060943, "num_boost_round": 4.0, "subsample": 0.7361881203995061}, "datetime": {"datetime": "2024-01-20 14:58:59", "elapsed": 2100.181032, "delta": 0.001624}}
{"target": -13.732042192120467, "params": {"colsample_bytree": 0.9435628432729445, "eta": 0.05891062764584839, "gamma": 898.788990938343, "max_depth": 8.0, "min_child_weight": 4365.441103633927, "num_boost_round": 1.0, "subsample": 0.6462106906739616}, "datetime": {"datetime": "2024-01-20 14:59:14", "elapsed": 2115.412511, "delta": 15.231479}}
{"target": -13.731228906181979, "params": {"colsample_bytree": 0.22194539790117346, "eta": 0.02188759155325476, "gamma": 116.00478411278792, "max_depth": 2.0, "min_child_weight": 3627.377047472363, "num_boost_round": 1.0, "subsample": 0.26730481293864505}, "datetime": {"datetime": "2024-01-20 14:59:28", "elapsed": 2129.881722, "delta": 14.469211}}
{"target": -13.731362309850603, "params": {"colsample_bytree": 0.4592694046705148, "eta": 0.041650123899707334, "gamma": 262.46137569192376, "max_depth": 8.0, "min_child_weight": 3918.89198715418, "num_boost_round": 1.0, "subsample": 0.9492991072700779}, "datetime": {"datetime": "2024-01-20 14:59:44", "elapsed": 2145.108601, "delta": 15.226879}}
{"target": -13.731209413636895, "params": {"colsample_bytree": 0.241949917369427, "eta": 0.024833339633027994, "gamma": 543.661650413106, "max_depth": 6.0, "min_child_weight": 4607.131220653624, "num_boost_round": 1.0, "subsample": 0.13425303859871213}, "datetime": {"datetime": "2024-01-20 14:59:59", "elapsed": 2160.18399, "delta": 15.075389}}
{"target": -13.731222739776676, "params": {"colsample_bytree": 0.3979579312859396, "eta": 0.019781274258197954, "gamma": 712.4983728021981, "max_depth": 3.0, "min_child_weight": 3800.8131213751876, "num_boost_round": 1.0, "subsample": 0.49105727778518626}, "datetime": {"datetime": "2024-01-20 15:00:16", "elapsed": 2177.755319, "delta": 17.571329}}
{"target": -13.731287696193599, "params": {"colsample_bytree": 0.3979579312859396, "eta": 0.019781274258197954, "gamma": 712.4983728021981, "max_depth": 3.0, "min_child_weight": 3800.8131213751876, "num_boost_round": 2.0, "subsample": 0.49105727778518626}, "datetime": {"datetime": "2024-01-20 15:00:16", "elapsed": 2177.757556, "delta": 0.002237}}
{"target": -13.731421528419729, "params": {"colsample_bytree": 0.3979579312859396, "eta": 0.019781274258197954, "gamma": 712.4983728021981, "max_depth": 3.0, "min_child_weight": 3800.8131213751876, "num_boost_round": 3.0, "subsample": 0.49105727778518626}, "datetime": {"datetime": "2024-01-20 15:00:16", "elapsed": 2177.759518, "delta": 0.001962}}
{"target": -13.7316822799965, "params": {"colsample_bytree": 0.3979579312859396, "eta": 0.019781274258197954, "gamma": 712.4983728021981, "max_depth": 3.0, "min_child_weight": 3800.8131213751876, "num_boost_round": 4.0, "subsample": 0.49105727778518626}, "datetime": {"datetime": "2024-01-20 15:00:16", "elapsed": 2177.761011, "delta": 0.001493}}
{"target": -13.732042363282012, "params": {"colsample_bytree": 0.3979579312859396, "eta": 0.019781274258197954, "gamma": 712.4983728021981, "max_depth": 3.0, "min_child_weight": 3800.8131213751876, "num_boost_round": 5.0, "subsample": 0.49105727778518626}, "datetime": {"datetime": "2024-01-20 15:00:16", "elapsed": 2177.762974, "delta": 0.001963}}
{"target": -13.732234904691907, "params": {"colsample_bytree": 0.3979579312859396, "eta": 0.019781274258197954, "gamma": 712.4983728021981, "max_depth": 3.0, "min_child_weight": 3800.8131213751876, "num_boost_round": 6.0, "subsample": 0.49105727778518626}, "datetime": {"datetime": "2024-01-20 15:00:16", "elapsed": 2177.764594, "delta": 0.00162}}
{"target": -13.732532716347027, "params": {"colsample_bytree": 0.3979579312859396, "eta": 0.019781274258197954, "gamma": 712.4983728021981, "max_depth": 3.0, "min_child_weight": 3800.8131213751876, "num_boost_round": 7.0, "subsample": 0.49105727778518626}, "datetime": {"datetime": "2024-01-20 15:00:16", "elapsed": 2177.766047, "delta": 0.001453}}
{"target": -13.73277004057567, "params": {"colsample_bytree": 0.3979579312859396, "eta": 0.019781274258197954, "gamma": 712.4983728021981, "max_depth": 3.0, "min_child_weight": 3800.8131213751876, "num_boost_round": 8.0, "subsample": 0.49105727778518626}, "datetime": {"datetime": "2024-01-20 15:00:16", "elapsed": 2177.767479, "delta": 0.001432}}
{"target": -13.733029076095765, "params": {"colsample_bytree": 0.3979579312859396, "eta": 0.019781274258197954, "gamma": 712.4983728021981, "max_depth": 3.0, "min_child_weight": 3800.8131213751876, "num_boost_round": 9.0, "subsample": 0.49105727778518626}, "datetime": {"datetime": "2024-01-20 15:00:16", "elapsed": 2177.768893, "delta": 0.001414}}
{"target": -13.733281000446208, "params": {"colsample_bytree": 0.3979579312859396, "eta": 0.019781274258197954, "gamma": 712.4983728021981, "max_depth": 3.0, "min_child_weight": 3800.8131213751876, "num_boost_round": 10.0, "subsample": 0.49105727778518626}, "datetime": {"datetime": "2024-01-20 15:00:16", "elapsed": 2177.770306, "delta": 0.001413}}
{"target": -13.73348677923821, "params": {"colsample_bytree": 0.3979579312859396, "eta": 0.019781274258197954, "gamma": 712.4983728021981, "max_depth": 3.0, "min_child_weight": 3800.8131213751876, "num_boost_round": 11.0, "subsample": 0.49105727778518626}, "datetime": {"datetime": "2024-01-20 15:00:16", "elapsed": 2177.771736, "delta": 0.00143}}
{"target": -13.731204254581172, "params": {"colsample_bytree": 0.11993776607123517, "eta": 0.024902831041509272, "gamma": 86.8859754567789, "max_depth": 6.0, "min_child_weight": 3703.0857820795222, "num_boost_round": 1.0, "subsample": 0.6738652813066852}, "datetime": {"datetime": "2024-01-20 15:00:35", "elapsed": 2196.701452, "delta": 18.929716}}
{"target": -13.73139413509516, "params": {"colsample_bytree": 0.11993776607123517, "eta": 0.024902831041509272, "gamma": 86.8859754567789, "max_depth": 6.0, "min_child_weight": 3703.0857820795222, "num_boost_round": 2.0, "subsample": 0.6738652813066852}, "datetime": {"datetime": "2024-01-20 15:00:35", "elapsed": 2196.703906, "delta": 0.002454}}
{"target": -13.731489917759085, "params": {"colsample_bytree": 0.11993776607123517, "eta": 0.024902831041509272, "gamma": 86.8859754567789, "max_depth": 6.0, "min_child_weight": 3703.0857820795222, "num_boost_round": 3.0, "subsample": 0.6738652813066852}, "datetime": {"datetime": "2024-01-20 15:00:35", "elapsed": 2196.706406, "delta": 0.0025}}
{"target": -13.731560987883796, "params": {"colsample_bytree": 0.11993776607123517, "eta": 0.024902831041509272, "gamma": 86.8859754567789, "max_depth": 6.0, "min_child_weight": 3703.0857820795222, "num_boost_round": 4.0, "subsample": 0.6738652813066852}, "datetime": {"datetime": "2024-01-20 15:00:35", "elapsed": 2196.708079, "delta": 0.001673}}
{"target": -13.731609000870348, "params": {"colsample_bytree": 0.11993776607123517, "eta": 0.024902831041509272, "gamma": 86.8859754567789, "max_depth": 6.0, "min_child_weight": 3703.0857820795222, "num_boost_round": 5.0, "subsample": 0.6738652813066852}, "datetime": {"datetime": "2024-01-20 15:00:35", "elapsed": 2196.709598, "delta": 0.001519}}
{"target": -13.731776829485751, "params": {"colsample_bytree": 0.11993776607123517, "eta": 0.024902831041509272, "gamma": 86.8859754567789, "max_depth": 6.0, "min_child_weight": 3703.0857820795222, "num_boost_round": 6.0, "subsample": 0.6738652813066852}, "datetime": {"datetime": "2024-01-20 15:00:35", "elapsed": 2196.711494, "delta": 0.001896}}
{"target": -13.73194040569429, "params": {"colsample_bytree": 0.11993776607123517, "eta": 0.024902831041509272, "gamma": 86.8859754567789, "max_depth": 6.0, "min_child_weight": 3703.0857820795222, "num_boost_round": 7.0, "subsample": 0.6738652813066852}, "datetime": {"datetime": "2024-01-20 15:00:35", "elapsed": 2196.712952, "delta": 0.001458}}
{"target": -13.731998620899683, "params": {"colsample_bytree": 0.11993776607123517, "eta": 0.024902831041509272, "gamma": 86.8859754567789, "max_depth": 6.0, "min_child_weight": 3703.0857820795222, "num_boost_round": 8.0, "subsample": 0.6738652813066852}, "datetime": {"datetime": "2024-01-20 15:00:35", "elapsed": 2196.714697, "delta": 0.001745}}
{"target": -13.73209874358263, "params": {"colsample_bytree": 0.11993776607123517, "eta": 0.024902831041509272, "gamma": 86.8859754567789, "max_depth": 6.0, "min_child_weight": 3703.0857820795222, "num_boost_round": 9.0, "subsample": 0.6738652813066852}, "datetime": {"datetime": "2024-01-20 15:00:35", "elapsed": 2196.716502, "delta": 0.001805}}
{"target": -13.731133600057847, "params": {"colsample_bytree": 0.9694738029337474, "eta": 0.00907071155516646, "gamma": 588.1121711571662, "max_depth": 3.0, "min_child_weight": 4656.66976048122, "num_boost_round": 1.0, "subsample": 0.7416138820511753}, "datetime": {"datetime": "2024-01-20 15:00:57", "elapsed": 2218.375698, "delta": 21.659196}}
{"target": -13.73125345013531, "params": {"colsample_bytree": 0.9694738029337474, "eta": 0.00907071155516646, "gamma": 588.1121711571662, "max_depth": 3.0, "min_child_weight": 4656.66976048122, "num_boost_round": 2.0, "subsample": 0.7416138820511753}, "datetime": {"datetime": "2024-01-20 15:00:57", "elapsed": 2218.377901, "delta": 0.002203}}
{"target": -13.731369696223972, "params": {"colsample_bytree": 0.9694738029337474, "eta": 0.00907071155516646, "gamma": 588.1121711571662, "max_depth": 3.0, "min_child_weight": 4656.66976048122, "num_boost_round": 3.0, "subsample": 0.7416138820511753}, "datetime": {"datetime": "2024-01-20 15:00:57", "elapsed": 2218.37939, "delta": 0.001489}}
{"target": -13.73147604451691, "params": {"colsample_bytree": 0.9694738029337474, "eta": 0.00907071155516646, "gamma": 588.1121711571662, "max_depth": 3.0, "min_child_weight": 4656.66976048122, "num_boost_round": 4.0, "subsample": 0.7416138820511753}, "datetime": {"datetime": "2024-01-20 15:00:57", "elapsed": 2218.38181, "delta": 0.00242}}
{"target": -13.731599011544077, "params": {"colsample_bytree": 0.9694738029337474, "eta": 0.00907071155516646, "gamma": 588.1121711571662, "max_depth": 3.0, "min_child_weight": 4656.66976048122, "num_boost_round": 5.0, "subsample": 0.7416138820511753}, "datetime": {"datetime": "2024-01-20 15:00:57", "elapsed": 2218.383285, "delta": 0.001475}}
{"target": -13.73179525990054, "params": {"colsample_bytree": 0.9694738029337474, "eta": 0.00907071155516646, "gamma": 588.1121711571662, "max_depth": 3.0, "min_child_weight": 4656.66976048122, "num_boost_round": 6.0, "subsample": 0.7416138820511753}, "datetime": {"datetime": "2024-01-20 15:00:57", "elapsed": 2218.385046, "delta": 0.001761}}
{"target": -13.731928963382934, "params": {"colsample_bytree": 0.9694738029337474, "eta": 0.00907071155516646, "gamma": 588.1121711571662, "max_depth": 3.0, "min_child_weight": 4656.66976048122, "num_boost_round": 7.0, "subsample": 0.7416138820511753}, "datetime": {"datetime": "2024-01-20 15:00:57", "elapsed": 2218.386712, "delta": 0.001666}}
{"target": -13.732136632146634, "params": {"colsample_bytree": 0.9694738029337474, "eta": 0.00907071155516646, "gamma": 588.1121711571662, "max_depth": 3.0, "min_child_weight": 4656.66976048122, "num_boost_round": 8.0, "subsample": 0.7416138820511753}, "datetime": {"datetime": "2024-01-20 15:00:57", "elapsed": 2218.388173, "delta": 0.001461}}
{"target": -13.73229954186511, "params": {"colsample_bytree": 0.9694738029337474, "eta": 0.00907071155516646, "gamma": 588.1121711571662, "max_depth": 3.0, "min_child_weight": 4656.66976048122, "num_boost_round": 9.0, "subsample": 0.7416138820511753}, "datetime": {"datetime": "2024-01-20 15:00:57", "elapsed": 2218.389636, "delta": 0.001463}}
{"target": -13.73245957597926, "params": {"colsample_bytree": 0.9694738029337474, "eta": 0.00907071155516646, "gamma": 588.1121711571662, "max_depth": 3.0, "min_child_weight": 4656.66976048122, "num_boost_round": 10.0, "subsample": 0.7416138820511753}, "datetime": {"datetime": "2024-01-20 15:00:57", "elapsed": 2218.391098, "delta": 0.001462}}
{"target": -13.73260349984033, "params": {"colsample_bytree": 0.9694738029337474, "eta": 0.00907071155516646, "gamma": 588.1121711571662, "max_depth": 3.0, "min_child_weight": 4656.66976048122, "num_boost_round": 11.0, "subsample": 0.7416138820511753}, "datetime": {"datetime": "2024-01-20 15:00:57", "elapsed": 2218.392563, "delta": 0.001465}}
{"target": -13.732770359970417, "params": {"colsample_bytree": 0.9694738029337474, "eta": 0.00907071155516646, "gamma": 588.1121711571662, "max_depth": 3.0, "min_child_weight": 4656.66976048122, "num_boost_round": 12.0, "subsample": 0.7416138820511753}, "datetime": {"datetime": "2024-01-20 15:00:57", "elapsed": 2218.394148, "delta": 0.001585}}
{"target": -13.732892855883772, "params": {"colsample_bytree": 0.9694738029337474, "eta": 0.00907071155516646, "gamma": 588.1121711571662, "max_depth": 3.0, "min_child_weight": 4656.66976048122, "num_boost_round": 13.0, "subsample": 0.7416138820511753}, "datetime": {"datetime": "2024-01-20 15:00:57", "elapsed": 2218.395617, "delta": 0.001469}}
{"target": -13.73303018002928, "params": {"colsample_bytree": 0.9694738029337474, "eta": 0.00907071155516646, "gamma": 588.1121711571662, "max_depth": 3.0, "min_child_weight": 4656.66976048122, "num_boost_round": 14.0, "subsample": 0.7416138820511753}, "datetime": {"datetime": "2024-01-20 15:00:57", "elapsed": 2218.397081, "delta": 0.001464}}
{"target": -13.73326193225548, "params": {"colsample_bytree": 0.9694738029337474, "eta": 0.00907071155516646, "gamma": 588.1121711571662, "max_depth": 3.0, "min_child_weight": 4656.66976048122, "num_boost_round": 15.0, "subsample": 0.7416138820511753}, "datetime": {"datetime": "2024-01-20 15:00:57", "elapsed": 2218.398555, "delta": 0.001474}}
{"target": -13.733404899876898, "params": {"colsample_bytree": 0.9694738029337474, "eta": 0.00907071155516646, "gamma": 588.1121711571662, "max_depth": 3.0, "min_child_weight": 4656.66976048122, "num_boost_round": 16.0, "subsample": 0.7416138820511753}, "datetime": {"datetime": "2024-01-20 15:00:57", "elapsed": 2218.40002, "delta": 0.001465}}
{"target": -13.733561783995704, "params": {"colsample_bytree": 0.9694738029337474, "eta": 0.00907071155516646, "gamma": 588.1121711571662, "max_depth": 3.0, "min_child_weight": 4656.66976048122, "num_boost_round": 17.0, "subsample": 0.7416138820511753}, "datetime": {"datetime": "2024-01-20 15:00:57", "elapsed": 2218.401501, "delta": 0.001481}}
{"target": -13.731384265412672, "params": {"colsample_bytree": 0.6165303565324562, "eta": 0.0214370524562295, "gamma": 675.603042867887, "max_depth": 5.0, "min_child_weight": 4600.085890753638, "num_boost_round": 1.0, "subsample": 0.4578420873050836}, "datetime": {"datetime": "2024-01-20 15:01:12", "elapsed": 2233.561769, "delta": 15.160268}}
{"target": -13.731619767697469, "params": {"colsample_bytree": 0.6165303565324562, "eta": 0.0214370524562295, "gamma": 675.603042867887, "max_depth": 5.0, "min_child_weight": 4600.085890753638, "num_boost_round": 2.0, "subsample": 0.4578420873050836}, "datetime": {"datetime": "2024-01-20 15:01:12", "elapsed": 2233.564238, "delta": 0.002469}}
{"target": -13.73184756890872, "params": {"colsample_bytree": 0.6185805671629448, "eta": 0.05911763107324094, "gamma": 636.1880626973008, "max_depth": 3.0, "min_child_weight": 3772.2612919451544, "num_boost_round": 1.0, "subsample": 0.7730481618348932}, "datetime": {"datetime": "2024-01-20 15:01:27", "elapsed": 2248.846246, "delta": 15.282008}}
{"target": -13.732846065766015, "params": {"colsample_bytree": 0.6185805671629448, "eta": 0.05911763107324094, "gamma": 636.1880626973008, "max_depth": 3.0, "min_child_weight": 3772.2612919451544, "num_boost_round": 2.0, "subsample": 0.7730481618348932}, "datetime": {"datetime": "2024-01-20 15:01:27", "elapsed": 2248.850026, "delta": 0.00378}}
{"target": -13.732620122375817, "params": {"colsample_bytree": 0.37850767173578015, "eta": 0.0968152980423134, "gamma": 56.34563240632839, "max_depth": 5.0, "min_child_weight": 3622.9745087033466, "num_boost_round": 1.0, "subsample": 0.25903591904320133}, "datetime": {"datetime": "2024-01-20 15:01:54", "elapsed": 2275.532332, "delta": 26.682306}}
{"target": -13.733686524066815, "params": {"colsample_bytree": 0.37850767173578015, "eta": 0.0968152980423134, "gamma": 56.34563240632839, "max_depth": 5.0, "min_child_weight": 3622.9745087033466, "num_boost_round": 2.0, "subsample": 0.25903591904320133}, "datetime": {"datetime": "2024-01-20 15:01:54", "elapsed": 2275.5351, "delta": 0.002768}}
{"target": -13.73474934638525, "params": {"colsample_bytree": 0.37850767173578015, "eta": 0.0968152980423134, "gamma": 56.34563240632839, "max_depth": 5.0, "min_child_weight": 3622.9745087033466, "num_boost_round": 3.0, "subsample": 0.25903591904320133}, "datetime": {"datetime": "2024-01-20 15:01:54", "elapsed": 2275.537615, "delta": 0.002515}}
