{"target": -19.15414804892133, "params": {"colsample_bytree": 0.474149801231886, "eta": 0.07875233659082317, "gamma": 467.6217167951553, "max_depth": 7.0, "min_child_weight": 4643.621023353439, "num_boost_round": 18.0, "subsample": 0.838017793164173}, "datetime": {"datetime": "2024-01-20 15:22:55", "elapsed": 3543.059018, "delta": 0.003685}}
{"target": -19.15515263029781, "params": {"colsample_bytree": 0.474149801231886, "eta": 0.07875233659082317, "gamma": 467.6217167951553, "max_depth": 7.0, "min_child_weight": 4643.621023353439, "num_boost_round": 19.0, "subsample": 0.838017793164173}, "datetime": {"datetime": "2024-01-20 15:22:55", "elapsed": 3543.062911, "delta": 0.003893}}
{"target": -19.143209069560914, "params": {"colsample_bytree": 0.4511555647060763, "eta": 0.03731558109767388, "gamma": 595.1056374517461, "max_depth": 2.0, "min_child_weight": 4475.689982581158, "num_boost_round": 1.0, "subsample": 0.2092001522155877}, "datetime": {"datetime": "2024-01-20 15:27:21", "elapsed": 3809.440457, "delta": 266.377546}}
{"target": -19.143099313116966, "params": {"colsample_bytree": 0.4511555647060763, "eta": 0.03731558109767388, "gamma": 595.1056374517461, "max_depth": 2.0, "min_child_weight": 4475.689982581158, "num_boost_round": 2.0, "subsample": 0.2092001522155877}, "datetime": {"datetime": "2024-01-20 15:27:21", "elapsed": 3809.482106, "delta": 0.041649}}
{"target": -19.142855091626306, "params": {"colsample_bytree": 0.4511555647060763, "eta": 0.03731558109767388, "gamma": 595.1056374517461, "max_depth": 2.0, "min_child_weight": 4475.689982581158, "num_boost_round": 3.0, "subsample": 0.2092001522155877}, "datetime": {"datetime": "2024-01-20 15:27:21", "elapsed": 3809.485733, "delta": 0.003627}}
{"target": -19.142614661401815, "params": {"colsample_bytree": 0.4511555647060763, "eta": 0.03731558109767388, "gamma": 595.1056374517461, "max_depth": 2.0, "min_child_weight": 4475.689982581158, "num_boost_round": 4.0, "subsample": 0.2092001522155877}, "datetime": {"datetime": "2024-01-20 15:27:21", "elapsed": 3809.489078, "delta": 0.003345}}
{"target": -19.142549861516954, "params": {"colsample_bytree": 0.4511555647060763, "eta": 0.03731558109767388, "gamma": 595.1056374517461, "max_depth": 2.0, "min_child_weight": 4475.689982581158, "num_boost_round": 5.0, "subsample": 0.2092001522155877}, "datetime": {"datetime": "2024-01-20 15:27:21", "elapsed": 3809.492585, "delta": 0.003507}}
{"target": -19.142356363638108, "params": {"colsample_bytree": 0.4511555647060763, "eta": 0.03731558109767388, "gamma": 595.1056374517461, "max_depth": 2.0, "min_child_weight": 4475.689982581158, "num_boost_round": 6.0, "subsample": 0.2092001522155877}, "datetime": {"datetime": "2024-01-20 15:27:21", "elapsed": 3809.496262, "delta": 0.003677}}
{"target": -19.142384231984746, "params": {"colsample_bytree": 0.4511555647060763, "eta": 0.03731558109767388, "gamma": 595.1056374517461, "max_depth": 2.0, "min_child_weight": 4475.689982581158, "num_boost_round": 7.0, "subsample": 0.2092001522155877}, "datetime": {"datetime": "2024-01-20 15:27:21", "elapsed": 3809.499634, "delta": 0.003372}}
{"target": -19.1422322630929, "params": {"colsample_bytree": 0.4511555647060763, "eta": 0.03731558109767388, "gamma": 595.1056374517461, "max_depth": 2.0, "min_child_weight": 4475.689982581158, "num_boost_round": 8.0, "subsample": 0.2092001522155877}, "datetime": {"datetime": "2024-01-20 15:27:21", "elapsed": 3809.503049, "delta": 0.003415}}
{"target": -19.1421820006034, "params": {"colsample_bytree": 0.4511555647060763, "eta": 0.03731558109767388, "gamma": 595.1056374517461, "max_depth": 2.0, "min_child_weight": 4475.689982581158, "num_boost_round": 9.0, "subsample": 0.2092001522155877}, "datetime": {"datetime": "2024-01-20 15:27:21", "elapsed": 3809.506495, "delta": 0.003446}}
{"target": -19.142007268315204, "params": {"colsample_bytree": 0.4511555647060763, "eta": 0.03731558109767388, "gamma": 595.1056374517461, "max_depth": 2.0, "min_child_weight": 4475.689982581158, "num_boost_round": 10.0, "subsample": 0.2092001522155877}, "datetime": {"datetime": "2024-01-20 15:27:21", "elapsed": 3809.509841, "delta": 0.003346}}
{"target": -19.14203202748734, "params": {"colsample_bytree": 0.4511555647060763, "eta": 0.03731558109767388, "gamma": 595.1056374517461, "max_depth": 2.0, "min_child_weight": 4475.689982581158, "num_boost_round": 11.0, "subsample": 0.2092001522155877}, "datetime": {"datetime": "2024-01-20 15:27:21", "elapsed": 3809.513168, "delta": 0.003327}}
{"target": -19.142107612376698, "params": {"colsample_bytree": 0.4511555647060763, "eta": 0.03731558109767388, "gamma": 595.1056374517461, "max_depth": 2.0, "min_child_weight": 4475.689982581158, "num_boost_round": 12.0, "subsample": 0.2092001522155877}, "datetime": {"datetime": "2024-01-20 15:27:21", "elapsed": 3809.516748, "delta": 0.00358}}
{"target": -19.142141071424525, "params": {"colsample_bytree": 0.4511555647060763, "eta": 0.03731558109767388, "gamma": 595.1056374517461, "max_depth": 2.0, "min_child_weight": 4475.689982581158, "num_boost_round": 13.0, "subsample": 0.2092001522155877}, "datetime": {"datetime": "2024-01-20 15:27:21", "elapsed": 3809.52016, "delta": 0.003412}}
{"target": -19.142291561356927, "params": {"colsample_bytree": 0.4511555647060763, "eta": 0.03731558109767388, "gamma": 595.1056374517461, "max_depth": 2.0, "min_child_weight": 4475.689982581158, "num_boost_round": 14.0, "subsample": 0.2092001522155877}, "datetime": {"datetime": "2024-01-20 15:27:21", "elapsed": 3809.523605, "delta": 0.003445}}
{"target": -19.142441405971553, "params": {"colsample_bytree": 0.4511555647060763, "eta": 0.03731558109767388, "gamma": 595.1056374517461, "max_depth": 2.0, "min_child_weight": 4475.689982581158, "num_boost_round": 15.0, "subsample": 0.2092001522155877}, "datetime": {"datetime": "2024-01-20 15:27:21", "elapsed": 3809.527077, "delta": 0.003472}}
{"target": -19.142302315068527, "params": {"colsample_bytree": 0.4511555647060763, "eta": 0.03731558109767388, "gamma": 595.1056374517461, "max_depth": 2.0, "min_child_weight": 4475.689982581158, "num_boost_round": 16.0, "subsample": 0.2092001522155877}, "datetime": {"datetime": "2024-01-20 15:27:21", "elapsed": 3809.530431, "delta": 0.003354}}
{"target": -19.14238764900242, "params": {"colsample_bytree": 0.4511555647060763, "eta": 0.03731558109767388, "gamma": 595.1056374517461, "max_depth": 2.0, "min_child_weight": 4475.689982581158, "num_boost_round": 17.0, "subsample": 0.2092001522155877}, "datetime": {"datetime": "2024-01-20 15:27:21", "elapsed": 3809.533965, "delta": 0.003534}}
{"target": -19.142404125874464, "params": {"colsample_bytree": 0.4511555647060763, "eta": 0.03731558109767388, "gamma": 595.1056374517461, "max_depth": 2.0, "min_child_weight": 4475.689982581158, "num_boost_round": 18.0, "subsample": 0.2092001522155877}, "datetime": {"datetime": "2024-01-20 15:27:21", "elapsed": 3809.537588, "delta": 0.003623}}
{"target": -19.14248261721425, "params": {"colsample_bytree": 0.4511555647060763, "eta": 0.03731558109767388, "gamma": 595.1056374517461, "max_depth": 2.0, "min_child_weight": 4475.689982581158, "num_boost_round": 19.0, "subsample": 0.2092001522155877}, "datetime": {"datetime": "2024-01-20 15:27:21", "elapsed": 3809.541073, "delta": 0.003485}}
{"target": -19.14262070435381, "params": {"colsample_bytree": 0.4511555647060763, "eta": 0.03731558109767388, "gamma": 595.1056374517461, "max_depth": 2.0, "min_child_weight": 4475.689982581158, "num_boost_round": 20.0, "subsample": 0.2092001522155877}, "datetime": {"datetime": "2024-01-20 15:27:21", "elapsed": 3809.544611, "delta": 0.003538}}
{"target": -19.142649195492424, "params": {"colsample_bytree": 0.4511555647060763, "eta": 0.03731558109767388, "gamma": 595.1056374517461, "max_depth": 2.0, "min_child_weight": 4475.689982581158, "num_boost_round": 21.0, "subsample": 0.2092001522155877}, "datetime": {"datetime": "2024-01-20 15:27:21", "elapsed": 3809.548313, "delta": 0.003702}}
{"target": -19.142772303044566, "params": {"colsample_bytree": 0.4511555647060763, "eta": 0.03731558109767388, "gamma": 595.1056374517461, "max_depth": 2.0, "min_child_weight": 4475.689982581158, "num_boost_round": 22.0, "subsample": 0.2092001522155877}, "datetime": {"datetime": "2024-01-20 15:27:21", "elapsed": 3809.551877, "delta": 0.003564}}
{"target": -19.142557600167642, "params": {"colsample_bytree": 0.4511555647060763, "eta": 0.03731558109767388, "gamma": 595.1056374517461, "max_depth": 2.0, "min_child_weight": 4475.689982581158, "num_boost_round": 23.0, "subsample": 0.2092001522155877}, "datetime": {"datetime": "2024-01-20 15:27:21", "elapsed": 3809.555388, "delta": 0.003511}}
{"target": -19.142686008173833, "params": {"colsample_bytree": 0.4511555647060763, "eta": 0.03731558109767388, "gamma": 595.1056374517461, "max_depth": 2.0, "min_child_weight": 4475.689982581158, "num_boost_round": 24.0, "subsample": 0.2092001522155877}, "datetime": {"datetime": "2024-01-20 15:27:21", "elapsed": 3809.559041, "delta": 0.003653}}
{"target": -19.142889839689524, "params": {"colsample_bytree": 0.4511555647060763, "eta": 0.03731558109767388, "gamma": 595.1056374517461, "max_depth": 2.0, "min_child_weight": 4475.689982581158, "num_boost_round": 25.0, "subsample": 0.2092001522155877}, "datetime": {"datetime": "2024-01-20 15:27:21", "elapsed": 3809.562602, "delta": 0.003561}}
{"target": -19.142903261887454, "params": {"colsample_bytree": 0.4511555647060763, "eta": 0.03731558109767388, "gamma": 595.1056374517461, "max_depth": 2.0, "min_child_weight": 4475.689982581158, "num_boost_round": 26.0, "subsample": 0.2092001522155877}, "datetime": {"datetime": "2024-01-20 15:27:21", "elapsed": 3809.566145, "delta": 0.003543}}
{"target": -19.142954213515655, "params": {"colsample_bytree": 0.4511555647060763, "eta": 0.03731558109767388, "gamma": 595.1056374517461, "max_depth": 2.0, "min_child_weight": 4475.689982581158, "num_boost_round": 27.0, "subsample": 0.2092001522155877}, "datetime": {"datetime": "2024-01-20 15:27:21", "elapsed": 3809.569641, "delta": 0.003496}}
{"target": -19.143055255118462, "params": {"colsample_bytree": 0.4511555647060763, "eta": 0.03731558109767388, "gamma": 595.1056374517461, "max_depth": 2.0, "min_child_weight": 4475.689982581158, "num_boost_round": 28.0, "subsample": 0.2092001522155877}, "datetime": {"datetime": "2024-01-20 15:27:21", "elapsed": 3809.573072, "delta": 0.003431}}
{"target": -19.1429103285583, "params": {"colsample_bytree": 0.4511555647060763, "eta": 0.03731558109767388, "gamma": 595.1056374517461, "max_depth": 2.0, "min_child_weight": 4475.689982581158, "num_boost_round": 29.0, "subsample": 0.2092001522155877}, "datetime": {"datetime": "2024-01-20 15:27:21", "elapsed": 3809.577257, "delta": 0.004185}}
{"target": -19.142895983971616, "params": {"colsample_bytree": 0.4511555647060763, "eta": 0.03731558109767388, "gamma": 595.1056374517461, "max_depth": 2.0, "min_child_weight": 4475.689982581158, "num_boost_round": 30.0, "subsample": 0.2092001522155877}, "datetime": {"datetime": "2024-01-20 15:27:21", "elapsed": 3809.580641, "delta": 0.003384}}
{"target": -19.143002509613755, "params": {"colsample_bytree": 0.4511555647060763, "eta": 0.03731558109767388, "gamma": 595.1056374517461, "max_depth": 2.0, "min_child_weight": 4475.689982581158, "num_boost_round": 31.0, "subsample": 0.2092001522155877}, "datetime": {"datetime": "2024-01-20 15:27:21", "elapsed": 3809.584052, "delta": 0.003411}}
{"target": -19.14300102726569, "params": {"colsample_bytree": 0.4511555647060763, "eta": 0.03731558109767388, "gamma": 595.1056374517461, "max_depth": 2.0, "min_child_weight": 4475.689982581158, "num_boost_round": 32.0, "subsample": 0.2092001522155877}, "datetime": {"datetime": "2024-01-20 15:27:21", "elapsed": 3809.587651, "delta": 0.003599}}
{"target": -19.14304144247358, "params": {"colsample_bytree": 0.4511555647060763, "eta": 0.03731558109767388, "gamma": 595.1056374517461, "max_depth": 2.0, "min_child_weight": 4475.689982581158, "num_boost_round": 33.0, "subsample": 0.2092001522155877}, "datetime": {"datetime": "2024-01-20 15:27:21", "elapsed": 3809.591056, "delta": 0.003405}}
{"target": -19.143133389973737, "params": {"colsample_bytree": 0.4511555647060763, "eta": 0.03731558109767388, "gamma": 595.1056374517461, "max_depth": 2.0, "min_child_weight": 4475.689982581158, "num_boost_round": 34.0, "subsample": 0.2092001522155877}, "datetime": {"datetime": "2024-01-20 15:27:21", "elapsed": 3809.594427, "delta": 0.003371}}
{"target": -19.143340872846252, "params": {"colsample_bytree": 0.4511555647060763, "eta": 0.03731558109767388, "gamma": 595.1056374517461, "max_depth": 2.0, "min_child_weight": 4475.689982581158, "num_boost_round": 35.0, "subsample": 0.2092001522155877}, "datetime": {"datetime": "2024-01-20 15:27:21", "elapsed": 3809.598022, "delta": 0.003595}}
{"target": -19.14336334153277, "params": {"colsample_bytree": 0.4511555647060763, "eta": 0.03731558109767388, "gamma": 595.1056374517461, "max_depth": 2.0, "min_child_weight": 4475.689982581158, "num_boost_round": 36.0, "subsample": 0.2092001522155877}, "datetime": {"datetime": "2024-01-20 15:27:21", "elapsed": 3809.601487, "delta": 0.003465}}
{"target": -19.143167261857297, "params": {"colsample_bytree": 0.4511555647060763, "eta": 0.03731558109767388, "gamma": 595.1056374517461, "max_depth": 2.0, "min_child_weight": 4475.689982581158, "num_boost_round": 37.0, "subsample": 0.2092001522155877}, "datetime": {"datetime": "2024-01-20 15:27:21", "elapsed": 3809.604994, "delta": 0.003507}}
{"target": -19.14319658651666, "params": {"colsample_bytree": 0.4511555647060763, "eta": 0.03731558109767388, "gamma": 595.1056374517461, "max_depth": 2.0, "min_child_weight": 4475.689982581158, "num_boost_round": 38.0, "subsample": 0.2092001522155877}, "datetime": {"datetime": "2024-01-20 15:27:21", "elapsed": 3809.608405, "delta": 0.003411}}
{"target": -19.14332553276494, "params": {"colsample_bytree": 0.4511555647060763, "eta": 0.03731558109767388, "gamma": 595.1056374517461, "max_depth": 2.0, "min_child_weight": 4475.689982581158, "num_boost_round": 39.0, "subsample": 0.2092001522155877}, "datetime": {"datetime": "2024-01-20 15:27:21", "elapsed": 3809.611789, "delta": 0.003384}}
{"target": -19.143202655572, "params": {"colsample_bytree": 0.4511555647060763, "eta": 0.03731558109767388, "gamma": 595.1056374517461, "max_depth": 2.0, "min_child_weight": 4475.689982581158, "num_boost_round": 40.0, "subsample": 0.2092001522155877}, "datetime": {"datetime": "2024-01-20 15:27:21", "elapsed": 3809.615533, "delta": 0.003744}}
{"target": -19.143183983374314, "params": {"colsample_bytree": 0.4511555647060763, "eta": 0.03731558109767388, "gamma": 595.1056374517461, "max_depth": 2.0, "min_child_weight": 4475.689982581158, "num_boost_round": 41.0, "subsample": 0.2092001522155877}, "datetime": {"datetime": "2024-01-20 15:27:21", "elapsed": 3809.619291, "delta": 0.003758}}
{"target": -19.143091297842446, "params": {"colsample_bytree": 0.4511555647060763, "eta": 0.03731558109767388, "gamma": 595.1056374517461, "max_depth": 2.0, "min_child_weight": 4475.689982581158, "num_boost_round": 42.0, "subsample": 0.2092001522155877}, "datetime": {"datetime": "2024-01-20 15:27:21", "elapsed": 3809.623467, "delta": 0.004176}}
{"target": -19.143139092496785, "params": {"colsample_bytree": 0.4511555647060763, "eta": 0.03731558109767388, "gamma": 595.1056374517461, "max_depth": 2.0, "min_child_weight": 4475.689982581158, "num_boost_round": 43.0, "subsample": 0.2092001522155877}, "datetime": {"datetime": "2024-01-20 15:27:21", "elapsed": 3809.626976, "delta": 0.003509}}
{"target": -19.143238967126926, "params": {"colsample_bytree": 0.4511555647060763, "eta": 0.03731558109767388, "gamma": 595.1056374517461, "max_depth": 2.0, "min_child_weight": 4475.689982581158, "num_boost_round": 44.0, "subsample": 0.2092001522155877}, "datetime": {"datetime": "2024-01-20 15:27:21", "elapsed": 3809.630457, "delta": 0.003481}}
{"target": -19.143240233903157, "params": {"colsample_bytree": 0.4511555647060763, "eta": 0.03731558109767388, "gamma": 595.1056374517461, "max_depth": 2.0, "min_child_weight": 4475.689982581158, "num_boost_round": 45.0, "subsample": 0.2092001522155877}, "datetime": {"datetime": "2024-01-20 15:27:21", "elapsed": 3809.63405, "delta": 0.003593}}
{"target": -19.143168727783177, "params": {"colsample_bytree": 0.4511555647060763, "eta": 0.03731558109767388, "gamma": 595.1056374517461, "max_depth": 2.0, "min_child_weight": 4475.689982581158, "num_boost_round": 46.0, "subsample": 0.2092001522155877}, "datetime": {"datetime": "2024-01-20 15:27:21", "elapsed": 3809.6376, "delta": 0.00355}}
{"target": -19.143114312683775, "params": {"colsample_bytree": 0.4511555647060763, "eta": 0.03731558109767388, "gamma": 595.1056374517461, "max_depth": 2.0, "min_child_weight": 4475.689982581158, "num_boost_round": 47.0, "subsample": 0.2092001522155877}, "datetime": {"datetime": "2024-01-20 15:27:21", "elapsed": 3809.641192, "delta": 0.003592}}
{"target": -19.142962476166772, "params": {"colsample_bytree": 0.4511555647060763, "eta": 0.03731558109767388, "gamma": 595.1056374517461, "max_depth": 2.0, "min_child_weight": 4475.689982581158, "num_boost_round": 48.0, "subsample": 0.2092001522155877}, "datetime": {"datetime": "2024-01-20 15:27:21", "elapsed": 3809.64516, "delta": 0.003968}}
{"target": -19.14300813908059, "params": {"colsample_bytree": 0.4511555647060763, "eta": 0.03731558109767388, "gamma": 595.1056374517461, "max_depth": 2.0, "min_child_weight": 4475.689982581158, "num_boost_round": 49.0, "subsample": 0.2092001522155877}, "datetime": {"datetime": "2024-01-20 15:27:21", "elapsed": 3809.648845, "delta": 0.003685}}
{"target": -19.14298827573984, "params": {"colsample_bytree": 0.4511555647060763, "eta": 0.03731558109767388, "gamma": 595.1056374517461, "max_depth": 2.0, "min_child_weight": 4475.689982581158, "num_boost_round": 50.0, "subsample": 0.2092001522155877}, "datetime": {"datetime": "2024-01-20 15:27:21", "elapsed": 3809.652645, "delta": 0.0038}}
{"target": -19.14288066195123, "params": {"colsample_bytree": 0.4511555647060763, "eta": 0.03731558109767388, "gamma": 595.1056374517461, "max_depth": 2.0, "min_child_weight": 4475.689982581158, "num_boost_round": 51.0, "subsample": 0.2092001522155877}, "datetime": {"datetime": "2024-01-20 15:27:21", "elapsed": 3809.656646, "delta": 0.004001}}
{"target": -19.14286896837937, "params": {"colsample_bytree": 0.4511555647060763, "eta": 0.03731558109767388, "gamma": 595.1056374517461, "max_depth": 2.0, "min_child_weight": 4475.689982581158, "num_boost_round": 52.0, "subsample": 0.2092001522155877}, "datetime": {"datetime": "2024-01-20 15:27:21", "elapsed": 3809.660242, "delta": 0.003596}}
{"target": -19.142953461715855, "params": {"colsample_bytree": 0.4511555647060763, "eta": 0.03731558109767388, "gamma": 595.1056374517461, "max_depth": 2.0, "min_child_weight": 4475.689982581158, "num_boost_round": 53.0, "subsample": 0.2092001522155877}, "datetime": {"datetime": "2024-01-20 15:27:21", "elapsed": 3809.758457, "delta": 0.098215}}
{"target": -19.142986359077586, "params": {"colsample_bytree": 0.4511555647060763, "eta": 0.03731558109767388, "gamma": 595.1056374517461, "max_depth": 2.0, "min_child_weight": 4475.689982581158, "num_boost_round": 54.0, "subsample": 0.2092001522155877}, "datetime": {"datetime": "2024-01-20 15:27:21", "elapsed": 3809.76244, "delta": 0.003983}}
{"target": -19.14298129285423, "params": {"colsample_bytree": 0.4511555647060763, "eta": 0.03731558109767388, "gamma": 595.1056374517461, "max_depth": 2.0, "min_child_weight": 4475.689982581158, "num_boost_round": 55.0, "subsample": 0.2092001522155877}, "datetime": {"datetime": "2024-01-20 15:27:21", "elapsed": 3809.765988, "delta": 0.003548}}
{"target": -19.142852919691848, "params": {"colsample_bytree": 0.4511555647060763, "eta": 0.03731558109767388, "gamma": 595.1056374517461, "max_depth": 2.0, "min_child_weight": 4475.689982581158, "num_boost_round": 56.0, "subsample": 0.2092001522155877}, "datetime": {"datetime": "2024-01-20 15:27:21", "elapsed": 3809.769407, "delta": 0.003419}}
{"target": -19.142778010993048, "params": {"colsample_bytree": 0.4511555647060763, "eta": 0.03731558109767388, "gamma": 595.1056374517461, "max_depth": 2.0, "min_child_weight": 4475.689982581158, "num_boost_round": 57.0, "subsample": 0.2092001522155877}, "datetime": {"datetime": "2024-01-20 15:27:21", "elapsed": 3809.773215, "delta": 0.003808}}
{"target": -19.142596852929508, "params": {"colsample_bytree": 0.4511555647060763, "eta": 0.03731558109767388, "gamma": 595.1056374517461, "max_depth": 2.0, "min_child_weight": 4475.689982581158, "num_boost_round": 58.0, "subsample": 0.2092001522155877}, "datetime": {"datetime": "2024-01-20 15:27:21", "elapsed": 3809.776753, "delta": 0.003538}}
{"target": -19.14260074902318, "params": {"colsample_bytree": 0.4511555647060763, "eta": 0.03731558109767388, "gamma": 595.1056374517461, "max_depth": 2.0, "min_child_weight": 4475.689982581158, "num_boost_round": 59.0, "subsample": 0.2092001522155877}, "datetime": {"datetime": "2024-01-20 15:27:21", "elapsed": 3809.780227, "delta": 0.003474}}
{"target": -19.14252944605494, "params": {"colsample_bytree": 0.4511555647060763, "eta": 0.03731558109767388, "gamma": 595.1056374517461, "max_depth": 2.0, "min_child_weight": 4475.689982581158, "num_boost_round": 60.0, "subsample": 0.2092001522155877}, "datetime": {"datetime": "2024-01-20 15:27:21", "elapsed": 3809.783778, "delta": 0.003551}}
{"target": -19.142577036762525, "params": {"colsample_bytree": 0.4511555647060763, "eta": 0.03731558109767388, "gamma": 595.1056374517461, "max_depth": 2.0, "min_child_weight": 4475.689982581158, "num_boost_round": 61.0, "subsample": 0.2092001522155877}, "datetime": {"datetime": "2024-01-20 15:27:21", "elapsed": 3809.787381, "delta": 0.003603}}
