{"target": -10.475121155138467, "params": {"colsample_bytree": 0.5056355193867738, "eta": 0.08396293696103244, "gamma": 628.56223994278, "max_depth": 2.0, "min_child_weight": 4733.306829923592, "num_boost_round": 11.0, "subsample": 0.12208013047068762}, "datetime": {"datetime": "2024-01-20 15:17:37", "elapsed": 6749.830501, "delta": 0.004865}}
{"target": -10.475470157898753, "params": {"colsample_bytree": 0.5056355193867738, "eta": 0.08396293696103244, "gamma": 628.56223994278, "max_depth": 2.0, "min_child_weight": 4733.306829923592, "num_boost_round": 12.0, "subsample": 0.12208013047068762}, "datetime": {"datetime": "2024-01-20 15:17:37", "elapsed": 6749.83544, "delta": 0.004939}}
{"target": -10.47560581516723, "params": {"colsample_bytree": 0.5056355193867738, "eta": 0.08396293696103244, "gamma": 628.56223994278, "max_depth": 2.0, "min_child_weight": 4733.306829923592, "num_boost_round": 13.0, "subsample": 0.12208013047068762}, "datetime": {"datetime": "2024-01-20 15:17:37", "elapsed": 6749.840468, "delta": 0.005028}}
{"target": -10.475749522189362, "params": {"colsample_bytree": 0.5056355193867738, "eta": 0.08396293696103244, "gamma": 628.56223994278, "max_depth": 2.0, "min_child_weight": 4733.306829923592, "num_boost_round": 14.0, "subsample": 0.12208013047068762}, "datetime": {"datetime": "2024-01-20 15:17:37", "elapsed": 6749.845547, "delta": 0.005079}}
{"target": -10.475815174176333, "params": {"colsample_bytree": 0.5056355193867738, "eta": 0.08396293696103244, "gamma": 628.56223994278, "max_depth": 2.0, "min_child_weight": 4733.306829923592, "num_boost_round": 15.0, "subsample": 0.12208013047068762}, "datetime": {"datetime": "2024-01-20 15:17:37", "elapsed": 6749.850399, "delta": 0.004852}}
{"target": -10.475827783056172, "params": {"colsample_bytree": 0.5056355193867738, "eta": 0.08396293696103244, "gamma": 628.56223994278, "max_depth": 2.0, "min_child_weight": 4733.306829923592, "num_boost_round": 16.0, "subsample": 0.12208013047068762}, "datetime": {"datetime": "2024-01-20 15:17:37", "elapsed": 6749.855281, "delta": 0.004882}}
{"target": -10.47581650669062, "params": {"colsample_bytree": 0.5056355193867738, "eta": 0.08396293696103244, "gamma": 628.56223994278, "max_depth": 2.0, "min_child_weight": 4733.306829923592, "num_boost_round": 17.0, "subsample": 0.12208013047068762}, "datetime": {"datetime": "2024-01-20 15:17:37", "elapsed": 6749.860262, "delta": 0.004981}}
{"target": -10.47583861740871, "params": {"colsample_bytree": 0.5056355193867738, "eta": 0.08396293696103244, "gamma": 628.56223994278, "max_depth": 2.0, "min_child_weight": 4733.306829923592, "num_boost_round": 18.0, "subsample": 0.12208013047068762}, "datetime": {"datetime": "2024-01-20 15:17:37", "elapsed": 6749.865295, "delta": 0.005033}}
{"target": -10.47588132616778, "params": {"colsample_bytree": 0.5056355193867738, "eta": 0.08396293696103244, "gamma": 628.56223994278, "max_depth": 2.0, "min_child_weight": 4733.306829923592, "num_boost_round": 19.0, "subsample": 0.12208013047068762}, "datetime": {"datetime": "2024-01-20 15:17:37", "elapsed": 6749.870358, "delta": 0.005063}}
{"target": -10.476006556207935, "params": {"colsample_bytree": 0.5056355193867738, "eta": 0.08396293696103244, "gamma": 628.56223994278, "max_depth": 2.0, "min_child_weight": 4733.306829923592, "num_boost_round": 20.0, "subsample": 0.12208013047068762}, "datetime": {"datetime": "2024-01-20 15:17:37", "elapsed": 6749.875458, "delta": 0.0051}}
{"target": -10.476523681820973, "params": {"colsample_bytree": 0.5056355193867738, "eta": 0.08396293696103244, "gamma": 628.56223994278, "max_depth": 2.0, "min_child_weight": 4733.306829923592, "num_boost_round": 21.0, "subsample": 0.12208013047068762}, "datetime": {"datetime": "2024-01-20 15:17:37", "elapsed": 6749.880697, "delta": 0.005239}}
{"target": -10.476228402172286, "params": {"colsample_bytree": 0.5056355193867738, "eta": 0.08396293696103244, "gamma": 628.56223994278, "max_depth": 2.0, "min_child_weight": 4733.306829923592, "num_boost_round": 22.0, "subsample": 0.12208013047068762}, "datetime": {"datetime": "2024-01-20 15:17:37", "elapsed": 6749.885668, "delta": 0.004971}}
{"target": -10.476532724026587, "params": {"colsample_bytree": 0.5056355193867738, "eta": 0.08396293696103244, "gamma": 628.56223994278, "max_depth": 2.0, "min_child_weight": 4733.306829923592, "num_boost_round": 23.0, "subsample": 0.12208013047068762}, "datetime": {"datetime": "2024-01-20 15:17:37", "elapsed": 6749.890565, "delta": 0.004897}}
{"target": -10.476708601140569, "params": {"colsample_bytree": 0.5056355193867738, "eta": 0.08396293696103244, "gamma": 628.56223994278, "max_depth": 2.0, "min_child_weight": 4733.306829923592, "num_boost_round": 24.0, "subsample": 0.12208013047068762}, "datetime": {"datetime": "2024-01-20 15:17:37", "elapsed": 6749.895402, "delta": 0.004837}}
{"target": -10.47684956146399, "params": {"colsample_bytree": 0.5056355193867738, "eta": 0.08396293696103244, "gamma": 628.56223994278, "max_depth": 2.0, "min_child_weight": 4733.306829923592, "num_boost_round": 25.0, "subsample": 0.12208013047068762}, "datetime": {"datetime": "2024-01-20 15:17:37", "elapsed": 6749.900368, "delta": 0.004966}}
{"target": -10.47707584635727, "params": {"colsample_bytree": 0.5056355193867738, "eta": 0.08396293696103244, "gamma": 628.56223994278, "max_depth": 2.0, "min_child_weight": 4733.306829923592, "num_boost_round": 26.0, "subsample": 0.12208013047068762}, "datetime": {"datetime": "2024-01-20 15:17:37", "elapsed": 6749.905474, "delta": 0.005106}}
{"target": -10.476993326119699, "params": {"colsample_bytree": 0.5056355193867738, "eta": 0.08396293696103244, "gamma": 628.56223994278, "max_depth": 2.0, "min_child_weight": 4733.306829923592, "num_boost_round": 27.0, "subsample": 0.12208013047068762}, "datetime": {"datetime": "2024-01-20 15:17:37", "elapsed": 6749.910499, "delta": 0.005025}}
{"target": -10.477077682331347, "params": {"colsample_bytree": 0.5056355193867738, "eta": 0.08396293696103244, "gamma": 628.56223994278, "max_depth": 2.0, "min_child_weight": 4733.306829923592, "num_boost_round": 28.0, "subsample": 0.12208013047068762}, "datetime": {"datetime": "2024-01-20 15:17:37", "elapsed": 6749.915446, "delta": 0.004947}}
{"target": -10.47723616504033, "params": {"colsample_bytree": 0.5056355193867738, "eta": 0.08396293696103244, "gamma": 628.56223994278, "max_depth": 2.0, "min_child_weight": 4733.306829923592, "num_boost_round": 29.0, "subsample": 0.12208013047068762}, "datetime": {"datetime": "2024-01-20 15:17:37", "elapsed": 6749.920435, "delta": 0.004989}}
{"target": -10.477302644967796, "params": {"colsample_bytree": 0.5056355193867738, "eta": 0.08396293696103244, "gamma": 628.56223994278, "max_depth": 2.0, "min_child_weight": 4733.306829923592, "num_boost_round": 30.0, "subsample": 0.12208013047068762}, "datetime": {"datetime": "2024-01-20 15:17:37", "elapsed": 6749.925298, "delta": 0.004863}}
{"target": -10.47741267639439, "params": {"colsample_bytree": 0.5056355193867738, "eta": 0.08396293696103244, "gamma": 628.56223994278, "max_depth": 2.0, "min_child_weight": 4733.306829923592, "num_boost_round": 31.0, "subsample": 0.12208013047068762}, "datetime": {"datetime": "2024-01-20 15:17:37", "elapsed": 6749.930271, "delta": 0.004973}}
{"target": -10.477415671543074, "params": {"colsample_bytree": 0.5056355193867738, "eta": 0.08396293696103244, "gamma": 628.56223994278, "max_depth": 2.0, "min_child_weight": 4733.306829923592, "num_boost_round": 32.0, "subsample": 0.12208013047068762}, "datetime": {"datetime": "2024-01-20 15:17:37", "elapsed": 6749.935407, "delta": 0.005136}}
{"target": -10.477454299472782, "params": {"colsample_bytree": 0.5056355193867738, "eta": 0.08396293696103244, "gamma": 628.56223994278, "max_depth": 2.0, "min_child_weight": 4733.306829923592, "num_boost_round": 33.0, "subsample": 0.12208013047068762}, "datetime": {"datetime": "2024-01-20 15:17:37", "elapsed": 6749.940328, "delta": 0.004921}}
{"target": -10.477519661896569, "params": {"colsample_bytree": 0.5056355193867738, "eta": 0.08396293696103244, "gamma": 628.56223994278, "max_depth": 2.0, "min_child_weight": 4733.306829923592, "num_boost_round": 34.0, "subsample": 0.12208013047068762}, "datetime": {"datetime": "2024-01-20 15:17:37", "elapsed": 6749.945209, "delta": 0.004881}}
{"target": -10.477667471672149, "params": {"colsample_bytree": 0.5056355193867738, "eta": 0.08396293696103244, "gamma": 628.56223994278, "max_depth": 2.0, "min_child_weight": 4733.306829923592, "num_boost_round": 35.0, "subsample": 0.12208013047068762}, "datetime": {"datetime": "2024-01-20 15:17:37", "elapsed": 6749.950108, "delta": 0.004899}}
{"target": -10.477756504510044, "params": {"colsample_bytree": 0.5056355193867738, "eta": 0.08396293696103244, "gamma": 628.56223994278, "max_depth": 2.0, "min_child_weight": 4733.306829923592, "num_boost_round": 36.0, "subsample": 0.12208013047068762}, "datetime": {"datetime": "2024-01-20 15:17:37", "elapsed": 6749.955369, "delta": 0.005261}}
{"target": -10.477711679296895, "params": {"colsample_bytree": 0.5056355193867738, "eta": 0.08396293696103244, "gamma": 628.56223994278, "max_depth": 2.0, "min_child_weight": 4733.306829923592, "num_boost_round": 37.0, "subsample": 0.12208013047068762}, "datetime": {"datetime": "2024-01-20 15:17:37", "elapsed": 6749.96045, "delta": 0.005081}}
{"target": -10.47782335136291, "params": {"colsample_bytree": 0.5056355193867738, "eta": 0.08396293696103244, "gamma": 628.56223994278, "max_depth": 2.0, "min_child_weight": 4733.306829923592, "num_boost_round": 38.0, "subsample": 0.12208013047068762}, "datetime": {"datetime": "2024-01-20 15:17:37", "elapsed": 6749.965713, "delta": 0.005263}}
{"target": -10.477817544711318, "params": {"colsample_bytree": 0.5056355193867738, "eta": 0.08396293696103244, "gamma": 628.56223994278, "max_depth": 2.0, "min_child_weight": 4733.306829923592, "num_boost_round": 39.0, "subsample": 0.12208013047068762}, "datetime": {"datetime": "2024-01-20 15:17:37", "elapsed": 6749.970679, "delta": 0.004966}}
{"target": -10.477754987123923, "params": {"colsample_bytree": 0.5056355193867738, "eta": 0.08396293696103244, "gamma": 628.56223994278, "max_depth": 2.0, "min_child_weight": 4733.306829923592, "num_boost_round": 40.0, "subsample": 0.12208013047068762}, "datetime": {"datetime": "2024-01-20 15:17:37", "elapsed": 6749.975981, "delta": 0.005302}}
{"target": -10.477678092125924, "params": {"colsample_bytree": 0.5056355193867738, "eta": 0.08396293696103244, "gamma": 628.56223994278, "max_depth": 2.0, "min_child_weight": 4733.306829923592, "num_boost_round": 41.0, "subsample": 0.12208013047068762}, "datetime": {"datetime": "2024-01-20 15:17:37", "elapsed": 6749.981521, "delta": 0.00554}}
{"target": -10.478147493992363, "params": {"colsample_bytree": 0.5056355193867738, "eta": 0.08396293696103244, "gamma": 628.56223994278, "max_depth": 2.0, "min_child_weight": 4733.306829923592, "num_boost_round": 42.0, "subsample": 0.12208013047068762}, "datetime": {"datetime": "2024-01-20 15:17:37", "elapsed": 6749.986797, "delta": 0.005276}}
{"target": -10.47810244797245, "params": {"colsample_bytree": 0.5056355193867738, "eta": 0.08396293696103244, "gamma": 628.56223994278, "max_depth": 2.0, "min_child_weight": 4733.306829923592, "num_boost_round": 43.0, "subsample": 0.12208013047068762}, "datetime": {"datetime": "2024-01-20 15:17:37", "elapsed": 6749.991953, "delta": 0.005156}}
{"target": -10.47811051058318, "params": {"colsample_bytree": 0.5056355193867738, "eta": 0.08396293696103244, "gamma": 628.56223994278, "max_depth": 2.0, "min_child_weight": 4733.306829923592, "num_boost_round": 44.0, "subsample": 0.12208013047068762}, "datetime": {"datetime": "2024-01-20 15:17:37", "elapsed": 6749.997164, "delta": 0.005211}}
{"target": -10.47827856742696, "params": {"colsample_bytree": 0.5056355193867738, "eta": 0.08396293696103244, "gamma": 628.56223994278, "max_depth": 2.0, "min_child_weight": 4733.306829923592, "num_boost_round": 45.0, "subsample": 0.12208013047068762}, "datetime": {"datetime": "2024-01-20 15:17:37", "elapsed": 6750.002108, "delta": 0.004944}}
{"target": -10.478402925966765, "params": {"colsample_bytree": 0.5056355193867738, "eta": 0.08396293696103244, "gamma": 628.56223994278, "max_depth": 2.0, "min_child_weight": 4733.306829923592, "num_boost_round": 46.0, "subsample": 0.12208013047068762}, "datetime": {"datetime": "2024-01-20 15:17:37", "elapsed": 6750.007036, "delta": 0.004928}}
{"target": -10.478290594652202, "params": {"colsample_bytree": 0.5056355193867738, "eta": 0.08396293696103244, "gamma": 628.56223994278, "max_depth": 2.0, "min_child_weight": 4733.306829923592, "num_boost_round": 47.0, "subsample": 0.12208013047068762}, "datetime": {"datetime": "2024-01-20 15:17:37", "elapsed": 6750.011992, "delta": 0.004956}}
{"target": -10.478341285760667, "params": {"colsample_bytree": 0.5056355193867738, "eta": 0.08396293696103244, "gamma": 628.56223994278, "max_depth": 2.0, "min_child_weight": 4733.306829923592, "num_boost_round": 48.0, "subsample": 0.12208013047068762}, "datetime": {"datetime": "2024-01-20 15:17:37", "elapsed": 6750.01696, "delta": 0.004968}}
{"target": -10.478382337298367, "params": {"colsample_bytree": 0.5056355193867738, "eta": 0.08396293696103244, "gamma": 628.56223994278, "max_depth": 2.0, "min_child_weight": 4733.306829923592, "num_boost_round": 49.0, "subsample": 0.12208013047068762}, "datetime": {"datetime": "2024-01-20 15:17:37", "elapsed": 6750.02212, "delta": 0.00516}}
{"target": -10.47865153607163, "params": {"colsample_bytree": 0.5056355193867738, "eta": 0.08396293696103244, "gamma": 628.56223994278, "max_depth": 2.0, "min_child_weight": 4733.306829923592, "num_boost_round": 50.0, "subsample": 0.12208013047068762}, "datetime": {"datetime": "2024-01-20 15:17:37", "elapsed": 6750.027263, "delta": 0.005143}}
{"target": -10.478832908446314, "params": {"colsample_bytree": 0.5056355193867738, "eta": 0.08396293696103244, "gamma": 628.56223994278, "max_depth": 2.0, "min_child_weight": 4733.306829923592, "num_boost_round": 51.0, "subsample": 0.12208013047068762}, "datetime": {"datetime": "2024-01-20 15:17:37", "elapsed": 6750.032161, "delta": 0.004898}}
{"target": -10.478709026189575, "params": {"colsample_bytree": 0.5056355193867738, "eta": 0.08396293696103244, "gamma": 628.56223994278, "max_depth": 2.0, "min_child_weight": 4733.306829923592, "num_boost_round": 52.0, "subsample": 0.12208013047068762}, "datetime": {"datetime": "2024-01-20 15:17:37", "elapsed": 6750.037023, "delta": 0.004862}}
{"target": -10.479003079747304, "params": {"colsample_bytree": 0.5056355193867738, "eta": 0.08396293696103244, "gamma": 628.56223994278, "max_depth": 2.0, "min_child_weight": 4733.306829923592, "num_boost_round": 53.0, "subsample": 0.12208013047068762}, "datetime": {"datetime": "2024-01-20 15:17:38", "elapsed": 6750.041943, "delta": 0.00492}}
{"target": -10.478591227445767, "params": {"colsample_bytree": 0.5056355193867738, "eta": 0.08396293696103244, "gamma": 628.56223994278, "max_depth": 2.0, "min_child_weight": 4733.306829923592, "num_boost_round": 54.0, "subsample": 0.12208013047068762}, "datetime": {"datetime": "2024-01-20 15:17:38", "elapsed": 6750.046875, "delta": 0.004932}}
{"target": -10.4786575847696, "params": {"colsample_bytree": 0.5056355193867738, "eta": 0.08396293696103244, "gamma": 628.56223994278, "max_depth": 2.0, "min_child_weight": 4733.306829923592, "num_boost_round": 55.0, "subsample": 0.12208013047068762}, "datetime": {"datetime": "2024-01-20 15:17:38", "elapsed": 6750.051795, "delta": 0.00492}}
{"target": -10.47863273865906, "params": {"colsample_bytree": 0.5056355193867738, "eta": 0.08396293696103244, "gamma": 628.56223994278, "max_depth": 2.0, "min_child_weight": 4733.306829923592, "num_boost_round": 56.0, "subsample": 0.12208013047068762}, "datetime": {"datetime": "2024-01-20 15:17:38", "elapsed": 6750.056934, "delta": 0.005139}}
{"target": -10.478422133425603, "params": {"colsample_bytree": 0.5056355193867738, "eta": 0.08396293696103244, "gamma": 628.56223994278, "max_depth": 2.0, "min_child_weight": 4733.306829923592, "num_boost_round": 57.0, "subsample": 0.12208013047068762}, "datetime": {"datetime": "2024-01-20 15:17:38", "elapsed": 6750.061842, "delta": 0.004908}}
{"target": -10.478658143003218, "params": {"colsample_bytree": 0.5056355193867738, "eta": 0.08396293696103244, "gamma": 628.56223994278, "max_depth": 2.0, "min_child_weight": 4733.306829923592, "num_boost_round": 58.0, "subsample": 0.12208013047068762}, "datetime": {"datetime": "2024-01-20 15:17:38", "elapsed": 6750.066775, "delta": 0.004933}}
{"target": -10.478615191412125, "params": {"colsample_bytree": 0.5056355193867738, "eta": 0.08396293696103244, "gamma": 628.56223994278, "max_depth": 2.0, "min_child_weight": 4733.306829923592, "num_boost_round": 59.0, "subsample": 0.12208013047068762}, "datetime": {"datetime": "2024-01-20 15:17:38", "elapsed": 6750.071701, "delta": 0.004926}}
{"target": -10.478685143711811, "params": {"colsample_bytree": 0.5056355193867738, "eta": 0.08396293696103244, "gamma": 628.56223994278, "max_depth": 2.0, "min_child_weight": 4733.306829923592, "num_boost_round": 60.0, "subsample": 0.12208013047068762}, "datetime": {"datetime": "2024-01-20 15:17:38", "elapsed": 6750.076625, "delta": 0.004924}}
{"target": -10.478850102279885, "params": {"colsample_bytree": 0.5056355193867738, "eta": 0.08396293696103244, "gamma": 628.56223994278, "max_depth": 2.0, "min_child_weight": 4733.306829923592, "num_boost_round": 61.0, "subsample": 0.12208013047068762}, "datetime": {"datetime": "2024-01-20 15:17:38", "elapsed": 6750.081617, "delta": 0.004992}}
{"target": -10.478694427914672, "params": {"colsample_bytree": 0.5056355193867738, "eta": 0.08396293696103244, "gamma": 628.56223994278, "max_depth": 2.0, "min_child_weight": 4733.306829923592, "num_boost_round": 62.0, "subsample": 0.12208013047068762}, "datetime": {"datetime": "2024-01-20 15:17:38", "elapsed": 6750.08678, "delta": 0.005163}}
{"target": -10.478684135821617, "params": {"colsample_bytree": 0.5056355193867738, "eta": 0.08396293696103244, "gamma": 628.56223994278, "max_depth": 2.0, "min_child_weight": 4733.306829923592, "num_boost_round": 63.0, "subsample": 0.12208013047068762}, "datetime": {"datetime": "2024-01-20 15:17:38", "elapsed": 6750.091699, "delta": 0.004919}}
{"target": -10.478595253009665, "params": {"colsample_bytree": 0.5056355193867738, "eta": 0.08396293696103244, "gamma": 628.56223994278, "max_depth": 2.0, "min_child_weight": 4733.306829923592, "num_boost_round": 64.0, "subsample": 0.12208013047068762}, "datetime": {"datetime": "2024-01-20 15:17:38", "elapsed": 6750.096615, "delta": 0.004916}}
{"target": -10.478809710997083, "params": {"colsample_bytree": 0.5056355193867738, "eta": 0.08396293696103244, "gamma": 628.56223994278, "max_depth": 2.0, "min_child_weight": 4733.306829923592, "num_boost_round": 65.0, "subsample": 0.12208013047068762}, "datetime": {"datetime": "2024-01-20 15:17:38", "elapsed": 6750.101523, "delta": 0.004908}}
{"target": -10.478854256678787, "params": {"colsample_bytree": 0.5056355193867738, "eta": 0.08396293696103244, "gamma": 628.56223994278, "max_depth": 2.0, "min_child_weight": 4733.306829923592, "num_boost_round": 66.0, "subsample": 0.12208013047068762}, "datetime": {"datetime": "2024-01-20 15:17:38", "elapsed": 6750.106462, "delta": 0.004939}}
{"target": -10.478861465253017, "params": {"colsample_bytree": 0.5056355193867738, "eta": 0.08396293696103244, "gamma": 628.56223994278, "max_depth": 2.0, "min_child_weight": 4733.306829923592, "num_boost_round": 67.0, "subsample": 0.12208013047068762}, "datetime": {"datetime": "2024-01-20 15:17:38", "elapsed": 6750.111458, "delta": 0.004996}}
{"target": -10.478884348491505, "params": {"colsample_bytree": 0.5056355193867738, "eta": 0.08396293696103244, "gamma": 628.56223994278, "max_depth": 2.0, "min_child_weight": 4733.306829923592, "num_boost_round": 68.0, "subsample": 0.12208013047068762}, "datetime": {"datetime": "2024-01-20 15:17:38", "elapsed": 6750.116628, "delta": 0.00517}}
{"target": -10.479155586905113, "params": {"colsample_bytree": 0.5056355193867738, "eta": 0.08396293696103244, "gamma": 628.56223994278, "max_depth": 2.0, "min_child_weight": 4733.306829923592, "num_boost_round": 69.0, "subsample": 0.12208013047068762}, "datetime": {"datetime": "2024-01-20 15:17:38", "elapsed": 6750.121562, "delta": 0.004934}}
{"target": -10.47934111624437, "params": {"colsample_bytree": 0.5056355193867738, "eta": 0.08396293696103244, "gamma": 628.56223994278, "max_depth": 2.0, "min_child_weight": 4733.306829923592, "num_boost_round": 70.0, "subsample": 0.12208013047068762}, "datetime": {"datetime": "2024-01-20 15:17:38", "elapsed": 6750.126486, "delta": 0.004924}}
{"target": -10.479509147256195, "params": {"colsample_bytree": 0.5056355193867738, "eta": 0.08396293696103244, "gamma": 628.56223994278, "max_depth": 2.0, "min_child_weight": 4733.306829923592, "num_boost_round": 71.0, "subsample": 0.12208013047068762}, "datetime": {"datetime": "2024-01-20 15:17:38", "elapsed": 6750.131439, "delta": 0.004953}}
{"target": -10.479316137681948, "params": {"colsample_bytree": 0.5056355193867738, "eta": 0.08396293696103244, "gamma": 628.56223994278, "max_depth": 2.0, "min_child_weight": 4733.306829923592, "num_boost_round": 72.0, "subsample": 0.12208013047068762}, "datetime": {"datetime": "2024-01-20 15:17:38", "elapsed": 6750.136412, "delta": 0.004973}}
{"target": -10.479361378771795, "params": {"colsample_bytree": 0.5056355193867738, "eta": 0.08396293696103244, "gamma": 628.56223994278, "max_depth": 2.0, "min_child_weight": 4733.306829923592, "num_boost_round": 73.0, "subsample": 0.12208013047068762}, "datetime": {"datetime": "2024-01-20 15:17:38", "elapsed": 6750.141439, "delta": 0.005027}}
