{"target": -12.3477228614754, "params": {"colsample_bytree": 0.3531675067289165, "eta": 0.07380415298128999, "gamma": 549.470175010317, "max_depth": 3.0, "min_child_weight": 4226.023337206931, "num_boost_round": 13.0, "subsample": 0.6932645958658061}, "datetime": {"datetime": "2024-01-20 14:44:30", "elapsed": 1236.313328, "delta": 0.002223}}
{"target": -12.346854312041787, "params": {"colsample_bytree": 0.3531675067289165, "eta": 0.07380415298128999, "gamma": 549.470175010317, "max_depth": 3.0, "min_child_weight": 4226.023337206931, "num_boost_round": 14.0, "subsample": 0.6932645958658061}, "datetime": {"datetime": "2024-01-20 14:44:30", "elapsed": 1236.3155, "delta": 0.002172}}
{"target": -12.345704238369816, "params": {"colsample_bytree": 0.3531675067289165, "eta": 0.07380415298128999, "gamma": 549.470175010317, "max_depth": 3.0, "min_child_weight": 4226.023337206931, "num_boost_round": 15.0, "subsample": 0.6932645958658061}, "datetime": {"datetime": "2024-01-20 14:44:30", "elapsed": 1236.317677, "delta": 0.002177}}
{"target": -12.345302852697408, "params": {"colsample_bytree": 0.3531675067289165, "eta": 0.07380415298128999, "gamma": 549.470175010317, "max_depth": 3.0, "min_child_weight": 4226.023337206931, "num_boost_round": 16.0, "subsample": 0.6932645958658061}, "datetime": {"datetime": "2024-01-20 14:44:30", "elapsed": 1236.320123, "delta": 0.002446}}
{"target": -12.345619513645747, "params": {"colsample_bytree": 0.3531675067289165, "eta": 0.07380415298128999, "gamma": 549.470175010317, "max_depth": 3.0, "min_child_weight": 4226.023337206931, "num_boost_round": 17.0, "subsample": 0.6932645958658061}, "datetime": {"datetime": "2024-01-20 14:44:30", "elapsed": 1236.322475, "delta": 0.002352}}
{"target": -12.345625192134216, "params": {"colsample_bytree": 0.3531675067289165, "eta": 0.07380415298128999, "gamma": 549.470175010317, "max_depth": 3.0, "min_child_weight": 4226.023337206931, "num_boost_round": 18.0, "subsample": 0.6932645958658061}, "datetime": {"datetime": "2024-01-20 14:44:30", "elapsed": 1236.324803, "delta": 0.002328}}
{"target": -12.345544144146924, "params": {"colsample_bytree": 0.3531675067289165, "eta": 0.07380415298128999, "gamma": 549.470175010317, "max_depth": 3.0, "min_child_weight": 4226.023337206931, "num_boost_round": 19.0, "subsample": 0.6932645958658061}, "datetime": {"datetime": "2024-01-20 14:44:30", "elapsed": 1236.327012, "delta": 0.002209}}
{"target": -12.345163390802846, "params": {"colsample_bytree": 0.3531675067289165, "eta": 0.07380415298128999, "gamma": 549.470175010317, "max_depth": 3.0, "min_child_weight": 4226.023337206931, "num_boost_round": 20.0, "subsample": 0.6932645958658061}, "datetime": {"datetime": "2024-01-20 14:44:30", "elapsed": 1236.329295, "delta": 0.002283}}
{"target": -12.345392938697017, "params": {"colsample_bytree": 0.3531675067289165, "eta": 0.07380415298128999, "gamma": 549.470175010317, "max_depth": 3.0, "min_child_weight": 4226.023337206931, "num_boost_round": 21.0, "subsample": 0.6932645958658061}, "datetime": {"datetime": "2024-01-20 14:44:30", "elapsed": 1236.331479, "delta": 0.002184}}
{"target": -12.345543574837865, "params": {"colsample_bytree": 0.3531675067289165, "eta": 0.07380415298128999, "gamma": 549.470175010317, "max_depth": 3.0, "min_child_weight": 4226.023337206931, "num_boost_round": 22.0, "subsample": 0.6932645958658061}, "datetime": {"datetime": "2024-01-20 14:44:30", "elapsed": 1236.333696, "delta": 0.002217}}
{"target": -12.34487415279755, "params": {"colsample_bytree": 0.3531675067289165, "eta": 0.07380415298128999, "gamma": 549.470175010317, "max_depth": 3.0, "min_child_weight": 4226.023337206931, "num_boost_round": 23.0, "subsample": 0.6932645958658061}, "datetime": {"datetime": "2024-01-20 14:44:30", "elapsed": 1236.335941, "delta": 0.002245}}
{"target": -12.345454386156234, "params": {"colsample_bytree": 0.3531675067289165, "eta": 0.07380415298128999, "gamma": 549.470175010317, "max_depth": 3.0, "min_child_weight": 4226.023337206931, "num_boost_round": 24.0, "subsample": 0.6932645958658061}, "datetime": {"datetime": "2024-01-20 14:44:30", "elapsed": 1236.338181, "delta": 0.00224}}
{"target": -12.3445834412489, "params": {"colsample_bytree": 0.3531675067289165, "eta": 0.07380415298128999, "gamma": 549.470175010317, "max_depth": 3.0, "min_child_weight": 4226.023337206931, "num_boost_round": 25.0, "subsample": 0.6932645958658061}, "datetime": {"datetime": "2024-01-20 14:44:30", "elapsed": 1236.340427, "delta": 0.002246}}
{"target": -12.344834152209346, "params": {"colsample_bytree": 0.3531675067289165, "eta": 0.07380415298128999, "gamma": 549.470175010317, "max_depth": 3.0, "min_child_weight": 4226.023337206931, "num_boost_round": 26.0, "subsample": 0.6932645958658061}, "datetime": {"datetime": "2024-01-20 14:44:30", "elapsed": 1236.342639, "delta": 0.002212}}
{"target": -12.345182639658713, "params": {"colsample_bytree": 0.3531675067289165, "eta": 0.07380415298128999, "gamma": 549.470175010317, "max_depth": 3.0, "min_child_weight": 4226.023337206931, "num_boost_round": 27.0, "subsample": 0.6932645958658061}, "datetime": {"datetime": "2024-01-20 14:44:30", "elapsed": 1236.344845, "delta": 0.002206}}
{"target": -12.34515833156808, "params": {"colsample_bytree": 0.3531675067289165, "eta": 0.07380415298128999, "gamma": 549.470175010317, "max_depth": 3.0, "min_child_weight": 4226.023337206931, "num_boost_round": 28.0, "subsample": 0.6932645958658061}, "datetime": {"datetime": "2024-01-20 14:44:30", "elapsed": 1236.347073, "delta": 0.002228}}
{"target": -12.3448348582975, "params": {"colsample_bytree": 0.3531675067289165, "eta": 0.07380415298128999, "gamma": 549.470175010317, "max_depth": 3.0, "min_child_weight": 4226.023337206931, "num_boost_round": 29.0, "subsample": 0.6932645958658061}, "datetime": {"datetime": "2024-01-20 14:44:30", "elapsed": 1236.349276, "delta": 0.002203}}
{"target": -12.34460414493316, "params": {"colsample_bytree": 0.3531675067289165, "eta": 0.07380415298128999, "gamma": 549.470175010317, "max_depth": 3.0, "min_child_weight": 4226.023337206931, "num_boost_round": 30.0, "subsample": 0.6932645958658061}, "datetime": {"datetime": "2024-01-20 14:44:30", "elapsed": 1236.351476, "delta": 0.0022}}
{"target": -12.343751650222867, "params": {"colsample_bytree": 0.3531675067289165, "eta": 0.07380415298128999, "gamma": 549.470175010317, "max_depth": 3.0, "min_child_weight": 4226.023337206931, "num_boost_round": 31.0, "subsample": 0.6932645958658061}, "datetime": {"datetime": "2024-01-20 14:44:30", "elapsed": 1236.353664, "delta": 0.002188}}
{"target": -12.344037049400445, "params": {"colsample_bytree": 0.3531675067289165, "eta": 0.07380415298128999, "gamma": 549.470175010317, "max_depth": 3.0, "min_child_weight": 4226.023337206931, "num_boost_round": 32.0, "subsample": 0.6932645958658061}, "datetime": {"datetime": "2024-01-20 14:44:30", "elapsed": 1236.355881, "delta": 0.002217}}
{"target": -12.34397560641678, "params": {"colsample_bytree": 0.3531675067289165, "eta": 0.07380415298128999, "gamma": 549.470175010317, "max_depth": 3.0, "min_child_weight": 4226.023337206931, "num_boost_round": 33.0, "subsample": 0.6932645958658061}, "datetime": {"datetime": "2024-01-20 14:44:30", "elapsed": 1236.358066, "delta": 0.002185}}
{"target": -12.344029277469232, "params": {"colsample_bytree": 0.3531675067289165, "eta": 0.07380415298128999, "gamma": 549.470175010317, "max_depth": 3.0, "min_child_weight": 4226.023337206931, "num_boost_round": 34.0, "subsample": 0.6932645958658061}, "datetime": {"datetime": "2024-01-20 14:44:30", "elapsed": 1236.360304, "delta": 0.002238}}
{"target": -12.343745006189618, "params": {"colsample_bytree": 0.3531675067289165, "eta": 0.07380415298128999, "gamma": 549.470175010317, "max_depth": 3.0, "min_child_weight": 4226.023337206931, "num_boost_round": 35.0, "subsample": 0.6932645958658061}, "datetime": {"datetime": "2024-01-20 14:44:30", "elapsed": 1236.362512, "delta": 0.002208}}
{"target": -12.343726587310702, "params": {"colsample_bytree": 0.3531675067289165, "eta": 0.07380415298128999, "gamma": 549.470175010317, "max_depth": 3.0, "min_child_weight": 4226.023337206931, "num_boost_round": 36.0, "subsample": 0.6932645958658061}, "datetime": {"datetime": "2024-01-20 14:44:30", "elapsed": 1236.364745, "delta": 0.002233}}
{"target": -12.343945628977416, "params": {"colsample_bytree": 0.3531675067289165, "eta": 0.07380415298128999, "gamma": 549.470175010317, "max_depth": 3.0, "min_child_weight": 4226.023337206931, "num_boost_round": 37.0, "subsample": 0.6932645958658061}, "datetime": {"datetime": "2024-01-20 14:44:30", "elapsed": 1236.366944, "delta": 0.002199}}
{"target": -12.343658592545237, "params": {"colsample_bytree": 0.3531675067289165, "eta": 0.07380415298128999, "gamma": 549.470175010317, "max_depth": 3.0, "min_child_weight": 4226.023337206931, "num_boost_round": 38.0, "subsample": 0.6932645958658061}, "datetime": {"datetime": "2024-01-20 14:44:30", "elapsed": 1236.369661, "delta": 0.002717}}
{"target": -12.343959501128046, "params": {"colsample_bytree": 0.3531675067289165, "eta": 0.07380415298128999, "gamma": 549.470175010317, "max_depth": 3.0, "min_child_weight": 4226.023337206931, "num_boost_round": 39.0, "subsample": 0.6932645958658061}, "datetime": {"datetime": "2024-01-20 14:44:30", "elapsed": 1236.37199, "delta": 0.002329}}
{"target": -12.343509637930572, "params": {"colsample_bytree": 0.3531675067289165, "eta": 0.07380415298128999, "gamma": 549.470175010317, "max_depth": 3.0, "min_child_weight": 4226.023337206931, "num_boost_round": 40.0, "subsample": 0.6932645958658061}, "datetime": {"datetime": "2024-01-20 14:44:30", "elapsed": 1236.374265, "delta": 0.002275}}
{"target": -12.343110204455524, "params": {"colsample_bytree": 0.3531675067289165, "eta": 0.07380415298128999, "gamma": 549.470175010317, "max_depth": 3.0, "min_child_weight": 4226.023337206931, "num_boost_round": 41.0, "subsample": 0.6932645958658061}, "datetime": {"datetime": "2024-01-20 14:44:30", "elapsed": 1236.376522, "delta": 0.002257}}
{"target": -12.342750770621052, "params": {"colsample_bytree": 0.3531675067289165, "eta": 0.07380415298128999, "gamma": 549.470175010317, "max_depth": 3.0, "min_child_weight": 4226.023337206931, "num_boost_round": 42.0, "subsample": 0.6932645958658061}, "datetime": {"datetime": "2024-01-20 14:44:30", "elapsed": 1236.378687, "delta": 0.002165}}
{"target": -12.34282835612175, "params": {"colsample_bytree": 0.3531675067289165, "eta": 0.07380415298128999, "gamma": 549.470175010317, "max_depth": 3.0, "min_child_weight": 4226.023337206931, "num_boost_round": 43.0, "subsample": 0.6932645958658061}, "datetime": {"datetime": "2024-01-20 14:44:30", "elapsed": 1236.380864, "delta": 0.002177}}
{"target": -12.34294196005818, "params": {"colsample_bytree": 0.3531675067289165, "eta": 0.07380415298128999, "gamma": 549.470175010317, "max_depth": 3.0, "min_child_weight": 4226.023337206931, "num_boost_round": 44.0, "subsample": 0.6932645958658061}, "datetime": {"datetime": "2024-01-20 14:44:30", "elapsed": 1236.383135, "delta": 0.002271}}
{"target": -12.343018780882272, "params": {"colsample_bytree": 0.3531675067289165, "eta": 0.07380415298128999, "gamma": 549.470175010317, "max_depth": 3.0, "min_child_weight": 4226.023337206931, "num_boost_round": 45.0, "subsample": 0.6932645958658061}, "datetime": {"datetime": "2024-01-20 14:44:30", "elapsed": 1236.385354, "delta": 0.002219}}
{"target": -12.3430213075316, "params": {"colsample_bytree": 0.3531675067289165, "eta": 0.07380415298128999, "gamma": 549.470175010317, "max_depth": 3.0, "min_child_weight": 4226.023337206931, "num_boost_round": 46.0, "subsample": 0.6932645958658061}, "datetime": {"datetime": "2024-01-20 14:44:30", "elapsed": 1236.387557, "delta": 0.002203}}
{"target": -12.34297944421247, "params": {"colsample_bytree": 0.3531675067289165, "eta": 0.07380415298128999, "gamma": 549.470175010317, "max_depth": 3.0, "min_child_weight": 4226.023337206931, "num_boost_round": 47.0, "subsample": 0.6932645958658061}, "datetime": {"datetime": "2024-01-20 14:44:30", "elapsed": 1236.389766, "delta": 0.002209}}
{"target": -12.34356784542334, "params": {"colsample_bytree": 0.3531675067289165, "eta": 0.07380415298128999, "gamma": 549.470175010317, "max_depth": 3.0, "min_child_weight": 4226.023337206931, "num_boost_round": 48.0, "subsample": 0.6932645958658061}, "datetime": {"datetime": "2024-01-20 14:44:30", "elapsed": 1236.391971, "delta": 0.002205}}
{"target": -12.34392743871096, "params": {"colsample_bytree": 0.3531675067289165, "eta": 0.07380415298128999, "gamma": 549.470175010317, "max_depth": 3.0, "min_child_weight": 4226.023337206931, "num_boost_round": 49.0, "subsample": 0.6932645958658061}, "datetime": {"datetime": "2024-01-20 14:44:30", "elapsed": 1236.394214, "delta": 0.002243}}
{"target": -12.34389454895021, "params": {"colsample_bytree": 0.3531675067289165, "eta": 0.07380415298128999, "gamma": 549.470175010317, "max_depth": 3.0, "min_child_weight": 4226.023337206931, "num_boost_round": 50.0, "subsample": 0.6932645958658061}, "datetime": {"datetime": "2024-01-20 14:44:30", "elapsed": 1236.39645, "delta": 0.002236}}
{"target": -12.343894695948645, "params": {"colsample_bytree": 0.3531675067289165, "eta": 0.07380415298128999, "gamma": 549.470175010317, "max_depth": 3.0, "min_child_weight": 4226.023337206931, "num_boost_round": 51.0, "subsample": 0.6932645958658061}, "datetime": {"datetime": "2024-01-20 14:44:30", "elapsed": 1236.39866, "delta": 0.00221}}
{"target": -12.343979072190404, "params": {"colsample_bytree": 0.3531675067289165, "eta": 0.07380415298128999, "gamma": 549.470175010317, "max_depth": 3.0, "min_child_weight": 4226.023337206931, "num_boost_round": 52.0, "subsample": 0.6932645958658061}, "datetime": {"datetime": "2024-01-20 14:44:30", "elapsed": 1236.400906, "delta": 0.002246}}
{"target": -12.343752209730042, "params": {"colsample_bytree": 0.3531675067289165, "eta": 0.07380415298128999, "gamma": 549.470175010317, "max_depth": 3.0, "min_child_weight": 4226.023337206931, "num_boost_round": 53.0, "subsample": 0.6932645958658061}, "datetime": {"datetime": "2024-01-20 14:44:30", "elapsed": 1236.403116, "delta": 0.00221}}
{"target": -12.343546330494133, "params": {"colsample_bytree": 0.3531675067289165, "eta": 0.07380415298128999, "gamma": 549.470175010317, "max_depth": 3.0, "min_child_weight": 4226.023337206931, "num_boost_round": 54.0, "subsample": 0.6932645958658061}, "datetime": {"datetime": "2024-01-20 14:44:30", "elapsed": 1236.405365, "delta": 0.002249}}
{"target": -12.343600521778296, "params": {"colsample_bytree": 0.3531675067289165, "eta": 0.07380415298128999, "gamma": 549.470175010317, "max_depth": 3.0, "min_child_weight": 4226.023337206931, "num_boost_round": 55.0, "subsample": 0.6932645958658061}, "datetime": {"datetime": "2024-01-20 14:44:30", "elapsed": 1236.407618, "delta": 0.002253}}
{"target": -12.343569210000538, "params": {"colsample_bytree": 0.3531675067289165, "eta": 0.07380415298128999, "gamma": 549.470175010317, "max_depth": 3.0, "min_child_weight": 4226.023337206931, "num_boost_round": 56.0, "subsample": 0.6932645958658061}, "datetime": {"datetime": "2024-01-20 14:44:30", "elapsed": 1236.409855, "delta": 0.002237}}
{"target": -12.343604485930175, "params": {"colsample_bytree": 0.3531675067289165, "eta": 0.07380415298128999, "gamma": 549.470175010317, "max_depth": 3.0, "min_child_weight": 4226.023337206931, "num_boost_round": 57.0, "subsample": 0.6932645958658061}, "datetime": {"datetime": "2024-01-20 14:44:30", "elapsed": 1236.412084, "delta": 0.002229}}
{"target": -12.343628033798694, "params": {"colsample_bytree": 0.3531675067289165, "eta": 0.07380415298128999, "gamma": 549.470175010317, "max_depth": 3.0, "min_child_weight": 4226.023337206931, "num_boost_round": 58.0, "subsample": 0.6932645958658061}, "datetime": {"datetime": "2024-01-20 14:44:30", "elapsed": 1236.414948, "delta": 0.002864}}
{"target": -12.343439801127259, "params": {"colsample_bytree": 0.3531675067289165, "eta": 0.07380415298128999, "gamma": 549.470175010317, "max_depth": 3.0, "min_child_weight": 4226.023337206931, "num_boost_round": 59.0, "subsample": 0.6932645958658061}, "datetime": {"datetime": "2024-01-20 14:44:30", "elapsed": 1236.417253, "delta": 0.002305}}
{"target": -12.343530131185961, "params": {"colsample_bytree": 0.3531675067289165, "eta": 0.07380415298128999, "gamma": 549.470175010317, "max_depth": 3.0, "min_child_weight": 4226.023337206931, "num_boost_round": 60.0, "subsample": 0.6932645958658061}, "datetime": {"datetime": "2024-01-20 14:44:30", "elapsed": 1236.419525, "delta": 0.002272}}
{"target": -12.343622148061604, "params": {"colsample_bytree": 0.3531675067289165, "eta": 0.07380415298128999, "gamma": 549.470175010317, "max_depth": 3.0, "min_child_weight": 4226.023337206931, "num_boost_round": 61.0, "subsample": 0.6932645958658061}, "datetime": {"datetime": "2024-01-20 14:44:30", "elapsed": 1236.421705, "delta": 0.00218}}
{"target": -12.343725927059268, "params": {"colsample_bytree": 0.3531675067289165, "eta": 0.07380415298128999, "gamma": 549.470175010317, "max_depth": 3.0, "min_child_weight": 4226.023337206931, "num_boost_round": 62.0, "subsample": 0.6932645958658061}, "datetime": {"datetime": "2024-01-20 14:44:30", "elapsed": 1236.423877, "delta": 0.002172}}
{"target": -12.343739144139633, "params": {"colsample_bytree": 0.3531675067289165, "eta": 0.07380415298128999, "gamma": 549.470175010317, "max_depth": 3.0, "min_child_weight": 4226.023337206931, "num_boost_round": 63.0, "subsample": 0.6932645958658061}, "datetime": {"datetime": "2024-01-20 14:44:30", "elapsed": 1236.42614, "delta": 0.002263}}
{"target": -12.344201311090664, "params": {"colsample_bytree": 0.3531675067289165, "eta": 0.07380415298128999, "gamma": 549.470175010317, "max_depth": 3.0, "min_child_weight": 4226.023337206931, "num_boost_round": 64.0, "subsample": 0.6932645958658061}, "datetime": {"datetime": "2024-01-20 14:44:30", "elapsed": 1236.428374, "delta": 0.002234}}
{"target": -12.344208009445502, "params": {"colsample_bytree": 0.3531675067289165, "eta": 0.07380415298128999, "gamma": 549.470175010317, "max_depth": 3.0, "min_child_weight": 4226.023337206931, "num_boost_round": 65.0, "subsample": 0.6932645958658061}, "datetime": {"datetime": "2024-01-20 14:44:30", "elapsed": 1236.430614, "delta": 0.00224}}
{"target": -12.344250580102472, "params": {"colsample_bytree": 0.3531675067289165, "eta": 0.07380415298128999, "gamma": 549.470175010317, "max_depth": 3.0, "min_child_weight": 4226.023337206931, "num_boost_round": 66.0, "subsample": 0.6932645958658061}, "datetime": {"datetime": "2024-01-20 14:44:30", "elapsed": 1236.432837, "delta": 0.002223}}
{"target": -12.344150778379685, "params": {"colsample_bytree": 0.3531675067289165, "eta": 0.07380415298128999, "gamma": 549.470175010317, "max_depth": 3.0, "min_child_weight": 4226.023337206931, "num_boost_round": 67.0, "subsample": 0.6932645958658061}, "datetime": {"datetime": "2024-01-20 14:44:30", "elapsed": 1236.435069, "delta": 0.002232}}
{"target": -12.344581728786082, "params": {"colsample_bytree": 0.3531675067289165, "eta": 0.07380415298128999, "gamma": 549.470175010317, "max_depth": 3.0, "min_child_weight": 4226.023337206931, "num_boost_round": 68.0, "subsample": 0.6932645958658061}, "datetime": {"datetime": "2024-01-20 14:44:30", "elapsed": 1236.437327, "delta": 0.002258}}
{"target": -12.344934135890618, "params": {"colsample_bytree": 0.3531675067289165, "eta": 0.07380415298128999, "gamma": 549.470175010317, "max_depth": 3.0, "min_child_weight": 4226.023337206931, "num_boost_round": 69.0, "subsample": 0.6932645958658061}, "datetime": {"datetime": "2024-01-20 14:44:30", "elapsed": 1236.439642, "delta": 0.002315}}
{"target": -12.3450364320225, "params": {"colsample_bytree": 0.3531675067289165, "eta": 0.07380415298128999, "gamma": 549.470175010317, "max_depth": 3.0, "min_child_weight": 4226.023337206931, "num_boost_round": 70.0, "subsample": 0.6932645958658061}, "datetime": {"datetime": "2024-01-20 14:44:30", "elapsed": 1236.441934, "delta": 0.002292}}
{"target": -12.345103971982095, "params": {"colsample_bytree": 0.3531675067289165, "eta": 0.07380415298128999, "gamma": 549.470175010317, "max_depth": 3.0, "min_child_weight": 4226.023337206931, "num_boost_round": 71.0, "subsample": 0.6932645958658061}, "datetime": {"datetime": "2024-01-20 14:44:30", "elapsed": 1236.444168, "delta": 0.002234}}
{"target": -12.345189915820828, "params": {"colsample_bytree": 0.3531675067289165, "eta": 0.07380415298128999, "gamma": 549.470175010317, "max_depth": 3.0, "min_child_weight": 4226.023337206931, "num_boost_round": 72.0, "subsample": 0.6932645958658061}, "datetime": {"datetime": "2024-01-20 14:44:30", "elapsed": 1236.446416, "delta": 0.002248}}
{"target": -12.345201283162957, "params": {"colsample_bytree": 0.3531675067289165, "eta": 0.07380415298128999, "gamma": 549.470175010317, "max_depth": 3.0, "min_child_weight": 4226.023337206931, "num_boost_round": 73.0, "subsample": 0.6932645958658061}, "datetime": {"datetime": "2024-01-20 14:44:30", "elapsed": 1236.448675, "delta": 0.002259}}
{"target": -12.345190862001086, "params": {"colsample_bytree": 0.3531675067289165, "eta": 0.07380415298128999, "gamma": 549.470175010317, "max_depth": 3.0, "min_child_weight": 4226.023337206931, "num_boost_round": 74.0, "subsample": 0.6932645958658061}, "datetime": {"datetime": "2024-01-20 14:44:30", "elapsed": 1236.450932, "delta": 0.002257}}
{"target": -12.34565059720092, "params": {"colsample_bytree": 0.3531675067289165, "eta": 0.07380415298128999, "gamma": 549.470175010317, "max_depth": 3.0, "min_child_weight": 4226.023337206931, "num_boost_round": 75.0, "subsample": 0.6932645958658061}, "datetime": {"datetime": "2024-01-20 14:44:30", "elapsed": 1236.453241, "delta": 0.002309}}
