{"target": -10.476804238395708, "params": {"colsample_bytree": 0.8632095664220895, "eta": 0.018862333810869356, "gamma": 911.8413538119302, "max_depth": 2.0, "min_child_weight": 4514.147868093107, "num_boost_round": 23.0, "subsample": 0.9332017546703113}, "datetime": {"datetime": "2024-01-20 13:47:36", "elapsed": 1348.129943, "delta": 0.001824}}
{"target": -10.476906617946725, "params": {"colsample_bytree": 0.8632095664220895, "eta": 0.018862333810869356, "gamma": 911.8413538119302, "max_depth": 2.0, "min_child_weight": 4514.147868093107, "num_boost_round": 24.0, "subsample": 0.9332017546703113}, "datetime": {"datetime": "2024-01-20 13:47:36", "elapsed": 1348.131699, "delta": 0.001756}}
{"target": -10.4769197922022, "params": {"colsample_bytree": 0.8632095664220895, "eta": 0.018862333810869356, "gamma": 911.8413538119302, "max_depth": 2.0, "min_child_weight": 4514.147868093107, "num_boost_round": 25.0, "subsample": 0.9332017546703113}, "datetime": {"datetime": "2024-01-20 13:47:36", "elapsed": 1348.133488, "delta": 0.001789}}
{"target": -10.476989755514012, "params": {"colsample_bytree": 0.8632095664220895, "eta": 0.018862333810869356, "gamma": 911.8413538119302, "max_depth": 2.0, "min_child_weight": 4514.147868093107, "num_boost_round": 26.0, "subsample": 0.9332017546703113}, "datetime": {"datetime": "2024-01-20 13:47:36", "elapsed": 1348.135256, "delta": 0.001768}}
{"target": -10.476174201836995, "params": {"colsample_bytree": 0.11681844040508067, "eta": 0.09287557234988209, "gamma": 840.1754366508293, "max_depth": 6.0, "min_child_weight": 4464.866109681528, "num_boost_round": 1.0, "subsample": 0.5568612989912948}, "datetime": {"datetime": "2024-01-20 13:48:43", "elapsed": 1415.373915, "delta": 67.238659}}
{"target": -10.476171317743214, "params": {"colsample_bytree": 0.11681844040508067, "eta": 0.09287557234988209, "gamma": 840.1754366508293, "max_depth": 6.0, "min_child_weight": 4464.866109681528, "num_boost_round": 2.0, "subsample": 0.5568612989912948}, "datetime": {"datetime": "2024-01-20 13:48:43", "elapsed": 1415.376197, "delta": 0.002282}}
{"target": -10.476462342433788, "params": {"colsample_bytree": 0.11681844040508067, "eta": 0.09287557234988209, "gamma": 840.1754366508293, "max_depth": 6.0, "min_child_weight": 4464.866109681528, "num_boost_round": 3.0, "subsample": 0.5568612989912948}, "datetime": {"datetime": "2024-01-20 13:48:43", "elapsed": 1415.37848, "delta": 0.002283}}
{"target": -10.477257220746168, "params": {"colsample_bytree": 0.11681844040508067, "eta": 0.09287557234988209, "gamma": 840.1754366508293, "max_depth": 6.0, "min_child_weight": 4464.866109681528, "num_boost_round": 4.0, "subsample": 0.5568612989912948}, "datetime": {"datetime": "2024-01-20 13:48:43", "elapsed": 1415.380508, "delta": 0.002028}}
{"target": -10.477261019711705, "params": {"colsample_bytree": 0.11681844040508067, "eta": 0.09287557234988209, "gamma": 840.1754366508293, "max_depth": 6.0, "min_child_weight": 4464.866109681528, "num_boost_round": 5.0, "subsample": 0.5568612989912948}, "datetime": {"datetime": "2024-01-20 13:48:43", "elapsed": 1415.382304, "delta": 0.001796}}
{"target": -10.477621532527607, "params": {"colsample_bytree": 0.11681844040508067, "eta": 0.09287557234988209, "gamma": 840.1754366508293, "max_depth": 6.0, "min_child_weight": 4464.866109681528, "num_boost_round": 6.0, "subsample": 0.5568612989912948}, "datetime": {"datetime": "2024-01-20 13:48:43", "elapsed": 1415.384094, "delta": 0.00179}}
{"target": -10.477934231947277, "params": {"colsample_bytree": 0.11681844040508067, "eta": 0.09287557234988209, "gamma": 840.1754366508293, "max_depth": 6.0, "min_child_weight": 4464.866109681528, "num_boost_round": 7.0, "subsample": 0.5568612989912948}, "datetime": {"datetime": "2024-01-20 13:48:43", "elapsed": 1415.385821, "delta": 0.001727}}
{"target": -10.47771038314757, "params": {"colsample_bytree": 0.11681844040508067, "eta": 0.09287557234988209, "gamma": 840.1754366508293, "max_depth": 6.0, "min_child_weight": 4464.866109681528, "num_boost_round": 8.0, "subsample": 0.5568612989912948}, "datetime": {"datetime": "2024-01-20 13:48:43", "elapsed": 1415.38758, "delta": 0.001759}}
{"target": -10.477599363742646, "params": {"colsample_bytree": 0.11681844040508067, "eta": 0.09287557234988209, "gamma": 840.1754366508293, "max_depth": 6.0, "min_child_weight": 4464.866109681528, "num_boost_round": 9.0, "subsample": 0.5568612989912948}, "datetime": {"datetime": "2024-01-20 13:48:43", "elapsed": 1415.389382, "delta": 0.001802}}
{"target": -10.478623075332443, "params": {"colsample_bytree": 0.11681844040508067, "eta": 0.09287557234988209, "gamma": 840.1754366508293, "max_depth": 6.0, "min_child_weight": 4464.866109681528, "num_boost_round": 10.0, "subsample": 0.5568612989912948}, "datetime": {"datetime": "2024-01-20 13:48:43", "elapsed": 1415.391123, "delta": 0.001741}}
{"target": -10.479545581250294, "params": {"colsample_bytree": 0.11681844040508067, "eta": 0.09287557234988209, "gamma": 840.1754366508293, "max_depth": 6.0, "min_child_weight": 4464.866109681528, "num_boost_round": 11.0, "subsample": 0.5568612989912948}, "datetime": {"datetime": "2024-01-20 13:48:43", "elapsed": 1415.392886, "delta": 0.001763}}
{"target": -10.479575064229824, "params": {"colsample_bytree": 0.11681844040508067, "eta": 0.09287557234988209, "gamma": 840.1754366508293, "max_depth": 6.0, "min_child_weight": 4464.866109681528, "num_boost_round": 12.0, "subsample": 0.5568612989912948}, "datetime": {"datetime": "2024-01-20 13:48:43", "elapsed": 1415.394657, "delta": 0.001771}}
{"target": -10.479734890821224, "params": {"colsample_bytree": 0.11681844040508067, "eta": 0.09287557234988209, "gamma": 840.1754366508293, "max_depth": 6.0, "min_child_weight": 4464.866109681528, "num_boost_round": 13.0, "subsample": 0.5568612989912948}, "datetime": {"datetime": "2024-01-20 13:48:43", "elapsed": 1415.396454, "delta": 0.001797}}
{"target": -10.479755997753557, "params": {"colsample_bytree": 0.11681844040508067, "eta": 0.09287557234988209, "gamma": 840.1754366508293, "max_depth": 6.0, "min_child_weight": 4464.866109681528, "num_boost_round": 14.0, "subsample": 0.5568612989912948}, "datetime": {"datetime": "2024-01-20 13:48:43", "elapsed": 1415.398264, "delta": 0.00181}}
{"target": -10.479967000491843, "params": {"colsample_bytree": 0.11681844040508067, "eta": 0.09287557234988209, "gamma": 840.1754366508293, "max_depth": 6.0, "min_child_weight": 4464.866109681528, "num_boost_round": 15.0, "subsample": 0.5568612989912948}, "datetime": {"datetime": "2024-01-20 13:48:43", "elapsed": 1415.399995, "delta": 0.001731}}
{"target": -10.480596701750944, "params": {"colsample_bytree": 0.11681844040508067, "eta": 0.09287557234988209, "gamma": 840.1754366508293, "max_depth": 6.0, "min_child_weight": 4464.866109681528, "num_boost_round": 16.0, "subsample": 0.5568612989912948}, "datetime": {"datetime": "2024-01-20 13:48:43", "elapsed": 1415.401752, "delta": 0.001757}}
{"target": -10.481014143974303, "params": {"colsample_bytree": 0.11681844040508067, "eta": 0.09287557234988209, "gamma": 840.1754366508293, "max_depth": 6.0, "min_child_weight": 4464.866109681528, "num_boost_round": 17.0, "subsample": 0.5568612989912948}, "datetime": {"datetime": "2024-01-20 13:48:43", "elapsed": 1415.403954, "delta": 0.002202}}
{"target": -10.48160670158444, "params": {"colsample_bytree": 0.11681844040508067, "eta": 0.09287557234988209, "gamma": 840.1754366508293, "max_depth": 6.0, "min_child_weight": 4464.866109681528, "num_boost_round": 18.0, "subsample": 0.5568612989912948}, "datetime": {"datetime": "2024-01-20 13:48:43", "elapsed": 1415.405691, "delta": 0.001737}}
{"target": -10.481784633174303, "params": {"colsample_bytree": 0.11681844040508067, "eta": 0.09287557234988209, "gamma": 840.1754366508293, "max_depth": 6.0, "min_child_weight": 4464.866109681528, "num_boost_round": 19.0, "subsample": 0.5568612989912948}, "datetime": {"datetime": "2024-01-20 13:48:43", "elapsed": 1415.407431, "delta": 0.00174}}
{"target": -10.481804660686752, "params": {"colsample_bytree": 0.11681844040508067, "eta": 0.09287557234988209, "gamma": 840.1754366508293, "max_depth": 6.0, "min_child_weight": 4464.866109681528, "num_boost_round": 20.0, "subsample": 0.5568612989912948}, "datetime": {"datetime": "2024-01-20 13:48:43", "elapsed": 1415.40931, "delta": 0.001879}}
{"target": -10.482727262786966, "params": {"colsample_bytree": 0.11681844040508067, "eta": 0.09287557234988209, "gamma": 840.1754366508293, "max_depth": 6.0, "min_child_weight": 4464.866109681528, "num_boost_round": 21.0, "subsample": 0.5568612989912948}, "datetime": {"datetime": "2024-01-20 13:48:43", "elapsed": 1415.411122, "delta": 0.001812}}
{"target": -10.482723218218197, "params": {"colsample_bytree": 0.11681844040508067, "eta": 0.09287557234988209, "gamma": 840.1754366508293, "max_depth": 6.0, "min_child_weight": 4464.866109681528, "num_boost_round": 22.0, "subsample": 0.5568612989912948}, "datetime": {"datetime": "2024-01-20 13:48:43", "elapsed": 1415.412907, "delta": 0.001785}}
{"target": -10.483009821219365, "params": {"colsample_bytree": 0.11681844040508067, "eta": 0.09287557234988209, "gamma": 840.1754366508293, "max_depth": 6.0, "min_child_weight": 4464.866109681528, "num_boost_round": 23.0, "subsample": 0.5568612989912948}, "datetime": {"datetime": "2024-01-20 13:48:43", "elapsed": 1415.414663, "delta": 0.001756}}
{"target": -10.482785418852727, "params": {"colsample_bytree": 0.11681844040508067, "eta": 0.09287557234988209, "gamma": 840.1754366508293, "max_depth": 6.0, "min_child_weight": 4464.866109681528, "num_boost_round": 24.0, "subsample": 0.5568612989912948}, "datetime": {"datetime": "2024-01-20 13:48:43", "elapsed": 1415.416436, "delta": 0.001773}}
{"target": -10.482698720384882, "params": {"colsample_bytree": 0.11681844040508067, "eta": 0.09287557234988209, "gamma": 840.1754366508293, "max_depth": 6.0, "min_child_weight": 4464.866109681528, "num_boost_round": 25.0, "subsample": 0.5568612989912948}, "datetime": {"datetime": "2024-01-20 13:48:43", "elapsed": 1415.418305, "delta": 0.001869}}
{"target": -10.482784831748031, "params": {"colsample_bytree": 0.11681844040508067, "eta": 0.09287557234988209, "gamma": 840.1754366508293, "max_depth": 6.0, "min_child_weight": 4464.866109681528, "num_boost_round": 26.0, "subsample": 0.5568612989912948}, "datetime": {"datetime": "2024-01-20 13:48:43", "elapsed": 1415.420198, "delta": 0.001893}}
{"target": -10.483183309815828, "params": {"colsample_bytree": 0.11681844040508067, "eta": 0.09287557234988209, "gamma": 840.1754366508293, "max_depth": 6.0, "min_child_weight": 4464.866109681528, "num_boost_round": 27.0, "subsample": 0.5568612989912948}, "datetime": {"datetime": "2024-01-20 13:48:43", "elapsed": 1415.421945, "delta": 0.001747}}
{"target": -10.483534323843664, "params": {"colsample_bytree": 0.11681844040508067, "eta": 0.09287557234988209, "gamma": 840.1754366508293, "max_depth": 6.0, "min_child_weight": 4464.866109681528, "num_boost_round": 28.0, "subsample": 0.5568612989912948}, "datetime": {"datetime": "2024-01-20 13:48:43", "elapsed": 1415.423698, "delta": 0.001753}}
{"target": -10.48373768617754, "params": {"colsample_bytree": 0.11681844040508067, "eta": 0.09287557234988209, "gamma": 840.1754366508293, "max_depth": 6.0, "min_child_weight": 4464.866109681528, "num_boost_round": 29.0, "subsample": 0.5568612989912948}, "datetime": {"datetime": "2024-01-20 13:48:43", "elapsed": 1415.425458, "delta": 0.00176}}
{"target": -10.483785429313652, "params": {"colsample_bytree": 0.11681844040508067, "eta": 0.09287557234988209, "gamma": 840.1754366508293, "max_depth": 6.0, "min_child_weight": 4464.866109681528, "num_boost_round": 30.0, "subsample": 0.5568612989912948}, "datetime": {"datetime": "2024-01-20 13:48:43", "elapsed": 1415.427213, "delta": 0.001755}}
{"target": -10.483946510618672, "params": {"colsample_bytree": 0.11681844040508067, "eta": 0.09287557234988209, "gamma": 840.1754366508293, "max_depth": 6.0, "min_child_weight": 4464.866109681528, "num_boost_round": 31.0, "subsample": 0.5568612989912948}, "datetime": {"datetime": "2024-01-20 13:48:43", "elapsed": 1415.429026, "delta": 0.001813}}
{"target": -10.484585083519693, "params": {"colsample_bytree": 0.11681844040508067, "eta": 0.09287557234988209, "gamma": 840.1754366508293, "max_depth": 6.0, "min_child_weight": 4464.866109681528, "num_boost_round": 32.0, "subsample": 0.5568612989912948}, "datetime": {"datetime": "2024-01-20 13:48:43", "elapsed": 1415.430789, "delta": 0.001763}}
{"target": -10.484891923972032, "params": {"colsample_bytree": 0.11681844040508067, "eta": 0.09287557234988209, "gamma": 840.1754366508293, "max_depth": 6.0, "min_child_weight": 4464.866109681528, "num_boost_round": 33.0, "subsample": 0.5568612989912948}, "datetime": {"datetime": "2024-01-20 13:48:43", "elapsed": 1415.432534, "delta": 0.001745}}
{"target": -10.485254000470281, "params": {"colsample_bytree": 0.11681844040508067, "eta": 0.09287557234988209, "gamma": 840.1754366508293, "max_depth": 6.0, "min_child_weight": 4464.866109681528, "num_boost_round": 34.0, "subsample": 0.5568612989912948}, "datetime": {"datetime": "2024-01-20 13:48:43", "elapsed": 1415.434306, "delta": 0.001772}}
{"target": -10.48579602000197, "params": {"colsample_bytree": 0.11681844040508067, "eta": 0.09287557234988209, "gamma": 840.1754366508293, "max_depth": 6.0, "min_child_weight": 4464.866109681528, "num_boost_round": 35.0, "subsample": 0.5568612989912948}, "datetime": {"datetime": "2024-01-20 13:48:43", "elapsed": 1415.436068, "delta": 0.001762}}
{"target": -10.48589082797451, "params": {"colsample_bytree": 0.11681844040508067, "eta": 0.09287557234988209, "gamma": 840.1754366508293, "max_depth": 6.0, "min_child_weight": 4464.866109681528, "num_boost_round": 36.0, "subsample": 0.5568612989912948}, "datetime": {"datetime": "2024-01-20 13:48:43", "elapsed": 1415.437968, "delta": 0.0019}}
{"target": -10.485996708884521, "params": {"colsample_bytree": 0.11681844040508067, "eta": 0.09287557234988209, "gamma": 840.1754366508293, "max_depth": 6.0, "min_child_weight": 4464.866109681528, "num_boost_round": 37.0, "subsample": 0.5568612989912948}, "datetime": {"datetime": "2024-01-20 13:48:43", "elapsed": 1415.43975, "delta": 0.001782}}
{"target": -10.485999360619015, "params": {"colsample_bytree": 0.11681844040508067, "eta": 0.09287557234988209, "gamma": 840.1754366508293, "max_depth": 6.0, "min_child_weight": 4464.866109681528, "num_boost_round": 38.0, "subsample": 0.5568612989912948}, "datetime": {"datetime": "2024-01-20 13:48:43", "elapsed": 1415.441535, "delta": 0.001785}}
{"target": -10.486210672036268, "params": {"colsample_bytree": 0.11681844040508067, "eta": 0.09287557234988209, "gamma": 840.1754366508293, "max_depth": 6.0, "min_child_weight": 4464.866109681528, "num_boost_round": 39.0, "subsample": 0.5568612989912948}, "datetime": {"datetime": "2024-01-20 13:48:43", "elapsed": 1415.443288, "delta": 0.001753}}
{"target": -10.48662816719271, "params": {"colsample_bytree": 0.11681844040508067, "eta": 0.09287557234988209, "gamma": 840.1754366508293, "max_depth": 6.0, "min_child_weight": 4464.866109681528, "num_boost_round": 40.0, "subsample": 0.5568612989912948}, "datetime": {"datetime": "2024-01-20 13:48:43", "elapsed": 1415.445063, "delta": 0.001775}}
{"target": -10.486880383414903, "params": {"colsample_bytree": 0.11681844040508067, "eta": 0.09287557234988209, "gamma": 840.1754366508293, "max_depth": 6.0, "min_child_weight": 4464.866109681528, "num_boost_round": 41.0, "subsample": 0.5568612989912948}, "datetime": {"datetime": "2024-01-20 13:48:43", "elapsed": 1415.446839, "delta": 0.001776}}
{"target": -10.48692632439671, "params": {"colsample_bytree": 0.11681844040508067, "eta": 0.09287557234988209, "gamma": 840.1754366508293, "max_depth": 6.0, "min_child_weight": 4464.866109681528, "num_boost_round": 42.0, "subsample": 0.5568612989912948}, "datetime": {"datetime": "2024-01-20 13:48:43", "elapsed": 1415.448621, "delta": 0.001782}}
{"target": -10.486952820451599, "params": {"colsample_bytree": 0.11681844040508067, "eta": 0.09287557234988209, "gamma": 840.1754366508293, "max_depth": 6.0, "min_child_weight": 4464.866109681528, "num_boost_round": 43.0, "subsample": 0.5568612989912948}, "datetime": {"datetime": "2024-01-20 13:48:43", "elapsed": 1415.450422, "delta": 0.001801}}
{"target": -10.48705352769803, "params": {"colsample_bytree": 0.11681844040508067, "eta": 0.09287557234988209, "gamma": 840.1754366508293, "max_depth": 6.0, "min_child_weight": 4464.866109681528, "num_boost_round": 44.0, "subsample": 0.5568612989912948}, "datetime": {"datetime": "2024-01-20 13:48:43", "elapsed": 1415.452197, "delta": 0.001775}}
{"target": -10.487585828192104, "params": {"colsample_bytree": 0.11681844040508067, "eta": 0.09287557234988209, "gamma": 840.1754366508293, "max_depth": 6.0, "min_child_weight": 4464.866109681528, "num_boost_round": 45.0, "subsample": 0.5568612989912948}, "datetime": {"datetime": "2024-01-20 13:48:43", "elapsed": 1415.453979, "delta": 0.001782}}
{"target": -10.487798991196707, "params": {"colsample_bytree": 0.11681844040508067, "eta": 0.09287557234988209, "gamma": 840.1754366508293, "max_depth": 6.0, "min_child_weight": 4464.866109681528, "num_boost_round": 46.0, "subsample": 0.5568612989912948}, "datetime": {"datetime": "2024-01-20 13:48:43", "elapsed": 1415.455762, "delta": 0.001783}}
{"target": -10.487786076397924, "params": {"colsample_bytree": 0.11681844040508067, "eta": 0.09287557234988209, "gamma": 840.1754366508293, "max_depth": 6.0, "min_child_weight": 4464.866109681528, "num_boost_round": 47.0, "subsample": 0.5568612989912948}, "datetime": {"datetime": "2024-01-20 13:48:43", "elapsed": 1415.4577, "delta": 0.001938}}
{"target": -10.48801281340197, "params": {"colsample_bytree": 0.11681844040508067, "eta": 0.09287557234988209, "gamma": 840.1754366508293, "max_depth": 6.0, "min_child_weight": 4464.866109681528, "num_boost_round": 48.0, "subsample": 0.5568612989912948}, "datetime": {"datetime": "2024-01-20 13:48:43", "elapsed": 1415.459662, "delta": 0.001962}}
{"target": -10.488293157444403, "params": {"colsample_bytree": 0.11681844040508067, "eta": 0.09287557234988209, "gamma": 840.1754366508293, "max_depth": 6.0, "min_child_weight": 4464.866109681528, "num_boost_round": 49.0, "subsample": 0.5568612989912948}, "datetime": {"datetime": "2024-01-20 13:48:43", "elapsed": 1415.461714, "delta": 0.002052}}
{"target": -10.488356941542971, "params": {"colsample_bytree": 0.11681844040508067, "eta": 0.09287557234988209, "gamma": 840.1754366508293, "max_depth": 6.0, "min_child_weight": 4464.866109681528, "num_boost_round": 50.0, "subsample": 0.5568612989912948}, "datetime": {"datetime": "2024-01-20 13:48:43", "elapsed": 1415.464023, "delta": 0.002309}}
{"target": -10.488933656011984, "params": {"colsample_bytree": 0.11681844040508067, "eta": 0.09287557234988209, "gamma": 840.1754366508293, "max_depth": 6.0, "min_child_weight": 4464.866109681528, "num_boost_round": 51.0, "subsample": 0.5568612989912948}, "datetime": {"datetime": "2024-01-20 13:48:43", "elapsed": 1415.466602, "delta": 0.002579}}
{"target": -10.489263436843075, "params": {"colsample_bytree": 0.11681844040508067, "eta": 0.09287557234988209, "gamma": 840.1754366508293, "max_depth": 6.0, "min_child_weight": 4464.866109681528, "num_boost_round": 52.0, "subsample": 0.5568612989912948}, "datetime": {"datetime": "2024-01-20 13:48:43", "elapsed": 1415.468577, "delta": 0.001975}}
{"target": -10.48944603766192, "params": {"colsample_bytree": 0.11681844040508067, "eta": 0.09287557234988209, "gamma": 840.1754366508293, "max_depth": 6.0, "min_child_weight": 4464.866109681528, "num_boost_round": 53.0, "subsample": 0.5568612989912948}, "datetime": {"datetime": "2024-01-20 13:48:43", "elapsed": 1415.470499, "delta": 0.001922}}
{"target": -10.489400043326668, "params": {"colsample_bytree": 0.11681844040508067, "eta": 0.09287557234988209, "gamma": 840.1754366508293, "max_depth": 6.0, "min_child_weight": 4464.866109681528, "num_boost_round": 54.0, "subsample": 0.5568612989912948}, "datetime": {"datetime": "2024-01-20 13:48:43", "elapsed": 1415.472339, "delta": 0.00184}}
{"target": -10.489521813236365, "params": {"colsample_bytree": 0.11681844040508067, "eta": 0.09287557234988209, "gamma": 840.1754366508293, "max_depth": 6.0, "min_child_weight": 4464.866109681528, "num_boost_round": 55.0, "subsample": 0.5568612989912948}, "datetime": {"datetime": "2024-01-20 13:48:43", "elapsed": 1415.474166, "delta": 0.001827}}
{"target": -10.489591025701827, "params": {"colsample_bytree": 0.11681844040508067, "eta": 0.09287557234988209, "gamma": 840.1754366508293, "max_depth": 6.0, "min_child_weight": 4464.866109681528, "num_boost_round": 56.0, "subsample": 0.5568612989912948}, "datetime": {"datetime": "2024-01-20 13:48:43", "elapsed": 1415.476034, "delta": 0.001868}}
{"target": -10.489653777398601, "params": {"colsample_bytree": 0.11681844040508067, "eta": 0.09287557234988209, "gamma": 840.1754366508293, "max_depth": 6.0, "min_child_weight": 4464.866109681528, "num_boost_round": 57.0, "subsample": 0.5568612989912948}, "datetime": {"datetime": "2024-01-20 13:48:43", "elapsed": 1415.477872, "delta": 0.001838}}
{"target": -10.490229737050935, "params": {"colsample_bytree": 0.11681844040508067, "eta": 0.09287557234988209, "gamma": 840.1754366508293, "max_depth": 6.0, "min_child_weight": 4464.866109681528, "num_boost_round": 58.0, "subsample": 0.5568612989912948}, "datetime": {"datetime": "2024-01-20 13:48:43", "elapsed": 1415.479754, "delta": 0.001882}}
{"target": -10.490445086146384, "params": {"colsample_bytree": 0.11681844040508067, "eta": 0.09287557234988209, "gamma": 840.1754366508293, "max_depth": 6.0, "min_child_weight": 4464.866109681528, "num_boost_round": 59.0, "subsample": 0.5568612989912948}, "datetime": {"datetime": "2024-01-20 13:48:43", "elapsed": 1415.481625, "delta": 0.001871}}
