{"target": -10.304064761822461, "params": {"colsample_bytree": 0.4086148866653957, "eta": 0.09578106216633399, "gamma": 406.22516757088675, "max_depth": 9.0, "min_child_weight": 3806.263996687655, "num_boost_round": 10.0, "subsample": 0.8188891668495584}, "datetime": {"datetime": "2024-01-20 15:08:10", "elapsed": 6388.38078, "delta": 0.005941}}
{"target": -10.298514435840957, "params": {"colsample_bytree": 0.6803847093539989, "eta": 0.002908107453065151, "gamma": 153.49382665083934, "max_depth": 4.0, "min_child_weight": 3826.8717983319584, "num_boost_round": 1.0, "subsample": 0.27224016961439745}, "datetime": {"datetime": "2024-01-20 15:09:57", "elapsed": 6495.175033, "delta": 106.794253}}
{"target": -10.298513766275748, "params": {"colsample_bytree": 0.6803847093539989, "eta": 0.002908107453065151, "gamma": 153.49382665083934, "max_depth": 4.0, "min_child_weight": 3826.8717983319584, "num_boost_round": 2.0, "subsample": 0.27224016961439745}, "datetime": {"datetime": "2024-01-20 15:09:57", "elapsed": 6495.181369, "delta": 0.006336}}
{"target": -10.298515398900662, "params": {"colsample_bytree": 0.6803847093539989, "eta": 0.002908107453065151, "gamma": 153.49382665083934, "max_depth": 4.0, "min_child_weight": 3826.8717983319584, "num_boost_round": 3.0, "subsample": 0.27224016961439745}, "datetime": {"datetime": "2024-01-20 15:09:57", "elapsed": 6495.187711, "delta": 0.006342}}
{"target": -10.298510950851357, "params": {"colsample_bytree": 0.6803847093539989, "eta": 0.002908107453065151, "gamma": 153.49382665083934, "max_depth": 4.0, "min_child_weight": 3826.8717983319584, "num_boost_round": 4.0, "subsample": 0.27224016961439745}, "datetime": {"datetime": "2024-01-20 15:09:57", "elapsed": 6495.192376, "delta": 0.004665}}
{"target": -10.298506646984329, "params": {"colsample_bytree": 0.6803847093539989, "eta": 0.002908107453065151, "gamma": 153.49382665083934, "max_depth": 4.0, "min_child_weight": 3826.8717983319584, "num_boost_round": 5.0, "subsample": 0.27224016961439745}, "datetime": {"datetime": "2024-01-20 15:09:57", "elapsed": 6495.196846, "delta": 0.00447}}
{"target": -10.298504695390523, "params": {"colsample_bytree": 0.6803847093539989, "eta": 0.002908107453065151, "gamma": 153.49382665083934, "max_depth": 4.0, "min_child_weight": 3826.8717983319584, "num_boost_round": 6.0, "subsample": 0.27224016961439745}, "datetime": {"datetime": "2024-01-20 15:09:57", "elapsed": 6495.201391, "delta": 0.004545}}
{"target": -10.298496689239423, "params": {"colsample_bytree": 0.6803847093539989, "eta": 0.002908107453065151, "gamma": 153.49382665083934, "max_depth": 4.0, "min_child_weight": 3826.8717983319584, "num_boost_round": 7.0, "subsample": 0.27224016961439745}, "datetime": {"datetime": "2024-01-20 15:09:57", "elapsed": 6495.2057, "delta": 0.004309}}
{"target": -10.29848744053544, "params": {"colsample_bytree": 0.6803847093539989, "eta": 0.002908107453065151, "gamma": 153.49382665083934, "max_depth": 4.0, "min_child_weight": 3826.8717983319584, "num_boost_round": 8.0, "subsample": 0.27224016961439745}, "datetime": {"datetime": "2024-01-20 15:09:57", "elapsed": 6495.209885, "delta": 0.004185}}
{"target": -10.298485837980142, "params": {"colsample_bytree": 0.6803847093539989, "eta": 0.002908107453065151, "gamma": 153.49382665083934, "max_depth": 4.0, "min_child_weight": 3826.8717983319584, "num_boost_round": 9.0, "subsample": 0.27224016961439745}, "datetime": {"datetime": "2024-01-20 15:09:57", "elapsed": 6495.213941, "delta": 0.004056}}
{"target": -10.298477216391978, "params": {"colsample_bytree": 0.6803847093539989, "eta": 0.002908107453065151, "gamma": 153.49382665083934, "max_depth": 4.0, "min_child_weight": 3826.8717983319584, "num_boost_round": 10.0, "subsample": 0.27224016961439745}, "datetime": {"datetime": "2024-01-20 15:09:57", "elapsed": 6495.218082, "delta": 0.004141}}
{"target": -10.298463215051552, "params": {"colsample_bytree": 0.6803847093539989, "eta": 0.002908107453065151, "gamma": 153.49382665083934, "max_depth": 4.0, "min_child_weight": 3826.8717983319584, "num_boost_round": 11.0, "subsample": 0.27224016961439745}, "datetime": {"datetime": "2024-01-20 15:09:57", "elapsed": 6495.222243, "delta": 0.004161}}
{"target": -10.298465016431056, "params": {"colsample_bytree": 0.6803847093539989, "eta": 0.002908107453065151, "gamma": 153.49382665083934, "max_depth": 4.0, "min_child_weight": 3826.8717983319584, "num_boost_round": 12.0, "subsample": 0.27224016961439745}, "datetime": {"datetime": "2024-01-20 15:09:57", "elapsed": 6495.226414, "delta": 0.004171}}
{"target": -10.29845598850256, "params": {"colsample_bytree": 0.6803847093539989, "eta": 0.002908107453065151, "gamma": 153.49382665083934, "max_depth": 4.0, "min_child_weight": 3826.8717983319584, "num_boost_round": 13.0, "subsample": 0.27224016961439745}, "datetime": {"datetime": "2024-01-20 15:09:57", "elapsed": 6495.230591, "delta": 0.004177}}
{"target": -10.298472566045104, "params": {"colsample_bytree": 0.6803847093539989, "eta": 0.002908107453065151, "gamma": 153.49382665083934, "max_depth": 4.0, "min_child_weight": 3826.8717983319584, "num_boost_round": 14.0, "subsample": 0.27224016961439745}, "datetime": {"datetime": "2024-01-20 15:09:57", "elapsed": 6495.234765, "delta": 0.004174}}
{"target": -10.298462286034987, "params": {"colsample_bytree": 0.6803847093539989, "eta": 0.002908107453065151, "gamma": 153.49382665083934, "max_depth": 4.0, "min_child_weight": 3826.8717983319584, "num_boost_round": 15.0, "subsample": 0.27224016961439745}, "datetime": {"datetime": "2024-01-20 15:09:57", "elapsed": 6495.238961, "delta": 0.004196}}
{"target": -10.298451106108658, "params": {"colsample_bytree": 0.6803847093539989, "eta": 0.002908107453065151, "gamma": 153.49382665083934, "max_depth": 4.0, "min_child_weight": 3826.8717983319584, "num_boost_round": 16.0, "subsample": 0.27224016961439745}, "datetime": {"datetime": "2024-01-20 15:09:57", "elapsed": 6495.243185, "delta": 0.004224}}
{"target": -10.298443468989362, "params": {"colsample_bytree": 0.6803847093539989, "eta": 0.002908107453065151, "gamma": 153.49382665083934, "max_depth": 4.0, "min_child_weight": 3826.8717983319584, "num_boost_round": 17.0, "subsample": 0.27224016961439745}, "datetime": {"datetime": "2024-01-20 15:09:57", "elapsed": 6495.2475, "delta": 0.004315}}
{"target": -10.298416946303142, "params": {"colsample_bytree": 0.6803847093539989, "eta": 0.002908107453065151, "gamma": 153.49382665083934, "max_depth": 4.0, "min_child_weight": 3826.8717983319584, "num_boost_round": 18.0, "subsample": 0.27224016961439745}, "datetime": {"datetime": "2024-01-20 15:09:57", "elapsed": 6495.251764, "delta": 0.004264}}
{"target": -10.298416057815437, "params": {"colsample_bytree": 0.6803847093539989, "eta": 0.002908107453065151, "gamma": 153.49382665083934, "max_depth": 4.0, "min_child_weight": 3826.8717983319584, "num_boost_round": 19.0, "subsample": 0.27224016961439745}, "datetime": {"datetime": "2024-01-20 15:09:57", "elapsed": 6495.255932, "delta": 0.004168}}
{"target": -10.298395334227205, "params": {"colsample_bytree": 0.6803847093539989, "eta": 0.002908107453065151, "gamma": 153.49382665083934, "max_depth": 4.0, "min_child_weight": 3826.8717983319584, "num_boost_round": 20.0, "subsample": 0.27224016961439745}, "datetime": {"datetime": "2024-01-20 15:09:57", "elapsed": 6495.260057, "delta": 0.004125}}
{"target": -10.29839271416029, "params": {"colsample_bytree": 0.6803847093539989, "eta": 0.002908107453065151, "gamma": 153.49382665083934, "max_depth": 4.0, "min_child_weight": 3826.8717983319584, "num_boost_round": 21.0, "subsample": 0.27224016961439745}, "datetime": {"datetime": "2024-01-20 15:09:57", "elapsed": 6495.264373, "delta": 0.004316}}
{"target": -10.298386245289812, "params": {"colsample_bytree": 0.6803847093539989, "eta": 0.002908107453065151, "gamma": 153.49382665083934, "max_depth": 4.0, "min_child_weight": 3826.8717983319584, "num_boost_round": 22.0, "subsample": 0.27224016961439745}, "datetime": {"datetime": "2024-01-20 15:09:57", "elapsed": 6495.268578, "delta": 0.004205}}
{"target": -10.298375832757404, "params": {"colsample_bytree": 0.6803847093539989, "eta": 0.002908107453065151, "gamma": 153.49382665083934, "max_depth": 4.0, "min_child_weight": 3826.8717983319584, "num_boost_round": 23.0, "subsample": 0.27224016961439745}, "datetime": {"datetime": "2024-01-20 15:09:57", "elapsed": 6495.272514, "delta": 0.003936}}
{"target": -10.298357007477561, "params": {"colsample_bytree": 0.6803847093539989, "eta": 0.002908107453065151, "gamma": 153.49382665083934, "max_depth": 4.0, "min_child_weight": 3826.8717983319584, "num_boost_round": 24.0, "subsample": 0.27224016961439745}, "datetime": {"datetime": "2024-01-20 15:09:57", "elapsed": 6495.276525, "delta": 0.004011}}
{"target": -10.298365047891057, "params": {"colsample_bytree": 0.6803847093539989, "eta": 0.002908107453065151, "gamma": 153.49382665083934, "max_depth": 4.0, "min_child_weight": 3826.8717983319584, "num_boost_round": 25.0, "subsample": 0.27224016961439745}, "datetime": {"datetime": "2024-01-20 15:09:57", "elapsed": 6495.280486, "delta": 0.003961}}
{"target": -10.29838281708744, "params": {"colsample_bytree": 0.6803847093539989, "eta": 0.002908107453065151, "gamma": 153.49382665083934, "max_depth": 4.0, "min_child_weight": 3826.8717983319584, "num_boost_round": 26.0, "subsample": 0.27224016961439745}, "datetime": {"datetime": "2024-01-20 15:09:57", "elapsed": 6495.284398, "delta": 0.003912}}
{"target": -10.298374296339933, "params": {"colsample_bytree": 0.6803847093539989, "eta": 0.002908107453065151, "gamma": 153.49382665083934, "max_depth": 4.0, "min_child_weight": 3826.8717983319584, "num_boost_round": 27.0, "subsample": 0.27224016961439745}, "datetime": {"datetime": "2024-01-20 15:09:57", "elapsed": 6495.288512, "delta": 0.004114}}
{"target": -10.29837223066968, "params": {"colsample_bytree": 0.6803847093539989, "eta": 0.002908107453065151, "gamma": 153.49382665083934, "max_depth": 4.0, "min_child_weight": 3826.8717983319584, "num_boost_round": 28.0, "subsample": 0.27224016961439745}, "datetime": {"datetime": "2024-01-20 15:09:57", "elapsed": 6495.292334, "delta": 0.003822}}
{"target": -10.298373311375805, "params": {"colsample_bytree": 0.6803847093539989, "eta": 0.002908107453065151, "gamma": 153.49382665083934, "max_depth": 4.0, "min_child_weight": 3826.8717983319584, "num_boost_round": 29.0, "subsample": 0.27224016961439745}, "datetime": {"datetime": "2024-01-20 15:09:57", "elapsed": 6495.296004, "delta": 0.00367}}
{"target": -10.298376672319511, "params": {"colsample_bytree": 0.6803847093539989, "eta": 0.002908107453065151, "gamma": 153.49382665083934, "max_depth": 4.0, "min_child_weight": 3826.8717983319584, "num_boost_round": 30.0, "subsample": 0.27224016961439745}, "datetime": {"datetime": "2024-01-20 15:09:57", "elapsed": 6495.299655, "delta": 0.003651}}
{"target": -10.298369872321645, "params": {"colsample_bytree": 0.6803847093539989, "eta": 0.002908107453065151, "gamma": 153.49382665083934, "max_depth": 4.0, "min_child_weight": 3826.8717983319584, "num_boost_round": 31.0, "subsample": 0.27224016961439745}, "datetime": {"datetime": "2024-01-20 15:09:57", "elapsed": 6495.303223, "delta": 0.003568}}
{"target": -10.298375210055948, "params": {"colsample_bytree": 0.6803847093539989, "eta": 0.002908107453065151, "gamma": 153.49382665083934, "max_depth": 4.0, "min_child_weight": 3826.8717983319584, "num_boost_round": 32.0, "subsample": 0.27224016961439745}, "datetime": {"datetime": "2024-01-20 15:09:57", "elapsed": 6495.306863, "delta": 0.00364}}
{"target": -10.298383762158878, "params": {"colsample_bytree": 0.6803847093539989, "eta": 0.002908107453065151, "gamma": 153.49382665083934, "max_depth": 4.0, "min_child_weight": 3826.8717983319584, "num_boost_round": 33.0, "subsample": 0.27224016961439745}, "datetime": {"datetime": "2024-01-20 15:09:57", "elapsed": 6495.310441, "delta": 0.003578}}
{"target": -10.29837005753437, "params": {"colsample_bytree": 0.6803847093539989, "eta": 0.002908107453065151, "gamma": 153.49382665083934, "max_depth": 4.0, "min_child_weight": 3826.8717983319584, "num_boost_round": 34.0, "subsample": 0.27224016961439745}, "datetime": {"datetime": "2024-01-20 15:09:57", "elapsed": 6495.313936, "delta": 0.003495}}
{"target": -10.298369468915684, "params": {"colsample_bytree": 0.6803847093539989, "eta": 0.002908107453065151, "gamma": 153.49382665083934, "max_depth": 4.0, "min_child_weight": 3826.8717983319584, "num_boost_round": 35.0, "subsample": 0.27224016961439745}, "datetime": {"datetime": "2024-01-20 15:09:57", "elapsed": 6495.317558, "delta": 0.003622}}
{"target": -10.29836560505222, "params": {"colsample_bytree": 0.6803847093539989, "eta": 0.002908107453065151, "gamma": 153.49382665083934, "max_depth": 4.0, "min_child_weight": 3826.8717983319584, "num_boost_round": 36.0, "subsample": 0.27224016961439745}, "datetime": {"datetime": "2024-01-20 15:09:57", "elapsed": 6495.321116, "delta": 0.003558}}
{"target": -10.298380699358244, "params": {"colsample_bytree": 0.6803847093539989, "eta": 0.002908107453065151, "gamma": 153.49382665083934, "max_depth": 4.0, "min_child_weight": 3826.8717983319584, "num_boost_round": 37.0, "subsample": 0.27224016961439745}, "datetime": {"datetime": "2024-01-20 15:09:57", "elapsed": 6495.32462, "delta": 0.003504}}
{"target": -10.298381246748212, "params": {"colsample_bytree": 0.6803847093539989, "eta": 0.002908107453065151, "gamma": 153.49382665083934, "max_depth": 4.0, "min_child_weight": 3826.8717983319584, "num_boost_round": 38.0, "subsample": 0.27224016961439745}, "datetime": {"datetime": "2024-01-20 15:09:57", "elapsed": 6495.328271, "delta": 0.003651}}
{"target": -10.298377800156565, "params": {"colsample_bytree": 0.6803847093539989, "eta": 0.002908107453065151, "gamma": 153.49382665083934, "max_depth": 4.0, "min_child_weight": 3826.8717983319584, "num_boost_round": 39.0, "subsample": 0.27224016961439745}, "datetime": {"datetime": "2024-01-20 15:09:57", "elapsed": 6495.332678, "delta": 0.004407}}
{"target": -10.298379466192268, "params": {"colsample_bytree": 0.6803847093539989, "eta": 0.002908107453065151, "gamma": 153.49382665083934, "max_depth": 4.0, "min_child_weight": 3826.8717983319584, "num_boost_round": 40.0, "subsample": 0.27224016961439745}, "datetime": {"datetime": "2024-01-20 15:09:57", "elapsed": 6495.336567, "delta": 0.003889}}
{"target": -10.29837040906647, "params": {"colsample_bytree": 0.6803847093539989, "eta": 0.002908107453065151, "gamma": 153.49382665083934, "max_depth": 4.0, "min_child_weight": 3826.8717983319584, "num_boost_round": 41.0, "subsample": 0.27224016961439745}, "datetime": {"datetime": "2024-01-20 15:09:57", "elapsed": 6495.341227, "delta": 0.00466}}
{"target": -10.298355027140952, "params": {"colsample_bytree": 0.6803847093539989, "eta": 0.002908107453065151, "gamma": 153.49382665083934, "max_depth": 4.0, "min_child_weight": 3826.8717983319584, "num_boost_round": 42.0, "subsample": 0.27224016961439745}, "datetime": {"datetime": "2024-01-20 15:09:57", "elapsed": 6495.345171, "delta": 0.003944}}
{"target": -10.29836523680849, "params": {"colsample_bytree": 0.6803847093539989, "eta": 0.002908107453065151, "gamma": 153.49382665083934, "max_depth": 4.0, "min_child_weight": 3826.8717983319584, "num_boost_round": 43.0, "subsample": 0.27224016961439745}, "datetime": {"datetime": "2024-01-20 15:09:57", "elapsed": 6495.349083, "delta": 0.003912}}
{"target": -10.298373900911713, "params": {"colsample_bytree": 0.6803847093539989, "eta": 0.002908107453065151, "gamma": 153.49382665083934, "max_depth": 4.0, "min_child_weight": 3826.8717983319584, "num_boost_round": 44.0, "subsample": 0.27224016961439745}, "datetime": {"datetime": "2024-01-20 15:09:57", "elapsed": 6495.352844, "delta": 0.003761}}
{"target": -10.298362450844374, "params": {"colsample_bytree": 0.6803847093539989, "eta": 0.002908107453065151, "gamma": 153.49382665083934, "max_depth": 4.0, "min_child_weight": 3826.8717983319584, "num_boost_round": 45.0, "subsample": 0.27224016961439745}, "datetime": {"datetime": "2024-01-20 15:09:57", "elapsed": 6495.356455, "delta": 0.003611}}
{"target": -10.298370794480167, "params": {"colsample_bytree": 0.6803847093539989, "eta": 0.002908107453065151, "gamma": 153.49382665083934, "max_depth": 4.0, "min_child_weight": 3826.8717983319584, "num_boost_round": 46.0, "subsample": 0.27224016961439745}, "datetime": {"datetime": "2024-01-20 15:09:57", "elapsed": 6495.36014, "delta": 0.003685}}
{"target": -10.298381768643294, "params": {"colsample_bytree": 0.6803847093539989, "eta": 0.002908107453065151, "gamma": 153.49382665083934, "max_depth": 4.0, "min_child_weight": 3826.8717983319584, "num_boost_round": 47.0, "subsample": 0.27224016961439745}, "datetime": {"datetime": "2024-01-20 15:09:57", "elapsed": 6495.363872, "delta": 0.003732}}
{"target": -10.298378632506939, "params": {"colsample_bytree": 0.6803847093539989, "eta": 0.002908107453065151, "gamma": 153.49382665083934, "max_depth": 4.0, "min_child_weight": 3826.8717983319584, "num_boost_round": 48.0, "subsample": 0.27224016961439745}, "datetime": {"datetime": "2024-01-20 15:09:57", "elapsed": 6495.372607, "delta": 0.008735}}
{"target": -10.298370011285634, "params": {"colsample_bytree": 0.6803847093539989, "eta": 0.002908107453065151, "gamma": 153.49382665083934, "max_depth": 4.0, "min_child_weight": 3826.8717983319584, "num_boost_round": 49.0, "subsample": 0.27224016961439745}, "datetime": {"datetime": "2024-01-20 15:09:57", "elapsed": 6495.379045, "delta": 0.006438}}
{"target": -10.298393112528546, "params": {"colsample_bytree": 0.6803847093539989, "eta": 0.002908107453065151, "gamma": 153.49382665083934, "max_depth": 4.0, "min_child_weight": 3826.8717983319584, "num_boost_round": 50.0, "subsample": 0.27224016961439745}, "datetime": {"datetime": "2024-01-20 15:09:57", "elapsed": 6495.388184, "delta": 0.009139}}
{"target": -10.298400150248662, "params": {"colsample_bytree": 0.6803847093539989, "eta": 0.002908107453065151, "gamma": 153.49382665083934, "max_depth": 4.0, "min_child_weight": 3826.8717983319584, "num_boost_round": 51.0, "subsample": 0.27224016961439745}, "datetime": {"datetime": "2024-01-20 15:09:57", "elapsed": 6495.395519, "delta": 0.007335}}
{"target": -10.29839115879649, "params": {"colsample_bytree": 0.6803847093539989, "eta": 0.002908107453065151, "gamma": 153.49382665083934, "max_depth": 4.0, "min_child_weight": 3826.8717983319584, "num_boost_round": 52.0, "subsample": 0.27224016961439745}, "datetime": {"datetime": "2024-01-20 15:09:57", "elapsed": 6495.401843, "delta": 0.006324}}
{"target": -10.298403463502744, "params": {"colsample_bytree": 0.6803847093539989, "eta": 0.002908107453065151, "gamma": 153.49382665083934, "max_depth": 4.0, "min_child_weight": 3826.8717983319584, "num_boost_round": 53.0, "subsample": 0.27224016961439745}, "datetime": {"datetime": "2024-01-20 15:09:57", "elapsed": 6495.407658, "delta": 0.005815}}
{"target": -10.298397286090246, "params": {"colsample_bytree": 0.6803847093539989, "eta": 0.002908107453065151, "gamma": 153.49382665083934, "max_depth": 4.0, "min_child_weight": 3826.8717983319584, "num_boost_round": 54.0, "subsample": 0.27224016961439745}, "datetime": {"datetime": "2024-01-20 15:09:57", "elapsed": 6495.413154, "delta": 0.005496}}
{"target": -10.298414483076836, "params": {"colsample_bytree": 0.6803847093539989, "eta": 0.002908107453065151, "gamma": 153.49382665083934, "max_depth": 4.0, "min_child_weight": 3826.8717983319584, "num_boost_round": 55.0, "subsample": 0.27224016961439745}, "datetime": {"datetime": "2024-01-20 15:09:57", "elapsed": 6495.418897, "delta": 0.005743}}
{"target": -10.298401233011607, "params": {"colsample_bytree": 0.6803847093539989, "eta": 0.002908107453065151, "gamma": 153.49382665083934, "max_depth": 4.0, "min_child_weight": 3826.8717983319584, "num_boost_round": 56.0, "subsample": 0.27224016961439745}, "datetime": {"datetime": "2024-01-20 15:09:57", "elapsed": 6495.425105, "delta": 0.006208}}
{"target": -10.298406223949852, "params": {"colsample_bytree": 0.6803847093539989, "eta": 0.002908107453065151, "gamma": 153.49382665083934, "max_depth": 4.0, "min_child_weight": 3826.8717983319584, "num_boost_round": 57.0, "subsample": 0.27224016961439745}, "datetime": {"datetime": "2024-01-20 15:09:57", "elapsed": 6495.431445, "delta": 0.00634}}
{"target": -10.29840728057576, "params": {"colsample_bytree": 0.6803847093539989, "eta": 0.002908107453065151, "gamma": 153.49382665083934, "max_depth": 4.0, "min_child_weight": 3826.8717983319584, "num_boost_round": 58.0, "subsample": 0.27224016961439745}, "datetime": {"datetime": "2024-01-20 15:09:57", "elapsed": 6495.437673, "delta": 0.006228}}
{"target": -10.298410725357611, "params": {"colsample_bytree": 0.6803847093539989, "eta": 0.002908107453065151, "gamma": 153.49382665083934, "max_depth": 4.0, "min_child_weight": 3826.8717983319584, "num_boost_round": 59.0, "subsample": 0.27224016961439745}, "datetime": {"datetime": "2024-01-20 15:09:57", "elapsed": 6495.443524, "delta": 0.005851}}
{"target": -10.29842407299011, "params": {"colsample_bytree": 0.6803847093539989, "eta": 0.002908107453065151, "gamma": 153.49382665083934, "max_depth": 4.0, "min_child_weight": 3826.8717983319584, "num_boost_round": 60.0, "subsample": 0.27224016961439745}, "datetime": {"datetime": "2024-01-20 15:09:57", "elapsed": 6495.449167, "delta": 0.005643}}
{"target": -10.29844172038271, "params": {"colsample_bytree": 0.6803847093539989, "eta": 0.002908107453065151, "gamma": 153.49382665083934, "max_depth": 4.0, "min_child_weight": 3826.8717983319584, "num_boost_round": 61.0, "subsample": 0.27224016961439745}, "datetime": {"datetime": "2024-01-20 15:09:57", "elapsed": 6495.454811, "delta": 0.005644}}
