{"target": -13.50747931545633, "params": {"colsample_bytree": 0.6199385896424969, "eta": 0.06987966073865284, "gamma": 985.1399124139559, "max_depth": 9.0, "min_child_weight": 4601.570132700201, "num_boost_round": 82.0, "subsample": 0.36005902899521336}, "datetime": {"datetime": "2024-01-20 15:37:52", "elapsed": 4426.310673, "delta": 0.005295}}
{"target": -13.507922355518087, "params": {"colsample_bytree": 0.6199385896424969, "eta": 0.06987966073865284, "gamma": 985.1399124139559, "max_depth": 9.0, "min_child_weight": 4601.570132700201, "num_boost_round": 83.0, "subsample": 0.36005902899521336}, "datetime": {"datetime": "2024-01-20 15:37:52", "elapsed": 4426.315956, "delta": 0.005283}}
{"target": -13.507980422757349, "params": {"colsample_bytree": 0.6199385896424969, "eta": 0.06987966073865284, "gamma": 985.1399124139559, "max_depth": 9.0, "min_child_weight": 4601.570132700201, "num_boost_round": 84.0, "subsample": 0.36005902899521336}, "datetime": {"datetime": "2024-01-20 15:37:52", "elapsed": 4426.321234, "delta": 0.005278}}
{"target": -13.508078701617828, "params": {"colsample_bytree": 0.6199385896424969, "eta": 0.06987966073865284, "gamma": 985.1399124139559, "max_depth": 9.0, "min_child_weight": 4601.570132700201, "num_boost_round": 85.0, "subsample": 0.36005902899521336}, "datetime": {"datetime": "2024-01-20 15:37:52", "elapsed": 4426.326491, "delta": 0.005257}}
{"target": -13.508252281730691, "params": {"colsample_bytree": 0.6199385896424969, "eta": 0.06987966073865284, "gamma": 985.1399124139559, "max_depth": 9.0, "min_child_weight": 4601.570132700201, "num_boost_round": 86.0, "subsample": 0.36005902899521336}, "datetime": {"datetime": "2024-01-20 15:37:52", "elapsed": 4426.331817, "delta": 0.005326}}
{"target": -13.508310131693905, "params": {"colsample_bytree": 0.6199385896424969, "eta": 0.06987966073865284, "gamma": 985.1399124139559, "max_depth": 9.0, "min_child_weight": 4601.570132700201, "num_boost_round": 87.0, "subsample": 0.36005902899521336}, "datetime": {"datetime": "2024-01-20 15:37:52", "elapsed": 4426.337217, "delta": 0.0054}}
{"target": -13.508326547377674, "params": {"colsample_bytree": 0.6199385896424969, "eta": 0.06987966073865284, "gamma": 985.1399124139559, "max_depth": 9.0, "min_child_weight": 4601.570132700201, "num_boost_round": 88.0, "subsample": 0.36005902899521336}, "datetime": {"datetime": "2024-01-20 15:37:52", "elapsed": 4426.342698, "delta": 0.005481}}
{"target": -13.508638139845376, "params": {"colsample_bytree": 0.6199385896424969, "eta": 0.06987966073865284, "gamma": 985.1399124139559, "max_depth": 9.0, "min_child_weight": 4601.570132700201, "num_boost_round": 89.0, "subsample": 0.36005902899521336}, "datetime": {"datetime": "2024-01-20 15:37:52", "elapsed": 4426.348288, "delta": 0.00559}}
{"target": -13.508759977154433, "params": {"colsample_bytree": 0.6199385896424969, "eta": 0.06987966073865284, "gamma": 985.1399124139559, "max_depth": 9.0, "min_child_weight": 4601.570132700201, "num_boost_round": 90.0, "subsample": 0.36005902899521336}, "datetime": {"datetime": "2024-01-20 15:37:52", "elapsed": 4426.353976, "delta": 0.005688}}
{"target": -13.508811834369695, "params": {"colsample_bytree": 0.6199385896424969, "eta": 0.06987966073865284, "gamma": 985.1399124139559, "max_depth": 9.0, "min_child_weight": 4601.570132700201, "num_boost_round": 91.0, "subsample": 0.36005902899521336}, "datetime": {"datetime": "2024-01-20 15:37:52", "elapsed": 4426.359235, "delta": 0.005259}}
{"target": -13.509261371577445, "params": {"colsample_bytree": 0.6199385896424969, "eta": 0.06987966073865284, "gamma": 985.1399124139559, "max_depth": 9.0, "min_child_weight": 4601.570132700201, "num_boost_round": 92.0, "subsample": 0.36005902899521336}, "datetime": {"datetime": "2024-01-20 15:37:52", "elapsed": 4426.365095, "delta": 0.00586}}
{"target": -13.509271751344084, "params": {"colsample_bytree": 0.6199385896424969, "eta": 0.06987966073865284, "gamma": 985.1399124139559, "max_depth": 9.0, "min_child_weight": 4601.570132700201, "num_boost_round": 93.0, "subsample": 0.36005902899521336}, "datetime": {"datetime": "2024-01-20 15:37:52", "elapsed": 4426.370518, "delta": 0.005423}}
{"target": -13.509383864776316, "params": {"colsample_bytree": 0.6199385896424969, "eta": 0.06987966073865284, "gamma": 985.1399124139559, "max_depth": 9.0, "min_child_weight": 4601.570132700201, "num_boost_round": 94.0, "subsample": 0.36005902899521336}, "datetime": {"datetime": "2024-01-20 15:37:52", "elapsed": 4426.375943, "delta": 0.005425}}
{"target": -13.509626506382165, "params": {"colsample_bytree": 0.6199385896424969, "eta": 0.06987966073865284, "gamma": 985.1399124139559, "max_depth": 9.0, "min_child_weight": 4601.570132700201, "num_boost_round": 95.0, "subsample": 0.36005902899521336}, "datetime": {"datetime": "2024-01-20 15:37:52", "elapsed": 4426.38122, "delta": 0.005277}}
{"target": -13.509597741640935, "params": {"colsample_bytree": 0.6199385896424969, "eta": 0.06987966073865284, "gamma": 985.1399124139559, "max_depth": 9.0, "min_child_weight": 4601.570132700201, "num_boost_round": 96.0, "subsample": 0.36005902899521336}, "datetime": {"datetime": "2024-01-20 15:37:52", "elapsed": 4426.386647, "delta": 0.005427}}
{"target": -13.509843334964458, "params": {"colsample_bytree": 0.6199385896424969, "eta": 0.06987966073865284, "gamma": 985.1399124139559, "max_depth": 9.0, "min_child_weight": 4601.570132700201, "num_boost_round": 97.0, "subsample": 0.36005902899521336}, "datetime": {"datetime": "2024-01-20 15:37:52", "elapsed": 4426.392171, "delta": 0.005524}}
{"target": -13.510020110932311, "params": {"colsample_bytree": 0.6199385896424969, "eta": 0.06987966073865284, "gamma": 985.1399124139559, "max_depth": 9.0, "min_child_weight": 4601.570132700201, "num_boost_round": 98.0, "subsample": 0.36005902899521336}, "datetime": {"datetime": "2024-01-20 15:37:52", "elapsed": 4426.397561, "delta": 0.00539}}
{"target": -13.510196103721784, "params": {"colsample_bytree": 0.6199385896424969, "eta": 0.06987966073865284, "gamma": 985.1399124139559, "max_depth": 9.0, "min_child_weight": 4601.570132700201, "num_boost_round": 99.0, "subsample": 0.36005902899521336}, "datetime": {"datetime": "2024-01-20 15:37:52", "elapsed": 4426.403003, "delta": 0.005442}}
{"target": -13.497715079711288, "params": {"colsample_bytree": 0.8895711334826372, "eta": 0.056993300383946, "gamma": 806.0070611300231, "max_depth": 2.0, "min_child_weight": 4547.813936304902, "num_boost_round": 1.0, "subsample": 0.5530791843132864}, "datetime": {"datetime": "2024-01-20 15:40:02", "elapsed": 4555.993608, "delta": 129.590605}}
{"target": -13.497760852765534, "params": {"colsample_bytree": 0.8895711334826372, "eta": 0.056993300383946, "gamma": 806.0070611300231, "max_depth": 2.0, "min_child_weight": 4547.813936304902, "num_boost_round": 2.0, "subsample": 0.5530791843132864}, "datetime": {"datetime": "2024-01-20 15:40:02", "elapsed": 4555.999948, "delta": 0.00634}}
{"target": -13.497742478408545, "params": {"colsample_bytree": 0.8895711334826372, "eta": 0.056993300383946, "gamma": 806.0070611300231, "max_depth": 2.0, "min_child_weight": 4547.813936304902, "num_boost_round": 3.0, "subsample": 0.5530791843132864}, "datetime": {"datetime": "2024-01-20 15:40:02", "elapsed": 4556.005135, "delta": 0.005187}}
{"target": -13.49772118707892, "params": {"colsample_bytree": 0.8895711334826372, "eta": 0.056993300383946, "gamma": 806.0070611300231, "max_depth": 2.0, "min_child_weight": 4547.813936304902, "num_boost_round": 4.0, "subsample": 0.5530791843132864}, "datetime": {"datetime": "2024-01-20 15:40:02", "elapsed": 4556.010248, "delta": 0.005113}}
{"target": -13.497782356007443, "params": {"colsample_bytree": 0.8895711334826372, "eta": 0.056993300383946, "gamma": 806.0070611300231, "max_depth": 2.0, "min_child_weight": 4547.813936304902, "num_boost_round": 5.0, "subsample": 0.5530791843132864}, "datetime": {"datetime": "2024-01-20 15:40:02", "elapsed": 4556.015603, "delta": 0.005355}}
{"target": -13.497724341284144, "params": {"colsample_bytree": 0.8895711334826372, "eta": 0.056993300383946, "gamma": 806.0070611300231, "max_depth": 2.0, "min_child_weight": 4547.813936304902, "num_boost_round": 6.0, "subsample": 0.5530791843132864}, "datetime": {"datetime": "2024-01-20 15:40:02", "elapsed": 4556.020749, "delta": 0.005146}}
{"target": -13.497955397688258, "params": {"colsample_bytree": 0.8895711334826372, "eta": 0.056993300383946, "gamma": 806.0070611300231, "max_depth": 2.0, "min_child_weight": 4547.813936304902, "num_boost_round": 7.0, "subsample": 0.5530791843132864}, "datetime": {"datetime": "2024-01-20 15:40:02", "elapsed": 4556.025875, "delta": 0.005126}}
{"target": -13.497854927674021, "params": {"colsample_bytree": 0.8895711334826372, "eta": 0.056993300383946, "gamma": 806.0070611300231, "max_depth": 2.0, "min_child_weight": 4547.813936304902, "num_boost_round": 8.0, "subsample": 0.5530791843132864}, "datetime": {"datetime": "2024-01-20 15:40:02", "elapsed": 4556.030999, "delta": 0.005124}}
{"target": -13.49810308309035, "params": {"colsample_bytree": 0.8895711334826372, "eta": 0.056993300383946, "gamma": 806.0070611300231, "max_depth": 2.0, "min_child_weight": 4547.813936304902, "num_boost_round": 9.0, "subsample": 0.5530791843132864}, "datetime": {"datetime": "2024-01-20 15:40:02", "elapsed": 4556.039057, "delta": 0.008058}}
{"target": -13.498463593609962, "params": {"colsample_bytree": 0.8895711334826372, "eta": 0.056993300383946, "gamma": 806.0070611300231, "max_depth": 2.0, "min_child_weight": 4547.813936304902, "num_boost_round": 10.0, "subsample": 0.5530791843132864}, "datetime": {"datetime": "2024-01-20 15:40:02", "elapsed": 4556.047564, "delta": 0.008507}}
{"target": -13.498632230106193, "params": {"colsample_bytree": 0.8895711334826372, "eta": 0.056993300383946, "gamma": 806.0070611300231, "max_depth": 2.0, "min_child_weight": 4547.813936304902, "num_boost_round": 11.0, "subsample": 0.5530791843132864}, "datetime": {"datetime": "2024-01-20 15:40:02", "elapsed": 4556.055453, "delta": 0.007889}}
{"target": -13.498686253775038, "params": {"colsample_bytree": 0.8895711334826372, "eta": 0.056993300383946, "gamma": 806.0070611300231, "max_depth": 2.0, "min_child_weight": 4547.813936304902, "num_boost_round": 12.0, "subsample": 0.5530791843132864}, "datetime": {"datetime": "2024-01-20 15:40:02", "elapsed": 4556.061271, "delta": 0.005818}}
{"target": -13.498797469115623, "params": {"colsample_bytree": 0.8895711334826372, "eta": 0.056993300383946, "gamma": 806.0070611300231, "max_depth": 2.0, "min_child_weight": 4547.813936304902, "num_boost_round": 13.0, "subsample": 0.5530791843132864}, "datetime": {"datetime": "2024-01-20 15:40:02", "elapsed": 4556.066841, "delta": 0.00557}}
{"target": -13.498898442164226, "params": {"colsample_bytree": 0.8895711334826372, "eta": 0.056993300383946, "gamma": 806.0070611300231, "max_depth": 2.0, "min_child_weight": 4547.813936304902, "num_boost_round": 14.0, "subsample": 0.5530791843132864}, "datetime": {"datetime": "2024-01-20 15:40:02", "elapsed": 4556.071998, "delta": 0.005157}}
{"target": -13.499019073983455, "params": {"colsample_bytree": 0.8895711334826372, "eta": 0.056993300383946, "gamma": 806.0070611300231, "max_depth": 2.0, "min_child_weight": 4547.813936304902, "num_boost_round": 15.0, "subsample": 0.5530791843132864}, "datetime": {"datetime": "2024-01-20 15:40:02", "elapsed": 4556.077241, "delta": 0.005243}}
{"target": -13.499203251865623, "params": {"colsample_bytree": 0.8895711334826372, "eta": 0.056993300383946, "gamma": 806.0070611300231, "max_depth": 2.0, "min_child_weight": 4547.813936304902, "num_boost_round": 16.0, "subsample": 0.5530791843132864}, "datetime": {"datetime": "2024-01-20 15:40:02", "elapsed": 4556.082355, "delta": 0.005114}}
{"target": -13.499134633517697, "params": {"colsample_bytree": 0.8895711334826372, "eta": 0.056993300383946, "gamma": 806.0070611300231, "max_depth": 2.0, "min_child_weight": 4547.813936304902, "num_boost_round": 17.0, "subsample": 0.5530791843132864}, "datetime": {"datetime": "2024-01-20 15:40:02", "elapsed": 4556.087486, "delta": 0.005131}}
{"target": -13.499308367849821, "params": {"colsample_bytree": 0.8895711334826372, "eta": 0.056993300383946, "gamma": 806.0070611300231, "max_depth": 2.0, "min_child_weight": 4547.813936304902, "num_boost_round": 18.0, "subsample": 0.5530791843132864}, "datetime": {"datetime": "2024-01-20 15:40:02", "elapsed": 4556.092815, "delta": 0.005329}}
{"target": -13.499436282827725, "params": {"colsample_bytree": 0.8895711334826372, "eta": 0.056993300383946, "gamma": 806.0070611300231, "max_depth": 2.0, "min_child_weight": 4547.813936304902, "num_boost_round": 19.0, "subsample": 0.5530791843132864}, "datetime": {"datetime": "2024-01-20 15:40:02", "elapsed": 4556.098073, "delta": 0.005258}}
{"target": -13.499726147245958, "params": {"colsample_bytree": 0.8895711334826372, "eta": 0.056993300383946, "gamma": 806.0070611300231, "max_depth": 2.0, "min_child_weight": 4547.813936304902, "num_boost_round": 20.0, "subsample": 0.5530791843132864}, "datetime": {"datetime": "2024-01-20 15:40:02", "elapsed": 4556.103215, "delta": 0.005142}}
{"target": -13.499829606503749, "params": {"colsample_bytree": 0.8895711334826372, "eta": 0.056993300383946, "gamma": 806.0070611300231, "max_depth": 2.0, "min_child_weight": 4547.813936304902, "num_boost_round": 21.0, "subsample": 0.5530791843132864}, "datetime": {"datetime": "2024-01-20 15:40:02", "elapsed": 4556.108399, "delta": 0.005184}}
{"target": -13.500027178486391, "params": {"colsample_bytree": 0.8895711334826372, "eta": 0.056993300383946, "gamma": 806.0070611300231, "max_depth": 2.0, "min_child_weight": 4547.813936304902, "num_boost_round": 22.0, "subsample": 0.5530791843132864}, "datetime": {"datetime": "2024-01-20 15:40:02", "elapsed": 4556.113741, "delta": 0.005342}}
{"target": -13.499979594430153, "params": {"colsample_bytree": 0.8895711334826372, "eta": 0.056993300383946, "gamma": 806.0070611300231, "max_depth": 2.0, "min_child_weight": 4547.813936304902, "num_boost_round": 23.0, "subsample": 0.5530791843132864}, "datetime": {"datetime": "2024-01-20 15:40:02", "elapsed": 4556.119181, "delta": 0.00544}}
{"target": -13.500007418368057, "params": {"colsample_bytree": 0.8895711334826372, "eta": 0.056993300383946, "gamma": 806.0070611300231, "max_depth": 2.0, "min_child_weight": 4547.813936304902, "num_boost_round": 24.0, "subsample": 0.5530791843132864}, "datetime": {"datetime": "2024-01-20 15:40:02", "elapsed": 4556.1246, "delta": 0.005419}}
{"target": -13.499848751455179, "params": {"colsample_bytree": 0.8895711334826372, "eta": 0.056993300383946, "gamma": 806.0070611300231, "max_depth": 2.0, "min_child_weight": 4547.813936304902, "num_boost_round": 25.0, "subsample": 0.5530791843132864}, "datetime": {"datetime": "2024-01-20 15:40:02", "elapsed": 4556.130144, "delta": 0.005544}}
{"target": -13.499773169422516, "params": {"colsample_bytree": 0.8895711334826372, "eta": 0.056993300383946, "gamma": 806.0070611300231, "max_depth": 2.0, "min_child_weight": 4547.813936304902, "num_boost_round": 26.0, "subsample": 0.5530791843132864}, "datetime": {"datetime": "2024-01-20 15:40:02", "elapsed": 4556.135554, "delta": 0.00541}}
{"target": -13.49996273219653, "params": {"colsample_bytree": 0.8895711334826372, "eta": 0.056993300383946, "gamma": 806.0070611300231, "max_depth": 2.0, "min_child_weight": 4547.813936304902, "num_boost_round": 27.0, "subsample": 0.5530791843132864}, "datetime": {"datetime": "2024-01-20 15:40:02", "elapsed": 4556.140929, "delta": 0.005375}}
{"target": -13.500081250545502, "params": {"colsample_bytree": 0.8895711334826372, "eta": 0.056993300383946, "gamma": 806.0070611300231, "max_depth": 2.0, "min_child_weight": 4547.813936304902, "num_boost_round": 28.0, "subsample": 0.5530791843132864}, "datetime": {"datetime": "2024-01-20 15:40:02", "elapsed": 4556.146399, "delta": 0.00547}}
{"target": -13.50011985246191, "params": {"colsample_bytree": 0.8895711334826372, "eta": 0.056993300383946, "gamma": 806.0070611300231, "max_depth": 2.0, "min_child_weight": 4547.813936304902, "num_boost_round": 29.0, "subsample": 0.5530791843132864}, "datetime": {"datetime": "2024-01-20 15:40:02", "elapsed": 4556.151577, "delta": 0.005178}}
{"target": -13.50007371349236, "params": {"colsample_bytree": 0.8895711334826372, "eta": 0.056993300383946, "gamma": 806.0070611300231, "max_depth": 2.0, "min_child_weight": 4547.813936304902, "num_boost_round": 30.0, "subsample": 0.5530791843132864}, "datetime": {"datetime": "2024-01-20 15:40:02", "elapsed": 4556.157279, "delta": 0.005702}}
{"target": -13.500235565977055, "params": {"colsample_bytree": 0.8895711334826372, "eta": 0.056993300383946, "gamma": 806.0070611300231, "max_depth": 2.0, "min_child_weight": 4547.813936304902, "num_boost_round": 31.0, "subsample": 0.5530791843132864}, "datetime": {"datetime": "2024-01-20 15:40:02", "elapsed": 4556.164898, "delta": 0.007619}}
{"target": -13.500171533440096, "params": {"colsample_bytree": 0.8895711334826372, "eta": 0.056993300383946, "gamma": 806.0070611300231, "max_depth": 2.0, "min_child_weight": 4547.813936304902, "num_boost_round": 32.0, "subsample": 0.5530791843132864}, "datetime": {"datetime": "2024-01-20 15:40:02", "elapsed": 4556.173482, "delta": 0.008584}}
{"target": -13.500289111892712, "params": {"colsample_bytree": 0.8895711334826372, "eta": 0.056993300383946, "gamma": 806.0070611300231, "max_depth": 2.0, "min_child_weight": 4547.813936304902, "num_boost_round": 33.0, "subsample": 0.5530791843132864}, "datetime": {"datetime": "2024-01-20 15:40:02", "elapsed": 4556.179757, "delta": 0.006275}}
{"target": -13.50019620671676, "params": {"colsample_bytree": 0.8895711334826372, "eta": 0.056993300383946, "gamma": 806.0070611300231, "max_depth": 2.0, "min_child_weight": 4547.813936304902, "num_boost_round": 34.0, "subsample": 0.5530791843132864}, "datetime": {"datetime": "2024-01-20 15:40:02", "elapsed": 4556.185163, "delta": 0.005406}}
{"target": -13.499970411464734, "params": {"colsample_bytree": 0.8895711334826372, "eta": 0.056993300383946, "gamma": 806.0070611300231, "max_depth": 2.0, "min_child_weight": 4547.813936304902, "num_boost_round": 35.0, "subsample": 0.5530791843132864}, "datetime": {"datetime": "2024-01-20 15:40:02", "elapsed": 4556.190526, "delta": 0.005363}}
{"target": -13.500004068862488, "params": {"colsample_bytree": 0.8895711334826372, "eta": 0.056993300383946, "gamma": 806.0070611300231, "max_depth": 2.0, "min_child_weight": 4547.813936304902, "num_boost_round": 36.0, "subsample": 0.5530791843132864}, "datetime": {"datetime": "2024-01-20 15:40:02", "elapsed": 4556.196153, "delta": 0.005627}}
{"target": -13.500118724996, "params": {"colsample_bytree": 0.8895711334826372, "eta": 0.056993300383946, "gamma": 806.0070611300231, "max_depth": 2.0, "min_child_weight": 4547.813936304902, "num_boost_round": 37.0, "subsample": 0.5530791843132864}, "datetime": {"datetime": "2024-01-20 15:40:02", "elapsed": 4556.201755, "delta": 0.005602}}
{"target": -13.500105614358457, "params": {"colsample_bytree": 0.8895711334826372, "eta": 0.056993300383946, "gamma": 806.0070611300231, "max_depth": 2.0, "min_child_weight": 4547.813936304902, "num_boost_round": 38.0, "subsample": 0.5530791843132864}, "datetime": {"datetime": "2024-01-20 15:40:02", "elapsed": 4556.207044, "delta": 0.005289}}
{"target": -13.500164783072865, "params": {"colsample_bytree": 0.8895711334826372, "eta": 0.056993300383946, "gamma": 806.0070611300231, "max_depth": 2.0, "min_child_weight": 4547.813936304902, "num_boost_round": 39.0, "subsample": 0.5530791843132864}, "datetime": {"datetime": "2024-01-20 15:40:02", "elapsed": 4556.212281, "delta": 0.005237}}
{"target": -13.500001065534716, "params": {"colsample_bytree": 0.8895711334826372, "eta": 0.056993300383946, "gamma": 806.0070611300231, "max_depth": 2.0, "min_child_weight": 4547.813936304902, "num_boost_round": 40.0, "subsample": 0.5530791843132864}, "datetime": {"datetime": "2024-01-20 15:40:02", "elapsed": 4556.217618, "delta": 0.005337}}
{"target": -13.499973524968043, "params": {"colsample_bytree": 0.8895711334826372, "eta": 0.056993300383946, "gamma": 806.0070611300231, "max_depth": 2.0, "min_child_weight": 4547.813936304902, "num_boost_round": 41.0, "subsample": 0.5530791843132864}, "datetime": {"datetime": "2024-01-20 15:40:02", "elapsed": 4556.222817, "delta": 0.005199}}
{"target": -13.500051058537984, "params": {"colsample_bytree": 0.8895711334826372, "eta": 0.056993300383946, "gamma": 806.0070611300231, "max_depth": 2.0, "min_child_weight": 4547.813936304902, "num_boost_round": 42.0, "subsample": 0.5530791843132864}, "datetime": {"datetime": "2024-01-20 15:40:02", "elapsed": 4556.228028, "delta": 0.005211}}
{"target": -13.499966190405534, "params": {"colsample_bytree": 0.8895711334826372, "eta": 0.056993300383946, "gamma": 806.0070611300231, "max_depth": 2.0, "min_child_weight": 4547.813936304902, "num_boost_round": 43.0, "subsample": 0.5530791843132864}, "datetime": {"datetime": "2024-01-20 15:40:02", "elapsed": 4556.233495, "delta": 0.005467}}
{"target": -13.499848869563273, "params": {"colsample_bytree": 0.8895711334826372, "eta": 0.056993300383946, "gamma": 806.0070611300231, "max_depth": 2.0, "min_child_weight": 4547.813936304902, "num_boost_round": 44.0, "subsample": 0.5530791843132864}, "datetime": {"datetime": "2024-01-20 15:40:02", "elapsed": 4556.238879, "delta": 0.005384}}
{"target": -13.499862978789208, "params": {"colsample_bytree": 0.8895711334826372, "eta": 0.056993300383946, "gamma": 806.0070611300231, "max_depth": 2.0, "min_child_weight": 4547.813936304902, "num_boost_round": 45.0, "subsample": 0.5530791843132864}, "datetime": {"datetime": "2024-01-20 15:40:02", "elapsed": 4556.244207, "delta": 0.005328}}
