{"target": -15.16929151430686, "params": {"colsample_bytree": 0.8222763545626812, "eta": 0.06639351748729563, "gamma": 540.2311014622071, "max_depth": 4.0, "min_child_weight": 4300.564706902306, "num_boost_round": 2.0, "subsample": 0.8860927166969674}, "datetime": {"datetime": "2024-01-20 14:31:40", "elapsed": 458.43952, "delta": 0.002299}}
{"target": -15.166985547130029, "params": {"colsample_bytree": 0.8222763545626812, "eta": 0.06639351748729563, "gamma": 540.2311014622071, "max_depth": 4.0, "min_child_weight": 4300.564706902306, "num_boost_round": 3.0, "subsample": 0.8860927166969674}, "datetime": {"datetime": "2024-01-20 14:31:40", "elapsed": 458.440637, "delta": 0.001117}}
{"target": -15.165785760236323, "params": {"colsample_bytree": 0.8222763545626812, "eta": 0.06639351748729563, "gamma": 540.2311014622071, "max_depth": 4.0, "min_child_weight": 4300.564706902306, "num_boost_round": 4.0, "subsample": 0.8860927166969674}, "datetime": {"datetime": "2024-01-20 14:31:41", "elapsed": 458.44174, "delta": 0.001103}}
{"target": -15.163421616313618, "params": {"colsample_bytree": 0.8222763545626812, "eta": 0.06639351748729563, "gamma": 540.2311014622071, "max_depth": 4.0, "min_child_weight": 4300.564706902306, "num_boost_round": 5.0, "subsample": 0.8860927166969674}, "datetime": {"datetime": "2024-01-20 14:31:41", "elapsed": 458.442889, "delta": 0.001149}}
{"target": -15.161747564870083, "params": {"colsample_bytree": 0.8222763545626812, "eta": 0.06639351748729563, "gamma": 540.2311014622071, "max_depth": 4.0, "min_child_weight": 4300.564706902306, "num_boost_round": 6.0, "subsample": 0.8860927166969674}, "datetime": {"datetime": "2024-01-20 14:31:41", "elapsed": 458.443847, "delta": 0.000958}}
{"target": -15.160283205275245, "params": {"colsample_bytree": 0.8222763545626812, "eta": 0.06639351748729563, "gamma": 540.2311014622071, "max_depth": 4.0, "min_child_weight": 4300.564706902306, "num_boost_round": 7.0, "subsample": 0.8860927166969674}, "datetime": {"datetime": "2024-01-20 14:31:41", "elapsed": 458.44479, "delta": 0.000943}}
{"target": -15.159300694627172, "params": {"colsample_bytree": 0.8222763545626812, "eta": 0.06639351748729563, "gamma": 540.2311014622071, "max_depth": 4.0, "min_child_weight": 4300.564706902306, "num_boost_round": 8.0, "subsample": 0.8860927166969674}, "datetime": {"datetime": "2024-01-20 14:31:41", "elapsed": 458.445735, "delta": 0.000945}}
{"target": -15.159342375178433, "params": {"colsample_bytree": 0.8222763545626812, "eta": 0.06639351748729563, "gamma": 540.2311014622071, "max_depth": 4.0, "min_child_weight": 4300.564706902306, "num_boost_round": 9.0, "subsample": 0.8860927166969674}, "datetime": {"datetime": "2024-01-20 14:31:41", "elapsed": 458.447039, "delta": 0.001304}}
{"target": -15.158859747055509, "params": {"colsample_bytree": 0.8222763545626812, "eta": 0.06639351748729563, "gamma": 540.2311014622071, "max_depth": 4.0, "min_child_weight": 4300.564706902306, "num_boost_round": 10.0, "subsample": 0.8860927166969674}, "datetime": {"datetime": "2024-01-20 14:31:41", "elapsed": 458.448008, "delta": 0.000969}}
{"target": -15.158230438022402, "params": {"colsample_bytree": 0.8222763545626812, "eta": 0.06639351748729563, "gamma": 540.2311014622071, "max_depth": 4.0, "min_child_weight": 4300.564706902306, "num_boost_round": 11.0, "subsample": 0.8860927166969674}, "datetime": {"datetime": "2024-01-20 14:31:41", "elapsed": 458.448961, "delta": 0.000953}}
{"target": -15.15780279674652, "params": {"colsample_bytree": 0.8222763545626812, "eta": 0.06639351748729563, "gamma": 540.2311014622071, "max_depth": 4.0, "min_child_weight": 4300.564706902306, "num_boost_round": 12.0, "subsample": 0.8860927166969674}, "datetime": {"datetime": "2024-01-20 14:31:41", "elapsed": 458.449913, "delta": 0.000952}}
{"target": -15.158281086995842, "params": {"colsample_bytree": 0.8222763545626812, "eta": 0.06639351748729563, "gamma": 540.2311014622071, "max_depth": 4.0, "min_child_weight": 4300.564706902306, "num_boost_round": 13.0, "subsample": 0.8860927166969674}, "datetime": {"datetime": "2024-01-20 14:31:41", "elapsed": 458.450974, "delta": 0.001061}}
{"target": -15.157613799548947, "params": {"colsample_bytree": 0.8222763545626812, "eta": 0.06639351748729563, "gamma": 540.2311014622071, "max_depth": 4.0, "min_child_weight": 4300.564706902306, "num_boost_round": 14.0, "subsample": 0.8860927166969674}, "datetime": {"datetime": "2024-01-20 14:31:41", "elapsed": 458.451923, "delta": 0.000949}}
{"target": -15.157157460366744, "params": {"colsample_bytree": 0.8222763545626812, "eta": 0.06639351748729563, "gamma": 540.2311014622071, "max_depth": 4.0, "min_child_weight": 4300.564706902306, "num_boost_round": 15.0, "subsample": 0.8860927166969674}, "datetime": {"datetime": "2024-01-20 14:31:41", "elapsed": 458.452875, "delta": 0.000952}}
{"target": -15.157121743702243, "params": {"colsample_bytree": 0.8222763545626812, "eta": 0.06639351748729563, "gamma": 540.2311014622071, "max_depth": 4.0, "min_child_weight": 4300.564706902306, "num_boost_round": 16.0, "subsample": 0.8860927166969674}, "datetime": {"datetime": "2024-01-20 14:31:41", "elapsed": 458.453827, "delta": 0.000952}}
{"target": -15.157736427348208, "params": {"colsample_bytree": 0.8222763545626812, "eta": 0.06639351748729563, "gamma": 540.2311014622071, "max_depth": 4.0, "min_child_weight": 4300.564706902306, "num_boost_round": 17.0, "subsample": 0.8860927166969674}, "datetime": {"datetime": "2024-01-20 14:31:41", "elapsed": 458.454786, "delta": 0.000959}}
{"target": -15.157962256386547, "params": {"colsample_bytree": 0.8222763545626812, "eta": 0.06639351748729563, "gamma": 540.2311014622071, "max_depth": 4.0, "min_child_weight": 4300.564706902306, "num_boost_round": 18.0, "subsample": 0.8860927166969674}, "datetime": {"datetime": "2024-01-20 14:31:41", "elapsed": 458.455744, "delta": 0.000958}}
{"target": -15.158442686921802, "params": {"colsample_bytree": 0.8222763545626812, "eta": 0.06639351748729563, "gamma": 540.2311014622071, "max_depth": 4.0, "min_child_weight": 4300.564706902306, "num_boost_round": 19.0, "subsample": 0.8860927166969674}, "datetime": {"datetime": "2024-01-20 14:31:41", "elapsed": 458.456707, "delta": 0.000963}}
{"target": -15.158813239313186, "params": {"colsample_bytree": 0.8222763545626812, "eta": 0.06639351748729563, "gamma": 540.2311014622071, "max_depth": 4.0, "min_child_weight": 4300.564706902306, "num_boost_round": 20.0, "subsample": 0.8860927166969674}, "datetime": {"datetime": "2024-01-20 14:31:41", "elapsed": 458.457668, "delta": 0.000961}}
{"target": -15.159675432986354, "params": {"colsample_bytree": 0.8222763545626812, "eta": 0.06639351748729563, "gamma": 540.2311014622071, "max_depth": 4.0, "min_child_weight": 4300.564706902306, "num_boost_round": 21.0, "subsample": 0.8860927166969674}, "datetime": {"datetime": "2024-01-20 14:31:41", "elapsed": 458.458629, "delta": 0.000961}}
{"target": -15.172549534688308, "params": {"colsample_bytree": 0.11554052765468874, "eta": 0.017992155892750345, "gamma": 616.8319554852199, "max_depth": 4.0, "min_child_weight": 4254.365944909858, "num_boost_round": 1.0, "subsample": 0.9204106472663041}, "datetime": {"datetime": "2024-01-20 14:32:05", "elapsed": 482.930728, "delta": 24.472099}}
{"target": -15.172197183818806, "params": {"colsample_bytree": 0.11554052765468874, "eta": 0.017992155892750345, "gamma": 616.8319554852199, "max_depth": 4.0, "min_child_weight": 4254.365944909858, "num_boost_round": 2.0, "subsample": 0.9204106472663041}, "datetime": {"datetime": "2024-01-20 14:32:05", "elapsed": 482.932477, "delta": 0.001749}}
{"target": -15.172215043064574, "params": {"colsample_bytree": 0.11554052765468874, "eta": 0.017992155892750345, "gamma": 616.8319554852199, "max_depth": 4.0, "min_child_weight": 4254.365944909858, "num_boost_round": 3.0, "subsample": 0.9204106472663041}, "datetime": {"datetime": "2024-01-20 14:32:05", "elapsed": 482.93347, "delta": 0.000993}}
{"target": -15.172327192856867, "params": {"colsample_bytree": 0.11554052765468874, "eta": 0.017992155892750345, "gamma": 616.8319554852199, "max_depth": 4.0, "min_child_weight": 4254.365944909858, "num_boost_round": 4.0, "subsample": 0.9204106472663041}, "datetime": {"datetime": "2024-01-20 14:32:05", "elapsed": 482.934988, "delta": 0.001518}}
{"target": -15.171666671099079, "params": {"colsample_bytree": 0.11554052765468874, "eta": 0.017992155892750345, "gamma": 616.8319554852199, "max_depth": 4.0, "min_child_weight": 4254.365944909858, "num_boost_round": 5.0, "subsample": 0.9204106472663041}, "datetime": {"datetime": "2024-01-20 14:32:05", "elapsed": 482.936104, "delta": 0.001116}}
{"target": -15.171146874373733, "params": {"colsample_bytree": 0.11554052765468874, "eta": 0.017992155892750345, "gamma": 616.8319554852199, "max_depth": 4.0, "min_child_weight": 4254.365944909858, "num_boost_round": 6.0, "subsample": 0.9204106472663041}, "datetime": {"datetime": "2024-01-20 14:32:05", "elapsed": 482.937074, "delta": 0.00097}}
{"target": -15.170650400490427, "params": {"colsample_bytree": 0.11554052765468874, "eta": 0.017992155892750345, "gamma": 616.8319554852199, "max_depth": 4.0, "min_child_weight": 4254.365944909858, "num_boost_round": 7.0, "subsample": 0.9204106472663041}, "datetime": {"datetime": "2024-01-20 14:32:05", "elapsed": 482.93804, "delta": 0.000966}}
{"target": -15.170107624623519, "params": {"colsample_bytree": 0.11554052765468874, "eta": 0.017992155892750345, "gamma": 616.8319554852199, "max_depth": 4.0, "min_child_weight": 4254.365944909858, "num_boost_round": 8.0, "subsample": 0.9204106472663041}, "datetime": {"datetime": "2024-01-20 14:32:05", "elapsed": 482.939115, "delta": 0.001075}}
{"target": -15.170102670623361, "params": {"colsample_bytree": 0.11554052765468874, "eta": 0.017992155892750345, "gamma": 616.8319554852199, "max_depth": 4.0, "min_child_weight": 4254.365944909858, "num_boost_round": 9.0, "subsample": 0.9204106472663041}, "datetime": {"datetime": "2024-01-20 14:32:05", "elapsed": 482.940097, "delta": 0.000982}}
{"target": -15.169644611400937, "params": {"colsample_bytree": 0.11554052765468874, "eta": 0.017992155892750345, "gamma": 616.8319554852199, "max_depth": 4.0, "min_child_weight": 4254.365944909858, "num_boost_round": 10.0, "subsample": 0.9204106472663041}, "datetime": {"datetime": "2024-01-20 14:32:05", "elapsed": 482.941061, "delta": 0.000964}}
{"target": -15.169642403895432, "params": {"colsample_bytree": 0.11554052765468874, "eta": 0.017992155892750345, "gamma": 616.8319554852199, "max_depth": 4.0, "min_child_weight": 4254.365944909858, "num_boost_round": 11.0, "subsample": 0.9204106472663041}, "datetime": {"datetime": "2024-01-20 14:32:05", "elapsed": 482.942119, "delta": 0.001058}}
{"target": -15.169561042640584, "params": {"colsample_bytree": 0.11554052765468874, "eta": 0.017992155892750345, "gamma": 616.8319554852199, "max_depth": 4.0, "min_child_weight": 4254.365944909858, "num_boost_round": 12.0, "subsample": 0.9204106472663041}, "datetime": {"datetime": "2024-01-20 14:32:05", "elapsed": 482.943175, "delta": 0.001056}}
{"target": -15.169635408057918, "params": {"colsample_bytree": 0.11554052765468874, "eta": 0.017992155892750345, "gamma": 616.8319554852199, "max_depth": 4.0, "min_child_weight": 4254.365944909858, "num_boost_round": 13.0, "subsample": 0.9204106472663041}, "datetime": {"datetime": "2024-01-20 14:32:05", "elapsed": 482.944148, "delta": 0.000973}}
{"target": -15.169556381544128, "params": {"colsample_bytree": 0.11554052765468874, "eta": 0.017992155892750345, "gamma": 616.8319554852199, "max_depth": 4.0, "min_child_weight": 4254.365944909858, "num_boost_round": 14.0, "subsample": 0.9204106472663041}, "datetime": {"datetime": "2024-01-20 14:32:05", "elapsed": 482.945132, "delta": 0.000984}}
{"target": -15.169518055477837, "params": {"colsample_bytree": 0.11554052765468874, "eta": 0.017992155892750345, "gamma": 616.8319554852199, "max_depth": 4.0, "min_child_weight": 4254.365944909858, "num_boost_round": 15.0, "subsample": 0.9204106472663041}, "datetime": {"datetime": "2024-01-20 14:32:05", "elapsed": 482.946107, "delta": 0.000975}}
{"target": -15.169074308000328, "params": {"colsample_bytree": 0.11554052765468874, "eta": 0.017992155892750345, "gamma": 616.8319554852199, "max_depth": 4.0, "min_child_weight": 4254.365944909858, "num_boost_round": 16.0, "subsample": 0.9204106472663041}, "datetime": {"datetime": "2024-01-20 14:32:05", "elapsed": 482.947611, "delta": 0.001504}}
{"target": -15.169067343692035, "params": {"colsample_bytree": 0.11554052765468874, "eta": 0.017992155892750345, "gamma": 616.8319554852199, "max_depth": 4.0, "min_child_weight": 4254.365944909858, "num_boost_round": 17.0, "subsample": 0.9204106472663041}, "datetime": {"datetime": "2024-01-20 14:32:05", "elapsed": 482.948604, "delta": 0.000993}}
{"target": -15.169096458522986, "params": {"colsample_bytree": 0.11554052765468874, "eta": 0.017992155892750345, "gamma": 616.8319554852199, "max_depth": 4.0, "min_child_weight": 4254.365944909858, "num_boost_round": 18.0, "subsample": 0.9204106472663041}, "datetime": {"datetime": "2024-01-20 14:32:05", "elapsed": 482.949602, "delta": 0.000998}}
{"target": -15.169132638809707, "params": {"colsample_bytree": 0.11554052765468874, "eta": 0.017992155892750345, "gamma": 616.8319554852199, "max_depth": 4.0, "min_child_weight": 4254.365944909858, "num_boost_round": 19.0, "subsample": 0.9204106472663041}, "datetime": {"datetime": "2024-01-20 14:32:05", "elapsed": 482.950597, "delta": 0.000995}}
{"target": -15.169125796240355, "params": {"colsample_bytree": 0.11554052765468874, "eta": 0.017992155892750345, "gamma": 616.8319554852199, "max_depth": 4.0, "min_child_weight": 4254.365944909858, "num_boost_round": 20.0, "subsample": 0.9204106472663041}, "datetime": {"datetime": "2024-01-20 14:32:05", "elapsed": 482.95172, "delta": 0.001123}}
{"target": -15.16871013356077, "params": {"colsample_bytree": 0.11554052765468874, "eta": 0.017992155892750345, "gamma": 616.8319554852199, "max_depth": 4.0, "min_child_weight": 4254.365944909858, "num_boost_round": 21.0, "subsample": 0.9204106472663041}, "datetime": {"datetime": "2024-01-20 14:32:05", "elapsed": 482.952723, "delta": 0.001003}}
{"target": -15.168699374708734, "params": {"colsample_bytree": 0.11554052765468874, "eta": 0.017992155892750345, "gamma": 616.8319554852199, "max_depth": 4.0, "min_child_weight": 4254.365944909858, "num_boost_round": 22.0, "subsample": 0.9204106472663041}, "datetime": {"datetime": "2024-01-20 14:32:05", "elapsed": 482.953716, "delta": 0.000993}}
{"target": -15.168745792575098, "params": {"colsample_bytree": 0.11554052765468874, "eta": 0.017992155892750345, "gamma": 616.8319554852199, "max_depth": 4.0, "min_child_weight": 4254.365944909858, "num_boost_round": 23.0, "subsample": 0.9204106472663041}, "datetime": {"datetime": "2024-01-20 14:32:05", "elapsed": 482.954704, "delta": 0.000988}}
{"target": -15.168790330236089, "params": {"colsample_bytree": 0.11554052765468874, "eta": 0.017992155892750345, "gamma": 616.8319554852199, "max_depth": 4.0, "min_child_weight": 4254.365944909858, "num_boost_round": 24.0, "subsample": 0.9204106472663041}, "datetime": {"datetime": "2024-01-20 14:32:05", "elapsed": 482.955688, "delta": 0.000984}}
{"target": -15.16880057125257, "params": {"colsample_bytree": 0.11554052765468874, "eta": 0.017992155892750345, "gamma": 616.8319554852199, "max_depth": 4.0, "min_child_weight": 4254.365944909858, "num_boost_round": 25.0, "subsample": 0.9204106472663041}, "datetime": {"datetime": "2024-01-20 14:32:05", "elapsed": 482.956681, "delta": 0.000993}}
{"target": -15.171938078771955, "params": {"colsample_bytree": 0.4868563681142586, "eta": 0.03521988429049058, "gamma": 484.9174190721667, "max_depth": 9.0, "min_child_weight": 4374.501388450489, "num_boost_round": 1.0, "subsample": 0.6616909898634091}, "datetime": {"datetime": "2024-01-20 14:32:41", "elapsed": 519.393979, "delta": 36.437298}}
{"target": -15.17083390239435, "params": {"colsample_bytree": 0.4868563681142586, "eta": 0.03521988429049058, "gamma": 484.9174190721667, "max_depth": 9.0, "min_child_weight": 4374.501388450489, "num_boost_round": 2.0, "subsample": 0.6616909898634091}, "datetime": {"datetime": "2024-01-20 14:32:41", "elapsed": 519.396443, "delta": 0.002464}}
{"target": -15.16938165387879, "params": {"colsample_bytree": 0.4868563681142586, "eta": 0.03521988429049058, "gamma": 484.9174190721667, "max_depth": 9.0, "min_child_weight": 4374.501388450489, "num_boost_round": 3.0, "subsample": 0.6616909898634091}, "datetime": {"datetime": "2024-01-20 14:32:41", "elapsed": 519.397609, "delta": 0.001166}}
{"target": -15.169211226603277, "params": {"colsample_bytree": 0.4868563681142586, "eta": 0.03521988429049058, "gamma": 484.9174190721667, "max_depth": 9.0, "min_child_weight": 4374.501388450489, "num_boost_round": 4.0, "subsample": 0.6616909898634091}, "datetime": {"datetime": "2024-01-20 14:32:41", "elapsed": 519.398607, "delta": 0.000998}}
{"target": -15.167311558156022, "params": {"colsample_bytree": 0.4868563681142586, "eta": 0.03521988429049058, "gamma": 484.9174190721667, "max_depth": 9.0, "min_child_weight": 4374.501388450489, "num_boost_round": 5.0, "subsample": 0.6616909898634091}, "datetime": {"datetime": "2024-01-20 14:32:41", "elapsed": 519.399696, "delta": 0.001089}}
{"target": -15.166111095757557, "params": {"colsample_bytree": 0.4868563681142586, "eta": 0.03521988429049058, "gamma": 484.9174190721667, "max_depth": 9.0, "min_child_weight": 4374.501388450489, "num_boost_round": 6.0, "subsample": 0.6616909898634091}, "datetime": {"datetime": "2024-01-20 14:32:41", "elapsed": 519.401265, "delta": 0.001569}}
{"target": -15.164819601722677, "params": {"colsample_bytree": 0.4868563681142586, "eta": 0.03521988429049058, "gamma": 484.9174190721667, "max_depth": 9.0, "min_child_weight": 4374.501388450489, "num_boost_round": 7.0, "subsample": 0.6616909898634091}, "datetime": {"datetime": "2024-01-20 14:32:41", "elapsed": 519.402381, "delta": 0.001116}}
{"target": -15.163872220659101, "params": {"colsample_bytree": 0.4868563681142586, "eta": 0.03521988429049058, "gamma": 484.9174190721667, "max_depth": 9.0, "min_child_weight": 4374.501388450489, "num_boost_round": 8.0, "subsample": 0.6616909898634091}, "datetime": {"datetime": "2024-01-20 14:32:41", "elapsed": 519.403378, "delta": 0.000997}}
{"target": -15.163233828404861, "params": {"colsample_bytree": 0.4868563681142586, "eta": 0.03521988429049058, "gamma": 484.9174190721667, "max_depth": 9.0, "min_child_weight": 4374.501388450489, "num_boost_round": 9.0, "subsample": 0.6616909898634091}, "datetime": {"datetime": "2024-01-20 14:32:41", "elapsed": 519.404403, "delta": 0.001025}}
{"target": -15.162309420196431, "params": {"colsample_bytree": 0.4868563681142586, "eta": 0.03521988429049058, "gamma": 484.9174190721667, "max_depth": 9.0, "min_child_weight": 4374.501388450489, "num_boost_round": 10.0, "subsample": 0.6616909898634091}, "datetime": {"datetime": "2024-01-20 14:32:41", "elapsed": 519.405405, "delta": 0.001002}}
{"target": -15.162193621397229, "params": {"colsample_bytree": 0.4868563681142586, "eta": 0.03521988429049058, "gamma": 484.9174190721667, "max_depth": 9.0, "min_child_weight": 4374.501388450489, "num_boost_round": 11.0, "subsample": 0.6616909898634091}, "datetime": {"datetime": "2024-01-20 14:32:41", "elapsed": 519.406399, "delta": 0.000994}}
{"target": -15.1609281795884, "params": {"colsample_bytree": 0.4868563681142586, "eta": 0.03521988429049058, "gamma": 484.9174190721667, "max_depth": 9.0, "min_child_weight": 4374.501388450489, "num_boost_round": 12.0, "subsample": 0.6616909898634091}, "datetime": {"datetime": "2024-01-20 14:32:41", "elapsed": 519.40739, "delta": 0.000991}}
{"target": -15.160765631517862, "params": {"colsample_bytree": 0.4868563681142586, "eta": 0.03521988429049058, "gamma": 484.9174190721667, "max_depth": 9.0, "min_child_weight": 4374.501388450489, "num_boost_round": 13.0, "subsample": 0.6616909898634091}, "datetime": {"datetime": "2024-01-20 14:32:41", "elapsed": 519.408387, "delta": 0.000997}}
{"target": -15.159967399926945, "params": {"colsample_bytree": 0.4868563681142586, "eta": 0.03521988429049058, "gamma": 484.9174190721667, "max_depth": 9.0, "min_child_weight": 4374.501388450489, "num_boost_round": 14.0, "subsample": 0.6616909898634091}, "datetime": {"datetime": "2024-01-20 14:32:41", "elapsed": 519.409384, "delta": 0.000997}}
{"target": -15.159303111496639, "params": {"colsample_bytree": 0.4868563681142586, "eta": 0.03521988429049058, "gamma": 484.9174190721667, "max_depth": 9.0, "min_child_weight": 4374.501388450489, "num_boost_round": 15.0, "subsample": 0.6616909898634091}, "datetime": {"datetime": "2024-01-20 14:32:41", "elapsed": 519.41051, "delta": 0.001126}}
{"target": -15.159624894445633, "params": {"colsample_bytree": 0.4868563681142586, "eta": 0.03521988429049058, "gamma": 484.9174190721667, "max_depth": 9.0, "min_child_weight": 4374.501388450489, "num_boost_round": 16.0, "subsample": 0.6616909898634091}, "datetime": {"datetime": "2024-01-20 14:32:41", "elapsed": 519.411517, "delta": 0.001007}}
{"target": -15.159246728652423, "params": {"colsample_bytree": 0.4868563681142586, "eta": 0.03521988429049058, "gamma": 484.9174190721667, "max_depth": 9.0, "min_child_weight": 4374.501388450489, "num_boost_round": 17.0, "subsample": 0.6616909898634091}, "datetime": {"datetime": "2024-01-20 14:32:41", "elapsed": 519.412528, "delta": 0.001011}}
{"target": -15.15889989590419, "params": {"colsample_bytree": 0.4868563681142586, "eta": 0.03521988429049058, "gamma": 484.9174190721667, "max_depth": 9.0, "min_child_weight": 4374.501388450489, "num_boost_round": 18.0, "subsample": 0.6616909898634091}, "datetime": {"datetime": "2024-01-20 14:32:41", "elapsed": 519.413542, "delta": 0.001014}}
