{"target": -19.15518936694868, "params": {"colsample_bytree": 0.6334589176339225, "eta": 0.049281704367725984, "gamma": 21.02947401578259, "max_depth": 4.0, "min_child_weight": 3875.9871702583614, "num_boost_round": 41.0, "subsample": 0.8996967622821865}, "datetime": {"datetime": "2024-01-20 16:14:53", "elapsed": 6661.102492, "delta": 0.004688}}
{"target": -19.15542630090902, "params": {"colsample_bytree": 0.6334589176339225, "eta": 0.049281704367725984, "gamma": 21.02947401578259, "max_depth": 4.0, "min_child_weight": 3875.9871702583614, "num_boost_round": 42.0, "subsample": 0.8996967622821865}, "datetime": {"datetime": "2024-01-20 16:14:53", "elapsed": 6661.107987, "delta": 0.005495}}
{"target": -19.155858756134517, "params": {"colsample_bytree": 0.6334589176339225, "eta": 0.049281704367725984, "gamma": 21.02947401578259, "max_depth": 4.0, "min_child_weight": 3875.9871702583614, "num_boost_round": 43.0, "subsample": 0.8996967622821865}, "datetime": {"datetime": "2024-01-20 16:14:53", "elapsed": 6661.112903, "delta": 0.004916}}
{"target": -19.15628056236831, "params": {"colsample_bytree": 0.6334589176339225, "eta": 0.049281704367725984, "gamma": 21.02947401578259, "max_depth": 4.0, "min_child_weight": 3875.9871702583614, "num_boost_round": 44.0, "subsample": 0.8996967622821865}, "datetime": {"datetime": "2024-01-20 16:14:53", "elapsed": 6661.117915, "delta": 0.005012}}
{"target": -19.156343726894494, "params": {"colsample_bytree": 0.6334589176339225, "eta": 0.049281704367725984, "gamma": 21.02947401578259, "max_depth": 4.0, "min_child_weight": 3875.9871702583614, "num_boost_round": 45.0, "subsample": 0.8996967622821865}, "datetime": {"datetime": "2024-01-20 16:14:53", "elapsed": 6661.122604, "delta": 0.004689}}
{"target": -19.156398555194905, "params": {"colsample_bytree": 0.6334589176339225, "eta": 0.049281704367725984, "gamma": 21.02947401578259, "max_depth": 4.0, "min_child_weight": 3875.9871702583614, "num_boost_round": 46.0, "subsample": 0.8996967622821865}, "datetime": {"datetime": "2024-01-20 16:14:53", "elapsed": 6661.127516, "delta": 0.004912}}
{"target": -19.156774404809074, "params": {"colsample_bytree": 0.6334589176339225, "eta": 0.049281704367725984, "gamma": 21.02947401578259, "max_depth": 4.0, "min_child_weight": 3875.9871702583614, "num_boost_round": 47.0, "subsample": 0.8996967622821865}, "datetime": {"datetime": "2024-01-20 16:14:53", "elapsed": 6661.132219, "delta": 0.004703}}
{"target": -19.156919308854036, "params": {"colsample_bytree": 0.6334589176339225, "eta": 0.049281704367725984, "gamma": 21.02947401578259, "max_depth": 4.0, "min_child_weight": 3875.9871702583614, "num_boost_round": 48.0, "subsample": 0.8996967622821865}, "datetime": {"datetime": "2024-01-20 16:14:53", "elapsed": 6661.136982, "delta": 0.004763}}
{"target": -19.157345438440668, "params": {"colsample_bytree": 0.6334589176339225, "eta": 0.049281704367725984, "gamma": 21.02947401578259, "max_depth": 4.0, "min_child_weight": 3875.9871702583614, "num_boost_round": 49.0, "subsample": 0.8996967622821865}, "datetime": {"datetime": "2024-01-20 16:14:53", "elapsed": 6661.141853, "delta": 0.004871}}
{"target": -19.157426031477574, "params": {"colsample_bytree": 0.6334589176339225, "eta": 0.049281704367725984, "gamma": 21.02947401578259, "max_depth": 4.0, "min_child_weight": 3875.9871702583614, "num_boost_round": 50.0, "subsample": 0.8996967622821865}, "datetime": {"datetime": "2024-01-20 16:14:53", "elapsed": 6661.14687, "delta": 0.005017}}
{"target": -19.157814675602367, "params": {"colsample_bytree": 0.6334589176339225, "eta": 0.049281704367725984, "gamma": 21.02947401578259, "max_depth": 4.0, "min_child_weight": 3875.9871702583614, "num_boost_round": 51.0, "subsample": 0.8996967622821865}, "datetime": {"datetime": "2024-01-20 16:14:53", "elapsed": 6661.15169, "delta": 0.00482}}
{"target": -19.15804365981998, "params": {"colsample_bytree": 0.6334589176339225, "eta": 0.049281704367725984, "gamma": 21.02947401578259, "max_depth": 4.0, "min_child_weight": 3875.9871702583614, "num_boost_round": 52.0, "subsample": 0.8996967622821865}, "datetime": {"datetime": "2024-01-20 16:14:53", "elapsed": 6661.156486, "delta": 0.004796}}
{"target": -19.158575429937393, "params": {"colsample_bytree": 0.6334589176339225, "eta": 0.049281704367725984, "gamma": 21.02947401578259, "max_depth": 4.0, "min_child_weight": 3875.9871702583614, "num_boost_round": 53.0, "subsample": 0.8996967622821865}, "datetime": {"datetime": "2024-01-20 16:14:53", "elapsed": 6661.161266, "delta": 0.00478}}
{"target": -19.15866218554869, "params": {"colsample_bytree": 0.6334589176339225, "eta": 0.049281704367725984, "gamma": 21.02947401578259, "max_depth": 4.0, "min_child_weight": 3875.9871702583614, "num_boost_round": 54.0, "subsample": 0.8996967622821865}, "datetime": {"datetime": "2024-01-20 16:14:53", "elapsed": 6661.166018, "delta": 0.004752}}
{"target": -19.15897663469559, "params": {"colsample_bytree": 0.6334589176339225, "eta": 0.049281704367725984, "gamma": 21.02947401578259, "max_depth": 4.0, "min_child_weight": 3875.9871702583614, "num_boost_round": 55.0, "subsample": 0.8996967622821865}, "datetime": {"datetime": "2024-01-20 16:14:53", "elapsed": 6661.170829, "delta": 0.004811}}
{"target": -19.158848785967034, "params": {"colsample_bytree": 0.6334589176339225, "eta": 0.049281704367725984, "gamma": 21.02947401578259, "max_depth": 4.0, "min_child_weight": 3875.9871702583614, "num_boost_round": 56.0, "subsample": 0.8996967622821865}, "datetime": {"datetime": "2024-01-20 16:14:53", "elapsed": 6661.175803, "delta": 0.004974}}
{"target": -19.158745129299064, "params": {"colsample_bytree": 0.6334589176339225, "eta": 0.049281704367725984, "gamma": 21.02947401578259, "max_depth": 4.0, "min_child_weight": 3875.9871702583614, "num_boost_round": 57.0, "subsample": 0.8996967622821865}, "datetime": {"datetime": "2024-01-20 16:14:53", "elapsed": 6661.180509, "delta": 0.004706}}
{"target": -19.158949289353366, "params": {"colsample_bytree": 0.6334589176339225, "eta": 0.049281704367725984, "gamma": 21.02947401578259, "max_depth": 4.0, "min_child_weight": 3875.9871702583614, "num_boost_round": 58.0, "subsample": 0.8996967622821865}, "datetime": {"datetime": "2024-01-20 16:14:53", "elapsed": 6661.185372, "delta": 0.004863}}
{"target": -19.159211049815386, "params": {"colsample_bytree": 0.6334589176339225, "eta": 0.049281704367725984, "gamma": 21.02947401578259, "max_depth": 4.0, "min_child_weight": 3875.9871702583614, "num_boost_round": 59.0, "subsample": 0.8996967622821865}, "datetime": {"datetime": "2024-01-20 16:14:53", "elapsed": 6661.190135, "delta": 0.004763}}
{"target": -19.159226049688492, "params": {"colsample_bytree": 0.6334589176339225, "eta": 0.049281704367725984, "gamma": 21.02947401578259, "max_depth": 4.0, "min_child_weight": 3875.9871702583614, "num_boost_round": 60.0, "subsample": 0.8996967622821865}, "datetime": {"datetime": "2024-01-20 16:14:53", "elapsed": 6661.195049, "delta": 0.004914}}
{"target": -19.15934148654134, "params": {"colsample_bytree": 0.6334589176339225, "eta": 0.049281704367725984, "gamma": 21.02947401578259, "max_depth": 4.0, "min_child_weight": 3875.9871702583614, "num_boost_round": 61.0, "subsample": 0.8996967622821865}, "datetime": {"datetime": "2024-01-20 16:14:53", "elapsed": 6661.199879, "delta": 0.00483}}
{"target": -19.159612637590932, "params": {"colsample_bytree": 0.6334589176339225, "eta": 0.049281704367725984, "gamma": 21.02947401578259, "max_depth": 4.0, "min_child_weight": 3875.9871702583614, "num_boost_round": 62.0, "subsample": 0.8996967622821865}, "datetime": {"datetime": "2024-01-20 16:14:53", "elapsed": 6661.204841, "delta": 0.004962}}
{"target": -19.159745363012693, "params": {"colsample_bytree": 0.6334589176339225, "eta": 0.049281704367725984, "gamma": 21.02947401578259, "max_depth": 4.0, "min_child_weight": 3875.9871702583614, "num_boost_round": 63.0, "subsample": 0.8996967622821865}, "datetime": {"datetime": "2024-01-20 16:14:53", "elapsed": 6661.20957, "delta": 0.004729}}
{"target": -19.160181523158748, "params": {"colsample_bytree": 0.6334589176339225, "eta": 0.049281704367725984, "gamma": 21.02947401578259, "max_depth": 4.0, "min_child_weight": 3875.9871702583614, "num_boost_round": 64.0, "subsample": 0.8996967622821865}, "datetime": {"datetime": "2024-01-20 16:14:53", "elapsed": 6661.214313, "delta": 0.004743}}
{"target": -19.16033454118156, "params": {"colsample_bytree": 0.6334589176339225, "eta": 0.049281704367725984, "gamma": 21.02947401578259, "max_depth": 4.0, "min_child_weight": 3875.9871702583614, "num_boost_round": 65.0, "subsample": 0.8996967622821865}, "datetime": {"datetime": "2024-01-20 16:14:53", "elapsed": 6661.219053, "delta": 0.00474}}
{"target": -19.160426986374794, "params": {"colsample_bytree": 0.6334589176339225, "eta": 0.049281704367725984, "gamma": 21.02947401578259, "max_depth": 4.0, "min_child_weight": 3875.9871702583614, "num_boost_round": 66.0, "subsample": 0.8996967622821865}, "datetime": {"datetime": "2024-01-20 16:14:53", "elapsed": 6661.223785, "delta": 0.004732}}
{"target": -19.160616401677895, "params": {"colsample_bytree": 0.6334589176339225, "eta": 0.049281704367725984, "gamma": 21.02947401578259, "max_depth": 4.0, "min_child_weight": 3875.9871702583614, "num_boost_round": 67.0, "subsample": 0.8996967622821865}, "datetime": {"datetime": "2024-01-20 16:14:53", "elapsed": 6661.228596, "delta": 0.004811}}
{"target": -19.161023812399414, "params": {"colsample_bytree": 0.6334589176339225, "eta": 0.049281704367725984, "gamma": 21.02947401578259, "max_depth": 4.0, "min_child_weight": 3875.9871702583614, "num_boost_round": 68.0, "subsample": 0.8996967622821865}, "datetime": {"datetime": "2024-01-20 16:14:53", "elapsed": 6661.234321, "delta": 0.005725}}
{"target": -19.16112384595841, "params": {"colsample_bytree": 0.6334589176339225, "eta": 0.049281704367725984, "gamma": 21.02947401578259, "max_depth": 4.0, "min_child_weight": 3875.9871702583614, "num_boost_round": 69.0, "subsample": 0.8996967622821865}, "datetime": {"datetime": "2024-01-20 16:14:53", "elapsed": 6661.239265, "delta": 0.004944}}
{"target": -19.161206969207562, "params": {"colsample_bytree": 0.6334589176339225, "eta": 0.049281704367725984, "gamma": 21.02947401578259, "max_depth": 4.0, "min_child_weight": 3875.9871702583614, "num_boost_round": 70.0, "subsample": 0.8996967622821865}, "datetime": {"datetime": "2024-01-20 16:14:53", "elapsed": 6661.24426, "delta": 0.004995}}
{"target": -19.16125731365109, "params": {"colsample_bytree": 0.6334589176339225, "eta": 0.049281704367725984, "gamma": 21.02947401578259, "max_depth": 4.0, "min_child_weight": 3875.9871702583614, "num_boost_round": 71.0, "subsample": 0.8996967622821865}, "datetime": {"datetime": "2024-01-20 16:14:53", "elapsed": 6661.248976, "delta": 0.004716}}
{"target": -19.161389980935624, "params": {"colsample_bytree": 0.6334589176339225, "eta": 0.049281704367725984, "gamma": 21.02947401578259, "max_depth": 4.0, "min_child_weight": 3875.9871702583614, "num_boost_round": 72.0, "subsample": 0.8996967622821865}, "datetime": {"datetime": "2024-01-20 16:14:53", "elapsed": 6661.253691, "delta": 0.004715}}
{"target": -19.161767162921315, "params": {"colsample_bytree": 0.6334589176339225, "eta": 0.049281704367725984, "gamma": 21.02947401578259, "max_depth": 4.0, "min_child_weight": 3875.9871702583614, "num_boost_round": 73.0, "subsample": 0.8996967622821865}, "datetime": {"datetime": "2024-01-20 16:14:53", "elapsed": 6661.258461, "delta": 0.00477}}
{"target": -19.162005896366658, "params": {"colsample_bytree": 0.6334589176339225, "eta": 0.049281704367725984, "gamma": 21.02947401578259, "max_depth": 4.0, "min_child_weight": 3875.9871702583614, "num_boost_round": 74.0, "subsample": 0.8996967622821865}, "datetime": {"datetime": "2024-01-20 16:14:53", "elapsed": 6661.263388, "delta": 0.004927}}
{"target": -19.162296867950037, "params": {"colsample_bytree": 0.6334589176339225, "eta": 0.049281704367725984, "gamma": 21.02947401578259, "max_depth": 4.0, "min_child_weight": 3875.9871702583614, "num_boost_round": 75.0, "subsample": 0.8996967622821865}, "datetime": {"datetime": "2024-01-20 16:14:53", "elapsed": 6661.268142, "delta": 0.004754}}
{"target": -19.162410558652347, "params": {"colsample_bytree": 0.6334589176339225, "eta": 0.049281704367725984, "gamma": 21.02947401578259, "max_depth": 4.0, "min_child_weight": 3875.9871702583614, "num_boost_round": 76.0, "subsample": 0.8996967622821865}, "datetime": {"datetime": "2024-01-20 16:14:53", "elapsed": 6661.272885, "delta": 0.004743}}
{"target": -19.16251160270157, "params": {"colsample_bytree": 0.6334589176339225, "eta": 0.049281704367725984, "gamma": 21.02947401578259, "max_depth": 4.0, "min_child_weight": 3875.9871702583614, "num_boost_round": 77.0, "subsample": 0.8996967622821865}, "datetime": {"datetime": "2024-01-20 16:14:53", "elapsed": 6661.277631, "delta": 0.004746}}
{"target": -19.16288532814133, "params": {"colsample_bytree": 0.6334589176339225, "eta": 0.049281704367725984, "gamma": 21.02947401578259, "max_depth": 4.0, "min_child_weight": 3875.9871702583614, "num_boost_round": 78.0, "subsample": 0.8996967622821865}, "datetime": {"datetime": "2024-01-20 16:14:53", "elapsed": 6661.282432, "delta": 0.004801}}
{"target": -19.16336054812949, "params": {"colsample_bytree": 0.6334589176339225, "eta": 0.049281704367725984, "gamma": 21.02947401578259, "max_depth": 4.0, "min_child_weight": 3875.9871702583614, "num_boost_round": 79.0, "subsample": 0.8996967622821865}, "datetime": {"datetime": "2024-01-20 16:14:53", "elapsed": 6661.287262, "delta": 0.00483}}
{"target": -19.163541621547278, "params": {"colsample_bytree": 0.6334589176339225, "eta": 0.049281704367725984, "gamma": 21.02947401578259, "max_depth": 4.0, "min_child_weight": 3875.9871702583614, "num_boost_round": 80.0, "subsample": 0.8996967622821865}, "datetime": {"datetime": "2024-01-20 16:14:53", "elapsed": 6661.292252, "delta": 0.00499}}
{"target": -19.163717640533456, "params": {"colsample_bytree": 0.6334589176339225, "eta": 0.049281704367725984, "gamma": 21.02947401578259, "max_depth": 4.0, "min_child_weight": 3875.9871702583614, "num_boost_round": 81.0, "subsample": 0.8996967622821865}, "datetime": {"datetime": "2024-01-20 16:14:53", "elapsed": 6661.297016, "delta": 0.004764}}
{"target": -19.163927926529635, "params": {"colsample_bytree": 0.6334589176339225, "eta": 0.049281704367725984, "gamma": 21.02947401578259, "max_depth": 4.0, "min_child_weight": 3875.9871702583614, "num_boost_round": 82.0, "subsample": 0.8996967622821865}, "datetime": {"datetime": "2024-01-20 16:14:53", "elapsed": 6661.301965, "delta": 0.004949}}
{"target": -19.1640638040666, "params": {"colsample_bytree": 0.6334589176339225, "eta": 0.049281704367725984, "gamma": 21.02947401578259, "max_depth": 4.0, "min_child_weight": 3875.9871702583614, "num_boost_round": 83.0, "subsample": 0.8996967622821865}, "datetime": {"datetime": "2024-01-20 16:14:53", "elapsed": 6661.306736, "delta": 0.004771}}
{"target": -19.164096994422966, "params": {"colsample_bytree": 0.6334589176339225, "eta": 0.049281704367725984, "gamma": 21.02947401578259, "max_depth": 4.0, "min_child_weight": 3875.9871702583614, "num_boost_round": 84.0, "subsample": 0.8996967622821865}, "datetime": {"datetime": "2024-01-20 16:14:53", "elapsed": 6661.311488, "delta": 0.004752}}
{"target": -19.164091022965756, "params": {"colsample_bytree": 0.6334589176339225, "eta": 0.049281704367725984, "gamma": 21.02947401578259, "max_depth": 4.0, "min_child_weight": 3875.9871702583614, "num_boost_round": 85.0, "subsample": 0.8996967622821865}, "datetime": {"datetime": "2024-01-20 16:14:53", "elapsed": 6661.31629, "delta": 0.004802}}
{"target": -19.164102395154345, "params": {"colsample_bytree": 0.6334589176339225, "eta": 0.049281704367725984, "gamma": 21.02947401578259, "max_depth": 4.0, "min_child_weight": 3875.9871702583614, "num_boost_round": 86.0, "subsample": 0.8996967622821865}, "datetime": {"datetime": "2024-01-20 16:14:53", "elapsed": 6661.321311, "delta": 0.005021}}
{"target": -19.164202788125877, "params": {"colsample_bytree": 0.6334589176339225, "eta": 0.049281704367725984, "gamma": 21.02947401578259, "max_depth": 4.0, "min_child_weight": 3875.9871702583614, "num_boost_round": 87.0, "subsample": 0.8996967622821865}, "datetime": {"datetime": "2024-01-20 16:14:53", "elapsed": 6661.326058, "delta": 0.004747}}
{"target": -19.164598671880782, "params": {"colsample_bytree": 0.6334589176339225, "eta": 0.049281704367725984, "gamma": 21.02947401578259, "max_depth": 4.0, "min_child_weight": 3875.9871702583614, "num_boost_round": 88.0, "subsample": 0.8996967622821865}, "datetime": {"datetime": "2024-01-20 16:14:53", "elapsed": 6661.330828, "delta": 0.00477}}
{"target": -19.164666754952318, "params": {"colsample_bytree": 0.6334589176339225, "eta": 0.049281704367725984, "gamma": 21.02947401578259, "max_depth": 4.0, "min_child_weight": 3875.9871702583614, "num_boost_round": 89.0, "subsample": 0.8996967622821865}, "datetime": {"datetime": "2024-01-20 16:14:53", "elapsed": 6661.335612, "delta": 0.004784}}
{"target": -19.14366994255284, "params": {"colsample_bytree": 0.6486033967234259, "eta": 0.049899912795536315, "gamma": 109.02150622964845, "max_depth": 9.0, "min_child_weight": 4529.436423411134, "num_boost_round": 1.0, "subsample": 0.6003840653200302}, "datetime": {"datetime": "2024-01-20 16:16:18", "elapsed": 6746.928012, "delta": 85.5924}}
{"target": -19.143575605904942, "params": {"colsample_bytree": 0.6486033967234259, "eta": 0.049899912795536315, "gamma": 109.02150622964845, "max_depth": 9.0, "min_child_weight": 4529.436423411134, "num_boost_round": 2.0, "subsample": 0.6003840653200302}, "datetime": {"datetime": "2024-01-20 16:16:18", "elapsed": 6746.933553, "delta": 0.005541}}
{"target": -19.14384913680297, "params": {"colsample_bytree": 0.6486033967234259, "eta": 0.049899912795536315, "gamma": 109.02150622964845, "max_depth": 9.0, "min_child_weight": 4529.436423411134, "num_boost_round": 3.0, "subsample": 0.6003840653200302}, "datetime": {"datetime": "2024-01-20 16:16:18", "elapsed": 6746.938334, "delta": 0.004781}}
{"target": -19.143893604846962, "params": {"colsample_bytree": 0.6486033967234259, "eta": 0.049899912795536315, "gamma": 109.02150622964845, "max_depth": 9.0, "min_child_weight": 4529.436423411134, "num_boost_round": 4.0, "subsample": 0.6003840653200302}, "datetime": {"datetime": "2024-01-20 16:16:19", "elapsed": 6746.960149, "delta": 0.021815}}
{"target": -19.144244585623667, "params": {"colsample_bytree": 0.6486033967234259, "eta": 0.049899912795536315, "gamma": 109.02150622964845, "max_depth": 9.0, "min_child_weight": 4529.436423411134, "num_boost_round": 5.0, "subsample": 0.6003840653200302}, "datetime": {"datetime": "2024-01-20 16:16:19", "elapsed": 6746.965191, "delta": 0.005042}}
{"target": -19.14398674354485, "params": {"colsample_bytree": 0.6486033967234259, "eta": 0.049899912795536315, "gamma": 109.02150622964845, "max_depth": 9.0, "min_child_weight": 4529.436423411134, "num_boost_round": 6.0, "subsample": 0.6003840653200302}, "datetime": {"datetime": "2024-01-20 16:16:19", "elapsed": 6746.970379, "delta": 0.005188}}
{"target": -19.14420726452486, "params": {"colsample_bytree": 0.6486033967234259, "eta": 0.049899912795536315, "gamma": 109.02150622964845, "max_depth": 9.0, "min_child_weight": 4529.436423411134, "num_boost_round": 7.0, "subsample": 0.6003840653200302}, "datetime": {"datetime": "2024-01-20 16:16:19", "elapsed": 6746.975202, "delta": 0.004823}}
{"target": -19.144596983222158, "params": {"colsample_bytree": 0.6486033967234259, "eta": 0.049899912795536315, "gamma": 109.02150622964845, "max_depth": 9.0, "min_child_weight": 4529.436423411134, "num_boost_round": 8.0, "subsample": 0.6003840653200302}, "datetime": {"datetime": "2024-01-20 16:16:19", "elapsed": 6746.979937, "delta": 0.004735}}
{"target": -19.144767983739943, "params": {"colsample_bytree": 0.6486033967234259, "eta": 0.049899912795536315, "gamma": 109.02150622964845, "max_depth": 9.0, "min_child_weight": 4529.436423411134, "num_boost_round": 9.0, "subsample": 0.6003840653200302}, "datetime": {"datetime": "2024-01-20 16:16:19", "elapsed": 6746.984748, "delta": 0.004811}}
{"target": -19.145317808456912, "params": {"colsample_bytree": 0.6486033967234259, "eta": 0.049899912795536315, "gamma": 109.02150622964845, "max_depth": 9.0, "min_child_weight": 4529.436423411134, "num_boost_round": 10.0, "subsample": 0.6003840653200302}, "datetime": {"datetime": "2024-01-20 16:16:19", "elapsed": 6746.989468, "delta": 0.00472}}
{"target": -19.145600556796225, "params": {"colsample_bytree": 0.6486033967234259, "eta": 0.049899912795536315, "gamma": 109.02150622964845, "max_depth": 9.0, "min_child_weight": 4529.436423411134, "num_boost_round": 11.0, "subsample": 0.6003840653200302}, "datetime": {"datetime": "2024-01-20 16:16:19", "elapsed": 6746.994265, "delta": 0.004797}}
{"target": -19.145696824405793, "params": {"colsample_bytree": 0.6486033967234259, "eta": 0.049899912795536315, "gamma": 109.02150622964845, "max_depth": 9.0, "min_child_weight": 4529.436423411134, "num_boost_round": 12.0, "subsample": 0.6003840653200302}, "datetime": {"datetime": "2024-01-20 16:16:19", "elapsed": 6746.999211, "delta": 0.004946}}
{"target": -19.146256464459885, "params": {"colsample_bytree": 0.6486033967234259, "eta": 0.049899912795536315, "gamma": 109.02150622964845, "max_depth": 9.0, "min_child_weight": 4529.436423411134, "num_boost_round": 13.0, "subsample": 0.6003840653200302}, "datetime": {"datetime": "2024-01-20 16:16:19", "elapsed": 6747.003965, "delta": 0.004754}}
{"target": -19.147347088001162, "params": {"colsample_bytree": 0.6486033967234259, "eta": 0.049899912795536315, "gamma": 109.02150622964845, "max_depth": 9.0, "min_child_weight": 4529.436423411134, "num_boost_round": 14.0, "subsample": 0.6003840653200302}, "datetime": {"datetime": "2024-01-20 16:16:19", "elapsed": 6747.008796, "delta": 0.004831}}
