{"target": -10.47845378696094, "params": {"colsample_bytree": 0.760733570541701, "eta": 0.06681947111839075, "gamma": 931.3924933290649, "max_depth": 3.0, "min_child_weight": 4682.752754127649, "num_boost_round": 19.0, "subsample": 0.9653256492595118}, "datetime": {"datetime": "2024-01-20 13:55:47", "elapsed": 1839.818702, "delta": 0.002317}}
{"target": -10.478898960337027, "params": {"colsample_bytree": 0.760733570541701, "eta": 0.06681947111839075, "gamma": 931.3924933290649, "max_depth": 3.0, "min_child_weight": 4682.752754127649, "num_boost_round": 20.0, "subsample": 0.9653256492595118}, "datetime": {"datetime": "2024-01-20 13:55:47", "elapsed": 1839.820918, "delta": 0.002216}}
{"target": -10.478993517201586, "params": {"colsample_bytree": 0.760733570541701, "eta": 0.06681947111839075, "gamma": 931.3924933290649, "max_depth": 3.0, "min_child_weight": 4682.752754127649, "num_boost_round": 21.0, "subsample": 0.9653256492595118}, "datetime": {"datetime": "2024-01-20 13:55:47", "elapsed": 1839.823148, "delta": 0.00223}}
{"target": -10.479333207697797, "params": {"colsample_bytree": 0.760733570541701, "eta": 0.06681947111839075, "gamma": 931.3924933290649, "max_depth": 3.0, "min_child_weight": 4682.752754127649, "num_boost_round": 22.0, "subsample": 0.9653256492595118}, "datetime": {"datetime": "2024-01-20 13:55:47", "elapsed": 1839.82537, "delta": 0.002222}}
{"target": -10.479111428699014, "params": {"colsample_bytree": 0.760733570541701, "eta": 0.06681947111839075, "gamma": 931.3924933290649, "max_depth": 3.0, "min_child_weight": 4682.752754127649, "num_boost_round": 23.0, "subsample": 0.9653256492595118}, "datetime": {"datetime": "2024-01-20 13:55:47", "elapsed": 1839.827579, "delta": 0.002209}}
{"target": -10.479361239626025, "params": {"colsample_bytree": 0.760733570541701, "eta": 0.06681947111839075, "gamma": 931.3924933290649, "max_depth": 3.0, "min_child_weight": 4682.752754127649, "num_boost_round": 24.0, "subsample": 0.9653256492595118}, "datetime": {"datetime": "2024-01-20 13:55:47", "elapsed": 1839.829889, "delta": 0.00231}}
{"target": -10.479557548418047, "params": {"colsample_bytree": 0.760733570541701, "eta": 0.06681947111839075, "gamma": 931.3924933290649, "max_depth": 3.0, "min_child_weight": 4682.752754127649, "num_boost_round": 25.0, "subsample": 0.9653256492595118}, "datetime": {"datetime": "2024-01-20 13:55:47", "elapsed": 1839.832142, "delta": 0.002253}}
{"target": -10.479812466771115, "params": {"colsample_bytree": 0.760733570541701, "eta": 0.06681947111839075, "gamma": 931.3924933290649, "max_depth": 3.0, "min_child_weight": 4682.752754127649, "num_boost_round": 26.0, "subsample": 0.9653256492595118}, "datetime": {"datetime": "2024-01-20 13:55:47", "elapsed": 1839.83444, "delta": 0.002298}}
{"target": -10.479794166562236, "params": {"colsample_bytree": 0.760733570541701, "eta": 0.06681947111839075, "gamma": 931.3924933290649, "max_depth": 3.0, "min_child_weight": 4682.752754127649, "num_boost_round": 27.0, "subsample": 0.9653256492595118}, "datetime": {"datetime": "2024-01-20 13:55:47", "elapsed": 1839.836693, "delta": 0.002253}}
{"target": -10.479669916513867, "params": {"colsample_bytree": 0.760733570541701, "eta": 0.06681947111839075, "gamma": 931.3924933290649, "max_depth": 3.0, "min_child_weight": 4682.752754127649, "num_boost_round": 28.0, "subsample": 0.9653256492595118}, "datetime": {"datetime": "2024-01-20 13:55:47", "elapsed": 1839.839034, "delta": 0.002341}}
{"target": -10.479984458156007, "params": {"colsample_bytree": 0.760733570541701, "eta": 0.06681947111839075, "gamma": 931.3924933290649, "max_depth": 3.0, "min_child_weight": 4682.752754127649, "num_boost_round": 29.0, "subsample": 0.9653256492595118}, "datetime": {"datetime": "2024-01-20 13:55:47", "elapsed": 1839.841266, "delta": 0.002232}}
{"target": -10.479954139489582, "params": {"colsample_bytree": 0.760733570541701, "eta": 0.06681947111839075, "gamma": 931.3924933290649, "max_depth": 3.0, "min_child_weight": 4682.752754127649, "num_boost_round": 30.0, "subsample": 0.9653256492595118}, "datetime": {"datetime": "2024-01-20 13:55:47", "elapsed": 1839.843517, "delta": 0.002251}}
{"target": -10.480043756110117, "params": {"colsample_bytree": 0.760733570541701, "eta": 0.06681947111839075, "gamma": 931.3924933290649, "max_depth": 3.0, "min_child_weight": 4682.752754127649, "num_boost_round": 31.0, "subsample": 0.9653256492595118}, "datetime": {"datetime": "2024-01-20 13:55:47", "elapsed": 1839.845768, "delta": 0.002251}}
{"target": -10.480591631638653, "params": {"colsample_bytree": 0.760733570541701, "eta": 0.06681947111839075, "gamma": 931.3924933290649, "max_depth": 3.0, "min_child_weight": 4682.752754127649, "num_boost_round": 32.0, "subsample": 0.9653256492595118}, "datetime": {"datetime": "2024-01-20 13:55:47", "elapsed": 1839.847989, "delta": 0.002221}}
{"target": -10.480446550257957, "params": {"colsample_bytree": 0.760733570541701, "eta": 0.06681947111839075, "gamma": 931.3924933290649, "max_depth": 3.0, "min_child_weight": 4682.752754127649, "num_boost_round": 33.0, "subsample": 0.9653256492595118}, "datetime": {"datetime": "2024-01-20 13:55:47", "elapsed": 1839.850272, "delta": 0.002283}}
{"target": -10.481128807076221, "params": {"colsample_bytree": 0.760733570541701, "eta": 0.06681947111839075, "gamma": 931.3924933290649, "max_depth": 3.0, "min_child_weight": 4682.752754127649, "num_boost_round": 34.0, "subsample": 0.9653256492595118}, "datetime": {"datetime": "2024-01-20 13:55:47", "elapsed": 1839.852508, "delta": 0.002236}}
{"target": -10.481280809892969, "params": {"colsample_bytree": 0.760733570541701, "eta": 0.06681947111839075, "gamma": 931.3924933290649, "max_depth": 3.0, "min_child_weight": 4682.752754127649, "num_boost_round": 35.0, "subsample": 0.9653256492595118}, "datetime": {"datetime": "2024-01-20 13:55:47", "elapsed": 1839.854752, "delta": 0.002244}}
{"target": -10.481362186530426, "params": {"colsample_bytree": 0.760733570541701, "eta": 0.06681947111839075, "gamma": 931.3924933290649, "max_depth": 3.0, "min_child_weight": 4682.752754127649, "num_boost_round": 36.0, "subsample": 0.9653256492595118}, "datetime": {"datetime": "2024-01-20 13:55:47", "elapsed": 1839.857047, "delta": 0.002295}}
{"target": -10.481835543788364, "params": {"colsample_bytree": 0.760733570541701, "eta": 0.06681947111839075, "gamma": 931.3924933290649, "max_depth": 3.0, "min_child_weight": 4682.752754127649, "num_boost_round": 37.0, "subsample": 0.9653256492595118}, "datetime": {"datetime": "2024-01-20 13:55:47", "elapsed": 1839.859401, "delta": 0.002354}}
{"target": -10.482379490038491, "params": {"colsample_bytree": 0.760733570541701, "eta": 0.06681947111839075, "gamma": 931.3924933290649, "max_depth": 3.0, "min_child_weight": 4682.752754127649, "num_boost_round": 38.0, "subsample": 0.9653256492595118}, "datetime": {"datetime": "2024-01-20 13:55:47", "elapsed": 1839.861722, "delta": 0.002321}}
{"target": -10.482573269850981, "params": {"colsample_bytree": 0.760733570541701, "eta": 0.06681947111839075, "gamma": 931.3924933290649, "max_depth": 3.0, "min_child_weight": 4682.752754127649, "num_boost_round": 39.0, "subsample": 0.9653256492595118}, "datetime": {"datetime": "2024-01-20 13:55:47", "elapsed": 1839.864069, "delta": 0.002347}}
{"target": -10.482906508860776, "params": {"colsample_bytree": 0.760733570541701, "eta": 0.06681947111839075, "gamma": 931.3924933290649, "max_depth": 3.0, "min_child_weight": 4682.752754127649, "num_boost_round": 40.0, "subsample": 0.9653256492595118}, "datetime": {"datetime": "2024-01-20 13:55:47", "elapsed": 1839.866413, "delta": 0.002344}}
{"target": -10.483261927314187, "params": {"colsample_bytree": 0.760733570541701, "eta": 0.06681947111839075, "gamma": 931.3924933290649, "max_depth": 3.0, "min_child_weight": 4682.752754127649, "num_boost_round": 41.0, "subsample": 0.9653256492595118}, "datetime": {"datetime": "2024-01-20 13:55:47", "elapsed": 1839.868724, "delta": 0.002311}}
{"target": -10.48341014686713, "params": {"colsample_bytree": 0.760733570541701, "eta": 0.06681947111839075, "gamma": 931.3924933290649, "max_depth": 3.0, "min_child_weight": 4682.752754127649, "num_boost_round": 42.0, "subsample": 0.9653256492595118}, "datetime": {"datetime": "2024-01-20 13:55:47", "elapsed": 1839.870968, "delta": 0.002244}}
{"target": -10.483626608392425, "params": {"colsample_bytree": 0.760733570541701, "eta": 0.06681947111839075, "gamma": 931.3924933290649, "max_depth": 3.0, "min_child_weight": 4682.752754127649, "num_boost_round": 43.0, "subsample": 0.9653256492595118}, "datetime": {"datetime": "2024-01-20 13:55:47", "elapsed": 1839.873225, "delta": 0.002257}}
{"target": -10.483666106470857, "params": {"colsample_bytree": 0.760733570541701, "eta": 0.06681947111839075, "gamma": 931.3924933290649, "max_depth": 3.0, "min_child_weight": 4682.752754127649, "num_boost_round": 44.0, "subsample": 0.9653256492595118}, "datetime": {"datetime": "2024-01-20 13:55:47", "elapsed": 1839.875467, "delta": 0.002242}}
{"target": -10.48373472149891, "params": {"colsample_bytree": 0.760733570541701, "eta": 0.06681947111839075, "gamma": 931.3924933290649, "max_depth": 3.0, "min_child_weight": 4682.752754127649, "num_boost_round": 45.0, "subsample": 0.9653256492595118}, "datetime": {"datetime": "2024-01-20 13:55:47", "elapsed": 1839.877854, "delta": 0.002387}}
{"target": -10.48405939926712, "params": {"colsample_bytree": 0.760733570541701, "eta": 0.06681947111839075, "gamma": 931.3924933290649, "max_depth": 3.0, "min_child_weight": 4682.752754127649, "num_boost_round": 46.0, "subsample": 0.9653256492595118}, "datetime": {"datetime": "2024-01-20 13:55:47", "elapsed": 1839.880089, "delta": 0.002235}}
{"target": -10.48421447309112, "params": {"colsample_bytree": 0.760733570541701, "eta": 0.06681947111839075, "gamma": 931.3924933290649, "max_depth": 3.0, "min_child_weight": 4682.752754127649, "num_boost_round": 47.0, "subsample": 0.9653256492595118}, "datetime": {"datetime": "2024-01-20 13:55:47", "elapsed": 1839.882331, "delta": 0.002242}}
{"target": -10.484221778743297, "params": {"colsample_bytree": 0.760733570541701, "eta": 0.06681947111839075, "gamma": 931.3924933290649, "max_depth": 3.0, "min_child_weight": 4682.752754127649, "num_boost_round": 48.0, "subsample": 0.9653256492595118}, "datetime": {"datetime": "2024-01-20 13:55:47", "elapsed": 1839.88459, "delta": 0.002259}}
{"target": -10.475949844833204, "params": {"colsample_bytree": 0.672767136704939, "eta": 0.018312425718814324, "gamma": 831.4419740668633, "max_depth": 4.0, "min_child_weight": 4680.435826664496, "num_boost_round": 1.0, "subsample": 0.9236604716965982}, "datetime": {"datetime": "2024-01-20 13:56:48", "elapsed": 1900.696695, "delta": 60.812105}}
{"target": -10.475787734213899, "params": {"colsample_bytree": 0.672767136704939, "eta": 0.018312425718814324, "gamma": 831.4419740668633, "max_depth": 4.0, "min_child_weight": 4680.435826664496, "num_boost_round": 2.0, "subsample": 0.9236604716965982}, "datetime": {"datetime": "2024-01-20 13:56:48", "elapsed": 1900.700321, "delta": 0.003626}}
{"target": -10.475731810972231, "params": {"colsample_bytree": 0.672767136704939, "eta": 0.018312425718814324, "gamma": 831.4419740668633, "max_depth": 4.0, "min_child_weight": 4680.435826664496, "num_boost_round": 3.0, "subsample": 0.9236604716965982}, "datetime": {"datetime": "2024-01-20 13:56:48", "elapsed": 1900.702594, "delta": 0.002273}}
{"target": -10.47549648339645, "params": {"colsample_bytree": 0.672767136704939, "eta": 0.018312425718814324, "gamma": 831.4419740668633, "max_depth": 4.0, "min_child_weight": 4680.435826664496, "num_boost_round": 4.0, "subsample": 0.9236604716965982}, "datetime": {"datetime": "2024-01-20 13:56:48", "elapsed": 1900.704907, "delta": 0.002313}}
{"target": -10.47527754129932, "params": {"colsample_bytree": 0.672767136704939, "eta": 0.018312425718814324, "gamma": 831.4419740668633, "max_depth": 4.0, "min_child_weight": 4680.435826664496, "num_boost_round": 5.0, "subsample": 0.9236604716965982}, "datetime": {"datetime": "2024-01-20 13:56:48", "elapsed": 1900.707196, "delta": 0.002289}}
{"target": -10.47518892433589, "params": {"colsample_bytree": 0.672767136704939, "eta": 0.018312425718814324, "gamma": 831.4419740668633, "max_depth": 4.0, "min_child_weight": 4680.435826664496, "num_boost_round": 6.0, "subsample": 0.9236604716965982}, "datetime": {"datetime": "2024-01-20 13:56:48", "elapsed": 1900.709623, "delta": 0.002427}}
{"target": -10.475186241562394, "params": {"colsample_bytree": 0.672767136704939, "eta": 0.018312425718814324, "gamma": 831.4419740668633, "max_depth": 4.0, "min_child_weight": 4680.435826664496, "num_boost_round": 7.0, "subsample": 0.9236604716965982}, "datetime": {"datetime": "2024-01-20 13:56:48", "elapsed": 1900.711963, "delta": 0.00234}}
{"target": -10.474940597341885, "params": {"colsample_bytree": 0.672767136704939, "eta": 0.018312425718814324, "gamma": 831.4419740668633, "max_depth": 4.0, "min_child_weight": 4680.435826664496, "num_boost_round": 8.0, "subsample": 0.9236604716965982}, "datetime": {"datetime": "2024-01-20 13:56:48", "elapsed": 1900.714271, "delta": 0.002308}}
{"target": -10.474902259917881, "params": {"colsample_bytree": 0.672767136704939, "eta": 0.018312425718814324, "gamma": 831.4419740668633, "max_depth": 4.0, "min_child_weight": 4680.435826664496, "num_boost_round": 9.0, "subsample": 0.9236604716965982}, "datetime": {"datetime": "2024-01-20 13:56:48", "elapsed": 1900.716549, "delta": 0.002278}}
{"target": -10.474723576028069, "params": {"colsample_bytree": 0.672767136704939, "eta": 0.018312425718814324, "gamma": 831.4419740668633, "max_depth": 4.0, "min_child_weight": 4680.435826664496, "num_boost_round": 10.0, "subsample": 0.9236604716965982}, "datetime": {"datetime": "2024-01-20 13:56:48", "elapsed": 1900.718944, "delta": 0.002395}}
{"target": -10.474579362914145, "params": {"colsample_bytree": 0.672767136704939, "eta": 0.018312425718814324, "gamma": 831.4419740668633, "max_depth": 4.0, "min_child_weight": 4680.435826664496, "num_boost_round": 11.0, "subsample": 0.9236604716965982}, "datetime": {"datetime": "2024-01-20 13:56:48", "elapsed": 1900.721247, "delta": 0.002303}}
{"target": -10.474598372618587, "params": {"colsample_bytree": 0.672767136704939, "eta": 0.018312425718814324, "gamma": 831.4419740668633, "max_depth": 4.0, "min_child_weight": 4680.435826664496, "num_boost_round": 12.0, "subsample": 0.9236604716965982}, "datetime": {"datetime": "2024-01-20 13:56:48", "elapsed": 1900.723509, "delta": 0.002262}}
{"target": -10.474534320153431, "params": {"colsample_bytree": 0.672767136704939, "eta": 0.018312425718814324, "gamma": 831.4419740668633, "max_depth": 4.0, "min_child_weight": 4680.435826664496, "num_boost_round": 13.0, "subsample": 0.9236604716965982}, "datetime": {"datetime": "2024-01-20 13:56:48", "elapsed": 1900.725753, "delta": 0.002244}}
{"target": -10.474428503544244, "params": {"colsample_bytree": 0.672767136704939, "eta": 0.018312425718814324, "gamma": 831.4419740668633, "max_depth": 4.0, "min_child_weight": 4680.435826664496, "num_boost_round": 14.0, "subsample": 0.9236604716965982}, "datetime": {"datetime": "2024-01-20 13:56:48", "elapsed": 1900.728056, "delta": 0.002303}}
{"target": -10.47443747368423, "params": {"colsample_bytree": 0.672767136704939, "eta": 0.018312425718814324, "gamma": 831.4419740668633, "max_depth": 4.0, "min_child_weight": 4680.435826664496, "num_boost_round": 15.0, "subsample": 0.9236604716965982}, "datetime": {"datetime": "2024-01-20 13:56:48", "elapsed": 1900.730387, "delta": 0.002331}}
{"target": -10.474337042516355, "params": {"colsample_bytree": 0.672767136704939, "eta": 0.018312425718814324, "gamma": 831.4419740668633, "max_depth": 4.0, "min_child_weight": 4680.435826664496, "num_boost_round": 16.0, "subsample": 0.9236604716965982}, "datetime": {"datetime": "2024-01-20 13:56:48", "elapsed": 1900.73265, "delta": 0.002263}}
{"target": -10.474298014893684, "params": {"colsample_bytree": 0.672767136704939, "eta": 0.018312425718814324, "gamma": 831.4419740668633, "max_depth": 4.0, "min_child_weight": 4680.435826664496, "num_boost_round": 17.0, "subsample": 0.9236604716965982}, "datetime": {"datetime": "2024-01-20 13:56:48", "elapsed": 1900.734962, "delta": 0.002312}}
{"target": -10.474184831083445, "params": {"colsample_bytree": 0.672767136704939, "eta": 0.018312425718814324, "gamma": 831.4419740668633, "max_depth": 4.0, "min_child_weight": 4680.435826664496, "num_boost_round": 18.0, "subsample": 0.9236604716965982}, "datetime": {"datetime": "2024-01-20 13:56:48", "elapsed": 1900.737327, "delta": 0.002365}}
{"target": -10.474111016606578, "params": {"colsample_bytree": 0.672767136704939, "eta": 0.018312425718814324, "gamma": 831.4419740668633, "max_depth": 4.0, "min_child_weight": 4680.435826664496, "num_boost_round": 19.0, "subsample": 0.9236604716965982}, "datetime": {"datetime": "2024-01-20 13:56:48", "elapsed": 1900.739652, "delta": 0.002325}}
{"target": -10.474049630502911, "params": {"colsample_bytree": 0.672767136704939, "eta": 0.018312425718814324, "gamma": 831.4419740668633, "max_depth": 4.0, "min_child_weight": 4680.435826664496, "num_boost_round": 20.0, "subsample": 0.9236604716965982}, "datetime": {"datetime": "2024-01-20 13:56:48", "elapsed": 1900.741956, "delta": 0.002304}}
{"target": -10.47400223439828, "params": {"colsample_bytree": 0.672767136704939, "eta": 0.018312425718814324, "gamma": 831.4419740668633, "max_depth": 4.0, "min_child_weight": 4680.435826664496, "num_boost_round": 21.0, "subsample": 0.9236604716965982}, "datetime": {"datetime": "2024-01-20 13:56:48", "elapsed": 1900.744232, "delta": 0.002276}}
{"target": -10.474012428076694, "params": {"colsample_bytree": 0.672767136704939, "eta": 0.018312425718814324, "gamma": 831.4419740668633, "max_depth": 4.0, "min_child_weight": 4680.435826664496, "num_boost_round": 22.0, "subsample": 0.9236604716965982}, "datetime": {"datetime": "2024-01-20 13:56:48", "elapsed": 1900.746515, "delta": 0.002283}}
{"target": -10.473926043061251, "params": {"colsample_bytree": 0.672767136704939, "eta": 0.018312425718814324, "gamma": 831.4419740668633, "max_depth": 4.0, "min_child_weight": 4680.435826664496, "num_boost_round": 23.0, "subsample": 0.9236604716965982}, "datetime": {"datetime": "2024-01-20 13:56:48", "elapsed": 1900.748836, "delta": 0.002321}}
{"target": -10.47388940140997, "params": {"colsample_bytree": 0.672767136704939, "eta": 0.018312425718814324, "gamma": 831.4419740668633, "max_depth": 4.0, "min_child_weight": 4680.435826664496, "num_boost_round": 24.0, "subsample": 0.9236604716965982}, "datetime": {"datetime": "2024-01-20 13:56:48", "elapsed": 1900.751151, "delta": 0.002315}}
{"target": -10.473903020917664, "params": {"colsample_bytree": 0.672767136704939, "eta": 0.018312425718814324, "gamma": 831.4419740668633, "max_depth": 4.0, "min_child_weight": 4680.435826664496, "num_boost_round": 25.0, "subsample": 0.9236604716965982}, "datetime": {"datetime": "2024-01-20 13:56:48", "elapsed": 1900.753437, "delta": 0.002286}}
{"target": -10.474060340611594, "params": {"colsample_bytree": 0.672767136704939, "eta": 0.018312425718814324, "gamma": 831.4419740668633, "max_depth": 4.0, "min_child_weight": 4680.435826664496, "num_boost_round": 26.0, "subsample": 0.9236604716965982}, "datetime": {"datetime": "2024-01-20 13:56:48", "elapsed": 1900.755759, "delta": 0.002322}}
{"target": -10.474164467197056, "params": {"colsample_bytree": 0.672767136704939, "eta": 0.018312425718814324, "gamma": 831.4419740668633, "max_depth": 4.0, "min_child_weight": 4680.435826664496, "num_boost_round": 27.0, "subsample": 0.9236604716965982}, "datetime": {"datetime": "2024-01-20 13:56:48", "elapsed": 1900.758179, "delta": 0.00242}}
{"target": -10.474216070424994, "params": {"colsample_bytree": 0.672767136704939, "eta": 0.018312425718814324, "gamma": 831.4419740668633, "max_depth": 4.0, "min_child_weight": 4680.435826664496, "num_boost_round": 28.0, "subsample": 0.9236604716965982}, "datetime": {"datetime": "2024-01-20 13:56:48", "elapsed": 1900.760601, "delta": 0.002422}}
{"target": -10.474159222340639, "params": {"colsample_bytree": 0.672767136704939, "eta": 0.018312425718814324, "gamma": 831.4419740668633, "max_depth": 4.0, "min_child_weight": 4680.435826664496, "num_boost_round": 29.0, "subsample": 0.9236604716965982}, "datetime": {"datetime": "2024-01-20 13:56:48", "elapsed": 1900.763025, "delta": 0.002424}}
{"target": -10.474228073906337, "params": {"colsample_bytree": 0.672767136704939, "eta": 0.018312425718814324, "gamma": 831.4419740668633, "max_depth": 4.0, "min_child_weight": 4680.435826664496, "num_boost_round": 30.0, "subsample": 0.9236604716965982}, "datetime": {"datetime": "2024-01-20 13:56:48", "elapsed": 1900.765729, "delta": 0.002704}}
{"target": -10.474264335222205, "params": {"colsample_bytree": 0.672767136704939, "eta": 0.018312425718814324, "gamma": 831.4419740668633, "max_depth": 4.0, "min_child_weight": 4680.435826664496, "num_boost_round": 31.0, "subsample": 0.9236604716965982}, "datetime": {"datetime": "2024-01-20 13:56:48", "elapsed": 1900.768392, "delta": 0.002663}}
{"target": -10.474297751820608, "params": {"colsample_bytree": 0.672767136704939, "eta": 0.018312425718814324, "gamma": 831.4419740668633, "max_depth": 4.0, "min_child_weight": 4680.435826664496, "num_boost_round": 32.0, "subsample": 0.9236604716965982}, "datetime": {"datetime": "2024-01-20 13:56:48", "elapsed": 1900.770726, "delta": 0.002334}}
{"target": -10.474296173368549, "params": {"colsample_bytree": 0.672767136704939, "eta": 0.018312425718814324, "gamma": 831.4419740668633, "max_depth": 4.0, "min_child_weight": 4680.435826664496, "num_boost_round": 33.0, "subsample": 0.9236604716965982}, "datetime": {"datetime": "2024-01-20 13:56:48", "elapsed": 1900.772999, "delta": 0.002273}}
