{"target": -13.39716398477523, "params": {"colsample_bytree": 0.3292876016400574, "eta": 0.017978759375753217, "gamma": 216.04305889771268, "max_depth": 8.0, "min_child_weight": 3693.5540796523505, "num_boost_round": 11.0, "subsample": 0.22806498060327024}, "datetime": {"datetime": "2024-01-20 15:03:02", "elapsed": 2316.739208, "delta": 0.002392}}
{"target": -13.397117490603838, "params": {"colsample_bytree": 0.3292876016400574, "eta": 0.017978759375753217, "gamma": 216.04305889771268, "max_depth": 8.0, "min_child_weight": 3693.5540796523505, "num_boost_round": 12.0, "subsample": 0.22806498060327024}, "datetime": {"datetime": "2024-01-20 15:03:02", "elapsed": 2316.741701, "delta": 0.002493}}
{"target": -13.397012323251039, "params": {"colsample_bytree": 0.3292876016400574, "eta": 0.017978759375753217, "gamma": 216.04305889771268, "max_depth": 8.0, "min_child_weight": 3693.5540796523505, "num_boost_round": 13.0, "subsample": 0.22806498060327024}, "datetime": {"datetime": "2024-01-20 15:03:02", "elapsed": 2316.744134, "delta": 0.002433}}
{"target": -13.396935263168055, "params": {"colsample_bytree": 0.3292876016400574, "eta": 0.017978759375753217, "gamma": 216.04305889771268, "max_depth": 8.0, "min_child_weight": 3693.5540796523505, "num_boost_round": 14.0, "subsample": 0.22806498060327024}, "datetime": {"datetime": "2024-01-20 15:03:02", "elapsed": 2316.746497, "delta": 0.002363}}
{"target": -13.396824404121684, "params": {"colsample_bytree": 0.6183172783624811, "eta": 0.08873971799514445, "gamma": 193.85582564467495, "max_depth": 5.0, "min_child_weight": 3644.062806257696, "num_boost_round": 1.0, "subsample": 0.18209865252198043}, "datetime": {"datetime": "2024-01-20 15:04:07", "elapsed": 2381.81854, "delta": 65.072043}}
{"target": -13.396647053965259, "params": {"colsample_bytree": 0.6183172783624811, "eta": 0.08873971799514445, "gamma": 193.85582564467495, "max_depth": 5.0, "min_child_weight": 3644.062806257696, "num_boost_round": 2.0, "subsample": 0.18209865252198043}, "datetime": {"datetime": "2024-01-20 15:04:07", "elapsed": 2381.822146, "delta": 0.003606}}
{"target": -13.396554848456507, "params": {"colsample_bytree": 0.6183172783624811, "eta": 0.08873971799514445, "gamma": 193.85582564467495, "max_depth": 5.0, "min_child_weight": 3644.062806257696, "num_boost_round": 3.0, "subsample": 0.18209865252198043}, "datetime": {"datetime": "2024-01-20 15:04:07", "elapsed": 2381.824601, "delta": 0.002455}}
{"target": -13.396551782428237, "params": {"colsample_bytree": 0.6183172783624811, "eta": 0.08873971799514445, "gamma": 193.85582564467495, "max_depth": 5.0, "min_child_weight": 3644.062806257696, "num_boost_round": 4.0, "subsample": 0.18209865252198043}, "datetime": {"datetime": "2024-01-20 15:04:07", "elapsed": 2381.8271, "delta": 0.002499}}
{"target": -13.396444433786233, "params": {"colsample_bytree": 0.6183172783624811, "eta": 0.08873971799514445, "gamma": 193.85582564467495, "max_depth": 5.0, "min_child_weight": 3644.062806257696, "num_boost_round": 5.0, "subsample": 0.18209865252198043}, "datetime": {"datetime": "2024-01-20 15:04:07", "elapsed": 2381.829605, "delta": 0.002505}}
{"target": -13.395884457875745, "params": {"colsample_bytree": 0.6183172783624811, "eta": 0.08873971799514445, "gamma": 193.85582564467495, "max_depth": 5.0, "min_child_weight": 3644.062806257696, "num_boost_round": 6.0, "subsample": 0.18209865252198043}, "datetime": {"datetime": "2024-01-20 15:04:07", "elapsed": 2381.832046, "delta": 0.002441}}
{"target": -13.395872365211407, "params": {"colsample_bytree": 0.6183172783624811, "eta": 0.08873971799514445, "gamma": 193.85582564467495, "max_depth": 5.0, "min_child_weight": 3644.062806257696, "num_boost_round": 7.0, "subsample": 0.18209865252198043}, "datetime": {"datetime": "2024-01-20 15:04:07", "elapsed": 2381.8345, "delta": 0.002454}}
{"target": -13.396199325384579, "params": {"colsample_bytree": 0.6183172783624811, "eta": 0.08873971799514445, "gamma": 193.85582564467495, "max_depth": 5.0, "min_child_weight": 3644.062806257696, "num_boost_round": 8.0, "subsample": 0.18209865252198043}, "datetime": {"datetime": "2024-01-20 15:04:07", "elapsed": 2381.836919, "delta": 0.002419}}
{"target": -13.397013445147035, "params": {"colsample_bytree": 0.6183172783624811, "eta": 0.08873971799514445, "gamma": 193.85582564467495, "max_depth": 5.0, "min_child_weight": 3644.062806257696, "num_boost_round": 9.0, "subsample": 0.18209865252198043}, "datetime": {"datetime": "2024-01-20 15:04:07", "elapsed": 2381.839285, "delta": 0.002366}}
{"target": -13.397047156022591, "params": {"colsample_bytree": 0.6183172783624811, "eta": 0.08873971799514445, "gamma": 193.85582564467495, "max_depth": 5.0, "min_child_weight": 3644.062806257696, "num_boost_round": 10.0, "subsample": 0.18209865252198043}, "datetime": {"datetime": "2024-01-20 15:04:07", "elapsed": 2381.84177, "delta": 0.002485}}
{"target": -13.397420792531808, "params": {"colsample_bytree": 0.6183172783624811, "eta": 0.08873971799514445, "gamma": 193.85582564467495, "max_depth": 5.0, "min_child_weight": 3644.062806257696, "num_boost_round": 11.0, "subsample": 0.18209865252198043}, "datetime": {"datetime": "2024-01-20 15:04:07", "elapsed": 2381.844113, "delta": 0.002343}}
{"target": -13.397685694337902, "params": {"colsample_bytree": 0.6183172783624811, "eta": 0.08873971799514445, "gamma": 193.85582564467495, "max_depth": 5.0, "min_child_weight": 3644.062806257696, "num_boost_round": 12.0, "subsample": 0.18209865252198043}, "datetime": {"datetime": "2024-01-20 15:04:07", "elapsed": 2381.846494, "delta": 0.002381}}
{"target": -13.397519252175321, "params": {"colsample_bytree": 0.6183172783624811, "eta": 0.08873971799514445, "gamma": 193.85582564467495, "max_depth": 5.0, "min_child_weight": 3644.062806257696, "num_boost_round": 13.0, "subsample": 0.18209865252198043}, "datetime": {"datetime": "2024-01-20 15:04:07", "elapsed": 2381.849094, "delta": 0.0026}}
{"target": -13.397813765754181, "params": {"colsample_bytree": 0.6183172783624811, "eta": 0.08873971799514445, "gamma": 193.85582564467495, "max_depth": 5.0, "min_child_weight": 3644.062806257696, "num_boost_round": 14.0, "subsample": 0.18209865252198043}, "datetime": {"datetime": "2024-01-20 15:04:07", "elapsed": 2381.851421, "delta": 0.002327}}
{"target": -13.398259697347715, "params": {"colsample_bytree": 0.6183172783624811, "eta": 0.08873971799514445, "gamma": 193.85582564467495, "max_depth": 5.0, "min_child_weight": 3644.062806257696, "num_boost_round": 15.0, "subsample": 0.18209865252198043}, "datetime": {"datetime": "2024-01-20 15:04:07", "elapsed": 2381.853751, "delta": 0.00233}}
{"target": -13.39834830945878, "params": {"colsample_bytree": 0.6183172783624811, "eta": 0.08873971799514445, "gamma": 193.85582564467495, "max_depth": 5.0, "min_child_weight": 3644.062806257696, "num_boost_round": 16.0, "subsample": 0.18209865252198043}, "datetime": {"datetime": "2024-01-20 15:04:07", "elapsed": 2381.856136, "delta": 0.002385}}
{"target": -13.39878258341209, "params": {"colsample_bytree": 0.6183172783624811, "eta": 0.08873971799514445, "gamma": 193.85582564467495, "max_depth": 5.0, "min_child_weight": 3644.062806257696, "num_boost_round": 17.0, "subsample": 0.18209865252198043}, "datetime": {"datetime": "2024-01-20 15:04:07", "elapsed": 2381.85856, "delta": 0.002424}}
{"target": -13.398863589558538, "params": {"colsample_bytree": 0.6183172783624811, "eta": 0.08873971799514445, "gamma": 193.85582564467495, "max_depth": 5.0, "min_child_weight": 3644.062806257696, "num_boost_round": 18.0, "subsample": 0.18209865252198043}, "datetime": {"datetime": "2024-01-20 15:04:07", "elapsed": 2381.861134, "delta": 0.002574}}
{"target": -13.399662221851836, "params": {"colsample_bytree": 0.6183172783624811, "eta": 0.08873971799514445, "gamma": 193.85582564467495, "max_depth": 5.0, "min_child_weight": 3644.062806257696, "num_boost_round": 19.0, "subsample": 0.18209865252198043}, "datetime": {"datetime": "2024-01-20 15:04:07", "elapsed": 2381.86351, "delta": 0.002376}}
{"target": -13.400048543893686, "params": {"colsample_bytree": 0.6183172783624811, "eta": 0.08873971799514445, "gamma": 193.85582564467495, "max_depth": 5.0, "min_child_weight": 3644.062806257696, "num_boost_round": 20.0, "subsample": 0.18209865252198043}, "datetime": {"datetime": "2024-01-20 15:04:07", "elapsed": 2381.865843, "delta": 0.002333}}
{"target": -13.40024280989016, "params": {"colsample_bytree": 0.6183172783624811, "eta": 0.08873971799514445, "gamma": 193.85582564467495, "max_depth": 5.0, "min_child_weight": 3644.062806257696, "num_boost_round": 21.0, "subsample": 0.18209865252198043}, "datetime": {"datetime": "2024-01-20 15:04:07", "elapsed": 2381.868435, "delta": 0.002592}}
{"target": -13.40054153588099, "params": {"colsample_bytree": 0.6183172783624811, "eta": 0.08873971799514445, "gamma": 193.85582564467495, "max_depth": 5.0, "min_child_weight": 3644.062806257696, "num_boost_round": 22.0, "subsample": 0.18209865252198043}, "datetime": {"datetime": "2024-01-20 15:04:07", "elapsed": 2381.870841, "delta": 0.002406}}
{"target": -13.401259954275666, "params": {"colsample_bytree": 0.6183172783624811, "eta": 0.08873971799514445, "gamma": 193.85582564467495, "max_depth": 5.0, "min_child_weight": 3644.062806257696, "num_boost_round": 23.0, "subsample": 0.18209865252198043}, "datetime": {"datetime": "2024-01-20 15:04:07", "elapsed": 2381.873235, "delta": 0.002394}}
{"target": -13.401545854904999, "params": {"colsample_bytree": 0.6183172783624811, "eta": 0.08873971799514445, "gamma": 193.85582564467495, "max_depth": 5.0, "min_child_weight": 3644.062806257696, "num_boost_round": 24.0, "subsample": 0.18209865252198043}, "datetime": {"datetime": "2024-01-20 15:04:07", "elapsed": 2381.875573, "delta": 0.002338}}
{"target": -13.402121227576416, "params": {"colsample_bytree": 0.6183172783624811, "eta": 0.08873971799514445, "gamma": 193.85582564467495, "max_depth": 5.0, "min_child_weight": 3644.062806257696, "num_boost_round": 25.0, "subsample": 0.18209865252198043}, "datetime": {"datetime": "2024-01-20 15:04:07", "elapsed": 2381.87808, "delta": 0.002507}}
{"target": -13.402345440717513, "params": {"colsample_bytree": 0.6183172783624811, "eta": 0.08873971799514445, "gamma": 193.85582564467495, "max_depth": 5.0, "min_child_weight": 3644.062806257696, "num_boost_round": 26.0, "subsample": 0.18209865252198043}, "datetime": {"datetime": "2024-01-20 15:04:07", "elapsed": 2381.880667, "delta": 0.002587}}
{"target": -13.402547391996976, "params": {"colsample_bytree": 0.6183172783624811, "eta": 0.08873971799514445, "gamma": 193.85582564467495, "max_depth": 5.0, "min_child_weight": 3644.062806257696, "num_boost_round": 27.0, "subsample": 0.18209865252198043}, "datetime": {"datetime": "2024-01-20 15:04:07", "elapsed": 2381.883024, "delta": 0.002357}}
{"target": -13.402839929825554, "params": {"colsample_bytree": 0.6183172783624811, "eta": 0.08873971799514445, "gamma": 193.85582564467495, "max_depth": 5.0, "min_child_weight": 3644.062806257696, "num_boost_round": 28.0, "subsample": 0.18209865252198043}, "datetime": {"datetime": "2024-01-20 15:04:07", "elapsed": 2381.885427, "delta": 0.002403}}
{"target": -13.403477530145725, "params": {"colsample_bytree": 0.6183172783624811, "eta": 0.08873971799514445, "gamma": 193.85582564467495, "max_depth": 5.0, "min_child_weight": 3644.062806257696, "num_boost_round": 29.0, "subsample": 0.18209865252198043}, "datetime": {"datetime": "2024-01-20 15:04:07", "elapsed": 2381.888065, "delta": 0.002638}}
{"target": -13.403330422569658, "params": {"colsample_bytree": 0.6183172783624811, "eta": 0.08873971799514445, "gamma": 193.85582564467495, "max_depth": 5.0, "min_child_weight": 3644.062806257696, "num_boost_round": 30.0, "subsample": 0.18209865252198043}, "datetime": {"datetime": "2024-01-20 15:04:07", "elapsed": 2381.8906, "delta": 0.002535}}
{"target": -13.40393807771569, "params": {"colsample_bytree": 0.6183172783624811, "eta": 0.08873971799514445, "gamma": 193.85582564467495, "max_depth": 5.0, "min_child_weight": 3644.062806257696, "num_boost_round": 31.0, "subsample": 0.18209865252198043}, "datetime": {"datetime": "2024-01-20 15:04:07", "elapsed": 2381.893122, "delta": 0.002522}}
{"target": -13.403881532644206, "params": {"colsample_bytree": 0.6183172783624811, "eta": 0.08873971799514445, "gamma": 193.85582564467495, "max_depth": 5.0, "min_child_weight": 3644.062806257696, "num_boost_round": 32.0, "subsample": 0.18209865252198043}, "datetime": {"datetime": "2024-01-20 15:04:07", "elapsed": 2381.895616, "delta": 0.002494}}
{"target": -13.404298453151517, "params": {"colsample_bytree": 0.6183172783624811, "eta": 0.08873971799514445, "gamma": 193.85582564467495, "max_depth": 5.0, "min_child_weight": 3644.062806257696, "num_boost_round": 33.0, "subsample": 0.18209865252198043}, "datetime": {"datetime": "2024-01-20 15:04:07", "elapsed": 2381.898216, "delta": 0.0026}}
{"target": -13.404707208028164, "params": {"colsample_bytree": 0.6183172783624811, "eta": 0.08873971799514445, "gamma": 193.85582564467495, "max_depth": 5.0, "min_child_weight": 3644.062806257696, "num_boost_round": 34.0, "subsample": 0.18209865252198043}, "datetime": {"datetime": "2024-01-20 15:04:07", "elapsed": 2381.900636, "delta": 0.00242}}
{"target": -13.404751027219291, "params": {"colsample_bytree": 0.6183172783624811, "eta": 0.08873971799514445, "gamma": 193.85582564467495, "max_depth": 5.0, "min_child_weight": 3644.062806257696, "num_boost_round": 35.0, "subsample": 0.18209865252198043}, "datetime": {"datetime": "2024-01-20 15:04:07", "elapsed": 2381.903013, "delta": 0.002377}}
{"target": -13.404981382793686, "params": {"colsample_bytree": 0.6183172783624811, "eta": 0.08873971799514445, "gamma": 193.85582564467495, "max_depth": 5.0, "min_child_weight": 3644.062806257696, "num_boost_round": 36.0, "subsample": 0.18209865252198043}, "datetime": {"datetime": "2024-01-20 15:04:07", "elapsed": 2381.905375, "delta": 0.002362}}
{"target": -13.4051014771396, "params": {"colsample_bytree": 0.6183172783624811, "eta": 0.08873971799514445, "gamma": 193.85582564467495, "max_depth": 5.0, "min_child_weight": 3644.062806257696, "num_boost_round": 37.0, "subsample": 0.18209865252198043}, "datetime": {"datetime": "2024-01-20 15:04:07", "elapsed": 2381.90784, "delta": 0.002465}}
{"target": -13.405105511091548, "params": {"colsample_bytree": 0.6183172783624811, "eta": 0.08873971799514445, "gamma": 193.85582564467495, "max_depth": 5.0, "min_child_weight": 3644.062806257696, "num_boost_round": 38.0, "subsample": 0.18209865252198043}, "datetime": {"datetime": "2024-01-20 15:04:07", "elapsed": 2381.910301, "delta": 0.002461}}
{"target": -13.40526547795331, "params": {"colsample_bytree": 0.6183172783624811, "eta": 0.08873971799514445, "gamma": 193.85582564467495, "max_depth": 5.0, "min_child_weight": 3644.062806257696, "num_boost_round": 39.0, "subsample": 0.18209865252198043}, "datetime": {"datetime": "2024-01-20 15:04:07", "elapsed": 2381.912765, "delta": 0.002464}}
{"target": -13.40583381363313, "params": {"colsample_bytree": 0.6183172783624811, "eta": 0.08873971799514445, "gamma": 193.85582564467495, "max_depth": 5.0, "min_child_weight": 3644.062806257696, "num_boost_round": 40.0, "subsample": 0.18209865252198043}, "datetime": {"datetime": "2024-01-20 15:04:07", "elapsed": 2381.915203, "delta": 0.002438}}
{"target": -13.406250265422651, "params": {"colsample_bytree": 0.6183172783624811, "eta": 0.08873971799514445, "gamma": 193.85582564467495, "max_depth": 5.0, "min_child_weight": 3644.062806257696, "num_boost_round": 41.0, "subsample": 0.18209865252198043}, "datetime": {"datetime": "2024-01-20 15:04:07", "elapsed": 2381.917566, "delta": 0.002363}}
{"target": -13.406575799931327, "params": {"colsample_bytree": 0.6183172783624811, "eta": 0.08873971799514445, "gamma": 193.85582564467495, "max_depth": 5.0, "min_child_weight": 3644.062806257696, "num_boost_round": 42.0, "subsample": 0.18209865252198043}, "datetime": {"datetime": "2024-01-20 15:04:07", "elapsed": 2381.920157, "delta": 0.002591}}
{"target": -13.406490238969642, "params": {"colsample_bytree": 0.6183172783624811, "eta": 0.08873971799514445, "gamma": 193.85582564467495, "max_depth": 5.0, "min_child_weight": 3644.062806257696, "num_boost_round": 43.0, "subsample": 0.18209865252198043}, "datetime": {"datetime": "2024-01-20 15:04:07", "elapsed": 2381.922647, "delta": 0.00249}}
{"target": -13.40681380393648, "params": {"colsample_bytree": 0.6183172783624811, "eta": 0.08873971799514445, "gamma": 193.85582564467495, "max_depth": 5.0, "min_child_weight": 3644.062806257696, "num_boost_round": 44.0, "subsample": 0.18209865252198043}, "datetime": {"datetime": "2024-01-20 15:04:07", "elapsed": 2381.925043, "delta": 0.002396}}
{"target": -13.406755690088943, "params": {"colsample_bytree": 0.6183172783624811, "eta": 0.08873971799514445, "gamma": 193.85582564467495, "max_depth": 5.0, "min_child_weight": 3644.062806257696, "num_boost_round": 45.0, "subsample": 0.18209865252198043}, "datetime": {"datetime": "2024-01-20 15:04:07", "elapsed": 2381.927544, "delta": 0.002501}}
{"target": -13.406820005126889, "params": {"colsample_bytree": 0.6183172783624811, "eta": 0.08873971799514445, "gamma": 193.85582564467495, "max_depth": 5.0, "min_child_weight": 3644.062806257696, "num_boost_round": 46.0, "subsample": 0.18209865252198043}, "datetime": {"datetime": "2024-01-20 15:04:07", "elapsed": 2381.930206, "delta": 0.002662}}
{"target": -13.407014839133701, "params": {"colsample_bytree": 0.6183172783624811, "eta": 0.08873971799514445, "gamma": 193.85582564467495, "max_depth": 5.0, "min_child_weight": 3644.062806257696, "num_boost_round": 47.0, "subsample": 0.18209865252198043}, "datetime": {"datetime": "2024-01-20 15:04:07", "elapsed": 2381.932639, "delta": 0.002433}}
{"target": -13.406968038946825, "params": {"colsample_bytree": 0.6183172783624811, "eta": 0.08873971799514445, "gamma": 193.85582564467495, "max_depth": 5.0, "min_child_weight": 3644.062806257696, "num_boost_round": 48.0, "subsample": 0.18209865252198043}, "datetime": {"datetime": "2024-01-20 15:04:07", "elapsed": 2381.935003, "delta": 0.002364}}
{"target": -13.40734198198731, "params": {"colsample_bytree": 0.6183172783624811, "eta": 0.08873971799514445, "gamma": 193.85582564467495, "max_depth": 5.0, "min_child_weight": 3644.062806257696, "num_boost_round": 49.0, "subsample": 0.18209865252198043}, "datetime": {"datetime": "2024-01-20 15:04:07", "elapsed": 2381.937474, "delta": 0.002471}}
{"target": -13.407518280898742, "params": {"colsample_bytree": 0.6183172783624811, "eta": 0.08873971799514445, "gamma": 193.85582564467495, "max_depth": 5.0, "min_child_weight": 3644.062806257696, "num_boost_round": 50.0, "subsample": 0.18209865252198043}, "datetime": {"datetime": "2024-01-20 15:04:07", "elapsed": 2381.939989, "delta": 0.002515}}
{"target": -13.407777629701817, "params": {"colsample_bytree": 0.6183172783624811, "eta": 0.08873971799514445, "gamma": 193.85582564467495, "max_depth": 5.0, "min_child_weight": 3644.062806257696, "num_boost_round": 51.0, "subsample": 0.18209865252198043}, "datetime": {"datetime": "2024-01-20 15:04:07", "elapsed": 2381.942384, "delta": 0.002395}}
{"target": -13.408075146297271, "params": {"colsample_bytree": 0.6183172783624811, "eta": 0.08873971799514445, "gamma": 193.85582564467495, "max_depth": 5.0, "min_child_weight": 3644.062806257696, "num_boost_round": 52.0, "subsample": 0.18209865252198043}, "datetime": {"datetime": "2024-01-20 15:04:07", "elapsed": 2381.945187, "delta": 0.002803}}
{"target": -13.408327081340783, "params": {"colsample_bytree": 0.6183172783624811, "eta": 0.08873971799514445, "gamma": 193.85582564467495, "max_depth": 5.0, "min_child_weight": 3644.062806257696, "num_boost_round": 53.0, "subsample": 0.18209865252198043}, "datetime": {"datetime": "2024-01-20 15:04:07", "elapsed": 2381.948743, "delta": 0.003556}}
{"target": -13.408799098143248, "params": {"colsample_bytree": 0.6183172783624811, "eta": 0.08873971799514445, "gamma": 193.85582564467495, "max_depth": 5.0, "min_child_weight": 3644.062806257696, "num_boost_round": 54.0, "subsample": 0.18209865252198043}, "datetime": {"datetime": "2024-01-20 15:04:07", "elapsed": 2381.952441, "delta": 0.003698}}
{"target": -13.408983353761872, "params": {"colsample_bytree": 0.6183172783624811, "eta": 0.08873971799514445, "gamma": 193.85582564467495, "max_depth": 5.0, "min_child_weight": 3644.062806257696, "num_boost_round": 55.0, "subsample": 0.18209865252198043}, "datetime": {"datetime": "2024-01-20 15:04:07", "elapsed": 2381.955626, "delta": 0.003185}}
{"target": -13.40961292246385, "params": {"colsample_bytree": 0.6183172783624811, "eta": 0.08873971799514445, "gamma": 193.85582564467495, "max_depth": 5.0, "min_child_weight": 3644.062806257696, "num_boost_round": 56.0, "subsample": 0.18209865252198043}, "datetime": {"datetime": "2024-01-20 15:04:07", "elapsed": 2381.958237, "delta": 0.002611}}
{"target": -13.409814977409539, "params": {"colsample_bytree": 0.6183172783624811, "eta": 0.08873971799514445, "gamma": 193.85582564467495, "max_depth": 5.0, "min_child_weight": 3644.062806257696, "num_boost_round": 57.0, "subsample": 0.18209865252198043}, "datetime": {"datetime": "2024-01-20 15:04:07", "elapsed": 2381.960918, "delta": 0.002681}}
{"target": -13.410020408207023, "params": {"colsample_bytree": 0.6183172783624811, "eta": 0.08873971799514445, "gamma": 193.85582564467495, "max_depth": 5.0, "min_child_weight": 3644.062806257696, "num_boost_round": 58.0, "subsample": 0.18209865252198043}, "datetime": {"datetime": "2024-01-20 15:04:07", "elapsed": 2381.963337, "delta": 0.002419}}
{"target": -13.409817557717409, "params": {"colsample_bytree": 0.6183172783624811, "eta": 0.08873971799514445, "gamma": 193.85582564467495, "max_depth": 5.0, "min_child_weight": 3644.062806257696, "num_boost_round": 59.0, "subsample": 0.18209865252198043}, "datetime": {"datetime": "2024-01-20 15:04:07", "elapsed": 2381.965761, "delta": 0.002424}}
