{"target": -13.493638076786267, "params": {"colsample_bytree": 0.34149661651563534, "eta": 0.017097068132330185, "gamma": 250.66958941364547, "max_depth": 9.0, "min_child_weight": 3827.1097674476787, "num_boost_round": 42.0, "subsample": 0.1656961808651449}, "datetime": {"datetime": "2024-01-20 16:29:41", "elapsed": 7534.463587, "delta": 0.012468}}
{"target": -13.493627852491212, "params": {"colsample_bytree": 0.34149661651563534, "eta": 0.017097068132330185, "gamma": 250.66958941364547, "max_depth": 9.0, "min_child_weight": 3827.1097674476787, "num_boost_round": 43.0, "subsample": 0.1656961808651449}, "datetime": {"datetime": "2024-01-20 16:29:41", "elapsed": 7534.470606, "delta": 0.007019}}
{"target": -13.493591428632339, "params": {"colsample_bytree": 0.34149661651563534, "eta": 0.017097068132330185, "gamma": 250.66958941364547, "max_depth": 9.0, "min_child_weight": 3827.1097674476787, "num_boost_round": 44.0, "subsample": 0.1656961808651449}, "datetime": {"datetime": "2024-01-20 16:29:41", "elapsed": 7534.477237, "delta": 0.006631}}
{"target": -13.493509609535629, "params": {"colsample_bytree": 0.34149661651563534, "eta": 0.017097068132330185, "gamma": 250.66958941364547, "max_depth": 9.0, "min_child_weight": 3827.1097674476787, "num_boost_round": 45.0, "subsample": 0.1656961808651449}, "datetime": {"datetime": "2024-01-20 16:29:41", "elapsed": 7534.483671, "delta": 0.006434}}
{"target": -13.493477241805083, "params": {"colsample_bytree": 0.34149661651563534, "eta": 0.017097068132330185, "gamma": 250.66958941364547, "max_depth": 9.0, "min_child_weight": 3827.1097674476787, "num_boost_round": 46.0, "subsample": 0.1656961808651449}, "datetime": {"datetime": "2024-01-20 16:29:41", "elapsed": 7534.489955, "delta": 0.006284}}
{"target": -13.49708927241786, "params": {"colsample_bytree": 0.9918995063980532, "eta": 0.0595422888138983, "gamma": 261.719254335445, "max_depth": 6.0, "min_child_weight": 3858.7195834932936, "num_boost_round": 1.0, "subsample": 0.24045709664971254}, "datetime": {"datetime": "2024-01-20 16:31:28", "elapsed": 7641.642155, "delta": 107.1522}}
{"target": -13.496361252358499, "params": {"colsample_bytree": 0.9918995063980532, "eta": 0.0595422888138983, "gamma": 261.719254335445, "max_depth": 6.0, "min_child_weight": 3858.7195834932936, "num_boost_round": 2.0, "subsample": 0.24045709664971254}, "datetime": {"datetime": "2024-01-20 16:31:28", "elapsed": 7641.649615, "delta": 0.00746}}
{"target": -13.495684949844591, "params": {"colsample_bytree": 0.9918995063980532, "eta": 0.0595422888138983, "gamma": 261.719254335445, "max_depth": 6.0, "min_child_weight": 3858.7195834932936, "num_boost_round": 3.0, "subsample": 0.24045709664971254}, "datetime": {"datetime": "2024-01-20 16:31:28", "elapsed": 7641.656251, "delta": 0.006636}}
{"target": -13.49502839989291, "params": {"colsample_bytree": 0.9918995063980532, "eta": 0.0595422888138983, "gamma": 261.719254335445, "max_depth": 6.0, "min_child_weight": 3858.7195834932936, "num_boost_round": 4.0, "subsample": 0.24045709664971254}, "datetime": {"datetime": "2024-01-20 16:31:28", "elapsed": 7641.662603, "delta": 0.006352}}
{"target": -13.49453895633271, "params": {"colsample_bytree": 0.9918995063980532, "eta": 0.0595422888138983, "gamma": 261.719254335445, "max_depth": 6.0, "min_child_weight": 3858.7195834932936, "num_boost_round": 5.0, "subsample": 0.24045709664971254}, "datetime": {"datetime": "2024-01-20 16:31:28", "elapsed": 7641.668862, "delta": 0.006259}}
{"target": -13.494400822694914, "params": {"colsample_bytree": 0.9918995063980532, "eta": 0.0595422888138983, "gamma": 261.719254335445, "max_depth": 6.0, "min_child_weight": 3858.7195834932936, "num_boost_round": 6.0, "subsample": 0.24045709664971254}, "datetime": {"datetime": "2024-01-20 16:31:28", "elapsed": 7641.675189, "delta": 0.006327}}
{"target": -13.494128906223628, "params": {"colsample_bytree": 0.9918995063980532, "eta": 0.0595422888138983, "gamma": 261.719254335445, "max_depth": 6.0, "min_child_weight": 3858.7195834932936, "num_boost_round": 7.0, "subsample": 0.24045709664971254}, "datetime": {"datetime": "2024-01-20 16:31:28", "elapsed": 7641.681312, "delta": 0.006123}}
{"target": -13.493994119003046, "params": {"colsample_bytree": 0.9918995063980532, "eta": 0.0595422888138983, "gamma": 261.719254335445, "max_depth": 6.0, "min_child_weight": 3858.7195834932936, "num_boost_round": 8.0, "subsample": 0.24045709664971254}, "datetime": {"datetime": "2024-01-20 16:31:28", "elapsed": 7641.687432, "delta": 0.00612}}
{"target": -13.493917626359243, "params": {"colsample_bytree": 0.9918995063980532, "eta": 0.0595422888138983, "gamma": 261.719254335445, "max_depth": 6.0, "min_child_weight": 3858.7195834932936, "num_boost_round": 9.0, "subsample": 0.24045709664971254}, "datetime": {"datetime": "2024-01-20 16:31:28", "elapsed": 7641.693787, "delta": 0.006355}}
{"target": -13.493852874409361, "params": {"colsample_bytree": 0.9918995063980532, "eta": 0.0595422888138983, "gamma": 261.719254335445, "max_depth": 6.0, "min_child_weight": 3858.7195834932936, "num_boost_round": 10.0, "subsample": 0.24045709664971254}, "datetime": {"datetime": "2024-01-20 16:31:28", "elapsed": 7641.700564, "delta": 0.006777}}
{"target": -13.494054713065237, "params": {"colsample_bytree": 0.9918995063980532, "eta": 0.0595422888138983, "gamma": 261.719254335445, "max_depth": 6.0, "min_child_weight": 3858.7195834932936, "num_boost_round": 11.0, "subsample": 0.24045709664971254}, "datetime": {"datetime": "2024-01-20 16:31:28", "elapsed": 7641.707203, "delta": 0.006639}}
{"target": -13.494025400593493, "params": {"colsample_bytree": 0.9918995063980532, "eta": 0.0595422888138983, "gamma": 261.719254335445, "max_depth": 6.0, "min_child_weight": 3858.7195834932936, "num_boost_round": 12.0, "subsample": 0.24045709664971254}, "datetime": {"datetime": "2024-01-20 16:31:28", "elapsed": 7641.713586, "delta": 0.006383}}
{"target": -13.49417040217373, "params": {"colsample_bytree": 0.9918995063980532, "eta": 0.0595422888138983, "gamma": 261.719254335445, "max_depth": 6.0, "min_child_weight": 3858.7195834932936, "num_boost_round": 13.0, "subsample": 0.24045709664971254}, "datetime": {"datetime": "2024-01-20 16:31:28", "elapsed": 7641.72016, "delta": 0.006574}}
{"target": -13.493877511185786, "params": {"colsample_bytree": 0.9918995063980532, "eta": 0.0595422888138983, "gamma": 261.719254335445, "max_depth": 6.0, "min_child_weight": 3858.7195834932936, "num_boost_round": 14.0, "subsample": 0.24045709664971254}, "datetime": {"datetime": "2024-01-20 16:31:28", "elapsed": 7642.04849, "delta": 0.32833}}
{"target": -13.49383896336887, "params": {"colsample_bytree": 0.9918995063980532, "eta": 0.0595422888138983, "gamma": 261.719254335445, "max_depth": 6.0, "min_child_weight": 3858.7195834932936, "num_boost_round": 15.0, "subsample": 0.24045709664971254}, "datetime": {"datetime": "2024-01-20 16:31:28", "elapsed": 7642.056756, "delta": 0.008266}}
{"target": -13.49371991688015, "params": {"colsample_bytree": 0.9918995063980532, "eta": 0.0595422888138983, "gamma": 261.719254335445, "max_depth": 6.0, "min_child_weight": 3858.7195834932936, "num_boost_round": 16.0, "subsample": 0.24045709664971254}, "datetime": {"datetime": "2024-01-20 16:31:28", "elapsed": 7642.064, "delta": 0.007244}}
{"target": -13.493457912785214, "params": {"colsample_bytree": 0.9918995063980532, "eta": 0.0595422888138983, "gamma": 261.719254335445, "max_depth": 6.0, "min_child_weight": 3858.7195834932936, "num_boost_round": 17.0, "subsample": 0.24045709664971254}, "datetime": {"datetime": "2024-01-20 16:31:28", "elapsed": 7642.071415, "delta": 0.007415}}
{"target": -13.493324141872142, "params": {"colsample_bytree": 0.9918995063980532, "eta": 0.0595422888138983, "gamma": 261.719254335445, "max_depth": 6.0, "min_child_weight": 3858.7195834932936, "num_boost_round": 18.0, "subsample": 0.24045709664971254}, "datetime": {"datetime": "2024-01-20 16:31:28", "elapsed": 7642.077945, "delta": 0.00653}}
{"target": -13.49349300198261, "params": {"colsample_bytree": 0.9918995063980532, "eta": 0.0595422888138983, "gamma": 261.719254335445, "max_depth": 6.0, "min_child_weight": 3858.7195834932936, "num_boost_round": 19.0, "subsample": 0.24045709664971254}, "datetime": {"datetime": "2024-01-20 16:31:28", "elapsed": 7642.084248, "delta": 0.006303}}
{"target": -13.493670321553584, "params": {"colsample_bytree": 0.9918995063980532, "eta": 0.0595422888138983, "gamma": 261.719254335445, "max_depth": 6.0, "min_child_weight": 3858.7195834932936, "num_boost_round": 20.0, "subsample": 0.24045709664971254}, "datetime": {"datetime": "2024-01-20 16:31:28", "elapsed": 7642.091017, "delta": 0.006769}}
{"target": -13.493741736542557, "params": {"colsample_bytree": 0.9918995063980532, "eta": 0.0595422888138983, "gamma": 261.719254335445, "max_depth": 6.0, "min_child_weight": 3858.7195834932936, "num_boost_round": 21.0, "subsample": 0.24045709664971254}, "datetime": {"datetime": "2024-01-20 16:31:28", "elapsed": 7642.097647, "delta": 0.00663}}
{"target": -13.493817277282812, "params": {"colsample_bytree": 0.9918995063980532, "eta": 0.0595422888138983, "gamma": 261.719254335445, "max_depth": 6.0, "min_child_weight": 3858.7195834932936, "num_boost_round": 22.0, "subsample": 0.24045709664971254}, "datetime": {"datetime": "2024-01-20 16:31:28", "elapsed": 7642.104194, "delta": 0.006547}}
{"target": -13.493745819831359, "params": {"colsample_bytree": 0.9918995063980532, "eta": 0.0595422888138983, "gamma": 261.719254335445, "max_depth": 6.0, "min_child_weight": 3858.7195834932936, "num_boost_round": 23.0, "subsample": 0.24045709664971254}, "datetime": {"datetime": "2024-01-20 16:31:28", "elapsed": 7642.110555, "delta": 0.006361}}
{"target": -13.494086205297055, "params": {"colsample_bytree": 0.9918995063980532, "eta": 0.0595422888138983, "gamma": 261.719254335445, "max_depth": 6.0, "min_child_weight": 3858.7195834932936, "num_boost_round": 24.0, "subsample": 0.24045709664971254}, "datetime": {"datetime": "2024-01-20 16:31:28", "elapsed": 7642.116894, "delta": 0.006339}}
{"target": -13.49403289567061, "params": {"colsample_bytree": 0.9918995063980532, "eta": 0.0595422888138983, "gamma": 261.719254335445, "max_depth": 6.0, "min_child_weight": 3858.7195834932936, "num_boost_round": 25.0, "subsample": 0.24045709664971254}, "datetime": {"datetime": "2024-01-20 16:31:28", "elapsed": 7642.123261, "delta": 0.006367}}
{"target": -13.493804989346195, "params": {"colsample_bytree": 0.9918995063980532, "eta": 0.0595422888138983, "gamma": 261.719254335445, "max_depth": 6.0, "min_child_weight": 3858.7195834932936, "num_boost_round": 26.0, "subsample": 0.24045709664971254}, "datetime": {"datetime": "2024-01-20 16:31:28", "elapsed": 7642.130145, "delta": 0.006884}}
{"target": -13.49388695512901, "params": {"colsample_bytree": 0.9918995063980532, "eta": 0.0595422888138983, "gamma": 261.719254335445, "max_depth": 6.0, "min_child_weight": 3858.7195834932936, "num_boost_round": 27.0, "subsample": 0.24045709664971254}, "datetime": {"datetime": "2024-01-20 16:31:28", "elapsed": 7642.13683, "delta": 0.006685}}
{"target": -13.494215680579387, "params": {"colsample_bytree": 0.9918995063980532, "eta": 0.0595422888138983, "gamma": 261.719254335445, "max_depth": 6.0, "min_child_weight": 3858.7195834932936, "num_boost_round": 28.0, "subsample": 0.24045709664971254}, "datetime": {"datetime": "2024-01-20 16:31:28", "elapsed": 7642.143339, "delta": 0.006509}}
{"target": -13.49431531611229, "params": {"colsample_bytree": 0.9918995063980532, "eta": 0.0595422888138983, "gamma": 261.719254335445, "max_depth": 6.0, "min_child_weight": 3858.7195834932936, "num_boost_round": 29.0, "subsample": 0.24045709664971254}, "datetime": {"datetime": "2024-01-20 16:31:28", "elapsed": 7642.149699, "delta": 0.00636}}
{"target": -13.494246180002035, "params": {"colsample_bytree": 0.9918995063980532, "eta": 0.0595422888138983, "gamma": 261.719254335445, "max_depth": 6.0, "min_child_weight": 3858.7195834932936, "num_boost_round": 30.0, "subsample": 0.24045709664971254}, "datetime": {"datetime": "2024-01-20 16:31:28", "elapsed": 7642.156081, "delta": 0.006382}}
{"target": -13.494339764716534, "params": {"colsample_bytree": 0.9918995063980532, "eta": 0.0595422888138983, "gamma": 261.719254335445, "max_depth": 6.0, "min_child_weight": 3858.7195834932936, "num_boost_round": 31.0, "subsample": 0.24045709664971254}, "datetime": {"datetime": "2024-01-20 16:31:28", "elapsed": 7642.162425, "delta": 0.006344}}
{"target": -13.494393258976856, "params": {"colsample_bytree": 0.9918995063980532, "eta": 0.0595422888138983, "gamma": 261.719254335445, "max_depth": 6.0, "min_child_weight": 3858.7195834932936, "num_boost_round": 32.0, "subsample": 0.24045709664971254}, "datetime": {"datetime": "2024-01-20 16:31:28", "elapsed": 7642.169411, "delta": 0.006986}}
{"target": -13.494414012461863, "params": {"colsample_bytree": 0.9918995063980532, "eta": 0.0595422888138983, "gamma": 261.719254335445, "max_depth": 6.0, "min_child_weight": 3858.7195834932936, "num_boost_round": 33.0, "subsample": 0.24045709664971254}, "datetime": {"datetime": "2024-01-20 16:31:28", "elapsed": 7642.176117, "delta": 0.006706}}
{"target": -13.494506684435466, "params": {"colsample_bytree": 0.9918995063980532, "eta": 0.0595422888138983, "gamma": 261.719254335445, "max_depth": 6.0, "min_child_weight": 3858.7195834932936, "num_boost_round": 34.0, "subsample": 0.24045709664971254}, "datetime": {"datetime": "2024-01-20 16:31:28", "elapsed": 7642.18262, "delta": 0.006503}}
{"target": -13.494493003144102, "params": {"colsample_bytree": 0.9918995063980532, "eta": 0.0595422888138983, "gamma": 261.719254335445, "max_depth": 6.0, "min_child_weight": 3858.7195834932936, "num_boost_round": 35.0, "subsample": 0.24045709664971254}, "datetime": {"datetime": "2024-01-20 16:31:28", "elapsed": 7642.189038, "delta": 0.006418}}
{"target": -13.494375111220599, "params": {"colsample_bytree": 0.9918995063980532, "eta": 0.0595422888138983, "gamma": 261.719254335445, "max_depth": 6.0, "min_child_weight": 3858.7195834932936, "num_boost_round": 36.0, "subsample": 0.24045709664971254}, "datetime": {"datetime": "2024-01-20 16:31:28", "elapsed": 7642.195392, "delta": 0.006354}}
{"target": -13.494550316276733, "params": {"colsample_bytree": 0.9918995063980532, "eta": 0.0595422888138983, "gamma": 261.719254335445, "max_depth": 6.0, "min_child_weight": 3858.7195834932936, "num_boost_round": 37.0, "subsample": 0.24045709664971254}, "datetime": {"datetime": "2024-01-20 16:31:28", "elapsed": 7642.202374, "delta": 0.006982}}
{"target": -13.494499741994279, "params": {"colsample_bytree": 0.9918995063980532, "eta": 0.0595422888138983, "gamma": 261.719254335445, "max_depth": 6.0, "min_child_weight": 3858.7195834932936, "num_boost_round": 38.0, "subsample": 0.24045709664971254}, "datetime": {"datetime": "2024-01-20 16:31:28", "elapsed": 7642.209457, "delta": 0.007083}}
{"target": -13.494504676849328, "params": {"colsample_bytree": 0.9918995063980532, "eta": 0.0595422888138983, "gamma": 261.719254335445, "max_depth": 6.0, "min_child_weight": 3858.7195834932936, "num_boost_round": 39.0, "subsample": 0.24045709664971254}, "datetime": {"datetime": "2024-01-20 16:31:28", "elapsed": 7642.216197, "delta": 0.00674}}
{"target": -13.494460694681237, "params": {"colsample_bytree": 0.9918995063980532, "eta": 0.0595422888138983, "gamma": 261.719254335445, "max_depth": 6.0, "min_child_weight": 3858.7195834932936, "num_boost_round": 40.0, "subsample": 0.24045709664971254}, "datetime": {"datetime": "2024-01-20 16:31:28", "elapsed": 7642.222659, "delta": 0.006462}}
{"target": -13.494463503983262, "params": {"colsample_bytree": 0.9918995063980532, "eta": 0.0595422888138983, "gamma": 261.719254335445, "max_depth": 6.0, "min_child_weight": 3858.7195834932936, "num_boost_round": 41.0, "subsample": 0.24045709664971254}, "datetime": {"datetime": "2024-01-20 16:31:28", "elapsed": 7642.229007, "delta": 0.006348}}
{"target": -13.494525463612558, "params": {"colsample_bytree": 0.9918995063980532, "eta": 0.0595422888138983, "gamma": 261.719254335445, "max_depth": 6.0, "min_child_weight": 3858.7195834932936, "num_boost_round": 42.0, "subsample": 0.24045709664971254}, "datetime": {"datetime": "2024-01-20 16:31:28", "elapsed": 7642.235406, "delta": 0.006399}}
{"target": -13.497595832899288, "params": {"colsample_bytree": 0.8558857255876123, "eta": 0.023639987721413503, "gamma": 225.60398802629356, "max_depth": 5.0, "min_child_weight": 3788.689414680045, "num_boost_round": 1.0, "subsample": 0.4043433207623014}, "datetime": {"datetime": "2024-01-20 16:34:05", "elapsed": 7799.251509, "delta": 157.016103}}
{"target": -13.497403731700416, "params": {"colsample_bytree": 0.8558857255876123, "eta": 0.023639987721413503, "gamma": 225.60398802629356, "max_depth": 5.0, "min_child_weight": 3788.689414680045, "num_boost_round": 2.0, "subsample": 0.4043433207623014}, "datetime": {"datetime": "2024-01-20 16:34:05", "elapsed": 7799.258931, "delta": 0.007422}}
{"target": -13.497255452779772, "params": {"colsample_bytree": 0.8558857255876123, "eta": 0.023639987721413503, "gamma": 225.60398802629356, "max_depth": 5.0, "min_child_weight": 3788.689414680045, "num_boost_round": 3.0, "subsample": 0.4043433207623014}, "datetime": {"datetime": "2024-01-20 16:34:05", "elapsed": 7799.26582, "delta": 0.006889}}
{"target": -13.497083766448638, "params": {"colsample_bytree": 0.8558857255876123, "eta": 0.023639987721413503, "gamma": 225.60398802629356, "max_depth": 5.0, "min_child_weight": 3788.689414680045, "num_boost_round": 4.0, "subsample": 0.4043433207623014}, "datetime": {"datetime": "2024-01-20 16:34:05", "elapsed": 7799.27263, "delta": 0.00681}}
{"target": -13.496955576170691, "params": {"colsample_bytree": 0.8558857255876123, "eta": 0.023639987721413503, "gamma": 225.60398802629356, "max_depth": 5.0, "min_child_weight": 3788.689414680045, "num_boost_round": 5.0, "subsample": 0.4043433207623014}, "datetime": {"datetime": "2024-01-20 16:34:05", "elapsed": 7799.279109, "delta": 0.006479}}
{"target": -13.496799891851492, "params": {"colsample_bytree": 0.8558857255876123, "eta": 0.023639987721413503, "gamma": 225.60398802629356, "max_depth": 5.0, "min_child_weight": 3788.689414680045, "num_boost_round": 6.0, "subsample": 0.4043433207623014}, "datetime": {"datetime": "2024-01-20 16:34:05", "elapsed": 7799.28542, "delta": 0.006311}}
{"target": -13.496674109604285, "params": {"colsample_bytree": 0.8558857255876123, "eta": 0.023639987721413503, "gamma": 225.60398802629356, "max_depth": 5.0, "min_child_weight": 3788.689414680045, "num_boost_round": 7.0, "subsample": 0.4043433207623014}, "datetime": {"datetime": "2024-01-20 16:34:05", "elapsed": 7799.291909, "delta": 0.006489}}
{"target": -13.49647623542553, "params": {"colsample_bytree": 0.8558857255876123, "eta": 0.023639987721413503, "gamma": 225.60398802629356, "max_depth": 5.0, "min_child_weight": 3788.689414680045, "num_boost_round": 8.0, "subsample": 0.4043433207623014}, "datetime": {"datetime": "2024-01-20 16:34:05", "elapsed": 7799.298463, "delta": 0.006554}}
{"target": -13.496453339746608, "params": {"colsample_bytree": 0.8558857255876123, "eta": 0.023639987721413503, "gamma": 225.60398802629356, "max_depth": 5.0, "min_child_weight": 3788.689414680045, "num_boost_round": 9.0, "subsample": 0.4043433207623014}, "datetime": {"datetime": "2024-01-20 16:34:05", "elapsed": 7799.305296, "delta": 0.006833}}
{"target": -13.496392588644866, "params": {"colsample_bytree": 0.8558857255876123, "eta": 0.023639987721413503, "gamma": 225.60398802629356, "max_depth": 5.0, "min_child_weight": 3788.689414680045, "num_boost_round": 10.0, "subsample": 0.4043433207623014}, "datetime": {"datetime": "2024-01-20 16:34:05", "elapsed": 7799.311976, "delta": 0.00668}}
{"target": -13.496375774928156, "params": {"colsample_bytree": 0.8558857255876123, "eta": 0.023639987721413503, "gamma": 225.60398802629356, "max_depth": 5.0, "min_child_weight": 3788.689414680045, "num_boost_round": 11.0, "subsample": 0.4043433207623014}, "datetime": {"datetime": "2024-01-20 16:34:05", "elapsed": 7799.318581, "delta": 0.006605}}
{"target": -13.496344341081674, "params": {"colsample_bytree": 0.8558857255876123, "eta": 0.023639987721413503, "gamma": 225.60398802629356, "max_depth": 5.0, "min_child_weight": 3788.689414680045, "num_boost_round": 12.0, "subsample": 0.4043433207623014}, "datetime": {"datetime": "2024-01-20 16:34:05", "elapsed": 7799.324907, "delta": 0.006326}}
{"target": -13.496278231334617, "params": {"colsample_bytree": 0.8558857255876123, "eta": 0.023639987721413503, "gamma": 225.60398802629356, "max_depth": 5.0, "min_child_weight": 3788.689414680045, "num_boost_round": 13.0, "subsample": 0.4043433207623014}, "datetime": {"datetime": "2024-01-20 16:34:05", "elapsed": 7799.331191, "delta": 0.006284}}
{"target": -13.4962036258183, "params": {"colsample_bytree": 0.8558857255876123, "eta": 0.023639987721413503, "gamma": 225.60398802629356, "max_depth": 5.0, "min_child_weight": 3788.689414680045, "num_boost_round": 14.0, "subsample": 0.4043433207623014}, "datetime": {"datetime": "2024-01-20 16:34:05", "elapsed": 7799.337762, "delta": 0.006571}}
{"target": -13.496244164394334, "params": {"colsample_bytree": 0.8558857255876123, "eta": 0.023639987721413503, "gamma": 225.60398802629356, "max_depth": 5.0, "min_child_weight": 3788.689414680045, "num_boost_round": 15.0, "subsample": 0.4043433207623014}, "datetime": {"datetime": "2024-01-20 16:34:05", "elapsed": 7799.344853, "delta": 0.007091}}
{"target": -13.496310959077944, "params": {"colsample_bytree": 0.8558857255876123, "eta": 0.023639987721413503, "gamma": 225.60398802629356, "max_depth": 5.0, "min_child_weight": 3788.689414680045, "num_boost_round": 16.0, "subsample": 0.4043433207623014}, "datetime": {"datetime": "2024-01-20 16:34:05", "elapsed": 7799.351878, "delta": 0.007025}}
