{"target": -13.500911800186346, "params": {"colsample_bytree": 0.24704276664228403, "eta": 0.05410414943746012, "gamma": 725.1914686004299, "max_depth": 7.0, "min_child_weight": 4535.031813080186, "num_boost_round": 53.0, "subsample": 0.7647695239048965}, "datetime": {"datetime": "2024-01-20 15:24:33", "elapsed": 3627.183142, "delta": 0.004522}}
{"target": -13.500847160024497, "params": {"colsample_bytree": 0.24704276664228403, "eta": 0.05410414943746012, "gamma": 725.1914686004299, "max_depth": 7.0, "min_child_weight": 4535.031813080186, "num_boost_round": 54.0, "subsample": 0.7647695239048965}, "datetime": {"datetime": "2024-01-20 15:24:33", "elapsed": 3627.187712, "delta": 0.00457}}
{"target": -13.50104515794228, "params": {"colsample_bytree": 0.24704276664228403, "eta": 0.05410414943746012, "gamma": 725.1914686004299, "max_depth": 7.0, "min_child_weight": 4535.031813080186, "num_boost_round": 55.0, "subsample": 0.7647695239048965}, "datetime": {"datetime": "2024-01-20 15:24:33", "elapsed": 3627.193076, "delta": 0.005364}}
{"target": -13.501106193451422, "params": {"colsample_bytree": 0.24704276664228403, "eta": 0.05410414943746012, "gamma": 725.1914686004299, "max_depth": 7.0, "min_child_weight": 4535.031813080186, "num_boost_round": 56.0, "subsample": 0.7647695239048965}, "datetime": {"datetime": "2024-01-20 15:24:33", "elapsed": 3627.197802, "delta": 0.004726}}
{"target": -13.501340585521305, "params": {"colsample_bytree": 0.24704276664228403, "eta": 0.05410414943746012, "gamma": 725.1914686004299, "max_depth": 7.0, "min_child_weight": 4535.031813080186, "num_boost_round": 57.0, "subsample": 0.7647695239048965}, "datetime": {"datetime": "2024-01-20 15:24:33", "elapsed": 3627.202386, "delta": 0.004584}}
{"target": -13.501332467916978, "params": {"colsample_bytree": 0.24704276664228403, "eta": 0.05410414943746012, "gamma": 725.1914686004299, "max_depth": 7.0, "min_child_weight": 4535.031813080186, "num_boost_round": 58.0, "subsample": 0.7647695239048965}, "datetime": {"datetime": "2024-01-20 15:24:33", "elapsed": 3627.207036, "delta": 0.00465}}
{"target": -13.5014765454367, "params": {"colsample_bytree": 0.24704276664228403, "eta": 0.05410414943746012, "gamma": 725.1914686004299, "max_depth": 7.0, "min_child_weight": 4535.031813080186, "num_boost_round": 59.0, "subsample": 0.7647695239048965}, "datetime": {"datetime": "2024-01-20 15:24:33", "elapsed": 3627.211615, "delta": 0.004579}}
{"target": -13.501557557618327, "params": {"colsample_bytree": 0.24704276664228403, "eta": 0.05410414943746012, "gamma": 725.1914686004299, "max_depth": 7.0, "min_child_weight": 4535.031813080186, "num_boost_round": 60.0, "subsample": 0.7647695239048965}, "datetime": {"datetime": "2024-01-20 15:24:33", "elapsed": 3627.216226, "delta": 0.004611}}
{"target": -13.501770291236063, "params": {"colsample_bytree": 0.24704276664228403, "eta": 0.05410414943746012, "gamma": 725.1914686004299, "max_depth": 7.0, "min_child_weight": 4535.031813080186, "num_boost_round": 61.0, "subsample": 0.7647695239048965}, "datetime": {"datetime": "2024-01-20 15:24:33", "elapsed": 3627.220899, "delta": 0.004673}}
{"target": -13.50186321471833, "params": {"colsample_bytree": 0.24704276664228403, "eta": 0.05410414943746012, "gamma": 725.1914686004299, "max_depth": 7.0, "min_child_weight": 4535.031813080186, "num_boost_round": 62.0, "subsample": 0.7647695239048965}, "datetime": {"datetime": "2024-01-20 15:24:33", "elapsed": 3627.225521, "delta": 0.004622}}
{"target": -13.501903837663171, "params": {"colsample_bytree": 0.24704276664228403, "eta": 0.05410414943746012, "gamma": 725.1914686004299, "max_depth": 7.0, "min_child_weight": 4535.031813080186, "num_boost_round": 63.0, "subsample": 0.7647695239048965}, "datetime": {"datetime": "2024-01-20 15:24:33", "elapsed": 3627.230088, "delta": 0.004567}}
{"target": -13.501884269841957, "params": {"colsample_bytree": 0.24704276664228403, "eta": 0.05410414943746012, "gamma": 725.1914686004299, "max_depth": 7.0, "min_child_weight": 4535.031813080186, "num_boost_round": 64.0, "subsample": 0.7647695239048965}, "datetime": {"datetime": "2024-01-20 15:24:33", "elapsed": 3627.234653, "delta": 0.004565}}
{"target": -13.501900015146886, "params": {"colsample_bytree": 0.24704276664228403, "eta": 0.05410414943746012, "gamma": 725.1914686004299, "max_depth": 7.0, "min_child_weight": 4535.031813080186, "num_boost_round": 65.0, "subsample": 0.7647695239048965}, "datetime": {"datetime": "2024-01-20 15:24:33", "elapsed": 3627.239239, "delta": 0.004586}}
{"target": -13.501930240353364, "params": {"colsample_bytree": 0.24704276664228403, "eta": 0.05410414943746012, "gamma": 725.1914686004299, "max_depth": 7.0, "min_child_weight": 4535.031813080186, "num_boost_round": 66.0, "subsample": 0.7647695239048965}, "datetime": {"datetime": "2024-01-20 15:24:33", "elapsed": 3627.243854, "delta": 0.004615}}
{"target": -13.502142219743536, "params": {"colsample_bytree": 0.24704276664228403, "eta": 0.05410414943746012, "gamma": 725.1914686004299, "max_depth": 7.0, "min_child_weight": 4535.031813080186, "num_boost_round": 67.0, "subsample": 0.7647695239048965}, "datetime": {"datetime": "2024-01-20 15:24:33", "elapsed": 3627.248564, "delta": 0.00471}}
{"target": -13.502255340925295, "params": {"colsample_bytree": 0.24704276664228403, "eta": 0.05410414943746012, "gamma": 725.1914686004299, "max_depth": 7.0, "min_child_weight": 4535.031813080186, "num_boost_round": 68.0, "subsample": 0.7647695239048965}, "datetime": {"datetime": "2024-01-20 15:24:33", "elapsed": 3627.253124, "delta": 0.00456}}
{"target": -13.502433352247587, "params": {"colsample_bytree": 0.24704276664228403, "eta": 0.05410414943746012, "gamma": 725.1914686004299, "max_depth": 7.0, "min_child_weight": 4535.031813080186, "num_boost_round": 69.0, "subsample": 0.7647695239048965}, "datetime": {"datetime": "2024-01-20 15:24:33", "elapsed": 3627.257729, "delta": 0.004605}}
{"target": -13.502317015461003, "params": {"colsample_bytree": 0.24704276664228403, "eta": 0.05410414943746012, "gamma": 725.1914686004299, "max_depth": 7.0, "min_child_weight": 4535.031813080186, "num_boost_round": 70.0, "subsample": 0.7647695239048965}, "datetime": {"datetime": "2024-01-20 15:24:33", "elapsed": 3627.262338, "delta": 0.004609}}
{"target": -13.502203115193955, "params": {"colsample_bytree": 0.24704276664228403, "eta": 0.05410414943746012, "gamma": 725.1914686004299, "max_depth": 7.0, "min_child_weight": 4535.031813080186, "num_boost_round": 71.0, "subsample": 0.7647695239048965}, "datetime": {"datetime": "2024-01-20 15:24:33", "elapsed": 3627.266927, "delta": 0.004589}}
{"target": -13.502351024118116, "params": {"colsample_bytree": 0.24704276664228403, "eta": 0.05410414943746012, "gamma": 725.1914686004299, "max_depth": 7.0, "min_child_weight": 4535.031813080186, "num_boost_round": 72.0, "subsample": 0.7647695239048965}, "datetime": {"datetime": "2024-01-20 15:24:33", "elapsed": 3627.271524, "delta": 0.004597}}
{"target": -13.502371079131214, "params": {"colsample_bytree": 0.24704276664228403, "eta": 0.05410414943746012, "gamma": 725.1914686004299, "max_depth": 7.0, "min_child_weight": 4535.031813080186, "num_boost_round": 73.0, "subsample": 0.7647695239048965}, "datetime": {"datetime": "2024-01-20 15:24:33", "elapsed": 3627.276202, "delta": 0.004678}}
{"target": -13.502227856872787, "params": {"colsample_bytree": 0.24704276664228403, "eta": 0.05410414943746012, "gamma": 725.1914686004299, "max_depth": 7.0, "min_child_weight": 4535.031813080186, "num_boost_round": 74.0, "subsample": 0.7647695239048965}, "datetime": {"datetime": "2024-01-20 15:24:33", "elapsed": 3627.280767, "delta": 0.004565}}
{"target": -13.50239408162182, "params": {"colsample_bytree": 0.24704276664228403, "eta": 0.05410414943746012, "gamma": 725.1914686004299, "max_depth": 7.0, "min_child_weight": 4535.031813080186, "num_boost_round": 75.0, "subsample": 0.7647695239048965}, "datetime": {"datetime": "2024-01-20 15:24:33", "elapsed": 3627.285334, "delta": 0.004567}}
{"target": -13.502331533149377, "params": {"colsample_bytree": 0.24704276664228403, "eta": 0.05410414943746012, "gamma": 725.1914686004299, "max_depth": 7.0, "min_child_weight": 4535.031813080186, "num_boost_round": 76.0, "subsample": 0.7647695239048965}, "datetime": {"datetime": "2024-01-20 15:24:33", "elapsed": 3627.289929, "delta": 0.004595}}
{"target": -13.502312758588399, "params": {"colsample_bytree": 0.24704276664228403, "eta": 0.05410414943746012, "gamma": 725.1914686004299, "max_depth": 7.0, "min_child_weight": 4535.031813080186, "num_boost_round": 77.0, "subsample": 0.7647695239048965}, "datetime": {"datetime": "2024-01-20 15:24:33", "elapsed": 3627.294463, "delta": 0.004534}}
{"target": -13.50233838678478, "params": {"colsample_bytree": 0.24704276664228403, "eta": 0.05410414943746012, "gamma": 725.1914686004299, "max_depth": 7.0, "min_child_weight": 4535.031813080186, "num_boost_round": 78.0, "subsample": 0.7647695239048965}, "datetime": {"datetime": "2024-01-20 15:24:33", "elapsed": 3627.299092, "delta": 0.004629}}
{"target": -13.50233040248908, "params": {"colsample_bytree": 0.24704276664228403, "eta": 0.05410414943746012, "gamma": 725.1914686004299, "max_depth": 7.0, "min_child_weight": 4535.031813080186, "num_boost_round": 79.0, "subsample": 0.7647695239048965}, "datetime": {"datetime": "2024-01-20 15:24:33", "elapsed": 3627.303773, "delta": 0.004681}}
{"target": -13.502680386622488, "params": {"colsample_bytree": 0.24704276664228403, "eta": 0.05410414943746012, "gamma": 725.1914686004299, "max_depth": 7.0, "min_child_weight": 4535.031813080186, "num_boost_round": 80.0, "subsample": 0.7647695239048965}, "datetime": {"datetime": "2024-01-20 15:24:33", "elapsed": 3627.308915, "delta": 0.005142}}
{"target": -13.502654146804549, "params": {"colsample_bytree": 0.24704276664228403, "eta": 0.05410414943746012, "gamma": 725.1914686004299, "max_depth": 7.0, "min_child_weight": 4535.031813080186, "num_boost_round": 81.0, "subsample": 0.7647695239048965}, "datetime": {"datetime": "2024-01-20 15:24:33", "elapsed": 3627.31361, "delta": 0.004695}}
{"target": -13.502708911744245, "params": {"colsample_bytree": 0.24704276664228403, "eta": 0.05410414943746012, "gamma": 725.1914686004299, "max_depth": 7.0, "min_child_weight": 4535.031813080186, "num_boost_round": 82.0, "subsample": 0.7647695239048965}, "datetime": {"datetime": "2024-01-20 15:24:33", "elapsed": 3627.318219, "delta": 0.004609}}
{"target": -13.50268025344375, "params": {"colsample_bytree": 0.24704276664228403, "eta": 0.05410414943746012, "gamma": 725.1914686004299, "max_depth": 7.0, "min_child_weight": 4535.031813080186, "num_boost_round": 83.0, "subsample": 0.7647695239048965}, "datetime": {"datetime": "2024-01-20 15:24:33", "elapsed": 3627.322936, "delta": 0.004717}}
{"target": -13.502719316964932, "params": {"colsample_bytree": 0.24704276664228403, "eta": 0.05410414943746012, "gamma": 725.1914686004299, "max_depth": 7.0, "min_child_weight": 4535.031813080186, "num_boost_round": 84.0, "subsample": 0.7647695239048965}, "datetime": {"datetime": "2024-01-20 15:24:33", "elapsed": 3627.327513, "delta": 0.004577}}
{"target": -13.502687838673758, "params": {"colsample_bytree": 0.24704276664228403, "eta": 0.05410414943746012, "gamma": 725.1914686004299, "max_depth": 7.0, "min_child_weight": 4535.031813080186, "num_boost_round": 85.0, "subsample": 0.7647695239048965}, "datetime": {"datetime": "2024-01-20 15:24:33", "elapsed": 3627.332179, "delta": 0.004666}}
{"target": -13.502797958722834, "params": {"colsample_bytree": 0.24704276664228403, "eta": 0.05410414943746012, "gamma": 725.1914686004299, "max_depth": 7.0, "min_child_weight": 4535.031813080186, "num_boost_round": 86.0, "subsample": 0.7647695239048965}, "datetime": {"datetime": "2024-01-20 15:24:33", "elapsed": 3627.336759, "delta": 0.00458}}
{"target": -13.502929503708753, "params": {"colsample_bytree": 0.24704276664228403, "eta": 0.05410414943746012, "gamma": 725.1914686004299, "max_depth": 7.0, "min_child_weight": 4535.031813080186, "num_boost_round": 87.0, "subsample": 0.7647695239048965}, "datetime": {"datetime": "2024-01-20 15:24:33", "elapsed": 3627.341359, "delta": 0.0046}}
{"target": -13.503111904835023, "params": {"colsample_bytree": 0.24704276664228403, "eta": 0.05410414943746012, "gamma": 725.1914686004299, "max_depth": 7.0, "min_child_weight": 4535.031813080186, "num_boost_round": 88.0, "subsample": 0.7647695239048965}, "datetime": {"datetime": "2024-01-20 15:24:33", "elapsed": 3627.345953, "delta": 0.004594}}
{"target": -13.503170178369706, "params": {"colsample_bytree": 0.24704276664228403, "eta": 0.05410414943746012, "gamma": 725.1914686004299, "max_depth": 7.0, "min_child_weight": 4535.031813080186, "num_boost_round": 89.0, "subsample": 0.7647695239048965}, "datetime": {"datetime": "2024-01-20 15:24:33", "elapsed": 3627.350553, "delta": 0.0046}}
{"target": -13.503283470294772, "params": {"colsample_bytree": 0.24704276664228403, "eta": 0.05410414943746012, "gamma": 725.1914686004299, "max_depth": 7.0, "min_child_weight": 4535.031813080186, "num_boost_round": 90.0, "subsample": 0.7647695239048965}, "datetime": {"datetime": "2024-01-20 15:24:33", "elapsed": 3627.355185, "delta": 0.004632}}
{"target": -13.503351882923427, "params": {"colsample_bytree": 0.24704276664228403, "eta": 0.05410414943746012, "gamma": 725.1914686004299, "max_depth": 7.0, "min_child_weight": 4535.031813080186, "num_boost_round": 91.0, "subsample": 0.7647695239048965}, "datetime": {"datetime": "2024-01-20 15:24:33", "elapsed": 3627.361429, "delta": 0.006244}}
{"target": -13.503379614180055, "params": {"colsample_bytree": 0.24704276664228403, "eta": 0.05410414943746012, "gamma": 725.1914686004299, "max_depth": 7.0, "min_child_weight": 4535.031813080186, "num_boost_round": 92.0, "subsample": 0.7647695239048965}, "datetime": {"datetime": "2024-01-20 15:24:33", "elapsed": 3627.367367, "delta": 0.005938}}
{"target": -13.503610688393271, "params": {"colsample_bytree": 0.24704276664228403, "eta": 0.05410414943746012, "gamma": 725.1914686004299, "max_depth": 7.0, "min_child_weight": 4535.031813080186, "num_boost_round": 93.0, "subsample": 0.7647695239048965}, "datetime": {"datetime": "2024-01-20 15:24:33", "elapsed": 3627.373928, "delta": 0.006561}}
{"target": -13.50378079436464, "params": {"colsample_bytree": 0.24704276664228403, "eta": 0.05410414943746012, "gamma": 725.1914686004299, "max_depth": 7.0, "min_child_weight": 4535.031813080186, "num_boost_round": 94.0, "subsample": 0.7647695239048965}, "datetime": {"datetime": "2024-01-20 15:24:33", "elapsed": 3627.379611, "delta": 0.005683}}
{"target": -13.497891507577126, "params": {"colsample_bytree": 0.44570210890880524, "eta": 0.0013010681183959782, "gamma": 743.8583989443864, "max_depth": 6.0, "min_child_weight": 4486.552884863835, "num_boost_round": 1.0, "subsample": 0.33361722471998984}, "datetime": {"datetime": "2024-01-20 15:26:05", "elapsed": 3719.031737, "delta": 91.652126}}
{"target": -13.497873932070313, "params": {"colsample_bytree": 0.44570210890880524, "eta": 0.0013010681183959782, "gamma": 743.8583989443864, "max_depth": 6.0, "min_child_weight": 4486.552884863835, "num_boost_round": 2.0, "subsample": 0.33361722471998984}, "datetime": {"datetime": "2024-01-20 15:26:05", "elapsed": 3719.037088, "delta": 0.005351}}
{"target": -13.497871053393675, "params": {"colsample_bytree": 0.44570210890880524, "eta": 0.0013010681183959782, "gamma": 743.8583989443864, "max_depth": 6.0, "min_child_weight": 4486.552884863835, "num_boost_round": 3.0, "subsample": 0.33361722471998984}, "datetime": {"datetime": "2024-01-20 15:26:05", "elapsed": 3719.0421, "delta": 0.005012}}
{"target": -13.497869025701842, "params": {"colsample_bytree": 0.44570210890880524, "eta": 0.0013010681183959782, "gamma": 743.8583989443864, "max_depth": 6.0, "min_child_weight": 4486.552884863835, "num_boost_round": 4.0, "subsample": 0.33361722471998984}, "datetime": {"datetime": "2024-01-20 15:26:05", "elapsed": 3719.04695, "delta": 0.00485}}
{"target": -13.497849470862041, "params": {"colsample_bytree": 0.44570210890880524, "eta": 0.0013010681183959782, "gamma": 743.8583989443864, "max_depth": 6.0, "min_child_weight": 4486.552884863835, "num_boost_round": 5.0, "subsample": 0.33361722471998984}, "datetime": {"datetime": "2024-01-20 15:26:05", "elapsed": 3719.051604, "delta": 0.004654}}
{"target": -13.497840155411108, "params": {"colsample_bytree": 0.44570210890880524, "eta": 0.0013010681183959782, "gamma": 743.8583989443864, "max_depth": 6.0, "min_child_weight": 4486.552884863835, "num_boost_round": 6.0, "subsample": 0.33361722471998984}, "datetime": {"datetime": "2024-01-20 15:26:05", "elapsed": 3719.056414, "delta": 0.00481}}
{"target": -13.497827696298929, "params": {"colsample_bytree": 0.44570210890880524, "eta": 0.0013010681183959782, "gamma": 743.8583989443864, "max_depth": 6.0, "min_child_weight": 4486.552884863835, "num_boost_round": 7.0, "subsample": 0.33361722471998984}, "datetime": {"datetime": "2024-01-20 15:26:05", "elapsed": 3719.061025, "delta": 0.004611}}
{"target": -13.497814811175402, "params": {"colsample_bytree": 0.44570210890880524, "eta": 0.0013010681183959782, "gamma": 743.8583989443864, "max_depth": 6.0, "min_child_weight": 4486.552884863835, "num_boost_round": 8.0, "subsample": 0.33361722471998984}, "datetime": {"datetime": "2024-01-20 15:26:05", "elapsed": 3719.065642, "delta": 0.004617}}
{"target": -13.497807849673755, "params": {"colsample_bytree": 0.44570210890880524, "eta": 0.0013010681183959782, "gamma": 743.8583989443864, "max_depth": 6.0, "min_child_weight": 4486.552884863835, "num_boost_round": 9.0, "subsample": 0.33361722471998984}, "datetime": {"datetime": "2024-01-20 15:26:05", "elapsed": 3719.070364, "delta": 0.004722}}
{"target": -13.497797840123088, "params": {"colsample_bytree": 0.44570210890880524, "eta": 0.0013010681183959782, "gamma": 743.8583989443864, "max_depth": 6.0, "min_child_weight": 4486.552884863835, "num_boost_round": 10.0, "subsample": 0.33361722471998984}, "datetime": {"datetime": "2024-01-20 15:26:05", "elapsed": 3719.075348, "delta": 0.004984}}
{"target": -13.497790436821079, "params": {"colsample_bytree": 0.44570210890880524, "eta": 0.0013010681183959782, "gamma": 743.8583989443864, "max_depth": 6.0, "min_child_weight": 4486.552884863835, "num_boost_round": 11.0, "subsample": 0.33361722471998984}, "datetime": {"datetime": "2024-01-20 15:26:05", "elapsed": 3719.079992, "delta": 0.004644}}
{"target": -13.497779665617859, "params": {"colsample_bytree": 0.44570210890880524, "eta": 0.0013010681183959782, "gamma": 743.8583989443864, "max_depth": 6.0, "min_child_weight": 4486.552884863835, "num_boost_round": 12.0, "subsample": 0.33361722471998984}, "datetime": {"datetime": "2024-01-20 15:26:05", "elapsed": 3719.084606, "delta": 0.004614}}
{"target": -13.49776803649666, "params": {"colsample_bytree": 0.44570210890880524, "eta": 0.0013010681183959782, "gamma": 743.8583989443864, "max_depth": 6.0, "min_child_weight": 4486.552884863835, "num_boost_round": 13.0, "subsample": 0.33361722471998984}, "datetime": {"datetime": "2024-01-20 15:26:05", "elapsed": 3719.089259, "delta": 0.004653}}
{"target": -13.497762070936076, "params": {"colsample_bytree": 0.44570210890880524, "eta": 0.0013010681183959782, "gamma": 743.8583989443864, "max_depth": 6.0, "min_child_weight": 4486.552884863835, "num_boost_round": 14.0, "subsample": 0.33361722471998984}, "datetime": {"datetime": "2024-01-20 15:26:05", "elapsed": 3719.093988, "delta": 0.004729}}
{"target": -13.49774992560969, "params": {"colsample_bytree": 0.44570210890880524, "eta": 0.0013010681183959782, "gamma": 743.8583989443864, "max_depth": 6.0, "min_child_weight": 4486.552884863835, "num_boost_round": 15.0, "subsample": 0.33361722471998984}, "datetime": {"datetime": "2024-01-20 15:26:05", "elapsed": 3719.098796, "delta": 0.004808}}
{"target": -13.497738347322162, "params": {"colsample_bytree": 0.44570210890880524, "eta": 0.0013010681183959782, "gamma": 743.8583989443864, "max_depth": 6.0, "min_child_weight": 4486.552884863835, "num_boost_round": 16.0, "subsample": 0.33361722471998984}, "datetime": {"datetime": "2024-01-20 15:26:05", "elapsed": 3719.103648, "delta": 0.004852}}
{"target": -13.497726934694452, "params": {"colsample_bytree": 0.44570210890880524, "eta": 0.0013010681183959782, "gamma": 743.8583989443864, "max_depth": 6.0, "min_child_weight": 4486.552884863835, "num_boost_round": 17.0, "subsample": 0.33361722471998984}, "datetime": {"datetime": "2024-01-20 15:26:05", "elapsed": 3719.108292, "delta": 0.004644}}
{"target": -13.497714829170167, "params": {"colsample_bytree": 0.44570210890880524, "eta": 0.0013010681183959782, "gamma": 743.8583989443864, "max_depth": 6.0, "min_child_weight": 4486.552884863835, "num_boost_round": 18.0, "subsample": 0.33361722471998984}, "datetime": {"datetime": "2024-01-20 15:26:05", "elapsed": 3719.113012, "delta": 0.00472}}
{"target": -13.49770117104033, "params": {"colsample_bytree": 0.44570210890880524, "eta": 0.0013010681183959782, "gamma": 743.8583989443864, "max_depth": 6.0, "min_child_weight": 4486.552884863835, "num_boost_round": 19.0, "subsample": 0.33361722471998984}, "datetime": {"datetime": "2024-01-20 15:26:05", "elapsed": 3719.117788, "delta": 0.004776}}
{"target": -13.497686583839691, "params": {"colsample_bytree": 0.44570210890880524, "eta": 0.0013010681183959782, "gamma": 743.8583989443864, "max_depth": 6.0, "min_child_weight": 4486.552884863835, "num_boost_round": 20.0, "subsample": 0.33361722471998984}, "datetime": {"datetime": "2024-01-20 15:26:05", "elapsed": 3719.122449, "delta": 0.004661}}
{"target": -13.49767149770215, "params": {"colsample_bytree": 0.44570210890880524, "eta": 0.0013010681183959782, "gamma": 743.8583989443864, "max_depth": 6.0, "min_child_weight": 4486.552884863835, "num_boost_round": 21.0, "subsample": 0.33361722471998984}, "datetime": {"datetime": "2024-01-20 15:26:05", "elapsed": 3719.127179, "delta": 0.00473}}
