{"target": -19.142969760291045, "params": {"colsample_bytree": 0.32298987100832366, "eta": 0.010230142760802939, "gamma": 242.10392060239815, "max_depth": 7.0, "min_child_weight": 4265.193156149254, "num_boost_round": 6.0, "subsample": 0.40462029229945906}, "datetime": {"datetime": "2024-01-20 14:49:21", "elapsed": 1529.85088, "delta": 0.003275}}
{"target": -19.14352831419864, "params": {"colsample_bytree": 0.5128952437400438, "eta": 0.05933635531537702, "gamma": 232.11118723316937, "max_depth": 4.0, "min_child_weight": 4353.252028275463, "num_boost_round": 1.0, "subsample": 0.5928415118068828}, "datetime": {"datetime": "2024-01-20 14:50:02", "elapsed": 1570.907726, "delta": 41.056846}}
{"target": -19.143690882816585, "params": {"colsample_bytree": 0.5128952437400438, "eta": 0.05933635531537702, "gamma": 232.11118723316937, "max_depth": 4.0, "min_child_weight": 4353.252028275463, "num_boost_round": 2.0, "subsample": 0.5928415118068828}, "datetime": {"datetime": "2024-01-20 14:50:02", "elapsed": 1570.910862, "delta": 0.003136}}
{"target": -19.143720389071007, "params": {"colsample_bytree": 0.5128952437400438, "eta": 0.05933635531537702, "gamma": 232.11118723316937, "max_depth": 4.0, "min_child_weight": 4353.252028275463, "num_boost_round": 3.0, "subsample": 0.5928415118068828}, "datetime": {"datetime": "2024-01-20 14:50:02", "elapsed": 1570.912999, "delta": 0.002137}}
{"target": -19.143183580395558, "params": {"colsample_bytree": 0.5128952437400438, "eta": 0.05933635531537702, "gamma": 232.11118723316937, "max_depth": 4.0, "min_child_weight": 4353.252028275463, "num_boost_round": 4.0, "subsample": 0.5928415118068828}, "datetime": {"datetime": "2024-01-20 14:50:02", "elapsed": 1570.915253, "delta": 0.002254}}
{"target": -19.143333114488104, "params": {"colsample_bytree": 0.5128952437400438, "eta": 0.05933635531537702, "gamma": 232.11118723316937, "max_depth": 4.0, "min_child_weight": 4353.252028275463, "num_boost_round": 5.0, "subsample": 0.5928415118068828}, "datetime": {"datetime": "2024-01-20 14:50:02", "elapsed": 1570.917435, "delta": 0.002182}}
{"target": -19.14306559670827, "params": {"colsample_bytree": 0.5128952437400438, "eta": 0.05933635531537702, "gamma": 232.11118723316937, "max_depth": 4.0, "min_child_weight": 4353.252028275463, "num_boost_round": 6.0, "subsample": 0.5928415118068828}, "datetime": {"datetime": "2024-01-20 14:50:02", "elapsed": 1570.919524, "delta": 0.002089}}
{"target": -19.14333524543118, "params": {"colsample_bytree": 0.5128952437400438, "eta": 0.05933635531537702, "gamma": 232.11118723316937, "max_depth": 4.0, "min_child_weight": 4353.252028275463, "num_boost_round": 7.0, "subsample": 0.5928415118068828}, "datetime": {"datetime": "2024-01-20 14:50:02", "elapsed": 1570.921847, "delta": 0.002323}}
{"target": -19.14385438872428, "params": {"colsample_bytree": 0.5128952437400438, "eta": 0.05933635531537702, "gamma": 232.11118723316937, "max_depth": 4.0, "min_child_weight": 4353.252028275463, "num_boost_round": 8.0, "subsample": 0.5928415118068828}, "datetime": {"datetime": "2024-01-20 14:50:02", "elapsed": 1570.923989, "delta": 0.002142}}
{"target": -19.14381931512549, "params": {"colsample_bytree": 0.5128952437400438, "eta": 0.05933635531537702, "gamma": 232.11118723316937, "max_depth": 4.0, "min_child_weight": 4353.252028275463, "num_boost_round": 9.0, "subsample": 0.5928415118068828}, "datetime": {"datetime": "2024-01-20 14:50:02", "elapsed": 1570.926183, "delta": 0.002194}}
{"target": -19.14419364557109, "params": {"colsample_bytree": 0.5128952437400438, "eta": 0.05933635531537702, "gamma": 232.11118723316937, "max_depth": 4.0, "min_child_weight": 4353.252028275463, "num_boost_round": 10.0, "subsample": 0.5928415118068828}, "datetime": {"datetime": "2024-01-20 14:50:02", "elapsed": 1570.928292, "delta": 0.002109}}
{"target": -19.14433323618288, "params": {"colsample_bytree": 0.5128952437400438, "eta": 0.05933635531537702, "gamma": 232.11118723316937, "max_depth": 4.0, "min_child_weight": 4353.252028275463, "num_boost_round": 11.0, "subsample": 0.5928415118068828}, "datetime": {"datetime": "2024-01-20 14:50:02", "elapsed": 1570.930406, "delta": 0.002114}}
{"target": -19.144338921755363, "params": {"colsample_bytree": 0.5128952437400438, "eta": 0.05933635531537702, "gamma": 232.11118723316937, "max_depth": 4.0, "min_child_weight": 4353.252028275463, "num_boost_round": 12.0, "subsample": 0.5928415118068828}, "datetime": {"datetime": "2024-01-20 14:50:02", "elapsed": 1570.932524, "delta": 0.002118}}
{"target": -19.144970414016143, "params": {"colsample_bytree": 0.5128952437400438, "eta": 0.05933635531537702, "gamma": 232.11118723316937, "max_depth": 4.0, "min_child_weight": 4353.252028275463, "num_boost_round": 13.0, "subsample": 0.5928415118068828}, "datetime": {"datetime": "2024-01-20 14:50:02", "elapsed": 1570.934663, "delta": 0.002139}}
{"target": -19.145795710688343, "params": {"colsample_bytree": 0.5128952437400438, "eta": 0.05933635531537702, "gamma": 232.11118723316937, "max_depth": 4.0, "min_child_weight": 4353.252028275463, "num_boost_round": 14.0, "subsample": 0.5928415118068828}, "datetime": {"datetime": "2024-01-20 14:50:02", "elapsed": 1570.936797, "delta": 0.002134}}
{"target": -19.14647179177341, "params": {"colsample_bytree": 0.5128952437400438, "eta": 0.05933635531537702, "gamma": 232.11118723316937, "max_depth": 4.0, "min_child_weight": 4353.252028275463, "num_boost_round": 15.0, "subsample": 0.5928415118068828}, "datetime": {"datetime": "2024-01-20 14:50:02", "elapsed": 1570.938897, "delta": 0.0021}}
{"target": -19.146361988398642, "params": {"colsample_bytree": 0.5128952437400438, "eta": 0.05933635531537702, "gamma": 232.11118723316937, "max_depth": 4.0, "min_child_weight": 4353.252028275463, "num_boost_round": 16.0, "subsample": 0.5928415118068828}, "datetime": {"datetime": "2024-01-20 14:50:02", "elapsed": 1570.941029, "delta": 0.002132}}
{"target": -19.146647904731232, "params": {"colsample_bytree": 0.5128952437400438, "eta": 0.05933635531537702, "gamma": 232.11118723316937, "max_depth": 4.0, "min_child_weight": 4353.252028275463, "num_boost_round": 17.0, "subsample": 0.5928415118068828}, "datetime": {"datetime": "2024-01-20 14:50:02", "elapsed": 1570.943165, "delta": 0.002136}}
{"target": -19.147216504703497, "params": {"colsample_bytree": 0.5128952437400438, "eta": 0.05933635531537702, "gamma": 232.11118723316937, "max_depth": 4.0, "min_child_weight": 4353.252028275463, "num_boost_round": 18.0, "subsample": 0.5928415118068828}, "datetime": {"datetime": "2024-01-20 14:50:02", "elapsed": 1570.94527, "delta": 0.002105}}
{"target": -19.147695471577798, "params": {"colsample_bytree": 0.5128952437400438, "eta": 0.05933635531537702, "gamma": 232.11118723316937, "max_depth": 4.0, "min_child_weight": 4353.252028275463, "num_boost_round": 19.0, "subsample": 0.5928415118068828}, "datetime": {"datetime": "2024-01-20 14:50:02", "elapsed": 1570.947625, "delta": 0.002355}}
{"target": -19.14774974830717, "params": {"colsample_bytree": 0.5128952437400438, "eta": 0.05933635531537702, "gamma": 232.11118723316937, "max_depth": 4.0, "min_child_weight": 4353.252028275463, "num_boost_round": 20.0, "subsample": 0.5928415118068828}, "datetime": {"datetime": "2024-01-20 14:50:02", "elapsed": 1570.949767, "delta": 0.002142}}
{"target": -19.148327070329255, "params": {"colsample_bytree": 0.5128952437400438, "eta": 0.05933635531537702, "gamma": 232.11118723316937, "max_depth": 4.0, "min_child_weight": 4353.252028275463, "num_boost_round": 21.0, "subsample": 0.5928415118068828}, "datetime": {"datetime": "2024-01-20 14:50:03", "elapsed": 1570.951874, "delta": 0.002107}}
{"target": -19.14898007157403, "params": {"colsample_bytree": 0.5128952437400438, "eta": 0.05933635531537702, "gamma": 232.11118723316937, "max_depth": 4.0, "min_child_weight": 4353.252028275463, "num_boost_round": 22.0, "subsample": 0.5928415118068828}, "datetime": {"datetime": "2024-01-20 14:50:03", "elapsed": 1570.953975, "delta": 0.002101}}
{"target": -19.148974056626734, "params": {"colsample_bytree": 0.5128952437400438, "eta": 0.05933635531537702, "gamma": 232.11118723316937, "max_depth": 4.0, "min_child_weight": 4353.252028275463, "num_boost_round": 23.0, "subsample": 0.5928415118068828}, "datetime": {"datetime": "2024-01-20 14:50:03", "elapsed": 1570.956112, "delta": 0.002137}}
{"target": -19.149266117848555, "params": {"colsample_bytree": 0.5128952437400438, "eta": 0.05933635531537702, "gamma": 232.11118723316937, "max_depth": 4.0, "min_child_weight": 4353.252028275463, "num_boost_round": 24.0, "subsample": 0.5928415118068828}, "datetime": {"datetime": "2024-01-20 14:50:03", "elapsed": 1570.958229, "delta": 0.002117}}
{"target": -19.14979795829464, "params": {"colsample_bytree": 0.5128952437400438, "eta": 0.05933635531537702, "gamma": 232.11118723316937, "max_depth": 4.0, "min_child_weight": 4353.252028275463, "num_boost_round": 25.0, "subsample": 0.5928415118068828}, "datetime": {"datetime": "2024-01-20 14:50:03", "elapsed": 1570.960341, "delta": 0.002112}}
{"target": -19.149977831360523, "params": {"colsample_bytree": 0.5128952437400438, "eta": 0.05933635531537702, "gamma": 232.11118723316937, "max_depth": 4.0, "min_child_weight": 4353.252028275463, "num_boost_round": 26.0, "subsample": 0.5928415118068828}, "datetime": {"datetime": "2024-01-20 14:50:03", "elapsed": 1570.962547, "delta": 0.002206}}
{"target": -19.150630884766123, "params": {"colsample_bytree": 0.5128952437400438, "eta": 0.05933635531537702, "gamma": 232.11118723316937, "max_depth": 4.0, "min_child_weight": 4353.252028275463, "num_boost_round": 27.0, "subsample": 0.5928415118068828}, "datetime": {"datetime": "2024-01-20 14:50:03", "elapsed": 1570.964685, "delta": 0.002138}}
{"target": -19.150915507818908, "params": {"colsample_bytree": 0.5128952437400438, "eta": 0.05933635531537702, "gamma": 232.11118723316937, "max_depth": 4.0, "min_child_weight": 4353.252028275463, "num_boost_round": 28.0, "subsample": 0.5928415118068828}, "datetime": {"datetime": "2024-01-20 14:50:03", "elapsed": 1570.967058, "delta": 0.002373}}
{"target": -19.150763296445454, "params": {"colsample_bytree": 0.5128952437400438, "eta": 0.05933635531537702, "gamma": 232.11118723316937, "max_depth": 4.0, "min_child_weight": 4353.252028275463, "num_boost_round": 29.0, "subsample": 0.5928415118068828}, "datetime": {"datetime": "2024-01-20 14:50:03", "elapsed": 1570.969282, "delta": 0.002224}}
{"target": -19.15092199432532, "params": {"colsample_bytree": 0.5128952437400438, "eta": 0.05933635531537702, "gamma": 232.11118723316937, "max_depth": 4.0, "min_child_weight": 4353.252028275463, "num_boost_round": 30.0, "subsample": 0.5928415118068828}, "datetime": {"datetime": "2024-01-20 14:50:03", "elapsed": 1570.971491, "delta": 0.002209}}
{"target": -19.151239458028748, "params": {"colsample_bytree": 0.5128952437400438, "eta": 0.05933635531537702, "gamma": 232.11118723316937, "max_depth": 4.0, "min_child_weight": 4353.252028275463, "num_boost_round": 31.0, "subsample": 0.5928415118068828}, "datetime": {"datetime": "2024-01-20 14:50:03", "elapsed": 1570.973794, "delta": 0.002303}}
{"target": -19.151401795333918, "params": {"colsample_bytree": 0.5128952437400438, "eta": 0.05933635531537702, "gamma": 232.11118723316937, "max_depth": 4.0, "min_child_weight": 4353.252028275463, "num_boost_round": 32.0, "subsample": 0.5928415118068828}, "datetime": {"datetime": "2024-01-20 14:50:03", "elapsed": 1570.975966, "delta": 0.002172}}
{"target": -19.151636752410212, "params": {"colsample_bytree": 0.5128952437400438, "eta": 0.05933635531537702, "gamma": 232.11118723316937, "max_depth": 4.0, "min_child_weight": 4353.252028275463, "num_boost_round": 33.0, "subsample": 0.5928415118068828}, "datetime": {"datetime": "2024-01-20 14:50:03", "elapsed": 1570.978093, "delta": 0.002127}}
{"target": -19.15193054133296, "params": {"colsample_bytree": 0.5128952437400438, "eta": 0.05933635531537702, "gamma": 232.11118723316937, "max_depth": 4.0, "min_child_weight": 4353.252028275463, "num_boost_round": 34.0, "subsample": 0.5928415118068828}, "datetime": {"datetime": "2024-01-20 14:50:03", "elapsed": 1570.980222, "delta": 0.002129}}
{"target": -19.152684851209592, "params": {"colsample_bytree": 0.5128952437400438, "eta": 0.05933635531537702, "gamma": 232.11118723316937, "max_depth": 4.0, "min_child_weight": 4353.252028275463, "num_boost_round": 35.0, "subsample": 0.5928415118068828}, "datetime": {"datetime": "2024-01-20 14:50:03", "elapsed": 1570.982363, "delta": 0.002141}}
{"target": -19.15290930613805, "params": {"colsample_bytree": 0.5128952437400438, "eta": 0.05933635531537702, "gamma": 232.11118723316937, "max_depth": 4.0, "min_child_weight": 4353.252028275463, "num_boost_round": 36.0, "subsample": 0.5928415118068828}, "datetime": {"datetime": "2024-01-20 14:50:03", "elapsed": 1570.984546, "delta": 0.002183}}
{"target": -19.153692231334553, "params": {"colsample_bytree": 0.5128952437400438, "eta": 0.05933635531537702, "gamma": 232.11118723316937, "max_depth": 4.0, "min_child_weight": 4353.252028275463, "num_boost_round": 37.0, "subsample": 0.5928415118068828}, "datetime": {"datetime": "2024-01-20 14:50:03", "elapsed": 1570.986767, "delta": 0.002221}}
{"target": -19.15395529618835, "params": {"colsample_bytree": 0.5128952437400438, "eta": 0.05933635531537702, "gamma": 232.11118723316937, "max_depth": 4.0, "min_child_weight": 4353.252028275463, "num_boost_round": 38.0, "subsample": 0.5928415118068828}, "datetime": {"datetime": "2024-01-20 14:50:03", "elapsed": 1570.988898, "delta": 0.002131}}
{"target": -19.153959978481247, "params": {"colsample_bytree": 0.5128952437400438, "eta": 0.05933635531537702, "gamma": 232.11118723316937, "max_depth": 4.0, "min_child_weight": 4353.252028275463, "num_boost_round": 39.0, "subsample": 0.5928415118068828}, "datetime": {"datetime": "2024-01-20 14:50:03", "elapsed": 1570.991023, "delta": 0.002125}}
{"target": -19.153813611946845, "params": {"colsample_bytree": 0.5128952437400438, "eta": 0.05933635531537702, "gamma": 232.11118723316937, "max_depth": 4.0, "min_child_weight": 4353.252028275463, "num_boost_round": 40.0, "subsample": 0.5928415118068828}, "datetime": {"datetime": "2024-01-20 14:50:03", "elapsed": 1570.993172, "delta": 0.002149}}
{"target": -19.154028334671622, "params": {"colsample_bytree": 0.5128952437400438, "eta": 0.05933635531537702, "gamma": 232.11118723316937, "max_depth": 4.0, "min_child_weight": 4353.252028275463, "num_boost_round": 41.0, "subsample": 0.5928415118068828}, "datetime": {"datetime": "2024-01-20 14:50:03", "elapsed": 1570.995342, "delta": 0.00217}}
{"target": -19.142838981331987, "params": {"colsample_bytree": 0.13308218081988699, "eta": 0.059700945664691585, "gamma": 326.43754593252504, "max_depth": 4.0, "min_child_weight": 4323.210077700703, "num_boost_round": 1.0, "subsample": 0.3419284228953503}, "datetime": {"datetime": "2024-01-20 14:50:25", "elapsed": 1593.904477, "delta": 22.909135}}
{"target": -19.142488169641833, "params": {"colsample_bytree": 0.13308218081988699, "eta": 0.059700945664691585, "gamma": 326.43754593252504, "max_depth": 4.0, "min_child_weight": 4323.210077700703, "num_boost_round": 2.0, "subsample": 0.3419284228953503}, "datetime": {"datetime": "2024-01-20 14:50:25", "elapsed": 1593.908032, "delta": 0.003555}}
{"target": -19.143090656481647, "params": {"colsample_bytree": 0.16089281067002664, "eta": 0.01733303008142221, "gamma": 364.1376214512354, "max_depth": 2.0, "min_child_weight": 4398.752177942966, "num_boost_round": 1.0, "subsample": 0.7979219138220214}, "datetime": {"datetime": "2024-01-20 14:50:51", "elapsed": 1619.5876, "delta": 25.679568}}
{"target": -19.143039187571016, "params": {"colsample_bytree": 0.16089281067002664, "eta": 0.01733303008142221, "gamma": 364.1376214512354, "max_depth": 2.0, "min_child_weight": 4398.752177942966, "num_boost_round": 2.0, "subsample": 0.7979219138220214}, "datetime": {"datetime": "2024-01-20 14:50:51", "elapsed": 1619.591606, "delta": 0.004006}}
{"target": -19.142991889053825, "params": {"colsample_bytree": 0.16089281067002664, "eta": 0.01733303008142221, "gamma": 364.1376214512354, "max_depth": 2.0, "min_child_weight": 4398.752177942966, "num_boost_round": 3.0, "subsample": 0.7979219138220214}, "datetime": {"datetime": "2024-01-20 14:50:51", "elapsed": 1619.594008, "delta": 0.002402}}
{"target": -19.142915296099282, "params": {"colsample_bytree": 0.16089281067002664, "eta": 0.01733303008142221, "gamma": 364.1376214512354, "max_depth": 2.0, "min_child_weight": 4398.752177942966, "num_boost_round": 4.0, "subsample": 0.7979219138220214}, "datetime": {"datetime": "2024-01-20 14:50:51", "elapsed": 1619.596267, "delta": 0.002259}}
{"target": -19.142909307827935, "params": {"colsample_bytree": 0.16089281067002664, "eta": 0.01733303008142221, "gamma": 364.1376214512354, "max_depth": 2.0, "min_child_weight": 4398.752177942966, "num_boost_round": 5.0, "subsample": 0.7979219138220214}, "datetime": {"datetime": "2024-01-20 14:50:51", "elapsed": 1619.598403, "delta": 0.002136}}
{"target": -19.142870462484538, "params": {"colsample_bytree": 0.16089281067002664, "eta": 0.01733303008142221, "gamma": 364.1376214512354, "max_depth": 2.0, "min_child_weight": 4398.752177942966, "num_boost_round": 6.0, "subsample": 0.7979219138220214}, "datetime": {"datetime": "2024-01-20 14:50:51", "elapsed": 1619.60055, "delta": 0.002147}}
{"target": -19.142935350241636, "params": {"colsample_bytree": 0.16089281067002664, "eta": 0.01733303008142221, "gamma": 364.1376214512354, "max_depth": 2.0, "min_child_weight": 4398.752177942966, "num_boost_round": 7.0, "subsample": 0.7979219138220214}, "datetime": {"datetime": "2024-01-20 14:50:51", "elapsed": 1619.60275, "delta": 0.0022}}
{"target": -19.142819986140573, "params": {"colsample_bytree": 0.16089281067002664, "eta": 0.01733303008142221, "gamma": 364.1376214512354, "max_depth": 2.0, "min_child_weight": 4398.752177942966, "num_boost_round": 8.0, "subsample": 0.7979219138220214}, "datetime": {"datetime": "2024-01-20 14:50:51", "elapsed": 1619.604909, "delta": 0.002159}}
{"target": -19.14280062046622, "params": {"colsample_bytree": 0.16089281067002664, "eta": 0.01733303008142221, "gamma": 364.1376214512354, "max_depth": 2.0, "min_child_weight": 4398.752177942966, "num_boost_round": 9.0, "subsample": 0.7979219138220214}, "datetime": {"datetime": "2024-01-20 14:50:51", "elapsed": 1619.607167, "delta": 0.002258}}
{"target": -19.142897871385273, "params": {"colsample_bytree": 0.16089281067002664, "eta": 0.01733303008142221, "gamma": 364.1376214512354, "max_depth": 2.0, "min_child_weight": 4398.752177942966, "num_boost_round": 10.0, "subsample": 0.7979219138220214}, "datetime": {"datetime": "2024-01-20 14:50:51", "elapsed": 1619.609333, "delta": 0.002166}}
{"target": -19.14282876093559, "params": {"colsample_bytree": 0.16089281067002664, "eta": 0.01733303008142221, "gamma": 364.1376214512354, "max_depth": 2.0, "min_child_weight": 4398.752177942966, "num_boost_round": 11.0, "subsample": 0.7979219138220214}, "datetime": {"datetime": "2024-01-20 14:50:51", "elapsed": 1619.630682, "delta": 0.021349}}
{"target": -19.1428819340101, "params": {"colsample_bytree": 0.16089281067002664, "eta": 0.01733303008142221, "gamma": 364.1376214512354, "max_depth": 2.0, "min_child_weight": 4398.752177942966, "num_boost_round": 12.0, "subsample": 0.7979219138220214}, "datetime": {"datetime": "2024-01-20 14:50:51", "elapsed": 1619.632889, "delta": 0.002207}}
{"target": -19.142892449394587, "params": {"colsample_bytree": 0.16089281067002664, "eta": 0.01733303008142221, "gamma": 364.1376214512354, "max_depth": 2.0, "min_child_weight": 4398.752177942966, "num_boost_round": 13.0, "subsample": 0.7979219138220214}, "datetime": {"datetime": "2024-01-20 14:50:51", "elapsed": 1619.635084, "delta": 0.002195}}
{"target": -19.14287022622178, "params": {"colsample_bytree": 0.16089281067002664, "eta": 0.01733303008142221, "gamma": 364.1376214512354, "max_depth": 2.0, "min_child_weight": 4398.752177942966, "num_boost_round": 14.0, "subsample": 0.7979219138220214}, "datetime": {"datetime": "2024-01-20 14:50:51", "elapsed": 1619.637235, "delta": 0.002151}}
{"target": -19.142923578506586, "params": {"colsample_bytree": 0.16089281067002664, "eta": 0.01733303008142221, "gamma": 364.1376214512354, "max_depth": 2.0, "min_child_weight": 4398.752177942966, "num_boost_round": 15.0, "subsample": 0.7979219138220214}, "datetime": {"datetime": "2024-01-20 14:50:51", "elapsed": 1619.639381, "delta": 0.002146}}
{"target": -19.142933734791097, "params": {"colsample_bytree": 0.16089281067002664, "eta": 0.01733303008142221, "gamma": 364.1376214512354, "max_depth": 2.0, "min_child_weight": 4398.752177942966, "num_boost_round": 16.0, "subsample": 0.7979219138220214}, "datetime": {"datetime": "2024-01-20 14:50:51", "elapsed": 1619.641524, "delta": 0.002143}}
{"target": -19.143972101772377, "params": {"colsample_bytree": 0.7875634386828321, "eta": 0.09614847749177549, "gamma": 422.1512967581513, "max_depth": 9.0, "min_child_weight": 4428.650638921585, "num_boost_round": 1.0, "subsample": 0.4173518539032096}, "datetime": {"datetime": "2024-01-20 14:51:25", "elapsed": 1653.271142, "delta": 33.629618}}
{"target": -19.14430338930135, "params": {"colsample_bytree": 0.7875634386828321, "eta": 0.09614847749177549, "gamma": 422.1512967581513, "max_depth": 9.0, "min_child_weight": 4428.650638921585, "num_boost_round": 2.0, "subsample": 0.4173518539032096}, "datetime": {"datetime": "2024-01-20 14:51:25", "elapsed": 1653.27394, "delta": 0.002798}}
{"target": -19.144728672002998, "params": {"colsample_bytree": 0.7875634386828321, "eta": 0.09614847749177549, "gamma": 422.1512967581513, "max_depth": 9.0, "min_child_weight": 4428.650638921585, "num_boost_round": 3.0, "subsample": 0.4173518539032096}, "datetime": {"datetime": "2024-01-20 14:51:25", "elapsed": 1653.276163, "delta": 0.002223}}
