{"target": -13.397748111072609, "params": {"colsample_bytree": 0.9925875050622052, "eta": 6.580145475115698e-05, "gamma": 864.0787670962462, "max_depth": 8.0, "min_child_weight": 3419.3514343931265, "num_boost_round": 9.0, "subsample": 0.7530505844056706}, "datetime": {"datetime": "2024-01-20 14:41:01", "elapsed": 995.822589, "delta": 0.00132}}
{"target": -13.39774704133338, "params": {"colsample_bytree": 0.9925875050622052, "eta": 6.580145475115698e-05, "gamma": 864.0787670962462, "max_depth": 8.0, "min_child_weight": 3419.3514343931265, "num_boost_round": 10.0, "subsample": 0.7530505844056706}, "datetime": {"datetime": "2024-01-20 14:41:01", "elapsed": 995.823873, "delta": 0.001284}}
{"target": -13.397745722985043, "params": {"colsample_bytree": 0.9925875050622052, "eta": 6.580145475115698e-05, "gamma": 864.0787670962462, "max_depth": 8.0, "min_child_weight": 3419.3514343931265, "num_boost_round": 11.0, "subsample": 0.7530505844056706}, "datetime": {"datetime": "2024-01-20 14:41:01", "elapsed": 995.825178, "delta": 0.001305}}
{"target": -13.397744720361889, "params": {"colsample_bytree": 0.9925875050622052, "eta": 6.580145475115698e-05, "gamma": 864.0787670962462, "max_depth": 8.0, "min_child_weight": 3419.3514343931265, "num_boost_round": 12.0, "subsample": 0.7530505844056706}, "datetime": {"datetime": "2024-01-20 14:41:01", "elapsed": 995.826492, "delta": 0.001314}}
{"target": -13.397743522702964, "params": {"colsample_bytree": 0.9925875050622052, "eta": 6.580145475115698e-05, "gamma": 864.0787670962462, "max_depth": 8.0, "min_child_weight": 3419.3514343931265, "num_boost_round": 13.0, "subsample": 0.7530505844056706}, "datetime": {"datetime": "2024-01-20 14:41:01", "elapsed": 995.827763, "delta": 0.001271}}
{"target": -13.39774187175702, "params": {"colsample_bytree": 0.9925875050622052, "eta": 6.580145475115698e-05, "gamma": 864.0787670962462, "max_depth": 8.0, "min_child_weight": 3419.3514343931265, "num_boost_round": 14.0, "subsample": 0.7530505844056706}, "datetime": {"datetime": "2024-01-20 14:41:01", "elapsed": 995.82919, "delta": 0.001427}}
{"target": -13.397740594603228, "params": {"colsample_bytree": 0.9925875050622052, "eta": 6.580145475115698e-05, "gamma": 864.0787670962462, "max_depth": 8.0, "min_child_weight": 3419.3514343931265, "num_boost_round": 15.0, "subsample": 0.7530505844056706}, "datetime": {"datetime": "2024-01-20 14:41:01", "elapsed": 995.830532, "delta": 0.001342}}
{"target": -13.39773999408789, "params": {"colsample_bytree": 0.9925875050622052, "eta": 6.580145475115698e-05, "gamma": 864.0787670962462, "max_depth": 8.0, "min_child_weight": 3419.3514343931265, "num_boost_round": 16.0, "subsample": 0.7530505844056706}, "datetime": {"datetime": "2024-01-20 14:41:01", "elapsed": 995.831772, "delta": 0.00124}}
{"target": -13.3977390166699, "params": {"colsample_bytree": 0.9925875050622052, "eta": 6.580145475115698e-05, "gamma": 864.0787670962462, "max_depth": 8.0, "min_child_weight": 3419.3514343931265, "num_boost_round": 17.0, "subsample": 0.7530505844056706}, "datetime": {"datetime": "2024-01-20 14:41:01", "elapsed": 995.833068, "delta": 0.001296}}
{"target": -13.397737546671213, "params": {"colsample_bytree": 0.9925875050622052, "eta": 6.580145475115698e-05, "gamma": 864.0787670962462, "max_depth": 8.0, "min_child_weight": 3419.3514343931265, "num_boost_round": 18.0, "subsample": 0.7530505844056706}, "datetime": {"datetime": "2024-01-20 14:41:01", "elapsed": 995.834315, "delta": 0.001247}}
{"target": -13.397736124894369, "params": {"colsample_bytree": 0.9925875050622052, "eta": 6.580145475115698e-05, "gamma": 864.0787670962462, "max_depth": 8.0, "min_child_weight": 3419.3514343931265, "num_boost_round": 19.0, "subsample": 0.7530505844056706}, "datetime": {"datetime": "2024-01-20 14:41:01", "elapsed": 995.835587, "delta": 0.001272}}
{"target": -13.397500020762646, "params": {"colsample_bytree": 0.26466412190577326, "eta": 0.04781807111022116, "gamma": 868.4686281596175, "max_depth": 5.0, "min_child_weight": 3343.762375453458, "num_boost_round": 1.0, "subsample": 0.3026110445292456}, "datetime": {"datetime": "2024-01-20 14:41:25", "elapsed": 1019.693146, "delta": 23.857559}}
{"target": -13.397400573048621, "params": {"colsample_bytree": 0.26466412190577326, "eta": 0.04781807111022116, "gamma": 868.4686281596175, "max_depth": 5.0, "min_child_weight": 3343.762375453458, "num_boost_round": 2.0, "subsample": 0.3026110445292456}, "datetime": {"datetime": "2024-01-20 14:41:25", "elapsed": 1019.696025, "delta": 0.002879}}
{"target": -13.3973358503871, "params": {"colsample_bytree": 0.26466412190577326, "eta": 0.04781807111022116, "gamma": 868.4686281596175, "max_depth": 5.0, "min_child_weight": 3343.762375453458, "num_boost_round": 3.0, "subsample": 0.3026110445292456}, "datetime": {"datetime": "2024-01-20 14:41:25", "elapsed": 1019.697451, "delta": 0.001426}}
{"target": -13.397703980597718, "params": {"colsample_bytree": 0.26466412190577326, "eta": 0.04781807111022116, "gamma": 868.4686281596175, "max_depth": 5.0, "min_child_weight": 3343.762375453458, "num_boost_round": 4.0, "subsample": 0.3026110445292456}, "datetime": {"datetime": "2024-01-20 14:41:25", "elapsed": 1019.699302, "delta": 0.001851}}
{"target": -13.398063699160826, "params": {"colsample_bytree": 0.26466412190577326, "eta": 0.04781807111022116, "gamma": 868.4686281596175, "max_depth": 5.0, "min_child_weight": 3343.762375453458, "num_boost_round": 5.0, "subsample": 0.3026110445292456}, "datetime": {"datetime": "2024-01-20 14:41:25", "elapsed": 1019.701211, "delta": 0.001909}}
{"target": -13.39810484449967, "params": {"colsample_bytree": 0.26466412190577326, "eta": 0.04781807111022116, "gamma": 868.4686281596175, "max_depth": 5.0, "min_child_weight": 3343.762375453458, "num_boost_round": 6.0, "subsample": 0.3026110445292456}, "datetime": {"datetime": "2024-01-20 14:41:25", "elapsed": 1019.703107, "delta": 0.001896}}
{"target": -13.398401841726105, "params": {"colsample_bytree": 0.26466412190577326, "eta": 0.04781807111022116, "gamma": 868.4686281596175, "max_depth": 5.0, "min_child_weight": 3343.762375453458, "num_boost_round": 7.0, "subsample": 0.3026110445292456}, "datetime": {"datetime": "2024-01-20 14:41:25", "elapsed": 1019.704602, "delta": 0.001495}}
{"target": -13.398635097649487, "params": {"colsample_bytree": 0.26466412190577326, "eta": 0.04781807111022116, "gamma": 868.4686281596175, "max_depth": 5.0, "min_child_weight": 3343.762375453458, "num_boost_round": 8.0, "subsample": 0.3026110445292456}, "datetime": {"datetime": "2024-01-20 14:41:25", "elapsed": 1019.706238, "delta": 0.001636}}
{"target": -13.398896793400272, "params": {"colsample_bytree": 0.26466412190577326, "eta": 0.04781807111022116, "gamma": 868.4686281596175, "max_depth": 5.0, "min_child_weight": 3343.762375453458, "num_boost_round": 9.0, "subsample": 0.3026110445292456}, "datetime": {"datetime": "2024-01-20 14:41:25", "elapsed": 1019.708171, "delta": 0.001933}}
{"target": -13.398968824290364, "params": {"colsample_bytree": 0.26466412190577326, "eta": 0.04781807111022116, "gamma": 868.4686281596175, "max_depth": 5.0, "min_child_weight": 3343.762375453458, "num_boost_round": 10.0, "subsample": 0.3026110445292456}, "datetime": {"datetime": "2024-01-20 14:41:25", "elapsed": 1019.709669, "delta": 0.001498}}
{"target": -13.399076272950591, "params": {"colsample_bytree": 0.26466412190577326, "eta": 0.04781807111022116, "gamma": 868.4686281596175, "max_depth": 5.0, "min_child_weight": 3343.762375453458, "num_boost_round": 11.0, "subsample": 0.3026110445292456}, "datetime": {"datetime": "2024-01-20 14:41:25", "elapsed": 1019.71097, "delta": 0.001301}}
{"target": -13.399145044681825, "params": {"colsample_bytree": 0.26466412190577326, "eta": 0.04781807111022116, "gamma": 868.4686281596175, "max_depth": 5.0, "min_child_weight": 3343.762375453458, "num_boost_round": 12.0, "subsample": 0.3026110445292456}, "datetime": {"datetime": "2024-01-20 14:41:25", "elapsed": 1019.712251, "delta": 0.001281}}
{"target": -13.39912018620502, "params": {"colsample_bytree": 0.26466412190577326, "eta": 0.04781807111022116, "gamma": 868.4686281596175, "max_depth": 5.0, "min_child_weight": 3343.762375453458, "num_boost_round": 13.0, "subsample": 0.3026110445292456}, "datetime": {"datetime": "2024-01-20 14:41:25", "elapsed": 1019.71357, "delta": 0.001319}}
{"target": -13.397872212145746, "params": {"colsample_bytree": 0.969675522841947, "eta": 0.08605063452845442, "gamma": 764.6420762374671, "max_depth": 4.0, "min_child_weight": 3912.4977802970634, "num_boost_round": 1.0, "subsample": 0.8096422175209009}, "datetime": {"datetime": "2024-01-20 14:41:41", "elapsed": 1036.163938, "delta": 16.450368}}
{"target": -13.398929279350245, "params": {"colsample_bytree": 0.969675522841947, "eta": 0.08605063452845442, "gamma": 764.6420762374671, "max_depth": 4.0, "min_child_weight": 3912.4977802970634, "num_boost_round": 2.0, "subsample": 0.8096422175209009}, "datetime": {"datetime": "2024-01-20 14:41:41", "elapsed": 1036.165792, "delta": 0.001854}}
{"target": -13.397897017021364, "params": {"colsample_bytree": 0.8807793926741067, "eta": 0.034088385437629, "gamma": 927.8545416499356, "max_depth": 2.0, "min_child_weight": 3391.4905964588916, "num_boost_round": 1.0, "subsample": 0.46539131992399874}, "datetime": {"datetime": "2024-01-20 14:42:09", "elapsed": 1063.895426, "delta": 27.729634}}
{"target": -13.397808862044371, "params": {"colsample_bytree": 0.8807793926741067, "eta": 0.034088385437629, "gamma": 927.8545416499356, "max_depth": 2.0, "min_child_weight": 3391.4905964588916, "num_boost_round": 2.0, "subsample": 0.46539131992399874}, "datetime": {"datetime": "2024-01-20 14:42:09", "elapsed": 1063.898847, "delta": 0.003421}}
{"target": -13.397898431462389, "params": {"colsample_bytree": 0.8807793926741067, "eta": 0.034088385437629, "gamma": 927.8545416499356, "max_depth": 2.0, "min_child_weight": 3391.4905964588916, "num_boost_round": 3.0, "subsample": 0.46539131992399874}, "datetime": {"datetime": "2024-01-20 14:42:09", "elapsed": 1063.90036, "delta": 0.001513}}
{"target": -13.397968745193717, "params": {"colsample_bytree": 0.8807793926741067, "eta": 0.034088385437629, "gamma": 927.8545416499356, "max_depth": 2.0, "min_child_weight": 3391.4905964588916, "num_boost_round": 4.0, "subsample": 0.46539131992399874}, "datetime": {"datetime": "2024-01-20 14:42:09", "elapsed": 1063.901729, "delta": 0.001369}}
{"target": -13.398258080630352, "params": {"colsample_bytree": 0.8807793926741067, "eta": 0.034088385437629, "gamma": 927.8545416499356, "max_depth": 2.0, "min_child_weight": 3391.4905964588916, "num_boost_round": 5.0, "subsample": 0.46539131992399874}, "datetime": {"datetime": "2024-01-20 14:42:09", "elapsed": 1063.903044, "delta": 0.001315}}
{"target": -13.398479309307774, "params": {"colsample_bytree": 0.8807793926741067, "eta": 0.034088385437629, "gamma": 927.8545416499356, "max_depth": 2.0, "min_child_weight": 3391.4905964588916, "num_boost_round": 6.0, "subsample": 0.46539131992399874}, "datetime": {"datetime": "2024-01-20 14:42:09", "elapsed": 1063.904424, "delta": 0.00138}}
{"target": -13.398759246923444, "params": {"colsample_bytree": 0.8807793926741067, "eta": 0.034088385437629, "gamma": 927.8545416499356, "max_depth": 2.0, "min_child_weight": 3391.4905964588916, "num_boost_round": 7.0, "subsample": 0.46539131992399874}, "datetime": {"datetime": "2024-01-20 14:42:09", "elapsed": 1063.905746, "delta": 0.001322}}
{"target": -13.399046855113784, "params": {"colsample_bytree": 0.8807793926741067, "eta": 0.034088385437629, "gamma": 927.8545416499356, "max_depth": 2.0, "min_child_weight": 3391.4905964588916, "num_boost_round": 8.0, "subsample": 0.46539131992399874}, "datetime": {"datetime": "2024-01-20 14:42:09", "elapsed": 1063.907122, "delta": 0.001376}}
{"target": -13.399207548429404, "params": {"colsample_bytree": 0.8807793926741067, "eta": 0.034088385437629, "gamma": 927.8545416499356, "max_depth": 2.0, "min_child_weight": 3391.4905964588916, "num_boost_round": 9.0, "subsample": 0.46539131992399874}, "datetime": {"datetime": "2024-01-20 14:42:09", "elapsed": 1063.908554, "delta": 0.001432}}
{"target": -13.399427100415704, "params": {"colsample_bytree": 0.8807793926741067, "eta": 0.034088385437629, "gamma": 927.8545416499356, "max_depth": 2.0, "min_child_weight": 3391.4905964588916, "num_boost_round": 10.0, "subsample": 0.46539131992399874}, "datetime": {"datetime": "2024-01-20 14:42:09", "elapsed": 1063.909875, "delta": 0.001321}}
{"target": -13.399641145193172, "params": {"colsample_bytree": 0.8807793926741067, "eta": 0.034088385437629, "gamma": 927.8545416499356, "max_depth": 2.0, "min_child_weight": 3391.4905964588916, "num_boost_round": 11.0, "subsample": 0.46539131992399874}, "datetime": {"datetime": "2024-01-20 14:42:09", "elapsed": 1063.911191, "delta": 0.001316}}
{"target": -13.400013485179137, "params": {"colsample_bytree": 0.8807793926741067, "eta": 0.034088385437629, "gamma": 927.8545416499356, "max_depth": 2.0, "min_child_weight": 3391.4905964588916, "num_boost_round": 12.0, "subsample": 0.46539131992399874}, "datetime": {"datetime": "2024-01-20 14:42:09", "elapsed": 1063.912506, "delta": 0.001315}}
{"target": -13.400349579037956, "params": {"colsample_bytree": 0.8807793926741067, "eta": 0.034088385437629, "gamma": 927.8545416499356, "max_depth": 2.0, "min_child_weight": 3391.4905964588916, "num_boost_round": 13.0, "subsample": 0.46539131992399874}, "datetime": {"datetime": "2024-01-20 14:42:09", "elapsed": 1063.913813, "delta": 0.001307}}
{"target": -13.400328751528564, "params": {"colsample_bytree": 0.8807793926741067, "eta": 0.034088385437629, "gamma": 927.8545416499356, "max_depth": 2.0, "min_child_weight": 3391.4905964588916, "num_boost_round": 14.0, "subsample": 0.46539131992399874}, "datetime": {"datetime": "2024-01-20 14:42:09", "elapsed": 1063.915106, "delta": 0.001293}}
{"target": -13.400620247874716, "params": {"colsample_bytree": 0.8807793926741067, "eta": 0.034088385437629, "gamma": 927.8545416499356, "max_depth": 2.0, "min_child_weight": 3391.4905964588916, "num_boost_round": 15.0, "subsample": 0.46539131992399874}, "datetime": {"datetime": "2024-01-20 14:42:09", "elapsed": 1063.916412, "delta": 0.001306}}
{"target": -13.400895037267546, "params": {"colsample_bytree": 0.8807793926741067, "eta": 0.034088385437629, "gamma": 927.8545416499356, "max_depth": 2.0, "min_child_weight": 3391.4905964588916, "num_boost_round": 16.0, "subsample": 0.46539131992399874}, "datetime": {"datetime": "2024-01-20 14:42:09", "elapsed": 1063.917739, "delta": 0.001327}}
{"target": -13.40133989481294, "params": {"colsample_bytree": 0.8807793926741067, "eta": 0.034088385437629, "gamma": 927.8545416499356, "max_depth": 2.0, "min_child_weight": 3391.4905964588916, "num_boost_round": 17.0, "subsample": 0.46539131992399874}, "datetime": {"datetime": "2024-01-20 14:42:09", "elapsed": 1063.919094, "delta": 0.001355}}
{"target": -13.401613911358343, "params": {"colsample_bytree": 0.8807793926741067, "eta": 0.034088385437629, "gamma": 927.8545416499356, "max_depth": 2.0, "min_child_weight": 3391.4905964588916, "num_boost_round": 18.0, "subsample": 0.46539131992399874}, "datetime": {"datetime": "2024-01-20 14:42:09", "elapsed": 1063.920355, "delta": 0.001261}}
{"target": -13.401800634229152, "params": {"colsample_bytree": 0.8807793926741067, "eta": 0.034088385437629, "gamma": 927.8545416499356, "max_depth": 2.0, "min_child_weight": 3391.4905964588916, "num_boost_round": 19.0, "subsample": 0.46539131992399874}, "datetime": {"datetime": "2024-01-20 14:42:09", "elapsed": 1063.921658, "delta": 0.001303}}
{"target": -13.402104292230977, "params": {"colsample_bytree": 0.8807793926741067, "eta": 0.034088385437629, "gamma": 927.8545416499356, "max_depth": 2.0, "min_child_weight": 3391.4905964588916, "num_boost_round": 20.0, "subsample": 0.46539131992399874}, "datetime": {"datetime": "2024-01-20 14:42:09", "elapsed": 1063.922941, "delta": 0.001283}}
{"target": -13.402369905163443, "params": {"colsample_bytree": 0.8807793926741067, "eta": 0.034088385437629, "gamma": 927.8545416499356, "max_depth": 2.0, "min_child_weight": 3391.4905964588916, "num_boost_round": 21.0, "subsample": 0.46539131992399874}, "datetime": {"datetime": "2024-01-20 14:42:09", "elapsed": 1063.924231, "delta": 0.00129}}
{"target": -13.402358507106396, "params": {"colsample_bytree": 0.8807793926741067, "eta": 0.034088385437629, "gamma": 927.8545416499356, "max_depth": 2.0, "min_child_weight": 3391.4905964588916, "num_boost_round": 22.0, "subsample": 0.46539131992399874}, "datetime": {"datetime": "2024-01-20 14:42:09", "elapsed": 1063.925566, "delta": 0.001335}}
{"target": -13.402395198785673, "params": {"colsample_bytree": 0.8807793926741067, "eta": 0.034088385437629, "gamma": 927.8545416499356, "max_depth": 2.0, "min_child_weight": 3391.4905964588916, "num_boost_round": 23.0, "subsample": 0.46539131992399874}, "datetime": {"datetime": "2024-01-20 14:42:09", "elapsed": 1063.926894, "delta": 0.001328}}
{"target": -13.40262929303212, "params": {"colsample_bytree": 0.8807793926741067, "eta": 0.034088385437629, "gamma": 927.8545416499356, "max_depth": 2.0, "min_child_weight": 3391.4905964588916, "num_boost_round": 24.0, "subsample": 0.46539131992399874}, "datetime": {"datetime": "2024-01-20 14:42:09", "elapsed": 1063.928174, "delta": 0.00128}}
{"target": -13.403004224224055, "params": {"colsample_bytree": 0.8807793926741067, "eta": 0.034088385437629, "gamma": 927.8545416499356, "max_depth": 2.0, "min_child_weight": 3391.4905964588916, "num_boost_round": 25.0, "subsample": 0.46539131992399874}, "datetime": {"datetime": "2024-01-20 14:42:09", "elapsed": 1063.929587, "delta": 0.001413}}
{"target": -13.403260145695953, "params": {"colsample_bytree": 0.8807793926741067, "eta": 0.034088385437629, "gamma": 927.8545416499356, "max_depth": 2.0, "min_child_weight": 3391.4905964588916, "num_boost_round": 26.0, "subsample": 0.46539131992399874}, "datetime": {"datetime": "2024-01-20 14:42:09", "elapsed": 1063.930914, "delta": 0.001327}}
{"target": -13.403459634538702, "params": {"colsample_bytree": 0.8807793926741067, "eta": 0.034088385437629, "gamma": 927.8545416499356, "max_depth": 2.0, "min_child_weight": 3391.4905964588916, "num_boost_round": 27.0, "subsample": 0.46539131992399874}, "datetime": {"datetime": "2024-01-20 14:42:09", "elapsed": 1063.932183, "delta": 0.001269}}
{"target": -13.403804666595933, "params": {"colsample_bytree": 0.8807793926741067, "eta": 0.034088385437629, "gamma": 927.8545416499356, "max_depth": 2.0, "min_child_weight": 3391.4905964588916, "num_boost_round": 28.0, "subsample": 0.46539131992399874}, "datetime": {"datetime": "2024-01-20 14:42:09", "elapsed": 1063.933454, "delta": 0.001271}}
{"target": -13.403881375482964, "params": {"colsample_bytree": 0.8807793926741067, "eta": 0.034088385437629, "gamma": 927.8545416499356, "max_depth": 2.0, "min_child_weight": 3391.4905964588916, "num_boost_round": 29.0, "subsample": 0.46539131992399874}, "datetime": {"datetime": "2024-01-20 14:42:09", "elapsed": 1063.934764, "delta": 0.00131}}
{"target": -13.404133470329862, "params": {"colsample_bytree": 0.8807793926741067, "eta": 0.034088385437629, "gamma": 927.8545416499356, "max_depth": 2.0, "min_child_weight": 3391.4905964588916, "num_boost_round": 30.0, "subsample": 0.46539131992399874}, "datetime": {"datetime": "2024-01-20 14:42:09", "elapsed": 1063.936048, "delta": 0.001284}}
{"target": -13.40414353468274, "params": {"colsample_bytree": 0.8807793926741067, "eta": 0.034088385437629, "gamma": 927.8545416499356, "max_depth": 2.0, "min_child_weight": 3391.4905964588916, "num_boost_round": 31.0, "subsample": 0.46539131992399874}, "datetime": {"datetime": "2024-01-20 14:42:09", "elapsed": 1063.937361, "delta": 0.001313}}
{"target": -13.404276850185425, "params": {"colsample_bytree": 0.8807793926741067, "eta": 0.034088385437629, "gamma": 927.8545416499356, "max_depth": 2.0, "min_child_weight": 3391.4905964588916, "num_boost_round": 32.0, "subsample": 0.46539131992399874}, "datetime": {"datetime": "2024-01-20 14:42:09", "elapsed": 1063.938713, "delta": 0.001352}}
{"target": -13.404450459102598, "params": {"colsample_bytree": 0.8807793926741067, "eta": 0.034088385437629, "gamma": 927.8545416499356, "max_depth": 2.0, "min_child_weight": 3391.4905964588916, "num_boost_round": 33.0, "subsample": 0.46539131992399874}, "datetime": {"datetime": "2024-01-20 14:42:09", "elapsed": 1063.940094, "delta": 0.001381}}
{"target": -13.40483845530849, "params": {"colsample_bytree": 0.8807793926741067, "eta": 0.034088385437629, "gamma": 927.8545416499356, "max_depth": 2.0, "min_child_weight": 3391.4905964588916, "num_boost_round": 34.0, "subsample": 0.46539131992399874}, "datetime": {"datetime": "2024-01-20 14:42:09", "elapsed": 1063.941374, "delta": 0.00128}}
{"target": -13.397708682270336, "params": {"colsample_bytree": 0.44105851734555457, "eta": 0.009959738976179917, "gamma": 664.8948028612031, "max_depth": 9.0, "min_child_weight": 3717.202035476386, "num_boost_round": 1.0, "subsample": 0.9322590437113122}, "datetime": {"datetime": "2024-01-20 14:42:24", "elapsed": 1079.402394, "delta": 15.46102}}
{"target": -13.39793533070197, "params": {"colsample_bytree": 0.5169105648943582, "eta": 0.04966674691303914, "gamma": 911.9611367986394, "max_depth": 5.0, "min_child_weight": 3503.145585294178, "num_boost_round": 1.0, "subsample": 0.6167212036541544}, "datetime": {"datetime": "2024-01-20 14:42:43", "elapsed": 1097.977324, "delta": 18.57493}}
{"target": -13.397960295892714, "params": {"colsample_bytree": 0.5169105648943582, "eta": 0.04966674691303914, "gamma": 911.9611367986394, "max_depth": 5.0, "min_child_weight": 3503.145585294178, "num_boost_round": 2.0, "subsample": 0.6167212036541544}, "datetime": {"datetime": "2024-01-20 14:42:43", "elapsed": 1097.979934, "delta": 0.00261}}
