{"target": -13.732170831180218, "params": {"colsample_bytree": 0.16726059484925854, "eta": 0.020918878642401148, "gamma": 613.4050200246597, "max_depth": 7.0, "min_child_weight": 3666.2930179147, "num_boost_round": 6.0, "subsample": 0.15953017976959794}, "datetime": {"datetime": "2024-01-20 15:47:31", "elapsed": 5012.010245, "delta": 0.002257}}
{"target": -13.732347956645125, "params": {"colsample_bytree": 0.16726059484925854, "eta": 0.020918878642401148, "gamma": 613.4050200246597, "max_depth": 7.0, "min_child_weight": 3666.2930179147, "num_boost_round": 7.0, "subsample": 0.15953017976959794}, "datetime": {"datetime": "2024-01-20 15:47:31", "elapsed": 5012.012573, "delta": 0.002328}}
{"target": -13.732438243410844, "params": {"colsample_bytree": 0.16726059484925854, "eta": 0.020918878642401148, "gamma": 613.4050200246597, "max_depth": 7.0, "min_child_weight": 3666.2930179147, "num_boost_round": 8.0, "subsample": 0.15953017976959794}, "datetime": {"datetime": "2024-01-20 15:47:31", "elapsed": 5012.014817, "delta": 0.002244}}
{"target": -13.732624866952932, "params": {"colsample_bytree": 0.16726059484925854, "eta": 0.020918878642401148, "gamma": 613.4050200246597, "max_depth": 7.0, "min_child_weight": 3666.2930179147, "num_boost_round": 9.0, "subsample": 0.15953017976959794}, "datetime": {"datetime": "2024-01-20 15:47:31", "elapsed": 5012.017059, "delta": 0.002242}}
{"target": -13.732732219295029, "params": {"colsample_bytree": 0.16726059484925854, "eta": 0.020918878642401148, "gamma": 613.4050200246597, "max_depth": 7.0, "min_child_weight": 3666.2930179147, "num_boost_round": 10.0, "subsample": 0.15953017976959794}, "datetime": {"datetime": "2024-01-20 15:47:31", "elapsed": 5012.019317, "delta": 0.002258}}
{"target": -13.732671779063033, "params": {"colsample_bytree": 0.6294989172230592, "eta": 0.07216160879699678, "gamma": 330.162633909725, "max_depth": 9.0, "min_child_weight": 4146.25073052366, "num_boost_round": 1.0, "subsample": 0.471288420572889}, "datetime": {"datetime": "2024-01-20 15:47:51", "elapsed": 5032.025081, "delta": 20.005764}}
{"target": -13.734056842882278, "params": {"colsample_bytree": 0.6294989172230592, "eta": 0.07216160879699678, "gamma": 330.162633909725, "max_depth": 9.0, "min_child_weight": 4146.25073052366, "num_boost_round": 2.0, "subsample": 0.471288420572889}, "datetime": {"datetime": "2024-01-20 15:47:51", "elapsed": 5032.02815, "delta": 0.003069}}
{"target": -13.73605850795667, "params": {"colsample_bytree": 0.6294989172230592, "eta": 0.07216160879699678, "gamma": 330.162633909725, "max_depth": 9.0, "min_child_weight": 4146.25073052366, "num_boost_round": 3.0, "subsample": 0.471288420572889}, "datetime": {"datetime": "2024-01-20 15:47:51", "elapsed": 5032.031215, "delta": 0.003065}}
{"target": -13.732374567367614, "params": {"colsample_bytree": 0.7751704033195841, "eta": 0.04963751422469392, "gamma": 466.7787459757288, "max_depth": 9.0, "min_child_weight": 3617.099689391847, "num_boost_round": 1.0, "subsample": 0.7018657619992641}, "datetime": {"datetime": "2024-01-20 15:48:17", "elapsed": 5058.148072, "delta": 26.116857}}
{"target": -13.73387006364611, "params": {"colsample_bytree": 0.7751704033195841, "eta": 0.04963751422469392, "gamma": 466.7787459757288, "max_depth": 9.0, "min_child_weight": 3617.099689391847, "num_boost_round": 2.0, "subsample": 0.7018657619992641}, "datetime": {"datetime": "2024-01-20 15:48:17", "elapsed": 5058.150979, "delta": 0.002907}}
{"target": -13.732261660562248, "params": {"colsample_bytree": 0.6535222122967795, "eta": 0.0642042598482862, "gamma": 530.6852335027336, "max_depth": 9.0, "min_child_weight": 3652.9026617846744, "num_boost_round": 1.0, "subsample": 0.2161742308061156}, "datetime": {"datetime": "2024-01-20 15:48:34", "elapsed": 5075.213981, "delta": 17.063002}}
{"target": -13.731022913454275, "params": {"colsample_bytree": 0.6348085162861008, "eta": 0.0003042351081562286, "gamma": 548.4790698228402, "max_depth": 4.0, "min_child_weight": 3581.0321571341647, "num_boost_round": 1.0, "subsample": 0.27151521717593974}, "datetime": {"datetime": "2024-01-20 15:48:57", "elapsed": 5097.900865, "delta": 22.686884}}
{"target": -13.731026902706668, "params": {"colsample_bytree": 0.6348085162861008, "eta": 0.0003042351081562286, "gamma": 548.4790698228402, "max_depth": 4.0, "min_child_weight": 3581.0321571341647, "num_boost_round": 2.0, "subsample": 0.27151521717593974}, "datetime": {"datetime": "2024-01-20 15:48:57", "elapsed": 5097.904915, "delta": 0.00405}}
{"target": -13.73103118365336, "params": {"colsample_bytree": 0.6348085162861008, "eta": 0.0003042351081562286, "gamma": 548.4790698228402, "max_depth": 4.0, "min_child_weight": 3581.0321571341647, "num_boost_round": 3.0, "subsample": 0.27151521717593974}, "datetime": {"datetime": "2024-01-20 15:48:57", "elapsed": 5097.907849, "delta": 0.002934}}
{"target": -13.731036798783624, "params": {"colsample_bytree": 0.6348085162861008, "eta": 0.0003042351081562286, "gamma": 548.4790698228402, "max_depth": 4.0, "min_child_weight": 3581.0321571341647, "num_boost_round": 4.0, "subsample": 0.27151521717593974}, "datetime": {"datetime": "2024-01-20 15:48:57", "elapsed": 5097.910319, "delta": 0.00247}}
{"target": -13.73104112116988, "params": {"colsample_bytree": 0.6348085162861008, "eta": 0.0003042351081562286, "gamma": 548.4790698228402, "max_depth": 4.0, "min_child_weight": 3581.0321571341647, "num_boost_round": 5.0, "subsample": 0.27151521717593974}, "datetime": {"datetime": "2024-01-20 15:48:57", "elapsed": 5097.912897, "delta": 0.002578}}
{"target": -13.731044877249733, "params": {"colsample_bytree": 0.6348085162861008, "eta": 0.0003042351081562286, "gamma": 548.4790698228402, "max_depth": 4.0, "min_child_weight": 3581.0321571341647, "num_boost_round": 6.0, "subsample": 0.27151521717593974}, "datetime": {"datetime": "2024-01-20 15:48:57", "elapsed": 5097.915293, "delta": 0.002396}}
{"target": -13.731049873495405, "params": {"colsample_bytree": 0.6348085162861008, "eta": 0.0003042351081562286, "gamma": 548.4790698228402, "max_depth": 4.0, "min_child_weight": 3581.0321571341647, "num_boost_round": 7.0, "subsample": 0.27151521717593974}, "datetime": {"datetime": "2024-01-20 15:48:57", "elapsed": 5097.917676, "delta": 0.002383}}
{"target": -13.73105573479975, "params": {"colsample_bytree": 0.6348085162861008, "eta": 0.0003042351081562286, "gamma": 548.4790698228402, "max_depth": 4.0, "min_child_weight": 3581.0321571341647, "num_boost_round": 8.0, "subsample": 0.27151521717593974}, "datetime": {"datetime": "2024-01-20 15:48:57", "elapsed": 5097.920055, "delta": 0.002379}}
{"target": -13.731061048786053, "params": {"colsample_bytree": 0.6348085162861008, "eta": 0.0003042351081562286, "gamma": 548.4790698228402, "max_depth": 4.0, "min_child_weight": 3581.0321571341647, "num_boost_round": 9.0, "subsample": 0.27151521717593974}, "datetime": {"datetime": "2024-01-20 15:48:57", "elapsed": 5097.922455, "delta": 0.0024}}
{"target": -13.73106601464444, "params": {"colsample_bytree": 0.6348085162861008, "eta": 0.0003042351081562286, "gamma": 548.4790698228402, "max_depth": 4.0, "min_child_weight": 3581.0321571341647, "num_boost_round": 10.0, "subsample": 0.27151521717593974}, "datetime": {"datetime": "2024-01-20 15:48:57", "elapsed": 5097.924999, "delta": 0.002544}}
{"target": -13.731427100647377, "params": {"colsample_bytree": 0.4228353296650834, "eta": 0.03642491742281638, "gamma": 387.50400162250867, "max_depth": 5.0, "min_child_weight": 3386.572100012154, "num_boost_round": 1.0, "subsample": 0.781851503839509}, "datetime": {"datetime": "2024-01-20 15:49:18", "elapsed": 5119.160261, "delta": 21.235262}}
{"target": -13.73191405964263, "params": {"colsample_bytree": 0.5784230269924514, "eta": 0.06401543838422429, "gamma": 526.1444720849078, "max_depth": 3.0, "min_child_weight": 3603.979250560893, "num_boost_round": 1.0, "subsample": 0.7923710717360939}, "datetime": {"datetime": "2024-01-20 15:49:38", "elapsed": 5139.573836, "delta": 20.413575}}
{"target": -13.73266313138265, "params": {"colsample_bytree": 0.5784230269924514, "eta": 0.06401543838422429, "gamma": 526.1444720849078, "max_depth": 3.0, "min_child_weight": 3603.979250560893, "num_boost_round": 2.0, "subsample": 0.7923710717360939}, "datetime": {"datetime": "2024-01-20 15:49:38", "elapsed": 5139.577093, "delta": 0.003257}}
{"target": -13.73305057664697, "params": {"colsample_bytree": 0.5784230269924514, "eta": 0.06401543838422429, "gamma": 526.1444720849078, "max_depth": 3.0, "min_child_weight": 3603.979250560893, "num_boost_round": 3.0, "subsample": 0.7923710717360939}, "datetime": {"datetime": "2024-01-20 15:49:38", "elapsed": 5139.580923, "delta": 0.00383}}
{"target": -13.731320388747793, "params": {"colsample_bytree": 0.5113153642488732, "eta": 0.021787405718903304, "gamma": 513.0833525284033, "max_depth": 9.0, "min_child_weight": 3525.5016159180427, "num_boost_round": 1.0, "subsample": 0.34508663130991724}, "datetime": {"datetime": "2024-01-20 15:50:06", "elapsed": 5166.897466, "delta": 27.316543}}
{"target": -13.73149353301102, "params": {"colsample_bytree": 0.5113153642488732, "eta": 0.021787405718903304, "gamma": 513.0833525284033, "max_depth": 9.0, "min_child_weight": 3525.5016159180427, "num_boost_round": 2.0, "subsample": 0.34508663130991724}, "datetime": {"datetime": "2024-01-20 15:50:06", "elapsed": 5166.900501, "delta": 0.003035}}
{"target": -13.73184385039433, "params": {"colsample_bytree": 0.5113153642488732, "eta": 0.021787405718903304, "gamma": 513.0833525284033, "max_depth": 9.0, "min_child_weight": 3525.5016159180427, "num_boost_round": 3.0, "subsample": 0.34508663130991724}, "datetime": {"datetime": "2024-01-20 15:50:06", "elapsed": 5166.903643, "delta": 0.003142}}
{"target": -13.732325848091264, "params": {"colsample_bytree": 0.5113153642488732, "eta": 0.021787405718903304, "gamma": 513.0833525284033, "max_depth": 9.0, "min_child_weight": 3525.5016159180427, "num_boost_round": 4.0, "subsample": 0.34508663130991724}, "datetime": {"datetime": "2024-01-20 15:50:06", "elapsed": 5166.906021, "delta": 0.002378}}
{"target": -13.732834486863554, "params": {"colsample_bytree": 0.5113153642488732, "eta": 0.021787405718903304, "gamma": 513.0833525284033, "max_depth": 9.0, "min_child_weight": 3525.5016159180427, "num_boost_round": 5.0, "subsample": 0.34508663130991724}, "datetime": {"datetime": "2024-01-20 15:50:06", "elapsed": 5166.908343, "delta": 0.002322}}
{"target": -13.733252976259205, "params": {"colsample_bytree": 0.5113153642488732, "eta": 0.021787405718903304, "gamma": 513.0833525284033, "max_depth": 9.0, "min_child_weight": 3525.5016159180427, "num_boost_round": 6.0, "subsample": 0.34508663130991724}, "datetime": {"datetime": "2024-01-20 15:50:06", "elapsed": 5166.91068, "delta": 0.002337}}
{"target": -13.73161131817102, "params": {"colsample_bytree": 0.6203622966876485, "eta": 0.06278366223370957, "gamma": 136.21356348165293, "max_depth": 2.0, "min_child_weight": 4085.5991061735986, "num_boost_round": 1.0, "subsample": 0.5334790282878776}, "datetime": {"datetime": "2024-01-20 15:50:26", "elapsed": 5187.287416, "delta": 20.376736}}
{"target": -13.732270438935771, "params": {"colsample_bytree": 0.6203622966876485, "eta": 0.06278366223370957, "gamma": 136.21356348165293, "max_depth": 2.0, "min_child_weight": 4085.5991061735986, "num_boost_round": 2.0, "subsample": 0.5334790282878776}, "datetime": {"datetime": "2024-01-20 15:50:26", "elapsed": 5187.291519, "delta": 0.004103}}
{"target": -13.73319822595532, "params": {"colsample_bytree": 0.6203622966876485, "eta": 0.06278366223370957, "gamma": 136.21356348165293, "max_depth": 2.0, "min_child_weight": 4085.5991061735986, "num_boost_round": 3.0, "subsample": 0.5334790282878776}, "datetime": {"datetime": "2024-01-20 15:50:26", "elapsed": 5187.294015, "delta": 0.002496}}
{"target": -13.734272984950374, "params": {"colsample_bytree": 0.6203622966876485, "eta": 0.06278366223370957, "gamma": 136.21356348165293, "max_depth": 2.0, "min_child_weight": 4085.5991061735986, "num_boost_round": 4.0, "subsample": 0.5334790282878776}, "datetime": {"datetime": "2024-01-20 15:50:26", "elapsed": 5187.296415, "delta": 0.0024}}
{"target": -13.735078536248569, "params": {"colsample_bytree": 0.6203622966876485, "eta": 0.06278366223370957, "gamma": 136.21356348165293, "max_depth": 2.0, "min_child_weight": 4085.5991061735986, "num_boost_round": 5.0, "subsample": 0.5334790282878776}, "datetime": {"datetime": "2024-01-20 15:50:26", "elapsed": 5187.298795, "delta": 0.00238}}
{"target": -13.736022226043344, "params": {"colsample_bytree": 0.6203622966876485, "eta": 0.06278366223370957, "gamma": 136.21356348165293, "max_depth": 2.0, "min_child_weight": 4085.5991061735986, "num_boost_round": 6.0, "subsample": 0.5334790282878776}, "datetime": {"datetime": "2024-01-20 15:50:26", "elapsed": 5187.301155, "delta": 0.00236}}
{"target": -13.731758163008001, "params": {"colsample_bytree": 0.8525207656405004, "eta": 0.03764891990969024, "gamma": 352.0481565839716, "max_depth": 5.0, "min_child_weight": 3365.8760317268816, "num_boost_round": 1.0, "subsample": 0.6016550403122055}, "datetime": {"datetime": "2024-01-20 15:50:47", "elapsed": 5208.681085, "delta": 21.37993}}
{"target": -13.7322512336646, "params": {"colsample_bytree": 0.8525207656405004, "eta": 0.03764891990969024, "gamma": 352.0481565839716, "max_depth": 5.0, "min_child_weight": 3365.8760317268816, "num_boost_round": 2.0, "subsample": 0.6016550403122055}, "datetime": {"datetime": "2024-01-20 15:50:47", "elapsed": 5208.684083, "delta": 0.002998}}
{"target": -13.733113200918153, "params": {"colsample_bytree": 0.8525207656405004, "eta": 0.03764891990969024, "gamma": 352.0481565839716, "max_depth": 5.0, "min_child_weight": 3365.8760317268816, "num_boost_round": 3.0, "subsample": 0.6016550403122055}, "datetime": {"datetime": "2024-01-20 15:50:47", "elapsed": 5208.686828, "delta": 0.002745}}
{"target": -13.73385123325376, "params": {"colsample_bytree": 0.8525207656405004, "eta": 0.03764891990969024, "gamma": 352.0481565839716, "max_depth": 5.0, "min_child_weight": 3365.8760317268816, "num_boost_round": 4.0, "subsample": 0.6016550403122055}, "datetime": {"datetime": "2024-01-20 15:50:47", "elapsed": 5208.689259, "delta": 0.002431}}
{"target": -13.734679437131643, "params": {"colsample_bytree": 0.8525207656405004, "eta": 0.03764891990969024, "gamma": 352.0481565839716, "max_depth": 5.0, "min_child_weight": 3365.8760317268816, "num_boost_round": 5.0, "subsample": 0.6016550403122055}, "datetime": {"datetime": "2024-01-20 15:50:47", "elapsed": 5208.691621, "delta": 0.002362}}
{"target": -13.732410663744009, "params": {"colsample_bytree": 0.5705834173471894, "eta": 0.07920173874299904, "gamma": 967.0358216338205, "max_depth": 4.0, "min_child_weight": 4065.676008976068, "num_boost_round": 1.0, "subsample": 0.21599104414249404}, "datetime": {"datetime": "2024-01-20 15:51:09", "elapsed": 5230.100941, "delta": 21.40932}}
{"target": -13.731035890744224, "params": {"colsample_bytree": 0.23281047728065668, "eta": 0.0017091557191695, "gamma": 471.2401082273384, "max_depth": 8.0, "min_child_weight": 3513.6347698557674, "num_boost_round": 1.0, "subsample": 0.811797262423603}, "datetime": {"datetime": "2024-01-20 15:51:27", "elapsed": 5248.666658, "delta": 18.565717}}
{"target": -13.731151839672911, "params": {"colsample_bytree": 0.8777721777632324, "eta": 0.010449986560310567, "gamma": 480.8925052496978, "max_depth": 4.0, "min_child_weight": 3568.676580703355, "num_boost_round": 1.0, "subsample": 0.676236349821273}, "datetime": {"datetime": "2024-01-20 15:51:46", "elapsed": 5267.160255, "delta": 18.493597}}
{"target": -13.733124311788947, "params": {"colsample_bytree": 0.845785499194761, "eta": 0.09497760663840646, "gamma": 370.1551769293705, "max_depth": 3.0, "min_child_weight": 4615.509404853998, "num_boost_round": 1.0, "subsample": 0.9630217363020196}, "datetime": {"datetime": "2024-01-20 15:52:07", "elapsed": 5288.300583, "delta": 21.140328}}
{"target": -13.735008027171865, "params": {"colsample_bytree": 0.845785499194761, "eta": 0.09497760663840646, "gamma": 370.1551769293705, "max_depth": 3.0, "min_child_weight": 4615.509404853998, "num_boost_round": 2.0, "subsample": 0.9630217363020196}, "datetime": {"datetime": "2024-01-20 15:52:07", "elapsed": 5288.304263, "delta": 0.00368}}
{"target": -13.731762078860093, "params": {"colsample_bytree": 0.4723313928310007, "eta": 0.05524120837828551, "gamma": 629.3063975945705, "max_depth": 2.0, "min_child_weight": 4557.247424816543, "num_boost_round": 1.0, "subsample": 0.43236876357614595}, "datetime": {"datetime": "2024-01-20 15:52:25", "elapsed": 5306.6268, "delta": 18.322537}}
{"target": -13.732133789827671, "params": {"colsample_bytree": 0.4723313928310007, "eta": 0.05524120837828551, "gamma": 629.3063975945705, "max_depth": 2.0, "min_child_weight": 4557.247424816543, "num_boost_round": 2.0, "subsample": 0.43236876357614595}, "datetime": {"datetime": "2024-01-20 15:52:25", "elapsed": 5306.629949, "delta": 0.003149}}
{"target": -13.73179451711645, "params": {"colsample_bytree": 0.23380346015515246, "eta": 0.09799156255882892, "gamma": 193.73113436067868, "max_depth": 3.0, "min_child_weight": 4672.711332252108, "num_boost_round": 1.0, "subsample": 0.5844206250352068}, "datetime": {"datetime": "2024-01-20 15:52:45", "elapsed": 5326.26817, "delta": 19.638221}}
{"target": -13.732417583073804, "params": {"colsample_bytree": 0.23380346015515246, "eta": 0.09799156255882892, "gamma": 193.73113436067868, "max_depth": 3.0, "min_child_weight": 4672.711332252108, "num_boost_round": 2.0, "subsample": 0.5844206250352068}, "datetime": {"datetime": "2024-01-20 15:52:45", "elapsed": 5326.2725, "delta": 0.00433}}
{"target": -13.731933203635595, "params": {"colsample_bytree": 0.5573869934658143, "eta": 0.041716078034185596, "gamma": 437.8919335086956, "max_depth": 8.0, "min_child_weight": 3458.2854655380784, "num_boost_round": 1.0, "subsample": 0.7150563048034195}, "datetime": {"datetime": "2024-01-20 15:53:08", "elapsed": 5349.228123, "delta": 22.955623}}
{"target": -13.732495319531608, "params": {"colsample_bytree": 0.5573869934658143, "eta": 0.041716078034185596, "gamma": 437.8919335086956, "max_depth": 8.0, "min_child_weight": 3458.2854655380784, "num_boost_round": 2.0, "subsample": 0.7150563048034195}, "datetime": {"datetime": "2024-01-20 15:53:08", "elapsed": 5349.230991, "delta": 0.002868}}
{"target": -13.733394044629403, "params": {"colsample_bytree": 0.5573869934658143, "eta": 0.041716078034185596, "gamma": 437.8919335086956, "max_depth": 8.0, "min_child_weight": 3458.2854655380784, "num_boost_round": 3.0, "subsample": 0.7150563048034195}, "datetime": {"datetime": "2024-01-20 15:53:08", "elapsed": 5349.233572, "delta": 0.002581}}
{"target": -13.73435855687245, "params": {"colsample_bytree": 0.5573869934658143, "eta": 0.041716078034185596, "gamma": 437.8919335086956, "max_depth": 8.0, "min_child_weight": 3458.2854655380784, "num_boost_round": 4.0, "subsample": 0.7150563048034195}, "datetime": {"datetime": "2024-01-20 15:53:08", "elapsed": 5349.236136, "delta": 0.002564}}
{"target": -13.735432155296023, "params": {"colsample_bytree": 0.5573869934658143, "eta": 0.041716078034185596, "gamma": 437.8919335086956, "max_depth": 8.0, "min_child_weight": 3458.2854655380784, "num_boost_round": 5.0, "subsample": 0.7150563048034195}, "datetime": {"datetime": "2024-01-20 15:53:08", "elapsed": 5349.238468, "delta": 0.002332}}
{"target": -13.73186471917587, "params": {"colsample_bytree": 0.9787629406907381, "eta": 0.05742313346307115, "gamma": 469.36897211010444, "max_depth": 6.0, "min_child_weight": 3423.9668814806346, "num_boost_round": 1.0, "subsample": 0.1625663736078014}, "datetime": {"datetime": "2024-01-20 15:53:26", "elapsed": 5367.885857, "delta": 18.647389}}
{"target": -13.731045495623452, "params": {"colsample_bytree": 0.7368609569807272, "eta": 0.0014838541441714768, "gamma": 668.968127948161, "max_depth": 5.0, "min_child_weight": 3687.016744984047, "num_boost_round": 1.0, "subsample": 0.7832575455611859}, "datetime": {"datetime": "2024-01-20 15:53:46", "elapsed": 5387.28771, "delta": 19.401853}}
{"target": -13.731078069268055, "params": {"colsample_bytree": 0.7368609569807272, "eta": 0.0014838541441714768, "gamma": 668.968127948161, "max_depth": 5.0, "min_child_weight": 3687.016744984047, "num_boost_round": 2.0, "subsample": 0.7832575455611859}, "datetime": {"datetime": "2024-01-20 15:53:46", "elapsed": 5387.291509, "delta": 0.003799}}
{"target": -13.731090399676077, "params": {"colsample_bytree": 0.7368609569807272, "eta": 0.0014838541441714768, "gamma": 668.968127948161, "max_depth": 5.0, "min_child_weight": 3687.016744984047, "num_boost_round": 3.0, "subsample": 0.7832575455611859}, "datetime": {"datetime": "2024-01-20 15:53:46", "elapsed": 5387.294101, "delta": 0.002592}}
{"target": -13.731121827132785, "params": {"colsample_bytree": 0.7368609569807272, "eta": 0.0014838541441714768, "gamma": 668.968127948161, "max_depth": 5.0, "min_child_weight": 3687.016744984047, "num_boost_round": 4.0, "subsample": 0.7832575455611859}, "datetime": {"datetime": "2024-01-20 15:53:46", "elapsed": 5387.296502, "delta": 0.002401}}
{"target": -13.731145396829012, "params": {"colsample_bytree": 0.7368609569807272, "eta": 0.0014838541441714768, "gamma": 668.968127948161, "max_depth": 5.0, "min_child_weight": 3687.016744984047, "num_boost_round": 5.0, "subsample": 0.7832575455611859}, "datetime": {"datetime": "2024-01-20 15:53:46", "elapsed": 5387.298879, "delta": 0.002377}}
{"target": -13.731527546145117, "params": {"colsample_bytree": 0.8248650224565003, "eta": 0.04317322551075536, "gamma": 456.0651663193882, "max_depth": 7.0, "min_child_weight": 3375.974835550026, "num_boost_round": 1.0, "subsample": 0.1136102154592311}, "datetime": {"datetime": "2024-01-20 15:54:08", "elapsed": 5409.633607, "delta": 22.334728}}
