{"target": -12.34540041044427, "params": {"colsample_bytree": 0.34476009563832455, "eta": 0.08437100464909443, "gamma": 537.3271715202787, "max_depth": 8.0, "min_child_weight": 4209.201143378049, "num_boost_round": 41.0, "subsample": 0.21712201588767588}, "datetime": {"datetime": "2024-01-20 14:26:51", "elapsed": 177.903888, "delta": 0.000552}}
{"target": -12.345260305801077, "params": {"colsample_bytree": 0.34476009563832455, "eta": 0.08437100464909443, "gamma": 537.3271715202787, "max_depth": 8.0, "min_child_weight": 4209.201143378049, "num_boost_round": 42.0, "subsample": 0.21712201588767588}, "datetime": {"datetime": "2024-01-20 14:26:51", "elapsed": 177.90445, "delta": 0.000562}}
{"target": -12.34533221074879, "params": {"colsample_bytree": 0.34476009563832455, "eta": 0.08437100464909443, "gamma": 537.3271715202787, "max_depth": 8.0, "min_child_weight": 4209.201143378049, "num_boost_round": 43.0, "subsample": 0.21712201588767588}, "datetime": {"datetime": "2024-01-20 14:26:51", "elapsed": 177.904999, "delta": 0.000549}}
{"target": -12.345466677607302, "params": {"colsample_bytree": 0.34476009563832455, "eta": 0.08437100464909443, "gamma": 537.3271715202787, "max_depth": 8.0, "min_child_weight": 4209.201143378049, "num_boost_round": 44.0, "subsample": 0.21712201588767588}, "datetime": {"datetime": "2024-01-20 14:26:51", "elapsed": 177.905559, "delta": 0.00056}}
{"target": -12.345416995169957, "params": {"colsample_bytree": 0.34476009563832455, "eta": 0.08437100464909443, "gamma": 537.3271715202787, "max_depth": 8.0, "min_child_weight": 4209.201143378049, "num_boost_round": 45.0, "subsample": 0.21712201588767588}, "datetime": {"datetime": "2024-01-20 14:26:51", "elapsed": 177.906121, "delta": 0.000562}}
{"target": -12.345305646352443, "params": {"colsample_bytree": 0.34476009563832455, "eta": 0.08437100464909443, "gamma": 537.3271715202787, "max_depth": 8.0, "min_child_weight": 4209.201143378049, "num_boost_round": 46.0, "subsample": 0.21712201588767588}, "datetime": {"datetime": "2024-01-20 14:26:51", "elapsed": 177.906672, "delta": 0.000551}}
{"target": -12.345266170190317, "params": {"colsample_bytree": 0.34476009563832455, "eta": 0.08437100464909443, "gamma": 537.3271715202787, "max_depth": 8.0, "min_child_weight": 4209.201143378049, "num_boost_round": 47.0, "subsample": 0.21712201588767588}, "datetime": {"datetime": "2024-01-20 14:26:51", "elapsed": 177.907235, "delta": 0.000563}}
{"target": -12.345658091817569, "params": {"colsample_bytree": 0.34476009563832455, "eta": 0.08437100464909443, "gamma": 537.3271715202787, "max_depth": 8.0, "min_child_weight": 4209.201143378049, "num_boost_round": 48.0, "subsample": 0.21712201588767588}, "datetime": {"datetime": "2024-01-20 14:26:51", "elapsed": 177.90779, "delta": 0.000555}}
{"target": -12.345718379639251, "params": {"colsample_bytree": 0.34476009563832455, "eta": 0.08437100464909443, "gamma": 537.3271715202787, "max_depth": 8.0, "min_child_weight": 4209.201143378049, "num_boost_round": 49.0, "subsample": 0.21712201588767588}, "datetime": {"datetime": "2024-01-20 14:26:51", "elapsed": 177.908352, "delta": 0.000562}}
{"target": -12.345705139227444, "params": {"colsample_bytree": 0.34476009563832455, "eta": 0.08437100464909443, "gamma": 537.3271715202787, "max_depth": 8.0, "min_child_weight": 4209.201143378049, "num_boost_round": 50.0, "subsample": 0.21712201588767588}, "datetime": {"datetime": "2024-01-20 14:26:51", "elapsed": 177.908916, "delta": 0.000564}}
{"target": -12.345550736257028, "params": {"colsample_bytree": 0.34476009563832455, "eta": 0.08437100464909443, "gamma": 537.3271715202787, "max_depth": 8.0, "min_child_weight": 4209.201143378049, "num_boost_round": 51.0, "subsample": 0.21712201588767588}, "datetime": {"datetime": "2024-01-20 14:26:51", "elapsed": 177.909484, "delta": 0.000568}}
{"target": -12.345709054877958, "params": {"colsample_bytree": 0.34476009563832455, "eta": 0.08437100464909443, "gamma": 537.3271715202787, "max_depth": 8.0, "min_child_weight": 4209.201143378049, "num_boost_round": 52.0, "subsample": 0.21712201588767588}, "datetime": {"datetime": "2024-01-20 14:26:51", "elapsed": 177.910047, "delta": 0.000563}}
{"target": -12.345670698887835, "params": {"colsample_bytree": 0.34476009563832455, "eta": 0.08437100464909443, "gamma": 537.3271715202787, "max_depth": 8.0, "min_child_weight": 4209.201143378049, "num_boost_round": 53.0, "subsample": 0.21712201588767588}, "datetime": {"datetime": "2024-01-20 14:26:51", "elapsed": 177.910615, "delta": 0.000568}}
{"target": -12.345523779297425, "params": {"colsample_bytree": 0.34476009563832455, "eta": 0.08437100464909443, "gamma": 537.3271715202787, "max_depth": 8.0, "min_child_weight": 4209.201143378049, "num_boost_round": 54.0, "subsample": 0.21712201588767588}, "datetime": {"datetime": "2024-01-20 14:26:51", "elapsed": 177.911187, "delta": 0.000572}}
{"target": -12.34567364562185, "params": {"colsample_bytree": 0.34476009563832455, "eta": 0.08437100464909443, "gamma": 537.3271715202787, "max_depth": 8.0, "min_child_weight": 4209.201143378049, "num_boost_round": 55.0, "subsample": 0.21712201588767588}, "datetime": {"datetime": "2024-01-20 14:26:51", "elapsed": 177.911759, "delta": 0.000572}}
{"target": -12.345631321143115, "params": {"colsample_bytree": 0.34476009563832455, "eta": 0.08437100464909443, "gamma": 537.3271715202787, "max_depth": 8.0, "min_child_weight": 4209.201143378049, "num_boost_round": 56.0, "subsample": 0.21712201588767588}, "datetime": {"datetime": "2024-01-20 14:26:51", "elapsed": 177.91234, "delta": 0.000581}}
{"target": -12.345660568844615, "params": {"colsample_bytree": 0.34476009563832455, "eta": 0.08437100464909443, "gamma": 537.3271715202787, "max_depth": 8.0, "min_child_weight": 4209.201143378049, "num_boost_round": 57.0, "subsample": 0.21712201588767588}, "datetime": {"datetime": "2024-01-20 14:26:51", "elapsed": 177.912919, "delta": 0.000579}}
{"target": -12.34562857170475, "params": {"colsample_bytree": 0.34476009563832455, "eta": 0.08437100464909443, "gamma": 537.3271715202787, "max_depth": 8.0, "min_child_weight": 4209.201143378049, "num_boost_round": 58.0, "subsample": 0.21712201588767588}, "datetime": {"datetime": "2024-01-20 14:26:51", "elapsed": 177.9135, "delta": 0.000581}}
{"target": -12.345537455072762, "params": {"colsample_bytree": 0.34476009563832455, "eta": 0.08437100464909443, "gamma": 537.3271715202787, "max_depth": 8.0, "min_child_weight": 4209.201143378049, "num_boost_round": 59.0, "subsample": 0.21712201588767588}, "datetime": {"datetime": "2024-01-20 14:26:51", "elapsed": 177.914072, "delta": 0.000572}}
{"target": -12.3458686789002, "params": {"colsample_bytree": 0.34476009563832455, "eta": 0.08437100464909443, "gamma": 537.3271715202787, "max_depth": 8.0, "min_child_weight": 4209.201143378049, "num_boost_round": 60.0, "subsample": 0.21712201588767588}, "datetime": {"datetime": "2024-01-20 14:26:51", "elapsed": 177.914649, "delta": 0.000577}}
{"target": -12.345712153342959, "params": {"colsample_bytree": 0.34476009563832455, "eta": 0.08437100464909443, "gamma": 537.3271715202787, "max_depth": 8.0, "min_child_weight": 4209.201143378049, "num_boost_round": 61.0, "subsample": 0.21712201588767588}, "datetime": {"datetime": "2024-01-20 14:26:51", "elapsed": 177.91523, "delta": 0.000581}}
{"target": -12.345709955779883, "params": {"colsample_bytree": 0.34476009563832455, "eta": 0.08437100464909443, "gamma": 537.3271715202787, "max_depth": 8.0, "min_child_weight": 4209.201143378049, "num_boost_round": 62.0, "subsample": 0.21712201588767588}, "datetime": {"datetime": "2024-01-20 14:26:51", "elapsed": 177.915803, "delta": 0.000573}}
{"target": -12.345678437701835, "params": {"colsample_bytree": 0.34476009563832455, "eta": 0.08437100464909443, "gamma": 537.3271715202787, "max_depth": 8.0, "min_child_weight": 4209.201143378049, "num_boost_round": 63.0, "subsample": 0.21712201588767588}, "datetime": {"datetime": "2024-01-20 14:26:51", "elapsed": 177.916385, "delta": 0.000582}}
{"target": -12.346007381396014, "params": {"colsample_bytree": 0.34476009563832455, "eta": 0.08437100464909443, "gamma": 537.3271715202787, "max_depth": 8.0, "min_child_weight": 4209.201143378049, "num_boost_round": 64.0, "subsample": 0.21712201588767588}, "datetime": {"datetime": "2024-01-20 14:26:51", "elapsed": 177.916958, "delta": 0.000573}}
{"target": -12.345835321899141, "params": {"colsample_bytree": 0.34476009563832455, "eta": 0.08437100464909443, "gamma": 537.3271715202787, "max_depth": 8.0, "min_child_weight": 4209.201143378049, "num_boost_round": 65.0, "subsample": 0.21712201588767588}, "datetime": {"datetime": "2024-01-20 14:26:51", "elapsed": 177.917788, "delta": 0.00083}}
{"target": -12.34596609262654, "params": {"colsample_bytree": 0.34476009563832455, "eta": 0.08437100464909443, "gamma": 537.3271715202787, "max_depth": 8.0, "min_child_weight": 4209.201143378049, "num_boost_round": 66.0, "subsample": 0.21712201588767588}, "datetime": {"datetime": "2024-01-20 14:26:51", "elapsed": 177.918545, "delta": 0.000757}}
{"target": -12.345960341929928, "params": {"colsample_bytree": 0.34476009563832455, "eta": 0.08437100464909443, "gamma": 537.3271715202787, "max_depth": 8.0, "min_child_weight": 4209.201143378049, "num_boost_round": 67.0, "subsample": 0.21712201588767588}, "datetime": {"datetime": "2024-01-20 14:26:51", "elapsed": 177.919294, "delta": 0.000749}}
{"target": -12.346267383615075, "params": {"colsample_bytree": 0.34476009563832455, "eta": 0.08437100464909443, "gamma": 537.3271715202787, "max_depth": 8.0, "min_child_weight": 4209.201143378049, "num_boost_round": 68.0, "subsample": 0.21712201588767588}, "datetime": {"datetime": "2024-01-20 14:26:51", "elapsed": 177.919982, "delta": 0.000688}}
{"target": -12.346506379543019, "params": {"colsample_bytree": 0.34476009563832455, "eta": 0.08437100464909443, "gamma": 537.3271715202787, "max_depth": 8.0, "min_child_weight": 4209.201143378049, "num_boost_round": 69.0, "subsample": 0.21712201588767588}, "datetime": {"datetime": "2024-01-20 14:26:51", "elapsed": 177.920571, "delta": 0.000589}}
{"target": -12.3465021067388, "params": {"colsample_bytree": 0.34476009563832455, "eta": 0.08437100464909443, "gamma": 537.3271715202787, "max_depth": 8.0, "min_child_weight": 4209.201143378049, "num_boost_round": 70.0, "subsample": 0.21712201588767588}, "datetime": {"datetime": "2024-01-20 14:26:51", "elapsed": 177.921219, "delta": 0.000648}}
{"target": -12.346464837581745, "params": {"colsample_bytree": 0.34476009563832455, "eta": 0.08437100464909443, "gamma": 537.3271715202787, "max_depth": 8.0, "min_child_weight": 4209.201143378049, "num_boost_round": 71.0, "subsample": 0.21712201588767588}, "datetime": {"datetime": "2024-01-20 14:26:51", "elapsed": 177.921829, "delta": 0.00061}}
{"target": -12.346317011458435, "params": {"colsample_bytree": 0.34476009563832455, "eta": 0.08437100464909443, "gamma": 537.3271715202787, "max_depth": 8.0, "min_child_weight": 4209.201143378049, "num_boost_round": 72.0, "subsample": 0.21712201588767588}, "datetime": {"datetime": "2024-01-20 14:26:51", "elapsed": 177.922431, "delta": 0.000602}}
{"target": -12.346346417445929, "params": {"colsample_bytree": 0.34476009563832455, "eta": 0.08437100464909443, "gamma": 537.3271715202787, "max_depth": 8.0, "min_child_weight": 4209.201143378049, "num_boost_round": 73.0, "subsample": 0.21712201588767588}, "datetime": {"datetime": "2024-01-20 14:26:51", "elapsed": 177.923017, "delta": 0.000586}}
{"target": -12.346531019501796, "params": {"colsample_bytree": 0.34476009563832455, "eta": 0.08437100464909443, "gamma": 537.3271715202787, "max_depth": 8.0, "min_child_weight": 4209.201143378049, "num_boost_round": 74.0, "subsample": 0.21712201588767588}, "datetime": {"datetime": "2024-01-20 14:26:51", "elapsed": 177.923622, "delta": 0.000605}}
{"target": -12.346427393150478, "params": {"colsample_bytree": 0.34476009563832455, "eta": 0.08437100464909443, "gamma": 537.3271715202787, "max_depth": 8.0, "min_child_weight": 4209.201143378049, "num_boost_round": 75.0, "subsample": 0.21712201588767588}, "datetime": {"datetime": "2024-01-20 14:26:51", "elapsed": 177.924219, "delta": 0.000597}}
{"target": -12.346684185253086, "params": {"colsample_bytree": 0.34476009563832455, "eta": 0.08437100464909443, "gamma": 537.3271715202787, "max_depth": 8.0, "min_child_weight": 4209.201143378049, "num_boost_round": 76.0, "subsample": 0.21712201588767588}, "datetime": {"datetime": "2024-01-20 14:26:51", "elapsed": 177.924812, "delta": 0.000593}}
{"target": -12.346932724663015, "params": {"colsample_bytree": 0.34476009563832455, "eta": 0.08437100464909443, "gamma": 537.3271715202787, "max_depth": 8.0, "min_child_weight": 4209.201143378049, "num_boost_round": 77.0, "subsample": 0.21712201588767588}, "datetime": {"datetime": "2024-01-20 14:26:51", "elapsed": 177.925419, "delta": 0.000607}}
{"target": -12.347047867346511, "params": {"colsample_bytree": 0.34476009563832455, "eta": 0.08437100464909443, "gamma": 537.3271715202787, "max_depth": 8.0, "min_child_weight": 4209.201143378049, "num_boost_round": 78.0, "subsample": 0.21712201588767588}, "datetime": {"datetime": "2024-01-20 14:26:51", "elapsed": 177.926014, "delta": 0.000595}}
{"target": -12.34711212919175, "params": {"colsample_bytree": 0.34476009563832455, "eta": 0.08437100464909443, "gamma": 537.3271715202787, "max_depth": 8.0, "min_child_weight": 4209.201143378049, "num_boost_round": 79.0, "subsample": 0.21712201588767588}, "datetime": {"datetime": "2024-01-20 14:26:51", "elapsed": 177.92661, "delta": 0.000596}}
{"target": -12.34707994606794, "params": {"colsample_bytree": 0.34476009563832455, "eta": 0.08437100464909443, "gamma": 537.3271715202787, "max_depth": 8.0, "min_child_weight": 4209.201143378049, "num_boost_round": 80.0, "subsample": 0.21712201588767588}, "datetime": {"datetime": "2024-01-20 14:26:51", "elapsed": 177.927213, "delta": 0.000603}}
{"target": -12.347196161984535, "params": {"colsample_bytree": 0.34476009563832455, "eta": 0.08437100464909443, "gamma": 537.3271715202787, "max_depth": 8.0, "min_child_weight": 4209.201143378049, "num_boost_round": 81.0, "subsample": 0.21712201588767588}, "datetime": {"datetime": "2024-01-20 14:26:51", "elapsed": 177.927807, "delta": 0.000594}}
{"target": -12.347403302279206, "params": {"colsample_bytree": 0.34476009563832455, "eta": 0.08437100464909443, "gamma": 537.3271715202787, "max_depth": 8.0, "min_child_weight": 4209.201143378049, "num_boost_round": 82.0, "subsample": 0.21712201588767588}, "datetime": {"datetime": "2024-01-20 14:26:51", "elapsed": 177.928417, "delta": 0.00061}}
{"target": -12.347409373901577, "params": {"colsample_bytree": 0.34476009563832455, "eta": 0.08437100464909443, "gamma": 537.3271715202787, "max_depth": 8.0, "min_child_weight": 4209.201143378049, "num_boost_round": 83.0, "subsample": 0.21712201588767588}, "datetime": {"datetime": "2024-01-20 14:26:51", "elapsed": 177.929018, "delta": 0.000601}}
{"target": -12.34746261012517, "params": {"colsample_bytree": 0.34476009563832455, "eta": 0.08437100464909443, "gamma": 537.3271715202787, "max_depth": 8.0, "min_child_weight": 4209.201143378049, "num_boost_round": 84.0, "subsample": 0.21712201588767588}, "datetime": {"datetime": "2024-01-20 14:26:51", "elapsed": 177.929638, "delta": 0.00062}}
{"target": -12.347221016783015, "params": {"colsample_bytree": 0.34476009563832455, "eta": 0.08437100464909443, "gamma": 537.3271715202787, "max_depth": 8.0, "min_child_weight": 4209.201143378049, "num_boost_round": 85.0, "subsample": 0.21712201588767588}, "datetime": {"datetime": "2024-01-20 14:26:51", "elapsed": 177.93025, "delta": 0.000612}}
{"target": -12.357220159075055, "params": {"colsample_bytree": 0.5306797593017178, "eta": 0.0737822801008546, "gamma": 545.2377109939797, "max_depth": 5.0, "min_child_weight": 4233.567067223523, "num_boost_round": 1.0, "subsample": 0.1347462296342669}, "datetime": {"datetime": "2024-01-20 14:27:08", "elapsed": 195.087729, "delta": 17.157479}}
{"target": -12.356139844844963, "params": {"colsample_bytree": 0.5306797593017178, "eta": 0.0737822801008546, "gamma": 545.2377109939797, "max_depth": 5.0, "min_child_weight": 4233.567067223523, "num_boost_round": 2.0, "subsample": 0.1347462296342669}, "datetime": {"datetime": "2024-01-20 14:27:08", "elapsed": 195.088502, "delta": 0.000773}}
{"target": -12.353711593456651, "params": {"colsample_bytree": 0.5306797593017178, "eta": 0.0737822801008546, "gamma": 545.2377109939797, "max_depth": 5.0, "min_child_weight": 4233.567067223523, "num_boost_round": 3.0, "subsample": 0.1347462296342669}, "datetime": {"datetime": "2024-01-20 14:27:08", "elapsed": 195.089102, "delta": 0.0006}}
{"target": -12.35424253591863, "params": {"colsample_bytree": 0.5306797593017178, "eta": 0.0737822801008546, "gamma": 545.2377109939797, "max_depth": 5.0, "min_child_weight": 4233.567067223523, "num_boost_round": 4.0, "subsample": 0.1347462296342669}, "datetime": {"datetime": "2024-01-20 14:27:08", "elapsed": 195.089734, "delta": 0.000632}}
{"target": -12.352518791922865, "params": {"colsample_bytree": 0.5306797593017178, "eta": 0.0737822801008546, "gamma": 545.2377109939797, "max_depth": 5.0, "min_child_weight": 4233.567067223523, "num_boost_round": 5.0, "subsample": 0.1347462296342669}, "datetime": {"datetime": "2024-01-20 14:27:08", "elapsed": 195.090703, "delta": 0.000969}}
{"target": -12.351065048570675, "params": {"colsample_bytree": 0.5306797593017178, "eta": 0.0737822801008546, "gamma": 545.2377109939797, "max_depth": 5.0, "min_child_weight": 4233.567067223523, "num_boost_round": 6.0, "subsample": 0.1347462296342669}, "datetime": {"datetime": "2024-01-20 14:27:08", "elapsed": 195.091459, "delta": 0.000756}}
{"target": -12.351143568669054, "params": {"colsample_bytree": 0.5306797593017178, "eta": 0.0737822801008546, "gamma": 545.2377109939797, "max_depth": 5.0, "min_child_weight": 4233.567067223523, "num_boost_round": 7.0, "subsample": 0.1347462296342669}, "datetime": {"datetime": "2024-01-20 14:27:08", "elapsed": 195.092398, "delta": 0.000939}}
{"target": -12.350503286164432, "params": {"colsample_bytree": 0.5306797593017178, "eta": 0.0737822801008546, "gamma": 545.2377109939797, "max_depth": 5.0, "min_child_weight": 4233.567067223523, "num_boost_round": 8.0, "subsample": 0.1347462296342669}, "datetime": {"datetime": "2024-01-20 14:27:08", "elapsed": 195.093065, "delta": 0.000667}}
{"target": -12.35058789715513, "params": {"colsample_bytree": 0.5306797593017178, "eta": 0.0737822801008546, "gamma": 545.2377109939797, "max_depth": 5.0, "min_child_weight": 4233.567067223523, "num_boost_round": 9.0, "subsample": 0.1347462296342669}, "datetime": {"datetime": "2024-01-20 14:27:08", "elapsed": 195.093712, "delta": 0.000647}}
{"target": -12.349200015005511, "params": {"colsample_bytree": 0.5306797593017178, "eta": 0.0737822801008546, "gamma": 545.2377109939797, "max_depth": 5.0, "min_child_weight": 4233.567067223523, "num_boost_round": 10.0, "subsample": 0.1347462296342669}, "datetime": {"datetime": "2024-01-20 14:27:08", "elapsed": 195.094353, "delta": 0.000641}}
{"target": -12.348508615017334, "params": {"colsample_bytree": 0.5306797593017178, "eta": 0.0737822801008546, "gamma": 545.2377109939797, "max_depth": 5.0, "min_child_weight": 4233.567067223523, "num_boost_round": 11.0, "subsample": 0.1347462296342669}, "datetime": {"datetime": "2024-01-20 14:27:08", "elapsed": 195.094984, "delta": 0.000631}}
{"target": -12.34779643943627, "params": {"colsample_bytree": 0.5306797593017178, "eta": 0.0737822801008546, "gamma": 545.2377109939797, "max_depth": 5.0, "min_child_weight": 4233.567067223523, "num_boost_round": 12.0, "subsample": 0.1347462296342669}, "datetime": {"datetime": "2024-01-20 14:27:08", "elapsed": 195.095625, "delta": 0.000641}}
{"target": -12.357080975248648, "params": {"colsample_bytree": 0.24760443653928568, "eta": 0.06340474646058716, "gamma": 525.0193910105847, "max_depth": 6.0, "min_child_weight": 4213.682176423993, "num_boost_round": 1.0, "subsample": 0.7422522335473848}, "datetime": {"datetime": "2024-01-20 14:27:37", "elapsed": 224.244134, "delta": 29.148509}}
{"target": -12.355684304630724, "params": {"colsample_bytree": 0.24760443653928568, "eta": 0.06340474646058716, "gamma": 525.0193910105847, "max_depth": 6.0, "min_child_weight": 4213.682176423993, "num_boost_round": 2.0, "subsample": 0.7422522335473848}, "datetime": {"datetime": "2024-01-20 14:27:37", "elapsed": 224.246328, "delta": 0.002194}}
{"target": -12.352346544070098, "params": {"colsample_bytree": 0.24760443653928568, "eta": 0.06340474646058716, "gamma": 525.0193910105847, "max_depth": 6.0, "min_child_weight": 4213.682176423993, "num_boost_round": 3.0, "subsample": 0.7422522335473848}, "datetime": {"datetime": "2024-01-20 14:27:37", "elapsed": 224.247047, "delta": 0.000719}}
{"target": -12.352592087810448, "params": {"colsample_bytree": 0.24760443653928568, "eta": 0.06340474646058716, "gamma": 525.0193910105847, "max_depth": 6.0, "min_child_weight": 4213.682176423993, "num_boost_round": 4.0, "subsample": 0.7422522335473848}, "datetime": {"datetime": "2024-01-20 14:27:37", "elapsed": 224.24774, "delta": 0.000693}}
{"target": -12.352683838967637, "params": {"colsample_bytree": 0.24760443653928568, "eta": 0.06340474646058716, "gamma": 525.0193910105847, "max_depth": 6.0, "min_child_weight": 4213.682176423993, "num_boost_round": 5.0, "subsample": 0.7422522335473848}, "datetime": {"datetime": "2024-01-20 14:27:37", "elapsed": 224.248353, "delta": 0.000613}}
{"target": -12.351224587005992, "params": {"colsample_bytree": 0.24760443653928568, "eta": 0.06340474646058716, "gamma": 525.0193910105847, "max_depth": 6.0, "min_child_weight": 4213.682176423993, "num_boost_round": 6.0, "subsample": 0.7422522335473848}, "datetime": {"datetime": "2024-01-20 14:27:37", "elapsed": 224.249119, "delta": 0.000766}}
