{"target": -19.145913848840383, "params": {"colsample_bytree": 0.9773328867123909, "eta": 0.047545407812044485, "gamma": 265.6910822571349, "max_depth": 6.0, "min_child_weight": 3735.1151938291828, "num_boost_round": 6.0, "subsample": 0.9261581066310298}, "datetime": {"datetime": "2024-01-20 16:13:35", "elapsed": 6583.253905, "delta": 0.00456}}
{"target": -19.14636347942905, "params": {"colsample_bytree": 0.9773328867123909, "eta": 0.047545407812044485, "gamma": 265.6910822571349, "max_depth": 6.0, "min_child_weight": 3735.1151938291828, "num_boost_round": 7.0, "subsample": 0.9261581066310298}, "datetime": {"datetime": "2024-01-20 16:13:35", "elapsed": 6583.258507, "delta": 0.004602}}
{"target": -19.147260794935875, "params": {"colsample_bytree": 0.9773328867123909, "eta": 0.047545407812044485, "gamma": 265.6910822571349, "max_depth": 6.0, "min_child_weight": 3735.1151938291828, "num_boost_round": 8.0, "subsample": 0.9261581066310298}, "datetime": {"datetime": "2024-01-20 16:13:35", "elapsed": 6583.263195, "delta": 0.004688}}
{"target": -19.147711876900303, "params": {"colsample_bytree": 0.9773328867123909, "eta": 0.047545407812044485, "gamma": 265.6910822571349, "max_depth": 6.0, "min_child_weight": 3735.1151938291828, "num_boost_round": 9.0, "subsample": 0.9261581066310298}, "datetime": {"datetime": "2024-01-20 16:13:35", "elapsed": 6583.267953, "delta": 0.004758}}
{"target": -19.148247617514038, "params": {"colsample_bytree": 0.9773328867123909, "eta": 0.047545407812044485, "gamma": 265.6910822571349, "max_depth": 6.0, "min_child_weight": 3735.1151938291828, "num_boost_round": 10.0, "subsample": 0.9261581066310298}, "datetime": {"datetime": "2024-01-20 16:13:35", "elapsed": 6583.272867, "delta": 0.004914}}
{"target": -19.148863561413368, "params": {"colsample_bytree": 0.9773328867123909, "eta": 0.047545407812044485, "gamma": 265.6910822571349, "max_depth": 6.0, "min_child_weight": 3735.1151938291828, "num_boost_round": 11.0, "subsample": 0.9261581066310298}, "datetime": {"datetime": "2024-01-20 16:13:35", "elapsed": 6583.277906, "delta": 0.005039}}
{"target": -19.149732953651313, "params": {"colsample_bytree": 0.9773328867123909, "eta": 0.047545407812044485, "gamma": 265.6910822571349, "max_depth": 6.0, "min_child_weight": 3735.1151938291828, "num_boost_round": 12.0, "subsample": 0.9261581066310298}, "datetime": {"datetime": "2024-01-20 16:13:35", "elapsed": 6583.282525, "delta": 0.004619}}
{"target": -19.150379706438976, "params": {"colsample_bytree": 0.9773328867123909, "eta": 0.047545407812044485, "gamma": 265.6910822571349, "max_depth": 6.0, "min_child_weight": 3735.1151938291828, "num_boost_round": 13.0, "subsample": 0.9261581066310298}, "datetime": {"datetime": "2024-01-20 16:13:35", "elapsed": 6583.28718, "delta": 0.004655}}
{"target": -19.15132496038369, "params": {"colsample_bytree": 0.9773328867123909, "eta": 0.047545407812044485, "gamma": 265.6910822571349, "max_depth": 6.0, "min_child_weight": 3735.1151938291828, "num_boost_round": 14.0, "subsample": 0.9261581066310298}, "datetime": {"datetime": "2024-01-20 16:13:35", "elapsed": 6583.29176, "delta": 0.00458}}
{"target": -19.151772001051036, "params": {"colsample_bytree": 0.9773328867123909, "eta": 0.047545407812044485, "gamma": 265.6910822571349, "max_depth": 6.0, "min_child_weight": 3735.1151938291828, "num_boost_round": 15.0, "subsample": 0.9261581066310298}, "datetime": {"datetime": "2024-01-20 16:13:35", "elapsed": 6583.296823, "delta": 0.005063}}
{"target": -19.152363252935537, "params": {"colsample_bytree": 0.9773328867123909, "eta": 0.047545407812044485, "gamma": 265.6910822571349, "max_depth": 6.0, "min_child_weight": 3735.1151938291828, "num_boost_round": 16.0, "subsample": 0.9261581066310298}, "datetime": {"datetime": "2024-01-20 16:13:35", "elapsed": 6583.301778, "delta": 0.004955}}
{"target": -19.15261867567946, "params": {"colsample_bytree": 0.9773328867123909, "eta": 0.047545407812044485, "gamma": 265.6910822571349, "max_depth": 6.0, "min_child_weight": 3735.1151938291828, "num_boost_round": 17.0, "subsample": 0.9261581066310298}, "datetime": {"datetime": "2024-01-20 16:13:35", "elapsed": 6583.306891, "delta": 0.005113}}
{"target": -19.152883442430635, "params": {"colsample_bytree": 0.9773328867123909, "eta": 0.047545407812044485, "gamma": 265.6910822571349, "max_depth": 6.0, "min_child_weight": 3735.1151938291828, "num_boost_round": 18.0, "subsample": 0.9261581066310298}, "datetime": {"datetime": "2024-01-20 16:13:35", "elapsed": 6583.311474, "delta": 0.004583}}
{"target": -19.15354518544055, "params": {"colsample_bytree": 0.9773328867123909, "eta": 0.047545407812044485, "gamma": 265.6910822571349, "max_depth": 6.0, "min_child_weight": 3735.1151938291828, "num_boost_round": 19.0, "subsample": 0.9261581066310298}, "datetime": {"datetime": "2024-01-20 16:13:35", "elapsed": 6583.316171, "delta": 0.004697}}
{"target": -19.154109732738434, "params": {"colsample_bytree": 0.9773328867123909, "eta": 0.047545407812044485, "gamma": 265.6910822571349, "max_depth": 6.0, "min_child_weight": 3735.1151938291828, "num_boost_round": 20.0, "subsample": 0.9261581066310298}, "datetime": {"datetime": "2024-01-20 16:13:35", "elapsed": 6583.320973, "delta": 0.004802}}
{"target": -19.15464663458934, "params": {"colsample_bytree": 0.9773328867123909, "eta": 0.047545407812044485, "gamma": 265.6910822571349, "max_depth": 6.0, "min_child_weight": 3735.1151938291828, "num_boost_round": 21.0, "subsample": 0.9261581066310298}, "datetime": {"datetime": "2024-01-20 16:13:35", "elapsed": 6583.325678, "delta": 0.004705}}
{"target": -19.154867131298136, "params": {"colsample_bytree": 0.9773328867123909, "eta": 0.047545407812044485, "gamma": 265.6910822571349, "max_depth": 6.0, "min_child_weight": 3735.1151938291828, "num_boost_round": 22.0, "subsample": 0.9261581066310298}, "datetime": {"datetime": "2024-01-20 16:13:35", "elapsed": 6583.330414, "delta": 0.004736}}
{"target": -19.155491781623, "params": {"colsample_bytree": 0.9773328867123909, "eta": 0.047545407812044485, "gamma": 265.6910822571349, "max_depth": 6.0, "min_child_weight": 3735.1151938291828, "num_boost_round": 23.0, "subsample": 0.9261581066310298}, "datetime": {"datetime": "2024-01-20 16:13:35", "elapsed": 6583.335376, "delta": 0.004962}}
{"target": -19.156242518242276, "params": {"colsample_bytree": 0.9773328867123909, "eta": 0.047545407812044485, "gamma": 265.6910822571349, "max_depth": 6.0, "min_child_weight": 3735.1151938291828, "num_boost_round": 24.0, "subsample": 0.9261581066310298}, "datetime": {"datetime": "2024-01-20 16:13:35", "elapsed": 6583.339959, "delta": 0.004583}}
{"target": -19.15672936668286, "params": {"colsample_bytree": 0.9773328867123909, "eta": 0.047545407812044485, "gamma": 265.6910822571349, "max_depth": 6.0, "min_child_weight": 3735.1151938291828, "num_boost_round": 25.0, "subsample": 0.9261581066310298}, "datetime": {"datetime": "2024-01-20 16:13:35", "elapsed": 6583.344595, "delta": 0.004636}}
{"target": -19.157455598582253, "params": {"colsample_bytree": 0.9773328867123909, "eta": 0.047545407812044485, "gamma": 265.6910822571349, "max_depth": 6.0, "min_child_weight": 3735.1151938291828, "num_boost_round": 26.0, "subsample": 0.9261581066310298}, "datetime": {"datetime": "2024-01-20 16:13:35", "elapsed": 6583.349274, "delta": 0.004679}}
{"target": -19.15798259368554, "params": {"colsample_bytree": 0.9773328867123909, "eta": 0.047545407812044485, "gamma": 265.6910822571349, "max_depth": 6.0, "min_child_weight": 3735.1151938291828, "num_boost_round": 27.0, "subsample": 0.9261581066310298}, "datetime": {"datetime": "2024-01-20 16:13:35", "elapsed": 6583.375983, "delta": 0.026709}}
{"target": -19.15833937611043, "params": {"colsample_bytree": 0.9773328867123909, "eta": 0.047545407812044485, "gamma": 265.6910822571349, "max_depth": 6.0, "min_child_weight": 3735.1151938291828, "num_boost_round": 28.0, "subsample": 0.9261581066310298}, "datetime": {"datetime": "2024-01-20 16:13:35", "elapsed": 6583.380894, "delta": 0.004911}}
{"target": -19.143523399398575, "params": {"colsample_bytree": 0.6334589176339225, "eta": 0.049281704367725984, "gamma": 21.02947401578259, "max_depth": 4.0, "min_child_weight": 3875.9871702583614, "num_boost_round": 1.0, "subsample": 0.8996967622821865}, "datetime": {"datetime": "2024-01-20 16:14:52", "elapsed": 6660.605153, "delta": 77.224259}}
{"target": -19.143282078989365, "params": {"colsample_bytree": 0.6334589176339225, "eta": 0.049281704367725984, "gamma": 21.02947401578259, "max_depth": 4.0, "min_child_weight": 3875.9871702583614, "num_boost_round": 2.0, "subsample": 0.8996967622821865}, "datetime": {"datetime": "2024-01-20 16:14:52", "elapsed": 6660.610846, "delta": 0.005693}}
{"target": -19.143449087517276, "params": {"colsample_bytree": 0.6334589176339225, "eta": 0.049281704367725984, "gamma": 21.02947401578259, "max_depth": 4.0, "min_child_weight": 3875.9871702583614, "num_boost_round": 3.0, "subsample": 0.8996967622821865}, "datetime": {"datetime": "2024-01-20 16:14:52", "elapsed": 6660.615612, "delta": 0.004766}}
{"target": -19.1435801891664, "params": {"colsample_bytree": 0.6334589176339225, "eta": 0.049281704367725984, "gamma": 21.02947401578259, "max_depth": 4.0, "min_child_weight": 3875.9871702583614, "num_boost_round": 4.0, "subsample": 0.8996967622821865}, "datetime": {"datetime": "2024-01-20 16:14:52", "elapsed": 6660.620411, "delta": 0.004799}}
{"target": -19.14399336263986, "params": {"colsample_bytree": 0.6334589176339225, "eta": 0.049281704367725984, "gamma": 21.02947401578259, "max_depth": 4.0, "min_child_weight": 3875.9871702583614, "num_boost_round": 5.0, "subsample": 0.8996967622821865}, "datetime": {"datetime": "2024-01-20 16:14:52", "elapsed": 6660.625072, "delta": 0.004661}}
{"target": -19.14371964167654, "params": {"colsample_bytree": 0.6334589176339225, "eta": 0.049281704367725984, "gamma": 21.02947401578259, "max_depth": 4.0, "min_child_weight": 3875.9871702583614, "num_boost_round": 6.0, "subsample": 0.8996967622821865}, "datetime": {"datetime": "2024-01-20 16:14:52", "elapsed": 6660.629666, "delta": 0.004594}}
{"target": -19.144005709458675, "params": {"colsample_bytree": 0.6334589176339225, "eta": 0.049281704367725984, "gamma": 21.02947401578259, "max_depth": 4.0, "min_child_weight": 3875.9871702583614, "num_boost_round": 7.0, "subsample": 0.8996967622821865}, "datetime": {"datetime": "2024-01-20 16:14:52", "elapsed": 6660.634332, "delta": 0.004666}}
{"target": -19.144181948977977, "params": {"colsample_bytree": 0.6334589176339225, "eta": 0.049281704367725984, "gamma": 21.02947401578259, "max_depth": 4.0, "min_child_weight": 3875.9871702583614, "num_boost_round": 8.0, "subsample": 0.8996967622821865}, "datetime": {"datetime": "2024-01-20 16:14:52", "elapsed": 6660.639203, "delta": 0.004871}}
{"target": -19.1442576063462, "params": {"colsample_bytree": 0.6334589176339225, "eta": 0.049281704367725984, "gamma": 21.02947401578259, "max_depth": 4.0, "min_child_weight": 3875.9871702583614, "num_boost_round": 9.0, "subsample": 0.8996967622821865}, "datetime": {"datetime": "2024-01-20 16:14:52", "elapsed": 6660.643802, "delta": 0.004599}}
{"target": -19.144534560727926, "params": {"colsample_bytree": 0.6334589176339225, "eta": 0.049281704367725984, "gamma": 21.02947401578259, "max_depth": 4.0, "min_child_weight": 3875.9871702583614, "num_boost_round": 10.0, "subsample": 0.8996967622821865}, "datetime": {"datetime": "2024-01-20 16:14:52", "elapsed": 6660.648461, "delta": 0.004659}}
{"target": -19.144659153265586, "params": {"colsample_bytree": 0.6334589176339225, "eta": 0.049281704367725984, "gamma": 21.02947401578259, "max_depth": 4.0, "min_child_weight": 3875.9871702583614, "num_boost_round": 11.0, "subsample": 0.8996967622821865}, "datetime": {"datetime": "2024-01-20 16:14:52", "elapsed": 6660.660603, "delta": 0.012142}}
{"target": -19.144643717957933, "params": {"colsample_bytree": 0.6334589176339225, "eta": 0.049281704367725984, "gamma": 21.02947401578259, "max_depth": 4.0, "min_child_weight": 3875.9871702583614, "num_boost_round": 12.0, "subsample": 0.8996967622821865}, "datetime": {"datetime": "2024-01-20 16:14:52", "elapsed": 6660.665333, "delta": 0.00473}}
{"target": -19.145441242158928, "params": {"colsample_bytree": 0.6334589176339225, "eta": 0.049281704367725984, "gamma": 21.02947401578259, "max_depth": 4.0, "min_child_weight": 3875.9871702583614, "num_boost_round": 13.0, "subsample": 0.8996967622821865}, "datetime": {"datetime": "2024-01-20 16:14:52", "elapsed": 6660.670194, "delta": 0.004861}}
{"target": -19.146252105754193, "params": {"colsample_bytree": 0.6334589176339225, "eta": 0.049281704367725984, "gamma": 21.02947401578259, "max_depth": 4.0, "min_child_weight": 3875.9871702583614, "num_boost_round": 14.0, "subsample": 0.8996967622821865}, "datetime": {"datetime": "2024-01-20 16:14:53", "elapsed": 6660.972194, "delta": 0.302}}
{"target": -19.14727714462208, "params": {"colsample_bytree": 0.6334589176339225, "eta": 0.049281704367725984, "gamma": 21.02947401578259, "max_depth": 4.0, "min_child_weight": 3875.9871702583614, "num_boost_round": 15.0, "subsample": 0.8996967622821865}, "datetime": {"datetime": "2024-01-20 16:14:53", "elapsed": 6660.977926, "delta": 0.005732}}
{"target": -19.147250424134228, "params": {"colsample_bytree": 0.6334589176339225, "eta": 0.049281704367725984, "gamma": 21.02947401578259, "max_depth": 4.0, "min_child_weight": 3875.9871702583614, "num_boost_round": 16.0, "subsample": 0.8996967622821865}, "datetime": {"datetime": "2024-01-20 16:14:53", "elapsed": 6660.982944, "delta": 0.005018}}
{"target": -19.147303002872665, "params": {"colsample_bytree": 0.6334589176339225, "eta": 0.049281704367725984, "gamma": 21.02947401578259, "max_depth": 4.0, "min_child_weight": 3875.9871702583614, "num_boost_round": 17.0, "subsample": 0.8996967622821865}, "datetime": {"datetime": "2024-01-20 16:14:53", "elapsed": 6660.987757, "delta": 0.004813}}
{"target": -19.147979519743572, "params": {"colsample_bytree": 0.6334589176339225, "eta": 0.049281704367725984, "gamma": 21.02947401578259, "max_depth": 4.0, "min_child_weight": 3875.9871702583614, "num_boost_round": 18.0, "subsample": 0.8996967622821865}, "datetime": {"datetime": "2024-01-20 16:14:53", "elapsed": 6660.992441, "delta": 0.004684}}
{"target": -19.148588266165305, "params": {"colsample_bytree": 0.6334589176339225, "eta": 0.049281704367725984, "gamma": 21.02947401578259, "max_depth": 4.0, "min_child_weight": 3875.9871702583614, "num_boost_round": 19.0, "subsample": 0.8996967622821865}, "datetime": {"datetime": "2024-01-20 16:14:53", "elapsed": 6660.997198, "delta": 0.004757}}
{"target": -19.149003196428687, "params": {"colsample_bytree": 0.6334589176339225, "eta": 0.049281704367725984, "gamma": 21.02947401578259, "max_depth": 4.0, "min_child_weight": 3875.9871702583614, "num_boost_round": 20.0, "subsample": 0.8996967622821865}, "datetime": {"datetime": "2024-01-20 16:14:53", "elapsed": 6661.002122, "delta": 0.004924}}
{"target": -19.149725364340995, "params": {"colsample_bytree": 0.6334589176339225, "eta": 0.049281704367725984, "gamma": 21.02947401578259, "max_depth": 4.0, "min_child_weight": 3875.9871702583614, "num_boost_round": 21.0, "subsample": 0.8996967622821865}, "datetime": {"datetime": "2024-01-20 16:14:53", "elapsed": 6661.006821, "delta": 0.004699}}
{"target": -19.150091990866073, "params": {"colsample_bytree": 0.6334589176339225, "eta": 0.049281704367725984, "gamma": 21.02947401578259, "max_depth": 4.0, "min_child_weight": 3875.9871702583614, "num_boost_round": 22.0, "subsample": 0.8996967622821865}, "datetime": {"datetime": "2024-01-20 16:14:53", "elapsed": 6661.011548, "delta": 0.004727}}
{"target": -19.15020606686719, "params": {"colsample_bytree": 0.6334589176339225, "eta": 0.049281704367725984, "gamma": 21.02947401578259, "max_depth": 4.0, "min_child_weight": 3875.9871702583614, "num_boost_round": 23.0, "subsample": 0.8996967622821865}, "datetime": {"datetime": "2024-01-20 16:14:53", "elapsed": 6661.016497, "delta": 0.004949}}
{"target": -19.15042127922267, "params": {"colsample_bytree": 0.6334589176339225, "eta": 0.049281704367725984, "gamma": 21.02947401578259, "max_depth": 4.0, "min_child_weight": 3875.9871702583614, "num_boost_round": 24.0, "subsample": 0.8996967622821865}, "datetime": {"datetime": "2024-01-20 16:14:53", "elapsed": 6661.021203, "delta": 0.004706}}
{"target": -19.15095592198876, "params": {"colsample_bytree": 0.6334589176339225, "eta": 0.049281704367725984, "gamma": 21.02947401578259, "max_depth": 4.0, "min_child_weight": 3875.9871702583614, "num_boost_round": 25.0, "subsample": 0.8996967622821865}, "datetime": {"datetime": "2024-01-20 16:14:53", "elapsed": 6661.025989, "delta": 0.004786}}
{"target": -19.15124412353139, "params": {"colsample_bytree": 0.6334589176339225, "eta": 0.049281704367725984, "gamma": 21.02947401578259, "max_depth": 4.0, "min_child_weight": 3875.9871702583614, "num_boost_round": 26.0, "subsample": 0.8996967622821865}, "datetime": {"datetime": "2024-01-20 16:14:53", "elapsed": 6661.030924, "delta": 0.004935}}
{"target": -19.151718989770174, "params": {"colsample_bytree": 0.6334589176339225, "eta": 0.049281704367725984, "gamma": 21.02947401578259, "max_depth": 4.0, "min_child_weight": 3875.9871702583614, "num_boost_round": 27.0, "subsample": 0.8996967622821865}, "datetime": {"datetime": "2024-01-20 16:14:53", "elapsed": 6661.035645, "delta": 0.004721}}
{"target": -19.152142177598, "params": {"colsample_bytree": 0.6334589176339225, "eta": 0.049281704367725984, "gamma": 21.02947401578259, "max_depth": 4.0, "min_child_weight": 3875.9871702583614, "num_boost_round": 28.0, "subsample": 0.8996967622821865}, "datetime": {"datetime": "2024-01-20 16:14:53", "elapsed": 6661.040366, "delta": 0.004721}}
{"target": -19.151961516873055, "params": {"colsample_bytree": 0.6334589176339225, "eta": 0.049281704367725984, "gamma": 21.02947401578259, "max_depth": 4.0, "min_child_weight": 3875.9871702583614, "num_boost_round": 29.0, "subsample": 0.8996967622821865}, "datetime": {"datetime": "2024-01-20 16:14:53", "elapsed": 6661.045083, "delta": 0.004717}}
{"target": -19.152017074351335, "params": {"colsample_bytree": 0.6334589176339225, "eta": 0.049281704367725984, "gamma": 21.02947401578259, "max_depth": 4.0, "min_child_weight": 3875.9871702583614, "num_boost_round": 30.0, "subsample": 0.8996967622821865}, "datetime": {"datetime": "2024-01-20 16:14:53", "elapsed": 6661.049793, "delta": 0.00471}}
{"target": -19.152139913608995, "params": {"colsample_bytree": 0.6334589176339225, "eta": 0.049281704367725984, "gamma": 21.02947401578259, "max_depth": 4.0, "min_child_weight": 3875.9871702583614, "num_boost_round": 31.0, "subsample": 0.8996967622821865}, "datetime": {"datetime": "2024-01-20 16:14:53", "elapsed": 6661.054592, "delta": 0.004799}}
{"target": -19.15244482162002, "params": {"colsample_bytree": 0.6334589176339225, "eta": 0.049281704367725984, "gamma": 21.02947401578259, "max_depth": 4.0, "min_child_weight": 3875.9871702583614, "num_boost_round": 32.0, "subsample": 0.8996967622821865}, "datetime": {"datetime": "2024-01-20 16:14:53", "elapsed": 6661.059537, "delta": 0.004945}}
{"target": -19.152466872314406, "params": {"colsample_bytree": 0.6334589176339225, "eta": 0.049281704367725984, "gamma": 21.02947401578259, "max_depth": 4.0, "min_child_weight": 3875.9871702583614, "num_boost_round": 33.0, "subsample": 0.8996967622821865}, "datetime": {"datetime": "2024-01-20 16:14:53", "elapsed": 6661.064337, "delta": 0.0048}}
{"target": -19.152998457884305, "params": {"colsample_bytree": 0.6334589176339225, "eta": 0.049281704367725984, "gamma": 21.02947401578259, "max_depth": 4.0, "min_child_weight": 3875.9871702583614, "num_boost_round": 34.0, "subsample": 0.8996967622821865}, "datetime": {"datetime": "2024-01-20 16:14:53", "elapsed": 6661.069058, "delta": 0.004721}}
{"target": -19.153644707833056, "params": {"colsample_bytree": 0.6334589176339225, "eta": 0.049281704367725984, "gamma": 21.02947401578259, "max_depth": 4.0, "min_child_weight": 3875.9871702583614, "num_boost_round": 35.0, "subsample": 0.8996967622821865}, "datetime": {"datetime": "2024-01-20 16:14:53", "elapsed": 6661.073951, "delta": 0.004893}}
{"target": -19.153978331444314, "params": {"colsample_bytree": 0.6334589176339225, "eta": 0.049281704367725984, "gamma": 21.02947401578259, "max_depth": 4.0, "min_child_weight": 3875.9871702583614, "num_boost_round": 36.0, "subsample": 0.8996967622821865}, "datetime": {"datetime": "2024-01-20 16:14:53", "elapsed": 6661.078654, "delta": 0.004703}}
{"target": -19.154197316236914, "params": {"colsample_bytree": 0.6334589176339225, "eta": 0.049281704367725984, "gamma": 21.02947401578259, "max_depth": 4.0, "min_child_weight": 3875.9871702583614, "num_boost_round": 37.0, "subsample": 0.8996967622821865}, "datetime": {"datetime": "2024-01-20 16:14:53", "elapsed": 6661.083441, "delta": 0.004787}}
{"target": -19.154456058970048, "params": {"colsample_bytree": 0.6334589176339225, "eta": 0.049281704367725984, "gamma": 21.02947401578259, "max_depth": 4.0, "min_child_weight": 3875.9871702583614, "num_boost_round": 38.0, "subsample": 0.8996967622821865}, "datetime": {"datetime": "2024-01-20 16:14:53", "elapsed": 6661.088374, "delta": 0.004933}}
{"target": -19.154780159551294, "params": {"colsample_bytree": 0.6334589176339225, "eta": 0.049281704367725984, "gamma": 21.02947401578259, "max_depth": 4.0, "min_child_weight": 3875.9871702583614, "num_boost_round": 39.0, "subsample": 0.8996967622821865}, "datetime": {"datetime": "2024-01-20 16:14:53", "elapsed": 6661.093076, "delta": 0.004702}}
{"target": -19.1549629934129, "params": {"colsample_bytree": 0.6334589176339225, "eta": 0.049281704367725984, "gamma": 21.02947401578259, "max_depth": 4.0, "min_child_weight": 3875.9871702583614, "num_boost_round": 40.0, "subsample": 0.8996967622821865}, "datetime": {"datetime": "2024-01-20 16:14:53", "elapsed": 6661.097804, "delta": 0.004728}}
