{"target": -19.14322960177773, "params": {"colsample_bytree": 0.3115775513719454, "eta": 0.00635578825248222, "gamma": 537.1882754370835, "max_depth": 5.0, "min_child_weight": 4484.1249684656605, "num_boost_round": 2.0, "subsample": 0.8991470536468013}, "datetime": {"datetime": "2024-01-20 15:01:08", "elapsed": 2236.724473, "delta": 0.004154}}
{"target": -19.14323720348323, "params": {"colsample_bytree": 0.3115775513719454, "eta": 0.00635578825248222, "gamma": 537.1882754370835, "max_depth": 5.0, "min_child_weight": 4484.1249684656605, "num_boost_round": 3.0, "subsample": 0.8991470536468013}, "datetime": {"datetime": "2024-01-20 15:01:08", "elapsed": 2236.727189, "delta": 0.002716}}
{"target": -19.143190194846955, "params": {"colsample_bytree": 0.3115775513719454, "eta": 0.00635578825248222, "gamma": 537.1882754370835, "max_depth": 5.0, "min_child_weight": 4484.1249684656605, "num_boost_round": 4.0, "subsample": 0.8991470536468013}, "datetime": {"datetime": "2024-01-20 15:01:08", "elapsed": 2236.729768, "delta": 0.002579}}
{"target": -19.143193680163364, "params": {"colsample_bytree": 0.3115775513719454, "eta": 0.00635578825248222, "gamma": 537.1882754370835, "max_depth": 5.0, "min_child_weight": 4484.1249684656605, "num_boost_round": 5.0, "subsample": 0.8991470536468013}, "datetime": {"datetime": "2024-01-20 15:01:08", "elapsed": 2236.73234, "delta": 0.002572}}
{"target": -19.143088926719606, "params": {"colsample_bytree": 0.3115775513719454, "eta": 0.00635578825248222, "gamma": 537.1882754370835, "max_depth": 5.0, "min_child_weight": 4484.1249684656605, "num_boost_round": 6.0, "subsample": 0.8991470536468013}, "datetime": {"datetime": "2024-01-20 15:01:08", "elapsed": 2236.73493, "delta": 0.00259}}
{"target": -19.1431003429426, "params": {"colsample_bytree": 0.3115775513719454, "eta": 0.00635578825248222, "gamma": 537.1882754370835, "max_depth": 5.0, "min_child_weight": 4484.1249684656605, "num_boost_round": 7.0, "subsample": 0.8991470536468013}, "datetime": {"datetime": "2024-01-20 15:01:08", "elapsed": 2236.737544, "delta": 0.002614}}
{"target": -19.143090177997102, "params": {"colsample_bytree": 0.3115775513719454, "eta": 0.00635578825248222, "gamma": 537.1882754370835, "max_depth": 5.0, "min_child_weight": 4484.1249684656605, "num_boost_round": 8.0, "subsample": 0.8991470536468013}, "datetime": {"datetime": "2024-01-20 15:01:08", "elapsed": 2236.740105, "delta": 0.002561}}
{"target": -19.1431468830596, "params": {"colsample_bytree": 0.3115775513719454, "eta": 0.00635578825248222, "gamma": 537.1882754370835, "max_depth": 5.0, "min_child_weight": 4484.1249684656605, "num_boost_round": 9.0, "subsample": 0.8991470536468013}, "datetime": {"datetime": "2024-01-20 15:01:08", "elapsed": 2236.74273, "delta": 0.002625}}
{"target": -19.143129609667188, "params": {"colsample_bytree": 0.3115775513719454, "eta": 0.00635578825248222, "gamma": 537.1882754370835, "max_depth": 5.0, "min_child_weight": 4484.1249684656605, "num_boost_round": 10.0, "subsample": 0.8991470536468013}, "datetime": {"datetime": "2024-01-20 15:01:08", "elapsed": 2236.745284, "delta": 0.002554}}
{"target": -19.143092436722036, "params": {"colsample_bytree": 0.3115775513719454, "eta": 0.00635578825248222, "gamma": 537.1882754370835, "max_depth": 5.0, "min_child_weight": 4484.1249684656605, "num_boost_round": 11.0, "subsample": 0.8991470536468013}, "datetime": {"datetime": "2024-01-20 15:01:08", "elapsed": 2236.747954, "delta": 0.00267}}
{"target": -19.14312534971011, "params": {"colsample_bytree": 0.3115775513719454, "eta": 0.00635578825248222, "gamma": 537.1882754370835, "max_depth": 5.0, "min_child_weight": 4484.1249684656605, "num_boost_round": 12.0, "subsample": 0.8991470536468013}, "datetime": {"datetime": "2024-01-20 15:01:08", "elapsed": 2236.750514, "delta": 0.00256}}
{"target": -19.14314961075936, "params": {"colsample_bytree": 0.3115775513719454, "eta": 0.00635578825248222, "gamma": 537.1882754370835, "max_depth": 5.0, "min_child_weight": 4484.1249684656605, "num_boost_round": 13.0, "subsample": 0.8991470536468013}, "datetime": {"datetime": "2024-01-20 15:01:08", "elapsed": 2236.75308, "delta": 0.002566}}
{"target": -19.143184591736087, "params": {"colsample_bytree": 0.3115775513719454, "eta": 0.00635578825248222, "gamma": 537.1882754370835, "max_depth": 5.0, "min_child_weight": 4484.1249684656605, "num_boost_round": 14.0, "subsample": 0.8991470536468013}, "datetime": {"datetime": "2024-01-20 15:01:08", "elapsed": 2236.75574, "delta": 0.00266}}
{"target": -19.14326872624545, "params": {"colsample_bytree": 0.3115775513719454, "eta": 0.00635578825248222, "gamma": 537.1882754370835, "max_depth": 5.0, "min_child_weight": 4484.1249684656605, "num_boost_round": 15.0, "subsample": 0.8991470536468013}, "datetime": {"datetime": "2024-01-20 15:01:08", "elapsed": 2236.758297, "delta": 0.002557}}
{"target": -19.14324042457245, "params": {"colsample_bytree": 0.3115775513719454, "eta": 0.00635578825248222, "gamma": 537.1882754370835, "max_depth": 5.0, "min_child_weight": 4484.1249684656605, "num_boost_round": 16.0, "subsample": 0.8991470536468013}, "datetime": {"datetime": "2024-01-20 15:01:08", "elapsed": 2236.760855, "delta": 0.002558}}
{"target": -19.143297917799742, "params": {"colsample_bytree": 0.3115775513719454, "eta": 0.00635578825248222, "gamma": 537.1882754370835, "max_depth": 5.0, "min_child_weight": 4484.1249684656605, "num_boost_round": 17.0, "subsample": 0.8991470536468013}, "datetime": {"datetime": "2024-01-20 15:01:08", "elapsed": 2236.763517, "delta": 0.002662}}
{"target": -19.143291073462095, "params": {"colsample_bytree": 0.3115775513719454, "eta": 0.00635578825248222, "gamma": 537.1882754370835, "max_depth": 5.0, "min_child_weight": 4484.1249684656605, "num_boost_round": 18.0, "subsample": 0.8991470536468013}, "datetime": {"datetime": "2024-01-20 15:01:08", "elapsed": 2236.76611, "delta": 0.002593}}
{"target": -19.143344511163825, "params": {"colsample_bytree": 0.3115775513719454, "eta": 0.00635578825248222, "gamma": 537.1882754370835, "max_depth": 5.0, "min_child_weight": 4484.1249684656605, "num_boost_round": 19.0, "subsample": 0.8991470536468013}, "datetime": {"datetime": "2024-01-20 15:01:08", "elapsed": 2236.768863, "delta": 0.002753}}
{"target": -19.143423566992247, "params": {"colsample_bytree": 0.3115775513719454, "eta": 0.00635578825248222, "gamma": 537.1882754370835, "max_depth": 5.0, "min_child_weight": 4484.1249684656605, "num_boost_round": 20.0, "subsample": 0.8991470536468013}, "datetime": {"datetime": "2024-01-20 15:01:08", "elapsed": 2236.771568, "delta": 0.002705}}
{"target": -19.14341935084574, "params": {"colsample_bytree": 0.3115775513719454, "eta": 0.00635578825248222, "gamma": 537.1882754370835, "max_depth": 5.0, "min_child_weight": 4484.1249684656605, "num_boost_round": 21.0, "subsample": 0.8991470536468013}, "datetime": {"datetime": "2024-01-20 15:01:08", "elapsed": 2236.774271, "delta": 0.002703}}
{"target": -19.14351399908972, "params": {"colsample_bytree": 0.3115775513719454, "eta": 0.00635578825248222, "gamma": 537.1882754370835, "max_depth": 5.0, "min_child_weight": 4484.1249684656605, "num_boost_round": 22.0, "subsample": 0.8991470536468013}, "datetime": {"datetime": "2024-01-20 15:01:08", "elapsed": 2236.776896, "delta": 0.002625}}
{"target": -19.14343916161961, "params": {"colsample_bytree": 0.3115775513719454, "eta": 0.00635578825248222, "gamma": 537.1882754370835, "max_depth": 5.0, "min_child_weight": 4484.1249684656605, "num_boost_round": 23.0, "subsample": 0.8991470536468013}, "datetime": {"datetime": "2024-01-20 15:01:08", "elapsed": 2236.779465, "delta": 0.002569}}
{"target": -19.143486597136697, "params": {"colsample_bytree": 0.3115775513719454, "eta": 0.00635578825248222, "gamma": 537.1882754370835, "max_depth": 5.0, "min_child_weight": 4484.1249684656605, "num_boost_round": 24.0, "subsample": 0.8991470536468013}, "datetime": {"datetime": "2024-01-20 15:01:08", "elapsed": 2236.782066, "delta": 0.002601}}
{"target": -19.143523771773744, "params": {"colsample_bytree": 0.3115775513719454, "eta": 0.00635578825248222, "gamma": 537.1882754370835, "max_depth": 5.0, "min_child_weight": 4484.1249684656605, "num_boost_round": 25.0, "subsample": 0.8991470536468013}, "datetime": {"datetime": "2024-01-20 15:01:08", "elapsed": 2236.784647, "delta": 0.002581}}
{"target": -19.143570328913764, "params": {"colsample_bytree": 0.3115775513719454, "eta": 0.00635578825248222, "gamma": 537.1882754370835, "max_depth": 5.0, "min_child_weight": 4484.1249684656605, "num_boost_round": 26.0, "subsample": 0.8991470536468013}, "datetime": {"datetime": "2024-01-20 15:01:08", "elapsed": 2236.787384, "delta": 0.002737}}
{"target": -19.14364854095558, "params": {"colsample_bytree": 0.3115775513719454, "eta": 0.00635578825248222, "gamma": 537.1882754370835, "max_depth": 5.0, "min_child_weight": 4484.1249684656605, "num_boost_round": 27.0, "subsample": 0.8991470536468013}, "datetime": {"datetime": "2024-01-20 15:01:08", "elapsed": 2236.789966, "delta": 0.002582}}
{"target": -19.14368283538803, "params": {"colsample_bytree": 0.3115775513719454, "eta": 0.00635578825248222, "gamma": 537.1882754370835, "max_depth": 5.0, "min_child_weight": 4484.1249684656605, "num_boost_round": 28.0, "subsample": 0.8991470536468013}, "datetime": {"datetime": "2024-01-20 15:01:08", "elapsed": 2236.793009, "delta": 0.003043}}
{"target": -19.143643262540756, "params": {"colsample_bytree": 0.3115775513719454, "eta": 0.00635578825248222, "gamma": 537.1882754370835, "max_depth": 5.0, "min_child_weight": 4484.1249684656605, "num_boost_round": 29.0, "subsample": 0.8991470536468013}, "datetime": {"datetime": "2024-01-20 15:01:08", "elapsed": 2236.795658, "delta": 0.002649}}
{"target": -19.143642914275993, "params": {"colsample_bytree": 0.3115775513719454, "eta": 0.00635578825248222, "gamma": 537.1882754370835, "max_depth": 5.0, "min_child_weight": 4484.1249684656605, "num_boost_round": 30.0, "subsample": 0.8991470536468013}, "datetime": {"datetime": "2024-01-20 15:01:08", "elapsed": 2236.798239, "delta": 0.002581}}
{"target": -19.143617115905272, "params": {"colsample_bytree": 0.3115775513719454, "eta": 0.00635578825248222, "gamma": 537.1882754370835, "max_depth": 5.0, "min_child_weight": 4484.1249684656605, "num_boost_round": 31.0, "subsample": 0.8991470536468013}, "datetime": {"datetime": "2024-01-20 15:01:08", "elapsed": 2236.800832, "delta": 0.002593}}
{"target": -19.143652721010035, "params": {"colsample_bytree": 0.3115775513719454, "eta": 0.00635578825248222, "gamma": 537.1882754370835, "max_depth": 5.0, "min_child_weight": 4484.1249684656605, "num_boost_round": 32.0, "subsample": 0.8991470536468013}, "datetime": {"datetime": "2024-01-20 15:01:08", "elapsed": 2236.803454, "delta": 0.002622}}
{"target": -19.14362897860464, "params": {"colsample_bytree": 0.3115775513719454, "eta": 0.00635578825248222, "gamma": 537.1882754370835, "max_depth": 5.0, "min_child_weight": 4484.1249684656605, "num_boost_round": 33.0, "subsample": 0.8991470536468013}, "datetime": {"datetime": "2024-01-20 15:01:08", "elapsed": 2236.806033, "delta": 0.002579}}
{"target": -19.143688498914543, "params": {"colsample_bytree": 0.3115775513719454, "eta": 0.00635578825248222, "gamma": 537.1882754370835, "max_depth": 5.0, "min_child_weight": 4484.1249684656605, "num_boost_round": 34.0, "subsample": 0.8991470536468013}, "datetime": {"datetime": "2024-01-20 15:01:08", "elapsed": 2236.808695, "delta": 0.002662}}
{"target": -19.143796803045518, "params": {"colsample_bytree": 0.3115775513719454, "eta": 0.00635578825248222, "gamma": 537.1882754370835, "max_depth": 5.0, "min_child_weight": 4484.1249684656605, "num_boost_round": 35.0, "subsample": 0.8991470536468013}, "datetime": {"datetime": "2024-01-20 15:01:08", "elapsed": 2236.811285, "delta": 0.00259}}
{"target": -19.143792645627, "params": {"colsample_bytree": 0.3115775513719454, "eta": 0.00635578825248222, "gamma": 537.1882754370835, "max_depth": 5.0, "min_child_weight": 4484.1249684656605, "num_boost_round": 36.0, "subsample": 0.8991470536468013}, "datetime": {"datetime": "2024-01-20 15:01:08", "elapsed": 2236.813883, "delta": 0.002598}}
{"target": -19.143800165321395, "params": {"colsample_bytree": 0.3115775513719454, "eta": 0.00635578825248222, "gamma": 537.1882754370835, "max_depth": 5.0, "min_child_weight": 4484.1249684656605, "num_boost_round": 37.0, "subsample": 0.8991470536468013}, "datetime": {"datetime": "2024-01-20 15:01:08", "elapsed": 2236.816544, "delta": 0.002661}}
{"target": -19.14391573913746, "params": {"colsample_bytree": 0.3115775513719454, "eta": 0.00635578825248222, "gamma": 537.1882754370835, "max_depth": 5.0, "min_child_weight": 4484.1249684656605, "num_boost_round": 38.0, "subsample": 0.8991470536468013}, "datetime": {"datetime": "2024-01-20 15:01:08", "elapsed": 2236.81937, "delta": 0.002826}}
{"target": -19.143918238673756, "params": {"colsample_bytree": 0.3115775513719454, "eta": 0.00635578825248222, "gamma": 537.1882754370835, "max_depth": 5.0, "min_child_weight": 4484.1249684656605, "num_boost_round": 39.0, "subsample": 0.8991470536468013}, "datetime": {"datetime": "2024-01-20 15:01:08", "elapsed": 2236.822035, "delta": 0.002665}}
{"target": -19.143885833500825, "params": {"colsample_bytree": 0.3115775513719454, "eta": 0.00635578825248222, "gamma": 537.1882754370835, "max_depth": 5.0, "min_child_weight": 4484.1249684656605, "num_boost_round": 40.0, "subsample": 0.8991470536468013}, "datetime": {"datetime": "2024-01-20 15:01:08", "elapsed": 2236.824612, "delta": 0.002577}}
{"target": -19.143893492240732, "params": {"colsample_bytree": 0.3115775513719454, "eta": 0.00635578825248222, "gamma": 537.1882754370835, "max_depth": 5.0, "min_child_weight": 4484.1249684656605, "num_boost_round": 41.0, "subsample": 0.8991470536468013}, "datetime": {"datetime": "2024-01-20 15:01:08", "elapsed": 2236.827192, "delta": 0.00258}}
{"target": -19.143927776679895, "params": {"colsample_bytree": 0.3115775513719454, "eta": 0.00635578825248222, "gamma": 537.1882754370835, "max_depth": 5.0, "min_child_weight": 4484.1249684656605, "num_boost_round": 42.0, "subsample": 0.8991470536468013}, "datetime": {"datetime": "2024-01-20 15:01:08", "elapsed": 2236.829764, "delta": 0.002572}}
{"target": -19.143926291766274, "params": {"colsample_bytree": 0.3115775513719454, "eta": 0.00635578825248222, "gamma": 537.1882754370835, "max_depth": 5.0, "min_child_weight": 4484.1249684656605, "num_boost_round": 43.0, "subsample": 0.8991470536468013}, "datetime": {"datetime": "2024-01-20 15:01:08", "elapsed": 2236.832357, "delta": 0.002593}}
{"target": -19.14399548046245, "params": {"colsample_bytree": 0.3115775513719454, "eta": 0.00635578825248222, "gamma": 537.1882754370835, "max_depth": 5.0, "min_child_weight": 4484.1249684656605, "num_boost_round": 44.0, "subsample": 0.8991470536468013}, "datetime": {"datetime": "2024-01-20 15:01:08", "elapsed": 2236.835022, "delta": 0.002665}}
{"target": -19.14320799149359, "params": {"colsample_bytree": 0.34717087755562065, "eta": 0.012738192218821671, "gamma": 597.7451381417351, "max_depth": 3.0, "min_child_weight": 4499.548365794894, "num_boost_round": 1.0, "subsample": 0.9571266976705931}, "datetime": {"datetime": "2024-01-20 15:01:37", "elapsed": 2265.908399, "delta": 29.073377}}
{"target": -19.143257971916974, "params": {"colsample_bytree": 0.34717087755562065, "eta": 0.012738192218821671, "gamma": 597.7451381417351, "max_depth": 3.0, "min_child_weight": 4499.548365794894, "num_boost_round": 2.0, "subsample": 0.9571266976705931}, "datetime": {"datetime": "2024-01-20 15:01:37", "elapsed": 2265.912031, "delta": 0.003632}}
{"target": -19.143188953586098, "params": {"colsample_bytree": 0.34717087755562065, "eta": 0.012738192218821671, "gamma": 597.7451381417351, "max_depth": 3.0, "min_child_weight": 4499.548365794894, "num_boost_round": 3.0, "subsample": 0.9571266976705931}, "datetime": {"datetime": "2024-01-20 15:01:37", "elapsed": 2265.914702, "delta": 0.002671}}
{"target": -19.143153787728423, "params": {"colsample_bytree": 0.34717087755562065, "eta": 0.012738192218821671, "gamma": 597.7451381417351, "max_depth": 3.0, "min_child_weight": 4499.548365794894, "num_boost_round": 4.0, "subsample": 0.9571266976705931}, "datetime": {"datetime": "2024-01-20 15:01:37", "elapsed": 2265.917459, "delta": 0.002757}}
{"target": -19.143121616395884, "params": {"colsample_bytree": 0.34717087755562065, "eta": 0.012738192218821671, "gamma": 597.7451381417351, "max_depth": 3.0, "min_child_weight": 4499.548365794894, "num_boost_round": 5.0, "subsample": 0.9571266976705931}, "datetime": {"datetime": "2024-01-20 15:01:37", "elapsed": 2265.92021, "delta": 0.002751}}
{"target": -19.14297477900442, "params": {"colsample_bytree": 0.34717087755562065, "eta": 0.012738192218821671, "gamma": 597.7451381417351, "max_depth": 3.0, "min_child_weight": 4499.548365794894, "num_boost_round": 6.0, "subsample": 0.9571266976705931}, "datetime": {"datetime": "2024-01-20 15:01:37", "elapsed": 2265.922891, "delta": 0.002681}}
{"target": -19.14297538750057, "params": {"colsample_bytree": 0.34717087755562065, "eta": 0.012738192218821671, "gamma": 597.7451381417351, "max_depth": 3.0, "min_child_weight": 4499.548365794894, "num_boost_round": 7.0, "subsample": 0.9571266976705931}, "datetime": {"datetime": "2024-01-20 15:01:37", "elapsed": 2265.925525, "delta": 0.002634}}
{"target": -19.14292754745784, "params": {"colsample_bytree": 0.34717087755562065, "eta": 0.012738192218821671, "gamma": 597.7451381417351, "max_depth": 3.0, "min_child_weight": 4499.548365794894, "num_boost_round": 8.0, "subsample": 0.9571266976705931}, "datetime": {"datetime": "2024-01-20 15:01:37", "elapsed": 2265.928303, "delta": 0.002778}}
{"target": -19.14298354225885, "params": {"colsample_bytree": 0.34717087755562065, "eta": 0.012738192218821671, "gamma": 597.7451381417351, "max_depth": 3.0, "min_child_weight": 4499.548365794894, "num_boost_round": 9.0, "subsample": 0.9571266976705931}, "datetime": {"datetime": "2024-01-20 15:01:37", "elapsed": 2265.930945, "delta": 0.002642}}
{"target": -19.142912422735336, "params": {"colsample_bytree": 0.34717087755562065, "eta": 0.012738192218821671, "gamma": 597.7451381417351, "max_depth": 3.0, "min_child_weight": 4499.548365794894, "num_boost_round": 10.0, "subsample": 0.9571266976705931}, "datetime": {"datetime": "2024-01-20 15:01:37", "elapsed": 2265.933566, "delta": 0.002621}}
{"target": -19.142846069750828, "params": {"colsample_bytree": 0.34717087755562065, "eta": 0.012738192218821671, "gamma": 597.7451381417351, "max_depth": 3.0, "min_child_weight": 4499.548365794894, "num_boost_round": 11.0, "subsample": 0.9571266976705931}, "datetime": {"datetime": "2024-01-20 15:01:37", "elapsed": 2265.936232, "delta": 0.002666}}
{"target": -19.142881357031328, "params": {"colsample_bytree": 0.34717087755562065, "eta": 0.012738192218821671, "gamma": 597.7451381417351, "max_depth": 3.0, "min_child_weight": 4499.548365794894, "num_boost_round": 12.0, "subsample": 0.9571266976705931}, "datetime": {"datetime": "2024-01-20 15:01:37", "elapsed": 2265.938873, "delta": 0.002641}}
{"target": -19.142918122599355, "params": {"colsample_bytree": 0.34717087755562065, "eta": 0.012738192218821671, "gamma": 597.7451381417351, "max_depth": 3.0, "min_child_weight": 4499.548365794894, "num_boost_round": 13.0, "subsample": 0.9571266976705931}, "datetime": {"datetime": "2024-01-20 15:01:37", "elapsed": 2265.941518, "delta": 0.002645}}
{"target": -19.142949560802847, "params": {"colsample_bytree": 0.34717087755562065, "eta": 0.012738192218821671, "gamma": 597.7451381417351, "max_depth": 3.0, "min_child_weight": 4499.548365794894, "num_boost_round": 14.0, "subsample": 0.9571266976705931}, "datetime": {"datetime": "2024-01-20 15:01:37", "elapsed": 2265.944196, "delta": 0.002678}}
{"target": -19.142970892975644, "params": {"colsample_bytree": 0.34717087755562065, "eta": 0.012738192218821671, "gamma": 597.7451381417351, "max_depth": 3.0, "min_child_weight": 4499.548365794894, "num_boost_round": 15.0, "subsample": 0.9571266976705931}, "datetime": {"datetime": "2024-01-20 15:01:37", "elapsed": 2265.946966, "delta": 0.00277}}
{"target": -19.142944089929152, "params": {"colsample_bytree": 0.34717087755562065, "eta": 0.012738192218821671, "gamma": 597.7451381417351, "max_depth": 3.0, "min_child_weight": 4499.548365794894, "num_boost_round": 16.0, "subsample": 0.9571266976705931}, "datetime": {"datetime": "2024-01-20 15:01:37", "elapsed": 2265.949636, "delta": 0.00267}}
{"target": -19.14295469023876, "params": {"colsample_bytree": 0.34717087755562065, "eta": 0.012738192218821671, "gamma": 597.7451381417351, "max_depth": 3.0, "min_child_weight": 4499.548365794894, "num_boost_round": 17.0, "subsample": 0.9571266976705931}, "datetime": {"datetime": "2024-01-20 15:01:38", "elapsed": 2265.95229, "delta": 0.002654}}
{"target": -19.14292337526755, "params": {"colsample_bytree": 0.34717087755562065, "eta": 0.012738192218821671, "gamma": 597.7451381417351, "max_depth": 3.0, "min_child_weight": 4499.548365794894, "num_boost_round": 18.0, "subsample": 0.9571266976705931}, "datetime": {"datetime": "2024-01-20 15:01:38", "elapsed": 2265.955017, "delta": 0.002727}}
{"target": -19.142994852861598, "params": {"colsample_bytree": 0.34717087755562065, "eta": 0.012738192218821671, "gamma": 597.7451381417351, "max_depth": 3.0, "min_child_weight": 4499.548365794894, "num_boost_round": 19.0, "subsample": 0.9571266976705931}, "datetime": {"datetime": "2024-01-20 15:01:38", "elapsed": 2265.957655, "delta": 0.002638}}
{"target": -19.14307059641815, "params": {"colsample_bytree": 0.34717087755562065, "eta": 0.012738192218821671, "gamma": 597.7451381417351, "max_depth": 3.0, "min_child_weight": 4499.548365794894, "num_boost_round": 20.0, "subsample": 0.9571266976705931}, "datetime": {"datetime": "2024-01-20 15:01:38", "elapsed": 2265.960372, "delta": 0.002717}}
