{"target": -15.154652381181116, "params": {"colsample_bytree": 0.7443468399682409, "eta": 0.01800635227525217, "gamma": 612.5380589371475, "max_depth": 2.0, "min_child_weight": 4196.078072034947, "num_boost_round": 60.0, "subsample": 0.6613365637729347}, "datetime": {"datetime": "2024-01-20 15:19:32", "elapsed": 3329.560962, "delta": 0.004229}}
{"target": -15.154453927977693, "params": {"colsample_bytree": 0.7443468399682409, "eta": 0.01800635227525217, "gamma": 612.5380589371475, "max_depth": 2.0, "min_child_weight": 4196.078072034947, "num_boost_round": 61.0, "subsample": 0.6613365637729347}, "datetime": {"datetime": "2024-01-20 15:19:32", "elapsed": 3329.565252, "delta": 0.00429}}
{"target": -15.154512108481036, "params": {"colsample_bytree": 0.7443468399682409, "eta": 0.01800635227525217, "gamma": 612.5380589371475, "max_depth": 2.0, "min_child_weight": 4196.078072034947, "num_boost_round": 62.0, "subsample": 0.6613365637729347}, "datetime": {"datetime": "2024-01-20 15:19:32", "elapsed": 3329.569332, "delta": 0.00408}}
{"target": -15.15431179709972, "params": {"colsample_bytree": 0.7443468399682409, "eta": 0.01800635227525217, "gamma": 612.5380589371475, "max_depth": 2.0, "min_child_weight": 4196.078072034947, "num_boost_round": 63.0, "subsample": 0.6613365637729347}, "datetime": {"datetime": "2024-01-20 15:19:32", "elapsed": 3329.573508, "delta": 0.004176}}
{"target": -15.154086859494155, "params": {"colsample_bytree": 0.7443468399682409, "eta": 0.01800635227525217, "gamma": 612.5380589371475, "max_depth": 2.0, "min_child_weight": 4196.078072034947, "num_boost_round": 64.0, "subsample": 0.6613365637729347}, "datetime": {"datetime": "2024-01-20 15:19:32", "elapsed": 3329.577708, "delta": 0.0042}}
{"target": -15.172082898840113, "params": {"colsample_bytree": 0.5139755747663811, "eta": 0.03963501078794388, "gamma": 471.3635729686154, "max_depth": 9.0, "min_child_weight": 4294.497841841207, "num_boost_round": 1.0, "subsample": 0.8195901410517605}, "datetime": {"datetime": "2024-01-20 15:20:30", "elapsed": 3387.582726, "delta": 58.005018}}
{"target": -15.170487532461465, "params": {"colsample_bytree": 0.5139755747663811, "eta": 0.03963501078794388, "gamma": 471.3635729686154, "max_depth": 9.0, "min_child_weight": 4294.497841841207, "num_boost_round": 2.0, "subsample": 0.8195901410517605}, "datetime": {"datetime": "2024-01-20 15:20:30", "elapsed": 3387.58922, "delta": 0.006494}}
{"target": -15.168757725825277, "params": {"colsample_bytree": 0.5139755747663811, "eta": 0.03963501078794388, "gamma": 471.3635729686154, "max_depth": 9.0, "min_child_weight": 4294.497841841207, "num_boost_round": 3.0, "subsample": 0.8195901410517605}, "datetime": {"datetime": "2024-01-20 15:20:30", "elapsed": 3387.59419, "delta": 0.00497}}
{"target": -15.16860122261723, "params": {"colsample_bytree": 0.5139755747663811, "eta": 0.03963501078794388, "gamma": 471.3635729686154, "max_depth": 9.0, "min_child_weight": 4294.497841841207, "num_boost_round": 4.0, "subsample": 0.8195901410517605}, "datetime": {"datetime": "2024-01-20 15:20:30", "elapsed": 3387.599302, "delta": 0.005112}}
{"target": -15.167376842185458, "params": {"colsample_bytree": 0.5139755747663811, "eta": 0.03963501078794388, "gamma": 471.3635729686154, "max_depth": 9.0, "min_child_weight": 4294.497841841207, "num_boost_round": 5.0, "subsample": 0.8195901410517605}, "datetime": {"datetime": "2024-01-20 15:20:30", "elapsed": 3387.604437, "delta": 0.005135}}
{"target": -15.166371129578309, "params": {"colsample_bytree": 0.5139755747663811, "eta": 0.03963501078794388, "gamma": 471.3635729686154, "max_depth": 9.0, "min_child_weight": 4294.497841841207, "num_boost_round": 6.0, "subsample": 0.8195901410517605}, "datetime": {"datetime": "2024-01-20 15:20:30", "elapsed": 3387.609045, "delta": 0.004608}}
{"target": -15.164898515824746, "params": {"colsample_bytree": 0.5139755747663811, "eta": 0.03963501078794388, "gamma": 471.3635729686154, "max_depth": 9.0, "min_child_weight": 4294.497841841207, "num_boost_round": 7.0, "subsample": 0.8195901410517605}, "datetime": {"datetime": "2024-01-20 15:20:30", "elapsed": 3387.613471, "delta": 0.004426}}
{"target": -15.1641259254496, "params": {"colsample_bytree": 0.5139755747663811, "eta": 0.03963501078794388, "gamma": 471.3635729686154, "max_depth": 9.0, "min_child_weight": 4294.497841841207, "num_boost_round": 8.0, "subsample": 0.8195901410517605}, "datetime": {"datetime": "2024-01-20 15:20:30", "elapsed": 3387.617808, "delta": 0.004337}}
{"target": -15.163272336814686, "params": {"colsample_bytree": 0.5139755747663811, "eta": 0.03963501078794388, "gamma": 471.3635729686154, "max_depth": 9.0, "min_child_weight": 4294.497841841207, "num_boost_round": 9.0, "subsample": 0.8195901410517605}, "datetime": {"datetime": "2024-01-20 15:20:30", "elapsed": 3387.622059, "delta": 0.004251}}
{"target": -15.162342381984434, "params": {"colsample_bytree": 0.5139755747663811, "eta": 0.03963501078794388, "gamma": 471.3635729686154, "max_depth": 9.0, "min_child_weight": 4294.497841841207, "num_boost_round": 10.0, "subsample": 0.8195901410517605}, "datetime": {"datetime": "2024-01-20 15:20:30", "elapsed": 3387.626185, "delta": 0.004126}}
{"target": -15.162113687001302, "params": {"colsample_bytree": 0.5139755747663811, "eta": 0.03963501078794388, "gamma": 471.3635729686154, "max_depth": 9.0, "min_child_weight": 4294.497841841207, "num_boost_round": 11.0, "subsample": 0.8195901410517605}, "datetime": {"datetime": "2024-01-20 15:20:30", "elapsed": 3387.630324, "delta": 0.004139}}
{"target": -15.160614569429137, "params": {"colsample_bytree": 0.5139755747663811, "eta": 0.03963501078794388, "gamma": 471.3635729686154, "max_depth": 9.0, "min_child_weight": 4294.497841841207, "num_boost_round": 12.0, "subsample": 0.8195901410517605}, "datetime": {"datetime": "2024-01-20 15:20:30", "elapsed": 3387.634671, "delta": 0.004347}}
{"target": -15.160353057379186, "params": {"colsample_bytree": 0.5139755747663811, "eta": 0.03963501078794388, "gamma": 471.3635729686154, "max_depth": 9.0, "min_child_weight": 4294.497841841207, "num_boost_round": 13.0, "subsample": 0.8195901410517605}, "datetime": {"datetime": "2024-01-20 15:20:30", "elapsed": 3387.638877, "delta": 0.004206}}
{"target": -15.159645106490123, "params": {"colsample_bytree": 0.5139755747663811, "eta": 0.03963501078794388, "gamma": 471.3635729686154, "max_depth": 9.0, "min_child_weight": 4294.497841841207, "num_boost_round": 14.0, "subsample": 0.8195901410517605}, "datetime": {"datetime": "2024-01-20 15:20:30", "elapsed": 3387.643013, "delta": 0.004136}}
{"target": -15.158849574584446, "params": {"colsample_bytree": 0.5139755747663811, "eta": 0.03963501078794388, "gamma": 471.3635729686154, "max_depth": 9.0, "min_child_weight": 4294.497841841207, "num_boost_round": 15.0, "subsample": 0.8195901410517605}, "datetime": {"datetime": "2024-01-20 15:20:30", "elapsed": 3387.647176, "delta": 0.004163}}
{"target": -15.15943643107331, "params": {"colsample_bytree": 0.5139755747663811, "eta": 0.03963501078794388, "gamma": 471.3635729686154, "max_depth": 9.0, "min_child_weight": 4294.497841841207, "num_boost_round": 16.0, "subsample": 0.8195901410517605}, "datetime": {"datetime": "2024-01-20 15:20:30", "elapsed": 3387.651617, "delta": 0.004441}}
{"target": -15.159142301789686, "params": {"colsample_bytree": 0.5139755747663811, "eta": 0.03963501078794388, "gamma": 471.3635729686154, "max_depth": 9.0, "min_child_weight": 4294.497841841207, "num_boost_round": 17.0, "subsample": 0.8195901410517605}, "datetime": {"datetime": "2024-01-20 15:20:30", "elapsed": 3387.656139, "delta": 0.004522}}
{"target": -15.158889688601924, "params": {"colsample_bytree": 0.5139755747663811, "eta": 0.03963501078794388, "gamma": 471.3635729686154, "max_depth": 9.0, "min_child_weight": 4294.497841841207, "num_boost_round": 18.0, "subsample": 0.8195901410517605}, "datetime": {"datetime": "2024-01-20 15:20:30", "elapsed": 3387.66062, "delta": 0.004481}}
{"target": -15.158976933411774, "params": {"colsample_bytree": 0.5139755747663811, "eta": 0.03963501078794388, "gamma": 471.3635729686154, "max_depth": 9.0, "min_child_weight": 4294.497841841207, "num_boost_round": 19.0, "subsample": 0.8195901410517605}, "datetime": {"datetime": "2024-01-20 15:20:30", "elapsed": 3387.665145, "delta": 0.004525}}
{"target": -15.158569716878324, "params": {"colsample_bytree": 0.5139755747663811, "eta": 0.03963501078794388, "gamma": 471.3635729686154, "max_depth": 9.0, "min_child_weight": 4294.497841841207, "num_boost_round": 20.0, "subsample": 0.8195901410517605}, "datetime": {"datetime": "2024-01-20 15:20:30", "elapsed": 3387.669872, "delta": 0.004727}}
{"target": -15.158037892197278, "params": {"colsample_bytree": 0.5139755747663811, "eta": 0.03963501078794388, "gamma": 471.3635729686154, "max_depth": 9.0, "min_child_weight": 4294.497841841207, "num_boost_round": 21.0, "subsample": 0.8195901410517605}, "datetime": {"datetime": "2024-01-20 15:20:30", "elapsed": 3387.674544, "delta": 0.004672}}
{"target": -15.158331414895155, "params": {"colsample_bytree": 0.5139755747663811, "eta": 0.03963501078794388, "gamma": 471.3635729686154, "max_depth": 9.0, "min_child_weight": 4294.497841841207, "num_boost_round": 22.0, "subsample": 0.8195901410517605}, "datetime": {"datetime": "2024-01-20 15:20:30", "elapsed": 3387.679108, "delta": 0.004564}}
{"target": -15.157378878695713, "params": {"colsample_bytree": 0.5139755747663811, "eta": 0.03963501078794388, "gamma": 471.3635729686154, "max_depth": 9.0, "min_child_weight": 4294.497841841207, "num_boost_round": 23.0, "subsample": 0.8195901410517605}, "datetime": {"datetime": "2024-01-20 15:20:30", "elapsed": 3387.683597, "delta": 0.004489}}
{"target": -15.157148838433137, "params": {"colsample_bytree": 0.5139755747663811, "eta": 0.03963501078794388, "gamma": 471.3635729686154, "max_depth": 9.0, "min_child_weight": 4294.497841841207, "num_boost_round": 24.0, "subsample": 0.8195901410517605}, "datetime": {"datetime": "2024-01-20 15:20:30", "elapsed": 3387.688294, "delta": 0.004697}}
{"target": -15.157183798339656, "params": {"colsample_bytree": 0.5139755747663811, "eta": 0.03963501078794388, "gamma": 471.3635729686154, "max_depth": 9.0, "min_child_weight": 4294.497841841207, "num_boost_round": 25.0, "subsample": 0.8195901410517605}, "datetime": {"datetime": "2024-01-20 15:20:30", "elapsed": 3387.693913, "delta": 0.005619}}
{"target": -15.157398995903147, "params": {"colsample_bytree": 0.5139755747663811, "eta": 0.03963501078794388, "gamma": 471.3635729686154, "max_depth": 9.0, "min_child_weight": 4294.497841841207, "num_boost_round": 26.0, "subsample": 0.8195901410517605}, "datetime": {"datetime": "2024-01-20 15:20:30", "elapsed": 3387.698816, "delta": 0.004903}}
{"target": -15.156889726303616, "params": {"colsample_bytree": 0.5139755747663811, "eta": 0.03963501078794388, "gamma": 471.3635729686154, "max_depth": 9.0, "min_child_weight": 4294.497841841207, "num_boost_round": 27.0, "subsample": 0.8195901410517605}, "datetime": {"datetime": "2024-01-20 15:20:30", "elapsed": 3387.703453, "delta": 0.004637}}
{"target": -15.156749144663117, "params": {"colsample_bytree": 0.5139755747663811, "eta": 0.03963501078794388, "gamma": 471.3635729686154, "max_depth": 9.0, "min_child_weight": 4294.497841841207, "num_boost_round": 28.0, "subsample": 0.8195901410517605}, "datetime": {"datetime": "2024-01-20 15:20:30", "elapsed": 3387.708358, "delta": 0.004905}}
{"target": -15.156473846075304, "params": {"colsample_bytree": 0.5139755747663811, "eta": 0.03963501078794388, "gamma": 471.3635729686154, "max_depth": 9.0, "min_child_weight": 4294.497841841207, "num_boost_round": 29.0, "subsample": 0.8195901410517605}, "datetime": {"datetime": "2024-01-20 15:20:30", "elapsed": 3387.712876, "delta": 0.004518}}
{"target": -15.15720683686157, "params": {"colsample_bytree": 0.5139755747663811, "eta": 0.03963501078794388, "gamma": 471.3635729686154, "max_depth": 9.0, "min_child_weight": 4294.497841841207, "num_boost_round": 30.0, "subsample": 0.8195901410517605}, "datetime": {"datetime": "2024-01-20 15:20:30", "elapsed": 3387.717607, "delta": 0.004731}}
{"target": -15.157052894590766, "params": {"colsample_bytree": 0.5139755747663811, "eta": 0.03963501078794388, "gamma": 471.3635729686154, "max_depth": 9.0, "min_child_weight": 4294.497841841207, "num_boost_round": 31.0, "subsample": 0.8195901410517605}, "datetime": {"datetime": "2024-01-20 15:20:30", "elapsed": 3387.722369, "delta": 0.004762}}
{"target": -15.1570183033203, "params": {"colsample_bytree": 0.5139755747663811, "eta": 0.03963501078794388, "gamma": 471.3635729686154, "max_depth": 9.0, "min_child_weight": 4294.497841841207, "num_boost_round": 32.0, "subsample": 0.8195901410517605}, "datetime": {"datetime": "2024-01-20 15:20:30", "elapsed": 3387.72721, "delta": 0.004841}}
{"target": -15.156918136615724, "params": {"colsample_bytree": 0.5139755747663811, "eta": 0.03963501078794388, "gamma": 471.3635729686154, "max_depth": 9.0, "min_child_weight": 4294.497841841207, "num_boost_round": 33.0, "subsample": 0.8195901410517605}, "datetime": {"datetime": "2024-01-20 15:20:30", "elapsed": 3387.731918, "delta": 0.004708}}
{"target": -15.157016877893843, "params": {"colsample_bytree": 0.5139755747663811, "eta": 0.03963501078794388, "gamma": 471.3635729686154, "max_depth": 9.0, "min_child_weight": 4294.497841841207, "num_boost_round": 34.0, "subsample": 0.8195901410517605}, "datetime": {"datetime": "2024-01-20 15:20:30", "elapsed": 3387.736527, "delta": 0.004609}}
{"target": -15.17152759658093, "params": {"colsample_bytree": 0.38158068366691766, "eta": 0.08663891528736445, "gamma": 559.7075331714876, "max_depth": 7.0, "min_child_weight": 4207.94030864073, "num_boost_round": 1.0, "subsample": 0.8816714036129735}, "datetime": {"datetime": "2024-01-20 15:22:15", "elapsed": 3492.961244, "delta": 105.224717}}
{"target": -15.169652507905882, "params": {"colsample_bytree": 0.38158068366691766, "eta": 0.08663891528736445, "gamma": 559.7075331714876, "max_depth": 7.0, "min_child_weight": 4207.94030864073, "num_boost_round": 2.0, "subsample": 0.8816714036129735}, "datetime": {"datetime": "2024-01-20 15:22:15", "elapsed": 3492.966615, "delta": 0.005371}}
{"target": -15.167217900468845, "params": {"colsample_bytree": 0.38158068366691766, "eta": 0.08663891528736445, "gamma": 559.7075331714876, "max_depth": 7.0, "min_child_weight": 4207.94030864073, "num_boost_round": 3.0, "subsample": 0.8816714036129735}, "datetime": {"datetime": "2024-01-20 15:22:15", "elapsed": 3492.971, "delta": 0.004385}}
{"target": -15.166849140087884, "params": {"colsample_bytree": 0.38158068366691766, "eta": 0.08663891528736445, "gamma": 559.7075331714876, "max_depth": 7.0, "min_child_weight": 4207.94030864073, "num_boost_round": 4.0, "subsample": 0.8816714036129735}, "datetime": {"datetime": "2024-01-20 15:22:15", "elapsed": 3492.975151, "delta": 0.004151}}
{"target": -15.163775719132103, "params": {"colsample_bytree": 0.38158068366691766, "eta": 0.08663891528736445, "gamma": 559.7075331714876, "max_depth": 7.0, "min_child_weight": 4207.94030864073, "num_boost_round": 5.0, "subsample": 0.8816714036129735}, "datetime": {"datetime": "2024-01-20 15:22:15", "elapsed": 3492.979289, "delta": 0.004138}}
{"target": -15.161882657518708, "params": {"colsample_bytree": 0.38158068366691766, "eta": 0.08663891528736445, "gamma": 559.7075331714876, "max_depth": 7.0, "min_child_weight": 4207.94030864073, "num_boost_round": 6.0, "subsample": 0.8816714036129735}, "datetime": {"datetime": "2024-01-20 15:22:15", "elapsed": 3492.983443, "delta": 0.004154}}
{"target": -15.159952605242587, "params": {"colsample_bytree": 0.38158068366691766, "eta": 0.08663891528736445, "gamma": 559.7075331714876, "max_depth": 7.0, "min_child_weight": 4207.94030864073, "num_boost_round": 7.0, "subsample": 0.8816714036129735}, "datetime": {"datetime": "2024-01-20 15:22:15", "elapsed": 3492.987778, "delta": 0.004335}}
{"target": -15.15955381298153, "params": {"colsample_bytree": 0.38158068366691766, "eta": 0.08663891528736445, "gamma": 559.7075331714876, "max_depth": 7.0, "min_child_weight": 4207.94030864073, "num_boost_round": 8.0, "subsample": 0.8816714036129735}, "datetime": {"datetime": "2024-01-20 15:22:15", "elapsed": 3493.300068, "delta": 0.31229}}
{"target": -15.159488094769014, "params": {"colsample_bytree": 0.38158068366691766, "eta": 0.08663891528736445, "gamma": 559.7075331714876, "max_depth": 7.0, "min_child_weight": 4207.94030864073, "num_boost_round": 9.0, "subsample": 0.8816714036129735}, "datetime": {"datetime": "2024-01-20 15:22:15", "elapsed": 3493.305283, "delta": 0.005215}}
{"target": -15.15823442201875, "params": {"colsample_bytree": 0.38158068366691766, "eta": 0.08663891528736445, "gamma": 559.7075331714876, "max_depth": 7.0, "min_child_weight": 4207.94030864073, "num_boost_round": 10.0, "subsample": 0.8816714036129735}, "datetime": {"datetime": "2024-01-20 15:22:15", "elapsed": 3493.310331, "delta": 0.005048}}
{"target": -15.15874880361696, "params": {"colsample_bytree": 0.38158068366691766, "eta": 0.08663891528736445, "gamma": 559.7075331714876, "max_depth": 7.0, "min_child_weight": 4207.94030864073, "num_boost_round": 11.0, "subsample": 0.8816714036129735}, "datetime": {"datetime": "2024-01-20 15:22:15", "elapsed": 3493.315099, "delta": 0.004768}}
{"target": -15.159260656648545, "params": {"colsample_bytree": 0.38158068366691766, "eta": 0.08663891528736445, "gamma": 559.7075331714876, "max_depth": 7.0, "min_child_weight": 4207.94030864073, "num_boost_round": 12.0, "subsample": 0.8816714036129735}, "datetime": {"datetime": "2024-01-20 15:22:15", "elapsed": 3493.319831, "delta": 0.004732}}
{"target": -15.158908956759543, "params": {"colsample_bytree": 0.38158068366691766, "eta": 0.08663891528736445, "gamma": 559.7075331714876, "max_depth": 7.0, "min_child_weight": 4207.94030864073, "num_boost_round": 13.0, "subsample": 0.8816714036129735}, "datetime": {"datetime": "2024-01-20 15:22:15", "elapsed": 3493.324599, "delta": 0.004768}}
{"target": -15.158058520808442, "params": {"colsample_bytree": 0.38158068366691766, "eta": 0.08663891528736445, "gamma": 559.7075331714876, "max_depth": 7.0, "min_child_weight": 4207.94030864073, "num_boost_round": 14.0, "subsample": 0.8816714036129735}, "datetime": {"datetime": "2024-01-20 15:22:15", "elapsed": 3493.328968, "delta": 0.004369}}
{"target": -15.15773309298665, "params": {"colsample_bytree": 0.38158068366691766, "eta": 0.08663891528736445, "gamma": 559.7075331714876, "max_depth": 7.0, "min_child_weight": 4207.94030864073, "num_boost_round": 15.0, "subsample": 0.8816714036129735}, "datetime": {"datetime": "2024-01-20 15:22:15", "elapsed": 3493.33323, "delta": 0.004262}}
{"target": -15.159676585559524, "params": {"colsample_bytree": 0.38158068366691766, "eta": 0.08663891528736445, "gamma": 559.7075331714876, "max_depth": 7.0, "min_child_weight": 4207.94030864073, "num_boost_round": 16.0, "subsample": 0.8816714036129735}, "datetime": {"datetime": "2024-01-20 15:22:15", "elapsed": 3493.337461, "delta": 0.004231}}
{"target": -15.159144094038002, "params": {"colsample_bytree": 0.38158068366691766, "eta": 0.08663891528736445, "gamma": 559.7075331714876, "max_depth": 7.0, "min_child_weight": 4207.94030864073, "num_boost_round": 17.0, "subsample": 0.8816714036129735}, "datetime": {"datetime": "2024-01-20 15:22:15", "elapsed": 3493.341748, "delta": 0.004287}}
{"target": -15.159491398567935, "params": {"colsample_bytree": 0.38158068366691766, "eta": 0.08663891528736445, "gamma": 559.7075331714876, "max_depth": 7.0, "min_child_weight": 4207.94030864073, "num_boost_round": 18.0, "subsample": 0.8816714036129735}, "datetime": {"datetime": "2024-01-20 15:22:15", "elapsed": 3493.346056, "delta": 0.004308}}
{"target": -15.159314524204573, "params": {"colsample_bytree": 0.38158068366691766, "eta": 0.08663891528736445, "gamma": 559.7075331714876, "max_depth": 7.0, "min_child_weight": 4207.94030864073, "num_boost_round": 19.0, "subsample": 0.8816714036129735}, "datetime": {"datetime": "2024-01-20 15:22:15", "elapsed": 3493.350266, "delta": 0.00421}}
{"target": -15.159193901909433, "params": {"colsample_bytree": 0.38158068366691766, "eta": 0.08663891528736445, "gamma": 559.7075331714876, "max_depth": 7.0, "min_child_weight": 4207.94030864073, "num_boost_round": 20.0, "subsample": 0.8816714036129735}, "datetime": {"datetime": "2024-01-20 15:22:15", "elapsed": 3493.35447, "delta": 0.004204}}
{"target": -15.15930712117111, "params": {"colsample_bytree": 0.38158068366691766, "eta": 0.08663891528736445, "gamma": 559.7075331714876, "max_depth": 7.0, "min_child_weight": 4207.94030864073, "num_boost_round": 21.0, "subsample": 0.8816714036129735}, "datetime": {"datetime": "2024-01-20 15:22:15", "elapsed": 3493.358661, "delta": 0.004191}}
{"target": -15.159340544735194, "params": {"colsample_bytree": 0.38158068366691766, "eta": 0.08663891528736445, "gamma": 559.7075331714876, "max_depth": 7.0, "min_child_weight": 4207.94030864073, "num_boost_round": 22.0, "subsample": 0.8816714036129735}, "datetime": {"datetime": "2024-01-20 15:22:15", "elapsed": 3493.362923, "delta": 0.004262}}
{"target": -15.15974803841311, "params": {"colsample_bytree": 0.38158068366691766, "eta": 0.08663891528736445, "gamma": 559.7075331714876, "max_depth": 7.0, "min_child_weight": 4207.94030864073, "num_boost_round": 23.0, "subsample": 0.8816714036129735}, "datetime": {"datetime": "2024-01-20 15:22:15", "elapsed": 3493.36709, "delta": 0.004167}}
{"target": -15.15921196993298, "params": {"colsample_bytree": 0.38158068366691766, "eta": 0.08663891528736445, "gamma": 559.7075331714876, "max_depth": 7.0, "min_child_weight": 4207.94030864073, "num_boost_round": 24.0, "subsample": 0.8816714036129735}, "datetime": {"datetime": "2024-01-20 15:22:15", "elapsed": 3493.37125, "delta": 0.00416}}
