{"target": -15.169299235600413, "params": {"colsample_bytree": 0.8296217261199327, "eta": 0.02258781462923144, "gamma": 453.6718138579654, "max_depth": 2.0, "min_child_weight": 4374.864029007342, "num_boost_round": 5.0, "subsample": 0.7924648628321949}, "datetime": {"datetime": "2024-01-20 15:13:31", "elapsed": 2969.104343, "delta": 0.00382}}
{"target": -15.168257363281636, "params": {"colsample_bytree": 0.8296217261199327, "eta": 0.02258781462923144, "gamma": 453.6718138579654, "max_depth": 2.0, "min_child_weight": 4374.864029007342, "num_boost_round": 6.0, "subsample": 0.7924648628321949}, "datetime": {"datetime": "2024-01-20 15:13:31", "elapsed": 2969.108218, "delta": 0.003875}}
{"target": -15.167259682682925, "params": {"colsample_bytree": 0.8296217261199327, "eta": 0.02258781462923144, "gamma": 453.6718138579654, "max_depth": 2.0, "min_child_weight": 4374.864029007342, "num_boost_round": 7.0, "subsample": 0.7924648628321949}, "datetime": {"datetime": "2024-01-20 15:13:31", "elapsed": 2969.112124, "delta": 0.003906}}
{"target": -15.166309795651415, "params": {"colsample_bytree": 0.8296217261199327, "eta": 0.02258781462923144, "gamma": 453.6718138579654, "max_depth": 2.0, "min_child_weight": 4374.864029007342, "num_boost_round": 8.0, "subsample": 0.7924648628321949}, "datetime": {"datetime": "2024-01-20 15:13:31", "elapsed": 2969.116057, "delta": 0.003933}}
{"target": -15.166091019899202, "params": {"colsample_bytree": 0.8296217261199327, "eta": 0.02258781462923144, "gamma": 453.6718138579654, "max_depth": 2.0, "min_child_weight": 4374.864029007342, "num_boost_round": 9.0, "subsample": 0.7924648628321949}, "datetime": {"datetime": "2024-01-20 15:13:31", "elapsed": 2969.120018, "delta": 0.003961}}
{"target": -15.165179996726083, "params": {"colsample_bytree": 0.8296217261199327, "eta": 0.02258781462923144, "gamma": 453.6718138579654, "max_depth": 2.0, "min_child_weight": 4374.864029007342, "num_boost_round": 10.0, "subsample": 0.7924648628321949}, "datetime": {"datetime": "2024-01-20 15:13:31", "elapsed": 2969.123867, "delta": 0.003849}}
{"target": -15.164418235837068, "params": {"colsample_bytree": 0.8296217261199327, "eta": 0.02258781462923144, "gamma": 453.6718138579654, "max_depth": 2.0, "min_child_weight": 4374.864029007342, "num_boost_round": 11.0, "subsample": 0.7924648628321949}, "datetime": {"datetime": "2024-01-20 15:13:31", "elapsed": 2969.127668, "delta": 0.003801}}
{"target": -15.163990577065922, "params": {"colsample_bytree": 0.8296217261199327, "eta": 0.02258781462923144, "gamma": 453.6718138579654, "max_depth": 2.0, "min_child_weight": 4374.864029007342, "num_boost_round": 12.0, "subsample": 0.7924648628321949}, "datetime": {"datetime": "2024-01-20 15:13:31", "elapsed": 2969.131554, "delta": 0.003886}}
{"target": -15.16324181904315, "params": {"colsample_bytree": 0.8296217261199327, "eta": 0.02258781462923144, "gamma": 453.6718138579654, "max_depth": 2.0, "min_child_weight": 4374.864029007342, "num_boost_round": 13.0, "subsample": 0.7924648628321949}, "datetime": {"datetime": "2024-01-20 15:13:31", "elapsed": 2969.135273, "delta": 0.003719}}
{"target": -15.162660138812038, "params": {"colsample_bytree": 0.8296217261199327, "eta": 0.02258781462923144, "gamma": 453.6718138579654, "max_depth": 2.0, "min_child_weight": 4374.864029007342, "num_boost_round": 14.0, "subsample": 0.7924648628321949}, "datetime": {"datetime": "2024-01-20 15:13:31", "elapsed": 2969.139025, "delta": 0.003752}}
{"target": -15.162272935756942, "params": {"colsample_bytree": 0.8296217261199327, "eta": 0.02258781462923144, "gamma": 453.6718138579654, "max_depth": 2.0, "min_child_weight": 4374.864029007342, "num_boost_round": 15.0, "subsample": 0.7924648628321949}, "datetime": {"datetime": "2024-01-20 15:13:31", "elapsed": 2969.142862, "delta": 0.003837}}
{"target": -15.161576755558059, "params": {"colsample_bytree": 0.8296217261199327, "eta": 0.02258781462923144, "gamma": 453.6718138579654, "max_depth": 2.0, "min_child_weight": 4374.864029007342, "num_boost_round": 16.0, "subsample": 0.7924648628321949}, "datetime": {"datetime": "2024-01-20 15:13:31", "elapsed": 2969.146691, "delta": 0.003829}}
{"target": -15.160998607437733, "params": {"colsample_bytree": 0.8296217261199327, "eta": 0.02258781462923144, "gamma": 453.6718138579654, "max_depth": 2.0, "min_child_weight": 4374.864029007342, "num_boost_round": 17.0, "subsample": 0.7924648628321949}, "datetime": {"datetime": "2024-01-20 15:13:31", "elapsed": 2969.150991, "delta": 0.0043}}
{"target": -15.160412650588444, "params": {"colsample_bytree": 0.8296217261199327, "eta": 0.02258781462923144, "gamma": 453.6718138579654, "max_depth": 2.0, "min_child_weight": 4374.864029007342, "num_boost_round": 18.0, "subsample": 0.7924648628321949}, "datetime": {"datetime": "2024-01-20 15:13:31", "elapsed": 2969.155388, "delta": 0.004397}}
{"target": -15.159801111349275, "params": {"colsample_bytree": 0.8296217261199327, "eta": 0.02258781462923144, "gamma": 453.6718138579654, "max_depth": 2.0, "min_child_weight": 4374.864029007342, "num_boost_round": 19.0, "subsample": 0.7924648628321949}, "datetime": {"datetime": "2024-01-20 15:13:31", "elapsed": 2969.159565, "delta": 0.004177}}
{"target": -15.159548671567189, "params": {"colsample_bytree": 0.8296217261199327, "eta": 0.02258781462923144, "gamma": 453.6718138579654, "max_depth": 2.0, "min_child_weight": 4374.864029007342, "num_boost_round": 20.0, "subsample": 0.7924648628321949}, "datetime": {"datetime": "2024-01-20 15:13:31", "elapsed": 2969.163584, "delta": 0.004019}}
{"target": -15.158990536696162, "params": {"colsample_bytree": 0.8296217261199327, "eta": 0.02258781462923144, "gamma": 453.6718138579654, "max_depth": 2.0, "min_child_weight": 4374.864029007342, "num_boost_round": 21.0, "subsample": 0.7924648628321949}, "datetime": {"datetime": "2024-01-20 15:13:31", "elapsed": 2969.167729, "delta": 0.004145}}
{"target": -15.158398483951856, "params": {"colsample_bytree": 0.8296217261199327, "eta": 0.02258781462923144, "gamma": 453.6718138579654, "max_depth": 2.0, "min_child_weight": 4374.864029007342, "num_boost_round": 22.0, "subsample": 0.7924648628321949}, "datetime": {"datetime": "2024-01-20 15:13:31", "elapsed": 2969.17175, "delta": 0.004021}}
{"target": -15.158076879938855, "params": {"colsample_bytree": 0.8296217261199327, "eta": 0.02258781462923144, "gamma": 453.6718138579654, "max_depth": 2.0, "min_child_weight": 4374.864029007342, "num_boost_round": 23.0, "subsample": 0.7924648628321949}, "datetime": {"datetime": "2024-01-20 15:13:31", "elapsed": 2969.175676, "delta": 0.003926}}
{"target": -15.157675642233558, "params": {"colsample_bytree": 0.8296217261199327, "eta": 0.02258781462923144, "gamma": 453.6718138579654, "max_depth": 2.0, "min_child_weight": 4374.864029007342, "num_boost_round": 24.0, "subsample": 0.7924648628321949}, "datetime": {"datetime": "2024-01-20 15:13:31", "elapsed": 2969.179658, "delta": 0.003982}}
{"target": -15.157604733966192, "params": {"colsample_bytree": 0.8296217261199327, "eta": 0.02258781462923144, "gamma": 453.6718138579654, "max_depth": 2.0, "min_child_weight": 4374.864029007342, "num_boost_round": 25.0, "subsample": 0.7924648628321949}, "datetime": {"datetime": "2024-01-20 15:13:31", "elapsed": 2969.183542, "delta": 0.003884}}
{"target": -15.157273414262075, "params": {"colsample_bytree": 0.8296217261199327, "eta": 0.02258781462923144, "gamma": 453.6718138579654, "max_depth": 2.0, "min_child_weight": 4374.864029007342, "num_boost_round": 26.0, "subsample": 0.7924648628321949}, "datetime": {"datetime": "2024-01-20 15:13:31", "elapsed": 2969.187474, "delta": 0.003932}}
{"target": -15.157013539671114, "params": {"colsample_bytree": 0.8296217261199327, "eta": 0.02258781462923144, "gamma": 453.6718138579654, "max_depth": 2.0, "min_child_weight": 4374.864029007342, "num_boost_round": 27.0, "subsample": 0.7924648628321949}, "datetime": {"datetime": "2024-01-20 15:13:31", "elapsed": 2969.192344, "delta": 0.00487}}
{"target": -15.156710061389361, "params": {"colsample_bytree": 0.8296217261199327, "eta": 0.02258781462923144, "gamma": 453.6718138579654, "max_depth": 2.0, "min_child_weight": 4374.864029007342, "num_boost_round": 28.0, "subsample": 0.7924648628321949}, "datetime": {"datetime": "2024-01-20 15:13:31", "elapsed": 2969.196621, "delta": 0.004277}}
{"target": -15.156578188536095, "params": {"colsample_bytree": 0.8296217261199327, "eta": 0.02258781462923144, "gamma": 453.6718138579654, "max_depth": 2.0, "min_child_weight": 4374.864029007342, "num_boost_round": 29.0, "subsample": 0.7924648628321949}, "datetime": {"datetime": "2024-01-20 15:13:31", "elapsed": 2969.200738, "delta": 0.004117}}
{"target": -15.156156645279644, "params": {"colsample_bytree": 0.8296217261199327, "eta": 0.02258781462923144, "gamma": 453.6718138579654, "max_depth": 2.0, "min_child_weight": 4374.864029007342, "num_boost_round": 30.0, "subsample": 0.7924648628321949}, "datetime": {"datetime": "2024-01-20 15:13:31", "elapsed": 2969.20475, "delta": 0.004012}}
{"target": -15.15596910413641, "params": {"colsample_bytree": 0.8296217261199327, "eta": 0.02258781462923144, "gamma": 453.6718138579654, "max_depth": 2.0, "min_child_weight": 4374.864029007342, "num_boost_round": 31.0, "subsample": 0.7924648628321949}, "datetime": {"datetime": "2024-01-20 15:13:31", "elapsed": 2969.208705, "delta": 0.003955}}
{"target": -15.155904950945885, "params": {"colsample_bytree": 0.8296217261199327, "eta": 0.02258781462923144, "gamma": 453.6718138579654, "max_depth": 2.0, "min_child_weight": 4374.864029007342, "num_boost_round": 32.0, "subsample": 0.7924648628321949}, "datetime": {"datetime": "2024-01-20 15:13:31", "elapsed": 2969.212624, "delta": 0.003919}}
{"target": -15.155895806352884, "params": {"colsample_bytree": 0.8296217261199327, "eta": 0.02258781462923144, "gamma": 453.6718138579654, "max_depth": 2.0, "min_child_weight": 4374.864029007342, "num_boost_round": 33.0, "subsample": 0.7924648628321949}, "datetime": {"datetime": "2024-01-20 15:13:31", "elapsed": 2969.216615, "delta": 0.003991}}
{"target": -15.155553553828529, "params": {"colsample_bytree": 0.8296217261199327, "eta": 0.02258781462923144, "gamma": 453.6718138579654, "max_depth": 2.0, "min_child_weight": 4374.864029007342, "num_boost_round": 34.0, "subsample": 0.7924648628321949}, "datetime": {"datetime": "2024-01-20 15:13:31", "elapsed": 2969.220607, "delta": 0.003992}}
{"target": -15.155242709224932, "params": {"colsample_bytree": 0.8296217261199327, "eta": 0.02258781462923144, "gamma": 453.6718138579654, "max_depth": 2.0, "min_child_weight": 4374.864029007342, "num_boost_round": 35.0, "subsample": 0.7924648628321949}, "datetime": {"datetime": "2024-01-20 15:13:31", "elapsed": 2969.224627, "delta": 0.00402}}
{"target": -15.15496507385686, "params": {"colsample_bytree": 0.8296217261199327, "eta": 0.02258781462923144, "gamma": 453.6718138579654, "max_depth": 2.0, "min_child_weight": 4374.864029007342, "num_boost_round": 36.0, "subsample": 0.7924648628321949}, "datetime": {"datetime": "2024-01-20 15:13:31", "elapsed": 2969.228603, "delta": 0.003976}}
{"target": -15.154626775227584, "params": {"colsample_bytree": 0.8296217261199327, "eta": 0.02258781462923144, "gamma": 453.6718138579654, "max_depth": 2.0, "min_child_weight": 4374.864029007342, "num_boost_round": 37.0, "subsample": 0.7924648628321949}, "datetime": {"datetime": "2024-01-20 15:13:31", "elapsed": 2969.232501, "delta": 0.003898}}
{"target": -15.172662047643964, "params": {"colsample_bytree": 0.3892686042468415, "eta": 0.01906951616540103, "gamma": 521.2484953946533, "max_depth": 5.0, "min_child_weight": 4138.999124386863, "num_boost_round": 1.0, "subsample": 0.10824914925025804}, "datetime": {"datetime": "2024-01-20 15:14:49", "elapsed": 3046.542729, "delta": 77.310228}}
{"target": -15.172370582415848, "params": {"colsample_bytree": 0.3892686042468415, "eta": 0.01906951616540103, "gamma": 521.2484953946533, "max_depth": 5.0, "min_child_weight": 4138.999124386863, "num_boost_round": 2.0, "subsample": 0.10824914925025804}, "datetime": {"datetime": "2024-01-20 15:14:49", "elapsed": 3046.548374, "delta": 0.005645}}
{"target": -15.171975552328457, "params": {"colsample_bytree": 0.3892686042468415, "eta": 0.01906951616540103, "gamma": 521.2484953946533, "max_depth": 5.0, "min_child_weight": 4138.999124386863, "num_boost_round": 3.0, "subsample": 0.10824914925025804}, "datetime": {"datetime": "2024-01-20 15:14:49", "elapsed": 3046.552864, "delta": 0.00449}}
{"target": -15.171864906940325, "params": {"colsample_bytree": 0.3892686042468415, "eta": 0.01906951616540103, "gamma": 521.2484953946533, "max_depth": 5.0, "min_child_weight": 4138.999124386863, "num_boost_round": 4.0, "subsample": 0.10824914925025804}, "datetime": {"datetime": "2024-01-20 15:14:49", "elapsed": 3046.556755, "delta": 0.003891}}
{"target": -15.171139807622682, "params": {"colsample_bytree": 0.3892686042468415, "eta": 0.01906951616540103, "gamma": 521.2484953946533, "max_depth": 5.0, "min_child_weight": 4138.999124386863, "num_boost_round": 5.0, "subsample": 0.10824914925025804}, "datetime": {"datetime": "2024-01-20 15:14:49", "elapsed": 3046.560584, "delta": 0.003829}}
{"target": -15.17072016253727, "params": {"colsample_bytree": 0.3892686042468415, "eta": 0.01906951616540103, "gamma": 521.2484953946533, "max_depth": 5.0, "min_child_weight": 4138.999124386863, "num_boost_round": 6.0, "subsample": 0.10824914925025804}, "datetime": {"datetime": "2024-01-20 15:14:49", "elapsed": 3046.564676, "delta": 0.004092}}
{"target": -15.170429287785375, "params": {"colsample_bytree": 0.3892686042468415, "eta": 0.01906951616540103, "gamma": 521.2484953946533, "max_depth": 5.0, "min_child_weight": 4138.999124386863, "num_boost_round": 7.0, "subsample": 0.10824914925025804}, "datetime": {"datetime": "2024-01-20 15:14:49", "elapsed": 3046.56849, "delta": 0.003814}}
{"target": -15.169776905069403, "params": {"colsample_bytree": 0.3892686042468415, "eta": 0.01906951616540103, "gamma": 521.2484953946533, "max_depth": 5.0, "min_child_weight": 4138.999124386863, "num_boost_round": 8.0, "subsample": 0.10824914925025804}, "datetime": {"datetime": "2024-01-20 15:14:49", "elapsed": 3046.572622, "delta": 0.004132}}
{"target": -15.169647319014608, "params": {"colsample_bytree": 0.3892686042468415, "eta": 0.01906951616540103, "gamma": 521.2484953946533, "max_depth": 5.0, "min_child_weight": 4138.999124386863, "num_boost_round": 9.0, "subsample": 0.10824914925025804}, "datetime": {"datetime": "2024-01-20 15:14:49", "elapsed": 3046.576851, "delta": 0.004229}}
{"target": -15.169338946528605, "params": {"colsample_bytree": 0.3892686042468415, "eta": 0.01906951616540103, "gamma": 521.2484953946533, "max_depth": 5.0, "min_child_weight": 4138.999124386863, "num_boost_round": 10.0, "subsample": 0.10824914925025804}, "datetime": {"datetime": "2024-01-20 15:14:49", "elapsed": 3046.58102, "delta": 0.004169}}
{"target": -15.169317151117012, "params": {"colsample_bytree": 0.3892686042468415, "eta": 0.01906951616540103, "gamma": 521.2484953946533, "max_depth": 5.0, "min_child_weight": 4138.999124386863, "num_boost_round": 11.0, "subsample": 0.10824914925025804}, "datetime": {"datetime": "2024-01-20 15:14:49", "elapsed": 3046.584988, "delta": 0.003968}}
{"target": -15.169294958857016, "params": {"colsample_bytree": 0.3892686042468415, "eta": 0.01906951616540103, "gamma": 521.2484953946533, "max_depth": 5.0, "min_child_weight": 4138.999124386863, "num_boost_round": 12.0, "subsample": 0.10824914925025804}, "datetime": {"datetime": "2024-01-20 15:14:49", "elapsed": 3046.589034, "delta": 0.004046}}
{"target": -15.169050554136831, "params": {"colsample_bytree": 0.3892686042468415, "eta": 0.01906951616540103, "gamma": 521.2484953946533, "max_depth": 5.0, "min_child_weight": 4138.999124386863, "num_boost_round": 13.0, "subsample": 0.10824914925025804}, "datetime": {"datetime": "2024-01-20 15:14:49", "elapsed": 3046.593032, "delta": 0.003998}}
{"target": -15.168709846919608, "params": {"colsample_bytree": 0.3892686042468415, "eta": 0.01906951616540103, "gamma": 521.2484953946533, "max_depth": 5.0, "min_child_weight": 4138.999124386863, "num_boost_round": 14.0, "subsample": 0.10824914925025804}, "datetime": {"datetime": "2024-01-20 15:14:49", "elapsed": 3046.597091, "delta": 0.004059}}
{"target": -15.168347988076142, "params": {"colsample_bytree": 0.3892686042468415, "eta": 0.01906951616540103, "gamma": 521.2484953946533, "max_depth": 5.0, "min_child_weight": 4138.999124386863, "num_boost_round": 15.0, "subsample": 0.10824914925025804}, "datetime": {"datetime": "2024-01-20 15:14:49", "elapsed": 3046.601863, "delta": 0.004772}}
{"target": -15.16822452885484, "params": {"colsample_bytree": 0.3892686042468415, "eta": 0.01906951616540103, "gamma": 521.2484953946533, "max_depth": 5.0, "min_child_weight": 4138.999124386863, "num_boost_round": 16.0, "subsample": 0.10824914925025804}, "datetime": {"datetime": "2024-01-20 15:14:49", "elapsed": 3046.606637, "delta": 0.004774}}
{"target": -15.167562519409561, "params": {"colsample_bytree": 0.3892686042468415, "eta": 0.01906951616540103, "gamma": 521.2484953946533, "max_depth": 5.0, "min_child_weight": 4138.999124386863, "num_boost_round": 17.0, "subsample": 0.10824914925025804}, "datetime": {"datetime": "2024-01-20 15:14:49", "elapsed": 3046.610882, "delta": 0.004245}}
{"target": -15.167472639334946, "params": {"colsample_bytree": 0.3892686042468415, "eta": 0.01906951616540103, "gamma": 521.2484953946533, "max_depth": 5.0, "min_child_weight": 4138.999124386863, "num_boost_round": 18.0, "subsample": 0.10824914925025804}, "datetime": {"datetime": "2024-01-20 15:14:49", "elapsed": 3046.615228, "delta": 0.004346}}
{"target": -15.167130796872456, "params": {"colsample_bytree": 0.3892686042468415, "eta": 0.01906951616540103, "gamma": 521.2484953946533, "max_depth": 5.0, "min_child_weight": 4138.999124386863, "num_boost_round": 19.0, "subsample": 0.10824914925025804}, "datetime": {"datetime": "2024-01-20 15:14:49", "elapsed": 3046.619438, "delta": 0.00421}}
{"target": -15.166845683555465, "params": {"colsample_bytree": 0.3892686042468415, "eta": 0.01906951616540103, "gamma": 521.2484953946533, "max_depth": 5.0, "min_child_weight": 4138.999124386863, "num_boost_round": 20.0, "subsample": 0.10824914925025804}, "datetime": {"datetime": "2024-01-20 15:14:49", "elapsed": 3046.623507, "delta": 0.004069}}
{"target": -15.16653701959547, "params": {"colsample_bytree": 0.3892686042468415, "eta": 0.01906951616540103, "gamma": 521.2484953946533, "max_depth": 5.0, "min_child_weight": 4138.999124386863, "num_boost_round": 21.0, "subsample": 0.10824914925025804}, "datetime": {"datetime": "2024-01-20 15:14:49", "elapsed": 3046.627726, "delta": 0.004219}}
{"target": -15.16643270693056, "params": {"colsample_bytree": 0.3892686042468415, "eta": 0.01906951616540103, "gamma": 521.2484953946533, "max_depth": 5.0, "min_child_weight": 4138.999124386863, "num_boost_round": 22.0, "subsample": 0.10824914925025804}, "datetime": {"datetime": "2024-01-20 15:14:49", "elapsed": 3046.631673, "delta": 0.003947}}
{"target": -15.166106106800815, "params": {"colsample_bytree": 0.3892686042468415, "eta": 0.01906951616540103, "gamma": 521.2484953946533, "max_depth": 5.0, "min_child_weight": 4138.999124386863, "num_boost_round": 23.0, "subsample": 0.10824914925025804}, "datetime": {"datetime": "2024-01-20 15:14:49", "elapsed": 3046.635595, "delta": 0.003922}}
{"target": -15.165681484400409, "params": {"colsample_bytree": 0.3892686042468415, "eta": 0.01906951616540103, "gamma": 521.2484953946533, "max_depth": 5.0, "min_child_weight": 4138.999124386863, "num_boost_round": 24.0, "subsample": 0.10824914925025804}, "datetime": {"datetime": "2024-01-20 15:14:49", "elapsed": 3046.639966, "delta": 0.004371}}
{"target": -15.16544549825905, "params": {"colsample_bytree": 0.3892686042468415, "eta": 0.01906951616540103, "gamma": 521.2484953946533, "max_depth": 5.0, "min_child_weight": 4138.999124386863, "num_boost_round": 25.0, "subsample": 0.10824914925025804}, "datetime": {"datetime": "2024-01-20 15:14:49", "elapsed": 3046.643814, "delta": 0.003848}}
{"target": -15.165426399842874, "params": {"colsample_bytree": 0.3892686042468415, "eta": 0.01906951616540103, "gamma": 521.2484953946533, "max_depth": 5.0, "min_child_weight": 4138.999124386863, "num_boost_round": 26.0, "subsample": 0.10824914925025804}, "datetime": {"datetime": "2024-01-20 15:14:49", "elapsed": 3046.64771, "delta": 0.003896}}
{"target": -15.16525229288197, "params": {"colsample_bytree": 0.3892686042468415, "eta": 0.01906951616540103, "gamma": 521.2484953946533, "max_depth": 5.0, "min_child_weight": 4138.999124386863, "num_boost_round": 27.0, "subsample": 0.10824914925025804}, "datetime": {"datetime": "2024-01-20 15:14:49", "elapsed": 3046.651838, "delta": 0.004128}}
{"target": -15.165038735380477, "params": {"colsample_bytree": 0.3892686042468415, "eta": 0.01906951616540103, "gamma": 521.2484953946533, "max_depth": 5.0, "min_child_weight": 4138.999124386863, "num_boost_round": 28.0, "subsample": 0.10824914925025804}, "datetime": {"datetime": "2024-01-20 15:14:49", "elapsed": 3046.655903, "delta": 0.004065}}
{"target": -15.16475998237821, "params": {"colsample_bytree": 0.3892686042468415, "eta": 0.01906951616540103, "gamma": 521.2484953946533, "max_depth": 5.0, "min_child_weight": 4138.999124386863, "num_boost_round": 29.0, "subsample": 0.10824914925025804}, "datetime": {"datetime": "2024-01-20 15:14:49", "elapsed": 3046.659984, "delta": 0.004081}}
{"target": -15.16437038392257, "params": {"colsample_bytree": 0.3892686042468415, "eta": 0.01906951616540103, "gamma": 521.2484953946533, "max_depth": 5.0, "min_child_weight": 4138.999124386863, "num_boost_round": 30.0, "subsample": 0.10824914925025804}, "datetime": {"datetime": "2024-01-20 15:14:49", "elapsed": 3046.664346, "delta": 0.004362}}
