{"target": -10.298531992751723, "params": {"colsample_bytree": 0.8013475275262009, "eta": 0.0013208636845136376, "gamma": 263.5350885770592, "max_depth": 2.0, "min_child_weight": 3865.229444606803, "num_boost_round": 5.0, "subsample": 0.45617614838537734}, "datetime": {"datetime": "2024-01-20 15:01:17", "elapsed": 5975.459135, "delta": 0.004145}}
{"target": -10.298537041753873, "params": {"colsample_bytree": 0.8013475275262009, "eta": 0.0013208636845136376, "gamma": 263.5350885770592, "max_depth": 2.0, "min_child_weight": 3865.229444606803, "num_boost_round": 6.0, "subsample": 0.45617614838537734}, "datetime": {"datetime": "2024-01-20 15:01:17", "elapsed": 5975.463251, "delta": 0.004116}}
{"target": -10.298540187201347, "params": {"colsample_bytree": 0.8013475275262009, "eta": 0.0013208636845136376, "gamma": 263.5350885770592, "max_depth": 2.0, "min_child_weight": 3865.229444606803, "num_boost_round": 7.0, "subsample": 0.45617614838537734}, "datetime": {"datetime": "2024-01-20 15:01:17", "elapsed": 5975.467125, "delta": 0.003874}}
{"target": -10.29853973850815, "params": {"colsample_bytree": 0.8013475275262009, "eta": 0.0013208636845136376, "gamma": 263.5350885770592, "max_depth": 2.0, "min_child_weight": 3865.229444606803, "num_boost_round": 8.0, "subsample": 0.45617614838537734}, "datetime": {"datetime": "2024-01-20 15:01:17", "elapsed": 5975.471094, "delta": 0.003969}}
{"target": -10.29854487798265, "params": {"colsample_bytree": 0.8013475275262009, "eta": 0.0013208636845136376, "gamma": 263.5350885770592, "max_depth": 2.0, "min_child_weight": 3865.229444606803, "num_boost_round": 9.0, "subsample": 0.45617614838537734}, "datetime": {"datetime": "2024-01-20 15:01:17", "elapsed": 5975.474919, "delta": 0.003825}}
{"target": -10.298548181032317, "params": {"colsample_bytree": 0.8013475275262009, "eta": 0.0013208636845136376, "gamma": 263.5350885770592, "max_depth": 2.0, "min_child_weight": 3865.229444606803, "num_boost_round": 10.0, "subsample": 0.45617614838537734}, "datetime": {"datetime": "2024-01-20 15:01:17", "elapsed": 5975.478573, "delta": 0.003654}}
{"target": -10.298551973994817, "params": {"colsample_bytree": 0.8013475275262009, "eta": 0.0013208636845136376, "gamma": 263.5350885770592, "max_depth": 2.0, "min_child_weight": 3865.229444606803, "num_boost_round": 11.0, "subsample": 0.45617614838537734}, "datetime": {"datetime": "2024-01-20 15:01:17", "elapsed": 5975.482178, "delta": 0.003605}}
{"target": -10.298557065635762, "params": {"colsample_bytree": 0.8013475275262009, "eta": 0.0013208636845136376, "gamma": 263.5350885770592, "max_depth": 2.0, "min_child_weight": 3865.229444606803, "num_boost_round": 12.0, "subsample": 0.45617614838537734}, "datetime": {"datetime": "2024-01-20 15:01:17", "elapsed": 5975.485726, "delta": 0.003548}}
{"target": -10.298560985800481, "params": {"colsample_bytree": 0.8013475275262009, "eta": 0.0013208636845136376, "gamma": 263.5350885770592, "max_depth": 2.0, "min_child_weight": 3865.229444606803, "num_boost_round": 13.0, "subsample": 0.45617614838537734}, "datetime": {"datetime": "2024-01-20 15:01:17", "elapsed": 5975.489288, "delta": 0.003562}}
{"target": -10.298565286722681, "params": {"colsample_bytree": 0.8013475275262009, "eta": 0.0013208636845136376, "gamma": 263.5350885770592, "max_depth": 2.0, "min_child_weight": 3865.229444606803, "num_boost_round": 14.0, "subsample": 0.45617614838537734}, "datetime": {"datetime": "2024-01-20 15:01:17", "elapsed": 5975.492814, "delta": 0.003526}}
{"target": -10.29856902087118, "params": {"colsample_bytree": 0.8013475275262009, "eta": 0.0013208636845136376, "gamma": 263.5350885770592, "max_depth": 2.0, "min_child_weight": 3865.229444606803, "num_boost_round": 15.0, "subsample": 0.45617614838537734}, "datetime": {"datetime": "2024-01-20 15:01:17", "elapsed": 5975.496284, "delta": 0.00347}}
{"target": -10.298570389721107, "params": {"colsample_bytree": 0.8013475275262009, "eta": 0.0013208636845136376, "gamma": 263.5350885770592, "max_depth": 2.0, "min_child_weight": 3865.229444606803, "num_boost_round": 16.0, "subsample": 0.45617614838537734}, "datetime": {"datetime": "2024-01-20 15:01:17", "elapsed": 5975.499903, "delta": 0.003619}}
{"target": -10.298574564630858, "params": {"colsample_bytree": 0.8013475275262009, "eta": 0.0013208636845136376, "gamma": 263.5350885770592, "max_depth": 2.0, "min_child_weight": 3865.229444606803, "num_boost_round": 17.0, "subsample": 0.45617614838537734}, "datetime": {"datetime": "2024-01-20 15:01:17", "elapsed": 5975.503349, "delta": 0.003446}}
{"target": -10.298504950031985, "params": {"colsample_bytree": 0.5491829513469262, "eta": 0.004263066041956633, "gamma": 241.6742091196137, "max_depth": 4.0, "min_child_weight": 3814.2596621995435, "num_boost_round": 1.0, "subsample": 0.5506357395131075}, "datetime": {"datetime": "2024-01-20 15:02:04", "elapsed": 6022.126726, "delta": 46.623377}}
{"target": -10.298507563422328, "params": {"colsample_bytree": 0.5491829513469262, "eta": 0.004263066041956633, "gamma": 241.6742091196137, "max_depth": 4.0, "min_child_weight": 3814.2596621995435, "num_boost_round": 2.0, "subsample": 0.5506357395131075}, "datetime": {"datetime": "2024-01-20 15:02:04", "elapsed": 6022.132617, "delta": 0.005891}}
{"target": -10.298525380647916, "params": {"colsample_bytree": 0.5491829513469262, "eta": 0.004263066041956633, "gamma": 241.6742091196137, "max_depth": 4.0, "min_child_weight": 3814.2596621995435, "num_boost_round": 3.0, "subsample": 0.5506357395131075}, "datetime": {"datetime": "2024-01-20 15:02:04", "elapsed": 6022.137199, "delta": 0.004582}}
{"target": -10.298543843683278, "params": {"colsample_bytree": 0.5491829513469262, "eta": 0.004263066041956633, "gamma": 241.6742091196137, "max_depth": 4.0, "min_child_weight": 3814.2596621995435, "num_boost_round": 4.0, "subsample": 0.5506357395131075}, "datetime": {"datetime": "2024-01-20 15:02:04", "elapsed": 6022.141061, "delta": 0.003862}}
{"target": -10.29855888847026, "params": {"colsample_bytree": 0.5491829513469262, "eta": 0.004263066041956633, "gamma": 241.6742091196137, "max_depth": 4.0, "min_child_weight": 3814.2596621995435, "num_boost_round": 5.0, "subsample": 0.5506357395131075}, "datetime": {"datetime": "2024-01-20 15:02:04", "elapsed": 6022.145094, "delta": 0.004033}}
{"target": -10.298570619384847, "params": {"colsample_bytree": 0.5491829513469262, "eta": 0.004263066041956633, "gamma": 241.6742091196137, "max_depth": 4.0, "min_child_weight": 3814.2596621995435, "num_boost_round": 6.0, "subsample": 0.5506357395131075}, "datetime": {"datetime": "2024-01-20 15:02:04", "elapsed": 6022.148971, "delta": 0.003877}}
{"target": -10.298328151046366, "params": {"colsample_bytree": 0.8719677280702597, "eta": 0.08144140476478089, "gamma": 721.1590105248702, "max_depth": 9.0, "min_child_weight": 4554.669072224912, "num_boost_round": 1.0, "subsample": 0.7546983371275425}, "datetime": {"datetime": "2024-01-20 15:04:02", "elapsed": 6139.945132, "delta": 117.796161}}
{"target": -10.298477481481697, "params": {"colsample_bytree": 0.8719677280702597, "eta": 0.08144140476478089, "gamma": 721.1590105248702, "max_depth": 9.0, "min_child_weight": 4554.669072224912, "num_boost_round": 2.0, "subsample": 0.7546983371275425}, "datetime": {"datetime": "2024-01-20 15:04:02", "elapsed": 6139.953318, "delta": 0.008186}}
{"target": -10.298818558800438, "params": {"colsample_bytree": 0.8719677280702597, "eta": 0.08144140476478089, "gamma": 721.1590105248702, "max_depth": 9.0, "min_child_weight": 4554.669072224912, "num_boost_round": 3.0, "subsample": 0.7546983371275425}, "datetime": {"datetime": "2024-01-20 15:04:02", "elapsed": 6139.95836, "delta": 0.005042}}
{"target": -10.299530989229865, "params": {"colsample_bytree": 0.8719677280702597, "eta": 0.08144140476478089, "gamma": 721.1590105248702, "max_depth": 9.0, "min_child_weight": 4554.669072224912, "num_boost_round": 4.0, "subsample": 0.7546983371275425}, "datetime": {"datetime": "2024-01-20 15:04:02", "elapsed": 6139.962165, "delta": 0.003805}}
{"target": -10.300128010128464, "params": {"colsample_bytree": 0.8719677280702597, "eta": 0.08144140476478089, "gamma": 721.1590105248702, "max_depth": 9.0, "min_child_weight": 4554.669072224912, "num_boost_round": 5.0, "subsample": 0.7546983371275425}, "datetime": {"datetime": "2024-01-20 15:04:02", "elapsed": 6139.965676, "delta": 0.003511}}
{"target": -10.300901778384215, "params": {"colsample_bytree": 0.8719677280702597, "eta": 0.08144140476478089, "gamma": 721.1590105248702, "max_depth": 9.0, "min_child_weight": 4554.669072224912, "num_boost_round": 6.0, "subsample": 0.7546983371275425}, "datetime": {"datetime": "2024-01-20 15:04:02", "elapsed": 6139.969237, "delta": 0.003561}}
{"target": -10.301566467043804, "params": {"colsample_bytree": 0.8719677280702597, "eta": 0.08144140476478089, "gamma": 721.1590105248702, "max_depth": 9.0, "min_child_weight": 4554.669072224912, "num_boost_round": 7.0, "subsample": 0.7546983371275425}, "datetime": {"datetime": "2024-01-20 15:04:02", "elapsed": 6139.972613, "delta": 0.003376}}
{"target": -10.30211782683514, "params": {"colsample_bytree": 0.8719677280702597, "eta": 0.08144140476478089, "gamma": 721.1590105248702, "max_depth": 9.0, "min_child_weight": 4554.669072224912, "num_boost_round": 8.0, "subsample": 0.7546983371275425}, "datetime": {"datetime": "2024-01-20 15:04:02", "elapsed": 6139.976161, "delta": 0.003548}}
{"target": -10.30307508607526, "params": {"colsample_bytree": 0.8719677280702597, "eta": 0.08144140476478089, "gamma": 721.1590105248702, "max_depth": 9.0, "min_child_weight": 4554.669072224912, "num_boost_round": 9.0, "subsample": 0.7546983371275425}, "datetime": {"datetime": "2024-01-20 15:04:02", "elapsed": 6139.97944, "delta": 0.003279}}
{"target": -10.303804587001688, "params": {"colsample_bytree": 0.8719677280702597, "eta": 0.08144140476478089, "gamma": 721.1590105248702, "max_depth": 9.0, "min_child_weight": 4554.669072224912, "num_boost_round": 10.0, "subsample": 0.7546983371275425}, "datetime": {"datetime": "2024-01-20 15:04:02", "elapsed": 6139.982637, "delta": 0.003197}}
{"target": -10.304765459429523, "params": {"colsample_bytree": 0.8719677280702597, "eta": 0.08144140476478089, "gamma": 721.1590105248702, "max_depth": 9.0, "min_child_weight": 4554.669072224912, "num_boost_round": 11.0, "subsample": 0.7546983371275425}, "datetime": {"datetime": "2024-01-20 15:04:02", "elapsed": 6139.985898, "delta": 0.003261}}
{"target": -10.305174763526733, "params": {"colsample_bytree": 0.8719677280702597, "eta": 0.08144140476478089, "gamma": 721.1590105248702, "max_depth": 9.0, "min_child_weight": 4554.669072224912, "num_boost_round": 12.0, "subsample": 0.7546983371275425}, "datetime": {"datetime": "2024-01-20 15:04:02", "elapsed": 6139.989242, "delta": 0.003344}}
{"target": -10.305887758405664, "params": {"colsample_bytree": 0.8719677280702597, "eta": 0.08144140476478089, "gamma": 721.1590105248702, "max_depth": 9.0, "min_child_weight": 4554.669072224912, "num_boost_round": 13.0, "subsample": 0.7546983371275425}, "datetime": {"datetime": "2024-01-20 15:04:02", "elapsed": 6139.992494, "delta": 0.003252}}
{"target": -10.306476360772706, "params": {"colsample_bytree": 0.8719677280702597, "eta": 0.08144140476478089, "gamma": 721.1590105248702, "max_depth": 9.0, "min_child_weight": 4554.669072224912, "num_boost_round": 14.0, "subsample": 0.7546983371275425}, "datetime": {"datetime": "2024-01-20 15:04:02", "elapsed": 6139.995739, "delta": 0.003245}}
{"target": -10.307261073619461, "params": {"colsample_bytree": 0.8719677280702597, "eta": 0.08144140476478089, "gamma": 721.1590105248702, "max_depth": 9.0, "min_child_weight": 4554.669072224912, "num_boost_round": 15.0, "subsample": 0.7546983371275425}, "datetime": {"datetime": "2024-01-20 15:04:02", "elapsed": 6139.998978, "delta": 0.003239}}
{"target": -10.30810102322307, "params": {"colsample_bytree": 0.8719677280702597, "eta": 0.08144140476478089, "gamma": 721.1590105248702, "max_depth": 9.0, "min_child_weight": 4554.669072224912, "num_boost_round": 16.0, "subsample": 0.7546983371275425}, "datetime": {"datetime": "2024-01-20 15:04:02", "elapsed": 6140.002203, "delta": 0.003225}}
{"target": -10.308544020217099, "params": {"colsample_bytree": 0.8719677280702597, "eta": 0.08144140476478089, "gamma": 721.1590105248702, "max_depth": 9.0, "min_child_weight": 4554.669072224912, "num_boost_round": 17.0, "subsample": 0.7546983371275425}, "datetime": {"datetime": "2024-01-20 15:04:02", "elapsed": 6140.005492, "delta": 0.003289}}
{"target": -10.309355427942554, "params": {"colsample_bytree": 0.8719677280702597, "eta": 0.08144140476478089, "gamma": 721.1590105248702, "max_depth": 9.0, "min_child_weight": 4554.669072224912, "num_boost_round": 18.0, "subsample": 0.7546983371275425}, "datetime": {"datetime": "2024-01-20 15:04:02", "elapsed": 6140.008679, "delta": 0.003187}}
{"target": -10.310387831994554, "params": {"colsample_bytree": 0.8719677280702597, "eta": 0.08144140476478089, "gamma": 721.1590105248702, "max_depth": 9.0, "min_child_weight": 4554.669072224912, "num_boost_round": 19.0, "subsample": 0.7546983371275425}, "datetime": {"datetime": "2024-01-20 15:04:02", "elapsed": 6140.011907, "delta": 0.003228}}
{"target": -10.311146972293384, "params": {"colsample_bytree": 0.8719677280702597, "eta": 0.08144140476478089, "gamma": 721.1590105248702, "max_depth": 9.0, "min_child_weight": 4554.669072224912, "num_boost_round": 20.0, "subsample": 0.7546983371275425}, "datetime": {"datetime": "2024-01-20 15:04:02", "elapsed": 6140.015156, "delta": 0.003249}}
{"target": -10.312258495640517, "params": {"colsample_bytree": 0.8719677280702597, "eta": 0.08144140476478089, "gamma": 721.1590105248702, "max_depth": 9.0, "min_child_weight": 4554.669072224912, "num_boost_round": 21.0, "subsample": 0.7546983371275425}, "datetime": {"datetime": "2024-01-20 15:04:02", "elapsed": 6140.018306, "delta": 0.00315}}
{"target": -10.313026159984872, "params": {"colsample_bytree": 0.8719677280702597, "eta": 0.08144140476478089, "gamma": 721.1590105248702, "max_depth": 9.0, "min_child_weight": 4554.669072224912, "num_boost_round": 22.0, "subsample": 0.7546983371275425}, "datetime": {"datetime": "2024-01-20 15:04:02", "elapsed": 6140.021528, "delta": 0.003222}}
{"target": -10.313970587994339, "params": {"colsample_bytree": 0.8719677280702597, "eta": 0.08144140476478089, "gamma": 721.1590105248702, "max_depth": 9.0, "min_child_weight": 4554.669072224912, "num_boost_round": 23.0, "subsample": 0.7546983371275425}, "datetime": {"datetime": "2024-01-20 15:04:02", "elapsed": 6140.024887, "delta": 0.003359}}
{"target": -10.314575072176126, "params": {"colsample_bytree": 0.8719677280702597, "eta": 0.08144140476478089, "gamma": 721.1590105248702, "max_depth": 9.0, "min_child_weight": 4554.669072224912, "num_boost_round": 24.0, "subsample": 0.7546983371275425}, "datetime": {"datetime": "2024-01-20 15:04:02", "elapsed": 6140.028117, "delta": 0.00323}}
{"target": -10.315506024155118, "params": {"colsample_bytree": 0.8719677280702597, "eta": 0.08144140476478089, "gamma": 721.1590105248702, "max_depth": 9.0, "min_child_weight": 4554.669072224912, "num_boost_round": 25.0, "subsample": 0.7546983371275425}, "datetime": {"datetime": "2024-01-20 15:04:02", "elapsed": 6140.031337, "delta": 0.00322}}
{"target": -10.316601141074477, "params": {"colsample_bytree": 0.8719677280702597, "eta": 0.08144140476478089, "gamma": 721.1590105248702, "max_depth": 9.0, "min_child_weight": 4554.669072224912, "num_boost_round": 26.0, "subsample": 0.7546983371275425}, "datetime": {"datetime": "2024-01-20 15:04:02", "elapsed": 6140.034558, "delta": 0.003221}}
{"target": -10.317350821298202, "params": {"colsample_bytree": 0.8719677280702597, "eta": 0.08144140476478089, "gamma": 721.1590105248702, "max_depth": 9.0, "min_child_weight": 4554.669072224912, "num_boost_round": 27.0, "subsample": 0.7546983371275425}, "datetime": {"datetime": "2024-01-20 15:04:02", "elapsed": 6140.037864, "delta": 0.003306}}
{"target": -10.318197388501618, "params": {"colsample_bytree": 0.8719677280702597, "eta": 0.08144140476478089, "gamma": 721.1590105248702, "max_depth": 9.0, "min_child_weight": 4554.669072224912, "num_boost_round": 28.0, "subsample": 0.7546983371275425}, "datetime": {"datetime": "2024-01-20 15:04:02", "elapsed": 6140.041033, "delta": 0.003169}}
{"target": -10.319134765854335, "params": {"colsample_bytree": 0.8719677280702597, "eta": 0.08144140476478089, "gamma": 721.1590105248702, "max_depth": 9.0, "min_child_weight": 4554.669072224912, "num_boost_round": 29.0, "subsample": 0.7546983371275425}, "datetime": {"datetime": "2024-01-20 15:04:02", "elapsed": 6140.044265, "delta": 0.003232}}
{"target": -10.320021023760832, "params": {"colsample_bytree": 0.8719677280702597, "eta": 0.08144140476478089, "gamma": 721.1590105248702, "max_depth": 9.0, "min_child_weight": 4554.669072224912, "num_boost_round": 30.0, "subsample": 0.7546983371275425}, "datetime": {"datetime": "2024-01-20 15:04:02", "elapsed": 6140.047489, "delta": 0.003224}}
{"target": -10.320666243096328, "params": {"colsample_bytree": 0.8719677280702597, "eta": 0.08144140476478089, "gamma": 721.1590105248702, "max_depth": 9.0, "min_child_weight": 4554.669072224912, "num_boost_round": 31.0, "subsample": 0.7546983371275425}, "datetime": {"datetime": "2024-01-20 15:04:02", "elapsed": 6140.050716, "delta": 0.003227}}
{"target": -10.32137217312449, "params": {"colsample_bytree": 0.8719677280702597, "eta": 0.08144140476478089, "gamma": 721.1590105248702, "max_depth": 9.0, "min_child_weight": 4554.669072224912, "num_boost_round": 32.0, "subsample": 0.7546983371275425}, "datetime": {"datetime": "2024-01-20 15:04:02", "elapsed": 6140.053936, "delta": 0.00322}}
{"target": -10.32182860917804, "params": {"colsample_bytree": 0.8719677280702597, "eta": 0.08144140476478089, "gamma": 721.1590105248702, "max_depth": 9.0, "min_child_weight": 4554.669072224912, "num_boost_round": 33.0, "subsample": 0.7546983371275425}, "datetime": {"datetime": "2024-01-20 15:04:02", "elapsed": 6140.05713, "delta": 0.003194}}
{"target": -10.322231010303687, "params": {"colsample_bytree": 0.8719677280702597, "eta": 0.08144140476478089, "gamma": 721.1590105248702, "max_depth": 9.0, "min_child_weight": 4554.669072224912, "num_boost_round": 34.0, "subsample": 0.7546983371275425}, "datetime": {"datetime": "2024-01-20 15:04:02", "elapsed": 6140.060344, "delta": 0.003214}}
{"target": -10.32267582445244, "params": {"colsample_bytree": 0.8719677280702597, "eta": 0.08144140476478089, "gamma": 721.1590105248702, "max_depth": 9.0, "min_child_weight": 4554.669072224912, "num_boost_round": 35.0, "subsample": 0.7546983371275425}, "datetime": {"datetime": "2024-01-20 15:04:02", "elapsed": 6140.06358, "delta": 0.003236}}
{"target": -10.32329908620823, "params": {"colsample_bytree": 0.8719677280702597, "eta": 0.08144140476478089, "gamma": 721.1590105248702, "max_depth": 9.0, "min_child_weight": 4554.669072224912, "num_boost_round": 36.0, "subsample": 0.7546983371275425}, "datetime": {"datetime": "2024-01-20 15:04:02", "elapsed": 6140.066932, "delta": 0.003352}}
{"target": -10.323698283036705, "params": {"colsample_bytree": 0.8719677280702597, "eta": 0.08144140476478089, "gamma": 721.1590105248702, "max_depth": 9.0, "min_child_weight": 4554.669072224912, "num_boost_round": 37.0, "subsample": 0.7546983371275425}, "datetime": {"datetime": "2024-01-20 15:04:02", "elapsed": 6140.07012, "delta": 0.003188}}
{"target": -10.323892581443278, "params": {"colsample_bytree": 0.8719677280702597, "eta": 0.08144140476478089, "gamma": 721.1590105248702, "max_depth": 9.0, "min_child_weight": 4554.669072224912, "num_boost_round": 38.0, "subsample": 0.7546983371275425}, "datetime": {"datetime": "2024-01-20 15:04:02", "elapsed": 6140.073323, "delta": 0.003203}}
{"target": -10.324232181402115, "params": {"colsample_bytree": 0.8719677280702597, "eta": 0.08144140476478089, "gamma": 721.1590105248702, "max_depth": 9.0, "min_child_weight": 4554.669072224912, "num_boost_round": 39.0, "subsample": 0.7546983371275425}, "datetime": {"datetime": "2024-01-20 15:04:02", "elapsed": 6140.076663, "delta": 0.00334}}
{"target": -10.324996591183377, "params": {"colsample_bytree": 0.8719677280702597, "eta": 0.08144140476478089, "gamma": 721.1590105248702, "max_depth": 9.0, "min_child_weight": 4554.669072224912, "num_boost_round": 40.0, "subsample": 0.7546983371275425}, "datetime": {"datetime": "2024-01-20 15:04:02", "elapsed": 6140.079904, "delta": 0.003241}}
{"target": -10.324868319412598, "params": {"colsample_bytree": 0.8719677280702597, "eta": 0.08144140476478089, "gamma": 721.1590105248702, "max_depth": 9.0, "min_child_weight": 4554.669072224912, "num_boost_round": 41.0, "subsample": 0.7546983371275425}, "datetime": {"datetime": "2024-01-20 15:04:02", "elapsed": 6140.0831, "delta": 0.003196}}
{"target": -10.32538411025083, "params": {"colsample_bytree": 0.8719677280702597, "eta": 0.08144140476478089, "gamma": 721.1590105248702, "max_depth": 9.0, "min_child_weight": 4554.669072224912, "num_boost_round": 42.0, "subsample": 0.7546983371275425}, "datetime": {"datetime": "2024-01-20 15:04:02", "elapsed": 6140.086383, "delta": 0.003283}}
{"target": -10.325879218036302, "params": {"colsample_bytree": 0.8719677280702597, "eta": 0.08144140476478089, "gamma": 721.1590105248702, "max_depth": 9.0, "min_child_weight": 4554.669072224912, "num_boost_round": 43.0, "subsample": 0.7546983371275425}, "datetime": {"datetime": "2024-01-20 15:04:02", "elapsed": 6140.089698, "delta": 0.003315}}
{"target": -10.326538317804253, "params": {"colsample_bytree": 0.8719677280702597, "eta": 0.08144140476478089, "gamma": 721.1590105248702, "max_depth": 9.0, "min_child_weight": 4554.669072224912, "num_boost_round": 44.0, "subsample": 0.7546983371275425}, "datetime": {"datetime": "2024-01-20 15:04:02", "elapsed": 6140.092932, "delta": 0.003234}}
