{"target": -19.143479618607486, "params": {"colsample_bytree": 0.7503881940316761, "eta": 0.03784615693798019, "gamma": 400.16131124148046, "max_depth": 4.0, "min_child_weight": 3997.621493384442, "num_boost_round": 4.0, "subsample": 0.6385772324835338}, "datetime": {"datetime": "2024-01-20 14:29:22", "elapsed": 330.735153, "delta": 0.00082}}
{"target": -19.143369479009827, "params": {"colsample_bytree": 0.7503881940316761, "eta": 0.03784615693798019, "gamma": 400.16131124148046, "max_depth": 4.0, "min_child_weight": 3997.621493384442, "num_boost_round": 5.0, "subsample": 0.6385772324835338}, "datetime": {"datetime": "2024-01-20 14:29:22", "elapsed": 330.735801, "delta": 0.000648}}
{"target": -19.1435436292005, "params": {"colsample_bytree": 0.7503881940316761, "eta": 0.03784615693798019, "gamma": 400.16131124148046, "max_depth": 4.0, "min_child_weight": 3997.621493384442, "num_boost_round": 6.0, "subsample": 0.6385772324835338}, "datetime": {"datetime": "2024-01-20 14:29:22", "elapsed": 330.740749, "delta": 0.004948}}
{"target": -19.143555499979293, "params": {"colsample_bytree": 0.7503881940316761, "eta": 0.03784615693798019, "gamma": 400.16131124148046, "max_depth": 4.0, "min_child_weight": 3997.621493384442, "num_boost_round": 7.0, "subsample": 0.6385772324835338}, "datetime": {"datetime": "2024-01-20 14:29:22", "elapsed": 330.741434, "delta": 0.000685}}
{"target": -19.143581903987204, "params": {"colsample_bytree": 0.7503881940316761, "eta": 0.03784615693798019, "gamma": 400.16131124148046, "max_depth": 4.0, "min_child_weight": 3997.621493384442, "num_boost_round": 8.0, "subsample": 0.6385772324835338}, "datetime": {"datetime": "2024-01-20 14:29:22", "elapsed": 330.742075, "delta": 0.000641}}
{"target": -19.143575665608495, "params": {"colsample_bytree": 0.7503881940316761, "eta": 0.03784615693798019, "gamma": 400.16131124148046, "max_depth": 4.0, "min_child_weight": 3997.621493384442, "num_boost_round": 9.0, "subsample": 0.6385772324835338}, "datetime": {"datetime": "2024-01-20 14:29:22", "elapsed": 330.742858, "delta": 0.000783}}
{"target": -19.143629215514956, "params": {"colsample_bytree": 0.7503881940316761, "eta": 0.03784615693798019, "gamma": 400.16131124148046, "max_depth": 4.0, "min_child_weight": 3997.621493384442, "num_boost_round": 10.0, "subsample": 0.6385772324835338}, "datetime": {"datetime": "2024-01-20 14:29:22", "elapsed": 330.743523, "delta": 0.000665}}
{"target": -19.143698617307347, "params": {"colsample_bytree": 0.7503881940316761, "eta": 0.03784615693798019, "gamma": 400.16131124148046, "max_depth": 4.0, "min_child_weight": 3997.621493384442, "num_boost_round": 11.0, "subsample": 0.6385772324835338}, "datetime": {"datetime": "2024-01-20 14:29:22", "elapsed": 330.744184, "delta": 0.000661}}
{"target": -19.143710065946493, "params": {"colsample_bytree": 0.7503881940316761, "eta": 0.03784615693798019, "gamma": 400.16131124148046, "max_depth": 4.0, "min_child_weight": 3997.621493384442, "num_boost_round": 12.0, "subsample": 0.6385772324835338}, "datetime": {"datetime": "2024-01-20 14:29:22", "elapsed": 330.744845, "delta": 0.000661}}
{"target": -19.14423236535483, "params": {"colsample_bytree": 0.7503881940316761, "eta": 0.03784615693798019, "gamma": 400.16131124148046, "max_depth": 4.0, "min_child_weight": 3997.621493384442, "num_boost_round": 13.0, "subsample": 0.6385772324835338}, "datetime": {"datetime": "2024-01-20 14:29:22", "elapsed": 330.745441, "delta": 0.000596}}
{"target": -19.144718245040316, "params": {"colsample_bytree": 0.7503881940316761, "eta": 0.03784615693798019, "gamma": 400.16131124148046, "max_depth": 4.0, "min_child_weight": 3997.621493384442, "num_boost_round": 14.0, "subsample": 0.6385772324835338}, "datetime": {"datetime": "2024-01-20 14:29:22", "elapsed": 330.746204, "delta": 0.000763}}
{"target": -19.14501671412009, "params": {"colsample_bytree": 0.7503881940316761, "eta": 0.03784615693798019, "gamma": 400.16131124148046, "max_depth": 4.0, "min_child_weight": 3997.621493384442, "num_boost_round": 15.0, "subsample": 0.6385772324835338}, "datetime": {"datetime": "2024-01-20 14:29:22", "elapsed": 330.747216, "delta": 0.001012}}
{"target": -19.14519562582916, "params": {"colsample_bytree": 0.7503881940316761, "eta": 0.03784615693798019, "gamma": 400.16131124148046, "max_depth": 4.0, "min_child_weight": 3997.621493384442, "num_boost_round": 16.0, "subsample": 0.6385772324835338}, "datetime": {"datetime": "2024-01-20 14:29:22", "elapsed": 330.747916, "delta": 0.0007}}
{"target": -19.145466850899098, "params": {"colsample_bytree": 0.7503881940316761, "eta": 0.03784615693798019, "gamma": 400.16131124148046, "max_depth": 4.0, "min_child_weight": 3997.621493384442, "num_boost_round": 17.0, "subsample": 0.6385772324835338}, "datetime": {"datetime": "2024-01-20 14:29:22", "elapsed": 330.748615, "delta": 0.000699}}
{"target": -19.14562867077905, "params": {"colsample_bytree": 0.7503881940316761, "eta": 0.03784615693798019, "gamma": 400.16131124148046, "max_depth": 4.0, "min_child_weight": 3997.621493384442, "num_boost_round": 18.0, "subsample": 0.6385772324835338}, "datetime": {"datetime": "2024-01-20 14:29:22", "elapsed": 330.749314, "delta": 0.000699}}
{"target": -19.14587593314077, "params": {"colsample_bytree": 0.7503881940316761, "eta": 0.03784615693798019, "gamma": 400.16131124148046, "max_depth": 4.0, "min_child_weight": 3997.621493384442, "num_boost_round": 19.0, "subsample": 0.6385772324835338}, "datetime": {"datetime": "2024-01-20 14:29:22", "elapsed": 330.74993, "delta": 0.000616}}
{"target": -19.14622983087317, "params": {"colsample_bytree": 0.7503881940316761, "eta": 0.03784615693798019, "gamma": 400.16131124148046, "max_depth": 4.0, "min_child_weight": 3997.621493384442, "num_boost_round": 20.0, "subsample": 0.6385772324835338}, "datetime": {"datetime": "2024-01-20 14:29:22", "elapsed": 330.750597, "delta": 0.000667}}
{"target": -19.146655069718037, "params": {"colsample_bytree": 0.7503881940316761, "eta": 0.03784615693798019, "gamma": 400.16131124148046, "max_depth": 4.0, "min_child_weight": 3997.621493384442, "num_boost_round": 21.0, "subsample": 0.6385772324835338}, "datetime": {"datetime": "2024-01-20 14:29:22", "elapsed": 330.751207, "delta": 0.00061}}
{"target": -19.147314140893076, "params": {"colsample_bytree": 0.7503881940316761, "eta": 0.03784615693798019, "gamma": 400.16131124148046, "max_depth": 4.0, "min_child_weight": 3997.621493384442, "num_boost_round": 22.0, "subsample": 0.6385772324835338}, "datetime": {"datetime": "2024-01-20 14:29:22", "elapsed": 330.751879, "delta": 0.000672}}
{"target": -19.147391009483783, "params": {"colsample_bytree": 0.7503881940316761, "eta": 0.03784615693798019, "gamma": 400.16131124148046, "max_depth": 4.0, "min_child_weight": 3997.621493384442, "num_boost_round": 23.0, "subsample": 0.6385772324835338}, "datetime": {"datetime": "2024-01-20 14:29:22", "elapsed": 330.752499, "delta": 0.00062}}
{"target": -19.147658139596828, "params": {"colsample_bytree": 0.7503881940316761, "eta": 0.03784615693798019, "gamma": 400.16131124148046, "max_depth": 4.0, "min_child_weight": 3997.621493384442, "num_boost_round": 24.0, "subsample": 0.6385772324835338}, "datetime": {"datetime": "2024-01-20 14:29:22", "elapsed": 330.753173, "delta": 0.000674}}
{"target": -19.147972899058658, "params": {"colsample_bytree": 0.7503881940316761, "eta": 0.03784615693798019, "gamma": 400.16131124148046, "max_depth": 4.0, "min_child_weight": 3997.621493384442, "num_boost_round": 25.0, "subsample": 0.6385772324835338}, "datetime": {"datetime": "2024-01-20 14:29:22", "elapsed": 330.753881, "delta": 0.000708}}
{"target": -19.14816312874344, "params": {"colsample_bytree": 0.7503881940316761, "eta": 0.03784615693798019, "gamma": 400.16131124148046, "max_depth": 4.0, "min_child_weight": 3997.621493384442, "num_boost_round": 26.0, "subsample": 0.6385772324835338}, "datetime": {"datetime": "2024-01-20 14:29:22", "elapsed": 330.754582, "delta": 0.000701}}
{"target": -19.14862456787293, "params": {"colsample_bytree": 0.7503881940316761, "eta": 0.03784615693798019, "gamma": 400.16131124148046, "max_depth": 4.0, "min_child_weight": 3997.621493384442, "num_boost_round": 27.0, "subsample": 0.6385772324835338}, "datetime": {"datetime": "2024-01-20 14:29:22", "elapsed": 330.755286, "delta": 0.000704}}
{"target": -19.149001020951737, "params": {"colsample_bytree": 0.7503881940316761, "eta": 0.03784615693798019, "gamma": 400.16131124148046, "max_depth": 4.0, "min_child_weight": 3997.621493384442, "num_boost_round": 28.0, "subsample": 0.6385772324835338}, "datetime": {"datetime": "2024-01-20 14:29:22", "elapsed": 330.755989, "delta": 0.000703}}
{"target": -19.148898112999493, "params": {"colsample_bytree": 0.7503881940316761, "eta": 0.03784615693798019, "gamma": 400.16131124148046, "max_depth": 4.0, "min_child_weight": 3997.621493384442, "num_boost_round": 29.0, "subsample": 0.6385772324835338}, "datetime": {"datetime": "2024-01-20 14:29:22", "elapsed": 330.756736, "delta": 0.000747}}
{"target": -19.149228891823732, "params": {"colsample_bytree": 0.7503881940316761, "eta": 0.03784615693798019, "gamma": 400.16131124148046, "max_depth": 4.0, "min_child_weight": 3997.621493384442, "num_boost_round": 30.0, "subsample": 0.6385772324835338}, "datetime": {"datetime": "2024-01-20 14:29:22", "elapsed": 330.757438, "delta": 0.000702}}
{"target": -19.14925222583667, "params": {"colsample_bytree": 0.7503881940316761, "eta": 0.03784615693798019, "gamma": 400.16131124148046, "max_depth": 4.0, "min_child_weight": 3997.621493384442, "num_boost_round": 31.0, "subsample": 0.6385772324835338}, "datetime": {"datetime": "2024-01-20 14:29:22", "elapsed": 330.758057, "delta": 0.000619}}
{"target": -19.149405456722597, "params": {"colsample_bytree": 0.7503881940316761, "eta": 0.03784615693798019, "gamma": 400.16131124148046, "max_depth": 4.0, "min_child_weight": 3997.621493384442, "num_boost_round": 32.0, "subsample": 0.6385772324835338}, "datetime": {"datetime": "2024-01-20 14:29:22", "elapsed": 330.758738, "delta": 0.000681}}
{"target": -19.14969002580967, "params": {"colsample_bytree": 0.7503881940316761, "eta": 0.03784615693798019, "gamma": 400.16131124148046, "max_depth": 4.0, "min_child_weight": 3997.621493384442, "num_boost_round": 33.0, "subsample": 0.6385772324835338}, "datetime": {"datetime": "2024-01-20 14:29:22", "elapsed": 330.759374, "delta": 0.000636}}
{"target": -19.149996738079437, "params": {"colsample_bytree": 0.7503881940316761, "eta": 0.03784615693798019, "gamma": 400.16131124148046, "max_depth": 4.0, "min_child_weight": 3997.621493384442, "num_boost_round": 34.0, "subsample": 0.6385772324835338}, "datetime": {"datetime": "2024-01-20 14:29:22", "elapsed": 330.760056, "delta": 0.000682}}
{"target": -19.150559354356183, "params": {"colsample_bytree": 0.7503881940316761, "eta": 0.03784615693798019, "gamma": 400.16131124148046, "max_depth": 4.0, "min_child_weight": 3997.621493384442, "num_boost_round": 35.0, "subsample": 0.6385772324835338}, "datetime": {"datetime": "2024-01-20 14:29:22", "elapsed": 330.760763, "delta": 0.000707}}
{"target": -19.150655198104165, "params": {"colsample_bytree": 0.7503881940316761, "eta": 0.03784615693798019, "gamma": 400.16131124148046, "max_depth": 4.0, "min_child_weight": 3997.621493384442, "num_boost_round": 36.0, "subsample": 0.6385772324835338}, "datetime": {"datetime": "2024-01-20 14:29:22", "elapsed": 330.761464, "delta": 0.000701}}
{"target": -19.151011389130133, "params": {"colsample_bytree": 0.7503881940316761, "eta": 0.03784615693798019, "gamma": 400.16131124148046, "max_depth": 4.0, "min_child_weight": 3997.621493384442, "num_boost_round": 37.0, "subsample": 0.6385772324835338}, "datetime": {"datetime": "2024-01-20 14:29:22", "elapsed": 330.762248, "delta": 0.000784}}
{"target": -19.15115392014706, "params": {"colsample_bytree": 0.7503881940316761, "eta": 0.03784615693798019, "gamma": 400.16131124148046, "max_depth": 4.0, "min_child_weight": 3997.621493384442, "num_boost_round": 38.0, "subsample": 0.6385772324835338}, "datetime": {"datetime": "2024-01-20 14:29:22", "elapsed": 330.762971, "delta": 0.000723}}
{"target": -19.15157621434676, "params": {"colsample_bytree": 0.7503881940316761, "eta": 0.03784615693798019, "gamma": 400.16131124148046, "max_depth": 4.0, "min_child_weight": 3997.621493384442, "num_boost_round": 39.0, "subsample": 0.6385772324835338}, "datetime": {"datetime": "2024-01-20 14:29:22", "elapsed": 330.763677, "delta": 0.000706}}
{"target": -19.1517341968485, "params": {"colsample_bytree": 0.7503881940316761, "eta": 0.03784615693798019, "gamma": 400.16131124148046, "max_depth": 4.0, "min_child_weight": 3997.621493384442, "num_boost_round": 40.0, "subsample": 0.6385772324835338}, "datetime": {"datetime": "2024-01-20 14:29:22", "elapsed": 330.764408, "delta": 0.000731}}
{"target": -19.151961960535047, "params": {"colsample_bytree": 0.7503881940316761, "eta": 0.03784615693798019, "gamma": 400.16131124148046, "max_depth": 4.0, "min_child_weight": 3997.621493384442, "num_boost_round": 41.0, "subsample": 0.6385772324835338}, "datetime": {"datetime": "2024-01-20 14:29:22", "elapsed": 330.765127, "delta": 0.000719}}
{"target": -19.152207812787175, "params": {"colsample_bytree": 0.7503881940316761, "eta": 0.03784615693798019, "gamma": 400.16131124148046, "max_depth": 4.0, "min_child_weight": 3997.621493384442, "num_boost_round": 42.0, "subsample": 0.6385772324835338}, "datetime": {"datetime": "2024-01-20 14:29:22", "elapsed": 330.765842, "delta": 0.000715}}
{"target": -19.152341678030613, "params": {"colsample_bytree": 0.7503881940316761, "eta": 0.03784615693798019, "gamma": 400.16131124148046, "max_depth": 4.0, "min_child_weight": 3997.621493384442, "num_boost_round": 43.0, "subsample": 0.6385772324835338}, "datetime": {"datetime": "2024-01-20 14:29:22", "elapsed": 330.766688, "delta": 0.000846}}
{"target": -19.15250483093631, "params": {"colsample_bytree": 0.7503881940316761, "eta": 0.03784615693798019, "gamma": 400.16131124148046, "max_depth": 4.0, "min_child_weight": 3997.621493384442, "num_boost_round": 44.0, "subsample": 0.6385772324835338}, "datetime": {"datetime": "2024-01-20 14:29:22", "elapsed": 330.767517, "delta": 0.000829}}
{"target": -19.152508423528126, "params": {"colsample_bytree": 0.7503881940316761, "eta": 0.03784615693798019, "gamma": 400.16131124148046, "max_depth": 4.0, "min_child_weight": 3997.621493384442, "num_boost_round": 45.0, "subsample": 0.6385772324835338}, "datetime": {"datetime": "2024-01-20 14:29:22", "elapsed": 330.768395, "delta": 0.000878}}
{"target": -19.152479334754048, "params": {"colsample_bytree": 0.7503881940316761, "eta": 0.03784615693798019, "gamma": 400.16131124148046, "max_depth": 4.0, "min_child_weight": 3997.621493384442, "num_boost_round": 46.0, "subsample": 0.6385772324835338}, "datetime": {"datetime": "2024-01-20 14:29:22", "elapsed": 330.769115, "delta": 0.00072}}
{"target": -19.15265506998415, "params": {"colsample_bytree": 0.7503881940316761, "eta": 0.03784615693798019, "gamma": 400.16131124148046, "max_depth": 4.0, "min_child_weight": 3997.621493384442, "num_boost_round": 47.0, "subsample": 0.6385772324835338}, "datetime": {"datetime": "2024-01-20 14:29:22", "elapsed": 330.76984, "delta": 0.000725}}
{"target": -19.152754316372075, "params": {"colsample_bytree": 0.7503881940316761, "eta": 0.03784615693798019, "gamma": 400.16131124148046, "max_depth": 4.0, "min_child_weight": 3997.621493384442, "num_boost_round": 48.0, "subsample": 0.6385772324835338}, "datetime": {"datetime": "2024-01-20 14:29:22", "elapsed": 330.770555, "delta": 0.000715}}
{"target": -19.15291764583739, "params": {"colsample_bytree": 0.7503881940316761, "eta": 0.03784615693798019, "gamma": 400.16131124148046, "max_depth": 4.0, "min_child_weight": 3997.621493384442, "num_boost_round": 49.0, "subsample": 0.6385772324835338}, "datetime": {"datetime": "2024-01-20 14:29:22", "elapsed": 330.771278, "delta": 0.000723}}
{"target": -19.15309463473462, "params": {"colsample_bytree": 0.7503881940316761, "eta": 0.03784615693798019, "gamma": 400.16131124148046, "max_depth": 4.0, "min_child_weight": 3997.621493384442, "num_boost_round": 50.0, "subsample": 0.6385772324835338}, "datetime": {"datetime": "2024-01-20 14:29:22", "elapsed": 330.772, "delta": 0.000722}}
{"target": -19.153198057711382, "params": {"colsample_bytree": 0.7503881940316761, "eta": 0.03784615693798019, "gamma": 400.16131124148046, "max_depth": 4.0, "min_child_weight": 3997.621493384442, "num_boost_round": 51.0, "subsample": 0.6385772324835338}, "datetime": {"datetime": "2024-01-20 14:29:22", "elapsed": 330.772727, "delta": 0.000727}}
{"target": -19.153320074139756, "params": {"colsample_bytree": 0.7503881940316761, "eta": 0.03784615693798019, "gamma": 400.16131124148046, "max_depth": 4.0, "min_child_weight": 3997.621493384442, "num_boost_round": 52.0, "subsample": 0.6385772324835338}, "datetime": {"datetime": "2024-01-20 14:29:22", "elapsed": 330.773448, "delta": 0.000721}}
{"target": -19.15333495498173, "params": {"colsample_bytree": 0.7503881940316761, "eta": 0.03784615693798019, "gamma": 400.16131124148046, "max_depth": 4.0, "min_child_weight": 3997.621493384442, "num_boost_round": 53.0, "subsample": 0.6385772324835338}, "datetime": {"datetime": "2024-01-20 14:29:22", "elapsed": 330.774193, "delta": 0.000745}}
{"target": -19.153537787299697, "params": {"colsample_bytree": 0.7503881940316761, "eta": 0.03784615693798019, "gamma": 400.16131124148046, "max_depth": 4.0, "min_child_weight": 3997.621493384442, "num_boost_round": 54.0, "subsample": 0.6385772324835338}, "datetime": {"datetime": "2024-01-20 14:29:22", "elapsed": 330.774986, "delta": 0.000793}}
{"target": -19.15372497671347, "params": {"colsample_bytree": 0.7503881940316761, "eta": 0.03784615693798019, "gamma": 400.16131124148046, "max_depth": 4.0, "min_child_weight": 3997.621493384442, "num_boost_round": 55.0, "subsample": 0.6385772324835338}, "datetime": {"datetime": "2024-01-20 14:29:22", "elapsed": 330.775721, "delta": 0.000735}}
{"target": -19.153974028470074, "params": {"colsample_bytree": 0.7503881940316761, "eta": 0.03784615693798019, "gamma": 400.16131124148046, "max_depth": 4.0, "min_child_weight": 3997.621493384442, "num_boost_round": 56.0, "subsample": 0.6385772324835338}, "datetime": {"datetime": "2024-01-20 14:29:22", "elapsed": 330.776451, "delta": 0.00073}}
{"target": -19.15400708548526, "params": {"colsample_bytree": 0.7503881940316761, "eta": 0.03784615693798019, "gamma": 400.16131124148046, "max_depth": 4.0, "min_child_weight": 3997.621493384442, "num_boost_round": 57.0, "subsample": 0.6385772324835338}, "datetime": {"datetime": "2024-01-20 14:29:22", "elapsed": 330.777198, "delta": 0.000747}}
{"target": -19.154106589830654, "params": {"colsample_bytree": 0.7503881940316761, "eta": 0.03784615693798019, "gamma": 400.16131124148046, "max_depth": 4.0, "min_child_weight": 3997.621493384442, "num_boost_round": 58.0, "subsample": 0.6385772324835338}, "datetime": {"datetime": "2024-01-20 14:29:22", "elapsed": 330.77794, "delta": 0.000742}}
{"target": -19.15442043248146, "params": {"colsample_bytree": 0.7503881940316761, "eta": 0.03784615693798019, "gamma": 400.16131124148046, "max_depth": 4.0, "min_child_weight": 3997.621493384442, "num_boost_round": 59.0, "subsample": 0.6385772324835338}, "datetime": {"datetime": "2024-01-20 14:29:22", "elapsed": 330.778672, "delta": 0.000732}}
{"target": -19.15456719373602, "params": {"colsample_bytree": 0.7503881940316761, "eta": 0.03784615693798019, "gamma": 400.16131124148046, "max_depth": 4.0, "min_child_weight": 3997.621493384442, "num_boost_round": 60.0, "subsample": 0.6385772324835338}, "datetime": {"datetime": "2024-01-20 14:29:22", "elapsed": 330.779406, "delta": 0.000734}}
{"target": -19.1547120575516, "params": {"colsample_bytree": 0.7503881940316761, "eta": 0.03784615693798019, "gamma": 400.16131124148046, "max_depth": 4.0, "min_child_weight": 3997.621493384442, "num_boost_round": 61.0, "subsample": 0.6385772324835338}, "datetime": {"datetime": "2024-01-20 14:29:22", "elapsed": 330.780138, "delta": 0.000732}}
{"target": -19.15463266106252, "params": {"colsample_bytree": 0.7503881940316761, "eta": 0.03784615693798019, "gamma": 400.16131124148046, "max_depth": 4.0, "min_child_weight": 3997.621493384442, "num_boost_round": 62.0, "subsample": 0.6385772324835338}, "datetime": {"datetime": "2024-01-20 14:29:22", "elapsed": 330.780875, "delta": 0.000737}}
{"target": -19.154675248240952, "params": {"colsample_bytree": 0.7503881940316761, "eta": 0.03784615693798019, "gamma": 400.16131124148046, "max_depth": 4.0, "min_child_weight": 3997.621493384442, "num_boost_round": 63.0, "subsample": 0.6385772324835338}, "datetime": {"datetime": "2024-01-20 14:29:22", "elapsed": 330.781613, "delta": 0.000738}}
{"target": -19.154852371154416, "params": {"colsample_bytree": 0.7503881940316761, "eta": 0.03784615693798019, "gamma": 400.16131124148046, "max_depth": 4.0, "min_child_weight": 3997.621493384442, "num_boost_round": 64.0, "subsample": 0.6385772324835338}, "datetime": {"datetime": "2024-01-20 14:29:22", "elapsed": 330.782391, "delta": 0.000778}}
{"target": -19.154913267309126, "params": {"colsample_bytree": 0.7503881940316761, "eta": 0.03784615693798019, "gamma": 400.16131124148046, "max_depth": 4.0, "min_child_weight": 3997.621493384442, "num_boost_round": 65.0, "subsample": 0.6385772324835338}, "datetime": {"datetime": "2024-01-20 14:29:22", "elapsed": 330.783131, "delta": 0.00074}}
{"target": -19.15514619998431, "params": {"colsample_bytree": 0.7503881940316761, "eta": 0.03784615693798019, "gamma": 400.16131124148046, "max_depth": 4.0, "min_child_weight": 3997.621493384442, "num_boost_round": 66.0, "subsample": 0.6385772324835338}, "datetime": {"datetime": "2024-01-20 14:29:22", "elapsed": 330.783872, "delta": 0.000741}}
