{"target": -15.168052442808147, "params": {"colsample_bytree": 0.958249850771803, "eta": 0.08728951369714136, "gamma": 574.1269192995643, "max_depth": 4.0, "min_child_weight": 4204.601253429105, "num_boost_round": 1.0, "subsample": 0.24500831376387483}, "datetime": {"datetime": "2024-01-20 14:52:29", "elapsed": 1707.30236, "delta": 44.716202}}
{"target": -15.164309385816319, "params": {"colsample_bytree": 0.958249850771803, "eta": 0.08728951369714136, "gamma": 574.1269192995643, "max_depth": 4.0, "min_child_weight": 4204.601253429105, "num_boost_round": 2.0, "subsample": 0.24500831376387483}, "datetime": {"datetime": "2024-01-20 14:52:29", "elapsed": 1707.3068, "delta": 0.00444}}
{"target": -15.161515496370995, "params": {"colsample_bytree": 0.958249850771803, "eta": 0.08728951369714136, "gamma": 574.1269192995643, "max_depth": 4.0, "min_child_weight": 4204.601253429105, "num_boost_round": 3.0, "subsample": 0.24500831376387483}, "datetime": {"datetime": "2024-01-20 14:52:29", "elapsed": 1707.309644, "delta": 0.002844}}
{"target": -15.158681799091266, "params": {"colsample_bytree": 0.958249850771803, "eta": 0.08728951369714136, "gamma": 574.1269192995643, "max_depth": 4.0, "min_child_weight": 4204.601253429105, "num_boost_round": 4.0, "subsample": 0.24500831376387483}, "datetime": {"datetime": "2024-01-20 14:52:29", "elapsed": 1707.316863, "delta": 0.007219}}
{"target": -15.156648601305792, "params": {"colsample_bytree": 0.958249850771803, "eta": 0.08728951369714136, "gamma": 574.1269192995643, "max_depth": 4.0, "min_child_weight": 4204.601253429105, "num_boost_round": 5.0, "subsample": 0.24500831376387483}, "datetime": {"datetime": "2024-01-20 14:52:29", "elapsed": 1707.319535, "delta": 0.002672}}
{"target": -15.15580096855073, "params": {"colsample_bytree": 0.958249850771803, "eta": 0.08728951369714136, "gamma": 574.1269192995643, "max_depth": 4.0, "min_child_weight": 4204.601253429105, "num_boost_round": 6.0, "subsample": 0.24500831376387483}, "datetime": {"datetime": "2024-01-20 14:52:29", "elapsed": 1707.322079, "delta": 0.002544}}
{"target": -15.154675338956835, "params": {"colsample_bytree": 0.958249850771803, "eta": 0.08728951369714136, "gamma": 574.1269192995643, "max_depth": 4.0, "min_child_weight": 4204.601253429105, "num_boost_round": 7.0, "subsample": 0.24500831376387483}, "datetime": {"datetime": "2024-01-20 14:52:29", "elapsed": 1707.324564, "delta": 0.002485}}
{"target": -15.153692153841302, "params": {"colsample_bytree": 0.958249850771803, "eta": 0.08728951369714136, "gamma": 574.1269192995643, "max_depth": 4.0, "min_child_weight": 4204.601253429105, "num_boost_round": 8.0, "subsample": 0.24500831376387483}, "datetime": {"datetime": "2024-01-20 14:52:29", "elapsed": 1707.327021, "delta": 0.002457}}
{"target": -15.153044325356122, "params": {"colsample_bytree": 0.958249850771803, "eta": 0.08728951369714136, "gamma": 574.1269192995643, "max_depth": 4.0, "min_child_weight": 4204.601253429105, "num_boost_round": 9.0, "subsample": 0.24500831376387483}, "datetime": {"datetime": "2024-01-20 14:52:29", "elapsed": 1707.329434, "delta": 0.002413}}
{"target": -15.1525892455738, "params": {"colsample_bytree": 0.958249850771803, "eta": 0.08728951369714136, "gamma": 574.1269192995643, "max_depth": 4.0, "min_child_weight": 4204.601253429105, "num_boost_round": 10.0, "subsample": 0.24500831376387483}, "datetime": {"datetime": "2024-01-20 14:52:29", "elapsed": 1707.331864, "delta": 0.00243}}
{"target": -15.152415876241012, "params": {"colsample_bytree": 0.958249850771803, "eta": 0.08728951369714136, "gamma": 574.1269192995643, "max_depth": 4.0, "min_child_weight": 4204.601253429105, "num_boost_round": 11.0, "subsample": 0.24500831376387483}, "datetime": {"datetime": "2024-01-20 14:52:29", "elapsed": 1707.334381, "delta": 0.002517}}
{"target": -15.15205799959329, "params": {"colsample_bytree": 0.958249850771803, "eta": 0.08728951369714136, "gamma": 574.1269192995643, "max_depth": 4.0, "min_child_weight": 4204.601253429105, "num_boost_round": 12.0, "subsample": 0.24500831376387483}, "datetime": {"datetime": "2024-01-20 14:52:29", "elapsed": 1707.336807, "delta": 0.002426}}
{"target": -15.152041494538583, "params": {"colsample_bytree": 0.958249850771803, "eta": 0.08728951369714136, "gamma": 574.1269192995643, "max_depth": 4.0, "min_child_weight": 4204.601253429105, "num_boost_round": 13.0, "subsample": 0.24500831376387483}, "datetime": {"datetime": "2024-01-20 14:52:29", "elapsed": 1707.339243, "delta": 0.002436}}
{"target": -15.151985167912347, "params": {"colsample_bytree": 0.958249850771803, "eta": 0.08728951369714136, "gamma": 574.1269192995643, "max_depth": 4.0, "min_child_weight": 4204.601253429105, "num_boost_round": 14.0, "subsample": 0.24500831376387483}, "datetime": {"datetime": "2024-01-20 14:52:29", "elapsed": 1707.341868, "delta": 0.002625}}
{"target": -15.151939973935583, "params": {"colsample_bytree": 0.958249850771803, "eta": 0.08728951369714136, "gamma": 574.1269192995643, "max_depth": 4.0, "min_child_weight": 4204.601253429105, "num_boost_round": 15.0, "subsample": 0.24500831376387483}, "datetime": {"datetime": "2024-01-20 14:52:29", "elapsed": 1707.344384, "delta": 0.002516}}
{"target": -15.151494511181227, "params": {"colsample_bytree": 0.958249850771803, "eta": 0.08728951369714136, "gamma": 574.1269192995643, "max_depth": 4.0, "min_child_weight": 4204.601253429105, "num_boost_round": 16.0, "subsample": 0.24500831376387483}, "datetime": {"datetime": "2024-01-20 14:52:29", "elapsed": 1707.346809, "delta": 0.002425}}
{"target": -15.151063946533567, "params": {"colsample_bytree": 0.958249850771803, "eta": 0.08728951369714136, "gamma": 574.1269192995643, "max_depth": 4.0, "min_child_weight": 4204.601253429105, "num_boost_round": 17.0, "subsample": 0.24500831376387483}, "datetime": {"datetime": "2024-01-20 14:52:29", "elapsed": 1707.349234, "delta": 0.002425}}
{"target": -15.15185621940823, "params": {"colsample_bytree": 0.958249850771803, "eta": 0.08728951369714136, "gamma": 574.1269192995643, "max_depth": 4.0, "min_child_weight": 4204.601253429105, "num_boost_round": 18.0, "subsample": 0.24500831376387483}, "datetime": {"datetime": "2024-01-20 14:52:29", "elapsed": 1707.351777, "delta": 0.002543}}
{"target": -15.152686090503268, "params": {"colsample_bytree": 0.958249850771803, "eta": 0.08728951369714136, "gamma": 574.1269192995643, "max_depth": 4.0, "min_child_weight": 4204.601253429105, "num_boost_round": 19.0, "subsample": 0.24500831376387483}, "datetime": {"datetime": "2024-01-20 14:52:29", "elapsed": 1707.354244, "delta": 0.002467}}
{"target": -15.15305699096325, "params": {"colsample_bytree": 0.958249850771803, "eta": 0.08728951369714136, "gamma": 574.1269192995643, "max_depth": 4.0, "min_child_weight": 4204.601253429105, "num_boost_round": 20.0, "subsample": 0.24500831376387483}, "datetime": {"datetime": "2024-01-20 14:52:29", "elapsed": 1707.356713, "delta": 0.002469}}
{"target": -15.153022339283567, "params": {"colsample_bytree": 0.958249850771803, "eta": 0.08728951369714136, "gamma": 574.1269192995643, "max_depth": 4.0, "min_child_weight": 4204.601253429105, "num_boost_round": 21.0, "subsample": 0.24500831376387483}, "datetime": {"datetime": "2024-01-20 14:52:29", "elapsed": 1707.359114, "delta": 0.002401}}
{"target": -15.152496571860958, "params": {"colsample_bytree": 0.958249850771803, "eta": 0.08728951369714136, "gamma": 574.1269192995643, "max_depth": 4.0, "min_child_weight": 4204.601253429105, "num_boost_round": 22.0, "subsample": 0.24500831376387483}, "datetime": {"datetime": "2024-01-20 14:52:29", "elapsed": 1707.361692, "delta": 0.002578}}
{"target": -15.15332165094066, "params": {"colsample_bytree": 0.958249850771803, "eta": 0.08728951369714136, "gamma": 574.1269192995643, "max_depth": 4.0, "min_child_weight": 4204.601253429105, "num_boost_round": 23.0, "subsample": 0.24500831376387483}, "datetime": {"datetime": "2024-01-20 14:52:29", "elapsed": 1707.364115, "delta": 0.002423}}
{"target": -15.153222200865063, "params": {"colsample_bytree": 0.958249850771803, "eta": 0.08728951369714136, "gamma": 574.1269192995643, "max_depth": 4.0, "min_child_weight": 4204.601253429105, "num_boost_round": 24.0, "subsample": 0.24500831376387483}, "datetime": {"datetime": "2024-01-20 14:52:29", "elapsed": 1707.366525, "delta": 0.00241}}
{"target": -15.153080302619784, "params": {"colsample_bytree": 0.958249850771803, "eta": 0.08728951369714136, "gamma": 574.1269192995643, "max_depth": 4.0, "min_child_weight": 4204.601253429105, "num_boost_round": 25.0, "subsample": 0.24500831376387483}, "datetime": {"datetime": "2024-01-20 14:52:29", "elapsed": 1707.368952, "delta": 0.002427}}
{"target": -15.153352899624043, "params": {"colsample_bytree": 0.958249850771803, "eta": 0.08728951369714136, "gamma": 574.1269192995643, "max_depth": 4.0, "min_child_weight": 4204.601253429105, "num_boost_round": 26.0, "subsample": 0.24500831376387483}, "datetime": {"datetime": "2024-01-20 14:52:29", "elapsed": 1707.37144, "delta": 0.002488}}
{"target": -15.153530904075645, "params": {"colsample_bytree": 0.958249850771803, "eta": 0.08728951369714136, "gamma": 574.1269192995643, "max_depth": 4.0, "min_child_weight": 4204.601253429105, "num_boost_round": 27.0, "subsample": 0.24500831376387483}, "datetime": {"datetime": "2024-01-20 14:52:29", "elapsed": 1707.37398, "delta": 0.00254}}
{"target": -15.153372714104105, "params": {"colsample_bytree": 0.958249850771803, "eta": 0.08728951369714136, "gamma": 574.1269192995643, "max_depth": 4.0, "min_child_weight": 4204.601253429105, "num_boost_round": 28.0, "subsample": 0.24500831376387483}, "datetime": {"datetime": "2024-01-20 14:52:29", "elapsed": 1707.37643, "delta": 0.00245}}
{"target": -15.153771781769176, "params": {"colsample_bytree": 0.958249850771803, "eta": 0.08728951369714136, "gamma": 574.1269192995643, "max_depth": 4.0, "min_child_weight": 4204.601253429105, "num_boost_round": 29.0, "subsample": 0.24500831376387483}, "datetime": {"datetime": "2024-01-20 14:52:29", "elapsed": 1707.37885, "delta": 0.00242}}
{"target": -15.154015231487623, "params": {"colsample_bytree": 0.958249850771803, "eta": 0.08728951369714136, "gamma": 574.1269192995643, "max_depth": 4.0, "min_child_weight": 4204.601253429105, "num_boost_round": 30.0, "subsample": 0.24500831376387483}, "datetime": {"datetime": "2024-01-20 14:52:29", "elapsed": 1707.381327, "delta": 0.002477}}
{"target": -15.154021498066923, "params": {"colsample_bytree": 0.958249850771803, "eta": 0.08728951369714136, "gamma": 574.1269192995643, "max_depth": 4.0, "min_child_weight": 4204.601253429105, "num_boost_round": 31.0, "subsample": 0.24500831376387483}, "datetime": {"datetime": "2024-01-20 14:52:29", "elapsed": 1707.383778, "delta": 0.002451}}
{"target": -15.154278518173005, "params": {"colsample_bytree": 0.958249850771803, "eta": 0.08728951369714136, "gamma": 574.1269192995643, "max_depth": 4.0, "min_child_weight": 4204.601253429105, "num_boost_round": 32.0, "subsample": 0.24500831376387483}, "datetime": {"datetime": "2024-01-20 14:52:29", "elapsed": 1707.386203, "delta": 0.002425}}
{"target": -15.154333477323267, "params": {"colsample_bytree": 0.958249850771803, "eta": 0.08728951369714136, "gamma": 574.1269192995643, "max_depth": 4.0, "min_child_weight": 4204.601253429105, "num_boost_round": 33.0, "subsample": 0.24500831376387483}, "datetime": {"datetime": "2024-01-20 14:52:29", "elapsed": 1707.388634, "delta": 0.002431}}
{"target": -15.153961501488102, "params": {"colsample_bytree": 0.958249850771803, "eta": 0.08728951369714136, "gamma": 574.1269192995643, "max_depth": 4.0, "min_child_weight": 4204.601253429105, "num_boost_round": 34.0, "subsample": 0.24500831376387483}, "datetime": {"datetime": "2024-01-20 14:52:29", "elapsed": 1707.391093, "delta": 0.002459}}
{"target": -15.154191337046424, "params": {"colsample_bytree": 0.958249850771803, "eta": 0.08728951369714136, "gamma": 574.1269192995643, "max_depth": 4.0, "min_child_weight": 4204.601253429105, "num_boost_round": 35.0, "subsample": 0.24500831376387483}, "datetime": {"datetime": "2024-01-20 14:52:29", "elapsed": 1707.393656, "delta": 0.002563}}
{"target": -15.154169751327673, "params": {"colsample_bytree": 0.958249850771803, "eta": 0.08728951369714136, "gamma": 574.1269192995643, "max_depth": 4.0, "min_child_weight": 4204.601253429105, "num_boost_round": 36.0, "subsample": 0.24500831376387483}, "datetime": {"datetime": "2024-01-20 14:52:29", "elapsed": 1707.396244, "delta": 0.002588}}
{"target": -15.154264076694897, "params": {"colsample_bytree": 0.958249850771803, "eta": 0.08728951369714136, "gamma": 574.1269192995643, "max_depth": 4.0, "min_child_weight": 4204.601253429105, "num_boost_round": 37.0, "subsample": 0.24500831376387483}, "datetime": {"datetime": "2024-01-20 14:52:29", "elapsed": 1707.398764, "delta": 0.00252}}
{"target": -15.154559417577083, "params": {"colsample_bytree": 0.958249850771803, "eta": 0.08728951369714136, "gamma": 574.1269192995643, "max_depth": 4.0, "min_child_weight": 4204.601253429105, "num_boost_round": 38.0, "subsample": 0.24500831376387483}, "datetime": {"datetime": "2024-01-20 14:52:29", "elapsed": 1707.401307, "delta": 0.002543}}
{"target": -15.154051721632612, "params": {"colsample_bytree": 0.958249850771803, "eta": 0.08728951369714136, "gamma": 574.1269192995643, "max_depth": 4.0, "min_child_weight": 4204.601253429105, "num_boost_round": 39.0, "subsample": 0.24500831376387483}, "datetime": {"datetime": "2024-01-20 14:52:29", "elapsed": 1707.403729, "delta": 0.002422}}
{"target": -15.153774318426013, "params": {"colsample_bytree": 0.958249850771803, "eta": 0.08728951369714136, "gamma": 574.1269192995643, "max_depth": 4.0, "min_child_weight": 4204.601253429105, "num_boost_round": 40.0, "subsample": 0.24500831376387483}, "datetime": {"datetime": "2024-01-20 14:52:29", "elapsed": 1707.406187, "delta": 0.002458}}
{"target": -15.154204238294472, "params": {"colsample_bytree": 0.958249850771803, "eta": 0.08728951369714136, "gamma": 574.1269192995643, "max_depth": 4.0, "min_child_weight": 4204.601253429105, "num_boost_round": 41.0, "subsample": 0.24500831376387483}, "datetime": {"datetime": "2024-01-20 14:52:29", "elapsed": 1707.408667, "delta": 0.00248}}
{"target": -15.153813803722155, "params": {"colsample_bytree": 0.958249850771803, "eta": 0.08728951369714136, "gamma": 574.1269192995643, "max_depth": 4.0, "min_child_weight": 4204.601253429105, "num_boost_round": 42.0, "subsample": 0.24500831376387483}, "datetime": {"datetime": "2024-01-20 14:52:29", "elapsed": 1707.411077, "delta": 0.00241}}
{"target": -15.153969350301349, "params": {"colsample_bytree": 0.958249850771803, "eta": 0.08728951369714136, "gamma": 574.1269192995643, "max_depth": 4.0, "min_child_weight": 4204.601253429105, "num_boost_round": 43.0, "subsample": 0.24500831376387483}, "datetime": {"datetime": "2024-01-20 14:52:29", "elapsed": 1707.413617, "delta": 0.00254}}
{"target": -15.154137897913937, "params": {"colsample_bytree": 0.958249850771803, "eta": 0.08728951369714136, "gamma": 574.1269192995643, "max_depth": 4.0, "min_child_weight": 4204.601253429105, "num_boost_round": 44.0, "subsample": 0.24500831376387483}, "datetime": {"datetime": "2024-01-20 14:52:29", "elapsed": 1707.416073, "delta": 0.002456}}
{"target": -15.153938310440534, "params": {"colsample_bytree": 0.958249850771803, "eta": 0.08728951369714136, "gamma": 574.1269192995643, "max_depth": 4.0, "min_child_weight": 4204.601253429105, "num_boost_round": 45.0, "subsample": 0.24500831376387483}, "datetime": {"datetime": "2024-01-20 14:52:29", "elapsed": 1707.418522, "delta": 0.002449}}
{"target": -15.153820752645252, "params": {"colsample_bytree": 0.958249850771803, "eta": 0.08728951369714136, "gamma": 574.1269192995643, "max_depth": 4.0, "min_child_weight": 4204.601253429105, "num_boost_round": 46.0, "subsample": 0.24500831376387483}, "datetime": {"datetime": "2024-01-20 14:52:29", "elapsed": 1707.421041, "delta": 0.002519}}
{"target": -15.153791589337848, "params": {"colsample_bytree": 0.958249850771803, "eta": 0.08728951369714136, "gamma": 574.1269192995643, "max_depth": 4.0, "min_child_weight": 4204.601253429105, "num_boost_round": 47.0, "subsample": 0.24500831376387483}, "datetime": {"datetime": "2024-01-20 14:52:29", "elapsed": 1707.423627, "delta": 0.002586}}
{"target": -15.154207890183574, "params": {"colsample_bytree": 0.958249850771803, "eta": 0.08728951369714136, "gamma": 574.1269192995643, "max_depth": 4.0, "min_child_weight": 4204.601253429105, "num_boost_round": 48.0, "subsample": 0.24500831376387483}, "datetime": {"datetime": "2024-01-20 14:52:29", "elapsed": 1707.426141, "delta": 0.002514}}
{"target": -15.154200276834278, "params": {"colsample_bytree": 0.958249850771803, "eta": 0.08728951369714136, "gamma": 574.1269192995643, "max_depth": 4.0, "min_child_weight": 4204.601253429105, "num_boost_round": 49.0, "subsample": 0.24500831376387483}, "datetime": {"datetime": "2024-01-20 14:52:29", "elapsed": 1707.428665, "delta": 0.002524}}
{"target": -15.153950064483393, "params": {"colsample_bytree": 0.958249850771803, "eta": 0.08728951369714136, "gamma": 574.1269192995643, "max_depth": 4.0, "min_child_weight": 4204.601253429105, "num_boost_round": 50.0, "subsample": 0.24500831376387483}, "datetime": {"datetime": "2024-01-20 14:52:29", "elapsed": 1707.431159, "delta": 0.002494}}
{"target": -15.153766021034677, "params": {"colsample_bytree": 0.958249850771803, "eta": 0.08728951369714136, "gamma": 574.1269192995643, "max_depth": 4.0, "min_child_weight": 4204.601253429105, "num_boost_round": 51.0, "subsample": 0.24500831376387483}, "datetime": {"datetime": "2024-01-20 14:52:29", "elapsed": 1707.433575, "delta": 0.002416}}
{"target": -15.15380124042073, "params": {"colsample_bytree": 0.958249850771803, "eta": 0.08728951369714136, "gamma": 574.1269192995643, "max_depth": 4.0, "min_child_weight": 4204.601253429105, "num_boost_round": 52.0, "subsample": 0.24500831376387483}, "datetime": {"datetime": "2024-01-20 14:52:29", "elapsed": 1707.436017, "delta": 0.002442}}
{"target": -15.153658022019233, "params": {"colsample_bytree": 0.958249850771803, "eta": 0.08728951369714136, "gamma": 574.1269192995643, "max_depth": 4.0, "min_child_weight": 4204.601253429105, "num_boost_round": 53.0, "subsample": 0.24500831376387483}, "datetime": {"datetime": "2024-01-20 14:52:29", "elapsed": 1707.438548, "delta": 0.002531}}
{"target": -15.153691200093405, "params": {"colsample_bytree": 0.958249850771803, "eta": 0.08728951369714136, "gamma": 574.1269192995643, "max_depth": 4.0, "min_child_weight": 4204.601253429105, "num_boost_round": 54.0, "subsample": 0.24500831376387483}, "datetime": {"datetime": "2024-01-20 14:52:30", "elapsed": 1707.44106, "delta": 0.002512}}
{"target": -15.153763941995667, "params": {"colsample_bytree": 0.958249850771803, "eta": 0.08728951369714136, "gamma": 574.1269192995643, "max_depth": 4.0, "min_child_weight": 4204.601253429105, "num_boost_round": 55.0, "subsample": 0.24500831376387483}, "datetime": {"datetime": "2024-01-20 14:52:30", "elapsed": 1707.443545, "delta": 0.002485}}
{"target": -15.154374468521292, "params": {"colsample_bytree": 0.958249850771803, "eta": 0.08728951369714136, "gamma": 574.1269192995643, "max_depth": 4.0, "min_child_weight": 4204.601253429105, "num_boost_round": 56.0, "subsample": 0.24500831376387483}, "datetime": {"datetime": "2024-01-20 14:52:30", "elapsed": 1707.446047, "delta": 0.002502}}
{"target": -15.15488371405613, "params": {"colsample_bytree": 0.958249850771803, "eta": 0.08728951369714136, "gamma": 574.1269192995643, "max_depth": 4.0, "min_child_weight": 4204.601253429105, "num_boost_round": 57.0, "subsample": 0.24500831376387483}, "datetime": {"datetime": "2024-01-20 14:52:30", "elapsed": 1707.448524, "delta": 0.002477}}
{"target": -15.154366920197326, "params": {"colsample_bytree": 0.958249850771803, "eta": 0.08728951369714136, "gamma": 574.1269192995643, "max_depth": 4.0, "min_child_weight": 4204.601253429105, "num_boost_round": 58.0, "subsample": 0.24500831376387483}, "datetime": {"datetime": "2024-01-20 14:52:30", "elapsed": 1707.451002, "delta": 0.002478}}
{"target": -15.172409503504046, "params": {"colsample_bytree": 0.19588386651922973, "eta": 0.02714406097905685, "gamma": 399.3771882121578, "max_depth": 3.0, "min_child_weight": 4414.7896845920495, "num_boost_round": 1.0, "subsample": 0.179649801664995}, "datetime": {"datetime": "2024-01-20 14:53:16", "elapsed": 1754.117893, "delta": 46.666891}}
{"target": -15.171762912795819, "params": {"colsample_bytree": 0.19588386651922973, "eta": 0.02714406097905685, "gamma": 399.3771882121578, "max_depth": 3.0, "min_child_weight": 4414.7896845920495, "num_boost_round": 2.0, "subsample": 0.179649801664995}, "datetime": {"datetime": "2024-01-20 14:53:16", "elapsed": 1754.120817, "delta": 0.002924}}
{"target": -15.171178615903269, "params": {"colsample_bytree": 0.19588386651922973, "eta": 0.02714406097905685, "gamma": 399.3771882121578, "max_depth": 3.0, "min_child_weight": 4414.7896845920495, "num_boost_round": 3.0, "subsample": 0.179649801664995}, "datetime": {"datetime": "2024-01-20 14:53:16", "elapsed": 1754.123462, "delta": 0.002645}}
{"target": -15.171173158429308, "params": {"colsample_bytree": 0.19588386651922973, "eta": 0.02714406097905685, "gamma": 399.3771882121578, "max_depth": 3.0, "min_child_weight": 4414.7896845920495, "num_boost_round": 4.0, "subsample": 0.179649801664995}, "datetime": {"datetime": "2024-01-20 14:53:16", "elapsed": 1754.125974, "delta": 0.002512}}
{"target": -15.17043453382961, "params": {"colsample_bytree": 0.19588386651922973, "eta": 0.02714406097905685, "gamma": 399.3771882121578, "max_depth": 3.0, "min_child_weight": 4414.7896845920495, "num_boost_round": 5.0, "subsample": 0.179649801664995}, "datetime": {"datetime": "2024-01-20 14:53:16", "elapsed": 1754.12846, "delta": 0.002486}}
