{"target": -10.297644908901935, "params": {"colsample_bytree": 0.5131731014507396, "eta": 0.00823623439380283, "gamma": 773.7555988157642, "max_depth": 7.0, "min_child_weight": 4551.6429580997155, "num_boost_round": 22.0, "subsample": 0.22416947682392216}, "datetime": {"datetime": "2024-01-20 14:55:45", "elapsed": 5642.878991, "delta": 0.00314}}
{"target": -10.297665524874786, "params": {"colsample_bytree": 0.5131731014507396, "eta": 0.00823623439380283, "gamma": 773.7555988157642, "max_depth": 7.0, "min_child_weight": 4551.6429580997155, "num_boost_round": 23.0, "subsample": 0.22416947682392216}, "datetime": {"datetime": "2024-01-20 14:55:45", "elapsed": 5642.882133, "delta": 0.003142}}
{"target": -10.297607660986401, "params": {"colsample_bytree": 0.5131731014507396, "eta": 0.00823623439380283, "gamma": 773.7555988157642, "max_depth": 7.0, "min_child_weight": 4551.6429580997155, "num_boost_round": 24.0, "subsample": 0.22416947682392216}, "datetime": {"datetime": "2024-01-20 14:55:45", "elapsed": 5642.88517, "delta": 0.003037}}
{"target": -10.297621571941445, "params": {"colsample_bytree": 0.5131731014507396, "eta": 0.00823623439380283, "gamma": 773.7555988157642, "max_depth": 7.0, "min_child_weight": 4551.6429580997155, "num_boost_round": 25.0, "subsample": 0.22416947682392216}, "datetime": {"datetime": "2024-01-20 14:55:45", "elapsed": 5642.888264, "delta": 0.003094}}
{"target": -10.297669121972145, "params": {"colsample_bytree": 0.5131731014507396, "eta": 0.00823623439380283, "gamma": 773.7555988157642, "max_depth": 7.0, "min_child_weight": 4551.6429580997155, "num_boost_round": 26.0, "subsample": 0.22416947682392216}, "datetime": {"datetime": "2024-01-20 14:55:45", "elapsed": 5642.891317, "delta": 0.003053}}
{"target": -10.297632570833665, "params": {"colsample_bytree": 0.5131731014507396, "eta": 0.00823623439380283, "gamma": 773.7555988157642, "max_depth": 7.0, "min_child_weight": 4551.6429580997155, "num_boost_round": 27.0, "subsample": 0.22416947682392216}, "datetime": {"datetime": "2024-01-20 14:55:45", "elapsed": 5642.894453, "delta": 0.003136}}
{"target": -10.297574623491801, "params": {"colsample_bytree": 0.5131731014507396, "eta": 0.00823623439380283, "gamma": 773.7555988157642, "max_depth": 7.0, "min_child_weight": 4551.6429580997155, "num_boost_round": 28.0, "subsample": 0.22416947682392216}, "datetime": {"datetime": "2024-01-20 14:55:45", "elapsed": 5642.897543, "delta": 0.00309}}
{"target": -10.297600309005784, "params": {"colsample_bytree": 0.5131731014507396, "eta": 0.00823623439380283, "gamma": 773.7555988157642, "max_depth": 7.0, "min_child_weight": 4551.6429580997155, "num_boost_round": 29.0, "subsample": 0.22416947682392216}, "datetime": {"datetime": "2024-01-20 14:55:45", "elapsed": 5642.900681, "delta": 0.003138}}
{"target": -10.297566232531816, "params": {"colsample_bytree": 0.5131731014507396, "eta": 0.00823623439380283, "gamma": 773.7555988157642, "max_depth": 7.0, "min_child_weight": 4551.6429580997155, "num_boost_round": 30.0, "subsample": 0.22416947682392216}, "datetime": {"datetime": "2024-01-20 14:55:45", "elapsed": 5642.903721, "delta": 0.00304}}
{"target": -10.297528246881217, "params": {"colsample_bytree": 0.5131731014507396, "eta": 0.00823623439380283, "gamma": 773.7555988157642, "max_depth": 7.0, "min_child_weight": 4551.6429580997155, "num_boost_round": 31.0, "subsample": 0.22416947682392216}, "datetime": {"datetime": "2024-01-20 14:55:45", "elapsed": 5642.906807, "delta": 0.003086}}
{"target": -10.297530296974688, "params": {"colsample_bytree": 0.5131731014507396, "eta": 0.00823623439380283, "gamma": 773.7555988157642, "max_depth": 7.0, "min_child_weight": 4551.6429580997155, "num_boost_round": 32.0, "subsample": 0.22416947682392216}, "datetime": {"datetime": "2024-01-20 14:55:45", "elapsed": 5642.909896, "delta": 0.003089}}
{"target": -10.297486004443485, "params": {"colsample_bytree": 0.5131731014507396, "eta": 0.00823623439380283, "gamma": 773.7555988157642, "max_depth": 7.0, "min_child_weight": 4551.6429580997155, "num_boost_round": 33.0, "subsample": 0.22416947682392216}, "datetime": {"datetime": "2024-01-20 14:55:45", "elapsed": 5642.913329, "delta": 0.003433}}
{"target": -10.29742106477837, "params": {"colsample_bytree": 0.5131731014507396, "eta": 0.00823623439380283, "gamma": 773.7555988157642, "max_depth": 7.0, "min_child_weight": 4551.6429580997155, "num_boost_round": 34.0, "subsample": 0.22416947682392216}, "datetime": {"datetime": "2024-01-20 14:55:45", "elapsed": 5642.916453, "delta": 0.003124}}
{"target": -10.297412950160009, "params": {"colsample_bytree": 0.5131731014507396, "eta": 0.00823623439380283, "gamma": 773.7555988157642, "max_depth": 7.0, "min_child_weight": 4551.6429580997155, "num_boost_round": 35.0, "subsample": 0.22416947682392216}, "datetime": {"datetime": "2024-01-20 14:55:45", "elapsed": 5642.919536, "delta": 0.003083}}
{"target": -10.297377536900235, "params": {"colsample_bytree": 0.5131731014507396, "eta": 0.00823623439380283, "gamma": 773.7555988157642, "max_depth": 7.0, "min_child_weight": 4551.6429580997155, "num_boost_round": 36.0, "subsample": 0.22416947682392216}, "datetime": {"datetime": "2024-01-20 14:55:45", "elapsed": 5642.922636, "delta": 0.0031}}
{"target": -10.297376450755502, "params": {"colsample_bytree": 0.5131731014507396, "eta": 0.00823623439380283, "gamma": 773.7555988157642, "max_depth": 7.0, "min_child_weight": 4551.6429580997155, "num_boost_round": 37.0, "subsample": 0.22416947682392216}, "datetime": {"datetime": "2024-01-20 14:55:45", "elapsed": 5642.925643, "delta": 0.003007}}
{"target": -10.297340204259745, "params": {"colsample_bytree": 0.5131731014507396, "eta": 0.00823623439380283, "gamma": 773.7555988157642, "max_depth": 7.0, "min_child_weight": 4551.6429580997155, "num_boost_round": 38.0, "subsample": 0.22416947682392216}, "datetime": {"datetime": "2024-01-20 14:55:45", "elapsed": 5642.928644, "delta": 0.003001}}
{"target": -10.297275718891571, "params": {"colsample_bytree": 0.5131731014507396, "eta": 0.00823623439380283, "gamma": 773.7555988157642, "max_depth": 7.0, "min_child_weight": 4551.6429580997155, "num_boost_round": 39.0, "subsample": 0.22416947682392216}, "datetime": {"datetime": "2024-01-20 14:55:45", "elapsed": 5642.931629, "delta": 0.002985}}
{"target": -10.29726842872039, "params": {"colsample_bytree": 0.5131731014507396, "eta": 0.00823623439380283, "gamma": 773.7555988157642, "max_depth": 7.0, "min_child_weight": 4551.6429580997155, "num_boost_round": 40.0, "subsample": 0.22416947682392216}, "datetime": {"datetime": "2024-01-20 14:55:45", "elapsed": 5642.934664, "delta": 0.003035}}
{"target": -10.29722958590839, "params": {"colsample_bytree": 0.5131731014507396, "eta": 0.00823623439380283, "gamma": 773.7555988157642, "max_depth": 7.0, "min_child_weight": 4551.6429580997155, "num_boost_round": 41.0, "subsample": 0.22416947682392216}, "datetime": {"datetime": "2024-01-20 14:55:45", "elapsed": 5642.937694, "delta": 0.00303}}
{"target": -10.297180441252657, "params": {"colsample_bytree": 0.5131731014507396, "eta": 0.00823623439380283, "gamma": 773.7555988157642, "max_depth": 7.0, "min_child_weight": 4551.6429580997155, "num_boost_round": 42.0, "subsample": 0.22416947682392216}, "datetime": {"datetime": "2024-01-20 14:55:45", "elapsed": 5642.940783, "delta": 0.003089}}
{"target": -10.297184688230711, "params": {"colsample_bytree": 0.5131731014507396, "eta": 0.00823623439380283, "gamma": 773.7555988157642, "max_depth": 7.0, "min_child_weight": 4551.6429580997155, "num_boost_round": 43.0, "subsample": 0.22416947682392216}, "datetime": {"datetime": "2024-01-20 14:55:45", "elapsed": 5642.945943, "delta": 0.00516}}
{"target": -10.297199070333317, "params": {"colsample_bytree": 0.5131731014507396, "eta": 0.00823623439380283, "gamma": 773.7555988157642, "max_depth": 7.0, "min_child_weight": 4551.6429580997155, "num_boost_round": 44.0, "subsample": 0.22416947682392216}, "datetime": {"datetime": "2024-01-20 14:55:45", "elapsed": 5642.950983, "delta": 0.00504}}
{"target": -10.297184375956796, "params": {"colsample_bytree": 0.5131731014507396, "eta": 0.00823623439380283, "gamma": 773.7555988157642, "max_depth": 7.0, "min_child_weight": 4551.6429580997155, "num_boost_round": 45.0, "subsample": 0.22416947682392216}, "datetime": {"datetime": "2024-01-20 14:55:45", "elapsed": 5642.955463, "delta": 0.00448}}
{"target": -10.297168699207472, "params": {"colsample_bytree": 0.5131731014507396, "eta": 0.00823623439380283, "gamma": 773.7555988157642, "max_depth": 7.0, "min_child_weight": 4551.6429580997155, "num_boost_round": 46.0, "subsample": 0.22416947682392216}, "datetime": {"datetime": "2024-01-20 14:55:45", "elapsed": 5642.958953, "delta": 0.00349}}
{"target": -10.297174389867877, "params": {"colsample_bytree": 0.5131731014507396, "eta": 0.00823623439380283, "gamma": 773.7555988157642, "max_depth": 7.0, "min_child_weight": 4551.6429580997155, "num_boost_round": 47.0, "subsample": 0.22416947682392216}, "datetime": {"datetime": "2024-01-20 14:55:45", "elapsed": 5642.962378, "delta": 0.003425}}
{"target": -10.297117051245934, "params": {"colsample_bytree": 0.5131731014507396, "eta": 0.00823623439380283, "gamma": 773.7555988157642, "max_depth": 7.0, "min_child_weight": 4551.6429580997155, "num_boost_round": 48.0, "subsample": 0.22416947682392216}, "datetime": {"datetime": "2024-01-20 14:55:45", "elapsed": 5642.965756, "delta": 0.003378}}
{"target": -10.297103131001915, "params": {"colsample_bytree": 0.5131731014507396, "eta": 0.00823623439380283, "gamma": 773.7555988157642, "max_depth": 7.0, "min_child_weight": 4551.6429580997155, "num_boost_round": 49.0, "subsample": 0.22416947682392216}, "datetime": {"datetime": "2024-01-20 14:55:45", "elapsed": 5642.969172, "delta": 0.003416}}
{"target": -10.297134451107041, "params": {"colsample_bytree": 0.5131731014507396, "eta": 0.00823623439380283, "gamma": 773.7555988157642, "max_depth": 7.0, "min_child_weight": 4551.6429580997155, "num_boost_round": 50.0, "subsample": 0.22416947682392216}, "datetime": {"datetime": "2024-01-20 14:55:45", "elapsed": 5642.972447, "delta": 0.003275}}
{"target": -10.297136553855882, "params": {"colsample_bytree": 0.5131731014507396, "eta": 0.00823623439380283, "gamma": 773.7555988157642, "max_depth": 7.0, "min_child_weight": 4551.6429580997155, "num_boost_round": 51.0, "subsample": 0.22416947682392216}, "datetime": {"datetime": "2024-01-20 14:55:45", "elapsed": 5642.975649, "delta": 0.003202}}
{"target": -10.29708699481153, "params": {"colsample_bytree": 0.5131731014507396, "eta": 0.00823623439380283, "gamma": 773.7555988157642, "max_depth": 7.0, "min_child_weight": 4551.6429580997155, "num_boost_round": 52.0, "subsample": 0.22416947682392216}, "datetime": {"datetime": "2024-01-20 14:55:45", "elapsed": 5642.978934, "delta": 0.003285}}
{"target": -10.298389503876058, "params": {"colsample_bytree": 0.9319882228468369, "eta": 0.08661445360377126, "gamma": 102.65356681034277, "max_depth": 5.0, "min_child_weight": 4184.467909501038, "num_boost_round": 1.0, "subsample": 0.7878356335581377}, "datetime": {"datetime": "2024-01-20 14:56:28", "elapsed": 5685.963634, "delta": 42.9847}}
{"target": -10.298696289228822, "params": {"colsample_bytree": 0.9319882228468369, "eta": 0.08661445360377126, "gamma": 102.65356681034277, "max_depth": 5.0, "min_child_weight": 4184.467909501038, "num_boost_round": 2.0, "subsample": 0.7878356335581377}, "datetime": {"datetime": "2024-01-20 14:56:28", "elapsed": 5685.97159, "delta": 0.007956}}
{"target": -10.297701925196684, "params": {"colsample_bytree": 0.37243561548685655, "eta": 0.0683798226364842, "gamma": 797.438557983091, "max_depth": 5.0, "min_child_weight": 4588.768506926347, "num_boost_round": 1.0, "subsample": 0.4272976910291847}, "datetime": {"datetime": "2024-01-20 14:58:35", "elapsed": 5813.740094, "delta": 127.768504}}
{"target": -10.297732989300137, "params": {"colsample_bytree": 0.37243561548685655, "eta": 0.0683798226364842, "gamma": 797.438557983091, "max_depth": 5.0, "min_child_weight": 4588.768506926347, "num_boost_round": 2.0, "subsample": 0.4272976910291847}, "datetime": {"datetime": "2024-01-20 14:58:35", "elapsed": 5813.746612, "delta": 0.006518}}
{"target": -10.298096593626752, "params": {"colsample_bytree": 0.37243561548685655, "eta": 0.0683798226364842, "gamma": 797.438557983091, "max_depth": 5.0, "min_child_weight": 4588.768506926347, "num_boost_round": 3.0, "subsample": 0.4272976910291847}, "datetime": {"datetime": "2024-01-20 14:58:35", "elapsed": 5813.751624, "delta": 0.005012}}
{"target": -10.29833659513229, "params": {"colsample_bytree": 0.37243561548685655, "eta": 0.0683798226364842, "gamma": 797.438557983091, "max_depth": 5.0, "min_child_weight": 4588.768506926347, "num_boost_round": 4.0, "subsample": 0.4272976910291847}, "datetime": {"datetime": "2024-01-20 14:58:35", "elapsed": 5813.756272, "delta": 0.004648}}
{"target": -10.29871511717801, "params": {"colsample_bytree": 0.37243561548685655, "eta": 0.0683798226364842, "gamma": 797.438557983091, "max_depth": 5.0, "min_child_weight": 4588.768506926347, "num_boost_round": 5.0, "subsample": 0.4272976910291847}, "datetime": {"datetime": "2024-01-20 14:58:35", "elapsed": 5813.760455, "delta": 0.004183}}
{"target": -10.299138688320987, "params": {"colsample_bytree": 0.37243561548685655, "eta": 0.0683798226364842, "gamma": 797.438557983091, "max_depth": 5.0, "min_child_weight": 4588.768506926347, "num_boost_round": 6.0, "subsample": 0.4272976910291847}, "datetime": {"datetime": "2024-01-20 14:58:35", "elapsed": 5813.764821, "delta": 0.004366}}
{"target": -10.299513376919082, "params": {"colsample_bytree": 0.37243561548685655, "eta": 0.0683798226364842, "gamma": 797.438557983091, "max_depth": 5.0, "min_child_weight": 4588.768506926347, "num_boost_round": 7.0, "subsample": 0.4272976910291847}, "datetime": {"datetime": "2024-01-20 14:58:35", "elapsed": 5813.768738, "delta": 0.003917}}
{"target": -10.299804572871377, "params": {"colsample_bytree": 0.37243561548685655, "eta": 0.0683798226364842, "gamma": 797.438557983091, "max_depth": 5.0, "min_child_weight": 4588.768506926347, "num_boost_round": 8.0, "subsample": 0.4272976910291847}, "datetime": {"datetime": "2024-01-20 14:58:35", "elapsed": 5813.772764, "delta": 0.004026}}
{"target": -10.300317955987495, "params": {"colsample_bytree": 0.37243561548685655, "eta": 0.0683798226364842, "gamma": 797.438557983091, "max_depth": 5.0, "min_child_weight": 4588.768506926347, "num_boost_round": 9.0, "subsample": 0.4272976910291847}, "datetime": {"datetime": "2024-01-20 14:58:35", "elapsed": 5813.776643, "delta": 0.003879}}
{"target": -10.300752706703403, "params": {"colsample_bytree": 0.37243561548685655, "eta": 0.0683798226364842, "gamma": 797.438557983091, "max_depth": 5.0, "min_child_weight": 4588.768506926347, "num_boost_round": 10.0, "subsample": 0.4272976910291847}, "datetime": {"datetime": "2024-01-20 14:58:36", "elapsed": 5813.780413, "delta": 0.00377}}
{"target": -10.300719293330959, "params": {"colsample_bytree": 0.37243561548685655, "eta": 0.0683798226364842, "gamma": 797.438557983091, "max_depth": 5.0, "min_child_weight": 4588.768506926347, "num_boost_round": 11.0, "subsample": 0.4272976910291847}, "datetime": {"datetime": "2024-01-20 14:58:36", "elapsed": 5813.784086, "delta": 0.003673}}
{"target": -10.301093183857953, "params": {"colsample_bytree": 0.37243561548685655, "eta": 0.0683798226364842, "gamma": 797.438557983091, "max_depth": 5.0, "min_child_weight": 4588.768506926347, "num_boost_round": 12.0, "subsample": 0.4272976910291847}, "datetime": {"datetime": "2024-01-20 14:58:36", "elapsed": 5813.788034, "delta": 0.003948}}
{"target": -10.30107008292384, "params": {"colsample_bytree": 0.37243561548685655, "eta": 0.0683798226364842, "gamma": 797.438557983091, "max_depth": 5.0, "min_child_weight": 4588.768506926347, "num_boost_round": 13.0, "subsample": 0.4272976910291847}, "datetime": {"datetime": "2024-01-20 14:58:36", "elapsed": 5813.792022, "delta": 0.003988}}
{"target": -10.301287762499395, "params": {"colsample_bytree": 0.37243561548685655, "eta": 0.0683798226364842, "gamma": 797.438557983091, "max_depth": 5.0, "min_child_weight": 4588.768506926347, "num_boost_round": 14.0, "subsample": 0.4272976910291847}, "datetime": {"datetime": "2024-01-20 14:58:36", "elapsed": 5813.795782, "delta": 0.00376}}
{"target": -10.30184796539871, "params": {"colsample_bytree": 0.37243561548685655, "eta": 0.0683798226364842, "gamma": 797.438557983091, "max_depth": 5.0, "min_child_weight": 4588.768506926347, "num_boost_round": 15.0, "subsample": 0.4272976910291847}, "datetime": {"datetime": "2024-01-20 14:58:36", "elapsed": 5813.799753, "delta": 0.003971}}
{"target": -10.301871043098073, "params": {"colsample_bytree": 0.37243561548685655, "eta": 0.0683798226364842, "gamma": 797.438557983091, "max_depth": 5.0, "min_child_weight": 4588.768506926347, "num_boost_round": 16.0, "subsample": 0.4272976910291847}, "datetime": {"datetime": "2024-01-20 14:58:36", "elapsed": 5813.803865, "delta": 0.004112}}
{"target": -10.302384385185862, "params": {"colsample_bytree": 0.37243561548685655, "eta": 0.0683798226364842, "gamma": 797.438557983091, "max_depth": 5.0, "min_child_weight": 4588.768506926347, "num_boost_round": 17.0, "subsample": 0.4272976910291847}, "datetime": {"datetime": "2024-01-20 14:58:36", "elapsed": 5813.80811, "delta": 0.004245}}
{"target": -10.302426669674517, "params": {"colsample_bytree": 0.37243561548685655, "eta": 0.0683798226364842, "gamma": 797.438557983091, "max_depth": 5.0, "min_child_weight": 4588.768506926347, "num_boost_round": 18.0, "subsample": 0.4272976910291847}, "datetime": {"datetime": "2024-01-20 14:58:36", "elapsed": 5813.812272, "delta": 0.004162}}
{"target": -10.302783869054409, "params": {"colsample_bytree": 0.37243561548685655, "eta": 0.0683798226364842, "gamma": 797.438557983091, "max_depth": 5.0, "min_child_weight": 4588.768506926347, "num_boost_round": 19.0, "subsample": 0.4272976910291847}, "datetime": {"datetime": "2024-01-20 14:58:36", "elapsed": 5813.81651, "delta": 0.004238}}
{"target": -10.302910791451527, "params": {"colsample_bytree": 0.37243561548685655, "eta": 0.0683798226364842, "gamma": 797.438557983091, "max_depth": 5.0, "min_child_weight": 4588.768506926347, "num_boost_round": 20.0, "subsample": 0.4272976910291847}, "datetime": {"datetime": "2024-01-20 14:58:36", "elapsed": 5813.820928, "delta": 0.004418}}
{"target": -10.303140058565457, "params": {"colsample_bytree": 0.37243561548685655, "eta": 0.0683798226364842, "gamma": 797.438557983091, "max_depth": 5.0, "min_child_weight": 4588.768506926347, "num_boost_round": 21.0, "subsample": 0.4272976910291847}, "datetime": {"datetime": "2024-01-20 14:58:36", "elapsed": 5813.825836, "delta": 0.004908}}
{"target": -10.303361281872988, "params": {"colsample_bytree": 0.37243561548685655, "eta": 0.0683798226364842, "gamma": 797.438557983091, "max_depth": 5.0, "min_child_weight": 4588.768506926347, "num_boost_round": 22.0, "subsample": 0.4272976910291847}, "datetime": {"datetime": "2024-01-20 14:58:36", "elapsed": 5813.831266, "delta": 0.00543}}
{"target": -10.303758628353192, "params": {"colsample_bytree": 0.37243561548685655, "eta": 0.0683798226364842, "gamma": 797.438557983091, "max_depth": 5.0, "min_child_weight": 4588.768506926347, "num_boost_round": 23.0, "subsample": 0.4272976910291847}, "datetime": {"datetime": "2024-01-20 14:58:36", "elapsed": 5813.836733, "delta": 0.005467}}
{"target": -10.303985431784676, "params": {"colsample_bytree": 0.37243561548685655, "eta": 0.0683798226364842, "gamma": 797.438557983091, "max_depth": 5.0, "min_child_weight": 4588.768506926347, "num_boost_round": 24.0, "subsample": 0.4272976910291847}, "datetime": {"datetime": "2024-01-20 14:58:36", "elapsed": 5813.841417, "delta": 0.004684}}
{"target": -10.304035015146829, "params": {"colsample_bytree": 0.37243561548685655, "eta": 0.0683798226364842, "gamma": 797.438557983091, "max_depth": 5.0, "min_child_weight": 4588.768506926347, "num_boost_round": 25.0, "subsample": 0.4272976910291847}, "datetime": {"datetime": "2024-01-20 14:58:36", "elapsed": 5813.846722, "delta": 0.005305}}
{"target": -10.304435735429823, "params": {"colsample_bytree": 0.37243561548685655, "eta": 0.0683798226364842, "gamma": 797.438557983091, "max_depth": 5.0, "min_child_weight": 4588.768506926347, "num_boost_round": 26.0, "subsample": 0.4272976910291847}, "datetime": {"datetime": "2024-01-20 14:58:36", "elapsed": 5813.851321, "delta": 0.004599}}
{"target": -10.304345955541702, "params": {"colsample_bytree": 0.37243561548685655, "eta": 0.0683798226364842, "gamma": 797.438557983091, "max_depth": 5.0, "min_child_weight": 4588.768506926347, "num_boost_round": 27.0, "subsample": 0.4272976910291847}, "datetime": {"datetime": "2024-01-20 14:58:36", "elapsed": 5813.855463, "delta": 0.004142}}
{"target": -10.304567638395007, "params": {"colsample_bytree": 0.37243561548685655, "eta": 0.0683798226364842, "gamma": 797.438557983091, "max_depth": 5.0, "min_child_weight": 4588.768506926347, "num_boost_round": 28.0, "subsample": 0.4272976910291847}, "datetime": {"datetime": "2024-01-20 14:58:36", "elapsed": 5813.859406, "delta": 0.003943}}
{"target": -10.305024630478933, "params": {"colsample_bytree": 0.37243561548685655, "eta": 0.0683798226364842, "gamma": 797.438557983091, "max_depth": 5.0, "min_child_weight": 4588.768506926347, "num_boost_round": 29.0, "subsample": 0.4272976910291847}, "datetime": {"datetime": "2024-01-20 14:58:36", "elapsed": 5813.863223, "delta": 0.003817}}
{"target": -10.305182210377655, "params": {"colsample_bytree": 0.37243561548685655, "eta": 0.0683798226364842, "gamma": 797.438557983091, "max_depth": 5.0, "min_child_weight": 4588.768506926347, "num_boost_round": 30.0, "subsample": 0.4272976910291847}, "datetime": {"datetime": "2024-01-20 14:58:36", "elapsed": 5813.867247, "delta": 0.004024}}
