{"target": -15.161486861513023, "params": {"colsample_bytree": 0.8633840070048907, "eta": 0.09053983807562725, "gamma": 418.5284926797868, "max_depth": 2.0, "min_child_weight": 4401.826310829225, "num_boost_round": 5.0, "subsample": 0.2953285299882119}, "datetime": {"datetime": "2024-01-20 14:49:38", "elapsed": 1535.665513, "delta": 0.002569}}
{"target": -15.159070834512587, "params": {"colsample_bytree": 0.8633840070048907, "eta": 0.09053983807562725, "gamma": 418.5284926797868, "max_depth": 2.0, "min_child_weight": 4401.826310829225, "num_boost_round": 6.0, "subsample": 0.2953285299882119}, "datetime": {"datetime": "2024-01-20 14:49:38", "elapsed": 1535.667782, "delta": 0.002269}}
{"target": -15.156612471677894, "params": {"colsample_bytree": 0.8633840070048907, "eta": 0.09053983807562725, "gamma": 418.5284926797868, "max_depth": 2.0, "min_child_weight": 4401.826310829225, "num_boost_round": 7.0, "subsample": 0.2953285299882119}, "datetime": {"datetime": "2024-01-20 14:49:38", "elapsed": 1535.670163, "delta": 0.002381}}
{"target": -15.155189278870175, "params": {"colsample_bytree": 0.8633840070048907, "eta": 0.09053983807562725, "gamma": 418.5284926797868, "max_depth": 2.0, "min_child_weight": 4401.826310829225, "num_boost_round": 8.0, "subsample": 0.2953285299882119}, "datetime": {"datetime": "2024-01-20 14:49:38", "elapsed": 1535.672576, "delta": 0.002413}}
{"target": -15.155084531116948, "params": {"colsample_bytree": 0.8633840070048907, "eta": 0.09053983807562725, "gamma": 418.5284926797868, "max_depth": 2.0, "min_child_weight": 4401.826310829225, "num_boost_round": 9.0, "subsample": 0.2953285299882119}, "datetime": {"datetime": "2024-01-20 14:49:38", "elapsed": 1535.674819, "delta": 0.002243}}
{"target": -15.154128033807192, "params": {"colsample_bytree": 0.8633840070048907, "eta": 0.09053983807562725, "gamma": 418.5284926797868, "max_depth": 2.0, "min_child_weight": 4401.826310829225, "num_boost_round": 10.0, "subsample": 0.2953285299882119}, "datetime": {"datetime": "2024-01-20 14:49:38", "elapsed": 1535.677094, "delta": 0.002275}}
{"target": -15.153708636847536, "params": {"colsample_bytree": 0.8633840070048907, "eta": 0.09053983807562725, "gamma": 418.5284926797868, "max_depth": 2.0, "min_child_weight": 4401.826310829225, "num_boost_round": 11.0, "subsample": 0.2953285299882119}, "datetime": {"datetime": "2024-01-20 14:49:38", "elapsed": 1535.679332, "delta": 0.002238}}
{"target": -15.153523752174042, "params": {"colsample_bytree": 0.8633840070048907, "eta": 0.09053983807562725, "gamma": 418.5284926797868, "max_depth": 2.0, "min_child_weight": 4401.826310829225, "num_boost_round": 12.0, "subsample": 0.2953285299882119}, "datetime": {"datetime": "2024-01-20 14:49:38", "elapsed": 1535.681658, "delta": 0.002326}}
{"target": -15.15359568780034, "params": {"colsample_bytree": 0.8633840070048907, "eta": 0.09053983807562725, "gamma": 418.5284926797868, "max_depth": 2.0, "min_child_weight": 4401.826310829225, "num_boost_round": 13.0, "subsample": 0.2953285299882119}, "datetime": {"datetime": "2024-01-20 14:49:38", "elapsed": 1535.68389, "delta": 0.002232}}
{"target": -15.153164481468922, "params": {"colsample_bytree": 0.8633840070048907, "eta": 0.09053983807562725, "gamma": 418.5284926797868, "max_depth": 2.0, "min_child_weight": 4401.826310829225, "num_boost_round": 14.0, "subsample": 0.2953285299882119}, "datetime": {"datetime": "2024-01-20 14:49:38", "elapsed": 1535.686117, "delta": 0.002227}}
{"target": -15.153131090050698, "params": {"colsample_bytree": 0.8633840070048907, "eta": 0.09053983807562725, "gamma": 418.5284926797868, "max_depth": 2.0, "min_child_weight": 4401.826310829225, "num_boost_round": 15.0, "subsample": 0.2953285299882119}, "datetime": {"datetime": "2024-01-20 14:49:38", "elapsed": 1535.688342, "delta": 0.002225}}
{"target": -15.152360042568798, "params": {"colsample_bytree": 0.8633840070048907, "eta": 0.09053983807562725, "gamma": 418.5284926797868, "max_depth": 2.0, "min_child_weight": 4401.826310829225, "num_boost_round": 16.0, "subsample": 0.2953285299882119}, "datetime": {"datetime": "2024-01-20 14:49:38", "elapsed": 1535.69057, "delta": 0.002228}}
{"target": -15.152048646022969, "params": {"colsample_bytree": 0.8633840070048907, "eta": 0.09053983807562725, "gamma": 418.5284926797868, "max_depth": 2.0, "min_child_weight": 4401.826310829225, "num_boost_round": 17.0, "subsample": 0.2953285299882119}, "datetime": {"datetime": "2024-01-20 14:49:38", "elapsed": 1535.693312, "delta": 0.002742}}
{"target": -15.15209692020503, "params": {"colsample_bytree": 0.8633840070048907, "eta": 0.09053983807562725, "gamma": 418.5284926797868, "max_depth": 2.0, "min_child_weight": 4401.826310829225, "num_boost_round": 18.0, "subsample": 0.2953285299882119}, "datetime": {"datetime": "2024-01-20 14:49:38", "elapsed": 1535.695652, "delta": 0.00234}}
{"target": -15.152704054835212, "params": {"colsample_bytree": 0.8633840070048907, "eta": 0.09053983807562725, "gamma": 418.5284926797868, "max_depth": 2.0, "min_child_weight": 4401.826310829225, "num_boost_round": 19.0, "subsample": 0.2953285299882119}, "datetime": {"datetime": "2024-01-20 14:49:38", "elapsed": 1535.697959, "delta": 0.002307}}
{"target": -15.15277398507589, "params": {"colsample_bytree": 0.8633840070048907, "eta": 0.09053983807562725, "gamma": 418.5284926797868, "max_depth": 2.0, "min_child_weight": 4401.826310829225, "num_boost_round": 20.0, "subsample": 0.2953285299882119}, "datetime": {"datetime": "2024-01-20 14:49:38", "elapsed": 1535.700355, "delta": 0.002396}}
{"target": -15.152192588278554, "params": {"colsample_bytree": 0.8633840070048907, "eta": 0.09053983807562725, "gamma": 418.5284926797868, "max_depth": 2.0, "min_child_weight": 4401.826310829225, "num_boost_round": 21.0, "subsample": 0.2953285299882119}, "datetime": {"datetime": "2024-01-20 14:49:38", "elapsed": 1535.702652, "delta": 0.002297}}
{"target": -15.152626539200167, "params": {"colsample_bytree": 0.8633840070048907, "eta": 0.09053983807562725, "gamma": 418.5284926797868, "max_depth": 2.0, "min_child_weight": 4401.826310829225, "num_boost_round": 22.0, "subsample": 0.2953285299882119}, "datetime": {"datetime": "2024-01-20 14:49:38", "elapsed": 1535.704925, "delta": 0.002273}}
{"target": -15.152951878047457, "params": {"colsample_bytree": 0.8633840070048907, "eta": 0.09053983807562725, "gamma": 418.5284926797868, "max_depth": 2.0, "min_child_weight": 4401.826310829225, "num_boost_round": 23.0, "subsample": 0.2953285299882119}, "datetime": {"datetime": "2024-01-20 14:49:38", "elapsed": 1535.707194, "delta": 0.002269}}
{"target": -15.152679715850013, "params": {"colsample_bytree": 0.8633840070048907, "eta": 0.09053983807562725, "gamma": 418.5284926797868, "max_depth": 2.0, "min_child_weight": 4401.826310829225, "num_boost_round": 24.0, "subsample": 0.2953285299882119}, "datetime": {"datetime": "2024-01-20 14:49:38", "elapsed": 1535.709452, "delta": 0.002258}}
{"target": -15.15294707591498, "params": {"colsample_bytree": 0.8633840070048907, "eta": 0.09053983807562725, "gamma": 418.5284926797868, "max_depth": 2.0, "min_child_weight": 4401.826310829225, "num_boost_round": 25.0, "subsample": 0.2953285299882119}, "datetime": {"datetime": "2024-01-20 14:49:38", "elapsed": 1535.711839, "delta": 0.002387}}
{"target": -15.15332066774749, "params": {"colsample_bytree": 0.8633840070048907, "eta": 0.09053983807562725, "gamma": 418.5284926797868, "max_depth": 2.0, "min_child_weight": 4401.826310829225, "num_boost_round": 26.0, "subsample": 0.2953285299882119}, "datetime": {"datetime": "2024-01-20 14:49:38", "elapsed": 1535.71409, "delta": 0.002251}}
{"target": -15.153207552817456, "params": {"colsample_bytree": 0.8633840070048907, "eta": 0.09053983807562725, "gamma": 418.5284926797868, "max_depth": 2.0, "min_child_weight": 4401.826310829225, "num_boost_round": 27.0, "subsample": 0.2953285299882119}, "datetime": {"datetime": "2024-01-20 14:49:38", "elapsed": 1535.716364, "delta": 0.002274}}
{"target": -15.152677824864025, "params": {"colsample_bytree": 0.8633840070048907, "eta": 0.09053983807562725, "gamma": 418.5284926797868, "max_depth": 2.0, "min_child_weight": 4401.826310829225, "num_boost_round": 28.0, "subsample": 0.2953285299882119}, "datetime": {"datetime": "2024-01-20 14:49:38", "elapsed": 1535.718681, "delta": 0.002317}}
{"target": -15.152923850770158, "params": {"colsample_bytree": 0.8633840070048907, "eta": 0.09053983807562725, "gamma": 418.5284926797868, "max_depth": 2.0, "min_child_weight": 4401.826310829225, "num_boost_round": 29.0, "subsample": 0.2953285299882119}, "datetime": {"datetime": "2024-01-20 14:49:38", "elapsed": 1535.721043, "delta": 0.002362}}
{"target": -15.152533373413231, "params": {"colsample_bytree": 0.8633840070048907, "eta": 0.09053983807562725, "gamma": 418.5284926797868, "max_depth": 2.0, "min_child_weight": 4401.826310829225, "num_boost_round": 30.0, "subsample": 0.2953285299882119}, "datetime": {"datetime": "2024-01-20 14:49:38", "elapsed": 1535.723366, "delta": 0.002323}}
{"target": -15.152377463203333, "params": {"colsample_bytree": 0.8633840070048907, "eta": 0.09053983807562725, "gamma": 418.5284926797868, "max_depth": 2.0, "min_child_weight": 4401.826310829225, "num_boost_round": 31.0, "subsample": 0.2953285299882119}, "datetime": {"datetime": "2024-01-20 14:49:38", "elapsed": 1535.725662, "delta": 0.002296}}
{"target": -15.152510701765607, "params": {"colsample_bytree": 0.8633840070048907, "eta": 0.09053983807562725, "gamma": 418.5284926797868, "max_depth": 2.0, "min_child_weight": 4401.826310829225, "num_boost_round": 32.0, "subsample": 0.2953285299882119}, "datetime": {"datetime": "2024-01-20 14:49:38", "elapsed": 1535.727937, "delta": 0.002275}}
{"target": -15.15228685351011, "params": {"colsample_bytree": 0.8633840070048907, "eta": 0.09053983807562725, "gamma": 418.5284926797868, "max_depth": 2.0, "min_child_weight": 4401.826310829225, "num_boost_round": 33.0, "subsample": 0.2953285299882119}, "datetime": {"datetime": "2024-01-20 14:49:38", "elapsed": 1535.730245, "delta": 0.002308}}
{"target": -15.151875562658264, "params": {"colsample_bytree": 0.8633840070048907, "eta": 0.09053983807562725, "gamma": 418.5284926797868, "max_depth": 2.0, "min_child_weight": 4401.826310829225, "num_boost_round": 34.0, "subsample": 0.2953285299882119}, "datetime": {"datetime": "2024-01-20 14:49:38", "elapsed": 1535.73263, "delta": 0.002385}}
{"target": -15.15182709158412, "params": {"colsample_bytree": 0.8633840070048907, "eta": 0.09053983807562725, "gamma": 418.5284926797868, "max_depth": 2.0, "min_child_weight": 4401.826310829225, "num_boost_round": 35.0, "subsample": 0.2953285299882119}, "datetime": {"datetime": "2024-01-20 14:49:38", "elapsed": 1535.734907, "delta": 0.002277}}
{"target": -15.152152394042053, "params": {"colsample_bytree": 0.8633840070048907, "eta": 0.09053983807562725, "gamma": 418.5284926797868, "max_depth": 2.0, "min_child_weight": 4401.826310829225, "num_boost_round": 36.0, "subsample": 0.2953285299882119}, "datetime": {"datetime": "2024-01-20 14:49:38", "elapsed": 1535.737205, "delta": 0.002298}}
{"target": -15.152195171142779, "params": {"colsample_bytree": 0.8633840070048907, "eta": 0.09053983807562725, "gamma": 418.5284926797868, "max_depth": 2.0, "min_child_weight": 4401.826310829225, "num_boost_round": 37.0, "subsample": 0.2953285299882119}, "datetime": {"datetime": "2024-01-20 14:49:38", "elapsed": 1535.739485, "delta": 0.00228}}
{"target": -15.152609177886859, "params": {"colsample_bytree": 0.8633840070048907, "eta": 0.09053983807562725, "gamma": 418.5284926797868, "max_depth": 2.0, "min_child_weight": 4401.826310829225, "num_boost_round": 38.0, "subsample": 0.2953285299882119}, "datetime": {"datetime": "2024-01-20 14:49:38", "elapsed": 1535.741963, "delta": 0.002478}}
{"target": -15.152567012434073, "params": {"colsample_bytree": 0.8633840070048907, "eta": 0.09053983807562725, "gamma": 418.5284926797868, "max_depth": 2.0, "min_child_weight": 4401.826310829225, "num_boost_round": 39.0, "subsample": 0.2953285299882119}, "datetime": {"datetime": "2024-01-20 14:49:38", "elapsed": 1535.744258, "delta": 0.002295}}
{"target": -15.153020709404077, "params": {"colsample_bytree": 0.8633840070048907, "eta": 0.09053983807562725, "gamma": 418.5284926797868, "max_depth": 2.0, "min_child_weight": 4401.826310829225, "num_boost_round": 40.0, "subsample": 0.2953285299882119}, "datetime": {"datetime": "2024-01-20 14:49:38", "elapsed": 1535.746619, "delta": 0.002361}}
{"target": -15.153260014029236, "params": {"colsample_bytree": 0.8633840070048907, "eta": 0.09053983807562725, "gamma": 418.5284926797868, "max_depth": 2.0, "min_child_weight": 4401.826310829225, "num_boost_round": 41.0, "subsample": 0.2953285299882119}, "datetime": {"datetime": "2024-01-20 14:49:38", "elapsed": 1535.748904, "delta": 0.002285}}
{"target": -15.153433515285792, "params": {"colsample_bytree": 0.8633840070048907, "eta": 0.09053983807562725, "gamma": 418.5284926797868, "max_depth": 2.0, "min_child_weight": 4401.826310829225, "num_boost_round": 42.0, "subsample": 0.2953285299882119}, "datetime": {"datetime": "2024-01-20 14:49:38", "elapsed": 1535.751201, "delta": 0.002297}}
{"target": -15.153490943400321, "params": {"colsample_bytree": 0.8633840070048907, "eta": 0.09053983807562725, "gamma": 418.5284926797868, "max_depth": 2.0, "min_child_weight": 4401.826310829225, "num_boost_round": 43.0, "subsample": 0.2953285299882119}, "datetime": {"datetime": "2024-01-20 14:49:38", "elapsed": 1535.7536, "delta": 0.002399}}
{"target": -15.166989977833605, "params": {"colsample_bytree": 0.933467481868393, "eta": 0.07368390508986697, "gamma": 511.77310435315735, "max_depth": 8.0, "min_child_weight": 4315.9595437793805, "num_boost_round": 1.0, "subsample": 0.9125708604603807}, "datetime": {"datetime": "2024-01-20 14:50:26", "elapsed": 1583.819325, "delta": 48.065725}}
{"target": -15.163879352750477, "params": {"colsample_bytree": 0.933467481868393, "eta": 0.07368390508986697, "gamma": 511.77310435315735, "max_depth": 8.0, "min_child_weight": 4315.9595437793805, "num_boost_round": 2.0, "subsample": 0.9125708604603807}, "datetime": {"datetime": "2024-01-20 14:50:26", "elapsed": 1583.823778, "delta": 0.004453}}
{"target": -15.159745876558105, "params": {"colsample_bytree": 0.933467481868393, "eta": 0.07368390508986697, "gamma": 511.77310435315735, "max_depth": 8.0, "min_child_weight": 4315.9595437793805, "num_boost_round": 3.0, "subsample": 0.9125708604603807}, "datetime": {"datetime": "2024-01-20 14:50:26", "elapsed": 1583.826157, "delta": 0.002379}}
{"target": -15.157757695416954, "params": {"colsample_bytree": 0.933467481868393, "eta": 0.07368390508986697, "gamma": 511.77310435315735, "max_depth": 8.0, "min_child_weight": 4315.9595437793805, "num_boost_round": 4.0, "subsample": 0.9125708604603807}, "datetime": {"datetime": "2024-01-20 14:50:26", "elapsed": 1583.828559, "delta": 0.002402}}
{"target": -15.156690116964423, "params": {"colsample_bytree": 0.933467481868393, "eta": 0.07368390508986697, "gamma": 511.77310435315735, "max_depth": 8.0, "min_child_weight": 4315.9595437793805, "num_boost_round": 5.0, "subsample": 0.9125708604603807}, "datetime": {"datetime": "2024-01-20 14:50:26", "elapsed": 1583.831038, "delta": 0.002479}}
{"target": -15.156663445414196, "params": {"colsample_bytree": 0.933467481868393, "eta": 0.07368390508986697, "gamma": 511.77310435315735, "max_depth": 8.0, "min_child_weight": 4315.9595437793805, "num_boost_round": 6.0, "subsample": 0.9125708604603807}, "datetime": {"datetime": "2024-01-20 14:50:26", "elapsed": 1583.833387, "delta": 0.002349}}
{"target": -15.155634587503641, "params": {"colsample_bytree": 0.933467481868393, "eta": 0.07368390508986697, "gamma": 511.77310435315735, "max_depth": 8.0, "min_child_weight": 4315.9595437793805, "num_boost_round": 7.0, "subsample": 0.9125708604603807}, "datetime": {"datetime": "2024-01-20 14:50:26", "elapsed": 1583.836134, "delta": 0.002747}}
{"target": -15.155119331025912, "params": {"colsample_bytree": 0.933467481868393, "eta": 0.07368390508986697, "gamma": 511.77310435315735, "max_depth": 8.0, "min_child_weight": 4315.9595437793805, "num_boost_round": 8.0, "subsample": 0.9125708604603807}, "datetime": {"datetime": "2024-01-20 14:50:26", "elapsed": 1583.838629, "delta": 0.002495}}
{"target": -15.156240800966517, "params": {"colsample_bytree": 0.933467481868393, "eta": 0.07368390508986697, "gamma": 511.77310435315735, "max_depth": 8.0, "min_child_weight": 4315.9595437793805, "num_boost_round": 9.0, "subsample": 0.9125708604603807}, "datetime": {"datetime": "2024-01-20 14:50:26", "elapsed": 1583.841, "delta": 0.002371}}
{"target": -15.156483120864607, "params": {"colsample_bytree": 0.933467481868393, "eta": 0.07368390508986697, "gamma": 511.77310435315735, "max_depth": 8.0, "min_child_weight": 4315.9595437793805, "num_boost_round": 10.0, "subsample": 0.9125708604603807}, "datetime": {"datetime": "2024-01-20 14:50:26", "elapsed": 1583.843461, "delta": 0.002461}}
{"target": -15.156868932416977, "params": {"colsample_bytree": 0.933467481868393, "eta": 0.07368390508986697, "gamma": 511.77310435315735, "max_depth": 8.0, "min_child_weight": 4315.9595437793805, "num_boost_round": 11.0, "subsample": 0.9125708604603807}, "datetime": {"datetime": "2024-01-20 14:50:26", "elapsed": 1583.845843, "delta": 0.002382}}
{"target": -15.15697820092928, "params": {"colsample_bytree": 0.933467481868393, "eta": 0.07368390508986697, "gamma": 511.77310435315735, "max_depth": 8.0, "min_child_weight": 4315.9595437793805, "num_boost_round": 12.0, "subsample": 0.9125708604603807}, "datetime": {"datetime": "2024-01-20 14:50:26", "elapsed": 1583.848177, "delta": 0.002334}}
{"target": -15.157851740078602, "params": {"colsample_bytree": 0.933467481868393, "eta": 0.07368390508986697, "gamma": 511.77310435315735, "max_depth": 8.0, "min_child_weight": 4315.9595437793805, "num_boost_round": 13.0, "subsample": 0.9125708604603807}, "datetime": {"datetime": "2024-01-20 14:50:26", "elapsed": 1583.850513, "delta": 0.002336}}
{"target": -15.157744528003658, "params": {"colsample_bytree": 0.933467481868393, "eta": 0.07368390508986697, "gamma": 511.77310435315735, "max_depth": 8.0, "min_child_weight": 4315.9595437793805, "num_boost_round": 14.0, "subsample": 0.9125708604603807}, "datetime": {"datetime": "2024-01-20 14:50:26", "elapsed": 1583.853019, "delta": 0.002506}}
{"target": -15.158786517992276, "params": {"colsample_bytree": 0.933467481868393, "eta": 0.07368390508986697, "gamma": 511.77310435315735, "max_depth": 8.0, "min_child_weight": 4315.9595437793805, "num_boost_round": 15.0, "subsample": 0.9125708604603807}, "datetime": {"datetime": "2024-01-20 14:50:26", "elapsed": 1583.855355, "delta": 0.002336}}
{"target": -15.159710714542616, "params": {"colsample_bytree": 0.933467481868393, "eta": 0.07368390508986697, "gamma": 511.77310435315735, "max_depth": 8.0, "min_child_weight": 4315.9595437793805, "num_boost_round": 16.0, "subsample": 0.9125708604603807}, "datetime": {"datetime": "2024-01-20 14:50:26", "elapsed": 1583.857693, "delta": 0.002338}}
{"target": -15.16071890392686, "params": {"colsample_bytree": 0.933467481868393, "eta": 0.07368390508986697, "gamma": 511.77310435315735, "max_depth": 8.0, "min_child_weight": 4315.9595437793805, "num_boost_round": 17.0, "subsample": 0.9125708604603807}, "datetime": {"datetime": "2024-01-20 14:50:26", "elapsed": 1583.86007, "delta": 0.002377}}
{"target": -15.161575425845408, "params": {"colsample_bytree": 0.933467481868393, "eta": 0.07368390508986697, "gamma": 511.77310435315735, "max_depth": 8.0, "min_child_weight": 4315.9595437793805, "num_boost_round": 18.0, "subsample": 0.9125708604603807}, "datetime": {"datetime": "2024-01-20 14:50:26", "elapsed": 1583.862454, "delta": 0.002384}}
{"target": -15.16257271761432, "params": {"colsample_bytree": 0.933467481868393, "eta": 0.07368390508986697, "gamma": 511.77310435315735, "max_depth": 8.0, "min_child_weight": 4315.9595437793805, "num_boost_round": 19.0, "subsample": 0.9125708604603807}, "datetime": {"datetime": "2024-01-20 14:50:26", "elapsed": 1583.864815, "delta": 0.002361}}
{"target": -15.163881652339498, "params": {"colsample_bytree": 0.933467481868393, "eta": 0.07368390508986697, "gamma": 511.77310435315735, "max_depth": 8.0, "min_child_weight": 4315.9595437793805, "num_boost_round": 20.0, "subsample": 0.9125708604603807}, "datetime": {"datetime": "2024-01-20 14:50:26", "elapsed": 1583.867205, "delta": 0.00239}}
{"target": -15.16532557526463, "params": {"colsample_bytree": 0.933467481868393, "eta": 0.07368390508986697, "gamma": 511.77310435315735, "max_depth": 8.0, "min_child_weight": 4315.9595437793805, "num_boost_round": 21.0, "subsample": 0.9125708604603807}, "datetime": {"datetime": "2024-01-20 14:50:26", "elapsed": 1583.869586, "delta": 0.002381}}
{"target": -15.166196099335544, "params": {"colsample_bytree": 0.933467481868393, "eta": 0.07368390508986697, "gamma": 511.77310435315735, "max_depth": 8.0, "min_child_weight": 4315.9595437793805, "num_boost_round": 22.0, "subsample": 0.9125708604603807}, "datetime": {"datetime": "2024-01-20 14:50:26", "elapsed": 1583.871997, "delta": 0.002411}}
{"target": -15.16694836091105, "params": {"colsample_bytree": 0.933467481868393, "eta": 0.07368390508986697, "gamma": 511.77310435315735, "max_depth": 8.0, "min_child_weight": 4315.9595437793805, "num_boost_round": 23.0, "subsample": 0.9125708604603807}, "datetime": {"datetime": "2024-01-20 14:50:26", "elapsed": 1583.874324, "delta": 0.002327}}
{"target": -15.16785408513491, "params": {"colsample_bytree": 0.933467481868393, "eta": 0.07368390508986697, "gamma": 511.77310435315735, "max_depth": 8.0, "min_child_weight": 4315.9595437793805, "num_boost_round": 24.0, "subsample": 0.9125708604603807}, "datetime": {"datetime": "2024-01-20 14:50:26", "elapsed": 1583.876656, "delta": 0.002332}}
