{"target": -13.495460290615352, "params": {"colsample_bytree": 0.6089410122190095, "eta": 0.09810960918034803, "gamma": 757.5374385378383, "max_depth": 3.0, "min_child_weight": 4559.276222080838, "num_boost_round": 36.0, "subsample": 0.31906716894567666}, "datetime": {"datetime": "2024-01-20 15:21:06", "elapsed": 3419.748851, "delta": 0.004665}}
{"target": -13.495142881889553, "params": {"colsample_bytree": 0.6089410122190095, "eta": 0.09810960918034803, "gamma": 757.5374385378383, "max_depth": 3.0, "min_child_weight": 4559.276222080838, "num_boost_round": 37.0, "subsample": 0.31906716894567666}, "datetime": {"datetime": "2024-01-20 15:21:06", "elapsed": 3419.753327, "delta": 0.004476}}
{"target": -13.495099854547309, "params": {"colsample_bytree": 0.6089410122190095, "eta": 0.09810960918034803, "gamma": 757.5374385378383, "max_depth": 3.0, "min_child_weight": 4559.276222080838, "num_boost_round": 38.0, "subsample": 0.31906716894567666}, "datetime": {"datetime": "2024-01-20 15:21:06", "elapsed": 3419.757883, "delta": 0.004556}}
{"target": -13.495112066190728, "params": {"colsample_bytree": 0.6089410122190095, "eta": 0.09810960918034803, "gamma": 757.5374385378383, "max_depth": 3.0, "min_child_weight": 4559.276222080838, "num_boost_round": 39.0, "subsample": 0.31906716894567666}, "datetime": {"datetime": "2024-01-20 15:21:06", "elapsed": 3419.762411, "delta": 0.004528}}
{"target": -13.49525260211296, "params": {"colsample_bytree": 0.6089410122190095, "eta": 0.09810960918034803, "gamma": 757.5374385378383, "max_depth": 3.0, "min_child_weight": 4559.276222080838, "num_boost_round": 40.0, "subsample": 0.31906716894567666}, "datetime": {"datetime": "2024-01-20 15:21:06", "elapsed": 3419.767068, "delta": 0.004657}}
{"target": -13.495264860112048, "params": {"colsample_bytree": 0.6089410122190095, "eta": 0.09810960918034803, "gamma": 757.5374385378383, "max_depth": 3.0, "min_child_weight": 4559.276222080838, "num_boost_round": 41.0, "subsample": 0.31906716894567666}, "datetime": {"datetime": "2024-01-20 15:21:06", "elapsed": 3419.7716, "delta": 0.004532}}
{"target": -13.49536249328551, "params": {"colsample_bytree": 0.6089410122190095, "eta": 0.09810960918034803, "gamma": 757.5374385378383, "max_depth": 3.0, "min_child_weight": 4559.276222080838, "num_boost_round": 42.0, "subsample": 0.31906716894567666}, "datetime": {"datetime": "2024-01-20 15:21:06", "elapsed": 3419.776158, "delta": 0.004558}}
{"target": -13.495292433845284, "params": {"colsample_bytree": 0.6089410122190095, "eta": 0.09810960918034803, "gamma": 757.5374385378383, "max_depth": 3.0, "min_child_weight": 4559.276222080838, "num_boost_round": 43.0, "subsample": 0.31906716894567666}, "datetime": {"datetime": "2024-01-20 15:21:06", "elapsed": 3419.781356, "delta": 0.005198}}
{"target": -13.49538720627449, "params": {"colsample_bytree": 0.6089410122190095, "eta": 0.09810960918034803, "gamma": 757.5374385378383, "max_depth": 3.0, "min_child_weight": 4559.276222080838, "num_boost_round": 44.0, "subsample": 0.31906716894567666}, "datetime": {"datetime": "2024-01-20 15:21:06", "elapsed": 3419.786215, "delta": 0.004859}}
{"target": -13.495341704682824, "params": {"colsample_bytree": 0.6089410122190095, "eta": 0.09810960918034803, "gamma": 757.5374385378383, "max_depth": 3.0, "min_child_weight": 4559.276222080838, "num_boost_round": 45.0, "subsample": 0.31906716894567666}, "datetime": {"datetime": "2024-01-20 15:21:06", "elapsed": 3419.790948, "delta": 0.004733}}
{"target": -13.495320145610956, "params": {"colsample_bytree": 0.6089410122190095, "eta": 0.09810960918034803, "gamma": 757.5374385378383, "max_depth": 3.0, "min_child_weight": 4559.276222080838, "num_boost_round": 46.0, "subsample": 0.31906716894567666}, "datetime": {"datetime": "2024-01-20 15:21:06", "elapsed": 3419.795861, "delta": 0.004913}}
{"target": -13.495196769565965, "params": {"colsample_bytree": 0.6089410122190095, "eta": 0.09810960918034803, "gamma": 757.5374385378383, "max_depth": 3.0, "min_child_weight": 4559.276222080838, "num_boost_round": 47.0, "subsample": 0.31906716894567666}, "datetime": {"datetime": "2024-01-20 15:21:06", "elapsed": 3419.800464, "delta": 0.004603}}
{"target": -13.495348449863776, "params": {"colsample_bytree": 0.6089410122190095, "eta": 0.09810960918034803, "gamma": 757.5374385378383, "max_depth": 3.0, "min_child_weight": 4559.276222080838, "num_boost_round": 48.0, "subsample": 0.31906716894567666}, "datetime": {"datetime": "2024-01-20 15:21:06", "elapsed": 3419.805011, "delta": 0.004547}}
{"target": -13.495223727606984, "params": {"colsample_bytree": 0.6089410122190095, "eta": 0.09810960918034803, "gamma": 757.5374385378383, "max_depth": 3.0, "min_child_weight": 4559.276222080838, "num_boost_round": 49.0, "subsample": 0.31906716894567666}, "datetime": {"datetime": "2024-01-20 15:21:06", "elapsed": 3419.809545, "delta": 0.004534}}
{"target": -13.495120399736152, "params": {"colsample_bytree": 0.6089410122190095, "eta": 0.09810960918034803, "gamma": 757.5374385378383, "max_depth": 3.0, "min_child_weight": 4559.276222080838, "num_boost_round": 50.0, "subsample": 0.31906716894567666}, "datetime": {"datetime": "2024-01-20 15:21:06", "elapsed": 3419.814108, "delta": 0.004563}}
{"target": -13.495277265378736, "params": {"colsample_bytree": 0.6089410122190095, "eta": 0.09810960918034803, "gamma": 757.5374385378383, "max_depth": 3.0, "min_child_weight": 4559.276222080838, "num_boost_round": 51.0, "subsample": 0.31906716894567666}, "datetime": {"datetime": "2024-01-20 15:21:06", "elapsed": 3419.818781, "delta": 0.004673}}
{"target": -13.495431979342188, "params": {"colsample_bytree": 0.6089410122190095, "eta": 0.09810960918034803, "gamma": 757.5374385378383, "max_depth": 3.0, "min_child_weight": 4559.276222080838, "num_boost_round": 52.0, "subsample": 0.31906716894567666}, "datetime": {"datetime": "2024-01-20 15:21:06", "elapsed": 3419.823628, "delta": 0.004847}}
{"target": -13.495359292570885, "params": {"colsample_bytree": 0.6089410122190095, "eta": 0.09810960918034803, "gamma": 757.5374385378383, "max_depth": 3.0, "min_child_weight": 4559.276222080838, "num_boost_round": 53.0, "subsample": 0.31906716894567666}, "datetime": {"datetime": "2024-01-20 15:21:06", "elapsed": 3419.828231, "delta": 0.004603}}
{"target": -13.495396087812107, "params": {"colsample_bytree": 0.6089410122190095, "eta": 0.09810960918034803, "gamma": 757.5374385378383, "max_depth": 3.0, "min_child_weight": 4559.276222080838, "num_boost_round": 54.0, "subsample": 0.31906716894567666}, "datetime": {"datetime": "2024-01-20 15:21:06", "elapsed": 3419.832801, "delta": 0.00457}}
{"target": -13.495667602616937, "params": {"colsample_bytree": 0.6089410122190095, "eta": 0.09810960918034803, "gamma": 757.5374385378383, "max_depth": 3.0, "min_child_weight": 4559.276222080838, "num_boost_round": 55.0, "subsample": 0.31906716894567666}, "datetime": {"datetime": "2024-01-20 15:21:06", "elapsed": 3419.837376, "delta": 0.004575}}
{"target": -13.49570599394698, "params": {"colsample_bytree": 0.6089410122190095, "eta": 0.09810960918034803, "gamma": 757.5374385378383, "max_depth": 3.0, "min_child_weight": 4559.276222080838, "num_boost_round": 56.0, "subsample": 0.31906716894567666}, "datetime": {"datetime": "2024-01-20 15:21:06", "elapsed": 3419.841956, "delta": 0.00458}}
{"target": -13.495835230778507, "params": {"colsample_bytree": 0.6089410122190095, "eta": 0.09810960918034803, "gamma": 757.5374385378383, "max_depth": 3.0, "min_child_weight": 4559.276222080838, "num_boost_round": 57.0, "subsample": 0.31906716894567666}, "datetime": {"datetime": "2024-01-20 15:21:06", "elapsed": 3419.846642, "delta": 0.004686}}
{"target": -13.495789731387404, "params": {"colsample_bytree": 0.6089410122190095, "eta": 0.09810960918034803, "gamma": 757.5374385378383, "max_depth": 3.0, "min_child_weight": 4559.276222080838, "num_boost_round": 58.0, "subsample": 0.31906716894567666}, "datetime": {"datetime": "2024-01-20 15:21:06", "elapsed": 3419.851513, "delta": 0.004871}}
{"target": -13.495779930800616, "params": {"colsample_bytree": 0.6089410122190095, "eta": 0.09810960918034803, "gamma": 757.5374385378383, "max_depth": 3.0, "min_child_weight": 4559.276222080838, "num_boost_round": 59.0, "subsample": 0.31906716894567666}, "datetime": {"datetime": "2024-01-20 15:21:06", "elapsed": 3419.856097, "delta": 0.004584}}
{"target": -13.495815936990585, "params": {"colsample_bytree": 0.6089410122190095, "eta": 0.09810960918034803, "gamma": 757.5374385378383, "max_depth": 3.0, "min_child_weight": 4559.276222080838, "num_boost_round": 60.0, "subsample": 0.31906716894567666}, "datetime": {"datetime": "2024-01-20 15:21:06", "elapsed": 3419.860682, "delta": 0.004585}}
{"target": -13.495814831140546, "params": {"colsample_bytree": 0.6089410122190095, "eta": 0.09810960918034803, "gamma": 757.5374385378383, "max_depth": 3.0, "min_child_weight": 4559.276222080838, "num_boost_round": 61.0, "subsample": 0.31906716894567666}, "datetime": {"datetime": "2024-01-20 15:21:06", "elapsed": 3419.865269, "delta": 0.004587}}
{"target": -13.495871253746435, "params": {"colsample_bytree": 0.6089410122190095, "eta": 0.09810960918034803, "gamma": 757.5374385378383, "max_depth": 3.0, "min_child_weight": 4559.276222080838, "num_boost_round": 62.0, "subsample": 0.31906716894567666}, "datetime": {"datetime": "2024-01-20 15:21:06", "elapsed": 3419.869868, "delta": 0.004599}}
{"target": -13.495847390606922, "params": {"colsample_bytree": 0.6089410122190095, "eta": 0.09810960918034803, "gamma": 757.5374385378383, "max_depth": 3.0, "min_child_weight": 4559.276222080838, "num_boost_round": 63.0, "subsample": 0.31906716894567666}, "datetime": {"datetime": "2024-01-20 15:21:06", "elapsed": 3419.874548, "delta": 0.00468}}
{"target": -13.496054079629886, "params": {"colsample_bytree": 0.6089410122190095, "eta": 0.09810960918034803, "gamma": 757.5374385378383, "max_depth": 3.0, "min_child_weight": 4559.276222080838, "num_boost_round": 64.0, "subsample": 0.31906716894567666}, "datetime": {"datetime": "2024-01-20 15:21:06", "elapsed": 3419.879399, "delta": 0.004851}}
{"target": -13.496036839112376, "params": {"colsample_bytree": 0.6089410122190095, "eta": 0.09810960918034803, "gamma": 757.5374385378383, "max_depth": 3.0, "min_child_weight": 4559.276222080838, "num_boost_round": 65.0, "subsample": 0.31906716894567666}, "datetime": {"datetime": "2024-01-20 15:21:06", "elapsed": 3419.883981, "delta": 0.004582}}
{"target": -13.495968535029192, "params": {"colsample_bytree": 0.6089410122190095, "eta": 0.09810960918034803, "gamma": 757.5374385378383, "max_depth": 3.0, "min_child_weight": 4559.276222080838, "num_boost_round": 66.0, "subsample": 0.31906716894567666}, "datetime": {"datetime": "2024-01-20 15:21:06", "elapsed": 3419.888536, "delta": 0.004555}}
{"target": -13.496004324273152, "params": {"colsample_bytree": 0.6089410122190095, "eta": 0.09810960918034803, "gamma": 757.5374385378383, "max_depth": 3.0, "min_child_weight": 4559.276222080838, "num_boost_round": 67.0, "subsample": 0.31906716894567666}, "datetime": {"datetime": "2024-01-20 15:21:06", "elapsed": 3419.893146, "delta": 0.00461}}
{"target": -13.496061054693426, "params": {"colsample_bytree": 0.6089410122190095, "eta": 0.09810960918034803, "gamma": 757.5374385378383, "max_depth": 3.0, "min_child_weight": 4559.276222080838, "num_boost_round": 68.0, "subsample": 0.31906716894567666}, "datetime": {"datetime": "2024-01-20 15:21:06", "elapsed": 3419.897755, "delta": 0.004609}}
{"target": -13.49602622205618, "params": {"colsample_bytree": 0.6089410122190095, "eta": 0.09810960918034803, "gamma": 757.5374385378383, "max_depth": 3.0, "min_child_weight": 4559.276222080838, "num_boost_round": 69.0, "subsample": 0.31906716894567666}, "datetime": {"datetime": "2024-01-20 15:21:06", "elapsed": 3419.903099, "delta": 0.005344}}
{"target": -13.495937143612315, "params": {"colsample_bytree": 0.6089410122190095, "eta": 0.09810960918034803, "gamma": 757.5374385378383, "max_depth": 3.0, "min_child_weight": 4559.276222080838, "num_boost_round": 70.0, "subsample": 0.31906716894567666}, "datetime": {"datetime": "2024-01-20 15:21:06", "elapsed": 3419.90801, "delta": 0.004911}}
{"target": -13.496124403967375, "params": {"colsample_bytree": 0.6089410122190095, "eta": 0.09810960918034803, "gamma": 757.5374385378383, "max_depth": 3.0, "min_child_weight": 4559.276222080838, "num_boost_round": 71.0, "subsample": 0.31906716894567666}, "datetime": {"datetime": "2024-01-20 15:21:06", "elapsed": 3419.912634, "delta": 0.004624}}
{"target": -13.496181245091659, "params": {"colsample_bytree": 0.6089410122190095, "eta": 0.09810960918034803, "gamma": 757.5374385378383, "max_depth": 3.0, "min_child_weight": 4559.276222080838, "num_boost_round": 72.0, "subsample": 0.31906716894567666}, "datetime": {"datetime": "2024-01-20 15:21:06", "elapsed": 3419.917188, "delta": 0.004554}}
{"target": -13.496266685181117, "params": {"colsample_bytree": 0.6089410122190095, "eta": 0.09810960918034803, "gamma": 757.5374385378383, "max_depth": 3.0, "min_child_weight": 4559.276222080838, "num_boost_round": 73.0, "subsample": 0.31906716894567666}, "datetime": {"datetime": "2024-01-20 15:21:06", "elapsed": 3419.921718, "delta": 0.00453}}
{"target": -13.49607684556361, "params": {"colsample_bytree": 0.6089410122190095, "eta": 0.09810960918034803, "gamma": 757.5374385378383, "max_depth": 3.0, "min_child_weight": 4559.276222080838, "num_boost_round": 74.0, "subsample": 0.31906716894567666}, "datetime": {"datetime": "2024-01-20 15:21:06", "elapsed": 3419.926281, "delta": 0.004563}}
{"target": -13.496401195841969, "params": {"colsample_bytree": 0.6089410122190095, "eta": 0.09810960918034803, "gamma": 757.5374385378383, "max_depth": 3.0, "min_child_weight": 4559.276222080838, "num_boost_round": 75.0, "subsample": 0.31906716894567666}, "datetime": {"datetime": "2024-01-20 15:21:06", "elapsed": 3419.931042, "delta": 0.004761}}
{"target": -13.496542052364422, "params": {"colsample_bytree": 0.6089410122190095, "eta": 0.09810960918034803, "gamma": 757.5374385378383, "max_depth": 3.0, "min_child_weight": 4559.276222080838, "num_boost_round": 76.0, "subsample": 0.31906716894567666}, "datetime": {"datetime": "2024-01-20 15:21:06", "elapsed": 3419.935913, "delta": 0.004871}}
{"target": -13.496469173104671, "params": {"colsample_bytree": 0.6089410122190095, "eta": 0.09810960918034803, "gamma": 757.5374385378383, "max_depth": 3.0, "min_child_weight": 4559.276222080838, "num_boost_round": 77.0, "subsample": 0.31906716894567666}, "datetime": {"datetime": "2024-01-20 15:21:06", "elapsed": 3419.9405, "delta": 0.004587}}
{"target": -13.49638923862635, "params": {"colsample_bytree": 0.6089410122190095, "eta": 0.09810960918034803, "gamma": 757.5374385378383, "max_depth": 3.0, "min_child_weight": 4559.276222080838, "num_boost_round": 78.0, "subsample": 0.31906716894567666}, "datetime": {"datetime": "2024-01-20 15:21:06", "elapsed": 3419.945108, "delta": 0.004608}}
{"target": -13.496410683115432, "params": {"colsample_bytree": 0.6089410122190095, "eta": 0.09810960918034803, "gamma": 757.5374385378383, "max_depth": 3.0, "min_child_weight": 4559.276222080838, "num_boost_round": 79.0, "subsample": 0.31906716894567666}, "datetime": {"datetime": "2024-01-20 15:21:06", "elapsed": 3419.949679, "delta": 0.004571}}
{"target": -13.496320081693154, "params": {"colsample_bytree": 0.6089410122190095, "eta": 0.09810960918034803, "gamma": 757.5374385378383, "max_depth": 3.0, "min_child_weight": 4559.276222080838, "num_boost_round": 80.0, "subsample": 0.31906716894567666}, "datetime": {"datetime": "2024-01-20 15:21:06", "elapsed": 3419.954304, "delta": 0.004625}}
{"target": -13.496320434074994, "params": {"colsample_bytree": 0.6089410122190095, "eta": 0.09810960918034803, "gamma": 757.5374385378383, "max_depth": 3.0, "min_child_weight": 4559.276222080838, "num_boost_round": 81.0, "subsample": 0.31906716894567666}, "datetime": {"datetime": "2024-01-20 15:21:06", "elapsed": 3419.959032, "delta": 0.004728}}
{"target": -13.496308968184172, "params": {"colsample_bytree": 0.6089410122190095, "eta": 0.09810960918034803, "gamma": 757.5374385378383, "max_depth": 3.0, "min_child_weight": 4559.276222080838, "num_boost_round": 82.0, "subsample": 0.31906716894567666}, "datetime": {"datetime": "2024-01-20 15:21:06", "elapsed": 3419.963901, "delta": 0.004869}}
{"target": -13.496291593002042, "params": {"colsample_bytree": 0.6089410122190095, "eta": 0.09810960918034803, "gamma": 757.5374385378383, "max_depth": 3.0, "min_child_weight": 4559.276222080838, "num_boost_round": 83.0, "subsample": 0.31906716894567666}, "datetime": {"datetime": "2024-01-20 15:21:06", "elapsed": 3419.970756, "delta": 0.006855}}
{"target": -13.496451923499562, "params": {"colsample_bytree": 0.6089410122190095, "eta": 0.09810960918034803, "gamma": 757.5374385378383, "max_depth": 3.0, "min_child_weight": 4559.276222080838, "num_boost_round": 84.0, "subsample": 0.31906716894567666}, "datetime": {"datetime": "2024-01-20 15:21:06", "elapsed": 3419.977241, "delta": 0.006485}}
{"target": -13.49643165669625, "params": {"colsample_bytree": 0.6089410122190095, "eta": 0.09810960918034803, "gamma": 757.5374385378383, "max_depth": 3.0, "min_child_weight": 4559.276222080838, "num_boost_round": 85.0, "subsample": 0.31906716894567666}, "datetime": {"datetime": "2024-01-20 15:21:06", "elapsed": 3419.983985, "delta": 0.006744}}
{"target": -13.496539871061268, "params": {"colsample_bytree": 0.6089410122190095, "eta": 0.09810960918034803, "gamma": 757.5374385378383, "max_depth": 3.0, "min_child_weight": 4559.276222080838, "num_boost_round": 86.0, "subsample": 0.31906716894567666}, "datetime": {"datetime": "2024-01-20 15:21:06", "elapsed": 3419.989226, "delta": 0.005241}}
{"target": -13.49651742235981, "params": {"colsample_bytree": 0.6089410122190095, "eta": 0.09810960918034803, "gamma": 757.5374385378383, "max_depth": 3.0, "min_child_weight": 4559.276222080838, "num_boost_round": 87.0, "subsample": 0.31906716894567666}, "datetime": {"datetime": "2024-01-20 15:21:06", "elapsed": 3419.994691, "delta": 0.005465}}
{"target": -13.496408618220936, "params": {"colsample_bytree": 0.6089410122190095, "eta": 0.09810960918034803, "gamma": 757.5374385378383, "max_depth": 3.0, "min_child_weight": 4559.276222080838, "num_boost_round": 88.0, "subsample": 0.31906716894567666}, "datetime": {"datetime": "2024-01-20 15:21:06", "elapsed": 3419.999705, "delta": 0.005014}}
{"target": -13.4964719648327, "params": {"colsample_bytree": 0.6089410122190095, "eta": 0.09810960918034803, "gamma": 757.5374385378383, "max_depth": 3.0, "min_child_weight": 4559.276222080838, "num_boost_round": 89.0, "subsample": 0.31906716894567666}, "datetime": {"datetime": "2024-01-20 15:21:06", "elapsed": 3420.004469, "delta": 0.004764}}
{"target": -13.496423278794829, "params": {"colsample_bytree": 0.6089410122190095, "eta": 0.09810960918034803, "gamma": 757.5374385378383, "max_depth": 3.0, "min_child_weight": 4559.276222080838, "num_boost_round": 90.0, "subsample": 0.31906716894567666}, "datetime": {"datetime": "2024-01-20 15:21:06", "elapsed": 3420.009061, "delta": 0.004592}}
{"target": -13.496490675928651, "params": {"colsample_bytree": 0.6089410122190095, "eta": 0.09810960918034803, "gamma": 757.5374385378383, "max_depth": 3.0, "min_child_weight": 4559.276222080838, "num_boost_round": 91.0, "subsample": 0.31906716894567666}, "datetime": {"datetime": "2024-01-20 15:21:06", "elapsed": 3420.013624, "delta": 0.004563}}
{"target": -13.496830401812417, "params": {"colsample_bytree": 0.6089410122190095, "eta": 0.09810960918034803, "gamma": 757.5374385378383, "max_depth": 3.0, "min_child_weight": 4559.276222080838, "num_boost_round": 92.0, "subsample": 0.31906716894567666}, "datetime": {"datetime": "2024-01-20 15:21:06", "elapsed": 3420.018229, "delta": 0.004605}}
{"target": -13.496922028732946, "params": {"colsample_bytree": 0.6089410122190095, "eta": 0.09810960918034803, "gamma": 757.5374385378383, "max_depth": 3.0, "min_child_weight": 4559.276222080838, "num_boost_round": 93.0, "subsample": 0.31906716894567666}, "datetime": {"datetime": "2024-01-20 15:21:06", "elapsed": 3420.022955, "delta": 0.004726}}
{"target": -13.497050817033205, "params": {"colsample_bytree": 0.6089410122190095, "eta": 0.09810960918034803, "gamma": 757.5374385378383, "max_depth": 3.0, "min_child_weight": 4559.276222080838, "num_boost_round": 94.0, "subsample": 0.31906716894567666}, "datetime": {"datetime": "2024-01-20 15:21:06", "elapsed": 3420.027878, "delta": 0.004923}}
{"target": -13.497177090329822, "params": {"colsample_bytree": 0.6089410122190095, "eta": 0.09810960918034803, "gamma": 757.5374385378383, "max_depth": 3.0, "min_child_weight": 4559.276222080838, "num_boost_round": 95.0, "subsample": 0.31906716894567666}, "datetime": {"datetime": "2024-01-20 15:21:06", "elapsed": 3420.032491, "delta": 0.004613}}
{"target": -13.497115845116587, "params": {"colsample_bytree": 0.6089410122190095, "eta": 0.09810960918034803, "gamma": 757.5374385378383, "max_depth": 3.0, "min_child_weight": 4559.276222080838, "num_boost_round": 96.0, "subsample": 0.31906716894567666}, "datetime": {"datetime": "2024-01-20 15:21:06", "elapsed": 3420.037117, "delta": 0.004626}}
{"target": -13.497139013406326, "params": {"colsample_bytree": 0.6089410122190095, "eta": 0.09810960918034803, "gamma": 757.5374385378383, "max_depth": 3.0, "min_child_weight": 4559.276222080838, "num_boost_round": 97.0, "subsample": 0.31906716894567666}, "datetime": {"datetime": "2024-01-20 15:21:06", "elapsed": 3420.041702, "delta": 0.004585}}
{"target": -13.497404983532908, "params": {"colsample_bytree": 0.6089410122190095, "eta": 0.09810960918034803, "gamma": 757.5374385378383, "max_depth": 3.0, "min_child_weight": 4559.276222080838, "num_boost_round": 98.0, "subsample": 0.31906716894567666}, "datetime": {"datetime": "2024-01-20 15:21:06", "elapsed": 3420.04631, "delta": 0.004608}}
