{"target": -13.504794519569717, "params": {"colsample_bytree": 0.8379731057293175, "eta": 0.03724320198022017, "gamma": 654.1114648337368, "max_depth": 5.0, "min_child_weight": 4387.1332548378805, "num_boost_round": 139.0, "subsample": 0.7719918846691802}, "datetime": {"datetime": "2024-01-20 15:06:02", "elapsed": 2516.096657, "delta": 0.00374}}
{"target": -13.504836529488255, "params": {"colsample_bytree": 0.8379731057293175, "eta": 0.03724320198022017, "gamma": 654.1114648337368, "max_depth": 5.0, "min_child_weight": 4387.1332548378805, "num_boost_round": 140.0, "subsample": 0.7719918846691802}, "datetime": {"datetime": "2024-01-20 15:06:02", "elapsed": 2516.105087, "delta": 0.00843}}
{"target": -13.504911179027662, "params": {"colsample_bytree": 0.8379731057293175, "eta": 0.03724320198022017, "gamma": 654.1114648337368, "max_depth": 5.0, "min_child_weight": 4387.1332548378805, "num_boost_round": 141.0, "subsample": 0.7719918846691802}, "datetime": {"datetime": "2024-01-20 15:06:02", "elapsed": 2516.108871, "delta": 0.003784}}
{"target": -13.504957162739217, "params": {"colsample_bytree": 0.8379731057293175, "eta": 0.03724320198022017, "gamma": 654.1114648337368, "max_depth": 5.0, "min_child_weight": 4387.1332548378805, "num_boost_round": 142.0, "subsample": 0.7719918846691802}, "datetime": {"datetime": "2024-01-20 15:06:02", "elapsed": 2516.112639, "delta": 0.003768}}
{"target": -13.505017561307138, "params": {"colsample_bytree": 0.8379731057293175, "eta": 0.03724320198022017, "gamma": 654.1114648337368, "max_depth": 5.0, "min_child_weight": 4387.1332548378805, "num_boost_round": 143.0, "subsample": 0.7719918846691802}, "datetime": {"datetime": "2024-01-20 15:06:02", "elapsed": 2516.117021, "delta": 0.004382}}
{"target": -13.505055684185056, "params": {"colsample_bytree": 0.8379731057293175, "eta": 0.03724320198022017, "gamma": 654.1114648337368, "max_depth": 5.0, "min_child_weight": 4387.1332548378805, "num_boost_round": 144.0, "subsample": 0.7719918846691802}, "datetime": {"datetime": "2024-01-20 15:06:02", "elapsed": 2516.120946, "delta": 0.003925}}
{"target": -13.505119621164564, "params": {"colsample_bytree": 0.8379731057293175, "eta": 0.03724320198022017, "gamma": 654.1114648337368, "max_depth": 5.0, "min_child_weight": 4387.1332548378805, "num_boost_round": 145.0, "subsample": 0.7719918846691802}, "datetime": {"datetime": "2024-01-20 15:06:02", "elapsed": 2516.124756, "delta": 0.00381}}
{"target": -13.505203101681168, "params": {"colsample_bytree": 0.8379731057293175, "eta": 0.03724320198022017, "gamma": 654.1114648337368, "max_depth": 5.0, "min_child_weight": 4387.1332548378805, "num_boost_round": 146.0, "subsample": 0.7719918846691802}, "datetime": {"datetime": "2024-01-20 15:06:02", "elapsed": 2516.128565, "delta": 0.003809}}
{"target": -13.505255999230927, "params": {"colsample_bytree": 0.8379731057293175, "eta": 0.03724320198022017, "gamma": 654.1114648337368, "max_depth": 5.0, "min_child_weight": 4387.1332548378805, "num_boost_round": 147.0, "subsample": 0.7719918846691802}, "datetime": {"datetime": "2024-01-20 15:06:02", "elapsed": 2516.132407, "delta": 0.003842}}
{"target": -13.505220685354733, "params": {"colsample_bytree": 0.8379731057293175, "eta": 0.03724320198022017, "gamma": 654.1114648337368, "max_depth": 5.0, "min_child_weight": 4387.1332548378805, "num_boost_round": 148.0, "subsample": 0.7719918846691802}, "datetime": {"datetime": "2024-01-20 15:06:02", "elapsed": 2516.13625, "delta": 0.003843}}
{"target": -13.505318923040535, "params": {"colsample_bytree": 0.8379731057293175, "eta": 0.03724320198022017, "gamma": 654.1114648337368, "max_depth": 5.0, "min_child_weight": 4387.1332548378805, "num_boost_round": 149.0, "subsample": 0.7719918846691802}, "datetime": {"datetime": "2024-01-20 15:06:02", "elapsed": 2516.140106, "delta": 0.003856}}
{"target": -13.505468542753082, "params": {"colsample_bytree": 0.8379731057293175, "eta": 0.03724320198022017, "gamma": 654.1114648337368, "max_depth": 5.0, "min_child_weight": 4387.1332548378805, "num_boost_round": 150.0, "subsample": 0.7719918846691802}, "datetime": {"datetime": "2024-01-20 15:06:02", "elapsed": 2516.145219, "delta": 0.005113}}
{"target": -13.505449009779941, "params": {"colsample_bytree": 0.8379731057293175, "eta": 0.03724320198022017, "gamma": 654.1114648337368, "max_depth": 5.0, "min_child_weight": 4387.1332548378805, "num_boost_round": 151.0, "subsample": 0.7719918846691802}, "datetime": {"datetime": "2024-01-20 15:06:02", "elapsed": 2516.150419, "delta": 0.0052}}
{"target": -13.50547221240683, "params": {"colsample_bytree": 0.8379731057293175, "eta": 0.03724320198022017, "gamma": 654.1114648337368, "max_depth": 5.0, "min_child_weight": 4387.1332548378805, "num_boost_round": 152.0, "subsample": 0.7719918846691802}, "datetime": {"datetime": "2024-01-20 15:06:02", "elapsed": 2516.155403, "delta": 0.004984}}
{"target": -13.505547574982995, "params": {"colsample_bytree": 0.8379731057293175, "eta": 0.03724320198022017, "gamma": 654.1114648337368, "max_depth": 5.0, "min_child_weight": 4387.1332548378805, "num_boost_round": 153.0, "subsample": 0.7719918846691802}, "datetime": {"datetime": "2024-01-20 15:06:02", "elapsed": 2516.16057, "delta": 0.005167}}
{"target": -13.505697978311158, "params": {"colsample_bytree": 0.8379731057293175, "eta": 0.03724320198022017, "gamma": 654.1114648337368, "max_depth": 5.0, "min_child_weight": 4387.1332548378805, "num_boost_round": 154.0, "subsample": 0.7719918846691802}, "datetime": {"datetime": "2024-01-20 15:06:02", "elapsed": 2516.164813, "delta": 0.004243}}
{"target": -13.505792376714762, "params": {"colsample_bytree": 0.8379731057293175, "eta": 0.03724320198022017, "gamma": 654.1114648337368, "max_depth": 5.0, "min_child_weight": 4387.1332548378805, "num_boost_round": 155.0, "subsample": 0.7719918846691802}, "datetime": {"datetime": "2024-01-20 15:06:02", "elapsed": 2516.16868, "delta": 0.003867}}
{"target": -13.505825985247917, "params": {"colsample_bytree": 0.8379731057293175, "eta": 0.03724320198022017, "gamma": 654.1114648337368, "max_depth": 5.0, "min_child_weight": 4387.1332548378805, "num_boost_round": 156.0, "subsample": 0.7719918846691802}, "datetime": {"datetime": "2024-01-20 15:06:02", "elapsed": 2516.172472, "delta": 0.003792}}
{"target": -13.505836684538018, "params": {"colsample_bytree": 0.8379731057293175, "eta": 0.03724320198022017, "gamma": 654.1114648337368, "max_depth": 5.0, "min_child_weight": 4387.1332548378805, "num_boost_round": 157.0, "subsample": 0.7719918846691802}, "datetime": {"datetime": "2024-01-20 15:06:02", "elapsed": 2516.176262, "delta": 0.00379}}
{"target": -13.505998284703644, "params": {"colsample_bytree": 0.8379731057293175, "eta": 0.03724320198022017, "gamma": 654.1114648337368, "max_depth": 5.0, "min_child_weight": 4387.1332548378805, "num_boost_round": 158.0, "subsample": 0.7719918846691802}, "datetime": {"datetime": "2024-01-20 15:06:02", "elapsed": 2516.180053, "delta": 0.003791}}
{"target": -13.506017802084983, "params": {"colsample_bytree": 0.8379731057293175, "eta": 0.03724320198022017, "gamma": 654.1114648337368, "max_depth": 5.0, "min_child_weight": 4387.1332548378805, "num_boost_round": 159.0, "subsample": 0.7719918846691802}, "datetime": {"datetime": "2024-01-20 15:06:02", "elapsed": 2516.183825, "delta": 0.003772}}
{"target": -13.505920535422977, "params": {"colsample_bytree": 0.8379731057293175, "eta": 0.03724320198022017, "gamma": 654.1114648337368, "max_depth": 5.0, "min_child_weight": 4387.1332548378805, "num_boost_round": 160.0, "subsample": 0.7719918846691802}, "datetime": {"datetime": "2024-01-20 15:06:02", "elapsed": 2516.187612, "delta": 0.003787}}
{"target": -13.505897701715371, "params": {"colsample_bytree": 0.8379731057293175, "eta": 0.03724320198022017, "gamma": 654.1114648337368, "max_depth": 5.0, "min_child_weight": 4387.1332548378805, "num_boost_round": 161.0, "subsample": 0.7719918846691802}, "datetime": {"datetime": "2024-01-20 15:06:02", "elapsed": 2516.191387, "delta": 0.003775}}
{"target": -13.50598386243183, "params": {"colsample_bytree": 0.8379731057293175, "eta": 0.03724320198022017, "gamma": 654.1114648337368, "max_depth": 5.0, "min_child_weight": 4387.1332548378805, "num_boost_round": 162.0, "subsample": 0.7719918846691802}, "datetime": {"datetime": "2024-01-20 15:06:02", "elapsed": 2516.195184, "delta": 0.003797}}
{"target": -13.506038065590392, "params": {"colsample_bytree": 0.8379731057293175, "eta": 0.03724320198022017, "gamma": 654.1114648337368, "max_depth": 5.0, "min_child_weight": 4387.1332548378805, "num_boost_round": 163.0, "subsample": 0.7719918846691802}, "datetime": {"datetime": "2024-01-20 15:06:02", "elapsed": 2516.198947, "delta": 0.003763}}
{"target": -13.506091872495015, "params": {"colsample_bytree": 0.8379731057293175, "eta": 0.03724320198022017, "gamma": 654.1114648337368, "max_depth": 5.0, "min_child_weight": 4387.1332548378805, "num_boost_round": 164.0, "subsample": 0.7719918846691802}, "datetime": {"datetime": "2024-01-20 15:06:02", "elapsed": 2516.203359, "delta": 0.004412}}
{"target": -13.506220744500443, "params": {"colsample_bytree": 0.8379731057293175, "eta": 0.03724320198022017, "gamma": 654.1114648337368, "max_depth": 5.0, "min_child_weight": 4387.1332548378805, "num_boost_round": 165.0, "subsample": 0.7719918846691802}, "datetime": {"datetime": "2024-01-20 15:06:02", "elapsed": 2516.207582, "delta": 0.004223}}
{"target": -13.506362344710647, "params": {"colsample_bytree": 0.8379731057293175, "eta": 0.03724320198022017, "gamma": 654.1114648337368, "max_depth": 5.0, "min_child_weight": 4387.1332548378805, "num_boost_round": 166.0, "subsample": 0.7719918846691802}, "datetime": {"datetime": "2024-01-20 15:06:02", "elapsed": 2516.211497, "delta": 0.003915}}
{"target": -13.506426188951966, "params": {"colsample_bytree": 0.8379731057293175, "eta": 0.03724320198022017, "gamma": 654.1114648337368, "max_depth": 5.0, "min_child_weight": 4387.1332548378805, "num_boost_round": 167.0, "subsample": 0.7719918846691802}, "datetime": {"datetime": "2024-01-20 15:06:02", "elapsed": 2516.215362, "delta": 0.003865}}
{"target": -13.506467345471425, "params": {"colsample_bytree": 0.8379731057293175, "eta": 0.03724320198022017, "gamma": 654.1114648337368, "max_depth": 5.0, "min_child_weight": 4387.1332548378805, "num_boost_round": 168.0, "subsample": 0.7719918846691802}, "datetime": {"datetime": "2024-01-20 15:06:02", "elapsed": 2516.219425, "delta": 0.004063}}
{"target": -13.50655175855237, "params": {"colsample_bytree": 0.8379731057293175, "eta": 0.03724320198022017, "gamma": 654.1114648337368, "max_depth": 5.0, "min_child_weight": 4387.1332548378805, "num_boost_round": 169.0, "subsample": 0.7719918846691802}, "datetime": {"datetime": "2024-01-20 15:06:02", "elapsed": 2516.223193, "delta": 0.003768}}
{"target": -13.506537431634516, "params": {"colsample_bytree": 0.8379731057293175, "eta": 0.03724320198022017, "gamma": 654.1114648337368, "max_depth": 5.0, "min_child_weight": 4387.1332548378805, "num_boost_round": 170.0, "subsample": 0.7719918846691802}, "datetime": {"datetime": "2024-01-20 15:06:02", "elapsed": 2516.226958, "delta": 0.003765}}
{"target": -13.506612540072712, "params": {"colsample_bytree": 0.8379731057293175, "eta": 0.03724320198022017, "gamma": 654.1114648337368, "max_depth": 5.0, "min_child_weight": 4387.1332548378805, "num_boost_round": 171.0, "subsample": 0.7719918846691802}, "datetime": {"datetime": "2024-01-20 15:06:02", "elapsed": 2516.230718, "delta": 0.00376}}
{"target": -13.50663342254635, "params": {"colsample_bytree": 0.8379731057293175, "eta": 0.03724320198022017, "gamma": 654.1114648337368, "max_depth": 5.0, "min_child_weight": 4387.1332548378805, "num_boost_round": 172.0, "subsample": 0.7719918846691802}, "datetime": {"datetime": "2024-01-20 15:06:02", "elapsed": 2516.234678, "delta": 0.00396}}
{"target": -13.506746716409634, "params": {"colsample_bytree": 0.8379731057293175, "eta": 0.03724320198022017, "gamma": 654.1114648337368, "max_depth": 5.0, "min_child_weight": 4387.1332548378805, "num_boost_round": 173.0, "subsample": 0.7719918846691802}, "datetime": {"datetime": "2024-01-20 15:06:02", "elapsed": 2516.238507, "delta": 0.003829}}
{"target": -13.506874358754143, "params": {"colsample_bytree": 0.8379731057293175, "eta": 0.03724320198022017, "gamma": 654.1114648337368, "max_depth": 5.0, "min_child_weight": 4387.1332548378805, "num_boost_round": 174.0, "subsample": 0.7719918846691802}, "datetime": {"datetime": "2024-01-20 15:06:02", "elapsed": 2516.242427, "delta": 0.00392}}
{"target": -13.507011824360431, "params": {"colsample_bytree": 0.8379731057293175, "eta": 0.03724320198022017, "gamma": 654.1114648337368, "max_depth": 5.0, "min_child_weight": 4387.1332548378805, "num_boost_round": 175.0, "subsample": 0.7719918846691802}, "datetime": {"datetime": "2024-01-20 15:06:02", "elapsed": 2516.246174, "delta": 0.003747}}
{"target": -13.507080185699913, "params": {"colsample_bytree": 0.8379731057293175, "eta": 0.03724320198022017, "gamma": 654.1114648337368, "max_depth": 5.0, "min_child_weight": 4387.1332548378805, "num_boost_round": 176.0, "subsample": 0.7719918846691802}, "datetime": {"datetime": "2024-01-20 15:06:02", "elapsed": 2516.249942, "delta": 0.003768}}
{"target": -13.507214703091996, "params": {"colsample_bytree": 0.8379731057293175, "eta": 0.03724320198022017, "gamma": 654.1114648337368, "max_depth": 5.0, "min_child_weight": 4387.1332548378805, "num_boost_round": 177.0, "subsample": 0.7719918846691802}, "datetime": {"datetime": "2024-01-20 15:06:02", "elapsed": 2516.253805, "delta": 0.003863}}
{"target": -13.50724282919937, "params": {"colsample_bytree": 0.8379731057293175, "eta": 0.03724320198022017, "gamma": 654.1114648337368, "max_depth": 5.0, "min_child_weight": 4387.1332548378805, "num_boost_round": 178.0, "subsample": 0.7719918846691802}, "datetime": {"datetime": "2024-01-20 15:06:02", "elapsed": 2516.257587, "delta": 0.003782}}
{"target": -13.507285384405574, "params": {"colsample_bytree": 0.8379731057293175, "eta": 0.03724320198022017, "gamma": 654.1114648337368, "max_depth": 5.0, "min_child_weight": 4387.1332548378805, "num_boost_round": 179.0, "subsample": 0.7719918846691802}, "datetime": {"datetime": "2024-01-20 15:06:02", "elapsed": 2516.261358, "delta": 0.003771}}
{"target": -13.507370023362974, "params": {"colsample_bytree": 0.8379731057293175, "eta": 0.03724320198022017, "gamma": 654.1114648337368, "max_depth": 5.0, "min_child_weight": 4387.1332548378805, "num_boost_round": 180.0, "subsample": 0.7719918846691802}, "datetime": {"datetime": "2024-01-20 15:06:02", "elapsed": 2516.26571, "delta": 0.004352}}
{"target": -13.507421290663778, "params": {"colsample_bytree": 0.8379731057293175, "eta": 0.03724320198022017, "gamma": 654.1114648337368, "max_depth": 5.0, "min_child_weight": 4387.1332548378805, "num_boost_round": 181.0, "subsample": 0.7719918846691802}, "datetime": {"datetime": "2024-01-20 15:06:02", "elapsed": 2516.270624, "delta": 0.004914}}
{"target": -13.507563202612161, "params": {"colsample_bytree": 0.8379731057293175, "eta": 0.03724320198022017, "gamma": 654.1114648337368, "max_depth": 5.0, "min_child_weight": 4387.1332548378805, "num_boost_round": 182.0, "subsample": 0.7719918846691802}, "datetime": {"datetime": "2024-01-20 15:06:02", "elapsed": 2516.275893, "delta": 0.005269}}
{"target": -13.49693389383771, "params": {"colsample_bytree": 0.9943500416368738, "eta": 0.07977104471222551, "gamma": 723.4791146224402, "max_depth": 3.0, "min_child_weight": 4505.211143392372, "num_boost_round": 1.0, "subsample": 0.2368503624719763}, "datetime": {"datetime": "2024-01-20 15:07:17", "elapsed": 2590.585037, "delta": 74.309144}}
{"target": -13.49630860928859, "params": {"colsample_bytree": 0.9943500416368738, "eta": 0.07977104471222551, "gamma": 723.4791146224402, "max_depth": 3.0, "min_child_weight": 4505.211143392372, "num_boost_round": 2.0, "subsample": 0.2368503624719763}, "datetime": {"datetime": "2024-01-20 15:07:17", "elapsed": 2590.59013, "delta": 0.005093}}
{"target": -13.495852484715849, "params": {"colsample_bytree": 0.9943500416368738, "eta": 0.07977104471222551, "gamma": 723.4791146224402, "max_depth": 3.0, "min_child_weight": 4505.211143392372, "num_boost_round": 3.0, "subsample": 0.2368503624719763}, "datetime": {"datetime": "2024-01-20 15:07:17", "elapsed": 2590.594134, "delta": 0.004004}}
{"target": -13.495431926857417, "params": {"colsample_bytree": 0.9943500416368738, "eta": 0.07977104471222551, "gamma": 723.4791146224402, "max_depth": 3.0, "min_child_weight": 4505.211143392372, "num_boost_round": 4.0, "subsample": 0.2368503624719763}, "datetime": {"datetime": "2024-01-20 15:07:17", "elapsed": 2590.598036, "delta": 0.003902}}
{"target": -13.495121583237177, "params": {"colsample_bytree": 0.9943500416368738, "eta": 0.07977104471222551, "gamma": 723.4791146224402, "max_depth": 3.0, "min_child_weight": 4505.211143392372, "num_boost_round": 5.0, "subsample": 0.2368503624719763}, "datetime": {"datetime": "2024-01-20 15:07:17", "elapsed": 2590.601805, "delta": 0.003769}}
{"target": -13.494842379386757, "params": {"colsample_bytree": 0.9943500416368738, "eta": 0.07977104471222551, "gamma": 723.4791146224402, "max_depth": 3.0, "min_child_weight": 4505.211143392372, "num_boost_round": 6.0, "subsample": 0.2368503624719763}, "datetime": {"datetime": "2024-01-20 15:07:17", "elapsed": 2590.6057, "delta": 0.003895}}
{"target": -13.494833822447, "params": {"colsample_bytree": 0.9943500416368738, "eta": 0.07977104471222551, "gamma": 723.4791146224402, "max_depth": 3.0, "min_child_weight": 4505.211143392372, "num_boost_round": 7.0, "subsample": 0.2368503624719763}, "datetime": {"datetime": "2024-01-20 15:07:17", "elapsed": 2590.60956, "delta": 0.00386}}
{"target": -13.494653651867523, "params": {"colsample_bytree": 0.9943500416368738, "eta": 0.07977104471222551, "gamma": 723.4791146224402, "max_depth": 3.0, "min_child_weight": 4505.211143392372, "num_boost_round": 8.0, "subsample": 0.2368503624719763}, "datetime": {"datetime": "2024-01-20 15:07:17", "elapsed": 2590.613446, "delta": 0.003886}}
{"target": -13.494502301951886, "params": {"colsample_bytree": 0.9943500416368738, "eta": 0.07977104471222551, "gamma": 723.4791146224402, "max_depth": 3.0, "min_child_weight": 4505.211143392372, "num_boost_round": 9.0, "subsample": 0.2368503624719763}, "datetime": {"datetime": "2024-01-20 15:07:17", "elapsed": 2590.617326, "delta": 0.00388}}
{"target": -13.49459823201608, "params": {"colsample_bytree": 0.9943500416368738, "eta": 0.07977104471222551, "gamma": 723.4791146224402, "max_depth": 3.0, "min_child_weight": 4505.211143392372, "num_boost_round": 10.0, "subsample": 0.2368503624719763}, "datetime": {"datetime": "2024-01-20 15:07:17", "elapsed": 2590.621254, "delta": 0.003928}}
{"target": -13.494484531743517, "params": {"colsample_bytree": 0.9943500416368738, "eta": 0.07977104471222551, "gamma": 723.4791146224402, "max_depth": 3.0, "min_child_weight": 4505.211143392372, "num_boost_round": 11.0, "subsample": 0.2368503624719763}, "datetime": {"datetime": "2024-01-20 15:07:17", "elapsed": 2590.625048, "delta": 0.003794}}
{"target": -13.49410384127158, "params": {"colsample_bytree": 0.9943500416368738, "eta": 0.07977104471222551, "gamma": 723.4791146224402, "max_depth": 3.0, "min_child_weight": 4505.211143392372, "num_boost_round": 12.0, "subsample": 0.2368503624719763}, "datetime": {"datetime": "2024-01-20 15:07:17", "elapsed": 2590.628927, "delta": 0.003879}}
{"target": -13.494088383736262, "params": {"colsample_bytree": 0.9943500416368738, "eta": 0.07977104471222551, "gamma": 723.4791146224402, "max_depth": 3.0, "min_child_weight": 4505.211143392372, "num_boost_round": 13.0, "subsample": 0.2368503624719763}, "datetime": {"datetime": "2024-01-20 15:07:17", "elapsed": 2590.63298, "delta": 0.004053}}
{"target": -13.493857721850645, "params": {"colsample_bytree": 0.9943500416368738, "eta": 0.07977104471222551, "gamma": 723.4791146224402, "max_depth": 3.0, "min_child_weight": 4505.211143392372, "num_boost_round": 14.0, "subsample": 0.2368503624719763}, "datetime": {"datetime": "2024-01-20 15:07:17", "elapsed": 2590.636943, "delta": 0.003963}}
{"target": -13.4938152722215, "params": {"colsample_bytree": 0.9943500416368738, "eta": 0.07977104471222551, "gamma": 723.4791146224402, "max_depth": 3.0, "min_child_weight": 4505.211143392372, "num_boost_round": 15.0, "subsample": 0.2368503624719763}, "datetime": {"datetime": "2024-01-20 15:07:17", "elapsed": 2590.640899, "delta": 0.003956}}
{"target": -13.493943627975261, "params": {"colsample_bytree": 0.9943500416368738, "eta": 0.07977104471222551, "gamma": 723.4791146224402, "max_depth": 3.0, "min_child_weight": 4505.211143392372, "num_boost_round": 16.0, "subsample": 0.2368503624719763}, "datetime": {"datetime": "2024-01-20 15:07:17", "elapsed": 2590.644669, "delta": 0.00377}}
{"target": -13.493787882968189, "params": {"colsample_bytree": 0.9943500416368738, "eta": 0.07977104471222551, "gamma": 723.4791146224402, "max_depth": 3.0, "min_child_weight": 4505.211143392372, "num_boost_round": 17.0, "subsample": 0.2368503624719763}, "datetime": {"datetime": "2024-01-20 15:07:17", "elapsed": 2590.648447, "delta": 0.003778}}
{"target": -13.493686515066209, "params": {"colsample_bytree": 0.9943500416368738, "eta": 0.07977104471222551, "gamma": 723.4791146224402, "max_depth": 3.0, "min_child_weight": 4505.211143392372, "num_boost_round": 18.0, "subsample": 0.2368503624719763}, "datetime": {"datetime": "2024-01-20 15:07:17", "elapsed": 2590.652634, "delta": 0.004187}}
{"target": -13.493724745620884, "params": {"colsample_bytree": 0.9943500416368738, "eta": 0.07977104471222551, "gamma": 723.4791146224402, "max_depth": 3.0, "min_child_weight": 4505.211143392372, "num_boost_round": 19.0, "subsample": 0.2368503624719763}, "datetime": {"datetime": "2024-01-20 15:07:17", "elapsed": 2590.658035, "delta": 0.005401}}
