{"target": -10.308924125870327, "params": {"colsample_bytree": 0.4454324946544327, "eta": 0.09868344008633048, "gamma": 974.8576781887891, "max_depth": 9.0, "min_child_weight": 4227.2683468269925, "num_boost_round": 34.0, "subsample": 0.2960266837889475}, "datetime": {"datetime": "2024-01-20 15:22:51", "elapsed": 7269.597019, "delta": 0.006441}}
{"target": -10.308908906699868, "params": {"colsample_bytree": 0.4454324946544327, "eta": 0.09868344008633048, "gamma": 974.8576781887891, "max_depth": 9.0, "min_child_weight": 4227.2683468269925, "num_boost_round": 35.0, "subsample": 0.2960266837889475}, "datetime": {"datetime": "2024-01-20 15:22:51", "elapsed": 7269.611972, "delta": 0.014953}}
{"target": -10.309210296581037, "params": {"colsample_bytree": 0.4454324946544327, "eta": 0.09868344008633048, "gamma": 974.8576781887891, "max_depth": 9.0, "min_child_weight": 4227.2683468269925, "num_boost_round": 36.0, "subsample": 0.2960266837889475}, "datetime": {"datetime": "2024-01-20 15:22:51", "elapsed": 7269.618426, "delta": 0.006454}}
{"target": -10.309465416174811, "params": {"colsample_bytree": 0.4454324946544327, "eta": 0.09868344008633048, "gamma": 974.8576781887891, "max_depth": 9.0, "min_child_weight": 4227.2683468269925, "num_boost_round": 37.0, "subsample": 0.2960266837889475}, "datetime": {"datetime": "2024-01-20 15:22:51", "elapsed": 7269.624267, "delta": 0.005841}}
{"target": -10.309555389297277, "params": {"colsample_bytree": 0.4454324946544327, "eta": 0.09868344008633048, "gamma": 974.8576781887891, "max_depth": 9.0, "min_child_weight": 4227.2683468269925, "num_boost_round": 38.0, "subsample": 0.2960266837889475}, "datetime": {"datetime": "2024-01-20 15:22:51", "elapsed": 7269.63025, "delta": 0.005983}}
{"target": -10.310092777530421, "params": {"colsample_bytree": 0.4454324946544327, "eta": 0.09868344008633048, "gamma": 974.8576781887891, "max_depth": 9.0, "min_child_weight": 4227.2683468269925, "num_boost_round": 39.0, "subsample": 0.2960266837889475}, "datetime": {"datetime": "2024-01-20 15:22:51", "elapsed": 7269.636321, "delta": 0.006071}}
{"target": -10.310580063684228, "params": {"colsample_bytree": 0.4454324946544327, "eta": 0.09868344008633048, "gamma": 974.8576781887891, "max_depth": 9.0, "min_child_weight": 4227.2683468269925, "num_boost_round": 40.0, "subsample": 0.2960266837889475}, "datetime": {"datetime": "2024-01-20 15:22:51", "elapsed": 7269.642209, "delta": 0.005888}}
{"target": -10.31054070908706, "params": {"colsample_bytree": 0.4454324946544327, "eta": 0.09868344008633048, "gamma": 974.8576781887891, "max_depth": 9.0, "min_child_weight": 4227.2683468269925, "num_boost_round": 41.0, "subsample": 0.2960266837889475}, "datetime": {"datetime": "2024-01-20 15:22:51", "elapsed": 7269.648207, "delta": 0.005998}}
{"target": -10.310761740935057, "params": {"colsample_bytree": 0.4454324946544327, "eta": 0.09868344008633048, "gamma": 974.8576781887891, "max_depth": 9.0, "min_child_weight": 4227.2683468269925, "num_boost_round": 42.0, "subsample": 0.2960266837889475}, "datetime": {"datetime": "2024-01-20 15:22:51", "elapsed": 7269.655627, "delta": 0.00742}}
{"target": -10.310993164593418, "params": {"colsample_bytree": 0.4454324946544327, "eta": 0.09868344008633048, "gamma": 974.8576781887891, "max_depth": 9.0, "min_child_weight": 4227.2683468269925, "num_boost_round": 43.0, "subsample": 0.2960266837889475}, "datetime": {"datetime": "2024-01-20 15:22:51", "elapsed": 7269.662368, "delta": 0.006741}}
{"target": -10.311243155150857, "params": {"colsample_bytree": 0.4454324946544327, "eta": 0.09868344008633048, "gamma": 974.8576781887891, "max_depth": 9.0, "min_child_weight": 4227.2683468269925, "num_boost_round": 44.0, "subsample": 0.2960266837889475}, "datetime": {"datetime": "2024-01-20 15:22:51", "elapsed": 7269.668731, "delta": 0.006363}}
{"target": -10.311120106191595, "params": {"colsample_bytree": 0.4454324946544327, "eta": 0.09868344008633048, "gamma": 974.8576781887891, "max_depth": 9.0, "min_child_weight": 4227.2683468269925, "num_boost_round": 45.0, "subsample": 0.2960266837889475}, "datetime": {"datetime": "2024-01-20 15:22:51", "elapsed": 7269.674649, "delta": 0.005918}}
{"target": -10.311239210302798, "params": {"colsample_bytree": 0.4454324946544327, "eta": 0.09868344008633048, "gamma": 974.8576781887891, "max_depth": 9.0, "min_child_weight": 4227.2683468269925, "num_boost_round": 46.0, "subsample": 0.2960266837889475}, "datetime": {"datetime": "2024-01-20 15:22:51", "elapsed": 7269.680606, "delta": 0.005957}}
{"target": -10.311803148971428, "params": {"colsample_bytree": 0.4454324946544327, "eta": 0.09868344008633048, "gamma": 974.8576781887891, "max_depth": 9.0, "min_child_weight": 4227.2683468269925, "num_boost_round": 47.0, "subsample": 0.2960266837889475}, "datetime": {"datetime": "2024-01-20 15:22:51", "elapsed": 7269.686468, "delta": 0.005862}}
{"target": -10.311977074703973, "params": {"colsample_bytree": 0.4454324946544327, "eta": 0.09868344008633048, "gamma": 974.8576781887891, "max_depth": 9.0, "min_child_weight": 4227.2683468269925, "num_boost_round": 48.0, "subsample": 0.2960266837889475}, "datetime": {"datetime": "2024-01-20 15:22:51", "elapsed": 7269.692614, "delta": 0.006146}}
{"target": -10.312145371685151, "params": {"colsample_bytree": 0.4454324946544327, "eta": 0.09868344008633048, "gamma": 974.8576781887891, "max_depth": 9.0, "min_child_weight": 4227.2683468269925, "num_boost_round": 49.0, "subsample": 0.2960266837889475}, "datetime": {"datetime": "2024-01-20 15:22:51", "elapsed": 7269.69811, "delta": 0.005496}}
{"target": -10.31218386249985, "params": {"colsample_bytree": 0.4454324946544327, "eta": 0.09868344008633048, "gamma": 974.8576781887891, "max_depth": 9.0, "min_child_weight": 4227.2683468269925, "num_boost_round": 50.0, "subsample": 0.2960266837889475}, "datetime": {"datetime": "2024-01-20 15:22:51", "elapsed": 7269.703888, "delta": 0.005778}}
{"target": -10.312030255479385, "params": {"colsample_bytree": 0.4454324946544327, "eta": 0.09868344008633048, "gamma": 974.8576781887891, "max_depth": 9.0, "min_child_weight": 4227.2683468269925, "num_boost_round": 51.0, "subsample": 0.2960266837889475}, "datetime": {"datetime": "2024-01-20 15:22:51", "elapsed": 7269.709681, "delta": 0.005793}}
{"target": -10.312185008026756, "params": {"colsample_bytree": 0.4454324946544327, "eta": 0.09868344008633048, "gamma": 974.8576781887891, "max_depth": 9.0, "min_child_weight": 4227.2683468269925, "num_boost_round": 52.0, "subsample": 0.2960266837889475}, "datetime": {"datetime": "2024-01-20 15:22:51", "elapsed": 7269.715376, "delta": 0.005695}}
{"target": -10.312383104004041, "params": {"colsample_bytree": 0.4454324946544327, "eta": 0.09868344008633048, "gamma": 974.8576781887891, "max_depth": 9.0, "min_child_weight": 4227.2683468269925, "num_boost_round": 53.0, "subsample": 0.2960266837889475}, "datetime": {"datetime": "2024-01-20 15:22:51", "elapsed": 7269.721212, "delta": 0.005836}}
{"target": -10.31257107425444, "params": {"colsample_bytree": 0.4454324946544327, "eta": 0.09868344008633048, "gamma": 974.8576781887891, "max_depth": 9.0, "min_child_weight": 4227.2683468269925, "num_boost_round": 54.0, "subsample": 0.2960266837889475}, "datetime": {"datetime": "2024-01-20 15:22:51", "elapsed": 7269.727159, "delta": 0.005947}}
{"target": -10.31276351905796, "params": {"colsample_bytree": 0.4454324946544327, "eta": 0.09868344008633048, "gamma": 974.8576781887891, "max_depth": 9.0, "min_child_weight": 4227.2683468269925, "num_boost_round": 55.0, "subsample": 0.2960266837889475}, "datetime": {"datetime": "2024-01-20 15:22:51", "elapsed": 7269.733092, "delta": 0.005933}}
{"target": -10.312876982420313, "params": {"colsample_bytree": 0.4454324946544327, "eta": 0.09868344008633048, "gamma": 974.8576781887891, "max_depth": 9.0, "min_child_weight": 4227.2683468269925, "num_boost_round": 56.0, "subsample": 0.2960266837889475}, "datetime": {"datetime": "2024-01-20 15:22:51", "elapsed": 7269.739029, "delta": 0.005937}}
{"target": -10.312986116148412, "params": {"colsample_bytree": 0.4454324946544327, "eta": 0.09868344008633048, "gamma": 974.8576781887891, "max_depth": 9.0, "min_child_weight": 4227.2683468269925, "num_boost_round": 57.0, "subsample": 0.2960266837889475}, "datetime": {"datetime": "2024-01-20 15:22:51", "elapsed": 7269.744821, "delta": 0.005792}}
{"target": -10.313159849519746, "params": {"colsample_bytree": 0.4454324946544327, "eta": 0.09868344008633048, "gamma": 974.8576781887891, "max_depth": 9.0, "min_child_weight": 4227.2683468269925, "num_boost_round": 58.0, "subsample": 0.2960266837889475}, "datetime": {"datetime": "2024-01-20 15:22:51", "elapsed": 7269.750769, "delta": 0.005948}}
{"target": -10.313517649504202, "params": {"colsample_bytree": 0.4454324946544327, "eta": 0.09868344008633048, "gamma": 974.8576781887891, "max_depth": 9.0, "min_child_weight": 4227.2683468269925, "num_boost_round": 59.0, "subsample": 0.2960266837889475}, "datetime": {"datetime": "2024-01-20 15:22:51", "elapsed": 7269.756729, "delta": 0.00596}}
{"target": -10.313445059848677, "params": {"colsample_bytree": 0.4454324946544327, "eta": 0.09868344008633048, "gamma": 974.8576781887891, "max_depth": 9.0, "min_child_weight": 4227.2683468269925, "num_boost_round": 60.0, "subsample": 0.2960266837889475}, "datetime": {"datetime": "2024-01-20 15:22:51", "elapsed": 7269.762884, "delta": 0.006155}}
{"target": -10.31379426857151, "params": {"colsample_bytree": 0.4454324946544327, "eta": 0.09868344008633048, "gamma": 974.8576781887891, "max_depth": 9.0, "min_child_weight": 4227.2683468269925, "num_boost_round": 61.0, "subsample": 0.2960266837889475}, "datetime": {"datetime": "2024-01-20 15:22:51", "elapsed": 7269.768714, "delta": 0.00583}}
{"target": -10.31400399261912, "params": {"colsample_bytree": 0.4454324946544327, "eta": 0.09868344008633048, "gamma": 974.8576781887891, "max_depth": 9.0, "min_child_weight": 4227.2683468269925, "num_boost_round": 62.0, "subsample": 0.2960266837889475}, "datetime": {"datetime": "2024-01-20 15:22:51", "elapsed": 7269.774628, "delta": 0.005914}}
{"target": -10.314291207360865, "params": {"colsample_bytree": 0.4454324946544327, "eta": 0.09868344008633048, "gamma": 974.8576781887891, "max_depth": 9.0, "min_child_weight": 4227.2683468269925, "num_boost_round": 63.0, "subsample": 0.2960266837889475}, "datetime": {"datetime": "2024-01-20 15:22:52", "elapsed": 7269.780371, "delta": 0.005743}}
{"target": -10.31433218894443, "params": {"colsample_bytree": 0.4454324946544327, "eta": 0.09868344008633048, "gamma": 974.8576781887891, "max_depth": 9.0, "min_child_weight": 4227.2683468269925, "num_boost_round": 64.0, "subsample": 0.2960266837889475}, "datetime": {"datetime": "2024-01-20 15:22:52", "elapsed": 7269.786134, "delta": 0.005763}}
{"target": -10.314361160196452, "params": {"colsample_bytree": 0.4454324946544327, "eta": 0.09868344008633048, "gamma": 974.8576781887891, "max_depth": 9.0, "min_child_weight": 4227.2683468269925, "num_boost_round": 65.0, "subsample": 0.2960266837889475}, "datetime": {"datetime": "2024-01-20 15:22:52", "elapsed": 7269.79214, "delta": 0.006006}}
{"target": -10.314504477326121, "params": {"colsample_bytree": 0.4454324946544327, "eta": 0.09868344008633048, "gamma": 974.8576781887891, "max_depth": 9.0, "min_child_weight": 4227.2683468269925, "num_boost_round": 66.0, "subsample": 0.2960266837889475}, "datetime": {"datetime": "2024-01-20 15:22:52", "elapsed": 7269.798133, "delta": 0.005993}}
{"target": -10.314888240265901, "params": {"colsample_bytree": 0.4454324946544327, "eta": 0.09868344008633048, "gamma": 974.8576781887891, "max_depth": 9.0, "min_child_weight": 4227.2683468269925, "num_boost_round": 67.0, "subsample": 0.2960266837889475}, "datetime": {"datetime": "2024-01-20 15:22:52", "elapsed": 7269.80415, "delta": 0.006017}}
{"target": -10.314962004973536, "params": {"colsample_bytree": 0.4454324946544327, "eta": 0.09868344008633048, "gamma": 974.8576781887891, "max_depth": 9.0, "min_child_weight": 4227.2683468269925, "num_boost_round": 68.0, "subsample": 0.2960266837889475}, "datetime": {"datetime": "2024-01-20 15:22:52", "elapsed": 7269.810003, "delta": 0.005853}}
{"target": -10.315224874374977, "params": {"colsample_bytree": 0.4454324946544327, "eta": 0.09868344008633048, "gamma": 974.8576781887891, "max_depth": 9.0, "min_child_weight": 4227.2683468269925, "num_boost_round": 69.0, "subsample": 0.2960266837889475}, "datetime": {"datetime": "2024-01-20 15:22:52", "elapsed": 7269.815642, "delta": 0.005639}}
{"target": -10.315288238026799, "params": {"colsample_bytree": 0.4454324946544327, "eta": 0.09868344008633048, "gamma": 974.8576781887891, "max_depth": 9.0, "min_child_weight": 4227.2683468269925, "num_boost_round": 70.0, "subsample": 0.2960266837889475}, "datetime": {"datetime": "2024-01-20 15:22:52", "elapsed": 7269.821638, "delta": 0.005996}}
{"target": -10.315571156485731, "params": {"colsample_bytree": 0.4454324946544327, "eta": 0.09868344008633048, "gamma": 974.8576781887891, "max_depth": 9.0, "min_child_weight": 4227.2683468269925, "num_boost_round": 71.0, "subsample": 0.2960266837889475}, "datetime": {"datetime": "2024-01-20 15:22:52", "elapsed": 7269.828868, "delta": 0.00723}}
{"target": -10.315778103661684, "params": {"colsample_bytree": 0.4454324946544327, "eta": 0.09868344008633048, "gamma": 974.8576781887891, "max_depth": 9.0, "min_child_weight": 4227.2683468269925, "num_boost_round": 72.0, "subsample": 0.2960266837889475}, "datetime": {"datetime": "2024-01-20 15:22:52", "elapsed": 7269.835893, "delta": 0.007025}}
{"target": -10.315798199946332, "params": {"colsample_bytree": 0.4454324946544327, "eta": 0.09868344008633048, "gamma": 974.8576781887891, "max_depth": 9.0, "min_child_weight": 4227.2683468269925, "num_boost_round": 73.0, "subsample": 0.2960266837889475}, "datetime": {"datetime": "2024-01-20 15:22:52", "elapsed": 7269.842915, "delta": 0.007022}}
{"target": -10.316057498745081, "params": {"colsample_bytree": 0.4454324946544327, "eta": 0.09868344008633048, "gamma": 974.8576781887891, "max_depth": 9.0, "min_child_weight": 4227.2683468269925, "num_boost_round": 74.0, "subsample": 0.2960266837889475}, "datetime": {"datetime": "2024-01-20 15:22:52", "elapsed": 7269.849866, "delta": 0.006951}}
{"target": -10.31613100825504, "params": {"colsample_bytree": 0.4454324946544327, "eta": 0.09868344008633048, "gamma": 974.8576781887891, "max_depth": 9.0, "min_child_weight": 4227.2683468269925, "num_boost_round": 75.0, "subsample": 0.2960266837889475}, "datetime": {"datetime": "2024-01-20 15:22:52", "elapsed": 7269.856121, "delta": 0.006255}}
{"target": -10.316146298802298, "params": {"colsample_bytree": 0.4454324946544327, "eta": 0.09868344008633048, "gamma": 974.8576781887891, "max_depth": 9.0, "min_child_weight": 4227.2683468269925, "num_boost_round": 76.0, "subsample": 0.2960266837889475}, "datetime": {"datetime": "2024-01-20 15:22:52", "elapsed": 7269.862153, "delta": 0.006032}}
{"target": -10.316218028988946, "params": {"colsample_bytree": 0.4454324946544327, "eta": 0.09868344008633048, "gamma": 974.8576781887891, "max_depth": 9.0, "min_child_weight": 4227.2683468269925, "num_boost_round": 77.0, "subsample": 0.2960266837889475}, "datetime": {"datetime": "2024-01-20 15:22:52", "elapsed": 7269.868162, "delta": 0.006009}}
{"target": -10.316275822631644, "params": {"colsample_bytree": 0.4454324946544327, "eta": 0.09868344008633048, "gamma": 974.8576781887891, "max_depth": 9.0, "min_child_weight": 4227.2683468269925, "num_boost_round": 78.0, "subsample": 0.2960266837889475}, "datetime": {"datetime": "2024-01-20 15:22:52", "elapsed": 7269.87413, "delta": 0.005968}}
{"target": -10.316568293666094, "params": {"colsample_bytree": 0.4454324946544327, "eta": 0.09868344008633048, "gamma": 974.8576781887891, "max_depth": 9.0, "min_child_weight": 4227.2683468269925, "num_boost_round": 79.0, "subsample": 0.2960266837889475}, "datetime": {"datetime": "2024-01-20 15:22:52", "elapsed": 7269.880077, "delta": 0.005947}}
{"target": -10.298467343649701, "params": {"colsample_bytree": 0.16220444060813843, "eta": 0.012200690128663814, "gamma": 963.8678833787332, "max_depth": 2.0, "min_child_weight": 4298.821142014862, "num_boost_round": 1.0, "subsample": 0.7143342450392856}, "datetime": {"datetime": "2024-01-20 15:24:30", "elapsed": 7368.284794, "delta": 98.404717}}
{"target": -10.298474996371013, "params": {"colsample_bytree": 0.16220444060813843, "eta": 0.012200690128663814, "gamma": 963.8678833787332, "max_depth": 2.0, "min_child_weight": 4298.821142014862, "num_boost_round": 2.0, "subsample": 0.7143342450392856}, "datetime": {"datetime": "2024-01-20 15:24:30", "elapsed": 7368.29294, "delta": 0.008146}}
{"target": -10.29852857064963, "params": {"colsample_bytree": 0.16220444060813843, "eta": 0.012200690128663814, "gamma": 963.8678833787332, "max_depth": 2.0, "min_child_weight": 4298.821142014862, "num_boost_round": 3.0, "subsample": 0.7143342450392856}, "datetime": {"datetime": "2024-01-20 15:24:30", "elapsed": 7368.298488, "delta": 0.005548}}
{"target": -10.298554377231827, "params": {"colsample_bytree": 0.16220444060813843, "eta": 0.012200690128663814, "gamma": 963.8678833787332, "max_depth": 2.0, "min_child_weight": 4298.821142014862, "num_boost_round": 4.0, "subsample": 0.7143342450392856}, "datetime": {"datetime": "2024-01-20 15:24:30", "elapsed": 7368.303716, "delta": 0.005228}}
{"target": -10.298523020960022, "params": {"colsample_bytree": 0.16220444060813843, "eta": 0.012200690128663814, "gamma": 963.8678833787332, "max_depth": 2.0, "min_child_weight": 4298.821142014862, "num_boost_round": 5.0, "subsample": 0.7143342450392856}, "datetime": {"datetime": "2024-01-20 15:24:30", "elapsed": 7368.308703, "delta": 0.004987}}
{"target": -10.298623935107228, "params": {"colsample_bytree": 0.16220444060813843, "eta": 0.012200690128663814, "gamma": 963.8678833787332, "max_depth": 2.0, "min_child_weight": 4298.821142014862, "num_boost_round": 6.0, "subsample": 0.7143342450392856}, "datetime": {"datetime": "2024-01-20 15:24:30", "elapsed": 7368.313478, "delta": 0.004775}}
{"target": -10.29857176134814, "params": {"colsample_bytree": 0.16220444060813843, "eta": 0.012200690128663814, "gamma": 963.8678833787332, "max_depth": 2.0, "min_child_weight": 4298.821142014862, "num_boost_round": 7.0, "subsample": 0.7143342450392856}, "datetime": {"datetime": "2024-01-20 15:24:30", "elapsed": 7368.318384, "delta": 0.004906}}
{"target": -10.29857959910579, "params": {"colsample_bytree": 0.16220444060813843, "eta": 0.012200690128663814, "gamma": 963.8678833787332, "max_depth": 2.0, "min_child_weight": 4298.821142014862, "num_boost_round": 8.0, "subsample": 0.7143342450392856}, "datetime": {"datetime": "2024-01-20 15:24:30", "elapsed": 7368.323266, "delta": 0.004882}}
{"target": -10.298524319262313, "params": {"colsample_bytree": 0.16220444060813843, "eta": 0.012200690128663814, "gamma": 963.8678833787332, "max_depth": 2.0, "min_child_weight": 4298.821142014862, "num_boost_round": 9.0, "subsample": 0.7143342450392856}, "datetime": {"datetime": "2024-01-20 15:24:30", "elapsed": 7368.328319, "delta": 0.005053}}
{"target": -10.298491412329227, "params": {"colsample_bytree": 0.16220444060813843, "eta": 0.012200690128663814, "gamma": 963.8678833787332, "max_depth": 2.0, "min_child_weight": 4298.821142014862, "num_boost_round": 10.0, "subsample": 0.7143342450392856}, "datetime": {"datetime": "2024-01-20 15:24:30", "elapsed": 7368.333383, "delta": 0.005064}}
{"target": -10.298414832734963, "params": {"colsample_bytree": 0.16220444060813843, "eta": 0.012200690128663814, "gamma": 963.8678833787332, "max_depth": 2.0, "min_child_weight": 4298.821142014862, "num_boost_round": 11.0, "subsample": 0.7143342450392856}, "datetime": {"datetime": "2024-01-20 15:24:30", "elapsed": 7368.339356, "delta": 0.005973}}
{"target": -10.298411940129876, "params": {"colsample_bytree": 0.16220444060813843, "eta": 0.012200690128663814, "gamma": 963.8678833787332, "max_depth": 2.0, "min_child_weight": 4298.821142014862, "num_boost_round": 12.0, "subsample": 0.7143342450392856}, "datetime": {"datetime": "2024-01-20 15:24:30", "elapsed": 7368.345261, "delta": 0.005905}}
{"target": -10.298350620636704, "params": {"colsample_bytree": 0.16220444060813843, "eta": 0.012200690128663814, "gamma": 963.8678833787332, "max_depth": 2.0, "min_child_weight": 4298.821142014862, "num_boost_round": 13.0, "subsample": 0.7143342450392856}, "datetime": {"datetime": "2024-01-20 15:24:30", "elapsed": 7368.350518, "delta": 0.005257}}
{"target": -10.298347670183773, "params": {"colsample_bytree": 0.16220444060813843, "eta": 0.012200690128663814, "gamma": 963.8678833787332, "max_depth": 2.0, "min_child_weight": 4298.821142014862, "num_boost_round": 14.0, "subsample": 0.7143342450392856}, "datetime": {"datetime": "2024-01-20 15:24:30", "elapsed": 7368.355602, "delta": 0.005084}}
{"target": -10.298458063324365, "params": {"colsample_bytree": 0.16220444060813843, "eta": 0.012200690128663814, "gamma": 963.8678833787332, "max_depth": 2.0, "min_child_weight": 4298.821142014862, "num_boost_round": 15.0, "subsample": 0.7143342450392856}, "datetime": {"datetime": "2024-01-20 15:24:30", "elapsed": 7368.360285, "delta": 0.004683}}
{"target": -10.29849703137446, "params": {"colsample_bytree": 0.16220444060813843, "eta": 0.012200690128663814, "gamma": 963.8678833787332, "max_depth": 2.0, "min_child_weight": 4298.821142014862, "num_boost_round": 16.0, "subsample": 0.7143342450392856}, "datetime": {"datetime": "2024-01-20 15:24:30", "elapsed": 7368.364933, "delta": 0.004648}}
{"target": -10.298582971115499, "params": {"colsample_bytree": 0.16220444060813843, "eta": 0.012200690128663814, "gamma": 963.8678833787332, "max_depth": 2.0, "min_child_weight": 4298.821142014862, "num_boost_round": 17.0, "subsample": 0.7143342450392856}, "datetime": {"datetime": "2024-01-20 15:24:30", "elapsed": 7368.369712, "delta": 0.004779}}
