{"target": -12.345774075665934, "params": {"colsample_bytree": 0.9613059489547809, "eta": 0.018351021824905396, "gamma": 558.2808235381945, "max_depth": 8.0, "min_child_weight": 4226.356652172929, "num_boost_round": 19.0, "subsample": 0.4653213828525753}, "datetime": {"datetime": "2024-01-20 14:46:00", "elapsed": 1327.000801, "delta": 0.002599}}
{"target": -12.345480407385265, "params": {"colsample_bytree": 0.9613059489547809, "eta": 0.018351021824905396, "gamma": 558.2808235381945, "max_depth": 8.0, "min_child_weight": 4226.356652172929, "num_boost_round": 20.0, "subsample": 0.4653213828525753}, "datetime": {"datetime": "2024-01-20 14:46:00", "elapsed": 1327.004192, "delta": 0.003391}}
{"target": -12.3452565764811, "params": {"colsample_bytree": 0.9613059489547809, "eta": 0.018351021824905396, "gamma": 558.2808235381945, "max_depth": 8.0, "min_child_weight": 4226.356652172929, "num_boost_round": 21.0, "subsample": 0.4653213828525753}, "datetime": {"datetime": "2024-01-20 14:46:00", "elapsed": 1327.006638, "delta": 0.002446}}
{"target": -12.34501975866511, "params": {"colsample_bytree": 0.9613059489547809, "eta": 0.018351021824905396, "gamma": 558.2808235381945, "max_depth": 8.0, "min_child_weight": 4226.356652172929, "num_boost_round": 22.0, "subsample": 0.4653213828525753}, "datetime": {"datetime": "2024-01-20 14:46:00", "elapsed": 1327.00891, "delta": 0.002272}}
{"target": -12.344699347800436, "params": {"colsample_bytree": 0.9613059489547809, "eta": 0.018351021824905396, "gamma": 558.2808235381945, "max_depth": 8.0, "min_child_weight": 4226.356652172929, "num_boost_round": 23.0, "subsample": 0.4653213828525753}, "datetime": {"datetime": "2024-01-20 14:46:00", "elapsed": 1327.011157, "delta": 0.002247}}
{"target": -12.3444330127409, "params": {"colsample_bytree": 0.9613059489547809, "eta": 0.018351021824905396, "gamma": 558.2808235381945, "max_depth": 8.0, "min_child_weight": 4226.356652172929, "num_boost_round": 24.0, "subsample": 0.4653213828525753}, "datetime": {"datetime": "2024-01-20 14:46:00", "elapsed": 1327.013493, "delta": 0.002336}}
{"target": -12.34419942542307, "params": {"colsample_bytree": 0.9613059489547809, "eta": 0.018351021824905396, "gamma": 558.2808235381945, "max_depth": 8.0, "min_child_weight": 4226.356652172929, "num_boost_round": 25.0, "subsample": 0.4653213828525753}, "datetime": {"datetime": "2024-01-20 14:46:00", "elapsed": 1327.015768, "delta": 0.002275}}
{"target": -12.344032165572049, "params": {"colsample_bytree": 0.9613059489547809, "eta": 0.018351021824905396, "gamma": 558.2808235381945, "max_depth": 8.0, "min_child_weight": 4226.356652172929, "num_boost_round": 26.0, "subsample": 0.4653213828525753}, "datetime": {"datetime": "2024-01-20 14:46:00", "elapsed": 1327.018298, "delta": 0.00253}}
{"target": -12.343756053669596, "params": {"colsample_bytree": 0.9613059489547809, "eta": 0.018351021824905396, "gamma": 558.2808235381945, "max_depth": 8.0, "min_child_weight": 4226.356652172929, "num_boost_round": 27.0, "subsample": 0.4653213828525753}, "datetime": {"datetime": "2024-01-20 14:46:00", "elapsed": 1327.020663, "delta": 0.002365}}
{"target": -12.343349490592466, "params": {"colsample_bytree": 0.9613059489547809, "eta": 0.018351021824905396, "gamma": 558.2808235381945, "max_depth": 8.0, "min_child_weight": 4226.356652172929, "num_boost_round": 28.0, "subsample": 0.4653213828525753}, "datetime": {"datetime": "2024-01-20 14:46:00", "elapsed": 1327.023028, "delta": 0.002365}}
{"target": -12.342973492534078, "params": {"colsample_bytree": 0.9613059489547809, "eta": 0.018351021824905396, "gamma": 558.2808235381945, "max_depth": 8.0, "min_child_weight": 4226.356652172929, "num_boost_round": 29.0, "subsample": 0.4653213828525753}, "datetime": {"datetime": "2024-01-20 14:46:00", "elapsed": 1327.025448, "delta": 0.00242}}
{"target": -12.342870942272635, "params": {"colsample_bytree": 0.9613059489547809, "eta": 0.018351021824905396, "gamma": 558.2808235381945, "max_depth": 8.0, "min_child_weight": 4226.356652172929, "num_boost_round": 30.0, "subsample": 0.4653213828525753}, "datetime": {"datetime": "2024-01-20 14:46:00", "elapsed": 1327.027693, "delta": 0.002245}}
{"target": -12.342734879101389, "params": {"colsample_bytree": 0.9613059489547809, "eta": 0.018351021824905396, "gamma": 558.2808235381945, "max_depth": 8.0, "min_child_weight": 4226.356652172929, "num_boost_round": 31.0, "subsample": 0.4653213828525753}, "datetime": {"datetime": "2024-01-20 14:46:00", "elapsed": 1327.02996, "delta": 0.002267}}
{"target": -12.342665872609514, "params": {"colsample_bytree": 0.9613059489547809, "eta": 0.018351021824905396, "gamma": 558.2808235381945, "max_depth": 8.0, "min_child_weight": 4226.356652172929, "num_boost_round": 32.0, "subsample": 0.4653213828525753}, "datetime": {"datetime": "2024-01-20 14:46:00", "elapsed": 1327.032226, "delta": 0.002266}}
{"target": -12.342653941604063, "params": {"colsample_bytree": 0.9613059489547809, "eta": 0.018351021824905396, "gamma": 558.2808235381945, "max_depth": 8.0, "min_child_weight": 4226.356652172929, "num_boost_round": 33.0, "subsample": 0.4653213828525753}, "datetime": {"datetime": "2024-01-20 14:46:00", "elapsed": 1327.034483, "delta": 0.002257}}
{"target": -12.342545038350895, "params": {"colsample_bytree": 0.9613059489547809, "eta": 0.018351021824905396, "gamma": 558.2808235381945, "max_depth": 8.0, "min_child_weight": 4226.356652172929, "num_boost_round": 34.0, "subsample": 0.4653213828525753}, "datetime": {"datetime": "2024-01-20 14:46:00", "elapsed": 1327.03673, "delta": 0.002247}}
{"target": -12.34240497904484, "params": {"colsample_bytree": 0.9613059489547809, "eta": 0.018351021824905396, "gamma": 558.2808235381945, "max_depth": 8.0, "min_child_weight": 4226.356652172929, "num_boost_round": 35.0, "subsample": 0.4653213828525753}, "datetime": {"datetime": "2024-01-20 14:46:00", "elapsed": 1327.039134, "delta": 0.002404}}
{"target": -12.342443700625118, "params": {"colsample_bytree": 0.9613059489547809, "eta": 0.018351021824905396, "gamma": 558.2808235381945, "max_depth": 8.0, "min_child_weight": 4226.356652172929, "num_boost_round": 36.0, "subsample": 0.4653213828525753}, "datetime": {"datetime": "2024-01-20 14:46:00", "elapsed": 1327.041426, "delta": 0.002292}}
{"target": -12.342417955870042, "params": {"colsample_bytree": 0.9613059489547809, "eta": 0.018351021824905396, "gamma": 558.2808235381945, "max_depth": 8.0, "min_child_weight": 4226.356652172929, "num_boost_round": 37.0, "subsample": 0.4653213828525753}, "datetime": {"datetime": "2024-01-20 14:46:00", "elapsed": 1327.043697, "delta": 0.002271}}
{"target": -12.342377143184537, "params": {"colsample_bytree": 0.9613059489547809, "eta": 0.018351021824905396, "gamma": 558.2808235381945, "max_depth": 8.0, "min_child_weight": 4226.356652172929, "num_boost_round": 38.0, "subsample": 0.4653213828525753}, "datetime": {"datetime": "2024-01-20 14:46:00", "elapsed": 1327.045964, "delta": 0.002267}}
{"target": -12.342267923286629, "params": {"colsample_bytree": 0.9613059489547809, "eta": 0.018351021824905396, "gamma": 558.2808235381945, "max_depth": 8.0, "min_child_weight": 4226.356652172929, "num_boost_round": 39.0, "subsample": 0.4653213828525753}, "datetime": {"datetime": "2024-01-20 14:46:00", "elapsed": 1327.048237, "delta": 0.002273}}
{"target": -12.342177706869881, "params": {"colsample_bytree": 0.9613059489547809, "eta": 0.018351021824905396, "gamma": 558.2808235381945, "max_depth": 8.0, "min_child_weight": 4226.356652172929, "num_boost_round": 40.0, "subsample": 0.4653213828525753}, "datetime": {"datetime": "2024-01-20 14:46:00", "elapsed": 1327.050507, "delta": 0.00227}}
{"target": -12.341939113169452, "params": {"colsample_bytree": 0.9613059489547809, "eta": 0.018351021824905396, "gamma": 558.2808235381945, "max_depth": 8.0, "min_child_weight": 4226.356652172929, "num_boost_round": 41.0, "subsample": 0.4653213828525753}, "datetime": {"datetime": "2024-01-20 14:46:00", "elapsed": 1327.052781, "delta": 0.002274}}
{"target": -12.34181537577508, "params": {"colsample_bytree": 0.9613059489547809, "eta": 0.018351021824905396, "gamma": 558.2808235381945, "max_depth": 8.0, "min_child_weight": 4226.356652172929, "num_boost_round": 42.0, "subsample": 0.4653213828525753}, "datetime": {"datetime": "2024-01-20 14:46:00", "elapsed": 1327.055077, "delta": 0.002296}}
{"target": -12.341776269360885, "params": {"colsample_bytree": 0.9613059489547809, "eta": 0.018351021824905396, "gamma": 558.2808235381945, "max_depth": 8.0, "min_child_weight": 4226.356652172929, "num_boost_round": 43.0, "subsample": 0.4653213828525753}, "datetime": {"datetime": "2024-01-20 14:46:00", "elapsed": 1327.057369, "delta": 0.002292}}
{"target": -12.341557608940493, "params": {"colsample_bytree": 0.9613059489547809, "eta": 0.018351021824905396, "gamma": 558.2808235381945, "max_depth": 8.0, "min_child_weight": 4226.356652172929, "num_boost_round": 44.0, "subsample": 0.4653213828525753}, "datetime": {"datetime": "2024-01-20 14:46:00", "elapsed": 1327.059788, "delta": 0.002419}}
{"target": -12.341377252327488, "params": {"colsample_bytree": 0.9613059489547809, "eta": 0.018351021824905396, "gamma": 558.2808235381945, "max_depth": 8.0, "min_child_weight": 4226.356652172929, "num_boost_round": 45.0, "subsample": 0.4653213828525753}, "datetime": {"datetime": "2024-01-20 14:46:00", "elapsed": 1327.062184, "delta": 0.002396}}
{"target": -12.34133601934296, "params": {"colsample_bytree": 0.9613059489547809, "eta": 0.018351021824905396, "gamma": 558.2808235381945, "max_depth": 8.0, "min_child_weight": 4226.356652172929, "num_boost_round": 46.0, "subsample": 0.4653213828525753}, "datetime": {"datetime": "2024-01-20 14:46:00", "elapsed": 1327.064484, "delta": 0.0023}}
{"target": -12.341273979983267, "params": {"colsample_bytree": 0.9613059489547809, "eta": 0.018351021824905396, "gamma": 558.2808235381945, "max_depth": 8.0, "min_child_weight": 4226.356652172929, "num_boost_round": 47.0, "subsample": 0.4653213828525753}, "datetime": {"datetime": "2024-01-20 14:46:00", "elapsed": 1327.066775, "delta": 0.002291}}
{"target": -12.341302764351505, "params": {"colsample_bytree": 0.9613059489547809, "eta": 0.018351021824905396, "gamma": 558.2808235381945, "max_depth": 8.0, "min_child_weight": 4226.356652172929, "num_boost_round": 48.0, "subsample": 0.4653213828525753}, "datetime": {"datetime": "2024-01-20 14:46:00", "elapsed": 1327.06905, "delta": 0.002275}}
{"target": -12.341234737845435, "params": {"colsample_bytree": 0.9613059489547809, "eta": 0.018351021824905396, "gamma": 558.2808235381945, "max_depth": 8.0, "min_child_weight": 4226.356652172929, "num_boost_round": 49.0, "subsample": 0.4653213828525753}, "datetime": {"datetime": "2024-01-20 14:46:00", "elapsed": 1327.07133, "delta": 0.00228}}
{"target": -12.341306950784443, "params": {"colsample_bytree": 0.9613059489547809, "eta": 0.018351021824905396, "gamma": 558.2808235381945, "max_depth": 8.0, "min_child_weight": 4226.356652172929, "num_boost_round": 50.0, "subsample": 0.4653213828525753}, "datetime": {"datetime": "2024-01-20 14:46:00", "elapsed": 1327.073668, "delta": 0.002338}}
{"target": -12.341250421280357, "params": {"colsample_bytree": 0.9613059489547809, "eta": 0.018351021824905396, "gamma": 558.2808235381945, "max_depth": 8.0, "min_child_weight": 4226.356652172929, "num_boost_round": 51.0, "subsample": 0.4653213828525753}, "datetime": {"datetime": "2024-01-20 14:46:00", "elapsed": 1327.075956, "delta": 0.002288}}
{"target": -12.341216453082076, "params": {"colsample_bytree": 0.9613059489547809, "eta": 0.018351021824905396, "gamma": 558.2808235381945, "max_depth": 8.0, "min_child_weight": 4226.356652172929, "num_boost_round": 52.0, "subsample": 0.4653213828525753}, "datetime": {"datetime": "2024-01-20 14:46:00", "elapsed": 1327.078404, "delta": 0.002448}}
{"target": -12.341361058141295, "params": {"colsample_bytree": 0.9613059489547809, "eta": 0.018351021824905396, "gamma": 558.2808235381945, "max_depth": 8.0, "min_child_weight": 4226.356652172929, "num_boost_round": 53.0, "subsample": 0.4653213828525753}, "datetime": {"datetime": "2024-01-20 14:46:00", "elapsed": 1327.080711, "delta": 0.002307}}
{"target": -12.341345386996412, "params": {"colsample_bytree": 0.9613059489547809, "eta": 0.018351021824905396, "gamma": 558.2808235381945, "max_depth": 8.0, "min_child_weight": 4226.356652172929, "num_boost_round": 54.0, "subsample": 0.4653213828525753}, "datetime": {"datetime": "2024-01-20 14:46:00", "elapsed": 1327.083048, "delta": 0.002337}}
{"target": -12.341255528001128, "params": {"colsample_bytree": 0.9613059489547809, "eta": 0.018351021824905396, "gamma": 558.2808235381945, "max_depth": 8.0, "min_child_weight": 4226.356652172929, "num_boost_round": 55.0, "subsample": 0.4653213828525753}, "datetime": {"datetime": "2024-01-20 14:46:00", "elapsed": 1327.085404, "delta": 0.002356}}
{"target": -12.341314101737403, "params": {"colsample_bytree": 0.9613059489547809, "eta": 0.018351021824905396, "gamma": 558.2808235381945, "max_depth": 8.0, "min_child_weight": 4226.356652172929, "num_boost_round": 56.0, "subsample": 0.4653213828525753}, "datetime": {"datetime": "2024-01-20 14:46:00", "elapsed": 1327.087745, "delta": 0.002341}}
{"target": -12.341376278131456, "params": {"colsample_bytree": 0.9613059489547809, "eta": 0.018351021824905396, "gamma": 558.2808235381945, "max_depth": 8.0, "min_child_weight": 4226.356652172929, "num_boost_round": 57.0, "subsample": 0.4653213828525753}, "datetime": {"datetime": "2024-01-20 14:46:00", "elapsed": 1327.090056, "delta": 0.002311}}
{"target": -12.341433278794325, "params": {"colsample_bytree": 0.9613059489547809, "eta": 0.018351021824905396, "gamma": 558.2808235381945, "max_depth": 8.0, "min_child_weight": 4226.356652172929, "num_boost_round": 58.0, "subsample": 0.4653213828525753}, "datetime": {"datetime": "2024-01-20 14:46:00", "elapsed": 1327.09241, "delta": 0.002354}}
{"target": -12.341390822139859, "params": {"colsample_bytree": 0.9613059489547809, "eta": 0.018351021824905396, "gamma": 558.2808235381945, "max_depth": 8.0, "min_child_weight": 4226.356652172929, "num_boost_round": 59.0, "subsample": 0.4653213828525753}, "datetime": {"datetime": "2024-01-20 14:46:00", "elapsed": 1327.094723, "delta": 0.002313}}
{"target": -12.341443043686205, "params": {"colsample_bytree": 0.9613059489547809, "eta": 0.018351021824905396, "gamma": 558.2808235381945, "max_depth": 8.0, "min_child_weight": 4226.356652172929, "num_boost_round": 60.0, "subsample": 0.4653213828525753}, "datetime": {"datetime": "2024-01-20 14:46:00", "elapsed": 1327.097127, "delta": 0.002404}}
{"target": -12.34157738090005, "params": {"colsample_bytree": 0.9613059489547809, "eta": 0.018351021824905396, "gamma": 558.2808235381945, "max_depth": 8.0, "min_child_weight": 4226.356652172929, "num_boost_round": 61.0, "subsample": 0.4653213828525753}, "datetime": {"datetime": "2024-01-20 14:46:00", "elapsed": 1327.099544, "delta": 0.002417}}
{"target": -12.341699816234051, "params": {"colsample_bytree": 0.9613059489547809, "eta": 0.018351021824905396, "gamma": 558.2808235381945, "max_depth": 8.0, "min_child_weight": 4226.356652172929, "num_boost_round": 62.0, "subsample": 0.4653213828525753}, "datetime": {"datetime": "2024-01-20 14:46:00", "elapsed": 1327.101974, "delta": 0.00243}}
{"target": -12.34186071429751, "params": {"colsample_bytree": 0.9613059489547809, "eta": 0.018351021824905396, "gamma": 558.2808235381945, "max_depth": 8.0, "min_child_weight": 4226.356652172929, "num_boost_round": 63.0, "subsample": 0.4653213828525753}, "datetime": {"datetime": "2024-01-20 14:46:00", "elapsed": 1327.104314, "delta": 0.00234}}
{"target": -12.342013075095046, "params": {"colsample_bytree": 0.9613059489547809, "eta": 0.018351021824905396, "gamma": 558.2808235381945, "max_depth": 8.0, "min_child_weight": 4226.356652172929, "num_boost_round": 64.0, "subsample": 0.4653213828525753}, "datetime": {"datetime": "2024-01-20 14:46:00", "elapsed": 1327.106651, "delta": 0.002337}}
{"target": -12.342176390629826, "params": {"colsample_bytree": 0.9613059489547809, "eta": 0.018351021824905396, "gamma": 558.2808235381945, "max_depth": 8.0, "min_child_weight": 4226.356652172929, "num_boost_round": 65.0, "subsample": 0.4653213828525753}, "datetime": {"datetime": "2024-01-20 14:46:00", "elapsed": 1327.108989, "delta": 0.002338}}
{"target": -12.342287673921764, "params": {"colsample_bytree": 0.9613059489547809, "eta": 0.018351021824905396, "gamma": 558.2808235381945, "max_depth": 8.0, "min_child_weight": 4226.356652172929, "num_boost_round": 66.0, "subsample": 0.4653213828525753}, "datetime": {"datetime": "2024-01-20 14:46:00", "elapsed": 1327.111333, "delta": 0.002344}}
{"target": -12.342470123842745, "params": {"colsample_bytree": 0.9613059489547809, "eta": 0.018351021824905396, "gamma": 558.2808235381945, "max_depth": 8.0, "min_child_weight": 4226.356652172929, "num_boost_round": 67.0, "subsample": 0.4653213828525753}, "datetime": {"datetime": "2024-01-20 14:46:00", "elapsed": 1327.113675, "delta": 0.002342}}
{"target": -12.342423228867839, "params": {"colsample_bytree": 0.9613059489547809, "eta": 0.018351021824905396, "gamma": 558.2808235381945, "max_depth": 8.0, "min_child_weight": 4226.356652172929, "num_boost_round": 68.0, "subsample": 0.4653213828525753}, "datetime": {"datetime": "2024-01-20 14:46:00", "elapsed": 1327.116039, "delta": 0.002364}}
{"target": -12.342562535292094, "params": {"colsample_bytree": 0.9613059489547809, "eta": 0.018351021824905396, "gamma": 558.2808235381945, "max_depth": 8.0, "min_child_weight": 4226.356652172929, "num_boost_round": 69.0, "subsample": 0.4653213828525753}, "datetime": {"datetime": "2024-01-20 14:46:00", "elapsed": 1327.118563, "delta": 0.002524}}
{"target": -12.342595038851243, "params": {"colsample_bytree": 0.9613059489547809, "eta": 0.018351021824905396, "gamma": 558.2808235381945, "max_depth": 8.0, "min_child_weight": 4226.356652172929, "num_boost_round": 70.0, "subsample": 0.4653213828525753}, "datetime": {"datetime": "2024-01-20 14:46:00", "elapsed": 1327.121042, "delta": 0.002479}}
{"target": -12.342658685469285, "params": {"colsample_bytree": 0.9613059489547809, "eta": 0.018351021824905396, "gamma": 558.2808235381945, "max_depth": 8.0, "min_child_weight": 4226.356652172929, "num_boost_round": 71.0, "subsample": 0.4653213828525753}, "datetime": {"datetime": "2024-01-20 14:46:00", "elapsed": 1327.123451, "delta": 0.002409}}
{"target": -12.342711698165305, "params": {"colsample_bytree": 0.9613059489547809, "eta": 0.018351021824905396, "gamma": 558.2808235381945, "max_depth": 8.0, "min_child_weight": 4226.356652172929, "num_boost_round": 72.0, "subsample": 0.4653213828525753}, "datetime": {"datetime": "2024-01-20 14:46:00", "elapsed": 1327.126052, "delta": 0.002601}}
{"target": -12.342799630699755, "params": {"colsample_bytree": 0.9613059489547809, "eta": 0.018351021824905396, "gamma": 558.2808235381945, "max_depth": 8.0, "min_child_weight": 4226.356652172929, "num_boost_round": 73.0, "subsample": 0.4653213828525753}, "datetime": {"datetime": "2024-01-20 14:46:00", "elapsed": 1327.128451, "delta": 0.002399}}
{"target": -12.342838415514105, "params": {"colsample_bytree": 0.9613059489547809, "eta": 0.018351021824905396, "gamma": 558.2808235381945, "max_depth": 8.0, "min_child_weight": 4226.356652172929, "num_boost_round": 74.0, "subsample": 0.4653213828525753}, "datetime": {"datetime": "2024-01-20 14:46:00", "elapsed": 1327.130897, "delta": 0.002446}}
{"target": -12.342808370128655, "params": {"colsample_bytree": 0.9613059489547809, "eta": 0.018351021824905396, "gamma": 558.2808235381945, "max_depth": 8.0, "min_child_weight": 4226.356652172929, "num_boost_round": 75.0, "subsample": 0.4653213828525753}, "datetime": {"datetime": "2024-01-20 14:46:00", "elapsed": 1327.133283, "delta": 0.002386}}
{"target": -12.342906057740802, "params": {"colsample_bytree": 0.9613059489547809, "eta": 0.018351021824905396, "gamma": 558.2808235381945, "max_depth": 8.0, "min_child_weight": 4226.356652172929, "num_boost_round": 76.0, "subsample": 0.4653213828525753}, "datetime": {"datetime": "2024-01-20 14:46:00", "elapsed": 1327.135671, "delta": 0.002388}}
{"target": -12.356798164359851, "params": {"colsample_bytree": 0.459904610293992, "eta": 0.0757842768246726, "gamma": 541.7887891981114, "max_depth": 9.0, "min_child_weight": 4221.979708989546, "num_boost_round": 1.0, "subsample": 0.9108927760902331}, "datetime": {"datetime": "2024-01-20 14:46:38", "elapsed": 1364.544813, "delta": 37.409142}}
{"target": -12.355097252633783, "params": {"colsample_bytree": 0.459904610293992, "eta": 0.0757842768246726, "gamma": 541.7887891981114, "max_depth": 9.0, "min_child_weight": 4221.979708989546, "num_boost_round": 2.0, "subsample": 0.9108927760902331}, "datetime": {"datetime": "2024-01-20 14:46:38", "elapsed": 1364.562534, "delta": 0.017721}}
{"target": -12.35142712530507, "params": {"colsample_bytree": 0.459904610293992, "eta": 0.0757842768246726, "gamma": 541.7887891981114, "max_depth": 9.0, "min_child_weight": 4221.979708989546, "num_boost_round": 3.0, "subsample": 0.9108927760902331}, "datetime": {"datetime": "2024-01-20 14:46:38", "elapsed": 1364.565173, "delta": 0.002639}}
{"target": -12.351363774239596, "params": {"colsample_bytree": 0.459904610293992, "eta": 0.0757842768246726, "gamma": 541.7887891981114, "max_depth": 9.0, "min_child_weight": 4221.979708989546, "num_boost_round": 4.0, "subsample": 0.9108927760902331}, "datetime": {"datetime": "2024-01-20 14:46:38", "elapsed": 1364.567589, "delta": 0.002416}}
{"target": -12.348836529455053, "params": {"colsample_bytree": 0.459904610293992, "eta": 0.0757842768246726, "gamma": 541.7887891981114, "max_depth": 9.0, "min_child_weight": 4221.979708989546, "num_boost_round": 5.0, "subsample": 0.9108927760902331}, "datetime": {"datetime": "2024-01-20 14:46:38", "elapsed": 1364.570084, "delta": 0.002495}}
