{"target": -13.396892042949798, "params": {"colsample_bytree": 0.35532787133947563, "eta": 0.03747405560747461, "gamma": 683.6334697218886, "max_depth": 7.0, "min_child_weight": 3718.0111001562746, "num_boost_round": 18.0, "subsample": 0.14321702517759208}, "datetime": {"datetime": "2024-01-20 14:56:45", "elapsed": 1940.040601, "delta": 0.001935}}
{"target": -13.397135205487192, "params": {"colsample_bytree": 0.35532787133947563, "eta": 0.03747405560747461, "gamma": 683.6334697218886, "max_depth": 7.0, "min_child_weight": 3718.0111001562746, "num_boost_round": 19.0, "subsample": 0.14321702517759208}, "datetime": {"datetime": "2024-01-20 14:56:45", "elapsed": 1940.042554, "delta": 0.001953}}
{"target": -13.397123038230069, "params": {"colsample_bytree": 0.35532787133947563, "eta": 0.03747405560747461, "gamma": 683.6334697218886, "max_depth": 7.0, "min_child_weight": 3718.0111001562746, "num_boost_round": 20.0, "subsample": 0.14321702517759208}, "datetime": {"datetime": "2024-01-20 14:56:45", "elapsed": 1940.049327, "delta": 0.006773}}
{"target": -13.39709115440191, "params": {"colsample_bytree": 0.35532787133947563, "eta": 0.03747405560747461, "gamma": 683.6334697218886, "max_depth": 7.0, "min_child_weight": 3718.0111001562746, "num_boost_round": 21.0, "subsample": 0.14321702517759208}, "datetime": {"datetime": "2024-01-20 14:56:45", "elapsed": 1940.051295, "delta": 0.001968}}
{"target": -13.397174012981552, "params": {"colsample_bytree": 0.35532787133947563, "eta": 0.03747405560747461, "gamma": 683.6334697218886, "max_depth": 7.0, "min_child_weight": 3718.0111001562746, "num_boost_round": 22.0, "subsample": 0.14321702517759208}, "datetime": {"datetime": "2024-01-20 14:56:45", "elapsed": 1940.053245, "delta": 0.00195}}
{"target": -13.397253337052938, "params": {"colsample_bytree": 0.35532787133947563, "eta": 0.03747405560747461, "gamma": 683.6334697218886, "max_depth": 7.0, "min_child_weight": 3718.0111001562746, "num_boost_round": 23.0, "subsample": 0.14321702517759208}, "datetime": {"datetime": "2024-01-20 14:56:45", "elapsed": 1940.055163, "delta": 0.001918}}
{"target": -13.3973700582085, "params": {"colsample_bytree": 0.35532787133947563, "eta": 0.03747405560747461, "gamma": 683.6334697218886, "max_depth": 7.0, "min_child_weight": 3718.0111001562746, "num_boost_round": 24.0, "subsample": 0.14321702517759208}, "datetime": {"datetime": "2024-01-20 14:56:45", "elapsed": 1940.057083, "delta": 0.00192}}
{"target": -13.397448920734881, "params": {"colsample_bytree": 0.35532787133947563, "eta": 0.03747405560747461, "gamma": 683.6334697218886, "max_depth": 7.0, "min_child_weight": 3718.0111001562746, "num_boost_round": 25.0, "subsample": 0.14321702517759208}, "datetime": {"datetime": "2024-01-20 14:56:45", "elapsed": 1940.059179, "delta": 0.002096}}
{"target": -13.397590235334766, "params": {"colsample_bytree": 0.35532787133947563, "eta": 0.03747405560747461, "gamma": 683.6334697218886, "max_depth": 7.0, "min_child_weight": 3718.0111001562746, "num_boost_round": 26.0, "subsample": 0.14321702517759208}, "datetime": {"datetime": "2024-01-20 14:56:45", "elapsed": 1940.061115, "delta": 0.001936}}
{"target": -13.397876694613098, "params": {"colsample_bytree": 0.35532787133947563, "eta": 0.03747405560747461, "gamma": 683.6334697218886, "max_depth": 7.0, "min_child_weight": 3718.0111001562746, "num_boost_round": 27.0, "subsample": 0.14321702517759208}, "datetime": {"datetime": "2024-01-20 14:56:45", "elapsed": 1940.063091, "delta": 0.001976}}
{"target": -13.398098392296724, "params": {"colsample_bytree": 0.35532787133947563, "eta": 0.03747405560747461, "gamma": 683.6334697218886, "max_depth": 7.0, "min_child_weight": 3718.0111001562746, "num_boost_round": 28.0, "subsample": 0.14321702517759208}, "datetime": {"datetime": "2024-01-20 14:56:45", "elapsed": 1940.065012, "delta": 0.001921}}
{"target": -13.398304283682357, "params": {"colsample_bytree": 0.35532787133947563, "eta": 0.03747405560747461, "gamma": 683.6334697218886, "max_depth": 7.0, "min_child_weight": 3718.0111001562746, "num_boost_round": 29.0, "subsample": 0.14321702517759208}, "datetime": {"datetime": "2024-01-20 14:56:45", "elapsed": 1940.067001, "delta": 0.001989}}
{"target": -13.398327747608661, "params": {"colsample_bytree": 0.35532787133947563, "eta": 0.03747405560747461, "gamma": 683.6334697218886, "max_depth": 7.0, "min_child_weight": 3718.0111001562746, "num_boost_round": 30.0, "subsample": 0.14321702517759208}, "datetime": {"datetime": "2024-01-20 14:56:45", "elapsed": 1940.068925, "delta": 0.001924}}
{"target": -13.39854502014354, "params": {"colsample_bytree": 0.35532787133947563, "eta": 0.03747405560747461, "gamma": 683.6334697218886, "max_depth": 7.0, "min_child_weight": 3718.0111001562746, "num_boost_round": 31.0, "subsample": 0.14321702517759208}, "datetime": {"datetime": "2024-01-20 14:56:45", "elapsed": 1940.071132, "delta": 0.002207}}
{"target": -13.398823137848135, "params": {"colsample_bytree": 0.35532787133947563, "eta": 0.03747405560747461, "gamma": 683.6334697218886, "max_depth": 7.0, "min_child_weight": 3718.0111001562746, "num_boost_round": 32.0, "subsample": 0.14321702517759208}, "datetime": {"datetime": "2024-01-20 14:56:45", "elapsed": 1940.073122, "delta": 0.00199}}
{"target": -13.398900144577258, "params": {"colsample_bytree": 0.35532787133947563, "eta": 0.03747405560747461, "gamma": 683.6334697218886, "max_depth": 7.0, "min_child_weight": 3718.0111001562746, "num_boost_round": 33.0, "subsample": 0.14321702517759208}, "datetime": {"datetime": "2024-01-20 14:56:45", "elapsed": 1940.075109, "delta": 0.001987}}
{"target": -13.398952499156541, "params": {"colsample_bytree": 0.35532787133947563, "eta": 0.03747405560747461, "gamma": 683.6334697218886, "max_depth": 7.0, "min_child_weight": 3718.0111001562746, "num_boost_round": 34.0, "subsample": 0.14321702517759208}, "datetime": {"datetime": "2024-01-20 14:56:45", "elapsed": 1940.077101, "delta": 0.001992}}
{"target": -13.399080674552478, "params": {"colsample_bytree": 0.35532787133947563, "eta": 0.03747405560747461, "gamma": 683.6334697218886, "max_depth": 7.0, "min_child_weight": 3718.0111001562746, "num_boost_round": 35.0, "subsample": 0.14321702517759208}, "datetime": {"datetime": "2024-01-20 14:56:45", "elapsed": 1940.079197, "delta": 0.002096}}
{"target": -13.39922319927398, "params": {"colsample_bytree": 0.35532787133947563, "eta": 0.03747405560747461, "gamma": 683.6334697218886, "max_depth": 7.0, "min_child_weight": 3718.0111001562746, "num_boost_round": 36.0, "subsample": 0.14321702517759208}, "datetime": {"datetime": "2024-01-20 14:56:45", "elapsed": 1940.081166, "delta": 0.001969}}
{"target": -13.399307653873016, "params": {"colsample_bytree": 0.35532787133947563, "eta": 0.03747405560747461, "gamma": 683.6334697218886, "max_depth": 7.0, "min_child_weight": 3718.0111001562746, "num_boost_round": 37.0, "subsample": 0.14321702517759208}, "datetime": {"datetime": "2024-01-20 14:56:45", "elapsed": 1940.083165, "delta": 0.001999}}
{"target": -13.39952270667207, "params": {"colsample_bytree": 0.35532787133947563, "eta": 0.03747405560747461, "gamma": 683.6334697218886, "max_depth": 7.0, "min_child_weight": 3718.0111001562746, "num_boost_round": 38.0, "subsample": 0.14321702517759208}, "datetime": {"datetime": "2024-01-20 14:56:45", "elapsed": 1940.085194, "delta": 0.002029}}
{"target": -13.399703763047343, "params": {"colsample_bytree": 0.35532787133947563, "eta": 0.03747405560747461, "gamma": 683.6334697218886, "max_depth": 7.0, "min_child_weight": 3718.0111001562746, "num_boost_round": 39.0, "subsample": 0.14321702517759208}, "datetime": {"datetime": "2024-01-20 14:56:45", "elapsed": 1940.087209, "delta": 0.002015}}
{"target": -13.399780901323425, "params": {"colsample_bytree": 0.35532787133947563, "eta": 0.03747405560747461, "gamma": 683.6334697218886, "max_depth": 7.0, "min_child_weight": 3718.0111001562746, "num_boost_round": 40.0, "subsample": 0.14321702517759208}, "datetime": {"datetime": "2024-01-20 14:56:45", "elapsed": 1940.089428, "delta": 0.002219}}
{"target": -13.400002069103325, "params": {"colsample_bytree": 0.35532787133947563, "eta": 0.03747405560747461, "gamma": 683.6334697218886, "max_depth": 7.0, "min_child_weight": 3718.0111001562746, "num_boost_round": 41.0, "subsample": 0.14321702517759208}, "datetime": {"datetime": "2024-01-20 14:56:45", "elapsed": 1940.09162, "delta": 0.002192}}
{"target": -13.400141501974629, "params": {"colsample_bytree": 0.35532787133947563, "eta": 0.03747405560747461, "gamma": 683.6334697218886, "max_depth": 7.0, "min_child_weight": 3718.0111001562746, "num_boost_round": 42.0, "subsample": 0.14321702517759208}, "datetime": {"datetime": "2024-01-20 14:56:45", "elapsed": 1940.093827, "delta": 0.002207}}
{"target": -13.400184538350556, "params": {"colsample_bytree": 0.35532787133947563, "eta": 0.03747405560747461, "gamma": 683.6334697218886, "max_depth": 7.0, "min_child_weight": 3718.0111001562746, "num_boost_round": 43.0, "subsample": 0.14321702517759208}, "datetime": {"datetime": "2024-01-20 14:56:45", "elapsed": 1940.095822, "delta": 0.001995}}
{"target": -13.400439503639706, "params": {"colsample_bytree": 0.35532787133947563, "eta": 0.03747405560747461, "gamma": 683.6334697218886, "max_depth": 7.0, "min_child_weight": 3718.0111001562746, "num_boost_round": 44.0, "subsample": 0.14321702517759208}, "datetime": {"datetime": "2024-01-20 14:56:45", "elapsed": 1940.097827, "delta": 0.002005}}
{"target": -13.40067353484147, "params": {"colsample_bytree": 0.35532787133947563, "eta": 0.03747405560747461, "gamma": 683.6334697218886, "max_depth": 7.0, "min_child_weight": 3718.0111001562746, "num_boost_round": 45.0, "subsample": 0.14321702517759208}, "datetime": {"datetime": "2024-01-20 14:56:45", "elapsed": 1940.09984, "delta": 0.002013}}
{"target": -13.400761429804684, "params": {"colsample_bytree": 0.35532787133947563, "eta": 0.03747405560747461, "gamma": 683.6334697218886, "max_depth": 7.0, "min_child_weight": 3718.0111001562746, "num_boost_round": 46.0, "subsample": 0.14321702517759208}, "datetime": {"datetime": "2024-01-20 14:56:45", "elapsed": 1940.101837, "delta": 0.001997}}
{"target": -13.40077078038618, "params": {"colsample_bytree": 0.35532787133947563, "eta": 0.03747405560747461, "gamma": 683.6334697218886, "max_depth": 7.0, "min_child_weight": 3718.0111001562746, "num_boost_round": 47.0, "subsample": 0.14321702517759208}, "datetime": {"datetime": "2024-01-20 14:56:45", "elapsed": 1940.103832, "delta": 0.001995}}
{"target": -13.401021336105174, "params": {"colsample_bytree": 0.35532787133947563, "eta": 0.03747405560747461, "gamma": 683.6334697218886, "max_depth": 7.0, "min_child_weight": 3718.0111001562746, "num_boost_round": 48.0, "subsample": 0.14321702517759208}, "datetime": {"datetime": "2024-01-20 14:56:45", "elapsed": 1940.105815, "delta": 0.001983}}
{"target": -13.401022249964102, "params": {"colsample_bytree": 0.35532787133947563, "eta": 0.03747405560747461, "gamma": 683.6334697218886, "max_depth": 7.0, "min_child_weight": 3718.0111001562746, "num_boost_round": 49.0, "subsample": 0.14321702517759208}, "datetime": {"datetime": "2024-01-20 14:56:45", "elapsed": 1940.107909, "delta": 0.002094}}
{"target": -13.401111593391057, "params": {"colsample_bytree": 0.35532787133947563, "eta": 0.03747405560747461, "gamma": 683.6334697218886, "max_depth": 7.0, "min_child_weight": 3718.0111001562746, "num_boost_round": 50.0, "subsample": 0.14321702517759208}, "datetime": {"datetime": "2024-01-20 14:56:45", "elapsed": 1940.109865, "delta": 0.001956}}
{"target": -13.401229513760379, "params": {"colsample_bytree": 0.35532787133947563, "eta": 0.03747405560747461, "gamma": 683.6334697218886, "max_depth": 7.0, "min_child_weight": 3718.0111001562746, "num_boost_round": 51.0, "subsample": 0.14321702517759208}, "datetime": {"datetime": "2024-01-20 14:56:45", "elapsed": 1940.11186, "delta": 0.001995}}
{"target": -13.401260371003449, "params": {"colsample_bytree": 0.35532787133947563, "eta": 0.03747405560747461, "gamma": 683.6334697218886, "max_depth": 7.0, "min_child_weight": 3718.0111001562746, "num_boost_round": 52.0, "subsample": 0.14321702517759208}, "datetime": {"datetime": "2024-01-20 14:56:45", "elapsed": 1940.113833, "delta": 0.001973}}
{"target": -13.401364545128391, "params": {"colsample_bytree": 0.35532787133947563, "eta": 0.03747405560747461, "gamma": 683.6334697218886, "max_depth": 7.0, "min_child_weight": 3718.0111001562746, "num_boost_round": 53.0, "subsample": 0.14321702517759208}, "datetime": {"datetime": "2024-01-20 14:56:45", "elapsed": 1940.11582, "delta": 0.001987}}
{"target": -13.401817925191093, "params": {"colsample_bytree": 0.35532787133947563, "eta": 0.03747405560747461, "gamma": 683.6334697218886, "max_depth": 7.0, "min_child_weight": 3718.0111001562746, "num_boost_round": 54.0, "subsample": 0.14321702517759208}, "datetime": {"datetime": "2024-01-20 14:56:45", "elapsed": 1940.117767, "delta": 0.001947}}
{"target": -13.401955022462001, "params": {"colsample_bytree": 0.35532787133947563, "eta": 0.03747405560747461, "gamma": 683.6334697218886, "max_depth": 7.0, "min_child_weight": 3718.0111001562746, "num_boost_round": 55.0, "subsample": 0.14321702517759208}, "datetime": {"datetime": "2024-01-20 14:56:45", "elapsed": 1940.119868, "delta": 0.002101}}
{"target": -13.402114749673105, "params": {"colsample_bytree": 0.35532787133947563, "eta": 0.03747405560747461, "gamma": 683.6334697218886, "max_depth": 7.0, "min_child_weight": 3718.0111001562746, "num_boost_round": 56.0, "subsample": 0.14321702517759208}, "datetime": {"datetime": "2024-01-20 14:56:45", "elapsed": 1940.121859, "delta": 0.001991}}
{"target": -13.402206056161026, "params": {"colsample_bytree": 0.35532787133947563, "eta": 0.03747405560747461, "gamma": 683.6334697218886, "max_depth": 7.0, "min_child_weight": 3718.0111001562746, "num_boost_round": 57.0, "subsample": 0.14321702517759208}, "datetime": {"datetime": "2024-01-20 14:56:45", "elapsed": 1940.123848, "delta": 0.001989}}
{"target": -13.402161343244945, "params": {"colsample_bytree": 0.35532787133947563, "eta": 0.03747405560747461, "gamma": 683.6334697218886, "max_depth": 7.0, "min_child_weight": 3718.0111001562746, "num_boost_round": 58.0, "subsample": 0.14321702517759208}, "datetime": {"datetime": "2024-01-20 14:56:45", "elapsed": 1940.125811, "delta": 0.001963}}
{"target": -13.40217466743534, "params": {"colsample_bytree": 0.35532787133947563, "eta": 0.03747405560747461, "gamma": 683.6334697218886, "max_depth": 7.0, "min_child_weight": 3718.0111001562746, "num_boost_round": 59.0, "subsample": 0.14321702517759208}, "datetime": {"datetime": "2024-01-20 14:56:45", "elapsed": 1940.127791, "delta": 0.00198}}
{"target": -13.402274844358406, "params": {"colsample_bytree": 0.35532787133947563, "eta": 0.03747405560747461, "gamma": 683.6334697218886, "max_depth": 7.0, "min_child_weight": 3718.0111001562746, "num_boost_round": 60.0, "subsample": 0.14321702517759208}, "datetime": {"datetime": "2024-01-20 14:56:45", "elapsed": 1940.129953, "delta": 0.002162}}
{"target": -13.402332798129946, "params": {"colsample_bytree": 0.35532787133947563, "eta": 0.03747405560747461, "gamma": 683.6334697218886, "max_depth": 7.0, "min_child_weight": 3718.0111001562746, "num_boost_round": 61.0, "subsample": 0.14321702517759208}, "datetime": {"datetime": "2024-01-20 14:56:45", "elapsed": 1940.131952, "delta": 0.001999}}
{"target": -13.402449320056318, "params": {"colsample_bytree": 0.35532787133947563, "eta": 0.03747405560747461, "gamma": 683.6334697218886, "max_depth": 7.0, "min_child_weight": 3718.0111001562746, "num_boost_round": 62.0, "subsample": 0.14321702517759208}, "datetime": {"datetime": "2024-01-20 14:56:45", "elapsed": 1940.133958, "delta": 0.002006}}
{"target": -13.402666463313505, "params": {"colsample_bytree": 0.35532787133947563, "eta": 0.03747405560747461, "gamma": 683.6334697218886, "max_depth": 7.0, "min_child_weight": 3718.0111001562746, "num_boost_round": 63.0, "subsample": 0.14321702517759208}, "datetime": {"datetime": "2024-01-20 14:56:45", "elapsed": 1940.135978, "delta": 0.00202}}
{"target": -13.402879509066802, "params": {"colsample_bytree": 0.35532787133947563, "eta": 0.03747405560747461, "gamma": 683.6334697218886, "max_depth": 7.0, "min_child_weight": 3718.0111001562746, "num_boost_round": 64.0, "subsample": 0.14321702517759208}, "datetime": {"datetime": "2024-01-20 14:56:45", "elapsed": 1940.138482, "delta": 0.002504}}
{"target": -13.402956553551585, "params": {"colsample_bytree": 0.35532787133947563, "eta": 0.03747405560747461, "gamma": 683.6334697218886, "max_depth": 7.0, "min_child_weight": 3718.0111001562746, "num_boost_round": 65.0, "subsample": 0.14321702517759208}, "datetime": {"datetime": "2024-01-20 14:56:45", "elapsed": 1940.141251, "delta": 0.002769}}
{"target": -13.403102980899725, "params": {"colsample_bytree": 0.35532787133947563, "eta": 0.03747405560747461, "gamma": 683.6334697218886, "max_depth": 7.0, "min_child_weight": 3718.0111001562746, "num_boost_round": 66.0, "subsample": 0.14321702517759208}, "datetime": {"datetime": "2024-01-20 14:56:45", "elapsed": 1940.143959, "delta": 0.002708}}
{"target": -13.403126360544569, "params": {"colsample_bytree": 0.35532787133947563, "eta": 0.03747405560747461, "gamma": 683.6334697218886, "max_depth": 7.0, "min_child_weight": 3718.0111001562746, "num_boost_round": 67.0, "subsample": 0.14321702517759208}, "datetime": {"datetime": "2024-01-20 14:56:45", "elapsed": 1940.146977, "delta": 0.003018}}
{"target": -13.403175420888395, "params": {"colsample_bytree": 0.35532787133947563, "eta": 0.03747405560747461, "gamma": 683.6334697218886, "max_depth": 7.0, "min_child_weight": 3718.0111001562746, "num_boost_round": 68.0, "subsample": 0.14321702517759208}, "datetime": {"datetime": "2024-01-20 14:56:45", "elapsed": 1940.149451, "delta": 0.002474}}
{"target": -13.403269926118849, "params": {"colsample_bytree": 0.35532787133947563, "eta": 0.03747405560747461, "gamma": 683.6334697218886, "max_depth": 7.0, "min_child_weight": 3718.0111001562746, "num_boost_round": 69.0, "subsample": 0.14321702517759208}, "datetime": {"datetime": "2024-01-20 14:56:45", "elapsed": 1940.151474, "delta": 0.002023}}
{"target": -13.403455880697887, "params": {"colsample_bytree": 0.35532787133947563, "eta": 0.03747405560747461, "gamma": 683.6334697218886, "max_depth": 7.0, "min_child_weight": 3718.0111001562746, "num_boost_round": 70.0, "subsample": 0.14321702517759208}, "datetime": {"datetime": "2024-01-20 14:56:45", "elapsed": 1940.153476, "delta": 0.002002}}
{"target": -13.397305006336271, "params": {"colsample_bytree": 0.9600859590720802, "eta": 0.042614770686341966, "gamma": 420.49152836192906, "max_depth": 7.0, "min_child_weight": 3849.8113520543848, "num_boost_round": 1.0, "subsample": 0.9596922866761236}, "datetime": {"datetime": "2024-01-20 14:57:07", "elapsed": 1961.668492, "delta": 21.515016}}
{"target": -13.39719189718049, "params": {"colsample_bytree": 0.9600859590720802, "eta": 0.042614770686341966, "gamma": 420.49152836192906, "max_depth": 7.0, "min_child_weight": 3849.8113520543848, "num_boost_round": 2.0, "subsample": 0.9596922866761236}, "datetime": {"datetime": "2024-01-20 14:57:07", "elapsed": 1961.671498, "delta": 0.003006}}
{"target": -13.39764214069125, "params": {"colsample_bytree": 0.9600859590720802, "eta": 0.042614770686341966, "gamma": 420.49152836192906, "max_depth": 7.0, "min_child_weight": 3849.8113520543848, "num_boost_round": 3.0, "subsample": 0.9596922866761236}, "datetime": {"datetime": "2024-01-20 14:57:07", "elapsed": 1961.673956, "delta": 0.002458}}
{"target": -13.397859011826402, "params": {"colsample_bytree": 0.9600859590720802, "eta": 0.042614770686341966, "gamma": 420.49152836192906, "max_depth": 7.0, "min_child_weight": 3849.8113520543848, "num_boost_round": 4.0, "subsample": 0.9596922866761236}, "datetime": {"datetime": "2024-01-20 14:57:07", "elapsed": 1961.676083, "delta": 0.002127}}
{"target": -13.397736788122552, "params": {"colsample_bytree": 0.6369739385254808, "eta": 0.0230061030797515, "gamma": 521.6010689887811, "max_depth": 6.0, "min_child_weight": 3371.4098213448256, "num_boost_round": 1.0, "subsample": 0.4263083507007961}, "datetime": {"datetime": "2024-01-20 14:57:45", "elapsed": 1999.875836, "delta": 38.199753}}
{"target": -13.397567913799897, "params": {"colsample_bytree": 0.6369739385254808, "eta": 0.0230061030797515, "gamma": 521.6010689887811, "max_depth": 6.0, "min_child_weight": 3371.4098213448256, "num_boost_round": 2.0, "subsample": 0.4263083507007961}, "datetime": {"datetime": "2024-01-20 14:57:45", "elapsed": 1999.880019, "delta": 0.004183}}
{"target": -13.39752500015041, "params": {"colsample_bytree": 0.6369739385254808, "eta": 0.0230061030797515, "gamma": 521.6010689887811, "max_depth": 6.0, "min_child_weight": 3371.4098213448256, "num_boost_round": 3.0, "subsample": 0.4263083507007961}, "datetime": {"datetime": "2024-01-20 14:57:45", "elapsed": 1999.882255, "delta": 0.002236}}
{"target": -13.397592377039093, "params": {"colsample_bytree": 0.6369739385254808, "eta": 0.0230061030797515, "gamma": 521.6010689887811, "max_depth": 6.0, "min_child_weight": 3371.4098213448256, "num_boost_round": 4.0, "subsample": 0.4263083507007961}, "datetime": {"datetime": "2024-01-20 14:57:45", "elapsed": 1999.884494, "delta": 0.002239}}
{"target": -13.397524353615736, "params": {"colsample_bytree": 0.6369739385254808, "eta": 0.0230061030797515, "gamma": 521.6010689887811, "max_depth": 6.0, "min_child_weight": 3371.4098213448256, "num_boost_round": 5.0, "subsample": 0.4263083507007961}, "datetime": {"datetime": "2024-01-20 14:57:45", "elapsed": 1999.886647, "delta": 0.002153}}
