{"target": -15.168007629877057, "params": {"colsample_bytree": 0.1996042439396892, "eta": 0.04021781156689202, "gamma": 472.7241039714316, "max_depth": 8.0, "min_child_weight": 4307.701184707059, "num_boost_round": 5.0, "subsample": 0.7996809849488367}, "datetime": {"datetime": "2024-01-20 16:14:09", "elapsed": 6606.598971, "delta": 0.006942}}
{"target": -15.166837257334102, "params": {"colsample_bytree": 0.1996042439396892, "eta": 0.04021781156689202, "gamma": 472.7241039714316, "max_depth": 8.0, "min_child_weight": 4307.701184707059, "num_boost_round": 6.0, "subsample": 0.7996809849488367}, "datetime": {"datetime": "2024-01-20 16:14:09", "elapsed": 6606.605852, "delta": 0.006881}}
{"target": -15.165799288946875, "params": {"colsample_bytree": 0.1996042439396892, "eta": 0.04021781156689202, "gamma": 472.7241039714316, "max_depth": 8.0, "min_child_weight": 4307.701184707059, "num_boost_round": 7.0, "subsample": 0.7996809849488367}, "datetime": {"datetime": "2024-01-20 16:14:09", "elapsed": 6606.611833, "delta": 0.005981}}
{"target": -15.164673448748385, "params": {"colsample_bytree": 0.1996042439396892, "eta": 0.04021781156689202, "gamma": 472.7241039714316, "max_depth": 8.0, "min_child_weight": 4307.701184707059, "num_boost_round": 8.0, "subsample": 0.7996809849488367}, "datetime": {"datetime": "2024-01-20 16:14:09", "elapsed": 6606.617676, "delta": 0.005843}}
{"target": -15.164538897806334, "params": {"colsample_bytree": 0.1996042439396892, "eta": 0.04021781156689202, "gamma": 472.7241039714316, "max_depth": 8.0, "min_child_weight": 4307.701184707059, "num_boost_round": 9.0, "subsample": 0.7996809849488367}, "datetime": {"datetime": "2024-01-20 16:14:09", "elapsed": 6606.623688, "delta": 0.006012}}
{"target": -15.163794929895369, "params": {"colsample_bytree": 0.1996042439396892, "eta": 0.04021781156689202, "gamma": 472.7241039714316, "max_depth": 8.0, "min_child_weight": 4307.701184707059, "num_boost_round": 10.0, "subsample": 0.7996809849488367}, "datetime": {"datetime": "2024-01-20 16:14:09", "elapsed": 6606.629742, "delta": 0.006054}}
{"target": -15.163844272578402, "params": {"colsample_bytree": 0.1996042439396892, "eta": 0.04021781156689202, "gamma": 472.7241039714316, "max_depth": 8.0, "min_child_weight": 4307.701184707059, "num_boost_round": 11.0, "subsample": 0.7996809849488367}, "datetime": {"datetime": "2024-01-20 16:14:09", "elapsed": 6606.635549, "delta": 0.005807}}
{"target": -15.163753861950475, "params": {"colsample_bytree": 0.1996042439396892, "eta": 0.04021781156689202, "gamma": 472.7241039714316, "max_depth": 8.0, "min_child_weight": 4307.701184707059, "num_boost_round": 12.0, "subsample": 0.7996809849488367}, "datetime": {"datetime": "2024-01-20 16:14:09", "elapsed": 6606.641306, "delta": 0.005757}}
{"target": -15.163942764671859, "params": {"colsample_bytree": 0.1996042439396892, "eta": 0.04021781156689202, "gamma": 472.7241039714316, "max_depth": 8.0, "min_child_weight": 4307.701184707059, "num_boost_round": 13.0, "subsample": 0.7996809849488367}, "datetime": {"datetime": "2024-01-20 16:14:09", "elapsed": 6606.647324, "delta": 0.006018}}
{"target": -15.164185293414793, "params": {"colsample_bytree": 0.1996042439396892, "eta": 0.04021781156689202, "gamma": 472.7241039714316, "max_depth": 8.0, "min_child_weight": 4307.701184707059, "num_boost_round": 14.0, "subsample": 0.7996809849488367}, "datetime": {"datetime": "2024-01-20 16:14:09", "elapsed": 6606.65348, "delta": 0.006156}}
{"target": -15.163992732754105, "params": {"colsample_bytree": 0.1996042439396892, "eta": 0.04021781156689202, "gamma": 472.7241039714316, "max_depth": 8.0, "min_child_weight": 4307.701184707059, "num_boost_round": 15.0, "subsample": 0.7996809849488367}, "datetime": {"datetime": "2024-01-20 16:14:09", "elapsed": 6606.659953, "delta": 0.006473}}
{"target": -15.163631602679187, "params": {"colsample_bytree": 0.1996042439396892, "eta": 0.04021781156689202, "gamma": 472.7241039714316, "max_depth": 8.0, "min_child_weight": 4307.701184707059, "num_boost_round": 16.0, "subsample": 0.7996809849488367}, "datetime": {"datetime": "2024-01-20 16:14:09", "elapsed": 6606.666221, "delta": 0.006268}}
{"target": -15.162058892573432, "params": {"colsample_bytree": 0.1996042439396892, "eta": 0.04021781156689202, "gamma": 472.7241039714316, "max_depth": 8.0, "min_child_weight": 4307.701184707059, "num_boost_round": 17.0, "subsample": 0.7996809849488367}, "datetime": {"datetime": "2024-01-20 16:14:09", "elapsed": 6606.672403, "delta": 0.006182}}
{"target": -15.162035873725161, "params": {"colsample_bytree": 0.1996042439396892, "eta": 0.04021781156689202, "gamma": 472.7241039714316, "max_depth": 8.0, "min_child_weight": 4307.701184707059, "num_boost_round": 18.0, "subsample": 0.7996809849488367}, "datetime": {"datetime": "2024-01-20 16:14:09", "elapsed": 6607.013275, "delta": 0.340872}}
{"target": -15.161162176012063, "params": {"colsample_bytree": 0.1996042439396892, "eta": 0.04021781156689202, "gamma": 472.7241039714316, "max_depth": 8.0, "min_child_weight": 4307.701184707059, "num_boost_round": 19.0, "subsample": 0.7996809849488367}, "datetime": {"datetime": "2024-01-20 16:14:09", "elapsed": 6607.021039, "delta": 0.007764}}
{"target": -15.1611904008426, "params": {"colsample_bytree": 0.1996042439396892, "eta": 0.04021781156689202, "gamma": 472.7241039714316, "max_depth": 8.0, "min_child_weight": 4307.701184707059, "num_boost_round": 20.0, "subsample": 0.7996809849488367}, "datetime": {"datetime": "2024-01-20 16:14:09", "elapsed": 6607.027244, "delta": 0.006205}}
{"target": -15.160692651358557, "params": {"colsample_bytree": 0.1996042439396892, "eta": 0.04021781156689202, "gamma": 472.7241039714316, "max_depth": 8.0, "min_child_weight": 4307.701184707059, "num_boost_round": 21.0, "subsample": 0.7996809849488367}, "datetime": {"datetime": "2024-01-20 16:14:09", "elapsed": 6607.033238, "delta": 0.005994}}
{"target": -15.160767491914811, "params": {"colsample_bytree": 0.1996042439396892, "eta": 0.04021781156689202, "gamma": 472.7241039714316, "max_depth": 8.0, "min_child_weight": 4307.701184707059, "num_boost_round": 22.0, "subsample": 0.7996809849488367}, "datetime": {"datetime": "2024-01-20 16:14:09", "elapsed": 6607.039191, "delta": 0.005953}}
{"target": -15.160720139144882, "params": {"colsample_bytree": 0.1996042439396892, "eta": 0.04021781156689202, "gamma": 472.7241039714316, "max_depth": 8.0, "min_child_weight": 4307.701184707059, "num_boost_round": 23.0, "subsample": 0.7996809849488367}, "datetime": {"datetime": "2024-01-20 16:14:09", "elapsed": 6607.046395, "delta": 0.007204}}
{"target": -15.160977154322495, "params": {"colsample_bytree": 0.1996042439396892, "eta": 0.04021781156689202, "gamma": 472.7241039714316, "max_depth": 8.0, "min_child_weight": 4307.701184707059, "num_boost_round": 24.0, "subsample": 0.7996809849488367}, "datetime": {"datetime": "2024-01-20 16:14:09", "elapsed": 6607.05321, "delta": 0.006815}}
{"target": -15.160957710462007, "params": {"colsample_bytree": 0.1996042439396892, "eta": 0.04021781156689202, "gamma": 472.7241039714316, "max_depth": 8.0, "min_child_weight": 4307.701184707059, "num_boost_round": 25.0, "subsample": 0.7996809849488367}, "datetime": {"datetime": "2024-01-20 16:14:09", "elapsed": 6607.059805, "delta": 0.006595}}
{"target": -15.160960966567654, "params": {"colsample_bytree": 0.1996042439396892, "eta": 0.04021781156689202, "gamma": 472.7241039714316, "max_depth": 8.0, "min_child_weight": 4307.701184707059, "num_boost_round": 26.0, "subsample": 0.7996809849488367}, "datetime": {"datetime": "2024-01-20 16:14:09", "elapsed": 6607.065928, "delta": 0.006123}}
{"target": -15.160175255494302, "params": {"colsample_bytree": 0.1996042439396892, "eta": 0.04021781156689202, "gamma": 472.7241039714316, "max_depth": 8.0, "min_child_weight": 4307.701184707059, "num_boost_round": 27.0, "subsample": 0.7996809849488367}, "datetime": {"datetime": "2024-01-20 16:14:09", "elapsed": 6607.071951, "delta": 0.006023}}
{"target": -15.159645740936469, "params": {"colsample_bytree": 0.1996042439396892, "eta": 0.04021781156689202, "gamma": 472.7241039714316, "max_depth": 8.0, "min_child_weight": 4307.701184707059, "num_boost_round": 28.0, "subsample": 0.7996809849488367}, "datetime": {"datetime": "2024-01-20 16:14:09", "elapsed": 6607.078535, "delta": 0.006584}}
{"target": -15.159672872427283, "params": {"colsample_bytree": 0.1996042439396892, "eta": 0.04021781156689202, "gamma": 472.7241039714316, "max_depth": 8.0, "min_child_weight": 4307.701184707059, "num_boost_round": 29.0, "subsample": 0.7996809849488367}, "datetime": {"datetime": "2024-01-20 16:14:09", "elapsed": 6607.084953, "delta": 0.006418}}
{"target": -15.15873016340418, "params": {"colsample_bytree": 0.1996042439396892, "eta": 0.04021781156689202, "gamma": 472.7241039714316, "max_depth": 8.0, "min_child_weight": 4307.701184707059, "num_boost_round": 30.0, "subsample": 0.7996809849488367}, "datetime": {"datetime": "2024-01-20 16:14:09", "elapsed": 6607.091309, "delta": 0.006356}}
{"target": -15.159236010731675, "params": {"colsample_bytree": 0.1996042439396892, "eta": 0.04021781156689202, "gamma": 472.7241039714316, "max_depth": 8.0, "min_child_weight": 4307.701184707059, "num_boost_round": 31.0, "subsample": 0.7996809849488367}, "datetime": {"datetime": "2024-01-20 16:14:09", "elapsed": 6607.098414, "delta": 0.007105}}
{"target": -15.158996506791791, "params": {"colsample_bytree": 0.1996042439396892, "eta": 0.04021781156689202, "gamma": 472.7241039714316, "max_depth": 8.0, "min_child_weight": 4307.701184707059, "num_boost_round": 32.0, "subsample": 0.7996809849488367}, "datetime": {"datetime": "2024-01-20 16:14:09", "elapsed": 6607.105292, "delta": 0.006878}}
{"target": -15.159002688465932, "params": {"colsample_bytree": 0.1996042439396892, "eta": 0.04021781156689202, "gamma": 472.7241039714316, "max_depth": 8.0, "min_child_weight": 4307.701184707059, "num_boost_round": 33.0, "subsample": 0.7996809849488367}, "datetime": {"datetime": "2024-01-20 16:14:09", "elapsed": 6607.112282, "delta": 0.00699}}
{"target": -15.159021205280384, "params": {"colsample_bytree": 0.1996042439396892, "eta": 0.04021781156689202, "gamma": 472.7241039714316, "max_depth": 8.0, "min_child_weight": 4307.701184707059, "num_boost_round": 34.0, "subsample": 0.7996809849488367}, "datetime": {"datetime": "2024-01-20 16:14:09", "elapsed": 6607.118789, "delta": 0.006507}}
{"target": -15.158893209521871, "params": {"colsample_bytree": 0.1996042439396892, "eta": 0.04021781156689202, "gamma": 472.7241039714316, "max_depth": 8.0, "min_child_weight": 4307.701184707059, "num_boost_round": 35.0, "subsample": 0.7996809849488367}, "datetime": {"datetime": "2024-01-20 16:14:09", "elapsed": 6607.125372, "delta": 0.006583}}
{"target": -15.158847393291806, "params": {"colsample_bytree": 0.1996042439396892, "eta": 0.04021781156689202, "gamma": 472.7241039714316, "max_depth": 8.0, "min_child_weight": 4307.701184707059, "num_boost_round": 36.0, "subsample": 0.7996809849488367}, "datetime": {"datetime": "2024-01-20 16:14:09", "elapsed": 6607.131754, "delta": 0.006382}}
{"target": -15.158258113347426, "params": {"colsample_bytree": 0.1996042439396892, "eta": 0.04021781156689202, "gamma": 472.7241039714316, "max_depth": 8.0, "min_child_weight": 4307.701184707059, "num_boost_round": 37.0, "subsample": 0.7996809849488367}, "datetime": {"datetime": "2024-01-20 16:14:09", "elapsed": 6607.138445, "delta": 0.006691}}
{"target": -15.158372567626316, "params": {"colsample_bytree": 0.1996042439396892, "eta": 0.04021781156689202, "gamma": 472.7241039714316, "max_depth": 8.0, "min_child_weight": 4307.701184707059, "num_boost_round": 38.0, "subsample": 0.7996809849488367}, "datetime": {"datetime": "2024-01-20 16:14:09", "elapsed": 6607.146268, "delta": 0.007823}}
{"target": -15.15845629316253, "params": {"colsample_bytree": 0.1996042439396892, "eta": 0.04021781156689202, "gamma": 472.7241039714316, "max_depth": 8.0, "min_child_weight": 4307.701184707059, "num_boost_round": 39.0, "subsample": 0.7996809849488367}, "datetime": {"datetime": "2024-01-20 16:14:09", "elapsed": 6607.152952, "delta": 0.006684}}
{"target": -15.158588822429131, "params": {"colsample_bytree": 0.1996042439396892, "eta": 0.04021781156689202, "gamma": 472.7241039714316, "max_depth": 8.0, "min_child_weight": 4307.701184707059, "num_boost_round": 40.0, "subsample": 0.7996809849488367}, "datetime": {"datetime": "2024-01-20 16:14:09", "elapsed": 6607.159735, "delta": 0.006783}}
{"target": -15.15863257315868, "params": {"colsample_bytree": 0.1996042439396892, "eta": 0.04021781156689202, "gamma": 472.7241039714316, "max_depth": 8.0, "min_child_weight": 4307.701184707059, "num_boost_round": 41.0, "subsample": 0.7996809849488367}, "datetime": {"datetime": "2024-01-20 16:14:09", "elapsed": 6607.166342, "delta": 0.006607}}
{"target": -15.158893531770474, "params": {"colsample_bytree": 0.1996042439396892, "eta": 0.04021781156689202, "gamma": 472.7241039714316, "max_depth": 8.0, "min_child_weight": 4307.701184707059, "num_boost_round": 42.0, "subsample": 0.7996809849488367}, "datetime": {"datetime": "2024-01-20 16:14:09", "elapsed": 6607.172802, "delta": 0.00646}}
{"target": -15.1583457861196, "params": {"colsample_bytree": 0.1996042439396892, "eta": 0.04021781156689202, "gamma": 472.7241039714316, "max_depth": 8.0, "min_child_weight": 4307.701184707059, "num_boost_round": 43.0, "subsample": 0.7996809849488367}, "datetime": {"datetime": "2024-01-20 16:14:09", "elapsed": 6607.179639, "delta": 0.006837}}
{"target": -15.158540320744432, "params": {"colsample_bytree": 0.1996042439396892, "eta": 0.04021781156689202, "gamma": 472.7241039714316, "max_depth": 8.0, "min_child_weight": 4307.701184707059, "num_boost_round": 44.0, "subsample": 0.7996809849488367}, "datetime": {"datetime": "2024-01-20 16:14:09", "elapsed": 6607.186125, "delta": 0.006486}}
{"target": -15.158617050099792, "params": {"colsample_bytree": 0.1996042439396892, "eta": 0.04021781156689202, "gamma": 472.7241039714316, "max_depth": 8.0, "min_child_weight": 4307.701184707059, "num_boost_round": 45.0, "subsample": 0.7996809849488367}, "datetime": {"datetime": "2024-01-20 16:14:09", "elapsed": 6607.192318, "delta": 0.006193}}
{"target": -15.157500778250478, "params": {"colsample_bytree": 0.1996042439396892, "eta": 0.04021781156689202, "gamma": 472.7241039714316, "max_depth": 8.0, "min_child_weight": 4307.701184707059, "num_boost_round": 46.0, "subsample": 0.7996809849488367}, "datetime": {"datetime": "2024-01-20 16:14:09", "elapsed": 6607.19837, "delta": 0.006052}}
{"target": -15.157271045918161, "params": {"colsample_bytree": 0.1996042439396892, "eta": 0.04021781156689202, "gamma": 472.7241039714316, "max_depth": 8.0, "min_child_weight": 4307.701184707059, "num_boost_round": 47.0, "subsample": 0.7996809849488367}, "datetime": {"datetime": "2024-01-20 16:14:09", "elapsed": 6607.204725, "delta": 0.006355}}
{"target": -15.157404045784713, "params": {"colsample_bytree": 0.1996042439396892, "eta": 0.04021781156689202, "gamma": 472.7241039714316, "max_depth": 8.0, "min_child_weight": 4307.701184707059, "num_boost_round": 48.0, "subsample": 0.7996809849488367}, "datetime": {"datetime": "2024-01-20 16:14:09", "elapsed": 6607.210943, "delta": 0.006218}}
{"target": -15.157551618792557, "params": {"colsample_bytree": 0.1996042439396892, "eta": 0.04021781156689202, "gamma": 472.7241039714316, "max_depth": 8.0, "min_child_weight": 4307.701184707059, "num_boost_round": 49.0, "subsample": 0.7996809849488367}, "datetime": {"datetime": "2024-01-20 16:14:09", "elapsed": 6607.217054, "delta": 0.006111}}
{"target": -15.157797023485065, "params": {"colsample_bytree": 0.1996042439396892, "eta": 0.04021781156689202, "gamma": 472.7241039714316, "max_depth": 8.0, "min_child_weight": 4307.701184707059, "num_boost_round": 50.0, "subsample": 0.7996809849488367}, "datetime": {"datetime": "2024-01-20 16:14:09", "elapsed": 6607.223107, "delta": 0.006053}}
{"target": -15.169983879003254, "params": {"colsample_bytree": 0.22931657017530133, "eta": 0.09851421624316072, "gamma": 576.7606250802847, "max_depth": 9.0, "min_child_weight": 4204.759787217601, "num_boost_round": 1.0, "subsample": 0.4761897207779484}, "datetime": {"datetime": "2024-01-20 16:16:53", "elapsed": 6771.377142, "delta": 164.154035}}
{"target": -15.166961487860252, "params": {"colsample_bytree": 0.22931657017530133, "eta": 0.09851421624316072, "gamma": 576.7606250802847, "max_depth": 9.0, "min_child_weight": 4204.759787217601, "num_boost_round": 2.0, "subsample": 0.4761897207779484}, "datetime": {"datetime": "2024-01-20 16:16:53", "elapsed": 6771.385588, "delta": 0.008446}}
{"target": -15.16392287606364, "params": {"colsample_bytree": 0.22931657017530133, "eta": 0.09851421624316072, "gamma": 576.7606250802847, "max_depth": 9.0, "min_child_weight": 4204.759787217601, "num_boost_round": 3.0, "subsample": 0.4761897207779484}, "datetime": {"datetime": "2024-01-20 16:16:53", "elapsed": 6771.393464, "delta": 0.007876}}
{"target": -15.16412973833892, "params": {"colsample_bytree": 0.22931657017530133, "eta": 0.09851421624316072, "gamma": 576.7606250802847, "max_depth": 9.0, "min_child_weight": 4204.759787217601, "num_boost_round": 4.0, "subsample": 0.4761897207779484}, "datetime": {"datetime": "2024-01-20 16:16:53", "elapsed": 6771.401194, "delta": 0.00773}}
{"target": -15.161228375047562, "params": {"colsample_bytree": 0.22931657017530133, "eta": 0.09851421624316072, "gamma": 576.7606250802847, "max_depth": 9.0, "min_child_weight": 4204.759787217601, "num_boost_round": 5.0, "subsample": 0.4761897207779484}, "datetime": {"datetime": "2024-01-20 16:16:53", "elapsed": 6771.40786, "delta": 0.006666}}
{"target": -15.15943111376739, "params": {"colsample_bytree": 0.22931657017530133, "eta": 0.09851421624316072, "gamma": 576.7606250802847, "max_depth": 9.0, "min_child_weight": 4204.759787217601, "num_boost_round": 6.0, "subsample": 0.4761897207779484}, "datetime": {"datetime": "2024-01-20 16:16:53", "elapsed": 6771.414156, "delta": 0.006296}}
{"target": -15.158141532959487, "params": {"colsample_bytree": 0.22931657017530133, "eta": 0.09851421624316072, "gamma": 576.7606250802847, "max_depth": 9.0, "min_child_weight": 4204.759787217601, "num_boost_round": 7.0, "subsample": 0.4761897207779484}, "datetime": {"datetime": "2024-01-20 16:16:53", "elapsed": 6771.420348, "delta": 0.006192}}
{"target": -15.155226942523997, "params": {"colsample_bytree": 0.22931657017530133, "eta": 0.09851421624316072, "gamma": 576.7606250802847, "max_depth": 9.0, "min_child_weight": 4204.759787217601, "num_boost_round": 8.0, "subsample": 0.4761897207779484}, "datetime": {"datetime": "2024-01-20 16:16:53", "elapsed": 6771.426508, "delta": 0.00616}}
{"target": -15.155521271246569, "params": {"colsample_bytree": 0.22931657017530133, "eta": 0.09851421624316072, "gamma": 576.7606250802847, "max_depth": 9.0, "min_child_weight": 4204.759787217601, "num_boost_round": 9.0, "subsample": 0.4761897207779484}, "datetime": {"datetime": "2024-01-20 16:16:53", "elapsed": 6771.432592, "delta": 0.006084}}
{"target": -15.1550384269481, "params": {"colsample_bytree": 0.22931657017530133, "eta": 0.09851421624316072, "gamma": 576.7606250802847, "max_depth": 9.0, "min_child_weight": 4204.759787217601, "num_boost_round": 10.0, "subsample": 0.4761897207779484}, "datetime": {"datetime": "2024-01-20 16:16:53", "elapsed": 6771.438716, "delta": 0.006124}}
{"target": -15.155214929037456, "params": {"colsample_bytree": 0.22931657017530133, "eta": 0.09851421624316072, "gamma": 576.7606250802847, "max_depth": 9.0, "min_child_weight": 4204.759787217601, "num_boost_round": 11.0, "subsample": 0.4761897207779484}, "datetime": {"datetime": "2024-01-20 16:16:54", "elapsed": 6771.445154, "delta": 0.006438}}
{"target": -15.155861627861388, "params": {"colsample_bytree": 0.22931657017530133, "eta": 0.09851421624316072, "gamma": 576.7606250802847, "max_depth": 9.0, "min_child_weight": 4204.759787217601, "num_boost_round": 12.0, "subsample": 0.4761897207779484}, "datetime": {"datetime": "2024-01-20 16:16:54", "elapsed": 6771.452183, "delta": 0.007029}}
{"target": -15.15662777006463, "params": {"colsample_bytree": 0.22931657017530133, "eta": 0.09851421624316072, "gamma": 576.7606250802847, "max_depth": 9.0, "min_child_weight": 4204.759787217601, "num_boost_round": 13.0, "subsample": 0.4761897207779484}, "datetime": {"datetime": "2024-01-20 16:16:54", "elapsed": 6771.459255, "delta": 0.007072}}
{"target": -15.157066713596729, "params": {"colsample_bytree": 0.22931657017530133, "eta": 0.09851421624316072, "gamma": 576.7606250802847, "max_depth": 9.0, "min_child_weight": 4204.759787217601, "num_boost_round": 14.0, "subsample": 0.4761897207779484}, "datetime": {"datetime": "2024-01-20 16:16:54", "elapsed": 6771.465955, "delta": 0.0067}}
{"target": -15.156637864958984, "params": {"colsample_bytree": 0.22931657017530133, "eta": 0.09851421624316072, "gamma": 576.7606250802847, "max_depth": 9.0, "min_child_weight": 4204.759787217601, "num_boost_round": 15.0, "subsample": 0.4761897207779484}, "datetime": {"datetime": "2024-01-20 16:16:54", "elapsed": 6771.472599, "delta": 0.006644}}
{"target": -15.15722227171742, "params": {"colsample_bytree": 0.22931657017530133, "eta": 0.09851421624316072, "gamma": 576.7606250802847, "max_depth": 9.0, "min_child_weight": 4204.759787217601, "num_boost_round": 16.0, "subsample": 0.4761897207779484}, "datetime": {"datetime": "2024-01-20 16:16:54", "elapsed": 6771.479542, "delta": 0.006943}}
{"target": -15.156416789620028, "params": {"colsample_bytree": 0.22931657017530133, "eta": 0.09851421624316072, "gamma": 576.7606250802847, "max_depth": 9.0, "min_child_weight": 4204.759787217601, "num_boost_round": 17.0, "subsample": 0.4761897207779484}, "datetime": {"datetime": "2024-01-20 16:16:54", "elapsed": 6771.486538, "delta": 0.006996}}
