{"target": -13.496464342944021, "params": {"colsample_bytree": 0.4088200042098471, "eta": 0.012672280613839158, "gamma": 569.6442353193399, "max_depth": 3.0, "min_child_weight": 4378.510369196959, "num_boost_round": 19.0, "subsample": 0.22692851657737018}, "datetime": {"datetime": "2024-01-20 14:45:38", "elapsed": 1292.016833, "delta": 0.001939}}
{"target": -13.49635252010667, "params": {"colsample_bytree": 0.4088200042098471, "eta": 0.012672280613839158, "gamma": 569.6442353193399, "max_depth": 3.0, "min_child_weight": 4378.510369196959, "num_boost_round": 20.0, "subsample": 0.22692851657737018}, "datetime": {"datetime": "2024-01-20 14:45:38", "elapsed": 1292.018699, "delta": 0.001866}}
{"target": -13.496276557979925, "params": {"colsample_bytree": 0.4088200042098471, "eta": 0.012672280613839158, "gamma": 569.6442353193399, "max_depth": 3.0, "min_child_weight": 4378.510369196959, "num_boost_round": 21.0, "subsample": 0.22692851657737018}, "datetime": {"datetime": "2024-01-20 14:45:38", "elapsed": 1292.020584, "delta": 0.001885}}
{"target": -13.496240067426161, "params": {"colsample_bytree": 0.4088200042098471, "eta": 0.012672280613839158, "gamma": 569.6442353193399, "max_depth": 3.0, "min_child_weight": 4378.510369196959, "num_boost_round": 22.0, "subsample": 0.22692851657737018}, "datetime": {"datetime": "2024-01-20 14:45:38", "elapsed": 1292.022462, "delta": 0.001878}}
{"target": -13.496194074450267, "params": {"colsample_bytree": 0.4088200042098471, "eta": 0.012672280613839158, "gamma": 569.6442353193399, "max_depth": 3.0, "min_child_weight": 4378.510369196959, "num_boost_round": 23.0, "subsample": 0.22692851657737018}, "datetime": {"datetime": "2024-01-20 14:45:38", "elapsed": 1292.024333, "delta": 0.001871}}
{"target": -13.496108961923923, "params": {"colsample_bytree": 0.4088200042098471, "eta": 0.012672280613839158, "gamma": 569.6442353193399, "max_depth": 3.0, "min_child_weight": 4378.510369196959, "num_boost_round": 24.0, "subsample": 0.22692851657737018}, "datetime": {"datetime": "2024-01-20 14:45:38", "elapsed": 1292.026216, "delta": 0.001883}}
{"target": -13.49603175326438, "params": {"colsample_bytree": 0.4088200042098471, "eta": 0.012672280613839158, "gamma": 569.6442353193399, "max_depth": 3.0, "min_child_weight": 4378.510369196959, "num_boost_round": 25.0, "subsample": 0.22692851657737018}, "datetime": {"datetime": "2024-01-20 14:45:38", "elapsed": 1292.028091, "delta": 0.001875}}
{"target": -13.495942665793748, "params": {"colsample_bytree": 0.4088200042098471, "eta": 0.012672280613839158, "gamma": 569.6442353193399, "max_depth": 3.0, "min_child_weight": 4378.510369196959, "num_boost_round": 26.0, "subsample": 0.22692851657737018}, "datetime": {"datetime": "2024-01-20 14:45:38", "elapsed": 1292.029968, "delta": 0.001877}}
{"target": -13.495853981518618, "params": {"colsample_bytree": 0.4088200042098471, "eta": 0.012672280613839158, "gamma": 569.6442353193399, "max_depth": 3.0, "min_child_weight": 4378.510369196959, "num_boost_round": 27.0, "subsample": 0.22692851657737018}, "datetime": {"datetime": "2024-01-20 14:45:38", "elapsed": 1292.03201, "delta": 0.002042}}
{"target": -13.495792792172177, "params": {"colsample_bytree": 0.4088200042098471, "eta": 0.012672280613839158, "gamma": 569.6442353193399, "max_depth": 3.0, "min_child_weight": 4378.510369196959, "num_boost_round": 28.0, "subsample": 0.22692851657737018}, "datetime": {"datetime": "2024-01-20 14:45:38", "elapsed": 1292.034067, "delta": 0.002057}}
{"target": -13.495752614217093, "params": {"colsample_bytree": 0.4088200042098471, "eta": 0.012672280613839158, "gamma": 569.6442353193399, "max_depth": 3.0, "min_child_weight": 4378.510369196959, "num_boost_round": 29.0, "subsample": 0.22692851657737018}, "datetime": {"datetime": "2024-01-20 14:45:38", "elapsed": 1292.036128, "delta": 0.002061}}
{"target": -13.495709767751247, "params": {"colsample_bytree": 0.4088200042098471, "eta": 0.012672280613839158, "gamma": 569.6442353193399, "max_depth": 3.0, "min_child_weight": 4378.510369196959, "num_boost_round": 30.0, "subsample": 0.22692851657737018}, "datetime": {"datetime": "2024-01-20 14:45:38", "elapsed": 1292.038136, "delta": 0.002008}}
{"target": -13.495665354253784, "params": {"colsample_bytree": 0.4088200042098471, "eta": 0.012672280613839158, "gamma": 569.6442353193399, "max_depth": 3.0, "min_child_weight": 4378.510369196959, "num_boost_round": 31.0, "subsample": 0.22692851657737018}, "datetime": {"datetime": "2024-01-20 14:45:38", "elapsed": 1292.039998, "delta": 0.001862}}
{"target": -13.49562303751583, "params": {"colsample_bytree": 0.4088200042098471, "eta": 0.012672280613839158, "gamma": 569.6442353193399, "max_depth": 3.0, "min_child_weight": 4378.510369196959, "num_boost_round": 32.0, "subsample": 0.22692851657737018}, "datetime": {"datetime": "2024-01-20 14:45:38", "elapsed": 1292.041878, "delta": 0.00188}}
{"target": -13.495606741583334, "params": {"colsample_bytree": 0.4088200042098471, "eta": 0.012672280613839158, "gamma": 569.6442353193399, "max_depth": 3.0, "min_child_weight": 4378.510369196959, "num_boost_round": 33.0, "subsample": 0.22692851657737018}, "datetime": {"datetime": "2024-01-20 14:45:38", "elapsed": 1292.043735, "delta": 0.001857}}
{"target": -13.495586872308143, "params": {"colsample_bytree": 0.4088200042098471, "eta": 0.012672280613839158, "gamma": 569.6442353193399, "max_depth": 3.0, "min_child_weight": 4378.510369196959, "num_boost_round": 34.0, "subsample": 0.22692851657737018}, "datetime": {"datetime": "2024-01-20 14:45:38", "elapsed": 1292.045579, "delta": 0.001844}}
{"target": -13.4955409099965, "params": {"colsample_bytree": 0.4088200042098471, "eta": 0.012672280613839158, "gamma": 569.6442353193399, "max_depth": 3.0, "min_child_weight": 4378.510369196959, "num_boost_round": 35.0, "subsample": 0.22692851657737018}, "datetime": {"datetime": "2024-01-20 14:45:38", "elapsed": 1292.047444, "delta": 0.001865}}
{"target": -13.495489018733892, "params": {"colsample_bytree": 0.4088200042098471, "eta": 0.012672280613839158, "gamma": 569.6442353193399, "max_depth": 3.0, "min_child_weight": 4378.510369196959, "num_boost_round": 36.0, "subsample": 0.22692851657737018}, "datetime": {"datetime": "2024-01-20 14:45:38", "elapsed": 1292.049292, "delta": 0.001848}}
{"target": -13.495419324456561, "params": {"colsample_bytree": 0.4088200042098471, "eta": 0.012672280613839158, "gamma": 569.6442353193399, "max_depth": 3.0, "min_child_weight": 4378.510369196959, "num_boost_round": 37.0, "subsample": 0.22692851657737018}, "datetime": {"datetime": "2024-01-20 14:45:38", "elapsed": 1292.051153, "delta": 0.001861}}
{"target": -13.49533564244708, "params": {"colsample_bytree": 0.4088200042098471, "eta": 0.012672280613839158, "gamma": 569.6442353193399, "max_depth": 3.0, "min_child_weight": 4378.510369196959, "num_boost_round": 38.0, "subsample": 0.22692851657737018}, "datetime": {"datetime": "2024-01-20 14:45:38", "elapsed": 1292.053114, "delta": 0.001961}}
{"target": -13.495250007135652, "params": {"colsample_bytree": 0.4088200042098471, "eta": 0.012672280613839158, "gamma": 569.6442353193399, "max_depth": 3.0, "min_child_weight": 4378.510369196959, "num_boost_round": 39.0, "subsample": 0.22692851657737018}, "datetime": {"datetime": "2024-01-20 14:45:38", "elapsed": 1292.054976, "delta": 0.001862}}
{"target": -13.495189663283952, "params": {"colsample_bytree": 0.4088200042098471, "eta": 0.012672280613839158, "gamma": 569.6442353193399, "max_depth": 3.0, "min_child_weight": 4378.510369196959, "num_boost_round": 40.0, "subsample": 0.22692851657737018}, "datetime": {"datetime": "2024-01-20 14:45:38", "elapsed": 1292.056867, "delta": 0.001891}}
{"target": -13.495144650711858, "params": {"colsample_bytree": 0.4088200042098471, "eta": 0.012672280613839158, "gamma": 569.6442353193399, "max_depth": 3.0, "min_child_weight": 4378.510369196959, "num_boost_round": 41.0, "subsample": 0.22692851657737018}, "datetime": {"datetime": "2024-01-20 14:45:38", "elapsed": 1292.058736, "delta": 0.001869}}
{"target": -13.49514605304272, "params": {"colsample_bytree": 0.4088200042098471, "eta": 0.012672280613839158, "gamma": 569.6442353193399, "max_depth": 3.0, "min_child_weight": 4378.510369196959, "num_boost_round": 42.0, "subsample": 0.22692851657737018}, "datetime": {"datetime": "2024-01-20 14:45:38", "elapsed": 1292.060599, "delta": 0.001863}}
{"target": -13.495121854136807, "params": {"colsample_bytree": 0.4088200042098471, "eta": 0.012672280613839158, "gamma": 569.6442353193399, "max_depth": 3.0, "min_child_weight": 4378.510369196959, "num_boost_round": 43.0, "subsample": 0.22692851657737018}, "datetime": {"datetime": "2024-01-20 14:45:38", "elapsed": 1292.062472, "delta": 0.001873}}
{"target": -13.495089628350517, "params": {"colsample_bytree": 0.4088200042098471, "eta": 0.012672280613839158, "gamma": 569.6442353193399, "max_depth": 3.0, "min_child_weight": 4378.510369196959, "num_boost_round": 44.0, "subsample": 0.22692851657737018}, "datetime": {"datetime": "2024-01-20 14:45:38", "elapsed": 1292.064343, "delta": 0.001871}}
{"target": -13.495051136038184, "params": {"colsample_bytree": 0.4088200042098471, "eta": 0.012672280613839158, "gamma": 569.6442353193399, "max_depth": 3.0, "min_child_weight": 4378.510369196959, "num_boost_round": 45.0, "subsample": 0.22692851657737018}, "datetime": {"datetime": "2024-01-20 14:45:38", "elapsed": 1292.066214, "delta": 0.001871}}
{"target": -13.495031619111746, "params": {"colsample_bytree": 0.4088200042098471, "eta": 0.012672280613839158, "gamma": 569.6442353193399, "max_depth": 3.0, "min_child_weight": 4378.510369196959, "num_boost_round": 46.0, "subsample": 0.22692851657737018}, "datetime": {"datetime": "2024-01-20 14:45:38", "elapsed": 1292.068074, "delta": 0.00186}}
{"target": -13.49495356785448, "params": {"colsample_bytree": 0.4088200042098471, "eta": 0.012672280613839158, "gamma": 569.6442353193399, "max_depth": 3.0, "min_child_weight": 4378.510369196959, "num_boost_round": 47.0, "subsample": 0.22692851657737018}, "datetime": {"datetime": "2024-01-20 14:45:38", "elapsed": 1292.069947, "delta": 0.001873}}
{"target": -13.494887976431318, "params": {"colsample_bytree": 0.4088200042098471, "eta": 0.012672280613839158, "gamma": 569.6442353193399, "max_depth": 3.0, "min_child_weight": 4378.510369196959, "num_boost_round": 48.0, "subsample": 0.22692851657737018}, "datetime": {"datetime": "2024-01-20 14:45:38", "elapsed": 1292.071944, "delta": 0.001997}}
{"target": -13.494887986576067, "params": {"colsample_bytree": 0.4088200042098471, "eta": 0.012672280613839158, "gamma": 569.6442353193399, "max_depth": 3.0, "min_child_weight": 4378.510369196959, "num_boost_round": 49.0, "subsample": 0.22692851657737018}, "datetime": {"datetime": "2024-01-20 14:45:38", "elapsed": 1292.073832, "delta": 0.001888}}
{"target": -13.4948599328929, "params": {"colsample_bytree": 0.4088200042098471, "eta": 0.012672280613839158, "gamma": 569.6442353193399, "max_depth": 3.0, "min_child_weight": 4378.510369196959, "num_boost_round": 50.0, "subsample": 0.22692851657737018}, "datetime": {"datetime": "2024-01-20 14:45:38", "elapsed": 1292.075802, "delta": 0.00197}}
{"target": -13.49481133996023, "params": {"colsample_bytree": 0.4088200042098471, "eta": 0.012672280613839158, "gamma": 569.6442353193399, "max_depth": 3.0, "min_child_weight": 4378.510369196959, "num_boost_round": 51.0, "subsample": 0.22692851657737018}, "datetime": {"datetime": "2024-01-20 14:45:38", "elapsed": 1292.077677, "delta": 0.001875}}
{"target": -13.494762362278898, "params": {"colsample_bytree": 0.4088200042098471, "eta": 0.012672280613839158, "gamma": 569.6442353193399, "max_depth": 3.0, "min_child_weight": 4378.510369196959, "num_boost_round": 52.0, "subsample": 0.22692851657737018}, "datetime": {"datetime": "2024-01-20 14:45:38", "elapsed": 1292.079564, "delta": 0.001887}}
{"target": -13.494746037622786, "params": {"colsample_bytree": 0.4088200042098471, "eta": 0.012672280613839158, "gamma": 569.6442353193399, "max_depth": 3.0, "min_child_weight": 4378.510369196959, "num_boost_round": 53.0, "subsample": 0.22692851657737018}, "datetime": {"datetime": "2024-01-20 14:45:38", "elapsed": 1292.081443, "delta": 0.001879}}
{"target": -13.494729213068114, "params": {"colsample_bytree": 0.4088200042098471, "eta": 0.012672280613839158, "gamma": 569.6442353193399, "max_depth": 3.0, "min_child_weight": 4378.510369196959, "num_boost_round": 54.0, "subsample": 0.22692851657737018}, "datetime": {"datetime": "2024-01-20 14:45:38", "elapsed": 1292.083352, "delta": 0.001909}}
{"target": -13.494702869621836, "params": {"colsample_bytree": 0.4088200042098471, "eta": 0.012672280613839158, "gamma": 569.6442353193399, "max_depth": 3.0, "min_child_weight": 4378.510369196959, "num_boost_round": 55.0, "subsample": 0.22692851657737018}, "datetime": {"datetime": "2024-01-20 14:45:38", "elapsed": 1292.08524, "delta": 0.001888}}
{"target": -13.494697461660813, "params": {"colsample_bytree": 0.4088200042098471, "eta": 0.012672280613839158, "gamma": 569.6442353193399, "max_depth": 3.0, "min_child_weight": 4378.510369196959, "num_boost_round": 56.0, "subsample": 0.22692851657737018}, "datetime": {"datetime": "2024-01-20 14:45:38", "elapsed": 1292.087121, "delta": 0.001881}}
{"target": -13.494695248495994, "params": {"colsample_bytree": 0.4088200042098471, "eta": 0.012672280613839158, "gamma": 569.6442353193399, "max_depth": 3.0, "min_child_weight": 4378.510369196959, "num_boost_round": 57.0, "subsample": 0.22692851657737018}, "datetime": {"datetime": "2024-01-20 14:45:38", "elapsed": 1292.08901, "delta": 0.001889}}
{"target": -13.494669257953031, "params": {"colsample_bytree": 0.4088200042098471, "eta": 0.012672280613839158, "gamma": 569.6442353193399, "max_depth": 3.0, "min_child_weight": 4378.510369196959, "num_boost_round": 58.0, "subsample": 0.22692851657737018}, "datetime": {"datetime": "2024-01-20 14:45:38", "elapsed": 1292.090898, "delta": 0.001888}}
{"target": -13.494618754757578, "params": {"colsample_bytree": 0.4088200042098471, "eta": 0.012672280613839158, "gamma": 569.6442353193399, "max_depth": 3.0, "min_child_weight": 4378.510369196959, "num_boost_round": 59.0, "subsample": 0.22692851657737018}, "datetime": {"datetime": "2024-01-20 14:45:38", "elapsed": 1292.0929, "delta": 0.002002}}
{"target": -13.494547488155135, "params": {"colsample_bytree": 0.4088200042098471, "eta": 0.012672280613839158, "gamma": 569.6442353193399, "max_depth": 3.0, "min_child_weight": 4378.510369196959, "num_boost_round": 60.0, "subsample": 0.22692851657737018}, "datetime": {"datetime": "2024-01-20 14:45:38", "elapsed": 1292.094764, "delta": 0.001864}}
{"target": -13.494498758066792, "params": {"colsample_bytree": 0.4088200042098471, "eta": 0.012672280613839158, "gamma": 569.6442353193399, "max_depth": 3.0, "min_child_weight": 4378.510369196959, "num_boost_round": 61.0, "subsample": 0.22692851657737018}, "datetime": {"datetime": "2024-01-20 14:45:38", "elapsed": 1292.096715, "delta": 0.001951}}
{"target": -13.494468353869065, "params": {"colsample_bytree": 0.4088200042098471, "eta": 0.012672280613839158, "gamma": 569.6442353193399, "max_depth": 3.0, "min_child_weight": 4378.510369196959, "num_boost_round": 62.0, "subsample": 0.22692851657737018}, "datetime": {"datetime": "2024-01-20 14:45:38", "elapsed": 1292.098605, "delta": 0.00189}}
{"target": -13.494458282337249, "params": {"colsample_bytree": 0.4088200042098471, "eta": 0.012672280613839158, "gamma": 569.6442353193399, "max_depth": 3.0, "min_child_weight": 4378.510369196959, "num_boost_round": 63.0, "subsample": 0.22692851657737018}, "datetime": {"datetime": "2024-01-20 14:45:38", "elapsed": 1292.100509, "delta": 0.001904}}
{"target": -13.494435647216172, "params": {"colsample_bytree": 0.4088200042098471, "eta": 0.012672280613839158, "gamma": 569.6442353193399, "max_depth": 3.0, "min_child_weight": 4378.510369196959, "num_boost_round": 64.0, "subsample": 0.22692851657737018}, "datetime": {"datetime": "2024-01-20 14:45:38", "elapsed": 1292.102397, "delta": 0.001888}}
{"target": -13.494432888571083, "params": {"colsample_bytree": 0.4088200042098471, "eta": 0.012672280613839158, "gamma": 569.6442353193399, "max_depth": 3.0, "min_child_weight": 4378.510369196959, "num_boost_round": 65.0, "subsample": 0.22692851657737018}, "datetime": {"datetime": "2024-01-20 14:45:38", "elapsed": 1292.104303, "delta": 0.001906}}
{"target": -13.494391009707428, "params": {"colsample_bytree": 0.4088200042098471, "eta": 0.012672280613839158, "gamma": 569.6442353193399, "max_depth": 3.0, "min_child_weight": 4378.510369196959, "num_boost_round": 66.0, "subsample": 0.22692851657737018}, "datetime": {"datetime": "2024-01-20 14:45:38", "elapsed": 1292.106212, "delta": 0.001909}}
{"target": -13.494389797082949, "params": {"colsample_bytree": 0.4088200042098471, "eta": 0.012672280613839158, "gamma": 569.6442353193399, "max_depth": 3.0, "min_child_weight": 4378.510369196959, "num_boost_round": 67.0, "subsample": 0.22692851657737018}, "datetime": {"datetime": "2024-01-20 14:45:38", "elapsed": 1292.108159, "delta": 0.001947}}
{"target": -13.494360023909188, "params": {"colsample_bytree": 0.4088200042098471, "eta": 0.012672280613839158, "gamma": 569.6442353193399, "max_depth": 3.0, "min_child_weight": 4378.510369196959, "num_boost_round": 68.0, "subsample": 0.22692851657737018}, "datetime": {"datetime": "2024-01-20 14:45:38", "elapsed": 1292.110109, "delta": 0.00195}}
{"target": -13.494321919722562, "params": {"colsample_bytree": 0.4088200042098471, "eta": 0.012672280613839158, "gamma": 569.6442353193399, "max_depth": 3.0, "min_child_weight": 4378.510369196959, "num_boost_round": 69.0, "subsample": 0.22692851657737018}, "datetime": {"datetime": "2024-01-20 14:45:38", "elapsed": 1292.112137, "delta": 0.002028}}
{"target": -13.494266919654466, "params": {"colsample_bytree": 0.4088200042098471, "eta": 0.012672280613839158, "gamma": 569.6442353193399, "max_depth": 3.0, "min_child_weight": 4378.510369196959, "num_boost_round": 70.0, "subsample": 0.22692851657737018}, "datetime": {"datetime": "2024-01-20 14:45:38", "elapsed": 1292.114059, "delta": 0.001922}}
{"target": -13.494242176343194, "params": {"colsample_bytree": 0.4088200042098471, "eta": 0.012672280613839158, "gamma": 569.6442353193399, "max_depth": 3.0, "min_child_weight": 4378.510369196959, "num_boost_round": 71.0, "subsample": 0.22692851657737018}, "datetime": {"datetime": "2024-01-20 14:45:38", "elapsed": 1292.116082, "delta": 0.002023}}
{"target": -13.494225557785235, "params": {"colsample_bytree": 0.4088200042098471, "eta": 0.012672280613839158, "gamma": 569.6442353193399, "max_depth": 3.0, "min_child_weight": 4378.510369196959, "num_boost_round": 72.0, "subsample": 0.22692851657737018}, "datetime": {"datetime": "2024-01-20 14:45:38", "elapsed": 1292.118024, "delta": 0.001942}}
{"target": -13.494199381367835, "params": {"colsample_bytree": 0.4088200042098471, "eta": 0.012672280613839158, "gamma": 569.6442353193399, "max_depth": 3.0, "min_child_weight": 4378.510369196959, "num_boost_round": 73.0, "subsample": 0.22692851657737018}, "datetime": {"datetime": "2024-01-20 14:45:38", "elapsed": 1292.119945, "delta": 0.001921}}
{"target": -13.494162852179247, "params": {"colsample_bytree": 0.4088200042098471, "eta": 0.012672280613839158, "gamma": 569.6442353193399, "max_depth": 3.0, "min_child_weight": 4378.510369196959, "num_boost_round": 74.0, "subsample": 0.22692851657737018}, "datetime": {"datetime": "2024-01-20 14:45:38", "elapsed": 1292.121889, "delta": 0.001944}}
{"target": -13.494154816955525, "params": {"colsample_bytree": 0.4088200042098471, "eta": 0.012672280613839158, "gamma": 569.6442353193399, "max_depth": 3.0, "min_child_weight": 4378.510369196959, "num_boost_round": 75.0, "subsample": 0.22692851657737018}, "datetime": {"datetime": "2024-01-20 14:45:38", "elapsed": 1292.123788, "delta": 0.001899}}
{"target": -13.49409528416336, "params": {"colsample_bytree": 0.4088200042098471, "eta": 0.012672280613839158, "gamma": 569.6442353193399, "max_depth": 3.0, "min_child_weight": 4378.510369196959, "num_boost_round": 76.0, "subsample": 0.22692851657737018}, "datetime": {"datetime": "2024-01-20 14:45:38", "elapsed": 1292.125701, "delta": 0.001913}}
{"target": -13.49407435703201, "params": {"colsample_bytree": 0.4088200042098471, "eta": 0.012672280613839158, "gamma": 569.6442353193399, "max_depth": 3.0, "min_child_weight": 4378.510369196959, "num_boost_round": 77.0, "subsample": 0.22692851657737018}, "datetime": {"datetime": "2024-01-20 14:45:38", "elapsed": 1292.127651, "delta": 0.00195}}
{"target": -13.49406257182641, "params": {"colsample_bytree": 0.4088200042098471, "eta": 0.012672280613839158, "gamma": 569.6442353193399, "max_depth": 3.0, "min_child_weight": 4378.510369196959, "num_boost_round": 78.0, "subsample": 0.22692851657737018}, "datetime": {"datetime": "2024-01-20 14:45:38", "elapsed": 1292.129571, "delta": 0.00192}}
{"target": -13.494038137078546, "params": {"colsample_bytree": 0.4088200042098471, "eta": 0.012672280613839158, "gamma": 569.6442353193399, "max_depth": 3.0, "min_child_weight": 4378.510369196959, "num_boost_round": 79.0, "subsample": 0.22692851657737018}, "datetime": {"datetime": "2024-01-20 14:45:38", "elapsed": 1292.131491, "delta": 0.00192}}
{"target": -13.493979510986097, "params": {"colsample_bytree": 0.4088200042098471, "eta": 0.012672280613839158, "gamma": 569.6442353193399, "max_depth": 3.0, "min_child_weight": 4378.510369196959, "num_boost_round": 80.0, "subsample": 0.22692851657737018}, "datetime": {"datetime": "2024-01-20 14:45:38", "elapsed": 1292.133708, "delta": 0.002217}}
{"target": -13.493962551776239, "params": {"colsample_bytree": 0.4088200042098471, "eta": 0.012672280613839158, "gamma": 569.6442353193399, "max_depth": 3.0, "min_child_weight": 4378.510369196959, "num_boost_round": 81.0, "subsample": 0.22692851657737018}, "datetime": {"datetime": "2024-01-20 14:45:38", "elapsed": 1292.135814, "delta": 0.002106}}
