{"target": -19.1484722531104, "params": {"colsample_bytree": 0.7296572481762986, "eta": 0.05744607664664989, "gamma": 441.27757598995044, "max_depth": 7.0, "min_child_weight": 4519.928101051968, "num_boost_round": 76.0, "subsample": 0.10618315697694908}, "datetime": {"datetime": "2024-01-20 15:45:24", "elapsed": 4892.786873, "delta": 0.005943}}
{"target": -19.14839356823266, "params": {"colsample_bytree": 0.7296572481762986, "eta": 0.05744607664664989, "gamma": 441.27757598995044, "max_depth": 7.0, "min_child_weight": 4519.928101051968, "num_boost_round": 77.0, "subsample": 0.10618315697694908}, "datetime": {"datetime": "2024-01-20 15:45:24", "elapsed": 4892.792488, "delta": 0.005615}}
{"target": -19.148496445711668, "params": {"colsample_bytree": 0.7296572481762986, "eta": 0.05744607664664989, "gamma": 441.27757598995044, "max_depth": 7.0, "min_child_weight": 4519.928101051968, "num_boost_round": 78.0, "subsample": 0.10618315697694908}, "datetime": {"datetime": "2024-01-20 15:45:24", "elapsed": 4892.798094, "delta": 0.005606}}
{"target": -19.148582896557578, "params": {"colsample_bytree": 0.7296572481762986, "eta": 0.05744607664664989, "gamma": 441.27757598995044, "max_depth": 7.0, "min_child_weight": 4519.928101051968, "num_boost_round": 79.0, "subsample": 0.10618315697694908}, "datetime": {"datetime": "2024-01-20 15:45:24", "elapsed": 4892.802862, "delta": 0.004768}}
{"target": -19.148704813405033, "params": {"colsample_bytree": 0.7296572481762986, "eta": 0.05744607664664989, "gamma": 441.27757598995044, "max_depth": 7.0, "min_child_weight": 4519.928101051968, "num_boost_round": 80.0, "subsample": 0.10618315697694908}, "datetime": {"datetime": "2024-01-20 15:45:24", "elapsed": 4892.80827, "delta": 0.005408}}
{"target": -19.14880267596908, "params": {"colsample_bytree": 0.7296572481762986, "eta": 0.05744607664664989, "gamma": 441.27757598995044, "max_depth": 7.0, "min_child_weight": 4519.928101051968, "num_boost_round": 81.0, "subsample": 0.10618315697694908}, "datetime": {"datetime": "2024-01-20 15:45:24", "elapsed": 4892.812645, "delta": 0.004375}}
{"target": -19.148730395654706, "params": {"colsample_bytree": 0.7296572481762986, "eta": 0.05744607664664989, "gamma": 441.27757598995044, "max_depth": 7.0, "min_child_weight": 4519.928101051968, "num_boost_round": 82.0, "subsample": 0.10618315697694908}, "datetime": {"datetime": "2024-01-20 15:45:24", "elapsed": 4892.817263, "delta": 0.004618}}
{"target": -19.14877264765615, "params": {"colsample_bytree": 0.7296572481762986, "eta": 0.05744607664664989, "gamma": 441.27757598995044, "max_depth": 7.0, "min_child_weight": 4519.928101051968, "num_boost_round": 83.0, "subsample": 0.10618315697694908}, "datetime": {"datetime": "2024-01-20 15:45:24", "elapsed": 4892.821813, "delta": 0.00455}}
{"target": -19.1490959926879, "params": {"colsample_bytree": 0.7296572481762986, "eta": 0.05744607664664989, "gamma": 441.27757598995044, "max_depth": 7.0, "min_child_weight": 4519.928101051968, "num_boost_round": 84.0, "subsample": 0.10618315697694908}, "datetime": {"datetime": "2024-01-20 15:45:24", "elapsed": 4892.826325, "delta": 0.004512}}
{"target": -19.149155832904327, "params": {"colsample_bytree": 0.7296572481762986, "eta": 0.05744607664664989, "gamma": 441.27757598995044, "max_depth": 7.0, "min_child_weight": 4519.928101051968, "num_boost_round": 85.0, "subsample": 0.10618315697694908}, "datetime": {"datetime": "2024-01-20 15:45:24", "elapsed": 4892.830744, "delta": 0.004419}}
{"target": -19.149439488564887, "params": {"colsample_bytree": 0.7296572481762986, "eta": 0.05744607664664989, "gamma": 441.27757598995044, "max_depth": 7.0, "min_child_weight": 4519.928101051968, "num_boost_round": 86.0, "subsample": 0.10618315697694908}, "datetime": {"datetime": "2024-01-20 15:45:24", "elapsed": 4892.835059, "delta": 0.004315}}
{"target": -19.149697353275688, "params": {"colsample_bytree": 0.7296572481762986, "eta": 0.05744607664664989, "gamma": 441.27757598995044, "max_depth": 7.0, "min_child_weight": 4519.928101051968, "num_boost_round": 87.0, "subsample": 0.10618315697694908}, "datetime": {"datetime": "2024-01-20 15:45:24", "elapsed": 4892.839482, "delta": 0.004423}}
{"target": -19.149763267828654, "params": {"colsample_bytree": 0.7296572481762986, "eta": 0.05744607664664989, "gamma": 441.27757598995044, "max_depth": 7.0, "min_child_weight": 4519.928101051968, "num_boost_round": 88.0, "subsample": 0.10618315697694908}, "datetime": {"datetime": "2024-01-20 15:45:24", "elapsed": 4892.844114, "delta": 0.004632}}
{"target": -19.149831980359554, "params": {"colsample_bytree": 0.7296572481762986, "eta": 0.05744607664664989, "gamma": 441.27757598995044, "max_depth": 7.0, "min_child_weight": 4519.928101051968, "num_boost_round": 89.0, "subsample": 0.10618315697694908}, "datetime": {"datetime": "2024-01-20 15:45:24", "elapsed": 4892.848867, "delta": 0.004753}}
{"target": -19.149975657322287, "params": {"colsample_bytree": 0.7296572481762986, "eta": 0.05744607664664989, "gamma": 441.27757598995044, "max_depth": 7.0, "min_child_weight": 4519.928101051968, "num_boost_round": 90.0, "subsample": 0.10618315697694908}, "datetime": {"datetime": "2024-01-20 15:45:24", "elapsed": 4892.853752, "delta": 0.004885}}
{"target": -19.15013207488032, "params": {"colsample_bytree": 0.7296572481762986, "eta": 0.05744607664664989, "gamma": 441.27757598995044, "max_depth": 7.0, "min_child_weight": 4519.928101051968, "num_boost_round": 91.0, "subsample": 0.10618315697694908}, "datetime": {"datetime": "2024-01-20 15:45:24", "elapsed": 4892.858452, "delta": 0.0047}}
{"target": -19.150349167150384, "params": {"colsample_bytree": 0.7296572481762986, "eta": 0.05744607664664989, "gamma": 441.27757598995044, "max_depth": 7.0, "min_child_weight": 4519.928101051968, "num_boost_round": 92.0, "subsample": 0.10618315697694908}, "datetime": {"datetime": "2024-01-20 15:45:25", "elapsed": 4893.192418, "delta": 0.333966}}
{"target": -19.15047492676134, "params": {"colsample_bytree": 0.7296572481762986, "eta": 0.05744607664664989, "gamma": 441.27757598995044, "max_depth": 7.0, "min_child_weight": 4519.928101051968, "num_boost_round": 93.0, "subsample": 0.10618315697694908}, "datetime": {"datetime": "2024-01-20 15:45:25", "elapsed": 4893.198122, "delta": 0.005704}}
{"target": -19.150526966689675, "params": {"colsample_bytree": 0.7296572481762986, "eta": 0.05744607664664989, "gamma": 441.27757598995044, "max_depth": 7.0, "min_child_weight": 4519.928101051968, "num_boost_round": 94.0, "subsample": 0.10618315697694908}, "datetime": {"datetime": "2024-01-20 15:45:25", "elapsed": 4893.203365, "delta": 0.005243}}
{"target": -19.15048410083619, "params": {"colsample_bytree": 0.7296572481762986, "eta": 0.05744607664664989, "gamma": 441.27757598995044, "max_depth": 7.0, "min_child_weight": 4519.928101051968, "num_boost_round": 95.0, "subsample": 0.10618315697694908}, "datetime": {"datetime": "2024-01-20 15:45:25", "elapsed": 4893.208125, "delta": 0.00476}}
{"target": -19.150539597235962, "params": {"colsample_bytree": 0.7296572481762986, "eta": 0.05744607664664989, "gamma": 441.27757598995044, "max_depth": 7.0, "min_child_weight": 4519.928101051968, "num_boost_round": 96.0, "subsample": 0.10618315697694908}, "datetime": {"datetime": "2024-01-20 15:45:25", "elapsed": 4893.213099, "delta": 0.004974}}
{"target": -19.150606641900197, "params": {"colsample_bytree": 0.7296572481762986, "eta": 0.05744607664664989, "gamma": 441.27757598995044, "max_depth": 7.0, "min_child_weight": 4519.928101051968, "num_boost_round": 97.0, "subsample": 0.10618315697694908}, "datetime": {"datetime": "2024-01-20 15:45:25", "elapsed": 4893.217614, "delta": 0.004515}}
{"target": -19.1506494745527, "params": {"colsample_bytree": 0.7296572481762986, "eta": 0.05744607664664989, "gamma": 441.27757598995044, "max_depth": 7.0, "min_child_weight": 4519.928101051968, "num_boost_round": 98.0, "subsample": 0.10618315697694908}, "datetime": {"datetime": "2024-01-20 15:45:25", "elapsed": 4893.222127, "delta": 0.004513}}
{"target": -19.15077602217187, "params": {"colsample_bytree": 0.7296572481762986, "eta": 0.05744607664664989, "gamma": 441.27757598995044, "max_depth": 7.0, "min_child_weight": 4519.928101051968, "num_boost_round": 99.0, "subsample": 0.10618315697694908}, "datetime": {"datetime": "2024-01-20 15:45:25", "elapsed": 4893.226767, "delta": 0.00464}}
{"target": -19.15088468562562, "params": {"colsample_bytree": 0.7296572481762986, "eta": 0.05744607664664989, "gamma": 441.27757598995044, "max_depth": 7.0, "min_child_weight": 4519.928101051968, "num_boost_round": 100.0, "subsample": 0.10618315697694908}, "datetime": {"datetime": "2024-01-20 15:45:25", "elapsed": 4893.23168, "delta": 0.004913}}
{"target": -19.15080130199616, "params": {"colsample_bytree": 0.7296572481762986, "eta": 0.05744607664664989, "gamma": 441.27757598995044, "max_depth": 7.0, "min_child_weight": 4519.928101051968, "num_boost_round": 101.0, "subsample": 0.10618315697694908}, "datetime": {"datetime": "2024-01-20 15:45:25", "elapsed": 4893.236212, "delta": 0.004532}}
{"target": -19.150948796822636, "params": {"colsample_bytree": 0.7296572481762986, "eta": 0.05744607664664989, "gamma": 441.27757598995044, "max_depth": 7.0, "min_child_weight": 4519.928101051968, "num_boost_round": 102.0, "subsample": 0.10618315697694908}, "datetime": {"datetime": "2024-01-20 15:45:25", "elapsed": 4893.240904, "delta": 0.004692}}
{"target": -19.151162379587777, "params": {"colsample_bytree": 0.7296572481762986, "eta": 0.05744607664664989, "gamma": 441.27757598995044, "max_depth": 7.0, "min_child_weight": 4519.928101051968, "num_boost_round": 103.0, "subsample": 0.10618315697694908}, "datetime": {"datetime": "2024-01-20 15:45:25", "elapsed": 4893.245662, "delta": 0.004758}}
{"target": -19.151284989801347, "params": {"colsample_bytree": 0.7296572481762986, "eta": 0.05744607664664989, "gamma": 441.27757598995044, "max_depth": 7.0, "min_child_weight": 4519.928101051968, "num_boost_round": 104.0, "subsample": 0.10618315697694908}, "datetime": {"datetime": "2024-01-20 15:45:25", "elapsed": 4893.250711, "delta": 0.005049}}
{"target": -19.15123184135997, "params": {"colsample_bytree": 0.7296572481762986, "eta": 0.05744607664664989, "gamma": 441.27757598995044, "max_depth": 7.0, "min_child_weight": 4519.928101051968, "num_boost_round": 105.0, "subsample": 0.10618315697694908}, "datetime": {"datetime": "2024-01-20 15:45:25", "elapsed": 4893.256438, "delta": 0.005727}}
{"target": -19.15145730469611, "params": {"colsample_bytree": 0.7296572481762986, "eta": 0.05744607664664989, "gamma": 441.27757598995044, "max_depth": 7.0, "min_child_weight": 4519.928101051968, "num_boost_round": 106.0, "subsample": 0.10618315697694908}, "datetime": {"datetime": "2024-01-20 15:45:25", "elapsed": 4893.262084, "delta": 0.005646}}
{"target": -19.151457216357848, "params": {"colsample_bytree": 0.7296572481762986, "eta": 0.05744607664664989, "gamma": 441.27757598995044, "max_depth": 7.0, "min_child_weight": 4519.928101051968, "num_boost_round": 107.0, "subsample": 0.10618315697694908}, "datetime": {"datetime": "2024-01-20 15:45:25", "elapsed": 4893.267685, "delta": 0.005601}}
{"target": -19.151629944412505, "params": {"colsample_bytree": 0.7296572481762986, "eta": 0.05744607664664989, "gamma": 441.27757598995044, "max_depth": 7.0, "min_child_weight": 4519.928101051968, "num_boost_round": 108.0, "subsample": 0.10618315697694908}, "datetime": {"datetime": "2024-01-20 15:45:25", "elapsed": 4893.272722, "delta": 0.005037}}
{"target": -19.152033558173684, "params": {"colsample_bytree": 0.7296572481762986, "eta": 0.05744607664664989, "gamma": 441.27757598995044, "max_depth": 7.0, "min_child_weight": 4519.928101051968, "num_boost_round": 109.0, "subsample": 0.10618315697694908}, "datetime": {"datetime": "2024-01-20 15:45:25", "elapsed": 4893.277571, "delta": 0.004849}}
{"target": -19.15206322527951, "params": {"colsample_bytree": 0.7296572481762986, "eta": 0.05744607664664989, "gamma": 441.27757598995044, "max_depth": 7.0, "min_child_weight": 4519.928101051968, "num_boost_round": 110.0, "subsample": 0.10618315697694908}, "datetime": {"datetime": "2024-01-20 15:45:25", "elapsed": 4893.282276, "delta": 0.004705}}
{"target": -19.15207751978408, "params": {"colsample_bytree": 0.7296572481762986, "eta": 0.05744607664664989, "gamma": 441.27757598995044, "max_depth": 7.0, "min_child_weight": 4519.928101051968, "num_boost_round": 111.0, "subsample": 0.10618315697694908}, "datetime": {"datetime": "2024-01-20 15:45:25", "elapsed": 4893.286892, "delta": 0.004616}}
{"target": -19.152159340987733, "params": {"colsample_bytree": 0.7296572481762986, "eta": 0.05744607664664989, "gamma": 441.27757598995044, "max_depth": 7.0, "min_child_weight": 4519.928101051968, "num_boost_round": 112.0, "subsample": 0.10618315697694908}, "datetime": {"datetime": "2024-01-20 15:45:25", "elapsed": 4893.291668, "delta": 0.004776}}
{"target": -19.152261535206055, "params": {"colsample_bytree": 0.7296572481762986, "eta": 0.05744607664664989, "gamma": 441.27757598995044, "max_depth": 7.0, "min_child_weight": 4519.928101051968, "num_boost_round": 113.0, "subsample": 0.10618315697694908}, "datetime": {"datetime": "2024-01-20 15:45:25", "elapsed": 4893.296181, "delta": 0.004513}}
{"target": -19.152122025645475, "params": {"colsample_bytree": 0.7296572481762986, "eta": 0.05744607664664989, "gamma": 441.27757598995044, "max_depth": 7.0, "min_child_weight": 4519.928101051968, "num_boost_round": 114.0, "subsample": 0.10618315697694908}, "datetime": {"datetime": "2024-01-20 15:45:25", "elapsed": 4893.300647, "delta": 0.004466}}
{"target": -19.15225040679244, "params": {"colsample_bytree": 0.7296572481762986, "eta": 0.05744607664664989, "gamma": 441.27757598995044, "max_depth": 7.0, "min_child_weight": 4519.928101051968, "num_boost_round": 115.0, "subsample": 0.10618315697694908}, "datetime": {"datetime": "2024-01-20 15:45:25", "elapsed": 4893.305193, "delta": 0.004546}}
{"target": -19.1524104670847, "params": {"colsample_bytree": 0.7296572481762986, "eta": 0.05744607664664989, "gamma": 441.27757598995044, "max_depth": 7.0, "min_child_weight": 4519.928101051968, "num_boost_round": 116.0, "subsample": 0.10618315697694908}, "datetime": {"datetime": "2024-01-20 15:45:25", "elapsed": 4893.309844, "delta": 0.004651}}
{"target": -19.152608377252513, "params": {"colsample_bytree": 0.7296572481762986, "eta": 0.05744607664664989, "gamma": 441.27757598995044, "max_depth": 7.0, "min_child_weight": 4519.928101051968, "num_boost_round": 117.0, "subsample": 0.10618315697694908}, "datetime": {"datetime": "2024-01-20 15:45:25", "elapsed": 4893.314331, "delta": 0.004487}}
{"target": -19.152675048696285, "params": {"colsample_bytree": 0.7296572481762986, "eta": 0.05744607664664989, "gamma": 441.27757598995044, "max_depth": 7.0, "min_child_weight": 4519.928101051968, "num_boost_round": 118.0, "subsample": 0.10618315697694908}, "datetime": {"datetime": "2024-01-20 15:45:25", "elapsed": 4893.319131, "delta": 0.0048}}
{"target": -19.15291337940383, "params": {"colsample_bytree": 0.7296572481762986, "eta": 0.05744607664664989, "gamma": 441.27757598995044, "max_depth": 7.0, "min_child_weight": 4519.928101051968, "num_boost_round": 119.0, "subsample": 0.10618315697694908}, "datetime": {"datetime": "2024-01-20 15:45:25", "elapsed": 4893.323782, "delta": 0.004651}}
{"target": -19.152875378923923, "params": {"colsample_bytree": 0.7296572481762986, "eta": 0.05744607664664989, "gamma": 441.27757598995044, "max_depth": 7.0, "min_child_weight": 4519.928101051968, "num_boost_round": 120.0, "subsample": 0.10618315697694908}, "datetime": {"datetime": "2024-01-20 15:45:25", "elapsed": 4893.328674, "delta": 0.004892}}
{"target": -19.152829354351812, "params": {"colsample_bytree": 0.7296572481762986, "eta": 0.05744607664664989, "gamma": 441.27757598995044, "max_depth": 7.0, "min_child_weight": 4519.928101051968, "num_boost_round": 121.0, "subsample": 0.10618315697694908}, "datetime": {"datetime": "2024-01-20 15:45:25", "elapsed": 4893.333271, "delta": 0.004597}}
{"target": -19.15306311746621, "params": {"colsample_bytree": 0.7296572481762986, "eta": 0.05744607664664989, "gamma": 441.27757598995044, "max_depth": 7.0, "min_child_weight": 4519.928101051968, "num_boost_round": 122.0, "subsample": 0.10618315697694908}, "datetime": {"datetime": "2024-01-20 15:45:25", "elapsed": 4893.337871, "delta": 0.0046}}
{"target": -19.15313237449897, "params": {"colsample_bytree": 0.7296572481762986, "eta": 0.05744607664664989, "gamma": 441.27757598995044, "max_depth": 7.0, "min_child_weight": 4519.928101051968, "num_boost_round": 123.0, "subsample": 0.10618315697694908}, "datetime": {"datetime": "2024-01-20 15:45:25", "elapsed": 4893.342488, "delta": 0.004617}}
{"target": -19.153345435892504, "params": {"colsample_bytree": 0.7296572481762986, "eta": 0.05744607664664989, "gamma": 441.27757598995044, "max_depth": 7.0, "min_child_weight": 4519.928101051968, "num_boost_round": 124.0, "subsample": 0.10618315697694908}, "datetime": {"datetime": "2024-01-20 15:45:25", "elapsed": 4893.347615, "delta": 0.005127}}
{"target": -19.153368073423117, "params": {"colsample_bytree": 0.7296572481762986, "eta": 0.05744607664664989, "gamma": 441.27757598995044, "max_depth": 7.0, "min_child_weight": 4519.928101051968, "num_boost_round": 125.0, "subsample": 0.10618315697694908}, "datetime": {"datetime": "2024-01-20 15:45:25", "elapsed": 4893.352398, "delta": 0.004783}}
{"target": -19.15355838520759, "params": {"colsample_bytree": 0.7296572481762986, "eta": 0.05744607664664989, "gamma": 441.27757598995044, "max_depth": 7.0, "min_child_weight": 4519.928101051968, "num_boost_round": 126.0, "subsample": 0.10618315697694908}, "datetime": {"datetime": "2024-01-20 15:45:25", "elapsed": 4893.357216, "delta": 0.004818}}
{"target": -19.15360875433319, "params": {"colsample_bytree": 0.7296572481762986, "eta": 0.05744607664664989, "gamma": 441.27757598995044, "max_depth": 7.0, "min_child_weight": 4519.928101051968, "num_boost_round": 127.0, "subsample": 0.10618315697694908}, "datetime": {"datetime": "2024-01-20 15:45:25", "elapsed": 4893.361968, "delta": 0.004752}}
{"target": -19.153792806655076, "params": {"colsample_bytree": 0.7296572481762986, "eta": 0.05744607664664989, "gamma": 441.27757598995044, "max_depth": 7.0, "min_child_weight": 4519.928101051968, "num_boost_round": 128.0, "subsample": 0.10618315697694908}, "datetime": {"datetime": "2024-01-20 15:45:25", "elapsed": 4893.366944, "delta": 0.004976}}
{"target": -19.1537781241578, "params": {"colsample_bytree": 0.7296572481762986, "eta": 0.05744607664664989, "gamma": 441.27757598995044, "max_depth": 7.0, "min_child_weight": 4519.928101051968, "num_boost_round": 129.0, "subsample": 0.10618315697694908}, "datetime": {"datetime": "2024-01-20 15:45:25", "elapsed": 4893.372554, "delta": 0.00561}}
{"target": -19.15372305520807, "params": {"colsample_bytree": 0.7296572481762986, "eta": 0.05744607664664989, "gamma": 441.27757598995044, "max_depth": 7.0, "min_child_weight": 4519.928101051968, "num_boost_round": 130.0, "subsample": 0.10618315697694908}, "datetime": {"datetime": "2024-01-20 15:45:25", "elapsed": 4893.377347, "delta": 0.004793}}
{"target": -19.15382831153508, "params": {"colsample_bytree": 0.7296572481762986, "eta": 0.05744607664664989, "gamma": 441.27757598995044, "max_depth": 7.0, "min_child_weight": 4519.928101051968, "num_boost_round": 131.0, "subsample": 0.10618315697694908}, "datetime": {"datetime": "2024-01-20 15:45:25", "elapsed": 4893.382023, "delta": 0.004676}}
{"target": -19.154155089008697, "params": {"colsample_bytree": 0.7296572481762986, "eta": 0.05744607664664989, "gamma": 441.27757598995044, "max_depth": 7.0, "min_child_weight": 4519.928101051968, "num_boost_round": 132.0, "subsample": 0.10618315697694908}, "datetime": {"datetime": "2024-01-20 15:45:25", "elapsed": 4893.38674, "delta": 0.004717}}
{"target": -19.154385224848944, "params": {"colsample_bytree": 0.7296572481762986, "eta": 0.05744607664664989, "gamma": 441.27757598995044, "max_depth": 7.0, "min_child_weight": 4519.928101051968, "num_boost_round": 133.0, "subsample": 0.10618315697694908}, "datetime": {"datetime": "2024-01-20 15:45:25", "elapsed": 4893.391238, "delta": 0.004498}}
{"target": -19.154388198680792, "params": {"colsample_bytree": 0.7296572481762986, "eta": 0.05744607664664989, "gamma": 441.27757598995044, "max_depth": 7.0, "min_child_weight": 4519.928101051968, "num_boost_round": 134.0, "subsample": 0.10618315697694908}, "datetime": {"datetime": "2024-01-20 15:45:25", "elapsed": 4893.395751, "delta": 0.004513}}
{"target": -19.154429694007554, "params": {"colsample_bytree": 0.7296572481762986, "eta": 0.05744607664664989, "gamma": 441.27757598995044, "max_depth": 7.0, "min_child_weight": 4519.928101051968, "num_boost_round": 135.0, "subsample": 0.10618315697694908}, "datetime": {"datetime": "2024-01-20 15:45:25", "elapsed": 4893.40028, "delta": 0.004529}}
{"target": -19.154553167509576, "params": {"colsample_bytree": 0.7296572481762986, "eta": 0.05744607664664989, "gamma": 441.27757598995044, "max_depth": 7.0, "min_child_weight": 4519.928101051968, "num_boost_round": 136.0, "subsample": 0.10618315697694908}, "datetime": {"datetime": "2024-01-20 15:45:25", "elapsed": 4893.405022, "delta": 0.004742}}
{"target": -19.154711255149742, "params": {"colsample_bytree": 0.7296572481762986, "eta": 0.05744607664664989, "gamma": 441.27757598995044, "max_depth": 7.0, "min_child_weight": 4519.928101051968, "num_boost_round": 137.0, "subsample": 0.10618315697694908}, "datetime": {"datetime": "2024-01-20 15:45:25", "elapsed": 4893.409564, "delta": 0.004542}}
{"target": -19.154748786166998, "params": {"colsample_bytree": 0.7296572481762986, "eta": 0.05744607664664989, "gamma": 441.27757598995044, "max_depth": 7.0, "min_child_weight": 4519.928101051968, "num_boost_round": 138.0, "subsample": 0.10618315697694908}, "datetime": {"datetime": "2024-01-20 15:45:25", "elapsed": 4893.414089, "delta": 0.004525}}
