{"target": -13.412850925430181, "params": {"colsample_bytree": 0.9522102321889961, "eta": 0.02078996534995211, "gamma": 986.815901109586, "max_depth": 4.0, "min_child_weight": 3539.1910417944596, "num_boost_round": 62.0, "subsample": 0.727835491463384}, "datetime": {"datetime": "2024-01-20 14:48:34", "elapsed": 1449.607204, "delta": 0.001633}}
{"target": -13.41308787856908, "params": {"colsample_bytree": 0.9522102321889961, "eta": 0.02078996534995211, "gamma": 986.815901109586, "max_depth": 4.0, "min_child_weight": 3539.1910417944596, "num_boost_round": 63.0, "subsample": 0.727835491463384}, "datetime": {"datetime": "2024-01-20 14:48:34", "elapsed": 1449.608866, "delta": 0.001662}}
{"target": -13.413233214190875, "params": {"colsample_bytree": 0.9522102321889961, "eta": 0.02078996534995211, "gamma": 986.815901109586, "max_depth": 4.0, "min_child_weight": 3539.1910417944596, "num_boost_round": 64.0, "subsample": 0.727835491463384}, "datetime": {"datetime": "2024-01-20 14:48:34", "elapsed": 1449.610649, "delta": 0.001783}}
{"target": -13.413389066157482, "params": {"colsample_bytree": 0.9522102321889961, "eta": 0.02078996534995211, "gamma": 986.815901109586, "max_depth": 4.0, "min_child_weight": 3539.1910417944596, "num_boost_round": 65.0, "subsample": 0.727835491463384}, "datetime": {"datetime": "2024-01-20 14:48:34", "elapsed": 1449.612284, "delta": 0.001635}}
{"target": -13.413582626892303, "params": {"colsample_bytree": 0.9522102321889961, "eta": 0.02078996534995211, "gamma": 986.815901109586, "max_depth": 4.0, "min_child_weight": 3539.1910417944596, "num_boost_round": 66.0, "subsample": 0.727835491463384}, "datetime": {"datetime": "2024-01-20 14:48:34", "elapsed": 1449.613952, "delta": 0.001668}}
{"target": -13.413844284664208, "params": {"colsample_bytree": 0.9522102321889961, "eta": 0.02078996534995211, "gamma": 986.815901109586, "max_depth": 4.0, "min_child_weight": 3539.1910417944596, "num_boost_round": 67.0, "subsample": 0.727835491463384}, "datetime": {"datetime": "2024-01-20 14:48:34", "elapsed": 1449.615609, "delta": 0.001657}}
{"target": -13.414131781528159, "params": {"colsample_bytree": 0.9522102321889961, "eta": 0.02078996534995211, "gamma": 986.815901109586, "max_depth": 4.0, "min_child_weight": 3539.1910417944596, "num_boost_round": 68.0, "subsample": 0.727835491463384}, "datetime": {"datetime": "2024-01-20 14:48:34", "elapsed": 1449.617229, "delta": 0.00162}}
{"target": -13.414339978986863, "params": {"colsample_bytree": 0.9522102321889961, "eta": 0.02078996534995211, "gamma": 986.815901109586, "max_depth": 4.0, "min_child_weight": 3539.1910417944596, "num_boost_round": 69.0, "subsample": 0.727835491463384}, "datetime": {"datetime": "2024-01-20 14:48:34", "elapsed": 1449.618905, "delta": 0.001676}}
{"target": -13.414442947523131, "params": {"colsample_bytree": 0.9522102321889961, "eta": 0.02078996534995211, "gamma": 986.815901109586, "max_depth": 4.0, "min_child_weight": 3539.1910417944596, "num_boost_round": 70.0, "subsample": 0.727835491463384}, "datetime": {"datetime": "2024-01-20 14:48:34", "elapsed": 1449.620526, "delta": 0.001621}}
{"target": -13.414714144245428, "params": {"colsample_bytree": 0.9522102321889961, "eta": 0.02078996534995211, "gamma": 986.815901109586, "max_depth": 4.0, "min_child_weight": 3539.1910417944596, "num_boost_round": 71.0, "subsample": 0.727835491463384}, "datetime": {"datetime": "2024-01-20 14:48:34", "elapsed": 1449.6222, "delta": 0.001674}}
{"target": -13.414862529005614, "params": {"colsample_bytree": 0.9522102321889961, "eta": 0.02078996534995211, "gamma": 986.815901109586, "max_depth": 4.0, "min_child_weight": 3539.1910417944596, "num_boost_round": 72.0, "subsample": 0.727835491463384}, "datetime": {"datetime": "2024-01-20 14:48:34", "elapsed": 1449.623838, "delta": 0.001638}}
{"target": -13.414930359867096, "params": {"colsample_bytree": 0.9522102321889961, "eta": 0.02078996534995211, "gamma": 986.815901109586, "max_depth": 4.0, "min_child_weight": 3539.1910417944596, "num_boost_round": 73.0, "subsample": 0.727835491463384}, "datetime": {"datetime": "2024-01-20 14:48:34", "elapsed": 1449.625497, "delta": 0.001659}}
{"target": -13.415042248440596, "params": {"colsample_bytree": 0.9522102321889961, "eta": 0.02078996534995211, "gamma": 986.815901109586, "max_depth": 4.0, "min_child_weight": 3539.1910417944596, "num_boost_round": 74.0, "subsample": 0.727835491463384}, "datetime": {"datetime": "2024-01-20 14:48:34", "elapsed": 1449.627115, "delta": 0.001618}}
{"target": -13.415184658111489, "params": {"colsample_bytree": 0.9522102321889961, "eta": 0.02078996534995211, "gamma": 986.815901109586, "max_depth": 4.0, "min_child_weight": 3539.1910417944596, "num_boost_round": 75.0, "subsample": 0.727835491463384}, "datetime": {"datetime": "2024-01-20 14:48:34", "elapsed": 1449.628718, "delta": 0.001603}}
{"target": -13.415356253478622, "params": {"colsample_bytree": 0.9522102321889961, "eta": 0.02078996534995211, "gamma": 986.815901109586, "max_depth": 4.0, "min_child_weight": 3539.1910417944596, "num_boost_round": 76.0, "subsample": 0.727835491463384}, "datetime": {"datetime": "2024-01-20 14:48:34", "elapsed": 1449.630513, "delta": 0.001795}}
{"target": -13.415518971211014, "params": {"colsample_bytree": 0.9522102321889961, "eta": 0.02078996534995211, "gamma": 986.815901109586, "max_depth": 4.0, "min_child_weight": 3539.1910417944596, "num_boost_round": 77.0, "subsample": 0.727835491463384}, "datetime": {"datetime": "2024-01-20 14:48:34", "elapsed": 1449.632109, "delta": 0.001596}}
{"target": -13.415719591121567, "params": {"colsample_bytree": 0.9522102321889961, "eta": 0.02078996534995211, "gamma": 986.815901109586, "max_depth": 4.0, "min_child_weight": 3539.1910417944596, "num_boost_round": 78.0, "subsample": 0.727835491463384}, "datetime": {"datetime": "2024-01-20 14:48:34", "elapsed": 1449.633853, "delta": 0.001744}}
{"target": -13.397772805908328, "params": {"colsample_bytree": 0.6138250440179471, "eta": 0.058808069309382247, "gamma": 719.717910773938, "max_depth": 4.0, "min_child_weight": 4169.164345191007, "num_boost_round": 1.0, "subsample": 0.5681546763785035}, "datetime": {"datetime": "2024-01-20 14:48:54", "elapsed": 1469.322825, "delta": 19.688972}}
{"target": -13.39808265969852, "params": {"colsample_bytree": 0.6138250440179471, "eta": 0.058808069309382247, "gamma": 719.717910773938, "max_depth": 4.0, "min_child_weight": 4169.164345191007, "num_boost_round": 2.0, "subsample": 0.5681546763785035}, "datetime": {"datetime": "2024-01-20 14:48:54", "elapsed": 1469.324977, "delta": 0.002152}}
{"target": -13.398278665256072, "params": {"colsample_bytree": 0.6138250440179471, "eta": 0.058808069309382247, "gamma": 719.717910773938, "max_depth": 4.0, "min_child_weight": 4169.164345191007, "num_boost_round": 3.0, "subsample": 0.5681546763785035}, "datetime": {"datetime": "2024-01-20 14:48:54", "elapsed": 1469.327056, "delta": 0.002079}}
{"target": -13.397983409414483, "params": {"colsample_bytree": 0.5499983293458841, "eta": 0.03590938384733646, "gamma": 865.5916066889328, "max_depth": 3.0, "min_child_weight": 3595.9840809708103, "num_boost_round": 1.0, "subsample": 0.8090902907607842}, "datetime": {"datetime": "2024-01-20 14:49:14", "elapsed": 1489.445573, "delta": 20.118517}}
{"target": -13.398144368369328, "params": {"colsample_bytree": 0.5499983293458841, "eta": 0.03590938384733646, "gamma": 865.5916066889328, "max_depth": 3.0, "min_child_weight": 3595.9840809708103, "num_boost_round": 2.0, "subsample": 0.8090902907607842}, "datetime": {"datetime": "2024-01-20 14:49:14", "elapsed": 1489.449088, "delta": 0.003515}}
{"target": -13.398191353660904, "params": {"colsample_bytree": 0.5499983293458841, "eta": 0.03590938384733646, "gamma": 865.5916066889328, "max_depth": 3.0, "min_child_weight": 3595.9840809708103, "num_boost_round": 3.0, "subsample": 0.8090902907607842}, "datetime": {"datetime": "2024-01-20 14:49:14", "elapsed": 1489.450866, "delta": 0.001778}}
{"target": -13.398348332400865, "params": {"colsample_bytree": 0.5499983293458841, "eta": 0.03590938384733646, "gamma": 865.5916066889328, "max_depth": 3.0, "min_child_weight": 3595.9840809708103, "num_boost_round": 4.0, "subsample": 0.8090902907607842}, "datetime": {"datetime": "2024-01-20 14:49:14", "elapsed": 1489.452523, "delta": 0.001657}}
{"target": -13.39778573639975, "params": {"colsample_bytree": 0.6968777905039618, "eta": 0.08239741134950634, "gamma": 791.720552174899, "max_depth": 4.0, "min_child_weight": 3304.654351900262, "num_boost_round": 1.0, "subsample": 0.40840603014640553}, "datetime": {"datetime": "2024-01-20 14:49:34", "elapsed": 1508.879263, "delta": 19.42674}}
{"target": -13.397971027249689, "params": {"colsample_bytree": 0.6968777905039618, "eta": 0.08239741134950634, "gamma": 791.720552174899, "max_depth": 4.0, "min_child_weight": 3304.654351900262, "num_boost_round": 2.0, "subsample": 0.40840603014640553}, "datetime": {"datetime": "2024-01-20 14:49:34", "elapsed": 1508.881675, "delta": 0.002412}}
{"target": -13.397715373514657, "params": {"colsample_bytree": 0.9601326159086463, "eta": 0.008367228555810019, "gamma": 862.543969464446, "max_depth": 4.0, "min_child_weight": 3261.183842697472, "num_boost_round": 1.0, "subsample": 0.266343204911346}, "datetime": {"datetime": "2024-01-20 14:49:59", "elapsed": 1534.288934, "delta": 25.407259}}
{"target": -13.397646689255382, "params": {"colsample_bytree": 0.9601326159086463, "eta": 0.008367228555810019, "gamma": 862.543969464446, "max_depth": 4.0, "min_child_weight": 3261.183842697472, "num_boost_round": 2.0, "subsample": 0.266343204911346}, "datetime": {"datetime": "2024-01-20 14:49:59", "elapsed": 1534.291755, "delta": 0.002821}}
{"target": -13.397596780859299, "params": {"colsample_bytree": 0.9601326159086463, "eta": 0.008367228555810019, "gamma": 862.543969464446, "max_depth": 4.0, "min_child_weight": 3261.183842697472, "num_boost_round": 3.0, "subsample": 0.266343204911346}, "datetime": {"datetime": "2024-01-20 14:49:59", "elapsed": 1534.293509, "delta": 0.001754}}
{"target": -13.39754525755, "params": {"colsample_bytree": 0.9601326159086463, "eta": 0.008367228555810019, "gamma": 862.543969464446, "max_depth": 4.0, "min_child_weight": 3261.183842697472, "num_boost_round": 4.0, "subsample": 0.266343204911346}, "datetime": {"datetime": "2024-01-20 14:49:59", "elapsed": 1534.295499, "delta": 0.00199}}
{"target": -13.39749324719941, "params": {"colsample_bytree": 0.9601326159086463, "eta": 0.008367228555810019, "gamma": 862.543969464446, "max_depth": 4.0, "min_child_weight": 3261.183842697472, "num_boost_round": 5.0, "subsample": 0.266343204911346}, "datetime": {"datetime": "2024-01-20 14:49:59", "elapsed": 1534.297259, "delta": 0.00176}}
{"target": -13.39744898489349, "params": {"colsample_bytree": 0.9601326159086463, "eta": 0.008367228555810019, "gamma": 862.543969464446, "max_depth": 4.0, "min_child_weight": 3261.183842697472, "num_boost_round": 6.0, "subsample": 0.266343204911346}, "datetime": {"datetime": "2024-01-20 14:49:59", "elapsed": 1534.298997, "delta": 0.001738}}
{"target": -13.397373758058592, "params": {"colsample_bytree": 0.9601326159086463, "eta": 0.008367228555810019, "gamma": 862.543969464446, "max_depth": 4.0, "min_child_weight": 3261.183842697472, "num_boost_round": 7.0, "subsample": 0.266343204911346}, "datetime": {"datetime": "2024-01-20 14:49:59", "elapsed": 1534.300764, "delta": 0.001767}}
{"target": -13.39736532472657, "params": {"colsample_bytree": 0.9601326159086463, "eta": 0.008367228555810019, "gamma": 862.543969464446, "max_depth": 4.0, "min_child_weight": 3261.183842697472, "num_boost_round": 8.0, "subsample": 0.266343204911346}, "datetime": {"datetime": "2024-01-20 14:49:59", "elapsed": 1534.30251, "delta": 0.001746}}
{"target": -13.39733992636084, "params": {"colsample_bytree": 0.9601326159086463, "eta": 0.008367228555810019, "gamma": 862.543969464446, "max_depth": 4.0, "min_child_weight": 3261.183842697472, "num_boost_round": 9.0, "subsample": 0.266343204911346}, "datetime": {"datetime": "2024-01-20 14:49:59", "elapsed": 1534.304251, "delta": 0.001741}}
{"target": -13.397278830006504, "params": {"colsample_bytree": 0.9601326159086463, "eta": 0.008367228555810019, "gamma": 862.543969464446, "max_depth": 4.0, "min_child_weight": 3261.183842697472, "num_boost_round": 10.0, "subsample": 0.266343204911346}, "datetime": {"datetime": "2024-01-20 14:49:59", "elapsed": 1534.305988, "delta": 0.001737}}
{"target": -13.397267656542578, "params": {"colsample_bytree": 0.9601326159086463, "eta": 0.008367228555810019, "gamma": 862.543969464446, "max_depth": 4.0, "min_child_weight": 3261.183842697472, "num_boost_round": 11.0, "subsample": 0.266343204911346}, "datetime": {"datetime": "2024-01-20 14:49:59", "elapsed": 1534.307683, "delta": 0.001695}}
{"target": -13.39725689859461, "params": {"colsample_bytree": 0.9601326159086463, "eta": 0.008367228555810019, "gamma": 862.543969464446, "max_depth": 4.0, "min_child_weight": 3261.183842697472, "num_boost_round": 12.0, "subsample": 0.266343204911346}, "datetime": {"datetime": "2024-01-20 14:49:59", "elapsed": 1534.610948, "delta": 0.303265}}
{"target": -13.397209746436495, "params": {"colsample_bytree": 0.9601326159086463, "eta": 0.008367228555810019, "gamma": 862.543969464446, "max_depth": 4.0, "min_child_weight": 3261.183842697472, "num_boost_round": 13.0, "subsample": 0.266343204911346}, "datetime": {"datetime": "2024-01-20 14:49:59", "elapsed": 1534.613128, "delta": 0.00218}}
{"target": -13.39722758065779, "params": {"colsample_bytree": 0.9601326159086463, "eta": 0.008367228555810019, "gamma": 862.543969464446, "max_depth": 4.0, "min_child_weight": 3261.183842697472, "num_boost_round": 14.0, "subsample": 0.266343204911346}, "datetime": {"datetime": "2024-01-20 14:49:59", "elapsed": 1534.614952, "delta": 0.001824}}
{"target": -13.397258014993668, "params": {"colsample_bytree": 0.9601326159086463, "eta": 0.008367228555810019, "gamma": 862.543969464446, "max_depth": 4.0, "min_child_weight": 3261.183842697472, "num_boost_round": 15.0, "subsample": 0.266343204911346}, "datetime": {"datetime": "2024-01-20 14:49:59", "elapsed": 1534.616732, "delta": 0.00178}}
{"target": -13.39784230597364, "params": {"colsample_bytree": 0.2328542797283895, "eta": 0.025153453699148565, "gamma": 939.7431350577468, "max_depth": 4.0, "min_child_weight": 3260.2082811151263, "num_boost_round": 1.0, "subsample": 0.2649622149284554}, "datetime": {"datetime": "2024-01-20 14:50:28", "elapsed": 1563.005075, "delta": 28.388343}}
{"target": -13.397795833077394, "params": {"colsample_bytree": 0.2328542797283895, "eta": 0.025153453699148565, "gamma": 939.7431350577468, "max_depth": 4.0, "min_child_weight": 3260.2082811151263, "num_boost_round": 2.0, "subsample": 0.2649622149284554}, "datetime": {"datetime": "2024-01-20 14:50:28", "elapsed": 1563.00787, "delta": 0.002795}}
{"target": -13.397749428567126, "params": {"colsample_bytree": 0.2328542797283895, "eta": 0.025153453699148565, "gamma": 939.7431350577468, "max_depth": 4.0, "min_child_weight": 3260.2082811151263, "num_boost_round": 3.0, "subsample": 0.2649622149284554}, "datetime": {"datetime": "2024-01-20 14:50:28", "elapsed": 1563.010177, "delta": 0.002307}}
{"target": -13.397908848723091, "params": {"colsample_bytree": 0.2328542797283895, "eta": 0.025153453699148565, "gamma": 939.7431350577468, "max_depth": 4.0, "min_child_weight": 3260.2082811151263, "num_boost_round": 4.0, "subsample": 0.2649622149284554}, "datetime": {"datetime": "2024-01-20 14:50:28", "elapsed": 1563.011902, "delta": 0.001725}}
{"target": -13.398167352841286, "params": {"colsample_bytree": 0.2328542797283895, "eta": 0.025153453699148565, "gamma": 939.7431350577468, "max_depth": 4.0, "min_child_weight": 3260.2082811151263, "num_boost_round": 5.0, "subsample": 0.2649622149284554}, "datetime": {"datetime": "2024-01-20 14:50:28", "elapsed": 1563.013593, "delta": 0.001691}}
{"target": -13.398109495619671, "params": {"colsample_bytree": 0.2328542797283895, "eta": 0.025153453699148565, "gamma": 939.7431350577468, "max_depth": 4.0, "min_child_weight": 3260.2082811151263, "num_boost_round": 6.0, "subsample": 0.2649622149284554}, "datetime": {"datetime": "2024-01-20 14:50:28", "elapsed": 1563.015443, "delta": 0.00185}}
{"target": -13.398178066175447, "params": {"colsample_bytree": 0.2328542797283895, "eta": 0.025153453699148565, "gamma": 939.7431350577468, "max_depth": 4.0, "min_child_weight": 3260.2082811151263, "num_boost_round": 7.0, "subsample": 0.2649622149284554}, "datetime": {"datetime": "2024-01-20 14:50:28", "elapsed": 1563.017204, "delta": 0.001761}}
{"target": -13.398262463130639, "params": {"colsample_bytree": 0.2328542797283895, "eta": 0.025153453699148565, "gamma": 939.7431350577468, "max_depth": 4.0, "min_child_weight": 3260.2082811151263, "num_boost_round": 8.0, "subsample": 0.2649622149284554}, "datetime": {"datetime": "2024-01-20 14:50:28", "elapsed": 1563.018984, "delta": 0.00178}}
{"target": -13.398315316248711, "params": {"colsample_bytree": 0.2328542797283895, "eta": 0.025153453699148565, "gamma": 939.7431350577468, "max_depth": 4.0, "min_child_weight": 3260.2082811151263, "num_boost_round": 9.0, "subsample": 0.2649622149284554}, "datetime": {"datetime": "2024-01-20 14:50:28", "elapsed": 1563.0207, "delta": 0.001716}}
{"target": -13.39831066505689, "params": {"colsample_bytree": 0.2328542797283895, "eta": 0.025153453699148565, "gamma": 939.7431350577468, "max_depth": 4.0, "min_child_weight": 3260.2082811151263, "num_boost_round": 10.0, "subsample": 0.2649622149284554}, "datetime": {"datetime": "2024-01-20 14:50:28", "elapsed": 1563.022391, "delta": 0.001691}}
{"target": -13.398340927824378, "params": {"colsample_bytree": 0.2328542797283895, "eta": 0.025153453699148565, "gamma": 939.7431350577468, "max_depth": 4.0, "min_child_weight": 3260.2082811151263, "num_boost_round": 11.0, "subsample": 0.2649622149284554}, "datetime": {"datetime": "2024-01-20 14:50:28", "elapsed": 1563.024074, "delta": 0.001683}}
{"target": -13.398388899101722, "params": {"colsample_bytree": 0.2328542797283895, "eta": 0.025153453699148565, "gamma": 939.7431350577468, "max_depth": 4.0, "min_child_weight": 3260.2082811151263, "num_boost_round": 12.0, "subsample": 0.2649622149284554}, "datetime": {"datetime": "2024-01-20 14:50:28", "elapsed": 1563.02577, "delta": 0.001696}}
{"target": -13.398340995592442, "params": {"colsample_bytree": 0.2328542797283895, "eta": 0.025153453699148565, "gamma": 939.7431350577468, "max_depth": 4.0, "min_child_weight": 3260.2082811151263, "num_boost_round": 13.0, "subsample": 0.2649622149284554}, "datetime": {"datetime": "2024-01-20 14:50:28", "elapsed": 1563.027436, "delta": 0.001666}}
{"target": -13.39826585460017, "params": {"colsample_bytree": 0.2328542797283895, "eta": 0.025153453699148565, "gamma": 939.7431350577468, "max_depth": 4.0, "min_child_weight": 3260.2082811151263, "num_boost_round": 14.0, "subsample": 0.2649622149284554}, "datetime": {"datetime": "2024-01-20 14:50:28", "elapsed": 1563.029325, "delta": 0.001889}}
{"target": -13.398171037180543, "params": {"colsample_bytree": 0.2328542797283895, "eta": 0.025153453699148565, "gamma": 939.7431350577468, "max_depth": 4.0, "min_child_weight": 3260.2082811151263, "num_boost_round": 15.0, "subsample": 0.2649622149284554}, "datetime": {"datetime": "2024-01-20 14:50:28", "elapsed": 1563.031104, "delta": 0.001779}}
{"target": -13.397963301136514, "params": {"colsample_bytree": 0.5302870196862899, "eta": 0.03681557189092227, "gamma": 890.32888795887, "max_depth": 2.0, "min_child_weight": 3195.9915290817776, "num_boost_round": 1.0, "subsample": 0.9626028134720754}, "datetime": {"datetime": "2024-01-20 14:51:22", "elapsed": 1616.862478, "delta": 53.831374}}
{"target": -13.398195380203953, "params": {"colsample_bytree": 0.5302870196862899, "eta": 0.03681557189092227, "gamma": 890.32888795887, "max_depth": 2.0, "min_child_weight": 3195.9915290817776, "num_boost_round": 2.0, "subsample": 0.9626028134720754}, "datetime": {"datetime": "2024-01-20 14:51:22", "elapsed": 1616.864964, "delta": 0.002486}}
{"target": -13.398312146095925, "params": {"colsample_bytree": 0.5302870196862899, "eta": 0.03681557189092227, "gamma": 890.32888795887, "max_depth": 2.0, "min_child_weight": 3195.9915290817776, "num_boost_round": 3.0, "subsample": 0.9626028134720754}, "datetime": {"datetime": "2024-01-20 14:51:22", "elapsed": 1616.866712, "delta": 0.001748}}
{"target": -13.39835246907871, "params": {"colsample_bytree": 0.5302870196862899, "eta": 0.03681557189092227, "gamma": 890.32888795887, "max_depth": 2.0, "min_child_weight": 3195.9915290817776, "num_boost_round": 4.0, "subsample": 0.9626028134720754}, "datetime": {"datetime": "2024-01-20 14:51:22", "elapsed": 1616.868913, "delta": 0.002201}}
{"target": -13.398507105329772, "params": {"colsample_bytree": 0.5302870196862899, "eta": 0.03681557189092227, "gamma": 890.32888795887, "max_depth": 2.0, "min_child_weight": 3195.9915290817776, "num_boost_round": 5.0, "subsample": 0.9626028134720754}, "datetime": {"datetime": "2024-01-20 14:51:22", "elapsed": 1616.870656, "delta": 0.001743}}
{"target": -13.398828263581226, "params": {"colsample_bytree": 0.5302870196862899, "eta": 0.03681557189092227, "gamma": 890.32888795887, "max_depth": 2.0, "min_child_weight": 3195.9915290817776, "num_boost_round": 6.0, "subsample": 0.9626028134720754}, "datetime": {"datetime": "2024-01-20 14:51:22", "elapsed": 1616.872349, "delta": 0.001693}}
{"target": -13.398934369383182, "params": {"colsample_bytree": 0.5302870196862899, "eta": 0.03681557189092227, "gamma": 890.32888795887, "max_depth": 2.0, "min_child_weight": 3195.9915290817776, "num_boost_round": 7.0, "subsample": 0.9626028134720754}, "datetime": {"datetime": "2024-01-20 14:51:22", "elapsed": 1616.874049, "delta": 0.0017}}
