{"target": -13.731575818149853, "params": {"colsample_bytree": 0.4690937066909707, "eta": 0.056828633050258225, "gamma": 579.3129947720797, "max_depth": 2.0, "min_child_weight": 3792.272693206776, "num_boost_round": 1.0, "subsample": 0.672441408145468}, "datetime": {"datetime": "2024-01-20 15:19:53", "elapsed": 3354.404541, "delta": 18.626933}}
{"target": -13.73187547253598, "params": {"colsample_bytree": 0.4690937066909707, "eta": 0.056828633050258225, "gamma": 579.3129947720797, "max_depth": 2.0, "min_child_weight": 3792.272693206776, "num_boost_round": 2.0, "subsample": 0.672441408145468}, "datetime": {"datetime": "2024-01-20 15:19:53", "elapsed": 3354.406797, "delta": 0.002256}}
{"target": -13.731409767833078, "params": {"colsample_bytree": 0.6569606012823732, "eta": 0.016631562301500813, "gamma": 591.3728552248738, "max_depth": 8.0, "min_child_weight": 4050.0871425574023, "num_boost_round": 1.0, "subsample": 0.6244579890484981}, "datetime": {"datetime": "2024-01-20 15:20:10", "elapsed": 3371.406446, "delta": 16.999649}}
{"target": -13.731819435434922, "params": {"colsample_bytree": 0.6569606012823732, "eta": 0.016631562301500813, "gamma": 591.3728552248738, "max_depth": 8.0, "min_child_weight": 4050.0871425574023, "num_boost_round": 2.0, "subsample": 0.6244579890484981}, "datetime": {"datetime": "2024-01-20 15:20:10", "elapsed": 3371.409776, "delta": 0.00333}}
{"target": -13.731355835080873, "params": {"colsample_bytree": 0.8562439657318325, "eta": 0.01871817573834143, "gamma": 322.40850563644017, "max_depth": 7.0, "min_child_weight": 3399.367210973728, "num_boost_round": 1.0, "subsample": 0.6638656078411819}, "datetime": {"datetime": "2024-01-20 15:20:27", "elapsed": 3388.514454, "delta": 17.104678}}
{"target": -13.731748165020116, "params": {"colsample_bytree": 0.8562439657318325, "eta": 0.01871817573834143, "gamma": 322.40850563644017, "max_depth": 7.0, "min_child_weight": 3399.367210973728, "num_boost_round": 2.0, "subsample": 0.6638656078411819}, "datetime": {"datetime": "2024-01-20 15:20:27", "elapsed": 3388.517731, "delta": 0.003277}}
{"target": -13.731561636627172, "params": {"colsample_bytree": 0.41966093211774347, "eta": 0.0564768868825787, "gamma": 667.0961316465578, "max_depth": 6.0, "min_child_weight": 3901.341152499967, "num_boost_round": 1.0, "subsample": 0.5015211267788422}, "datetime": {"datetime": "2024-01-20 15:20:43", "elapsed": 3403.969483, "delta": 15.451752}}
{"target": -13.731733949741537, "params": {"colsample_bytree": 0.874676877625453, "eta": 0.04423052232830965, "gamma": 276.1135098767618, "max_depth": 6.0, "min_child_weight": 3332.1472421848, "num_boost_round": 1.0, "subsample": 0.42359691001485644}, "datetime": {"datetime": "2024-01-20 15:21:11", "elapsed": 3432.395689, "delta": 28.426206}}
{"target": -13.732707820662156, "params": {"colsample_bytree": 0.874676877625453, "eta": 0.04423052232830965, "gamma": 276.1135098767618, "max_depth": 6.0, "min_child_weight": 3332.1472421848, "num_boost_round": 2.0, "subsample": 0.42359691001485644}, "datetime": {"datetime": "2024-01-20 15:21:11", "elapsed": 3432.399097, "delta": 0.003408}}
{"target": -13.73340058830224, "params": {"colsample_bytree": 0.874676877625453, "eta": 0.04423052232830965, "gamma": 276.1135098767618, "max_depth": 6.0, "min_child_weight": 3332.1472421848, "num_boost_round": 3.0, "subsample": 0.42359691001485644}, "datetime": {"datetime": "2024-01-20 15:21:11", "elapsed": 3432.401258, "delta": 0.002161}}
{"target": -13.73454042751796, "params": {"colsample_bytree": 0.874676877625453, "eta": 0.04423052232830965, "gamma": 276.1135098767618, "max_depth": 6.0, "min_child_weight": 3332.1472421848, "num_boost_round": 4.0, "subsample": 0.42359691001485644}, "datetime": {"datetime": "2024-01-20 15:21:11", "elapsed": 3432.4033, "delta": 0.002042}}
{"target": -13.735494537624371, "params": {"colsample_bytree": 0.874676877625453, "eta": 0.04423052232830965, "gamma": 276.1135098767618, "max_depth": 6.0, "min_child_weight": 3332.1472421848, "num_boost_round": 5.0, "subsample": 0.42359691001485644}, "datetime": {"datetime": "2024-01-20 15:21:11", "elapsed": 3432.405394, "delta": 0.002094}}
{"target": -13.73653520142907, "params": {"colsample_bytree": 0.874676877625453, "eta": 0.04423052232830965, "gamma": 276.1135098767618, "max_depth": 6.0, "min_child_weight": 3332.1472421848, "num_boost_round": 6.0, "subsample": 0.42359691001485644}, "datetime": {"datetime": "2024-01-20 15:21:11", "elapsed": 3432.407319, "delta": 0.001925}}
{"target": -13.73770104518397, "params": {"colsample_bytree": 0.874676877625453, "eta": 0.04423052232830965, "gamma": 276.1135098767618, "max_depth": 6.0, "min_child_weight": 3332.1472421848, "num_boost_round": 7.0, "subsample": 0.42359691001485644}, "datetime": {"datetime": "2024-01-20 15:21:11", "elapsed": 3432.409243, "delta": 0.001924}}
{"target": -13.7387395744212, "params": {"colsample_bytree": 0.874676877625453, "eta": 0.04423052232830965, "gamma": 276.1135098767618, "max_depth": 6.0, "min_child_weight": 3332.1472421848, "num_boost_round": 8.0, "subsample": 0.42359691001485644}, "datetime": {"datetime": "2024-01-20 15:21:11", "elapsed": 3432.411322, "delta": 0.002079}}
{"target": -13.739932223250584, "params": {"colsample_bytree": 0.874676877625453, "eta": 0.04423052232830965, "gamma": 276.1135098767618, "max_depth": 6.0, "min_child_weight": 3332.1472421848, "num_boost_round": 9.0, "subsample": 0.42359691001485644}, "datetime": {"datetime": "2024-01-20 15:21:11", "elapsed": 3432.413354, "delta": 0.002032}}
{"target": -13.740889094350521, "params": {"colsample_bytree": 0.874676877625453, "eta": 0.04423052232830965, "gamma": 276.1135098767618, "max_depth": 6.0, "min_child_weight": 3332.1472421848, "num_boost_round": 10.0, "subsample": 0.42359691001485644}, "datetime": {"datetime": "2024-01-20 15:21:11", "elapsed": 3432.415255, "delta": 0.001901}}
{"target": -13.741886189555633, "params": {"colsample_bytree": 0.874676877625453, "eta": 0.04423052232830965, "gamma": 276.1135098767618, "max_depth": 6.0, "min_child_weight": 3332.1472421848, "num_boost_round": 11.0, "subsample": 0.42359691001485644}, "datetime": {"datetime": "2024-01-20 15:21:11", "elapsed": 3432.417171, "delta": 0.001916}}
{"target": -13.743451280312145, "params": {"colsample_bytree": 0.874676877625453, "eta": 0.04423052232830965, "gamma": 276.1135098767618, "max_depth": 6.0, "min_child_weight": 3332.1472421848, "num_boost_round": 12.0, "subsample": 0.42359691001485644}, "datetime": {"datetime": "2024-01-20 15:21:11", "elapsed": 3432.419084, "delta": 0.001913}}
{"target": -13.744326600818956, "params": {"colsample_bytree": 0.874676877625453, "eta": 0.04423052232830965, "gamma": 276.1135098767618, "max_depth": 6.0, "min_child_weight": 3332.1472421848, "num_boost_round": 13.0, "subsample": 0.42359691001485644}, "datetime": {"datetime": "2024-01-20 15:21:11", "elapsed": 3432.421013, "delta": 0.001929}}
{"target": -13.745437858408508, "params": {"colsample_bytree": 0.874676877625453, "eta": 0.04423052232830965, "gamma": 276.1135098767618, "max_depth": 6.0, "min_child_weight": 3332.1472421848, "num_boost_round": 14.0, "subsample": 0.42359691001485644}, "datetime": {"datetime": "2024-01-20 15:21:11", "elapsed": 3432.422911, "delta": 0.001898}}
{"target": -13.746546276782922, "params": {"colsample_bytree": 0.874676877625453, "eta": 0.04423052232830965, "gamma": 276.1135098767618, "max_depth": 6.0, "min_child_weight": 3332.1472421848, "num_boost_round": 15.0, "subsample": 0.42359691001485644}, "datetime": {"datetime": "2024-01-20 15:21:11", "elapsed": 3432.424913, "delta": 0.002002}}
{"target": -13.747572483845044, "params": {"colsample_bytree": 0.874676877625453, "eta": 0.04423052232830965, "gamma": 276.1135098767618, "max_depth": 6.0, "min_child_weight": 3332.1472421848, "num_boost_round": 16.0, "subsample": 0.42359691001485644}, "datetime": {"datetime": "2024-01-20 15:21:11", "elapsed": 3432.426817, "delta": 0.001904}}
{"target": -13.749095307226774, "params": {"colsample_bytree": 0.874676877625453, "eta": 0.04423052232830965, "gamma": 276.1135098767618, "max_depth": 6.0, "min_child_weight": 3332.1472421848, "num_boost_round": 17.0, "subsample": 0.42359691001485644}, "datetime": {"datetime": "2024-01-20 15:21:11", "elapsed": 3432.428751, "delta": 0.001934}}
{"target": -13.750075726997839, "params": {"colsample_bytree": 0.874676877625453, "eta": 0.04423052232830965, "gamma": 276.1135098767618, "max_depth": 6.0, "min_child_weight": 3332.1472421848, "num_boost_round": 18.0, "subsample": 0.42359691001485644}, "datetime": {"datetime": "2024-01-20 15:21:11", "elapsed": 3432.430642, "delta": 0.001891}}
{"target": -13.751573865577075, "params": {"colsample_bytree": 0.874676877625453, "eta": 0.04423052232830965, "gamma": 276.1135098767618, "max_depth": 6.0, "min_child_weight": 3332.1472421848, "num_boost_round": 19.0, "subsample": 0.42359691001485644}, "datetime": {"datetime": "2024-01-20 15:21:11", "elapsed": 3432.432524, "delta": 0.001882}}
{"target": -13.752669995985505, "params": {"colsample_bytree": 0.874676877625453, "eta": 0.04423052232830965, "gamma": 276.1135098767618, "max_depth": 6.0, "min_child_weight": 3332.1472421848, "num_boost_round": 20.0, "subsample": 0.42359691001485644}, "datetime": {"datetime": "2024-01-20 15:21:11", "elapsed": 3432.4346, "delta": 0.002076}}
{"target": -13.753534659273901, "params": {"colsample_bytree": 0.874676877625453, "eta": 0.04423052232830965, "gamma": 276.1135098767618, "max_depth": 6.0, "min_child_weight": 3332.1472421848, "num_boost_round": 21.0, "subsample": 0.42359691001485644}, "datetime": {"datetime": "2024-01-20 15:21:11", "elapsed": 3432.436697, "delta": 0.002097}}
{"target": -13.731259575711753, "params": {"colsample_bytree": 0.18860820071504636, "eta": 0.055543539649693274, "gamma": 1.0902545310044198, "max_depth": 9.0, "min_child_weight": 3991.886162230015, "num_boost_round": 1.0, "subsample": 0.8846591790585281}, "datetime": {"datetime": "2024-01-20 15:21:27", "elapsed": 3448.138301, "delta": 15.701604}}
{"target": -13.732067361491982, "params": {"colsample_bytree": 0.673494683328939, "eta": 0.07693029998076133, "gamma": 470.6571872462354, "max_depth": 6.0, "min_child_weight": 4765.755845003476, "num_boost_round": 1.0, "subsample": 0.5712094964693144}, "datetime": {"datetime": "2024-01-20 15:21:46", "elapsed": 3467.827739, "delta": 19.689438}}
{"target": -13.733737623244982, "params": {"colsample_bytree": 0.673494683328939, "eta": 0.07693029998076133, "gamma": 470.6571872462354, "max_depth": 6.0, "min_child_weight": 4765.755845003476, "num_boost_round": 2.0, "subsample": 0.5712094964693144}, "datetime": {"datetime": "2024-01-20 15:21:46", "elapsed": 3467.831045, "delta": 0.003306}}
{"target": -13.73545834321213, "params": {"colsample_bytree": 0.673494683328939, "eta": 0.07693029998076133, "gamma": 470.6571872462354, "max_depth": 6.0, "min_child_weight": 4765.755845003476, "num_boost_round": 3.0, "subsample": 0.5712094964693144}, "datetime": {"datetime": "2024-01-20 15:21:46", "elapsed": 3467.833383, "delta": 0.002338}}
{"target": -13.737399712602375, "params": {"colsample_bytree": 0.673494683328939, "eta": 0.07693029998076133, "gamma": 470.6571872462354, "max_depth": 6.0, "min_child_weight": 4765.755845003476, "num_boost_round": 4.0, "subsample": 0.5712094964693144}, "datetime": {"datetime": "2024-01-20 15:21:46", "elapsed": 3467.835537, "delta": 0.002154}}
{"target": -13.739114946185374, "params": {"colsample_bytree": 0.673494683328939, "eta": 0.07693029998076133, "gamma": 470.6571872462354, "max_depth": 6.0, "min_child_weight": 4765.755845003476, "num_boost_round": 5.0, "subsample": 0.5712094964693144}, "datetime": {"datetime": "2024-01-20 15:21:46", "elapsed": 3467.837586, "delta": 0.002049}}
{"target": -13.740880158334154, "params": {"colsample_bytree": 0.673494683328939, "eta": 0.07693029998076133, "gamma": 470.6571872462354, "max_depth": 6.0, "min_child_weight": 4765.755845003476, "num_boost_round": 6.0, "subsample": 0.5712094964693144}, "datetime": {"datetime": "2024-01-20 15:21:46", "elapsed": 3467.83958, "delta": 0.001994}}
{"target": -13.742982879158227, "params": {"colsample_bytree": 0.673494683328939, "eta": 0.07693029998076133, "gamma": 470.6571872462354, "max_depth": 6.0, "min_child_weight": 4765.755845003476, "num_boost_round": 7.0, "subsample": 0.5712094964693144}, "datetime": {"datetime": "2024-01-20 15:21:46", "elapsed": 3467.841581, "delta": 0.002001}}
{"target": -13.732105914004983, "params": {"colsample_bytree": 0.6691557044404186, "eta": 0.06294347475083154, "gamma": 372.8363017193517, "max_depth": 7.0, "min_child_weight": 3867.5724873598238, "num_boost_round": 1.0, "subsample": 0.9996068786811257}, "datetime": {"datetime": "2024-01-20 15:22:08", "elapsed": 3489.442805, "delta": 21.601224}}
{"target": -13.734375934615164, "params": {"colsample_bytree": 0.6691557044404186, "eta": 0.06294347475083154, "gamma": 372.8363017193517, "max_depth": 7.0, "min_child_weight": 3867.5724873598238, "num_boost_round": 2.0, "subsample": 0.9996068786811257}, "datetime": {"datetime": "2024-01-20 15:22:08", "elapsed": 3489.446061, "delta": 0.003256}}
{"target": -13.735767282314622, "params": {"colsample_bytree": 0.6691557044404186, "eta": 0.06294347475083154, "gamma": 372.8363017193517, "max_depth": 7.0, "min_child_weight": 3867.5724873598238, "num_boost_round": 3.0, "subsample": 0.9996068786811257}, "datetime": {"datetime": "2024-01-20 15:22:08", "elapsed": 3489.44906, "delta": 0.002999}}
{"target": -13.73133380503891, "params": {"colsample_bytree": 0.2266893224189375, "eta": 0.03114930282790196, "gamma": 506.658859472394, "max_depth": 2.0, "min_child_weight": 4579.966413164085, "num_boost_round": 1.0, "subsample": 0.29004942723361504}, "datetime": {"datetime": "2024-01-20 15:22:25", "elapsed": 3506.192958, "delta": 16.743898}}
{"target": -13.731511686436333, "params": {"colsample_bytree": 0.2266893224189375, "eta": 0.03114930282790196, "gamma": 506.658859472394, "max_depth": 2.0, "min_child_weight": 4579.966413164085, "num_boost_round": 2.0, "subsample": 0.29004942723361504}, "datetime": {"datetime": "2024-01-20 15:22:25", "elapsed": 3506.196282, "delta": 0.003324}}
{"target": -13.731282932156606, "params": {"colsample_bytree": 0.6851073583337557, "eta": 0.014732590502791918, "gamma": 761.7551433783765, "max_depth": 3.0, "min_child_weight": 3803.891546582309, "num_boost_round": 1.0, "subsample": 0.32522716881190505}, "datetime": {"datetime": "2024-01-20 15:22:42", "elapsed": 3523.001033, "delta": 16.804751}}
{"target": -13.731510513559034, "params": {"colsample_bytree": 0.6851073583337557, "eta": 0.014732590502791918, "gamma": 761.7551433783765, "max_depth": 3.0, "min_child_weight": 3803.891546582309, "num_boost_round": 2.0, "subsample": 0.32522716881190505}, "datetime": {"datetime": "2024-01-20 15:22:42", "elapsed": 3523.005253, "delta": 0.00422}}
{"target": -13.731518667874754, "params": {"colsample_bytree": 0.2206016290602893, "eta": 0.06043214484413093, "gamma": 153.04942654746424, "max_depth": 3.0, "min_child_weight": 3409.050035427597, "num_boost_round": 1.0, "subsample": 0.8207661785052129}, "datetime": {"datetime": "2024-01-20 15:23:00", "elapsed": 3541.161552, "delta": 18.156299}}
{"target": -13.731923000556083, "params": {"colsample_bytree": 0.2206016290602893, "eta": 0.06043214484413093, "gamma": 153.04942654746424, "max_depth": 3.0, "min_child_weight": 3409.050035427597, "num_boost_round": 2.0, "subsample": 0.8207661785052129}, "datetime": {"datetime": "2024-01-20 15:23:00", "elapsed": 3541.164616, "delta": 0.003064}}
{"target": -13.73209989554977, "params": {"colsample_bytree": 0.2206016290602893, "eta": 0.06043214484413093, "gamma": 153.04942654746424, "max_depth": 3.0, "min_child_weight": 3409.050035427597, "num_boost_round": 3.0, "subsample": 0.8207661785052129}, "datetime": {"datetime": "2024-01-20 15:23:00", "elapsed": 3541.166697, "delta": 0.002081}}
{"target": -13.732595616244389, "params": {"colsample_bytree": 0.2206016290602893, "eta": 0.06043214484413093, "gamma": 153.04942654746424, "max_depth": 3.0, "min_child_weight": 3409.050035427597, "num_boost_round": 4.0, "subsample": 0.8207661785052129}, "datetime": {"datetime": "2024-01-20 15:23:00", "elapsed": 3541.16877, "delta": 0.002073}}
{"target": -13.733634709182667, "params": {"colsample_bytree": 0.2206016290602893, "eta": 0.06043214484413093, "gamma": 153.04942654746424, "max_depth": 3.0, "min_child_weight": 3409.050035427597, "num_boost_round": 5.0, "subsample": 0.8207661785052129}, "datetime": {"datetime": "2024-01-20 15:23:00", "elapsed": 3541.170853, "delta": 0.002083}}
{"target": -13.733462803832118, "params": {"colsample_bytree": 0.2206016290602893, "eta": 0.06043214484413093, "gamma": 153.04942654746424, "max_depth": 3.0, "min_child_weight": 3409.050035427597, "num_boost_round": 6.0, "subsample": 0.8207661785052129}, "datetime": {"datetime": "2024-01-20 15:23:00", "elapsed": 3541.172958, "delta": 0.002105}}
{"target": -13.734073416588235, "params": {"colsample_bytree": 0.2206016290602893, "eta": 0.06043214484413093, "gamma": 153.04942654746424, "max_depth": 3.0, "min_child_weight": 3409.050035427597, "num_boost_round": 7.0, "subsample": 0.8207661785052129}, "datetime": {"datetime": "2024-01-20 15:23:00", "elapsed": 3541.174965, "delta": 0.002007}}
{"target": -13.734313915725545, "params": {"colsample_bytree": 0.2206016290602893, "eta": 0.06043214484413093, "gamma": 153.04942654746424, "max_depth": 3.0, "min_child_weight": 3409.050035427597, "num_boost_round": 8.0, "subsample": 0.8207661785052129}, "datetime": {"datetime": "2024-01-20 15:23:00", "elapsed": 3541.176949, "delta": 0.001984}}
{"target": -13.731620573039905, "params": {"colsample_bytree": 0.28809685872336244, "eta": 0.0806931877368481, "gamma": 621.1609044883268, "max_depth": 3.0, "min_child_weight": 4603.56401119702, "num_boost_round": 1.0, "subsample": 0.19913422044143186}, "datetime": {"datetime": "2024-01-20 15:23:17", "elapsed": 3558.383258, "delta": 17.206309}}
{"target": -13.732394241372244, "params": {"colsample_bytree": 0.28809685872336244, "eta": 0.0806931877368481, "gamma": 621.1609044883268, "max_depth": 3.0, "min_child_weight": 4603.56401119702, "num_boost_round": 2.0, "subsample": 0.19913422044143186}, "datetime": {"datetime": "2024-01-20 15:23:17", "elapsed": 3558.386943, "delta": 0.003685}}
{"target": -13.732539453420337, "params": {"colsample_bytree": 0.38376863362324876, "eta": 0.08817504886515112, "gamma": 238.79893484982495, "max_depth": 7.0, "min_child_weight": 4435.659546721927, "num_boost_round": 1.0, "subsample": 0.12732132477070077}, "datetime": {"datetime": "2024-01-20 15:23:37", "elapsed": 3578.763675, "delta": 20.376732}}
{"target": -13.73336661751418, "params": {"colsample_bytree": 0.38376863362324876, "eta": 0.08817504886515112, "gamma": 238.79893484982495, "max_depth": 7.0, "min_child_weight": 4435.659546721927, "num_boost_round": 2.0, "subsample": 0.12732132477070077}, "datetime": {"datetime": "2024-01-20 15:23:37", "elapsed": 3578.765867, "delta": 0.002192}}
{"target": -13.73137582845967, "params": {"colsample_bytree": 0.21542456546983024, "eta": 0.04214230153018334, "gamma": 378.23620409842994, "max_depth": 9.0, "min_child_weight": 4012.2240424747743, "num_boost_round": 1.0, "subsample": 0.20271934915279555}, "datetime": {"datetime": "2024-01-20 15:23:58", "elapsed": 3599.364467, "delta": 20.5986}}
{"target": -13.731626386642569, "params": {"colsample_bytree": 0.21542456546983024, "eta": 0.04214230153018334, "gamma": 378.23620409842994, "max_depth": 9.0, "min_child_weight": 4012.2240424747743, "num_boost_round": 2.0, "subsample": 0.20271934915279555}, "datetime": {"datetime": "2024-01-20 15:23:58", "elapsed": 3599.367352, "delta": 0.002885}}
{"target": -13.732076125437967, "params": {"colsample_bytree": 0.21542456546983024, "eta": 0.04214230153018334, "gamma": 378.23620409842994, "max_depth": 9.0, "min_child_weight": 4012.2240424747743, "num_boost_round": 3.0, "subsample": 0.20271934915279555}, "datetime": {"datetime": "2024-01-20 15:23:58", "elapsed": 3599.369707, "delta": 0.002355}}
{"target": -13.731452156707261, "params": {"colsample_bytree": 0.9854572349402669, "eta": 0.0269168081842304, "gamma": 599.1776100862584, "max_depth": 4.0, "min_child_weight": 3918.9480233296013, "num_boost_round": 1.0, "subsample": 0.31371919922112024}, "datetime": {"datetime": "2024-01-20 15:24:16", "elapsed": 3617.622041, "delta": 18.252334}}
{"target": -13.731551487193071, "params": {"colsample_bytree": 0.10743032257391061, "eta": 0.05124041688454372, "gamma": 807.7545181751327, "max_depth": 3.0, "min_child_weight": 4048.3118515390884, "num_boost_round": 1.0, "subsample": 0.32671844470782935}, "datetime": {"datetime": "2024-01-20 15:24:35", "elapsed": 3636.841218, "delta": 19.219177}}
{"target": -13.73158472907031, "params": {"colsample_bytree": 0.3858673958579729, "eta": 0.06909785129237432, "gamma": 464.91059177883375, "max_depth": 2.0, "min_child_weight": 4328.529807674616, "num_boost_round": 1.0, "subsample": 0.9386021735552456}, "datetime": {"datetime": "2024-01-20 15:24:52", "elapsed": 3653.16421, "delta": 16.322992}}
{"target": -13.732093575736297, "params": {"colsample_bytree": 0.3858673958579729, "eta": 0.06909785129237432, "gamma": 464.91059177883375, "max_depth": 2.0, "min_child_weight": 4328.529807674616, "num_boost_round": 2.0, "subsample": 0.9386021735552456}, "datetime": {"datetime": "2024-01-20 15:24:52", "elapsed": 3653.166454, "delta": 0.002244}}
{"target": -13.732155837236665, "params": {"colsample_bytree": 0.3858673958579729, "eta": 0.06909785129237432, "gamma": 464.91059177883375, "max_depth": 2.0, "min_child_weight": 4328.529807674616, "num_boost_round": 3.0, "subsample": 0.9386021735552456}, "datetime": {"datetime": "2024-01-20 15:24:52", "elapsed": 3653.169916, "delta": 0.003462}}
