{"target": -13.50133605612214, "params": {"colsample_bytree": 0.8571597805303479, "eta": 0.06390346336295169, "gamma": 746.3874142756148, "max_depth": 6.0, "min_child_weight": 4412.418004479166, "num_boost_round": 72.0, "subsample": 0.42624582446451165}, "datetime": {"datetime": "2024-01-20 15:03:34", "elapsed": 2367.638653, "delta": 0.003513}}
{"target": -13.501336886468609, "params": {"colsample_bytree": 0.8571597805303479, "eta": 0.06390346336295169, "gamma": 746.3874142756148, "max_depth": 6.0, "min_child_weight": 4412.418004479166, "num_boost_round": 73.0, "subsample": 0.42624582446451165}, "datetime": {"datetime": "2024-01-20 15:03:34", "elapsed": 2367.642175, "delta": 0.003522}}
{"target": -13.501424490076696, "params": {"colsample_bytree": 0.8571597805303479, "eta": 0.06390346336295169, "gamma": 746.3874142756148, "max_depth": 6.0, "min_child_weight": 4412.418004479166, "num_boost_round": 74.0, "subsample": 0.42624582446451165}, "datetime": {"datetime": "2024-01-20 15:03:34", "elapsed": 2367.645752, "delta": 0.003577}}
{"target": -13.501746172427247, "params": {"colsample_bytree": 0.8571597805303479, "eta": 0.06390346336295169, "gamma": 746.3874142756148, "max_depth": 6.0, "min_child_weight": 4412.418004479166, "num_boost_round": 75.0, "subsample": 0.42624582446451165}, "datetime": {"datetime": "2024-01-20 15:03:34", "elapsed": 2367.649356, "delta": 0.003604}}
{"target": -13.501960994088464, "params": {"colsample_bytree": 0.8571597805303479, "eta": 0.06390346336295169, "gamma": 746.3874142756148, "max_depth": 6.0, "min_child_weight": 4412.418004479166, "num_boost_round": 76.0, "subsample": 0.42624582446451165}, "datetime": {"datetime": "2024-01-20 15:03:34", "elapsed": 2367.652967, "delta": 0.003611}}
{"target": -13.501873242061162, "params": {"colsample_bytree": 0.8571597805303479, "eta": 0.06390346336295169, "gamma": 746.3874142756148, "max_depth": 6.0, "min_child_weight": 4412.418004479166, "num_boost_round": 77.0, "subsample": 0.42624582446451165}, "datetime": {"datetime": "2024-01-20 15:03:34", "elapsed": 2367.658138, "delta": 0.005171}}
{"target": -13.501902952475866, "params": {"colsample_bytree": 0.8571597805303479, "eta": 0.06390346336295169, "gamma": 746.3874142756148, "max_depth": 6.0, "min_child_weight": 4412.418004479166, "num_boost_round": 78.0, "subsample": 0.42624582446451165}, "datetime": {"datetime": "2024-01-20 15:03:34", "elapsed": 2367.662826, "delta": 0.004688}}
{"target": -13.501879653983444, "params": {"colsample_bytree": 0.8571597805303479, "eta": 0.06390346336295169, "gamma": 746.3874142756148, "max_depth": 6.0, "min_child_weight": 4412.418004479166, "num_boost_round": 79.0, "subsample": 0.42624582446451165}, "datetime": {"datetime": "2024-01-20 15:03:34", "elapsed": 2367.667855, "delta": 0.005029}}
{"target": -13.501996487380776, "params": {"colsample_bytree": 0.8571597805303479, "eta": 0.06390346336295169, "gamma": 746.3874142756148, "max_depth": 6.0, "min_child_weight": 4412.418004479166, "num_boost_round": 80.0, "subsample": 0.42624582446451165}, "datetime": {"datetime": "2024-01-20 15:03:34", "elapsed": 2367.672782, "delta": 0.004927}}
{"target": -13.502079246787662, "params": {"colsample_bytree": 0.8571597805303479, "eta": 0.06390346336295169, "gamma": 746.3874142756148, "max_depth": 6.0, "min_child_weight": 4412.418004479166, "num_boost_round": 81.0, "subsample": 0.42624582446451165}, "datetime": {"datetime": "2024-01-20 15:03:34", "elapsed": 2367.676663, "delta": 0.003881}}
{"target": -13.502054826178675, "params": {"colsample_bytree": 0.8571597805303479, "eta": 0.06390346336295169, "gamma": 746.3874142756148, "max_depth": 6.0, "min_child_weight": 4412.418004479166, "num_boost_round": 82.0, "subsample": 0.42624582446451165}, "datetime": {"datetime": "2024-01-20 15:03:34", "elapsed": 2367.680246, "delta": 0.003583}}
{"target": -13.50224103611581, "params": {"colsample_bytree": 0.8571597805303479, "eta": 0.06390346336295169, "gamma": 746.3874142756148, "max_depth": 6.0, "min_child_weight": 4412.418004479166, "num_boost_round": 83.0, "subsample": 0.42624582446451165}, "datetime": {"datetime": "2024-01-20 15:03:34", "elapsed": 2367.68379, "delta": 0.003544}}
{"target": -13.502213379760635, "params": {"colsample_bytree": 0.8571597805303479, "eta": 0.06390346336295169, "gamma": 746.3874142756148, "max_depth": 6.0, "min_child_weight": 4412.418004479166, "num_boost_round": 84.0, "subsample": 0.42624582446451165}, "datetime": {"datetime": "2024-01-20 15:03:34", "elapsed": 2367.687406, "delta": 0.003616}}
{"target": -13.502346994161227, "params": {"colsample_bytree": 0.8571597805303479, "eta": 0.06390346336295169, "gamma": 746.3874142756148, "max_depth": 6.0, "min_child_weight": 4412.418004479166, "num_boost_round": 85.0, "subsample": 0.42624582446451165}, "datetime": {"datetime": "2024-01-20 15:03:34", "elapsed": 2367.691067, "delta": 0.003661}}
{"target": -13.5024633931674, "params": {"colsample_bytree": 0.8571597805303479, "eta": 0.06390346336295169, "gamma": 746.3874142756148, "max_depth": 6.0, "min_child_weight": 4412.418004479166, "num_boost_round": 86.0, "subsample": 0.42624582446451165}, "datetime": {"datetime": "2024-01-20 15:03:34", "elapsed": 2367.694626, "delta": 0.003559}}
{"target": -13.502606322350514, "params": {"colsample_bytree": 0.8571597805303479, "eta": 0.06390346336295169, "gamma": 746.3874142756148, "max_depth": 6.0, "min_child_weight": 4412.418004479166, "num_boost_round": 87.0, "subsample": 0.42624582446451165}, "datetime": {"datetime": "2024-01-20 15:03:34", "elapsed": 2367.698209, "delta": 0.003583}}
{"target": -13.502661274811434, "params": {"colsample_bytree": 0.8571597805303479, "eta": 0.06390346336295169, "gamma": 746.3874142756148, "max_depth": 6.0, "min_child_weight": 4412.418004479166, "num_boost_round": 88.0, "subsample": 0.42624582446451165}, "datetime": {"datetime": "2024-01-20 15:03:34", "elapsed": 2367.701742, "delta": 0.003533}}
{"target": -13.502685447089947, "params": {"colsample_bytree": 0.8571597805303479, "eta": 0.06390346336295169, "gamma": 746.3874142756148, "max_depth": 6.0, "min_child_weight": 4412.418004479166, "num_boost_round": 89.0, "subsample": 0.42624582446451165}, "datetime": {"datetime": "2024-01-20 15:03:34", "elapsed": 2367.705941, "delta": 0.004199}}
{"target": -13.502781078291651, "params": {"colsample_bytree": 0.8571597805303479, "eta": 0.06390346336295169, "gamma": 746.3874142756148, "max_depth": 6.0, "min_child_weight": 4412.418004479166, "num_boost_round": 90.0, "subsample": 0.42624582446451165}, "datetime": {"datetime": "2024-01-20 15:03:34", "elapsed": 2367.709741, "delta": 0.0038}}
{"target": -13.502930846244334, "params": {"colsample_bytree": 0.8571597805303479, "eta": 0.06390346336295169, "gamma": 746.3874142756148, "max_depth": 6.0, "min_child_weight": 4412.418004479166, "num_boost_round": 91.0, "subsample": 0.42624582446451165}, "datetime": {"datetime": "2024-01-20 15:03:34", "elapsed": 2367.713374, "delta": 0.003633}}
{"target": -13.503068088984502, "params": {"colsample_bytree": 0.8571597805303479, "eta": 0.06390346336295169, "gamma": 746.3874142756148, "max_depth": 6.0, "min_child_weight": 4412.418004479166, "num_boost_round": 92.0, "subsample": 0.42624582446451165}, "datetime": {"datetime": "2024-01-20 15:03:34", "elapsed": 2367.716898, "delta": 0.003524}}
{"target": -13.503105826758073, "params": {"colsample_bytree": 0.8571597805303479, "eta": 0.06390346336295169, "gamma": 746.3874142756148, "max_depth": 6.0, "min_child_weight": 4412.418004479166, "num_boost_round": 93.0, "subsample": 0.42624582446451165}, "datetime": {"datetime": "2024-01-20 15:03:34", "elapsed": 2367.720463, "delta": 0.003565}}
{"target": -13.503125275535357, "params": {"colsample_bytree": 0.8571597805303479, "eta": 0.06390346336295169, "gamma": 746.3874142756148, "max_depth": 6.0, "min_child_weight": 4412.418004479166, "num_boost_round": 94.0, "subsample": 0.42624582446451165}, "datetime": {"datetime": "2024-01-20 15:03:34", "elapsed": 2367.723984, "delta": 0.003521}}
{"target": -13.503308732314455, "params": {"colsample_bytree": 0.8571597805303479, "eta": 0.06390346336295169, "gamma": 746.3874142756148, "max_depth": 6.0, "min_child_weight": 4412.418004479166, "num_boost_round": 95.0, "subsample": 0.42624582446451165}, "datetime": {"datetime": "2024-01-20 15:03:34", "elapsed": 2367.727503, "delta": 0.003519}}
{"target": -13.503440009603102, "params": {"colsample_bytree": 0.8571597805303479, "eta": 0.06390346336295169, "gamma": 746.3874142756148, "max_depth": 6.0, "min_child_weight": 4412.418004479166, "num_boost_round": 96.0, "subsample": 0.42624582446451165}, "datetime": {"datetime": "2024-01-20 15:03:34", "elapsed": 2367.731136, "delta": 0.003633}}
{"target": -13.503585318431645, "params": {"colsample_bytree": 0.8571597805303479, "eta": 0.06390346336295169, "gamma": 746.3874142756148, "max_depth": 6.0, "min_child_weight": 4412.418004479166, "num_boost_round": 97.0, "subsample": 0.42624582446451165}, "datetime": {"datetime": "2024-01-20 15:03:34", "elapsed": 2367.734748, "delta": 0.003612}}
{"target": -13.503802279872808, "params": {"colsample_bytree": 0.8571597805303479, "eta": 0.06390346336295169, "gamma": 746.3874142756148, "max_depth": 6.0, "min_child_weight": 4412.418004479166, "num_boost_round": 98.0, "subsample": 0.42624582446451165}, "datetime": {"datetime": "2024-01-20 15:03:34", "elapsed": 2367.738364, "delta": 0.003616}}
{"target": -13.504013981657558, "params": {"colsample_bytree": 0.8571597805303479, "eta": 0.06390346336295169, "gamma": 746.3874142756148, "max_depth": 6.0, "min_child_weight": 4412.418004479166, "num_boost_round": 99.0, "subsample": 0.42624582446451165}, "datetime": {"datetime": "2024-01-20 15:03:34", "elapsed": 2367.742, "delta": 0.003636}}
{"target": -13.503989082192806, "params": {"colsample_bytree": 0.8571597805303479, "eta": 0.06390346336295169, "gamma": 746.3874142756148, "max_depth": 6.0, "min_child_weight": 4412.418004479166, "num_boost_round": 100.0, "subsample": 0.42624582446451165}, "datetime": {"datetime": "2024-01-20 15:03:34", "elapsed": 2367.745573, "delta": 0.003573}}
{"target": -13.50412674875776, "params": {"colsample_bytree": 0.8571597805303479, "eta": 0.06390346336295169, "gamma": 746.3874142756148, "max_depth": 6.0, "min_child_weight": 4412.418004479166, "num_boost_round": 101.0, "subsample": 0.42624582446451165}, "datetime": {"datetime": "2024-01-20 15:03:34", "elapsed": 2367.749152, "delta": 0.003579}}
{"target": -13.504191388934181, "params": {"colsample_bytree": 0.8571597805303479, "eta": 0.06390346336295169, "gamma": 746.3874142756148, "max_depth": 6.0, "min_child_weight": 4412.418004479166, "num_boost_round": 102.0, "subsample": 0.42624582446451165}, "datetime": {"datetime": "2024-01-20 15:03:34", "elapsed": 2367.752775, "delta": 0.003623}}
{"target": -13.504125888933459, "params": {"colsample_bytree": 0.8571597805303479, "eta": 0.06390346336295169, "gamma": 746.3874142756148, "max_depth": 6.0, "min_child_weight": 4412.418004479166, "num_boost_round": 103.0, "subsample": 0.42624582446451165}, "datetime": {"datetime": "2024-01-20 15:03:34", "elapsed": 2367.756348, "delta": 0.003573}}
{"target": -13.504305211182162, "params": {"colsample_bytree": 0.8571597805303479, "eta": 0.06390346336295169, "gamma": 746.3874142756148, "max_depth": 6.0, "min_child_weight": 4412.418004479166, "num_boost_round": 104.0, "subsample": 0.42624582446451165}, "datetime": {"datetime": "2024-01-20 15:03:34", "elapsed": 2367.759974, "delta": 0.003626}}
{"target": -13.504491387884352, "params": {"colsample_bytree": 0.8571597805303479, "eta": 0.06390346336295169, "gamma": 746.3874142756148, "max_depth": 6.0, "min_child_weight": 4412.418004479166, "num_boost_round": 105.0, "subsample": 0.42624582446451165}, "datetime": {"datetime": "2024-01-20 15:03:34", "elapsed": 2367.763597, "delta": 0.003623}}
{"target": -13.504592306774223, "params": {"colsample_bytree": 0.8571597805303479, "eta": 0.06390346336295169, "gamma": 746.3874142756148, "max_depth": 6.0, "min_child_weight": 4412.418004479166, "num_boost_round": 106.0, "subsample": 0.42624582446451165}, "datetime": {"datetime": "2024-01-20 15:03:34", "elapsed": 2367.767173, "delta": 0.003576}}
{"target": -13.504807093099899, "params": {"colsample_bytree": 0.8571597805303479, "eta": 0.06390346336295169, "gamma": 746.3874142756148, "max_depth": 6.0, "min_child_weight": 4412.418004479166, "num_boost_round": 107.0, "subsample": 0.42624582446451165}, "datetime": {"datetime": "2024-01-20 15:03:34", "elapsed": 2367.770735, "delta": 0.003562}}
{"target": -13.504807809947426, "params": {"colsample_bytree": 0.8571597805303479, "eta": 0.06390346336295169, "gamma": 746.3874142756148, "max_depth": 6.0, "min_child_weight": 4412.418004479166, "num_boost_round": 108.0, "subsample": 0.42624582446451165}, "datetime": {"datetime": "2024-01-20 15:03:34", "elapsed": 2367.774356, "delta": 0.003621}}
{"target": -13.504922296760407, "params": {"colsample_bytree": 0.8571597805303479, "eta": 0.06390346336295169, "gamma": 746.3874142756148, "max_depth": 6.0, "min_child_weight": 4412.418004479166, "num_boost_round": 109.0, "subsample": 0.42624582446451165}, "datetime": {"datetime": "2024-01-20 15:03:34", "elapsed": 2367.777917, "delta": 0.003561}}
{"target": -13.505042180370808, "params": {"colsample_bytree": 0.8571597805303479, "eta": 0.06390346336295169, "gamma": 746.3874142756148, "max_depth": 6.0, "min_child_weight": 4412.418004479166, "num_boost_round": 110.0, "subsample": 0.42624582446451165}, "datetime": {"datetime": "2024-01-20 15:03:34", "elapsed": 2367.781467, "delta": 0.00355}}
{"target": -13.504994793387684, "params": {"colsample_bytree": 0.8571597805303479, "eta": 0.06390346336295169, "gamma": 746.3874142756148, "max_depth": 6.0, "min_child_weight": 4412.418004479166, "num_boost_round": 111.0, "subsample": 0.42624582446451165}, "datetime": {"datetime": "2024-01-20 15:03:34", "elapsed": 2367.785067, "delta": 0.0036}}
{"target": -13.505031456860834, "params": {"colsample_bytree": 0.8571597805303479, "eta": 0.06390346336295169, "gamma": 746.3874142756148, "max_depth": 6.0, "min_child_weight": 4412.418004479166, "num_boost_round": 112.0, "subsample": 0.42624582446451165}, "datetime": {"datetime": "2024-01-20 15:03:34", "elapsed": 2367.788621, "delta": 0.003554}}
{"target": -13.505211446247959, "params": {"colsample_bytree": 0.8571597805303479, "eta": 0.06390346336295169, "gamma": 746.3874142756148, "max_depth": 6.0, "min_child_weight": 4412.418004479166, "num_boost_round": 113.0, "subsample": 0.42624582446451165}, "datetime": {"datetime": "2024-01-20 15:03:34", "elapsed": 2367.79222, "delta": 0.003599}}
{"target": -13.505239361628375, "params": {"colsample_bytree": 0.8571597805303479, "eta": 0.06390346336295169, "gamma": 746.3874142756148, "max_depth": 6.0, "min_child_weight": 4412.418004479166, "num_boost_round": 114.0, "subsample": 0.42624582446451165}, "datetime": {"datetime": "2024-01-20 15:03:34", "elapsed": 2367.795835, "delta": 0.003615}}
{"target": -13.505278320424303, "params": {"colsample_bytree": 0.8571597805303479, "eta": 0.06390346336295169, "gamma": 746.3874142756148, "max_depth": 6.0, "min_child_weight": 4412.418004479166, "num_boost_round": 115.0, "subsample": 0.42624582446451165}, "datetime": {"datetime": "2024-01-20 15:03:34", "elapsed": 2367.799418, "delta": 0.003583}}
{"target": -13.505482186831546, "params": {"colsample_bytree": 0.8571597805303479, "eta": 0.06390346336295169, "gamma": 746.3874142756148, "max_depth": 6.0, "min_child_weight": 4412.418004479166, "num_boost_round": 116.0, "subsample": 0.42624582446451165}, "datetime": {"datetime": "2024-01-20 15:03:34", "elapsed": 2367.802985, "delta": 0.003567}}
{"target": -13.505620275833481, "params": {"colsample_bytree": 0.8571597805303479, "eta": 0.06390346336295169, "gamma": 746.3874142756148, "max_depth": 6.0, "min_child_weight": 4412.418004479166, "num_boost_round": 117.0, "subsample": 0.42624582446451165}, "datetime": {"datetime": "2024-01-20 15:03:34", "elapsed": 2367.80716, "delta": 0.004175}}
{"target": -13.50586038062244, "params": {"colsample_bytree": 0.8571597805303479, "eta": 0.06390346336295169, "gamma": 746.3874142756148, "max_depth": 6.0, "min_child_weight": 4412.418004479166, "num_boost_round": 118.0, "subsample": 0.42624582446451165}, "datetime": {"datetime": "2024-01-20 15:03:34", "elapsed": 2367.811002, "delta": 0.003842}}
{"target": -13.505836286059294, "params": {"colsample_bytree": 0.8571597805303479, "eta": 0.06390346336295169, "gamma": 746.3874142756148, "max_depth": 6.0, "min_child_weight": 4412.418004479166, "num_boost_round": 119.0, "subsample": 0.42624582446451165}, "datetime": {"datetime": "2024-01-20 15:03:34", "elapsed": 2367.814666, "delta": 0.003664}}
{"target": -13.505839845701301, "params": {"colsample_bytree": 0.8571597805303479, "eta": 0.06390346336295169, "gamma": 746.3874142756148, "max_depth": 6.0, "min_child_weight": 4412.418004479166, "num_boost_round": 120.0, "subsample": 0.42624582446451165}, "datetime": {"datetime": "2024-01-20 15:03:34", "elapsed": 2367.818364, "delta": 0.003698}}
{"target": -13.50598604128485, "params": {"colsample_bytree": 0.8571597805303479, "eta": 0.06390346336295169, "gamma": 746.3874142756148, "max_depth": 6.0, "min_child_weight": 4412.418004479166, "num_boost_round": 121.0, "subsample": 0.42624582446451165}, "datetime": {"datetime": "2024-01-20 15:03:34", "elapsed": 2367.822041, "delta": 0.003677}}
{"target": -13.505978352928599, "params": {"colsample_bytree": 0.8571597805303479, "eta": 0.06390346336295169, "gamma": 746.3874142756148, "max_depth": 6.0, "min_child_weight": 4412.418004479166, "num_boost_round": 122.0, "subsample": 0.42624582446451165}, "datetime": {"datetime": "2024-01-20 15:03:34", "elapsed": 2367.82572, "delta": 0.003679}}
{"target": -13.49770852483668, "params": {"colsample_bytree": 0.8379731057293175, "eta": 0.03724320198022017, "gamma": 654.1114648337368, "max_depth": 5.0, "min_child_weight": 4387.1332548378805, "num_boost_round": 1.0, "subsample": 0.7719918846691802}, "datetime": {"datetime": "2024-01-20 15:06:02", "elapsed": 2515.567138, "delta": 147.741418}}
{"target": -13.497572504790956, "params": {"colsample_bytree": 0.8379731057293175, "eta": 0.03724320198022017, "gamma": 654.1114648337368, "max_depth": 5.0, "min_child_weight": 4387.1332548378805, "num_boost_round": 2.0, "subsample": 0.7719918846691802}, "datetime": {"datetime": "2024-01-20 15:06:02", "elapsed": 2515.571809, "delta": 0.004671}}
{"target": -13.49759017734193, "params": {"colsample_bytree": 0.8379731057293175, "eta": 0.03724320198022017, "gamma": 654.1114648337368, "max_depth": 5.0, "min_child_weight": 4387.1332548378805, "num_boost_round": 3.0, "subsample": 0.7719918846691802}, "datetime": {"datetime": "2024-01-20 15:06:02", "elapsed": 2515.575584, "delta": 0.003775}}
{"target": -13.497497343806092, "params": {"colsample_bytree": 0.8379731057293175, "eta": 0.03724320198022017, "gamma": 654.1114648337368, "max_depth": 5.0, "min_child_weight": 4387.1332548378805, "num_boost_round": 4.0, "subsample": 0.7719918846691802}, "datetime": {"datetime": "2024-01-20 15:06:02", "elapsed": 2515.579192, "delta": 0.003608}}
{"target": -13.497406160623521, "params": {"colsample_bytree": 0.8379731057293175, "eta": 0.03724320198022017, "gamma": 654.1114648337368, "max_depth": 5.0, "min_child_weight": 4387.1332548378805, "num_boost_round": 5.0, "subsample": 0.7719918846691802}, "datetime": {"datetime": "2024-01-20 15:06:02", "elapsed": 2515.582823, "delta": 0.003631}}
{"target": -13.497393814608781, "params": {"colsample_bytree": 0.8379731057293175, "eta": 0.03724320198022017, "gamma": 654.1114648337368, "max_depth": 5.0, "min_child_weight": 4387.1332548378805, "num_boost_round": 6.0, "subsample": 0.7719918846691802}, "datetime": {"datetime": "2024-01-20 15:06:02", "elapsed": 2515.586453, "delta": 0.00363}}
{"target": -13.497273539625528, "params": {"colsample_bytree": 0.8379731057293175, "eta": 0.03724320198022017, "gamma": 654.1114648337368, "max_depth": 5.0, "min_child_weight": 4387.1332548378805, "num_boost_round": 7.0, "subsample": 0.7719918846691802}, "datetime": {"datetime": "2024-01-20 15:06:02", "elapsed": 2515.590051, "delta": 0.003598}}
{"target": -13.497173207232947, "params": {"colsample_bytree": 0.8379731057293175, "eta": 0.03724320198022017, "gamma": 654.1114648337368, "max_depth": 5.0, "min_child_weight": 4387.1332548378805, "num_boost_round": 8.0, "subsample": 0.7719918846691802}, "datetime": {"datetime": "2024-01-20 15:06:02", "elapsed": 2515.593773, "delta": 0.003722}}
{"target": -13.497330188086226, "params": {"colsample_bytree": 0.8379731057293175, "eta": 0.03724320198022017, "gamma": 654.1114648337368, "max_depth": 5.0, "min_child_weight": 4387.1332548378805, "num_boost_round": 9.0, "subsample": 0.7719918846691802}, "datetime": {"datetime": "2024-01-20 15:06:02", "elapsed": 2515.597444, "delta": 0.003671}}
{"target": -13.497461538291894, "params": {"colsample_bytree": 0.8379731057293175, "eta": 0.03724320198022017, "gamma": 654.1114648337368, "max_depth": 5.0, "min_child_weight": 4387.1332548378805, "num_boost_round": 10.0, "subsample": 0.7719918846691802}, "datetime": {"datetime": "2024-01-20 15:06:02", "elapsed": 2515.601254, "delta": 0.00381}}
{"target": -13.497516883764158, "params": {"colsample_bytree": 0.8379731057293175, "eta": 0.03724320198022017, "gamma": 654.1114648337368, "max_depth": 5.0, "min_child_weight": 4387.1332548378805, "num_boost_round": 11.0, "subsample": 0.7719918846691802}, "datetime": {"datetime": "2024-01-20 15:06:02", "elapsed": 2515.604929, "delta": 0.003675}}
{"target": -13.497556516763098, "params": {"colsample_bytree": 0.8379731057293175, "eta": 0.03724320198022017, "gamma": 654.1114648337368, "max_depth": 5.0, "min_child_weight": 4387.1332548378805, "num_boost_round": 12.0, "subsample": 0.7719918846691802}, "datetime": {"datetime": "2024-01-20 15:06:02", "elapsed": 2515.608548, "delta": 0.003619}}
