{"target": -15.165186424567993, "params": {"colsample_bytree": 0.15794267784433197, "eta": 0.053366641429043786, "gamma": 628.688249382224, "max_depth": 4.0, "min_child_weight": 4161.448176746779, "num_boost_round": 7.0, "subsample": 0.4053717691667603}, "datetime": {"datetime": "2024-01-20 15:52:23", "elapsed": 5300.907126, "delta": 0.005503}}
{"target": -15.163937242670963, "params": {"colsample_bytree": 0.15794267784433197, "eta": 0.053366641429043786, "gamma": 628.688249382224, "max_depth": 4.0, "min_child_weight": 4161.448176746779, "num_boost_round": 8.0, "subsample": 0.4053717691667603}, "datetime": {"datetime": "2024-01-20 15:52:23", "elapsed": 5300.912433, "delta": 0.005307}}
{"target": -15.163884332014629, "params": {"colsample_bytree": 0.15794267784433197, "eta": 0.053366641429043786, "gamma": 628.688249382224, "max_depth": 4.0, "min_child_weight": 4161.448176746779, "num_boost_round": 9.0, "subsample": 0.4053717691667603}, "datetime": {"datetime": "2024-01-20 15:52:23", "elapsed": 5300.917659, "delta": 0.005226}}
{"target": -15.163070087180472, "params": {"colsample_bytree": 0.15794267784433197, "eta": 0.053366641429043786, "gamma": 628.688249382224, "max_depth": 4.0, "min_child_weight": 4161.448176746779, "num_boost_round": 10.0, "subsample": 0.4053717691667603}, "datetime": {"datetime": "2024-01-20 15:52:23", "elapsed": 5300.923192, "delta": 0.005533}}
{"target": -15.163029803281116, "params": {"colsample_bytree": 0.15794267784433197, "eta": 0.053366641429043786, "gamma": 628.688249382224, "max_depth": 4.0, "min_child_weight": 4161.448176746779, "num_boost_round": 11.0, "subsample": 0.4053717691667603}, "datetime": {"datetime": "2024-01-20 15:52:23", "elapsed": 5300.928773, "delta": 0.005581}}
{"target": -15.162871217130728, "params": {"colsample_bytree": 0.15794267784433197, "eta": 0.053366641429043786, "gamma": 628.688249382224, "max_depth": 4.0, "min_child_weight": 4161.448176746779, "num_boost_round": 12.0, "subsample": 0.4053717691667603}, "datetime": {"datetime": "2024-01-20 15:52:23", "elapsed": 5300.934502, "delta": 0.005729}}
{"target": -15.162979267528538, "params": {"colsample_bytree": 0.15794267784433197, "eta": 0.053366641429043786, "gamma": 628.688249382224, "max_depth": 4.0, "min_child_weight": 4161.448176746779, "num_boost_round": 13.0, "subsample": 0.4053717691667603}, "datetime": {"datetime": "2024-01-20 15:52:23", "elapsed": 5300.939667, "delta": 0.005165}}
{"target": -15.162808932370535, "params": {"colsample_bytree": 0.15794267784433197, "eta": 0.053366641429043786, "gamma": 628.688249382224, "max_depth": 4.0, "min_child_weight": 4161.448176746779, "num_boost_round": 14.0, "subsample": 0.4053717691667603}, "datetime": {"datetime": "2024-01-20 15:52:23", "elapsed": 5300.944832, "delta": 0.005165}}
{"target": -15.16280963150428, "params": {"colsample_bytree": 0.15794267784433197, "eta": 0.053366641429043786, "gamma": 628.688249382224, "max_depth": 4.0, "min_child_weight": 4161.448176746779, "num_boost_round": 15.0, "subsample": 0.4053717691667603}, "datetime": {"datetime": "2024-01-20 15:52:23", "elapsed": 5300.949944, "delta": 0.005112}}
{"target": -15.161947304545812, "params": {"colsample_bytree": 0.15794267784433197, "eta": 0.053366641429043786, "gamma": 628.688249382224, "max_depth": 4.0, "min_child_weight": 4161.448176746779, "num_boost_round": 16.0, "subsample": 0.4053717691667603}, "datetime": {"datetime": "2024-01-20 15:52:23", "elapsed": 5300.95522, "delta": 0.005276}}
{"target": -15.160699673852372, "params": {"colsample_bytree": 0.15794267784433197, "eta": 0.053366641429043786, "gamma": 628.688249382224, "max_depth": 4.0, "min_child_weight": 4161.448176746779, "num_boost_round": 17.0, "subsample": 0.4053717691667603}, "datetime": {"datetime": "2024-01-20 15:52:23", "elapsed": 5300.960445, "delta": 0.005225}}
{"target": -15.160656833763557, "params": {"colsample_bytree": 0.15794267784433197, "eta": 0.053366641429043786, "gamma": 628.688249382224, "max_depth": 4.0, "min_child_weight": 4161.448176746779, "num_boost_round": 18.0, "subsample": 0.4053717691667603}, "datetime": {"datetime": "2024-01-20 15:52:23", "elapsed": 5300.965635, "delta": 0.00519}}
{"target": -15.159816646147346, "params": {"colsample_bytree": 0.15794267784433197, "eta": 0.053366641429043786, "gamma": 628.688249382224, "max_depth": 4.0, "min_child_weight": 4161.448176746779, "num_boost_round": 19.0, "subsample": 0.4053717691667603}, "datetime": {"datetime": "2024-01-20 15:52:23", "elapsed": 5300.970851, "delta": 0.005216}}
{"target": -15.159762799696288, "params": {"colsample_bytree": 0.15794267784433197, "eta": 0.053366641429043786, "gamma": 628.688249382224, "max_depth": 4.0, "min_child_weight": 4161.448176746779, "num_boost_round": 20.0, "subsample": 0.4053717691667603}, "datetime": {"datetime": "2024-01-20 15:52:23", "elapsed": 5300.976056, "delta": 0.005205}}
{"target": -15.159113353407825, "params": {"colsample_bytree": 0.15794267784433197, "eta": 0.053366641429043786, "gamma": 628.688249382224, "max_depth": 4.0, "min_child_weight": 4161.448176746779, "num_boost_round": 21.0, "subsample": 0.4053717691667603}, "datetime": {"datetime": "2024-01-20 15:52:23", "elapsed": 5300.981308, "delta": 0.005252}}
{"target": -15.159110155732316, "params": {"colsample_bytree": 0.15794267784433197, "eta": 0.053366641429043786, "gamma": 628.688249382224, "max_depth": 4.0, "min_child_weight": 4161.448176746779, "num_boost_round": 22.0, "subsample": 0.4053717691667603}, "datetime": {"datetime": "2024-01-20 15:52:23", "elapsed": 5300.98679, "delta": 0.005482}}
{"target": -15.159163958872242, "params": {"colsample_bytree": 0.15794267784433197, "eta": 0.053366641429043786, "gamma": 628.688249382224, "max_depth": 4.0, "min_child_weight": 4161.448176746779, "num_boost_round": 23.0, "subsample": 0.4053717691667603}, "datetime": {"datetime": "2024-01-20 15:52:23", "elapsed": 5300.992244, "delta": 0.005454}}
{"target": -15.159105467904478, "params": {"colsample_bytree": 0.15794267784433197, "eta": 0.053366641429043786, "gamma": 628.688249382224, "max_depth": 4.0, "min_child_weight": 4161.448176746779, "num_boost_round": 24.0, "subsample": 0.4053717691667603}, "datetime": {"datetime": "2024-01-20 15:52:23", "elapsed": 5300.997845, "delta": 0.005601}}
{"target": -15.159145314294207, "params": {"colsample_bytree": 0.15794267784433197, "eta": 0.053366641429043786, "gamma": 628.688249382224, "max_depth": 4.0, "min_child_weight": 4161.448176746779, "num_boost_round": 25.0, "subsample": 0.4053717691667603}, "datetime": {"datetime": "2024-01-20 15:52:23", "elapsed": 5301.003001, "delta": 0.005156}}
{"target": -15.159031152769101, "params": {"colsample_bytree": 0.15794267784433197, "eta": 0.053366641429043786, "gamma": 628.688249382224, "max_depth": 4.0, "min_child_weight": 4161.448176746779, "num_boost_round": 26.0, "subsample": 0.4053717691667603}, "datetime": {"datetime": "2024-01-20 15:52:23", "elapsed": 5301.00818, "delta": 0.005179}}
{"target": -15.158365811633555, "params": {"colsample_bytree": 0.15794267784433197, "eta": 0.053366641429043786, "gamma": 628.688249382224, "max_depth": 4.0, "min_child_weight": 4161.448176746779, "num_boost_round": 27.0, "subsample": 0.4053717691667603}, "datetime": {"datetime": "2024-01-20 15:52:23", "elapsed": 5301.013298, "delta": 0.005118}}
{"target": -15.158396119098853, "params": {"colsample_bytree": 0.15794267784433197, "eta": 0.053366641429043786, "gamma": 628.688249382224, "max_depth": 4.0, "min_child_weight": 4161.448176746779, "num_boost_round": 28.0, "subsample": 0.4053717691667603}, "datetime": {"datetime": "2024-01-20 15:52:23", "elapsed": 5301.018486, "delta": 0.005188}}
{"target": -15.158293893821131, "params": {"colsample_bytree": 0.15794267784433197, "eta": 0.053366641429043786, "gamma": 628.688249382224, "max_depth": 4.0, "min_child_weight": 4161.448176746779, "num_boost_round": 29.0, "subsample": 0.4053717691667603}, "datetime": {"datetime": "2024-01-20 15:52:23", "elapsed": 5301.02367, "delta": 0.005184}}
{"target": -15.158384553564021, "params": {"colsample_bytree": 0.15794267784433197, "eta": 0.053366641429043786, "gamma": 628.688249382224, "max_depth": 4.0, "min_child_weight": 4161.448176746779, "num_boost_round": 30.0, "subsample": 0.4053717691667603}, "datetime": {"datetime": "2024-01-20 15:52:23", "elapsed": 5301.028824, "delta": 0.005154}}
{"target": -15.158754396032199, "params": {"colsample_bytree": 0.15794267784433197, "eta": 0.053366641429043786, "gamma": 628.688249382224, "max_depth": 4.0, "min_child_weight": 4161.448176746779, "num_boost_round": 31.0, "subsample": 0.4053717691667603}, "datetime": {"datetime": "2024-01-20 15:52:23", "elapsed": 5301.033953, "delta": 0.005129}}
{"target": -15.158898895593776, "params": {"colsample_bytree": 0.15794267784433197, "eta": 0.053366641429043786, "gamma": 628.688249382224, "max_depth": 4.0, "min_child_weight": 4161.448176746779, "num_boost_round": 32.0, "subsample": 0.4053717691667603}, "datetime": {"datetime": "2024-01-20 15:52:23", "elapsed": 5301.039178, "delta": 0.005225}}
{"target": -15.172624064971382, "params": {"colsample_bytree": 0.5976085822198519, "eta": 0.012519918488015539, "gamma": 600.0589507194479, "max_depth": 8.0, "min_child_weight": 4212.738673732664, "num_boost_round": 1.0, "subsample": 0.389977320347504}, "datetime": {"datetime": "2024-01-20 15:54:32", "elapsed": 5429.627459, "delta": 128.588281}}
{"target": -15.172061673503292, "params": {"colsample_bytree": 0.5976085822198519, "eta": 0.012519918488015539, "gamma": 600.0589507194479, "max_depth": 8.0, "min_child_weight": 4212.738673732664, "num_boost_round": 2.0, "subsample": 0.389977320347504}, "datetime": {"datetime": "2024-01-20 15:54:32", "elapsed": 5429.633876, "delta": 0.006417}}
{"target": -15.17152398386036, "params": {"colsample_bytree": 0.5976085822198519, "eta": 0.012519918488015539, "gamma": 600.0589507194479, "max_depth": 8.0, "min_child_weight": 4212.738673732664, "num_boost_round": 3.0, "subsample": 0.389977320347504}, "datetime": {"datetime": "2024-01-20 15:54:32", "elapsed": 5429.639574, "delta": 0.005698}}
{"target": -15.171127998123879, "params": {"colsample_bytree": 0.5976085822198519, "eta": 0.012519918488015539, "gamma": 600.0589507194479, "max_depth": 8.0, "min_child_weight": 4212.738673732664, "num_boost_round": 4.0, "subsample": 0.389977320347504}, "datetime": {"datetime": "2024-01-20 15:54:32", "elapsed": 5429.645813, "delta": 0.006239}}
{"target": -15.170364145451847, "params": {"colsample_bytree": 0.5976085822198519, "eta": 0.012519918488015539, "gamma": 600.0589507194479, "max_depth": 8.0, "min_child_weight": 4212.738673732664, "num_boost_round": 5.0, "subsample": 0.389977320347504}, "datetime": {"datetime": "2024-01-20 15:54:32", "elapsed": 5429.652669, "delta": 0.006856}}
{"target": -15.169810460475531, "params": {"colsample_bytree": 0.5976085822198519, "eta": 0.012519918488015539, "gamma": 600.0589507194479, "max_depth": 8.0, "min_child_weight": 4212.738673732664, "num_boost_round": 6.0, "subsample": 0.389977320347504}, "datetime": {"datetime": "2024-01-20 15:54:32", "elapsed": 5429.659898, "delta": 0.007229}}
{"target": -15.16927060562376, "params": {"colsample_bytree": 0.5976085822198519, "eta": 0.012519918488015539, "gamma": 600.0589507194479, "max_depth": 8.0, "min_child_weight": 4212.738673732664, "num_boost_round": 7.0, "subsample": 0.389977320347504}, "datetime": {"datetime": "2024-01-20 15:54:32", "elapsed": 5429.666147, "delta": 0.006249}}
{"target": -15.16856049670522, "params": {"colsample_bytree": 0.5976085822198519, "eta": 0.012519918488015539, "gamma": 600.0589507194479, "max_depth": 8.0, "min_child_weight": 4212.738673732664, "num_boost_round": 8.0, "subsample": 0.389977320347504}, "datetime": {"datetime": "2024-01-20 15:54:32", "elapsed": 5429.671467, "delta": 0.00532}}
{"target": -15.168217431129605, "params": {"colsample_bytree": 0.5976085822198519, "eta": 0.012519918488015539, "gamma": 600.0589507194479, "max_depth": 8.0, "min_child_weight": 4212.738673732664, "num_boost_round": 9.0, "subsample": 0.389977320347504}, "datetime": {"datetime": "2024-01-20 15:54:32", "elapsed": 5429.676704, "delta": 0.005237}}
{"target": -15.167773542214437, "params": {"colsample_bytree": 0.5976085822198519, "eta": 0.012519918488015539, "gamma": 600.0589507194479, "max_depth": 8.0, "min_child_weight": 4212.738673732664, "num_boost_round": 10.0, "subsample": 0.389977320347504}, "datetime": {"datetime": "2024-01-20 15:54:32", "elapsed": 5429.681925, "delta": 0.005221}}
{"target": -15.167717010878697, "params": {"colsample_bytree": 0.5976085822198519, "eta": 0.012519918488015539, "gamma": 600.0589507194479, "max_depth": 8.0, "min_child_weight": 4212.738673732664, "num_boost_round": 11.0, "subsample": 0.389977320347504}, "datetime": {"datetime": "2024-01-20 15:54:32", "elapsed": 5429.687151, "delta": 0.005226}}
{"target": -15.167247357015508, "params": {"colsample_bytree": 0.5976085822198519, "eta": 0.012519918488015539, "gamma": 600.0589507194479, "max_depth": 8.0, "min_child_weight": 4212.738673732664, "num_boost_round": 12.0, "subsample": 0.389977320347504}, "datetime": {"datetime": "2024-01-20 15:54:32", "elapsed": 5429.692359, "delta": 0.005208}}
{"target": -15.16694356980604, "params": {"colsample_bytree": 0.5976085822198519, "eta": 0.012519918488015539, "gamma": 600.0589507194479, "max_depth": 8.0, "min_child_weight": 4212.738673732664, "num_boost_round": 13.0, "subsample": 0.389977320347504}, "datetime": {"datetime": "2024-01-20 15:54:32", "elapsed": 5429.697608, "delta": 0.005249}}
{"target": -15.16607153066766, "params": {"colsample_bytree": 0.5976085822198519, "eta": 0.012519918488015539, "gamma": 600.0589507194479, "max_depth": 8.0, "min_child_weight": 4212.738673732664, "num_boost_round": 14.0, "subsample": 0.389977320347504}, "datetime": {"datetime": "2024-01-20 15:54:32", "elapsed": 5429.70297, "delta": 0.005362}}
{"target": -15.16572112346165, "params": {"colsample_bytree": 0.5976085822198519, "eta": 0.012519918488015539, "gamma": 600.0589507194479, "max_depth": 8.0, "min_child_weight": 4212.738673732664, "num_boost_round": 15.0, "subsample": 0.389977320347504}, "datetime": {"datetime": "2024-01-20 15:54:32", "elapsed": 5429.708392, "delta": 0.005422}}
{"target": -15.165478306961965, "params": {"colsample_bytree": 0.5976085822198519, "eta": 0.012519918488015539, "gamma": 600.0589507194479, "max_depth": 8.0, "min_child_weight": 4212.738673732664, "num_boost_round": 16.0, "subsample": 0.389977320347504}, "datetime": {"datetime": "2024-01-20 15:54:32", "elapsed": 5429.714081, "delta": 0.005689}}
{"target": -15.164861410005177, "params": {"colsample_bytree": 0.5976085822198519, "eta": 0.012519918488015539, "gamma": 600.0589507194479, "max_depth": 8.0, "min_child_weight": 4212.738673732664, "num_boost_round": 17.0, "subsample": 0.389977320347504}, "datetime": {"datetime": "2024-01-20 15:54:32", "elapsed": 5429.720588, "delta": 0.006507}}
{"target": -15.164272039979615, "params": {"colsample_bytree": 0.5976085822198519, "eta": 0.012519918488015539, "gamma": 600.0589507194479, "max_depth": 8.0, "min_child_weight": 4212.738673732664, "num_boost_round": 18.0, "subsample": 0.389977320347504}, "datetime": {"datetime": "2024-01-20 15:54:32", "elapsed": 5429.727141, "delta": 0.006553}}
{"target": -15.163621110608517, "params": {"colsample_bytree": 0.5976085822198519, "eta": 0.012519918488015539, "gamma": 600.0589507194479, "max_depth": 8.0, "min_child_weight": 4212.738673732664, "num_boost_round": 19.0, "subsample": 0.389977320347504}, "datetime": {"datetime": "2024-01-20 15:54:32", "elapsed": 5429.733527, "delta": 0.006386}}
{"target": -15.163350411338914, "params": {"colsample_bytree": 0.5976085822198519, "eta": 0.012519918488015539, "gamma": 600.0589507194479, "max_depth": 8.0, "min_child_weight": 4212.738673732664, "num_boost_round": 20.0, "subsample": 0.389977320347504}, "datetime": {"datetime": "2024-01-20 15:54:32", "elapsed": 5429.739122, "delta": 0.005595}}
{"target": -15.162739897703503, "params": {"colsample_bytree": 0.5976085822198519, "eta": 0.012519918488015539, "gamma": 600.0589507194479, "max_depth": 8.0, "min_child_weight": 4212.738673732664, "num_boost_round": 21.0, "subsample": 0.389977320347504}, "datetime": {"datetime": "2024-01-20 15:54:32", "elapsed": 5429.744422, "delta": 0.0053}}
{"target": -15.162456307154702, "params": {"colsample_bytree": 0.5976085822198519, "eta": 0.012519918488015539, "gamma": 600.0589507194479, "max_depth": 8.0, "min_child_weight": 4212.738673732664, "num_boost_round": 22.0, "subsample": 0.389977320347504}, "datetime": {"datetime": "2024-01-20 15:54:32", "elapsed": 5429.750468, "delta": 0.006046}}
{"target": -15.161707911641237, "params": {"colsample_bytree": 0.5976085822198519, "eta": 0.012519918488015539, "gamma": 600.0589507194479, "max_depth": 8.0, "min_child_weight": 4212.738673732664, "num_boost_round": 23.0, "subsample": 0.389977320347504}, "datetime": {"datetime": "2024-01-20 15:54:32", "elapsed": 5429.756652, "delta": 0.006184}}
{"target": -15.161165301469826, "params": {"colsample_bytree": 0.5976085822198519, "eta": 0.012519918488015539, "gamma": 600.0589507194479, "max_depth": 8.0, "min_child_weight": 4212.738673732664, "num_boost_round": 24.0, "subsample": 0.389977320347504}, "datetime": {"datetime": "2024-01-20 15:54:32", "elapsed": 5429.762076, "delta": 0.005424}}
{"target": -15.160903918890874, "params": {"colsample_bytree": 0.5976085822198519, "eta": 0.012519918488015539, "gamma": 600.0589507194479, "max_depth": 8.0, "min_child_weight": 4212.738673732664, "num_boost_round": 25.0, "subsample": 0.389977320347504}, "datetime": {"datetime": "2024-01-20 15:54:32", "elapsed": 5429.767842, "delta": 0.005766}}
{"target": -15.160816185488077, "params": {"colsample_bytree": 0.5976085822198519, "eta": 0.012519918488015539, "gamma": 600.0589507194479, "max_depth": 8.0, "min_child_weight": 4212.738673732664, "num_boost_round": 26.0, "subsample": 0.389977320347504}, "datetime": {"datetime": "2024-01-20 15:54:32", "elapsed": 5429.773257, "delta": 0.005415}}
{"target": -15.160129762797357, "params": {"colsample_bytree": 0.5976085822198519, "eta": 0.012519918488015539, "gamma": 600.0589507194479, "max_depth": 8.0, "min_child_weight": 4212.738673732664, "num_boost_round": 27.0, "subsample": 0.389977320347504}, "datetime": {"datetime": "2024-01-20 15:54:32", "elapsed": 5429.778695, "delta": 0.005438}}
{"target": -15.159801466818053, "params": {"colsample_bytree": 0.5976085822198519, "eta": 0.012519918488015539, "gamma": 600.0589507194479, "max_depth": 8.0, "min_child_weight": 4212.738673732664, "num_boost_round": 28.0, "subsample": 0.389977320347504}, "datetime": {"datetime": "2024-01-20 15:54:32", "elapsed": 5429.784323, "delta": 0.005628}}
{"target": -15.159427993609176, "params": {"colsample_bytree": 0.5976085822198519, "eta": 0.012519918488015539, "gamma": 600.0589507194479, "max_depth": 8.0, "min_child_weight": 4212.738673732664, "num_boost_round": 29.0, "subsample": 0.389977320347504}, "datetime": {"datetime": "2024-01-20 15:54:32", "elapsed": 5429.789955, "delta": 0.005632}}
{"target": -15.159027258885278, "params": {"colsample_bytree": 0.5976085822198519, "eta": 0.012519918488015539, "gamma": 600.0589507194479, "max_depth": 8.0, "min_child_weight": 4212.738673732664, "num_boost_round": 30.0, "subsample": 0.389977320347504}, "datetime": {"datetime": "2024-01-20 15:54:32", "elapsed": 5429.795559, "delta": 0.005604}}
{"target": -15.158790806948687, "params": {"colsample_bytree": 0.5976085822198519, "eta": 0.012519918488015539, "gamma": 600.0589507194479, "max_depth": 8.0, "min_child_weight": 4212.738673732664, "num_boost_round": 31.0, "subsample": 0.389977320347504}, "datetime": {"datetime": "2024-01-20 15:54:32", "elapsed": 5429.800882, "delta": 0.005323}}
{"target": -15.158519071215537, "params": {"colsample_bytree": 0.5976085822198519, "eta": 0.012519918488015539, "gamma": 600.0589507194479, "max_depth": 8.0, "min_child_weight": 4212.738673732664, "num_boost_round": 32.0, "subsample": 0.389977320347504}, "datetime": {"datetime": "2024-01-20 15:54:32", "elapsed": 5429.806362, "delta": 0.00548}}
{"target": -15.158444609136847, "params": {"colsample_bytree": 0.5976085822198519, "eta": 0.012519918488015539, "gamma": 600.0589507194479, "max_depth": 8.0, "min_child_weight": 4212.738673732664, "num_boost_round": 33.0, "subsample": 0.389977320347504}, "datetime": {"datetime": "2024-01-20 15:54:32", "elapsed": 5429.812478, "delta": 0.006116}}
{"target": -15.157999779825573, "params": {"colsample_bytree": 0.5976085822198519, "eta": 0.012519918488015539, "gamma": 600.0589507194479, "max_depth": 8.0, "min_child_weight": 4212.738673732664, "num_boost_round": 34.0, "subsample": 0.389977320347504}, "datetime": {"datetime": "2024-01-20 15:54:32", "elapsed": 5429.819336, "delta": 0.006858}}
{"target": -15.157777743762207, "params": {"colsample_bytree": 0.5976085822198519, "eta": 0.012519918488015539, "gamma": 600.0589507194479, "max_depth": 8.0, "min_child_weight": 4212.738673732664, "num_boost_round": 35.0, "subsample": 0.389977320347504}, "datetime": {"datetime": "2024-01-20 15:54:32", "elapsed": 5429.8263, "delta": 0.006964}}
{"target": -15.157344457870083, "params": {"colsample_bytree": 0.5976085822198519, "eta": 0.012519918488015539, "gamma": 600.0589507194479, "max_depth": 8.0, "min_child_weight": 4212.738673732664, "num_boost_round": 36.0, "subsample": 0.389977320347504}, "datetime": {"datetime": "2024-01-20 15:54:32", "elapsed": 5429.832478, "delta": 0.006178}}
{"target": -15.15689582212181, "params": {"colsample_bytree": 0.5976085822198519, "eta": 0.012519918488015539, "gamma": 600.0589507194479, "max_depth": 8.0, "min_child_weight": 4212.738673732664, "num_boost_round": 37.0, "subsample": 0.389977320347504}, "datetime": {"datetime": "2024-01-20 15:54:32", "elapsed": 5429.837949, "delta": 0.005471}}
