{"target": -15.156724450316528, "params": {"colsample_bytree": 0.6061459113997238, "eta": 0.055438228869982016, "gamma": 560.9794805908294, "max_depth": 4.0, "min_child_weight": 4135.066987533397, "num_boost_round": 40.0, "subsample": 0.898814747368583}, "datetime": {"datetime": "2024-01-20 15:05:21", "elapsed": 2479.252976, "delta": 0.004229}}
{"target": -15.156953428597983, "params": {"colsample_bytree": 0.6061459113997238, "eta": 0.055438228869982016, "gamma": 560.9794805908294, "max_depth": 4.0, "min_child_weight": 4135.066987533397, "num_boost_round": 41.0, "subsample": 0.898814747368583}, "datetime": {"datetime": "2024-01-20 15:05:21", "elapsed": 2479.257081, "delta": 0.004105}}
{"target": -15.157585553413977, "params": {"colsample_bytree": 0.6061459113997238, "eta": 0.055438228869982016, "gamma": 560.9794805908294, "max_depth": 4.0, "min_child_weight": 4135.066987533397, "num_boost_round": 42.0, "subsample": 0.898814747368583}, "datetime": {"datetime": "2024-01-20 15:05:21", "elapsed": 2479.260687, "delta": 0.003606}}
{"target": -15.157313288445152, "params": {"colsample_bytree": 0.6061459113997238, "eta": 0.055438228869982016, "gamma": 560.9794805908294, "max_depth": 4.0, "min_child_weight": 4135.066987533397, "num_boost_round": 43.0, "subsample": 0.898814747368583}, "datetime": {"datetime": "2024-01-20 15:05:21", "elapsed": 2479.264134, "delta": 0.003447}}
{"target": -15.157548333630668, "params": {"colsample_bytree": 0.6061459113997238, "eta": 0.055438228869982016, "gamma": 560.9794805908294, "max_depth": 4.0, "min_child_weight": 4135.066987533397, "num_boost_round": 44.0, "subsample": 0.898814747368583}, "datetime": {"datetime": "2024-01-20 15:05:21", "elapsed": 2479.267449, "delta": 0.003315}}
{"target": -15.157265113738763, "params": {"colsample_bytree": 0.6061459113997238, "eta": 0.055438228869982016, "gamma": 560.9794805908294, "max_depth": 4.0, "min_child_weight": 4135.066987533397, "num_boost_round": 45.0, "subsample": 0.898814747368583}, "datetime": {"datetime": "2024-01-20 15:05:21", "elapsed": 2479.270903, "delta": 0.003454}}
{"target": -15.157656162059538, "params": {"colsample_bytree": 0.6061459113997238, "eta": 0.055438228869982016, "gamma": 560.9794805908294, "max_depth": 4.0, "min_child_weight": 4135.066987533397, "num_boost_round": 46.0, "subsample": 0.898814747368583}, "datetime": {"datetime": "2024-01-20 15:05:21", "elapsed": 2479.274287, "delta": 0.003384}}
{"target": -15.158373049246649, "params": {"colsample_bytree": 0.6061459113997238, "eta": 0.055438228869982016, "gamma": 560.9794805908294, "max_depth": 4.0, "min_child_weight": 4135.066987533397, "num_boost_round": 47.0, "subsample": 0.898814747368583}, "datetime": {"datetime": "2024-01-20 15:05:21", "elapsed": 2479.27764, "delta": 0.003353}}
{"target": -15.158490896338531, "params": {"colsample_bytree": 0.6061459113997238, "eta": 0.055438228869982016, "gamma": 560.9794805908294, "max_depth": 4.0, "min_child_weight": 4135.066987533397, "num_boost_round": 48.0, "subsample": 0.898814747368583}, "datetime": {"datetime": "2024-01-20 15:05:21", "elapsed": 2479.280945, "delta": 0.003305}}
{"target": -15.158853417076806, "params": {"colsample_bytree": 0.6061459113997238, "eta": 0.055438228869982016, "gamma": 560.9794805908294, "max_depth": 4.0, "min_child_weight": 4135.066987533397, "num_boost_round": 49.0, "subsample": 0.898814747368583}, "datetime": {"datetime": "2024-01-20 15:05:21", "elapsed": 2479.284226, "delta": 0.003281}}
{"target": -15.158597608685916, "params": {"colsample_bytree": 0.6061459113997238, "eta": 0.055438228869982016, "gamma": 560.9794805908294, "max_depth": 4.0, "min_child_weight": 4135.066987533397, "num_boost_round": 50.0, "subsample": 0.898814747368583}, "datetime": {"datetime": "2024-01-20 15:05:21", "elapsed": 2479.287475, "delta": 0.003249}}
{"target": -15.15881011334676, "params": {"colsample_bytree": 0.6061459113997238, "eta": 0.055438228869982016, "gamma": 560.9794805908294, "max_depth": 4.0, "min_child_weight": 4135.066987533397, "num_boost_round": 51.0, "subsample": 0.898814747368583}, "datetime": {"datetime": "2024-01-20 15:05:21", "elapsed": 2479.290721, "delta": 0.003246}}
{"target": -15.159070935482223, "params": {"colsample_bytree": 0.6061459113997238, "eta": 0.055438228869982016, "gamma": 560.9794805908294, "max_depth": 4.0, "min_child_weight": 4135.066987533397, "num_boost_round": 52.0, "subsample": 0.898814747368583}, "datetime": {"datetime": "2024-01-20 15:05:21", "elapsed": 2479.294325, "delta": 0.003604}}
{"target": -15.15865875676275, "params": {"colsample_bytree": 0.6061459113997238, "eta": 0.055438228869982016, "gamma": 560.9794805908294, "max_depth": 4.0, "min_child_weight": 4135.066987533397, "num_boost_round": 53.0, "subsample": 0.898814747368583}, "datetime": {"datetime": "2024-01-20 15:05:21", "elapsed": 2479.29769, "delta": 0.003365}}
{"target": -15.158797695503218, "params": {"colsample_bytree": 0.6061459113997238, "eta": 0.055438228869982016, "gamma": 560.9794805908294, "max_depth": 4.0, "min_child_weight": 4135.066987533397, "num_boost_round": 54.0, "subsample": 0.898814747368583}, "datetime": {"datetime": "2024-01-20 15:05:21", "elapsed": 2479.301108, "delta": 0.003418}}
{"target": -15.158963052631709, "params": {"colsample_bytree": 0.6061459113997238, "eta": 0.055438228869982016, "gamma": 560.9794805908294, "max_depth": 4.0, "min_child_weight": 4135.066987533397, "num_boost_round": 55.0, "subsample": 0.898814747368583}, "datetime": {"datetime": "2024-01-20 15:05:21", "elapsed": 2479.304427, "delta": 0.003319}}
{"target": -15.159168493608451, "params": {"colsample_bytree": 0.6061459113997238, "eta": 0.055438228869982016, "gamma": 560.9794805908294, "max_depth": 4.0, "min_child_weight": 4135.066987533397, "num_boost_round": 56.0, "subsample": 0.898814747368583}, "datetime": {"datetime": "2024-01-20 15:05:21", "elapsed": 2479.307736, "delta": 0.003309}}
{"target": -15.159379207501798, "params": {"colsample_bytree": 0.6061459113997238, "eta": 0.055438228869982016, "gamma": 560.9794805908294, "max_depth": 4.0, "min_child_weight": 4135.066987533397, "num_boost_round": 57.0, "subsample": 0.898814747368583}, "datetime": {"datetime": "2024-01-20 15:05:21", "elapsed": 2479.311284, "delta": 0.003548}}
{"target": -15.159234179031362, "params": {"colsample_bytree": 0.6061459113997238, "eta": 0.055438228869982016, "gamma": 560.9794805908294, "max_depth": 4.0, "min_child_weight": 4135.066987533397, "num_boost_round": 58.0, "subsample": 0.898814747368583}, "datetime": {"datetime": "2024-01-20 15:05:21", "elapsed": 2479.314659, "delta": 0.003375}}
{"target": -15.158743197779517, "params": {"colsample_bytree": 0.6061459113997238, "eta": 0.055438228869982016, "gamma": 560.9794805908294, "max_depth": 4.0, "min_child_weight": 4135.066987533397, "num_boost_round": 59.0, "subsample": 0.898814747368583}, "datetime": {"datetime": "2024-01-20 15:05:21", "elapsed": 2479.318319, "delta": 0.00366}}
{"target": -15.159013066798439, "params": {"colsample_bytree": 0.6061459113997238, "eta": 0.055438228869982016, "gamma": 560.9794805908294, "max_depth": 4.0, "min_child_weight": 4135.066987533397, "num_boost_round": 60.0, "subsample": 0.898814747368583}, "datetime": {"datetime": "2024-01-20 15:05:21", "elapsed": 2479.322043, "delta": 0.003724}}
{"target": -15.159591674614731, "params": {"colsample_bytree": 0.6061459113997238, "eta": 0.055438228869982016, "gamma": 560.9794805908294, "max_depth": 4.0, "min_child_weight": 4135.066987533397, "num_boost_round": 61.0, "subsample": 0.898814747368583}, "datetime": {"datetime": "2024-01-20 15:05:21", "elapsed": 2479.32592, "delta": 0.003877}}
{"target": -15.159771713671958, "params": {"colsample_bytree": 0.6061459113997238, "eta": 0.055438228869982016, "gamma": 560.9794805908294, "max_depth": 4.0, "min_child_weight": 4135.066987533397, "num_boost_round": 62.0, "subsample": 0.898814747368583}, "datetime": {"datetime": "2024-01-20 15:05:21", "elapsed": 2479.329818, "delta": 0.003898}}
{"target": -15.159910003859508, "params": {"colsample_bytree": 0.6061459113997238, "eta": 0.055438228869982016, "gamma": 560.9794805908294, "max_depth": 4.0, "min_child_weight": 4135.066987533397, "num_boost_round": 63.0, "subsample": 0.898814747368583}, "datetime": {"datetime": "2024-01-20 15:05:21", "elapsed": 2479.333343, "delta": 0.003525}}
{"target": -15.160132284193244, "params": {"colsample_bytree": 0.6061459113997238, "eta": 0.055438228869982016, "gamma": 560.9794805908294, "max_depth": 4.0, "min_child_weight": 4135.066987533397, "num_boost_round": 64.0, "subsample": 0.898814747368583}, "datetime": {"datetime": "2024-01-20 15:05:21", "elapsed": 2479.33676, "delta": 0.003417}}
{"target": -15.16001180572081, "params": {"colsample_bytree": 0.6061459113997238, "eta": 0.055438228869982016, "gamma": 560.9794805908294, "max_depth": 4.0, "min_child_weight": 4135.066987533397, "num_boost_round": 65.0, "subsample": 0.898814747368583}, "datetime": {"datetime": "2024-01-20 15:05:21", "elapsed": 2479.340076, "delta": 0.003316}}
{"target": -15.160116850064286, "params": {"colsample_bytree": 0.6061459113997238, "eta": 0.055438228869982016, "gamma": 560.9794805908294, "max_depth": 4.0, "min_child_weight": 4135.066987533397, "num_boost_round": 66.0, "subsample": 0.898814747368583}, "datetime": {"datetime": "2024-01-20 15:05:21", "elapsed": 2479.343513, "delta": 0.003437}}
{"target": -15.172135588397651, "params": {"colsample_bytree": 0.7348481019188742, "eta": 0.02592296323190886, "gamma": 606.5877407008496, "max_depth": 9.0, "min_child_weight": 4144.86893438223, "num_boost_round": 1.0, "subsample": 0.15836180504170416}, "datetime": {"datetime": "2024-01-20 15:06:12", "elapsed": 2529.474593, "delta": 50.13108}}
{"target": -15.171348869157463, "params": {"colsample_bytree": 0.7348481019188742, "eta": 0.02592296323190886, "gamma": 606.5877407008496, "max_depth": 9.0, "min_child_weight": 4144.86893438223, "num_boost_round": 2.0, "subsample": 0.15836180504170416}, "datetime": {"datetime": "2024-01-20 15:06:12", "elapsed": 2529.47976, "delta": 0.005167}}
{"target": -15.170527208922827, "params": {"colsample_bytree": 0.7348481019188742, "eta": 0.02592296323190886, "gamma": 606.5877407008496, "max_depth": 9.0, "min_child_weight": 4144.86893438223, "num_boost_round": 3.0, "subsample": 0.15836180504170416}, "datetime": {"datetime": "2024-01-20 15:06:12", "elapsed": 2529.483419, "delta": 0.003659}}
{"target": -15.169752167879114, "params": {"colsample_bytree": 0.7348481019188742, "eta": 0.02592296323190886, "gamma": 606.5877407008496, "max_depth": 9.0, "min_child_weight": 4144.86893438223, "num_boost_round": 4.0, "subsample": 0.15836180504170416}, "datetime": {"datetime": "2024-01-20 15:06:12", "elapsed": 2529.486745, "delta": 0.003326}}
{"target": -15.168378706916736, "params": {"colsample_bytree": 0.7348481019188742, "eta": 0.02592296323190886, "gamma": 606.5877407008496, "max_depth": 9.0, "min_child_weight": 4144.86893438223, "num_boost_round": 5.0, "subsample": 0.15836180504170416}, "datetime": {"datetime": "2024-01-20 15:06:12", "elapsed": 2529.490065, "delta": 0.00332}}
{"target": -15.16711548477739, "params": {"colsample_bytree": 0.7348481019188742, "eta": 0.02592296323190886, "gamma": 606.5877407008496, "max_depth": 9.0, "min_child_weight": 4144.86893438223, "num_boost_round": 6.0, "subsample": 0.15836180504170416}, "datetime": {"datetime": "2024-01-20 15:06:12", "elapsed": 2529.493555, "delta": 0.00349}}
{"target": -15.166526184998444, "params": {"colsample_bytree": 0.7348481019188742, "eta": 0.02592296323190886, "gamma": 606.5877407008496, "max_depth": 9.0, "min_child_weight": 4144.86893438223, "num_boost_round": 7.0, "subsample": 0.15836180504170416}, "datetime": {"datetime": "2024-01-20 15:06:12", "elapsed": 2529.496994, "delta": 0.003439}}
{"target": -15.16533200991508, "params": {"colsample_bytree": 0.7348481019188742, "eta": 0.02592296323190886, "gamma": 606.5877407008496, "max_depth": 9.0, "min_child_weight": 4144.86893438223, "num_boost_round": 8.0, "subsample": 0.15836180504170416}, "datetime": {"datetime": "2024-01-20 15:06:12", "elapsed": 2529.50041, "delta": 0.003416}}
{"target": -15.164894115435459, "params": {"colsample_bytree": 0.7348481019188742, "eta": 0.02592296323190886, "gamma": 606.5877407008496, "max_depth": 9.0, "min_child_weight": 4144.86893438223, "num_boost_round": 9.0, "subsample": 0.15836180504170416}, "datetime": {"datetime": "2024-01-20 15:06:12", "elapsed": 2529.503748, "delta": 0.003338}}
{"target": -15.16375258303129, "params": {"colsample_bytree": 0.7348481019188742, "eta": 0.02592296323190886, "gamma": 606.5877407008496, "max_depth": 9.0, "min_child_weight": 4144.86893438223, "num_boost_round": 10.0, "subsample": 0.15836180504170416}, "datetime": {"datetime": "2024-01-20 15:06:12", "elapsed": 2529.507104, "delta": 0.003356}}
{"target": -15.163416616617111, "params": {"colsample_bytree": 0.7348481019188742, "eta": 0.02592296323190886, "gamma": 606.5877407008496, "max_depth": 9.0, "min_child_weight": 4144.86893438223, "num_boost_round": 11.0, "subsample": 0.15836180504170416}, "datetime": {"datetime": "2024-01-20 15:06:12", "elapsed": 2529.510449, "delta": 0.003345}}
{"target": -15.162960960871716, "params": {"colsample_bytree": 0.7348481019188742, "eta": 0.02592296323190886, "gamma": 606.5877407008496, "max_depth": 9.0, "min_child_weight": 4144.86893438223, "num_boost_round": 12.0, "subsample": 0.15836180504170416}, "datetime": {"datetime": "2024-01-20 15:06:12", "elapsed": 2529.514024, "delta": 0.003575}}
{"target": -15.162688233391423, "params": {"colsample_bytree": 0.7348481019188742, "eta": 0.02592296323190886, "gamma": 606.5877407008496, "max_depth": 9.0, "min_child_weight": 4144.86893438223, "num_boost_round": 13.0, "subsample": 0.15836180504170416}, "datetime": {"datetime": "2024-01-20 15:06:12", "elapsed": 2529.517376, "delta": 0.003352}}
{"target": -15.16182882196357, "params": {"colsample_bytree": 0.7348481019188742, "eta": 0.02592296323190886, "gamma": 606.5877407008496, "max_depth": 9.0, "min_child_weight": 4144.86893438223, "num_boost_round": 14.0, "subsample": 0.15836180504170416}, "datetime": {"datetime": "2024-01-20 15:06:12", "elapsed": 2529.520799, "delta": 0.003423}}
{"target": -15.161491670127297, "params": {"colsample_bytree": 0.7348481019188742, "eta": 0.02592296323190886, "gamma": 606.5877407008496, "max_depth": 9.0, "min_child_weight": 4144.86893438223, "num_boost_round": 15.0, "subsample": 0.15836180504170416}, "datetime": {"datetime": "2024-01-20 15:06:12", "elapsed": 2529.524319, "delta": 0.00352}}
{"target": -15.161298220881172, "params": {"colsample_bytree": 0.7348481019188742, "eta": 0.02592296323190886, "gamma": 606.5877407008496, "max_depth": 9.0, "min_child_weight": 4144.86893438223, "num_boost_round": 16.0, "subsample": 0.15836180504170416}, "datetime": {"datetime": "2024-01-20 15:06:12", "elapsed": 2529.527652, "delta": 0.003333}}
{"target": -15.16047250420493, "params": {"colsample_bytree": 0.7348481019188742, "eta": 0.02592296323190886, "gamma": 606.5877407008496, "max_depth": 9.0, "min_child_weight": 4144.86893438223, "num_boost_round": 17.0, "subsample": 0.15836180504170416}, "datetime": {"datetime": "2024-01-20 15:06:12", "elapsed": 2529.530993, "delta": 0.003341}}
{"target": -15.159794514381463, "params": {"colsample_bytree": 0.7348481019188742, "eta": 0.02592296323190886, "gamma": 606.5877407008496, "max_depth": 9.0, "min_child_weight": 4144.86893438223, "num_boost_round": 18.0, "subsample": 0.15836180504170416}, "datetime": {"datetime": "2024-01-20 15:06:12", "elapsed": 2529.534376, "delta": 0.003383}}
{"target": -15.15912007927507, "params": {"colsample_bytree": 0.7348481019188742, "eta": 0.02592296323190886, "gamma": 606.5877407008496, "max_depth": 9.0, "min_child_weight": 4144.86893438223, "num_boost_round": 19.0, "subsample": 0.15836180504170416}, "datetime": {"datetime": "2024-01-20 15:06:12", "elapsed": 2529.537667, "delta": 0.003291}}
{"target": -15.15885919070885, "params": {"colsample_bytree": 0.7348481019188742, "eta": 0.02592296323190886, "gamma": 606.5877407008496, "max_depth": 9.0, "min_child_weight": 4144.86893438223, "num_boost_round": 20.0, "subsample": 0.15836180504170416}, "datetime": {"datetime": "2024-01-20 15:06:12", "elapsed": 2529.541002, "delta": 0.003335}}
{"target": -15.157979036777885, "params": {"colsample_bytree": 0.7348481019188742, "eta": 0.02592296323190886, "gamma": 606.5877407008496, "max_depth": 9.0, "min_child_weight": 4144.86893438223, "num_boost_round": 21.0, "subsample": 0.15836180504170416}, "datetime": {"datetime": "2024-01-20 15:06:12", "elapsed": 2529.544452, "delta": 0.00345}}
{"target": -15.157754181136152, "params": {"colsample_bytree": 0.7348481019188742, "eta": 0.02592296323190886, "gamma": 606.5877407008496, "max_depth": 9.0, "min_child_weight": 4144.86893438223, "num_boost_round": 22.0, "subsample": 0.15836180504170416}, "datetime": {"datetime": "2024-01-20 15:06:12", "elapsed": 2529.547892, "delta": 0.00344}}
{"target": -15.157151202003995, "params": {"colsample_bytree": 0.7348481019188742, "eta": 0.02592296323190886, "gamma": 606.5877407008496, "max_depth": 9.0, "min_child_weight": 4144.86893438223, "num_boost_round": 23.0, "subsample": 0.15836180504170416}, "datetime": {"datetime": "2024-01-20 15:06:12", "elapsed": 2529.551296, "delta": 0.003404}}
{"target": -15.156467279089853, "params": {"colsample_bytree": 0.7348481019188742, "eta": 0.02592296323190886, "gamma": 606.5877407008496, "max_depth": 9.0, "min_child_weight": 4144.86893438223, "num_boost_round": 24.0, "subsample": 0.15836180504170416}, "datetime": {"datetime": "2024-01-20 15:06:12", "elapsed": 2529.554621, "delta": 0.003325}}
{"target": -15.156403418316216, "params": {"colsample_bytree": 0.7348481019188742, "eta": 0.02592296323190886, "gamma": 606.5877407008496, "max_depth": 9.0, "min_child_weight": 4144.86893438223, "num_boost_round": 25.0, "subsample": 0.15836180504170416}, "datetime": {"datetime": "2024-01-20 15:06:12", "elapsed": 2529.557923, "delta": 0.003302}}
{"target": -15.156260685914937, "params": {"colsample_bytree": 0.7348481019188742, "eta": 0.02592296323190886, "gamma": 606.5877407008496, "max_depth": 9.0, "min_child_weight": 4144.86893438223, "num_boost_round": 26.0, "subsample": 0.15836180504170416}, "datetime": {"datetime": "2024-01-20 15:06:12", "elapsed": 2529.561376, "delta": 0.003453}}
{"target": -15.155737738056867, "params": {"colsample_bytree": 0.7348481019188742, "eta": 0.02592296323190886, "gamma": 606.5877407008496, "max_depth": 9.0, "min_child_weight": 4144.86893438223, "num_boost_round": 27.0, "subsample": 0.15836180504170416}, "datetime": {"datetime": "2024-01-20 15:06:12", "elapsed": 2529.56485, "delta": 0.003474}}
{"target": -15.171971269090534, "params": {"colsample_bytree": 0.11676447440084532, "eta": 0.046205715347936716, "gamma": 552.6069168089297, "max_depth": 3.0, "min_child_weight": 4254.418783170729, "num_boost_round": 1.0, "subsample": 0.17434910478283416}, "datetime": {"datetime": "2024-01-20 15:07:02", "elapsed": 2580.120449, "delta": 50.555599}}
{"target": -15.171172108055885, "params": {"colsample_bytree": 0.11676447440084532, "eta": 0.046205715347936716, "gamma": 552.6069168089297, "max_depth": 3.0, "min_child_weight": 4254.418783170729, "num_boost_round": 2.0, "subsample": 0.17434910478283416}, "datetime": {"datetime": "2024-01-20 15:07:02", "elapsed": 2580.125635, "delta": 0.005186}}
{"target": -15.171149760554488, "params": {"colsample_bytree": 0.11676447440084532, "eta": 0.046205715347936716, "gamma": 552.6069168089297, "max_depth": 3.0, "min_child_weight": 4254.418783170729, "num_boost_round": 3.0, "subsample": 0.17434910478283416}, "datetime": {"datetime": "2024-01-20 15:07:02", "elapsed": 2580.129194, "delta": 0.003559}}
{"target": -15.171458325716568, "params": {"colsample_bytree": 0.11676447440084532, "eta": 0.046205715347936716, "gamma": 552.6069168089297, "max_depth": 3.0, "min_child_weight": 4254.418783170729, "num_boost_round": 4.0, "subsample": 0.17434910478283416}, "datetime": {"datetime": "2024-01-20 15:07:02", "elapsed": 2580.13261, "delta": 0.003416}}
{"target": -15.170219147670075, "params": {"colsample_bytree": 0.11676447440084532, "eta": 0.046205715347936716, "gamma": 552.6069168089297, "max_depth": 3.0, "min_child_weight": 4254.418783170729, "num_boost_round": 5.0, "subsample": 0.17434910478283416}, "datetime": {"datetime": "2024-01-20 15:07:02", "elapsed": 2580.135963, "delta": 0.003353}}
{"target": -15.16935280521588, "params": {"colsample_bytree": 0.11676447440084532, "eta": 0.046205715347936716, "gamma": 552.6069168089297, "max_depth": 3.0, "min_child_weight": 4254.418783170729, "num_boost_round": 6.0, "subsample": 0.17434910478283416}, "datetime": {"datetime": "2024-01-20 15:07:02", "elapsed": 2580.139276, "delta": 0.003313}}
{"target": -15.168646115556584, "params": {"colsample_bytree": 0.11676447440084532, "eta": 0.046205715347936716, "gamma": 552.6069168089297, "max_depth": 3.0, "min_child_weight": 4254.418783170729, "num_boost_round": 7.0, "subsample": 0.17434910478283416}, "datetime": {"datetime": "2024-01-20 15:07:02", "elapsed": 2580.142773, "delta": 0.003497}}
{"target": -15.167625405346433, "params": {"colsample_bytree": 0.11676447440084532, "eta": 0.046205715347936716, "gamma": 552.6069168089297, "max_depth": 3.0, "min_child_weight": 4254.418783170729, "num_boost_round": 8.0, "subsample": 0.17434910478283416}, "datetime": {"datetime": "2024-01-20 15:07:02", "elapsed": 2580.146256, "delta": 0.003483}}
{"target": -15.16753279846942, "params": {"colsample_bytree": 0.11676447440084532, "eta": 0.046205715347936716, "gamma": 552.6069168089297, "max_depth": 3.0, "min_child_weight": 4254.418783170729, "num_boost_round": 9.0, "subsample": 0.17434910478283416}, "datetime": {"datetime": "2024-01-20 15:07:02", "elapsed": 2580.149634, "delta": 0.003378}}
