{"target": -10.299131001429817, "params": {"colsample_bytree": 0.5712948131531178, "eta": 0.010801919711398591, "gamma": 981.8755425359284, "max_depth": 5.0, "min_child_weight": 4511.553826606877, "num_boost_round": 26.0, "subsample": 0.5525567821433262}, "datetime": {"datetime": "2024-01-20 15:58:05", "elapsed": 9383.049996, "delta": 0.006317}}
{"target": -10.299153805857353, "params": {"colsample_bytree": 0.5712948131531178, "eta": 0.010801919711398591, "gamma": 981.8755425359284, "max_depth": 5.0, "min_child_weight": 4511.553826606877, "num_boost_round": 27.0, "subsample": 0.5525567821433262}, "datetime": {"datetime": "2024-01-20 15:58:05", "elapsed": 9383.056297, "delta": 0.006301}}
{"target": -10.299205013253292, "params": {"colsample_bytree": 0.5712948131531178, "eta": 0.010801919711398591, "gamma": 981.8755425359284, "max_depth": 5.0, "min_child_weight": 4511.553826606877, "num_boost_round": 28.0, "subsample": 0.5525567821433262}, "datetime": {"datetime": "2024-01-20 15:58:05", "elapsed": 9383.062083, "delta": 0.005786}}
{"target": -10.299283312495326, "params": {"colsample_bytree": 0.5712948131531178, "eta": 0.010801919711398591, "gamma": 981.8755425359284, "max_depth": 5.0, "min_child_weight": 4511.553826606877, "num_boost_round": 29.0, "subsample": 0.5525567821433262}, "datetime": {"datetime": "2024-01-20 15:58:05", "elapsed": 9383.067695, "delta": 0.005612}}
{"target": -10.298449869209765, "params": {"colsample_bytree": 0.9552908157262059, "eta": 0.015199940981773527, "gamma": 861.2073761837405, "max_depth": 6.0, "min_child_weight": 3865.9447970931146, "num_boost_round": 1.0, "subsample": 0.3563813801316903}, "datetime": {"datetime": "2024-01-20 15:59:19", "elapsed": 9457.308743, "delta": 74.241048}}
{"target": -10.298382955351737, "params": {"colsample_bytree": 0.9552908157262059, "eta": 0.015199940981773527, "gamma": 861.2073761837405, "max_depth": 6.0, "min_child_weight": 3865.9447970931146, "num_boost_round": 2.0, "subsample": 0.3563813801316903}, "datetime": {"datetime": "2024-01-20 15:59:19", "elapsed": 9457.318822, "delta": 0.010079}}
{"target": -10.298322424727836, "params": {"colsample_bytree": 0.9552908157262059, "eta": 0.015199940981773527, "gamma": 861.2073761837405, "max_depth": 6.0, "min_child_weight": 3865.9447970931146, "num_boost_round": 3.0, "subsample": 0.3563813801316903}, "datetime": {"datetime": "2024-01-20 15:59:19", "elapsed": 9457.325787, "delta": 0.006965}}
{"target": -10.298306462312794, "params": {"colsample_bytree": 0.9552908157262059, "eta": 0.015199940981773527, "gamma": 861.2073761837405, "max_depth": 6.0, "min_child_weight": 3865.9447970931146, "num_boost_round": 4.0, "subsample": 0.3563813801316903}, "datetime": {"datetime": "2024-01-20 15:59:19", "elapsed": 9457.332586, "delta": 0.006799}}
{"target": -10.298286393505656, "params": {"colsample_bytree": 0.9552908157262059, "eta": 0.015199940981773527, "gamma": 861.2073761837405, "max_depth": 6.0, "min_child_weight": 3865.9447970931146, "num_boost_round": 5.0, "subsample": 0.3563813801316903}, "datetime": {"datetime": "2024-01-20 15:59:19", "elapsed": 9457.339859, "delta": 0.007273}}
{"target": -10.298293075052612, "params": {"colsample_bytree": 0.9552908157262059, "eta": 0.015199940981773527, "gamma": 861.2073761837405, "max_depth": 6.0, "min_child_weight": 3865.9447970931146, "num_boost_round": 6.0, "subsample": 0.3563813801316903}, "datetime": {"datetime": "2024-01-20 15:59:19", "elapsed": 9457.346676, "delta": 0.006817}}
{"target": -10.297797507685072, "params": {"colsample_bytree": 0.39627342101333896, "eta": 0.08161414635878929, "gamma": 596.0254766523216, "max_depth": 8.0, "min_child_weight": 4647.2032551491375, "num_boost_round": 1.0, "subsample": 0.9456064522402425}, "datetime": {"datetime": "2024-01-20 16:00:28", "elapsed": 9526.336128, "delta": 68.989452}}
{"target": -10.298225670654116, "params": {"colsample_bytree": 0.30794596866096047, "eta": 0.030896087028881532, "gamma": 576.3753710581954, "max_depth": 2.0, "min_child_weight": 4702.207997875045, "num_boost_round": 1.0, "subsample": 0.4153122459914914}, "datetime": {"datetime": "2024-01-20 16:01:51", "elapsed": 9609.774757, "delta": 83.438629}}
{"target": -10.298222165918315, "params": {"colsample_bytree": 0.30794596866096047, "eta": 0.030896087028881532, "gamma": 576.3753710581954, "max_depth": 2.0, "min_child_weight": 4702.207997875045, "num_boost_round": 2.0, "subsample": 0.4153122459914914}, "datetime": {"datetime": "2024-01-20 16:01:52", "elapsed": 9609.78638, "delta": 0.011623}}
{"target": -10.298384873366924, "params": {"colsample_bytree": 0.30794596866096047, "eta": 0.030896087028881532, "gamma": 576.3753710581954, "max_depth": 2.0, "min_child_weight": 4702.207997875045, "num_boost_round": 3.0, "subsample": 0.4153122459914914}, "datetime": {"datetime": "2024-01-20 16:01:52", "elapsed": 9609.794464, "delta": 0.008084}}
{"target": -10.298305292853263, "params": {"colsample_bytree": 0.30794596866096047, "eta": 0.030896087028881532, "gamma": 576.3753710581954, "max_depth": 2.0, "min_child_weight": 4702.207997875045, "num_boost_round": 4.0, "subsample": 0.4153122459914914}, "datetime": {"datetime": "2024-01-20 16:01:52", "elapsed": 9609.802032, "delta": 0.007568}}
{"target": -10.298440024044845, "params": {"colsample_bytree": 0.30794596866096047, "eta": 0.030896087028881532, "gamma": 576.3753710581954, "max_depth": 2.0, "min_child_weight": 4702.207997875045, "num_boost_round": 5.0, "subsample": 0.4153122459914914}, "datetime": {"datetime": "2024-01-20 16:01:52", "elapsed": 9609.808945, "delta": 0.006913}}
{"target": -10.298579984446913, "params": {"colsample_bytree": 0.30794596866096047, "eta": 0.030896087028881532, "gamma": 576.3753710581954, "max_depth": 2.0, "min_child_weight": 4702.207997875045, "num_boost_round": 6.0, "subsample": 0.4153122459914914}, "datetime": {"datetime": "2024-01-20 16:01:52", "elapsed": 9609.815669, "delta": 0.006724}}
{"target": -10.298661237975388, "params": {"colsample_bytree": 0.30794596866096047, "eta": 0.030896087028881532, "gamma": 576.3753710581954, "max_depth": 2.0, "min_child_weight": 4702.207997875045, "num_boost_round": 7.0, "subsample": 0.4153122459914914}, "datetime": {"datetime": "2024-01-20 16:01:52", "elapsed": 9609.821714, "delta": 0.006045}}
{"target": -10.298741778185928, "params": {"colsample_bytree": 0.30794596866096047, "eta": 0.030896087028881532, "gamma": 576.3753710581954, "max_depth": 2.0, "min_child_weight": 4702.207997875045, "num_boost_round": 8.0, "subsample": 0.4153122459914914}, "datetime": {"datetime": "2024-01-20 16:01:52", "elapsed": 9609.830276, "delta": 0.008562}}
{"target": -10.298905057882227, "params": {"colsample_bytree": 0.30794596866096047, "eta": 0.030896087028881532, "gamma": 576.3753710581954, "max_depth": 2.0, "min_child_weight": 4702.207997875045, "num_boost_round": 9.0, "subsample": 0.4153122459914914}, "datetime": {"datetime": "2024-01-20 16:01:52", "elapsed": 9609.839884, "delta": 0.009608}}
{"target": -10.299045185306472, "params": {"colsample_bytree": 0.30794596866096047, "eta": 0.030896087028881532, "gamma": 576.3753710581954, "max_depth": 2.0, "min_child_weight": 4702.207997875045, "num_boost_round": 10.0, "subsample": 0.4153122459914914}, "datetime": {"datetime": "2024-01-20 16:01:52", "elapsed": 9609.848767, "delta": 0.008883}}
{"target": -10.298993364223033, "params": {"colsample_bytree": 0.30794596866096047, "eta": 0.030896087028881532, "gamma": 576.3753710581954, "max_depth": 2.0, "min_child_weight": 4702.207997875045, "num_boost_round": 11.0, "subsample": 0.4153122459914914}, "datetime": {"datetime": "2024-01-20 16:01:52", "elapsed": 9609.859143, "delta": 0.010376}}
{"target": -10.299104035746218, "params": {"colsample_bytree": 0.30794596866096047, "eta": 0.030896087028881532, "gamma": 576.3753710581954, "max_depth": 2.0, "min_child_weight": 4702.207997875045, "num_boost_round": 12.0, "subsample": 0.4153122459914914}, "datetime": {"datetime": "2024-01-20 16:01:52", "elapsed": 9609.8683, "delta": 0.009157}}
{"target": -10.298942095628464, "params": {"colsample_bytree": 0.30794596866096047, "eta": 0.030896087028881532, "gamma": 576.3753710581954, "max_depth": 2.0, "min_child_weight": 4702.207997875045, "num_boost_round": 13.0, "subsample": 0.4153122459914914}, "datetime": {"datetime": "2024-01-20 16:01:52", "elapsed": 9609.876275, "delta": 0.007975}}
{"target": -10.298172685062863, "params": {"colsample_bytree": 0.4903356063429395, "eta": 0.03468282313737212, "gamma": 988.8007667945052, "max_depth": 8.0, "min_child_weight": 4462.240134418603, "num_boost_round": 1.0, "subsample": 0.3066957353871373}, "datetime": {"datetime": "2024-01-20 16:03:23", "elapsed": 9701.205026, "delta": 91.328751}}
{"target": -10.29812705598727, "params": {"colsample_bytree": 0.4903356063429395, "eta": 0.03468282313737212, "gamma": 988.8007667945052, "max_depth": 8.0, "min_child_weight": 4462.240134418603, "num_boost_round": 2.0, "subsample": 0.3066957353871373}, "datetime": {"datetime": "2024-01-20 16:03:23", "elapsed": 9701.215869, "delta": 0.010843}}
{"target": -10.298188122717352, "params": {"colsample_bytree": 0.4903356063429395, "eta": 0.03468282313737212, "gamma": 988.8007667945052, "max_depth": 8.0, "min_child_weight": 4462.240134418603, "num_boost_round": 3.0, "subsample": 0.3066957353871373}, "datetime": {"datetime": "2024-01-20 16:03:23", "elapsed": 9701.22338, "delta": 0.007511}}
{"target": -10.298174807902278, "params": {"colsample_bytree": 0.4903356063429395, "eta": 0.03468282313737212, "gamma": 988.8007667945052, "max_depth": 8.0, "min_child_weight": 4462.240134418603, "num_boost_round": 4.0, "subsample": 0.3066957353871373}, "datetime": {"datetime": "2024-01-20 16:03:23", "elapsed": 9701.230594, "delta": 0.007214}}
{"target": -10.298252360601953, "params": {"colsample_bytree": 0.4903356063429395, "eta": 0.03468282313737212, "gamma": 988.8007667945052, "max_depth": 8.0, "min_child_weight": 4462.240134418603, "num_boost_round": 5.0, "subsample": 0.3066957353871373}, "datetime": {"datetime": "2024-01-20 16:03:23", "elapsed": 9701.238109, "delta": 0.007515}}
{"target": -10.298230487639373, "params": {"colsample_bytree": 0.4903356063429395, "eta": 0.03468282313737212, "gamma": 988.8007667945052, "max_depth": 8.0, "min_child_weight": 4462.240134418603, "num_boost_round": 6.0, "subsample": 0.3066957353871373}, "datetime": {"datetime": "2024-01-20 16:03:23", "elapsed": 9701.245272, "delta": 0.007163}}
{"target": -10.298102923160103, "params": {"colsample_bytree": 0.4903356063429395, "eta": 0.03468282313737212, "gamma": 988.8007667945052, "max_depth": 8.0, "min_child_weight": 4462.240134418603, "num_boost_round": 7.0, "subsample": 0.3066957353871373}, "datetime": {"datetime": "2024-01-20 16:03:23", "elapsed": 9701.252461, "delta": 0.007189}}
{"target": -10.298039604668027, "params": {"colsample_bytree": 0.4903356063429395, "eta": 0.03468282313737212, "gamma": 988.8007667945052, "max_depth": 8.0, "min_child_weight": 4462.240134418603, "num_boost_round": 8.0, "subsample": 0.3066957353871373}, "datetime": {"datetime": "2024-01-20 16:03:23", "elapsed": 9701.259837, "delta": 0.007376}}
{"target": -10.298093802439308, "params": {"colsample_bytree": 0.4903356063429395, "eta": 0.03468282313737212, "gamma": 988.8007667945052, "max_depth": 8.0, "min_child_weight": 4462.240134418603, "num_boost_round": 9.0, "subsample": 0.3066957353871373}, "datetime": {"datetime": "2024-01-20 16:03:23", "elapsed": 9701.26708, "delta": 0.007243}}
{"target": -10.298143266120592, "params": {"colsample_bytree": 0.4903356063429395, "eta": 0.03468282313737212, "gamma": 988.8007667945052, "max_depth": 8.0, "min_child_weight": 4462.240134418603, "num_boost_round": 10.0, "subsample": 0.3066957353871373}, "datetime": {"datetime": "2024-01-20 16:03:23", "elapsed": 9701.274953, "delta": 0.007873}}
{"target": -10.29788162736882, "params": {"colsample_bytree": 0.3821238869336939, "eta": 0.07046560693530053, "gamma": 909.9665270082529, "max_depth": 2.0, "min_child_weight": 4323.782050767237, "num_boost_round": 1.0, "subsample": 0.30954972803945124}, "datetime": {"datetime": "2024-01-20 16:04:49", "elapsed": 9787.300226, "delta": 86.025273}}
{"target": -10.297934435627692, "params": {"colsample_bytree": 0.3821238869336939, "eta": 0.07046560693530053, "gamma": 909.9665270082529, "max_depth": 2.0, "min_child_weight": 4323.782050767237, "num_boost_round": 2.0, "subsample": 0.30954972803945124}, "datetime": {"datetime": "2024-01-20 16:04:49", "elapsed": 9787.310705, "delta": 0.010479}}
{"target": -10.298366333169731, "params": {"colsample_bytree": 0.7496747857757599, "eta": 0.07221599770738447, "gamma": 586.6311269645007, "max_depth": 9.0, "min_child_weight": 3738.0853846659284, "num_boost_round": 1.0, "subsample": 0.4866328404293029}, "datetime": {"datetime": "2024-01-20 16:05:58", "elapsed": 9855.88258, "delta": 68.571875}}
{"target": -10.298793055658118, "params": {"colsample_bytree": 0.7496747857757599, "eta": 0.07221599770738447, "gamma": 586.6311269645007, "max_depth": 9.0, "min_child_weight": 3738.0853846659284, "num_boost_round": 2.0, "subsample": 0.4866328404293029}, "datetime": {"datetime": "2024-01-20 16:05:58", "elapsed": 9855.890981, "delta": 0.008401}}
{"target": -10.298939962656842, "params": {"colsample_bytree": 0.7496747857757599, "eta": 0.07221599770738447, "gamma": 586.6311269645007, "max_depth": 9.0, "min_child_weight": 3738.0853846659284, "num_boost_round": 3.0, "subsample": 0.4866328404293029}, "datetime": {"datetime": "2024-01-20 16:05:58", "elapsed": 9855.897009, "delta": 0.006028}}
{"target": -10.299557648303729, "params": {"colsample_bytree": 0.7496747857757599, "eta": 0.07221599770738447, "gamma": 586.6311269645007, "max_depth": 9.0, "min_child_weight": 3738.0853846659284, "num_boost_round": 4.0, "subsample": 0.4866328404293029}, "datetime": {"datetime": "2024-01-20 16:05:58", "elapsed": 9855.902737, "delta": 0.005728}}
{"target": -10.300191060567922, "params": {"colsample_bytree": 0.7496747857757599, "eta": 0.07221599770738447, "gamma": 586.6311269645007, "max_depth": 9.0, "min_child_weight": 3738.0853846659284, "num_boost_round": 5.0, "subsample": 0.4866328404293029}, "datetime": {"datetime": "2024-01-20 16:05:58", "elapsed": 9855.908687, "delta": 0.00595}}
{"target": -10.30086316388346, "params": {"colsample_bytree": 0.7496747857757599, "eta": 0.07221599770738447, "gamma": 586.6311269645007, "max_depth": 9.0, "min_child_weight": 3738.0853846659284, "num_boost_round": 6.0, "subsample": 0.4866328404293029}, "datetime": {"datetime": "2024-01-20 16:05:58", "elapsed": 9855.914613, "delta": 0.005926}}
{"target": -10.301136646804212, "params": {"colsample_bytree": 0.7496747857757599, "eta": 0.07221599770738447, "gamma": 586.6311269645007, "max_depth": 9.0, "min_child_weight": 3738.0853846659284, "num_boost_round": 7.0, "subsample": 0.4866328404293029}, "datetime": {"datetime": "2024-01-20 16:05:58", "elapsed": 9855.920146, "delta": 0.005533}}
{"target": -10.30151587563345, "params": {"colsample_bytree": 0.7496747857757599, "eta": 0.07221599770738447, "gamma": 586.6311269645007, "max_depth": 9.0, "min_child_weight": 3738.0853846659284, "num_boost_round": 8.0, "subsample": 0.4866328404293029}, "datetime": {"datetime": "2024-01-20 16:05:58", "elapsed": 9855.925703, "delta": 0.005557}}
{"target": -10.301902690455934, "params": {"colsample_bytree": 0.7496747857757599, "eta": 0.07221599770738447, "gamma": 586.6311269645007, "max_depth": 9.0, "min_child_weight": 3738.0853846659284, "num_boost_round": 9.0, "subsample": 0.4866328404293029}, "datetime": {"datetime": "2024-01-20 16:05:58", "elapsed": 9855.931482, "delta": 0.005779}}
{"target": -10.298462289886224, "params": {"colsample_bytree": 0.776947429253391, "eta": 0.021603013514229358, "gamma": 523.7475541834457, "max_depth": 5.0, "min_child_weight": 3700.037813738467, "num_boost_round": 1.0, "subsample": 0.5348981045773701}, "datetime": {"datetime": "2024-01-20 16:07:13", "elapsed": 9931.519722, "delta": 75.58824}}
{"target": -10.298489360033495, "params": {"colsample_bytree": 0.776947429253391, "eta": 0.021603013514229358, "gamma": 523.7475541834457, "max_depth": 5.0, "min_child_weight": 3700.037813738467, "num_boost_round": 2.0, "subsample": 0.5348981045773701}, "datetime": {"datetime": "2024-01-20 16:07:13", "elapsed": 9931.526844, "delta": 0.007122}}
{"target": -10.298539662658737, "params": {"colsample_bytree": 0.776947429253391, "eta": 0.021603013514229358, "gamma": 523.7475541834457, "max_depth": 5.0, "min_child_weight": 3700.037813738467, "num_boost_round": 3.0, "subsample": 0.5348981045773701}, "datetime": {"datetime": "2024-01-20 16:07:13", "elapsed": 9931.532761, "delta": 0.005917}}
{"target": -10.2986074174258, "params": {"colsample_bytree": 0.776947429253391, "eta": 0.021603013514229358, "gamma": 523.7475541834457, "max_depth": 5.0, "min_child_weight": 3700.037813738467, "num_boost_round": 4.0, "subsample": 0.5348981045773701}, "datetime": {"datetime": "2024-01-20 16:07:13", "elapsed": 9931.538887, "delta": 0.006126}}
{"target": -10.297970163517746, "params": {"colsample_bytree": 0.28505479596519445, "eta": 0.06713233810645758, "gamma": 586.4346051402517, "max_depth": 7.0, "min_child_weight": 3678.9350043678264, "num_boost_round": 1.0, "subsample": 0.6006610279633916}, "datetime": {"datetime": "2024-01-20 16:09:09", "elapsed": 10047.30836, "delta": 115.769473}}
{"target": -10.298013620707636, "params": {"colsample_bytree": 0.28505479596519445, "eta": 0.06713233810645758, "gamma": 586.4346051402517, "max_depth": 7.0, "min_child_weight": 3678.9350043678264, "num_boost_round": 2.0, "subsample": 0.6006610279633916}, "datetime": {"datetime": "2024-01-20 16:09:09", "elapsed": 10047.316185, "delta": 0.007825}}
{"target": -10.298442373318828, "params": {"colsample_bytree": 0.3662901056062631, "eta": 0.006110642722782178, "gamma": 475.3026522672467, "max_depth": 3.0, "min_child_weight": 3837.6837312331754, "num_boost_round": 1.0, "subsample": 0.14146734825557516}, "datetime": {"datetime": "2024-01-20 16:10:16", "elapsed": 10114.474826, "delta": 67.158641}}
{"target": -10.298429293345233, "params": {"colsample_bytree": 0.3662901056062631, "eta": 0.006110642722782178, "gamma": 475.3026522672467, "max_depth": 3.0, "min_child_weight": 3837.6837312331754, "num_boost_round": 2.0, "subsample": 0.14146734825557516}, "datetime": {"datetime": "2024-01-20 16:10:16", "elapsed": 10114.482813, "delta": 0.007987}}
{"target": -10.298486407690874, "params": {"colsample_bytree": 0.4690978918028855, "eta": 0.017716709114772855, "gamma": 543.8298728934301, "max_depth": 5.0, "min_child_weight": 3610.069300772369, "num_boost_round": 1.0, "subsample": 0.9687661194690041}, "datetime": {"datetime": "2024-01-20 16:11:53", "elapsed": 10211.565208, "delta": 97.082395}}
{"target": -10.298515873617195, "params": {"colsample_bytree": 0.4690978918028855, "eta": 0.017716709114772855, "gamma": 543.8298728934301, "max_depth": 5.0, "min_child_weight": 3610.069300772369, "num_boost_round": 2.0, "subsample": 0.9687661194690041}, "datetime": {"datetime": "2024-01-20 16:11:53", "elapsed": 10211.575315, "delta": 0.010107}}
{"target": -10.298569745955815, "params": {"colsample_bytree": 0.4690978918028855, "eta": 0.017716709114772855, "gamma": 543.8298728934301, "max_depth": 5.0, "min_child_weight": 3610.069300772369, "num_boost_round": 3.0, "subsample": 0.9687661194690041}, "datetime": {"datetime": "2024-01-20 16:11:53", "elapsed": 10211.583524, "delta": 0.008209}}
{"target": -10.298653749216003, "params": {"colsample_bytree": 0.4690978918028855, "eta": 0.017716709114772855, "gamma": 543.8298728934301, "max_depth": 5.0, "min_child_weight": 3610.069300772369, "num_boost_round": 4.0, "subsample": 0.9687661194690041}, "datetime": {"datetime": "2024-01-20 16:11:53", "elapsed": 10211.591284, "delta": 0.00776}}
{"target": -10.298702748929774, "params": {"colsample_bytree": 0.4690978918028855, "eta": 0.017716709114772855, "gamma": 543.8298728934301, "max_depth": 5.0, "min_child_weight": 3610.069300772369, "num_boost_round": 5.0, "subsample": 0.9687661194690041}, "datetime": {"datetime": "2024-01-20 16:11:53", "elapsed": 10211.598126, "delta": 0.006842}}
{"target": -10.298748790870835, "params": {"colsample_bytree": 0.4690978918028855, "eta": 0.017716709114772855, "gamma": 543.8298728934301, "max_depth": 5.0, "min_child_weight": 3610.069300772369, "num_boost_round": 6.0, "subsample": 0.9687661194690041}, "datetime": {"datetime": "2024-01-20 16:11:53", "elapsed": 10211.60505, "delta": 0.006924}}
{"target": -10.298722771168872, "params": {"colsample_bytree": 0.4690978918028855, "eta": 0.017716709114772855, "gamma": 543.8298728934301, "max_depth": 5.0, "min_child_weight": 3610.069300772369, "num_boost_round": 7.0, "subsample": 0.9687661194690041}, "datetime": {"datetime": "2024-01-20 16:11:53", "elapsed": 10211.612023, "delta": 0.006973}}
{"target": -10.29872481268678, "params": {"colsample_bytree": 0.4690978918028855, "eta": 0.017716709114772855, "gamma": 543.8298728934301, "max_depth": 5.0, "min_child_weight": 3610.069300772369, "num_boost_round": 8.0, "subsample": 0.9687661194690041}, "datetime": {"datetime": "2024-01-20 16:11:53", "elapsed": 10211.61868, "delta": 0.006657}}
{"target": -10.298755914440145, "params": {"colsample_bytree": 0.4690978918028855, "eta": 0.017716709114772855, "gamma": 543.8298728934301, "max_depth": 5.0, "min_child_weight": 3610.069300772369, "num_boost_round": 9.0, "subsample": 0.9687661194690041}, "datetime": {"datetime": "2024-01-20 16:11:53", "elapsed": 10211.625568, "delta": 0.006888}}
{"target": -10.298832149435409, "params": {"colsample_bytree": 0.4690978918028855, "eta": 0.017716709114772855, "gamma": 543.8298728934301, "max_depth": 5.0, "min_child_weight": 3610.069300772369, "num_boost_round": 10.0, "subsample": 0.9687661194690041}, "datetime": {"datetime": "2024-01-20 16:11:53", "elapsed": 10211.633059, "delta": 0.007491}}
