{"target": -12.347118170135017, "params": {"colsample_bytree": 0.28069731713721213, "eta": 0.036572063199555166, "gamma": 611.4326404624471, "max_depth": 2.0, "min_child_weight": 4221.861688032641, "num_boost_round": 40.0, "subsample": 0.7816587913529109}, "datetime": {"datetime": "2024-01-20 14:39:10", "elapsed": 916.599654, "delta": 0.001753}}
{"target": -12.346575862552445, "params": {"colsample_bytree": 0.28069731713721213, "eta": 0.036572063199555166, "gamma": 611.4326404624471, "max_depth": 2.0, "min_child_weight": 4221.861688032641, "num_boost_round": 41.0, "subsample": 0.7816587913529109}, "datetime": {"datetime": "2024-01-20 14:39:10", "elapsed": 916.601395, "delta": 0.001741}}
{"target": -12.345587905221002, "params": {"colsample_bytree": 0.28069731713721213, "eta": 0.036572063199555166, "gamma": 611.4326404624471, "max_depth": 2.0, "min_child_weight": 4221.861688032641, "num_boost_round": 42.0, "subsample": 0.7816587913529109}, "datetime": {"datetime": "2024-01-20 14:39:10", "elapsed": 916.603208, "delta": 0.001813}}
{"target": -12.34565185995682, "params": {"colsample_bytree": 0.28069731713721213, "eta": 0.036572063199555166, "gamma": 611.4326404624471, "max_depth": 2.0, "min_child_weight": 4221.861688032641, "num_boost_round": 43.0, "subsample": 0.7816587913529109}, "datetime": {"datetime": "2024-01-20 14:39:10", "elapsed": 916.604958, "delta": 0.00175}}
{"target": -12.345840326198143, "params": {"colsample_bytree": 0.28069731713721213, "eta": 0.036572063199555166, "gamma": 611.4326404624471, "max_depth": 2.0, "min_child_weight": 4221.861688032641, "num_boost_round": 44.0, "subsample": 0.7816587913529109}, "datetime": {"datetime": "2024-01-20 14:39:10", "elapsed": 916.606707, "delta": 0.001749}}
{"target": -12.34591952812237, "params": {"colsample_bytree": 0.28069731713721213, "eta": 0.036572063199555166, "gamma": 611.4326404624471, "max_depth": 2.0, "min_child_weight": 4221.861688032641, "num_boost_round": 45.0, "subsample": 0.7816587913529109}, "datetime": {"datetime": "2024-01-20 14:39:10", "elapsed": 916.608463, "delta": 0.001756}}
{"target": -12.346213440273704, "params": {"colsample_bytree": 0.28069731713721213, "eta": 0.036572063199555166, "gamma": 611.4326404624471, "max_depth": 2.0, "min_child_weight": 4221.861688032641, "num_boost_round": 46.0, "subsample": 0.7816587913529109}, "datetime": {"datetime": "2024-01-20 14:39:10", "elapsed": 916.610223, "delta": 0.00176}}
{"target": -12.346221185711187, "params": {"colsample_bytree": 0.28069731713721213, "eta": 0.036572063199555166, "gamma": 611.4326404624471, "max_depth": 2.0, "min_child_weight": 4221.861688032641, "num_boost_round": 47.0, "subsample": 0.7816587913529109}, "datetime": {"datetime": "2024-01-20 14:39:10", "elapsed": 916.611979, "delta": 0.001756}}
{"target": -12.346531845179918, "params": {"colsample_bytree": 0.28069731713721213, "eta": 0.036572063199555166, "gamma": 611.4326404624471, "max_depth": 2.0, "min_child_weight": 4221.861688032641, "num_boost_round": 48.0, "subsample": 0.7816587913529109}, "datetime": {"datetime": "2024-01-20 14:39:10", "elapsed": 916.613735, "delta": 0.001756}}
{"target": -12.346708192639777, "params": {"colsample_bytree": 0.28069731713721213, "eta": 0.036572063199555166, "gamma": 611.4326404624471, "max_depth": 2.0, "min_child_weight": 4221.861688032641, "num_boost_round": 49.0, "subsample": 0.7816587913529109}, "datetime": {"datetime": "2024-01-20 14:39:10", "elapsed": 916.615517, "delta": 0.001782}}
{"target": -12.346673142763098, "params": {"colsample_bytree": 0.28069731713721213, "eta": 0.036572063199555166, "gamma": 611.4326404624471, "max_depth": 2.0, "min_child_weight": 4221.861688032641, "num_boost_round": 50.0, "subsample": 0.7816587913529109}, "datetime": {"datetime": "2024-01-20 14:39:10", "elapsed": 916.617455, "delta": 0.001938}}
{"target": -12.346701601119262, "params": {"colsample_bytree": 0.28069731713721213, "eta": 0.036572063199555166, "gamma": 611.4326404624471, "max_depth": 2.0, "min_child_weight": 4221.861688032641, "num_boost_round": 51.0, "subsample": 0.7816587913529109}, "datetime": {"datetime": "2024-01-20 14:39:10", "elapsed": 916.619346, "delta": 0.001891}}
{"target": -12.346790689657562, "params": {"colsample_bytree": 0.28069731713721213, "eta": 0.036572063199555166, "gamma": 611.4326404624471, "max_depth": 2.0, "min_child_weight": 4221.861688032641, "num_boost_round": 52.0, "subsample": 0.7816587913529109}, "datetime": {"datetime": "2024-01-20 14:39:10", "elapsed": 916.621332, "delta": 0.001986}}
{"target": -12.346473954809657, "params": {"colsample_bytree": 0.28069731713721213, "eta": 0.036572063199555166, "gamma": 611.4326404624471, "max_depth": 2.0, "min_child_weight": 4221.861688032641, "num_boost_round": 53.0, "subsample": 0.7816587913529109}, "datetime": {"datetime": "2024-01-20 14:39:10", "elapsed": 916.623218, "delta": 0.001886}}
{"target": -12.345896182252531, "params": {"colsample_bytree": 0.28069731713721213, "eta": 0.036572063199555166, "gamma": 611.4326404624471, "max_depth": 2.0, "min_child_weight": 4221.861688032641, "num_boost_round": 54.0, "subsample": 0.7816587913529109}, "datetime": {"datetime": "2024-01-20 14:39:10", "elapsed": 916.624996, "delta": 0.001778}}
{"target": -12.345954500023979, "params": {"colsample_bytree": 0.28069731713721213, "eta": 0.036572063199555166, "gamma": 611.4326404624471, "max_depth": 2.0, "min_child_weight": 4221.861688032641, "num_boost_round": 55.0, "subsample": 0.7816587913529109}, "datetime": {"datetime": "2024-01-20 14:39:10", "elapsed": 916.626767, "delta": 0.001771}}
{"target": -12.35567025361713, "params": {"colsample_bytree": 0.9381298756686134, "eta": 0.054808683698150576, "gamma": 535.4824145871636, "max_depth": 9.0, "min_child_weight": 4247.777932334336, "num_boost_round": 1.0, "subsample": 0.20323235897762237}, "datetime": {"datetime": "2024-01-20 14:39:56", "elapsed": 962.886862, "delta": 46.260095}}
{"target": -12.35336737473847, "params": {"colsample_bytree": 0.9381298756686134, "eta": 0.054808683698150576, "gamma": 535.4824145871636, "max_depth": 9.0, "min_child_weight": 4247.777932334336, "num_boost_round": 2.0, "subsample": 0.20323235897762237}, "datetime": {"datetime": "2024-01-20 14:39:56", "elapsed": 962.889358, "delta": 0.002496}}
{"target": -12.35121598967109, "params": {"colsample_bytree": 0.9381298756686134, "eta": 0.054808683698150576, "gamma": 535.4824145871636, "max_depth": 9.0, "min_child_weight": 4247.777932334336, "num_boost_round": 3.0, "subsample": 0.20323235897762237}, "datetime": {"datetime": "2024-01-20 14:39:56", "elapsed": 962.891328, "delta": 0.00197}}
{"target": -12.349420948708625, "params": {"colsample_bytree": 0.9381298756686134, "eta": 0.054808683698150576, "gamma": 535.4824145871636, "max_depth": 9.0, "min_child_weight": 4247.777932334336, "num_boost_round": 4.0, "subsample": 0.20323235897762237}, "datetime": {"datetime": "2024-01-20 14:39:56", "elapsed": 962.89342, "delta": 0.002092}}
{"target": -12.347924510291625, "params": {"colsample_bytree": 0.9381298756686134, "eta": 0.054808683698150576, "gamma": 535.4824145871636, "max_depth": 9.0, "min_child_weight": 4247.777932334336, "num_boost_round": 5.0, "subsample": 0.20323235897762237}, "datetime": {"datetime": "2024-01-20 14:39:56", "elapsed": 962.895227, "delta": 0.001807}}
{"target": -12.34696903257669, "params": {"colsample_bytree": 0.9381298756686134, "eta": 0.054808683698150576, "gamma": 535.4824145871636, "max_depth": 9.0, "min_child_weight": 4247.777932334336, "num_boost_round": 6.0, "subsample": 0.20323235897762237}, "datetime": {"datetime": "2024-01-20 14:39:56", "elapsed": 962.896973, "delta": 0.001746}}
{"target": -12.34617996333741, "params": {"colsample_bytree": 0.9381298756686134, "eta": 0.054808683698150576, "gamma": 535.4824145871636, "max_depth": 9.0, "min_child_weight": 4247.777932334336, "num_boost_round": 7.0, "subsample": 0.20323235897762237}, "datetime": {"datetime": "2024-01-20 14:39:56", "elapsed": 962.898872, "delta": 0.001899}}
{"target": -12.34515451529943, "params": {"colsample_bytree": 0.9381298756686134, "eta": 0.054808683698150576, "gamma": 535.4824145871636, "max_depth": 9.0, "min_child_weight": 4247.777932334336, "num_boost_round": 8.0, "subsample": 0.20323235897762237}, "datetime": {"datetime": "2024-01-20 14:39:56", "elapsed": 962.900691, "delta": 0.001819}}
{"target": -12.344165596223034, "params": {"colsample_bytree": 0.9381298756686134, "eta": 0.054808683698150576, "gamma": 535.4824145871636, "max_depth": 9.0, "min_child_weight": 4247.777932334336, "num_boost_round": 9.0, "subsample": 0.20323235897762237}, "datetime": {"datetime": "2024-01-20 14:39:56", "elapsed": 962.902491, "delta": 0.0018}}
{"target": -12.343505563979534, "params": {"colsample_bytree": 0.9381298756686134, "eta": 0.054808683698150576, "gamma": 535.4824145871636, "max_depth": 9.0, "min_child_weight": 4247.777932334336, "num_boost_round": 10.0, "subsample": 0.20323235897762237}, "datetime": {"datetime": "2024-01-20 14:39:56", "elapsed": 962.90424, "delta": 0.001749}}
{"target": -12.343090943205766, "params": {"colsample_bytree": 0.9381298756686134, "eta": 0.054808683698150576, "gamma": 535.4824145871636, "max_depth": 9.0, "min_child_weight": 4247.777932334336, "num_boost_round": 11.0, "subsample": 0.20323235897762237}, "datetime": {"datetime": "2024-01-20 14:39:56", "elapsed": 962.906004, "delta": 0.001764}}
{"target": -12.342692201135527, "params": {"colsample_bytree": 0.9381298756686134, "eta": 0.054808683698150576, "gamma": 535.4824145871636, "max_depth": 9.0, "min_child_weight": 4247.777932334336, "num_boost_round": 12.0, "subsample": 0.20323235897762237}, "datetime": {"datetime": "2024-01-20 14:39:56", "elapsed": 962.907786, "delta": 0.001782}}
{"target": -12.34235577385267, "params": {"colsample_bytree": 0.9381298756686134, "eta": 0.054808683698150576, "gamma": 535.4824145871636, "max_depth": 9.0, "min_child_weight": 4247.777932334336, "num_boost_round": 13.0, "subsample": 0.20323235897762237}, "datetime": {"datetime": "2024-01-20 14:39:56", "elapsed": 962.909541, "delta": 0.001755}}
{"target": -12.34249008297509, "params": {"colsample_bytree": 0.9381298756686134, "eta": 0.054808683698150576, "gamma": 535.4824145871636, "max_depth": 9.0, "min_child_weight": 4247.777932334336, "num_boost_round": 14.0, "subsample": 0.20323235897762237}, "datetime": {"datetime": "2024-01-20 14:39:56", "elapsed": 962.911318, "delta": 0.001777}}
{"target": -12.342629463850177, "params": {"colsample_bytree": 0.9381298756686134, "eta": 0.054808683698150576, "gamma": 535.4824145871636, "max_depth": 9.0, "min_child_weight": 4247.777932334336, "num_boost_round": 15.0, "subsample": 0.20323235897762237}, "datetime": {"datetime": "2024-01-20 14:39:56", "elapsed": 962.913078, "delta": 0.00176}}
{"target": -12.34285539356663, "params": {"colsample_bytree": 0.9381298756686134, "eta": 0.054808683698150576, "gamma": 535.4824145871636, "max_depth": 9.0, "min_child_weight": 4247.777932334336, "num_boost_round": 16.0, "subsample": 0.20323235897762237}, "datetime": {"datetime": "2024-01-20 14:39:56", "elapsed": 962.914859, "delta": 0.001781}}
{"target": -12.342750185376063, "params": {"colsample_bytree": 0.9381298756686134, "eta": 0.054808683698150576, "gamma": 535.4824145871636, "max_depth": 9.0, "min_child_weight": 4247.777932334336, "num_boost_round": 17.0, "subsample": 0.20323235897762237}, "datetime": {"datetime": "2024-01-20 14:39:56", "elapsed": 962.916639, "delta": 0.00178}}
{"target": -12.34274252575446, "params": {"colsample_bytree": 0.9381298756686134, "eta": 0.054808683698150576, "gamma": 535.4824145871636, "max_depth": 9.0, "min_child_weight": 4247.777932334336, "num_boost_round": 18.0, "subsample": 0.20323235897762237}, "datetime": {"datetime": "2024-01-20 14:39:56", "elapsed": 962.918597, "delta": 0.001958}}
{"target": -12.342421477035675, "params": {"colsample_bytree": 0.9381298756686134, "eta": 0.054808683698150576, "gamma": 535.4824145871636, "max_depth": 9.0, "min_child_weight": 4247.777932334336, "num_boost_round": 19.0, "subsample": 0.20323235897762237}, "datetime": {"datetime": "2024-01-20 14:39:56", "elapsed": 962.920468, "delta": 0.001871}}
{"target": -12.342668355156047, "params": {"colsample_bytree": 0.9381298756686134, "eta": 0.054808683698150576, "gamma": 535.4824145871636, "max_depth": 9.0, "min_child_weight": 4247.777932334336, "num_boost_round": 20.0, "subsample": 0.20323235897762237}, "datetime": {"datetime": "2024-01-20 14:39:56", "elapsed": 962.922404, "delta": 0.001936}}
{"target": -12.342825560870333, "params": {"colsample_bytree": 0.9381298756686134, "eta": 0.054808683698150576, "gamma": 535.4824145871636, "max_depth": 9.0, "min_child_weight": 4247.777932334336, "num_boost_round": 21.0, "subsample": 0.20323235897762237}, "datetime": {"datetime": "2024-01-20 14:39:56", "elapsed": 962.924309, "delta": 0.001905}}
{"target": -12.343112082216518, "params": {"colsample_bytree": 0.9381298756686134, "eta": 0.054808683698150576, "gamma": 535.4824145871636, "max_depth": 9.0, "min_child_weight": 4247.777932334336, "num_boost_round": 22.0, "subsample": 0.20323235897762237}, "datetime": {"datetime": "2024-01-20 14:39:56", "elapsed": 962.926099, "delta": 0.00179}}
{"target": -12.34308616531137, "params": {"colsample_bytree": 0.9381298756686134, "eta": 0.054808683698150576, "gamma": 535.4824145871636, "max_depth": 9.0, "min_child_weight": 4247.777932334336, "num_boost_round": 23.0, "subsample": 0.20323235897762237}, "datetime": {"datetime": "2024-01-20 14:39:56", "elapsed": 962.92787, "delta": 0.001771}}
{"target": -12.343083855912559, "params": {"colsample_bytree": 0.9381298756686134, "eta": 0.054808683698150576, "gamma": 535.4824145871636, "max_depth": 9.0, "min_child_weight": 4247.777932334336, "num_boost_round": 24.0, "subsample": 0.20323235897762237}, "datetime": {"datetime": "2024-01-20 14:39:56", "elapsed": 962.92965, "delta": 0.00178}}
{"target": -12.343465923413081, "params": {"colsample_bytree": 0.9381298756686134, "eta": 0.054808683698150576, "gamma": 535.4824145871636, "max_depth": 9.0, "min_child_weight": 4247.777932334336, "num_boost_round": 25.0, "subsample": 0.20323235897762237}, "datetime": {"datetime": "2024-01-20 14:39:56", "elapsed": 962.931416, "delta": 0.001766}}
{"target": -12.343453225402449, "params": {"colsample_bytree": 0.9381298756686134, "eta": 0.054808683698150576, "gamma": 535.4824145871636, "max_depth": 9.0, "min_child_weight": 4247.777932334336, "num_boost_round": 26.0, "subsample": 0.20323235897762237}, "datetime": {"datetime": "2024-01-20 14:39:56", "elapsed": 962.933184, "delta": 0.001768}}
{"target": -12.343798369540123, "params": {"colsample_bytree": 0.9381298756686134, "eta": 0.054808683698150576, "gamma": 535.4824145871636, "max_depth": 9.0, "min_child_weight": 4247.777932334336, "num_boost_round": 27.0, "subsample": 0.20323235897762237}, "datetime": {"datetime": "2024-01-20 14:39:56", "elapsed": 962.934964, "delta": 0.00178}}
{"target": -12.343667099214317, "params": {"colsample_bytree": 0.9381298756686134, "eta": 0.054808683698150576, "gamma": 535.4824145871636, "max_depth": 9.0, "min_child_weight": 4247.777932334336, "num_boost_round": 28.0, "subsample": 0.20323235897762237}, "datetime": {"datetime": "2024-01-20 14:39:56", "elapsed": 962.936738, "delta": 0.001774}}
{"target": -12.3436810095709, "params": {"colsample_bytree": 0.9381298756686134, "eta": 0.054808683698150576, "gamma": 535.4824145871636, "max_depth": 9.0, "min_child_weight": 4247.777932334336, "num_boost_round": 29.0, "subsample": 0.20323235897762237}, "datetime": {"datetime": "2024-01-20 14:39:56", "elapsed": 962.938628, "delta": 0.00189}}
{"target": -12.34342040207947, "params": {"colsample_bytree": 0.9381298756686134, "eta": 0.054808683698150576, "gamma": 535.4824145871636, "max_depth": 9.0, "min_child_weight": 4247.777932334336, "num_boost_round": 30.0, "subsample": 0.20323235897762237}, "datetime": {"datetime": "2024-01-20 14:39:56", "elapsed": 962.940419, "delta": 0.001791}}
{"target": -12.343525698601251, "params": {"colsample_bytree": 0.9381298756686134, "eta": 0.054808683698150576, "gamma": 535.4824145871636, "max_depth": 9.0, "min_child_weight": 4247.777932334336, "num_boost_round": 31.0, "subsample": 0.20323235897762237}, "datetime": {"datetime": "2024-01-20 14:39:56", "elapsed": 962.942235, "delta": 0.001816}}
{"target": -12.34402315018431, "params": {"colsample_bytree": 0.9381298756686134, "eta": 0.054808683698150576, "gamma": 535.4824145871636, "max_depth": 9.0, "min_child_weight": 4247.777932334336, "num_boost_round": 32.0, "subsample": 0.20323235897762237}, "datetime": {"datetime": "2024-01-20 14:39:56", "elapsed": 962.944024, "delta": 0.001789}}
{"target": -12.343968011963419, "params": {"colsample_bytree": 0.9381298756686134, "eta": 0.054808683698150576, "gamma": 535.4824145871636, "max_depth": 9.0, "min_child_weight": 4247.777932334336, "num_boost_round": 33.0, "subsample": 0.20323235897762237}, "datetime": {"datetime": "2024-01-20 14:39:56", "elapsed": 962.9458, "delta": 0.001776}}
{"target": -12.344234489437971, "params": {"colsample_bytree": 0.9381298756686134, "eta": 0.054808683698150576, "gamma": 535.4824145871636, "max_depth": 9.0, "min_child_weight": 4247.777932334336, "num_boost_round": 34.0, "subsample": 0.20323235897762237}, "datetime": {"datetime": "2024-01-20 14:39:56", "elapsed": 962.947571, "delta": 0.001771}}
{"target": -12.344259309803466, "params": {"colsample_bytree": 0.9381298756686134, "eta": 0.054808683698150576, "gamma": 535.4824145871636, "max_depth": 9.0, "min_child_weight": 4247.777932334336, "num_boost_round": 35.0, "subsample": 0.20323235897762237}, "datetime": {"datetime": "2024-01-20 14:39:56", "elapsed": 962.94933, "delta": 0.001759}}
{"target": -12.34429894446437, "params": {"colsample_bytree": 0.9381298756686134, "eta": 0.054808683698150576, "gamma": 535.4824145871636, "max_depth": 9.0, "min_child_weight": 4247.777932334336, "num_boost_round": 36.0, "subsample": 0.20323235897762237}, "datetime": {"datetime": "2024-01-20 14:39:56", "elapsed": 962.951122, "delta": 0.001792}}
{"target": -12.344339559337044, "params": {"colsample_bytree": 0.9381298756686134, "eta": 0.054808683698150576, "gamma": 535.4824145871636, "max_depth": 9.0, "min_child_weight": 4247.777932334336, "num_boost_round": 37.0, "subsample": 0.20323235897762237}, "datetime": {"datetime": "2024-01-20 14:39:56", "elapsed": 962.952895, "delta": 0.001773}}
{"target": -12.344758581453352, "params": {"colsample_bytree": 0.9381298756686134, "eta": 0.054808683698150576, "gamma": 535.4824145871636, "max_depth": 9.0, "min_child_weight": 4247.777932334336, "num_boost_round": 38.0, "subsample": 0.20323235897762237}, "datetime": {"datetime": "2024-01-20 14:39:56", "elapsed": 962.954681, "delta": 0.001786}}
{"target": -12.344700947731509, "params": {"colsample_bytree": 0.9381298756686134, "eta": 0.054808683698150576, "gamma": 535.4824145871636, "max_depth": 9.0, "min_child_weight": 4247.777932334336, "num_boost_round": 39.0, "subsample": 0.20323235897762237}, "datetime": {"datetime": "2024-01-20 14:39:56", "elapsed": 962.956474, "delta": 0.001793}}
{"target": -12.345051171656213, "params": {"colsample_bytree": 0.9381298756686134, "eta": 0.054808683698150576, "gamma": 535.4824145871636, "max_depth": 9.0, "min_child_weight": 4247.777932334336, "num_boost_round": 40.0, "subsample": 0.20323235897762237}, "datetime": {"datetime": "2024-01-20 14:39:56", "elapsed": 962.958389, "delta": 0.001915}}
{"target": -12.34536162383557, "params": {"colsample_bytree": 0.9381298756686134, "eta": 0.054808683698150576, "gamma": 535.4824145871636, "max_depth": 9.0, "min_child_weight": 4247.777932334336, "num_boost_round": 41.0, "subsample": 0.20323235897762237}, "datetime": {"datetime": "2024-01-20 14:39:56", "elapsed": 962.960173, "delta": 0.001784}}
{"target": -12.345463536343633, "params": {"colsample_bytree": 0.9381298756686134, "eta": 0.054808683698150576, "gamma": 535.4824145871636, "max_depth": 9.0, "min_child_weight": 4247.777932334336, "num_boost_round": 42.0, "subsample": 0.20323235897762237}, "datetime": {"datetime": "2024-01-20 14:39:56", "elapsed": 962.962028, "delta": 0.001855}}
{"target": -12.34564587747831, "params": {"colsample_bytree": 0.9381298756686134, "eta": 0.054808683698150576, "gamma": 535.4824145871636, "max_depth": 9.0, "min_child_weight": 4247.777932334336, "num_boost_round": 43.0, "subsample": 0.20323235897762237}, "datetime": {"datetime": "2024-01-20 14:39:56", "elapsed": 962.963801, "delta": 0.001773}}
{"target": -12.345918158287562, "params": {"colsample_bytree": 0.9381298756686134, "eta": 0.054808683698150576, "gamma": 535.4824145871636, "max_depth": 9.0, "min_child_weight": 4247.777932334336, "num_boost_round": 44.0, "subsample": 0.20323235897762237}, "datetime": {"datetime": "2024-01-20 14:39:56", "elapsed": 962.965589, "delta": 0.001788}}
{"target": -12.346233220519807, "params": {"colsample_bytree": 0.9381298756686134, "eta": 0.054808683698150576, "gamma": 535.4824145871636, "max_depth": 9.0, "min_child_weight": 4247.777932334336, "num_boost_round": 45.0, "subsample": 0.20323235897762237}, "datetime": {"datetime": "2024-01-20 14:39:56", "elapsed": 962.9674, "delta": 0.001811}}
{"target": -12.346321127556504, "params": {"colsample_bytree": 0.9381298756686134, "eta": 0.054808683698150576, "gamma": 535.4824145871636, "max_depth": 9.0, "min_child_weight": 4247.777932334336, "num_boost_round": 46.0, "subsample": 0.20323235897762237}, "datetime": {"datetime": "2024-01-20 14:39:56", "elapsed": 962.969179, "delta": 0.001779}}
{"target": -12.346268759525389, "params": {"colsample_bytree": 0.9381298756686134, "eta": 0.054808683698150576, "gamma": 535.4824145871636, "max_depth": 9.0, "min_child_weight": 4247.777932334336, "num_boost_round": 47.0, "subsample": 0.20323235897762237}, "datetime": {"datetime": "2024-01-20 14:39:56", "elapsed": 962.970956, "delta": 0.001777}}
