{"target": -10.304263281500907, "params": {"colsample_bytree": 0.41301478454453233, "eta": 0.0524103162147363, "gamma": 529.7822495902168, "max_depth": 5.0, "min_child_weight": 4791.141514484711, "num_boost_round": 73.0, "subsample": 0.2598775461574576}, "datetime": {"datetime": "2024-01-20 16:33:12", "elapsed": 11490.35711, "delta": 0.00809}}
{"target": -10.304433022264826, "params": {"colsample_bytree": 0.41301478454453233, "eta": 0.0524103162147363, "gamma": 529.7822495902168, "max_depth": 5.0, "min_child_weight": 4791.141514484711, "num_boost_round": 74.0, "subsample": 0.2598775461574576}, "datetime": {"datetime": "2024-01-20 16:33:12", "elapsed": 11490.365575, "delta": 0.008465}}
{"target": -10.304429348790338, "params": {"colsample_bytree": 0.41301478454453233, "eta": 0.0524103162147363, "gamma": 529.7822495902168, "max_depth": 5.0, "min_child_weight": 4791.141514484711, "num_boost_round": 75.0, "subsample": 0.2598775461574576}, "datetime": {"datetime": "2024-01-20 16:33:12", "elapsed": 11490.375147, "delta": 0.009572}}
{"target": -10.30449040919788, "params": {"colsample_bytree": 0.41301478454453233, "eta": 0.0524103162147363, "gamma": 529.7822495902168, "max_depth": 5.0, "min_child_weight": 4791.141514484711, "num_boost_round": 76.0, "subsample": 0.2598775461574576}, "datetime": {"datetime": "2024-01-20 16:33:12", "elapsed": 11490.384814, "delta": 0.009667}}
{"target": -10.298230426480387, "params": {"colsample_bytree": 0.7852199466302967, "eta": 0.09125548446228363, "gamma": 576.3908826028755, "max_depth": 5.0, "min_child_weight": 4912.7885484534845, "num_boost_round": 1.0, "subsample": 0.2696542294459305}, "datetime": {"datetime": "2024-01-20 16:34:29", "elapsed": 11567.074242, "delta": 76.689428}}
{"target": -10.298163752218164, "params": {"colsample_bytree": 0.7852199466302967, "eta": 0.09125548446228363, "gamma": 576.3908826028755, "max_depth": 5.0, "min_child_weight": 4912.7885484534845, "num_boost_round": 2.0, "subsample": 0.2696542294459305}, "datetime": {"datetime": "2024-01-20 16:34:29", "elapsed": 11567.084916, "delta": 0.010674}}
{"target": -10.29831853252545, "params": {"colsample_bytree": 0.7852199466302967, "eta": 0.09125548446228363, "gamma": 576.3908826028755, "max_depth": 5.0, "min_child_weight": 4912.7885484534845, "num_boost_round": 3.0, "subsample": 0.2696542294459305}, "datetime": {"datetime": "2024-01-20 16:34:29", "elapsed": 11567.092124, "delta": 0.007208}}
{"target": -10.298591959200287, "params": {"colsample_bytree": 0.7852199466302967, "eta": 0.09125548446228363, "gamma": 576.3908826028755, "max_depth": 5.0, "min_child_weight": 4912.7885484534845, "num_boost_round": 4.0, "subsample": 0.2696542294459305}, "datetime": {"datetime": "2024-01-20 16:34:29", "elapsed": 11567.099153, "delta": 0.007029}}
{"target": -10.298984802752027, "params": {"colsample_bytree": 0.7852199466302967, "eta": 0.09125548446228363, "gamma": 576.3908826028755, "max_depth": 5.0, "min_child_weight": 4912.7885484534845, "num_boost_round": 5.0, "subsample": 0.2696542294459305}, "datetime": {"datetime": "2024-01-20 16:34:29", "elapsed": 11567.105812, "delta": 0.006659}}
{"target": -10.29950128114259, "params": {"colsample_bytree": 0.7852199466302967, "eta": 0.09125548446228363, "gamma": 576.3908826028755, "max_depth": 5.0, "min_child_weight": 4912.7885484534845, "num_boost_round": 6.0, "subsample": 0.2696542294459305}, "datetime": {"datetime": "2024-01-20 16:34:29", "elapsed": 11567.112786, "delta": 0.006974}}
{"target": -10.299790836551825, "params": {"colsample_bytree": 0.7852199466302967, "eta": 0.09125548446228363, "gamma": 576.3908826028755, "max_depth": 5.0, "min_child_weight": 4912.7885484534845, "num_boost_round": 7.0, "subsample": 0.2696542294459305}, "datetime": {"datetime": "2024-01-20 16:34:29", "elapsed": 11567.124501, "delta": 0.011715}}
{"target": -10.300083873976174, "params": {"colsample_bytree": 0.7852199466302967, "eta": 0.09125548446228363, "gamma": 576.3908826028755, "max_depth": 5.0, "min_child_weight": 4912.7885484534845, "num_boost_round": 8.0, "subsample": 0.2696542294459305}, "datetime": {"datetime": "2024-01-20 16:34:29", "elapsed": 11567.131719, "delta": 0.007218}}
{"target": -10.3002768269664, "params": {"colsample_bytree": 0.7852199466302967, "eta": 0.09125548446228363, "gamma": 576.3908826028755, "max_depth": 5.0, "min_child_weight": 4912.7885484534845, "num_boost_round": 9.0, "subsample": 0.2696542294459305}, "datetime": {"datetime": "2024-01-20 16:34:29", "elapsed": 11567.138919, "delta": 0.0072}}
{"target": -10.30041828539216, "params": {"colsample_bytree": 0.7852199466302967, "eta": 0.09125548446228363, "gamma": 576.3908826028755, "max_depth": 5.0, "min_child_weight": 4912.7885484534845, "num_boost_round": 10.0, "subsample": 0.2696542294459305}, "datetime": {"datetime": "2024-01-20 16:34:29", "elapsed": 11567.145989, "delta": 0.00707}}
{"target": -10.300622952434777, "params": {"colsample_bytree": 0.7852199466302967, "eta": 0.09125548446228363, "gamma": 576.3908826028755, "max_depth": 5.0, "min_child_weight": 4912.7885484534845, "num_boost_round": 11.0, "subsample": 0.2696542294459305}, "datetime": {"datetime": "2024-01-20 16:34:29", "elapsed": 11567.152968, "delta": 0.006979}}
{"target": -10.30133020980934, "params": {"colsample_bytree": 0.7852199466302967, "eta": 0.09125548446228363, "gamma": 576.3908826028755, "max_depth": 5.0, "min_child_weight": 4912.7885484534845, "num_boost_round": 12.0, "subsample": 0.2696542294459305}, "datetime": {"datetime": "2024-01-20 16:34:29", "elapsed": 11567.159818, "delta": 0.00685}}
{"target": -10.301781404220508, "params": {"colsample_bytree": 0.7852199466302967, "eta": 0.09125548446228363, "gamma": 576.3908826028755, "max_depth": 5.0, "min_child_weight": 4912.7885484534845, "num_boost_round": 13.0, "subsample": 0.2696542294459305}, "datetime": {"datetime": "2024-01-20 16:34:29", "elapsed": 11567.167032, "delta": 0.007214}}
{"target": -10.301930815800802, "params": {"colsample_bytree": 0.7852199466302967, "eta": 0.09125548446228363, "gamma": 576.3908826028755, "max_depth": 5.0, "min_child_weight": 4912.7885484534845, "num_boost_round": 14.0, "subsample": 0.2696542294459305}, "datetime": {"datetime": "2024-01-20 16:34:29", "elapsed": 11567.174259, "delta": 0.007227}}
{"target": -10.298780487257298, "params": {"colsample_bytree": 0.6347068495391481, "eta": 0.09612528959257396, "gamma": 478.4826022914417, "max_depth": 6.0, "min_child_weight": 3658.5456958301606, "num_boost_round": 1.0, "subsample": 0.9306903728370792}, "datetime": {"datetime": "2024-01-20 16:35:59", "elapsed": 11657.201801, "delta": 90.027542}}
{"target": -10.299298616129771, "params": {"colsample_bytree": 0.6347068495391481, "eta": 0.09612528959257396, "gamma": 478.4826022914417, "max_depth": 6.0, "min_child_weight": 3658.5456958301606, "num_boost_round": 2.0, "subsample": 0.9306903728370792}, "datetime": {"datetime": "2024-01-20 16:35:59", "elapsed": 11657.209556, "delta": 0.007755}}
{"target": -10.299545113038485, "params": {"colsample_bytree": 0.6347068495391481, "eta": 0.09612528959257396, "gamma": 478.4826022914417, "max_depth": 6.0, "min_child_weight": 3658.5456958301606, "num_boost_round": 3.0, "subsample": 0.9306903728370792}, "datetime": {"datetime": "2024-01-20 16:35:59", "elapsed": 11657.216239, "delta": 0.006683}}
{"target": -10.300241972791246, "params": {"colsample_bytree": 0.6347068495391481, "eta": 0.09612528959257396, "gamma": 478.4826022914417, "max_depth": 6.0, "min_child_weight": 3658.5456958301606, "num_boost_round": 4.0, "subsample": 0.9306903728370792}, "datetime": {"datetime": "2024-01-20 16:35:59", "elapsed": 11657.222617, "delta": 0.006378}}
{"target": -10.301119507090938, "params": {"colsample_bytree": 0.6347068495391481, "eta": 0.09612528959257396, "gamma": 478.4826022914417, "max_depth": 6.0, "min_child_weight": 3658.5456958301606, "num_boost_round": 5.0, "subsample": 0.9306903728370792}, "datetime": {"datetime": "2024-01-20 16:35:59", "elapsed": 11657.229056, "delta": 0.006439}}
{"target": -10.301794963802022, "params": {"colsample_bytree": 0.6347068495391481, "eta": 0.09612528959257396, "gamma": 478.4826022914417, "max_depth": 6.0, "min_child_weight": 3658.5456958301606, "num_boost_round": 6.0, "subsample": 0.9306903728370792}, "datetime": {"datetime": "2024-01-20 16:35:59", "elapsed": 11657.237844, "delta": 0.008788}}
{"target": -10.302321941187097, "params": {"colsample_bytree": 0.6347068495391481, "eta": 0.09612528959257396, "gamma": 478.4826022914417, "max_depth": 6.0, "min_child_weight": 3658.5456958301606, "num_boost_round": 7.0, "subsample": 0.9306903728370792}, "datetime": {"datetime": "2024-01-20 16:35:59", "elapsed": 11657.246174, "delta": 0.00833}}
{"target": -10.298448758297344, "params": {"colsample_bytree": 0.9238265748365609, "eta": 0.018150382395029453, "gamma": 612.9473254348859, "max_depth": 7.0, "min_child_weight": 3498.1699046668386, "num_boost_round": 1.0, "subsample": 0.6488087396317405}, "datetime": {"datetime": "2024-01-20 16:37:15", "elapsed": 11733.188642, "delta": 75.942468}}
{"target": -10.29840298155294, "params": {"colsample_bytree": 0.9238265748365609, "eta": 0.018150382395029453, "gamma": 612.9473254348859, "max_depth": 7.0, "min_child_weight": 3498.1699046668386, "num_boost_round": 2.0, "subsample": 0.6488087396317405}, "datetime": {"datetime": "2024-01-20 16:37:15", "elapsed": 11733.198708, "delta": 0.010066}}
{"target": -10.298086117416219, "params": {"colsample_bytree": 0.15651546663455185, "eta": 0.07204320492227632, "gamma": 469.4492672063384, "max_depth": 7.0, "min_child_weight": 4881.319918464854, "num_boost_round": 1.0, "subsample": 0.22676744639523744}, "datetime": {"datetime": "2024-01-20 16:39:17", "elapsed": 11854.937225, "delta": 121.738517}}
{"target": -10.297941059241248, "params": {"colsample_bytree": 0.15651546663455185, "eta": 0.07204320492227632, "gamma": 469.4492672063384, "max_depth": 7.0, "min_child_weight": 4881.319918464854, "num_boost_round": 2.0, "subsample": 0.22676744639523744}, "datetime": {"datetime": "2024-01-20 16:39:17", "elapsed": 11854.946634, "delta": 0.009409}}
{"target": -10.29819253914685, "params": {"colsample_bytree": 0.15651546663455185, "eta": 0.07204320492227632, "gamma": 469.4492672063384, "max_depth": 7.0, "min_child_weight": 4881.319918464854, "num_boost_round": 3.0, "subsample": 0.22676744639523744}, "datetime": {"datetime": "2024-01-20 16:39:17", "elapsed": 11854.955831, "delta": 0.009197}}
{"target": -10.298079814962062, "params": {"colsample_bytree": 0.15651546663455185, "eta": 0.07204320492227632, "gamma": 469.4492672063384, "max_depth": 7.0, "min_child_weight": 4881.319918464854, "num_boost_round": 4.0, "subsample": 0.22676744639523744}, "datetime": {"datetime": "2024-01-20 16:39:17", "elapsed": 11854.963619, "delta": 0.007788}}
{"target": -10.297634190329434, "params": {"colsample_bytree": 0.15651546663455185, "eta": 0.07204320492227632, "gamma": 469.4492672063384, "max_depth": 7.0, "min_child_weight": 4881.319918464854, "num_boost_round": 5.0, "subsample": 0.22676744639523744}, "datetime": {"datetime": "2024-01-20 16:39:17", "elapsed": 11854.971939, "delta": 0.00832}}
{"target": -10.298238003853726, "params": {"colsample_bytree": 0.15651546663455185, "eta": 0.07204320492227632, "gamma": 469.4492672063384, "max_depth": 7.0, "min_child_weight": 4881.319918464854, "num_boost_round": 6.0, "subsample": 0.22676744639523744}, "datetime": {"datetime": "2024-01-20 16:39:17", "elapsed": 11854.980102, "delta": 0.008163}}
{"target": -10.298353215849794, "params": {"colsample_bytree": 0.2222137961602525, "eta": 0.033310630780793785, "gamma": 456.92098184777694, "max_depth": 9.0, "min_child_weight": 4948.992964023073, "num_boost_round": 1.0, "subsample": 0.7090004817974377}, "datetime": {"datetime": "2024-01-20 16:41:10", "elapsed": 11968.274227, "delta": 113.294125}}
{"target": -10.298322200337932, "params": {"colsample_bytree": 0.2222137961602525, "eta": 0.033310630780793785, "gamma": 456.92098184777694, "max_depth": 9.0, "min_child_weight": 4948.992964023073, "num_boost_round": 2.0, "subsample": 0.7090004817974377}, "datetime": {"datetime": "2024-01-20 16:41:10", "elapsed": 11968.282503, "delta": 0.008276}}
{"target": -10.298444434113044, "params": {"colsample_bytree": 0.2222137961602525, "eta": 0.033310630780793785, "gamma": 456.92098184777694, "max_depth": 9.0, "min_child_weight": 4948.992964023073, "num_boost_round": 3.0, "subsample": 0.7090004817974377}, "datetime": {"datetime": "2024-01-20 16:41:11", "elapsed": 11968.788362, "delta": 0.505859}}
{"target": -10.298441423509512, "params": {"colsample_bytree": 0.2222137961602525, "eta": 0.033310630780793785, "gamma": 456.92098184777694, "max_depth": 9.0, "min_child_weight": 4948.992964023073, "num_boost_round": 4.0, "subsample": 0.7090004817974377}, "datetime": {"datetime": "2024-01-20 16:41:11", "elapsed": 11968.79692, "delta": 0.008558}}
{"target": -10.298577319616179, "params": {"colsample_bytree": 0.2222137961602525, "eta": 0.033310630780793785, "gamma": 456.92098184777694, "max_depth": 9.0, "min_child_weight": 4948.992964023073, "num_boost_round": 5.0, "subsample": 0.7090004817974377}, "datetime": {"datetime": "2024-01-20 16:41:11", "elapsed": 11968.804839, "delta": 0.007919}}
{"target": -10.298953518362826, "params": {"colsample_bytree": 0.2222137961602525, "eta": 0.033310630780793785, "gamma": 456.92098184777694, "max_depth": 9.0, "min_child_weight": 4948.992964023073, "num_boost_round": 6.0, "subsample": 0.7090004817974377}, "datetime": {"datetime": "2024-01-20 16:41:11", "elapsed": 11968.811997, "delta": 0.007158}}
{"target": -10.299076706686515, "params": {"colsample_bytree": 0.2222137961602525, "eta": 0.033310630780793785, "gamma": 456.92098184777694, "max_depth": 9.0, "min_child_weight": 4948.992964023073, "num_boost_round": 7.0, "subsample": 0.7090004817974377}, "datetime": {"datetime": "2024-01-20 16:41:11", "elapsed": 11968.819509, "delta": 0.007512}}
{"target": -10.29911016548795, "params": {"colsample_bytree": 0.2222137961602525, "eta": 0.033310630780793785, "gamma": 456.92098184777694, "max_depth": 9.0, "min_child_weight": 4948.992964023073, "num_boost_round": 8.0, "subsample": 0.7090004817974377}, "datetime": {"datetime": "2024-01-20 16:41:11", "elapsed": 11968.826985, "delta": 0.007476}}
{"target": -10.29897090700752, "params": {"colsample_bytree": 0.2222137961602525, "eta": 0.033310630780793785, "gamma": 456.92098184777694, "max_depth": 9.0, "min_child_weight": 4948.992964023073, "num_boost_round": 9.0, "subsample": 0.7090004817974377}, "datetime": {"datetime": "2024-01-20 16:41:11", "elapsed": 11968.834546, "delta": 0.007561}}
{"target": -10.299045720480327, "params": {"colsample_bytree": 0.2222137961602525, "eta": 0.033310630780793785, "gamma": 456.92098184777694, "max_depth": 9.0, "min_child_weight": 4948.992964023073, "num_boost_round": 10.0, "subsample": 0.7090004817974377}, "datetime": {"datetime": "2024-01-20 16:41:11", "elapsed": 11968.841961, "delta": 0.007415}}
{"target": -10.298905348652134, "params": {"colsample_bytree": 0.2222137961602525, "eta": 0.033310630780793785, "gamma": 456.92098184777694, "max_depth": 9.0, "min_child_weight": 4948.992964023073, "num_boost_round": 11.0, "subsample": 0.7090004817974377}, "datetime": {"datetime": "2024-01-20 16:41:11", "elapsed": 11968.849387, "delta": 0.007426}}
{"target": -10.298908786531875, "params": {"colsample_bytree": 0.2222137961602525, "eta": 0.033310630780793785, "gamma": 456.92098184777694, "max_depth": 9.0, "min_child_weight": 4948.992964023073, "num_boost_round": 12.0, "subsample": 0.7090004817974377}, "datetime": {"datetime": "2024-01-20 16:41:11", "elapsed": 11968.856601, "delta": 0.007214}}
{"target": -10.29877745261538, "params": {"colsample_bytree": 0.2222137961602525, "eta": 0.033310630780793785, "gamma": 456.92098184777694, "max_depth": 9.0, "min_child_weight": 4948.992964023073, "num_boost_round": 13.0, "subsample": 0.7090004817974377}, "datetime": {"datetime": "2024-01-20 16:41:11", "elapsed": 11968.863801, "delta": 0.0072}}
{"target": -10.298894227791916, "params": {"colsample_bytree": 0.2222137961602525, "eta": 0.033310630780793785, "gamma": 456.92098184777694, "max_depth": 9.0, "min_child_weight": 4948.992964023073, "num_boost_round": 14.0, "subsample": 0.7090004817974377}, "datetime": {"datetime": "2024-01-20 16:41:11", "elapsed": 11968.871222, "delta": 0.007421}}
{"target": -10.299076548766596, "params": {"colsample_bytree": 0.2222137961602525, "eta": 0.033310630780793785, "gamma": 456.92098184777694, "max_depth": 9.0, "min_child_weight": 4948.992964023073, "num_boost_round": 15.0, "subsample": 0.7090004817974377}, "datetime": {"datetime": "2024-01-20 16:41:11", "elapsed": 11968.8798, "delta": 0.008578}}
{"target": -10.299076629884464, "params": {"colsample_bytree": 0.2222137961602525, "eta": 0.033310630780793785, "gamma": 456.92098184777694, "max_depth": 9.0, "min_child_weight": 4948.992964023073, "num_boost_round": 16.0, "subsample": 0.7090004817974377}, "datetime": {"datetime": "2024-01-20 16:41:11", "elapsed": 11968.887057, "delta": 0.007257}}
{"target": -10.299211543904992, "params": {"colsample_bytree": 0.2222137961602525, "eta": 0.033310630780793785, "gamma": 456.92098184777694, "max_depth": 9.0, "min_child_weight": 4948.992964023073, "num_boost_round": 17.0, "subsample": 0.7090004817974377}, "datetime": {"datetime": "2024-01-20 16:41:11", "elapsed": 11968.894273, "delta": 0.007216}}
{"target": -10.299331277787616, "params": {"colsample_bytree": 0.2222137961602525, "eta": 0.033310630780793785, "gamma": 456.92098184777694, "max_depth": 9.0, "min_child_weight": 4948.992964023073, "num_boost_round": 18.0, "subsample": 0.7090004817974377}, "datetime": {"datetime": "2024-01-20 16:41:11", "elapsed": 11968.900872, "delta": 0.006599}}
{"target": -10.29842658473866, "params": {"colsample_bytree": 0.6559763082943796, "eta": 0.09046886295125954, "gamma": 483.3513652132869, "max_depth": 4.0, "min_child_weight": 4833.691968434833, "num_boost_round": 1.0, "subsample": 0.5414307611606839}, "datetime": {"datetime": "2024-01-20 16:42:27", "elapsed": 12045.644575, "delta": 76.743703}}
{"target": -10.299017764781864, "params": {"colsample_bytree": 0.6559763082943796, "eta": 0.09046886295125954, "gamma": 483.3513652132869, "max_depth": 4.0, "min_child_weight": 4833.691968434833, "num_boost_round": 2.0, "subsample": 0.5414307611606839}, "datetime": {"datetime": "2024-01-20 16:42:27", "elapsed": 12045.655135, "delta": 0.01056}}
{"target": -10.299408224355746, "params": {"colsample_bytree": 0.6559763082943796, "eta": 0.09046886295125954, "gamma": 483.3513652132869, "max_depth": 4.0, "min_child_weight": 4833.691968434833, "num_boost_round": 3.0, "subsample": 0.5414307611606839}, "datetime": {"datetime": "2024-01-20 16:42:27", "elapsed": 12045.661323, "delta": 0.006188}}
{"target": -10.299960930969835, "params": {"colsample_bytree": 0.6559763082943796, "eta": 0.09046886295125954, "gamma": 483.3513652132869, "max_depth": 4.0, "min_child_weight": 4833.691968434833, "num_boost_round": 4.0, "subsample": 0.5414307611606839}, "datetime": {"datetime": "2024-01-20 16:42:27", "elapsed": 12045.666829, "delta": 0.005506}}
{"target": -10.300667607251786, "params": {"colsample_bytree": 0.6559763082943796, "eta": 0.09046886295125954, "gamma": 483.3513652132869, "max_depth": 4.0, "min_child_weight": 4833.691968434833, "num_boost_round": 5.0, "subsample": 0.5414307611606839}, "datetime": {"datetime": "2024-01-20 16:42:27", "elapsed": 12045.671555, "delta": 0.004726}}
{"target": -10.30135443231394, "params": {"colsample_bytree": 0.6559763082943796, "eta": 0.09046886295125954, "gamma": 483.3513652132869, "max_depth": 4.0, "min_child_weight": 4833.691968434833, "num_boost_round": 6.0, "subsample": 0.5414307611606839}, "datetime": {"datetime": "2024-01-20 16:42:27", "elapsed": 12045.676176, "delta": 0.004621}}
{"target": -10.30186100988332, "params": {"colsample_bytree": 0.6559763082943796, "eta": 0.09046886295125954, "gamma": 483.3513652132869, "max_depth": 4.0, "min_child_weight": 4833.691968434833, "num_boost_round": 7.0, "subsample": 0.5414307611606839}, "datetime": {"datetime": "2024-01-20 16:42:27", "elapsed": 12045.680773, "delta": 0.004597}}
{"target": -10.30251514491413, "params": {"colsample_bytree": 0.6559763082943796, "eta": 0.09046886295125954, "gamma": 483.3513652132869, "max_depth": 4.0, "min_child_weight": 4833.691968434833, "num_boost_round": 8.0, "subsample": 0.5414307611606839}, "datetime": {"datetime": "2024-01-20 16:42:27", "elapsed": 12045.68575, "delta": 0.004977}}
{"target": -10.30362188386874, "params": {"colsample_bytree": 0.6559763082943796, "eta": 0.09046886295125954, "gamma": 483.3513652132869, "max_depth": 4.0, "min_child_weight": 4833.691968434833, "num_boost_round": 9.0, "subsample": 0.5414307611606839}, "datetime": {"datetime": "2024-01-20 16:42:27", "elapsed": 12045.69046, "delta": 0.00471}}
{"target": -10.304288323656163, "params": {"colsample_bytree": 0.6559763082943796, "eta": 0.09046886295125954, "gamma": 483.3513652132869, "max_depth": 4.0, "min_child_weight": 4833.691968434833, "num_boost_round": 10.0, "subsample": 0.5414307611606839}, "datetime": {"datetime": "2024-01-20 16:42:27", "elapsed": 12045.695233, "delta": 0.004773}}
{"target": -10.304661592357, "params": {"colsample_bytree": 0.6559763082943796, "eta": 0.09046886295125954, "gamma": 483.3513652132869, "max_depth": 4.0, "min_child_weight": 4833.691968434833, "num_boost_round": 11.0, "subsample": 0.5414307611606839}, "datetime": {"datetime": "2024-01-20 16:42:27", "elapsed": 12045.700087, "delta": 0.004854}}
{"target": -10.305181141808827, "params": {"colsample_bytree": 0.6559763082943796, "eta": 0.09046886295125954, "gamma": 483.3513652132869, "max_depth": 4.0, "min_child_weight": 4833.691968434833, "num_boost_round": 12.0, "subsample": 0.5414307611606839}, "datetime": {"datetime": "2024-01-20 16:42:27", "elapsed": 12045.704944, "delta": 0.004857}}
