{"target": -13.504970412186506, "params": {"colsample_bytree": 0.5939321535345923, "eta": 0.07152178474357823, "gamma": 602.7633760716438, "max_depth": 6.0, "min_child_weight": 4237.124338589708, "num_boost_round": 64.0, "subsample": 0.49382849013642327}, "datetime": {"datetime": "2024-01-20 14:24:06", "elapsed": 0.020177, "delta": 0.000202}}
{"target": -13.505146742629275, "params": {"colsample_bytree": 0.5939321535345923, "eta": 0.07152178474357823, "gamma": 602.7633760716438, "max_depth": 6.0, "min_child_weight": 4237.124338589708, "num_boost_round": 65.0, "subsample": 0.49382849013642327}, "datetime": {"datetime": "2024-01-20 14:24:06", "elapsed": 0.020385, "delta": 0.000208}}
{"target": -13.505120944640666, "params": {"colsample_bytree": 0.5939321535345923, "eta": 0.07152178474357823, "gamma": 602.7633760716438, "max_depth": 6.0, "min_child_weight": 4237.124338589708, "num_boost_round": 66.0, "subsample": 0.49382849013642327}, "datetime": {"datetime": "2024-01-20 14:24:06", "elapsed": 0.020595, "delta": 0.00021}}
{"target": -13.505238001537833, "params": {"colsample_bytree": 0.5939321535345923, "eta": 0.07152178474357823, "gamma": 602.7633760716438, "max_depth": 6.0, "min_child_weight": 4237.124338589708, "num_boost_round": 67.0, "subsample": 0.49382849013642327}, "datetime": {"datetime": "2024-01-20 14:24:06", "elapsed": 0.020804, "delta": 0.000209}}
{"target": -13.505104770910734, "params": {"colsample_bytree": 0.5939321535345923, "eta": 0.07152178474357823, "gamma": 602.7633760716438, "max_depth": 6.0, "min_child_weight": 4237.124338589708, "num_boost_round": 68.0, "subsample": 0.49382849013642327}, "datetime": {"datetime": "2024-01-20 14:24:06", "elapsed": 0.021034, "delta": 0.00023}}
{"target": -13.505365307110994, "params": {"colsample_bytree": 0.5939321535345923, "eta": 0.07152178474357823, "gamma": 602.7633760716438, "max_depth": 6.0, "min_child_weight": 4237.124338589708, "num_boost_round": 69.0, "subsample": 0.49382849013642327}, "datetime": {"datetime": "2024-01-20 14:24:06", "elapsed": 0.021252, "delta": 0.000218}}
{"target": -13.505534459004512, "params": {"colsample_bytree": 0.5939321535345923, "eta": 0.07152178474357823, "gamma": 602.7633760716438, "max_depth": 6.0, "min_child_weight": 4237.124338589708, "num_boost_round": 70.0, "subsample": 0.49382849013642327}, "datetime": {"datetime": "2024-01-20 14:24:06", "elapsed": 0.021469, "delta": 0.000217}}
{"target": -13.50559299592032, "params": {"colsample_bytree": 0.5939321535345923, "eta": 0.07152178474357823, "gamma": 602.7633760716438, "max_depth": 6.0, "min_child_weight": 4237.124338589708, "num_boost_round": 71.0, "subsample": 0.49382849013642327}, "datetime": {"datetime": "2024-01-20 14:24:06", "elapsed": 0.021682, "delta": 0.000213}}
{"target": -13.50583381756693, "params": {"colsample_bytree": 0.5939321535345923, "eta": 0.07152178474357823, "gamma": 602.7633760716438, "max_depth": 6.0, "min_child_weight": 4237.124338589708, "num_boost_round": 72.0, "subsample": 0.49382849013642327}, "datetime": {"datetime": "2024-01-20 14:24:06", "elapsed": 0.021904, "delta": 0.000222}}
{"target": -13.505849798834443, "params": {"colsample_bytree": 0.5939321535345923, "eta": 0.07152178474357823, "gamma": 602.7633760716438, "max_depth": 6.0, "min_child_weight": 4237.124338589708, "num_boost_round": 73.0, "subsample": 0.49382849013642327}, "datetime": {"datetime": "2024-01-20 14:24:06", "elapsed": 0.022121, "delta": 0.000217}}
{"target": -13.50588103375928, "params": {"colsample_bytree": 0.5939321535345923, "eta": 0.07152178474357823, "gamma": 602.7633760716438, "max_depth": 6.0, "min_child_weight": 4237.124338589708, "num_boost_round": 74.0, "subsample": 0.49382849013642327}, "datetime": {"datetime": "2024-01-20 14:24:06", "elapsed": 0.022335, "delta": 0.000214}}
{"target": -13.505957180925078, "params": {"colsample_bytree": 0.5939321535345923, "eta": 0.07152178474357823, "gamma": 602.7633760716438, "max_depth": 6.0, "min_child_weight": 4237.124338589708, "num_boost_round": 75.0, "subsample": 0.49382849013642327}, "datetime": {"datetime": "2024-01-20 14:24:06", "elapsed": 0.02255, "delta": 0.000215}}
{"target": -13.50596421420825, "params": {"colsample_bytree": 0.5939321535345923, "eta": 0.07152178474357823, "gamma": 602.7633760716438, "max_depth": 6.0, "min_child_weight": 4237.124338589708, "num_boost_round": 76.0, "subsample": 0.49382849013642327}, "datetime": {"datetime": "2024-01-20 14:24:06", "elapsed": 0.022767, "delta": 0.000217}}
{"target": -13.505940885816214, "params": {"colsample_bytree": 0.5939321535345923, "eta": 0.07152178474357823, "gamma": 602.7633760716438, "max_depth": 6.0, "min_child_weight": 4237.124338589708, "num_boost_round": 77.0, "subsample": 0.49382849013642327}, "datetime": {"datetime": "2024-01-20 14:24:06", "elapsed": 0.023002, "delta": 0.000235}}
{"target": -13.505970380884184, "params": {"colsample_bytree": 0.5939321535345923, "eta": 0.07152178474357823, "gamma": 602.7633760716438, "max_depth": 6.0, "min_child_weight": 4237.124338589708, "num_boost_round": 78.0, "subsample": 0.49382849013642327}, "datetime": {"datetime": "2024-01-20 14:24:06", "elapsed": 0.02323, "delta": 0.000228}}
{"target": -13.506037077989806, "params": {"colsample_bytree": 0.5939321535345923, "eta": 0.07152178474357823, "gamma": 602.7633760716438, "max_depth": 6.0, "min_child_weight": 4237.124338589708, "num_boost_round": 79.0, "subsample": 0.49382849013642327}, "datetime": {"datetime": "2024-01-20 14:24:06", "elapsed": 0.023456, "delta": 0.000226}}
{"target": -13.506355296301518, "params": {"colsample_bytree": 0.5939321535345923, "eta": 0.07152178474357823, "gamma": 602.7633760716438, "max_depth": 6.0, "min_child_weight": 4237.124338589708, "num_boost_round": 80.0, "subsample": 0.49382849013642327}, "datetime": {"datetime": "2024-01-20 14:24:06", "elapsed": 0.023688, "delta": 0.000232}}
{"target": -13.506416461100795, "params": {"colsample_bytree": 0.5939321535345923, "eta": 0.07152178474357823, "gamma": 602.7633760716438, "max_depth": 6.0, "min_child_weight": 4237.124338589708, "num_boost_round": 81.0, "subsample": 0.49382849013642327}, "datetime": {"datetime": "2024-01-20 14:24:06", "elapsed": 0.02396, "delta": 0.000272}}
{"target": -13.506640009594602, "params": {"colsample_bytree": 0.5939321535345923, "eta": 0.07152178474357823, "gamma": 602.7633760716438, "max_depth": 6.0, "min_child_weight": 4237.124338589708, "num_boost_round": 82.0, "subsample": 0.49382849013642327}, "datetime": {"datetime": "2024-01-20 14:24:06", "elapsed": 0.024234, "delta": 0.000274}}
{"target": -13.506643432694549, "params": {"colsample_bytree": 0.5939321535345923, "eta": 0.07152178474357823, "gamma": 602.7633760716438, "max_depth": 6.0, "min_child_weight": 4237.124338589708, "num_boost_round": 83.0, "subsample": 0.49382849013642327}, "datetime": {"datetime": "2024-01-20 14:24:06", "elapsed": 0.024499, "delta": 0.000265}}
{"target": -13.50684209969048, "params": {"colsample_bytree": 0.5939321535345923, "eta": 0.07152178474357823, "gamma": 602.7633760716438, "max_depth": 6.0, "min_child_weight": 4237.124338589708, "num_boost_round": 84.0, "subsample": 0.49382849013642327}, "datetime": {"datetime": "2024-01-20 14:24:06", "elapsed": 0.024738, "delta": 0.000239}}
{"target": -13.507123856640156, "params": {"colsample_bytree": 0.5939321535345923, "eta": 0.07152178474357823, "gamma": 602.7633760716438, "max_depth": 6.0, "min_child_weight": 4237.124338589708, "num_boost_round": 85.0, "subsample": 0.49382849013642327}, "datetime": {"datetime": "2024-01-20 14:24:06", "elapsed": 0.024985, "delta": 0.000247}}
{"target": -13.507283264084277, "params": {"colsample_bytree": 0.5939321535345923, "eta": 0.07152178474357823, "gamma": 602.7633760716438, "max_depth": 6.0, "min_child_weight": 4237.124338589708, "num_boost_round": 86.0, "subsample": 0.49382849013642327}, "datetime": {"datetime": "2024-01-20 14:24:06", "elapsed": 0.025228, "delta": 0.000243}}
{"target": -13.507480435618358, "params": {"colsample_bytree": 0.5939321535345923, "eta": 0.07152178474357823, "gamma": 602.7633760716438, "max_depth": 6.0, "min_child_weight": 4237.124338589708, "num_boost_round": 87.0, "subsample": 0.49382849013642327}, "datetime": {"datetime": "2024-01-20 14:24:06", "elapsed": 0.025468, "delta": 0.00024}}
{"target": -13.507503763977876, "params": {"colsample_bytree": 0.5939321535345923, "eta": 0.07152178474357823, "gamma": 602.7633760716438, "max_depth": 6.0, "min_child_weight": 4237.124338589708, "num_boost_round": 88.0, "subsample": 0.49382849013642327}, "datetime": {"datetime": "2024-01-20 14:24:06", "elapsed": 0.025706, "delta": 0.000238}}
{"target": -13.507837339422561, "params": {"colsample_bytree": 0.5939321535345923, "eta": 0.07152178474357823, "gamma": 602.7633760716438, "max_depth": 6.0, "min_child_weight": 4237.124338589708, "num_boost_round": 89.0, "subsample": 0.49382849013642327}, "datetime": {"datetime": "2024-01-20 14:24:06", "elapsed": 0.025955, "delta": 0.000249}}
{"target": -13.508047655058856, "params": {"colsample_bytree": 0.5939321535345923, "eta": 0.07152178474357823, "gamma": 602.7633760716438, "max_depth": 6.0, "min_child_weight": 4237.124338589708, "num_boost_round": 90.0, "subsample": 0.49382849013642327}, "datetime": {"datetime": "2024-01-20 14:24:06", "elapsed": 0.02621, "delta": 0.000255}}
{"target": -13.508120001933268, "params": {"colsample_bytree": 0.5939321535345923, "eta": 0.07152178474357823, "gamma": 602.7633760716438, "max_depth": 6.0, "min_child_weight": 4237.124338589708, "num_boost_round": 91.0, "subsample": 0.49382849013642327}, "datetime": {"datetime": "2024-01-20 14:24:06", "elapsed": 0.026459, "delta": 0.000249}}
{"target": -13.508270559155449, "params": {"colsample_bytree": 0.5939321535345923, "eta": 0.07152178474357823, "gamma": 602.7633760716438, "max_depth": 6.0, "min_child_weight": 4237.124338589708, "num_boost_round": 92.0, "subsample": 0.49382849013642327}, "datetime": {"datetime": "2024-01-20 14:24:06", "elapsed": 0.026726, "delta": 0.000267}}
{"target": -13.50854788275474, "params": {"colsample_bytree": 0.5939321535345923, "eta": 0.07152178474357823, "gamma": 602.7633760716438, "max_depth": 6.0, "min_child_weight": 4237.124338589708, "num_boost_round": 93.0, "subsample": 0.49382849013642327}, "datetime": {"datetime": "2024-01-20 14:24:06", "elapsed": 0.027015, "delta": 0.000289}}
{"target": -13.508661780198034, "params": {"colsample_bytree": 0.5939321535345923, "eta": 0.07152178474357823, "gamma": 602.7633760716438, "max_depth": 6.0, "min_child_weight": 4237.124338589708, "num_boost_round": 94.0, "subsample": 0.49382849013642327}, "datetime": {"datetime": "2024-01-20 14:24:06", "elapsed": 0.027273, "delta": 0.000258}}
{"target": -13.508781031889958, "params": {"colsample_bytree": 0.5939321535345923, "eta": 0.07152178474357823, "gamma": 602.7633760716438, "max_depth": 6.0, "min_child_weight": 4237.124338589708, "num_boost_round": 95.0, "subsample": 0.49382849013642327}, "datetime": {"datetime": "2024-01-20 14:24:06", "elapsed": 0.027543, "delta": 0.00027}}
{"target": -13.508807737881742, "params": {"colsample_bytree": 0.5939321535345923, "eta": 0.07152178474357823, "gamma": 602.7633760716438, "max_depth": 6.0, "min_child_weight": 4237.124338589708, "num_boost_round": 96.0, "subsample": 0.49382849013642327}, "datetime": {"datetime": "2024-01-20 14:24:06", "elapsed": 0.027829, "delta": 0.000286}}
{"target": -13.509137502408048, "params": {"colsample_bytree": 0.5939321535345923, "eta": 0.07152178474357823, "gamma": 602.7633760716438, "max_depth": 6.0, "min_child_weight": 4237.124338589708, "num_boost_round": 97.0, "subsample": 0.49382849013642327}, "datetime": {"datetime": "2024-01-20 14:24:06", "elapsed": 0.028165, "delta": 0.000336}}
{"target": -13.509351348675377, "params": {"colsample_bytree": 0.5939321535345923, "eta": 0.07152178474357823, "gamma": 602.7633760716438, "max_depth": 6.0, "min_child_weight": 4237.124338589708, "num_boost_round": 98.0, "subsample": 0.49382849013642327}, "datetime": {"datetime": "2024-01-20 14:24:06", "elapsed": 0.028455, "delta": 0.00029}}
{"target": -13.509551786844892, "params": {"colsample_bytree": 0.5939321535345923, "eta": 0.07152178474357823, "gamma": 602.7633760716438, "max_depth": 6.0, "min_child_weight": 4237.124338589708, "num_boost_round": 99.0, "subsample": 0.49382849013642327}, "datetime": {"datetime": "2024-01-20 14:24:06", "elapsed": 0.028766, "delta": 0.000311}}
{"target": -13.509699424847302, "params": {"colsample_bytree": 0.5939321535345923, "eta": 0.07152178474357823, "gamma": 602.7633760716438, "max_depth": 6.0, "min_child_weight": 4237.124338589708, "num_boost_round": 100.0, "subsample": 0.49382849013642327}, "datetime": {"datetime": "2024-01-20 14:24:06", "elapsed": 0.029065, "delta": 0.000299}}
{"target": -13.509866783852617, "params": {"colsample_bytree": 0.5939321535345923, "eta": 0.07152178474357823, "gamma": 602.7633760716438, "max_depth": 6.0, "min_child_weight": 4237.124338589708, "num_boost_round": 101.0, "subsample": 0.49382849013642327}, "datetime": {"datetime": "2024-01-20 14:24:06", "elapsed": 0.029336, "delta": 0.000271}}
{"target": -13.509934527779322, "params": {"colsample_bytree": 0.5939321535345923, "eta": 0.07152178474357823, "gamma": 602.7633760716438, "max_depth": 6.0, "min_child_weight": 4237.124338589708, "num_boost_round": 102.0, "subsample": 0.49382849013642327}, "datetime": {"datetime": "2024-01-20 14:24:06", "elapsed": 0.029596, "delta": 0.00026}}
{"target": -13.510037634966334, "params": {"colsample_bytree": 0.5939321535345923, "eta": 0.07152178474357823, "gamma": 602.7633760716438, "max_depth": 6.0, "min_child_weight": 4237.124338589708, "num_boost_round": 103.0, "subsample": 0.49382849013642327}, "datetime": {"datetime": "2024-01-20 14:24:06", "elapsed": 0.02986, "delta": 0.000264}}
{"target": -13.510100549215068, "params": {"colsample_bytree": 0.5939321535345923, "eta": 0.07152178474357823, "gamma": 602.7633760716438, "max_depth": 6.0, "min_child_weight": 4237.124338589708, "num_boost_round": 104.0, "subsample": 0.49382849013642327}, "datetime": {"datetime": "2024-01-20 14:24:06", "elapsed": 0.030121, "delta": 0.000261}}
{"target": -13.51033227770609, "params": {"colsample_bytree": 0.5939321535345923, "eta": 0.07152178474357823, "gamma": 602.7633760716438, "max_depth": 6.0, "min_child_weight": 4237.124338589708, "num_boost_round": 105.0, "subsample": 0.49382849013642327}, "datetime": {"datetime": "2024-01-20 14:24:06", "elapsed": 0.030389, "delta": 0.000268}}
{"target": -13.510395436367265, "params": {"colsample_bytree": 0.5939321535345923, "eta": 0.07152178474357823, "gamma": 602.7633760716438, "max_depth": 6.0, "min_child_weight": 4237.124338589708, "num_boost_round": 106.0, "subsample": 0.49382849013642327}, "datetime": {"datetime": "2024-01-20 14:24:06", "elapsed": 0.030777, "delta": 0.000388}}
{"target": -13.510477868128863, "params": {"colsample_bytree": 0.5939321535345923, "eta": 0.07152178474357823, "gamma": 602.7633760716438, "max_depth": 6.0, "min_child_weight": 4237.124338589708, "num_boost_round": 107.0, "subsample": 0.49382849013642327}, "datetime": {"datetime": "2024-01-20 14:24:06", "elapsed": 0.031098, "delta": 0.000321}}
{"target": -13.510425589626326, "params": {"colsample_bytree": 0.5939321535345923, "eta": 0.07152178474357823, "gamma": 602.7633760716438, "max_depth": 6.0, "min_child_weight": 4237.124338589708, "num_boost_round": 108.0, "subsample": 0.49382849013642327}, "datetime": {"datetime": "2024-01-20 14:24:06", "elapsed": 0.031657, "delta": 0.000559}}
{"target": -13.510591842052925, "params": {"colsample_bytree": 0.5939321535345923, "eta": 0.07152178474357823, "gamma": 602.7633760716438, "max_depth": 6.0, "min_child_weight": 4237.124338589708, "num_boost_round": 109.0, "subsample": 0.49382849013642327}, "datetime": {"datetime": "2024-01-20 14:24:06", "elapsed": 0.032099, "delta": 0.000442}}
{"target": -13.510798810324069, "params": {"colsample_bytree": 0.5939321535345923, "eta": 0.07152178474357823, "gamma": 602.7633760716438, "max_depth": 6.0, "min_child_weight": 4237.124338589708, "num_boost_round": 110.0, "subsample": 0.49382849013642327}, "datetime": {"datetime": "2024-01-20 14:24:06", "elapsed": 0.032645, "delta": 0.000546}}
{"target": -13.510657977039001, "params": {"colsample_bytree": 0.5939321535345923, "eta": 0.07152178474357823, "gamma": 602.7633760716438, "max_depth": 6.0, "min_child_weight": 4237.124338589708, "num_boost_round": 111.0, "subsample": 0.49382849013642327}, "datetime": {"datetime": "2024-01-20 14:24:06", "elapsed": 0.033144, "delta": 0.000499}}
{"target": -13.510686640867373, "params": {"colsample_bytree": 0.5939321535345923, "eta": 0.07152178474357823, "gamma": 602.7633760716438, "max_depth": 6.0, "min_child_weight": 4237.124338589708, "num_boost_round": 112.0, "subsample": 0.49382849013642327}, "datetime": {"datetime": "2024-01-20 14:24:06", "elapsed": 0.03349, "delta": 0.000346}}
{"target": -13.510888016936354, "params": {"colsample_bytree": 0.5939321535345923, "eta": 0.07152178474357823, "gamma": 602.7633760716438, "max_depth": 6.0, "min_child_weight": 4237.124338589708, "num_boost_round": 113.0, "subsample": 0.49382849013642327}, "datetime": {"datetime": "2024-01-20 14:24:06", "elapsed": 0.033791, "delta": 0.000301}}
{"target": -13.511107791547442, "params": {"colsample_bytree": 0.5939321535345923, "eta": 0.07152178474357823, "gamma": 602.7633760716438, "max_depth": 6.0, "min_child_weight": 4237.124338589708, "num_boost_round": 114.0, "subsample": 0.49382849013642327}, "datetime": {"datetime": "2024-01-20 14:24:06", "elapsed": 0.034171, "delta": 0.00038}}
{"target": -13.511312917123368, "params": {"colsample_bytree": 0.5939321535345923, "eta": 0.07152178474357823, "gamma": 602.7633760716438, "max_depth": 6.0, "min_child_weight": 4237.124338589708, "num_boost_round": 115.0, "subsample": 0.49382849013642327}, "datetime": {"datetime": "2024-01-20 14:24:06", "elapsed": 0.034462, "delta": 0.000291}}
{"target": -13.511442467268871, "params": {"colsample_bytree": 0.5939321535345923, "eta": 0.07152178474357823, "gamma": 602.7633760716438, "max_depth": 6.0, "min_child_weight": 4237.124338589708, "num_boost_round": 116.0, "subsample": 0.49382849013642327}, "datetime": {"datetime": "2024-01-20 14:24:06", "elapsed": 0.034739, "delta": 0.000277}}
{"target": -13.511518776788158, "params": {"colsample_bytree": 0.5939321535345923, "eta": 0.07152178474357823, "gamma": 602.7633760716438, "max_depth": 6.0, "min_child_weight": 4237.124338589708, "num_boost_round": 117.0, "subsample": 0.49382849013642327}, "datetime": {"datetime": "2024-01-20 14:24:06", "elapsed": 0.035026, "delta": 0.000287}}
{"target": -13.51164817842243, "params": {"colsample_bytree": 0.5939321535345923, "eta": 0.07152178474357823, "gamma": 602.7633760716438, "max_depth": 6.0, "min_child_weight": 4237.124338589708, "num_boost_round": 118.0, "subsample": 0.49382849013642327}, "datetime": {"datetime": "2024-01-20 14:24:06", "elapsed": 0.035302, "delta": 0.000276}}
{"target": -13.511781930789192, "params": {"colsample_bytree": 0.5939321535345923, "eta": 0.07152178474357823, "gamma": 602.7633760716438, "max_depth": 6.0, "min_child_weight": 4237.124338589708, "num_boost_round": 119.0, "subsample": 0.49382849013642327}, "datetime": {"datetime": "2024-01-20 14:24:06", "elapsed": 0.035574, "delta": 0.000272}}
{"target": -13.511754387547828, "params": {"colsample_bytree": 0.5939321535345923, "eta": 0.07152178474357823, "gamma": 602.7633760716438, "max_depth": 6.0, "min_child_weight": 4237.124338589708, "num_boost_round": 120.0, "subsample": 0.49382849013642327}, "datetime": {"datetime": "2024-01-20 14:24:06", "elapsed": 0.03587, "delta": 0.000296}}
{"target": -13.511877123092598, "params": {"colsample_bytree": 0.5939321535345923, "eta": 0.07152178474357823, "gamma": 602.7633760716438, "max_depth": 6.0, "min_child_weight": 4237.124338589708, "num_boost_round": 121.0, "subsample": 0.49382849013642327}, "datetime": {"datetime": "2024-01-20 14:24:06", "elapsed": 0.036154, "delta": 0.000284}}
{"target": -13.512115092455382, "params": {"colsample_bytree": 0.5939321535345923, "eta": 0.07152178474357823, "gamma": 602.7633760716438, "max_depth": 6.0, "min_child_weight": 4237.124338589708, "num_boost_round": 122.0, "subsample": 0.49382849013642327}, "datetime": {"datetime": "2024-01-20 14:24:06", "elapsed": 0.036439, "delta": 0.000285}}
{"target": -13.512137516112308, "params": {"colsample_bytree": 0.5939321535345923, "eta": 0.07152178474357823, "gamma": 602.7633760716438, "max_depth": 6.0, "min_child_weight": 4237.124338589708, "num_boost_round": 123.0, "subsample": 0.49382849013642327}, "datetime": {"datetime": "2024-01-20 14:24:06", "elapsed": 0.036725, "delta": 0.000286}}
{"target": -13.512036622321233, "params": {"colsample_bytree": 0.5939321535345923, "eta": 0.07152178474357823, "gamma": 602.7633760716438, "max_depth": 6.0, "min_child_weight": 4237.124338589708, "num_boost_round": 124.0, "subsample": 0.49382849013642327}, "datetime": {"datetime": "2024-01-20 14:24:06", "elapsed": 0.037018, "delta": 0.000293}}
{"target": -13.512254192143038, "params": {"colsample_bytree": 0.5939321535345923, "eta": 0.07152178474357823, "gamma": 602.7633760716438, "max_depth": 6.0, "min_child_weight": 4237.124338589708, "num_boost_round": 125.0, "subsample": 0.49382849013642327}, "datetime": {"datetime": "2024-01-20 14:24:06", "elapsed": 0.037304, "delta": 0.000286}}
{"target": -13.512358373886082, "params": {"colsample_bytree": 0.5939321535345923, "eta": 0.07152178474357823, "gamma": 602.7633760716438, "max_depth": 6.0, "min_child_weight": 4237.124338589708, "num_boost_round": 126.0, "subsample": 0.49382849013642327}, "datetime": {"datetime": "2024-01-20 14:24:06", "elapsed": 0.037594, "delta": 0.00029}}
