{"target": -13.398202631844176, "params": {"colsample_bytree": 0.4776909983116736, "eta": 0.017692326292450926, "gamma": 559.020369128939, "max_depth": 4.0, "min_child_weight": 3870.663026191173, "num_boost_round": 6.0, "subsample": 0.8971271381173029}, "datetime": {"datetime": "2024-01-20 16:39:36", "elapsed": 8110.660433, "delta": 0.004611}}
{"target": -13.398253291297785, "params": {"colsample_bytree": 0.4776909983116736, "eta": 0.017692326292450926, "gamma": 559.020369128939, "max_depth": 4.0, "min_child_weight": 3870.663026191173, "num_boost_round": 7.0, "subsample": 0.8971271381173029}, "datetime": {"datetime": "2024-01-20 16:39:36", "elapsed": 8110.665088, "delta": 0.004655}}
{"target": -13.397315374650123, "params": {"colsample_bytree": 0.955621358982955, "eta": 0.026381205417193302, "gamma": 45.262825968543694, "max_depth": 9.0, "min_child_weight": 2862.811665702822, "num_boost_round": 1.0, "subsample": 0.6597465835723443}, "datetime": {"datetime": "2024-01-20 16:41:33", "elapsed": 8228.394772, "delta": 117.729684}}
{"target": -13.397044450030403, "params": {"colsample_bytree": 0.955621358982955, "eta": 0.026381205417193302, "gamma": 45.262825968543694, "max_depth": 9.0, "min_child_weight": 2862.811665702822, "num_boost_round": 2.0, "subsample": 0.6597465835723443}, "datetime": {"datetime": "2024-01-20 16:41:33", "elapsed": 8228.401609, "delta": 0.006837}}
{"target": -13.396918606481714, "params": {"colsample_bytree": 0.955621358982955, "eta": 0.026381205417193302, "gamma": 45.262825968543694, "max_depth": 9.0, "min_child_weight": 2862.811665702822, "num_boost_round": 3.0, "subsample": 0.6597465835723443}, "datetime": {"datetime": "2024-01-20 16:41:33", "elapsed": 8228.406707, "delta": 0.005098}}
{"target": -13.396917909810737, "params": {"colsample_bytree": 0.955621358982955, "eta": 0.026381205417193302, "gamma": 45.262825968543694, "max_depth": 9.0, "min_child_weight": 2862.811665702822, "num_boost_round": 4.0, "subsample": 0.6597465835723443}, "datetime": {"datetime": "2024-01-20 16:41:33", "elapsed": 8228.411337, "delta": 0.00463}}
{"target": -13.39701529583435, "params": {"colsample_bytree": 0.955621358982955, "eta": 0.026381205417193302, "gamma": 45.262825968543694, "max_depth": 9.0, "min_child_weight": 2862.811665702822, "num_boost_round": 5.0, "subsample": 0.6597465835723443}, "datetime": {"datetime": "2024-01-20 16:41:33", "elapsed": 8228.415975, "delta": 0.004638}}
{"target": -13.397190740198731, "params": {"colsample_bytree": 0.955621358982955, "eta": 0.026381205417193302, "gamma": 45.262825968543694, "max_depth": 9.0, "min_child_weight": 2862.811665702822, "num_boost_round": 6.0, "subsample": 0.6597465835723443}, "datetime": {"datetime": "2024-01-20 16:41:33", "elapsed": 8228.421027, "delta": 0.005052}}
{"target": -13.397368207081797, "params": {"colsample_bytree": 0.955621358982955, "eta": 0.026381205417193302, "gamma": 45.262825968543694, "max_depth": 9.0, "min_child_weight": 2862.811665702822, "num_boost_round": 7.0, "subsample": 0.6597465835723443}, "datetime": {"datetime": "2024-01-20 16:41:33", "elapsed": 8228.425482, "delta": 0.004455}}
{"target": -13.397681954869523, "params": {"colsample_bytree": 0.955621358982955, "eta": 0.026381205417193302, "gamma": 45.262825968543694, "max_depth": 9.0, "min_child_weight": 2862.811665702822, "num_boost_round": 8.0, "subsample": 0.6597465835723443}, "datetime": {"datetime": "2024-01-20 16:41:33", "elapsed": 8228.430361, "delta": 0.004879}}
{"target": -13.39802592695644, "params": {"colsample_bytree": 0.955621358982955, "eta": 0.026381205417193302, "gamma": 45.262825968543694, "max_depth": 9.0, "min_child_weight": 2862.811665702822, "num_boost_round": 9.0, "subsample": 0.6597465835723443}, "datetime": {"datetime": "2024-01-20 16:41:33", "elapsed": 8228.434852, "delta": 0.004491}}
{"target": -13.398288755806663, "params": {"colsample_bytree": 0.955621358982955, "eta": 0.026381205417193302, "gamma": 45.262825968543694, "max_depth": 9.0, "min_child_weight": 2862.811665702822, "num_boost_round": 10.0, "subsample": 0.6597465835723443}, "datetime": {"datetime": "2024-01-20 16:41:33", "elapsed": 8228.439547, "delta": 0.004695}}
{"target": -13.398447456100559, "params": {"colsample_bytree": 0.955621358982955, "eta": 0.026381205417193302, "gamma": 45.262825968543694, "max_depth": 9.0, "min_child_weight": 2862.811665702822, "num_boost_round": 11.0, "subsample": 0.6597465835723443}, "datetime": {"datetime": "2024-01-20 16:41:33", "elapsed": 8228.444226, "delta": 0.004679}}
{"target": -13.398948809701, "params": {"colsample_bytree": 0.955621358982955, "eta": 0.026381205417193302, "gamma": 45.262825968543694, "max_depth": 9.0, "min_child_weight": 2862.811665702822, "num_boost_round": 12.0, "subsample": 0.6597465835723443}, "datetime": {"datetime": "2024-01-20 16:41:33", "elapsed": 8228.448895, "delta": 0.004669}}
{"target": -13.399509489406753, "params": {"colsample_bytree": 0.955621358982955, "eta": 0.026381205417193302, "gamma": 45.262825968543694, "max_depth": 9.0, "min_child_weight": 2862.811665702822, "num_boost_round": 13.0, "subsample": 0.6597465835723443}, "datetime": {"datetime": "2024-01-20 16:41:33", "elapsed": 8228.453441, "delta": 0.004546}}
{"target": -13.399611896530553, "params": {"colsample_bytree": 0.955621358982955, "eta": 0.026381205417193302, "gamma": 45.262825968543694, "max_depth": 9.0, "min_child_weight": 2862.811665702822, "num_boost_round": 14.0, "subsample": 0.6597465835723443}, "datetime": {"datetime": "2024-01-20 16:41:33", "elapsed": 8228.458185, "delta": 0.004744}}
{"target": -13.39999336246948, "params": {"colsample_bytree": 0.955621358982955, "eta": 0.026381205417193302, "gamma": 45.262825968543694, "max_depth": 9.0, "min_child_weight": 2862.811665702822, "num_boost_round": 15.0, "subsample": 0.6597465835723443}, "datetime": {"datetime": "2024-01-20 16:41:33", "elapsed": 8228.462634, "delta": 0.004449}}
{"target": -13.400459194423167, "params": {"colsample_bytree": 0.955621358982955, "eta": 0.026381205417193302, "gamma": 45.262825968543694, "max_depth": 9.0, "min_child_weight": 2862.811665702822, "num_boost_round": 16.0, "subsample": 0.6597465835723443}, "datetime": {"datetime": "2024-01-20 16:41:33", "elapsed": 8228.467362, "delta": 0.004728}}
{"target": -13.400847472462818, "params": {"colsample_bytree": 0.955621358982955, "eta": 0.026381205417193302, "gamma": 45.262825968543694, "max_depth": 9.0, "min_child_weight": 2862.811665702822, "num_boost_round": 17.0, "subsample": 0.6597465835723443}, "datetime": {"datetime": "2024-01-20 16:41:33", "elapsed": 8228.472062, "delta": 0.0047}}
{"target": -13.401169693657828, "params": {"colsample_bytree": 0.955621358982955, "eta": 0.026381205417193302, "gamma": 45.262825968543694, "max_depth": 9.0, "min_child_weight": 2862.811665702822, "num_boost_round": 18.0, "subsample": 0.6597465835723443}, "datetime": {"datetime": "2024-01-20 16:41:33", "elapsed": 8228.476953, "delta": 0.004891}}
{"target": -13.401489707146872, "params": {"colsample_bytree": 0.955621358982955, "eta": 0.026381205417193302, "gamma": 45.262825968543694, "max_depth": 9.0, "min_child_weight": 2862.811665702822, "num_boost_round": 19.0, "subsample": 0.6597465835723443}, "datetime": {"datetime": "2024-01-20 16:41:33", "elapsed": 8228.481578, "delta": 0.004625}}
{"target": -13.40187684144993, "params": {"colsample_bytree": 0.955621358982955, "eta": 0.026381205417193302, "gamma": 45.262825968543694, "max_depth": 9.0, "min_child_weight": 2862.811665702822, "num_boost_round": 20.0, "subsample": 0.6597465835723443}, "datetime": {"datetime": "2024-01-20 16:41:33", "elapsed": 8228.486309, "delta": 0.004731}}
{"target": -13.402344106371284, "params": {"colsample_bytree": 0.955621358982955, "eta": 0.026381205417193302, "gamma": 45.262825968543694, "max_depth": 9.0, "min_child_weight": 2862.811665702822, "num_boost_round": 21.0, "subsample": 0.6597465835723443}, "datetime": {"datetime": "2024-01-20 16:41:33", "elapsed": 8228.491034, "delta": 0.004725}}
{"target": -13.397063134755108, "params": {"colsample_bytree": 0.7162260285064939, "eta": 0.08526579248360909, "gamma": 825.2147969445485, "max_depth": 4.0, "min_child_weight": 3818.196934376906, "num_boost_round": 1.0, "subsample": 0.2144496963119339}, "datetime": {"datetime": "2024-01-20 16:42:37", "elapsed": 8291.898558, "delta": 63.407524}}
{"target": -13.397702715271777, "params": {"colsample_bytree": 0.664297565213883, "eta": 0.03416863372904703, "gamma": 89.3106985100346, "max_depth": 6.0, "min_child_weight": 3386.838595281485, "num_boost_round": 1.0, "subsample": 0.604316273880947}, "datetime": {"datetime": "2024-01-20 16:43:26", "elapsed": 8341.505738, "delta": 49.60718}}
{"target": -13.397721033835657, "params": {"colsample_bytree": 0.9636358497948674, "eta": 0.009910272545329807, "gamma": 678.5349291898027, "max_depth": 3.0, "min_child_weight": 4099.854745596606, "num_boost_round": 1.0, "subsample": 0.5097245112691151}, "datetime": {"datetime": "2024-01-20 16:44:07", "elapsed": 8382.385527, "delta": 40.879789}}
{"target": -13.397668696665352, "params": {"colsample_bytree": 0.9636358497948674, "eta": 0.009910272545329807, "gamma": 678.5349291898027, "max_depth": 3.0, "min_child_weight": 4099.854745596606, "num_boost_round": 2.0, "subsample": 0.5097245112691151}, "datetime": {"datetime": "2024-01-20 16:44:07", "elapsed": 8382.390497, "delta": 0.00497}}
{"target": -13.397669119285386, "params": {"colsample_bytree": 0.9636358497948674, "eta": 0.009910272545329807, "gamma": 678.5349291898027, "max_depth": 3.0, "min_child_weight": 4099.854745596606, "num_boost_round": 3.0, "subsample": 0.5097245112691151}, "datetime": {"datetime": "2024-01-20 16:44:07", "elapsed": 8382.395862, "delta": 0.005365}}
{"target": -13.39799765089063, "params": {"colsample_bytree": 0.18576767955565918, "eta": 0.07728585541006891, "gamma": 69.9393303146365, "max_depth": 8.0, "min_child_weight": 2925.6405088473357, "num_boost_round": 1.0, "subsample": 0.7176732517007751}, "datetime": {"datetime": "2024-01-20 16:45:04", "elapsed": 8439.158797, "delta": 56.762935}}
{"target": -13.398122103751957, "params": {"colsample_bytree": 0.18576767955565918, "eta": 0.07728585541006891, "gamma": 69.9393303146365, "max_depth": 8.0, "min_child_weight": 2925.6405088473357, "num_boost_round": 2.0, "subsample": 0.7176732517007751}, "datetime": {"datetime": "2024-01-20 16:45:04", "elapsed": 8439.164142, "delta": 0.005345}}
{"target": -13.39855242497578, "params": {"colsample_bytree": 0.18576767955565918, "eta": 0.07728585541006891, "gamma": 69.9393303146365, "max_depth": 8.0, "min_child_weight": 2925.6405088473357, "num_boost_round": 3.0, "subsample": 0.7176732517007751}, "datetime": {"datetime": "2024-01-20 16:45:04", "elapsed": 8439.168929, "delta": 0.004787}}
{"target": -13.399482493790508, "params": {"colsample_bytree": 0.18576767955565918, "eta": 0.07728585541006891, "gamma": 69.9393303146365, "max_depth": 8.0, "min_child_weight": 2925.6405088473357, "num_boost_round": 4.0, "subsample": 0.7176732517007751}, "datetime": {"datetime": "2024-01-20 16:45:04", "elapsed": 8439.173546, "delta": 0.004617}}
{"target": -13.40041988168204, "params": {"colsample_bytree": 0.18576767955565918, "eta": 0.07728585541006891, "gamma": 69.9393303146365, "max_depth": 8.0, "min_child_weight": 2925.6405088473357, "num_boost_round": 5.0, "subsample": 0.7176732517007751}, "datetime": {"datetime": "2024-01-20 16:45:04", "elapsed": 8439.178441, "delta": 0.004895}}
{"target": -13.401220047915563, "params": {"colsample_bytree": 0.18576767955565918, "eta": 0.07728585541006891, "gamma": 69.9393303146365, "max_depth": 8.0, "min_child_weight": 2925.6405088473357, "num_boost_round": 6.0, "subsample": 0.7176732517007751}, "datetime": {"datetime": "2024-01-20 16:45:04", "elapsed": 8439.183018, "delta": 0.004577}}
{"target": -13.401462624560198, "params": {"colsample_bytree": 0.18576767955565918, "eta": 0.07728585541006891, "gamma": 69.9393303146365, "max_depth": 8.0, "min_child_weight": 2925.6405088473357, "num_boost_round": 7.0, "subsample": 0.7176732517007751}, "datetime": {"datetime": "2024-01-20 16:45:04", "elapsed": 8439.187749, "delta": 0.004731}}
{"target": -13.401803837113214, "params": {"colsample_bytree": 0.18576767955565918, "eta": 0.07728585541006891, "gamma": 69.9393303146365, "max_depth": 8.0, "min_child_weight": 2925.6405088473357, "num_boost_round": 8.0, "subsample": 0.7176732517007751}, "datetime": {"datetime": "2024-01-20 16:45:04", "elapsed": 8439.192481, "delta": 0.004732}}
{"target": -13.397756136747054, "params": {"colsample_bytree": 0.5965448198990917, "eta": 0.0035760999713304654, "gamma": 5.2661316619569964, "max_depth": 8.0, "min_child_weight": 3359.064505436371, "num_boost_round": 1.0, "subsample": 0.9646337023166349}, "datetime": {"datetime": "2024-01-20 16:46:36", "elapsed": 8531.424653, "delta": 92.232172}}
{"target": -13.397723434886373, "params": {"colsample_bytree": 0.5965448198990917, "eta": 0.0035760999713304654, "gamma": 5.2661316619569964, "max_depth": 8.0, "min_child_weight": 3359.064505436371, "num_boost_round": 2.0, "subsample": 0.9646337023166349}, "datetime": {"datetime": "2024-01-20 16:46:36", "elapsed": 8531.43064, "delta": 0.005987}}
{"target": -13.397678794698876, "params": {"colsample_bytree": 0.5965448198990917, "eta": 0.0035760999713304654, "gamma": 5.2661316619569964, "max_depth": 8.0, "min_child_weight": 3359.064505436371, "num_boost_round": 3.0, "subsample": 0.9646337023166349}, "datetime": {"datetime": "2024-01-20 16:46:36", "elapsed": 8531.435266, "delta": 0.004626}}
{"target": -13.397640823286967, "params": {"colsample_bytree": 0.5965448198990917, "eta": 0.0035760999713304654, "gamma": 5.2661316619569964, "max_depth": 8.0, "min_child_weight": 3359.064505436371, "num_boost_round": 4.0, "subsample": 0.9646337023166349}, "datetime": {"datetime": "2024-01-20 16:46:36", "elapsed": 8531.439835, "delta": 0.004569}}
{"target": -13.397570674963788, "params": {"colsample_bytree": 0.5965448198990917, "eta": 0.0035760999713304654, "gamma": 5.2661316619569964, "max_depth": 8.0, "min_child_weight": 3359.064505436371, "num_boost_round": 5.0, "subsample": 0.9646337023166349}, "datetime": {"datetime": "2024-01-20 16:46:36", "elapsed": 8531.444312, "delta": 0.004477}}
{"target": -13.397522563760873, "params": {"colsample_bytree": 0.5965448198990917, "eta": 0.0035760999713304654, "gamma": 5.2661316619569964, "max_depth": 8.0, "min_child_weight": 3359.064505436371, "num_boost_round": 6.0, "subsample": 0.9646337023166349}, "datetime": {"datetime": "2024-01-20 16:46:36", "elapsed": 8531.448935, "delta": 0.004623}}
{"target": -13.397509510760798, "params": {"colsample_bytree": 0.5965448198990917, "eta": 0.0035760999713304654, "gamma": 5.2661316619569964, "max_depth": 8.0, "min_child_weight": 3359.064505436371, "num_boost_round": 7.0, "subsample": 0.9646337023166349}, "datetime": {"datetime": "2024-01-20 16:46:36", "elapsed": 8531.45349, "delta": 0.004555}}
{"target": -13.397463526686268, "params": {"colsample_bytree": 0.5965448198990917, "eta": 0.0035760999713304654, "gamma": 5.2661316619569964, "max_depth": 8.0, "min_child_weight": 3359.064505436371, "num_boost_round": 8.0, "subsample": 0.9646337023166349}, "datetime": {"datetime": "2024-01-20 16:46:36", "elapsed": 8531.458424, "delta": 0.004934}}
{"target": -13.397604995949646, "params": {"colsample_bytree": 0.31294861050155287, "eta": 0.017368000478418362, "gamma": 994.7630671179991, "max_depth": 6.0, "min_child_weight": 3395.0585333878785, "num_boost_round": 1.0, "subsample": 0.2145661659452525}, "datetime": {"datetime": "2024-01-20 16:47:51", "elapsed": 8605.781935, "delta": 74.323511}}
{"target": -13.397594373915867, "params": {"colsample_bytree": 0.31294861050155287, "eta": 0.017368000478418362, "gamma": 994.7630671179991, "max_depth": 6.0, "min_child_weight": 3395.0585333878785, "num_boost_round": 2.0, "subsample": 0.2145661659452525}, "datetime": {"datetime": "2024-01-20 16:47:51", "elapsed": 8605.787275, "delta": 0.00534}}
{"target": -13.397493728127111, "params": {"colsample_bytree": 0.31294861050155287, "eta": 0.017368000478418362, "gamma": 994.7630671179991, "max_depth": 6.0, "min_child_weight": 3395.0585333878785, "num_boost_round": 3.0, "subsample": 0.2145661659452525}, "datetime": {"datetime": "2024-01-20 16:47:51", "elapsed": 8605.792088, "delta": 0.004813}}
{"target": -13.39760117650517, "params": {"colsample_bytree": 0.31294861050155287, "eta": 0.017368000478418362, "gamma": 994.7630671179991, "max_depth": 6.0, "min_child_weight": 3395.0585333878785, "num_boost_round": 4.0, "subsample": 0.2145661659452525}, "datetime": {"datetime": "2024-01-20 16:47:51", "elapsed": 8605.797009, "delta": 0.004921}}
{"target": -13.397588531493343, "params": {"colsample_bytree": 0.31294861050155287, "eta": 0.017368000478418362, "gamma": 994.7630671179991, "max_depth": 6.0, "min_child_weight": 3395.0585333878785, "num_boost_round": 5.0, "subsample": 0.2145661659452525}, "datetime": {"datetime": "2024-01-20 16:47:51", "elapsed": 8605.801705, "delta": 0.004696}}
{"target": -13.397514271295336, "params": {"colsample_bytree": 0.31294861050155287, "eta": 0.017368000478418362, "gamma": 994.7630671179991, "max_depth": 6.0, "min_child_weight": 3395.0585333878785, "num_boost_round": 6.0, "subsample": 0.2145661659452525}, "datetime": {"datetime": "2024-01-20 16:47:51", "elapsed": 8605.80676, "delta": 0.005055}}
{"target": -13.3975272637633, "params": {"colsample_bytree": 0.31294861050155287, "eta": 0.017368000478418362, "gamma": 994.7630671179991, "max_depth": 6.0, "min_child_weight": 3395.0585333878785, "num_boost_round": 7.0, "subsample": 0.2145661659452525}, "datetime": {"datetime": "2024-01-20 16:47:51", "elapsed": 8605.811855, "delta": 0.005095}}
{"target": -13.397595635751394, "params": {"colsample_bytree": 0.31294861050155287, "eta": 0.017368000478418362, "gamma": 994.7630671179991, "max_depth": 6.0, "min_child_weight": 3395.0585333878785, "num_boost_round": 8.0, "subsample": 0.2145661659452525}, "datetime": {"datetime": "2024-01-20 16:47:51", "elapsed": 8605.816619, "delta": 0.004764}}
{"target": -13.397843355881651, "params": {"colsample_bytree": 0.8353388785716379, "eta": 0.09658087674725857, "gamma": 1.8352566560996264, "max_depth": 7.0, "min_child_weight": 3427.8807008385993, "num_boost_round": 1.0, "subsample": 0.8041557376331909}, "datetime": {"datetime": "2024-01-20 16:49:33", "elapsed": 8708.464908, "delta": 102.648289}}
{"target": -13.3988230044826, "params": {"colsample_bytree": 0.8353388785716379, "eta": 0.09658087674725857, "gamma": 1.8352566560996264, "max_depth": 7.0, "min_child_weight": 3427.8807008385993, "num_boost_round": 2.0, "subsample": 0.8041557376331909}, "datetime": {"datetime": "2024-01-20 16:49:33", "elapsed": 8708.470063, "delta": 0.005155}}
{"target": -13.399543641418845, "params": {"colsample_bytree": 0.8353388785716379, "eta": 0.09658087674725857, "gamma": 1.8352566560996264, "max_depth": 7.0, "min_child_weight": 3427.8807008385993, "num_boost_round": 3.0, "subsample": 0.8041557376331909}, "datetime": {"datetime": "2024-01-20 16:49:33", "elapsed": 8708.47502, "delta": 0.004957}}
{"target": -13.40049450880137, "params": {"colsample_bytree": 0.8353388785716379, "eta": 0.09658087674725857, "gamma": 1.8352566560996264, "max_depth": 7.0, "min_child_weight": 3427.8807008385993, "num_boost_round": 4.0, "subsample": 0.8041557376331909}, "datetime": {"datetime": "2024-01-20 16:49:33", "elapsed": 8708.479932, "delta": 0.004912}}
{"target": -13.402646260459601, "params": {"colsample_bytree": 0.8353388785716379, "eta": 0.09658087674725857, "gamma": 1.8352566560996264, "max_depth": 7.0, "min_child_weight": 3427.8807008385993, "num_boost_round": 5.0, "subsample": 0.8041557376331909}, "datetime": {"datetime": "2024-01-20 16:49:33", "elapsed": 8708.484491, "delta": 0.004559}}
{"target": -13.404830569276728, "params": {"colsample_bytree": 0.8353388785716379, "eta": 0.09658087674725857, "gamma": 1.8352566560996264, "max_depth": 7.0, "min_child_weight": 3427.8807008385993, "num_boost_round": 6.0, "subsample": 0.8041557376331909}, "datetime": {"datetime": "2024-01-20 16:49:33", "elapsed": 8708.489247, "delta": 0.004756}}
{"target": -13.406435942676548, "params": {"colsample_bytree": 0.8353388785716379, "eta": 0.09658087674725857, "gamma": 1.8352566560996264, "max_depth": 7.0, "min_child_weight": 3427.8807008385993, "num_boost_round": 7.0, "subsample": 0.8041557376331909}, "datetime": {"datetime": "2024-01-20 16:49:33", "elapsed": 8708.493958, "delta": 0.004711}}
{"target": -13.407803797279449, "params": {"colsample_bytree": 0.8353388785716379, "eta": 0.09658087674725857, "gamma": 1.8352566560996264, "max_depth": 7.0, "min_child_weight": 3427.8807008385993, "num_boost_round": 8.0, "subsample": 0.8041557376331909}, "datetime": {"datetime": "2024-01-20 16:49:33", "elapsed": 8708.498776, "delta": 0.004818}}
{"target": -13.40972222960765, "params": {"colsample_bytree": 0.8353388785716379, "eta": 0.09658087674725857, "gamma": 1.8352566560996264, "max_depth": 7.0, "min_child_weight": 3427.8807008385993, "num_boost_round": 9.0, "subsample": 0.8041557376331909}, "datetime": {"datetime": "2024-01-20 16:49:33", "elapsed": 8708.50344, "delta": 0.004664}}
{"target": -13.412322126554638, "params": {"colsample_bytree": 0.8353388785716379, "eta": 0.09658087674725857, "gamma": 1.8352566560996264, "max_depth": 7.0, "min_child_weight": 3427.8807008385993, "num_boost_round": 10.0, "subsample": 0.8041557376331909}, "datetime": {"datetime": "2024-01-20 16:49:33", "elapsed": 8708.508578, "delta": 0.005138}}
{"target": -13.41347846128632, "params": {"colsample_bytree": 0.8353388785716379, "eta": 0.09658087674725857, "gamma": 1.8352566560996264, "max_depth": 7.0, "min_child_weight": 3427.8807008385993, "num_boost_round": 11.0, "subsample": 0.8041557376331909}, "datetime": {"datetime": "2024-01-20 16:49:33", "elapsed": 8708.513131, "delta": 0.004553}}
