{"target": -19.143152022784975, "params": {"colsample_bytree": 0.16763904445850614, "eta": 0.006660095169234033, "gamma": 268.92147985389227, "max_depth": 4.0, "min_child_weight": 3627.8617500938512, "num_boost_round": 1.0, "subsample": 0.863497678433783}, "datetime": {"datetime": "2024-01-20 16:51:36", "elapsed": 8863.995891, "delta": 77.335135}}
{"target": -19.143109020659036, "params": {"colsample_bytree": 0.16763904445850614, "eta": 0.006660095169234033, "gamma": 268.92147985389227, "max_depth": 4.0, "min_child_weight": 3627.8617500938512, "num_boost_round": 2.0, "subsample": 0.863497678433783}, "datetime": {"datetime": "2024-01-20 16:51:36", "elapsed": 8864.002448, "delta": 0.006557}}
{"target": -19.14310435686416, "params": {"colsample_bytree": 0.16763904445850614, "eta": 0.006660095169234033, "gamma": 268.92147985389227, "max_depth": 4.0, "min_child_weight": 3627.8617500938512, "num_boost_round": 3.0, "subsample": 0.863497678433783}, "datetime": {"datetime": "2024-01-20 16:51:36", "elapsed": 8864.008112, "delta": 0.005664}}
{"target": -19.143046200838185, "params": {"colsample_bytree": 0.16763904445850614, "eta": 0.006660095169234033, "gamma": 268.92147985389227, "max_depth": 4.0, "min_child_weight": 3627.8617500938512, "num_boost_round": 4.0, "subsample": 0.863497678433783}, "datetime": {"datetime": "2024-01-20 16:51:36", "elapsed": 8864.01385, "delta": 0.005738}}
{"target": -19.143363280753896, "params": {"colsample_bytree": 0.9841216546033724, "eta": 0.02517149049338408, "gamma": 900.0082011250228, "max_depth": 6.0, "min_child_weight": 4402.607971708774, "num_boost_round": 1.0, "subsample": 0.9535986247924909}, "datetime": {"datetime": "2024-01-20 16:52:44", "elapsed": 8932.677903, "delta": 68.664053}}
{"target": -19.14372326666225, "params": {"colsample_bytree": 0.9841216546033724, "eta": 0.02517149049338408, "gamma": 900.0082011250228, "max_depth": 6.0, "min_child_weight": 4402.607971708774, "num_boost_round": 2.0, "subsample": 0.9535986247924909}, "datetime": {"datetime": "2024-01-20 16:52:44", "elapsed": 8932.684573, "delta": 0.00667}}
{"target": -19.143983617584254, "params": {"colsample_bytree": 0.9841216546033724, "eta": 0.02517149049338408, "gamma": 900.0082011250228, "max_depth": 6.0, "min_child_weight": 4402.607971708774, "num_boost_round": 3.0, "subsample": 0.9535986247924909}, "datetime": {"datetime": "2024-01-20 16:52:44", "elapsed": 8932.690128, "delta": 0.005555}}
{"target": -19.144263189065583, "params": {"colsample_bytree": 0.9841216546033724, "eta": 0.02517149049338408, "gamma": 900.0082011250228, "max_depth": 6.0, "min_child_weight": 4402.607971708774, "num_boost_round": 4.0, "subsample": 0.9535986247924909}, "datetime": {"datetime": "2024-01-20 16:52:44", "elapsed": 8932.695704, "delta": 0.005576}}
{"target": -19.144617215966242, "params": {"colsample_bytree": 0.9841216546033724, "eta": 0.02517149049338408, "gamma": 900.0082011250228, "max_depth": 6.0, "min_child_weight": 4402.607971708774, "num_boost_round": 5.0, "subsample": 0.9535986247924909}, "datetime": {"datetime": "2024-01-20 16:52:44", "elapsed": 8932.70122, "delta": 0.005516}}
{"target": -19.144860204993897, "params": {"colsample_bytree": 0.9841216546033724, "eta": 0.02517149049338408, "gamma": 900.0082011250228, "max_depth": 6.0, "min_child_weight": 4402.607971708774, "num_boost_round": 6.0, "subsample": 0.9535986247924909}, "datetime": {"datetime": "2024-01-20 16:52:44", "elapsed": 8932.706771, "delta": 0.005551}}
{"target": -19.144910485157485, "params": {"colsample_bytree": 0.9841216546033724, "eta": 0.02517149049338408, "gamma": 900.0082011250228, "max_depth": 6.0, "min_child_weight": 4402.607971708774, "num_boost_round": 7.0, "subsample": 0.9535986247924909}, "datetime": {"datetime": "2024-01-20 16:52:44", "elapsed": 8932.712224, "delta": 0.005453}}
{"target": -19.14514599929106, "params": {"colsample_bytree": 0.9841216546033724, "eta": 0.02517149049338408, "gamma": 900.0082011250228, "max_depth": 6.0, "min_child_weight": 4402.607971708774, "num_boost_round": 8.0, "subsample": 0.9535986247924909}, "datetime": {"datetime": "2024-01-20 16:52:44", "elapsed": 8932.717864, "delta": 0.00564}}
{"target": -19.145370720490277, "params": {"colsample_bytree": 0.9841216546033724, "eta": 0.02517149049338408, "gamma": 900.0082011250228, "max_depth": 6.0, "min_child_weight": 4402.607971708774, "num_boost_round": 9.0, "subsample": 0.9535986247924909}, "datetime": {"datetime": "2024-01-20 16:52:44", "elapsed": 8932.723455, "delta": 0.005591}}
{"target": -19.145445002502846, "params": {"colsample_bytree": 0.9841216546033724, "eta": 0.02517149049338408, "gamma": 900.0082011250228, "max_depth": 6.0, "min_child_weight": 4402.607971708774, "num_boost_round": 10.0, "subsample": 0.9535986247924909}, "datetime": {"datetime": "2024-01-20 16:52:44", "elapsed": 8932.729045, "delta": 0.00559}}
{"target": -19.14587021407883, "params": {"colsample_bytree": 0.9841216546033724, "eta": 0.02517149049338408, "gamma": 900.0082011250228, "max_depth": 6.0, "min_child_weight": 4402.607971708774, "num_boost_round": 11.0, "subsample": 0.9535986247924909}, "datetime": {"datetime": "2024-01-20 16:52:44", "elapsed": 8932.734593, "delta": 0.005548}}
{"target": -19.146144567225576, "params": {"colsample_bytree": 0.9841216546033724, "eta": 0.02517149049338408, "gamma": 900.0082011250228, "max_depth": 6.0, "min_child_weight": 4402.607971708774, "num_boost_round": 12.0, "subsample": 0.9535986247924909}, "datetime": {"datetime": "2024-01-20 16:52:44", "elapsed": 8932.740109, "delta": 0.005516}}
{"target": -19.146510396916344, "params": {"colsample_bytree": 0.9841216546033724, "eta": 0.02517149049338408, "gamma": 900.0082011250228, "max_depth": 6.0, "min_child_weight": 4402.607971708774, "num_boost_round": 13.0, "subsample": 0.9535986247924909}, "datetime": {"datetime": "2024-01-20 16:52:44", "elapsed": 8932.745693, "delta": 0.005584}}
{"target": -19.146865966473605, "params": {"colsample_bytree": 0.9841216546033724, "eta": 0.02517149049338408, "gamma": 900.0082011250228, "max_depth": 6.0, "min_child_weight": 4402.607971708774, "num_boost_round": 14.0, "subsample": 0.9535986247924909}, "datetime": {"datetime": "2024-01-20 16:52:44", "elapsed": 8932.751181, "delta": 0.005488}}
{"target": -19.14712766992245, "params": {"colsample_bytree": 0.9841216546033724, "eta": 0.02517149049338408, "gamma": 900.0082011250228, "max_depth": 6.0, "min_child_weight": 4402.607971708774, "num_boost_round": 15.0, "subsample": 0.9535986247924909}, "datetime": {"datetime": "2024-01-20 16:52:44", "elapsed": 8932.756677, "delta": 0.005496}}
{"target": -19.147360481103632, "params": {"colsample_bytree": 0.9841216546033724, "eta": 0.02517149049338408, "gamma": 900.0082011250228, "max_depth": 6.0, "min_child_weight": 4402.607971708774, "num_boost_round": 16.0, "subsample": 0.9535986247924909}, "datetime": {"datetime": "2024-01-20 16:52:44", "elapsed": 8932.762252, "delta": 0.005575}}
{"target": -19.14771867395355, "params": {"colsample_bytree": 0.9841216546033724, "eta": 0.02517149049338408, "gamma": 900.0082011250228, "max_depth": 6.0, "min_child_weight": 4402.607971708774, "num_boost_round": 17.0, "subsample": 0.9535986247924909}, "datetime": {"datetime": "2024-01-20 16:52:44", "elapsed": 8932.767992, "delta": 0.00574}}
{"target": -19.147993641427085, "params": {"colsample_bytree": 0.9841216546033724, "eta": 0.02517149049338408, "gamma": 900.0082011250228, "max_depth": 6.0, "min_child_weight": 4402.607971708774, "num_boost_round": 18.0, "subsample": 0.9535986247924909}, "datetime": {"datetime": "2024-01-20 16:52:44", "elapsed": 8932.773604, "delta": 0.005612}}
{"target": -19.148479742642913, "params": {"colsample_bytree": 0.9841216546033724, "eta": 0.02517149049338408, "gamma": 900.0082011250228, "max_depth": 6.0, "min_child_weight": 4402.607971708774, "num_boost_round": 19.0, "subsample": 0.9535986247924909}, "datetime": {"datetime": "2024-01-20 16:52:44", "elapsed": 8932.779218, "delta": 0.005614}}
{"target": -19.148891847406645, "params": {"colsample_bytree": 0.9841216546033724, "eta": 0.02517149049338408, "gamma": 900.0082011250228, "max_depth": 6.0, "min_child_weight": 4402.607971708774, "num_boost_round": 20.0, "subsample": 0.9535986247924909}, "datetime": {"datetime": "2024-01-20 16:52:44", "elapsed": 8932.784904, "delta": 0.005686}}
{"target": -19.149258431706826, "params": {"colsample_bytree": 0.9841216546033724, "eta": 0.02517149049338408, "gamma": 900.0082011250228, "max_depth": 6.0, "min_child_weight": 4402.607971708774, "num_boost_round": 21.0, "subsample": 0.9535986247924909}, "datetime": {"datetime": "2024-01-20 16:52:44", "elapsed": 8932.790461, "delta": 0.005557}}
{"target": -19.149573853102133, "params": {"colsample_bytree": 0.9841216546033724, "eta": 0.02517149049338408, "gamma": 900.0082011250228, "max_depth": 6.0, "min_child_weight": 4402.607971708774, "num_boost_round": 22.0, "subsample": 0.9535986247924909}, "datetime": {"datetime": "2024-01-20 16:52:44", "elapsed": 8932.796445, "delta": 0.005984}}
{"target": -19.149957248930036, "params": {"colsample_bytree": 0.9841216546033724, "eta": 0.02517149049338408, "gamma": 900.0082011250228, "max_depth": 6.0, "min_child_weight": 4402.607971708774, "num_boost_round": 23.0, "subsample": 0.9535986247924909}, "datetime": {"datetime": "2024-01-20 16:52:44", "elapsed": 8932.801982, "delta": 0.005537}}
{"target": -19.14324309438039, "params": {"colsample_bytree": 0.5960927750555147, "eta": 0.06965845547011856, "gamma": 355.9464440230457, "max_depth": 2.0, "min_child_weight": 3571.6632573777943, "num_boost_round": 1.0, "subsample": 0.621467700183652}, "datetime": {"datetime": "2024-01-20 16:54:16", "elapsed": 9024.524957, "delta": 91.722975}}
{"target": -19.14309312328325, "params": {"colsample_bytree": 0.5960927750555147, "eta": 0.06965845547011856, "gamma": 355.9464440230457, "max_depth": 2.0, "min_child_weight": 3571.6632573777943, "num_boost_round": 2.0, "subsample": 0.621467700183652}, "datetime": {"datetime": "2024-01-20 16:54:16", "elapsed": 9024.531544, "delta": 0.006587}}
{"target": -19.14297113273465, "params": {"colsample_bytree": 0.5960927750555147, "eta": 0.06965845547011856, "gamma": 355.9464440230457, "max_depth": 2.0, "min_child_weight": 3571.6632573777943, "num_boost_round": 3.0, "subsample": 0.621467700183652}, "datetime": {"datetime": "2024-01-20 16:54:16", "elapsed": 9024.537345, "delta": 0.005801}}
{"target": -19.14298923256847, "params": {"colsample_bytree": 0.5960927750555147, "eta": 0.06965845547011856, "gamma": 355.9464440230457, "max_depth": 2.0, "min_child_weight": 3571.6632573777943, "num_boost_round": 4.0, "subsample": 0.621467700183652}, "datetime": {"datetime": "2024-01-20 16:54:16", "elapsed": 9024.543094, "delta": 0.005749}}
{"target": -19.14306102249678, "params": {"colsample_bytree": 0.5960927750555147, "eta": 0.06965845547011856, "gamma": 355.9464440230457, "max_depth": 2.0, "min_child_weight": 3571.6632573777943, "num_boost_round": 5.0, "subsample": 0.621467700183652}, "datetime": {"datetime": "2024-01-20 16:54:16", "elapsed": 9024.548908, "delta": 0.005814}}
{"target": -19.1429227160039, "params": {"colsample_bytree": 0.5960927750555147, "eta": 0.06965845547011856, "gamma": 355.9464440230457, "max_depth": 2.0, "min_child_weight": 3571.6632573777943, "num_boost_round": 6.0, "subsample": 0.621467700183652}, "datetime": {"datetime": "2024-01-20 16:54:16", "elapsed": 9024.554759, "delta": 0.005851}}
{"target": -19.142814109883478, "params": {"colsample_bytree": 0.5960927750555147, "eta": 0.06965845547011856, "gamma": 355.9464440230457, "max_depth": 2.0, "min_child_weight": 3571.6632573777943, "num_boost_round": 7.0, "subsample": 0.621467700183652}, "datetime": {"datetime": "2024-01-20 16:54:16", "elapsed": 9024.560481, "delta": 0.005722}}
{"target": -19.142893184362933, "params": {"colsample_bytree": 0.5960927750555147, "eta": 0.06965845547011856, "gamma": 355.9464440230457, "max_depth": 2.0, "min_child_weight": 3571.6632573777943, "num_boost_round": 8.0, "subsample": 0.621467700183652}, "datetime": {"datetime": "2024-01-20 16:54:16", "elapsed": 9024.566481, "delta": 0.006}}
{"target": -19.142814230999463, "params": {"colsample_bytree": 0.5960927750555147, "eta": 0.06965845547011856, "gamma": 355.9464440230457, "max_depth": 2.0, "min_child_weight": 3571.6632573777943, "num_boost_round": 9.0, "subsample": 0.621467700183652}, "datetime": {"datetime": "2024-01-20 16:54:16", "elapsed": 9024.572362, "delta": 0.005881}}
{"target": -19.142988807096668, "params": {"colsample_bytree": 0.5960927750555147, "eta": 0.06965845547011856, "gamma": 355.9464440230457, "max_depth": 2.0, "min_child_weight": 3571.6632573777943, "num_boost_round": 10.0, "subsample": 0.621467700183652}, "datetime": {"datetime": "2024-01-20 16:54:16", "elapsed": 9024.578085, "delta": 0.005723}}
{"target": -19.142768178083625, "params": {"colsample_bytree": 0.5960927750555147, "eta": 0.06965845547011856, "gamma": 355.9464440230457, "max_depth": 2.0, "min_child_weight": 3571.6632573777943, "num_boost_round": 11.0, "subsample": 0.621467700183652}, "datetime": {"datetime": "2024-01-20 16:54:16", "elapsed": 9024.583843, "delta": 0.005758}}
{"target": -19.14270877114693, "params": {"colsample_bytree": 0.5960927750555147, "eta": 0.06965845547011856, "gamma": 355.9464440230457, "max_depth": 2.0, "min_child_weight": 3571.6632573777943, "num_boost_round": 12.0, "subsample": 0.621467700183652}, "datetime": {"datetime": "2024-01-20 16:54:16", "elapsed": 9024.589588, "delta": 0.005745}}
{"target": -19.143245162871814, "params": {"colsample_bytree": 0.5960927750555147, "eta": 0.06965845547011856, "gamma": 355.9464440230457, "max_depth": 2.0, "min_child_weight": 3571.6632573777943, "num_boost_round": 13.0, "subsample": 0.621467700183652}, "datetime": {"datetime": "2024-01-20 16:54:16", "elapsed": 9024.595294, "delta": 0.005706}}
{"target": -19.14369906886477, "params": {"colsample_bytree": 0.5960927750555147, "eta": 0.06965845547011856, "gamma": 355.9464440230457, "max_depth": 2.0, "min_child_weight": 3571.6632573777943, "num_boost_round": 14.0, "subsample": 0.621467700183652}, "datetime": {"datetime": "2024-01-20 16:54:16", "elapsed": 9024.601005, "delta": 0.005711}}
{"target": -19.144241203720206, "params": {"colsample_bytree": 0.5960927750555147, "eta": 0.06965845547011856, "gamma": 355.9464440230457, "max_depth": 2.0, "min_child_weight": 3571.6632573777943, "num_boost_round": 15.0, "subsample": 0.621467700183652}, "datetime": {"datetime": "2024-01-20 16:54:16", "elapsed": 9024.606804, "delta": 0.005799}}
{"target": -19.14400813796335, "params": {"colsample_bytree": 0.5960927750555147, "eta": 0.06965845547011856, "gamma": 355.9464440230457, "max_depth": 2.0, "min_child_weight": 3571.6632573777943, "num_boost_round": 16.0, "subsample": 0.621467700183652}, "datetime": {"datetime": "2024-01-20 16:54:16", "elapsed": 9024.612496, "delta": 0.005692}}
{"target": -19.143912974649723, "params": {"colsample_bytree": 0.5960927750555147, "eta": 0.06965845547011856, "gamma": 355.9464440230457, "max_depth": 2.0, "min_child_weight": 3571.6632573777943, "num_boost_round": 17.0, "subsample": 0.621467700183652}, "datetime": {"datetime": "2024-01-20 16:54:16", "elapsed": 9024.61835, "delta": 0.005854}}
{"target": -19.144476519123874, "params": {"colsample_bytree": 0.5960927750555147, "eta": 0.06965845547011856, "gamma": 355.9464440230457, "max_depth": 2.0, "min_child_weight": 3571.6632573777943, "num_boost_round": 18.0, "subsample": 0.621467700183652}, "datetime": {"datetime": "2024-01-20 16:54:16", "elapsed": 9024.624236, "delta": 0.005886}}
{"target": -19.14452590778935, "params": {"colsample_bytree": 0.5960927750555147, "eta": 0.06965845547011856, "gamma": 355.9464440230457, "max_depth": 2.0, "min_child_weight": 3571.6632573777943, "num_boost_round": 19.0, "subsample": 0.621467700183652}, "datetime": {"datetime": "2024-01-20 16:54:16", "elapsed": 9024.629949, "delta": 0.005713}}
{"target": -19.14408779983979, "params": {"colsample_bytree": 0.5960927750555147, "eta": 0.06965845547011856, "gamma": 355.9464440230457, "max_depth": 2.0, "min_child_weight": 3571.6632573777943, "num_boost_round": 20.0, "subsample": 0.621467700183652}, "datetime": {"datetime": "2024-01-20 16:54:16", "elapsed": 9024.635766, "delta": 0.005817}}
{"target": -19.14418027139547, "params": {"colsample_bytree": 0.5960927750555147, "eta": 0.06965845547011856, "gamma": 355.9464440230457, "max_depth": 2.0, "min_child_weight": 3571.6632573777943, "num_boost_round": 21.0, "subsample": 0.621467700183652}, "datetime": {"datetime": "2024-01-20 16:54:16", "elapsed": 9024.641609, "delta": 0.005843}}
{"target": -19.144176509662763, "params": {"colsample_bytree": 0.5960927750555147, "eta": 0.06965845547011856, "gamma": 355.9464440230457, "max_depth": 2.0, "min_child_weight": 3571.6632573777943, "num_boost_round": 22.0, "subsample": 0.621467700183652}, "datetime": {"datetime": "2024-01-20 16:54:16", "elapsed": 9024.647481, "delta": 0.005872}}
{"target": -19.143955670093682, "params": {"colsample_bytree": 0.5960927750555147, "eta": 0.06965845547011856, "gamma": 355.9464440230457, "max_depth": 2.0, "min_child_weight": 3571.6632573777943, "num_boost_round": 23.0, "subsample": 0.621467700183652}, "datetime": {"datetime": "2024-01-20 16:54:16", "elapsed": 9024.653189, "delta": 0.005708}}
{"target": -19.144118661500286, "params": {"colsample_bytree": 0.5960927750555147, "eta": 0.06965845547011856, "gamma": 355.9464440230457, "max_depth": 2.0, "min_child_weight": 3571.6632573777943, "num_boost_round": 24.0, "subsample": 0.621467700183652}, "datetime": {"datetime": "2024-01-20 16:54:17", "elapsed": 9024.952315, "delta": 0.299126}}
{"target": -19.144017602046112, "params": {"colsample_bytree": 0.9275783098917644, "eta": 0.08133491899656486, "gamma": 336.29768405905526, "max_depth": 8.0, "min_child_weight": 3604.680694241128, "num_boost_round": 1.0, "subsample": 0.9265606016253326}, "datetime": {"datetime": "2024-01-20 16:56:01", "elapsed": 9129.043625, "delta": 104.09131}}
{"target": -19.145439767396518, "params": {"colsample_bytree": 0.9275783098917644, "eta": 0.08133491899656486, "gamma": 336.29768405905526, "max_depth": 8.0, "min_child_weight": 3604.680694241128, "num_boost_round": 2.0, "subsample": 0.9265606016253326}, "datetime": {"datetime": "2024-01-20 16:56:01", "elapsed": 9129.049572, "delta": 0.005947}}
{"target": -19.14671113115363, "params": {"colsample_bytree": 0.9275783098917644, "eta": 0.08133491899656486, "gamma": 336.29768405905526, "max_depth": 8.0, "min_child_weight": 3604.680694241128, "num_boost_round": 3.0, "subsample": 0.9265606016253326}, "datetime": {"datetime": "2024-01-20 16:56:01", "elapsed": 9129.05513, "delta": 0.005558}}
{"target": -19.148341492118405, "params": {"colsample_bytree": 0.9275783098917644, "eta": 0.08133491899656486, "gamma": 336.29768405905526, "max_depth": 8.0, "min_child_weight": 3604.680694241128, "num_boost_round": 4.0, "subsample": 0.9265606016253326}, "datetime": {"datetime": "2024-01-20 16:56:01", "elapsed": 9129.06066, "delta": 0.00553}}
{"target": -19.149618439913876, "params": {"colsample_bytree": 0.9275783098917644, "eta": 0.08133491899656486, "gamma": 336.29768405905526, "max_depth": 8.0, "min_child_weight": 3604.680694241128, "num_boost_round": 5.0, "subsample": 0.9265606016253326}, "datetime": {"datetime": "2024-01-20 16:56:01", "elapsed": 9129.066206, "delta": 0.005546}}
{"target": -19.15147187100573, "params": {"colsample_bytree": 0.9275783098917644, "eta": 0.08133491899656486, "gamma": 336.29768405905526, "max_depth": 8.0, "min_child_weight": 3604.680694241128, "num_boost_round": 6.0, "subsample": 0.9265606016253326}, "datetime": {"datetime": "2024-01-20 16:56:01", "elapsed": 9129.071874, "delta": 0.005668}}
{"target": -19.15315837869218, "params": {"colsample_bytree": 0.9275783098917644, "eta": 0.08133491899656486, "gamma": 336.29768405905526, "max_depth": 8.0, "min_child_weight": 3604.680694241128, "num_boost_round": 7.0, "subsample": 0.9265606016253326}, "datetime": {"datetime": "2024-01-20 16:56:01", "elapsed": 9129.077241, "delta": 0.005367}}
{"target": -19.154936495155336, "params": {"colsample_bytree": 0.9275783098917644, "eta": 0.08133491899656486, "gamma": 336.29768405905526, "max_depth": 8.0, "min_child_weight": 3604.680694241128, "num_boost_round": 8.0, "subsample": 0.9265606016253326}, "datetime": {"datetime": "2024-01-20 16:56:01", "elapsed": 9129.082679, "delta": 0.005438}}
{"target": -19.156400183853997, "params": {"colsample_bytree": 0.9275783098917644, "eta": 0.08133491899656486, "gamma": 336.29768405905526, "max_depth": 8.0, "min_child_weight": 3604.680694241128, "num_boost_round": 9.0, "subsample": 0.9265606016253326}, "datetime": {"datetime": "2024-01-20 16:56:01", "elapsed": 9129.088168, "delta": 0.005489}}
{"target": -19.158023502695293, "params": {"colsample_bytree": 0.9275783098917644, "eta": 0.08133491899656486, "gamma": 336.29768405905526, "max_depth": 8.0, "min_child_weight": 3604.680694241128, "num_boost_round": 10.0, "subsample": 0.9265606016253326}, "datetime": {"datetime": "2024-01-20 16:56:01", "elapsed": 9129.093794, "delta": 0.005626}}
{"target": -19.15918939487372, "params": {"colsample_bytree": 0.9275783098917644, "eta": 0.08133491899656486, "gamma": 336.29768405905526, "max_depth": 8.0, "min_child_weight": 3604.680694241128, "num_boost_round": 11.0, "subsample": 0.9265606016253326}, "datetime": {"datetime": "2024-01-20 16:56:01", "elapsed": 9129.099186, "delta": 0.005392}}
{"target": -19.15996920768597, "params": {"colsample_bytree": 0.9275783098917644, "eta": 0.08133491899656486, "gamma": 336.29768405905526, "max_depth": 8.0, "min_child_weight": 3604.680694241128, "num_boost_round": 12.0, "subsample": 0.9265606016253326}, "datetime": {"datetime": "2024-01-20 16:56:01", "elapsed": 9129.104674, "delta": 0.005488}}
